<?xml version="1.0" encoding="UTF-8"?>
<testsuite xmlns:xsi="http://www.w3.org/2001/XMLSchema-instance" xsi:noNamespaceSchemaLocation="https://maven.apache.org/surefire/maven-surefire-plugin/xsd/surefire-test-report-3.0.xsd" version="3.0" name="org.apache.hadoop.ozone.scm.pipeline.TestPipelineManagerMXBean" time="26.652" tests="1" errors="0" skipped="0" failures="1">
  <properties>
    <property name="awt.toolkit" value="sun.awt.X11.XToolkit"/>
    <property name="file.encoding.pkg" value="sun.io"/>
    <property name="java.specification.version" value="1.8"/>
    <property name="sun.cpu.isalist" value=""/>
    <property name="sun.jnu.encoding" value="UTF-8"/>
    <property name="java.class.path" value="/home/runner/work/ozone/ozone/hadoop-ozone/integration-test/target/test-classes:/home/runner/work/ozone/ozone/hadoop-ozone/integration-test/target/classes:/home/runner/.m2/repository/org/apache/ozone/ozone-common/1.4.0-SNAPSHOT/ozone-common-1.4.0-SNAPSHOT.jar:/home/runner/.m2/repository/io/grpc/grpc-netty/1.51.1/grpc-netty-1.51.1.jar:/home/runner/.m2/repository/io/grpc/grpc-core/1.51.1/grpc-core-1.51.1.jar:/home/runner/.m2/repository/com/google/android/annotations/4.1.1.4/annotations-4.1.1.4.jar:/home/runner/.m2/repository/org/codehaus/mojo/animal-sniffer-annotations/1.21/animal-sniffer-annotations-1.21.jar:/home/runner/.m2/repository/com/google/errorprone/error_prone_annotations/2.2.0/error_prone_annotations-2.2.0.jar:/home/runner/.m2/repository/io/perfmark/perfmark-api/0.25.0/perfmark-api-0.25.0.jar:/home/runner/.m2/repository/io/netty/netty-codec-http2/4.1.86.Final/netty-codec-http2-4.1.86.Final.jar:/home/runner/.m2/repository/io/netty/netty-common/4.1.86.Final/netty-common-4.1.86.Final.jar:/home/runner/.m2/repository/io/netty/netty-buffer/4.1.86.Final/netty-buffer-4.1.86.Final.jar:/home/runner/.m2/repository/io/netty/netty-codec-http/4.1.86.Final/netty-codec-http-4.1.86.Final.jar:/home/runner/.m2/repository/io/netty/netty-handler-proxy/4.1.86.Final/netty-handler-proxy-4.1.86.Final.jar:/home/runner/.m2/repository/io/netty/netty-codec-socks/4.1.86.Final/netty-codec-socks-4.1.86.Final.jar:/home/runner/.m2/repository/io/netty/netty-tcnative-boringssl-static/2.0.54.Final/netty-tcnative-boringssl-static-2.0.54.Final.jar:/home/runner/.m2/repository/io/netty/netty-tcnative-classes/2.0.54.Final/netty-tcnative-classes-2.0.54.Final.jar:/home/runner/.m2/repository/io/netty/netty-tcnative-boringssl-static/2.0.54.Final/netty-tcnative-boringssl-static-2.0.54.Final-linux-x86_64.jar:/home/runner/.m2/repository/io/netty/netty-tcnative-boringssl-static/2.0.54.Final/netty-tcnative-boringssl-static-2.0.54.Final-linux-aarch_64.jar:/home/runner/.m2/repository/io/netty/netty-tcnative-boringssl-static/2.0.54.Final/netty-tcnative-boringssl-static-2.0.54.Final-osx-x86_64.jar:/home/runner/.m2/repository/io/netty/netty-tcnative-boringssl-static/2.0.54.Final/netty-tcnative-boringssl-static-2.0.54.Final-osx-aarch_64.jar:/home/runner/.m2/repository/io/netty/netty-tcnative-boringssl-static/2.0.54.Final/netty-tcnative-boringssl-static-2.0.54.Final-windows-x86_64.jar:/home/runner/.m2/repository/org/apache/commons/commons-compress/1.21/commons-compress-1.21.jar:/home/runner/.m2/repository/org/apache/ozone/hdds-common/1.4.0-SNAPSHOT/hdds-common-1.4.0-SNAPSHOT.jar:/home/runner/.m2/repository/org/apache/ozone/hdds-client/1.4.0-SNAPSHOT/hdds-client-1.4.0-SNAPSHOT.jar:/home/runner/.m2/repository/org/apache/ozone/ozone-interface-client/1.4.0-SNAPSHOT/ozone-interface-client-1.4.0-SNAPSHOT.jar:/home/runner/.m2/repository/org/apache/hadoop/hadoop-hdfs-client/3.3.5/hadoop-hdfs-client-3.3.5.jar:/home/runner/.m2/repository/com/squareup/okhttp3/okhttp/4.9.3/okhttp-4.9.3.jar:/home/runner/.m2/repository/com/squareup/okio/okio/2.8.0/okio-2.8.0.jar:/home/runner/.m2/repository/org/jetbrains/kotlin/kotlin-stdlib-common/1.6.21/kotlin-stdlib-common-1.6.21.jar:/home/runner/.m2/repository/org/apache/ozone/hdds-test-utils/1.4.0-SNAPSHOT/hdds-test-utils-1.4.0-SNAPSHOT.jar:/home/runner/.m2/repository/com/google/guava/guava/31.1-jre/guava-31.1-jre.jar:/home/runner/.m2/repository/com/google/guava/failureaccess/1.0.1/failureaccess-1.0.1.jar:/home/runner/.m2/repository/com/google/guava/listenablefuture/9999.0-empty-to-avoid-conflict-with-guava/listenablefuture-9999.0-empty-to-avoid-conflict-with-guava.jar:/home/runner/.m2/repository/com/google/code/findbugs/jsr305/3.0.0/jsr305-3.0.0.jar:/home/runner/.m2/repository/org/checkerframework/checker-qual/3.12.0/checker-qual-3.12.0.jar:/home/runner/.m2/repository/com/google/j2objc/j2objc-annotations/1.3/j2objc-annotations-1.3.jar:/home/runner/.m2/repository/commons-io/commons-io/2.11.0/commons-io-2.11.0.jar:/home/runner/.m2/repository/commons-logging/commons-logging/1.2/commons-logging-1.2.jar:/home/runner/.m2/repository/ch/qos/reload4j/reload4j/1.2.22/reload4j-1.2.22.jar:/home/runner/.m2/repository/org/slf4j/slf4j-api/1.7.36/slf4j-api-1.7.36.jar:/home/runner/.m2/repository/org/apache/ozone/hdds-server-scm/1.4.0-SNAPSHOT/hdds-server-scm-1.4.0-SNAPSHOT.jar:/home/runner/.m2/repository/org/apache/ozone/hdds-container-service/1.4.0-SNAPSHOT/hdds-container-service-1.4.0-SNAPSHOT.jar:/home/runner/.m2/repository/org/apache/ozone/hdds-hadoop-dependency-server/1.4.0-SNAPSHOT/hdds-hadoop-dependency-server-1.4.0-SNAPSHOT.jar:/home/runner/.m2/repository/org/apache/hadoop/hadoop-hdfs/3.3.5/hadoop-hdfs-3.3.5.jar:/home/runner/.m2/repository/commons-daemon/commons-daemon/1.0.13/commons-daemon-1.0.13.jar:/home/runner/.m2/repository/org/apache/ozone/hdds-server-framework/1.4.0-SNAPSHOT/hdds-server-framework-1.4.0-SNAPSHOT.jar:/home/runner/.m2/repository/io/dropwizard/metrics/metrics-core/3.2.4/metrics-core-3.2.4.jar:/home/runner/.m2/repository/org/apache/commons/commons-text/1.4/commons-text-1.4.jar:/home/runner/.m2/repository/org/bouncycastle/bcprov-jdk15on/1.67/bcprov-jdk15on-1.67.jar:/home/runner/.m2/repository/com/google/protobuf/protobuf-java/2.5.0/protobuf-java-2.5.0.jar:/home/runner/.m2/repository/org/apache/ozone/hdds-server-framework/1.4.0-SNAPSHOT/hdds-server-framework-1.4.0-SNAPSHOT-tests.jar:/home/runner/.m2/repository/org/apache/ozone/hdds-interface-server/1.4.0-SNAPSHOT/hdds-interface-server-1.4.0-SNAPSHOT.jar:/home/runner/.m2/repository/org/apache/ozone/hdds-interface-admin/1.4.0-SNAPSHOT/hdds-interface-admin-1.4.0-SNAPSHOT.jar:/home/runner/.m2/repository/org/apache/ozone/hdds-managed-rocksdb/1.4.0-SNAPSHOT/hdds-managed-rocksdb-1.4.0-SNAPSHOT.jar:/home/runner/.m2/repository/org/rocksdb/rocksdbjni/7.7.3/rocksdbjni-7.7.3.jar:/home/runner/.m2/repository/org/slf4j/slf4j-reload4j/1.7.36/slf4j-reload4j-1.7.36.jar:/home/runner/.m2/repository/org/apache/commons/commons-configuration2/2.1.1/commons-configuration2-2.1.1.jar:/home/runner/.m2/repository/org/apache/logging/log4j/log4j-core/2.17.1/log4j-core-2.17.1.jar:/home/runner/.m2/repository/com/lmax/disruptor/3.4.2/disruptor-3.4.2.jar:/home/runner/.m2/repository/org/eclipse/jetty/jetty-util/9.4.51.v20230217/jetty-util-9.4.51.v20230217.jar:/home/runner/.m2/repository/org/eclipse/jetty/jetty-server/9.4.51.v20230217/jetty-server-9.4.51.v20230217.jar:/home/runner/.m2/repository/org/eclipse/jetty/jetty-http/9.4.51.v20230217/jetty-http-9.4.51.v20230217.jar:/home/runner/.m2/repository/org/eclipse/jetty/jetty-io/9.4.51.v20230217/jetty-io-9.4.51.v20230217.jar:/home/runner/.m2/repository/org/eclipse/jetty/jetty-servlet/9.4.51.v20230217/jetty-servlet-9.4.51.v20230217.jar:/home/runner/.m2/repository/org/eclipse/jetty/jetty-security/9.4.51.v20230217/jetty-security-9.4.51.v20230217.jar:/home/runner/.m2/repository/org/eclipse/jetty/jetty-util-ajax/9.4.51.v20230217/jetty-util-ajax-9.4.51.v20230217.jar:/home/runner/.m2/repository/org/eclipse/jetty/jetty-webapp/9.4.51.v20230217/jetty-webapp-9.4.51.v20230217.jar:/home/runner/.m2/repository/org/eclipse/jetty/jetty-xml/9.4.51.v20230217/jetty-xml-9.4.51.v20230217.jar:/home/runner/.m2/repository/org/apache/ratis/ratis-server/2.4.2-8b8bdda-SNAPSHOT/ratis-server-2.4.2-8b8bdda-SNAPSHOT.jar:/home/runner/.m2/repository/org/apache/ratis/ratis-thirdparty-misc/1.0.3/ratis-thirdparty-misc-1.0.3.jar:/home/runner/.m2/repository/org/apache/ratis/ratis-proto/2.4.2-8b8bdda-SNAPSHOT/ratis-proto-2.4.2-8b8bdda-SNAPSHOT.jar:/home/runner/.m2/repository/org/apache/ratis/ratis-common/2.4.2-8b8bdda-SNAPSHOT/ratis-common-2.4.2-8b8bdda-SNAPSHOT.jar:/home/runner/.m2/repository/org/apache/ratis/ratis-client/2.4.2-8b8bdda-SNAPSHOT/ratis-client-2.4.2-8b8bdda-SNAPSHOT.jar:/home/runner/.m2/repository/org/apache/ratis/ratis-server-api/2.4.2-8b8bdda-SNAPSHOT/ratis-server-api-2.4.2-8b8bdda-SNAPSHOT.jar:/home/runner/.m2/repository/org/apache/ratis/ratis-metrics/2.4.2-8b8bdda-SNAPSHOT/ratis-metrics-2.4.2-8b8bdda-SNAPSHOT.jar:/home/runner/.m2/repository/io/prometheus/simpleclient_dropwizard/0.7.0/simpleclient_dropwizard-0.7.0.jar:/home/runner/.m2/repository/io/prometheus/simpleclient/0.7.0/simpleclient-0.7.0.jar:/home/runner/.m2/repository/io/prometheus/simpleclient_common/0.7.0/simpleclient_common-0.7.0.jar:/home/runner/.m2/repository/com/fasterxml/jackson/datatype/jackson-datatype-jsr310/2.13.4/jackson-datatype-jsr310-2.13.4.jar:/home/runner/.m2/repository/com/fasterxml/jackson/core/jackson-core/2.13.4/jackson-core-2.13.4.jar:/home/runner/.m2/repository/com/github/spotbugs/spotbugs-annotations/3.1.12/spotbugs-annotations-3.1.12.jar:/home/runner/.m2/repository/org/apache/ozone/rocksdb-checkpoint-differ/1.4.0-SNAPSHOT/rocksdb-checkpoint-differ-1.4.0-SNAPSHOT.jar:/home/runner/.m2/repository/org/awaitility/awaitility/4.2.0/awaitility-4.2.0.jar:/home/runner/.m2/repository/org/hamcrest/hamcrest/2.1/hamcrest-2.1.jar:/home/runner/.m2/repository/org/apache/ozone/ozone-manager/1.4.0-SNAPSHOT/ozone-manager-1.4.0-SNAPSHOT.jar:/home/runner/.m2/repository/org/aspectj/aspectjrt/1.9.7/aspectjrt-1.9.7.jar:/home/runner/.m2/repository/org/aspectj/aspectjweaver/1.9.7/aspectjweaver-1.9.7.jar:/home/runner/.m2/repository/org/apache/ozone/hdds-interface-client/1.4.0-SNAPSHOT/hdds-interface-client-1.4.0-SNAPSHOT.jar:/home/runner/.m2/repository/org/apache/hadoop/thirdparty/hadoop-shaded-protobuf_3_7/1.1.1/hadoop-shaded-protobuf_3_7-1.1.1.jar:/home/runner/.m2/repository/org/apache/ozone/ozone-interface-storage/1.4.0-SNAPSHOT/ozone-interface-storage-1.4.0-SNAPSHOT.jar:/home/runner/.m2/repository/org/reflections/reflections/0.9.11/reflections-0.9.11.jar:/home/runner/.m2/repository/com/sun/jersey/jersey-client/1.19/jersey-client-1.19.jar:/home/runner/.m2/repository/org/codehaus/jackson/jackson-core-asl/1.9.13/jackson-core-asl-1.9.13.jar:/home/runner/.m2/repository/org/codehaus/jackson/jackson-mapper-asl/1.9.13/jackson-mapper-asl-1.9.13.jar:/home/runner/.m2/repository/org/codehaus/jackson/jackson-jaxrs/1.9.13/jackson-jaxrs-1.9.13.jar:/home/runner/.m2/repository/org/apache/ranger/ranger-intg/2.3.0/ranger-intg-2.3.0.jar:/home/runner/.m2/repository/org/apache/ranger/ranger-plugins-common/2.3.0/ranger-plugins-common-2.3.0.jar:/home/runner/.m2/repository/commons-lang/commons-lang/2.6/commons-lang-2.6.jar:/home/runner/.m2/repository/org/apache/ranger/ranger-plugins-cred/2.3.0/ranger-plugins-cred-2.3.0.jar:/home/runner/.m2/repository/org/apache/ranger/ranger-plugins-audit/2.3.0/ranger-plugins-audit-2.3.0.jar:/home/runner/.m2/repository/org/eclipse/jetty/jetty-client/9.4.51.v20230217/jetty-client-9.4.51.v20230217.jar:/home/runner/.m2/repository/org/apache/httpcomponents/httpmime/4.5.6/httpmime-4.5.6.jar:/home/runner/.m2/repository/org/apache/httpcomponents/httpcore-nio/4.4.13/httpcore-nio-4.4.13.jar:/home/runner/.m2/repository/org/apache/httpcomponents/httpasyncclient/4.1.3/httpasyncclient-4.1.3.jar:/home/runner/.m2/repository/com/carrotsearch/hppc/0.8.0/hppc-0.8.0.jar:/home/runner/.m2/repository/org/apache/orc/orc-core/1.5.8/orc-core-1.5.8.jar:/home/runner/.m2/repository/net/java/dev/jna/jna/5.2.0/jna-5.2.0.jar:/home/runner/.m2/repository/net/java/dev/jna/jna-platform/5.2.0/jna-platform-5.2.0.jar:/home/runner/.m2/repository/com/kstruct/gethostname4j/0.0.2/gethostname4j-0.0.2.jar:/home/runner/.m2/repository/org/apache/ranger/ranger-plugin-classloader/2.3.0/ranger-plugin-classloader-2.3.0.jar:/home/runner/.m2/repository/org/apache/ozone/hdds-rocks-native/1.4.0-SNAPSHOT/hdds-rocks-native-1.4.0-SNAPSHOT.jar:/home/runner/.m2/repository/org/apache/hadoop/hadoop-minikdc/3.3.5/hadoop-minikdc-3.3.5.jar:/home/runner/.m2/repository/org/apache/kerby/kerb-simplekdc/1.0.1/kerb-simplekdc-1.0.1.jar:/home/runner/.m2/repository/org/apache/kerby/kerb-client/1.0.1/kerb-client-1.0.1.jar:/home/runner/.m2/repository/org/apache/kerby/kerby-config/1.0.1/kerby-config-1.0.1.jar:/home/runner/.m2/repository/org/apache/kerby/kerb-common/1.0.1/kerb-common-1.0.1.jar:/home/runner/.m2/repository/org/apache/kerby/kerb-crypto/1.0.1/kerb-crypto-1.0.1.jar:/home/runner/.m2/repository/org/apache/kerby/kerb-util/1.0.1/kerb-util-1.0.1.jar:/home/runner/.m2/repository/org/apache/kerby/token-provider/1.0.1/token-provider-1.0.1.jar:/home/runner/.m2/repository/org/apache/kerby/kerb-admin/1.0.1/kerb-admin-1.0.1.jar:/home/runner/.m2/repository/org/apache/kerby/kerb-server/1.0.1/kerb-server-1.0.1.jar:/home/runner/.m2/repository/org/apache/kerby/kerb-identity/1.0.1/kerb-identity-1.0.1.jar:/home/runner/.m2/repository/org/apache/kerby/kerby-xdr/1.0.1/kerby-xdr-1.0.1.jar:/home/runner/.m2/repository/org/apache/ozone/ozone-s3gateway/1.4.0-SNAPSHOT/ozone-s3gateway-1.4.0-SNAPSHOT.jar:/home/runner/.m2/repository/org/javassist/javassist/3.21.0-GA/javassist-3.21.0-GA.jar:/home/runner/.m2/repository/org/jboss/weld/servlet/weld-servlet-shaded/3.1.9.Final/weld-servlet-shaded-3.1.9.Final.jar:/home/runner/.m2/repository/org/glassfish/jersey/containers/jersey-container-servlet-core/2.34/jersey-container-servlet-core-2.34.jar:/home/runner/.m2/repository/org/glassfish/hk2/external/jakarta.inject/2.6.1/jakarta.inject-2.6.1.jar:/home/runner/.m2/repository/org/glassfish/jersey/core/jersey-common/2.34/jersey-common-2.34.jar:/home/runner/.m2/repository/jakarta/ws/rs/jakarta.ws.rs-api/2.1.6/jakarta.ws.rs-api-2.1.6.jar:/home/runner/.m2/repository/org/glassfish/jersey/ext/cdi/jersey-cdi1x/2.34/jersey-cdi1x-2.34.jar:/home/runner/.m2/repository/org/glassfish/jersey/inject/jersey-hk2/2.34/jersey-hk2-2.34.jar:/home/runner/.m2/repository/org/glassfish/hk2/hk2-locator/2.6.1/hk2-locator-2.6.1.jar:/home/runner/.m2/repository/org/glassfish/jersey/media/jersey-media-jaxb/2.34/jersey-media-jaxb-2.34.jar:/home/runner/.m2/repository/org/glassfish/hk2/osgi-resource-locator/1.0.3/osgi-resource-locator-1.0.3.jar:/home/runner/.m2/repository/org/glassfish/hk2/hk2-api/2.5.0/hk2-api-2.5.0.jar:/home/runner/.m2/repository/org/glassfish/hk2/hk2-utils/2.5.0/hk2-utils-2.5.0.jar:/home/runner/.m2/repository/org/glassfish/hk2/external/aopalliance-repackaged/2.5.0/aopalliance-repackaged-2.5.0.jar:/home/runner/.m2/repository/com/fasterxml/jackson/dataformat/jackson-dataformat-xml/2.13.4/jackson-dataformat-xml-2.13.4.jar:/home/runner/.m2/repository/org/codehaus/woodstox/stax2-api/4.2.1/stax2-api-4.2.1.jar:/home/runner/.m2/repository/com/fasterxml/woodstox/woodstox-core/5.4.0/woodstox-core-5.4.0.jar:/home/runner/.m2/repository/com/fasterxml/jackson/module/jackson-module-jaxb-annotations/2.13.4/jackson-module-jaxb-annotations-2.13.4.jar:/home/runner/.m2/repository/jakarta/xml/bind/jakarta.xml.bind-api/2.3.3/jakarta.xml.bind-api-2.3.3.jar:/home/runner/.m2/repository/jakarta/activation/jakarta.activation-api/1.2.2/jakarta.activation-api-1.2.2.jar:/home/runner/.m2/repository/javax/enterprise/cdi-api/2.0/cdi-api-2.0.jar:/home/runner/.m2/repository/javax/el/javax.el-api/3.0.0/javax.el-api-3.0.0.jar:/home/runner/.m2/repository/javax/interceptor/javax.interceptor-api/1.2/javax.interceptor-api-1.2.jar:/home/runner/.m2/repository/javax/inject/javax.inject/1/javax.inject-1.jar:/home/runner/.m2/repository/javax/xml/bind/jaxb-api/2.3.0/jaxb-api-2.3.0.jar:/home/runner/.m2/repository/org/glassfish/jaxb/jaxb-runtime/2.3.0.1/jaxb-runtime-2.3.0.1.jar:/home/runner/.m2/repository/org/glassfish/jaxb/jaxb-core/2.3.0.1/jaxb-core-2.3.0.1.jar:/home/runner/.m2/repository/org/glassfish/jaxb/txw2/2.3.0.1/txw2-2.3.0.1.jar:/home/runner/.m2/repository/com/sun/istack/istack-commons-runtime/3.0.5/istack-commons-runtime-3.0.5.jar:/home/runner/.m2/repository/org/jvnet/staxex/stax-ex/1.7.8/stax-ex-1.7.8.jar:/home/runner/.m2/repository/com/sun/xml/fastinfoset/FastInfoset/1.2.13/FastInfoset-1.2.13.jar:/home/runner/.m2/repository/javax/activation/activation/1.1.1/activation-1.1.1.jar:/home/runner/.m2/repository/io/grpc/grpc-protobuf/1.51.1/grpc-protobuf-1.51.1.jar:/home/runner/.m2/repository/io/grpc/grpc-api/1.51.1/grpc-api-1.51.1.jar:/home/runner/.m2/repository/io/grpc/grpc-context/1.51.1/grpc-context-1.51.1.jar:/home/runner/.m2/repository/com/google/api/grpc/proto-google-common-protos/2.9.0/proto-google-common-protos-2.9.0.jar:/home/runner/.m2/repository/io/grpc/grpc-protobuf-lite/1.51.1/grpc-protobuf-lite-1.51.1.jar:/home/runner/.m2/repository/io/grpc/grpc-stub/1.51.1/grpc-stub-1.51.1.jar:/home/runner/.m2/repository/io/netty/netty-transport/4.1.86.Final/netty-transport-4.1.86.Final.jar:/home/runner/.m2/repository/io/netty/netty-resolver/4.1.86.Final/netty-resolver-4.1.86.Final.jar:/home/runner/.m2/repository/org/apache/ozone/ozone-csi/1.4.0-SNAPSHOT/ozone-csi-1.4.0-SNAPSHOT.jar:/home/runner/.m2/repository/com/google/protobuf/protobuf-java-util/3.19.6/protobuf-java-util-3.19.6.jar:/home/runner/.m2/repository/com/google/code/gson/gson/2.9.0/gson-2.9.0.jar:/home/runner/.m2/repository/org/apache/ozone/hdds-config/1.4.0-SNAPSHOT/hdds-config-1.4.0-SNAPSHOT.jar:/home/runner/.m2/repository/io/netty/netty-transport-native-epoll/4.1.86.Final/netty-transport-native-epoll-4.1.86.Final-linux-x86_64.jar:/home/runner/.m2/repository/io/netty/netty-transport-classes-epoll/4.1.86.Final/netty-transport-classes-epoll-4.1.86.Final.jar:/home/runner/.m2/repository/io/netty/netty-transport-native-unix-common/4.1.86.Final/netty-transport-native-unix-common-4.1.86.Final.jar:/home/runner/.m2/repository/org/apache/ozone/ozone-recon/1.4.0-SNAPSHOT/ozone-recon-1.4.0-SNAPSHOT.jar:/home/runner/.m2/repository/org/apache/ozone/ozone-reconcodegen/1.4.0-SNAPSHOT/ozone-reconcodegen-1.4.0-SNAPSHOT.jar:/home/runner/.m2/repository/com/google/inject/guice/5.1.0/guice-5.1.0.jar:/home/runner/.m2/repository/aopalliance/aopalliance/1.0/aopalliance-1.0.jar:/home/runner/.m2/repository/com/google/inject/extensions/guice-assistedinject/5.1.0/guice-assistedinject-5.1.0.jar:/home/runner/.m2/repository/com/google/inject/extensions/guice-servlet/5.1.0/guice-servlet-5.1.0.jar:/home/runner/.m2/repository/org/glassfish/jersey/containers/jersey-container-servlet/2.34/jersey-container-servlet-2.34.jar:/home/runner/.m2/repository/org/glassfish/hk2/guice-bridge/2.5.0/guice-bridge-2.5.0.jar:/home/runner/.m2/repository/org/glassfish/jersey/core/jersey-server/2.34/jersey-server-2.34.jar:/home/runner/.m2/repository/org/glassfish/jersey/core/jersey-client/2.34/jersey-client-2.34.jar:/home/runner/.m2/repository/jakarta/annotation/jakarta.annotation-api/1.3.5/jakarta.annotation-api-1.3.5.jar:/home/runner/.m2/repository/jakarta/validation/jakarta.validation-api/2.0.2/jakarta.validation-api-2.0.2.jar:/home/runner/.m2/repository/org/glassfish/jersey/media/jersey-media-json-jackson/2.34/jersey-media-json-jackson-2.34.jar:/home/runner/.m2/repository/org/glassfish/jersey/ext/jersey-entity-filtering/2.34/jersey-entity-filtering-2.34.jar:/home/runner/.m2/repository/org/jooq/jooq/3.11.10/jooq-3.11.10.jar:/home/runner/.m2/repository/org/jooq/jooq-meta/3.11.10/jooq-meta-3.11.10.jar:/home/runner/.m2/repository/org/jooq/jooq-codegen/3.11.10/jooq-codegen-3.11.10.jar:/home/runner/.m2/repository/com/jolbox/bonecp/0.8.0.RELEASE/bonecp-0.8.0.RELEASE.jar:/home/runner/.m2/repository/org/apache/derby/derby/10.14.2.0/derby-10.14.2.0.jar:/home/runner/.m2/repository/org/xerial/sqlite-jdbc/3.25.2/sqlite-jdbc-3.25.2.jar:/home/runner/.m2/repository/org/springframework/spring-jdbc/5.3.26/spring-jdbc-5.3.26.jar:/home/runner/.m2/repository/org/springframework/spring-beans/5.3.26/spring-beans-5.3.26.jar:/home/runner/.m2/repository/org/springframework/spring-core/5.3.26/spring-core-5.3.26.jar:/home/runner/.m2/repository/org/springframework/spring-tx/5.3.26/spring-tx-5.3.26.jar:/home/runner/.m2/repository/org/apache/ozone/ozone-client/1.4.0-SNAPSHOT/ozone-client-1.4.0-SNAPSHOT.jar:/home/runner/.m2/repository/org/apache/ozone/hdds-erasurecode/1.4.0-SNAPSHOT/hdds-erasurecode-1.4.0-SNAPSHOT.jar:/home/runner/.m2/repository/org/apache/ozone/ozone-filesystem/1.4.0-SNAPSHOT/ozone-filesystem-1.4.0-SNAPSHOT.jar:/home/runner/.m2/repository/org/apache/ozone/ozone-filesystem-common/1.4.0-SNAPSHOT/ozone-filesystem-common-1.4.0-SNAPSHOT.jar:/home/runner/.m2/repository/org/apache/ozone/ozone-tools/1.4.0-SNAPSHOT/ozone-tools-1.4.0-SNAPSHOT.jar:/home/runner/.m2/repository/com/amazonaws/aws-java-sdk-core/1.12.261/aws-java-sdk-core-1.12.261.jar:/home/runner/.m2/repository/org/apache/httpcomponents/httpclient/4.5.13/httpclient-4.5.13.jar:/home/runner/.m2/repository/org/apache/httpcomponents/httpcore/4.4.13/httpcore-4.4.13.jar:/home/runner/.m2/repository/software/amazon/ion/ion-java/1.0.2/ion-java-1.0.2.jar:/home/runner/.m2/repository/com/fasterxml/jackson/dataformat/jackson-dataformat-cbor/2.13.4/jackson-dataformat-cbor-2.13.4.jar:/home/runner/.m2/repository/joda-time/joda-time/2.10.6/joda-time-2.10.6.jar:/home/runner/.m2/repository/com/amazonaws/aws-java-sdk-s3/1.12.261/aws-java-sdk-s3-1.12.261.jar:/home/runner/.m2/repository/com/amazonaws/aws-java-sdk-kms/1.12.261/aws-java-sdk-kms-1.12.261.jar:/home/runner/.m2/repository/com/amazonaws/jmespath-java/1.12.261/jmespath-java-1.12.261.jar:/home/runner/.m2/repository/org/kohsuke/metainf-services/metainf-services/1.8/metainf-services-1.8.jar:/home/runner/.m2/repository/org/apache/ozone/hdds-tools/1.4.0-SNAPSHOT/hdds-tools-1.4.0-SNAPSHOT.jar:/home/runner/.m2/repository/org/apache/ratis/ratis-tools/2.4.2-8b8bdda-SNAPSHOT/ratis-tools-2.4.2-8b8bdda-SNAPSHOT.jar:/home/runner/.m2/repository/commons-cli/commons-cli/1.2/commons-cli-1.2.jar:/home/runner/.m2/repository/org/apache/commons/commons-lang3/3.7/commons-lang3-3.7.jar:/home/runner/.m2/repository/org/apache/ozone/ozone-manager/1.4.0-SNAPSHOT/ozone-manager-1.4.0-SNAPSHOT-tests.jar:/home/runner/.m2/repository/org/apache/ozone/hdds-common/1.4.0-SNAPSHOT/hdds-common-1.4.0-SNAPSHOT-tests.jar:/home/runner/.m2/repository/org/apache/ozone/hdds-hadoop-dependency-client/1.4.0-SNAPSHOT/hdds-hadoop-dependency-client-1.4.0-SNAPSHOT.jar:/home/runner/.m2/repository/info/picocli/picocli/4.6.1/picocli-4.6.1.jar:/home/runner/.m2/repository/com/fasterxml/jackson/core/jackson-annotations/2.13.4/jackson-annotations-2.13.4.jar:/home/runner/.m2/repository/org/apache/ozone/hdds-annotation-processing/1.4.0-SNAPSHOT/hdds-annotation-processing-1.4.0-SNAPSHOT.jar:/home/runner/.m2/repository/javax/annotation/javax.annotation-api/1.2/javax.annotation-api-1.2.jar:/home/runner/.m2/repository/org/apache/ratis/ratis-netty/2.4.2-8b8bdda-SNAPSHOT/ratis-netty-2.4.2-8b8bdda-SNAPSHOT.jar:/home/runner/.m2/repository/org/apache/ratis/ratis-grpc/2.4.2-8b8bdda-SNAPSHOT/ratis-grpc-2.4.2-8b8bdda-SNAPSHOT.jar:/home/runner/.m2/repository/org/apache/logging/log4j/log4j-api/2.17.1/log4j-api-2.17.1.jar:/home/runner/.m2/repository/org/apache/commons/commons-pool2/2.6.0/commons-pool2-2.6.0.jar:/home/runner/.m2/repository/org/bouncycastle/bcpkix-jdk15on/1.67/bcpkix-jdk15on-1.67.jar:/home/runner/.m2/repository/commons-validator/commons-validator/1.6/commons-validator-1.6.jar:/home/runner/.m2/repository/commons-beanutils/commons-beanutils/1.9.4/commons-beanutils-1.9.4.jar:/home/runner/.m2/repository/commons-digester/commons-digester/1.8.1/commons-digester-1.8.1.jar:/home/runner/.m2/repository/commons-collections/commons-collections/3.2.2/commons-collections-3.2.2.jar:/home/runner/.m2/repository/io/jaegertracing/jaeger-client/1.6.0/jaeger-client-1.6.0.jar:/home/runner/.m2/repository/io/jaegertracing/jaeger-thrift/1.6.0/jaeger-thrift-1.6.0.jar:/home/runner/.m2/repository/org/apache/thrift/libthrift/0.14.1/libthrift-0.14.1.jar:/home/runner/.m2/repository/io/jaegertracing/jaeger-core/1.6.0/jaeger-core-1.6.0.jar:/home/runner/.m2/repository/io/jaegertracing/jaeger-tracerresolver/1.6.0/jaeger-tracerresolver-1.6.0.jar:/home/runner/.m2/repository/io/opentracing/contrib/opentracing-tracerresolver/0.1.8/opentracing-tracerresolver-0.1.8.jar:/home/runner/.m2/repository/org/jetbrains/kotlin/kotlin-stdlib/1.6.21/kotlin-stdlib-1.6.21.jar:/home/runner/.m2/repository/org/jetbrains/annotations/13.0/annotations-13.0.jar:/home/runner/.m2/repository/io/opentracing/opentracing-util/0.33.0/opentracing-util-0.33.0.jar:/home/runner/.m2/repository/io/opentracing/opentracing-api/0.33.0/opentracing-api-0.33.0.jar:/home/runner/.m2/repository/io/opentracing/opentracing-noop/0.33.0/opentracing-noop-0.33.0.jar:/home/runner/.m2/repository/org/yaml/snakeyaml/2.0/snakeyaml-2.0.jar:/home/runner/.m2/repository/junit/junit/4.13.1/junit-4.13.1.jar:/home/runner/.m2/repository/org/hamcrest/hamcrest-core/1.3/hamcrest-core-1.3.jar:/home/runner/.m2/repository/org/junit/jupiter/junit-jupiter-api/5.8.2/junit-jupiter-api-5.8.2.jar:/home/runner/.m2/repository/org/opentest4j/opentest4j/1.2.0/opentest4j-1.2.0.jar:/home/runner/.m2/repository/org/junit/platform/junit-platform-commons/1.8.2/junit-platform-commons-1.8.2.jar:/home/runner/.m2/repository/org/apiguardian/apiguardian-api/1.1.2/apiguardian-api-1.1.2.jar:/home/runner/.m2/repository/org/junit/jupiter/junit-jupiter-params/5.8.2/junit-jupiter-params-5.8.2.jar:/home/runner/.m2/repository/org/junit/jupiter/junit-jupiter-migrationsupport/5.8.2/junit-jupiter-migrationsupport-5.8.2.jar:/home/runner/.m2/repository/org/junit/jupiter/junit-jupiter-engine/5.8.2/junit-jupiter-engine-5.8.2.jar:/home/runner/.m2/repository/org/junit/platform/junit-platform-engine/1.8.2/junit-platform-engine-1.8.2.jar:/home/runner/.m2/repository/org/junit/vintage/junit-vintage-engine/5.8.2/junit-vintage-engine-5.8.2.jar:/home/runner/.m2/repository/org/junit/platform/junit-platform-launcher/1.8.2/junit-platform-launcher-1.8.2.jar:/home/runner/.m2/repository/org/mockito/mockito-core/2.28.2/mockito-core-2.28.2.jar:/home/runner/.m2/repository/net/bytebuddy/byte-buddy/1.9.10/byte-buddy-1.9.10.jar:/home/runner/.m2/repository/net/bytebuddy/byte-buddy-agent/1.9.10/byte-buddy-agent-1.9.10.jar:/home/runner/.m2/repository/org/objenesis/objenesis/1.0/objenesis-1.0.jar:/home/runner/.m2/repository/org/apache/hadoop/hadoop-kms/3.3.5/hadoop-kms-3.3.5.jar:/home/runner/.m2/repository/org/apache/hadoop/hadoop-auth/3.3.5/hadoop-auth-3.3.5.jar:/home/runner/.m2/repository/com/nimbusds/nimbus-jose-jwt/9.8.1/nimbus-jose-jwt-9.8.1.jar:/home/runner/.m2/repository/com/github/stephenc/jcip/jcip-annotations/1.0-1/jcip-annotations-1.0-1.jar:/home/runner/.m2/repository/net/minidev/json-smart/2.4.7/json-smart-2.4.7.jar:/home/runner/.m2/repository/net/minidev/accessors-smart/2.4.7/accessors-smart-2.4.7.jar:/home/runner/.m2/repository/org/ow2/asm/asm/5.0.4/asm-5.0.4.jar:/home/runner/.m2/repository/org/apache/zookeeper/zookeeper/3.5.6/zookeeper-3.5.6.jar:/home/runner/.m2/repository/org/apache/zookeeper/zookeeper-jute/3.5.6/zookeeper-jute-3.5.6.jar:/home/runner/.m2/repository/org/apache/yetus/audience-annotations/0.5.0/audience-annotations-0.5.0.jar:/home/runner/.m2/repository/org/apache/curator/curator-framework/4.2.0/curator-framework-4.2.0.jar:/home/runner/.m2/repository/org/apache/hadoop/thirdparty/hadoop-shaded-guava/1.1.1/hadoop-shaded-guava-1.1.1.jar:/home/runner/.m2/repository/com/sun/jersey/jersey-core/1.19/jersey-core-1.19.jar:/home/runner/.m2/repository/javax/ws/rs/jsr311-api/1.1.1/jsr311-api-1.1.1.jar:/home/runner/.m2/repository/com/sun/jersey/jersey-server/1.19/jersey-server-1.19.jar:/home/runner/.m2/repository/javax/servlet/javax.servlet-api/3.1.0/javax.servlet-api-3.1.0.jar:/home/runner/.m2/repository/org/apache/hadoop/hadoop-common/3.3.5/hadoop-common-3.3.5.jar:/home/runner/.m2/repository/org/apache/commons/commons-math3/3.1.1/commons-math3-3.1.1.jar:/home/runner/.m2/repository/commons-net/commons-net/3.9.0/commons-net-3.9.0.jar:/home/runner/.m2/repository/com/sun/jersey/jersey-servlet/1.19/jersey-servlet-1.19.jar:/home/runner/.m2/repository/com/github/pjfanning/jersey-json/1.20/jersey-json-1.20.jar:/home/runner/.m2/repository/org/codehaus/jettison/jettison/1.1/jettison-1.1.jar:/home/runner/.m2/repository/com/sun/xml/bind/jaxb-impl/2.2.3-1/jaxb-impl-2.2.3-1.jar:/home/runner/.m2/repository/com/google/re2j/re2j/1.1/re2j-1.1.jar:/home/runner/.m2/repository/com/jcraft/jsch/0.1.54/jsch-0.1.54.jar:/home/runner/.m2/repository/org/apache/curator/curator-client/4.2.0/curator-client-4.2.0.jar:/home/runner/.m2/repository/org/apache/curator/curator-recipes/4.2.0/curator-recipes-4.2.0.jar:/home/runner/.m2/repository/org/apache/kerby/kerb-core/1.0.1/kerb-core-1.0.1.jar:/home/runner/.m2/repository/org/apache/kerby/kerby-pkix/1.0.1/kerby-pkix-1.0.1.jar:/home/runner/.m2/repository/org/apache/kerby/kerby-asn1/1.0.1/kerby-asn1-1.0.1.jar:/home/runner/.m2/repository/org/apache/kerby/kerby-util/1.0.1/kerby-util-1.0.1.jar:/home/runner/.m2/repository/dnsjava/dnsjava/2.1.7/dnsjava-2.1.7.jar:/home/runner/.m2/repository/org/xerial/snappy/snappy-java/1.1.8.2/snappy-java-1.1.8.2.jar:/home/runner/.m2/repository/com/fasterxml/jackson/core/jackson-databind/2.13.4.2/jackson-databind-2.13.4.2.jar:/home/runner/.m2/repository/org/apache/hadoop/hadoop-kms/3.3.5/hadoop-kms-3.3.5-tests.jar:/home/runner/.m2/repository/org/apache/ozone/hdds-server-scm/1.4.0-SNAPSHOT/hdds-server-scm-1.4.0-SNAPSHOT-tests.jar:/home/runner/.m2/repository/org/apache/ozone/hdds-container-service/1.4.0-SNAPSHOT/hdds-container-service-1.4.0-SNAPSHOT-tests.jar:/home/runner/.m2/repository/com/github/luben/zstd-jni/1.5.2-5/zstd-jni-1.5.2-5.jar:/home/runner/.m2/repository/commons-codec/commons-codec/1.15/commons-codec-1.15.jar:/home/runner/.m2/repository/io/netty/netty-codec/4.1.86.Final/netty-codec-4.1.86.Final.jar:/home/runner/.m2/repository/io/netty/netty-handler/4.1.86.Final/netty-handler-4.1.86.Final.jar:/home/runner/.m2/repository/org/apache/ozone/hdds-hadoop-dependency-test/1.4.0-SNAPSHOT/hdds-hadoop-dependency-test-1.4.0-SNAPSHOT.jar:/home/runner/.m2/repository/org/apache/hadoop/hadoop-common/3.3.5/hadoop-common-3.3.5-tests.jar:/home/runner/.m2/repository/org/apache/hadoop/hadoop-hdfs/3.3.5/hadoop-hdfs-3.3.5-tests.jar:/home/runner/.m2/repository/org/assertj/assertj-core/3.12.2/assertj-core-3.12.2.jar:/home/runner/.m2/repository/org/apache/hadoop/hadoop-distcp/3.3.5/hadoop-distcp-3.3.5.jar:/home/runner/.m2/repository/org/apache/hadoop/hadoop-mapreduce-client-jobclient/3.3.5/hadoop-mapreduce-client-jobclient-3.3.5.jar:/home/runner/.m2/repository/org/apache/hadoop/hadoop-mapreduce-client-common/3.3.5/hadoop-mapreduce-client-common-3.3.5.jar:/home/runner/.m2/repository/org/apache/hadoop/hadoop-yarn-common/3.3.5/hadoop-yarn-common-3.3.5.jar:/home/runner/.m2/repository/org/apache/hadoop/hadoop-yarn-api/3.3.5/hadoop-yarn-api-3.3.5.jar:/home/runner/.m2/repository/com/sun/jersey/contribs/jersey-guice/1.19/jersey-guice-1.19.jar:/home/runner/.m2/repository/com/fasterxml/jackson/jaxrs/jackson-jaxrs-json-provider/2.13.4/jackson-jaxrs-json-provider-2.13.4.jar:/home/runner/.m2/repository/com/fasterxml/jackson/jaxrs/jackson-jaxrs-base/2.13.4/jackson-jaxrs-base-2.13.4.jar:/home/runner/.m2/repository/org/apache/hadoop/hadoop-yarn-client/3.3.5/hadoop-yarn-client-3.3.5.jar:/home/runner/.m2/repository/org/eclipse/jetty/websocket/websocket-client/9.4.48.v20220622/websocket-client-9.4.48.v20220622.jar:/home/runner/.m2/repository/org/eclipse/jetty/websocket/websocket-common/9.4.48.v20220622/websocket-common-9.4.48.v20220622.jar:/home/runner/.m2/repository/org/eclipse/jetty/websocket/websocket-api/9.4.48.v20220622/websocket-api-9.4.48.v20220622.jar:/home/runner/.m2/repository/org/jline/jline/3.9.0/jline-3.9.0.jar:/home/runner/.m2/repository/org/apache/hadoop/hadoop-mapreduce-client-core/3.3.5/hadoop-mapreduce-client-core-3.3.5.jar:/home/runner/.m2/repository/org/apache/avro/avro/1.7.7/avro-1.7.7.jar:/home/runner/.m2/repository/com/thoughtworks/paranamer/paranamer/2.3/paranamer-2.3.jar:/home/runner/.m2/repository/org/apache/hadoop/hadoop-annotations/3.3.5/hadoop-annotations-3.3.5.jar:/usr/lib/jvm/temurin-8-jdk-amd64/jre/../lib/tools.jar:/home/runner/.m2/repository/io/netty/netty/3.10.6.Final/netty-3.10.6.Final.jar:/home/runner/.m2/repository/org/apache/hadoop/hadoop-distcp/3.3.5/hadoop-distcp-3.3.5-tests.jar:/home/runner/.m2/repository/org/slf4j/jul-to-slf4j/1.7.36/jul-to-slf4j-1.7.36.jar:"/>
    <property name="java.vm.vendor" value="Temurin"/>
    <property name="sun.arch.data.model" value="64"/>
    <property name="test.build.dir" value="/home/runner/work/ozone/ozone/hadoop-ozone/integration-test/target/test-dir"/>
    <property name="test.cache.data" value=""/>
    <property name="java.vendor.url" value="https://adoptium.net/"/>
    <property name="user.timezone" value="Etc/UTC"/>
    <property name="java.vm.specification.version" value="1.8"/>
    <property name="os.name" value="Linux"/>
    <property name="test.build.data" value="/home/runner/work/ozone/ozone/hadoop-ozone/integration-test/target/test-dir"/>
    <property name="sun.java.launcher" value="SUN_STANDARD"/>
    <property name="sun.boot.library.path" value="/usr/lib/jvm/temurin-8-jdk-amd64/jre/lib/amd64"/>
    <property name="sun.java.command" value="/home/runner/work/ozone/ozone/hadoop-ozone/integration-test/target/surefire/surefirebooter6540173224587483935.jar /home/runner/work/ozone/ozone/hadoop-ozone/integration-test/target/surefire 2023-04-27T19-20-34_370-jvmRun1 surefire1030739514506519507tmp surefire_66279916124413461313tmp"/>
    <property name="surefire.test.class.path" value="/home/runner/work/ozone/ozone/hadoop-ozone/integration-test/target/test-classes:/home/runner/work/ozone/ozone/hadoop-ozone/integration-test/target/classes:/home/runner/.m2/repository/org/apache/ozone/ozone-common/1.4.0-SNAPSHOT/ozone-common-1.4.0-SNAPSHOT.jar:/home/runner/.m2/repository/io/grpc/grpc-netty/1.51.1/grpc-netty-1.51.1.jar:/home/runner/.m2/repository/io/grpc/grpc-core/1.51.1/grpc-core-1.51.1.jar:/home/runner/.m2/repository/com/google/android/annotations/4.1.1.4/annotations-4.1.1.4.jar:/home/runner/.m2/repository/org/codehaus/mojo/animal-sniffer-annotations/1.21/animal-sniffer-annotations-1.21.jar:/home/runner/.m2/repository/com/google/errorprone/error_prone_annotations/2.2.0/error_prone_annotations-2.2.0.jar:/home/runner/.m2/repository/io/perfmark/perfmark-api/0.25.0/perfmark-api-0.25.0.jar:/home/runner/.m2/repository/io/netty/netty-codec-http2/4.1.86.Final/netty-codec-http2-4.1.86.Final.jar:/home/runner/.m2/repository/io/netty/netty-common/4.1.86.Final/netty-common-4.1.86.Final.jar:/home/runner/.m2/repository/io/netty/netty-buffer/4.1.86.Final/netty-buffer-4.1.86.Final.jar:/home/runner/.m2/repository/io/netty/netty-codec-http/4.1.86.Final/netty-codec-http-4.1.86.Final.jar:/home/runner/.m2/repository/io/netty/netty-handler-proxy/4.1.86.Final/netty-handler-proxy-4.1.86.Final.jar:/home/runner/.m2/repository/io/netty/netty-codec-socks/4.1.86.Final/netty-codec-socks-4.1.86.Final.jar:/home/runner/.m2/repository/io/netty/netty-tcnative-boringssl-static/2.0.54.Final/netty-tcnative-boringssl-static-2.0.54.Final.jar:/home/runner/.m2/repository/io/netty/netty-tcnative-classes/2.0.54.Final/netty-tcnative-classes-2.0.54.Final.jar:/home/runner/.m2/repository/io/netty/netty-tcnative-boringssl-static/2.0.54.Final/netty-tcnative-boringssl-static-2.0.54.Final-linux-x86_64.jar:/home/runner/.m2/repository/io/netty/netty-tcnative-boringssl-static/2.0.54.Final/netty-tcnative-boringssl-static-2.0.54.Final-linux-aarch_64.jar:/home/runner/.m2/repository/io/netty/netty-tcnative-boringssl-static/2.0.54.Final/netty-tcnative-boringssl-static-2.0.54.Final-osx-x86_64.jar:/home/runner/.m2/repository/io/netty/netty-tcnative-boringssl-static/2.0.54.Final/netty-tcnative-boringssl-static-2.0.54.Final-osx-aarch_64.jar:/home/runner/.m2/repository/io/netty/netty-tcnative-boringssl-static/2.0.54.Final/netty-tcnative-boringssl-static-2.0.54.Final-windows-x86_64.jar:/home/runner/.m2/repository/org/apache/commons/commons-compress/1.21/commons-compress-1.21.jar:/home/runner/.m2/repository/org/apache/ozone/hdds-common/1.4.0-SNAPSHOT/hdds-common-1.4.0-SNAPSHOT.jar:/home/runner/.m2/repository/org/apache/ozone/hdds-client/1.4.0-SNAPSHOT/hdds-client-1.4.0-SNAPSHOT.jar:/home/runner/.m2/repository/org/apache/ozone/ozone-interface-client/1.4.0-SNAPSHOT/ozone-interface-client-1.4.0-SNAPSHOT.jar:/home/runner/.m2/repository/org/apache/hadoop/hadoop-hdfs-client/3.3.5/hadoop-hdfs-client-3.3.5.jar:/home/runner/.m2/repository/com/squareup/okhttp3/okhttp/4.9.3/okhttp-4.9.3.jar:/home/runner/.m2/repository/com/squareup/okio/okio/2.8.0/okio-2.8.0.jar:/home/runner/.m2/repository/org/jetbrains/kotlin/kotlin-stdlib-common/1.6.21/kotlin-stdlib-common-1.6.21.jar:/home/runner/.m2/repository/org/apache/ozone/hdds-test-utils/1.4.0-SNAPSHOT/hdds-test-utils-1.4.0-SNAPSHOT.jar:/home/runner/.m2/repository/com/google/guava/guava/31.1-jre/guava-31.1-jre.jar:/home/runner/.m2/repository/com/google/guava/failureaccess/1.0.1/failureaccess-1.0.1.jar:/home/runner/.m2/repository/com/google/guava/listenablefuture/9999.0-empty-to-avoid-conflict-with-guava/listenablefuture-9999.0-empty-to-avoid-conflict-with-guava.jar:/home/runner/.m2/repository/com/google/code/findbugs/jsr305/3.0.0/jsr305-3.0.0.jar:/home/runner/.m2/repository/org/checkerframework/checker-qual/3.12.0/checker-qual-3.12.0.jar:/home/runner/.m2/repository/com/google/j2objc/j2objc-annotations/1.3/j2objc-annotations-1.3.jar:/home/runner/.m2/repository/commons-io/commons-io/2.11.0/commons-io-2.11.0.jar:/home/runner/.m2/repository/commons-logging/commons-logging/1.2/commons-logging-1.2.jar:/home/runner/.m2/repository/ch/qos/reload4j/reload4j/1.2.22/reload4j-1.2.22.jar:/home/runner/.m2/repository/org/slf4j/slf4j-api/1.7.36/slf4j-api-1.7.36.jar:/home/runner/.m2/repository/org/apache/ozone/hdds-server-scm/1.4.0-SNAPSHOT/hdds-server-scm-1.4.0-SNAPSHOT.jar:/home/runner/.m2/repository/org/apache/ozone/hdds-container-service/1.4.0-SNAPSHOT/hdds-container-service-1.4.0-SNAPSHOT.jar:/home/runner/.m2/repository/org/apache/ozone/hdds-hadoop-dependency-server/1.4.0-SNAPSHOT/hdds-hadoop-dependency-server-1.4.0-SNAPSHOT.jar:/home/runner/.m2/repository/org/apache/hadoop/hadoop-hdfs/3.3.5/hadoop-hdfs-3.3.5.jar:/home/runner/.m2/repository/commons-daemon/commons-daemon/1.0.13/commons-daemon-1.0.13.jar:/home/runner/.m2/repository/org/apache/ozone/hdds-server-framework/1.4.0-SNAPSHOT/hdds-server-framework-1.4.0-SNAPSHOT.jar:/home/runner/.m2/repository/io/dropwizard/metrics/metrics-core/3.2.4/metrics-core-3.2.4.jar:/home/runner/.m2/repository/org/apache/commons/commons-text/1.4/commons-text-1.4.jar:/home/runner/.m2/repository/org/bouncycastle/bcprov-jdk15on/1.67/bcprov-jdk15on-1.67.jar:/home/runner/.m2/repository/com/google/protobuf/protobuf-java/2.5.0/protobuf-java-2.5.0.jar:/home/runner/.m2/repository/org/apache/ozone/hdds-server-framework/1.4.0-SNAPSHOT/hdds-server-framework-1.4.0-SNAPSHOT-tests.jar:/home/runner/.m2/repository/org/apache/ozone/hdds-interface-server/1.4.0-SNAPSHOT/hdds-interface-server-1.4.0-SNAPSHOT.jar:/home/runner/.m2/repository/org/apache/ozone/hdds-interface-admin/1.4.0-SNAPSHOT/hdds-interface-admin-1.4.0-SNAPSHOT.jar:/home/runner/.m2/repository/org/apache/ozone/hdds-managed-rocksdb/1.4.0-SNAPSHOT/hdds-managed-rocksdb-1.4.0-SNAPSHOT.jar:/home/runner/.m2/repository/org/rocksdb/rocksdbjni/7.7.3/rocksdbjni-7.7.3.jar:/home/runner/.m2/repository/org/slf4j/slf4j-reload4j/1.7.36/slf4j-reload4j-1.7.36.jar:/home/runner/.m2/repository/org/apache/commons/commons-configuration2/2.1.1/commons-configuration2-2.1.1.jar:/home/runner/.m2/repository/org/apache/logging/log4j/log4j-core/2.17.1/log4j-core-2.17.1.jar:/home/runner/.m2/repository/com/lmax/disruptor/3.4.2/disruptor-3.4.2.jar:/home/runner/.m2/repository/org/eclipse/jetty/jetty-util/9.4.51.v20230217/jetty-util-9.4.51.v20230217.jar:/home/runner/.m2/repository/org/eclipse/jetty/jetty-server/9.4.51.v20230217/jetty-server-9.4.51.v20230217.jar:/home/runner/.m2/repository/org/eclipse/jetty/jetty-http/9.4.51.v20230217/jetty-http-9.4.51.v20230217.jar:/home/runner/.m2/repository/org/eclipse/jetty/jetty-io/9.4.51.v20230217/jetty-io-9.4.51.v20230217.jar:/home/runner/.m2/repository/org/eclipse/jetty/jetty-servlet/9.4.51.v20230217/jetty-servlet-9.4.51.v20230217.jar:/home/runner/.m2/repository/org/eclipse/jetty/jetty-security/9.4.51.v20230217/jetty-security-9.4.51.v20230217.jar:/home/runner/.m2/repository/org/eclipse/jetty/jetty-util-ajax/9.4.51.v20230217/jetty-util-ajax-9.4.51.v20230217.jar:/home/runner/.m2/repository/org/eclipse/jetty/jetty-webapp/9.4.51.v20230217/jetty-webapp-9.4.51.v20230217.jar:/home/runner/.m2/repository/org/eclipse/jetty/jetty-xml/9.4.51.v20230217/jetty-xml-9.4.51.v20230217.jar:/home/runner/.m2/repository/org/apache/ratis/ratis-server/2.4.2-8b8bdda-SNAPSHOT/ratis-server-2.4.2-8b8bdda-SNAPSHOT.jar:/home/runner/.m2/repository/org/apache/ratis/ratis-thirdparty-misc/1.0.3/ratis-thirdparty-misc-1.0.3.jar:/home/runner/.m2/repository/org/apache/ratis/ratis-proto/2.4.2-8b8bdda-SNAPSHOT/ratis-proto-2.4.2-8b8bdda-SNAPSHOT.jar:/home/runner/.m2/repository/org/apache/ratis/ratis-common/2.4.2-8b8bdda-SNAPSHOT/ratis-common-2.4.2-8b8bdda-SNAPSHOT.jar:/home/runner/.m2/repository/org/apache/ratis/ratis-client/2.4.2-8b8bdda-SNAPSHOT/ratis-client-2.4.2-8b8bdda-SNAPSHOT.jar:/home/runner/.m2/repository/org/apache/ratis/ratis-server-api/2.4.2-8b8bdda-SNAPSHOT/ratis-server-api-2.4.2-8b8bdda-SNAPSHOT.jar:/home/runner/.m2/repository/org/apache/ratis/ratis-metrics/2.4.2-8b8bdda-SNAPSHOT/ratis-metrics-2.4.2-8b8bdda-SNAPSHOT.jar:/home/runner/.m2/repository/io/prometheus/simpleclient_dropwizard/0.7.0/simpleclient_dropwizard-0.7.0.jar:/home/runner/.m2/repository/io/prometheus/simpleclient/0.7.0/simpleclient-0.7.0.jar:/home/runner/.m2/repository/io/prometheus/simpleclient_common/0.7.0/simpleclient_common-0.7.0.jar:/home/runner/.m2/repository/com/fasterxml/jackson/datatype/jackson-datatype-jsr310/2.13.4/jackson-datatype-jsr310-2.13.4.jar:/home/runner/.m2/repository/com/fasterxml/jackson/core/jackson-core/2.13.4/jackson-core-2.13.4.jar:/home/runner/.m2/repository/com/github/spotbugs/spotbugs-annotations/3.1.12/spotbugs-annotations-3.1.12.jar:/home/runner/.m2/repository/org/apache/ozone/rocksdb-checkpoint-differ/1.4.0-SNAPSHOT/rocksdb-checkpoint-differ-1.4.0-SNAPSHOT.jar:/home/runner/.m2/repository/org/awaitility/awaitility/4.2.0/awaitility-4.2.0.jar:/home/runner/.m2/repository/org/hamcrest/hamcrest/2.1/hamcrest-2.1.jar:/home/runner/.m2/repository/org/apache/ozone/ozone-manager/1.4.0-SNAPSHOT/ozone-manager-1.4.0-SNAPSHOT.jar:/home/runner/.m2/repository/org/aspectj/aspectjrt/1.9.7/aspectjrt-1.9.7.jar:/home/runner/.m2/repository/org/aspectj/aspectjweaver/1.9.7/aspectjweaver-1.9.7.jar:/home/runner/.m2/repository/org/apache/ozone/hdds-interface-client/1.4.0-SNAPSHOT/hdds-interface-client-1.4.0-SNAPSHOT.jar:/home/runner/.m2/repository/org/apache/hadoop/thirdparty/hadoop-shaded-protobuf_3_7/1.1.1/hadoop-shaded-protobuf_3_7-1.1.1.jar:/home/runner/.m2/repository/org/apache/ozone/ozone-interface-storage/1.4.0-SNAPSHOT/ozone-interface-storage-1.4.0-SNAPSHOT.jar:/home/runner/.m2/repository/org/reflections/reflections/0.9.11/reflections-0.9.11.jar:/home/runner/.m2/repository/com/sun/jersey/jersey-client/1.19/jersey-client-1.19.jar:/home/runner/.m2/repository/org/codehaus/jackson/jackson-core-asl/1.9.13/jackson-core-asl-1.9.13.jar:/home/runner/.m2/repository/org/codehaus/jackson/jackson-mapper-asl/1.9.13/jackson-mapper-asl-1.9.13.jar:/home/runner/.m2/repository/org/codehaus/jackson/jackson-jaxrs/1.9.13/jackson-jaxrs-1.9.13.jar:/home/runner/.m2/repository/org/apache/ranger/ranger-intg/2.3.0/ranger-intg-2.3.0.jar:/home/runner/.m2/repository/org/apache/ranger/ranger-plugins-common/2.3.0/ranger-plugins-common-2.3.0.jar:/home/runner/.m2/repository/commons-lang/commons-lang/2.6/commons-lang-2.6.jar:/home/runner/.m2/repository/org/apache/ranger/ranger-plugins-cred/2.3.0/ranger-plugins-cred-2.3.0.jar:/home/runner/.m2/repository/org/apache/ranger/ranger-plugins-audit/2.3.0/ranger-plugins-audit-2.3.0.jar:/home/runner/.m2/repository/org/eclipse/jetty/jetty-client/9.4.51.v20230217/jetty-client-9.4.51.v20230217.jar:/home/runner/.m2/repository/org/apache/httpcomponents/httpmime/4.5.6/httpmime-4.5.6.jar:/home/runner/.m2/repository/org/apache/httpcomponents/httpcore-nio/4.4.13/httpcore-nio-4.4.13.jar:/home/runner/.m2/repository/org/apache/httpcomponents/httpasyncclient/4.1.3/httpasyncclient-4.1.3.jar:/home/runner/.m2/repository/com/carrotsearch/hppc/0.8.0/hppc-0.8.0.jar:/home/runner/.m2/repository/org/apache/orc/orc-core/1.5.8/orc-core-1.5.8.jar:/home/runner/.m2/repository/net/java/dev/jna/jna/5.2.0/jna-5.2.0.jar:/home/runner/.m2/repository/net/java/dev/jna/jna-platform/5.2.0/jna-platform-5.2.0.jar:/home/runner/.m2/repository/com/kstruct/gethostname4j/0.0.2/gethostname4j-0.0.2.jar:/home/runner/.m2/repository/org/apache/ranger/ranger-plugin-classloader/2.3.0/ranger-plugin-classloader-2.3.0.jar:/home/runner/.m2/repository/org/apache/ozone/hdds-rocks-native/1.4.0-SNAPSHOT/hdds-rocks-native-1.4.0-SNAPSHOT.jar:/home/runner/.m2/repository/org/apache/hadoop/hadoop-minikdc/3.3.5/hadoop-minikdc-3.3.5.jar:/home/runner/.m2/repository/org/apache/kerby/kerb-simplekdc/1.0.1/kerb-simplekdc-1.0.1.jar:/home/runner/.m2/repository/org/apache/kerby/kerb-client/1.0.1/kerb-client-1.0.1.jar:/home/runner/.m2/repository/org/apache/kerby/kerby-config/1.0.1/kerby-config-1.0.1.jar:/home/runner/.m2/repository/org/apache/kerby/kerb-common/1.0.1/kerb-common-1.0.1.jar:/home/runner/.m2/repository/org/apache/kerby/kerb-crypto/1.0.1/kerb-crypto-1.0.1.jar:/home/runner/.m2/repository/org/apache/kerby/kerb-util/1.0.1/kerb-util-1.0.1.jar:/home/runner/.m2/repository/org/apache/kerby/token-provider/1.0.1/token-provider-1.0.1.jar:/home/runner/.m2/repository/org/apache/kerby/kerb-admin/1.0.1/kerb-admin-1.0.1.jar:/home/runner/.m2/repository/org/apache/kerby/kerb-server/1.0.1/kerb-server-1.0.1.jar:/home/runner/.m2/repository/org/apache/kerby/kerb-identity/1.0.1/kerb-identity-1.0.1.jar:/home/runner/.m2/repository/org/apache/kerby/kerby-xdr/1.0.1/kerby-xdr-1.0.1.jar:/home/runner/.m2/repository/org/apache/ozone/ozone-s3gateway/1.4.0-SNAPSHOT/ozone-s3gateway-1.4.0-SNAPSHOT.jar:/home/runner/.m2/repository/org/javassist/javassist/3.21.0-GA/javassist-3.21.0-GA.jar:/home/runner/.m2/repository/org/jboss/weld/servlet/weld-servlet-shaded/3.1.9.Final/weld-servlet-shaded-3.1.9.Final.jar:/home/runner/.m2/repository/org/glassfish/jersey/containers/jersey-container-servlet-core/2.34/jersey-container-servlet-core-2.34.jar:/home/runner/.m2/repository/org/glassfish/hk2/external/jakarta.inject/2.6.1/jakarta.inject-2.6.1.jar:/home/runner/.m2/repository/org/glassfish/jersey/core/jersey-common/2.34/jersey-common-2.34.jar:/home/runner/.m2/repository/jakarta/ws/rs/jakarta.ws.rs-api/2.1.6/jakarta.ws.rs-api-2.1.6.jar:/home/runner/.m2/repository/org/glassfish/jersey/ext/cdi/jersey-cdi1x/2.34/jersey-cdi1x-2.34.jar:/home/runner/.m2/repository/org/glassfish/jersey/inject/jersey-hk2/2.34/jersey-hk2-2.34.jar:/home/runner/.m2/repository/org/glassfish/hk2/hk2-locator/2.6.1/hk2-locator-2.6.1.jar:/home/runner/.m2/repository/org/glassfish/jersey/media/jersey-media-jaxb/2.34/jersey-media-jaxb-2.34.jar:/home/runner/.m2/repository/org/glassfish/hk2/osgi-resource-locator/1.0.3/osgi-resource-locator-1.0.3.jar:/home/runner/.m2/repository/org/glassfish/hk2/hk2-api/2.5.0/hk2-api-2.5.0.jar:/home/runner/.m2/repository/org/glassfish/hk2/hk2-utils/2.5.0/hk2-utils-2.5.0.jar:/home/runner/.m2/repository/org/glassfish/hk2/external/aopalliance-repackaged/2.5.0/aopalliance-repackaged-2.5.0.jar:/home/runner/.m2/repository/com/fasterxml/jackson/dataformat/jackson-dataformat-xml/2.13.4/jackson-dataformat-xml-2.13.4.jar:/home/runner/.m2/repository/org/codehaus/woodstox/stax2-api/4.2.1/stax2-api-4.2.1.jar:/home/runner/.m2/repository/com/fasterxml/woodstox/woodstox-core/5.4.0/woodstox-core-5.4.0.jar:/home/runner/.m2/repository/com/fasterxml/jackson/module/jackson-module-jaxb-annotations/2.13.4/jackson-module-jaxb-annotations-2.13.4.jar:/home/runner/.m2/repository/jakarta/xml/bind/jakarta.xml.bind-api/2.3.3/jakarta.xml.bind-api-2.3.3.jar:/home/runner/.m2/repository/jakarta/activation/jakarta.activation-api/1.2.2/jakarta.activation-api-1.2.2.jar:/home/runner/.m2/repository/javax/enterprise/cdi-api/2.0/cdi-api-2.0.jar:/home/runner/.m2/repository/javax/el/javax.el-api/3.0.0/javax.el-api-3.0.0.jar:/home/runner/.m2/repository/javax/interceptor/javax.interceptor-api/1.2/javax.interceptor-api-1.2.jar:/home/runner/.m2/repository/javax/inject/javax.inject/1/javax.inject-1.jar:/home/runner/.m2/repository/javax/xml/bind/jaxb-api/2.3.0/jaxb-api-2.3.0.jar:/home/runner/.m2/repository/org/glassfish/jaxb/jaxb-runtime/2.3.0.1/jaxb-runtime-2.3.0.1.jar:/home/runner/.m2/repository/org/glassfish/jaxb/jaxb-core/2.3.0.1/jaxb-core-2.3.0.1.jar:/home/runner/.m2/repository/org/glassfish/jaxb/txw2/2.3.0.1/txw2-2.3.0.1.jar:/home/runner/.m2/repository/com/sun/istack/istack-commons-runtime/3.0.5/istack-commons-runtime-3.0.5.jar:/home/runner/.m2/repository/org/jvnet/staxex/stax-ex/1.7.8/stax-ex-1.7.8.jar:/home/runner/.m2/repository/com/sun/xml/fastinfoset/FastInfoset/1.2.13/FastInfoset-1.2.13.jar:/home/runner/.m2/repository/javax/activation/activation/1.1.1/activation-1.1.1.jar:/home/runner/.m2/repository/io/grpc/grpc-protobuf/1.51.1/grpc-protobuf-1.51.1.jar:/home/runner/.m2/repository/io/grpc/grpc-api/1.51.1/grpc-api-1.51.1.jar:/home/runner/.m2/repository/io/grpc/grpc-context/1.51.1/grpc-context-1.51.1.jar:/home/runner/.m2/repository/com/google/api/grpc/proto-google-common-protos/2.9.0/proto-google-common-protos-2.9.0.jar:/home/runner/.m2/repository/io/grpc/grpc-protobuf-lite/1.51.1/grpc-protobuf-lite-1.51.1.jar:/home/runner/.m2/repository/io/grpc/grpc-stub/1.51.1/grpc-stub-1.51.1.jar:/home/runner/.m2/repository/io/netty/netty-transport/4.1.86.Final/netty-transport-4.1.86.Final.jar:/home/runner/.m2/repository/io/netty/netty-resolver/4.1.86.Final/netty-resolver-4.1.86.Final.jar:/home/runner/.m2/repository/org/apache/ozone/ozone-csi/1.4.0-SNAPSHOT/ozone-csi-1.4.0-SNAPSHOT.jar:/home/runner/.m2/repository/com/google/protobuf/protobuf-java-util/3.19.6/protobuf-java-util-3.19.6.jar:/home/runner/.m2/repository/com/google/code/gson/gson/2.9.0/gson-2.9.0.jar:/home/runner/.m2/repository/org/apache/ozone/hdds-config/1.4.0-SNAPSHOT/hdds-config-1.4.0-SNAPSHOT.jar:/home/runner/.m2/repository/io/netty/netty-transport-native-epoll/4.1.86.Final/netty-transport-native-epoll-4.1.86.Final-linux-x86_64.jar:/home/runner/.m2/repository/io/netty/netty-transport-classes-epoll/4.1.86.Final/netty-transport-classes-epoll-4.1.86.Final.jar:/home/runner/.m2/repository/io/netty/netty-transport-native-unix-common/4.1.86.Final/netty-transport-native-unix-common-4.1.86.Final.jar:/home/runner/.m2/repository/org/apache/ozone/ozone-recon/1.4.0-SNAPSHOT/ozone-recon-1.4.0-SNAPSHOT.jar:/home/runner/.m2/repository/org/apache/ozone/ozone-reconcodegen/1.4.0-SNAPSHOT/ozone-reconcodegen-1.4.0-SNAPSHOT.jar:/home/runner/.m2/repository/com/google/inject/guice/5.1.0/guice-5.1.0.jar:/home/runner/.m2/repository/aopalliance/aopalliance/1.0/aopalliance-1.0.jar:/home/runner/.m2/repository/com/google/inject/extensions/guice-assistedinject/5.1.0/guice-assistedinject-5.1.0.jar:/home/runner/.m2/repository/com/google/inject/extensions/guice-servlet/5.1.0/guice-servlet-5.1.0.jar:/home/runner/.m2/repository/org/glassfish/jersey/containers/jersey-container-servlet/2.34/jersey-container-servlet-2.34.jar:/home/runner/.m2/repository/org/glassfish/hk2/guice-bridge/2.5.0/guice-bridge-2.5.0.jar:/home/runner/.m2/repository/org/glassfish/jersey/core/jersey-server/2.34/jersey-server-2.34.jar:/home/runner/.m2/repository/org/glassfish/jersey/core/jersey-client/2.34/jersey-client-2.34.jar:/home/runner/.m2/repository/jakarta/annotation/jakarta.annotation-api/1.3.5/jakarta.annotation-api-1.3.5.jar:/home/runner/.m2/repository/jakarta/validation/jakarta.validation-api/2.0.2/jakarta.validation-api-2.0.2.jar:/home/runner/.m2/repository/org/glassfish/jersey/media/jersey-media-json-jackson/2.34/jersey-media-json-jackson-2.34.jar:/home/runner/.m2/repository/org/glassfish/jersey/ext/jersey-entity-filtering/2.34/jersey-entity-filtering-2.34.jar:/home/runner/.m2/repository/org/jooq/jooq/3.11.10/jooq-3.11.10.jar:/home/runner/.m2/repository/org/jooq/jooq-meta/3.11.10/jooq-meta-3.11.10.jar:/home/runner/.m2/repository/org/jooq/jooq-codegen/3.11.10/jooq-codegen-3.11.10.jar:/home/runner/.m2/repository/com/jolbox/bonecp/0.8.0.RELEASE/bonecp-0.8.0.RELEASE.jar:/home/runner/.m2/repository/org/apache/derby/derby/10.14.2.0/derby-10.14.2.0.jar:/home/runner/.m2/repository/org/xerial/sqlite-jdbc/3.25.2/sqlite-jdbc-3.25.2.jar:/home/runner/.m2/repository/org/springframework/spring-jdbc/5.3.26/spring-jdbc-5.3.26.jar:/home/runner/.m2/repository/org/springframework/spring-beans/5.3.26/spring-beans-5.3.26.jar:/home/runner/.m2/repository/org/springframework/spring-core/5.3.26/spring-core-5.3.26.jar:/home/runner/.m2/repository/org/springframework/spring-tx/5.3.26/spring-tx-5.3.26.jar:/home/runner/.m2/repository/org/apache/ozone/ozone-client/1.4.0-SNAPSHOT/ozone-client-1.4.0-SNAPSHOT.jar:/home/runner/.m2/repository/org/apache/ozone/hdds-erasurecode/1.4.0-SNAPSHOT/hdds-erasurecode-1.4.0-SNAPSHOT.jar:/home/runner/.m2/repository/org/apache/ozone/ozone-filesystem/1.4.0-SNAPSHOT/ozone-filesystem-1.4.0-SNAPSHOT.jar:/home/runner/.m2/repository/org/apache/ozone/ozone-filesystem-common/1.4.0-SNAPSHOT/ozone-filesystem-common-1.4.0-SNAPSHOT.jar:/home/runner/.m2/repository/org/apache/ozone/ozone-tools/1.4.0-SNAPSHOT/ozone-tools-1.4.0-SNAPSHOT.jar:/home/runner/.m2/repository/com/amazonaws/aws-java-sdk-core/1.12.261/aws-java-sdk-core-1.12.261.jar:/home/runner/.m2/repository/org/apache/httpcomponents/httpclient/4.5.13/httpclient-4.5.13.jar:/home/runner/.m2/repository/org/apache/httpcomponents/httpcore/4.4.13/httpcore-4.4.13.jar:/home/runner/.m2/repository/software/amazon/ion/ion-java/1.0.2/ion-java-1.0.2.jar:/home/runner/.m2/repository/com/fasterxml/jackson/dataformat/jackson-dataformat-cbor/2.13.4/jackson-dataformat-cbor-2.13.4.jar:/home/runner/.m2/repository/joda-time/joda-time/2.10.6/joda-time-2.10.6.jar:/home/runner/.m2/repository/com/amazonaws/aws-java-sdk-s3/1.12.261/aws-java-sdk-s3-1.12.261.jar:/home/runner/.m2/repository/com/amazonaws/aws-java-sdk-kms/1.12.261/aws-java-sdk-kms-1.12.261.jar:/home/runner/.m2/repository/com/amazonaws/jmespath-java/1.12.261/jmespath-java-1.12.261.jar:/home/runner/.m2/repository/org/kohsuke/metainf-services/metainf-services/1.8/metainf-services-1.8.jar:/home/runner/.m2/repository/org/apache/ozone/hdds-tools/1.4.0-SNAPSHOT/hdds-tools-1.4.0-SNAPSHOT.jar:/home/runner/.m2/repository/org/apache/ratis/ratis-tools/2.4.2-8b8bdda-SNAPSHOT/ratis-tools-2.4.2-8b8bdda-SNAPSHOT.jar:/home/runner/.m2/repository/commons-cli/commons-cli/1.2/commons-cli-1.2.jar:/home/runner/.m2/repository/org/apache/commons/commons-lang3/3.7/commons-lang3-3.7.jar:/home/runner/.m2/repository/org/apache/ozone/ozone-manager/1.4.0-SNAPSHOT/ozone-manager-1.4.0-SNAPSHOT-tests.jar:/home/runner/.m2/repository/org/apache/ozone/hdds-common/1.4.0-SNAPSHOT/hdds-common-1.4.0-SNAPSHOT-tests.jar:/home/runner/.m2/repository/org/apache/ozone/hdds-hadoop-dependency-client/1.4.0-SNAPSHOT/hdds-hadoop-dependency-client-1.4.0-SNAPSHOT.jar:/home/runner/.m2/repository/info/picocli/picocli/4.6.1/picocli-4.6.1.jar:/home/runner/.m2/repository/com/fasterxml/jackson/core/jackson-annotations/2.13.4/jackson-annotations-2.13.4.jar:/home/runner/.m2/repository/org/apache/ozone/hdds-annotation-processing/1.4.0-SNAPSHOT/hdds-annotation-processing-1.4.0-SNAPSHOT.jar:/home/runner/.m2/repository/javax/annotation/javax.annotation-api/1.2/javax.annotation-api-1.2.jar:/home/runner/.m2/repository/org/apache/ratis/ratis-netty/2.4.2-8b8bdda-SNAPSHOT/ratis-netty-2.4.2-8b8bdda-SNAPSHOT.jar:/home/runner/.m2/repository/org/apache/ratis/ratis-grpc/2.4.2-8b8bdda-SNAPSHOT/ratis-grpc-2.4.2-8b8bdda-SNAPSHOT.jar:/home/runner/.m2/repository/org/apache/logging/log4j/log4j-api/2.17.1/log4j-api-2.17.1.jar:/home/runner/.m2/repository/org/apache/commons/commons-pool2/2.6.0/commons-pool2-2.6.0.jar:/home/runner/.m2/repository/org/bouncycastle/bcpkix-jdk15on/1.67/bcpkix-jdk15on-1.67.jar:/home/runner/.m2/repository/commons-validator/commons-validator/1.6/commons-validator-1.6.jar:/home/runner/.m2/repository/commons-beanutils/commons-beanutils/1.9.4/commons-beanutils-1.9.4.jar:/home/runner/.m2/repository/commons-digester/commons-digester/1.8.1/commons-digester-1.8.1.jar:/home/runner/.m2/repository/commons-collections/commons-collections/3.2.2/commons-collections-3.2.2.jar:/home/runner/.m2/repository/io/jaegertracing/jaeger-client/1.6.0/jaeger-client-1.6.0.jar:/home/runner/.m2/repository/io/jaegertracing/jaeger-thrift/1.6.0/jaeger-thrift-1.6.0.jar:/home/runner/.m2/repository/org/apache/thrift/libthrift/0.14.1/libthrift-0.14.1.jar:/home/runner/.m2/repository/io/jaegertracing/jaeger-core/1.6.0/jaeger-core-1.6.0.jar:/home/runner/.m2/repository/io/jaegertracing/jaeger-tracerresolver/1.6.0/jaeger-tracerresolver-1.6.0.jar:/home/runner/.m2/repository/io/opentracing/contrib/opentracing-tracerresolver/0.1.8/opentracing-tracerresolver-0.1.8.jar:/home/runner/.m2/repository/org/jetbrains/kotlin/kotlin-stdlib/1.6.21/kotlin-stdlib-1.6.21.jar:/home/runner/.m2/repository/org/jetbrains/annotations/13.0/annotations-13.0.jar:/home/runner/.m2/repository/io/opentracing/opentracing-util/0.33.0/opentracing-util-0.33.0.jar:/home/runner/.m2/repository/io/opentracing/opentracing-api/0.33.0/opentracing-api-0.33.0.jar:/home/runner/.m2/repository/io/opentracing/opentracing-noop/0.33.0/opentracing-noop-0.33.0.jar:/home/runner/.m2/repository/org/yaml/snakeyaml/2.0/snakeyaml-2.0.jar:/home/runner/.m2/repository/junit/junit/4.13.1/junit-4.13.1.jar:/home/runner/.m2/repository/org/hamcrest/hamcrest-core/1.3/hamcrest-core-1.3.jar:/home/runner/.m2/repository/org/junit/jupiter/junit-jupiter-api/5.8.2/junit-jupiter-api-5.8.2.jar:/home/runner/.m2/repository/org/opentest4j/opentest4j/1.2.0/opentest4j-1.2.0.jar:/home/runner/.m2/repository/org/junit/platform/junit-platform-commons/1.8.2/junit-platform-commons-1.8.2.jar:/home/runner/.m2/repository/org/apiguardian/apiguardian-api/1.1.2/apiguardian-api-1.1.2.jar:/home/runner/.m2/repository/org/junit/jupiter/junit-jupiter-params/5.8.2/junit-jupiter-params-5.8.2.jar:/home/runner/.m2/repository/org/junit/jupiter/junit-jupiter-migrationsupport/5.8.2/junit-jupiter-migrationsupport-5.8.2.jar:/home/runner/.m2/repository/org/junit/jupiter/junit-jupiter-engine/5.8.2/junit-jupiter-engine-5.8.2.jar:/home/runner/.m2/repository/org/junit/platform/junit-platform-engine/1.8.2/junit-platform-engine-1.8.2.jar:/home/runner/.m2/repository/org/junit/vintage/junit-vintage-engine/5.8.2/junit-vintage-engine-5.8.2.jar:/home/runner/.m2/repository/org/junit/platform/junit-platform-launcher/1.8.2/junit-platform-launcher-1.8.2.jar:/home/runner/.m2/repository/org/mockito/mockito-core/2.28.2/mockito-core-2.28.2.jar:/home/runner/.m2/repository/net/bytebuddy/byte-buddy/1.9.10/byte-buddy-1.9.10.jar:/home/runner/.m2/repository/net/bytebuddy/byte-buddy-agent/1.9.10/byte-buddy-agent-1.9.10.jar:/home/runner/.m2/repository/org/objenesis/objenesis/1.0/objenesis-1.0.jar:/home/runner/.m2/repository/org/apache/hadoop/hadoop-kms/3.3.5/hadoop-kms-3.3.5.jar:/home/runner/.m2/repository/org/apache/hadoop/hadoop-auth/3.3.5/hadoop-auth-3.3.5.jar:/home/runner/.m2/repository/com/nimbusds/nimbus-jose-jwt/9.8.1/nimbus-jose-jwt-9.8.1.jar:/home/runner/.m2/repository/com/github/stephenc/jcip/jcip-annotations/1.0-1/jcip-annotations-1.0-1.jar:/home/runner/.m2/repository/net/minidev/json-smart/2.4.7/json-smart-2.4.7.jar:/home/runner/.m2/repository/net/minidev/accessors-smart/2.4.7/accessors-smart-2.4.7.jar:/home/runner/.m2/repository/org/ow2/asm/asm/5.0.4/asm-5.0.4.jar:/home/runner/.m2/repository/org/apache/zookeeper/zookeeper/3.5.6/zookeeper-3.5.6.jar:/home/runner/.m2/repository/org/apache/zookeeper/zookeeper-jute/3.5.6/zookeeper-jute-3.5.6.jar:/home/runner/.m2/repository/org/apache/yetus/audience-annotations/0.5.0/audience-annotations-0.5.0.jar:/home/runner/.m2/repository/org/apache/curator/curator-framework/4.2.0/curator-framework-4.2.0.jar:/home/runner/.m2/repository/org/apache/hadoop/thirdparty/hadoop-shaded-guava/1.1.1/hadoop-shaded-guava-1.1.1.jar:/home/runner/.m2/repository/com/sun/jersey/jersey-core/1.19/jersey-core-1.19.jar:/home/runner/.m2/repository/javax/ws/rs/jsr311-api/1.1.1/jsr311-api-1.1.1.jar:/home/runner/.m2/repository/com/sun/jersey/jersey-server/1.19/jersey-server-1.19.jar:/home/runner/.m2/repository/javax/servlet/javax.servlet-api/3.1.0/javax.servlet-api-3.1.0.jar:/home/runner/.m2/repository/org/apache/hadoop/hadoop-common/3.3.5/hadoop-common-3.3.5.jar:/home/runner/.m2/repository/org/apache/commons/commons-math3/3.1.1/commons-math3-3.1.1.jar:/home/runner/.m2/repository/commons-net/commons-net/3.9.0/commons-net-3.9.0.jar:/home/runner/.m2/repository/com/sun/jersey/jersey-servlet/1.19/jersey-servlet-1.19.jar:/home/runner/.m2/repository/com/github/pjfanning/jersey-json/1.20/jersey-json-1.20.jar:/home/runner/.m2/repository/org/codehaus/jettison/jettison/1.1/jettison-1.1.jar:/home/runner/.m2/repository/com/sun/xml/bind/jaxb-impl/2.2.3-1/jaxb-impl-2.2.3-1.jar:/home/runner/.m2/repository/com/google/re2j/re2j/1.1/re2j-1.1.jar:/home/runner/.m2/repository/com/jcraft/jsch/0.1.54/jsch-0.1.54.jar:/home/runner/.m2/repository/org/apache/curator/curator-client/4.2.0/curator-client-4.2.0.jar:/home/runner/.m2/repository/org/apache/curator/curator-recipes/4.2.0/curator-recipes-4.2.0.jar:/home/runner/.m2/repository/org/apache/kerby/kerb-core/1.0.1/kerb-core-1.0.1.jar:/home/runner/.m2/repository/org/apache/kerby/kerby-pkix/1.0.1/kerby-pkix-1.0.1.jar:/home/runner/.m2/repository/org/apache/kerby/kerby-asn1/1.0.1/kerby-asn1-1.0.1.jar:/home/runner/.m2/repository/org/apache/kerby/kerby-util/1.0.1/kerby-util-1.0.1.jar:/home/runner/.m2/repository/dnsjava/dnsjava/2.1.7/dnsjava-2.1.7.jar:/home/runner/.m2/repository/org/xerial/snappy/snappy-java/1.1.8.2/snappy-java-1.1.8.2.jar:/home/runner/.m2/repository/com/fasterxml/jackson/core/jackson-databind/2.13.4.2/jackson-databind-2.13.4.2.jar:/home/runner/.m2/repository/org/apache/hadoop/hadoop-kms/3.3.5/hadoop-kms-3.3.5-tests.jar:/home/runner/.m2/repository/org/apache/ozone/hdds-server-scm/1.4.0-SNAPSHOT/hdds-server-scm-1.4.0-SNAPSHOT-tests.jar:/home/runner/.m2/repository/org/apache/ozone/hdds-container-service/1.4.0-SNAPSHOT/hdds-container-service-1.4.0-SNAPSHOT-tests.jar:/home/runner/.m2/repository/com/github/luben/zstd-jni/1.5.2-5/zstd-jni-1.5.2-5.jar:/home/runner/.m2/repository/commons-codec/commons-codec/1.15/commons-codec-1.15.jar:/home/runner/.m2/repository/io/netty/netty-codec/4.1.86.Final/netty-codec-4.1.86.Final.jar:/home/runner/.m2/repository/io/netty/netty-handler/4.1.86.Final/netty-handler-4.1.86.Final.jar:/home/runner/.m2/repository/org/apache/ozone/hdds-hadoop-dependency-test/1.4.0-SNAPSHOT/hdds-hadoop-dependency-test-1.4.0-SNAPSHOT.jar:/home/runner/.m2/repository/org/apache/hadoop/hadoop-common/3.3.5/hadoop-common-3.3.5-tests.jar:/home/runner/.m2/repository/org/apache/hadoop/hadoop-hdfs/3.3.5/hadoop-hdfs-3.3.5-tests.jar:/home/runner/.m2/repository/org/assertj/assertj-core/3.12.2/assertj-core-3.12.2.jar:/home/runner/.m2/repository/org/apache/hadoop/hadoop-distcp/3.3.5/hadoop-distcp-3.3.5.jar:/home/runner/.m2/repository/org/apache/hadoop/hadoop-mapreduce-client-jobclient/3.3.5/hadoop-mapreduce-client-jobclient-3.3.5.jar:/home/runner/.m2/repository/org/apache/hadoop/hadoop-mapreduce-client-common/3.3.5/hadoop-mapreduce-client-common-3.3.5.jar:/home/runner/.m2/repository/org/apache/hadoop/hadoop-yarn-common/3.3.5/hadoop-yarn-common-3.3.5.jar:/home/runner/.m2/repository/org/apache/hadoop/hadoop-yarn-api/3.3.5/hadoop-yarn-api-3.3.5.jar:/home/runner/.m2/repository/com/sun/jersey/contribs/jersey-guice/1.19/jersey-guice-1.19.jar:/home/runner/.m2/repository/com/fasterxml/jackson/jaxrs/jackson-jaxrs-json-provider/2.13.4/jackson-jaxrs-json-provider-2.13.4.jar:/home/runner/.m2/repository/com/fasterxml/jackson/jaxrs/jackson-jaxrs-base/2.13.4/jackson-jaxrs-base-2.13.4.jar:/home/runner/.m2/repository/org/apache/hadoop/hadoop-yarn-client/3.3.5/hadoop-yarn-client-3.3.5.jar:/home/runner/.m2/repository/org/eclipse/jetty/websocket/websocket-client/9.4.48.v20220622/websocket-client-9.4.48.v20220622.jar:/home/runner/.m2/repository/org/eclipse/jetty/websocket/websocket-common/9.4.48.v20220622/websocket-common-9.4.48.v20220622.jar:/home/runner/.m2/repository/org/eclipse/jetty/websocket/websocket-api/9.4.48.v20220622/websocket-api-9.4.48.v20220622.jar:/home/runner/.m2/repository/org/jline/jline/3.9.0/jline-3.9.0.jar:/home/runner/.m2/repository/org/apache/hadoop/hadoop-mapreduce-client-core/3.3.5/hadoop-mapreduce-client-core-3.3.5.jar:/home/runner/.m2/repository/org/apache/avro/avro/1.7.7/avro-1.7.7.jar:/home/runner/.m2/repository/com/thoughtworks/paranamer/paranamer/2.3/paranamer-2.3.jar:/home/runner/.m2/repository/org/apache/hadoop/hadoop-annotations/3.3.5/hadoop-annotations-3.3.5.jar:/usr/lib/jvm/temurin-8-jdk-amd64/jre/../lib/tools.jar:/home/runner/.m2/repository/io/netty/netty/3.10.6.Final/netty-3.10.6.Final.jar:/home/runner/.m2/repository/org/apache/hadoop/hadoop-distcp/3.3.5/hadoop-distcp-3.3.5-tests.jar:/home/runner/.m2/repository/org/slf4j/jul-to-slf4j/1.7.36/jul-to-slf4j-1.7.36.jar:"/>
    <property name="sun.cpu.endian" value="little"/>
    <property name="user.home" value="/home/runner"/>
    <property name="user.language" value="en"/>
    <property name="java.specification.vendor" value="Oracle Corporation"/>
    <property name="java.home" value="/usr/lib/jvm/temurin-8-jdk-amd64/jre"/>
    <property name="java.security.krb5.conf" value="/home/runner/work/ozone/ozone/hadoop-ozone/integration-test/target/test-classes/krb5.conf"/>
    <property name="basedir" value="/home/runner/work/ozone/ozone/hadoop-ozone/integration-test"/>
    <property name="file.separator" value="/"/>
    <property name="line.separator" value="&#10;"/>
    <property name="java.vm.specification.vendor" value="Oracle Corporation"/>
    <property name="java.specification.name" value="Java Platform API Specification"/>
    <property name="java.awt.graphicsenv" value="sun.awt.X11GraphicsEnvironment"/>
    <property name="skip.installnpx" value="true"/>
    <property name="surefire.real.class.path" value="/home/runner/work/ozone/ozone/hadoop-ozone/integration-test/target/surefire/surefirebooter6540173224587483935.jar:/home/runner/.m2/repository/org/jacoco/org.jacoco.agent/0.8.5/org.jacoco.agent-0.8.5-runtime.jar"/>
    <property name="hadoop.log.dir" value="/home/runner/work/ozone/ozone/hadoop-ozone/integration-test/target/log"/>
    <property name="sun.boot.class.path" value="/usr/lib/jvm/temurin-8-jdk-amd64/jre/lib/resources.jar:/usr/lib/jvm/temurin-8-jdk-amd64/jre/lib/rt.jar:/usr/lib/jvm/temurin-8-jdk-amd64/jre/lib/sunrsasign.jar:/usr/lib/jvm/temurin-8-jdk-amd64/jre/lib/jsse.jar:/usr/lib/jvm/temurin-8-jdk-amd64/jre/lib/jce.jar:/usr/lib/jvm/temurin-8-jdk-amd64/jre/lib/charsets.jar:/usr/lib/jvm/temurin-8-jdk-amd64/jre/lib/jfr.jar:/usr/lib/jvm/temurin-8-jdk-amd64/jre/classes"/>
    <property name="sun.management.compiler" value="HotSpot 64-Bit Tiered Compilers"/>
    <property name="skip.npx" value="true"/>
    <property name="java.runtime.version" value="1.8.0_362-b09"/>
    <property name="java.net.preferIPv4Stack" value="true"/>
    <property name="user.name" value="runner"/>
    <property name="path.separator" value=":"/>
    <property name="java.security.egd" value="file:///dev/urandom"/>
    <property name="os.version" value="5.15.0-1036-azure"/>
    <property name="java.endorsed.dirs" value="/usr/lib/jvm/temurin-8-jdk-amd64/jre/lib/endorsed"/>
    <property name="java.runtime.name" value="OpenJDK Runtime Environment"/>
    <property name="file.encoding" value="UTF-8"/>
    <property name="java.vm.name" value="OpenJDK 64-Bit Server VM"/>
    <property name="test.build.webapps" value=""/>
    <property name="localRepository" value="/home/runner/.m2/repository"/>
    <property name="jetty.git.hash" value="b45c405e4544384de066f814ed42ae3dceacdd49"/>
    <property name="java.vendor.url.bug" value="https://github.com/adoptium/adoptium-support/issues"/>
    <property name="java.io.tmpdir" value="/tmp"/>
    <property name="require.test.libhadoop" value=""/>
    <property name="java.version" value="1.8.0_362"/>
    <property name="user.dir" value="/home/runner/work/ozone/ozone/hadoop-ozone/integration-test"/>
    <property name="os.arch" value="amd64"/>
    <property name="java.vm.specification.name" value="Java Virtual Machine Specification"/>
    <property name="test.build.classes" value="/home/runner/work/ozone/ozone/hadoop-ozone/integration-test/target/test-classes"/>
    <property name="java.awt.printerjob" value="sun.print.PSPrinterJob"/>
    <property name="sun.os.patch.level" value="unknown"/>
    <property name="org.apache.ratis.thirdparty.io.netty.allocator.useCacheForAllThreads" value="false"/>
    <property name="hadoop.tmp.dir" value="/home/runner/work/ozone/ozone/hadoop-ozone/integration-test/target/tmp"/>
    <property name="java.library.path" value="/usr/java/packages/lib/amd64:/usr/lib64:/lib64:/lib:/usr/lib"/>
    <property name="java.vm.info" value="mixed mode"/>
    <property name="java.vendor" value="Temurin"/>
    <property name="java.vm.version" value="25.362-b09"/>
    <property name="java.specification.maintenance.version" value="4"/>
    <property name="java.ext.dirs" value="/usr/lib/jvm/temurin-8-jdk-amd64/jre/lib/ext:/usr/java/packages/lib/ext"/>
    <property name="sun.io.unicode.encoding" value="UnicodeLittle"/>
    <property name="java.class.version" value="52.0"/>
  </properties>
  <testcase name="testPipelineInfo" classname="org.apache.hadoop.ozone.scm.pipeline.TestPipelineManagerMXBean" time="26.622">
    <failure type="org.opentest4j.AssertionFailedError"><![CDATA[org.opentest4j.AssertionFailedError: expected: <0> but was: <1>
	at org.junit.jupiter.api.AssertionUtils.fail(AssertionUtils.java:55)
	at org.junit.jupiter.api.AssertionUtils.failNotEqual(AssertionUtils.java:62)
	at org.junit.jupiter.api.AssertEquals.assertEquals(AssertEquals.java:166)
	at org.junit.jupiter.api.AssertEquals.assertEquals(AssertEquals.java:161)
	at org.junit.jupiter.api.Assertions.assertEquals(Assertions.java:628)
	at org.apache.hadoop.ozone.scm.pipeline.TestPipelineManagerMXBean.verifyEquals(TestPipelineManagerMXBean.java:89)
	at org.apache.hadoop.ozone.scm.pipeline.TestPipelineManagerMXBean.testPipelineInfo(TestPipelineManagerMXBean.java:73)
	at sun.reflect.NativeMethodAccessorImpl.invoke0(Native Method)
	at sun.reflect.NativeMethodAccessorImpl.invoke(NativeMethodAccessorImpl.java:62)
	at sun.reflect.DelegatingMethodAccessorImpl.invoke(DelegatingMethodAccessorImpl.java:43)
	at java.lang.reflect.Method.invoke(Method.java:498)
	at org.junit.platform.commons.util.ReflectionUtils.invokeMethod(ReflectionUtils.java:725)
	at org.junit.jupiter.engine.execution.MethodInvocation.proceed(MethodInvocation.java:60)
	at org.junit.jupiter.engine.execution.InvocationInterceptorChain$ValidatingInvocation.proceed(InvocationInterceptorChain.java:131)
	at org.junit.jupiter.engine.extension.TimeoutInvocation.proceed(TimeoutInvocation.java:46)
	at org.junit.jupiter.engine.extension.TimeoutExtension.intercept(TimeoutExtension.java:149)
	at org.junit.jupiter.engine.extension.TimeoutExtension.interceptTestableMethod(TimeoutExtension.java:140)
	at org.junit.jupiter.engine.extension.TimeoutExtension.interceptTestMethod(TimeoutExtension.java:84)
	at org.junit.jupiter.engine.execution.ExecutableInvoker$ReflectiveInterceptorCall.lambda$ofVoidMethod$0(ExecutableInvoker.java:115)
	at org.junit.jupiter.engine.execution.ExecutableInvoker.lambda$invoke$0(ExecutableInvoker.java:105)
	at org.junit.jupiter.engine.execution.InvocationInterceptorChain$InterceptedInvocation.proceed(InvocationInterceptorChain.java:106)
	at org.junit.jupiter.engine.execution.InvocationInterceptorChain.proceed(InvocationInterceptorChain.java:64)
	at org.junit.jupiter.engine.execution.InvocationInterceptorChain.chainAndInvoke(InvocationInterceptorChain.java:45)
	at org.junit.jupiter.engine.execution.InvocationInterceptorChain.invoke(InvocationInterceptorChain.java:37)
	at org.junit.jupiter.engine.execution.ExecutableInvoker.invoke(ExecutableInvoker.java:104)
	at org.junit.jupiter.engine.execution.ExecutableInvoker.invoke(ExecutableInvoker.java:98)
	at org.junit.jupiter.engine.descriptor.TestMethodTestDescriptor.lambda$invokeTestMethod$7(TestMethodTestDescriptor.java:214)
	at org.junit.platform.engine.support.hierarchical.ThrowableCollector.execute(ThrowableCollector.java:73)
	at org.junit.jupiter.engine.descriptor.TestMethodTestDescriptor.invokeTestMethod(TestMethodTestDescriptor.java:210)
	at org.junit.jupiter.engine.descriptor.TestMethodTestDescriptor.execute(TestMethodTestDescriptor.java:135)
	at org.junit.jupiter.engine.descriptor.TestMethodTestDescriptor.execute(TestMethodTestDescriptor.java:66)
	at org.junit.platform.engine.support.hierarchical.NodeTestTask.lambda$executeRecursively$6(NodeTestTask.java:151)
	at org.junit.platform.engine.support.hierarchical.ThrowableCollector.execute(ThrowableCollector.java:73)
	at org.junit.platform.engine.support.hierarchical.NodeTestTask.lambda$executeRecursively$8(NodeTestTask.java:141)
	at org.junit.platform.engine.support.hierarchical.Node.around(Node.java:137)
	at org.junit.platform.engine.support.hierarchical.NodeTestTask.lambda$executeRecursively$9(NodeTestTask.java:139)
	at org.junit.platform.engine.support.hierarchical.ThrowableCollector.execute(ThrowableCollector.java:73)
	at org.junit.platform.engine.support.hierarchical.NodeTestTask.executeRecursively(NodeTestTask.java:138)
	at org.junit.platform.engine.support.hierarchical.NodeTestTask.execute(NodeTestTask.java:95)
	at java.util.ArrayList.forEach(ArrayList.java:1259)
	at org.junit.platform.engine.support.hierarchical.SameThreadHierarchicalTestExecutorService.invokeAll(SameThreadHierarchicalTestExecutorService.java:41)
	at org.junit.platform.engine.support.hierarchical.NodeTestTask.lambda$executeRecursively$6(NodeTestTask.java:155)
	at org.junit.platform.engine.support.hierarchical.ThrowableCollector.execute(ThrowableCollector.java:73)
	at org.junit.platform.engine.support.hierarchical.NodeTestTask.lambda$executeRecursively$8(NodeTestTask.java:141)
	at org.junit.platform.engine.support.hierarchical.Node.around(Node.java:137)
	at org.junit.platform.engine.support.hierarchical.NodeTestTask.lambda$executeRecursively$9(NodeTestTask.java:139)
	at org.junit.platform.engine.support.hierarchical.ThrowableCollector.execute(ThrowableCollector.java:73)
	at org.junit.platform.engine.support.hierarchical.NodeTestTask.executeRecursively(NodeTestTask.java:138)
	at org.junit.platform.engine.support.hierarchical.NodeTestTask.execute(NodeTestTask.java:95)
	at java.util.ArrayList.forEach(ArrayList.java:1259)
	at org.junit.platform.engine.support.hierarchical.SameThreadHierarchicalTestExecutorService.invokeAll(SameThreadHierarchicalTestExecutorService.java:41)
	at org.junit.platform.engine.support.hierarchical.NodeTestTask.lambda$executeRecursively$6(NodeTestTask.java:155)
	at org.junit.platform.engine.support.hierarchical.ThrowableCollector.execute(ThrowableCollector.java:73)
	at org.junit.platform.engine.support.hierarchical.NodeTestTask.lambda$executeRecursively$8(NodeTestTask.java:141)
	at org.junit.platform.engine.support.hierarchical.Node.around(Node.java:137)
	at org.junit.platform.engine.support.hierarchical.NodeTestTask.lambda$executeRecursively$9(NodeTestTask.java:139)
	at org.junit.platform.engine.support.hierarchical.ThrowableCollector.execute(ThrowableCollector.java:73)
	at org.junit.platform.engine.support.hierarchical.NodeTestTask.executeRecursively(NodeTestTask.java:138)
	at org.junit.platform.engine.support.hierarchical.NodeTestTask.execute(NodeTestTask.java:95)
	at org.junit.platform.engine.support.hierarchical.SameThreadHierarchicalTestExecutorService.submit(SameThreadHierarchicalTestExecutorService.java:35)
	at org.junit.platform.engine.support.hierarchical.HierarchicalTestExecutor.execute(HierarchicalTestExecutor.java:57)
	at org.junit.platform.engine.support.hierarchical.HierarchicalTestEngine.execute(HierarchicalTestEngine.java:54)
	at org.junit.platform.launcher.core.EngineExecutionOrchestrator.execute(EngineExecutionOrchestrator.java:107)
	at org.junit.platform.launcher.core.EngineExecutionOrchestrator.execute(EngineExecutionOrchestrator.java:88)
	at org.junit.platform.launcher.core.EngineExecutionOrchestrator.lambda$execute$0(EngineExecutionOrchestrator.java:54)
	at org.junit.platform.launcher.core.EngineExecutionOrchestrator.withInterceptedStreams(EngineExecutionOrchestrator.java:67)
	at org.junit.platform.launcher.core.EngineExecutionOrchestrator.execute(EngineExecutionOrchestrator.java:52)
	at org.junit.platform.launcher.core.DefaultLauncher.execute(DefaultLauncher.java:114)
	at org.junit.platform.launcher.core.DefaultLauncher.execute(DefaultLauncher.java:86)
	at org.junit.platform.launcher.core.DefaultLauncherSession$DelegatingLauncher.execute(DefaultLauncherSession.java:86)
	at org.junit.platform.launcher.core.SessionPerRequestLauncher.execute(SessionPerRequestLauncher.java:53)
	at org.apache.maven.surefire.junitplatform.JUnitPlatformProvider.execute(JUnitPlatformProvider.java:188)
	at org.apache.maven.surefire.junitplatform.JUnitPlatformProvider.invokeAllTests(JUnitPlatformProvider.java:154)
	at org.apache.maven.surefire.junitplatform.JUnitPlatformProvider.invoke(JUnitPlatformProvider.java:124)
	at org.apache.maven.surefire.booter.ForkedBooter.runSuitesInProcess(ForkedBooter.java:428)
	at org.apache.maven.surefire.booter.ForkedBooter.execute(ForkedBooter.java:162)
	at org.apache.maven.surefire.booter.ForkedBooter.run(ForkedBooter.java:562)
	at org.apache.maven.surefire.booter.ForkedBooter.main(ForkedBooter.java:548)
]]></failure>
    <system-out><![CDATA[2023-04-27 19:24:45,874 [main] WARN  server.ServerUtils (ServerUtils.java:getScmDbDir(148)) - ozone.scm.db.dirs is not configured. We recommend adding this setting. Falling back to ozone.metadata.dirs instead.
2023-04-27 19:24:46,022 [main] WARN  server.ServerUtils (ServerUtils.java:getScmDbDir(148)) - ozone.scm.db.dirs is not configured. We recommend adding this setting. Falling back to ozone.metadata.dirs instead.
2023-04-27 19:24:46,026 [main] INFO  ha.SCMHANodeDetails (SCMHANodeDetails.java:loadSCMHAConfig(209)) - ServiceID for StorageContainerManager is null
2023-04-27 19:24:46,032 [main] WARN  ha.SCMHANodeDetails (SCMHANodeDetails.java:validateSCMHAConfig(182)) - Invalid config ozone.scm.ratis.enable. The config was not specified, but the default value true conflicts with the expected config value false. Falling back to the expected value. Current State of SCM: SCM is running in Non-HA without Ratis Ratis SCM -> Non Ratis SCM or Non HA SCM -> HA SCM is not supported
2023-04-27 19:24:46,033 [main] INFO  ha.SCMHANodeDetails (SCMHANodeDetails.java:loadSCMHAConfig(214)) - ozone.scm.default.service.id is not defined, falling back to ozone.scm.service.ids to find serviceID for StorageContainerManager if it is HA enabled cluster
2023-04-27 19:24:46,734 [main] WARN  utils.HAUtils (HAUtils.java:getMetaDir(350)) - ozone.scm.db.dirs is not configured. We recommend adding this setting. Falling back to ozone.metadata.dirs instead.
2023-04-27 19:24:46,898 [main] WARN  db.DBStoreBuilder (DBStoreBuilder.java:applyDBDefinition(182)) - ozone.scm.db.dirs is not configured. We recommend adding this setting. Falling back to ozone.metadata.dirs instead.
2023-04-27 19:24:47,159 [main] INFO  net.NodeSchemaLoader (NodeSchemaLoader.java:loadSchemaFromFile(129)) - Loading schema from [jar:file:/home/runner/.m2/repository/org/apache/ozone/hdds-common/1.4.0-SNAPSHOT/hdds-common-1.4.0-SNAPSHOT.jar!/network-topology-default.xml]
2023-04-27 19:24:47,161 [main] INFO  net.NodeSchemaLoader (NodeSchemaLoader.java:loadSchema(176)) - Loading network topology layer schema file
2023-04-27 19:24:47,215 [main] INFO  metrics.MetricRegistries (MetricRegistriesLoader.java:load(64)) - Loaded MetricRegistries class org.apache.ratis.metrics.impl.MetricRegistriesImpl
2023-04-27 19:24:47,223 [main] INFO  upgrade.AbstractLayoutVersionManager (AbstractLayoutVersionManager.java:init(83)) - Initializing Layout version manager with metadata layout = WEBUI_PORTS_IN_DATANODEDETAILS (version = 6), software layout = WEBUI_PORTS_IN_DATANODEDETAILS (version = 6)
2023-04-27 19:24:47,521 [main] INFO  reflections.Reflections (Reflections.java:scan(232)) - Reflections took 196 ms to scan 7 urls, producing 156 keys and 369 values 
2023-04-27 19:24:47,654 [main] INFO  ha.SequenceIdGenerator (SequenceIdGenerator.java:upgradeToSequenceId(349)) - upgrade localId to 111677748019200000
2023-04-27 19:24:47,655 [main] INFO  ha.SequenceIdGenerator (SequenceIdGenerator.java:upgradeToSequenceId(359)) - upgrade delTxnId to 0
2023-04-27 19:24:47,659 [main] INFO  ha.SequenceIdGenerator (SequenceIdGenerator.java:upgradeToSequenceId(376)) - upgrade containerId to 0
2023-04-27 19:24:47,662 [main] INFO  ha.SequenceIdGenerator (SequenceIdGenerator.java:<init>(220)) - Init the HA SequenceIdGenerator.
2023-04-27 19:24:47,741 [main] WARN  server.ServerUtils (ServerUtils.java:sanitizeUserArgs(73)) - ozone.scm.stale.node.interval value = 300000 is larger than max = 100000 based on the key value of ozone.scm.heartbeat.thread.interval, reset to the max value 100000.
2023-04-27 19:24:47,742 [main] WARN  server.ServerUtils (ServerUtils.java:sanitizeUserArgs(73)) - ozone.scm.stale.node.interval value = 300000 is larger than max = 100000 based on the key value of ozone.scm.heartbeat.thread.interval, reset to the max value 100000.
2023-04-27 19:24:47,749 [main] INFO  node.SCMNodeManager (SCMNodeManager.java:<init>(156)) - Entering startup safe mode.
2023-04-27 19:24:47,770 [main] INFO  algorithms.ContainerPlacementPolicyFactory (ContainerPlacementPolicyFactory.java:getPolicyInternal(86)) - Create container placement policy of type org.apache.hadoop.hdds.scm.container.placement.algorithms.SCMContainerPlacementRackAware
2023-04-27 19:24:47,774 [main] INFO  algorithms.ContainerPlacementPolicyFactory (ContainerPlacementPolicyFactory.java:getPolicyInternal(86)) - Create container placement policy of type org.apache.hadoop.hdds.scm.container.placement.algorithms.SCMContainerPlacementRackScatter
2023-04-27 19:24:47,785 [main] INFO  pipeline.PipelineStateManagerImpl (PipelineStateManagerImpl.java:initialize(78)) - No pipeline exists in current db
2023-04-27 19:24:47,826 [main] INFO  algorithms.LeaderChoosePolicyFactory (LeaderChoosePolicyFactory.java:getPolicy(57)) - Create leader choose policy of type org.apache.hadoop.hdds.scm.pipeline.leader.choose.algorithms.MinLeaderCountChoosePolicy
2023-04-27 19:24:47,827 [main] INFO  algorithms.ContainerPlacementPolicyFactory (ContainerPlacementPolicyFactory.java:getPolicyInternal(86)) - Create container placement policy of type org.apache.hadoop.hdds.scm.container.placement.algorithms.SCMContainerPlacementRackScatter
2023-04-27 19:24:47,837 [main] INFO  ha.SCMServiceManager (SCMServiceManager.java:register(42)) - Registering service BackgroundPipelineCreator.
2023-04-27 19:24:47,838 [main] INFO  pipeline.BackgroundPipelineCreator (BackgroundPipelineCreator.java:start(124)) - Starting RatisPipelineUtilsThread.
2023-04-27 19:24:47,843 [main] INFO  BackgroundPipelineScrubber (BackgroundSCMService.java:start(68)) - Starting BackgroundPipelineScrubber Service.
2023-04-27 19:24:47,844 [main] INFO  ha.SCMServiceManager (SCMServiceManager.java:register(42)) - Registering service BackgroundPipelineScrubber.
2023-04-27 19:24:47,853 [main] INFO  ExpiredContainerReplicaOpScrubber (BackgroundSCMService.java:start(68)) - Starting ExpiredContainerReplicaOpScrubber Service.
2023-04-27 19:24:47,854 [main] INFO  ha.SCMServiceManager (SCMServiceManager.java:register(42)) - Registering service ExpiredContainerReplicaOpScrubber.
2023-04-27 19:24:47,907 [main] INFO  algorithms.PipelineChoosePolicyFactory (PipelineChoosePolicyFactory.java:createPipelineChoosePolicyFromClass(73)) - Create pipeline choose policy of type org.apache.hadoop.hdds.scm.pipeline.choose.algorithms.RandomPipelineChoosePolicy
2023-04-27 19:24:47,930 [main] INFO  ha.SCMServiceManager (SCMServiceManager.java:register(42)) - Registering service SCMBlockDeletingService.
2023-04-27 19:24:48,006 [main] INFO  replication.ReplicationManager (ReplicationManager.java:start(288)) - Starting Replication Monitor Thread.
2023-04-27 19:24:48,015 [main] INFO  ha.SCMServiceManager (SCMServiceManager.java:register(42)) - Registering service ReplicationManager.
2023-04-27 19:24:48,020 [ReplicationMonitor] INFO  replication.ReplicationManager (ReplicationManager.java:processAll(363)) - Replication Manager is not ready to run until 3000ms after safemode exit
2023-04-27 19:24:48,026 [main] INFO  safemode.ContainerSafeModeRule (ContainerSafeModeRule.java:<init>(89)) - containers with one replica threshold count 0
2023-04-27 19:24:48,032 [main] INFO  safemode.HealthyPipelineSafeModeRule (HealthyPipelineSafeModeRule.java:initializeRule(169)) - Total pipeline count is 0, healthy pipeline threshold count is 1
2023-04-27 19:24:48,039 [main] INFO  safemode.OneReplicaPipelineSafeModeRule (OneReplicaPipelineSafeModeRule.java:initializeRule(180)) - Total pipeline count is 0, pipeline's with at least one datanode reported threshold count is 0
2023-04-27 19:24:48,100 [main] INFO  server.StorageContainerManager (StorageContainerManager.java:<init>(403)) - SCM start with adminUsers: [runner]
2023-04-27 19:24:48,415 [main] INFO  audit.AuditLogger (AuditLogger.java:refreshDebugCmdSet(126)) - Refresh DebugCmdSet for SCMAudit to [].
2023-04-27 19:24:48,452 [main] INFO  ipc.CallQueueManager (CallQueueManager.java:<init>(90)) - Using callQueue: class java.util.concurrent.LinkedBlockingQueue, queueCapacity: 2000, scheduler: class org.apache.hadoop.ipc.DefaultRpcScheduler, ipcBackoff: false.
2023-04-27 19:24:48,498 [Socket Reader #1 for port 0] INFO  ipc.Server (Server.java:run(1319)) - Starting Socket Reader #1 for port 0
2023-04-27 19:24:48,580 [Listener at 0.0.0.0/43055] INFO  audit.AuditLogger (AuditLogger.java:refreshDebugCmdSet(126)) - Refresh DebugCmdSet for SCMAudit to [].
2023-04-27 19:24:48,586 [Listener at 0.0.0.0/43055] INFO  ipc.CallQueueManager (CallQueueManager.java:<init>(90)) - Using callQueue: class java.util.concurrent.LinkedBlockingQueue, queueCapacity: 2000, scheduler: class org.apache.hadoop.ipc.DefaultRpcScheduler, ipcBackoff: false.
2023-04-27 19:24:48,587 [Socket Reader #1 for port 0] INFO  ipc.Server (Server.java:run(1319)) - Starting Socket Reader #1 for port 0
2023-04-27 19:24:48,620 [Listener at 0.0.0.0/35999] INFO  audit.AuditLogger (AuditLogger.java:refreshDebugCmdSet(126)) - Refresh DebugCmdSet for SCMAudit to [].
2023-04-27 19:24:48,710 [Listener at 0.0.0.0/35999] INFO  ipc.CallQueueManager (CallQueueManager.java:<init>(90)) - Using callQueue: class java.util.concurrent.LinkedBlockingQueue, queueCapacity: 2000, scheduler: class org.apache.hadoop.ipc.DefaultRpcScheduler, ipcBackoff: false.
2023-04-27 19:24:48,711 [Socket Reader #1 for port 0] INFO  ipc.Server (Server.java:run(1319)) - Starting Socket Reader #1 for port 0
2023-04-27 19:24:48,783 [Listener at 0.0.0.0/44503] INFO  ha.SCMServiceManager (SCMServiceManager.java:register(42)) - Registering service ContainerBalancer.
2023-04-27 19:24:48,784 [Listener at 0.0.0.0/44503] INFO  server.StorageContainerManager (StorageContainerManager.java:<init>(420)) - 
Container Balancer status:
Key                            Value
Running                        false
Container Balancer Configuration values:
Key                                                Value
Threshold                                          10
Max Datanodes to Involve per Iteration(percent)    20
Max Size to Move per Iteration                     500GB
Max Size Entering Target per Iteration             26GB
Max Size Leaving Source per Iteration              26GB

2023-04-27 19:24:48,784 [Listener at 0.0.0.0/44503] INFO  ha.SCMContext (SCMContext.java:updateSafeModeStatus(228)) - Update SafeModeStatus from SafeModeStatus{safeModeStatus=true, preCheckPassed=false} to SafeModeStatus{safeModeStatus=true, preCheckPassed=false}.
2023-04-27 19:24:48,797 [Listener at 0.0.0.0/44503] INFO  server.StorageContainerManager (StorageContainerManager.java:start(1477)) - StorageContainerLocationProtocol RPC server is listening at /0.0.0.0:44503
2023-04-27 19:24:48,878 [Listener at 0.0.0.0/44503] WARN  impl.MetricsConfig (MetricsConfig.java:loadFirst(136)) - Cannot locate configuration: tried hadoop-metrics2-storagecontainermanager.properties,hadoop-metrics2.properties
2023-04-27 19:24:48,892 [Listener at 0.0.0.0/44503] INFO  impl.MetricsSystemImpl (MetricsSystemImpl.java:startTimer(378)) - Scheduled Metric snapshot period at 10 second(s).
2023-04-27 19:24:48,892 [Listener at 0.0.0.0/44503] INFO  impl.MetricsSystemImpl (MetricsSystemImpl.java:start(191)) - StorageContainerManager metrics system started
2023-04-27 19:24:49,194 [Listener at 0.0.0.0/44503] INFO  server.SCMClientProtocolServer (SCMClientProtocolServer.java:start(197)) - RPC server for Client  is listening at /0.0.0.0:44503
2023-04-27 19:24:49,194 [IPC Server Responder] INFO  ipc.Server (Server.java:run(1558)) - IPC Server Responder: starting
2023-04-27 19:24:49,202 [Listener at 0.0.0.0/44503] INFO  server.StorageContainerManager (StorageContainerManager.java:start(1491)) - ScmBlockLocationProtocol RPC server is listening at /0.0.0.0:35999
2023-04-27 19:24:49,207 [Listener at 0.0.0.0/44503] INFO  server.SCMBlockProtocolServer (SCMBlockProtocolServer.java:start(152)) - RPC server for Block Protocol is listening at /0.0.0.0:35999
2023-04-27 19:24:49,197 [IPC Server listener on 0] INFO  ipc.Server (Server.java:run(1398)) - IPC Server listener on 0: starting
2023-04-27 19:24:49,208 [IPC Server Responder] INFO  ipc.Server (Server.java:run(1558)) - IPC Server Responder: starting
2023-04-27 19:24:49,209 [IPC Server listener on 0] INFO  ipc.Server (Server.java:run(1398)) - IPC Server listener on 0: starting
2023-04-27 19:24:49,212 [Listener at 0.0.0.0/44503] INFO  server.SCMDatanodeProtocolServer (SCMDatanodeProtocolServer.java:start(193)) - ScmDatanodeProtocol RPC server for DataNodes is listening at /0.0.0.0:43055
2023-04-27 19:24:49,213 [IPC Server Responder] INFO  ipc.Server (Server.java:run(1558)) - IPC Server Responder: starting
2023-04-27 19:24:49,214 [IPC Server listener on 0] INFO  ipc.Server (Server.java:run(1398)) - IPC Server listener on 0: starting
2023-04-27 19:24:49,253 [org.apache.hadoop.util.JvmPauseMonitor$Monitor@7528089c] INFO  util.JvmPauseMonitor (JvmPauseMonitor.java:run(188)) - Starting JVM pause monitor
2023-04-27 19:24:49,259 [Listener at 0.0.0.0/44503] INFO  http.BaseHttpServer (BaseHttpServer.java:newHttpServer2BuilderForOzone(224)) - Starting Web-server for scm at: http://0.0.0.0:0
2023-04-27 19:24:49,259 [Listener at 0.0.0.0/44503] INFO  http.BaseHttpServer (BaseHttpServer.java:<init>(111)) - Hadoop Security Enabled: false Ozone Security Enabled: false Ozone HTTP Security Enabled: false 
2023-04-27 19:24:49,289 [Listener at 0.0.0.0/44503] INFO  util.log (Log.java:initialized(170)) - Logging initialized @5058ms to org.eclipse.jetty.util.log.Slf4jLog
2023-04-27 19:24:49,402 [Listener at 0.0.0.0/44503] WARN  server.AuthenticationFilter (AuthenticationFilter.java:constructSecretProvider(240)) - Unable to initialize FileSignerSecretProvider, falling back to use random secrets. Reason: Could not read signature secret file: /home/runner/hadoop-http-auth-signature-secret
2023-04-27 19:24:49,409 [Listener at 0.0.0.0/44503] INFO  http.HttpRequestLog (HttpRequestLog.java:getRequestLog(86)) - Http request log for http.requests.scm is not defined
2023-04-27 19:24:49,418 [Listener at 0.0.0.0/44503] INFO  http.HttpServer2 (HttpServer2.java:addGlobalFilter(1031)) - Added global filter 'safety' (class=org.apache.hadoop.hdds.server.http.HttpServer2$QuotingInputFilter)
2023-04-27 19:24:49,421 [Listener at 0.0.0.0/44503] INFO  http.HttpServer2 (HttpServer2.java:addFilter(1007)) - Added filter static_user_filter (class=org.apache.hadoop.http.lib.StaticUserWebFilter$StaticUserFilter) to context scm
2023-04-27 19:24:49,421 [Listener at 0.0.0.0/44503] INFO  http.HttpServer2 (HttpServer2.java:addFilter(1015)) - Added filter static_user_filter (class=org.apache.hadoop.http.lib.StaticUserWebFilter$StaticUserFilter) to context logs
2023-04-27 19:24:49,421 [Listener at 0.0.0.0/44503] INFO  http.HttpServer2 (HttpServer2.java:addFilter(1015)) - Added filter static_user_filter (class=org.apache.hadoop.http.lib.StaticUserWebFilter$StaticUserFilter) to context static
2023-04-27 19:24:49,463 [Listener at 0.0.0.0/44503] INFO  http.BaseHttpServer (BaseHttpServer.java:<init>(190)) - HTTP server of scm uses base directory /home/runner/work/ozone/ozone/hadoop-ozone/integration-test/target/test-dir/MiniOzoneClusterImpl-cbda0cd1-5e50-4c9a-9fd3-3711af7baf07/ozone-meta/webserver
2023-04-27 19:24:49,465 [Listener at 0.0.0.0/44503] INFO  http.HttpServer2 (HttpServer2.java:bindListener(1250)) - Jetty bound to port 44505
2023-04-27 19:24:49,466 [Listener at 0.0.0.0/44503] INFO  server.Server (Server.java:doStart(375)) - jetty-9.4.51.v20230217; built: 2023-02-17T08:19:37.309Z; git: b45c405e4544384de066f814ed42ae3dceacdd49; jvm 1.8.0_362-b09
2023-04-27 19:24:49,516 [Listener at 0.0.0.0/44503] INFO  server.session (DefaultSessionIdManager.java:doStart(334)) - DefaultSessionIdManager workerName=node0
2023-04-27 19:24:49,516 [Listener at 0.0.0.0/44503] INFO  server.session (DefaultSessionIdManager.java:doStart(339)) - No SessionScavenger set, using defaults
2023-04-27 19:24:49,518 [Listener at 0.0.0.0/44503] INFO  server.session (HouseKeeper.java:startScavenging(132)) - node0 Scavenging every 600000ms
2023-04-27 19:24:49,532 [Listener at 0.0.0.0/44503] INFO  handler.ContextHandler (ContextHandler.java:doStart(921)) - Started o.e.j.s.ServletContextHandler@1a3272e0{logs,/logs,file:///home/runner/work/ozone/ozone/hadoop-ozone/integration-test/target/log,AVAILABLE}
2023-04-27 19:24:49,533 [Listener at 0.0.0.0/44503] INFO  handler.ContextHandler (ContextHandler.java:doStart(921)) - Started o.e.j.s.ServletContextHandler@ab3b54{static,/static,file:///home/runner/work/ozone/ozone/hadoop-ozone/integration-test/target/test-classes/webapps/static,AVAILABLE}
2023-04-27 19:24:49,580 [Listener at 0.0.0.0/44503] INFO  handler.ContextHandler (ContextHandler.java:doStart(921)) - Started o.e.j.w.WebAppContext@6915351c{scm,/,file:///home/runner/work/ozone/ozone/hadoop-ozone/integration-test/target/test-classes/webapps/scm/,AVAILABLE}{file:/home/runner/work/ozone/ozone/hadoop-ozone/integration-test/target/test-classes/webapps/scm}
2023-04-27 19:24:49,591 [Listener at 0.0.0.0/44503] INFO  server.AbstractConnector (AbstractConnector.java:doStart(333)) - Started ServerConnector@26b150cd{HTTP/1.1, (http/1.1)}{0.0.0.0:44505}
2023-04-27 19:24:49,591 [Listener at 0.0.0.0/44503] INFO  server.Server (Server.java:doStart(415)) - Started @5360ms
2023-04-27 19:24:49,594 [Listener at 0.0.0.0/44503] INFO  impl.MetricsSinkAdapter (MetricsSinkAdapter.java:start(204)) - Sink prometheus started
2023-04-27 19:24:49,594 [Listener at 0.0.0.0/44503] INFO  impl.MetricsSystemImpl (MetricsSystemImpl.java:registerSink(305)) - Registered sink prometheus
2023-04-27 19:24:49,596 [Listener at 0.0.0.0/44503] INFO  http.BaseHttpServer (BaseHttpServer.java:updateConnectorAddress(344)) - HTTP server of scm listening at http://0.0.0.0:44505
2023-04-27 19:24:49,600 [Listener at 0.0.0.0/44503] WARN  server.ServerUtils (ServerUtils.java:getDBPath(225)) - ozone.om.db.dirs is not configured. We recommend adding this setting. Falling back to ozone.metadata.dirs instead.
2023-04-27 19:24:49,670 [Listener at 0.0.0.0/44503] INFO  audit.AuditLogger (AuditLogger.java:refreshDebugCmdSet(126)) - Refresh DebugCmdSet for OMAudit to [].
2023-04-27 19:24:49,765 [Listener at 0.0.0.0/44503] INFO  ha.OMHANodeDetails (OMHANodeDetails.java:loadOMHAConfig(115)) - ozone.om.internal.service.id is not defined, falling back to ozone.om.service.ids to find serviceID for OzoneManager if it is HA enabled cluster
2023-04-27 19:24:49,769 [Listener at 0.0.0.0/44503] INFO  ha.OMHANodeDetails (OMHANodeDetails.java:loadOMHAConfig(226)) - Configuration does not have ozone.om.address set. Falling back to the default OM address /127.0.0.1:0
2023-04-27 19:24:49,769 [Listener at 0.0.0.0/44503] INFO  ha.OMHANodeDetails (OMHANodeDetails.java:getOMNodeDetailsForNonHA(254)) - OM Service ID is not set. Setting it to the default ID: omServiceIdDefault
2023-04-27 19:24:49,770 [Listener at 0.0.0.0/44503] INFO  ha.OMHANodeDetails (OMHANodeDetails.java:getOMNodeDetailsForNonHA(261)) - OM Node ID is not set. Setting it to the default ID: om1
2023-04-27 19:24:49,778 [Listener at 0.0.0.0/44503] WARN  server.ServerUtils (ServerUtils.java:getDBPath(225)) - ozone.om.db.dirs is not configured. We recommend adding this setting. Falling back to ozone.metadata.dirs instead.
2023-04-27 19:24:49,781 [Listener at 0.0.0.0/44503] INFO  upgrade.AbstractLayoutVersionManager (AbstractLayoutVersionManager.java:init(83)) - Initializing Layout version manager with metadata layout = HSYNC (version = 4), software layout = HSYNC (version = 4)
2023-04-27 19:24:49,888 [Listener at 0.0.0.0/44503] INFO  reflections.Reflections (Reflections.java:scan(232)) - Reflections took 101 ms to scan 2 urls, producing 172 keys and 478 values [using 2 cores]
2023-04-27 19:24:49,894 [Listener at 0.0.0.0/44503] INFO  upgrade.OMLayoutVersionManager (OMLayoutVersionManager.java:lambda$0(115)) - Skipping Upgrade Action MockOmUpgradeAction since it has been finalized.
2023-04-27 19:24:49,897 [Listener at 0.0.0.0/44503] WARN  server.ServerUtils (ServerUtils.java:getDBPath(225)) - ozone.om.db.dirs is not configured. We recommend adding this setting. Falling back to ozone.metadata.dirs instead.
2023-04-27 19:24:50,071 [Listener at 0.0.0.0/44503] INFO  proxy.SCMBlockLocationFailoverProxyProvider (SCMBlockLocationFailoverProxyProvider.java:<init>(114)) - Created block location fail-over proxy with 1 nodes: [nodeId=scmNodeId,nodeAddress=/0.0.0.0:35999]
2023-04-27 19:24:50,109 [Listener at 0.0.0.0/44503] INFO  proxy.SCMBlockLocationFailoverProxyProvider (SCMBlockLocationFailoverProxyProvider.java:<init>(114)) - Created block location fail-over proxy with 1 nodes: [nodeId=scmNodeId,nodeAddress=/0.0.0.0:35999]
2023-04-27 19:24:50,368 [Listener at 0.0.0.0/44503] INFO  om.OzoneManager (OzoneManager.java:<init>(634)) - OM start with adminUsers: [runner]
2023-04-27 19:24:50,382 [Listener at 0.0.0.0/44503] WARN  server.ServerUtils (ServerUtils.java:getDBPath(225)) - ozone.om.db.dirs is not configured. We recommend adding this setting. Falling back to ozone.metadata.dirs instead.
2023-04-27 19:24:50,391 [Listener at 0.0.0.0/44503] INFO  codec.OmKeyInfoCodec (OmKeyInfoCodec.java:<init>(49)) - OmKeyInfoCodec ignorePipeline = true
2023-04-27 19:24:50,393 [Listener at 0.0.0.0/44503] INFO  codec.RepeatedOmKeyInfoCodec (RepeatedOmKeyInfoCodec.java:<init>(41)) - RepeatedOmKeyInfoCodec ignorePipeline = true
2023-04-27 19:24:50,673 [Listener at 0.0.0.0/44503] INFO  om.OzoneManager (OzoneManager.java:instantiateServices(764)) - S3 Multi-Tenancy is disabled
2023-04-27 19:24:50,708 [Listener at 0.0.0.0/44503] WARN  server.ServerUtils (ServerUtils.java:getDBPath(225)) - ozone.om.snapshot.diff.db.dir is not configured. We recommend adding this setting. Falling back to ozone.metadata.dirs instead.
2023-04-27 19:24:50,828 [Listener at 0.0.0.0/44503] INFO  om.OzoneManager (OzoneManager.java:addS3GVolumeToDB(4263)) - Created Volume s3v With Owner runner required for S3Gateway operations.
2023-04-27 19:24:50,897 [Listener at 0.0.0.0/44503] WARN  server.ServerUtils (ServerUtils.java:getDefaultRatisDirectory(237)) - Storage directory for Ratis is not configured. It is a good idea to map this to an SSD disk. Falling back to ozone.metadata.dirs
2023-04-27 19:24:50,898 [Listener at 0.0.0.0/44503] WARN  utils.OzoneManagerRatisUtils (OzoneManagerRatisUtils.java:getOMRatisSnapshotDirectory(459)) - ozone.om.ratis.snapshot.dir is not configured. Falling back to ozone.metadata.dirs config
2023-04-27 19:24:50,919 [Listener at 0.0.0.0/44503] WARN  server.ServerUtils (ServerUtils.java:getDefaultRatisDirectory(237)) - Storage directory for Ratis is not configured. It is a good idea to map this to an SSD disk. Falling back to ozone.metadata.dirs
2023-04-27 19:24:50,954 [Listener at 0.0.0.0/44503] INFO  ratis.OzoneManagerRatisServer (OzoneManagerRatisServer.java:<init>(163)) - Instantiating OM Ratis server with groupID: omServiceIdDefault and peers: localhost:9872
2023-04-27 19:24:50,965 [Listener at 0.0.0.0/44503] INFO  ratis.OzoneManagerStateMachine (OzoneManagerStateMachine.java:loadSnapshotInfoFromDB(670)) - LastAppliedIndex is set from TransactionInfo from OM DB as (t:0, i:~)
2023-04-27 19:24:51,020 [Listener at 0.0.0.0/44503] INFO  server.RaftServer (ConfUtils.java:logGet(46)) - raft.rpc.type = GRPC (default)
2023-04-27 19:24:51,100 [Listener at 0.0.0.0/44503] INFO  grpc.GrpcConfigKeys (ConfUtils.java:logFallback(53)) - raft.grpc.admin.host = null (fallback to raft.grpc.server.host)
2023-04-27 19:24:51,102 [Listener at 0.0.0.0/44503] INFO  grpc.GrpcConfigKeys (ConfUtils.java:logFallback(53)) - raft.grpc.admin.port = 9872 (fallback to raft.grpc.server.port)
2023-04-27 19:24:51,103 [Listener at 0.0.0.0/44503] INFO  grpc.GrpcConfigKeys (ConfUtils.java:logFallback(53)) - raft.grpc.client.host = null (fallback to raft.grpc.server.host)
2023-04-27 19:24:51,104 [Listener at 0.0.0.0/44503] INFO  grpc.GrpcConfigKeys (ConfUtils.java:logFallback(53)) - raft.grpc.client.port = 9872 (fallback to raft.grpc.server.port)
2023-04-27 19:24:51,104 [Listener at 0.0.0.0/44503] INFO  grpc.GrpcConfigKeys (ConfUtils.java:logGet(46)) - raft.grpc.server.host = null (default)
2023-04-27 19:24:51,104 [Listener at 0.0.0.0/44503] INFO  grpc.GrpcConfigKeys (ConfUtils.java:logGet(46)) - raft.grpc.server.port = 9872 (custom)
2023-04-27 19:24:51,105 [Listener at 0.0.0.0/44503] INFO  server.GrpcService (ConfUtils.java:logGet(46)) - raft.grpc.message.size.max = 33554432 (custom)
2023-04-27 19:24:51,106 [Listener at 0.0.0.0/44503] INFO  server.RaftServerConfigKeys (ConfUtils.java:logGet(46)) - raft.server.log.appender.buffer.byte-limit = 33554432 (custom)
2023-04-27 19:24:51,107 [Listener at 0.0.0.0/44503] INFO  server.GrpcService (ConfUtils.java:logGet(46)) - raft.grpc.flow.control.window = 1MB (=1048576) (default)
2023-04-27 19:24:51,108 [Listener at 0.0.0.0/44503] INFO  server.RaftServerConfigKeys (ConfUtils.java:logGet(46)) - raft.server.rpc.request.timeout = 3000ms (default)
2023-04-27 19:24:51,124 [Listener at 0.0.0.0/44503] INFO  grpc.GrpcConfigKeys (ConfUtils.java:logGet(46)) - raft.grpc.server.heartbeat.channel = true (default)
2023-04-27 19:24:51,127 [Listener at 0.0.0.0/44503] INFO  grpc.GrpcConfigKeys (ConfUtils.java:logGet(46)) - raft.grpc.server.async.request.thread.pool.cached = true (default)
2023-04-27 19:24:51,127 [Listener at 0.0.0.0/44503] INFO  grpc.GrpcConfigKeys (ConfUtils.java:logGet(46)) - raft.grpc.server.async.request.thread.pool.size = 32 (default)
2023-04-27 19:24:51,367 [Listener at 0.0.0.0/44503] INFO  impl.DataStreamServerImpl (ConfUtils.java:logGet(46)) - raft.datastream.type = DISABLED (default)
2023-04-27 19:24:51,369 [Listener at 0.0.0.0/44503] INFO  server.RaftServerConfigKeys (ConfUtils.java:logGet(46)) - raft.server.threadpool.proxy.cached = true (default)
2023-04-27 19:24:51,370 [Listener at 0.0.0.0/44503] INFO  server.RaftServerConfigKeys (ConfUtils.java:logGet(46)) - raft.server.threadpool.proxy.size = 0 (default)
2023-04-27 19:24:51,370 [Listener at 0.0.0.0/44503] INFO  server.RaftServerConfigKeys (ConfUtils.java:logGet(46)) - raft.server.rpc.slowness.timeout = 120s (custom)
2023-04-27 19:24:51,371 [Listener at 0.0.0.0/44503] INFO  server.RaftServerConfigKeys (ConfUtils.java:logGet(46)) - raft.server.leaderelection.leader.step-down.wait-time = 10s (default)
2023-04-27 19:24:51,374 [Listener at 0.0.0.0/44503] INFO  server.RaftServerConfigKeys (ConfUtils.java:logGet(46)) - raft.server.storage.dir = [/home/runner/work/ozone/ozone/hadoop-ozone/integration-test/target/test-dir/MiniOzoneClusterImpl-cbda0cd1-5e50-4c9a-9fd3-3711af7baf07/ozone-meta/ratis] (custom)
2023-04-27 19:24:51,385 [Listener at 0.0.0.0/44503] INFO  server.RaftServer (RaftServerProxy.java:addNew(96)) - om1: addNew group-C5BA1605619E:[om1|rpc:localhost:9872|priority:0|startupRole:FOLLOWER] returns group-C5BA1605619E:java.util.concurrent.CompletableFuture@7bd03562[Not completed]
2023-04-27 19:24:51,385 [Listener at 0.0.0.0/44503] INFO  om.OzoneManager (OzoneManager.java:initializeRatisServer(2106)) - OzoneManager Ratis server initialized at port 9872
2023-04-27 19:24:51,390 [Listener at 0.0.0.0/44503] INFO  om.OzoneManager (OzoneManager.java:getRpcServer(1153)) - Creating RPC Server
2023-04-27 19:24:51,418 [pool-61-thread-1] INFO  server.RaftServer$Division (RaftServerImpl.java:<init>(195)) - om1: new RaftServerImpl for group-C5BA1605619E:[om1|rpc:localhost:9872|priority:0|startupRole:FOLLOWER] with OzoneManagerStateMachine:uninitialized
2023-04-27 19:24:51,426 [pool-61-thread-1] INFO  server.RaftServerConfigKeys (ConfUtils.java:logGet(46)) - raft.server.rpc.timeout.min = 1s (custom)
2023-04-27 19:24:51,428 [pool-61-thread-1] INFO  server.RaftServerConfigKeys (ConfUtils.java:logGet(46)) - raft.server.rpc.timeout.max = 1200ms (custom)
2023-04-27 19:24:51,428 [pool-61-thread-1] INFO  server.RaftServerConfigKeys (ConfUtils.java:logGet(46)) - raft.server.rpc.sleep.time = 25ms (default)
2023-04-27 19:24:51,429 [pool-61-thread-1] INFO  server.RaftServerConfigKeys (ConfUtils.java:logGet(46)) - raft.server.rpc.slowness.timeout = 120s (custom)
2023-04-27 19:24:51,429 [pool-61-thread-1] INFO  server.RaftServerConfigKeys (ConfUtils.java:logGet(46)) - raft.server.leaderelection.leader.step-down.wait-time = 10s (default)
2023-04-27 19:24:51,429 [pool-61-thread-1] INFO  server.RaftServerConfigKeys (ConfUtils.java:logGet(46)) - raft.server.sleep.deviation.threshold = 300ms (default)
2023-04-27 19:24:51,450 [pool-61-thread-1] INFO  server.RaftServer$Division (ServerState.java:<init>(118)) - om1@group-C5BA1605619E: ConfigurationManager, init=-1: peers:[om1|rpc:localhost:9872|priority:0|startupRole:FOLLOWER]|listeners:[], old=null, confs=<EMPTY_MAP>
2023-04-27 19:24:51,451 [pool-61-thread-1] INFO  server.RaftServerConfigKeys (ConfUtils.java:logGet(46)) - raft.server.storage.dir = [/home/runner/work/ozone/ozone/hadoop-ozone/integration-test/target/test-dir/MiniOzoneClusterImpl-cbda0cd1-5e50-4c9a-9fd3-3711af7baf07/ozone-meta/ratis] (custom)
2023-04-27 19:24:51,484 [pool-61-thread-1] INFO  server.RaftServerConfigKeys (ConfUtils.java:logGet(46)) - raft.server.log.corruption.policy = EXCEPTION (default)
2023-04-27 19:24:51,484 [pool-61-thread-1] INFO  server.RaftServerConfigKeys (ConfUtils.java:logGet(46)) - raft.server.storage.free-space.min = 0MB (=0) (default)
2023-04-27 19:24:51,500 [pool-61-thread-1] INFO  server.RaftServerConfigKeys (ConfUtils.java:logGet(46)) - raft.server.notification.no-leader.timeout = 120s (custom)
2023-04-27 19:24:51,503 [pool-61-thread-1] INFO  server.RaftServerConfigKeys (ConfUtils.java:logGet(46)) - raft.server.retrycache.expirytime = 300s (custom)
2023-04-27 19:24:51,503 [pool-61-thread-1] INFO  server.RaftServerConfigKeys (ConfUtils.java:logGet(46)) - raft.server.retrycache.statistics.expirytime = 100μs (default)
2023-04-27 19:24:51,706 [pool-61-thread-1] INFO  server.RaftServerConfigKeys (ConfUtils.java:logGet(46)) - raft.server.log.appender.install.snapshot.enabled = false (custom)
2023-04-27 19:24:51,709 [pool-61-thread-1] INFO  server.RaftServerConfigKeys (ConfUtils.java:logGet(46)) - raft.server.threadpool.server.cached = true (default)
2023-04-27 19:24:51,712 [pool-61-thread-1] INFO  server.RaftServerConfigKeys (ConfUtils.java:logGet(46)) - raft.server.threadpool.server.size = 0 (default)
2023-04-27 19:24:51,712 [pool-61-thread-1] INFO  server.RaftServerConfigKeys (ConfUtils.java:logGet(46)) - raft.server.threadpool.client.cached = true (default)
2023-04-27 19:24:51,712 [pool-61-thread-1] INFO  server.RaftServerConfigKeys (ConfUtils.java:logGet(46)) - raft.server.threadpool.client.size = 0 (default)
2023-04-27 19:24:52,437 [Listener at 0.0.0.0/44503] INFO  reflections.Reflections (Reflections.java:scan(232)) - Reflections took 984 ms to scan 19 urls, producing 68 keys and 5108 values [using 2 cores]
2023-04-27 19:24:52,616 [Listener at 0.0.0.0/44503] INFO  ipc.CallQueueManager (CallQueueManager.java:<init>(90)) - Using callQueue: class java.util.concurrent.LinkedBlockingQueue, queueCapacity: 2000, scheduler: class org.apache.hadoop.ipc.DefaultRpcScheduler, ipcBackoff: false.
2023-04-27 19:24:52,617 [Socket Reader #1 for port 0] INFO  ipc.Server (Server.java:run(1319)) - Starting Socket Reader #1 for port 0
2023-04-27 19:24:52,651 [Listener at 127.0.0.1/40321] INFO  impl.MetricsSystemImpl (MetricsSystemImpl.java:init(158)) - OzoneManager metrics system started (again)
2023-04-27 19:24:52,665 [Listener at 127.0.0.1/40321] INFO  om.OzoneManager (OzoneManager.java:start(1574)) - OzoneManager RPC server is listening at localhost/127.0.0.1:40321
2023-04-27 19:24:52,665 [Listener at 127.0.0.1/40321] INFO  ratis.OzoneManagerRatisServer (OzoneManagerRatisServer.java:start(558)) - Starting OzoneManagerRatisServer om1 at port 9872
2023-04-27 19:24:52,668 [om1-impl-thread1] INFO  storage.RaftStorageDirectory (RaftStorageDirectoryImpl.java:analyzeStorage(137)) - The storage directory /home/runner/work/ozone/ozone/hadoop-ozone/integration-test/target/test-dir/MiniOzoneClusterImpl-cbda0cd1-5e50-4c9a-9fd3-3711af7baf07/ozone-meta/ratis/bf265839-605b-3f16-9796-c5ba1605619e does not exist. Creating ...
2023-04-27 19:24:52,673 [om1-impl-thread1] INFO  storage.RaftStorageDirectory (RaftStorageDirectoryImpl.java:tryLock(231)) - Lock on /home/runner/work/ozone/ozone/hadoop-ozone/integration-test/target/test-dir/MiniOzoneClusterImpl-cbda0cd1-5e50-4c9a-9fd3-3711af7baf07/ozone-meta/ratis/bf265839-605b-3f16-9796-c5ba1605619e/in_use.lock acquired by nodename 9193@fv-az240-684
2023-04-27 19:24:52,679 [om1-impl-thread1] INFO  storage.RaftStorage (RaftStorageImpl.java:format(96)) - Storage directory /home/runner/work/ozone/ozone/hadoop-ozone/integration-test/target/test-dir/MiniOzoneClusterImpl-cbda0cd1-5e50-4c9a-9fd3-3711af7baf07/ozone-meta/ratis/bf265839-605b-3f16-9796-c5ba1605619e has been successfully formatted.
2023-04-27 19:24:52,683 [om1-impl-thread1] INFO  server.RaftServerConfigKeys (ConfUtils.java:logGet(46)) - raft.server.log.use.memory = false (default)
2023-04-27 19:24:52,696 [om1-impl-thread1] INFO  server.RaftServerConfigKeys (ConfUtils.java:logGet(46)) - raft.server.log.purge.gap = 1000000 (custom)
2023-04-27 19:24:52,696 [om1-impl-thread1] INFO  server.RaftServerConfigKeys (ConfUtils.java:logGet(46)) - raft.server.log.appender.buffer.byte-limit = 33554432 (custom)
2023-04-27 19:24:52,698 [om1-impl-thread1] INFO  server.RaftServerConfigKeys (ConfUtils.java:logGet(46)) - raft.server.log.statemachine.data.read.timeout = 1000ms (default)
2023-04-27 19:24:52,699 [om1-impl-thread1] INFO  server.RaftServerConfigKeys (ConfUtils.java:logGet(46)) - raft.server.log.purge.preservation.log.num = 0 (default)
2023-04-27 19:24:52,703 [om1-impl-thread1] INFO  server.RaftServerConfigKeys (ConfUtils.java:logGet(46)) - raft.server.log.segment.size.max = 4194304 (custom)
2023-04-27 19:24:52,710 [om1-impl-thread1] INFO  server.RaftServerConfigKeys (ConfUtils.java:logGet(46)) - raft.server.log.segment.cache.num.max = 2 (custom)
2023-04-27 19:24:52,711 [om1-impl-thread1] INFO  server.RaftServerConfigKeys (ConfUtils.java:logGet(46)) - raft.server.log.segment.cache.size.max = 200MB (=209715200) (default)
2023-04-27 19:24:52,718 [om1-impl-thread1] INFO  segmented.SegmentedRaftLogWorker (SegmentedRaftLogWorker.java:<init>(189)) - new om1@group-C5BA1605619E-SegmentedRaftLogWorker for RaftStorageImpl:Storage Directory /home/runner/work/ozone/ozone/hadoop-ozone/integration-test/target/test-dir/MiniOzoneClusterImpl-cbda0cd1-5e50-4c9a-9fd3-3711af7baf07/ozone-meta/ratis/bf265839-605b-3f16-9796-c5ba1605619e
2023-04-27 19:24:52,718 [om1-impl-thread1] INFO  server.RaftServerConfigKeys (ConfUtils.java:logGet(46)) - raft.server.log.queue.byte-limit = 64MB (=67108864) (default)
2023-04-27 19:24:52,719 [om1-impl-thread1] INFO  server.RaftServerConfigKeys (ConfUtils.java:logGet(46)) - raft.server.log.queue.element-limit = 4096 (default)
2023-04-27 19:24:52,720 [om1-impl-thread1] INFO  server.RaftServerConfigKeys (ConfUtils.java:logGet(46)) - raft.server.log.segment.size.max = 4194304 (custom)
2023-04-27 19:24:52,720 [om1-impl-thread1] INFO  server.RaftServerConfigKeys (ConfUtils.java:logGet(46)) - raft.server.log.preallocated.size = 4194304 (custom)
2023-04-27 19:24:52,721 [om1-impl-thread1] INFO  server.RaftServerConfigKeys (ConfUtils.java:logGet(46)) - raft.server.log.force.sync.num = 128 (default)
2023-04-27 19:24:52,722 [om1-impl-thread1] INFO  server.RaftServerConfigKeys (ConfUtils.java:logGet(46)) - raft.server.log.statemachine.data.sync = true (default)
2023-04-27 19:24:52,722 [om1-impl-thread1] INFO  server.RaftServerConfigKeys (ConfUtils.java:logGet(46)) - raft.server.log.statemachine.data.sync.timeout = 10s (default)
2023-04-27 19:24:52,722 [om1-impl-thread1] INFO  server.RaftServerConfigKeys (ConfUtils.java:logGet(46)) - raft.server.log.statemachine.data.sync.timeout.retry = -1 (default)
2023-04-27 19:24:52,732 [om1-impl-thread1] INFO  server.RaftServerConfigKeys (ConfUtils.java:logGet(46)) - raft.server.log.write.buffer.size = 64KB (=65536) (default)
2023-04-27 19:24:52,732 [om1-impl-thread1] INFO  server.RaftServerConfigKeys (ConfUtils.java:logGet(46)) - raft.server.log.appender.buffer.byte-limit = 33554432 (custom)
2023-04-27 19:24:52,738 [om1-impl-thread1] INFO  server.RaftServerConfigKeys (ConfUtils.java:logGet(46)) - raft.server.log.unsafe-flush.enabled = false (default)
2023-04-27 19:24:52,738 [om1-impl-thread1] INFO  server.RaftServerConfigKeys (ConfUtils.java:logGet(46)) - raft.server.log.async-flush.enabled = false (default)
2023-04-27 19:24:52,739 [om1-impl-thread1] INFO  server.RaftServerConfigKeys (ConfUtils.java:logGet(46)) - raft.server.log.statemachine.data.caching.enabled = false (default)
2023-04-27 19:24:52,745 [om1-impl-thread1] INFO  segmented.SegmentedRaftLogWorker (SegmentedRaftLogWorker.java:lambda$new$0(135)) - om1@group-C5BA1605619E-SegmentedRaftLogWorker: flushIndex: setUnconditionally 0 -> -1
2023-04-27 19:24:52,746 [om1-impl-thread1] INFO  segmented.SegmentedRaftLogWorker (SegmentedRaftLogWorker.java:lambda$new$0(135)) - om1@group-C5BA1605619E-SegmentedRaftLogWorker: safeCacheEvictIndex: setUnconditionally 0 -> -1
2023-04-27 19:24:52,747 [om1-impl-thread1] INFO  server.RaftServer$Division (RaftServerImpl.java:start(334)) - om1@group-C5BA1605619E: start as a follower, conf=-1: peers:[om1|rpc:localhost:9872|priority:0|startupRole:FOLLOWER]|listeners:[], old=null
2023-04-27 19:24:52,748 [om1-impl-thread1] INFO  server.RaftServer$Division (RaftServerImpl.java:setRole(321)) - om1@group-C5BA1605619E: changes role from      null to FOLLOWER at term 0 for startAsFollower
2023-04-27 19:24:52,750 [om1-impl-thread1] INFO  impl.RoleInfo (RoleInfo.java:updateAndGet(139)) - om1: start om1@group-C5BA1605619E-FollowerState
2023-04-27 19:24:52,753 [om1-impl-thread1] INFO  util.JmxRegister (JmxRegister.java:tryRegister(44)) - Successfully registered JMX Bean with object name Ratis:service=RaftServer,group=group-C5BA1605619E,id=om1
2023-04-27 19:24:52,755 [om1-impl-thread1] INFO  server.RaftServerConfigKeys (ConfUtils.java:logGet(46)) - raft.server.snapshot.auto.trigger.enabled = true (custom)
2023-04-27 19:24:52,756 [om1-impl-thread1] INFO  server.RaftServerConfigKeys (ConfUtils.java:logGet(46)) - raft.server.snapshot.auto.trigger.threshold = 400000 (default)
2023-04-27 19:24:52,756 [om1-impl-thread1] INFO  server.RaftServerConfigKeys (ConfUtils.java:logGet(46)) - raft.server.snapshot.retention.file.num = -1 (default)
2023-04-27 19:24:52,757 [om1-impl-thread1] INFO  server.RaftServerConfigKeys (ConfUtils.java:logGet(46)) - raft.server.log.purge.upto.snapshot.index = true (custom)
2023-04-27 19:24:52,759 [om1@group-C5BA1605619E-FollowerState] INFO  server.RaftServerConfigKeys (ConfUtils.java:logFallback(53)) - raft.server.rpc.first-election.timeout.min = 1s (fallback to raft.server.rpc.timeout.min)
2023-04-27 19:24:52,759 [om1@group-C5BA1605619E-FollowerState] INFO  server.RaftServerConfigKeys (ConfUtils.java:logFallback(53)) - raft.server.rpc.first-election.timeout.max = 1200ms (fallback to raft.server.rpc.timeout.max)
2023-04-27 19:24:52,760 [Listener at 127.0.0.1/40321] INFO  server.RaftServer (RaftServerProxy.java:startImpl(393)) - om1: start RPC server
2023-04-27 19:24:52,814 [Listener at 127.0.0.1/40321] INFO  server.GrpcService (GrpcService.java:startImpl(262)) - om1: GrpcService started, listening on 9872
2023-04-27 19:24:52,817 [Listener at 127.0.0.1/40321] INFO  om.OzoneManager (OzoneManager.java:start(1590)) - Version File has different layout version (4) than OM DB (null). That is expected if this OM has never been finalized to a newer layout version.
2023-04-27 19:24:52,820 [JvmPauseMonitor0] INFO  util.JvmPauseMonitor (JvmPauseMonitor.java:run(105)) - JvmPauseMonitor-om1: Started
2023-04-27 19:24:52,845 [Listener at 127.0.0.1/40321] INFO  http.BaseHttpServer (BaseHttpServer.java:newHttpServer2BuilderForOzone(224)) - Starting Web-server for ozoneManager at: http://0.0.0.0:0
2023-04-27 19:24:52,846 [Listener at 127.0.0.1/40321] INFO  http.BaseHttpServer (BaseHttpServer.java:<init>(111)) - Hadoop Security Enabled: false Ozone Security Enabled: false Ozone HTTP Security Enabled: false 
2023-04-27 19:24:52,848 [Listener at 127.0.0.1/40321] WARN  server.AuthenticationFilter (AuthenticationFilter.java:constructSecretProvider(240)) - Unable to initialize FileSignerSecretProvider, falling back to use random secrets. Reason: Could not read signature secret file: /home/runner/hadoop-http-auth-signature-secret
2023-04-27 19:24:52,855 [Listener at 127.0.0.1/40321] INFO  http.HttpRequestLog (HttpRequestLog.java:getRequestLog(86)) - Http request log for http.requests.ozoneManager is not defined
2023-04-27 19:24:52,859 [Listener at 127.0.0.1/40321] INFO  http.HttpServer2 (HttpServer2.java:addGlobalFilter(1031)) - Added global filter 'safety' (class=org.apache.hadoop.hdds.server.http.HttpServer2$QuotingInputFilter)
2023-04-27 19:24:52,862 [Listener at 127.0.0.1/40321] INFO  http.HttpServer2 (HttpServer2.java:addFilter(1007)) - Added filter static_user_filter (class=org.apache.hadoop.http.lib.StaticUserWebFilter$StaticUserFilter) to context ozoneManager
2023-04-27 19:24:52,862 [Listener at 127.0.0.1/40321] INFO  http.HttpServer2 (HttpServer2.java:addFilter(1015)) - Added filter static_user_filter (class=org.apache.hadoop.http.lib.StaticUserWebFilter$StaticUserFilter) to context static
2023-04-27 19:24:52,862 [Listener at 127.0.0.1/40321] INFO  http.HttpServer2 (HttpServer2.java:addFilter(1015)) - Added filter static_user_filter (class=org.apache.hadoop.http.lib.StaticUserWebFilter$StaticUserFilter) to context logs
2023-04-27 19:24:52,871 [Listener at 127.0.0.1/40321] INFO  http.BaseHttpServer (BaseHttpServer.java:<init>(190)) - HTTP server of ozoneManager uses base directory /home/runner/work/ozone/ozone/hadoop-ozone/integration-test/target/test-dir/MiniOzoneClusterImpl-cbda0cd1-5e50-4c9a-9fd3-3711af7baf07/ozone-meta/webserver
2023-04-27 19:24:52,876 [Listener at 127.0.0.1/40321] INFO  http.HttpServer2 (HttpServer2.java:bindListener(1250)) - Jetty bound to port 33595
2023-04-27 19:24:52,876 [Listener at 127.0.0.1/40321] INFO  server.Server (Server.java:doStart(375)) - jetty-9.4.51.v20230217; built: 2023-02-17T08:19:37.309Z; git: b45c405e4544384de066f814ed42ae3dceacdd49; jvm 1.8.0_362-b09
2023-04-27 19:24:52,881 [Listener at 127.0.0.1/40321] INFO  server.session (DefaultSessionIdManager.java:doStart(334)) - DefaultSessionIdManager workerName=node0
2023-04-27 19:24:52,881 [Listener at 127.0.0.1/40321] INFO  server.session (DefaultSessionIdManager.java:doStart(339)) - No SessionScavenger set, using defaults
2023-04-27 19:24:52,882 [Listener at 127.0.0.1/40321] INFO  server.session (HouseKeeper.java:startScavenging(132)) - node0 Scavenging every 660000ms
2023-04-27 19:24:52,883 [Listener at 127.0.0.1/40321] INFO  handler.ContextHandler (ContextHandler.java:doStart(921)) - Started o.e.j.s.ServletContextHandler@6050ea4e{logs,/logs,file:///home/runner/work/ozone/ozone/hadoop-ozone/integration-test/target/log,AVAILABLE}
2023-04-27 19:24:52,883 [Listener at 127.0.0.1/40321] INFO  handler.ContextHandler (ContextHandler.java:doStart(921)) - Started o.e.j.s.ServletContextHandler@430e10a5{static,/static,file:///home/runner/work/ozone/ozone/hadoop-ozone/integration-test/target/test-classes/webapps/static,AVAILABLE}
2023-04-27 19:24:52,891 [Listener at 127.0.0.1/40321] INFO  handler.ContextHandler (ContextHandler.java:doStart(921)) - Started o.e.j.w.WebAppContext@12ff3bb8{ozoneManager,/,file:///home/runner/work/ozone/ozone/hadoop-ozone/integration-test/target/test-classes/webapps/ozoneManager/,AVAILABLE}{file:/home/runner/work/ozone/ozone/hadoop-ozone/integration-test/target/test-classes/webapps/ozoneManager}
2023-04-27 19:24:52,895 [Listener at 127.0.0.1/40321] INFO  server.AbstractConnector (AbstractConnector.java:doStart(333)) - Started ServerConnector@5a7686{HTTP/1.1, (http/1.1)}{0.0.0.0:33595}
2023-04-27 19:24:52,896 [Listener at 127.0.0.1/40321] INFO  server.Server (Server.java:doStart(415)) - Started @8665ms
2023-04-27 19:24:52,896 [Listener at 127.0.0.1/40321] WARN  impl.MetricsSystemImpl (MetricsSystemImpl.java:register(279)) - Sink prometheus already exists!
2023-04-27 19:24:52,897 [Listener at 127.0.0.1/40321] INFO  http.BaseHttpServer (BaseHttpServer.java:updateConnectorAddress(344)) - HTTP server of ozoneManager listening at http://0.0.0.0:33595
2023-04-27 19:24:52,898 [IPC Server Responder] INFO  ipc.Server (Server.java:run(1558)) - IPC Server Responder: starting
2023-04-27 19:24:52,898 [IPC Server listener on 0] INFO  ipc.Server (Server.java:run(1398)) - IPC Server listener on 0: starting
2023-04-27 19:24:52,900 [Listener at 127.0.0.1/40321] INFO  om.OzoneManager (OzoneManager.java:startTrashEmptier(2050)) - Trash Interval set to 0. Files deleted won't move to trash
2023-04-27 19:24:52,908 [org.apache.hadoop.util.JvmPauseMonitor$Monitor@3241c573] INFO  util.JvmPauseMonitor (JvmPauseMonitor.java:run(188)) - Starting JVM pause monitor
2023-04-27 19:24:53,058 [Listener at 127.0.0.1/40321] WARN  impl.MetricRegistriesImpl (MetricRegistriesImpl.java:addReporterRegistration(111)) - New reporters are added after registries were created. Some metrics will be missing from the reporter. Please add reporter before adding any new registry.
2023-04-27 19:24:53,058 [Listener at 127.0.0.1/40321] WARN  impl.MetricRegistriesImpl (MetricRegistriesImpl.java:addReporterRegistration(111)) - New reporters are added after registries were created. Some metrics will be missing from the reporter. Please add reporter before adding any new registry.
2023-04-27 19:24:53,058 [Listener at 127.0.0.1/40321] INFO  impl.MetricsSystemImpl (MetricsSystemImpl.java:init(158)) - HddsDatanode metrics system started (again)
2023-04-27 19:24:53,077 [Listener at 127.0.0.1/40321] INFO  ozone.HddsDatanodeService (HddsDatanodeService.java:start(252)) - HddsDatanodeService host:fv-az240-684.bcold04rutgefduts2gkrghvsa.bx.internal.cloudapp.net ip:10.1.0.191
2023-04-27 19:24:53,114 [Listener at 127.0.0.1/40321] INFO  upgrade.AbstractLayoutVersionManager (AbstractLayoutVersionManager.java:init(83)) - Initializing Layout version manager with metadata layout = WEBUI_PORTS_IN_DATANODEDETAILS (version = 6), software layout = WEBUI_PORTS_IN_DATANODEDETAILS (version = 6)
2023-04-27 19:24:53,177 [Listener at 127.0.0.1/40321] INFO  reflections.Reflections (Reflections.java:scan(232)) - Reflections took 61 ms to scan 7 urls, producing 156 keys and 369 values 
2023-04-27 19:24:53,182 [Listener at 127.0.0.1/40321] INFO  statemachine.DatanodeStateMachine (DatanodeStateMachine.java:getEndPointTaskThreadPoolSize(262)) - Datanode State Machine Task Thread Pool size 2
2023-04-27 19:24:53,246 [Listener at 127.0.0.1/40321] INFO  volume.HddsVolume (HddsVolume.java:<init>(130)) - Creating HddsVolume: /home/runner/work/ozone/ozone/hadoop-ozone/integration-test/target/test-dir/MiniOzoneClusterImpl-cbda0cd1-5e50-4c9a-9fd3-3711af7baf07/datanode-0/data-0/containers/hdds of storage type : DISK capacity : 9223372036854775807
2023-04-27 19:24:53,249 [Listener at 127.0.0.1/40321] INFO  volume.MutableVolumeSet (MutableVolumeSet.java:initializeVolumeSet(175)) - Added Volume : /home/runner/work/ozone/ozone/hadoop-ozone/integration-test/target/test-dir/MiniOzoneClusterImpl-cbda0cd1-5e50-4c9a-9fd3-3711af7baf07/datanode-0/data-0/containers/hdds to VolumeSet
2023-04-27 19:24:53,250 [Listener at 127.0.0.1/40321] INFO  volume.ThrottledAsyncChecker (ThrottledAsyncChecker.java:schedule(141)) - Scheduling a check for /home/runner/work/ozone/ozone/hadoop-ozone/integration-test/target/test-dir/MiniOzoneClusterImpl-cbda0cd1-5e50-4c9a-9fd3-3711af7baf07/datanode-0/data-0/containers/hdds
2023-04-27 19:24:53,273 [Listener at 127.0.0.1/40321] INFO  volume.StorageVolumeChecker (StorageVolumeChecker.java:checkAllVolumes(202)) - Scheduled health check for volume /home/runner/work/ozone/ozone/hadoop-ozone/integration-test/target/test-dir/MiniOzoneClusterImpl-cbda0cd1-5e50-4c9a-9fd3-3711af7baf07/datanode-0/data-0/containers/hdds
2023-04-27 19:24:53,294 [Listener at 127.0.0.1/40321] INFO  volume.MutableVolumeSet (MutableVolumeSet.java:initializeVolumeSet(175)) - Added Volume : /home/runner/work/ozone/ozone/hadoop-ozone/integration-test/target/test-dir/MiniOzoneClusterImpl-cbda0cd1-5e50-4c9a-9fd3-3711af7baf07/datanode-0/data/ratis to VolumeSet
2023-04-27 19:24:53,295 [Listener at 127.0.0.1/40321] INFO  volume.ThrottledAsyncChecker (ThrottledAsyncChecker.java:schedule(141)) - Scheduling a check for /home/runner/work/ozone/ozone/hadoop-ozone/integration-test/target/test-dir/MiniOzoneClusterImpl-cbda0cd1-5e50-4c9a-9fd3-3711af7baf07/datanode-0/data/ratis
2023-04-27 19:24:53,295 [Listener at 127.0.0.1/40321] INFO  volume.StorageVolumeChecker (StorageVolumeChecker.java:checkAllVolumes(202)) - Scheduled health check for volume /home/runner/work/ozone/ozone/hadoop-ozone/integration-test/target/test-dir/MiniOzoneClusterImpl-cbda0cd1-5e50-4c9a-9fd3-3711af7baf07/datanode-0/data/ratis
2023-04-27 19:24:53,322 [Thread-139] INFO  ozoneimpl.ContainerReader (ContainerReader.java:readVolume(175)) - Finish verifying containers on volume /home/runner/work/ozone/ozone/hadoop-ozone/integration-test/target/test-dir/MiniOzoneClusterImpl-cbda0cd1-5e50-4c9a-9fd3-3711af7baf07/datanode-0/data-0/containers/hdds
2023-04-27 19:24:53,323 [Listener at 127.0.0.1/40321] INFO  ozoneimpl.OzoneContainer (OzoneContainer.java:buildContainerSet(303)) - Build ContainerSet costs 0s
2023-04-27 19:24:53,378 [Listener at 127.0.0.1/40321] INFO  audit.AuditLogger (AuditLogger.java:refreshDebugCmdSet(126)) - Refresh DebugCmdSet for DNAudit to [].
2023-04-27 19:24:53,411 [Listener at 127.0.0.1/40321] INFO  server.RaftServer (ConfUtils.java:logGet(46)) - raft.rpc.type = GRPC (default)
2023-04-27 19:24:53,411 [Listener at 127.0.0.1/40321] INFO  grpc.GrpcConfigKeys (ConfUtils.java:logFallback(53)) - raft.grpc.admin.host = null (fallback to raft.grpc.server.host)
2023-04-27 19:24:53,412 [Listener at 127.0.0.1/40321] INFO  grpc.GrpcConfigKeys (ConfUtils.java:logGet(46)) - raft.grpc.admin.port = 0 (custom)
2023-04-27 19:24:53,412 [Listener at 127.0.0.1/40321] INFO  grpc.GrpcConfigKeys (ConfUtils.java:logFallback(53)) - raft.grpc.client.host = null (fallback to raft.grpc.server.host)
2023-04-27 19:24:53,412 [Listener at 127.0.0.1/40321] INFO  grpc.GrpcConfigKeys (ConfUtils.java:logGet(46)) - raft.grpc.client.port = 0 (custom)
2023-04-27 19:24:53,412 [Listener at 127.0.0.1/40321] INFO  grpc.GrpcConfigKeys (ConfUtils.java:logGet(46)) - raft.grpc.server.host = null (default)
2023-04-27 19:24:53,413 [Listener at 127.0.0.1/40321] INFO  grpc.GrpcConfigKeys (ConfUtils.java:logGet(46)) - raft.grpc.server.port = 0 (default)
2023-04-27 19:24:53,413 [Listener at 127.0.0.1/40321] INFO  server.GrpcService (ConfUtils.java:logGet(46)) - raft.grpc.message.size.max = 32MB (=33554432) (custom)
2023-04-27 19:24:53,413 [Listener at 127.0.0.1/40321] INFO  server.RaftServerConfigKeys (ConfUtils.java:logGet(46)) - raft.server.log.appender.buffer.byte-limit = 33554432 (custom)
2023-04-27 19:24:53,413 [Listener at 127.0.0.1/40321] INFO  server.GrpcService (ConfUtils.java:logGet(46)) - raft.grpc.flow.control.window = 5MB (=5242880) (custom)
2023-04-27 19:24:53,414 [Listener at 127.0.0.1/40321] INFO  server.RaftServerConfigKeys (ConfUtils.java:logGet(46)) - raft.server.rpc.request.timeout = 60s (custom)
2023-04-27 19:24:53,414 [Listener at 127.0.0.1/40321] INFO  grpc.GrpcConfigKeys (ConfUtils.java:logGet(46)) - raft.grpc.server.heartbeat.channel = true (default)
2023-04-27 19:24:53,414 [Listener at 127.0.0.1/40321] INFO  grpc.GrpcConfigKeys (ConfUtils.java:logGet(46)) - raft.grpc.server.async.request.thread.pool.cached = true (default)
2023-04-27 19:24:53,414 [Listener at 127.0.0.1/40321] INFO  grpc.GrpcConfigKeys (ConfUtils.java:logGet(46)) - raft.grpc.server.async.request.thread.pool.size = 32 (default)
2023-04-27 19:24:53,416 [Listener at 127.0.0.1/40321] INFO  impl.DataStreamServerImpl (ConfUtils.java:logGet(46)) - raft.datastream.type = NETTY (custom)
2023-04-27 19:24:53,426 [Listener at 127.0.0.1/40321] INFO  server.RaftServerConfigKeys (ConfUtils.java:logGet(46)) - raft.server.data-stream.async.request.thread.pool.cached = false (default)
2023-04-27 19:24:53,426 [Listener at 127.0.0.1/40321] INFO  server.RaftServerConfigKeys (ConfUtils.java:logGet(46)) - raft.server.data-stream.async.request.thread.pool.size = 20 (custom)
2023-04-27 19:24:53,427 [Listener at 127.0.0.1/40321] INFO  server.RaftServerConfigKeys (ConfUtils.java:logGet(46)) - raft.server.data-stream.async.write.thread.pool.size = 16 (default)
2023-04-27 19:24:53,428 [Listener at 127.0.0.1/40321] INFO  server.RaftServerConfigKeys (ConfUtils.java:logGet(46)) - raft.server.data-stream.client.pool.size = 10 (default)
2023-04-27 19:24:53,431 [Listener at 127.0.0.1/40321] INFO  netty.NettyConfigKeys$DataStream (ConfUtils.java:logGet(46)) - raft.netty.dataStream.server.use-epoll = false (default)
2023-04-27 19:24:53,432 [Listener at 127.0.0.1/40321] INFO  netty.NettyConfigKeys$DataStream (ConfUtils.java:logGet(46)) - raft.netty.dataStream.server.boss-group.size = 0 (default)
2023-04-27 19:24:53,439 [Listener at 127.0.0.1/40321] INFO  netty.NettyConfigKeys$DataStream (ConfUtils.java:logGet(46)) - raft.netty.dataStream.server.worker-group.size = 0 (default)
2023-04-27 19:24:53,440 [Listener at 127.0.0.1/40321] INFO  netty.NettyConfigKeys$DataStream (ConfUtils.java:logGet(46)) - raft.netty.dataStream.server.tls.conf = null (default)
2023-04-27 19:24:53,442 [Listener at 127.0.0.1/40321] INFO  netty.NettyConfigKeys$DataStream (ConfUtils.java:logGet(46)) - raft.netty.dataStream.host = null (default)
2023-04-27 19:24:53,442 [Listener at 127.0.0.1/40321] INFO  netty.NettyConfigKeys$DataStream (ConfUtils.java:logGet(46)) - raft.netty.dataStream.port = 0 (default)
2023-04-27 19:24:53,452 [Listener at 127.0.0.1/40321] INFO  server.RaftServerConfigKeys (ConfUtils.java:logGet(46)) - raft.server.threadpool.proxy.cached = true (default)
2023-04-27 19:24:53,453 [Listener at 127.0.0.1/40321] INFO  server.RaftServerConfigKeys (ConfUtils.java:logGet(46)) - raft.server.threadpool.proxy.size = 0 (default)
2023-04-27 19:24:53,453 [Listener at 127.0.0.1/40321] INFO  server.RaftServerConfigKeys (ConfUtils.java:logGet(46)) - raft.server.rpc.slowness.timeout = 300s (custom)
2023-04-27 19:24:53,453 [Listener at 127.0.0.1/40321] INFO  server.RaftServerConfigKeys (ConfUtils.java:logGet(46)) - raft.server.leaderelection.leader.step-down.wait-time = 10s (default)
2023-04-27 19:24:53,453 [Listener at 127.0.0.1/40321] INFO  server.RaftServerConfigKeys (ConfUtils.java:logGet(46)) - raft.server.storage.dir = [/home/runner/work/ozone/ozone/hadoop-ozone/integration-test/target/test-dir/MiniOzoneClusterImpl-cbda0cd1-5e50-4c9a-9fd3-3711af7baf07/datanode-0/data/ratis] (custom)
2023-04-27 19:24:53,490 [b541e7ff-e94a-40bd-b2ad-c5dbbcbc2c5b-NettyServerStreamRpc-bossGroup--thread1] INFO  logging.LoggingHandler (AbstractInternalLogger.java:log(148)) - [id: 0xbe69944c] REGISTERED
2023-04-27 19:24:53,491 [b541e7ff-e94a-40bd-b2ad-c5dbbcbc2c5b-NettyServerStreamRpc-bossGroup--thread1] INFO  logging.LoggingHandler (AbstractInternalLogger.java:log(148)) - [id: 0xbe69944c] BIND: 0.0.0.0/0.0.0.0:0
2023-04-27 19:24:53,491 [b541e7ff-e94a-40bd-b2ad-c5dbbcbc2c5b-NettyServerStreamRpc-bossGroup--thread1] INFO  logging.LoggingHandler (AbstractInternalLogger.java:log(148)) - [id: 0xbe69944c, L:/0:0:0:0:0:0:0:0:44131] ACTIVE
2023-04-27 19:24:53,499 [Listener at 127.0.0.1/40321] INFO  server.XceiverServerGrpc (XceiverServerGrpc.java:<init>(132)) - GrpcServer channel type EpollServerSocketChannel
2023-04-27 19:24:53,585 [Listener at 127.0.0.1/40321] INFO  http.BaseHttpServer (BaseHttpServer.java:newHttpServer2BuilderForOzone(224)) - Starting Web-server for hddsDatanode at: http://0.0.0.0:0
2023-04-27 19:24:53,585 [Listener at 127.0.0.1/40321] INFO  http.BaseHttpServer (BaseHttpServer.java:<init>(111)) - Hadoop Security Enabled: false Ozone Security Enabled: false Ozone HTTP Security Enabled: false 
2023-04-27 19:24:53,587 [Listener at 127.0.0.1/40321] WARN  server.AuthenticationFilter (AuthenticationFilter.java:constructSecretProvider(240)) - Unable to initialize FileSignerSecretProvider, falling back to use random secrets. Reason: Could not read signature secret file: /home/runner/hadoop-http-auth-signature-secret
2023-04-27 19:24:53,588 [Listener at 127.0.0.1/40321] INFO  http.HttpRequestLog (HttpRequestLog.java:getRequestLog(86)) - Http request log for http.requests.hddsDatanode is not defined
2023-04-27 19:24:53,590 [Listener at 127.0.0.1/40321] INFO  http.HttpServer2 (HttpServer2.java:addGlobalFilter(1031)) - Added global filter 'safety' (class=org.apache.hadoop.hdds.server.http.HttpServer2$QuotingInputFilter)
2023-04-27 19:24:53,591 [Listener at 127.0.0.1/40321] INFO  http.HttpServer2 (HttpServer2.java:addFilter(1007)) - Added filter static_user_filter (class=org.apache.hadoop.http.lib.StaticUserWebFilter$StaticUserFilter) to context hddsDatanode
2023-04-27 19:24:53,591 [Listener at 127.0.0.1/40321] INFO  http.HttpServer2 (HttpServer2.java:addFilter(1015)) - Added filter static_user_filter (class=org.apache.hadoop.http.lib.StaticUserWebFilter$StaticUserFilter) to context logs
2023-04-27 19:24:53,592 [Listener at 127.0.0.1/40321] INFO  http.HttpServer2 (HttpServer2.java:addFilter(1015)) - Added filter static_user_filter (class=org.apache.hadoop.http.lib.StaticUserWebFilter$StaticUserFilter) to context static
2023-04-27 19:24:53,593 [Listener at 127.0.0.1/40321] INFO  http.BaseHttpServer (BaseHttpServer.java:<init>(190)) - HTTP server of hddsDatanode uses base directory /home/runner/work/ozone/ozone/hadoop-ozone/integration-test/target/test-dir/MiniOzoneClusterImpl-cbda0cd1-5e50-4c9a-9fd3-3711af7baf07/datanode-0/meta/webserver
2023-04-27 19:24:53,593 [Listener at 127.0.0.1/40321] INFO  http.HttpServer2 (HttpServer2.java:bindListener(1250)) - Jetty bound to port 36323
2023-04-27 19:24:53,594 [Listener at 127.0.0.1/40321] INFO  server.Server (Server.java:doStart(375)) - jetty-9.4.51.v20230217; built: 2023-02-17T08:19:37.309Z; git: b45c405e4544384de066f814ed42ae3dceacdd49; jvm 1.8.0_362-b09
2023-04-27 19:24:53,601 [Listener at 127.0.0.1/40321] INFO  server.session (DefaultSessionIdManager.java:doStart(334)) - DefaultSessionIdManager workerName=node0
2023-04-27 19:24:53,601 [Listener at 127.0.0.1/40321] INFO  server.session (DefaultSessionIdManager.java:doStart(339)) - No SessionScavenger set, using defaults
2023-04-27 19:24:53,602 [Listener at 127.0.0.1/40321] INFO  server.session (HouseKeeper.java:startScavenging(132)) - node0 Scavenging every 660000ms
2023-04-27 19:24:53,603 [Listener at 127.0.0.1/40321] INFO  handler.ContextHandler (ContextHandler.java:doStart(921)) - Started o.e.j.s.ServletContextHandler@74f8dc1b{logs,/logs,file:///home/runner/work/ozone/ozone/hadoop-ozone/integration-test/target/log,AVAILABLE}
2023-04-27 19:24:53,604 [Listener at 127.0.0.1/40321] INFO  handler.ContextHandler (ContextHandler.java:doStart(921)) - Started o.e.j.s.ServletContextHandler@68e71dca{static,/static,jar:file:/home/runner/.m2/repository/org/apache/ozone/hdds-container-service/1.4.0-SNAPSHOT/hdds-container-service-1.4.0-SNAPSHOT.jar!/webapps/static,AVAILABLE}
2023-04-27 19:24:53,874 [Listener at 127.0.0.1/40321] INFO  handler.ContextHandler (ContextHandler.java:doStart(921)) - Started o.e.j.w.WebAppContext@2db3ebe6{hddsDatanode,/,file:///home/runner/work/ozone/ozone/hadoop-ozone/integration-test/target/test-dir/MiniOzoneClusterImpl-cbda0cd1-5e50-4c9a-9fd3-3711af7baf07/datanode-0/meta/webserver/jetty-0_0_0_0-36323-hdds-container-service-1_4_0-SNAPSHOT_jar-_-any-7430110852462582558/webapp/,AVAILABLE}{jar:file:/home/runner/.m2/repository/org/apache/ozone/hdds-container-service/1.4.0-SNAPSHOT/hdds-container-service-1.4.0-SNAPSHOT.jar!/webapps/hddsDatanode}
2023-04-27 19:24:53,876 [Listener at 127.0.0.1/40321] INFO  server.AbstractConnector (AbstractConnector.java:doStart(333)) - Started ServerConnector@35c395cc{HTTP/1.1, (http/1.1)}{0.0.0.0:36323}
2023-04-27 19:24:53,876 [Listener at 127.0.0.1/40321] INFO  server.Server (Server.java:doStart(415)) - Started @9645ms
2023-04-27 19:24:53,876 [Listener at 127.0.0.1/40321] WARN  impl.MetricsSystemImpl (MetricsSystemImpl.java:register(279)) - Sink prometheus already exists!
2023-04-27 19:24:53,877 [Listener at 127.0.0.1/40321] INFO  http.BaseHttpServer (BaseHttpServer.java:updateConnectorAddress(344)) - HTTP server of hddsDatanode listening at http://0.0.0.0:36323
2023-04-27 19:24:53,881 [Listener at 127.0.0.1/40321] WARN  impl.MetricRegistriesImpl (MetricRegistriesImpl.java:addReporterRegistration(111)) - New reporters are added after registries were created. Some metrics will be missing from the reporter. Please add reporter before adding any new registry.
2023-04-27 19:24:53,882 [Listener at 127.0.0.1/40321] WARN  impl.MetricRegistriesImpl (MetricRegistriesImpl.java:addReporterRegistration(111)) - New reporters are added after registries were created. Some metrics will be missing from the reporter. Please add reporter before adding any new registry.
2023-04-27 19:24:53,882 [Listener at 127.0.0.1/40321] INFO  impl.MetricsSystemImpl (MetricsSystemImpl.java:init(158)) - HddsDatanode metrics system started (again)
2023-04-27 19:24:53,889 [Datanode State Machine Daemon Thread] INFO  statemachine.DatanodeStateMachine (DatanodeStateMachine.java:lambda$startDaemon$0(519)) - Ozone container server started.
2023-04-27 19:24:53,908 [org.apache.hadoop.util.JvmPauseMonitor$Monitor@2c4ea0f6] INFO  util.JvmPauseMonitor (JvmPauseMonitor.java:run(188)) - Starting JVM pause monitor
2023-04-27 19:24:53,910 [Listener at 127.0.0.1/40321] INFO  ozone.HddsDatanodeService (HddsDatanodeService.java:start(252)) - HddsDatanodeService host:fv-az240-684.bcold04rutgefduts2gkrghvsa.bx.internal.cloudapp.net ip:10.1.0.191
2023-04-27 19:24:53,946 [om1@group-C5BA1605619E-FollowerState] INFO  impl.FollowerState (FollowerState.java:run(143)) - om1@group-C5BA1605619E-FollowerState: change to CANDIDATE, lastRpcElapsedTime:1195899810ns, electionTimeout:1170ms
2023-04-27 19:24:53,947 [om1@group-C5BA1605619E-FollowerState] INFO  impl.RoleInfo (RoleInfo.java:shutdownFollowerState(110)) - om1: shutdown om1@group-C5BA1605619E-FollowerState
2023-04-27 19:24:53,959 [om1@group-C5BA1605619E-FollowerState] INFO  server.RaftServer$Division (RaftServerImpl.java:setRole(321)) - om1@group-C5BA1605619E: changes role from  FOLLOWER to CANDIDATE at term 0 for changeToCandidate
2023-04-27 19:24:53,968 [om1@group-C5BA1605619E-FollowerState] INFO  server.RaftServerConfigKeys (ConfUtils.java:logGet(46)) - raft.server.leaderelection.pre-vote = true (default)
2023-04-27 19:24:53,968 [om1@group-C5BA1605619E-FollowerState] INFO  impl.RoleInfo (RoleInfo.java:updateAndGet(139)) - om1: start om1@group-C5BA1605619E-LeaderElection1
2023-04-27 19:24:53,976 [om1@group-C5BA1605619E-LeaderElection1] INFO  impl.LeaderElection (LeaderElection.java:askForVotes(312)) - om1@group-C5BA1605619E-LeaderElection1 PRE_VOTE round 0: submit vote requests at term 0 for -1: peers:[om1|rpc:localhost:9872|priority:0|startupRole:FOLLOWER]|listeners:[], old=null
2023-04-27 19:24:53,982 [Listener at 127.0.0.1/40321] INFO  upgrade.AbstractLayoutVersionManager (AbstractLayoutVersionManager.java:init(83)) - Initializing Layout version manager with metadata layout = WEBUI_PORTS_IN_DATANODEDETAILS (version = 6), software layout = WEBUI_PORTS_IN_DATANODEDETAILS (version = 6)
2023-04-27 19:24:53,988 [om1@group-C5BA1605619E-LeaderElection1] INFO  impl.LeaderElection (LeaderElection.java:askForVotes(314)) - om1@group-C5BA1605619E-LeaderElection1 PRE_VOTE round 0: result PASSED (term=0)
2023-04-27 19:24:53,991 [om1@group-C5BA1605619E-LeaderElection1] INFO  impl.LeaderElection (LeaderElection.java:askForVotes(312)) - om1@group-C5BA1605619E-LeaderElection1 ELECTION round 0: submit vote requests at term 1 for -1: peers:[om1|rpc:localhost:9872|priority:0|startupRole:FOLLOWER]|listeners:[], old=null
2023-04-27 19:24:53,992 [om1@group-C5BA1605619E-LeaderElection1] INFO  impl.LeaderElection (LeaderElection.java:askForVotes(314)) - om1@group-C5BA1605619E-LeaderElection1 ELECTION round 0: result PASSED (term=1)
2023-04-27 19:24:53,992 [om1@group-C5BA1605619E-LeaderElection1] INFO  impl.RoleInfo (RoleInfo.java:shutdownLeaderElection(130)) - om1: shutdown om1@group-C5BA1605619E-LeaderElection1
2023-04-27 19:24:53,992 [om1@group-C5BA1605619E-LeaderElection1] INFO  server.RaftServer$Division (RaftServerImpl.java:setRole(321)) - om1@group-C5BA1605619E: changes role from CANDIDATE to LEADER at term 1 for changeToLeader
2023-04-27 19:24:53,994 [om1@group-C5BA1605619E-LeaderElection1] INFO  server.RaftServer$Division (ServerState.java:setLeader(313)) - om1@group-C5BA1605619E: change Leader from null to om1 at term 1 for becomeLeader, leader elected after 2492ms
2023-04-27 19:24:54,004 [om1@group-C5BA1605619E-LeaderElection1] INFO  server.RaftServerConfigKeys (ConfUtils.java:logGet(46)) - raft.server.staging.catchup.gap = 1000 (default)
2023-04-27 19:24:54,021 [om1@group-C5BA1605619E-LeaderElection1] INFO  server.RaftServerConfigKeys (ConfUtils.java:logGet(46)) - raft.server.write.element-limit = 4096 (default)
2023-04-27 19:24:54,021 [om1@group-C5BA1605619E-LeaderElection1] INFO  server.RaftServerConfigKeys (ConfUtils.java:logGet(46)) - raft.server.write.byte-limit = 64MB (=67108864) (default)
2023-04-27 19:24:54,027 [om1@group-C5BA1605619E-LeaderElection1] INFO  server.RaftServerConfigKeys (ConfUtils.java:logGet(46)) - raft.server.watch.timeout = 10s (default)
2023-04-27 19:24:54,028 [om1@group-C5BA1605619E-LeaderElection1] INFO  server.RaftServerConfigKeys (ConfUtils.java:logGet(46)) - raft.server.watch.timeout.denomination = 1s (default)
2023-04-27 19:24:54,028 [om1@group-C5BA1605619E-LeaderElection1] INFO  server.RaftServerConfigKeys (ConfUtils.java:logGet(46)) - raft.server.watch.element-limit = 65536 (default)
2023-04-27 19:24:54,033 [om1@group-C5BA1605619E-LeaderElection1] INFO  server.RaftServerConfigKeys (ConfUtils.java:logGet(46)) - raft.server.write.element-limit = 4096 (default)
2023-04-27 19:24:54,036 [om1@group-C5BA1605619E-LeaderElection1] INFO  server.RaftServerConfigKeys (ConfUtils.java:logGet(46)) - raft.server.write.follower.gap.ratio.max = -1.0 (default)
2023-04-27 19:24:54,041 [om1@group-C5BA1605619E-LeaderElection1] INFO  impl.RoleInfo (RoleInfo.java:updateAndGet(139)) - om1: start om1@group-C5BA1605619E-LeaderStateImpl
2023-04-27 19:24:54,095 [om1@group-C5BA1605619E-LeaderElection1] INFO  segmented.SegmentedRaftLogWorker (SegmentedRaftLogWorker.java:startLogSegment(452)) - om1@group-C5BA1605619E-SegmentedRaftLogWorker: Starting segment from index:0
2023-04-27 19:24:54,136 [Listener at 127.0.0.1/40321] INFO  reflections.Reflections (Reflections.java:scan(232)) - Reflections took 151 ms to scan 7 urls, producing 156 keys and 369 values 
2023-04-27 19:24:54,144 [Listener at 127.0.0.1/40321] INFO  statemachine.DatanodeStateMachine (DatanodeStateMachine.java:getEndPointTaskThreadPoolSize(262)) - Datanode State Machine Task Thread Pool size 2
2023-04-27 19:24:54,156 [Listener at 127.0.0.1/40321] INFO  volume.HddsVolume (HddsVolume.java:<init>(130)) - Creating HddsVolume: /home/runner/work/ozone/ozone/hadoop-ozone/integration-test/target/test-dir/MiniOzoneClusterImpl-cbda0cd1-5e50-4c9a-9fd3-3711af7baf07/datanode-1/data-0/containers/hdds of storage type : DISK capacity : 9223372036854775807
2023-04-27 19:24:54,156 [Listener at 127.0.0.1/40321] INFO  volume.MutableVolumeSet (MutableVolumeSet.java:initializeVolumeSet(175)) - Added Volume : /home/runner/work/ozone/ozone/hadoop-ozone/integration-test/target/test-dir/MiniOzoneClusterImpl-cbda0cd1-5e50-4c9a-9fd3-3711af7baf07/datanode-1/data-0/containers/hdds to VolumeSet
2023-04-27 19:24:54,157 [Listener at 127.0.0.1/40321] INFO  volume.ThrottledAsyncChecker (ThrottledAsyncChecker.java:schedule(141)) - Scheduling a check for /home/runner/work/ozone/ozone/hadoop-ozone/integration-test/target/test-dir/MiniOzoneClusterImpl-cbda0cd1-5e50-4c9a-9fd3-3711af7baf07/datanode-1/data-0/containers/hdds
2023-04-27 19:24:54,169 [Listener at 127.0.0.1/40321] INFO  volume.StorageVolumeChecker (StorageVolumeChecker.java:checkAllVolumes(202)) - Scheduled health check for volume /home/runner/work/ozone/ozone/hadoop-ozone/integration-test/target/test-dir/MiniOzoneClusterImpl-cbda0cd1-5e50-4c9a-9fd3-3711af7baf07/datanode-1/data-0/containers/hdds
2023-04-27 19:24:54,192 [om1@group-C5BA1605619E-LeaderElection1] INFO  server.RaftServer$Division (ServerState.java:setRaftConf(430)) - om1@group-C5BA1605619E: set configuration 0: peers:[om1|rpc:localhost:9872|admin:|client:|dataStream:|priority:0|startupRole:FOLLOWER]|listeners:[], old=null
2023-04-27 19:24:54,197 [Listener at 127.0.0.1/40321] INFO  volume.MutableVolumeSet (MutableVolumeSet.java:initializeVolumeSet(175)) - Added Volume : /home/runner/work/ozone/ozone/hadoop-ozone/integration-test/target/test-dir/MiniOzoneClusterImpl-cbda0cd1-5e50-4c9a-9fd3-3711af7baf07/datanode-1/data/ratis to VolumeSet
2023-04-27 19:24:54,197 [Listener at 127.0.0.1/40321] INFO  volume.ThrottledAsyncChecker (ThrottledAsyncChecker.java:schedule(141)) - Scheduling a check for /home/runner/work/ozone/ozone/hadoop-ozone/integration-test/target/test-dir/MiniOzoneClusterImpl-cbda0cd1-5e50-4c9a-9fd3-3711af7baf07/datanode-1/data/ratis
2023-04-27 19:24:54,197 [Listener at 127.0.0.1/40321] INFO  volume.StorageVolumeChecker (StorageVolumeChecker.java:checkAllVolumes(202)) - Scheduled health check for volume /home/runner/work/ozone/ozone/hadoop-ozone/integration-test/target/test-dir/MiniOzoneClusterImpl-cbda0cd1-5e50-4c9a-9fd3-3711af7baf07/datanode-1/data/ratis
2023-04-27 19:24:54,233 [Thread-155] INFO  ozoneimpl.ContainerReader (ContainerReader.java:readVolume(175)) - Finish verifying containers on volume /home/runner/work/ozone/ozone/hadoop-ozone/integration-test/target/test-dir/MiniOzoneClusterImpl-cbda0cd1-5e50-4c9a-9fd3-3711af7baf07/datanode-1/data-0/containers/hdds
2023-04-27 19:24:54,236 [Listener at 127.0.0.1/40321] INFO  ozoneimpl.OzoneContainer (OzoneContainer.java:buildContainerSet(303)) - Build ContainerSet costs 0s
2023-04-27 19:24:54,240 [Listener at 127.0.0.1/40321] INFO  server.RaftServer (ConfUtils.java:logGet(46)) - raft.rpc.type = GRPC (default)
2023-04-27 19:24:54,240 [Listener at 127.0.0.1/40321] INFO  grpc.GrpcConfigKeys (ConfUtils.java:logFallback(53)) - raft.grpc.admin.host = null (fallback to raft.grpc.server.host)
2023-04-27 19:24:54,241 [Listener at 127.0.0.1/40321] INFO  grpc.GrpcConfigKeys (ConfUtils.java:logGet(46)) - raft.grpc.admin.port = 0 (custom)
2023-04-27 19:24:54,241 [Listener at 127.0.0.1/40321] INFO  grpc.GrpcConfigKeys (ConfUtils.java:logFallback(53)) - raft.grpc.client.host = null (fallback to raft.grpc.server.host)
2023-04-27 19:24:54,241 [Listener at 127.0.0.1/40321] INFO  grpc.GrpcConfigKeys (ConfUtils.java:logGet(46)) - raft.grpc.client.port = 0 (custom)
2023-04-27 19:24:54,241 [Listener at 127.0.0.1/40321] INFO  grpc.GrpcConfigKeys (ConfUtils.java:logGet(46)) - raft.grpc.server.host = null (default)
2023-04-27 19:24:54,242 [Listener at 127.0.0.1/40321] INFO  grpc.GrpcConfigKeys (ConfUtils.java:logGet(46)) - raft.grpc.server.port = 0 (default)
2023-04-27 19:24:54,242 [Listener at 127.0.0.1/40321] INFO  server.GrpcService (ConfUtils.java:logGet(46)) - raft.grpc.message.size.max = 32MB (=33554432) (custom)
2023-04-27 19:24:54,242 [Listener at 127.0.0.1/40321] INFO  server.RaftServerConfigKeys (ConfUtils.java:logGet(46)) - raft.server.log.appender.buffer.byte-limit = 33554432 (custom)
2023-04-27 19:24:54,242 [Listener at 127.0.0.1/40321] INFO  server.GrpcService (ConfUtils.java:logGet(46)) - raft.grpc.flow.control.window = 5MB (=5242880) (custom)
2023-04-27 19:24:54,245 [Listener at 127.0.0.1/40321] INFO  server.RaftServerConfigKeys (ConfUtils.java:logGet(46)) - raft.server.rpc.request.timeout = 60s (custom)
2023-04-27 19:24:54,245 [Listener at 127.0.0.1/40321] INFO  grpc.GrpcConfigKeys (ConfUtils.java:logGet(46)) - raft.grpc.server.heartbeat.channel = true (default)
2023-04-27 19:24:54,245 [Listener at 127.0.0.1/40321] INFO  grpc.GrpcConfigKeys (ConfUtils.java:logGet(46)) - raft.grpc.server.async.request.thread.pool.cached = true (default)
2023-04-27 19:24:54,245 [Listener at 127.0.0.1/40321] INFO  grpc.GrpcConfigKeys (ConfUtils.java:logGet(46)) - raft.grpc.server.async.request.thread.pool.size = 32 (default)
2023-04-27 19:24:54,252 [Listener at 127.0.0.1/40321] INFO  impl.DataStreamServerImpl (ConfUtils.java:logGet(46)) - raft.datastream.type = NETTY (custom)
2023-04-27 19:24:54,253 [Listener at 127.0.0.1/40321] INFO  server.RaftServerConfigKeys (ConfUtils.java:logGet(46)) - raft.server.data-stream.async.request.thread.pool.cached = false (default)
2023-04-27 19:24:54,254 [Listener at 127.0.0.1/40321] INFO  server.RaftServerConfigKeys (ConfUtils.java:logGet(46)) - raft.server.data-stream.async.request.thread.pool.size = 20 (custom)
2023-04-27 19:24:54,254 [Listener at 127.0.0.1/40321] INFO  server.RaftServerConfigKeys (ConfUtils.java:logGet(46)) - raft.server.data-stream.async.write.thread.pool.size = 16 (default)
2023-04-27 19:24:54,254 [Listener at 127.0.0.1/40321] INFO  server.RaftServerConfigKeys (ConfUtils.java:logGet(46)) - raft.server.data-stream.client.pool.size = 10 (default)
2023-04-27 19:24:54,254 [Listener at 127.0.0.1/40321] INFO  netty.NettyConfigKeys$DataStream (ConfUtils.java:logGet(46)) - raft.netty.dataStream.server.use-epoll = false (default)
2023-04-27 19:24:54,257 [Listener at 127.0.0.1/40321] INFO  netty.NettyConfigKeys$DataStream (ConfUtils.java:logGet(46)) - raft.netty.dataStream.server.boss-group.size = 0 (default)
2023-04-27 19:24:54,258 [Listener at 127.0.0.1/40321] INFO  netty.NettyConfigKeys$DataStream (ConfUtils.java:logGet(46)) - raft.netty.dataStream.server.worker-group.size = 0 (default)
2023-04-27 19:24:54,259 [Listener at 127.0.0.1/40321] INFO  netty.NettyConfigKeys$DataStream (ConfUtils.java:logGet(46)) - raft.netty.dataStream.server.tls.conf = null (default)
2023-04-27 19:24:54,260 [Listener at 127.0.0.1/40321] INFO  netty.NettyConfigKeys$DataStream (ConfUtils.java:logGet(46)) - raft.netty.dataStream.host = null (default)
2023-04-27 19:24:54,260 [Listener at 127.0.0.1/40321] INFO  netty.NettyConfigKeys$DataStream (ConfUtils.java:logGet(46)) - raft.netty.dataStream.port = 0 (default)
2023-04-27 19:24:54,267 [Listener at 127.0.0.1/40321] INFO  server.RaftServerConfigKeys (ConfUtils.java:logGet(46)) - raft.server.threadpool.proxy.cached = true (default)
2023-04-27 19:24:54,267 [Listener at 127.0.0.1/40321] INFO  server.RaftServerConfigKeys (ConfUtils.java:logGet(46)) - raft.server.threadpool.proxy.size = 0 (default)
2023-04-27 19:24:54,267 [Listener at 127.0.0.1/40321] INFO  server.RaftServerConfigKeys (ConfUtils.java:logGet(46)) - raft.server.rpc.slowness.timeout = 300s (custom)
2023-04-27 19:24:54,267 [Listener at 127.0.0.1/40321] INFO  server.RaftServerConfigKeys (ConfUtils.java:logGet(46)) - raft.server.leaderelection.leader.step-down.wait-time = 10s (default)
2023-04-27 19:24:54,269 [Listener at 127.0.0.1/40321] INFO  server.RaftServerConfigKeys (ConfUtils.java:logGet(46)) - raft.server.storage.dir = [/home/runner/work/ozone/ozone/hadoop-ozone/integration-test/target/test-dir/MiniOzoneClusterImpl-cbda0cd1-5e50-4c9a-9fd3-3711af7baf07/datanode-1/data/ratis] (custom)
2023-04-27 19:24:54,272 [Datanode State Machine Task Thread - 0] INFO  datanode.InitDatanodeState (InitDatanodeState.java:persistContainerDatanodeDetails(138)) - DatanodeDetails is persisted to /home/runner/work/ozone/ozone/hadoop-ozone/integration-test/target/test-dir/MiniOzoneClusterImpl-cbda0cd1-5e50-4c9a-9fd3-3711af7baf07/datanode-0/meta/datanode.id
2023-04-27 19:24:54,277 [f6c59282-8b8b-4bc6-9a7f-0a226baa887b-NettyServerStreamRpc-bossGroup--thread1] INFO  logging.LoggingHandler (AbstractInternalLogger.java:log(148)) - [id: 0xaaff14b8] REGISTERED
2023-04-27 19:24:54,277 [f6c59282-8b8b-4bc6-9a7f-0a226baa887b-NettyServerStreamRpc-bossGroup--thread1] INFO  logging.LoggingHandler (AbstractInternalLogger.java:log(148)) - [id: 0xaaff14b8] BIND: 0.0.0.0/0.0.0.0:0
2023-04-27 19:24:54,278 [f6c59282-8b8b-4bc6-9a7f-0a226baa887b-NettyServerStreamRpc-bossGroup--thread1] INFO  logging.LoggingHandler (AbstractInternalLogger.java:log(148)) - [id: 0xaaff14b8, L:/0:0:0:0:0:0:0:0:39765] ACTIVE
2023-04-27 19:24:54,280 [Listener at 127.0.0.1/40321] INFO  server.XceiverServerGrpc (XceiverServerGrpc.java:<init>(132)) - GrpcServer channel type EpollServerSocketChannel
2023-04-27 19:24:54,290 [Listener at 127.0.0.1/40321] INFO  http.BaseHttpServer (BaseHttpServer.java:newHttpServer2BuilderForOzone(224)) - Starting Web-server for hddsDatanode at: http://0.0.0.0:0
2023-04-27 19:24:54,290 [Listener at 127.0.0.1/40321] INFO  http.BaseHttpServer (BaseHttpServer.java:<init>(111)) - Hadoop Security Enabled: false Ozone Security Enabled: false Ozone HTTP Security Enabled: false 
2023-04-27 19:24:54,292 [Listener at 127.0.0.1/40321] WARN  server.AuthenticationFilter (AuthenticationFilter.java:constructSecretProvider(240)) - Unable to initialize FileSignerSecretProvider, falling back to use random secrets. Reason: Could not read signature secret file: /home/runner/hadoop-http-auth-signature-secret
2023-04-27 19:24:54,301 [Listener at 127.0.0.1/40321] INFO  http.HttpRequestLog (HttpRequestLog.java:getRequestLog(86)) - Http request log for http.requests.hddsDatanode is not defined
2023-04-27 19:24:54,302 [Listener at 127.0.0.1/40321] INFO  http.HttpServer2 (HttpServer2.java:addGlobalFilter(1031)) - Added global filter 'safety' (class=org.apache.hadoop.hdds.server.http.HttpServer2$QuotingInputFilter)
2023-04-27 19:24:54,303 [Listener at 127.0.0.1/40321] INFO  http.HttpServer2 (HttpServer2.java:addFilter(1007)) - Added filter static_user_filter (class=org.apache.hadoop.http.lib.StaticUserWebFilter$StaticUserFilter) to context hddsDatanode
2023-04-27 19:24:54,307 [Listener at 127.0.0.1/40321] INFO  http.HttpServer2 (HttpServer2.java:addFilter(1015)) - Added filter static_user_filter (class=org.apache.hadoop.http.lib.StaticUserWebFilter$StaticUserFilter) to context logs
2023-04-27 19:24:54,307 [Listener at 127.0.0.1/40321] INFO  http.HttpServer2 (HttpServer2.java:addFilter(1015)) - Added filter static_user_filter (class=org.apache.hadoop.http.lib.StaticUserWebFilter$StaticUserFilter) to context static
2023-04-27 19:24:54,308 [Listener at 127.0.0.1/40321] INFO  http.BaseHttpServer (BaseHttpServer.java:<init>(190)) - HTTP server of hddsDatanode uses base directory /home/runner/work/ozone/ozone/hadoop-ozone/integration-test/target/test-dir/MiniOzoneClusterImpl-cbda0cd1-5e50-4c9a-9fd3-3711af7baf07/datanode-1/meta/webserver
2023-04-27 19:24:54,313 [Listener at 127.0.0.1/40321] INFO  http.HttpServer2 (HttpServer2.java:bindListener(1250)) - Jetty bound to port 45619
2023-04-27 19:24:54,313 [Listener at 127.0.0.1/40321] INFO  server.Server (Server.java:doStart(375)) - jetty-9.4.51.v20230217; built: 2023-02-17T08:19:37.309Z; git: b45c405e4544384de066f814ed42ae3dceacdd49; jvm 1.8.0_362-b09
2023-04-27 19:24:54,326 [Listener at 127.0.0.1/40321] INFO  server.session (DefaultSessionIdManager.java:doStart(334)) - DefaultSessionIdManager workerName=node0
2023-04-27 19:24:54,327 [Listener at 127.0.0.1/40321] INFO  server.session (DefaultSessionIdManager.java:doStart(339)) - No SessionScavenger set, using defaults
2023-04-27 19:24:54,327 [Listener at 127.0.0.1/40321] INFO  server.session (HouseKeeper.java:startScavenging(132)) - node0 Scavenging every 600000ms
2023-04-27 19:24:54,328 [Listener at 127.0.0.1/40321] INFO  handler.ContextHandler (ContextHandler.java:doStart(921)) - Started o.e.j.s.ServletContextHandler@1b57a1f5{logs,/logs,file:///home/runner/work/ozone/ozone/hadoop-ozone/integration-test/target/log,AVAILABLE}
2023-04-27 19:24:54,330 [Listener at 127.0.0.1/40321] INFO  handler.ContextHandler (ContextHandler.java:doStart(921)) - Started o.e.j.s.ServletContextHandler@639e05e3{static,/static,jar:file:/home/runner/.m2/repository/org/apache/ozone/hdds-container-service/1.4.0-SNAPSHOT/hdds-container-service-1.4.0-SNAPSHOT.jar!/webapps/static,AVAILABLE}
2023-04-27 19:24:54,337 [om1@group-C5BA1605619E-SegmentedRaftLogWorker] INFO  segmented.SegmentedRaftLogWorker (SegmentedRaftLogWorker.java:execute(656)) - om1@group-C5BA1605619E-SegmentedRaftLogWorker: created new log segment /home/runner/work/ozone/ozone/hadoop-ozone/integration-test/target/test-dir/MiniOzoneClusterImpl-cbda0cd1-5e50-4c9a-9fd3-3711af7baf07/ozone-meta/ratis/bf265839-605b-3f16-9796-c5ba1605619e/current/log_inprogress_0
2023-04-27 19:24:54,475 [om1@group-C5BA1605619E-StateMachineUpdater] INFO  ratis.OzoneManagerStateMachine (OzoneManagerStateMachine.java:notifyConfigurationChanged(201)) - Received Configuration change notification from Ratis. New Peer list:
[id: "om1"
address: "localhost:9872"
startupRole: FOLLOWER
]
2023-04-27 19:24:54,634 [Listener at 127.0.0.1/40321] INFO  handler.ContextHandler (ContextHandler.java:doStart(921)) - Started o.e.j.w.WebAppContext@2540410e{hddsDatanode,/,file:///home/runner/work/ozone/ozone/hadoop-ozone/integration-test/target/test-dir/MiniOzoneClusterImpl-cbda0cd1-5e50-4c9a-9fd3-3711af7baf07/datanode-1/meta/webserver/jetty-0_0_0_0-45619-hdds-container-service-1_4_0-SNAPSHOT_jar-_-any-7083210495813104/webapp/,AVAILABLE}{jar:file:/home/runner/.m2/repository/org/apache/ozone/hdds-container-service/1.4.0-SNAPSHOT/hdds-container-service-1.4.0-SNAPSHOT.jar!/webapps/hddsDatanode}
2023-04-27 19:24:54,637 [Listener at 127.0.0.1/40321] INFO  server.AbstractConnector (AbstractConnector.java:doStart(333)) - Started ServerConnector@4153d05{HTTP/1.1, (http/1.1)}{0.0.0.0:45619}
2023-04-27 19:24:54,637 [Listener at 127.0.0.1/40321] INFO  server.Server (Server.java:doStart(415)) - Started @10406ms
2023-04-27 19:24:54,637 [Listener at 127.0.0.1/40321] WARN  impl.MetricsSystemImpl (MetricsSystemImpl.java:register(279)) - Sink prometheus already exists!
2023-04-27 19:24:54,640 [Listener at 127.0.0.1/40321] INFO  http.BaseHttpServer (BaseHttpServer.java:updateConnectorAddress(344)) - HTTP server of hddsDatanode listening at http://0.0.0.0:45619
2023-04-27 19:24:54,641 [Listener at 127.0.0.1/40321] WARN  impl.MetricRegistriesImpl (MetricRegistriesImpl.java:addReporterRegistration(111)) - New reporters are added after registries were created. Some metrics will be missing from the reporter. Please add reporter before adding any new registry.
2023-04-27 19:24:54,642 [Listener at 127.0.0.1/40321] WARN  impl.MetricRegistriesImpl (MetricRegistriesImpl.java:addReporterRegistration(111)) - New reporters are added after registries were created. Some metrics will be missing from the reporter. Please add reporter before adding any new registry.
2023-04-27 19:24:54,642 [Listener at 127.0.0.1/40321] INFO  impl.MetricsSystemImpl (MetricsSystemImpl.java:init(158)) - HddsDatanode metrics system started (again)
2023-04-27 19:24:54,647 [Datanode State Machine Daemon Thread] INFO  statemachine.DatanodeStateMachine (DatanodeStateMachine.java:lambda$startDaemon$0(519)) - Ozone container server started.
2023-04-27 19:24:54,653 [org.apache.hadoop.util.JvmPauseMonitor$Monitor@2d76d2a3] INFO  util.JvmPauseMonitor (JvmPauseMonitor.java:run(188)) - Starting JVM pause monitor
2023-04-27 19:24:54,664 [Datanode State Machine Task Thread - 0] INFO  datanode.InitDatanodeState (InitDatanodeState.java:persistContainerDatanodeDetails(138)) - DatanodeDetails is persisted to /home/runner/work/ozone/ozone/hadoop-ozone/integration-test/target/test-dir/MiniOzoneClusterImpl-cbda0cd1-5e50-4c9a-9fd3-3711af7baf07/datanode-1/meta/datanode.id
2023-04-27 19:24:54,669 [Listener at 127.0.0.1/40321] INFO  ozone.HddsDatanodeService (HddsDatanodeService.java:start(252)) - HddsDatanodeService host:fv-az240-684.bcold04rutgefduts2gkrghvsa.bx.internal.cloudapp.net ip:10.1.0.191
2023-04-27 19:24:54,705 [Listener at 127.0.0.1/40321] INFO  upgrade.AbstractLayoutVersionManager (AbstractLayoutVersionManager.java:init(83)) - Initializing Layout version manager with metadata layout = WEBUI_PORTS_IN_DATANODEDETAILS (version = 6), software layout = WEBUI_PORTS_IN_DATANODEDETAILS (version = 6)
2023-04-27 19:24:54,766 [Listener at 127.0.0.1/40321] INFO  reflections.Reflections (Reflections.java:scan(232)) - Reflections took 60 ms to scan 7 urls, producing 156 keys and 369 values 
2023-04-27 19:24:54,771 [Listener at 127.0.0.1/40321] INFO  statemachine.DatanodeStateMachine (DatanodeStateMachine.java:getEndPointTaskThreadPoolSize(262)) - Datanode State Machine Task Thread Pool size 2
2023-04-27 19:24:54,777 [Listener at 127.0.0.1/40321] INFO  volume.HddsVolume (HddsVolume.java:<init>(130)) - Creating HddsVolume: /home/runner/work/ozone/ozone/hadoop-ozone/integration-test/target/test-dir/MiniOzoneClusterImpl-cbda0cd1-5e50-4c9a-9fd3-3711af7baf07/datanode-2/data-0/containers/hdds of storage type : DISK capacity : 9223372036854775807
2023-04-27 19:24:54,778 [Listener at 127.0.0.1/40321] INFO  volume.MutableVolumeSet (MutableVolumeSet.java:initializeVolumeSet(175)) - Added Volume : /home/runner/work/ozone/ozone/hadoop-ozone/integration-test/target/test-dir/MiniOzoneClusterImpl-cbda0cd1-5e50-4c9a-9fd3-3711af7baf07/datanode-2/data-0/containers/hdds to VolumeSet
2023-04-27 19:24:54,778 [Listener at 127.0.0.1/40321] INFO  volume.ThrottledAsyncChecker (ThrottledAsyncChecker.java:schedule(141)) - Scheduling a check for /home/runner/work/ozone/ozone/hadoop-ozone/integration-test/target/test-dir/MiniOzoneClusterImpl-cbda0cd1-5e50-4c9a-9fd3-3711af7baf07/datanode-2/data-0/containers/hdds
2023-04-27 19:24:54,784 [Listener at 127.0.0.1/40321] INFO  volume.StorageVolumeChecker (StorageVolumeChecker.java:checkAllVolumes(202)) - Scheduled health check for volume /home/runner/work/ozone/ozone/hadoop-ozone/integration-test/target/test-dir/MiniOzoneClusterImpl-cbda0cd1-5e50-4c9a-9fd3-3711af7baf07/datanode-2/data-0/containers/hdds
2023-04-27 19:24:54,801 [Listener at 127.0.0.1/40321] INFO  volume.MutableVolumeSet (MutableVolumeSet.java:initializeVolumeSet(175)) - Added Volume : /home/runner/work/ozone/ozone/hadoop-ozone/integration-test/target/test-dir/MiniOzoneClusterImpl-cbda0cd1-5e50-4c9a-9fd3-3711af7baf07/datanode-2/data/ratis to VolumeSet
2023-04-27 19:24:54,802 [Listener at 127.0.0.1/40321] INFO  volume.ThrottledAsyncChecker (ThrottledAsyncChecker.java:schedule(141)) - Scheduling a check for /home/runner/work/ozone/ozone/hadoop-ozone/integration-test/target/test-dir/MiniOzoneClusterImpl-cbda0cd1-5e50-4c9a-9fd3-3711af7baf07/datanode-2/data/ratis
2023-04-27 19:24:54,802 [Listener at 127.0.0.1/40321] INFO  volume.StorageVolumeChecker (StorageVolumeChecker.java:checkAllVolumes(202)) - Scheduled health check for volume /home/runner/work/ozone/ozone/hadoop-ozone/integration-test/target/test-dir/MiniOzoneClusterImpl-cbda0cd1-5e50-4c9a-9fd3-3711af7baf07/datanode-2/data/ratis
2023-04-27 19:24:54,820 [Thread-169] INFO  ozoneimpl.ContainerReader (ContainerReader.java:readVolume(175)) - Finish verifying containers on volume /home/runner/work/ozone/ozone/hadoop-ozone/integration-test/target/test-dir/MiniOzoneClusterImpl-cbda0cd1-5e50-4c9a-9fd3-3711af7baf07/datanode-2/data-0/containers/hdds
2023-04-27 19:24:54,821 [Listener at 127.0.0.1/40321] INFO  ozoneimpl.OzoneContainer (OzoneContainer.java:buildContainerSet(303)) - Build ContainerSet costs 0s
2023-04-27 19:24:54,829 [Listener at 127.0.0.1/40321] INFO  server.RaftServer (ConfUtils.java:logGet(46)) - raft.rpc.type = GRPC (default)
2023-04-27 19:24:54,830 [Listener at 127.0.0.1/40321] INFO  grpc.GrpcConfigKeys (ConfUtils.java:logFallback(53)) - raft.grpc.admin.host = null (fallback to raft.grpc.server.host)
2023-04-27 19:24:54,831 [Listener at 127.0.0.1/40321] INFO  grpc.GrpcConfigKeys (ConfUtils.java:logGet(46)) - raft.grpc.admin.port = 0 (custom)
2023-04-27 19:24:54,831 [Listener at 127.0.0.1/40321] INFO  grpc.GrpcConfigKeys (ConfUtils.java:logFallback(53)) - raft.grpc.client.host = null (fallback to raft.grpc.server.host)
2023-04-27 19:24:54,831 [Listener at 127.0.0.1/40321] INFO  grpc.GrpcConfigKeys (ConfUtils.java:logGet(46)) - raft.grpc.client.port = 0 (custom)
2023-04-27 19:24:54,831 [Listener at 127.0.0.1/40321] INFO  grpc.GrpcConfigKeys (ConfUtils.java:logGet(46)) - raft.grpc.server.host = null (default)
2023-04-27 19:24:54,831 [Listener at 127.0.0.1/40321] INFO  grpc.GrpcConfigKeys (ConfUtils.java:logGet(46)) - raft.grpc.server.port = 0 (default)
2023-04-27 19:24:54,831 [Listener at 127.0.0.1/40321] INFO  server.GrpcService (ConfUtils.java:logGet(46)) - raft.grpc.message.size.max = 32MB (=33554432) (custom)
2023-04-27 19:24:54,832 [Listener at 127.0.0.1/40321] INFO  server.RaftServerConfigKeys (ConfUtils.java:logGet(46)) - raft.server.log.appender.buffer.byte-limit = 33554432 (custom)
2023-04-27 19:24:54,832 [Listener at 127.0.0.1/40321] INFO  server.GrpcService (ConfUtils.java:logGet(46)) - raft.grpc.flow.control.window = 5MB (=5242880) (custom)
2023-04-27 19:24:54,832 [Listener at 127.0.0.1/40321] INFO  server.RaftServerConfigKeys (ConfUtils.java:logGet(46)) - raft.server.rpc.request.timeout = 60s (custom)
2023-04-27 19:24:54,832 [Listener at 127.0.0.1/40321] INFO  grpc.GrpcConfigKeys (ConfUtils.java:logGet(46)) - raft.grpc.server.heartbeat.channel = true (default)
2023-04-27 19:24:54,833 [Listener at 127.0.0.1/40321] INFO  grpc.GrpcConfigKeys (ConfUtils.java:logGet(46)) - raft.grpc.server.async.request.thread.pool.cached = true (default)
2023-04-27 19:24:54,833 [Listener at 127.0.0.1/40321] INFO  grpc.GrpcConfigKeys (ConfUtils.java:logGet(46)) - raft.grpc.server.async.request.thread.pool.size = 32 (default)
2023-04-27 19:24:54,834 [Listener at 127.0.0.1/40321] INFO  impl.DataStreamServerImpl (ConfUtils.java:logGet(46)) - raft.datastream.type = NETTY (custom)
2023-04-27 19:24:54,835 [Listener at 127.0.0.1/40321] INFO  server.RaftServerConfigKeys (ConfUtils.java:logGet(46)) - raft.server.data-stream.async.request.thread.pool.cached = false (default)
2023-04-27 19:24:54,835 [Listener at 127.0.0.1/40321] INFO  server.RaftServerConfigKeys (ConfUtils.java:logGet(46)) - raft.server.data-stream.async.request.thread.pool.size = 20 (custom)
2023-04-27 19:24:54,836 [Listener at 127.0.0.1/40321] INFO  server.RaftServerConfigKeys (ConfUtils.java:logGet(46)) - raft.server.data-stream.async.write.thread.pool.size = 16 (default)
2023-04-27 19:24:54,836 [Listener at 127.0.0.1/40321] INFO  server.RaftServerConfigKeys (ConfUtils.java:logGet(46)) - raft.server.data-stream.client.pool.size = 10 (default)
2023-04-27 19:24:54,836 [Listener at 127.0.0.1/40321] INFO  netty.NettyConfigKeys$DataStream (ConfUtils.java:logGet(46)) - raft.netty.dataStream.server.use-epoll = false (default)
2023-04-27 19:24:54,836 [Listener at 127.0.0.1/40321] INFO  netty.NettyConfigKeys$DataStream (ConfUtils.java:logGet(46)) - raft.netty.dataStream.server.boss-group.size = 0 (default)
2023-04-27 19:24:54,838 [Listener at 127.0.0.1/40321] INFO  netty.NettyConfigKeys$DataStream (ConfUtils.java:logGet(46)) - raft.netty.dataStream.server.worker-group.size = 0 (default)
2023-04-27 19:24:54,838 [Listener at 127.0.0.1/40321] INFO  netty.NettyConfigKeys$DataStream (ConfUtils.java:logGet(46)) - raft.netty.dataStream.server.tls.conf = null (default)
2023-04-27 19:24:54,838 [Listener at 127.0.0.1/40321] INFO  netty.NettyConfigKeys$DataStream (ConfUtils.java:logGet(46)) - raft.netty.dataStream.host = null (default)
2023-04-27 19:24:54,838 [Listener at 127.0.0.1/40321] INFO  netty.NettyConfigKeys$DataStream (ConfUtils.java:logGet(46)) - raft.netty.dataStream.port = 0 (default)
2023-04-27 19:24:54,839 [Listener at 127.0.0.1/40321] INFO  server.RaftServerConfigKeys (ConfUtils.java:logGet(46)) - raft.server.threadpool.proxy.cached = true (default)
2023-04-27 19:24:54,839 [Listener at 127.0.0.1/40321] INFO  server.RaftServerConfigKeys (ConfUtils.java:logGet(46)) - raft.server.threadpool.proxy.size = 0 (default)
2023-04-27 19:24:54,839 [Listener at 127.0.0.1/40321] INFO  server.RaftServerConfigKeys (ConfUtils.java:logGet(46)) - raft.server.rpc.slowness.timeout = 300s (custom)
2023-04-27 19:24:54,839 [Listener at 127.0.0.1/40321] INFO  server.RaftServerConfigKeys (ConfUtils.java:logGet(46)) - raft.server.leaderelection.leader.step-down.wait-time = 10s (default)
2023-04-27 19:24:54,840 [Listener at 127.0.0.1/40321] INFO  server.RaftServerConfigKeys (ConfUtils.java:logGet(46)) - raft.server.storage.dir = [/home/runner/work/ozone/ozone/hadoop-ozone/integration-test/target/test-dir/MiniOzoneClusterImpl-cbda0cd1-5e50-4c9a-9fd3-3711af7baf07/datanode-2/data/ratis] (custom)
2023-04-27 19:24:54,842 [b8a2b3ae-f6d1-4c33-80c4-6391c5d511a4-NettyServerStreamRpc-bossGroup--thread1] INFO  logging.LoggingHandler (AbstractInternalLogger.java:log(148)) - [id: 0x355daba0] REGISTERED
2023-04-27 19:24:54,842 [b8a2b3ae-f6d1-4c33-80c4-6391c5d511a4-NettyServerStreamRpc-bossGroup--thread1] INFO  logging.LoggingHandler (AbstractInternalLogger.java:log(148)) - [id: 0x355daba0] BIND: 0.0.0.0/0.0.0.0:0
2023-04-27 19:24:54,842 [b8a2b3ae-f6d1-4c33-80c4-6391c5d511a4-NettyServerStreamRpc-bossGroup--thread1] INFO  logging.LoggingHandler (AbstractInternalLogger.java:log(148)) - [id: 0x355daba0, L:/0:0:0:0:0:0:0:0:43589] ACTIVE
2023-04-27 19:24:54,844 [Listener at 127.0.0.1/40321] INFO  server.XceiverServerGrpc (XceiverServerGrpc.java:<init>(132)) - GrpcServer channel type EpollServerSocketChannel
2023-04-27 19:24:54,855 [Listener at 127.0.0.1/40321] INFO  http.BaseHttpServer (BaseHttpServer.java:newHttpServer2BuilderForOzone(224)) - Starting Web-server for hddsDatanode at: http://0.0.0.0:0
2023-04-27 19:24:54,855 [Listener at 127.0.0.1/40321] INFO  http.BaseHttpServer (BaseHttpServer.java:<init>(111)) - Hadoop Security Enabled: false Ozone Security Enabled: false Ozone HTTP Security Enabled: false 
2023-04-27 19:24:54,857 [Listener at 127.0.0.1/40321] WARN  server.AuthenticationFilter (AuthenticationFilter.java:constructSecretProvider(240)) - Unable to initialize FileSignerSecretProvider, falling back to use random secrets. Reason: Could not read signature secret file: /home/runner/hadoop-http-auth-signature-secret
2023-04-27 19:24:54,860 [Listener at 127.0.0.1/40321] INFO  http.HttpRequestLog (HttpRequestLog.java:getRequestLog(86)) - Http request log for http.requests.hddsDatanode is not defined
2023-04-27 19:24:54,862 [Listener at 127.0.0.1/40321] INFO  http.HttpServer2 (HttpServer2.java:addGlobalFilter(1031)) - Added global filter 'safety' (class=org.apache.hadoop.hdds.server.http.HttpServer2$QuotingInputFilter)
2023-04-27 19:24:54,863 [Listener at 127.0.0.1/40321] INFO  http.HttpServer2 (HttpServer2.java:addFilter(1007)) - Added filter static_user_filter (class=org.apache.hadoop.http.lib.StaticUserWebFilter$StaticUserFilter) to context hddsDatanode
2023-04-27 19:24:54,863 [Listener at 127.0.0.1/40321] INFO  http.HttpServer2 (HttpServer2.java:addFilter(1015)) - Added filter static_user_filter (class=org.apache.hadoop.http.lib.StaticUserWebFilter$StaticUserFilter) to context logs
2023-04-27 19:24:54,863 [Listener at 127.0.0.1/40321] INFO  http.HttpServer2 (HttpServer2.java:addFilter(1015)) - Added filter static_user_filter (class=org.apache.hadoop.http.lib.StaticUserWebFilter$StaticUserFilter) to context static
2023-04-27 19:24:54,865 [Listener at 127.0.0.1/40321] INFO  http.BaseHttpServer (BaseHttpServer.java:<init>(190)) - HTTP server of hddsDatanode uses base directory /home/runner/work/ozone/ozone/hadoop-ozone/integration-test/target/test-dir/MiniOzoneClusterImpl-cbda0cd1-5e50-4c9a-9fd3-3711af7baf07/datanode-2/meta/webserver
2023-04-27 19:24:54,865 [Listener at 127.0.0.1/40321] INFO  http.HttpServer2 (HttpServer2.java:bindListener(1250)) - Jetty bound to port 36879
2023-04-27 19:24:54,865 [Listener at 127.0.0.1/40321] INFO  server.Server (Server.java:doStart(375)) - jetty-9.4.51.v20230217; built: 2023-02-17T08:19:37.309Z; git: b45c405e4544384de066f814ed42ae3dceacdd49; jvm 1.8.0_362-b09
2023-04-27 19:24:54,866 [Listener at 127.0.0.1/40321] INFO  server.session (DefaultSessionIdManager.java:doStart(334)) - DefaultSessionIdManager workerName=node0
2023-04-27 19:24:54,867 [Listener at 127.0.0.1/40321] INFO  server.session (DefaultSessionIdManager.java:doStart(339)) - No SessionScavenger set, using defaults
2023-04-27 19:24:54,867 [Listener at 127.0.0.1/40321] INFO  server.session (HouseKeeper.java:startScavenging(132)) - node0 Scavenging every 600000ms
2023-04-27 19:24:54,869 [Listener at 127.0.0.1/40321] INFO  handler.ContextHandler (ContextHandler.java:doStart(921)) - Started o.e.j.s.ServletContextHandler@574411f2{logs,/logs,file:///home/runner/work/ozone/ozone/hadoop-ozone/integration-test/target/log,AVAILABLE}
2023-04-27 19:24:54,870 [Listener at 127.0.0.1/40321] INFO  handler.ContextHandler (ContextHandler.java:doStart(921)) - Started o.e.j.s.ServletContextHandler@e967e4e{static,/static,jar:file:/home/runner/.m2/repository/org/apache/ozone/hdds-container-service/1.4.0-SNAPSHOT/hdds-container-service-1.4.0-SNAPSHOT.jar!/webapps/static,AVAILABLE}
2023-04-27 19:24:55,094 [Listener at 127.0.0.1/40321] INFO  handler.ContextHandler (ContextHandler.java:doStart(921)) - Started o.e.j.w.WebAppContext@4858e6c0{hddsDatanode,/,file:///home/runner/work/ozone/ozone/hadoop-ozone/integration-test/target/test-dir/MiniOzoneClusterImpl-cbda0cd1-5e50-4c9a-9fd3-3711af7baf07/datanode-2/meta/webserver/jetty-0_0_0_0-36879-hdds-container-service-1_4_0-SNAPSHOT_jar-_-any-5472200182513814663/webapp/,AVAILABLE}{jar:file:/home/runner/.m2/repository/org/apache/ozone/hdds-container-service/1.4.0-SNAPSHOT/hdds-container-service-1.4.0-SNAPSHOT.jar!/webapps/hddsDatanode}
2023-04-27 19:24:55,096 [Listener at 127.0.0.1/40321] INFO  server.AbstractConnector (AbstractConnector.java:doStart(333)) - Started ServerConnector@69ef1429{HTTP/1.1, (http/1.1)}{0.0.0.0:36879}
2023-04-27 19:24:55,096 [Listener at 127.0.0.1/40321] INFO  server.Server (Server.java:doStart(415)) - Started @10865ms
2023-04-27 19:24:55,096 [Listener at 127.0.0.1/40321] WARN  impl.MetricsSystemImpl (MetricsSystemImpl.java:register(279)) - Sink prometheus already exists!
2023-04-27 19:24:55,097 [Listener at 127.0.0.1/40321] INFO  http.BaseHttpServer (BaseHttpServer.java:updateConnectorAddress(344)) - HTTP server of hddsDatanode listening at http://0.0.0.0:36879
2023-04-27 19:24:55,102 [Datanode State Machine Daemon Thread] INFO  statemachine.DatanodeStateMachine (DatanodeStateMachine.java:lambda$startDaemon$0(519)) - Ozone container server started.
2023-04-27 19:24:55,103 [Listener at 127.0.0.1/40321] INFO  ozone.MiniOzoneClusterImpl (MiniOzoneClusterImpl.java:lambda$waitForClusterToBeReady$0(223)) - Waiting for nodes to be ready. Got 0 of 3 DN Heartbeats.
2023-04-27 19:24:55,103 [Listener at 127.0.0.1/40321] INFO  ozone.MiniOzoneClusterImpl (MiniOzoneClusterImpl.java:lambda$waitForClusterToBeReady$0(226)) - Waiting for cluster to exit safe mode
2023-04-27 19:24:55,103 [Listener at 127.0.0.1/40321] INFO  ozone.MiniOzoneClusterImpl (MiniOzoneClusterImpl.java:lambda$waitForClusterToBeReady$0(228)) - SCM became leader
2023-04-27 19:24:55,106 [org.apache.hadoop.util.JvmPauseMonitor$Monitor@3c580105] INFO  util.JvmPauseMonitor (JvmPauseMonitor.java:run(188)) - Starting JVM pause monitor
2023-04-27 19:24:55,109 [Datanode State Machine Task Thread - 0] INFO  datanode.InitDatanodeState (InitDatanodeState.java:persistContainerDatanodeDetails(138)) - DatanodeDetails is persisted to /home/runner/work/ozone/ozone/hadoop-ozone/integration-test/target/test-dir/MiniOzoneClusterImpl-cbda0cd1-5e50-4c9a-9fd3-3711af7baf07/datanode-2/meta/datanode.id
2023-04-27 19:24:56,048 [EndpointStateMachine task thread for /0.0.0.0:43055 - 0 ] INFO  utils.DatanodeStoreCache (DatanodeStoreCache.java:addDB(58)) - Added db /home/runner/work/ozone/ozone/hadoop-ozone/integration-test/target/test-dir/MiniOzoneClusterImpl-cbda0cd1-5e50-4c9a-9fd3-3711af7baf07/datanode-0/data-0/containers/hdds/cbda0cd1-5e50-4c9a-9fd3-3711af7baf07/DS-eb892819-acc1-4592-9927-2743c443453e/container.db to cache
2023-04-27 19:24:56,048 [EndpointStateMachine task thread for /0.0.0.0:43055 - 0 ] INFO  volume.HddsVolume (HddsVolume.java:createDbStore(350)) - SchemaV3 db is created and loaded at /home/runner/work/ozone/ozone/hadoop-ozone/integration-test/target/test-dir/MiniOzoneClusterImpl-cbda0cd1-5e50-4c9a-9fd3-3711af7baf07/datanode-0/data-0/containers/hdds/cbda0cd1-5e50-4c9a-9fd3-3711af7baf07/DS-eb892819-acc1-4592-9927-2743c443453e/container.db for volume DS-eb892819-acc1-4592-9927-2743c443453e
2023-04-27 19:24:56,053 [EndpointStateMachine task thread for /0.0.0.0:43055 - 0 ] INFO  ozoneimpl.OzoneContainer (OzoneContainer.java:start(397)) - Attempting to start container services.
2023-04-27 19:24:56,057 [EndpointStateMachine task thread for /0.0.0.0:43055 - 0 ] INFO  ozoneimpl.OzoneContainer (OzoneContainer.java:startContainerScrub(314)) - Scheduled background container scanners and the on-demand container scanner have been disabled.
2023-04-27 19:24:56,063 [EndpointStateMachine task thread for /0.0.0.0:43055 - 0 ] INFO  replication.ReplicationServer (ReplicationServer.java:start(109)) - ReplicationServer is started using port 40429
2023-04-27 19:24:56,063 [EndpointStateMachine task thread for /0.0.0.0:43055 - 0 ] INFO  ratis.XceiverServerRatis (XceiverServerRatis.java:start(517)) - Starting XceiverServerRatis b541e7ff-e94a-40bd-b2ad-c5dbbcbc2c5b
2023-04-27 19:24:56,068 [EndpointStateMachine task thread for /0.0.0.0:43055 - 0 ] INFO  server.RaftServer (RaftServerProxy.java:startImpl(393)) - b541e7ff-e94a-40bd-b2ad-c5dbbcbc2c5b: start RPC server
2023-04-27 19:24:56,070 [EndpointStateMachine task thread for /0.0.0.0:43055 - 0 ] INFO  server.GrpcService (GrpcService.java:startImpl(262)) - b541e7ff-e94a-40bd-b2ad-c5dbbcbc2c5b: GrpcService started, listening on 33317
2023-04-27 19:24:56,072 [EndpointStateMachine task thread for /0.0.0.0:43055 - 0 ] INFO  ratis.XceiverServerRatis (XceiverServerRatis.java:getRealPort(543)) - XceiverServerRatis b541e7ff-e94a-40bd-b2ad-c5dbbcbc2c5b is started using port 33317 for RATIS
2023-04-27 19:24:56,072 [EndpointStateMachine task thread for /0.0.0.0:43055 - 0 ] INFO  ratis.XceiverServerRatis (XceiverServerRatis.java:getRealPort(543)) - XceiverServerRatis b541e7ff-e94a-40bd-b2ad-c5dbbcbc2c5b is started using port 33317 for RATIS_ADMIN
2023-04-27 19:24:56,073 [EndpointStateMachine task thread for /0.0.0.0:43055 - 0 ] INFO  ratis.XceiverServerRatis (XceiverServerRatis.java:getRealPort(543)) - XceiverServerRatis b541e7ff-e94a-40bd-b2ad-c5dbbcbc2c5b is started using port 33317 for RATIS_SERVER
2023-04-27 19:24:56,073 [EndpointStateMachine task thread for /0.0.0.0:43055 - 0 ] INFO  ratis.XceiverServerRatis (XceiverServerRatis.java:getRealPort(543)) - XceiverServerRatis b541e7ff-e94a-40bd-b2ad-c5dbbcbc2c5b is started using port 44131 for RATIS_DATASTREAM
2023-04-27 19:24:56,073 [JvmPauseMonitor1] INFO  util.JvmPauseMonitor (JvmPauseMonitor.java:run(105)) - JvmPauseMonitor-b541e7ff-e94a-40bd-b2ad-c5dbbcbc2c5b: Started
2023-04-27 19:24:56,091 [EndpointStateMachine task thread for /0.0.0.0:43055 - 0 ] INFO  server.XceiverServerGrpc (XceiverServerGrpc.java:start(180)) - XceiverServerGrpc b541e7ff-e94a-40bd-b2ad-c5dbbcbc2c5b is started using port 36829
2023-04-27 19:24:56,104 [Listener at 127.0.0.1/40321] INFO  ozone.MiniOzoneClusterImpl (MiniOzoneClusterImpl.java:lambda$waitForClusterToBeReady$0(223)) - Waiting for nodes to be ready. Got 0 of 3 DN Heartbeats.
2023-04-27 19:24:56,104 [Listener at 127.0.0.1/40321] INFO  ozone.MiniOzoneClusterImpl (MiniOzoneClusterImpl.java:lambda$waitForClusterToBeReady$0(226)) - Waiting for cluster to exit safe mode
2023-04-27 19:24:56,104 [Listener at 127.0.0.1/40321] INFO  ozone.MiniOzoneClusterImpl (MiniOzoneClusterImpl.java:lambda$waitForClusterToBeReady$0(228)) - SCM became leader
2023-04-27 19:24:56,104 [BlockDeletingService#0] INFO  interfaces.ContainerDeletionChoosingPolicyTemplate (ContainerDeletionChoosingPolicyTemplate.java:chooseContainerForBlockDeletion(83)) - Chosen 0/5000 blocks from 0 candidate containers.
2023-04-27 19:24:56,707 [EndpointStateMachine task thread for /0.0.0.0:43055 - 0 ] INFO  utils.DatanodeStoreCache (DatanodeStoreCache.java:addDB(58)) - Added db /home/runner/work/ozone/ozone/hadoop-ozone/integration-test/target/test-dir/MiniOzoneClusterImpl-cbda0cd1-5e50-4c9a-9fd3-3711af7baf07/datanode-1/data-0/containers/hdds/cbda0cd1-5e50-4c9a-9fd3-3711af7baf07/DS-6d3d4229-ea3f-448d-bf33-4dd9cea5cec9/container.db to cache
2023-04-27 19:24:56,707 [EndpointStateMachine task thread for /0.0.0.0:43055 - 0 ] INFO  volume.HddsVolume (HddsVolume.java:createDbStore(350)) - SchemaV3 db is created and loaded at /home/runner/work/ozone/ozone/hadoop-ozone/integration-test/target/test-dir/MiniOzoneClusterImpl-cbda0cd1-5e50-4c9a-9fd3-3711af7baf07/datanode-1/data-0/containers/hdds/cbda0cd1-5e50-4c9a-9fd3-3711af7baf07/DS-6d3d4229-ea3f-448d-bf33-4dd9cea5cec9/container.db for volume DS-6d3d4229-ea3f-448d-bf33-4dd9cea5cec9
2023-04-27 19:24:56,709 [EndpointStateMachine task thread for /0.0.0.0:43055 - 0 ] INFO  ozoneimpl.OzoneContainer (OzoneContainer.java:start(397)) - Attempting to start container services.
2023-04-27 19:24:56,709 [EndpointStateMachine task thread for /0.0.0.0:43055 - 0 ] INFO  ozoneimpl.OzoneContainer (OzoneContainer.java:startContainerScrub(314)) - Scheduled background container scanners and the on-demand container scanner have been disabled.
2023-04-27 19:24:56,711 [EndpointStateMachine task thread for /0.0.0.0:43055 - 0 ] INFO  replication.ReplicationServer (ReplicationServer.java:start(109)) - ReplicationServer is started using port 38873
2023-04-27 19:24:56,712 [EndpointStateMachine task thread for /0.0.0.0:43055 - 0 ] INFO  ratis.XceiverServerRatis (XceiverServerRatis.java:start(517)) - Starting XceiverServerRatis f6c59282-8b8b-4bc6-9a7f-0a226baa887b
2023-04-27 19:24:56,720 [EndpointStateMachine task thread for /0.0.0.0:43055 - 0 ] INFO  server.RaftServer (RaftServerProxy.java:startImpl(393)) - f6c59282-8b8b-4bc6-9a7f-0a226baa887b: start RPC server
2023-04-27 19:24:56,723 [EndpointStateMachine task thread for /0.0.0.0:43055 - 0 ] INFO  server.GrpcService (GrpcService.java:startImpl(262)) - f6c59282-8b8b-4bc6-9a7f-0a226baa887b: GrpcService started, listening on 43027
2023-04-27 19:24:56,726 [EndpointStateMachine task thread for /0.0.0.0:43055 - 0 ] INFO  ratis.XceiverServerRatis (XceiverServerRatis.java:getRealPort(543)) - XceiverServerRatis f6c59282-8b8b-4bc6-9a7f-0a226baa887b is started using port 43027 for RATIS
2023-04-27 19:24:56,726 [EndpointStateMachine task thread for /0.0.0.0:43055 - 0 ] INFO  ratis.XceiverServerRatis (XceiverServerRatis.java:getRealPort(543)) - XceiverServerRatis f6c59282-8b8b-4bc6-9a7f-0a226baa887b is started using port 43027 for RATIS_ADMIN
2023-04-27 19:24:56,726 [EndpointStateMachine task thread for /0.0.0.0:43055 - 0 ] INFO  ratis.XceiverServerRatis (XceiverServerRatis.java:getRealPort(543)) - XceiverServerRatis f6c59282-8b8b-4bc6-9a7f-0a226baa887b is started using port 43027 for RATIS_SERVER
2023-04-27 19:24:56,726 [EndpointStateMachine task thread for /0.0.0.0:43055 - 0 ] INFO  ratis.XceiverServerRatis (XceiverServerRatis.java:getRealPort(543)) - XceiverServerRatis f6c59282-8b8b-4bc6-9a7f-0a226baa887b is started using port 39765 for RATIS_DATASTREAM
2023-04-27 19:24:56,733 [JvmPauseMonitor2] INFO  util.JvmPauseMonitor (JvmPauseMonitor.java:run(105)) - JvmPauseMonitor-f6c59282-8b8b-4bc6-9a7f-0a226baa887b: Started
2023-04-27 19:24:56,733 [EndpointStateMachine task thread for /0.0.0.0:43055 - 0 ] INFO  server.XceiverServerGrpc (XceiverServerGrpc.java:start(180)) - XceiverServerGrpc f6c59282-8b8b-4bc6-9a7f-0a226baa887b is started using port 43111
2023-04-27 19:24:56,744 [BlockDeletingService#0] INFO  interfaces.ContainerDeletionChoosingPolicyTemplate (ContainerDeletionChoosingPolicyTemplate.java:chooseContainerForBlockDeletion(83)) - Chosen 0/5000 blocks from 0 candidate containers.
2023-04-27 19:24:57,104 [Listener at 127.0.0.1/40321] INFO  ozone.MiniOzoneClusterImpl (MiniOzoneClusterImpl.java:lambda$waitForClusterToBeReady$0(223)) - Waiting for nodes to be ready. Got 0 of 3 DN Heartbeats.
2023-04-27 19:24:57,105 [Listener at 127.0.0.1/40321] INFO  ozone.MiniOzoneClusterImpl (MiniOzoneClusterImpl.java:lambda$waitForClusterToBeReady$0(226)) - Waiting for cluster to exit safe mode
2023-04-27 19:24:57,105 [Listener at 127.0.0.1/40321] INFO  ozone.MiniOzoneClusterImpl (MiniOzoneClusterImpl.java:lambda$waitForClusterToBeReady$0(228)) - SCM became leader
2023-04-27 19:24:57,154 [EndpointStateMachine task thread for /0.0.0.0:43055 - 0 ] INFO  utils.DatanodeStoreCache (DatanodeStoreCache.java:addDB(58)) - Added db /home/runner/work/ozone/ozone/hadoop-ozone/integration-test/target/test-dir/MiniOzoneClusterImpl-cbda0cd1-5e50-4c9a-9fd3-3711af7baf07/datanode-2/data-0/containers/hdds/cbda0cd1-5e50-4c9a-9fd3-3711af7baf07/DS-bc3065df-6a21-4357-9520-516a2b00aab7/container.db to cache
2023-04-27 19:24:57,154 [EndpointStateMachine task thread for /0.0.0.0:43055 - 0 ] INFO  volume.HddsVolume (HddsVolume.java:createDbStore(350)) - SchemaV3 db is created and loaded at /home/runner/work/ozone/ozone/hadoop-ozone/integration-test/target/test-dir/MiniOzoneClusterImpl-cbda0cd1-5e50-4c9a-9fd3-3711af7baf07/datanode-2/data-0/containers/hdds/cbda0cd1-5e50-4c9a-9fd3-3711af7baf07/DS-bc3065df-6a21-4357-9520-516a2b00aab7/container.db for volume DS-bc3065df-6a21-4357-9520-516a2b00aab7
2023-04-27 19:24:57,155 [EndpointStateMachine task thread for /0.0.0.0:43055 - 0 ] INFO  ozoneimpl.OzoneContainer (OzoneContainer.java:start(397)) - Attempting to start container services.
2023-04-27 19:24:57,155 [EndpointStateMachine task thread for /0.0.0.0:43055 - 0 ] INFO  ozoneimpl.OzoneContainer (OzoneContainer.java:startContainerScrub(314)) - Scheduled background container scanners and the on-demand container scanner have been disabled.
2023-04-27 19:24:57,164 [EndpointStateMachine task thread for /0.0.0.0:43055 - 0 ] INFO  replication.ReplicationServer (ReplicationServer.java:start(109)) - ReplicationServer is started using port 38281
2023-04-27 19:24:57,164 [EndpointStateMachine task thread for /0.0.0.0:43055 - 0 ] INFO  ratis.XceiverServerRatis (XceiverServerRatis.java:start(517)) - Starting XceiverServerRatis b8a2b3ae-f6d1-4c33-80c4-6391c5d511a4
2023-04-27 19:24:57,165 [EndpointStateMachine task thread for /0.0.0.0:43055 - 0 ] INFO  server.RaftServer (RaftServerProxy.java:startImpl(393)) - b8a2b3ae-f6d1-4c33-80c4-6391c5d511a4: start RPC server
2023-04-27 19:24:57,167 [EndpointStateMachine task thread for /0.0.0.0:43055 - 0 ] INFO  server.GrpcService (GrpcService.java:startImpl(262)) - b8a2b3ae-f6d1-4c33-80c4-6391c5d511a4: GrpcService started, listening on 34305
2023-04-27 19:24:57,167 [EndpointStateMachine task thread for /0.0.0.0:43055 - 0 ] INFO  ratis.XceiverServerRatis (XceiverServerRatis.java:getRealPort(543)) - XceiverServerRatis b8a2b3ae-f6d1-4c33-80c4-6391c5d511a4 is started using port 34305 for RATIS
2023-04-27 19:24:57,167 [JvmPauseMonitor3] INFO  util.JvmPauseMonitor (JvmPauseMonitor.java:run(105)) - JvmPauseMonitor-b8a2b3ae-f6d1-4c33-80c4-6391c5d511a4: Started
2023-04-27 19:24:57,167 [EndpointStateMachine task thread for /0.0.0.0:43055 - 0 ] INFO  ratis.XceiverServerRatis (XceiverServerRatis.java:getRealPort(543)) - XceiverServerRatis b8a2b3ae-f6d1-4c33-80c4-6391c5d511a4 is started using port 34305 for RATIS_ADMIN
2023-04-27 19:24:57,167 [EndpointStateMachine task thread for /0.0.0.0:43055 - 0 ] INFO  ratis.XceiverServerRatis (XceiverServerRatis.java:getRealPort(543)) - XceiverServerRatis b8a2b3ae-f6d1-4c33-80c4-6391c5d511a4 is started using port 34305 for RATIS_SERVER
2023-04-27 19:24:57,167 [EndpointStateMachine task thread for /0.0.0.0:43055 - 0 ] INFO  ratis.XceiverServerRatis (XceiverServerRatis.java:getRealPort(543)) - XceiverServerRatis b8a2b3ae-f6d1-4c33-80c4-6391c5d511a4 is started using port 43589 for RATIS_DATASTREAM
2023-04-27 19:24:57,176 [EndpointStateMachine task thread for /0.0.0.0:43055 - 0 ] INFO  server.XceiverServerGrpc (XceiverServerGrpc.java:start(180)) - XceiverServerGrpc b8a2b3ae-f6d1-4c33-80c4-6391c5d511a4 is started using port 38567
2023-04-27 19:24:57,177 [BlockDeletingService#0] INFO  interfaces.ContainerDeletionChoosingPolicyTemplate (ContainerDeletionChoosingPolicyTemplate.java:chooseContainerForBlockDeletion(83)) - Chosen 0/5000 blocks from 0 candidate containers.
2023-04-27 19:24:57,940 [IPC Server handler 12 on default port 43055] INFO  net.NetworkTopologyImpl (NetworkTopologyImpl.java:add(112)) - Added a new node: /default-rack/b541e7ff-e94a-40bd-b2ad-c5dbbcbc2c5b
2023-04-27 19:24:57,942 [IPC Server handler 12 on default port 43055] INFO  node.SCMNodeManager (SCMNodeManager.java:register(404)) - Registered Data node : b541e7ff-e94a-40bd-b2ad-c5dbbcbc2c5b{ip: 10.1.0.191, host: fv-az240-684.bcold04rutgefduts2gkrghvsa.bx.internal.cloudapp.net, ports: [HTTP=36323, REPLICATION=40429, RATIS=33317, RATIS_ADMIN=33317, RATIS_SERVER=33317, RATIS_DATASTREAM=44131, STANDALONE=36829], networkLocation: /default-rack, certSerialId: null, persistedOpState: null, persistedOpStateExpiryEpochSec: 0}
2023-04-27 19:24:57,949 [EventQueue-NodeRegistrationContainerReportForDataNodeSafeModeRule] INFO  safemode.SCMSafeModeManager (DataNodeSafeModeRule.java:process(71)) - SCM in safe mode. 1 DataNodes registered, 3 required.
2023-04-27 19:24:57,953 [EventQueue-NodeRegistrationContainerReportForContainerSafeModeRule] INFO  safemode.SCMSafeModeManager (SCMSafeModeManager.java:validateSafeModeExitRules(200)) - ContainerSafeModeRule rule is successfully validated
2023-04-27 19:24:57,961 [EventQueue-NewNodeForNewNodeHandler] INFO  pipeline.BackgroundPipelineCreator (BackgroundPipelineCreator.java:notifyEventTriggered(276)) - trigger a one-shot run on RatisPipelineUtilsThread.
2023-04-27 19:24:57,964 [EventQueue-PipelineReportForOneReplicaPipelineSafeModeRule] INFO  safemode.SCMSafeModeManager (SCMSafeModeManager.java:validateSafeModeExitRules(200)) - AtleastOneDatanodeReportedRule rule is successfully validated
2023-04-27 19:24:57,972 [RatisPipelineUtilsThread - 0] INFO  pipeline.RatisPipelineProvider (RatisPipelineProvider.java:lambda$create$0(206)) - Sending CreatePipelineCommand for pipeline:PipelineID=368f6619-dfbe-4d14-a4ea-8fd94e940d46 to datanode:b541e7ff-e94a-40bd-b2ad-c5dbbcbc2c5b
2023-04-27 19:24:57,985 [RatisPipelineUtilsThread - 0] INFO  pipeline.PipelineStateManagerImpl (PipelineStateManagerImpl.java:addPipeline(103)) - Created pipeline Pipeline[ Id: 368f6619-dfbe-4d14-a4ea-8fd94e940d46, Nodes: b541e7ff-e94a-40bd-b2ad-c5dbbcbc2c5b(fv-az240-684.bcold04rutgefduts2gkrghvsa.bx.internal.cloudapp.net/10.1.0.191), ReplicationConfig: RATIS/ONE, State:ALLOCATED, leaderId:, CreationTimestamp2023-04-27T19:24:57.970Z[Etc/UTC]].
2023-04-27 19:24:58,106 [Listener at 127.0.0.1/40321] INFO  ozone.MiniOzoneClusterImpl (MiniOzoneClusterImpl.java:lambda$waitForClusterToBeReady$0(223)) - Waiting for nodes to be ready. Got 1 of 3 DN Heartbeats.
2023-04-27 19:24:58,106 [Listener at 127.0.0.1/40321] INFO  ozone.MiniOzoneClusterImpl (MiniOzoneClusterImpl.java:lambda$waitForClusterToBeReady$0(226)) - Waiting for cluster to exit safe mode
2023-04-27 19:24:58,106 [Listener at 127.0.0.1/40321] INFO  ozone.MiniOzoneClusterImpl (MiniOzoneClusterImpl.java:lambda$waitForClusterToBeReady$0(228)) - SCM became leader
2023-04-27 19:24:58,657 [IPC Server handler 15 on default port 43055] INFO  net.NetworkTopologyImpl (NetworkTopologyImpl.java:add(112)) - Added a new node: /default-rack/f6c59282-8b8b-4bc6-9a7f-0a226baa887b
2023-04-27 19:24:58,657 [IPC Server handler 15 on default port 43055] INFO  node.SCMNodeManager (SCMNodeManager.java:register(404)) - Registered Data node : f6c59282-8b8b-4bc6-9a7f-0a226baa887b{ip: 10.1.0.191, host: fv-az240-684.bcold04rutgefduts2gkrghvsa.bx.internal.cloudapp.net, ports: [HTTP=45619, REPLICATION=38873, RATIS=43027, RATIS_ADMIN=43027, RATIS_SERVER=43027, RATIS_DATASTREAM=39765, STANDALONE=43111], networkLocation: /default-rack, certSerialId: null, persistedOpState: null, persistedOpStateExpiryEpochSec: 0}
2023-04-27 19:24:58,658 [EventQueue-NewNodeForNewNodeHandler] INFO  pipeline.BackgroundPipelineCreator (BackgroundPipelineCreator.java:notifyEventTriggered(276)) - trigger a one-shot run on RatisPipelineUtilsThread.
2023-04-27 19:24:58,659 [EventQueue-NodeRegistrationContainerReportForDataNodeSafeModeRule] INFO  safemode.SCMSafeModeManager (DataNodeSafeModeRule.java:process(71)) - SCM in safe mode. 2 DataNodes registered, 3 required.
2023-04-27 19:24:58,661 [RatisPipelineUtilsThread - 0] INFO  pipeline.RatisPipelineProvider (RatisPipelineProvider.java:lambda$create$0(206)) - Sending CreatePipelineCommand for pipeline:PipelineID=c040ea1d-5466-4235-9495-474883555098 to datanode:f6c59282-8b8b-4bc6-9a7f-0a226baa887b
2023-04-27 19:24:58,662 [RatisPipelineUtilsThread - 0] INFO  pipeline.PipelineStateManagerImpl (PipelineStateManagerImpl.java:addPipeline(103)) - Created pipeline Pipeline[ Id: c040ea1d-5466-4235-9495-474883555098, Nodes: f6c59282-8b8b-4bc6-9a7f-0a226baa887b(fv-az240-684.bcold04rutgefduts2gkrghvsa.bx.internal.cloudapp.net/10.1.0.191), ReplicationConfig: RATIS/ONE, State:ALLOCATED, leaderId:, CreationTimestamp2023-04-27T19:24:58.661Z[Etc/UTC]].
2023-04-27 19:24:59,106 [Listener at 127.0.0.1/40321] INFO  ozone.MiniOzoneClusterImpl (MiniOzoneClusterImpl.java:lambda$waitForClusterToBeReady$0(223)) - Waiting for nodes to be ready. Got 2 of 3 DN Heartbeats.
2023-04-27 19:24:59,107 [Listener at 127.0.0.1/40321] INFO  ozone.MiniOzoneClusterImpl (MiniOzoneClusterImpl.java:lambda$waitForClusterToBeReady$0(226)) - Waiting for cluster to exit safe mode
2023-04-27 19:24:59,107 [Listener at 127.0.0.1/40321] INFO  ozone.MiniOzoneClusterImpl (MiniOzoneClusterImpl.java:lambda$waitForClusterToBeReady$0(228)) - SCM became leader
2023-04-27 19:24:59,110 [IPC Server handler 13 on default port 43055] INFO  net.NetworkTopologyImpl (NetworkTopologyImpl.java:add(112)) - Added a new node: /default-rack/b8a2b3ae-f6d1-4c33-80c4-6391c5d511a4
2023-04-27 19:24:59,110 [IPC Server handler 13 on default port 43055] INFO  node.SCMNodeManager (SCMNodeManager.java:register(404)) - Registered Data node : b8a2b3ae-f6d1-4c33-80c4-6391c5d511a4{ip: 10.1.0.191, host: fv-az240-684.bcold04rutgefduts2gkrghvsa.bx.internal.cloudapp.net, ports: [HTTP=36879, REPLICATION=38281, RATIS=34305, RATIS_ADMIN=34305, RATIS_SERVER=34305, RATIS_DATASTREAM=43589, STANDALONE=38567], networkLocation: /default-rack, certSerialId: null, persistedOpState: null, persistedOpStateExpiryEpochSec: 0}
2023-04-27 19:24:59,110 [EventQueue-NewNodeForNewNodeHandler] INFO  pipeline.BackgroundPipelineCreator (BackgroundPipelineCreator.java:notifyEventTriggered(276)) - trigger a one-shot run on RatisPipelineUtilsThread.
2023-04-27 19:24:59,112 [EventQueue-NodeRegistrationContainerReportForDataNodeSafeModeRule] INFO  safemode.SCMSafeModeManager (DataNodeSafeModeRule.java:process(71)) - SCM in safe mode. 3 DataNodes registered, 3 required.
2023-04-27 19:24:59,112 [RatisPipelineUtilsThread - 0] INFO  pipeline.RatisPipelineProvider (RatisPipelineProvider.java:lambda$create$0(206)) - Sending CreatePipelineCommand for pipeline:PipelineID=946752dc-8084-4833-b690-c8b5d071ae8b to datanode:b8a2b3ae-f6d1-4c33-80c4-6391c5d511a4
2023-04-27 19:24:59,112 [EventQueue-NodeRegistrationContainerReportForDataNodeSafeModeRule] INFO  safemode.SCMSafeModeManager (SCMSafeModeManager.java:validateSafeModeExitRules(200)) - DataNodeSafeModeRule rule is successfully validated
2023-04-27 19:24:59,113 [EventQueue-NodeRegistrationContainerReportForDataNodeSafeModeRule] INFO  safemode.SCMSafeModeManager (SCMSafeModeManager.java:completePreCheck(229)) - All SCM safe mode pre check rules have passed
2023-04-27 19:24:59,113 [EventQueue-NodeRegistrationContainerReportForDataNodeSafeModeRule] INFO  ha.SCMContext (SCMContext.java:updateSafeModeStatus(228)) - Update SafeModeStatus from SafeModeStatus{safeModeStatus=true, preCheckPassed=false} to SafeModeStatus{safeModeStatus=true, preCheckPassed=true}.
2023-04-27 19:24:59,113 [EventQueue-NodeRegistrationContainerReportForDataNodeSafeModeRule] INFO  pipeline.BackgroundPipelineCreator (BackgroundPipelineCreator.java:notifyEventTriggered(276)) - trigger a one-shot run on RatisPipelineUtilsThread.
2023-04-27 19:24:59,114 [RatisPipelineUtilsThread - 0] INFO  pipeline.PipelineStateManagerImpl (PipelineStateManagerImpl.java:addPipeline(103)) - Created pipeline Pipeline[ Id: 946752dc-8084-4833-b690-c8b5d071ae8b, Nodes: b8a2b3ae-f6d1-4c33-80c4-6391c5d511a4(fv-az240-684.bcold04rutgefduts2gkrghvsa.bx.internal.cloudapp.net/10.1.0.191), ReplicationConfig: RATIS/ONE, State:ALLOCATED, leaderId:, CreationTimestamp2023-04-27T19:24:59.112Z[Etc/UTC]].
2023-04-27 19:24:59,120 [RatisPipelineUtilsThread - 0] INFO  pipeline.RatisPipelineProvider (RatisPipelineProvider.java:lambda$create$0(206)) - Sending CreatePipelineCommand for pipeline:PipelineID=654a6875-cda0-4f40-9516-2f3e61a8a7e1 to datanode:b541e7ff-e94a-40bd-b2ad-c5dbbcbc2c5b
2023-04-27 19:24:59,120 [RatisPipelineUtilsThread - 0] INFO  pipeline.RatisPipelineProvider (RatisPipelineProvider.java:lambda$create$0(206)) - Sending CreatePipelineCommand for pipeline:PipelineID=654a6875-cda0-4f40-9516-2f3e61a8a7e1 to datanode:b8a2b3ae-f6d1-4c33-80c4-6391c5d511a4
2023-04-27 19:24:59,120 [RatisPipelineUtilsThread - 0] INFO  pipeline.RatisPipelineProvider (RatisPipelineProvider.java:lambda$create$0(206)) - Sending CreatePipelineCommand for pipeline:PipelineID=654a6875-cda0-4f40-9516-2f3e61a8a7e1 to datanode:f6c59282-8b8b-4bc6-9a7f-0a226baa887b
2023-04-27 19:24:59,123 [RatisPipelineUtilsThread - 0] INFO  pipeline.PipelineStateManagerImpl (PipelineStateManagerImpl.java:addPipeline(103)) - Created pipeline Pipeline[ Id: 654a6875-cda0-4f40-9516-2f3e61a8a7e1, Nodes: b541e7ff-e94a-40bd-b2ad-c5dbbcbc2c5b(fv-az240-684.bcold04rutgefduts2gkrghvsa.bx.internal.cloudapp.net/10.1.0.191)b8a2b3ae-f6d1-4c33-80c4-6391c5d511a4(fv-az240-684.bcold04rutgefduts2gkrghvsa.bx.internal.cloudapp.net/10.1.0.191)f6c59282-8b8b-4bc6-9a7f-0a226baa887b(fv-az240-684.bcold04rutgefduts2gkrghvsa.bx.internal.cloudapp.net/10.1.0.191), ReplicationConfig: RATIS/THREE, State:ALLOCATED, leaderId:, CreationTimestamp2023-04-27T19:24:59.120Z[Etc/UTC]].
2023-04-27 19:24:59,126 [RatisPipelineUtilsThread - 0] INFO  pipeline.RatisPipelineProvider (RatisPipelineProvider.java:lambda$create$0(206)) - Sending CreatePipelineCommand for pipeline:PipelineID=4d2bf946-c585-417a-8ae1-6ddb49dbe31f to datanode:b541e7ff-e94a-40bd-b2ad-c5dbbcbc2c5b
2023-04-27 19:24:59,126 [RatisPipelineUtilsThread - 0] INFO  pipeline.RatisPipelineProvider (RatisPipelineProvider.java:lambda$create$0(206)) - Sending CreatePipelineCommand for pipeline:PipelineID=4d2bf946-c585-417a-8ae1-6ddb49dbe31f to datanode:f6c59282-8b8b-4bc6-9a7f-0a226baa887b
2023-04-27 19:24:59,128 [RatisPipelineUtilsThread - 0] INFO  pipeline.RatisPipelineProvider (RatisPipelineProvider.java:lambda$create$0(206)) - Sending CreatePipelineCommand for pipeline:PipelineID=4d2bf946-c585-417a-8ae1-6ddb49dbe31f to datanode:b8a2b3ae-f6d1-4c33-80c4-6391c5d511a4
2023-04-27 19:24:59,130 [RatisPipelineUtilsThread - 0] INFO  pipeline.PipelineStateManagerImpl (PipelineStateManagerImpl.java:addPipeline(103)) - Created pipeline Pipeline[ Id: 4d2bf946-c585-417a-8ae1-6ddb49dbe31f, Nodes: b541e7ff-e94a-40bd-b2ad-c5dbbcbc2c5b(fv-az240-684.bcold04rutgefduts2gkrghvsa.bx.internal.cloudapp.net/10.1.0.191)f6c59282-8b8b-4bc6-9a7f-0a226baa887b(fv-az240-684.bcold04rutgefduts2gkrghvsa.bx.internal.cloudapp.net/10.1.0.191)b8a2b3ae-f6d1-4c33-80c4-6391c5d511a4(fv-az240-684.bcold04rutgefduts2gkrghvsa.bx.internal.cloudapp.net/10.1.0.191), ReplicationConfig: RATIS/THREE, State:ALLOCATED, leaderId:, CreationTimestamp2023-04-27T19:24:59.126Z[Etc/UTC]].
2023-04-27 19:24:59,130 [RatisPipelineUtilsThread - 0] INFO  pipeline.PipelineManagerImpl (PipelineManagerImpl.java:recordMetricsForPipeline(826)) - Pipeline: PipelineID=4d2bf946-c585-417a-8ae1-6ddb49dbe31f contains same datanodes as previous pipelines: PipelineID=654a6875-cda0-4f40-9516-2f3e61a8a7e1 nodeIds: b541e7ff-e94a-40bd-b2ad-c5dbbcbc2c5b, f6c59282-8b8b-4bc6-9a7f-0a226baa887b, b8a2b3ae-f6d1-4c33-80c4-6391c5d511a4
2023-04-27 19:24:59,131 [RatisPipelineUtilsThread - 0] WARN  pipeline.PipelinePlacementPolicy (PipelinePlacementPolicy.java:filterViableNodes(160)) - Pipeline creation failed due to no sufficient healthy datanodes. Required 3. Found 0. Excluded 3.
2023-04-27 19:24:59,133 [RatisPipelineUtilsThread - 0] WARN  pipeline.PipelinePlacementPolicy (PipelinePlacementPolicy.java:filterViableNodes(160)) - Pipeline creation failed due to no sufficient healthy datanodes. Required 3. Found 0. Excluded 3.
2023-04-27 19:25:00,107 [Listener at 127.0.0.1/40321] INFO  ozone.MiniOzoneClusterImpl (MiniOzoneClusterImpl.java:lambda$waitForClusterToBeReady$0(223)) - Nodes are ready. Got 3 of 3 DN Heartbeats.
2023-04-27 19:25:00,108 [Listener at 127.0.0.1/40321] INFO  ozone.MiniOzoneClusterImpl (MiniOzoneClusterImpl.java:lambda$waitForClusterToBeReady$0(226)) - Waiting for cluster to exit safe mode
2023-04-27 19:25:00,108 [Listener at 127.0.0.1/40321] INFO  ozone.MiniOzoneClusterImpl (MiniOzoneClusterImpl.java:lambda$waitForClusterToBeReady$0(228)) - SCM became leader
2023-04-27 19:25:00,936 [Command processor thread] INFO  server.RaftServer (RaftServerProxy.java:addNew(96)) - b541e7ff-e94a-40bd-b2ad-c5dbbcbc2c5b: addNew group-8FD94E940D46:[b541e7ff-e94a-40bd-b2ad-c5dbbcbc2c5b|rpc:10.1.0.191:33317|dataStream:10.1.0.191:44131|priority:1|startupRole:FOLLOWER] returns group-8FD94E940D46:java.util.concurrent.CompletableFuture@6d9fb034[Not completed]
2023-04-27 19:25:00,951 [pool-79-thread-1] INFO  server.RaftServer$Division (RaftServerImpl.java:<init>(195)) - b541e7ff-e94a-40bd-b2ad-c5dbbcbc2c5b: new RaftServerImpl for group-8FD94E940D46:[b541e7ff-e94a-40bd-b2ad-c5dbbcbc2c5b|rpc:10.1.0.191:33317|dataStream:10.1.0.191:44131|priority:1|startupRole:FOLLOWER] with ContainerStateMachine:uninitialized
2023-04-27 19:25:00,951 [pool-79-thread-1] INFO  server.RaftServerConfigKeys (ConfUtils.java:logGet(46)) - raft.server.rpc.timeout.min = 5s (custom)
2023-04-27 19:25:00,951 [pool-79-thread-1] INFO  server.RaftServerConfigKeys (ConfUtils.java:logGet(46)) - raft.server.rpc.timeout.max = 5200ms (custom)
2023-04-27 19:25:00,951 [pool-79-thread-1] INFO  server.RaftServerConfigKeys (ConfUtils.java:logGet(46)) - raft.server.rpc.sleep.time = 25ms (default)
2023-04-27 19:25:00,952 [pool-79-thread-1] INFO  server.RaftServerConfigKeys (ConfUtils.java:logGet(46)) - raft.server.rpc.slowness.timeout = 300s (custom)
2023-04-27 19:25:00,952 [pool-79-thread-1] INFO  server.RaftServerConfigKeys (ConfUtils.java:logGet(46)) - raft.server.leaderelection.leader.step-down.wait-time = 10s (default)
2023-04-27 19:25:00,952 [pool-79-thread-1] INFO  server.RaftServerConfigKeys (ConfUtils.java:logGet(46)) - raft.server.sleep.deviation.threshold = 300ms (default)
2023-04-27 19:25:00,952 [pool-79-thread-1] INFO  server.RaftServer$Division (ServerState.java:<init>(118)) - b541e7ff-e94a-40bd-b2ad-c5dbbcbc2c5b@group-8FD94E940D46: ConfigurationManager, init=-1: peers:[b541e7ff-e94a-40bd-b2ad-c5dbbcbc2c5b|rpc:10.1.0.191:33317|dataStream:10.1.0.191:44131|priority:1|startupRole:FOLLOWER]|listeners:[], old=null, confs=<EMPTY_MAP>
2023-04-27 19:25:00,952 [pool-79-thread-1] INFO  server.RaftServerConfigKeys (ConfUtils.java:logGet(46)) - raft.server.storage.dir = [/home/runner/work/ozone/ozone/hadoop-ozone/integration-test/target/test-dir/MiniOzoneClusterImpl-cbda0cd1-5e50-4c9a-9fd3-3711af7baf07/datanode-0/data/ratis] (custom)
2023-04-27 19:25:00,952 [pool-79-thread-1] INFO  server.RaftServerConfigKeys (ConfUtils.java:logGet(46)) - raft.server.log.corruption.policy = EXCEPTION (default)
2023-04-27 19:25:00,952 [pool-79-thread-1] INFO  server.RaftServerConfigKeys (ConfUtils.java:logGet(46)) - raft.server.storage.free-space.min = 0MB (=0) (default)
2023-04-27 19:25:00,952 [pool-79-thread-1] INFO  server.RaftServerConfigKeys (ConfUtils.java:logGet(46)) - raft.server.notification.no-leader.timeout = 300s (custom)
2023-04-27 19:25:00,952 [pool-79-thread-1] INFO  server.RaftServerConfigKeys (ConfUtils.java:logGet(46)) - raft.server.retrycache.expirytime = 600000ms (custom)
2023-04-27 19:25:00,952 [pool-79-thread-1] INFO  server.RaftServerConfigKeys (ConfUtils.java:logGet(46)) - raft.server.retrycache.statistics.expirytime = 100μs (default)
2023-04-27 19:25:00,954 [pool-79-thread-1] INFO  server.RaftServerConfigKeys (ConfUtils.java:logGet(46)) - raft.server.log.appender.install.snapshot.enabled = false (custom)
2023-04-27 19:25:00,955 [pool-79-thread-1] INFO  server.RaftServerConfigKeys (ConfUtils.java:logGet(46)) - raft.server.threadpool.server.cached = true (default)
2023-04-27 19:25:00,955 [pool-79-thread-1] INFO  server.RaftServerConfigKeys (ConfUtils.java:logGet(46)) - raft.server.threadpool.server.size = 0 (default)
2023-04-27 19:25:00,955 [pool-79-thread-1] INFO  server.RaftServerConfigKeys (ConfUtils.java:logGet(46)) - raft.server.threadpool.client.cached = true (default)
2023-04-27 19:25:00,955 [pool-79-thread-1] INFO  server.RaftServerConfigKeys (ConfUtils.java:logGet(46)) - raft.server.threadpool.client.size = 0 (default)
2023-04-27 19:25:00,955 [pool-79-thread-1] INFO  storage.RaftStorageDirectory (RaftStorageDirectoryImpl.java:analyzeStorage(137)) - The storage directory /home/runner/work/ozone/ozone/hadoop-ozone/integration-test/target/test-dir/MiniOzoneClusterImpl-cbda0cd1-5e50-4c9a-9fd3-3711af7baf07/datanode-0/data/ratis/368f6619-dfbe-4d14-a4ea-8fd94e940d46 does not exist. Creating ...
2023-04-27 19:25:00,957 [pool-79-thread-1] INFO  storage.RaftStorageDirectory (RaftStorageDirectoryImpl.java:tryLock(231)) - Lock on /home/runner/work/ozone/ozone/hadoop-ozone/integration-test/target/test-dir/MiniOzoneClusterImpl-cbda0cd1-5e50-4c9a-9fd3-3711af7baf07/datanode-0/data/ratis/368f6619-dfbe-4d14-a4ea-8fd94e940d46/in_use.lock acquired by nodename 9193@fv-az240-684
2023-04-27 19:25:00,959 [pool-79-thread-1] INFO  storage.RaftStorage (RaftStorageImpl.java:format(96)) - Storage directory /home/runner/work/ozone/ozone/hadoop-ozone/integration-test/target/test-dir/MiniOzoneClusterImpl-cbda0cd1-5e50-4c9a-9fd3-3711af7baf07/datanode-0/data/ratis/368f6619-dfbe-4d14-a4ea-8fd94e940d46 has been successfully formatted.
2023-04-27 19:25:00,966 [pool-79-thread-1] INFO  ratis.ContainerStateMachine (ContainerStateMachine.java:loadSnapshot(262)) - group-8FD94E940D46: The snapshot info is null. Setting the last applied indexto:(t:0, i:~)
2023-04-27 19:25:00,966 [pool-79-thread-1] INFO  server.RaftServerConfigKeys (ConfUtils.java:logGet(46)) - raft.server.log.use.memory = false (default)
2023-04-27 19:25:00,966 [pool-79-thread-1] INFO  server.RaftServerConfigKeys (ConfUtils.java:logGet(46)) - raft.server.log.purge.gap = 1000000 (custom)
2023-04-27 19:25:00,966 [pool-79-thread-1] INFO  server.RaftServerConfigKeys (ConfUtils.java:logGet(46)) - raft.server.log.appender.buffer.byte-limit = 33554432 (custom)
2023-04-27 19:25:00,966 [pool-79-thread-1] INFO  server.RaftServerConfigKeys (ConfUtils.java:logGet(46)) - raft.server.log.statemachine.data.read.timeout = 1000ms (default)
2023-04-27 19:25:00,966 [pool-79-thread-1] INFO  server.RaftServerConfigKeys (ConfUtils.java:logGet(46)) - raft.server.log.purge.preservation.log.num = 0 (default)
2023-04-27 19:25:00,967 [pool-79-thread-1] INFO  server.RaftServerConfigKeys (ConfUtils.java:logGet(46)) - raft.server.log.segment.size.max = 1048576 (custom)
2023-04-27 19:25:00,967 [pool-79-thread-1] INFO  server.RaftServerConfigKeys (ConfUtils.java:logGet(46)) - raft.server.log.segment.cache.num.max = 2 (custom)
2023-04-27 19:25:00,967 [pool-79-thread-1] INFO  server.RaftServerConfigKeys (ConfUtils.java:logGet(46)) - raft.server.log.segment.cache.size.max = 200MB (=209715200) (default)
2023-04-27 19:25:00,968 [pool-79-thread-1] INFO  segmented.SegmentedRaftLogWorker (SegmentedRaftLogWorker.java:<init>(189)) - new b541e7ff-e94a-40bd-b2ad-c5dbbcbc2c5b@group-8FD94E940D46-SegmentedRaftLogWorker for RaftStorageImpl:Storage Directory /home/runner/work/ozone/ozone/hadoop-ozone/integration-test/target/test-dir/MiniOzoneClusterImpl-cbda0cd1-5e50-4c9a-9fd3-3711af7baf07/datanode-0/data/ratis/368f6619-dfbe-4d14-a4ea-8fd94e940d46
2023-04-27 19:25:00,968 [pool-79-thread-1] INFO  server.RaftServerConfigKeys (ConfUtils.java:logGet(46)) - raft.server.log.queue.byte-limit = 4294967296 (custom)
2023-04-27 19:25:00,968 [pool-79-thread-1] INFO  server.RaftServerConfigKeys (ConfUtils.java:logGet(46)) - raft.server.log.queue.element-limit = 1024 (custom)
2023-04-27 19:25:00,968 [pool-79-thread-1] INFO  server.RaftServerConfigKeys (ConfUtils.java:logGet(46)) - raft.server.log.segment.size.max = 1048576 (custom)
2023-04-27 19:25:00,968 [pool-79-thread-1] INFO  server.RaftServerConfigKeys (ConfUtils.java:logGet(46)) - raft.server.log.preallocated.size = 16384 (custom)
2023-04-27 19:25:00,968 [pool-79-thread-1] INFO  server.RaftServerConfigKeys (ConfUtils.java:logGet(46)) - raft.server.log.force.sync.num = 128 (default)
2023-04-27 19:25:00,968 [pool-79-thread-1] INFO  server.RaftServerConfigKeys (ConfUtils.java:logGet(46)) - raft.server.log.statemachine.data.sync = true (default)
2023-04-27 19:25:00,968 [pool-79-thread-1] INFO  server.RaftServerConfigKeys (ConfUtils.java:logGet(46)) - raft.server.log.statemachine.data.sync.timeout = 10s (default)
2023-04-27 19:25:00,968 [pool-79-thread-1] INFO  server.RaftServerConfigKeys (ConfUtils.java:logGet(46)) - raft.server.log.statemachine.data.sync.timeout.retry = -1 (default)
2023-04-27 19:25:00,970 [pool-79-thread-1] INFO  server.RaftServerConfigKeys (ConfUtils.java:logGet(46)) - raft.server.log.write.buffer.size = 1048576 (custom)
2023-04-27 19:25:00,970 [pool-79-thread-1] INFO  server.RaftServerConfigKeys (ConfUtils.java:logGet(46)) - raft.server.log.appender.buffer.byte-limit = 33554432 (custom)
2023-04-27 19:25:01,016 [pool-79-thread-1] INFO  server.RaftServerConfigKeys (ConfUtils.java:logGet(46)) - raft.server.log.unsafe-flush.enabled = false (default)
2023-04-27 19:25:01,016 [pool-79-thread-1] INFO  server.RaftServerConfigKeys (ConfUtils.java:logGet(46)) - raft.server.log.async-flush.enabled = false (default)
2023-04-27 19:25:01,016 [pool-79-thread-1] INFO  server.RaftServerConfigKeys (ConfUtils.java:logGet(46)) - raft.server.log.statemachine.data.caching.enabled = true (custom)
2023-04-27 19:25:01,017 [pool-79-thread-1] INFO  segmented.SegmentedRaftLogWorker (SegmentedRaftLogWorker.java:lambda$new$0(135)) - b541e7ff-e94a-40bd-b2ad-c5dbbcbc2c5b@group-8FD94E940D46-SegmentedRaftLogWorker: flushIndex: setUnconditionally 0 -> -1
2023-04-27 19:25:01,017 [pool-79-thread-1] INFO  segmented.SegmentedRaftLogWorker (SegmentedRaftLogWorker.java:lambda$new$0(135)) - b541e7ff-e94a-40bd-b2ad-c5dbbcbc2c5b@group-8FD94E940D46-SegmentedRaftLogWorker: safeCacheEvictIndex: setUnconditionally 0 -> -1
2023-04-27 19:25:01,017 [pool-79-thread-1] INFO  server.RaftServer$Division (RaftServerImpl.java:start(334)) - b541e7ff-e94a-40bd-b2ad-c5dbbcbc2c5b@group-8FD94E940D46: start as a follower, conf=-1: peers:[b541e7ff-e94a-40bd-b2ad-c5dbbcbc2c5b|rpc:10.1.0.191:33317|dataStream:10.1.0.191:44131|priority:1|startupRole:FOLLOWER]|listeners:[], old=null
2023-04-27 19:25:01,017 [pool-79-thread-1] INFO  server.RaftServer$Division (RaftServerImpl.java:setRole(321)) - b541e7ff-e94a-40bd-b2ad-c5dbbcbc2c5b@group-8FD94E940D46: changes role from      null to FOLLOWER at term 0 for startAsFollower
2023-04-27 19:25:01,017 [pool-79-thread-1] INFO  impl.RoleInfo (RoleInfo.java:updateAndGet(139)) - b541e7ff-e94a-40bd-b2ad-c5dbbcbc2c5b: start b541e7ff-e94a-40bd-b2ad-c5dbbcbc2c5b@group-8FD94E940D46-FollowerState
2023-04-27 19:25:01,022 [pool-79-thread-1] INFO  util.JmxRegister (JmxRegister.java:tryRegister(44)) - Successfully registered JMX Bean with object name Ratis:service=RaftServer,group=group-8FD94E940D46,id=b541e7ff-e94a-40bd-b2ad-c5dbbcbc2c5b
2023-04-27 19:25:01,025 [pool-79-thread-1] INFO  server.RaftServerConfigKeys (ConfUtils.java:logGet(46)) - raft.server.snapshot.auto.trigger.enabled = true (custom)
2023-04-27 19:25:01,025 [pool-79-thread-1] INFO  server.RaftServerConfigKeys (ConfUtils.java:logGet(46)) - raft.server.snapshot.auto.trigger.threshold = 10000 (custom)
2023-04-27 19:25:01,025 [pool-79-thread-1] INFO  server.RaftServerConfigKeys (ConfUtils.java:logGet(46)) - raft.server.snapshot.retention.file.num = 5 (custom)
2023-04-27 19:25:01,025 [pool-79-thread-1] INFO  server.RaftServerConfigKeys (ConfUtils.java:logGet(46)) - raft.server.log.purge.upto.snapshot.index = false (default)
2023-04-27 19:25:01,027 [b541e7ff-e94a-40bd-b2ad-c5dbbcbc2c5b@group-8FD94E940D46-FollowerState] INFO  server.RaftServerConfigKeys (ConfUtils.java:logFallback(53)) - raft.server.rpc.first-election.timeout.min = 5s (fallback to raft.server.rpc.timeout.min)
2023-04-27 19:25:01,038 [b541e7ff-e94a-40bd-b2ad-c5dbbcbc2c5b@group-8FD94E940D46-FollowerState] INFO  server.RaftServerConfigKeys (ConfUtils.java:logFallback(53)) - raft.server.rpc.first-election.timeout.max = 5200ms (fallback to raft.server.rpc.timeout.max)
2023-04-27 19:25:01,039 [EventQueue-PipelineReportForPipelineReportHandler] INFO  pipeline.PipelineManagerImpl (PipelineManagerImpl.java:openPipeline(367)) - Pipeline Pipeline[ Id: 368f6619-dfbe-4d14-a4ea-8fd94e940d46, Nodes: b541e7ff-e94a-40bd-b2ad-c5dbbcbc2c5b(fv-az240-684.bcold04rutgefduts2gkrghvsa.bx.internal.cloudapp.net/10.1.0.191), ReplicationConfig: RATIS/ONE, State:ALLOCATED, leaderId:b541e7ff-e94a-40bd-b2ad-c5dbbcbc2c5b, CreationTimestamp2023-04-27T19:24:57.970Z[Etc/UTC]] moved to OPEN state
2023-04-27 19:25:01,045 [EventQueue-OpenPipelineForHealthyPipelineSafeModeRule] INFO  safemode.SCMSafeModeManager (HealthyPipelineSafeModeRule.java:process(137)) - SCM in safe mode. Healthy pipelines reported count is 0, required healthy pipeline reported count is 1
2023-04-27 19:25:01,050 [Command processor thread] INFO  ratis.XceiverServerRatis (XceiverServerRatis.java:addGroup(806)) - Created group PipelineID=368f6619-dfbe-4d14-a4ea-8fd94e940d46
2023-04-27 19:25:01,051 [Command processor thread] INFO  commandhandler.CreatePipelineCommandHandler (CreatePipelineCommandHandler.java:handle(113)) - Created Pipeline RATIS ONE PipelineID=368f6619-dfbe-4d14-a4ea-8fd94e940d46.
2023-04-27 19:25:01,051 [Command processor thread] INFO  server.RaftServer (RaftServerProxy.java:addNew(96)) - b541e7ff-e94a-40bd-b2ad-c5dbbcbc2c5b: addNew group-2F3E61A8A7E1:[b8a2b3ae-f6d1-4c33-80c4-6391c5d511a4|rpc:10.1.0.191:34305|dataStream:10.1.0.191:43589|priority:0|startupRole:FOLLOWER, b541e7ff-e94a-40bd-b2ad-c5dbbcbc2c5b|rpc:10.1.0.191:33317|dataStream:10.1.0.191:44131|priority:0|startupRole:FOLLOWER, f6c59282-8b8b-4bc6-9a7f-0a226baa887b|rpc:10.1.0.191:43027|dataStream:10.1.0.191:39765|priority:1|startupRole:FOLLOWER] returns group-2F3E61A8A7E1:java.util.concurrent.CompletableFuture@6258e913[Not completed]
2023-04-27 19:25:01,058 [pool-79-thread-1] INFO  server.RaftServer$Division (RaftServerImpl.java:<init>(195)) - b541e7ff-e94a-40bd-b2ad-c5dbbcbc2c5b: new RaftServerImpl for group-2F3E61A8A7E1:[b8a2b3ae-f6d1-4c33-80c4-6391c5d511a4|rpc:10.1.0.191:34305|dataStream:10.1.0.191:43589|priority:0|startupRole:FOLLOWER, b541e7ff-e94a-40bd-b2ad-c5dbbcbc2c5b|rpc:10.1.0.191:33317|dataStream:10.1.0.191:44131|priority:0|startupRole:FOLLOWER, f6c59282-8b8b-4bc6-9a7f-0a226baa887b|rpc:10.1.0.191:43027|dataStream:10.1.0.191:39765|priority:1|startupRole:FOLLOWER] with ContainerStateMachine:uninitialized
2023-04-27 19:25:01,058 [pool-79-thread-1] INFO  server.RaftServerConfigKeys (ConfUtils.java:logGet(46)) - raft.server.rpc.timeout.min = 5s (custom)
2023-04-27 19:25:01,058 [pool-79-thread-1] INFO  server.RaftServerConfigKeys (ConfUtils.java:logGet(46)) - raft.server.rpc.timeout.max = 5200ms (custom)
2023-04-27 19:25:01,058 [pool-79-thread-1] INFO  server.RaftServerConfigKeys (ConfUtils.java:logGet(46)) - raft.server.rpc.sleep.time = 25ms (default)
2023-04-27 19:25:01,058 [pool-79-thread-1] INFO  server.RaftServerConfigKeys (ConfUtils.java:logGet(46)) - raft.server.rpc.slowness.timeout = 300s (custom)
2023-04-27 19:25:01,058 [pool-79-thread-1] INFO  server.RaftServerConfigKeys (ConfUtils.java:logGet(46)) - raft.server.leaderelection.leader.step-down.wait-time = 10s (default)
2023-04-27 19:25:01,059 [pool-79-thread-1] INFO  server.RaftServerConfigKeys (ConfUtils.java:logGet(46)) - raft.server.sleep.deviation.threshold = 300ms (default)
2023-04-27 19:25:01,059 [pool-79-thread-1] INFO  server.RaftServer$Division (ServerState.java:<init>(118)) - b541e7ff-e94a-40bd-b2ad-c5dbbcbc2c5b@group-2F3E61A8A7E1: ConfigurationManager, init=-1: peers:[b8a2b3ae-f6d1-4c33-80c4-6391c5d511a4|rpc:10.1.0.191:34305|dataStream:10.1.0.191:43589|priority:0|startupRole:FOLLOWER, b541e7ff-e94a-40bd-b2ad-c5dbbcbc2c5b|rpc:10.1.0.191:33317|dataStream:10.1.0.191:44131|priority:0|startupRole:FOLLOWER, f6c59282-8b8b-4bc6-9a7f-0a226baa887b|rpc:10.1.0.191:43027|dataStream:10.1.0.191:39765|priority:1|startupRole:FOLLOWER]|listeners:[], old=null, confs=<EMPTY_MAP>
2023-04-27 19:25:01,059 [pool-79-thread-1] INFO  server.RaftServerConfigKeys (ConfUtils.java:logGet(46)) - raft.server.storage.dir = [/home/runner/work/ozone/ozone/hadoop-ozone/integration-test/target/test-dir/MiniOzoneClusterImpl-cbda0cd1-5e50-4c9a-9fd3-3711af7baf07/datanode-0/data/ratis] (custom)
2023-04-27 19:25:01,059 [pool-79-thread-1] INFO  server.RaftServerConfigKeys (ConfUtils.java:logGet(46)) - raft.server.log.corruption.policy = EXCEPTION (default)
2023-04-27 19:25:01,059 [pool-79-thread-1] INFO  server.RaftServerConfigKeys (ConfUtils.java:logGet(46)) - raft.server.storage.free-space.min = 0MB (=0) (default)
2023-04-27 19:25:01,059 [pool-79-thread-1] INFO  server.RaftServerConfigKeys (ConfUtils.java:logGet(46)) - raft.server.notification.no-leader.timeout = 300s (custom)
2023-04-27 19:25:01,060 [pool-79-thread-1] INFO  server.RaftServerConfigKeys (ConfUtils.java:logGet(46)) - raft.server.retrycache.expirytime = 600000ms (custom)
2023-04-27 19:25:01,060 [pool-79-thread-1] INFO  server.RaftServerConfigKeys (ConfUtils.java:logGet(46)) - raft.server.retrycache.statistics.expirytime = 100μs (default)
2023-04-27 19:25:01,061 [pool-79-thread-1] INFO  server.RaftServerConfigKeys (ConfUtils.java:logGet(46)) - raft.server.log.appender.install.snapshot.enabled = false (custom)
2023-04-27 19:25:01,062 [pool-79-thread-1] INFO  server.RaftServerConfigKeys (ConfUtils.java:logGet(46)) - raft.server.threadpool.server.cached = true (default)
2023-04-27 19:25:01,062 [pool-79-thread-1] INFO  server.RaftServerConfigKeys (ConfUtils.java:logGet(46)) - raft.server.threadpool.server.size = 0 (default)
2023-04-27 19:25:01,062 [pool-79-thread-1] INFO  server.RaftServerConfigKeys (ConfUtils.java:logGet(46)) - raft.server.threadpool.client.cached = true (default)
2023-04-27 19:25:01,062 [pool-79-thread-1] INFO  server.RaftServerConfigKeys (ConfUtils.java:logGet(46)) - raft.server.threadpool.client.size = 0 (default)
2023-04-27 19:25:01,062 [pool-79-thread-1] INFO  storage.RaftStorageDirectory (RaftStorageDirectoryImpl.java:analyzeStorage(137)) - The storage directory /home/runner/work/ozone/ozone/hadoop-ozone/integration-test/target/test-dir/MiniOzoneClusterImpl-cbda0cd1-5e50-4c9a-9fd3-3711af7baf07/datanode-0/data/ratis/654a6875-cda0-4f40-9516-2f3e61a8a7e1 does not exist. Creating ...
2023-04-27 19:25:01,065 [pool-79-thread-1] INFO  storage.RaftStorageDirectory (RaftStorageDirectoryImpl.java:tryLock(231)) - Lock on /home/runner/work/ozone/ozone/hadoop-ozone/integration-test/target/test-dir/MiniOzoneClusterImpl-cbda0cd1-5e50-4c9a-9fd3-3711af7baf07/datanode-0/data/ratis/654a6875-cda0-4f40-9516-2f3e61a8a7e1/in_use.lock acquired by nodename 9193@fv-az240-684
2023-04-27 19:25:01,067 [pool-79-thread-1] INFO  storage.RaftStorage (RaftStorageImpl.java:format(96)) - Storage directory /home/runner/work/ozone/ozone/hadoop-ozone/integration-test/target/test-dir/MiniOzoneClusterImpl-cbda0cd1-5e50-4c9a-9fd3-3711af7baf07/datanode-0/data/ratis/654a6875-cda0-4f40-9516-2f3e61a8a7e1 has been successfully formatted.
2023-04-27 19:25:01,067 [pool-79-thread-1] INFO  ratis.ContainerStateMachine (ContainerStateMachine.java:loadSnapshot(262)) - group-2F3E61A8A7E1: The snapshot info is null. Setting the last applied indexto:(t:0, i:~)
2023-04-27 19:25:01,067 [pool-79-thread-1] INFO  server.RaftServerConfigKeys (ConfUtils.java:logGet(46)) - raft.server.log.use.memory = false (default)
2023-04-27 19:25:01,068 [pool-79-thread-1] INFO  server.RaftServerConfigKeys (ConfUtils.java:logGet(46)) - raft.server.log.purge.gap = 1000000 (custom)
2023-04-27 19:25:01,068 [pool-79-thread-1] INFO  server.RaftServerConfigKeys (ConfUtils.java:logGet(46)) - raft.server.log.appender.buffer.byte-limit = 33554432 (custom)
2023-04-27 19:25:01,068 [pool-79-thread-1] INFO  server.RaftServerConfigKeys (ConfUtils.java:logGet(46)) - raft.server.log.statemachine.data.read.timeout = 1000ms (default)
2023-04-27 19:25:01,068 [pool-79-thread-1] INFO  server.RaftServerConfigKeys (ConfUtils.java:logGet(46)) - raft.server.log.purge.preservation.log.num = 0 (default)
2023-04-27 19:25:01,068 [pool-79-thread-1] INFO  server.RaftServerConfigKeys (ConfUtils.java:logGet(46)) - raft.server.log.segment.size.max = 1048576 (custom)
2023-04-27 19:25:01,072 [EventQueue-OpenPipelineForHealthyPipelineSafeModeRule] INFO  safemode.SCMSafeModeManager (HealthyPipelineSafeModeRule.java:process(137)) - SCM in safe mode. Healthy pipelines reported count is 0, required healthy pipeline reported count is 1
2023-04-27 19:25:01,075 [pool-79-thread-1] INFO  server.RaftServerConfigKeys (ConfUtils.java:logGet(46)) - raft.server.log.segment.cache.num.max = 2 (custom)
2023-04-27 19:25:01,075 [pool-79-thread-1] INFO  server.RaftServerConfigKeys (ConfUtils.java:logGet(46)) - raft.server.log.segment.cache.size.max = 200MB (=209715200) (default)
2023-04-27 19:25:01,075 [pool-79-thread-1] INFO  segmented.SegmentedRaftLogWorker (SegmentedRaftLogWorker.java:<init>(189)) - new b541e7ff-e94a-40bd-b2ad-c5dbbcbc2c5b@group-2F3E61A8A7E1-SegmentedRaftLogWorker for RaftStorageImpl:Storage Directory /home/runner/work/ozone/ozone/hadoop-ozone/integration-test/target/test-dir/MiniOzoneClusterImpl-cbda0cd1-5e50-4c9a-9fd3-3711af7baf07/datanode-0/data/ratis/654a6875-cda0-4f40-9516-2f3e61a8a7e1
2023-04-27 19:25:01,075 [pool-79-thread-1] INFO  server.RaftServerConfigKeys (ConfUtils.java:logGet(46)) - raft.server.log.queue.byte-limit = 4294967296 (custom)
2023-04-27 19:25:01,075 [pool-79-thread-1] INFO  server.RaftServerConfigKeys (ConfUtils.java:logGet(46)) - raft.server.log.queue.element-limit = 1024 (custom)
2023-04-27 19:25:01,076 [pool-79-thread-1] INFO  server.RaftServerConfigKeys (ConfUtils.java:logGet(46)) - raft.server.log.segment.size.max = 1048576 (custom)
2023-04-27 19:25:01,076 [pool-79-thread-1] INFO  server.RaftServerConfigKeys (ConfUtils.java:logGet(46)) - raft.server.log.preallocated.size = 16384 (custom)
2023-04-27 19:25:01,076 [pool-79-thread-1] INFO  server.RaftServerConfigKeys (ConfUtils.java:logGet(46)) - raft.server.log.force.sync.num = 128 (default)
2023-04-27 19:25:01,076 [pool-79-thread-1] INFO  server.RaftServerConfigKeys (ConfUtils.java:logGet(46)) - raft.server.log.statemachine.data.sync = true (default)
2023-04-27 19:25:01,076 [pool-79-thread-1] INFO  server.RaftServerConfigKeys (ConfUtils.java:logGet(46)) - raft.server.log.statemachine.data.sync.timeout = 10s (default)
2023-04-27 19:25:01,076 [pool-79-thread-1] INFO  server.RaftServerConfigKeys (ConfUtils.java:logGet(46)) - raft.server.log.statemachine.data.sync.timeout.retry = -1 (default)
2023-04-27 19:25:01,079 [pool-79-thread-1] INFO  server.RaftServerConfigKeys (ConfUtils.java:logGet(46)) - raft.server.log.write.buffer.size = 1048576 (custom)
2023-04-27 19:25:01,080 [pool-79-thread-1] INFO  server.RaftServerConfigKeys (ConfUtils.java:logGet(46)) - raft.server.log.appender.buffer.byte-limit = 33554432 (custom)
2023-04-27 19:25:01,085 [pool-79-thread-1] INFO  server.RaftServerConfigKeys (ConfUtils.java:logGet(46)) - raft.server.log.unsafe-flush.enabled = false (default)
2023-04-27 19:25:01,086 [pool-79-thread-1] INFO  server.RaftServerConfigKeys (ConfUtils.java:logGet(46)) - raft.server.log.async-flush.enabled = false (default)
2023-04-27 19:25:01,086 [pool-79-thread-1] INFO  server.RaftServerConfigKeys (ConfUtils.java:logGet(46)) - raft.server.log.statemachine.data.caching.enabled = true (custom)
2023-04-27 19:25:01,086 [pool-79-thread-1] INFO  segmented.SegmentedRaftLogWorker (SegmentedRaftLogWorker.java:lambda$new$0(135)) - b541e7ff-e94a-40bd-b2ad-c5dbbcbc2c5b@group-2F3E61A8A7E1-SegmentedRaftLogWorker: flushIndex: setUnconditionally 0 -> -1
2023-04-27 19:25:01,086 [pool-79-thread-1] INFO  segmented.SegmentedRaftLogWorker (SegmentedRaftLogWorker.java:lambda$new$0(135)) - b541e7ff-e94a-40bd-b2ad-c5dbbcbc2c5b@group-2F3E61A8A7E1-SegmentedRaftLogWorker: safeCacheEvictIndex: setUnconditionally 0 -> -1
2023-04-27 19:25:01,087 [pool-79-thread-1] INFO  server.RaftServer$Division (RaftServerImpl.java:start(334)) - b541e7ff-e94a-40bd-b2ad-c5dbbcbc2c5b@group-2F3E61A8A7E1: start as a follower, conf=-1: peers:[b8a2b3ae-f6d1-4c33-80c4-6391c5d511a4|rpc:10.1.0.191:34305|dataStream:10.1.0.191:43589|priority:0|startupRole:FOLLOWER, b541e7ff-e94a-40bd-b2ad-c5dbbcbc2c5b|rpc:10.1.0.191:33317|dataStream:10.1.0.191:44131|priority:0|startupRole:FOLLOWER, f6c59282-8b8b-4bc6-9a7f-0a226baa887b|rpc:10.1.0.191:43027|dataStream:10.1.0.191:39765|priority:1|startupRole:FOLLOWER]|listeners:[], old=null
2023-04-27 19:25:01,087 [pool-79-thread-1] INFO  server.RaftServer$Division (RaftServerImpl.java:setRole(321)) - b541e7ff-e94a-40bd-b2ad-c5dbbcbc2c5b@group-2F3E61A8A7E1: changes role from      null to FOLLOWER at term 0 for startAsFollower
2023-04-27 19:25:01,087 [pool-79-thread-1] INFO  impl.RoleInfo (RoleInfo.java:updateAndGet(139)) - b541e7ff-e94a-40bd-b2ad-c5dbbcbc2c5b: start b541e7ff-e94a-40bd-b2ad-c5dbbcbc2c5b@group-2F3E61A8A7E1-FollowerState
2023-04-27 19:25:01,089 [pool-79-thread-1] INFO  util.JmxRegister (JmxRegister.java:tryRegister(44)) - Successfully registered JMX Bean with object name Ratis:service=RaftServer,group=group-2F3E61A8A7E1,id=b541e7ff-e94a-40bd-b2ad-c5dbbcbc2c5b
2023-04-27 19:25:01,089 [pool-79-thread-1] INFO  server.RaftServerConfigKeys (ConfUtils.java:logGet(46)) - raft.server.snapshot.auto.trigger.enabled = true (custom)
2023-04-27 19:25:01,089 [pool-79-thread-1] INFO  server.RaftServerConfigKeys (ConfUtils.java:logGet(46)) - raft.server.snapshot.auto.trigger.threshold = 10000 (custom)
2023-04-27 19:25:01,089 [pool-79-thread-1] INFO  server.RaftServerConfigKeys (ConfUtils.java:logGet(46)) - raft.server.snapshot.retention.file.num = 5 (custom)
2023-04-27 19:25:01,089 [pool-79-thread-1] INFO  server.RaftServerConfigKeys (ConfUtils.java:logGet(46)) - raft.server.log.purge.upto.snapshot.index = false (default)
2023-04-27 19:25:01,090 [b541e7ff-e94a-40bd-b2ad-c5dbbcbc2c5b@group-2F3E61A8A7E1-FollowerState] INFO  server.RaftServerConfigKeys (ConfUtils.java:logFallback(53)) - raft.server.rpc.first-election.timeout.min = 5s (fallback to raft.server.rpc.timeout.min)
2023-04-27 19:25:01,091 [Command processor thread] INFO  ratis.XceiverServerRatis (XceiverServerRatis.java:addGroup(806)) - Created group PipelineID=654a6875-cda0-4f40-9516-2f3e61a8a7e1
2023-04-27 19:25:01,091 [b541e7ff-e94a-40bd-b2ad-c5dbbcbc2c5b@group-2F3E61A8A7E1-FollowerState] INFO  server.RaftServerConfigKeys (ConfUtils.java:logFallback(53)) - raft.server.rpc.first-election.timeout.max = 5200ms (fallback to raft.server.rpc.timeout.max)
2023-04-27 19:25:01,112 [Listener at 127.0.0.1/40321] INFO  ozone.MiniOzoneClusterImpl (MiniOzoneClusterImpl.java:lambda$waitForClusterToBeReady$0(223)) - Nodes are ready. Got 3 of 3 DN Heartbeats.
2023-04-27 19:25:01,113 [Listener at 127.0.0.1/40321] INFO  ozone.MiniOzoneClusterImpl (MiniOzoneClusterImpl.java:lambda$waitForClusterToBeReady$0(226)) - Waiting for cluster to exit safe mode
2023-04-27 19:25:01,113 [Listener at 127.0.0.1/40321] INFO  ozone.MiniOzoneClusterImpl (MiniOzoneClusterImpl.java:lambda$waitForClusterToBeReady$0(228)) - SCM became leader
2023-04-27 19:25:01,549 [grpc-default-executor-0] INFO  server.RaftServer (RaftServerProxy.java:addNew(96)) - b8a2b3ae-f6d1-4c33-80c4-6391c5d511a4: addNew group-2F3E61A8A7E1:[b8a2b3ae-f6d1-4c33-80c4-6391c5d511a4|rpc:10.1.0.191:34305|dataStream:10.1.0.191:43589|priority:0|startupRole:FOLLOWER, b541e7ff-e94a-40bd-b2ad-c5dbbcbc2c5b|rpc:10.1.0.191:33317|dataStream:10.1.0.191:44131|priority:0|startupRole:FOLLOWER, f6c59282-8b8b-4bc6-9a7f-0a226baa887b|rpc:10.1.0.191:43027|dataStream:10.1.0.191:39765|priority:1|startupRole:FOLLOWER] returns group-2F3E61A8A7E1:java.util.concurrent.CompletableFuture@3811f540[Not completed]
2023-04-27 19:25:01,560 [pool-123-thread-1] INFO  server.RaftServer$Division (RaftServerImpl.java:<init>(195)) - b8a2b3ae-f6d1-4c33-80c4-6391c5d511a4: new RaftServerImpl for group-2F3E61A8A7E1:[b8a2b3ae-f6d1-4c33-80c4-6391c5d511a4|rpc:10.1.0.191:34305|dataStream:10.1.0.191:43589|priority:0|startupRole:FOLLOWER, b541e7ff-e94a-40bd-b2ad-c5dbbcbc2c5b|rpc:10.1.0.191:33317|dataStream:10.1.0.191:44131|priority:0|startupRole:FOLLOWER, f6c59282-8b8b-4bc6-9a7f-0a226baa887b|rpc:10.1.0.191:43027|dataStream:10.1.0.191:39765|priority:1|startupRole:FOLLOWER] with ContainerStateMachine:uninitialized
2023-04-27 19:25:01,560 [pool-123-thread-1] INFO  server.RaftServerConfigKeys (ConfUtils.java:logGet(46)) - raft.server.rpc.timeout.min = 5s (custom)
2023-04-27 19:25:01,560 [pool-123-thread-1] INFO  server.RaftServerConfigKeys (ConfUtils.java:logGet(46)) - raft.server.rpc.timeout.max = 5200ms (custom)
2023-04-27 19:25:01,560 [pool-123-thread-1] INFO  server.RaftServerConfigKeys (ConfUtils.java:logGet(46)) - raft.server.rpc.sleep.time = 25ms (default)
2023-04-27 19:25:01,560 [pool-123-thread-1] INFO  server.RaftServerConfigKeys (ConfUtils.java:logGet(46)) - raft.server.rpc.slowness.timeout = 300s (custom)
2023-04-27 19:25:01,560 [pool-123-thread-1] INFO  server.RaftServerConfigKeys (ConfUtils.java:logGet(46)) - raft.server.leaderelection.leader.step-down.wait-time = 10s (default)
2023-04-27 19:25:01,561 [pool-123-thread-1] INFO  server.RaftServerConfigKeys (ConfUtils.java:logGet(46)) - raft.server.sleep.deviation.threshold = 300ms (default)
2023-04-27 19:25:01,561 [pool-123-thread-1] INFO  server.RaftServer$Division (ServerState.java:<init>(118)) - b8a2b3ae-f6d1-4c33-80c4-6391c5d511a4@group-2F3E61A8A7E1: ConfigurationManager, init=-1: peers:[b8a2b3ae-f6d1-4c33-80c4-6391c5d511a4|rpc:10.1.0.191:34305|dataStream:10.1.0.191:43589|priority:0|startupRole:FOLLOWER, b541e7ff-e94a-40bd-b2ad-c5dbbcbc2c5b|rpc:10.1.0.191:33317|dataStream:10.1.0.191:44131|priority:0|startupRole:FOLLOWER, f6c59282-8b8b-4bc6-9a7f-0a226baa887b|rpc:10.1.0.191:43027|dataStream:10.1.0.191:39765|priority:1|startupRole:FOLLOWER]|listeners:[], old=null, confs=<EMPTY_MAP>
2023-04-27 19:25:01,561 [pool-123-thread-1] INFO  server.RaftServerConfigKeys (ConfUtils.java:logGet(46)) - raft.server.storage.dir = [/home/runner/work/ozone/ozone/hadoop-ozone/integration-test/target/test-dir/MiniOzoneClusterImpl-cbda0cd1-5e50-4c9a-9fd3-3711af7baf07/datanode-2/data/ratis] (custom)
2023-04-27 19:25:01,561 [pool-123-thread-1] INFO  server.RaftServerConfigKeys (ConfUtils.java:logGet(46)) - raft.server.log.corruption.policy = EXCEPTION (default)
2023-04-27 19:25:01,561 [pool-123-thread-1] INFO  server.RaftServerConfigKeys (ConfUtils.java:logGet(46)) - raft.server.storage.free-space.min = 0MB (=0) (default)
2023-04-27 19:25:01,561 [pool-123-thread-1] INFO  server.RaftServerConfigKeys (ConfUtils.java:logGet(46)) - raft.server.notification.no-leader.timeout = 300s (custom)
2023-04-27 19:25:01,561 [pool-123-thread-1] INFO  server.RaftServerConfigKeys (ConfUtils.java:logGet(46)) - raft.server.retrycache.expirytime = 600000ms (custom)
2023-04-27 19:25:01,561 [pool-123-thread-1] INFO  server.RaftServerConfigKeys (ConfUtils.java:logGet(46)) - raft.server.retrycache.statistics.expirytime = 100μs (default)
2023-04-27 19:25:01,564 [pool-123-thread-1] INFO  server.RaftServerConfigKeys (ConfUtils.java:logGet(46)) - raft.server.log.appender.install.snapshot.enabled = false (custom)
2023-04-27 19:25:01,565 [pool-123-thread-1] INFO  server.RaftServerConfigKeys (ConfUtils.java:logGet(46)) - raft.server.threadpool.server.cached = true (default)
2023-04-27 19:25:01,565 [pool-123-thread-1] INFO  server.RaftServerConfigKeys (ConfUtils.java:logGet(46)) - raft.server.threadpool.server.size = 0 (default)
2023-04-27 19:25:01,565 [pool-123-thread-1] INFO  server.RaftServerConfigKeys (ConfUtils.java:logGet(46)) - raft.server.threadpool.client.cached = true (default)
2023-04-27 19:25:01,565 [pool-123-thread-1] INFO  server.RaftServerConfigKeys (ConfUtils.java:logGet(46)) - raft.server.threadpool.client.size = 0 (default)
2023-04-27 19:25:01,565 [pool-123-thread-1] INFO  storage.RaftStorageDirectory (RaftStorageDirectoryImpl.java:analyzeStorage(137)) - The storage directory /home/runner/work/ozone/ozone/hadoop-ozone/integration-test/target/test-dir/MiniOzoneClusterImpl-cbda0cd1-5e50-4c9a-9fd3-3711af7baf07/datanode-2/data/ratis/654a6875-cda0-4f40-9516-2f3e61a8a7e1 does not exist. Creating ...
2023-04-27 19:25:01,567 [pool-123-thread-1] INFO  storage.RaftStorageDirectory (RaftStorageDirectoryImpl.java:tryLock(231)) - Lock on /home/runner/work/ozone/ozone/hadoop-ozone/integration-test/target/test-dir/MiniOzoneClusterImpl-cbda0cd1-5e50-4c9a-9fd3-3711af7baf07/datanode-2/data/ratis/654a6875-cda0-4f40-9516-2f3e61a8a7e1/in_use.lock acquired by nodename 9193@fv-az240-684
2023-04-27 19:25:01,569 [pool-123-thread-1] INFO  storage.RaftStorage (RaftStorageImpl.java:format(96)) - Storage directory /home/runner/work/ozone/ozone/hadoop-ozone/integration-test/target/test-dir/MiniOzoneClusterImpl-cbda0cd1-5e50-4c9a-9fd3-3711af7baf07/datanode-2/data/ratis/654a6875-cda0-4f40-9516-2f3e61a8a7e1 has been successfully formatted.
2023-04-27 19:25:01,570 [pool-123-thread-1] INFO  ratis.ContainerStateMachine (ContainerStateMachine.java:loadSnapshot(262)) - group-2F3E61A8A7E1: The snapshot info is null. Setting the last applied indexto:(t:0, i:~)
2023-04-27 19:25:01,573 [pool-123-thread-1] INFO  server.RaftServerConfigKeys (ConfUtils.java:logGet(46)) - raft.server.log.use.memory = false (default)
2023-04-27 19:25:01,573 [pool-123-thread-1] INFO  server.RaftServerConfigKeys (ConfUtils.java:logGet(46)) - raft.server.log.purge.gap = 1000000 (custom)
2023-04-27 19:25:01,575 [pool-123-thread-1] INFO  server.RaftServerConfigKeys (ConfUtils.java:logGet(46)) - raft.server.log.appender.buffer.byte-limit = 33554432 (custom)
2023-04-27 19:25:01,575 [pool-123-thread-1] INFO  server.RaftServerConfigKeys (ConfUtils.java:logGet(46)) - raft.server.log.statemachine.data.read.timeout = 1000ms (default)
2023-04-27 19:25:01,575 [pool-123-thread-1] INFO  server.RaftServerConfigKeys (ConfUtils.java:logGet(46)) - raft.server.log.purge.preservation.log.num = 0 (default)
2023-04-27 19:25:01,576 [pool-123-thread-1] INFO  server.RaftServerConfigKeys (ConfUtils.java:logGet(46)) - raft.server.log.segment.size.max = 1048576 (custom)
2023-04-27 19:25:01,576 [pool-123-thread-1] INFO  server.RaftServerConfigKeys (ConfUtils.java:logGet(46)) - raft.server.log.segment.cache.num.max = 2 (custom)
2023-04-27 19:25:01,576 [pool-123-thread-1] INFO  server.RaftServerConfigKeys (ConfUtils.java:logGet(46)) - raft.server.log.segment.cache.size.max = 200MB (=209715200) (default)
2023-04-27 19:25:01,576 [pool-123-thread-1] INFO  segmented.SegmentedRaftLogWorker (SegmentedRaftLogWorker.java:<init>(189)) - new b8a2b3ae-f6d1-4c33-80c4-6391c5d511a4@group-2F3E61A8A7E1-SegmentedRaftLogWorker for RaftStorageImpl:Storage Directory /home/runner/work/ozone/ozone/hadoop-ozone/integration-test/target/test-dir/MiniOzoneClusterImpl-cbda0cd1-5e50-4c9a-9fd3-3711af7baf07/datanode-2/data/ratis/654a6875-cda0-4f40-9516-2f3e61a8a7e1
2023-04-27 19:25:01,577 [pool-123-thread-1] INFO  server.RaftServerConfigKeys (ConfUtils.java:logGet(46)) - raft.server.log.queue.byte-limit = 4294967296 (custom)
2023-04-27 19:25:01,577 [pool-123-thread-1] INFO  server.RaftServerConfigKeys (ConfUtils.java:logGet(46)) - raft.server.log.queue.element-limit = 1024 (custom)
2023-04-27 19:25:01,578 [pool-123-thread-1] INFO  server.RaftServerConfigKeys (ConfUtils.java:logGet(46)) - raft.server.log.segment.size.max = 1048576 (custom)
2023-04-27 19:25:01,578 [pool-123-thread-1] INFO  server.RaftServerConfigKeys (ConfUtils.java:logGet(46)) - raft.server.log.preallocated.size = 16384 (custom)
2023-04-27 19:25:01,578 [pool-123-thread-1] INFO  server.RaftServerConfigKeys (ConfUtils.java:logGet(46)) - raft.server.log.force.sync.num = 128 (default)
2023-04-27 19:25:01,578 [pool-123-thread-1] INFO  server.RaftServerConfigKeys (ConfUtils.java:logGet(46)) - raft.server.log.statemachine.data.sync = true (default)
2023-04-27 19:25:01,578 [pool-123-thread-1] INFO  server.RaftServerConfigKeys (ConfUtils.java:logGet(46)) - raft.server.log.statemachine.data.sync.timeout = 10s (default)
2023-04-27 19:25:01,578 [pool-123-thread-1] INFO  server.RaftServerConfigKeys (ConfUtils.java:logGet(46)) - raft.server.log.statemachine.data.sync.timeout.retry = -1 (default)
2023-04-27 19:25:01,583 [pool-123-thread-1] INFO  server.RaftServerConfigKeys (ConfUtils.java:logGet(46)) - raft.server.log.write.buffer.size = 1048576 (custom)
2023-04-27 19:25:01,585 [pool-123-thread-1] INFO  server.RaftServerConfigKeys (ConfUtils.java:logGet(46)) - raft.server.log.appender.buffer.byte-limit = 33554432 (custom)
2023-04-27 19:25:01,596 [pool-123-thread-1] INFO  server.RaftServerConfigKeys (ConfUtils.java:logGet(46)) - raft.server.log.unsafe-flush.enabled = false (default)
2023-04-27 19:25:01,596 [pool-123-thread-1] INFO  server.RaftServerConfigKeys (ConfUtils.java:logGet(46)) - raft.server.log.async-flush.enabled = false (default)
2023-04-27 19:25:01,596 [pool-123-thread-1] INFO  server.RaftServerConfigKeys (ConfUtils.java:logGet(46)) - raft.server.log.statemachine.data.caching.enabled = true (custom)
2023-04-27 19:25:01,597 [pool-123-thread-1] INFO  segmented.SegmentedRaftLogWorker (SegmentedRaftLogWorker.java:lambda$new$0(135)) - b8a2b3ae-f6d1-4c33-80c4-6391c5d511a4@group-2F3E61A8A7E1-SegmentedRaftLogWorker: flushIndex: setUnconditionally 0 -> -1
2023-04-27 19:25:01,597 [pool-123-thread-1] INFO  segmented.SegmentedRaftLogWorker (SegmentedRaftLogWorker.java:lambda$new$0(135)) - b8a2b3ae-f6d1-4c33-80c4-6391c5d511a4@group-2F3E61A8A7E1-SegmentedRaftLogWorker: safeCacheEvictIndex: setUnconditionally 0 -> -1
2023-04-27 19:25:01,599 [pool-123-thread-1] INFO  server.RaftServer$Division (RaftServerImpl.java:start(334)) - b8a2b3ae-f6d1-4c33-80c4-6391c5d511a4@group-2F3E61A8A7E1: start as a follower, conf=-1: peers:[b8a2b3ae-f6d1-4c33-80c4-6391c5d511a4|rpc:10.1.0.191:34305|dataStream:10.1.0.191:43589|priority:0|startupRole:FOLLOWER, b541e7ff-e94a-40bd-b2ad-c5dbbcbc2c5b|rpc:10.1.0.191:33317|dataStream:10.1.0.191:44131|priority:0|startupRole:FOLLOWER, f6c59282-8b8b-4bc6-9a7f-0a226baa887b|rpc:10.1.0.191:43027|dataStream:10.1.0.191:39765|priority:1|startupRole:FOLLOWER]|listeners:[], old=null
2023-04-27 19:25:01,599 [pool-123-thread-1] INFO  server.RaftServer$Division (RaftServerImpl.java:setRole(321)) - b8a2b3ae-f6d1-4c33-80c4-6391c5d511a4@group-2F3E61A8A7E1: changes role from      null to FOLLOWER at term 0 for startAsFollower
2023-04-27 19:25:01,599 [pool-123-thread-1] INFO  impl.RoleInfo (RoleInfo.java:updateAndGet(139)) - b8a2b3ae-f6d1-4c33-80c4-6391c5d511a4: start b8a2b3ae-f6d1-4c33-80c4-6391c5d511a4@group-2F3E61A8A7E1-FollowerState
2023-04-27 19:25:01,607 [b8a2b3ae-f6d1-4c33-80c4-6391c5d511a4@group-2F3E61A8A7E1-FollowerState] INFO  server.RaftServerConfigKeys (ConfUtils.java:logFallback(53)) - raft.server.rpc.first-election.timeout.min = 5s (fallback to raft.server.rpc.timeout.min)
2023-04-27 19:25:01,600 [pool-123-thread-1] INFO  util.JmxRegister (JmxRegister.java:tryRegister(44)) - Successfully registered JMX Bean with object name Ratis:service=RaftServer,group=group-2F3E61A8A7E1,id=b8a2b3ae-f6d1-4c33-80c4-6391c5d511a4
2023-04-27 19:25:01,608 [pool-123-thread-1] INFO  server.RaftServerConfigKeys (ConfUtils.java:logGet(46)) - raft.server.snapshot.auto.trigger.enabled = true (custom)
2023-04-27 19:25:01,608 [pool-123-thread-1] INFO  server.RaftServerConfigKeys (ConfUtils.java:logGet(46)) - raft.server.snapshot.auto.trigger.threshold = 10000 (custom)
2023-04-27 19:25:01,608 [pool-123-thread-1] INFO  server.RaftServerConfigKeys (ConfUtils.java:logGet(46)) - raft.server.snapshot.retention.file.num = 5 (custom)
2023-04-27 19:25:01,608 [pool-123-thread-1] INFO  server.RaftServerConfigKeys (ConfUtils.java:logGet(46)) - raft.server.log.purge.upto.snapshot.index = false (default)
2023-04-27 19:25:01,610 [b8a2b3ae-f6d1-4c33-80c4-6391c5d511a4@group-2F3E61A8A7E1-FollowerState] INFO  server.RaftServerConfigKeys (ConfUtils.java:logFallback(53)) - raft.server.rpc.first-election.timeout.max = 5200ms (fallback to raft.server.rpc.timeout.max)
2023-04-27 19:25:01,656 [Command processor thread] INFO  server.RaftServer (RaftServerProxy.java:addNew(96)) - f6c59282-8b8b-4bc6-9a7f-0a226baa887b: addNew group-474883555098:[f6c59282-8b8b-4bc6-9a7f-0a226baa887b|rpc:10.1.0.191:43027|dataStream:10.1.0.191:39765|priority:1|startupRole:FOLLOWER] returns group-474883555098:java.util.concurrent.CompletableFuture@2e5126e1[Not completed]
2023-04-27 19:25:01,672 [pool-101-thread-1] INFO  server.RaftServer$Division (RaftServerImpl.java:<init>(195)) - f6c59282-8b8b-4bc6-9a7f-0a226baa887b: new RaftServerImpl for group-474883555098:[f6c59282-8b8b-4bc6-9a7f-0a226baa887b|rpc:10.1.0.191:43027|dataStream:10.1.0.191:39765|priority:1|startupRole:FOLLOWER] with ContainerStateMachine:uninitialized
2023-04-27 19:25:01,672 [pool-101-thread-1] INFO  server.RaftServerConfigKeys (ConfUtils.java:logGet(46)) - raft.server.rpc.timeout.min = 5s (custom)
2023-04-27 19:25:01,672 [pool-101-thread-1] INFO  server.RaftServerConfigKeys (ConfUtils.java:logGet(46)) - raft.server.rpc.timeout.max = 5200ms (custom)
2023-04-27 19:25:01,672 [pool-101-thread-1] INFO  server.RaftServerConfigKeys (ConfUtils.java:logGet(46)) - raft.server.rpc.sleep.time = 25ms (default)
2023-04-27 19:25:01,672 [pool-101-thread-1] INFO  server.RaftServerConfigKeys (ConfUtils.java:logGet(46)) - raft.server.rpc.slowness.timeout = 300s (custom)
2023-04-27 19:25:01,672 [pool-101-thread-1] INFO  server.RaftServerConfigKeys (ConfUtils.java:logGet(46)) - raft.server.leaderelection.leader.step-down.wait-time = 10s (default)
2023-04-27 19:25:01,672 [pool-101-thread-1] INFO  server.RaftServerConfigKeys (ConfUtils.java:logGet(46)) - raft.server.sleep.deviation.threshold = 300ms (default)
2023-04-27 19:25:01,672 [pool-101-thread-1] INFO  server.RaftServer$Division (ServerState.java:<init>(118)) - f6c59282-8b8b-4bc6-9a7f-0a226baa887b@group-474883555098: ConfigurationManager, init=-1: peers:[f6c59282-8b8b-4bc6-9a7f-0a226baa887b|rpc:10.1.0.191:43027|dataStream:10.1.0.191:39765|priority:1|startupRole:FOLLOWER]|listeners:[], old=null, confs=<EMPTY_MAP>
2023-04-27 19:25:01,673 [pool-101-thread-1] INFO  server.RaftServerConfigKeys (ConfUtils.java:logGet(46)) - raft.server.storage.dir = [/home/runner/work/ozone/ozone/hadoop-ozone/integration-test/target/test-dir/MiniOzoneClusterImpl-cbda0cd1-5e50-4c9a-9fd3-3711af7baf07/datanode-1/data/ratis] (custom)
2023-04-27 19:25:01,673 [pool-101-thread-1] INFO  server.RaftServerConfigKeys (ConfUtils.java:logGet(46)) - raft.server.log.corruption.policy = EXCEPTION (default)
2023-04-27 19:25:01,673 [pool-101-thread-1] INFO  server.RaftServerConfigKeys (ConfUtils.java:logGet(46)) - raft.server.storage.free-space.min = 0MB (=0) (default)
2023-04-27 19:25:01,673 [pool-101-thread-1] INFO  server.RaftServerConfigKeys (ConfUtils.java:logGet(46)) - raft.server.notification.no-leader.timeout = 300s (custom)
2023-04-27 19:25:01,673 [pool-101-thread-1] INFO  server.RaftServerConfigKeys (ConfUtils.java:logGet(46)) - raft.server.retrycache.expirytime = 600000ms (custom)
2023-04-27 19:25:01,673 [pool-101-thread-1] INFO  server.RaftServerConfigKeys (ConfUtils.java:logGet(46)) - raft.server.retrycache.statistics.expirytime = 100μs (default)
2023-04-27 19:25:01,674 [pool-101-thread-1] INFO  server.RaftServerConfigKeys (ConfUtils.java:logGet(46)) - raft.server.log.appender.install.snapshot.enabled = false (custom)
2023-04-27 19:25:01,674 [pool-101-thread-1] INFO  server.RaftServerConfigKeys (ConfUtils.java:logGet(46)) - raft.server.threadpool.server.cached = true (default)
2023-04-27 19:25:01,675 [pool-101-thread-1] INFO  server.RaftServerConfigKeys (ConfUtils.java:logGet(46)) - raft.server.threadpool.server.size = 0 (default)
2023-04-27 19:25:01,675 [pool-101-thread-1] INFO  server.RaftServerConfigKeys (ConfUtils.java:logGet(46)) - raft.server.threadpool.client.cached = true (default)
2023-04-27 19:25:01,675 [pool-101-thread-1] INFO  server.RaftServerConfigKeys (ConfUtils.java:logGet(46)) - raft.server.threadpool.client.size = 0 (default)
2023-04-27 19:25:01,675 [pool-101-thread-1] INFO  storage.RaftStorageDirectory (RaftStorageDirectoryImpl.java:analyzeStorage(137)) - The storage directory /home/runner/work/ozone/ozone/hadoop-ozone/integration-test/target/test-dir/MiniOzoneClusterImpl-cbda0cd1-5e50-4c9a-9fd3-3711af7baf07/datanode-1/data/ratis/c040ea1d-5466-4235-9495-474883555098 does not exist. Creating ...
2023-04-27 19:25:01,698 [grpc-default-executor-0] INFO  server.RaftServer (RaftServerProxy.java:addNew(96)) - f6c59282-8b8b-4bc6-9a7f-0a226baa887b: addNew group-2F3E61A8A7E1:[b8a2b3ae-f6d1-4c33-80c4-6391c5d511a4|rpc:10.1.0.191:34305|dataStream:10.1.0.191:43589|priority:0|startupRole:FOLLOWER, b541e7ff-e94a-40bd-b2ad-c5dbbcbc2c5b|rpc:10.1.0.191:33317|dataStream:10.1.0.191:44131|priority:0|startupRole:FOLLOWER, f6c59282-8b8b-4bc6-9a7f-0a226baa887b|rpc:10.1.0.191:43027|dataStream:10.1.0.191:39765|priority:1|startupRole:FOLLOWER] returns group-2F3E61A8A7E1:java.util.concurrent.CompletableFuture@65801ab7[Not completed]
2023-04-27 19:25:01,698 [pool-101-thread-1] INFO  storage.RaftStorageDirectory (RaftStorageDirectoryImpl.java:tryLock(231)) - Lock on /home/runner/work/ozone/ozone/hadoop-ozone/integration-test/target/test-dir/MiniOzoneClusterImpl-cbda0cd1-5e50-4c9a-9fd3-3711af7baf07/datanode-1/data/ratis/c040ea1d-5466-4235-9495-474883555098/in_use.lock acquired by nodename 9193@fv-az240-684
2023-04-27 19:25:01,700 [pool-101-thread-1] INFO  storage.RaftStorage (RaftStorageImpl.java:format(96)) - Storage directory /home/runner/work/ozone/ozone/hadoop-ozone/integration-test/target/test-dir/MiniOzoneClusterImpl-cbda0cd1-5e50-4c9a-9fd3-3711af7baf07/datanode-1/data/ratis/c040ea1d-5466-4235-9495-474883555098 has been successfully formatted.
2023-04-27 19:25:01,704 [pool-101-thread-1] INFO  ratis.ContainerStateMachine (ContainerStateMachine.java:loadSnapshot(262)) - group-474883555098: The snapshot info is null. Setting the last applied indexto:(t:0, i:~)
2023-04-27 19:25:01,704 [pool-101-thread-1] INFO  server.RaftServerConfigKeys (ConfUtils.java:logGet(46)) - raft.server.log.use.memory = false (default)
2023-04-27 19:25:01,704 [pool-101-thread-1] INFO  server.RaftServerConfigKeys (ConfUtils.java:logGet(46)) - raft.server.log.purge.gap = 1000000 (custom)
2023-04-27 19:25:01,704 [pool-101-thread-1] INFO  server.RaftServerConfigKeys (ConfUtils.java:logGet(46)) - raft.server.log.appender.buffer.byte-limit = 33554432 (custom)
2023-04-27 19:25:01,704 [pool-101-thread-1] INFO  server.RaftServerConfigKeys (ConfUtils.java:logGet(46)) - raft.server.log.statemachine.data.read.timeout = 1000ms (default)
2023-04-27 19:25:01,704 [pool-101-thread-1] INFO  server.RaftServerConfigKeys (ConfUtils.java:logGet(46)) - raft.server.log.purge.preservation.log.num = 0 (default)
2023-04-27 19:25:01,705 [pool-101-thread-1] INFO  server.RaftServerConfigKeys (ConfUtils.java:logGet(46)) - raft.server.log.segment.size.max = 1048576 (custom)
2023-04-27 19:25:01,705 [pool-101-thread-1] INFO  server.RaftServerConfigKeys (ConfUtils.java:logGet(46)) - raft.server.log.segment.cache.num.max = 2 (custom)
2023-04-27 19:25:01,705 [pool-101-thread-1] INFO  server.RaftServerConfigKeys (ConfUtils.java:logGet(46)) - raft.server.log.segment.cache.size.max = 200MB (=209715200) (default)
2023-04-27 19:25:01,705 [EventQueue-PipelineReportForPipelineReportHandler] INFO  pipeline.PipelineManagerImpl (PipelineManagerImpl.java:openPipeline(367)) - Pipeline Pipeline[ Id: c040ea1d-5466-4235-9495-474883555098, Nodes: f6c59282-8b8b-4bc6-9a7f-0a226baa887b(fv-az240-684.bcold04rutgefduts2gkrghvsa.bx.internal.cloudapp.net/10.1.0.191), ReplicationConfig: RATIS/ONE, State:ALLOCATED, leaderId:f6c59282-8b8b-4bc6-9a7f-0a226baa887b, CreationTimestamp2023-04-27T19:24:58.661Z[Etc/UTC]] moved to OPEN state
2023-04-27 19:25:01,712 [pool-101-thread-1] INFO  segmented.SegmentedRaftLogWorker (SegmentedRaftLogWorker.java:<init>(189)) - new f6c59282-8b8b-4bc6-9a7f-0a226baa887b@group-474883555098-SegmentedRaftLogWorker for RaftStorageImpl:Storage Directory /home/runner/work/ozone/ozone/hadoop-ozone/integration-test/target/test-dir/MiniOzoneClusterImpl-cbda0cd1-5e50-4c9a-9fd3-3711af7baf07/datanode-1/data/ratis/c040ea1d-5466-4235-9495-474883555098
2023-04-27 19:25:01,713 [pool-101-thread-1] INFO  server.RaftServerConfigKeys (ConfUtils.java:logGet(46)) - raft.server.log.queue.byte-limit = 4294967296 (custom)
2023-04-27 19:25:01,713 [pool-101-thread-1] INFO  server.RaftServerConfigKeys (ConfUtils.java:logGet(46)) - raft.server.log.queue.element-limit = 1024 (custom)
2023-04-27 19:25:01,713 [pool-101-thread-1] INFO  server.RaftServerConfigKeys (ConfUtils.java:logGet(46)) - raft.server.log.segment.size.max = 1048576 (custom)
2023-04-27 19:25:01,713 [pool-101-thread-1] INFO  server.RaftServerConfigKeys (ConfUtils.java:logGet(46)) - raft.server.log.preallocated.size = 16384 (custom)
2023-04-27 19:25:01,713 [pool-101-thread-1] INFO  server.RaftServerConfigKeys (ConfUtils.java:logGet(46)) - raft.server.log.force.sync.num = 128 (default)
2023-04-27 19:25:01,713 [pool-101-thread-1] INFO  server.RaftServerConfigKeys (ConfUtils.java:logGet(46)) - raft.server.log.statemachine.data.sync = true (default)
2023-04-27 19:25:01,713 [pool-101-thread-1] INFO  server.RaftServerConfigKeys (ConfUtils.java:logGet(46)) - raft.server.log.statemachine.data.sync.timeout = 10s (default)
2023-04-27 19:25:01,714 [pool-101-thread-1] INFO  server.RaftServerConfigKeys (ConfUtils.java:logGet(46)) - raft.server.log.statemachine.data.sync.timeout.retry = -1 (default)
2023-04-27 19:25:01,714 [EventQueue-OpenPipelineForHealthyPipelineSafeModeRule] INFO  safemode.SCMSafeModeManager (HealthyPipelineSafeModeRule.java:process(137)) - SCM in safe mode. Healthy pipelines reported count is 0, required healthy pipeline reported count is 1
2023-04-27 19:25:01,714 [pool-101-thread-1] INFO  server.RaftServerConfigKeys (ConfUtils.java:logGet(46)) - raft.server.log.write.buffer.size = 1048576 (custom)
2023-04-27 19:25:01,715 [pool-101-thread-1] INFO  server.RaftServerConfigKeys (ConfUtils.java:logGet(46)) - raft.server.log.appender.buffer.byte-limit = 33554432 (custom)
2023-04-27 19:25:01,726 [pool-101-thread-1] INFO  server.RaftServerConfigKeys (ConfUtils.java:logGet(46)) - raft.server.log.unsafe-flush.enabled = false (default)
2023-04-27 19:25:01,727 [pool-101-thread-1] INFO  server.RaftServerConfigKeys (ConfUtils.java:logGet(46)) - raft.server.log.async-flush.enabled = false (default)
2023-04-27 19:25:01,727 [pool-101-thread-1] INFO  server.RaftServerConfigKeys (ConfUtils.java:logGet(46)) - raft.server.log.statemachine.data.caching.enabled = true (custom)
2023-04-27 19:25:01,727 [pool-101-thread-1] INFO  segmented.SegmentedRaftLogWorker (SegmentedRaftLogWorker.java:lambda$new$0(135)) - f6c59282-8b8b-4bc6-9a7f-0a226baa887b@group-474883555098-SegmentedRaftLogWorker: flushIndex: setUnconditionally 0 -> -1
2023-04-27 19:25:01,727 [pool-101-thread-1] INFO  segmented.SegmentedRaftLogWorker (SegmentedRaftLogWorker.java:lambda$new$0(135)) - f6c59282-8b8b-4bc6-9a7f-0a226baa887b@group-474883555098-SegmentedRaftLogWorker: safeCacheEvictIndex: setUnconditionally 0 -> -1
2023-04-27 19:25:01,728 [pool-101-thread-1] INFO  server.RaftServer$Division (RaftServerImpl.java:start(334)) - f6c59282-8b8b-4bc6-9a7f-0a226baa887b@group-474883555098: start as a follower, conf=-1: peers:[f6c59282-8b8b-4bc6-9a7f-0a226baa887b|rpc:10.1.0.191:43027|dataStream:10.1.0.191:39765|priority:1|startupRole:FOLLOWER]|listeners:[], old=null
2023-04-27 19:25:01,728 [pool-101-thread-1] INFO  server.RaftServer$Division (RaftServerImpl.java:setRole(321)) - f6c59282-8b8b-4bc6-9a7f-0a226baa887b@group-474883555098: changes role from      null to FOLLOWER at term 0 for startAsFollower
2023-04-27 19:25:01,729 [pool-101-thread-1] INFO  impl.RoleInfo (RoleInfo.java:updateAndGet(139)) - f6c59282-8b8b-4bc6-9a7f-0a226baa887b: start f6c59282-8b8b-4bc6-9a7f-0a226baa887b@group-474883555098-FollowerState
2023-04-27 19:25:01,733 [pool-101-thread-1] INFO  util.JmxRegister (JmxRegister.java:tryRegister(44)) - Successfully registered JMX Bean with object name Ratis:service=RaftServer,group=group-474883555098,id=f6c59282-8b8b-4bc6-9a7f-0a226baa887b
2023-04-27 19:25:01,733 [pool-101-thread-1] INFO  server.RaftServerConfigKeys (ConfUtils.java:logGet(46)) - raft.server.snapshot.auto.trigger.enabled = true (custom)
2023-04-27 19:25:01,733 [pool-101-thread-1] INFO  server.RaftServerConfigKeys (ConfUtils.java:logGet(46)) - raft.server.snapshot.auto.trigger.threshold = 10000 (custom)
2023-04-27 19:25:01,733 [pool-101-thread-1] INFO  server.RaftServerConfigKeys (ConfUtils.java:logGet(46)) - raft.server.snapshot.retention.file.num = 5 (custom)
2023-04-27 19:25:01,733 [pool-101-thread-1] INFO  server.RaftServerConfigKeys (ConfUtils.java:logGet(46)) - raft.server.log.purge.upto.snapshot.index = false (default)
2023-04-27 19:25:01,736 [f6c59282-8b8b-4bc6-9a7f-0a226baa887b@group-474883555098-FollowerState] INFO  server.RaftServerConfigKeys (ConfUtils.java:logFallback(53)) - raft.server.rpc.first-election.timeout.min = 5s (fallback to raft.server.rpc.timeout.min)
2023-04-27 19:25:01,736 [f6c59282-8b8b-4bc6-9a7f-0a226baa887b@group-474883555098-FollowerState] INFO  server.RaftServerConfigKeys (ConfUtils.java:logFallback(53)) - raft.server.rpc.first-election.timeout.max = 5200ms (fallback to raft.server.rpc.timeout.max)
2023-04-27 19:25:01,736 [Command processor thread] INFO  ratis.XceiverServerRatis (XceiverServerRatis.java:addGroup(806)) - Created group PipelineID=c040ea1d-5466-4235-9495-474883555098
2023-04-27 19:25:01,745 [pool-101-thread-1] INFO  server.RaftServer$Division (RaftServerImpl.java:<init>(195)) - f6c59282-8b8b-4bc6-9a7f-0a226baa887b: new RaftServerImpl for group-2F3E61A8A7E1:[b8a2b3ae-f6d1-4c33-80c4-6391c5d511a4|rpc:10.1.0.191:34305|dataStream:10.1.0.191:43589|priority:0|startupRole:FOLLOWER, b541e7ff-e94a-40bd-b2ad-c5dbbcbc2c5b|rpc:10.1.0.191:33317|dataStream:10.1.0.191:44131|priority:0|startupRole:FOLLOWER, f6c59282-8b8b-4bc6-9a7f-0a226baa887b|rpc:10.1.0.191:43027|dataStream:10.1.0.191:39765|priority:1|startupRole:FOLLOWER] with ContainerStateMachine:uninitialized
2023-04-27 19:25:01,745 [pool-101-thread-1] INFO  server.RaftServerConfigKeys (ConfUtils.java:logGet(46)) - raft.server.rpc.timeout.min = 5s (custom)
2023-04-27 19:25:01,745 [pool-101-thread-1] INFO  server.RaftServerConfigKeys (ConfUtils.java:logGet(46)) - raft.server.rpc.timeout.max = 5200ms (custom)
2023-04-27 19:25:01,745 [pool-101-thread-1] INFO  server.RaftServerConfigKeys (ConfUtils.java:logGet(46)) - raft.server.rpc.sleep.time = 25ms (default)
2023-04-27 19:25:01,745 [pool-101-thread-1] INFO  server.RaftServerConfigKeys (ConfUtils.java:logGet(46)) - raft.server.rpc.slowness.timeout = 300s (custom)
2023-04-27 19:25:01,745 [pool-101-thread-1] INFO  server.RaftServerConfigKeys (ConfUtils.java:logGet(46)) - raft.server.leaderelection.leader.step-down.wait-time = 10s (default)
2023-04-27 19:25:01,745 [pool-101-thread-1] INFO  server.RaftServerConfigKeys (ConfUtils.java:logGet(46)) - raft.server.sleep.deviation.threshold = 300ms (default)
2023-04-27 19:25:01,746 [pool-101-thread-1] INFO  server.RaftServer$Division (ServerState.java:<init>(118)) - f6c59282-8b8b-4bc6-9a7f-0a226baa887b@group-2F3E61A8A7E1: ConfigurationManager, init=-1: peers:[b8a2b3ae-f6d1-4c33-80c4-6391c5d511a4|rpc:10.1.0.191:34305|dataStream:10.1.0.191:43589|priority:0|startupRole:FOLLOWER, b541e7ff-e94a-40bd-b2ad-c5dbbcbc2c5b|rpc:10.1.0.191:33317|dataStream:10.1.0.191:44131|priority:0|startupRole:FOLLOWER, f6c59282-8b8b-4bc6-9a7f-0a226baa887b|rpc:10.1.0.191:43027|dataStream:10.1.0.191:39765|priority:1|startupRole:FOLLOWER]|listeners:[], old=null, confs=<EMPTY_MAP>
2023-04-27 19:25:01,746 [pool-101-thread-1] INFO  server.RaftServerConfigKeys (ConfUtils.java:logGet(46)) - raft.server.storage.dir = [/home/runner/work/ozone/ozone/hadoop-ozone/integration-test/target/test-dir/MiniOzoneClusterImpl-cbda0cd1-5e50-4c9a-9fd3-3711af7baf07/datanode-1/data/ratis] (custom)
2023-04-27 19:25:01,746 [pool-101-thread-1] INFO  server.RaftServerConfigKeys (ConfUtils.java:logGet(46)) - raft.server.log.corruption.policy = EXCEPTION (default)
2023-04-27 19:25:01,746 [pool-101-thread-1] INFO  server.RaftServerConfigKeys (ConfUtils.java:logGet(46)) - raft.server.storage.free-space.min = 0MB (=0) (default)
2023-04-27 19:25:01,746 [pool-101-thread-1] INFO  server.RaftServerConfigKeys (ConfUtils.java:logGet(46)) - raft.server.notification.no-leader.timeout = 300s (custom)
2023-04-27 19:25:01,746 [pool-101-thread-1] INFO  server.RaftServerConfigKeys (ConfUtils.java:logGet(46)) - raft.server.retrycache.expirytime = 600000ms (custom)
2023-04-27 19:25:01,746 [pool-101-thread-1] INFO  server.RaftServerConfigKeys (ConfUtils.java:logGet(46)) - raft.server.retrycache.statistics.expirytime = 100μs (default)
2023-04-27 19:25:01,747 [pool-101-thread-1] INFO  server.RaftServerConfigKeys (ConfUtils.java:logGet(46)) - raft.server.log.appender.install.snapshot.enabled = false (custom)
2023-04-27 19:25:01,747 [pool-101-thread-1] INFO  server.RaftServerConfigKeys (ConfUtils.java:logGet(46)) - raft.server.threadpool.server.cached = true (default)
2023-04-27 19:25:01,747 [pool-101-thread-1] INFO  server.RaftServerConfigKeys (ConfUtils.java:logGet(46)) - raft.server.threadpool.server.size = 0 (default)
2023-04-27 19:25:01,748 [pool-101-thread-1] INFO  server.RaftServerConfigKeys (ConfUtils.java:logGet(46)) - raft.server.threadpool.client.cached = true (default)
2023-04-27 19:25:01,748 [pool-101-thread-1] INFO  server.RaftServerConfigKeys (ConfUtils.java:logGet(46)) - raft.server.threadpool.client.size = 0 (default)
2023-04-27 19:25:01,748 [pool-101-thread-1] INFO  storage.RaftStorageDirectory (RaftStorageDirectoryImpl.java:analyzeStorage(137)) - The storage directory /home/runner/work/ozone/ozone/hadoop-ozone/integration-test/target/test-dir/MiniOzoneClusterImpl-cbda0cd1-5e50-4c9a-9fd3-3711af7baf07/datanode-1/data/ratis/654a6875-cda0-4f40-9516-2f3e61a8a7e1 does not exist. Creating ...
2023-04-27 19:25:01,736 [Command processor thread] INFO  commandhandler.CreatePipelineCommandHandler (CreatePipelineCommandHandler.java:handle(113)) - Created Pipeline RATIS ONE PipelineID=c040ea1d-5466-4235-9495-474883555098.
2023-04-27 19:25:01,753 [Command processor thread] INFO  server.RaftServer (RaftServerProxy.java:addNew(96)) - f6c59282-8b8b-4bc6-9a7f-0a226baa887b: addNew group-6DDB49DBE31F:[b8a2b3ae-f6d1-4c33-80c4-6391c5d511a4|rpc:10.1.0.191:34305|dataStream:10.1.0.191:43589|priority:0|startupRole:FOLLOWER, b541e7ff-e94a-40bd-b2ad-c5dbbcbc2c5b|rpc:10.1.0.191:33317|dataStream:10.1.0.191:44131|priority:1|startupRole:FOLLOWER, f6c59282-8b8b-4bc6-9a7f-0a226baa887b|rpc:10.1.0.191:43027|dataStream:10.1.0.191:39765|priority:0|startupRole:FOLLOWER] returns group-6DDB49DBE31F:java.util.concurrent.CompletableFuture@2a6ea7f3[Not completed]
2023-04-27 19:25:01,752 [pool-101-thread-1] INFO  storage.RaftStorageDirectory (RaftStorageDirectoryImpl.java:tryLock(231)) - Lock on /home/runner/work/ozone/ozone/hadoop-ozone/integration-test/target/test-dir/MiniOzoneClusterImpl-cbda0cd1-5e50-4c9a-9fd3-3711af7baf07/datanode-1/data/ratis/654a6875-cda0-4f40-9516-2f3e61a8a7e1/in_use.lock acquired by nodename 9193@fv-az240-684
2023-04-27 19:25:01,756 [pool-101-thread-1] INFO  storage.RaftStorage (RaftStorageImpl.java:format(96)) - Storage directory /home/runner/work/ozone/ozone/hadoop-ozone/integration-test/target/test-dir/MiniOzoneClusterImpl-cbda0cd1-5e50-4c9a-9fd3-3711af7baf07/datanode-1/data/ratis/654a6875-cda0-4f40-9516-2f3e61a8a7e1 has been successfully formatted.
2023-04-27 19:25:01,758 [pool-101-thread-1] INFO  ratis.ContainerStateMachine (ContainerStateMachine.java:loadSnapshot(262)) - group-2F3E61A8A7E1: The snapshot info is null. Setting the last applied indexto:(t:0, i:~)
2023-04-27 19:25:01,758 [pool-101-thread-1] INFO  server.RaftServerConfigKeys (ConfUtils.java:logGet(46)) - raft.server.log.use.memory = false (default)
2023-04-27 19:25:01,758 [pool-101-thread-1] INFO  server.RaftServerConfigKeys (ConfUtils.java:logGet(46)) - raft.server.log.purge.gap = 1000000 (custom)
2023-04-27 19:25:01,758 [pool-101-thread-1] INFO  server.RaftServerConfigKeys (ConfUtils.java:logGet(46)) - raft.server.log.appender.buffer.byte-limit = 33554432 (custom)
2023-04-27 19:25:01,758 [pool-101-thread-1] INFO  server.RaftServerConfigKeys (ConfUtils.java:logGet(46)) - raft.server.log.statemachine.data.read.timeout = 1000ms (default)
2023-04-27 19:25:01,759 [pool-101-thread-1] INFO  server.RaftServerConfigKeys (ConfUtils.java:logGet(46)) - raft.server.log.purge.preservation.log.num = 0 (default)
2023-04-27 19:25:01,759 [pool-101-thread-1] INFO  server.RaftServerConfigKeys (ConfUtils.java:logGet(46)) - raft.server.log.segment.size.max = 1048576 (custom)
2023-04-27 19:25:01,760 [pool-101-thread-1] INFO  server.RaftServerConfigKeys (ConfUtils.java:logGet(46)) - raft.server.log.segment.cache.num.max = 2 (custom)
2023-04-27 19:25:01,760 [pool-101-thread-1] INFO  server.RaftServerConfigKeys (ConfUtils.java:logGet(46)) - raft.server.log.segment.cache.size.max = 200MB (=209715200) (default)
2023-04-27 19:25:01,760 [pool-101-thread-1] INFO  segmented.SegmentedRaftLogWorker (SegmentedRaftLogWorker.java:<init>(189)) - new f6c59282-8b8b-4bc6-9a7f-0a226baa887b@group-2F3E61A8A7E1-SegmentedRaftLogWorker for RaftStorageImpl:Storage Directory /home/runner/work/ozone/ozone/hadoop-ozone/integration-test/target/test-dir/MiniOzoneClusterImpl-cbda0cd1-5e50-4c9a-9fd3-3711af7baf07/datanode-1/data/ratis/654a6875-cda0-4f40-9516-2f3e61a8a7e1
2023-04-27 19:25:01,760 [pool-101-thread-1] INFO  server.RaftServerConfigKeys (ConfUtils.java:logGet(46)) - raft.server.log.queue.byte-limit = 4294967296 (custom)
2023-04-27 19:25:01,760 [pool-101-thread-1] INFO  server.RaftServerConfigKeys (ConfUtils.java:logGet(46)) - raft.server.log.queue.element-limit = 1024 (custom)
2023-04-27 19:25:01,760 [pool-101-thread-1] INFO  server.RaftServerConfigKeys (ConfUtils.java:logGet(46)) - raft.server.log.segment.size.max = 1048576 (custom)
2023-04-27 19:25:01,760 [pool-101-thread-1] INFO  server.RaftServerConfigKeys (ConfUtils.java:logGet(46)) - raft.server.log.preallocated.size = 16384 (custom)
2023-04-27 19:25:01,760 [pool-101-thread-1] INFO  server.RaftServerConfigKeys (ConfUtils.java:logGet(46)) - raft.server.log.force.sync.num = 128 (default)
2023-04-27 19:25:01,760 [pool-101-thread-1] INFO  server.RaftServerConfigKeys (ConfUtils.java:logGet(46)) - raft.server.log.statemachine.data.sync = true (default)
2023-04-27 19:25:01,761 [EventQueue-OpenPipelineForHealthyPipelineSafeModeRule] INFO  safemode.SCMSafeModeManager (HealthyPipelineSafeModeRule.java:process(137)) - SCM in safe mode. Healthy pipelines reported count is 0, required healthy pipeline reported count is 1
2023-04-27 19:25:01,765 [pool-101-thread-1] INFO  server.RaftServerConfigKeys (ConfUtils.java:logGet(46)) - raft.server.log.statemachine.data.sync.timeout = 10s (default)
2023-04-27 19:25:01,765 [pool-101-thread-1] INFO  server.RaftServerConfigKeys (ConfUtils.java:logGet(46)) - raft.server.log.statemachine.data.sync.timeout.retry = -1 (default)
2023-04-27 19:25:01,766 [pool-101-thread-1] INFO  server.RaftServerConfigKeys (ConfUtils.java:logGet(46)) - raft.server.log.write.buffer.size = 1048576 (custom)
2023-04-27 19:25:01,767 [pool-101-thread-1] INFO  server.RaftServerConfigKeys (ConfUtils.java:logGet(46)) - raft.server.log.appender.buffer.byte-limit = 33554432 (custom)
2023-04-27 19:25:01,772 [pool-101-thread-1] INFO  server.RaftServerConfigKeys (ConfUtils.java:logGet(46)) - raft.server.log.unsafe-flush.enabled = false (default)
2023-04-27 19:25:01,772 [pool-101-thread-1] INFO  server.RaftServerConfigKeys (ConfUtils.java:logGet(46)) - raft.server.log.async-flush.enabled = false (default)
2023-04-27 19:25:01,772 [pool-101-thread-1] INFO  server.RaftServerConfigKeys (ConfUtils.java:logGet(46)) - raft.server.log.statemachine.data.caching.enabled = true (custom)
2023-04-27 19:25:01,773 [pool-101-thread-1] INFO  segmented.SegmentedRaftLogWorker (SegmentedRaftLogWorker.java:lambda$new$0(135)) - f6c59282-8b8b-4bc6-9a7f-0a226baa887b@group-2F3E61A8A7E1-SegmentedRaftLogWorker: flushIndex: setUnconditionally 0 -> -1
2023-04-27 19:25:01,773 [pool-101-thread-1] INFO  segmented.SegmentedRaftLogWorker (SegmentedRaftLogWorker.java:lambda$new$0(135)) - f6c59282-8b8b-4bc6-9a7f-0a226baa887b@group-2F3E61A8A7E1-SegmentedRaftLogWorker: safeCacheEvictIndex: setUnconditionally 0 -> -1
2023-04-27 19:25:01,773 [pool-101-thread-1] INFO  server.RaftServer$Division (RaftServerImpl.java:start(334)) - f6c59282-8b8b-4bc6-9a7f-0a226baa887b@group-2F3E61A8A7E1: start as a follower, conf=-1: peers:[b8a2b3ae-f6d1-4c33-80c4-6391c5d511a4|rpc:10.1.0.191:34305|dataStream:10.1.0.191:43589|priority:0|startupRole:FOLLOWER, b541e7ff-e94a-40bd-b2ad-c5dbbcbc2c5b|rpc:10.1.0.191:33317|dataStream:10.1.0.191:44131|priority:0|startupRole:FOLLOWER, f6c59282-8b8b-4bc6-9a7f-0a226baa887b|rpc:10.1.0.191:43027|dataStream:10.1.0.191:39765|priority:1|startupRole:FOLLOWER]|listeners:[], old=null
2023-04-27 19:25:01,773 [pool-101-thread-1] INFO  server.RaftServer$Division (RaftServerImpl.java:setRole(321)) - f6c59282-8b8b-4bc6-9a7f-0a226baa887b@group-2F3E61A8A7E1: changes role from      null to FOLLOWER at term 0 for startAsFollower
2023-04-27 19:25:01,773 [pool-101-thread-1] INFO  impl.RoleInfo (RoleInfo.java:updateAndGet(139)) - f6c59282-8b8b-4bc6-9a7f-0a226baa887b: start f6c59282-8b8b-4bc6-9a7f-0a226baa887b@group-2F3E61A8A7E1-FollowerState
2023-04-27 19:25:01,774 [pool-101-thread-1] INFO  util.JmxRegister (JmxRegister.java:tryRegister(44)) - Successfully registered JMX Bean with object name Ratis:service=RaftServer,group=group-2F3E61A8A7E1,id=f6c59282-8b8b-4bc6-9a7f-0a226baa887b
2023-04-27 19:25:01,774 [pool-101-thread-1] INFO  server.RaftServerConfigKeys (ConfUtils.java:logGet(46)) - raft.server.snapshot.auto.trigger.enabled = true (custom)
2023-04-27 19:25:01,774 [pool-101-thread-1] INFO  server.RaftServerConfigKeys (ConfUtils.java:logGet(46)) - raft.server.snapshot.auto.trigger.threshold = 10000 (custom)
2023-04-27 19:25:01,774 [pool-101-thread-1] INFO  server.RaftServerConfigKeys (ConfUtils.java:logGet(46)) - raft.server.snapshot.retention.file.num = 5 (custom)
2023-04-27 19:25:01,774 [pool-101-thread-1] INFO  server.RaftServerConfigKeys (ConfUtils.java:logGet(46)) - raft.server.log.purge.upto.snapshot.index = false (default)
2023-04-27 19:25:01,775 [f6c59282-8b8b-4bc6-9a7f-0a226baa887b@group-2F3E61A8A7E1-FollowerState] INFO  server.RaftServerConfigKeys (ConfUtils.java:logFallback(53)) - raft.server.rpc.first-election.timeout.min = 5s (fallback to raft.server.rpc.timeout.min)
2023-04-27 19:25:01,788 [f6c59282-8b8b-4bc6-9a7f-0a226baa887b@group-2F3E61A8A7E1-FollowerState] INFO  server.RaftServerConfigKeys (ConfUtils.java:logFallback(53)) - raft.server.rpc.first-election.timeout.max = 5200ms (fallback to raft.server.rpc.timeout.max)
2023-04-27 19:25:01,784 [pool-101-thread-1] INFO  server.RaftServer$Division (RaftServerImpl.java:<init>(195)) - f6c59282-8b8b-4bc6-9a7f-0a226baa887b: new RaftServerImpl for group-6DDB49DBE31F:[b8a2b3ae-f6d1-4c33-80c4-6391c5d511a4|rpc:10.1.0.191:34305|dataStream:10.1.0.191:43589|priority:0|startupRole:FOLLOWER, b541e7ff-e94a-40bd-b2ad-c5dbbcbc2c5b|rpc:10.1.0.191:33317|dataStream:10.1.0.191:44131|priority:1|startupRole:FOLLOWER, f6c59282-8b8b-4bc6-9a7f-0a226baa887b|rpc:10.1.0.191:43027|dataStream:10.1.0.191:39765|priority:0|startupRole:FOLLOWER] with ContainerStateMachine:uninitialized
2023-04-27 19:25:01,789 [pool-101-thread-1] INFO  server.RaftServerConfigKeys (ConfUtils.java:logGet(46)) - raft.server.rpc.timeout.min = 5s (custom)
2023-04-27 19:25:01,789 [pool-101-thread-1] INFO  server.RaftServerConfigKeys (ConfUtils.java:logGet(46)) - raft.server.rpc.timeout.max = 5200ms (custom)
2023-04-27 19:25:01,789 [pool-101-thread-1] INFO  server.RaftServerConfigKeys (ConfUtils.java:logGet(46)) - raft.server.rpc.sleep.time = 25ms (default)
2023-04-27 19:25:01,789 [pool-101-thread-1] INFO  server.RaftServerConfigKeys (ConfUtils.java:logGet(46)) - raft.server.rpc.slowness.timeout = 300s (custom)
2023-04-27 19:25:01,789 [pool-101-thread-1] INFO  server.RaftServerConfigKeys (ConfUtils.java:logGet(46)) - raft.server.leaderelection.leader.step-down.wait-time = 10s (default)
2023-04-27 19:25:01,789 [pool-101-thread-1] INFO  server.RaftServerConfigKeys (ConfUtils.java:logGet(46)) - raft.server.sleep.deviation.threshold = 300ms (default)
2023-04-27 19:25:01,789 [pool-101-thread-1] INFO  server.RaftServer$Division (ServerState.java:<init>(118)) - f6c59282-8b8b-4bc6-9a7f-0a226baa887b@group-6DDB49DBE31F: ConfigurationManager, init=-1: peers:[b8a2b3ae-f6d1-4c33-80c4-6391c5d511a4|rpc:10.1.0.191:34305|dataStream:10.1.0.191:43589|priority:0|startupRole:FOLLOWER, b541e7ff-e94a-40bd-b2ad-c5dbbcbc2c5b|rpc:10.1.0.191:33317|dataStream:10.1.0.191:44131|priority:1|startupRole:FOLLOWER, f6c59282-8b8b-4bc6-9a7f-0a226baa887b|rpc:10.1.0.191:43027|dataStream:10.1.0.191:39765|priority:0|startupRole:FOLLOWER]|listeners:[], old=null, confs=<EMPTY_MAP>
2023-04-27 19:25:01,789 [pool-101-thread-1] INFO  server.RaftServerConfigKeys (ConfUtils.java:logGet(46)) - raft.server.storage.dir = [/home/runner/work/ozone/ozone/hadoop-ozone/integration-test/target/test-dir/MiniOzoneClusterImpl-cbda0cd1-5e50-4c9a-9fd3-3711af7baf07/datanode-1/data/ratis] (custom)
2023-04-27 19:25:01,789 [pool-101-thread-1] INFO  server.RaftServerConfigKeys (ConfUtils.java:logGet(46)) - raft.server.log.corruption.policy = EXCEPTION (default)
2023-04-27 19:25:01,789 [pool-101-thread-1] INFO  server.RaftServerConfigKeys (ConfUtils.java:logGet(46)) - raft.server.storage.free-space.min = 0MB (=0) (default)
2023-04-27 19:25:01,790 [pool-101-thread-1] INFO  server.RaftServerConfigKeys (ConfUtils.java:logGet(46)) - raft.server.notification.no-leader.timeout = 300s (custom)
2023-04-27 19:25:01,790 [pool-101-thread-1] INFO  server.RaftServerConfigKeys (ConfUtils.java:logGet(46)) - raft.server.retrycache.expirytime = 600000ms (custom)
2023-04-27 19:25:01,790 [pool-101-thread-1] INFO  server.RaftServerConfigKeys (ConfUtils.java:logGet(46)) - raft.server.retrycache.statistics.expirytime = 100μs (default)
2023-04-27 19:25:01,791 [pool-101-thread-1] INFO  server.RaftServerConfigKeys (ConfUtils.java:logGet(46)) - raft.server.log.appender.install.snapshot.enabled = false (custom)
2023-04-27 19:25:01,791 [pool-101-thread-1] INFO  server.RaftServerConfigKeys (ConfUtils.java:logGet(46)) - raft.server.threadpool.server.cached = true (default)
2023-04-27 19:25:01,791 [pool-101-thread-1] INFO  server.RaftServerConfigKeys (ConfUtils.java:logGet(46)) - raft.server.threadpool.server.size = 0 (default)
2023-04-27 19:25:01,791 [pool-101-thread-1] INFO  server.RaftServerConfigKeys (ConfUtils.java:logGet(46)) - raft.server.threadpool.client.cached = true (default)
2023-04-27 19:25:01,791 [pool-101-thread-1] INFO  server.RaftServerConfigKeys (ConfUtils.java:logGet(46)) - raft.server.threadpool.client.size = 0 (default)
2023-04-27 19:25:01,791 [pool-101-thread-1] INFO  storage.RaftStorageDirectory (RaftStorageDirectoryImpl.java:analyzeStorage(137)) - The storage directory /home/runner/work/ozone/ozone/hadoop-ozone/integration-test/target/test-dir/MiniOzoneClusterImpl-cbda0cd1-5e50-4c9a-9fd3-3711af7baf07/datanode-1/data/ratis/4d2bf946-c585-417a-8ae1-6ddb49dbe31f does not exist. Creating ...
2023-04-27 19:25:01,795 [pool-101-thread-1] INFO  storage.RaftStorageDirectory (RaftStorageDirectoryImpl.java:tryLock(231)) - Lock on /home/runner/work/ozone/ozone/hadoop-ozone/integration-test/target/test-dir/MiniOzoneClusterImpl-cbda0cd1-5e50-4c9a-9fd3-3711af7baf07/datanode-1/data/ratis/4d2bf946-c585-417a-8ae1-6ddb49dbe31f/in_use.lock acquired by nodename 9193@fv-az240-684
2023-04-27 19:25:01,796 [pool-101-thread-1] INFO  storage.RaftStorage (RaftStorageImpl.java:format(96)) - Storage directory /home/runner/work/ozone/ozone/hadoop-ozone/integration-test/target/test-dir/MiniOzoneClusterImpl-cbda0cd1-5e50-4c9a-9fd3-3711af7baf07/datanode-1/data/ratis/4d2bf946-c585-417a-8ae1-6ddb49dbe31f has been successfully formatted.
2023-04-27 19:25:01,797 [pool-101-thread-1] INFO  ratis.ContainerStateMachine (ContainerStateMachine.java:loadSnapshot(262)) - group-6DDB49DBE31F: The snapshot info is null. Setting the last applied indexto:(t:0, i:~)
2023-04-27 19:25:01,797 [pool-101-thread-1] INFO  server.RaftServerConfigKeys (ConfUtils.java:logGet(46)) - raft.server.log.use.memory = false (default)
2023-04-27 19:25:01,797 [pool-101-thread-1] INFO  server.RaftServerConfigKeys (ConfUtils.java:logGet(46)) - raft.server.log.purge.gap = 1000000 (custom)
2023-04-27 19:25:01,797 [pool-101-thread-1] INFO  server.RaftServerConfigKeys (ConfUtils.java:logGet(46)) - raft.server.log.appender.buffer.byte-limit = 33554432 (custom)
2023-04-27 19:25:01,798 [pool-101-thread-1] INFO  server.RaftServerConfigKeys (ConfUtils.java:logGet(46)) - raft.server.log.statemachine.data.read.timeout = 1000ms (default)
2023-04-27 19:25:01,798 [pool-101-thread-1] INFO  server.RaftServerConfigKeys (ConfUtils.java:logGet(46)) - raft.server.log.purge.preservation.log.num = 0 (default)
2023-04-27 19:25:01,798 [pool-101-thread-1] INFO  server.RaftServerConfigKeys (ConfUtils.java:logGet(46)) - raft.server.log.segment.size.max = 1048576 (custom)
2023-04-27 19:25:01,798 [pool-101-thread-1] INFO  server.RaftServerConfigKeys (ConfUtils.java:logGet(46)) - raft.server.log.segment.cache.num.max = 2 (custom)
2023-04-27 19:25:01,798 [pool-101-thread-1] INFO  server.RaftServerConfigKeys (ConfUtils.java:logGet(46)) - raft.server.log.segment.cache.size.max = 200MB (=209715200) (default)
2023-04-27 19:25:01,798 [pool-101-thread-1] INFO  segmented.SegmentedRaftLogWorker (SegmentedRaftLogWorker.java:<init>(189)) - new f6c59282-8b8b-4bc6-9a7f-0a226baa887b@group-6DDB49DBE31F-SegmentedRaftLogWorker for RaftStorageImpl:Storage Directory /home/runner/work/ozone/ozone/hadoop-ozone/integration-test/target/test-dir/MiniOzoneClusterImpl-cbda0cd1-5e50-4c9a-9fd3-3711af7baf07/datanode-1/data/ratis/4d2bf946-c585-417a-8ae1-6ddb49dbe31f
2023-04-27 19:25:01,798 [pool-101-thread-1] INFO  server.RaftServerConfigKeys (ConfUtils.java:logGet(46)) - raft.server.log.queue.byte-limit = 4294967296 (custom)
2023-04-27 19:25:01,798 [pool-101-thread-1] INFO  server.RaftServerConfigKeys (ConfUtils.java:logGet(46)) - raft.server.log.queue.element-limit = 1024 (custom)
2023-04-27 19:25:01,798 [pool-101-thread-1] INFO  server.RaftServerConfigKeys (ConfUtils.java:logGet(46)) - raft.server.log.segment.size.max = 1048576 (custom)
2023-04-27 19:25:01,799 [pool-101-thread-1] INFO  server.RaftServerConfigKeys (ConfUtils.java:logGet(46)) - raft.server.log.preallocated.size = 16384 (custom)
2023-04-27 19:25:01,799 [pool-101-thread-1] INFO  server.RaftServerConfigKeys (ConfUtils.java:logGet(46)) - raft.server.log.force.sync.num = 128 (default)
2023-04-27 19:25:01,799 [pool-101-thread-1] INFO  server.RaftServerConfigKeys (ConfUtils.java:logGet(46)) - raft.server.log.statemachine.data.sync = true (default)
2023-04-27 19:25:01,799 [pool-101-thread-1] INFO  server.RaftServerConfigKeys (ConfUtils.java:logGet(46)) - raft.server.log.statemachine.data.sync.timeout = 10s (default)
2023-04-27 19:25:01,799 [pool-101-thread-1] INFO  server.RaftServerConfigKeys (ConfUtils.java:logGet(46)) - raft.server.log.statemachine.data.sync.timeout.retry = -1 (default)
2023-04-27 19:25:01,799 [pool-101-thread-1] INFO  server.RaftServerConfigKeys (ConfUtils.java:logGet(46)) - raft.server.log.write.buffer.size = 1048576 (custom)
2023-04-27 19:25:01,806 [EventQueue-OpenPipelineForHealthyPipelineSafeModeRule] INFO  safemode.SCMSafeModeManager (HealthyPipelineSafeModeRule.java:process(137)) - SCM in safe mode. Healthy pipelines reported count is 0, required healthy pipeline reported count is 1
2023-04-27 19:25:01,813 [pool-101-thread-1] INFO  server.RaftServerConfigKeys (ConfUtils.java:logGet(46)) - raft.server.log.appender.buffer.byte-limit = 33554432 (custom)
2023-04-27 19:25:01,813 [Command processor thread] INFO  commandhandler.CreatePipelineCommandHandler (CreatePipelineCommandHandler.java:handle(113)) - Created Pipeline RATIS THREE PipelineID=654a6875-cda0-4f40-9516-2f3e61a8a7e1.
2023-04-27 19:25:01,814 [Command processor thread] INFO  server.RaftServer (RaftServerProxy.java:addNew(96)) - b541e7ff-e94a-40bd-b2ad-c5dbbcbc2c5b: addNew group-6DDB49DBE31F:[b8a2b3ae-f6d1-4c33-80c4-6391c5d511a4|rpc:10.1.0.191:34305|dataStream:10.1.0.191:43589|priority:0|startupRole:FOLLOWER, b541e7ff-e94a-40bd-b2ad-c5dbbcbc2c5b|rpc:10.1.0.191:33317|dataStream:10.1.0.191:44131|priority:1|startupRole:FOLLOWER, f6c59282-8b8b-4bc6-9a7f-0a226baa887b|rpc:10.1.0.191:43027|dataStream:10.1.0.191:39765|priority:0|startupRole:FOLLOWER] returns group-6DDB49DBE31F:java.util.concurrent.CompletableFuture@32cf8581[Not completed]
2023-04-27 19:25:01,815 [pool-79-thread-1] INFO  server.RaftServer$Division (RaftServerImpl.java:<init>(195)) - b541e7ff-e94a-40bd-b2ad-c5dbbcbc2c5b: new RaftServerImpl for group-6DDB49DBE31F:[b8a2b3ae-f6d1-4c33-80c4-6391c5d511a4|rpc:10.1.0.191:34305|dataStream:10.1.0.191:43589|priority:0|startupRole:FOLLOWER, b541e7ff-e94a-40bd-b2ad-c5dbbcbc2c5b|rpc:10.1.0.191:33317|dataStream:10.1.0.191:44131|priority:1|startupRole:FOLLOWER, f6c59282-8b8b-4bc6-9a7f-0a226baa887b|rpc:10.1.0.191:43027|dataStream:10.1.0.191:39765|priority:0|startupRole:FOLLOWER] with ContainerStateMachine:uninitialized
2023-04-27 19:25:01,815 [pool-79-thread-1] INFO  server.RaftServerConfigKeys (ConfUtils.java:logGet(46)) - raft.server.rpc.timeout.min = 5s (custom)
2023-04-27 19:25:01,815 [pool-79-thread-1] INFO  server.RaftServerConfigKeys (ConfUtils.java:logGet(46)) - raft.server.rpc.timeout.max = 5200ms (custom)
2023-04-27 19:25:01,815 [pool-79-thread-1] INFO  server.RaftServerConfigKeys (ConfUtils.java:logGet(46)) - raft.server.rpc.sleep.time = 25ms (default)
2023-04-27 19:25:01,815 [pool-79-thread-1] INFO  server.RaftServerConfigKeys (ConfUtils.java:logGet(46)) - raft.server.rpc.slowness.timeout = 300s (custom)
2023-04-27 19:25:01,815 [pool-79-thread-1] INFO  server.RaftServerConfigKeys (ConfUtils.java:logGet(46)) - raft.server.leaderelection.leader.step-down.wait-time = 10s (default)
2023-04-27 19:25:01,815 [pool-79-thread-1] INFO  server.RaftServerConfigKeys (ConfUtils.java:logGet(46)) - raft.server.sleep.deviation.threshold = 300ms (default)
2023-04-27 19:25:01,815 [pool-79-thread-1] INFO  server.RaftServer$Division (ServerState.java:<init>(118)) - b541e7ff-e94a-40bd-b2ad-c5dbbcbc2c5b@group-6DDB49DBE31F: ConfigurationManager, init=-1: peers:[b8a2b3ae-f6d1-4c33-80c4-6391c5d511a4|rpc:10.1.0.191:34305|dataStream:10.1.0.191:43589|priority:0|startupRole:FOLLOWER, b541e7ff-e94a-40bd-b2ad-c5dbbcbc2c5b|rpc:10.1.0.191:33317|dataStream:10.1.0.191:44131|priority:1|startupRole:FOLLOWER, f6c59282-8b8b-4bc6-9a7f-0a226baa887b|rpc:10.1.0.191:43027|dataStream:10.1.0.191:39765|priority:0|startupRole:FOLLOWER]|listeners:[], old=null, confs=<EMPTY_MAP>
2023-04-27 19:25:01,815 [pool-79-thread-1] INFO  server.RaftServerConfigKeys (ConfUtils.java:logGet(46)) - raft.server.storage.dir = [/home/runner/work/ozone/ozone/hadoop-ozone/integration-test/target/test-dir/MiniOzoneClusterImpl-cbda0cd1-5e50-4c9a-9fd3-3711af7baf07/datanode-0/data/ratis] (custom)
2023-04-27 19:25:01,816 [pool-79-thread-1] INFO  server.RaftServerConfigKeys (ConfUtils.java:logGet(46)) - raft.server.log.corruption.policy = EXCEPTION (default)
2023-04-27 19:25:01,816 [pool-79-thread-1] INFO  server.RaftServerConfigKeys (ConfUtils.java:logGet(46)) - raft.server.storage.free-space.min = 0MB (=0) (default)
2023-04-27 19:25:01,816 [pool-79-thread-1] INFO  server.RaftServerConfigKeys (ConfUtils.java:logGet(46)) - raft.server.notification.no-leader.timeout = 300s (custom)
2023-04-27 19:25:01,818 [pool-79-thread-1] INFO  server.RaftServerConfigKeys (ConfUtils.java:logGet(46)) - raft.server.retrycache.expirytime = 600000ms (custom)
2023-04-27 19:25:01,818 [pool-79-thread-1] INFO  server.RaftServerConfigKeys (ConfUtils.java:logGet(46)) - raft.server.retrycache.statistics.expirytime = 100μs (default)
2023-04-27 19:25:01,819 [pool-79-thread-1] INFO  server.RaftServerConfigKeys (ConfUtils.java:logGet(46)) - raft.server.log.appender.install.snapshot.enabled = false (custom)
2023-04-27 19:25:01,819 [pool-79-thread-1] INFO  server.RaftServerConfigKeys (ConfUtils.java:logGet(46)) - raft.server.threadpool.server.cached = true (default)
2023-04-27 19:25:01,819 [pool-79-thread-1] INFO  server.RaftServerConfigKeys (ConfUtils.java:logGet(46)) - raft.server.threadpool.server.size = 0 (default)
2023-04-27 19:25:01,819 [pool-79-thread-1] INFO  server.RaftServerConfigKeys (ConfUtils.java:logGet(46)) - raft.server.threadpool.client.cached = true (default)
2023-04-27 19:25:01,819 [pool-79-thread-1] INFO  server.RaftServerConfigKeys (ConfUtils.java:logGet(46)) - raft.server.threadpool.client.size = 0 (default)
2023-04-27 19:25:01,820 [pool-79-thread-1] INFO  storage.RaftStorageDirectory (RaftStorageDirectoryImpl.java:analyzeStorage(137)) - The storage directory /home/runner/work/ozone/ozone/hadoop-ozone/integration-test/target/test-dir/MiniOzoneClusterImpl-cbda0cd1-5e50-4c9a-9fd3-3711af7baf07/datanode-0/data/ratis/4d2bf946-c585-417a-8ae1-6ddb49dbe31f does not exist. Creating ...
2023-04-27 19:25:01,820 [pool-101-thread-1] INFO  server.RaftServerConfigKeys (ConfUtils.java:logGet(46)) - raft.server.log.unsafe-flush.enabled = false (default)
2023-04-27 19:25:01,823 [pool-101-thread-1] INFO  server.RaftServerConfigKeys (ConfUtils.java:logGet(46)) - raft.server.log.async-flush.enabled = false (default)
2023-04-27 19:25:01,823 [pool-101-thread-1] INFO  server.RaftServerConfigKeys (ConfUtils.java:logGet(46)) - raft.server.log.statemachine.data.caching.enabled = true (custom)
2023-04-27 19:25:01,823 [pool-101-thread-1] INFO  segmented.SegmentedRaftLogWorker (SegmentedRaftLogWorker.java:lambda$new$0(135)) - f6c59282-8b8b-4bc6-9a7f-0a226baa887b@group-6DDB49DBE31F-SegmentedRaftLogWorker: flushIndex: setUnconditionally 0 -> -1
2023-04-27 19:25:01,823 [pool-101-thread-1] INFO  segmented.SegmentedRaftLogWorker (SegmentedRaftLogWorker.java:lambda$new$0(135)) - f6c59282-8b8b-4bc6-9a7f-0a226baa887b@group-6DDB49DBE31F-SegmentedRaftLogWorker: safeCacheEvictIndex: setUnconditionally 0 -> -1
2023-04-27 19:25:01,823 [pool-79-thread-1] INFO  storage.RaftStorageDirectory (RaftStorageDirectoryImpl.java:tryLock(231)) - Lock on /home/runner/work/ozone/ozone/hadoop-ozone/integration-test/target/test-dir/MiniOzoneClusterImpl-cbda0cd1-5e50-4c9a-9fd3-3711af7baf07/datanode-0/data/ratis/4d2bf946-c585-417a-8ae1-6ddb49dbe31f/in_use.lock acquired by nodename 9193@fv-az240-684
2023-04-27 19:25:01,824 [pool-101-thread-1] INFO  server.RaftServer$Division (RaftServerImpl.java:start(334)) - f6c59282-8b8b-4bc6-9a7f-0a226baa887b@group-6DDB49DBE31F: start as a follower, conf=-1: peers:[b8a2b3ae-f6d1-4c33-80c4-6391c5d511a4|rpc:10.1.0.191:34305|dataStream:10.1.0.191:43589|priority:0|startupRole:FOLLOWER, b541e7ff-e94a-40bd-b2ad-c5dbbcbc2c5b|rpc:10.1.0.191:33317|dataStream:10.1.0.191:44131|priority:1|startupRole:FOLLOWER, f6c59282-8b8b-4bc6-9a7f-0a226baa887b|rpc:10.1.0.191:43027|dataStream:10.1.0.191:39765|priority:0|startupRole:FOLLOWER]|listeners:[], old=null
2023-04-27 19:25:01,824 [pool-101-thread-1] INFO  server.RaftServer$Division (RaftServerImpl.java:setRole(321)) - f6c59282-8b8b-4bc6-9a7f-0a226baa887b@group-6DDB49DBE31F: changes role from      null to FOLLOWER at term 0 for startAsFollower
2023-04-27 19:25:01,824 [pool-101-thread-1] INFO  impl.RoleInfo (RoleInfo.java:updateAndGet(139)) - f6c59282-8b8b-4bc6-9a7f-0a226baa887b: start f6c59282-8b8b-4bc6-9a7f-0a226baa887b@group-6DDB49DBE31F-FollowerState
2023-04-27 19:25:01,825 [pool-101-thread-1] INFO  util.JmxRegister (JmxRegister.java:tryRegister(44)) - Successfully registered JMX Bean with object name Ratis:service=RaftServer,group=group-6DDB49DBE31F,id=f6c59282-8b8b-4bc6-9a7f-0a226baa887b
2023-04-27 19:25:01,825 [pool-101-thread-1] INFO  server.RaftServerConfigKeys (ConfUtils.java:logGet(46)) - raft.server.snapshot.auto.trigger.enabled = true (custom)
2023-04-27 19:25:01,825 [pool-101-thread-1] INFO  server.RaftServerConfigKeys (ConfUtils.java:logGet(46)) - raft.server.snapshot.auto.trigger.threshold = 10000 (custom)
2023-04-27 19:25:01,825 [pool-101-thread-1] INFO  server.RaftServerConfigKeys (ConfUtils.java:logGet(46)) - raft.server.snapshot.retention.file.num = 5 (custom)
2023-04-27 19:25:01,825 [pool-101-thread-1] INFO  server.RaftServerConfigKeys (ConfUtils.java:logGet(46)) - raft.server.log.purge.upto.snapshot.index = false (default)
2023-04-27 19:25:01,826 [pool-79-thread-1] INFO  storage.RaftStorage (RaftStorageImpl.java:format(96)) - Storage directory /home/runner/work/ozone/ozone/hadoop-ozone/integration-test/target/test-dir/MiniOzoneClusterImpl-cbda0cd1-5e50-4c9a-9fd3-3711af7baf07/datanode-0/data/ratis/4d2bf946-c585-417a-8ae1-6ddb49dbe31f has been successfully formatted.
2023-04-27 19:25:01,834 [pool-79-thread-1] INFO  ratis.ContainerStateMachine (ContainerStateMachine.java:loadSnapshot(262)) - group-6DDB49DBE31F: The snapshot info is null. Setting the last applied indexto:(t:0, i:~)
2023-04-27 19:25:01,834 [pool-79-thread-1] INFO  server.RaftServerConfigKeys (ConfUtils.java:logGet(46)) - raft.server.log.use.memory = false (default)
2023-04-27 19:25:01,834 [pool-79-thread-1] INFO  server.RaftServerConfigKeys (ConfUtils.java:logGet(46)) - raft.server.log.purge.gap = 1000000 (custom)
2023-04-27 19:25:01,834 [pool-79-thread-1] INFO  server.RaftServerConfigKeys (ConfUtils.java:logGet(46)) - raft.server.log.appender.buffer.byte-limit = 33554432 (custom)
2023-04-27 19:25:01,834 [pool-79-thread-1] INFO  server.RaftServerConfigKeys (ConfUtils.java:logGet(46)) - raft.server.log.statemachine.data.read.timeout = 1000ms (default)
2023-04-27 19:25:01,835 [pool-79-thread-1] INFO  server.RaftServerConfigKeys (ConfUtils.java:logGet(46)) - raft.server.log.purge.preservation.log.num = 0 (default)
2023-04-27 19:25:01,835 [pool-79-thread-1] INFO  server.RaftServerConfigKeys (ConfUtils.java:logGet(46)) - raft.server.log.segment.size.max = 1048576 (custom)
2023-04-27 19:25:01,835 [pool-79-thread-1] INFO  server.RaftServerConfigKeys (ConfUtils.java:logGet(46)) - raft.server.log.segment.cache.num.max = 2 (custom)
2023-04-27 19:25:01,835 [pool-79-thread-1] INFO  server.RaftServerConfigKeys (ConfUtils.java:logGet(46)) - raft.server.log.segment.cache.size.max = 200MB (=209715200) (default)
2023-04-27 19:25:01,835 [pool-79-thread-1] INFO  segmented.SegmentedRaftLogWorker (SegmentedRaftLogWorker.java:<init>(189)) - new b541e7ff-e94a-40bd-b2ad-c5dbbcbc2c5b@group-6DDB49DBE31F-SegmentedRaftLogWorker for RaftStorageImpl:Storage Directory /home/runner/work/ozone/ozone/hadoop-ozone/integration-test/target/test-dir/MiniOzoneClusterImpl-cbda0cd1-5e50-4c9a-9fd3-3711af7baf07/datanode-0/data/ratis/4d2bf946-c585-417a-8ae1-6ddb49dbe31f
2023-04-27 19:25:01,835 [pool-79-thread-1] INFO  server.RaftServerConfigKeys (ConfUtils.java:logGet(46)) - raft.server.log.queue.byte-limit = 4294967296 (custom)
2023-04-27 19:25:01,835 [pool-79-thread-1] INFO  server.RaftServerConfigKeys (ConfUtils.java:logGet(46)) - raft.server.log.queue.element-limit = 1024 (custom)
2023-04-27 19:25:01,835 [pool-79-thread-1] INFO  server.RaftServerConfigKeys (ConfUtils.java:logGet(46)) - raft.server.log.segment.size.max = 1048576 (custom)
2023-04-27 19:25:01,835 [pool-79-thread-1] INFO  server.RaftServerConfigKeys (ConfUtils.java:logGet(46)) - raft.server.log.preallocated.size = 16384 (custom)
2023-04-27 19:25:01,836 [pool-79-thread-1] INFO  server.RaftServerConfigKeys (ConfUtils.java:logGet(46)) - raft.server.log.force.sync.num = 128 (default)
2023-04-27 19:25:01,836 [pool-79-thread-1] INFO  server.RaftServerConfigKeys (ConfUtils.java:logGet(46)) - raft.server.log.statemachine.data.sync = true (default)
2023-04-27 19:25:01,836 [pool-79-thread-1] INFO  server.RaftServerConfigKeys (ConfUtils.java:logGet(46)) - raft.server.log.statemachine.data.sync.timeout = 10s (default)
2023-04-27 19:25:01,836 [pool-79-thread-1] INFO  server.RaftServerConfigKeys (ConfUtils.java:logGet(46)) - raft.server.log.statemachine.data.sync.timeout.retry = -1 (default)
2023-04-27 19:25:01,833 [Command processor thread] INFO  ratis.XceiverServerRatis (XceiverServerRatis.java:addGroup(806)) - Created group PipelineID=4d2bf946-c585-417a-8ae1-6ddb49dbe31f
2023-04-27 19:25:01,826 [f6c59282-8b8b-4bc6-9a7f-0a226baa887b@group-6DDB49DBE31F-FollowerState] INFO  server.RaftServerConfigKeys (ConfUtils.java:logFallback(53)) - raft.server.rpc.first-election.timeout.min = 5s (fallback to raft.server.rpc.timeout.min)
2023-04-27 19:25:01,842 [f6c59282-8b8b-4bc6-9a7f-0a226baa887b@group-6DDB49DBE31F-FollowerState] INFO  server.RaftServerConfigKeys (ConfUtils.java:logFallback(53)) - raft.server.rpc.first-election.timeout.max = 5200ms (fallback to raft.server.rpc.timeout.max)
2023-04-27 19:25:01,844 [pool-79-thread-1] INFO  server.RaftServerConfigKeys (ConfUtils.java:logGet(46)) - raft.server.log.write.buffer.size = 1048576 (custom)
2023-04-27 19:25:01,845 [pool-79-thread-1] INFO  server.RaftServerConfigKeys (ConfUtils.java:logGet(46)) - raft.server.log.appender.buffer.byte-limit = 33554432 (custom)
2023-04-27 19:25:01,851 [pool-79-thread-1] INFO  server.RaftServerConfigKeys (ConfUtils.java:logGet(46)) - raft.server.log.unsafe-flush.enabled = false (default)
2023-04-27 19:25:01,851 [pool-79-thread-1] INFO  server.RaftServerConfigKeys (ConfUtils.java:logGet(46)) - raft.server.log.async-flush.enabled = false (default)
2023-04-27 19:25:01,851 [pool-79-thread-1] INFO  server.RaftServerConfigKeys (ConfUtils.java:logGet(46)) - raft.server.log.statemachine.data.caching.enabled = true (custom)
2023-04-27 19:25:01,862 [EventQueue-OpenPipelineForHealthyPipelineSafeModeRule] INFO  safemode.SCMSafeModeManager (HealthyPipelineSafeModeRule.java:process(137)) - SCM in safe mode. Healthy pipelines reported count is 0, required healthy pipeline reported count is 1
2023-04-27 19:25:01,863 [pool-79-thread-1] INFO  segmented.SegmentedRaftLogWorker (SegmentedRaftLogWorker.java:lambda$new$0(135)) - b541e7ff-e94a-40bd-b2ad-c5dbbcbc2c5b@group-6DDB49DBE31F-SegmentedRaftLogWorker: flushIndex: setUnconditionally 0 -> -1
2023-04-27 19:25:01,863 [pool-79-thread-1] INFO  segmented.SegmentedRaftLogWorker (SegmentedRaftLogWorker.java:lambda$new$0(135)) - b541e7ff-e94a-40bd-b2ad-c5dbbcbc2c5b@group-6DDB49DBE31F-SegmentedRaftLogWorker: safeCacheEvictIndex: setUnconditionally 0 -> -1
2023-04-27 19:25:01,869 [pool-79-thread-1] INFO  server.RaftServer$Division (RaftServerImpl.java:start(334)) - b541e7ff-e94a-40bd-b2ad-c5dbbcbc2c5b@group-6DDB49DBE31F: start as a follower, conf=-1: peers:[b8a2b3ae-f6d1-4c33-80c4-6391c5d511a4|rpc:10.1.0.191:34305|dataStream:10.1.0.191:43589|priority:0|startupRole:FOLLOWER, b541e7ff-e94a-40bd-b2ad-c5dbbcbc2c5b|rpc:10.1.0.191:33317|dataStream:10.1.0.191:44131|priority:1|startupRole:FOLLOWER, f6c59282-8b8b-4bc6-9a7f-0a226baa887b|rpc:10.1.0.191:43027|dataStream:10.1.0.191:39765|priority:0|startupRole:FOLLOWER]|listeners:[], old=null
2023-04-27 19:25:01,869 [pool-79-thread-1] INFO  server.RaftServer$Division (RaftServerImpl.java:setRole(321)) - b541e7ff-e94a-40bd-b2ad-c5dbbcbc2c5b@group-6DDB49DBE31F: changes role from      null to FOLLOWER at term 0 for startAsFollower
2023-04-27 19:25:01,869 [pool-79-thread-1] INFO  impl.RoleInfo (RoleInfo.java:updateAndGet(139)) - b541e7ff-e94a-40bd-b2ad-c5dbbcbc2c5b: start b541e7ff-e94a-40bd-b2ad-c5dbbcbc2c5b@group-6DDB49DBE31F-FollowerState
2023-04-27 19:25:01,872 [pool-79-thread-1] INFO  util.JmxRegister (JmxRegister.java:tryRegister(44)) - Successfully registered JMX Bean with object name Ratis:service=RaftServer,group=group-6DDB49DBE31F,id=b541e7ff-e94a-40bd-b2ad-c5dbbcbc2c5b
2023-04-27 19:25:01,872 [pool-79-thread-1] INFO  server.RaftServerConfigKeys (ConfUtils.java:logGet(46)) - raft.server.snapshot.auto.trigger.enabled = true (custom)
2023-04-27 19:25:01,872 [pool-79-thread-1] INFO  server.RaftServerConfigKeys (ConfUtils.java:logGet(46)) - raft.server.snapshot.auto.trigger.threshold = 10000 (custom)
2023-04-27 19:25:01,872 [pool-79-thread-1] INFO  server.RaftServerConfigKeys (ConfUtils.java:logGet(46)) - raft.server.snapshot.retention.file.num = 5 (custom)
2023-04-27 19:25:01,872 [pool-79-thread-1] INFO  server.RaftServerConfigKeys (ConfUtils.java:logGet(46)) - raft.server.log.purge.upto.snapshot.index = false (default)
2023-04-27 19:25:01,872 [b541e7ff-e94a-40bd-b2ad-c5dbbcbc2c5b@group-6DDB49DBE31F-FollowerState] INFO  server.RaftServerConfigKeys (ConfUtils.java:logFallback(53)) - raft.server.rpc.first-election.timeout.min = 5s (fallback to raft.server.rpc.timeout.min)
2023-04-27 19:25:01,877 [Command processor thread] INFO  ratis.XceiverServerRatis (XceiverServerRatis.java:addGroup(806)) - Created group PipelineID=4d2bf946-c585-417a-8ae1-6ddb49dbe31f
2023-04-27 19:25:01,880 [b541e7ff-e94a-40bd-b2ad-c5dbbcbc2c5b@group-6DDB49DBE31F-FollowerState] INFO  server.RaftServerConfigKeys (ConfUtils.java:logFallback(53)) - raft.server.rpc.first-election.timeout.max = 5200ms (fallback to raft.server.rpc.timeout.max)
2023-04-27 19:25:01,978 [grpc-default-executor-0] INFO  server.RaftServer (RaftServerProxy.java:addNew(96)) - b8a2b3ae-f6d1-4c33-80c4-6391c5d511a4: addNew group-6DDB49DBE31F:[b8a2b3ae-f6d1-4c33-80c4-6391c5d511a4|rpc:10.1.0.191:34305|dataStream:10.1.0.191:43589|priority:0|startupRole:FOLLOWER, b541e7ff-e94a-40bd-b2ad-c5dbbcbc2c5b|rpc:10.1.0.191:33317|dataStream:10.1.0.191:44131|priority:1|startupRole:FOLLOWER, f6c59282-8b8b-4bc6-9a7f-0a226baa887b|rpc:10.1.0.191:43027|dataStream:10.1.0.191:39765|priority:0|startupRole:FOLLOWER] returns group-6DDB49DBE31F:java.util.concurrent.CompletableFuture@517dec85[Not completed]
2023-04-27 19:25:01,979 [pool-123-thread-1] INFO  server.RaftServer$Division (RaftServerImpl.java:<init>(195)) - b8a2b3ae-f6d1-4c33-80c4-6391c5d511a4: new RaftServerImpl for group-6DDB49DBE31F:[b8a2b3ae-f6d1-4c33-80c4-6391c5d511a4|rpc:10.1.0.191:34305|dataStream:10.1.0.191:43589|priority:0|startupRole:FOLLOWER, b541e7ff-e94a-40bd-b2ad-c5dbbcbc2c5b|rpc:10.1.0.191:33317|dataStream:10.1.0.191:44131|priority:1|startupRole:FOLLOWER, f6c59282-8b8b-4bc6-9a7f-0a226baa887b|rpc:10.1.0.191:43027|dataStream:10.1.0.191:39765|priority:0|startupRole:FOLLOWER] with ContainerStateMachine:uninitialized
2023-04-27 19:25:01,979 [pool-123-thread-1] INFO  server.RaftServerConfigKeys (ConfUtils.java:logGet(46)) - raft.server.rpc.timeout.min = 5s (custom)
2023-04-27 19:25:01,979 [pool-123-thread-1] INFO  server.RaftServerConfigKeys (ConfUtils.java:logGet(46)) - raft.server.rpc.timeout.max = 5200ms (custom)
2023-04-27 19:25:01,979 [pool-123-thread-1] INFO  server.RaftServerConfigKeys (ConfUtils.java:logGet(46)) - raft.server.rpc.sleep.time = 25ms (default)
2023-04-27 19:25:01,979 [pool-123-thread-1] INFO  server.RaftServerConfigKeys (ConfUtils.java:logGet(46)) - raft.server.rpc.slowness.timeout = 300s (custom)
2023-04-27 19:25:01,979 [pool-123-thread-1] INFO  server.RaftServerConfigKeys (ConfUtils.java:logGet(46)) - raft.server.leaderelection.leader.step-down.wait-time = 10s (default)
2023-04-27 19:25:01,979 [pool-123-thread-1] INFO  server.RaftServerConfigKeys (ConfUtils.java:logGet(46)) - raft.server.sleep.deviation.threshold = 300ms (default)
2023-04-27 19:25:01,980 [pool-123-thread-1] INFO  server.RaftServer$Division (ServerState.java:<init>(118)) - b8a2b3ae-f6d1-4c33-80c4-6391c5d511a4@group-6DDB49DBE31F: ConfigurationManager, init=-1: peers:[b8a2b3ae-f6d1-4c33-80c4-6391c5d511a4|rpc:10.1.0.191:34305|dataStream:10.1.0.191:43589|priority:0|startupRole:FOLLOWER, b541e7ff-e94a-40bd-b2ad-c5dbbcbc2c5b|rpc:10.1.0.191:33317|dataStream:10.1.0.191:44131|priority:1|startupRole:FOLLOWER, f6c59282-8b8b-4bc6-9a7f-0a226baa887b|rpc:10.1.0.191:43027|dataStream:10.1.0.191:39765|priority:0|startupRole:FOLLOWER]|listeners:[], old=null, confs=<EMPTY_MAP>
2023-04-27 19:25:01,980 [pool-123-thread-1] INFO  server.RaftServerConfigKeys (ConfUtils.java:logGet(46)) - raft.server.storage.dir = [/home/runner/work/ozone/ozone/hadoop-ozone/integration-test/target/test-dir/MiniOzoneClusterImpl-cbda0cd1-5e50-4c9a-9fd3-3711af7baf07/datanode-2/data/ratis] (custom)
2023-04-27 19:25:01,980 [pool-123-thread-1] INFO  server.RaftServerConfigKeys (ConfUtils.java:logGet(46)) - raft.server.log.corruption.policy = EXCEPTION (default)
2023-04-27 19:25:01,980 [pool-123-thread-1] INFO  server.RaftServerConfigKeys (ConfUtils.java:logGet(46)) - raft.server.storage.free-space.min = 0MB (=0) (default)
2023-04-27 19:25:01,980 [pool-123-thread-1] INFO  server.RaftServerConfigKeys (ConfUtils.java:logGet(46)) - raft.server.notification.no-leader.timeout = 300s (custom)
2023-04-27 19:25:01,980 [pool-123-thread-1] INFO  server.RaftServerConfigKeys (ConfUtils.java:logGet(46)) - raft.server.retrycache.expirytime = 600000ms (custom)
2023-04-27 19:25:01,980 [pool-123-thread-1] INFO  server.RaftServerConfigKeys (ConfUtils.java:logGet(46)) - raft.server.retrycache.statistics.expirytime = 100μs (default)
2023-04-27 19:25:01,981 [pool-123-thread-1] INFO  server.RaftServerConfigKeys (ConfUtils.java:logGet(46)) - raft.server.log.appender.install.snapshot.enabled = false (custom)
2023-04-27 19:25:01,981 [pool-123-thread-1] INFO  server.RaftServerConfigKeys (ConfUtils.java:logGet(46)) - raft.server.threadpool.server.cached = true (default)
2023-04-27 19:25:01,981 [pool-123-thread-1] INFO  server.RaftServerConfigKeys (ConfUtils.java:logGet(46)) - raft.server.threadpool.server.size = 0 (default)
2023-04-27 19:25:01,981 [pool-123-thread-1] INFO  server.RaftServerConfigKeys (ConfUtils.java:logGet(46)) - raft.server.threadpool.client.cached = true (default)
2023-04-27 19:25:01,981 [pool-123-thread-1] INFO  server.RaftServerConfigKeys (ConfUtils.java:logGet(46)) - raft.server.threadpool.client.size = 0 (default)
2023-04-27 19:25:01,982 [pool-123-thread-1] INFO  storage.RaftStorageDirectory (RaftStorageDirectoryImpl.java:analyzeStorage(137)) - The storage directory /home/runner/work/ozone/ozone/hadoop-ozone/integration-test/target/test-dir/MiniOzoneClusterImpl-cbda0cd1-5e50-4c9a-9fd3-3711af7baf07/datanode-2/data/ratis/4d2bf946-c585-417a-8ae1-6ddb49dbe31f does not exist. Creating ...
2023-04-27 19:25:01,984 [pool-123-thread-1] INFO  storage.RaftStorageDirectory (RaftStorageDirectoryImpl.java:tryLock(231)) - Lock on /home/runner/work/ozone/ozone/hadoop-ozone/integration-test/target/test-dir/MiniOzoneClusterImpl-cbda0cd1-5e50-4c9a-9fd3-3711af7baf07/datanode-2/data/ratis/4d2bf946-c585-417a-8ae1-6ddb49dbe31f/in_use.lock acquired by nodename 9193@fv-az240-684
2023-04-27 19:25:01,992 [pool-123-thread-1] INFO  storage.RaftStorage (RaftStorageImpl.java:format(96)) - Storage directory /home/runner/work/ozone/ozone/hadoop-ozone/integration-test/target/test-dir/MiniOzoneClusterImpl-cbda0cd1-5e50-4c9a-9fd3-3711af7baf07/datanode-2/data/ratis/4d2bf946-c585-417a-8ae1-6ddb49dbe31f has been successfully formatted.
2023-04-27 19:25:01,993 [pool-123-thread-1] INFO  ratis.ContainerStateMachine (ContainerStateMachine.java:loadSnapshot(262)) - group-6DDB49DBE31F: The snapshot info is null. Setting the last applied indexto:(t:0, i:~)
2023-04-27 19:25:01,993 [pool-123-thread-1] INFO  server.RaftServerConfigKeys (ConfUtils.java:logGet(46)) - raft.server.log.use.memory = false (default)
2023-04-27 19:25:01,993 [pool-123-thread-1] INFO  server.RaftServerConfigKeys (ConfUtils.java:logGet(46)) - raft.server.log.purge.gap = 1000000 (custom)
2023-04-27 19:25:01,993 [pool-123-thread-1] INFO  server.RaftServerConfigKeys (ConfUtils.java:logGet(46)) - raft.server.log.appender.buffer.byte-limit = 33554432 (custom)
2023-04-27 19:25:01,993 [pool-123-thread-1] INFO  server.RaftServerConfigKeys (ConfUtils.java:logGet(46)) - raft.server.log.statemachine.data.read.timeout = 1000ms (default)
2023-04-27 19:25:01,994 [pool-123-thread-1] INFO  server.RaftServerConfigKeys (ConfUtils.java:logGet(46)) - raft.server.log.purge.preservation.log.num = 0 (default)
2023-04-27 19:25:01,997 [pool-123-thread-1] INFO  server.RaftServerConfigKeys (ConfUtils.java:logGet(46)) - raft.server.log.segment.size.max = 1048576 (custom)
2023-04-27 19:25:01,997 [pool-123-thread-1] INFO  server.RaftServerConfigKeys (ConfUtils.java:logGet(46)) - raft.server.log.segment.cache.num.max = 2 (custom)
2023-04-27 19:25:01,997 [pool-123-thread-1] INFO  server.RaftServerConfigKeys (ConfUtils.java:logGet(46)) - raft.server.log.segment.cache.size.max = 200MB (=209715200) (default)
2023-04-27 19:25:01,997 [pool-123-thread-1] INFO  segmented.SegmentedRaftLogWorker (SegmentedRaftLogWorker.java:<init>(189)) - new b8a2b3ae-f6d1-4c33-80c4-6391c5d511a4@group-6DDB49DBE31F-SegmentedRaftLogWorker for RaftStorageImpl:Storage Directory /home/runner/work/ozone/ozone/hadoop-ozone/integration-test/target/test-dir/MiniOzoneClusterImpl-cbda0cd1-5e50-4c9a-9fd3-3711af7baf07/datanode-2/data/ratis/4d2bf946-c585-417a-8ae1-6ddb49dbe31f
2023-04-27 19:25:01,997 [pool-123-thread-1] INFO  server.RaftServerConfigKeys (ConfUtils.java:logGet(46)) - raft.server.log.queue.byte-limit = 4294967296 (custom)
2023-04-27 19:25:01,997 [pool-123-thread-1] INFO  server.RaftServerConfigKeys (ConfUtils.java:logGet(46)) - raft.server.log.queue.element-limit = 1024 (custom)
2023-04-27 19:25:01,998 [pool-123-thread-1] INFO  server.RaftServerConfigKeys (ConfUtils.java:logGet(46)) - raft.server.log.segment.size.max = 1048576 (custom)
2023-04-27 19:25:01,998 [pool-123-thread-1] INFO  server.RaftServerConfigKeys (ConfUtils.java:logGet(46)) - raft.server.log.preallocated.size = 16384 (custom)
2023-04-27 19:25:01,998 [pool-123-thread-1] INFO  server.RaftServerConfigKeys (ConfUtils.java:logGet(46)) - raft.server.log.force.sync.num = 128 (default)
2023-04-27 19:25:01,998 [pool-123-thread-1] INFO  server.RaftServerConfigKeys (ConfUtils.java:logGet(46)) - raft.server.log.statemachine.data.sync = true (default)
2023-04-27 19:25:01,998 [pool-123-thread-1] INFO  server.RaftServerConfigKeys (ConfUtils.java:logGet(46)) - raft.server.log.statemachine.data.sync.timeout = 10s (default)
2023-04-27 19:25:01,998 [pool-123-thread-1] INFO  server.RaftServerConfigKeys (ConfUtils.java:logGet(46)) - raft.server.log.statemachine.data.sync.timeout.retry = -1 (default)
2023-04-27 19:25:01,999 [pool-123-thread-1] INFO  server.RaftServerConfigKeys (ConfUtils.java:logGet(46)) - raft.server.log.write.buffer.size = 1048576 (custom)
2023-04-27 19:25:02,003 [pool-123-thread-1] INFO  server.RaftServerConfigKeys (ConfUtils.java:logGet(46)) - raft.server.log.appender.buffer.byte-limit = 33554432 (custom)
2023-04-27 19:25:02,008 [pool-123-thread-1] INFO  server.RaftServerConfigKeys (ConfUtils.java:logGet(46)) - raft.server.log.unsafe-flush.enabled = false (default)
2023-04-27 19:25:02,008 [pool-123-thread-1] INFO  server.RaftServerConfigKeys (ConfUtils.java:logGet(46)) - raft.server.log.async-flush.enabled = false (default)
2023-04-27 19:25:02,008 [pool-123-thread-1] INFO  server.RaftServerConfigKeys (ConfUtils.java:logGet(46)) - raft.server.log.statemachine.data.caching.enabled = true (custom)
2023-04-27 19:25:02,009 [pool-123-thread-1] INFO  segmented.SegmentedRaftLogWorker (SegmentedRaftLogWorker.java:lambda$new$0(135)) - b8a2b3ae-f6d1-4c33-80c4-6391c5d511a4@group-6DDB49DBE31F-SegmentedRaftLogWorker: flushIndex: setUnconditionally 0 -> -1
2023-04-27 19:25:02,009 [pool-123-thread-1] INFO  segmented.SegmentedRaftLogWorker (SegmentedRaftLogWorker.java:lambda$new$0(135)) - b8a2b3ae-f6d1-4c33-80c4-6391c5d511a4@group-6DDB49DBE31F-SegmentedRaftLogWorker: safeCacheEvictIndex: setUnconditionally 0 -> -1
2023-04-27 19:25:02,022 [Command processor thread] INFO  commandhandler.CreatePipelineCommandHandler (CreatePipelineCommandHandler.java:handle(113)) - Created Pipeline RATIS THREE PipelineID=4d2bf946-c585-417a-8ae1-6ddb49dbe31f.
2023-04-27 19:25:02,027 [pool-123-thread-1] INFO  server.RaftServer$Division (RaftServerImpl.java:start(334)) - b8a2b3ae-f6d1-4c33-80c4-6391c5d511a4@group-6DDB49DBE31F: start as a follower, conf=-1: peers:[b8a2b3ae-f6d1-4c33-80c4-6391c5d511a4|rpc:10.1.0.191:34305|dataStream:10.1.0.191:43589|priority:0|startupRole:FOLLOWER, b541e7ff-e94a-40bd-b2ad-c5dbbcbc2c5b|rpc:10.1.0.191:33317|dataStream:10.1.0.191:44131|priority:1|startupRole:FOLLOWER, f6c59282-8b8b-4bc6-9a7f-0a226baa887b|rpc:10.1.0.191:43027|dataStream:10.1.0.191:39765|priority:0|startupRole:FOLLOWER]|listeners:[], old=null
2023-04-27 19:25:02,028 [pool-123-thread-1] INFO  server.RaftServer$Division (RaftServerImpl.java:setRole(321)) - b8a2b3ae-f6d1-4c33-80c4-6391c5d511a4@group-6DDB49DBE31F: changes role from      null to FOLLOWER at term 0 for startAsFollower
2023-04-27 19:25:02,029 [pool-123-thread-1] INFO  impl.RoleInfo (RoleInfo.java:updateAndGet(139)) - b8a2b3ae-f6d1-4c33-80c4-6391c5d511a4: start b8a2b3ae-f6d1-4c33-80c4-6391c5d511a4@group-6DDB49DBE31F-FollowerState
2023-04-27 19:25:02,031 [pool-123-thread-1] INFO  util.JmxRegister (JmxRegister.java:tryRegister(44)) - Successfully registered JMX Bean with object name Ratis:service=RaftServer,group=group-6DDB49DBE31F,id=b8a2b3ae-f6d1-4c33-80c4-6391c5d511a4
2023-04-27 19:25:02,031 [pool-123-thread-1] INFO  server.RaftServerConfigKeys (ConfUtils.java:logGet(46)) - raft.server.snapshot.auto.trigger.enabled = true (custom)
2023-04-27 19:25:02,031 [pool-123-thread-1] INFO  server.RaftServerConfigKeys (ConfUtils.java:logGet(46)) - raft.server.snapshot.auto.trigger.threshold = 10000 (custom)
2023-04-27 19:25:02,031 [pool-123-thread-1] INFO  server.RaftServerConfigKeys (ConfUtils.java:logGet(46)) - raft.server.snapshot.retention.file.num = 5 (custom)
2023-04-27 19:25:02,031 [pool-123-thread-1] INFO  server.RaftServerConfigKeys (ConfUtils.java:logGet(46)) - raft.server.log.purge.upto.snapshot.index = false (default)
2023-04-27 19:25:02,032 [b8a2b3ae-f6d1-4c33-80c4-6391c5d511a4@group-6DDB49DBE31F-FollowerState] INFO  server.RaftServerConfigKeys (ConfUtils.java:logFallback(53)) - raft.server.rpc.first-election.timeout.min = 5s (fallback to raft.server.rpc.timeout.min)
2023-04-27 19:25:02,036 [b8a2b3ae-f6d1-4c33-80c4-6391c5d511a4@group-6DDB49DBE31F-FollowerState] INFO  server.RaftServerConfigKeys (ConfUtils.java:logFallback(53)) - raft.server.rpc.first-election.timeout.max = 5200ms (fallback to raft.server.rpc.timeout.max)
2023-04-27 19:25:02,045 [Command processor thread] INFO  commandhandler.CreatePipelineCommandHandler (CreatePipelineCommandHandler.java:handle(113)) - Created Pipeline RATIS THREE PipelineID=4d2bf946-c585-417a-8ae1-6ddb49dbe31f.
2023-04-27 19:25:02,107 [Command processor thread] INFO  server.RaftServer (RaftServerProxy.java:addNew(96)) - b8a2b3ae-f6d1-4c33-80c4-6391c5d511a4: addNew group-C8B5D071AE8B:[b8a2b3ae-f6d1-4c33-80c4-6391c5d511a4|rpc:10.1.0.191:34305|dataStream:10.1.0.191:43589|priority:1|startupRole:FOLLOWER] returns group-C8B5D071AE8B:java.util.concurrent.CompletableFuture@78f20218[Not completed]
2023-04-27 19:25:02,108 [pool-123-thread-1] INFO  server.RaftServer$Division (RaftServerImpl.java:<init>(195)) - b8a2b3ae-f6d1-4c33-80c4-6391c5d511a4: new RaftServerImpl for group-C8B5D071AE8B:[b8a2b3ae-f6d1-4c33-80c4-6391c5d511a4|rpc:10.1.0.191:34305|dataStream:10.1.0.191:43589|priority:1|startupRole:FOLLOWER] with ContainerStateMachine:uninitialized
2023-04-27 19:25:02,109 [pool-123-thread-1] INFO  server.RaftServerConfigKeys (ConfUtils.java:logGet(46)) - raft.server.rpc.timeout.min = 5s (custom)
2023-04-27 19:25:02,109 [pool-123-thread-1] INFO  server.RaftServerConfigKeys (ConfUtils.java:logGet(46)) - raft.server.rpc.timeout.max = 5200ms (custom)
2023-04-27 19:25:02,109 [pool-123-thread-1] INFO  server.RaftServerConfigKeys (ConfUtils.java:logGet(46)) - raft.server.rpc.sleep.time = 25ms (default)
2023-04-27 19:25:02,109 [pool-123-thread-1] INFO  server.RaftServerConfigKeys (ConfUtils.java:logGet(46)) - raft.server.rpc.slowness.timeout = 300s (custom)
2023-04-27 19:25:02,109 [pool-123-thread-1] INFO  server.RaftServerConfigKeys (ConfUtils.java:logGet(46)) - raft.server.leaderelection.leader.step-down.wait-time = 10s (default)
2023-04-27 19:25:02,109 [pool-123-thread-1] INFO  server.RaftServerConfigKeys (ConfUtils.java:logGet(46)) - raft.server.sleep.deviation.threshold = 300ms (default)
2023-04-27 19:25:02,109 [pool-123-thread-1] INFO  server.RaftServer$Division (ServerState.java:<init>(118)) - b8a2b3ae-f6d1-4c33-80c4-6391c5d511a4@group-C8B5D071AE8B: ConfigurationManager, init=-1: peers:[b8a2b3ae-f6d1-4c33-80c4-6391c5d511a4|rpc:10.1.0.191:34305|dataStream:10.1.0.191:43589|priority:1|startupRole:FOLLOWER]|listeners:[], old=null, confs=<EMPTY_MAP>
2023-04-27 19:25:02,109 [pool-123-thread-1] INFO  server.RaftServerConfigKeys (ConfUtils.java:logGet(46)) - raft.server.storage.dir = [/home/runner/work/ozone/ozone/hadoop-ozone/integration-test/target/test-dir/MiniOzoneClusterImpl-cbda0cd1-5e50-4c9a-9fd3-3711af7baf07/datanode-2/data/ratis] (custom)
2023-04-27 19:25:02,109 [pool-123-thread-1] INFO  server.RaftServerConfigKeys (ConfUtils.java:logGet(46)) - raft.server.log.corruption.policy = EXCEPTION (default)
2023-04-27 19:25:02,109 [pool-123-thread-1] INFO  server.RaftServerConfigKeys (ConfUtils.java:logGet(46)) - raft.server.storage.free-space.min = 0MB (=0) (default)
2023-04-27 19:25:02,110 [pool-123-thread-1] INFO  server.RaftServerConfigKeys (ConfUtils.java:logGet(46)) - raft.server.notification.no-leader.timeout = 300s (custom)
2023-04-27 19:25:02,110 [pool-123-thread-1] INFO  server.RaftServerConfigKeys (ConfUtils.java:logGet(46)) - raft.server.retrycache.expirytime = 600000ms (custom)
2023-04-27 19:25:02,110 [pool-123-thread-1] INFO  server.RaftServerConfigKeys (ConfUtils.java:logGet(46)) - raft.server.retrycache.statistics.expirytime = 100μs (default)
2023-04-27 19:25:02,111 [pool-123-thread-1] INFO  server.RaftServerConfigKeys (ConfUtils.java:logGet(46)) - raft.server.log.appender.install.snapshot.enabled = false (custom)
2023-04-27 19:25:02,111 [pool-123-thread-1] INFO  server.RaftServerConfigKeys (ConfUtils.java:logGet(46)) - raft.server.threadpool.server.cached = true (default)
2023-04-27 19:25:02,111 [pool-123-thread-1] INFO  server.RaftServerConfigKeys (ConfUtils.java:logGet(46)) - raft.server.threadpool.server.size = 0 (default)
2023-04-27 19:25:02,111 [pool-123-thread-1] INFO  server.RaftServerConfigKeys (ConfUtils.java:logGet(46)) - raft.server.threadpool.client.cached = true (default)
2023-04-27 19:25:02,111 [pool-123-thread-1] INFO  server.RaftServerConfigKeys (ConfUtils.java:logGet(46)) - raft.server.threadpool.client.size = 0 (default)
2023-04-27 19:25:02,111 [pool-123-thread-1] INFO  storage.RaftStorageDirectory (RaftStorageDirectoryImpl.java:analyzeStorage(137)) - The storage directory /home/runner/work/ozone/ozone/hadoop-ozone/integration-test/target/test-dir/MiniOzoneClusterImpl-cbda0cd1-5e50-4c9a-9fd3-3711af7baf07/datanode-2/data/ratis/946752dc-8084-4833-b690-c8b5d071ae8b does not exist. Creating ...
2023-04-27 19:25:02,113 [Listener at 127.0.0.1/40321] INFO  ozone.MiniOzoneClusterImpl (MiniOzoneClusterImpl.java:lambda$waitForClusterToBeReady$0(223)) - Nodes are ready. Got 3 of 3 DN Heartbeats.
2023-04-27 19:25:02,113 [Listener at 127.0.0.1/40321] INFO  ozone.MiniOzoneClusterImpl (MiniOzoneClusterImpl.java:lambda$waitForClusterToBeReady$0(226)) - Waiting for cluster to exit safe mode
2023-04-27 19:25:02,114 [Listener at 127.0.0.1/40321] INFO  ozone.MiniOzoneClusterImpl (MiniOzoneClusterImpl.java:lambda$waitForClusterToBeReady$0(228)) - SCM became leader
2023-04-27 19:25:02,114 [pool-123-thread-1] INFO  storage.RaftStorageDirectory (RaftStorageDirectoryImpl.java:tryLock(231)) - Lock on /home/runner/work/ozone/ozone/hadoop-ozone/integration-test/target/test-dir/MiniOzoneClusterImpl-cbda0cd1-5e50-4c9a-9fd3-3711af7baf07/datanode-2/data/ratis/946752dc-8084-4833-b690-c8b5d071ae8b/in_use.lock acquired by nodename 9193@fv-az240-684
2023-04-27 19:25:02,115 [pool-123-thread-1] INFO  storage.RaftStorage (RaftStorageImpl.java:format(96)) - Storage directory /home/runner/work/ozone/ozone/hadoop-ozone/integration-test/target/test-dir/MiniOzoneClusterImpl-cbda0cd1-5e50-4c9a-9fd3-3711af7baf07/datanode-2/data/ratis/946752dc-8084-4833-b690-c8b5d071ae8b has been successfully formatted.
2023-04-27 19:25:02,117 [pool-123-thread-1] INFO  ratis.ContainerStateMachine (ContainerStateMachine.java:loadSnapshot(262)) - group-C8B5D071AE8B: The snapshot info is null. Setting the last applied indexto:(t:0, i:~)
2023-04-27 19:25:02,118 [pool-123-thread-1] INFO  server.RaftServerConfigKeys (ConfUtils.java:logGet(46)) - raft.server.log.use.memory = false (default)
2023-04-27 19:25:02,118 [pool-123-thread-1] INFO  server.RaftServerConfigKeys (ConfUtils.java:logGet(46)) - raft.server.log.purge.gap = 1000000 (custom)
2023-04-27 19:25:02,118 [pool-123-thread-1] INFO  server.RaftServerConfigKeys (ConfUtils.java:logGet(46)) - raft.server.log.appender.buffer.byte-limit = 33554432 (custom)
2023-04-27 19:25:02,118 [pool-123-thread-1] INFO  server.RaftServerConfigKeys (ConfUtils.java:logGet(46)) - raft.server.log.statemachine.data.read.timeout = 1000ms (default)
2023-04-27 19:25:02,118 [pool-123-thread-1] INFO  server.RaftServerConfigKeys (ConfUtils.java:logGet(46)) - raft.server.log.purge.preservation.log.num = 0 (default)
2023-04-27 19:25:02,118 [pool-123-thread-1] INFO  server.RaftServerConfigKeys (ConfUtils.java:logGet(46)) - raft.server.log.segment.size.max = 1048576 (custom)
2023-04-27 19:25:02,119 [pool-123-thread-1] INFO  server.RaftServerConfigKeys (ConfUtils.java:logGet(46)) - raft.server.log.segment.cache.num.max = 2 (custom)
2023-04-27 19:25:02,119 [pool-123-thread-1] INFO  server.RaftServerConfigKeys (ConfUtils.java:logGet(46)) - raft.server.log.segment.cache.size.max = 200MB (=209715200) (default)
2023-04-27 19:25:02,119 [EventQueue-PipelineReportForPipelineReportHandler] INFO  pipeline.PipelineManagerImpl (PipelineManagerImpl.java:openPipeline(367)) - Pipeline Pipeline[ Id: 946752dc-8084-4833-b690-c8b5d071ae8b, Nodes: b8a2b3ae-f6d1-4c33-80c4-6391c5d511a4(fv-az240-684.bcold04rutgefduts2gkrghvsa.bx.internal.cloudapp.net/10.1.0.191), ReplicationConfig: RATIS/ONE, State:ALLOCATED, leaderId:b8a2b3ae-f6d1-4c33-80c4-6391c5d511a4, CreationTimestamp2023-04-27T19:24:59.112Z[Etc/UTC]] moved to OPEN state
2023-04-27 19:25:02,119 [EventQueue-OpenPipelineForHealthyPipelineSafeModeRule] INFO  safemode.SCMSafeModeManager (HealthyPipelineSafeModeRule.java:process(137)) - SCM in safe mode. Healthy pipelines reported count is 0, required healthy pipeline reported count is 1
2023-04-27 19:25:02,119 [pool-123-thread-1] INFO  segmented.SegmentedRaftLogWorker (SegmentedRaftLogWorker.java:<init>(189)) - new b8a2b3ae-f6d1-4c33-80c4-6391c5d511a4@group-C8B5D071AE8B-SegmentedRaftLogWorker for RaftStorageImpl:Storage Directory /home/runner/work/ozone/ozone/hadoop-ozone/integration-test/target/test-dir/MiniOzoneClusterImpl-cbda0cd1-5e50-4c9a-9fd3-3711af7baf07/datanode-2/data/ratis/946752dc-8084-4833-b690-c8b5d071ae8b
2023-04-27 19:25:02,120 [pool-123-thread-1] INFO  server.RaftServerConfigKeys (ConfUtils.java:logGet(46)) - raft.server.log.queue.byte-limit = 4294967296 (custom)
2023-04-27 19:25:02,120 [pool-123-thread-1] INFO  server.RaftServerConfigKeys (ConfUtils.java:logGet(46)) - raft.server.log.queue.element-limit = 1024 (custom)
2023-04-27 19:25:02,120 [pool-123-thread-1] INFO  server.RaftServerConfigKeys (ConfUtils.java:logGet(46)) - raft.server.log.segment.size.max = 1048576 (custom)
2023-04-27 19:25:02,120 [pool-123-thread-1] INFO  server.RaftServerConfigKeys (ConfUtils.java:logGet(46)) - raft.server.log.preallocated.size = 16384 (custom)
2023-04-27 19:25:02,120 [pool-123-thread-1] INFO  server.RaftServerConfigKeys (ConfUtils.java:logGet(46)) - raft.server.log.force.sync.num = 128 (default)
2023-04-27 19:25:02,120 [pool-123-thread-1] INFO  server.RaftServerConfigKeys (ConfUtils.java:logGet(46)) - raft.server.log.statemachine.data.sync = true (default)
2023-04-27 19:25:02,120 [pool-123-thread-1] INFO  server.RaftServerConfigKeys (ConfUtils.java:logGet(46)) - raft.server.log.statemachine.data.sync.timeout = 10s (default)
2023-04-27 19:25:02,120 [pool-123-thread-1] INFO  server.RaftServerConfigKeys (ConfUtils.java:logGet(46)) - raft.server.log.statemachine.data.sync.timeout.retry = -1 (default)
2023-04-27 19:25:02,121 [pool-123-thread-1] INFO  server.RaftServerConfigKeys (ConfUtils.java:logGet(46)) - raft.server.log.write.buffer.size = 1048576 (custom)
2023-04-27 19:25:02,121 [pool-123-thread-1] INFO  server.RaftServerConfigKeys (ConfUtils.java:logGet(46)) - raft.server.log.appender.buffer.byte-limit = 33554432 (custom)
2023-04-27 19:25:02,128 [pool-123-thread-1] INFO  server.RaftServerConfigKeys (ConfUtils.java:logGet(46)) - raft.server.log.unsafe-flush.enabled = false (default)
2023-04-27 19:25:02,129 [pool-123-thread-1] INFO  server.RaftServerConfigKeys (ConfUtils.java:logGet(46)) - raft.server.log.async-flush.enabled = false (default)
2023-04-27 19:25:02,129 [pool-123-thread-1] INFO  server.RaftServerConfigKeys (ConfUtils.java:logGet(46)) - raft.server.log.statemachine.data.caching.enabled = true (custom)
2023-04-27 19:25:02,129 [pool-123-thread-1] INFO  segmented.SegmentedRaftLogWorker (SegmentedRaftLogWorker.java:lambda$new$0(135)) - b8a2b3ae-f6d1-4c33-80c4-6391c5d511a4@group-C8B5D071AE8B-SegmentedRaftLogWorker: flushIndex: setUnconditionally 0 -> -1
2023-04-27 19:25:02,129 [pool-123-thread-1] INFO  segmented.SegmentedRaftLogWorker (SegmentedRaftLogWorker.java:lambda$new$0(135)) - b8a2b3ae-f6d1-4c33-80c4-6391c5d511a4@group-C8B5D071AE8B-SegmentedRaftLogWorker: safeCacheEvictIndex: setUnconditionally 0 -> -1
2023-04-27 19:25:02,129 [pool-123-thread-1] INFO  server.RaftServer$Division (RaftServerImpl.java:start(334)) - b8a2b3ae-f6d1-4c33-80c4-6391c5d511a4@group-C8B5D071AE8B: start as a follower, conf=-1: peers:[b8a2b3ae-f6d1-4c33-80c4-6391c5d511a4|rpc:10.1.0.191:34305|dataStream:10.1.0.191:43589|priority:1|startupRole:FOLLOWER]|listeners:[], old=null
2023-04-27 19:25:02,130 [pool-123-thread-1] INFO  server.RaftServer$Division (RaftServerImpl.java:setRole(321)) - b8a2b3ae-f6d1-4c33-80c4-6391c5d511a4@group-C8B5D071AE8B: changes role from      null to FOLLOWER at term 0 for startAsFollower
2023-04-27 19:25:02,130 [pool-123-thread-1] INFO  impl.RoleInfo (RoleInfo.java:updateAndGet(139)) - b8a2b3ae-f6d1-4c33-80c4-6391c5d511a4: start b8a2b3ae-f6d1-4c33-80c4-6391c5d511a4@group-C8B5D071AE8B-FollowerState
2023-04-27 19:25:02,131 [pool-123-thread-1] INFO  util.JmxRegister (JmxRegister.java:tryRegister(44)) - Successfully registered JMX Bean with object name Ratis:service=RaftServer,group=group-C8B5D071AE8B,id=b8a2b3ae-f6d1-4c33-80c4-6391c5d511a4
2023-04-27 19:25:02,131 [pool-123-thread-1] INFO  server.RaftServerConfigKeys (ConfUtils.java:logGet(46)) - raft.server.snapshot.auto.trigger.enabled = true (custom)
2023-04-27 19:25:02,131 [pool-123-thread-1] INFO  server.RaftServerConfigKeys (ConfUtils.java:logGet(46)) - raft.server.snapshot.auto.trigger.threshold = 10000 (custom)
2023-04-27 19:25:02,131 [pool-123-thread-1] INFO  server.RaftServerConfigKeys (ConfUtils.java:logGet(46)) - raft.server.snapshot.retention.file.num = 5 (custom)
2023-04-27 19:25:02,131 [pool-123-thread-1] INFO  server.RaftServerConfigKeys (ConfUtils.java:logGet(46)) - raft.server.log.purge.upto.snapshot.index = false (default)
2023-04-27 19:25:02,134 [Command processor thread] INFO  ratis.XceiverServerRatis (XceiverServerRatis.java:addGroup(806)) - Created group PipelineID=946752dc-8084-4833-b690-c8b5d071ae8b
2023-04-27 19:25:02,134 [Command processor thread] INFO  commandhandler.CreatePipelineCommandHandler (CreatePipelineCommandHandler.java:handle(113)) - Created Pipeline RATIS ONE PipelineID=946752dc-8084-4833-b690-c8b5d071ae8b.
2023-04-27 19:25:02,134 [b8a2b3ae-f6d1-4c33-80c4-6391c5d511a4@group-C8B5D071AE8B-FollowerState] INFO  server.RaftServerConfigKeys (ConfUtils.java:logFallback(53)) - raft.server.rpc.first-election.timeout.min = 5s (fallback to raft.server.rpc.timeout.min)
2023-04-27 19:25:02,135 [b8a2b3ae-f6d1-4c33-80c4-6391c5d511a4@group-C8B5D071AE8B-FollowerState] INFO  server.RaftServerConfigKeys (ConfUtils.java:logFallback(53)) - raft.server.rpc.first-election.timeout.max = 5200ms (fallback to raft.server.rpc.timeout.max)
2023-04-27 19:25:03,114 [Listener at 127.0.0.1/40321] INFO  ozone.MiniOzoneClusterImpl (MiniOzoneClusterImpl.java:lambda$waitForClusterToBeReady$0(223)) - Nodes are ready. Got 3 of 3 DN Heartbeats.
2023-04-27 19:25:03,114 [Listener at 127.0.0.1/40321] INFO  ozone.MiniOzoneClusterImpl (MiniOzoneClusterImpl.java:lambda$waitForClusterToBeReady$0(226)) - Waiting for cluster to exit safe mode
2023-04-27 19:25:03,114 [Listener at 127.0.0.1/40321] INFO  ozone.MiniOzoneClusterImpl (MiniOzoneClusterImpl.java:lambda$waitForClusterToBeReady$0(228)) - SCM became leader
2023-04-27 19:25:04,115 [Listener at 127.0.0.1/40321] INFO  ozone.MiniOzoneClusterImpl (MiniOzoneClusterImpl.java:lambda$waitForClusterToBeReady$0(223)) - Nodes are ready. Got 3 of 3 DN Heartbeats.
2023-04-27 19:25:04,115 [Listener at 127.0.0.1/40321] INFO  ozone.MiniOzoneClusterImpl (MiniOzoneClusterImpl.java:lambda$waitForClusterToBeReady$0(226)) - Waiting for cluster to exit safe mode
2023-04-27 19:25:04,115 [Listener at 127.0.0.1/40321] INFO  ozone.MiniOzoneClusterImpl (MiniOzoneClusterImpl.java:lambda$waitForClusterToBeReady$0(228)) - SCM became leader
2023-04-27 19:25:05,116 [Listener at 127.0.0.1/40321] INFO  ozone.MiniOzoneClusterImpl (MiniOzoneClusterImpl.java:lambda$waitForClusterToBeReady$0(223)) - Nodes are ready. Got 3 of 3 DN Heartbeats.
2023-04-27 19:25:05,116 [Listener at 127.0.0.1/40321] INFO  ozone.MiniOzoneClusterImpl (MiniOzoneClusterImpl.java:lambda$waitForClusterToBeReady$0(226)) - Waiting for cluster to exit safe mode
2023-04-27 19:25:05,116 [Listener at 127.0.0.1/40321] INFO  ozone.MiniOzoneClusterImpl (MiniOzoneClusterImpl.java:lambda$waitForClusterToBeReady$0(228)) - SCM became leader
2023-04-27 19:25:06,047 [b541e7ff-e94a-40bd-b2ad-c5dbbcbc2c5b@group-8FD94E940D46-FollowerState] INFO  impl.FollowerState (FollowerState.java:run(143)) - b541e7ff-e94a-40bd-b2ad-c5dbbcbc2c5b@group-8FD94E940D46-FollowerState: change to CANDIDATE, lastRpcElapsedTime:5029903156ns, electionTimeout:5009ms
2023-04-27 19:25:06,048 [b541e7ff-e94a-40bd-b2ad-c5dbbcbc2c5b@group-8FD94E940D46-FollowerState] INFO  impl.RoleInfo (RoleInfo.java:shutdownFollowerState(110)) - b541e7ff-e94a-40bd-b2ad-c5dbbcbc2c5b: shutdown b541e7ff-e94a-40bd-b2ad-c5dbbcbc2c5b@group-8FD94E940D46-FollowerState
2023-04-27 19:25:06,048 [b541e7ff-e94a-40bd-b2ad-c5dbbcbc2c5b@group-8FD94E940D46-FollowerState] INFO  server.RaftServer$Division (RaftServerImpl.java:setRole(321)) - b541e7ff-e94a-40bd-b2ad-c5dbbcbc2c5b@group-8FD94E940D46: changes role from  FOLLOWER to CANDIDATE at term 0 for changeToCandidate
2023-04-27 19:25:06,049 [b541e7ff-e94a-40bd-b2ad-c5dbbcbc2c5b@group-8FD94E940D46-FollowerState] INFO  server.RaftServerConfigKeys (ConfUtils.java:logGet(46)) - raft.server.leaderelection.pre-vote = true (default)
2023-04-27 19:25:06,049 [b541e7ff-e94a-40bd-b2ad-c5dbbcbc2c5b@group-8FD94E940D46-FollowerState] INFO  impl.RoleInfo (RoleInfo.java:updateAndGet(139)) - b541e7ff-e94a-40bd-b2ad-c5dbbcbc2c5b: start b541e7ff-e94a-40bd-b2ad-c5dbbcbc2c5b@group-8FD94E940D46-LeaderElection2
2023-04-27 19:25:06,054 [b541e7ff-e94a-40bd-b2ad-c5dbbcbc2c5b@group-8FD94E940D46-LeaderElection2] INFO  impl.LeaderElection (LeaderElection.java:askForVotes(312)) - b541e7ff-e94a-40bd-b2ad-c5dbbcbc2c5b@group-8FD94E940D46-LeaderElection2 PRE_VOTE round 0: submit vote requests at term 0 for -1: peers:[b541e7ff-e94a-40bd-b2ad-c5dbbcbc2c5b|rpc:10.1.0.191:33317|dataStream:10.1.0.191:44131|priority:1|startupRole:FOLLOWER]|listeners:[], old=null
2023-04-27 19:25:06,054 [b541e7ff-e94a-40bd-b2ad-c5dbbcbc2c5b@group-8FD94E940D46-LeaderElection2] INFO  impl.LeaderElection (LeaderElection.java:askForVotes(314)) - b541e7ff-e94a-40bd-b2ad-c5dbbcbc2c5b@group-8FD94E940D46-LeaderElection2 PRE_VOTE round 0: result PASSED (term=0)
2023-04-27 19:25:06,056 [b541e7ff-e94a-40bd-b2ad-c5dbbcbc2c5b@group-8FD94E940D46-LeaderElection2] INFO  impl.LeaderElection (LeaderElection.java:askForVotes(312)) - b541e7ff-e94a-40bd-b2ad-c5dbbcbc2c5b@group-8FD94E940D46-LeaderElection2 ELECTION round 0: submit vote requests at term 1 for -1: peers:[b541e7ff-e94a-40bd-b2ad-c5dbbcbc2c5b|rpc:10.1.0.191:33317|dataStream:10.1.0.191:44131|priority:1|startupRole:FOLLOWER]|listeners:[], old=null
2023-04-27 19:25:06,056 [b541e7ff-e94a-40bd-b2ad-c5dbbcbc2c5b@group-8FD94E940D46-LeaderElection2] INFO  impl.LeaderElection (LeaderElection.java:askForVotes(314)) - b541e7ff-e94a-40bd-b2ad-c5dbbcbc2c5b@group-8FD94E940D46-LeaderElection2 ELECTION round 0: result PASSED (term=1)
2023-04-27 19:25:06,056 [b541e7ff-e94a-40bd-b2ad-c5dbbcbc2c5b@group-8FD94E940D46-LeaderElection2] INFO  impl.RoleInfo (RoleInfo.java:shutdownLeaderElection(130)) - b541e7ff-e94a-40bd-b2ad-c5dbbcbc2c5b: shutdown b541e7ff-e94a-40bd-b2ad-c5dbbcbc2c5b@group-8FD94E940D46-LeaderElection2
2023-04-27 19:25:06,056 [b541e7ff-e94a-40bd-b2ad-c5dbbcbc2c5b@group-8FD94E940D46-LeaderElection2] INFO  server.RaftServer$Division (RaftServerImpl.java:setRole(321)) - b541e7ff-e94a-40bd-b2ad-c5dbbcbc2c5b@group-8FD94E940D46: changes role from CANDIDATE to LEADER at term 1 for changeToLeader
2023-04-27 19:25:06,056 [b541e7ff-e94a-40bd-b2ad-c5dbbcbc2c5b@group-8FD94E940D46-LeaderElection2] INFO  ratis.XceiverServerRatis (XceiverServerRatis.java:handleLeaderChangedNotification(904)) - Leader change notification received for group: group-8FD94E940D46 with new leaderId: b541e7ff-e94a-40bd-b2ad-c5dbbcbc2c5b
2023-04-27 19:25:06,056 [b541e7ff-e94a-40bd-b2ad-c5dbbcbc2c5b@group-8FD94E940D46-LeaderElection2] INFO  server.RaftServer$Division (ServerState.java:setLeader(313)) - b541e7ff-e94a-40bd-b2ad-c5dbbcbc2c5b@group-8FD94E940D46: change Leader from null to b541e7ff-e94a-40bd-b2ad-c5dbbcbc2c5b at term 1 for becomeLeader, leader elected after 5103ms
2023-04-27 19:25:06,056 [b541e7ff-e94a-40bd-b2ad-c5dbbcbc2c5b@group-8FD94E940D46-LeaderElection2] INFO  server.RaftServerConfigKeys (ConfUtils.java:logGet(46)) - raft.server.staging.catchup.gap = 1000 (default)
2023-04-27 19:25:06,057 [b541e7ff-e94a-40bd-b2ad-c5dbbcbc2c5b@group-8FD94E940D46-LeaderElection2] INFO  server.RaftServerConfigKeys (ConfUtils.java:logGet(46)) - raft.server.write.element-limit = 1024 (custom)
2023-04-27 19:25:06,057 [b541e7ff-e94a-40bd-b2ad-c5dbbcbc2c5b@group-8FD94E940D46-LeaderElection2] INFO  server.RaftServerConfigKeys (ConfUtils.java:logGet(46)) - raft.server.write.byte-limit = 1024 M (=1073741824) (custom)
2023-04-27 19:25:06,065 [b541e7ff-e94a-40bd-b2ad-c5dbbcbc2c5b@group-8FD94E940D46-LeaderElection2] INFO  server.RaftServerConfigKeys (ConfUtils.java:logGet(46)) - raft.server.watch.timeout = 180s (custom)
2023-04-27 19:25:06,066 [EventQueue-OpenPipelineForHealthyPipelineSafeModeRule] INFO  safemode.SCMSafeModeManager (HealthyPipelineSafeModeRule.java:process(137)) - SCM in safe mode. Healthy pipelines reported count is 0, required healthy pipeline reported count is 1
2023-04-27 19:25:06,066 [b541e7ff-e94a-40bd-b2ad-c5dbbcbc2c5b@group-8FD94E940D46-LeaderElection2] INFO  server.RaftServerConfigKeys (ConfUtils.java:logGet(46)) - raft.server.watch.timeout.denomination = 1s (default)
2023-04-27 19:25:06,066 [b541e7ff-e94a-40bd-b2ad-c5dbbcbc2c5b@group-8FD94E940D46-LeaderElection2] INFO  server.RaftServerConfigKeys (ConfUtils.java:logGet(46)) - raft.server.watch.element-limit = 65536 (default)
2023-04-27 19:25:06,067 [b541e7ff-e94a-40bd-b2ad-c5dbbcbc2c5b@group-8FD94E940D46-LeaderElection2] INFO  server.RaftServerConfigKeys (ConfUtils.java:logGet(46)) - raft.server.write.element-limit = 1024 (custom)
2023-04-27 19:25:06,067 [b541e7ff-e94a-40bd-b2ad-c5dbbcbc2c5b@group-8FD94E940D46-LeaderElection2] INFO  server.RaftServerConfigKeys (ConfUtils.java:logGet(46)) - raft.server.write.follower.gap.ratio.max = -1.0 (default)
2023-04-27 19:25:06,067 [b541e7ff-e94a-40bd-b2ad-c5dbbcbc2c5b@group-8FD94E940D46-LeaderElection2] INFO  impl.RoleInfo (RoleInfo.java:updateAndGet(139)) - b541e7ff-e94a-40bd-b2ad-c5dbbcbc2c5b: start b541e7ff-e94a-40bd-b2ad-c5dbbcbc2c5b@group-8FD94E940D46-LeaderStateImpl
2023-04-27 19:25:06,068 [b541e7ff-e94a-40bd-b2ad-c5dbbcbc2c5b@group-8FD94E940D46-LeaderElection2] INFO  segmented.SegmentedRaftLogWorker (SegmentedRaftLogWorker.java:startLogSegment(452)) - b541e7ff-e94a-40bd-b2ad-c5dbbcbc2c5b@group-8FD94E940D46-SegmentedRaftLogWorker: Starting segment from index:0
2023-04-27 19:25:06,072 [b541e7ff-e94a-40bd-b2ad-c5dbbcbc2c5b@group-8FD94E940D46-SegmentedRaftLogWorker] INFO  segmented.SegmentedRaftLogWorker (SegmentedRaftLogWorker.java:execute(656)) - b541e7ff-e94a-40bd-b2ad-c5dbbcbc2c5b@group-8FD94E940D46-SegmentedRaftLogWorker: created new log segment /home/runner/work/ozone/ozone/hadoop-ozone/integration-test/target/test-dir/MiniOzoneClusterImpl-cbda0cd1-5e50-4c9a-9fd3-3711af7baf07/datanode-0/data/ratis/368f6619-dfbe-4d14-a4ea-8fd94e940d46/current/log_inprogress_0
2023-04-27 19:25:06,081 [b541e7ff-e94a-40bd-b2ad-c5dbbcbc2c5b@group-8FD94E940D46-LeaderElection2] INFO  server.RaftServer$Division (ServerState.java:setRaftConf(430)) - b541e7ff-e94a-40bd-b2ad-c5dbbcbc2c5b@group-8FD94E940D46: set configuration 0: peers:[b541e7ff-e94a-40bd-b2ad-c5dbbcbc2c5b|rpc:10.1.0.191:33317|dataStream:10.1.0.191:44131|priority:1|startupRole:FOLLOWER]|listeners:[], old=null
2023-04-27 19:25:06,116 [Listener at 127.0.0.1/40321] INFO  ozone.MiniOzoneClusterImpl (MiniOzoneClusterImpl.java:lambda$waitForClusterToBeReady$0(223)) - Nodes are ready. Got 3 of 3 DN Heartbeats.
2023-04-27 19:25:06,117 [Listener at 127.0.0.1/40321] INFO  ozone.MiniOzoneClusterImpl (MiniOzoneClusterImpl.java:lambda$waitForClusterToBeReady$0(226)) - Waiting for cluster to exit safe mode
2023-04-27 19:25:06,117 [Listener at 127.0.0.1/40321] INFO  ozone.MiniOzoneClusterImpl (MiniOzoneClusterImpl.java:lambda$waitForClusterToBeReady$0(228)) - SCM became leader
2023-04-27 19:25:06,130 [b541e7ff-e94a-40bd-b2ad-c5dbbcbc2c5b@group-2F3E61A8A7E1-FollowerState] INFO  impl.FollowerState (FollowerState.java:run(143)) - b541e7ff-e94a-40bd-b2ad-c5dbbcbc2c5b@group-2F3E61A8A7E1-FollowerState: change to CANDIDATE, lastRpcElapsedTime:5042249228ns, electionTimeout:5038ms
2023-04-27 19:25:06,130 [b541e7ff-e94a-40bd-b2ad-c5dbbcbc2c5b@group-2F3E61A8A7E1-FollowerState] INFO  impl.RoleInfo (RoleInfo.java:shutdownFollowerState(110)) - b541e7ff-e94a-40bd-b2ad-c5dbbcbc2c5b: shutdown b541e7ff-e94a-40bd-b2ad-c5dbbcbc2c5b@group-2F3E61A8A7E1-FollowerState
2023-04-27 19:25:06,131 [b541e7ff-e94a-40bd-b2ad-c5dbbcbc2c5b@group-2F3E61A8A7E1-FollowerState] INFO  server.RaftServer$Division (RaftServerImpl.java:setRole(321)) - b541e7ff-e94a-40bd-b2ad-c5dbbcbc2c5b@group-2F3E61A8A7E1: changes role from  FOLLOWER to CANDIDATE at term 0 for changeToCandidate
2023-04-27 19:25:06,131 [b541e7ff-e94a-40bd-b2ad-c5dbbcbc2c5b@group-2F3E61A8A7E1-FollowerState] INFO  server.RaftServerConfigKeys (ConfUtils.java:logGet(46)) - raft.server.leaderelection.pre-vote = true (default)
2023-04-27 19:25:06,131 [b541e7ff-e94a-40bd-b2ad-c5dbbcbc2c5b@group-2F3E61A8A7E1-FollowerState] INFO  impl.RoleInfo (RoleInfo.java:updateAndGet(139)) - b541e7ff-e94a-40bd-b2ad-c5dbbcbc2c5b: start b541e7ff-e94a-40bd-b2ad-c5dbbcbc2c5b@group-2F3E61A8A7E1-LeaderElection3
2023-04-27 19:25:06,138 [b541e7ff-e94a-40bd-b2ad-c5dbbcbc2c5b@group-2F3E61A8A7E1-LeaderElection3] INFO  impl.LeaderElection (LeaderElection.java:askForVotes(312)) - b541e7ff-e94a-40bd-b2ad-c5dbbcbc2c5b@group-2F3E61A8A7E1-LeaderElection3 PRE_VOTE round 0: submit vote requests at term 0 for -1: peers:[b8a2b3ae-f6d1-4c33-80c4-6391c5d511a4|rpc:10.1.0.191:34305|dataStream:10.1.0.191:43589|priority:0|startupRole:FOLLOWER, b541e7ff-e94a-40bd-b2ad-c5dbbcbc2c5b|rpc:10.1.0.191:33317|dataStream:10.1.0.191:44131|priority:0|startupRole:FOLLOWER, f6c59282-8b8b-4bc6-9a7f-0a226baa887b|rpc:10.1.0.191:43027|dataStream:10.1.0.191:39765|priority:1|startupRole:FOLLOWER]|listeners:[], old=null
2023-04-27 19:25:06,143 [b541e7ff-e94a-40bd-b2ad-c5dbbcbc2c5b@group-2F3E61A8A7E1-LeaderElection3] INFO  server.RaftServerConfigKeys (ConfUtils.java:logFallback(53)) - raft.server.rpc.first-election.timeout.min = 5s (fallback to raft.server.rpc.timeout.min)
2023-04-27 19:25:06,143 [b541e7ff-e94a-40bd-b2ad-c5dbbcbc2c5b@group-2F3E61A8A7E1-LeaderElection3] INFO  server.RaftServerConfigKeys (ConfUtils.java:logFallback(53)) - raft.server.rpc.first-election.timeout.max = 5200ms (fallback to raft.server.rpc.timeout.max)
2023-04-27 19:25:06,143 [b541e7ff-e94a-40bd-b2ad-c5dbbcbc2c5b@group-2F3E61A8A7E1-LeaderElection3-1] INFO  server.GrpcServerProtocolClient (GrpcServerProtocolClient.java:<init>(63)) - Build channel for b8a2b3ae-f6d1-4c33-80c4-6391c5d511a4
2023-04-27 19:25:06,145 [b541e7ff-e94a-40bd-b2ad-c5dbbcbc2c5b@group-2F3E61A8A7E1-LeaderElection3-2] INFO  server.GrpcServerProtocolClient (GrpcServerProtocolClient.java:<init>(63)) - Build channel for f6c59282-8b8b-4bc6-9a7f-0a226baa887b
2023-04-27 19:25:06,169 [grpc-default-executor-0] INFO  server.RaftServer$Division (RaftServerImpl.java:requestVote(1218)) - f6c59282-8b8b-4bc6-9a7f-0a226baa887b@group-2F3E61A8A7E1: receive requestVote(PRE_VOTE, b541e7ff-e94a-40bd-b2ad-c5dbbcbc2c5b, group-2F3E61A8A7E1, 0, (t:0, i:0))
2023-04-27 19:25:06,171 [grpc-default-executor-0] INFO  impl.VoteContext (VoteContext.java:log(49)) - f6c59282-8b8b-4bc6-9a7f-0a226baa887b@group-2F3E61A8A7E1-FOLLOWER: reject PRE_VOTE from b541e7ff-e94a-40bd-b2ad-c5dbbcbc2c5b: our priority 1 > candidate's priority 0
2023-04-27 19:25:06,174 [grpc-default-executor-0] INFO  server.RaftServer$Division (RaftServerImpl.java:requestVote(1251)) - f6c59282-8b8b-4bc6-9a7f-0a226baa887b@group-2F3E61A8A7E1 replies to PRE_VOTE vote request: b541e7ff-e94a-40bd-b2ad-c5dbbcbc2c5b<-f6c59282-8b8b-4bc6-9a7f-0a226baa887b#0:FAIL-t0. Peer's state: f6c59282-8b8b-4bc6-9a7f-0a226baa887b@group-2F3E61A8A7E1:t0, leader=null, voted=, raftlog=Memoized:f6c59282-8b8b-4bc6-9a7f-0a226baa887b@group-2F3E61A8A7E1-SegmentedRaftLog:OPENED:c-1, conf=-1: peers:[b8a2b3ae-f6d1-4c33-80c4-6391c5d511a4|rpc:10.1.0.191:34305|dataStream:10.1.0.191:43589|priority:0|startupRole:FOLLOWER, b541e7ff-e94a-40bd-b2ad-c5dbbcbc2c5b|rpc:10.1.0.191:33317|dataStream:10.1.0.191:44131|priority:0|startupRole:FOLLOWER, f6c59282-8b8b-4bc6-9a7f-0a226baa887b|rpc:10.1.0.191:43027|dataStream:10.1.0.191:39765|priority:1|startupRole:FOLLOWER]|listeners:[], old=null
2023-04-27 19:25:06,180 [b541e7ff-e94a-40bd-b2ad-c5dbbcbc2c5b@group-2F3E61A8A7E1-LeaderElection3] INFO  impl.LeaderElection (LeaderElection.java:logAndReturn(90)) - b541e7ff-e94a-40bd-b2ad-c5dbbcbc2c5b@group-2F3E61A8A7E1-LeaderElection3: PRE_VOTE REJECTED received 1 response(s) and 0 exception(s):
2023-04-27 19:25:06,180 [grpc-default-executor-1] INFO  server.RaftServer$Division (RaftServerImpl.java:requestVote(1218)) - b8a2b3ae-f6d1-4c33-80c4-6391c5d511a4@group-2F3E61A8A7E1: receive requestVote(PRE_VOTE, b541e7ff-e94a-40bd-b2ad-c5dbbcbc2c5b, group-2F3E61A8A7E1, 0, (t:0, i:0))
2023-04-27 19:25:06,180 [b541e7ff-e94a-40bd-b2ad-c5dbbcbc2c5b@group-2F3E61A8A7E1-LeaderElection3] INFO  impl.LeaderElection (LeaderElection.java:logAndReturn(94)) -   Response 0: b541e7ff-e94a-40bd-b2ad-c5dbbcbc2c5b<-f6c59282-8b8b-4bc6-9a7f-0a226baa887b#0:FAIL-t0
2023-04-27 19:25:06,181 [b541e7ff-e94a-40bd-b2ad-c5dbbcbc2c5b@group-2F3E61A8A7E1-LeaderElection3] INFO  impl.LeaderElection (LeaderElection.java:askForVotes(314)) - b541e7ff-e94a-40bd-b2ad-c5dbbcbc2c5b@group-2F3E61A8A7E1-LeaderElection3 PRE_VOTE round 0: result REJECTED
2023-04-27 19:25:06,182 [b541e7ff-e94a-40bd-b2ad-c5dbbcbc2c5b@group-2F3E61A8A7E1-LeaderElection3] INFO  server.RaftServer$Division (RaftServerImpl.java:setRole(321)) - b541e7ff-e94a-40bd-b2ad-c5dbbcbc2c5b@group-2F3E61A8A7E1: changes role from CANDIDATE to FOLLOWER at term 0 for REJECTED
2023-04-27 19:25:06,182 [b541e7ff-e94a-40bd-b2ad-c5dbbcbc2c5b@group-2F3E61A8A7E1-LeaderElection3] INFO  impl.RoleInfo (RoleInfo.java:shutdownLeaderElection(130)) - b541e7ff-e94a-40bd-b2ad-c5dbbcbc2c5b: shutdown b541e7ff-e94a-40bd-b2ad-c5dbbcbc2c5b@group-2F3E61A8A7E1-LeaderElection3
2023-04-27 19:25:06,182 [b541e7ff-e94a-40bd-b2ad-c5dbbcbc2c5b@group-2F3E61A8A7E1-LeaderElection3] INFO  impl.RoleInfo (RoleInfo.java:updateAndGet(139)) - b541e7ff-e94a-40bd-b2ad-c5dbbcbc2c5b: start b541e7ff-e94a-40bd-b2ad-c5dbbcbc2c5b@group-2F3E61A8A7E1-FollowerState
2023-04-27 19:25:06,183 [b541e7ff-e94a-40bd-b2ad-c5dbbcbc2c5b@group-2F3E61A8A7E1-FollowerState] INFO  server.RaftServerConfigKeys (ConfUtils.java:logFallback(53)) - raft.server.rpc.first-election.timeout.min = 5s (fallback to raft.server.rpc.timeout.min)
2023-04-27 19:25:06,181 [grpc-default-executor-1] INFO  impl.VoteContext (VoteContext.java:log(49)) - b8a2b3ae-f6d1-4c33-80c4-6391c5d511a4@group-2F3E61A8A7E1-FOLLOWER: accept PRE_VOTE from b541e7ff-e94a-40bd-b2ad-c5dbbcbc2c5b: our priority 0 <= candidate's priority 0
2023-04-27 19:25:06,186 [b541e7ff-e94a-40bd-b2ad-c5dbbcbc2c5b@group-2F3E61A8A7E1-FollowerState] INFO  server.RaftServerConfigKeys (ConfUtils.java:logFallback(53)) - raft.server.rpc.first-election.timeout.max = 5200ms (fallback to raft.server.rpc.timeout.max)
2023-04-27 19:25:06,186 [grpc-default-executor-1] INFO  server.RaftServer$Division (RaftServerImpl.java:requestVote(1251)) - b8a2b3ae-f6d1-4c33-80c4-6391c5d511a4@group-2F3E61A8A7E1 replies to PRE_VOTE vote request: b541e7ff-e94a-40bd-b2ad-c5dbbcbc2c5b<-b8a2b3ae-f6d1-4c33-80c4-6391c5d511a4#0:OK-t0. Peer's state: b8a2b3ae-f6d1-4c33-80c4-6391c5d511a4@group-2F3E61A8A7E1:t0, leader=null, voted=, raftlog=Memoized:b8a2b3ae-f6d1-4c33-80c4-6391c5d511a4@group-2F3E61A8A7E1-SegmentedRaftLog:OPENED:c-1, conf=-1: peers:[b8a2b3ae-f6d1-4c33-80c4-6391c5d511a4|rpc:10.1.0.191:34305|dataStream:10.1.0.191:43589|priority:0|startupRole:FOLLOWER, b541e7ff-e94a-40bd-b2ad-c5dbbcbc2c5b|rpc:10.1.0.191:33317|dataStream:10.1.0.191:44131|priority:0|startupRole:FOLLOWER, f6c59282-8b8b-4bc6-9a7f-0a226baa887b|rpc:10.1.0.191:43027|dataStream:10.1.0.191:39765|priority:1|startupRole:FOLLOWER]|listeners:[], old=null
2023-04-27 19:25:06,803 [b8a2b3ae-f6d1-4c33-80c4-6391c5d511a4@group-2F3E61A8A7E1-FollowerState] INFO  server.RaftServerConfigKeys (ConfUtils.java:logFallback(53)) - raft.server.rpc.first-election.timeout.min = 5s (fallback to raft.server.rpc.timeout.min)
2023-04-27 19:25:06,804 [b8a2b3ae-f6d1-4c33-80c4-6391c5d511a4@group-2F3E61A8A7E1-FollowerState] INFO  server.RaftServerConfigKeys (ConfUtils.java:logFallback(53)) - raft.server.rpc.first-election.timeout.max = 5200ms (fallback to raft.server.rpc.timeout.max)
2023-04-27 19:25:06,863 [f6c59282-8b8b-4bc6-9a7f-0a226baa887b@group-6DDB49DBE31F-FollowerState] INFO  impl.FollowerState (FollowerState.java:run(143)) - f6c59282-8b8b-4bc6-9a7f-0a226baa887b@group-6DDB49DBE31F-FollowerState: change to CANDIDATE, lastRpcElapsedTime:5038346109ns, electionTimeout:5021ms
2023-04-27 19:25:06,864 [f6c59282-8b8b-4bc6-9a7f-0a226baa887b@group-6DDB49DBE31F-FollowerState] INFO  impl.RoleInfo (RoleInfo.java:shutdownFollowerState(110)) - f6c59282-8b8b-4bc6-9a7f-0a226baa887b: shutdown f6c59282-8b8b-4bc6-9a7f-0a226baa887b@group-6DDB49DBE31F-FollowerState
2023-04-27 19:25:06,864 [f6c59282-8b8b-4bc6-9a7f-0a226baa887b@group-6DDB49DBE31F-FollowerState] INFO  server.RaftServer$Division (RaftServerImpl.java:setRole(321)) - f6c59282-8b8b-4bc6-9a7f-0a226baa887b@group-6DDB49DBE31F: changes role from  FOLLOWER to CANDIDATE at term 0 for changeToCandidate
2023-04-27 19:25:06,866 [f6c59282-8b8b-4bc6-9a7f-0a226baa887b@group-6DDB49DBE31F-FollowerState] INFO  server.RaftServerConfigKeys (ConfUtils.java:logGet(46)) - raft.server.leaderelection.pre-vote = true (default)
2023-04-27 19:25:06,866 [f6c59282-8b8b-4bc6-9a7f-0a226baa887b@group-6DDB49DBE31F-FollowerState] INFO  impl.RoleInfo (RoleInfo.java:updateAndGet(139)) - f6c59282-8b8b-4bc6-9a7f-0a226baa887b: start f6c59282-8b8b-4bc6-9a7f-0a226baa887b@group-6DDB49DBE31F-LeaderElection4
2023-04-27 19:25:06,867 [f6c59282-8b8b-4bc6-9a7f-0a226baa887b@group-6DDB49DBE31F-LeaderElection4] INFO  impl.LeaderElection (LeaderElection.java:askForVotes(312)) - f6c59282-8b8b-4bc6-9a7f-0a226baa887b@group-6DDB49DBE31F-LeaderElection4 PRE_VOTE round 0: submit vote requests at term 0 for -1: peers:[b8a2b3ae-f6d1-4c33-80c4-6391c5d511a4|rpc:10.1.0.191:34305|dataStream:10.1.0.191:43589|priority:0|startupRole:FOLLOWER, b541e7ff-e94a-40bd-b2ad-c5dbbcbc2c5b|rpc:10.1.0.191:33317|dataStream:10.1.0.191:44131|priority:1|startupRole:FOLLOWER, f6c59282-8b8b-4bc6-9a7f-0a226baa887b|rpc:10.1.0.191:43027|dataStream:10.1.0.191:39765|priority:0|startupRole:FOLLOWER]|listeners:[], old=null
2023-04-27 19:25:06,869 [f6c59282-8b8b-4bc6-9a7f-0a226baa887b@group-6DDB49DBE31F-LeaderElection4-1] INFO  server.GrpcServerProtocolClient (GrpcServerProtocolClient.java:<init>(63)) - Build channel for b8a2b3ae-f6d1-4c33-80c4-6391c5d511a4
2023-04-27 19:25:06,869 [f6c59282-8b8b-4bc6-9a7f-0a226baa887b@group-474883555098-FollowerState] INFO  impl.FollowerState (FollowerState.java:run(143)) - f6c59282-8b8b-4bc6-9a7f-0a226baa887b@group-474883555098-FollowerState: change to CANDIDATE, lastRpcElapsedTime:5140548070ns, electionTimeout:5133ms
2023-04-27 19:25:06,877 [f6c59282-8b8b-4bc6-9a7f-0a226baa887b@group-474883555098-FollowerState] INFO  impl.RoleInfo (RoleInfo.java:shutdownFollowerState(110)) - f6c59282-8b8b-4bc6-9a7f-0a226baa887b: shutdown f6c59282-8b8b-4bc6-9a7f-0a226baa887b@group-474883555098-FollowerState
2023-04-27 19:25:06,877 [f6c59282-8b8b-4bc6-9a7f-0a226baa887b@group-474883555098-FollowerState] INFO  server.RaftServer$Division (RaftServerImpl.java:setRole(321)) - f6c59282-8b8b-4bc6-9a7f-0a226baa887b@group-474883555098: changes role from  FOLLOWER to CANDIDATE at term 0 for changeToCandidate
2023-04-27 19:25:06,877 [f6c59282-8b8b-4bc6-9a7f-0a226baa887b@group-474883555098-FollowerState] INFO  server.RaftServerConfigKeys (ConfUtils.java:logGet(46)) - raft.server.leaderelection.pre-vote = true (default)
2023-04-27 19:25:06,877 [f6c59282-8b8b-4bc6-9a7f-0a226baa887b@group-474883555098-FollowerState] INFO  impl.RoleInfo (RoleInfo.java:updateAndGet(139)) - f6c59282-8b8b-4bc6-9a7f-0a226baa887b: start f6c59282-8b8b-4bc6-9a7f-0a226baa887b@group-474883555098-LeaderElection5
2023-04-27 19:25:06,877 [f6c59282-8b8b-4bc6-9a7f-0a226baa887b@group-6DDB49DBE31F-LeaderElection4] INFO  server.RaftServerConfigKeys (ConfUtils.java:logFallback(53)) - raft.server.rpc.first-election.timeout.min = 5s (fallback to raft.server.rpc.timeout.min)
2023-04-27 19:25:06,881 [f6c59282-8b8b-4bc6-9a7f-0a226baa887b@group-6DDB49DBE31F-LeaderElection4-2] INFO  server.GrpcServerProtocolClient (GrpcServerProtocolClient.java:<init>(63)) - Build channel for b541e7ff-e94a-40bd-b2ad-c5dbbcbc2c5b
2023-04-27 19:25:06,881 [f6c59282-8b8b-4bc6-9a7f-0a226baa887b@group-6DDB49DBE31F-LeaderElection4] INFO  server.RaftServerConfigKeys (ConfUtils.java:logFallback(53)) - raft.server.rpc.first-election.timeout.max = 5200ms (fallback to raft.server.rpc.timeout.max)
2023-04-27 19:25:06,882 [f6c59282-8b8b-4bc6-9a7f-0a226baa887b@group-474883555098-LeaderElection5] INFO  impl.LeaderElection (LeaderElection.java:askForVotes(312)) - f6c59282-8b8b-4bc6-9a7f-0a226baa887b@group-474883555098-LeaderElection5 PRE_VOTE round 0: submit vote requests at term 0 for -1: peers:[f6c59282-8b8b-4bc6-9a7f-0a226baa887b|rpc:10.1.0.191:43027|dataStream:10.1.0.191:39765|priority:1|startupRole:FOLLOWER]|listeners:[], old=null
2023-04-27 19:25:06,882 [f6c59282-8b8b-4bc6-9a7f-0a226baa887b@group-474883555098-LeaderElection5] INFO  impl.LeaderElection (LeaderElection.java:askForVotes(314)) - f6c59282-8b8b-4bc6-9a7f-0a226baa887b@group-474883555098-LeaderElection5 PRE_VOTE round 0: result PASSED (term=0)
2023-04-27 19:25:06,892 [f6c59282-8b8b-4bc6-9a7f-0a226baa887b@group-474883555098-LeaderElection5] INFO  impl.LeaderElection (LeaderElection.java:askForVotes(312)) - f6c59282-8b8b-4bc6-9a7f-0a226baa887b@group-474883555098-LeaderElection5 ELECTION round 0: submit vote requests at term 1 for -1: peers:[f6c59282-8b8b-4bc6-9a7f-0a226baa887b|rpc:10.1.0.191:43027|dataStream:10.1.0.191:39765|priority:1|startupRole:FOLLOWER]|listeners:[], old=null
2023-04-27 19:25:06,892 [f6c59282-8b8b-4bc6-9a7f-0a226baa887b@group-474883555098-LeaderElection5] INFO  impl.LeaderElection (LeaderElection.java:askForVotes(314)) - f6c59282-8b8b-4bc6-9a7f-0a226baa887b@group-474883555098-LeaderElection5 ELECTION round 0: result PASSED (term=1)
2023-04-27 19:25:06,892 [f6c59282-8b8b-4bc6-9a7f-0a226baa887b@group-474883555098-LeaderElection5] INFO  impl.RoleInfo (RoleInfo.java:shutdownLeaderElection(130)) - f6c59282-8b8b-4bc6-9a7f-0a226baa887b: shutdown f6c59282-8b8b-4bc6-9a7f-0a226baa887b@group-474883555098-LeaderElection5
2023-04-27 19:25:06,892 [f6c59282-8b8b-4bc6-9a7f-0a226baa887b@group-474883555098-LeaderElection5] INFO  server.RaftServer$Division (RaftServerImpl.java:setRole(321)) - f6c59282-8b8b-4bc6-9a7f-0a226baa887b@group-474883555098: changes role from CANDIDATE to LEADER at term 1 for changeToLeader
2023-04-27 19:25:06,892 [f6c59282-8b8b-4bc6-9a7f-0a226baa887b@group-474883555098-LeaderElection5] INFO  ratis.XceiverServerRatis (XceiverServerRatis.java:handleLeaderChangedNotification(904)) - Leader change notification received for group: group-474883555098 with new leaderId: f6c59282-8b8b-4bc6-9a7f-0a226baa887b
2023-04-27 19:25:06,893 [f6c59282-8b8b-4bc6-9a7f-0a226baa887b@group-474883555098-LeaderElection5] INFO  server.RaftServer$Division (ServerState.java:setLeader(313)) - f6c59282-8b8b-4bc6-9a7f-0a226baa887b@group-474883555098: change Leader from null to f6c59282-8b8b-4bc6-9a7f-0a226baa887b at term 1 for becomeLeader, leader elected after 5219ms
2023-04-27 19:25:06,893 [f6c59282-8b8b-4bc6-9a7f-0a226baa887b@group-474883555098-LeaderElection5] INFO  server.RaftServerConfigKeys (ConfUtils.java:logGet(46)) - raft.server.staging.catchup.gap = 1000 (default)
2023-04-27 19:25:06,895 [f6c59282-8b8b-4bc6-9a7f-0a226baa887b@group-474883555098-LeaderElection5] INFO  server.RaftServerConfigKeys (ConfUtils.java:logGet(46)) - raft.server.write.element-limit = 1024 (custom)
2023-04-27 19:25:06,895 [f6c59282-8b8b-4bc6-9a7f-0a226baa887b@group-474883555098-LeaderElection5] INFO  server.RaftServerConfigKeys (ConfUtils.java:logGet(46)) - raft.server.write.byte-limit = 1024 M (=1073741824) (custom)
2023-04-27 19:25:06,895 [EventQueue-OpenPipelineForHealthyPipelineSafeModeRule] INFO  safemode.SCMSafeModeManager (HealthyPipelineSafeModeRule.java:process(137)) - SCM in safe mode. Healthy pipelines reported count is 0, required healthy pipeline reported count is 1
2023-04-27 19:25:06,896 [f6c59282-8b8b-4bc6-9a7f-0a226baa887b@group-474883555098-LeaderElection5] INFO  server.RaftServerConfigKeys (ConfUtils.java:logGet(46)) - raft.server.watch.timeout = 180s (custom)
2023-04-27 19:25:06,896 [f6c59282-8b8b-4bc6-9a7f-0a226baa887b@group-474883555098-LeaderElection5] INFO  server.RaftServerConfigKeys (ConfUtils.java:logGet(46)) - raft.server.watch.timeout.denomination = 1s (default)
2023-04-27 19:25:06,896 [f6c59282-8b8b-4bc6-9a7f-0a226baa887b@group-474883555098-LeaderElection5] INFO  server.RaftServerConfigKeys (ConfUtils.java:logGet(46)) - raft.server.watch.element-limit = 65536 (default)
2023-04-27 19:25:06,896 [f6c59282-8b8b-4bc6-9a7f-0a226baa887b@group-474883555098-LeaderElection5] INFO  server.RaftServerConfigKeys (ConfUtils.java:logGet(46)) - raft.server.write.element-limit = 1024 (custom)
2023-04-27 19:25:06,896 [f6c59282-8b8b-4bc6-9a7f-0a226baa887b@group-474883555098-LeaderElection5] INFO  server.RaftServerConfigKeys (ConfUtils.java:logGet(46)) - raft.server.write.follower.gap.ratio.max = -1.0 (default)
2023-04-27 19:25:06,896 [f6c59282-8b8b-4bc6-9a7f-0a226baa887b@group-474883555098-LeaderElection5] INFO  impl.RoleInfo (RoleInfo.java:updateAndGet(139)) - f6c59282-8b8b-4bc6-9a7f-0a226baa887b: start f6c59282-8b8b-4bc6-9a7f-0a226baa887b@group-474883555098-LeaderStateImpl
2023-04-27 19:25:06,896 [f6c59282-8b8b-4bc6-9a7f-0a226baa887b@group-474883555098-LeaderElection5] INFO  segmented.SegmentedRaftLogWorker (SegmentedRaftLogWorker.java:startLogSegment(452)) - f6c59282-8b8b-4bc6-9a7f-0a226baa887b@group-474883555098-SegmentedRaftLogWorker: Starting segment from index:0
2023-04-27 19:25:06,903 [f6c59282-8b8b-4bc6-9a7f-0a226baa887b@group-474883555098-LeaderElection5] INFO  server.RaftServer$Division (ServerState.java:setRaftConf(430)) - f6c59282-8b8b-4bc6-9a7f-0a226baa887b@group-474883555098: set configuration 0: peers:[f6c59282-8b8b-4bc6-9a7f-0a226baa887b|rpc:10.1.0.191:43027|dataStream:10.1.0.191:39765|priority:1|startupRole:FOLLOWER]|listeners:[], old=null
2023-04-27 19:25:06,913 [grpc-default-executor-1] INFO  server.RaftServer$Division (RaftServerImpl.java:requestVote(1218)) - b8a2b3ae-f6d1-4c33-80c4-6391c5d511a4@group-6DDB49DBE31F: receive requestVote(PRE_VOTE, f6c59282-8b8b-4bc6-9a7f-0a226baa887b, group-6DDB49DBE31F, 0, (t:0, i:0))
2023-04-27 19:25:06,913 [grpc-default-executor-1] INFO  impl.VoteContext (VoteContext.java:log(49)) - b8a2b3ae-f6d1-4c33-80c4-6391c5d511a4@group-6DDB49DBE31F-FOLLOWER: accept PRE_VOTE from f6c59282-8b8b-4bc6-9a7f-0a226baa887b: our priority 0 <= candidate's priority 0
2023-04-27 19:25:06,913 [grpc-default-executor-1] INFO  server.RaftServer$Division (RaftServerImpl.java:requestVote(1251)) - b8a2b3ae-f6d1-4c33-80c4-6391c5d511a4@group-6DDB49DBE31F replies to PRE_VOTE vote request: f6c59282-8b8b-4bc6-9a7f-0a226baa887b<-b8a2b3ae-f6d1-4c33-80c4-6391c5d511a4#0:OK-t0. Peer's state: b8a2b3ae-f6d1-4c33-80c4-6391c5d511a4@group-6DDB49DBE31F:t0, leader=null, voted=, raftlog=Memoized:b8a2b3ae-f6d1-4c33-80c4-6391c5d511a4@group-6DDB49DBE31F-SegmentedRaftLog:OPENED:c-1, conf=-1: peers:[b8a2b3ae-f6d1-4c33-80c4-6391c5d511a4|rpc:10.1.0.191:34305|dataStream:10.1.0.191:43589|priority:0|startupRole:FOLLOWER, b541e7ff-e94a-40bd-b2ad-c5dbbcbc2c5b|rpc:10.1.0.191:33317|dataStream:10.1.0.191:44131|priority:1|startupRole:FOLLOWER, f6c59282-8b8b-4bc6-9a7f-0a226baa887b|rpc:10.1.0.191:43027|dataStream:10.1.0.191:39765|priority:0|startupRole:FOLLOWER]|listeners:[], old=null
2023-04-27 19:25:06,914 [f6c59282-8b8b-4bc6-9a7f-0a226baa887b@group-474883555098-SegmentedRaftLogWorker] INFO  segmented.SegmentedRaftLogWorker (SegmentedRaftLogWorker.java:execute(656)) - f6c59282-8b8b-4bc6-9a7f-0a226baa887b@group-474883555098-SegmentedRaftLogWorker: created new log segment /home/runner/work/ozone/ozone/hadoop-ozone/integration-test/target/test-dir/MiniOzoneClusterImpl-cbda0cd1-5e50-4c9a-9fd3-3711af7baf07/datanode-1/data/ratis/c040ea1d-5466-4235-9495-474883555098/current/log_inprogress_0
2023-04-27 19:25:06,922 [grpc-default-executor-1] INFO  server.RaftServer$Division (RaftServerImpl.java:requestVote(1218)) - b541e7ff-e94a-40bd-b2ad-c5dbbcbc2c5b@group-6DDB49DBE31F: receive requestVote(PRE_VOTE, f6c59282-8b8b-4bc6-9a7f-0a226baa887b, group-6DDB49DBE31F, 0, (t:0, i:0))
2023-04-27 19:25:06,923 [grpc-default-executor-1] INFO  impl.VoteContext (VoteContext.java:log(49)) - b541e7ff-e94a-40bd-b2ad-c5dbbcbc2c5b@group-6DDB49DBE31F-FOLLOWER: reject PRE_VOTE from f6c59282-8b8b-4bc6-9a7f-0a226baa887b: our priority 1 > candidate's priority 0
2023-04-27 19:25:06,923 [grpc-default-executor-1] INFO  server.RaftServer$Division (RaftServerImpl.java:requestVote(1251)) - b541e7ff-e94a-40bd-b2ad-c5dbbcbc2c5b@group-6DDB49DBE31F replies to PRE_VOTE vote request: f6c59282-8b8b-4bc6-9a7f-0a226baa887b<-b541e7ff-e94a-40bd-b2ad-c5dbbcbc2c5b#0:FAIL-t0. Peer's state: b541e7ff-e94a-40bd-b2ad-c5dbbcbc2c5b@group-6DDB49DBE31F:t0, leader=null, voted=, raftlog=Memoized:b541e7ff-e94a-40bd-b2ad-c5dbbcbc2c5b@group-6DDB49DBE31F-SegmentedRaftLog:OPENED:c-1, conf=-1: peers:[b8a2b3ae-f6d1-4c33-80c4-6391c5d511a4|rpc:10.1.0.191:34305|dataStream:10.1.0.191:43589|priority:0|startupRole:FOLLOWER, b541e7ff-e94a-40bd-b2ad-c5dbbcbc2c5b|rpc:10.1.0.191:33317|dataStream:10.1.0.191:44131|priority:1|startupRole:FOLLOWER, f6c59282-8b8b-4bc6-9a7f-0a226baa887b|rpc:10.1.0.191:43027|dataStream:10.1.0.191:39765|priority:0|startupRole:FOLLOWER]|listeners:[], old=null
2023-04-27 19:25:06,925 [f6c59282-8b8b-4bc6-9a7f-0a226baa887b@group-6DDB49DBE31F-LeaderElection4] INFO  impl.LeaderElection (LeaderElection.java:logAndReturn(90)) - f6c59282-8b8b-4bc6-9a7f-0a226baa887b@group-6DDB49DBE31F-LeaderElection4: PRE_VOTE REJECTED received 2 response(s) and 0 exception(s):
2023-04-27 19:25:06,925 [f6c59282-8b8b-4bc6-9a7f-0a226baa887b@group-6DDB49DBE31F-LeaderElection4] INFO  impl.LeaderElection (LeaderElection.java:logAndReturn(94)) -   Response 0: f6c59282-8b8b-4bc6-9a7f-0a226baa887b<-b8a2b3ae-f6d1-4c33-80c4-6391c5d511a4#0:OK-t0
2023-04-27 19:25:06,925 [f6c59282-8b8b-4bc6-9a7f-0a226baa887b@group-6DDB49DBE31F-LeaderElection4] INFO  impl.LeaderElection (LeaderElection.java:logAndReturn(94)) -   Response 1: f6c59282-8b8b-4bc6-9a7f-0a226baa887b<-b541e7ff-e94a-40bd-b2ad-c5dbbcbc2c5b#0:FAIL-t0
2023-04-27 19:25:06,925 [f6c59282-8b8b-4bc6-9a7f-0a226baa887b@group-6DDB49DBE31F-LeaderElection4] INFO  impl.LeaderElection (LeaderElection.java:askForVotes(314)) - f6c59282-8b8b-4bc6-9a7f-0a226baa887b@group-6DDB49DBE31F-LeaderElection4 PRE_VOTE round 0: result REJECTED
2023-04-27 19:25:06,925 [f6c59282-8b8b-4bc6-9a7f-0a226baa887b@group-6DDB49DBE31F-LeaderElection4] INFO  server.RaftServer$Division (RaftServerImpl.java:setRole(321)) - f6c59282-8b8b-4bc6-9a7f-0a226baa887b@group-6DDB49DBE31F: changes role from CANDIDATE to FOLLOWER at term 0 for REJECTED
2023-04-27 19:25:06,925 [f6c59282-8b8b-4bc6-9a7f-0a226baa887b@group-6DDB49DBE31F-LeaderElection4] INFO  impl.RoleInfo (RoleInfo.java:shutdownLeaderElection(130)) - f6c59282-8b8b-4bc6-9a7f-0a226baa887b: shutdown f6c59282-8b8b-4bc6-9a7f-0a226baa887b@group-6DDB49DBE31F-LeaderElection4
2023-04-27 19:25:06,925 [f6c59282-8b8b-4bc6-9a7f-0a226baa887b@group-6DDB49DBE31F-LeaderElection4] INFO  impl.RoleInfo (RoleInfo.java:updateAndGet(139)) - f6c59282-8b8b-4bc6-9a7f-0a226baa887b: start f6c59282-8b8b-4bc6-9a7f-0a226baa887b@group-6DDB49DBE31F-FollowerState
2023-04-27 19:25:06,930 [f6c59282-8b8b-4bc6-9a7f-0a226baa887b@group-6DDB49DBE31F-FollowerState] INFO  server.RaftServerConfigKeys (ConfUtils.java:logFallback(53)) - raft.server.rpc.first-election.timeout.min = 5s (fallback to raft.server.rpc.timeout.min)
2023-04-27 19:25:06,931 [f6c59282-8b8b-4bc6-9a7f-0a226baa887b@group-6DDB49DBE31F-FollowerState] INFO  server.RaftServerConfigKeys (ConfUtils.java:logFallback(53)) - raft.server.rpc.first-election.timeout.max = 5200ms (fallback to raft.server.rpc.timeout.max)
2023-04-27 19:25:06,941 [f6c59282-8b8b-4bc6-9a7f-0a226baa887b@group-2F3E61A8A7E1-FollowerState] INFO  impl.FollowerState (FollowerState.java:run(143)) - f6c59282-8b8b-4bc6-9a7f-0a226baa887b@group-2F3E61A8A7E1-FollowerState: change to CANDIDATE, lastRpcElapsedTime:5167827792ns, electionTimeout:5152ms
2023-04-27 19:25:06,941 [f6c59282-8b8b-4bc6-9a7f-0a226baa887b@group-2F3E61A8A7E1-FollowerState] INFO  impl.RoleInfo (RoleInfo.java:shutdownFollowerState(110)) - f6c59282-8b8b-4bc6-9a7f-0a226baa887b: shutdown f6c59282-8b8b-4bc6-9a7f-0a226baa887b@group-2F3E61A8A7E1-FollowerState
2023-04-27 19:25:06,941 [f6c59282-8b8b-4bc6-9a7f-0a226baa887b@group-2F3E61A8A7E1-FollowerState] INFO  server.RaftServer$Division (RaftServerImpl.java:setRole(321)) - f6c59282-8b8b-4bc6-9a7f-0a226baa887b@group-2F3E61A8A7E1: changes role from  FOLLOWER to CANDIDATE at term 0 for changeToCandidate
2023-04-27 19:25:06,942 [f6c59282-8b8b-4bc6-9a7f-0a226baa887b@group-2F3E61A8A7E1-FollowerState] INFO  server.RaftServerConfigKeys (ConfUtils.java:logGet(46)) - raft.server.leaderelection.pre-vote = true (default)
2023-04-27 19:25:06,942 [f6c59282-8b8b-4bc6-9a7f-0a226baa887b@group-2F3E61A8A7E1-FollowerState] INFO  impl.RoleInfo (RoleInfo.java:updateAndGet(139)) - f6c59282-8b8b-4bc6-9a7f-0a226baa887b: start f6c59282-8b8b-4bc6-9a7f-0a226baa887b@group-2F3E61A8A7E1-LeaderElection6
2023-04-27 19:25:06,947 [f6c59282-8b8b-4bc6-9a7f-0a226baa887b@group-2F3E61A8A7E1-LeaderElection6] INFO  impl.LeaderElection (LeaderElection.java:askForVotes(312)) - f6c59282-8b8b-4bc6-9a7f-0a226baa887b@group-2F3E61A8A7E1-LeaderElection6 PRE_VOTE round 0: submit vote requests at term 0 for -1: peers:[b8a2b3ae-f6d1-4c33-80c4-6391c5d511a4|rpc:10.1.0.191:34305|dataStream:10.1.0.191:43589|priority:0|startupRole:FOLLOWER, b541e7ff-e94a-40bd-b2ad-c5dbbcbc2c5b|rpc:10.1.0.191:33317|dataStream:10.1.0.191:44131|priority:0|startupRole:FOLLOWER, f6c59282-8b8b-4bc6-9a7f-0a226baa887b|rpc:10.1.0.191:43027|dataStream:10.1.0.191:39765|priority:1|startupRole:FOLLOWER]|listeners:[], old=null
2023-04-27 19:25:06,949 [f6c59282-8b8b-4bc6-9a7f-0a226baa887b@group-2F3E61A8A7E1-LeaderElection6] INFO  server.RaftServerConfigKeys (ConfUtils.java:logFallback(53)) - raft.server.rpc.first-election.timeout.min = 5s (fallback to raft.server.rpc.timeout.min)
2023-04-27 19:25:06,949 [f6c59282-8b8b-4bc6-9a7f-0a226baa887b@group-2F3E61A8A7E1-LeaderElection6] INFO  server.RaftServerConfigKeys (ConfUtils.java:logFallback(53)) - raft.server.rpc.first-election.timeout.max = 5200ms (fallback to raft.server.rpc.timeout.max)
2023-04-27 19:25:06,963 [grpc-default-executor-0] INFO  server.RaftServer$Division (RaftServerImpl.java:requestVote(1218)) - b8a2b3ae-f6d1-4c33-80c4-6391c5d511a4@group-2F3E61A8A7E1: receive requestVote(PRE_VOTE, f6c59282-8b8b-4bc6-9a7f-0a226baa887b, group-2F3E61A8A7E1, 0, (t:0, i:0))
2023-04-27 19:25:06,964 [grpc-default-executor-0] INFO  impl.VoteContext (VoteContext.java:log(49)) - b8a2b3ae-f6d1-4c33-80c4-6391c5d511a4@group-2F3E61A8A7E1-FOLLOWER: accept PRE_VOTE from f6c59282-8b8b-4bc6-9a7f-0a226baa887b: our priority 0 <= candidate's priority 1
2023-04-27 19:25:06,964 [grpc-default-executor-0] INFO  server.RaftServer$Division (RaftServerImpl.java:requestVote(1251)) - b8a2b3ae-f6d1-4c33-80c4-6391c5d511a4@group-2F3E61A8A7E1 replies to PRE_VOTE vote request: f6c59282-8b8b-4bc6-9a7f-0a226baa887b<-b8a2b3ae-f6d1-4c33-80c4-6391c5d511a4#0:OK-t0. Peer's state: b8a2b3ae-f6d1-4c33-80c4-6391c5d511a4@group-2F3E61A8A7E1:t0, leader=null, voted=, raftlog=Memoized:b8a2b3ae-f6d1-4c33-80c4-6391c5d511a4@group-2F3E61A8A7E1-SegmentedRaftLog:OPENED:c-1, conf=-1: peers:[b8a2b3ae-f6d1-4c33-80c4-6391c5d511a4|rpc:10.1.0.191:34305|dataStream:10.1.0.191:43589|priority:0|startupRole:FOLLOWER, b541e7ff-e94a-40bd-b2ad-c5dbbcbc2c5b|rpc:10.1.0.191:33317|dataStream:10.1.0.191:44131|priority:0|startupRole:FOLLOWER, f6c59282-8b8b-4bc6-9a7f-0a226baa887b|rpc:10.1.0.191:43027|dataStream:10.1.0.191:39765|priority:1|startupRole:FOLLOWER]|listeners:[], old=null
2023-04-27 19:25:06,966 [f6c59282-8b8b-4bc6-9a7f-0a226baa887b@group-2F3E61A8A7E1-LeaderElection6] INFO  impl.LeaderElection (LeaderElection.java:logAndReturn(90)) - f6c59282-8b8b-4bc6-9a7f-0a226baa887b@group-2F3E61A8A7E1-LeaderElection6: PRE_VOTE PASSED received 1 response(s) and 0 exception(s):
2023-04-27 19:25:06,966 [f6c59282-8b8b-4bc6-9a7f-0a226baa887b@group-2F3E61A8A7E1-LeaderElection6] INFO  impl.LeaderElection (LeaderElection.java:logAndReturn(94)) -   Response 0: f6c59282-8b8b-4bc6-9a7f-0a226baa887b<-b8a2b3ae-f6d1-4c33-80c4-6391c5d511a4#0:OK-t0
2023-04-27 19:25:06,963 [grpc-default-executor-1] INFO  server.RaftServer$Division (RaftServerImpl.java:requestVote(1218)) - b541e7ff-e94a-40bd-b2ad-c5dbbcbc2c5b@group-2F3E61A8A7E1: receive requestVote(PRE_VOTE, f6c59282-8b8b-4bc6-9a7f-0a226baa887b, group-2F3E61A8A7E1, 0, (t:0, i:0))
2023-04-27 19:25:06,966 [f6c59282-8b8b-4bc6-9a7f-0a226baa887b@group-2F3E61A8A7E1-LeaderElection6] INFO  impl.LeaderElection (LeaderElection.java:askForVotes(314)) - f6c59282-8b8b-4bc6-9a7f-0a226baa887b@group-2F3E61A8A7E1-LeaderElection6 PRE_VOTE round 0: result PASSED
2023-04-27 19:25:06,967 [grpc-default-executor-1] INFO  impl.VoteContext (VoteContext.java:log(49)) - b541e7ff-e94a-40bd-b2ad-c5dbbcbc2c5b@group-2F3E61A8A7E1-FOLLOWER: accept PRE_VOTE from f6c59282-8b8b-4bc6-9a7f-0a226baa887b: our priority 0 <= candidate's priority 1
2023-04-27 19:25:06,968 [grpc-default-executor-1] INFO  server.RaftServer$Division (RaftServerImpl.java:requestVote(1251)) - b541e7ff-e94a-40bd-b2ad-c5dbbcbc2c5b@group-2F3E61A8A7E1 replies to PRE_VOTE vote request: f6c59282-8b8b-4bc6-9a7f-0a226baa887b<-b541e7ff-e94a-40bd-b2ad-c5dbbcbc2c5b#0:OK-t0. Peer's state: b541e7ff-e94a-40bd-b2ad-c5dbbcbc2c5b@group-2F3E61A8A7E1:t0, leader=null, voted=, raftlog=Memoized:b541e7ff-e94a-40bd-b2ad-c5dbbcbc2c5b@group-2F3E61A8A7E1-SegmentedRaftLog:OPENED:c-1, conf=-1: peers:[b8a2b3ae-f6d1-4c33-80c4-6391c5d511a4|rpc:10.1.0.191:34305|dataStream:10.1.0.191:43589|priority:0|startupRole:FOLLOWER, b541e7ff-e94a-40bd-b2ad-c5dbbcbc2c5b|rpc:10.1.0.191:33317|dataStream:10.1.0.191:44131|priority:0|startupRole:FOLLOWER, f6c59282-8b8b-4bc6-9a7f-0a226baa887b|rpc:10.1.0.191:43027|dataStream:10.1.0.191:39765|priority:1|startupRole:FOLLOWER]|listeners:[], old=null
2023-04-27 19:25:06,969 [f6c59282-8b8b-4bc6-9a7f-0a226baa887b@group-2F3E61A8A7E1-LeaderElection6] INFO  impl.LeaderElection (LeaderElection.java:askForVotes(312)) - f6c59282-8b8b-4bc6-9a7f-0a226baa887b@group-2F3E61A8A7E1-LeaderElection6 ELECTION round 0: submit vote requests at term 1 for -1: peers:[b8a2b3ae-f6d1-4c33-80c4-6391c5d511a4|rpc:10.1.0.191:34305|dataStream:10.1.0.191:43589|priority:0|startupRole:FOLLOWER, b541e7ff-e94a-40bd-b2ad-c5dbbcbc2c5b|rpc:10.1.0.191:33317|dataStream:10.1.0.191:44131|priority:0|startupRole:FOLLOWER, f6c59282-8b8b-4bc6-9a7f-0a226baa887b|rpc:10.1.0.191:43027|dataStream:10.1.0.191:39765|priority:1|startupRole:FOLLOWER]|listeners:[], old=null
2023-04-27 19:25:06,981 [f6c59282-8b8b-4bc6-9a7f-0a226baa887b@group-2F3E61A8A7E1-LeaderElection6] INFO  server.RaftServerConfigKeys (ConfUtils.java:logFallback(53)) - raft.server.rpc.first-election.timeout.min = 5s (fallback to raft.server.rpc.timeout.min)
2023-04-27 19:25:06,981 [f6c59282-8b8b-4bc6-9a7f-0a226baa887b@group-2F3E61A8A7E1-LeaderElection6] INFO  server.RaftServerConfigKeys (ConfUtils.java:logFallback(53)) - raft.server.rpc.first-election.timeout.max = 5200ms (fallback to raft.server.rpc.timeout.max)
2023-04-27 19:25:06,989 [grpc-default-executor-1] INFO  server.RaftServer$Division (RaftServerImpl.java:requestVote(1218)) - b541e7ff-e94a-40bd-b2ad-c5dbbcbc2c5b@group-2F3E61A8A7E1: receive requestVote(ELECTION, f6c59282-8b8b-4bc6-9a7f-0a226baa887b, group-2F3E61A8A7E1, 1, (t:0, i:0))
2023-04-27 19:25:06,991 [grpc-default-executor-1] INFO  impl.VoteContext (VoteContext.java:log(49)) - b541e7ff-e94a-40bd-b2ad-c5dbbcbc2c5b@group-2F3E61A8A7E1-FOLLOWER: accept ELECTION from f6c59282-8b8b-4bc6-9a7f-0a226baa887b: our priority 0 <= candidate's priority 1
2023-04-27 19:25:06,991 [grpc-default-executor-1] INFO  server.RaftServer$Division (RaftServerImpl.java:setRole(321)) - b541e7ff-e94a-40bd-b2ad-c5dbbcbc2c5b@group-2F3E61A8A7E1: changes role from  FOLLOWER to FOLLOWER at term 1 for candidate:f6c59282-8b8b-4bc6-9a7f-0a226baa887b
2023-04-27 19:25:06,991 [grpc-default-executor-1] INFO  impl.RoleInfo (RoleInfo.java:shutdownFollowerState(110)) - b541e7ff-e94a-40bd-b2ad-c5dbbcbc2c5b: shutdown b541e7ff-e94a-40bd-b2ad-c5dbbcbc2c5b@group-2F3E61A8A7E1-FollowerState
2023-04-27 19:25:06,991 [grpc-default-executor-1] INFO  impl.RoleInfo (RoleInfo.java:updateAndGet(139)) - b541e7ff-e94a-40bd-b2ad-c5dbbcbc2c5b: start b541e7ff-e94a-40bd-b2ad-c5dbbcbc2c5b@group-2F3E61A8A7E1-FollowerState
2023-04-27 19:25:06,991 [b541e7ff-e94a-40bd-b2ad-c5dbbcbc2c5b@group-2F3E61A8A7E1-FollowerState] INFO  impl.FollowerState (FollowerState.java:run(152)) - b541e7ff-e94a-40bd-b2ad-c5dbbcbc2c5b@group-2F3E61A8A7E1-FollowerState was interrupted
2023-04-27 19:25:06,989 [grpc-default-executor-0] INFO  server.RaftServer$Division (RaftServerImpl.java:requestVote(1218)) - b8a2b3ae-f6d1-4c33-80c4-6391c5d511a4@group-2F3E61A8A7E1: receive requestVote(ELECTION, f6c59282-8b8b-4bc6-9a7f-0a226baa887b, group-2F3E61A8A7E1, 1, (t:0, i:0))
2023-04-27 19:25:06,991 [grpc-default-executor-0] INFO  impl.VoteContext (VoteContext.java:log(49)) - b8a2b3ae-f6d1-4c33-80c4-6391c5d511a4@group-2F3E61A8A7E1-FOLLOWER: accept ELECTION from f6c59282-8b8b-4bc6-9a7f-0a226baa887b: our priority 0 <= candidate's priority 1
2023-04-27 19:25:06,991 [grpc-default-executor-0] INFO  server.RaftServer$Division (RaftServerImpl.java:setRole(321)) - b8a2b3ae-f6d1-4c33-80c4-6391c5d511a4@group-2F3E61A8A7E1: changes role from  FOLLOWER to FOLLOWER at term 1 for candidate:f6c59282-8b8b-4bc6-9a7f-0a226baa887b
2023-04-27 19:25:06,991 [grpc-default-executor-0] INFO  impl.RoleInfo (RoleInfo.java:shutdownFollowerState(110)) - b8a2b3ae-f6d1-4c33-80c4-6391c5d511a4: shutdown b8a2b3ae-f6d1-4c33-80c4-6391c5d511a4@group-2F3E61A8A7E1-FollowerState
2023-04-27 19:25:06,995 [b541e7ff-e94a-40bd-b2ad-c5dbbcbc2c5b@group-2F3E61A8A7E1-FollowerState] INFO  server.RaftServerConfigKeys (ConfUtils.java:logFallback(53)) - raft.server.rpc.first-election.timeout.min = 5s (fallback to raft.server.rpc.timeout.min)
2023-04-27 19:25:06,996 [b8a2b3ae-f6d1-4c33-80c4-6391c5d511a4@group-2F3E61A8A7E1-FollowerState] INFO  impl.FollowerState (FollowerState.java:run(152)) - b8a2b3ae-f6d1-4c33-80c4-6391c5d511a4@group-2F3E61A8A7E1-FollowerState was interrupted
2023-04-27 19:25:06,996 [b541e7ff-e94a-40bd-b2ad-c5dbbcbc2c5b@group-2F3E61A8A7E1-FollowerState] INFO  server.RaftServerConfigKeys (ConfUtils.java:logFallback(53)) - raft.server.rpc.first-election.timeout.max = 5200ms (fallback to raft.server.rpc.timeout.max)
2023-04-27 19:25:06,996 [grpc-default-executor-0] INFO  impl.RoleInfo (RoleInfo.java:updateAndGet(139)) - b8a2b3ae-f6d1-4c33-80c4-6391c5d511a4: start b8a2b3ae-f6d1-4c33-80c4-6391c5d511a4@group-2F3E61A8A7E1-FollowerState
2023-04-27 19:25:06,997 [b8a2b3ae-f6d1-4c33-80c4-6391c5d511a4@group-2F3E61A8A7E1-FollowerState] INFO  server.RaftServerConfigKeys (ConfUtils.java:logFallback(53)) - raft.server.rpc.first-election.timeout.min = 5s (fallback to raft.server.rpc.timeout.min)
2023-04-27 19:25:06,997 [b8a2b3ae-f6d1-4c33-80c4-6391c5d511a4@group-2F3E61A8A7E1-FollowerState] INFO  server.RaftServerConfigKeys (ConfUtils.java:logFallback(53)) - raft.server.rpc.first-election.timeout.max = 5200ms (fallback to raft.server.rpc.timeout.max)
2023-04-27 19:25:06,997 [grpc-default-executor-1] INFO  server.RaftServer$Division (RaftServerImpl.java:requestVote(1251)) - b541e7ff-e94a-40bd-b2ad-c5dbbcbc2c5b@group-2F3E61A8A7E1 replies to ELECTION vote request: f6c59282-8b8b-4bc6-9a7f-0a226baa887b<-b541e7ff-e94a-40bd-b2ad-c5dbbcbc2c5b#0:OK-t1. Peer's state: b541e7ff-e94a-40bd-b2ad-c5dbbcbc2c5b@group-2F3E61A8A7E1:t1, leader=null, voted=f6c59282-8b8b-4bc6-9a7f-0a226baa887b, raftlog=Memoized:b541e7ff-e94a-40bd-b2ad-c5dbbcbc2c5b@group-2F3E61A8A7E1-SegmentedRaftLog:OPENED:c-1, conf=-1: peers:[b8a2b3ae-f6d1-4c33-80c4-6391c5d511a4|rpc:10.1.0.191:34305|dataStream:10.1.0.191:43589|priority:0|startupRole:FOLLOWER, b541e7ff-e94a-40bd-b2ad-c5dbbcbc2c5b|rpc:10.1.0.191:33317|dataStream:10.1.0.191:44131|priority:0|startupRole:FOLLOWER, f6c59282-8b8b-4bc6-9a7f-0a226baa887b|rpc:10.1.0.191:43027|dataStream:10.1.0.191:39765|priority:1|startupRole:FOLLOWER]|listeners:[], old=null
2023-04-27 19:25:06,999 [f6c59282-8b8b-4bc6-9a7f-0a226baa887b@group-2F3E61A8A7E1-LeaderElection6] INFO  impl.LeaderElection (LeaderElection.java:logAndReturn(90)) - f6c59282-8b8b-4bc6-9a7f-0a226baa887b@group-2F3E61A8A7E1-LeaderElection6: ELECTION PASSED received 1 response(s) and 0 exception(s):
2023-04-27 19:25:06,999 [f6c59282-8b8b-4bc6-9a7f-0a226baa887b@group-2F3E61A8A7E1-LeaderElection6] INFO  impl.LeaderElection (LeaderElection.java:logAndReturn(94)) -   Response 0: f6c59282-8b8b-4bc6-9a7f-0a226baa887b<-b541e7ff-e94a-40bd-b2ad-c5dbbcbc2c5b#0:OK-t1
2023-04-27 19:25:06,999 [f6c59282-8b8b-4bc6-9a7f-0a226baa887b@group-2F3E61A8A7E1-LeaderElection6] INFO  impl.LeaderElection (LeaderElection.java:askForVotes(314)) - f6c59282-8b8b-4bc6-9a7f-0a226baa887b@group-2F3E61A8A7E1-LeaderElection6 ELECTION round 0: result PASSED
2023-04-27 19:25:06,999 [f6c59282-8b8b-4bc6-9a7f-0a226baa887b@group-2F3E61A8A7E1-LeaderElection6] INFO  impl.RoleInfo (RoleInfo.java:shutdownLeaderElection(130)) - f6c59282-8b8b-4bc6-9a7f-0a226baa887b: shutdown f6c59282-8b8b-4bc6-9a7f-0a226baa887b@group-2F3E61A8A7E1-LeaderElection6
2023-04-27 19:25:07,000 [f6c59282-8b8b-4bc6-9a7f-0a226baa887b@group-2F3E61A8A7E1-LeaderElection6] INFO  server.RaftServer$Division (RaftServerImpl.java:setRole(321)) - f6c59282-8b8b-4bc6-9a7f-0a226baa887b@group-2F3E61A8A7E1: changes role from CANDIDATE to LEADER at term 1 for changeToLeader
2023-04-27 19:25:06,999 [grpc-default-executor-0] INFO  server.RaftServer$Division (RaftServerImpl.java:requestVote(1251)) - b8a2b3ae-f6d1-4c33-80c4-6391c5d511a4@group-2F3E61A8A7E1 replies to ELECTION vote request: f6c59282-8b8b-4bc6-9a7f-0a226baa887b<-b8a2b3ae-f6d1-4c33-80c4-6391c5d511a4#0:OK-t1. Peer's state: b8a2b3ae-f6d1-4c33-80c4-6391c5d511a4@group-2F3E61A8A7E1:t1, leader=null, voted=f6c59282-8b8b-4bc6-9a7f-0a226baa887b, raftlog=Memoized:b8a2b3ae-f6d1-4c33-80c4-6391c5d511a4@group-2F3E61A8A7E1-SegmentedRaftLog:OPENED:c-1, conf=-1: peers:[b8a2b3ae-f6d1-4c33-80c4-6391c5d511a4|rpc:10.1.0.191:34305|dataStream:10.1.0.191:43589|priority:0|startupRole:FOLLOWER, b541e7ff-e94a-40bd-b2ad-c5dbbcbc2c5b|rpc:10.1.0.191:33317|dataStream:10.1.0.191:44131|priority:0|startupRole:FOLLOWER, f6c59282-8b8b-4bc6-9a7f-0a226baa887b|rpc:10.1.0.191:43027|dataStream:10.1.0.191:39765|priority:1|startupRole:FOLLOWER]|listeners:[], old=null
2023-04-27 19:25:07,000 [f6c59282-8b8b-4bc6-9a7f-0a226baa887b@group-2F3E61A8A7E1-LeaderElection6] INFO  ratis.XceiverServerRatis (XceiverServerRatis.java:handleLeaderChangedNotification(904)) - Leader change notification received for group: group-2F3E61A8A7E1 with new leaderId: f6c59282-8b8b-4bc6-9a7f-0a226baa887b
2023-04-27 19:25:07,004 [f6c59282-8b8b-4bc6-9a7f-0a226baa887b@group-2F3E61A8A7E1-LeaderElection6] INFO  server.RaftServer$Division (ServerState.java:setLeader(313)) - f6c59282-8b8b-4bc6-9a7f-0a226baa887b@group-2F3E61A8A7E1: change Leader from null to f6c59282-8b8b-4bc6-9a7f-0a226baa887b at term 1 for becomeLeader, leader elected after 5253ms
2023-04-27 19:25:07,004 [f6c59282-8b8b-4bc6-9a7f-0a226baa887b@group-2F3E61A8A7E1-LeaderElection6] INFO  server.RaftServerConfigKeys (ConfUtils.java:logGet(46)) - raft.server.staging.catchup.gap = 1000 (default)
2023-04-27 19:25:07,004 [f6c59282-8b8b-4bc6-9a7f-0a226baa887b@group-2F3E61A8A7E1-LeaderElection6] INFO  server.RaftServerConfigKeys (ConfUtils.java:logGet(46)) - raft.server.write.element-limit = 1024 (custom)
2023-04-27 19:25:07,004 [f6c59282-8b8b-4bc6-9a7f-0a226baa887b@group-2F3E61A8A7E1-LeaderElection6] INFO  server.RaftServerConfigKeys (ConfUtils.java:logGet(46)) - raft.server.write.byte-limit = 1024 M (=1073741824) (custom)
2023-04-27 19:25:07,005 [f6c59282-8b8b-4bc6-9a7f-0a226baa887b@group-2F3E61A8A7E1-LeaderElection6] INFO  server.RaftServerConfigKeys (ConfUtils.java:logGet(46)) - raft.server.watch.timeout = 180s (custom)
2023-04-27 19:25:07,005 [f6c59282-8b8b-4bc6-9a7f-0a226baa887b@group-2F3E61A8A7E1-LeaderElection6] INFO  server.RaftServerConfigKeys (ConfUtils.java:logGet(46)) - raft.server.watch.timeout.denomination = 1s (default)
2023-04-27 19:25:07,005 [f6c59282-8b8b-4bc6-9a7f-0a226baa887b@group-2F3E61A8A7E1-LeaderElection6] INFO  server.RaftServerConfigKeys (ConfUtils.java:logGet(46)) - raft.server.watch.element-limit = 65536 (default)
2023-04-27 19:25:07,005 [f6c59282-8b8b-4bc6-9a7f-0a226baa887b@group-2F3E61A8A7E1-LeaderElection6] INFO  server.RaftServerConfigKeys (ConfUtils.java:logGet(46)) - raft.server.write.element-limit = 1024 (custom)
2023-04-27 19:25:07,005 [f6c59282-8b8b-4bc6-9a7f-0a226baa887b@group-2F3E61A8A7E1-LeaderElection6] INFO  server.RaftServerConfigKeys (ConfUtils.java:logGet(46)) - raft.server.write.follower.gap.ratio.max = -1.0 (default)
2023-04-27 19:25:07,013 [EventQueue-PipelineReportForPipelineReportHandler] INFO  pipeline.PipelineManagerImpl (PipelineManagerImpl.java:openPipeline(367)) - Pipeline Pipeline[ Id: 654a6875-cda0-4f40-9516-2f3e61a8a7e1, Nodes: b541e7ff-e94a-40bd-b2ad-c5dbbcbc2c5b(fv-az240-684.bcold04rutgefduts2gkrghvsa.bx.internal.cloudapp.net/10.1.0.191)b8a2b3ae-f6d1-4c33-80c4-6391c5d511a4(fv-az240-684.bcold04rutgefduts2gkrghvsa.bx.internal.cloudapp.net/10.1.0.191)f6c59282-8b8b-4bc6-9a7f-0a226baa887b(fv-az240-684.bcold04rutgefduts2gkrghvsa.bx.internal.cloudapp.net/10.1.0.191), ReplicationConfig: RATIS/THREE, State:ALLOCATED, leaderId:f6c59282-8b8b-4bc6-9a7f-0a226baa887b, CreationTimestamp2023-04-27T19:24:59.120Z[Etc/UTC]] moved to OPEN state
2023-04-27 19:25:07,013 [EventQueue-OpenPipelineForHealthyPipelineSafeModeRule] INFO  safemode.SCMSafeModeManager (HealthyPipelineSafeModeRule.java:process(137)) - SCM in safe mode. Healthy pipelines reported count is 0, required healthy pipeline reported count is 1
2023-04-27 19:25:07,017 [EventQueue-OpenPipelineForHealthyPipelineSafeModeRule] INFO  safemode.SCMSafeModeManager (HealthyPipelineSafeModeRule.java:process(137)) - SCM in safe mode. Healthy pipelines reported count is 1, required healthy pipeline reported count is 1
2023-04-27 19:25:07,017 [EventQueue-OpenPipelineForHealthyPipelineSafeModeRule] INFO  safemode.SCMSafeModeManager (SCMSafeModeManager.java:validateSafeModeExitRules(200)) - HealthyPipelineSafeModeRule rule is successfully validated
2023-04-27 19:25:07,017 [EventQueue-OpenPipelineForHealthyPipelineSafeModeRule] INFO  safemode.SCMSafeModeManager (SCMSafeModeManager.java:validateSafeModeExitRules(215)) - ScmSafeModeManager, all rules are successfully validated
2023-04-27 19:25:07,017 [EventQueue-OpenPipelineForHealthyPipelineSafeModeRule] INFO  safemode.SCMSafeModeManager (SCMSafeModeManager.java:exitSafeMode(244)) - SCM exiting safe mode.
2023-04-27 19:25:07,017 [EventQueue-OpenPipelineForHealthyPipelineSafeModeRule] INFO  ha.SCMContext (SCMContext.java:updateSafeModeStatus(228)) - Update SafeModeStatus from SafeModeStatus{safeModeStatus=true, preCheckPassed=true} to SafeModeStatus{safeModeStatus=false, preCheckPassed=true}.
2023-04-27 19:25:07,017 [EventQueue-OpenPipelineForHealthyPipelineSafeModeRule] INFO  pipeline.BackgroundPipelineCreator (BackgroundPipelineCreator.java:notifyStatusChanged(254)) - Service BackgroundPipelineCreator transitions to RUNNING.
2023-04-27 19:25:07,017 [EventQueue-OpenPipelineForHealthyPipelineSafeModeRule] INFO  BackgroundPipelineScrubber (BackgroundSCMService.java:notifyStatusChanged(82)) - Service BackgroundPipelineScrubber transitions to RUNNING.
2023-04-27 19:25:07,017 [EventQueue-OpenPipelineForHealthyPipelineSafeModeRule] INFO  ExpiredContainerReplicaOpScrubber (BackgroundSCMService.java:notifyStatusChanged(82)) - Service ExpiredContainerReplicaOpScrubber transitions to RUNNING.
2023-04-27 19:25:07,017 [EventQueue-OpenPipelineForHealthyPipelineSafeModeRule] INFO  replication.ReplicationManager (ReplicationManager.java:notifyStatusChanged(1369)) - Service ReplicationManager transitions to RUNNING.
2023-04-27 19:25:07,020 [EventQueue-OpenPipelineForHealthyPipelineSafeModeRule] WARN  balancer.ContainerBalancer (ContainerBalancer.java:shouldRun(132)) - Could not find persisted configuration for ContainerBalancer when checking if ContainerBalancer should run. ContainerBalancer should not run now.
2023-04-27 19:25:07,024 [f6c59282-8b8b-4bc6-9a7f-0a226baa887b@group-2F3E61A8A7E1-LeaderElection6] INFO  server.RaftServerConfigKeys (ConfUtils.java:logGet(46)) - raft.server.log.appender.snapshot.chunk.size.max = 16MB (=16777216) (default)
2023-04-27 19:25:07,024 [f6c59282-8b8b-4bc6-9a7f-0a226baa887b@group-2F3E61A8A7E1-LeaderElection6] INFO  server.RaftServerConfigKeys (ConfUtils.java:logGet(46)) - raft.server.log.appender.buffer.byte-limit = 33554432 (custom)
2023-04-27 19:25:07,025 [f6c59282-8b8b-4bc6-9a7f-0a226baa887b@group-2F3E61A8A7E1-LeaderElection6] INFO  server.RaftServerConfigKeys (ConfUtils.java:logGet(46)) - raft.server.log.appender.buffer.element-limit = 1 (custom)
2023-04-27 19:25:07,030 [f6c59282-8b8b-4bc6-9a7f-0a226baa887b@group-2F3E61A8A7E1-LeaderElection6] INFO  grpc.GrpcConfigKeys (ConfUtils.java:logGet(46)) - raft.grpc.server.leader.outstanding.appends.max = 128 (default)
2023-04-27 19:25:07,030 [f6c59282-8b8b-4bc6-9a7f-0a226baa887b@group-2F3E61A8A7E1-LeaderElection6] INFO  server.RaftServerConfigKeys (ConfUtils.java:logGet(46)) - raft.server.rpc.request.timeout = 60s (custom)
2023-04-27 19:25:07,030 [f6c59282-8b8b-4bc6-9a7f-0a226baa887b@group-2F3E61A8A7E1-LeaderElection6] INFO  server.RaftServerConfigKeys (ConfUtils.java:logGet(46)) - raft.server.log.appender.install.snapshot.enabled = false (custom)
2023-04-27 19:25:07,030 [f6c59282-8b8b-4bc6-9a7f-0a226baa887b@group-2F3E61A8A7E1-LeaderElection6] INFO  grpc.GrpcConfigKeys (ConfUtils.java:logGet(46)) - raft.grpc.server.heartbeat.channel = true (default)
2023-04-27 19:25:07,030 [f6c59282-8b8b-4bc6-9a7f-0a226baa887b@group-2F3E61A8A7E1-LeaderElection6] INFO  server.RaftServerConfigKeys (ConfUtils.java:logGet(46)) - raft.server.log.appender.wait-time.min = 10ms (default)
2023-04-27 19:25:07,033 [f6c59282-8b8b-4bc6-9a7f-0a226baa887b@group-2F3E61A8A7E1-LeaderElection6] INFO  server.RaftServerConfigKeys (ConfUtils.java:logGet(46)) - raft.server.log.appender.snapshot.chunk.size.max = 16MB (=16777216) (default)
2023-04-27 19:25:07,034 [f6c59282-8b8b-4bc6-9a7f-0a226baa887b@group-2F3E61A8A7E1-LeaderElection6] INFO  server.RaftServerConfigKeys (ConfUtils.java:logGet(46)) - raft.server.log.appender.buffer.byte-limit = 33554432 (custom)
2023-04-27 19:25:07,034 [f6c59282-8b8b-4bc6-9a7f-0a226baa887b@group-2F3E61A8A7E1-LeaderElection6] INFO  server.RaftServerConfigKeys (ConfUtils.java:logGet(46)) - raft.server.log.appender.buffer.element-limit = 1 (custom)
2023-04-27 19:25:07,034 [f6c59282-8b8b-4bc6-9a7f-0a226baa887b@group-2F3E61A8A7E1-LeaderElection6] INFO  grpc.GrpcConfigKeys (ConfUtils.java:logGet(46)) - raft.grpc.server.leader.outstanding.appends.max = 128 (default)
2023-04-27 19:25:07,034 [f6c59282-8b8b-4bc6-9a7f-0a226baa887b@group-2F3E61A8A7E1-LeaderElection6] INFO  server.RaftServerConfigKeys (ConfUtils.java:logGet(46)) - raft.server.rpc.request.timeout = 60s (custom)
2023-04-27 19:25:07,034 [f6c59282-8b8b-4bc6-9a7f-0a226baa887b@group-2F3E61A8A7E1-LeaderElection6] INFO  server.RaftServerConfigKeys (ConfUtils.java:logGet(46)) - raft.server.log.appender.install.snapshot.enabled = false (custom)
2023-04-27 19:25:07,034 [f6c59282-8b8b-4bc6-9a7f-0a226baa887b@group-2F3E61A8A7E1-LeaderElection6] INFO  grpc.GrpcConfigKeys (ConfUtils.java:logGet(46)) - raft.grpc.server.heartbeat.channel = true (default)
2023-04-27 19:25:07,034 [f6c59282-8b8b-4bc6-9a7f-0a226baa887b@group-2F3E61A8A7E1-LeaderElection6] INFO  server.RaftServerConfigKeys (ConfUtils.java:logGet(46)) - raft.server.log.appender.wait-time.min = 10ms (default)
2023-04-27 19:25:07,035 [f6c59282-8b8b-4bc6-9a7f-0a226baa887b@group-2F3E61A8A7E1-LeaderElection6] INFO  impl.RoleInfo (RoleInfo.java:updateAndGet(139)) - f6c59282-8b8b-4bc6-9a7f-0a226baa887b: start f6c59282-8b8b-4bc6-9a7f-0a226baa887b@group-2F3E61A8A7E1-LeaderStateImpl
2023-04-27 19:25:07,039 [b541e7ff-e94a-40bd-b2ad-c5dbbcbc2c5b@group-6DDB49DBE31F-FollowerState] INFO  impl.FollowerState (FollowerState.java:run(143)) - b541e7ff-e94a-40bd-b2ad-c5dbbcbc2c5b@group-6DDB49DBE31F-FollowerState: change to CANDIDATE, lastRpcElapsedTime:5170486043ns, electionTimeout:5158ms
2023-04-27 19:25:07,040 [b541e7ff-e94a-40bd-b2ad-c5dbbcbc2c5b@group-6DDB49DBE31F-FollowerState] INFO  impl.RoleInfo (RoleInfo.java:shutdownFollowerState(110)) - b541e7ff-e94a-40bd-b2ad-c5dbbcbc2c5b: shutdown b541e7ff-e94a-40bd-b2ad-c5dbbcbc2c5b@group-6DDB49DBE31F-FollowerState
2023-04-27 19:25:07,040 [b541e7ff-e94a-40bd-b2ad-c5dbbcbc2c5b@group-6DDB49DBE31F-FollowerState] INFO  server.RaftServer$Division (RaftServerImpl.java:setRole(321)) - b541e7ff-e94a-40bd-b2ad-c5dbbcbc2c5b@group-6DDB49DBE31F: changes role from  FOLLOWER to CANDIDATE at term 0 for changeToCandidate
2023-04-27 19:25:07,040 [b541e7ff-e94a-40bd-b2ad-c5dbbcbc2c5b@group-6DDB49DBE31F-FollowerState] INFO  server.RaftServerConfigKeys (ConfUtils.java:logGet(46)) - raft.server.leaderelection.pre-vote = true (default)
2023-04-27 19:25:07,040 [b541e7ff-e94a-40bd-b2ad-c5dbbcbc2c5b@group-6DDB49DBE31F-FollowerState] INFO  impl.RoleInfo (RoleInfo.java:updateAndGet(139)) - b541e7ff-e94a-40bd-b2ad-c5dbbcbc2c5b: start b541e7ff-e94a-40bd-b2ad-c5dbbcbc2c5b@group-6DDB49DBE31F-LeaderElection7
2023-04-27 19:25:07,041 [f6c59282-8b8b-4bc6-9a7f-0a226baa887b@group-2F3E61A8A7E1-LeaderElection6] INFO  segmented.SegmentedRaftLogWorker (SegmentedRaftLogWorker.java:startLogSegment(452)) - f6c59282-8b8b-4bc6-9a7f-0a226baa887b@group-2F3E61A8A7E1-SegmentedRaftLogWorker: Starting segment from index:0
2023-04-27 19:25:07,043 [f6c59282-8b8b-4bc6-9a7f-0a226baa887b@group-2F3E61A8A7E1-SegmentedRaftLogWorker] INFO  segmented.SegmentedRaftLogWorker (SegmentedRaftLogWorker.java:execute(656)) - f6c59282-8b8b-4bc6-9a7f-0a226baa887b@group-2F3E61A8A7E1-SegmentedRaftLogWorker: created new log segment /home/runner/work/ozone/ozone/hadoop-ozone/integration-test/target/test-dir/MiniOzoneClusterImpl-cbda0cd1-5e50-4c9a-9fd3-3711af7baf07/datanode-1/data/ratis/654a6875-cda0-4f40-9516-2f3e61a8a7e1/current/log_inprogress_0
2023-04-27 19:25:07,050 [b541e7ff-e94a-40bd-b2ad-c5dbbcbc2c5b@group-6DDB49DBE31F-LeaderElection7] INFO  impl.LeaderElection (LeaderElection.java:askForVotes(312)) - b541e7ff-e94a-40bd-b2ad-c5dbbcbc2c5b@group-6DDB49DBE31F-LeaderElection7 PRE_VOTE round 0: submit vote requests at term 0 for -1: peers:[b8a2b3ae-f6d1-4c33-80c4-6391c5d511a4|rpc:10.1.0.191:34305|dataStream:10.1.0.191:43589|priority:0|startupRole:FOLLOWER, b541e7ff-e94a-40bd-b2ad-c5dbbcbc2c5b|rpc:10.1.0.191:33317|dataStream:10.1.0.191:44131|priority:1|startupRole:FOLLOWER, f6c59282-8b8b-4bc6-9a7f-0a226baa887b|rpc:10.1.0.191:43027|dataStream:10.1.0.191:39765|priority:0|startupRole:FOLLOWER]|listeners:[], old=null
2023-04-27 19:25:07,052 [f6c59282-8b8b-4bc6-9a7f-0a226baa887b@group-2F3E61A8A7E1-LeaderElection6] INFO  server.RaftServer$Division (ServerState.java:setRaftConf(430)) - f6c59282-8b8b-4bc6-9a7f-0a226baa887b@group-2F3E61A8A7E1: set configuration 0: peers:[b8a2b3ae-f6d1-4c33-80c4-6391c5d511a4|rpc:10.1.0.191:34305|dataStream:10.1.0.191:43589|priority:0|startupRole:FOLLOWER, b541e7ff-e94a-40bd-b2ad-c5dbbcbc2c5b|rpc:10.1.0.191:33317|dataStream:10.1.0.191:44131|priority:0|startupRole:FOLLOWER, f6c59282-8b8b-4bc6-9a7f-0a226baa887b|rpc:10.1.0.191:43027|dataStream:10.1.0.191:39765|priority:1|startupRole:FOLLOWER]|listeners:[], old=null
2023-04-27 19:25:07,059 [b541e7ff-e94a-40bd-b2ad-c5dbbcbc2c5b@group-6DDB49DBE31F-LeaderElection7] INFO  server.RaftServerConfigKeys (ConfUtils.java:logFallback(53)) - raft.server.rpc.first-election.timeout.min = 5s (fallback to raft.server.rpc.timeout.min)
2023-04-27 19:25:07,069 [b541e7ff-e94a-40bd-b2ad-c5dbbcbc2c5b@group-6DDB49DBE31F-LeaderElection7] INFO  server.RaftServerConfigKeys (ConfUtils.java:logFallback(53)) - raft.server.rpc.first-election.timeout.max = 5200ms (fallback to raft.server.rpc.timeout.max)
2023-04-27 19:25:07,069 [grpc-default-executor-0] INFO  server.RaftServer$Division (RaftServerImpl.java:requestVote(1218)) - b8a2b3ae-f6d1-4c33-80c4-6391c5d511a4@group-6DDB49DBE31F: receive requestVote(PRE_VOTE, b541e7ff-e94a-40bd-b2ad-c5dbbcbc2c5b, group-6DDB49DBE31F, 0, (t:0, i:0))
2023-04-27 19:25:07,080 [grpc-default-executor-1] INFO  server.RaftServer$Division (RaftServerImpl.java:requestVote(1218)) - f6c59282-8b8b-4bc6-9a7f-0a226baa887b@group-6DDB49DBE31F: receive requestVote(PRE_VOTE, b541e7ff-e94a-40bd-b2ad-c5dbbcbc2c5b, group-6DDB49DBE31F, 0, (t:0, i:0))
2023-04-27 19:25:07,081 [grpc-default-executor-1] INFO  impl.VoteContext (VoteContext.java:log(49)) - f6c59282-8b8b-4bc6-9a7f-0a226baa887b@group-6DDB49DBE31F-FOLLOWER: accept PRE_VOTE from b541e7ff-e94a-40bd-b2ad-c5dbbcbc2c5b: our priority 0 <= candidate's priority 1
2023-04-27 19:25:07,081 [grpc-default-executor-1] INFO  server.RaftServer$Division (RaftServerImpl.java:requestVote(1251)) - f6c59282-8b8b-4bc6-9a7f-0a226baa887b@group-6DDB49DBE31F replies to PRE_VOTE vote request: b541e7ff-e94a-40bd-b2ad-c5dbbcbc2c5b<-f6c59282-8b8b-4bc6-9a7f-0a226baa887b#0:OK-t0. Peer's state: f6c59282-8b8b-4bc6-9a7f-0a226baa887b@group-6DDB49DBE31F:t0, leader=null, voted=, raftlog=Memoized:f6c59282-8b8b-4bc6-9a7f-0a226baa887b@group-6DDB49DBE31F-SegmentedRaftLog:OPENED:c-1, conf=-1: peers:[b8a2b3ae-f6d1-4c33-80c4-6391c5d511a4|rpc:10.1.0.191:34305|dataStream:10.1.0.191:43589|priority:0|startupRole:FOLLOWER, b541e7ff-e94a-40bd-b2ad-c5dbbcbc2c5b|rpc:10.1.0.191:33317|dataStream:10.1.0.191:44131|priority:1|startupRole:FOLLOWER, f6c59282-8b8b-4bc6-9a7f-0a226baa887b|rpc:10.1.0.191:43027|dataStream:10.1.0.191:39765|priority:0|startupRole:FOLLOWER]|listeners:[], old=null
2023-04-27 19:25:07,090 [b541e7ff-e94a-40bd-b2ad-c5dbbcbc2c5b@group-6DDB49DBE31F-LeaderElection7] INFO  impl.LeaderElection (LeaderElection.java:logAndReturn(90)) - b541e7ff-e94a-40bd-b2ad-c5dbbcbc2c5b@group-6DDB49DBE31F-LeaderElection7: PRE_VOTE PASSED received 1 response(s) and 0 exception(s):
2023-04-27 19:25:07,090 [b541e7ff-e94a-40bd-b2ad-c5dbbcbc2c5b@group-6DDB49DBE31F-LeaderElection7] INFO  impl.LeaderElection (LeaderElection.java:logAndReturn(94)) -   Response 0: b541e7ff-e94a-40bd-b2ad-c5dbbcbc2c5b<-f6c59282-8b8b-4bc6-9a7f-0a226baa887b#0:OK-t0
2023-04-27 19:25:07,090 [b541e7ff-e94a-40bd-b2ad-c5dbbcbc2c5b@group-6DDB49DBE31F-LeaderElection7] INFO  impl.LeaderElection (LeaderElection.java:askForVotes(314)) - b541e7ff-e94a-40bd-b2ad-c5dbbcbc2c5b@group-6DDB49DBE31F-LeaderElection7 PRE_VOTE round 0: result PASSED
2023-04-27 19:25:07,093 [grpc-default-executor-0] INFO  impl.VoteContext (VoteContext.java:log(49)) - b8a2b3ae-f6d1-4c33-80c4-6391c5d511a4@group-6DDB49DBE31F-FOLLOWER: accept PRE_VOTE from b541e7ff-e94a-40bd-b2ad-c5dbbcbc2c5b: our priority 0 <= candidate's priority 1
2023-04-27 19:25:07,095 [grpc-default-executor-0] INFO  server.RaftServer$Division (RaftServerImpl.java:requestVote(1251)) - b8a2b3ae-f6d1-4c33-80c4-6391c5d511a4@group-6DDB49DBE31F replies to PRE_VOTE vote request: b541e7ff-e94a-40bd-b2ad-c5dbbcbc2c5b<-b8a2b3ae-f6d1-4c33-80c4-6391c5d511a4#0:OK-t0. Peer's state: b8a2b3ae-f6d1-4c33-80c4-6391c5d511a4@group-6DDB49DBE31F:t0, leader=null, voted=, raftlog=Memoized:b8a2b3ae-f6d1-4c33-80c4-6391c5d511a4@group-6DDB49DBE31F-SegmentedRaftLog:OPENED:c-1, conf=-1: peers:[b8a2b3ae-f6d1-4c33-80c4-6391c5d511a4|rpc:10.1.0.191:34305|dataStream:10.1.0.191:43589|priority:0|startupRole:FOLLOWER, b541e7ff-e94a-40bd-b2ad-c5dbbcbc2c5b|rpc:10.1.0.191:33317|dataStream:10.1.0.191:44131|priority:1|startupRole:FOLLOWER, f6c59282-8b8b-4bc6-9a7f-0a226baa887b|rpc:10.1.0.191:43027|dataStream:10.1.0.191:39765|priority:0|startupRole:FOLLOWER]|listeners:[], old=null
2023-04-27 19:25:07,095 [b8a2b3ae-f6d1-4c33-80c4-6391c5d511a4@group-6DDB49DBE31F-FollowerState] INFO  server.RaftServerConfigKeys (ConfUtils.java:logFallback(53)) - raft.server.rpc.first-election.timeout.min = 5s (fallback to raft.server.rpc.timeout.min)
2023-04-27 19:25:07,096 [b8a2b3ae-f6d1-4c33-80c4-6391c5d511a4@group-6DDB49DBE31F-FollowerState] INFO  server.RaftServerConfigKeys (ConfUtils.java:logFallback(53)) - raft.server.rpc.first-election.timeout.max = 5200ms (fallback to raft.server.rpc.timeout.max)
2023-04-27 19:25:07,094 [b541e7ff-e94a-40bd-b2ad-c5dbbcbc2c5b@group-6DDB49DBE31F-LeaderElection7] INFO  impl.LeaderElection (LeaderElection.java:askForVotes(312)) - b541e7ff-e94a-40bd-b2ad-c5dbbcbc2c5b@group-6DDB49DBE31F-LeaderElection7 ELECTION round 0: submit vote requests at term 1 for -1: peers:[b8a2b3ae-f6d1-4c33-80c4-6391c5d511a4|rpc:10.1.0.191:34305|dataStream:10.1.0.191:43589|priority:0|startupRole:FOLLOWER, b541e7ff-e94a-40bd-b2ad-c5dbbcbc2c5b|rpc:10.1.0.191:33317|dataStream:10.1.0.191:44131|priority:1|startupRole:FOLLOWER, f6c59282-8b8b-4bc6-9a7f-0a226baa887b|rpc:10.1.0.191:43027|dataStream:10.1.0.191:39765|priority:0|startupRole:FOLLOWER]|listeners:[], old=null
2023-04-27 19:25:07,114 [b541e7ff-e94a-40bd-b2ad-c5dbbcbc2c5b@group-6DDB49DBE31F-LeaderElection7] INFO  server.RaftServerConfigKeys (ConfUtils.java:logFallback(53)) - raft.server.rpc.first-election.timeout.min = 5s (fallback to raft.server.rpc.timeout.min)
2023-04-27 19:25:07,114 [b541e7ff-e94a-40bd-b2ad-c5dbbcbc2c5b@group-6DDB49DBE31F-LeaderElection7] INFO  server.RaftServerConfigKeys (ConfUtils.java:logFallback(53)) - raft.server.rpc.first-election.timeout.max = 5200ms (fallback to raft.server.rpc.timeout.max)
2023-04-27 19:25:07,117 [Listener at 127.0.0.1/40321] INFO  ozone.MiniOzoneClusterImpl (MiniOzoneClusterImpl.java:lambda$waitForClusterToBeReady$0(223)) - Nodes are ready. Got 3 of 3 DN Heartbeats.
2023-04-27 19:25:07,118 [Listener at 127.0.0.1/40321] INFO  ozone.MiniOzoneClusterImpl (MiniOzoneClusterImpl.java:lambda$waitForClusterToBeReady$0(226)) - Cluster exits safe mode
2023-04-27 19:25:07,118 [Listener at 127.0.0.1/40321] INFO  ozone.MiniOzoneClusterImpl (MiniOzoneClusterImpl.java:lambda$waitForClusterToBeReady$0(228)) - SCM became leader
2023-04-27 19:25:07,124 [b8a2b3ae-f6d1-4c33-80c4-6391c5d511a4-server-thread1] INFO  ratis.XceiverServerRatis (XceiverServerRatis.java:handleLeaderChangedNotification(904)) - Leader change notification received for group: group-2F3E61A8A7E1 with new leaderId: f6c59282-8b8b-4bc6-9a7f-0a226baa887b
2023-04-27 19:25:07,125 [b8a2b3ae-f6d1-4c33-80c4-6391c5d511a4-server-thread1] INFO  server.RaftServer$Division (ServerState.java:setLeader(313)) - b8a2b3ae-f6d1-4c33-80c4-6391c5d511a4@group-2F3E61A8A7E1: change Leader from null to f6c59282-8b8b-4bc6-9a7f-0a226baa887b at term 1 for appendEntries, leader elected after 5563ms
2023-04-27 19:25:07,131 [grpc-default-executor-5] INFO  server.RaftServer$Division (RaftServerImpl.java:requestVote(1218)) - b8a2b3ae-f6d1-4c33-80c4-6391c5d511a4@group-6DDB49DBE31F: receive requestVote(ELECTION, b541e7ff-e94a-40bd-b2ad-c5dbbcbc2c5b, group-6DDB49DBE31F, 1, (t:0, i:0))
2023-04-27 19:25:07,131 [grpc-default-executor-5] INFO  impl.VoteContext (VoteContext.java:log(49)) - b8a2b3ae-f6d1-4c33-80c4-6391c5d511a4@group-6DDB49DBE31F-FOLLOWER: accept ELECTION from b541e7ff-e94a-40bd-b2ad-c5dbbcbc2c5b: our priority 0 <= candidate's priority 1
2023-04-27 19:25:07,131 [grpc-default-executor-5] INFO  server.RaftServer$Division (RaftServerImpl.java:setRole(321)) - b8a2b3ae-f6d1-4c33-80c4-6391c5d511a4@group-6DDB49DBE31F: changes role from  FOLLOWER to FOLLOWER at term 1 for candidate:b541e7ff-e94a-40bd-b2ad-c5dbbcbc2c5b
2023-04-27 19:25:07,131 [grpc-default-executor-5] INFO  impl.RoleInfo (RoleInfo.java:shutdownFollowerState(110)) - b8a2b3ae-f6d1-4c33-80c4-6391c5d511a4: shutdown b8a2b3ae-f6d1-4c33-80c4-6391c5d511a4@group-6DDB49DBE31F-FollowerState
2023-04-27 19:25:07,131 [b541e7ff-e94a-40bd-b2ad-c5dbbcbc2c5b-server-thread1] INFO  ratis.XceiverServerRatis (XceiverServerRatis.java:handleLeaderChangedNotification(904)) - Leader change notification received for group: group-2F3E61A8A7E1 with new leaderId: f6c59282-8b8b-4bc6-9a7f-0a226baa887b
2023-04-27 19:25:07,131 [b541e7ff-e94a-40bd-b2ad-c5dbbcbc2c5b-server-thread1] INFO  server.RaftServer$Division (ServerState.java:setLeader(313)) - b541e7ff-e94a-40bd-b2ad-c5dbbcbc2c5b@group-2F3E61A8A7E1: change Leader from null to f6c59282-8b8b-4bc6-9a7f-0a226baa887b at term 1 for appendEntries, leader elected after 6071ms
2023-04-27 19:25:07,136 [grpc-default-executor-5] INFO  impl.RoleInfo (RoleInfo.java:updateAndGet(139)) - b8a2b3ae-f6d1-4c33-80c4-6391c5d511a4: start b8a2b3ae-f6d1-4c33-80c4-6391c5d511a4@group-6DDB49DBE31F-FollowerState
2023-04-27 19:25:07,136 [b8a2b3ae-f6d1-4c33-80c4-6391c5d511a4@group-6DDB49DBE31F-FollowerState] INFO  impl.FollowerState (FollowerState.java:run(152)) - b8a2b3ae-f6d1-4c33-80c4-6391c5d511a4@group-6DDB49DBE31F-FollowerState was interrupted
2023-04-27 19:25:07,144 [grpc-default-executor-5] INFO  server.RaftServer$Division (RaftServerImpl.java:requestVote(1251)) - b8a2b3ae-f6d1-4c33-80c4-6391c5d511a4@group-6DDB49DBE31F replies to ELECTION vote request: b541e7ff-e94a-40bd-b2ad-c5dbbcbc2c5b<-b8a2b3ae-f6d1-4c33-80c4-6391c5d511a4#0:OK-t1. Peer's state: b8a2b3ae-f6d1-4c33-80c4-6391c5d511a4@group-6DDB49DBE31F:t1, leader=null, voted=b541e7ff-e94a-40bd-b2ad-c5dbbcbc2c5b, raftlog=Memoized:b8a2b3ae-f6d1-4c33-80c4-6391c5d511a4@group-6DDB49DBE31F-SegmentedRaftLog:OPENED:c-1, conf=-1: peers:[b8a2b3ae-f6d1-4c33-80c4-6391c5d511a4|rpc:10.1.0.191:34305|dataStream:10.1.0.191:43589|priority:0|startupRole:FOLLOWER, b541e7ff-e94a-40bd-b2ad-c5dbbcbc2c5b|rpc:10.1.0.191:33317|dataStream:10.1.0.191:44131|priority:1|startupRole:FOLLOWER, f6c59282-8b8b-4bc6-9a7f-0a226baa887b|rpc:10.1.0.191:43027|dataStream:10.1.0.191:39765|priority:0|startupRole:FOLLOWER]|listeners:[], old=null
2023-04-27 19:25:07,147 [b541e7ff-e94a-40bd-b2ad-c5dbbcbc2c5b-server-thread1] INFO  server.RaftServer$Division (ServerState.java:setRaftConf(430)) - b541e7ff-e94a-40bd-b2ad-c5dbbcbc2c5b@group-2F3E61A8A7E1: set configuration 0: peers:[b8a2b3ae-f6d1-4c33-80c4-6391c5d511a4|rpc:10.1.0.191:34305|dataStream:10.1.0.191:43589|priority:0|startupRole:FOLLOWER, b541e7ff-e94a-40bd-b2ad-c5dbbcbc2c5b|rpc:10.1.0.191:33317|dataStream:10.1.0.191:44131|priority:0|startupRole:FOLLOWER, f6c59282-8b8b-4bc6-9a7f-0a226baa887b|rpc:10.1.0.191:43027|dataStream:10.1.0.191:39765|priority:1|startupRole:FOLLOWER]|listeners:[], old=null
2023-04-27 19:25:07,147 [b541e7ff-e94a-40bd-b2ad-c5dbbcbc2c5b-server-thread1] INFO  segmented.SegmentedRaftLogWorker (SegmentedRaftLogWorker.java:startLogSegment(452)) - b541e7ff-e94a-40bd-b2ad-c5dbbcbc2c5b@group-2F3E61A8A7E1-SegmentedRaftLogWorker: Starting segment from index:0
2023-04-27 19:25:07,148 [grpc-default-executor-1] INFO  server.RaftServer$Division (RaftServerImpl.java:requestVote(1218)) - f6c59282-8b8b-4bc6-9a7f-0a226baa887b@group-6DDB49DBE31F: receive requestVote(ELECTION, b541e7ff-e94a-40bd-b2ad-c5dbbcbc2c5b, group-6DDB49DBE31F, 1, (t:0, i:0))
2023-04-27 19:25:07,154 [b541e7ff-e94a-40bd-b2ad-c5dbbcbc2c5b@group-6DDB49DBE31F-LeaderElection7] INFO  impl.LeaderElection (LeaderElection.java:logAndReturn(90)) - b541e7ff-e94a-40bd-b2ad-c5dbbcbc2c5b@group-6DDB49DBE31F-LeaderElection7: ELECTION PASSED received 1 response(s) and 0 exception(s):
2023-04-27 19:25:07,156 [b541e7ff-e94a-40bd-b2ad-c5dbbcbc2c5b@group-6DDB49DBE31F-LeaderElection7] INFO  impl.LeaderElection (LeaderElection.java:logAndReturn(94)) -   Response 0: b541e7ff-e94a-40bd-b2ad-c5dbbcbc2c5b<-b8a2b3ae-f6d1-4c33-80c4-6391c5d511a4#0:OK-t1
2023-04-27 19:25:07,156 [b541e7ff-e94a-40bd-b2ad-c5dbbcbc2c5b@group-6DDB49DBE31F-LeaderElection7] INFO  impl.LeaderElection (LeaderElection.java:askForVotes(314)) - b541e7ff-e94a-40bd-b2ad-c5dbbcbc2c5b@group-6DDB49DBE31F-LeaderElection7 ELECTION round 0: result PASSED
2023-04-27 19:25:07,156 [b541e7ff-e94a-40bd-b2ad-c5dbbcbc2c5b@group-6DDB49DBE31F-LeaderElection7] INFO  impl.RoleInfo (RoleInfo.java:shutdownLeaderElection(130)) - b541e7ff-e94a-40bd-b2ad-c5dbbcbc2c5b: shutdown b541e7ff-e94a-40bd-b2ad-c5dbbcbc2c5b@group-6DDB49DBE31F-LeaderElection7
2023-04-27 19:25:07,156 [b541e7ff-e94a-40bd-b2ad-c5dbbcbc2c5b@group-6DDB49DBE31F-LeaderElection7] INFO  server.RaftServer$Division (RaftServerImpl.java:setRole(321)) - b541e7ff-e94a-40bd-b2ad-c5dbbcbc2c5b@group-6DDB49DBE31F: changes role from CANDIDATE to LEADER at term 1 for changeToLeader
2023-04-27 19:25:07,156 [b541e7ff-e94a-40bd-b2ad-c5dbbcbc2c5b@group-6DDB49DBE31F-LeaderElection7] INFO  ratis.XceiverServerRatis (XceiverServerRatis.java:handleLeaderChangedNotification(904)) - Leader change notification received for group: group-6DDB49DBE31F with new leaderId: b541e7ff-e94a-40bd-b2ad-c5dbbcbc2c5b
2023-04-27 19:25:07,156 [b541e7ff-e94a-40bd-b2ad-c5dbbcbc2c5b@group-6DDB49DBE31F-LeaderElection7] INFO  server.RaftServer$Division (ServerState.java:setLeader(313)) - b541e7ff-e94a-40bd-b2ad-c5dbbcbc2c5b@group-6DDB49DBE31F: change Leader from null to b541e7ff-e94a-40bd-b2ad-c5dbbcbc2c5b at term 1 for becomeLeader, leader elected after 5340ms
2023-04-27 19:25:07,156 [b541e7ff-e94a-40bd-b2ad-c5dbbcbc2c5b@group-6DDB49DBE31F-LeaderElection7] INFO  server.RaftServerConfigKeys (ConfUtils.java:logGet(46)) - raft.server.staging.catchup.gap = 1000 (default)
2023-04-27 19:25:07,156 [b541e7ff-e94a-40bd-b2ad-c5dbbcbc2c5b@group-6DDB49DBE31F-LeaderElection7] INFO  server.RaftServerConfigKeys (ConfUtils.java:logGet(46)) - raft.server.write.element-limit = 1024 (custom)
2023-04-27 19:25:07,156 [b541e7ff-e94a-40bd-b2ad-c5dbbcbc2c5b@group-6DDB49DBE31F-LeaderElection7] INFO  server.RaftServerConfigKeys (ConfUtils.java:logGet(46)) - raft.server.write.byte-limit = 1024 M (=1073741824) (custom)
2023-04-27 19:25:07,157 [b541e7ff-e94a-40bd-b2ad-c5dbbcbc2c5b@group-6DDB49DBE31F-LeaderElection7] INFO  server.RaftServerConfigKeys (ConfUtils.java:logGet(46)) - raft.server.watch.timeout = 180s (custom)
2023-04-27 19:25:07,157 [b541e7ff-e94a-40bd-b2ad-c5dbbcbc2c5b@group-6DDB49DBE31F-LeaderElection7] INFO  server.RaftServerConfigKeys (ConfUtils.java:logGet(46)) - raft.server.watch.timeout.denomination = 1s (default)
2023-04-27 19:25:07,157 [b541e7ff-e94a-40bd-b2ad-c5dbbcbc2c5b@group-6DDB49DBE31F-LeaderElection7] INFO  server.RaftServerConfigKeys (ConfUtils.java:logGet(46)) - raft.server.watch.element-limit = 65536 (default)
2023-04-27 19:25:07,157 [b541e7ff-e94a-40bd-b2ad-c5dbbcbc2c5b@group-6DDB49DBE31F-LeaderElection7] INFO  server.RaftServerConfigKeys (ConfUtils.java:logGet(46)) - raft.server.write.element-limit = 1024 (custom)
2023-04-27 19:25:07,157 [b541e7ff-e94a-40bd-b2ad-c5dbbcbc2c5b@group-6DDB49DBE31F-LeaderElection7] INFO  server.RaftServerConfigKeys (ConfUtils.java:logGet(46)) - raft.server.write.follower.gap.ratio.max = -1.0 (default)
2023-04-27 19:25:07,157 [b541e7ff-e94a-40bd-b2ad-c5dbbcbc2c5b@group-6DDB49DBE31F-LeaderElection7] INFO  server.RaftServerConfigKeys (ConfUtils.java:logGet(46)) - raft.server.log.appender.snapshot.chunk.size.max = 16MB (=16777216) (default)
2023-04-27 19:25:07,157 [b541e7ff-e94a-40bd-b2ad-c5dbbcbc2c5b@group-6DDB49DBE31F-LeaderElection7] INFO  server.RaftServerConfigKeys (ConfUtils.java:logGet(46)) - raft.server.log.appender.buffer.byte-limit = 33554432 (custom)
2023-04-27 19:25:07,158 [b541e7ff-e94a-40bd-b2ad-c5dbbcbc2c5b@group-6DDB49DBE31F-LeaderElection7] INFO  server.RaftServerConfigKeys (ConfUtils.java:logGet(46)) - raft.server.log.appender.buffer.element-limit = 1 (custom)
2023-04-27 19:25:07,148 [b8a2b3ae-f6d1-4c33-80c4-6391c5d511a4-server-thread2] INFO  server.RaftServer$Division (ServerState.java:setRaftConf(430)) - b8a2b3ae-f6d1-4c33-80c4-6391c5d511a4@group-2F3E61A8A7E1: set configuration 0: peers:[b8a2b3ae-f6d1-4c33-80c4-6391c5d511a4|rpc:10.1.0.191:34305|dataStream:10.1.0.191:43589|priority:0|startupRole:FOLLOWER, b541e7ff-e94a-40bd-b2ad-c5dbbcbc2c5b|rpc:10.1.0.191:33317|dataStream:10.1.0.191:44131|priority:0|startupRole:FOLLOWER, f6c59282-8b8b-4bc6-9a7f-0a226baa887b|rpc:10.1.0.191:43027|dataStream:10.1.0.191:39765|priority:1|startupRole:FOLLOWER]|listeners:[], old=null
2023-04-27 19:25:07,151 [b541e7ff-e94a-40bd-b2ad-c5dbbcbc2c5b@group-2F3E61A8A7E1-SegmentedRaftLogWorker] INFO  segmented.SegmentedRaftLogWorker (SegmentedRaftLogWorker.java:execute(656)) - b541e7ff-e94a-40bd-b2ad-c5dbbcbc2c5b@group-2F3E61A8A7E1-SegmentedRaftLogWorker: created new log segment /home/runner/work/ozone/ozone/hadoop-ozone/integration-test/target/test-dir/MiniOzoneClusterImpl-cbda0cd1-5e50-4c9a-9fd3-3711af7baf07/datanode-0/data/ratis/654a6875-cda0-4f40-9516-2f3e61a8a7e1/current/log_inprogress_0
2023-04-27 19:25:07,162 [b8a2b3ae-f6d1-4c33-80c4-6391c5d511a4-server-thread2] INFO  segmented.SegmentedRaftLogWorker (SegmentedRaftLogWorker.java:startLogSegment(452)) - b8a2b3ae-f6d1-4c33-80c4-6391c5d511a4@group-2F3E61A8A7E1-SegmentedRaftLogWorker: Starting segment from index:0
2023-04-27 19:25:07,158 [b541e7ff-e94a-40bd-b2ad-c5dbbcbc2c5b@group-6DDB49DBE31F-LeaderElection7] INFO  grpc.GrpcConfigKeys (ConfUtils.java:logGet(46)) - raft.grpc.server.leader.outstanding.appends.max = 128 (default)
2023-04-27 19:25:07,164 [b541e7ff-e94a-40bd-b2ad-c5dbbcbc2c5b@group-6DDB49DBE31F-LeaderElection7] INFO  server.RaftServerConfigKeys (ConfUtils.java:logGet(46)) - raft.server.rpc.request.timeout = 60s (custom)
2023-04-27 19:25:07,164 [b541e7ff-e94a-40bd-b2ad-c5dbbcbc2c5b@group-6DDB49DBE31F-LeaderElection7] INFO  server.RaftServerConfigKeys (ConfUtils.java:logGet(46)) - raft.server.log.appender.install.snapshot.enabled = false (custom)
2023-04-27 19:25:07,155 [grpc-default-executor-1] INFO  impl.VoteContext (VoteContext.java:log(49)) - f6c59282-8b8b-4bc6-9a7f-0a226baa887b@group-6DDB49DBE31F-FOLLOWER: accept ELECTION from b541e7ff-e94a-40bd-b2ad-c5dbbcbc2c5b: our priority 0 <= candidate's priority 1
2023-04-27 19:25:07,165 [grpc-default-executor-1] INFO  server.RaftServer$Division (RaftServerImpl.java:setRole(321)) - f6c59282-8b8b-4bc6-9a7f-0a226baa887b@group-6DDB49DBE31F: changes role from  FOLLOWER to FOLLOWER at term 1 for candidate:b541e7ff-e94a-40bd-b2ad-c5dbbcbc2c5b
2023-04-27 19:25:07,165 [grpc-default-executor-1] INFO  impl.RoleInfo (RoleInfo.java:shutdownFollowerState(110)) - f6c59282-8b8b-4bc6-9a7f-0a226baa887b: shutdown f6c59282-8b8b-4bc6-9a7f-0a226baa887b@group-6DDB49DBE31F-FollowerState
2023-04-27 19:25:07,165 [grpc-default-executor-1] INFO  impl.RoleInfo (RoleInfo.java:updateAndGet(139)) - f6c59282-8b8b-4bc6-9a7f-0a226baa887b: start f6c59282-8b8b-4bc6-9a7f-0a226baa887b@group-6DDB49DBE31F-FollowerState
2023-04-27 19:25:07,165 [f6c59282-8b8b-4bc6-9a7f-0a226baa887b@group-6DDB49DBE31F-FollowerState] INFO  impl.FollowerState (FollowerState.java:run(152)) - f6c59282-8b8b-4bc6-9a7f-0a226baa887b@group-6DDB49DBE31F-FollowerState was interrupted
2023-04-27 19:25:07,164 [b541e7ff-e94a-40bd-b2ad-c5dbbcbc2c5b@group-6DDB49DBE31F-LeaderElection7] INFO  grpc.GrpcConfigKeys (ConfUtils.java:logGet(46)) - raft.grpc.server.heartbeat.channel = true (default)
2023-04-27 19:25:07,165 [b541e7ff-e94a-40bd-b2ad-c5dbbcbc2c5b@group-6DDB49DBE31F-LeaderElection7] INFO  server.RaftServerConfigKeys (ConfUtils.java:logGet(46)) - raft.server.log.appender.wait-time.min = 10ms (default)
2023-04-27 19:25:07,166 [b541e7ff-e94a-40bd-b2ad-c5dbbcbc2c5b@group-6DDB49DBE31F-LeaderElection7] INFO  server.RaftServerConfigKeys (ConfUtils.java:logGet(46)) - raft.server.log.appender.snapshot.chunk.size.max = 16MB (=16777216) (default)
2023-04-27 19:25:07,166 [b541e7ff-e94a-40bd-b2ad-c5dbbcbc2c5b@group-6DDB49DBE31F-LeaderElection7] INFO  server.RaftServerConfigKeys (ConfUtils.java:logGet(46)) - raft.server.log.appender.buffer.byte-limit = 33554432 (custom)
2023-04-27 19:25:07,166 [b541e7ff-e94a-40bd-b2ad-c5dbbcbc2c5b@group-6DDB49DBE31F-LeaderElection7] INFO  server.RaftServerConfigKeys (ConfUtils.java:logGet(46)) - raft.server.log.appender.buffer.element-limit = 1 (custom)
2023-04-27 19:25:07,167 [EventQueue-PipelineReportForPipelineReportHandler] INFO  pipeline.PipelineManagerImpl (PipelineManagerImpl.java:openPipeline(367)) - Pipeline Pipeline[ Id: 4d2bf946-c585-417a-8ae1-6ddb49dbe31f, Nodes: b541e7ff-e94a-40bd-b2ad-c5dbbcbc2c5b(fv-az240-684.bcold04rutgefduts2gkrghvsa.bx.internal.cloudapp.net/10.1.0.191)f6c59282-8b8b-4bc6-9a7f-0a226baa887b(fv-az240-684.bcold04rutgefduts2gkrghvsa.bx.internal.cloudapp.net/10.1.0.191)b8a2b3ae-f6d1-4c33-80c4-6391c5d511a4(fv-az240-684.bcold04rutgefduts2gkrghvsa.bx.internal.cloudapp.net/10.1.0.191), ReplicationConfig: RATIS/THREE, State:ALLOCATED, leaderId:b541e7ff-e94a-40bd-b2ad-c5dbbcbc2c5b, CreationTimestamp2023-04-27T19:24:59.126Z[Etc/UTC]] moved to OPEN state
2023-04-27 19:25:07,172 [b8a2b3ae-f6d1-4c33-80c4-6391c5d511a4@group-2F3E61A8A7E1-SegmentedRaftLogWorker] INFO  segmented.SegmentedRaftLogWorker (SegmentedRaftLogWorker.java:execute(656)) - b8a2b3ae-f6d1-4c33-80c4-6391c5d511a4@group-2F3E61A8A7E1-SegmentedRaftLogWorker: created new log segment /home/runner/work/ozone/ozone/hadoop-ozone/integration-test/target/test-dir/MiniOzoneClusterImpl-cbda0cd1-5e50-4c9a-9fd3-3711af7baf07/datanode-2/data/ratis/654a6875-cda0-4f40-9516-2f3e61a8a7e1/current/log_inprogress_0
2023-04-27 19:25:07,176 [b8a2b3ae-f6d1-4c33-80c4-6391c5d511a4@group-6DDB49DBE31F-FollowerState] INFO  server.RaftServerConfigKeys (ConfUtils.java:logFallback(53)) - raft.server.rpc.first-election.timeout.min = 5s (fallback to raft.server.rpc.timeout.min)
2023-04-27 19:25:07,176 [b8a2b3ae-f6d1-4c33-80c4-6391c5d511a4@group-6DDB49DBE31F-FollowerState] INFO  server.RaftServerConfigKeys (ConfUtils.java:logFallback(53)) - raft.server.rpc.first-election.timeout.max = 5200ms (fallback to raft.server.rpc.timeout.max)
2023-04-27 19:25:07,178 [b541e7ff-e94a-40bd-b2ad-c5dbbcbc2c5b@group-6DDB49DBE31F-LeaderElection7] INFO  grpc.GrpcConfigKeys (ConfUtils.java:logGet(46)) - raft.grpc.server.leader.outstanding.appends.max = 128 (default)
2023-04-27 19:25:07,179 [b541e7ff-e94a-40bd-b2ad-c5dbbcbc2c5b@group-6DDB49DBE31F-LeaderElection7] INFO  server.RaftServerConfigKeys (ConfUtils.java:logGet(46)) - raft.server.rpc.request.timeout = 60s (custom)
2023-04-27 19:25:07,179 [b541e7ff-e94a-40bd-b2ad-c5dbbcbc2c5b@group-6DDB49DBE31F-LeaderElection7] INFO  server.RaftServerConfigKeys (ConfUtils.java:logGet(46)) - raft.server.log.appender.install.snapshot.enabled = false (custom)
2023-04-27 19:25:07,179 [b541e7ff-e94a-40bd-b2ad-c5dbbcbc2c5b@group-6DDB49DBE31F-LeaderElection7] INFO  grpc.GrpcConfigKeys (ConfUtils.java:logGet(46)) - raft.grpc.server.heartbeat.channel = true (default)
2023-04-27 19:25:07,179 [b541e7ff-e94a-40bd-b2ad-c5dbbcbc2c5b@group-6DDB49DBE31F-LeaderElection7] INFO  server.RaftServerConfigKeys (ConfUtils.java:logGet(46)) - raft.server.log.appender.wait-time.min = 10ms (default)
2023-04-27 19:25:07,179 [b541e7ff-e94a-40bd-b2ad-c5dbbcbc2c5b@group-6DDB49DBE31F-LeaderElection7] INFO  impl.RoleInfo (RoleInfo.java:updateAndGet(139)) - b541e7ff-e94a-40bd-b2ad-c5dbbcbc2c5b: start b541e7ff-e94a-40bd-b2ad-c5dbbcbc2c5b@group-6DDB49DBE31F-LeaderStateImpl
2023-04-27 19:25:07,179 [b541e7ff-e94a-40bd-b2ad-c5dbbcbc2c5b@group-6DDB49DBE31F-LeaderElection7] INFO  segmented.SegmentedRaftLogWorker (SegmentedRaftLogWorker.java:startLogSegment(452)) - b541e7ff-e94a-40bd-b2ad-c5dbbcbc2c5b@group-6DDB49DBE31F-SegmentedRaftLogWorker: Starting segment from index:0
2023-04-27 19:25:07,180 [grpc-default-executor-1] INFO  server.RaftServer$Division (RaftServerImpl.java:requestVote(1251)) - f6c59282-8b8b-4bc6-9a7f-0a226baa887b@group-6DDB49DBE31F replies to ELECTION vote request: b541e7ff-e94a-40bd-b2ad-c5dbbcbc2c5b<-f6c59282-8b8b-4bc6-9a7f-0a226baa887b#0:OK-t1. Peer's state: f6c59282-8b8b-4bc6-9a7f-0a226baa887b@group-6DDB49DBE31F:t1, leader=null, voted=b541e7ff-e94a-40bd-b2ad-c5dbbcbc2c5b, raftlog=Memoized:f6c59282-8b8b-4bc6-9a7f-0a226baa887b@group-6DDB49DBE31F-SegmentedRaftLog:OPENED:c-1, conf=-1: peers:[b8a2b3ae-f6d1-4c33-80c4-6391c5d511a4|rpc:10.1.0.191:34305|dataStream:10.1.0.191:43589|priority:0|startupRole:FOLLOWER, b541e7ff-e94a-40bd-b2ad-c5dbbcbc2c5b|rpc:10.1.0.191:33317|dataStream:10.1.0.191:44131|priority:1|startupRole:FOLLOWER, f6c59282-8b8b-4bc6-9a7f-0a226baa887b|rpc:10.1.0.191:43027|dataStream:10.1.0.191:39765|priority:0|startupRole:FOLLOWER]|listeners:[], old=null
2023-04-27 19:25:07,181 [b541e7ff-e94a-40bd-b2ad-c5dbbcbc2c5b@group-6DDB49DBE31F-SegmentedRaftLogWorker] INFO  segmented.SegmentedRaftLogWorker (SegmentedRaftLogWorker.java:execute(656)) - b541e7ff-e94a-40bd-b2ad-c5dbbcbc2c5b@group-6DDB49DBE31F-SegmentedRaftLogWorker: created new log segment /home/runner/work/ozone/ozone/hadoop-ozone/integration-test/target/test-dir/MiniOzoneClusterImpl-cbda0cd1-5e50-4c9a-9fd3-3711af7baf07/datanode-0/data/ratis/4d2bf946-c585-417a-8ae1-6ddb49dbe31f/current/log_inprogress_0
2023-04-27 19:25:07,185 [f6c59282-8b8b-4bc6-9a7f-0a226baa887b@group-6DDB49DBE31F-FollowerState] INFO  server.RaftServerConfigKeys (ConfUtils.java:logFallback(53)) - raft.server.rpc.first-election.timeout.min = 5s (fallback to raft.server.rpc.timeout.min)
2023-04-27 19:25:07,185 [f6c59282-8b8b-4bc6-9a7f-0a226baa887b@group-6DDB49DBE31F-FollowerState] INFO  server.RaftServerConfigKeys (ConfUtils.java:logFallback(53)) - raft.server.rpc.first-election.timeout.max = 5200ms (fallback to raft.server.rpc.timeout.max)
2023-04-27 19:25:07,195 [b541e7ff-e94a-40bd-b2ad-c5dbbcbc2c5b@group-6DDB49DBE31F-LeaderElection7] INFO  server.RaftServer$Division (ServerState.java:setRaftConf(430)) - b541e7ff-e94a-40bd-b2ad-c5dbbcbc2c5b@group-6DDB49DBE31F: set configuration 0: peers:[b8a2b3ae-f6d1-4c33-80c4-6391c5d511a4|rpc:10.1.0.191:34305|dataStream:10.1.0.191:43589|priority:0|startupRole:FOLLOWER, b541e7ff-e94a-40bd-b2ad-c5dbbcbc2c5b|rpc:10.1.0.191:33317|dataStream:10.1.0.191:44131|priority:1|startupRole:FOLLOWER, f6c59282-8b8b-4bc6-9a7f-0a226baa887b|rpc:10.1.0.191:43027|dataStream:10.1.0.191:39765|priority:0|startupRole:FOLLOWER]|listeners:[], old=null
2023-04-27 19:25:07,202 [Listener at 127.0.0.1/40321] INFO  ozone.MiniOzoneClusterImpl (MiniOzoneClusterImpl.java:shutdown(456)) - Shutting down the Mini Ozone Cluster
2023-04-27 19:25:07,203 [Listener at 127.0.0.1/40321] INFO  ozone.MiniOzoneClusterImpl (MiniOzoneClusterImpl.java:stop(474)) - Stopping the Mini Ozone Cluster
2023-04-27 19:25:07,204 [Listener at 127.0.0.1/40321] INFO  ozone.MiniOzoneClusterImpl (MiniOzoneClusterImpl.java:stopOM(560)) - Stopping the OzoneManager
2023-04-27 19:25:07,204 [Listener at 127.0.0.1/40321] INFO  om.OzoneManager (OzoneManager.java:stop(2165)) - om1[localhost:0]: Stopping Ozone Manager
2023-04-27 19:25:07,204 [Listener at 127.0.0.1/40321] INFO  ipc.Server (Server.java:stop(3501)) - Stopping server on 40321
2023-04-27 19:25:07,212 [b8a2b3ae-f6d1-4c33-80c4-6391c5d511a4-server-thread2] INFO  ratis.XceiverServerRatis (XceiverServerRatis.java:handleLeaderChangedNotification(904)) - Leader change notification received for group: group-6DDB49DBE31F with new leaderId: b541e7ff-e94a-40bd-b2ad-c5dbbcbc2c5b
2023-04-27 19:25:07,212 [b8a2b3ae-f6d1-4c33-80c4-6391c5d511a4-server-thread2] INFO  server.RaftServer$Division (ServerState.java:setLeader(313)) - b8a2b3ae-f6d1-4c33-80c4-6391c5d511a4@group-6DDB49DBE31F: change Leader from null to b541e7ff-e94a-40bd-b2ad-c5dbbcbc2c5b at term 1 for appendEntries, leader elected after 5231ms
2023-04-27 19:25:07,217 [IPC Server listener on 0] INFO  ipc.Server (Server.java:run(1430)) - Stopping IPC Server listener on 0
2023-04-27 19:25:07,217 [IPC Server Responder] INFO  ipc.Server (Server.java:run(1563)) - Stopping IPC Server Responder
2023-04-27 19:25:07,219 [Listener at 127.0.0.1/40321] INFO  server.RaftServer (RaftServerProxy.java:lambda$close$6(409)) - om1: close
2023-04-27 19:25:07,220 [Listener at 127.0.0.1/40321] INFO  server.GrpcService (GrpcService.java:closeImpl(271)) - om1: shutdown server GrpcServerProtocolService now
2023-04-27 19:25:07,222 [om1-impl-thread1] INFO  server.RaftServer$Division (RaftServerImpl.java:lambda$close$4(458)) - om1@group-C5BA1605619E: shutdown
2023-04-27 19:25:07,222 [om1-impl-thread1] INFO  util.JmxRegister (JmxRegister.java:unregister(73)) - Successfully un-registered JMX Bean with object name Ratis:service=RaftServer,group=group-C5BA1605619E,id=om1
2023-04-27 19:25:07,222 [om1-impl-thread1] INFO  impl.RoleInfo (RoleInfo.java:shutdownLeaderState(93)) - om1: shutdown om1@group-C5BA1605619E-LeaderStateImpl
2023-04-27 19:25:07,222 [om1-impl-thread1] INFO  impl.PendingRequests (PendingRequests.java:sendNotLeaderResponses(282)) - om1@group-C5BA1605619E-PendingRequests: sendNotLeaderResponses
2023-04-27 19:25:07,223 [om1-impl-thread1] INFO  impl.StateMachineUpdater (StateMachineUpdater.java:stopAndJoin(153)) - om1@group-C5BA1605619E-StateMachineUpdater: set stopIndex = 0
2023-04-27 19:25:07,223 [om1@group-C5BA1605619E-StateMachineUpdater] INFO  ratis.OzoneManagerStateMachine (OzoneManagerStateMachine.java:takeSnapshot(479)) - Current Snapshot Index (t:1, i:0)
2023-04-27 19:25:07,240 [b8a2b3ae-f6d1-4c33-80c4-6391c5d511a4-server-thread1] INFO  server.RaftServer$Division (ServerState.java:setRaftConf(430)) - b8a2b3ae-f6d1-4c33-80c4-6391c5d511a4@group-6DDB49DBE31F: set configuration 0: peers:[b8a2b3ae-f6d1-4c33-80c4-6391c5d511a4|rpc:10.1.0.191:34305|dataStream:10.1.0.191:43589|priority:0|startupRole:FOLLOWER, b541e7ff-e94a-40bd-b2ad-c5dbbcbc2c5b|rpc:10.1.0.191:33317|dataStream:10.1.0.191:44131|priority:1|startupRole:FOLLOWER, f6c59282-8b8b-4bc6-9a7f-0a226baa887b|rpc:10.1.0.191:43027|dataStream:10.1.0.191:39765|priority:0|startupRole:FOLLOWER]|listeners:[], old=null
2023-04-27 19:25:07,240 [b8a2b3ae-f6d1-4c33-80c4-6391c5d511a4-server-thread1] INFO  segmented.SegmentedRaftLogWorker (SegmentedRaftLogWorker.java:startLogSegment(452)) - b8a2b3ae-f6d1-4c33-80c4-6391c5d511a4@group-6DDB49DBE31F-SegmentedRaftLogWorker: Starting segment from index:0
2023-04-27 19:25:07,242 [b8a2b3ae-f6d1-4c33-80c4-6391c5d511a4@group-6DDB49DBE31F-SegmentedRaftLogWorker] INFO  segmented.SegmentedRaftLogWorker (SegmentedRaftLogWorker.java:execute(656)) - b8a2b3ae-f6d1-4c33-80c4-6391c5d511a4@group-6DDB49DBE31F-SegmentedRaftLogWorker: created new log segment /home/runner/work/ozone/ozone/hadoop-ozone/integration-test/target/test-dir/MiniOzoneClusterImpl-cbda0cd1-5e50-4c9a-9fd3-3711af7baf07/datanode-2/data/ratis/4d2bf946-c585-417a-8ae1-6ddb49dbe31f/current/log_inprogress_0
2023-04-27 19:25:07,243 [f6c59282-8b8b-4bc6-9a7f-0a226baa887b-server-thread1] INFO  ratis.XceiverServerRatis (XceiverServerRatis.java:handleLeaderChangedNotification(904)) - Leader change notification received for group: group-6DDB49DBE31F with new leaderId: b541e7ff-e94a-40bd-b2ad-c5dbbcbc2c5b
2023-04-27 19:25:07,245 [f6c59282-8b8b-4bc6-9a7f-0a226baa887b-server-thread1] INFO  server.RaftServer$Division (ServerState.java:setLeader(313)) - f6c59282-8b8b-4bc6-9a7f-0a226baa887b@group-6DDB49DBE31F: change Leader from null to b541e7ff-e94a-40bd-b2ad-c5dbbcbc2c5b at term 1 for appendEntries, leader elected after 5453ms
2023-04-27 19:25:07,248 [Listener at 127.0.0.1/40321] INFO  server.GrpcService (GrpcService.java:closeImpl(280)) - om1: shutdown server GrpcServerProtocolService successfully
2023-04-27 19:25:07,249 [f6c59282-8b8b-4bc6-9a7f-0a226baa887b-server-thread1] INFO  server.RaftServer$Division (ServerState.java:setRaftConf(430)) - f6c59282-8b8b-4bc6-9a7f-0a226baa887b@group-6DDB49DBE31F: set configuration 0: peers:[b8a2b3ae-f6d1-4c33-80c4-6391c5d511a4|rpc:10.1.0.191:34305|dataStream:10.1.0.191:43589|priority:0|startupRole:FOLLOWER, b541e7ff-e94a-40bd-b2ad-c5dbbcbc2c5b|rpc:10.1.0.191:33317|dataStream:10.1.0.191:44131|priority:1|startupRole:FOLLOWER, f6c59282-8b8b-4bc6-9a7f-0a226baa887b|rpc:10.1.0.191:43027|dataStream:10.1.0.191:39765|priority:0|startupRole:FOLLOWER]|listeners:[], old=null
2023-04-27 19:25:07,249 [f6c59282-8b8b-4bc6-9a7f-0a226baa887b-server-thread1] INFO  segmented.SegmentedRaftLogWorker (SegmentedRaftLogWorker.java:startLogSegment(452)) - f6c59282-8b8b-4bc6-9a7f-0a226baa887b@group-6DDB49DBE31F-SegmentedRaftLogWorker: Starting segment from index:0
2023-04-27 19:25:07,253 [f6c59282-8b8b-4bc6-9a7f-0a226baa887b@group-6DDB49DBE31F-SegmentedRaftLogWorker] INFO  segmented.SegmentedRaftLogWorker (SegmentedRaftLogWorker.java:execute(656)) - f6c59282-8b8b-4bc6-9a7f-0a226baa887b@group-6DDB49DBE31F-SegmentedRaftLogWorker: created new log segment /home/runner/work/ozone/ozone/hadoop-ozone/integration-test/target/test-dir/MiniOzoneClusterImpl-cbda0cd1-5e50-4c9a-9fd3-3711af7baf07/datanode-1/data/ratis/4d2bf946-c585-417a-8ae1-6ddb49dbe31f/current/log_inprogress_0
2023-04-27 19:25:07,266 [om1@group-C5BA1605619E-StateMachineUpdater] INFO  impl.StateMachineUpdater (StateMachineUpdater.java:takeSnapshot(287)) - om1@group-C5BA1605619E-StateMachineUpdater: Took a snapshot at index 0
2023-04-27 19:25:07,267 [om1@group-C5BA1605619E-StateMachineUpdater] INFO  impl.StateMachineUpdater (StateMachineUpdater.java:lambda$new$0(92)) - om1@group-C5BA1605619E-StateMachineUpdater: snapshotIndex: updateIncreasingly -1 -> 0
2023-04-27 19:25:07,267 [om1@group-C5BA1605619E-StateMachineUpdater] INFO  ratis.OzoneManagerStateMachine (OzoneManagerStateMachine.java:close(533)) - StateMachine has shutdown. Shutdown OzoneManager if not already shutdown.
2023-04-27 19:25:07,267 [om1@group-C5BA1605619E-StateMachineUpdater] INFO  ratis.OzoneManagerDoubleBuffer (OzoneManagerDoubleBuffer.java:stopDaemon(540)) - Stopping OMDoubleBuffer flush thread
2023-04-27 19:25:07,267 [OMDoubleBufferFlushThread] INFO  ratis.OzoneManagerDoubleBuffer (OzoneManagerDoubleBuffer.java:canFlush(625)) - OMDoubleBuffer flush thread OMDoubleBufferFlushThread is interrupted and will exit.
2023-04-27 19:25:07,269 [om1-impl-thread1] INFO  server.RaftServer$Division (ServerState.java:close(466)) - om1@group-C5BA1605619E: closes. applyIndex: 0
2023-04-27 19:25:07,270 [om1@group-C5BA1605619E-SegmentedRaftLogWorker] INFO  segmented.SegmentedRaftLogWorker (SegmentedRaftLogWorker.java:run(347)) - om1@group-C5BA1605619E-SegmentedRaftLogWorker was interrupted, exiting. There are 0 tasks remaining in the queue.
2023-04-27 19:25:07,271 [om1-impl-thread1] INFO  segmented.SegmentedRaftLogWorker (SegmentedRaftLogWorker.java:close(257)) - om1@group-C5BA1605619E-SegmentedRaftLogWorker close()
2023-04-27 19:25:07,272 [JvmPauseMonitor0] INFO  util.JvmPauseMonitor (JvmPauseMonitor.java:run(111)) - JvmPauseMonitor-om1: Stopped
2023-04-27 19:25:07,272 [Listener at 127.0.0.1/40321] INFO  ratis.OzoneManagerStateMachine (OzoneManagerStateMachine.java:close(533)) - StateMachine has shutdown. Shutdown OzoneManager if not already shutdown.
2023-04-27 19:25:07,272 [Listener at 127.0.0.1/40321] INFO  ratis.OzoneManagerDoubleBuffer (OzoneManagerDoubleBuffer.java:stopDaemon(549)) - OMDoubleBuffer flush thread is not running.
2023-04-27 19:25:07,273 [Listener at 127.0.0.1/40321] INFO  utils.BackgroundService (BackgroundService.java:shutdown(141)) - Shutting down service KeyDeletingService
2023-04-27 19:25:07,273 [Listener at 127.0.0.1/40321] INFO  utils.BackgroundService (BackgroundService.java:shutdown(141)) - Shutting down service KeyDeletingService
2023-04-27 19:25:07,273 [Listener at 127.0.0.1/40321] INFO  utils.BackgroundService (BackgroundService.java:shutdown(141)) - Shutting down service OpenKeyCleanupService
2023-04-27 19:25:07,274 [Listener at 127.0.0.1/40321] INFO  utils.BackgroundService (BackgroundService.java:shutdown(141)) - Shutting down service SstFilteringService
2023-04-27 19:25:07,275 [Listener at 127.0.0.1/40321] INFO  utils.BackgroundService (BackgroundService.java:shutdown(141)) - Shutting down service SnapshotDeletingService
2023-04-27 19:25:07,275 [b8a2b3ae-f6d1-4c33-80c4-6391c5d511a4@group-C8B5D071AE8B-FollowerState] INFO  impl.FollowerState (FollowerState.java:run(143)) - b8a2b3ae-f6d1-4c33-80c4-6391c5d511a4@group-C8B5D071AE8B-FollowerState: change to CANDIDATE, lastRpcElapsedTime:5145086884ns, electionTimeout:5140ms
2023-04-27 19:25:07,275 [b8a2b3ae-f6d1-4c33-80c4-6391c5d511a4@group-C8B5D071AE8B-FollowerState] INFO  impl.RoleInfo (RoleInfo.java:shutdownFollowerState(110)) - b8a2b3ae-f6d1-4c33-80c4-6391c5d511a4: shutdown b8a2b3ae-f6d1-4c33-80c4-6391c5d511a4@group-C8B5D071AE8B-FollowerState
2023-04-27 19:25:07,275 [b8a2b3ae-f6d1-4c33-80c4-6391c5d511a4@group-C8B5D071AE8B-FollowerState] INFO  server.RaftServer$Division (RaftServerImpl.java:setRole(321)) - b8a2b3ae-f6d1-4c33-80c4-6391c5d511a4@group-C8B5D071AE8B: changes role from  FOLLOWER to CANDIDATE at term 0 for changeToCandidate
2023-04-27 19:25:07,275 [b8a2b3ae-f6d1-4c33-80c4-6391c5d511a4@group-C8B5D071AE8B-FollowerState] INFO  server.RaftServerConfigKeys (ConfUtils.java:logGet(46)) - raft.server.leaderelection.pre-vote = true (default)
2023-04-27 19:25:07,275 [b8a2b3ae-f6d1-4c33-80c4-6391c5d511a4@group-C8B5D071AE8B-FollowerState] INFO  impl.RoleInfo (RoleInfo.java:updateAndGet(139)) - b8a2b3ae-f6d1-4c33-80c4-6391c5d511a4: start b8a2b3ae-f6d1-4c33-80c4-6391c5d511a4@group-C8B5D071AE8B-LeaderElection8
2023-04-27 19:25:07,282 [Listener at 127.0.0.1/40321] INFO  handler.ContextHandler (ContextHandler.java:doStop(1159)) - Stopped o.e.j.w.WebAppContext@12ff3bb8{ozoneManager,/,null,STOPPED}{file:/home/runner/work/ozone/ozone/hadoop-ozone/integration-test/target/test-classes/webapps/ozoneManager}
2023-04-27 19:25:07,286 [Listener at 127.0.0.1/40321] INFO  server.AbstractConnector (AbstractConnector.java:doStop(383)) - Stopped ServerConnector@5a7686{HTTP/1.1, (http/1.1)}{0.0.0.0:0}
2023-04-27 19:25:07,286 [Listener at 127.0.0.1/40321] INFO  server.session (HouseKeeper.java:stopScavenging(149)) - node0 Stopped scavenging
2023-04-27 19:25:07,287 [Listener at 127.0.0.1/40321] INFO  handler.ContextHandler (ContextHandler.java:doStop(1159)) - Stopped o.e.j.s.ServletContextHandler@430e10a5{static,/static,file:///home/runner/work/ozone/ozone/hadoop-ozone/integration-test/target/test-classes/webapps/static,STOPPED}
2023-04-27 19:25:07,287 [Listener at 127.0.0.1/40321] INFO  handler.ContextHandler (ContextHandler.java:doStop(1159)) - Stopped o.e.j.s.ServletContextHandler@6050ea4e{logs,/logs,file:///home/runner/work/ozone/ozone/hadoop-ozone/integration-test/target/log,STOPPED}
2023-04-27 19:25:07,289 [b8a2b3ae-f6d1-4c33-80c4-6391c5d511a4@group-C8B5D071AE8B-LeaderElection8] INFO  impl.LeaderElection (LeaderElection.java:askForVotes(312)) - b8a2b3ae-f6d1-4c33-80c4-6391c5d511a4@group-C8B5D071AE8B-LeaderElection8 PRE_VOTE round 0: submit vote requests at term 0 for -1: peers:[b8a2b3ae-f6d1-4c33-80c4-6391c5d511a4|rpc:10.1.0.191:34305|dataStream:10.1.0.191:43589|priority:1|startupRole:FOLLOWER]|listeners:[], old=null
2023-04-27 19:25:07,289 [b8a2b3ae-f6d1-4c33-80c4-6391c5d511a4@group-C8B5D071AE8B-LeaderElection8] INFO  impl.LeaderElection (LeaderElection.java:askForVotes(314)) - b8a2b3ae-f6d1-4c33-80c4-6391c5d511a4@group-C8B5D071AE8B-LeaderElection8 PRE_VOTE round 0: result PASSED (term=0)
2023-04-27 19:25:07,292 [b8a2b3ae-f6d1-4c33-80c4-6391c5d511a4@group-C8B5D071AE8B-LeaderElection8] INFO  impl.LeaderElection (LeaderElection.java:askForVotes(312)) - b8a2b3ae-f6d1-4c33-80c4-6391c5d511a4@group-C8B5D071AE8B-LeaderElection8 ELECTION round 0: submit vote requests at term 1 for -1: peers:[b8a2b3ae-f6d1-4c33-80c4-6391c5d511a4|rpc:10.1.0.191:34305|dataStream:10.1.0.191:43589|priority:1|startupRole:FOLLOWER]|listeners:[], old=null
2023-04-27 19:25:07,292 [b8a2b3ae-f6d1-4c33-80c4-6391c5d511a4@group-C8B5D071AE8B-LeaderElection8] INFO  impl.LeaderElection (LeaderElection.java:askForVotes(314)) - b8a2b3ae-f6d1-4c33-80c4-6391c5d511a4@group-C8B5D071AE8B-LeaderElection8 ELECTION round 0: result PASSED (term=1)
2023-04-27 19:25:07,292 [b8a2b3ae-f6d1-4c33-80c4-6391c5d511a4@group-C8B5D071AE8B-LeaderElection8] INFO  impl.RoleInfo (RoleInfo.java:shutdownLeaderElection(130)) - b8a2b3ae-f6d1-4c33-80c4-6391c5d511a4: shutdown b8a2b3ae-f6d1-4c33-80c4-6391c5d511a4@group-C8B5D071AE8B-LeaderElection8
2023-04-27 19:25:07,293 [b8a2b3ae-f6d1-4c33-80c4-6391c5d511a4@group-C8B5D071AE8B-LeaderElection8] INFO  server.RaftServer$Division (RaftServerImpl.java:setRole(321)) - b8a2b3ae-f6d1-4c33-80c4-6391c5d511a4@group-C8B5D071AE8B: changes role from CANDIDATE to LEADER at term 1 for changeToLeader
2023-04-27 19:25:07,293 [b8a2b3ae-f6d1-4c33-80c4-6391c5d511a4@group-C8B5D071AE8B-LeaderElection8] INFO  ratis.XceiverServerRatis (XceiverServerRatis.java:handleLeaderChangedNotification(904)) - Leader change notification received for group: group-C8B5D071AE8B with new leaderId: b8a2b3ae-f6d1-4c33-80c4-6391c5d511a4
2023-04-27 19:25:07,293 [b8a2b3ae-f6d1-4c33-80c4-6391c5d511a4@group-C8B5D071AE8B-LeaderElection8] INFO  server.RaftServer$Division (ServerState.java:setLeader(313)) - b8a2b3ae-f6d1-4c33-80c4-6391c5d511a4@group-C8B5D071AE8B: change Leader from null to b8a2b3ae-f6d1-4c33-80c4-6391c5d511a4 at term 1 for becomeLeader, leader elected after 5183ms
2023-04-27 19:25:07,293 [b8a2b3ae-f6d1-4c33-80c4-6391c5d511a4@group-C8B5D071AE8B-LeaderElection8] INFO  server.RaftServerConfigKeys (ConfUtils.java:logGet(46)) - raft.server.staging.catchup.gap = 1000 (default)
2023-04-27 19:25:07,296 [b8a2b3ae-f6d1-4c33-80c4-6391c5d511a4@group-C8B5D071AE8B-LeaderElection8] INFO  server.RaftServerConfigKeys (ConfUtils.java:logGet(46)) - raft.server.write.element-limit = 1024 (custom)
2023-04-27 19:25:07,297 [b8a2b3ae-f6d1-4c33-80c4-6391c5d511a4@group-C8B5D071AE8B-LeaderElection8] INFO  server.RaftServerConfigKeys (ConfUtils.java:logGet(46)) - raft.server.write.byte-limit = 1024 M (=1073741824) (custom)
2023-04-27 19:25:07,297 [b8a2b3ae-f6d1-4c33-80c4-6391c5d511a4@group-C8B5D071AE8B-LeaderElection8] INFO  server.RaftServerConfigKeys (ConfUtils.java:logGet(46)) - raft.server.watch.timeout = 180s (custom)
2023-04-27 19:25:07,297 [b8a2b3ae-f6d1-4c33-80c4-6391c5d511a4@group-C8B5D071AE8B-LeaderElection8] INFO  server.RaftServerConfigKeys (ConfUtils.java:logGet(46)) - raft.server.watch.timeout.denomination = 1s (default)
2023-04-27 19:25:07,298 [b8a2b3ae-f6d1-4c33-80c4-6391c5d511a4@group-C8B5D071AE8B-LeaderElection8] INFO  server.RaftServerConfigKeys (ConfUtils.java:logGet(46)) - raft.server.watch.element-limit = 65536 (default)
2023-04-27 19:25:07,298 [b8a2b3ae-f6d1-4c33-80c4-6391c5d511a4@group-C8B5D071AE8B-LeaderElection8] INFO  server.RaftServerConfigKeys (ConfUtils.java:logGet(46)) - raft.server.write.element-limit = 1024 (custom)
2023-04-27 19:25:07,298 [b8a2b3ae-f6d1-4c33-80c4-6391c5d511a4@group-C8B5D071AE8B-LeaderElection8] INFO  server.RaftServerConfigKeys (ConfUtils.java:logGet(46)) - raft.server.write.follower.gap.ratio.max = -1.0 (default)
2023-04-27 19:25:07,298 [b8a2b3ae-f6d1-4c33-80c4-6391c5d511a4@group-C8B5D071AE8B-LeaderElection8] INFO  impl.RoleInfo (RoleInfo.java:updateAndGet(139)) - b8a2b3ae-f6d1-4c33-80c4-6391c5d511a4: start b8a2b3ae-f6d1-4c33-80c4-6391c5d511a4@group-C8B5D071AE8B-LeaderStateImpl
2023-04-27 19:25:07,299 [b8a2b3ae-f6d1-4c33-80c4-6391c5d511a4@group-C8B5D071AE8B-LeaderElection8] INFO  segmented.SegmentedRaftLogWorker (SegmentedRaftLogWorker.java:startLogSegment(452)) - b8a2b3ae-f6d1-4c33-80c4-6391c5d511a4@group-C8B5D071AE8B-SegmentedRaftLogWorker: Starting segment from index:0
2023-04-27 19:25:07,300 [b8a2b3ae-f6d1-4c33-80c4-6391c5d511a4@group-C8B5D071AE8B-SegmentedRaftLogWorker] INFO  segmented.SegmentedRaftLogWorker (SegmentedRaftLogWorker.java:execute(656)) - b8a2b3ae-f6d1-4c33-80c4-6391c5d511a4@group-C8B5D071AE8B-SegmentedRaftLogWorker: created new log segment /home/runner/work/ozone/ozone/hadoop-ozone/integration-test/target/test-dir/MiniOzoneClusterImpl-cbda0cd1-5e50-4c9a-9fd3-3711af7baf07/datanode-2/data/ratis/946752dc-8084-4833-b690-c8b5d071ae8b/current/log_inprogress_0
2023-04-27 19:25:07,314 [Listener at 127.0.0.1/40321] INFO  utils.BackgroundService (BackgroundService.java:shutdown(141)) - Shutting down service SnapshotDiffCleanupService
2023-04-27 19:25:07,315 [b8a2b3ae-f6d1-4c33-80c4-6391c5d511a4@group-C8B5D071AE8B-LeaderElection8] INFO  server.RaftServer$Division (ServerState.java:setRaftConf(430)) - b8a2b3ae-f6d1-4c33-80c4-6391c5d511a4@group-C8B5D071AE8B: set configuration 0: peers:[b8a2b3ae-f6d1-4c33-80c4-6391c5d511a4|rpc:10.1.0.191:34305|dataStream:10.1.0.191:43589|priority:1|startupRole:FOLLOWER]|listeners:[], old=null
2023-04-27 19:25:07,321 [Listener at 127.0.0.1/40321] INFO  ozone.MiniOzoneClusterImpl (MiniOzoneClusterImpl.java:stopDatanodes(537)) - Stopping the HddsDatanodes
2023-04-27 19:25:07,325 [Listener at 127.0.0.1/40321] INFO  ozoneimpl.OzoneContainer (OzoneContainer.java:stop(419)) - Attempting to stop container services.
2023-04-27 19:25:07,329 [Listener at 127.0.0.1/40321] INFO  server.RaftServer (RaftServerProxy.java:lambda$close$6(409)) - f6c59282-8b8b-4bc6-9a7f-0a226baa887b: close
2023-04-27 19:25:07,331 [f6c59282-8b8b-4bc6-9a7f-0a226baa887b-impl-thread1] INFO  server.RaftServer$Division (RaftServerImpl.java:lambda$close$4(458)) - f6c59282-8b8b-4bc6-9a7f-0a226baa887b@group-6DDB49DBE31F: shutdown
2023-04-27 19:25:07,331 [f6c59282-8b8b-4bc6-9a7f-0a226baa887b-impl-thread1] INFO  util.JmxRegister (JmxRegister.java:unregister(73)) - Successfully un-registered JMX Bean with object name Ratis:service=RaftServer,group=group-6DDB49DBE31F,id=f6c59282-8b8b-4bc6-9a7f-0a226baa887b
2023-04-27 19:25:07,331 [f6c59282-8b8b-4bc6-9a7f-0a226baa887b-impl-thread1] INFO  impl.RoleInfo (RoleInfo.java:shutdownFollowerState(110)) - f6c59282-8b8b-4bc6-9a7f-0a226baa887b: shutdown f6c59282-8b8b-4bc6-9a7f-0a226baa887b@group-6DDB49DBE31F-FollowerState
2023-04-27 19:25:07,331 [f6c59282-8b8b-4bc6-9a7f-0a226baa887b-impl-thread2] INFO  server.RaftServer$Division (RaftServerImpl.java:lambda$close$4(458)) - f6c59282-8b8b-4bc6-9a7f-0a226baa887b@group-474883555098: shutdown
2023-04-27 19:25:07,331 [f6c59282-8b8b-4bc6-9a7f-0a226baa887b-impl-thread2] INFO  util.JmxRegister (JmxRegister.java:unregister(73)) - Successfully un-registered JMX Bean with object name Ratis:service=RaftServer,group=group-474883555098,id=f6c59282-8b8b-4bc6-9a7f-0a226baa887b
2023-04-27 19:25:07,331 [f6c59282-8b8b-4bc6-9a7f-0a226baa887b-impl-thread2] INFO  impl.RoleInfo (RoleInfo.java:shutdownLeaderState(93)) - f6c59282-8b8b-4bc6-9a7f-0a226baa887b: shutdown f6c59282-8b8b-4bc6-9a7f-0a226baa887b@group-474883555098-LeaderStateImpl
2023-04-27 19:25:07,335 [f6c59282-8b8b-4bc6-9a7f-0a226baa887b-impl-thread3] INFO  server.RaftServer$Division (RaftServerImpl.java:lambda$close$4(458)) - f6c59282-8b8b-4bc6-9a7f-0a226baa887b@group-2F3E61A8A7E1: shutdown
2023-04-27 19:25:07,340 [ForkJoinPool.commonPool-worker-1] INFO  ozoneimpl.OzoneContainer (OzoneContainer.java:stop(419)) - Attempting to stop container services.
2023-04-27 19:25:07,342 [ForkJoinPool.commonPool-worker-1] INFO  server.RaftServer (RaftServerProxy.java:lambda$close$6(409)) - b541e7ff-e94a-40bd-b2ad-c5dbbcbc2c5b: close
2023-04-27 19:25:07,342 [b541e7ff-e94a-40bd-b2ad-c5dbbcbc2c5b-impl-thread1] INFO  server.RaftServer$Division (RaftServerImpl.java:lambda$close$4(458)) - b541e7ff-e94a-40bd-b2ad-c5dbbcbc2c5b@group-6DDB49DBE31F: shutdown
2023-04-27 19:25:07,342 [b541e7ff-e94a-40bd-b2ad-c5dbbcbc2c5b-impl-thread1] INFO  util.JmxRegister (JmxRegister.java:unregister(73)) - Successfully un-registered JMX Bean with object name Ratis:service=RaftServer,group=group-6DDB49DBE31F,id=b541e7ff-e94a-40bd-b2ad-c5dbbcbc2c5b
2023-04-27 19:25:07,342 [b541e7ff-e94a-40bd-b2ad-c5dbbcbc2c5b-impl-thread1] INFO  impl.RoleInfo (RoleInfo.java:shutdownLeaderState(93)) - b541e7ff-e94a-40bd-b2ad-c5dbbcbc2c5b: shutdown b541e7ff-e94a-40bd-b2ad-c5dbbcbc2c5b@group-6DDB49DBE31F-LeaderStateImpl
2023-04-27 19:25:07,332 [f6c59282-8b8b-4bc6-9a7f-0a226baa887b-impl-thread2] INFO  impl.PendingRequests (PendingRequests.java:sendNotLeaderResponses(282)) - f6c59282-8b8b-4bc6-9a7f-0a226baa887b@group-474883555098-PendingRequests: sendNotLeaderResponses
2023-04-27 19:25:07,335 [f6c59282-8b8b-4bc6-9a7f-0a226baa887b@group-6DDB49DBE31F-StateMachineUpdater] INFO  ratis.ContainerStateMachine (ContainerStateMachine.java:takeSnapshot(330)) - group-6DDB49DBE31F: Taking a snapshot at:(t:1, i:0) file /home/runner/work/ozone/ozone/hadoop-ozone/integration-test/target/test-dir/MiniOzoneClusterImpl-cbda0cd1-5e50-4c9a-9fd3-3711af7baf07/datanode-1/data/ratis/4d2bf946-c585-417a-8ae1-6ddb49dbe31f/sm/snapshot.1_0
2023-04-27 19:25:07,335 [Listener at 127.0.0.1/40321] INFO  server.GrpcService (GrpcService.java:closeImpl(271)) - f6c59282-8b8b-4bc6-9a7f-0a226baa887b: shutdown server GrpcServerProtocolService now
2023-04-27 19:25:07,346 [f6c59282-8b8b-4bc6-9a7f-0a226baa887b@group-474883555098-StateMachineUpdater] INFO  ratis.ContainerStateMachine (ContainerStateMachine.java:takeSnapshot(330)) - group-474883555098: Taking a snapshot at:(t:1, i:0) file /home/runner/work/ozone/ozone/hadoop-ozone/integration-test/target/test-dir/MiniOzoneClusterImpl-cbda0cd1-5e50-4c9a-9fd3-3711af7baf07/datanode-1/data/ratis/c040ea1d-5466-4235-9495-474883555098/sm/snapshot.1_0
2023-04-27 19:25:07,346 [f6c59282-8b8b-4bc6-9a7f-0a226baa887b-impl-thread2] INFO  impl.StateMachineUpdater (StateMachineUpdater.java:stopAndJoin(153)) - f6c59282-8b8b-4bc6-9a7f-0a226baa887b@group-474883555098-StateMachineUpdater: set stopIndex = 0
2023-04-27 19:25:07,335 [f6c59282-8b8b-4bc6-9a7f-0a226baa887b@group-6DDB49DBE31F-FollowerState] INFO  impl.FollowerState (FollowerState.java:run(152)) - f6c59282-8b8b-4bc6-9a7f-0a226baa887b@group-6DDB49DBE31F-FollowerState was interrupted
2023-04-27 19:25:07,335 [f6c59282-8b8b-4bc6-9a7f-0a226baa887b-impl-thread1] INFO  impl.StateMachineUpdater (StateMachineUpdater.java:stopAndJoin(153)) - f6c59282-8b8b-4bc6-9a7f-0a226baa887b@group-6DDB49DBE31F-StateMachineUpdater: set stopIndex = 0
2023-04-27 19:25:07,340 [f6c59282-8b8b-4bc6-9a7f-0a226baa887b-impl-thread3] INFO  util.JmxRegister (JmxRegister.java:unregister(73)) - Successfully un-registered JMX Bean with object name Ratis:service=RaftServer,group=group-2F3E61A8A7E1,id=f6c59282-8b8b-4bc6-9a7f-0a226baa887b
2023-04-27 19:25:07,354 [f6c59282-8b8b-4bc6-9a7f-0a226baa887b-impl-thread3] INFO  impl.RoleInfo (RoleInfo.java:shutdownLeaderState(93)) - f6c59282-8b8b-4bc6-9a7f-0a226baa887b: shutdown f6c59282-8b8b-4bc6-9a7f-0a226baa887b@group-2F3E61A8A7E1-LeaderStateImpl
2023-04-27 19:25:07,356 [grpc-default-executor-2] WARN  server.GrpcServerProtocolService (LogUtils.java:warn(122)) - f6c59282-8b8b-4bc6-9a7f-0a226baa887b: installSnapshot onError, lastRequest: null: org.apache.ratis.thirdparty.io.grpc.StatusRuntimeException: CANCELLED: client cancelled
2023-04-27 19:25:07,358 [grpc-default-executor-6] WARN  server.GrpcLogAppender (LogUtils.java:warn(122)) - b541e7ff-e94a-40bd-b2ad-c5dbbcbc2c5b@group-6DDB49DBE31F->f6c59282-8b8b-4bc6-9a7f-0a226baa887b-AppendLogResponseHandler: Failed appendEntries: org.apache.ratis.thirdparty.io.grpc.StatusRuntimeException: CANCELLED: RST_STREAM closed stream. HTTP/2 error code: CANCEL
2023-04-27 19:25:07,361 [grpc-default-executor-6] WARN  server.GrpcLogAppender (GrpcLogAppender.java:resetClient(131)) - b541e7ff-e94a-40bd-b2ad-c5dbbcbc2c5b@group-6DDB49DBE31F->f6c59282-8b8b-4bc6-9a7f-0a226baa887b-GrpcLogAppender: Leader has not got in touch with Follower b541e7ff-e94a-40bd-b2ad-c5dbbcbc2c5b@group-6DDB49DBE31F->f6c59282-8b8b-4bc6-9a7f-0a226baa887b(c0,m0,n1, attendVote=true, lastRpcSendTime=148, lastRpcResponseTime=96) yet, just keep nextIndex unchanged and retry.
2023-04-27 19:25:07,361 [grpc-default-executor-6] WARN  server.GrpcLogAppender (LogUtils.java:warn(122)) - b541e7ff-e94a-40bd-b2ad-c5dbbcbc2c5b@group-6DDB49DBE31F->f6c59282-8b8b-4bc6-9a7f-0a226baa887b-AppendLogResponseHandler: Failed appendEntries: org.apache.ratis.thirdparty.io.grpc.StatusRuntimeException: CANCELLED: RST_STREAM closed stream. HTTP/2 error code: CANCEL
2023-04-27 19:25:07,361 [grpc-default-executor-6] WARN  server.GrpcLogAppender (GrpcLogAppender.java:resetClient(131)) - b541e7ff-e94a-40bd-b2ad-c5dbbcbc2c5b@group-6DDB49DBE31F->f6c59282-8b8b-4bc6-9a7f-0a226baa887b-GrpcLogAppender: Leader has not got in touch with Follower b541e7ff-e94a-40bd-b2ad-c5dbbcbc2c5b@group-6DDB49DBE31F->f6c59282-8b8b-4bc6-9a7f-0a226baa887b(c0,m0,n1, attendVote=true, lastRpcSendTime=148, lastRpcResponseTime=96) yet, just keep nextIndex unchanged and retry.
2023-04-27 19:25:07,367 [b541e7ff-e94a-40bd-b2ad-c5dbbcbc2c5b-impl-thread2] INFO  server.RaftServer$Division (RaftServerImpl.java:lambda$close$4(458)) - b541e7ff-e94a-40bd-b2ad-c5dbbcbc2c5b@group-8FD94E940D46: shutdown
2023-04-27 19:25:07,367 [b541e7ff-e94a-40bd-b2ad-c5dbbcbc2c5b-impl-thread2] INFO  util.JmxRegister (JmxRegister.java:unregister(73)) - Successfully un-registered JMX Bean with object name Ratis:service=RaftServer,group=group-8FD94E940D46,id=b541e7ff-e94a-40bd-b2ad-c5dbbcbc2c5b
2023-04-27 19:25:07,367 [b541e7ff-e94a-40bd-b2ad-c5dbbcbc2c5b-impl-thread2] INFO  impl.RoleInfo (RoleInfo.java:shutdownLeaderState(93)) - b541e7ff-e94a-40bd-b2ad-c5dbbcbc2c5b: shutdown b541e7ff-e94a-40bd-b2ad-c5dbbcbc2c5b@group-8FD94E940D46-LeaderStateImpl
2023-04-27 19:25:07,367 [b541e7ff-e94a-40bd-b2ad-c5dbbcbc2c5b-impl-thread2] INFO  impl.PendingRequests (PendingRequests.java:sendNotLeaderResponses(282)) - b541e7ff-e94a-40bd-b2ad-c5dbbcbc2c5b@group-8FD94E940D46-PendingRequests: sendNotLeaderResponses
2023-04-27 19:25:07,367 [b541e7ff-e94a-40bd-b2ad-c5dbbcbc2c5b-impl-thread2] INFO  impl.StateMachineUpdater (StateMachineUpdater.java:stopAndJoin(153)) - b541e7ff-e94a-40bd-b2ad-c5dbbcbc2c5b@group-8FD94E940D46-StateMachineUpdater: set stopIndex = 0
2023-04-27 19:25:07,368 [b541e7ff-e94a-40bd-b2ad-c5dbbcbc2c5b@group-8FD94E940D46-StateMachineUpdater] INFO  ratis.ContainerStateMachine (ContainerStateMachine.java:takeSnapshot(330)) - group-8FD94E940D46: Taking a snapshot at:(t:1, i:0) file /home/runner/work/ozone/ozone/hadoop-ozone/integration-test/target/test-dir/MiniOzoneClusterImpl-cbda0cd1-5e50-4c9a-9fd3-3711af7baf07/datanode-0/data/ratis/368f6619-dfbe-4d14-a4ea-8fd94e940d46/sm/snapshot.1_0
2023-04-27 19:25:07,370 [ForkJoinPool.commonPool-worker-1] INFO  server.GrpcService (GrpcService.java:closeImpl(271)) - b541e7ff-e94a-40bd-b2ad-c5dbbcbc2c5b: shutdown server GrpcServerProtocolService now
2023-04-27 19:25:07,371 [b541e7ff-e94a-40bd-b2ad-c5dbbcbc2c5b-impl-thread3] INFO  server.RaftServer$Division (RaftServerImpl.java:lambda$close$4(458)) - b541e7ff-e94a-40bd-b2ad-c5dbbcbc2c5b@group-2F3E61A8A7E1: shutdown
2023-04-27 19:25:07,371 [b541e7ff-e94a-40bd-b2ad-c5dbbcbc2c5b-impl-thread3] INFO  util.JmxRegister (JmxRegister.java:unregister(73)) - Successfully un-registered JMX Bean with object name Ratis:service=RaftServer,group=group-2F3E61A8A7E1,id=b541e7ff-e94a-40bd-b2ad-c5dbbcbc2c5b
2023-04-27 19:25:07,371 [b541e7ff-e94a-40bd-b2ad-c5dbbcbc2c5b-impl-thread3] INFO  impl.RoleInfo (RoleInfo.java:shutdownFollowerState(110)) - b541e7ff-e94a-40bd-b2ad-c5dbbcbc2c5b: shutdown b541e7ff-e94a-40bd-b2ad-c5dbbcbc2c5b@group-2F3E61A8A7E1-FollowerState
2023-04-27 19:25:07,381 [f6c59282-8b8b-4bc6-9a7f-0a226baa887b-impl-thread3] INFO  impl.PendingRequests (PendingRequests.java:sendNotLeaderResponses(282)) - f6c59282-8b8b-4bc6-9a7f-0a226baa887b@group-2F3E61A8A7E1-PendingRequests: sendNotLeaderResponses
2023-04-27 19:25:07,381 [f6c59282-8b8b-4bc6-9a7f-0a226baa887b-impl-thread3] INFO  impl.StateMachineUpdater (StateMachineUpdater.java:stopAndJoin(153)) - f6c59282-8b8b-4bc6-9a7f-0a226baa887b@group-2F3E61A8A7E1-StateMachineUpdater: set stopIndex = 0
2023-04-27 19:25:07,382 [f6c59282-8b8b-4bc6-9a7f-0a226baa887b@group-2F3E61A8A7E1-StateMachineUpdater] INFO  ratis.ContainerStateMachine (ContainerStateMachine.java:takeSnapshot(330)) - group-2F3E61A8A7E1: Taking a snapshot at:(t:1, i:0) file /home/runner/work/ozone/ozone/hadoop-ozone/integration-test/target/test-dir/MiniOzoneClusterImpl-cbda0cd1-5e50-4c9a-9fd3-3711af7baf07/datanode-1/data/ratis/654a6875-cda0-4f40-9516-2f3e61a8a7e1/sm/snapshot.1_0
2023-04-27 19:25:07,393 [Listener at 127.0.0.1/40321] INFO  server.GrpcServerProtocolClient (GrpcServerProtocolClient.java:close(101)) - b8a2b3ae-f6d1-4c33-80c4-6391c5d511a4 Close channels
2023-04-27 19:25:07,364 [grpc-default-executor-6] INFO  server.GrpcServerProtocolService (GrpcServerProtocolService.java:onCompleted(143)) - b8a2b3ae-f6d1-4c33-80c4-6391c5d511a4: Completed APPEND_ENTRIES, lastRequest: b541e7ff-e94a-40bd-b2ad-c5dbbcbc2c5b->b8a2b3ae-f6d1-4c33-80c4-6391c5d511a4#1-t1,previous=(t:0, i:0),leaderCommit=-1,initializing? true,entries: size=1, first=(t:1, i:0), CONFIGURATIONENTRY(current:id: "b8a2b3ae-f6d1-4c33-80c4-6391c5d511a4"
address: "10.1.0.191:34305"
dataStreamAddress: "10.1.0.191:43589"
clientAddress: "10.1.0.191:34305"
adminAddress: "10.1.0.191:34305"
startupRole: FOLLOWER
,id: "b541e7ff-e94a-40bd-b2ad-c5dbbcbc2c5b"
address: "10.1.0.191:33317"
priority: 1
dataStreamAddress: "10.1.0.191:44131"
clientAddress: "10.1.0.191:33317"
adminAddress: "10.1.0.191:33317"
startupRole: FOLLOWER
,id: "f6c59282-8b8b-4bc6-9a7f-0a226baa887b"
address: "10.1.0.191:43027"
dataStreamAddress: "10.1.0.191:39765"
clientAddress: "10.1.0.191:43027"
adminAddress: "10.1.0.191:43027"
startupRole: FOLLOWER
, old:)
2023-04-27 19:25:07,369 [grpc-default-executor-3] INFO  server.GrpcServerProtocolService (GrpcServerProtocolService.java:onCompleted(143)) - b8a2b3ae-f6d1-4c33-80c4-6391c5d511a4: Completed APPEND_ENTRIES, lastRequest: null
2023-04-27 19:25:07,395 [ForkJoinPool.commonPool-worker-1] INFO  server.GrpcServerProtocolClient (GrpcServerProtocolClient.java:close(101)) - b8a2b3ae-f6d1-4c33-80c4-6391c5d511a4 Close channels
2023-04-27 19:25:07,378 [grpc-default-executor-8] WARN  server.GrpcServerProtocolService (LogUtils.java:warn(122)) - b541e7ff-e94a-40bd-b2ad-c5dbbcbc2c5b: installSnapshot onError, lastRequest: f6c59282-8b8b-4bc6-9a7f-0a226baa887b->b541e7ff-e94a-40bd-b2ad-c5dbbcbc2c5b#1-t1,previous=(t:0, i:0),leaderCommit=0,initializing? true,entries: size=1, first=(t:1, i:0), CONFIGURATIONENTRY(current:id: "b8a2b3ae-f6d1-4c33-80c4-6391c5d511a4"
address: "10.1.0.191:34305"
dataStreamAddress: "10.1.0.191:43589"
clientAddress: "10.1.0.191:34305"
adminAddress: "10.1.0.191:34305"
startupRole: FOLLOWER
,id: "b541e7ff-e94a-40bd-b2ad-c5dbbcbc2c5b"
address: "10.1.0.191:33317"
dataStreamAddress: "10.1.0.191:44131"
clientAddress: "10.1.0.191:33317"
adminAddress: "10.1.0.191:33317"
startupRole: FOLLOWER
,id: "f6c59282-8b8b-4bc6-9a7f-0a226baa887b"
address: "10.1.0.191:43027"
priority: 1
dataStreamAddress: "10.1.0.191:39765"
clientAddress: "10.1.0.191:43027"
adminAddress: "10.1.0.191:43027"
startupRole: FOLLOWER
, old:): org.apache.ratis.thirdparty.io.grpc.StatusRuntimeException: CANCELLED: client cancelled
2023-04-27 19:25:07,396 [grpc-default-executor-2] INFO  server.GrpcLogAppender (GrpcLogAppender.java:onCompleted(415)) - b541e7ff-e94a-40bd-b2ad-c5dbbcbc2c5b@group-6DDB49DBE31F->b8a2b3ae-f6d1-4c33-80c4-6391c5d511a4-AppendLogResponseHandler: follower responses appendEntries COMPLETED
2023-04-27 19:25:07,396 [grpc-default-executor-10] WARN  server.GrpcServerProtocolService (LogUtils.java:warn(122)) - b541e7ff-e94a-40bd-b2ad-c5dbbcbc2c5b: installSnapshot onError, lastRequest: null: org.apache.ratis.thirdparty.io.grpc.StatusRuntimeException: CANCELLED: client cancelled
2023-04-27 19:25:07,360 [grpc-default-executor-1] INFO  server.GrpcServerProtocolService (GrpcServerProtocolService.java:onCompleted(143)) - b8a2b3ae-f6d1-4c33-80c4-6391c5d511a4: Completed APPEND_ENTRIES, lastRequest: null
2023-04-27 19:25:07,400 [grpc-default-executor-7] INFO  server.GrpcServerProtocolService (GrpcServerProtocolService.java:onCompleted(143)) - b8a2b3ae-f6d1-4c33-80c4-6391c5d511a4: Completed APPEND_ENTRIES, lastRequest: f6c59282-8b8b-4bc6-9a7f-0a226baa887b->b8a2b3ae-f6d1-4c33-80c4-6391c5d511a4#1-t1,previous=(t:0, i:0),leaderCommit=0,initializing? true,entries: size=1, first=(t:1, i:0), CONFIGURATIONENTRY(current:id: "b8a2b3ae-f6d1-4c33-80c4-6391c5d511a4"
address: "10.1.0.191:34305"
dataStreamAddress: "10.1.0.191:43589"
clientAddress: "10.1.0.191:34305"
adminAddress: "10.1.0.191:34305"
startupRole: FOLLOWER
,id: "b541e7ff-e94a-40bd-b2ad-c5dbbcbc2c5b"
address: "10.1.0.191:33317"
dataStreamAddress: "10.1.0.191:44131"
clientAddress: "10.1.0.191:33317"
adminAddress: "10.1.0.191:33317"
startupRole: FOLLOWER
,id: "f6c59282-8b8b-4bc6-9a7f-0a226baa887b"
address: "10.1.0.191:43027"
priority: 1
dataStreamAddress: "10.1.0.191:39765"
clientAddress: "10.1.0.191:43027"
adminAddress: "10.1.0.191:43027"
startupRole: FOLLOWER
, old:)
2023-04-27 19:25:07,357 [grpc-default-executor-4] WARN  server.GrpcServerProtocolService (LogUtils.java:warn(122)) - f6c59282-8b8b-4bc6-9a7f-0a226baa887b: installSnapshot onError, lastRequest: b541e7ff-e94a-40bd-b2ad-c5dbbcbc2c5b->f6c59282-8b8b-4bc6-9a7f-0a226baa887b#1-t1,previous=(t:0, i:0),leaderCommit=0,initializing? true,entries: size=1, first=(t:1, i:0), CONFIGURATIONENTRY(current:id: "b8a2b3ae-f6d1-4c33-80c4-6391c5d511a4"
address: "10.1.0.191:34305"
dataStreamAddress: "10.1.0.191:43589"
clientAddress: "10.1.0.191:34305"
adminAddress: "10.1.0.191:34305"
startupRole: FOLLOWER
,id: "b541e7ff-e94a-40bd-b2ad-c5dbbcbc2c5b"
address: "10.1.0.191:33317"
priority: 1
dataStreamAddress: "10.1.0.191:44131"
clientAddress: "10.1.0.191:33317"
adminAddress: "10.1.0.191:33317"
startupRole: FOLLOWER
,id: "f6c59282-8b8b-4bc6-9a7f-0a226baa887b"
address: "10.1.0.191:43027"
dataStreamAddress: "10.1.0.191:39765"
clientAddress: "10.1.0.191:43027"
adminAddress: "10.1.0.191:43027"
startupRole: FOLLOWER
, old:): org.apache.ratis.thirdparty.io.grpc.StatusRuntimeException: CANCELLED: client cancelled
2023-04-27 19:25:07,393 [b541e7ff-e94a-40bd-b2ad-c5dbbcbc2c5b-impl-thread1] INFO  impl.PendingRequests (PendingRequests.java:sendNotLeaderResponses(282)) - b541e7ff-e94a-40bd-b2ad-c5dbbcbc2c5b@group-6DDB49DBE31F-PendingRequests: sendNotLeaderResponses
2023-04-27 19:25:07,401 [b541e7ff-e94a-40bd-b2ad-c5dbbcbc2c5b-impl-thread1] INFO  impl.StateMachineUpdater (StateMachineUpdater.java:stopAndJoin(153)) - b541e7ff-e94a-40bd-b2ad-c5dbbcbc2c5b@group-6DDB49DBE31F-StateMachineUpdater: set stopIndex = 0
2023-04-27 19:25:07,399 [grpc-default-executor-8] INFO  server.GrpcLogAppender (GrpcLogAppender.java:onCompleted(415)) - f6c59282-8b8b-4bc6-9a7f-0a226baa887b@group-2F3E61A8A7E1->b8a2b3ae-f6d1-4c33-80c4-6391c5d511a4-AppendLogResponseHandler: follower responses appendEntries COMPLETED
2023-04-27 19:25:07,401 [grpc-default-executor-8] WARN  server.GrpcLogAppender (GrpcLogAppender.java:resetClient(137)) - f6c59282-8b8b-4bc6-9a7f-0a226baa887b@group-2F3E61A8A7E1->b8a2b3ae-f6d1-4c33-80c4-6391c5d511a4-GrpcLogAppender: Failed to getClient for b8a2b3ae-f6d1-4c33-80c4-6391c5d511a4
org.apache.ratis.protocol.exceptions.AlreadyClosedException: f6c59282-8b8b-4bc6-9a7f-0a226baa887b is already CLOSED
	at org.apache.ratis.util.PeerProxyMap$PeerAndProxy.getProxy(PeerProxyMap.java:61)
	at org.apache.ratis.util.PeerProxyMap.getProxy(PeerProxyMap.java:115)
	at org.apache.ratis.grpc.server.GrpcLogAppender.getClient(GrpcLogAppender.java:116)
	at org.apache.ratis.grpc.server.GrpcLogAppender.resetClient(GrpcLogAppender.java:121)
	at org.apache.ratis.grpc.server.GrpcLogAppender.access$500(GrpcLogAppender.java:58)
	at org.apache.ratis.grpc.server.GrpcLogAppender$AppendLogResponseHandler.onCompleted(GrpcLogAppender.java:416)
	at org.apache.ratis.thirdparty.io.grpc.stub.ClientCalls$StreamObserverToCallListenerAdapter.onClose(ClientCalls.java:485)
	at org.apache.ratis.thirdparty.io.grpc.internal.ClientCallImpl.closeObserver(ClientCallImpl.java:562)
	at org.apache.ratis.thirdparty.io.grpc.internal.ClientCallImpl.access$300(ClientCallImpl.java:70)
	at org.apache.ratis.thirdparty.io.grpc.internal.ClientCallImpl$ClientStreamListenerImpl$1StreamClosed.runInternal(ClientCallImpl.java:743)
	at org.apache.ratis.thirdparty.io.grpc.internal.ClientCallImpl$ClientStreamListenerImpl$1StreamClosed.runInContext(ClientCallImpl.java:722)
	at org.apache.ratis.thirdparty.io.grpc.internal.ContextRunnable.run(ContextRunnable.java:37)
	at org.apache.ratis.thirdparty.io.grpc.internal.SerializingExecutor.run(SerializingExecutor.java:133)
	at java.util.concurrent.ThreadPoolExecutor.runWorker(ThreadPoolExecutor.java:1149)
	at java.util.concurrent.ThreadPoolExecutor$Worker.run(ThreadPoolExecutor.java:624)
	at java.lang.Thread.run(Thread.java:750)
2023-04-27 19:25:07,398 [grpc-default-executor-6] INFO  server.GrpcLogAppender (GrpcLogAppender.java:onError(404)) - f6c59282-8b8b-4bc6-9a7f-0a226baa887b@group-2F3E61A8A7E1->b541e7ff-e94a-40bd-b2ad-c5dbbcbc2c5b-GrpcLogAppender is already stopped
2023-04-27 19:25:07,397 [grpc-default-executor-2] WARN  server.GrpcLogAppender (GrpcLogAppender.java:resetClient(137)) - b541e7ff-e94a-40bd-b2ad-c5dbbcbc2c5b@group-6DDB49DBE31F->b8a2b3ae-f6d1-4c33-80c4-6391c5d511a4-GrpcLogAppender: Failed to getClient for b8a2b3ae-f6d1-4c33-80c4-6391c5d511a4
org.apache.ratis.protocol.exceptions.AlreadyClosedException: b541e7ff-e94a-40bd-b2ad-c5dbbcbc2c5b is already CLOSED
	at org.apache.ratis.util.PeerProxyMap$PeerAndProxy.getProxy(PeerProxyMap.java:61)
	at org.apache.ratis.util.PeerProxyMap.getProxy(PeerProxyMap.java:115)
	at org.apache.ratis.grpc.server.GrpcLogAppender.getClient(GrpcLogAppender.java:116)
	at org.apache.ratis.grpc.server.GrpcLogAppender.resetClient(GrpcLogAppender.java:121)
	at org.apache.ratis.grpc.server.GrpcLogAppender.access$500(GrpcLogAppender.java:58)
	at org.apache.ratis.grpc.server.GrpcLogAppender$AppendLogResponseHandler.onCompleted(GrpcLogAppender.java:416)
	at org.apache.ratis.thirdparty.io.grpc.stub.ClientCalls$StreamObserverToCallListenerAdapter.onClose(ClientCalls.java:485)
	at org.apache.ratis.thirdparty.io.grpc.internal.ClientCallImpl.closeObserver(ClientCallImpl.java:562)
	at org.apache.ratis.thirdparty.io.grpc.internal.ClientCallImpl.access$300(ClientCallImpl.java:70)
	at org.apache.ratis.thirdparty.io.grpc.internal.ClientCallImpl$ClientStreamListenerImpl$1StreamClosed.runInternal(ClientCallImpl.java:743)
	at org.apache.ratis.thirdparty.io.grpc.internal.ClientCallImpl$ClientStreamListenerImpl$1StreamClosed.runInContext(ClientCallImpl.java:722)
	at org.apache.ratis.thirdparty.io.grpc.internal.ContextRunnable.run(ContextRunnable.java:37)
	at org.apache.ratis.thirdparty.io.grpc.internal.SerializingExecutor.run(SerializingExecutor.java:133)
	at java.util.concurrent.ThreadPoolExecutor.runWorker(ThreadPoolExecutor.java:1149)
	at java.util.concurrent.ThreadPoolExecutor$Worker.run(ThreadPoolExecutor.java:624)
	at java.lang.Thread.run(Thread.java:750)
2023-04-27 19:25:07,397 [b541e7ff-e94a-40bd-b2ad-c5dbbcbc2c5b@group-2F3E61A8A7E1-StateMachineUpdater] INFO  ratis.ContainerStateMachine (ContainerStateMachine.java:takeSnapshot(330)) - group-2F3E61A8A7E1: Taking a snapshot at:(t:1, i:0) file /home/runner/work/ozone/ozone/hadoop-ozone/integration-test/target/test-dir/MiniOzoneClusterImpl-cbda0cd1-5e50-4c9a-9fd3-3711af7baf07/datanode-0/data/ratis/654a6875-cda0-4f40-9516-2f3e61a8a7e1/sm/snapshot.1_0
2023-04-27 19:25:07,397 [b541e7ff-e94a-40bd-b2ad-c5dbbcbc2c5b@group-2F3E61A8A7E1-FollowerState] INFO  impl.FollowerState (FollowerState.java:run(152)) - b541e7ff-e94a-40bd-b2ad-c5dbbcbc2c5b@group-2F3E61A8A7E1-FollowerState was interrupted
2023-04-27 19:25:07,397 [b541e7ff-e94a-40bd-b2ad-c5dbbcbc2c5b-impl-thread3] INFO  impl.StateMachineUpdater (StateMachineUpdater.java:stopAndJoin(153)) - b541e7ff-e94a-40bd-b2ad-c5dbbcbc2c5b@group-2F3E61A8A7E1-StateMachineUpdater: set stopIndex = 0
2023-04-27 19:25:07,382 [f6c59282-8b8b-4bc6-9a7f-0a226baa887b@group-2F3E61A8A7E1->b541e7ff-e94a-40bd-b2ad-c5dbbcbc2c5b-GrpcLogAppender-LogAppenderDaemon] WARN  server.GrpcLogAppender (GrpcLogAppender.java:mayWait(200)) - f6c59282-8b8b-4bc6-9a7f-0a226baa887b@group-2F3E61A8A7E1->b541e7ff-e94a-40bd-b2ad-c5dbbcbc2c5b-GrpcLogAppender: Wait interrupted by java.lang.InterruptedException
2023-04-27 19:25:07,401 [b541e7ff-e94a-40bd-b2ad-c5dbbcbc2c5b@group-6DDB49DBE31F-StateMachineUpdater] INFO  ratis.ContainerStateMachine (ContainerStateMachine.java:takeSnapshot(330)) - group-6DDB49DBE31F: Taking a snapshot at:(t:1, i:0) file /home/runner/work/ozone/ozone/hadoop-ozone/integration-test/target/test-dir/MiniOzoneClusterImpl-cbda0cd1-5e50-4c9a-9fd3-3711af7baf07/datanode-0/data/ratis/4d2bf946-c585-417a-8ae1-6ddb49dbe31f/sm/snapshot.1_0
2023-04-27 19:25:07,408 [grpc-default-executor-3] INFO  server.GrpcLogAppender (GrpcLogAppender.java:onError(404)) - f6c59282-8b8b-4bc6-9a7f-0a226baa887b@group-2F3E61A8A7E1->b541e7ff-e94a-40bd-b2ad-c5dbbcbc2c5b-GrpcLogAppender is already stopped
2023-04-27 19:25:07,412 [ForkJoinPool.commonPool-worker-1] INFO  server.GrpcServerProtocolClient (GrpcServerProtocolClient.java:close(101)) - f6c59282-8b8b-4bc6-9a7f-0a226baa887b Close channels
2023-04-27 19:25:07,413 [ForkJoinPool.commonPool-worker-1] INFO  server.GrpcService (GrpcService.java:closeImpl(280)) - b541e7ff-e94a-40bd-b2ad-c5dbbcbc2c5b: shutdown server GrpcServerProtocolService successfully
2023-04-27 19:25:07,413 [grpc-default-executor-6] INFO  server.GrpcLogAppender (GrpcLogAppender.java:onCompleted(415)) - f6c59282-8b8b-4bc6-9a7f-0a226baa887b@group-2F3E61A8A7E1->b8a2b3ae-f6d1-4c33-80c4-6391c5d511a4-AppendLogResponseHandler: follower responses appendEntries COMPLETED
2023-04-27 19:25:07,413 [grpc-default-executor-6] WARN  server.GrpcLogAppender (GrpcLogAppender.java:resetClient(137)) - f6c59282-8b8b-4bc6-9a7f-0a226baa887b@group-2F3E61A8A7E1->b8a2b3ae-f6d1-4c33-80c4-6391c5d511a4-GrpcLogAppender: Failed to getClient for b8a2b3ae-f6d1-4c33-80c4-6391c5d511a4
org.apache.ratis.protocol.exceptions.AlreadyClosedException: f6c59282-8b8b-4bc6-9a7f-0a226baa887b is already CLOSED
	at org.apache.ratis.util.PeerProxyMap$PeerAndProxy.getProxy(PeerProxyMap.java:61)
	at org.apache.ratis.util.PeerProxyMap.getProxy(PeerProxyMap.java:115)
	at org.apache.ratis.grpc.server.GrpcLogAppender.getClient(GrpcLogAppender.java:116)
	at org.apache.ratis.grpc.server.GrpcLogAppender.resetClient(GrpcLogAppender.java:121)
	at org.apache.ratis.grpc.server.GrpcLogAppender.access$500(GrpcLogAppender.java:58)
	at org.apache.ratis.grpc.server.GrpcLogAppender$AppendLogResponseHandler.onCompleted(GrpcLogAppender.java:416)
	at org.apache.ratis.thirdparty.io.grpc.stub.ClientCalls$StreamObserverToCallListenerAdapter.onClose(ClientCalls.java:485)
	at org.apache.ratis.thirdparty.io.grpc.internal.ClientCallImpl.closeObserver(ClientCallImpl.java:562)
	at org.apache.ratis.thirdparty.io.grpc.internal.ClientCallImpl.access$300(ClientCallImpl.java:70)
	at org.apache.ratis.thirdparty.io.grpc.internal.ClientCallImpl$ClientStreamListenerImpl$1StreamClosed.runInternal(ClientCallImpl.java:743)
	at org.apache.ratis.thirdparty.io.grpc.internal.ClientCallImpl$ClientStreamListenerImpl$1StreamClosed.runInContext(ClientCallImpl.java:722)
	at org.apache.ratis.thirdparty.io.grpc.internal.ContextRunnable.run(ContextRunnable.java:37)
	at org.apache.ratis.thirdparty.io.grpc.internal.SerializingExecutor.run(SerializingExecutor.java:133)
	at java.util.concurrent.ThreadPoolExecutor.runWorker(ThreadPoolExecutor.java:1149)
	at java.util.concurrent.ThreadPoolExecutor$Worker.run(ThreadPoolExecutor.java:624)
	at java.lang.Thread.run(Thread.java:750)
2023-04-27 19:25:07,413 [b541e7ff-e94a-40bd-b2ad-c5dbbcbc2c5b-NettyServerStreamRpc-bossGroup--thread1] INFO  logging.LoggingHandler (AbstractInternalLogger.java:log(148)) - [id: 0xbe69944c, L:/0:0:0:0:0:0:0:0:44131] CLOSE
2023-04-27 19:25:07,418 [Listener at 127.0.0.1/40321] INFO  server.GrpcServerProtocolClient (GrpcServerProtocolClient.java:close(101)) - b541e7ff-e94a-40bd-b2ad-c5dbbcbc2c5b Close channels
2023-04-27 19:25:07,417 [grpc-default-executor-2] INFO  server.GrpcLogAppender (GrpcLogAppender.java:onCompleted(415)) - b541e7ff-e94a-40bd-b2ad-c5dbbcbc2c5b@group-6DDB49DBE31F->b8a2b3ae-f6d1-4c33-80c4-6391c5d511a4-AppendLogResponseHandler: follower responses appendEntries COMPLETED
2023-04-27 19:25:07,419 [grpc-default-executor-2] WARN  server.GrpcLogAppender (GrpcLogAppender.java:resetClient(137)) - b541e7ff-e94a-40bd-b2ad-c5dbbcbc2c5b@group-6DDB49DBE31F->b8a2b3ae-f6d1-4c33-80c4-6391c5d511a4-GrpcLogAppender: Failed to getClient for b8a2b3ae-f6d1-4c33-80c4-6391c5d511a4
org.apache.ratis.protocol.exceptions.AlreadyClosedException: b541e7ff-e94a-40bd-b2ad-c5dbbcbc2c5b is already CLOSED
	at org.apache.ratis.util.PeerProxyMap$PeerAndProxy.getProxy(PeerProxyMap.java:61)
	at org.apache.ratis.util.PeerProxyMap.getProxy(PeerProxyMap.java:115)
	at org.apache.ratis.grpc.server.GrpcLogAppender.getClient(GrpcLogAppender.java:116)
	at org.apache.ratis.grpc.server.GrpcLogAppender.resetClient(GrpcLogAppender.java:121)
	at org.apache.ratis.grpc.server.GrpcLogAppender.access$500(GrpcLogAppender.java:58)
	at org.apache.ratis.grpc.server.GrpcLogAppender$AppendLogResponseHandler.onCompleted(GrpcLogAppender.java:416)
	at org.apache.ratis.thirdparty.io.grpc.stub.ClientCalls$StreamObserverToCallListenerAdapter.onClose(ClientCalls.java:485)
	at org.apache.ratis.thirdparty.io.grpc.internal.DelayedClientCall$DelayedListener$3.run(DelayedClientCall.java:468)
	at org.apache.ratis.thirdparty.io.grpc.internal.DelayedClientCall$DelayedListener.delayOrExecute(DelayedClientCall.java:432)
	at org.apache.ratis.thirdparty.io.grpc.internal.DelayedClientCall$DelayedListener.onClose(DelayedClientCall.java:465)
	at org.apache.ratis.thirdparty.io.grpc.internal.ClientCallImpl.closeObserver(ClientCallImpl.java:562)
	at org.apache.ratis.thirdparty.io.grpc.internal.ClientCallImpl.access$300(ClientCallImpl.java:70)
	at org.apache.ratis.thirdparty.io.grpc.internal.ClientCallImpl$ClientStreamListenerImpl$1StreamClosed.runInternal(ClientCallImpl.java:743)
	at org.apache.ratis.thirdparty.io.grpc.internal.ClientCallImpl$ClientStreamListenerImpl$1StreamClosed.runInContext(ClientCallImpl.java:722)
	at org.apache.ratis.thirdparty.io.grpc.internal.ContextRunnable.run(ContextRunnable.java:37)
	at org.apache.ratis.thirdparty.io.grpc.internal.SerializingExecutor.run(SerializingExecutor.java:133)
	at java.util.concurrent.ThreadPoolExecutor.runWorker(ThreadPoolExecutor.java:1149)
	at java.util.concurrent.ThreadPoolExecutor$Worker.run(ThreadPoolExecutor.java:624)
	at java.lang.Thread.run(Thread.java:750)
2023-04-27 19:25:07,419 [b541e7ff-e94a-40bd-b2ad-c5dbbcbc2c5b-NettyServerStreamRpc-bossGroup--thread1] INFO  logging.LoggingHandler (AbstractInternalLogger.java:log(148)) - [id: 0xbe69944c, L:/0:0:0:0:0:0:0:0:44131] INACTIVE
2023-04-27 19:25:07,420 [b541e7ff-e94a-40bd-b2ad-c5dbbcbc2c5b-NettyServerStreamRpc-bossGroup--thread1] INFO  logging.LoggingHandler (AbstractInternalLogger.java:log(148)) - [id: 0xbe69944c, L:/0:0:0:0:0:0:0:0:44131] UNREGISTERED
2023-04-27 19:25:07,424 [Listener at 127.0.0.1/40321] INFO  server.GrpcService (GrpcService.java:closeImpl(280)) - f6c59282-8b8b-4bc6-9a7f-0a226baa887b: shutdown server GrpcServerProtocolService successfully
2023-04-27 19:25:07,424 [f6c59282-8b8b-4bc6-9a7f-0a226baa887b-NettyServerStreamRpc-bossGroup--thread1] INFO  logging.LoggingHandler (AbstractInternalLogger.java:log(148)) - [id: 0xaaff14b8, L:/0:0:0:0:0:0:0:0:39765] CLOSE
2023-04-27 19:25:07,424 [f6c59282-8b8b-4bc6-9a7f-0a226baa887b-NettyServerStreamRpc-bossGroup--thread1] INFO  logging.LoggingHandler (AbstractInternalLogger.java:log(148)) - [id: 0xaaff14b8, L:/0:0:0:0:0:0:0:0:39765] INACTIVE
2023-04-27 19:25:07,424 [f6c59282-8b8b-4bc6-9a7f-0a226baa887b-NettyServerStreamRpc-bossGroup--thread1] INFO  logging.LoggingHandler (AbstractInternalLogger.java:log(148)) - [id: 0xaaff14b8, L:/0:0:0:0:0:0:0:0:39765] UNREGISTERED
2023-04-27 19:25:07,732 [JvmPauseMonitor1] WARN  util.JvmPauseMonitor (JvmPauseMonitor.java:detectPause(126)) - JvmPauseMonitor-b541e7ff-e94a-40bd-b2ad-c5dbbcbc2c5b: Detected pause in JVM or host machine (eg GC): pause of approximately 138796959ns.
GC pool 'PS MarkSweep' had collection(s): count=1 time=182ms
GC pool 'PS Scavenge' had collection(s): count=1 time=93ms
2023-04-27 19:25:07,755 [b541e7ff-e94a-40bd-b2ad-c5dbbcbc2c5b@group-2F3E61A8A7E1-StateMachineUpdater] INFO  ratis.ContainerStateMachine (ContainerStateMachine.java:takeSnapshot(341)) - group-2F3E61A8A7E1: Finished taking a snapshot at:(t:1, i:0) file:/home/runner/work/ozone/ozone/hadoop-ozone/integration-test/target/test-dir/MiniOzoneClusterImpl-cbda0cd1-5e50-4c9a-9fd3-3711af7baf07/datanode-0/data/ratis/654a6875-cda0-4f40-9516-2f3e61a8a7e1/sm/snapshot.1_0 took: 359 ms
2023-04-27 19:25:07,756 [b541e7ff-e94a-40bd-b2ad-c5dbbcbc2c5b@group-6DDB49DBE31F-StateMachineUpdater] INFO  ratis.ContainerStateMachine (ContainerStateMachine.java:takeSnapshot(341)) - group-6DDB49DBE31F: Finished taking a snapshot at:(t:1, i:0) file:/home/runner/work/ozone/ozone/hadoop-ozone/integration-test/target/test-dir/MiniOzoneClusterImpl-cbda0cd1-5e50-4c9a-9fd3-3711af7baf07/datanode-0/data/ratis/4d2bf946-c585-417a-8ae1-6ddb49dbe31f/sm/snapshot.1_0 took: 355 ms
2023-04-27 19:25:07,757 [f6c59282-8b8b-4bc6-9a7f-0a226baa887b@group-2F3E61A8A7E1-StateMachineUpdater] INFO  ratis.ContainerStateMachine (ContainerStateMachine.java:takeSnapshot(341)) - group-2F3E61A8A7E1: Finished taking a snapshot at:(t:1, i:0) file:/home/runner/work/ozone/ozone/hadoop-ozone/integration-test/target/test-dir/MiniOzoneClusterImpl-cbda0cd1-5e50-4c9a-9fd3-3711af7baf07/datanode-1/data/ratis/654a6875-cda0-4f40-9516-2f3e61a8a7e1/sm/snapshot.1_0 took: 375 ms
2023-04-27 19:25:07,757 [b541e7ff-e94a-40bd-b2ad-c5dbbcbc2c5b@group-2F3E61A8A7E1-StateMachineUpdater] INFO  impl.StateMachineUpdater (StateMachineUpdater.java:takeSnapshot(287)) - b541e7ff-e94a-40bd-b2ad-c5dbbcbc2c5b@group-2F3E61A8A7E1-StateMachineUpdater: Took a snapshot at index 0
2023-04-27 19:25:07,757 [b541e7ff-e94a-40bd-b2ad-c5dbbcbc2c5b@group-2F3E61A8A7E1-StateMachineUpdater] INFO  impl.StateMachineUpdater (StateMachineUpdater.java:lambda$new$0(92)) - b541e7ff-e94a-40bd-b2ad-c5dbbcbc2c5b@group-2F3E61A8A7E1-StateMachineUpdater: snapshotIndex: updateIncreasingly -1 -> 0
2023-04-27 19:25:07,757 [f6c59282-8b8b-4bc6-9a7f-0a226baa887b@group-2F3E61A8A7E1-StateMachineUpdater] INFO  impl.StateMachineUpdater (StateMachineUpdater.java:takeSnapshot(287)) - f6c59282-8b8b-4bc6-9a7f-0a226baa887b@group-2F3E61A8A7E1-StateMachineUpdater: Took a snapshot at index 0
2023-04-27 19:25:07,757 [f6c59282-8b8b-4bc6-9a7f-0a226baa887b@group-2F3E61A8A7E1-StateMachineUpdater] INFO  impl.StateMachineUpdater (StateMachineUpdater.java:lambda$new$0(92)) - f6c59282-8b8b-4bc6-9a7f-0a226baa887b@group-2F3E61A8A7E1-StateMachineUpdater: snapshotIndex: updateIncreasingly -1 -> 0
2023-04-27 19:25:07,758 [b541e7ff-e94a-40bd-b2ad-c5dbbcbc2c5b@group-8FD94E940D46-StateMachineUpdater] INFO  ratis.ContainerStateMachine (ContainerStateMachine.java:takeSnapshot(341)) - group-8FD94E940D46: Finished taking a snapshot at:(t:1, i:0) file:/home/runner/work/ozone/ozone/hadoop-ozone/integration-test/target/test-dir/MiniOzoneClusterImpl-cbda0cd1-5e50-4c9a-9fd3-3711af7baf07/datanode-0/data/ratis/368f6619-dfbe-4d14-a4ea-8fd94e940d46/sm/snapshot.1_0 took: 390 ms
2023-04-27 19:25:07,758 [b541e7ff-e94a-40bd-b2ad-c5dbbcbc2c5b@group-8FD94E940D46-StateMachineUpdater] INFO  impl.StateMachineUpdater (StateMachineUpdater.java:takeSnapshot(287)) - b541e7ff-e94a-40bd-b2ad-c5dbbcbc2c5b@group-8FD94E940D46-StateMachineUpdater: Took a snapshot at index 0
2023-04-27 19:25:07,758 [b541e7ff-e94a-40bd-b2ad-c5dbbcbc2c5b@group-8FD94E940D46-StateMachineUpdater] INFO  impl.StateMachineUpdater (StateMachineUpdater.java:lambda$new$0(92)) - b541e7ff-e94a-40bd-b2ad-c5dbbcbc2c5b@group-8FD94E940D46-StateMachineUpdater: snapshotIndex: updateIncreasingly -1 -> 0
2023-04-27 19:25:07,758 [f6c59282-8b8b-4bc6-9a7f-0a226baa887b@group-6DDB49DBE31F-StateMachineUpdater] INFO  ratis.ContainerStateMachine (ContainerStateMachine.java:takeSnapshot(341)) - group-6DDB49DBE31F: Finished taking a snapshot at:(t:1, i:0) file:/home/runner/work/ozone/ozone/hadoop-ozone/integration-test/target/test-dir/MiniOzoneClusterImpl-cbda0cd1-5e50-4c9a-9fd3-3711af7baf07/datanode-1/data/ratis/4d2bf946-c585-417a-8ae1-6ddb49dbe31f/sm/snapshot.1_0 took: 423 ms
2023-04-27 19:25:07,758 [f6c59282-8b8b-4bc6-9a7f-0a226baa887b@group-6DDB49DBE31F-StateMachineUpdater] INFO  impl.StateMachineUpdater (StateMachineUpdater.java:takeSnapshot(287)) - f6c59282-8b8b-4bc6-9a7f-0a226baa887b@group-6DDB49DBE31F-StateMachineUpdater: Took a snapshot at index 0
2023-04-27 19:25:07,758 [f6c59282-8b8b-4bc6-9a7f-0a226baa887b@group-6DDB49DBE31F-StateMachineUpdater] INFO  impl.StateMachineUpdater (StateMachineUpdater.java:lambda$new$0(92)) - f6c59282-8b8b-4bc6-9a7f-0a226baa887b@group-6DDB49DBE31F-StateMachineUpdater: snapshotIndex: updateIncreasingly -1 -> 0
2023-04-27 19:25:07,758 [f6c59282-8b8b-4bc6-9a7f-0a226baa887b@group-474883555098-StateMachineUpdater] INFO  ratis.ContainerStateMachine (ContainerStateMachine.java:takeSnapshot(341)) - group-474883555098: Finished taking a snapshot at:(t:1, i:0) file:/home/runner/work/ozone/ozone/hadoop-ozone/integration-test/target/test-dir/MiniOzoneClusterImpl-cbda0cd1-5e50-4c9a-9fd3-3711af7baf07/datanode-1/data/ratis/c040ea1d-5466-4235-9495-474883555098/sm/snapshot.1_0 took: 413 ms
2023-04-27 19:25:07,758 [f6c59282-8b8b-4bc6-9a7f-0a226baa887b@group-474883555098-StateMachineUpdater] INFO  impl.StateMachineUpdater (StateMachineUpdater.java:takeSnapshot(287)) - f6c59282-8b8b-4bc6-9a7f-0a226baa887b@group-474883555098-StateMachineUpdater: Took a snapshot at index 0
2023-04-27 19:25:07,759 [f6c59282-8b8b-4bc6-9a7f-0a226baa887b@group-474883555098-StateMachineUpdater] INFO  impl.StateMachineUpdater (StateMachineUpdater.java:lambda$new$0(92)) - f6c59282-8b8b-4bc6-9a7f-0a226baa887b@group-474883555098-StateMachineUpdater: snapshotIndex: updateIncreasingly -1 -> 0
2023-04-27 19:25:07,759 [b541e7ff-e94a-40bd-b2ad-c5dbbcbc2c5b@group-6DDB49DBE31F-StateMachineUpdater] INFO  impl.StateMachineUpdater (StateMachineUpdater.java:takeSnapshot(287)) - b541e7ff-e94a-40bd-b2ad-c5dbbcbc2c5b@group-6DDB49DBE31F-StateMachineUpdater: Took a snapshot at index 0
2023-04-27 19:25:07,759 [b541e7ff-e94a-40bd-b2ad-c5dbbcbc2c5b@group-6DDB49DBE31F-StateMachineUpdater] INFO  impl.StateMachineUpdater (StateMachineUpdater.java:lambda$new$0(92)) - b541e7ff-e94a-40bd-b2ad-c5dbbcbc2c5b@group-6DDB49DBE31F-StateMachineUpdater: snapshotIndex: updateIncreasingly -1 -> 0
2023-04-27 19:25:07,760 [f6c59282-8b8b-4bc6-9a7f-0a226baa887b-impl-thread2] INFO  server.RaftServer$Division (ServerState.java:close(466)) - f6c59282-8b8b-4bc6-9a7f-0a226baa887b@group-474883555098: closes. applyIndex: 0
2023-04-27 19:25:07,760 [b541e7ff-e94a-40bd-b2ad-c5dbbcbc2c5b-impl-thread1] INFO  server.RaftServer$Division (ServerState.java:close(466)) - b541e7ff-e94a-40bd-b2ad-c5dbbcbc2c5b@group-6DDB49DBE31F: closes. applyIndex: 0
2023-04-27 19:25:07,760 [f6c59282-8b8b-4bc6-9a7f-0a226baa887b@group-474883555098-SegmentedRaftLogWorker] INFO  segmented.SegmentedRaftLogWorker (SegmentedRaftLogWorker.java:run(347)) - f6c59282-8b8b-4bc6-9a7f-0a226baa887b@group-474883555098-SegmentedRaftLogWorker was interrupted, exiting. There are 0 tasks remaining in the queue.
2023-04-27 19:25:07,760 [b541e7ff-e94a-40bd-b2ad-c5dbbcbc2c5b@group-6DDB49DBE31F-SegmentedRaftLogWorker] INFO  segmented.SegmentedRaftLogWorker (SegmentedRaftLogWorker.java:run(347)) - b541e7ff-e94a-40bd-b2ad-c5dbbcbc2c5b@group-6DDB49DBE31F-SegmentedRaftLogWorker was interrupted, exiting. There are 0 tasks remaining in the queue.
2023-04-27 19:25:07,761 [f6c59282-8b8b-4bc6-9a7f-0a226baa887b-impl-thread3] INFO  server.RaftServer$Division (ServerState.java:close(466)) - f6c59282-8b8b-4bc6-9a7f-0a226baa887b@group-2F3E61A8A7E1: closes. applyIndex: 0
2023-04-27 19:25:07,761 [f6c59282-8b8b-4bc6-9a7f-0a226baa887b@group-2F3E61A8A7E1-SegmentedRaftLogWorker] INFO  segmented.SegmentedRaftLogWorker (SegmentedRaftLogWorker.java:run(347)) - f6c59282-8b8b-4bc6-9a7f-0a226baa887b@group-2F3E61A8A7E1-SegmentedRaftLogWorker was interrupted, exiting. There are 0 tasks remaining in the queue.
2023-04-27 19:25:07,762 [f6c59282-8b8b-4bc6-9a7f-0a226baa887b-impl-thread1] INFO  server.RaftServer$Division (ServerState.java:close(466)) - f6c59282-8b8b-4bc6-9a7f-0a226baa887b@group-6DDB49DBE31F: closes. applyIndex: 0
2023-04-27 19:25:07,762 [b541e7ff-e94a-40bd-b2ad-c5dbbcbc2c5b-impl-thread2] INFO  server.RaftServer$Division (ServerState.java:close(466)) - b541e7ff-e94a-40bd-b2ad-c5dbbcbc2c5b@group-8FD94E940D46: closes. applyIndex: 0
2023-04-27 19:25:07,762 [f6c59282-8b8b-4bc6-9a7f-0a226baa887b@group-6DDB49DBE31F-SegmentedRaftLogWorker] INFO  segmented.SegmentedRaftLogWorker (SegmentedRaftLogWorker.java:run(347)) - f6c59282-8b8b-4bc6-9a7f-0a226baa887b@group-6DDB49DBE31F-SegmentedRaftLogWorker was interrupted, exiting. There are 0 tasks remaining in the queue.
2023-04-27 19:25:07,762 [b541e7ff-e94a-40bd-b2ad-c5dbbcbc2c5b@group-8FD94E940D46-SegmentedRaftLogWorker] INFO  segmented.SegmentedRaftLogWorker (SegmentedRaftLogWorker.java:run(347)) - b541e7ff-e94a-40bd-b2ad-c5dbbcbc2c5b@group-8FD94E940D46-SegmentedRaftLogWorker was interrupted, exiting. There are 0 tasks remaining in the queue.
2023-04-27 19:25:07,761 [f6c59282-8b8b-4bc6-9a7f-0a226baa887b-impl-thread2] INFO  segmented.SegmentedRaftLogWorker (SegmentedRaftLogWorker.java:close(257)) - f6c59282-8b8b-4bc6-9a7f-0a226baa887b@group-474883555098-SegmentedRaftLogWorker close()
2023-04-27 19:25:07,763 [b541e7ff-e94a-40bd-b2ad-c5dbbcbc2c5b-impl-thread1] INFO  segmented.SegmentedRaftLogWorker (SegmentedRaftLogWorker.java:close(257)) - b541e7ff-e94a-40bd-b2ad-c5dbbcbc2c5b@group-6DDB49DBE31F-SegmentedRaftLogWorker close()
2023-04-27 19:25:07,763 [b541e7ff-e94a-40bd-b2ad-c5dbbcbc2c5b-impl-thread2] INFO  segmented.SegmentedRaftLogWorker (SegmentedRaftLogWorker.java:close(257)) - b541e7ff-e94a-40bd-b2ad-c5dbbcbc2c5b@group-8FD94E940D46-SegmentedRaftLogWorker close()
2023-04-27 19:25:07,763 [f6c59282-8b8b-4bc6-9a7f-0a226baa887b-impl-thread1] INFO  segmented.SegmentedRaftLogWorker (SegmentedRaftLogWorker.java:close(257)) - f6c59282-8b8b-4bc6-9a7f-0a226baa887b@group-6DDB49DBE31F-SegmentedRaftLogWorker close()
2023-04-27 19:25:07,763 [f6c59282-8b8b-4bc6-9a7f-0a226baa887b-impl-thread3] INFO  segmented.SegmentedRaftLogWorker (SegmentedRaftLogWorker.java:close(257)) - f6c59282-8b8b-4bc6-9a7f-0a226baa887b@group-2F3E61A8A7E1-SegmentedRaftLogWorker close()
2023-04-27 19:25:07,765 [b541e7ff-e94a-40bd-b2ad-c5dbbcbc2c5b-impl-thread3] INFO  server.RaftServer$Division (ServerState.java:close(466)) - b541e7ff-e94a-40bd-b2ad-c5dbbcbc2c5b@group-2F3E61A8A7E1: closes. applyIndex: 0
2023-04-27 19:25:07,766 [b541e7ff-e94a-40bd-b2ad-c5dbbcbc2c5b@group-2F3E61A8A7E1-SegmentedRaftLogWorker] INFO  segmented.SegmentedRaftLogWorker (SegmentedRaftLogWorker.java:run(347)) - b541e7ff-e94a-40bd-b2ad-c5dbbcbc2c5b@group-2F3E61A8A7E1-SegmentedRaftLogWorker was interrupted, exiting. There are 0 tasks remaining in the queue.
2023-04-27 19:25:07,766 [JvmPauseMonitor2] INFO  util.JvmPauseMonitor (JvmPauseMonitor.java:run(111)) - JvmPauseMonitor-f6c59282-8b8b-4bc6-9a7f-0a226baa887b: Stopped
2023-04-27 19:25:07,770 [b541e7ff-e94a-40bd-b2ad-c5dbbcbc2c5b-impl-thread3] INFO  segmented.SegmentedRaftLogWorker (SegmentedRaftLogWorker.java:close(257)) - b541e7ff-e94a-40bd-b2ad-c5dbbcbc2c5b@group-2F3E61A8A7E1-SegmentedRaftLogWorker close()
2023-04-27 19:25:07,772 [JvmPauseMonitor1] INFO  util.JvmPauseMonitor (JvmPauseMonitor.java:run(111)) - JvmPauseMonitor-b541e7ff-e94a-40bd-b2ad-c5dbbcbc2c5b: Stopped
2023-04-27 19:25:09,801 [Listener at 127.0.0.1/40321] INFO  volume.HddsVolume (HddsVolume.java:closeDbStore(437)) - SchemaV3 db is stopped at /home/runner/work/ozone/ozone/hadoop-ozone/integration-test/target/test-dir/MiniOzoneClusterImpl-cbda0cd1-5e50-4c9a-9fd3-3711af7baf07/datanode-1/data-0/containers/hdds/cbda0cd1-5e50-4c9a-9fd3-3711af7baf07/DS-6d3d4229-ea3f-448d-bf33-4dd9cea5cec9/container.db for volume DS-6d3d4229-ea3f-448d-bf33-4dd9cea5cec9
2023-04-27 19:25:09,803 [ForkJoinPool.commonPool-worker-1] INFO  volume.HddsVolume (HddsVolume.java:closeDbStore(437)) - SchemaV3 db is stopped at /home/runner/work/ozone/ozone/hadoop-ozone/integration-test/target/test-dir/MiniOzoneClusterImpl-cbda0cd1-5e50-4c9a-9fd3-3711af7baf07/datanode-0/data-0/containers/hdds/cbda0cd1-5e50-4c9a-9fd3-3711af7baf07/DS-eb892819-acc1-4592-9927-2743c443453e/container.db for volume DS-eb892819-acc1-4592-9927-2743c443453e
2023-04-27 19:25:09,803 [Listener at 127.0.0.1/40321] INFO  utils.BackgroundService (BackgroundService.java:shutdown(141)) - Shutting down service BlockDeletingService
2023-04-27 19:25:09,804 [ForkJoinPool.commonPool-worker-1] INFO  utils.BackgroundService (BackgroundService.java:shutdown(141)) - Shutting down service BlockDeletingService
2023-04-27 19:25:09,804 [ForkJoinPool.commonPool-worker-1] INFO  utils.BackgroundService (BackgroundService.java:shutdown(141)) - Shutting down service StaleRecoveringContainerScrubbingService
2023-04-27 19:25:09,805 [Listener at 127.0.0.1/40321] INFO  utils.BackgroundService (BackgroundService.java:shutdown(141)) - Shutting down service StaleRecoveringContainerScrubbingService
2023-04-27 19:25:09,807 [ForkJoinPool.commonPool-worker-1] INFO  statemachine.DatanodeStateMachine (DatanodeStateMachine.java:stopDaemon(603)) - Ozone container server stopped.
2023-04-27 19:25:09,811 [Listener at 127.0.0.1/40321] INFO  statemachine.DatanodeStateMachine (DatanodeStateMachine.java:stopDaemon(603)) - Ozone container server stopped.
2023-04-27 19:25:09,822 [Listener at 127.0.0.1/40321] INFO  handler.ContextHandler (ContextHandler.java:doStop(1159)) - Stopped o.e.j.w.WebAppContext@2540410e{hddsDatanode,/,null,STOPPED}{jar:file:/home/runner/.m2/repository/org/apache/ozone/hdds-container-service/1.4.0-SNAPSHOT/hdds-container-service-1.4.0-SNAPSHOT.jar!/webapps/hddsDatanode}
2023-04-27 19:25:09,823 [Listener at 127.0.0.1/40321] INFO  server.AbstractConnector (AbstractConnector.java:doStop(383)) - Stopped ServerConnector@4153d05{HTTP/1.1, (http/1.1)}{0.0.0.0:0}
2023-04-27 19:25:09,823 [Listener at 127.0.0.1/40321] INFO  server.session (HouseKeeper.java:stopScavenging(149)) - node0 Stopped scavenging
2023-04-27 19:25:09,824 [Listener at 127.0.0.1/40321] INFO  handler.ContextHandler (ContextHandler.java:doStop(1159)) - Stopped o.e.j.s.ServletContextHandler@639e05e3{static,/static,jar:file:/home/runner/.m2/repository/org/apache/ozone/hdds-container-service/1.4.0-SNAPSHOT/hdds-container-service-1.4.0-SNAPSHOT.jar!/webapps/static,STOPPED}
2023-04-27 19:25:09,824 [Listener at 127.0.0.1/40321] INFO  handler.ContextHandler (ContextHandler.java:doStop(1159)) - Stopped o.e.j.s.ServletContextHandler@1b57a1f5{logs,/logs,file:///home/runner/work/ozone/ozone/hadoop-ozone/integration-test/target/log,STOPPED}
2023-04-27 19:25:09,831 [Listener at 127.0.0.1/40321] INFO  ozoneimpl.OzoneContainer (OzoneContainer.java:stop(419)) - Attempting to stop container services.
2023-04-27 19:25:09,832 [Listener at 127.0.0.1/40321] INFO  server.RaftServer (RaftServerProxy.java:lambda$close$6(409)) - b8a2b3ae-f6d1-4c33-80c4-6391c5d511a4: close
2023-04-27 19:25:09,832 [b8a2b3ae-f6d1-4c33-80c4-6391c5d511a4-impl-thread1] INFO  server.RaftServer$Division (RaftServerImpl.java:lambda$close$4(458)) - b8a2b3ae-f6d1-4c33-80c4-6391c5d511a4@group-C8B5D071AE8B: shutdown
2023-04-27 19:25:09,832 [b8a2b3ae-f6d1-4c33-80c4-6391c5d511a4-impl-thread1] INFO  util.JmxRegister (JmxRegister.java:unregister(73)) - Successfully un-registered JMX Bean with object name Ratis:service=RaftServer,group=group-C8B5D071AE8B,id=b8a2b3ae-f6d1-4c33-80c4-6391c5d511a4
2023-04-27 19:25:09,832 [b8a2b3ae-f6d1-4c33-80c4-6391c5d511a4-impl-thread1] INFO  impl.RoleInfo (RoleInfo.java:shutdownLeaderState(93)) - b8a2b3ae-f6d1-4c33-80c4-6391c5d511a4: shutdown b8a2b3ae-f6d1-4c33-80c4-6391c5d511a4@group-C8B5D071AE8B-LeaderStateImpl
2023-04-27 19:25:09,833 [b8a2b3ae-f6d1-4c33-80c4-6391c5d511a4-impl-thread1] INFO  impl.PendingRequests (PendingRequests.java:sendNotLeaderResponses(282)) - b8a2b3ae-f6d1-4c33-80c4-6391c5d511a4@group-C8B5D071AE8B-PendingRequests: sendNotLeaderResponses
2023-04-27 19:25:09,833 [b8a2b3ae-f6d1-4c33-80c4-6391c5d511a4-impl-thread2] INFO  server.RaftServer$Division (RaftServerImpl.java:lambda$close$4(458)) - b8a2b3ae-f6d1-4c33-80c4-6391c5d511a4@group-6DDB49DBE31F: shutdown
2023-04-27 19:25:09,833 [b8a2b3ae-f6d1-4c33-80c4-6391c5d511a4-impl-thread2] INFO  util.JmxRegister (JmxRegister.java:unregister(73)) - Successfully un-registered JMX Bean with object name Ratis:service=RaftServer,group=group-6DDB49DBE31F,id=b8a2b3ae-f6d1-4c33-80c4-6391c5d511a4
2023-04-27 19:25:09,833 [b8a2b3ae-f6d1-4c33-80c4-6391c5d511a4-impl-thread2] INFO  impl.RoleInfo (RoleInfo.java:shutdownFollowerState(110)) - b8a2b3ae-f6d1-4c33-80c4-6391c5d511a4: shutdown b8a2b3ae-f6d1-4c33-80c4-6391c5d511a4@group-6DDB49DBE31F-FollowerState
2023-04-27 19:25:09,833 [Listener at 127.0.0.1/40321] INFO  server.GrpcService (GrpcService.java:closeImpl(271)) - b8a2b3ae-f6d1-4c33-80c4-6391c5d511a4: shutdown server GrpcServerProtocolService now
2023-04-27 19:25:09,833 [b8a2b3ae-f6d1-4c33-80c4-6391c5d511a4-impl-thread1] INFO  impl.StateMachineUpdater (StateMachineUpdater.java:stopAndJoin(153)) - b8a2b3ae-f6d1-4c33-80c4-6391c5d511a4@group-C8B5D071AE8B-StateMachineUpdater: set stopIndex = 0
2023-04-27 19:25:09,833 [b8a2b3ae-f6d1-4c33-80c4-6391c5d511a4@group-C8B5D071AE8B-StateMachineUpdater] INFO  ratis.ContainerStateMachine (ContainerStateMachine.java:takeSnapshot(330)) - group-C8B5D071AE8B: Taking a snapshot at:(t:1, i:0) file /home/runner/work/ozone/ozone/hadoop-ozone/integration-test/target/test-dir/MiniOzoneClusterImpl-cbda0cd1-5e50-4c9a-9fd3-3711af7baf07/datanode-2/data/ratis/946752dc-8084-4833-b690-c8b5d071ae8b/sm/snapshot.1_0
2023-04-27 19:25:09,833 [b8a2b3ae-f6d1-4c33-80c4-6391c5d511a4@group-6DDB49DBE31F-FollowerState] INFO  impl.FollowerState (FollowerState.java:run(152)) - b8a2b3ae-f6d1-4c33-80c4-6391c5d511a4@group-6DDB49DBE31F-FollowerState was interrupted
2023-04-27 19:25:09,837 [b8a2b3ae-f6d1-4c33-80c4-6391c5d511a4-impl-thread2] INFO  impl.StateMachineUpdater (StateMachineUpdater.java:stopAndJoin(153)) - b8a2b3ae-f6d1-4c33-80c4-6391c5d511a4@group-6DDB49DBE31F-StateMachineUpdater: set stopIndex = -1
2023-04-27 19:25:09,837 [b8a2b3ae-f6d1-4c33-80c4-6391c5d511a4-impl-thread3] INFO  server.RaftServer$Division (RaftServerImpl.java:lambda$close$4(458)) - b8a2b3ae-f6d1-4c33-80c4-6391c5d511a4@group-2F3E61A8A7E1: shutdown
2023-04-27 19:25:09,837 [b8a2b3ae-f6d1-4c33-80c4-6391c5d511a4-impl-thread2] INFO  server.RaftServer$Division (ServerState.java:close(466)) - b8a2b3ae-f6d1-4c33-80c4-6391c5d511a4@group-6DDB49DBE31F: closes. applyIndex: -1
2023-04-27 19:25:09,837 [b8a2b3ae-f6d1-4c33-80c4-6391c5d511a4@group-6DDB49DBE31F-SegmentedRaftLogWorker] INFO  segmented.SegmentedRaftLogWorker (SegmentedRaftLogWorker.java:run(347)) - b8a2b3ae-f6d1-4c33-80c4-6391c5d511a4@group-6DDB49DBE31F-SegmentedRaftLogWorker was interrupted, exiting. There are 0 tasks remaining in the queue.
2023-04-27 19:25:09,838 [b8a2b3ae-f6d1-4c33-80c4-6391c5d511a4@group-C8B5D071AE8B-StateMachineUpdater] INFO  ratis.ContainerStateMachine (ContainerStateMachine.java:takeSnapshot(341)) - group-C8B5D071AE8B: Finished taking a snapshot at:(t:1, i:0) file:/home/runner/work/ozone/ozone/hadoop-ozone/integration-test/target/test-dir/MiniOzoneClusterImpl-cbda0cd1-5e50-4c9a-9fd3-3711af7baf07/datanode-2/data/ratis/946752dc-8084-4833-b690-c8b5d071ae8b/sm/snapshot.1_0 took: 5 ms
2023-04-27 19:25:09,839 [b8a2b3ae-f6d1-4c33-80c4-6391c5d511a4@group-C8B5D071AE8B-StateMachineUpdater] INFO  impl.StateMachineUpdater (StateMachineUpdater.java:takeSnapshot(287)) - b8a2b3ae-f6d1-4c33-80c4-6391c5d511a4@group-C8B5D071AE8B-StateMachineUpdater: Took a snapshot at index 0
2023-04-27 19:25:09,839 [b8a2b3ae-f6d1-4c33-80c4-6391c5d511a4@group-C8B5D071AE8B-StateMachineUpdater] INFO  impl.StateMachineUpdater (StateMachineUpdater.java:lambda$new$0(92)) - b8a2b3ae-f6d1-4c33-80c4-6391c5d511a4@group-C8B5D071AE8B-StateMachineUpdater: snapshotIndex: updateIncreasingly -1 -> 0
2023-04-27 19:25:09,839 [b8a2b3ae-f6d1-4c33-80c4-6391c5d511a4-impl-thread2] INFO  segmented.SegmentedRaftLogWorker (SegmentedRaftLogWorker.java:close(257)) - b8a2b3ae-f6d1-4c33-80c4-6391c5d511a4@group-6DDB49DBE31F-SegmentedRaftLogWorker close()
2023-04-27 19:25:09,839 [b8a2b3ae-f6d1-4c33-80c4-6391c5d511a4-impl-thread1] INFO  server.RaftServer$Division (ServerState.java:close(466)) - b8a2b3ae-f6d1-4c33-80c4-6391c5d511a4@group-C8B5D071AE8B: closes. applyIndex: 0
2023-04-27 19:25:09,841 [Listener at 127.0.0.1/40321] INFO  server.GrpcService (GrpcService.java:closeImpl(280)) - b8a2b3ae-f6d1-4c33-80c4-6391c5d511a4: shutdown server GrpcServerProtocolService successfully
2023-04-27 19:25:09,841 [b8a2b3ae-f6d1-4c33-80c4-6391c5d511a4@group-C8B5D071AE8B-SegmentedRaftLogWorker] INFO  segmented.SegmentedRaftLogWorker (SegmentedRaftLogWorker.java:run(347)) - b8a2b3ae-f6d1-4c33-80c4-6391c5d511a4@group-C8B5D071AE8B-SegmentedRaftLogWorker was interrupted, exiting. There are 0 tasks remaining in the queue.
2023-04-27 19:25:09,842 [b8a2b3ae-f6d1-4c33-80c4-6391c5d511a4-NettyServerStreamRpc-bossGroup--thread1] INFO  logging.LoggingHandler (AbstractInternalLogger.java:log(148)) - [id: 0x355daba0, L:/0:0:0:0:0:0:0:0:43589] CLOSE
2023-04-27 19:25:09,842 [b8a2b3ae-f6d1-4c33-80c4-6391c5d511a4-NettyServerStreamRpc-bossGroup--thread1] INFO  logging.LoggingHandler (AbstractInternalLogger.java:log(148)) - [id: 0x355daba0, L:/0:0:0:0:0:0:0:0:43589] INACTIVE
2023-04-27 19:25:09,842 [b8a2b3ae-f6d1-4c33-80c4-6391c5d511a4-NettyServerStreamRpc-bossGroup--thread1] INFO  logging.LoggingHandler (AbstractInternalLogger.java:log(148)) - [id: 0x355daba0, L:/0:0:0:0:0:0:0:0:43589] UNREGISTERED
2023-04-27 19:25:09,840 [b8a2b3ae-f6d1-4c33-80c4-6391c5d511a4-impl-thread3] INFO  util.JmxRegister (JmxRegister.java:unregister(73)) - Successfully un-registered JMX Bean with object name Ratis:service=RaftServer,group=group-2F3E61A8A7E1,id=b8a2b3ae-f6d1-4c33-80c4-6391c5d511a4
2023-04-27 19:25:09,842 [b8a2b3ae-f6d1-4c33-80c4-6391c5d511a4-impl-thread3] INFO  impl.RoleInfo (RoleInfo.java:shutdownFollowerState(110)) - b8a2b3ae-f6d1-4c33-80c4-6391c5d511a4: shutdown b8a2b3ae-f6d1-4c33-80c4-6391c5d511a4@group-2F3E61A8A7E1-FollowerState
2023-04-27 19:25:09,849 [b8a2b3ae-f6d1-4c33-80c4-6391c5d511a4-impl-thread3] INFO  impl.StateMachineUpdater (StateMachineUpdater.java:stopAndJoin(153)) - b8a2b3ae-f6d1-4c33-80c4-6391c5d511a4@group-2F3E61A8A7E1-StateMachineUpdater: set stopIndex = 0
2023-04-27 19:25:09,849 [b8a2b3ae-f6d1-4c33-80c4-6391c5d511a4@group-2F3E61A8A7E1-FollowerState] INFO  impl.FollowerState (FollowerState.java:run(152)) - b8a2b3ae-f6d1-4c33-80c4-6391c5d511a4@group-2F3E61A8A7E1-FollowerState was interrupted
2023-04-27 19:25:09,856 [b8a2b3ae-f6d1-4c33-80c4-6391c5d511a4@group-2F3E61A8A7E1-StateMachineUpdater] INFO  ratis.ContainerStateMachine (ContainerStateMachine.java:takeSnapshot(330)) - group-2F3E61A8A7E1: Taking a snapshot at:(t:1, i:0) file /home/runner/work/ozone/ozone/hadoop-ozone/integration-test/target/test-dir/MiniOzoneClusterImpl-cbda0cd1-5e50-4c9a-9fd3-3711af7baf07/datanode-2/data/ratis/654a6875-cda0-4f40-9516-2f3e61a8a7e1/sm/snapshot.1_0
2023-04-27 19:25:09,857 [b8a2b3ae-f6d1-4c33-80c4-6391c5d511a4@group-2F3E61A8A7E1-StateMachineUpdater] INFO  ratis.ContainerStateMachine (ContainerStateMachine.java:takeSnapshot(341)) - group-2F3E61A8A7E1: Finished taking a snapshot at:(t:1, i:0) file:/home/runner/work/ozone/ozone/hadoop-ozone/integration-test/target/test-dir/MiniOzoneClusterImpl-cbda0cd1-5e50-4c9a-9fd3-3711af7baf07/datanode-2/data/ratis/654a6875-cda0-4f40-9516-2f3e61a8a7e1/sm/snapshot.1_0 took: 1 ms
2023-04-27 19:25:09,857 [b8a2b3ae-f6d1-4c33-80c4-6391c5d511a4@group-2F3E61A8A7E1-StateMachineUpdater] INFO  impl.StateMachineUpdater (StateMachineUpdater.java:takeSnapshot(287)) - b8a2b3ae-f6d1-4c33-80c4-6391c5d511a4@group-2F3E61A8A7E1-StateMachineUpdater: Took a snapshot at index 0
2023-04-27 19:25:09,857 [b8a2b3ae-f6d1-4c33-80c4-6391c5d511a4@group-2F3E61A8A7E1-StateMachineUpdater] INFO  impl.StateMachineUpdater (StateMachineUpdater.java:lambda$new$0(92)) - b8a2b3ae-f6d1-4c33-80c4-6391c5d511a4@group-2F3E61A8A7E1-StateMachineUpdater: snapshotIndex: updateIncreasingly -1 -> 0
2023-04-27 19:25:09,857 [b8a2b3ae-f6d1-4c33-80c4-6391c5d511a4-impl-thread3] INFO  server.RaftServer$Division (ServerState.java:close(466)) - b8a2b3ae-f6d1-4c33-80c4-6391c5d511a4@group-2F3E61A8A7E1: closes. applyIndex: 0
2023-04-27 19:25:09,857 [b8a2b3ae-f6d1-4c33-80c4-6391c5d511a4-impl-thread1] INFO  segmented.SegmentedRaftLogWorker (SegmentedRaftLogWorker.java:close(257)) - b8a2b3ae-f6d1-4c33-80c4-6391c5d511a4@group-C8B5D071AE8B-SegmentedRaftLogWorker close()
2023-04-27 19:25:09,857 [b8a2b3ae-f6d1-4c33-80c4-6391c5d511a4@group-2F3E61A8A7E1-SegmentedRaftLogWorker] INFO  segmented.SegmentedRaftLogWorker (SegmentedRaftLogWorker.java:run(347)) - b8a2b3ae-f6d1-4c33-80c4-6391c5d511a4@group-2F3E61A8A7E1-SegmentedRaftLogWorker was interrupted, exiting. There are 0 tasks remaining in the queue.
2023-04-27 19:25:09,858 [ForkJoinPool.commonPool-worker-1] INFO  handler.ContextHandler (ContextHandler.java:doStop(1159)) - Stopped o.e.j.w.WebAppContext@2db3ebe6{hddsDatanode,/,null,STOPPED}{jar:file:/home/runner/.m2/repository/org/apache/ozone/hdds-container-service/1.4.0-SNAPSHOT/hdds-container-service-1.4.0-SNAPSHOT.jar!/webapps/hddsDatanode}
2023-04-27 19:25:09,858 [b8a2b3ae-f6d1-4c33-80c4-6391c5d511a4-impl-thread3] INFO  segmented.SegmentedRaftLogWorker (SegmentedRaftLogWorker.java:close(257)) - b8a2b3ae-f6d1-4c33-80c4-6391c5d511a4@group-2F3E61A8A7E1-SegmentedRaftLogWorker close()
2023-04-27 19:25:09,859 [ForkJoinPool.commonPool-worker-1] INFO  server.AbstractConnector (AbstractConnector.java:doStop(383)) - Stopped ServerConnector@35c395cc{HTTP/1.1, (http/1.1)}{0.0.0.0:0}
2023-04-27 19:25:09,859 [ForkJoinPool.commonPool-worker-1] INFO  server.session (HouseKeeper.java:stopScavenging(149)) - node0 Stopped scavenging
2023-04-27 19:25:09,865 [ForkJoinPool.commonPool-worker-1] INFO  handler.ContextHandler (ContextHandler.java:doStop(1159)) - Stopped o.e.j.s.ServletContextHandler@68e71dca{static,/static,jar:file:/home/runner/.m2/repository/org/apache/ozone/hdds-container-service/1.4.0-SNAPSHOT/hdds-container-service-1.4.0-SNAPSHOT.jar!/webapps/static,STOPPED}
2023-04-27 19:25:09,865 [ForkJoinPool.commonPool-worker-1] INFO  handler.ContextHandler (ContextHandler.java:doStop(1159)) - Stopped o.e.j.s.ServletContextHandler@74f8dc1b{logs,/logs,file:///home/runner/work/ozone/ozone/hadoop-ozone/integration-test/target/log,STOPPED}
2023-04-27 19:25:09,867 [JvmPauseMonitor3] INFO  util.JvmPauseMonitor (JvmPauseMonitor.java:run(111)) - JvmPauseMonitor-b8a2b3ae-f6d1-4c33-80c4-6391c5d511a4: Stopped
2023-04-27 19:25:11,872 [Listener at 127.0.0.1/40321] INFO  volume.HddsVolume (HddsVolume.java:closeDbStore(437)) - SchemaV3 db is stopped at /home/runner/work/ozone/ozone/hadoop-ozone/integration-test/target/test-dir/MiniOzoneClusterImpl-cbda0cd1-5e50-4c9a-9fd3-3711af7baf07/datanode-2/data-0/containers/hdds/cbda0cd1-5e50-4c9a-9fd3-3711af7baf07/DS-bc3065df-6a21-4357-9520-516a2b00aab7/container.db for volume DS-bc3065df-6a21-4357-9520-516a2b00aab7
2023-04-27 19:25:11,873 [Listener at 127.0.0.1/40321] INFO  utils.BackgroundService (BackgroundService.java:shutdown(141)) - Shutting down service BlockDeletingService
2023-04-27 19:25:11,873 [Listener at 127.0.0.1/40321] INFO  utils.BackgroundService (BackgroundService.java:shutdown(141)) - Shutting down service StaleRecoveringContainerScrubbingService
2023-04-27 19:25:11,875 [Listener at 127.0.0.1/40321] INFO  statemachine.DatanodeStateMachine (DatanodeStateMachine.java:stopDaemon(603)) - Ozone container server stopped.
2023-04-27 19:25:11,886 [Listener at 127.0.0.1/40321] INFO  handler.ContextHandler (ContextHandler.java:doStop(1159)) - Stopped o.e.j.w.WebAppContext@4858e6c0{hddsDatanode,/,null,STOPPED}{jar:file:/home/runner/.m2/repository/org/apache/ozone/hdds-container-service/1.4.0-SNAPSHOT/hdds-container-service-1.4.0-SNAPSHOT.jar!/webapps/hddsDatanode}
2023-04-27 19:25:11,887 [Listener at 127.0.0.1/40321] INFO  server.AbstractConnector (AbstractConnector.java:doStop(383)) - Stopped ServerConnector@69ef1429{HTTP/1.1, (http/1.1)}{0.0.0.0:0}
2023-04-27 19:25:11,887 [Listener at 127.0.0.1/40321] INFO  server.session (HouseKeeper.java:stopScavenging(149)) - node0 Stopped scavenging
2023-04-27 19:25:11,888 [Listener at 127.0.0.1/40321] INFO  handler.ContextHandler (ContextHandler.java:doStop(1159)) - Stopped o.e.j.s.ServletContextHandler@e967e4e{static,/static,jar:file:/home/runner/.m2/repository/org/apache/ozone/hdds-container-service/1.4.0-SNAPSHOT/hdds-container-service-1.4.0-SNAPSHOT.jar!/webapps/static,STOPPED}
2023-04-27 19:25:11,889 [Listener at 127.0.0.1/40321] INFO  handler.ContextHandler (ContextHandler.java:doStop(1159)) - Stopped o.e.j.s.ServletContextHandler@574411f2{logs,/logs,file:///home/runner/work/ozone/ozone/hadoop-ozone/integration-test/target/log,STOPPED}
2023-04-27 19:25:11,892 [Listener at 127.0.0.1/40321] INFO  ozone.MiniOzoneClusterImpl (MiniOzoneClusterImpl.java:stopSCM(552)) - Stopping the StorageContainerManager
2023-04-27 19:25:11,892 [Listener at 127.0.0.1/40321] INFO  server.StorageContainerManager (StorageContainerManager.java:stop(1578)) - Container Balancer is not running.
2023-04-27 19:25:11,892 [Listener at 127.0.0.1/40321] INFO  server.StorageContainerManager (StorageContainerManager.java:stopReplicationManager(1709)) - Stopping Replication Manager Service.
2023-04-27 19:25:11,892 [Listener at 127.0.0.1/40321] INFO  replication.ReplicationManager (ReplicationManager.java:stop(321)) - Stopping Replication Monitor Thread.
2023-04-27 19:25:11,892 [Listener at 127.0.0.1/40321] INFO  server.StorageContainerManager (StorageContainerManager.java:stop(1587)) - Stopping the Datanode Admin Monitor.
2023-04-27 19:25:11,892 [ReplicationMonitor] INFO  replication.ReplicationManager (ReplicationManager.java:run(975)) - Replication Monitor Thread is stopped
2023-04-27 19:25:11,893 [Listener at 127.0.0.1/40321] INFO  server.StorageContainerManager (StorageContainerManager.java:stop(1594)) - Stopping datanode service RPC server
2023-04-27 19:25:11,893 [Listener at 127.0.0.1/40321] INFO  server.SCMDatanodeProtocolServer (SCMDatanodeProtocolServer.java:stop(424)) - Stopping the RPC server for DataNodes
2023-04-27 19:25:11,892 [Over Replicated Processor] WARN  replication.UnhealthyReplicationProcessor (UnhealthyReplicationProcessor.java:run(146)) - Over Replicated Processor interrupted. Exiting...
2023-04-27 19:25:11,892 [Under Replicated Processor] WARN  replication.UnhealthyReplicationProcessor (UnhealthyReplicationProcessor.java:run(146)) - Under Replicated Processor interrupted. Exiting...
2023-04-27 19:25:11,893 [Listener at 127.0.0.1/40321] INFO  ipc.Server (Server.java:stop(3501)) - Stopping server on 43055
2023-04-27 19:25:11,895 [IPC Server listener on 0] INFO  ipc.Server (Server.java:run(1430)) - Stopping IPC Server listener on 0
2023-04-27 19:25:11,896 [IPC Server Responder] INFO  ipc.Server (Server.java:run(1563)) - Stopping IPC Server Responder
2023-04-27 19:25:11,943 [SCM Heartbeat Processing Thread - 0] WARN  node.NodeStateManager (NodeStateManager.java:scheduleNextHealthCheck(870)) - Current Thread is interrupted, shutting down HB processing thread for Node Manager.
2023-04-27 19:25:11,943 [Listener at 127.0.0.1/40321] INFO  server.StorageContainerManager (StorageContainerManager.java:stop(1602)) - Stopping block service RPC server
2023-04-27 19:25:11,944 [Listener at 127.0.0.1/40321] INFO  server.SCMBlockProtocolServer (SCMBlockProtocolServer.java:stop(161)) - Stopping the RPC server for Block Protocol
2023-04-27 19:25:11,944 [Listener at 127.0.0.1/40321] INFO  ipc.Server (Server.java:stop(3501)) - Stopping server on 35999
2023-04-27 19:25:11,945 [IPC Server listener on 0] INFO  ipc.Server (Server.java:run(1430)) - Stopping IPC Server listener on 0
2023-04-27 19:25:11,946 [IPC Server Responder] INFO  ipc.Server (Server.java:run(1563)) - Stopping IPC Server Responder
2023-04-27 19:25:11,946 [Listener at 127.0.0.1/40321] INFO  server.StorageContainerManager (StorageContainerManager.java:stop(1609)) - Stopping the StorageContainerLocationProtocol RPC server
2023-04-27 19:25:11,946 [Listener at 127.0.0.1/40321] INFO  server.SCMClientProtocolServer (SCMClientProtocolServer.java:stop(206)) - Stopping the RPC server for Client Protocol
2023-04-27 19:25:11,947 [Listener at 127.0.0.1/40321] INFO  ipc.Server (Server.java:stop(3501)) - Stopping server on 44503
2023-04-27 19:25:11,948 [IPC Server Responder] INFO  ipc.Server (Server.java:run(1563)) - Stopping IPC Server Responder
2023-04-27 19:25:11,948 [Listener at 127.0.0.1/40321] INFO  server.StorageContainerManager (StorageContainerManager.java:stop(1616)) - Stopping Storage Container Manager HTTP server.
2023-04-27 19:25:11,948 [IPC Server listener on 0] INFO  ipc.Server (Server.java:run(1430)) - Stopping IPC Server listener on 0
2023-04-27 19:25:11,950 [Listener at 127.0.0.1/40321] INFO  handler.ContextHandler (ContextHandler.java:doStop(1159)) - Stopped o.e.j.w.WebAppContext@6915351c{scm,/,null,STOPPED}{file:/home/runner/work/ozone/ozone/hadoop-ozone/integration-test/target/test-classes/webapps/scm}
2023-04-27 19:25:11,952 [Listener at 127.0.0.1/40321] INFO  server.AbstractConnector (AbstractConnector.java:doStop(383)) - Stopped ServerConnector@26b150cd{HTTP/1.1, (http/1.1)}{0.0.0.0:0}
2023-04-27 19:25:11,953 [Listener at 127.0.0.1/40321] INFO  server.session (HouseKeeper.java:stopScavenging(149)) - node0 Stopped scavenging
2023-04-27 19:25:11,953 [Listener at 127.0.0.1/40321] INFO  handler.ContextHandler (ContextHandler.java:doStop(1159)) - Stopped o.e.j.s.ServletContextHandler@ab3b54{static,/static,file:///home/runner/work/ozone/ozone/hadoop-ozone/integration-test/target/test-classes/webapps/static,STOPPED}
2023-04-27 19:25:11,953 [Listener at 127.0.0.1/40321] INFO  handler.ContextHandler (ContextHandler.java:doStop(1159)) - Stopped o.e.j.s.ServletContextHandler@1a3272e0{logs,/logs,file:///home/runner/work/ozone/ozone/hadoop-ozone/integration-test/target/log,STOPPED}
2023-04-27 19:25:11,954 [Listener at 127.0.0.1/40321] INFO  server.StorageContainerManager (StorageContainerManager.java:stop(1624)) - Stopping SCM LayoutVersionManager Service.
2023-04-27 19:25:11,955 [Listener at 127.0.0.1/40321] INFO  server.StorageContainerManager (StorageContainerManager.java:stop(1632)) - Stopping Block Manager Service.
2023-04-27 19:25:11,955 [Listener at 127.0.0.1/40321] INFO  utils.BackgroundService (BackgroundService.java:shutdown(141)) - Shutting down service SCMBlockDeletingService
2023-04-27 19:25:11,955 [Listener at 127.0.0.1/40321] INFO  utils.BackgroundService (BackgroundService.java:shutdown(141)) - Shutting down service SCMBlockDeletingService
2023-04-27 19:25:11,955 [Listener at 127.0.0.1/40321] INFO  server.StorageContainerManager (StorageContainerManager.java:stop(1654)) - Stopping SCM Event Queue.
2023-04-27 19:25:11,958 [Listener at 127.0.0.1/40321] INFO  server.StorageContainerManager (StorageContainerManager.java:stop(1665)) - Stopping SCM HA services.
2023-04-27 19:25:11,958 [Listener at 127.0.0.1/40321] INFO  pipeline.BackgroundPipelineCreator (BackgroundPipelineCreator.java:stop(149)) - Stopping RatisPipelineUtilsThread.
2023-04-27 19:25:11,959 [RatisPipelineUtilsThread - 0] WARN  pipeline.BackgroundPipelineCreator (BackgroundPipelineCreator.java:run(180)) - RatisPipelineUtilsThread is interrupted.
2023-04-27 19:25:11,959 [Listener at 127.0.0.1/40321] INFO  BackgroundPipelineScrubber (BackgroundSCMService.java:stop(131)) - Stopping BackgroundPipelineScrubber Service.
2023-04-27 19:25:11,959 [BackgroundPipelineScrubberThread] WARN  BackgroundPipelineScrubber (BackgroundSCMService.java:run(115)) - BackgroundPipelineScrubber is interrupted, exit
2023-04-27 19:25:11,960 [Listener at 127.0.0.1/40321] INFO  impl.MetricsSystemImpl (MetricsSystemImpl.java:stop(210)) - Stopping HddsDatanode metrics system...
2023-04-27 19:25:11,962 [prometheus] INFO  impl.MetricsSinkAdapter (MetricsSinkAdapter.java:publishMetricsFromQueue(141)) - prometheus thread interrupted.
2023-04-27 19:25:11,962 [Listener at 127.0.0.1/40321] INFO  impl.MetricsSystemImpl (MetricsSystemImpl.java:stop(216)) - HddsDatanode metrics system stopped.
2023-04-27 19:25:11,963 [Listener at 127.0.0.1/40321] WARN  pipeline.BackgroundPipelineCreator (BackgroundPipelineCreator.java:stop(145)) - RatisPipelineUtilsThread is not running, just ignore.
2023-04-27 19:25:11,963 [Listener at 127.0.0.1/40321] INFO  BackgroundPipelineScrubber (BackgroundSCMService.java:stop(126)) - BackgroundPipelineScrubber Service is not running, skip stop.
2023-04-27 19:25:11,963 [Listener at 127.0.0.1/40321] INFO  ExpiredContainerReplicaOpScrubber (BackgroundSCMService.java:stop(131)) - Stopping ExpiredContainerReplicaOpScrubber Service.
2023-04-27 19:25:11,963 [ExpiredContainerReplicaOpScrubberThread] WARN  ExpiredContainerReplicaOpScrubber (BackgroundSCMService.java:run(115)) - ExpiredContainerReplicaOpScrubber is interrupted, exit
2023-04-27 19:25:11,963 [Listener at 127.0.0.1/40321] INFO  utils.BackgroundService (BackgroundService.java:shutdown(141)) - Shutting down service SCMBlockDeletingService
2023-04-27 19:25:11,963 [Listener at 127.0.0.1/40321] INFO  replication.ReplicationManager (ReplicationManager.java:stop(331)) - Replication Monitor Thread is not running.
2023-04-27 19:25:11,963 [Listener at 127.0.0.1/40321] WARN  balancer.ContainerBalancer (ContainerBalancer.java:stop(324)) - Cannot stop Container Balancer because it's not running or stopping
2023-04-27 19:25:11,964 [Listener at 127.0.0.1/40321] INFO  server.StorageContainerManager (StorageContainerManager.java:stop(1700)) - Stopping SCM MetadataStore.
]]></system-out>
  </testcase>
</testsuite>