<?xml version="1.0" encoding="UTF-8"?>
<testsuite xmlns:xsi="http://www.w3.org/2001/XMLSchema-instance" xsi:noNamespaceSchemaLocation="https://maven.apache.org/surefire/maven-surefire-plugin/xsd/surefire-test-report-3.0.xsd" version="3.0" name="org.apache.hadoop.hdds.scm.pipeline.TestRatisPipelineCreateAndDestroy" time="165.016" tests="3" errors="1" skipped="0" failures="0">
  <properties>
    <property name="awt.toolkit" value="sun.awt.X11.XToolkit"/>
    <property name="file.encoding.pkg" value="sun.io"/>
    <property name="java.specification.version" value="1.8"/>
    <property name="sun.cpu.isalist" value=""/>
    <property name="sun.jnu.encoding" value="UTF-8"/>
    <property name="java.class.path" value="/home/runner/work/ozone/ozone/hadoop-ozone/integration-test/target/test-classes:/home/runner/work/ozone/ozone/hadoop-ozone/integration-test/target/classes:/home/runner/.m2/repository/org/apache/ozone/ozone-common/1.3.0-SNAPSHOT/ozone-common-1.3.0-SNAPSHOT.jar:/home/runner/.m2/repository/io/grpc/grpc-netty/1.48.1/grpc-netty-1.48.1.jar:/home/runner/.m2/repository/io/grpc/grpc-core/1.48.1/grpc-core-1.48.1.jar:/home/runner/.m2/repository/com/google/android/annotations/4.1.1.4/annotations-4.1.1.4.jar:/home/runner/.m2/repository/org/codehaus/mojo/animal-sniffer-annotations/1.21/animal-sniffer-annotations-1.21.jar:/home/runner/.m2/repository/com/google/errorprone/error_prone_annotations/2.2.0/error_prone_annotations-2.2.0.jar:/home/runner/.m2/repository/io/perfmark/perfmark-api/0.25.0/perfmark-api-0.25.0.jar:/home/runner/.m2/repository/io/netty/netty-codec-http2/4.1.79.Final/netty-codec-http2-4.1.79.Final.jar:/home/runner/.m2/repository/io/netty/netty-common/4.1.79.Final/netty-common-4.1.79.Final.jar:/home/runner/.m2/repository/io/netty/netty-buffer/4.1.79.Final/netty-buffer-4.1.79.Final.jar:/home/runner/.m2/repository/io/netty/netty-codec-http/4.1.79.Final/netty-codec-http-4.1.79.Final.jar:/home/runner/.m2/repository/io/netty/netty-handler-proxy/4.1.79.Final/netty-handler-proxy-4.1.79.Final.jar:/home/runner/.m2/repository/io/netty/netty-codec-socks/4.1.79.Final/netty-codec-socks-4.1.79.Final.jar:/home/runner/.m2/repository/io/netty/netty-tcnative-boringssl-static/2.0.53.Final/netty-tcnative-boringssl-static-2.0.53.Final.jar:/home/runner/.m2/repository/io/netty/netty-tcnative-classes/2.0.53.Final/netty-tcnative-classes-2.0.53.Final.jar:/home/runner/.m2/repository/io/netty/netty-tcnative-boringssl-static/2.0.53.Final/netty-tcnative-boringssl-static-2.0.53.Final-linux-x86_64.jar:/home/runner/.m2/repository/io/netty/netty-tcnative-boringssl-static/2.0.53.Final/netty-tcnative-boringssl-static-2.0.53.Final-linux-aarch_64.jar:/home/runner/.m2/repository/io/netty/netty-tcnative-boringssl-static/2.0.53.Final/netty-tcnative-boringssl-static-2.0.53.Final-osx-x86_64.jar:/home/runner/.m2/repository/io/netty/netty-tcnative-boringssl-static/2.0.53.Final/netty-tcnative-boringssl-static-2.0.53.Final-osx-aarch_64.jar:/home/runner/.m2/repository/io/netty/netty-tcnative-boringssl-static/2.0.53.Final/netty-tcnative-boringssl-static-2.0.53.Final-windows-x86_64.jar:/home/runner/.m2/repository/org/apache/commons/commons-compress/1.21/commons-compress-1.21.jar:/home/runner/.m2/repository/org/apache/ozone/hdds-common/1.3.0-SNAPSHOT/hdds-common-1.3.0-SNAPSHOT.jar:/home/runner/.m2/repository/org/apache/ozone/hdds-client/1.3.0-SNAPSHOT/hdds-client-1.3.0-SNAPSHOT.jar:/home/runner/.m2/repository/org/apache/ozone/ozone-interface-client/1.3.0-SNAPSHOT/ozone-interface-client-1.3.0-SNAPSHOT.jar:/home/runner/.m2/repository/org/apache/ozone/hdds-test-utils/1.3.0-SNAPSHOT/hdds-test-utils-1.3.0-SNAPSHOT.jar:/home/runner/.m2/repository/com/google/guava/guava/31.1-jre/guava-31.1-jre.jar:/home/runner/.m2/repository/com/google/guava/failureaccess/1.0.1/failureaccess-1.0.1.jar:/home/runner/.m2/repository/com/google/guava/listenablefuture/9999.0-empty-to-avoid-conflict-with-guava/listenablefuture-9999.0-empty-to-avoid-conflict-with-guava.jar:/home/runner/.m2/repository/com/google/code/findbugs/jsr305/3.0.0/jsr305-3.0.0.jar:/home/runner/.m2/repository/org/checkerframework/checker-qual/3.12.0/checker-qual-3.12.0.jar:/home/runner/.m2/repository/com/google/j2objc/j2objc-annotations/1.3/j2objc-annotations-1.3.jar:/home/runner/.m2/repository/commons-io/commons-io/2.11.0/commons-io-2.11.0.jar:/home/runner/.m2/repository/commons-logging/commons-logging/1.2/commons-logging-1.2.jar:/home/runner/.m2/repository/ch/qos/reload4j/reload4j/1.2.22/reload4j-1.2.22.jar:/home/runner/.m2/repository/org/slf4j/slf4j-api/1.7.36/slf4j-api-1.7.36.jar:/home/runner/.m2/repository/org/apache/ozone/hdds-server-scm/1.3.0-SNAPSHOT/hdds-server-scm-1.3.0-SNAPSHOT.jar:/home/runner/.m2/repository/org/apache/ozone/hdds-container-service/1.3.0-SNAPSHOT/hdds-container-service-1.3.0-SNAPSHOT.jar:/home/runner/.m2/repository/org/apache/ozone/hdds-hadoop-dependency-server/1.3.0-SNAPSHOT/hdds-hadoop-dependency-server-1.3.0-SNAPSHOT.jar:/home/runner/.m2/repository/org/apache/hadoop/hadoop-hdfs/3.3.4/hadoop-hdfs-3.3.4.jar:/home/runner/.m2/repository/org/eclipse/jetty/jetty-util-ajax/9.4.49.v20220914/jetty-util-ajax-9.4.49.v20220914.jar:/home/runner/.m2/repository/commons-daemon/commons-daemon/1.0.13/commons-daemon-1.0.13.jar:/home/runner/.m2/repository/org/apache/ozone/hdds-server-framework/1.3.0-SNAPSHOT/hdds-server-framework-1.3.0-SNAPSHOT.jar:/home/runner/.m2/repository/org/apache/ozone/hdds-interface-server/1.3.0-SNAPSHOT/hdds-interface-server-1.3.0-SNAPSHOT.jar:/home/runner/.m2/repository/org/apache/commons/commons-configuration2/2.1.1/commons-configuration2-2.1.1.jar:/home/runner/.m2/repository/org/apache/logging/log4j/log4j-core/2.17.1/log4j-core-2.17.1.jar:/home/runner/.m2/repository/com/lmax/disruptor/3.4.2/disruptor-3.4.2.jar:/home/runner/.m2/repository/org/eclipse/jetty/jetty-servlet/9.4.49.v20220914/jetty-servlet-9.4.49.v20220914.jar:/home/runner/.m2/repository/org/eclipse/jetty/jetty-security/9.4.49.v20220914/jetty-security-9.4.49.v20220914.jar:/home/runner/.m2/repository/org/rocksdb/rocksdbjni/7.7.3/rocksdbjni-7.7.3.jar:/home/runner/.m2/repository/io/prometheus/simpleclient_dropwizard/0.7.0/simpleclient_dropwizard-0.7.0.jar:/home/runner/.m2/repository/io/prometheus/simpleclient/0.7.0/simpleclient-0.7.0.jar:/home/runner/.m2/repository/io/prometheus/simpleclient_common/0.7.0/simpleclient_common-0.7.0.jar:/home/runner/.m2/repository/com/github/spotbugs/spotbugs-annotations/3.1.12/spotbugs-annotations-3.1.12.jar:/home/runner/.m2/repository/io/dropwizard/metrics/metrics-core/3.2.4/metrics-core-3.2.4.jar:/home/runner/.m2/repository/org/apache/commons/commons-text/1.4/commons-text-1.4.jar:/home/runner/.m2/repository/org/apache/hadoop/hadoop-hdfs-client/3.3.4/hadoop-hdfs-client-3.3.4.jar:/home/runner/.m2/repository/com/squareup/okhttp3/okhttp/4.9.3/okhttp-4.9.3.jar:/home/runner/.m2/repository/com/squareup/okio/okio/2.8.0/okio-2.8.0.jar:/home/runner/.m2/repository/org/jetbrains/kotlin/kotlin-stdlib-common/1.4.10/kotlin-stdlib-common-1.4.10.jar:/home/runner/.m2/repository/org/bouncycastle/bcprov-jdk15on/1.67/bcprov-jdk15on-1.67.jar:/home/runner/.m2/repository/com/google/protobuf/protobuf-java/2.5.0/protobuf-java-2.5.0.jar:/home/runner/.m2/repository/org/apache/ozone/ozone-manager/1.3.0-SNAPSHOT/ozone-manager-1.3.0-SNAPSHOT.jar:/home/runner/.m2/repository/org/aspectj/aspectjrt/1.9.7/aspectjrt-1.9.7.jar:/home/runner/.m2/repository/org/aspectj/aspectjweaver/1.9.7/aspectjweaver-1.9.7.jar:/home/runner/.m2/repository/org/apache/ozone/hdds-interface-client/1.3.0-SNAPSHOT/hdds-interface-client-1.3.0-SNAPSHOT.jar:/home/runner/.m2/repository/org/apache/hadoop/thirdparty/hadoop-shaded-protobuf_3_7/1.1.1/hadoop-shaded-protobuf_3_7-1.1.1.jar:/home/runner/.m2/repository/org/apache/ozone/ozone-interface-storage/1.3.0-SNAPSHOT/ozone-interface-storage-1.3.0-SNAPSHOT.jar:/home/runner/.m2/repository/org/reflections/reflections/0.9.11/reflections-0.9.11.jar:/home/runner/.m2/repository/com/sun/jersey/jersey-client/1.19/jersey-client-1.19.jar:/home/runner/.m2/repository/org/apache/ranger/ranger-intg/2.3.0/ranger-intg-2.3.0.jar:/home/runner/.m2/repository/org/apache/ranger/ranger-plugins-common/2.3.0/ranger-plugins-common-2.3.0.jar:/home/runner/.m2/repository/commons-lang/commons-lang/2.6/commons-lang-2.6.jar:/home/runner/.m2/repository/org/codehaus/jackson/jackson-jaxrs/1.9.13/jackson-jaxrs-1.9.13.jar:/home/runner/.m2/repository/org/apache/ranger/ranger-plugins-cred/2.3.0/ranger-plugins-cred-2.3.0.jar:/home/runner/.m2/repository/org/apache/ranger/ranger-plugins-audit/2.3.0/ranger-plugins-audit-2.3.0.jar:/home/runner/.m2/repository/org/eclipse/jetty/jetty-client/9.4.31.v20200723/jetty-client-9.4.31.v20200723.jar:/home/runner/.m2/repository/org/apache/httpcomponents/httpmime/4.5.6/httpmime-4.5.6.jar:/home/runner/.m2/repository/org/apache/httpcomponents/httpcore-nio/4.4.6/httpcore-nio-4.4.6.jar:/home/runner/.m2/repository/org/apache/httpcomponents/httpasyncclient/4.1.3/httpasyncclient-4.1.3.jar:/home/runner/.m2/repository/com/carrotsearch/hppc/0.8.0/hppc-0.8.0.jar:/home/runner/.m2/repository/org/apache/orc/orc-core/1.5.8/orc-core-1.5.8.jar:/home/runner/.m2/repository/net/java/dev/jna/jna/5.2.0/jna-5.2.0.jar:/home/runner/.m2/repository/net/java/dev/jna/jna-platform/5.2.0/jna-platform-5.2.0.jar:/home/runner/.m2/repository/com/kstruct/gethostname4j/0.0.2/gethostname4j-0.0.2.jar:/home/runner/.m2/repository/org/apache/ranger/ranger-plugin-classloader/2.3.0/ranger-plugin-classloader-2.3.0.jar:/home/runner/.m2/repository/org/apache/hadoop/hadoop-minikdc/3.3.4/hadoop-minikdc-3.3.4.jar:/home/runner/.m2/repository/org/apache/kerby/kerb-simplekdc/1.0.1/kerb-simplekdc-1.0.1.jar:/home/runner/.m2/repository/org/apache/kerby/kerb-client/1.0.1/kerb-client-1.0.1.jar:/home/runner/.m2/repository/org/apache/kerby/kerby-config/1.0.1/kerby-config-1.0.1.jar:/home/runner/.m2/repository/org/apache/kerby/kerb-common/1.0.1/kerb-common-1.0.1.jar:/home/runner/.m2/repository/org/apache/kerby/kerb-crypto/1.0.1/kerb-crypto-1.0.1.jar:/home/runner/.m2/repository/org/apache/kerby/kerb-util/1.0.1/kerb-util-1.0.1.jar:/home/runner/.m2/repository/org/apache/kerby/token-provider/1.0.1/token-provider-1.0.1.jar:/home/runner/.m2/repository/org/apache/kerby/kerb-admin/1.0.1/kerb-admin-1.0.1.jar:/home/runner/.m2/repository/org/apache/kerby/kerb-server/1.0.1/kerb-server-1.0.1.jar:/home/runner/.m2/repository/org/apache/kerby/kerb-identity/1.0.1/kerb-identity-1.0.1.jar:/home/runner/.m2/repository/org/apache/kerby/kerby-xdr/1.0.1/kerby-xdr-1.0.1.jar:/home/runner/.m2/repository/org/apache/ozone/ozone-s3gateway/1.3.0-SNAPSHOT/ozone-s3gateway-1.3.0-SNAPSHOT.jar:/home/runner/.m2/repository/org/javassist/javassist/3.21.0-GA/javassist-3.21.0-GA.jar:/home/runner/.m2/repository/org/jboss/weld/servlet/weld-servlet/2.4.7.Final/weld-servlet-2.4.7.Final.jar:/home/runner/.m2/repository/org/glassfish/jersey/containers/jersey-container-servlet-core/2.34/jersey-container-servlet-core-2.34.jar:/home/runner/.m2/repository/org/glassfish/hk2/external/jakarta.inject/2.6.1/jakarta.inject-2.6.1.jar:/home/runner/.m2/repository/org/glassfish/jersey/core/jersey-common/2.34/jersey-common-2.34.jar:/home/runner/.m2/repository/jakarta/ws/rs/jakarta.ws.rs-api/2.1.6/jakarta.ws.rs-api-2.1.6.jar:/home/runner/.m2/repository/org/glassfish/jersey/ext/cdi/jersey-cdi1x/2.34/jersey-cdi1x-2.34.jar:/home/runner/.m2/repository/org/glassfish/jersey/inject/jersey-hk2/2.34/jersey-hk2-2.34.jar:/home/runner/.m2/repository/org/glassfish/hk2/hk2-locator/2.6.1/hk2-locator-2.6.1.jar:/home/runner/.m2/repository/org/glassfish/jersey/media/jersey-media-jaxb/2.34/jersey-media-jaxb-2.34.jar:/home/runner/.m2/repository/org/glassfish/hk2/osgi-resource-locator/1.0.3/osgi-resource-locator-1.0.3.jar:/home/runner/.m2/repository/org/glassfish/hk2/hk2-api/2.5.0/hk2-api-2.5.0.jar:/home/runner/.m2/repository/org/glassfish/hk2/hk2-utils/2.5.0/hk2-utils-2.5.0.jar:/home/runner/.m2/repository/org/glassfish/hk2/external/aopalliance-repackaged/2.5.0/aopalliance-repackaged-2.5.0.jar:/home/runner/.m2/repository/com/fasterxml/jackson/dataformat/jackson-dataformat-xml/2.13.4/jackson-dataformat-xml-2.13.4.jar:/home/runner/.m2/repository/com/fasterxml/jackson/core/jackson-core/2.13.4/jackson-core-2.13.4.jar:/home/runner/.m2/repository/org/codehaus/woodstox/stax2-api/4.2.1/stax2-api-4.2.1.jar:/home/runner/.m2/repository/com/fasterxml/woodstox/woodstox-core/5.4.0/woodstox-core-5.4.0.jar:/home/runner/.m2/repository/com/fasterxml/jackson/module/jackson-module-jaxb-annotations/2.13.4/jackson-module-jaxb-annotations-2.13.4.jar:/home/runner/.m2/repository/jakarta/xml/bind/jakarta.xml.bind-api/2.3.3/jakarta.xml.bind-api-2.3.3.jar:/home/runner/.m2/repository/jakarta/activation/jakarta.activation-api/1.2.1/jakarta.activation-api-1.2.1.jar:/home/runner/.m2/repository/javax/enterprise/cdi-api/1.2/cdi-api-1.2.jar:/home/runner/.m2/repository/javax/el/javax.el-api/3.0.0/javax.el-api-3.0.0.jar:/home/runner/.m2/repository/javax/interceptor/javax.interceptor-api/1.2/javax.interceptor-api-1.2.jar:/home/runner/.m2/repository/javax/inject/javax.inject/1/javax.inject-1.jar:/home/runner/.m2/repository/javax/xml/bind/jaxb-api/2.3.0/jaxb-api-2.3.0.jar:/home/runner/.m2/repository/org/glassfish/jaxb/jaxb-runtime/2.3.0.1/jaxb-runtime-2.3.0.1.jar:/home/runner/.m2/repository/org/glassfish/jaxb/jaxb-core/2.3.0.1/jaxb-core-2.3.0.1.jar:/home/runner/.m2/repository/org/glassfish/jaxb/txw2/2.3.0.1/txw2-2.3.0.1.jar:/home/runner/.m2/repository/com/sun/istack/istack-commons-runtime/3.0.5/istack-commons-runtime-3.0.5.jar:/home/runner/.m2/repository/org/jvnet/staxex/stax-ex/1.7.8/stax-ex-1.7.8.jar:/home/runner/.m2/repository/com/sun/xml/fastinfoset/FastInfoset/1.2.13/FastInfoset-1.2.13.jar:/home/runner/.m2/repository/javax/activation/activation/1.1.1/activation-1.1.1.jar:/home/runner/.m2/repository/io/grpc/grpc-protobuf/1.48.1/grpc-protobuf-1.48.1.jar:/home/runner/.m2/repository/io/grpc/grpc-api/1.48.1/grpc-api-1.48.1.jar:/home/runner/.m2/repository/io/grpc/grpc-context/1.48.1/grpc-context-1.48.1.jar:/home/runner/.m2/repository/com/google/api/grpc/proto-google-common-protos/2.9.0/proto-google-common-protos-2.9.0.jar:/home/runner/.m2/repository/io/grpc/grpc-protobuf-lite/1.48.1/grpc-protobuf-lite-1.48.1.jar:/home/runner/.m2/repository/io/grpc/grpc-stub/1.48.1/grpc-stub-1.48.1.jar:/home/runner/.m2/repository/io/netty/netty-transport/4.1.79.Final/netty-transport-4.1.79.Final.jar:/home/runner/.m2/repository/io/netty/netty-resolver/4.1.79.Final/netty-resolver-4.1.79.Final.jar:/home/runner/.m2/repository/org/apache/ozone/ozone-csi/1.3.0-SNAPSHOT/ozone-csi-1.3.0-SNAPSHOT.jar:/home/runner/.m2/repository/com/google/protobuf/protobuf-java-util/3.19.6/protobuf-java-util-3.19.6.jar:/home/runner/.m2/repository/com/google/code/gson/gson/2.9.0/gson-2.9.0.jar:/home/runner/.m2/repository/org/apache/ozone/hdds-config/1.3.0-SNAPSHOT/hdds-config-1.3.0-SNAPSHOT.jar:/home/runner/.m2/repository/io/netty/netty-transport-native-epoll/4.1.79.Final/netty-transport-native-epoll-4.1.79.Final-linux-x86_64.jar:/home/runner/.m2/repository/io/netty/netty-transport-classes-epoll/4.1.79.Final/netty-transport-classes-epoll-4.1.79.Final.jar:/home/runner/.m2/repository/io/netty/netty-transport-native-unix-common/4.1.79.Final/netty-transport-native-unix-common-4.1.79.Final.jar:/home/runner/.m2/repository/org/slf4j/slf4j-reload4j/1.7.36/slf4j-reload4j-1.7.36.jar:/home/runner/.m2/repository/org/apache/ozone/ozone-recon/1.3.0-SNAPSHOT/ozone-recon-1.3.0-SNAPSHOT.jar:/home/runner/.m2/repository/org/apache/ozone/ozone-reconcodegen/1.3.0-SNAPSHOT/ozone-reconcodegen-1.3.0-SNAPSHOT.jar:/home/runner/.m2/repository/com/google/inject/extensions/guice-multibindings/4.0/guice-multibindings-4.0.jar:/home/runner/.m2/repository/com/google/inject/guice/4.0/guice-4.0.jar:/home/runner/.m2/repository/aopalliance/aopalliance/1.0/aopalliance-1.0.jar:/home/runner/.m2/repository/com/google/inject/extensions/guice-assistedinject/4.0/guice-assistedinject-4.0.jar:/home/runner/.m2/repository/com/google/inject/extensions/guice-servlet/4.0/guice-servlet-4.0.jar:/home/runner/.m2/repository/org/glassfish/jersey/containers/jersey-container-servlet/2.34/jersey-container-servlet-2.34.jar:/home/runner/.m2/repository/org/glassfish/hk2/guice-bridge/2.5.0/guice-bridge-2.5.0.jar:/home/runner/.m2/repository/org/glassfish/jersey/core/jersey-server/2.34/jersey-server-2.34.jar:/home/runner/.m2/repository/org/glassfish/jersey/core/jersey-client/2.34/jersey-client-2.34.jar:/home/runner/.m2/repository/jakarta/annotation/jakarta.annotation-api/1.3.5/jakarta.annotation-api-1.3.5.jar:/home/runner/.m2/repository/jakarta/validation/jakarta.validation-api/2.0.2/jakarta.validation-api-2.0.2.jar:/home/runner/.m2/repository/org/glassfish/jersey/media/jersey-media-json-jackson/2.34/jersey-media-json-jackson-2.34.jar:/home/runner/.m2/repository/org/glassfish/jersey/ext/jersey-entity-filtering/2.34/jersey-entity-filtering-2.34.jar:/home/runner/.m2/repository/org/jooq/jooq/3.11.10/jooq-3.11.10.jar:/home/runner/.m2/repository/org/jooq/jooq-meta/3.11.10/jooq-meta-3.11.10.jar:/home/runner/.m2/repository/org/jooq/jooq-codegen/3.11.10/jooq-codegen-3.11.10.jar:/home/runner/.m2/repository/com/jolbox/bonecp/0.8.0.RELEASE/bonecp-0.8.0.RELEASE.jar:/home/runner/.m2/repository/org/apache/derby/derby/10.14.2.0/derby-10.14.2.0.jar:/home/runner/.m2/repository/org/xerial/sqlite-jdbc/3.25.2/sqlite-jdbc-3.25.2.jar:/home/runner/.m2/repository/org/springframework/spring-jdbc/5.3.23/spring-jdbc-5.3.23.jar:/home/runner/.m2/repository/org/springframework/spring-beans/5.3.23/spring-beans-5.3.23.jar:/home/runner/.m2/repository/org/springframework/spring-core/5.3.23/spring-core-5.3.23.jar:/home/runner/.m2/repository/org/springframework/spring-jcl/5.3.23/spring-jcl-5.3.23.jar:/home/runner/.m2/repository/org/springframework/spring-tx/5.3.23/spring-tx-5.3.23.jar:/home/runner/.m2/repository/org/apache/ozone/ozone-client/1.3.0-SNAPSHOT/ozone-client-1.3.0-SNAPSHOT.jar:/home/runner/.m2/repository/org/apache/ozone/hdds-erasurecode/1.3.0-SNAPSHOT/hdds-erasurecode-1.3.0-SNAPSHOT.jar:/home/runner/.m2/repository/org/apache/ozone/ozone-filesystem/1.3.0-SNAPSHOT/ozone-filesystem-1.3.0-SNAPSHOT.jar:/home/runner/.m2/repository/org/apache/ozone/ozone-filesystem-common/1.3.0-SNAPSHOT/ozone-filesystem-common-1.3.0-SNAPSHOT.jar:/home/runner/.m2/repository/org/apache/ozone/ozone-tools/1.3.0-SNAPSHOT/ozone-tools-1.3.0-SNAPSHOT.jar:/home/runner/.m2/repository/org/apache/ratis/ratis-tools/2.4.1/ratis-tools-2.4.1.jar:/home/runner/.m2/repository/com/amazonaws/aws-java-sdk-core/1.12.261/aws-java-sdk-core-1.12.261.jar:/home/runner/.m2/repository/org/apache/httpcomponents/httpclient/4.5.13/httpclient-4.5.13.jar:/home/runner/.m2/repository/org/apache/httpcomponents/httpcore/4.4.13/httpcore-4.4.13.jar:/home/runner/.m2/repository/software/amazon/ion/ion-java/1.0.2/ion-java-1.0.2.jar:/home/runner/.m2/repository/com/fasterxml/jackson/dataformat/jackson-dataformat-cbor/2.13.4/jackson-dataformat-cbor-2.13.4.jar:/home/runner/.m2/repository/joda-time/joda-time/2.8.1/joda-time-2.8.1.jar:/home/runner/.m2/repository/com/amazonaws/aws-java-sdk-s3/1.12.261/aws-java-sdk-s3-1.12.261.jar:/home/runner/.m2/repository/com/amazonaws/aws-java-sdk-kms/1.12.261/aws-java-sdk-kms-1.12.261.jar:/home/runner/.m2/repository/com/amazonaws/jmespath-java/1.12.261/jmespath-java-1.12.261.jar:/home/runner/.m2/repository/org/kohsuke/metainf-services/metainf-services/1.8/metainf-services-1.8.jar:/home/runner/.m2/repository/org/apache/ozone/hdds-tools/1.3.0-SNAPSHOT/hdds-tools-1.3.0-SNAPSHOT.jar:/home/runner/.m2/repository/commons-cli/commons-cli/1.2/commons-cli-1.2.jar:/home/runner/.m2/repository/org/apache/commons/commons-lang3/3.7/commons-lang3-3.7.jar:/home/runner/.m2/repository/org/apache/ozone/ozone-manager/1.3.0-SNAPSHOT/ozone-manager-1.3.0-SNAPSHOT-tests.jar:/home/runner/.m2/repository/org/apache/ozone/hdds-common/1.3.0-SNAPSHOT/hdds-common-1.3.0-SNAPSHOT-tests.jar:/home/runner/.m2/repository/org/apache/ozone/hdds-hadoop-dependency-client/1.3.0-SNAPSHOT/hdds-hadoop-dependency-client-1.3.0-SNAPSHOT.jar:/home/runner/.m2/repository/info/picocli/picocli/4.6.1/picocli-4.6.1.jar:/home/runner/.m2/repository/com/fasterxml/jackson/core/jackson-annotations/2.13.4/jackson-annotations-2.13.4.jar:/home/runner/.m2/repository/com/fasterxml/jackson/datatype/jackson-datatype-jsr310/2.13.4/jackson-datatype-jsr310-2.13.4.jar:/home/runner/.m2/repository/org/apache/ozone/hdds-annotation-processing/1.3.0-SNAPSHOT/hdds-annotation-processing-1.3.0-SNAPSHOT.jar:/home/runner/.m2/repository/javax/annotation/javax.annotation-api/1.2/javax.annotation-api-1.2.jar:/home/runner/.m2/repository/org/apache/ratis/ratis-server/2.4.1/ratis-server-2.4.1.jar:/home/runner/.m2/repository/org/apache/ratis/ratis-client/2.4.1/ratis-client-2.4.1.jar:/home/runner/.m2/repository/org/apache/ratis/ratis-server-api/2.4.1/ratis-server-api-2.4.1.jar:/home/runner/.m2/repository/org/apache/ratis/ratis-metrics/2.4.1/ratis-metrics-2.4.1.jar:/home/runner/.m2/repository/org/apache/ratis/ratis-netty/2.4.1/ratis-netty-2.4.1.jar:/home/runner/.m2/repository/org/apache/ratis/ratis-grpc/2.4.1/ratis-grpc-2.4.1.jar:/home/runner/.m2/repository/org/apache/logging/log4j/log4j-api/2.17.1/log4j-api-2.17.1.jar:/home/runner/.m2/repository/org/apache/commons/commons-pool2/2.6.0/commons-pool2-2.6.0.jar:/home/runner/.m2/repository/org/bouncycastle/bcpkix-jdk15on/1.67/bcpkix-jdk15on-1.67.jar:/home/runner/.m2/repository/commons-validator/commons-validator/1.6/commons-validator-1.6.jar:/home/runner/.m2/repository/commons-beanutils/commons-beanutils/1.9.4/commons-beanutils-1.9.4.jar:/home/runner/.m2/repository/commons-digester/commons-digester/1.8.1/commons-digester-1.8.1.jar:/home/runner/.m2/repository/commons-collections/commons-collections/3.2.2/commons-collections-3.2.2.jar:/home/runner/.m2/repository/io/jaegertracing/jaeger-client/1.6.0/jaeger-client-1.6.0.jar:/home/runner/.m2/repository/io/jaegertracing/jaeger-thrift/1.6.0/jaeger-thrift-1.6.0.jar:/home/runner/.m2/repository/org/apache/thrift/libthrift/0.14.1/libthrift-0.14.1.jar:/home/runner/.m2/repository/io/jaegertracing/jaeger-core/1.6.0/jaeger-core-1.6.0.jar:/home/runner/.m2/repository/io/jaegertracing/jaeger-tracerresolver/1.6.0/jaeger-tracerresolver-1.6.0.jar:/home/runner/.m2/repository/io/opentracing/contrib/opentracing-tracerresolver/0.1.8/opentracing-tracerresolver-0.1.8.jar:/home/runner/.m2/repository/org/jetbrains/kotlin/kotlin-stdlib/1.6.21/kotlin-stdlib-1.6.21.jar:/home/runner/.m2/repository/org/jetbrains/annotations/13.0/annotations-13.0.jar:/home/runner/.m2/repository/io/opentracing/opentracing-util/0.33.0/opentracing-util-0.33.0.jar:/home/runner/.m2/repository/io/opentracing/opentracing-api/0.33.0/opentracing-api-0.33.0.jar:/home/runner/.m2/repository/io/opentracing/opentracing-noop/0.33.0/opentracing-noop-0.33.0.jar:/home/runner/.m2/repository/org/yaml/snakeyaml/1.33/snakeyaml-1.33.jar:/home/runner/.m2/repository/org/apache/ozone/hdds-interface-admin/1.3.0-SNAPSHOT/hdds-interface-admin-1.3.0-SNAPSHOT.jar:/home/runner/.m2/repository/junit/junit/4.13.1/junit-4.13.1.jar:/home/runner/.m2/repository/org/hamcrest/hamcrest-core/1.3/hamcrest-core-1.3.jar:/home/runner/.m2/repository/org/junit/jupiter/junit-jupiter-api/5.8.2/junit-jupiter-api-5.8.2.jar:/home/runner/.m2/repository/org/opentest4j/opentest4j/1.2.0/opentest4j-1.2.0.jar:/home/runner/.m2/repository/org/junit/platform/junit-platform-commons/1.8.2/junit-platform-commons-1.8.2.jar:/home/runner/.m2/repository/org/apiguardian/apiguardian-api/1.1.2/apiguardian-api-1.1.2.jar:/home/runner/.m2/repository/org/junit/jupiter/junit-jupiter-params/5.8.2/junit-jupiter-params-5.8.2.jar:/home/runner/.m2/repository/org/junit/jupiter/junit-jupiter-migrationsupport/5.8.2/junit-jupiter-migrationsupport-5.8.2.jar:/home/runner/.m2/repository/org/junit/jupiter/junit-jupiter-engine/5.8.2/junit-jupiter-engine-5.8.2.jar:/home/runner/.m2/repository/org/junit/platform/junit-platform-engine/1.8.2/junit-platform-engine-1.8.2.jar:/home/runner/.m2/repository/org/junit/vintage/junit-vintage-engine/5.8.2/junit-vintage-engine-5.8.2.jar:/home/runner/.m2/repository/org/junit/platform/junit-platform-launcher/1.8.2/junit-platform-launcher-1.8.2.jar:/home/runner/.m2/repository/org/mockito/mockito-core/2.28.2/mockito-core-2.28.2.jar:/home/runner/.m2/repository/net/bytebuddy/byte-buddy/1.9.10/byte-buddy-1.9.10.jar:/home/runner/.m2/repository/net/bytebuddy/byte-buddy-agent/1.9.10/byte-buddy-agent-1.9.10.jar:/home/runner/.m2/repository/org/objenesis/objenesis/1.0/objenesis-1.0.jar:/home/runner/.m2/repository/org/apache/hadoop/hadoop-kms/3.3.4/hadoop-kms-3.3.4.jar:/home/runner/.m2/repository/org/apache/hadoop/hadoop-auth/3.3.4/hadoop-auth-3.3.4.jar:/home/runner/.m2/repository/com/nimbusds/nimbus-jose-jwt/9.8.1/nimbus-jose-jwt-9.8.1.jar:/home/runner/.m2/repository/com/github/stephenc/jcip/jcip-annotations/1.0-1/jcip-annotations-1.0-1.jar:/home/runner/.m2/repository/net/minidev/json-smart/2.4.7/json-smart-2.4.7.jar:/home/runner/.m2/repository/net/minidev/accessors-smart/2.4.7/accessors-smart-2.4.7.jar:/home/runner/.m2/repository/org/ow2/asm/asm/5.0.4/asm-5.0.4.jar:/home/runner/.m2/repository/org/apache/zookeeper/zookeeper/3.5.6/zookeeper-3.5.6.jar:/home/runner/.m2/repository/org/apache/zookeeper/zookeeper-jute/3.5.6/zookeeper-jute-3.5.6.jar:/home/runner/.m2/repository/org/apache/yetus/audience-annotations/0.5.0/audience-annotations-0.5.0.jar:/home/runner/.m2/repository/org/apache/curator/curator-framework/4.2.0/curator-framework-4.2.0.jar:/home/runner/.m2/repository/org/apache/hadoop/thirdparty/hadoop-shaded-guava/1.1.1/hadoop-shaded-guava-1.1.1.jar:/home/runner/.m2/repository/com/sun/jersey/jersey-core/1.19/jersey-core-1.19.jar:/home/runner/.m2/repository/javax/ws/rs/jsr311-api/1.1.1/jsr311-api-1.1.1.jar:/home/runner/.m2/repository/com/sun/jersey/jersey-server/1.19/jersey-server-1.19.jar:/home/runner/.m2/repository/javax/servlet/javax.servlet-api/3.1.0/javax.servlet-api-3.1.0.jar:/home/runner/.m2/repository/org/eclipse/jetty/jetty-server/9.4.49.v20220914/jetty-server-9.4.49.v20220914.jar:/home/runner/.m2/repository/org/eclipse/jetty/jetty-http/9.4.49.v20220914/jetty-http-9.4.49.v20220914.jar:/home/runner/.m2/repository/org/eclipse/jetty/jetty-io/9.4.49.v20220914/jetty-io-9.4.49.v20220914.jar:/home/runner/.m2/repository/org/eclipse/jetty/jetty-webapp/9.4.49.v20220914/jetty-webapp-9.4.49.v20220914.jar:/home/runner/.m2/repository/org/eclipse/jetty/jetty-xml/9.4.49.v20220914/jetty-xml-9.4.49.v20220914.jar:/home/runner/.m2/repository/org/apache/hadoop/hadoop-common/3.3.4/hadoop-common-3.3.4.jar:/home/runner/.m2/repository/org/apache/commons/commons-math3/3.1.1/commons-math3-3.1.1.jar:/home/runner/.m2/repository/commons-net/commons-net/3.6/commons-net-3.6.jar:/home/runner/.m2/repository/com/sun/jersey/jersey-servlet/1.19/jersey-servlet-1.19.jar:/home/runner/.m2/repository/com/sun/jersey/jersey-json/1.19/jersey-json-1.19.jar:/home/runner/.m2/repository/org/codehaus/jettison/jettison/1.1/jettison-1.1.jar:/home/runner/.m2/repository/com/sun/xml/bind/jaxb-impl/2.2.3-1/jaxb-impl-2.2.3-1.jar:/home/runner/.m2/repository/org/codehaus/jackson/jackson-xc/1.9.2/jackson-xc-1.9.2.jar:/home/runner/.m2/repository/com/google/re2j/re2j/1.1/re2j-1.1.jar:/home/runner/.m2/repository/com/jcraft/jsch/0.1.54/jsch-0.1.54.jar:/home/runner/.m2/repository/org/apache/curator/curator-client/4.2.0/curator-client-4.2.0.jar:/home/runner/.m2/repository/org/apache/curator/curator-recipes/4.2.0/curator-recipes-4.2.0.jar:/home/runner/.m2/repository/org/apache/kerby/kerb-core/1.0.1/kerb-core-1.0.1.jar:/home/runner/.m2/repository/org/apache/kerby/kerby-pkix/1.0.1/kerby-pkix-1.0.1.jar:/home/runner/.m2/repository/org/apache/kerby/kerby-asn1/1.0.1/kerby-asn1-1.0.1.jar:/home/runner/.m2/repository/org/apache/kerby/kerby-util/1.0.1/kerby-util-1.0.1.jar:/home/runner/.m2/repository/dnsjava/dnsjava/2.1.7/dnsjava-2.1.7.jar:/home/runner/.m2/repository/org/xerial/snappy/snappy-java/1.1.8.2/snappy-java-1.1.8.2.jar:/home/runner/.m2/repository/org/eclipse/jetty/jetty-util/9.4.49.v20220914/jetty-util-9.4.49.v20220914.jar:/home/runner/.m2/repository/com/fasterxml/jackson/core/jackson-databind/2.13.4.2/jackson-databind-2.13.4.2.jar:/home/runner/.m2/repository/org/apache/hadoop/hadoop-kms/3.3.4/hadoop-kms-3.3.4-tests.jar:/home/runner/.m2/repository/org/apache/ozone/hdds-server-scm/1.3.0-SNAPSHOT/hdds-server-scm-1.3.0-SNAPSHOT-tests.jar:/home/runner/.m2/repository/org/apache/ozone/hdds-container-service/1.3.0-SNAPSHOT/hdds-container-service-1.3.0-SNAPSHOT-tests.jar:/home/runner/.m2/repository/commons-codec/commons-codec/1.15/commons-codec-1.15.jar:/home/runner/.m2/repository/io/netty/netty-codec/4.1.79.Final/netty-codec-4.1.79.Final.jar:/home/runner/.m2/repository/io/netty/netty-handler/4.1.79.Final/netty-handler-4.1.79.Final.jar:/home/runner/.m2/repository/org/apache/ozone/hdds-hadoop-dependency-test/1.3.0-SNAPSHOT/hdds-hadoop-dependency-test-1.3.0-SNAPSHOT.jar:/home/runner/.m2/repository/org/apache/hadoop/hadoop-common/3.3.4/hadoop-common-3.3.4-tests.jar:/home/runner/.m2/repository/org/apache/hadoop/hadoop-hdfs/3.3.4/hadoop-hdfs-3.3.4-tests.jar:/home/runner/.m2/repository/org/assertj/assertj-core/3.12.2/assertj-core-3.12.2.jar:/home/runner/.m2/repository/org/apache/hadoop/hadoop-distcp/3.3.4/hadoop-distcp-3.3.4.jar:/home/runner/.m2/repository/org/apache/hadoop/hadoop-mapreduce-client-jobclient/3.3.4/hadoop-mapreduce-client-jobclient-3.3.4.jar:/home/runner/.m2/repository/org/apache/hadoop/hadoop-mapreduce-client-common/3.3.4/hadoop-mapreduce-client-common-3.3.4.jar:/home/runner/.m2/repository/org/apache/hadoop/hadoop-yarn-common/3.3.4/hadoop-yarn-common-3.3.4.jar:/home/runner/.m2/repository/org/apache/hadoop/hadoop-yarn-api/3.3.4/hadoop-yarn-api-3.3.4.jar:/home/runner/.m2/repository/com/sun/jersey/contribs/jersey-guice/1.19/jersey-guice-1.19.jar:/home/runner/.m2/repository/com/fasterxml/jackson/jaxrs/jackson-jaxrs-json-provider/2.13.4/jackson-jaxrs-json-provider-2.13.4.jar:/home/runner/.m2/repository/com/fasterxml/jackson/jaxrs/jackson-jaxrs-base/2.13.4/jackson-jaxrs-base-2.13.4.jar:/home/runner/.m2/repository/org/apache/hadoop/hadoop-yarn-client/3.3.4/hadoop-yarn-client-3.3.4.jar:/home/runner/.m2/repository/org/eclipse/jetty/websocket/websocket-client/9.4.43.v20210629/websocket-client-9.4.43.v20210629.jar:/home/runner/.m2/repository/org/eclipse/jetty/websocket/websocket-common/9.4.43.v20210629/websocket-common-9.4.43.v20210629.jar:/home/runner/.m2/repository/org/eclipse/jetty/websocket/websocket-api/9.4.43.v20210629/websocket-api-9.4.43.v20210629.jar:/home/runner/.m2/repository/org/jline/jline/3.9.0/jline-3.9.0.jar:/home/runner/.m2/repository/org/apache/hadoop/hadoop-mapreduce-client-core/3.3.4/hadoop-mapreduce-client-core-3.3.4.jar:/home/runner/.m2/repository/org/apache/avro/avro/1.7.7/avro-1.7.7.jar:/home/runner/.m2/repository/org/codehaus/jackson/jackson-core-asl/1.9.13/jackson-core-asl-1.9.13.jar:/home/runner/.m2/repository/org/codehaus/jackson/jackson-mapper-asl/1.9.13/jackson-mapper-asl-1.9.13.jar:/home/runner/.m2/repository/com/thoughtworks/paranamer/paranamer/2.3/paranamer-2.3.jar:/home/runner/.m2/repository/org/apache/hadoop/hadoop-annotations/3.3.4/hadoop-annotations-3.3.4.jar:/usr/lib/jvm/temurin-8-jdk-amd64/jre/../lib/tools.jar:/home/runner/.m2/repository/io/netty/netty/3.10.6.Final/netty-3.10.6.Final.jar:/home/runner/.m2/repository/org/apache/hadoop/hadoop-distcp/3.3.4/hadoop-distcp-3.3.4-tests.jar:/home/runner/.m2/repository/org/slf4j/jul-to-slf4j/1.7.36/jul-to-slf4j-1.7.36.jar:/home/runner/.m2/repository/org/apache/ratis/ratis-common/2.4.1/ratis-common-2.4.1.jar:/home/runner/.m2/repository/org/apache/ratis/ratis-thirdparty-misc/1.0.3/ratis-thirdparty-misc-1.0.3.jar:/home/runner/.m2/repository/org/apache/ratis/ratis-proto/2.4.1/ratis-proto-2.4.1.jar:"/>
    <property name="java.vm.vendor" value="Temurin"/>
    <property name="sun.arch.data.model" value="64"/>
    <property name="test.build.dir" value="/home/runner/work/ozone/ozone/hadoop-ozone/integration-test/target/test-dir"/>
    <property name="test.cache.data" value=""/>
    <property name="java.vendor.url" value="https://adoptium.net/"/>
    <property name="user.timezone" value="Etc/UTC"/>
    <property name="java.vm.specification.version" value="1.8"/>
    <property name="os.name" value="Linux"/>
    <property name="test.build.data" value="/home/runner/work/ozone/ozone/hadoop-ozone/integration-test/target/test-dir"/>
    <property name="sun.java.launcher" value="SUN_STANDARD"/>
    <property name="sun.boot.library.path" value="/usr/lib/jvm/temurin-8-jdk-amd64/jre/lib/amd64"/>
    <property name="sun.java.command" value="/home/runner/work/ozone/ozone/hadoop-ozone/integration-test/target/surefire/surefirebooter834148382355240634.jar /home/runner/work/ozone/ozone/hadoop-ozone/integration-test/target/surefire 2022-12-02T11-08-32_544-jvmRun1 surefire5911173504526509458tmp surefire_54206884031550722143tmp"/>
    <property name="surefire.test.class.path" value="/home/runner/work/ozone/ozone/hadoop-ozone/integration-test/target/test-classes:/home/runner/work/ozone/ozone/hadoop-ozone/integration-test/target/classes:/home/runner/.m2/repository/org/apache/ozone/ozone-common/1.3.0-SNAPSHOT/ozone-common-1.3.0-SNAPSHOT.jar:/home/runner/.m2/repository/io/grpc/grpc-netty/1.48.1/grpc-netty-1.48.1.jar:/home/runner/.m2/repository/io/grpc/grpc-core/1.48.1/grpc-core-1.48.1.jar:/home/runner/.m2/repository/com/google/android/annotations/4.1.1.4/annotations-4.1.1.4.jar:/home/runner/.m2/repository/org/codehaus/mojo/animal-sniffer-annotations/1.21/animal-sniffer-annotations-1.21.jar:/home/runner/.m2/repository/com/google/errorprone/error_prone_annotations/2.2.0/error_prone_annotations-2.2.0.jar:/home/runner/.m2/repository/io/perfmark/perfmark-api/0.25.0/perfmark-api-0.25.0.jar:/home/runner/.m2/repository/io/netty/netty-codec-http2/4.1.79.Final/netty-codec-http2-4.1.79.Final.jar:/home/runner/.m2/repository/io/netty/netty-common/4.1.79.Final/netty-common-4.1.79.Final.jar:/home/runner/.m2/repository/io/netty/netty-buffer/4.1.79.Final/netty-buffer-4.1.79.Final.jar:/home/runner/.m2/repository/io/netty/netty-codec-http/4.1.79.Final/netty-codec-http-4.1.79.Final.jar:/home/runner/.m2/repository/io/netty/netty-handler-proxy/4.1.79.Final/netty-handler-proxy-4.1.79.Final.jar:/home/runner/.m2/repository/io/netty/netty-codec-socks/4.1.79.Final/netty-codec-socks-4.1.79.Final.jar:/home/runner/.m2/repository/io/netty/netty-tcnative-boringssl-static/2.0.53.Final/netty-tcnative-boringssl-static-2.0.53.Final.jar:/home/runner/.m2/repository/io/netty/netty-tcnative-classes/2.0.53.Final/netty-tcnative-classes-2.0.53.Final.jar:/home/runner/.m2/repository/io/netty/netty-tcnative-boringssl-static/2.0.53.Final/netty-tcnative-boringssl-static-2.0.53.Final-linux-x86_64.jar:/home/runner/.m2/repository/io/netty/netty-tcnative-boringssl-static/2.0.53.Final/netty-tcnative-boringssl-static-2.0.53.Final-linux-aarch_64.jar:/home/runner/.m2/repository/io/netty/netty-tcnative-boringssl-static/2.0.53.Final/netty-tcnative-boringssl-static-2.0.53.Final-osx-x86_64.jar:/home/runner/.m2/repository/io/netty/netty-tcnative-boringssl-static/2.0.53.Final/netty-tcnative-boringssl-static-2.0.53.Final-osx-aarch_64.jar:/home/runner/.m2/repository/io/netty/netty-tcnative-boringssl-static/2.0.53.Final/netty-tcnative-boringssl-static-2.0.53.Final-windows-x86_64.jar:/home/runner/.m2/repository/org/apache/commons/commons-compress/1.21/commons-compress-1.21.jar:/home/runner/.m2/repository/org/apache/ozone/hdds-common/1.3.0-SNAPSHOT/hdds-common-1.3.0-SNAPSHOT.jar:/home/runner/.m2/repository/org/apache/ozone/hdds-client/1.3.0-SNAPSHOT/hdds-client-1.3.0-SNAPSHOT.jar:/home/runner/.m2/repository/org/apache/ozone/ozone-interface-client/1.3.0-SNAPSHOT/ozone-interface-client-1.3.0-SNAPSHOT.jar:/home/runner/.m2/repository/org/apache/ozone/hdds-test-utils/1.3.0-SNAPSHOT/hdds-test-utils-1.3.0-SNAPSHOT.jar:/home/runner/.m2/repository/com/google/guava/guava/31.1-jre/guava-31.1-jre.jar:/home/runner/.m2/repository/com/google/guava/failureaccess/1.0.1/failureaccess-1.0.1.jar:/home/runner/.m2/repository/com/google/guava/listenablefuture/9999.0-empty-to-avoid-conflict-with-guava/listenablefuture-9999.0-empty-to-avoid-conflict-with-guava.jar:/home/runner/.m2/repository/com/google/code/findbugs/jsr305/3.0.0/jsr305-3.0.0.jar:/home/runner/.m2/repository/org/checkerframework/checker-qual/3.12.0/checker-qual-3.12.0.jar:/home/runner/.m2/repository/com/google/j2objc/j2objc-annotations/1.3/j2objc-annotations-1.3.jar:/home/runner/.m2/repository/commons-io/commons-io/2.11.0/commons-io-2.11.0.jar:/home/runner/.m2/repository/commons-logging/commons-logging/1.2/commons-logging-1.2.jar:/home/runner/.m2/repository/ch/qos/reload4j/reload4j/1.2.22/reload4j-1.2.22.jar:/home/runner/.m2/repository/org/slf4j/slf4j-api/1.7.36/slf4j-api-1.7.36.jar:/home/runner/.m2/repository/org/apache/ozone/hdds-server-scm/1.3.0-SNAPSHOT/hdds-server-scm-1.3.0-SNAPSHOT.jar:/home/runner/.m2/repository/org/apache/ozone/hdds-container-service/1.3.0-SNAPSHOT/hdds-container-service-1.3.0-SNAPSHOT.jar:/home/runner/.m2/repository/org/apache/ozone/hdds-hadoop-dependency-server/1.3.0-SNAPSHOT/hdds-hadoop-dependency-server-1.3.0-SNAPSHOT.jar:/home/runner/.m2/repository/org/apache/hadoop/hadoop-hdfs/3.3.4/hadoop-hdfs-3.3.4.jar:/home/runner/.m2/repository/org/eclipse/jetty/jetty-util-ajax/9.4.49.v20220914/jetty-util-ajax-9.4.49.v20220914.jar:/home/runner/.m2/repository/commons-daemon/commons-daemon/1.0.13/commons-daemon-1.0.13.jar:/home/runner/.m2/repository/org/apache/ozone/hdds-server-framework/1.3.0-SNAPSHOT/hdds-server-framework-1.3.0-SNAPSHOT.jar:/home/runner/.m2/repository/org/apache/ozone/hdds-interface-server/1.3.0-SNAPSHOT/hdds-interface-server-1.3.0-SNAPSHOT.jar:/home/runner/.m2/repository/org/apache/commons/commons-configuration2/2.1.1/commons-configuration2-2.1.1.jar:/home/runner/.m2/repository/org/apache/logging/log4j/log4j-core/2.17.1/log4j-core-2.17.1.jar:/home/runner/.m2/repository/com/lmax/disruptor/3.4.2/disruptor-3.4.2.jar:/home/runner/.m2/repository/org/eclipse/jetty/jetty-servlet/9.4.49.v20220914/jetty-servlet-9.4.49.v20220914.jar:/home/runner/.m2/repository/org/eclipse/jetty/jetty-security/9.4.49.v20220914/jetty-security-9.4.49.v20220914.jar:/home/runner/.m2/repository/org/rocksdb/rocksdbjni/7.7.3/rocksdbjni-7.7.3.jar:/home/runner/.m2/repository/io/prometheus/simpleclient_dropwizard/0.7.0/simpleclient_dropwizard-0.7.0.jar:/home/runner/.m2/repository/io/prometheus/simpleclient/0.7.0/simpleclient-0.7.0.jar:/home/runner/.m2/repository/io/prometheus/simpleclient_common/0.7.0/simpleclient_common-0.7.0.jar:/home/runner/.m2/repository/com/github/spotbugs/spotbugs-annotations/3.1.12/spotbugs-annotations-3.1.12.jar:/home/runner/.m2/repository/io/dropwizard/metrics/metrics-core/3.2.4/metrics-core-3.2.4.jar:/home/runner/.m2/repository/org/apache/commons/commons-text/1.4/commons-text-1.4.jar:/home/runner/.m2/repository/org/apache/hadoop/hadoop-hdfs-client/3.3.4/hadoop-hdfs-client-3.3.4.jar:/home/runner/.m2/repository/com/squareup/okhttp3/okhttp/4.9.3/okhttp-4.9.3.jar:/home/runner/.m2/repository/com/squareup/okio/okio/2.8.0/okio-2.8.0.jar:/home/runner/.m2/repository/org/jetbrains/kotlin/kotlin-stdlib-common/1.4.10/kotlin-stdlib-common-1.4.10.jar:/home/runner/.m2/repository/org/bouncycastle/bcprov-jdk15on/1.67/bcprov-jdk15on-1.67.jar:/home/runner/.m2/repository/com/google/protobuf/protobuf-java/2.5.0/protobuf-java-2.5.0.jar:/home/runner/.m2/repository/org/apache/ozone/ozone-manager/1.3.0-SNAPSHOT/ozone-manager-1.3.0-SNAPSHOT.jar:/home/runner/.m2/repository/org/aspectj/aspectjrt/1.9.7/aspectjrt-1.9.7.jar:/home/runner/.m2/repository/org/aspectj/aspectjweaver/1.9.7/aspectjweaver-1.9.7.jar:/home/runner/.m2/repository/org/apache/ozone/hdds-interface-client/1.3.0-SNAPSHOT/hdds-interface-client-1.3.0-SNAPSHOT.jar:/home/runner/.m2/repository/org/apache/hadoop/thirdparty/hadoop-shaded-protobuf_3_7/1.1.1/hadoop-shaded-protobuf_3_7-1.1.1.jar:/home/runner/.m2/repository/org/apache/ozone/ozone-interface-storage/1.3.0-SNAPSHOT/ozone-interface-storage-1.3.0-SNAPSHOT.jar:/home/runner/.m2/repository/org/reflections/reflections/0.9.11/reflections-0.9.11.jar:/home/runner/.m2/repository/com/sun/jersey/jersey-client/1.19/jersey-client-1.19.jar:/home/runner/.m2/repository/org/apache/ranger/ranger-intg/2.3.0/ranger-intg-2.3.0.jar:/home/runner/.m2/repository/org/apache/ranger/ranger-plugins-common/2.3.0/ranger-plugins-common-2.3.0.jar:/home/runner/.m2/repository/commons-lang/commons-lang/2.6/commons-lang-2.6.jar:/home/runner/.m2/repository/org/codehaus/jackson/jackson-jaxrs/1.9.13/jackson-jaxrs-1.9.13.jar:/home/runner/.m2/repository/org/apache/ranger/ranger-plugins-cred/2.3.0/ranger-plugins-cred-2.3.0.jar:/home/runner/.m2/repository/org/apache/ranger/ranger-plugins-audit/2.3.0/ranger-plugins-audit-2.3.0.jar:/home/runner/.m2/repository/org/eclipse/jetty/jetty-client/9.4.31.v20200723/jetty-client-9.4.31.v20200723.jar:/home/runner/.m2/repository/org/apache/httpcomponents/httpmime/4.5.6/httpmime-4.5.6.jar:/home/runner/.m2/repository/org/apache/httpcomponents/httpcore-nio/4.4.6/httpcore-nio-4.4.6.jar:/home/runner/.m2/repository/org/apache/httpcomponents/httpasyncclient/4.1.3/httpasyncclient-4.1.3.jar:/home/runner/.m2/repository/com/carrotsearch/hppc/0.8.0/hppc-0.8.0.jar:/home/runner/.m2/repository/org/apache/orc/orc-core/1.5.8/orc-core-1.5.8.jar:/home/runner/.m2/repository/net/java/dev/jna/jna/5.2.0/jna-5.2.0.jar:/home/runner/.m2/repository/net/java/dev/jna/jna-platform/5.2.0/jna-platform-5.2.0.jar:/home/runner/.m2/repository/com/kstruct/gethostname4j/0.0.2/gethostname4j-0.0.2.jar:/home/runner/.m2/repository/org/apache/ranger/ranger-plugin-classloader/2.3.0/ranger-plugin-classloader-2.3.0.jar:/home/runner/.m2/repository/org/apache/hadoop/hadoop-minikdc/3.3.4/hadoop-minikdc-3.3.4.jar:/home/runner/.m2/repository/org/apache/kerby/kerb-simplekdc/1.0.1/kerb-simplekdc-1.0.1.jar:/home/runner/.m2/repository/org/apache/kerby/kerb-client/1.0.1/kerb-client-1.0.1.jar:/home/runner/.m2/repository/org/apache/kerby/kerby-config/1.0.1/kerby-config-1.0.1.jar:/home/runner/.m2/repository/org/apache/kerby/kerb-common/1.0.1/kerb-common-1.0.1.jar:/home/runner/.m2/repository/org/apache/kerby/kerb-crypto/1.0.1/kerb-crypto-1.0.1.jar:/home/runner/.m2/repository/org/apache/kerby/kerb-util/1.0.1/kerb-util-1.0.1.jar:/home/runner/.m2/repository/org/apache/kerby/token-provider/1.0.1/token-provider-1.0.1.jar:/home/runner/.m2/repository/org/apache/kerby/kerb-admin/1.0.1/kerb-admin-1.0.1.jar:/home/runner/.m2/repository/org/apache/kerby/kerb-server/1.0.1/kerb-server-1.0.1.jar:/home/runner/.m2/repository/org/apache/kerby/kerb-identity/1.0.1/kerb-identity-1.0.1.jar:/home/runner/.m2/repository/org/apache/kerby/kerby-xdr/1.0.1/kerby-xdr-1.0.1.jar:/home/runner/.m2/repository/org/apache/ozone/ozone-s3gateway/1.3.0-SNAPSHOT/ozone-s3gateway-1.3.0-SNAPSHOT.jar:/home/runner/.m2/repository/org/javassist/javassist/3.21.0-GA/javassist-3.21.0-GA.jar:/home/runner/.m2/repository/org/jboss/weld/servlet/weld-servlet/2.4.7.Final/weld-servlet-2.4.7.Final.jar:/home/runner/.m2/repository/org/glassfish/jersey/containers/jersey-container-servlet-core/2.34/jersey-container-servlet-core-2.34.jar:/home/runner/.m2/repository/org/glassfish/hk2/external/jakarta.inject/2.6.1/jakarta.inject-2.6.1.jar:/home/runner/.m2/repository/org/glassfish/jersey/core/jersey-common/2.34/jersey-common-2.34.jar:/home/runner/.m2/repository/jakarta/ws/rs/jakarta.ws.rs-api/2.1.6/jakarta.ws.rs-api-2.1.6.jar:/home/runner/.m2/repository/org/glassfish/jersey/ext/cdi/jersey-cdi1x/2.34/jersey-cdi1x-2.34.jar:/home/runner/.m2/repository/org/glassfish/jersey/inject/jersey-hk2/2.34/jersey-hk2-2.34.jar:/home/runner/.m2/repository/org/glassfish/hk2/hk2-locator/2.6.1/hk2-locator-2.6.1.jar:/home/runner/.m2/repository/org/glassfish/jersey/media/jersey-media-jaxb/2.34/jersey-media-jaxb-2.34.jar:/home/runner/.m2/repository/org/glassfish/hk2/osgi-resource-locator/1.0.3/osgi-resource-locator-1.0.3.jar:/home/runner/.m2/repository/org/glassfish/hk2/hk2-api/2.5.0/hk2-api-2.5.0.jar:/home/runner/.m2/repository/org/glassfish/hk2/hk2-utils/2.5.0/hk2-utils-2.5.0.jar:/home/runner/.m2/repository/org/glassfish/hk2/external/aopalliance-repackaged/2.5.0/aopalliance-repackaged-2.5.0.jar:/home/runner/.m2/repository/com/fasterxml/jackson/dataformat/jackson-dataformat-xml/2.13.4/jackson-dataformat-xml-2.13.4.jar:/home/runner/.m2/repository/com/fasterxml/jackson/core/jackson-core/2.13.4/jackson-core-2.13.4.jar:/home/runner/.m2/repository/org/codehaus/woodstox/stax2-api/4.2.1/stax2-api-4.2.1.jar:/home/runner/.m2/repository/com/fasterxml/woodstox/woodstox-core/5.4.0/woodstox-core-5.4.0.jar:/home/runner/.m2/repository/com/fasterxml/jackson/module/jackson-module-jaxb-annotations/2.13.4/jackson-module-jaxb-annotations-2.13.4.jar:/home/runner/.m2/repository/jakarta/xml/bind/jakarta.xml.bind-api/2.3.3/jakarta.xml.bind-api-2.3.3.jar:/home/runner/.m2/repository/jakarta/activation/jakarta.activation-api/1.2.1/jakarta.activation-api-1.2.1.jar:/home/runner/.m2/repository/javax/enterprise/cdi-api/1.2/cdi-api-1.2.jar:/home/runner/.m2/repository/javax/el/javax.el-api/3.0.0/javax.el-api-3.0.0.jar:/home/runner/.m2/repository/javax/interceptor/javax.interceptor-api/1.2/javax.interceptor-api-1.2.jar:/home/runner/.m2/repository/javax/inject/javax.inject/1/javax.inject-1.jar:/home/runner/.m2/repository/javax/xml/bind/jaxb-api/2.3.0/jaxb-api-2.3.0.jar:/home/runner/.m2/repository/org/glassfish/jaxb/jaxb-runtime/2.3.0.1/jaxb-runtime-2.3.0.1.jar:/home/runner/.m2/repository/org/glassfish/jaxb/jaxb-core/2.3.0.1/jaxb-core-2.3.0.1.jar:/home/runner/.m2/repository/org/glassfish/jaxb/txw2/2.3.0.1/txw2-2.3.0.1.jar:/home/runner/.m2/repository/com/sun/istack/istack-commons-runtime/3.0.5/istack-commons-runtime-3.0.5.jar:/home/runner/.m2/repository/org/jvnet/staxex/stax-ex/1.7.8/stax-ex-1.7.8.jar:/home/runner/.m2/repository/com/sun/xml/fastinfoset/FastInfoset/1.2.13/FastInfoset-1.2.13.jar:/home/runner/.m2/repository/javax/activation/activation/1.1.1/activation-1.1.1.jar:/home/runner/.m2/repository/io/grpc/grpc-protobuf/1.48.1/grpc-protobuf-1.48.1.jar:/home/runner/.m2/repository/io/grpc/grpc-api/1.48.1/grpc-api-1.48.1.jar:/home/runner/.m2/repository/io/grpc/grpc-context/1.48.1/grpc-context-1.48.1.jar:/home/runner/.m2/repository/com/google/api/grpc/proto-google-common-protos/2.9.0/proto-google-common-protos-2.9.0.jar:/home/runner/.m2/repository/io/grpc/grpc-protobuf-lite/1.48.1/grpc-protobuf-lite-1.48.1.jar:/home/runner/.m2/repository/io/grpc/grpc-stub/1.48.1/grpc-stub-1.48.1.jar:/home/runner/.m2/repository/io/netty/netty-transport/4.1.79.Final/netty-transport-4.1.79.Final.jar:/home/runner/.m2/repository/io/netty/netty-resolver/4.1.79.Final/netty-resolver-4.1.79.Final.jar:/home/runner/.m2/repository/org/apache/ozone/ozone-csi/1.3.0-SNAPSHOT/ozone-csi-1.3.0-SNAPSHOT.jar:/home/runner/.m2/repository/com/google/protobuf/protobuf-java-util/3.19.6/protobuf-java-util-3.19.6.jar:/home/runner/.m2/repository/com/google/code/gson/gson/2.9.0/gson-2.9.0.jar:/home/runner/.m2/repository/org/apache/ozone/hdds-config/1.3.0-SNAPSHOT/hdds-config-1.3.0-SNAPSHOT.jar:/home/runner/.m2/repository/io/netty/netty-transport-native-epoll/4.1.79.Final/netty-transport-native-epoll-4.1.79.Final-linux-x86_64.jar:/home/runner/.m2/repository/io/netty/netty-transport-classes-epoll/4.1.79.Final/netty-transport-classes-epoll-4.1.79.Final.jar:/home/runner/.m2/repository/io/netty/netty-transport-native-unix-common/4.1.79.Final/netty-transport-native-unix-common-4.1.79.Final.jar:/home/runner/.m2/repository/org/slf4j/slf4j-reload4j/1.7.36/slf4j-reload4j-1.7.36.jar:/home/runner/.m2/repository/org/apache/ozone/ozone-recon/1.3.0-SNAPSHOT/ozone-recon-1.3.0-SNAPSHOT.jar:/home/runner/.m2/repository/org/apache/ozone/ozone-reconcodegen/1.3.0-SNAPSHOT/ozone-reconcodegen-1.3.0-SNAPSHOT.jar:/home/runner/.m2/repository/com/google/inject/extensions/guice-multibindings/4.0/guice-multibindings-4.0.jar:/home/runner/.m2/repository/com/google/inject/guice/4.0/guice-4.0.jar:/home/runner/.m2/repository/aopalliance/aopalliance/1.0/aopalliance-1.0.jar:/home/runner/.m2/repository/com/google/inject/extensions/guice-assistedinject/4.0/guice-assistedinject-4.0.jar:/home/runner/.m2/repository/com/google/inject/extensions/guice-servlet/4.0/guice-servlet-4.0.jar:/home/runner/.m2/repository/org/glassfish/jersey/containers/jersey-container-servlet/2.34/jersey-container-servlet-2.34.jar:/home/runner/.m2/repository/org/glassfish/hk2/guice-bridge/2.5.0/guice-bridge-2.5.0.jar:/home/runner/.m2/repository/org/glassfish/jersey/core/jersey-server/2.34/jersey-server-2.34.jar:/home/runner/.m2/repository/org/glassfish/jersey/core/jersey-client/2.34/jersey-client-2.34.jar:/home/runner/.m2/repository/jakarta/annotation/jakarta.annotation-api/1.3.5/jakarta.annotation-api-1.3.5.jar:/home/runner/.m2/repository/jakarta/validation/jakarta.validation-api/2.0.2/jakarta.validation-api-2.0.2.jar:/home/runner/.m2/repository/org/glassfish/jersey/media/jersey-media-json-jackson/2.34/jersey-media-json-jackson-2.34.jar:/home/runner/.m2/repository/org/glassfish/jersey/ext/jersey-entity-filtering/2.34/jersey-entity-filtering-2.34.jar:/home/runner/.m2/repository/org/jooq/jooq/3.11.10/jooq-3.11.10.jar:/home/runner/.m2/repository/org/jooq/jooq-meta/3.11.10/jooq-meta-3.11.10.jar:/home/runner/.m2/repository/org/jooq/jooq-codegen/3.11.10/jooq-codegen-3.11.10.jar:/home/runner/.m2/repository/com/jolbox/bonecp/0.8.0.RELEASE/bonecp-0.8.0.RELEASE.jar:/home/runner/.m2/repository/org/apache/derby/derby/10.14.2.0/derby-10.14.2.0.jar:/home/runner/.m2/repository/org/xerial/sqlite-jdbc/3.25.2/sqlite-jdbc-3.25.2.jar:/home/runner/.m2/repository/org/springframework/spring-jdbc/5.3.23/spring-jdbc-5.3.23.jar:/home/runner/.m2/repository/org/springframework/spring-beans/5.3.23/spring-beans-5.3.23.jar:/home/runner/.m2/repository/org/springframework/spring-core/5.3.23/spring-core-5.3.23.jar:/home/runner/.m2/repository/org/springframework/spring-jcl/5.3.23/spring-jcl-5.3.23.jar:/home/runner/.m2/repository/org/springframework/spring-tx/5.3.23/spring-tx-5.3.23.jar:/home/runner/.m2/repository/org/apache/ozone/ozone-client/1.3.0-SNAPSHOT/ozone-client-1.3.0-SNAPSHOT.jar:/home/runner/.m2/repository/org/apache/ozone/hdds-erasurecode/1.3.0-SNAPSHOT/hdds-erasurecode-1.3.0-SNAPSHOT.jar:/home/runner/.m2/repository/org/apache/ozone/ozone-filesystem/1.3.0-SNAPSHOT/ozone-filesystem-1.3.0-SNAPSHOT.jar:/home/runner/.m2/repository/org/apache/ozone/ozone-filesystem-common/1.3.0-SNAPSHOT/ozone-filesystem-common-1.3.0-SNAPSHOT.jar:/home/runner/.m2/repository/org/apache/ozone/ozone-tools/1.3.0-SNAPSHOT/ozone-tools-1.3.0-SNAPSHOT.jar:/home/runner/.m2/repository/org/apache/ratis/ratis-tools/2.4.1/ratis-tools-2.4.1.jar:/home/runner/.m2/repository/com/amazonaws/aws-java-sdk-core/1.12.261/aws-java-sdk-core-1.12.261.jar:/home/runner/.m2/repository/org/apache/httpcomponents/httpclient/4.5.13/httpclient-4.5.13.jar:/home/runner/.m2/repository/org/apache/httpcomponents/httpcore/4.4.13/httpcore-4.4.13.jar:/home/runner/.m2/repository/software/amazon/ion/ion-java/1.0.2/ion-java-1.0.2.jar:/home/runner/.m2/repository/com/fasterxml/jackson/dataformat/jackson-dataformat-cbor/2.13.4/jackson-dataformat-cbor-2.13.4.jar:/home/runner/.m2/repository/joda-time/joda-time/2.8.1/joda-time-2.8.1.jar:/home/runner/.m2/repository/com/amazonaws/aws-java-sdk-s3/1.12.261/aws-java-sdk-s3-1.12.261.jar:/home/runner/.m2/repository/com/amazonaws/aws-java-sdk-kms/1.12.261/aws-java-sdk-kms-1.12.261.jar:/home/runner/.m2/repository/com/amazonaws/jmespath-java/1.12.261/jmespath-java-1.12.261.jar:/home/runner/.m2/repository/org/kohsuke/metainf-services/metainf-services/1.8/metainf-services-1.8.jar:/home/runner/.m2/repository/org/apache/ozone/hdds-tools/1.3.0-SNAPSHOT/hdds-tools-1.3.0-SNAPSHOT.jar:/home/runner/.m2/repository/commons-cli/commons-cli/1.2/commons-cli-1.2.jar:/home/runner/.m2/repository/org/apache/commons/commons-lang3/3.7/commons-lang3-3.7.jar:/home/runner/.m2/repository/org/apache/ozone/ozone-manager/1.3.0-SNAPSHOT/ozone-manager-1.3.0-SNAPSHOT-tests.jar:/home/runner/.m2/repository/org/apache/ozone/hdds-common/1.3.0-SNAPSHOT/hdds-common-1.3.0-SNAPSHOT-tests.jar:/home/runner/.m2/repository/org/apache/ozone/hdds-hadoop-dependency-client/1.3.0-SNAPSHOT/hdds-hadoop-dependency-client-1.3.0-SNAPSHOT.jar:/home/runner/.m2/repository/info/picocli/picocli/4.6.1/picocli-4.6.1.jar:/home/runner/.m2/repository/com/fasterxml/jackson/core/jackson-annotations/2.13.4/jackson-annotations-2.13.4.jar:/home/runner/.m2/repository/com/fasterxml/jackson/datatype/jackson-datatype-jsr310/2.13.4/jackson-datatype-jsr310-2.13.4.jar:/home/runner/.m2/repository/org/apache/ozone/hdds-annotation-processing/1.3.0-SNAPSHOT/hdds-annotation-processing-1.3.0-SNAPSHOT.jar:/home/runner/.m2/repository/javax/annotation/javax.annotation-api/1.2/javax.annotation-api-1.2.jar:/home/runner/.m2/repository/org/apache/ratis/ratis-server/2.4.1/ratis-server-2.4.1.jar:/home/runner/.m2/repository/org/apache/ratis/ratis-client/2.4.1/ratis-client-2.4.1.jar:/home/runner/.m2/repository/org/apache/ratis/ratis-server-api/2.4.1/ratis-server-api-2.4.1.jar:/home/runner/.m2/repository/org/apache/ratis/ratis-metrics/2.4.1/ratis-metrics-2.4.1.jar:/home/runner/.m2/repository/org/apache/ratis/ratis-netty/2.4.1/ratis-netty-2.4.1.jar:/home/runner/.m2/repository/org/apache/ratis/ratis-grpc/2.4.1/ratis-grpc-2.4.1.jar:/home/runner/.m2/repository/org/apache/logging/log4j/log4j-api/2.17.1/log4j-api-2.17.1.jar:/home/runner/.m2/repository/org/apache/commons/commons-pool2/2.6.0/commons-pool2-2.6.0.jar:/home/runner/.m2/repository/org/bouncycastle/bcpkix-jdk15on/1.67/bcpkix-jdk15on-1.67.jar:/home/runner/.m2/repository/commons-validator/commons-validator/1.6/commons-validator-1.6.jar:/home/runner/.m2/repository/commons-beanutils/commons-beanutils/1.9.4/commons-beanutils-1.9.4.jar:/home/runner/.m2/repository/commons-digester/commons-digester/1.8.1/commons-digester-1.8.1.jar:/home/runner/.m2/repository/commons-collections/commons-collections/3.2.2/commons-collections-3.2.2.jar:/home/runner/.m2/repository/io/jaegertracing/jaeger-client/1.6.0/jaeger-client-1.6.0.jar:/home/runner/.m2/repository/io/jaegertracing/jaeger-thrift/1.6.0/jaeger-thrift-1.6.0.jar:/home/runner/.m2/repository/org/apache/thrift/libthrift/0.14.1/libthrift-0.14.1.jar:/home/runner/.m2/repository/io/jaegertracing/jaeger-core/1.6.0/jaeger-core-1.6.0.jar:/home/runner/.m2/repository/io/jaegertracing/jaeger-tracerresolver/1.6.0/jaeger-tracerresolver-1.6.0.jar:/home/runner/.m2/repository/io/opentracing/contrib/opentracing-tracerresolver/0.1.8/opentracing-tracerresolver-0.1.8.jar:/home/runner/.m2/repository/org/jetbrains/kotlin/kotlin-stdlib/1.6.21/kotlin-stdlib-1.6.21.jar:/home/runner/.m2/repository/org/jetbrains/annotations/13.0/annotations-13.0.jar:/home/runner/.m2/repository/io/opentracing/opentracing-util/0.33.0/opentracing-util-0.33.0.jar:/home/runner/.m2/repository/io/opentracing/opentracing-api/0.33.0/opentracing-api-0.33.0.jar:/home/runner/.m2/repository/io/opentracing/opentracing-noop/0.33.0/opentracing-noop-0.33.0.jar:/home/runner/.m2/repository/org/yaml/snakeyaml/1.33/snakeyaml-1.33.jar:/home/runner/.m2/repository/org/apache/ozone/hdds-interface-admin/1.3.0-SNAPSHOT/hdds-interface-admin-1.3.0-SNAPSHOT.jar:/home/runner/.m2/repository/junit/junit/4.13.1/junit-4.13.1.jar:/home/runner/.m2/repository/org/hamcrest/hamcrest-core/1.3/hamcrest-core-1.3.jar:/home/runner/.m2/repository/org/junit/jupiter/junit-jupiter-api/5.8.2/junit-jupiter-api-5.8.2.jar:/home/runner/.m2/repository/org/opentest4j/opentest4j/1.2.0/opentest4j-1.2.0.jar:/home/runner/.m2/repository/org/junit/platform/junit-platform-commons/1.8.2/junit-platform-commons-1.8.2.jar:/home/runner/.m2/repository/org/apiguardian/apiguardian-api/1.1.2/apiguardian-api-1.1.2.jar:/home/runner/.m2/repository/org/junit/jupiter/junit-jupiter-params/5.8.2/junit-jupiter-params-5.8.2.jar:/home/runner/.m2/repository/org/junit/jupiter/junit-jupiter-migrationsupport/5.8.2/junit-jupiter-migrationsupport-5.8.2.jar:/home/runner/.m2/repository/org/junit/jupiter/junit-jupiter-engine/5.8.2/junit-jupiter-engine-5.8.2.jar:/home/runner/.m2/repository/org/junit/platform/junit-platform-engine/1.8.2/junit-platform-engine-1.8.2.jar:/home/runner/.m2/repository/org/junit/vintage/junit-vintage-engine/5.8.2/junit-vintage-engine-5.8.2.jar:/home/runner/.m2/repository/org/junit/platform/junit-platform-launcher/1.8.2/junit-platform-launcher-1.8.2.jar:/home/runner/.m2/repository/org/mockito/mockito-core/2.28.2/mockito-core-2.28.2.jar:/home/runner/.m2/repository/net/bytebuddy/byte-buddy/1.9.10/byte-buddy-1.9.10.jar:/home/runner/.m2/repository/net/bytebuddy/byte-buddy-agent/1.9.10/byte-buddy-agent-1.9.10.jar:/home/runner/.m2/repository/org/objenesis/objenesis/1.0/objenesis-1.0.jar:/home/runner/.m2/repository/org/apache/hadoop/hadoop-kms/3.3.4/hadoop-kms-3.3.4.jar:/home/runner/.m2/repository/org/apache/hadoop/hadoop-auth/3.3.4/hadoop-auth-3.3.4.jar:/home/runner/.m2/repository/com/nimbusds/nimbus-jose-jwt/9.8.1/nimbus-jose-jwt-9.8.1.jar:/home/runner/.m2/repository/com/github/stephenc/jcip/jcip-annotations/1.0-1/jcip-annotations-1.0-1.jar:/home/runner/.m2/repository/net/minidev/json-smart/2.4.7/json-smart-2.4.7.jar:/home/runner/.m2/repository/net/minidev/accessors-smart/2.4.7/accessors-smart-2.4.7.jar:/home/runner/.m2/repository/org/ow2/asm/asm/5.0.4/asm-5.0.4.jar:/home/runner/.m2/repository/org/apache/zookeeper/zookeeper/3.5.6/zookeeper-3.5.6.jar:/home/runner/.m2/repository/org/apache/zookeeper/zookeeper-jute/3.5.6/zookeeper-jute-3.5.6.jar:/home/runner/.m2/repository/org/apache/yetus/audience-annotations/0.5.0/audience-annotations-0.5.0.jar:/home/runner/.m2/repository/org/apache/curator/curator-framework/4.2.0/curator-framework-4.2.0.jar:/home/runner/.m2/repository/org/apache/hadoop/thirdparty/hadoop-shaded-guava/1.1.1/hadoop-shaded-guava-1.1.1.jar:/home/runner/.m2/repository/com/sun/jersey/jersey-core/1.19/jersey-core-1.19.jar:/home/runner/.m2/repository/javax/ws/rs/jsr311-api/1.1.1/jsr311-api-1.1.1.jar:/home/runner/.m2/repository/com/sun/jersey/jersey-server/1.19/jersey-server-1.19.jar:/home/runner/.m2/repository/javax/servlet/javax.servlet-api/3.1.0/javax.servlet-api-3.1.0.jar:/home/runner/.m2/repository/org/eclipse/jetty/jetty-server/9.4.49.v20220914/jetty-server-9.4.49.v20220914.jar:/home/runner/.m2/repository/org/eclipse/jetty/jetty-http/9.4.49.v20220914/jetty-http-9.4.49.v20220914.jar:/home/runner/.m2/repository/org/eclipse/jetty/jetty-io/9.4.49.v20220914/jetty-io-9.4.49.v20220914.jar:/home/runner/.m2/repository/org/eclipse/jetty/jetty-webapp/9.4.49.v20220914/jetty-webapp-9.4.49.v20220914.jar:/home/runner/.m2/repository/org/eclipse/jetty/jetty-xml/9.4.49.v20220914/jetty-xml-9.4.49.v20220914.jar:/home/runner/.m2/repository/org/apache/hadoop/hadoop-common/3.3.4/hadoop-common-3.3.4.jar:/home/runner/.m2/repository/org/apache/commons/commons-math3/3.1.1/commons-math3-3.1.1.jar:/home/runner/.m2/repository/commons-net/commons-net/3.6/commons-net-3.6.jar:/home/runner/.m2/repository/com/sun/jersey/jersey-servlet/1.19/jersey-servlet-1.19.jar:/home/runner/.m2/repository/com/sun/jersey/jersey-json/1.19/jersey-json-1.19.jar:/home/runner/.m2/repository/org/codehaus/jettison/jettison/1.1/jettison-1.1.jar:/home/runner/.m2/repository/com/sun/xml/bind/jaxb-impl/2.2.3-1/jaxb-impl-2.2.3-1.jar:/home/runner/.m2/repository/org/codehaus/jackson/jackson-xc/1.9.2/jackson-xc-1.9.2.jar:/home/runner/.m2/repository/com/google/re2j/re2j/1.1/re2j-1.1.jar:/home/runner/.m2/repository/com/jcraft/jsch/0.1.54/jsch-0.1.54.jar:/home/runner/.m2/repository/org/apache/curator/curator-client/4.2.0/curator-client-4.2.0.jar:/home/runner/.m2/repository/org/apache/curator/curator-recipes/4.2.0/curator-recipes-4.2.0.jar:/home/runner/.m2/repository/org/apache/kerby/kerb-core/1.0.1/kerb-core-1.0.1.jar:/home/runner/.m2/repository/org/apache/kerby/kerby-pkix/1.0.1/kerby-pkix-1.0.1.jar:/home/runner/.m2/repository/org/apache/kerby/kerby-asn1/1.0.1/kerby-asn1-1.0.1.jar:/home/runner/.m2/repository/org/apache/kerby/kerby-util/1.0.1/kerby-util-1.0.1.jar:/home/runner/.m2/repository/dnsjava/dnsjava/2.1.7/dnsjava-2.1.7.jar:/home/runner/.m2/repository/org/xerial/snappy/snappy-java/1.1.8.2/snappy-java-1.1.8.2.jar:/home/runner/.m2/repository/org/eclipse/jetty/jetty-util/9.4.49.v20220914/jetty-util-9.4.49.v20220914.jar:/home/runner/.m2/repository/com/fasterxml/jackson/core/jackson-databind/2.13.4.2/jackson-databind-2.13.4.2.jar:/home/runner/.m2/repository/org/apache/hadoop/hadoop-kms/3.3.4/hadoop-kms-3.3.4-tests.jar:/home/runner/.m2/repository/org/apache/ozone/hdds-server-scm/1.3.0-SNAPSHOT/hdds-server-scm-1.3.0-SNAPSHOT-tests.jar:/home/runner/.m2/repository/org/apache/ozone/hdds-container-service/1.3.0-SNAPSHOT/hdds-container-service-1.3.0-SNAPSHOT-tests.jar:/home/runner/.m2/repository/commons-codec/commons-codec/1.15/commons-codec-1.15.jar:/home/runner/.m2/repository/io/netty/netty-codec/4.1.79.Final/netty-codec-4.1.79.Final.jar:/home/runner/.m2/repository/io/netty/netty-handler/4.1.79.Final/netty-handler-4.1.79.Final.jar:/home/runner/.m2/repository/org/apache/ozone/hdds-hadoop-dependency-test/1.3.0-SNAPSHOT/hdds-hadoop-dependency-test-1.3.0-SNAPSHOT.jar:/home/runner/.m2/repository/org/apache/hadoop/hadoop-common/3.3.4/hadoop-common-3.3.4-tests.jar:/home/runner/.m2/repository/org/apache/hadoop/hadoop-hdfs/3.3.4/hadoop-hdfs-3.3.4-tests.jar:/home/runner/.m2/repository/org/assertj/assertj-core/3.12.2/assertj-core-3.12.2.jar:/home/runner/.m2/repository/org/apache/hadoop/hadoop-distcp/3.3.4/hadoop-distcp-3.3.4.jar:/home/runner/.m2/repository/org/apache/hadoop/hadoop-mapreduce-client-jobclient/3.3.4/hadoop-mapreduce-client-jobclient-3.3.4.jar:/home/runner/.m2/repository/org/apache/hadoop/hadoop-mapreduce-client-common/3.3.4/hadoop-mapreduce-client-common-3.3.4.jar:/home/runner/.m2/repository/org/apache/hadoop/hadoop-yarn-common/3.3.4/hadoop-yarn-common-3.3.4.jar:/home/runner/.m2/repository/org/apache/hadoop/hadoop-yarn-api/3.3.4/hadoop-yarn-api-3.3.4.jar:/home/runner/.m2/repository/com/sun/jersey/contribs/jersey-guice/1.19/jersey-guice-1.19.jar:/home/runner/.m2/repository/com/fasterxml/jackson/jaxrs/jackson-jaxrs-json-provider/2.13.4/jackson-jaxrs-json-provider-2.13.4.jar:/home/runner/.m2/repository/com/fasterxml/jackson/jaxrs/jackson-jaxrs-base/2.13.4/jackson-jaxrs-base-2.13.4.jar:/home/runner/.m2/repository/org/apache/hadoop/hadoop-yarn-client/3.3.4/hadoop-yarn-client-3.3.4.jar:/home/runner/.m2/repository/org/eclipse/jetty/websocket/websocket-client/9.4.43.v20210629/websocket-client-9.4.43.v20210629.jar:/home/runner/.m2/repository/org/eclipse/jetty/websocket/websocket-common/9.4.43.v20210629/websocket-common-9.4.43.v20210629.jar:/home/runner/.m2/repository/org/eclipse/jetty/websocket/websocket-api/9.4.43.v20210629/websocket-api-9.4.43.v20210629.jar:/home/runner/.m2/repository/org/jline/jline/3.9.0/jline-3.9.0.jar:/home/runner/.m2/repository/org/apache/hadoop/hadoop-mapreduce-client-core/3.3.4/hadoop-mapreduce-client-core-3.3.4.jar:/home/runner/.m2/repository/org/apache/avro/avro/1.7.7/avro-1.7.7.jar:/home/runner/.m2/repository/org/codehaus/jackson/jackson-core-asl/1.9.13/jackson-core-asl-1.9.13.jar:/home/runner/.m2/repository/org/codehaus/jackson/jackson-mapper-asl/1.9.13/jackson-mapper-asl-1.9.13.jar:/home/runner/.m2/repository/com/thoughtworks/paranamer/paranamer/2.3/paranamer-2.3.jar:/home/runner/.m2/repository/org/apache/hadoop/hadoop-annotations/3.3.4/hadoop-annotations-3.3.4.jar:/usr/lib/jvm/temurin-8-jdk-amd64/jre/../lib/tools.jar:/home/runner/.m2/repository/io/netty/netty/3.10.6.Final/netty-3.10.6.Final.jar:/home/runner/.m2/repository/org/apache/hadoop/hadoop-distcp/3.3.4/hadoop-distcp-3.3.4-tests.jar:/home/runner/.m2/repository/org/slf4j/jul-to-slf4j/1.7.36/jul-to-slf4j-1.7.36.jar:/home/runner/.m2/repository/org/apache/ratis/ratis-common/2.4.1/ratis-common-2.4.1.jar:/home/runner/.m2/repository/org/apache/ratis/ratis-thirdparty-misc/1.0.3/ratis-thirdparty-misc-1.0.3.jar:/home/runner/.m2/repository/org/apache/ratis/ratis-proto/2.4.1/ratis-proto-2.4.1.jar:"/>
    <property name="sun.cpu.endian" value="little"/>
    <property name="user.home" value="/home/runner"/>
    <property name="user.language" value="en"/>
    <property name="java.specification.vendor" value="Oracle Corporation"/>
    <property name="java.home" value="/usr/lib/jvm/temurin-8-jdk-amd64/jre"/>
    <property name="java.security.krb5.conf" value="/home/runner/work/ozone/ozone/hadoop-ozone/integration-test/target/test-classes/krb5.conf"/>
    <property name="basedir" value="/home/runner/work/ozone/ozone/hadoop-ozone/integration-test"/>
    <property name="file.separator" value="/"/>
    <property name="line.separator" value="&#10;"/>
    <property name="java.vm.specification.vendor" value="Oracle Corporation"/>
    <property name="java.specification.name" value="Java Platform API Specification"/>
    <property name="java.awt.graphicsenv" value="sun.awt.X11GraphicsEnvironment"/>
    <property name="skip.installnpx" value="true"/>
    <property name="surefire.real.class.path" value="/home/runner/work/ozone/ozone/hadoop-ozone/integration-test/target/surefire/surefirebooter834148382355240634.jar:/home/runner/.m2/repository/org/jacoco/org.jacoco.agent/0.8.5/org.jacoco.agent-0.8.5-runtime.jar"/>
    <property name="hadoop.log.dir" value="/home/runner/work/ozone/ozone/hadoop-ozone/integration-test/target/log"/>
    <property name="sun.boot.class.path" value="/usr/lib/jvm/temurin-8-jdk-amd64/jre/lib/resources.jar:/usr/lib/jvm/temurin-8-jdk-amd64/jre/lib/rt.jar:/usr/lib/jvm/temurin-8-jdk-amd64/jre/lib/sunrsasign.jar:/usr/lib/jvm/temurin-8-jdk-amd64/jre/lib/jsse.jar:/usr/lib/jvm/temurin-8-jdk-amd64/jre/lib/jce.jar:/usr/lib/jvm/temurin-8-jdk-amd64/jre/lib/charsets.jar:/usr/lib/jvm/temurin-8-jdk-amd64/jre/lib/jfr.jar:/usr/lib/jvm/temurin-8-jdk-amd64/jre/classes"/>
    <property name="sun.management.compiler" value="HotSpot 64-Bit Tiered Compilers"/>
    <property name="skip.npx" value="true"/>
    <property name="java.runtime.version" value="1.8.0_352-b08"/>
    <property name="java.net.preferIPv4Stack" value="true"/>
    <property name="user.name" value="runner"/>
    <property name="path.separator" value=":"/>
    <property name="java.security.egd" value="file:///dev/urandom"/>
    <property name="os.version" value="5.15.0-1023-azure"/>
    <property name="java.endorsed.dirs" value="/usr/lib/jvm/temurin-8-jdk-amd64/jre/lib/endorsed"/>
    <property name="java.runtime.name" value="OpenJDK Runtime Environment"/>
    <property name="file.encoding" value="UTF-8"/>
    <property name="java.vm.name" value="OpenJDK 64-Bit Server VM"/>
    <property name="test.build.webapps" value=""/>
    <property name="localRepository" value="/home/runner/.m2/repository"/>
    <property name="jetty.git.hash" value="4231a3b2e4cb8548a412a789936d640a97b1aa0a"/>
    <property name="java.vendor.url.bug" value="https://github.com/adoptium/adoptium-support/issues"/>
    <property name="java.io.tmpdir" value="/tmp"/>
    <property name="require.test.libhadoop" value=""/>
    <property name="java.version" value="1.8.0_352"/>
    <property name="user.dir" value="/home/runner/work/ozone/ozone/hadoop-ozone/integration-test"/>
    <property name="os.arch" value="amd64"/>
    <property name="java.vm.specification.name" value="Java Virtual Machine Specification"/>
    <property name="test.build.classes" value="/home/runner/work/ozone/ozone/hadoop-ozone/integration-test/target/test-classes"/>
    <property name="java.awt.printerjob" value="sun.print.PSPrinterJob"/>
    <property name="sun.os.patch.level" value="unknown"/>
    <property name="org.apache.ratis.thirdparty.io.netty.allocator.useCacheForAllThreads" value="false"/>
    <property name="hadoop.tmp.dir" value="/home/runner/work/ozone/ozone/hadoop-ozone/integration-test/target/tmp"/>
    <property name="java.library.path" value="/usr/java/packages/lib/amd64:/usr/lib64:/lib64:/lib:/usr/lib"/>
    <property name="java.vm.info" value="mixed mode"/>
    <property name="java.vendor" value="Temurin"/>
    <property name="java.vm.version" value="25.352-b08"/>
    <property name="java.specification.maintenance.version" value="4"/>
    <property name="java.ext.dirs" value="/usr/lib/jvm/temurin-8-jdk-amd64/jre/lib/ext:/usr/java/packages/lib/ext"/>
    <property name="sun.io.unicode.encoding" value="UnicodeLittle"/>
    <property name="java.class.version" value="52.0"/>
  </properties>
  <testcase name="testAutomaticPipelineCreationOnPipelineDestroy" classname="org.apache.hadoop.hdds.scm.pipeline.TestRatisPipelineCreateAndDestroy" time="95.847">
    <error type="java.util.concurrent.TimeoutException"><![CDATA[java.util.concurrent.TimeoutException: 
Timed out waiting for condition. Thread diagnostics:
Timestamp: 2022-12-02 11:13:37,978

"b564bb99-cd76-4902-8e37-bc5f128935f0@group-B70490D7C7CC-LeaderStateImpl" daemon prio=5 tid=530 timed_waiting
java.lang.Thread.State: TIMED_WAITING
        at sun.misc.Unsafe.park(Native Method)
        at java.util.concurrent.locks.LockSupport.parkNanos(LockSupport.java:215)
        at java.util.concurrent.locks.AbstractQueuedSynchronizer$ConditionObject.awaitNanos(AbstractQueuedSynchronizer.java:2078)
        at java.util.concurrent.ArrayBlockingQueue.poll(ArrayBlockingQueue.java:418)
        at org.apache.ratis.server.impl.LeaderStateImpl$EventQueue.poll(LeaderStateImpl.java:159)
        at org.apache.ratis.server.impl.LeaderStateImpl$EventProcessor.run(LeaderStateImpl.java:630)
"Session-HouseKeeper-43255f91-1"  prio=5 tid=118 timed_waiting
java.lang.Thread.State: TIMED_WAITING
        at sun.misc.Unsafe.park(Native Method)
        at java.util.concurrent.locks.LockSupport.parkNanos(LockSupport.java:215)
        at java.util.concurrent.locks.AbstractQueuedSynchronizer$ConditionObject.awaitNanos(AbstractQueuedSynchronizer.java:2078)
        at java.util.concurrent.ScheduledThreadPoolExecutor$DelayedWorkQueue.take(ScheduledThreadPoolExecutor.java:1093)
        at java.util.concurrent.ScheduledThreadPoolExecutor$DelayedWorkQueue.take(ScheduledThreadPoolExecutor.java:809)
        at java.util.concurrent.ThreadPoolExecutor.getTask(ThreadPoolExecutor.java:1074)
        at java.util.concurrent.ThreadPoolExecutor.runWorker(ThreadPoolExecutor.java:1134)
        at java.util.concurrent.ThreadPoolExecutor$Worker.run(ThreadPoolExecutor.java:624)
        at java.lang.Thread.run(Thread.java:750)
"pool-163-thread-1"  prio=5 tid=465 in Object.wait()
java.lang.Thread.State: WAITING (on object monitor)
        at sun.misc.Unsafe.park(Native Method)
        at java.util.concurrent.locks.LockSupport.park(LockSupport.java:175)
        at java.util.concurrent.locks.AbstractQueuedSynchronizer$ConditionObject.await(AbstractQueuedSynchronizer.java:2039)
        at java.util.concurrent.LinkedBlockingQueue.take(LinkedBlockingQueue.java:442)
        at java.util.concurrent.ThreadPoolExecutor.getTask(ThreadPoolExecutor.java:1074)
        at java.util.concurrent.ThreadPoolExecutor.runWorker(ThreadPoolExecutor.java:1134)
        at java.util.concurrent.ThreadPoolExecutor$Worker.run(ThreadPoolExecutor.java:624)
        at java.lang.Thread.run(Thread.java:750)
"3e07bada-20ca-43dd-a36a-6fd4f7654e72@group-9EF4914689B9-LeaderStateImpl" daemon prio=5 tid=614 timed_waiting
java.lang.Thread.State: TIMED_WAITING
        at sun.misc.Unsafe.park(Native Method)
        at java.util.concurrent.locks.LockSupport.parkNanos(LockSupport.java:215)
        at java.util.concurrent.locks.AbstractQueuedSynchronizer$ConditionObject.awaitNanos(AbstractQueuedSynchronizer.java:2078)
        at java.util.concurrent.ArrayBlockingQueue.poll(ArrayBlockingQueue.java:418)
        at org.apache.ratis.server.impl.LeaderStateImpl$EventQueue.poll(LeaderStateImpl.java:159)
        at org.apache.ratis.server.impl.LeaderStateImpl$EventProcessor.run(LeaderStateImpl.java:630)
"Session-HouseKeeper-30511454-1"  prio=5 tid=153 timed_waiting
java.lang.Thread.State: TIMED_WAITING
        at sun.misc.Unsafe.park(Native Method)
        at java.util.concurrent.locks.LockSupport.parkNanos(LockSupport.java:215)
        at java.util.concurrent.locks.AbstractQueuedSynchronizer$ConditionObject.awaitNanos(AbstractQueuedSynchronizer.java:2078)
        at java.util.concurrent.ScheduledThreadPoolExecutor$DelayedWorkQueue.take(ScheduledThreadPoolExecutor.java:1093)
        at java.util.concurrent.ScheduledThreadPoolExecutor$DelayedWorkQueue.take(ScheduledThreadPoolExecutor.java:809)
        at java.util.concurrent.ThreadPoolExecutor.getTask(ThreadPoolExecutor.java:1074)
        at java.util.concurrent.ThreadPoolExecutor.runWorker(ThreadPoolExecutor.java:1134)
        at java.util.concurrent.ThreadPoolExecutor$Worker.run(ThreadPoolExecutor.java:624)
        at java.lang.Thread.run(Thread.java:750)
"IPC Server handler 12 on default port 33929" daemon prio=5 tid=59 timed_waiting
java.lang.Thread.State: TIMED_WAITING
        at sun.misc.Unsafe.park(Native Method)
        at java.util.concurrent.locks.LockSupport.parkNanos(LockSupport.java:215)
        at java.util.concurrent.locks.AbstractQueuedSynchronizer$ConditionObject.awaitNanos(AbstractQueuedSynchronizer.java:2078)
        at java.util.concurrent.LinkedBlockingQueue.poll(LinkedBlockingQueue.java:467)
        at org.apache.hadoop.ipc.CallQueueManager.take(CallQueueManager.java:317)
        at org.apache.hadoop.ipc.Server$Handler.run(Server.java:2942)
"qtp1943878214-111-acceptor-0@69c43ecd-ServerConnector@4b37d1a4{HTTP/1.1, (http/1.1)}{0.0.0.0:39855}" daemon prio=3 tid=111 runnable
java.lang.Thread.State: RUNNABLE
        at sun.nio.ch.ServerSocketChannelImpl.accept0(Native Method)
        at sun.nio.ch.ServerSocketChannelImpl.accept(ServerSocketChannelImpl.java:421)
        at sun.nio.ch.ServerSocketChannelImpl.accept(ServerSocketChannelImpl.java:249)
        at org.eclipse.jetty.server.ServerConnector.accept(ServerConnector.java:388)
        at org.eclipse.jetty.server.AbstractConnector$Acceptor.run(AbstractConnector.java:704)
        at org.eclipse.jetty.util.thread.QueuedThreadPool.runJob(QueuedThreadPool.java:883)
        at org.eclipse.jetty.util.thread.QueuedThreadPool$Runner.run(QueuedThreadPool.java:1034)
        at java.lang.Thread.run(Thread.java:750)
"IPC Parameter Sending Thread #0" daemon prio=5 tid=123 timed_waiting
java.lang.Thread.State: TIMED_WAITING
        at sun.misc.Unsafe.park(Native Method)
        at java.util.concurrent.locks.LockSupport.parkNanos(LockSupport.java:215)
        at java.util.concurrent.SynchronousQueue$TransferStack.awaitFulfill(SynchronousQueue.java:460)
        at java.util.concurrent.SynchronousQueue$TransferStack.transfer(SynchronousQueue.java:362)
        at java.util.concurrent.SynchronousQueue.poll(SynchronousQueue.java:941)
        at java.util.concurrent.ThreadPoolExecutor.getTask(ThreadPoolExecutor.java:1073)
        at java.util.concurrent.ThreadPoolExecutor.runWorker(ThreadPoolExecutor.java:1134)
        at java.util.concurrent.ThreadPoolExecutor$Worker.run(ThreadPoolExecutor.java:624)
        at java.lang.Thread.run(Thread.java:750)
"pool-94-thread-1"  prio=5 tid=426 in Object.wait()
java.lang.Thread.State: WAITING (on object monitor)
        at sun.misc.Unsafe.park(Native Method)
        at java.util.concurrent.locks.LockSupport.park(LockSupport.java:175)
        at java.util.concurrent.locks.AbstractQueuedSynchronizer$ConditionObject.await(AbstractQueuedSynchronizer.java:2039)
        at java.util.concurrent.LinkedBlockingQueue.take(LinkedBlockingQueue.java:442)
        at java.util.concurrent.ThreadPoolExecutor.getTask(ThreadPoolExecutor.java:1074)
        at java.util.concurrent.ThreadPoolExecutor.runWorker(ThreadPoolExecutor.java:1134)
        at java.util.concurrent.ThreadPoolExecutor$Worker.run(ThreadPoolExecutor.java:624)
        at java.lang.Thread.run(Thread.java:750)
"IPC Server Responder" daemon prio=5 tid=133 runnable
java.lang.Thread.State: RUNNABLE
        at sun.nio.ch.EPollArrayWrapper.epollWait(Native Method)
        at sun.nio.ch.EPollArrayWrapper.poll(EPollArrayWrapper.java:269)
        at sun.nio.ch.EPollSelectorImpl.doSelect(EPollSelectorImpl.java:93)
        at sun.nio.ch.SelectorImpl.lockAndDoSelect(SelectorImpl.java:86)
        at sun.nio.ch.SelectorImpl.select(SelectorImpl.java:97)
        at org.apache.hadoop.ipc.Server$Responder.doRunLoop(Server.java:1532)
        at org.apache.hadoop.ipc.Server$Responder.run(Server.java:1515)
"IPC Server handler 16 on default port 39085" daemon prio=5 tid=170 timed_waiting
java.lang.Thread.State: TIMED_WAITING
        at sun.misc.Unsafe.park(Native Method)
        at java.util.concurrent.locks.LockSupport.parkNanos(LockSupport.java:215)
        at java.util.concurrent.locks.AbstractQueuedSynchronizer$ConditionObject.awaitNanos(AbstractQueuedSynchronizer.java:2078)
        at java.util.concurrent.LinkedBlockingQueue.poll(LinkedBlockingQueue.java:467)
        at org.apache.hadoop.ipc.CallQueueManager.take(CallQueueManager.java:317)
        at org.apache.hadoop.ipc.Server$Handler.run(Server.java:2942)
"ChunkWriter-3-0" daemon prio=5 tid=364 in Object.wait()
java.lang.Thread.State: WAITING (on object monitor)
        at sun.misc.Unsafe.park(Native Method)
        at java.util.concurrent.locks.LockSupport.park(LockSupport.java:175)
        at java.util.concurrent.locks.AbstractQueuedSynchronizer$ConditionObject.await(AbstractQueuedSynchronizer.java:2039)
        at java.util.concurrent.LinkedBlockingDeque.takeFirst(LinkedBlockingDeque.java:492)
        at java.util.concurrent.LinkedBlockingDeque.take(LinkedBlockingDeque.java:680)
        at java.util.concurrent.ThreadPoolExecutor.getTask(ThreadPoolExecutor.java:1074)
        at java.util.concurrent.ThreadPoolExecutor.runWorker(ThreadPoolExecutor.java:1134)
        at java.util.concurrent.ThreadPoolExecutor$Worker.run(ThreadPoolExecutor.java:624)
        at java.lang.Thread.run(Thread.java:750)
"BlockDeletingService#0" daemon prio=5 tid=355 in Object.wait()
java.lang.Thread.State: WAITING (on object monitor)
        at sun.misc.Unsafe.park(Native Method)
        at java.util.concurrent.locks.LockSupport.park(LockSupport.java:175)
        at java.util.concurrent.locks.AbstractQueuedSynchronizer$ConditionObject.await(AbstractQueuedSynchronizer.java:2039)
        at java.util.concurrent.ScheduledThreadPoolExecutor$DelayedWorkQueue.take(ScheduledThreadPoolExecutor.java:1088)
        at java.util.concurrent.ScheduledThreadPoolExecutor$DelayedWorkQueue.take(ScheduledThreadPoolExecutor.java:809)
        at java.util.concurrent.ThreadPoolExecutor.getTask(ThreadPoolExecutor.java:1074)
        at java.util.concurrent.ThreadPoolExecutor.runWorker(ThreadPoolExecutor.java:1134)
        at java.util.concurrent.ThreadPoolExecutor$Worker.run(ThreadPoolExecutor.java:624)
        at java.lang.Thread.run(Thread.java:750)
"IPC Server handler 11 on default port 45041" daemon prio=5 tid=78 timed_waiting
java.lang.Thread.State: TIMED_WAITING
        at sun.misc.Unsafe.park(Native Method)
        at java.util.concurrent.locks.LockSupport.parkNanos(LockSupport.java:215)
        at java.util.concurrent.locks.AbstractQueuedSynchronizer$ConditionObject.awaitNanos(AbstractQueuedSynchronizer.java:2078)
        at java.util.concurrent.LinkedBlockingQueue.poll(LinkedBlockingQueue.java:467)
        at org.apache.hadoop.ipc.CallQueueManager.take(CallQueueManager.java:317)
        at org.apache.hadoop.ipc.Server$Handler.run(Server.java:2942)
"pool-110-thread-1" daemon prio=5 tid=233 timed_waiting
java.lang.Thread.State: TIMED_WAITING
        at sun.misc.Unsafe.park(Native Method)
        at java.util.concurrent.locks.LockSupport.parkNanos(LockSupport.java:215)
        at java.util.concurrent.locks.AbstractQueuedSynchronizer$ConditionObject.awaitNanos(AbstractQueuedSynchronizer.java:2078)
        at java.util.concurrent.ScheduledThreadPoolExecutor$DelayedWorkQueue.take(ScheduledThreadPoolExecutor.java:1093)
        at java.util.concurrent.ScheduledThreadPoolExecutor$DelayedWorkQueue.take(ScheduledThreadPoolExecutor.java:809)
        at java.util.concurrent.ThreadPoolExecutor.getTask(ThreadPoolExecutor.java:1074)
        at java.util.concurrent.ThreadPoolExecutor.runWorker(ThreadPoolExecutor.java:1134)
        at java.util.concurrent.ThreadPoolExecutor$Worker.run(ThreadPoolExecutor.java:624)
        at java.lang.Thread.run(Thread.java:750)
"qtp1991397243-151" daemon prio=5 tid=151 timed_waiting
java.lang.Thread.State: TIMED_WAITING
        at sun.misc.Unsafe.park(Native Method)
        at java.util.concurrent.locks.LockSupport.parkNanos(LockSupport.java:215)
        at java.util.concurrent.locks.AbstractQueuedSynchronizer$ConditionObject.awaitNanos(AbstractQueuedSynchronizer.java:2078)
        at org.eclipse.jetty.util.BlockingArrayQueue.poll(BlockingArrayQueue.java:382)
        at org.eclipse.jetty.util.thread.QueuedThreadPool$Runner.idleJobPoll(QueuedThreadPool.java:974)
        at org.eclipse.jetty.util.thread.QueuedThreadPool$Runner.run(QueuedThreadPool.java:1018)
        at java.lang.Thread.run(Thread.java:750)
"BlockDeletingService#0" daemon prio=5 tid=410 in Object.wait()
java.lang.Thread.State: WAITING (on object monitor)
        at sun.misc.Unsafe.park(Native Method)
        at java.util.concurrent.locks.LockSupport.park(LockSupport.java:175)
        at java.util.concurrent.locks.AbstractQueuedSynchronizer$ConditionObject.await(AbstractQueuedSynchronizer.java:2039)
        at java.util.concurrent.ScheduledThreadPoolExecutor$DelayedWorkQueue.take(ScheduledThreadPoolExecutor.java:1088)
        at java.util.concurrent.ScheduledThreadPoolExecutor$DelayedWorkQueue.take(ScheduledThreadPoolExecutor.java:809)
        at java.util.concurrent.ThreadPoolExecutor.getTask(ThreadPoolExecutor.java:1074)
        at java.util.concurrent.ThreadPoolExecutor.runWorker(ThreadPoolExecutor.java:1134)
        at java.util.concurrent.ThreadPoolExecutor$Worker.run(ThreadPoolExecutor.java:624)
        at java.lang.Thread.run(Thread.java:750)
"ChunkWriter-1-0" daemon prio=5 tid=405 in Object.wait()
java.lang.Thread.State: WAITING (on object monitor)
        at sun.misc.Unsafe.park(Native Method)
        at java.util.concurrent.locks.LockSupport.park(LockSupport.java:175)
        at java.util.concurrent.locks.AbstractQueuedSynchronizer$ConditionObject.await(AbstractQueuedSynchronizer.java:2039)
        at java.util.concurrent.LinkedBlockingDeque.takeFirst(LinkedBlockingDeque.java:492)
        at java.util.concurrent.LinkedBlockingDeque.take(LinkedBlockingDeque.java:680)
        at java.util.concurrent.ThreadPoolExecutor.getTask(ThreadPoolExecutor.java:1074)
        at java.util.concurrent.ThreadPoolExecutor.runWorker(ThreadPoolExecutor.java:1134)
        at java.util.concurrent.ThreadPoolExecutor$Worker.run(ThreadPoolExecutor.java:624)
        at java.lang.Thread.run(Thread.java:750)
"Datanode ReportManager Thread - 3" daemon prio=5 tid=315 in Object.wait()
java.lang.Thread.State: WAITING (on object monitor)
        at sun.misc.Unsafe.park(Native Method)
        at java.util.concurrent.locks.LockSupport.park(LockSupport.java:175)
        at java.util.concurrent.locks.AbstractQueuedSynchronizer$ConditionObject.await(AbstractQueuedSynchronizer.java:2039)
        at java.util.concurrent.ScheduledThreadPoolExecutor$DelayedWorkQueue.take(ScheduledThreadPoolExecutor.java:1088)
        at java.util.concurrent.ScheduledThreadPoolExecutor$DelayedWorkQueue.take(ScheduledThreadPoolExecutor.java:809)
        at java.util.concurrent.ThreadPoolExecutor.getTask(ThreadPoolExecutor.java:1074)
        at java.util.concurrent.ThreadPoolExecutor.runWorker(ThreadPoolExecutor.java:1134)
        at java.util.concurrent.ThreadPoolExecutor$Worker.run(ThreadPoolExecutor.java:624)
        at java.lang.Thread.run(Thread.java:750)
"BlockDeletingService#1" daemon prio=5 tid=382 timed_waiting
java.lang.Thread.State: TIMED_WAITING
        at sun.misc.Unsafe.park(Native Method)
        at java.util.concurrent.locks.LockSupport.parkNanos(LockSupport.java:215)
        at java.util.concurrent.locks.AbstractQueuedSynchronizer$ConditionObject.awaitNanos(AbstractQueuedSynchronizer.java:2078)
        at java.util.concurrent.ScheduledThreadPoolExecutor$DelayedWorkQueue.take(ScheduledThreadPoolExecutor.java:1093)
        at java.util.concurrent.ScheduledThreadPoolExecutor$DelayedWorkQueue.take(ScheduledThreadPoolExecutor.java:809)
        at java.util.concurrent.ThreadPoolExecutor.getTask(ThreadPoolExecutor.java:1074)
        at java.util.concurrent.ThreadPoolExecutor.runWorker(ThreadPoolExecutor.java:1134)
        at java.util.concurrent.ThreadPoolExecutor$Worker.run(ThreadPoolExecutor.java:624)
        at java.lang.Thread.run(Thread.java:750)
"om1@group-C5BA1605619E-LeaderStateImpl" daemon prio=5 tid=194 timed_waiting
java.lang.Thread.State: TIMED_WAITING
        at sun.misc.Unsafe.park(Native Method)
        at java.util.concurrent.locks.LockSupport.parkNanos(LockSupport.java:215)
        at java.util.concurrent.locks.AbstractQueuedSynchronizer$ConditionObject.awaitNanos(AbstractQueuedSynchronizer.java:2078)
        at java.util.concurrent.ArrayBlockingQueue.poll(ArrayBlockingQueue.java:418)
        at org.apache.ratis.server.impl.LeaderStateImpl$EventQueue.poll(LeaderStateImpl.java:159)
        at org.apache.ratis.server.impl.LeaderStateImpl$EventProcessor.run(LeaderStateImpl.java:630)
"qtp1991397243-147" daemon prio=5 tid=147 timed_waiting
java.lang.Thread.State: TIMED_WAITING
        at sun.misc.Unsafe.park(Native Method)
        at java.util.concurrent.locks.LockSupport.parkNanos(LockSupport.java:215)
        at java.util.concurrent.locks.AbstractQueuedSynchronizer$ConditionObject.awaitNanos(AbstractQueuedSynchronizer.java:2078)
        at org.eclipse.jetty.util.BlockingArrayQueue.poll(BlockingArrayQueue.java:382)
        at org.eclipse.jetty.util.thread.QueuedThreadPool$Runner.idleJobPoll(QueuedThreadPool.java:974)
        at org.eclipse.jetty.util.thread.QueuedThreadPool$Runner.run(QueuedThreadPool.java:1018)
        at java.lang.Thread.run(Thread.java:750)
"DatanodeAdminManager-0" daemon prio=5 tid=22 timed_waiting
java.lang.Thread.State: TIMED_WAITING
        at sun.misc.Unsafe.park(Native Method)
        at java.util.concurrent.locks.LockSupport.parkNanos(LockSupport.java:215)
        at java.util.concurrent.locks.AbstractQueuedSynchronizer$ConditionObject.awaitNanos(AbstractQueuedSynchronizer.java:2078)
        at java.util.concurrent.ScheduledThreadPoolExecutor$DelayedWorkQueue.take(ScheduledThreadPoolExecutor.java:1093)
        at java.util.concurrent.ScheduledThreadPoolExecutor$DelayedWorkQueue.take(ScheduledThreadPoolExecutor.java:809)
        at java.util.concurrent.ThreadPoolExecutor.getTask(ThreadPoolExecutor.java:1074)
        at java.util.concurrent.ThreadPoolExecutor.runWorker(ThreadPoolExecutor.java:1134)
        at java.util.concurrent.ThreadPoolExecutor$Worker.run(ThreadPoolExecutor.java:624)
        at java.lang.Thread.run(Thread.java:750)
"Timer for 'StorageContainerManager' metrics system" daemon prio=5 tid=46 timed_waiting
java.lang.Thread.State: TIMED_WAITING
        at java.lang.Object.wait(Native Method)
        at java.util.TimerThread.mainLoop(Timer.java:552)
        at java.util.TimerThread.run(Timer.java:505)
"IPC Server handler 5 on default port 39085" daemon prio=5 tid=159 timed_waiting
java.lang.Thread.State: TIMED_WAITING
        at sun.misc.Unsafe.park(Native Method)
        at java.util.concurrent.locks.LockSupport.parkNanos(LockSupport.java:215)
        at java.util.concurrent.locks.AbstractQueuedSynchronizer$ConditionObject.awaitNanos(AbstractQueuedSynchronizer.java:2078)
        at java.util.concurrent.LinkedBlockingQueue.poll(LinkedBlockingQueue.java:467)
        at org.apache.hadoop.ipc.CallQueueManager.take(CallQueueManager.java:317)
        at org.apache.hadoop.ipc.Server$Handler.run(Server.java:2942)
"BlockDeletingService#1" daemon prio=5 tid=312 timed_waiting
java.lang.Thread.State: TIMED_WAITING
        at sun.misc.Unsafe.park(Native Method)
        at java.util.concurrent.locks.LockSupport.parkNanos(LockSupport.java:215)
        at java.util.concurrent.locks.AbstractQueuedSynchronizer$ConditionObject.awaitNanos(AbstractQueuedSynchronizer.java:2078)
        at java.util.concurrent.ScheduledThreadPoolExecutor$DelayedWorkQueue.take(ScheduledThreadPoolExecutor.java:1093)
        at java.util.concurrent.ScheduledThreadPoolExecutor$DelayedWorkQueue.take(ScheduledThreadPoolExecutor.java:809)
        at java.util.concurrent.ThreadPoolExecutor.getTask(ThreadPoolExecutor.java:1074)
        at java.util.concurrent.ThreadPoolExecutor.runWorker(ThreadPoolExecutor.java:1134)
        at java.util.concurrent.ThreadPoolExecutor$Worker.run(ThreadPoolExecutor.java:624)
        at java.lang.Thread.run(Thread.java:750)
"qtp134722204-187" daemon prio=5 tid=187 timed_waiting
java.lang.Thread.State: TIMED_WAITING
        at sun.misc.Unsafe.park(Native Method)
        at java.util.concurrent.locks.LockSupport.parkNanos(LockSupport.java:215)
        at java.util.concurrent.locks.AbstractQueuedSynchronizer$ConditionObject.awaitNanos(AbstractQueuedSynchronizer.java:2078)
        at org.eclipse.jetty.util.BlockingArrayQueue.poll(BlockingArrayQueue.java:382)
        at org.eclipse.jetty.util.thread.QueuedThreadPool$Runner.idleJobPoll(QueuedThreadPool.java:974)
        at org.eclipse.jetty.util.thread.QueuedThreadPool$Runner.run(QueuedThreadPool.java:1018)
        at java.lang.Thread.run(Thread.java:750)
"3e07bada-20ca-43dd-a36a-6fd4f7654e72@group-7403BEF566E9-LeaderStateImpl" daemon prio=5 tid=505 timed_waiting
java.lang.Thread.State: TIMED_WAITING
        at sun.misc.Unsafe.park(Native Method)
        at java.util.concurrent.locks.LockSupport.parkNanos(LockSupport.java:215)
        at java.util.concurrent.locks.AbstractQueuedSynchronizer$ConditionObject.awaitNanos(AbstractQueuedSynchronizer.java:2078)
        at java.util.concurrent.ArrayBlockingQueue.poll(ArrayBlockingQueue.java:418)
        at org.apache.ratis.server.impl.LeaderStateImpl$EventQueue.poll(LeaderStateImpl.java:159)
        at org.apache.ratis.server.impl.LeaderStateImpl$EventProcessor.run(LeaderStateImpl.java:630)
"Datanode State Machine Daemon Thread" daemon prio=5 tid=340 timed_waiting
java.lang.Thread.State: TIMED_WAITING
        at java.lang.Thread.sleep(Native Method)
        at org.apache.hadoop.ozone.container.common.statemachine.DatanodeStateMachine.startStateMachineThread(DatanodeStateMachine.java:321)
        at org.apache.hadoop.ozone.container.common.statemachine.DatanodeStateMachine.lambda$startDaemon$0(DatanodeStateMachine.java:506)
        at org.apache.hadoop.ozone.container.common.statemachine.DatanodeStateMachine$$Lambda$833/577239715.run(Unknown Source)
        at java.lang.Thread.run(Thread.java:750)
"IPC Server handler 6 on default port 33039" daemon prio=5 tid=93 timed_waiting
java.lang.Thread.State: TIMED_WAITING
        at sun.misc.Unsafe.park(Native Method)
        at java.util.concurrent.locks.LockSupport.parkNanos(LockSupport.java:215)
        at java.util.concurrent.locks.AbstractQueuedSynchronizer$ConditionObject.awaitNanos(AbstractQueuedSynchronizer.java:2078)
        at java.util.concurrent.LinkedBlockingQueue.poll(LinkedBlockingQueue.java:467)
        at org.apache.hadoop.ipc.CallQueueManager.take(CallQueueManager.java:317)
        at org.apache.hadoop.ipc.Server$Handler.run(Server.java:2942)
"IPC Server handler 4 on default port 45041" daemon prio=5 tid=71 timed_waiting
java.lang.Thread.State: TIMED_WAITING
        at sun.misc.Unsafe.park(Native Method)
        at java.util.concurrent.locks.LockSupport.parkNanos(LockSupport.java:215)
        at java.util.concurrent.locks.AbstractQueuedSynchronizer$ConditionObject.awaitNanos(AbstractQueuedSynchronizer.java:2078)
        at java.util.concurrent.LinkedBlockingQueue.poll(LinkedBlockingQueue.java:467)
        at org.apache.hadoop.ipc.CallQueueManager.take(CallQueueManager.java:317)
        at org.apache.hadoop.ipc.Server$Handler.run(Server.java:2942)
"ChunkWriter-2-0" daemon prio=5 tid=363 in Object.wait()
java.lang.Thread.State: WAITING (on object monitor)
        at sun.misc.Unsafe.park(Native Method)
        at java.util.concurrent.locks.LockSupport.park(LockSupport.java:175)
        at java.util.concurrent.locks.AbstractQueuedSynchronizer$ConditionObject.await(AbstractQueuedSynchronizer.java:2039)
        at java.util.concurrent.LinkedBlockingDeque.takeFirst(LinkedBlockingDeque.java:492)
        at java.util.concurrent.LinkedBlockingDeque.take(LinkedBlockingDeque.java:680)
        at java.util.concurrent.ThreadPoolExecutor.getTask(ThreadPoolExecutor.java:1074)
        at java.util.concurrent.ThreadPoolExecutor.runWorker(ThreadPoolExecutor.java:1134)
        at java.util.concurrent.ThreadPoolExecutor$Worker.run(ThreadPoolExecutor.java:624)
        at java.lang.Thread.run(Thread.java:750)
"IPC Server handler 16 on default port 33929" daemon prio=5 tid=63 timed_waiting
java.lang.Thread.State: TIMED_WAITING
        at sun.misc.Unsafe.park(Native Method)
        at java.util.concurrent.locks.LockSupport.parkNanos(LockSupport.java:215)
        at java.util.concurrent.locks.AbstractQueuedSynchronizer$ConditionObject.awaitNanos(AbstractQueuedSynchronizer.java:2078)
        at java.util.concurrent.LinkedBlockingQueue.poll(LinkedBlockingQueue.java:467)
        at org.apache.hadoop.ipc.CallQueueManager.take(CallQueueManager.java:317)
        at org.apache.hadoop.ipc.Server$Handler.run(Server.java:2942)
"Datanode State Machine Task Thread - 0"  prio=5 tid=281 in Object.wait()
java.lang.Thread.State: WAITING (on object monitor)
        at sun.misc.Unsafe.park(Native Method)
        at java.util.concurrent.locks.LockSupport.park(LockSupport.java:175)
        at java.util.concurrent.locks.AbstractQueuedSynchronizer$ConditionObject.await(AbstractQueuedSynchronizer.java:2039)
        at java.util.concurrent.LinkedBlockingQueue.take(LinkedBlockingQueue.java:442)
        at java.util.concurrent.ThreadPoolExecutor.getTask(ThreadPoolExecutor.java:1074)
        at java.util.concurrent.ThreadPoolExecutor.runWorker(ThreadPoolExecutor.java:1134)
        at java.util.concurrent.ThreadPoolExecutor$Worker.run(ThreadPoolExecutor.java:624)
        at java.lang.Thread.run(Thread.java:750)
"qtp1991397243-148" daemon prio=5 tid=148 timed_waiting
java.lang.Thread.State: TIMED_WAITING
        at sun.misc.Unsafe.park(Native Method)
        at java.util.concurrent.locks.LockSupport.parkNanos(LockSupport.java:215)
        at java.util.concurrent.locks.AbstractQueuedSynchronizer$ConditionObject.awaitNanos(AbstractQueuedSynchronizer.java:2078)
        at org.eclipse.jetty.util.BlockingArrayQueue.poll(BlockingArrayQueue.java:382)
        at org.eclipse.jetty.util.thread.QueuedThreadPool$Runner.idleJobPoll(QueuedThreadPool.java:974)
        at org.eclipse.jetty.util.thread.QueuedThreadPool$Runner.run(QueuedThreadPool.java:1018)
        at java.lang.Thread.run(Thread.java:750)
"org.apache.hadoop.ozone.container.common.statemachine.commandhandler.DeleteBlocksCommandHandler$DeleteCmdWorker@19199df" daemon prio=5 tid=288 timed_waiting
java.lang.Thread.State: TIMED_WAITING
        at java.lang.Thread.sleep(Native Method)
        at org.apache.hadoop.ozone.container.common.statemachine.commandhandler.DeleteBlocksCommandHandler$DeleteCmdWorker.run(DeleteBlocksCommandHandler.java:184)
        at java.lang.Thread.run(Thread.java:750)
"EndpointStateMachine task thread for /0.0.0.0:33039 - 0 "  prio=5 tid=403 in Object.wait()
java.lang.Thread.State: WAITING (on object monitor)
        at sun.misc.Unsafe.park(Native Method)
        at java.util.concurrent.locks.LockSupport.park(LockSupport.java:175)
        at java.util.concurrent.locks.AbstractQueuedSynchronizer$ConditionObject.await(AbstractQueuedSynchronizer.java:2039)
        at java.util.concurrent.LinkedBlockingQueue.take(LinkedBlockingQueue.java:442)
        at java.util.concurrent.ThreadPoolExecutor.getTask(ThreadPoolExecutor.java:1074)
        at java.util.concurrent.ThreadPoolExecutor.runWorker(ThreadPoolExecutor.java:1134)
        at java.util.concurrent.ThreadPoolExecutor$Worker.run(ThreadPoolExecutor.java:624)
        at java.lang.Thread.run(Thread.java:750)
"grpc-default-executor-7" daemon prio=5 tid=580 timed_waiting
java.lang.Thread.State: TIMED_WAITING
        at sun.misc.Unsafe.park(Native Method)
        at java.util.concurrent.locks.LockSupport.parkNanos(LockSupport.java:215)
        at java.util.concurrent.SynchronousQueue$TransferStack.awaitFulfill(SynchronousQueue.java:460)
        at java.util.concurrent.SynchronousQueue$TransferStack.transfer(SynchronousQueue.java:362)
        at java.util.concurrent.SynchronousQueue.poll(SynchronousQueue.java:941)
        at java.util.concurrent.ThreadPoolExecutor.getTask(ThreadPoolExecutor.java:1073)
        at java.util.concurrent.ThreadPoolExecutor.runWorker(ThreadPoolExecutor.java:1134)
        at java.util.concurrent.ThreadPoolExecutor$Worker.run(ThreadPoolExecutor.java:624)
        at java.lang.Thread.run(Thread.java:750)
"FixedThreadPoolWithAffinityExecutor-2-0" daemon prio=5 tid=38 timed_waiting
java.lang.Thread.State: TIMED_WAITING
        at sun.misc.Unsafe.park(Native Method)
        at java.util.concurrent.locks.LockSupport.parkNanos(LockSupport.java:215)
        at java.util.concurrent.locks.AbstractQueuedSynchronizer$ConditionObject.awaitNanos(AbstractQueuedSynchronizer.java:2078)
        at java.util.concurrent.LinkedBlockingQueue.poll(LinkedBlockingQueue.java:467)
        at org.apache.hadoop.hdds.scm.server.ContainerReportQueue.poll(ContainerReportQueue.java:266)
        at org.apache.hadoop.hdds.scm.server.ContainerReportQueue.poll(ContainerReportQueue.java:42)
        at org.apache.hadoop.hdds.server.events.FixedThreadPoolWithAffinityExecutor$ContainerReportProcessTask.run(FixedThreadPoolWithAffinityExecutor.java:248)
        at java.util.concurrent.Executors$RunnableAdapter.call(Executors.java:511)
        at java.util.concurrent.FutureTask.run(FutureTask.java:266)
        at java.util.concurrent.ThreadPoolExecutor.runWorker(ThreadPoolExecutor.java:1149)
        at java.util.concurrent.ThreadPoolExecutor$Worker.run(ThreadPoolExecutor.java:624)
        at java.lang.Thread.run(Thread.java:750)
"StaleRecoveringContainerScrubbingService#0" daemon prio=5 tid=380 in Object.wait()
java.lang.Thread.State: WAITING (on object monitor)
        at sun.misc.Unsafe.park(Native Method)
        at java.util.concurrent.locks.LockSupport.park(LockSupport.java:175)
        at java.util.concurrent.locks.AbstractQueuedSynchronizer$ConditionObject.await(AbstractQueuedSynchronizer.java:2039)
        at java.util.concurrent.ScheduledThreadPoolExecutor$DelayedWorkQueue.take(ScheduledThreadPoolExecutor.java:1088)
        at java.util.concurrent.ScheduledThreadPoolExecutor$DelayedWorkQueue.take(ScheduledThreadPoolExecutor.java:809)
        at java.util.concurrent.ThreadPoolExecutor.getTask(ThreadPoolExecutor.java:1074)
        at java.util.concurrent.ThreadPoolExecutor.runWorker(ThreadPoolExecutor.java:1134)
        at java.util.concurrent.ThreadPoolExecutor$Worker.run(ThreadPoolExecutor.java:624)
        at java.lang.Thread.run(Thread.java:750)
"qtp1943878214-112" daemon prio=5 tid=112 timed_waiting
java.lang.Thread.State: TIMED_WAITING
        at sun.misc.Unsafe.park(Native Method)
        at java.util.concurrent.locks.LockSupport.parkNanos(LockSupport.java:215)
        at java.util.concurrent.locks.AbstractQueuedSynchronizer$ConditionObject.awaitNanos(AbstractQueuedSynchronizer.java:2078)
        at org.eclipse.jetty.util.BlockingArrayQueue.poll(BlockingArrayQueue.java:382)
        at org.eclipse.jetty.util.thread.QueuedThreadPool$Runner.idleJobPoll(QueuedThreadPool.java:974)
        at org.eclipse.jetty.util.thread.QueuedThreadPool$Runner.run(QueuedThreadPool.java:1018)
        at java.lang.Thread.run(Thread.java:750)
"Session-HouseKeeper-21baa851-1"  prio=5 tid=192 timed_waiting
java.lang.Thread.State: TIMED_WAITING
        at sun.misc.Unsafe.park(Native Method)
        at java.util.concurrent.locks.LockSupport.parkNanos(LockSupport.java:215)
        at java.util.concurrent.locks.AbstractQueuedSynchronizer$ConditionObject.awaitNanos(AbstractQueuedSynchronizer.java:2078)
        at java.util.concurrent.ScheduledThreadPoolExecutor$DelayedWorkQueue.take(ScheduledThreadPoolExecutor.java:1093)
        at java.util.concurrent.ScheduledThreadPoolExecutor$DelayedWorkQueue.take(ScheduledThreadPoolExecutor.java:809)
        at java.util.concurrent.ThreadPoolExecutor.getTask(ThreadPoolExecutor.java:1074)
        at java.util.concurrent.ThreadPoolExecutor.runWorker(ThreadPoolExecutor.java:1134)
        at java.util.concurrent.ThreadPoolExecutor$Worker.run(ThreadPoolExecutor.java:624)
        at java.lang.Thread.run(Thread.java:750)
"qtp1943878214-114" daemon prio=5 tid=114 timed_waiting
java.lang.Thread.State: TIMED_WAITING
        at sun.misc.Unsafe.park(Native Method)
        at java.util.concurrent.locks.LockSupport.parkNanos(LockSupport.java:215)
        at java.util.concurrent.locks.AbstractQueuedSynchronizer$ConditionObject.awaitNanos(AbstractQueuedSynchronizer.java:2078)
        at org.eclipse.jetty.util.BlockingArrayQueue.poll(BlockingArrayQueue.java:382)
        at org.eclipse.jetty.util.thread.QueuedThreadPool$Runner.idleJobPoll(QueuedThreadPool.java:974)
        at org.eclipse.jetty.util.thread.QueuedThreadPool$Runner.run(QueuedThreadPool.java:1018)
        at java.lang.Thread.run(Thread.java:750)
"Reference Handler" daemon prio=10 tid=2 in Object.wait()
java.lang.Thread.State: WAITING (on object monitor)
        at java.lang.Object.wait(Native Method)
        at java.lang.Object.wait(Object.java:502)
        at java.lang.ref.Reference.tryHandlePending(Reference.java:191)
        at java.lang.ref.Reference$ReferenceHandler.run(Reference.java:153)
"IPC Server Responder" daemon prio=5 tid=27 runnable
java.lang.Thread.State: RUNNABLE
        at sun.nio.ch.EPollArrayWrapper.epollWait(Native Method)
        at sun.nio.ch.EPollArrayWrapper.poll(EPollArrayWrapper.java:269)
        at sun.nio.ch.EPollSelectorImpl.doSelect(EPollSelectorImpl.java:93)
        at sun.nio.ch.SelectorImpl.lockAndDoSelect(SelectorImpl.java:86)
        at sun.nio.ch.SelectorImpl.select(SelectorImpl.java:97)
        at org.apache.hadoop.ipc.Server$Responder.doRunLoop(Server.java:1532)
        at org.apache.hadoop.ipc.Server$Responder.run(Server.java:1515)
"IPC Server handler 18 on default port 39085" daemon prio=5 tid=172 timed_waiting
java.lang.Thread.State: TIMED_WAITING
        at sun.misc.Unsafe.park(Native Method)
        at java.util.concurrent.locks.LockSupport.parkNanos(LockSupport.java:215)
        at java.util.concurrent.locks.AbstractQueuedSynchronizer$ConditionObject.awaitNanos(AbstractQueuedSynchronizer.java:2078)
        at java.util.concurrent.LinkedBlockingQueue.poll(LinkedBlockingQueue.java:467)
        at org.apache.hadoop.ipc.CallQueueManager.take(CallQueueManager.java:317)
        at org.apache.hadoop.ipc.Server$Handler.run(Server.java:2942)
"64d479e5-fe0e-4358-9b9b-67f62582a254-server-thread1" daemon prio=5 tid=619 timed_waiting
java.lang.Thread.State: TIMED_WAITING
        at sun.misc.Unsafe.park(Native Method)
        at java.util.concurrent.locks.LockSupport.parkNanos(LockSupport.java:215)
        at java.util.concurrent.SynchronousQueue$TransferStack.awaitFulfill(SynchronousQueue.java:460)
        at java.util.concurrent.SynchronousQueue$TransferStack.transfer(SynchronousQueue.java:362)
        at java.util.concurrent.SynchronousQueue.poll(SynchronousQueue.java:941)
        at java.util.concurrent.ThreadPoolExecutor.getTask(ThreadPoolExecutor.java:1073)
        at java.util.concurrent.ThreadPoolExecutor.runWorker(ThreadPoolExecutor.java:1134)
        at java.util.concurrent.ThreadPoolExecutor$Worker.run(ThreadPoolExecutor.java:624)
        at java.lang.Thread.run(Thread.java:750)
"grpc-default-boss-ELG-1-1" daemon prio=5 tid=138 runnable
java.lang.Thread.State: RUNNABLE
        at org.apache.ratis.thirdparty.io.netty.channel.epoll.Native.epollWait(Native Method)
        at org.apache.ratis.thirdparty.io.netty.channel.epoll.Native.epollWait(Native.java:209)
        at org.apache.ratis.thirdparty.io.netty.channel.epoll.Native.epollWait(Native.java:202)
        at org.apache.ratis.thirdparty.io.netty.channel.epoll.EpollEventLoop.epollWaitNoTimerChange(EpollEventLoop.java:294)
        at org.apache.ratis.thirdparty.io.netty.channel.epoll.EpollEventLoop.run(EpollEventLoop.java:351)
        at org.apache.ratis.thirdparty.io.netty.util.concurrent.SingleThreadEventExecutor$4.run(SingleThreadEventExecutor.java:995)
        at org.apache.ratis.thirdparty.io.netty.util.internal.ThreadExecutorMap$2.run(ThreadExecutorMap.java:74)
        at org.apache.ratis.thirdparty.io.netty.util.concurrent.FastThreadLocalRunnable.run(FastThreadLocalRunnable.java:30)
        at java.lang.Thread.run(Thread.java:750)
"BlockDeletingService#1" daemon prio=5 tid=369 timed_waiting
java.lang.Thread.State: TIMED_WAITING
        at sun.misc.Unsafe.park(Native Method)
        at java.util.concurrent.locks.LockSupport.parkNanos(LockSupport.java:215)
        at java.util.concurrent.locks.AbstractQueuedSynchronizer$ConditionObject.awaitNanos(AbstractQueuedSynchronizer.java:2078)
        at java.util.concurrent.ScheduledThreadPoolExecutor$DelayedWorkQueue.take(ScheduledThreadPoolExecutor.java:1093)
        at java.util.concurrent.ScheduledThreadPoolExecutor$DelayedWorkQueue.take(ScheduledThreadPoolExecutor.java:809)
        at java.util.concurrent.ThreadPoolExecutor.getTask(ThreadPoolExecutor.java:1074)
        at java.util.concurrent.ThreadPoolExecutor.runWorker(ThreadPoolExecutor.java:1134)
        at java.util.concurrent.ThreadPoolExecutor$Worker.run(ThreadPoolExecutor.java:624)
        at java.lang.Thread.run(Thread.java:750)
"StaleRecoveringContainerScrubbingService#0" daemon prio=5 tid=399 in Object.wait()
java.lang.Thread.State: WAITING (on object monitor)
        at sun.misc.Unsafe.park(Native Method)
        at java.util.concurrent.locks.LockSupport.park(LockSupport.java:175)
        at java.util.concurrent.locks.AbstractQueuedSynchronizer$ConditionObject.await(AbstractQueuedSynchronizer.java:2039)
        at java.util.concurrent.ScheduledThreadPoolExecutor$DelayedWorkQueue.take(ScheduledThreadPoolExecutor.java:1088)
        at java.util.concurrent.ScheduledThreadPoolExecutor$DelayedWorkQueue.take(ScheduledThreadPoolExecutor.java:809)
        at java.util.concurrent.ThreadPoolExecutor.getTask(ThreadPoolExecutor.java:1074)
        at java.util.concurrent.ThreadPoolExecutor.runWorker(ThreadPoolExecutor.java:1134)
        at java.util.concurrent.ThreadPoolExecutor$Worker.run(ThreadPoolExecutor.java:624)
        at java.lang.Thread.run(Thread.java:750)
"IPC Server handler 8 on default port 45041" daemon prio=5 tid=75 timed_waiting
java.lang.Thread.State: TIMED_WAITING
        at sun.misc.Unsafe.park(Native Method)
        at java.util.concurrent.locks.LockSupport.parkNanos(LockSupport.java:215)
        at java.util.concurrent.locks.AbstractQueuedSynchronizer$ConditionObject.awaitNanos(AbstractQueuedSynchronizer.java:2078)
        at java.util.concurrent.LinkedBlockingQueue.poll(LinkedBlockingQueue.java:467)
        at org.apache.hadoop.ipc.CallQueueManager.take(CallQueueManager.java:317)
        at org.apache.hadoop.ipc.Server$Handler.run(Server.java:2942)
"qtp82017445-239-acceptor-0@78c0d59f-ServerConnector@41a56ad9{HTTP/1.1, (http/1.1)}{0.0.0.0:42167}" daemon prio=3 tid=239 runnable
java.lang.Thread.State: RUNNABLE
        at sun.nio.ch.ServerSocketChannelImpl.accept0(Native Method)
        at sun.nio.ch.ServerSocketChannelImpl.accept(ServerSocketChannelImpl.java:421)
        at sun.nio.ch.ServerSocketChannelImpl.accept(ServerSocketChannelImpl.java:249)
        at org.eclipse.jetty.server.ServerConnector.accept(ServerConnector.java:388)
        at org.eclipse.jetty.server.AbstractConnector$Acceptor.run(AbstractConnector.java:704)
        at org.eclipse.jetty.util.thread.QueuedThreadPool.runJob(QueuedThreadPool.java:883)
        at org.eclipse.jetty.util.thread.QueuedThreadPool$Runner.run(QueuedThreadPool.java:1034)
        at java.lang.Thread.run(Thread.java:750)
"Datanode ReportManager Thread - 2" daemon prio=5 tid=343 in Object.wait()
java.lang.Thread.State: WAITING (on object monitor)
        at sun.misc.Unsafe.park(Native Method)
        at java.util.concurrent.locks.LockSupport.park(LockSupport.java:175)
        at java.util.concurrent.locks.AbstractQueuedSynchronizer$ConditionObject.await(AbstractQueuedSynchronizer.java:2039)
        at java.util.concurrent.ScheduledThreadPoolExecutor$DelayedWorkQueue.take(ScheduledThreadPoolExecutor.java:1088)
        at java.util.concurrent.ScheduledThreadPoolExecutor$DelayedWorkQueue.take(ScheduledThreadPoolExecutor.java:809)
        at java.util.concurrent.ThreadPoolExecutor.getTask(ThreadPoolExecutor.java:1074)
        at java.util.concurrent.ThreadPoolExecutor.runWorker(ThreadPoolExecutor.java:1134)
        at java.util.concurrent.ThreadPoolExecutor$Worker.run(ThreadPoolExecutor.java:624)
        at java.lang.Thread.run(Thread.java:750)
"DirectoryDeletingService#0" daemon prio=5 tid=142 timed_waiting
java.lang.Thread.State: TIMED_WAITING
        at sun.misc.Unsafe.park(Native Method)
        at java.util.concurrent.locks.LockSupport.parkNanos(LockSupport.java:215)
        at java.util.concurrent.locks.AbstractQueuedSynchronizer$ConditionObject.awaitNanos(AbstractQueuedSynchronizer.java:2078)
        at java.util.concurrent.ScheduledThreadPoolExecutor$DelayedWorkQueue.take(ScheduledThreadPoolExecutor.java:1093)
        at java.util.concurrent.ScheduledThreadPoolExecutor$DelayedWorkQueue.take(ScheduledThreadPoolExecutor.java:809)
        at java.util.concurrent.ThreadPoolExecutor.getTask(ThreadPoolExecutor.java:1074)
        at java.util.concurrent.ThreadPoolExecutor.runWorker(ThreadPoolExecutor.java:1134)
        at java.util.concurrent.ThreadPoolExecutor$Worker.run(ThreadPoolExecutor.java:624)
        at java.lang.Thread.run(Thread.java:750)
"org.apache.hadoop.util.JvmPauseMonitor$Monitor@b791e6e" daemon prio=5 tid=108 timed_waiting
java.lang.Thread.State: TIMED_WAITING
        at java.lang.Thread.sleep(Native Method)
        at org.apache.hadoop.util.JvmPauseMonitor$Monitor.run(JvmPauseMonitor.java:192)
        at java.lang.Thread.run(Thread.java:750)
"ChunkWriter-2-0" daemon prio=5 tid=351 in Object.wait()
java.lang.Thread.State: WAITING (on object monitor)
        at sun.misc.Unsafe.park(Native Method)
        at java.util.concurrent.locks.LockSupport.park(LockSupport.java:175)
        at java.util.concurrent.locks.AbstractQueuedSynchronizer$ConditionObject.await(AbstractQueuedSynchronizer.java:2039)
        at java.util.concurrent.LinkedBlockingDeque.takeFirst(LinkedBlockingDeque.java:492)
        at java.util.concurrent.LinkedBlockingDeque.take(LinkedBlockingDeque.java:680)
        at java.util.concurrent.ThreadPoolExecutor.getTask(ThreadPoolExecutor.java:1074)
        at java.util.concurrent.ThreadPoolExecutor.runWorker(ThreadPoolExecutor.java:1134)
        at java.util.concurrent.ThreadPoolExecutor$Worker.run(ThreadPoolExecutor.java:624)
        at java.lang.Thread.run(Thread.java:750)
"qtp1737696383-293" daemon prio=5 tid=293 timed_waiting
java.lang.Thread.State: TIMED_WAITING
        at sun.misc.Unsafe.park(Native Method)
        at java.util.concurrent.locks.LockSupport.parkNanos(LockSupport.java:215)
        at java.util.concurrent.locks.AbstractQueuedSynchronizer$ConditionObject.awaitNanos(AbstractQueuedSynchronizer.java:2078)
        at org.eclipse.jetty.util.BlockingArrayQueue.poll(BlockingArrayQueue.java:382)
        at org.eclipse.jetty.util.thread.QueuedThreadPool$Runner.idleJobPoll(QueuedThreadPool.java:974)
        at org.eclipse.jetty.util.thread.QueuedThreadPool$Runner.run(QueuedThreadPool.java:1018)
        at java.lang.Thread.run(Thread.java:750)
"qtp1650164347-213-acceptor-0@65912fb-ServerConnector@40d572d3{HTTP/1.1, (http/1.1)}{0.0.0.0:36827}" daemon prio=3 tid=213 runnable
java.lang.Thread.State: RUNNABLE
        at sun.nio.ch.ServerSocketChannelImpl.accept0(Native Method)
        at sun.nio.ch.ServerSocketChannelImpl.accept(ServerSocketChannelImpl.java:421)
        at sun.nio.ch.ServerSocketChannelImpl.accept(ServerSocketChannelImpl.java:249)
        at org.eclipse.jetty.server.ServerConnector.accept(ServerConnector.java:388)
        at org.eclipse.jetty.server.AbstractConnector$Acceptor.run(AbstractConnector.java:704)
        at org.eclipse.jetty.util.thread.QueuedThreadPool.runJob(QueuedThreadPool.java:883)
        at org.eclipse.jetty.util.thread.QueuedThreadPool$Runner.run(QueuedThreadPool.java:1034)
        at java.lang.Thread.run(Thread.java:750)
"IPC Server handler 19 on default port 33039" daemon prio=5 tid=106 timed_waiting
java.lang.Thread.State: TIMED_WAITING
        at sun.misc.Unsafe.park(Native Method)
        at java.util.concurrent.locks.LockSupport.parkNanos(LockSupport.java:215)
        at java.util.concurrent.locks.AbstractQueuedSynchronizer$ConditionObject.awaitNanos(AbstractQueuedSynchronizer.java:2078)
        at java.util.concurrent.LinkedBlockingQueue.poll(LinkedBlockingQueue.java:467)
        at org.apache.hadoop.ipc.CallQueueManager.take(CallQueueManager.java:317)
        at org.apache.hadoop.ipc.Server$Handler.run(Server.java:2942)
"grpc-default-executor-0" daemon prio=5 tid=424 timed_waiting
java.lang.Thread.State: TIMED_WAITING
        at sun.misc.Unsafe.park(Native Method)
        at java.util.concurrent.locks.LockSupport.parkNanos(LockSupport.java:215)
        at java.util.concurrent.SynchronousQueue$TransferStack.awaitFulfill(SynchronousQueue.java:460)
        at java.util.concurrent.SynchronousQueue$TransferStack.transfer(SynchronousQueue.java:362)
        at java.util.concurrent.SynchronousQueue.poll(SynchronousQueue.java:941)
        at java.util.concurrent.ThreadPoolExecutor.getTask(ThreadPoolExecutor.java:1073)
        at java.util.concurrent.ThreadPoolExecutor.runWorker(ThreadPoolExecutor.java:1134)
        at java.util.concurrent.ThreadPoolExecutor$Worker.run(ThreadPoolExecutor.java:624)
        at java.lang.Thread.run(Thread.java:750)
"Datanode ReportManager Thread - 4" daemon prio=5 tid=278 timed_waiting
java.lang.Thread.State: TIMED_WAITING
        at sun.misc.Unsafe.park(Native Method)
        at java.util.concurrent.locks.LockSupport.parkNanos(LockSupport.java:215)
        at java.util.concurrent.locks.AbstractQueuedSynchronizer$ConditionObject.awaitNanos(AbstractQueuedSynchronizer.java:2078)
        at java.util.concurrent.ScheduledThreadPoolExecutor$DelayedWorkQueue.take(ScheduledThreadPoolExecutor.java:1093)
        at java.util.concurrent.ScheduledThreadPoolExecutor$DelayedWorkQueue.take(ScheduledThreadPoolExecutor.java:809)
        at java.util.concurrent.ThreadPoolExecutor.getTask(ThreadPoolExecutor.java:1074)
        at java.util.concurrent.ThreadPoolExecutor.runWorker(ThreadPoolExecutor.java:1134)
        at java.util.concurrent.ThreadPoolExecutor$Worker.run(ThreadPoolExecutor.java:624)
        at java.lang.Thread.run(Thread.java:750)
"EventQueue-CommandQueueReportForCommandQueueReportHandler" daemon prio=5 tid=414 in Object.wait()
java.lang.Thread.State: WAITING (on object monitor)
        at sun.misc.Unsafe.park(Native Method)
        at java.util.concurrent.locks.LockSupport.park(LockSupport.java:175)
        at java.util.concurrent.locks.AbstractQueuedSynchronizer$ConditionObject.await(AbstractQueuedSynchronizer.java:2039)
        at java.util.concurrent.LinkedBlockingQueue.take(LinkedBlockingQueue.java:442)
        at java.util.concurrent.ThreadPoolExecutor.getTask(ThreadPoolExecutor.java:1074)
        at java.util.concurrent.ThreadPoolExecutor.runWorker(ThreadPoolExecutor.java:1134)
        at java.util.concurrent.ThreadPoolExecutor$Worker.run(ThreadPoolExecutor.java:624)
        at java.lang.Thread.run(Thread.java:750)
"PartialTableCache Cleanup Thread - 0" daemon prio=5 tid=626 in Object.wait()
java.lang.Thread.State: WAITING (on object monitor)
        at sun.misc.Unsafe.park(Native Method)
        at java.util.concurrent.locks.LockSupport.park(LockSupport.java:175)
        at java.util.concurrent.locks.AbstractQueuedSynchronizer$ConditionObject.await(AbstractQueuedSynchronizer.java:2039)
        at java.util.concurrent.LinkedBlockingQueue.take(LinkedBlockingQueue.java:442)
        at java.util.concurrent.ThreadPoolExecutor.getTask(ThreadPoolExecutor.java:1074)
        at java.util.concurrent.ThreadPoolExecutor.runWorker(ThreadPoolExecutor.java:1134)
        at java.util.concurrent.ThreadPoolExecutor$Worker.run(ThreadPoolExecutor.java:624)
        at java.lang.Thread.run(Thread.java:750)
"qtp82017445-242" daemon prio=5 tid=242 timed_waiting
java.lang.Thread.State: TIMED_WAITING
        at sun.misc.Unsafe.park(Native Method)
        at java.util.concurrent.locks.LockSupport.parkNanos(LockSupport.java:215)
        at java.util.concurrent.locks.AbstractQueuedSynchronizer$ConditionObject.awaitNanos(AbstractQueuedSynchronizer.java:2078)
        at org.eclipse.jetty.util.BlockingArrayQueue.poll(BlockingArrayQueue.java:382)
        at org.eclipse.jetty.util.thread.QueuedThreadPool$Runner.idleJobPoll(QueuedThreadPool.java:974)
        at org.eclipse.jetty.util.thread.QueuedThreadPool$Runner.run(QueuedThreadPool.java:1018)
        at java.lang.Thread.run(Thread.java:750)
"BlockDeletingService#2" daemon prio=5 tid=632 in Object.wait()
java.lang.Thread.State: WAITING (on object monitor)
        at sun.misc.Unsafe.park(Native Method)
        at java.util.concurrent.locks.LockSupport.park(LockSupport.java:175)
        at java.util.concurrent.locks.AbstractQueuedSynchronizer$ConditionObject.await(AbstractQueuedSynchronizer.java:2039)
        at java.util.concurrent.ScheduledThreadPoolExecutor$DelayedWorkQueue.take(ScheduledThreadPoolExecutor.java:1088)
        at java.util.concurrent.ScheduledThreadPoolExecutor$DelayedWorkQueue.take(ScheduledThreadPoolExecutor.java:809)
        at java.util.concurrent.ThreadPoolExecutor.getTask(ThreadPoolExecutor.java:1074)
        at java.util.concurrent.ThreadPoolExecutor.runWorker(ThreadPoolExecutor.java:1134)
        at java.util.concurrent.ThreadPoolExecutor$Worker.run(ThreadPoolExecutor.java:624)
        at java.lang.Thread.run(Thread.java:750)
"qtp1366704802-268" daemon prio=5 tid=268 timed_waiting
java.lang.Thread.State: TIMED_WAITING
        at sun.misc.Unsafe.park(Native Method)
        at java.util.concurrent.locks.LockSupport.parkNanos(LockSupport.java:215)
        at java.util.concurrent.locks.AbstractQueuedSynchronizer$ConditionObject.awaitNanos(AbstractQueuedSynchronizer.java:2078)
        at org.eclipse.jetty.util.BlockingArrayQueue.poll(BlockingArrayQueue.java:382)
        at org.eclipse.jetty.util.thread.QueuedThreadPool$Runner.idleJobPoll(QueuedThreadPool.java:974)
        at org.eclipse.jetty.util.thread.QueuedThreadPool$Runner.run(QueuedThreadPool.java:1018)
        at java.lang.Thread.run(Thread.java:750)
"Datanode ReportManager Thread - 0" daemon prio=5 tid=274 in Object.wait()
java.lang.Thread.State: WAITING (on object monitor)
        at sun.misc.Unsafe.park(Native Method)
        at java.util.concurrent.locks.LockSupport.park(LockSupport.java:175)
        at java.util.concurrent.locks.AbstractQueuedSynchronizer$ConditionObject.await(AbstractQueuedSynchronizer.java:2039)
        at java.util.concurrent.ScheduledThreadPoolExecutor$DelayedWorkQueue.take(ScheduledThreadPoolExecutor.java:1088)
        at java.util.concurrent.ScheduledThreadPoolExecutor$DelayedWorkQueue.take(ScheduledThreadPoolExecutor.java:809)
        at java.util.concurrent.ThreadPoolExecutor.getTask(ThreadPoolExecutor.java:1074)
        at java.util.concurrent.ThreadPoolExecutor.runWorker(ThreadPoolExecutor.java:1134)
        at java.util.concurrent.ThreadPoolExecutor$Worker.run(ThreadPoolExecutor.java:624)
        at java.lang.Thread.run(Thread.java:750)
"IPC Server handler 13 on default port 45041" daemon prio=5 tid=80 timed_waiting
java.lang.Thread.State: TIMED_WAITING
        at sun.misc.Unsafe.park(Native Method)
        at java.util.concurrent.locks.LockSupport.parkNanos(LockSupport.java:215)
        at java.util.concurrent.locks.AbstractQueuedSynchronizer$ConditionObject.awaitNanos(AbstractQueuedSynchronizer.java:2078)
        at java.util.concurrent.LinkedBlockingQueue.poll(LinkedBlockingQueue.java:467)
        at org.apache.hadoop.ipc.CallQueueManager.take(CallQueueManager.java:317)
        at org.apache.hadoop.ipc.Server$Handler.run(Server.java:2942)
"StaleRecoveringContainerScrubbingService#1" daemon prio=5 tid=320 timed_waiting
java.lang.Thread.State: TIMED_WAITING
        at sun.misc.Unsafe.park(Native Method)
        at java.util.concurrent.locks.LockSupport.parkNanos(LockSupport.java:215)
        at java.util.concurrent.locks.AbstractQueuedSynchronizer$ConditionObject.awaitNanos(AbstractQueuedSynchronizer.java:2078)
        at java.util.concurrent.ScheduledThreadPoolExecutor$DelayedWorkQueue.take(ScheduledThreadPoolExecutor.java:1093)
        at java.util.concurrent.ScheduledThreadPoolExecutor$DelayedWorkQueue.take(ScheduledThreadPoolExecutor.java:809)
        at java.util.concurrent.ThreadPoolExecutor.getTask(ThreadPoolExecutor.java:1074)
        at java.util.concurrent.ThreadPoolExecutor.runWorker(ThreadPoolExecutor.java:1134)
        at java.util.concurrent.ThreadPoolExecutor$Worker.run(ThreadPoolExecutor.java:624)
        at java.lang.Thread.run(Thread.java:750)
"Command processor thread" daemon prio=5 tid=253 timed_waiting
java.lang.Thread.State: TIMED_WAITING
        at java.lang.Thread.sleep(Native Method)
        at org.apache.hadoop.ozone.container.common.statemachine.DatanodeStateMachine.lambda$initCommandHandlerThread$3(DatanodeStateMachine.java:641)
        at org.apache.hadoop.ozone.container.common.statemachine.DatanodeStateMachine$$Lambda$835/1298573744.run(Unknown Source)
        at java.lang.Thread.run(Thread.java:750)
"qtp1366704802-266" daemon prio=5 tid=266 timed_waiting
java.lang.Thread.State: TIMED_WAITING
        at sun.misc.Unsafe.park(Native Method)
        at java.util.concurrent.locks.LockSupport.parkNanos(LockSupport.java:215)
        at java.util.concurrent.locks.AbstractQueuedSynchronizer$ConditionObject.awaitNanos(AbstractQueuedSynchronizer.java:2078)
        at org.eclipse.jetty.util.BlockingArrayQueue.poll(BlockingArrayQueue.java:382)
        at org.eclipse.jetty.util.thread.QueuedThreadPool$Runner.idleJobPoll(QueuedThreadPool.java:974)
        at org.eclipse.jetty.util.thread.QueuedThreadPool$Runner.run(QueuedThreadPool.java:1018)
        at java.lang.Thread.run(Thread.java:750)
"org.apache.hadoop.util.JvmPauseMonitor$Monitor@5b3a0057" daemon prio=5 tid=254 timed_waiting
java.lang.Thread.State: TIMED_WAITING
        at java.lang.Thread.sleep(Native Method)
        at org.apache.hadoop.util.JvmPauseMonitor$Monitor.run(JvmPauseMonitor.java:192)
        at java.lang.Thread.run(Thread.java:750)
"ChunkWriter-1-0" daemon prio=5 tid=303 in Object.wait()
java.lang.Thread.State: WAITING (on object monitor)
        at sun.misc.Unsafe.park(Native Method)
        at java.util.concurrent.locks.LockSupport.park(LockSupport.java:175)
        at java.util.concurrent.locks.AbstractQueuedSynchronizer$ConditionObject.await(AbstractQueuedSynchronizer.java:2039)
        at java.util.concurrent.LinkedBlockingDeque.takeFirst(LinkedBlockingDeque.java:492)
        at java.util.concurrent.LinkedBlockingDeque.take(LinkedBlockingDeque.java:680)
        at java.util.concurrent.ThreadPoolExecutor.getTask(ThreadPoolExecutor.java:1074)
        at java.util.concurrent.ThreadPoolExecutor.runWorker(ThreadPoolExecutor.java:1134)
        at java.util.concurrent.ThreadPoolExecutor$Worker.run(ThreadPoolExecutor.java:624)
        at java.lang.Thread.run(Thread.java:750)
"EventQueue-OpenPipelineForHealthyPipelineSafeModeRule" daemon prio=5 tid=419 in Object.wait()
java.lang.Thread.State: WAITING (on object monitor)
        at sun.misc.Unsafe.park(Native Method)
        at java.util.concurrent.locks.LockSupport.park(LockSupport.java:175)
        at java.util.concurrent.locks.AbstractQueuedSynchronizer$ConditionObject.await(AbstractQueuedSynchronizer.java:2039)
        at java.util.concurrent.LinkedBlockingQueue.take(LinkedBlockingQueue.java:442)
        at java.util.concurrent.ThreadPoolExecutor.getTask(ThreadPoolExecutor.java:1074)
        at java.util.concurrent.ThreadPoolExecutor.runWorker(ThreadPoolExecutor.java:1134)
        at java.util.concurrent.ThreadPoolExecutor$Worker.run(ThreadPoolExecutor.java:624)
        at java.lang.Thread.run(Thread.java:750)
"Session-HouseKeeper-56af11fc-1"  prio=5 tid=220 timed_waiting
java.lang.Thread.State: TIMED_WAITING
        at sun.misc.Unsafe.park(Native Method)
        at java.util.concurrent.locks.LockSupport.parkNanos(LockSupport.java:215)
        at java.util.concurrent.locks.AbstractQueuedSynchronizer$ConditionObject.awaitNanos(AbstractQueuedSynchronizer.java:2078)
        at java.util.concurrent.ScheduledThreadPoolExecutor$DelayedWorkQueue.take(ScheduledThreadPoolExecutor.java:1093)
        at java.util.concurrent.ScheduledThreadPoolExecutor$DelayedWorkQueue.take(ScheduledThreadPoolExecutor.java:809)
        at java.util.concurrent.ThreadPoolExecutor.getTask(ThreadPoolExecutor.java:1074)
        at java.util.concurrent.ThreadPoolExecutor.runWorker(ThreadPoolExecutor.java:1134)
        at java.util.concurrent.ThreadPoolExecutor$Worker.run(ThreadPoolExecutor.java:624)
        at java.lang.Thread.run(Thread.java:750)
"IPC Server handler 16 on default port 33039" daemon prio=5 tid=103 timed_waiting
java.lang.Thread.State: TIMED_WAITING
        at sun.misc.Unsafe.park(Native Method)
        at java.util.concurrent.locks.LockSupport.parkNanos(LockSupport.java:215)
        at java.util.concurrent.locks.AbstractQueuedSynchronizer$ConditionObject.awaitNanos(AbstractQueuedSynchronizer.java:2078)
        at java.util.concurrent.LinkedBlockingQueue.poll(LinkedBlockingQueue.java:467)
        at org.apache.hadoop.ipc.CallQueueManager.take(CallQueueManager.java:317)
        at org.apache.hadoop.ipc.Server$Handler.run(Server.java:2942)
"IPC Server handler 9 on default port 33039" daemon prio=5 tid=96 timed_waiting
java.lang.Thread.State: TIMED_WAITING
        at sun.misc.Unsafe.park(Native Method)
        at java.util.concurrent.locks.LockSupport.parkNanos(LockSupport.java:215)
        at java.util.concurrent.locks.AbstractQueuedSynchronizer$ConditionObject.awaitNanos(AbstractQueuedSynchronizer.java:2078)
        at java.util.concurrent.LinkedBlockingQueue.poll(LinkedBlockingQueue.java:467)
        at org.apache.hadoop.ipc.CallQueueManager.take(CallQueueManager.java:317)
        at org.apache.hadoop.ipc.Server$Handler.run(Server.java:2942)
"ChunkWriter-0-0" daemon prio=5 tid=302 in Object.wait()
java.lang.Thread.State: WAITING (on object monitor)
        at sun.misc.Unsafe.park(Native Method)
        at java.util.concurrent.locks.LockSupport.park(LockSupport.java:175)
        at java.util.concurrent.locks.AbstractQueuedSynchronizer$ConditionObject.await(AbstractQueuedSynchronizer.java:2039)
        at java.util.concurrent.LinkedBlockingDeque.takeFirst(LinkedBlockingDeque.java:492)
        at java.util.concurrent.LinkedBlockingDeque.take(LinkedBlockingDeque.java:680)
        at java.util.concurrent.ThreadPoolExecutor.getTask(ThreadPoolExecutor.java:1074)
        at java.util.concurrent.ThreadPoolExecutor.runWorker(ThreadPoolExecutor.java:1134)
        at java.util.concurrent.ThreadPoolExecutor$Worker.run(ThreadPoolExecutor.java:624)
        at java.lang.Thread.run(Thread.java:750)
"BlockDeletingService#2" daemon prio=5 tid=637 in Object.wait()
java.lang.Thread.State: WAITING (on object monitor)
        at sun.misc.Unsafe.park(Native Method)
        at java.util.concurrent.locks.LockSupport.park(LockSupport.java:175)
        at java.util.concurrent.locks.AbstractQueuedSynchronizer$ConditionObject.await(AbstractQueuedSynchronizer.java:2039)
        at java.util.concurrent.ScheduledThreadPoolExecutor$DelayedWorkQueue.take(ScheduledThreadPoolExecutor.java:1088)
        at java.util.concurrent.ScheduledThreadPoolExecutor$DelayedWorkQueue.take(ScheduledThreadPoolExecutor.java:809)
        at java.util.concurrent.ThreadPoolExecutor.getTask(ThreadPoolExecutor.java:1074)
        at java.util.concurrent.ThreadPoolExecutor.runWorker(ThreadPoolExecutor.java:1134)
        at java.util.concurrent.ThreadPoolExecutor$Worker.run(ThreadPoolExecutor.java:624)
        at java.lang.Thread.run(Thread.java:750)
"Datanode ReportManager Thread - 0" daemon prio=5 tid=311 in Object.wait()
java.lang.Thread.State: WAITING (on object monitor)
        at sun.misc.Unsafe.park(Native Method)
        at java.util.concurrent.locks.LockSupport.park(LockSupport.java:175)
        at java.util.concurrent.locks.AbstractQueuedSynchronizer$ConditionObject.await(AbstractQueuedSynchronizer.java:2039)
        at java.util.concurrent.ScheduledThreadPoolExecutor$DelayedWorkQueue.take(ScheduledThreadPoolExecutor.java:1088)
        at java.util.concurrent.ScheduledThreadPoolExecutor$DelayedWorkQueue.take(ScheduledThreadPoolExecutor.java:809)
        at java.util.concurrent.ThreadPoolExecutor.getTask(ThreadPoolExecutor.java:1074)
        at java.util.concurrent.ThreadPoolExecutor.runWorker(ThreadPoolExecutor.java:1134)
        at java.util.concurrent.ThreadPoolExecutor$Worker.run(ThreadPoolExecutor.java:624)
        at java.lang.Thread.run(Thread.java:750)
"IPC Server handler 15 on default port 33039" daemon prio=5 tid=102 timed_waiting
java.lang.Thread.State: TIMED_WAITING
        at sun.misc.Unsafe.park(Native Method)
        at java.util.concurrent.locks.LockSupport.parkNanos(LockSupport.java:215)
        at java.util.concurrent.locks.AbstractQueuedSynchronizer$ConditionObject.awaitNanos(AbstractQueuedSynchronizer.java:2078)
        at java.util.concurrent.LinkedBlockingQueue.poll(LinkedBlockingQueue.java:467)
        at org.apache.hadoop.ipc.CallQueueManager.take(CallQueueManager.java:317)
        at org.apache.hadoop.ipc.Server$Handler.run(Server.java:2942)
"qtp1366704802-270" daemon prio=5 tid=270 timed_waiting
java.lang.Thread.State: TIMED_WAITING
        at sun.misc.Unsafe.park(Native Method)
        at java.util.concurrent.locks.LockSupport.parkNanos(LockSupport.java:215)
        at java.util.concurrent.locks.AbstractQueuedSynchronizer$ConditionObject.awaitNanos(AbstractQueuedSynchronizer.java:2078)
        at org.eclipse.jetty.util.BlockingArrayQueue.poll(BlockingArrayQueue.java:382)
        at org.eclipse.jetty.util.thread.QueuedThreadPool$Runner.idleJobPoll(QueuedThreadPool.java:974)
        at org.eclipse.jetty.util.thread.QueuedThreadPool$Runner.run(QueuedThreadPool.java:1018)
        at java.lang.Thread.run(Thread.java:750)
"timer3" daemon prio=5 tid=550 timed_waiting
java.lang.Thread.State: TIMED_WAITING
        at java.lang.Object.wait(Native Method)
        at java.util.TimerThread.mainLoop(Timer.java:552)
        at java.util.TimerThread.run(Timer.java:505)
"ChunkWriter-2-0" daemon prio=5 tid=304 in Object.wait()
java.lang.Thread.State: WAITING (on object monitor)
        at sun.misc.Unsafe.park(Native Method)
        at java.util.concurrent.locks.LockSupport.park(LockSupport.java:175)
        at java.util.concurrent.locks.AbstractQueuedSynchronizer$ConditionObject.await(AbstractQueuedSynchronizer.java:2039)
        at java.util.concurrent.LinkedBlockingDeque.takeFirst(LinkedBlockingDeque.java:492)
        at java.util.concurrent.LinkedBlockingDeque.take(LinkedBlockingDeque.java:680)
        at java.util.concurrent.ThreadPoolExecutor.getTask(ThreadPoolExecutor.java:1074)
        at java.util.concurrent.ThreadPoolExecutor.runWorker(ThreadPoolExecutor.java:1134)
        at java.util.concurrent.ThreadPoolExecutor$Worker.run(ThreadPoolExecutor.java:624)
        at java.lang.Thread.run(Thread.java:750)
"64d479e5-fe0e-4358-9b9b-67f62582a254@group-B4A6CDCEE827-StateMachineUpdater" daemon prio=5 tid=418 timed_waiting
java.lang.Thread.State: TIMED_WAITING
        at sun.misc.Unsafe.park(Native Method)
        at java.util.concurrent.locks.LockSupport.parkNanos(LockSupport.java:215)
        at java.util.concurrent.CompletableFuture$Signaller.block(CompletableFuture.java:1709)
        at java.util.concurrent.ForkJoinPool.managedBlock(ForkJoinPool.java:3323)
        at java.util.concurrent.CompletableFuture.timedGet(CompletableFuture.java:1788)
        at java.util.concurrent.CompletableFuture.get(CompletableFuture.java:1928)
        at org.apache.ratis.util.AwaitForSignal.await(AwaitForSignal.java:56)
        at org.apache.ratis.server.impl.StateMachineUpdater.waitForCommit(StateMachineUpdater.java:207)
        at org.apache.ratis.server.impl.StateMachineUpdater.run(StateMachineUpdater.java:176)
        at java.lang.Thread.run(Thread.java:750)
"qtp82017445-245" daemon prio=5 tid=245 timed_waiting
java.lang.Thread.State: TIMED_WAITING
        at sun.misc.Unsafe.park(Native Method)
        at java.util.concurrent.locks.LockSupport.parkNanos(LockSupport.java:215)
        at java.util.concurrent.locks.AbstractQueuedSynchronizer$ConditionObject.awaitNanos(AbstractQueuedSynchronizer.java:2078)
        at org.eclipse.jetty.util.BlockingArrayQueue.poll(BlockingArrayQueue.java:382)
        at org.eclipse.jetty.util.thread.QueuedThreadPool$Runner.idleJobPoll(QueuedThreadPool.java:974)
        at org.eclipse.jetty.util.thread.QueuedThreadPool$Runner.run(QueuedThreadPool.java:1018)
        at java.lang.Thread.run(Thread.java:750)
"pool-30-thread-1"  prio=5 tid=109 timed_waiting
java.lang.Thread.State: TIMED_WAITING
        at sun.misc.Unsafe.park(Native Method)
        at java.util.concurrent.locks.LockSupport.parkNanos(LockSupport.java:215)
        at java.util.concurrent.locks.AbstractQueuedSynchronizer$ConditionObject.awaitNanos(AbstractQueuedSynchronizer.java:2078)
        at java.util.concurrent.ScheduledThreadPoolExecutor$DelayedWorkQueue.take(ScheduledThreadPoolExecutor.java:1093)
        at java.util.concurrent.ScheduledThreadPoolExecutor$DelayedWorkQueue.take(ScheduledThreadPoolExecutor.java:809)
        at java.util.concurrent.ThreadPoolExecutor.getTask(ThreadPoolExecutor.java:1074)
        at java.util.concurrent.ThreadPoolExecutor.runWorker(ThreadPoolExecutor.java:1134)
        at java.util.concurrent.ThreadPoolExecutor$Worker.run(ThreadPoolExecutor.java:624)
        at java.lang.Thread.run(Thread.java:750)
"IPC Server handler 8 on default port 33039" daemon prio=5 tid=95 timed_waiting
java.lang.Thread.State: TIMED_WAITING
        at sun.misc.Unsafe.park(Native Method)
        at java.util.concurrent.locks.LockSupport.parkNanos(LockSupport.java:215)
        at java.util.concurrent.locks.AbstractQueuedSynchronizer$ConditionObject.awaitNanos(AbstractQueuedSynchronizer.java:2078)
        at java.util.concurrent.LinkedBlockingQueue.poll(LinkedBlockingQueue.java:467)
        at org.apache.hadoop.ipc.CallQueueManager.take(CallQueueManager.java:317)
        at org.apache.hadoop.ipc.Server$Handler.run(Server.java:2942)
"org.apache.hadoop.util.JvmPauseMonitor$Monitor@76916183" daemon prio=5 tid=347 timed_waiting
java.lang.Thread.State: TIMED_WAITING
        at java.lang.Thread.sleep(Native Method)
        at org.apache.hadoop.util.JvmPauseMonitor$Monitor.run(JvmPauseMonitor.java:192)
        at java.lang.Thread.run(Thread.java:750)
"IPC Server handler 4 on default port 33039" daemon prio=5 tid=91 timed_waiting
java.lang.Thread.State: TIMED_WAITING
        at sun.misc.Unsafe.park(Native Method)
        at java.util.concurrent.locks.LockSupport.parkNanos(LockSupport.java:215)
        at java.util.concurrent.locks.AbstractQueuedSynchronizer$ConditionObject.awaitNanos(AbstractQueuedSynchronizer.java:2078)
        at java.util.concurrent.LinkedBlockingQueue.poll(LinkedBlockingQueue.java:467)
        at org.apache.hadoop.ipc.CallQueueManager.take(CallQueueManager.java:317)
        at org.apache.hadoop.ipc.Server$Handler.run(Server.java:2942)
"IPC Server handler 3 on default port 33039" daemon prio=5 tid=90 timed_waiting
java.lang.Thread.State: TIMED_WAITING
        at sun.misc.Unsafe.park(Native Method)
        at java.util.concurrent.locks.LockSupport.parkNanos(LockSupport.java:215)
        at java.util.concurrent.locks.AbstractQueuedSynchronizer$ConditionObject.awaitNanos(AbstractQueuedSynchronizer.java:2078)
        at java.util.concurrent.LinkedBlockingQueue.poll(LinkedBlockingQueue.java:467)
        at org.apache.hadoop.ipc.CallQueueManager.take(CallQueueManager.java:317)
        at org.apache.hadoop.ipc.Server$Handler.run(Server.java:2942)
"EndpointStateMachine task thread for /0.0.0.0:33039 - 0 "  prio=5 tid=360 in Object.wait()
java.lang.Thread.State: WAITING (on object monitor)
        at sun.misc.Unsafe.park(Native Method)
        at java.util.concurrent.locks.LockSupport.park(LockSupport.java:175)
        at java.util.concurrent.locks.AbstractQueuedSynchronizer$ConditionObject.await(AbstractQueuedSynchronizer.java:2039)
        at java.util.concurrent.LinkedBlockingQueue.take(LinkedBlockingQueue.java:442)
        at java.util.concurrent.ThreadPoolExecutor.getTask(ThreadPoolExecutor.java:1074)
        at java.util.concurrent.ThreadPoolExecutor.runWorker(ThreadPoolExecutor.java:1134)
        at java.util.concurrent.ThreadPoolExecutor$Worker.run(ThreadPoolExecutor.java:624)
        at java.lang.Thread.run(Thread.java:750)
"ChunkReader-ELG-0" daemon prio=5 tid=354 runnable
java.lang.Thread.State: RUNNABLE
        at org.apache.ratis.thirdparty.io.netty.channel.epoll.Native.epollWait(Native Method)
        at org.apache.ratis.thirdparty.io.netty.channel.epoll.Native.epollWait(Native.java:209)
        at org.apache.ratis.thirdparty.io.netty.channel.epoll.Native.epollWait(Native.java:202)
        at org.apache.ratis.thirdparty.io.netty.channel.epoll.EpollEventLoop.epollWaitNoTimerChange(EpollEventLoop.java:294)
        at org.apache.ratis.thirdparty.io.netty.channel.epoll.EpollEventLoop.run(EpollEventLoop.java:351)
        at org.apache.ratis.thirdparty.io.netty.util.concurrent.SingleThreadEventExecutor$4.run(SingleThreadEventExecutor.java:995)
        at org.apache.ratis.thirdparty.io.netty.util.internal.ThreadExecutorMap$2.run(ThreadExecutorMap.java:74)
        at java.lang.Thread.run(Thread.java:750)
"org.apache.hadoop.ozone.container.common.statemachine.commandhandler.DeleteBlocksCommandHandler$DeleteCmdWorker@5a25183b" daemon prio=5 tid=182 timed_waiting
java.lang.Thread.State: TIMED_WAITING
        at java.lang.Thread.sleep(Native Method)
        at org.apache.hadoop.ozone.container.common.statemachine.commandhandler.DeleteBlocksCommandHandler$DeleteCmdWorker.run(DeleteBlocksCommandHandler.java:184)
        at java.lang.Thread.run(Thread.java:750)
"FixedThreadPoolWithAffinityExecutor-1-0" daemon prio=5 tid=37 timed_waiting
java.lang.Thread.State: TIMED_WAITING
        at sun.misc.Unsafe.park(Native Method)
        at java.util.concurrent.locks.LockSupport.parkNanos(LockSupport.java:215)
        at java.util.concurrent.locks.AbstractQueuedSynchronizer$ConditionObject.awaitNanos(AbstractQueuedSynchronizer.java:2078)
        at java.util.concurrent.LinkedBlockingQueue.poll(LinkedBlockingQueue.java:467)
        at org.apache.hadoop.hdds.scm.server.ContainerReportQueue.poll(ContainerReportQueue.java:266)
        at org.apache.hadoop.hdds.scm.server.ContainerReportQueue.poll(ContainerReportQueue.java:42)
        at org.apache.hadoop.hdds.server.events.FixedThreadPoolWithAffinityExecutor$ContainerReportProcessTask.run(FixedThreadPoolWithAffinityExecutor.java:248)
        at java.util.concurrent.Executors$RunnableAdapter.call(Executors.java:511)
        at java.util.concurrent.FutureTask.run(FutureTask.java:266)
        at java.util.concurrent.ThreadPoolExecutor.runWorker(ThreadPoolExecutor.java:1149)
        at java.util.concurrent.ThreadPoolExecutor$Worker.run(ThreadPoolExecutor.java:624)
        at java.lang.Thread.run(Thread.java:750)
"EndpointStateMachine task thread for /0.0.0.0:33039 - 0 "  prio=5 tid=372 in Object.wait()
java.lang.Thread.State: WAITING (on object monitor)
        at sun.misc.Unsafe.park(Native Method)
        at java.util.concurrent.locks.LockSupport.park(LockSupport.java:175)
        at java.util.concurrent.locks.AbstractQueuedSynchronizer$ConditionObject.await(AbstractQueuedSynchronizer.java:2039)
        at java.util.concurrent.LinkedBlockingQueue.take(LinkedBlockingQueue.java:442)
        at java.util.concurrent.ThreadPoolExecutor.getTask(ThreadPoolExecutor.java:1074)
        at java.util.concurrent.ThreadPoolExecutor.runWorker(ThreadPoolExecutor.java:1134)
        at java.util.concurrent.ThreadPoolExecutor$Worker.run(ThreadPoolExecutor.java:624)
        at java.lang.Thread.run(Thread.java:750)
"Periodic HDDS volume checker" daemon prio=5 tid=283 timed_waiting
java.lang.Thread.State: TIMED_WAITING
        at sun.misc.Unsafe.park(Native Method)
        at java.util.concurrent.locks.LockSupport.parkNanos(LockSupport.java:215)
        at java.util.concurrent.locks.AbstractQueuedSynchronizer$ConditionObject.awaitNanos(AbstractQueuedSynchronizer.java:2078)
        at java.util.concurrent.ScheduledThreadPoolExecutor$DelayedWorkQueue.take(ScheduledThreadPoolExecutor.java:1093)
        at java.util.concurrent.ScheduledThreadPoolExecutor$DelayedWorkQueue.take(ScheduledThreadPoolExecutor.java:809)
        at java.util.concurrent.ThreadPoolExecutor.getTask(ThreadPoolExecutor.java:1074)
        at java.util.concurrent.ThreadPoolExecutor.runWorker(ThreadPoolExecutor.java:1134)
        at java.util.concurrent.ThreadPoolExecutor$Worker.run(ThreadPoolExecutor.java:624)
        at java.lang.Thread.run(Thread.java:750)
"IPC Server handler 6 on default port 33929" daemon prio=5 tid=53 timed_waiting
java.lang.Thread.State: TIMED_WAITING
        at sun.misc.Unsafe.park(Native Method)
        at java.util.concurrent.locks.LockSupport.parkNanos(LockSupport.java:215)
        at java.util.concurrent.locks.AbstractQueuedSynchronizer$ConditionObject.awaitNanos(AbstractQueuedSynchronizer.java:2078)
        at java.util.concurrent.LinkedBlockingQueue.poll(LinkedBlockingQueue.java:467)
        at org.apache.hadoop.ipc.CallQueueManager.take(CallQueueManager.java:317)
        at org.apache.hadoop.ipc.Server$Handler.run(Server.java:2942)
"IPC Server Responder" daemon prio=5 tid=31 runnable
java.lang.Thread.State: RUNNABLE
        at sun.nio.ch.EPollArrayWrapper.epollWait(Native Method)
        at sun.nio.ch.EPollArrayWrapper.poll(EPollArrayWrapper.java:269)
        at sun.nio.ch.EPollSelectorImpl.doSelect(EPollSelectorImpl.java:93)
        at sun.nio.ch.SelectorImpl.lockAndDoSelect(SelectorImpl.java:86)
        at sun.nio.ch.SelectorImpl.select(SelectorImpl.java:97)
        at org.apache.hadoop.ipc.Server$Responder.doRunLoop(Server.java:1532)
        at org.apache.hadoop.ipc.Server$Responder.run(Server.java:1515)
"3e07bada-20ca-43dd-a36a-6fd4f7654e72@group-9EF4914689B9->3706267d-b1e5-497c-b8ee-f9aaec0fcf2c-GrpcLogAppender-LogAppenderDaemon" daemon prio=5 tid=615 timed_waiting
java.lang.Thread.State: TIMED_WAITING
        at sun.misc.Unsafe.park(Native Method)
        at java.util.concurrent.locks.LockSupport.parkNanos(LockSupport.java:215)
        at java.util.concurrent.CompletableFuture$Signaller.block(CompletableFuture.java:1709)
        at java.util.concurrent.ForkJoinPool.managedBlock(ForkJoinPool.java:3323)
        at java.util.concurrent.CompletableFuture.timedGet(CompletableFuture.java:1788)
        at java.util.concurrent.CompletableFuture.get(CompletableFuture.java:1928)
        at org.apache.ratis.util.AwaitForSignal.await(AwaitForSignal.java:56)
        at org.apache.ratis.grpc.server.GrpcLogAppender.mayWait(GrpcLogAppender.java:198)
        at org.apache.ratis.grpc.server.GrpcLogAppender.run(GrpcLogAppender.java:148)
        at org.apache.ratis.server.leader.LogAppenderDaemon.run(LogAppenderDaemon.java:78)
        at org.apache.ratis.server.leader.LogAppenderDaemon$$Lambda$1066/1509869290.run(Unknown Source)
        at java.lang.Thread.run(Thread.java:750)
"FixedThreadPoolWithAffinityExecutor-5-0" daemon prio=5 tid=41 timed_waiting
java.lang.Thread.State: TIMED_WAITING
        at sun.misc.Unsafe.park(Native Method)
        at java.util.concurrent.locks.LockSupport.parkNanos(LockSupport.java:215)
        at java.util.concurrent.locks.AbstractQueuedSynchronizer$ConditionObject.awaitNanos(AbstractQueuedSynchronizer.java:2078)
        at java.util.concurrent.LinkedBlockingQueue.poll(LinkedBlockingQueue.java:467)
        at org.apache.hadoop.hdds.scm.server.ContainerReportQueue.poll(ContainerReportQueue.java:266)
        at org.apache.hadoop.hdds.scm.server.ContainerReportQueue.poll(ContainerReportQueue.java:42)
        at org.apache.hadoop.hdds.server.events.FixedThreadPoolWithAffinityExecutor$ContainerReportProcessTask.run(FixedThreadPoolWithAffinityExecutor.java:248)
        at java.util.concurrent.Executors$RunnableAdapter.call(Executors.java:511)
        at java.util.concurrent.FutureTask.run(FutureTask.java:266)
        at java.util.concurrent.ThreadPoolExecutor.runWorker(ThreadPoolExecutor.java:1149)
        at java.util.concurrent.ThreadPoolExecutor$Worker.run(ThreadPoolExecutor.java:624)
        at java.lang.Thread.run(Thread.java:750)
"pool-54-thread-1"  prio=5 tid=127 in Object.wait()
java.lang.Thread.State: WAITING (on object monitor)
        at sun.misc.Unsafe.park(Native Method)
        at java.util.concurrent.locks.LockSupport.park(LockSupport.java:175)
        at java.util.concurrent.locks.AbstractQueuedSynchronizer$ConditionObject.await(AbstractQueuedSynchronizer.java:2039)
        at java.util.concurrent.LinkedBlockingQueue.take(LinkedBlockingQueue.java:442)
        at java.util.concurrent.ThreadPoolExecutor.getTask(ThreadPoolExecutor.java:1074)
        at java.util.concurrent.ThreadPoolExecutor.runWorker(ThreadPoolExecutor.java:1134)
        at java.util.concurrent.ThreadPoolExecutor$Worker.run(ThreadPoolExecutor.java:624)
        at java.lang.Thread.run(Thread.java:750)
"FixedThreadPoolWithAffinityExecutor-9-0" daemon prio=5 tid=45 timed_waiting
java.lang.Thread.State: TIMED_WAITING
        at sun.misc.Unsafe.park(Native Method)
        at java.util.concurrent.locks.LockSupport.parkNanos(LockSupport.java:215)
        at java.util.concurrent.locks.AbstractQueuedSynchronizer$ConditionObject.awaitNanos(AbstractQueuedSynchronizer.java:2078)
        at java.util.concurrent.LinkedBlockingQueue.poll(LinkedBlockingQueue.java:467)
        at org.apache.hadoop.hdds.scm.server.ContainerReportQueue.poll(ContainerReportQueue.java:266)
        at org.apache.hadoop.hdds.scm.server.ContainerReportQueue.poll(ContainerReportQueue.java:42)
        at org.apache.hadoop.hdds.server.events.FixedThreadPoolWithAffinityExecutor$ContainerReportProcessTask.run(FixedThreadPoolWithAffinityExecutor.java:248)
        at java.util.concurrent.Executors$RunnableAdapter.call(Executors.java:511)
        at java.util.concurrent.FutureTask.run(FutureTask.java:266)
        at java.util.concurrent.ThreadPoolExecutor.runWorker(ThreadPoolExecutor.java:1149)
        at java.util.concurrent.ThreadPoolExecutor$Worker.run(ThreadPoolExecutor.java:624)
        at java.lang.Thread.run(Thread.java:750)
"StaleRecoveringContainerScrubbingService#1" daemon prio=5 tid=381 timed_waiting
java.lang.Thread.State: TIMED_WAITING
        at sun.misc.Unsafe.park(Native Method)
        at java.util.concurrent.locks.LockSupport.parkNanos(LockSupport.java:215)
        at java.util.concurrent.locks.AbstractQueuedSynchronizer$ConditionObject.awaitNanos(AbstractQueuedSynchronizer.java:2078)
        at java.util.concurrent.ScheduledThreadPoolExecutor$DelayedWorkQueue.take(ScheduledThreadPoolExecutor.java:1093)
        at java.util.concurrent.ScheduledThreadPoolExecutor$DelayedWorkQueue.take(ScheduledThreadPoolExecutor.java:809)
        at java.util.concurrent.ThreadPoolExecutor.getTask(ThreadPoolExecutor.java:1074)
        at java.util.concurrent.ThreadPoolExecutor.runWorker(ThreadPoolExecutor.java:1134)
        at java.util.concurrent.ThreadPoolExecutor$Worker.run(ThreadPoolExecutor.java:624)
        at java.lang.Thread.run(Thread.java:750)
"IPC Server handler 7 on default port 33039" daemon prio=5 tid=94 timed_waiting
java.lang.Thread.State: TIMED_WAITING
        at sun.misc.Unsafe.park(Native Method)
        at java.util.concurrent.locks.LockSupport.parkNanos(LockSupport.java:215)
        at java.util.concurrent.locks.AbstractQueuedSynchronizer$ConditionObject.awaitNanos(AbstractQueuedSynchronizer.java:2078)
        at java.util.concurrent.LinkedBlockingQueue.poll(LinkedBlockingQueue.java:467)
        at org.apache.hadoop.ipc.CallQueueManager.take(CallQueueManager.java:317)
        at org.apache.hadoop.ipc.Server$Handler.run(Server.java:2942)
"Session-HouseKeeper-2ce7760f-1"  prio=5 tid=246 timed_waiting
java.lang.Thread.State: TIMED_WAITING
        at sun.misc.Unsafe.park(Native Method)
        at java.util.concurrent.locks.LockSupport.parkNanos(LockSupport.java:215)
        at java.util.concurrent.locks.AbstractQueuedSynchronizer$ConditionObject.awaitNanos(AbstractQueuedSynchronizer.java:2078)
        at java.util.concurrent.ScheduledThreadPoolExecutor$DelayedWorkQueue.take(ScheduledThreadPoolExecutor.java:1093)
        at java.util.concurrent.ScheduledThreadPoolExecutor$DelayedWorkQueue.take(ScheduledThreadPoolExecutor.java:809)
        at java.util.concurrent.ThreadPoolExecutor.getTask(ThreadPoolExecutor.java:1074)
        at java.util.concurrent.ThreadPoolExecutor.runWorker(ThreadPoolExecutor.java:1134)
        at java.util.concurrent.ThreadPoolExecutor$Worker.run(ThreadPoolExecutor.java:624)
        at java.lang.Thread.run(Thread.java:750)
"3e07bada-20ca-43dd-a36a-6fd4f7654e72@group-9EF4914689B9-StateMachineUpdater" daemon prio=5 tid=438 timed_waiting
java.lang.Thread.State: TIMED_WAITING
        at sun.misc.Unsafe.park(Native Method)
        at java.util.concurrent.locks.LockSupport.parkNanos(LockSupport.java:215)
        at java.util.concurrent.CompletableFuture$Signaller.block(CompletableFuture.java:1709)
        at java.util.concurrent.ForkJoinPool.managedBlock(ForkJoinPool.java:3323)
        at java.util.concurrent.CompletableFuture.timedGet(CompletableFuture.java:1788)
        at java.util.concurrent.CompletableFuture.get(CompletableFuture.java:1928)
        at org.apache.ratis.util.AwaitForSignal.await(AwaitForSignal.java:56)
        at org.apache.ratis.server.impl.StateMachineUpdater.waitForCommit(StateMachineUpdater.java:207)
        at org.apache.ratis.server.impl.StateMachineUpdater.run(StateMachineUpdater.java:176)
        at java.lang.Thread.run(Thread.java:750)
"IPC Server handler 17 on default port 39085" daemon prio=5 tid=171 timed_waiting
java.lang.Thread.State: TIMED_WAITING
        at sun.misc.Unsafe.park(Native Method)
        at java.util.concurrent.locks.LockSupport.parkNanos(LockSupport.java:215)
        at java.util.concurrent.locks.AbstractQueuedSynchronizer$ConditionObject.awaitNanos(AbstractQueuedSynchronizer.java:2078)
        at java.util.concurrent.LinkedBlockingQueue.poll(LinkedBlockingQueue.java:467)
        at org.apache.hadoop.ipc.CallQueueManager.take(CallQueueManager.java:317)
        at org.apache.hadoop.ipc.Server$Handler.run(Server.java:2942)
"pool-80-thread-1"  prio=5 tid=183 timed_waiting
java.lang.Thread.State: TIMED_WAITING
        at sun.misc.Unsafe.park(Native Method)
        at java.util.concurrent.locks.LockSupport.parkNanos(LockSupport.java:215)
        at java.util.concurrent.locks.AbstractQueuedSynchronizer$ConditionObject.awaitNanos(AbstractQueuedSynchronizer.java:2078)
        at java.util.concurrent.ScheduledThreadPoolExecutor$DelayedWorkQueue.take(ScheduledThreadPoolExecutor.java:1093)
        at java.util.concurrent.ScheduledThreadPoolExecutor$DelayedWorkQueue.take(ScheduledThreadPoolExecutor.java:809)
        at java.util.concurrent.ThreadPoolExecutor.getTask(ThreadPoolExecutor.java:1074)
        at java.util.concurrent.ThreadPoolExecutor.runWorker(ThreadPoolExecutor.java:1134)
        at java.util.concurrent.ThreadPoolExecutor$Worker.run(ThreadPoolExecutor.java:624)
        at java.lang.Thread.run(Thread.java:750)
"Command processor thread" daemon prio=5 tid=317 timed_waiting
java.lang.Thread.State: TIMED_WAITING
        at java.lang.Thread.sleep(Native Method)
        at org.apache.hadoop.ozone.container.common.statemachine.DatanodeStateMachine.lambda$initCommandHandlerThread$3(DatanodeStateMachine.java:641)
        at org.apache.hadoop.ozone.container.common.statemachine.DatanodeStateMachine$$Lambda$835/1298573744.run(Unknown Source)
        at java.lang.Thread.run(Thread.java:750)
"IPC Client (1562183167) connection to 0.0.0.0/0.0.0.0:33039 from runner" daemon prio=5 tid=301 timed_waiting
java.lang.Thread.State: TIMED_WAITING
        at java.lang.Object.wait(Native Method)
        at org.apache.hadoop.ipc.Client$Connection.waitForWork(Client.java:1086)
        at org.apache.hadoop.ipc.Client$Connection.run(Client.java:1133)
"Datanode ReportManager Thread - 0" daemon prio=5 tid=222 in Object.wait()
java.lang.Thread.State: WAITING (on object monitor)
        at sun.misc.Unsafe.park(Native Method)
        at java.util.concurrent.locks.LockSupport.park(LockSupport.java:175)
        at java.util.concurrent.locks.AbstractQueuedSynchronizer$ConditionObject.await(AbstractQueuedSynchronizer.java:2039)
        at java.util.concurrent.ScheduledThreadPoolExecutor$DelayedWorkQueue.take(ScheduledThreadPoolExecutor.java:1088)
        at java.util.concurrent.ScheduledThreadPoolExecutor$DelayedWorkQueue.take(ScheduledThreadPoolExecutor.java:809)
        at java.util.concurrent.ThreadPoolExecutor.getTask(ThreadPoolExecutor.java:1074)
        at java.util.concurrent.ThreadPoolExecutor.runWorker(ThreadPoolExecutor.java:1134)
        at java.util.concurrent.ThreadPoolExecutor$Worker.run(ThreadPoolExecutor.java:624)
        at java.lang.Thread.run(Thread.java:750)
"qtp1650164347-217" daemon prio=5 tid=217 timed_waiting
java.lang.Thread.State: TIMED_WAITING
        at sun.misc.Unsafe.park(Native Method)
        at java.util.concurrent.locks.LockSupport.parkNanos(LockSupport.java:215)
        at java.util.concurrent.locks.AbstractQueuedSynchronizer$ConditionObject.awaitNanos(AbstractQueuedSynchronizer.java:2078)
        at org.eclipse.jetty.util.BlockingArrayQueue.poll(BlockingArrayQueue.java:382)
        at org.eclipse.jetty.util.thread.QueuedThreadPool$Runner.idleJobPoll(QueuedThreadPool.java:974)
        at org.eclipse.jetty.util.thread.QueuedThreadPool$Runner.run(QueuedThreadPool.java:1018)
        at java.lang.Thread.run(Thread.java:750)
"IPC Server handler 2 on default port 33929" daemon prio=5 tid=49 timed_waiting
java.lang.Thread.State: TIMED_WAITING
        at sun.misc.Unsafe.park(Native Method)
        at java.util.concurrent.locks.LockSupport.parkNanos(LockSupport.java:215)
        at java.util.concurrent.locks.AbstractQueuedSynchronizer$ConditionObject.awaitNanos(AbstractQueuedSynchronizer.java:2078)
        at java.util.concurrent.LinkedBlockingQueue.poll(LinkedBlockingQueue.java:467)
        at org.apache.hadoop.ipc.CallQueueManager.take(CallQueueManager.java:317)
        at org.apache.hadoop.ipc.Server$Handler.run(Server.java:2942)
"ChunkWriter-0-0" daemon prio=5 tid=404 in Object.wait()
java.lang.Thread.State: WAITING (on object monitor)
        at sun.misc.Unsafe.park(Native Method)
        at java.util.concurrent.locks.LockSupport.park(LockSupport.java:175)
        at java.util.concurrent.locks.AbstractQueuedSynchronizer$ConditionObject.await(AbstractQueuedSynchronizer.java:2039)
        at java.util.concurrent.LinkedBlockingDeque.takeFirst(LinkedBlockingDeque.java:492)
        at java.util.concurrent.LinkedBlockingDeque.take(LinkedBlockingDeque.java:680)
        at java.util.concurrent.ThreadPoolExecutor.getTask(ThreadPoolExecutor.java:1074)
        at java.util.concurrent.ThreadPoolExecutor.runWorker(ThreadPoolExecutor.java:1134)
        at java.util.concurrent.ThreadPoolExecutor$Worker.run(ThreadPoolExecutor.java:624)
        at java.lang.Thread.run(Thread.java:750)
"qtp282046195-329" daemon prio=5 tid=329 runnable
java.lang.Thread.State: RUNNABLE
        at sun.nio.ch.EPollArrayWrapper.epollWait(Native Method)
        at sun.nio.ch.EPollArrayWrapper.poll(EPollArrayWrapper.java:269)
        at sun.nio.ch.EPollSelectorImpl.doSelect(EPollSelectorImpl.java:93)
        at sun.nio.ch.SelectorImpl.lockAndDoSelect(SelectorImpl.java:86)
        at sun.nio.ch.SelectorImpl.select(SelectorImpl.java:97)
        at sun.nio.ch.SelectorImpl.select(SelectorImpl.java:101)
        at org.eclipse.jetty.io.ManagedSelector.nioSelect(ManagedSelector.java:183)
        at org.eclipse.jetty.io.ManagedSelector.select(ManagedSelector.java:190)
        at org.eclipse.jetty.io.ManagedSelector$SelectorProducer.select(ManagedSelector.java:606)
        at org.eclipse.jetty.io.ManagedSelector$SelectorProducer.produce(ManagedSelector.java:543)
        at org.eclipse.jetty.util.thread.strategy.EatWhatYouKill.produceTask(EatWhatYouKill.java:362)
        at org.eclipse.jetty.util.thread.strategy.EatWhatYouKill.doProduce(EatWhatYouKill.java:186)
        at org.eclipse.jetty.util.thread.strategy.EatWhatYouKill.tryProduce(EatWhatYouKill.java:173)
        at org.eclipse.jetty.util.thread.strategy.EatWhatYouKill.produce(EatWhatYouKill.java:137)
        at org.eclipse.jetty.io.ManagedSelector$$Lambda$468/328838504.run(Unknown Source)
        at org.eclipse.jetty.util.thread.QueuedThreadPool.runJob(QueuedThreadPool.java:883)
        at org.eclipse.jetty.util.thread.QueuedThreadPool$Runner.run(QueuedThreadPool.java:1034)
        at java.lang.Thread.run(Thread.java:750)
"ChunkWriter-3-0" daemon prio=5 tid=305 in Object.wait()
java.lang.Thread.State: WAITING (on object monitor)
        at sun.misc.Unsafe.park(Native Method)
        at java.util.concurrent.locks.LockSupport.park(LockSupport.java:175)
        at java.util.concurrent.locks.AbstractQueuedSynchronizer$ConditionObject.await(AbstractQueuedSynchronizer.java:2039)
        at java.util.concurrent.LinkedBlockingDeque.takeFirst(LinkedBlockingDeque.java:492)
        at java.util.concurrent.LinkedBlockingDeque.take(LinkedBlockingDeque.java:680)
        at java.util.concurrent.ThreadPoolExecutor.getTask(ThreadPoolExecutor.java:1074)
        at java.util.concurrent.ThreadPoolExecutor.runWorker(ThreadPoolExecutor.java:1134)
        at java.util.concurrent.ThreadPoolExecutor$Worker.run(ThreadPoolExecutor.java:624)
        at java.lang.Thread.run(Thread.java:750)
"Socket Reader #1 for port 0"  prio=5 tid=131 runnable
java.lang.Thread.State: RUNNABLE
        at sun.nio.ch.EPollArrayWrapper.epollWait(Native Method)
        at sun.nio.ch.EPollArrayWrapper.poll(EPollArrayWrapper.java:269)
        at sun.nio.ch.EPollSelectorImpl.doSelect(EPollSelectorImpl.java:93)
        at sun.nio.ch.SelectorImpl.lockAndDoSelect(SelectorImpl.java:86)
        at sun.nio.ch.SelectorImpl.select(SelectorImpl.java:97)
        at sun.nio.ch.SelectorImpl.select(SelectorImpl.java:101)
        at org.apache.hadoop.ipc.Server$Listener$Reader.doRunLoop(Server.java:1296)
        at org.apache.hadoop.ipc.Server$Listener$Reader.run(Server.java:1275)
"JvmPauseMonitor1" daemon prio=5 tid=306 timed_waiting
java.lang.Thread.State: TIMED_WAITING
        at java.lang.Thread.sleep(Native Method)
        at java.lang.Thread.sleep(Thread.java:342)
        at java.util.concurrent.TimeUnit.sleep(TimeUnit.java:386)
        at org.apache.ratis.util.TimeDuration.sleep(TimeDuration.java:325)
        at org.apache.ratis.util.TimeDuration.sleep(TimeDuration.java:310)
        at org.apache.ratis.util.JvmPauseMonitor.detectPause(JvmPauseMonitor.java:119)
        at org.apache.ratis.util.JvmPauseMonitor.run(JvmPauseMonitor.java:108)
        at org.apache.ratis.util.JvmPauseMonitor$$Lambda$731/2135000930.run(Unknown Source)
        at java.lang.Thread.run(Thread.java:750)
"StaleRecoveringContainerScrubbingService#0" daemon prio=5 tid=368 timed_waiting
java.lang.Thread.State: TIMED_WAITING
        at sun.misc.Unsafe.park(Native Method)
        at java.util.concurrent.locks.LockSupport.parkNanos(LockSupport.java:215)
        at java.util.concurrent.locks.AbstractQueuedSynchronizer$ConditionObject.awaitNanos(AbstractQueuedSynchronizer.java:2078)
        at java.util.concurrent.ScheduledThreadPoolExecutor$DelayedWorkQueue.take(ScheduledThreadPoolExecutor.java:1093)
        at java.util.concurrent.ScheduledThreadPoolExecutor$DelayedWorkQueue.take(ScheduledThreadPoolExecutor.java:809)
        at java.util.concurrent.ThreadPoolExecutor.getTask(ThreadPoolExecutor.java:1074)
        at java.util.concurrent.ThreadPoolExecutor.runWorker(ThreadPoolExecutor.java:1134)
        at java.util.concurrent.ThreadPoolExecutor$Worker.run(ThreadPoolExecutor.java:624)
        at java.lang.Thread.run(Thread.java:750)
"om1@group-C5BA1605619E-StateMachineUpdater" daemon prio=5 tid=137 timed_waiting
java.lang.Thread.State: TIMED_WAITING
        at sun.misc.Unsafe.park(Native Method)
        at java.util.concurrent.locks.LockSupport.parkNanos(LockSupport.java:215)
        at java.util.concurrent.CompletableFuture$Signaller.block(CompletableFuture.java:1709)
        at java.util.concurrent.ForkJoinPool.managedBlock(ForkJoinPool.java:3323)
        at java.util.concurrent.CompletableFuture.timedGet(CompletableFuture.java:1788)
        at java.util.concurrent.CompletableFuture.get(CompletableFuture.java:1928)
        at org.apache.ratis.util.AwaitForSignal.await(AwaitForSignal.java:56)
        at org.apache.ratis.server.impl.StateMachineUpdater.waitForCommit(StateMachineUpdater.java:207)
        at org.apache.ratis.server.impl.StateMachineUpdater.run(StateMachineUpdater.java:176)
        at java.lang.Thread.run(Thread.java:750)
"IPC Server handler 8 on default port 39085" daemon prio=5 tid=162 timed_waiting
java.lang.Thread.State: TIMED_WAITING
        at sun.misc.Unsafe.park(Native Method)
        at java.util.concurrent.locks.LockSupport.parkNanos(LockSupport.java:215)
        at java.util.concurrent.locks.AbstractQueuedSynchronizer$ConditionObject.awaitNanos(AbstractQueuedSynchronizer.java:2078)
        at java.util.concurrent.LinkedBlockingQueue.poll(LinkedBlockingQueue.java:467)
        at org.apache.hadoop.ipc.CallQueueManager.take(CallQueueManager.java:317)
        at org.apache.hadoop.ipc.Server$Handler.run(Server.java:2942)
"timer0" daemon prio=5 tid=585 timed_waiting
java.lang.Thread.State: TIMED_WAITING
        at java.lang.Object.wait(Native Method)
        at java.util.TimerThread.mainLoop(Timer.java:552)
        at java.util.TimerThread.run(Timer.java:505)
"qtp1737696383-297" daemon prio=5 tid=297 timed_waiting
java.lang.Thread.State: TIMED_WAITING
        at sun.misc.Unsafe.park(Native Method)
        at java.util.concurrent.locks.LockSupport.parkNanos(LockSupport.java:215)
        at java.util.concurrent.locks.AbstractQueuedSynchronizer$ConditionObject.awaitNanos(AbstractQueuedSynchronizer.java:2078)
        at org.eclipse.jetty.util.BlockingArrayQueue.poll(BlockingArrayQueue.java:382)
        at org.eclipse.jetty.util.thread.QueuedThreadPool$Runner.idleJobPoll(QueuedThreadPool.java:974)
        at org.eclipse.jetty.util.thread.QueuedThreadPool$Runner.run(QueuedThreadPool.java:1018)
        at java.lang.Thread.run(Thread.java:750)
"Datanode ReportManager Thread - 1" daemon prio=5 tid=313 timed_waiting
java.lang.Thread.State: TIMED_WAITING
        at sun.misc.Unsafe.park(Native Method)
        at java.util.concurrent.locks.LockSupport.parkNanos(LockSupport.java:215)
        at java.util.concurrent.locks.AbstractQueuedSynchronizer$ConditionObject.awaitNanos(AbstractQueuedSynchronizer.java:2078)
        at java.util.concurrent.ScheduledThreadPoolExecutor$DelayedWorkQueue.take(ScheduledThreadPoolExecutor.java:1093)
        at java.util.concurrent.ScheduledThreadPoolExecutor$DelayedWorkQueue.take(ScheduledThreadPoolExecutor.java:809)
        at java.util.concurrent.ThreadPoolExecutor.getTask(ThreadPoolExecutor.java:1074)
        at java.util.concurrent.ThreadPoolExecutor.runWorker(ThreadPoolExecutor.java:1134)
        at java.util.concurrent.ThreadPoolExecutor$Worker.run(ThreadPoolExecutor.java:624)
        at java.lang.Thread.run(Thread.java:750)
"qtp1737696383-291-acceptor-0@466e9d86-ServerConnector@2eaad7c0{HTTP/1.1, (http/1.1)}{0.0.0.0:36871}" daemon prio=3 tid=291 runnable
java.lang.Thread.State: RUNNABLE
        at sun.nio.ch.ServerSocketChannelImpl.accept0(Native Method)
        at sun.nio.ch.ServerSocketChannelImpl.accept(ServerSocketChannelImpl.java:421)
        at sun.nio.ch.ServerSocketChannelImpl.accept(ServerSocketChannelImpl.java:249)
        at org.eclipse.jetty.server.ServerConnector.accept(ServerConnector.java:388)
        at org.eclipse.jetty.server.AbstractConnector$Acceptor.run(AbstractConnector.java:704)
        at org.eclipse.jetty.util.thread.QueuedThreadPool.runJob(QueuedThreadPool.java:883)
        at org.eclipse.jetty.util.thread.QueuedThreadPool$Runner.run(QueuedThreadPool.java:1034)
        at java.lang.Thread.run(Thread.java:750)
"IPC Server handler 4 on default port 33929" daemon prio=5 tid=51 timed_waiting
java.lang.Thread.State: TIMED_WAITING
        at sun.misc.Unsafe.park(Native Method)
        at java.util.concurrent.locks.LockSupport.parkNanos(LockSupport.java:215)
        at java.util.concurrent.locks.AbstractQueuedSynchronizer$ConditionObject.awaitNanos(AbstractQueuedSynchronizer.java:2078)
        at java.util.concurrent.LinkedBlockingQueue.poll(LinkedBlockingQueue.java:467)
        at org.apache.hadoop.ipc.CallQueueManager.take(CallQueueManager.java:317)
        at org.apache.hadoop.ipc.Server$Handler.run(Server.java:2942)
"qtp1737696383-295" daemon prio=5 tid=295 timed_waiting
java.lang.Thread.State: TIMED_WAITING
        at sun.misc.Unsafe.park(Native Method)
        at java.util.concurrent.locks.LockSupport.parkNanos(LockSupport.java:215)
        at java.util.concurrent.locks.AbstractQueuedSynchronizer$ConditionObject.awaitNanos(AbstractQueuedSynchronizer.java:2078)
        at org.eclipse.jetty.util.BlockingArrayQueue.poll(BlockingArrayQueue.java:382)
        at org.eclipse.jetty.util.thread.QueuedThreadPool$Runner.idleJobPoll(QueuedThreadPool.java:974)
        at org.eclipse.jetty.util.thread.QueuedThreadPool$Runner.run(QueuedThreadPool.java:1018)
        at java.lang.Thread.run(Thread.java:750)
"Datanode ReportManager Thread - 1" daemon prio=5 tid=249 in Object.wait()
java.lang.Thread.State: WAITING (on object monitor)
        at sun.misc.Unsafe.park(Native Method)
        at java.util.concurrent.locks.LockSupport.park(LockSupport.java:175)
        at java.util.concurrent.locks.AbstractQueuedSynchronizer$ConditionObject.await(AbstractQueuedSynchronizer.java:2039)
        at java.util.concurrent.ScheduledThreadPoolExecutor$DelayedWorkQueue.take(ScheduledThreadPoolExecutor.java:1088)
        at java.util.concurrent.ScheduledThreadPoolExecutor$DelayedWorkQueue.take(ScheduledThreadPoolExecutor.java:809)
        at java.util.concurrent.ThreadPoolExecutor.getTask(ThreadPoolExecutor.java:1074)
        at java.util.concurrent.ThreadPoolExecutor.runWorker(ThreadPoolExecutor.java:1134)
        at java.util.concurrent.ThreadPoolExecutor$Worker.run(ThreadPoolExecutor.java:624)
        at java.lang.Thread.run(Thread.java:750)
"surefire-forkedjvm-command-thread" daemon prio=5 tid=10 runnable
java.lang.Thread.State: RUNNABLE
        at java.io.FileInputStream.readBytes(Native Method)
        at java.io.FileInputStream.read(FileInputStream.java:255)
        at java.io.BufferedInputStream.read1(BufferedInputStream.java:284)
        at java.io.BufferedInputStream.read(BufferedInputStream.java:345)
        at java.io.BufferedInputStream.fill(BufferedInputStream.java:246)
        at java.io.BufferedInputStream.read1(BufferedInputStream.java:286)
        at java.io.BufferedInputStream.read(BufferedInputStream.java:345)
        at org.apache.maven.surefire.api.util.internal.Channels$3.readImpl(Channels.java:214)
        at org.apache.maven.surefire.api.util.internal.AbstractNoninterruptibleReadableChannel.read(AbstractNoninterruptibleReadableChannel.java:54)
        at org.apache.maven.surefire.booter.spi.LegacyMasterProcessChannelDecoder.decode(LegacyMasterProcessChannelDecoder.java:80)
        at org.apache.maven.surefire.booter.CommandReader$CommandRunnable.run(CommandReader.java:343)
        at java.lang.Thread.run(Thread.java:750)
"ChunkWriter-3-0" daemon prio=5 tid=352 in Object.wait()
java.lang.Thread.State: WAITING (on object monitor)
        at sun.misc.Unsafe.park(Native Method)
        at java.util.concurrent.locks.LockSupport.park(LockSupport.java:175)
        at java.util.concurrent.locks.AbstractQueuedSynchronizer$ConditionObject.await(AbstractQueuedSynchronizer.java:2039)
        at java.util.concurrent.LinkedBlockingDeque.takeFirst(LinkedBlockingDeque.java:492)
        at java.util.concurrent.LinkedBlockingDeque.take(LinkedBlockingDeque.java:680)
        at java.util.concurrent.ThreadPoolExecutor.getTask(ThreadPoolExecutor.java:1074)
        at java.util.concurrent.ThreadPoolExecutor.runWorker(ThreadPoolExecutor.java:1134)
        at java.util.concurrent.ThreadPoolExecutor$Worker.run(ThreadPoolExecutor.java:624)
        at java.lang.Thread.run(Thread.java:750)
"StaleRecoveringContainerScrubbingService#2" daemon prio=5 tid=635 in Object.wait()
java.lang.Thread.State: WAITING (on object monitor)
        at sun.misc.Unsafe.park(Native Method)
        at java.util.concurrent.locks.LockSupport.park(LockSupport.java:175)
        at java.util.concurrent.locks.AbstractQueuedSynchronizer$ConditionObject.await(AbstractQueuedSynchronizer.java:2039)
        at java.util.concurrent.ScheduledThreadPoolExecutor$DelayedWorkQueue.take(ScheduledThreadPoolExecutor.java:1088)
        at java.util.concurrent.ScheduledThreadPoolExecutor$DelayedWorkQueue.take(ScheduledThreadPoolExecutor.java:809)
        at java.util.concurrent.ThreadPoolExecutor.getTask(ThreadPoolExecutor.java:1074)
        at java.util.concurrent.ThreadPoolExecutor.runWorker(ThreadPoolExecutor.java:1134)
        at java.util.concurrent.ThreadPoolExecutor$Worker.run(ThreadPoolExecutor.java:624)
        at java.lang.Thread.run(Thread.java:750)
"IPC Server handler 0 on default port 33929" daemon prio=5 tid=47 timed_waiting
java.lang.Thread.State: TIMED_WAITING
        at sun.misc.Unsafe.park(Native Method)
        at java.util.concurrent.locks.LockSupport.parkNanos(LockSupport.java:215)
        at java.util.concurrent.locks.AbstractQueuedSynchronizer$ConditionObject.awaitNanos(AbstractQueuedSynchronizer.java:2078)
        at java.util.concurrent.LinkedBlockingQueue.poll(LinkedBlockingQueue.java:467)
        at org.apache.hadoop.ipc.CallQueueManager.take(CallQueueManager.java:317)
        at org.apache.hadoop.ipc.Server$Handler.run(Server.java:2942)
"pool-172-thread-1"  prio=5 tid=289 timed_waiting
java.lang.Thread.State: TIMED_WAITING
        at sun.misc.Unsafe.park(Native Method)
        at java.util.concurrent.locks.LockSupport.parkNanos(LockSupport.java:215)
        at java.util.concurrent.locks.AbstractQueuedSynchronizer$ConditionObject.awaitNanos(AbstractQueuedSynchronizer.java:2078)
        at java.util.concurrent.ScheduledThreadPoolExecutor$DelayedWorkQueue.take(ScheduledThreadPoolExecutor.java:1093)
        at java.util.concurrent.ScheduledThreadPoolExecutor$DelayedWorkQueue.take(ScheduledThreadPoolExecutor.java:809)
        at java.util.concurrent.ThreadPoolExecutor.getTask(ThreadPoolExecutor.java:1074)
        at java.util.concurrent.ThreadPoolExecutor.runWorker(ThreadPoolExecutor.java:1134)
        at java.util.concurrent.ThreadPoolExecutor$Worker.run(ThreadPoolExecutor.java:624)
        at java.lang.Thread.run(Thread.java:750)
"qtp1650164347-218" daemon prio=5 tid=218 timed_waiting
java.lang.Thread.State: TIMED_WAITING
        at sun.misc.Unsafe.park(Native Method)
        at java.util.concurrent.locks.LockSupport.parkNanos(LockSupport.java:215)
        at java.util.concurrent.locks.AbstractQueuedSynchronizer$ConditionObject.awaitNanos(AbstractQueuedSynchronizer.java:2078)
        at org.eclipse.jetty.util.BlockingArrayQueue.poll(BlockingArrayQueue.java:382)
        at org.eclipse.jetty.util.thread.QueuedThreadPool$Runner.idleJobPoll(QueuedThreadPool.java:974)
        at org.eclipse.jetty.util.thread.QueuedThreadPool$Runner.run(QueuedThreadPool.java:1018)
        at java.lang.Thread.run(Thread.java:750)
"Session-HouseKeeper-707f90e0-1"  prio=5 tid=337 timed_waiting
java.lang.Thread.State: TIMED_WAITING
        at sun.misc.Unsafe.park(Native Method)
        at java.util.concurrent.locks.LockSupport.parkNanos(LockSupport.java:215)
        at java.util.concurrent.locks.AbstractQueuedSynchronizer$ConditionObject.awaitNanos(AbstractQueuedSynchronizer.java:2078)
        at java.util.concurrent.ScheduledThreadPoolExecutor$DelayedWorkQueue.take(ScheduledThreadPoolExecutor.java:1093)
        at java.util.concurrent.ScheduledThreadPoolExecutor$DelayedWorkQueue.take(ScheduledThreadPoolExecutor.java:809)
        at java.util.concurrent.ThreadPoolExecutor.getTask(ThreadPoolExecutor.java:1074)
        at java.util.concurrent.ThreadPoolExecutor.runWorker(ThreadPoolExecutor.java:1134)
        at java.util.concurrent.ThreadPoolExecutor$Worker.run(ThreadPoolExecutor.java:624)
        at java.lang.Thread.run(Thread.java:750)
"IPC Server handler 10 on default port 33039" daemon prio=5 tid=97 timed_waiting
java.lang.Thread.State: TIMED_WAITING
        at sun.misc.Unsafe.park(Native Method)
        at java.util.concurrent.locks.LockSupport.parkNanos(LockSupport.java:215)
        at java.util.concurrent.locks.AbstractQueuedSynchronizer$ConditionObject.awaitNanos(AbstractQueuedSynchronizer.java:2078)
        at java.util.concurrent.LinkedBlockingQueue.poll(LinkedBlockingQueue.java:467)
        at org.apache.hadoop.ipc.CallQueueManager.take(CallQueueManager.java:317)
        at org.apache.hadoop.ipc.Server$Handler.run(Server.java:2942)
"StaleRecoveringContainerScrubbingService#2" daemon prio=5 tid=639 in Object.wait()
java.lang.Thread.State: WAITING (on object monitor)
        at sun.misc.Unsafe.park(Native Method)
        at java.util.concurrent.locks.LockSupport.park(LockSupport.java:175)
        at java.util.concurrent.locks.AbstractQueuedSynchronizer$ConditionObject.await(AbstractQueuedSynchronizer.java:2039)
        at java.util.concurrent.ScheduledThreadPoolExecutor$DelayedWorkQueue.take(ScheduledThreadPoolExecutor.java:1088)
        at java.util.concurrent.ScheduledThreadPoolExecutor$DelayedWorkQueue.take(ScheduledThreadPoolExecutor.java:809)
        at java.util.concurrent.ThreadPoolExecutor.getTask(ThreadPoolExecutor.java:1074)
        at java.util.concurrent.ThreadPoolExecutor.runWorker(ThreadPoolExecutor.java:1134)
        at java.util.concurrent.ThreadPoolExecutor$Worker.run(ThreadPoolExecutor.java:624)
        at java.lang.Thread.run(Thread.java:750)
"IPC Server handler 5 on default port 33929" daemon prio=5 tid=52 timed_waiting
java.lang.Thread.State: TIMED_WAITING
        at sun.misc.Unsafe.park(Native Method)
        at java.util.concurrent.locks.LockSupport.parkNanos(LockSupport.java:215)
        at java.util.concurrent.locks.AbstractQueuedSynchronizer$ConditionObject.awaitNanos(AbstractQueuedSynchronizer.java:2078)
        at java.util.concurrent.LinkedBlockingQueue.poll(LinkedBlockingQueue.java:467)
        at org.apache.hadoop.ipc.CallQueueManager.take(CallQueueManager.java:317)
        at org.apache.hadoop.ipc.Server$Handler.run(Server.java:2942)
"org.apache.hadoop.ozone.container.common.statemachine.commandhandler.DeleteBlocksCommandHandler$DeleteCmdWorker@21572f2e" daemon prio=5 tid=236 timed_waiting
java.lang.Thread.State: TIMED_WAITING
        at java.lang.Thread.sleep(Native Method)
        at org.apache.hadoop.ozone.container.common.statemachine.commandhandler.DeleteBlocksCommandHandler$DeleteCmdWorker.run(DeleteBlocksCommandHandler.java:184)
        at java.lang.Thread.run(Thread.java:750)
"timer4" daemon prio=5 tid=552 timed_waiting
java.lang.Thread.State: TIMED_WAITING
        at java.lang.Object.wait(Native Method)
        at java.util.TimerThread.mainLoop(Timer.java:552)
        at java.util.TimerThread.run(Timer.java:505)
"IPC Server listener on 0" daemon prio=5 tid=130 runnable
java.lang.Thread.State: RUNNABLE
        at sun.nio.ch.EPollArrayWrapper.epollWait(Native Method)
        at sun.nio.ch.EPollArrayWrapper.poll(EPollArrayWrapper.java:269)
        at sun.nio.ch.EPollSelectorImpl.doSelect(EPollSelectorImpl.java:93)
        at sun.nio.ch.SelectorImpl.lockAndDoSelect(SelectorImpl.java:86)
        at sun.nio.ch.SelectorImpl.select(SelectorImpl.java:97)
        at sun.nio.ch.SelectorImpl.select(SelectorImpl.java:101)
        at org.apache.hadoop.ipc.Server$Listener.run(Server.java:1358)
"IPC Server handler 6 on default port 39085" daemon prio=5 tid=160 timed_waiting
java.lang.Thread.State: TIMED_WAITING
        at sun.misc.Unsafe.park(Native Method)
        at java.util.concurrent.locks.LockSupport.parkNanos(LockSupport.java:215)
        at java.util.concurrent.locks.AbstractQueuedSynchronizer$ConditionObject.awaitNanos(AbstractQueuedSynchronizer.java:2078)
        at java.util.concurrent.LinkedBlockingQueue.poll(LinkedBlockingQueue.java:467)
        at org.apache.hadoop.ipc.CallQueueManager.take(CallQueueManager.java:317)
        at org.apache.hadoop.ipc.Server$Handler.run(Server.java:2942)
"IPC Server listener on 0" daemon prio=5 tid=28 runnable
java.lang.Thread.State: RUNNABLE
        at sun.nio.ch.EPollArrayWrapper.epollWait(Native Method)
        at sun.nio.ch.EPollArrayWrapper.poll(EPollArrayWrapper.java:269)
        at sun.nio.ch.EPollSelectorImpl.doSelect(EPollSelectorImpl.java:93)
        at sun.nio.ch.SelectorImpl.lockAndDoSelect(SelectorImpl.java:86)
        at sun.nio.ch.SelectorImpl.select(SelectorImpl.java:97)
        at sun.nio.ch.SelectorImpl.select(SelectorImpl.java:101)
        at org.apache.hadoop.ipc.Server$Listener.run(Server.java:1358)
"grpc-default-executor-5" daemon prio=5 tid=578 timed_waiting
java.lang.Thread.State: TIMED_WAITING
        at sun.misc.Unsafe.park(Native Method)
        at java.util.concurrent.locks.LockSupport.parkNanos(LockSupport.java:215)
        at java.util.concurrent.SynchronousQueue$TransferStack.awaitFulfill(SynchronousQueue.java:460)
        at java.util.concurrent.SynchronousQueue$TransferStack.transfer(SynchronousQueue.java:362)
        at java.util.concurrent.SynchronousQueue.poll(SynchronousQueue.java:941)
        at java.util.concurrent.ThreadPoolExecutor.getTask(ThreadPoolExecutor.java:1073)
        at java.util.concurrent.ThreadPoolExecutor.runWorker(ThreadPoolExecutor.java:1134)
        at java.util.concurrent.ThreadPoolExecutor$Worker.run(ThreadPoolExecutor.java:624)
        at java.lang.Thread.run(Thread.java:750)
"Socket Reader #1 for port 0"  prio=5 tid=25 runnable
java.lang.Thread.State: RUNNABLE
        at sun.nio.ch.EPollArrayWrapper.epollWait(Native Method)
        at sun.nio.ch.EPollArrayWrapper.poll(EPollArrayWrapper.java:269)
        at sun.nio.ch.EPollSelectorImpl.doSelect(EPollSelectorImpl.java:93)
        at sun.nio.ch.SelectorImpl.lockAndDoSelect(SelectorImpl.java:86)
        at sun.nio.ch.SelectorImpl.select(SelectorImpl.java:97)
        at sun.nio.ch.SelectorImpl.select(SelectorImpl.java:101)
        at org.apache.hadoop.ipc.Server$Listener$Reader.doRunLoop(Server.java:1296)
        at org.apache.hadoop.ipc.Server$Listener$Reader.run(Server.java:1275)
"qtp1943878214-115" daemon prio=5 tid=115 timed_waiting
java.lang.Thread.State: TIMED_WAITING
        at sun.misc.Unsafe.park(Native Method)
        at java.util.concurrent.locks.LockSupport.parkNanos(LockSupport.java:215)
        at java.util.concurrent.locks.AbstractQueuedSynchronizer$ConditionObject.awaitNanos(AbstractQueuedSynchronizer.java:2078)
        at org.eclipse.jetty.util.BlockingArrayQueue.poll(BlockingArrayQueue.java:382)
        at org.eclipse.jetty.util.thread.QueuedThreadPool$Runner.idleJobPoll(QueuedThreadPool.java:974)
        at org.eclipse.jetty.util.thread.QueuedThreadPool$Runner.run(QueuedThreadPool.java:1018)
        at java.lang.Thread.run(Thread.java:750)
"Periodic HDDS volume checker" daemon prio=5 tid=176 timed_waiting
java.lang.Thread.State: TIMED_WAITING
        at sun.misc.Unsafe.park(Native Method)
        at java.util.concurrent.locks.LockSupport.parkNanos(LockSupport.java:215)
        at java.util.concurrent.locks.AbstractQueuedSynchronizer$ConditionObject.awaitNanos(AbstractQueuedSynchronizer.java:2078)
        at java.util.concurrent.ScheduledThreadPoolExecutor$DelayedWorkQueue.take(ScheduledThreadPoolExecutor.java:1093)
        at java.util.concurrent.ScheduledThreadPoolExecutor$DelayedWorkQueue.take(ScheduledThreadPoolExecutor.java:809)
        at java.util.concurrent.ThreadPoolExecutor.getTask(ThreadPoolExecutor.java:1074)
        at java.util.concurrent.ThreadPoolExecutor.runWorker(ThreadPoolExecutor.java:1134)
        at java.util.concurrent.ThreadPoolExecutor$Worker.run(ThreadPoolExecutor.java:624)
        at java.lang.Thread.run(Thread.java:750)
"FixedThreadPoolWithAffinityExecutor-4-0" daemon prio=5 tid=40 timed_waiting
java.lang.Thread.State: TIMED_WAITING
        at sun.misc.Unsafe.park(Native Method)
        at java.util.concurrent.locks.LockSupport.parkNanos(LockSupport.java:215)
        at java.util.concurrent.locks.AbstractQueuedSynchronizer$ConditionObject.awaitNanos(AbstractQueuedSynchronizer.java:2078)
        at java.util.concurrent.LinkedBlockingQueue.poll(LinkedBlockingQueue.java:467)
        at org.apache.hadoop.hdds.scm.server.ContainerReportQueue.poll(ContainerReportQueue.java:266)
        at org.apache.hadoop.hdds.scm.server.ContainerReportQueue.poll(ContainerReportQueue.java:42)
        at org.apache.hadoop.hdds.server.events.FixedThreadPoolWithAffinityExecutor$ContainerReportProcessTask.run(FixedThreadPoolWithAffinityExecutor.java:248)
        at java.util.concurrent.Executors$RunnableAdapter.call(Executors.java:511)
        at java.util.concurrent.FutureTask.run(FutureTask.java:266)
        at java.util.concurrent.ThreadPoolExecutor.runWorker(ThreadPoolExecutor.java:1149)
        at java.util.concurrent.ThreadPoolExecutor$Worker.run(ThreadPoolExecutor.java:624)
        at java.lang.Thread.run(Thread.java:750)
"IPC Server handler 1 on default port 33929" daemon prio=5 tid=48 timed_waiting
java.lang.Thread.State: TIMED_WAITING
        at sun.misc.Unsafe.park(Native Method)
        at java.util.concurrent.locks.LockSupport.parkNanos(LockSupport.java:215)
        at java.util.concurrent.locks.AbstractQueuedSynchronizer$ConditionObject.awaitNanos(AbstractQueuedSynchronizer.java:2078)
        at java.util.concurrent.LinkedBlockingQueue.poll(LinkedBlockingQueue.java:467)
        at org.apache.hadoop.ipc.CallQueueManager.take(CallQueueManager.java:317)
        at org.apache.hadoop.ipc.Server$Handler.run(Server.java:2942)
"e3d3c1c6-e4ea-41ff-8088-7f0be060b7c0@group-EB97E70306BD-StateMachineUpdater" daemon prio=5 tid=491 timed_waiting
java.lang.Thread.State: TIMED_WAITING
        at sun.misc.Unsafe.park(Native Method)
        at java.util.concurrent.locks.LockSupport.parkNanos(LockSupport.java:215)
        at java.util.concurrent.CompletableFuture$Signaller.block(CompletableFuture.java:1709)
        at java.util.concurrent.ForkJoinPool.managedBlock(ForkJoinPool.java:3323)
        at java.util.concurrent.CompletableFuture.timedGet(CompletableFuture.java:1788)
        at java.util.concurrent.CompletableFuture.get(CompletableFuture.java:1928)
        at org.apache.ratis.util.AwaitForSignal.await(AwaitForSignal.java:56)
        at org.apache.ratis.server.impl.StateMachineUpdater.waitForCommit(StateMachineUpdater.java:207)
        at org.apache.ratis.server.impl.StateMachineUpdater.run(StateMachineUpdater.java:176)
        at java.lang.Thread.run(Thread.java:750)
"qtp134722204-191" daemon prio=5 tid=191 timed_waiting
java.lang.Thread.State: TIMED_WAITING
        at sun.misc.Unsafe.park(Native Method)
        at java.util.concurrent.locks.LockSupport.parkNanos(LockSupport.java:215)
        at java.util.concurrent.locks.AbstractQueuedSynchronizer$ConditionObject.awaitNanos(AbstractQueuedSynchronizer.java:2078)
        at org.eclipse.jetty.util.BlockingArrayQueue.poll(BlockingArrayQueue.java:382)
        at org.eclipse.jetty.util.thread.QueuedThreadPool$Runner.idleJobPoll(QueuedThreadPool.java:974)
        at org.eclipse.jetty.util.thread.QueuedThreadPool$Runner.run(QueuedThreadPool.java:1018)
        at java.lang.Thread.run(Thread.java:750)
"IPC Server handler 14 on default port 45041" daemon prio=5 tid=81 timed_waiting
java.lang.Thread.State: TIMED_WAITING
        at sun.misc.Unsafe.park(Native Method)
        at java.util.concurrent.locks.LockSupport.parkNanos(LockSupport.java:215)
        at java.util.concurrent.locks.AbstractQueuedSynchronizer$ConditionObject.awaitNanos(AbstractQueuedSynchronizer.java:2078)
        at java.util.concurrent.LinkedBlockingQueue.poll(LinkedBlockingQueue.java:467)
        at org.apache.hadoop.ipc.CallQueueManager.take(CallQueueManager.java:317)
        at org.apache.hadoop.ipc.Server$Handler.run(Server.java:2942)
"IPC Server handler 0 on default port 39085" daemon prio=5 tid=154 timed_waiting
java.lang.Thread.State: TIMED_WAITING
        at sun.misc.Unsafe.park(Native Method)
        at java.util.concurrent.locks.LockSupport.parkNanos(LockSupport.java:215)
        at java.util.concurrent.locks.AbstractQueuedSynchronizer$ConditionObject.awaitNanos(AbstractQueuedSynchronizer.java:2078)
        at java.util.concurrent.LinkedBlockingQueue.poll(LinkedBlockingQueue.java:467)
        at org.apache.hadoop.ipc.CallQueueManager.take(CallQueueManager.java:317)
        at org.apache.hadoop.ipc.Server$Handler.run(Server.java:2942)
"pool-71-thread-1"  prio=5 tid=415 in Object.wait()
java.lang.Thread.State: WAITING (on object monitor)
        at sun.misc.Unsafe.park(Native Method)
        at java.util.concurrent.locks.LockSupport.park(LockSupport.java:175)
        at java.util.concurrent.locks.AbstractQueuedSynchronizer$ConditionObject.await(AbstractQueuedSynchronizer.java:2039)
        at java.util.concurrent.LinkedBlockingQueue.take(LinkedBlockingQueue.java:442)
        at java.util.concurrent.ThreadPoolExecutor.getTask(ThreadPoolExecutor.java:1074)
        at java.util.concurrent.ThreadPoolExecutor.runWorker(ThreadPoolExecutor.java:1134)
        at java.util.concurrent.ThreadPoolExecutor$Worker.run(ThreadPoolExecutor.java:624)
        at java.lang.Thread.run(Thread.java:750)
"Finalizer" daemon prio=8 tid=3 in Object.wait()
java.lang.Thread.State: WAITING (on object monitor)
        at java.lang.Object.wait(Native Method)
        at java.lang.ref.ReferenceQueue.remove(ReferenceQueue.java:144)
        at java.lang.ref.ReferenceQueue.remove(ReferenceQueue.java:165)
        at java.lang.ref.Finalizer$FinalizerThread.run(Finalizer.java:188)
"ExpiredContainerReplicaOpScrubberThread" daemon prio=5 tid=18 timed_waiting
java.lang.Thread.State: TIMED_WAITING
        at java.lang.Object.wait(Native Method)
        at org.apache.hadoop.hdds.scm.ha.BackgroundSCMService.run(BackgroundSCMService.java:110)
        at org.apache.hadoop.hdds.scm.ha.BackgroundSCMService$$Lambda$395/1974284481.run(Unknown Source)
        at java.lang.Thread.run(Thread.java:750)
"PartialTableCache Cleanup Thread - 0" daemon prio=5 tid=624 in Object.wait()
java.lang.Thread.State: WAITING (on object monitor)
        at sun.misc.Unsafe.park(Native Method)
        at java.util.concurrent.locks.LockSupport.park(LockSupport.java:175)
        at java.util.concurrent.locks.AbstractQueuedSynchronizer$ConditionObject.await(AbstractQueuedSynchronizer.java:2039)
        at java.util.concurrent.LinkedBlockingQueue.take(LinkedBlockingQueue.java:442)
        at java.util.concurrent.ThreadPoolExecutor.getTask(ThreadPoolExecutor.java:1074)
        at java.util.concurrent.ThreadPoolExecutor.runWorker(ThreadPoolExecutor.java:1134)
        at java.util.concurrent.ThreadPoolExecutor$Worker.run(ThreadPoolExecutor.java:624)
        at java.lang.Thread.run(Thread.java:750)
"om1@group-C5BA1605619E-SegmentedRaftLogWorker"  prio=5 tid=135 timed_waiting
java.lang.Thread.State: TIMED_WAITING
        at sun.misc.Unsafe.park(Native Method)
        at java.util.concurrent.locks.LockSupport.parkNanos(LockSupport.java:215)
        at java.util.concurrent.locks.AbstractQueuedSynchronizer$ConditionObject.awaitNanos(AbstractQueuedSynchronizer.java:2078)
        at org.apache.ratis.util.DataBlockingQueue.poll(DataBlockingQueue.java:148)
        at org.apache.ratis.server.raftlog.segmented.SegmentedRaftLogWorker.run(SegmentedRaftLogWorker.java:312)
        at org.apache.ratis.server.raftlog.segmented.SegmentedRaftLogWorker$$Lambda$690/111575275.run(Unknown Source)
        at java.lang.Thread.run(Thread.java:750)
"3706267d-b1e5-497c-b8ee-f9aaec0fcf2c@group-9EF4914689B9-SegmentedRaftLogWorker"  prio=5 tid=430 timed_waiting
java.lang.Thread.State: TIMED_WAITING
        at sun.misc.Unsafe.park(Native Method)
        at java.util.concurrent.locks.LockSupport.parkNanos(LockSupport.java:215)
        at java.util.concurrent.locks.AbstractQueuedSynchronizer$ConditionObject.awaitNanos(AbstractQueuedSynchronizer.java:2078)
        at org.apache.ratis.util.DataBlockingQueue.poll(DataBlockingQueue.java:148)
        at org.apache.ratis.server.raftlog.segmented.SegmentedRaftLogWorker.run(SegmentedRaftLogWorker.java:312)
        at org.apache.ratis.server.raftlog.segmented.SegmentedRaftLogWorker$$Lambda$690/111575275.run(Unknown Source)
        at java.lang.Thread.run(Thread.java:750)
"StaleRecoveringContainerScrubbingService#2" daemon prio=5 tid=638 in Object.wait()
java.lang.Thread.State: WAITING (on object monitor)
        at sun.misc.Unsafe.park(Native Method)
        at java.util.concurrent.locks.LockSupport.park(LockSupport.java:175)
        at java.util.concurrent.locks.AbstractQueuedSynchronizer$ConditionObject.await(AbstractQueuedSynchronizer.java:2039)
        at java.util.concurrent.ScheduledThreadPoolExecutor$DelayedWorkQueue.take(ScheduledThreadPoolExecutor.java:1088)
        at java.util.concurrent.ScheduledThreadPoolExecutor$DelayedWorkQueue.take(ScheduledThreadPoolExecutor.java:809)
        at java.util.concurrent.ThreadPoolExecutor.getTask(ThreadPoolExecutor.java:1074)
        at java.util.concurrent.ThreadPoolExecutor.runWorker(ThreadPoolExecutor.java:1134)
        at java.util.concurrent.ThreadPoolExecutor$Worker.run(ThreadPoolExecutor.java:624)
        at java.lang.Thread.run(Thread.java:750)
"Datanode ReportManager Thread - 4" daemon prio=5 tid=226 timed_waiting
java.lang.Thread.State: TIMED_WAITING
        at sun.misc.Unsafe.park(Native Method)
        at java.util.concurrent.locks.LockSupport.parkNanos(LockSupport.java:215)
        at java.util.concurrent.locks.AbstractQueuedSynchronizer$ConditionObject.awaitNanos(AbstractQueuedSynchronizer.java:2078)
        at java.util.concurrent.ScheduledThreadPoolExecutor$DelayedWorkQueue.take(ScheduledThreadPoolExecutor.java:1093)
        at java.util.concurrent.ScheduledThreadPoolExecutor$DelayedWorkQueue.take(ScheduledThreadPoolExecutor.java:809)
        at java.util.concurrent.ThreadPoolExecutor.getTask(ThreadPoolExecutor.java:1074)
        at java.util.concurrent.ThreadPoolExecutor.runWorker(ThreadPoolExecutor.java:1134)
        at java.util.concurrent.ThreadPoolExecutor$Worker.run(ThreadPoolExecutor.java:624)
        at java.lang.Thread.run(Thread.java:750)
"Session-HouseKeeper-26984ff0-1"  prio=5 tid=272 timed_waiting
java.lang.Thread.State: TIMED_WAITING
        at sun.misc.Unsafe.park(Native Method)
        at java.util.concurrent.locks.LockSupport.parkNanos(LockSupport.java:215)
        at java.util.concurrent.locks.AbstractQueuedSynchronizer$ConditionObject.awaitNanos(AbstractQueuedSynchronizer.java:2078)
        at java.util.concurrent.ScheduledThreadPoolExecutor$DelayedWorkQueue.take(ScheduledThreadPoolExecutor.java:1093)
        at java.util.concurrent.ScheduledThreadPoolExecutor$DelayedWorkQueue.take(ScheduledThreadPoolExecutor.java:809)
        at java.util.concurrent.ThreadPoolExecutor.getTask(ThreadPoolExecutor.java:1074)
        at java.util.concurrent.ThreadPoolExecutor.runWorker(ThreadPoolExecutor.java:1134)
        at java.util.concurrent.ThreadPoolExecutor$Worker.run(ThreadPoolExecutor.java:624)
        at java.lang.Thread.run(Thread.java:750)
"JvmPauseMonitor0" daemon prio=5 tid=139 timed_waiting
java.lang.Thread.State: TIMED_WAITING
        at java.lang.Thread.sleep(Native Method)
        at java.lang.Thread.sleep(Thread.java:342)
        at java.util.concurrent.TimeUnit.sleep(TimeUnit.java:386)
        at org.apache.ratis.util.TimeDuration.sleep(TimeDuration.java:325)
        at org.apache.ratis.util.TimeDuration.sleep(TimeDuration.java:310)
        at org.apache.ratis.util.JvmPauseMonitor.detectPause(JvmPauseMonitor.java:119)
        at org.apache.ratis.util.JvmPauseMonitor.run(JvmPauseMonitor.java:108)
        at org.apache.ratis.util.JvmPauseMonitor$$Lambda$731/2135000930.run(Unknown Source)
        at java.lang.Thread.run(Thread.java:750)
"Datanode ReportManager Thread - 0" daemon prio=5 tid=196 timed_waiting
java.lang.Thread.State: TIMED_WAITING
        at sun.misc.Unsafe.park(Native Method)
        at java.util.concurrent.locks.LockSupport.parkNanos(LockSupport.java:215)
        at java.util.concurrent.locks.AbstractQueuedSynchronizer$ConditionObject.awaitNanos(AbstractQueuedSynchronizer.java:2078)
        at java.util.concurrent.ScheduledThreadPoolExecutor$DelayedWorkQueue.take(ScheduledThreadPoolExecutor.java:1093)
        at java.util.concurrent.ScheduledThreadPoolExecutor$DelayedWorkQueue.take(ScheduledThreadPoolExecutor.java:809)
        at java.util.concurrent.ThreadPoolExecutor.getTask(ThreadPoolExecutor.java:1074)
        at java.util.concurrent.ThreadPoolExecutor.runWorker(ThreadPoolExecutor.java:1134)
        at java.util.concurrent.ThreadPoolExecutor$Worker.run(ThreadPoolExecutor.java:624)
        at java.lang.Thread.run(Thread.java:750)
"BlockDeletingService#1" daemon prio=5 tid=358 timed_waiting
java.lang.Thread.State: TIMED_WAITING
        at sun.misc.Unsafe.park(Native Method)
        at java.util.concurrent.locks.LockSupport.parkNanos(LockSupport.java:215)
        at java.util.concurrent.locks.AbstractQueuedSynchronizer$ConditionObject.awaitNanos(AbstractQueuedSynchronizer.java:2078)
        at java.util.concurrent.ScheduledThreadPoolExecutor$DelayedWorkQueue.take(ScheduledThreadPoolExecutor.java:1093)
        at java.util.concurrent.ScheduledThreadPoolExecutor$DelayedWorkQueue.take(ScheduledThreadPoolExecutor.java:809)
        at java.util.concurrent.ThreadPoolExecutor.getTask(ThreadPoolExecutor.java:1074)
        at java.util.concurrent.ThreadPoolExecutor.runWorker(ThreadPoolExecutor.java:1134)
        at java.util.concurrent.ThreadPoolExecutor$Worker.run(ThreadPoolExecutor.java:624)
        at java.lang.Thread.run(Thread.java:750)
"qtp1991397243-149" daemon prio=5 tid=149 timed_waiting
java.lang.Thread.State: TIMED_WAITING
        at sun.misc.Unsafe.park(Native Method)
        at java.util.concurrent.locks.LockSupport.parkNanos(LockSupport.java:215)
        at java.util.concurrent.locks.AbstractQueuedSynchronizer$ConditionObject.awaitNanos(AbstractQueuedSynchronizer.java:2078)
        at org.eclipse.jetty.util.BlockingArrayQueue.poll(BlockingArrayQueue.java:382)
        at org.eclipse.jetty.util.thread.QueuedThreadPool$Runner.idleJobPoll(QueuedThreadPool.java:974)
        at org.eclipse.jetty.util.thread.QueuedThreadPool$Runner.run(QueuedThreadPool.java:1018)
        at java.lang.Thread.run(Thread.java:750)
"IPC Server handler 2 on default port 45041" daemon prio=5 tid=69 timed_waiting
java.lang.Thread.State: TIMED_WAITING
        at sun.misc.Unsafe.park(Native Method)
        at java.util.concurrent.locks.LockSupport.parkNanos(LockSupport.java:215)
        at java.util.concurrent.locks.AbstractQueuedSynchronizer$ConditionObject.awaitNanos(AbstractQueuedSynchronizer.java:2078)
        at java.util.concurrent.LinkedBlockingQueue.poll(LinkedBlockingQueue.java:467)
        at org.apache.hadoop.ipc.CallQueueManager.take(CallQueueManager.java:317)
        at org.apache.hadoop.ipc.Server$Handler.run(Server.java:2942)
"IPC Server handler 6 on default port 45041" daemon prio=5 tid=73 timed_waiting
java.lang.Thread.State: TIMED_WAITING
        at sun.misc.Unsafe.park(Native Method)
        at java.util.concurrent.locks.LockSupport.parkNanos(LockSupport.java:215)
        at java.util.concurrent.locks.AbstractQueuedSynchronizer$ConditionObject.awaitNanos(AbstractQueuedSynchronizer.java:2078)
        at java.util.concurrent.LinkedBlockingQueue.poll(LinkedBlockingQueue.java:467)
        at org.apache.hadoop.ipc.CallQueueManager.take(CallQueueManager.java:317)
        at org.apache.hadoop.ipc.Server$Handler.run(Server.java:2942)
"Datanode ReportManager Thread - 3" daemon prio=5 tid=199 in Object.wait()
java.lang.Thread.State: WAITING (on object monitor)
        at sun.misc.Unsafe.park(Native Method)
        at java.util.concurrent.locks.LockSupport.park(LockSupport.java:175)
        at java.util.concurrent.locks.AbstractQueuedSynchronizer$ConditionObject.await(AbstractQueuedSynchronizer.java:2039)
        at java.util.concurrent.ScheduledThreadPoolExecutor$DelayedWorkQueue.take(ScheduledThreadPoolExecutor.java:1088)
        at java.util.concurrent.ScheduledThreadPoolExecutor$DelayedWorkQueue.take(ScheduledThreadPoolExecutor.java:809)
        at java.util.concurrent.ThreadPoolExecutor.getTask(ThreadPoolExecutor.java:1074)
        at java.util.concurrent.ThreadPoolExecutor.runWorker(ThreadPoolExecutor.java:1134)
        at java.util.concurrent.ThreadPoolExecutor$Worker.run(ThreadPoolExecutor.java:624)
        at java.lang.Thread.run(Thread.java:750)
"ChunkWriter-0-0" daemon prio=5 tid=349 in Object.wait()
java.lang.Thread.State: WAITING (on object monitor)
        at sun.misc.Unsafe.park(Native Method)
        at java.util.concurrent.locks.LockSupport.park(LockSupport.java:175)
        at java.util.concurrent.locks.AbstractQueuedSynchronizer$ConditionObject.await(AbstractQueuedSynchronizer.java:2039)
        at java.util.concurrent.LinkedBlockingDeque.takeFirst(LinkedBlockingDeque.java:492)
        at java.util.concurrent.LinkedBlockingDeque.take(LinkedBlockingDeque.java:680)
        at java.util.concurrent.ThreadPoolExecutor.getTask(ThreadPoolExecutor.java:1074)
        at java.util.concurrent.ThreadPoolExecutor.runWorker(ThreadPoolExecutor.java:1134)
        at java.util.concurrent.ThreadPoolExecutor$Worker.run(ThreadPoolExecutor.java:624)
        at java.lang.Thread.run(Thread.java:750)
"IPC Server handler 5 on default port 33039" daemon prio=5 tid=92 timed_waiting
java.lang.Thread.State: TIMED_WAITING
        at sun.misc.Unsafe.park(Native Method)
        at java.util.concurrent.locks.LockSupport.parkNanos(LockSupport.java:215)
        at java.util.concurrent.locks.AbstractQueuedSynchronizer$ConditionObject.awaitNanos(AbstractQueuedSynchronizer.java:2078)
        at java.util.concurrent.LinkedBlockingQueue.poll(LinkedBlockingQueue.java:467)
        at org.apache.hadoop.ipc.CallQueueManager.take(CallQueueManager.java:317)
        at org.apache.hadoop.ipc.Server$Handler.run(Server.java:2942)
"ChunkWriter-0-0" daemon prio=5 tid=391 in Object.wait()
java.lang.Thread.State: WAITING (on object monitor)
        at sun.misc.Unsafe.park(Native Method)
        at java.util.concurrent.locks.LockSupport.park(LockSupport.java:175)
        at java.util.concurrent.locks.AbstractQueuedSynchronizer$ConditionObject.await(AbstractQueuedSynchronizer.java:2039)
        at java.util.concurrent.LinkedBlockingDeque.takeFirst(LinkedBlockingDeque.java:492)
        at java.util.concurrent.LinkedBlockingDeque.take(LinkedBlockingDeque.java:680)
        at java.util.concurrent.ThreadPoolExecutor.getTask(ThreadPoolExecutor.java:1074)
        at java.util.concurrent.ThreadPoolExecutor.runWorker(ThreadPoolExecutor.java:1134)
        at java.util.concurrent.ThreadPoolExecutor$Worker.run(ThreadPoolExecutor.java:624)
        at java.lang.Thread.run(Thread.java:750)
"64d479e5-fe0e-4358-9b9b-67f62582a254@group-9EF4914689B9-SegmentedRaftLogWorker"  prio=5 tid=420 timed_waiting
java.lang.Thread.State: TIMED_WAITING
        at sun.misc.Unsafe.park(Native Method)
        at java.util.concurrent.locks.LockSupport.parkNanos(LockSupport.java:215)
        at java.util.concurrent.locks.AbstractQueuedSynchronizer$ConditionObject.awaitNanos(AbstractQueuedSynchronizer.java:2078)
        at org.apache.ratis.util.DataBlockingQueue.poll(DataBlockingQueue.java:148)
        at org.apache.ratis.server.raftlog.segmented.SegmentedRaftLogWorker.run(SegmentedRaftLogWorker.java:312)
        at org.apache.ratis.server.raftlog.segmented.SegmentedRaftLogWorker$$Lambda$690/111575275.run(Unknown Source)
        at java.lang.Thread.run(Thread.java:750)
"IPC Server handler 7 on default port 39085" daemon prio=5 tid=161 timed_waiting
java.lang.Thread.State: TIMED_WAITING
        at sun.misc.Unsafe.park(Native Method)
        at java.util.concurrent.locks.LockSupport.parkNanos(LockSupport.java:215)
        at java.util.concurrent.locks.AbstractQueuedSynchronizer$ConditionObject.awaitNanos(AbstractQueuedSynchronizer.java:2078)
        at java.util.concurrent.LinkedBlockingQueue.poll(LinkedBlockingQueue.java:467)
        at org.apache.hadoop.ipc.CallQueueManager.take(CallQueueManager.java:317)
        at org.apache.hadoop.ipc.Server$Handler.run(Server.java:2942)
"Datanode ReportManager Thread - 1" daemon prio=5 tid=342 in Object.wait()
java.lang.Thread.State: WAITING (on object monitor)
        at sun.misc.Unsafe.park(Native Method)
        at java.util.concurrent.locks.LockSupport.park(LockSupport.java:175)
        at java.util.concurrent.locks.AbstractQueuedSynchronizer$ConditionObject.await(AbstractQueuedSynchronizer.java:2039)
        at java.util.concurrent.ScheduledThreadPoolExecutor$DelayedWorkQueue.take(ScheduledThreadPoolExecutor.java:1088)
        at java.util.concurrent.ScheduledThreadPoolExecutor$DelayedWorkQueue.take(ScheduledThreadPoolExecutor.java:809)
        at java.util.concurrent.ThreadPoolExecutor.getTask(ThreadPoolExecutor.java:1074)
        at java.util.concurrent.ThreadPoolExecutor.runWorker(ThreadPoolExecutor.java:1134)
        at java.util.concurrent.ThreadPoolExecutor$Worker.run(ThreadPoolExecutor.java:624)
        at java.lang.Thread.run(Thread.java:750)
"IPC Server handler 11 on default port 39085" daemon prio=5 tid=165 timed_waiting
java.lang.Thread.State: TIMED_WAITING
        at sun.misc.Unsafe.park(Native Method)
        at java.util.concurrent.locks.LockSupport.parkNanos(LockSupport.java:215)
        at java.util.concurrent.locks.AbstractQueuedSynchronizer$ConditionObject.awaitNanos(AbstractQueuedSynchronizer.java:2078)
        at java.util.concurrent.LinkedBlockingQueue.poll(LinkedBlockingQueue.java:467)
        at org.apache.hadoop.ipc.CallQueueManager.take(CallQueueManager.java:317)
        at org.apache.hadoop.ipc.Server$Handler.run(Server.java:2942)
"IPC Server listener on 0" daemon prio=5 tid=24 runnable
java.lang.Thread.State: RUNNABLE
        at sun.nio.ch.EPollArrayWrapper.epollWait(Native Method)
        at sun.nio.ch.EPollArrayWrapper.poll(EPollArrayWrapper.java:269)
        at sun.nio.ch.EPollSelectorImpl.doSelect(EPollSelectorImpl.java:93)
        at sun.nio.ch.SelectorImpl.lockAndDoSelect(SelectorImpl.java:86)
        at sun.nio.ch.SelectorImpl.select(SelectorImpl.java:97)
        at sun.nio.ch.SelectorImpl.select(SelectorImpl.java:101)
        at org.apache.hadoop.ipc.Server$Listener.run(Server.java:1358)
"qtp282046195-335" daemon prio=5 tid=335 timed_waiting
java.lang.Thread.State: TIMED_WAITING
        at sun.misc.Unsafe.park(Native Method)
        at java.util.concurrent.locks.LockSupport.parkNanos(LockSupport.java:215)
        at java.util.concurrent.locks.AbstractQueuedSynchronizer$ConditionObject.awaitNanos(AbstractQueuedSynchronizer.java:2078)
        at org.eclipse.jetty.util.BlockingArrayQueue.poll(BlockingArrayQueue.java:382)
        at org.eclipse.jetty.util.thread.QueuedThreadPool$Runner.idleJobPoll(QueuedThreadPool.java:974)
        at org.eclipse.jetty.util.thread.QueuedThreadPool$Runner.run(QueuedThreadPool.java:1018)
        at java.lang.Thread.run(Thread.java:750)
"pool-87-thread-1" daemon prio=5 tid=207 timed_waiting
java.lang.Thread.State: TIMED_WAITING
        at sun.misc.Unsafe.park(Native Method)
        at java.util.concurrent.locks.LockSupport.parkNanos(LockSupport.java:215)
        at java.util.concurrent.locks.AbstractQueuedSynchronizer$ConditionObject.awaitNanos(AbstractQueuedSynchronizer.java:2078)
        at java.util.concurrent.ScheduledThreadPoolExecutor$DelayedWorkQueue.take(ScheduledThreadPoolExecutor.java:1093)
        at java.util.concurrent.ScheduledThreadPoolExecutor$DelayedWorkQueue.take(ScheduledThreadPoolExecutor.java:809)
        at java.util.concurrent.ThreadPoolExecutor.getTask(ThreadPoolExecutor.java:1074)
        at java.util.concurrent.ThreadPoolExecutor.runWorker(ThreadPoolExecutor.java:1134)
        at java.util.concurrent.ThreadPoolExecutor$Worker.run(ThreadPoolExecutor.java:624)
        at java.lang.Thread.run(Thread.java:750)
"IPC Server idle connection scanner for port 33039" daemon prio=5 tid=26 timed_waiting
java.lang.Thread.State: TIMED_WAITING
        at java.lang.Object.wait(Native Method)
        at java.util.TimerThread.mainLoop(Timer.java:552)
        at java.util.TimerThread.run(Timer.java:505)
"IPC Server handler 11 on default port 33039" daemon prio=5 tid=98 timed_waiting
java.lang.Thread.State: TIMED_WAITING
        at sun.misc.Unsafe.park(Native Method)
        at java.util.concurrent.locks.LockSupport.parkNanos(LockSupport.java:215)
        at java.util.concurrent.locks.AbstractQueuedSynchronizer$ConditionObject.awaitNanos(AbstractQueuedSynchronizer.java:2078)
        at java.util.concurrent.LinkedBlockingQueue.poll(LinkedBlockingQueue.java:467)
        at org.apache.hadoop.ipc.CallQueueManager.take(CallQueueManager.java:317)
        at org.apache.hadoop.ipc.Server$Handler.run(Server.java:2942)
"qtp82017445-244" daemon prio=5 tid=244 timed_waiting
java.lang.Thread.State: TIMED_WAITING
        at sun.misc.Unsafe.park(Native Method)
        at java.util.concurrent.locks.LockSupport.parkNanos(LockSupport.java:215)
        at java.util.concurrent.locks.AbstractQueuedSynchronizer$ConditionObject.awaitNanos(AbstractQueuedSynchronizer.java:2078)
        at org.eclipse.jetty.util.BlockingArrayQueue.poll(BlockingArrayQueue.java:382)
        at org.eclipse.jetty.util.thread.QueuedThreadPool$Runner.idleJobPoll(QueuedThreadPool.java:974)
        at org.eclipse.jetty.util.thread.QueuedThreadPool$Runner.run(QueuedThreadPool.java:1018)
        at java.lang.Thread.run(Thread.java:750)
"OpenKeyCleanupService#0" daemon prio=5 tid=143 timed_waiting
java.lang.Thread.State: TIMED_WAITING
        at sun.misc.Unsafe.park(Native Method)
        at java.util.concurrent.locks.LockSupport.parkNanos(LockSupport.java:215)
        at java.util.concurrent.locks.AbstractQueuedSynchronizer$ConditionObject.awaitNanos(AbstractQueuedSynchronizer.java:2078)
        at java.util.concurrent.ScheduledThreadPoolExecutor$DelayedWorkQueue.take(ScheduledThreadPoolExecutor.java:1093)
        at java.util.concurrent.ScheduledThreadPoolExecutor$DelayedWorkQueue.take(ScheduledThreadPoolExecutor.java:809)
        at java.util.concurrent.ThreadPoolExecutor.getTask(ThreadPoolExecutor.java:1074)
        at java.util.concurrent.ThreadPoolExecutor.runWorker(ThreadPoolExecutor.java:1134)
        at java.util.concurrent.ThreadPoolExecutor$Worker.run(ThreadPoolExecutor.java:624)
        at java.lang.Thread.run(Thread.java:750)
"StaleRecoveringContainerScrubbingService#2" daemon prio=5 tid=634 in Object.wait()
java.lang.Thread.State: WAITING (on object monitor)
        at sun.misc.Unsafe.park(Native Method)
        at java.util.concurrent.locks.LockSupport.park(LockSupport.java:175)
        at java.util.concurrent.locks.AbstractQueuedSynchronizer$ConditionObject.await(AbstractQueuedSynchronizer.java:2039)
        at java.util.concurrent.ScheduledThreadPoolExecutor$DelayedWorkQueue.take(ScheduledThreadPoolExecutor.java:1088)
        at java.util.concurrent.ScheduledThreadPoolExecutor$DelayedWorkQueue.take(ScheduledThreadPoolExecutor.java:809)
        at java.util.concurrent.ThreadPoolExecutor.getTask(ThreadPoolExecutor.java:1074)
        at java.util.concurrent.ThreadPoolExecutor.runWorker(ThreadPoolExecutor.java:1134)
        at java.util.concurrent.ThreadPoolExecutor$Worker.run(ThreadPoolExecutor.java:624)
        at java.lang.Thread.run(Thread.java:750)
"IPC Server handler 12 on default port 39085" daemon prio=5 tid=166 timed_waiting
java.lang.Thread.State: TIMED_WAITING
        at sun.misc.Unsafe.park(Native Method)
        at java.util.concurrent.locks.LockSupport.parkNanos(LockSupport.java:215)
        at java.util.concurrent.locks.AbstractQueuedSynchronizer$ConditionObject.awaitNanos(AbstractQueuedSynchronizer.java:2078)
        at java.util.concurrent.LinkedBlockingQueue.poll(LinkedBlockingQueue.java:467)
        at org.apache.hadoop.ipc.CallQueueManager.take(CallQueueManager.java:317)
        at org.apache.hadoop.ipc.Server$Handler.run(Server.java:2942)
"IPC Server handler 18 on default port 45041" daemon prio=5 tid=85 timed_waiting
java.lang.Thread.State: TIMED_WAITING
        at sun.misc.Unsafe.park(Native Method)
        at java.util.concurrent.locks.LockSupport.parkNanos(LockSupport.java:215)
        at java.util.concurrent.locks.AbstractQueuedSynchronizer$ConditionObject.awaitNanos(AbstractQueuedSynchronizer.java:2078)
        at java.util.concurrent.LinkedBlockingQueue.poll(LinkedBlockingQueue.java:467)
        at org.apache.hadoop.ipc.CallQueueManager.take(CallQueueManager.java:317)
        at org.apache.hadoop.ipc.Server$Handler.run(Server.java:2942)
"IPC Server handler 2 on default port 33039" daemon prio=5 tid=89 timed_waiting
java.lang.Thread.State: TIMED_WAITING
        at sun.misc.Unsafe.park(Native Method)
        at java.util.concurrent.locks.LockSupport.parkNanos(LockSupport.java:215)
        at java.util.concurrent.locks.AbstractQueuedSynchronizer$ConditionObject.awaitNanos(AbstractQueuedSynchronizer.java:2078)
        at java.util.concurrent.LinkedBlockingQueue.poll(LinkedBlockingQueue.java:467)
        at org.apache.hadoop.ipc.CallQueueManager.take(CallQueueManager.java:317)
        at org.apache.hadoop.ipc.Server$Handler.run(Server.java:2942)
"BlockDeletingService#2" daemon prio=5 tid=633 in Object.wait()
java.lang.Thread.State: WAITING (on object monitor)
        at sun.misc.Unsafe.park(Native Method)
        at java.util.concurrent.locks.LockSupport.park(LockSupport.java:175)
        at java.util.concurrent.locks.AbstractQueuedSynchronizer$ConditionObject.await(AbstractQueuedSynchronizer.java:2039)
        at java.util.concurrent.ScheduledThreadPoolExecutor$DelayedWorkQueue.take(ScheduledThreadPoolExecutor.java:1088)
        at java.util.concurrent.ScheduledThreadPoolExecutor$DelayedWorkQueue.take(ScheduledThreadPoolExecutor.java:809)
        at java.util.concurrent.ThreadPoolExecutor.getTask(ThreadPoolExecutor.java:1074)
        at java.util.concurrent.ThreadPoolExecutor.runWorker(ThreadPoolExecutor.java:1134)
        at java.util.concurrent.ThreadPoolExecutor$Worker.run(ThreadPoolExecutor.java:624)
        at java.lang.Thread.run(Thread.java:750)
"ChunkWriter-1-0" daemon prio=5 tid=362 in Object.wait()
java.lang.Thread.State: WAITING (on object monitor)
        at sun.misc.Unsafe.park(Native Method)
        at java.util.concurrent.locks.LockSupport.park(LockSupport.java:175)
        at java.util.concurrent.locks.AbstractQueuedSynchronizer$ConditionObject.await(AbstractQueuedSynchronizer.java:2039)
        at java.util.concurrent.LinkedBlockingDeque.takeFirst(LinkedBlockingDeque.java:492)
        at java.util.concurrent.LinkedBlockingDeque.take(LinkedBlockingDeque.java:680)
        at java.util.concurrent.ThreadPoolExecutor.getTask(ThreadPoolExecutor.java:1074)
        at java.util.concurrent.ThreadPoolExecutor.runWorker(ThreadPoolExecutor.java:1134)
        at java.util.concurrent.ThreadPoolExecutor$Worker.run(ThreadPoolExecutor.java:624)
        at java.lang.Thread.run(Thread.java:750)
"Datanode State Machine Task Thread - 0"  prio=5 tid=319 in Object.wait()
java.lang.Thread.State: WAITING (on object monitor)
        at sun.misc.Unsafe.park(Native Method)
        at java.util.concurrent.locks.LockSupport.park(LockSupport.java:175)
        at java.util.concurrent.locks.AbstractQueuedSynchronizer$ConditionObject.await(AbstractQueuedSynchronizer.java:2039)
        at java.util.concurrent.LinkedBlockingQueue.take(LinkedBlockingQueue.java:442)
        at java.util.concurrent.ThreadPoolExecutor.getTask(ThreadPoolExecutor.java:1074)
        at java.util.concurrent.ThreadPoolExecutor.runWorker(ThreadPoolExecutor.java:1134)
        at java.util.concurrent.ThreadPoolExecutor$Worker.run(ThreadPoolExecutor.java:624)
        at java.lang.Thread.run(Thread.java:750)
"BlockDeletingService#2" daemon prio=5 tid=640 in Object.wait()
java.lang.Thread.State: WAITING (on object monitor)
        at sun.misc.Unsafe.park(Native Method)
        at java.util.concurrent.locks.LockSupport.park(LockSupport.java:175)
        at java.util.concurrent.locks.AbstractQueuedSynchronizer$ConditionObject.await(AbstractQueuedSynchronizer.java:2039)
        at java.util.concurrent.ScheduledThreadPoolExecutor$DelayedWorkQueue.take(ScheduledThreadPoolExecutor.java:1088)
        at java.util.concurrent.ScheduledThreadPoolExecutor$DelayedWorkQueue.take(ScheduledThreadPoolExecutor.java:809)
        at java.util.concurrent.ThreadPoolExecutor.getTask(ThreadPoolExecutor.java:1074)
        at java.util.concurrent.ThreadPoolExecutor.runWorker(ThreadPoolExecutor.java:1134)
        at java.util.concurrent.ThreadPoolExecutor$Worker.run(ThreadPoolExecutor.java:624)
        at java.lang.Thread.run(Thread.java:750)
"Datanode State Machine Task Thread - 0"  prio=5 tid=229 in Object.wait()
java.lang.Thread.State: WAITING (on object monitor)
        at sun.misc.Unsafe.park(Native Method)
        at java.util.concurrent.locks.LockSupport.park(LockSupport.java:175)
        at java.util.concurrent.locks.AbstractQueuedSynchronizer$ConditionObject.await(AbstractQueuedSynchronizer.java:2039)
        at java.util.concurrent.LinkedBlockingQueue.take(LinkedBlockingQueue.java:442)
        at java.util.concurrent.ThreadPoolExecutor.getTask(ThreadPoolExecutor.java:1074)
        at java.util.concurrent.ThreadPoolExecutor.runWorker(ThreadPoolExecutor.java:1134)
        at java.util.concurrent.ThreadPoolExecutor$Worker.run(ThreadPoolExecutor.java:624)
        at java.lang.Thread.run(Thread.java:750)
"timer7" daemon prio=5 tid=576 timed_waiting
java.lang.Thread.State: TIMED_WAITING
        at java.lang.Object.wait(Native Method)
        at java.util.TimerThread.mainLoop(Timer.java:552)
        at java.util.TimerThread.run(Timer.java:505)
"ChunkReader-ELG-0" daemon prio=5 tid=409 runnable
java.lang.Thread.State: RUNNABLE
        at org.apache.ratis.thirdparty.io.netty.channel.epoll.Native.epollWait(Native Method)
        at org.apache.ratis.thirdparty.io.netty.channel.epoll.Native.epollWait(Native.java:209)
        at org.apache.ratis.thirdparty.io.netty.channel.epoll.Native.epollWait(Native.java:202)
        at org.apache.ratis.thirdparty.io.netty.channel.epoll.EpollEventLoop.epollWaitNoTimerChange(EpollEventLoop.java:294)
        at org.apache.ratis.thirdparty.io.netty.channel.epoll.EpollEventLoop.run(EpollEventLoop.java:351)
        at org.apache.ratis.thirdparty.io.netty.util.concurrent.SingleThreadEventExecutor$4.run(SingleThreadEventExecutor.java:995)
        at org.apache.ratis.thirdparty.io.netty.util.internal.ThreadExecutorMap$2.run(ThreadExecutorMap.java:74)
        at java.lang.Thread.run(Thread.java:750)
"BlockDeletingService#0" daemon prio=5 tid=309 in Object.wait()
java.lang.Thread.State: WAITING (on object monitor)
        at sun.misc.Unsafe.park(Native Method)
        at java.util.concurrent.locks.LockSupport.park(LockSupport.java:175)
        at java.util.concurrent.locks.AbstractQueuedSynchronizer$ConditionObject.await(AbstractQueuedSynchronizer.java:2039)
        at java.util.concurrent.ScheduledThreadPoolExecutor$DelayedWorkQueue.take(ScheduledThreadPoolExecutor.java:1088)
        at java.util.concurrent.ScheduledThreadPoolExecutor$DelayedWorkQueue.take(ScheduledThreadPoolExecutor.java:809)
        at java.util.concurrent.ThreadPoolExecutor.getTask(ThreadPoolExecutor.java:1074)
        at java.util.concurrent.ThreadPoolExecutor.runWorker(ThreadPoolExecutor.java:1134)
        at java.util.concurrent.ThreadPoolExecutor$Worker.run(ThreadPoolExecutor.java:624)
        at java.lang.Thread.run(Thread.java:750)
"IPC Server handler 10 on default port 33929" daemon prio=5 tid=57 timed_waiting
java.lang.Thread.State: TIMED_WAITING
        at sun.misc.Unsafe.park(Native Method)
        at java.util.concurrent.locks.LockSupport.parkNanos(LockSupport.java:215)
        at java.util.concurrent.locks.AbstractQueuedSynchronizer$ConditionObject.awaitNanos(AbstractQueuedSynchronizer.java:2078)
        at java.util.concurrent.LinkedBlockingQueue.poll(LinkedBlockingQueue.java:467)
        at org.apache.hadoop.ipc.CallQueueManager.take(CallQueueManager.java:317)
        at org.apache.hadoop.ipc.Server$Handler.run(Server.java:2942)
"grpc-default-executor-3" daemon prio=5 tid=546 timed_waiting
java.lang.Thread.State: TIMED_WAITING
        at sun.misc.Unsafe.park(Native Method)
        at java.util.concurrent.locks.LockSupport.parkNanos(LockSupport.java:215)
        at java.util.concurrent.SynchronousQueue$TransferStack.awaitFulfill(SynchronousQueue.java:460)
        at java.util.concurrent.SynchronousQueue$TransferStack.transfer(SynchronousQueue.java:362)
        at java.util.concurrent.SynchronousQueue.poll(SynchronousQueue.java:941)
        at java.util.concurrent.ThreadPoolExecutor.getTask(ThreadPoolExecutor.java:1073)
        at java.util.concurrent.ThreadPoolExecutor.runWorker(ThreadPoolExecutor.java:1134)
        at java.util.concurrent.ThreadPoolExecutor$Worker.run(ThreadPoolExecutor.java:624)
        at java.lang.Thread.run(Thread.java:750)
"3706267d-b1e5-497c-b8ee-f9aaec0fcf2c@group-9EF4914689B9-StateMachineUpdater" daemon prio=5 tid=432 timed_waiting
java.lang.Thread.State: TIMED_WAITING
        at sun.misc.Unsafe.park(Native Method)
        at java.util.concurrent.locks.LockSupport.parkNanos(LockSupport.java:215)
        at java.util.concurrent.CompletableFuture$Signaller.block(CompletableFuture.java:1709)
        at java.util.concurrent.ForkJoinPool.managedBlock(ForkJoinPool.java:3323)
        at java.util.concurrent.CompletableFuture.timedGet(CompletableFuture.java:1788)
        at java.util.concurrent.CompletableFuture.get(CompletableFuture.java:1928)
        at org.apache.ratis.util.AwaitForSignal.await(AwaitForSignal.java:56)
        at org.apache.ratis.server.impl.StateMachineUpdater.waitForCommit(StateMachineUpdater.java:207)
        at org.apache.ratis.server.impl.StateMachineUpdater.run(StateMachineUpdater.java:176)
        at java.lang.Thread.run(Thread.java:750)
"qtp1991397243-146-acceptor-0@f24556f-ServerConnector@328cc3ee{HTTP/1.1, (http/1.1)}{0.0.0.0:35545}" daemon prio=3 tid=146 runnable
java.lang.Thread.State: RUNNABLE
        at sun.nio.ch.ServerSocketChannelImpl.accept0(Native Method)
        at sun.nio.ch.ServerSocketChannelImpl.accept(ServerSocketChannelImpl.java:421)
        at sun.nio.ch.ServerSocketChannelImpl.accept(ServerSocketChannelImpl.java:249)
        at org.eclipse.jetty.server.ServerConnector.accept(ServerConnector.java:388)
        at org.eclipse.jetty.server.AbstractConnector$Acceptor.run(AbstractConnector.java:704)
        at org.eclipse.jetty.util.thread.QueuedThreadPool.runJob(QueuedThreadPool.java:883)
        at org.eclipse.jetty.util.thread.QueuedThreadPool$Runner.run(QueuedThreadPool.java:1034)
        at java.lang.Thread.run(Thread.java:750)
"qtp1943878214-113" daemon prio=5 tid=113 timed_waiting
java.lang.Thread.State: TIMED_WAITING
        at sun.misc.Unsafe.park(Native Method)
        at java.util.concurrent.locks.LockSupport.parkNanos(LockSupport.java:215)
        at java.util.concurrent.locks.AbstractQueuedSynchronizer$ConditionObject.awaitNanos(AbstractQueuedSynchronizer.java:2078)
        at org.eclipse.jetty.util.BlockingArrayQueue.poll(BlockingArrayQueue.java:382)
        at org.eclipse.jetty.util.thread.QueuedThreadPool$Runner.idleJobPoll(QueuedThreadPool.java:974)
        at org.eclipse.jetty.util.thread.QueuedThreadPool$Runner.run(QueuedThreadPool.java:1018)
        at java.lang.Thread.run(Thread.java:750)
"pool-190-thread-1"  prio=5 tid=470 in Object.wait()
java.lang.Thread.State: WAITING (on object monitor)
        at sun.misc.Unsafe.park(Native Method)
        at java.util.concurrent.locks.LockSupport.park(LockSupport.java:175)
        at java.util.concurrent.locks.AbstractQueuedSynchronizer$ConditionObject.await(AbstractQueuedSynchronizer.java:2039)
        at java.util.concurrent.LinkedBlockingQueue.take(LinkedBlockingQueue.java:442)
        at java.util.concurrent.ThreadPoolExecutor.getTask(ThreadPoolExecutor.java:1074)
        at java.util.concurrent.ThreadPoolExecutor.runWorker(ThreadPoolExecutor.java:1134)
        at java.util.concurrent.ThreadPoolExecutor$Worker.run(ThreadPoolExecutor.java:624)
        at java.lang.Thread.run(Thread.java:750)
"Datanode State Machine Task Thread - 1"  prio=5 tid=371 in Object.wait()
java.lang.Thread.State: WAITING (on object monitor)
        at sun.misc.Unsafe.park(Native Method)
        at java.util.concurrent.locks.LockSupport.park(LockSupport.java:175)
        at java.util.concurrent.locks.AbstractQueuedSynchronizer$ConditionObject.await(AbstractQueuedSynchronizer.java:2039)
        at java.util.concurrent.LinkedBlockingQueue.take(LinkedBlockingQueue.java:442)
        at java.util.concurrent.ThreadPoolExecutor.getTask(ThreadPoolExecutor.java:1074)
        at java.util.concurrent.ThreadPoolExecutor.runWorker(ThreadPoolExecutor.java:1134)
        at java.util.concurrent.ThreadPoolExecutor$Worker.run(ThreadPoolExecutor.java:624)
        at java.lang.Thread.run(Thread.java:750)
"pool-199-thread-1"  prio=5 tid=328 timed_waiting
java.lang.Thread.State: TIMED_WAITING
        at sun.misc.Unsafe.park(Native Method)
        at java.util.concurrent.locks.LockSupport.parkNanos(LockSupport.java:215)
        at java.util.concurrent.locks.AbstractQueuedSynchronizer$ConditionObject.awaitNanos(AbstractQueuedSynchronizer.java:2078)
        at java.util.concurrent.ScheduledThreadPoolExecutor$DelayedWorkQueue.take(ScheduledThreadPoolExecutor.java:1093)
        at java.util.concurrent.ScheduledThreadPoolExecutor$DelayedWorkQueue.take(ScheduledThreadPoolExecutor.java:809)
        at java.util.concurrent.ThreadPoolExecutor.getTask(ThreadPoolExecutor.java:1074)
        at java.util.concurrent.ThreadPoolExecutor.runWorker(ThreadPoolExecutor.java:1134)
        at java.util.concurrent.ThreadPoolExecutor$Worker.run(ThreadPoolExecutor.java:624)
        at java.lang.Thread.run(Thread.java:750)
"EventQueue-NodeRegistrationContainerReportForDataNodeSafeModeRule" daemon prio=5 tid=384 in Object.wait()
java.lang.Thread.State: WAITING (on object monitor)
        at sun.misc.Unsafe.park(Native Method)
        at java.util.concurrent.locks.LockSupport.park(LockSupport.java:175)
        at java.util.concurrent.locks.AbstractQueuedSynchronizer$ConditionObject.await(AbstractQueuedSynchronizer.java:2039)
        at java.util.concurrent.LinkedBlockingQueue.take(LinkedBlockingQueue.java:442)
        at java.util.concurrent.ThreadPoolExecutor.getTask(ThreadPoolExecutor.java:1074)
        at java.util.concurrent.ThreadPoolExecutor.runWorker(ThreadPoolExecutor.java:1134)
        at java.util.concurrent.ThreadPoolExecutor$Worker.run(ThreadPoolExecutor.java:624)
        at java.lang.Thread.run(Thread.java:750)
"Datanode ReportManager Thread - 4" daemon prio=5 tid=316 in Object.wait()
java.lang.Thread.State: WAITING (on object monitor)
        at sun.misc.Unsafe.park(Native Method)
        at java.util.concurrent.locks.LockSupport.park(LockSupport.java:175)
        at java.util.concurrent.locks.AbstractQueuedSynchronizer$ConditionObject.await(AbstractQueuedSynchronizer.java:2039)
        at java.util.concurrent.ScheduledThreadPoolExecutor$DelayedWorkQueue.take(ScheduledThreadPoolExecutor.java:1088)
        at java.util.concurrent.ScheduledThreadPoolExecutor$DelayedWorkQueue.take(ScheduledThreadPoolExecutor.java:809)
        at java.util.concurrent.ThreadPoolExecutor.getTask(ThreadPoolExecutor.java:1074)
        at java.util.concurrent.ThreadPoolExecutor.runWorker(ThreadPoolExecutor.java:1134)
        at java.util.concurrent.ThreadPoolExecutor$Worker.run(ThreadPoolExecutor.java:624)
        at java.lang.Thread.run(Thread.java:750)
"BackgroundPipelineScrubberThread" daemon prio=5 tid=17 timed_waiting
java.lang.Thread.State: TIMED_WAITING
        at java.lang.Object.wait(Native Method)
        at org.apache.hadoop.hdds.scm.ha.BackgroundSCMService.run(BackgroundSCMService.java:110)
        at org.apache.hadoop.hdds.scm.ha.BackgroundSCMService$$Lambda$395/1974284481.run(Unknown Source)
        at java.lang.Thread.run(Thread.java:750)
"EventQueue-DatanodeCommandForSCMNodeManager"  prio=5 tid=388 in Object.wait()
java.lang.Thread.State: WAITING (on object monitor)
        at sun.misc.Unsafe.park(Native Method)
        at java.util.concurrent.locks.LockSupport.park(LockSupport.java:175)
        at java.util.concurrent.locks.AbstractQueuedSynchronizer$ConditionObject.await(AbstractQueuedSynchronizer.java:2039)
        at java.util.concurrent.LinkedBlockingQueue.take(LinkedBlockingQueue.java:442)
        at java.util.concurrent.ThreadPoolExecutor.getTask(ThreadPoolExecutor.java:1074)
        at java.util.concurrent.ThreadPoolExecutor.runWorker(ThreadPoolExecutor.java:1134)
        at java.util.concurrent.ThreadPoolExecutor$Worker.run(ThreadPoolExecutor.java:624)
        at java.lang.Thread.run(Thread.java:750)
"org.apache.hadoop.util.JvmPauseMonitor$Monitor@5a31d662" daemon prio=5 tid=174 timed_waiting
java.lang.Thread.State: TIMED_WAITING
        at java.lang.Thread.sleep(Native Method)
        at org.apache.hadoop.util.JvmPauseMonitor$Monitor.run(JvmPauseMonitor.java:192)
        at java.lang.Thread.run(Thread.java:750)
"prometheus" daemon prio=5 tid=119 in Object.wait()
java.lang.Thread.State: WAITING (on object monitor)
        at java.lang.Object.wait(Native Method)
        at java.lang.Object.wait(Object.java:502)
        at org.apache.hadoop.metrics2.impl.SinkQueue.waitForData(SinkQueue.java:114)
        at org.apache.hadoop.metrics2.impl.SinkQueue.consumeAll(SinkQueue.java:83)
        at org.apache.hadoop.metrics2.impl.MetricsSinkAdapter.publishMetricsFromQueue(MetricsSinkAdapter.java:135)
        at org.apache.hadoop.metrics2.impl.MetricsSinkAdapter$1.run(MetricsSinkAdapter.java:89)
"grpc-default-worker-ELG-3-1" daemon prio=5 tid=423 runnable
java.lang.Thread.State: RUNNABLE
        at org.apache.ratis.thirdparty.io.netty.channel.epoll.Native.epollWait0(Native Method)
        at org.apache.ratis.thirdparty.io.netty.channel.epoll.Native.epollWait(Native.java:182)
        at org.apache.ratis.thirdparty.io.netty.channel.epoll.EpollEventLoop.epollWait(EpollEventLoop.java:290)
        at org.apache.ratis.thirdparty.io.netty.channel.epoll.EpollEventLoop.run(EpollEventLoop.java:354)
        at org.apache.ratis.thirdparty.io.netty.util.concurrent.SingleThreadEventExecutor$4.run(SingleThreadEventExecutor.java:995)
        at org.apache.ratis.thirdparty.io.netty.util.internal.ThreadExecutorMap$2.run(ThreadExecutorMap.java:74)
        at org.apache.ratis.thirdparty.io.netty.util.concurrent.FastThreadLocalRunnable.run(FastThreadLocalRunnable.java:30)
        at java.lang.Thread.run(Thread.java:750)
"64d479e5-fe0e-4358-9b9b-67f62582a254@group-9EF4914689B9-StateMachineUpdater" daemon prio=5 tid=422 timed_waiting
java.lang.Thread.State: TIMED_WAITING
        at sun.misc.Unsafe.park(Native Method)
        at java.util.concurrent.locks.LockSupport.parkNanos(LockSupport.java:215)
        at java.util.concurrent.CompletableFuture$Signaller.block(CompletableFuture.java:1709)
        at java.util.concurrent.ForkJoinPool.managedBlock(ForkJoinPool.java:3323)
        at java.util.concurrent.CompletableFuture.timedGet(CompletableFuture.java:1788)
        at java.util.concurrent.CompletableFuture.get(CompletableFuture.java:1928)
        at org.apache.ratis.util.AwaitForSignal.await(AwaitForSignal.java:56)
        at org.apache.ratis.server.impl.StateMachineUpdater.waitForCommit(StateMachineUpdater.java:207)
        at org.apache.ratis.server.impl.StateMachineUpdater.run(StateMachineUpdater.java:176)
        at java.lang.Thread.run(Thread.java:750)
"grpc-default-executor-2" daemon prio=5 tid=545 timed_waiting
java.lang.Thread.State: TIMED_WAITING
        at sun.misc.Unsafe.park(Native Method)
        at java.util.concurrent.locks.LockSupport.parkNanos(LockSupport.java:215)
        at java.util.concurrent.SynchronousQueue$TransferStack.awaitFulfill(SynchronousQueue.java:460)
        at java.util.concurrent.SynchronousQueue$TransferStack.transfer(SynchronousQueue.java:362)
        at java.util.concurrent.SynchronousQueue.poll(SynchronousQueue.java:941)
        at java.util.concurrent.ThreadPoolExecutor.getTask(ThreadPoolExecutor.java:1073)
        at java.util.concurrent.ThreadPoolExecutor.runWorker(ThreadPoolExecutor.java:1134)
        at java.util.concurrent.ThreadPoolExecutor$Worker.run(ThreadPoolExecutor.java:624)
        at java.lang.Thread.run(Thread.java:750)
"SCM Heartbeat Processing Thread - 0" daemon prio=5 tid=15 timed_waiting
java.lang.Thread.State: TIMED_WAITING
        at sun.misc.Unsafe.park(Native Method)
        at java.util.concurrent.locks.LockSupport.parkNanos(LockSupport.java:215)
        at java.util.concurrent.locks.AbstractQueuedSynchronizer$ConditionObject.awaitNanos(AbstractQueuedSynchronizer.java:2078)
        at java.util.concurrent.ScheduledThreadPoolExecutor$DelayedWorkQueue.take(ScheduledThreadPoolExecutor.java:1093)
        at java.util.concurrent.ScheduledThreadPoolExecutor$DelayedWorkQueue.take(ScheduledThreadPoolExecutor.java:809)
        at java.util.concurrent.ThreadPoolExecutor.getTask(ThreadPoolExecutor.java:1074)
        at java.util.concurrent.ThreadPoolExecutor.runWorker(ThreadPoolExecutor.java:1134)
        at java.util.concurrent.ThreadPoolExecutor$Worker.run(ThreadPoolExecutor.java:624)
        at java.lang.Thread.run(Thread.java:750)
"StaleRecoveringContainerScrubbingService#2" daemon prio=5 tid=631 in Object.wait()
java.lang.Thread.State: WAITING (on object monitor)
        at sun.misc.Unsafe.park(Native Method)
        at java.util.concurrent.locks.LockSupport.park(LockSupport.java:175)
        at java.util.concurrent.locks.AbstractQueuedSynchronizer$ConditionObject.await(AbstractQueuedSynchronizer.java:2039)
        at java.util.concurrent.ScheduledThreadPoolExecutor$DelayedWorkQueue.take(ScheduledThreadPoolExecutor.java:1088)
        at java.util.concurrent.ScheduledThreadPoolExecutor$DelayedWorkQueue.take(ScheduledThreadPoolExecutor.java:809)
        at java.util.concurrent.ThreadPoolExecutor.getTask(ThreadPoolExecutor.java:1074)
        at java.util.concurrent.ThreadPoolExecutor.runWorker(ThreadPoolExecutor.java:1134)
        at java.util.concurrent.ThreadPoolExecutor$Worker.run(ThreadPoolExecutor.java:624)
        at java.lang.Thread.run(Thread.java:750)
"e3d3c1c6-e4ea-41ff-8088-7f0be060b7c0@group-EB97E70306BD-SegmentedRaftLogWorker"  prio=5 tid=487 timed_waiting
java.lang.Thread.State: TIMED_WAITING
        at sun.misc.Unsafe.park(Native Method)
        at java.util.concurrent.locks.LockSupport.parkNanos(LockSupport.java:215)
        at java.util.concurrent.locks.AbstractQueuedSynchronizer$ConditionObject.awaitNanos(AbstractQueuedSynchronizer.java:2078)
        at org.apache.ratis.util.DataBlockingQueue.poll(DataBlockingQueue.java:148)
        at org.apache.ratis.server.raftlog.segmented.SegmentedRaftLogWorker.run(SegmentedRaftLogWorker.java:312)
        at org.apache.ratis.server.raftlog.segmented.SegmentedRaftLogWorker$$Lambda$690/111575275.run(Unknown Source)
        at java.lang.Thread.run(Thread.java:750)
"IPC Server handler 13 on default port 39085" daemon prio=5 tid=167 timed_waiting
java.lang.Thread.State: TIMED_WAITING
        at sun.misc.Unsafe.park(Native Method)
        at java.util.concurrent.locks.LockSupport.parkNanos(LockSupport.java:215)
        at java.util.concurrent.locks.AbstractQueuedSynchronizer$ConditionObject.awaitNanos(AbstractQueuedSynchronizer.java:2078)
        at java.util.concurrent.LinkedBlockingQueue.poll(LinkedBlockingQueue.java:467)
        at org.apache.hadoop.ipc.CallQueueManager.take(CallQueueManager.java:317)
        at org.apache.hadoop.ipc.Server$Handler.run(Server.java:2942)
"StaleRecoveringContainerScrubbingService#0" daemon prio=5 tid=356 in Object.wait()
java.lang.Thread.State: WAITING (on object monitor)
        at sun.misc.Unsafe.park(Native Method)
        at java.util.concurrent.locks.LockSupport.park(LockSupport.java:175)
        at java.util.concurrent.locks.AbstractQueuedSynchronizer$ConditionObject.await(AbstractQueuedSynchronizer.java:2039)
        at java.util.concurrent.ScheduledThreadPoolExecutor$DelayedWorkQueue.take(ScheduledThreadPoolExecutor.java:1088)
        at java.util.concurrent.ScheduledThreadPoolExecutor$DelayedWorkQueue.take(ScheduledThreadPoolExecutor.java:809)
        at java.util.concurrent.ThreadPoolExecutor.getTask(ThreadPoolExecutor.java:1074)
        at java.util.concurrent.ThreadPoolExecutor.runWorker(ThreadPoolExecutor.java:1134)
        at java.util.concurrent.ThreadPoolExecutor$Worker.run(ThreadPoolExecutor.java:624)
        at java.lang.Thread.run(Thread.java:750)
"org.apache.hadoop.util.JvmPauseMonitor$Monitor@6f858311" daemon prio=5 tid=280 timed_waiting
java.lang.Thread.State: TIMED_WAITING
        at java.lang.Thread.sleep(Native Method)
        at org.apache.hadoop.util.JvmPauseMonitor$Monitor.run(JvmPauseMonitor.java:192)
        at java.lang.Thread.run(Thread.java:750)
"Over Replicated Processor" daemon prio=5 tid=21 timed_waiting
java.lang.Thread.State: TIMED_WAITING
        at java.lang.Object.wait(Native Method)
        at org.apache.hadoop.hdds.scm.container.replication.OverReplicatedProcessor.run(OverReplicatedProcessor.java:103)
        at java.lang.Thread.run(Thread.java:750)
"ReplicationMonitor" daemon prio=5 tid=19 timed_waiting
java.lang.Thread.State: TIMED_WAITING
        at java.lang.Object.wait(Native Method)
        at org.apache.hadoop.hdds.scm.container.replication.ReplicationManager.run(ReplicationManager.java:630)
        at org.apache.hadoop.hdds.scm.container.replication.ReplicationManager$$Lambda$402/1038014730.run(Unknown Source)
        at java.lang.Thread.run(Thread.java:750)
"org.apache.hadoop.util.JvmPauseMonitor$Monitor@66705800" daemon prio=5 tid=228 timed_waiting
java.lang.Thread.State: TIMED_WAITING
        at java.lang.Thread.sleep(Native Method)
        at org.apache.hadoop.util.JvmPauseMonitor$Monitor.run(JvmPauseMonitor.java:192)
        at java.lang.Thread.run(Thread.java:750)
"EndpointStateMachine task thread for /0.0.0.0:33039 - 0 "  prio=5 tid=339 in Object.wait()
java.lang.Thread.State: WAITING (on object monitor)
        at sun.misc.Unsafe.park(Native Method)
        at java.util.concurrent.locks.LockSupport.park(LockSupport.java:175)
        at java.util.concurrent.locks.AbstractQueuedSynchronizer$ConditionObject.await(AbstractQueuedSynchronizer.java:2039)
        at java.util.concurrent.LinkedBlockingQueue.take(LinkedBlockingQueue.java:442)
        at java.util.concurrent.ThreadPoolExecutor.getTask(ThreadPoolExecutor.java:1074)
        at java.util.concurrent.ThreadPoolExecutor.runWorker(ThreadPoolExecutor.java:1134)
        at java.util.concurrent.ThreadPoolExecutor$Worker.run(ThreadPoolExecutor.java:624)
        at java.lang.Thread.run(Thread.java:750)
"ChunkWriter-1-0" daemon prio=5 tid=374 in Object.wait()
java.lang.Thread.State: WAITING (on object monitor)
        at sun.misc.Unsafe.park(Native Method)
        at java.util.concurrent.locks.LockSupport.park(LockSupport.java:175)
        at java.util.concurrent.locks.AbstractQueuedSynchronizer$ConditionObject.await(AbstractQueuedSynchronizer.java:2039)
        at java.util.concurrent.LinkedBlockingDeque.takeFirst(LinkedBlockingDeque.java:492)
        at java.util.concurrent.LinkedBlockingDeque.take(LinkedBlockingDeque.java:680)
        at java.util.concurrent.ThreadPoolExecutor.getTask(ThreadPoolExecutor.java:1074)
        at java.util.concurrent.ThreadPoolExecutor.runWorker(ThreadPoolExecutor.java:1134)
        at java.util.concurrent.ThreadPoolExecutor$Worker.run(ThreadPoolExecutor.java:624)
        at java.lang.Thread.run(Thread.java:750)
"64d479e5-fe0e-4358-9b9b-67f62582a254@group-B4A6CDCEE827-SegmentedRaftLogWorker"  prio=5 tid=416 timed_waiting
java.lang.Thread.State: TIMED_WAITING
        at sun.misc.Unsafe.park(Native Method)
        at java.util.concurrent.locks.LockSupport.parkNanos(LockSupport.java:215)
        at java.util.concurrent.locks.AbstractQueuedSynchronizer$ConditionObject.awaitNanos(AbstractQueuedSynchronizer.java:2078)
        at org.apache.ratis.util.DataBlockingQueue.poll(DataBlockingQueue.java:148)
        at org.apache.ratis.server.raftlog.segmented.SegmentedRaftLogWorker.run(SegmentedRaftLogWorker.java:312)
        at org.apache.ratis.server.raftlog.segmented.SegmentedRaftLogWorker$$Lambda$690/111575275.run(Unknown Source)
        at java.lang.Thread.run(Thread.java:750)
"ChunkWriter-1-0" daemon prio=5 tid=392 in Object.wait()
java.lang.Thread.State: WAITING (on object monitor)
        at sun.misc.Unsafe.park(Native Method)
        at java.util.concurrent.locks.LockSupport.park(LockSupport.java:175)
        at java.util.concurrent.locks.AbstractQueuedSynchronizer$ConditionObject.await(AbstractQueuedSynchronizer.java:2039)
        at java.util.concurrent.LinkedBlockingDeque.takeFirst(LinkedBlockingDeque.java:492)
        at java.util.concurrent.LinkedBlockingDeque.take(LinkedBlockingDeque.java:680)
        at java.util.concurrent.ThreadPoolExecutor.getTask(ThreadPoolExecutor.java:1074)
        at java.util.concurrent.ThreadPoolExecutor.runWorker(ThreadPoolExecutor.java:1134)
        at java.util.concurrent.ThreadPoolExecutor$Worker.run(ThreadPoolExecutor.java:624)
        at java.lang.Thread.run(Thread.java:750)
"FixedThreadPoolWithAffinityExecutor-0-0" daemon prio=5 tid=36 timed_waiting
java.lang.Thread.State: TIMED_WAITING
        at sun.misc.Unsafe.park(Native Method)
        at java.util.concurrent.locks.LockSupport.parkNanos(LockSupport.java:215)
        at java.util.concurrent.locks.AbstractQueuedSynchronizer$ConditionObject.awaitNanos(AbstractQueuedSynchronizer.java:2078)
        at java.util.concurrent.LinkedBlockingQueue.poll(LinkedBlockingQueue.java:467)
        at org.apache.hadoop.hdds.scm.server.ContainerReportQueue.poll(ContainerReportQueue.java:266)
        at org.apache.hadoop.hdds.scm.server.ContainerReportQueue.poll(ContainerReportQueue.java:42)
        at org.apache.hadoop.hdds.server.events.FixedThreadPoolWithAffinityExecutor$ContainerReportProcessTask.run(FixedThreadPoolWithAffinityExecutor.java:248)
        at java.util.concurrent.Executors$RunnableAdapter.call(Executors.java:511)
        at java.util.concurrent.FutureTask.run(FutureTask.java:266)
        at java.util.concurrent.ThreadPoolExecutor.runWorker(ThreadPoolExecutor.java:1149)
        at java.util.concurrent.ThreadPoolExecutor$Worker.run(ThreadPoolExecutor.java:624)
        at java.lang.Thread.run(Thread.java:750)
"EventQueue-NewNodeForNewNodeHandler" daemon prio=5 tid=383 in Object.wait()
java.lang.Thread.State: WAITING (on object monitor)
        at sun.misc.Unsafe.park(Native Method)
        at java.util.concurrent.locks.LockSupport.park(LockSupport.java:175)
        at java.util.concurrent.locks.AbstractQueuedSynchronizer$ConditionObject.await(AbstractQueuedSynchronizer.java:2039)
        at java.util.concurrent.LinkedBlockingQueue.take(LinkedBlockingQueue.java:442)
        at java.util.concurrent.ThreadPoolExecutor.getTask(ThreadPoolExecutor.java:1074)
        at java.util.concurrent.ThreadPoolExecutor.runWorker(ThreadPoolExecutor.java:1134)
        at java.util.concurrent.ThreadPoolExecutor$Worker.run(ThreadPoolExecutor.java:624)
        at java.lang.Thread.run(Thread.java:750)
"Datanode ReportManager Thread - 2" daemon prio=5 tid=224 in Object.wait()
java.lang.Thread.State: WAITING (on object monitor)
        at sun.misc.Unsafe.park(Native Method)
        at java.util.concurrent.locks.LockSupport.park(LockSupport.java:175)
        at java.util.concurrent.locks.AbstractQueuedSynchronizer$ConditionObject.await(AbstractQueuedSynchronizer.java:2039)
        at java.util.concurrent.ScheduledThreadPoolExecutor$DelayedWorkQueue.take(ScheduledThreadPoolExecutor.java:1088)
        at java.util.concurrent.ScheduledThreadPoolExecutor$DelayedWorkQueue.take(ScheduledThreadPoolExecutor.java:809)
        at java.util.concurrent.ThreadPoolExecutor.getTask(ThreadPoolExecutor.java:1074)
        at java.util.concurrent.ThreadPoolExecutor.runWorker(ThreadPoolExecutor.java:1134)
        at java.util.concurrent.ThreadPoolExecutor$Worker.run(ThreadPoolExecutor.java:624)
        at java.lang.Thread.run(Thread.java:750)
"IPC Server handler 3 on default port 39085" daemon prio=5 tid=157 timed_waiting
java.lang.Thread.State: TIMED_WAITING
        at sun.misc.Unsafe.park(Native Method)
        at java.util.concurrent.locks.LockSupport.parkNanos(LockSupport.java:215)
        at java.util.concurrent.locks.AbstractQueuedSynchronizer$ConditionObject.awaitNanos(AbstractQueuedSynchronizer.java:2078)
        at java.util.concurrent.LinkedBlockingQueue.poll(LinkedBlockingQueue.java:467)
        at org.apache.hadoop.ipc.CallQueueManager.take(CallQueueManager.java:317)
        at org.apache.hadoop.ipc.Server$Handler.run(Server.java:2942)
"3706267d-b1e5-497c-b8ee-f9aaec0fcf2c-server-thread1" daemon prio=5 tid=617 timed_waiting
java.lang.Thread.State: TIMED_WAITING
        at sun.misc.Unsafe.park(Native Method)
        at java.util.concurrent.locks.LockSupport.parkNanos(LockSupport.java:215)
        at java.util.concurrent.SynchronousQueue$TransferStack.awaitFulfill(SynchronousQueue.java:460)
        at java.util.concurrent.SynchronousQueue$TransferStack.transfer(SynchronousQueue.java:362)
        at java.util.concurrent.SynchronousQueue.poll(SynchronousQueue.java:941)
        at java.util.concurrent.ThreadPoolExecutor.getTask(ThreadPoolExecutor.java:1073)
        at java.util.concurrent.ThreadPoolExecutor.runWorker(ThreadPoolExecutor.java:1134)
        at java.util.concurrent.ThreadPoolExecutor$Worker.run(ThreadPoolExecutor.java:624)
        at java.lang.Thread.run(Thread.java:750)
"qtp1366704802-271" daemon prio=5 tid=271 timed_waiting
java.lang.Thread.State: TIMED_WAITING
        at sun.misc.Unsafe.park(Native Method)
        at java.util.concurrent.locks.LockSupport.parkNanos(LockSupport.java:215)
        at java.util.concurrent.locks.AbstractQueuedSynchronizer$ConditionObject.awaitNanos(AbstractQueuedSynchronizer.java:2078)
        at org.eclipse.jetty.util.BlockingArrayQueue.poll(BlockingArrayQueue.java:382)
        at org.eclipse.jetty.util.thread.QueuedThreadPool$Runner.idleJobPoll(QueuedThreadPool.java:974)
        at org.eclipse.jetty.util.thread.QueuedThreadPool$Runner.run(QueuedThreadPool.java:1018)
        at java.lang.Thread.run(Thread.java:750)
"Datanode State Machine Daemon Thread" daemon prio=5 tid=195 timed_waiting
java.lang.Thread.State: TIMED_WAITING
        at java.lang.Thread.sleep(Native Method)
        at org.apache.hadoop.ozone.container.common.statemachine.DatanodeStateMachine.startStateMachineThread(DatanodeStateMachine.java:321)
        at org.apache.hadoop.ozone.container.common.statemachine.DatanodeStateMachine.lambda$startDaemon$0(DatanodeStateMachine.java:506)
        at org.apache.hadoop.ozone.container.common.statemachine.DatanodeStateMachine$$Lambda$833/577239715.run(Unknown Source)
        at java.lang.Thread.run(Thread.java:750)
"qtp1991397243-152" daemon prio=5 tid=152 timed_waiting
java.lang.Thread.State: TIMED_WAITING
        at sun.misc.Unsafe.park(Native Method)
        at java.util.concurrent.locks.LockSupport.parkNanos(LockSupport.java:215)
        at java.util.concurrent.locks.AbstractQueuedSynchronizer$ConditionObject.awaitNanos(AbstractQueuedSynchronizer.java:2078)
        at org.eclipse.jetty.util.BlockingArrayQueue.poll(BlockingArrayQueue.java:382)
        at org.eclipse.jetty.util.thread.QueuedThreadPool$Runner.idleJobPoll(QueuedThreadPool.java:974)
        at org.eclipse.jetty.util.thread.QueuedThreadPool$Runner.run(QueuedThreadPool.java:1018)
        at java.lang.Thread.run(Thread.java:750)
"qtp1737696383-292" daemon prio=5 tid=292 timed_waiting
java.lang.Thread.State: TIMED_WAITING
        at sun.misc.Unsafe.park(Native Method)
        at java.util.concurrent.locks.LockSupport.parkNanos(LockSupport.java:215)
        at java.util.concurrent.locks.AbstractQueuedSynchronizer$ConditionObject.awaitNanos(AbstractQueuedSynchronizer.java:2078)
        at org.eclipse.jetty.util.BlockingArrayQueue.poll(BlockingArrayQueue.java:382)
        at org.eclipse.jetty.util.thread.QueuedThreadPool$Runner.idleJobPoll(QueuedThreadPool.java:974)
        at org.eclipse.jetty.util.thread.QueuedThreadPool$Runner.run(QueuedThreadPool.java:1018)
        at java.lang.Thread.run(Thread.java:750)
"BlockDeletingService#2" daemon prio=5 tid=636 in Object.wait()
java.lang.Thread.State: WAITING (on object monitor)
        at sun.misc.Unsafe.park(Native Method)
        at java.util.concurrent.locks.LockSupport.park(LockSupport.java:175)
        at java.util.concurrent.locks.AbstractQueuedSynchronizer$ConditionObject.await(AbstractQueuedSynchronizer.java:2039)
        at java.util.concurrent.ScheduledThreadPoolExecutor$DelayedWorkQueue.take(ScheduledThreadPoolExecutor.java:1088)
        at java.util.concurrent.ScheduledThreadPoolExecutor$DelayedWorkQueue.take(ScheduledThreadPoolExecutor.java:809)
        at java.util.concurrent.ThreadPoolExecutor.getTask(ThreadPoolExecutor.java:1074)
        at java.util.concurrent.ThreadPoolExecutor.runWorker(ThreadPoolExecutor.java:1134)
        at java.util.concurrent.ThreadPoolExecutor$Worker.run(ThreadPoolExecutor.java:624)
        at java.lang.Thread.run(Thread.java:750)
"StaleRecoveringContainerScrubbingService#2" daemon prio=5 tid=630 in Object.wait()
java.lang.Thread.State: WAITING (on object monitor)
        at sun.misc.Unsafe.park(Native Method)
        at java.util.concurrent.locks.LockSupport.park(LockSupport.java:175)
        at java.util.concurrent.locks.AbstractQueuedSynchronizer$ConditionObject.await(AbstractQueuedSynchronizer.java:2039)
        at java.util.concurrent.ScheduledThreadPoolExecutor$DelayedWorkQueue.take(ScheduledThreadPoolExecutor.java:1088)
        at java.util.concurrent.ScheduledThreadPoolExecutor$DelayedWorkQueue.take(ScheduledThreadPoolExecutor.java:809)
        at java.util.concurrent.ThreadPoolExecutor.getTask(ThreadPoolExecutor.java:1074)
        at java.util.concurrent.ThreadPoolExecutor.runWorker(ThreadPoolExecutor.java:1134)
        at java.util.concurrent.ThreadPoolExecutor$Worker.run(ThreadPoolExecutor.java:624)
        at java.lang.Thread.run(Thread.java:750)
"qtp82017445-240" daemon prio=5 tid=240 timed_waiting
java.lang.Thread.State: TIMED_WAITING
        at sun.misc.Unsafe.park(Native Method)
        at java.util.concurrent.locks.LockSupport.parkNanos(LockSupport.java:215)
        at java.util.concurrent.locks.AbstractQueuedSynchronizer$ConditionObject.awaitNanos(AbstractQueuedSynchronizer.java:2078)
        at org.eclipse.jetty.util.BlockingArrayQueue.poll(BlockingArrayQueue.java:382)
        at org.eclipse.jetty.util.thread.QueuedThreadPool$Runner.idleJobPoll(QueuedThreadPool.java:974)
        at org.eclipse.jetty.util.thread.QueuedThreadPool$Runner.run(QueuedThreadPool.java:1018)
        at java.lang.Thread.run(Thread.java:750)
"Datanode ReportManager Thread - 4" daemon prio=5 tid=200 in Object.wait()
java.lang.Thread.State: WAITING (on object monitor)
        at sun.misc.Unsafe.park(Native Method)
        at java.util.concurrent.locks.LockSupport.park(LockSupport.java:175)
        at java.util.concurrent.locks.AbstractQueuedSynchronizer$ConditionObject.await(AbstractQueuedSynchronizer.java:2039)
        at java.util.concurrent.ScheduledThreadPoolExecutor$DelayedWorkQueue.take(ScheduledThreadPoolExecutor.java:1088)
        at java.util.concurrent.ScheduledThreadPoolExecutor$DelayedWorkQueue.take(ScheduledThreadPoolExecutor.java:809)
        at java.util.concurrent.ThreadPoolExecutor.getTask(ThreadPoolExecutor.java:1074)
        at java.util.concurrent.ThreadPoolExecutor.runWorker(ThreadPoolExecutor.java:1134)
        at java.util.concurrent.ThreadPoolExecutor$Worker.run(ThreadPoolExecutor.java:624)
        at java.lang.Thread.run(Thread.java:750)
"IPC Server handler 17 on default port 33039" daemon prio=5 tid=104 timed_waiting
java.lang.Thread.State: TIMED_WAITING
        at sun.misc.Unsafe.park(Native Method)
        at java.util.concurrent.locks.LockSupport.parkNanos(LockSupport.java:215)
        at java.util.concurrent.locks.AbstractQueuedSynchronizer$ConditionObject.awaitNanos(AbstractQueuedSynchronizer.java:2078)
        at java.util.concurrent.LinkedBlockingQueue.poll(LinkedBlockingQueue.java:467)
        at org.apache.hadoop.ipc.CallQueueManager.take(CallQueueManager.java:317)
        at org.apache.hadoop.ipc.Server$Handler.run(Server.java:2942)
"qtp1943878214-110" daemon prio=5 tid=110 runnable
java.lang.Thread.State: RUNNABLE
        at sun.nio.ch.EPollArrayWrapper.epollWait(Native Method)
        at sun.nio.ch.EPollArrayWrapper.poll(EPollArrayWrapper.java:269)
        at sun.nio.ch.EPollSelectorImpl.doSelect(EPollSelectorImpl.java:93)
        at sun.nio.ch.SelectorImpl.lockAndDoSelect(SelectorImpl.java:86)
        at sun.nio.ch.SelectorImpl.select(SelectorImpl.java:97)
        at sun.nio.ch.SelectorImpl.select(SelectorImpl.java:101)
        at org.eclipse.jetty.io.ManagedSelector.nioSelect(ManagedSelector.java:183)
        at org.eclipse.jetty.io.ManagedSelector.select(ManagedSelector.java:190)
        at org.eclipse.jetty.io.ManagedSelector$SelectorProducer.select(ManagedSelector.java:606)
        at org.eclipse.jetty.io.ManagedSelector$SelectorProducer.produce(ManagedSelector.java:543)
        at org.eclipse.jetty.util.thread.strategy.EatWhatYouKill.produceTask(EatWhatYouKill.java:362)
        at org.eclipse.jetty.util.thread.strategy.EatWhatYouKill.doProduce(EatWhatYouKill.java:186)
        at org.eclipse.jetty.util.thread.strategy.EatWhatYouKill.tryProduce(EatWhatYouKill.java:173)
        at org.eclipse.jetty.util.thread.strategy.EatWhatYouKill.produce(EatWhatYouKill.java:137)
        at org.eclipse.jetty.io.ManagedSelector$$Lambda$468/328838504.run(Unknown Source)
        at org.eclipse.jetty.util.thread.QueuedThreadPool.runJob(QueuedThreadPool.java:883)
        at org.eclipse.jetty.util.thread.QueuedThreadPool$Runner.run(QueuedThreadPool.java:1034)
        at java.lang.Thread.run(Thread.java:750)
"IPC Server handler 18 on default port 33039" daemon prio=5 tid=105 timed_waiting
java.lang.Thread.State: TIMED_WAITING
        at sun.misc.Unsafe.park(Native Method)
        at java.util.concurrent.locks.LockSupport.parkNanos(LockSupport.java:215)
        at java.util.concurrent.locks.AbstractQueuedSynchronizer$ConditionObject.awaitNanos(AbstractQueuedSynchronizer.java:2078)
        at java.util.concurrent.LinkedBlockingQueue.poll(LinkedBlockingQueue.java:467)
        at org.apache.hadoop.ipc.CallQueueManager.take(CallQueueManager.java:317)
        at org.apache.hadoop.ipc.Server$Handler.run(Server.java:2942)
"IPC Server handler 13 on default port 33039" daemon prio=5 tid=100 timed_waiting
java.lang.Thread.State: TIMED_WAITING
        at sun.misc.Unsafe.park(Native Method)
        at java.util.concurrent.locks.LockSupport.parkNanos(LockSupport.java:215)
        at java.util.concurrent.locks.AbstractQueuedSynchronizer$ConditionObject.awaitNanos(AbstractQueuedSynchronizer.java:2078)
        at java.util.concurrent.LinkedBlockingQueue.poll(LinkedBlockingQueue.java:467)
        at org.apache.hadoop.ipc.CallQueueManager.take(CallQueueManager.java:317)
        at org.apache.hadoop.ipc.Server$Handler.run(Server.java:2942)
"EventQueue-PipelineReportForPipelineReportHandler" daemon prio=5 tid=387 in Object.wait()
java.lang.Thread.State: WAITING (on object monitor)
        at sun.misc.Unsafe.park(Native Method)
        at java.util.concurrent.locks.LockSupport.park(LockSupport.java:175)
        at java.util.concurrent.locks.AbstractQueuedSynchronizer$ConditionObject.await(AbstractQueuedSynchronizer.java:2039)
        at java.util.concurrent.LinkedBlockingQueue.take(LinkedBlockingQueue.java:442)
        at java.util.concurrent.ThreadPoolExecutor.getTask(ThreadPoolExecutor.java:1074)
        at java.util.concurrent.ThreadPoolExecutor.runWorker(ThreadPoolExecutor.java:1134)
        at java.util.concurrent.ThreadPoolExecutor$Worker.run(ThreadPoolExecutor.java:624)
        at java.lang.Thread.run(Thread.java:750)
"Session-HouseKeeper-32850adc-1"  prio=5 tid=298 timed_waiting
java.lang.Thread.State: TIMED_WAITING
        at sun.misc.Unsafe.park(Native Method)
        at java.util.concurrent.locks.LockSupport.parkNanos(LockSupport.java:215)
        at java.util.concurrent.locks.AbstractQueuedSynchronizer$ConditionObject.awaitNanos(AbstractQueuedSynchronizer.java:2078)
        at java.util.concurrent.ScheduledThreadPoolExecutor$DelayedWorkQueue.take(ScheduledThreadPoolExecutor.java:1093)
        at java.util.concurrent.ScheduledThreadPoolExecutor$DelayedWorkQueue.take(ScheduledThreadPoolExecutor.java:809)
        at java.util.concurrent.ThreadPoolExecutor.getTask(ThreadPoolExecutor.java:1074)
        at java.util.concurrent.ThreadPoolExecutor.runWorker(ThreadPoolExecutor.java:1134)
        at java.util.concurrent.ThreadPoolExecutor$Worker.run(ThreadPoolExecutor.java:624)
        at java.lang.Thread.run(Thread.java:750)
"Datanode State Machine Daemon Thread" daemon prio=5 tid=247 timed_waiting
java.lang.Thread.State: TIMED_WAITING
        at java.lang.Thread.sleep(Native Method)
        at org.apache.hadoop.ozone.container.common.statemachine.DatanodeStateMachine.startStateMachineThread(DatanodeStateMachine.java:321)
        at org.apache.hadoop.ozone.container.common.statemachine.DatanodeStateMachine.lambda$startDaemon$0(DatanodeStateMachine.java:506)
        at org.apache.hadoop.ozone.container.common.statemachine.DatanodeStateMachine$$Lambda$833/577239715.run(Unknown Source)
        at java.lang.Thread.run(Thread.java:750)
"pool-63-thread-1" daemon prio=5 tid=178 timed_waiting
java.lang.Thread.State: TIMED_WAITING
        at sun.misc.Unsafe.park(Native Method)
        at java.util.concurrent.locks.LockSupport.parkNanos(LockSupport.java:215)
        at java.util.concurrent.locks.AbstractQueuedSynchronizer$ConditionObject.awaitNanos(AbstractQueuedSynchronizer.java:2078)
        at java.util.concurrent.ScheduledThreadPoolExecutor$DelayedWorkQueue.take(ScheduledThreadPoolExecutor.java:1093)
        at java.util.concurrent.ScheduledThreadPoolExecutor$DelayedWorkQueue.take(ScheduledThreadPoolExecutor.java:809)
        at java.util.concurrent.ThreadPoolExecutor.getTask(ThreadPoolExecutor.java:1074)
        at java.util.concurrent.ThreadPoolExecutor.runWorker(ThreadPoolExecutor.java:1134)
        at java.util.concurrent.ThreadPoolExecutor$Worker.run(ThreadPoolExecutor.java:624)
        at java.lang.Thread.run(Thread.java:750)
"ChunkWriter-2-0" daemon prio=5 tid=393 in Object.wait()
java.lang.Thread.State: WAITING (on object monitor)
        at sun.misc.Unsafe.park(Native Method)
        at java.util.concurrent.locks.LockSupport.park(LockSupport.java:175)
        at java.util.concurrent.locks.AbstractQueuedSynchronizer$ConditionObject.await(AbstractQueuedSynchronizer.java:2039)
        at java.util.concurrent.LinkedBlockingDeque.takeFirst(LinkedBlockingDeque.java:492)
        at java.util.concurrent.LinkedBlockingDeque.take(LinkedBlockingDeque.java:680)
        at java.util.concurrent.ThreadPoolExecutor.getTask(ThreadPoolExecutor.java:1074)
        at java.util.concurrent.ThreadPoolExecutor.runWorker(ThreadPoolExecutor.java:1134)
        at java.util.concurrent.ThreadPoolExecutor$Worker.run(ThreadPoolExecutor.java:624)
        at java.lang.Thread.run(Thread.java:750)
"Command processor thread" daemon prio=5 tid=201 timed_waiting
java.lang.Thread.State: TIMED_WAITING
        at java.lang.Thread.sleep(Native Method)
        at org.apache.hadoop.ozone.container.common.statemachine.DatanodeStateMachine.lambda$initCommandHandlerThread$3(DatanodeStateMachine.java:641)
        at org.apache.hadoop.ozone.container.common.statemachine.DatanodeStateMachine$$Lambda$835/1298573744.run(Unknown Source)
        at java.lang.Thread.run(Thread.java:750)
"Command processor thread" daemon prio=5 tid=346 timed_waiting
java.lang.Thread.State: TIMED_WAITING
        at java.lang.Thread.sleep(Native Method)
        at org.apache.hadoop.ozone.container.common.statemachine.DatanodeStateMachine.lambda$initCommandHandlerThread$3(DatanodeStateMachine.java:641)
        at org.apache.hadoop.ozone.container.common.statemachine.DatanodeStateMachine$$Lambda$835/1298573744.run(Unknown Source)
        at java.lang.Thread.run(Thread.java:750)
"EndpointStateMachine task thread for /0.0.0.0:33039 - 0 "  prio=5 tid=300 in Object.wait()
java.lang.Thread.State: WAITING (on object monitor)
        at sun.misc.Unsafe.park(Native Method)
        at java.util.concurrent.locks.LockSupport.park(LockSupport.java:175)
        at java.util.concurrent.locks.AbstractQueuedSynchronizer$ConditionObject.await(AbstractQueuedSynchronizer.java:2039)
        at java.util.concurrent.LinkedBlockingQueue.take(LinkedBlockingQueue.java:442)
        at java.util.concurrent.ThreadPoolExecutor.getTask(ThreadPoolExecutor.java:1074)
        at java.util.concurrent.ThreadPoolExecutor.runWorker(ThreadPoolExecutor.java:1134)
        at java.util.concurrent.ThreadPoolExecutor$Worker.run(ThreadPoolExecutor.java:624)
        at java.lang.Thread.run(Thread.java:750)
"qtp134722204-184" daemon prio=5 tid=184 runnable
java.lang.Thread.State: RUNNABLE
        at sun.nio.ch.EPollArrayWrapper.epollWait(Native Method)
        at sun.nio.ch.EPollArrayWrapper.poll(EPollArrayWrapper.java:269)
        at sun.nio.ch.EPollSelectorImpl.doSelect(EPollSelectorImpl.java:93)
        at sun.nio.ch.SelectorImpl.lockAndDoSelect(SelectorImpl.java:86)
        at sun.nio.ch.SelectorImpl.select(SelectorImpl.java:97)
        at sun.nio.ch.SelectorImpl.select(SelectorImpl.java:101)
        at org.eclipse.jetty.io.ManagedSelector.nioSelect(ManagedSelector.java:183)
        at org.eclipse.jetty.io.ManagedSelector.select(ManagedSelector.java:190)
        at org.eclipse.jetty.io.ManagedSelector$SelectorProducer.select(ManagedSelector.java:606)
        at org.eclipse.jetty.io.ManagedSelector$SelectorProducer.produce(ManagedSelector.java:543)
        at org.eclipse.jetty.util.thread.strategy.EatWhatYouKill.produceTask(EatWhatYouKill.java:362)
        at org.eclipse.jetty.util.thread.strategy.EatWhatYouKill.doProduce(EatWhatYouKill.java:186)
        at org.eclipse.jetty.util.thread.strategy.EatWhatYouKill.tryProduce(EatWhatYouKill.java:173)
        at org.eclipse.jetty.util.thread.strategy.EatWhatYouKill.produce(EatWhatYouKill.java:137)
        at org.eclipse.jetty.io.ManagedSelector$$Lambda$468/328838504.run(Unknown Source)
        at org.eclipse.jetty.util.thread.QueuedThreadPool.runJob(QueuedThreadPool.java:883)
        at org.eclipse.jetty.util.thread.QueuedThreadPool$Runner.run(QueuedThreadPool.java:1034)
        at java.lang.Thread.run(Thread.java:750)
"pool-133-thread-1" daemon prio=5 tid=259 timed_waiting
java.lang.Thread.State: TIMED_WAITING
        at sun.misc.Unsafe.park(Native Method)
        at java.util.concurrent.locks.LockSupport.parkNanos(LockSupport.java:215)
        at java.util.concurrent.locks.AbstractQueuedSynchronizer$ConditionObject.awaitNanos(AbstractQueuedSynchronizer.java:2078)
        at java.util.concurrent.ScheduledThreadPoolExecutor$DelayedWorkQueue.take(ScheduledThreadPoolExecutor.java:1093)
        at java.util.concurrent.ScheduledThreadPoolExecutor$DelayedWorkQueue.take(ScheduledThreadPoolExecutor.java:809)
        at java.util.concurrent.ThreadPoolExecutor.getTask(ThreadPoolExecutor.java:1074)
        at java.util.concurrent.ThreadPoolExecutor.runWorker(ThreadPoolExecutor.java:1134)
        at java.util.concurrent.ThreadPoolExecutor$Worker.run(ThreadPoolExecutor.java:624)
        at java.lang.Thread.run(Thread.java:750)
"FixedThreadPoolWithAffinityExecutor-7-0" daemon prio=5 tid=43 timed_waiting
java.lang.Thread.State: TIMED_WAITING
        at sun.misc.Unsafe.park(Native Method)
        at java.util.concurrent.locks.LockSupport.parkNanos(LockSupport.java:215)
        at java.util.concurrent.locks.AbstractQueuedSynchronizer$ConditionObject.awaitNanos(AbstractQueuedSynchronizer.java:2078)
        at java.util.concurrent.LinkedBlockingQueue.poll(LinkedBlockingQueue.java:467)
        at org.apache.hadoop.hdds.scm.server.ContainerReportQueue.poll(ContainerReportQueue.java:266)
        at org.apache.hadoop.hdds.scm.server.ContainerReportQueue.poll(ContainerReportQueue.java:42)
        at org.apache.hadoop.hdds.server.events.FixedThreadPoolWithAffinityExecutor$ContainerReportProcessTask.run(FixedThreadPoolWithAffinityExecutor.java:248)
        at java.util.concurrent.Executors$RunnableAdapter.call(Executors.java:511)
        at java.util.concurrent.FutureTask.run(FutureTask.java:266)
        at java.util.concurrent.ThreadPoolExecutor.runWorker(ThreadPoolExecutor.java:1149)
        at java.util.concurrent.ThreadPoolExecutor$Worker.run(ThreadPoolExecutor.java:624)
        at java.lang.Thread.run(Thread.java:750)
"OM StateMachine ApplyTransaction Thread - 0" daemon prio=5 tid=623 in Object.wait()
java.lang.Thread.State: WAITING (on object monitor)
        at sun.misc.Unsafe.park(Native Method)
        at java.util.concurrent.locks.LockSupport.park(LockSupport.java:175)
        at java.util.concurrent.locks.AbstractQueuedSynchronizer$ConditionObject.await(AbstractQueuedSynchronizer.java:2039)
        at java.util.concurrent.LinkedBlockingQueue.take(LinkedBlockingQueue.java:442)
        at java.util.concurrent.ThreadPoolExecutor.getTask(ThreadPoolExecutor.java:1074)
        at java.util.concurrent.ThreadPoolExecutor.runWorker(ThreadPoolExecutor.java:1134)
        at java.util.concurrent.ThreadPoolExecutor$Worker.run(ThreadPoolExecutor.java:624)
        at java.lang.Thread.run(Thread.java:750)
"3e07bada-20ca-43dd-a36a-6fd4f7654e72@group-9EF4914689B9-SegmentedRaftLogWorker"  prio=5 tid=436 timed_waiting
java.lang.Thread.State: TIMED_WAITING
        at sun.misc.Unsafe.park(Native Method)
        at java.util.concurrent.locks.LockSupport.parkNanos(LockSupport.java:215)
        at java.util.concurrent.locks.AbstractQueuedSynchronizer$ConditionObject.awaitNanos(AbstractQueuedSynchronizer.java:2078)
        at org.apache.ratis.util.DataBlockingQueue.poll(DataBlockingQueue.java:148)
        at org.apache.ratis.server.raftlog.segmented.SegmentedRaftLogWorker.run(SegmentedRaftLogWorker.java:312)
        at org.apache.ratis.server.raftlog.segmented.SegmentedRaftLogWorker$$Lambda$690/111575275.run(Unknown Source)
        at java.lang.Thread.run(Thread.java:750)
"RatisPipelineUtilsThread - 0"  prio=5 tid=16 timed_waiting
java.lang.Thread.State: TIMED_WAITING
        at java.lang.Object.wait(Native Method)
        at org.apache.hadoop.hdds.scm.pipeline.BackgroundPipelineCreator.run(BackgroundPipelineCreator.java:176)
        at org.apache.hadoop.hdds.scm.pipeline.BackgroundPipelineCreator$$Lambda$392/1374359172.run(Unknown Source)
        at java.lang.Thread.run(Thread.java:750)
"IPC Server handler 4 on default port 39085" daemon prio=5 tid=158 timed_waiting
java.lang.Thread.State: TIMED_WAITING
        at sun.misc.Unsafe.park(Native Method)
        at java.util.concurrent.locks.LockSupport.parkNanos(LockSupport.java:215)
        at java.util.concurrent.locks.AbstractQueuedSynchronizer$ConditionObject.awaitNanos(AbstractQueuedSynchronizer.java:2078)
        at java.util.concurrent.LinkedBlockingQueue.poll(LinkedBlockingQueue.java:467)
        at org.apache.hadoop.ipc.CallQueueManager.take(CallQueueManager.java:317)
        at org.apache.hadoop.ipc.Server$Handler.run(Server.java:2942)
"IPC Server handler 9 on default port 45041" daemon prio=5 tid=76 timed_waiting
java.lang.Thread.State: TIMED_WAITING
        at sun.misc.Unsafe.park(Native Method)
        at java.util.concurrent.locks.LockSupport.parkNanos(LockSupport.java:215)
        at java.util.concurrent.locks.AbstractQueuedSynchronizer$ConditionObject.awaitNanos(AbstractQueuedSynchronizer.java:2078)
        at java.util.concurrent.LinkedBlockingQueue.poll(LinkedBlockingQueue.java:467)
        at org.apache.hadoop.ipc.CallQueueManager.take(CallQueueManager.java:317)
        at org.apache.hadoop.ipc.Server$Handler.run(Server.java:2942)
"qtp1737696383-296" daemon prio=5 tid=296 timed_waiting
java.lang.Thread.State: TIMED_WAITING
        at sun.misc.Unsafe.park(Native Method)
        at java.util.concurrent.locks.LockSupport.parkNanos(LockSupport.java:215)
        at java.util.concurrent.locks.AbstractQueuedSynchronizer$ConditionObject.awaitNanos(AbstractQueuedSynchronizer.java:2078)
        at org.eclipse.jetty.util.BlockingArrayQueue.poll(BlockingArrayQueue.java:382)
        at org.eclipse.jetty.util.thread.QueuedThreadPool$Runner.idleJobPoll(QueuedThreadPool.java:974)
        at org.eclipse.jetty.util.thread.QueuedThreadPool$Runner.run(QueuedThreadPool.java:1018)
        at java.lang.Thread.run(Thread.java:750)
"qtp1991397243-145" daemon prio=5 tid=145 runnable
java.lang.Thread.State: RUNNABLE
        at sun.nio.ch.EPollArrayWrapper.epollWait(Native Method)
        at sun.nio.ch.EPollArrayWrapper.poll(EPollArrayWrapper.java:269)
        at sun.nio.ch.EPollSelectorImpl.doSelect(EPollSelectorImpl.java:93)
        at sun.nio.ch.SelectorImpl.lockAndDoSelect(SelectorImpl.java:86)
        at sun.nio.ch.SelectorImpl.select(SelectorImpl.java:97)
        at sun.nio.ch.SelectorImpl.select(SelectorImpl.java:101)
        at org.eclipse.jetty.io.ManagedSelector.nioSelect(ManagedSelector.java:183)
        at org.eclipse.jetty.io.ManagedSelector.select(ManagedSelector.java:190)
        at org.eclipse.jetty.io.ManagedSelector$SelectorProducer.select(ManagedSelector.java:606)
        at org.eclipse.jetty.io.ManagedSelector$SelectorProducer.produce(ManagedSelector.java:543)
        at org.eclipse.jetty.util.thread.strategy.EatWhatYouKill.produceTask(EatWhatYouKill.java:362)
        at org.eclipse.jetty.util.thread.strategy.EatWhatYouKill.doProduce(EatWhatYouKill.java:186)
        at org.eclipse.jetty.util.thread.strategy.EatWhatYouKill.tryProduce(EatWhatYouKill.java:173)
        at org.eclipse.jetty.util.thread.strategy.EatWhatYouKill.produce(EatWhatYouKill.java:137)
        at org.eclipse.jetty.io.ManagedSelector$$Lambda$468/328838504.run(Unknown Source)
        at org.eclipse.jetty.util.thread.QueuedThreadPool.runJob(QueuedThreadPool.java:883)
        at org.eclipse.jetty.util.thread.QueuedThreadPool$Runner.run(QueuedThreadPool.java:1034)
        at java.lang.Thread.run(Thread.java:750)
"Datanode ReportManager Thread - 3" daemon prio=5 tid=225 in Object.wait()
java.lang.Thread.State: WAITING (on object monitor)
        at sun.misc.Unsafe.park(Native Method)
        at java.util.concurrent.locks.LockSupport.park(LockSupport.java:175)
        at java.util.concurrent.locks.AbstractQueuedSynchronizer$ConditionObject.await(AbstractQueuedSynchronizer.java:2039)
        at java.util.concurrent.ScheduledThreadPoolExecutor$DelayedWorkQueue.take(ScheduledThreadPoolExecutor.java:1088)
        at java.util.concurrent.ScheduledThreadPoolExecutor$DelayedWorkQueue.take(ScheduledThreadPoolExecutor.java:809)
        at java.util.concurrent.ThreadPoolExecutor.getTask(ThreadPoolExecutor.java:1074)
        at java.util.concurrent.ThreadPoolExecutor.runWorker(ThreadPoolExecutor.java:1134)
        at java.util.concurrent.ThreadPoolExecutor$Worker.run(ThreadPoolExecutor.java:624)
        at java.lang.Thread.run(Thread.java:750)
"org.apache.hadoop.ozone.container.common.statemachine.commandhandler.DeleteBlocksCommandHandler$DeleteCmdWorker@48844660" daemon prio=5 tid=210 timed_waiting
java.lang.Thread.State: TIMED_WAITING
        at java.lang.Thread.sleep(Native Method)
        at org.apache.hadoop.ozone.container.common.statemachine.commandhandler.DeleteBlocksCommandHandler$DeleteCmdWorker.run(DeleteBlocksCommandHandler.java:184)
        at java.lang.Thread.run(Thread.java:750)
"qtp134722204-186" daemon prio=5 tid=186 timed_waiting
java.lang.Thread.State: TIMED_WAITING
        at sun.misc.Unsafe.park(Native Method)
        at java.util.concurrent.locks.LockSupport.parkNanos(LockSupport.java:215)
        at java.util.concurrent.locks.AbstractQueuedSynchronizer$ConditionObject.awaitNanos(AbstractQueuedSynchronizer.java:2078)
        at org.eclipse.jetty.util.BlockingArrayQueue.poll(BlockingArrayQueue.java:382)
        at org.eclipse.jetty.util.thread.QueuedThreadPool$Runner.idleJobPoll(QueuedThreadPool.java:974)
        at org.eclipse.jetty.util.thread.QueuedThreadPool$Runner.run(QueuedThreadPool.java:1018)
        at java.lang.Thread.run(Thread.java:750)
"Command processor thread" daemon prio=5 tid=279 timed_waiting
java.lang.Thread.State: TIMED_WAITING
        at java.lang.Thread.sleep(Native Method)
        at org.apache.hadoop.ozone.container.common.statemachine.DatanodeStateMachine.lambda$initCommandHandlerThread$3(DatanodeStateMachine.java:641)
        at org.apache.hadoop.ozone.container.common.statemachine.DatanodeStateMachine$$Lambda$835/1298573744.run(Unknown Source)
        at java.lang.Thread.run(Thread.java:750)
"ChunkWriter-3-0" daemon prio=5 tid=376 in Object.wait()
java.lang.Thread.State: WAITING (on object monitor)
        at sun.misc.Unsafe.park(Native Method)
        at java.util.concurrent.locks.LockSupport.park(LockSupport.java:175)
        at java.util.concurrent.locks.AbstractQueuedSynchronizer$ConditionObject.await(AbstractQueuedSynchronizer.java:2039)
        at java.util.concurrent.LinkedBlockingDeque.takeFirst(LinkedBlockingDeque.java:492)
        at java.util.concurrent.LinkedBlockingDeque.take(LinkedBlockingDeque.java:680)
        at java.util.concurrent.ThreadPoolExecutor.getTask(ThreadPoolExecutor.java:1074)
        at java.util.concurrent.ThreadPoolExecutor.runWorker(ThreadPoolExecutor.java:1134)
        at java.util.concurrent.ThreadPoolExecutor$Worker.run(ThreadPoolExecutor.java:624)
        at java.lang.Thread.run(Thread.java:750)
"SCMBlockDeletingService#0" daemon prio=5 tid=107 timed_waiting
java.lang.Thread.State: TIMED_WAITING
        at sun.misc.Unsafe.park(Native Method)
        at java.util.concurrent.locks.LockSupport.parkNanos(LockSupport.java:215)
        at java.util.concurrent.locks.AbstractQueuedSynchronizer$ConditionObject.awaitNanos(AbstractQueuedSynchronizer.java:2078)
        at java.util.concurrent.ScheduledThreadPoolExecutor$DelayedWorkQueue.take(ScheduledThreadPoolExecutor.java:1093)
        at java.util.concurrent.ScheduledThreadPoolExecutor$DelayedWorkQueue.take(ScheduledThreadPoolExecutor.java:809)
        at java.util.concurrent.ThreadPoolExecutor.getTask(ThreadPoolExecutor.java:1074)
        at java.util.concurrent.ThreadPoolExecutor.runWorker(ThreadPoolExecutor.java:1134)
        at java.util.concurrent.ThreadPoolExecutor$Worker.run(ThreadPoolExecutor.java:624)
        at java.lang.Thread.run(Thread.java:750)
"timer5" daemon prio=5 tid=573 timed_waiting
java.lang.Thread.State: TIMED_WAITING
        at java.lang.Object.wait(Native Method)
        at java.util.TimerThread.mainLoop(Timer.java:552)
        at java.util.TimerThread.run(Timer.java:505)
"Datanode ReportManager Thread - 0" daemon prio=5 tid=341 in Object.wait()
java.lang.Thread.State: WAITING (on object monitor)
        at sun.misc.Unsafe.park(Native Method)
        at java.util.concurrent.locks.LockSupport.park(LockSupport.java:175)
        at java.util.concurrent.locks.AbstractQueuedSynchronizer$ConditionObject.await(AbstractQueuedSynchronizer.java:2039)
        at java.util.concurrent.ScheduledThreadPoolExecutor$DelayedWorkQueue.take(ScheduledThreadPoolExecutor.java:1088)
        at java.util.concurrent.ScheduledThreadPoolExecutor$DelayedWorkQueue.take(ScheduledThreadPoolExecutor.java:809)
        at java.util.concurrent.ThreadPoolExecutor.getTask(ThreadPoolExecutor.java:1074)
        at java.util.concurrent.ThreadPoolExecutor.runWorker(ThreadPoolExecutor.java:1134)
        at java.util.concurrent.ThreadPoolExecutor$Worker.run(ThreadPoolExecutor.java:624)
        at java.lang.Thread.run(Thread.java:750)
"3e07bada-20ca-43dd-a36a-6fd4f7654e72@group-7403BEF566E9-StateMachineUpdater" daemon prio=5 tid=442 timed_waiting
java.lang.Thread.State: TIMED_WAITING
        at sun.misc.Unsafe.park(Native Method)
        at java.util.concurrent.locks.LockSupport.parkNanos(LockSupport.java:215)
        at java.util.concurrent.CompletableFuture$Signaller.block(CompletableFuture.java:1709)
        at java.util.concurrent.ForkJoinPool.managedBlock(ForkJoinPool.java:3323)
        at java.util.concurrent.CompletableFuture.timedGet(CompletableFuture.java:1788)
        at java.util.concurrent.CompletableFuture.get(CompletableFuture.java:1928)
        at org.apache.ratis.util.AwaitForSignal.await(AwaitForSignal.java:56)
        at org.apache.ratis.server.impl.StateMachineUpdater.waitForCommit(StateMachineUpdater.java:207)
        at org.apache.ratis.server.impl.StateMachineUpdater.run(StateMachineUpdater.java:176)
        at java.lang.Thread.run(Thread.java:750)
"qtp82017445-238" daemon prio=5 tid=238 runnable
java.lang.Thread.State: RUNNABLE
        at sun.nio.ch.EPollArrayWrapper.epollWait(Native Method)
        at sun.nio.ch.EPollArrayWrapper.poll(EPollArrayWrapper.java:269)
        at sun.nio.ch.EPollSelectorImpl.doSelect(EPollSelectorImpl.java:93)
        at sun.nio.ch.SelectorImpl.lockAndDoSelect(SelectorImpl.java:86)
        at sun.nio.ch.SelectorImpl.select(SelectorImpl.java:97)
        at sun.nio.ch.SelectorImpl.select(SelectorImpl.java:101)
        at org.eclipse.jetty.io.ManagedSelector.nioSelect(ManagedSelector.java:183)
        at org.eclipse.jetty.io.ManagedSelector.select(ManagedSelector.java:190)
        at org.eclipse.jetty.io.ManagedSelector$SelectorProducer.select(ManagedSelector.java:606)
        at org.eclipse.jetty.io.ManagedSelector$SelectorProducer.produce(ManagedSelector.java:543)
        at org.eclipse.jetty.util.thread.strategy.EatWhatYouKill.produceTask(EatWhatYouKill.java:362)
        at org.eclipse.jetty.util.thread.strategy.EatWhatYouKill.doProduce(EatWhatYouKill.java:186)
        at org.eclipse.jetty.util.thread.strategy.EatWhatYouKill.tryProduce(EatWhatYouKill.java:173)
        at org.eclipse.jetty.util.thread.strategy.EatWhatYouKill.produce(EatWhatYouKill.java:137)
        at org.eclipse.jetty.io.ManagedSelector$$Lambda$468/328838504.run(Unknown Source)
        at org.eclipse.jetty.util.thread.QueuedThreadPool.runJob(QueuedThreadPool.java:883)
        at org.eclipse.jetty.util.thread.QueuedThreadPool$Runner.run(QueuedThreadPool.java:1034)
        at java.lang.Thread.run(Thread.java:750)
"timer2" daemon prio=5 tid=547 timed_waiting
java.lang.Thread.State: TIMED_WAITING
        at java.lang.Object.wait(Native Method)
        at java.util.TimerThread.mainLoop(Timer.java:552)
        at java.util.TimerThread.run(Timer.java:505)
"3706267d-b1e5-497c-b8ee-f9aaec0fcf2c@group-6891D1EACFE1-StateMachineUpdater" daemon prio=5 tid=429 timed_waiting
java.lang.Thread.State: TIMED_WAITING
        at sun.misc.Unsafe.park(Native Method)
        at java.util.concurrent.locks.LockSupport.parkNanos(LockSupport.java:215)
        at java.util.concurrent.CompletableFuture$Signaller.block(CompletableFuture.java:1709)
        at java.util.concurrent.ForkJoinPool.managedBlock(ForkJoinPool.java:3323)
        at java.util.concurrent.CompletableFuture.timedGet(CompletableFuture.java:1788)
        at java.util.concurrent.CompletableFuture.get(CompletableFuture.java:1928)
        at org.apache.ratis.util.AwaitForSignal.await(AwaitForSignal.java:56)
        at org.apache.ratis.server.impl.StateMachineUpdater.waitForCommit(StateMachineUpdater.java:207)
        at org.apache.ratis.server.impl.StateMachineUpdater.run(StateMachineUpdater.java:176)
        at java.lang.Thread.run(Thread.java:750)
"ChunkWriter-3-0" daemon prio=5 tid=394 in Object.wait()
java.lang.Thread.State: WAITING (on object monitor)
        at sun.misc.Unsafe.park(Native Method)
        at java.util.concurrent.locks.LockSupport.park(LockSupport.java:175)
        at java.util.concurrent.locks.AbstractQueuedSynchronizer$ConditionObject.await(AbstractQueuedSynchronizer.java:2039)
        at java.util.concurrent.LinkedBlockingDeque.takeFirst(LinkedBlockingDeque.java:492)
        at java.util.concurrent.LinkedBlockingDeque.take(LinkedBlockingDeque.java:680)
        at java.util.concurrent.ThreadPoolExecutor.getTask(ThreadPoolExecutor.java:1074)
        at java.util.concurrent.ThreadPoolExecutor.runWorker(ThreadPoolExecutor.java:1134)
        at java.util.concurrent.ThreadPoolExecutor$Worker.run(ThreadPoolExecutor.java:624)
        at java.lang.Thread.run(Thread.java:750)
"Datanode State Machine Task Thread - 0"  prio=5 tid=348 in Object.wait()
java.lang.Thread.State: WAITING (on object monitor)
        at sun.misc.Unsafe.park(Native Method)
        at java.util.concurrent.locks.LockSupport.park(LockSupport.java:175)
        at java.util.concurrent.locks.AbstractQueuedSynchronizer$ConditionObject.await(AbstractQueuedSynchronizer.java:2039)
        at java.util.concurrent.LinkedBlockingQueue.take(LinkedBlockingQueue.java:442)
        at java.util.concurrent.ThreadPoolExecutor.getTask(ThreadPoolExecutor.java:1074)
        at java.util.concurrent.ThreadPoolExecutor.runWorker(ThreadPoolExecutor.java:1134)
        at java.util.concurrent.ThreadPoolExecutor$Worker.run(ThreadPoolExecutor.java:624)
        at java.lang.Thread.run(Thread.java:750)
"JvmPauseMonitor3" daemon prio=5 tid=365 timed_waiting
java.lang.Thread.State: TIMED_WAITING
        at java.lang.Thread.sleep(Native Method)
        at java.lang.Thread.sleep(Thread.java:342)
        at java.util.concurrent.TimeUnit.sleep(TimeUnit.java:386)
        at org.apache.ratis.util.TimeDuration.sleep(TimeDuration.java:325)
        at org.apache.ratis.util.TimeDuration.sleep(TimeDuration.java:310)
        at org.apache.ratis.util.JvmPauseMonitor.detectPause(JvmPauseMonitor.java:119)
        at org.apache.ratis.util.JvmPauseMonitor.run(JvmPauseMonitor.java:108)
        at org.apache.ratis.util.JvmPauseMonitor$$Lambda$731/2135000930.run(Unknown Source)
        at java.lang.Thread.run(Thread.java:750)
"qtp282046195-333" daemon prio=5 tid=333 timed_waiting
java.lang.Thread.State: TIMED_WAITING
        at sun.misc.Unsafe.park(Native Method)
        at java.util.concurrent.locks.LockSupport.parkNanos(LockSupport.java:215)
        at java.util.concurrent.locks.AbstractQueuedSynchronizer$ConditionObject.awaitNanos(AbstractQueuedSynchronizer.java:2078)
        at org.eclipse.jetty.util.BlockingArrayQueue.poll(BlockingArrayQueue.java:382)
        at org.eclipse.jetty.util.thread.QueuedThreadPool$Runner.idleJobPoll(QueuedThreadPool.java:974)
        at org.eclipse.jetty.util.thread.QueuedThreadPool$Runner.run(QueuedThreadPool.java:1018)
        at java.lang.Thread.run(Thread.java:750)
"EventQueue-PipelineReportForOneReplicaPipelineSafeModeRule" daemon prio=5 tid=386 in Object.wait()
java.lang.Thread.State: WAITING (on object monitor)
        at sun.misc.Unsafe.park(Native Method)
        at java.util.concurrent.locks.LockSupport.park(LockSupport.java:175)
        at java.util.concurrent.locks.AbstractQueuedSynchronizer$ConditionObject.await(AbstractQueuedSynchronizer.java:2039)
        at java.util.concurrent.LinkedBlockingQueue.take(LinkedBlockingQueue.java:442)
        at java.util.concurrent.ThreadPoolExecutor.getTask(ThreadPoolExecutor.java:1074)
        at java.util.concurrent.ThreadPoolExecutor.runWorker(ThreadPoolExecutor.java:1134)
        at java.util.concurrent.ThreadPoolExecutor$Worker.run(ThreadPoolExecutor.java:624)
        at java.lang.Thread.run(Thread.java:750)
"ChunkWriter-0-0" daemon prio=5 tid=373 in Object.wait()
java.lang.Thread.State: WAITING (on object monitor)
        at sun.misc.Unsafe.park(Native Method)
        at java.util.concurrent.locks.LockSupport.park(LockSupport.java:175)
        at java.util.concurrent.locks.AbstractQueuedSynchronizer$ConditionObject.await(AbstractQueuedSynchronizer.java:2039)
        at java.util.concurrent.LinkedBlockingDeque.takeFirst(LinkedBlockingDeque.java:492)
        at java.util.concurrent.LinkedBlockingDeque.take(LinkedBlockingDeque.java:680)
        at java.util.concurrent.ThreadPoolExecutor.getTask(ThreadPoolExecutor.java:1074)
        at java.util.concurrent.ThreadPoolExecutor.runWorker(ThreadPoolExecutor.java:1134)
        at java.util.concurrent.ThreadPoolExecutor$Worker.run(ThreadPoolExecutor.java:624)
        at java.lang.Thread.run(Thread.java:750)
"qtp282046195-334" daemon prio=5 tid=334 timed_waiting
java.lang.Thread.State: TIMED_WAITING
        at sun.misc.Unsafe.park(Native Method)
        at java.util.concurrent.locks.LockSupport.parkNanos(LockSupport.java:215)
        at java.util.concurrent.locks.AbstractQueuedSynchronizer$ConditionObject.awaitNanos(AbstractQueuedSynchronizer.java:2078)
        at org.eclipse.jetty.util.BlockingArrayQueue.poll(BlockingArrayQueue.java:382)
        at org.eclipse.jetty.util.thread.QueuedThreadPool$Runner.idleJobPoll(QueuedThreadPool.java:974)
        at org.eclipse.jetty.util.thread.QueuedThreadPool$Runner.run(QueuedThreadPool.java:1018)
        at java.lang.Thread.run(Thread.java:750)
"IPC Server Responder" daemon prio=5 tid=35 runnable
java.lang.Thread.State: RUNNABLE
        at sun.nio.ch.EPollArrayWrapper.epollWait(Native Method)
        at sun.nio.ch.EPollArrayWrapper.poll(EPollArrayWrapper.java:269)
        at sun.nio.ch.EPollSelectorImpl.doSelect(EPollSelectorImpl.java:93)
        at sun.nio.ch.SelectorImpl.lockAndDoSelect(SelectorImpl.java:86)
        at sun.nio.ch.SelectorImpl.select(SelectorImpl.java:97)
        at org.apache.hadoop.ipc.Server$Responder.doRunLoop(Server.java:1532)
        at org.apache.hadoop.ipc.Server$Responder.run(Server.java:1515)
"JvmPauseMonitor4" daemon prio=5 tid=377 timed_waiting
java.lang.Thread.State: TIMED_WAITING
        at java.lang.Thread.sleep(Native Method)
        at java.lang.Thread.sleep(Thread.java:342)
        at java.util.concurrent.TimeUnit.sleep(TimeUnit.java:386)
        at org.apache.ratis.util.TimeDuration.sleep(TimeDuration.java:325)
        at org.apache.ratis.util.TimeDuration.sleep(TimeDuration.java:310)
        at org.apache.ratis.util.JvmPauseMonitor.detectPause(JvmPauseMonitor.java:119)
        at org.apache.ratis.util.JvmPauseMonitor.run(JvmPauseMonitor.java:108)
        at org.apache.ratis.util.JvmPauseMonitor$$Lambda$731/2135000930.run(Unknown Source)
        at java.lang.Thread.run(Thread.java:750)
"pool-117-thread-1"  prio=5 tid=434 in Object.wait()
java.lang.Thread.State: WAITING (on object monitor)
        at sun.misc.Unsafe.park(Native Method)
        at java.util.concurrent.locks.LockSupport.park(LockSupport.java:175)
        at java.util.concurrent.locks.AbstractQueuedSynchronizer$ConditionObject.await(AbstractQueuedSynchronizer.java:2039)
        at java.util.concurrent.LinkedBlockingQueue.take(LinkedBlockingQueue.java:442)
        at java.util.concurrent.ThreadPoolExecutor.getTask(ThreadPoolExecutor.java:1074)
        at java.util.concurrent.ThreadPoolExecutor.runWorker(ThreadPoolExecutor.java:1134)
        at java.util.concurrent.ThreadPoolExecutor$Worker.run(ThreadPoolExecutor.java:624)
        at java.lang.Thread.run(Thread.java:750)
"StaleRecoveringContainerScrubbingService#1" daemon prio=5 tid=357 timed_waiting
java.lang.Thread.State: TIMED_WAITING
        at sun.misc.Unsafe.park(Native Method)
        at java.util.concurrent.locks.LockSupport.parkNanos(LockSupport.java:215)
        at java.util.concurrent.locks.AbstractQueuedSynchronizer$ConditionObject.awaitNanos(AbstractQueuedSynchronizer.java:2078)
        at java.util.concurrent.ScheduledThreadPoolExecutor$DelayedWorkQueue.take(ScheduledThreadPoolExecutor.java:1093)
        at java.util.concurrent.ScheduledThreadPoolExecutor$DelayedWorkQueue.take(ScheduledThreadPoolExecutor.java:809)
        at java.util.concurrent.ThreadPoolExecutor.getTask(ThreadPoolExecutor.java:1074)
        at java.util.concurrent.ThreadPoolExecutor.runWorker(ThreadPoolExecutor.java:1134)
        at java.util.concurrent.ThreadPoolExecutor$Worker.run(ThreadPoolExecutor.java:624)
        at java.lang.Thread.run(Thread.java:750)
"qtp134722204-185-acceptor-0@59b5feaa-ServerConnector@16a7a6a{HTTP/1.1, (http/1.1)}{0.0.0.0:34485}" daemon prio=3 tid=185 runnable
java.lang.Thread.State: RUNNABLE
        at sun.nio.ch.ServerSocketChannelImpl.accept0(Native Method)
        at sun.nio.ch.ServerSocketChannelImpl.accept(ServerSocketChannelImpl.java:421)
        at sun.nio.ch.ServerSocketChannelImpl.accept(ServerSocketChannelImpl.java:249)
        at org.eclipse.jetty.server.ServerConnector.accept(ServerConnector.java:388)
        at org.eclipse.jetty.server.AbstractConnector$Acceptor.run(AbstractConnector.java:704)
        at org.eclipse.jetty.util.thread.QueuedThreadPool.runJob(QueuedThreadPool.java:883)
        at org.eclipse.jetty.util.thread.QueuedThreadPool$Runner.run(QueuedThreadPool.java:1034)
        at java.lang.Thread.run(Thread.java:750)
"3e07bada-20ca-43dd-a36a-6fd4f7654e72@group-9EF4914689B9->64d479e5-fe0e-4358-9b9b-67f62582a254-GrpcLogAppender-LogAppenderDaemon" daemon prio=5 tid=616 timed_waiting
java.lang.Thread.State: TIMED_WAITING
        at sun.misc.Unsafe.park(Native Method)
        at java.util.concurrent.locks.LockSupport.parkNanos(LockSupport.java:215)
        at java.util.concurrent.CompletableFuture$Signaller.block(CompletableFuture.java:1709)
        at java.util.concurrent.ForkJoinPool.managedBlock(ForkJoinPool.java:3323)
        at java.util.concurrent.CompletableFuture.timedGet(CompletableFuture.java:1788)
        at java.util.concurrent.CompletableFuture.get(CompletableFuture.java:1928)
        at org.apache.ratis.util.AwaitForSignal.await(AwaitForSignal.java:56)
        at org.apache.ratis.grpc.server.GrpcLogAppender.mayWait(GrpcLogAppender.java:198)
        at org.apache.ratis.grpc.server.GrpcLogAppender.run(GrpcLogAppender.java:148)
        at org.apache.ratis.server.leader.LogAppenderDaemon.run(LogAppenderDaemon.java:78)
        at org.apache.ratis.server.leader.LogAppenderDaemon$$Lambda$1066/1509869290.run(Unknown Source)
        at java.lang.Thread.run(Thread.java:750)
"IPC Server handler 3 on default port 45041" daemon prio=5 tid=70 timed_waiting
java.lang.Thread.State: TIMED_WAITING
        at sun.misc.Unsafe.park(Native Method)
        at java.util.concurrent.locks.LockSupport.parkNanos(LockSupport.java:215)
        at java.util.concurrent.locks.AbstractQueuedSynchronizer$ConditionObject.awaitNanos(AbstractQueuedSynchronizer.java:2078)
        at java.util.concurrent.LinkedBlockingQueue.poll(LinkedBlockingQueue.java:467)
        at org.apache.hadoop.ipc.CallQueueManager.take(CallQueueManager.java:317)
        at org.apache.hadoop.ipc.Server$Handler.run(Server.java:2942)
"IPC Server handler 0 on default port 33039" daemon prio=5 tid=87 timed_waiting
java.lang.Thread.State: TIMED_WAITING
        at sun.misc.Unsafe.park(Native Method)
        at java.util.concurrent.locks.LockSupport.parkNanos(LockSupport.java:215)
        at java.util.concurrent.locks.AbstractQueuedSynchronizer$ConditionObject.awaitNanos(AbstractQueuedSynchronizer.java:2078)
        at java.util.concurrent.LinkedBlockingQueue.poll(LinkedBlockingQueue.java:467)
        at org.apache.hadoop.ipc.CallQueueManager.take(CallQueueManager.java:317)
        at org.apache.hadoop.ipc.Server$Handler.run(Server.java:2942)
"qtp1737696383-290" daemon prio=5 tid=290 runnable
java.lang.Thread.State: RUNNABLE
        at sun.nio.ch.EPollArrayWrapper.epollWait(Native Method)
        at sun.nio.ch.EPollArrayWrapper.poll(EPollArrayWrapper.java:269)
        at sun.nio.ch.EPollSelectorImpl.doSelect(EPollSelectorImpl.java:93)
        at sun.nio.ch.SelectorImpl.lockAndDoSelect(SelectorImpl.java:86)
        at sun.nio.ch.SelectorImpl.select(SelectorImpl.java:97)
        at sun.nio.ch.SelectorImpl.select(SelectorImpl.java:101)
        at org.eclipse.jetty.io.ManagedSelector.nioSelect(ManagedSelector.java:183)
        at org.eclipse.jetty.io.ManagedSelector.select(ManagedSelector.java:190)
        at org.eclipse.jetty.io.ManagedSelector$SelectorProducer.select(ManagedSelector.java:606)
        at org.eclipse.jetty.io.ManagedSelector$SelectorProducer.produce(ManagedSelector.java:543)
        at org.eclipse.jetty.util.thread.strategy.EatWhatYouKill.produceTask(EatWhatYouKill.java:362)
        at org.eclipse.jetty.util.thread.strategy.EatWhatYouKill.doProduce(EatWhatYouKill.java:186)
        at org.eclipse.jetty.util.thread.strategy.EatWhatYouKill.tryProduce(EatWhatYouKill.java:173)
        at org.eclipse.jetty.util.thread.strategy.EatWhatYouKill.produce(EatWhatYouKill.java:137)
        at org.eclipse.jetty.io.ManagedSelector$$Lambda$468/328838504.run(Unknown Source)
        at org.eclipse.jetty.util.thread.QueuedThreadPool.runJob(QueuedThreadPool.java:883)
        at org.eclipse.jetty.util.thread.QueuedThreadPool$Runner.run(QueuedThreadPool.java:1034)
        at java.lang.Thread.run(Thread.java:750)
"qtp282046195-336" daemon prio=5 tid=336 timed_waiting
java.lang.Thread.State: TIMED_WAITING
        at sun.misc.Unsafe.park(Native Method)
        at java.util.concurrent.locks.LockSupport.parkNanos(LockSupport.java:215)
        at java.util.concurrent.locks.AbstractQueuedSynchronizer$ConditionObject.awaitNanos(AbstractQueuedSynchronizer.java:2078)
        at org.eclipse.jetty.util.BlockingArrayQueue.poll(BlockingArrayQueue.java:382)
        at org.eclipse.jetty.util.thread.QueuedThreadPool$Runner.idleJobPoll(QueuedThreadPool.java:974)
        at org.eclipse.jetty.util.thread.QueuedThreadPool$Runner.run(QueuedThreadPool.java:1018)
        at java.lang.Thread.run(Thread.java:750)
"0f1be7e8-a3b4-460a-8434-ebd9767358ca@group-925D38F959D7-SegmentedRaftLogWorker"  prio=5 tid=459 timed_waiting
java.lang.Thread.State: TIMED_WAITING
        at sun.misc.Unsafe.park(Native Method)
        at java.util.concurrent.locks.LockSupport.parkNanos(LockSupport.java:215)
        at java.util.concurrent.locks.AbstractQueuedSynchronizer$ConditionObject.awaitNanos(AbstractQueuedSynchronizer.java:2078)
        at org.apache.ratis.util.DataBlockingQueue.poll(DataBlockingQueue.java:148)
        at org.apache.ratis.server.raftlog.segmented.SegmentedRaftLogWorker.run(SegmentedRaftLogWorker.java:312)
        at org.apache.ratis.server.raftlog.segmented.SegmentedRaftLogWorker$$Lambda$690/111575275.run(Unknown Source)
        at java.lang.Thread.run(Thread.java:750)
"Datanode ReportManager Thread - 4" daemon prio=5 tid=345 timed_waiting
java.lang.Thread.State: TIMED_WAITING
        at sun.misc.Unsafe.park(Native Method)
        at java.util.concurrent.locks.LockSupport.parkNanos(LockSupport.java:215)
        at java.util.concurrent.locks.AbstractQueuedSynchronizer$ConditionObject.awaitNanos(AbstractQueuedSynchronizer.java:2078)
        at java.util.concurrent.ScheduledThreadPoolExecutor$DelayedWorkQueue.take(ScheduledThreadPoolExecutor.java:1093)
        at java.util.concurrent.ScheduledThreadPoolExecutor$DelayedWorkQueue.take(ScheduledThreadPoolExecutor.java:809)
        at java.util.concurrent.ThreadPoolExecutor.getTask(ThreadPoolExecutor.java:1074)
        at java.util.concurrent.ThreadPoolExecutor.runWorker(ThreadPoolExecutor.java:1134)
        at java.util.concurrent.ThreadPoolExecutor$Worker.run(ThreadPoolExecutor.java:624)
        at java.lang.Thread.run(Thread.java:750)
"pool-156-thread-1" daemon prio=5 tid=285 timed_waiting
java.lang.Thread.State: TIMED_WAITING
        at sun.misc.Unsafe.park(Native Method)
        at java.util.concurrent.locks.LockSupport.parkNanos(LockSupport.java:215)
        at java.util.concurrent.locks.AbstractQueuedSynchronizer$ConditionObject.awaitNanos(AbstractQueuedSynchronizer.java:2078)
        at java.util.concurrent.ScheduledThreadPoolExecutor$DelayedWorkQueue.take(ScheduledThreadPoolExecutor.java:1093)
        at java.util.concurrent.ScheduledThreadPoolExecutor$DelayedWorkQueue.take(ScheduledThreadPoolExecutor.java:809)
        at java.util.concurrent.ThreadPoolExecutor.getTask(ThreadPoolExecutor.java:1074)
        at java.util.concurrent.ThreadPoolExecutor.runWorker(ThreadPoolExecutor.java:1134)
        at java.util.concurrent.ThreadPoolExecutor$Worker.run(ThreadPoolExecutor.java:624)
        at java.lang.Thread.run(Thread.java:750)
"qtp134722204-188" daemon prio=5 tid=188 timed_waiting
java.lang.Thread.State: TIMED_WAITING
        at sun.misc.Unsafe.park(Native Method)
        at java.util.concurrent.locks.LockSupport.parkNanos(LockSupport.java:215)
        at java.util.concurrent.locks.AbstractQueuedSynchronizer$ConditionObject.awaitNanos(AbstractQueuedSynchronizer.java:2078)
        at org.eclipse.jetty.util.BlockingArrayQueue.poll(BlockingArrayQueue.java:382)
        at org.eclipse.jetty.util.thread.QueuedThreadPool$Runner.idleJobPoll(QueuedThreadPool.java:974)
        at org.eclipse.jetty.util.thread.QueuedThreadPool$Runner.run(QueuedThreadPool.java:1018)
        at java.lang.Thread.run(Thread.java:750)
"Under Replicated Processor" daemon prio=5 tid=20 timed_waiting
java.lang.Thread.State: TIMED_WAITING
        at java.lang.Object.wait(Native Method)
        at org.apache.hadoop.hdds.scm.container.replication.UnderReplicatedProcessor.run(UnderReplicatedProcessor.java:102)
        at java.lang.Thread.run(Thread.java:750)
"IPC Server handler 14 on default port 33039" daemon prio=5 tid=101 timed_waiting
java.lang.Thread.State: TIMED_WAITING
        at sun.misc.Unsafe.park(Native Method)
        at java.util.concurrent.locks.LockSupport.parkNanos(LockSupport.java:215)
        at java.util.concurrent.locks.AbstractQueuedSynchronizer$ConditionObject.awaitNanos(AbstractQueuedSynchronizer.java:2078)
        at java.util.concurrent.LinkedBlockingQueue.poll(LinkedBlockingQueue.java:467)
        at org.apache.hadoop.ipc.CallQueueManager.take(CallQueueManager.java:317)
        at org.apache.hadoop.ipc.Server$Handler.run(Server.java:2942)
"qtp282046195-331" daemon prio=5 tid=331 timed_waiting
java.lang.Thread.State: TIMED_WAITING
        at sun.misc.Unsafe.park(Native Method)
        at java.util.concurrent.locks.LockSupport.parkNanos(LockSupport.java:215)
        at java.util.concurrent.locks.AbstractQueuedSynchronizer$ConditionObject.awaitNanos(AbstractQueuedSynchronizer.java:2078)
        at org.eclipse.jetty.util.BlockingArrayQueue.poll(BlockingArrayQueue.java:382)
        at org.eclipse.jetty.util.thread.QueuedThreadPool$Runner.idleJobPoll(QueuedThreadPool.java:974)
        at org.eclipse.jetty.util.thread.QueuedThreadPool$Runner.run(QueuedThreadPool.java:1018)
        at java.lang.Thread.run(Thread.java:750)
"grpc-default-executor-1" daemon prio=5 tid=433 timed_waiting
java.lang.Thread.State: TIMED_WAITING
        at sun.misc.Unsafe.park(Native Method)
        at java.util.concurrent.locks.LockSupport.parkNanos(LockSupport.java:215)
        at java.util.concurrent.SynchronousQueue$TransferStack.awaitFulfill(SynchronousQueue.java:460)
        at java.util.concurrent.SynchronousQueue$TransferStack.transfer(SynchronousQueue.java:362)
        at java.util.concurrent.SynchronousQueue.poll(SynchronousQueue.java:941)
        at java.util.concurrent.ThreadPoolExecutor.getTask(ThreadPoolExecutor.java:1073)
        at java.util.concurrent.ThreadPoolExecutor.runWorker(ThreadPoolExecutor.java:1134)
        at java.util.concurrent.ThreadPoolExecutor$Worker.run(ThreadPoolExecutor.java:624)
        at java.lang.Thread.run(Thread.java:750)
"IPC Server handler 11 on default port 33929" daemon prio=5 tid=58 timed_waiting
java.lang.Thread.State: TIMED_WAITING
        at sun.misc.Unsafe.park(Native Method)
        at java.util.concurrent.locks.LockSupport.parkNanos(LockSupport.java:215)
        at java.util.concurrent.locks.AbstractQueuedSynchronizer$ConditionObject.awaitNanos(AbstractQueuedSynchronizer.java:2078)
        at java.util.concurrent.LinkedBlockingQueue.poll(LinkedBlockingQueue.java:467)
        at org.apache.hadoop.ipc.CallQueueManager.take(CallQueueManager.java:317)
        at org.apache.hadoop.ipc.Server$Handler.run(Server.java:2942)
"EndpointStateMachine task thread for /0.0.0.0:33039 - 0 "  prio=5 tid=390 in Object.wait()
java.lang.Thread.State: WAITING (on object monitor)
        at sun.misc.Unsafe.park(Native Method)
        at java.util.concurrent.locks.LockSupport.park(LockSupport.java:175)
        at java.util.concurrent.locks.AbstractQueuedSynchronizer$ConditionObject.await(AbstractQueuedSynchronizer.java:2039)
        at java.util.concurrent.LinkedBlockingQueue.take(LinkedBlockingQueue.java:442)
        at java.util.concurrent.ThreadPoolExecutor.getTask(ThreadPoolExecutor.java:1074)
        at java.util.concurrent.ThreadPoolExecutor.runWorker(ThreadPoolExecutor.java:1134)
        at java.util.concurrent.ThreadPoolExecutor$Worker.run(ThreadPoolExecutor.java:624)
        at java.lang.Thread.run(Thread.java:750)
"IPC Server handler 15 on default port 33929" daemon prio=5 tid=62 timed_waiting
java.lang.Thread.State: TIMED_WAITING
        at sun.misc.Unsafe.park(Native Method)
        at java.util.concurrent.locks.LockSupport.parkNanos(LockSupport.java:215)
        at java.util.concurrent.locks.AbstractQueuedSynchronizer$ConditionObject.awaitNanos(AbstractQueuedSynchronizer.java:2078)
        at java.util.concurrent.LinkedBlockingQueue.poll(LinkedBlockingQueue.java:467)
        at org.apache.hadoop.ipc.CallQueueManager.take(CallQueueManager.java:317)
        at org.apache.hadoop.ipc.Server$Handler.run(Server.java:2942)
"qtp1943878214-117" daemon prio=5 tid=117 timed_waiting
java.lang.Thread.State: TIMED_WAITING
        at sun.misc.Unsafe.park(Native Method)
        at java.util.concurrent.locks.LockSupport.parkNanos(LockSupport.java:215)
        at java.util.concurrent.locks.AbstractQueuedSynchronizer$ConditionObject.awaitNanos(AbstractQueuedSynchronizer.java:2078)
        at org.eclipse.jetty.util.BlockingArrayQueue.poll(BlockingArrayQueue.java:382)
        at org.eclipse.jetty.util.thread.QueuedThreadPool$Runner.idleJobPoll(QueuedThreadPool.java:974)
        at org.eclipse.jetty.util.thread.QueuedThreadPool$Runner.run(QueuedThreadPool.java:1018)
        at java.lang.Thread.run(Thread.java:750)
"pool-58-thread-1"  prio=5 tid=144 timed_waiting
java.lang.Thread.State: TIMED_WAITING
        at sun.misc.Unsafe.park(Native Method)
        at java.util.concurrent.locks.LockSupport.parkNanos(LockSupport.java:215)
        at java.util.concurrent.locks.AbstractQueuedSynchronizer$ConditionObject.awaitNanos(AbstractQueuedSynchronizer.java:2078)
        at java.util.concurrent.ScheduledThreadPoolExecutor$DelayedWorkQueue.take(ScheduledThreadPoolExecutor.java:1093)
        at java.util.concurrent.ScheduledThreadPoolExecutor$DelayedWorkQueue.take(ScheduledThreadPoolExecutor.java:809)
        at java.util.concurrent.ThreadPoolExecutor.getTask(ThreadPoolExecutor.java:1074)
        at java.util.concurrent.ThreadPoolExecutor.runWorker(ThreadPoolExecutor.java:1134)
        at java.util.concurrent.ThreadPoolExecutor$Worker.run(ThreadPoolExecutor.java:624)
        at java.lang.Thread.run(Thread.java:750)
"IPC Server handler 13 on default port 33929" daemon prio=5 tid=60 timed_waiting
java.lang.Thread.State: TIMED_WAITING
        at sun.misc.Unsafe.park(Native Method)
        at java.util.concurrent.locks.LockSupport.parkNanos(LockSupport.java:215)
        at java.util.concurrent.locks.AbstractQueuedSynchronizer$ConditionObject.awaitNanos(AbstractQueuedSynchronizer.java:2078)
        at java.util.concurrent.LinkedBlockingQueue.poll(LinkedBlockingQueue.java:467)
        at org.apache.hadoop.ipc.CallQueueManager.take(CallQueueManager.java:317)
        at org.apache.hadoop.ipc.Server$Handler.run(Server.java:2942)
"IPC Server idle connection scanner for port 45041" daemon prio=5 tid=30 timed_waiting
java.lang.Thread.State: TIMED_WAITING
        at java.lang.Object.wait(Native Method)
        at java.util.TimerThread.mainLoop(Timer.java:552)
        at java.util.TimerThread.run(Timer.java:505)
"grpc-default-worker-ELG-3-2" daemon prio=5 tid=425 runnable
java.lang.Thread.State: RUNNABLE
        at org.apache.ratis.thirdparty.io.netty.channel.epoll.Native.epollWait0(Native Method)
        at org.apache.ratis.thirdparty.io.netty.channel.epoll.Native.epollWait(Native.java:182)
        at org.apache.ratis.thirdparty.io.netty.channel.epoll.EpollEventLoop.epollWait(EpollEventLoop.java:290)
        at org.apache.ratis.thirdparty.io.netty.channel.epoll.EpollEventLoop.run(EpollEventLoop.java:354)
        at org.apache.ratis.thirdparty.io.netty.util.concurrent.SingleThreadEventExecutor$4.run(SingleThreadEventExecutor.java:995)
        at org.apache.ratis.thirdparty.io.netty.util.internal.ThreadExecutorMap$2.run(ThreadExecutorMap.java:74)
        at org.apache.ratis.thirdparty.io.netty.util.concurrent.FastThreadLocalRunnable.run(FastThreadLocalRunnable.java:30)
        at java.lang.Thread.run(Thread.java:750)
"BlockDeletingService#1" daemon prio=5 tid=398 timed_waiting
java.lang.Thread.State: TIMED_WAITING
        at sun.misc.Unsafe.park(Native Method)
        at java.util.concurrent.locks.LockSupport.parkNanos(LockSupport.java:215)
        at java.util.concurrent.locks.AbstractQueuedSynchronizer$ConditionObject.awaitNanos(AbstractQueuedSynchronizer.java:2078)
        at java.util.concurrent.ScheduledThreadPoolExecutor$DelayedWorkQueue.take(ScheduledThreadPoolExecutor.java:1093)
        at java.util.concurrent.ScheduledThreadPoolExecutor$DelayedWorkQueue.take(ScheduledThreadPoolExecutor.java:809)
        at java.util.concurrent.ThreadPoolExecutor.getTask(ThreadPoolExecutor.java:1074)
        at java.util.concurrent.ThreadPoolExecutor.runWorker(ThreadPoolExecutor.java:1134)
        at java.util.concurrent.ThreadPoolExecutor$Worker.run(ThreadPoolExecutor.java:624)
        at java.lang.Thread.run(Thread.java:750)
"Datanode State Machine Task Thread - 1"  prio=5 tid=359 in Object.wait()
java.lang.Thread.State: WAITING (on object monitor)
        at sun.misc.Unsafe.park(Native Method)
        at java.util.concurrent.locks.LockSupport.park(LockSupport.java:175)
        at java.util.concurrent.locks.AbstractQueuedSynchronizer$ConditionObject.await(AbstractQueuedSynchronizer.java:2039)
        at java.util.concurrent.LinkedBlockingQueue.take(LinkedBlockingQueue.java:442)
        at java.util.concurrent.ThreadPoolExecutor.getTask(ThreadPoolExecutor.java:1074)
        at java.util.concurrent.ThreadPoolExecutor.runWorker(ThreadPoolExecutor.java:1134)
        at java.util.concurrent.ThreadPoolExecutor$Worker.run(ThreadPoolExecutor.java:624)
        at java.lang.Thread.run(Thread.java:750)
"Datanode ReportManager Thread - 3" daemon prio=5 tid=344 in Object.wait()
java.lang.Thread.State: WAITING (on object monitor)
        at sun.misc.Unsafe.park(Native Method)
        at java.util.concurrent.locks.LockSupport.park(LockSupport.java:175)
        at java.util.concurrent.locks.AbstractQueuedSynchronizer$ConditionObject.await(AbstractQueuedSynchronizer.java:2039)
        at java.util.concurrent.ScheduledThreadPoolExecutor$DelayedWorkQueue.take(ScheduledThreadPoolExecutor.java:1088)
        at java.util.concurrent.ScheduledThreadPoolExecutor$DelayedWorkQueue.take(ScheduledThreadPoolExecutor.java:809)
        at java.util.concurrent.ThreadPoolExecutor.getTask(ThreadPoolExecutor.java:1074)
        at java.util.concurrent.ThreadPoolExecutor.runWorker(ThreadPoolExecutor.java:1134)
        at java.util.concurrent.ThreadPoolExecutor$Worker.run(ThreadPoolExecutor.java:624)
        at java.lang.Thread.run(Thread.java:750)
"64d479e5-fe0e-4358-9b9b-67f62582a254-server-thread2" daemon prio=5 tid=618 timed_waiting
java.lang.Thread.State: TIMED_WAITING
        at sun.misc.Unsafe.park(Native Method)
        at java.util.concurrent.locks.LockSupport.parkNanos(LockSupport.java:215)
        at java.util.concurrent.SynchronousQueue$TransferStack.awaitFulfill(SynchronousQueue.java:460)
        at java.util.concurrent.SynchronousQueue$TransferStack.transfer(SynchronousQueue.java:362)
        at java.util.concurrent.SynchronousQueue.poll(SynchronousQueue.java:941)
        at java.util.concurrent.ThreadPoolExecutor.getTask(ThreadPoolExecutor.java:1073)
        at java.util.concurrent.ThreadPoolExecutor.runWorker(ThreadPoolExecutor.java:1134)
        at java.util.concurrent.ThreadPoolExecutor$Worker.run(ThreadPoolExecutor.java:624)
        at java.lang.Thread.run(Thread.java:750)
"IPC Server handler 3 on default port 33929" daemon prio=5 tid=50 timed_waiting
java.lang.Thread.State: TIMED_WAITING
        at sun.misc.Unsafe.park(Native Method)
        at java.util.concurrent.locks.LockSupport.parkNanos(LockSupport.java:215)
        at java.util.concurrent.locks.AbstractQueuedSynchronizer$ConditionObject.awaitNanos(AbstractQueuedSynchronizer.java:2078)
        at java.util.concurrent.LinkedBlockingQueue.poll(LinkedBlockingQueue.java:467)
        at org.apache.hadoop.ipc.CallQueueManager.take(CallQueueManager.java:317)
        at org.apache.hadoop.ipc.Server$Handler.run(Server.java:2942)
"IPC Server handler 9 on default port 33929" daemon prio=5 tid=56 timed_waiting
java.lang.Thread.State: TIMED_WAITING
        at sun.misc.Unsafe.park(Native Method)
        at java.util.concurrent.locks.LockSupport.parkNanos(LockSupport.java:215)
        at java.util.concurrent.locks.AbstractQueuedSynchronizer$ConditionObject.awaitNanos(AbstractQueuedSynchronizer.java:2078)
        at java.util.concurrent.LinkedBlockingQueue.poll(LinkedBlockingQueue.java:467)
        at org.apache.hadoop.ipc.CallQueueManager.take(CallQueueManager.java:317)
        at org.apache.hadoop.ipc.Server$Handler.run(Server.java:2942)
"ChunkReader-ELG-0" daemon prio=5 tid=396 runnable
java.lang.Thread.State: RUNNABLE
        at org.apache.ratis.thirdparty.io.netty.channel.epoll.Native.epollWait(Native Method)
        at org.apache.ratis.thirdparty.io.netty.channel.epoll.Native.epollWait(Native.java:209)
        at org.apache.ratis.thirdparty.io.netty.channel.epoll.Native.epollWait(Native.java:202)
        at org.apache.ratis.thirdparty.io.netty.channel.epoll.EpollEventLoop.epollWaitNoTimerChange(EpollEventLoop.java:294)
        at org.apache.ratis.thirdparty.io.netty.channel.epoll.EpollEventLoop.run(EpollEventLoop.java:351)
        at org.apache.ratis.thirdparty.io.netty.util.concurrent.SingleThreadEventExecutor$4.run(SingleThreadEventExecutor.java:995)
        at org.apache.ratis.thirdparty.io.netty.util.internal.ThreadExecutorMap$2.run(ThreadExecutorMap.java:74)
        at java.lang.Thread.run(Thread.java:750)
"Datanode State Machine Daemon Thread" daemon prio=5 tid=308 timed_waiting
java.lang.Thread.State: TIMED_WAITING
        at java.lang.Thread.sleep(Native Method)
        at org.apache.hadoop.ozone.container.common.statemachine.DatanodeStateMachine.startStateMachineThread(DatanodeStateMachine.java:321)
        at org.apache.hadoop.ozone.container.common.statemachine.DatanodeStateMachine.lambda$startDaemon$0(DatanodeStateMachine.java:506)
        at org.apache.hadoop.ozone.container.common.statemachine.DatanodeStateMachine$$Lambda$833/577239715.run(Unknown Source)
        at java.lang.Thread.run(Thread.java:750)
"ChunkReader-ELG-0" daemon prio=5 tid=307 runnable
java.lang.Thread.State: RUNNABLE
        at org.apache.ratis.thirdparty.io.netty.channel.epoll.Native.epollWait(Native Method)
        at org.apache.ratis.thirdparty.io.netty.channel.epoll.Native.epollWait(Native.java:209)
        at org.apache.ratis.thirdparty.io.netty.channel.epoll.Native.epollWait(Native.java:202)
        at org.apache.ratis.thirdparty.io.netty.channel.epoll.EpollEventLoop.epollWaitNoTimerChange(EpollEventLoop.java:294)
        at org.apache.ratis.thirdparty.io.netty.channel.epoll.EpollEventLoop.run(EpollEventLoop.java:351)
        at org.apache.ratis.thirdparty.io.netty.util.concurrent.SingleThreadEventExecutor$4.run(SingleThreadEventExecutor.java:995)
        at org.apache.ratis.thirdparty.io.netty.util.internal.ThreadExecutorMap$2.run(ThreadExecutorMap.java:74)
        at java.lang.Thread.run(Thread.java:750)
"3706267d-b1e5-497c-b8ee-f9aaec0fcf2c@group-6891D1EACFE1-SegmentedRaftLogWorker"  prio=5 tid=427 timed_waiting
java.lang.Thread.State: TIMED_WAITING
        at sun.misc.Unsafe.park(Native Method)
        at java.util.concurrent.locks.LockSupport.parkNanos(LockSupport.java:215)
        at java.util.concurrent.locks.AbstractQueuedSynchronizer$ConditionObject.awaitNanos(AbstractQueuedSynchronizer.java:2078)
        at org.apache.ratis.util.DataBlockingQueue.poll(DataBlockingQueue.java:148)
        at org.apache.ratis.server.raftlog.segmented.SegmentedRaftLogWorker.run(SegmentedRaftLogWorker.java:312)
        at org.apache.ratis.server.raftlog.segmented.SegmentedRaftLogWorker$$Lambda$690/111575275.run(Unknown Source)
        at java.lang.Thread.run(Thread.java:750)
"StaleRecoveringContainerScrubbingService#0" daemon prio=5 tid=411 in Object.wait()
java.lang.Thread.State: WAITING (on object monitor)
        at sun.misc.Unsafe.park(Native Method)
        at java.util.concurrent.locks.LockSupport.park(LockSupport.java:175)
        at java.util.concurrent.locks.AbstractQueuedSynchronizer$ConditionObject.await(AbstractQueuedSynchronizer.java:2039)
        at java.util.concurrent.ScheduledThreadPoolExecutor$DelayedWorkQueue.take(ScheduledThreadPoolExecutor.java:1088)
        at java.util.concurrent.ScheduledThreadPoolExecutor$DelayedWorkQueue.take(ScheduledThreadPoolExecutor.java:809)
        at java.util.concurrent.ThreadPoolExecutor.getTask(ThreadPoolExecutor.java:1074)
        at java.util.concurrent.ThreadPoolExecutor.runWorker(ThreadPoolExecutor.java:1134)
        at java.util.concurrent.ThreadPoolExecutor$Worker.run(ThreadPoolExecutor.java:624)
        at java.lang.Thread.run(Thread.java:750)
"JvmPauseMonitor2" daemon prio=5 tid=353 timed_waiting
java.lang.Thread.State: TIMED_WAITING
        at java.lang.Thread.sleep(Native Method)
        at java.lang.Thread.sleep(Thread.java:342)
        at java.util.concurrent.TimeUnit.sleep(TimeUnit.java:386)
        at org.apache.ratis.util.TimeDuration.sleep(TimeDuration.java:325)
        at org.apache.ratis.util.TimeDuration.sleep(TimeDuration.java:310)
        at org.apache.ratis.util.JvmPauseMonitor.detectPause(JvmPauseMonitor.java:119)
        at org.apache.ratis.util.JvmPauseMonitor.run(JvmPauseMonitor.java:108)
        at org.apache.ratis.util.JvmPauseMonitor$$Lambda$731/2135000930.run(Unknown Source)
        at java.lang.Thread.run(Thread.java:750)
"PartialTableCache Cleanup Thread - 0" daemon prio=5 tid=627 in Object.wait()
java.lang.Thread.State: WAITING (on object monitor)
        at sun.misc.Unsafe.park(Native Method)
        at java.util.concurrent.locks.LockSupport.park(LockSupport.java:175)
        at java.util.concurrent.locks.AbstractQueuedSynchronizer$ConditionObject.await(AbstractQueuedSynchronizer.java:2039)
        at java.util.concurrent.LinkedBlockingQueue.take(LinkedBlockingQueue.java:442)
        at java.util.concurrent.ThreadPoolExecutor.getTask(ThreadPoolExecutor.java:1074)
        at java.util.concurrent.ThreadPoolExecutor.runWorker(ThreadPoolExecutor.java:1134)
        at java.util.concurrent.ThreadPoolExecutor$Worker.run(ThreadPoolExecutor.java:624)
        at java.lang.Thread.run(Thread.java:750)
"qtp1366704802-269" daemon prio=5 tid=269 timed_waiting
java.lang.Thread.State: TIMED_WAITING
        at sun.misc.Unsafe.park(Native Method)
        at java.util.concurrent.locks.LockSupport.parkNanos(LockSupport.java:215)
        at java.util.concurrent.locks.AbstractQueuedSynchronizer$ConditionObject.awaitNanos(AbstractQueuedSynchronizer.java:2078)
        at org.eclipse.jetty.util.BlockingArrayQueue.poll(BlockingArrayQueue.java:382)
        at org.eclipse.jetty.util.thread.QueuedThreadPool$Runner.idleJobPoll(QueuedThreadPool.java:974)
        at org.eclipse.jetty.util.thread.QueuedThreadPool$Runner.run(QueuedThreadPool.java:1018)
        at java.lang.Thread.run(Thread.java:750)
"IPC Server handler 7 on default port 33929" daemon prio=5 tid=54 timed_waiting
java.lang.Thread.State: TIMED_WAITING
        at sun.misc.Unsafe.park(Native Method)
        at java.util.concurrent.locks.LockSupport.parkNanos(LockSupport.java:215)
        at java.util.concurrent.locks.AbstractQueuedSynchronizer$ConditionObject.awaitNanos(AbstractQueuedSynchronizer.java:2078)
        at java.util.concurrent.LinkedBlockingQueue.poll(LinkedBlockingQueue.java:467)
        at org.apache.hadoop.ipc.CallQueueManager.take(CallQueueManager.java:317)
        at org.apache.hadoop.ipc.Server$Handler.run(Server.java:2942)
"Periodic HDDS volume checker" daemon prio=5 tid=205 timed_waiting
java.lang.Thread.State: TIMED_WAITING
        at sun.misc.Unsafe.park(Native Method)
        at java.util.concurrent.locks.LockSupport.parkNanos(LockSupport.java:215)
        at java.util.concurrent.locks.AbstractQueuedSynchronizer$ConditionObject.awaitNanos(AbstractQueuedSynchronizer.java:2078)
        at java.util.concurrent.ScheduledThreadPoolExecutor$DelayedWorkQueue.take(ScheduledThreadPoolExecutor.java:1093)
        at java.util.concurrent.ScheduledThreadPoolExecutor$DelayedWorkQueue.take(ScheduledThreadPoolExecutor.java:809)
        at java.util.concurrent.ThreadPoolExecutor.getTask(ThreadPoolExecutor.java:1074)
        at java.util.concurrent.ThreadPoolExecutor.runWorker(ThreadPoolExecutor.java:1134)
        at java.util.concurrent.ThreadPoolExecutor$Worker.run(ThreadPoolExecutor.java:624)
        at java.lang.Thread.run(Thread.java:750)
"IPC Server handler 2 on default port 39085" daemon prio=5 tid=156 timed_waiting
java.lang.Thread.State: TIMED_WAITING
        at sun.misc.Unsafe.park(Native Method)
        at java.util.concurrent.locks.LockSupport.parkNanos(LockSupport.java:215)
        at java.util.concurrent.locks.AbstractQueuedSynchronizer$ConditionObject.awaitNanos(AbstractQueuedSynchronizer.java:2078)
        at java.util.concurrent.LinkedBlockingQueue.poll(LinkedBlockingQueue.java:467)
        at org.apache.hadoop.ipc.CallQueueManager.take(CallQueueManager.java:317)
        at org.apache.hadoop.ipc.Server$Handler.run(Server.java:2942)
"pool-140-thread-1"  prio=5 tid=458 in Object.wait()
java.lang.Thread.State: WAITING (on object monitor)
        at sun.misc.Unsafe.park(Native Method)
        at java.util.concurrent.locks.LockSupport.park(LockSupport.java:175)
        at java.util.concurrent.locks.AbstractQueuedSynchronizer$ConditionObject.await(AbstractQueuedSynchronizer.java:2039)
        at java.util.concurrent.LinkedBlockingQueue.take(LinkedBlockingQueue.java:442)
        at java.util.concurrent.ThreadPoolExecutor.getTask(ThreadPoolExecutor.java:1074)
        at java.util.concurrent.ThreadPoolExecutor.runWorker(ThreadPoolExecutor.java:1134)
        at java.util.concurrent.ThreadPoolExecutor$Worker.run(ThreadPoolExecutor.java:624)
        at java.lang.Thread.run(Thread.java:750)
"Socket Reader #1 for port 0"  prio=5 tid=33 runnable
java.lang.Thread.State: RUNNABLE
        at sun.nio.ch.EPollArrayWrapper.epollWait(Native Method)
        at sun.nio.ch.EPollArrayWrapper.poll(EPollArrayWrapper.java:269)
        at sun.nio.ch.EPollSelectorImpl.doSelect(EPollSelectorImpl.java:93)
        at sun.nio.ch.SelectorImpl.lockAndDoSelect(SelectorImpl.java:86)
        at sun.nio.ch.SelectorImpl.select(SelectorImpl.java:97)
        at sun.nio.ch.SelectorImpl.select(SelectorImpl.java:101)
        at org.apache.hadoop.ipc.Server$Listener$Reader.doRunLoop(Server.java:1296)
        at org.apache.hadoop.ipc.Server$Listener$Reader.run(Server.java:1275)
"pool-103-thread-1"  prio=5 tid=211 timed_waiting
java.lang.Thread.State: TIMED_WAITING
        at sun.misc.Unsafe.park(Native Method)
        at java.util.concurrent.locks.LockSupport.parkNanos(LockSupport.java:215)
        at java.util.concurrent.locks.AbstractQueuedSynchronizer$ConditionObject.awaitNanos(AbstractQueuedSynchronizer.java:2078)
        at java.util.concurrent.ScheduledThreadPoolExecutor$DelayedWorkQueue.take(ScheduledThreadPoolExecutor.java:1093)
        at java.util.concurrent.ScheduledThreadPoolExecutor$DelayedWorkQueue.take(ScheduledThreadPoolExecutor.java:809)
        at java.util.concurrent.ThreadPoolExecutor.getTask(ThreadPoolExecutor.java:1074)
        at java.util.concurrent.ThreadPoolExecutor.runWorker(ThreadPoolExecutor.java:1134)
        at java.util.concurrent.ThreadPoolExecutor$Worker.run(ThreadPoolExecutor.java:624)
        at java.lang.Thread.run(Thread.java:750)
"3e07bada-20ca-43dd-a36a-6fd4f7654e72@group-7403BEF566E9-SegmentedRaftLogWorker"  prio=5 tid=440 timed_waiting
java.lang.Thread.State: TIMED_WAITING
        at sun.misc.Unsafe.park(Native Method)
        at java.util.concurrent.locks.LockSupport.parkNanos(LockSupport.java:215)
        at java.util.concurrent.locks.AbstractQueuedSynchronizer$ConditionObject.awaitNanos(AbstractQueuedSynchronizer.java:2078)
        at org.apache.ratis.util.DataBlockingQueue.poll(DataBlockingQueue.java:148)
        at org.apache.ratis.server.raftlog.segmented.SegmentedRaftLogWorker.run(SegmentedRaftLogWorker.java:312)
        at org.apache.ratis.server.raftlog.segmented.SegmentedRaftLogWorker$$Lambda$690/111575275.run(Unknown Source)
        at java.lang.Thread.run(Thread.java:750)
"ChunkWriter-2-0" daemon prio=5 tid=375 in Object.wait()
java.lang.Thread.State: WAITING (on object monitor)
        at sun.misc.Unsafe.park(Native Method)
        at java.util.concurrent.locks.LockSupport.park(LockSupport.java:175)
        at java.util.concurrent.locks.AbstractQueuedSynchronizer$ConditionObject.await(AbstractQueuedSynchronizer.java:2039)
        at java.util.concurrent.LinkedBlockingDeque.takeFirst(LinkedBlockingDeque.java:492)
        at java.util.concurrent.LinkedBlockingDeque.take(LinkedBlockingDeque.java:680)
        at java.util.concurrent.ThreadPoolExecutor.getTask(ThreadPoolExecutor.java:1074)
        at java.util.concurrent.ThreadPoolExecutor.runWorker(ThreadPoolExecutor.java:1134)
        at java.util.concurrent.ThreadPoolExecutor$Worker.run(ThreadPoolExecutor.java:624)
        at java.lang.Thread.run(Thread.java:750)
"BlockDeletingService#0" daemon prio=5 tid=367 in Object.wait()
java.lang.Thread.State: WAITING (on object monitor)
        at sun.misc.Unsafe.park(Native Method)
        at java.util.concurrent.locks.LockSupport.park(LockSupport.java:175)
        at java.util.concurrent.locks.AbstractQueuedSynchronizer$ConditionObject.await(AbstractQueuedSynchronizer.java:2039)
        at java.util.concurrent.ScheduledThreadPoolExecutor$DelayedWorkQueue.take(ScheduledThreadPoolExecutor.java:1088)
        at java.util.concurrent.ScheduledThreadPoolExecutor$DelayedWorkQueue.take(ScheduledThreadPoolExecutor.java:809)
        at java.util.concurrent.ThreadPoolExecutor.getTask(ThreadPoolExecutor.java:1074)
        at java.util.concurrent.ThreadPoolExecutor.runWorker(ThreadPoolExecutor.java:1134)
        at java.util.concurrent.ThreadPoolExecutor$Worker.run(ThreadPoolExecutor.java:624)
        at java.lang.Thread.run(Thread.java:750)
"IPC Server handler 10 on default port 39085" daemon prio=5 tid=164 timed_waiting
java.lang.Thread.State: TIMED_WAITING
        at sun.misc.Unsafe.park(Native Method)
        at java.util.concurrent.locks.LockSupport.parkNanos(LockSupport.java:215)
        at java.util.concurrent.locks.AbstractQueuedSynchronizer$ConditionObject.awaitNanos(AbstractQueuedSynchronizer.java:2078)
        at java.util.concurrent.LinkedBlockingQueue.poll(LinkedBlockingQueue.java:467)
        at org.apache.hadoop.ipc.CallQueueManager.take(CallQueueManager.java:317)
        at org.apache.hadoop.ipc.Server$Handler.run(Server.java:2942)
"StaleRecoveringContainerScrubbingService#0" daemon prio=5 tid=310 in Object.wait()
java.lang.Thread.State: WAITING (on object monitor)
        at sun.misc.Unsafe.park(Native Method)
        at java.util.concurrent.locks.LockSupport.park(LockSupport.java:175)
        at java.util.concurrent.locks.AbstractQueuedSynchronizer$ConditionObject.await(AbstractQueuedSynchronizer.java:2039)
        at java.util.concurrent.ScheduledThreadPoolExecutor$DelayedWorkQueue.take(ScheduledThreadPoolExecutor.java:1088)
        at java.util.concurrent.ScheduledThreadPoolExecutor$DelayedWorkQueue.take(ScheduledThreadPoolExecutor.java:809)
        at java.util.concurrent.ThreadPoolExecutor.getTask(ThreadPoolExecutor.java:1074)
        at java.util.concurrent.ThreadPoolExecutor.runWorker(ThreadPoolExecutor.java:1134)
        at java.util.concurrent.ThreadPoolExecutor$Worker.run(ThreadPoolExecutor.java:624)
        at java.lang.Thread.run(Thread.java:750)
"pool-126-thread-1"  prio=5 tid=237 timed_waiting
java.lang.Thread.State: TIMED_WAITING
        at sun.misc.Unsafe.park(Native Method)
        at java.util.concurrent.locks.LockSupport.parkNanos(LockSupport.java:215)
        at java.util.concurrent.locks.AbstractQueuedSynchronizer$ConditionObject.awaitNanos(AbstractQueuedSynchronizer.java:2078)
        at java.util.concurrent.ScheduledThreadPoolExecutor$DelayedWorkQueue.take(ScheduledThreadPoolExecutor.java:1093)
        at java.util.concurrent.ScheduledThreadPoolExecutor$DelayedWorkQueue.take(ScheduledThreadPoolExecutor.java:809)
        at java.util.concurrent.ThreadPoolExecutor.getTask(ThreadPoolExecutor.java:1074)
        at java.util.concurrent.ThreadPoolExecutor.runWorker(ThreadPoolExecutor.java:1134)
        at java.util.concurrent.ThreadPoolExecutor$Worker.run(ThreadPoolExecutor.java:624)
        at java.lang.Thread.run(Thread.java:750)
"StaleRecoveringContainerScrubbingService#1" daemon prio=5 tid=400 timed_waiting
java.lang.Thread.State: TIMED_WAITING
        at sun.misc.Unsafe.park(Native Method)
        at java.util.concurrent.locks.LockSupport.parkNanos(LockSupport.java:215)
        at java.util.concurrent.locks.AbstractQueuedSynchronizer$ConditionObject.awaitNanos(AbstractQueuedSynchronizer.java:2078)
        at java.util.concurrent.ScheduledThreadPoolExecutor$DelayedWorkQueue.take(ScheduledThreadPoolExecutor.java:1093)
        at java.util.concurrent.ScheduledThreadPoolExecutor$DelayedWorkQueue.take(ScheduledThreadPoolExecutor.java:809)
        at java.util.concurrent.ThreadPoolExecutor.getTask(ThreadPoolExecutor.java:1074)
        at java.util.concurrent.ThreadPoolExecutor.runWorker(ThreadPoolExecutor.java:1134)
        at java.util.concurrent.ThreadPoolExecutor$Worker.run(ThreadPoolExecutor.java:624)
        at java.lang.Thread.run(Thread.java:750)
"IPC Server handler 15 on default port 39085" daemon prio=5 tid=169 timed_waiting
java.lang.Thread.State: TIMED_WAITING
        at sun.misc.Unsafe.park(Native Method)
        at java.util.concurrent.locks.LockSupport.parkNanos(LockSupport.java:215)
        at java.util.concurrent.locks.AbstractQueuedSynchronizer$ConditionObject.awaitNanos(AbstractQueuedSynchronizer.java:2078)
        at java.util.concurrent.LinkedBlockingQueue.poll(LinkedBlockingQueue.java:467)
        at org.apache.hadoop.ipc.CallQueueManager.take(CallQueueManager.java:317)
        at org.apache.hadoop.ipc.Server$Handler.run(Server.java:2942)
"IPC Server listener on 0" daemon prio=5 tid=32 runnable
java.lang.Thread.State: RUNNABLE
        at sun.nio.ch.EPollArrayWrapper.epollWait(Native Method)
        at sun.nio.ch.EPollArrayWrapper.poll(EPollArrayWrapper.java:269)
        at sun.nio.ch.EPollSelectorImpl.doSelect(EPollSelectorImpl.java:93)
        at sun.nio.ch.SelectorImpl.lockAndDoSelect(SelectorImpl.java:86)
        at sun.nio.ch.SelectorImpl.select(SelectorImpl.java:97)
        at sun.nio.ch.SelectorImpl.select(SelectorImpl.java:101)
        at org.apache.hadoop.ipc.Server$Listener.run(Server.java:1358)
"qtp1991397243-150" daemon prio=5 tid=150 timed_waiting
java.lang.Thread.State: TIMED_WAITING
        at sun.misc.Unsafe.park(Native Method)
        at java.util.concurrent.locks.LockSupport.parkNanos(LockSupport.java:215)
        at java.util.concurrent.locks.AbstractQueuedSynchronizer$ConditionObject.awaitNanos(AbstractQueuedSynchronizer.java:2078)
        at org.eclipse.jetty.util.BlockingArrayQueue.poll(BlockingArrayQueue.java:382)
        at org.eclipse.jetty.util.thread.QueuedThreadPool$Runner.idleJobPoll(QueuedThreadPool.java:974)
        at org.eclipse.jetty.util.thread.QueuedThreadPool$Runner.run(QueuedThreadPool.java:1018)
        at java.lang.Thread.run(Thread.java:750)
"IPC Server handler 1 on default port 45041" daemon prio=5 tid=68 timed_waiting
java.lang.Thread.State: TIMED_WAITING
        at sun.misc.Unsafe.park(Native Method)
        at java.util.concurrent.locks.LockSupport.parkNanos(LockSupport.java:215)
        at java.util.concurrent.locks.AbstractQueuedSynchronizer$ConditionObject.awaitNanos(AbstractQueuedSynchronizer.java:2078)
        at java.util.concurrent.LinkedBlockingQueue.poll(LinkedBlockingQueue.java:467)
        at org.apache.hadoop.ipc.CallQueueManager.take(CallQueueManager.java:317)
        at org.apache.hadoop.ipc.Server$Handler.run(Server.java:2942)
"0f1be7e8-a3b4-460a-8434-ebd9767358ca@group-925D38F959D7-LeaderStateImpl" daemon prio=5 tid=519 timed_waiting
java.lang.Thread.State: TIMED_WAITING
        at sun.misc.Unsafe.park(Native Method)
        at java.util.concurrent.locks.LockSupport.parkNanos(LockSupport.java:215)
        at java.util.concurrent.locks.AbstractQueuedSynchronizer$ConditionObject.awaitNanos(AbstractQueuedSynchronizer.java:2078)
        at java.util.concurrent.ArrayBlockingQueue.poll(ArrayBlockingQueue.java:418)
        at org.apache.ratis.server.impl.LeaderStateImpl$EventQueue.poll(LeaderStateImpl.java:159)
        at org.apache.ratis.server.impl.LeaderStateImpl$EventProcessor.run(LeaderStateImpl.java:630)
"org.apache.hadoop.util.JvmPauseMonitor$Monitor@4928107f" daemon prio=5 tid=202 timed_waiting
java.lang.Thread.State: TIMED_WAITING
        at java.lang.Thread.sleep(Native Method)
        at org.apache.hadoop.util.JvmPauseMonitor$Monitor.run(JvmPauseMonitor.java:192)
        at java.lang.Thread.run(Thread.java:750)
"IPC Server handler 1 on default port 39085" daemon prio=5 tid=155 timed_waiting
java.lang.Thread.State: TIMED_WAITING
        at sun.misc.Unsafe.park(Native Method)
        at java.util.concurrent.locks.LockSupport.parkNanos(LockSupport.java:215)
        at java.util.concurrent.locks.AbstractQueuedSynchronizer$ConditionObject.awaitNanos(AbstractQueuedSynchronizer.java:2078)
        at java.util.concurrent.LinkedBlockingQueue.poll(LinkedBlockingQueue.java:467)
        at org.apache.hadoop.ipc.CallQueueManager.take(CallQueueManager.java:317)
        at org.apache.hadoop.ipc.Server$Handler.run(Server.java:2942)
"Listener at 127.0.0.1/39085"  prio=5 tid=1 runnable
java.lang.Thread.State: RUNNABLE
        at java.lang.Thread.dumpThreads(Native Method)
        at java.lang.Thread.getAllStackTraces(Thread.java:1615)
        at org.apache.ozone.test.TimedOutTestsListener.buildThreadDump(TimedOutTestsListener.java:93)
        at org.apache.ozone.test.TimedOutTestsListener.buildThreadDiagnosticString(TimedOutTestsListener.java:79)
        at org.apache.ozone.test.GenericTestUtils.waitFor(GenericTestUtils.java:227)
        at org.apache.hadoop.hdds.scm.pipeline.TestRatisPipelineCreateAndDestroy.waitForPipelines(TestRatisPipelineCreateAndDestroy.java:179)
        at org.apache.hadoop.hdds.scm.pipeline.TestRatisPipelineCreateAndDestroy.testAutomaticPipelineCreationOnPipelineDestroy(TestRatisPipelineCreateAndDestroy.java:95)
        at sun.reflect.NativeMethodAccessorImpl.invoke0(Native Method)
        at sun.reflect.NativeMethodAccessorImpl.invoke(NativeMethodAccessorImpl.java:62)
        at sun.reflect.DelegatingMethodAccessorImpl.invoke(DelegatingMethodAccessorImpl.java:43)
        at java.lang.reflect.Method.invoke(Method.java:498)
        at org.junit.platform.commons.util.ReflectionUtils.invokeMethod(ReflectionUtils.java:725)
        at org.junit.jupiter.engine.execution.MethodInvocation.proceed(MethodInvocation.java:60)
        at org.junit.jupiter.engine.execution.InvocationInterceptorChain$ValidatingInvocation.proceed(InvocationInterceptorChain.java:131)
        at org.junit.jupiter.engine.extension.TimeoutInvocation.proceed(TimeoutInvocation.java:46)
        at org.junit.jupiter.engine.extension.TimeoutExtension.intercept(TimeoutExtension.java:149)
        at org.junit.jupiter.engine.extension.TimeoutExtension.interceptTestableMethod(TimeoutExtension.java:140)
        at org.junit.jupiter.engine.extension.TimeoutExtension.interceptTestMethod(TimeoutExtension.java:84)
        at org.junit.jupiter.engine.descriptor.TestMethodTestDescriptor$$Lambda$158/1043208434.apply(Unknown Source)
        at org.junit.jupiter.engine.execution.ExecutableInvoker$ReflectiveInterceptorCall.lambda$ofVoidMethod$0(ExecutableInvoker.java:115)
        at org.junit.jupiter.engine.execution.ExecutableInvoker$ReflectiveInterceptorCall$$Lambda$159/23211803.apply(Unknown Source)
        at org.junit.jupiter.engine.execution.ExecutableInvoker.lambda$invoke$0(ExecutableInvoker.java:105)
        at org.junit.jupiter.engine.execution.ExecutableInvoker$$Lambda$316/552936351.apply(Unknown Source)
        at org.junit.jupiter.engine.execution.InvocationInterceptorChain$InterceptedInvocation.proceed(InvocationInterceptorChain.java:106)
        at org.junit.jupiter.engine.execution.InvocationInterceptorChain.proceed(InvocationInterceptorChain.java:64)
        at org.junit.jupiter.engine.execution.InvocationInterceptorChain.chainAndInvoke(InvocationInterceptorChain.java:45)
        at org.junit.jupiter.engine.execution.InvocationInterceptorChain.invoke(InvocationInterceptorChain.java:37)
        at org.junit.jupiter.engine.execution.ExecutableInvoker.invoke(ExecutableInvoker.java:104)
        at org.junit.jupiter.engine.execution.ExecutableInvoker.invoke(ExecutableInvoker.java:98)
        at org.junit.jupiter.engine.descriptor.TestMethodTestDescriptor.lambda$invokeTestMethod$7(TestMethodTestDescriptor.java:214)
        at org.junit.jupiter.engine.descriptor.TestMethodTestDescriptor$$Lambda$337/1208825205.execute(Unknown Source)
        at org.junit.platform.engine.support.hierarchical.ThrowableCollector.execute(ThrowableCollector.java:73)
        at org.junit.jupiter.engine.descriptor.TestMethodTestDescriptor.invokeTestMethod(TestMethodTestDescriptor.java:210)
        at org.junit.jupiter.engine.descriptor.TestMethodTestDescriptor.execute(TestMethodTestDescriptor.java:135)
        at org.junit.jupiter.engine.descriptor.TestMethodTestDescriptor.execute(TestMethodTestDescriptor.java:66)
        at org.junit.platform.engine.support.hierarchical.NodeTestTask.lambda$executeRecursively$6(NodeTestTask.java:151)
        at org.junit.platform.engine.support.hierarchical.NodeTestTask$$Lambda$258/690339675.execute(Unknown Source)
        at org.junit.platform.engine.support.hierarchical.ThrowableCollector.execute(ThrowableCollector.java:73)
        at org.junit.platform.engine.support.hierarchical.NodeTestTask.lambda$executeRecursively$8(NodeTestTask.java:141)
        at org.junit.platform.engine.support.hierarchical.NodeTestTask$$Lambda$257/1170727939.invoke(Unknown Source)
        at org.junit.platform.engine.support.hierarchical.Node.around(Node.java:137)
        at org.junit.platform.engine.support.hierarchical.NodeTestTask.lambda$executeRecursively$9(NodeTestTask.java:139)
        at org.junit.platform.engine.support.hierarchical.NodeTestTask$$Lambda$256/978508707.execute(Unknown Source)
        at org.junit.platform.engine.support.hierarchical.ThrowableCollector.execute(ThrowableCollector.java:73)
        at org.junit.platform.engine.support.hierarchical.NodeTestTask.executeRecursively(NodeTestTask.java:138)
        at org.junit.platform.engine.support.hierarchical.NodeTestTask.execute(NodeTestTask.java:95)
        at org.junit.platform.engine.support.hierarchical.SameThreadHierarchicalTestExecutorService$$Lambda$262/2014838114.accept(Unknown Source)
        at java.util.ArrayList.forEach(ArrayList.java:1259)
        at org.junit.platform.engine.support.hierarchical.SameThreadHierarchicalTestExecutorService.invokeAll(SameThreadHierarchicalTestExecutorService.java:41)
        at org.junit.platform.engine.support.hierarchical.NodeTestTask.lambda$executeRecursively$6(NodeTestTask.java:155)
        at org.junit.platform.engine.support.hierarchical.NodeTestTask$$Lambda$258/690339675.execute(Unknown Source)
        at org.junit.platform.engine.support.hierarchical.ThrowableCollector.execute(ThrowableCollector.java:73)
        at org.junit.platform.engine.support.hierarchical.NodeTestTask.lambda$executeRecursively$8(NodeTestTask.java:141)
        at org.junit.platform.engine.support.hierarchical.NodeTestTask$$Lambda$257/1170727939.invoke(Unknown Source)
        at org.junit.platform.engine.support.hierarchical.Node.around(Node.java:137)
        at org.junit.platform.engine.support.hierarchical.NodeTestTask.lambda$executeRecursively$9(NodeTestTask.java:139)
        at org.junit.platform.engine.support.hierarchical.NodeTestTask$$Lambda$256/978508707.execute(Unknown Source)
        at org.junit.platform.engine.support.hierarchical.ThrowableCollector.execute(ThrowableCollector.java:73)
        at org.junit.platform.engine.support.hierarchical.NodeTestTask.executeRecursively(NodeTestTask.java:138)
        at org.junit.platform.engine.support.hierarchical.NodeTestTask.execute(NodeTestTask.java:95)
        at org.junit.platform.engine.support.hierarchical.SameThreadHierarchicalTestExecutorService$$Lambda$262/2014838114.accept(Unknown Source)
        at java.util.ArrayList.forEach(ArrayList.java:1259)
        at org.junit.platform.engine.support.hierarchical.SameThreadHierarchicalTestExecutorService.invokeAll(SameThreadHierarchicalTestExecutorService.java:41)
        at org.junit.platform.engine.support.hierarchical.NodeTestTask.lambda$executeRecursively$6(NodeTestTask.java:155)
        at org.junit.platform.engine.support.hierarchical.NodeTestTask$$Lambda$258/690339675.execute(Unknown Source)
        at org.junit.platform.engine.support.hierarchical.ThrowableCollector.execute(ThrowableCollector.java:73)
        at org.junit.platform.engine.support.hierarchical.NodeTestTask.lambda$executeRecursively$8(NodeTestTask.java:141)
        at org.junit.platform.engine.support.hierarchical.NodeTestTask$$Lambda$257/1170727939.invoke(Unknown Source)
        at org.junit.platform.engine.support.hierarchical.Node.around(Node.java:137)
        at org.junit.platform.engine.support.hierarchical.NodeTestTask.lambda$executeRecursively$9(NodeTestTask.java:139)
        at org.junit.platform.engine.support.hierarchical.NodeTestTask$$Lambda$256/978508707.execute(Unknown Source)
        at org.junit.platform.engine.support.hierarchical.ThrowableCollector.execute(ThrowableCollector.java:73)
        at org.junit.platform.engine.support.hierarchical.NodeTestTask.executeRecursively(NodeTestTask.java:138)
        at org.junit.platform.engine.support.hierarchical.NodeTestTask.execute(NodeTestTask.java:95)
        at org.junit.platform.engine.support.hierarchical.SameThreadHierarchicalTestExecutorService.submit(SameThreadHierarchicalTestExecutorService.java:35)
        at org.junit.platform.engine.support.hierarchical.HierarchicalTestExecutor.execute(HierarchicalTestExecutor.java:57)
        at org.junit.platform.engine.support.hierarchical.HierarchicalTestEngine.execute(HierarchicalTestEngine.java:54)
        at org.junit.platform.launcher.core.EngineExecutionOrchestrator.execute(EngineExecutionOrchestrator.java:107)
        at org.junit.platform.launcher.core.EngineExecutionOrchestrator.execute(EngineExecutionOrchestrator.java:88)
        at org.junit.platform.launcher.core.EngineExecutionOrchestrator.lambda$execute$0(EngineExecutionOrchestrator.java:54)
        at org.junit.platform.launcher.core.EngineExecutionOrchestrator$$Lambda$214/1325124186.accept(Unknown Source)
        at org.junit.platform.launcher.core.EngineExecutionOrchestrator.withInterceptedStreams(EngineExecutionOrchestrator.java:67)
        at org.junit.platform.launcher.core.EngineExecutionOrchestrator.execute(EngineExecutionOrchestrator.java:52)
        at org.junit.platform.launcher.core.DefaultLauncher.execute(DefaultLauncher.java:114)
        at org.junit.platform.launcher.core.DefaultLauncher.execute(DefaultLauncher.java:86)
        at org.junit.platform.launcher.core.DefaultLauncherSession$DelegatingLauncher.execute(DefaultLauncherSession.java:86)
        at org.junit.platform.launcher.core.SessionPerRequestLauncher.execute(SessionPerRequestLauncher.java:53)
        at org.apache.maven.surefire.junitplatform.JUnitPlatformProvider.execute(JUnitPlatformProvider.java:188)
        at org.apache.maven.surefire.junitplatform.JUnitPlatformProvider.invokeAllTests(JUnitPlatformProvider.java:154)
        at org.apache.maven.surefire.junitplatform.JUnitPlatformProvider.invoke(JUnitPlatformProvider.java:124)
        at org.apache.maven.surefire.booter.ForkedBooter.runSuitesInProcess(ForkedBooter.java:428)
        at org.apache.maven.surefire.booter.ForkedBooter.execute(ForkedBooter.java:162)
        at org.apache.maven.surefire.booter.ForkedBooter.run(ForkedBooter.java:562)
        at org.apache.maven.surefire.booter.ForkedBooter.main(ForkedBooter.java:548)
"IPC Server handler 19 on default port 39085" daemon prio=5 tid=173 timed_waiting
java.lang.Thread.State: TIMED_WAITING
        at sun.misc.Unsafe.park(Native Method)
        at java.util.concurrent.locks.LockSupport.parkNanos(LockSupport.java:215)
        at java.util.concurrent.locks.AbstractQueuedSynchronizer$ConditionObject.awaitNanos(AbstractQueuedSynchronizer.java:2078)
        at java.util.concurrent.LinkedBlockingQueue.poll(LinkedBlockingQueue.java:467)
        at org.apache.hadoop.ipc.CallQueueManager.take(CallQueueManager.java:317)
        at org.apache.hadoop.ipc.Server$Handler.run(Server.java:2942)
"IPC Server handler 1 on default port 33039" daemon prio=5 tid=88 timed_waiting
java.lang.Thread.State: TIMED_WAITING
        at sun.misc.Unsafe.park(Native Method)
        at java.util.concurrent.locks.LockSupport.parkNanos(LockSupport.java:215)
        at java.util.concurrent.locks.AbstractQueuedSynchronizer$ConditionObject.awaitNanos(AbstractQueuedSynchronizer.java:2078)
        at java.util.concurrent.LinkedBlockingQueue.poll(LinkedBlockingQueue.java:467)
        at org.apache.hadoop.ipc.CallQueueManager.take(CallQueueManager.java:317)
        at org.apache.hadoop.ipc.Server$Handler.run(Server.java:2942)
"IPC Server handler 16 on default port 45041" daemon prio=5 tid=83 timed_waiting
java.lang.Thread.State: TIMED_WAITING
        at sun.misc.Unsafe.park(Native Method)
        at java.util.concurrent.locks.LockSupport.parkNanos(LockSupport.java:215)
        at java.util.concurrent.locks.AbstractQueuedSynchronizer$ConditionObject.awaitNanos(AbstractQueuedSynchronizer.java:2078)
        at java.util.concurrent.LinkedBlockingQueue.poll(LinkedBlockingQueue.java:467)
        at org.apache.hadoop.ipc.CallQueueManager.take(CallQueueManager.java:317)
        at org.apache.hadoop.ipc.Server$Handler.run(Server.java:2942)
"IPC Server handler 12 on default port 45041" daemon prio=5 tid=79 timed_waiting
java.lang.Thread.State: TIMED_WAITING
        at sun.misc.Unsafe.park(Native Method)
        at java.util.concurrent.locks.LockSupport.parkNanos(LockSupport.java:215)
        at java.util.concurrent.locks.AbstractQueuedSynchronizer$ConditionObject.awaitNanos(AbstractQueuedSynchronizer.java:2078)
        at java.util.concurrent.LinkedBlockingQueue.poll(LinkedBlockingQueue.java:467)
        at org.apache.hadoop.ipc.CallQueueManager.take(CallQueueManager.java:317)
        at org.apache.hadoop.ipc.Server$Handler.run(Server.java:2942)
"BlockDeletingService#2" daemon prio=5 tid=629 in Object.wait()
java.lang.Thread.State: WAITING (on object monitor)
        at sun.misc.Unsafe.park(Native Method)
        at java.util.concurrent.locks.LockSupport.park(LockSupport.java:175)
        at java.util.concurrent.locks.AbstractQueuedSynchronizer$ConditionObject.await(AbstractQueuedSynchronizer.java:2039)
        at java.util.concurrent.ScheduledThreadPoolExecutor$DelayedWorkQueue.take(ScheduledThreadPoolExecutor.java:1088)
        at java.util.concurrent.ScheduledThreadPoolExecutor$DelayedWorkQueue.take(ScheduledThreadPoolExecutor.java:809)
        at java.util.concurrent.ThreadPoolExecutor.getTask(ThreadPoolExecutor.java:1074)
        at java.util.concurrent.ThreadPoolExecutor.runWorker(ThreadPoolExecutor.java:1134)
        at java.util.concurrent.ThreadPoolExecutor$Worker.run(ThreadPoolExecutor.java:624)
        at java.lang.Thread.run(Thread.java:750)
"ChunkReader-ELG-0" daemon prio=5 tid=378 runnable
java.lang.Thread.State: RUNNABLE
        at org.apache.ratis.thirdparty.io.netty.channel.epoll.Native.epollWait(Native Method)
        at org.apache.ratis.thirdparty.io.netty.channel.epoll.Native.epollWait(Native.java:209)
        at org.apache.ratis.thirdparty.io.netty.channel.epoll.Native.epollWait(Native.java:202)
        at org.apache.ratis.thirdparty.io.netty.channel.epoll.EpollEventLoop.epollWaitNoTimerChange(EpollEventLoop.java:294)
        at org.apache.ratis.thirdparty.io.netty.channel.epoll.EpollEventLoop.run(EpollEventLoop.java:351)
        at org.apache.ratis.thirdparty.io.netty.util.concurrent.SingleThreadEventExecutor$4.run(SingleThreadEventExecutor.java:995)
        at org.apache.ratis.thirdparty.io.netty.util.internal.ThreadExecutorMap$2.run(ThreadExecutorMap.java:74)
        at java.lang.Thread.run(Thread.java:750)
"Datanode ReportManager Thread - 3" daemon prio=5 tid=277 in Object.wait()
java.lang.Thread.State: WAITING (on object monitor)
        at sun.misc.Unsafe.park(Native Method)
        at java.util.concurrent.locks.LockSupport.park(LockSupport.java:175)
        at java.util.concurrent.locks.AbstractQueuedSynchronizer$ConditionObject.await(AbstractQueuedSynchronizer.java:2039)
        at java.util.concurrent.ScheduledThreadPoolExecutor$DelayedWorkQueue.take(ScheduledThreadPoolExecutor.java:1088)
        at java.util.concurrent.ScheduledThreadPoolExecutor$DelayedWorkQueue.take(ScheduledThreadPoolExecutor.java:809)
        at java.util.concurrent.ThreadPoolExecutor.getTask(ThreadPoolExecutor.java:1074)
        at java.util.concurrent.ThreadPoolExecutor.runWorker(ThreadPoolExecutor.java:1134)
        at java.util.concurrent.ThreadPoolExecutor$Worker.run(ThreadPoolExecutor.java:624)
        at java.lang.Thread.run(Thread.java:750)
"3706267d-b1e5-497c-b8ee-f9aaec0fcf2c@group-9EF4914689B9-FollowerState" daemon prio=5 tid=612 timed_waiting
java.lang.Thread.State: TIMED_WAITING
        at java.lang.Thread.sleep(Native Method)
        at java.lang.Thread.sleep(Thread.java:342)
        at java.util.concurrent.TimeUnit.sleep(TimeUnit.java:386)
        at org.apache.ratis.util.TimeDuration.sleep(TimeDuration.java:325)
        at org.apache.ratis.util.TimeDuration.sleep(TimeDuration.java:310)
        at org.apache.ratis.server.impl.FollowerState.run(FollowerState.java:128)
"FixedThreadPoolWithAffinityExecutor-8-0" daemon prio=5 tid=44 timed_waiting
java.lang.Thread.State: TIMED_WAITING
        at sun.misc.Unsafe.park(Native Method)
        at java.util.concurrent.locks.LockSupport.parkNanos(LockSupport.java:215)
        at java.util.concurrent.locks.AbstractQueuedSynchronizer$ConditionObject.awaitNanos(AbstractQueuedSynchronizer.java:2078)
        at java.util.concurrent.LinkedBlockingQueue.poll(LinkedBlockingQueue.java:467)
        at org.apache.hadoop.hdds.scm.server.ContainerReportQueue.poll(ContainerReportQueue.java:266)
        at org.apache.hadoop.hdds.scm.server.ContainerReportQueue.poll(ContainerReportQueue.java:42)
        at org.apache.hadoop.hdds.server.events.FixedThreadPoolWithAffinityExecutor$ContainerReportProcessTask.run(FixedThreadPoolWithAffinityExecutor.java:248)
        at java.util.concurrent.Executors$RunnableAdapter.call(Executors.java:511)
        at java.util.concurrent.FutureTask.run(FutureTask.java:266)
        at java.util.concurrent.ThreadPoolExecutor.runWorker(ThreadPoolExecutor.java:1149)
        at java.util.concurrent.ThreadPoolExecutor$Worker.run(ThreadPoolExecutor.java:624)
        at java.lang.Thread.run(Thread.java:750)
"Periodic HDDS volume checker" daemon prio=5 tid=257 timed_waiting
java.lang.Thread.State: TIMED_WAITING
        at sun.misc.Unsafe.park(Native Method)
        at java.util.concurrent.locks.LockSupport.parkNanos(LockSupport.java:215)
        at java.util.concurrent.locks.AbstractQueuedSynchronizer$ConditionObject.awaitNanos(AbstractQueuedSynchronizer.java:2078)
        at java.util.concurrent.ScheduledThreadPoolExecutor$DelayedWorkQueue.take(ScheduledThreadPoolExecutor.java:1093)
        at java.util.concurrent.ScheduledThreadPoolExecutor$DelayedWorkQueue.take(ScheduledThreadPoolExecutor.java:809)
        at java.util.concurrent.ThreadPoolExecutor.getTask(ThreadPoolExecutor.java:1074)
        at java.util.concurrent.ThreadPoolExecutor.runWorker(ThreadPoolExecutor.java:1134)
        at java.util.concurrent.ThreadPoolExecutor$Worker.run(ThreadPoolExecutor.java:624)
        at java.lang.Thread.run(Thread.java:750)
"Periodic HDDS volume checker" daemon prio=5 tid=231 timed_waiting
java.lang.Thread.State: TIMED_WAITING
        at sun.misc.Unsafe.park(Native Method)
        at java.util.concurrent.locks.LockSupport.parkNanos(LockSupport.java:215)
        at java.util.concurrent.locks.AbstractQueuedSynchronizer$ConditionObject.awaitNanos(AbstractQueuedSynchronizer.java:2078)
        at java.util.concurrent.ScheduledThreadPoolExecutor$DelayedWorkQueue.take(ScheduledThreadPoolExecutor.java:1093)
        at java.util.concurrent.ScheduledThreadPoolExecutor$DelayedWorkQueue.take(ScheduledThreadPoolExecutor.java:809)
        at java.util.concurrent.ThreadPoolExecutor.getTask(ThreadPoolExecutor.java:1074)
        at java.util.concurrent.ThreadPoolExecutor.runWorker(ThreadPoolExecutor.java:1134)
        at java.util.concurrent.ThreadPoolExecutor$Worker.run(ThreadPoolExecutor.java:624)
        at java.lang.Thread.run(Thread.java:750)
"Timer-0"  prio=5 tid=140 timed_waiting
java.lang.Thread.State: TIMED_WAITING
        at java.lang.Object.wait(Native Method)
        at java.util.TimerThread.mainLoop(Timer.java:552)
        at java.util.TimerThread.run(Timer.java:505)
"qtp82017445-241" daemon prio=5 tid=241 timed_waiting
java.lang.Thread.State: TIMED_WAITING
        at sun.misc.Unsafe.park(Native Method)
        at java.util.concurrent.locks.LockSupport.parkNanos(LockSupport.java:215)
        at java.util.concurrent.locks.AbstractQueuedSynchronizer$ConditionObject.awaitNanos(AbstractQueuedSynchronizer.java:2078)
        at org.eclipse.jetty.util.BlockingArrayQueue.poll(BlockingArrayQueue.java:382)
        at org.eclipse.jetty.util.thread.QueuedThreadPool$Runner.idleJobPoll(QueuedThreadPool.java:974)
        at org.eclipse.jetty.util.thread.QueuedThreadPool$Runner.run(QueuedThreadPool.java:1018)
        at java.lang.Thread.run(Thread.java:750)
"b564bb99-cd76-4902-8e37-bc5f128935f0@group-B70490D7C7CC-StateMachineUpdater" daemon prio=5 tid=489 timed_waiting
java.lang.Thread.State: TIMED_WAITING
        at sun.misc.Unsafe.park(Native Method)
        at java.util.concurrent.locks.LockSupport.parkNanos(LockSupport.java:215)
        at java.util.concurrent.CompletableFuture$Signaller.block(CompletableFuture.java:1709)
        at java.util.concurrent.ForkJoinPool.managedBlock(ForkJoinPool.java:3323)
        at java.util.concurrent.CompletableFuture.timedGet(CompletableFuture.java:1788)
        at java.util.concurrent.CompletableFuture.get(CompletableFuture.java:1928)
        at org.apache.ratis.util.AwaitForSignal.await(AwaitForSignal.java:56)
        at org.apache.ratis.server.impl.StateMachineUpdater.waitForCommit(StateMachineUpdater.java:207)
        at org.apache.ratis.server.impl.StateMachineUpdater.run(StateMachineUpdater.java:176)
        at java.lang.Thread.run(Thread.java:750)
"IPC Server handler 19 on default port 33929" daemon prio=5 tid=66 timed_waiting
java.lang.Thread.State: TIMED_WAITING
        at sun.misc.Unsafe.park(Native Method)
        at java.util.concurrent.locks.LockSupport.parkNanos(LockSupport.java:215)
        at java.util.concurrent.locks.AbstractQueuedSynchronizer$ConditionObject.awaitNanos(AbstractQueuedSynchronizer.java:2078)
        at java.util.concurrent.LinkedBlockingQueue.poll(LinkedBlockingQueue.java:467)
        at org.apache.hadoop.ipc.CallQueueManager.take(CallQueueManager.java:317)
        at org.apache.hadoop.ipc.Server$Handler.run(Server.java:2942)
"JvmPauseMonitor5" daemon prio=5 tid=395 timed_waiting
java.lang.Thread.State: TIMED_WAITING
        at java.lang.Thread.sleep(Native Method)
        at java.lang.Thread.sleep(Thread.java:342)
        at java.util.concurrent.TimeUnit.sleep(TimeUnit.java:386)
        at org.apache.ratis.util.TimeDuration.sleep(TimeDuration.java:325)
        at org.apache.ratis.util.TimeDuration.sleep(TimeDuration.java:310)
        at org.apache.ratis.util.JvmPauseMonitor.detectPause(JvmPauseMonitor.java:119)
        at org.apache.ratis.util.JvmPauseMonitor.run(JvmPauseMonitor.java:108)
        at org.apache.ratis.util.JvmPauseMonitor$$Lambda$731/2135000930.run(Unknown Source)
        at java.lang.Thread.run(Thread.java:750)
"org.apache.hadoop.util.JvmPauseMonitor$Monitor@26902e95" daemon prio=5 tid=318 timed_waiting
java.lang.Thread.State: TIMED_WAITING
        at java.lang.Thread.sleep(Native Method)
        at org.apache.hadoop.util.JvmPauseMonitor$Monitor.run(JvmPauseMonitor.java:192)
        at java.lang.Thread.run(Thread.java:750)
"IPC Server handler 12 on default port 33039" daemon prio=5 tid=99 timed_waiting
java.lang.Thread.State: TIMED_WAITING
        at sun.misc.Unsafe.park(Native Method)
        at java.util.concurrent.locks.LockSupport.parkNanos(LockSupport.java:215)
        at java.util.concurrent.locks.AbstractQueuedSynchronizer$ConditionObject.awaitNanos(AbstractQueuedSynchronizer.java:2078)
        at java.util.concurrent.LinkedBlockingQueue.poll(LinkedBlockingQueue.java:467)
        at org.apache.hadoop.ipc.CallQueueManager.take(CallQueueManager.java:317)
        at org.apache.hadoop.ipc.Server$Handler.run(Server.java:2942)
"Socket Reader #1 for port 0"  prio=5 tid=29 runnable
java.lang.Thread.State: RUNNABLE
        at sun.nio.ch.EPollArrayWrapper.epollWait(Native Method)
        at sun.nio.ch.EPollArrayWrapper.poll(EPollArrayWrapper.java:269)
        at sun.nio.ch.EPollSelectorImpl.doSelect(EPollSelectorImpl.java:93)
        at sun.nio.ch.SelectorImpl.lockAndDoSelect(SelectorImpl.java:86)
        at sun.nio.ch.SelectorImpl.select(SelectorImpl.java:97)
        at sun.nio.ch.SelectorImpl.select(SelectorImpl.java:101)
        at org.apache.hadoop.ipc.Server$Listener$Reader.doRunLoop(Server.java:1296)
        at org.apache.hadoop.ipc.Server$Listener$Reader.run(Server.java:1275)
"IPC Server idle connection scanner for port 39085" daemon prio=5 tid=132 timed_waiting
java.lang.Thread.State: TIMED_WAITING
        at java.lang.Object.wait(Native Method)
        at java.util.TimerThread.mainLoop(Timer.java:552)
        at java.util.TimerThread.run(Timer.java:505)
"Datanode ReportManager Thread - 1" daemon prio=5 tid=275 in Object.wait()
java.lang.Thread.State: WAITING (on object monitor)
        at sun.misc.Unsafe.park(Native Method)
        at java.util.concurrent.locks.LockSupport.park(LockSupport.java:175)
        at java.util.concurrent.locks.AbstractQueuedSynchronizer$ConditionObject.await(AbstractQueuedSynchronizer.java:2039)
        at java.util.concurrent.ScheduledThreadPoolExecutor$DelayedWorkQueue.take(ScheduledThreadPoolExecutor.java:1088)
        at java.util.concurrent.ScheduledThreadPoolExecutor$DelayedWorkQueue.take(ScheduledThreadPoolExecutor.java:809)
        at java.util.concurrent.ThreadPoolExecutor.getTask(ThreadPoolExecutor.java:1074)
        at java.util.concurrent.ThreadPoolExecutor.runWorker(ThreadPoolExecutor.java:1134)
        at java.util.concurrent.ThreadPoolExecutor$Worker.run(ThreadPoolExecutor.java:624)
        at java.lang.Thread.run(Thread.java:750)
"EventQueue-NodeReportForNodeReportHandler" daemon prio=5 tid=628 in Object.wait()
java.lang.Thread.State: WAITING (on object monitor)
        at sun.misc.Unsafe.park(Native Method)
        at java.util.concurrent.locks.LockSupport.park(LockSupport.java:175)
        at java.util.concurrent.locks.AbstractQueuedSynchronizer$ConditionObject.await(AbstractQueuedSynchronizer.java:2039)
        at java.util.concurrent.LinkedBlockingQueue.take(LinkedBlockingQueue.java:442)
        at java.util.concurrent.ThreadPoolExecutor.getTask(ThreadPoolExecutor.java:1074)
        at java.util.concurrent.ThreadPoolExecutor.runWorker(ThreadPoolExecutor.java:1134)
        at java.util.concurrent.ThreadPoolExecutor$Worker.run(ThreadPoolExecutor.java:624)
        at java.lang.Thread.run(Thread.java:750)
"Datanode ReportManager Thread - 2" daemon prio=5 tid=276 in Object.wait()
java.lang.Thread.State: WAITING (on object monitor)
        at sun.misc.Unsafe.park(Native Method)
        at java.util.concurrent.locks.LockSupport.park(LockSupport.java:175)
        at java.util.concurrent.locks.AbstractQueuedSynchronizer$ConditionObject.await(AbstractQueuedSynchronizer.java:2039)
        at java.util.concurrent.ScheduledThreadPoolExecutor$DelayedWorkQueue.take(ScheduledThreadPoolExecutor.java:1088)
        at java.util.concurrent.ScheduledThreadPoolExecutor$DelayedWorkQueue.take(ScheduledThreadPoolExecutor.java:809)
        at java.util.concurrent.ThreadPoolExecutor.getTask(ThreadPoolExecutor.java:1074)
        at java.util.concurrent.ThreadPoolExecutor.runWorker(ThreadPoolExecutor.java:1134)
        at java.util.concurrent.ThreadPoolExecutor$Worker.run(ThreadPoolExecutor.java:624)
        at java.lang.Thread.run(Thread.java:750)
"Periodic HDDS volume checker" daemon prio=5 tid=322 timed_waiting
java.lang.Thread.State: TIMED_WAITING
        at sun.misc.Unsafe.park(Native Method)
        at java.util.concurrent.locks.LockSupport.parkNanos(LockSupport.java:215)
        at java.util.concurrent.locks.AbstractQueuedSynchronizer$ConditionObject.awaitNanos(AbstractQueuedSynchronizer.java:2078)
        at java.util.concurrent.ScheduledThreadPoolExecutor$DelayedWorkQueue.take(ScheduledThreadPoolExecutor.java:1093)
        at java.util.concurrent.ScheduledThreadPoolExecutor$DelayedWorkQueue.take(ScheduledThreadPoolExecutor.java:809)
        at java.util.concurrent.ThreadPoolExecutor.getTask(ThreadPoolExecutor.java:1074)
        at java.util.concurrent.ThreadPoolExecutor.runWorker(ThreadPoolExecutor.java:1134)
        at java.util.concurrent.ThreadPoolExecutor$Worker.run(ThreadPoolExecutor.java:624)
        at java.lang.Thread.run(Thread.java:750)
"FixedThreadPoolWithAffinityExecutor-3-0" daemon prio=5 tid=39 timed_waiting
java.lang.Thread.State: TIMED_WAITING
        at sun.misc.Unsafe.park(Native Method)
        at java.util.concurrent.locks.LockSupport.parkNanos(LockSupport.java:215)
        at java.util.concurrent.locks.AbstractQueuedSynchronizer$ConditionObject.awaitNanos(AbstractQueuedSynchronizer.java:2078)
        at java.util.concurrent.LinkedBlockingQueue.poll(LinkedBlockingQueue.java:467)
        at org.apache.hadoop.hdds.scm.server.ContainerReportQueue.poll(ContainerReportQueue.java:266)
        at org.apache.hadoop.hdds.scm.server.ContainerReportQueue.poll(ContainerReportQueue.java:42)
        at org.apache.hadoop.hdds.server.events.FixedThreadPoolWithAffinityExecutor$ContainerReportProcessTask.run(FixedThreadPoolWithAffinityExecutor.java:248)
        at java.util.concurrent.Executors$RunnableAdapter.call(Executors.java:511)
        at java.util.concurrent.FutureTask.run(FutureTask.java:266)
        at java.util.concurrent.ThreadPoolExecutor.runWorker(ThreadPoolExecutor.java:1149)
        at java.util.concurrent.ThreadPoolExecutor$Worker.run(ThreadPoolExecutor.java:624)
        at java.lang.Thread.run(Thread.java:750)
"Signal Dispatcher" daemon prio=9 tid=4 runnable
java.lang.Thread.State: RUNNABLE
"org.apache.hadoop.ozone.container.common.statemachine.commandhandler.DeleteBlocksCommandHandler$DeleteCmdWorker@5093612e" daemon prio=5 tid=327 timed_waiting
java.lang.Thread.State: TIMED_WAITING
        at java.lang.Thread.sleep(Native Method)
        at org.apache.hadoop.ozone.container.common.statemachine.commandhandler.DeleteBlocksCommandHandler$DeleteCmdWorker.run(DeleteBlocksCommandHandler.java:184)
        at java.lang.Thread.run(Thread.java:750)
"om1-client-thread1" daemon prio=5 tid=622 timed_waiting
java.lang.Thread.State: TIMED_WAITING
        at sun.misc.Unsafe.park(Native Method)
        at java.util.concurrent.locks.LockSupport.parkNanos(LockSupport.java:215)
        at java.util.concurrent.SynchronousQueue$TransferStack.awaitFulfill(SynchronousQueue.java:460)
        at java.util.concurrent.SynchronousQueue$TransferStack.transfer(SynchronousQueue.java:362)
        at java.util.concurrent.SynchronousQueue.poll(SynchronousQueue.java:941)
        at java.util.concurrent.ThreadPoolExecutor.getTask(ThreadPoolExecutor.java:1073)
        at java.util.concurrent.ThreadPoolExecutor.runWorker(ThreadPoolExecutor.java:1134)
        at java.util.concurrent.ThreadPoolExecutor$Worker.run(ThreadPoolExecutor.java:624)
        at java.lang.Thread.run(Thread.java:750)
"Datanode State Machine Task Thread - 1"  prio=5 tid=338 in Object.wait()
java.lang.Thread.State: WAITING (on object monitor)
        at sun.misc.Unsafe.park(Native Method)
        at java.util.concurrent.locks.LockSupport.park(LockSupport.java:175)
        at java.util.concurrent.locks.AbstractQueuedSynchronizer$ConditionObject.await(AbstractQueuedSynchronizer.java:2039)
        at java.util.concurrent.LinkedBlockingQueue.take(LinkedBlockingQueue.java:442)
        at java.util.concurrent.ThreadPoolExecutor.getTask(ThreadPoolExecutor.java:1074)
        at java.util.concurrent.ThreadPoolExecutor.runWorker(ThreadPoolExecutor.java:1134)
        at java.util.concurrent.ThreadPoolExecutor$Worker.run(ThreadPoolExecutor.java:624)
        at java.lang.Thread.run(Thread.java:750)
"Datanode State Machine Daemon Thread" daemon prio=5 tid=221 timed_waiting
java.lang.Thread.State: TIMED_WAITING
        at java.lang.Thread.sleep(Native Method)
        at org.apache.hadoop.ozone.container.common.statemachine.DatanodeStateMachine.startStateMachineThread(DatanodeStateMachine.java:321)
        at org.apache.hadoop.ozone.container.common.statemachine.DatanodeStateMachine.lambda$startDaemon$0(DatanodeStateMachine.java:506)
        at org.apache.hadoop.ozone.container.common.statemachine.DatanodeStateMachine$$Lambda$833/577239715.run(Unknown Source)
        at java.lang.Thread.run(Thread.java:750)
"ChunkWriter-3-0" daemon prio=5 tid=407 in Object.wait()
java.lang.Thread.State: WAITING (on object monitor)
        at sun.misc.Unsafe.park(Native Method)
        at java.util.concurrent.locks.LockSupport.park(LockSupport.java:175)
        at java.util.concurrent.locks.AbstractQueuedSynchronizer$ConditionObject.await(AbstractQueuedSynchronizer.java:2039)
        at java.util.concurrent.LinkedBlockingDeque.takeFirst(LinkedBlockingDeque.java:492)
        at java.util.concurrent.LinkedBlockingDeque.take(LinkedBlockingDeque.java:680)
        at java.util.concurrent.ThreadPoolExecutor.getTask(ThreadPoolExecutor.java:1074)
        at java.util.concurrent.ThreadPoolExecutor.runWorker(ThreadPoolExecutor.java:1134)
        at java.util.concurrent.ThreadPoolExecutor$Worker.run(ThreadPoolExecutor.java:624)
        at java.lang.Thread.run(Thread.java:750)
"64d479e5-fe0e-4358-9b9b-67f62582a254@group-B4A6CDCEE827-LeaderStateImpl" daemon prio=5 tid=493 timed_waiting
java.lang.Thread.State: TIMED_WAITING
        at sun.misc.Unsafe.park(Native Method)
        at java.util.concurrent.locks.LockSupport.parkNanos(LockSupport.java:215)
        at java.util.concurrent.locks.AbstractQueuedSynchronizer$ConditionObject.awaitNanos(AbstractQueuedSynchronizer.java:2078)
        at java.util.concurrent.ArrayBlockingQueue.poll(ArrayBlockingQueue.java:418)
        at org.apache.ratis.server.impl.LeaderStateImpl$EventQueue.poll(LeaderStateImpl.java:159)
        at org.apache.ratis.server.impl.LeaderStateImpl$EventProcessor.run(LeaderStateImpl.java:630)
"StaleRecoveringContainerScrubbingService#1" daemon prio=5 tid=413 timed_waiting
java.lang.Thread.State: TIMED_WAITING
        at sun.misc.Unsafe.park(Native Method)
        at java.util.concurrent.locks.LockSupport.parkNanos(LockSupport.java:215)
        at java.util.concurrent.locks.AbstractQueuedSynchronizer$ConditionObject.awaitNanos(AbstractQueuedSynchronizer.java:2078)
        at java.util.concurrent.ScheduledThreadPoolExecutor$DelayedWorkQueue.take(ScheduledThreadPoolExecutor.java:1093)
        at java.util.concurrent.ScheduledThreadPoolExecutor$DelayedWorkQueue.take(ScheduledThreadPoolExecutor.java:809)
        at java.util.concurrent.ThreadPoolExecutor.getTask(ThreadPoolExecutor.java:1074)
        at java.util.concurrent.ThreadPoolExecutor.runWorker(ThreadPoolExecutor.java:1134)
        at java.util.concurrent.ThreadPoolExecutor$Worker.run(ThreadPoolExecutor.java:624)
        at java.lang.Thread.run(Thread.java:750)
"Datanode State Machine Daemon Thread" daemon prio=5 tid=273 timed_waiting
java.lang.Thread.State: TIMED_WAITING
        at java.lang.Thread.sleep(Native Method)
        at org.apache.hadoop.ozone.container.common.statemachine.DatanodeStateMachine.startStateMachineThread(DatanodeStateMachine.java:321)
        at org.apache.hadoop.ozone.container.common.statemachine.DatanodeStateMachine.lambda$startDaemon$0(DatanodeStateMachine.java:506)
        at org.apache.hadoop.ozone.container.common.statemachine.DatanodeStateMachine$$Lambda$833/577239715.run(Unknown Source)
        at java.lang.Thread.run(Thread.java:750)
"IPC Server handler 14 on default port 39085" daemon prio=5 tid=168 timed_waiting
java.lang.Thread.State: TIMED_WAITING
        at sun.misc.Unsafe.park(Native Method)
        at java.util.concurrent.locks.LockSupport.parkNanos(LockSupport.java:215)
        at java.util.concurrent.locks.AbstractQueuedSynchronizer$ConditionObject.awaitNanos(AbstractQueuedSynchronizer.java:2078)
        at java.util.concurrent.LinkedBlockingQueue.poll(LinkedBlockingQueue.java:467)
        at org.apache.hadoop.ipc.CallQueueManager.take(CallQueueManager.java:317)
        at org.apache.hadoop.ipc.Server$Handler.run(Server.java:2942)
"qtp1366704802-267" daemon prio=5 tid=267 timed_waiting
java.lang.Thread.State: TIMED_WAITING
        at sun.misc.Unsafe.park(Native Method)
        at java.util.concurrent.locks.LockSupport.parkNanos(LockSupport.java:215)
        at java.util.concurrent.locks.AbstractQueuedSynchronizer$ConditionObject.awaitNanos(AbstractQueuedSynchronizer.java:2078)
        at org.eclipse.jetty.util.BlockingArrayQueue.poll(BlockingArrayQueue.java:382)
        at org.eclipse.jetty.util.thread.QueuedThreadPool$Runner.idleJobPoll(QueuedThreadPool.java:974)
        at org.eclipse.jetty.util.thread.QueuedThreadPool$Runner.run(QueuedThreadPool.java:1018)
        at java.lang.Thread.run(Thread.java:750)
"qtp282046195-332" daemon prio=5 tid=332 timed_waiting
java.lang.Thread.State: TIMED_WAITING
        at sun.misc.Unsafe.park(Native Method)
        at java.util.concurrent.locks.LockSupport.parkNanos(LockSupport.java:215)
        at java.util.concurrent.locks.AbstractQueuedSynchronizer$ConditionObject.awaitNanos(AbstractQueuedSynchronizer.java:2078)
        at org.eclipse.jetty.util.BlockingArrayQueue.poll(BlockingArrayQueue.java:382)
        at org.eclipse.jetty.util.thread.QueuedThreadPool$Runner.idleJobPoll(QueuedThreadPool.java:974)
        at org.eclipse.jetty.util.thread.QueuedThreadPool$Runner.run(QueuedThreadPool.java:1018)
        at java.lang.Thread.run(Thread.java:750)
"qtp1650164347-219" daemon prio=5 tid=219 timed_waiting
java.lang.Thread.State: TIMED_WAITING
        at sun.misc.Unsafe.park(Native Method)
        at java.util.concurrent.locks.LockSupport.parkNanos(LockSupport.java:215)
        at java.util.concurrent.locks.AbstractQueuedSynchronizer$ConditionObject.awaitNanos(AbstractQueuedSynchronizer.java:2078)
        at org.eclipse.jetty.util.BlockingArrayQueue.poll(BlockingArrayQueue.java:382)
        at org.eclipse.jetty.util.thread.QueuedThreadPool$Runner.idleJobPoll(QueuedThreadPool.java:974)
        at org.eclipse.jetty.util.thread.QueuedThreadPool$Runner.run(QueuedThreadPool.java:1018)
        at java.lang.Thread.run(Thread.java:750)
"ChunkReader-ELG-0" daemon prio=5 tid=366 runnable
java.lang.Thread.State: RUNNABLE
        at org.apache.ratis.thirdparty.io.netty.channel.epoll.Native.epollWait(Native Method)
        at org.apache.ratis.thirdparty.io.netty.channel.epoll.Native.epollWait(Native.java:209)
        at org.apache.ratis.thirdparty.io.netty.channel.epoll.Native.epollWait(Native.java:202)
        at org.apache.ratis.thirdparty.io.netty.channel.epoll.EpollEventLoop.epollWaitNoTimerChange(EpollEventLoop.java:294)
        at org.apache.ratis.thirdparty.io.netty.channel.epoll.EpollEventLoop.run(EpollEventLoop.java:351)
        at org.apache.ratis.thirdparty.io.netty.util.concurrent.SingleThreadEventExecutor$4.run(SingleThreadEventExecutor.java:995)
        at org.apache.ratis.thirdparty.io.netty.util.internal.ThreadExecutorMap$2.run(ThreadExecutorMap.java:74)
        at java.lang.Thread.run(Thread.java:750)
"b564bb99-cd76-4902-8e37-bc5f128935f0@group-B70490D7C7CC-SegmentedRaftLogWorker"  prio=5 tid=486 timed_waiting
java.lang.Thread.State: TIMED_WAITING
        at sun.misc.Unsafe.park(Native Method)
        at java.util.concurrent.locks.LockSupport.parkNanos(LockSupport.java:215)
        at java.util.concurrent.locks.AbstractQueuedSynchronizer$ConditionObject.awaitNanos(AbstractQueuedSynchronizer.java:2078)
        at org.apache.ratis.util.DataBlockingQueue.poll(DataBlockingQueue.java:148)
        at org.apache.ratis.server.raftlog.segmented.SegmentedRaftLogWorker.run(SegmentedRaftLogWorker.java:312)
        at org.apache.ratis.server.raftlog.segmented.SegmentedRaftLogWorker$$Lambda$690/111575275.run(Unknown Source)
        at java.lang.Thread.run(Thread.java:750)
"e3d3c1c6-e4ea-41ff-8088-7f0be060b7c0@group-EB97E70306BD-LeaderStateImpl" daemon prio=5 tid=528 timed_waiting
java.lang.Thread.State: TIMED_WAITING
        at sun.misc.Unsafe.park(Native Method)
        at java.util.concurrent.locks.LockSupport.parkNanos(LockSupport.java:215)
        at java.util.concurrent.locks.AbstractQueuedSynchronizer$ConditionObject.awaitNanos(AbstractQueuedSynchronizer.java:2078)
        at java.util.concurrent.ArrayBlockingQueue.poll(ArrayBlockingQueue.java:418)
        at org.apache.ratis.server.impl.LeaderStateImpl$EventQueue.poll(LeaderStateImpl.java:159)
        at org.apache.ratis.server.impl.LeaderStateImpl$EventProcessor.run(LeaderStateImpl.java:630)
"IPC Server handler 18 on default port 33929" daemon prio=5 tid=65 timed_waiting
java.lang.Thread.State: TIMED_WAITING
        at sun.misc.Unsafe.park(Native Method)
        at java.util.concurrent.locks.LockSupport.parkNanos(LockSupport.java:215)
        at java.util.concurrent.locks.AbstractQueuedSynchronizer$ConditionObject.awaitNanos(AbstractQueuedSynchronizer.java:2078)
        at java.util.concurrent.LinkedBlockingQueue.poll(LinkedBlockingQueue.java:467)
        at org.apache.hadoop.ipc.CallQueueManager.take(CallQueueManager.java:317)
        at org.apache.hadoop.ipc.Server$Handler.run(Server.java:2942)
"Command processor thread" daemon prio=5 tid=227 timed_waiting
java.lang.Thread.State: TIMED_WAITING
        at java.lang.Thread.sleep(Native Method)
        at org.apache.hadoop.ozone.container.common.statemachine.DatanodeStateMachine.lambda$initCommandHandlerThread$3(DatanodeStateMachine.java:641)
        at org.apache.hadoop.ozone.container.common.statemachine.DatanodeStateMachine$$Lambda$835/1298573744.run(Unknown Source)
        at java.lang.Thread.run(Thread.java:750)
"qtp1366704802-264" daemon prio=5 tid=264 runnable
java.lang.Thread.State: RUNNABLE
        at sun.nio.ch.EPollArrayWrapper.epollWait(Native Method)
        at sun.nio.ch.EPollArrayWrapper.poll(EPollArrayWrapper.java:269)
        at sun.nio.ch.EPollSelectorImpl.doSelect(EPollSelectorImpl.java:93)
        at sun.nio.ch.SelectorImpl.lockAndDoSelect(SelectorImpl.java:86)
        at sun.nio.ch.SelectorImpl.select(SelectorImpl.java:97)
        at sun.nio.ch.SelectorImpl.select(SelectorImpl.java:101)
        at org.eclipse.jetty.io.ManagedSelector.nioSelect(ManagedSelector.java:183)
        at org.eclipse.jetty.io.ManagedSelector.select(ManagedSelector.java:190)
        at org.eclipse.jetty.io.ManagedSelector$SelectorProducer.select(ManagedSelector.java:606)
        at org.eclipse.jetty.io.ManagedSelector$SelectorProducer.produce(ManagedSelector.java:543)
        at org.eclipse.jetty.util.thread.strategy.EatWhatYouKill.produceTask(EatWhatYouKill.java:362)
        at org.eclipse.jetty.util.thread.strategy.EatWhatYouKill.doProduce(EatWhatYouKill.java:186)
        at org.eclipse.jetty.util.thread.strategy.EatWhatYouKill.tryProduce(EatWhatYouKill.java:173)
        at org.eclipse.jetty.util.thread.strategy.EatWhatYouKill.produce(EatWhatYouKill.java:137)
        at org.eclipse.jetty.io.ManagedSelector$$Lambda$468/328838504.run(Unknown Source)
        at org.eclipse.jetty.util.thread.QueuedThreadPool.runJob(QueuedThreadPool.java:883)
        at org.eclipse.jetty.util.thread.QueuedThreadPool$Runner.run(QueuedThreadPool.java:1034)
        at java.lang.Thread.run(Thread.java:750)
"EventQueue-NodeRegistrationContainerReportForContainerSafeModeRule" daemon prio=5 tid=385 in Object.wait()
java.lang.Thread.State: WAITING (on object monitor)
        at sun.misc.Unsafe.park(Native Method)
        at java.util.concurrent.locks.LockSupport.park(LockSupport.java:175)
        at java.util.concurrent.locks.AbstractQueuedSynchronizer$ConditionObject.await(AbstractQueuedSynchronizer.java:2039)
        at java.util.concurrent.LinkedBlockingQueue.take(LinkedBlockingQueue.java:442)
        at java.util.concurrent.ThreadPoolExecutor.getTask(ThreadPoolExecutor.java:1074)
        at java.util.concurrent.ThreadPoolExecutor.runWorker(ThreadPoolExecutor.java:1134)
        at java.util.concurrent.ThreadPoolExecutor$Worker.run(ThreadPoolExecutor.java:624)
        at java.lang.Thread.run(Thread.java:750)
"pool-149-thread-1"  prio=5 tid=263 timed_waiting
java.lang.Thread.State: TIMED_WAITING
        at sun.misc.Unsafe.park(Native Method)
        at java.util.concurrent.locks.LockSupport.parkNanos(LockSupport.java:215)
        at java.util.concurrent.locks.AbstractQueuedSynchronizer$ConditionObject.awaitNanos(AbstractQueuedSynchronizer.java:2078)
        at java.util.concurrent.ScheduledThreadPoolExecutor$DelayedWorkQueue.take(ScheduledThreadPoolExecutor.java:1093)
        at java.util.concurrent.ScheduledThreadPoolExecutor$DelayedWorkQueue.take(ScheduledThreadPoolExecutor.java:809)
        at java.util.concurrent.ThreadPoolExecutor.getTask(ThreadPoolExecutor.java:1074)
        at java.util.concurrent.ThreadPoolExecutor.runWorker(ThreadPoolExecutor.java:1134)
        at java.util.concurrent.ThreadPoolExecutor$Worker.run(ThreadPoolExecutor.java:624)
        at java.lang.Thread.run(Thread.java:750)
"JvmPauseMonitor6" daemon prio=5 tid=408 timed_waiting
java.lang.Thread.State: TIMED_WAITING
        at java.lang.Thread.sleep(Native Method)
        at java.lang.Thread.sleep(Thread.java:342)
        at java.util.concurrent.TimeUnit.sleep(TimeUnit.java:386)
        at org.apache.ratis.util.TimeDuration.sleep(TimeDuration.java:325)
        at org.apache.ratis.util.TimeDuration.sleep(TimeDuration.java:310)
        at org.apache.ratis.util.JvmPauseMonitor.detectPause(JvmPauseMonitor.java:119)
        at org.apache.ratis.util.JvmPauseMonitor.run(JvmPauseMonitor.java:108)
        at org.apache.ratis.util.JvmPauseMonitor$$Lambda$731/2135000930.run(Unknown Source)
        at java.lang.Thread.run(Thread.java:750)
"IPC Server idle connection scanner for port 33929" daemon prio=5 tid=34 timed_waiting
java.lang.Thread.State: TIMED_WAITING
        at java.lang.Object.wait(Native Method)
        at java.util.TimerThread.mainLoop(Timer.java:552)
        at java.util.TimerThread.run(Timer.java:505)
"Datanode State Machine Task Thread - 1"  prio=5 tid=389 in Object.wait()
java.lang.Thread.State: WAITING (on object monitor)
        at sun.misc.Unsafe.park(Native Method)
        at java.util.concurrent.locks.LockSupport.park(LockSupport.java:175)
        at java.util.concurrent.locks.AbstractQueuedSynchronizer$ConditionObject.await(AbstractQueuedSynchronizer.java:2039)
        at java.util.concurrent.LinkedBlockingQueue.take(LinkedBlockingQueue.java:442)
        at java.util.concurrent.ThreadPoolExecutor.getTask(ThreadPoolExecutor.java:1074)
        at java.util.concurrent.ThreadPoolExecutor.runWorker(ThreadPoolExecutor.java:1134)
        at java.util.concurrent.ThreadPoolExecutor$Worker.run(ThreadPoolExecutor.java:624)
        at java.lang.Thread.run(Thread.java:750)
"64d479e5-fe0e-4358-9b9b-67f62582a254@group-9EF4914689B9-FollowerState" daemon prio=5 tid=613 timed_waiting
java.lang.Thread.State: TIMED_WAITING
        at java.lang.Thread.sleep(Native Method)
        at java.lang.Thread.sleep(Thread.java:342)
        at java.util.concurrent.TimeUnit.sleep(TimeUnit.java:386)
        at org.apache.ratis.util.TimeDuration.sleep(TimeDuration.java:325)
        at org.apache.ratis.util.TimeDuration.sleep(TimeDuration.java:310)
        at org.apache.ratis.server.impl.FollowerState.run(FollowerState.java:128)
"BlockDeletingService#1" daemon prio=5 tid=412 timed_waiting
java.lang.Thread.State: TIMED_WAITING
        at sun.misc.Unsafe.park(Native Method)
        at java.util.concurrent.locks.LockSupport.parkNanos(LockSupport.java:215)
        at java.util.concurrent.locks.AbstractQueuedSynchronizer$ConditionObject.awaitNanos(AbstractQueuedSynchronizer.java:2078)
        at java.util.concurrent.ScheduledThreadPoolExecutor$DelayedWorkQueue.take(ScheduledThreadPoolExecutor.java:1093)
        at java.util.concurrent.ScheduledThreadPoolExecutor$DelayedWorkQueue.take(ScheduledThreadPoolExecutor.java:809)
        at java.util.concurrent.ThreadPoolExecutor.getTask(ThreadPoolExecutor.java:1074)
        at java.util.concurrent.ThreadPoolExecutor.runWorker(ThreadPoolExecutor.java:1134)
        at java.util.concurrent.ThreadPoolExecutor$Worker.run(ThreadPoolExecutor.java:624)
        at java.lang.Thread.run(Thread.java:750)
"qtp134722204-189" daemon prio=5 tid=189 timed_waiting
java.lang.Thread.State: TIMED_WAITING
        at sun.misc.Unsafe.park(Native Method)
        at java.util.concurrent.locks.LockSupport.parkNanos(LockSupport.java:215)
        at java.util.concurrent.locks.AbstractQueuedSynchronizer$ConditionObject.awaitNanos(AbstractQueuedSynchronizer.java:2078)
        at org.eclipse.jetty.util.BlockingArrayQueue.poll(BlockingArrayQueue.java:382)
        at org.eclipse.jetty.util.thread.QueuedThreadPool$Runner.idleJobPoll(QueuedThreadPool.java:974)
        at org.eclipse.jetty.util.thread.QueuedThreadPool$Runner.run(QueuedThreadPool.java:1018)
        at java.lang.Thread.run(Thread.java:750)
"IPC Server handler 19 on default port 45041" daemon prio=5 tid=86 timed_waiting
java.lang.Thread.State: TIMED_WAITING
        at sun.misc.Unsafe.park(Native Method)
        at java.util.concurrent.locks.LockSupport.parkNanos(LockSupport.java:215)
        at java.util.concurrent.locks.AbstractQueuedSynchronizer$ConditionObject.awaitNanos(AbstractQueuedSynchronizer.java:2078)
        at java.util.concurrent.LinkedBlockingQueue.poll(LinkedBlockingQueue.java:467)
        at org.apache.hadoop.ipc.CallQueueManager.take(CallQueueManager.java:317)
        at org.apache.hadoop.ipc.Server$Handler.run(Server.java:2942)
"IPC Server handler 5 on default port 45041" daemon prio=5 tid=72 timed_waiting
java.lang.Thread.State: TIMED_WAITING
        at sun.misc.Unsafe.park(Native Method)
        at java.util.concurrent.locks.LockSupport.parkNanos(LockSupport.java:215)
        at java.util.concurrent.locks.AbstractQueuedSynchronizer$ConditionObject.awaitNanos(AbstractQueuedSynchronizer.java:2078)
        at java.util.concurrent.LinkedBlockingQueue.poll(LinkedBlockingQueue.java:467)
        at org.apache.hadoop.ipc.CallQueueManager.take(CallQueueManager.java:317)
        at org.apache.hadoop.ipc.Server$Handler.run(Server.java:2942)
"IPC Server handler 0 on default port 45041" daemon prio=5 tid=67 timed_waiting
java.lang.Thread.State: TIMED_WAITING
        at sun.misc.Unsafe.park(Native Method)
        at java.util.concurrent.locks.LockSupport.parkNanos(LockSupport.java:215)
        at java.util.concurrent.locks.AbstractQueuedSynchronizer$ConditionObject.awaitNanos(AbstractQueuedSynchronizer.java:2078)
        at java.util.concurrent.LinkedBlockingQueue.poll(LinkedBlockingQueue.java:467)
        at org.apache.hadoop.ipc.CallQueueManager.take(CallQueueManager.java:317)
        at org.apache.hadoop.ipc.Server$Handler.run(Server.java:2942)
"0f1be7e8-a3b4-460a-8434-ebd9767358ca@group-925D38F959D7-StateMachineUpdater" daemon prio=5 tid=461 timed_waiting
java.lang.Thread.State: TIMED_WAITING
        at sun.misc.Unsafe.park(Native Method)
        at java.util.concurrent.locks.LockSupport.parkNanos(LockSupport.java:215)
        at java.util.concurrent.CompletableFuture$Signaller.block(CompletableFuture.java:1709)
        at java.util.concurrent.ForkJoinPool.managedBlock(ForkJoinPool.java:3323)
        at java.util.concurrent.CompletableFuture.timedGet(CompletableFuture.java:1788)
        at java.util.concurrent.CompletableFuture.get(CompletableFuture.java:1928)
        at org.apache.ratis.util.AwaitForSignal.await(AwaitForSignal.java:56)
        at org.apache.ratis.server.impl.StateMachineUpdater.waitForCommit(StateMachineUpdater.java:207)
        at org.apache.ratis.server.impl.StateMachineUpdater.run(StateMachineUpdater.java:176)
        at java.lang.Thread.run(Thread.java:750)
"qtp1650164347-212" daemon prio=5 tid=212 runnable
java.lang.Thread.State: RUNNABLE
        at sun.nio.ch.EPollArrayWrapper.epollWait(Native Method)
        at sun.nio.ch.EPollArrayWrapper.poll(EPollArrayWrapper.java:269)
        at sun.nio.ch.EPollSelectorImpl.doSelect(EPollSelectorImpl.java:93)
        at sun.nio.ch.SelectorImpl.lockAndDoSelect(SelectorImpl.java:86)
        at sun.nio.ch.SelectorImpl.select(SelectorImpl.java:97)
        at sun.nio.ch.SelectorImpl.select(SelectorImpl.java:101)
        at org.eclipse.jetty.io.ManagedSelector.nioSelect(ManagedSelector.java:183)
        at org.eclipse.jetty.io.ManagedSelector.select(ManagedSelector.java:190)
        at org.eclipse.jetty.io.ManagedSelector$SelectorProducer.select(ManagedSelector.java:606)
        at org.eclipse.jetty.io.ManagedSelector$SelectorProducer.produce(ManagedSelector.java:543)
        at org.eclipse.jetty.util.thread.strategy.EatWhatYouKill.produceTask(EatWhatYouKill.java:362)
        at org.eclipse.jetty.util.thread.strategy.EatWhatYouKill.doProduce(EatWhatYouKill.java:186)
        at org.eclipse.jetty.util.thread.strategy.EatWhatYouKill.tryProduce(EatWhatYouKill.java:173)
        at org.eclipse.jetty.util.thread.strategy.EatWhatYouKill.produce(EatWhatYouKill.java:137)
        at org.eclipse.jetty.io.ManagedSelector$$Lambda$468/328838504.run(Unknown Source)
        at org.eclipse.jetty.util.thread.QueuedThreadPool.runJob(QueuedThreadPool.java:883)
        at org.eclipse.jetty.util.thread.QueuedThreadPool$Runner.run(QueuedThreadPool.java:1034)
        at java.lang.Thread.run(Thread.java:750)
"qtp1943878214-116" daemon prio=5 tid=116 timed_waiting
java.lang.Thread.State: TIMED_WAITING
        at sun.misc.Unsafe.park(Native Method)
        at java.util.concurrent.locks.LockSupport.parkNanos(LockSupport.java:215)
        at java.util.concurrent.locks.AbstractQueuedSynchronizer$ConditionObject.awaitNanos(AbstractQueuedSynchronizer.java:2078)
        at org.eclipse.jetty.util.BlockingArrayQueue.poll(BlockingArrayQueue.java:382)
        at org.eclipse.jetty.util.thread.QueuedThreadPool$Runner.idleJobPoll(QueuedThreadPool.java:974)
        at org.eclipse.jetty.util.thread.QueuedThreadPool$Runner.run(QueuedThreadPool.java:1018)
        at java.lang.Thread.run(Thread.java:750)
"IPC Server handler 15 on default port 45041" daemon prio=5 tid=82 timed_waiting
java.lang.Thread.State: TIMED_WAITING
        at sun.misc.Unsafe.park(Native Method)
        at java.util.concurrent.locks.LockSupport.parkNanos(LockSupport.java:215)
        at java.util.concurrent.locks.AbstractQueuedSynchronizer$ConditionObject.awaitNanos(AbstractQueuedSynchronizer.java:2078)
        at java.util.concurrent.LinkedBlockingQueue.poll(LinkedBlockingQueue.java:467)
        at org.apache.hadoop.ipc.CallQueueManager.take(CallQueueManager.java:317)
        at org.apache.hadoop.ipc.Server$Handler.run(Server.java:2942)
"Datanode ReportManager Thread - 2" daemon prio=5 tid=250 in Object.wait()
java.lang.Thread.State: WAITING (on object monitor)
        at sun.misc.Unsafe.park(Native Method)
        at java.util.concurrent.locks.LockSupport.park(LockSupport.java:175)
        at java.util.concurrent.locks.AbstractQueuedSynchronizer$ConditionObject.await(AbstractQueuedSynchronizer.java:2039)
        at java.util.concurrent.ScheduledThreadPoolExecutor$DelayedWorkQueue.take(ScheduledThreadPoolExecutor.java:1088)
        at java.util.concurrent.ScheduledThreadPoolExecutor$DelayedWorkQueue.take(ScheduledThreadPoolExecutor.java:809)
        at java.util.concurrent.ThreadPoolExecutor.getTask(ThreadPoolExecutor.java:1074)
        at java.util.concurrent.ThreadPoolExecutor.runWorker(ThreadPoolExecutor.java:1134)
        at java.util.concurrent.ThreadPoolExecutor$Worker.run(ThreadPoolExecutor.java:624)
        at java.lang.Thread.run(Thread.java:750)
"qtp1650164347-215" daemon prio=5 tid=215 timed_waiting
java.lang.Thread.State: TIMED_WAITING
        at sun.misc.Unsafe.park(Native Method)
        at java.util.concurrent.locks.LockSupport.parkNanos(LockSupport.java:215)
        at java.util.concurrent.locks.AbstractQueuedSynchronizer$ConditionObject.awaitNanos(AbstractQueuedSynchronizer.java:2078)
        at org.eclipse.jetty.util.BlockingArrayQueue.poll(BlockingArrayQueue.java:382)
        at org.eclipse.jetty.util.thread.QueuedThreadPool$Runner.idleJobPoll(QueuedThreadPool.java:974)
        at org.eclipse.jetty.util.thread.QueuedThreadPool$Runner.run(QueuedThreadPool.java:1018)
        at java.lang.Thread.run(Thread.java:750)
"org.apache.hadoop.ozone.container.common.statemachine.commandhandler.DeleteBlocksCommandHandler$DeleteCmdWorker@705ea294" daemon prio=5 tid=262 timed_waiting
java.lang.Thread.State: TIMED_WAITING
        at java.lang.Thread.sleep(Native Method)
        at org.apache.hadoop.ozone.container.common.statemachine.commandhandler.DeleteBlocksCommandHandler$DeleteCmdWorker.run(DeleteBlocksCommandHandler.java:184)
        at java.lang.Thread.run(Thread.java:750)
"qtp82017445-243" daemon prio=5 tid=243 timed_waiting
java.lang.Thread.State: TIMED_WAITING
        at sun.misc.Unsafe.park(Native Method)
        at java.util.concurrent.locks.LockSupport.parkNanos(LockSupport.java:215)
        at java.util.concurrent.locks.AbstractQueuedSynchronizer$ConditionObject.awaitNanos(AbstractQueuedSynchronizer.java:2078)
        at org.eclipse.jetty.util.BlockingArrayQueue.poll(BlockingArrayQueue.java:382)
        at org.eclipse.jetty.util.thread.QueuedThreadPool$Runner.idleJobPoll(QueuedThreadPool.java:974)
        at org.eclipse.jetty.util.thread.QueuedThreadPool$Runner.run(QueuedThreadPool.java:1018)
        at java.lang.Thread.run(Thread.java:750)
"ChunkWriter-1-0" daemon prio=5 tid=350 in Object.wait()
java.lang.Thread.State: WAITING (on object monitor)
        at sun.misc.Unsafe.park(Native Method)
        at java.util.concurrent.locks.LockSupport.park(LockSupport.java:175)
        at java.util.concurrent.locks.AbstractQueuedSynchronizer$ConditionObject.await(AbstractQueuedSynchronizer.java:2039)
        at java.util.concurrent.LinkedBlockingDeque.takeFirst(LinkedBlockingDeque.java:492)
        at java.util.concurrent.LinkedBlockingDeque.take(LinkedBlockingDeque.java:680)
        at java.util.concurrent.ThreadPoolExecutor.getTask(ThreadPoolExecutor.java:1074)
        at java.util.concurrent.ThreadPoolExecutor.runWorker(ThreadPoolExecutor.java:1134)
        at java.util.concurrent.ThreadPoolExecutor$Worker.run(ThreadPoolExecutor.java:624)
        at java.lang.Thread.run(Thread.java:750)
"KeyDeletingService#0" daemon prio=5 tid=141 timed_waiting
java.lang.Thread.State: TIMED_WAITING
        at sun.misc.Unsafe.park(Native Method)
        at java.util.concurrent.locks.LockSupport.parkNanos(LockSupport.java:215)
        at java.util.concurrent.locks.AbstractQueuedSynchronizer$ConditionObject.awaitNanos(AbstractQueuedSynchronizer.java:2078)
        at java.util.concurrent.ScheduledThreadPoolExecutor$DelayedWorkQueue.take(ScheduledThreadPoolExecutor.java:1093)
        at java.util.concurrent.ScheduledThreadPoolExecutor$DelayedWorkQueue.take(ScheduledThreadPoolExecutor.java:809)
        at java.util.concurrent.ThreadPoolExecutor.getTask(ThreadPoolExecutor.java:1074)
        at java.util.concurrent.ThreadPoolExecutor.runWorker(ThreadPoolExecutor.java:1134)
        at java.util.concurrent.ThreadPoolExecutor$Worker.run(ThreadPoolExecutor.java:624)
        at java.lang.Thread.run(Thread.java:750)
"qtp1650164347-216" daemon prio=5 tid=216 timed_waiting
java.lang.Thread.State: TIMED_WAITING
        at sun.misc.Unsafe.park(Native Method)
        at java.util.concurrent.locks.LockSupport.parkNanos(LockSupport.java:215)
        at java.util.concurrent.locks.AbstractQueuedSynchronizer$ConditionObject.awaitNanos(AbstractQueuedSynchronizer.java:2078)
        at org.eclipse.jetty.util.BlockingArrayQueue.poll(BlockingArrayQueue.java:382)
        at org.eclipse.jetty.util.thread.QueuedThreadPool$Runner.idleJobPoll(QueuedThreadPool.java:974)
        at org.eclipse.jetty.util.thread.QueuedThreadPool$Runner.run(QueuedThreadPool.java:1018)
        at java.lang.Thread.run(Thread.java:750)
"timer1" daemon prio=5 tid=548 timed_waiting
java.lang.Thread.State: TIMED_WAITING
        at java.lang.Object.wait(Native Method)
        at java.util.TimerThread.mainLoop(Timer.java:552)
        at java.util.TimerThread.run(Timer.java:505)
"Datanode State Machine Task Thread - 1"  prio=5 tid=402 in Object.wait()
java.lang.Thread.State: WAITING (on object monitor)
        at sun.misc.Unsafe.park(Native Method)
        at java.util.concurrent.locks.LockSupport.park(LockSupport.java:175)
        at java.util.concurrent.locks.AbstractQueuedSynchronizer$ConditionObject.await(AbstractQueuedSynchronizer.java:2039)
        at java.util.concurrent.LinkedBlockingQueue.take(LinkedBlockingQueue.java:442)
        at java.util.concurrent.ThreadPoolExecutor.getTask(ThreadPoolExecutor.java:1074)
        at java.util.concurrent.ThreadPoolExecutor.runWorker(ThreadPoolExecutor.java:1134)
        at java.util.concurrent.ThreadPoolExecutor$Worker.run(ThreadPoolExecutor.java:624)
        at java.lang.Thread.run(Thread.java:750)
"IPC Server handler 14 on default port 33929" daemon prio=5 tid=61 timed_waiting
java.lang.Thread.State: TIMED_WAITING
        at sun.misc.Unsafe.park(Native Method)
        at java.util.concurrent.locks.LockSupport.parkNanos(LockSupport.java:215)
        at java.util.concurrent.locks.AbstractQueuedSynchronizer$ConditionObject.awaitNanos(AbstractQueuedSynchronizer.java:2078)
        at java.util.concurrent.LinkedBlockingQueue.poll(LinkedBlockingQueue.java:467)
        at org.apache.hadoop.ipc.CallQueueManager.take(CallQueueManager.java:317)
        at org.apache.hadoop.ipc.Server$Handler.run(Server.java:2942)
"timer6" daemon prio=5 tid=575 timed_waiting
java.lang.Thread.State: TIMED_WAITING
        at java.lang.Object.wait(Native Method)
        at java.util.TimerThread.mainLoop(Timer.java:552)
        at java.util.TimerThread.run(Timer.java:505)
"IPC Server handler 10 on default port 45041" daemon prio=5 tid=77 timed_waiting
java.lang.Thread.State: TIMED_WAITING
        at sun.misc.Unsafe.park(Native Method)
        at java.util.concurrent.locks.LockSupport.parkNanos(LockSupport.java:215)
        at java.util.concurrent.locks.AbstractQueuedSynchronizer$ConditionObject.awaitNanos(AbstractQueuedSynchronizer.java:2078)
        at java.util.concurrent.LinkedBlockingQueue.poll(LinkedBlockingQueue.java:467)
        at org.apache.hadoop.ipc.CallQueueManager.take(CallQueueManager.java:317)
        at org.apache.hadoop.ipc.Server$Handler.run(Server.java:2942)
"3706267d-b1e5-497c-b8ee-f9aaec0fcf2c-server-thread2" daemon prio=5 tid=620 timed_waiting
java.lang.Thread.State: TIMED_WAITING
        at sun.misc.Unsafe.park(Native Method)
        at java.util.concurrent.locks.LockSupport.parkNanos(LockSupport.java:215)
        at java.util.concurrent.SynchronousQueue$TransferStack.awaitFulfill(SynchronousQueue.java:460)
        at java.util.concurrent.SynchronousQueue$TransferStack.transfer(SynchronousQueue.java:362)
        at java.util.concurrent.SynchronousQueue.poll(SynchronousQueue.java:941)
        at java.util.concurrent.ThreadPoolExecutor.getTask(ThreadPoolExecutor.java:1073)
        at java.util.concurrent.ThreadPoolExecutor.runWorker(ThreadPoolExecutor.java:1134)
        at java.util.concurrent.ThreadPoolExecutor$Worker.run(ThreadPoolExecutor.java:624)
        at java.lang.Thread.run(Thread.java:750)
"ChunkWriter-2-0" daemon prio=5 tid=406 in Object.wait()
java.lang.Thread.State: WAITING (on object monitor)
        at sun.misc.Unsafe.park(Native Method)
        at java.util.concurrent.locks.LockSupport.park(LockSupport.java:175)
        at java.util.concurrent.locks.AbstractQueuedSynchronizer$ConditionObject.await(AbstractQueuedSynchronizer.java:2039)
        at java.util.concurrent.LinkedBlockingDeque.takeFirst(LinkedBlockingDeque.java:492)
        at java.util.concurrent.LinkedBlockingDeque.take(LinkedBlockingDeque.java:680)
        at java.util.concurrent.ThreadPoolExecutor.getTask(ThreadPoolExecutor.java:1074)
        at java.util.concurrent.ThreadPoolExecutor.runWorker(ThreadPoolExecutor.java:1134)
        at java.util.concurrent.ThreadPoolExecutor$Worker.run(ThreadPoolExecutor.java:624)
        at java.lang.Thread.run(Thread.java:750)
"qtp282046195-330-acceptor-0@6db8c8c-ServerConnector@3cd2fd3d{HTTP/1.1, (http/1.1)}{0.0.0.0:43965}" daemon prio=3 tid=330 runnable
java.lang.Thread.State: RUNNABLE
        at sun.nio.ch.ServerSocketChannelImpl.accept0(Native Method)
        at sun.nio.ch.ServerSocketChannelImpl.accept(ServerSocketChannelImpl.java:421)
        at sun.nio.ch.ServerSocketChannelImpl.accept(ServerSocketChannelImpl.java:249)
        at org.eclipse.jetty.server.ServerConnector.accept(ServerConnector.java:388)
        at org.eclipse.jetty.server.AbstractConnector$Acceptor.run(AbstractConnector.java:704)
        at org.eclipse.jetty.util.thread.QueuedThreadPool.runJob(QueuedThreadPool.java:883)
        at org.eclipse.jetty.util.thread.QueuedThreadPool$Runner.run(QueuedThreadPool.java:1034)
        at java.lang.Thread.run(Thread.java:750)
"IPC Server handler 7 on default port 45041" daemon prio=5 tid=74 timed_waiting
java.lang.Thread.State: TIMED_WAITING
        at sun.misc.Unsafe.park(Native Method)
        at java.util.concurrent.locks.LockSupport.parkNanos(LockSupport.java:215)
        at java.util.concurrent.locks.AbstractQueuedSynchronizer$ConditionObject.awaitNanos(AbstractQueuedSynchronizer.java:2078)
        at java.util.concurrent.LinkedBlockingQueue.poll(LinkedBlockingQueue.java:467)
        at org.apache.hadoop.ipc.CallQueueManager.take(CallQueueManager.java:317)
        at org.apache.hadoop.ipc.Server$Handler.run(Server.java:2942)
"IPC Server handler 17 on default port 33929" daemon prio=5 tid=64 timed_waiting
java.lang.Thread.State: TIMED_WAITING
        at sun.misc.Unsafe.park(Native Method)
        at java.util.concurrent.locks.LockSupport.parkNanos(LockSupport.java:215)
        at java.util.concurrent.locks.AbstractQueuedSynchronizer$ConditionObject.awaitNanos(AbstractQueuedSynchronizer.java:2078)
        at java.util.concurrent.LinkedBlockingQueue.poll(LinkedBlockingQueue.java:467)
        at org.apache.hadoop.ipc.CallQueueManager.take(CallQueueManager.java:317)
        at org.apache.hadoop.ipc.Server$Handler.run(Server.java:2942)
"Datanode State Machine Task Thread - 0"  prio=5 tid=255 in Object.wait()
java.lang.Thread.State: WAITING (on object monitor)
        at sun.misc.Unsafe.park(Native Method)
        at java.util.concurrent.locks.LockSupport.park(LockSupport.java:175)
        at java.util.concurrent.locks.AbstractQueuedSynchronizer$ConditionObject.await(AbstractQueuedSynchronizer.java:2039)
        at java.util.concurrent.LinkedBlockingQueue.take(LinkedBlockingQueue.java:442)
        at java.util.concurrent.ThreadPoolExecutor.getTask(ThreadPoolExecutor.java:1074)
        at java.util.concurrent.ThreadPoolExecutor.runWorker(ThreadPoolExecutor.java:1134)
        at java.util.concurrent.ThreadPoolExecutor$Worker.run(ThreadPoolExecutor.java:624)
        at java.lang.Thread.run(Thread.java:750)
"Datanode ReportManager Thread - 2" daemon prio=5 tid=314 in Object.wait()
java.lang.Thread.State: WAITING (on object monitor)
        at sun.misc.Unsafe.park(Native Method)
        at java.util.concurrent.locks.LockSupport.park(LockSupport.java:175)
        at java.util.concurrent.locks.AbstractQueuedSynchronizer$ConditionObject.await(AbstractQueuedSynchronizer.java:2039)
        at java.util.concurrent.ScheduledThreadPoolExecutor$DelayedWorkQueue.take(ScheduledThreadPoolExecutor.java:1088)
        at java.util.concurrent.ScheduledThreadPoolExecutor$DelayedWorkQueue.take(ScheduledThreadPoolExecutor.java:809)
        at java.util.concurrent.ThreadPoolExecutor.getTask(ThreadPoolExecutor.java:1074)
        at java.util.concurrent.ThreadPoolExecutor.runWorker(ThreadPoolExecutor.java:1134)
        at java.util.concurrent.ThreadPoolExecutor$Worker.run(ThreadPoolExecutor.java:624)
        at java.lang.Thread.run(Thread.java:750)
"IPC Server handler 8 on default port 33929" daemon prio=5 tid=55 timed_waiting
java.lang.Thread.State: TIMED_WAITING
        at sun.misc.Unsafe.park(Native Method)
        at java.util.concurrent.locks.LockSupport.parkNanos(LockSupport.java:215)
        at java.util.concurrent.locks.AbstractQueuedSynchronizer$ConditionObject.awaitNanos(AbstractQueuedSynchronizer.java:2078)
        at java.util.concurrent.LinkedBlockingQueue.poll(LinkedBlockingQueue.java:467)
        at org.apache.hadoop.ipc.CallQueueManager.take(CallQueueManager.java:317)
        at org.apache.hadoop.ipc.Server$Handler.run(Server.java:2942)
"Datanode ReportManager Thread - 1" daemon prio=5 tid=197 in Object.wait()
java.lang.Thread.State: WAITING (on object monitor)
        at sun.misc.Unsafe.park(Native Method)
        at java.util.concurrent.locks.LockSupport.park(LockSupport.java:175)
        at java.util.concurrent.locks.AbstractQueuedSynchronizer$ConditionObject.await(AbstractQueuedSynchronizer.java:2039)
        at java.util.concurrent.ScheduledThreadPoolExecutor$DelayedWorkQueue.take(ScheduledThreadPoolExecutor.java:1088)
        at java.util.concurrent.ScheduledThreadPoolExecutor$DelayedWorkQueue.take(ScheduledThreadPoolExecutor.java:809)
        at java.util.concurrent.ThreadPoolExecutor.getTask(ThreadPoolExecutor.java:1074)
        at java.util.concurrent.ThreadPoolExecutor.runWorker(ThreadPoolExecutor.java:1134)
        at java.util.concurrent.ThreadPoolExecutor$Worker.run(ThreadPoolExecutor.java:624)
        at java.lang.Thread.run(Thread.java:750)
"IPC Server handler 17 on default port 45041" daemon prio=5 tid=84 timed_waiting
java.lang.Thread.State: TIMED_WAITING
        at sun.misc.Unsafe.park(Native Method)
        at java.util.concurrent.locks.LockSupport.parkNanos(LockSupport.java:215)
        at java.util.concurrent.locks.AbstractQueuedSynchronizer$ConditionObject.awaitNanos(AbstractQueuedSynchronizer.java:2078)
        at java.util.concurrent.LinkedBlockingQueue.poll(LinkedBlockingQueue.java:467)
        at org.apache.hadoop.ipc.CallQueueManager.take(CallQueueManager.java:317)
        at org.apache.hadoop.ipc.Server$Handler.run(Server.java:2942)
"qtp1366704802-265-acceptor-0@1cf783ac-ServerConnector@348bef7f{HTTP/1.1, (http/1.1)}{0.0.0.0:46371}" daemon prio=3 tid=265 runnable
java.lang.Thread.State: RUNNABLE
        at sun.nio.ch.ServerSocketChannelImpl.accept0(Native Method)
        at sun.nio.ch.ServerSocketChannelImpl.accept(ServerSocketChannelImpl.java:421)
        at sun.nio.ch.ServerSocketChannelImpl.accept(ServerSocketChannelImpl.java:249)
        at org.eclipse.jetty.server.ServerConnector.accept(ServerConnector.java:388)
        at org.eclipse.jetty.server.AbstractConnector$Acceptor.run(AbstractConnector.java:704)
        at org.eclipse.jetty.util.thread.QueuedThreadPool.runJob(QueuedThreadPool.java:883)
        at org.eclipse.jetty.util.thread.QueuedThreadPool$Runner.run(QueuedThreadPool.java:1034)
        at java.lang.Thread.run(Thread.java:750)
"FixedThreadPoolWithAffinityExecutor-6-0" daemon prio=5 tid=42 timed_waiting
java.lang.Thread.State: TIMED_WAITING
        at sun.misc.Unsafe.park(Native Method)
        at java.util.concurrent.locks.LockSupport.parkNanos(LockSupport.java:215)
        at java.util.concurrent.locks.AbstractQueuedSynchronizer$ConditionObject.awaitNanos(AbstractQueuedSynchronizer.java:2078)
        at java.util.concurrent.LinkedBlockingQueue.poll(LinkedBlockingQueue.java:467)
        at org.apache.hadoop.hdds.scm.server.ContainerReportQueue.poll(ContainerReportQueue.java:266)
        at org.apache.hadoop.hdds.scm.server.ContainerReportQueue.poll(ContainerReportQueue.java:42)
        at org.apache.hadoop.hdds.server.events.FixedThreadPoolWithAffinityExecutor$ContainerReportProcessTask.run(FixedThreadPoolWithAffinityExecutor.java:248)
        at java.util.concurrent.Executors$RunnableAdapter.call(Executors.java:511)
        at java.util.concurrent.FutureTask.run(FutureTask.java:266)
        at java.util.concurrent.ThreadPoolExecutor.runWorker(ThreadPoolExecutor.java:1149)
        at java.util.concurrent.ThreadPoolExecutor$Worker.run(ThreadPoolExecutor.java:624)
        at java.lang.Thread.run(Thread.java:750)
"junit-jupiter-timeout-watcher"  prio=10 tid=12 timed_waiting
java.lang.Thread.State: TIMED_WAITING
        at sun.misc.Unsafe.park(Native Method)
        at java.util.concurrent.locks.LockSupport.parkNanos(LockSupport.java:215)
        at java.util.concurrent.locks.AbstractQueuedSynchronizer$ConditionObject.awaitNanos(AbstractQueuedSynchronizer.java:2078)
        at java.util.concurrent.ScheduledThreadPoolExecutor$DelayedWorkQueue.take(ScheduledThreadPoolExecutor.java:1093)
        at java.util.concurrent.ScheduledThreadPoolExecutor$DelayedWorkQueue.take(ScheduledThreadPoolExecutor.java:809)
        at java.util.concurrent.ThreadPoolExecutor.getTask(ThreadPoolExecutor.java:1074)
        at java.util.concurrent.ThreadPoolExecutor.runWorker(ThreadPoolExecutor.java:1134)
        at java.util.concurrent.ThreadPoolExecutor$Worker.run(ThreadPoolExecutor.java:624)
        at java.lang.Thread.run(Thread.java:750)
"pool-183-thread-1" daemon prio=5 tid=324 timed_waiting
java.lang.Thread.State: TIMED_WAITING
        at sun.misc.Unsafe.park(Native Method)
        at java.util.concurrent.locks.LockSupport.parkNanos(LockSupport.java:215)
        at java.util.concurrent.locks.AbstractQueuedSynchronizer$ConditionObject.awaitNanos(AbstractQueuedSynchronizer.java:2078)
        at java.util.concurrent.ScheduledThreadPoolExecutor$DelayedWorkQueue.take(ScheduledThreadPoolExecutor.java:1093)
        at java.util.concurrent.ScheduledThreadPoolExecutor$DelayedWorkQueue.take(ScheduledThreadPoolExecutor.java:809)
        at java.util.concurrent.ThreadPoolExecutor.getTask(ThreadPoolExecutor.java:1074)
        at java.util.concurrent.ThreadPoolExecutor.runWorker(ThreadPoolExecutor.java:1134)
        at java.util.concurrent.ThreadPoolExecutor$Worker.run(ThreadPoolExecutor.java:624)
        at java.lang.Thread.run(Thread.java:750)
"Datanode ReportManager Thread - 4" daemon prio=5 tid=252 timed_waiting
java.lang.Thread.State: TIMED_WAITING
        at sun.misc.Unsafe.park(Native Method)
        at java.util.concurrent.locks.LockSupport.parkNanos(LockSupport.java:215)
        at java.util.concurrent.locks.AbstractQueuedSynchronizer$ConditionObject.awaitNanos(AbstractQueuedSynchronizer.java:2078)
        at java.util.concurrent.ScheduledThreadPoolExecutor$DelayedWorkQueue.take(ScheduledThreadPoolExecutor.java:1093)
        at java.util.concurrent.ScheduledThreadPoolExecutor$DelayedWorkQueue.take(ScheduledThreadPoolExecutor.java:809)
        at java.util.concurrent.ThreadPoolExecutor.getTask(ThreadPoolExecutor.java:1074)
        at java.util.concurrent.ThreadPoolExecutor.runWorker(ThreadPoolExecutor.java:1134)
        at java.util.concurrent.ThreadPoolExecutor$Worker.run(ThreadPoolExecutor.java:624)
        at java.lang.Thread.run(Thread.java:750)
"qtp1650164347-214" daemon prio=5 tid=214 timed_waiting
java.lang.Thread.State: TIMED_WAITING
        at sun.misc.Unsafe.park(Native Method)
        at java.util.concurrent.locks.LockSupport.parkNanos(LockSupport.java:215)
        at java.util.concurrent.locks.AbstractQueuedSynchronizer$ConditionObject.awaitNanos(AbstractQueuedSynchronizer.java:2078)
        at org.eclipse.jetty.util.BlockingArrayQueue.poll(BlockingArrayQueue.java:382)
        at org.eclipse.jetty.util.thread.QueuedThreadPool$Runner.idleJobPoll(QueuedThreadPool.java:974)
        at org.eclipse.jetty.util.thread.QueuedThreadPool$Runner.run(QueuedThreadPool.java:1018)
        at java.lang.Thread.run(Thread.java:750)
"Datanode ReportManager Thread - 2" daemon prio=5 tid=198 in Object.wait()
java.lang.Thread.State: WAITING (on object monitor)
        at sun.misc.Unsafe.park(Native Method)
        at java.util.concurrent.locks.LockSupport.park(LockSupport.java:175)
        at java.util.concurrent.locks.AbstractQueuedSynchronizer$ConditionObject.await(AbstractQueuedSynchronizer.java:2039)
        at java.util.concurrent.ScheduledThreadPoolExecutor$DelayedWorkQueue.take(ScheduledThreadPoolExecutor.java:1088)
        at java.util.concurrent.ScheduledThreadPoolExecutor$DelayedWorkQueue.take(ScheduledThreadPoolExecutor.java:809)
        at java.util.concurrent.ThreadPoolExecutor.getTask(ThreadPoolExecutor.java:1074)
        at java.util.concurrent.ThreadPoolExecutor.runWorker(ThreadPoolExecutor.java:1134)
        at java.util.concurrent.ThreadPoolExecutor$Worker.run(ThreadPoolExecutor.java:624)
        at java.lang.Thread.run(Thread.java:750)
"PartialTableCache Cleanup Thread - 0" daemon prio=5 tid=625 in Object.wait()
java.lang.Thread.State: WAITING (on object monitor)
        at sun.misc.Unsafe.park(Native Method)
        at java.util.concurrent.locks.LockSupport.park(LockSupport.java:175)
        at java.util.concurrent.locks.AbstractQueuedSynchronizer$ConditionObject.await(AbstractQueuedSynchronizer.java:2039)
        at java.util.concurrent.LinkedBlockingQueue.take(LinkedBlockingQueue.java:442)
        at java.util.concurrent.ThreadPoolExecutor.getTask(ThreadPoolExecutor.java:1074)
        at java.util.concurrent.ThreadPoolExecutor.runWorker(ThreadPoolExecutor.java:1134)
        at java.util.concurrent.ThreadPoolExecutor$Worker.run(ThreadPoolExecutor.java:624)
        at java.lang.Thread.run(Thread.java:750)
"qtp1737696383-294" daemon prio=5 tid=294 timed_waiting
java.lang.Thread.State: TIMED_WAITING
        at sun.misc.Unsafe.park(Native Method)
        at java.util.concurrent.locks.LockSupport.parkNanos(LockSupport.java:215)
        at java.util.concurrent.locks.AbstractQueuedSynchronizer$ConditionObject.awaitNanos(AbstractQueuedSynchronizer.java:2078)
        at org.eclipse.jetty.util.BlockingArrayQueue.poll(BlockingArrayQueue.java:382)
        at org.eclipse.jetty.util.thread.QueuedThreadPool$Runner.idleJobPoll(QueuedThreadPool.java:974)
        at org.eclipse.jetty.util.thread.QueuedThreadPool$Runner.run(QueuedThreadPool.java:1018)
        at java.lang.Thread.run(Thread.java:750)
"Datanode State Machine Task Thread - 0"  prio=5 tid=203 in Object.wait()
java.lang.Thread.State: WAITING (on object monitor)
        at sun.misc.Unsafe.park(Native Method)
        at java.util.concurrent.locks.LockSupport.park(LockSupport.java:175)
        at java.util.concurrent.locks.AbstractQueuedSynchronizer$ConditionObject.await(AbstractQueuedSynchronizer.java:2039)
        at java.util.concurrent.LinkedBlockingQueue.take(LinkedBlockingQueue.java:442)
        at java.util.concurrent.ThreadPoolExecutor.getTask(ThreadPoolExecutor.java:1074)
        at java.util.concurrent.ThreadPoolExecutor.runWorker(ThreadPoolExecutor.java:1134)
        at java.util.concurrent.ThreadPoolExecutor$Worker.run(ThreadPoolExecutor.java:624)
        at java.lang.Thread.run(Thread.java:750)
"BlockDeletingService#0" daemon prio=5 tid=397 in Object.wait()
java.lang.Thread.State: WAITING (on object monitor)
        at sun.misc.Unsafe.park(Native Method)
        at java.util.concurrent.locks.LockSupport.park(LockSupport.java:175)
        at java.util.concurrent.locks.AbstractQueuedSynchronizer$ConditionObject.await(AbstractQueuedSynchronizer.java:2039)
        at java.util.concurrent.ScheduledThreadPoolExecutor$DelayedWorkQueue.take(ScheduledThreadPoolExecutor.java:1088)
        at java.util.concurrent.ScheduledThreadPoolExecutor$DelayedWorkQueue.take(ScheduledThreadPoolExecutor.java:809)
        at java.util.concurrent.ThreadPoolExecutor.getTask(ThreadPoolExecutor.java:1074)
        at java.util.concurrent.ThreadPoolExecutor.runWorker(ThreadPoolExecutor.java:1134)
        at java.util.concurrent.ThreadPoolExecutor$Worker.run(ThreadPoolExecutor.java:624)
        at java.lang.Thread.run(Thread.java:750)
"Datanode State Machine Task Thread - 1"  prio=5 tid=299 in Object.wait()
java.lang.Thread.State: WAITING (on object monitor)
        at sun.misc.Unsafe.park(Native Method)
        at java.util.concurrent.locks.LockSupport.park(LockSupport.java:175)
        at java.util.concurrent.locks.AbstractQueuedSynchronizer$ConditionObject.await(AbstractQueuedSynchronizer.java:2039)
        at java.util.concurrent.LinkedBlockingQueue.take(LinkedBlockingQueue.java:442)
        at java.util.concurrent.ThreadPoolExecutor.getTask(ThreadPoolExecutor.java:1074)
        at java.util.concurrent.ThreadPoolExecutor.runWorker(ThreadPoolExecutor.java:1134)
        at java.util.concurrent.ThreadPoolExecutor$Worker.run(ThreadPoolExecutor.java:624)
        at java.lang.Thread.run(Thread.java:750)
"ChunkWriter-0-0" daemon prio=5 tid=361 in Object.wait()
java.lang.Thread.State: WAITING (on object monitor)
        at sun.misc.Unsafe.park(Native Method)
        at java.util.concurrent.locks.LockSupport.park(LockSupport.java:175)
        at java.util.concurrent.locks.AbstractQueuedSynchronizer$ConditionObject.await(AbstractQueuedSynchronizer.java:2039)
        at java.util.concurrent.LinkedBlockingDeque.takeFirst(LinkedBlockingDeque.java:492)
        at java.util.concurrent.LinkedBlockingDeque.take(LinkedBlockingDeque.java:680)
        at java.util.concurrent.ThreadPoolExecutor.getTask(ThreadPoolExecutor.java:1074)
        at java.util.concurrent.ThreadPoolExecutor.runWorker(ThreadPoolExecutor.java:1134)
        at java.util.concurrent.ThreadPoolExecutor$Worker.run(ThreadPoolExecutor.java:624)
        at java.lang.Thread.run(Thread.java:750)
"3706267d-b1e5-497c-b8ee-f9aaec0fcf2c@group-6891D1EACFE1-LeaderStateImpl" daemon prio=5 tid=501 timed_waiting
java.lang.Thread.State: TIMED_WAITING
        at sun.misc.Unsafe.park(Native Method)
        at java.util.concurrent.locks.LockSupport.parkNanos(LockSupport.java:215)
        at java.util.concurrent.locks.AbstractQueuedSynchronizer$ConditionObject.awaitNanos(AbstractQueuedSynchronizer.java:2078)
        at java.util.concurrent.ArrayBlockingQueue.poll(ArrayBlockingQueue.java:418)
        at org.apache.ratis.server.impl.LeaderStateImpl$EventQueue.poll(LeaderStateImpl.java:159)
        at org.apache.ratis.server.impl.LeaderStateImpl$EventProcessor.run(LeaderStateImpl.java:630)
"Datanode ReportManager Thread - 3" daemon prio=5 tid=251 in Object.wait()
java.lang.Thread.State: WAITING (on object monitor)
        at sun.misc.Unsafe.park(Native Method)
        at java.util.concurrent.locks.LockSupport.park(LockSupport.java:175)
        at java.util.concurrent.locks.AbstractQueuedSynchronizer$ConditionObject.await(AbstractQueuedSynchronizer.java:2039)
        at java.util.concurrent.ScheduledThreadPoolExecutor$DelayedWorkQueue.take(ScheduledThreadPoolExecutor.java:1088)
        at java.util.concurrent.ScheduledThreadPoolExecutor$DelayedWorkQueue.take(ScheduledThreadPoolExecutor.java:809)
        at java.util.concurrent.ThreadPoolExecutor.getTask(ThreadPoolExecutor.java:1074)
        at java.util.concurrent.ThreadPoolExecutor.runWorker(ThreadPoolExecutor.java:1134)
        at java.util.concurrent.ThreadPoolExecutor$Worker.run(ThreadPoolExecutor.java:624)
        at java.lang.Thread.run(Thread.java:750)
"BlockDeletingService#0" daemon prio=5 tid=379 in Object.wait()
java.lang.Thread.State: WAITING (on object monitor)
        at sun.misc.Unsafe.park(Native Method)
        at java.util.concurrent.locks.LockSupport.park(LockSupport.java:175)
        at java.util.concurrent.locks.AbstractQueuedSynchronizer$ConditionObject.await(AbstractQueuedSynchronizer.java:2039)
        at java.util.concurrent.ScheduledThreadPoolExecutor$DelayedWorkQueue.take(ScheduledThreadPoolExecutor.java:1088)
        at java.util.concurrent.ScheduledThreadPoolExecutor$DelayedWorkQueue.take(ScheduledThreadPoolExecutor.java:809)
        at java.util.concurrent.ThreadPoolExecutor.getTask(ThreadPoolExecutor.java:1074)
        at java.util.concurrent.ThreadPoolExecutor.runWorker(ThreadPoolExecutor.java:1134)
        at java.util.concurrent.ThreadPoolExecutor$Worker.run(ThreadPoolExecutor.java:624)
        at java.lang.Thread.run(Thread.java:750)
"Datanode ReportManager Thread - 1" daemon prio=5 tid=223 in Object.wait()
java.lang.Thread.State: WAITING (on object monitor)
        at sun.misc.Unsafe.park(Native Method)
        at java.util.concurrent.locks.LockSupport.park(LockSupport.java:175)
        at java.util.concurrent.locks.AbstractQueuedSynchronizer$ConditionObject.await(AbstractQueuedSynchronizer.java:2039)
        at java.util.concurrent.ScheduledThreadPoolExecutor$DelayedWorkQueue.take(ScheduledThreadPoolExecutor.java:1088)
        at java.util.concurrent.ScheduledThreadPoolExecutor$DelayedWorkQueue.take(ScheduledThreadPoolExecutor.java:809)
        at java.util.concurrent.ThreadPoolExecutor.getTask(ThreadPoolExecutor.java:1074)
        at java.util.concurrent.ThreadPoolExecutor.runWorker(ThreadPoolExecutor.java:1134)
        at java.util.concurrent.ThreadPoolExecutor$Worker.run(ThreadPoolExecutor.java:624)
        at java.lang.Thread.run(Thread.java:750)
"OMDoubleBufferFlushThread" daemon prio=5 tid=125 timed_waiting
java.lang.Thread.State: TIMED_WAITING
        at java.lang.Object.wait(Native Method)
        at org.apache.hadoop.ozone.om.ratis.OzoneManagerDoubleBuffer.canFlush(OzoneManagerDoubleBuffer.java:538)
        at org.apache.hadoop.ozone.om.ratis.OzoneManagerDoubleBuffer.flushTransactions(OzoneManagerDoubleBuffer.java:268)
        at org.apache.hadoop.ozone.om.ratis.OzoneManagerDoubleBuffer$$Lambda$526/680910891.run(Unknown Source)
        at java.lang.Thread.run(Thread.java:750)
"IPC Server handler 9 on default port 39085" daemon prio=5 tid=163 timed_waiting
java.lang.Thread.State: TIMED_WAITING
        at sun.misc.Unsafe.park(Native Method)
        at java.util.concurrent.locks.LockSupport.parkNanos(LockSupport.java:215)
        at java.util.concurrent.locks.AbstractQueuedSynchronizer$ConditionObject.awaitNanos(AbstractQueuedSynchronizer.java:2078)
        at java.util.concurrent.LinkedBlockingQueue.poll(LinkedBlockingQueue.java:467)
        at org.apache.hadoop.ipc.CallQueueManager.take(CallQueueManager.java:317)
        at org.apache.hadoop.ipc.Server$Handler.run(Server.java:2942)
"StaleRecoveringContainerScrubbingService#1" daemon prio=5 tid=370 in Object.wait()
java.lang.Thread.State: WAITING (on object monitor)
        at sun.misc.Unsafe.park(Native Method)
        at java.util.concurrent.locks.LockSupport.park(LockSupport.java:175)
        at java.util.concurrent.locks.AbstractQueuedSynchronizer$ConditionObject.await(AbstractQueuedSynchronizer.java:2039)
        at java.util.concurrent.ScheduledThreadPoolExecutor$DelayedWorkQueue.take(ScheduledThreadPoolExecutor.java:1088)
        at java.util.concurrent.ScheduledThreadPoolExecutor$DelayedWorkQueue.take(ScheduledThreadPoolExecutor.java:809)
        at java.util.concurrent.ThreadPoolExecutor.getTask(ThreadPoolExecutor.java:1074)
        at java.util.concurrent.ThreadPoolExecutor.runWorker(ThreadPoolExecutor.java:1134)
        at java.util.concurrent.ThreadPoolExecutor$Worker.run(ThreadPoolExecutor.java:624)
        at java.lang.Thread.run(Thread.java:750)
"Datanode ReportManager Thread - 0" daemon prio=5 tid=248 in Object.wait()
java.lang.Thread.State: WAITING (on object monitor)
        at sun.misc.Unsafe.park(Native Method)
        at java.util.concurrent.locks.LockSupport.park(LockSupport.java:175)
        at java.util.concurrent.locks.AbstractQueuedSynchronizer$ConditionObject.await(AbstractQueuedSynchronizer.java:2039)
        at java.util.concurrent.ScheduledThreadPoolExecutor$DelayedWorkQueue.take(ScheduledThreadPoolExecutor.java:1088)
        at java.util.concurrent.ScheduledThreadPoolExecutor$DelayedWorkQueue.take(ScheduledThreadPoolExecutor.java:809)
        at java.util.concurrent.ThreadPoolExecutor.getTask(ThreadPoolExecutor.java:1074)
        at java.util.concurrent.ThreadPoolExecutor.runWorker(ThreadPoolExecutor.java:1134)
        at java.util.concurrent.ThreadPoolExecutor$Worker.run(ThreadPoolExecutor.java:624)
        at java.lang.Thread.run(Thread.java:750)
"qtp134722204-190" daemon prio=5 tid=190 timed_waiting
java.lang.Thread.State: TIMED_WAITING
        at sun.misc.Unsafe.park(Native Method)
        at java.util.concurrent.locks.LockSupport.parkNanos(LockSupport.java:215)
        at java.util.concurrent.locks.AbstractQueuedSynchronizer$ConditionObject.awaitNanos(AbstractQueuedSynchronizer.java:2078)
        at org.eclipse.jetty.util.BlockingArrayQueue.poll(BlockingArrayQueue.java:382)
        at org.eclipse.jetty.util.thread.QueuedThreadPool$Runner.idleJobPoll(QueuedThreadPool.java:974)
        at org.eclipse.jetty.util.thread.QueuedThreadPool$Runner.run(QueuedThreadPool.java:1018)
        at java.lang.Thread.run(Thread.java:750)
"64d479e5-fe0e-4358-9b9b-67f62582a254-server-thread3" daemon prio=5 tid=621 timed_waiting
java.lang.Thread.State: TIMED_WAITING
        at sun.misc.Unsafe.park(Native Method)
        at java.util.concurrent.locks.LockSupport.parkNanos(LockSupport.java:215)
        at java.util.concurrent.SynchronousQueue$TransferStack.awaitFulfill(SynchronousQueue.java:460)
        at java.util.concurrent.SynchronousQueue$TransferStack.transfer(SynchronousQueue.java:362)
        at java.util.concurrent.SynchronousQueue.poll(SynchronousQueue.java:941)
        at java.util.concurrent.ThreadPoolExecutor.getTask(ThreadPoolExecutor.java:1073)
        at java.util.concurrent.ThreadPoolExecutor.runWorker(ThreadPoolExecutor.java:1134)
        at java.util.concurrent.ThreadPoolExecutor$Worker.run(ThreadPoolExecutor.java:624)
        at java.lang.Thread.run(Thread.java:750)


	at org.apache.ozone.test.GenericTestUtils.waitFor(GenericTestUtils.java:227)
	at org.apache.hadoop.hdds.scm.pipeline.TestRatisPipelineCreateAndDestroy.waitForPipelines(TestRatisPipelineCreateAndDestroy.java:179)
	at org.apache.hadoop.hdds.scm.pipeline.TestRatisPipelineCreateAndDestroy.testAutomaticPipelineCreationOnPipelineDestroy(TestRatisPipelineCreateAndDestroy.java:95)
	at sun.reflect.NativeMethodAccessorImpl.invoke0(Native Method)
	at sun.reflect.NativeMethodAccessorImpl.invoke(NativeMethodAccessorImpl.java:62)
	at sun.reflect.DelegatingMethodAccessorImpl.invoke(DelegatingMethodAccessorImpl.java:43)
	at java.lang.reflect.Method.invoke(Method.java:498)
	at org.junit.platform.commons.util.ReflectionUtils.invokeMethod(ReflectionUtils.java:725)
	at org.junit.jupiter.engine.execution.MethodInvocation.proceed(MethodInvocation.java:60)
	at org.junit.jupiter.engine.execution.InvocationInterceptorChain$ValidatingInvocation.proceed(InvocationInterceptorChain.java:131)
	at org.junit.jupiter.engine.extension.TimeoutInvocation.proceed(TimeoutInvocation.java:46)
	at org.junit.jupiter.engine.extension.TimeoutExtension.intercept(TimeoutExtension.java:149)
	at org.junit.jupiter.engine.extension.TimeoutExtension.interceptTestableMethod(TimeoutExtension.java:140)
	at org.junit.jupiter.engine.extension.TimeoutExtension.interceptTestMethod(TimeoutExtension.java:84)
	at org.junit.jupiter.engine.execution.ExecutableInvoker$ReflectiveInterceptorCall.lambda$ofVoidMethod$0(ExecutableInvoker.java:115)
	at org.junit.jupiter.engine.execution.ExecutableInvoker.lambda$invoke$0(ExecutableInvoker.java:105)
	at org.junit.jupiter.engine.execution.InvocationInterceptorChain$InterceptedInvocation.proceed(InvocationInterceptorChain.java:106)
	at org.junit.jupiter.engine.execution.InvocationInterceptorChain.proceed(InvocationInterceptorChain.java:64)
	at org.junit.jupiter.engine.execution.InvocationInterceptorChain.chainAndInvoke(InvocationInterceptorChain.java:45)
	at org.junit.jupiter.engine.execution.InvocationInterceptorChain.invoke(InvocationInterceptorChain.java:37)
	at org.junit.jupiter.engine.execution.ExecutableInvoker.invoke(ExecutableInvoker.java:104)
	at org.junit.jupiter.engine.execution.ExecutableInvoker.invoke(ExecutableInvoker.java:98)
	at org.junit.jupiter.engine.descriptor.TestMethodTestDescriptor.lambda$invokeTestMethod$7(TestMethodTestDescriptor.java:214)
	at org.junit.platform.engine.support.hierarchical.ThrowableCollector.execute(ThrowableCollector.java:73)
	at org.junit.jupiter.engine.descriptor.TestMethodTestDescriptor.invokeTestMethod(TestMethodTestDescriptor.java:210)
	at org.junit.jupiter.engine.descriptor.TestMethodTestDescriptor.execute(TestMethodTestDescriptor.java:135)
	at org.junit.jupiter.engine.descriptor.TestMethodTestDescriptor.execute(TestMethodTestDescriptor.java:66)
	at org.junit.platform.engine.support.hierarchical.NodeTestTask.lambda$executeRecursively$6(NodeTestTask.java:151)
	at org.junit.platform.engine.support.hierarchical.ThrowableCollector.execute(ThrowableCollector.java:73)
	at org.junit.platform.engine.support.hierarchical.NodeTestTask.lambda$executeRecursively$8(NodeTestTask.java:141)
	at org.junit.platform.engine.support.hierarchical.Node.around(Node.java:137)
	at org.junit.platform.engine.support.hierarchical.NodeTestTask.lambda$executeRecursively$9(NodeTestTask.java:139)
	at org.junit.platform.engine.support.hierarchical.ThrowableCollector.execute(ThrowableCollector.java:73)
	at org.junit.platform.engine.support.hierarchical.NodeTestTask.executeRecursively(NodeTestTask.java:138)
	at org.junit.platform.engine.support.hierarchical.NodeTestTask.execute(NodeTestTask.java:95)
	at java.util.ArrayList.forEach(ArrayList.java:1259)
	at org.junit.platform.engine.support.hierarchical.SameThreadHierarchicalTestExecutorService.invokeAll(SameThreadHierarchicalTestExecutorService.java:41)
	at org.junit.platform.engine.support.hierarchical.NodeTestTask.lambda$executeRecursively$6(NodeTestTask.java:155)
	at org.junit.platform.engine.support.hierarchical.ThrowableCollector.execute(ThrowableCollector.java:73)
	at org.junit.platform.engine.support.hierarchical.NodeTestTask.lambda$executeRecursively$8(NodeTestTask.java:141)
	at org.junit.platform.engine.support.hierarchical.Node.around(Node.java:137)
	at org.junit.platform.engine.support.hierarchical.NodeTestTask.lambda$executeRecursively$9(NodeTestTask.java:139)
	at org.junit.platform.engine.support.hierarchical.ThrowableCollector.execute(ThrowableCollector.java:73)
	at org.junit.platform.engine.support.hierarchical.NodeTestTask.executeRecursively(NodeTestTask.java:138)
	at org.junit.platform.engine.support.hierarchical.NodeTestTask.execute(NodeTestTask.java:95)
	at java.util.ArrayList.forEach(ArrayList.java:1259)
	at org.junit.platform.engine.support.hierarchical.SameThreadHierarchicalTestExecutorService.invokeAll(SameThreadHierarchicalTestExecutorService.java:41)
	at org.junit.platform.engine.support.hierarchical.NodeTestTask.lambda$executeRecursively$6(NodeTestTask.java:155)
	at org.junit.platform.engine.support.hierarchical.ThrowableCollector.execute(ThrowableCollector.java:73)
	at org.junit.platform.engine.support.hierarchical.NodeTestTask.lambda$executeRecursively$8(NodeTestTask.java:141)
	at org.junit.platform.engine.support.hierarchical.Node.around(Node.java:137)
	at org.junit.platform.engine.support.hierarchical.NodeTestTask.lambda$executeRecursively$9(NodeTestTask.java:139)
	at org.junit.platform.engine.support.hierarchical.ThrowableCollector.execute(ThrowableCollector.java:73)
	at org.junit.platform.engine.support.hierarchical.NodeTestTask.executeRecursively(NodeTestTask.java:138)
	at org.junit.platform.engine.support.hierarchical.NodeTestTask.execute(NodeTestTask.java:95)
	at org.junit.platform.engine.support.hierarchical.SameThreadHierarchicalTestExecutorService.submit(SameThreadHierarchicalTestExecutorService.java:35)
	at org.junit.platform.engine.support.hierarchical.HierarchicalTestExecutor.execute(HierarchicalTestExecutor.java:57)
	at org.junit.platform.engine.support.hierarchical.HierarchicalTestEngine.execute(HierarchicalTestEngine.java:54)
	at org.junit.platform.launcher.core.EngineExecutionOrchestrator.execute(EngineExecutionOrchestrator.java:107)
	at org.junit.platform.launcher.core.EngineExecutionOrchestrator.execute(EngineExecutionOrchestrator.java:88)
	at org.junit.platform.launcher.core.EngineExecutionOrchestrator.lambda$execute$0(EngineExecutionOrchestrator.java:54)
	at org.junit.platform.launcher.core.EngineExecutionOrchestrator.withInterceptedStreams(EngineExecutionOrchestrator.java:67)
	at org.junit.platform.launcher.core.EngineExecutionOrchestrator.execute(EngineExecutionOrchestrator.java:52)
	at org.junit.platform.launcher.core.DefaultLauncher.execute(DefaultLauncher.java:114)
	at org.junit.platform.launcher.core.DefaultLauncher.execute(DefaultLauncher.java:86)
	at org.junit.platform.launcher.core.DefaultLauncherSession$DelegatingLauncher.execute(DefaultLauncherSession.java:86)
	at org.junit.platform.launcher.core.SessionPerRequestLauncher.execute(SessionPerRequestLauncher.java:53)
	at org.apache.maven.surefire.junitplatform.JUnitPlatformProvider.execute(JUnitPlatformProvider.java:188)
	at org.apache.maven.surefire.junitplatform.JUnitPlatformProvider.invokeAllTests(JUnitPlatformProvider.java:154)
	at org.apache.maven.surefire.junitplatform.JUnitPlatformProvider.invoke(JUnitPlatformProvider.java:124)
	at org.apache.maven.surefire.booter.ForkedBooter.runSuitesInProcess(ForkedBooter.java:428)
	at org.apache.maven.surefire.booter.ForkedBooter.execute(ForkedBooter.java:162)
	at org.apache.maven.surefire.booter.ForkedBooter.run(ForkedBooter.java:562)
	at org.apache.maven.surefire.booter.ForkedBooter.main(ForkedBooter.java:548)
]]></error>
    <system-out><![CDATA[2022-12-02 11:12:09,269 [main] WARN  server.ServerUtils (ServerUtils.java:getScmDbDir(148)) - ozone.scm.db.dirs is not configured. We recommend adding this setting. Falling back to ozone.metadata.dirs instead.
2022-12-02 11:12:09,410 [main] WARN  server.ServerUtils (ServerUtils.java:getScmDbDir(148)) - ozone.scm.db.dirs is not configured. We recommend adding this setting. Falling back to ozone.metadata.dirs instead.
2022-12-02 11:12:09,420 [main] INFO  ha.SCMHANodeDetails (SCMHANodeDetails.java:loadSCMHAConfig(209)) - ServiceID for StorageContainerManager is null
2022-12-02 11:12:09,441 [main] WARN  ha.SCMHANodeDetails (SCMHANodeDetails.java:validateSCMHAConfig(182)) - Invalid config ozone.scm.ratis.enable. The config was not specified, but the default value true conflicts with the expected config value false. Falling back to the expected value. Current State of SCM: SCM is running in Non-HA without Ratis Ratis SCM -> Non Ratis SCM or Non HA SCM -> HA SCM is not supported
2022-12-02 11:12:09,442 [main] INFO  ha.SCMHANodeDetails (SCMHANodeDetails.java:loadSCMHAConfig(214)) - ozone.scm.default.service.id is not defined, falling back to ozone.scm.service.ids to find serviceID for StorageContainerManager if it is HA enabled cluster
2022-12-02 11:12:10,023 [main] WARN  utils.HAUtils (HAUtils.java:getMetaDir(342)) - ozone.scm.db.dirs is not configured. We recommend adding this setting. Falling back to ozone.metadata.dirs instead.
2022-12-02 11:12:10,201 [main] WARN  db.DBStoreBuilder (DBStoreBuilder.java:applyDBDefinition(144)) - ozone.scm.db.dirs is not configured. We recommend adding this setting. Falling back to ozone.metadata.dirs instead.
2022-12-02 11:12:10,579 [main] INFO  net.NodeSchemaLoader (NodeSchemaLoader.java:loadSchemaFromFile(129)) - Loading schema from [jar:file:/home/runner/.m2/repository/org/apache/ozone/hdds-common/1.3.0-SNAPSHOT/hdds-common-1.3.0-SNAPSHOT.jar!/network-topology-default.xml]
2022-12-02 11:12:10,580 [main] INFO  net.NodeSchemaLoader (NodeSchemaLoader.java:loadSchema(176)) - Loading network topology layer schema file
2022-12-02 11:12:10,640 [main] INFO  metrics.MetricRegistries (MetricRegistriesLoader.java:load(64)) - Loaded MetricRegistries class org.apache.ratis.metrics.impl.MetricRegistriesImpl
2022-12-02 11:12:10,648 [main] INFO  upgrade.AbstractLayoutVersionManager (AbstractLayoutVersionManager.java:init(83)) - Initializing Layout version manager with metadata layout = DATANODE_SCHEMA_V3 (version = 4), software layout = DATANODE_SCHEMA_V3 (version = 4)
2022-12-02 11:12:10,916 [main] INFO  reflections.Reflections (Reflections.java:scan(232)) - Reflections took 179 ms to scan 7 urls, producing 140 keys and 342 values 
2022-12-02 11:12:11,034 [main] INFO  ha.SequenceIdGenerator (SequenceIdGenerator.java:upgradeToSequenceId(349)) - upgrade localId to 109611004723200000
2022-12-02 11:12:11,035 [main] INFO  ha.SequenceIdGenerator (SequenceIdGenerator.java:upgradeToSequenceId(359)) - upgrade delTxnId to 0
2022-12-02 11:12:11,039 [main] INFO  ha.SequenceIdGenerator (SequenceIdGenerator.java:upgradeToSequenceId(376)) - upgrade containerId to 0
2022-12-02 11:12:11,043 [main] INFO  ha.SequenceIdGenerator (SequenceIdGenerator.java:<init>(220)) - Init the HA SequenceIdGenerator.
2022-12-02 11:12:11,132 [main] INFO  node.SCMNodeManager (SCMNodeManager.java:<init>(149)) - Entering startup safe mode.
2022-12-02 11:12:11,205 [main] INFO  algorithms.ContainerPlacementPolicyFactory (ContainerPlacementPolicyFactory.java:getPolicyInternal(86)) - Create container placement policy of type org.apache.hadoop.hdds.scm.container.placement.algorithms.SCMContainerPlacementRandom
2022-12-02 11:12:11,209 [main] INFO  algorithms.ContainerPlacementPolicyFactory (ContainerPlacementPolicyFactory.java:getPolicyInternal(86)) - Create container placement policy of type org.apache.hadoop.hdds.scm.container.placement.algorithms.SCMContainerPlacementRackScatter
2022-12-02 11:12:11,224 [main] INFO  pipeline.PipelineStateManagerImpl (PipelineStateManagerImpl.java:initialize(78)) - No pipeline exists in current db
2022-12-02 11:12:11,286 [main] INFO  algorithms.LeaderChoosePolicyFactory (LeaderChoosePolicyFactory.java:getPolicy(57)) - Create leader choose policy of type org.apache.hadoop.hdds.scm.pipeline.leader.choose.algorithms.MinLeaderCountChoosePolicy
2022-12-02 11:12:11,287 [main] INFO  algorithms.ContainerPlacementPolicyFactory (ContainerPlacementPolicyFactory.java:getPolicyInternal(86)) - Create container placement policy of type org.apache.hadoop.hdds.scm.container.placement.algorithms.SCMContainerPlacementRackScatter
2022-12-02 11:12:11,295 [main] INFO  ha.SCMServiceManager (SCMServiceManager.java:register(42)) - Registering service BackgroundPipelineCreator.
2022-12-02 11:12:11,296 [main] INFO  pipeline.BackgroundPipelineCreator (BackgroundPipelineCreator.java:start(124)) - Starting RatisPipelineUtilsThread.
2022-12-02 11:12:11,302 [main] INFO  BackgroundPipelineScrubber (BackgroundSCMService.java:start(68)) - Starting BackgroundPipelineScrubber Service.
2022-12-02 11:12:11,304 [main] INFO  ha.SCMServiceManager (SCMServiceManager.java:register(42)) - Registering service BackgroundPipelineScrubber.
2022-12-02 11:12:11,313 [main] INFO  ExpiredContainerReplicaOpScrubber (BackgroundSCMService.java:start(68)) - Starting ExpiredContainerReplicaOpScrubber Service.
2022-12-02 11:12:11,314 [main] INFO  ha.SCMServiceManager (SCMServiceManager.java:register(42)) - Registering service ExpiredContainerReplicaOpScrubber.
2022-12-02 11:12:11,390 [main] INFO  algorithms.PipelineChoosePolicyFactory (PipelineChoosePolicyFactory.java:createPipelineChoosePolicyFromClass(73)) - Create pipeline choose policy of type org.apache.hadoop.hdds.scm.pipeline.choose.algorithms.RandomPipelineChoosePolicy
2022-12-02 11:12:11,419 [main] INFO  ha.SCMServiceManager (SCMServiceManager.java:register(42)) - Registering service SCMBlockDeletingService.
2022-12-02 11:12:11,502 [main] INFO  replication.ReplicationManager (ReplicationManager.java:start(251)) - Starting Replication Monitor Thread.
2022-12-02 11:12:11,515 [main] INFO  ha.SCMServiceManager (SCMServiceManager.java:register(42)) - Registering service ReplicationManager.
2022-12-02 11:12:11,518 [ReplicationMonitor] INFO  replication.ReplicationManager (ReplicationManager.java:processAll(320)) - Replication Manager is not ready to run until 3000ms after safemode exit
2022-12-02 11:12:11,530 [main] INFO  safemode.ContainerSafeModeRule (ContainerSafeModeRule.java:<init>(89)) - containers with one replica threshold count 0
2022-12-02 11:12:11,536 [main] INFO  safemode.HealthyPipelineSafeModeRule (HealthyPipelineSafeModeRule.java:initializeRule(169)) - Total pipeline count is 0, healthy pipeline threshold count is 1
2022-12-02 11:12:11,540 [main] INFO  safemode.OneReplicaPipelineSafeModeRule (OneReplicaPipelineSafeModeRule.java:initializeRule(180)) - Total pipeline count is 0, pipeline's with at least one datanode reported threshold count is 0
2022-12-02 11:12:12,010 [main] INFO  audit.AuditLogger (AuditLogger.java:refreshDebugCmdSet(126)) - Refresh DebugCmdSet for SCMAudit to [].
2022-12-02 11:12:12,048 [main] INFO  ipc.CallQueueManager (CallQueueManager.java:<init>(90)) - Using callQueue: class java.util.concurrent.LinkedBlockingQueue, queueCapacity: 2000, scheduler: class org.apache.hadoop.ipc.DefaultRpcScheduler, ipcBackoff: false.
2022-12-02 11:12:12,101 [Socket Reader #1 for port 0] INFO  ipc.Server (Server.java:run(1273)) - Starting Socket Reader #1 for port 0
2022-12-02 11:12:12,189 [Listener at 0.0.0.0/33039] INFO  audit.AuditLogger (AuditLogger.java:refreshDebugCmdSet(126)) - Refresh DebugCmdSet for SCMAudit to [].
2022-12-02 11:12:12,197 [Listener at 0.0.0.0/33039] INFO  ipc.CallQueueManager (CallQueueManager.java:<init>(90)) - Using callQueue: class java.util.concurrent.LinkedBlockingQueue, queueCapacity: 2000, scheduler: class org.apache.hadoop.ipc.DefaultRpcScheduler, ipcBackoff: false.
2022-12-02 11:12:12,200 [Socket Reader #1 for port 0] INFO  ipc.Server (Server.java:run(1273)) - Starting Socket Reader #1 for port 0
2022-12-02 11:12:12,251 [Listener at 0.0.0.0/45041] INFO  audit.AuditLogger (AuditLogger.java:refreshDebugCmdSet(126)) - Refresh DebugCmdSet for SCMAudit to [].
2022-12-02 11:12:12,267 [Listener at 0.0.0.0/45041] INFO  ipc.CallQueueManager (CallQueueManager.java:<init>(90)) - Using callQueue: class java.util.concurrent.LinkedBlockingQueue, queueCapacity: 2000, scheduler: class org.apache.hadoop.ipc.DefaultRpcScheduler, ipcBackoff: false.
2022-12-02 11:12:12,269 [Socket Reader #1 for port 0] INFO  ipc.Server (Server.java:run(1273)) - Starting Socket Reader #1 for port 0
2022-12-02 11:12:12,354 [Listener at 0.0.0.0/33929] INFO  ha.SCMServiceManager (SCMServiceManager.java:register(42)) - Registering service ContainerBalancer.
2022-12-02 11:12:12,356 [Listener at 0.0.0.0/33929] INFO  server.StorageContainerManager (StorageContainerManager.java:<init>(397)) - 
Container Balancer status:
Key                            Value
Running                        true
Container Balancer Configuration values:
Key                                                Value
Threshold                                          10
Max Datanodes to Involve per Iteration(percent)    20
Max Size to Move per Iteration                     500GB
Max Size Entering Target per Iteration             26GB
Max Size Leaving Source per Iteration              26GB

2022-12-02 11:12:12,356 [Listener at 0.0.0.0/33929] INFO  ha.SCMContext (SCMContext.java:updateSafeModeStatus(228)) - Update SafeModeStatus from SafeModeStatus{safeModeStatus=true, preCheckPassed=false} to SafeModeStatus{safeModeStatus=true, preCheckPassed=false}.
2022-12-02 11:12:12,361 [Listener at 0.0.0.0/33929] INFO  server.StorageContainerManager (StorageContainerManager.java:start(1419)) - StorageContainerLocationProtocol RPC server is listening at /0.0.0.0:33929
2022-12-02 11:12:12,455 [Listener at 0.0.0.0/33929] WARN  impl.MetricsConfig (MetricsConfig.java:loadFirst(136)) - Cannot locate configuration: tried hadoop-metrics2-storagecontainermanager.properties,hadoop-metrics2.properties
2022-12-02 11:12:12,593 [Listener at 0.0.0.0/33929] INFO  impl.MetricsSystemImpl (MetricsSystemImpl.java:startTimer(378)) - Scheduled Metric snapshot period at 10 second(s).
2022-12-02 11:12:12,594 [Listener at 0.0.0.0/33929] INFO  impl.MetricsSystemImpl (MetricsSystemImpl.java:start(191)) - StorageContainerManager metrics system started
2022-12-02 11:12:12,969 [Listener at 0.0.0.0/33929] INFO  server.SCMClientProtocolServer (SCMClientProtocolServer.java:start(170)) - RPC server for Client  is listening at /0.0.0.0:33929
2022-12-02 11:12:12,971 [IPC Server Responder] INFO  ipc.Server (Server.java:run(1512)) - IPC Server Responder: starting
2022-12-02 11:12:12,979 [IPC Server listener on 0] INFO  ipc.Server (Server.java:run(1352)) - IPC Server listener on 0: starting
2022-12-02 11:12:12,981 [Listener at 0.0.0.0/33929] INFO  server.StorageContainerManager (StorageContainerManager.java:start(1433)) - ScmBlockLocationProtocol RPC server is listening at /0.0.0.0:45041
2022-12-02 11:12:12,984 [Listener at 0.0.0.0/33929] INFO  server.SCMBlockProtocolServer (SCMBlockProtocolServer.java:start(152)) - RPC server for Block Protocol is listening at /0.0.0.0:45041
2022-12-02 11:12:12,984 [IPC Server Responder] INFO  ipc.Server (Server.java:run(1512)) - IPC Server Responder: starting
2022-12-02 11:12:12,987 [IPC Server listener on 0] INFO  ipc.Server (Server.java:run(1352)) - IPC Server listener on 0: starting
2022-12-02 11:12:12,992 [Listener at 0.0.0.0/33929] INFO  server.SCMDatanodeProtocolServer (SCMDatanodeProtocolServer.java:start(186)) - ScmDatanodeProtocol RPC server for DataNodes is listening at /0.0.0.0:33039
2022-12-02 11:12:12,993 [IPC Server Responder] INFO  ipc.Server (Server.java:run(1512)) - IPC Server Responder: starting
2022-12-02 11:12:12,994 [IPC Server listener on 0] INFO  ipc.Server (Server.java:run(1352)) - IPC Server listener on 0: starting
2022-12-02 11:12:13,023 [org.apache.hadoop.util.JvmPauseMonitor$Monitor@b791e6e] INFO  util.JvmPauseMonitor (JvmPauseMonitor.java:run(188)) - Starting JVM pause monitor
2022-12-02 11:12:13,049 [Listener at 0.0.0.0/33929] INFO  http.BaseHttpServer (BaseHttpServer.java:newHttpServer2BuilderForOzone(213)) - Starting Web-server for scm at: http://0.0.0.0:0
2022-12-02 11:12:13,049 [Listener at 0.0.0.0/33929] INFO  http.BaseHttpServer (BaseHttpServer.java:<init>(108)) - Hadoop Security Enabled: false Ozone Security Enabled: false Ozone HTTP Security Enabled: false 
2022-12-02 11:12:13,087 [Listener at 0.0.0.0/33929] INFO  util.log (Log.java:initialized(170)) - Logging initialized @5655ms to org.eclipse.jetty.util.log.Slf4jLog
2022-12-02 11:12:13,230 [Listener at 0.0.0.0/33929] WARN  server.AuthenticationFilter (AuthenticationFilter.java:constructSecretProvider(240)) - Unable to initialize FileSignerSecretProvider, falling back to use random secrets. Reason: Could not read signature secret file: /home/runner/hadoop-http-auth-signature-secret
2022-12-02 11:12:13,239 [Listener at 0.0.0.0/33929] WARN  http.HttpRequestLog (HttpRequestLog.java:getRequestLog(103)) - Jetty request log can only be enabled using Log4j
2022-12-02 11:12:13,249 [Listener at 0.0.0.0/33929] INFO  http.HttpServer2 (HttpServer2.java:addGlobalFilter(1031)) - Added global filter 'safety' (class=org.apache.hadoop.hdds.server.http.HttpServer2$QuotingInputFilter)
2022-12-02 11:12:13,252 [Listener at 0.0.0.0/33929] INFO  http.HttpServer2 (HttpServer2.java:addFilter(1007)) - Added filter static_user_filter (class=org.apache.hadoop.http.lib.StaticUserWebFilter$StaticUserFilter) to context scm
2022-12-02 11:12:13,253 [Listener at 0.0.0.0/33929] INFO  http.HttpServer2 (HttpServer2.java:addFilter(1015)) - Added filter static_user_filter (class=org.apache.hadoop.http.lib.StaticUserWebFilter$StaticUserFilter) to context logs
2022-12-02 11:12:13,253 [Listener at 0.0.0.0/33929] INFO  http.HttpServer2 (HttpServer2.java:addFilter(1015)) - Added filter static_user_filter (class=org.apache.hadoop.http.lib.StaticUserWebFilter$StaticUserFilter) to context static
2022-12-02 11:12:13,313 [Listener at 0.0.0.0/33929] INFO  http.HttpServer2 (HttpServer2.java:bindListener(1250)) - Jetty bound to port 39855
2022-12-02 11:12:13,315 [Listener at 0.0.0.0/33929] INFO  server.Server (Server.java:doStart(375)) - jetty-9.4.49.v20220914; built: 2022-09-14T01:07:36.601Z; git: 4231a3b2e4cb8548a412a789936d640a97b1aa0a; jvm 1.8.0_352-b08
2022-12-02 11:12:13,357 [Listener at 0.0.0.0/33929] INFO  server.session (DefaultSessionIdManager.java:doStart(334)) - DefaultSessionIdManager workerName=node0
2022-12-02 11:12:13,357 [Listener at 0.0.0.0/33929] INFO  server.session (DefaultSessionIdManager.java:doStart(339)) - No SessionScavenger set, using defaults
2022-12-02 11:12:13,360 [Listener at 0.0.0.0/33929] INFO  server.session (HouseKeeper.java:startScavenging(132)) - node0 Scavenging every 600000ms
2022-12-02 11:12:13,380 [Listener at 0.0.0.0/33929] INFO  handler.ContextHandler (ContextHandler.java:doStart(921)) - Started o.e.j.s.ServletContextHandler@99af41d{logs,/logs,file:///home/runner/work/ozone/ozone/hadoop-ozone/integration-test/target/log,AVAILABLE}
2022-12-02 11:12:13,381 [Listener at 0.0.0.0/33929] INFO  handler.ContextHandler (ContextHandler.java:doStart(921)) - Started o.e.j.s.ServletContextHandler@5b2fc2c0{static,/static,file:///home/runner/work/ozone/ozone/hadoop-ozone/integration-test/target/test-classes/webapps/static,AVAILABLE}
2022-12-02 11:12:13,441 [Listener at 0.0.0.0/33929] INFO  handler.ContextHandler (ContextHandler.java:doStart(921)) - Started o.e.j.w.WebAppContext@4379fe2a{scm,/,file:///home/runner/work/ozone/ozone/hadoop-ozone/integration-test/target/test-classes/webapps/scm/,AVAILABLE}{file:/home/runner/work/ozone/ozone/hadoop-ozone/integration-test/target/test-classes/webapps/scm}
2022-12-02 11:12:13,454 [Listener at 0.0.0.0/33929] INFO  server.AbstractConnector (AbstractConnector.java:doStart(333)) - Started ServerConnector@4b37d1a4{HTTP/1.1, (http/1.1)}{0.0.0.0:39855}
2022-12-02 11:12:13,455 [Listener at 0.0.0.0/33929] INFO  server.Server (Server.java:doStart(415)) - Started @6023ms
2022-12-02 11:12:13,458 [Listener at 0.0.0.0/33929] INFO  impl.MetricsSinkAdapter (MetricsSinkAdapter.java:start(204)) - Sink prometheus started
2022-12-02 11:12:13,458 [Listener at 0.0.0.0/33929] INFO  impl.MetricsSystemImpl (MetricsSystemImpl.java:registerSink(305)) - Registered sink prometheus
2022-12-02 11:12:13,460 [Listener at 0.0.0.0/33929] INFO  http.BaseHttpServer (BaseHttpServer.java:updateConnectorAddress(333)) - HTTP server of scm listening at http://0.0.0.0:39855
2022-12-02 11:12:13,462 [Listener at 0.0.0.0/33929] WARN  server.ServerUtils (ServerUtils.java:getDBPath(225)) - ozone.om.db.dirs is not configured. We recommend adding this setting. Falling back to ozone.metadata.dirs instead.
2022-12-02 11:12:13,554 [Listener at 0.0.0.0/33929] INFO  audit.AuditLogger (AuditLogger.java:refreshDebugCmdSet(126)) - Refresh DebugCmdSet for OMAudit to [].
2022-12-02 11:12:13,683 [Listener at 0.0.0.0/33929] INFO  ha.OMHANodeDetails (OMHANodeDetails.java:loadOMHAConfig(115)) - ozone.om.internal.service.id is not defined, falling back to ozone.om.service.ids to find serviceID for OzoneManager if it is HA enabled cluster
2022-12-02 11:12:13,688 [Listener at 0.0.0.0/33929] INFO  ha.OMHANodeDetails (OMHANodeDetails.java:loadOMHAConfig(226)) - Configuration does not have ozone.om.address set. Falling back to the default OM address /127.0.0.1:0
2022-12-02 11:12:13,689 [Listener at 0.0.0.0/33929] INFO  ha.OMHANodeDetails (OMHANodeDetails.java:getOMNodeDetailsForNonHA(254)) - OM Service ID is not set. Setting it to the default ID: omServiceIdDefault
2022-12-02 11:12:13,690 [Listener at 0.0.0.0/33929] INFO  ha.OMHANodeDetails (OMHANodeDetails.java:getOMNodeDetailsForNonHA(261)) - OM Node ID is not set. Setting it to the default ID: om1
2022-12-02 11:12:13,695 [Listener at 0.0.0.0/33929] WARN  server.ServerUtils (ServerUtils.java:getDBPath(225)) - ozone.om.db.dirs is not configured. We recommend adding this setting. Falling back to ozone.metadata.dirs instead.
2022-12-02 11:12:13,698 [Listener at 0.0.0.0/33929] INFO  upgrade.AbstractLayoutVersionManager (AbstractLayoutVersionManager.java:init(83)) - Initializing Layout version manager with metadata layout = MULTITENANCY_SCHEMA (version = 3), software layout = MULTITENANCY_SCHEMA (version = 3)
2022-12-02 11:12:13,821 [Listener at 0.0.0.0/33929] INFO  reflections.Reflections (Reflections.java:scan(232)) - Reflections took 116 ms to scan 2 urls, producing 154 keys and 429 values [using 2 cores]
2022-12-02 11:12:13,829 [Listener at 0.0.0.0/33929] INFO  upgrade.OMLayoutVersionManager (OMLayoutVersionManager.java:lambda$0(115)) - Skipping Upgrade Action MockOmUpgradeAction since it has been finalized.
2022-12-02 11:12:13,830 [Listener at 0.0.0.0/33929] WARN  server.ServerUtils (ServerUtils.java:getDBPath(225)) - ozone.om.db.dirs is not configured. We recommend adding this setting. Falling back to ozone.metadata.dirs instead.
2022-12-02 11:12:14,066 [Listener at 0.0.0.0/33929] INFO  proxy.SCMBlockLocationFailoverProxyProvider (SCMBlockLocationFailoverProxyProvider.java:<init>(114)) - Created block location fail-over proxy with 1 nodes: [nodeId=scmNodeId,nodeAddress=/0.0.0.0:45041]
2022-12-02 11:12:14,117 [Listener at 0.0.0.0/33929] INFO  proxy.SCMBlockLocationFailoverProxyProvider (SCMBlockLocationFailoverProxyProvider.java:<init>(114)) - Created block location fail-over proxy with 1 nodes: [nodeId=scmNodeId,nodeAddress=/0.0.0.0:45041]
2022-12-02 11:12:14,393 [Listener at 0.0.0.0/33929] WARN  server.ServerUtils (ServerUtils.java:getDBPath(225)) - ozone.om.db.dirs is not configured. We recommend adding this setting. Falling back to ozone.metadata.dirs instead.
2022-12-02 11:12:14,402 [Listener at 0.0.0.0/33929] INFO  codec.OmKeyInfoCodec (OmKeyInfoCodec.java:<init>(49)) - OmKeyInfoCodec ignorePipeline = true
2022-12-02 11:12:14,405 [Listener at 0.0.0.0/33929] INFO  codec.RepeatedOmKeyInfoCodec (RepeatedOmKeyInfoCodec.java:<init>(41)) - RepeatedOmKeyInfoCodec ignorePipeline = true
2022-12-02 11:12:14,661 [Listener at 0.0.0.0/33929] INFO  om.OzoneManager (OzoneManager.java:instantiateServices(715)) - S3 Multi-Tenancy is disabled
2022-12-02 11:12:14,804 [Listener at 0.0.0.0/33929] INFO  om.OzoneManager (OzoneManager.java:addS3GVolumeToDB(4400)) - Created Volume s3v With Owner runner required for S3Gateway operations.
2022-12-02 11:12:14,880 [Listener at 0.0.0.0/33929] WARN  server.ServerUtils (ServerUtils.java:getDefaultRatisDirectory(237)) - Storage directory for Ratis is not configured. It is a good idea to map this to an SSD disk. Falling back to ozone.metadata.dirs
2022-12-02 11:12:14,880 [Listener at 0.0.0.0/33929] WARN  utils.OzoneManagerRatisUtils (OzoneManagerRatisUtils.java:getOMRatisSnapshotDirectory(434)) - ozone.om.ratis.snapshot.dir is not configured. Falling back to ozone.metadata.dirs config
2022-12-02 11:12:14,911 [Listener at 0.0.0.0/33929] WARN  server.ServerUtils (ServerUtils.java:getDefaultRatisDirectory(237)) - Storage directory for Ratis is not configured. It is a good idea to map this to an SSD disk. Falling back to ozone.metadata.dirs
2022-12-02 11:12:14,970 [Listener at 0.0.0.0/33929] INFO  ratis.OzoneManagerRatisServer (OzoneManagerRatisServer.java:<init>(160)) - Instantiating OM Ratis server with groupID: omServiceIdDefault and peers: localhost:9872
2022-12-02 11:12:14,984 [Listener at 0.0.0.0/33929] INFO  ratis.OzoneManagerStateMachine (OzoneManagerStateMachine.java:loadSnapshotInfoFromDB(636)) - LastAppliedIndex is set from TransactionInfo from OM DB as (t:0, i:~)
2022-12-02 11:12:15,061 [Listener at 0.0.0.0/33929] INFO  server.RaftServer (ConfUtils.java:logGet(46)) - raft.rpc.type = GRPC (default)
2022-12-02 11:12:15,185 [Listener at 0.0.0.0/33929] INFO  grpc.GrpcConfigKeys (ConfUtils.java:logFallback(53)) - raft.grpc.admin.host = null (fallback to raft.grpc.server.host)
2022-12-02 11:12:15,188 [Listener at 0.0.0.0/33929] INFO  grpc.GrpcConfigKeys (ConfUtils.java:logFallback(53)) - raft.grpc.admin.port = 9872 (fallback to raft.grpc.server.port)
2022-12-02 11:12:15,190 [Listener at 0.0.0.0/33929] INFO  grpc.GrpcConfigKeys (ConfUtils.java:logFallback(53)) - raft.grpc.client.host = null (fallback to raft.grpc.server.host)
2022-12-02 11:12:15,191 [Listener at 0.0.0.0/33929] INFO  grpc.GrpcConfigKeys (ConfUtils.java:logFallback(53)) - raft.grpc.client.port = 9872 (fallback to raft.grpc.server.port)
2022-12-02 11:12:15,191 [Listener at 0.0.0.0/33929] INFO  grpc.GrpcConfigKeys (ConfUtils.java:logGet(46)) - raft.grpc.server.host = null (default)
2022-12-02 11:12:15,192 [Listener at 0.0.0.0/33929] INFO  grpc.GrpcConfigKeys (ConfUtils.java:logGet(46)) - raft.grpc.server.port = 9872 (custom)
2022-12-02 11:12:15,193 [Listener at 0.0.0.0/33929] INFO  server.GrpcService (ConfUtils.java:logGet(46)) - raft.grpc.message.size.max = 33554432 (custom)
2022-12-02 11:12:15,195 [Listener at 0.0.0.0/33929] INFO  server.RaftServerConfigKeys (ConfUtils.java:logGet(46)) - raft.server.log.appender.buffer.byte-limit = 33554432 (custom)
2022-12-02 11:12:15,196 [Listener at 0.0.0.0/33929] INFO  server.GrpcService (ConfUtils.java:logGet(46)) - raft.grpc.flow.control.window = 1MB (=1048576) (default)
2022-12-02 11:12:15,197 [Listener at 0.0.0.0/33929] INFO  server.RaftServerConfigKeys (ConfUtils.java:logGet(46)) - raft.server.rpc.request.timeout = 3000ms (default)
2022-12-02 11:12:15,217 [Listener at 0.0.0.0/33929] INFO  grpc.GrpcConfigKeys (ConfUtils.java:logGet(46)) - raft.grpc.server.heartbeat.channel = true (default)
2022-12-02 11:12:15,222 [Listener at 0.0.0.0/33929] INFO  grpc.GrpcConfigKeys (ConfUtils.java:logGet(46)) - raft.grpc.server.async.request.thread.pool.cached = true (default)
2022-12-02 11:12:15,223 [Listener at 0.0.0.0/33929] INFO  grpc.GrpcConfigKeys (ConfUtils.java:logGet(46)) - raft.grpc.server.async.request.thread.pool.size = 32 (default)
2022-12-02 11:12:15,633 [Listener at 0.0.0.0/33929] INFO  impl.DataStreamServerImpl (ConfUtils.java:logGet(46)) - raft.datastream.type = DISABLED (default)
2022-12-02 11:12:15,637 [Listener at 0.0.0.0/33929] INFO  server.RaftServerConfigKeys (ConfUtils.java:logGet(46)) - raft.server.threadpool.proxy.cached = true (default)
2022-12-02 11:12:15,638 [Listener at 0.0.0.0/33929] INFO  server.RaftServerConfigKeys (ConfUtils.java:logGet(46)) - raft.server.threadpool.proxy.size = 0 (default)
2022-12-02 11:12:15,638 [Listener at 0.0.0.0/33929] INFO  server.RaftServerConfigKeys (ConfUtils.java:logGet(46)) - raft.server.rpc.slowness.timeout = 120s (custom)
2022-12-02 11:12:15,639 [Listener at 0.0.0.0/33929] INFO  server.RaftServerConfigKeys (ConfUtils.java:logGet(46)) - raft.server.leaderelection.leader.step-down.wait-time = 10s (default)
2022-12-02 11:12:15,643 [Listener at 0.0.0.0/33929] INFO  server.RaftServerConfigKeys (ConfUtils.java:logGet(46)) - raft.server.storage.dir = [/home/runner/work/ozone/ozone/hadoop-ozone/integration-test/target/test-dir/MiniOzoneClusterImpl-89ec7bf9-65dc-45db-bd6d-bd896179de2e/ozone-meta/ratis] (custom)
2022-12-02 11:12:15,655 [Listener at 0.0.0.0/33929] INFO  server.RaftServer (RaftServerProxy.java:addNew(96)) - om1: addNew group-C5BA1605619E:[om1|rpc:localhost:9872|priority:0|startupRole:FOLLOWER] returns group-C5BA1605619E:java.util.concurrent.CompletableFuture@61ce4af8[Not completed]
2022-12-02 11:12:15,655 [Listener at 0.0.0.0/33929] INFO  om.OzoneManager (OzoneManager.java:initializeRatisServer(1977)) - OzoneManager Ratis server initialized at port 9872
2022-12-02 11:12:15,692 [Listener at 0.0.0.0/33929] INFO  om.OzoneManager (OzoneManager.java:getRpcServer(1104)) - Creating RPC Server
2022-12-02 11:12:15,711 [pool-54-thread-1] INFO  server.RaftServer$Division (RaftServerImpl.java:<init>(195)) - om1: new RaftServerImpl for group-C5BA1605619E:[om1|rpc:localhost:9872|priority:0|startupRole:FOLLOWER] with OzoneManagerStateMachine:uninitialized
2022-12-02 11:12:15,719 [pool-54-thread-1] INFO  server.RaftServerConfigKeys (ConfUtils.java:logGet(46)) - raft.server.rpc.timeout.min = 1s (custom)
2022-12-02 11:12:15,721 [pool-54-thread-1] INFO  server.RaftServerConfigKeys (ConfUtils.java:logGet(46)) - raft.server.rpc.timeout.max = 1200ms (custom)
2022-12-02 11:12:15,721 [pool-54-thread-1] INFO  server.RaftServerConfigKeys (ConfUtils.java:logGet(46)) - raft.server.rpc.sleep.time = 25ms (default)
2022-12-02 11:12:15,721 [pool-54-thread-1] INFO  server.RaftServerConfigKeys (ConfUtils.java:logGet(46)) - raft.server.rpc.slowness.timeout = 120s (custom)
2022-12-02 11:12:15,721 [pool-54-thread-1] INFO  server.RaftServerConfigKeys (ConfUtils.java:logGet(46)) - raft.server.leaderelection.leader.step-down.wait-time = 10s (default)
2022-12-02 11:12:15,722 [pool-54-thread-1] INFO  server.RaftServerConfigKeys (ConfUtils.java:logGet(46)) - raft.server.sleep.deviation.threshold = 300ms (default)
2022-12-02 11:12:15,759 [pool-54-thread-1] INFO  server.RaftServer$Division (ServerState.java:<init>(118)) - om1@group-C5BA1605619E: ConfigurationManager, init=-1: peers:[om1|rpc:localhost:9872|priority:0|startupRole:FOLLOWER]|listeners:[], old=null, confs=<EMPTY_MAP>
2022-12-02 11:12:15,760 [pool-54-thread-1] INFO  server.RaftServerConfigKeys (ConfUtils.java:logGet(46)) - raft.server.storage.dir = [/home/runner/work/ozone/ozone/hadoop-ozone/integration-test/target/test-dir/MiniOzoneClusterImpl-89ec7bf9-65dc-45db-bd6d-bd896179de2e/ozone-meta/ratis] (custom)
2022-12-02 11:12:15,776 [pool-54-thread-1] INFO  server.RaftServerConfigKeys (ConfUtils.java:logGet(46)) - raft.server.log.corruption.policy = EXCEPTION (default)
2022-12-02 11:12:15,779 [pool-54-thread-1] INFO  server.RaftServerConfigKeys (ConfUtils.java:logGet(46)) - raft.server.storage.free-space.min = 0MB (=0) (default)
2022-12-02 11:12:15,839 [pool-54-thread-1] INFO  server.RaftServerConfigKeys (ConfUtils.java:logGet(46)) - raft.server.notification.no-leader.timeout = 120s (custom)
2022-12-02 11:12:15,843 [pool-54-thread-1] INFO  server.RaftServerConfigKeys (ConfUtils.java:logGet(46)) - raft.server.retrycache.expirytime = 300s (custom)
2022-12-02 11:12:15,843 [pool-54-thread-1] INFO  server.RaftServerConfigKeys (ConfUtils.java:logGet(46)) - raft.server.retrycache.statistics.expirytime = 100μs (default)
2022-12-02 11:12:16,067 [pool-54-thread-1] INFO  server.RaftServerConfigKeys (ConfUtils.java:logGet(46)) - raft.server.log.appender.install.snapshot.enabled = false (custom)
2022-12-02 11:12:16,068 [pool-54-thread-1] INFO  server.RaftServerConfigKeys (ConfUtils.java:logGet(46)) - raft.server.threadpool.server.cached = true (default)
2022-12-02 11:12:16,069 [pool-54-thread-1] INFO  server.RaftServerConfigKeys (ConfUtils.java:logGet(46)) - raft.server.threadpool.server.size = 0 (default)
2022-12-02 11:12:16,070 [pool-54-thread-1] INFO  server.RaftServerConfigKeys (ConfUtils.java:logGet(46)) - raft.server.threadpool.client.cached = true (default)
2022-12-02 11:12:16,072 [pool-54-thread-1] INFO  server.RaftServerConfigKeys (ConfUtils.java:logGet(46)) - raft.server.threadpool.client.size = 0 (default)
2022-12-02 11:12:16,737 [Listener at 0.0.0.0/33929] INFO  reflections.Reflections (Reflections.java:scan(232)) - Reflections took 877 ms to scan 19 urls, producing 67 keys and 4388 values [using 2 cores]
2022-12-02 11:12:16,962 [Listener at 0.0.0.0/33929] INFO  ipc.CallQueueManager (CallQueueManager.java:<init>(90)) - Using callQueue: class java.util.concurrent.LinkedBlockingQueue, queueCapacity: 2000, scheduler: class org.apache.hadoop.ipc.DefaultRpcScheduler, ipcBackoff: false.
2022-12-02 11:12:16,964 [Socket Reader #1 for port 0] INFO  ipc.Server (Server.java:run(1273)) - Starting Socket Reader #1 for port 0
2022-12-02 11:12:17,010 [Listener at 127.0.0.1/39085] INFO  impl.MetricsSystemImpl (MetricsSystemImpl.java:init(158)) - OzoneManager metrics system started (again)
2022-12-02 11:12:17,028 [Listener at 127.0.0.1/39085] INFO  om.OzoneManager (OzoneManager.java:start(1484)) - OzoneManager RPC server is listening at localhost/127.0.0.1:39085
2022-12-02 11:12:17,029 [Listener at 127.0.0.1/39085] INFO  ratis.OzoneManagerRatisServer (OzoneManagerRatisServer.java:start(555)) - Starting OzoneManagerRatisServer om1 at port 9872
2022-12-02 11:12:17,033 [om1-impl-thread1] INFO  storage.RaftStorageDirectory (RaftStorageDirectoryImpl.java:analyzeStorage(137)) - The storage directory /home/runner/work/ozone/ozone/hadoop-ozone/integration-test/target/test-dir/MiniOzoneClusterImpl-89ec7bf9-65dc-45db-bd6d-bd896179de2e/ozone-meta/ratis/bf265839-605b-3f16-9796-c5ba1605619e does not exist. Creating ...
2022-12-02 11:12:17,038 [om1-impl-thread1] INFO  storage.RaftStorageDirectory (RaftStorageDirectoryImpl.java:tryLock(231)) - Lock on /home/runner/work/ozone/ozone/hadoop-ozone/integration-test/target/test-dir/MiniOzoneClusterImpl-89ec7bf9-65dc-45db-bd6d-bd896179de2e/ozone-meta/ratis/bf265839-605b-3f16-9796-c5ba1605619e/in_use.lock acquired by nodename 6885@fv-az205-634
2022-12-02 11:12:17,047 [om1-impl-thread1] INFO  storage.RaftStorage (RaftStorageImpl.java:format(96)) - Storage directory /home/runner/work/ozone/ozone/hadoop-ozone/integration-test/target/test-dir/MiniOzoneClusterImpl-89ec7bf9-65dc-45db-bd6d-bd896179de2e/ozone-meta/ratis/bf265839-605b-3f16-9796-c5ba1605619e has been successfully formatted.
2022-12-02 11:12:17,050 [om1-impl-thread1] INFO  server.RaftServerConfigKeys (ConfUtils.java:logGet(46)) - raft.server.log.use.memory = false (default)
2022-12-02 11:12:17,212 [om1-impl-thread1] INFO  server.RaftServerConfigKeys (ConfUtils.java:logGet(46)) - raft.server.log.purge.gap = 1000000 (custom)
2022-12-02 11:12:17,212 [om1-impl-thread1] INFO  server.RaftServerConfigKeys (ConfUtils.java:logGet(46)) - raft.server.log.appender.buffer.byte-limit = 33554432 (custom)
2022-12-02 11:12:17,214 [om1-impl-thread1] INFO  server.RaftServerConfigKeys (ConfUtils.java:logGet(46)) - raft.server.log.statemachine.data.read.timeout = 1000ms (default)
2022-12-02 11:12:17,215 [om1-impl-thread1] INFO  server.RaftServerConfigKeys (ConfUtils.java:logGet(46)) - raft.server.log.purge.preservation.log.num = 0 (default)
2022-12-02 11:12:17,218 [om1-impl-thread1] INFO  server.RaftServerConfigKeys (ConfUtils.java:logGet(46)) - raft.server.log.segment.size.max = 4194304 (custom)
2022-12-02 11:12:17,225 [om1-impl-thread1] INFO  server.RaftServerConfigKeys (ConfUtils.java:logGet(46)) - raft.server.log.segment.cache.num.max = 2 (custom)
2022-12-02 11:12:17,226 [om1-impl-thread1] INFO  server.RaftServerConfigKeys (ConfUtils.java:logGet(46)) - raft.server.log.segment.cache.size.max = 200MB (=209715200) (default)
2022-12-02 11:12:17,236 [om1-impl-thread1] INFO  segmented.SegmentedRaftLogWorker (SegmentedRaftLogWorker.java:<init>(189)) - new om1@group-C5BA1605619E-SegmentedRaftLogWorker for RaftStorageImpl:Storage Directory /home/runner/work/ozone/ozone/hadoop-ozone/integration-test/target/test-dir/MiniOzoneClusterImpl-89ec7bf9-65dc-45db-bd6d-bd896179de2e/ozone-meta/ratis/bf265839-605b-3f16-9796-c5ba1605619e
2022-12-02 11:12:17,237 [om1-impl-thread1] INFO  server.RaftServerConfigKeys (ConfUtils.java:logGet(46)) - raft.server.log.queue.byte-limit = 64MB (=67108864) (default)
2022-12-02 11:12:17,237 [om1-impl-thread1] INFO  server.RaftServerConfigKeys (ConfUtils.java:logGet(46)) - raft.server.log.queue.element-limit = 4096 (default)
2022-12-02 11:12:17,240 [om1-impl-thread1] INFO  server.RaftServerConfigKeys (ConfUtils.java:logGet(46)) - raft.server.log.segment.size.max = 4194304 (custom)
2022-12-02 11:12:17,241 [om1-impl-thread1] INFO  server.RaftServerConfigKeys (ConfUtils.java:logGet(46)) - raft.server.log.preallocated.size = 4194304 (custom)
2022-12-02 11:12:17,241 [om1-impl-thread1] INFO  server.RaftServerConfigKeys (ConfUtils.java:logGet(46)) - raft.server.log.force.sync.num = 128 (default)
2022-12-02 11:12:17,242 [om1-impl-thread1] INFO  server.RaftServerConfigKeys (ConfUtils.java:logGet(46)) - raft.server.log.statemachine.data.sync = true (default)
2022-12-02 11:12:17,243 [om1-impl-thread1] INFO  server.RaftServerConfigKeys (ConfUtils.java:logGet(46)) - raft.server.log.statemachine.data.sync.timeout = 10s (default)
2022-12-02 11:12:17,244 [om1-impl-thread1] INFO  server.RaftServerConfigKeys (ConfUtils.java:logGet(46)) - raft.server.log.statemachine.data.sync.timeout.retry = -1 (default)
2022-12-02 11:12:17,256 [om1-impl-thread1] INFO  server.RaftServerConfigKeys (ConfUtils.java:logGet(46)) - raft.server.log.write.buffer.size = 64KB (=65536) (default)
2022-12-02 11:12:17,257 [om1-impl-thread1] INFO  server.RaftServerConfigKeys (ConfUtils.java:logGet(46)) - raft.server.log.appender.buffer.byte-limit = 33554432 (custom)
2022-12-02 11:12:17,264 [om1-impl-thread1] INFO  server.RaftServerConfigKeys (ConfUtils.java:logGet(46)) - raft.server.log.unsafe-flush.enabled = false (default)
2022-12-02 11:12:17,265 [om1-impl-thread1] INFO  server.RaftServerConfigKeys (ConfUtils.java:logGet(46)) - raft.server.log.async-flush.enabled = false (default)
2022-12-02 11:12:17,265 [om1-impl-thread1] INFO  server.RaftServerConfigKeys (ConfUtils.java:logGet(46)) - raft.server.log.statemachine.data.caching.enabled = false (default)
2022-12-02 11:12:17,281 [om1-impl-thread1] INFO  segmented.SegmentedRaftLogWorker (SegmentedRaftLogWorker.java:lambda$new$0(135)) - om1@group-C5BA1605619E-SegmentedRaftLogWorker: flushIndex: setUnconditionally 0 -> -1
2022-12-02 11:12:17,281 [om1-impl-thread1] INFO  segmented.SegmentedRaftLogWorker (SegmentedRaftLogWorker.java:lambda$new$0(135)) - om1@group-C5BA1605619E-SegmentedRaftLogWorker: safeCacheEvictIndex: setUnconditionally 0 -> -1
2022-12-02 11:12:17,284 [om1-impl-thread1] INFO  server.RaftServer$Division (RaftServerImpl.java:start(334)) - om1@group-C5BA1605619E: start as a follower, conf=-1: peers:[om1|rpc:localhost:9872|priority:0|startupRole:FOLLOWER]|listeners:[], old=null
2022-12-02 11:12:17,284 [om1-impl-thread1] INFO  server.RaftServer$Division (RaftServerImpl.java:setRole(321)) - om1@group-C5BA1605619E: changes role from      null to FOLLOWER at term 0 for startAsFollower
2022-12-02 11:12:17,288 [om1-impl-thread1] INFO  impl.RoleInfo (RoleInfo.java:updateAndGet(139)) - om1: start om1@group-C5BA1605619E-FollowerState
2022-12-02 11:12:17,291 [om1@group-C5BA1605619E-FollowerState] INFO  server.RaftServerConfigKeys (ConfUtils.java:logFallback(53)) - raft.server.rpc.first-election.timeout.min = 1s (fallback to raft.server.rpc.timeout.min)
2022-12-02 11:12:17,291 [om1-impl-thread1] INFO  util.JmxRegister (JmxRegister.java:tryRegister(44)) - Successfully registered JMX Bean with object name Ratis:service=RaftServer,group=group-C5BA1605619E,id=om1
2022-12-02 11:12:17,291 [om1@group-C5BA1605619E-FollowerState] INFO  server.RaftServerConfigKeys (ConfUtils.java:logFallback(53)) - raft.server.rpc.first-election.timeout.max = 1200ms (fallback to raft.server.rpc.timeout.max)
2022-12-02 11:12:17,296 [om1-impl-thread1] INFO  server.RaftServerConfigKeys (ConfUtils.java:logGet(46)) - raft.server.snapshot.auto.trigger.enabled = true (custom)
2022-12-02 11:12:17,296 [om1-impl-thread1] INFO  server.RaftServerConfigKeys (ConfUtils.java:logGet(46)) - raft.server.snapshot.auto.trigger.threshold = 400000 (default)
2022-12-02 11:12:17,297 [om1-impl-thread1] INFO  server.RaftServerConfigKeys (ConfUtils.java:logGet(46)) - raft.server.snapshot.retention.file.num = -1 (default)
2022-12-02 11:12:17,298 [om1-impl-thread1] INFO  server.RaftServerConfigKeys (ConfUtils.java:logGet(46)) - raft.server.log.purge.upto.snapshot.index = true (custom)
2022-12-02 11:12:17,310 [Listener at 127.0.0.1/39085] INFO  server.RaftServer (RaftServerProxy.java:startImpl(393)) - om1: start RPC server
2022-12-02 11:12:17,412 [Listener at 127.0.0.1/39085] INFO  server.GrpcService (GrpcService.java:startImpl(270)) - om1: GrpcService started, listening on 9872
2022-12-02 11:12:17,419 [JvmPauseMonitor0] INFO  util.JvmPauseMonitor (JvmPauseMonitor.java:run(105)) - JvmPauseMonitor-om1: Started
2022-12-02 11:12:17,423 [Listener at 127.0.0.1/39085] INFO  om.OzoneManager (OzoneManager.java:start(1500)) - Version File has different layout version (3) than OM DB (null). That is expected if this OM has never been finalized to a newer layout version.
2022-12-02 11:12:17,439 [Listener at 127.0.0.1/39085] INFO  http.BaseHttpServer (BaseHttpServer.java:newHttpServer2BuilderForOzone(213)) - Starting Web-server for ozoneManager at: http://0.0.0.0:0
2022-12-02 11:12:17,439 [Listener at 127.0.0.1/39085] INFO  http.BaseHttpServer (BaseHttpServer.java:<init>(108)) - Hadoop Security Enabled: false Ozone Security Enabled: false Ozone HTTP Security Enabled: false 
2022-12-02 11:12:17,442 [Listener at 127.0.0.1/39085] WARN  server.AuthenticationFilter (AuthenticationFilter.java:constructSecretProvider(240)) - Unable to initialize FileSignerSecretProvider, falling back to use random secrets. Reason: Could not read signature secret file: /home/runner/hadoop-http-auth-signature-secret
2022-12-02 11:12:17,447 [Listener at 127.0.0.1/39085] WARN  http.HttpRequestLog (HttpRequestLog.java:getRequestLog(103)) - Jetty request log can only be enabled using Log4j
2022-12-02 11:12:17,449 [Listener at 127.0.0.1/39085] INFO  http.HttpServer2 (HttpServer2.java:addGlobalFilter(1031)) - Added global filter 'safety' (class=org.apache.hadoop.hdds.server.http.HttpServer2$QuotingInputFilter)
2022-12-02 11:12:17,452 [Listener at 127.0.0.1/39085] INFO  http.HttpServer2 (HttpServer2.java:addFilter(1007)) - Added filter static_user_filter (class=org.apache.hadoop.http.lib.StaticUserWebFilter$StaticUserFilter) to context ozoneManager
2022-12-02 11:12:17,452 [Listener at 127.0.0.1/39085] INFO  http.HttpServer2 (HttpServer2.java:addFilter(1015)) - Added filter static_user_filter (class=org.apache.hadoop.http.lib.StaticUserWebFilter$StaticUserFilter) to context static
2022-12-02 11:12:17,452 [Listener at 127.0.0.1/39085] INFO  http.HttpServer2 (HttpServer2.java:addFilter(1015)) - Added filter static_user_filter (class=org.apache.hadoop.http.lib.StaticUserWebFilter$StaticUserFilter) to context logs
2022-12-02 11:12:17,462 [Listener at 127.0.0.1/39085] INFO  http.HttpServer2 (HttpServer2.java:bindListener(1250)) - Jetty bound to port 35545
2022-12-02 11:12:17,467 [Listener at 127.0.0.1/39085] INFO  server.Server (Server.java:doStart(375)) - jetty-9.4.49.v20220914; built: 2022-09-14T01:07:36.601Z; git: 4231a3b2e4cb8548a412a789936d640a97b1aa0a; jvm 1.8.0_352-b08
2022-12-02 11:12:17,476 [Listener at 127.0.0.1/39085] INFO  server.session (DefaultSessionIdManager.java:doStart(334)) - DefaultSessionIdManager workerName=node0
2022-12-02 11:12:17,477 [Listener at 127.0.0.1/39085] INFO  server.session (DefaultSessionIdManager.java:doStart(339)) - No SessionScavenger set, using defaults
2022-12-02 11:12:17,477 [Listener at 127.0.0.1/39085] INFO  server.session (HouseKeeper.java:startScavenging(132)) - node0 Scavenging every 600000ms
2022-12-02 11:12:17,478 [Listener at 127.0.0.1/39085] INFO  handler.ContextHandler (ContextHandler.java:doStart(921)) - Started o.e.j.s.ServletContextHandler@3861652e{logs,/logs,file:///home/runner/work/ozone/ozone/hadoop-ozone/integration-test/target/log,AVAILABLE}
2022-12-02 11:12:17,479 [Listener at 127.0.0.1/39085] INFO  handler.ContextHandler (ContextHandler.java:doStart(921)) - Started o.e.j.s.ServletContextHandler@29b93eb5{static,/static,file:///home/runner/work/ozone/ozone/hadoop-ozone/integration-test/target/test-classes/webapps/static,AVAILABLE}
2022-12-02 11:12:17,485 [Listener at 127.0.0.1/39085] INFO  handler.ContextHandler (ContextHandler.java:doStart(921)) - Started o.e.j.w.WebAppContext@3486cb21{ozoneManager,/,file:///home/runner/work/ozone/ozone/hadoop-ozone/integration-test/target/test-classes/webapps/ozoneManager/,AVAILABLE}{file:/home/runner/work/ozone/ozone/hadoop-ozone/integration-test/target/test-classes/webapps/ozoneManager}
2022-12-02 11:12:17,488 [Listener at 127.0.0.1/39085] INFO  server.AbstractConnector (AbstractConnector.java:doStart(333)) - Started ServerConnector@328cc3ee{HTTP/1.1, (http/1.1)}{0.0.0.0:35545}
2022-12-02 11:12:17,494 [Listener at 127.0.0.1/39085] INFO  server.Server (Server.java:doStart(415)) - Started @10059ms
2022-12-02 11:12:17,494 [Listener at 127.0.0.1/39085] WARN  impl.MetricsSystemImpl (MetricsSystemImpl.java:register(279)) - Sink prometheus already exists!
2022-12-02 11:12:17,496 [Listener at 127.0.0.1/39085] INFO  http.BaseHttpServer (BaseHttpServer.java:updateConnectorAddress(333)) - HTTP server of ozoneManager listening at http://0.0.0.0:35545
2022-12-02 11:12:17,497 [IPC Server Responder] INFO  ipc.Server (Server.java:run(1512)) - IPC Server Responder: starting
2022-12-02 11:12:17,498 [IPC Server listener on 0] INFO  ipc.Server (Server.java:run(1352)) - IPC Server listener on 0: starting
2022-12-02 11:12:17,513 [Listener at 127.0.0.1/39085] INFO  om.OzoneManager (OzoneManager.java:startTrashEmptier(1921)) - Trash Interval set to 0. Files deleted won't move to trash
2022-12-02 11:12:17,525 [org.apache.hadoop.util.JvmPauseMonitor$Monitor@5a31d662] INFO  util.JvmPauseMonitor (JvmPauseMonitor.java:run(188)) - Starting JVM pause monitor
2022-12-02 11:12:17,733 [Listener at 127.0.0.1/39085] WARN  impl.MetricRegistriesImpl (MetricRegistriesImpl.java:addReporterRegistration(111)) - New reporters are added after registries were created. Some metrics will be missing from the reporter. Please add reporter before adding any new registry.
2022-12-02 11:12:17,734 [Listener at 127.0.0.1/39085] WARN  impl.MetricRegistriesImpl (MetricRegistriesImpl.java:addReporterRegistration(111)) - New reporters are added after registries were created. Some metrics will be missing from the reporter. Please add reporter before adding any new registry.
2022-12-02 11:12:17,734 [Listener at 127.0.0.1/39085] INFO  impl.MetricsSystemImpl (MetricsSystemImpl.java:init(158)) - HddsDatanode metrics system started (again)
2022-12-02 11:12:17,755 [Listener at 127.0.0.1/39085] INFO  ozone.HddsDatanodeService (HddsDatanodeService.java:start(236)) - HddsDatanodeService host:fv-az205-634.k2gd1z4tyxsu3cbgyjsjq30zwf.jx.internal.cloudapp.net ip:10.1.0.7
2022-12-02 11:12:17,796 [Listener at 127.0.0.1/39085] INFO  upgrade.AbstractLayoutVersionManager (AbstractLayoutVersionManager.java:init(83)) - Initializing Layout version manager with metadata layout = DATANODE_SCHEMA_V3 (version = 4), software layout = DATANODE_SCHEMA_V3 (version = 4)
2022-12-02 11:12:17,864 [Listener at 127.0.0.1/39085] INFO  reflections.Reflections (Reflections.java:scan(232)) - Reflections took 66 ms to scan 7 urls, producing 140 keys and 342 values 
2022-12-02 11:12:17,869 [Listener at 127.0.0.1/39085] INFO  statemachine.DatanodeStateMachine (DatanodeStateMachine.java:getEndPointTaskThreadPoolSize(245)) - Datanode State Machine Task Thread Pool size 2
2022-12-02 11:12:17,944 [Listener at 127.0.0.1/39085] INFO  volume.HddsVolume (HddsVolume.java:<init>(117)) - Creating HddsVolume: /home/runner/work/ozone/ozone/hadoop-ozone/integration-test/target/test-dir/MiniOzoneClusterImpl-89ec7bf9-65dc-45db-bd6d-bd896179de2e/datanode-0/data-0/containers/hdds of storage type : DISK capacity : 9223372036854775807
2022-12-02 11:12:17,948 [Listener at 127.0.0.1/39085] INFO  volume.MutableVolumeSet (MutableVolumeSet.java:initializeVolumeSet(174)) - Added Volume : /home/runner/work/ozone/ozone/hadoop-ozone/integration-test/target/test-dir/MiniOzoneClusterImpl-89ec7bf9-65dc-45db-bd6d-bd896179de2e/datanode-0/data-0/containers/hdds to VolumeSet
2022-12-02 11:12:17,949 [Listener at 127.0.0.1/39085] INFO  volume.ThrottledAsyncChecker (ThrottledAsyncChecker.java:schedule(141)) - Scheduling a check for /home/runner/work/ozone/ozone/hadoop-ozone/integration-test/target/test-dir/MiniOzoneClusterImpl-89ec7bf9-65dc-45db-bd6d-bd896179de2e/datanode-0/data-0/containers/hdds
2022-12-02 11:12:17,977 [Listener at 127.0.0.1/39085] INFO  volume.StorageVolumeChecker (StorageVolumeChecker.java:checkAllVolumes(202)) - Scheduled health check for volume /home/runner/work/ozone/ozone/hadoop-ozone/integration-test/target/test-dir/MiniOzoneClusterImpl-89ec7bf9-65dc-45db-bd6d-bd896179de2e/datanode-0/data-0/containers/hdds
2022-12-02 11:12:18,002 [Listener at 127.0.0.1/39085] INFO  volume.MutableVolumeSet (MutableVolumeSet.java:initializeVolumeSet(174)) - Added Volume : /home/runner/work/ozone/ozone/hadoop-ozone/integration-test/target/test-dir/MiniOzoneClusterImpl-89ec7bf9-65dc-45db-bd6d-bd896179de2e/datanode-0/data/ratis to VolumeSet
2022-12-02 11:12:18,002 [Listener at 127.0.0.1/39085] INFO  volume.ThrottledAsyncChecker (ThrottledAsyncChecker.java:schedule(141)) - Scheduling a check for /home/runner/work/ozone/ozone/hadoop-ozone/integration-test/target/test-dir/MiniOzoneClusterImpl-89ec7bf9-65dc-45db-bd6d-bd896179de2e/datanode-0/data/ratis
2022-12-02 11:12:18,002 [Listener at 127.0.0.1/39085] INFO  volume.StorageVolumeChecker (StorageVolumeChecker.java:checkAllVolumes(202)) - Scheduled health check for volume /home/runner/work/ozone/ozone/hadoop-ozone/integration-test/target/test-dir/MiniOzoneClusterImpl-89ec7bf9-65dc-45db-bd6d-bd896179de2e/datanode-0/data/ratis
2022-12-02 11:12:18,034 [Thread-135] INFO  ozoneimpl.ContainerReader (ContainerReader.java:readVolume(175)) - Finish verifying containers on volume /home/runner/work/ozone/ozone/hadoop-ozone/integration-test/target/test-dir/MiniOzoneClusterImpl-89ec7bf9-65dc-45db-bd6d-bd896179de2e/datanode-0/data-0/containers/hdds
2022-12-02 11:12:18,034 [Listener at 127.0.0.1/39085] INFO  ozoneimpl.OzoneContainer (OzoneContainer.java:buildContainerSet(301)) - Build ContainerSet costs 0s
2022-12-02 11:12:18,103 [Listener at 127.0.0.1/39085] INFO  audit.AuditLogger (AuditLogger.java:refreshDebugCmdSet(126)) - Refresh DebugCmdSet for DNAudit to [].
2022-12-02 11:12:18,142 [Listener at 127.0.0.1/39085] INFO  server.RaftServer (ConfUtils.java:logGet(46)) - raft.rpc.type = GRPC (default)
2022-12-02 11:12:18,142 [Listener at 127.0.0.1/39085] INFO  grpc.GrpcConfigKeys (ConfUtils.java:logFallback(53)) - raft.grpc.admin.host = null (fallback to raft.grpc.server.host)
2022-12-02 11:12:18,142 [Listener at 127.0.0.1/39085] INFO  grpc.GrpcConfigKeys (ConfUtils.java:logGet(46)) - raft.grpc.admin.port = 0 (custom)
2022-12-02 11:12:18,143 [Listener at 127.0.0.1/39085] INFO  grpc.GrpcConfigKeys (ConfUtils.java:logFallback(53)) - raft.grpc.client.host = null (fallback to raft.grpc.server.host)
2022-12-02 11:12:18,143 [Listener at 127.0.0.1/39085] INFO  grpc.GrpcConfigKeys (ConfUtils.java:logGet(46)) - raft.grpc.client.port = 0 (custom)
2022-12-02 11:12:18,143 [Listener at 127.0.0.1/39085] INFO  grpc.GrpcConfigKeys (ConfUtils.java:logGet(46)) - raft.grpc.server.host = null (default)
2022-12-02 11:12:18,143 [Listener at 127.0.0.1/39085] INFO  grpc.GrpcConfigKeys (ConfUtils.java:logGet(46)) - raft.grpc.server.port = 0 (default)
2022-12-02 11:12:18,144 [Listener at 127.0.0.1/39085] INFO  server.GrpcService (ConfUtils.java:logGet(46)) - raft.grpc.message.size.max = 32MB (=33554432) (custom)
2022-12-02 11:12:18,144 [Listener at 127.0.0.1/39085] INFO  server.RaftServerConfigKeys (ConfUtils.java:logGet(46)) - raft.server.log.appender.buffer.byte-limit = 33554432 (custom)
2022-12-02 11:12:18,144 [Listener at 127.0.0.1/39085] INFO  server.GrpcService (ConfUtils.java:logGet(46)) - raft.grpc.flow.control.window = 5MB (=5242880) (custom)
2022-12-02 11:12:18,145 [Listener at 127.0.0.1/39085] INFO  server.RaftServerConfigKeys (ConfUtils.java:logGet(46)) - raft.server.rpc.request.timeout = 60s (custom)
2022-12-02 11:12:18,145 [Listener at 127.0.0.1/39085] INFO  grpc.GrpcConfigKeys (ConfUtils.java:logGet(46)) - raft.grpc.server.heartbeat.channel = true (default)
2022-12-02 11:12:18,145 [Listener at 127.0.0.1/39085] INFO  grpc.GrpcConfigKeys (ConfUtils.java:logGet(46)) - raft.grpc.server.async.request.thread.pool.cached = true (default)
2022-12-02 11:12:18,146 [Listener at 127.0.0.1/39085] INFO  grpc.GrpcConfigKeys (ConfUtils.java:logGet(46)) - raft.grpc.server.async.request.thread.pool.size = 32 (default)
2022-12-02 11:12:18,147 [Listener at 127.0.0.1/39085] INFO  impl.DataStreamServerImpl (ConfUtils.java:logGet(46)) - raft.datastream.type = DISABLED (default)
2022-12-02 11:12:18,148 [Listener at 127.0.0.1/39085] INFO  server.RaftServerConfigKeys (ConfUtils.java:logGet(46)) - raft.server.threadpool.proxy.cached = true (default)
2022-12-02 11:12:18,148 [Listener at 127.0.0.1/39085] INFO  server.RaftServerConfigKeys (ConfUtils.java:logGet(46)) - raft.server.threadpool.proxy.size = 0 (default)
2022-12-02 11:12:18,148 [Listener at 127.0.0.1/39085] INFO  server.RaftServerConfigKeys (ConfUtils.java:logGet(46)) - raft.server.rpc.slowness.timeout = 300s (custom)
2022-12-02 11:12:18,148 [Listener at 127.0.0.1/39085] INFO  server.RaftServerConfigKeys (ConfUtils.java:logGet(46)) - raft.server.leaderelection.leader.step-down.wait-time = 10s (default)
2022-12-02 11:12:18,149 [Listener at 127.0.0.1/39085] INFO  server.RaftServerConfigKeys (ConfUtils.java:logGet(46)) - raft.server.storage.dir = [/home/runner/work/ozone/ozone/hadoop-ozone/integration-test/target/test-dir/MiniOzoneClusterImpl-89ec7bf9-65dc-45db-bd6d-bd896179de2e/datanode-0/data/ratis] (custom)
2022-12-02 11:12:18,172 [Listener at 127.0.0.1/39085] INFO  server.XceiverServerGrpc (XceiverServerGrpc.java:<init>(132)) - GrpcServer channel type EpollServerSocketChannel
2022-12-02 11:12:18,260 [Listener at 127.0.0.1/39085] INFO  http.BaseHttpServer (BaseHttpServer.java:newHttpServer2BuilderForOzone(213)) - Starting Web-server for hddsDatanode at: http://0.0.0.0:0
2022-12-02 11:12:18,260 [Listener at 127.0.0.1/39085] INFO  http.BaseHttpServer (BaseHttpServer.java:<init>(108)) - Hadoop Security Enabled: false Ozone Security Enabled: false Ozone HTTP Security Enabled: false 
2022-12-02 11:12:18,262 [Listener at 127.0.0.1/39085] WARN  server.AuthenticationFilter (AuthenticationFilter.java:constructSecretProvider(240)) - Unable to initialize FileSignerSecretProvider, falling back to use random secrets. Reason: Could not read signature secret file: /home/runner/hadoop-http-auth-signature-secret
2022-12-02 11:12:18,263 [Listener at 127.0.0.1/39085] WARN  http.HttpRequestLog (HttpRequestLog.java:getRequestLog(103)) - Jetty request log can only be enabled using Log4j
2022-12-02 11:12:18,265 [Listener at 127.0.0.1/39085] INFO  http.HttpServer2 (HttpServer2.java:addGlobalFilter(1031)) - Added global filter 'safety' (class=org.apache.hadoop.hdds.server.http.HttpServer2$QuotingInputFilter)
2022-12-02 11:12:18,266 [Listener at 127.0.0.1/39085] INFO  http.HttpServer2 (HttpServer2.java:addFilter(1007)) - Added filter static_user_filter (class=org.apache.hadoop.http.lib.StaticUserWebFilter$StaticUserFilter) to context hddsDatanode
2022-12-02 11:12:18,267 [Listener at 127.0.0.1/39085] INFO  http.HttpServer2 (HttpServer2.java:addFilter(1015)) - Added filter static_user_filter (class=org.apache.hadoop.http.lib.StaticUserWebFilter$StaticUserFilter) to context logs
2022-12-02 11:12:18,267 [Listener at 127.0.0.1/39085] INFO  http.HttpServer2 (HttpServer2.java:addFilter(1015)) - Added filter static_user_filter (class=org.apache.hadoop.http.lib.StaticUserWebFilter$StaticUserFilter) to context static
2022-12-02 11:12:18,268 [Listener at 127.0.0.1/39085] INFO  http.HttpServer2 (HttpServer2.java:bindListener(1250)) - Jetty bound to port 34485
2022-12-02 11:12:18,268 [Listener at 127.0.0.1/39085] INFO  server.Server (Server.java:doStart(375)) - jetty-9.4.49.v20220914; built: 2022-09-14T01:07:36.601Z; git: 4231a3b2e4cb8548a412a789936d640a97b1aa0a; jvm 1.8.0_352-b08
2022-12-02 11:12:18,274 [Listener at 127.0.0.1/39085] INFO  server.session (DefaultSessionIdManager.java:doStart(334)) - DefaultSessionIdManager workerName=node0
2022-12-02 11:12:18,275 [Listener at 127.0.0.1/39085] INFO  server.session (DefaultSessionIdManager.java:doStart(339)) - No SessionScavenger set, using defaults
2022-12-02 11:12:18,275 [Listener at 127.0.0.1/39085] INFO  server.session (HouseKeeper.java:startScavenging(132)) - node0 Scavenging every 600000ms
2022-12-02 11:12:18,276 [Listener at 127.0.0.1/39085] INFO  handler.ContextHandler (ContextHandler.java:doStart(921)) - Started o.e.j.s.ServletContextHandler@45e88379{logs,/logs,file:///home/runner/work/ozone/ozone/hadoop-ozone/integration-test/target/log,AVAILABLE}
2022-12-02 11:12:18,277 [Listener at 127.0.0.1/39085] INFO  handler.ContextHandler (ContextHandler.java:doStart(921)) - Started o.e.j.s.ServletContextHandler@3fd7a2bd{static,/static,jar:file:/home/runner/.m2/repository/org/apache/ozone/hdds-container-service/1.3.0-SNAPSHOT/hdds-container-service-1.3.0-SNAPSHOT.jar!/webapps/static,AVAILABLE}
2022-12-02 11:12:18,393 [om1@group-C5BA1605619E-FollowerState] INFO  impl.FollowerState (FollowerState.java:run(143)) - om1@group-C5BA1605619E-FollowerState: change to CANDIDATE, lastRpcElapsedTime:1105606102ns, electionTimeout:1100ms
2022-12-02 11:12:18,397 [om1@group-C5BA1605619E-FollowerState] INFO  impl.RoleInfo (RoleInfo.java:shutdownFollowerState(110)) - om1: shutdown om1@group-C5BA1605619E-FollowerState
2022-12-02 11:12:18,398 [om1@group-C5BA1605619E-FollowerState] INFO  server.RaftServer$Division (RaftServerImpl.java:setRole(321)) - om1@group-C5BA1605619E: changes role from  FOLLOWER to CANDIDATE at term 0 for changeToCandidate
2022-12-02 11:12:18,402 [om1@group-C5BA1605619E-FollowerState] INFO  server.RaftServerConfigKeys (ConfUtils.java:logGet(46)) - raft.server.leaderelection.pre-vote = false (custom)
2022-12-02 11:12:18,403 [om1@group-C5BA1605619E-FollowerState] INFO  impl.RoleInfo (RoleInfo.java:updateAndGet(139)) - om1: start om1@group-C5BA1605619E-LeaderElection1
2022-12-02 11:12:18,419 [om1@group-C5BA1605619E-LeaderElection1] INFO  impl.LeaderElection (LeaderElection.java:askForVotes(312)) - om1@group-C5BA1605619E-LeaderElection1 ELECTION round 0: submit vote requests at term 1 for -1: peers:[om1|rpc:localhost:9872|priority:0|startupRole:FOLLOWER]|listeners:[], old=null
2022-12-02 11:12:18,420 [om1@group-C5BA1605619E-LeaderElection1] INFO  impl.LeaderElection (LeaderElection.java:askForVotes(314)) - om1@group-C5BA1605619E-LeaderElection1 ELECTION round 0: result PASSED (term=1)
2022-12-02 11:12:18,421 [om1@group-C5BA1605619E-LeaderElection1] INFO  impl.RoleInfo (RoleInfo.java:shutdownLeaderElection(130)) - om1: shutdown om1@group-C5BA1605619E-LeaderElection1
2022-12-02 11:12:18,423 [om1@group-C5BA1605619E-LeaderElection1] INFO  server.RaftServer$Division (RaftServerImpl.java:setRole(321)) - om1@group-C5BA1605619E: changes role from CANDIDATE to LEADER at term 1 for changeToLeader
2022-12-02 11:12:18,423 [om1@group-C5BA1605619E-LeaderElection1] INFO  server.RaftServer$Division (ServerState.java:setLeader(313)) - om1@group-C5BA1605619E: change Leader from null to om1 at term 1 for becomeLeader, leader elected after 2584ms
2022-12-02 11:12:18,445 [om1@group-C5BA1605619E-LeaderElection1] INFO  server.RaftServerConfigKeys (ConfUtils.java:logGet(46)) - raft.server.staging.catchup.gap = 1000 (default)
2022-12-02 11:12:18,465 [om1@group-C5BA1605619E-LeaderElection1] INFO  server.RaftServerConfigKeys (ConfUtils.java:logGet(46)) - raft.server.write.element-limit = 4096 (default)
2022-12-02 11:12:18,467 [om1@group-C5BA1605619E-LeaderElection1] INFO  server.RaftServerConfigKeys (ConfUtils.java:logGet(46)) - raft.server.write.byte-limit = 64MB (=67108864) (default)
2022-12-02 11:12:18,481 [om1@group-C5BA1605619E-LeaderElection1] INFO  server.RaftServerConfigKeys (ConfUtils.java:logGet(46)) - raft.server.watch.timeout = 10s (default)
2022-12-02 11:12:18,481 [om1@group-C5BA1605619E-LeaderElection1] INFO  server.RaftServerConfigKeys (ConfUtils.java:logGet(46)) - raft.server.watch.timeout.denomination = 1s (default)
2022-12-02 11:12:18,482 [om1@group-C5BA1605619E-LeaderElection1] INFO  server.RaftServerConfigKeys (ConfUtils.java:logGet(46)) - raft.server.watch.element-limit = 65536 (default)
2022-12-02 11:12:18,489 [om1@group-C5BA1605619E-LeaderElection1] INFO  server.RaftServerConfigKeys (ConfUtils.java:logGet(46)) - raft.server.write.element-limit = 4096 (default)
2022-12-02 11:12:18,491 [om1@group-C5BA1605619E-LeaderElection1] INFO  server.RaftServerConfigKeys (ConfUtils.java:logGet(46)) - raft.server.write.follower.gap.ratio.max = -1.0 (default)
2022-12-02 11:12:18,496 [om1@group-C5BA1605619E-LeaderElection1] INFO  impl.RoleInfo (RoleInfo.java:updateAndGet(139)) - om1: start om1@group-C5BA1605619E-LeaderStateImpl
2022-12-02 11:12:18,585 [om1@group-C5BA1605619E-LeaderElection1] INFO  segmented.SegmentedRaftLogWorker (SegmentedRaftLogWorker.java:startLogSegment(452)) - om1@group-C5BA1605619E-SegmentedRaftLogWorker: Starting segment from index:0
2022-12-02 11:12:18,629 [Listener at 127.0.0.1/39085] INFO  handler.ContextHandler (ContextHandler.java:doStart(921)) - Started o.e.j.w.WebAppContext@5bf42283{hddsDatanode,/,file:///tmp/jetty-0_0_0_0-34485-hdds-container-service-1_3_0-SNAPSHOT_jar-_-any-280480169139946982/webapp/,AVAILABLE}{jar:file:/home/runner/.m2/repository/org/apache/ozone/hdds-container-service/1.3.0-SNAPSHOT/hdds-container-service-1.3.0-SNAPSHOT.jar!/webapps/hddsDatanode}
2022-12-02 11:12:18,632 [Listener at 127.0.0.1/39085] INFO  server.AbstractConnector (AbstractConnector.java:doStart(333)) - Started ServerConnector@16a7a6a{HTTP/1.1, (http/1.1)}{0.0.0.0:34485}
2022-12-02 11:12:18,632 [Listener at 127.0.0.1/39085] INFO  server.Server (Server.java:doStart(415)) - Started @11201ms
2022-12-02 11:12:18,633 [Listener at 127.0.0.1/39085] WARN  impl.MetricsSystemImpl (MetricsSystemImpl.java:register(279)) - Sink prometheus already exists!
2022-12-02 11:12:18,634 [Listener at 127.0.0.1/39085] INFO  http.BaseHttpServer (BaseHttpServer.java:updateConnectorAddress(333)) - HTTP server of hddsDatanode listening at http://0.0.0.0:34485
2022-12-02 11:12:18,646 [Listener at 127.0.0.1/39085] WARN  impl.MetricRegistriesImpl (MetricRegistriesImpl.java:addReporterRegistration(111)) - New reporters are added after registries were created. Some metrics will be missing from the reporter. Please add reporter before adding any new registry.
2022-12-02 11:12:18,646 [Listener at 127.0.0.1/39085] WARN  impl.MetricRegistriesImpl (MetricRegistriesImpl.java:addReporterRegistration(111)) - New reporters are added after registries were created. Some metrics will be missing from the reporter. Please add reporter before adding any new registry.
2022-12-02 11:12:18,646 [Listener at 127.0.0.1/39085] INFO  impl.MetricsSystemImpl (MetricsSystemImpl.java:init(158)) - HddsDatanode metrics system started (again)
2022-12-02 11:12:18,646 [Datanode State Machine Daemon Thread] INFO  statemachine.DatanodeStateMachine (DatanodeStateMachine.java:lambda$startDaemon$0(505)) - Ozone container server started.
2022-12-02 11:12:18,678 [org.apache.hadoop.util.JvmPauseMonitor$Monitor@4928107f] INFO  util.JvmPauseMonitor (JvmPauseMonitor.java:run(188)) - Starting JVM pause monitor
2022-12-02 11:12:18,698 [Listener at 127.0.0.1/39085] INFO  ozone.HddsDatanodeService (HddsDatanodeService.java:start(236)) - HddsDatanodeService host:fv-az205-634.k2gd1z4tyxsu3cbgyjsjq30zwf.jx.internal.cloudapp.net ip:10.1.0.7
2022-12-02 11:12:18,723 [om1@group-C5BA1605619E-LeaderElection1] INFO  server.RaftServer$Division (ServerState.java:setRaftConf(430)) - om1@group-C5BA1605619E: set configuration 0: peers:[om1|rpc:localhost:9872|admin:|client:|dataStream:|priority:0|startupRole:FOLLOWER]|listeners:[], old=null
2022-12-02 11:12:18,733 [Listener at 127.0.0.1/39085] INFO  upgrade.AbstractLayoutVersionManager (AbstractLayoutVersionManager.java:init(83)) - Initializing Layout version manager with metadata layout = DATANODE_SCHEMA_V3 (version = 4), software layout = DATANODE_SCHEMA_V3 (version = 4)
2022-12-02 11:12:18,865 [Listener at 127.0.0.1/39085] INFO  reflections.Reflections (Reflections.java:scan(232)) - Reflections took 131 ms to scan 7 urls, producing 140 keys and 342 values 
2022-12-02 11:12:18,868 [Listener at 127.0.0.1/39085] INFO  statemachine.DatanodeStateMachine (DatanodeStateMachine.java:getEndPointTaskThreadPoolSize(245)) - Datanode State Machine Task Thread Pool size 2
2022-12-02 11:12:18,878 [Listener at 127.0.0.1/39085] INFO  volume.HddsVolume (HddsVolume.java:<init>(117)) - Creating HddsVolume: /home/runner/work/ozone/ozone/hadoop-ozone/integration-test/target/test-dir/MiniOzoneClusterImpl-89ec7bf9-65dc-45db-bd6d-bd896179de2e/datanode-1/data-0/containers/hdds of storage type : DISK capacity : 9223372036854775807
2022-12-02 11:12:18,878 [Listener at 127.0.0.1/39085] INFO  volume.MutableVolumeSet (MutableVolumeSet.java:initializeVolumeSet(174)) - Added Volume : /home/runner/work/ozone/ozone/hadoop-ozone/integration-test/target/test-dir/MiniOzoneClusterImpl-89ec7bf9-65dc-45db-bd6d-bd896179de2e/datanode-1/data-0/containers/hdds to VolumeSet
2022-12-02 11:12:18,879 [Listener at 127.0.0.1/39085] INFO  volume.ThrottledAsyncChecker (ThrottledAsyncChecker.java:schedule(141)) - Scheduling a check for /home/runner/work/ozone/ozone/hadoop-ozone/integration-test/target/test-dir/MiniOzoneClusterImpl-89ec7bf9-65dc-45db-bd6d-bd896179de2e/datanode-1/data-0/containers/hdds
2022-12-02 11:12:18,893 [Listener at 127.0.0.1/39085] INFO  volume.StorageVolumeChecker (StorageVolumeChecker.java:checkAllVolumes(202)) - Scheduled health check for volume /home/runner/work/ozone/ozone/hadoop-ozone/integration-test/target/test-dir/MiniOzoneClusterImpl-89ec7bf9-65dc-45db-bd6d-bd896179de2e/datanode-1/data-0/containers/hdds
2022-12-02 11:12:18,912 [Listener at 127.0.0.1/39085] INFO  volume.MutableVolumeSet (MutableVolumeSet.java:initializeVolumeSet(174)) - Added Volume : /home/runner/work/ozone/ozone/hadoop-ozone/integration-test/target/test-dir/MiniOzoneClusterImpl-89ec7bf9-65dc-45db-bd6d-bd896179de2e/datanode-1/data/ratis to VolumeSet
2022-12-02 11:12:18,912 [Listener at 127.0.0.1/39085] INFO  volume.ThrottledAsyncChecker (ThrottledAsyncChecker.java:schedule(141)) - Scheduling a check for /home/runner/work/ozone/ozone/hadoop-ozone/integration-test/target/test-dir/MiniOzoneClusterImpl-89ec7bf9-65dc-45db-bd6d-bd896179de2e/datanode-1/data/ratis
2022-12-02 11:12:18,912 [Listener at 127.0.0.1/39085] INFO  volume.StorageVolumeChecker (StorageVolumeChecker.java:checkAllVolumes(202)) - Scheduled health check for volume /home/runner/work/ozone/ozone/hadoop-ozone/integration-test/target/test-dir/MiniOzoneClusterImpl-89ec7bf9-65dc-45db-bd6d-bd896179de2e/datanode-1/data/ratis
2022-12-02 11:12:18,925 [om1@group-C5BA1605619E-SegmentedRaftLogWorker] INFO  segmented.SegmentedRaftLogWorker (SegmentedRaftLogWorker.java:execute(656)) - om1@group-C5BA1605619E-SegmentedRaftLogWorker: created new log segment /home/runner/work/ozone/ozone/hadoop-ozone/integration-test/target/test-dir/MiniOzoneClusterImpl-89ec7bf9-65dc-45db-bd6d-bd896179de2e/ozone-meta/ratis/bf265839-605b-3f16-9796-c5ba1605619e/current/log_inprogress_0
2022-12-02 11:12:18,989 [Thread-150] INFO  ozoneimpl.ContainerReader (ContainerReader.java:readVolume(175)) - Finish verifying containers on volume /home/runner/work/ozone/ozone/hadoop-ozone/integration-test/target/test-dir/MiniOzoneClusterImpl-89ec7bf9-65dc-45db-bd6d-bd896179de2e/datanode-1/data-0/containers/hdds
2022-12-02 11:12:18,990 [Listener at 127.0.0.1/39085] INFO  ozoneimpl.OzoneContainer (OzoneContainer.java:buildContainerSet(301)) - Build ContainerSet costs 0s
2022-12-02 11:12:19,005 [Listener at 127.0.0.1/39085] INFO  server.RaftServer (ConfUtils.java:logGet(46)) - raft.rpc.type = GRPC (default)
2022-12-02 11:12:19,006 [Listener at 127.0.0.1/39085] INFO  grpc.GrpcConfigKeys (ConfUtils.java:logFallback(53)) - raft.grpc.admin.host = null (fallback to raft.grpc.server.host)
2022-12-02 11:12:19,006 [Listener at 127.0.0.1/39085] INFO  grpc.GrpcConfigKeys (ConfUtils.java:logGet(46)) - raft.grpc.admin.port = 0 (custom)
2022-12-02 11:12:19,008 [Listener at 127.0.0.1/39085] INFO  grpc.GrpcConfigKeys (ConfUtils.java:logFallback(53)) - raft.grpc.client.host = null (fallback to raft.grpc.server.host)
2022-12-02 11:12:19,009 [Listener at 127.0.0.1/39085] INFO  grpc.GrpcConfigKeys (ConfUtils.java:logGet(46)) - raft.grpc.client.port = 0 (custom)
2022-12-02 11:12:19,009 [Listener at 127.0.0.1/39085] INFO  grpc.GrpcConfigKeys (ConfUtils.java:logGet(46)) - raft.grpc.server.host = null (default)
2022-12-02 11:12:19,012 [Listener at 127.0.0.1/39085] INFO  grpc.GrpcConfigKeys (ConfUtils.java:logGet(46)) - raft.grpc.server.port = 0 (default)
2022-12-02 11:12:19,013 [Listener at 127.0.0.1/39085] INFO  server.GrpcService (ConfUtils.java:logGet(46)) - raft.grpc.message.size.max = 32MB (=33554432) (custom)
2022-12-02 11:12:19,013 [Listener at 127.0.0.1/39085] INFO  server.RaftServerConfigKeys (ConfUtils.java:logGet(46)) - raft.server.log.appender.buffer.byte-limit = 33554432 (custom)
2022-12-02 11:12:19,013 [Listener at 127.0.0.1/39085] INFO  server.GrpcService (ConfUtils.java:logGet(46)) - raft.grpc.flow.control.window = 5MB (=5242880) (custom)
2022-12-02 11:12:19,016 [Listener at 127.0.0.1/39085] INFO  server.RaftServerConfigKeys (ConfUtils.java:logGet(46)) - raft.server.rpc.request.timeout = 60s (custom)
2022-12-02 11:12:19,016 [Listener at 127.0.0.1/39085] INFO  grpc.GrpcConfigKeys (ConfUtils.java:logGet(46)) - raft.grpc.server.heartbeat.channel = true (default)
2022-12-02 11:12:19,016 [Listener at 127.0.0.1/39085] INFO  grpc.GrpcConfigKeys (ConfUtils.java:logGet(46)) - raft.grpc.server.async.request.thread.pool.cached = true (default)
2022-12-02 11:12:19,017 [Listener at 127.0.0.1/39085] INFO  grpc.GrpcConfigKeys (ConfUtils.java:logGet(46)) - raft.grpc.server.async.request.thread.pool.size = 32 (default)
2022-12-02 11:12:19,021 [Listener at 127.0.0.1/39085] INFO  impl.DataStreamServerImpl (ConfUtils.java:logGet(46)) - raft.datastream.type = DISABLED (default)
2022-12-02 11:12:19,022 [Listener at 127.0.0.1/39085] INFO  server.RaftServerConfigKeys (ConfUtils.java:logGet(46)) - raft.server.threadpool.proxy.cached = true (default)
2022-12-02 11:12:19,022 [Listener at 127.0.0.1/39085] INFO  server.RaftServerConfigKeys (ConfUtils.java:logGet(46)) - raft.server.threadpool.proxy.size = 0 (default)
2022-12-02 11:12:19,024 [Listener at 127.0.0.1/39085] INFO  server.RaftServerConfigKeys (ConfUtils.java:logGet(46)) - raft.server.rpc.slowness.timeout = 300s (custom)
2022-12-02 11:12:19,025 [Listener at 127.0.0.1/39085] INFO  server.RaftServerConfigKeys (ConfUtils.java:logGet(46)) - raft.server.leaderelection.leader.step-down.wait-time = 10s (default)
2022-12-02 11:12:19,025 [Listener at 127.0.0.1/39085] INFO  server.RaftServerConfigKeys (ConfUtils.java:logGet(46)) - raft.server.storage.dir = [/home/runner/work/ozone/ozone/hadoop-ozone/integration-test/target/test-dir/MiniOzoneClusterImpl-89ec7bf9-65dc-45db-bd6d-bd896179de2e/datanode-1/data/ratis] (custom)
2022-12-02 11:12:19,034 [Listener at 127.0.0.1/39085] INFO  server.XceiverServerGrpc (XceiverServerGrpc.java:<init>(132)) - GrpcServer channel type EpollServerSocketChannel
2022-12-02 11:12:19,052 [Listener at 127.0.0.1/39085] INFO  http.BaseHttpServer (BaseHttpServer.java:newHttpServer2BuilderForOzone(213)) - Starting Web-server for hddsDatanode at: http://0.0.0.0:0
2022-12-02 11:12:19,053 [Listener at 127.0.0.1/39085] INFO  http.BaseHttpServer (BaseHttpServer.java:<init>(108)) - Hadoop Security Enabled: false Ozone Security Enabled: false Ozone HTTP Security Enabled: false 
2022-12-02 11:12:19,056 [Listener at 127.0.0.1/39085] WARN  server.AuthenticationFilter (AuthenticationFilter.java:constructSecretProvider(240)) - Unable to initialize FileSignerSecretProvider, falling back to use random secrets. Reason: Could not read signature secret file: /home/runner/hadoop-http-auth-signature-secret
2022-12-02 11:12:19,062 [Listener at 127.0.0.1/39085] WARN  http.HttpRequestLog (HttpRequestLog.java:getRequestLog(103)) - Jetty request log can only be enabled using Log4j
2022-12-02 11:12:19,065 [Listener at 127.0.0.1/39085] INFO  http.HttpServer2 (HttpServer2.java:addGlobalFilter(1031)) - Added global filter 'safety' (class=org.apache.hadoop.hdds.server.http.HttpServer2$QuotingInputFilter)
2022-12-02 11:12:19,070 [Listener at 127.0.0.1/39085] INFO  http.HttpServer2 (HttpServer2.java:addFilter(1007)) - Added filter static_user_filter (class=org.apache.hadoop.http.lib.StaticUserWebFilter$StaticUserFilter) to context hddsDatanode
2022-12-02 11:12:19,071 [Listener at 127.0.0.1/39085] INFO  http.HttpServer2 (HttpServer2.java:addFilter(1015)) - Added filter static_user_filter (class=org.apache.hadoop.http.lib.StaticUserWebFilter$StaticUserFilter) to context static
2022-12-02 11:12:19,071 [Listener at 127.0.0.1/39085] INFO  http.HttpServer2 (HttpServer2.java:addFilter(1015)) - Added filter static_user_filter (class=org.apache.hadoop.http.lib.StaticUserWebFilter$StaticUserFilter) to context logs
2022-12-02 11:12:19,072 [Listener at 127.0.0.1/39085] INFO  http.HttpServer2 (HttpServer2.java:bindListener(1250)) - Jetty bound to port 36827
2022-12-02 11:12:19,074 [Listener at 127.0.0.1/39085] INFO  server.Server (Server.java:doStart(375)) - jetty-9.4.49.v20220914; built: 2022-09-14T01:07:36.601Z; git: 4231a3b2e4cb8548a412a789936d640a97b1aa0a; jvm 1.8.0_352-b08
2022-12-02 11:12:19,091 [Datanode State Machine Task Thread - 0] INFO  datanode.InitDatanodeState (InitDatanodeState.java:persistContainerDatanodeDetails(138)) - DatanodeDetails is persisted to /home/runner/work/ozone/ozone/hadoop-ozone/integration-test/target/test-dir/MiniOzoneClusterImpl-89ec7bf9-65dc-45db-bd6d-bd896179de2e/datanode-0/meta/datanode.id
2022-12-02 11:12:19,109 [Listener at 127.0.0.1/39085] INFO  server.session (DefaultSessionIdManager.java:doStart(334)) - DefaultSessionIdManager workerName=node0
2022-12-02 11:12:19,109 [Listener at 127.0.0.1/39085] INFO  server.session (DefaultSessionIdManager.java:doStart(339)) - No SessionScavenger set, using defaults
2022-12-02 11:12:19,110 [Listener at 127.0.0.1/39085] INFO  server.session (HouseKeeper.java:startScavenging(132)) - node0 Scavenging every 660000ms
2022-12-02 11:12:19,111 [Listener at 127.0.0.1/39085] INFO  handler.ContextHandler (ContextHandler.java:doStart(921)) - Started o.e.j.s.ServletContextHandler@4e712e0d{logs,/logs,file:///home/runner/work/ozone/ozone/hadoop-ozone/integration-test/target/log,AVAILABLE}
2022-12-02 11:12:19,111 [Listener at 127.0.0.1/39085] INFO  handler.ContextHandler (ContextHandler.java:doStart(921)) - Started o.e.j.s.ServletContextHandler@22bd93ab{static,/static,jar:file:/home/runner/.m2/repository/org/apache/ozone/hdds-container-service/1.3.0-SNAPSHOT/hdds-container-service-1.3.0-SNAPSHOT.jar!/webapps/static,AVAILABLE}
2022-12-02 11:12:19,277 [om1@group-C5BA1605619E-StateMachineUpdater] INFO  ratis.OzoneManagerStateMachine (OzoneManagerStateMachine.java:notifyConfigurationChanged(192)) - Received Configuration change notification from Ratis. New Peer list:
[id: "om1"
address: "localhost:9872"
startupRole: FOLLOWER
]
2022-12-02 11:12:19,400 [Listener at 127.0.0.1/39085] INFO  handler.ContextHandler (ContextHandler.java:doStart(921)) - Started o.e.j.w.WebAppContext@3c3b5d1{hddsDatanode,/,file:///tmp/jetty-0_0_0_0-36827-hdds-container-service-1_3_0-SNAPSHOT_jar-_-any-674310912075208300/webapp/,AVAILABLE}{jar:file:/home/runner/.m2/repository/org/apache/ozone/hdds-container-service/1.3.0-SNAPSHOT/hdds-container-service-1.3.0-SNAPSHOT.jar!/webapps/hddsDatanode}
2022-12-02 11:12:19,402 [Listener at 127.0.0.1/39085] INFO  server.AbstractConnector (AbstractConnector.java:doStart(333)) - Started ServerConnector@40d572d3{HTTP/1.1, (http/1.1)}{0.0.0.0:36827}
2022-12-02 11:12:19,402 [Listener at 127.0.0.1/39085] INFO  server.Server (Server.java:doStart(415)) - Started @11971ms
2022-12-02 11:12:19,402 [Listener at 127.0.0.1/39085] WARN  impl.MetricsSystemImpl (MetricsSystemImpl.java:register(279)) - Sink prometheus already exists!
2022-12-02 11:12:19,403 [Listener at 127.0.0.1/39085] INFO  http.BaseHttpServer (BaseHttpServer.java:updateConnectorAddress(333)) - HTTP server of hddsDatanode listening at http://0.0.0.0:36827
2022-12-02 11:12:19,404 [Listener at 127.0.0.1/39085] WARN  impl.MetricRegistriesImpl (MetricRegistriesImpl.java:addReporterRegistration(111)) - New reporters are added after registries were created. Some metrics will be missing from the reporter. Please add reporter before adding any new registry.
2022-12-02 11:12:19,404 [Listener at 127.0.0.1/39085] WARN  impl.MetricRegistriesImpl (MetricRegistriesImpl.java:addReporterRegistration(111)) - New reporters are added after registries were created. Some metrics will be missing from the reporter. Please add reporter before adding any new registry.
2022-12-02 11:12:19,404 [Listener at 127.0.0.1/39085] INFO  impl.MetricsSystemImpl (MetricsSystemImpl.java:init(158)) - HddsDatanode metrics system started (again)
2022-12-02 11:12:19,410 [Datanode State Machine Daemon Thread] INFO  statemachine.DatanodeStateMachine (DatanodeStateMachine.java:lambda$startDaemon$0(505)) - Ozone container server started.
2022-12-02 11:12:19,445 [org.apache.hadoop.util.JvmPauseMonitor$Monitor@66705800] INFO  util.JvmPauseMonitor (JvmPauseMonitor.java:run(188)) - Starting JVM pause monitor
2022-12-02 11:12:19,470 [Listener at 127.0.0.1/39085] INFO  ozone.HddsDatanodeService (HddsDatanodeService.java:start(236)) - HddsDatanodeService host:fv-az205-634.k2gd1z4tyxsu3cbgyjsjq30zwf.jx.internal.cloudapp.net ip:10.1.0.7
2022-12-02 11:12:19,482 [Datanode State Machine Task Thread - 0] INFO  datanode.InitDatanodeState (InitDatanodeState.java:persistContainerDatanodeDetails(138)) - DatanodeDetails is persisted to /home/runner/work/ozone/ozone/hadoop-ozone/integration-test/target/test-dir/MiniOzoneClusterImpl-89ec7bf9-65dc-45db-bd6d-bd896179de2e/datanode-1/meta/datanode.id
2022-12-02 11:12:19,506 [Listener at 127.0.0.1/39085] INFO  upgrade.AbstractLayoutVersionManager (AbstractLayoutVersionManager.java:init(83)) - Initializing Layout version manager with metadata layout = DATANODE_SCHEMA_V3 (version = 4), software layout = DATANODE_SCHEMA_V3 (version = 4)
2022-12-02 11:12:19,573 [Listener at 127.0.0.1/39085] INFO  reflections.Reflections (Reflections.java:scan(232)) - Reflections took 62 ms to scan 7 urls, producing 140 keys and 342 values 
2022-12-02 11:12:19,578 [Listener at 127.0.0.1/39085] INFO  statemachine.DatanodeStateMachine (DatanodeStateMachine.java:getEndPointTaskThreadPoolSize(245)) - Datanode State Machine Task Thread Pool size 2
2022-12-02 11:12:19,582 [Listener at 127.0.0.1/39085] INFO  volume.HddsVolume (HddsVolume.java:<init>(117)) - Creating HddsVolume: /home/runner/work/ozone/ozone/hadoop-ozone/integration-test/target/test-dir/MiniOzoneClusterImpl-89ec7bf9-65dc-45db-bd6d-bd896179de2e/datanode-2/data-0/containers/hdds of storage type : DISK capacity : 9223372036854775807
2022-12-02 11:12:19,583 [Listener at 127.0.0.1/39085] INFO  volume.MutableVolumeSet (MutableVolumeSet.java:initializeVolumeSet(174)) - Added Volume : /home/runner/work/ozone/ozone/hadoop-ozone/integration-test/target/test-dir/MiniOzoneClusterImpl-89ec7bf9-65dc-45db-bd6d-bd896179de2e/datanode-2/data-0/containers/hdds to VolumeSet
2022-12-02 11:12:19,584 [Listener at 127.0.0.1/39085] INFO  volume.ThrottledAsyncChecker (ThrottledAsyncChecker.java:schedule(141)) - Scheduling a check for /home/runner/work/ozone/ozone/hadoop-ozone/integration-test/target/test-dir/MiniOzoneClusterImpl-89ec7bf9-65dc-45db-bd6d-bd896179de2e/datanode-2/data-0/containers/hdds
2022-12-02 11:12:19,590 [Listener at 127.0.0.1/39085] INFO  volume.StorageVolumeChecker (StorageVolumeChecker.java:checkAllVolumes(202)) - Scheduled health check for volume /home/runner/work/ozone/ozone/hadoop-ozone/integration-test/target/test-dir/MiniOzoneClusterImpl-89ec7bf9-65dc-45db-bd6d-bd896179de2e/datanode-2/data-0/containers/hdds
2022-12-02 11:12:19,607 [Listener at 127.0.0.1/39085] INFO  volume.MutableVolumeSet (MutableVolumeSet.java:initializeVolumeSet(174)) - Added Volume : /home/runner/work/ozone/ozone/hadoop-ozone/integration-test/target/test-dir/MiniOzoneClusterImpl-89ec7bf9-65dc-45db-bd6d-bd896179de2e/datanode-2/data/ratis to VolumeSet
2022-12-02 11:12:19,608 [Listener at 127.0.0.1/39085] INFO  volume.ThrottledAsyncChecker (ThrottledAsyncChecker.java:schedule(141)) - Scheduling a check for /home/runner/work/ozone/ozone/hadoop-ozone/integration-test/target/test-dir/MiniOzoneClusterImpl-89ec7bf9-65dc-45db-bd6d-bd896179de2e/datanode-2/data/ratis
2022-12-02 11:12:19,609 [Listener at 127.0.0.1/39085] INFO  volume.StorageVolumeChecker (StorageVolumeChecker.java:checkAllVolumes(202)) - Scheduled health check for volume /home/runner/work/ozone/ozone/hadoop-ozone/integration-test/target/test-dir/MiniOzoneClusterImpl-89ec7bf9-65dc-45db-bd6d-bd896179de2e/datanode-2/data/ratis
2022-12-02 11:12:19,626 [Thread-163] INFO  ozoneimpl.ContainerReader (ContainerReader.java:readVolume(175)) - Finish verifying containers on volume /home/runner/work/ozone/ozone/hadoop-ozone/integration-test/target/test-dir/MiniOzoneClusterImpl-89ec7bf9-65dc-45db-bd6d-bd896179de2e/datanode-2/data-0/containers/hdds
2022-12-02 11:12:19,626 [Listener at 127.0.0.1/39085] INFO  ozoneimpl.OzoneContainer (OzoneContainer.java:buildContainerSet(301)) - Build ContainerSet costs 0s
2022-12-02 11:12:19,631 [Listener at 127.0.0.1/39085] INFO  server.RaftServer (ConfUtils.java:logGet(46)) - raft.rpc.type = GRPC (default)
2022-12-02 11:12:19,634 [Listener at 127.0.0.1/39085] INFO  grpc.GrpcConfigKeys (ConfUtils.java:logFallback(53)) - raft.grpc.admin.host = null (fallback to raft.grpc.server.host)
2022-12-02 11:12:19,634 [Listener at 127.0.0.1/39085] INFO  grpc.GrpcConfigKeys (ConfUtils.java:logGet(46)) - raft.grpc.admin.port = 0 (custom)
2022-12-02 11:12:19,637 [Listener at 127.0.0.1/39085] INFO  grpc.GrpcConfigKeys (ConfUtils.java:logFallback(53)) - raft.grpc.client.host = null (fallback to raft.grpc.server.host)
2022-12-02 11:12:19,637 [Listener at 127.0.0.1/39085] INFO  grpc.GrpcConfigKeys (ConfUtils.java:logGet(46)) - raft.grpc.client.port = 0 (custom)
2022-12-02 11:12:19,637 [Listener at 127.0.0.1/39085] INFO  grpc.GrpcConfigKeys (ConfUtils.java:logGet(46)) - raft.grpc.server.host = null (default)
2022-12-02 11:12:19,638 [Listener at 127.0.0.1/39085] INFO  grpc.GrpcConfigKeys (ConfUtils.java:logGet(46)) - raft.grpc.server.port = 0 (default)
2022-12-02 11:12:19,638 [Listener at 127.0.0.1/39085] INFO  server.GrpcService (ConfUtils.java:logGet(46)) - raft.grpc.message.size.max = 32MB (=33554432) (custom)
2022-12-02 11:12:19,639 [Listener at 127.0.0.1/39085] INFO  server.RaftServerConfigKeys (ConfUtils.java:logGet(46)) - raft.server.log.appender.buffer.byte-limit = 33554432 (custom)
2022-12-02 11:12:19,639 [Listener at 127.0.0.1/39085] INFO  server.GrpcService (ConfUtils.java:logGet(46)) - raft.grpc.flow.control.window = 5MB (=5242880) (custom)
2022-12-02 11:12:19,639 [Listener at 127.0.0.1/39085] INFO  server.RaftServerConfigKeys (ConfUtils.java:logGet(46)) - raft.server.rpc.request.timeout = 60s (custom)
2022-12-02 11:12:19,640 [Listener at 127.0.0.1/39085] INFO  grpc.GrpcConfigKeys (ConfUtils.java:logGet(46)) - raft.grpc.server.heartbeat.channel = true (default)
2022-12-02 11:12:19,640 [Listener at 127.0.0.1/39085] INFO  grpc.GrpcConfigKeys (ConfUtils.java:logGet(46)) - raft.grpc.server.async.request.thread.pool.cached = true (default)
2022-12-02 11:12:19,640 [Listener at 127.0.0.1/39085] INFO  grpc.GrpcConfigKeys (ConfUtils.java:logGet(46)) - raft.grpc.server.async.request.thread.pool.size = 32 (default)
2022-12-02 11:12:19,642 [Listener at 127.0.0.1/39085] INFO  impl.DataStreamServerImpl (ConfUtils.java:logGet(46)) - raft.datastream.type = DISABLED (default)
2022-12-02 11:12:19,642 [Listener at 127.0.0.1/39085] INFO  server.RaftServerConfigKeys (ConfUtils.java:logGet(46)) - raft.server.threadpool.proxy.cached = true (default)
2022-12-02 11:12:19,643 [Listener at 127.0.0.1/39085] INFO  server.RaftServerConfigKeys (ConfUtils.java:logGet(46)) - raft.server.threadpool.proxy.size = 0 (default)
2022-12-02 11:12:19,643 [Listener at 127.0.0.1/39085] INFO  server.RaftServerConfigKeys (ConfUtils.java:logGet(46)) - raft.server.rpc.slowness.timeout = 300s (custom)
2022-12-02 11:12:19,643 [Listener at 127.0.0.1/39085] INFO  server.RaftServerConfigKeys (ConfUtils.java:logGet(46)) - raft.server.leaderelection.leader.step-down.wait-time = 10s (default)
2022-12-02 11:12:19,643 [Listener at 127.0.0.1/39085] INFO  server.RaftServerConfigKeys (ConfUtils.java:logGet(46)) - raft.server.storage.dir = [/home/runner/work/ozone/ozone/hadoop-ozone/integration-test/target/test-dir/MiniOzoneClusterImpl-89ec7bf9-65dc-45db-bd6d-bd896179de2e/datanode-2/data/ratis] (custom)
2022-12-02 11:12:19,645 [Listener at 127.0.0.1/39085] INFO  server.XceiverServerGrpc (XceiverServerGrpc.java:<init>(132)) - GrpcServer channel type EpollServerSocketChannel
2022-12-02 11:12:19,653 [Listener at 127.0.0.1/39085] INFO  http.BaseHttpServer (BaseHttpServer.java:newHttpServer2BuilderForOzone(213)) - Starting Web-server for hddsDatanode at: http://0.0.0.0:0
2022-12-02 11:12:19,653 [Listener at 127.0.0.1/39085] INFO  http.BaseHttpServer (BaseHttpServer.java:<init>(108)) - Hadoop Security Enabled: false Ozone Security Enabled: false Ozone HTTP Security Enabled: false 
2022-12-02 11:12:19,656 [Listener at 127.0.0.1/39085] WARN  server.AuthenticationFilter (AuthenticationFilter.java:constructSecretProvider(240)) - Unable to initialize FileSignerSecretProvider, falling back to use random secrets. Reason: Could not read signature secret file: /home/runner/hadoop-http-auth-signature-secret
2022-12-02 11:12:19,658 [Listener at 127.0.0.1/39085] WARN  http.HttpRequestLog (HttpRequestLog.java:getRequestLog(103)) - Jetty request log can only be enabled using Log4j
2022-12-02 11:12:19,660 [Listener at 127.0.0.1/39085] INFO  http.HttpServer2 (HttpServer2.java:addGlobalFilter(1031)) - Added global filter 'safety' (class=org.apache.hadoop.hdds.server.http.HttpServer2$QuotingInputFilter)
2022-12-02 11:12:19,663 [Listener at 127.0.0.1/39085] INFO  http.HttpServer2 (HttpServer2.java:addFilter(1007)) - Added filter static_user_filter (class=org.apache.hadoop.http.lib.StaticUserWebFilter$StaticUserFilter) to context hddsDatanode
2022-12-02 11:12:19,663 [Listener at 127.0.0.1/39085] INFO  http.HttpServer2 (HttpServer2.java:addFilter(1015)) - Added filter static_user_filter (class=org.apache.hadoop.http.lib.StaticUserWebFilter$StaticUserFilter) to context logs
2022-12-02 11:12:19,664 [Listener at 127.0.0.1/39085] INFO  http.HttpServer2 (HttpServer2.java:addFilter(1015)) - Added filter static_user_filter (class=org.apache.hadoop.http.lib.StaticUserWebFilter$StaticUserFilter) to context static
2022-12-02 11:12:19,664 [Listener at 127.0.0.1/39085] INFO  http.HttpServer2 (HttpServer2.java:bindListener(1250)) - Jetty bound to port 42167
2022-12-02 11:12:19,665 [Listener at 127.0.0.1/39085] INFO  server.Server (Server.java:doStart(375)) - jetty-9.4.49.v20220914; built: 2022-09-14T01:07:36.601Z; git: 4231a3b2e4cb8548a412a789936d640a97b1aa0a; jvm 1.8.0_352-b08
2022-12-02 11:12:19,673 [Listener at 127.0.0.1/39085] INFO  server.session (DefaultSessionIdManager.java:doStart(334)) - DefaultSessionIdManager workerName=node0
2022-12-02 11:12:19,673 [Listener at 127.0.0.1/39085] INFO  server.session (DefaultSessionIdManager.java:doStart(339)) - No SessionScavenger set, using defaults
2022-12-02 11:12:19,674 [Listener at 127.0.0.1/39085] INFO  server.session (HouseKeeper.java:startScavenging(132)) - node0 Scavenging every 600000ms
2022-12-02 11:12:19,675 [Listener at 127.0.0.1/39085] INFO  handler.ContextHandler (ContextHandler.java:doStart(921)) - Started o.e.j.s.ServletContextHandler@43ddb43d{logs,/logs,file:///home/runner/work/ozone/ozone/hadoop-ozone/integration-test/target/log,AVAILABLE}
2022-12-02 11:12:19,675 [Listener at 127.0.0.1/39085] INFO  handler.ContextHandler (ContextHandler.java:doStart(921)) - Started o.e.j.s.ServletContextHandler@275f738c{static,/static,jar:file:/home/runner/.m2/repository/org/apache/ozone/hdds-container-service/1.3.0-SNAPSHOT/hdds-container-service-1.3.0-SNAPSHOT.jar!/webapps/static,AVAILABLE}
2022-12-02 11:12:19,903 [Listener at 127.0.0.1/39085] INFO  handler.ContextHandler (ContextHandler.java:doStart(921)) - Started o.e.j.w.WebAppContext@f95a28{hddsDatanode,/,file:///tmp/jetty-0_0_0_0-42167-hdds-container-service-1_3_0-SNAPSHOT_jar-_-any-7009325938788955370/webapp/,AVAILABLE}{jar:file:/home/runner/.m2/repository/org/apache/ozone/hdds-container-service/1.3.0-SNAPSHOT/hdds-container-service-1.3.0-SNAPSHOT.jar!/webapps/hddsDatanode}
2022-12-02 11:12:19,908 [Listener at 127.0.0.1/39085] INFO  server.AbstractConnector (AbstractConnector.java:doStart(333)) - Started ServerConnector@41a56ad9{HTTP/1.1, (http/1.1)}{0.0.0.0:42167}
2022-12-02 11:12:19,908 [Listener at 127.0.0.1/39085] INFO  server.Server (Server.java:doStart(415)) - Started @12477ms
2022-12-02 11:12:19,909 [Listener at 127.0.0.1/39085] WARN  impl.MetricsSystemImpl (MetricsSystemImpl.java:register(279)) - Sink prometheus already exists!
2022-12-02 11:12:19,910 [Listener at 127.0.0.1/39085] INFO  http.BaseHttpServer (BaseHttpServer.java:updateConnectorAddress(333)) - HTTP server of hddsDatanode listening at http://0.0.0.0:42167
2022-12-02 11:12:19,914 [Listener at 127.0.0.1/39085] WARN  impl.MetricRegistriesImpl (MetricRegistriesImpl.java:addReporterRegistration(111)) - New reporters are added after registries were created. Some metrics will be missing from the reporter. Please add reporter before adding any new registry.
2022-12-02 11:12:19,915 [Listener at 127.0.0.1/39085] WARN  impl.MetricRegistriesImpl (MetricRegistriesImpl.java:addReporterRegistration(111)) - New reporters are added after registries were created. Some metrics will be missing from the reporter. Please add reporter before adding any new registry.
2022-12-02 11:12:19,915 [Listener at 127.0.0.1/39085] INFO  impl.MetricsSystemImpl (MetricsSystemImpl.java:init(158)) - HddsDatanode metrics system started (again)
2022-12-02 11:12:19,918 [Datanode State Machine Daemon Thread] INFO  statemachine.DatanodeStateMachine (DatanodeStateMachine.java:lambda$startDaemon$0(505)) - Ozone container server started.
2022-12-02 11:12:19,926 [org.apache.hadoop.util.JvmPauseMonitor$Monitor@5b3a0057] INFO  util.JvmPauseMonitor (JvmPauseMonitor.java:run(188)) - Starting JVM pause monitor
2022-12-02 11:12:19,940 [Datanode State Machine Task Thread - 0] INFO  datanode.InitDatanodeState (InitDatanodeState.java:persistContainerDatanodeDetails(138)) - DatanodeDetails is persisted to /home/runner/work/ozone/ozone/hadoop-ozone/integration-test/target/test-dir/MiniOzoneClusterImpl-89ec7bf9-65dc-45db-bd6d-bd896179de2e/datanode-2/meta/datanode.id
2022-12-02 11:12:19,949 [Listener at 127.0.0.1/39085] INFO  ozone.HddsDatanodeService (HddsDatanodeService.java:start(236)) - HddsDatanodeService host:fv-az205-634.k2gd1z4tyxsu3cbgyjsjq30zwf.jx.internal.cloudapp.net ip:10.1.0.7
2022-12-02 11:12:19,997 [Listener at 127.0.0.1/39085] INFO  upgrade.AbstractLayoutVersionManager (AbstractLayoutVersionManager.java:init(83)) - Initializing Layout version manager with metadata layout = DATANODE_SCHEMA_V3 (version = 4), software layout = DATANODE_SCHEMA_V3 (version = 4)
2022-12-02 11:12:20,077 [Listener at 127.0.0.1/39085] INFO  reflections.Reflections (Reflections.java:scan(232)) - Reflections took 73 ms to scan 7 urls, producing 140 keys and 342 values 
2022-12-02 11:12:20,080 [Listener at 127.0.0.1/39085] INFO  statemachine.DatanodeStateMachine (DatanodeStateMachine.java:getEndPointTaskThreadPoolSize(245)) - Datanode State Machine Task Thread Pool size 2
2022-12-02 11:12:20,091 [Listener at 127.0.0.1/39085] INFO  volume.HddsVolume (HddsVolume.java:<init>(117)) - Creating HddsVolume: /home/runner/work/ozone/ozone/hadoop-ozone/integration-test/target/test-dir/MiniOzoneClusterImpl-89ec7bf9-65dc-45db-bd6d-bd896179de2e/datanode-3/data-0/containers/hdds of storage type : DISK capacity : 9223372036854775807
2022-12-02 11:12:20,092 [Listener at 127.0.0.1/39085] INFO  volume.MutableVolumeSet (MutableVolumeSet.java:initializeVolumeSet(174)) - Added Volume : /home/runner/work/ozone/ozone/hadoop-ozone/integration-test/target/test-dir/MiniOzoneClusterImpl-89ec7bf9-65dc-45db-bd6d-bd896179de2e/datanode-3/data-0/containers/hdds to VolumeSet
2022-12-02 11:12:20,092 [Listener at 127.0.0.1/39085] INFO  volume.ThrottledAsyncChecker (ThrottledAsyncChecker.java:schedule(141)) - Scheduling a check for /home/runner/work/ozone/ozone/hadoop-ozone/integration-test/target/test-dir/MiniOzoneClusterImpl-89ec7bf9-65dc-45db-bd6d-bd896179de2e/datanode-3/data-0/containers/hdds
2022-12-02 11:12:20,095 [Listener at 127.0.0.1/39085] INFO  volume.StorageVolumeChecker (StorageVolumeChecker.java:checkAllVolumes(202)) - Scheduled health check for volume /home/runner/work/ozone/ozone/hadoop-ozone/integration-test/target/test-dir/MiniOzoneClusterImpl-89ec7bf9-65dc-45db-bd6d-bd896179de2e/datanode-3/data-0/containers/hdds
2022-12-02 11:12:20,112 [Listener at 127.0.0.1/39085] INFO  volume.MutableVolumeSet (MutableVolumeSet.java:initializeVolumeSet(174)) - Added Volume : /home/runner/work/ozone/ozone/hadoop-ozone/integration-test/target/test-dir/MiniOzoneClusterImpl-89ec7bf9-65dc-45db-bd6d-bd896179de2e/datanode-3/data/ratis to VolumeSet
2022-12-02 11:12:20,113 [Listener at 127.0.0.1/39085] INFO  volume.ThrottledAsyncChecker (ThrottledAsyncChecker.java:schedule(141)) - Scheduling a check for /home/runner/work/ozone/ozone/hadoop-ozone/integration-test/target/test-dir/MiniOzoneClusterImpl-89ec7bf9-65dc-45db-bd6d-bd896179de2e/datanode-3/data/ratis
2022-12-02 11:12:20,113 [Listener at 127.0.0.1/39085] INFO  volume.StorageVolumeChecker (StorageVolumeChecker.java:checkAllVolumes(202)) - Scheduled health check for volume /home/runner/work/ozone/ozone/hadoop-ozone/integration-test/target/test-dir/MiniOzoneClusterImpl-89ec7bf9-65dc-45db-bd6d-bd896179de2e/datanode-3/data/ratis
2022-12-02 11:12:20,126 [Thread-176] INFO  ozoneimpl.ContainerReader (ContainerReader.java:readVolume(175)) - Finish verifying containers on volume /home/runner/work/ozone/ozone/hadoop-ozone/integration-test/target/test-dir/MiniOzoneClusterImpl-89ec7bf9-65dc-45db-bd6d-bd896179de2e/datanode-3/data-0/containers/hdds
2022-12-02 11:12:20,126 [Listener at 127.0.0.1/39085] INFO  ozoneimpl.OzoneContainer (OzoneContainer.java:buildContainerSet(301)) - Build ContainerSet costs 0s
2022-12-02 11:12:20,132 [Listener at 127.0.0.1/39085] INFO  server.RaftServer (ConfUtils.java:logGet(46)) - raft.rpc.type = GRPC (default)
2022-12-02 11:12:20,132 [Listener at 127.0.0.1/39085] INFO  grpc.GrpcConfigKeys (ConfUtils.java:logFallback(53)) - raft.grpc.admin.host = null (fallback to raft.grpc.server.host)
2022-12-02 11:12:20,132 [Listener at 127.0.0.1/39085] INFO  grpc.GrpcConfigKeys (ConfUtils.java:logGet(46)) - raft.grpc.admin.port = 0 (custom)
2022-12-02 11:12:20,132 [Listener at 127.0.0.1/39085] INFO  grpc.GrpcConfigKeys (ConfUtils.java:logFallback(53)) - raft.grpc.client.host = null (fallback to raft.grpc.server.host)
2022-12-02 11:12:20,133 [Listener at 127.0.0.1/39085] INFO  grpc.GrpcConfigKeys (ConfUtils.java:logGet(46)) - raft.grpc.client.port = 0 (custom)
2022-12-02 11:12:20,133 [Listener at 127.0.0.1/39085] INFO  grpc.GrpcConfigKeys (ConfUtils.java:logGet(46)) - raft.grpc.server.host = null (default)
2022-12-02 11:12:20,133 [Listener at 127.0.0.1/39085] INFO  grpc.GrpcConfigKeys (ConfUtils.java:logGet(46)) - raft.grpc.server.port = 0 (default)
2022-12-02 11:12:20,133 [Listener at 127.0.0.1/39085] INFO  server.GrpcService (ConfUtils.java:logGet(46)) - raft.grpc.message.size.max = 32MB (=33554432) (custom)
2022-12-02 11:12:20,134 [Listener at 127.0.0.1/39085] INFO  server.RaftServerConfigKeys (ConfUtils.java:logGet(46)) - raft.server.log.appender.buffer.byte-limit = 33554432 (custom)
2022-12-02 11:12:20,134 [Listener at 127.0.0.1/39085] INFO  server.GrpcService (ConfUtils.java:logGet(46)) - raft.grpc.flow.control.window = 5MB (=5242880) (custom)
2022-12-02 11:12:20,134 [Listener at 127.0.0.1/39085] INFO  server.RaftServerConfigKeys (ConfUtils.java:logGet(46)) - raft.server.rpc.request.timeout = 60s (custom)
2022-12-02 11:12:20,134 [Listener at 127.0.0.1/39085] INFO  grpc.GrpcConfigKeys (ConfUtils.java:logGet(46)) - raft.grpc.server.heartbeat.channel = true (default)
2022-12-02 11:12:20,135 [Listener at 127.0.0.1/39085] INFO  grpc.GrpcConfigKeys (ConfUtils.java:logGet(46)) - raft.grpc.server.async.request.thread.pool.cached = true (default)
2022-12-02 11:12:20,135 [Listener at 127.0.0.1/39085] INFO  grpc.GrpcConfigKeys (ConfUtils.java:logGet(46)) - raft.grpc.server.async.request.thread.pool.size = 32 (default)
2022-12-02 11:12:20,137 [Listener at 127.0.0.1/39085] INFO  impl.DataStreamServerImpl (ConfUtils.java:logGet(46)) - raft.datastream.type = DISABLED (default)
2022-12-02 11:12:20,137 [Listener at 127.0.0.1/39085] INFO  server.RaftServerConfigKeys (ConfUtils.java:logGet(46)) - raft.server.threadpool.proxy.cached = true (default)
2022-12-02 11:12:20,137 [Listener at 127.0.0.1/39085] INFO  server.RaftServerConfigKeys (ConfUtils.java:logGet(46)) - raft.server.threadpool.proxy.size = 0 (default)
2022-12-02 11:12:20,137 [Listener at 127.0.0.1/39085] INFO  server.RaftServerConfigKeys (ConfUtils.java:logGet(46)) - raft.server.rpc.slowness.timeout = 300s (custom)
2022-12-02 11:12:20,138 [Listener at 127.0.0.1/39085] INFO  server.RaftServerConfigKeys (ConfUtils.java:logGet(46)) - raft.server.leaderelection.leader.step-down.wait-time = 10s (default)
2022-12-02 11:12:20,138 [Listener at 127.0.0.1/39085] INFO  server.RaftServerConfigKeys (ConfUtils.java:logGet(46)) - raft.server.storage.dir = [/home/runner/work/ozone/ozone/hadoop-ozone/integration-test/target/test-dir/MiniOzoneClusterImpl-89ec7bf9-65dc-45db-bd6d-bd896179de2e/datanode-3/data/ratis] (custom)
2022-12-02 11:12:20,141 [Listener at 127.0.0.1/39085] INFO  server.XceiverServerGrpc (XceiverServerGrpc.java:<init>(132)) - GrpcServer channel type EpollServerSocketChannel
2022-12-02 11:12:20,148 [Listener at 127.0.0.1/39085] INFO  http.BaseHttpServer (BaseHttpServer.java:newHttpServer2BuilderForOzone(213)) - Starting Web-server for hddsDatanode at: http://0.0.0.0:0
2022-12-02 11:12:20,148 [Listener at 127.0.0.1/39085] INFO  http.BaseHttpServer (BaseHttpServer.java:<init>(108)) - Hadoop Security Enabled: false Ozone Security Enabled: false Ozone HTTP Security Enabled: false 
2022-12-02 11:12:20,150 [Listener at 127.0.0.1/39085] WARN  server.AuthenticationFilter (AuthenticationFilter.java:constructSecretProvider(240)) - Unable to initialize FileSignerSecretProvider, falling back to use random secrets. Reason: Could not read signature secret file: /home/runner/hadoop-http-auth-signature-secret
2022-12-02 11:12:20,151 [Listener at 127.0.0.1/39085] WARN  http.HttpRequestLog (HttpRequestLog.java:getRequestLog(103)) - Jetty request log can only be enabled using Log4j
2022-12-02 11:12:20,153 [Listener at 127.0.0.1/39085] INFO  http.HttpServer2 (HttpServer2.java:addGlobalFilter(1031)) - Added global filter 'safety' (class=org.apache.hadoop.hdds.server.http.HttpServer2$QuotingInputFilter)
2022-12-02 11:12:20,155 [Listener at 127.0.0.1/39085] INFO  http.HttpServer2 (HttpServer2.java:addFilter(1007)) - Added filter static_user_filter (class=org.apache.hadoop.http.lib.StaticUserWebFilter$StaticUserFilter) to context hddsDatanode
2022-12-02 11:12:20,155 [Listener at 127.0.0.1/39085] INFO  http.HttpServer2 (HttpServer2.java:addFilter(1015)) - Added filter static_user_filter (class=org.apache.hadoop.http.lib.StaticUserWebFilter$StaticUserFilter) to context static
2022-12-02 11:12:20,156 [Listener at 127.0.0.1/39085] INFO  http.HttpServer2 (HttpServer2.java:addFilter(1015)) - Added filter static_user_filter (class=org.apache.hadoop.http.lib.StaticUserWebFilter$StaticUserFilter) to context logs
2022-12-02 11:12:20,157 [Listener at 127.0.0.1/39085] INFO  http.HttpServer2 (HttpServer2.java:bindListener(1250)) - Jetty bound to port 46371
2022-12-02 11:12:20,158 [Listener at 127.0.0.1/39085] INFO  server.Server (Server.java:doStart(375)) - jetty-9.4.49.v20220914; built: 2022-09-14T01:07:36.601Z; git: 4231a3b2e4cb8548a412a789936d640a97b1aa0a; jvm 1.8.0_352-b08
2022-12-02 11:12:20,162 [Listener at 127.0.0.1/39085] INFO  server.session (DefaultSessionIdManager.java:doStart(334)) - DefaultSessionIdManager workerName=node0
2022-12-02 11:12:20,163 [Listener at 127.0.0.1/39085] INFO  server.session (DefaultSessionIdManager.java:doStart(339)) - No SessionScavenger set, using defaults
2022-12-02 11:12:20,163 [Listener at 127.0.0.1/39085] INFO  server.session (HouseKeeper.java:startScavenging(132)) - node0 Scavenging every 600000ms
2022-12-02 11:12:20,164 [Listener at 127.0.0.1/39085] INFO  handler.ContextHandler (ContextHandler.java:doStart(921)) - Started o.e.j.s.ServletContextHandler@582fd243{logs,/logs,file:///home/runner/work/ozone/ozone/hadoop-ozone/integration-test/target/log,AVAILABLE}
2022-12-02 11:12:20,164 [Listener at 127.0.0.1/39085] INFO  handler.ContextHandler (ContextHandler.java:doStart(921)) - Started o.e.j.s.ServletContextHandler@34fb622b{static,/static,jar:file:/home/runner/.m2/repository/org/apache/ozone/hdds-container-service/1.3.0-SNAPSHOT/hdds-container-service-1.3.0-SNAPSHOT.jar!/webapps/static,AVAILABLE}
2022-12-02 11:12:20,395 [Listener at 127.0.0.1/39085] INFO  handler.ContextHandler (ContextHandler.java:doStart(921)) - Started o.e.j.w.WebAppContext@1005364f{hddsDatanode,/,file:///tmp/jetty-0_0_0_0-46371-hdds-container-service-1_3_0-SNAPSHOT_jar-_-any-4497018817824876274/webapp/,AVAILABLE}{jar:file:/home/runner/.m2/repository/org/apache/ozone/hdds-container-service/1.3.0-SNAPSHOT/hdds-container-service-1.3.0-SNAPSHOT.jar!/webapps/hddsDatanode}
2022-12-02 11:12:20,397 [Listener at 127.0.0.1/39085] INFO  server.AbstractConnector (AbstractConnector.java:doStart(333)) - Started ServerConnector@348bef7f{HTTP/1.1, (http/1.1)}{0.0.0.0:46371}
2022-12-02 11:12:20,397 [Listener at 127.0.0.1/39085] INFO  server.Server (Server.java:doStart(415)) - Started @12965ms
2022-12-02 11:12:20,397 [Listener at 127.0.0.1/39085] WARN  impl.MetricsSystemImpl (MetricsSystemImpl.java:register(279)) - Sink prometheus already exists!
2022-12-02 11:12:20,398 [Listener at 127.0.0.1/39085] INFO  http.BaseHttpServer (BaseHttpServer.java:updateConnectorAddress(333)) - HTTP server of hddsDatanode listening at http://0.0.0.0:46371
2022-12-02 11:12:20,402 [Listener at 127.0.0.1/39085] WARN  impl.MetricRegistriesImpl (MetricRegistriesImpl.java:addReporterRegistration(111)) - New reporters are added after registries were created. Some metrics will be missing from the reporter. Please add reporter before adding any new registry.
2022-12-02 11:12:20,402 [Listener at 127.0.0.1/39085] WARN  impl.MetricRegistriesImpl (MetricRegistriesImpl.java:addReporterRegistration(111)) - New reporters are added after registries were created. Some metrics will be missing from the reporter. Please add reporter before adding any new registry.
2022-12-02 11:12:20,403 [Listener at 127.0.0.1/39085] INFO  impl.MetricsSystemImpl (MetricsSystemImpl.java:init(158)) - HddsDatanode metrics system started (again)
2022-12-02 11:12:20,405 [Datanode State Machine Daemon Thread] INFO  statemachine.DatanodeStateMachine (DatanodeStateMachine.java:lambda$startDaemon$0(505)) - Ozone container server started.
2022-12-02 11:12:20,429 [org.apache.hadoop.util.JvmPauseMonitor$Monitor@6f858311] INFO  util.JvmPauseMonitor (JvmPauseMonitor.java:run(188)) - Starting JVM pause monitor
2022-12-02 11:12:20,430 [Listener at 127.0.0.1/39085] INFO  ozone.HddsDatanodeService (HddsDatanodeService.java:start(236)) - HddsDatanodeService host:fv-az205-634.k2gd1z4tyxsu3cbgyjsjq30zwf.jx.internal.cloudapp.net ip:10.1.0.7
2022-12-02 11:12:20,435 [Datanode State Machine Task Thread - 0] INFO  datanode.InitDatanodeState (InitDatanodeState.java:persistContainerDatanodeDetails(138)) - DatanodeDetails is persisted to /home/runner/work/ozone/ozone/hadoop-ozone/integration-test/target/test-dir/MiniOzoneClusterImpl-89ec7bf9-65dc-45db-bd6d-bd896179de2e/datanode-3/meta/datanode.id
2022-12-02 11:12:20,473 [Listener at 127.0.0.1/39085] INFO  upgrade.AbstractLayoutVersionManager (AbstractLayoutVersionManager.java:init(83)) - Initializing Layout version manager with metadata layout = DATANODE_SCHEMA_V3 (version = 4), software layout = DATANODE_SCHEMA_V3 (version = 4)
2022-12-02 11:12:20,548 [Listener at 127.0.0.1/39085] INFO  reflections.Reflections (Reflections.java:scan(232)) - Reflections took 67 ms to scan 7 urls, producing 140 keys and 342 values 
2022-12-02 11:12:20,554 [Listener at 127.0.0.1/39085] INFO  statemachine.DatanodeStateMachine (DatanodeStateMachine.java:getEndPointTaskThreadPoolSize(245)) - Datanode State Machine Task Thread Pool size 2
2022-12-02 11:12:20,568 [Listener at 127.0.0.1/39085] INFO  volume.HddsVolume (HddsVolume.java:<init>(117)) - Creating HddsVolume: /home/runner/work/ozone/ozone/hadoop-ozone/integration-test/target/test-dir/MiniOzoneClusterImpl-89ec7bf9-65dc-45db-bd6d-bd896179de2e/datanode-4/data-0/containers/hdds of storage type : DISK capacity : 9223372036854775807
2022-12-02 11:12:20,569 [Listener at 127.0.0.1/39085] INFO  volume.MutableVolumeSet (MutableVolumeSet.java:initializeVolumeSet(174)) - Added Volume : /home/runner/work/ozone/ozone/hadoop-ozone/integration-test/target/test-dir/MiniOzoneClusterImpl-89ec7bf9-65dc-45db-bd6d-bd896179de2e/datanode-4/data-0/containers/hdds to VolumeSet
2022-12-02 11:12:20,569 [Listener at 127.0.0.1/39085] INFO  volume.ThrottledAsyncChecker (ThrottledAsyncChecker.java:schedule(141)) - Scheduling a check for /home/runner/work/ozone/ozone/hadoop-ozone/integration-test/target/test-dir/MiniOzoneClusterImpl-89ec7bf9-65dc-45db-bd6d-bd896179de2e/datanode-4/data-0/containers/hdds
2022-12-02 11:12:20,572 [Listener at 127.0.0.1/39085] INFO  volume.StorageVolumeChecker (StorageVolumeChecker.java:checkAllVolumes(202)) - Scheduled health check for volume /home/runner/work/ozone/ozone/hadoop-ozone/integration-test/target/test-dir/MiniOzoneClusterImpl-89ec7bf9-65dc-45db-bd6d-bd896179de2e/datanode-4/data-0/containers/hdds
2022-12-02 11:12:20,589 [Listener at 127.0.0.1/39085] INFO  volume.MutableVolumeSet (MutableVolumeSet.java:initializeVolumeSet(174)) - Added Volume : /home/runner/work/ozone/ozone/hadoop-ozone/integration-test/target/test-dir/MiniOzoneClusterImpl-89ec7bf9-65dc-45db-bd6d-bd896179de2e/datanode-4/data/ratis to VolumeSet
2022-12-02 11:12:20,589 [Listener at 127.0.0.1/39085] INFO  volume.ThrottledAsyncChecker (ThrottledAsyncChecker.java:schedule(141)) - Scheduling a check for /home/runner/work/ozone/ozone/hadoop-ozone/integration-test/target/test-dir/MiniOzoneClusterImpl-89ec7bf9-65dc-45db-bd6d-bd896179de2e/datanode-4/data/ratis
2022-12-02 11:12:20,590 [Listener at 127.0.0.1/39085] INFO  volume.StorageVolumeChecker (StorageVolumeChecker.java:checkAllVolumes(202)) - Scheduled health check for volume /home/runner/work/ozone/ozone/hadoop-ozone/integration-test/target/test-dir/MiniOzoneClusterImpl-89ec7bf9-65dc-45db-bd6d-bd896179de2e/datanode-4/data/ratis
2022-12-02 11:12:20,607 [Thread-189] INFO  ozoneimpl.ContainerReader (ContainerReader.java:readVolume(175)) - Finish verifying containers on volume /home/runner/work/ozone/ozone/hadoop-ozone/integration-test/target/test-dir/MiniOzoneClusterImpl-89ec7bf9-65dc-45db-bd6d-bd896179de2e/datanode-4/data-0/containers/hdds
2022-12-02 11:12:20,607 [Listener at 127.0.0.1/39085] INFO  ozoneimpl.OzoneContainer (OzoneContainer.java:buildContainerSet(301)) - Build ContainerSet costs 0s
2022-12-02 11:12:20,618 [Listener at 127.0.0.1/39085] INFO  server.RaftServer (ConfUtils.java:logGet(46)) - raft.rpc.type = GRPC (default)
2022-12-02 11:12:20,619 [Listener at 127.0.0.1/39085] INFO  grpc.GrpcConfigKeys (ConfUtils.java:logFallback(53)) - raft.grpc.admin.host = null (fallback to raft.grpc.server.host)
2022-12-02 11:12:20,621 [Listener at 127.0.0.1/39085] INFO  grpc.GrpcConfigKeys (ConfUtils.java:logGet(46)) - raft.grpc.admin.port = 0 (custom)
2022-12-02 11:12:20,621 [Listener at 127.0.0.1/39085] INFO  grpc.GrpcConfigKeys (ConfUtils.java:logFallback(53)) - raft.grpc.client.host = null (fallback to raft.grpc.server.host)
2022-12-02 11:12:20,622 [Listener at 127.0.0.1/39085] INFO  grpc.GrpcConfigKeys (ConfUtils.java:logGet(46)) - raft.grpc.client.port = 0 (custom)
2022-12-02 11:12:20,623 [Listener at 127.0.0.1/39085] INFO  grpc.GrpcConfigKeys (ConfUtils.java:logGet(46)) - raft.grpc.server.host = null (default)
2022-12-02 11:12:20,623 [Listener at 127.0.0.1/39085] INFO  grpc.GrpcConfigKeys (ConfUtils.java:logGet(46)) - raft.grpc.server.port = 0 (default)
2022-12-02 11:12:20,624 [Listener at 127.0.0.1/39085] INFO  server.GrpcService (ConfUtils.java:logGet(46)) - raft.grpc.message.size.max = 32MB (=33554432) (custom)
2022-12-02 11:12:20,624 [Listener at 127.0.0.1/39085] INFO  server.RaftServerConfigKeys (ConfUtils.java:logGet(46)) - raft.server.log.appender.buffer.byte-limit = 33554432 (custom)
2022-12-02 11:12:20,624 [Listener at 127.0.0.1/39085] INFO  server.GrpcService (ConfUtils.java:logGet(46)) - raft.grpc.flow.control.window = 5MB (=5242880) (custom)
2022-12-02 11:12:20,625 [Listener at 127.0.0.1/39085] INFO  server.RaftServerConfigKeys (ConfUtils.java:logGet(46)) - raft.server.rpc.request.timeout = 60s (custom)
2022-12-02 11:12:20,626 [Listener at 127.0.0.1/39085] INFO  grpc.GrpcConfigKeys (ConfUtils.java:logGet(46)) - raft.grpc.server.heartbeat.channel = true (default)
2022-12-02 11:12:20,626 [Listener at 127.0.0.1/39085] INFO  grpc.GrpcConfigKeys (ConfUtils.java:logGet(46)) - raft.grpc.server.async.request.thread.pool.cached = true (default)
2022-12-02 11:12:20,626 [Listener at 127.0.0.1/39085] INFO  grpc.GrpcConfigKeys (ConfUtils.java:logGet(46)) - raft.grpc.server.async.request.thread.pool.size = 32 (default)
2022-12-02 11:12:20,631 [Listener at 127.0.0.1/39085] INFO  impl.DataStreamServerImpl (ConfUtils.java:logGet(46)) - raft.datastream.type = DISABLED (default)
2022-12-02 11:12:20,632 [Listener at 127.0.0.1/39085] INFO  server.RaftServerConfigKeys (ConfUtils.java:logGet(46)) - raft.server.threadpool.proxy.cached = true (default)
2022-12-02 11:12:20,633 [Listener at 127.0.0.1/39085] INFO  server.RaftServerConfigKeys (ConfUtils.java:logGet(46)) - raft.server.threadpool.proxy.size = 0 (default)
2022-12-02 11:12:20,633 [Listener at 127.0.0.1/39085] INFO  server.RaftServerConfigKeys (ConfUtils.java:logGet(46)) - raft.server.rpc.slowness.timeout = 300s (custom)
2022-12-02 11:12:20,633 [Listener at 127.0.0.1/39085] INFO  server.RaftServerConfigKeys (ConfUtils.java:logGet(46)) - raft.server.leaderelection.leader.step-down.wait-time = 10s (default)
2022-12-02 11:12:20,634 [Listener at 127.0.0.1/39085] INFO  server.RaftServerConfigKeys (ConfUtils.java:logGet(46)) - raft.server.storage.dir = [/home/runner/work/ozone/ozone/hadoop-ozone/integration-test/target/test-dir/MiniOzoneClusterImpl-89ec7bf9-65dc-45db-bd6d-bd896179de2e/datanode-4/data/ratis] (custom)
2022-12-02 11:12:20,642 [Listener at 127.0.0.1/39085] INFO  server.XceiverServerGrpc (XceiverServerGrpc.java:<init>(132)) - GrpcServer channel type EpollServerSocketChannel
2022-12-02 11:12:20,650 [Listener at 127.0.0.1/39085] INFO  http.BaseHttpServer (BaseHttpServer.java:newHttpServer2BuilderForOzone(213)) - Starting Web-server for hddsDatanode at: http://0.0.0.0:0
2022-12-02 11:12:20,650 [Listener at 127.0.0.1/39085] INFO  http.BaseHttpServer (BaseHttpServer.java:<init>(108)) - Hadoop Security Enabled: false Ozone Security Enabled: false Ozone HTTP Security Enabled: false 
2022-12-02 11:12:20,652 [Listener at 127.0.0.1/39085] WARN  server.AuthenticationFilter (AuthenticationFilter.java:constructSecretProvider(240)) - Unable to initialize FileSignerSecretProvider, falling back to use random secrets. Reason: Could not read signature secret file: /home/runner/hadoop-http-auth-signature-secret
2022-12-02 11:12:20,655 [Listener at 127.0.0.1/39085] WARN  http.HttpRequestLog (HttpRequestLog.java:getRequestLog(103)) - Jetty request log can only be enabled using Log4j
2022-12-02 11:12:20,657 [Listener at 127.0.0.1/39085] INFO  http.HttpServer2 (HttpServer2.java:addGlobalFilter(1031)) - Added global filter 'safety' (class=org.apache.hadoop.hdds.server.http.HttpServer2$QuotingInputFilter)
2022-12-02 11:12:20,658 [Listener at 127.0.0.1/39085] INFO  http.HttpServer2 (HttpServer2.java:addFilter(1007)) - Added filter static_user_filter (class=org.apache.hadoop.http.lib.StaticUserWebFilter$StaticUserFilter) to context hddsDatanode
2022-12-02 11:12:20,659 [Listener at 127.0.0.1/39085] INFO  http.HttpServer2 (HttpServer2.java:addFilter(1015)) - Added filter static_user_filter (class=org.apache.hadoop.http.lib.StaticUserWebFilter$StaticUserFilter) to context logs
2022-12-02 11:12:20,659 [Listener at 127.0.0.1/39085] INFO  http.HttpServer2 (HttpServer2.java:addFilter(1015)) - Added filter static_user_filter (class=org.apache.hadoop.http.lib.StaticUserWebFilter$StaticUserFilter) to context static
2022-12-02 11:12:20,660 [Listener at 127.0.0.1/39085] INFO  http.HttpServer2 (HttpServer2.java:bindListener(1250)) - Jetty bound to port 36871
2022-12-02 11:12:20,660 [Listener at 127.0.0.1/39085] INFO  server.Server (Server.java:doStart(375)) - jetty-9.4.49.v20220914; built: 2022-09-14T01:07:36.601Z; git: 4231a3b2e4cb8548a412a789936d640a97b1aa0a; jvm 1.8.0_352-b08
2022-12-02 11:12:20,662 [Listener at 127.0.0.1/39085] INFO  server.session (DefaultSessionIdManager.java:doStart(334)) - DefaultSessionIdManager workerName=node0
2022-12-02 11:12:20,663 [Listener at 127.0.0.1/39085] INFO  server.session (DefaultSessionIdManager.java:doStart(339)) - No SessionScavenger set, using defaults
2022-12-02 11:12:20,663 [Listener at 127.0.0.1/39085] INFO  server.session (HouseKeeper.java:startScavenging(132)) - node0 Scavenging every 600000ms
2022-12-02 11:12:20,664 [Listener at 127.0.0.1/39085] INFO  handler.ContextHandler (ContextHandler.java:doStart(921)) - Started o.e.j.s.ServletContextHandler@2b381c76{logs,/logs,file:///home/runner/work/ozone/ozone/hadoop-ozone/integration-test/target/log,AVAILABLE}
2022-12-02 11:12:20,665 [Listener at 127.0.0.1/39085] INFO  handler.ContextHandler (ContextHandler.java:doStart(921)) - Started o.e.j.s.ServletContextHandler@740ed220{static,/static,jar:file:/home/runner/.m2/repository/org/apache/ozone/hdds-container-service/1.3.0-SNAPSHOT/hdds-container-service-1.3.0-SNAPSHOT.jar!/webapps/static,AVAILABLE}
2022-12-02 11:12:20,934 [EndpointStateMachine task thread for /0.0.0.0:33039 - 0 ] INFO  utils.DatanodeStoreCache (DatanodeStoreCache.java:addDB(58)) - Added db /home/runner/work/ozone/ozone/hadoop-ozone/integration-test/target/test-dir/MiniOzoneClusterImpl-89ec7bf9-65dc-45db-bd6d-bd896179de2e/datanode-0/data-0/containers/hdds/89ec7bf9-65dc-45db-bd6d-bd896179de2e/DS-608f6a51-3c57-4bce-b2fa-842bf4b61f3e/container.db to cache
2022-12-02 11:12:20,934 [EndpointStateMachine task thread for /0.0.0.0:33039 - 0 ] INFO  volume.HddsVolume (HddsVolume.java:createDbStore(307)) - SchemaV3 db is created and loaded at /home/runner/work/ozone/ozone/hadoop-ozone/integration-test/target/test-dir/MiniOzoneClusterImpl-89ec7bf9-65dc-45db-bd6d-bd896179de2e/datanode-0/data-0/containers/hdds/89ec7bf9-65dc-45db-bd6d-bd896179de2e/DS-608f6a51-3c57-4bce-b2fa-842bf4b61f3e/container.db for volume DS-608f6a51-3c57-4bce-b2fa-842bf4b61f3e
2022-12-02 11:12:20,935 [EndpointStateMachine task thread for /0.0.0.0:33039 - 0 ] INFO  ozoneimpl.OzoneContainer (OzoneContainer.java:start(395)) - Attempting to start container services.
2022-12-02 11:12:20,938 [EndpointStateMachine task thread for /0.0.0.0:33039 - 0 ] INFO  ozoneimpl.OzoneContainer (OzoneContainer.java:startContainerScrub(312)) - Scheduled background container scanners and the on-demand container scanner have been disabled.
2022-12-02 11:12:20,941 [EndpointStateMachine task thread for /0.0.0.0:33039 - 0 ] INFO  replication.ReplicationServer (ReplicationServer.java:start(111)) - ReplicationServer is started using port 40075
2022-12-02 11:12:20,945 [EndpointStateMachine task thread for /0.0.0.0:33039 - 0 ] INFO  ratis.XceiverServerRatis (XceiverServerRatis.java:start(481)) - Starting XceiverServerRatis 64d479e5-fe0e-4358-9b9b-67f62582a254
2022-12-02 11:12:20,964 [EndpointStateMachine task thread for /0.0.0.0:33039 - 0 ] INFO  server.RaftServer (RaftServerProxy.java:startImpl(393)) - 64d479e5-fe0e-4358-9b9b-67f62582a254: start RPC server
2022-12-02 11:12:20,981 [EndpointStateMachine task thread for /0.0.0.0:33039 - 0 ] INFO  server.GrpcService (GrpcService.java:startImpl(270)) - 64d479e5-fe0e-4358-9b9b-67f62582a254: GrpcService started, listening on 43823
2022-12-02 11:12:20,982 [EndpointStateMachine task thread for /0.0.0.0:33039 - 0 ] INFO  ratis.XceiverServerRatis (XceiverServerRatis.java:getRealPort(502)) - XceiverServerRatis 64d479e5-fe0e-4358-9b9b-67f62582a254 is started using port 43823 for RATIS
2022-12-02 11:12:20,982 [EndpointStateMachine task thread for /0.0.0.0:33039 - 0 ] INFO  ratis.XceiverServerRatis (XceiverServerRatis.java:getRealPort(502)) - XceiverServerRatis 64d479e5-fe0e-4358-9b9b-67f62582a254 is started using port 43823 for RATIS_ADMIN
2022-12-02 11:12:20,982 [EndpointStateMachine task thread for /0.0.0.0:33039 - 0 ] INFO  ratis.XceiverServerRatis (XceiverServerRatis.java:getRealPort(502)) - XceiverServerRatis 64d479e5-fe0e-4358-9b9b-67f62582a254 is started using port 43823 for RATIS_SERVER
2022-12-02 11:12:20,983 [JvmPauseMonitor1] INFO  util.JvmPauseMonitor (JvmPauseMonitor.java:run(105)) - JvmPauseMonitor-64d479e5-fe0e-4358-9b9b-67f62582a254: Started
2022-12-02 11:12:20,992 [Listener at 127.0.0.1/39085] INFO  handler.ContextHandler (ContextHandler.java:doStart(921)) - Started o.e.j.w.WebAppContext@572d2320{hddsDatanode,/,file:///tmp/jetty-0_0_0_0-36871-hdds-container-service-1_3_0-SNAPSHOT_jar-_-any-7628967923512044640/webapp/,AVAILABLE}{jar:file:/home/runner/.m2/repository/org/apache/ozone/hdds-container-service/1.3.0-SNAPSHOT/hdds-container-service-1.3.0-SNAPSHOT.jar!/webapps/hddsDatanode}
2022-12-02 11:12:20,994 [Listener at 127.0.0.1/39085] INFO  server.AbstractConnector (AbstractConnector.java:doStart(333)) - Started ServerConnector@2eaad7c0{HTTP/1.1, (http/1.1)}{0.0.0.0:36871}
2022-12-02 11:12:20,995 [Listener at 127.0.0.1/39085] INFO  server.Server (Server.java:doStart(415)) - Started @13563ms
2022-12-02 11:12:20,995 [Listener at 127.0.0.1/39085] WARN  impl.MetricsSystemImpl (MetricsSystemImpl.java:register(279)) - Sink prometheus already exists!
2022-12-02 11:12:20,997 [Listener at 127.0.0.1/39085] INFO  http.BaseHttpServer (BaseHttpServer.java:updateConnectorAddress(333)) - HTTP server of hddsDatanode listening at http://0.0.0.0:36871
2022-12-02 11:12:20,998 [Listener at 127.0.0.1/39085] WARN  impl.MetricRegistriesImpl (MetricRegistriesImpl.java:addReporterRegistration(111)) - New reporters are added after registries were created. Some metrics will be missing from the reporter. Please add reporter before adding any new registry.
2022-12-02 11:12:20,998 [Listener at 127.0.0.1/39085] WARN  impl.MetricRegistriesImpl (MetricRegistriesImpl.java:addReporterRegistration(111)) - New reporters are added after registries were created. Some metrics will be missing from the reporter. Please add reporter before adding any new registry.
2022-12-02 11:12:21,002 [Listener at 127.0.0.1/39085] INFO  impl.MetricsSystemImpl (MetricsSystemImpl.java:init(158)) - HddsDatanode metrics system started (again)
2022-12-02 11:12:20,998 [EndpointStateMachine task thread for /0.0.0.0:33039 - 0 ] INFO  server.XceiverServerGrpc (XceiverServerGrpc.java:start(180)) - XceiverServerGrpc 64d479e5-fe0e-4358-9b9b-67f62582a254 is started using port 41557
2022-12-02 11:12:21,011 [Datanode State Machine Daemon Thread] INFO  statemachine.DatanodeStateMachine (DatanodeStateMachine.java:lambda$startDaemon$0(505)) - Ozone container server started.
2022-12-02 11:12:21,025 [Listener at 127.0.0.1/39085] INFO  ozone.HddsDatanodeService (HddsDatanodeService.java:start(236)) - HddsDatanodeService host:fv-az205-634.k2gd1z4tyxsu3cbgyjsjq30zwf.jx.internal.cloudapp.net ip:10.1.0.7
2022-12-02 11:12:21,039 [org.apache.hadoop.util.JvmPauseMonitor$Monitor@26902e95] INFO  util.JvmPauseMonitor (JvmPauseMonitor.java:run(188)) - Starting JVM pause monitor
2022-12-02 11:12:21,045 [Datanode State Machine Task Thread - 0] INFO  datanode.InitDatanodeState (InitDatanodeState.java:persistContainerDatanodeDetails(138)) - DatanodeDetails is persisted to /home/runner/work/ozone/ozone/hadoop-ozone/integration-test/target/test-dir/MiniOzoneClusterImpl-89ec7bf9-65dc-45db-bd6d-bd896179de2e/datanode-4/meta/datanode.id
2022-12-02 11:12:21,079 [Listener at 127.0.0.1/39085] INFO  upgrade.AbstractLayoutVersionManager (AbstractLayoutVersionManager.java:init(83)) - Initializing Layout version manager with metadata layout = DATANODE_SCHEMA_V3 (version = 4), software layout = DATANODE_SCHEMA_V3 (version = 4)
2022-12-02 11:12:21,151 [Listener at 127.0.0.1/39085] INFO  reflections.Reflections (Reflections.java:scan(232)) - Reflections took 70 ms to scan 7 urls, producing 140 keys and 342 values 
2022-12-02 11:12:21,158 [Listener at 127.0.0.1/39085] INFO  statemachine.DatanodeStateMachine (DatanodeStateMachine.java:getEndPointTaskThreadPoolSize(245)) - Datanode State Machine Task Thread Pool size 2
2022-12-02 11:12:21,160 [Listener at 127.0.0.1/39085] INFO  volume.HddsVolume (HddsVolume.java:<init>(117)) - Creating HddsVolume: /home/runner/work/ozone/ozone/hadoop-ozone/integration-test/target/test-dir/MiniOzoneClusterImpl-89ec7bf9-65dc-45db-bd6d-bd896179de2e/datanode-5/data-0/containers/hdds of storage type : DISK capacity : 9223372036854775807
2022-12-02 11:12:21,161 [Listener at 127.0.0.1/39085] INFO  volume.MutableVolumeSet (MutableVolumeSet.java:initializeVolumeSet(174)) - Added Volume : /home/runner/work/ozone/ozone/hadoop-ozone/integration-test/target/test-dir/MiniOzoneClusterImpl-89ec7bf9-65dc-45db-bd6d-bd896179de2e/datanode-5/data-0/containers/hdds to VolumeSet
2022-12-02 11:12:21,161 [Listener at 127.0.0.1/39085] INFO  volume.ThrottledAsyncChecker (ThrottledAsyncChecker.java:schedule(141)) - Scheduling a check for /home/runner/work/ozone/ozone/hadoop-ozone/integration-test/target/test-dir/MiniOzoneClusterImpl-89ec7bf9-65dc-45db-bd6d-bd896179de2e/datanode-5/data-0/containers/hdds
2022-12-02 11:12:21,162 [Listener at 127.0.0.1/39085] INFO  volume.StorageVolumeChecker (StorageVolumeChecker.java:checkAllVolumes(202)) - Scheduled health check for volume /home/runner/work/ozone/ozone/hadoop-ozone/integration-test/target/test-dir/MiniOzoneClusterImpl-89ec7bf9-65dc-45db-bd6d-bd896179de2e/datanode-5/data-0/containers/hdds
2022-12-02 11:12:21,178 [Listener at 127.0.0.1/39085] INFO  volume.MutableVolumeSet (MutableVolumeSet.java:initializeVolumeSet(174)) - Added Volume : /home/runner/work/ozone/ozone/hadoop-ozone/integration-test/target/test-dir/MiniOzoneClusterImpl-89ec7bf9-65dc-45db-bd6d-bd896179de2e/datanode-5/data/ratis to VolumeSet
2022-12-02 11:12:21,178 [Listener at 127.0.0.1/39085] INFO  volume.ThrottledAsyncChecker (ThrottledAsyncChecker.java:schedule(141)) - Scheduling a check for /home/runner/work/ozone/ozone/hadoop-ozone/integration-test/target/test-dir/MiniOzoneClusterImpl-89ec7bf9-65dc-45db-bd6d-bd896179de2e/datanode-5/data/ratis
2022-12-02 11:12:21,178 [Listener at 127.0.0.1/39085] INFO  volume.StorageVolumeChecker (StorageVolumeChecker.java:checkAllVolumes(202)) - Scheduled health check for volume /home/runner/work/ozone/ozone/hadoop-ozone/integration-test/target/test-dir/MiniOzoneClusterImpl-89ec7bf9-65dc-45db-bd6d-bd896179de2e/datanode-5/data/ratis
2022-12-02 11:12:21,196 [Thread-208] INFO  ozoneimpl.ContainerReader (ContainerReader.java:readVolume(175)) - Finish verifying containers on volume /home/runner/work/ozone/ozone/hadoop-ozone/integration-test/target/test-dir/MiniOzoneClusterImpl-89ec7bf9-65dc-45db-bd6d-bd896179de2e/datanode-5/data-0/containers/hdds
2022-12-02 11:12:21,196 [Listener at 127.0.0.1/39085] INFO  ozoneimpl.OzoneContainer (OzoneContainer.java:buildContainerSet(301)) - Build ContainerSet costs 0s
2022-12-02 11:12:21,203 [Listener at 127.0.0.1/39085] INFO  server.RaftServer (ConfUtils.java:logGet(46)) - raft.rpc.type = GRPC (default)
2022-12-02 11:12:21,203 [Listener at 127.0.0.1/39085] INFO  grpc.GrpcConfigKeys (ConfUtils.java:logFallback(53)) - raft.grpc.admin.host = null (fallback to raft.grpc.server.host)
2022-12-02 11:12:21,204 [Listener at 127.0.0.1/39085] INFO  grpc.GrpcConfigKeys (ConfUtils.java:logGet(46)) - raft.grpc.admin.port = 0 (custom)
2022-12-02 11:12:21,204 [Listener at 127.0.0.1/39085] INFO  grpc.GrpcConfigKeys (ConfUtils.java:logFallback(53)) - raft.grpc.client.host = null (fallback to raft.grpc.server.host)
2022-12-02 11:12:21,204 [Listener at 127.0.0.1/39085] INFO  grpc.GrpcConfigKeys (ConfUtils.java:logGet(46)) - raft.grpc.client.port = 0 (custom)
2022-12-02 11:12:21,204 [Listener at 127.0.0.1/39085] INFO  grpc.GrpcConfigKeys (ConfUtils.java:logGet(46)) - raft.grpc.server.host = null (default)
2022-12-02 11:12:21,204 [Listener at 127.0.0.1/39085] INFO  grpc.GrpcConfigKeys (ConfUtils.java:logGet(46)) - raft.grpc.server.port = 0 (default)
2022-12-02 11:12:21,205 [Listener at 127.0.0.1/39085] INFO  server.GrpcService (ConfUtils.java:logGet(46)) - raft.grpc.message.size.max = 32MB (=33554432) (custom)
2022-12-02 11:12:21,205 [Listener at 127.0.0.1/39085] INFO  server.RaftServerConfigKeys (ConfUtils.java:logGet(46)) - raft.server.log.appender.buffer.byte-limit = 33554432 (custom)
2022-12-02 11:12:21,205 [Listener at 127.0.0.1/39085] INFO  server.GrpcService (ConfUtils.java:logGet(46)) - raft.grpc.flow.control.window = 5MB (=5242880) (custom)
2022-12-02 11:12:21,206 [Listener at 127.0.0.1/39085] INFO  server.RaftServerConfigKeys (ConfUtils.java:logGet(46)) - raft.server.rpc.request.timeout = 60s (custom)
2022-12-02 11:12:21,206 [Listener at 127.0.0.1/39085] INFO  grpc.GrpcConfigKeys (ConfUtils.java:logGet(46)) - raft.grpc.server.heartbeat.channel = true (default)
2022-12-02 11:12:21,206 [Listener at 127.0.0.1/39085] INFO  grpc.GrpcConfigKeys (ConfUtils.java:logGet(46)) - raft.grpc.server.async.request.thread.pool.cached = true (default)
2022-12-02 11:12:21,206 [Listener at 127.0.0.1/39085] INFO  grpc.GrpcConfigKeys (ConfUtils.java:logGet(46)) - raft.grpc.server.async.request.thread.pool.size = 32 (default)
2022-12-02 11:12:21,209 [Listener at 127.0.0.1/39085] INFO  impl.DataStreamServerImpl (ConfUtils.java:logGet(46)) - raft.datastream.type = DISABLED (default)
2022-12-02 11:12:21,209 [Listener at 127.0.0.1/39085] INFO  server.RaftServerConfigKeys (ConfUtils.java:logGet(46)) - raft.server.threadpool.proxy.cached = true (default)
2022-12-02 11:12:21,209 [Listener at 127.0.0.1/39085] INFO  server.RaftServerConfigKeys (ConfUtils.java:logGet(46)) - raft.server.threadpool.proxy.size = 0 (default)
2022-12-02 11:12:21,210 [Listener at 127.0.0.1/39085] INFO  server.RaftServerConfigKeys (ConfUtils.java:logGet(46)) - raft.server.rpc.slowness.timeout = 300s (custom)
2022-12-02 11:12:21,210 [Listener at 127.0.0.1/39085] INFO  server.RaftServerConfigKeys (ConfUtils.java:logGet(46)) - raft.server.leaderelection.leader.step-down.wait-time = 10s (default)
2022-12-02 11:12:21,210 [Listener at 127.0.0.1/39085] INFO  server.RaftServerConfigKeys (ConfUtils.java:logGet(46)) - raft.server.storage.dir = [/home/runner/work/ozone/ozone/hadoop-ozone/integration-test/target/test-dir/MiniOzoneClusterImpl-89ec7bf9-65dc-45db-bd6d-bd896179de2e/datanode-5/data/ratis] (custom)
2022-12-02 11:12:21,212 [Listener at 127.0.0.1/39085] INFO  server.XceiverServerGrpc (XceiverServerGrpc.java:<init>(132)) - GrpcServer channel type EpollServerSocketChannel
2022-12-02 11:12:21,220 [Listener at 127.0.0.1/39085] INFO  http.BaseHttpServer (BaseHttpServer.java:newHttpServer2BuilderForOzone(213)) - Starting Web-server for hddsDatanode at: http://0.0.0.0:0
2022-12-02 11:12:21,220 [Listener at 127.0.0.1/39085] INFO  http.BaseHttpServer (BaseHttpServer.java:<init>(108)) - Hadoop Security Enabled: false Ozone Security Enabled: false Ozone HTTP Security Enabled: false 
2022-12-02 11:12:21,222 [Listener at 127.0.0.1/39085] WARN  server.AuthenticationFilter (AuthenticationFilter.java:constructSecretProvider(240)) - Unable to initialize FileSignerSecretProvider, falling back to use random secrets. Reason: Could not read signature secret file: /home/runner/hadoop-http-auth-signature-secret
2022-12-02 11:12:21,223 [Listener at 127.0.0.1/39085] WARN  http.HttpRequestLog (HttpRequestLog.java:getRequestLog(103)) - Jetty request log can only be enabled using Log4j
2022-12-02 11:12:21,225 [Listener at 127.0.0.1/39085] INFO  http.HttpServer2 (HttpServer2.java:addGlobalFilter(1031)) - Added global filter 'safety' (class=org.apache.hadoop.hdds.server.http.HttpServer2$QuotingInputFilter)
2022-12-02 11:12:21,226 [Listener at 127.0.0.1/39085] INFO  http.HttpServer2 (HttpServer2.java:addFilter(1007)) - Added filter static_user_filter (class=org.apache.hadoop.http.lib.StaticUserWebFilter$StaticUserFilter) to context hddsDatanode
2022-12-02 11:12:21,226 [Listener at 127.0.0.1/39085] INFO  http.HttpServer2 (HttpServer2.java:addFilter(1015)) - Added filter static_user_filter (class=org.apache.hadoop.http.lib.StaticUserWebFilter$StaticUserFilter) to context logs
2022-12-02 11:12:21,227 [Listener at 127.0.0.1/39085] INFO  http.HttpServer2 (HttpServer2.java:addFilter(1015)) - Added filter static_user_filter (class=org.apache.hadoop.http.lib.StaticUserWebFilter$StaticUserFilter) to context static
2022-12-02 11:12:21,228 [Listener at 127.0.0.1/39085] INFO  http.HttpServer2 (HttpServer2.java:bindListener(1250)) - Jetty bound to port 43965
2022-12-02 11:12:21,228 [Listener at 127.0.0.1/39085] INFO  server.Server (Server.java:doStart(375)) - jetty-9.4.49.v20220914; built: 2022-09-14T01:07:36.601Z; git: 4231a3b2e4cb8548a412a789936d640a97b1aa0a; jvm 1.8.0_352-b08
2022-12-02 11:12:21,231 [Listener at 127.0.0.1/39085] INFO  server.session (DefaultSessionIdManager.java:doStart(334)) - DefaultSessionIdManager workerName=node0
2022-12-02 11:12:21,231 [Listener at 127.0.0.1/39085] INFO  server.session (DefaultSessionIdManager.java:doStart(339)) - No SessionScavenger set, using defaults
2022-12-02 11:12:21,232 [Listener at 127.0.0.1/39085] INFO  server.session (HouseKeeper.java:startScavenging(132)) - node0 Scavenging every 600000ms
2022-12-02 11:12:21,232 [Listener at 127.0.0.1/39085] INFO  handler.ContextHandler (ContextHandler.java:doStart(921)) - Started o.e.j.s.ServletContextHandler@1f001021{logs,/logs,file:///home/runner/work/ozone/ozone/hadoop-ozone/integration-test/target/log,AVAILABLE}
2022-12-02 11:12:21,233 [Listener at 127.0.0.1/39085] INFO  handler.ContextHandler (ContextHandler.java:doStart(921)) - Started o.e.j.s.ServletContextHandler@5d3fd216{static,/static,jar:file:/home/runner/.m2/repository/org/apache/ozone/hdds-container-service/1.3.0-SNAPSHOT/hdds-container-service-1.3.0-SNAPSHOT.jar!/webapps/static,AVAILABLE}
2022-12-02 11:12:21,489 [Listener at 127.0.0.1/39085] INFO  handler.ContextHandler (ContextHandler.java:doStart(921)) - Started o.e.j.w.WebAppContext@6c231fd9{hddsDatanode,/,file:///tmp/jetty-0_0_0_0-43965-hdds-container-service-1_3_0-SNAPSHOT_jar-_-any-6963181666966450389/webapp/,AVAILABLE}{jar:file:/home/runner/.m2/repository/org/apache/ozone/hdds-container-service/1.3.0-SNAPSHOT/hdds-container-service-1.3.0-SNAPSHOT.jar!/webapps/hddsDatanode}
2022-12-02 11:12:21,491 [Listener at 127.0.0.1/39085] INFO  server.AbstractConnector (AbstractConnector.java:doStart(333)) - Started ServerConnector@3cd2fd3d{HTTP/1.1, (http/1.1)}{0.0.0.0:43965}
2022-12-02 11:12:21,491 [Listener at 127.0.0.1/39085] INFO  server.Server (Server.java:doStart(415)) - Started @14059ms
2022-12-02 11:12:21,491 [Listener at 127.0.0.1/39085] WARN  impl.MetricsSystemImpl (MetricsSystemImpl.java:register(279)) - Sink prometheus already exists!
2022-12-02 11:12:21,492 [Listener at 127.0.0.1/39085] INFO  http.BaseHttpServer (BaseHttpServer.java:updateConnectorAddress(333)) - HTTP server of hddsDatanode listening at http://0.0.0.0:43965
2022-12-02 11:12:21,496 [Listener at 127.0.0.1/39085] INFO  ozone.MiniOzoneClusterImpl (MiniOzoneClusterImpl.java:lambda$waitForClusterToBeReady$0(216)) - Waiting for nodes to be ready. Got 0 of 6 DN Heartbeats.
2022-12-02 11:12:21,496 [Listener at 127.0.0.1/39085] INFO  ozone.MiniOzoneClusterImpl (MiniOzoneClusterImpl.java:lambda$waitForClusterToBeReady$0(219)) - Waiting for cluster to exit safe mode
2022-12-02 11:12:21,499 [Listener at 127.0.0.1/39085] INFO  ozone.MiniOzoneClusterImpl (MiniOzoneClusterImpl.java:lambda$waitForClusterToBeReady$0(221)) - SCM became leader
2022-12-02 11:12:21,499 [EndpointStateMachine task thread for /0.0.0.0:33039 - 0 ] INFO  utils.DatanodeStoreCache (DatanodeStoreCache.java:addDB(58)) - Added db /home/runner/work/ozone/ozone/hadoop-ozone/integration-test/target/test-dir/MiniOzoneClusterImpl-89ec7bf9-65dc-45db-bd6d-bd896179de2e/datanode-1/data-0/containers/hdds/89ec7bf9-65dc-45db-bd6d-bd896179de2e/DS-072742e2-b6e1-47cf-ba52-440845496f65/container.db to cache
2022-12-02 11:12:21,499 [EndpointStateMachine task thread for /0.0.0.0:33039 - 0 ] INFO  volume.HddsVolume (HddsVolume.java:createDbStore(307)) - SchemaV3 db is created and loaded at /home/runner/work/ozone/ozone/hadoop-ozone/integration-test/target/test-dir/MiniOzoneClusterImpl-89ec7bf9-65dc-45db-bd6d-bd896179de2e/datanode-1/data-0/containers/hdds/89ec7bf9-65dc-45db-bd6d-bd896179de2e/DS-072742e2-b6e1-47cf-ba52-440845496f65/container.db for volume DS-072742e2-b6e1-47cf-ba52-440845496f65
2022-12-02 11:12:21,500 [Datanode State Machine Daemon Thread] INFO  statemachine.DatanodeStateMachine (DatanodeStateMachine.java:lambda$startDaemon$0(505)) - Ozone container server started.
2022-12-02 11:12:21,510 [org.apache.hadoop.util.JvmPauseMonitor$Monitor@76916183] INFO  util.JvmPauseMonitor (JvmPauseMonitor.java:run(188)) - Starting JVM pause monitor
2022-12-02 11:12:21,512 [EndpointStateMachine task thread for /0.0.0.0:33039 - 0 ] INFO  ozoneimpl.OzoneContainer (OzoneContainer.java:start(395)) - Attempting to start container services.
2022-12-02 11:12:21,512 [EndpointStateMachine task thread for /0.0.0.0:33039 - 0 ] INFO  ozoneimpl.OzoneContainer (OzoneContainer.java:startContainerScrub(312)) - Scheduled background container scanners and the on-demand container scanner have been disabled.
2022-12-02 11:12:21,529 [EndpointStateMachine task thread for /0.0.0.0:33039 - 0 ] INFO  replication.ReplicationServer (ReplicationServer.java:start(111)) - ReplicationServer is started using port 33611
2022-12-02 11:12:21,530 [EndpointStateMachine task thread for /0.0.0.0:33039 - 0 ] INFO  ratis.XceiverServerRatis (XceiverServerRatis.java:start(481)) - Starting XceiverServerRatis 3706267d-b1e5-497c-b8ee-f9aaec0fcf2c
2022-12-02 11:12:21,531 [Datanode State Machine Task Thread - 0] INFO  datanode.InitDatanodeState (InitDatanodeState.java:persistContainerDatanodeDetails(138)) - DatanodeDetails is persisted to /home/runner/work/ozone/ozone/hadoop-ozone/integration-test/target/test-dir/MiniOzoneClusterImpl-89ec7bf9-65dc-45db-bd6d-bd896179de2e/datanode-5/meta/datanode.id
2022-12-02 11:12:21,533 [EndpointStateMachine task thread for /0.0.0.0:33039 - 0 ] INFO  server.RaftServer (RaftServerProxy.java:startImpl(393)) - 3706267d-b1e5-497c-b8ee-f9aaec0fcf2c: start RPC server
2022-12-02 11:12:21,536 [EndpointStateMachine task thread for /0.0.0.0:33039 - 0 ] INFO  server.GrpcService (GrpcService.java:startImpl(270)) - 3706267d-b1e5-497c-b8ee-f9aaec0fcf2c: GrpcService started, listening on 40063
2022-12-02 11:12:21,536 [EndpointStateMachine task thread for /0.0.0.0:33039 - 0 ] INFO  ratis.XceiverServerRatis (XceiverServerRatis.java:getRealPort(502)) - XceiverServerRatis 3706267d-b1e5-497c-b8ee-f9aaec0fcf2c is started using port 40063 for RATIS
2022-12-02 11:12:21,536 [JvmPauseMonitor2] INFO  util.JvmPauseMonitor (JvmPauseMonitor.java:run(105)) - JvmPauseMonitor-3706267d-b1e5-497c-b8ee-f9aaec0fcf2c: Started
2022-12-02 11:12:21,536 [EndpointStateMachine task thread for /0.0.0.0:33039 - 0 ] INFO  ratis.XceiverServerRatis (XceiverServerRatis.java:getRealPort(502)) - XceiverServerRatis 3706267d-b1e5-497c-b8ee-f9aaec0fcf2c is started using port 40063 for RATIS_ADMIN
2022-12-02 11:12:21,539 [EndpointStateMachine task thread for /0.0.0.0:33039 - 0 ] INFO  ratis.XceiverServerRatis (XceiverServerRatis.java:getRealPort(502)) - XceiverServerRatis 3706267d-b1e5-497c-b8ee-f9aaec0fcf2c is started using port 40063 for RATIS_SERVER
2022-12-02 11:12:21,542 [EndpointStateMachine task thread for /0.0.0.0:33039 - 0 ] INFO  server.XceiverServerGrpc (XceiverServerGrpc.java:start(180)) - XceiverServerGrpc 3706267d-b1e5-497c-b8ee-f9aaec0fcf2c is started using port 37711
2022-12-02 11:12:21,971 [EndpointStateMachine task thread for /0.0.0.0:33039 - 0 ] INFO  utils.DatanodeStoreCache (DatanodeStoreCache.java:addDB(58)) - Added db /home/runner/work/ozone/ozone/hadoop-ozone/integration-test/target/test-dir/MiniOzoneClusterImpl-89ec7bf9-65dc-45db-bd6d-bd896179de2e/datanode-2/data-0/containers/hdds/89ec7bf9-65dc-45db-bd6d-bd896179de2e/DS-b538f27c-acd2-4c4e-828c-f45452785fd8/container.db to cache
2022-12-02 11:12:21,974 [EndpointStateMachine task thread for /0.0.0.0:33039 - 0 ] INFO  volume.HddsVolume (HddsVolume.java:createDbStore(307)) - SchemaV3 db is created and loaded at /home/runner/work/ozone/ozone/hadoop-ozone/integration-test/target/test-dir/MiniOzoneClusterImpl-89ec7bf9-65dc-45db-bd6d-bd896179de2e/datanode-2/data-0/containers/hdds/89ec7bf9-65dc-45db-bd6d-bd896179de2e/DS-b538f27c-acd2-4c4e-828c-f45452785fd8/container.db for volume DS-b538f27c-acd2-4c4e-828c-f45452785fd8
2022-12-02 11:12:21,978 [EndpointStateMachine task thread for /0.0.0.0:33039 - 0 ] INFO  ozoneimpl.OzoneContainer (OzoneContainer.java:start(395)) - Attempting to start container services.
2022-12-02 11:12:21,979 [EndpointStateMachine task thread for /0.0.0.0:33039 - 0 ] INFO  ozoneimpl.OzoneContainer (OzoneContainer.java:startContainerScrub(312)) - Scheduled background container scanners and the on-demand container scanner have been disabled.
2022-12-02 11:12:21,981 [EndpointStateMachine task thread for /0.0.0.0:33039 - 0 ] INFO  replication.ReplicationServer (ReplicationServer.java:start(111)) - ReplicationServer is started using port 34309
2022-12-02 11:12:21,982 [EndpointStateMachine task thread for /0.0.0.0:33039 - 0 ] INFO  ratis.XceiverServerRatis (XceiverServerRatis.java:start(481)) - Starting XceiverServerRatis 3e07bada-20ca-43dd-a36a-6fd4f7654e72
2022-12-02 11:12:21,986 [EndpointStateMachine task thread for /0.0.0.0:33039 - 0 ] INFO  server.RaftServer (RaftServerProxy.java:startImpl(393)) - 3e07bada-20ca-43dd-a36a-6fd4f7654e72: start RPC server
2022-12-02 11:12:21,988 [EndpointStateMachine task thread for /0.0.0.0:33039 - 0 ] INFO  server.GrpcService (GrpcService.java:startImpl(270)) - 3e07bada-20ca-43dd-a36a-6fd4f7654e72: GrpcService started, listening on 34107
2022-12-02 11:12:21,989 [EndpointStateMachine task thread for /0.0.0.0:33039 - 0 ] INFO  ratis.XceiverServerRatis (XceiverServerRatis.java:getRealPort(502)) - XceiverServerRatis 3e07bada-20ca-43dd-a36a-6fd4f7654e72 is started using port 34107 for RATIS
2022-12-02 11:12:21,989 [EndpointStateMachine task thread for /0.0.0.0:33039 - 0 ] INFO  ratis.XceiverServerRatis (XceiverServerRatis.java:getRealPort(502)) - XceiverServerRatis 3e07bada-20ca-43dd-a36a-6fd4f7654e72 is started using port 34107 for RATIS_ADMIN
2022-12-02 11:12:21,989 [JvmPauseMonitor3] INFO  util.JvmPauseMonitor (JvmPauseMonitor.java:run(105)) - JvmPauseMonitor-3e07bada-20ca-43dd-a36a-6fd4f7654e72: Started
2022-12-02 11:12:21,989 [EndpointStateMachine task thread for /0.0.0.0:33039 - 0 ] INFO  ratis.XceiverServerRatis (XceiverServerRatis.java:getRealPort(502)) - XceiverServerRatis 3e07bada-20ca-43dd-a36a-6fd4f7654e72 is started using port 34107 for RATIS_SERVER
2022-12-02 11:12:21,998 [EndpointStateMachine task thread for /0.0.0.0:33039 - 0 ] INFO  server.XceiverServerGrpc (XceiverServerGrpc.java:start(180)) - XceiverServerGrpc 3e07bada-20ca-43dd-a36a-6fd4f7654e72 is started using port 43141
2022-12-02 11:12:22,476 [EndpointStateMachine task thread for /0.0.0.0:33039 - 0 ] INFO  utils.DatanodeStoreCache (DatanodeStoreCache.java:addDB(58)) - Added db /home/runner/work/ozone/ozone/hadoop-ozone/integration-test/target/test-dir/MiniOzoneClusterImpl-89ec7bf9-65dc-45db-bd6d-bd896179de2e/datanode-3/data-0/containers/hdds/89ec7bf9-65dc-45db-bd6d-bd896179de2e/DS-1f014b41-1c49-427b-817c-a6443b9b583f/container.db to cache
2022-12-02 11:12:22,476 [EndpointStateMachine task thread for /0.0.0.0:33039 - 0 ] INFO  volume.HddsVolume (HddsVolume.java:createDbStore(307)) - SchemaV3 db is created and loaded at /home/runner/work/ozone/ozone/hadoop-ozone/integration-test/target/test-dir/MiniOzoneClusterImpl-89ec7bf9-65dc-45db-bd6d-bd896179de2e/datanode-3/data-0/containers/hdds/89ec7bf9-65dc-45db-bd6d-bd896179de2e/DS-1f014b41-1c49-427b-817c-a6443b9b583f/container.db for volume DS-1f014b41-1c49-427b-817c-a6443b9b583f
2022-12-02 11:12:22,477 [EndpointStateMachine task thread for /0.0.0.0:33039 - 0 ] INFO  ozoneimpl.OzoneContainer (OzoneContainer.java:start(395)) - Attempting to start container services.
2022-12-02 11:12:22,477 [EndpointStateMachine task thread for /0.0.0.0:33039 - 0 ] INFO  ozoneimpl.OzoneContainer (OzoneContainer.java:startContainerScrub(312)) - Scheduled background container scanners and the on-demand container scanner have been disabled.
2022-12-02 11:12:22,482 [EndpointStateMachine task thread for /0.0.0.0:33039 - 0 ] INFO  replication.ReplicationServer (ReplicationServer.java:start(111)) - ReplicationServer is started using port 45647
2022-12-02 11:12:22,483 [EndpointStateMachine task thread for /0.0.0.0:33039 - 0 ] INFO  ratis.XceiverServerRatis (XceiverServerRatis.java:start(481)) - Starting XceiverServerRatis 0f1be7e8-a3b4-460a-8434-ebd9767358ca
2022-12-02 11:12:22,486 [EndpointStateMachine task thread for /0.0.0.0:33039 - 0 ] INFO  server.RaftServer (RaftServerProxy.java:startImpl(393)) - 0f1be7e8-a3b4-460a-8434-ebd9767358ca: start RPC server
2022-12-02 11:12:22,489 [EndpointStateMachine task thread for /0.0.0.0:33039 - 0 ] INFO  server.GrpcService (GrpcService.java:startImpl(270)) - 0f1be7e8-a3b4-460a-8434-ebd9767358ca: GrpcService started, listening on 37191
2022-12-02 11:12:22,489 [EndpointStateMachine task thread for /0.0.0.0:33039 - 0 ] INFO  ratis.XceiverServerRatis (XceiverServerRatis.java:getRealPort(502)) - XceiverServerRatis 0f1be7e8-a3b4-460a-8434-ebd9767358ca is started using port 37191 for RATIS
2022-12-02 11:12:22,490 [EndpointStateMachine task thread for /0.0.0.0:33039 - 0 ] INFO  ratis.XceiverServerRatis (XceiverServerRatis.java:getRealPort(502)) - XceiverServerRatis 0f1be7e8-a3b4-460a-8434-ebd9767358ca is started using port 37191 for RATIS_ADMIN
2022-12-02 11:12:22,490 [EndpointStateMachine task thread for /0.0.0.0:33039 - 0 ] INFO  ratis.XceiverServerRatis (XceiverServerRatis.java:getRealPort(502)) - XceiverServerRatis 0f1be7e8-a3b4-460a-8434-ebd9767358ca is started using port 37191 for RATIS_SERVER
2022-12-02 11:12:22,489 [JvmPauseMonitor4] INFO  util.JvmPauseMonitor (JvmPauseMonitor.java:run(105)) - JvmPauseMonitor-0f1be7e8-a3b4-460a-8434-ebd9767358ca: Started
2022-12-02 11:12:22,493 [EndpointStateMachine task thread for /0.0.0.0:33039 - 0 ] INFO  server.XceiverServerGrpc (XceiverServerGrpc.java:start(180)) - XceiverServerGrpc 0f1be7e8-a3b4-460a-8434-ebd9767358ca is started using port 34631
2022-12-02 11:12:22,499 [Listener at 127.0.0.1/39085] INFO  ozone.MiniOzoneClusterImpl (MiniOzoneClusterImpl.java:lambda$waitForClusterToBeReady$0(216)) - Waiting for nodes to be ready. Got 0 of 6 DN Heartbeats.
2022-12-02 11:12:22,499 [Listener at 127.0.0.1/39085] INFO  ozone.MiniOzoneClusterImpl (MiniOzoneClusterImpl.java:lambda$waitForClusterToBeReady$0(219)) - Waiting for cluster to exit safe mode
2022-12-02 11:12:22,499 [Listener at 127.0.0.1/39085] INFO  ozone.MiniOzoneClusterImpl (MiniOzoneClusterImpl.java:lambda$waitForClusterToBeReady$0(221)) - SCM became leader
2022-12-02 11:12:22,754 [IPC Server handler 3 on default port 33039] INFO  net.NetworkTopologyImpl (NetworkTopologyImpl.java:add(112)) - Added a new node: /default-rack/64d479e5-fe0e-4358-9b9b-67f62582a254
2022-12-02 11:12:22,757 [IPC Server handler 3 on default port 33039] INFO  node.SCMNodeManager (SCMNodeManager.java:register(397)) - Registered Data node : 64d479e5-fe0e-4358-9b9b-67f62582a254{ip: 10.1.0.7, host: fv-az205-634.k2gd1z4tyxsu3cbgyjsjq30zwf.jx.internal.cloudapp.net, ports: [REPLICATION=40075, RATIS=43823, RATIS_ADMIN=43823, RATIS_SERVER=43823, STANDALONE=41557], networkLocation: /default-rack, certSerialId: null, persistedOpState: null, persistedOpStateExpiryEpochSec: 0}
2022-12-02 11:12:22,762 [EventQueue-NodeRegistrationContainerReportForDataNodeSafeModeRule] INFO  safemode.SCMSafeModeManager (DataNodeSafeModeRule.java:process(71)) - SCM in safe mode. 1 DataNodes registered, 3 required.
2022-12-02 11:12:22,763 [EventQueue-NodeRegistrationContainerReportForContainerSafeModeRule] INFO  safemode.SCMSafeModeManager (SCMSafeModeManager.java:validateSafeModeExitRules(200)) - ContainerSafeModeRule rule is successfully validated
2022-12-02 11:12:22,766 [EventQueue-PipelineReportForOneReplicaPipelineSafeModeRule] INFO  safemode.SCMSafeModeManager (SCMSafeModeManager.java:validateSafeModeExitRules(200)) - AtleastOneDatanodeReportedRule rule is successfully validated
2022-12-02 11:12:22,772 [EventQueue-NewNodeForNewNodeHandler] INFO  pipeline.BackgroundPipelineCreator (BackgroundPipelineCreator.java:notifyEventTriggered(276)) - trigger a one-shot run on RatisPipelineUtilsThread.
2022-12-02 11:12:22,783 [RatisPipelineUtilsThread - 0] INFO  pipeline.RatisPipelineProvider (RatisPipelineProvider.java:lambda$create$0(195)) - Sending CreatePipelineCommand for pipeline:PipelineID=e9087264-30a5-409c-afdb-b4a6cdcee827 to datanode:64d479e5-fe0e-4358-9b9b-67f62582a254
2022-12-02 11:12:22,799 [RatisPipelineUtilsThread - 0] INFO  pipeline.PipelineStateManagerImpl (PipelineStateManagerImpl.java:addPipeline(103)) - Created pipeline Pipeline[ Id: e9087264-30a5-409c-afdb-b4a6cdcee827, Nodes: 64d479e5-fe0e-4358-9b9b-67f62582a254{ip: 10.1.0.7, host: fv-az205-634.k2gd1z4tyxsu3cbgyjsjq30zwf.jx.internal.cloudapp.net, ports: [REPLICATION=40075, RATIS=43823, RATIS_ADMIN=43823, RATIS_SERVER=43823, STANDALONE=41557], networkLocation: /default-rack, certSerialId: null, persistedOpState: IN_SERVICE, persistedOpStateExpiryEpochSec: 0}, ReplicationConfig: RATIS/ONE, State:ALLOCATED, leaderId:, CreationTimestamp2022-12-02T11:12:22.781Z[Etc/UTC]].
2022-12-02 11:12:23,106 [EndpointStateMachine task thread for /0.0.0.0:33039 - 0 ] INFO  utils.DatanodeStoreCache (DatanodeStoreCache.java:addDB(58)) - Added db /home/runner/work/ozone/ozone/hadoop-ozone/integration-test/target/test-dir/MiniOzoneClusterImpl-89ec7bf9-65dc-45db-bd6d-bd896179de2e/datanode-4/data-0/containers/hdds/89ec7bf9-65dc-45db-bd6d-bd896179de2e/DS-b8c76f5a-f92e-42e0-b102-2309e79800e7/container.db to cache
2022-12-02 11:12:23,107 [EndpointStateMachine task thread for /0.0.0.0:33039 - 0 ] INFO  volume.HddsVolume (HddsVolume.java:createDbStore(307)) - SchemaV3 db is created and loaded at /home/runner/work/ozone/ozone/hadoop-ozone/integration-test/target/test-dir/MiniOzoneClusterImpl-89ec7bf9-65dc-45db-bd6d-bd896179de2e/datanode-4/data-0/containers/hdds/89ec7bf9-65dc-45db-bd6d-bd896179de2e/DS-b8c76f5a-f92e-42e0-b102-2309e79800e7/container.db for volume DS-b8c76f5a-f92e-42e0-b102-2309e79800e7
2022-12-02 11:12:23,107 [EndpointStateMachine task thread for /0.0.0.0:33039 - 0 ] INFO  ozoneimpl.OzoneContainer (OzoneContainer.java:start(395)) - Attempting to start container services.
2022-12-02 11:12:23,107 [EndpointStateMachine task thread for /0.0.0.0:33039 - 0 ] INFO  ozoneimpl.OzoneContainer (OzoneContainer.java:startContainerScrub(312)) - Scheduled background container scanners and the on-demand container scanner have been disabled.
2022-12-02 11:12:23,111 [EndpointStateMachine task thread for /0.0.0.0:33039 - 0 ] INFO  replication.ReplicationServer (ReplicationServer.java:start(111)) - ReplicationServer is started using port 46417
2022-12-02 11:12:23,112 [EndpointStateMachine task thread for /0.0.0.0:33039 - 0 ] INFO  ratis.XceiverServerRatis (XceiverServerRatis.java:start(481)) - Starting XceiverServerRatis b564bb99-cd76-4902-8e37-bc5f128935f0
2022-12-02 11:12:23,113 [EndpointStateMachine task thread for /0.0.0.0:33039 - 0 ] INFO  server.RaftServer (RaftServerProxy.java:startImpl(393)) - b564bb99-cd76-4902-8e37-bc5f128935f0: start RPC server
2022-12-02 11:12:23,115 [EndpointStateMachine task thread for /0.0.0.0:33039 - 0 ] INFO  server.GrpcService (GrpcService.java:startImpl(270)) - b564bb99-cd76-4902-8e37-bc5f128935f0: GrpcService started, listening on 39915
2022-12-02 11:12:23,116 [EndpointStateMachine task thread for /0.0.0.0:33039 - 0 ] INFO  ratis.XceiverServerRatis (XceiverServerRatis.java:getRealPort(502)) - XceiverServerRatis b564bb99-cd76-4902-8e37-bc5f128935f0 is started using port 39915 for RATIS
2022-12-02 11:12:23,116 [EndpointStateMachine task thread for /0.0.0.0:33039 - 0 ] INFO  ratis.XceiverServerRatis (XceiverServerRatis.java:getRealPort(502)) - XceiverServerRatis b564bb99-cd76-4902-8e37-bc5f128935f0 is started using port 39915 for RATIS_ADMIN
2022-12-02 11:12:23,116 [EndpointStateMachine task thread for /0.0.0.0:33039 - 0 ] INFO  ratis.XceiverServerRatis (XceiverServerRatis.java:getRealPort(502)) - XceiverServerRatis b564bb99-cd76-4902-8e37-bc5f128935f0 is started using port 39915 for RATIS_SERVER
2022-12-02 11:12:23,116 [JvmPauseMonitor5] INFO  util.JvmPauseMonitor (JvmPauseMonitor.java:run(105)) - JvmPauseMonitor-b564bb99-cd76-4902-8e37-bc5f128935f0: Started
2022-12-02 11:12:23,127 [EndpointStateMachine task thread for /0.0.0.0:33039 - 0 ] INFO  server.XceiverServerGrpc (XceiverServerGrpc.java:start(180)) - XceiverServerGrpc b564bb99-cd76-4902-8e37-bc5f128935f0 is started using port 36599
2022-12-02 11:12:23,449 [IPC Server handler 3 on default port 33039] INFO  net.NetworkTopologyImpl (NetworkTopologyImpl.java:add(112)) - Added a new node: /default-rack/3706267d-b1e5-497c-b8ee-f9aaec0fcf2c
2022-12-02 11:12:23,450 [IPC Server handler 3 on default port 33039] INFO  node.SCMNodeManager (SCMNodeManager.java:register(397)) - Registered Data node : 3706267d-b1e5-497c-b8ee-f9aaec0fcf2c{ip: 10.1.0.7, host: fv-az205-634.k2gd1z4tyxsu3cbgyjsjq30zwf.jx.internal.cloudapp.net, ports: [REPLICATION=33611, RATIS=40063, RATIS_ADMIN=40063, RATIS_SERVER=40063, STANDALONE=37711], networkLocation: /default-rack, certSerialId: null, persistedOpState: null, persistedOpStateExpiryEpochSec: 0}
2022-12-02 11:12:23,450 [EventQueue-NewNodeForNewNodeHandler] INFO  pipeline.BackgroundPipelineCreator (BackgroundPipelineCreator.java:notifyEventTriggered(276)) - trigger a one-shot run on RatisPipelineUtilsThread.
2022-12-02 11:12:23,452 [EventQueue-NodeRegistrationContainerReportForDataNodeSafeModeRule] INFO  safemode.SCMSafeModeManager (DataNodeSafeModeRule.java:process(71)) - SCM in safe mode. 2 DataNodes registered, 3 required.
2022-12-02 11:12:23,453 [RatisPipelineUtilsThread - 0] INFO  pipeline.RatisPipelineProvider (RatisPipelineProvider.java:lambda$create$0(195)) - Sending CreatePipelineCommand for pipeline:PipelineID=777bcded-d53a-4d35-b446-6891d1eacfe1 to datanode:3706267d-b1e5-497c-b8ee-f9aaec0fcf2c
2022-12-02 11:12:23,454 [RatisPipelineUtilsThread - 0] INFO  pipeline.PipelineStateManagerImpl (PipelineStateManagerImpl.java:addPipeline(103)) - Created pipeline Pipeline[ Id: 777bcded-d53a-4d35-b446-6891d1eacfe1, Nodes: 3706267d-b1e5-497c-b8ee-f9aaec0fcf2c{ip: 10.1.0.7, host: fv-az205-634.k2gd1z4tyxsu3cbgyjsjq30zwf.jx.internal.cloudapp.net, ports: [REPLICATION=33611, RATIS=40063, RATIS_ADMIN=40063, RATIS_SERVER=40063, STANDALONE=37711], networkLocation: /default-rack, certSerialId: null, persistedOpState: IN_SERVICE, persistedOpStateExpiryEpochSec: 0}, ReplicationConfig: RATIS/ONE, State:ALLOCATED, leaderId:, CreationTimestamp2022-12-02T11:12:23.453Z[Etc/UTC]].
2022-12-02 11:12:23,500 [Listener at 127.0.0.1/39085] INFO  ozone.MiniOzoneClusterImpl (MiniOzoneClusterImpl.java:lambda$waitForClusterToBeReady$0(216)) - Waiting for nodes to be ready. Got 2 of 6 DN Heartbeats.
2022-12-02 11:12:23,500 [Listener at 127.0.0.1/39085] INFO  ozone.MiniOzoneClusterImpl (MiniOzoneClusterImpl.java:lambda$waitForClusterToBeReady$0(219)) - Waiting for cluster to exit safe mode
2022-12-02 11:12:23,500 [Listener at 127.0.0.1/39085] INFO  ozone.MiniOzoneClusterImpl (MiniOzoneClusterImpl.java:lambda$waitForClusterToBeReady$0(221)) - SCM became leader
2022-12-02 11:12:23,555 [EndpointStateMachine task thread for /0.0.0.0:33039 - 0 ] INFO  utils.DatanodeStoreCache (DatanodeStoreCache.java:addDB(58)) - Added db /home/runner/work/ozone/ozone/hadoop-ozone/integration-test/target/test-dir/MiniOzoneClusterImpl-89ec7bf9-65dc-45db-bd6d-bd896179de2e/datanode-5/data-0/containers/hdds/89ec7bf9-65dc-45db-bd6d-bd896179de2e/DS-a566d2a4-5bf8-489b-86c2-b4039a0fdfe7/container.db to cache
2022-12-02 11:12:23,557 [EndpointStateMachine task thread for /0.0.0.0:33039 - 0 ] INFO  volume.HddsVolume (HddsVolume.java:createDbStore(307)) - SchemaV3 db is created and loaded at /home/runner/work/ozone/ozone/hadoop-ozone/integration-test/target/test-dir/MiniOzoneClusterImpl-89ec7bf9-65dc-45db-bd6d-bd896179de2e/datanode-5/data-0/containers/hdds/89ec7bf9-65dc-45db-bd6d-bd896179de2e/DS-a566d2a4-5bf8-489b-86c2-b4039a0fdfe7/container.db for volume DS-a566d2a4-5bf8-489b-86c2-b4039a0fdfe7
2022-12-02 11:12:23,557 [EndpointStateMachine task thread for /0.0.0.0:33039 - 0 ] INFO  ozoneimpl.OzoneContainer (OzoneContainer.java:start(395)) - Attempting to start container services.
2022-12-02 11:12:23,557 [EndpointStateMachine task thread for /0.0.0.0:33039 - 0 ] INFO  ozoneimpl.OzoneContainer (OzoneContainer.java:startContainerScrub(312)) - Scheduled background container scanners and the on-demand container scanner have been disabled.
2022-12-02 11:12:23,559 [EndpointStateMachine task thread for /0.0.0.0:33039 - 0 ] INFO  replication.ReplicationServer (ReplicationServer.java:start(111)) - ReplicationServer is started using port 38697
2022-12-02 11:12:23,560 [EndpointStateMachine task thread for /0.0.0.0:33039 - 0 ] INFO  ratis.XceiverServerRatis (XceiverServerRatis.java:start(481)) - Starting XceiverServerRatis e3d3c1c6-e4ea-41ff-8088-7f0be060b7c0
2022-12-02 11:12:23,561 [EndpointStateMachine task thread for /0.0.0.0:33039 - 0 ] INFO  server.RaftServer (RaftServerProxy.java:startImpl(393)) - e3d3c1c6-e4ea-41ff-8088-7f0be060b7c0: start RPC server
2022-12-02 11:12:23,564 [EndpointStateMachine task thread for /0.0.0.0:33039 - 0 ] INFO  server.GrpcService (GrpcService.java:startImpl(270)) - e3d3c1c6-e4ea-41ff-8088-7f0be060b7c0: GrpcService started, listening on 41167
2022-12-02 11:12:23,564 [EndpointStateMachine task thread for /0.0.0.0:33039 - 0 ] INFO  ratis.XceiverServerRatis (XceiverServerRatis.java:getRealPort(502)) - XceiverServerRatis e3d3c1c6-e4ea-41ff-8088-7f0be060b7c0 is started using port 41167 for RATIS
2022-12-02 11:12:23,565 [JvmPauseMonitor6] INFO  util.JvmPauseMonitor (JvmPauseMonitor.java:run(105)) - JvmPauseMonitor-e3d3c1c6-e4ea-41ff-8088-7f0be060b7c0: Started
2022-12-02 11:12:23,565 [EndpointStateMachine task thread for /0.0.0.0:33039 - 0 ] INFO  ratis.XceiverServerRatis (XceiverServerRatis.java:getRealPort(502)) - XceiverServerRatis e3d3c1c6-e4ea-41ff-8088-7f0be060b7c0 is started using port 41167 for RATIS_ADMIN
2022-12-02 11:12:23,565 [EndpointStateMachine task thread for /0.0.0.0:33039 - 0 ] INFO  ratis.XceiverServerRatis (XceiverServerRatis.java:getRealPort(502)) - XceiverServerRatis e3d3c1c6-e4ea-41ff-8088-7f0be060b7c0 is started using port 41167 for RATIS_SERVER
2022-12-02 11:12:23,567 [EndpointStateMachine task thread for /0.0.0.0:33039 - 0 ] INFO  server.XceiverServerGrpc (XceiverServerGrpc.java:start(180)) - XceiverServerGrpc e3d3c1c6-e4ea-41ff-8088-7f0be060b7c0 is started using port 44387
2022-12-02 11:12:23,931 [IPC Server handler 4 on default port 33039] INFO  net.NetworkTopologyImpl (NetworkTopologyImpl.java:add(112)) - Added a new node: /default-rack/3e07bada-20ca-43dd-a36a-6fd4f7654e72
2022-12-02 11:12:23,931 [IPC Server handler 4 on default port 33039] INFO  node.SCMNodeManager (SCMNodeManager.java:register(397)) - Registered Data node : 3e07bada-20ca-43dd-a36a-6fd4f7654e72{ip: 10.1.0.7, host: fv-az205-634.k2gd1z4tyxsu3cbgyjsjq30zwf.jx.internal.cloudapp.net, ports: [REPLICATION=34309, RATIS=34107, RATIS_ADMIN=34107, RATIS_SERVER=34107, STANDALONE=43141], networkLocation: /default-rack, certSerialId: null, persistedOpState: null, persistedOpStateExpiryEpochSec: 0}
2022-12-02 11:12:23,932 [EventQueue-NewNodeForNewNodeHandler] INFO  pipeline.BackgroundPipelineCreator (BackgroundPipelineCreator.java:notifyEventTriggered(276)) - trigger a one-shot run on RatisPipelineUtilsThread.
2022-12-02 11:12:23,932 [EventQueue-NodeRegistrationContainerReportForDataNodeSafeModeRule] INFO  safemode.SCMSafeModeManager (DataNodeSafeModeRule.java:process(71)) - SCM in safe mode. 3 DataNodes registered, 3 required.
2022-12-02 11:12:23,932 [EventQueue-NodeRegistrationContainerReportForDataNodeSafeModeRule] INFO  safemode.SCMSafeModeManager (SCMSafeModeManager.java:validateSafeModeExitRules(200)) - DataNodeSafeModeRule rule is successfully validated
2022-12-02 11:12:23,932 [EventQueue-NodeRegistrationContainerReportForDataNodeSafeModeRule] INFO  safemode.SCMSafeModeManager (SCMSafeModeManager.java:completePreCheck(229)) - All SCM safe mode pre check rules have passed
2022-12-02 11:12:23,932 [EventQueue-NodeRegistrationContainerReportForDataNodeSafeModeRule] INFO  ha.SCMContext (SCMContext.java:updateSafeModeStatus(228)) - Update SafeModeStatus from SafeModeStatus{safeModeStatus=true, preCheckPassed=false} to SafeModeStatus{safeModeStatus=true, preCheckPassed=true}.
2022-12-02 11:12:23,932 [EventQueue-NodeRegistrationContainerReportForDataNodeSafeModeRule] INFO  pipeline.BackgroundPipelineCreator (BackgroundPipelineCreator.java:notifyEventTriggered(276)) - trigger a one-shot run on RatisPipelineUtilsThread.
2022-12-02 11:12:23,933 [RatisPipelineUtilsThread - 0] INFO  pipeline.RatisPipelineProvider (RatisPipelineProvider.java:lambda$create$0(195)) - Sending CreatePipelineCommand for pipeline:PipelineID=ecf2a401-02d1-44dc-a0dd-7403bef566e9 to datanode:3e07bada-20ca-43dd-a36a-6fd4f7654e72
2022-12-02 11:12:23,934 [RatisPipelineUtilsThread - 0] INFO  pipeline.PipelineStateManagerImpl (PipelineStateManagerImpl.java:addPipeline(103)) - Created pipeline Pipeline[ Id: ecf2a401-02d1-44dc-a0dd-7403bef566e9, Nodes: 3e07bada-20ca-43dd-a36a-6fd4f7654e72{ip: 10.1.0.7, host: fv-az205-634.k2gd1z4tyxsu3cbgyjsjq30zwf.jx.internal.cloudapp.net, ports: [REPLICATION=34309, RATIS=34107, RATIS_ADMIN=34107, RATIS_SERVER=34107, STANDALONE=43141], networkLocation: /default-rack, certSerialId: null, persistedOpState: IN_SERVICE, persistedOpStateExpiryEpochSec: 0}, ReplicationConfig: RATIS/ONE, State:ALLOCATED, leaderId:, CreationTimestamp2022-12-02T11:12:23.933Z[Etc/UTC]].
2022-12-02 11:12:23,939 [RatisPipelineUtilsThread - 0] INFO  pipeline.RatisPipelineProvider (RatisPipelineProvider.java:lambda$create$0(195)) - Sending CreatePipelineCommand for pipeline:PipelineID=5fc3ad94-7ee4-4df5-bacf-9ef4914689b9 to datanode:64d479e5-fe0e-4358-9b9b-67f62582a254
2022-12-02 11:12:23,939 [RatisPipelineUtilsThread - 0] INFO  pipeline.RatisPipelineProvider (RatisPipelineProvider.java:lambda$create$0(195)) - Sending CreatePipelineCommand for pipeline:PipelineID=5fc3ad94-7ee4-4df5-bacf-9ef4914689b9 to datanode:3e07bada-20ca-43dd-a36a-6fd4f7654e72
2022-12-02 11:12:23,939 [RatisPipelineUtilsThread - 0] INFO  pipeline.RatisPipelineProvider (RatisPipelineProvider.java:lambda$create$0(195)) - Sending CreatePipelineCommand for pipeline:PipelineID=5fc3ad94-7ee4-4df5-bacf-9ef4914689b9 to datanode:3706267d-b1e5-497c-b8ee-f9aaec0fcf2c
2022-12-02 11:12:23,942 [RatisPipelineUtilsThread - 0] INFO  pipeline.PipelineStateManagerImpl (PipelineStateManagerImpl.java:addPipeline(103)) - Created pipeline Pipeline[ Id: 5fc3ad94-7ee4-4df5-bacf-9ef4914689b9, Nodes: 64d479e5-fe0e-4358-9b9b-67f62582a254{ip: 10.1.0.7, host: fv-az205-634.k2gd1z4tyxsu3cbgyjsjq30zwf.jx.internal.cloudapp.net, ports: [REPLICATION=40075, RATIS=43823, RATIS_ADMIN=43823, RATIS_SERVER=43823, STANDALONE=41557], networkLocation: /default-rack, certSerialId: null, persistedOpState: IN_SERVICE, persistedOpStateExpiryEpochSec: 0}3e07bada-20ca-43dd-a36a-6fd4f7654e72{ip: 10.1.0.7, host: fv-az205-634.k2gd1z4tyxsu3cbgyjsjq30zwf.jx.internal.cloudapp.net, ports: [REPLICATION=34309, RATIS=34107, RATIS_ADMIN=34107, RATIS_SERVER=34107, STANDALONE=43141], networkLocation: /default-rack, certSerialId: null, persistedOpState: IN_SERVICE, persistedOpStateExpiryEpochSec: 0}3706267d-b1e5-497c-b8ee-f9aaec0fcf2c{ip: 10.1.0.7, host: fv-az205-634.k2gd1z4tyxsu3cbgyjsjq30zwf.jx.internal.cloudapp.net, ports: [REPLICATION=33611, RATIS=40063, RATIS_ADMIN=40063, RATIS_SERVER=40063, STANDALONE=37711], networkLocation: /default-rack, certSerialId: null, persistedOpState: IN_SERVICE, persistedOpStateExpiryEpochSec: 0}, ReplicationConfig: RATIS/THREE, State:ALLOCATED, leaderId:, CreationTimestamp2022-12-02T11:12:23.939Z[Etc/UTC]].
2022-12-02 11:12:23,945 [RatisPipelineUtilsThread - 0] INFO  pipeline.RatisPipelineProvider (RatisPipelineProvider.java:lambda$create$0(195)) - Sending CreatePipelineCommand for pipeline:PipelineID=4fea4174-328a-4927-a02f-526a283f80c5 to datanode:64d479e5-fe0e-4358-9b9b-67f62582a254
2022-12-02 11:12:23,945 [RatisPipelineUtilsThread - 0] INFO  pipeline.RatisPipelineProvider (RatisPipelineProvider.java:lambda$create$0(195)) - Sending CreatePipelineCommand for pipeline:PipelineID=4fea4174-328a-4927-a02f-526a283f80c5 to datanode:3706267d-b1e5-497c-b8ee-f9aaec0fcf2c
2022-12-02 11:12:23,945 [RatisPipelineUtilsThread - 0] INFO  pipeline.RatisPipelineProvider (RatisPipelineProvider.java:lambda$create$0(195)) - Sending CreatePipelineCommand for pipeline:PipelineID=4fea4174-328a-4927-a02f-526a283f80c5 to datanode:3e07bada-20ca-43dd-a36a-6fd4f7654e72
2022-12-02 11:12:23,948 [RatisPipelineUtilsThread - 0] INFO  pipeline.PipelineStateManagerImpl (PipelineStateManagerImpl.java:addPipeline(103)) - Created pipeline Pipeline[ Id: 4fea4174-328a-4927-a02f-526a283f80c5, Nodes: 64d479e5-fe0e-4358-9b9b-67f62582a254{ip: 10.1.0.7, host: fv-az205-634.k2gd1z4tyxsu3cbgyjsjq30zwf.jx.internal.cloudapp.net, ports: [REPLICATION=40075, RATIS=43823, RATIS_ADMIN=43823, RATIS_SERVER=43823, STANDALONE=41557], networkLocation: /default-rack, certSerialId: null, persistedOpState: IN_SERVICE, persistedOpStateExpiryEpochSec: 0}3706267d-b1e5-497c-b8ee-f9aaec0fcf2c{ip: 10.1.0.7, host: fv-az205-634.k2gd1z4tyxsu3cbgyjsjq30zwf.jx.internal.cloudapp.net, ports: [REPLICATION=33611, RATIS=40063, RATIS_ADMIN=40063, RATIS_SERVER=40063, STANDALONE=37711], networkLocation: /default-rack, certSerialId: null, persistedOpState: IN_SERVICE, persistedOpStateExpiryEpochSec: 0}3e07bada-20ca-43dd-a36a-6fd4f7654e72{ip: 10.1.0.7, host: fv-az205-634.k2gd1z4tyxsu3cbgyjsjq30zwf.jx.internal.cloudapp.net, ports: [REPLICATION=34309, RATIS=34107, RATIS_ADMIN=34107, RATIS_SERVER=34107, STANDALONE=43141], networkLocation: /default-rack, certSerialId: null, persistedOpState: IN_SERVICE, persistedOpStateExpiryEpochSec: 0}, ReplicationConfig: RATIS/THREE, State:ALLOCATED, leaderId:, CreationTimestamp2022-12-02T11:12:23.945Z[Etc/UTC]].
2022-12-02 11:12:23,948 [RatisPipelineUtilsThread - 0] INFO  pipeline.PipelineManagerImpl (PipelineManagerImpl.java:recordMetricsForPipeline(826)) - Pipeline: PipelineID=4fea4174-328a-4927-a02f-526a283f80c5 contains same datanodes as previous pipelines: PipelineID=5fc3ad94-7ee4-4df5-bacf-9ef4914689b9 nodeIds: 64d479e5-fe0e-4358-9b9b-67f62582a254, 3706267d-b1e5-497c-b8ee-f9aaec0fcf2c, 3e07bada-20ca-43dd-a36a-6fd4f7654e72
2022-12-02 11:12:24,433 [IPC Server handler 3 on default port 33039] INFO  net.NetworkTopologyImpl (NetworkTopologyImpl.java:add(112)) - Added a new node: /default-rack/0f1be7e8-a3b4-460a-8434-ebd9767358ca
2022-12-02 11:12:24,434 [IPC Server handler 3 on default port 33039] INFO  node.SCMNodeManager (SCMNodeManager.java:register(397)) - Registered Data node : 0f1be7e8-a3b4-460a-8434-ebd9767358ca{ip: 10.1.0.7, host: fv-az205-634.k2gd1z4tyxsu3cbgyjsjq30zwf.jx.internal.cloudapp.net, ports: [REPLICATION=45647, RATIS=37191, RATIS_ADMIN=37191, RATIS_SERVER=37191, STANDALONE=34631], networkLocation: /default-rack, certSerialId: null, persistedOpState: null, persistedOpStateExpiryEpochSec: 0}
2022-12-02 11:12:24,434 [EventQueue-NewNodeForNewNodeHandler] INFO  pipeline.BackgroundPipelineCreator (BackgroundPipelineCreator.java:notifyEventTriggered(276)) - trigger a one-shot run on RatisPipelineUtilsThread.
2022-12-02 11:12:24,435 [RatisPipelineUtilsThread - 0] INFO  pipeline.RatisPipelineProvider (RatisPipelineProvider.java:lambda$create$0(195)) - Sending CreatePipelineCommand for pipeline:PipelineID=5c3d6a31-d6fb-44e7-9718-925d38f959d7 to datanode:0f1be7e8-a3b4-460a-8434-ebd9767358ca
2022-12-02 11:12:24,436 [RatisPipelineUtilsThread - 0] INFO  pipeline.PipelineStateManagerImpl (PipelineStateManagerImpl.java:addPipeline(103)) - Created pipeline Pipeline[ Id: 5c3d6a31-d6fb-44e7-9718-925d38f959d7, Nodes: 0f1be7e8-a3b4-460a-8434-ebd9767358ca{ip: 10.1.0.7, host: fv-az205-634.k2gd1z4tyxsu3cbgyjsjq30zwf.jx.internal.cloudapp.net, ports: [REPLICATION=45647, RATIS=37191, RATIS_ADMIN=37191, RATIS_SERVER=37191, STANDALONE=34631], networkLocation: /default-rack, certSerialId: null, persistedOpState: IN_SERVICE, persistedOpStateExpiryEpochSec: 0}, ReplicationConfig: RATIS/ONE, State:ALLOCATED, leaderId:, CreationTimestamp2022-12-02T11:12:24.435Z[Etc/UTC]].
2022-12-02 11:12:24,501 [Listener at 127.0.0.1/39085] INFO  ozone.MiniOzoneClusterImpl (MiniOzoneClusterImpl.java:lambda$waitForClusterToBeReady$0(216)) - Waiting for nodes to be ready. Got 4 of 6 DN Heartbeats.
2022-12-02 11:12:24,501 [Listener at 127.0.0.1/39085] INFO  ozone.MiniOzoneClusterImpl (MiniOzoneClusterImpl.java:lambda$waitForClusterToBeReady$0(219)) - Waiting for cluster to exit safe mode
2022-12-02 11:12:24,501 [Listener at 127.0.0.1/39085] INFO  ozone.MiniOzoneClusterImpl (MiniOzoneClusterImpl.java:lambda$waitForClusterToBeReady$0(221)) - SCM became leader
2022-12-02 11:12:24,699 [EventQueue-CommandQueueReportForCommandQueueReportHandler] WARN  events.EventQueue (EventQueue.java:fireEvent(216)) - No event handler registered for event TypedEvent{payloadType=DatanodeDetails, name='Datanode_Command_Queue_Updated'}
2022-12-02 11:12:25,041 [IPC Server handler 0 on default port 33039] INFO  net.NetworkTopologyImpl (NetworkTopologyImpl.java:add(112)) - Added a new node: /default-rack/b564bb99-cd76-4902-8e37-bc5f128935f0
2022-12-02 11:12:25,042 [IPC Server handler 0 on default port 33039] INFO  node.SCMNodeManager (SCMNodeManager.java:register(397)) - Registered Data node : b564bb99-cd76-4902-8e37-bc5f128935f0{ip: 10.1.0.7, host: fv-az205-634.k2gd1z4tyxsu3cbgyjsjq30zwf.jx.internal.cloudapp.net, ports: [REPLICATION=46417, RATIS=39915, RATIS_ADMIN=39915, RATIS_SERVER=39915, STANDALONE=36599], networkLocation: /default-rack, certSerialId: null, persistedOpState: null, persistedOpStateExpiryEpochSec: 0}
2022-12-02 11:12:25,042 [EventQueue-NewNodeForNewNodeHandler] INFO  pipeline.BackgroundPipelineCreator (BackgroundPipelineCreator.java:notifyEventTriggered(276)) - trigger a one-shot run on RatisPipelineUtilsThread.
2022-12-02 11:12:25,043 [RatisPipelineUtilsThread - 0] INFO  pipeline.RatisPipelineProvider (RatisPipelineProvider.java:lambda$create$0(195)) - Sending CreatePipelineCommand for pipeline:PipelineID=e25c7539-5c41-4f48-ad85-b70490d7c7cc to datanode:b564bb99-cd76-4902-8e37-bc5f128935f0
2022-12-02 11:12:25,044 [RatisPipelineUtilsThread - 0] INFO  pipeline.PipelineStateManagerImpl (PipelineStateManagerImpl.java:addPipeline(103)) - Created pipeline Pipeline[ Id: e25c7539-5c41-4f48-ad85-b70490d7c7cc, Nodes: b564bb99-cd76-4902-8e37-bc5f128935f0{ip: 10.1.0.7, host: fv-az205-634.k2gd1z4tyxsu3cbgyjsjq30zwf.jx.internal.cloudapp.net, ports: [REPLICATION=46417, RATIS=39915, RATIS_ADMIN=39915, RATIS_SERVER=39915, STANDALONE=36599], networkLocation: /default-rack, certSerialId: null, persistedOpState: IN_SERVICE, persistedOpStateExpiryEpochSec: 0}, ReplicationConfig: RATIS/ONE, State:ALLOCATED, leaderId:, CreationTimestamp2022-12-02T11:12:25.043Z[Etc/UTC]].
2022-12-02 11:12:25,449 [EventQueue-CommandQueueReportForCommandQueueReportHandler] WARN  events.EventQueue (EventQueue.java:fireEvent(216)) - No event handler registered for event TypedEvent{payloadType=DatanodeDetails, name='Datanode_Command_Queue_Updated'}
2022-12-02 11:12:25,502 [Listener at 127.0.0.1/39085] INFO  ozone.MiniOzoneClusterImpl (MiniOzoneClusterImpl.java:lambda$waitForClusterToBeReady$0(216)) - Waiting for nodes to be ready. Got 5 of 6 DN Heartbeats.
2022-12-02 11:12:25,503 [Listener at 127.0.0.1/39085] INFO  ozone.MiniOzoneClusterImpl (MiniOzoneClusterImpl.java:lambda$waitForClusterToBeReady$0(219)) - Waiting for cluster to exit safe mode
2022-12-02 11:12:25,503 [Listener at 127.0.0.1/39085] INFO  ozone.MiniOzoneClusterImpl (MiniOzoneClusterImpl.java:lambda$waitForClusterToBeReady$0(221)) - SCM became leader
2022-12-02 11:12:25,510 [IPC Server handler 4 on default port 33039] INFO  net.NetworkTopologyImpl (NetworkTopologyImpl.java:add(112)) - Added a new node: /default-rack/e3d3c1c6-e4ea-41ff-8088-7f0be060b7c0
2022-12-02 11:12:25,510 [IPC Server handler 4 on default port 33039] INFO  node.SCMNodeManager (SCMNodeManager.java:register(397)) - Registered Data node : e3d3c1c6-e4ea-41ff-8088-7f0be060b7c0{ip: 10.1.0.7, host: fv-az205-634.k2gd1z4tyxsu3cbgyjsjq30zwf.jx.internal.cloudapp.net, ports: [REPLICATION=38697, RATIS=41167, RATIS_ADMIN=41167, RATIS_SERVER=41167, STANDALONE=44387], networkLocation: /default-rack, certSerialId: null, persistedOpState: null, persistedOpStateExpiryEpochSec: 0}
2022-12-02 11:12:25,511 [EventQueue-NewNodeForNewNodeHandler] INFO  pipeline.BackgroundPipelineCreator (BackgroundPipelineCreator.java:notifyEventTriggered(276)) - trigger a one-shot run on RatisPipelineUtilsThread.
2022-12-02 11:12:25,511 [RatisPipelineUtilsThread - 0] INFO  pipeline.RatisPipelineProvider (RatisPipelineProvider.java:lambda$create$0(195)) - Sending CreatePipelineCommand for pipeline:PipelineID=92af3f6c-ead5-40e5-b54d-eb97e70306bd to datanode:e3d3c1c6-e4ea-41ff-8088-7f0be060b7c0
2022-12-02 11:12:25,512 [RatisPipelineUtilsThread - 0] INFO  pipeline.PipelineStateManagerImpl (PipelineStateManagerImpl.java:addPipeline(103)) - Created pipeline Pipeline[ Id: 92af3f6c-ead5-40e5-b54d-eb97e70306bd, Nodes: e3d3c1c6-e4ea-41ff-8088-7f0be060b7c0{ip: 10.1.0.7, host: fv-az205-634.k2gd1z4tyxsu3cbgyjsjq30zwf.jx.internal.cloudapp.net, ports: [REPLICATION=38697, RATIS=41167, RATIS_ADMIN=41167, RATIS_SERVER=41167, STANDALONE=44387], networkLocation: /default-rack, certSerialId: null, persistedOpState: IN_SERVICE, persistedOpStateExpiryEpochSec: 0}, ReplicationConfig: RATIS/ONE, State:ALLOCATED, leaderId:, CreationTimestamp2022-12-02T11:12:25.511Z[Etc/UTC]].
2022-12-02 11:12:25,513 [RatisPipelineUtilsThread - 0] INFO  pipeline.RatisPipelineProvider (RatisPipelineProvider.java:lambda$create$0(195)) - Sending CreatePipelineCommand for pipeline:PipelineID=52343237-7572-48b8-8fc7-b9e5e6afd6d0 to datanode:b564bb99-cd76-4902-8e37-bc5f128935f0
2022-12-02 11:12:25,513 [RatisPipelineUtilsThread - 0] INFO  pipeline.RatisPipelineProvider (RatisPipelineProvider.java:lambda$create$0(195)) - Sending CreatePipelineCommand for pipeline:PipelineID=52343237-7572-48b8-8fc7-b9e5e6afd6d0 to datanode:e3d3c1c6-e4ea-41ff-8088-7f0be060b7c0
2022-12-02 11:12:25,513 [RatisPipelineUtilsThread - 0] INFO  pipeline.RatisPipelineProvider (RatisPipelineProvider.java:lambda$create$0(195)) - Sending CreatePipelineCommand for pipeline:PipelineID=52343237-7572-48b8-8fc7-b9e5e6afd6d0 to datanode:0f1be7e8-a3b4-460a-8434-ebd9767358ca
2022-12-02 11:12:25,514 [RatisPipelineUtilsThread - 0] INFO  pipeline.PipelineStateManagerImpl (PipelineStateManagerImpl.java:addPipeline(103)) - Created pipeline Pipeline[ Id: 52343237-7572-48b8-8fc7-b9e5e6afd6d0, Nodes: b564bb99-cd76-4902-8e37-bc5f128935f0{ip: 10.1.0.7, host: fv-az205-634.k2gd1z4tyxsu3cbgyjsjq30zwf.jx.internal.cloudapp.net, ports: [REPLICATION=46417, RATIS=39915, RATIS_ADMIN=39915, RATIS_SERVER=39915, STANDALONE=36599], networkLocation: /default-rack, certSerialId: null, persistedOpState: IN_SERVICE, persistedOpStateExpiryEpochSec: 0}e3d3c1c6-e4ea-41ff-8088-7f0be060b7c0{ip: 10.1.0.7, host: fv-az205-634.k2gd1z4tyxsu3cbgyjsjq30zwf.jx.internal.cloudapp.net, ports: [REPLICATION=38697, RATIS=41167, RATIS_ADMIN=41167, RATIS_SERVER=41167, STANDALONE=44387], networkLocation: /default-rack, certSerialId: null, persistedOpState: IN_SERVICE, persistedOpStateExpiryEpochSec: 0}0f1be7e8-a3b4-460a-8434-ebd9767358ca{ip: 10.1.0.7, host: fv-az205-634.k2gd1z4tyxsu3cbgyjsjq30zwf.jx.internal.cloudapp.net, ports: [REPLICATION=45647, RATIS=37191, RATIS_ADMIN=37191, RATIS_SERVER=37191, STANDALONE=34631], networkLocation: /default-rack, certSerialId: null, persistedOpState: IN_SERVICE, persistedOpStateExpiryEpochSec: 0}, ReplicationConfig: RATIS/THREE, State:ALLOCATED, leaderId:, CreationTimestamp2022-12-02T11:12:25.513Z[Etc/UTC]].
2022-12-02 11:12:25,516 [RatisPipelineUtilsThread - 0] INFO  pipeline.RatisPipelineProvider (RatisPipelineProvider.java:lambda$create$0(195)) - Sending CreatePipelineCommand for pipeline:PipelineID=87a40351-ee62-4248-9c66-9bab1271616b to datanode:e3d3c1c6-e4ea-41ff-8088-7f0be060b7c0
2022-12-02 11:12:25,516 [RatisPipelineUtilsThread - 0] INFO  pipeline.RatisPipelineProvider (RatisPipelineProvider.java:lambda$create$0(195)) - Sending CreatePipelineCommand for pipeline:PipelineID=87a40351-ee62-4248-9c66-9bab1271616b to datanode:b564bb99-cd76-4902-8e37-bc5f128935f0
2022-12-02 11:12:25,516 [RatisPipelineUtilsThread - 0] INFO  pipeline.RatisPipelineProvider (RatisPipelineProvider.java:lambda$create$0(195)) - Sending CreatePipelineCommand for pipeline:PipelineID=87a40351-ee62-4248-9c66-9bab1271616b to datanode:0f1be7e8-a3b4-460a-8434-ebd9767358ca
2022-12-02 11:12:25,517 [RatisPipelineUtilsThread - 0] INFO  pipeline.PipelineStateManagerImpl (PipelineStateManagerImpl.java:addPipeline(103)) - Created pipeline Pipeline[ Id: 87a40351-ee62-4248-9c66-9bab1271616b, Nodes: e3d3c1c6-e4ea-41ff-8088-7f0be060b7c0{ip: 10.1.0.7, host: fv-az205-634.k2gd1z4tyxsu3cbgyjsjq30zwf.jx.internal.cloudapp.net, ports: [REPLICATION=38697, RATIS=41167, RATIS_ADMIN=41167, RATIS_SERVER=41167, STANDALONE=44387], networkLocation: /default-rack, certSerialId: null, persistedOpState: IN_SERVICE, persistedOpStateExpiryEpochSec: 0}b564bb99-cd76-4902-8e37-bc5f128935f0{ip: 10.1.0.7, host: fv-az205-634.k2gd1z4tyxsu3cbgyjsjq30zwf.jx.internal.cloudapp.net, ports: [REPLICATION=46417, RATIS=39915, RATIS_ADMIN=39915, RATIS_SERVER=39915, STANDALONE=36599], networkLocation: /default-rack, certSerialId: null, persistedOpState: IN_SERVICE, persistedOpStateExpiryEpochSec: 0}0f1be7e8-a3b4-460a-8434-ebd9767358ca{ip: 10.1.0.7, host: fv-az205-634.k2gd1z4tyxsu3cbgyjsjq30zwf.jx.internal.cloudapp.net, ports: [REPLICATION=45647, RATIS=37191, RATIS_ADMIN=37191, RATIS_SERVER=37191, STANDALONE=34631], networkLocation: /default-rack, certSerialId: null, persistedOpState: IN_SERVICE, persistedOpStateExpiryEpochSec: 0}, ReplicationConfig: RATIS/THREE, State:ALLOCATED, leaderId:, CreationTimestamp2022-12-02T11:12:25.516Z[Etc/UTC]].
2022-12-02 11:12:25,517 [RatisPipelineUtilsThread - 0] INFO  pipeline.PipelineManagerImpl (PipelineManagerImpl.java:recordMetricsForPipeline(826)) - Pipeline: PipelineID=87a40351-ee62-4248-9c66-9bab1271616b contains same datanodes as previous pipelines: PipelineID=52343237-7572-48b8-8fc7-b9e5e6afd6d0 nodeIds: e3d3c1c6-e4ea-41ff-8088-7f0be060b7c0, b564bb99-cd76-4902-8e37-bc5f128935f0, 0f1be7e8-a3b4-460a-8434-ebd9767358ca
2022-12-02 11:12:25,714 [Command processor thread] INFO  server.RaftServer (RaftServerProxy.java:addNew(96)) - 64d479e5-fe0e-4358-9b9b-67f62582a254: addNew group-B4A6CDCEE827:[64d479e5-fe0e-4358-9b9b-67f62582a254|rpc:10.1.0.7:43823|priority:1|startupRole:FOLLOWER] returns group-B4A6CDCEE827:java.util.concurrent.CompletableFuture@32e7f1e2[Not completed]
2022-12-02 11:12:25,732 [pool-71-thread-1] INFO  server.RaftServer$Division (RaftServerImpl.java:<init>(195)) - 64d479e5-fe0e-4358-9b9b-67f62582a254: new RaftServerImpl for group-B4A6CDCEE827:[64d479e5-fe0e-4358-9b9b-67f62582a254|rpc:10.1.0.7:43823|priority:1|startupRole:FOLLOWER] with ContainerStateMachine:uninitialized
2022-12-02 11:12:25,733 [pool-71-thread-1] INFO  server.RaftServerConfigKeys (ConfUtils.java:logGet(46)) - raft.server.rpc.timeout.min = 5s (custom)
2022-12-02 11:12:25,733 [pool-71-thread-1] INFO  server.RaftServerConfigKeys (ConfUtils.java:logGet(46)) - raft.server.rpc.timeout.max = 5200ms (custom)
2022-12-02 11:12:25,733 [pool-71-thread-1] INFO  server.RaftServerConfigKeys (ConfUtils.java:logGet(46)) - raft.server.rpc.sleep.time = 25ms (default)
2022-12-02 11:12:25,733 [pool-71-thread-1] INFO  server.RaftServerConfigKeys (ConfUtils.java:logGet(46)) - raft.server.rpc.slowness.timeout = 300s (custom)
2022-12-02 11:12:25,733 [pool-71-thread-1] INFO  server.RaftServerConfigKeys (ConfUtils.java:logGet(46)) - raft.server.leaderelection.leader.step-down.wait-time = 10s (default)
2022-12-02 11:12:25,734 [pool-71-thread-1] INFO  server.RaftServerConfigKeys (ConfUtils.java:logGet(46)) - raft.server.sleep.deviation.threshold = 300ms (default)
2022-12-02 11:12:25,734 [pool-71-thread-1] INFO  server.RaftServer$Division (ServerState.java:<init>(118)) - 64d479e5-fe0e-4358-9b9b-67f62582a254@group-B4A6CDCEE827: ConfigurationManager, init=-1: peers:[64d479e5-fe0e-4358-9b9b-67f62582a254|rpc:10.1.0.7:43823|priority:1|startupRole:FOLLOWER]|listeners:[], old=null, confs=<EMPTY_MAP>
2022-12-02 11:12:25,734 [pool-71-thread-1] INFO  server.RaftServerConfigKeys (ConfUtils.java:logGet(46)) - raft.server.storage.dir = [/home/runner/work/ozone/ozone/hadoop-ozone/integration-test/target/test-dir/MiniOzoneClusterImpl-89ec7bf9-65dc-45db-bd6d-bd896179de2e/datanode-0/data/ratis] (custom)
2022-12-02 11:12:25,734 [pool-71-thread-1] INFO  server.RaftServerConfigKeys (ConfUtils.java:logGet(46)) - raft.server.log.corruption.policy = EXCEPTION (default)
2022-12-02 11:12:25,734 [pool-71-thread-1] INFO  server.RaftServerConfigKeys (ConfUtils.java:logGet(46)) - raft.server.storage.free-space.min = 0MB (=0) (default)
2022-12-02 11:12:25,734 [pool-71-thread-1] INFO  server.RaftServerConfigKeys (ConfUtils.java:logGet(46)) - raft.server.notification.no-leader.timeout = 300s (custom)
2022-12-02 11:12:25,735 [pool-71-thread-1] INFO  server.RaftServerConfigKeys (ConfUtils.java:logGet(46)) - raft.server.retrycache.expirytime = 600000ms (custom)
2022-12-02 11:12:25,735 [pool-71-thread-1] INFO  server.RaftServerConfigKeys (ConfUtils.java:logGet(46)) - raft.server.retrycache.statistics.expirytime = 100μs (default)
2022-12-02 11:12:25,748 [pool-71-thread-1] INFO  server.RaftServerConfigKeys (ConfUtils.java:logGet(46)) - raft.server.log.appender.install.snapshot.enabled = false (custom)
2022-12-02 11:12:25,749 [pool-71-thread-1] INFO  server.RaftServerConfigKeys (ConfUtils.java:logGet(46)) - raft.server.threadpool.server.cached = true (default)
2022-12-02 11:12:25,749 [pool-71-thread-1] INFO  server.RaftServerConfigKeys (ConfUtils.java:logGet(46)) - raft.server.threadpool.server.size = 0 (default)
2022-12-02 11:12:25,749 [pool-71-thread-1] INFO  server.RaftServerConfigKeys (ConfUtils.java:logGet(46)) - raft.server.threadpool.client.cached = true (default)
2022-12-02 11:12:25,749 [pool-71-thread-1] INFO  server.RaftServerConfigKeys (ConfUtils.java:logGet(46)) - raft.server.threadpool.client.size = 0 (default)
2022-12-02 11:12:25,750 [pool-71-thread-1] INFO  storage.RaftStorageDirectory (RaftStorageDirectoryImpl.java:analyzeStorage(137)) - The storage directory /home/runner/work/ozone/ozone/hadoop-ozone/integration-test/target/test-dir/MiniOzoneClusterImpl-89ec7bf9-65dc-45db-bd6d-bd896179de2e/datanode-0/data/ratis/e9087264-30a5-409c-afdb-b4a6cdcee827 does not exist. Creating ...
2022-12-02 11:12:25,755 [pool-71-thread-1] INFO  storage.RaftStorageDirectory (RaftStorageDirectoryImpl.java:tryLock(231)) - Lock on /home/runner/work/ozone/ozone/hadoop-ozone/integration-test/target/test-dir/MiniOzoneClusterImpl-89ec7bf9-65dc-45db-bd6d-bd896179de2e/datanode-0/data/ratis/e9087264-30a5-409c-afdb-b4a6cdcee827/in_use.lock acquired by nodename 6885@fv-az205-634
2022-12-02 11:12:25,757 [pool-71-thread-1] INFO  storage.RaftStorage (RaftStorageImpl.java:format(96)) - Storage directory /home/runner/work/ozone/ozone/hadoop-ozone/integration-test/target/test-dir/MiniOzoneClusterImpl-89ec7bf9-65dc-45db-bd6d-bd896179de2e/datanode-0/data/ratis/e9087264-30a5-409c-afdb-b4a6cdcee827 has been successfully formatted.
2022-12-02 11:12:25,762 [pool-71-thread-1] INFO  ratis.ContainerStateMachine (ContainerStateMachine.java:loadSnapshot(236)) - group-B4A6CDCEE827: The snapshot info is null. Setting the last applied indexto:(t:0, i:~)
2022-12-02 11:12:25,762 [pool-71-thread-1] INFO  server.RaftServerConfigKeys (ConfUtils.java:logGet(46)) - raft.server.log.use.memory = false (default)
2022-12-02 11:12:25,762 [pool-71-thread-1] INFO  server.RaftServerConfigKeys (ConfUtils.java:logGet(46)) - raft.server.log.purge.gap = 1000000 (custom)
2022-12-02 11:12:25,763 [pool-71-thread-1] INFO  server.RaftServerConfigKeys (ConfUtils.java:logGet(46)) - raft.server.log.appender.buffer.byte-limit = 33554432 (custom)
2022-12-02 11:12:25,763 [pool-71-thread-1] INFO  server.RaftServerConfigKeys (ConfUtils.java:logGet(46)) - raft.server.log.statemachine.data.read.timeout = 1000ms (default)
2022-12-02 11:12:25,763 [pool-71-thread-1] INFO  server.RaftServerConfigKeys (ConfUtils.java:logGet(46)) - raft.server.log.purge.preservation.log.num = 0 (default)
2022-12-02 11:12:25,763 [pool-71-thread-1] INFO  server.RaftServerConfigKeys (ConfUtils.java:logGet(46)) - raft.server.log.segment.size.max = 1048576 (custom)
2022-12-02 11:12:25,764 [pool-71-thread-1] INFO  server.RaftServerConfigKeys (ConfUtils.java:logGet(46)) - raft.server.log.segment.cache.num.max = 2 (custom)
2022-12-02 11:12:25,764 [pool-71-thread-1] INFO  server.RaftServerConfigKeys (ConfUtils.java:logGet(46)) - raft.server.log.segment.cache.size.max = 200MB (=209715200) (default)
2022-12-02 11:12:25,764 [pool-71-thread-1] INFO  segmented.SegmentedRaftLogWorker (SegmentedRaftLogWorker.java:<init>(189)) - new 64d479e5-fe0e-4358-9b9b-67f62582a254@group-B4A6CDCEE827-SegmentedRaftLogWorker for RaftStorageImpl:Storage Directory /home/runner/work/ozone/ozone/hadoop-ozone/integration-test/target/test-dir/MiniOzoneClusterImpl-89ec7bf9-65dc-45db-bd6d-bd896179de2e/datanode-0/data/ratis/e9087264-30a5-409c-afdb-b4a6cdcee827
2022-12-02 11:12:25,764 [pool-71-thread-1] INFO  server.RaftServerConfigKeys (ConfUtils.java:logGet(46)) - raft.server.log.queue.byte-limit = 4294967296 (custom)
2022-12-02 11:12:25,765 [pool-71-thread-1] INFO  server.RaftServerConfigKeys (ConfUtils.java:logGet(46)) - raft.server.log.queue.element-limit = 1024 (custom)
2022-12-02 11:12:25,765 [pool-71-thread-1] INFO  server.RaftServerConfigKeys (ConfUtils.java:logGet(46)) - raft.server.log.segment.size.max = 1048576 (custom)
2022-12-02 11:12:25,765 [pool-71-thread-1] INFO  server.RaftServerConfigKeys (ConfUtils.java:logGet(46)) - raft.server.log.preallocated.size = 16384 (custom)
2022-12-02 11:12:25,765 [pool-71-thread-1] INFO  server.RaftServerConfigKeys (ConfUtils.java:logGet(46)) - raft.server.log.force.sync.num = 128 (default)
2022-12-02 11:12:25,765 [pool-71-thread-1] INFO  server.RaftServerConfigKeys (ConfUtils.java:logGet(46)) - raft.server.log.statemachine.data.sync = true (default)
2022-12-02 11:12:25,765 [pool-71-thread-1] INFO  server.RaftServerConfigKeys (ConfUtils.java:logGet(46)) - raft.server.log.statemachine.data.sync.timeout = 10s (default)
2022-12-02 11:12:25,765 [pool-71-thread-1] INFO  server.RaftServerConfigKeys (ConfUtils.java:logGet(46)) - raft.server.log.statemachine.data.sync.timeout.retry = -1 (default)
2022-12-02 11:12:25,768 [pool-71-thread-1] INFO  server.RaftServerConfigKeys (ConfUtils.java:logGet(46)) - raft.server.log.write.buffer.size = 1048576 (custom)
2022-12-02 11:12:25,769 [pool-71-thread-1] INFO  server.RaftServerConfigKeys (ConfUtils.java:logGet(46)) - raft.server.log.appender.buffer.byte-limit = 33554432 (custom)
2022-12-02 11:12:25,776 [pool-71-thread-1] INFO  server.RaftServerConfigKeys (ConfUtils.java:logGet(46)) - raft.server.log.unsafe-flush.enabled = false (default)
2022-12-02 11:12:25,777 [pool-71-thread-1] INFO  server.RaftServerConfigKeys (ConfUtils.java:logGet(46)) - raft.server.log.async-flush.enabled = false (default)
2022-12-02 11:12:25,777 [pool-71-thread-1] INFO  server.RaftServerConfigKeys (ConfUtils.java:logGet(46)) - raft.server.log.statemachine.data.caching.enabled = true (custom)
2022-12-02 11:12:25,777 [pool-71-thread-1] INFO  segmented.SegmentedRaftLogWorker (SegmentedRaftLogWorker.java:lambda$new$0(135)) - 64d479e5-fe0e-4358-9b9b-67f62582a254@group-B4A6CDCEE827-SegmentedRaftLogWorker: flushIndex: setUnconditionally 0 -> -1
2022-12-02 11:12:25,777 [pool-71-thread-1] INFO  segmented.SegmentedRaftLogWorker (SegmentedRaftLogWorker.java:lambda$new$0(135)) - 64d479e5-fe0e-4358-9b9b-67f62582a254@group-B4A6CDCEE827-SegmentedRaftLogWorker: safeCacheEvictIndex: setUnconditionally 0 -> -1
2022-12-02 11:12:25,778 [pool-71-thread-1] INFO  server.RaftServer$Division (RaftServerImpl.java:start(334)) - 64d479e5-fe0e-4358-9b9b-67f62582a254@group-B4A6CDCEE827: start as a follower, conf=-1: peers:[64d479e5-fe0e-4358-9b9b-67f62582a254|rpc:10.1.0.7:43823|priority:1|startupRole:FOLLOWER]|listeners:[], old=null
2022-12-02 11:12:25,778 [pool-71-thread-1] INFO  server.RaftServer$Division (RaftServerImpl.java:setRole(321)) - 64d479e5-fe0e-4358-9b9b-67f62582a254@group-B4A6CDCEE827: changes role from      null to FOLLOWER at term 0 for startAsFollower
2022-12-02 11:12:25,778 [pool-71-thread-1] INFO  impl.RoleInfo (RoleInfo.java:updateAndGet(139)) - 64d479e5-fe0e-4358-9b9b-67f62582a254: start 64d479e5-fe0e-4358-9b9b-67f62582a254@group-B4A6CDCEE827-FollowerState
2022-12-02 11:12:25,782 [pool-71-thread-1] INFO  util.JmxRegister (JmxRegister.java:tryRegister(44)) - Successfully registered JMX Bean with object name Ratis:service=RaftServer,group=group-B4A6CDCEE827,id=64d479e5-fe0e-4358-9b9b-67f62582a254
2022-12-02 11:12:25,782 [pool-71-thread-1] INFO  server.RaftServerConfigKeys (ConfUtils.java:logGet(46)) - raft.server.snapshot.auto.trigger.enabled = true (custom)
2022-12-02 11:12:25,782 [pool-71-thread-1] INFO  server.RaftServerConfigKeys (ConfUtils.java:logGet(46)) - raft.server.snapshot.auto.trigger.threshold = 10000 (custom)
2022-12-02 11:12:25,782 [pool-71-thread-1] INFO  server.RaftServerConfigKeys (ConfUtils.java:logGet(46)) - raft.server.snapshot.retention.file.num = 5 (custom)
2022-12-02 11:12:25,782 [pool-71-thread-1] INFO  server.RaftServerConfigKeys (ConfUtils.java:logGet(46)) - raft.server.log.purge.upto.snapshot.index = false (default)
2022-12-02 11:12:25,785 [EventQueue-CommandQueueReportForCommandQueueReportHandler] WARN  events.EventQueue (EventQueue.java:fireEvent(216)) - No event handler registered for event TypedEvent{payloadType=DatanodeDetails, name='Datanode_Command_Queue_Updated'}
2022-12-02 11:12:25,786 [EventQueue-PipelineReportForPipelineReportHandler] INFO  pipeline.PipelineManagerImpl (PipelineManagerImpl.java:openPipeline(367)) - Pipeline Pipeline[ Id: e9087264-30a5-409c-afdb-b4a6cdcee827, Nodes: 64d479e5-fe0e-4358-9b9b-67f62582a254{ip: 10.1.0.7, host: fv-az205-634.k2gd1z4tyxsu3cbgyjsjq30zwf.jx.internal.cloudapp.net, ports: [REPLICATION=40075, RATIS=43823, RATIS_ADMIN=43823, RATIS_SERVER=43823, STANDALONE=41557], networkLocation: /default-rack, certSerialId: null, persistedOpState: IN_SERVICE, persistedOpStateExpiryEpochSec: 0}, ReplicationConfig: RATIS/ONE, State:ALLOCATED, leaderId:64d479e5-fe0e-4358-9b9b-67f62582a254, CreationTimestamp2022-12-02T11:12:22.781Z[Etc/UTC]] moved to OPEN state
2022-12-02 11:12:25,788 [64d479e5-fe0e-4358-9b9b-67f62582a254@group-B4A6CDCEE827-FollowerState] INFO  server.RaftServerConfigKeys (ConfUtils.java:logFallback(53)) - raft.server.rpc.first-election.timeout.min = 5s (fallback to raft.server.rpc.timeout.min)
2022-12-02 11:12:25,788 [64d479e5-fe0e-4358-9b9b-67f62582a254@group-B4A6CDCEE827-FollowerState] INFO  server.RaftServerConfigKeys (ConfUtils.java:logFallback(53)) - raft.server.rpc.first-election.timeout.max = 5200ms (fallback to raft.server.rpc.timeout.max)
2022-12-02 11:12:25,792 [EventQueue-OpenPipelineForHealthyPipelineSafeModeRule] INFO  safemode.SCMSafeModeManager (HealthyPipelineSafeModeRule.java:process(137)) - SCM in safe mode. Healthy pipelines reported count is 0, required healthy pipeline reported count is 1
2022-12-02 11:12:25,806 [Command processor thread] INFO  ratis.XceiverServerRatis (XceiverServerRatis.java:addGroup(765)) - Created group PipelineID=e9087264-30a5-409c-afdb-b4a6cdcee827
2022-12-02 11:12:25,807 [Command processor thread] INFO  commandhandler.CreatePipelineCommandHandler (CreatePipelineCommandHandler.java:handle(113)) - Created Pipeline RATIS ONE PipelineID=e9087264-30a5-409c-afdb-b4a6cdcee827.
2022-12-02 11:12:25,807 [Command processor thread] INFO  server.RaftServer (RaftServerProxy.java:addNew(96)) - 64d479e5-fe0e-4358-9b9b-67f62582a254: addNew group-9EF4914689B9:[3706267d-b1e5-497c-b8ee-f9aaec0fcf2c|rpc:10.1.0.7:40063|priority:0|startupRole:FOLLOWER, 64d479e5-fe0e-4358-9b9b-67f62582a254|rpc:10.1.0.7:43823|priority:0|startupRole:FOLLOWER, 3e07bada-20ca-43dd-a36a-6fd4f7654e72|rpc:10.1.0.7:34107|priority:1|startupRole:FOLLOWER] returns group-9EF4914689B9:java.util.concurrent.CompletableFuture@66f5df38[Not completed]
2022-12-02 11:12:25,812 [pool-71-thread-1] INFO  server.RaftServer$Division (RaftServerImpl.java:<init>(195)) - 64d479e5-fe0e-4358-9b9b-67f62582a254: new RaftServerImpl for group-9EF4914689B9:[3706267d-b1e5-497c-b8ee-f9aaec0fcf2c|rpc:10.1.0.7:40063|priority:0|startupRole:FOLLOWER, 64d479e5-fe0e-4358-9b9b-67f62582a254|rpc:10.1.0.7:43823|priority:0|startupRole:FOLLOWER, 3e07bada-20ca-43dd-a36a-6fd4f7654e72|rpc:10.1.0.7:34107|priority:1|startupRole:FOLLOWER] with ContainerStateMachine:uninitialized
2022-12-02 11:12:25,813 [pool-71-thread-1] INFO  server.RaftServerConfigKeys (ConfUtils.java:logGet(46)) - raft.server.rpc.timeout.min = 5s (custom)
2022-12-02 11:12:25,813 [pool-71-thread-1] INFO  server.RaftServerConfigKeys (ConfUtils.java:logGet(46)) - raft.server.rpc.timeout.max = 5200ms (custom)
2022-12-02 11:12:25,813 [pool-71-thread-1] INFO  server.RaftServerConfigKeys (ConfUtils.java:logGet(46)) - raft.server.rpc.sleep.time = 25ms (default)
2022-12-02 11:12:25,813 [pool-71-thread-1] INFO  server.RaftServerConfigKeys (ConfUtils.java:logGet(46)) - raft.server.rpc.slowness.timeout = 300s (custom)
2022-12-02 11:12:25,813 [pool-71-thread-1] INFO  server.RaftServerConfigKeys (ConfUtils.java:logGet(46)) - raft.server.leaderelection.leader.step-down.wait-time = 10s (default)
2022-12-02 11:12:25,813 [pool-71-thread-1] INFO  server.RaftServerConfigKeys (ConfUtils.java:logGet(46)) - raft.server.sleep.deviation.threshold = 300ms (default)
2022-12-02 11:12:25,813 [pool-71-thread-1] INFO  server.RaftServer$Division (ServerState.java:<init>(118)) - 64d479e5-fe0e-4358-9b9b-67f62582a254@group-9EF4914689B9: ConfigurationManager, init=-1: peers:[3706267d-b1e5-497c-b8ee-f9aaec0fcf2c|rpc:10.1.0.7:40063|priority:0|startupRole:FOLLOWER, 64d479e5-fe0e-4358-9b9b-67f62582a254|rpc:10.1.0.7:43823|priority:0|startupRole:FOLLOWER, 3e07bada-20ca-43dd-a36a-6fd4f7654e72|rpc:10.1.0.7:34107|priority:1|startupRole:FOLLOWER]|listeners:[], old=null, confs=<EMPTY_MAP>
2022-12-02 11:12:25,813 [pool-71-thread-1] INFO  server.RaftServerConfigKeys (ConfUtils.java:logGet(46)) - raft.server.storage.dir = [/home/runner/work/ozone/ozone/hadoop-ozone/integration-test/target/test-dir/MiniOzoneClusterImpl-89ec7bf9-65dc-45db-bd6d-bd896179de2e/datanode-0/data/ratis] (custom)
2022-12-02 11:12:25,814 [pool-71-thread-1] INFO  server.RaftServerConfigKeys (ConfUtils.java:logGet(46)) - raft.server.log.corruption.policy = EXCEPTION (default)
2022-12-02 11:12:25,814 [pool-71-thread-1] INFO  server.RaftServerConfigKeys (ConfUtils.java:logGet(46)) - raft.server.storage.free-space.min = 0MB (=0) (default)
2022-12-02 11:12:25,814 [pool-71-thread-1] INFO  server.RaftServerConfigKeys (ConfUtils.java:logGet(46)) - raft.server.notification.no-leader.timeout = 300s (custom)
2022-12-02 11:12:25,814 [pool-71-thread-1] INFO  server.RaftServerConfigKeys (ConfUtils.java:logGet(46)) - raft.server.retrycache.expirytime = 600000ms (custom)
2022-12-02 11:12:25,814 [pool-71-thread-1] INFO  server.RaftServerConfigKeys (ConfUtils.java:logGet(46)) - raft.server.retrycache.statistics.expirytime = 100μs (default)
2022-12-02 11:12:25,822 [pool-71-thread-1] INFO  server.RaftServerConfigKeys (ConfUtils.java:logGet(46)) - raft.server.log.appender.install.snapshot.enabled = false (custom)
2022-12-02 11:12:25,824 [pool-71-thread-1] INFO  server.RaftServerConfigKeys (ConfUtils.java:logGet(46)) - raft.server.threadpool.server.cached = true (default)
2022-12-02 11:12:25,824 [pool-71-thread-1] INFO  server.RaftServerConfigKeys (ConfUtils.java:logGet(46)) - raft.server.threadpool.server.size = 0 (default)
2022-12-02 11:12:25,824 [pool-71-thread-1] INFO  server.RaftServerConfigKeys (ConfUtils.java:logGet(46)) - raft.server.threadpool.client.cached = true (default)
2022-12-02 11:12:25,824 [pool-71-thread-1] INFO  server.RaftServerConfigKeys (ConfUtils.java:logGet(46)) - raft.server.threadpool.client.size = 0 (default)
2022-12-02 11:12:25,824 [pool-71-thread-1] INFO  storage.RaftStorageDirectory (RaftStorageDirectoryImpl.java:analyzeStorage(137)) - The storage directory /home/runner/work/ozone/ozone/hadoop-ozone/integration-test/target/test-dir/MiniOzoneClusterImpl-89ec7bf9-65dc-45db-bd6d-bd896179de2e/datanode-0/data/ratis/5fc3ad94-7ee4-4df5-bacf-9ef4914689b9 does not exist. Creating ...
2022-12-02 11:12:25,826 [pool-71-thread-1] INFO  storage.RaftStorageDirectory (RaftStorageDirectoryImpl.java:tryLock(231)) - Lock on /home/runner/work/ozone/ozone/hadoop-ozone/integration-test/target/test-dir/MiniOzoneClusterImpl-89ec7bf9-65dc-45db-bd6d-bd896179de2e/datanode-0/data/ratis/5fc3ad94-7ee4-4df5-bacf-9ef4914689b9/in_use.lock acquired by nodename 6885@fv-az205-634
2022-12-02 11:12:25,828 [pool-71-thread-1] INFO  storage.RaftStorage (RaftStorageImpl.java:format(96)) - Storage directory /home/runner/work/ozone/ozone/hadoop-ozone/integration-test/target/test-dir/MiniOzoneClusterImpl-89ec7bf9-65dc-45db-bd6d-bd896179de2e/datanode-0/data/ratis/5fc3ad94-7ee4-4df5-bacf-9ef4914689b9 has been successfully formatted.
2022-12-02 11:12:25,828 [pool-71-thread-1] INFO  ratis.ContainerStateMachine (ContainerStateMachine.java:loadSnapshot(236)) - group-9EF4914689B9: The snapshot info is null. Setting the last applied indexto:(t:0, i:~)
2022-12-02 11:12:25,828 [pool-71-thread-1] INFO  server.RaftServerConfigKeys (ConfUtils.java:logGet(46)) - raft.server.log.use.memory = false (default)
2022-12-02 11:12:25,828 [pool-71-thread-1] INFO  server.RaftServerConfigKeys (ConfUtils.java:logGet(46)) - raft.server.log.purge.gap = 1000000 (custom)
2022-12-02 11:12:25,829 [pool-71-thread-1] INFO  server.RaftServerConfigKeys (ConfUtils.java:logGet(46)) - raft.server.log.appender.buffer.byte-limit = 33554432 (custom)
2022-12-02 11:12:25,829 [pool-71-thread-1] INFO  server.RaftServerConfigKeys (ConfUtils.java:logGet(46)) - raft.server.log.statemachine.data.read.timeout = 1000ms (default)
2022-12-02 11:12:25,829 [pool-71-thread-1] INFO  server.RaftServerConfigKeys (ConfUtils.java:logGet(46)) - raft.server.log.purge.preservation.log.num = 0 (default)
2022-12-02 11:12:25,829 [pool-71-thread-1] INFO  server.RaftServerConfigKeys (ConfUtils.java:logGet(46)) - raft.server.log.segment.size.max = 1048576 (custom)
2022-12-02 11:12:25,830 [pool-71-thread-1] INFO  server.RaftServerConfigKeys (ConfUtils.java:logGet(46)) - raft.server.log.segment.cache.num.max = 2 (custom)
2022-12-02 11:12:25,830 [pool-71-thread-1] INFO  server.RaftServerConfigKeys (ConfUtils.java:logGet(46)) - raft.server.log.segment.cache.size.max = 200MB (=209715200) (default)
2022-12-02 11:12:25,830 [pool-71-thread-1] INFO  segmented.SegmentedRaftLogWorker (SegmentedRaftLogWorker.java:<init>(189)) - new 64d479e5-fe0e-4358-9b9b-67f62582a254@group-9EF4914689B9-SegmentedRaftLogWorker for RaftStorageImpl:Storage Directory /home/runner/work/ozone/ozone/hadoop-ozone/integration-test/target/test-dir/MiniOzoneClusterImpl-89ec7bf9-65dc-45db-bd6d-bd896179de2e/datanode-0/data/ratis/5fc3ad94-7ee4-4df5-bacf-9ef4914689b9
2022-12-02 11:12:25,830 [pool-71-thread-1] INFO  server.RaftServerConfigKeys (ConfUtils.java:logGet(46)) - raft.server.log.queue.byte-limit = 4294967296 (custom)
2022-12-02 11:12:25,831 [pool-71-thread-1] INFO  server.RaftServerConfigKeys (ConfUtils.java:logGet(46)) - raft.server.log.queue.element-limit = 1024 (custom)
2022-12-02 11:12:25,831 [pool-71-thread-1] INFO  server.RaftServerConfigKeys (ConfUtils.java:logGet(46)) - raft.server.log.segment.size.max = 1048576 (custom)
2022-12-02 11:12:25,831 [pool-71-thread-1] INFO  server.RaftServerConfigKeys (ConfUtils.java:logGet(46)) - raft.server.log.preallocated.size = 16384 (custom)
2022-12-02 11:12:25,831 [pool-71-thread-1] INFO  server.RaftServerConfigKeys (ConfUtils.java:logGet(46)) - raft.server.log.force.sync.num = 128 (default)
2022-12-02 11:12:25,831 [pool-71-thread-1] INFO  server.RaftServerConfigKeys (ConfUtils.java:logGet(46)) - raft.server.log.statemachine.data.sync = true (default)
2022-12-02 11:12:25,832 [pool-71-thread-1] INFO  server.RaftServerConfigKeys (ConfUtils.java:logGet(46)) - raft.server.log.statemachine.data.sync.timeout = 10s (default)
2022-12-02 11:12:25,832 [pool-71-thread-1] INFO  server.RaftServerConfigKeys (ConfUtils.java:logGet(46)) - raft.server.log.statemachine.data.sync.timeout.retry = -1 (default)
2022-12-02 11:12:25,833 [EventQueue-CommandQueueReportForCommandQueueReportHandler] WARN  events.EventQueue (EventQueue.java:fireEvent(216)) - No event handler registered for event TypedEvent{payloadType=DatanodeDetails, name='Datanode_Command_Queue_Updated'}
2022-12-02 11:12:25,836 [pool-71-thread-1] INFO  server.RaftServerConfigKeys (ConfUtils.java:logGet(46)) - raft.server.log.write.buffer.size = 1048576 (custom)
2022-12-02 11:12:25,836 [pool-71-thread-1] INFO  server.RaftServerConfigKeys (ConfUtils.java:logGet(46)) - raft.server.log.appender.buffer.byte-limit = 33554432 (custom)
2022-12-02 11:12:25,839 [EventQueue-OpenPipelineForHealthyPipelineSafeModeRule] INFO  safemode.SCMSafeModeManager (HealthyPipelineSafeModeRule.java:process(137)) - SCM in safe mode. Healthy pipelines reported count is 0, required healthy pipeline reported count is 1
2022-12-02 11:12:25,843 [pool-71-thread-1] INFO  server.RaftServerConfigKeys (ConfUtils.java:logGet(46)) - raft.server.log.unsafe-flush.enabled = false (default)
2022-12-02 11:12:25,843 [pool-71-thread-1] INFO  server.RaftServerConfigKeys (ConfUtils.java:logGet(46)) - raft.server.log.async-flush.enabled = false (default)
2022-12-02 11:12:25,843 [pool-71-thread-1] INFO  server.RaftServerConfigKeys (ConfUtils.java:logGet(46)) - raft.server.log.statemachine.data.caching.enabled = true (custom)
2022-12-02 11:12:25,843 [pool-71-thread-1] INFO  segmented.SegmentedRaftLogWorker (SegmentedRaftLogWorker.java:lambda$new$0(135)) - 64d479e5-fe0e-4358-9b9b-67f62582a254@group-9EF4914689B9-SegmentedRaftLogWorker: flushIndex: setUnconditionally 0 -> -1
2022-12-02 11:12:25,843 [pool-71-thread-1] INFO  segmented.SegmentedRaftLogWorker (SegmentedRaftLogWorker.java:lambda$new$0(135)) - 64d479e5-fe0e-4358-9b9b-67f62582a254@group-9EF4914689B9-SegmentedRaftLogWorker: safeCacheEvictIndex: setUnconditionally 0 -> -1
2022-12-02 11:12:25,847 [pool-71-thread-1] INFO  server.RaftServer$Division (RaftServerImpl.java:start(334)) - 64d479e5-fe0e-4358-9b9b-67f62582a254@group-9EF4914689B9: start as a follower, conf=-1: peers:[3706267d-b1e5-497c-b8ee-f9aaec0fcf2c|rpc:10.1.0.7:40063|priority:0|startupRole:FOLLOWER, 64d479e5-fe0e-4358-9b9b-67f62582a254|rpc:10.1.0.7:43823|priority:0|startupRole:FOLLOWER, 3e07bada-20ca-43dd-a36a-6fd4f7654e72|rpc:10.1.0.7:34107|priority:1|startupRole:FOLLOWER]|listeners:[], old=null
2022-12-02 11:12:25,847 [pool-71-thread-1] INFO  server.RaftServer$Division (RaftServerImpl.java:setRole(321)) - 64d479e5-fe0e-4358-9b9b-67f62582a254@group-9EF4914689B9: changes role from      null to FOLLOWER at term 0 for startAsFollower
2022-12-02 11:12:25,847 [pool-71-thread-1] INFO  impl.RoleInfo (RoleInfo.java:updateAndGet(139)) - 64d479e5-fe0e-4358-9b9b-67f62582a254: start 64d479e5-fe0e-4358-9b9b-67f62582a254@group-9EF4914689B9-FollowerState
2022-12-02 11:12:25,848 [64d479e5-fe0e-4358-9b9b-67f62582a254@group-9EF4914689B9-FollowerState] INFO  server.RaftServerConfigKeys (ConfUtils.java:logFallback(53)) - raft.server.rpc.first-election.timeout.min = 5s (fallback to raft.server.rpc.timeout.min)
2022-12-02 11:12:25,848 [pool-71-thread-1] INFO  util.JmxRegister (JmxRegister.java:tryRegister(44)) - Successfully registered JMX Bean with object name Ratis:service=RaftServer,group=group-9EF4914689B9,id=64d479e5-fe0e-4358-9b9b-67f62582a254
2022-12-02 11:12:25,848 [64d479e5-fe0e-4358-9b9b-67f62582a254@group-9EF4914689B9-FollowerState] INFO  server.RaftServerConfigKeys (ConfUtils.java:logFallback(53)) - raft.server.rpc.first-election.timeout.max = 5200ms (fallback to raft.server.rpc.timeout.max)
2022-12-02 11:12:25,848 [pool-71-thread-1] INFO  server.RaftServerConfigKeys (ConfUtils.java:logGet(46)) - raft.server.snapshot.auto.trigger.enabled = true (custom)
2022-12-02 11:12:25,848 [pool-71-thread-1] INFO  server.RaftServerConfigKeys (ConfUtils.java:logGet(46)) - raft.server.snapshot.auto.trigger.threshold = 10000 (custom)
2022-12-02 11:12:25,849 [pool-71-thread-1] INFO  server.RaftServerConfigKeys (ConfUtils.java:logGet(46)) - raft.server.snapshot.retention.file.num = 5 (custom)
2022-12-02 11:12:25,849 [pool-71-thread-1] INFO  server.RaftServerConfigKeys (ConfUtils.java:logGet(46)) - raft.server.log.purge.upto.snapshot.index = false (default)
2022-12-02 11:12:25,850 [Command processor thread] INFO  ratis.XceiverServerRatis (XceiverServerRatis.java:addGroup(765)) - Created group PipelineID=5fc3ad94-7ee4-4df5-bacf-9ef4914689b9
2022-12-02 11:12:25,930 [EventQueue-CommandQueueReportForCommandQueueReportHandler] WARN  events.EventQueue (EventQueue.java:fireEvent(216)) - No event handler registered for event TypedEvent{payloadType=DatanodeDetails, name='Datanode_Command_Queue_Updated'}
2022-12-02 11:12:26,435 [EventQueue-CommandQueueReportForCommandQueueReportHandler] WARN  events.EventQueue (EventQueue.java:fireEvent(216)) - No event handler registered for event TypedEvent{payloadType=DatanodeDetails, name='Datanode_Command_Queue_Updated'}
2022-12-02 11:12:26,450 [Command processor thread] INFO  server.RaftServer (RaftServerProxy.java:addNew(96)) - 3706267d-b1e5-497c-b8ee-f9aaec0fcf2c: addNew group-6891D1EACFE1:[3706267d-b1e5-497c-b8ee-f9aaec0fcf2c|rpc:10.1.0.7:40063|priority:1|startupRole:FOLLOWER] returns group-6891D1EACFE1:java.util.concurrent.CompletableFuture@6a46911c[Not completed]
2022-12-02 11:12:26,459 [pool-94-thread-1] INFO  server.RaftServer$Division (RaftServerImpl.java:<init>(195)) - 3706267d-b1e5-497c-b8ee-f9aaec0fcf2c: new RaftServerImpl for group-6891D1EACFE1:[3706267d-b1e5-497c-b8ee-f9aaec0fcf2c|rpc:10.1.0.7:40063|priority:1|startupRole:FOLLOWER] with ContainerStateMachine:uninitialized
2022-12-02 11:12:26,459 [pool-94-thread-1] INFO  server.RaftServerConfigKeys (ConfUtils.java:logGet(46)) - raft.server.rpc.timeout.min = 5s (custom)
2022-12-02 11:12:26,459 [pool-94-thread-1] INFO  server.RaftServerConfigKeys (ConfUtils.java:logGet(46)) - raft.server.rpc.timeout.max = 5200ms (custom)
2022-12-02 11:12:26,459 [pool-94-thread-1] INFO  server.RaftServerConfigKeys (ConfUtils.java:logGet(46)) - raft.server.rpc.sleep.time = 25ms (default)
2022-12-02 11:12:26,459 [pool-94-thread-1] INFO  server.RaftServerConfigKeys (ConfUtils.java:logGet(46)) - raft.server.rpc.slowness.timeout = 300s (custom)
2022-12-02 11:12:26,459 [pool-94-thread-1] INFO  server.RaftServerConfigKeys (ConfUtils.java:logGet(46)) - raft.server.leaderelection.leader.step-down.wait-time = 10s (default)
2022-12-02 11:12:26,460 [pool-94-thread-1] INFO  server.RaftServerConfigKeys (ConfUtils.java:logGet(46)) - raft.server.sleep.deviation.threshold = 300ms (default)
2022-12-02 11:12:26,460 [pool-94-thread-1] INFO  server.RaftServer$Division (ServerState.java:<init>(118)) - 3706267d-b1e5-497c-b8ee-f9aaec0fcf2c@group-6891D1EACFE1: ConfigurationManager, init=-1: peers:[3706267d-b1e5-497c-b8ee-f9aaec0fcf2c|rpc:10.1.0.7:40063|priority:1|startupRole:FOLLOWER]|listeners:[], old=null, confs=<EMPTY_MAP>
2022-12-02 11:12:26,460 [pool-94-thread-1] INFO  server.RaftServerConfigKeys (ConfUtils.java:logGet(46)) - raft.server.storage.dir = [/home/runner/work/ozone/ozone/hadoop-ozone/integration-test/target/test-dir/MiniOzoneClusterImpl-89ec7bf9-65dc-45db-bd6d-bd896179de2e/datanode-1/data/ratis] (custom)
2022-12-02 11:12:26,460 [pool-94-thread-1] INFO  server.RaftServerConfigKeys (ConfUtils.java:logGet(46)) - raft.server.log.corruption.policy = EXCEPTION (default)
2022-12-02 11:12:26,460 [pool-94-thread-1] INFO  server.RaftServerConfigKeys (ConfUtils.java:logGet(46)) - raft.server.storage.free-space.min = 0MB (=0) (default)
2022-12-02 11:12:26,461 [pool-94-thread-1] INFO  server.RaftServerConfigKeys (ConfUtils.java:logGet(46)) - raft.server.notification.no-leader.timeout = 300s (custom)
2022-12-02 11:12:26,461 [pool-94-thread-1] INFO  server.RaftServerConfigKeys (ConfUtils.java:logGet(46)) - raft.server.retrycache.expirytime = 600000ms (custom)
2022-12-02 11:12:26,461 [pool-94-thread-1] INFO  server.RaftServerConfigKeys (ConfUtils.java:logGet(46)) - raft.server.retrycache.statistics.expirytime = 100μs (default)
2022-12-02 11:12:26,469 [pool-94-thread-1] INFO  server.RaftServerConfigKeys (ConfUtils.java:logGet(46)) - raft.server.log.appender.install.snapshot.enabled = false (custom)
2022-12-02 11:12:26,469 [pool-94-thread-1] INFO  server.RaftServerConfigKeys (ConfUtils.java:logGet(46)) - raft.server.threadpool.server.cached = true (default)
2022-12-02 11:12:26,469 [pool-94-thread-1] INFO  server.RaftServerConfigKeys (ConfUtils.java:logGet(46)) - raft.server.threadpool.server.size = 0 (default)
2022-12-02 11:12:26,469 [pool-94-thread-1] INFO  server.RaftServerConfigKeys (ConfUtils.java:logGet(46)) - raft.server.threadpool.client.cached = true (default)
2022-12-02 11:12:26,469 [pool-94-thread-1] INFO  server.RaftServerConfigKeys (ConfUtils.java:logGet(46)) - raft.server.threadpool.client.size = 0 (default)
2022-12-02 11:12:26,470 [pool-94-thread-1] INFO  storage.RaftStorageDirectory (RaftStorageDirectoryImpl.java:analyzeStorage(137)) - The storage directory /home/runner/work/ozone/ozone/hadoop-ozone/integration-test/target/test-dir/MiniOzoneClusterImpl-89ec7bf9-65dc-45db-bd6d-bd896179de2e/datanode-1/data/ratis/777bcded-d53a-4d35-b446-6891d1eacfe1 does not exist. Creating ...
2022-12-02 11:12:26,504 [Listener at 127.0.0.1/39085] INFO  ozone.MiniOzoneClusterImpl (MiniOzoneClusterImpl.java:lambda$waitForClusterToBeReady$0(216)) - Nodes are ready. Got 6 of 6 DN Heartbeats.
2022-12-02 11:12:26,504 [Listener at 127.0.0.1/39085] INFO  ozone.MiniOzoneClusterImpl (MiniOzoneClusterImpl.java:lambda$waitForClusterToBeReady$0(219)) - Waiting for cluster to exit safe mode
2022-12-02 11:12:26,504 [Listener at 127.0.0.1/39085] INFO  ozone.MiniOzoneClusterImpl (MiniOzoneClusterImpl.java:lambda$waitForClusterToBeReady$0(221)) - SCM became leader
2022-12-02 11:12:26,506 [pool-94-thread-1] INFO  storage.RaftStorageDirectory (RaftStorageDirectoryImpl.java:tryLock(231)) - Lock on /home/runner/work/ozone/ozone/hadoop-ozone/integration-test/target/test-dir/MiniOzoneClusterImpl-89ec7bf9-65dc-45db-bd6d-bd896179de2e/datanode-1/data/ratis/777bcded-d53a-4d35-b446-6891d1eacfe1/in_use.lock acquired by nodename 6885@fv-az205-634
2022-12-02 11:12:26,510 [pool-94-thread-1] INFO  storage.RaftStorage (RaftStorageImpl.java:format(96)) - Storage directory /home/runner/work/ozone/ozone/hadoop-ozone/integration-test/target/test-dir/MiniOzoneClusterImpl-89ec7bf9-65dc-45db-bd6d-bd896179de2e/datanode-1/data/ratis/777bcded-d53a-4d35-b446-6891d1eacfe1 has been successfully formatted.
2022-12-02 11:12:26,513 [pool-94-thread-1] INFO  ratis.ContainerStateMachine (ContainerStateMachine.java:loadSnapshot(236)) - group-6891D1EACFE1: The snapshot info is null. Setting the last applied indexto:(t:0, i:~)
2022-12-02 11:12:26,514 [pool-94-thread-1] INFO  server.RaftServerConfigKeys (ConfUtils.java:logGet(46)) - raft.server.log.use.memory = false (default)
2022-12-02 11:12:26,515 [pool-94-thread-1] INFO  server.RaftServerConfigKeys (ConfUtils.java:logGet(46)) - raft.server.log.purge.gap = 1000000 (custom)
2022-12-02 11:12:26,515 [pool-94-thread-1] INFO  server.RaftServerConfigKeys (ConfUtils.java:logGet(46)) - raft.server.log.appender.buffer.byte-limit = 33554432 (custom)
2022-12-02 11:12:26,515 [pool-94-thread-1] INFO  server.RaftServerConfigKeys (ConfUtils.java:logGet(46)) - raft.server.log.statemachine.data.read.timeout = 1000ms (default)
2022-12-02 11:12:26,515 [pool-94-thread-1] INFO  server.RaftServerConfigKeys (ConfUtils.java:logGet(46)) - raft.server.log.purge.preservation.log.num = 0 (default)
2022-12-02 11:12:26,517 [pool-94-thread-1] INFO  server.RaftServerConfigKeys (ConfUtils.java:logGet(46)) - raft.server.log.segment.size.max = 1048576 (custom)
2022-12-02 11:12:26,518 [pool-94-thread-1] INFO  server.RaftServerConfigKeys (ConfUtils.java:logGet(46)) - raft.server.log.segment.cache.num.max = 2 (custom)
2022-12-02 11:12:26,519 [pool-94-thread-1] INFO  server.RaftServerConfigKeys (ConfUtils.java:logGet(46)) - raft.server.log.segment.cache.size.max = 200MB (=209715200) (default)
2022-12-02 11:12:26,519 [pool-94-thread-1] INFO  segmented.SegmentedRaftLogWorker (SegmentedRaftLogWorker.java:<init>(189)) - new 3706267d-b1e5-497c-b8ee-f9aaec0fcf2c@group-6891D1EACFE1-SegmentedRaftLogWorker for RaftStorageImpl:Storage Directory /home/runner/work/ozone/ozone/hadoop-ozone/integration-test/target/test-dir/MiniOzoneClusterImpl-89ec7bf9-65dc-45db-bd6d-bd896179de2e/datanode-1/data/ratis/777bcded-d53a-4d35-b446-6891d1eacfe1
2022-12-02 11:12:26,520 [pool-94-thread-1] INFO  server.RaftServerConfigKeys (ConfUtils.java:logGet(46)) - raft.server.log.queue.byte-limit = 4294967296 (custom)
2022-12-02 11:12:26,520 [pool-94-thread-1] INFO  server.RaftServerConfigKeys (ConfUtils.java:logGet(46)) - raft.server.log.queue.element-limit = 1024 (custom)
2022-12-02 11:12:26,520 [pool-94-thread-1] INFO  server.RaftServerConfigKeys (ConfUtils.java:logGet(46)) - raft.server.log.segment.size.max = 1048576 (custom)
2022-12-02 11:12:26,520 [pool-94-thread-1] INFO  server.RaftServerConfigKeys (ConfUtils.java:logGet(46)) - raft.server.log.preallocated.size = 16384 (custom)
2022-12-02 11:12:26,520 [pool-94-thread-1] INFO  server.RaftServerConfigKeys (ConfUtils.java:logGet(46)) - raft.server.log.force.sync.num = 128 (default)
2022-12-02 11:12:26,520 [pool-94-thread-1] INFO  server.RaftServerConfigKeys (ConfUtils.java:logGet(46)) - raft.server.log.statemachine.data.sync = true (default)
2022-12-02 11:12:26,520 [pool-94-thread-1] INFO  server.RaftServerConfigKeys (ConfUtils.java:logGet(46)) - raft.server.log.statemachine.data.sync.timeout = 10s (default)
2022-12-02 11:12:26,520 [pool-94-thread-1] INFO  server.RaftServerConfigKeys (ConfUtils.java:logGet(46)) - raft.server.log.statemachine.data.sync.timeout.retry = -1 (default)
2022-12-02 11:12:26,534 [EventQueue-CommandQueueReportForCommandQueueReportHandler] WARN  events.EventQueue (EventQueue.java:fireEvent(216)) - No event handler registered for event TypedEvent{payloadType=DatanodeDetails, name='Datanode_Command_Queue_Updated'}
2022-12-02 11:12:26,535 [EventQueue-PipelineReportForPipelineReportHandler] INFO  pipeline.PipelineManagerImpl (PipelineManagerImpl.java:openPipeline(367)) - Pipeline Pipeline[ Id: 777bcded-d53a-4d35-b446-6891d1eacfe1, Nodes: 3706267d-b1e5-497c-b8ee-f9aaec0fcf2c{ip: 10.1.0.7, host: fv-az205-634.k2gd1z4tyxsu3cbgyjsjq30zwf.jx.internal.cloudapp.net, ports: [REPLICATION=33611, RATIS=40063, RATIS_ADMIN=40063, RATIS_SERVER=40063, STANDALONE=37711], networkLocation: /default-rack, certSerialId: null, persistedOpState: IN_SERVICE, persistedOpStateExpiryEpochSec: 0}, ReplicationConfig: RATIS/ONE, State:ALLOCATED, leaderId:3706267d-b1e5-497c-b8ee-f9aaec0fcf2c, CreationTimestamp2022-12-02T11:12:23.453Z[Etc/UTC]] moved to OPEN state
2022-12-02 11:12:26,536 [EventQueue-OpenPipelineForHealthyPipelineSafeModeRule] INFO  safemode.SCMSafeModeManager (HealthyPipelineSafeModeRule.java:process(137)) - SCM in safe mode. Healthy pipelines reported count is 0, required healthy pipeline reported count is 1
2022-12-02 11:12:26,542 [pool-94-thread-1] INFO  server.RaftServerConfigKeys (ConfUtils.java:logGet(46)) - raft.server.log.write.buffer.size = 1048576 (custom)
2022-12-02 11:12:26,544 [pool-94-thread-1] INFO  server.RaftServerConfigKeys (ConfUtils.java:logGet(46)) - raft.server.log.appender.buffer.byte-limit = 33554432 (custom)
2022-12-02 11:12:26,551 [pool-94-thread-1] INFO  server.RaftServerConfigKeys (ConfUtils.java:logGet(46)) - raft.server.log.unsafe-flush.enabled = false (default)
2022-12-02 11:12:26,551 [pool-94-thread-1] INFO  server.RaftServerConfigKeys (ConfUtils.java:logGet(46)) - raft.server.log.async-flush.enabled = false (default)
2022-12-02 11:12:26,551 [pool-94-thread-1] INFO  server.RaftServerConfigKeys (ConfUtils.java:logGet(46)) - raft.server.log.statemachine.data.caching.enabled = true (custom)
2022-12-02 11:12:26,551 [pool-94-thread-1] INFO  segmented.SegmentedRaftLogWorker (SegmentedRaftLogWorker.java:lambda$new$0(135)) - 3706267d-b1e5-497c-b8ee-f9aaec0fcf2c@group-6891D1EACFE1-SegmentedRaftLogWorker: flushIndex: setUnconditionally 0 -> -1
2022-12-02 11:12:26,551 [pool-94-thread-1] INFO  segmented.SegmentedRaftLogWorker (SegmentedRaftLogWorker.java:lambda$new$0(135)) - 3706267d-b1e5-497c-b8ee-f9aaec0fcf2c@group-6891D1EACFE1-SegmentedRaftLogWorker: safeCacheEvictIndex: setUnconditionally 0 -> -1
2022-12-02 11:12:26,552 [pool-94-thread-1] INFO  server.RaftServer$Division (RaftServerImpl.java:start(334)) - 3706267d-b1e5-497c-b8ee-f9aaec0fcf2c@group-6891D1EACFE1: start as a follower, conf=-1: peers:[3706267d-b1e5-497c-b8ee-f9aaec0fcf2c|rpc:10.1.0.7:40063|priority:1|startupRole:FOLLOWER]|listeners:[], old=null
2022-12-02 11:12:26,552 [pool-94-thread-1] INFO  server.RaftServer$Division (RaftServerImpl.java:setRole(321)) - 3706267d-b1e5-497c-b8ee-f9aaec0fcf2c@group-6891D1EACFE1: changes role from      null to FOLLOWER at term 0 for startAsFollower
2022-12-02 11:12:26,552 [pool-94-thread-1] INFO  impl.RoleInfo (RoleInfo.java:updateAndGet(139)) - 3706267d-b1e5-497c-b8ee-f9aaec0fcf2c: start 3706267d-b1e5-497c-b8ee-f9aaec0fcf2c@group-6891D1EACFE1-FollowerState
2022-12-02 11:12:26,559 [pool-94-thread-1] INFO  util.JmxRegister (JmxRegister.java:tryRegister(44)) - Successfully registered JMX Bean with object name Ratis:service=RaftServer,group=group-6891D1EACFE1,id=3706267d-b1e5-497c-b8ee-f9aaec0fcf2c
2022-12-02 11:12:26,560 [pool-94-thread-1] INFO  server.RaftServerConfigKeys (ConfUtils.java:logGet(46)) - raft.server.snapshot.auto.trigger.enabled = true (custom)
2022-12-02 11:12:26,560 [pool-94-thread-1] INFO  server.RaftServerConfigKeys (ConfUtils.java:logGet(46)) - raft.server.snapshot.auto.trigger.threshold = 10000 (custom)
2022-12-02 11:12:26,560 [pool-94-thread-1] INFO  server.RaftServerConfigKeys (ConfUtils.java:logGet(46)) - raft.server.snapshot.retention.file.num = 5 (custom)
2022-12-02 11:12:26,560 [pool-94-thread-1] INFO  server.RaftServerConfigKeys (ConfUtils.java:logGet(46)) - raft.server.log.purge.upto.snapshot.index = false (default)
2022-12-02 11:12:26,562 [Command processor thread] INFO  ratis.XceiverServerRatis (XceiverServerRatis.java:addGroup(765)) - Created group PipelineID=777bcded-d53a-4d35-b446-6891d1eacfe1
2022-12-02 11:12:26,562 [Command processor thread] INFO  commandhandler.CreatePipelineCommandHandler (CreatePipelineCommandHandler.java:handle(113)) - Created Pipeline RATIS ONE PipelineID=777bcded-d53a-4d35-b446-6891d1eacfe1.
2022-12-02 11:12:26,563 [Command processor thread] INFO  server.RaftServer (RaftServerProxy.java:addNew(96)) - 3706267d-b1e5-497c-b8ee-f9aaec0fcf2c: addNew group-9EF4914689B9:[3706267d-b1e5-497c-b8ee-f9aaec0fcf2c|rpc:10.1.0.7:40063|priority:0|startupRole:FOLLOWER, 64d479e5-fe0e-4358-9b9b-67f62582a254|rpc:10.1.0.7:43823|priority:0|startupRole:FOLLOWER, 3e07bada-20ca-43dd-a36a-6fd4f7654e72|rpc:10.1.0.7:34107|priority:1|startupRole:FOLLOWER] returns group-9EF4914689B9:java.util.concurrent.CompletableFuture@6e79088c[Not completed]
2022-12-02 11:12:26,565 [pool-94-thread-1] INFO  server.RaftServer$Division (RaftServerImpl.java:<init>(195)) - 3706267d-b1e5-497c-b8ee-f9aaec0fcf2c: new RaftServerImpl for group-9EF4914689B9:[3706267d-b1e5-497c-b8ee-f9aaec0fcf2c|rpc:10.1.0.7:40063|priority:0|startupRole:FOLLOWER, 64d479e5-fe0e-4358-9b9b-67f62582a254|rpc:10.1.0.7:43823|priority:0|startupRole:FOLLOWER, 3e07bada-20ca-43dd-a36a-6fd4f7654e72|rpc:10.1.0.7:34107|priority:1|startupRole:FOLLOWER] with ContainerStateMachine:uninitialized
2022-12-02 11:12:26,565 [pool-94-thread-1] INFO  server.RaftServerConfigKeys (ConfUtils.java:logGet(46)) - raft.server.rpc.timeout.min = 5s (custom)
2022-12-02 11:12:26,565 [pool-94-thread-1] INFO  server.RaftServerConfigKeys (ConfUtils.java:logGet(46)) - raft.server.rpc.timeout.max = 5200ms (custom)
2022-12-02 11:12:26,565 [pool-94-thread-1] INFO  server.RaftServerConfigKeys (ConfUtils.java:logGet(46)) - raft.server.rpc.sleep.time = 25ms (default)
2022-12-02 11:12:26,565 [pool-94-thread-1] INFO  server.RaftServerConfigKeys (ConfUtils.java:logGet(46)) - raft.server.rpc.slowness.timeout = 300s (custom)
2022-12-02 11:12:26,565 [pool-94-thread-1] INFO  server.RaftServerConfigKeys (ConfUtils.java:logGet(46)) - raft.server.leaderelection.leader.step-down.wait-time = 10s (default)
2022-12-02 11:12:26,565 [pool-94-thread-1] INFO  server.RaftServerConfigKeys (ConfUtils.java:logGet(46)) - raft.server.sleep.deviation.threshold = 300ms (default)
2022-12-02 11:12:26,566 [pool-94-thread-1] INFO  server.RaftServer$Division (ServerState.java:<init>(118)) - 3706267d-b1e5-497c-b8ee-f9aaec0fcf2c@group-9EF4914689B9: ConfigurationManager, init=-1: peers:[3706267d-b1e5-497c-b8ee-f9aaec0fcf2c|rpc:10.1.0.7:40063|priority:0|startupRole:FOLLOWER, 64d479e5-fe0e-4358-9b9b-67f62582a254|rpc:10.1.0.7:43823|priority:0|startupRole:FOLLOWER, 3e07bada-20ca-43dd-a36a-6fd4f7654e72|rpc:10.1.0.7:34107|priority:1|startupRole:FOLLOWER]|listeners:[], old=null, confs=<EMPTY_MAP>
2022-12-02 11:12:26,566 [pool-94-thread-1] INFO  server.RaftServerConfigKeys (ConfUtils.java:logGet(46)) - raft.server.storage.dir = [/home/runner/work/ozone/ozone/hadoop-ozone/integration-test/target/test-dir/MiniOzoneClusterImpl-89ec7bf9-65dc-45db-bd6d-bd896179de2e/datanode-1/data/ratis] (custom)
2022-12-02 11:12:26,566 [pool-94-thread-1] INFO  server.RaftServerConfigKeys (ConfUtils.java:logGet(46)) - raft.server.log.corruption.policy = EXCEPTION (default)
2022-12-02 11:12:26,566 [pool-94-thread-1] INFO  server.RaftServerConfigKeys (ConfUtils.java:logGet(46)) - raft.server.storage.free-space.min = 0MB (=0) (default)
2022-12-02 11:12:26,566 [pool-94-thread-1] INFO  server.RaftServerConfigKeys (ConfUtils.java:logGet(46)) - raft.server.notification.no-leader.timeout = 300s (custom)
2022-12-02 11:12:26,566 [pool-94-thread-1] INFO  server.RaftServerConfigKeys (ConfUtils.java:logGet(46)) - raft.server.retrycache.expirytime = 600000ms (custom)
2022-12-02 11:12:26,567 [pool-94-thread-1] INFO  server.RaftServerConfigKeys (ConfUtils.java:logGet(46)) - raft.server.retrycache.statistics.expirytime = 100μs (default)
2022-12-02 11:12:26,568 [3706267d-b1e5-497c-b8ee-f9aaec0fcf2c@group-6891D1EACFE1-FollowerState] INFO  server.RaftServerConfigKeys (ConfUtils.java:logFallback(53)) - raft.server.rpc.first-election.timeout.min = 5s (fallback to raft.server.rpc.timeout.min)
2022-12-02 11:12:26,570 [3706267d-b1e5-497c-b8ee-f9aaec0fcf2c@group-6891D1EACFE1-FollowerState] INFO  server.RaftServerConfigKeys (ConfUtils.java:logFallback(53)) - raft.server.rpc.first-election.timeout.max = 5200ms (fallback to raft.server.rpc.timeout.max)
2022-12-02 11:12:26,573 [pool-94-thread-1] INFO  server.RaftServerConfigKeys (ConfUtils.java:logGet(46)) - raft.server.log.appender.install.snapshot.enabled = false (custom)
2022-12-02 11:12:26,573 [pool-94-thread-1] INFO  server.RaftServerConfigKeys (ConfUtils.java:logGet(46)) - raft.server.threadpool.server.cached = true (default)
2022-12-02 11:12:26,573 [pool-94-thread-1] INFO  server.RaftServerConfigKeys (ConfUtils.java:logGet(46)) - raft.server.threadpool.server.size = 0 (default)
2022-12-02 11:12:26,573 [pool-94-thread-1] INFO  server.RaftServerConfigKeys (ConfUtils.java:logGet(46)) - raft.server.threadpool.client.cached = true (default)
2022-12-02 11:12:26,573 [pool-94-thread-1] INFO  server.RaftServerConfigKeys (ConfUtils.java:logGet(46)) - raft.server.threadpool.client.size = 0 (default)
2022-12-02 11:12:26,578 [pool-94-thread-1] INFO  storage.RaftStorageDirectory (RaftStorageDirectoryImpl.java:analyzeStorage(137)) - The storage directory /home/runner/work/ozone/ozone/hadoop-ozone/integration-test/target/test-dir/MiniOzoneClusterImpl-89ec7bf9-65dc-45db-bd6d-bd896179de2e/datanode-1/data/ratis/5fc3ad94-7ee4-4df5-bacf-9ef4914689b9 does not exist. Creating ...
2022-12-02 11:12:26,579 [pool-94-thread-1] INFO  storage.RaftStorageDirectory (RaftStorageDirectoryImpl.java:tryLock(231)) - Lock on /home/runner/work/ozone/ozone/hadoop-ozone/integration-test/target/test-dir/MiniOzoneClusterImpl-89ec7bf9-65dc-45db-bd6d-bd896179de2e/datanode-1/data/ratis/5fc3ad94-7ee4-4df5-bacf-9ef4914689b9/in_use.lock acquired by nodename 6885@fv-az205-634
2022-12-02 11:12:26,581 [pool-94-thread-1] INFO  storage.RaftStorage (RaftStorageImpl.java:format(96)) - Storage directory /home/runner/work/ozone/ozone/hadoop-ozone/integration-test/target/test-dir/MiniOzoneClusterImpl-89ec7bf9-65dc-45db-bd6d-bd896179de2e/datanode-1/data/ratis/5fc3ad94-7ee4-4df5-bacf-9ef4914689b9 has been successfully formatted.
2022-12-02 11:12:26,582 [pool-94-thread-1] INFO  ratis.ContainerStateMachine (ContainerStateMachine.java:loadSnapshot(236)) - group-9EF4914689B9: The snapshot info is null. Setting the last applied indexto:(t:0, i:~)
2022-12-02 11:12:26,582 [pool-94-thread-1] INFO  server.RaftServerConfigKeys (ConfUtils.java:logGet(46)) - raft.server.log.use.memory = false (default)
2022-12-02 11:12:26,582 [pool-94-thread-1] INFO  server.RaftServerConfigKeys (ConfUtils.java:logGet(46)) - raft.server.log.purge.gap = 1000000 (custom)
2022-12-02 11:12:26,582 [pool-94-thread-1] INFO  server.RaftServerConfigKeys (ConfUtils.java:logGet(46)) - raft.server.log.appender.buffer.byte-limit = 33554432 (custom)
2022-12-02 11:12:26,582 [pool-94-thread-1] INFO  server.RaftServerConfigKeys (ConfUtils.java:logGet(46)) - raft.server.log.statemachine.data.read.timeout = 1000ms (default)
2022-12-02 11:12:26,582 [pool-94-thread-1] INFO  server.RaftServerConfigKeys (ConfUtils.java:logGet(46)) - raft.server.log.purge.preservation.log.num = 0 (default)
2022-12-02 11:12:26,584 [pool-94-thread-1] INFO  server.RaftServerConfigKeys (ConfUtils.java:logGet(46)) - raft.server.log.segment.size.max = 1048576 (custom)
2022-12-02 11:12:26,585 [pool-94-thread-1] INFO  server.RaftServerConfigKeys (ConfUtils.java:logGet(46)) - raft.server.log.segment.cache.num.max = 2 (custom)
2022-12-02 11:12:26,585 [EventQueue-CommandQueueReportForCommandQueueReportHandler] WARN  events.EventQueue (EventQueue.java:fireEvent(216)) - No event handler registered for event TypedEvent{payloadType=DatanodeDetails, name='Datanode_Command_Queue_Updated'}
2022-12-02 11:12:26,585 [EventQueue-OpenPipelineForHealthyPipelineSafeModeRule] INFO  safemode.SCMSafeModeManager (HealthyPipelineSafeModeRule.java:process(137)) - SCM in safe mode. Healthy pipelines reported count is 0, required healthy pipeline reported count is 1
2022-12-02 11:12:26,585 [pool-94-thread-1] INFO  server.RaftServerConfigKeys (ConfUtils.java:logGet(46)) - raft.server.log.segment.cache.size.max = 200MB (=209715200) (default)
2022-12-02 11:12:26,586 [pool-94-thread-1] INFO  segmented.SegmentedRaftLogWorker (SegmentedRaftLogWorker.java:<init>(189)) - new 3706267d-b1e5-497c-b8ee-f9aaec0fcf2c@group-9EF4914689B9-SegmentedRaftLogWorker for RaftStorageImpl:Storage Directory /home/runner/work/ozone/ozone/hadoop-ozone/integration-test/target/test-dir/MiniOzoneClusterImpl-89ec7bf9-65dc-45db-bd6d-bd896179de2e/datanode-1/data/ratis/5fc3ad94-7ee4-4df5-bacf-9ef4914689b9
2022-12-02 11:12:26,586 [pool-94-thread-1] INFO  server.RaftServerConfigKeys (ConfUtils.java:logGet(46)) - raft.server.log.queue.byte-limit = 4294967296 (custom)
2022-12-02 11:12:26,586 [pool-94-thread-1] INFO  server.RaftServerConfigKeys (ConfUtils.java:logGet(46)) - raft.server.log.queue.element-limit = 1024 (custom)
2022-12-02 11:12:26,586 [pool-94-thread-1] INFO  server.RaftServerConfigKeys (ConfUtils.java:logGet(46)) - raft.server.log.segment.size.max = 1048576 (custom)
2022-12-02 11:12:26,586 [pool-94-thread-1] INFO  server.RaftServerConfigKeys (ConfUtils.java:logGet(46)) - raft.server.log.preallocated.size = 16384 (custom)
2022-12-02 11:12:26,586 [pool-94-thread-1] INFO  server.RaftServerConfigKeys (ConfUtils.java:logGet(46)) - raft.server.log.force.sync.num = 128 (default)
2022-12-02 11:12:26,586 [pool-94-thread-1] INFO  server.RaftServerConfigKeys (ConfUtils.java:logGet(46)) - raft.server.log.statemachine.data.sync = true (default)
2022-12-02 11:12:26,586 [pool-94-thread-1] INFO  server.RaftServerConfigKeys (ConfUtils.java:logGet(46)) - raft.server.log.statemachine.data.sync.timeout = 10s (default)
2022-12-02 11:12:26,586 [pool-94-thread-1] INFO  server.RaftServerConfigKeys (ConfUtils.java:logGet(46)) - raft.server.log.statemachine.data.sync.timeout.retry = -1 (default)
2022-12-02 11:12:26,590 [pool-94-thread-1] INFO  server.RaftServerConfigKeys (ConfUtils.java:logGet(46)) - raft.server.log.write.buffer.size = 1048576 (custom)
2022-12-02 11:12:26,591 [pool-94-thread-1] INFO  server.RaftServerConfigKeys (ConfUtils.java:logGet(46)) - raft.server.log.appender.buffer.byte-limit = 33554432 (custom)
2022-12-02 11:12:26,606 [pool-94-thread-1] INFO  server.RaftServerConfigKeys (ConfUtils.java:logGet(46)) - raft.server.log.unsafe-flush.enabled = false (default)
2022-12-02 11:12:26,606 [pool-94-thread-1] INFO  server.RaftServerConfigKeys (ConfUtils.java:logGet(46)) - raft.server.log.async-flush.enabled = false (default)
2022-12-02 11:12:26,606 [pool-94-thread-1] INFO  server.RaftServerConfigKeys (ConfUtils.java:logGet(46)) - raft.server.log.statemachine.data.caching.enabled = true (custom)
2022-12-02 11:12:26,606 [pool-94-thread-1] INFO  segmented.SegmentedRaftLogWorker (SegmentedRaftLogWorker.java:lambda$new$0(135)) - 3706267d-b1e5-497c-b8ee-f9aaec0fcf2c@group-9EF4914689B9-SegmentedRaftLogWorker: flushIndex: setUnconditionally 0 -> -1
2022-12-02 11:12:26,607 [pool-94-thread-1] INFO  segmented.SegmentedRaftLogWorker (SegmentedRaftLogWorker.java:lambda$new$0(135)) - 3706267d-b1e5-497c-b8ee-f9aaec0fcf2c@group-9EF4914689B9-SegmentedRaftLogWorker: safeCacheEvictIndex: setUnconditionally 0 -> -1
2022-12-02 11:12:26,620 [pool-94-thread-1] INFO  server.RaftServer$Division (RaftServerImpl.java:start(334)) - 3706267d-b1e5-497c-b8ee-f9aaec0fcf2c@group-9EF4914689B9: start as a follower, conf=-1: peers:[3706267d-b1e5-497c-b8ee-f9aaec0fcf2c|rpc:10.1.0.7:40063|priority:0|startupRole:FOLLOWER, 64d479e5-fe0e-4358-9b9b-67f62582a254|rpc:10.1.0.7:43823|priority:0|startupRole:FOLLOWER, 3e07bada-20ca-43dd-a36a-6fd4f7654e72|rpc:10.1.0.7:34107|priority:1|startupRole:FOLLOWER]|listeners:[], old=null
2022-12-02 11:12:26,620 [pool-94-thread-1] INFO  server.RaftServer$Division (RaftServerImpl.java:setRole(321)) - 3706267d-b1e5-497c-b8ee-f9aaec0fcf2c@group-9EF4914689B9: changes role from      null to FOLLOWER at term 0 for startAsFollower
2022-12-02 11:12:26,620 [pool-94-thread-1] INFO  impl.RoleInfo (RoleInfo.java:updateAndGet(139)) - 3706267d-b1e5-497c-b8ee-f9aaec0fcf2c: start 3706267d-b1e5-497c-b8ee-f9aaec0fcf2c@group-9EF4914689B9-FollowerState
2022-12-02 11:12:26,622 [pool-94-thread-1] INFO  util.JmxRegister (JmxRegister.java:tryRegister(44)) - Successfully registered JMX Bean with object name Ratis:service=RaftServer,group=group-9EF4914689B9,id=3706267d-b1e5-497c-b8ee-f9aaec0fcf2c
2022-12-02 11:12:26,622 [pool-94-thread-1] INFO  server.RaftServerConfigKeys (ConfUtils.java:logGet(46)) - raft.server.snapshot.auto.trigger.enabled = true (custom)
2022-12-02 11:12:26,622 [pool-94-thread-1] INFO  server.RaftServerConfigKeys (ConfUtils.java:logGet(46)) - raft.server.snapshot.auto.trigger.threshold = 10000 (custom)
2022-12-02 11:12:26,623 [pool-94-thread-1] INFO  server.RaftServerConfigKeys (ConfUtils.java:logGet(46)) - raft.server.snapshot.retention.file.num = 5 (custom)
2022-12-02 11:12:26,623 [pool-94-thread-1] INFO  server.RaftServerConfigKeys (ConfUtils.java:logGet(46)) - raft.server.log.purge.upto.snapshot.index = false (default)
2022-12-02 11:12:26,627 [3706267d-b1e5-497c-b8ee-f9aaec0fcf2c@group-9EF4914689B9-FollowerState] INFO  server.RaftServerConfigKeys (ConfUtils.java:logFallback(53)) - raft.server.rpc.first-election.timeout.min = 5s (fallback to raft.server.rpc.timeout.min)
2022-12-02 11:12:26,627 [3706267d-b1e5-497c-b8ee-f9aaec0fcf2c@group-9EF4914689B9-FollowerState] INFO  server.RaftServerConfigKeys (ConfUtils.java:logFallback(53)) - raft.server.rpc.first-election.timeout.max = 5200ms (fallback to raft.server.rpc.timeout.max)
2022-12-02 11:12:26,627 [Command processor thread] INFO  ratis.XceiverServerRatis (XceiverServerRatis.java:addGroup(765)) - Created group PipelineID=5fc3ad94-7ee4-4df5-bacf-9ef4914689b9
2022-12-02 11:12:26,657 [grpc-default-executor-0] INFO  server.RaftServer (RaftServerProxy.java:addNew(96)) - 3e07bada-20ca-43dd-a36a-6fd4f7654e72: addNew group-9EF4914689B9:[3706267d-b1e5-497c-b8ee-f9aaec0fcf2c|rpc:10.1.0.7:40063|dataStream:|priority:0|startupRole:FOLLOWER, 64d479e5-fe0e-4358-9b9b-67f62582a254|rpc:10.1.0.7:43823|dataStream:|priority:0|startupRole:FOLLOWER, 3e07bada-20ca-43dd-a36a-6fd4f7654e72|rpc:10.1.0.7:34107|dataStream:|priority:1|startupRole:FOLLOWER] returns group-9EF4914689B9:java.util.concurrent.CompletableFuture@36d9513a[Not completed]
2022-12-02 11:12:26,661 [pool-117-thread-1] INFO  server.RaftServer$Division (RaftServerImpl.java:<init>(195)) - 3e07bada-20ca-43dd-a36a-6fd4f7654e72: new RaftServerImpl for group-9EF4914689B9:[3706267d-b1e5-497c-b8ee-f9aaec0fcf2c|rpc:10.1.0.7:40063|dataStream:|priority:0|startupRole:FOLLOWER, 64d479e5-fe0e-4358-9b9b-67f62582a254|rpc:10.1.0.7:43823|dataStream:|priority:0|startupRole:FOLLOWER, 3e07bada-20ca-43dd-a36a-6fd4f7654e72|rpc:10.1.0.7:34107|dataStream:|priority:1|startupRole:FOLLOWER] with ContainerStateMachine:uninitialized
2022-12-02 11:12:26,661 [pool-117-thread-1] INFO  server.RaftServerConfigKeys (ConfUtils.java:logGet(46)) - raft.server.rpc.timeout.min = 5s (custom)
2022-12-02 11:12:26,663 [pool-117-thread-1] INFO  server.RaftServerConfigKeys (ConfUtils.java:logGet(46)) - raft.server.rpc.timeout.max = 5200ms (custom)
2022-12-02 11:12:26,663 [pool-117-thread-1] INFO  server.RaftServerConfigKeys (ConfUtils.java:logGet(46)) - raft.server.rpc.sleep.time = 25ms (default)
2022-12-02 11:12:26,663 [pool-117-thread-1] INFO  server.RaftServerConfigKeys (ConfUtils.java:logGet(46)) - raft.server.rpc.slowness.timeout = 300s (custom)
2022-12-02 11:12:26,663 [pool-117-thread-1] INFO  server.RaftServerConfigKeys (ConfUtils.java:logGet(46)) - raft.server.leaderelection.leader.step-down.wait-time = 10s (default)
2022-12-02 11:12:26,663 [pool-117-thread-1] INFO  server.RaftServerConfigKeys (ConfUtils.java:logGet(46)) - raft.server.sleep.deviation.threshold = 300ms (default)
2022-12-02 11:12:26,663 [pool-117-thread-1] INFO  server.RaftServer$Division (ServerState.java:<init>(118)) - 3e07bada-20ca-43dd-a36a-6fd4f7654e72@group-9EF4914689B9: ConfigurationManager, init=-1: peers:[3706267d-b1e5-497c-b8ee-f9aaec0fcf2c|rpc:10.1.0.7:40063|dataStream:|priority:0|startupRole:FOLLOWER, 64d479e5-fe0e-4358-9b9b-67f62582a254|rpc:10.1.0.7:43823|dataStream:|priority:0|startupRole:FOLLOWER, 3e07bada-20ca-43dd-a36a-6fd4f7654e72|rpc:10.1.0.7:34107|dataStream:|priority:1|startupRole:FOLLOWER]|listeners:[], old=null, confs=<EMPTY_MAP>
2022-12-02 11:12:26,663 [pool-117-thread-1] INFO  server.RaftServerConfigKeys (ConfUtils.java:logGet(46)) - raft.server.storage.dir = [/home/runner/work/ozone/ozone/hadoop-ozone/integration-test/target/test-dir/MiniOzoneClusterImpl-89ec7bf9-65dc-45db-bd6d-bd896179de2e/datanode-2/data/ratis] (custom)
2022-12-02 11:12:26,663 [pool-117-thread-1] INFO  server.RaftServerConfigKeys (ConfUtils.java:logGet(46)) - raft.server.log.corruption.policy = EXCEPTION (default)
2022-12-02 11:12:26,663 [pool-117-thread-1] INFO  server.RaftServerConfigKeys (ConfUtils.java:logGet(46)) - raft.server.storage.free-space.min = 0MB (=0) (default)
2022-12-02 11:12:26,665 [pool-117-thread-1] INFO  server.RaftServerConfigKeys (ConfUtils.java:logGet(46)) - raft.server.notification.no-leader.timeout = 300s (custom)
2022-12-02 11:12:26,665 [pool-117-thread-1] INFO  server.RaftServerConfigKeys (ConfUtils.java:logGet(46)) - raft.server.retrycache.expirytime = 600000ms (custom)
2022-12-02 11:12:26,665 [pool-117-thread-1] INFO  server.RaftServerConfigKeys (ConfUtils.java:logGet(46)) - raft.server.retrycache.statistics.expirytime = 100μs (default)
2022-12-02 11:12:26,671 [pool-117-thread-1] INFO  server.RaftServerConfigKeys (ConfUtils.java:logGet(46)) - raft.server.log.appender.install.snapshot.enabled = false (custom)
2022-12-02 11:12:26,671 [pool-117-thread-1] INFO  server.RaftServerConfigKeys (ConfUtils.java:logGet(46)) - raft.server.threadpool.server.cached = true (default)
2022-12-02 11:12:26,671 [pool-117-thread-1] INFO  server.RaftServerConfigKeys (ConfUtils.java:logGet(46)) - raft.server.threadpool.server.size = 0 (default)
2022-12-02 11:12:26,671 [pool-117-thread-1] INFO  server.RaftServerConfigKeys (ConfUtils.java:logGet(46)) - raft.server.threadpool.client.cached = true (default)
2022-12-02 11:12:26,672 [pool-117-thread-1] INFO  server.RaftServerConfigKeys (ConfUtils.java:logGet(46)) - raft.server.threadpool.client.size = 0 (default)
2022-12-02 11:12:26,672 [pool-117-thread-1] INFO  storage.RaftStorageDirectory (RaftStorageDirectoryImpl.java:analyzeStorage(137)) - The storage directory /home/runner/work/ozone/ozone/hadoop-ozone/integration-test/target/test-dir/MiniOzoneClusterImpl-89ec7bf9-65dc-45db-bd6d-bd896179de2e/datanode-2/data/ratis/5fc3ad94-7ee4-4df5-bacf-9ef4914689b9 does not exist. Creating ...
2022-12-02 11:12:26,675 [pool-117-thread-1] INFO  storage.RaftStorageDirectory (RaftStorageDirectoryImpl.java:tryLock(231)) - Lock on /home/runner/work/ozone/ozone/hadoop-ozone/integration-test/target/test-dir/MiniOzoneClusterImpl-89ec7bf9-65dc-45db-bd6d-bd896179de2e/datanode-2/data/ratis/5fc3ad94-7ee4-4df5-bacf-9ef4914689b9/in_use.lock acquired by nodename 6885@fv-az205-634
2022-12-02 11:12:26,677 [pool-117-thread-1] INFO  storage.RaftStorage (RaftStorageImpl.java:format(96)) - Storage directory /home/runner/work/ozone/ozone/hadoop-ozone/integration-test/target/test-dir/MiniOzoneClusterImpl-89ec7bf9-65dc-45db-bd6d-bd896179de2e/datanode-2/data/ratis/5fc3ad94-7ee4-4df5-bacf-9ef4914689b9 has been successfully formatted.
2022-12-02 11:12:26,680 [pool-117-thread-1] INFO  ratis.ContainerStateMachine (ContainerStateMachine.java:loadSnapshot(236)) - group-9EF4914689B9: The snapshot info is null. Setting the last applied indexto:(t:0, i:~)
2022-12-02 11:12:26,681 [EventQueue-CommandQueueReportForCommandQueueReportHandler] WARN  events.EventQueue (EventQueue.java:fireEvent(216)) - No event handler registered for event TypedEvent{payloadType=DatanodeDetails, name='Datanode_Command_Queue_Updated'}
2022-12-02 11:12:26,683 [pool-117-thread-1] INFO  server.RaftServerConfigKeys (ConfUtils.java:logGet(46)) - raft.server.log.use.memory = false (default)
2022-12-02 11:12:26,683 [pool-117-thread-1] INFO  server.RaftServerConfigKeys (ConfUtils.java:logGet(46)) - raft.server.log.purge.gap = 1000000 (custom)
2022-12-02 11:12:26,683 [pool-117-thread-1] INFO  server.RaftServerConfigKeys (ConfUtils.java:logGet(46)) - raft.server.log.appender.buffer.byte-limit = 33554432 (custom)
2022-12-02 11:12:26,683 [pool-117-thread-1] INFO  server.RaftServerConfigKeys (ConfUtils.java:logGet(46)) - raft.server.log.statemachine.data.read.timeout = 1000ms (default)
2022-12-02 11:12:26,683 [pool-117-thread-1] INFO  server.RaftServerConfigKeys (ConfUtils.java:logGet(46)) - raft.server.log.purge.preservation.log.num = 0 (default)
2022-12-02 11:12:26,684 [pool-117-thread-1] INFO  server.RaftServerConfigKeys (ConfUtils.java:logGet(46)) - raft.server.log.segment.size.max = 1048576 (custom)
2022-12-02 11:12:26,684 [pool-117-thread-1] INFO  server.RaftServerConfigKeys (ConfUtils.java:logGet(46)) - raft.server.log.segment.cache.num.max = 2 (custom)
2022-12-02 11:12:26,684 [pool-117-thread-1] INFO  server.RaftServerConfigKeys (ConfUtils.java:logGet(46)) - raft.server.log.segment.cache.size.max = 200MB (=209715200) (default)
2022-12-02 11:12:26,685 [pool-117-thread-1] INFO  segmented.SegmentedRaftLogWorker (SegmentedRaftLogWorker.java:<init>(189)) - new 3e07bada-20ca-43dd-a36a-6fd4f7654e72@group-9EF4914689B9-SegmentedRaftLogWorker for RaftStorageImpl:Storage Directory /home/runner/work/ozone/ozone/hadoop-ozone/integration-test/target/test-dir/MiniOzoneClusterImpl-89ec7bf9-65dc-45db-bd6d-bd896179de2e/datanode-2/data/ratis/5fc3ad94-7ee4-4df5-bacf-9ef4914689b9
2022-12-02 11:12:26,685 [pool-117-thread-1] INFO  server.RaftServerConfigKeys (ConfUtils.java:logGet(46)) - raft.server.log.queue.byte-limit = 4294967296 (custom)
2022-12-02 11:12:26,685 [pool-117-thread-1] INFO  server.RaftServerConfigKeys (ConfUtils.java:logGet(46)) - raft.server.log.queue.element-limit = 1024 (custom)
2022-12-02 11:12:26,686 [pool-117-thread-1] INFO  server.RaftServerConfigKeys (ConfUtils.java:logGet(46)) - raft.server.log.segment.size.max = 1048576 (custom)
2022-12-02 11:12:26,686 [pool-117-thread-1] INFO  server.RaftServerConfigKeys (ConfUtils.java:logGet(46)) - raft.server.log.preallocated.size = 16384 (custom)
2022-12-02 11:12:26,686 [pool-117-thread-1] INFO  server.RaftServerConfigKeys (ConfUtils.java:logGet(46)) - raft.server.log.force.sync.num = 128 (default)
2022-12-02 11:12:26,686 [pool-117-thread-1] INFO  server.RaftServerConfigKeys (ConfUtils.java:logGet(46)) - raft.server.log.statemachine.data.sync = true (default)
2022-12-02 11:12:26,687 [pool-117-thread-1] INFO  server.RaftServerConfigKeys (ConfUtils.java:logGet(46)) - raft.server.log.statemachine.data.sync.timeout = 10s (default)
2022-12-02 11:12:26,687 [pool-117-thread-1] INFO  server.RaftServerConfigKeys (ConfUtils.java:logGet(46)) - raft.server.log.statemachine.data.sync.timeout.retry = -1 (default)
2022-12-02 11:12:26,688 [pool-117-thread-1] INFO  server.RaftServerConfigKeys (ConfUtils.java:logGet(46)) - raft.server.log.write.buffer.size = 1048576 (custom)
2022-12-02 11:12:26,690 [pool-117-thread-1] INFO  server.RaftServerConfigKeys (ConfUtils.java:logGet(46)) - raft.server.log.appender.buffer.byte-limit = 33554432 (custom)
2022-12-02 11:12:26,936 [pool-117-thread-1] INFO  server.RaftServerConfigKeys (ConfUtils.java:logGet(46)) - raft.server.log.unsafe-flush.enabled = false (default)
2022-12-02 11:12:26,936 [pool-117-thread-1] INFO  server.RaftServerConfigKeys (ConfUtils.java:logGet(46)) - raft.server.log.async-flush.enabled = false (default)
2022-12-02 11:12:26,936 [Command processor thread] INFO  server.RaftServer (RaftServerProxy.java:addNew(96)) - 3e07bada-20ca-43dd-a36a-6fd4f7654e72: addNew group-7403BEF566E9:[3e07bada-20ca-43dd-a36a-6fd4f7654e72|rpc:10.1.0.7:34107|priority:1|startupRole:FOLLOWER] returns group-7403BEF566E9:java.util.concurrent.CompletableFuture@3d5d870d[Not completed]
2022-12-02 11:12:26,938 [pool-117-thread-1] INFO  server.RaftServerConfigKeys (ConfUtils.java:logGet(46)) - raft.server.log.statemachine.data.caching.enabled = true (custom)
2022-12-02 11:12:26,940 [pool-117-thread-1] INFO  segmented.SegmentedRaftLogWorker (SegmentedRaftLogWorker.java:lambda$new$0(135)) - 3e07bada-20ca-43dd-a36a-6fd4f7654e72@group-9EF4914689B9-SegmentedRaftLogWorker: flushIndex: setUnconditionally 0 -> -1
2022-12-02 11:12:26,940 [pool-117-thread-1] INFO  segmented.SegmentedRaftLogWorker (SegmentedRaftLogWorker.java:lambda$new$0(135)) - 3e07bada-20ca-43dd-a36a-6fd4f7654e72@group-9EF4914689B9-SegmentedRaftLogWorker: safeCacheEvictIndex: setUnconditionally 0 -> -1
2022-12-02 11:12:26,944 [pool-117-thread-1] INFO  server.RaftServer$Division (RaftServerImpl.java:start(334)) - 3e07bada-20ca-43dd-a36a-6fd4f7654e72@group-9EF4914689B9: start as a follower, conf=-1: peers:[3706267d-b1e5-497c-b8ee-f9aaec0fcf2c|rpc:10.1.0.7:40063|dataStream:|priority:0|startupRole:FOLLOWER, 64d479e5-fe0e-4358-9b9b-67f62582a254|rpc:10.1.0.7:43823|dataStream:|priority:0|startupRole:FOLLOWER, 3e07bada-20ca-43dd-a36a-6fd4f7654e72|rpc:10.1.0.7:34107|dataStream:|priority:1|startupRole:FOLLOWER]|listeners:[], old=null
2022-12-02 11:12:26,944 [pool-117-thread-1] INFO  server.RaftServer$Division (RaftServerImpl.java:setRole(321)) - 3e07bada-20ca-43dd-a36a-6fd4f7654e72@group-9EF4914689B9: changes role from      null to FOLLOWER at term 0 for startAsFollower
2022-12-02 11:12:26,944 [pool-117-thread-1] INFO  impl.RoleInfo (RoleInfo.java:updateAndGet(139)) - 3e07bada-20ca-43dd-a36a-6fd4f7654e72: start 3e07bada-20ca-43dd-a36a-6fd4f7654e72@group-9EF4914689B9-FollowerState
2022-12-02 11:12:26,962 [pool-117-thread-1] INFO  util.JmxRegister (JmxRegister.java:tryRegister(44)) - Successfully registered JMX Bean with object name Ratis:service=RaftServer,group=group-9EF4914689B9,id=3e07bada-20ca-43dd-a36a-6fd4f7654e72
2022-12-02 11:12:26,962 [pool-117-thread-1] INFO  server.RaftServerConfigKeys (ConfUtils.java:logGet(46)) - raft.server.snapshot.auto.trigger.enabled = true (custom)
2022-12-02 11:12:26,962 [pool-117-thread-1] INFO  server.RaftServerConfigKeys (ConfUtils.java:logGet(46)) - raft.server.snapshot.auto.trigger.threshold = 10000 (custom)
2022-12-02 11:12:26,962 [pool-117-thread-1] INFO  server.RaftServerConfigKeys (ConfUtils.java:logGet(46)) - raft.server.snapshot.retention.file.num = 5 (custom)
2022-12-02 11:12:26,963 [pool-117-thread-1] INFO  server.RaftServerConfigKeys (ConfUtils.java:logGet(46)) - raft.server.log.purge.upto.snapshot.index = false (default)
2022-12-02 11:12:26,964 [3e07bada-20ca-43dd-a36a-6fd4f7654e72@group-9EF4914689B9-FollowerState] INFO  server.RaftServerConfigKeys (ConfUtils.java:logFallback(53)) - raft.server.rpc.first-election.timeout.min = 5s (fallback to raft.server.rpc.timeout.min)
2022-12-02 11:12:26,973 [3e07bada-20ca-43dd-a36a-6fd4f7654e72@group-9EF4914689B9-FollowerState] INFO  server.RaftServerConfigKeys (ConfUtils.java:logFallback(53)) - raft.server.rpc.first-election.timeout.max = 5200ms (fallback to raft.server.rpc.timeout.max)
2022-12-02 11:12:26,971 [pool-117-thread-1] INFO  server.RaftServer$Division (RaftServerImpl.java:<init>(195)) - 3e07bada-20ca-43dd-a36a-6fd4f7654e72: new RaftServerImpl for group-7403BEF566E9:[3e07bada-20ca-43dd-a36a-6fd4f7654e72|rpc:10.1.0.7:34107|priority:1|startupRole:FOLLOWER] with ContainerStateMachine:uninitialized
2022-12-02 11:12:26,973 [pool-117-thread-1] INFO  server.RaftServerConfigKeys (ConfUtils.java:logGet(46)) - raft.server.rpc.timeout.min = 5s (custom)
2022-12-02 11:12:26,973 [pool-117-thread-1] INFO  server.RaftServerConfigKeys (ConfUtils.java:logGet(46)) - raft.server.rpc.timeout.max = 5200ms (custom)
2022-12-02 11:12:26,973 [pool-117-thread-1] INFO  server.RaftServerConfigKeys (ConfUtils.java:logGet(46)) - raft.server.rpc.sleep.time = 25ms (default)
2022-12-02 11:12:26,973 [pool-117-thread-1] INFO  server.RaftServerConfigKeys (ConfUtils.java:logGet(46)) - raft.server.rpc.slowness.timeout = 300s (custom)
2022-12-02 11:12:26,973 [pool-117-thread-1] INFO  server.RaftServerConfigKeys (ConfUtils.java:logGet(46)) - raft.server.leaderelection.leader.step-down.wait-time = 10s (default)
2022-12-02 11:12:26,973 [pool-117-thread-1] INFO  server.RaftServerConfigKeys (ConfUtils.java:logGet(46)) - raft.server.sleep.deviation.threshold = 300ms (default)
2022-12-02 11:12:26,974 [pool-117-thread-1] INFO  server.RaftServer$Division (ServerState.java:<init>(118)) - 3e07bada-20ca-43dd-a36a-6fd4f7654e72@group-7403BEF566E9: ConfigurationManager, init=-1: peers:[3e07bada-20ca-43dd-a36a-6fd4f7654e72|rpc:10.1.0.7:34107|priority:1|startupRole:FOLLOWER]|listeners:[], old=null, confs=<EMPTY_MAP>
2022-12-02 11:12:26,974 [pool-117-thread-1] INFO  server.RaftServerConfigKeys (ConfUtils.java:logGet(46)) - raft.server.storage.dir = [/home/runner/work/ozone/ozone/hadoop-ozone/integration-test/target/test-dir/MiniOzoneClusterImpl-89ec7bf9-65dc-45db-bd6d-bd896179de2e/datanode-2/data/ratis] (custom)
2022-12-02 11:12:26,974 [pool-117-thread-1] INFO  server.RaftServerConfigKeys (ConfUtils.java:logGet(46)) - raft.server.log.corruption.policy = EXCEPTION (default)
2022-12-02 11:12:26,974 [pool-117-thread-1] INFO  server.RaftServerConfigKeys (ConfUtils.java:logGet(46)) - raft.server.storage.free-space.min = 0MB (=0) (default)
2022-12-02 11:12:26,974 [pool-117-thread-1] INFO  server.RaftServerConfigKeys (ConfUtils.java:logGet(46)) - raft.server.notification.no-leader.timeout = 300s (custom)
2022-12-02 11:12:26,974 [pool-117-thread-1] INFO  server.RaftServerConfigKeys (ConfUtils.java:logGet(46)) - raft.server.retrycache.expirytime = 600000ms (custom)
2022-12-02 11:12:26,974 [pool-117-thread-1] INFO  server.RaftServerConfigKeys (ConfUtils.java:logGet(46)) - raft.server.retrycache.statistics.expirytime = 100μs (default)
2022-12-02 11:12:26,979 [pool-117-thread-1] INFO  server.RaftServerConfigKeys (ConfUtils.java:logGet(46)) - raft.server.log.appender.install.snapshot.enabled = false (custom)
2022-12-02 11:12:26,979 [pool-117-thread-1] INFO  server.RaftServerConfigKeys (ConfUtils.java:logGet(46)) - raft.server.threadpool.server.cached = true (default)
2022-12-02 11:12:26,979 [pool-117-thread-1] INFO  server.RaftServerConfigKeys (ConfUtils.java:logGet(46)) - raft.server.threadpool.server.size = 0 (default)
2022-12-02 11:12:26,979 [pool-117-thread-1] INFO  server.RaftServerConfigKeys (ConfUtils.java:logGet(46)) - raft.server.threadpool.client.cached = true (default)
2022-12-02 11:12:26,979 [pool-117-thread-1] INFO  server.RaftServerConfigKeys (ConfUtils.java:logGet(46)) - raft.server.threadpool.client.size = 0 (default)
2022-12-02 11:12:26,980 [pool-117-thread-1] INFO  storage.RaftStorageDirectory (RaftStorageDirectoryImpl.java:analyzeStorage(137)) - The storage directory /home/runner/work/ozone/ozone/hadoop-ozone/integration-test/target/test-dir/MiniOzoneClusterImpl-89ec7bf9-65dc-45db-bd6d-bd896179de2e/datanode-2/data/ratis/ecf2a401-02d1-44dc-a0dd-7403bef566e9 does not exist. Creating ...
2022-12-02 11:12:26,982 [pool-117-thread-1] INFO  storage.RaftStorageDirectory (RaftStorageDirectoryImpl.java:tryLock(231)) - Lock on /home/runner/work/ozone/ozone/hadoop-ozone/integration-test/target/test-dir/MiniOzoneClusterImpl-89ec7bf9-65dc-45db-bd6d-bd896179de2e/datanode-2/data/ratis/ecf2a401-02d1-44dc-a0dd-7403bef566e9/in_use.lock acquired by nodename 6885@fv-az205-634
2022-12-02 11:12:26,990 [pool-117-thread-1] INFO  storage.RaftStorage (RaftStorageImpl.java:format(96)) - Storage directory /home/runner/work/ozone/ozone/hadoop-ozone/integration-test/target/test-dir/MiniOzoneClusterImpl-89ec7bf9-65dc-45db-bd6d-bd896179de2e/datanode-2/data/ratis/ecf2a401-02d1-44dc-a0dd-7403bef566e9 has been successfully formatted.
2022-12-02 11:12:26,990 [pool-117-thread-1] INFO  ratis.ContainerStateMachine (ContainerStateMachine.java:loadSnapshot(236)) - group-7403BEF566E9: The snapshot info is null. Setting the last applied indexto:(t:0, i:~)
2022-12-02 11:12:26,990 [pool-117-thread-1] INFO  server.RaftServerConfigKeys (ConfUtils.java:logGet(46)) - raft.server.log.use.memory = false (default)
2022-12-02 11:12:26,991 [pool-117-thread-1] INFO  server.RaftServerConfigKeys (ConfUtils.java:logGet(46)) - raft.server.log.purge.gap = 1000000 (custom)
2022-12-02 11:12:26,991 [pool-117-thread-1] INFO  server.RaftServerConfigKeys (ConfUtils.java:logGet(46)) - raft.server.log.appender.buffer.byte-limit = 33554432 (custom)
2022-12-02 11:12:26,995 [EventQueue-PipelineReportForPipelineReportHandler] INFO  pipeline.PipelineManagerImpl (PipelineManagerImpl.java:openPipeline(367)) - Pipeline Pipeline[ Id: ecf2a401-02d1-44dc-a0dd-7403bef566e9, Nodes: 3e07bada-20ca-43dd-a36a-6fd4f7654e72{ip: 10.1.0.7, host: fv-az205-634.k2gd1z4tyxsu3cbgyjsjq30zwf.jx.internal.cloudapp.net, ports: [REPLICATION=34309, RATIS=34107, RATIS_ADMIN=34107, RATIS_SERVER=34107, STANDALONE=43141], networkLocation: /default-rack, certSerialId: null, persistedOpState: IN_SERVICE, persistedOpStateExpiryEpochSec: 0}, ReplicationConfig: RATIS/ONE, State:ALLOCATED, leaderId:3e07bada-20ca-43dd-a36a-6fd4f7654e72, CreationTimestamp2022-12-02T11:12:23.933Z[Etc/UTC]] moved to OPEN state
2022-12-02 11:12:26,994 [EventQueue-CommandQueueReportForCommandQueueReportHandler] WARN  events.EventQueue (EventQueue.java:fireEvent(216)) - No event handler registered for event TypedEvent{payloadType=DatanodeDetails, name='Datanode_Command_Queue_Updated'}
2022-12-02 11:12:26,996 [EventQueue-OpenPipelineForHealthyPipelineSafeModeRule] INFO  safemode.SCMSafeModeManager (HealthyPipelineSafeModeRule.java:process(137)) - SCM in safe mode. Healthy pipelines reported count is 0, required healthy pipeline reported count is 1
2022-12-02 11:12:27,000 [pool-117-thread-1] INFO  server.RaftServerConfigKeys (ConfUtils.java:logGet(46)) - raft.server.log.statemachine.data.read.timeout = 1000ms (default)
2022-12-02 11:12:27,002 [pool-117-thread-1] INFO  server.RaftServerConfigKeys (ConfUtils.java:logGet(46)) - raft.server.log.purge.preservation.log.num = 0 (default)
2022-12-02 11:12:27,003 [pool-117-thread-1] INFO  server.RaftServerConfigKeys (ConfUtils.java:logGet(46)) - raft.server.log.segment.size.max = 1048576 (custom)
2022-12-02 11:12:27,004 [pool-117-thread-1] INFO  server.RaftServerConfigKeys (ConfUtils.java:logGet(46)) - raft.server.log.segment.cache.num.max = 2 (custom)
2022-12-02 11:12:27,004 [pool-117-thread-1] INFO  server.RaftServerConfigKeys (ConfUtils.java:logGet(46)) - raft.server.log.segment.cache.size.max = 200MB (=209715200) (default)
2022-12-02 11:12:27,004 [pool-117-thread-1] INFO  segmented.SegmentedRaftLogWorker (SegmentedRaftLogWorker.java:<init>(189)) - new 3e07bada-20ca-43dd-a36a-6fd4f7654e72@group-7403BEF566E9-SegmentedRaftLogWorker for RaftStorageImpl:Storage Directory /home/runner/work/ozone/ozone/hadoop-ozone/integration-test/target/test-dir/MiniOzoneClusterImpl-89ec7bf9-65dc-45db-bd6d-bd896179de2e/datanode-2/data/ratis/ecf2a401-02d1-44dc-a0dd-7403bef566e9
2022-12-02 11:12:27,004 [pool-117-thread-1] INFO  server.RaftServerConfigKeys (ConfUtils.java:logGet(46)) - raft.server.log.queue.byte-limit = 4294967296 (custom)
2022-12-02 11:12:27,004 [pool-117-thread-1] INFO  server.RaftServerConfigKeys (ConfUtils.java:logGet(46)) - raft.server.log.queue.element-limit = 1024 (custom)
2022-12-02 11:12:27,004 [pool-117-thread-1] INFO  server.RaftServerConfigKeys (ConfUtils.java:logGet(46)) - raft.server.log.segment.size.max = 1048576 (custom)
2022-12-02 11:12:27,004 [pool-117-thread-1] INFO  server.RaftServerConfigKeys (ConfUtils.java:logGet(46)) - raft.server.log.preallocated.size = 16384 (custom)
2022-12-02 11:12:27,004 [pool-117-thread-1] INFO  server.RaftServerConfigKeys (ConfUtils.java:logGet(46)) - raft.server.log.force.sync.num = 128 (default)
2022-12-02 11:12:27,004 [pool-117-thread-1] INFO  server.RaftServerConfigKeys (ConfUtils.java:logGet(46)) - raft.server.log.statemachine.data.sync = true (default)
2022-12-02 11:12:27,004 [pool-117-thread-1] INFO  server.RaftServerConfigKeys (ConfUtils.java:logGet(46)) - raft.server.log.statemachine.data.sync.timeout = 10s (default)
2022-12-02 11:12:27,005 [pool-117-thread-1] INFO  server.RaftServerConfigKeys (ConfUtils.java:logGet(46)) - raft.server.log.statemachine.data.sync.timeout.retry = -1 (default)
2022-12-02 11:12:27,006 [pool-117-thread-1] INFO  server.RaftServerConfigKeys (ConfUtils.java:logGet(46)) - raft.server.log.write.buffer.size = 1048576 (custom)
2022-12-02 11:12:27,007 [pool-117-thread-1] INFO  server.RaftServerConfigKeys (ConfUtils.java:logGet(46)) - raft.server.log.appender.buffer.byte-limit = 33554432 (custom)
2022-12-02 11:12:27,017 [pool-117-thread-1] INFO  server.RaftServerConfigKeys (ConfUtils.java:logGet(46)) - raft.server.log.unsafe-flush.enabled = false (default)
2022-12-02 11:12:27,017 [pool-117-thread-1] INFO  server.RaftServerConfigKeys (ConfUtils.java:logGet(46)) - raft.server.log.async-flush.enabled = false (default)
2022-12-02 11:12:27,017 [pool-117-thread-1] INFO  server.RaftServerConfigKeys (ConfUtils.java:logGet(46)) - raft.server.log.statemachine.data.caching.enabled = true (custom)
2022-12-02 11:12:27,020 [pool-117-thread-1] INFO  segmented.SegmentedRaftLogWorker (SegmentedRaftLogWorker.java:lambda$new$0(135)) - 3e07bada-20ca-43dd-a36a-6fd4f7654e72@group-7403BEF566E9-SegmentedRaftLogWorker: flushIndex: setUnconditionally 0 -> -1
2022-12-02 11:12:27,020 [pool-117-thread-1] INFO  segmented.SegmentedRaftLogWorker (SegmentedRaftLogWorker.java:lambda$new$0(135)) - 3e07bada-20ca-43dd-a36a-6fd4f7654e72@group-7403BEF566E9-SegmentedRaftLogWorker: safeCacheEvictIndex: setUnconditionally 0 -> -1
2022-12-02 11:12:27,038 [pool-117-thread-1] INFO  server.RaftServer$Division (RaftServerImpl.java:start(334)) - 3e07bada-20ca-43dd-a36a-6fd4f7654e72@group-7403BEF566E9: start as a follower, conf=-1: peers:[3e07bada-20ca-43dd-a36a-6fd4f7654e72|rpc:10.1.0.7:34107|priority:1|startupRole:FOLLOWER]|listeners:[], old=null
2022-12-02 11:12:27,039 [pool-117-thread-1] INFO  server.RaftServer$Division (RaftServerImpl.java:setRole(321)) - 3e07bada-20ca-43dd-a36a-6fd4f7654e72@group-7403BEF566E9: changes role from      null to FOLLOWER at term 0 for startAsFollower
2022-12-02 11:12:27,039 [pool-117-thread-1] INFO  impl.RoleInfo (RoleInfo.java:updateAndGet(139)) - 3e07bada-20ca-43dd-a36a-6fd4f7654e72: start 3e07bada-20ca-43dd-a36a-6fd4f7654e72@group-7403BEF566E9-FollowerState
2022-12-02 11:12:27,040 [pool-117-thread-1] INFO  util.JmxRegister (JmxRegister.java:tryRegister(44)) - Successfully registered JMX Bean with object name Ratis:service=RaftServer,group=group-7403BEF566E9,id=3e07bada-20ca-43dd-a36a-6fd4f7654e72
2022-12-02 11:12:27,041 [pool-117-thread-1] INFO  server.RaftServerConfigKeys (ConfUtils.java:logGet(46)) - raft.server.snapshot.auto.trigger.enabled = true (custom)
2022-12-02 11:12:27,041 [pool-117-thread-1] INFO  server.RaftServerConfigKeys (ConfUtils.java:logGet(46)) - raft.server.snapshot.auto.trigger.threshold = 10000 (custom)
2022-12-02 11:12:27,041 [pool-117-thread-1] INFO  server.RaftServerConfigKeys (ConfUtils.java:logGet(46)) - raft.server.snapshot.retention.file.num = 5 (custom)
2022-12-02 11:12:27,041 [pool-117-thread-1] INFO  server.RaftServerConfigKeys (ConfUtils.java:logGet(46)) - raft.server.log.purge.upto.snapshot.index = false (default)
2022-12-02 11:12:27,042 [3e07bada-20ca-43dd-a36a-6fd4f7654e72@group-7403BEF566E9-FollowerState] INFO  server.RaftServerConfigKeys (ConfUtils.java:logFallback(53)) - raft.server.rpc.first-election.timeout.min = 5s (fallback to raft.server.rpc.timeout.min)
2022-12-02 11:12:27,042 [3e07bada-20ca-43dd-a36a-6fd4f7654e72@group-7403BEF566E9-FollowerState] INFO  server.RaftServerConfigKeys (ConfUtils.java:logFallback(53)) - raft.server.rpc.first-election.timeout.max = 5200ms (fallback to raft.server.rpc.timeout.max)
2022-12-02 11:12:27,044 [Command processor thread] INFO  ratis.XceiverServerRatis (XceiverServerRatis.java:addGroup(765)) - Created group PipelineID=ecf2a401-02d1-44dc-a0dd-7403bef566e9
2022-12-02 11:12:27,044 [EventQueue-CommandQueueReportForCommandQueueReportHandler] WARN  events.EventQueue (EventQueue.java:fireEvent(216)) - No event handler registered for event TypedEvent{payloadType=DatanodeDetails, name='Datanode_Command_Queue_Updated'}
2022-12-02 11:12:27,050 [Command processor thread] INFO  commandhandler.CreatePipelineCommandHandler (CreatePipelineCommandHandler.java:handle(113)) - Created Pipeline RATIS ONE PipelineID=ecf2a401-02d1-44dc-a0dd-7403bef566e9.
2022-12-02 11:12:27,050 [Command processor thread] INFO  server.RaftServer (RaftServerProxy.java:addNew(96)) - 3e07bada-20ca-43dd-a36a-6fd4f7654e72: addNew group-526A283F80C5:[3706267d-b1e5-497c-b8ee-f9aaec0fcf2c|rpc:10.1.0.7:40063|priority:1|startupRole:FOLLOWER, 64d479e5-fe0e-4358-9b9b-67f62582a254|rpc:10.1.0.7:43823|priority:0|startupRole:FOLLOWER, 3e07bada-20ca-43dd-a36a-6fd4f7654e72|rpc:10.1.0.7:34107|priority:0|startupRole:FOLLOWER] returns group-526A283F80C5:java.util.concurrent.CompletableFuture@339a7ed6[Not completed]
2022-12-02 11:12:27,053 [pool-117-thread-1] INFO  server.RaftServer$Division (RaftServerImpl.java:<init>(195)) - 3e07bada-20ca-43dd-a36a-6fd4f7654e72: new RaftServerImpl for group-526A283F80C5:[3706267d-b1e5-497c-b8ee-f9aaec0fcf2c|rpc:10.1.0.7:40063|priority:1|startupRole:FOLLOWER, 64d479e5-fe0e-4358-9b9b-67f62582a254|rpc:10.1.0.7:43823|priority:0|startupRole:FOLLOWER, 3e07bada-20ca-43dd-a36a-6fd4f7654e72|rpc:10.1.0.7:34107|priority:0|startupRole:FOLLOWER] with ContainerStateMachine:uninitialized
2022-12-02 11:12:27,053 [pool-117-thread-1] INFO  server.RaftServerConfigKeys (ConfUtils.java:logGet(46)) - raft.server.rpc.timeout.min = 5s (custom)
2022-12-02 11:12:27,053 [pool-117-thread-1] INFO  server.RaftServerConfigKeys (ConfUtils.java:logGet(46)) - raft.server.rpc.timeout.max = 5200ms (custom)
2022-12-02 11:12:27,054 [pool-117-thread-1] INFO  server.RaftServerConfigKeys (ConfUtils.java:logGet(46)) - raft.server.rpc.sleep.time = 25ms (default)
2022-12-02 11:12:27,064 [pool-117-thread-1] INFO  server.RaftServerConfigKeys (ConfUtils.java:logGet(46)) - raft.server.rpc.slowness.timeout = 300s (custom)
2022-12-02 11:12:27,064 [pool-117-thread-1] INFO  server.RaftServerConfigKeys (ConfUtils.java:logGet(46)) - raft.server.leaderelection.leader.step-down.wait-time = 10s (default)
2022-12-02 11:12:27,064 [pool-117-thread-1] INFO  server.RaftServerConfigKeys (ConfUtils.java:logGet(46)) - raft.server.sleep.deviation.threshold = 300ms (default)
2022-12-02 11:12:27,064 [pool-117-thread-1] INFO  server.RaftServer$Division (ServerState.java:<init>(118)) - 3e07bada-20ca-43dd-a36a-6fd4f7654e72@group-526A283F80C5: ConfigurationManager, init=-1: peers:[3706267d-b1e5-497c-b8ee-f9aaec0fcf2c|rpc:10.1.0.7:40063|priority:1|startupRole:FOLLOWER, 64d479e5-fe0e-4358-9b9b-67f62582a254|rpc:10.1.0.7:43823|priority:0|startupRole:FOLLOWER, 3e07bada-20ca-43dd-a36a-6fd4f7654e72|rpc:10.1.0.7:34107|priority:0|startupRole:FOLLOWER]|listeners:[], old=null, confs=<EMPTY_MAP>
2022-12-02 11:12:27,067 [pool-117-thread-1] INFO  server.RaftServerConfigKeys (ConfUtils.java:logGet(46)) - raft.server.storage.dir = [/home/runner/work/ozone/ozone/hadoop-ozone/integration-test/target/test-dir/MiniOzoneClusterImpl-89ec7bf9-65dc-45db-bd6d-bd896179de2e/datanode-2/data/ratis] (custom)
2022-12-02 11:12:27,067 [pool-117-thread-1] INFO  server.RaftServerConfigKeys (ConfUtils.java:logGet(46)) - raft.server.log.corruption.policy = EXCEPTION (default)
2022-12-02 11:12:27,067 [pool-117-thread-1] INFO  server.RaftServerConfigKeys (ConfUtils.java:logGet(46)) - raft.server.storage.free-space.min = 0MB (=0) (default)
2022-12-02 11:12:27,068 [pool-117-thread-1] INFO  server.RaftServerConfigKeys (ConfUtils.java:logGet(46)) - raft.server.notification.no-leader.timeout = 300s (custom)
2022-12-02 11:12:27,068 [pool-117-thread-1] INFO  server.RaftServerConfigKeys (ConfUtils.java:logGet(46)) - raft.server.retrycache.expirytime = 600000ms (custom)
2022-12-02 11:12:27,068 [pool-117-thread-1] INFO  server.RaftServerConfigKeys (ConfUtils.java:logGet(46)) - raft.server.retrycache.statistics.expirytime = 100μs (default)
2022-12-02 11:12:27,069 [pool-117-thread-1] INFO  server.RaftServerConfigKeys (ConfUtils.java:logGet(46)) - raft.server.log.appender.install.snapshot.enabled = false (custom)
2022-12-02 11:12:27,069 [pool-117-thread-1] INFO  server.RaftServerConfigKeys (ConfUtils.java:logGet(46)) - raft.server.threadpool.server.cached = true (default)
2022-12-02 11:12:27,069 [pool-117-thread-1] INFO  server.RaftServerConfigKeys (ConfUtils.java:logGet(46)) - raft.server.threadpool.server.size = 0 (default)
2022-12-02 11:12:27,069 [pool-117-thread-1] INFO  server.RaftServerConfigKeys (ConfUtils.java:logGet(46)) - raft.server.threadpool.client.cached = true (default)
2022-12-02 11:12:27,069 [pool-117-thread-1] INFO  server.RaftServerConfigKeys (ConfUtils.java:logGet(46)) - raft.server.threadpool.client.size = 0 (default)
2022-12-02 11:12:27,070 [pool-117-thread-1] INFO  storage.RaftStorageDirectory (RaftStorageDirectoryImpl.java:analyzeStorage(137)) - The storage directory /home/runner/work/ozone/ozone/hadoop-ozone/integration-test/target/test-dir/MiniOzoneClusterImpl-89ec7bf9-65dc-45db-bd6d-bd896179de2e/datanode-2/data/ratis/4fea4174-328a-4927-a02f-526a283f80c5 does not exist. Creating ...
2022-12-02 11:12:27,072 [pool-117-thread-1] INFO  storage.RaftStorageDirectory (RaftStorageDirectoryImpl.java:tryLock(231)) - Lock on /home/runner/work/ozone/ozone/hadoop-ozone/integration-test/target/test-dir/MiniOzoneClusterImpl-89ec7bf9-65dc-45db-bd6d-bd896179de2e/datanode-2/data/ratis/4fea4174-328a-4927-a02f-526a283f80c5/in_use.lock acquired by nodename 6885@fv-az205-634
2022-12-02 11:12:27,076 [pool-117-thread-1] INFO  storage.RaftStorage (RaftStorageImpl.java:format(96)) - Storage directory /home/runner/work/ozone/ozone/hadoop-ozone/integration-test/target/test-dir/MiniOzoneClusterImpl-89ec7bf9-65dc-45db-bd6d-bd896179de2e/datanode-2/data/ratis/4fea4174-328a-4927-a02f-526a283f80c5 has been successfully formatted.
2022-12-02 11:12:27,077 [pool-117-thread-1] INFO  ratis.ContainerStateMachine (ContainerStateMachine.java:loadSnapshot(236)) - group-526A283F80C5: The snapshot info is null. Setting the last applied indexto:(t:0, i:~)
2022-12-02 11:12:27,077 [pool-117-thread-1] INFO  server.RaftServerConfigKeys (ConfUtils.java:logGet(46)) - raft.server.log.use.memory = false (default)
2022-12-02 11:12:27,077 [pool-117-thread-1] INFO  server.RaftServerConfigKeys (ConfUtils.java:logGet(46)) - raft.server.log.purge.gap = 1000000 (custom)
2022-12-02 11:12:27,077 [pool-117-thread-1] INFO  server.RaftServerConfigKeys (ConfUtils.java:logGet(46)) - raft.server.log.appender.buffer.byte-limit = 33554432 (custom)
2022-12-02 11:12:27,077 [pool-117-thread-1] INFO  server.RaftServerConfigKeys (ConfUtils.java:logGet(46)) - raft.server.log.statemachine.data.read.timeout = 1000ms (default)
2022-12-02 11:12:27,077 [pool-117-thread-1] INFO  server.RaftServerConfigKeys (ConfUtils.java:logGet(46)) - raft.server.log.purge.preservation.log.num = 0 (default)
2022-12-02 11:12:27,078 [pool-117-thread-1] INFO  server.RaftServerConfigKeys (ConfUtils.java:logGet(46)) - raft.server.log.segment.size.max = 1048576 (custom)
2022-12-02 11:12:27,080 [pool-117-thread-1] INFO  server.RaftServerConfigKeys (ConfUtils.java:logGet(46)) - raft.server.log.segment.cache.num.max = 2 (custom)
2022-12-02 11:12:27,091 [pool-117-thread-1] INFO  server.RaftServerConfigKeys (ConfUtils.java:logGet(46)) - raft.server.log.segment.cache.size.max = 200MB (=209715200) (default)
2022-12-02 11:12:27,091 [pool-117-thread-1] INFO  segmented.SegmentedRaftLogWorker (SegmentedRaftLogWorker.java:<init>(189)) - new 3e07bada-20ca-43dd-a36a-6fd4f7654e72@group-526A283F80C5-SegmentedRaftLogWorker for RaftStorageImpl:Storage Directory /home/runner/work/ozone/ozone/hadoop-ozone/integration-test/target/test-dir/MiniOzoneClusterImpl-89ec7bf9-65dc-45db-bd6d-bd896179de2e/datanode-2/data/ratis/4fea4174-328a-4927-a02f-526a283f80c5
2022-12-02 11:12:27,091 [pool-117-thread-1] INFO  server.RaftServerConfigKeys (ConfUtils.java:logGet(46)) - raft.server.log.queue.byte-limit = 4294967296 (custom)
2022-12-02 11:12:27,091 [pool-117-thread-1] INFO  server.RaftServerConfigKeys (ConfUtils.java:logGet(46)) - raft.server.log.queue.element-limit = 1024 (custom)
2022-12-02 11:12:27,092 [pool-117-thread-1] INFO  server.RaftServerConfigKeys (ConfUtils.java:logGet(46)) - raft.server.log.segment.size.max = 1048576 (custom)
2022-12-02 11:12:27,092 [pool-117-thread-1] INFO  server.RaftServerConfigKeys (ConfUtils.java:logGet(46)) - raft.server.log.preallocated.size = 16384 (custom)
2022-12-02 11:12:27,092 [pool-117-thread-1] INFO  server.RaftServerConfigKeys (ConfUtils.java:logGet(46)) - raft.server.log.force.sync.num = 128 (default)
2022-12-02 11:12:27,092 [pool-117-thread-1] INFO  server.RaftServerConfigKeys (ConfUtils.java:logGet(46)) - raft.server.log.statemachine.data.sync = true (default)
2022-12-02 11:12:27,094 [pool-117-thread-1] INFO  server.RaftServerConfigKeys (ConfUtils.java:logGet(46)) - raft.server.log.statemachine.data.sync.timeout = 10s (default)
2022-12-02 11:12:27,094 [pool-117-thread-1] INFO  server.RaftServerConfigKeys (ConfUtils.java:logGet(46)) - raft.server.log.statemachine.data.sync.timeout.retry = -1 (default)
2022-12-02 11:12:27,096 [pool-117-thread-1] INFO  server.RaftServerConfigKeys (ConfUtils.java:logGet(46)) - raft.server.log.write.buffer.size = 1048576 (custom)
2022-12-02 11:12:27,098 [pool-117-thread-1] INFO  server.RaftServerConfigKeys (ConfUtils.java:logGet(46)) - raft.server.log.appender.buffer.byte-limit = 33554432 (custom)
2022-12-02 11:12:27,118 [Command processor thread] INFO  commandhandler.CreatePipelineCommandHandler (CreatePipelineCommandHandler.java:handle(113)) - Created Pipeline RATIS THREE PipelineID=5fc3ad94-7ee4-4df5-bacf-9ef4914689b9.
2022-12-02 11:12:27,122 [Command processor thread] INFO  server.RaftServer (RaftServerProxy.java:addNew(96)) - 3706267d-b1e5-497c-b8ee-f9aaec0fcf2c: addNew group-526A283F80C5:[3706267d-b1e5-497c-b8ee-f9aaec0fcf2c|rpc:10.1.0.7:40063|priority:1|startupRole:FOLLOWER, 64d479e5-fe0e-4358-9b9b-67f62582a254|rpc:10.1.0.7:43823|priority:0|startupRole:FOLLOWER, 3e07bada-20ca-43dd-a36a-6fd4f7654e72|rpc:10.1.0.7:34107|priority:0|startupRole:FOLLOWER] returns group-526A283F80C5:java.util.concurrent.CompletableFuture@766c3572[Not completed]
2022-12-02 11:12:27,123 [pool-94-thread-1] INFO  server.RaftServer$Division (RaftServerImpl.java:<init>(195)) - 3706267d-b1e5-497c-b8ee-f9aaec0fcf2c: new RaftServerImpl for group-526A283F80C5:[3706267d-b1e5-497c-b8ee-f9aaec0fcf2c|rpc:10.1.0.7:40063|priority:1|startupRole:FOLLOWER, 64d479e5-fe0e-4358-9b9b-67f62582a254|rpc:10.1.0.7:43823|priority:0|startupRole:FOLLOWER, 3e07bada-20ca-43dd-a36a-6fd4f7654e72|rpc:10.1.0.7:34107|priority:0|startupRole:FOLLOWER] with ContainerStateMachine:uninitialized
2022-12-02 11:12:27,123 [pool-94-thread-1] INFO  server.RaftServerConfigKeys (ConfUtils.java:logGet(46)) - raft.server.rpc.timeout.min = 5s (custom)
2022-12-02 11:12:27,123 [pool-94-thread-1] INFO  server.RaftServerConfigKeys (ConfUtils.java:logGet(46)) - raft.server.rpc.timeout.max = 5200ms (custom)
2022-12-02 11:12:27,123 [pool-94-thread-1] INFO  server.RaftServerConfigKeys (ConfUtils.java:logGet(46)) - raft.server.rpc.sleep.time = 25ms (default)
2022-12-02 11:12:27,124 [pool-94-thread-1] INFO  server.RaftServerConfigKeys (ConfUtils.java:logGet(46)) - raft.server.rpc.slowness.timeout = 300s (custom)
2022-12-02 11:12:27,124 [pool-94-thread-1] INFO  server.RaftServerConfigKeys (ConfUtils.java:logGet(46)) - raft.server.leaderelection.leader.step-down.wait-time = 10s (default)
2022-12-02 11:12:27,124 [pool-94-thread-1] INFO  server.RaftServerConfigKeys (ConfUtils.java:logGet(46)) - raft.server.sleep.deviation.threshold = 300ms (default)
2022-12-02 11:12:27,124 [pool-94-thread-1] INFO  server.RaftServer$Division (ServerState.java:<init>(118)) - 3706267d-b1e5-497c-b8ee-f9aaec0fcf2c@group-526A283F80C5: ConfigurationManager, init=-1: peers:[3706267d-b1e5-497c-b8ee-f9aaec0fcf2c|rpc:10.1.0.7:40063|priority:1|startupRole:FOLLOWER, 64d479e5-fe0e-4358-9b9b-67f62582a254|rpc:10.1.0.7:43823|priority:0|startupRole:FOLLOWER, 3e07bada-20ca-43dd-a36a-6fd4f7654e72|rpc:10.1.0.7:34107|priority:0|startupRole:FOLLOWER]|listeners:[], old=null, confs=<EMPTY_MAP>
2022-12-02 11:12:27,124 [pool-94-thread-1] INFO  server.RaftServerConfigKeys (ConfUtils.java:logGet(46)) - raft.server.storage.dir = [/home/runner/work/ozone/ozone/hadoop-ozone/integration-test/target/test-dir/MiniOzoneClusterImpl-89ec7bf9-65dc-45db-bd6d-bd896179de2e/datanode-1/data/ratis] (custom)
2022-12-02 11:12:27,124 [pool-94-thread-1] INFO  server.RaftServerConfigKeys (ConfUtils.java:logGet(46)) - raft.server.log.corruption.policy = EXCEPTION (default)
2022-12-02 11:12:27,124 [pool-94-thread-1] INFO  server.RaftServerConfigKeys (ConfUtils.java:logGet(46)) - raft.server.storage.free-space.min = 0MB (=0) (default)
2022-12-02 11:12:27,124 [pool-94-thread-1] INFO  server.RaftServerConfigKeys (ConfUtils.java:logGet(46)) - raft.server.notification.no-leader.timeout = 300s (custom)
2022-12-02 11:12:27,124 [pool-94-thread-1] INFO  server.RaftServerConfigKeys (ConfUtils.java:logGet(46)) - raft.server.retrycache.expirytime = 600000ms (custom)
2022-12-02 11:12:27,125 [pool-94-thread-1] INFO  server.RaftServerConfigKeys (ConfUtils.java:logGet(46)) - raft.server.retrycache.statistics.expirytime = 100μs (default)
2022-12-02 11:12:27,120 [EventQueue-OpenPipelineForHealthyPipelineSafeModeRule] INFO  safemode.SCMSafeModeManager (HealthyPipelineSafeModeRule.java:process(137)) - SCM in safe mode. Healthy pipelines reported count is 0, required healthy pipeline reported count is 1
2022-12-02 11:12:27,127 [pool-117-thread-1] INFO  server.RaftServerConfigKeys (ConfUtils.java:logGet(46)) - raft.server.log.unsafe-flush.enabled = false (default)
2022-12-02 11:12:27,119 [EventQueue-CommandQueueReportForCommandQueueReportHandler] WARN  events.EventQueue (EventQueue.java:fireEvent(216)) - No event handler registered for event TypedEvent{payloadType=DatanodeDetails, name='Datanode_Command_Queue_Updated'}
2022-12-02 11:12:27,127 [pool-117-thread-1] INFO  server.RaftServerConfigKeys (ConfUtils.java:logGet(46)) - raft.server.log.async-flush.enabled = false (default)
2022-12-02 11:12:27,126 [pool-94-thread-1] INFO  server.RaftServerConfigKeys (ConfUtils.java:logGet(46)) - raft.server.log.appender.install.snapshot.enabled = false (custom)
2022-12-02 11:12:27,127 [pool-94-thread-1] INFO  server.RaftServerConfigKeys (ConfUtils.java:logGet(46)) - raft.server.threadpool.server.cached = true (default)
2022-12-02 11:12:27,127 [pool-94-thread-1] INFO  server.RaftServerConfigKeys (ConfUtils.java:logGet(46)) - raft.server.threadpool.server.size = 0 (default)
2022-12-02 11:12:27,127 [pool-94-thread-1] INFO  server.RaftServerConfigKeys (ConfUtils.java:logGet(46)) - raft.server.threadpool.client.cached = true (default)
2022-12-02 11:12:27,127 [pool-94-thread-1] INFO  server.RaftServerConfigKeys (ConfUtils.java:logGet(46)) - raft.server.threadpool.client.size = 0 (default)
2022-12-02 11:12:27,127 [pool-94-thread-1] INFO  storage.RaftStorageDirectory (RaftStorageDirectoryImpl.java:analyzeStorage(137)) - The storage directory /home/runner/work/ozone/ozone/hadoop-ozone/integration-test/target/test-dir/MiniOzoneClusterImpl-89ec7bf9-65dc-45db-bd6d-bd896179de2e/datanode-1/data/ratis/4fea4174-328a-4927-a02f-526a283f80c5 does not exist. Creating ...
2022-12-02 11:12:27,129 [pool-94-thread-1] INFO  storage.RaftStorageDirectory (RaftStorageDirectoryImpl.java:tryLock(231)) - Lock on /home/runner/work/ozone/ozone/hadoop-ozone/integration-test/target/test-dir/MiniOzoneClusterImpl-89ec7bf9-65dc-45db-bd6d-bd896179de2e/datanode-1/data/ratis/4fea4174-328a-4927-a02f-526a283f80c5/in_use.lock acquired by nodename 6885@fv-az205-634
2022-12-02 11:12:27,127 [pool-117-thread-1] INFO  server.RaftServerConfigKeys (ConfUtils.java:logGet(46)) - raft.server.log.statemachine.data.caching.enabled = true (custom)
2022-12-02 11:12:27,130 [pool-94-thread-1] INFO  storage.RaftStorage (RaftStorageImpl.java:format(96)) - Storage directory /home/runner/work/ozone/ozone/hadoop-ozone/integration-test/target/test-dir/MiniOzoneClusterImpl-89ec7bf9-65dc-45db-bd6d-bd896179de2e/datanode-1/data/ratis/4fea4174-328a-4927-a02f-526a283f80c5 has been successfully formatted.
2022-12-02 11:12:27,130 [pool-117-thread-1] INFO  segmented.SegmentedRaftLogWorker (SegmentedRaftLogWorker.java:lambda$new$0(135)) - 3e07bada-20ca-43dd-a36a-6fd4f7654e72@group-526A283F80C5-SegmentedRaftLogWorker: flushIndex: setUnconditionally 0 -> -1
2022-12-02 11:12:27,130 [pool-117-thread-1] INFO  segmented.SegmentedRaftLogWorker (SegmentedRaftLogWorker.java:lambda$new$0(135)) - 3e07bada-20ca-43dd-a36a-6fd4f7654e72@group-526A283F80C5-SegmentedRaftLogWorker: safeCacheEvictIndex: setUnconditionally 0 -> -1
2022-12-02 11:12:27,131 [pool-117-thread-1] INFO  server.RaftServer$Division (RaftServerImpl.java:start(334)) - 3e07bada-20ca-43dd-a36a-6fd4f7654e72@group-526A283F80C5: start as a follower, conf=-1: peers:[3706267d-b1e5-497c-b8ee-f9aaec0fcf2c|rpc:10.1.0.7:40063|priority:1|startupRole:FOLLOWER, 64d479e5-fe0e-4358-9b9b-67f62582a254|rpc:10.1.0.7:43823|priority:0|startupRole:FOLLOWER, 3e07bada-20ca-43dd-a36a-6fd4f7654e72|rpc:10.1.0.7:34107|priority:0|startupRole:FOLLOWER]|listeners:[], old=null
2022-12-02 11:12:27,131 [pool-117-thread-1] INFO  server.RaftServer$Division (RaftServerImpl.java:setRole(321)) - 3e07bada-20ca-43dd-a36a-6fd4f7654e72@group-526A283F80C5: changes role from      null to FOLLOWER at term 0 for startAsFollower
2022-12-02 11:12:27,131 [pool-117-thread-1] INFO  impl.RoleInfo (RoleInfo.java:updateAndGet(139)) - 3e07bada-20ca-43dd-a36a-6fd4f7654e72: start 3e07bada-20ca-43dd-a36a-6fd4f7654e72@group-526A283F80C5-FollowerState
2022-12-02 11:12:27,134 [pool-117-thread-1] INFO  util.JmxRegister (JmxRegister.java:tryRegister(44)) - Successfully registered JMX Bean with object name Ratis:service=RaftServer,group=group-526A283F80C5,id=3e07bada-20ca-43dd-a36a-6fd4f7654e72
2022-12-02 11:12:27,134 [pool-117-thread-1] INFO  server.RaftServerConfigKeys (ConfUtils.java:logGet(46)) - raft.server.snapshot.auto.trigger.enabled = true (custom)
2022-12-02 11:12:27,134 [pool-117-thread-1] INFO  server.RaftServerConfigKeys (ConfUtils.java:logGet(46)) - raft.server.snapshot.auto.trigger.threshold = 10000 (custom)
2022-12-02 11:12:27,134 [pool-117-thread-1] INFO  server.RaftServerConfigKeys (ConfUtils.java:logGet(46)) - raft.server.snapshot.retention.file.num = 5 (custom)
2022-12-02 11:12:27,135 [pool-117-thread-1] INFO  server.RaftServerConfigKeys (ConfUtils.java:logGet(46)) - raft.server.log.purge.upto.snapshot.index = false (default)
2022-12-02 11:12:27,135 [pool-94-thread-1] INFO  ratis.ContainerStateMachine (ContainerStateMachine.java:loadSnapshot(236)) - group-526A283F80C5: The snapshot info is null. Setting the last applied indexto:(t:0, i:~)
2022-12-02 11:12:27,135 [pool-94-thread-1] INFO  server.RaftServerConfigKeys (ConfUtils.java:logGet(46)) - raft.server.log.use.memory = false (default)
2022-12-02 11:12:27,135 [pool-94-thread-1] INFO  server.RaftServerConfigKeys (ConfUtils.java:logGet(46)) - raft.server.log.purge.gap = 1000000 (custom)
2022-12-02 11:12:27,135 [pool-94-thread-1] INFO  server.RaftServerConfigKeys (ConfUtils.java:logGet(46)) - raft.server.log.appender.buffer.byte-limit = 33554432 (custom)
2022-12-02 11:12:27,136 [pool-94-thread-1] INFO  server.RaftServerConfigKeys (ConfUtils.java:logGet(46)) - raft.server.log.statemachine.data.read.timeout = 1000ms (default)
2022-12-02 11:12:27,136 [pool-94-thread-1] INFO  server.RaftServerConfigKeys (ConfUtils.java:logGet(46)) - raft.server.log.purge.preservation.log.num = 0 (default)
2022-12-02 11:12:27,136 [pool-94-thread-1] INFO  server.RaftServerConfigKeys (ConfUtils.java:logGet(46)) - raft.server.log.segment.size.max = 1048576 (custom)
2022-12-02 11:12:27,136 [pool-94-thread-1] INFO  server.RaftServerConfigKeys (ConfUtils.java:logGet(46)) - raft.server.log.segment.cache.num.max = 2 (custom)
2022-12-02 11:12:27,136 [pool-94-thread-1] INFO  server.RaftServerConfigKeys (ConfUtils.java:logGet(46)) - raft.server.log.segment.cache.size.max = 200MB (=209715200) (default)
2022-12-02 11:12:27,136 [pool-94-thread-1] INFO  segmented.SegmentedRaftLogWorker (SegmentedRaftLogWorker.java:<init>(189)) - new 3706267d-b1e5-497c-b8ee-f9aaec0fcf2c@group-526A283F80C5-SegmentedRaftLogWorker for RaftStorageImpl:Storage Directory /home/runner/work/ozone/ozone/hadoop-ozone/integration-test/target/test-dir/MiniOzoneClusterImpl-89ec7bf9-65dc-45db-bd6d-bd896179de2e/datanode-1/data/ratis/4fea4174-328a-4927-a02f-526a283f80c5
2022-12-02 11:12:27,137 [pool-94-thread-1] INFO  server.RaftServerConfigKeys (ConfUtils.java:logGet(46)) - raft.server.log.queue.byte-limit = 4294967296 (custom)
2022-12-02 11:12:27,137 [pool-94-thread-1] INFO  server.RaftServerConfigKeys (ConfUtils.java:logGet(46)) - raft.server.log.queue.element-limit = 1024 (custom)
2022-12-02 11:12:27,137 [pool-94-thread-1] INFO  server.RaftServerConfigKeys (ConfUtils.java:logGet(46)) - raft.server.log.segment.size.max = 1048576 (custom)
2022-12-02 11:12:27,137 [pool-94-thread-1] INFO  server.RaftServerConfigKeys (ConfUtils.java:logGet(46)) - raft.server.log.preallocated.size = 16384 (custom)
2022-12-02 11:12:27,143 [pool-94-thread-1] INFO  server.RaftServerConfigKeys (ConfUtils.java:logGet(46)) - raft.server.log.force.sync.num = 128 (default)
2022-12-02 11:12:27,143 [pool-94-thread-1] INFO  server.RaftServerConfigKeys (ConfUtils.java:logGet(46)) - raft.server.log.statemachine.data.sync = true (default)
2022-12-02 11:12:27,143 [pool-94-thread-1] INFO  server.RaftServerConfigKeys (ConfUtils.java:logGet(46)) - raft.server.log.statemachine.data.sync.timeout = 10s (default)
2022-12-02 11:12:27,143 [pool-94-thread-1] INFO  server.RaftServerConfigKeys (ConfUtils.java:logGet(46)) - raft.server.log.statemachine.data.sync.timeout.retry = -1 (default)
2022-12-02 11:12:27,143 [EventQueue-CommandQueueReportForCommandQueueReportHandler] WARN  events.EventQueue (EventQueue.java:fireEvent(216)) - No event handler registered for event TypedEvent{payloadType=DatanodeDetails, name='Datanode_Command_Queue_Updated'}
2022-12-02 11:12:27,144 [EventQueue-OpenPipelineForHealthyPipelineSafeModeRule] INFO  safemode.SCMSafeModeManager (HealthyPipelineSafeModeRule.java:process(137)) - SCM in safe mode. Healthy pipelines reported count is 0, required healthy pipeline reported count is 1
2022-12-02 11:12:27,139 [3e07bada-20ca-43dd-a36a-6fd4f7654e72@group-526A283F80C5-FollowerState] INFO  server.RaftServerConfigKeys (ConfUtils.java:logFallback(53)) - raft.server.rpc.first-election.timeout.min = 5s (fallback to raft.server.rpc.timeout.min)
2022-12-02 11:12:27,144 [3e07bada-20ca-43dd-a36a-6fd4f7654e72@group-526A283F80C5-FollowerState] INFO  server.RaftServerConfigKeys (ConfUtils.java:logFallback(53)) - raft.server.rpc.first-election.timeout.max = 5200ms (fallback to raft.server.rpc.timeout.max)
2022-12-02 11:12:27,139 [Command processor thread] INFO  ratis.XceiverServerRatis (XceiverServerRatis.java:addGroup(765)) - Created group PipelineID=4fea4174-328a-4927-a02f-526a283f80c5
2022-12-02 11:12:27,146 [pool-94-thread-1] INFO  server.RaftServerConfigKeys (ConfUtils.java:logGet(46)) - raft.server.log.write.buffer.size = 1048576 (custom)
2022-12-02 11:12:27,147 [pool-94-thread-1] INFO  server.RaftServerConfigKeys (ConfUtils.java:logGet(46)) - raft.server.log.appender.buffer.byte-limit = 33554432 (custom)
2022-12-02 11:12:27,156 [pool-94-thread-1] INFO  server.RaftServerConfigKeys (ConfUtils.java:logGet(46)) - raft.server.log.unsafe-flush.enabled = false (default)
2022-12-02 11:12:27,156 [pool-94-thread-1] INFO  server.RaftServerConfigKeys (ConfUtils.java:logGet(46)) - raft.server.log.async-flush.enabled = false (default)
2022-12-02 11:12:27,156 [pool-94-thread-1] INFO  server.RaftServerConfigKeys (ConfUtils.java:logGet(46)) - raft.server.log.statemachine.data.caching.enabled = true (custom)
2022-12-02 11:12:27,156 [pool-94-thread-1] INFO  segmented.SegmentedRaftLogWorker (SegmentedRaftLogWorker.java:lambda$new$0(135)) - 3706267d-b1e5-497c-b8ee-f9aaec0fcf2c@group-526A283F80C5-SegmentedRaftLogWorker: flushIndex: setUnconditionally 0 -> -1
2022-12-02 11:12:27,156 [pool-94-thread-1] INFO  segmented.SegmentedRaftLogWorker (SegmentedRaftLogWorker.java:lambda$new$0(135)) - 3706267d-b1e5-497c-b8ee-f9aaec0fcf2c@group-526A283F80C5-SegmentedRaftLogWorker: safeCacheEvictIndex: setUnconditionally 0 -> -1
2022-12-02 11:12:27,157 [pool-94-thread-1] INFO  server.RaftServer$Division (RaftServerImpl.java:start(334)) - 3706267d-b1e5-497c-b8ee-f9aaec0fcf2c@group-526A283F80C5: start as a follower, conf=-1: peers:[3706267d-b1e5-497c-b8ee-f9aaec0fcf2c|rpc:10.1.0.7:40063|priority:1|startupRole:FOLLOWER, 64d479e5-fe0e-4358-9b9b-67f62582a254|rpc:10.1.0.7:43823|priority:0|startupRole:FOLLOWER, 3e07bada-20ca-43dd-a36a-6fd4f7654e72|rpc:10.1.0.7:34107|priority:0|startupRole:FOLLOWER]|listeners:[], old=null
2022-12-02 11:12:27,157 [pool-94-thread-1] INFO  server.RaftServer$Division (RaftServerImpl.java:setRole(321)) - 3706267d-b1e5-497c-b8ee-f9aaec0fcf2c@group-526A283F80C5: changes role from      null to FOLLOWER at term 0 for startAsFollower
2022-12-02 11:12:27,157 [pool-94-thread-1] INFO  impl.RoleInfo (RoleInfo.java:updateAndGet(139)) - 3706267d-b1e5-497c-b8ee-f9aaec0fcf2c: start 3706267d-b1e5-497c-b8ee-f9aaec0fcf2c@group-526A283F80C5-FollowerState
2022-12-02 11:12:27,171 [3706267d-b1e5-497c-b8ee-f9aaec0fcf2c@group-526A283F80C5-FollowerState] INFO  server.RaftServerConfigKeys (ConfUtils.java:logFallback(53)) - raft.server.rpc.first-election.timeout.min = 5s (fallback to raft.server.rpc.timeout.min)
2022-12-02 11:12:27,171 [pool-94-thread-1] INFO  util.JmxRegister (JmxRegister.java:tryRegister(44)) - Successfully registered JMX Bean with object name Ratis:service=RaftServer,group=group-526A283F80C5,id=3706267d-b1e5-497c-b8ee-f9aaec0fcf2c
2022-12-02 11:12:27,175 [pool-94-thread-1] INFO  server.RaftServerConfigKeys (ConfUtils.java:logGet(46)) - raft.server.snapshot.auto.trigger.enabled = true (custom)
2022-12-02 11:12:27,175 [pool-94-thread-1] INFO  server.RaftServerConfigKeys (ConfUtils.java:logGet(46)) - raft.server.snapshot.auto.trigger.threshold = 10000 (custom)
2022-12-02 11:12:27,175 [pool-94-thread-1] INFO  server.RaftServerConfigKeys (ConfUtils.java:logGet(46)) - raft.server.snapshot.retention.file.num = 5 (custom)
2022-12-02 11:12:27,175 [pool-94-thread-1] INFO  server.RaftServerConfigKeys (ConfUtils.java:logGet(46)) - raft.server.log.purge.upto.snapshot.index = false (default)
2022-12-02 11:12:27,176 [3706267d-b1e5-497c-b8ee-f9aaec0fcf2c@group-526A283F80C5-FollowerState] INFO  server.RaftServerConfigKeys (ConfUtils.java:logFallback(53)) - raft.server.rpc.first-election.timeout.max = 5200ms (fallback to raft.server.rpc.timeout.max)
2022-12-02 11:12:27,180 [Command processor thread] INFO  ratis.XceiverServerRatis (XceiverServerRatis.java:addGroup(765)) - Created group PipelineID=4fea4174-328a-4927-a02f-526a283f80c5
2022-12-02 11:12:27,209 [grpc-default-executor-0] INFO  server.RaftServer (RaftServerProxy.java:addNew(96)) - 64d479e5-fe0e-4358-9b9b-67f62582a254: addNew group-526A283F80C5:[3706267d-b1e5-497c-b8ee-f9aaec0fcf2c|rpc:10.1.0.7:40063|dataStream:|priority:1|startupRole:FOLLOWER, 64d479e5-fe0e-4358-9b9b-67f62582a254|rpc:10.1.0.7:43823|dataStream:|priority:0|startupRole:FOLLOWER, 3e07bada-20ca-43dd-a36a-6fd4f7654e72|rpc:10.1.0.7:34107|dataStream:|priority:0|startupRole:FOLLOWER] returns group-526A283F80C5:java.util.concurrent.CompletableFuture@7ae8518b[Not completed]
2022-12-02 11:12:27,210 [pool-71-thread-1] INFO  server.RaftServer$Division (RaftServerImpl.java:<init>(195)) - 64d479e5-fe0e-4358-9b9b-67f62582a254: new RaftServerImpl for group-526A283F80C5:[3706267d-b1e5-497c-b8ee-f9aaec0fcf2c|rpc:10.1.0.7:40063|dataStream:|priority:1|startupRole:FOLLOWER, 64d479e5-fe0e-4358-9b9b-67f62582a254|rpc:10.1.0.7:43823|dataStream:|priority:0|startupRole:FOLLOWER, 3e07bada-20ca-43dd-a36a-6fd4f7654e72|rpc:10.1.0.7:34107|dataStream:|priority:0|startupRole:FOLLOWER] with ContainerStateMachine:uninitialized
2022-12-02 11:12:27,211 [pool-71-thread-1] INFO  server.RaftServerConfigKeys (ConfUtils.java:logGet(46)) - raft.server.rpc.timeout.min = 5s (custom)
2022-12-02 11:12:27,211 [pool-71-thread-1] INFO  server.RaftServerConfigKeys (ConfUtils.java:logGet(46)) - raft.server.rpc.timeout.max = 5200ms (custom)
2022-12-02 11:12:27,211 [pool-71-thread-1] INFO  server.RaftServerConfigKeys (ConfUtils.java:logGet(46)) - raft.server.rpc.sleep.time = 25ms (default)
2022-12-02 11:12:27,211 [pool-71-thread-1] INFO  server.RaftServerConfigKeys (ConfUtils.java:logGet(46)) - raft.server.rpc.slowness.timeout = 300s (custom)
2022-12-02 11:12:27,211 [pool-71-thread-1] INFO  server.RaftServerConfigKeys (ConfUtils.java:logGet(46)) - raft.server.leaderelection.leader.step-down.wait-time = 10s (default)
2022-12-02 11:12:27,211 [pool-71-thread-1] INFO  server.RaftServerConfigKeys (ConfUtils.java:logGet(46)) - raft.server.sleep.deviation.threshold = 300ms (default)
2022-12-02 11:12:27,211 [pool-71-thread-1] INFO  server.RaftServer$Division (ServerState.java:<init>(118)) - 64d479e5-fe0e-4358-9b9b-67f62582a254@group-526A283F80C5: ConfigurationManager, init=-1: peers:[3706267d-b1e5-497c-b8ee-f9aaec0fcf2c|rpc:10.1.0.7:40063|dataStream:|priority:1|startupRole:FOLLOWER, 64d479e5-fe0e-4358-9b9b-67f62582a254|rpc:10.1.0.7:43823|dataStream:|priority:0|startupRole:FOLLOWER, 3e07bada-20ca-43dd-a36a-6fd4f7654e72|rpc:10.1.0.7:34107|dataStream:|priority:0|startupRole:FOLLOWER]|listeners:[], old=null, confs=<EMPTY_MAP>
2022-12-02 11:12:27,211 [pool-71-thread-1] INFO  server.RaftServerConfigKeys (ConfUtils.java:logGet(46)) - raft.server.storage.dir = [/home/runner/work/ozone/ozone/hadoop-ozone/integration-test/target/test-dir/MiniOzoneClusterImpl-89ec7bf9-65dc-45db-bd6d-bd896179de2e/datanode-0/data/ratis] (custom)
2022-12-02 11:12:27,211 [pool-71-thread-1] INFO  server.RaftServerConfigKeys (ConfUtils.java:logGet(46)) - raft.server.log.corruption.policy = EXCEPTION (default)
2022-12-02 11:12:27,211 [pool-71-thread-1] INFO  server.RaftServerConfigKeys (ConfUtils.java:logGet(46)) - raft.server.storage.free-space.min = 0MB (=0) (default)
2022-12-02 11:12:27,212 [pool-71-thread-1] INFO  server.RaftServerConfigKeys (ConfUtils.java:logGet(46)) - raft.server.notification.no-leader.timeout = 300s (custom)
2022-12-02 11:12:27,212 [pool-71-thread-1] INFO  server.RaftServerConfigKeys (ConfUtils.java:logGet(46)) - raft.server.retrycache.expirytime = 600000ms (custom)
2022-12-02 11:12:27,212 [pool-71-thread-1] INFO  server.RaftServerConfigKeys (ConfUtils.java:logGet(46)) - raft.server.retrycache.statistics.expirytime = 100μs (default)
2022-12-02 11:12:27,213 [pool-71-thread-1] INFO  server.RaftServerConfigKeys (ConfUtils.java:logGet(46)) - raft.server.log.appender.install.snapshot.enabled = false (custom)
2022-12-02 11:12:27,213 [pool-71-thread-1] INFO  server.RaftServerConfigKeys (ConfUtils.java:logGet(46)) - raft.server.threadpool.server.cached = true (default)
2022-12-02 11:12:27,213 [pool-71-thread-1] INFO  server.RaftServerConfigKeys (ConfUtils.java:logGet(46)) - raft.server.threadpool.server.size = 0 (default)
2022-12-02 11:12:27,213 [pool-71-thread-1] INFO  server.RaftServerConfigKeys (ConfUtils.java:logGet(46)) - raft.server.threadpool.client.cached = true (default)
2022-12-02 11:12:27,213 [pool-71-thread-1] INFO  server.RaftServerConfigKeys (ConfUtils.java:logGet(46)) - raft.server.threadpool.client.size = 0 (default)
2022-12-02 11:12:27,214 [pool-71-thread-1] INFO  storage.RaftStorageDirectory (RaftStorageDirectoryImpl.java:analyzeStorage(137)) - The storage directory /home/runner/work/ozone/ozone/hadoop-ozone/integration-test/target/test-dir/MiniOzoneClusterImpl-89ec7bf9-65dc-45db-bd6d-bd896179de2e/datanode-0/data/ratis/4fea4174-328a-4927-a02f-526a283f80c5 does not exist. Creating ...
2022-12-02 11:12:27,220 [pool-71-thread-1] INFO  storage.RaftStorageDirectory (RaftStorageDirectoryImpl.java:tryLock(231)) - Lock on /home/runner/work/ozone/ozone/hadoop-ozone/integration-test/target/test-dir/MiniOzoneClusterImpl-89ec7bf9-65dc-45db-bd6d-bd896179de2e/datanode-0/data/ratis/4fea4174-328a-4927-a02f-526a283f80c5/in_use.lock acquired by nodename 6885@fv-az205-634
2022-12-02 11:12:27,222 [Command processor thread] INFO  commandhandler.CreatePipelineCommandHandler (CreatePipelineCommandHandler.java:handle(113)) - Created Pipeline RATIS THREE PipelineID=5fc3ad94-7ee4-4df5-bacf-9ef4914689b9.
2022-12-02 11:12:27,225 [pool-71-thread-1] INFO  storage.RaftStorage (RaftStorageImpl.java:format(96)) - Storage directory /home/runner/work/ozone/ozone/hadoop-ozone/integration-test/target/test-dir/MiniOzoneClusterImpl-89ec7bf9-65dc-45db-bd6d-bd896179de2e/datanode-0/data/ratis/4fea4174-328a-4927-a02f-526a283f80c5 has been successfully formatted.
2022-12-02 11:12:27,227 [pool-71-thread-1] INFO  ratis.ContainerStateMachine (ContainerStateMachine.java:loadSnapshot(236)) - group-526A283F80C5: The snapshot info is null. Setting the last applied indexto:(t:0, i:~)
2022-12-02 11:12:27,227 [pool-71-thread-1] INFO  server.RaftServerConfigKeys (ConfUtils.java:logGet(46)) - raft.server.log.use.memory = false (default)
2022-12-02 11:12:27,230 [pool-71-thread-1] INFO  server.RaftServerConfigKeys (ConfUtils.java:logGet(46)) - raft.server.log.purge.gap = 1000000 (custom)
2022-12-02 11:12:27,230 [pool-71-thread-1] INFO  server.RaftServerConfigKeys (ConfUtils.java:logGet(46)) - raft.server.log.appender.buffer.byte-limit = 33554432 (custom)
2022-12-02 11:12:27,230 [pool-71-thread-1] INFO  server.RaftServerConfigKeys (ConfUtils.java:logGet(46)) - raft.server.log.statemachine.data.read.timeout = 1000ms (default)
2022-12-02 11:12:27,231 [pool-71-thread-1] INFO  server.RaftServerConfigKeys (ConfUtils.java:logGet(46)) - raft.server.log.purge.preservation.log.num = 0 (default)
2022-12-02 11:12:27,231 [EventQueue-CommandQueueReportForCommandQueueReportHandler] WARN  events.EventQueue (EventQueue.java:fireEvent(216)) - No event handler registered for event TypedEvent{payloadType=DatanodeDetails, name='Datanode_Command_Queue_Updated'}
2022-12-02 11:12:27,231 [EventQueue-OpenPipelineForHealthyPipelineSafeModeRule] INFO  safemode.SCMSafeModeManager (HealthyPipelineSafeModeRule.java:process(137)) - SCM in safe mode. Healthy pipelines reported count is 0, required healthy pipeline reported count is 1
2022-12-02 11:12:27,233 [pool-71-thread-1] INFO  server.RaftServerConfigKeys (ConfUtils.java:logGet(46)) - raft.server.log.segment.size.max = 1048576 (custom)
2022-12-02 11:12:27,233 [pool-71-thread-1] INFO  server.RaftServerConfigKeys (ConfUtils.java:logGet(46)) - raft.server.log.segment.cache.num.max = 2 (custom)
2022-12-02 11:12:27,237 [pool-71-thread-1] INFO  server.RaftServerConfigKeys (ConfUtils.java:logGet(46)) - raft.server.log.segment.cache.size.max = 200MB (=209715200) (default)
2022-12-02 11:12:27,237 [pool-71-thread-1] INFO  segmented.SegmentedRaftLogWorker (SegmentedRaftLogWorker.java:<init>(189)) - new 64d479e5-fe0e-4358-9b9b-67f62582a254@group-526A283F80C5-SegmentedRaftLogWorker for RaftStorageImpl:Storage Directory /home/runner/work/ozone/ozone/hadoop-ozone/integration-test/target/test-dir/MiniOzoneClusterImpl-89ec7bf9-65dc-45db-bd6d-bd896179de2e/datanode-0/data/ratis/4fea4174-328a-4927-a02f-526a283f80c5
2022-12-02 11:12:27,237 [pool-71-thread-1] INFO  server.RaftServerConfigKeys (ConfUtils.java:logGet(46)) - raft.server.log.queue.byte-limit = 4294967296 (custom)
2022-12-02 11:12:27,237 [pool-71-thread-1] INFO  server.RaftServerConfigKeys (ConfUtils.java:logGet(46)) - raft.server.log.queue.element-limit = 1024 (custom)
2022-12-02 11:12:27,237 [pool-71-thread-1] INFO  server.RaftServerConfigKeys (ConfUtils.java:logGet(46)) - raft.server.log.segment.size.max = 1048576 (custom)
2022-12-02 11:12:27,237 [pool-71-thread-1] INFO  server.RaftServerConfigKeys (ConfUtils.java:logGet(46)) - raft.server.log.preallocated.size = 16384 (custom)
2022-12-02 11:12:27,237 [pool-71-thread-1] INFO  server.RaftServerConfigKeys (ConfUtils.java:logGet(46)) - raft.server.log.force.sync.num = 128 (default)
2022-12-02 11:12:27,237 [pool-71-thread-1] INFO  server.RaftServerConfigKeys (ConfUtils.java:logGet(46)) - raft.server.log.statemachine.data.sync = true (default)
2022-12-02 11:12:27,237 [pool-71-thread-1] INFO  server.RaftServerConfigKeys (ConfUtils.java:logGet(46)) - raft.server.log.statemachine.data.sync.timeout = 10s (default)
2022-12-02 11:12:27,237 [pool-71-thread-1] INFO  server.RaftServerConfigKeys (ConfUtils.java:logGet(46)) - raft.server.log.statemachine.data.sync.timeout.retry = -1 (default)
2022-12-02 11:12:27,239 [pool-71-thread-1] INFO  server.RaftServerConfigKeys (ConfUtils.java:logGet(46)) - raft.server.log.write.buffer.size = 1048576 (custom)
2022-12-02 11:12:27,239 [pool-71-thread-1] INFO  server.RaftServerConfigKeys (ConfUtils.java:logGet(46)) - raft.server.log.appender.buffer.byte-limit = 33554432 (custom)
2022-12-02 11:12:27,254 [pool-71-thread-1] INFO  server.RaftServerConfigKeys (ConfUtils.java:logGet(46)) - raft.server.log.unsafe-flush.enabled = false (default)
2022-12-02 11:12:27,258 [pool-71-thread-1] INFO  server.RaftServerConfigKeys (ConfUtils.java:logGet(46)) - raft.server.log.async-flush.enabled = false (default)
2022-12-02 11:12:27,258 [pool-71-thread-1] INFO  server.RaftServerConfigKeys (ConfUtils.java:logGet(46)) - raft.server.log.statemachine.data.caching.enabled = true (custom)
2022-12-02 11:12:27,258 [pool-71-thread-1] INFO  segmented.SegmentedRaftLogWorker (SegmentedRaftLogWorker.java:lambda$new$0(135)) - 64d479e5-fe0e-4358-9b9b-67f62582a254@group-526A283F80C5-SegmentedRaftLogWorker: flushIndex: setUnconditionally 0 -> -1
2022-12-02 11:12:27,258 [pool-71-thread-1] INFO  segmented.SegmentedRaftLogWorker (SegmentedRaftLogWorker.java:lambda$new$0(135)) - 64d479e5-fe0e-4358-9b9b-67f62582a254@group-526A283F80C5-SegmentedRaftLogWorker: safeCacheEvictIndex: setUnconditionally 0 -> -1
2022-12-02 11:12:27,259 [pool-71-thread-1] INFO  server.RaftServer$Division (RaftServerImpl.java:start(334)) - 64d479e5-fe0e-4358-9b9b-67f62582a254@group-526A283F80C5: start as a follower, conf=-1: peers:[3706267d-b1e5-497c-b8ee-f9aaec0fcf2c|rpc:10.1.0.7:40063|dataStream:|priority:1|startupRole:FOLLOWER, 64d479e5-fe0e-4358-9b9b-67f62582a254|rpc:10.1.0.7:43823|dataStream:|priority:0|startupRole:FOLLOWER, 3e07bada-20ca-43dd-a36a-6fd4f7654e72|rpc:10.1.0.7:34107|dataStream:|priority:0|startupRole:FOLLOWER]|listeners:[], old=null
2022-12-02 11:12:27,259 [pool-71-thread-1] INFO  server.RaftServer$Division (RaftServerImpl.java:setRole(321)) - 64d479e5-fe0e-4358-9b9b-67f62582a254@group-526A283F80C5: changes role from      null to FOLLOWER at term 0 for startAsFollower
2022-12-02 11:12:27,259 [pool-71-thread-1] INFO  impl.RoleInfo (RoleInfo.java:updateAndGet(139)) - 64d479e5-fe0e-4358-9b9b-67f62582a254: start 64d479e5-fe0e-4358-9b9b-67f62582a254@group-526A283F80C5-FollowerState
2022-12-02 11:12:27,259 [pool-71-thread-1] INFO  util.JmxRegister (JmxRegister.java:tryRegister(44)) - Successfully registered JMX Bean with object name Ratis:service=RaftServer,group=group-526A283F80C5,id=64d479e5-fe0e-4358-9b9b-67f62582a254
2022-12-02 11:12:27,259 [pool-71-thread-1] INFO  server.RaftServerConfigKeys (ConfUtils.java:logGet(46)) - raft.server.snapshot.auto.trigger.enabled = true (custom)
2022-12-02 11:12:27,259 [pool-71-thread-1] INFO  server.RaftServerConfigKeys (ConfUtils.java:logGet(46)) - raft.server.snapshot.auto.trigger.threshold = 10000 (custom)
2022-12-02 11:12:27,259 [pool-71-thread-1] INFO  server.RaftServerConfigKeys (ConfUtils.java:logGet(46)) - raft.server.snapshot.retention.file.num = 5 (custom)
2022-12-02 11:12:27,260 [pool-71-thread-1] INFO  server.RaftServerConfigKeys (ConfUtils.java:logGet(46)) - raft.server.log.purge.upto.snapshot.index = false (default)
2022-12-02 11:12:27,260 [64d479e5-fe0e-4358-9b9b-67f62582a254@group-526A283F80C5-FollowerState] INFO  server.RaftServerConfigKeys (ConfUtils.java:logFallback(53)) - raft.server.rpc.first-election.timeout.min = 5s (fallback to raft.server.rpc.timeout.min)
2022-12-02 11:12:27,274 [64d479e5-fe0e-4358-9b9b-67f62582a254@group-526A283F80C5-FollowerState] INFO  server.RaftServerConfigKeys (ConfUtils.java:logFallback(53)) - raft.server.rpc.first-election.timeout.max = 5200ms (fallback to raft.server.rpc.timeout.max)
2022-12-02 11:12:27,317 [Command processor thread] INFO  commandhandler.CreatePipelineCommandHandler (CreatePipelineCommandHandler.java:handle(113)) - Created Pipeline RATIS THREE PipelineID=4fea4174-328a-4927-a02f-526a283f80c5.
2022-12-02 11:12:27,323 [Command processor thread] INFO  commandhandler.CreatePipelineCommandHandler (CreatePipelineCommandHandler.java:handle(113)) - Created Pipeline RATIS THREE PipelineID=4fea4174-328a-4927-a02f-526a283f80c5.
2022-12-02 11:12:27,430 [Command processor thread] INFO  server.RaftServer (RaftServerProxy.java:addNew(96)) - 0f1be7e8-a3b4-460a-8434-ebd9767358ca: addNew group-925D38F959D7:[0f1be7e8-a3b4-460a-8434-ebd9767358ca|rpc:10.1.0.7:37191|priority:1|startupRole:FOLLOWER] returns group-925D38F959D7:java.util.concurrent.CompletableFuture@752af035[Not completed]
2022-12-02 11:12:27,432 [pool-140-thread-1] INFO  server.RaftServer$Division (RaftServerImpl.java:<init>(195)) - 0f1be7e8-a3b4-460a-8434-ebd9767358ca: new RaftServerImpl for group-925D38F959D7:[0f1be7e8-a3b4-460a-8434-ebd9767358ca|rpc:10.1.0.7:37191|priority:1|startupRole:FOLLOWER] with ContainerStateMachine:uninitialized
2022-12-02 11:12:27,433 [pool-140-thread-1] INFO  server.RaftServerConfigKeys (ConfUtils.java:logGet(46)) - raft.server.rpc.timeout.min = 5s (custom)
2022-12-02 11:12:27,433 [pool-140-thread-1] INFO  server.RaftServerConfigKeys (ConfUtils.java:logGet(46)) - raft.server.rpc.timeout.max = 5200ms (custom)
2022-12-02 11:12:27,433 [pool-140-thread-1] INFO  server.RaftServerConfigKeys (ConfUtils.java:logGet(46)) - raft.server.rpc.sleep.time = 25ms (default)
2022-12-02 11:12:27,433 [pool-140-thread-1] INFO  server.RaftServerConfigKeys (ConfUtils.java:logGet(46)) - raft.server.rpc.slowness.timeout = 300s (custom)
2022-12-02 11:12:27,433 [pool-140-thread-1] INFO  server.RaftServerConfigKeys (ConfUtils.java:logGet(46)) - raft.server.leaderelection.leader.step-down.wait-time = 10s (default)
2022-12-02 11:12:27,433 [pool-140-thread-1] INFO  server.RaftServerConfigKeys (ConfUtils.java:logGet(46)) - raft.server.sleep.deviation.threshold = 300ms (default)
2022-12-02 11:12:27,433 [pool-140-thread-1] INFO  server.RaftServer$Division (ServerState.java:<init>(118)) - 0f1be7e8-a3b4-460a-8434-ebd9767358ca@group-925D38F959D7: ConfigurationManager, init=-1: peers:[0f1be7e8-a3b4-460a-8434-ebd9767358ca|rpc:10.1.0.7:37191|priority:1|startupRole:FOLLOWER]|listeners:[], old=null, confs=<EMPTY_MAP>
2022-12-02 11:12:27,433 [pool-140-thread-1] INFO  server.RaftServerConfigKeys (ConfUtils.java:logGet(46)) - raft.server.storage.dir = [/home/runner/work/ozone/ozone/hadoop-ozone/integration-test/target/test-dir/MiniOzoneClusterImpl-89ec7bf9-65dc-45db-bd6d-bd896179de2e/datanode-3/data/ratis] (custom)
2022-12-02 11:12:27,434 [pool-140-thread-1] INFO  server.RaftServerConfigKeys (ConfUtils.java:logGet(46)) - raft.server.log.corruption.policy = EXCEPTION (default)
2022-12-02 11:12:27,434 [pool-140-thread-1] INFO  server.RaftServerConfigKeys (ConfUtils.java:logGet(46)) - raft.server.storage.free-space.min = 0MB (=0) (default)
2022-12-02 11:12:27,434 [pool-140-thread-1] INFO  server.RaftServerConfigKeys (ConfUtils.java:logGet(46)) - raft.server.notification.no-leader.timeout = 300s (custom)
2022-12-02 11:12:27,435 [pool-140-thread-1] INFO  server.RaftServerConfigKeys (ConfUtils.java:logGet(46)) - raft.server.retrycache.expirytime = 600000ms (custom)
2022-12-02 11:12:27,435 [pool-140-thread-1] INFO  server.RaftServerConfigKeys (ConfUtils.java:logGet(46)) - raft.server.retrycache.statistics.expirytime = 100μs (default)
2022-12-02 11:12:27,437 [pool-140-thread-1] INFO  server.RaftServerConfigKeys (ConfUtils.java:logGet(46)) - raft.server.log.appender.install.snapshot.enabled = false (custom)
2022-12-02 11:12:27,437 [pool-140-thread-1] INFO  server.RaftServerConfigKeys (ConfUtils.java:logGet(46)) - raft.server.threadpool.server.cached = true (default)
2022-12-02 11:12:27,437 [pool-140-thread-1] INFO  server.RaftServerConfigKeys (ConfUtils.java:logGet(46)) - raft.server.threadpool.server.size = 0 (default)
2022-12-02 11:12:27,437 [pool-140-thread-1] INFO  server.RaftServerConfigKeys (ConfUtils.java:logGet(46)) - raft.server.threadpool.client.cached = true (default)
2022-12-02 11:12:27,437 [pool-140-thread-1] INFO  server.RaftServerConfigKeys (ConfUtils.java:logGet(46)) - raft.server.threadpool.client.size = 0 (default)
2022-12-02 11:12:27,437 [pool-140-thread-1] INFO  storage.RaftStorageDirectory (RaftStorageDirectoryImpl.java:analyzeStorage(137)) - The storage directory /home/runner/work/ozone/ozone/hadoop-ozone/integration-test/target/test-dir/MiniOzoneClusterImpl-89ec7bf9-65dc-45db-bd6d-bd896179de2e/datanode-3/data/ratis/5c3d6a31-d6fb-44e7-9718-925d38f959d7 does not exist. Creating ...
2022-12-02 11:12:27,439 [pool-140-thread-1] INFO  storage.RaftStorageDirectory (RaftStorageDirectoryImpl.java:tryLock(231)) - Lock on /home/runner/work/ozone/ozone/hadoop-ozone/integration-test/target/test-dir/MiniOzoneClusterImpl-89ec7bf9-65dc-45db-bd6d-bd896179de2e/datanode-3/data/ratis/5c3d6a31-d6fb-44e7-9718-925d38f959d7/in_use.lock acquired by nodename 6885@fv-az205-634
2022-12-02 11:12:27,441 [pool-140-thread-1] INFO  storage.RaftStorage (RaftStorageImpl.java:format(96)) - Storage directory /home/runner/work/ozone/ozone/hadoop-ozone/integration-test/target/test-dir/MiniOzoneClusterImpl-89ec7bf9-65dc-45db-bd6d-bd896179de2e/datanode-3/data/ratis/5c3d6a31-d6fb-44e7-9718-925d38f959d7 has been successfully formatted.
2022-12-02 11:12:27,445 [pool-140-thread-1] INFO  ratis.ContainerStateMachine (ContainerStateMachine.java:loadSnapshot(236)) - group-925D38F959D7: The snapshot info is null. Setting the last applied indexto:(t:0, i:~)
2022-12-02 11:12:27,447 [pool-140-thread-1] INFO  server.RaftServerConfigKeys (ConfUtils.java:logGet(46)) - raft.server.log.use.memory = false (default)
2022-12-02 11:12:27,447 [pool-140-thread-1] INFO  server.RaftServerConfigKeys (ConfUtils.java:logGet(46)) - raft.server.log.purge.gap = 1000000 (custom)
2022-12-02 11:12:27,447 [pool-140-thread-1] INFO  server.RaftServerConfigKeys (ConfUtils.java:logGet(46)) - raft.server.log.appender.buffer.byte-limit = 33554432 (custom)
2022-12-02 11:12:27,447 [pool-140-thread-1] INFO  server.RaftServerConfigKeys (ConfUtils.java:logGet(46)) - raft.server.log.statemachine.data.read.timeout = 1000ms (default)
2022-12-02 11:12:27,449 [pool-140-thread-1] INFO  server.RaftServerConfigKeys (ConfUtils.java:logGet(46)) - raft.server.log.purge.preservation.log.num = 0 (default)
2022-12-02 11:12:27,448 [EventQueue-PipelineReportForPipelineReportHandler] INFO  pipeline.PipelineManagerImpl (PipelineManagerImpl.java:openPipeline(367)) - Pipeline Pipeline[ Id: 5c3d6a31-d6fb-44e7-9718-925d38f959d7, Nodes: 0f1be7e8-a3b4-460a-8434-ebd9767358ca{ip: 10.1.0.7, host: fv-az205-634.k2gd1z4tyxsu3cbgyjsjq30zwf.jx.internal.cloudapp.net, ports: [REPLICATION=45647, RATIS=37191, RATIS_ADMIN=37191, RATIS_SERVER=37191, STANDALONE=34631], networkLocation: /default-rack, certSerialId: null, persistedOpState: IN_SERVICE, persistedOpStateExpiryEpochSec: 0}, ReplicationConfig: RATIS/ONE, State:ALLOCATED, leaderId:0f1be7e8-a3b4-460a-8434-ebd9767358ca, CreationTimestamp2022-12-02T11:12:24.435Z[Etc/UTC]] moved to OPEN state
2022-12-02 11:12:27,449 [pool-140-thread-1] INFO  server.RaftServerConfigKeys (ConfUtils.java:logGet(46)) - raft.server.log.segment.size.max = 1048576 (custom)
2022-12-02 11:12:27,447 [EventQueue-CommandQueueReportForCommandQueueReportHandler] WARN  events.EventQueue (EventQueue.java:fireEvent(216)) - No event handler registered for event TypedEvent{payloadType=DatanodeDetails, name='Datanode_Command_Queue_Updated'}
2022-12-02 11:12:27,450 [EventQueue-OpenPipelineForHealthyPipelineSafeModeRule] INFO  safemode.SCMSafeModeManager (HealthyPipelineSafeModeRule.java:process(137)) - SCM in safe mode. Healthy pipelines reported count is 0, required healthy pipeline reported count is 1
2022-12-02 11:12:27,451 [pool-140-thread-1] INFO  server.RaftServerConfigKeys (ConfUtils.java:logGet(46)) - raft.server.log.segment.cache.num.max = 2 (custom)
2022-12-02 11:12:27,451 [pool-140-thread-1] INFO  server.RaftServerConfigKeys (ConfUtils.java:logGet(46)) - raft.server.log.segment.cache.size.max = 200MB (=209715200) (default)
2022-12-02 11:12:27,451 [pool-140-thread-1] INFO  segmented.SegmentedRaftLogWorker (SegmentedRaftLogWorker.java:<init>(189)) - new 0f1be7e8-a3b4-460a-8434-ebd9767358ca@group-925D38F959D7-SegmentedRaftLogWorker for RaftStorageImpl:Storage Directory /home/runner/work/ozone/ozone/hadoop-ozone/integration-test/target/test-dir/MiniOzoneClusterImpl-89ec7bf9-65dc-45db-bd6d-bd896179de2e/datanode-3/data/ratis/5c3d6a31-d6fb-44e7-9718-925d38f959d7
2022-12-02 11:12:27,451 [pool-140-thread-1] INFO  server.RaftServerConfigKeys (ConfUtils.java:logGet(46)) - raft.server.log.queue.byte-limit = 4294967296 (custom)
2022-12-02 11:12:27,451 [pool-140-thread-1] INFO  server.RaftServerConfigKeys (ConfUtils.java:logGet(46)) - raft.server.log.queue.element-limit = 1024 (custom)
2022-12-02 11:12:27,452 [pool-140-thread-1] INFO  server.RaftServerConfigKeys (ConfUtils.java:logGet(46)) - raft.server.log.segment.size.max = 1048576 (custom)
2022-12-02 11:12:27,453 [pool-140-thread-1] INFO  server.RaftServerConfigKeys (ConfUtils.java:logGet(46)) - raft.server.log.preallocated.size = 16384 (custom)
2022-12-02 11:12:27,453 [pool-140-thread-1] INFO  server.RaftServerConfigKeys (ConfUtils.java:logGet(46)) - raft.server.log.force.sync.num = 128 (default)
2022-12-02 11:12:27,453 [pool-140-thread-1] INFO  server.RaftServerConfigKeys (ConfUtils.java:logGet(46)) - raft.server.log.statemachine.data.sync = true (default)
2022-12-02 11:12:27,453 [pool-140-thread-1] INFO  server.RaftServerConfigKeys (ConfUtils.java:logGet(46)) - raft.server.log.statemachine.data.sync.timeout = 10s (default)
2022-12-02 11:12:27,453 [pool-140-thread-1] INFO  server.RaftServerConfigKeys (ConfUtils.java:logGet(46)) - raft.server.log.statemachine.data.sync.timeout.retry = -1 (default)
2022-12-02 11:12:27,458 [pool-140-thread-1] INFO  server.RaftServerConfigKeys (ConfUtils.java:logGet(46)) - raft.server.log.write.buffer.size = 1048576 (custom)
2022-12-02 11:12:27,460 [pool-140-thread-1] INFO  server.RaftServerConfigKeys (ConfUtils.java:logGet(46)) - raft.server.log.appender.buffer.byte-limit = 33554432 (custom)
2022-12-02 11:12:27,467 [pool-140-thread-1] INFO  server.RaftServerConfigKeys (ConfUtils.java:logGet(46)) - raft.server.log.unsafe-flush.enabled = false (default)
2022-12-02 11:12:27,467 [pool-140-thread-1] INFO  server.RaftServerConfigKeys (ConfUtils.java:logGet(46)) - raft.server.log.async-flush.enabled = false (default)
2022-12-02 11:12:27,467 [pool-140-thread-1] INFO  server.RaftServerConfigKeys (ConfUtils.java:logGet(46)) - raft.server.log.statemachine.data.caching.enabled = true (custom)
2022-12-02 11:12:27,467 [pool-140-thread-1] INFO  segmented.SegmentedRaftLogWorker (SegmentedRaftLogWorker.java:lambda$new$0(135)) - 0f1be7e8-a3b4-460a-8434-ebd9767358ca@group-925D38F959D7-SegmentedRaftLogWorker: flushIndex: setUnconditionally 0 -> -1
2022-12-02 11:12:27,467 [pool-140-thread-1] INFO  segmented.SegmentedRaftLogWorker (SegmentedRaftLogWorker.java:lambda$new$0(135)) - 0f1be7e8-a3b4-460a-8434-ebd9767358ca@group-925D38F959D7-SegmentedRaftLogWorker: safeCacheEvictIndex: setUnconditionally 0 -> -1
2022-12-02 11:12:27,468 [pool-140-thread-1] INFO  server.RaftServer$Division (RaftServerImpl.java:start(334)) - 0f1be7e8-a3b4-460a-8434-ebd9767358ca@group-925D38F959D7: start as a follower, conf=-1: peers:[0f1be7e8-a3b4-460a-8434-ebd9767358ca|rpc:10.1.0.7:37191|priority:1|startupRole:FOLLOWER]|listeners:[], old=null
2022-12-02 11:12:27,468 [pool-140-thread-1] INFO  server.RaftServer$Division (RaftServerImpl.java:setRole(321)) - 0f1be7e8-a3b4-460a-8434-ebd9767358ca@group-925D38F959D7: changes role from      null to FOLLOWER at term 0 for startAsFollower
2022-12-02 11:12:27,468 [pool-140-thread-1] INFO  impl.RoleInfo (RoleInfo.java:updateAndGet(139)) - 0f1be7e8-a3b4-460a-8434-ebd9767358ca: start 0f1be7e8-a3b4-460a-8434-ebd9767358ca@group-925D38F959D7-FollowerState
2022-12-02 11:12:27,468 [0f1be7e8-a3b4-460a-8434-ebd9767358ca@group-925D38F959D7-FollowerState] INFO  server.RaftServerConfigKeys (ConfUtils.java:logFallback(53)) - raft.server.rpc.first-election.timeout.min = 5s (fallback to raft.server.rpc.timeout.min)
2022-12-02 11:12:27,468 [pool-140-thread-1] INFO  util.JmxRegister (JmxRegister.java:tryRegister(44)) - Successfully registered JMX Bean with object name Ratis:service=RaftServer,group=group-925D38F959D7,id=0f1be7e8-a3b4-460a-8434-ebd9767358ca
2022-12-02 11:12:27,468 [0f1be7e8-a3b4-460a-8434-ebd9767358ca@group-925D38F959D7-FollowerState] INFO  server.RaftServerConfigKeys (ConfUtils.java:logFallback(53)) - raft.server.rpc.first-election.timeout.max = 5200ms (fallback to raft.server.rpc.timeout.max)
2022-12-02 11:12:27,468 [pool-140-thread-1] INFO  server.RaftServerConfigKeys (ConfUtils.java:logGet(46)) - raft.server.snapshot.auto.trigger.enabled = true (custom)
2022-12-02 11:12:27,469 [pool-140-thread-1] INFO  server.RaftServerConfigKeys (ConfUtils.java:logGet(46)) - raft.server.snapshot.auto.trigger.threshold = 10000 (custom)
2022-12-02 11:12:27,469 [pool-140-thread-1] INFO  server.RaftServerConfigKeys (ConfUtils.java:logGet(46)) - raft.server.snapshot.retention.file.num = 5 (custom)
2022-12-02 11:12:27,469 [pool-140-thread-1] INFO  server.RaftServerConfigKeys (ConfUtils.java:logGet(46)) - raft.server.log.purge.upto.snapshot.index = false (default)
2022-12-02 11:12:27,470 [Command processor thread] INFO  ratis.XceiverServerRatis (XceiverServerRatis.java:addGroup(765)) - Created group PipelineID=5c3d6a31-d6fb-44e7-9718-925d38f959d7
2022-12-02 11:12:27,470 [Command processor thread] INFO  commandhandler.CreatePipelineCommandHandler (CreatePipelineCommandHandler.java:handle(113)) - Created Pipeline RATIS ONE PipelineID=5c3d6a31-d6fb-44e7-9718-925d38f959d7.
2022-12-02 11:12:27,470 [Command processor thread] INFO  server.RaftServer (RaftServerProxy.java:addNew(96)) - 0f1be7e8-a3b4-460a-8434-ebd9767358ca: addNew group-B9E5E6AFD6D0:[e3d3c1c6-e4ea-41ff-8088-7f0be060b7c0|rpc:10.1.0.7:41167|priority:1|startupRole:FOLLOWER, b564bb99-cd76-4902-8e37-bc5f128935f0|rpc:10.1.0.7:39915|priority:0|startupRole:FOLLOWER, 0f1be7e8-a3b4-460a-8434-ebd9767358ca|rpc:10.1.0.7:37191|priority:0|startupRole:FOLLOWER] returns group-B9E5E6AFD6D0:java.util.concurrent.CompletableFuture@71157a48[Not completed]
2022-12-02 11:12:27,472 [pool-140-thread-1] INFO  server.RaftServer$Division (RaftServerImpl.java:<init>(195)) - 0f1be7e8-a3b4-460a-8434-ebd9767358ca: new RaftServerImpl for group-B9E5E6AFD6D0:[e3d3c1c6-e4ea-41ff-8088-7f0be060b7c0|rpc:10.1.0.7:41167|priority:1|startupRole:FOLLOWER, b564bb99-cd76-4902-8e37-bc5f128935f0|rpc:10.1.0.7:39915|priority:0|startupRole:FOLLOWER, 0f1be7e8-a3b4-460a-8434-ebd9767358ca|rpc:10.1.0.7:37191|priority:0|startupRole:FOLLOWER] with ContainerStateMachine:uninitialized
2022-12-02 11:12:27,472 [pool-140-thread-1] INFO  server.RaftServerConfigKeys (ConfUtils.java:logGet(46)) - raft.server.rpc.timeout.min = 5s (custom)
2022-12-02 11:12:27,472 [pool-140-thread-1] INFO  server.RaftServerConfigKeys (ConfUtils.java:logGet(46)) - raft.server.rpc.timeout.max = 5200ms (custom)
2022-12-02 11:12:27,472 [pool-140-thread-1] INFO  server.RaftServerConfigKeys (ConfUtils.java:logGet(46)) - raft.server.rpc.sleep.time = 25ms (default)
2022-12-02 11:12:27,472 [pool-140-thread-1] INFO  server.RaftServerConfigKeys (ConfUtils.java:logGet(46)) - raft.server.rpc.slowness.timeout = 300s (custom)
2022-12-02 11:12:27,472 [pool-140-thread-1] INFO  server.RaftServerConfigKeys (ConfUtils.java:logGet(46)) - raft.server.leaderelection.leader.step-down.wait-time = 10s (default)
2022-12-02 11:12:27,472 [pool-140-thread-1] INFO  server.RaftServerConfigKeys (ConfUtils.java:logGet(46)) - raft.server.sleep.deviation.threshold = 300ms (default)
2022-12-02 11:12:27,472 [pool-140-thread-1] INFO  server.RaftServer$Division (ServerState.java:<init>(118)) - 0f1be7e8-a3b4-460a-8434-ebd9767358ca@group-B9E5E6AFD6D0: ConfigurationManager, init=-1: peers:[e3d3c1c6-e4ea-41ff-8088-7f0be060b7c0|rpc:10.1.0.7:41167|priority:1|startupRole:FOLLOWER, b564bb99-cd76-4902-8e37-bc5f128935f0|rpc:10.1.0.7:39915|priority:0|startupRole:FOLLOWER, 0f1be7e8-a3b4-460a-8434-ebd9767358ca|rpc:10.1.0.7:37191|priority:0|startupRole:FOLLOWER]|listeners:[], old=null, confs=<EMPTY_MAP>
2022-12-02 11:12:27,472 [pool-140-thread-1] INFO  server.RaftServerConfigKeys (ConfUtils.java:logGet(46)) - raft.server.storage.dir = [/home/runner/work/ozone/ozone/hadoop-ozone/integration-test/target/test-dir/MiniOzoneClusterImpl-89ec7bf9-65dc-45db-bd6d-bd896179de2e/datanode-3/data/ratis] (custom)
2022-12-02 11:12:27,473 [pool-140-thread-1] INFO  server.RaftServerConfigKeys (ConfUtils.java:logGet(46)) - raft.server.log.corruption.policy = EXCEPTION (default)
2022-12-02 11:12:27,473 [pool-140-thread-1] INFO  server.RaftServerConfigKeys (ConfUtils.java:logGet(46)) - raft.server.storage.free-space.min = 0MB (=0) (default)
2022-12-02 11:12:27,473 [pool-140-thread-1] INFO  server.RaftServerConfigKeys (ConfUtils.java:logGet(46)) - raft.server.notification.no-leader.timeout = 300s (custom)
2022-12-02 11:12:27,473 [pool-140-thread-1] INFO  server.RaftServerConfigKeys (ConfUtils.java:logGet(46)) - raft.server.retrycache.expirytime = 600000ms (custom)
2022-12-02 11:12:27,473 [pool-140-thread-1] INFO  server.RaftServerConfigKeys (ConfUtils.java:logGet(46)) - raft.server.retrycache.statistics.expirytime = 100μs (default)
2022-12-02 11:12:27,475 [pool-140-thread-1] INFO  server.RaftServerConfigKeys (ConfUtils.java:logGet(46)) - raft.server.log.appender.install.snapshot.enabled = false (custom)
2022-12-02 11:12:27,475 [pool-140-thread-1] INFO  server.RaftServerConfigKeys (ConfUtils.java:logGet(46)) - raft.server.threadpool.server.cached = true (default)
2022-12-02 11:12:27,475 [pool-140-thread-1] INFO  server.RaftServerConfigKeys (ConfUtils.java:logGet(46)) - raft.server.threadpool.server.size = 0 (default)
2022-12-02 11:12:27,475 [pool-140-thread-1] INFO  server.RaftServerConfigKeys (ConfUtils.java:logGet(46)) - raft.server.threadpool.client.cached = true (default)
2022-12-02 11:12:27,475 [pool-140-thread-1] INFO  server.RaftServerConfigKeys (ConfUtils.java:logGet(46)) - raft.server.threadpool.client.size = 0 (default)
2022-12-02 11:12:27,475 [pool-140-thread-1] INFO  storage.RaftStorageDirectory (RaftStorageDirectoryImpl.java:analyzeStorage(137)) - The storage directory /home/runner/work/ozone/ozone/hadoop-ozone/integration-test/target/test-dir/MiniOzoneClusterImpl-89ec7bf9-65dc-45db-bd6d-bd896179de2e/datanode-3/data/ratis/52343237-7572-48b8-8fc7-b9e5e6afd6d0 does not exist. Creating ...
2022-12-02 11:12:27,477 [pool-140-thread-1] INFO  storage.RaftStorageDirectory (RaftStorageDirectoryImpl.java:tryLock(231)) - Lock on /home/runner/work/ozone/ozone/hadoop-ozone/integration-test/target/test-dir/MiniOzoneClusterImpl-89ec7bf9-65dc-45db-bd6d-bd896179de2e/datanode-3/data/ratis/52343237-7572-48b8-8fc7-b9e5e6afd6d0/in_use.lock acquired by nodename 6885@fv-az205-634
2022-12-02 11:12:27,479 [pool-140-thread-1] INFO  storage.RaftStorage (RaftStorageImpl.java:format(96)) - Storage directory /home/runner/work/ozone/ozone/hadoop-ozone/integration-test/target/test-dir/MiniOzoneClusterImpl-89ec7bf9-65dc-45db-bd6d-bd896179de2e/datanode-3/data/ratis/52343237-7572-48b8-8fc7-b9e5e6afd6d0 has been successfully formatted.
2022-12-02 11:12:27,480 [pool-140-thread-1] INFO  ratis.ContainerStateMachine (ContainerStateMachine.java:loadSnapshot(236)) - group-B9E5E6AFD6D0: The snapshot info is null. Setting the last applied indexto:(t:0, i:~)
2022-12-02 11:12:27,480 [pool-140-thread-1] INFO  server.RaftServerConfigKeys (ConfUtils.java:logGet(46)) - raft.server.log.use.memory = false (default)
2022-12-02 11:12:27,480 [pool-140-thread-1] INFO  server.RaftServerConfigKeys (ConfUtils.java:logGet(46)) - raft.server.log.purge.gap = 1000000 (custom)
2022-12-02 11:12:27,480 [pool-140-thread-1] INFO  server.RaftServerConfigKeys (ConfUtils.java:logGet(46)) - raft.server.log.appender.buffer.byte-limit = 33554432 (custom)
2022-12-02 11:12:27,484 [pool-140-thread-1] INFO  server.RaftServerConfigKeys (ConfUtils.java:logGet(46)) - raft.server.log.statemachine.data.read.timeout = 1000ms (default)
2022-12-02 11:12:27,484 [pool-140-thread-1] INFO  server.RaftServerConfigKeys (ConfUtils.java:logGet(46)) - raft.server.log.purge.preservation.log.num = 0 (default)
2022-12-02 11:12:27,484 [EventQueue-OpenPipelineForHealthyPipelineSafeModeRule] INFO  safemode.SCMSafeModeManager (HealthyPipelineSafeModeRule.java:process(137)) - SCM in safe mode. Healthy pipelines reported count is 0, required healthy pipeline reported count is 1
2022-12-02 11:12:27,484 [EventQueue-CommandQueueReportForCommandQueueReportHandler] WARN  events.EventQueue (EventQueue.java:fireEvent(216)) - No event handler registered for event TypedEvent{payloadType=DatanodeDetails, name='Datanode_Command_Queue_Updated'}
2022-12-02 11:12:27,490 [pool-140-thread-1] INFO  server.RaftServerConfigKeys (ConfUtils.java:logGet(46)) - raft.server.log.segment.size.max = 1048576 (custom)
2022-12-02 11:12:27,490 [pool-140-thread-1] INFO  server.RaftServerConfigKeys (ConfUtils.java:logGet(46)) - raft.server.log.segment.cache.num.max = 2 (custom)
2022-12-02 11:12:27,490 [pool-140-thread-1] INFO  server.RaftServerConfigKeys (ConfUtils.java:logGet(46)) - raft.server.log.segment.cache.size.max = 200MB (=209715200) (default)
2022-12-02 11:12:27,491 [pool-140-thread-1] INFO  segmented.SegmentedRaftLogWorker (SegmentedRaftLogWorker.java:<init>(189)) - new 0f1be7e8-a3b4-460a-8434-ebd9767358ca@group-B9E5E6AFD6D0-SegmentedRaftLogWorker for RaftStorageImpl:Storage Directory /home/runner/work/ozone/ozone/hadoop-ozone/integration-test/target/test-dir/MiniOzoneClusterImpl-89ec7bf9-65dc-45db-bd6d-bd896179de2e/datanode-3/data/ratis/52343237-7572-48b8-8fc7-b9e5e6afd6d0
2022-12-02 11:12:27,491 [pool-140-thread-1] INFO  server.RaftServerConfigKeys (ConfUtils.java:logGet(46)) - raft.server.log.queue.byte-limit = 4294967296 (custom)
2022-12-02 11:12:27,491 [pool-140-thread-1] INFO  server.RaftServerConfigKeys (ConfUtils.java:logGet(46)) - raft.server.log.queue.element-limit = 1024 (custom)
2022-12-02 11:12:27,491 [pool-140-thread-1] INFO  server.RaftServerConfigKeys (ConfUtils.java:logGet(46)) - raft.server.log.segment.size.max = 1048576 (custom)
2022-12-02 11:12:27,491 [pool-140-thread-1] INFO  server.RaftServerConfigKeys (ConfUtils.java:logGet(46)) - raft.server.log.preallocated.size = 16384 (custom)
2022-12-02 11:12:27,491 [pool-140-thread-1] INFO  server.RaftServerConfigKeys (ConfUtils.java:logGet(46)) - raft.server.log.force.sync.num = 128 (default)
2022-12-02 11:12:27,491 [pool-140-thread-1] INFO  server.RaftServerConfigKeys (ConfUtils.java:logGet(46)) - raft.server.log.statemachine.data.sync = true (default)
2022-12-02 11:12:27,491 [pool-140-thread-1] INFO  server.RaftServerConfigKeys (ConfUtils.java:logGet(46)) - raft.server.log.statemachine.data.sync.timeout = 10s (default)
2022-12-02 11:12:27,491 [pool-140-thread-1] INFO  server.RaftServerConfigKeys (ConfUtils.java:logGet(46)) - raft.server.log.statemachine.data.sync.timeout.retry = -1 (default)
2022-12-02 11:12:27,492 [pool-140-thread-1] INFO  server.RaftServerConfigKeys (ConfUtils.java:logGet(46)) - raft.server.log.write.buffer.size = 1048576 (custom)
2022-12-02 11:12:27,493 [pool-140-thread-1] INFO  server.RaftServerConfigKeys (ConfUtils.java:logGet(46)) - raft.server.log.appender.buffer.byte-limit = 33554432 (custom)
2022-12-02 11:12:27,500 [pool-140-thread-1] INFO  server.RaftServerConfigKeys (ConfUtils.java:logGet(46)) - raft.server.log.unsafe-flush.enabled = false (default)
2022-12-02 11:12:27,500 [pool-140-thread-1] INFO  server.RaftServerConfigKeys (ConfUtils.java:logGet(46)) - raft.server.log.async-flush.enabled = false (default)
2022-12-02 11:12:27,500 [pool-140-thread-1] INFO  server.RaftServerConfigKeys (ConfUtils.java:logGet(46)) - raft.server.log.statemachine.data.caching.enabled = true (custom)
2022-12-02 11:12:27,500 [pool-140-thread-1] INFO  segmented.SegmentedRaftLogWorker (SegmentedRaftLogWorker.java:lambda$new$0(135)) - 0f1be7e8-a3b4-460a-8434-ebd9767358ca@group-B9E5E6AFD6D0-SegmentedRaftLogWorker: flushIndex: setUnconditionally 0 -> -1
2022-12-02 11:12:27,500 [pool-140-thread-1] INFO  segmented.SegmentedRaftLogWorker (SegmentedRaftLogWorker.java:lambda$new$0(135)) - 0f1be7e8-a3b4-460a-8434-ebd9767358ca@group-B9E5E6AFD6D0-SegmentedRaftLogWorker: safeCacheEvictIndex: setUnconditionally 0 -> -1
2022-12-02 11:12:27,501 [pool-140-thread-1] INFO  server.RaftServer$Division (RaftServerImpl.java:start(334)) - 0f1be7e8-a3b4-460a-8434-ebd9767358ca@group-B9E5E6AFD6D0: start as a follower, conf=-1: peers:[e3d3c1c6-e4ea-41ff-8088-7f0be060b7c0|rpc:10.1.0.7:41167|priority:1|startupRole:FOLLOWER, b564bb99-cd76-4902-8e37-bc5f128935f0|rpc:10.1.0.7:39915|priority:0|startupRole:FOLLOWER, 0f1be7e8-a3b4-460a-8434-ebd9767358ca|rpc:10.1.0.7:37191|priority:0|startupRole:FOLLOWER]|listeners:[], old=null
2022-12-02 11:12:27,501 [pool-140-thread-1] INFO  server.RaftServer$Division (RaftServerImpl.java:setRole(321)) - 0f1be7e8-a3b4-460a-8434-ebd9767358ca@group-B9E5E6AFD6D0: changes role from      null to FOLLOWER at term 0 for startAsFollower
2022-12-02 11:12:27,501 [pool-140-thread-1] INFO  impl.RoleInfo (RoleInfo.java:updateAndGet(139)) - 0f1be7e8-a3b4-460a-8434-ebd9767358ca: start 0f1be7e8-a3b4-460a-8434-ebd9767358ca@group-B9E5E6AFD6D0-FollowerState
2022-12-02 11:12:27,501 [pool-140-thread-1] INFO  util.JmxRegister (JmxRegister.java:tryRegister(44)) - Successfully registered JMX Bean with object name Ratis:service=RaftServer,group=group-B9E5E6AFD6D0,id=0f1be7e8-a3b4-460a-8434-ebd9767358ca
2022-12-02 11:12:27,501 [pool-140-thread-1] INFO  server.RaftServerConfigKeys (ConfUtils.java:logGet(46)) - raft.server.snapshot.auto.trigger.enabled = true (custom)
2022-12-02 11:12:27,501 [pool-140-thread-1] INFO  server.RaftServerConfigKeys (ConfUtils.java:logGet(46)) - raft.server.snapshot.auto.trigger.threshold = 10000 (custom)
2022-12-02 11:12:27,501 [pool-140-thread-1] INFO  server.RaftServerConfigKeys (ConfUtils.java:logGet(46)) - raft.server.snapshot.retention.file.num = 5 (custom)
2022-12-02 11:12:27,502 [pool-140-thread-1] INFO  server.RaftServerConfigKeys (ConfUtils.java:logGet(46)) - raft.server.log.purge.upto.snapshot.index = false (default)
2022-12-02 11:12:27,502 [0f1be7e8-a3b4-460a-8434-ebd9767358ca@group-B9E5E6AFD6D0-FollowerState] INFO  server.RaftServerConfigKeys (ConfUtils.java:logFallback(53)) - raft.server.rpc.first-election.timeout.min = 5s (fallback to raft.server.rpc.timeout.min)
2022-12-02 11:12:27,503 [0f1be7e8-a3b4-460a-8434-ebd9767358ca@group-B9E5E6AFD6D0-FollowerState] INFO  server.RaftServerConfigKeys (ConfUtils.java:logFallback(53)) - raft.server.rpc.first-election.timeout.max = 5200ms (fallback to raft.server.rpc.timeout.max)
2022-12-02 11:12:27,503 [Command processor thread] INFO  ratis.XceiverServerRatis (XceiverServerRatis.java:addGroup(765)) - Created group PipelineID=52343237-7572-48b8-8fc7-b9e5e6afd6d0
2022-12-02 11:12:27,506 [Listener at 127.0.0.1/39085] INFO  ozone.MiniOzoneClusterImpl (MiniOzoneClusterImpl.java:lambda$waitForClusterToBeReady$0(216)) - Nodes are ready. Got 6 of 6 DN Heartbeats.
2022-12-02 11:12:27,506 [Listener at 127.0.0.1/39085] INFO  ozone.MiniOzoneClusterImpl (MiniOzoneClusterImpl.java:lambda$waitForClusterToBeReady$0(219)) - Waiting for cluster to exit safe mode
2022-12-02 11:12:27,506 [Listener at 127.0.0.1/39085] INFO  ozone.MiniOzoneClusterImpl (MiniOzoneClusterImpl.java:lambda$waitForClusterToBeReady$0(221)) - SCM became leader
2022-12-02 11:12:27,514 [EventQueue-CommandQueueReportForCommandQueueReportHandler] WARN  events.EventQueue (EventQueue.java:fireEvent(216)) - No event handler registered for event TypedEvent{payloadType=DatanodeDetails, name='Datanode_Command_Queue_Updated'}
2022-12-02 11:12:27,538 [grpc-default-executor-0] INFO  server.RaftServer (RaftServerProxy.java:addNew(96)) - b564bb99-cd76-4902-8e37-bc5f128935f0: addNew group-B9E5E6AFD6D0:[e3d3c1c6-e4ea-41ff-8088-7f0be060b7c0|rpc:10.1.0.7:41167|dataStream:|priority:1|startupRole:FOLLOWER, b564bb99-cd76-4902-8e37-bc5f128935f0|rpc:10.1.0.7:39915|dataStream:|priority:0|startupRole:FOLLOWER, 0f1be7e8-a3b4-460a-8434-ebd9767358ca|rpc:10.1.0.7:37191|dataStream:|priority:0|startupRole:FOLLOWER] returns group-B9E5E6AFD6D0:java.util.concurrent.CompletableFuture@c9b7780[Not completed]
2022-12-02 11:12:27,540 [pool-163-thread-1] INFO  server.RaftServer$Division (RaftServerImpl.java:<init>(195)) - b564bb99-cd76-4902-8e37-bc5f128935f0: new RaftServerImpl for group-B9E5E6AFD6D0:[e3d3c1c6-e4ea-41ff-8088-7f0be060b7c0|rpc:10.1.0.7:41167|dataStream:|priority:1|startupRole:FOLLOWER, b564bb99-cd76-4902-8e37-bc5f128935f0|rpc:10.1.0.7:39915|dataStream:|priority:0|startupRole:FOLLOWER, 0f1be7e8-a3b4-460a-8434-ebd9767358ca|rpc:10.1.0.7:37191|dataStream:|priority:0|startupRole:FOLLOWER] with ContainerStateMachine:uninitialized
2022-12-02 11:12:27,540 [pool-163-thread-1] INFO  server.RaftServerConfigKeys (ConfUtils.java:logGet(46)) - raft.server.rpc.timeout.min = 5s (custom)
2022-12-02 11:12:27,540 [pool-163-thread-1] INFO  server.RaftServerConfigKeys (ConfUtils.java:logGet(46)) - raft.server.rpc.timeout.max = 5200ms (custom)
2022-12-02 11:12:27,540 [pool-163-thread-1] INFO  server.RaftServerConfigKeys (ConfUtils.java:logGet(46)) - raft.server.rpc.sleep.time = 25ms (default)
2022-12-02 11:12:27,540 [pool-163-thread-1] INFO  server.RaftServerConfigKeys (ConfUtils.java:logGet(46)) - raft.server.rpc.slowness.timeout = 300s (custom)
2022-12-02 11:12:27,540 [pool-163-thread-1] INFO  server.RaftServerConfigKeys (ConfUtils.java:logGet(46)) - raft.server.leaderelection.leader.step-down.wait-time = 10s (default)
2022-12-02 11:12:27,541 [pool-163-thread-1] INFO  server.RaftServerConfigKeys (ConfUtils.java:logGet(46)) - raft.server.sleep.deviation.threshold = 300ms (default)
2022-12-02 11:12:27,541 [pool-163-thread-1] INFO  server.RaftServer$Division (ServerState.java:<init>(118)) - b564bb99-cd76-4902-8e37-bc5f128935f0@group-B9E5E6AFD6D0: ConfigurationManager, init=-1: peers:[e3d3c1c6-e4ea-41ff-8088-7f0be060b7c0|rpc:10.1.0.7:41167|dataStream:|priority:1|startupRole:FOLLOWER, b564bb99-cd76-4902-8e37-bc5f128935f0|rpc:10.1.0.7:39915|dataStream:|priority:0|startupRole:FOLLOWER, 0f1be7e8-a3b4-460a-8434-ebd9767358ca|rpc:10.1.0.7:37191|dataStream:|priority:0|startupRole:FOLLOWER]|listeners:[], old=null, confs=<EMPTY_MAP>
2022-12-02 11:12:27,541 [pool-163-thread-1] INFO  server.RaftServerConfigKeys (ConfUtils.java:logGet(46)) - raft.server.storage.dir = [/home/runner/work/ozone/ozone/hadoop-ozone/integration-test/target/test-dir/MiniOzoneClusterImpl-89ec7bf9-65dc-45db-bd6d-bd896179de2e/datanode-4/data/ratis] (custom)
2022-12-02 11:12:27,541 [pool-163-thread-1] INFO  server.RaftServerConfigKeys (ConfUtils.java:logGet(46)) - raft.server.log.corruption.policy = EXCEPTION (default)
2022-12-02 11:12:27,541 [pool-163-thread-1] INFO  server.RaftServerConfigKeys (ConfUtils.java:logGet(46)) - raft.server.storage.free-space.min = 0MB (=0) (default)
2022-12-02 11:12:27,541 [pool-163-thread-1] INFO  server.RaftServerConfigKeys (ConfUtils.java:logGet(46)) - raft.server.notification.no-leader.timeout = 300s (custom)
2022-12-02 11:12:27,541 [pool-163-thread-1] INFO  server.RaftServerConfigKeys (ConfUtils.java:logGet(46)) - raft.server.retrycache.expirytime = 600000ms (custom)
2022-12-02 11:12:27,542 [pool-163-thread-1] INFO  server.RaftServerConfigKeys (ConfUtils.java:logGet(46)) - raft.server.retrycache.statistics.expirytime = 100μs (default)
2022-12-02 11:12:27,543 [pool-163-thread-1] INFO  server.RaftServerConfigKeys (ConfUtils.java:logGet(46)) - raft.server.log.appender.install.snapshot.enabled = false (custom)
2022-12-02 11:12:27,543 [pool-163-thread-1] INFO  server.RaftServerConfigKeys (ConfUtils.java:logGet(46)) - raft.server.threadpool.server.cached = true (default)
2022-12-02 11:12:27,543 [pool-163-thread-1] INFO  server.RaftServerConfigKeys (ConfUtils.java:logGet(46)) - raft.server.threadpool.server.size = 0 (default)
2022-12-02 11:12:27,543 [pool-163-thread-1] INFO  server.RaftServerConfigKeys (ConfUtils.java:logGet(46)) - raft.server.threadpool.client.cached = true (default)
2022-12-02 11:12:27,543 [pool-163-thread-1] INFO  server.RaftServerConfigKeys (ConfUtils.java:logGet(46)) - raft.server.threadpool.client.size = 0 (default)
2022-12-02 11:12:27,543 [pool-163-thread-1] INFO  storage.RaftStorageDirectory (RaftStorageDirectoryImpl.java:analyzeStorage(137)) - The storage directory /home/runner/work/ozone/ozone/hadoop-ozone/integration-test/target/test-dir/MiniOzoneClusterImpl-89ec7bf9-65dc-45db-bd6d-bd896179de2e/datanode-4/data/ratis/52343237-7572-48b8-8fc7-b9e5e6afd6d0 does not exist. Creating ...
2022-12-02 11:12:27,545 [pool-163-thread-1] INFO  storage.RaftStorageDirectory (RaftStorageDirectoryImpl.java:tryLock(231)) - Lock on /home/runner/work/ozone/ozone/hadoop-ozone/integration-test/target/test-dir/MiniOzoneClusterImpl-89ec7bf9-65dc-45db-bd6d-bd896179de2e/datanode-4/data/ratis/52343237-7572-48b8-8fc7-b9e5e6afd6d0/in_use.lock acquired by nodename 6885@fv-az205-634
2022-12-02 11:12:27,546 [pool-163-thread-1] INFO  storage.RaftStorage (RaftStorageImpl.java:format(96)) - Storage directory /home/runner/work/ozone/ozone/hadoop-ozone/integration-test/target/test-dir/MiniOzoneClusterImpl-89ec7bf9-65dc-45db-bd6d-bd896179de2e/datanode-4/data/ratis/52343237-7572-48b8-8fc7-b9e5e6afd6d0 has been successfully formatted.
2022-12-02 11:12:27,549 [pool-163-thread-1] INFO  ratis.ContainerStateMachine (ContainerStateMachine.java:loadSnapshot(236)) - group-B9E5E6AFD6D0: The snapshot info is null. Setting the last applied indexto:(t:0, i:~)
2022-12-02 11:12:27,550 [EventQueue-CommandQueueReportForCommandQueueReportHandler] WARN  events.EventQueue (EventQueue.java:fireEvent(216)) - No event handler registered for event TypedEvent{payloadType=DatanodeDetails, name='Datanode_Command_Queue_Updated'}
2022-12-02 11:12:27,554 [pool-163-thread-1] INFO  server.RaftServerConfigKeys (ConfUtils.java:logGet(46)) - raft.server.log.use.memory = false (default)
2022-12-02 11:12:27,555 [pool-163-thread-1] INFO  server.RaftServerConfigKeys (ConfUtils.java:logGet(46)) - raft.server.log.purge.gap = 1000000 (custom)
2022-12-02 11:12:27,555 [pool-163-thread-1] INFO  server.RaftServerConfigKeys (ConfUtils.java:logGet(46)) - raft.server.log.appender.buffer.byte-limit = 33554432 (custom)
2022-12-02 11:12:27,555 [pool-163-thread-1] INFO  server.RaftServerConfigKeys (ConfUtils.java:logGet(46)) - raft.server.log.statemachine.data.read.timeout = 1000ms (default)
2022-12-02 11:12:27,555 [pool-163-thread-1] INFO  server.RaftServerConfigKeys (ConfUtils.java:logGet(46)) - raft.server.log.purge.preservation.log.num = 0 (default)
2022-12-02 11:12:27,555 [pool-163-thread-1] INFO  server.RaftServerConfigKeys (ConfUtils.java:logGet(46)) - raft.server.log.segment.size.max = 1048576 (custom)
2022-12-02 11:12:27,558 [pool-163-thread-1] INFO  server.RaftServerConfigKeys (ConfUtils.java:logGet(46)) - raft.server.log.segment.cache.num.max = 2 (custom)
2022-12-02 11:12:27,559 [pool-163-thread-1] INFO  server.RaftServerConfigKeys (ConfUtils.java:logGet(46)) - raft.server.log.segment.cache.size.max = 200MB (=209715200) (default)
2022-12-02 11:12:27,559 [pool-163-thread-1] INFO  segmented.SegmentedRaftLogWorker (SegmentedRaftLogWorker.java:<init>(189)) - new b564bb99-cd76-4902-8e37-bc5f128935f0@group-B9E5E6AFD6D0-SegmentedRaftLogWorker for RaftStorageImpl:Storage Directory /home/runner/work/ozone/ozone/hadoop-ozone/integration-test/target/test-dir/MiniOzoneClusterImpl-89ec7bf9-65dc-45db-bd6d-bd896179de2e/datanode-4/data/ratis/52343237-7572-48b8-8fc7-b9e5e6afd6d0
2022-12-02 11:12:27,559 [pool-163-thread-1] INFO  server.RaftServerConfigKeys (ConfUtils.java:logGet(46)) - raft.server.log.queue.byte-limit = 4294967296 (custom)
2022-12-02 11:12:27,559 [pool-163-thread-1] INFO  server.RaftServerConfigKeys (ConfUtils.java:logGet(46)) - raft.server.log.queue.element-limit = 1024 (custom)
2022-12-02 11:12:27,560 [pool-163-thread-1] INFO  server.RaftServerConfigKeys (ConfUtils.java:logGet(46)) - raft.server.log.segment.size.max = 1048576 (custom)
2022-12-02 11:12:27,560 [pool-163-thread-1] INFO  server.RaftServerConfigKeys (ConfUtils.java:logGet(46)) - raft.server.log.preallocated.size = 16384 (custom)
2022-12-02 11:12:27,560 [pool-163-thread-1] INFO  server.RaftServerConfigKeys (ConfUtils.java:logGet(46)) - raft.server.log.force.sync.num = 128 (default)
2022-12-02 11:12:27,560 [pool-163-thread-1] INFO  server.RaftServerConfigKeys (ConfUtils.java:logGet(46)) - raft.server.log.statemachine.data.sync = true (default)
2022-12-02 11:12:27,560 [pool-163-thread-1] INFO  server.RaftServerConfigKeys (ConfUtils.java:logGet(46)) - raft.server.log.statemachine.data.sync.timeout = 10s (default)
2022-12-02 11:12:27,561 [pool-163-thread-1] INFO  server.RaftServerConfigKeys (ConfUtils.java:logGet(46)) - raft.server.log.statemachine.data.sync.timeout.retry = -1 (default)
2022-12-02 11:12:27,563 [pool-163-thread-1] INFO  server.RaftServerConfigKeys (ConfUtils.java:logGet(46)) - raft.server.log.write.buffer.size = 1048576 (custom)
2022-12-02 11:12:27,565 [pool-163-thread-1] INFO  server.RaftServerConfigKeys (ConfUtils.java:logGet(46)) - raft.server.log.appender.buffer.byte-limit = 33554432 (custom)
2022-12-02 11:12:27,573 [pool-163-thread-1] INFO  server.RaftServerConfigKeys (ConfUtils.java:logGet(46)) - raft.server.log.unsafe-flush.enabled = false (default)
2022-12-02 11:12:27,573 [pool-163-thread-1] INFO  server.RaftServerConfigKeys (ConfUtils.java:logGet(46)) - raft.server.log.async-flush.enabled = false (default)
2022-12-02 11:12:27,573 [pool-163-thread-1] INFO  server.RaftServerConfigKeys (ConfUtils.java:logGet(46)) - raft.server.log.statemachine.data.caching.enabled = true (custom)
2022-12-02 11:12:27,574 [pool-163-thread-1] INFO  segmented.SegmentedRaftLogWorker (SegmentedRaftLogWorker.java:lambda$new$0(135)) - b564bb99-cd76-4902-8e37-bc5f128935f0@group-B9E5E6AFD6D0-SegmentedRaftLogWorker: flushIndex: setUnconditionally 0 -> -1
2022-12-02 11:12:27,574 [pool-163-thread-1] INFO  segmented.SegmentedRaftLogWorker (SegmentedRaftLogWorker.java:lambda$new$0(135)) - b564bb99-cd76-4902-8e37-bc5f128935f0@group-B9E5E6AFD6D0-SegmentedRaftLogWorker: safeCacheEvictIndex: setUnconditionally 0 -> -1
2022-12-02 11:12:27,575 [pool-163-thread-1] INFO  server.RaftServer$Division (RaftServerImpl.java:start(334)) - b564bb99-cd76-4902-8e37-bc5f128935f0@group-B9E5E6AFD6D0: start as a follower, conf=-1: peers:[e3d3c1c6-e4ea-41ff-8088-7f0be060b7c0|rpc:10.1.0.7:41167|dataStream:|priority:1|startupRole:FOLLOWER, b564bb99-cd76-4902-8e37-bc5f128935f0|rpc:10.1.0.7:39915|dataStream:|priority:0|startupRole:FOLLOWER, 0f1be7e8-a3b4-460a-8434-ebd9767358ca|rpc:10.1.0.7:37191|dataStream:|priority:0|startupRole:FOLLOWER]|listeners:[], old=null
2022-12-02 11:12:27,575 [pool-163-thread-1] INFO  server.RaftServer$Division (RaftServerImpl.java:setRole(321)) - b564bb99-cd76-4902-8e37-bc5f128935f0@group-B9E5E6AFD6D0: changes role from      null to FOLLOWER at term 0 for startAsFollower
2022-12-02 11:12:27,575 [pool-163-thread-1] INFO  impl.RoleInfo (RoleInfo.java:updateAndGet(139)) - b564bb99-cd76-4902-8e37-bc5f128935f0: start b564bb99-cd76-4902-8e37-bc5f128935f0@group-B9E5E6AFD6D0-FollowerState
2022-12-02 11:12:27,578 [pool-163-thread-1] INFO  util.JmxRegister (JmxRegister.java:tryRegister(44)) - Successfully registered JMX Bean with object name Ratis:service=RaftServer,group=group-B9E5E6AFD6D0,id=b564bb99-cd76-4902-8e37-bc5f128935f0
2022-12-02 11:12:27,578 [pool-163-thread-1] INFO  server.RaftServerConfigKeys (ConfUtils.java:logGet(46)) - raft.server.snapshot.auto.trigger.enabled = true (custom)
2022-12-02 11:12:27,578 [pool-163-thread-1] INFO  server.RaftServerConfigKeys (ConfUtils.java:logGet(46)) - raft.server.snapshot.auto.trigger.threshold = 10000 (custom)
2022-12-02 11:12:27,579 [pool-163-thread-1] INFO  server.RaftServerConfigKeys (ConfUtils.java:logGet(46)) - raft.server.snapshot.retention.file.num = 5 (custom)
2022-12-02 11:12:27,579 [pool-163-thread-1] INFO  server.RaftServerConfigKeys (ConfUtils.java:logGet(46)) - raft.server.log.purge.upto.snapshot.index = false (default)
2022-12-02 11:12:27,579 [b564bb99-cd76-4902-8e37-bc5f128935f0@group-B9E5E6AFD6D0-FollowerState] INFO  server.RaftServerConfigKeys (ConfUtils.java:logFallback(53)) - raft.server.rpc.first-election.timeout.min = 5s (fallback to raft.server.rpc.timeout.min)
2022-12-02 11:12:27,591 [b564bb99-cd76-4902-8e37-bc5f128935f0@group-B9E5E6AFD6D0-FollowerState] INFO  server.RaftServerConfigKeys (ConfUtils.java:logFallback(53)) - raft.server.rpc.first-election.timeout.max = 5200ms (fallback to raft.server.rpc.timeout.max)
2022-12-02 11:12:27,626 [grpc-default-executor-0] INFO  server.RaftServer (RaftServerProxy.java:addNew(96)) - e3d3c1c6-e4ea-41ff-8088-7f0be060b7c0: addNew group-B9E5E6AFD6D0:[e3d3c1c6-e4ea-41ff-8088-7f0be060b7c0|rpc:10.1.0.7:41167|dataStream:|priority:1|startupRole:FOLLOWER, b564bb99-cd76-4902-8e37-bc5f128935f0|rpc:10.1.0.7:39915|dataStream:|priority:0|startupRole:FOLLOWER, 0f1be7e8-a3b4-460a-8434-ebd9767358ca|rpc:10.1.0.7:37191|dataStream:|priority:0|startupRole:FOLLOWER] returns group-B9E5E6AFD6D0:java.util.concurrent.CompletableFuture@2eba9ca4[Not completed]
2022-12-02 11:12:27,630 [pool-190-thread-1] INFO  server.RaftServer$Division (RaftServerImpl.java:<init>(195)) - e3d3c1c6-e4ea-41ff-8088-7f0be060b7c0: new RaftServerImpl for group-B9E5E6AFD6D0:[e3d3c1c6-e4ea-41ff-8088-7f0be060b7c0|rpc:10.1.0.7:41167|dataStream:|priority:1|startupRole:FOLLOWER, b564bb99-cd76-4902-8e37-bc5f128935f0|rpc:10.1.0.7:39915|dataStream:|priority:0|startupRole:FOLLOWER, 0f1be7e8-a3b4-460a-8434-ebd9767358ca|rpc:10.1.0.7:37191|dataStream:|priority:0|startupRole:FOLLOWER] with ContainerStateMachine:uninitialized
2022-12-02 11:12:27,631 [pool-190-thread-1] INFO  server.RaftServerConfigKeys (ConfUtils.java:logGet(46)) - raft.server.rpc.timeout.min = 5s (custom)
2022-12-02 11:12:27,631 [pool-190-thread-1] INFO  server.RaftServerConfigKeys (ConfUtils.java:logGet(46)) - raft.server.rpc.timeout.max = 5200ms (custom)
2022-12-02 11:12:27,631 [pool-190-thread-1] INFO  server.RaftServerConfigKeys (ConfUtils.java:logGet(46)) - raft.server.rpc.sleep.time = 25ms (default)
2022-12-02 11:12:27,631 [pool-190-thread-1] INFO  server.RaftServerConfigKeys (ConfUtils.java:logGet(46)) - raft.server.rpc.slowness.timeout = 300s (custom)
2022-12-02 11:12:27,631 [pool-190-thread-1] INFO  server.RaftServerConfigKeys (ConfUtils.java:logGet(46)) - raft.server.leaderelection.leader.step-down.wait-time = 10s (default)
2022-12-02 11:12:27,631 [pool-190-thread-1] INFO  server.RaftServerConfigKeys (ConfUtils.java:logGet(46)) - raft.server.sleep.deviation.threshold = 300ms (default)
2022-12-02 11:12:27,631 [pool-190-thread-1] INFO  server.RaftServer$Division (ServerState.java:<init>(118)) - e3d3c1c6-e4ea-41ff-8088-7f0be060b7c0@group-B9E5E6AFD6D0: ConfigurationManager, init=-1: peers:[e3d3c1c6-e4ea-41ff-8088-7f0be060b7c0|rpc:10.1.0.7:41167|dataStream:|priority:1|startupRole:FOLLOWER, b564bb99-cd76-4902-8e37-bc5f128935f0|rpc:10.1.0.7:39915|dataStream:|priority:0|startupRole:FOLLOWER, 0f1be7e8-a3b4-460a-8434-ebd9767358ca|rpc:10.1.0.7:37191|dataStream:|priority:0|startupRole:FOLLOWER]|listeners:[], old=null, confs=<EMPTY_MAP>
2022-12-02 11:12:27,631 [pool-190-thread-1] INFO  server.RaftServerConfigKeys (ConfUtils.java:logGet(46)) - raft.server.storage.dir = [/home/runner/work/ozone/ozone/hadoop-ozone/integration-test/target/test-dir/MiniOzoneClusterImpl-89ec7bf9-65dc-45db-bd6d-bd896179de2e/datanode-5/data/ratis] (custom)
2022-12-02 11:12:27,631 [pool-190-thread-1] INFO  server.RaftServerConfigKeys (ConfUtils.java:logGet(46)) - raft.server.log.corruption.policy = EXCEPTION (default)
2022-12-02 11:12:27,632 [pool-190-thread-1] INFO  server.RaftServerConfigKeys (ConfUtils.java:logGet(46)) - raft.server.storage.free-space.min = 0MB (=0) (default)
2022-12-02 11:12:27,632 [pool-190-thread-1] INFO  server.RaftServerConfigKeys (ConfUtils.java:logGet(46)) - raft.server.notification.no-leader.timeout = 300s (custom)
2022-12-02 11:12:27,632 [pool-190-thread-1] INFO  server.RaftServerConfigKeys (ConfUtils.java:logGet(46)) - raft.server.retrycache.expirytime = 600000ms (custom)
2022-12-02 11:12:27,632 [pool-190-thread-1] INFO  server.RaftServerConfigKeys (ConfUtils.java:logGet(46)) - raft.server.retrycache.statistics.expirytime = 100μs (default)
2022-12-02 11:12:27,636 [pool-190-thread-1] INFO  server.RaftServerConfigKeys (ConfUtils.java:logGet(46)) - raft.server.log.appender.install.snapshot.enabled = false (custom)
2022-12-02 11:12:27,636 [pool-190-thread-1] INFO  server.RaftServerConfigKeys (ConfUtils.java:logGet(46)) - raft.server.threadpool.server.cached = true (default)
2022-12-02 11:12:27,636 [pool-190-thread-1] INFO  server.RaftServerConfigKeys (ConfUtils.java:logGet(46)) - raft.server.threadpool.server.size = 0 (default)
2022-12-02 11:12:27,636 [pool-190-thread-1] INFO  server.RaftServerConfigKeys (ConfUtils.java:logGet(46)) - raft.server.threadpool.client.cached = true (default)
2022-12-02 11:12:27,637 [pool-190-thread-1] INFO  server.RaftServerConfigKeys (ConfUtils.java:logGet(46)) - raft.server.threadpool.client.size = 0 (default)
2022-12-02 11:12:27,637 [pool-190-thread-1] INFO  storage.RaftStorageDirectory (RaftStorageDirectoryImpl.java:analyzeStorage(137)) - The storage directory /home/runner/work/ozone/ozone/hadoop-ozone/integration-test/target/test-dir/MiniOzoneClusterImpl-89ec7bf9-65dc-45db-bd6d-bd896179de2e/datanode-5/data/ratis/52343237-7572-48b8-8fc7-b9e5e6afd6d0 does not exist. Creating ...
2022-12-02 11:12:27,638 [pool-190-thread-1] INFO  storage.RaftStorageDirectory (RaftStorageDirectoryImpl.java:tryLock(231)) - Lock on /home/runner/work/ozone/ozone/hadoop-ozone/integration-test/target/test-dir/MiniOzoneClusterImpl-89ec7bf9-65dc-45db-bd6d-bd896179de2e/datanode-5/data/ratis/52343237-7572-48b8-8fc7-b9e5e6afd6d0/in_use.lock acquired by nodename 6885@fv-az205-634
2022-12-02 11:12:27,647 [pool-190-thread-1] INFO  storage.RaftStorage (RaftStorageImpl.java:format(96)) - Storage directory /home/runner/work/ozone/ozone/hadoop-ozone/integration-test/target/test-dir/MiniOzoneClusterImpl-89ec7bf9-65dc-45db-bd6d-bd896179de2e/datanode-5/data/ratis/52343237-7572-48b8-8fc7-b9e5e6afd6d0 has been successfully formatted.
2022-12-02 11:12:27,648 [pool-190-thread-1] INFO  ratis.ContainerStateMachine (ContainerStateMachine.java:loadSnapshot(236)) - group-B9E5E6AFD6D0: The snapshot info is null. Setting the last applied indexto:(t:0, i:~)
2022-12-02 11:12:27,648 [pool-190-thread-1] INFO  server.RaftServerConfigKeys (ConfUtils.java:logGet(46)) - raft.server.log.use.memory = false (default)
2022-12-02 11:12:27,648 [pool-190-thread-1] INFO  server.RaftServerConfigKeys (ConfUtils.java:logGet(46)) - raft.server.log.purge.gap = 1000000 (custom)
2022-12-02 11:12:27,648 [pool-190-thread-1] INFO  server.RaftServerConfigKeys (ConfUtils.java:logGet(46)) - raft.server.log.appender.buffer.byte-limit = 33554432 (custom)
2022-12-02 11:12:27,648 [pool-190-thread-1] INFO  server.RaftServerConfigKeys (ConfUtils.java:logGet(46)) - raft.server.log.statemachine.data.read.timeout = 1000ms (default)
2022-12-02 11:12:27,648 [pool-190-thread-1] INFO  server.RaftServerConfigKeys (ConfUtils.java:logGet(46)) - raft.server.log.purge.preservation.log.num = 0 (default)
2022-12-02 11:12:27,651 [pool-190-thread-1] INFO  server.RaftServerConfigKeys (ConfUtils.java:logGet(46)) - raft.server.log.segment.size.max = 1048576 (custom)
2022-12-02 11:12:27,652 [EventQueue-CommandQueueReportForCommandQueueReportHandler] WARN  events.EventQueue (EventQueue.java:fireEvent(216)) - No event handler registered for event TypedEvent{payloadType=DatanodeDetails, name='Datanode_Command_Queue_Updated'}
2022-12-02 11:12:27,655 [pool-190-thread-1] INFO  server.RaftServerConfigKeys (ConfUtils.java:logGet(46)) - raft.server.log.segment.cache.num.max = 2 (custom)
2022-12-02 11:12:27,655 [pool-190-thread-1] INFO  server.RaftServerConfigKeys (ConfUtils.java:logGet(46)) - raft.server.log.segment.cache.size.max = 200MB (=209715200) (default)
2022-12-02 11:12:27,655 [pool-190-thread-1] INFO  segmented.SegmentedRaftLogWorker (SegmentedRaftLogWorker.java:<init>(189)) - new e3d3c1c6-e4ea-41ff-8088-7f0be060b7c0@group-B9E5E6AFD6D0-SegmentedRaftLogWorker for RaftStorageImpl:Storage Directory /home/runner/work/ozone/ozone/hadoop-ozone/integration-test/target/test-dir/MiniOzoneClusterImpl-89ec7bf9-65dc-45db-bd6d-bd896179de2e/datanode-5/data/ratis/52343237-7572-48b8-8fc7-b9e5e6afd6d0
2022-12-02 11:12:27,655 [pool-190-thread-1] INFO  server.RaftServerConfigKeys (ConfUtils.java:logGet(46)) - raft.server.log.queue.byte-limit = 4294967296 (custom)
2022-12-02 11:12:27,655 [pool-190-thread-1] INFO  server.RaftServerConfigKeys (ConfUtils.java:logGet(46)) - raft.server.log.queue.element-limit = 1024 (custom)
2022-12-02 11:12:27,655 [pool-190-thread-1] INFO  server.RaftServerConfigKeys (ConfUtils.java:logGet(46)) - raft.server.log.segment.size.max = 1048576 (custom)
2022-12-02 11:12:27,655 [pool-190-thread-1] INFO  server.RaftServerConfigKeys (ConfUtils.java:logGet(46)) - raft.server.log.preallocated.size = 16384 (custom)
2022-12-02 11:12:27,655 [pool-190-thread-1] INFO  server.RaftServerConfigKeys (ConfUtils.java:logGet(46)) - raft.server.log.force.sync.num = 128 (default)
2022-12-02 11:12:27,655 [pool-190-thread-1] INFO  server.RaftServerConfigKeys (ConfUtils.java:logGet(46)) - raft.server.log.statemachine.data.sync = true (default)
2022-12-02 11:12:27,656 [pool-190-thread-1] INFO  server.RaftServerConfigKeys (ConfUtils.java:logGet(46)) - raft.server.log.statemachine.data.sync.timeout = 10s (default)
2022-12-02 11:12:27,656 [pool-190-thread-1] INFO  server.RaftServerConfigKeys (ConfUtils.java:logGet(46)) - raft.server.log.statemachine.data.sync.timeout.retry = -1 (default)
2022-12-02 11:12:27,658 [pool-190-thread-1] INFO  server.RaftServerConfigKeys (ConfUtils.java:logGet(46)) - raft.server.log.write.buffer.size = 1048576 (custom)
2022-12-02 11:12:27,659 [pool-190-thread-1] INFO  server.RaftServerConfigKeys (ConfUtils.java:logGet(46)) - raft.server.log.appender.buffer.byte-limit = 33554432 (custom)
2022-12-02 11:12:27,668 [pool-190-thread-1] INFO  server.RaftServerConfigKeys (ConfUtils.java:logGet(46)) - raft.server.log.unsafe-flush.enabled = false (default)
2022-12-02 11:12:27,668 [pool-190-thread-1] INFO  server.RaftServerConfigKeys (ConfUtils.java:logGet(46)) - raft.server.log.async-flush.enabled = false (default)
2022-12-02 11:12:27,668 [pool-190-thread-1] INFO  server.RaftServerConfigKeys (ConfUtils.java:logGet(46)) - raft.server.log.statemachine.data.caching.enabled = true (custom)
2022-12-02 11:12:27,669 [pool-190-thread-1] INFO  segmented.SegmentedRaftLogWorker (SegmentedRaftLogWorker.java:lambda$new$0(135)) - e3d3c1c6-e4ea-41ff-8088-7f0be060b7c0@group-B9E5E6AFD6D0-SegmentedRaftLogWorker: flushIndex: setUnconditionally 0 -> -1
2022-12-02 11:12:27,669 [pool-190-thread-1] INFO  segmented.SegmentedRaftLogWorker (SegmentedRaftLogWorker.java:lambda$new$0(135)) - e3d3c1c6-e4ea-41ff-8088-7f0be060b7c0@group-B9E5E6AFD6D0-SegmentedRaftLogWorker: safeCacheEvictIndex: setUnconditionally 0 -> -1
2022-12-02 11:12:27,669 [pool-190-thread-1] INFO  server.RaftServer$Division (RaftServerImpl.java:start(334)) - e3d3c1c6-e4ea-41ff-8088-7f0be060b7c0@group-B9E5E6AFD6D0: start as a follower, conf=-1: peers:[e3d3c1c6-e4ea-41ff-8088-7f0be060b7c0|rpc:10.1.0.7:41167|dataStream:|priority:1|startupRole:FOLLOWER, b564bb99-cd76-4902-8e37-bc5f128935f0|rpc:10.1.0.7:39915|dataStream:|priority:0|startupRole:FOLLOWER, 0f1be7e8-a3b4-460a-8434-ebd9767358ca|rpc:10.1.0.7:37191|dataStream:|priority:0|startupRole:FOLLOWER]|listeners:[], old=null
2022-12-02 11:12:27,669 [pool-190-thread-1] INFO  server.RaftServer$Division (RaftServerImpl.java:setRole(321)) - e3d3c1c6-e4ea-41ff-8088-7f0be060b7c0@group-B9E5E6AFD6D0: changes role from      null to FOLLOWER at term 0 for startAsFollower
2022-12-02 11:12:27,670 [pool-190-thread-1] INFO  impl.RoleInfo (RoleInfo.java:updateAndGet(139)) - e3d3c1c6-e4ea-41ff-8088-7f0be060b7c0: start e3d3c1c6-e4ea-41ff-8088-7f0be060b7c0@group-B9E5E6AFD6D0-FollowerState
2022-12-02 11:12:27,670 [pool-190-thread-1] INFO  util.JmxRegister (JmxRegister.java:tryRegister(44)) - Successfully registered JMX Bean with object name Ratis:service=RaftServer,group=group-B9E5E6AFD6D0,id=e3d3c1c6-e4ea-41ff-8088-7f0be060b7c0
2022-12-02 11:12:27,670 [pool-190-thread-1] INFO  server.RaftServerConfigKeys (ConfUtils.java:logGet(46)) - raft.server.snapshot.auto.trigger.enabled = true (custom)
2022-12-02 11:12:27,670 [pool-190-thread-1] INFO  server.RaftServerConfigKeys (ConfUtils.java:logGet(46)) - raft.server.snapshot.auto.trigger.threshold = 10000 (custom)
2022-12-02 11:12:27,670 [pool-190-thread-1] INFO  server.RaftServerConfigKeys (ConfUtils.java:logGet(46)) - raft.server.snapshot.retention.file.num = 5 (custom)
2022-12-02 11:12:27,670 [pool-190-thread-1] INFO  server.RaftServerConfigKeys (ConfUtils.java:logGet(46)) - raft.server.log.purge.upto.snapshot.index = false (default)
2022-12-02 11:12:27,671 [e3d3c1c6-e4ea-41ff-8088-7f0be060b7c0@group-B9E5E6AFD6D0-FollowerState] INFO  server.RaftServerConfigKeys (ConfUtils.java:logFallback(53)) - raft.server.rpc.first-election.timeout.min = 5s (fallback to raft.server.rpc.timeout.min)
2022-12-02 11:12:27,673 [e3d3c1c6-e4ea-41ff-8088-7f0be060b7c0@group-B9E5E6AFD6D0-FollowerState] INFO  server.RaftServerConfigKeys (ConfUtils.java:logFallback(53)) - raft.server.rpc.first-election.timeout.max = 5200ms (fallback to raft.server.rpc.timeout.max)
2022-12-02 11:12:27,681 [Command processor thread] INFO  commandhandler.CreatePipelineCommandHandler (CreatePipelineCommandHandler.java:handle(113)) - Created Pipeline RATIS THREE PipelineID=52343237-7572-48b8-8fc7-b9e5e6afd6d0.
2022-12-02 11:12:27,681 [Command processor thread] INFO  server.RaftServer (RaftServerProxy.java:addNew(96)) - 0f1be7e8-a3b4-460a-8434-ebd9767358ca: addNew group-9BAB1271616B:[e3d3c1c6-e4ea-41ff-8088-7f0be060b7c0|rpc:10.1.0.7:41167|priority:0|startupRole:FOLLOWER, b564bb99-cd76-4902-8e37-bc5f128935f0|rpc:10.1.0.7:39915|priority:1|startupRole:FOLLOWER, 0f1be7e8-a3b4-460a-8434-ebd9767358ca|rpc:10.1.0.7:37191|priority:0|startupRole:FOLLOWER] returns group-9BAB1271616B:java.util.concurrent.CompletableFuture@4bf1c65a[Not completed]
2022-12-02 11:12:27,683 [pool-140-thread-1] INFO  server.RaftServer$Division (RaftServerImpl.java:<init>(195)) - 0f1be7e8-a3b4-460a-8434-ebd9767358ca: new RaftServerImpl for group-9BAB1271616B:[e3d3c1c6-e4ea-41ff-8088-7f0be060b7c0|rpc:10.1.0.7:41167|priority:0|startupRole:FOLLOWER, b564bb99-cd76-4902-8e37-bc5f128935f0|rpc:10.1.0.7:39915|priority:1|startupRole:FOLLOWER, 0f1be7e8-a3b4-460a-8434-ebd9767358ca|rpc:10.1.0.7:37191|priority:0|startupRole:FOLLOWER] with ContainerStateMachine:uninitialized
2022-12-02 11:12:27,683 [pool-140-thread-1] INFO  server.RaftServerConfigKeys (ConfUtils.java:logGet(46)) - raft.server.rpc.timeout.min = 5s (custom)
2022-12-02 11:12:27,683 [pool-140-thread-1] INFO  server.RaftServerConfigKeys (ConfUtils.java:logGet(46)) - raft.server.rpc.timeout.max = 5200ms (custom)
2022-12-02 11:12:27,683 [pool-140-thread-1] INFO  server.RaftServerConfigKeys (ConfUtils.java:logGet(46)) - raft.server.rpc.sleep.time = 25ms (default)
2022-12-02 11:12:27,683 [pool-140-thread-1] INFO  server.RaftServerConfigKeys (ConfUtils.java:logGet(46)) - raft.server.rpc.slowness.timeout = 300s (custom)
2022-12-02 11:12:27,683 [pool-140-thread-1] INFO  server.RaftServerConfigKeys (ConfUtils.java:logGet(46)) - raft.server.leaderelection.leader.step-down.wait-time = 10s (default)
2022-12-02 11:12:27,683 [pool-140-thread-1] INFO  server.RaftServerConfigKeys (ConfUtils.java:logGet(46)) - raft.server.sleep.deviation.threshold = 300ms (default)
2022-12-02 11:12:27,684 [pool-140-thread-1] INFO  server.RaftServer$Division (ServerState.java:<init>(118)) - 0f1be7e8-a3b4-460a-8434-ebd9767358ca@group-9BAB1271616B: ConfigurationManager, init=-1: peers:[e3d3c1c6-e4ea-41ff-8088-7f0be060b7c0|rpc:10.1.0.7:41167|priority:0|startupRole:FOLLOWER, b564bb99-cd76-4902-8e37-bc5f128935f0|rpc:10.1.0.7:39915|priority:1|startupRole:FOLLOWER, 0f1be7e8-a3b4-460a-8434-ebd9767358ca|rpc:10.1.0.7:37191|priority:0|startupRole:FOLLOWER]|listeners:[], old=null, confs=<EMPTY_MAP>
2022-12-02 11:12:27,684 [pool-140-thread-1] INFO  server.RaftServerConfigKeys (ConfUtils.java:logGet(46)) - raft.server.storage.dir = [/home/runner/work/ozone/ozone/hadoop-ozone/integration-test/target/test-dir/MiniOzoneClusterImpl-89ec7bf9-65dc-45db-bd6d-bd896179de2e/datanode-3/data/ratis] (custom)
2022-12-02 11:12:27,684 [pool-140-thread-1] INFO  server.RaftServerConfigKeys (ConfUtils.java:logGet(46)) - raft.server.log.corruption.policy = EXCEPTION (default)
2022-12-02 11:12:27,684 [pool-140-thread-1] INFO  server.RaftServerConfigKeys (ConfUtils.java:logGet(46)) - raft.server.storage.free-space.min = 0MB (=0) (default)
2022-12-02 11:12:27,684 [pool-140-thread-1] INFO  server.RaftServerConfigKeys (ConfUtils.java:logGet(46)) - raft.server.notification.no-leader.timeout = 300s (custom)
2022-12-02 11:12:27,684 [pool-140-thread-1] INFO  server.RaftServerConfigKeys (ConfUtils.java:logGet(46)) - raft.server.retrycache.expirytime = 600000ms (custom)
2022-12-02 11:12:27,684 [pool-140-thread-1] INFO  server.RaftServerConfigKeys (ConfUtils.java:logGet(46)) - raft.server.retrycache.statistics.expirytime = 100μs (default)
2022-12-02 11:12:27,685 [pool-140-thread-1] INFO  server.RaftServerConfigKeys (ConfUtils.java:logGet(46)) - raft.server.log.appender.install.snapshot.enabled = false (custom)
2022-12-02 11:12:27,686 [pool-140-thread-1] INFO  server.RaftServerConfigKeys (ConfUtils.java:logGet(46)) - raft.server.threadpool.server.cached = true (default)
2022-12-02 11:12:27,686 [pool-140-thread-1] INFO  server.RaftServerConfigKeys (ConfUtils.java:logGet(46)) - raft.server.threadpool.server.size = 0 (default)
2022-12-02 11:12:27,686 [pool-140-thread-1] INFO  server.RaftServerConfigKeys (ConfUtils.java:logGet(46)) - raft.server.threadpool.client.cached = true (default)
2022-12-02 11:12:27,686 [pool-140-thread-1] INFO  server.RaftServerConfigKeys (ConfUtils.java:logGet(46)) - raft.server.threadpool.client.size = 0 (default)
2022-12-02 11:12:27,691 [pool-140-thread-1] INFO  storage.RaftStorageDirectory (RaftStorageDirectoryImpl.java:analyzeStorage(137)) - The storage directory /home/runner/work/ozone/ozone/hadoop-ozone/integration-test/target/test-dir/MiniOzoneClusterImpl-89ec7bf9-65dc-45db-bd6d-bd896179de2e/datanode-3/data/ratis/87a40351-ee62-4248-9c66-9bab1271616b does not exist. Creating ...
2022-12-02 11:12:27,692 [pool-140-thread-1] INFO  storage.RaftStorageDirectory (RaftStorageDirectoryImpl.java:tryLock(231)) - Lock on /home/runner/work/ozone/ozone/hadoop-ozone/integration-test/target/test-dir/MiniOzoneClusterImpl-89ec7bf9-65dc-45db-bd6d-bd896179de2e/datanode-3/data/ratis/87a40351-ee62-4248-9c66-9bab1271616b/in_use.lock acquired by nodename 6885@fv-az205-634
2022-12-02 11:12:27,694 [pool-140-thread-1] INFO  storage.RaftStorage (RaftStorageImpl.java:format(96)) - Storage directory /home/runner/work/ozone/ozone/hadoop-ozone/integration-test/target/test-dir/MiniOzoneClusterImpl-89ec7bf9-65dc-45db-bd6d-bd896179de2e/datanode-3/data/ratis/87a40351-ee62-4248-9c66-9bab1271616b has been successfully formatted.
2022-12-02 11:12:27,696 [pool-140-thread-1] INFO  ratis.ContainerStateMachine (ContainerStateMachine.java:loadSnapshot(236)) - group-9BAB1271616B: The snapshot info is null. Setting the last applied indexto:(t:0, i:~)
2022-12-02 11:12:27,696 [pool-140-thread-1] INFO  server.RaftServerConfigKeys (ConfUtils.java:logGet(46)) - raft.server.log.use.memory = false (default)
2022-12-02 11:12:27,697 [EventQueue-OpenPipelineForHealthyPipelineSafeModeRule] INFO  safemode.SCMSafeModeManager (HealthyPipelineSafeModeRule.java:process(137)) - SCM in safe mode. Healthy pipelines reported count is 0, required healthy pipeline reported count is 1
2022-12-02 11:12:27,697 [EventQueue-CommandQueueReportForCommandQueueReportHandler] WARN  events.EventQueue (EventQueue.java:fireEvent(216)) - No event handler registered for event TypedEvent{payloadType=DatanodeDetails, name='Datanode_Command_Queue_Updated'}
2022-12-02 11:12:27,700 [pool-140-thread-1] INFO  server.RaftServerConfigKeys (ConfUtils.java:logGet(46)) - raft.server.log.purge.gap = 1000000 (custom)
2022-12-02 11:12:27,700 [pool-140-thread-1] INFO  server.RaftServerConfigKeys (ConfUtils.java:logGet(46)) - raft.server.log.appender.buffer.byte-limit = 33554432 (custom)
2022-12-02 11:12:27,700 [pool-140-thread-1] INFO  server.RaftServerConfigKeys (ConfUtils.java:logGet(46)) - raft.server.log.statemachine.data.read.timeout = 1000ms (default)
2022-12-02 11:12:27,700 [pool-140-thread-1] INFO  server.RaftServerConfigKeys (ConfUtils.java:logGet(46)) - raft.server.log.purge.preservation.log.num = 0 (default)
2022-12-02 11:12:27,700 [pool-140-thread-1] INFO  server.RaftServerConfigKeys (ConfUtils.java:logGet(46)) - raft.server.log.segment.size.max = 1048576 (custom)
2022-12-02 11:12:27,701 [pool-140-thread-1] INFO  server.RaftServerConfigKeys (ConfUtils.java:logGet(46)) - raft.server.log.segment.cache.num.max = 2 (custom)
2022-12-02 11:12:27,701 [pool-140-thread-1] INFO  server.RaftServerConfigKeys (ConfUtils.java:logGet(46)) - raft.server.log.segment.cache.size.max = 200MB (=209715200) (default)
2022-12-02 11:12:27,701 [pool-140-thread-1] INFO  segmented.SegmentedRaftLogWorker (SegmentedRaftLogWorker.java:<init>(189)) - new 0f1be7e8-a3b4-460a-8434-ebd9767358ca@group-9BAB1271616B-SegmentedRaftLogWorker for RaftStorageImpl:Storage Directory /home/runner/work/ozone/ozone/hadoop-ozone/integration-test/target/test-dir/MiniOzoneClusterImpl-89ec7bf9-65dc-45db-bd6d-bd896179de2e/datanode-3/data/ratis/87a40351-ee62-4248-9c66-9bab1271616b
2022-12-02 11:12:27,701 [pool-140-thread-1] INFO  server.RaftServerConfigKeys (ConfUtils.java:logGet(46)) - raft.server.log.queue.byte-limit = 4294967296 (custom)
2022-12-02 11:12:27,701 [pool-140-thread-1] INFO  server.RaftServerConfigKeys (ConfUtils.java:logGet(46)) - raft.server.log.queue.element-limit = 1024 (custom)
2022-12-02 11:12:27,701 [pool-140-thread-1] INFO  server.RaftServerConfigKeys (ConfUtils.java:logGet(46)) - raft.server.log.segment.size.max = 1048576 (custom)
2022-12-02 11:12:27,701 [pool-140-thread-1] INFO  server.RaftServerConfigKeys (ConfUtils.java:logGet(46)) - raft.server.log.preallocated.size = 16384 (custom)
2022-12-02 11:12:27,701 [pool-140-thread-1] INFO  server.RaftServerConfigKeys (ConfUtils.java:logGet(46)) - raft.server.log.force.sync.num = 128 (default)
2022-12-02 11:12:27,703 [pool-140-thread-1] INFO  server.RaftServerConfigKeys (ConfUtils.java:logGet(46)) - raft.server.log.statemachine.data.sync = true (default)
2022-12-02 11:12:27,703 [pool-140-thread-1] INFO  server.RaftServerConfigKeys (ConfUtils.java:logGet(46)) - raft.server.log.statemachine.data.sync.timeout = 10s (default)
2022-12-02 11:12:27,703 [pool-140-thread-1] INFO  server.RaftServerConfigKeys (ConfUtils.java:logGet(46)) - raft.server.log.statemachine.data.sync.timeout.retry = -1 (default)
2022-12-02 11:12:27,705 [pool-140-thread-1] INFO  server.RaftServerConfigKeys (ConfUtils.java:logGet(46)) - raft.server.log.write.buffer.size = 1048576 (custom)
2022-12-02 11:12:27,706 [pool-140-thread-1] INFO  server.RaftServerConfigKeys (ConfUtils.java:logGet(46)) - raft.server.log.appender.buffer.byte-limit = 33554432 (custom)
2022-12-02 11:12:27,713 [pool-140-thread-1] INFO  server.RaftServerConfigKeys (ConfUtils.java:logGet(46)) - raft.server.log.unsafe-flush.enabled = false (default)
2022-12-02 11:12:27,713 [pool-140-thread-1] INFO  server.RaftServerConfigKeys (ConfUtils.java:logGet(46)) - raft.server.log.async-flush.enabled = false (default)
2022-12-02 11:12:27,713 [pool-140-thread-1] INFO  server.RaftServerConfigKeys (ConfUtils.java:logGet(46)) - raft.server.log.statemachine.data.caching.enabled = true (custom)
2022-12-02 11:12:27,713 [pool-140-thread-1] INFO  segmented.SegmentedRaftLogWorker (SegmentedRaftLogWorker.java:lambda$new$0(135)) - 0f1be7e8-a3b4-460a-8434-ebd9767358ca@group-9BAB1271616B-SegmentedRaftLogWorker: flushIndex: setUnconditionally 0 -> -1
2022-12-02 11:12:27,713 [pool-140-thread-1] INFO  segmented.SegmentedRaftLogWorker (SegmentedRaftLogWorker.java:lambda$new$0(135)) - 0f1be7e8-a3b4-460a-8434-ebd9767358ca@group-9BAB1271616B-SegmentedRaftLogWorker: safeCacheEvictIndex: setUnconditionally 0 -> -1
2022-12-02 11:12:27,714 [pool-140-thread-1] INFO  server.RaftServer$Division (RaftServerImpl.java:start(334)) - 0f1be7e8-a3b4-460a-8434-ebd9767358ca@group-9BAB1271616B: start as a follower, conf=-1: peers:[e3d3c1c6-e4ea-41ff-8088-7f0be060b7c0|rpc:10.1.0.7:41167|priority:0|startupRole:FOLLOWER, b564bb99-cd76-4902-8e37-bc5f128935f0|rpc:10.1.0.7:39915|priority:1|startupRole:FOLLOWER, 0f1be7e8-a3b4-460a-8434-ebd9767358ca|rpc:10.1.0.7:37191|priority:0|startupRole:FOLLOWER]|listeners:[], old=null
2022-12-02 11:12:27,714 [pool-140-thread-1] INFO  server.RaftServer$Division (RaftServerImpl.java:setRole(321)) - 0f1be7e8-a3b4-460a-8434-ebd9767358ca@group-9BAB1271616B: changes role from      null to FOLLOWER at term 0 for startAsFollower
2022-12-02 11:12:27,714 [pool-140-thread-1] INFO  impl.RoleInfo (RoleInfo.java:updateAndGet(139)) - 0f1be7e8-a3b4-460a-8434-ebd9767358ca: start 0f1be7e8-a3b4-460a-8434-ebd9767358ca@group-9BAB1271616B-FollowerState
2022-12-02 11:12:27,714 [0f1be7e8-a3b4-460a-8434-ebd9767358ca@group-9BAB1271616B-FollowerState] INFO  server.RaftServerConfigKeys (ConfUtils.java:logFallback(53)) - raft.server.rpc.first-election.timeout.min = 5s (fallback to raft.server.rpc.timeout.min)
2022-12-02 11:12:27,714 [pool-140-thread-1] INFO  util.JmxRegister (JmxRegister.java:tryRegister(44)) - Successfully registered JMX Bean with object name Ratis:service=RaftServer,group=group-9BAB1271616B,id=0f1be7e8-a3b4-460a-8434-ebd9767358ca
2022-12-02 11:12:27,714 [0f1be7e8-a3b4-460a-8434-ebd9767358ca@group-9BAB1271616B-FollowerState] INFO  server.RaftServerConfigKeys (ConfUtils.java:logFallback(53)) - raft.server.rpc.first-election.timeout.max = 5200ms (fallback to raft.server.rpc.timeout.max)
2022-12-02 11:12:27,714 [pool-140-thread-1] INFO  server.RaftServerConfigKeys (ConfUtils.java:logGet(46)) - raft.server.snapshot.auto.trigger.enabled = true (custom)
2022-12-02 11:12:27,715 [pool-140-thread-1] INFO  server.RaftServerConfigKeys (ConfUtils.java:logGet(46)) - raft.server.snapshot.auto.trigger.threshold = 10000 (custom)
2022-12-02 11:12:27,715 [pool-140-thread-1] INFO  server.RaftServerConfigKeys (ConfUtils.java:logGet(46)) - raft.server.snapshot.retention.file.num = 5 (custom)
2022-12-02 11:12:27,715 [pool-140-thread-1] INFO  server.RaftServerConfigKeys (ConfUtils.java:logGet(46)) - raft.server.log.purge.upto.snapshot.index = false (default)
2022-12-02 11:12:27,718 [Command processor thread] INFO  ratis.XceiverServerRatis (XceiverServerRatis.java:addGroup(765)) - Created group PipelineID=87a40351-ee62-4248-9c66-9bab1271616b
2022-12-02 11:12:27,744 [grpc-default-executor-0] INFO  server.RaftServer (RaftServerProxy.java:addNew(96)) - e3d3c1c6-e4ea-41ff-8088-7f0be060b7c0: addNew group-9BAB1271616B:[e3d3c1c6-e4ea-41ff-8088-7f0be060b7c0|rpc:10.1.0.7:41167|dataStream:|priority:0|startupRole:FOLLOWER, b564bb99-cd76-4902-8e37-bc5f128935f0|rpc:10.1.0.7:39915|dataStream:|priority:1|startupRole:FOLLOWER, 0f1be7e8-a3b4-460a-8434-ebd9767358ca|rpc:10.1.0.7:37191|dataStream:|priority:0|startupRole:FOLLOWER] returns group-9BAB1271616B:java.util.concurrent.CompletableFuture@1d8130ae[Not completed]
2022-12-02 11:12:27,745 [pool-190-thread-1] INFO  server.RaftServer$Division (RaftServerImpl.java:<init>(195)) - e3d3c1c6-e4ea-41ff-8088-7f0be060b7c0: new RaftServerImpl for group-9BAB1271616B:[e3d3c1c6-e4ea-41ff-8088-7f0be060b7c0|rpc:10.1.0.7:41167|dataStream:|priority:0|startupRole:FOLLOWER, b564bb99-cd76-4902-8e37-bc5f128935f0|rpc:10.1.0.7:39915|dataStream:|priority:1|startupRole:FOLLOWER, 0f1be7e8-a3b4-460a-8434-ebd9767358ca|rpc:10.1.0.7:37191|dataStream:|priority:0|startupRole:FOLLOWER] with ContainerStateMachine:uninitialized
2022-12-02 11:12:27,745 [pool-190-thread-1] INFO  server.RaftServerConfigKeys (ConfUtils.java:logGet(46)) - raft.server.rpc.timeout.min = 5s (custom)
2022-12-02 11:12:27,745 [pool-190-thread-1] INFO  server.RaftServerConfigKeys (ConfUtils.java:logGet(46)) - raft.server.rpc.timeout.max = 5200ms (custom)
2022-12-02 11:12:27,745 [pool-190-thread-1] INFO  server.RaftServerConfigKeys (ConfUtils.java:logGet(46)) - raft.server.rpc.sleep.time = 25ms (default)
2022-12-02 11:12:27,745 [pool-190-thread-1] INFO  server.RaftServerConfigKeys (ConfUtils.java:logGet(46)) - raft.server.rpc.slowness.timeout = 300s (custom)
2022-12-02 11:12:27,745 [pool-190-thread-1] INFO  server.RaftServerConfigKeys (ConfUtils.java:logGet(46)) - raft.server.leaderelection.leader.step-down.wait-time = 10s (default)
2022-12-02 11:12:27,745 [pool-190-thread-1] INFO  server.RaftServerConfigKeys (ConfUtils.java:logGet(46)) - raft.server.sleep.deviation.threshold = 300ms (default)
2022-12-02 11:12:27,745 [pool-190-thread-1] INFO  server.RaftServer$Division (ServerState.java:<init>(118)) - e3d3c1c6-e4ea-41ff-8088-7f0be060b7c0@group-9BAB1271616B: ConfigurationManager, init=-1: peers:[e3d3c1c6-e4ea-41ff-8088-7f0be060b7c0|rpc:10.1.0.7:41167|dataStream:|priority:0|startupRole:FOLLOWER, b564bb99-cd76-4902-8e37-bc5f128935f0|rpc:10.1.0.7:39915|dataStream:|priority:1|startupRole:FOLLOWER, 0f1be7e8-a3b4-460a-8434-ebd9767358ca|rpc:10.1.0.7:37191|dataStream:|priority:0|startupRole:FOLLOWER]|listeners:[], old=null, confs=<EMPTY_MAP>
2022-12-02 11:12:27,745 [pool-190-thread-1] INFO  server.RaftServerConfigKeys (ConfUtils.java:logGet(46)) - raft.server.storage.dir = [/home/runner/work/ozone/ozone/hadoop-ozone/integration-test/target/test-dir/MiniOzoneClusterImpl-89ec7bf9-65dc-45db-bd6d-bd896179de2e/datanode-5/data/ratis] (custom)
2022-12-02 11:12:27,746 [pool-190-thread-1] INFO  server.RaftServerConfigKeys (ConfUtils.java:logGet(46)) - raft.server.log.corruption.policy = EXCEPTION (default)
2022-12-02 11:12:27,746 [pool-190-thread-1] INFO  server.RaftServerConfigKeys (ConfUtils.java:logGet(46)) - raft.server.storage.free-space.min = 0MB (=0) (default)
2022-12-02 11:12:27,746 [pool-190-thread-1] INFO  server.RaftServerConfigKeys (ConfUtils.java:logGet(46)) - raft.server.notification.no-leader.timeout = 300s (custom)
2022-12-02 11:12:27,747 [pool-190-thread-1] INFO  server.RaftServerConfigKeys (ConfUtils.java:logGet(46)) - raft.server.retrycache.expirytime = 600000ms (custom)
2022-12-02 11:12:27,747 [pool-190-thread-1] INFO  server.RaftServerConfigKeys (ConfUtils.java:logGet(46)) - raft.server.retrycache.statistics.expirytime = 100μs (default)
2022-12-02 11:12:27,748 [pool-190-thread-1] INFO  server.RaftServerConfigKeys (ConfUtils.java:logGet(46)) - raft.server.log.appender.install.snapshot.enabled = false (custom)
2022-12-02 11:12:27,748 [pool-190-thread-1] INFO  server.RaftServerConfigKeys (ConfUtils.java:logGet(46)) - raft.server.threadpool.server.cached = true (default)
2022-12-02 11:12:27,748 [pool-190-thread-1] INFO  server.RaftServerConfigKeys (ConfUtils.java:logGet(46)) - raft.server.threadpool.server.size = 0 (default)
2022-12-02 11:12:27,748 [pool-190-thread-1] INFO  server.RaftServerConfigKeys (ConfUtils.java:logGet(46)) - raft.server.threadpool.client.cached = true (default)
2022-12-02 11:12:27,748 [pool-190-thread-1] INFO  server.RaftServerConfigKeys (ConfUtils.java:logGet(46)) - raft.server.threadpool.client.size = 0 (default)
2022-12-02 11:12:27,748 [pool-190-thread-1] INFO  storage.RaftStorageDirectory (RaftStorageDirectoryImpl.java:analyzeStorage(137)) - The storage directory /home/runner/work/ozone/ozone/hadoop-ozone/integration-test/target/test-dir/MiniOzoneClusterImpl-89ec7bf9-65dc-45db-bd6d-bd896179de2e/datanode-5/data/ratis/87a40351-ee62-4248-9c66-9bab1271616b does not exist. Creating ...
2022-12-02 11:12:27,751 [pool-190-thread-1] INFO  storage.RaftStorageDirectory (RaftStorageDirectoryImpl.java:tryLock(231)) - Lock on /home/runner/work/ozone/ozone/hadoop-ozone/integration-test/target/test-dir/MiniOzoneClusterImpl-89ec7bf9-65dc-45db-bd6d-bd896179de2e/datanode-5/data/ratis/87a40351-ee62-4248-9c66-9bab1271616b/in_use.lock acquired by nodename 6885@fv-az205-634
2022-12-02 11:12:27,753 [pool-190-thread-1] INFO  storage.RaftStorage (RaftStorageImpl.java:format(96)) - Storage directory /home/runner/work/ozone/ozone/hadoop-ozone/integration-test/target/test-dir/MiniOzoneClusterImpl-89ec7bf9-65dc-45db-bd6d-bd896179de2e/datanode-5/data/ratis/87a40351-ee62-4248-9c66-9bab1271616b has been successfully formatted.
2022-12-02 11:12:27,753 [pool-190-thread-1] INFO  ratis.ContainerStateMachine (ContainerStateMachine.java:loadSnapshot(236)) - group-9BAB1271616B: The snapshot info is null. Setting the last applied indexto:(t:0, i:~)
2022-12-02 11:12:27,753 [pool-190-thread-1] INFO  server.RaftServerConfigKeys (ConfUtils.java:logGet(46)) - raft.server.log.use.memory = false (default)
2022-12-02 11:12:27,753 [pool-190-thread-1] INFO  server.RaftServerConfigKeys (ConfUtils.java:logGet(46)) - raft.server.log.purge.gap = 1000000 (custom)
2022-12-02 11:12:27,756 [EventQueue-CommandQueueReportForCommandQueueReportHandler] WARN  events.EventQueue (EventQueue.java:fireEvent(216)) - No event handler registered for event TypedEvent{payloadType=DatanodeDetails, name='Datanode_Command_Queue_Updated'}
2022-12-02 11:12:27,757 [pool-190-thread-1] INFO  server.RaftServerConfigKeys (ConfUtils.java:logGet(46)) - raft.server.log.appender.buffer.byte-limit = 33554432 (custom)
2022-12-02 11:12:27,757 [pool-190-thread-1] INFO  server.RaftServerConfigKeys (ConfUtils.java:logGet(46)) - raft.server.log.statemachine.data.read.timeout = 1000ms (default)
2022-12-02 11:12:27,757 [pool-190-thread-1] INFO  server.RaftServerConfigKeys (ConfUtils.java:logGet(46)) - raft.server.log.purge.preservation.log.num = 0 (default)
2022-12-02 11:12:27,758 [pool-190-thread-1] INFO  server.RaftServerConfigKeys (ConfUtils.java:logGet(46)) - raft.server.log.segment.size.max = 1048576 (custom)
2022-12-02 11:12:27,759 [pool-190-thread-1] INFO  server.RaftServerConfigKeys (ConfUtils.java:logGet(46)) - raft.server.log.segment.cache.num.max = 2 (custom)
2022-12-02 11:12:27,760 [pool-190-thread-1] INFO  server.RaftServerConfigKeys (ConfUtils.java:logGet(46)) - raft.server.log.segment.cache.size.max = 200MB (=209715200) (default)
2022-12-02 11:12:27,760 [pool-190-thread-1] INFO  segmented.SegmentedRaftLogWorker (SegmentedRaftLogWorker.java:<init>(189)) - new e3d3c1c6-e4ea-41ff-8088-7f0be060b7c0@group-9BAB1271616B-SegmentedRaftLogWorker for RaftStorageImpl:Storage Directory /home/runner/work/ozone/ozone/hadoop-ozone/integration-test/target/test-dir/MiniOzoneClusterImpl-89ec7bf9-65dc-45db-bd6d-bd896179de2e/datanode-5/data/ratis/87a40351-ee62-4248-9c66-9bab1271616b
2022-12-02 11:12:27,760 [pool-190-thread-1] INFO  server.RaftServerConfigKeys (ConfUtils.java:logGet(46)) - raft.server.log.queue.byte-limit = 4294967296 (custom)
2022-12-02 11:12:27,760 [pool-190-thread-1] INFO  server.RaftServerConfigKeys (ConfUtils.java:logGet(46)) - raft.server.log.queue.element-limit = 1024 (custom)
2022-12-02 11:12:27,760 [pool-190-thread-1] INFO  server.RaftServerConfigKeys (ConfUtils.java:logGet(46)) - raft.server.log.segment.size.max = 1048576 (custom)
2022-12-02 11:12:27,760 [pool-190-thread-1] INFO  server.RaftServerConfigKeys (ConfUtils.java:logGet(46)) - raft.server.log.preallocated.size = 16384 (custom)
2022-12-02 11:12:27,760 [pool-190-thread-1] INFO  server.RaftServerConfigKeys (ConfUtils.java:logGet(46)) - raft.server.log.force.sync.num = 128 (default)
2022-12-02 11:12:27,761 [pool-190-thread-1] INFO  server.RaftServerConfigKeys (ConfUtils.java:logGet(46)) - raft.server.log.statemachine.data.sync = true (default)
2022-12-02 11:12:27,761 [pool-190-thread-1] INFO  server.RaftServerConfigKeys (ConfUtils.java:logGet(46)) - raft.server.log.statemachine.data.sync.timeout = 10s (default)
2022-12-02 11:12:27,761 [pool-190-thread-1] INFO  server.RaftServerConfigKeys (ConfUtils.java:logGet(46)) - raft.server.log.statemachine.data.sync.timeout.retry = -1 (default)
2022-12-02 11:12:27,762 [pool-190-thread-1] INFO  server.RaftServerConfigKeys (ConfUtils.java:logGet(46)) - raft.server.log.write.buffer.size = 1048576 (custom)
2022-12-02 11:12:27,763 [pool-190-thread-1] INFO  server.RaftServerConfigKeys (ConfUtils.java:logGet(46)) - raft.server.log.appender.buffer.byte-limit = 33554432 (custom)
2022-12-02 11:12:27,770 [pool-190-thread-1] INFO  server.RaftServerConfigKeys (ConfUtils.java:logGet(46)) - raft.server.log.unsafe-flush.enabled = false (default)
2022-12-02 11:12:27,770 [pool-190-thread-1] INFO  server.RaftServerConfigKeys (ConfUtils.java:logGet(46)) - raft.server.log.async-flush.enabled = false (default)
2022-12-02 11:12:27,770 [pool-190-thread-1] INFO  server.RaftServerConfigKeys (ConfUtils.java:logGet(46)) - raft.server.log.statemachine.data.caching.enabled = true (custom)
2022-12-02 11:12:27,770 [pool-190-thread-1] INFO  segmented.SegmentedRaftLogWorker (SegmentedRaftLogWorker.java:lambda$new$0(135)) - e3d3c1c6-e4ea-41ff-8088-7f0be060b7c0@group-9BAB1271616B-SegmentedRaftLogWorker: flushIndex: setUnconditionally 0 -> -1
2022-12-02 11:12:27,770 [pool-190-thread-1] INFO  segmented.SegmentedRaftLogWorker (SegmentedRaftLogWorker.java:lambda$new$0(135)) - e3d3c1c6-e4ea-41ff-8088-7f0be060b7c0@group-9BAB1271616B-SegmentedRaftLogWorker: safeCacheEvictIndex: setUnconditionally 0 -> -1
2022-12-02 11:12:27,771 [pool-190-thread-1] INFO  server.RaftServer$Division (RaftServerImpl.java:start(334)) - e3d3c1c6-e4ea-41ff-8088-7f0be060b7c0@group-9BAB1271616B: start as a follower, conf=-1: peers:[e3d3c1c6-e4ea-41ff-8088-7f0be060b7c0|rpc:10.1.0.7:41167|dataStream:|priority:0|startupRole:FOLLOWER, b564bb99-cd76-4902-8e37-bc5f128935f0|rpc:10.1.0.7:39915|dataStream:|priority:1|startupRole:FOLLOWER, 0f1be7e8-a3b4-460a-8434-ebd9767358ca|rpc:10.1.0.7:37191|dataStream:|priority:0|startupRole:FOLLOWER]|listeners:[], old=null
2022-12-02 11:12:27,771 [pool-190-thread-1] INFO  server.RaftServer$Division (RaftServerImpl.java:setRole(321)) - e3d3c1c6-e4ea-41ff-8088-7f0be060b7c0@group-9BAB1271616B: changes role from      null to FOLLOWER at term 0 for startAsFollower
2022-12-02 11:12:27,771 [pool-190-thread-1] INFO  impl.RoleInfo (RoleInfo.java:updateAndGet(139)) - e3d3c1c6-e4ea-41ff-8088-7f0be060b7c0: start e3d3c1c6-e4ea-41ff-8088-7f0be060b7c0@group-9BAB1271616B-FollowerState
2022-12-02 11:12:27,772 [pool-190-thread-1] INFO  util.JmxRegister (JmxRegister.java:tryRegister(44)) - Successfully registered JMX Bean with object name Ratis:service=RaftServer,group=group-9BAB1271616B,id=e3d3c1c6-e4ea-41ff-8088-7f0be060b7c0
2022-12-02 11:12:27,772 [pool-190-thread-1] INFO  server.RaftServerConfigKeys (ConfUtils.java:logGet(46)) - raft.server.snapshot.auto.trigger.enabled = true (custom)
2022-12-02 11:12:27,772 [pool-190-thread-1] INFO  server.RaftServerConfigKeys (ConfUtils.java:logGet(46)) - raft.server.snapshot.auto.trigger.threshold = 10000 (custom)
2022-12-02 11:12:27,772 [pool-190-thread-1] INFO  server.RaftServerConfigKeys (ConfUtils.java:logGet(46)) - raft.server.snapshot.retention.file.num = 5 (custom)
2022-12-02 11:12:27,772 [pool-190-thread-1] INFO  server.RaftServerConfigKeys (ConfUtils.java:logGet(46)) - raft.server.log.purge.upto.snapshot.index = false (default)
2022-12-02 11:12:27,772 [e3d3c1c6-e4ea-41ff-8088-7f0be060b7c0@group-9BAB1271616B-FollowerState] INFO  server.RaftServerConfigKeys (ConfUtils.java:logFallback(53)) - raft.server.rpc.first-election.timeout.min = 5s (fallback to raft.server.rpc.timeout.min)
2022-12-02 11:12:27,776 [e3d3c1c6-e4ea-41ff-8088-7f0be060b7c0@group-9BAB1271616B-FollowerState] INFO  server.RaftServerConfigKeys (ConfUtils.java:logFallback(53)) - raft.server.rpc.first-election.timeout.max = 5200ms (fallback to raft.server.rpc.timeout.max)
2022-12-02 11:12:27,814 [grpc-default-executor-0] INFO  server.RaftServer (RaftServerProxy.java:addNew(96)) - b564bb99-cd76-4902-8e37-bc5f128935f0: addNew group-9BAB1271616B:[e3d3c1c6-e4ea-41ff-8088-7f0be060b7c0|rpc:10.1.0.7:41167|dataStream:|priority:0|startupRole:FOLLOWER, b564bb99-cd76-4902-8e37-bc5f128935f0|rpc:10.1.0.7:39915|dataStream:|priority:1|startupRole:FOLLOWER, 0f1be7e8-a3b4-460a-8434-ebd9767358ca|rpc:10.1.0.7:37191|dataStream:|priority:0|startupRole:FOLLOWER] returns group-9BAB1271616B:java.util.concurrent.CompletableFuture@3320122e[Not completed]
2022-12-02 11:12:27,815 [pool-163-thread-1] INFO  server.RaftServer$Division (RaftServerImpl.java:<init>(195)) - b564bb99-cd76-4902-8e37-bc5f128935f0: new RaftServerImpl for group-9BAB1271616B:[e3d3c1c6-e4ea-41ff-8088-7f0be060b7c0|rpc:10.1.0.7:41167|dataStream:|priority:0|startupRole:FOLLOWER, b564bb99-cd76-4902-8e37-bc5f128935f0|rpc:10.1.0.7:39915|dataStream:|priority:1|startupRole:FOLLOWER, 0f1be7e8-a3b4-460a-8434-ebd9767358ca|rpc:10.1.0.7:37191|dataStream:|priority:0|startupRole:FOLLOWER] with ContainerStateMachine:uninitialized
2022-12-02 11:12:27,815 [pool-163-thread-1] INFO  server.RaftServerConfigKeys (ConfUtils.java:logGet(46)) - raft.server.rpc.timeout.min = 5s (custom)
2022-12-02 11:12:27,816 [pool-163-thread-1] INFO  server.RaftServerConfigKeys (ConfUtils.java:logGet(46)) - raft.server.rpc.timeout.max = 5200ms (custom)
2022-12-02 11:12:27,816 [pool-163-thread-1] INFO  server.RaftServerConfigKeys (ConfUtils.java:logGet(46)) - raft.server.rpc.sleep.time = 25ms (default)
2022-12-02 11:12:27,816 [pool-163-thread-1] INFO  server.RaftServerConfigKeys (ConfUtils.java:logGet(46)) - raft.server.rpc.slowness.timeout = 300s (custom)
2022-12-02 11:12:27,816 [pool-163-thread-1] INFO  server.RaftServerConfigKeys (ConfUtils.java:logGet(46)) - raft.server.leaderelection.leader.step-down.wait-time = 10s (default)
2022-12-02 11:12:27,816 [pool-163-thread-1] INFO  server.RaftServerConfigKeys (ConfUtils.java:logGet(46)) - raft.server.sleep.deviation.threshold = 300ms (default)
2022-12-02 11:12:27,816 [pool-163-thread-1] INFO  server.RaftServer$Division (ServerState.java:<init>(118)) - b564bb99-cd76-4902-8e37-bc5f128935f0@group-9BAB1271616B: ConfigurationManager, init=-1: peers:[e3d3c1c6-e4ea-41ff-8088-7f0be060b7c0|rpc:10.1.0.7:41167|dataStream:|priority:0|startupRole:FOLLOWER, b564bb99-cd76-4902-8e37-bc5f128935f0|rpc:10.1.0.7:39915|dataStream:|priority:1|startupRole:FOLLOWER, 0f1be7e8-a3b4-460a-8434-ebd9767358ca|rpc:10.1.0.7:37191|dataStream:|priority:0|startupRole:FOLLOWER]|listeners:[], old=null, confs=<EMPTY_MAP>
2022-12-02 11:12:27,816 [pool-163-thread-1] INFO  server.RaftServerConfigKeys (ConfUtils.java:logGet(46)) - raft.server.storage.dir = [/home/runner/work/ozone/ozone/hadoop-ozone/integration-test/target/test-dir/MiniOzoneClusterImpl-89ec7bf9-65dc-45db-bd6d-bd896179de2e/datanode-4/data/ratis] (custom)
2022-12-02 11:12:27,816 [pool-163-thread-1] INFO  server.RaftServerConfigKeys (ConfUtils.java:logGet(46)) - raft.server.log.corruption.policy = EXCEPTION (default)
2022-12-02 11:12:27,816 [pool-163-thread-1] INFO  server.RaftServerConfigKeys (ConfUtils.java:logGet(46)) - raft.server.storage.free-space.min = 0MB (=0) (default)
2022-12-02 11:12:27,817 [pool-163-thread-1] INFO  server.RaftServerConfigKeys (ConfUtils.java:logGet(46)) - raft.server.notification.no-leader.timeout = 300s (custom)
2022-12-02 11:12:27,817 [pool-163-thread-1] INFO  server.RaftServerConfigKeys (ConfUtils.java:logGet(46)) - raft.server.retrycache.expirytime = 600000ms (custom)
2022-12-02 11:12:27,817 [pool-163-thread-1] INFO  server.RaftServerConfigKeys (ConfUtils.java:logGet(46)) - raft.server.retrycache.statistics.expirytime = 100μs (default)
2022-12-02 11:12:27,818 [pool-163-thread-1] INFO  server.RaftServerConfigKeys (ConfUtils.java:logGet(46)) - raft.server.log.appender.install.snapshot.enabled = false (custom)
2022-12-02 11:12:27,818 [pool-163-thread-1] INFO  server.RaftServerConfigKeys (ConfUtils.java:logGet(46)) - raft.server.threadpool.server.cached = true (default)
2022-12-02 11:12:27,818 [pool-163-thread-1] INFO  server.RaftServerConfigKeys (ConfUtils.java:logGet(46)) - raft.server.threadpool.server.size = 0 (default)
2022-12-02 11:12:27,818 [pool-163-thread-1] INFO  server.RaftServerConfigKeys (ConfUtils.java:logGet(46)) - raft.server.threadpool.client.cached = true (default)
2022-12-02 11:12:27,818 [pool-163-thread-1] INFO  server.RaftServerConfigKeys (ConfUtils.java:logGet(46)) - raft.server.threadpool.client.size = 0 (default)
2022-12-02 11:12:27,818 [pool-163-thread-1] INFO  storage.RaftStorageDirectory (RaftStorageDirectoryImpl.java:analyzeStorage(137)) - The storage directory /home/runner/work/ozone/ozone/hadoop-ozone/integration-test/target/test-dir/MiniOzoneClusterImpl-89ec7bf9-65dc-45db-bd6d-bd896179de2e/datanode-4/data/ratis/87a40351-ee62-4248-9c66-9bab1271616b does not exist. Creating ...
2022-12-02 11:12:27,821 [pool-163-thread-1] INFO  storage.RaftStorageDirectory (RaftStorageDirectoryImpl.java:tryLock(231)) - Lock on /home/runner/work/ozone/ozone/hadoop-ozone/integration-test/target/test-dir/MiniOzoneClusterImpl-89ec7bf9-65dc-45db-bd6d-bd896179de2e/datanode-4/data/ratis/87a40351-ee62-4248-9c66-9bab1271616b/in_use.lock acquired by nodename 6885@fv-az205-634
2022-12-02 11:12:27,825 [pool-163-thread-1] INFO  storage.RaftStorage (RaftStorageImpl.java:format(96)) - Storage directory /home/runner/work/ozone/ozone/hadoop-ozone/integration-test/target/test-dir/MiniOzoneClusterImpl-89ec7bf9-65dc-45db-bd6d-bd896179de2e/datanode-4/data/ratis/87a40351-ee62-4248-9c66-9bab1271616b has been successfully formatted.
2022-12-02 11:12:27,829 [pool-163-thread-1] INFO  ratis.ContainerStateMachine (ContainerStateMachine.java:loadSnapshot(236)) - group-9BAB1271616B: The snapshot info is null. Setting the last applied indexto:(t:0, i:~)
2022-12-02 11:12:27,829 [pool-163-thread-1] INFO  server.RaftServerConfigKeys (ConfUtils.java:logGet(46)) - raft.server.log.use.memory = false (default)
2022-12-02 11:12:27,829 [pool-163-thread-1] INFO  server.RaftServerConfigKeys (ConfUtils.java:logGet(46)) - raft.server.log.purge.gap = 1000000 (custom)
2022-12-02 11:12:27,829 [pool-163-thread-1] INFO  server.RaftServerConfigKeys (ConfUtils.java:logGet(46)) - raft.server.log.appender.buffer.byte-limit = 33554432 (custom)
2022-12-02 11:12:27,829 [pool-163-thread-1] INFO  server.RaftServerConfigKeys (ConfUtils.java:logGet(46)) - raft.server.log.statemachine.data.read.timeout = 1000ms (default)
2022-12-02 11:12:27,829 [pool-163-thread-1] INFO  server.RaftServerConfigKeys (ConfUtils.java:logGet(46)) - raft.server.log.purge.preservation.log.num = 0 (default)
2022-12-02 11:12:27,830 [pool-163-thread-1] INFO  server.RaftServerConfigKeys (ConfUtils.java:logGet(46)) - raft.server.log.segment.size.max = 1048576 (custom)
2022-12-02 11:12:27,830 [EventQueue-CommandQueueReportForCommandQueueReportHandler] WARN  events.EventQueue (EventQueue.java:fireEvent(216)) - No event handler registered for event TypedEvent{payloadType=DatanodeDetails, name='Datanode_Command_Queue_Updated'}
2022-12-02 11:12:27,836 [pool-163-thread-1] INFO  server.RaftServerConfigKeys (ConfUtils.java:logGet(46)) - raft.server.log.segment.cache.num.max = 2 (custom)
2022-12-02 11:12:27,836 [pool-163-thread-1] INFO  server.RaftServerConfigKeys (ConfUtils.java:logGet(46)) - raft.server.log.segment.cache.size.max = 200MB (=209715200) (default)
2022-12-02 11:12:27,836 [pool-163-thread-1] INFO  segmented.SegmentedRaftLogWorker (SegmentedRaftLogWorker.java:<init>(189)) - new b564bb99-cd76-4902-8e37-bc5f128935f0@group-9BAB1271616B-SegmentedRaftLogWorker for RaftStorageImpl:Storage Directory /home/runner/work/ozone/ozone/hadoop-ozone/integration-test/target/test-dir/MiniOzoneClusterImpl-89ec7bf9-65dc-45db-bd6d-bd896179de2e/datanode-4/data/ratis/87a40351-ee62-4248-9c66-9bab1271616b
2022-12-02 11:12:27,836 [pool-163-thread-1] INFO  server.RaftServerConfigKeys (ConfUtils.java:logGet(46)) - raft.server.log.queue.byte-limit = 4294967296 (custom)
2022-12-02 11:12:27,836 [pool-163-thread-1] INFO  server.RaftServerConfigKeys (ConfUtils.java:logGet(46)) - raft.server.log.queue.element-limit = 1024 (custom)
2022-12-02 11:12:27,836 [pool-163-thread-1] INFO  server.RaftServerConfigKeys (ConfUtils.java:logGet(46)) - raft.server.log.segment.size.max = 1048576 (custom)
2022-12-02 11:12:27,837 [pool-163-thread-1] INFO  server.RaftServerConfigKeys (ConfUtils.java:logGet(46)) - raft.server.log.preallocated.size = 16384 (custom)
2022-12-02 11:12:27,837 [pool-163-thread-1] INFO  server.RaftServerConfigKeys (ConfUtils.java:logGet(46)) - raft.server.log.force.sync.num = 128 (default)
2022-12-02 11:12:27,837 [pool-163-thread-1] INFO  server.RaftServerConfigKeys (ConfUtils.java:logGet(46)) - raft.server.log.statemachine.data.sync = true (default)
2022-12-02 11:12:27,837 [pool-163-thread-1] INFO  server.RaftServerConfigKeys (ConfUtils.java:logGet(46)) - raft.server.log.statemachine.data.sync.timeout = 10s (default)
2022-12-02 11:12:27,838 [pool-163-thread-1] INFO  server.RaftServerConfigKeys (ConfUtils.java:logGet(46)) - raft.server.log.statemachine.data.sync.timeout.retry = -1 (default)
2022-12-02 11:12:27,838 [pool-163-thread-1] INFO  server.RaftServerConfigKeys (ConfUtils.java:logGet(46)) - raft.server.log.write.buffer.size = 1048576 (custom)
2022-12-02 11:12:27,839 [pool-163-thread-1] INFO  server.RaftServerConfigKeys (ConfUtils.java:logGet(46)) - raft.server.log.appender.buffer.byte-limit = 33554432 (custom)
2022-12-02 11:12:27,846 [pool-163-thread-1] INFO  server.RaftServerConfigKeys (ConfUtils.java:logGet(46)) - raft.server.log.unsafe-flush.enabled = false (default)
2022-12-02 11:12:27,846 [pool-163-thread-1] INFO  server.RaftServerConfigKeys (ConfUtils.java:logGet(46)) - raft.server.log.async-flush.enabled = false (default)
2022-12-02 11:12:27,847 [pool-163-thread-1] INFO  server.RaftServerConfigKeys (ConfUtils.java:logGet(46)) - raft.server.log.statemachine.data.caching.enabled = true (custom)
2022-12-02 11:12:27,847 [pool-163-thread-1] INFO  segmented.SegmentedRaftLogWorker (SegmentedRaftLogWorker.java:lambda$new$0(135)) - b564bb99-cd76-4902-8e37-bc5f128935f0@group-9BAB1271616B-SegmentedRaftLogWorker: flushIndex: setUnconditionally 0 -> -1
2022-12-02 11:12:27,847 [pool-163-thread-1] INFO  segmented.SegmentedRaftLogWorker (SegmentedRaftLogWorker.java:lambda$new$0(135)) - b564bb99-cd76-4902-8e37-bc5f128935f0@group-9BAB1271616B-SegmentedRaftLogWorker: safeCacheEvictIndex: setUnconditionally 0 -> -1
2022-12-02 11:12:27,847 [pool-163-thread-1] INFO  server.RaftServer$Division (RaftServerImpl.java:start(334)) - b564bb99-cd76-4902-8e37-bc5f128935f0@group-9BAB1271616B: start as a follower, conf=-1: peers:[e3d3c1c6-e4ea-41ff-8088-7f0be060b7c0|rpc:10.1.0.7:41167|dataStream:|priority:0|startupRole:FOLLOWER, b564bb99-cd76-4902-8e37-bc5f128935f0|rpc:10.1.0.7:39915|dataStream:|priority:1|startupRole:FOLLOWER, 0f1be7e8-a3b4-460a-8434-ebd9767358ca|rpc:10.1.0.7:37191|dataStream:|priority:0|startupRole:FOLLOWER]|listeners:[], old=null
2022-12-02 11:12:27,848 [pool-163-thread-1] INFO  server.RaftServer$Division (RaftServerImpl.java:setRole(321)) - b564bb99-cd76-4902-8e37-bc5f128935f0@group-9BAB1271616B: changes role from      null to FOLLOWER at term 0 for startAsFollower
2022-12-02 11:12:27,848 [pool-163-thread-1] INFO  impl.RoleInfo (RoleInfo.java:updateAndGet(139)) - b564bb99-cd76-4902-8e37-bc5f128935f0: start b564bb99-cd76-4902-8e37-bc5f128935f0@group-9BAB1271616B-FollowerState
2022-12-02 11:12:27,848 [pool-163-thread-1] INFO  util.JmxRegister (JmxRegister.java:tryRegister(44)) - Successfully registered JMX Bean with object name Ratis:service=RaftServer,group=group-9BAB1271616B,id=b564bb99-cd76-4902-8e37-bc5f128935f0
2022-12-02 11:12:27,848 [pool-163-thread-1] INFO  server.RaftServerConfigKeys (ConfUtils.java:logGet(46)) - raft.server.snapshot.auto.trigger.enabled = true (custom)
2022-12-02 11:12:27,848 [pool-163-thread-1] INFO  server.RaftServerConfigKeys (ConfUtils.java:logGet(46)) - raft.server.snapshot.auto.trigger.threshold = 10000 (custom)
2022-12-02 11:12:27,848 [pool-163-thread-1] INFO  server.RaftServerConfigKeys (ConfUtils.java:logGet(46)) - raft.server.snapshot.retention.file.num = 5 (custom)
2022-12-02 11:12:27,848 [pool-163-thread-1] INFO  server.RaftServerConfigKeys (ConfUtils.java:logGet(46)) - raft.server.log.purge.upto.snapshot.index = false (default)
2022-12-02 11:12:27,849 [b564bb99-cd76-4902-8e37-bc5f128935f0@group-9BAB1271616B-FollowerState] INFO  server.RaftServerConfigKeys (ConfUtils.java:logFallback(53)) - raft.server.rpc.first-election.timeout.min = 5s (fallback to raft.server.rpc.timeout.min)
2022-12-02 11:12:27,851 [b564bb99-cd76-4902-8e37-bc5f128935f0@group-9BAB1271616B-FollowerState] INFO  server.RaftServerConfigKeys (ConfUtils.java:logFallback(53)) - raft.server.rpc.first-election.timeout.max = 5200ms (fallback to raft.server.rpc.timeout.max)
2022-12-02 11:12:27,860 [Command processor thread] INFO  commandhandler.CreatePipelineCommandHandler (CreatePipelineCommandHandler.java:handle(113)) - Created Pipeline RATIS THREE PipelineID=87a40351-ee62-4248-9c66-9bab1271616b.
2022-12-02 11:12:28,039 [Command processor thread] INFO  server.RaftServer (RaftServerProxy.java:addNew(96)) - b564bb99-cd76-4902-8e37-bc5f128935f0: addNew group-B70490D7C7CC:[b564bb99-cd76-4902-8e37-bc5f128935f0|rpc:10.1.0.7:39915|priority:1|startupRole:FOLLOWER] returns group-B70490D7C7CC:java.util.concurrent.CompletableFuture@7d73e7fb[Not completed]
2022-12-02 11:12:28,040 [pool-163-thread-1] INFO  server.RaftServer$Division (RaftServerImpl.java:<init>(195)) - b564bb99-cd76-4902-8e37-bc5f128935f0: new RaftServerImpl for group-B70490D7C7CC:[b564bb99-cd76-4902-8e37-bc5f128935f0|rpc:10.1.0.7:39915|priority:1|startupRole:FOLLOWER] with ContainerStateMachine:uninitialized
2022-12-02 11:12:28,040 [pool-163-thread-1] INFO  server.RaftServerConfigKeys (ConfUtils.java:logGet(46)) - raft.server.rpc.timeout.min = 5s (custom)
2022-12-02 11:12:28,040 [pool-163-thread-1] INFO  server.RaftServerConfigKeys (ConfUtils.java:logGet(46)) - raft.server.rpc.timeout.max = 5200ms (custom)
2022-12-02 11:12:28,041 [pool-163-thread-1] INFO  server.RaftServerConfigKeys (ConfUtils.java:logGet(46)) - raft.server.rpc.sleep.time = 25ms (default)
2022-12-02 11:12:28,041 [pool-163-thread-1] INFO  server.RaftServerConfigKeys (ConfUtils.java:logGet(46)) - raft.server.rpc.slowness.timeout = 300s (custom)
2022-12-02 11:12:28,041 [pool-163-thread-1] INFO  server.RaftServerConfigKeys (ConfUtils.java:logGet(46)) - raft.server.leaderelection.leader.step-down.wait-time = 10s (default)
2022-12-02 11:12:28,041 [pool-163-thread-1] INFO  server.RaftServerConfigKeys (ConfUtils.java:logGet(46)) - raft.server.sleep.deviation.threshold = 300ms (default)
2022-12-02 11:12:28,041 [pool-163-thread-1] INFO  server.RaftServer$Division (ServerState.java:<init>(118)) - b564bb99-cd76-4902-8e37-bc5f128935f0@group-B70490D7C7CC: ConfigurationManager, init=-1: peers:[b564bb99-cd76-4902-8e37-bc5f128935f0|rpc:10.1.0.7:39915|priority:1|startupRole:FOLLOWER]|listeners:[], old=null, confs=<EMPTY_MAP>
2022-12-02 11:12:28,041 [pool-163-thread-1] INFO  server.RaftServerConfigKeys (ConfUtils.java:logGet(46)) - raft.server.storage.dir = [/home/runner/work/ozone/ozone/hadoop-ozone/integration-test/target/test-dir/MiniOzoneClusterImpl-89ec7bf9-65dc-45db-bd6d-bd896179de2e/datanode-4/data/ratis] (custom)
2022-12-02 11:12:28,041 [pool-163-thread-1] INFO  server.RaftServerConfigKeys (ConfUtils.java:logGet(46)) - raft.server.log.corruption.policy = EXCEPTION (default)
2022-12-02 11:12:28,041 [pool-163-thread-1] INFO  server.RaftServerConfigKeys (ConfUtils.java:logGet(46)) - raft.server.storage.free-space.min = 0MB (=0) (default)
2022-12-02 11:12:28,041 [pool-163-thread-1] INFO  server.RaftServerConfigKeys (ConfUtils.java:logGet(46)) - raft.server.notification.no-leader.timeout = 300s (custom)
2022-12-02 11:12:28,042 [pool-163-thread-1] INFO  server.RaftServerConfigKeys (ConfUtils.java:logGet(46)) - raft.server.retrycache.expirytime = 600000ms (custom)
2022-12-02 11:12:28,042 [pool-163-thread-1] INFO  server.RaftServerConfigKeys (ConfUtils.java:logGet(46)) - raft.server.retrycache.statistics.expirytime = 100μs (default)
2022-12-02 11:12:28,047 [pool-163-thread-1] INFO  server.RaftServerConfigKeys (ConfUtils.java:logGet(46)) - raft.server.log.appender.install.snapshot.enabled = false (custom)
2022-12-02 11:12:28,047 [pool-163-thread-1] INFO  server.RaftServerConfigKeys (ConfUtils.java:logGet(46)) - raft.server.threadpool.server.cached = true (default)
2022-12-02 11:12:28,047 [pool-163-thread-1] INFO  server.RaftServerConfigKeys (ConfUtils.java:logGet(46)) - raft.server.threadpool.server.size = 0 (default)
2022-12-02 11:12:28,047 [pool-163-thread-1] INFO  server.RaftServerConfigKeys (ConfUtils.java:logGet(46)) - raft.server.threadpool.client.cached = true (default)
2022-12-02 11:12:28,048 [pool-163-thread-1] INFO  server.RaftServerConfigKeys (ConfUtils.java:logGet(46)) - raft.server.threadpool.client.size = 0 (default)
2022-12-02 11:12:28,048 [pool-163-thread-1] INFO  storage.RaftStorageDirectory (RaftStorageDirectoryImpl.java:analyzeStorage(137)) - The storage directory /home/runner/work/ozone/ozone/hadoop-ozone/integration-test/target/test-dir/MiniOzoneClusterImpl-89ec7bf9-65dc-45db-bd6d-bd896179de2e/datanode-4/data/ratis/e25c7539-5c41-4f48-ad85-b70490d7c7cc does not exist. Creating ...
2022-12-02 11:12:28,049 [pool-163-thread-1] INFO  storage.RaftStorageDirectory (RaftStorageDirectoryImpl.java:tryLock(231)) - Lock on /home/runner/work/ozone/ozone/hadoop-ozone/integration-test/target/test-dir/MiniOzoneClusterImpl-89ec7bf9-65dc-45db-bd6d-bd896179de2e/datanode-4/data/ratis/e25c7539-5c41-4f48-ad85-b70490d7c7cc/in_use.lock acquired by nodename 6885@fv-az205-634
2022-12-02 11:12:28,051 [pool-163-thread-1] INFO  storage.RaftStorage (RaftStorageImpl.java:format(96)) - Storage directory /home/runner/work/ozone/ozone/hadoop-ozone/integration-test/target/test-dir/MiniOzoneClusterImpl-89ec7bf9-65dc-45db-bd6d-bd896179de2e/datanode-4/data/ratis/e25c7539-5c41-4f48-ad85-b70490d7c7cc has been successfully formatted.
2022-12-02 11:12:28,054 [pool-163-thread-1] INFO  ratis.ContainerStateMachine (ContainerStateMachine.java:loadSnapshot(236)) - group-B70490D7C7CC: The snapshot info is null. Setting the last applied indexto:(t:0, i:~)
2022-12-02 11:12:28,055 [EventQueue-CommandQueueReportForCommandQueueReportHandler] WARN  events.EventQueue (EventQueue.java:fireEvent(216)) - No event handler registered for event TypedEvent{payloadType=DatanodeDetails, name='Datanode_Command_Queue_Updated'}
2022-12-02 11:12:28,055 [EventQueue-PipelineReportForPipelineReportHandler] INFO  pipeline.PipelineManagerImpl (PipelineManagerImpl.java:openPipeline(367)) - Pipeline Pipeline[ Id: e25c7539-5c41-4f48-ad85-b70490d7c7cc, Nodes: b564bb99-cd76-4902-8e37-bc5f128935f0{ip: 10.1.0.7, host: fv-az205-634.k2gd1z4tyxsu3cbgyjsjq30zwf.jx.internal.cloudapp.net, ports: [REPLICATION=46417, RATIS=39915, RATIS_ADMIN=39915, RATIS_SERVER=39915, STANDALONE=36599], networkLocation: /default-rack, certSerialId: null, persistedOpState: IN_SERVICE, persistedOpStateExpiryEpochSec: 0}, ReplicationConfig: RATIS/ONE, State:ALLOCATED, leaderId:b564bb99-cd76-4902-8e37-bc5f128935f0, CreationTimestamp2022-12-02T11:12:25.043Z[Etc/UTC]] moved to OPEN state
2022-12-02 11:12:28,056 [EventQueue-OpenPipelineForHealthyPipelineSafeModeRule] INFO  safemode.SCMSafeModeManager (HealthyPipelineSafeModeRule.java:process(137)) - SCM in safe mode. Healthy pipelines reported count is 0, required healthy pipeline reported count is 1
2022-12-02 11:12:28,056 [pool-163-thread-1] INFO  server.RaftServerConfigKeys (ConfUtils.java:logGet(46)) - raft.server.log.use.memory = false (default)
2022-12-02 11:12:28,057 [pool-163-thread-1] INFO  server.RaftServerConfigKeys (ConfUtils.java:logGet(46)) - raft.server.log.purge.gap = 1000000 (custom)
2022-12-02 11:12:28,058 [pool-163-thread-1] INFO  server.RaftServerConfigKeys (ConfUtils.java:logGet(46)) - raft.server.log.appender.buffer.byte-limit = 33554432 (custom)
2022-12-02 11:12:28,058 [pool-163-thread-1] INFO  server.RaftServerConfigKeys (ConfUtils.java:logGet(46)) - raft.server.log.statemachine.data.read.timeout = 1000ms (default)
2022-12-02 11:12:28,058 [pool-163-thread-1] INFO  server.RaftServerConfigKeys (ConfUtils.java:logGet(46)) - raft.server.log.purge.preservation.log.num = 0 (default)
2022-12-02 11:12:28,062 [pool-163-thread-1] INFO  server.RaftServerConfigKeys (ConfUtils.java:logGet(46)) - raft.server.log.segment.size.max = 1048576 (custom)
2022-12-02 11:12:28,062 [pool-163-thread-1] INFO  server.RaftServerConfigKeys (ConfUtils.java:logGet(46)) - raft.server.log.segment.cache.num.max = 2 (custom)
2022-12-02 11:12:28,062 [pool-163-thread-1] INFO  server.RaftServerConfigKeys (ConfUtils.java:logGet(46)) - raft.server.log.segment.cache.size.max = 200MB (=209715200) (default)
2022-12-02 11:12:28,062 [pool-163-thread-1] INFO  segmented.SegmentedRaftLogWorker (SegmentedRaftLogWorker.java:<init>(189)) - new b564bb99-cd76-4902-8e37-bc5f128935f0@group-B70490D7C7CC-SegmentedRaftLogWorker for RaftStorageImpl:Storage Directory /home/runner/work/ozone/ozone/hadoop-ozone/integration-test/target/test-dir/MiniOzoneClusterImpl-89ec7bf9-65dc-45db-bd6d-bd896179de2e/datanode-4/data/ratis/e25c7539-5c41-4f48-ad85-b70490d7c7cc
2022-12-02 11:12:28,062 [pool-163-thread-1] INFO  server.RaftServerConfigKeys (ConfUtils.java:logGet(46)) - raft.server.log.queue.byte-limit = 4294967296 (custom)
2022-12-02 11:12:28,062 [pool-163-thread-1] INFO  server.RaftServerConfigKeys (ConfUtils.java:logGet(46)) - raft.server.log.queue.element-limit = 1024 (custom)
2022-12-02 11:12:28,063 [pool-163-thread-1] INFO  server.RaftServerConfigKeys (ConfUtils.java:logGet(46)) - raft.server.log.segment.size.max = 1048576 (custom)
2022-12-02 11:12:28,063 [pool-163-thread-1] INFO  server.RaftServerConfigKeys (ConfUtils.java:logGet(46)) - raft.server.log.preallocated.size = 16384 (custom)
2022-12-02 11:12:28,063 [pool-163-thread-1] INFO  server.RaftServerConfigKeys (ConfUtils.java:logGet(46)) - raft.server.log.force.sync.num = 128 (default)
2022-12-02 11:12:28,063 [pool-163-thread-1] INFO  server.RaftServerConfigKeys (ConfUtils.java:logGet(46)) - raft.server.log.statemachine.data.sync = true (default)
2022-12-02 11:12:28,063 [pool-163-thread-1] INFO  server.RaftServerConfigKeys (ConfUtils.java:logGet(46)) - raft.server.log.statemachine.data.sync.timeout = 10s (default)
2022-12-02 11:12:28,063 [pool-163-thread-1] INFO  server.RaftServerConfigKeys (ConfUtils.java:logGet(46)) - raft.server.log.statemachine.data.sync.timeout.retry = -1 (default)
2022-12-02 11:12:28,064 [pool-163-thread-1] INFO  server.RaftServerConfigKeys (ConfUtils.java:logGet(46)) - raft.server.log.write.buffer.size = 1048576 (custom)
2022-12-02 11:12:28,065 [pool-163-thread-1] INFO  server.RaftServerConfigKeys (ConfUtils.java:logGet(46)) - raft.server.log.appender.buffer.byte-limit = 33554432 (custom)
2022-12-02 11:12:28,597 [Command processor thread] INFO  server.RaftServer (RaftServerProxy.java:addNew(96)) - e3d3c1c6-e4ea-41ff-8088-7f0be060b7c0: addNew group-EB97E70306BD:[e3d3c1c6-e4ea-41ff-8088-7f0be060b7c0|rpc:10.1.0.7:41167|priority:1|startupRole:FOLLOWER] returns group-EB97E70306BD:java.util.concurrent.CompletableFuture@5637e24a[Not completed]
2022-12-02 11:12:28,598 [Listener at 127.0.0.1/39085] INFO  ozone.MiniOzoneClusterImpl (MiniOzoneClusterImpl.java:lambda$waitForClusterToBeReady$0(216)) - Nodes are ready. Got 6 of 6 DN Heartbeats.
2022-12-02 11:12:28,598 [Listener at 127.0.0.1/39085] INFO  ozone.MiniOzoneClusterImpl (MiniOzoneClusterImpl.java:lambda$waitForClusterToBeReady$0(219)) - Waiting for cluster to exit safe mode
2022-12-02 11:12:28,598 [Listener at 127.0.0.1/39085] INFO  ozone.MiniOzoneClusterImpl (MiniOzoneClusterImpl.java:lambda$waitForClusterToBeReady$0(221)) - SCM became leader
2022-12-02 11:12:28,600 [pool-190-thread-1] INFO  server.RaftServer$Division (RaftServerImpl.java:<init>(195)) - e3d3c1c6-e4ea-41ff-8088-7f0be060b7c0: new RaftServerImpl for group-EB97E70306BD:[e3d3c1c6-e4ea-41ff-8088-7f0be060b7c0|rpc:10.1.0.7:41167|priority:1|startupRole:FOLLOWER] with ContainerStateMachine:uninitialized
2022-12-02 11:12:28,600 [pool-190-thread-1] INFO  server.RaftServerConfigKeys (ConfUtils.java:logGet(46)) - raft.server.rpc.timeout.min = 5s (custom)
2022-12-02 11:12:28,600 [pool-190-thread-1] INFO  server.RaftServerConfigKeys (ConfUtils.java:logGet(46)) - raft.server.rpc.timeout.max = 5200ms (custom)
2022-12-02 11:12:28,600 [pool-190-thread-1] INFO  server.RaftServerConfigKeys (ConfUtils.java:logGet(46)) - raft.server.rpc.sleep.time = 25ms (default)
2022-12-02 11:12:28,600 [pool-190-thread-1] INFO  server.RaftServerConfigKeys (ConfUtils.java:logGet(46)) - raft.server.rpc.slowness.timeout = 300s (custom)
2022-12-02 11:12:28,600 [pool-190-thread-1] INFO  server.RaftServerConfigKeys (ConfUtils.java:logGet(46)) - raft.server.leaderelection.leader.step-down.wait-time = 10s (default)
2022-12-02 11:12:28,600 [pool-190-thread-1] INFO  server.RaftServerConfigKeys (ConfUtils.java:logGet(46)) - raft.server.sleep.deviation.threshold = 300ms (default)
2022-12-02 11:12:28,600 [pool-190-thread-1] INFO  server.RaftServer$Division (ServerState.java:<init>(118)) - e3d3c1c6-e4ea-41ff-8088-7f0be060b7c0@group-EB97E70306BD: ConfigurationManager, init=-1: peers:[e3d3c1c6-e4ea-41ff-8088-7f0be060b7c0|rpc:10.1.0.7:41167|priority:1|startupRole:FOLLOWER]|listeners:[], old=null, confs=<EMPTY_MAP>
2022-12-02 11:12:28,600 [pool-190-thread-1] INFO  server.RaftServerConfigKeys (ConfUtils.java:logGet(46)) - raft.server.storage.dir = [/home/runner/work/ozone/ozone/hadoop-ozone/integration-test/target/test-dir/MiniOzoneClusterImpl-89ec7bf9-65dc-45db-bd6d-bd896179de2e/datanode-5/data/ratis] (custom)
2022-12-02 11:12:28,601 [pool-190-thread-1] INFO  server.RaftServerConfigKeys (ConfUtils.java:logGet(46)) - raft.server.log.corruption.policy = EXCEPTION (default)
2022-12-02 11:12:28,601 [pool-190-thread-1] INFO  server.RaftServerConfigKeys (ConfUtils.java:logGet(46)) - raft.server.storage.free-space.min = 0MB (=0) (default)
2022-12-02 11:12:28,601 [pool-190-thread-1] INFO  server.RaftServerConfigKeys (ConfUtils.java:logGet(46)) - raft.server.notification.no-leader.timeout = 300s (custom)
2022-12-02 11:12:28,601 [pool-190-thread-1] INFO  server.RaftServerConfigKeys (ConfUtils.java:logGet(46)) - raft.server.retrycache.expirytime = 600000ms (custom)
2022-12-02 11:12:28,601 [pool-190-thread-1] INFO  server.RaftServerConfigKeys (ConfUtils.java:logGet(46)) - raft.server.retrycache.statistics.expirytime = 100μs (default)
2022-12-02 11:12:28,602 [JvmPauseMonitor3] WARN  util.JvmPauseMonitor (JvmPauseMonitor.java:detectPause(126)) - JvmPauseMonitor-3e07bada-20ca-43dd-a36a-6fd4f7654e72: Detected pause in JVM or host machine (eg GC): pause of approximately 107141106ns.
GC pool 'PS MarkSweep' had collection(s): count=1 time=397ms
GC pool 'PS Scavenge' had collection(s): count=1 time=132ms
2022-12-02 11:12:28,602 [JvmPauseMonitor4] WARN  util.JvmPauseMonitor (JvmPauseMonitor.java:detectPause(126)) - JvmPauseMonitor-0f1be7e8-a3b4-460a-8434-ebd9767358ca: Detected pause in JVM or host machine (eg GC): pause of approximately 110613250ns.
GC pool 'PS MarkSweep' had collection(s): count=1 time=397ms
GC pool 'PS Scavenge' had collection(s): count=1 time=132ms
2022-12-02 11:12:28,603 [JvmPauseMonitor0] WARN  util.JvmPauseMonitor (JvmPauseMonitor.java:detectPause(126)) - JvmPauseMonitor-om1: Detected pause in JVM or host machine (eg GC): pause of approximately 165736271ns.
GC pool 'PS MarkSweep' had collection(s): count=1 time=397ms
GC pool 'PS Scavenge' had collection(s): count=1 time=132ms
2022-12-02 11:12:28,603 [pool-190-thread-1] INFO  server.RaftServerConfigKeys (ConfUtils.java:logGet(46)) - raft.server.log.appender.install.snapshot.enabled = false (custom)
2022-12-02 11:12:28,603 [pool-190-thread-1] INFO  server.RaftServerConfigKeys (ConfUtils.java:logGet(46)) - raft.server.threadpool.server.cached = true (default)
2022-12-02 11:12:28,603 [pool-190-thread-1] INFO  server.RaftServerConfigKeys (ConfUtils.java:logGet(46)) - raft.server.threadpool.server.size = 0 (default)
2022-12-02 11:12:28,603 [pool-190-thread-1] INFO  server.RaftServerConfigKeys (ConfUtils.java:logGet(46)) - raft.server.threadpool.client.cached = true (default)
2022-12-02 11:12:28,603 [pool-190-thread-1] INFO  server.RaftServerConfigKeys (ConfUtils.java:logGet(46)) - raft.server.threadpool.client.size = 0 (default)
2022-12-02 11:12:28,603 [JvmPauseMonitor5] WARN  util.JvmPauseMonitor (JvmPauseMonitor.java:detectPause(126)) - JvmPauseMonitor-b564bb99-cd76-4902-8e37-bc5f128935f0: Detected pause in JVM or host machine (eg GC): pause of approximately 478196082ns.
GC pool 'PS MarkSweep' had collection(s): count=1 time=397ms
GC pool 'PS Scavenge' had collection(s): count=1 time=132ms
2022-12-02 11:12:28,603 [pool-190-thread-1] INFO  storage.RaftStorageDirectory (RaftStorageDirectoryImpl.java:analyzeStorage(137)) - The storage directory /home/runner/work/ozone/ozone/hadoop-ozone/integration-test/target/test-dir/MiniOzoneClusterImpl-89ec7bf9-65dc-45db-bd6d-bd896179de2e/datanode-5/data/ratis/92af3f6c-ead5-40e5-b54d-eb97e70306bd does not exist. Creating ...
2022-12-02 11:12:28,607 [JvmPauseMonitor6] WARN  util.JvmPauseMonitor (JvmPauseMonitor.java:detectPause(126)) - JvmPauseMonitor-e3d3c1c6-e4ea-41ff-8088-7f0be060b7c0: Detected pause in JVM or host machine (eg GC): pause of approximately 533114805ns.
GC pool 'PS MarkSweep' had collection(s): count=1 time=397ms
GC pool 'PS Scavenge' had collection(s): count=1 time=132ms
2022-12-02 11:12:28,615 [pool-190-thread-1] INFO  storage.RaftStorageDirectory (RaftStorageDirectoryImpl.java:tryLock(231)) - Lock on /home/runner/work/ozone/ozone/hadoop-ozone/integration-test/target/test-dir/MiniOzoneClusterImpl-89ec7bf9-65dc-45db-bd6d-bd896179de2e/datanode-5/data/ratis/92af3f6c-ead5-40e5-b54d-eb97e70306bd/in_use.lock acquired by nodename 6885@fv-az205-634
2022-12-02 11:12:28,615 [pool-163-thread-1] INFO  server.RaftServerConfigKeys (ConfUtils.java:logGet(46)) - raft.server.log.unsafe-flush.enabled = false (default)
2022-12-02 11:12:28,618 [pool-163-thread-1] INFO  server.RaftServerConfigKeys (ConfUtils.java:logGet(46)) - raft.server.log.async-flush.enabled = false (default)
2022-12-02 11:12:28,618 [pool-190-thread-1] INFO  storage.RaftStorage (RaftStorageImpl.java:format(96)) - Storage directory /home/runner/work/ozone/ozone/hadoop-ozone/integration-test/target/test-dir/MiniOzoneClusterImpl-89ec7bf9-65dc-45db-bd6d-bd896179de2e/datanode-5/data/ratis/92af3f6c-ead5-40e5-b54d-eb97e70306bd has been successfully formatted.
2022-12-02 11:12:28,619 [pool-163-thread-1] INFO  server.RaftServerConfigKeys (ConfUtils.java:logGet(46)) - raft.server.log.statemachine.data.caching.enabled = true (custom)
2022-12-02 11:12:28,619 [pool-190-thread-1] INFO  ratis.ContainerStateMachine (ContainerStateMachine.java:loadSnapshot(236)) - group-EB97E70306BD: The snapshot info is null. Setting the last applied indexto:(t:0, i:~)
2022-12-02 11:12:28,619 [pool-190-thread-1] INFO  server.RaftServerConfigKeys (ConfUtils.java:logGet(46)) - raft.server.log.use.memory = false (default)
2022-12-02 11:12:28,619 [pool-190-thread-1] INFO  server.RaftServerConfigKeys (ConfUtils.java:logGet(46)) - raft.server.log.purge.gap = 1000000 (custom)
2022-12-02 11:12:28,619 [pool-190-thread-1] INFO  server.RaftServerConfigKeys (ConfUtils.java:logGet(46)) - raft.server.log.appender.buffer.byte-limit = 33554432 (custom)
2022-12-02 11:12:28,619 [pool-190-thread-1] INFO  server.RaftServerConfigKeys (ConfUtils.java:logGet(46)) - raft.server.log.statemachine.data.read.timeout = 1000ms (default)
2022-12-02 11:12:28,619 [pool-190-thread-1] INFO  server.RaftServerConfigKeys (ConfUtils.java:logGet(46)) - raft.server.log.purge.preservation.log.num = 0 (default)
2022-12-02 11:12:28,620 [pool-190-thread-1] INFO  server.RaftServerConfigKeys (ConfUtils.java:logGet(46)) - raft.server.log.segment.size.max = 1048576 (custom)
2022-12-02 11:12:28,620 [pool-163-thread-1] INFO  segmented.SegmentedRaftLogWorker (SegmentedRaftLogWorker.java:lambda$new$0(135)) - b564bb99-cd76-4902-8e37-bc5f128935f0@group-B70490D7C7CC-SegmentedRaftLogWorker: flushIndex: setUnconditionally 0 -> -1
2022-12-02 11:12:28,620 [pool-163-thread-1] INFO  segmented.SegmentedRaftLogWorker (SegmentedRaftLogWorker.java:lambda$new$0(135)) - b564bb99-cd76-4902-8e37-bc5f128935f0@group-B70490D7C7CC-SegmentedRaftLogWorker: safeCacheEvictIndex: setUnconditionally 0 -> -1
2022-12-02 11:12:28,620 [pool-190-thread-1] INFO  server.RaftServerConfigKeys (ConfUtils.java:logGet(46)) - raft.server.log.segment.cache.num.max = 2 (custom)
2022-12-02 11:12:28,621 [pool-190-thread-1] INFO  server.RaftServerConfigKeys (ConfUtils.java:logGet(46)) - raft.server.log.segment.cache.size.max = 200MB (=209715200) (default)
2022-12-02 11:12:28,621 [pool-190-thread-1] INFO  segmented.SegmentedRaftLogWorker (SegmentedRaftLogWorker.java:<init>(189)) - new e3d3c1c6-e4ea-41ff-8088-7f0be060b7c0@group-EB97E70306BD-SegmentedRaftLogWorker for RaftStorageImpl:Storage Directory /home/runner/work/ozone/ozone/hadoop-ozone/integration-test/target/test-dir/MiniOzoneClusterImpl-89ec7bf9-65dc-45db-bd6d-bd896179de2e/datanode-5/data/ratis/92af3f6c-ead5-40e5-b54d-eb97e70306bd
2022-12-02 11:12:28,621 [pool-190-thread-1] INFO  server.RaftServerConfigKeys (ConfUtils.java:logGet(46)) - raft.server.log.queue.byte-limit = 4294967296 (custom)
2022-12-02 11:12:28,622 [pool-190-thread-1] INFO  server.RaftServerConfigKeys (ConfUtils.java:logGet(46)) - raft.server.log.queue.element-limit = 1024 (custom)
2022-12-02 11:12:28,622 [pool-190-thread-1] INFO  server.RaftServerConfigKeys (ConfUtils.java:logGet(46)) - raft.server.log.segment.size.max = 1048576 (custom)
2022-12-02 11:12:28,622 [pool-190-thread-1] INFO  server.RaftServerConfigKeys (ConfUtils.java:logGet(46)) - raft.server.log.preallocated.size = 16384 (custom)
2022-12-02 11:12:28,622 [pool-190-thread-1] INFO  server.RaftServerConfigKeys (ConfUtils.java:logGet(46)) - raft.server.log.force.sync.num = 128 (default)
2022-12-02 11:12:28,622 [pool-190-thread-1] INFO  server.RaftServerConfigKeys (ConfUtils.java:logGet(46)) - raft.server.log.statemachine.data.sync = true (default)
2022-12-02 11:12:28,622 [pool-190-thread-1] INFO  server.RaftServerConfigKeys (ConfUtils.java:logGet(46)) - raft.server.log.statemachine.data.sync.timeout = 10s (default)
2022-12-02 11:12:28,622 [pool-190-thread-1] INFO  server.RaftServerConfigKeys (ConfUtils.java:logGet(46)) - raft.server.log.statemachine.data.sync.timeout.retry = -1 (default)
2022-12-02 11:12:28,629 [pool-190-thread-1] INFO  server.RaftServerConfigKeys (ConfUtils.java:logGet(46)) - raft.server.log.write.buffer.size = 1048576 (custom)
2022-12-02 11:12:28,630 [pool-163-thread-1] INFO  server.RaftServer$Division (RaftServerImpl.java:start(334)) - b564bb99-cd76-4902-8e37-bc5f128935f0@group-B70490D7C7CC: start as a follower, conf=-1: peers:[b564bb99-cd76-4902-8e37-bc5f128935f0|rpc:10.1.0.7:39915|priority:1|startupRole:FOLLOWER]|listeners:[], old=null
2022-12-02 11:12:28,630 [pool-163-thread-1] INFO  server.RaftServer$Division (RaftServerImpl.java:setRole(321)) - b564bb99-cd76-4902-8e37-bc5f128935f0@group-B70490D7C7CC: changes role from      null to FOLLOWER at term 0 for startAsFollower
2022-12-02 11:12:28,630 [pool-163-thread-1] INFO  impl.RoleInfo (RoleInfo.java:updateAndGet(139)) - b564bb99-cd76-4902-8e37-bc5f128935f0: start b564bb99-cd76-4902-8e37-bc5f128935f0@group-B70490D7C7CC-FollowerState
2022-12-02 11:12:28,633 [EventQueue-CommandQueueReportForCommandQueueReportHandler] WARN  events.EventQueue (EventQueue.java:fireEvent(216)) - No event handler registered for event TypedEvent{payloadType=DatanodeDetails, name='Datanode_Command_Queue_Updated'}
2022-12-02 11:12:28,633 [EventQueue-PipelineReportForPipelineReportHandler] INFO  pipeline.PipelineManagerImpl (PipelineManagerImpl.java:openPipeline(367)) - Pipeline Pipeline[ Id: 92af3f6c-ead5-40e5-b54d-eb97e70306bd, Nodes: e3d3c1c6-e4ea-41ff-8088-7f0be060b7c0{ip: 10.1.0.7, host: fv-az205-634.k2gd1z4tyxsu3cbgyjsjq30zwf.jx.internal.cloudapp.net, ports: [REPLICATION=38697, RATIS=41167, RATIS_ADMIN=41167, RATIS_SERVER=41167, STANDALONE=44387], networkLocation: /default-rack, certSerialId: null, persistedOpState: IN_SERVICE, persistedOpStateExpiryEpochSec: 0}, ReplicationConfig: RATIS/ONE, State:ALLOCATED, leaderId:e3d3c1c6-e4ea-41ff-8088-7f0be060b7c0, CreationTimestamp2022-12-02T11:12:25.511Z[Etc/UTC]] moved to OPEN state
2022-12-02 11:12:28,634 [pool-190-thread-1] INFO  server.RaftServerConfigKeys (ConfUtils.java:logGet(46)) - raft.server.log.appender.buffer.byte-limit = 33554432 (custom)
2022-12-02 11:12:28,636 [EventQueue-OpenPipelineForHealthyPipelineSafeModeRule] INFO  safemode.SCMSafeModeManager (HealthyPipelineSafeModeRule.java:process(137)) - SCM in safe mode. Healthy pipelines reported count is 0, required healthy pipeline reported count is 1
2022-12-02 11:12:28,643 [pool-190-thread-1] INFO  server.RaftServerConfigKeys (ConfUtils.java:logGet(46)) - raft.server.log.unsafe-flush.enabled = false (default)
2022-12-02 11:12:28,646 [b564bb99-cd76-4902-8e37-bc5f128935f0@group-B70490D7C7CC-FollowerState] INFO  server.RaftServerConfigKeys (ConfUtils.java:logFallback(53)) - raft.server.rpc.first-election.timeout.min = 5s (fallback to raft.server.rpc.timeout.min)
2022-12-02 11:12:28,641 [pool-163-thread-1] INFO  util.JmxRegister (JmxRegister.java:tryRegister(44)) - Successfully registered JMX Bean with object name Ratis:service=RaftServer,group=group-B70490D7C7CC,id=b564bb99-cd76-4902-8e37-bc5f128935f0
2022-12-02 11:12:28,650 [b564bb99-cd76-4902-8e37-bc5f128935f0@group-B70490D7C7CC-FollowerState] INFO  server.RaftServerConfigKeys (ConfUtils.java:logFallback(53)) - raft.server.rpc.first-election.timeout.max = 5200ms (fallback to raft.server.rpc.timeout.max)
2022-12-02 11:12:28,650 [pool-163-thread-1] INFO  server.RaftServerConfigKeys (ConfUtils.java:logGet(46)) - raft.server.snapshot.auto.trigger.enabled = true (custom)
2022-12-02 11:12:28,650 [pool-190-thread-1] INFO  server.RaftServerConfigKeys (ConfUtils.java:logGet(46)) - raft.server.log.async-flush.enabled = false (default)
2022-12-02 11:12:28,650 [pool-163-thread-1] INFO  server.RaftServerConfigKeys (ConfUtils.java:logGet(46)) - raft.server.snapshot.auto.trigger.threshold = 10000 (custom)
2022-12-02 11:12:28,650 [pool-190-thread-1] INFO  server.RaftServerConfigKeys (ConfUtils.java:logGet(46)) - raft.server.log.statemachine.data.caching.enabled = true (custom)
2022-12-02 11:12:28,650 [pool-163-thread-1] INFO  server.RaftServerConfigKeys (ConfUtils.java:logGet(46)) - raft.server.snapshot.retention.file.num = 5 (custom)
2022-12-02 11:12:28,650 [pool-163-thread-1] INFO  server.RaftServerConfigKeys (ConfUtils.java:logGet(46)) - raft.server.log.purge.upto.snapshot.index = false (default)
2022-12-02 11:12:28,651 [pool-190-thread-1] INFO  segmented.SegmentedRaftLogWorker (SegmentedRaftLogWorker.java:lambda$new$0(135)) - e3d3c1c6-e4ea-41ff-8088-7f0be060b7c0@group-EB97E70306BD-SegmentedRaftLogWorker: flushIndex: setUnconditionally 0 -> -1
2022-12-02 11:12:28,651 [pool-190-thread-1] INFO  segmented.SegmentedRaftLogWorker (SegmentedRaftLogWorker.java:lambda$new$0(135)) - e3d3c1c6-e4ea-41ff-8088-7f0be060b7c0@group-EB97E70306BD-SegmentedRaftLogWorker: safeCacheEvictIndex: setUnconditionally 0 -> -1
2022-12-02 11:12:28,651 [pool-190-thread-1] INFO  server.RaftServer$Division (RaftServerImpl.java:start(334)) - e3d3c1c6-e4ea-41ff-8088-7f0be060b7c0@group-EB97E70306BD: start as a follower, conf=-1: peers:[e3d3c1c6-e4ea-41ff-8088-7f0be060b7c0|rpc:10.1.0.7:41167|priority:1|startupRole:FOLLOWER]|listeners:[], old=null
2022-12-02 11:12:28,651 [pool-190-thread-1] INFO  server.RaftServer$Division (RaftServerImpl.java:setRole(321)) - e3d3c1c6-e4ea-41ff-8088-7f0be060b7c0@group-EB97E70306BD: changes role from      null to FOLLOWER at term 0 for startAsFollower
2022-12-02 11:12:28,651 [pool-190-thread-1] INFO  impl.RoleInfo (RoleInfo.java:updateAndGet(139)) - e3d3c1c6-e4ea-41ff-8088-7f0be060b7c0: start e3d3c1c6-e4ea-41ff-8088-7f0be060b7c0@group-EB97E70306BD-FollowerState
2022-12-02 11:12:28,652 [Command processor thread] INFO  ratis.XceiverServerRatis (XceiverServerRatis.java:addGroup(765)) - Created group PipelineID=e25c7539-5c41-4f48-ad85-b70490d7c7cc
2022-12-02 11:12:28,652 [pool-190-thread-1] INFO  util.JmxRegister (JmxRegister.java:tryRegister(44)) - Successfully registered JMX Bean with object name Ratis:service=RaftServer,group=group-EB97E70306BD,id=e3d3c1c6-e4ea-41ff-8088-7f0be060b7c0
2022-12-02 11:12:28,652 [Command processor thread] INFO  commandhandler.CreatePipelineCommandHandler (CreatePipelineCommandHandler.java:handle(113)) - Created Pipeline RATIS ONE PipelineID=e25c7539-5c41-4f48-ad85-b70490d7c7cc.
2022-12-02 11:12:28,652 [pool-190-thread-1] INFO  server.RaftServerConfigKeys (ConfUtils.java:logGet(46)) - raft.server.snapshot.auto.trigger.enabled = true (custom)
2022-12-02 11:12:28,652 [pool-190-thread-1] INFO  server.RaftServerConfigKeys (ConfUtils.java:logGet(46)) - raft.server.snapshot.auto.trigger.threshold = 10000 (custom)
2022-12-02 11:12:28,652 [pool-190-thread-1] INFO  server.RaftServerConfigKeys (ConfUtils.java:logGet(46)) - raft.server.snapshot.retention.file.num = 5 (custom)
2022-12-02 11:12:28,652 [pool-190-thread-1] INFO  server.RaftServerConfigKeys (ConfUtils.java:logGet(46)) - raft.server.log.purge.upto.snapshot.index = false (default)
2022-12-02 11:12:28,653 [Command processor thread] INFO  ratis.XceiverServerRatis (XceiverServerRatis.java:addGroup(765)) - Created group PipelineID=92af3f6c-ead5-40e5-b54d-eb97e70306bd
2022-12-02 11:12:28,653 [e3d3c1c6-e4ea-41ff-8088-7f0be060b7c0@group-EB97E70306BD-FollowerState] INFO  server.RaftServerConfigKeys (ConfUtils.java:logFallback(53)) - raft.server.rpc.first-election.timeout.min = 5s (fallback to raft.server.rpc.timeout.min)
2022-12-02 11:12:28,653 [Command processor thread] INFO  commandhandler.CreatePipelineCommandHandler (CreatePipelineCommandHandler.java:handle(113)) - Created Pipeline RATIS ONE PipelineID=92af3f6c-ead5-40e5-b54d-eb97e70306bd.
2022-12-02 11:12:28,653 [e3d3c1c6-e4ea-41ff-8088-7f0be060b7c0@group-EB97E70306BD-FollowerState] INFO  server.RaftServerConfigKeys (ConfUtils.java:logFallback(53)) - raft.server.rpc.first-election.timeout.max = 5200ms (fallback to raft.server.rpc.timeout.max)
2022-12-02 11:12:29,086 [EventQueue-CommandQueueReportForCommandQueueReportHandler] WARN  events.EventQueue (EventQueue.java:fireEvent(216)) - No event handler registered for event TypedEvent{payloadType=DatanodeDetails, name='Datanode_Command_Queue_Updated'}
2022-12-02 11:12:29,137 [EventQueue-CommandQueueReportForCommandQueueReportHandler] WARN  events.EventQueue (EventQueue.java:fireEvent(216)) - No event handler registered for event TypedEvent{payloadType=DatanodeDetails, name='Datanode_Command_Queue_Updated'}
2022-12-02 11:12:29,233 [EventQueue-CommandQueueReportForCommandQueueReportHandler] WARN  events.EventQueue (EventQueue.java:fireEvent(216)) - No event handler registered for event TypedEvent{payloadType=DatanodeDetails, name='Datanode_Command_Queue_Updated'}
2022-12-02 11:12:29,598 [Listener at 127.0.0.1/39085] INFO  ozone.MiniOzoneClusterImpl (MiniOzoneClusterImpl.java:lambda$waitForClusterToBeReady$0(216)) - Nodes are ready. Got 6 of 6 DN Heartbeats.
2022-12-02 11:12:29,599 [Listener at 127.0.0.1/39085] INFO  ozone.MiniOzoneClusterImpl (MiniOzoneClusterImpl.java:lambda$waitForClusterToBeReady$0(219)) - Waiting for cluster to exit safe mode
2022-12-02 11:12:29,599 [Listener at 127.0.0.1/39085] INFO  ozone.MiniOzoneClusterImpl (MiniOzoneClusterImpl.java:lambda$waitForClusterToBeReady$0(221)) - SCM became leader
2022-12-02 11:12:29,697 [EventQueue-CommandQueueReportForCommandQueueReportHandler] WARN  events.EventQueue (EventQueue.java:fireEvent(216)) - No event handler registered for event TypedEvent{payloadType=DatanodeDetails, name='Datanode_Command_Queue_Updated'}
2022-12-02 11:12:30,056 [EventQueue-CommandQueueReportForCommandQueueReportHandler] WARN  events.EventQueue (EventQueue.java:fireEvent(216)) - No event handler registered for event TypedEvent{payloadType=DatanodeDetails, name='Datanode_Command_Queue_Updated'}
2022-12-02 11:12:30,599 [Listener at 127.0.0.1/39085] INFO  ozone.MiniOzoneClusterImpl (MiniOzoneClusterImpl.java:lambda$waitForClusterToBeReady$0(216)) - Nodes are ready. Got 6 of 6 DN Heartbeats.
2022-12-02 11:12:30,599 [Listener at 127.0.0.1/39085] INFO  ozone.MiniOzoneClusterImpl (MiniOzoneClusterImpl.java:lambda$waitForClusterToBeReady$0(219)) - Waiting for cluster to exit safe mode
2022-12-02 11:12:30,600 [Listener at 127.0.0.1/39085] INFO  ozone.MiniOzoneClusterImpl (MiniOzoneClusterImpl.java:lambda$waitForClusterToBeReady$0(221)) - SCM became leader
2022-12-02 11:12:30,621 [EventQueue-CommandQueueReportForCommandQueueReportHandler] WARN  events.EventQueue (EventQueue.java:fireEvent(216)) - No event handler registered for event TypedEvent{payloadType=DatanodeDetails, name='Datanode_Command_Queue_Updated'}
2022-12-02 11:12:30,863 [64d479e5-fe0e-4358-9b9b-67f62582a254@group-B4A6CDCEE827-FollowerState] INFO  impl.FollowerState (FollowerState.java:run(143)) - 64d479e5-fe0e-4358-9b9b-67f62582a254@group-B4A6CDCEE827-FollowerState: change to CANDIDATE, lastRpcElapsedTime:5084936360ns, electionTimeout:5074ms
2022-12-02 11:12:30,863 [64d479e5-fe0e-4358-9b9b-67f62582a254@group-B4A6CDCEE827-FollowerState] INFO  impl.RoleInfo (RoleInfo.java:shutdownFollowerState(110)) - 64d479e5-fe0e-4358-9b9b-67f62582a254: shutdown 64d479e5-fe0e-4358-9b9b-67f62582a254@group-B4A6CDCEE827-FollowerState
2022-12-02 11:12:30,863 [64d479e5-fe0e-4358-9b9b-67f62582a254@group-B4A6CDCEE827-FollowerState] INFO  server.RaftServer$Division (RaftServerImpl.java:setRole(321)) - 64d479e5-fe0e-4358-9b9b-67f62582a254@group-B4A6CDCEE827: changes role from  FOLLOWER to CANDIDATE at term 0 for changeToCandidate
2022-12-02 11:12:30,864 [64d479e5-fe0e-4358-9b9b-67f62582a254@group-B4A6CDCEE827-FollowerState] INFO  server.RaftServerConfigKeys (ConfUtils.java:logGet(46)) - raft.server.leaderelection.pre-vote = false (custom)
2022-12-02 11:12:30,864 [64d479e5-fe0e-4358-9b9b-67f62582a254@group-B4A6CDCEE827-FollowerState] INFO  impl.RoleInfo (RoleInfo.java:updateAndGet(139)) - 64d479e5-fe0e-4358-9b9b-67f62582a254: start 64d479e5-fe0e-4358-9b9b-67f62582a254@group-B4A6CDCEE827-LeaderElection2
2022-12-02 11:12:30,870 [64d479e5-fe0e-4358-9b9b-67f62582a254@group-B4A6CDCEE827-LeaderElection2] INFO  impl.LeaderElection (LeaderElection.java:askForVotes(312)) - 64d479e5-fe0e-4358-9b9b-67f62582a254@group-B4A6CDCEE827-LeaderElection2 ELECTION round 0: submit vote requests at term 1 for -1: peers:[64d479e5-fe0e-4358-9b9b-67f62582a254|rpc:10.1.0.7:43823|priority:1|startupRole:FOLLOWER]|listeners:[], old=null
2022-12-02 11:12:30,870 [64d479e5-fe0e-4358-9b9b-67f62582a254@group-B4A6CDCEE827-LeaderElection2] INFO  impl.LeaderElection (LeaderElection.java:askForVotes(314)) - 64d479e5-fe0e-4358-9b9b-67f62582a254@group-B4A6CDCEE827-LeaderElection2 ELECTION round 0: result PASSED (term=1)
2022-12-02 11:12:30,870 [64d479e5-fe0e-4358-9b9b-67f62582a254@group-B4A6CDCEE827-LeaderElection2] INFO  impl.RoleInfo (RoleInfo.java:shutdownLeaderElection(130)) - 64d479e5-fe0e-4358-9b9b-67f62582a254: shutdown 64d479e5-fe0e-4358-9b9b-67f62582a254@group-B4A6CDCEE827-LeaderElection2
2022-12-02 11:12:30,870 [64d479e5-fe0e-4358-9b9b-67f62582a254@group-B4A6CDCEE827-LeaderElection2] INFO  server.RaftServer$Division (RaftServerImpl.java:setRole(321)) - 64d479e5-fe0e-4358-9b9b-67f62582a254@group-B4A6CDCEE827: changes role from CANDIDATE to LEADER at term 1 for changeToLeader
2022-12-02 11:12:30,870 [64d479e5-fe0e-4358-9b9b-67f62582a254@group-B4A6CDCEE827-LeaderElection2] INFO  ratis.XceiverServerRatis (XceiverServerRatis.java:handleLeaderChangedNotification(863)) - Leader change notification received for group: group-B4A6CDCEE827 with new leaderId: 64d479e5-fe0e-4358-9b9b-67f62582a254
2022-12-02 11:12:30,871 [64d479e5-fe0e-4358-9b9b-67f62582a254@group-B4A6CDCEE827-LeaderElection2] INFO  server.RaftServer$Division (ServerState.java:setLeader(313)) - 64d479e5-fe0e-4358-9b9b-67f62582a254@group-B4A6CDCEE827: change Leader from null to 64d479e5-fe0e-4358-9b9b-67f62582a254 at term 1 for becomeLeader, leader elected after 5135ms
2022-12-02 11:12:30,871 [64d479e5-fe0e-4358-9b9b-67f62582a254@group-B4A6CDCEE827-LeaderElection2] INFO  server.RaftServerConfigKeys (ConfUtils.java:logGet(46)) - raft.server.staging.catchup.gap = 1000 (default)
2022-12-02 11:12:30,871 [64d479e5-fe0e-4358-9b9b-67f62582a254@group-B4A6CDCEE827-LeaderElection2] INFO  server.RaftServerConfigKeys (ConfUtils.java:logGet(46)) - raft.server.write.element-limit = 1024 (custom)
2022-12-02 11:12:30,871 [64d479e5-fe0e-4358-9b9b-67f62582a254@group-B4A6CDCEE827-LeaderElection2] INFO  server.RaftServerConfigKeys (ConfUtils.java:logGet(46)) - raft.server.write.byte-limit = 1024 M (=1073741824) (custom)
2022-12-02 11:12:30,872 [64d479e5-fe0e-4358-9b9b-67f62582a254@group-B4A6CDCEE827-LeaderElection2] INFO  server.RaftServerConfigKeys (ConfUtils.java:logGet(46)) - raft.server.watch.timeout = 180s (custom)
2022-12-02 11:12:30,872 [64d479e5-fe0e-4358-9b9b-67f62582a254@group-B4A6CDCEE827-LeaderElection2] INFO  server.RaftServerConfigKeys (ConfUtils.java:logGet(46)) - raft.server.watch.timeout.denomination = 1s (default)
2022-12-02 11:12:30,872 [64d479e5-fe0e-4358-9b9b-67f62582a254@group-B4A6CDCEE827-LeaderElection2] INFO  server.RaftServerConfigKeys (ConfUtils.java:logGet(46)) - raft.server.watch.element-limit = 65536 (default)
2022-12-02 11:12:30,872 [64d479e5-fe0e-4358-9b9b-67f62582a254@group-B4A6CDCEE827-LeaderElection2] INFO  server.RaftServerConfigKeys (ConfUtils.java:logGet(46)) - raft.server.write.element-limit = 1024 (custom)
2022-12-02 11:12:30,872 [64d479e5-fe0e-4358-9b9b-67f62582a254@group-B4A6CDCEE827-LeaderElection2] INFO  server.RaftServerConfigKeys (ConfUtils.java:logGet(46)) - raft.server.write.follower.gap.ratio.max = -1.0 (default)
2022-12-02 11:12:30,872 [64d479e5-fe0e-4358-9b9b-67f62582a254@group-B4A6CDCEE827-LeaderElection2] INFO  impl.RoleInfo (RoleInfo.java:updateAndGet(139)) - 64d479e5-fe0e-4358-9b9b-67f62582a254: start 64d479e5-fe0e-4358-9b9b-67f62582a254@group-B4A6CDCEE827-LeaderStateImpl
2022-12-02 11:12:30,872 [64d479e5-fe0e-4358-9b9b-67f62582a254@group-B4A6CDCEE827-LeaderElection2] INFO  segmented.SegmentedRaftLogWorker (SegmentedRaftLogWorker.java:startLogSegment(452)) - 64d479e5-fe0e-4358-9b9b-67f62582a254@group-B4A6CDCEE827-SegmentedRaftLogWorker: Starting segment from index:0
2022-12-02 11:12:30,874 [EventQueue-CommandQueueReportForCommandQueueReportHandler] WARN  events.EventQueue (EventQueue.java:fireEvent(216)) - No event handler registered for event TypedEvent{payloadType=DatanodeDetails, name='Datanode_Command_Queue_Updated'}
2022-12-02 11:12:30,875 [64d479e5-fe0e-4358-9b9b-67f62582a254@group-B4A6CDCEE827-SegmentedRaftLogWorker] INFO  segmented.SegmentedRaftLogWorker (SegmentedRaftLogWorker.java:execute(656)) - 64d479e5-fe0e-4358-9b9b-67f62582a254@group-B4A6CDCEE827-SegmentedRaftLogWorker: created new log segment /home/runner/work/ozone/ozone/hadoop-ozone/integration-test/target/test-dir/MiniOzoneClusterImpl-89ec7bf9-65dc-45db-bd6d-bd896179de2e/datanode-0/data/ratis/e9087264-30a5-409c-afdb-b4a6cdcee827/current/log_inprogress_0
2022-12-02 11:12:30,875 [EventQueue-OpenPipelineForHealthyPipelineSafeModeRule] INFO  safemode.SCMSafeModeManager (HealthyPipelineSafeModeRule.java:process(137)) - SCM in safe mode. Healthy pipelines reported count is 0, required healthy pipeline reported count is 1
2022-12-02 11:12:30,883 [64d479e5-fe0e-4358-9b9b-67f62582a254@group-B4A6CDCEE827-LeaderElection2] INFO  server.RaftServer$Division (ServerState.java:setRaftConf(430)) - 64d479e5-fe0e-4358-9b9b-67f62582a254@group-B4A6CDCEE827: set configuration 0: peers:[64d479e5-fe0e-4358-9b9b-67f62582a254|rpc:10.1.0.7:43823|dataStream:|priority:1|startupRole:FOLLOWER]|listeners:[], old=null
2022-12-02 11:12:31,033 [64d479e5-fe0e-4358-9b9b-67f62582a254@group-9EF4914689B9-FollowerState] INFO  impl.FollowerState (FollowerState.java:run(143)) - 64d479e5-fe0e-4358-9b9b-67f62582a254@group-9EF4914689B9-FollowerState: change to CANDIDATE, lastRpcElapsedTime:5185969445ns, electionTimeout:5185ms
2022-12-02 11:12:31,035 [64d479e5-fe0e-4358-9b9b-67f62582a254@group-9EF4914689B9-FollowerState] INFO  impl.RoleInfo (RoleInfo.java:shutdownFollowerState(110)) - 64d479e5-fe0e-4358-9b9b-67f62582a254: shutdown 64d479e5-fe0e-4358-9b9b-67f62582a254@group-9EF4914689B9-FollowerState
2022-12-02 11:12:31,035 [64d479e5-fe0e-4358-9b9b-67f62582a254@group-9EF4914689B9-FollowerState] INFO  server.RaftServer$Division (RaftServerImpl.java:setRole(321)) - 64d479e5-fe0e-4358-9b9b-67f62582a254@group-9EF4914689B9: changes role from  FOLLOWER to CANDIDATE at term 0 for changeToCandidate
2022-12-02 11:12:31,037 [64d479e5-fe0e-4358-9b9b-67f62582a254@group-9EF4914689B9-FollowerState] INFO  server.RaftServerConfigKeys (ConfUtils.java:logGet(46)) - raft.server.leaderelection.pre-vote = false (custom)
2022-12-02 11:12:31,037 [64d479e5-fe0e-4358-9b9b-67f62582a254@group-9EF4914689B9-FollowerState] INFO  impl.RoleInfo (RoleInfo.java:updateAndGet(139)) - 64d479e5-fe0e-4358-9b9b-67f62582a254: start 64d479e5-fe0e-4358-9b9b-67f62582a254@group-9EF4914689B9-LeaderElection3
2022-12-02 11:12:31,041 [64d479e5-fe0e-4358-9b9b-67f62582a254@group-9EF4914689B9-LeaderElection3] INFO  impl.LeaderElection (LeaderElection.java:askForVotes(312)) - 64d479e5-fe0e-4358-9b9b-67f62582a254@group-9EF4914689B9-LeaderElection3 ELECTION round 0: submit vote requests at term 1 for -1: peers:[3706267d-b1e5-497c-b8ee-f9aaec0fcf2c|rpc:10.1.0.7:40063|priority:0|startupRole:FOLLOWER, 64d479e5-fe0e-4358-9b9b-67f62582a254|rpc:10.1.0.7:43823|priority:0|startupRole:FOLLOWER, 3e07bada-20ca-43dd-a36a-6fd4f7654e72|rpc:10.1.0.7:34107|priority:1|startupRole:FOLLOWER]|listeners:[], old=null
2022-12-02 11:12:31,050 [64d479e5-fe0e-4358-9b9b-67f62582a254@group-9EF4914689B9-LeaderElection3-1] INFO  server.GrpcServerProtocolClient (GrpcServerProtocolClient.java:<init>(63)) - Build channel for 3706267d-b1e5-497c-b8ee-f9aaec0fcf2c
2022-12-02 11:12:31,056 [64d479e5-fe0e-4358-9b9b-67f62582a254@group-9EF4914689B9-LeaderElection3] INFO  server.RaftServerConfigKeys (ConfUtils.java:logFallback(53)) - raft.server.rpc.first-election.timeout.min = 5s (fallback to raft.server.rpc.timeout.min)
2022-12-02 11:12:31,057 [64d479e5-fe0e-4358-9b9b-67f62582a254@group-9EF4914689B9-LeaderElection3] INFO  server.RaftServerConfigKeys (ConfUtils.java:logFallback(53)) - raft.server.rpc.first-election.timeout.max = 5200ms (fallback to raft.server.rpc.timeout.max)
2022-12-02 11:12:31,061 [64d479e5-fe0e-4358-9b9b-67f62582a254@group-9EF4914689B9-LeaderElection3-2] INFO  server.GrpcServerProtocolClient (GrpcServerProtocolClient.java:<init>(63)) - Build channel for 3e07bada-20ca-43dd-a36a-6fd4f7654e72
2022-12-02 11:12:31,088 [EventQueue-CommandQueueReportForCommandQueueReportHandler] WARN  events.EventQueue (EventQueue.java:fireEvent(216)) - No event handler registered for event TypedEvent{payloadType=DatanodeDetails, name='Datanode_Command_Queue_Updated'}
2022-12-02 11:12:31,093 [grpc-default-executor-0] INFO  server.RaftServer$Division (RaftServerImpl.java:requestVote(1218)) - 3e07bada-20ca-43dd-a36a-6fd4f7654e72@group-9EF4914689B9: receive requestVote(ELECTION, 64d479e5-fe0e-4358-9b9b-67f62582a254, group-9EF4914689B9, 1, (t:0, i:0))
2022-12-02 11:12:31,094 [grpc-default-executor-1] INFO  server.RaftServer$Division (RaftServerImpl.java:requestVote(1218)) - 3706267d-b1e5-497c-b8ee-f9aaec0fcf2c@group-9EF4914689B9: receive requestVote(ELECTION, 64d479e5-fe0e-4358-9b9b-67f62582a254, group-9EF4914689B9, 1, (t:0, i:0))
2022-12-02 11:12:31,096 [grpc-default-executor-1] INFO  impl.VoteContext (VoteContext.java:log(49)) - 3706267d-b1e5-497c-b8ee-f9aaec0fcf2c@group-9EF4914689B9-FOLLOWER: accept ELECTION from 64d479e5-fe0e-4358-9b9b-67f62582a254: our priority 0 <= candidate's priority 0
2022-12-02 11:12:31,096 [grpc-default-executor-1] INFO  server.RaftServer$Division (RaftServerImpl.java:setRole(321)) - 3706267d-b1e5-497c-b8ee-f9aaec0fcf2c@group-9EF4914689B9: changes role from  FOLLOWER to FOLLOWER at term 1 for candidate:64d479e5-fe0e-4358-9b9b-67f62582a254
2022-12-02 11:12:31,097 [grpc-default-executor-1] INFO  impl.RoleInfo (RoleInfo.java:shutdownFollowerState(110)) - 3706267d-b1e5-497c-b8ee-f9aaec0fcf2c: shutdown 3706267d-b1e5-497c-b8ee-f9aaec0fcf2c@group-9EF4914689B9-FollowerState
2022-12-02 11:12:31,097 [3706267d-b1e5-497c-b8ee-f9aaec0fcf2c@group-9EF4914689B9-FollowerState] INFO  impl.FollowerState (FollowerState.java:run(152)) - 3706267d-b1e5-497c-b8ee-f9aaec0fcf2c@group-9EF4914689B9-FollowerState was interrupted
2022-12-02 11:12:31,098 [grpc-default-executor-1] INFO  impl.RoleInfo (RoleInfo.java:updateAndGet(139)) - 3706267d-b1e5-497c-b8ee-f9aaec0fcf2c: start 3706267d-b1e5-497c-b8ee-f9aaec0fcf2c@group-9EF4914689B9-FollowerState
2022-12-02 11:12:31,102 [3706267d-b1e5-497c-b8ee-f9aaec0fcf2c@group-9EF4914689B9-FollowerState] INFO  server.RaftServerConfigKeys (ConfUtils.java:logFallback(53)) - raft.server.rpc.first-election.timeout.min = 5s (fallback to raft.server.rpc.timeout.min)
2022-12-02 11:12:31,102 [3706267d-b1e5-497c-b8ee-f9aaec0fcf2c@group-9EF4914689B9-FollowerState] INFO  server.RaftServerConfigKeys (ConfUtils.java:logFallback(53)) - raft.server.rpc.first-election.timeout.max = 5200ms (fallback to raft.server.rpc.timeout.max)
2022-12-02 11:12:31,098 [grpc-default-executor-0] INFO  impl.VoteContext (VoteContext.java:log(49)) - 3e07bada-20ca-43dd-a36a-6fd4f7654e72@group-9EF4914689B9-FOLLOWER: reject ELECTION from 64d479e5-fe0e-4358-9b9b-67f62582a254: our priority 1 > candidate's priority 0
2022-12-02 11:12:31,103 [grpc-default-executor-0] INFO  server.RaftServer$Division (RaftServerImpl.java:setRole(321)) - 3e07bada-20ca-43dd-a36a-6fd4f7654e72@group-9EF4914689B9: changes role from  FOLLOWER to FOLLOWER at term 1 for candidate:64d479e5-fe0e-4358-9b9b-67f62582a254
2022-12-02 11:12:31,103 [grpc-default-executor-0] INFO  impl.RoleInfo (RoleInfo.java:shutdownFollowerState(110)) - 3e07bada-20ca-43dd-a36a-6fd4f7654e72: shutdown 3e07bada-20ca-43dd-a36a-6fd4f7654e72@group-9EF4914689B9-FollowerState
2022-12-02 11:12:31,103 [3e07bada-20ca-43dd-a36a-6fd4f7654e72@group-9EF4914689B9-FollowerState] INFO  impl.FollowerState (FollowerState.java:run(152)) - 3e07bada-20ca-43dd-a36a-6fd4f7654e72@group-9EF4914689B9-FollowerState was interrupted
2022-12-02 11:12:31,104 [grpc-default-executor-0] INFO  impl.RoleInfo (RoleInfo.java:updateAndGet(139)) - 3e07bada-20ca-43dd-a36a-6fd4f7654e72: start 3e07bada-20ca-43dd-a36a-6fd4f7654e72@group-9EF4914689B9-FollowerState
2022-12-02 11:12:31,114 [grpc-default-executor-0] INFO  server.RaftServer$Division (RaftServerImpl.java:requestVote(1251)) - 3e07bada-20ca-43dd-a36a-6fd4f7654e72@group-9EF4914689B9 replies to ELECTION vote request: 64d479e5-fe0e-4358-9b9b-67f62582a254<-3e07bada-20ca-43dd-a36a-6fd4f7654e72#0:FAIL-t1. Peer's state: 3e07bada-20ca-43dd-a36a-6fd4f7654e72@group-9EF4914689B9:t1, leader=null, voted=null, raftlog=Memoized:3e07bada-20ca-43dd-a36a-6fd4f7654e72@group-9EF4914689B9-SegmentedRaftLog:OPENED:c-1, conf=-1: peers:[3706267d-b1e5-497c-b8ee-f9aaec0fcf2c|rpc:10.1.0.7:40063|dataStream:|priority:0|startupRole:FOLLOWER, 64d479e5-fe0e-4358-9b9b-67f62582a254|rpc:10.1.0.7:43823|dataStream:|priority:0|startupRole:FOLLOWER, 3e07bada-20ca-43dd-a36a-6fd4f7654e72|rpc:10.1.0.7:34107|dataStream:|priority:1|startupRole:FOLLOWER]|listeners:[], old=null
2022-12-02 11:12:31,114 [grpc-default-executor-1] INFO  server.RaftServer$Division (RaftServerImpl.java:requestVote(1251)) - 3706267d-b1e5-497c-b8ee-f9aaec0fcf2c@group-9EF4914689B9 replies to ELECTION vote request: 64d479e5-fe0e-4358-9b9b-67f62582a254<-3706267d-b1e5-497c-b8ee-f9aaec0fcf2c#0:OK-t1. Peer's state: 3706267d-b1e5-497c-b8ee-f9aaec0fcf2c@group-9EF4914689B9:t1, leader=null, voted=64d479e5-fe0e-4358-9b9b-67f62582a254, raftlog=Memoized:3706267d-b1e5-497c-b8ee-f9aaec0fcf2c@group-9EF4914689B9-SegmentedRaftLog:OPENED:c-1, conf=-1: peers:[3706267d-b1e5-497c-b8ee-f9aaec0fcf2c|rpc:10.1.0.7:40063|priority:0|startupRole:FOLLOWER, 64d479e5-fe0e-4358-9b9b-67f62582a254|rpc:10.1.0.7:43823|priority:0|startupRole:FOLLOWER, 3e07bada-20ca-43dd-a36a-6fd4f7654e72|rpc:10.1.0.7:34107|priority:1|startupRole:FOLLOWER]|listeners:[], old=null
2022-12-02 11:12:31,115 [3e07bada-20ca-43dd-a36a-6fd4f7654e72@group-9EF4914689B9-FollowerState] INFO  server.RaftServerConfigKeys (ConfUtils.java:logFallback(53)) - raft.server.rpc.first-election.timeout.min = 5s (fallback to raft.server.rpc.timeout.min)
2022-12-02 11:12:31,117 [3e07bada-20ca-43dd-a36a-6fd4f7654e72@group-9EF4914689B9-FollowerState] INFO  server.RaftServerConfigKeys (ConfUtils.java:logFallback(53)) - raft.server.rpc.first-election.timeout.max = 5200ms (fallback to raft.server.rpc.timeout.max)
2022-12-02 11:12:31,121 [64d479e5-fe0e-4358-9b9b-67f62582a254@group-9EF4914689B9-LeaderElection3] INFO  impl.LeaderElection (LeaderElection.java:logAndReturn(90)) - 64d479e5-fe0e-4358-9b9b-67f62582a254@group-9EF4914689B9-LeaderElection3: ELECTION REJECTED received 2 response(s) and 0 exception(s):
2022-12-02 11:12:31,131 [64d479e5-fe0e-4358-9b9b-67f62582a254@group-9EF4914689B9-LeaderElection3] INFO  impl.LeaderElection (LeaderElection.java:logAndReturn(94)) -   Response 0: 64d479e5-fe0e-4358-9b9b-67f62582a254<-3706267d-b1e5-497c-b8ee-f9aaec0fcf2c#0:OK-t1
2022-12-02 11:12:31,131 [64d479e5-fe0e-4358-9b9b-67f62582a254@group-9EF4914689B9-LeaderElection3] INFO  impl.LeaderElection (LeaderElection.java:logAndReturn(94)) -   Response 1: 64d479e5-fe0e-4358-9b9b-67f62582a254<-3e07bada-20ca-43dd-a36a-6fd4f7654e72#0:FAIL-t1
2022-12-02 11:12:31,131 [64d479e5-fe0e-4358-9b9b-67f62582a254@group-9EF4914689B9-LeaderElection3] INFO  impl.LeaderElection (LeaderElection.java:askForVotes(314)) - 64d479e5-fe0e-4358-9b9b-67f62582a254@group-9EF4914689B9-LeaderElection3 ELECTION round 0: result REJECTED
2022-12-02 11:12:31,131 [64d479e5-fe0e-4358-9b9b-67f62582a254@group-9EF4914689B9-LeaderElection3] INFO  server.RaftServer$Division (RaftServerImpl.java:setRole(321)) - 64d479e5-fe0e-4358-9b9b-67f62582a254@group-9EF4914689B9: changes role from CANDIDATE to FOLLOWER at term 1 for REJECTED
2022-12-02 11:12:31,131 [64d479e5-fe0e-4358-9b9b-67f62582a254@group-9EF4914689B9-LeaderElection3] INFO  impl.RoleInfo (RoleInfo.java:shutdownLeaderElection(130)) - 64d479e5-fe0e-4358-9b9b-67f62582a254: shutdown 64d479e5-fe0e-4358-9b9b-67f62582a254@group-9EF4914689B9-LeaderElection3
2022-12-02 11:12:31,131 [64d479e5-fe0e-4358-9b9b-67f62582a254@group-9EF4914689B9-LeaderElection3] INFO  impl.RoleInfo (RoleInfo.java:updateAndGet(139)) - 64d479e5-fe0e-4358-9b9b-67f62582a254: start 64d479e5-fe0e-4358-9b9b-67f62582a254@group-9EF4914689B9-FollowerState
2022-12-02 11:12:31,133 [64d479e5-fe0e-4358-9b9b-67f62582a254@group-9EF4914689B9-FollowerState] INFO  server.RaftServerConfigKeys (ConfUtils.java:logFallback(53)) - raft.server.rpc.first-election.timeout.min = 5s (fallback to raft.server.rpc.timeout.min)
2022-12-02 11:12:31,133 [64d479e5-fe0e-4358-9b9b-67f62582a254@group-9EF4914689B9-FollowerState] INFO  server.RaftServerConfigKeys (ConfUtils.java:logFallback(53)) - raft.server.rpc.first-election.timeout.max = 5200ms (fallback to raft.server.rpc.timeout.max)
2022-12-02 11:12:31,137 [EventQueue-CommandQueueReportForCommandQueueReportHandler] WARN  events.EventQueue (EventQueue.java:fireEvent(216)) - No event handler registered for event TypedEvent{payloadType=DatanodeDetails, name='Datanode_Command_Queue_Updated'}
2022-12-02 11:12:31,577 [3706267d-b1e5-497c-b8ee-f9aaec0fcf2c@group-6891D1EACFE1-FollowerState] INFO  impl.FollowerState (FollowerState.java:run(143)) - 3706267d-b1e5-497c-b8ee-f9aaec0fcf2c@group-6891D1EACFE1-FollowerState: change to CANDIDATE, lastRpcElapsedTime:5024843995ns, electionTimeout:5007ms
2022-12-02 11:12:31,578 [3706267d-b1e5-497c-b8ee-f9aaec0fcf2c@group-6891D1EACFE1-FollowerState] INFO  impl.RoleInfo (RoleInfo.java:shutdownFollowerState(110)) - 3706267d-b1e5-497c-b8ee-f9aaec0fcf2c: shutdown 3706267d-b1e5-497c-b8ee-f9aaec0fcf2c@group-6891D1EACFE1-FollowerState
2022-12-02 11:12:31,578 [3706267d-b1e5-497c-b8ee-f9aaec0fcf2c@group-6891D1EACFE1-FollowerState] INFO  server.RaftServer$Division (RaftServerImpl.java:setRole(321)) - 3706267d-b1e5-497c-b8ee-f9aaec0fcf2c@group-6891D1EACFE1: changes role from  FOLLOWER to CANDIDATE at term 0 for changeToCandidate
2022-12-02 11:12:31,581 [3706267d-b1e5-497c-b8ee-f9aaec0fcf2c@group-6891D1EACFE1-FollowerState] INFO  server.RaftServerConfigKeys (ConfUtils.java:logGet(46)) - raft.server.leaderelection.pre-vote = false (custom)
2022-12-02 11:12:31,581 [3706267d-b1e5-497c-b8ee-f9aaec0fcf2c@group-6891D1EACFE1-FollowerState] INFO  impl.RoleInfo (RoleInfo.java:updateAndGet(139)) - 3706267d-b1e5-497c-b8ee-f9aaec0fcf2c: start 3706267d-b1e5-497c-b8ee-f9aaec0fcf2c@group-6891D1EACFE1-LeaderElection4
2022-12-02 11:12:31,585 [3706267d-b1e5-497c-b8ee-f9aaec0fcf2c@group-6891D1EACFE1-LeaderElection4] INFO  impl.LeaderElection (LeaderElection.java:askForVotes(312)) - 3706267d-b1e5-497c-b8ee-f9aaec0fcf2c@group-6891D1EACFE1-LeaderElection4 ELECTION round 0: submit vote requests at term 1 for -1: peers:[3706267d-b1e5-497c-b8ee-f9aaec0fcf2c|rpc:10.1.0.7:40063|priority:1|startupRole:FOLLOWER]|listeners:[], old=null
2022-12-02 11:12:31,585 [3706267d-b1e5-497c-b8ee-f9aaec0fcf2c@group-6891D1EACFE1-LeaderElection4] INFO  impl.LeaderElection (LeaderElection.java:askForVotes(314)) - 3706267d-b1e5-497c-b8ee-f9aaec0fcf2c@group-6891D1EACFE1-LeaderElection4 ELECTION round 0: result PASSED (term=1)
2022-12-02 11:12:31,585 [3706267d-b1e5-497c-b8ee-f9aaec0fcf2c@group-6891D1EACFE1-LeaderElection4] INFO  impl.RoleInfo (RoleInfo.java:shutdownLeaderElection(130)) - 3706267d-b1e5-497c-b8ee-f9aaec0fcf2c: shutdown 3706267d-b1e5-497c-b8ee-f9aaec0fcf2c@group-6891D1EACFE1-LeaderElection4
2022-12-02 11:12:31,586 [3706267d-b1e5-497c-b8ee-f9aaec0fcf2c@group-6891D1EACFE1-LeaderElection4] INFO  server.RaftServer$Division (RaftServerImpl.java:setRole(321)) - 3706267d-b1e5-497c-b8ee-f9aaec0fcf2c@group-6891D1EACFE1: changes role from CANDIDATE to LEADER at term 1 for changeToLeader
2022-12-02 11:12:31,586 [3706267d-b1e5-497c-b8ee-f9aaec0fcf2c@group-6891D1EACFE1-LeaderElection4] INFO  ratis.XceiverServerRatis (XceiverServerRatis.java:handleLeaderChangedNotification(863)) - Leader change notification received for group: group-6891D1EACFE1 with new leaderId: 3706267d-b1e5-497c-b8ee-f9aaec0fcf2c
2022-12-02 11:12:31,586 [3706267d-b1e5-497c-b8ee-f9aaec0fcf2c@group-6891D1EACFE1-LeaderElection4] INFO  server.RaftServer$Division (ServerState.java:setLeader(313)) - 3706267d-b1e5-497c-b8ee-f9aaec0fcf2c@group-6891D1EACFE1: change Leader from null to 3706267d-b1e5-497c-b8ee-f9aaec0fcf2c at term 1 for becomeLeader, leader elected after 5125ms
2022-12-02 11:12:31,586 [3706267d-b1e5-497c-b8ee-f9aaec0fcf2c@group-6891D1EACFE1-LeaderElection4] INFO  server.RaftServerConfigKeys (ConfUtils.java:logGet(46)) - raft.server.staging.catchup.gap = 1000 (default)
2022-12-02 11:12:31,587 [3706267d-b1e5-497c-b8ee-f9aaec0fcf2c@group-6891D1EACFE1-LeaderElection4] INFO  server.RaftServerConfigKeys (ConfUtils.java:logGet(46)) - raft.server.write.element-limit = 1024 (custom)
2022-12-02 11:12:31,587 [3706267d-b1e5-497c-b8ee-f9aaec0fcf2c@group-6891D1EACFE1-LeaderElection4] INFO  server.RaftServerConfigKeys (ConfUtils.java:logGet(46)) - raft.server.write.byte-limit = 1024 M (=1073741824) (custom)
2022-12-02 11:12:31,587 [3706267d-b1e5-497c-b8ee-f9aaec0fcf2c@group-6891D1EACFE1-LeaderElection4] INFO  server.RaftServerConfigKeys (ConfUtils.java:logGet(46)) - raft.server.watch.timeout = 180s (custom)
2022-12-02 11:12:31,587 [3706267d-b1e5-497c-b8ee-f9aaec0fcf2c@group-6891D1EACFE1-LeaderElection4] INFO  server.RaftServerConfigKeys (ConfUtils.java:logGet(46)) - raft.server.watch.timeout.denomination = 1s (default)
2022-12-02 11:12:31,587 [3706267d-b1e5-497c-b8ee-f9aaec0fcf2c@group-6891D1EACFE1-LeaderElection4] INFO  server.RaftServerConfigKeys (ConfUtils.java:logGet(46)) - raft.server.watch.element-limit = 65536 (default)
2022-12-02 11:12:31,587 [3706267d-b1e5-497c-b8ee-f9aaec0fcf2c@group-6891D1EACFE1-LeaderElection4] INFO  server.RaftServerConfigKeys (ConfUtils.java:logGet(46)) - raft.server.write.element-limit = 1024 (custom)
2022-12-02 11:12:31,587 [3706267d-b1e5-497c-b8ee-f9aaec0fcf2c@group-6891D1EACFE1-LeaderElection4] INFO  server.RaftServerConfigKeys (ConfUtils.java:logGet(46)) - raft.server.write.follower.gap.ratio.max = -1.0 (default)
2022-12-02 11:12:31,588 [3706267d-b1e5-497c-b8ee-f9aaec0fcf2c@group-6891D1EACFE1-LeaderElection4] INFO  impl.RoleInfo (RoleInfo.java:updateAndGet(139)) - 3706267d-b1e5-497c-b8ee-f9aaec0fcf2c: start 3706267d-b1e5-497c-b8ee-f9aaec0fcf2c@group-6891D1EACFE1-LeaderStateImpl
2022-12-02 11:12:31,588 [EventQueue-CommandQueueReportForCommandQueueReportHandler] WARN  events.EventQueue (EventQueue.java:fireEvent(216)) - No event handler registered for event TypedEvent{payloadType=DatanodeDetails, name='Datanode_Command_Queue_Updated'}
2022-12-02 11:12:31,589 [3706267d-b1e5-497c-b8ee-f9aaec0fcf2c@group-6891D1EACFE1-LeaderElection4] INFO  segmented.SegmentedRaftLogWorker (SegmentedRaftLogWorker.java:startLogSegment(452)) - 3706267d-b1e5-497c-b8ee-f9aaec0fcf2c@group-6891D1EACFE1-SegmentedRaftLogWorker: Starting segment from index:0
2022-12-02 11:12:31,590 [3706267d-b1e5-497c-b8ee-f9aaec0fcf2c@group-6891D1EACFE1-LeaderElection4] INFO  server.RaftServer$Division (ServerState.java:setRaftConf(430)) - 3706267d-b1e5-497c-b8ee-f9aaec0fcf2c@group-6891D1EACFE1: set configuration 0: peers:[3706267d-b1e5-497c-b8ee-f9aaec0fcf2c|rpc:10.1.0.7:40063|dataStream:|priority:1|startupRole:FOLLOWER]|listeners:[], old=null
2022-12-02 11:12:31,594 [EventQueue-OpenPipelineForHealthyPipelineSafeModeRule] INFO  safemode.SCMSafeModeManager (HealthyPipelineSafeModeRule.java:process(137)) - SCM in safe mode. Healthy pipelines reported count is 0, required healthy pipeline reported count is 1
2022-12-02 11:12:31,595 [3706267d-b1e5-497c-b8ee-f9aaec0fcf2c@group-6891D1EACFE1-SegmentedRaftLogWorker] INFO  segmented.SegmentedRaftLogWorker (SegmentedRaftLogWorker.java:execute(656)) - 3706267d-b1e5-497c-b8ee-f9aaec0fcf2c@group-6891D1EACFE1-SegmentedRaftLogWorker: created new log segment /home/runner/work/ozone/ozone/hadoop-ozone/integration-test/target/test-dir/MiniOzoneClusterImpl-89ec7bf9-65dc-45db-bd6d-bd896179de2e/datanode-1/data/ratis/777bcded-d53a-4d35-b446-6891d1eacfe1/current/log_inprogress_0
2022-12-02 11:12:31,600 [Listener at 127.0.0.1/39085] INFO  ozone.MiniOzoneClusterImpl (MiniOzoneClusterImpl.java:lambda$waitForClusterToBeReady$0(216)) - Nodes are ready. Got 6 of 6 DN Heartbeats.
2022-12-02 11:12:31,600 [Listener at 127.0.0.1/39085] INFO  ozone.MiniOzoneClusterImpl (MiniOzoneClusterImpl.java:lambda$waitForClusterToBeReady$0(219)) - Waiting for cluster to exit safe mode
2022-12-02 11:12:31,601 [Listener at 127.0.0.1/39085] INFO  ozone.MiniOzoneClusterImpl (MiniOzoneClusterImpl.java:lambda$waitForClusterToBeReady$0(221)) - SCM became leader
2022-12-02 11:12:31,696 [EventQueue-CommandQueueReportForCommandQueueReportHandler] WARN  events.EventQueue (EventQueue.java:fireEvent(216)) - No event handler registered for event TypedEvent{payloadType=DatanodeDetails, name='Datanode_Command_Queue_Updated'}
2022-12-02 11:12:32,054 [EventQueue-CommandQueueReportForCommandQueueReportHandler] WARN  events.EventQueue (EventQueue.java:fireEvent(216)) - No event handler registered for event TypedEvent{payloadType=DatanodeDetails, name='Datanode_Command_Queue_Updated'}
2022-12-02 11:12:32,184 [3e07bada-20ca-43dd-a36a-6fd4f7654e72@group-7403BEF566E9-FollowerState] INFO  impl.FollowerState (FollowerState.java:run(143)) - 3e07bada-20ca-43dd-a36a-6fd4f7654e72@group-7403BEF566E9-FollowerState: change to CANDIDATE, lastRpcElapsedTime:5145365354ns, electionTimeout:5142ms
2022-12-02 11:12:32,185 [3e07bada-20ca-43dd-a36a-6fd4f7654e72@group-7403BEF566E9-FollowerState] INFO  impl.RoleInfo (RoleInfo.java:shutdownFollowerState(110)) - 3e07bada-20ca-43dd-a36a-6fd4f7654e72: shutdown 3e07bada-20ca-43dd-a36a-6fd4f7654e72@group-7403BEF566E9-FollowerState
2022-12-02 11:12:32,185 [3e07bada-20ca-43dd-a36a-6fd4f7654e72@group-7403BEF566E9-FollowerState] INFO  server.RaftServer$Division (RaftServerImpl.java:setRole(321)) - 3e07bada-20ca-43dd-a36a-6fd4f7654e72@group-7403BEF566E9: changes role from  FOLLOWER to CANDIDATE at term 0 for changeToCandidate
2022-12-02 11:12:32,186 [3e07bada-20ca-43dd-a36a-6fd4f7654e72@group-7403BEF566E9-FollowerState] INFO  server.RaftServerConfigKeys (ConfUtils.java:logGet(46)) - raft.server.leaderelection.pre-vote = false (custom)
2022-12-02 11:12:32,186 [3e07bada-20ca-43dd-a36a-6fd4f7654e72@group-7403BEF566E9-FollowerState] INFO  impl.RoleInfo (RoleInfo.java:updateAndGet(139)) - 3e07bada-20ca-43dd-a36a-6fd4f7654e72: start 3e07bada-20ca-43dd-a36a-6fd4f7654e72@group-7403BEF566E9-LeaderElection5
2022-12-02 11:12:32,194 [3e07bada-20ca-43dd-a36a-6fd4f7654e72@group-526A283F80C5-FollowerState] INFO  impl.FollowerState (FollowerState.java:run(143)) - 3e07bada-20ca-43dd-a36a-6fd4f7654e72@group-526A283F80C5-FollowerState: change to CANDIDATE, lastRpcElapsedTime:5063427760ns, electionTimeout:5050ms
2022-12-02 11:12:32,194 [3e07bada-20ca-43dd-a36a-6fd4f7654e72@group-526A283F80C5-FollowerState] INFO  impl.RoleInfo (RoleInfo.java:shutdownFollowerState(110)) - 3e07bada-20ca-43dd-a36a-6fd4f7654e72: shutdown 3e07bada-20ca-43dd-a36a-6fd4f7654e72@group-526A283F80C5-FollowerState
2022-12-02 11:12:32,195 [3e07bada-20ca-43dd-a36a-6fd4f7654e72@group-526A283F80C5-FollowerState] INFO  server.RaftServer$Division (RaftServerImpl.java:setRole(321)) - 3e07bada-20ca-43dd-a36a-6fd4f7654e72@group-526A283F80C5: changes role from  FOLLOWER to CANDIDATE at term 0 for changeToCandidate
2022-12-02 11:12:32,195 [3e07bada-20ca-43dd-a36a-6fd4f7654e72@group-526A283F80C5-FollowerState] INFO  server.RaftServerConfigKeys (ConfUtils.java:logGet(46)) - raft.server.leaderelection.pre-vote = false (custom)
2022-12-02 11:12:32,195 [3e07bada-20ca-43dd-a36a-6fd4f7654e72@group-526A283F80C5-FollowerState] INFO  impl.RoleInfo (RoleInfo.java:updateAndGet(139)) - 3e07bada-20ca-43dd-a36a-6fd4f7654e72: start 3e07bada-20ca-43dd-a36a-6fd4f7654e72@group-526A283F80C5-LeaderElection6
2022-12-02 11:12:32,196 [3706267d-b1e5-497c-b8ee-f9aaec0fcf2c@group-526A283F80C5-FollowerState] INFO  impl.FollowerState (FollowerState.java:run(143)) - 3706267d-b1e5-497c-b8ee-f9aaec0fcf2c@group-526A283F80C5-FollowerState: change to CANDIDATE, lastRpcElapsedTime:5039256744ns, electionTimeout:5019ms
2022-12-02 11:12:32,196 [3706267d-b1e5-497c-b8ee-f9aaec0fcf2c@group-526A283F80C5-FollowerState] INFO  impl.RoleInfo (RoleInfo.java:shutdownFollowerState(110)) - 3706267d-b1e5-497c-b8ee-f9aaec0fcf2c: shutdown 3706267d-b1e5-497c-b8ee-f9aaec0fcf2c@group-526A283F80C5-FollowerState
2022-12-02 11:12:32,196 [3706267d-b1e5-497c-b8ee-f9aaec0fcf2c@group-526A283F80C5-FollowerState] INFO  server.RaftServer$Division (RaftServerImpl.java:setRole(321)) - 3706267d-b1e5-497c-b8ee-f9aaec0fcf2c@group-526A283F80C5: changes role from  FOLLOWER to CANDIDATE at term 0 for changeToCandidate
2022-12-02 11:12:32,197 [3706267d-b1e5-497c-b8ee-f9aaec0fcf2c@group-526A283F80C5-FollowerState] INFO  server.RaftServerConfigKeys (ConfUtils.java:logGet(46)) - raft.server.leaderelection.pre-vote = false (custom)
2022-12-02 11:12:32,197 [3706267d-b1e5-497c-b8ee-f9aaec0fcf2c@group-526A283F80C5-FollowerState] INFO  impl.RoleInfo (RoleInfo.java:updateAndGet(139)) - 3706267d-b1e5-497c-b8ee-f9aaec0fcf2c: start 3706267d-b1e5-497c-b8ee-f9aaec0fcf2c@group-526A283F80C5-LeaderElection7
2022-12-02 11:12:32,198 [3e07bada-20ca-43dd-a36a-6fd4f7654e72@group-7403BEF566E9-LeaderElection5] INFO  impl.LeaderElection (LeaderElection.java:askForVotes(312)) - 3e07bada-20ca-43dd-a36a-6fd4f7654e72@group-7403BEF566E9-LeaderElection5 ELECTION round 0: submit vote requests at term 1 for -1: peers:[3e07bada-20ca-43dd-a36a-6fd4f7654e72|rpc:10.1.0.7:34107|priority:1|startupRole:FOLLOWER]|listeners:[], old=null
2022-12-02 11:12:32,198 [3e07bada-20ca-43dd-a36a-6fd4f7654e72@group-7403BEF566E9-LeaderElection5] INFO  impl.LeaderElection (LeaderElection.java:askForVotes(314)) - 3e07bada-20ca-43dd-a36a-6fd4f7654e72@group-7403BEF566E9-LeaderElection5 ELECTION round 0: result PASSED (term=1)
2022-12-02 11:12:32,198 [3e07bada-20ca-43dd-a36a-6fd4f7654e72@group-7403BEF566E9-LeaderElection5] INFO  impl.RoleInfo (RoleInfo.java:shutdownLeaderElection(130)) - 3e07bada-20ca-43dd-a36a-6fd4f7654e72: shutdown 3e07bada-20ca-43dd-a36a-6fd4f7654e72@group-7403BEF566E9-LeaderElection5
2022-12-02 11:12:32,198 [3e07bada-20ca-43dd-a36a-6fd4f7654e72@group-7403BEF566E9-LeaderElection5] INFO  server.RaftServer$Division (RaftServerImpl.java:setRole(321)) - 3e07bada-20ca-43dd-a36a-6fd4f7654e72@group-7403BEF566E9: changes role from CANDIDATE to LEADER at term 1 for changeToLeader
2022-12-02 11:12:32,198 [3e07bada-20ca-43dd-a36a-6fd4f7654e72@group-7403BEF566E9-LeaderElection5] INFO  ratis.XceiverServerRatis (XceiverServerRatis.java:handleLeaderChangedNotification(863)) - Leader change notification received for group: group-7403BEF566E9 with new leaderId: 3e07bada-20ca-43dd-a36a-6fd4f7654e72
2022-12-02 11:12:32,199 [3e07bada-20ca-43dd-a36a-6fd4f7654e72@group-7403BEF566E9-LeaderElection5] INFO  server.RaftServer$Division (ServerState.java:setLeader(313)) - 3e07bada-20ca-43dd-a36a-6fd4f7654e72@group-7403BEF566E9: change Leader from null to 3e07bada-20ca-43dd-a36a-6fd4f7654e72 at term 1 for becomeLeader, leader elected after 5224ms
2022-12-02 11:12:32,199 [3e07bada-20ca-43dd-a36a-6fd4f7654e72@group-7403BEF566E9-LeaderElection5] INFO  server.RaftServerConfigKeys (ConfUtils.java:logGet(46)) - raft.server.staging.catchup.gap = 1000 (default)
2022-12-02 11:12:32,199 [3e07bada-20ca-43dd-a36a-6fd4f7654e72@group-7403BEF566E9-LeaderElection5] INFO  server.RaftServerConfigKeys (ConfUtils.java:logGet(46)) - raft.server.write.element-limit = 1024 (custom)
2022-12-02 11:12:32,199 [3e07bada-20ca-43dd-a36a-6fd4f7654e72@group-7403BEF566E9-LeaderElection5] INFO  server.RaftServerConfigKeys (ConfUtils.java:logGet(46)) - raft.server.write.byte-limit = 1024 M (=1073741824) (custom)
2022-12-02 11:12:32,200 [3e07bada-20ca-43dd-a36a-6fd4f7654e72@group-7403BEF566E9-LeaderElection5] INFO  server.RaftServerConfigKeys (ConfUtils.java:logGet(46)) - raft.server.watch.timeout = 180s (custom)
2022-12-02 11:12:32,200 [3e07bada-20ca-43dd-a36a-6fd4f7654e72@group-7403BEF566E9-LeaderElection5] INFO  server.RaftServerConfigKeys (ConfUtils.java:logGet(46)) - raft.server.watch.timeout.denomination = 1s (default)
2022-12-02 11:12:32,200 [3e07bada-20ca-43dd-a36a-6fd4f7654e72@group-7403BEF566E9-LeaderElection5] INFO  server.RaftServerConfigKeys (ConfUtils.java:logGet(46)) - raft.server.watch.element-limit = 65536 (default)
2022-12-02 11:12:32,200 [3e07bada-20ca-43dd-a36a-6fd4f7654e72@group-7403BEF566E9-LeaderElection5] INFO  server.RaftServerConfigKeys (ConfUtils.java:logGet(46)) - raft.server.write.element-limit = 1024 (custom)
2022-12-02 11:12:32,200 [3e07bada-20ca-43dd-a36a-6fd4f7654e72@group-7403BEF566E9-LeaderElection5] INFO  server.RaftServerConfigKeys (ConfUtils.java:logGet(46)) - raft.server.write.follower.gap.ratio.max = -1.0 (default)
2022-12-02 11:12:32,200 [3e07bada-20ca-43dd-a36a-6fd4f7654e72@group-7403BEF566E9-LeaderElection5] INFO  impl.RoleInfo (RoleInfo.java:updateAndGet(139)) - 3e07bada-20ca-43dd-a36a-6fd4f7654e72: start 3e07bada-20ca-43dd-a36a-6fd4f7654e72@group-7403BEF566E9-LeaderStateImpl
2022-12-02 11:12:32,201 [3e07bada-20ca-43dd-a36a-6fd4f7654e72@group-7403BEF566E9-LeaderElection5] INFO  segmented.SegmentedRaftLogWorker (SegmentedRaftLogWorker.java:startLogSegment(452)) - 3e07bada-20ca-43dd-a36a-6fd4f7654e72@group-7403BEF566E9-SegmentedRaftLogWorker: Starting segment from index:0
2022-12-02 11:12:32,204 [3e07bada-20ca-43dd-a36a-6fd4f7654e72@group-7403BEF566E9-SegmentedRaftLogWorker] INFO  segmented.SegmentedRaftLogWorker (SegmentedRaftLogWorker.java:execute(656)) - 3e07bada-20ca-43dd-a36a-6fd4f7654e72@group-7403BEF566E9-SegmentedRaftLogWorker: created new log segment /home/runner/work/ozone/ozone/hadoop-ozone/integration-test/target/test-dir/MiniOzoneClusterImpl-89ec7bf9-65dc-45db-bd6d-bd896179de2e/datanode-2/data/ratis/ecf2a401-02d1-44dc-a0dd-7403bef566e9/current/log_inprogress_0
2022-12-02 11:12:32,204 [3e07bada-20ca-43dd-a36a-6fd4f7654e72@group-7403BEF566E9-LeaderElection5] INFO  server.RaftServer$Division (ServerState.java:setRaftConf(430)) - 3e07bada-20ca-43dd-a36a-6fd4f7654e72@group-7403BEF566E9: set configuration 0: peers:[3e07bada-20ca-43dd-a36a-6fd4f7654e72|rpc:10.1.0.7:34107|dataStream:|priority:1|startupRole:FOLLOWER]|listeners:[], old=null
2022-12-02 11:12:32,206 [EventQueue-CommandQueueReportForCommandQueueReportHandler] WARN  events.EventQueue (EventQueue.java:fireEvent(216)) - No event handler registered for event TypedEvent{payloadType=DatanodeDetails, name='Datanode_Command_Queue_Updated'}
2022-12-02 11:12:32,207 [EventQueue-OpenPipelineForHealthyPipelineSafeModeRule] INFO  safemode.SCMSafeModeManager (HealthyPipelineSafeModeRule.java:process(137)) - SCM in safe mode. Healthy pipelines reported count is 0, required healthy pipeline reported count is 1
2022-12-02 11:12:32,208 [3e07bada-20ca-43dd-a36a-6fd4f7654e72@group-526A283F80C5-LeaderElection6] INFO  impl.LeaderElection (LeaderElection.java:askForVotes(312)) - 3e07bada-20ca-43dd-a36a-6fd4f7654e72@group-526A283F80C5-LeaderElection6 ELECTION round 0: submit vote requests at term 1 for -1: peers:[3706267d-b1e5-497c-b8ee-f9aaec0fcf2c|rpc:10.1.0.7:40063|priority:1|startupRole:FOLLOWER, 64d479e5-fe0e-4358-9b9b-67f62582a254|rpc:10.1.0.7:43823|priority:0|startupRole:FOLLOWER, 3e07bada-20ca-43dd-a36a-6fd4f7654e72|rpc:10.1.0.7:34107|priority:0|startupRole:FOLLOWER]|listeners:[], old=null
2022-12-02 11:12:32,209 [3706267d-b1e5-497c-b8ee-f9aaec0fcf2c@group-526A283F80C5-LeaderElection7] INFO  impl.LeaderElection (LeaderElection.java:askForVotes(312)) - 3706267d-b1e5-497c-b8ee-f9aaec0fcf2c@group-526A283F80C5-LeaderElection7 ELECTION round 0: submit vote requests at term 1 for -1: peers:[3706267d-b1e5-497c-b8ee-f9aaec0fcf2c|rpc:10.1.0.7:40063|priority:1|startupRole:FOLLOWER, 64d479e5-fe0e-4358-9b9b-67f62582a254|rpc:10.1.0.7:43823|priority:0|startupRole:FOLLOWER, 3e07bada-20ca-43dd-a36a-6fd4f7654e72|rpc:10.1.0.7:34107|priority:0|startupRole:FOLLOWER]|listeners:[], old=null
2022-12-02 11:12:32,210 [3e07bada-20ca-43dd-a36a-6fd4f7654e72@group-526A283F80C5-LeaderElection6-1] INFO  server.GrpcServerProtocolClient (GrpcServerProtocolClient.java:<init>(63)) - Build channel for 3706267d-b1e5-497c-b8ee-f9aaec0fcf2c
2022-12-02 11:12:32,219 [3e07bada-20ca-43dd-a36a-6fd4f7654e72@group-526A283F80C5-LeaderElection6-2] INFO  server.GrpcServerProtocolClient (GrpcServerProtocolClient.java:<init>(63)) - Build channel for 64d479e5-fe0e-4358-9b9b-67f62582a254
2022-12-02 11:12:32,235 [3706267d-b1e5-497c-b8ee-f9aaec0fcf2c@group-526A283F80C5-LeaderElection7-2] INFO  server.GrpcServerProtocolClient (GrpcServerProtocolClient.java:<init>(63)) - Build channel for 3e07bada-20ca-43dd-a36a-6fd4f7654e72
2022-12-02 11:12:32,225 [3706267d-b1e5-497c-b8ee-f9aaec0fcf2c@group-526A283F80C5-LeaderElection7] INFO  server.RaftServerConfigKeys (ConfUtils.java:logFallback(53)) - raft.server.rpc.first-election.timeout.min = 5s (fallback to raft.server.rpc.timeout.min)
2022-12-02 11:12:32,238 [3706267d-b1e5-497c-b8ee-f9aaec0fcf2c@group-526A283F80C5-LeaderElection7] INFO  server.RaftServerConfigKeys (ConfUtils.java:logFallback(53)) - raft.server.rpc.first-election.timeout.max = 5200ms (fallback to raft.server.rpc.timeout.max)
2022-12-02 11:12:32,220 [3706267d-b1e5-497c-b8ee-f9aaec0fcf2c@group-526A283F80C5-LeaderElection7-1] INFO  server.GrpcServerProtocolClient (GrpcServerProtocolClient.java:<init>(63)) - Build channel for 64d479e5-fe0e-4358-9b9b-67f62582a254
2022-12-02 11:12:32,212 [3e07bada-20ca-43dd-a36a-6fd4f7654e72@group-526A283F80C5-LeaderElection6] INFO  server.RaftServerConfigKeys (ConfUtils.java:logFallback(53)) - raft.server.rpc.first-election.timeout.min = 5s (fallback to raft.server.rpc.timeout.min)
2022-12-02 11:12:32,245 [3e07bada-20ca-43dd-a36a-6fd4f7654e72@group-526A283F80C5-LeaderElection6] INFO  server.RaftServerConfigKeys (ConfUtils.java:logFallback(53)) - raft.server.rpc.first-election.timeout.max = 5200ms (fallback to raft.server.rpc.timeout.max)
2022-12-02 11:12:32,264 [grpc-default-executor-0] INFO  server.RaftServer$Division (RaftServerImpl.java:requestVote(1218)) - 64d479e5-fe0e-4358-9b9b-67f62582a254@group-526A283F80C5: receive requestVote(ELECTION, 3e07bada-20ca-43dd-a36a-6fd4f7654e72, group-526A283F80C5, 1, (t:0, i:0))
2022-12-02 11:12:32,264 [grpc-default-executor-0] INFO  impl.VoteContext (VoteContext.java:log(49)) - 64d479e5-fe0e-4358-9b9b-67f62582a254@group-526A283F80C5-FOLLOWER: accept ELECTION from 3e07bada-20ca-43dd-a36a-6fd4f7654e72: our priority 0 <= candidate's priority 0
2022-12-02 11:12:32,264 [grpc-default-executor-0] INFO  server.RaftServer$Division (RaftServerImpl.java:setRole(321)) - 64d479e5-fe0e-4358-9b9b-67f62582a254@group-526A283F80C5: changes role from  FOLLOWER to FOLLOWER at term 1 for candidate:3e07bada-20ca-43dd-a36a-6fd4f7654e72
2022-12-02 11:12:32,264 [grpc-default-executor-0] INFO  impl.RoleInfo (RoleInfo.java:shutdownFollowerState(110)) - 64d479e5-fe0e-4358-9b9b-67f62582a254: shutdown 64d479e5-fe0e-4358-9b9b-67f62582a254@group-526A283F80C5-FollowerState
2022-12-02 11:12:32,264 [64d479e5-fe0e-4358-9b9b-67f62582a254@group-526A283F80C5-FollowerState] INFO  impl.FollowerState (FollowerState.java:run(152)) - 64d479e5-fe0e-4358-9b9b-67f62582a254@group-526A283F80C5-FollowerState was interrupted
2022-12-02 11:12:32,267 [grpc-default-executor-0] INFO  impl.RoleInfo (RoleInfo.java:updateAndGet(139)) - 64d479e5-fe0e-4358-9b9b-67f62582a254: start 64d479e5-fe0e-4358-9b9b-67f62582a254@group-526A283F80C5-FollowerState
2022-12-02 11:12:32,268 [64d479e5-fe0e-4358-9b9b-67f62582a254@group-526A283F80C5-FollowerState] INFO  server.RaftServerConfigKeys (ConfUtils.java:logFallback(53)) - raft.server.rpc.first-election.timeout.min = 5s (fallback to raft.server.rpc.timeout.min)
2022-12-02 11:12:32,268 [64d479e5-fe0e-4358-9b9b-67f62582a254@group-526A283F80C5-FollowerState] INFO  server.RaftServerConfigKeys (ConfUtils.java:logFallback(53)) - raft.server.rpc.first-election.timeout.max = 5200ms (fallback to raft.server.rpc.timeout.max)
2022-12-02 11:12:32,270 [grpc-default-executor-1] INFO  server.RaftServer$Division (RaftServerImpl.java:requestVote(1218)) - 64d479e5-fe0e-4358-9b9b-67f62582a254@group-526A283F80C5: receive requestVote(ELECTION, 3706267d-b1e5-497c-b8ee-f9aaec0fcf2c, group-526A283F80C5, 1, (t:0, i:0))
2022-12-02 11:12:32,271 [grpc-default-executor-0] INFO  server.RaftServer$Division (RaftServerImpl.java:requestVote(1251)) - 64d479e5-fe0e-4358-9b9b-67f62582a254@group-526A283F80C5 replies to ELECTION vote request: 3e07bada-20ca-43dd-a36a-6fd4f7654e72<-64d479e5-fe0e-4358-9b9b-67f62582a254#0:OK-t1. Peer's state: 64d479e5-fe0e-4358-9b9b-67f62582a254@group-526A283F80C5:t1, leader=null, voted=3e07bada-20ca-43dd-a36a-6fd4f7654e72, raftlog=Memoized:64d479e5-fe0e-4358-9b9b-67f62582a254@group-526A283F80C5-SegmentedRaftLog:OPENED:c-1, conf=-1: peers:[3706267d-b1e5-497c-b8ee-f9aaec0fcf2c|rpc:10.1.0.7:40063|dataStream:|priority:1|startupRole:FOLLOWER, 64d479e5-fe0e-4358-9b9b-67f62582a254|rpc:10.1.0.7:43823|dataStream:|priority:0|startupRole:FOLLOWER, 3e07bada-20ca-43dd-a36a-6fd4f7654e72|rpc:10.1.0.7:34107|dataStream:|priority:0|startupRole:FOLLOWER]|listeners:[], old=null
2022-12-02 11:12:32,272 [grpc-default-executor-1] INFO  impl.VoteContext (VoteContext.java:log(49)) - 64d479e5-fe0e-4358-9b9b-67f62582a254@group-526A283F80C5-FOLLOWER: reject ELECTION from 3706267d-b1e5-497c-b8ee-f9aaec0fcf2c: already has voted for 3e07bada-20ca-43dd-a36a-6fd4f7654e72 at current term 1
2022-12-02 11:12:32,272 [grpc-default-executor-1] INFO  server.RaftServer$Division (RaftServerImpl.java:requestVote(1251)) - 64d479e5-fe0e-4358-9b9b-67f62582a254@group-526A283F80C5 replies to ELECTION vote request: 3706267d-b1e5-497c-b8ee-f9aaec0fcf2c<-64d479e5-fe0e-4358-9b9b-67f62582a254#0:FAIL-t1. Peer's state: 64d479e5-fe0e-4358-9b9b-67f62582a254@group-526A283F80C5:t1, leader=null, voted=3e07bada-20ca-43dd-a36a-6fd4f7654e72, raftlog=Memoized:64d479e5-fe0e-4358-9b9b-67f62582a254@group-526A283F80C5-SegmentedRaftLog:OPENED:c-1, conf=-1: peers:[3706267d-b1e5-497c-b8ee-f9aaec0fcf2c|rpc:10.1.0.7:40063|dataStream:|priority:1|startupRole:FOLLOWER, 64d479e5-fe0e-4358-9b9b-67f62582a254|rpc:10.1.0.7:43823|dataStream:|priority:0|startupRole:FOLLOWER, 3e07bada-20ca-43dd-a36a-6fd4f7654e72|rpc:10.1.0.7:34107|dataStream:|priority:0|startupRole:FOLLOWER]|listeners:[], old=null
2022-12-02 11:12:32,282 [grpc-default-executor-0] INFO  server.RaftServer$Division (RaftServerImpl.java:requestVote(1218)) - 3e07bada-20ca-43dd-a36a-6fd4f7654e72@group-526A283F80C5: receive requestVote(ELECTION, 3706267d-b1e5-497c-b8ee-f9aaec0fcf2c, group-526A283F80C5, 1, (t:0, i:0))
2022-12-02 11:12:32,283 [grpc-default-executor-0] INFO  impl.VoteContext (VoteContext.java:log(49)) - 3e07bada-20ca-43dd-a36a-6fd4f7654e72@group-526A283F80C5-CANDIDATE: reject ELECTION from 3706267d-b1e5-497c-b8ee-f9aaec0fcf2c: already has voted for 3e07bada-20ca-43dd-a36a-6fd4f7654e72 at current term 1
2022-12-02 11:12:32,283 [grpc-default-executor-0] INFO  server.RaftServer$Division (RaftServerImpl.java:requestVote(1251)) - 3e07bada-20ca-43dd-a36a-6fd4f7654e72@group-526A283F80C5 replies to ELECTION vote request: 3706267d-b1e5-497c-b8ee-f9aaec0fcf2c<-3e07bada-20ca-43dd-a36a-6fd4f7654e72#0:FAIL-t1. Peer's state: 3e07bada-20ca-43dd-a36a-6fd4f7654e72@group-526A283F80C5:t1, leader=null, voted=3e07bada-20ca-43dd-a36a-6fd4f7654e72, raftlog=Memoized:3e07bada-20ca-43dd-a36a-6fd4f7654e72@group-526A283F80C5-SegmentedRaftLog:OPENED:c-1, conf=-1: peers:[3706267d-b1e5-497c-b8ee-f9aaec0fcf2c|rpc:10.1.0.7:40063|priority:1|startupRole:FOLLOWER, 64d479e5-fe0e-4358-9b9b-67f62582a254|rpc:10.1.0.7:43823|priority:0|startupRole:FOLLOWER, 3e07bada-20ca-43dd-a36a-6fd4f7654e72|rpc:10.1.0.7:34107|priority:0|startupRole:FOLLOWER]|listeners:[], old=null
2022-12-02 11:12:32,284 [grpc-default-executor-0] INFO  server.RaftServer$Division (RaftServerImpl.java:requestVote(1218)) - 3706267d-b1e5-497c-b8ee-f9aaec0fcf2c@group-526A283F80C5: receive requestVote(ELECTION, 3e07bada-20ca-43dd-a36a-6fd4f7654e72, group-526A283F80C5, 1, (t:0, i:0))
2022-12-02 11:12:32,284 [grpc-default-executor-0] INFO  impl.VoteContext (VoteContext.java:log(49)) - 3706267d-b1e5-497c-b8ee-f9aaec0fcf2c@group-526A283F80C5-CANDIDATE: reject ELECTION from 3e07bada-20ca-43dd-a36a-6fd4f7654e72: already has voted for 3706267d-b1e5-497c-b8ee-f9aaec0fcf2c at current term 1
2022-12-02 11:12:32,284 [grpc-default-executor-0] INFO  server.RaftServer$Division (RaftServerImpl.java:requestVote(1251)) - 3706267d-b1e5-497c-b8ee-f9aaec0fcf2c@group-526A283F80C5 replies to ELECTION vote request: 3e07bada-20ca-43dd-a36a-6fd4f7654e72<-3706267d-b1e5-497c-b8ee-f9aaec0fcf2c#0:FAIL-t1. Peer's state: 3706267d-b1e5-497c-b8ee-f9aaec0fcf2c@group-526A283F80C5:t1, leader=null, voted=3706267d-b1e5-497c-b8ee-f9aaec0fcf2c, raftlog=Memoized:3706267d-b1e5-497c-b8ee-f9aaec0fcf2c@group-526A283F80C5-SegmentedRaftLog:OPENED:c-1, conf=-1: peers:[3706267d-b1e5-497c-b8ee-f9aaec0fcf2c|rpc:10.1.0.7:40063|priority:1|startupRole:FOLLOWER, 64d479e5-fe0e-4358-9b9b-67f62582a254|rpc:10.1.0.7:43823|priority:0|startupRole:FOLLOWER, 3e07bada-20ca-43dd-a36a-6fd4f7654e72|rpc:10.1.0.7:34107|priority:0|startupRole:FOLLOWER]|listeners:[], old=null
2022-12-02 11:12:32,287 [3706267d-b1e5-497c-b8ee-f9aaec0fcf2c@group-526A283F80C5-LeaderElection7] INFO  impl.LeaderElection (LeaderElection.java:logAndReturn(90)) - 3706267d-b1e5-497c-b8ee-f9aaec0fcf2c@group-526A283F80C5-LeaderElection7: ELECTION REJECTED received 2 response(s) and 0 exception(s):
2022-12-02 11:12:32,287 [3706267d-b1e5-497c-b8ee-f9aaec0fcf2c@group-526A283F80C5-LeaderElection7] INFO  impl.LeaderElection (LeaderElection.java:logAndReturn(94)) -   Response 0: 3706267d-b1e5-497c-b8ee-f9aaec0fcf2c<-64d479e5-fe0e-4358-9b9b-67f62582a254#0:FAIL-t1
2022-12-02 11:12:32,287 [3706267d-b1e5-497c-b8ee-f9aaec0fcf2c@group-526A283F80C5-LeaderElection7] INFO  impl.LeaderElection (LeaderElection.java:logAndReturn(94)) -   Response 1: 3706267d-b1e5-497c-b8ee-f9aaec0fcf2c<-3e07bada-20ca-43dd-a36a-6fd4f7654e72#0:FAIL-t1
2022-12-02 11:12:32,287 [3706267d-b1e5-497c-b8ee-f9aaec0fcf2c@group-526A283F80C5-LeaderElection7] INFO  impl.LeaderElection (LeaderElection.java:askForVotes(314)) - 3706267d-b1e5-497c-b8ee-f9aaec0fcf2c@group-526A283F80C5-LeaderElection7 ELECTION round 0: result REJECTED
2022-12-02 11:12:32,288 [3706267d-b1e5-497c-b8ee-f9aaec0fcf2c@group-526A283F80C5-LeaderElection7] INFO  server.RaftServer$Division (RaftServerImpl.java:setRole(321)) - 3706267d-b1e5-497c-b8ee-f9aaec0fcf2c@group-526A283F80C5: changes role from CANDIDATE to FOLLOWER at term 1 for REJECTED
2022-12-02 11:12:32,288 [3706267d-b1e5-497c-b8ee-f9aaec0fcf2c@group-526A283F80C5-LeaderElection7] INFO  impl.RoleInfo (RoleInfo.java:shutdownLeaderElection(130)) - 3706267d-b1e5-497c-b8ee-f9aaec0fcf2c: shutdown 3706267d-b1e5-497c-b8ee-f9aaec0fcf2c@group-526A283F80C5-LeaderElection7
2022-12-02 11:12:32,288 [3706267d-b1e5-497c-b8ee-f9aaec0fcf2c@group-526A283F80C5-LeaderElection7] INFO  impl.RoleInfo (RoleInfo.java:updateAndGet(139)) - 3706267d-b1e5-497c-b8ee-f9aaec0fcf2c: start 3706267d-b1e5-497c-b8ee-f9aaec0fcf2c@group-526A283F80C5-FollowerState
2022-12-02 11:12:32,291 [3706267d-b1e5-497c-b8ee-f9aaec0fcf2c@group-526A283F80C5-FollowerState] INFO  server.RaftServerConfigKeys (ConfUtils.java:logFallback(53)) - raft.server.rpc.first-election.timeout.min = 5s (fallback to raft.server.rpc.timeout.min)
2022-12-02 11:12:32,297 [3e07bada-20ca-43dd-a36a-6fd4f7654e72@group-526A283F80C5-LeaderElection6] INFO  impl.LeaderElection (LeaderElection.java:logAndReturn(90)) - 3e07bada-20ca-43dd-a36a-6fd4f7654e72@group-526A283F80C5-LeaderElection6: ELECTION REJECTED received 2 response(s) and 0 exception(s):
2022-12-02 11:12:32,297 [3706267d-b1e5-497c-b8ee-f9aaec0fcf2c@group-526A283F80C5-FollowerState] INFO  server.RaftServerConfigKeys (ConfUtils.java:logFallback(53)) - raft.server.rpc.first-election.timeout.max = 5200ms (fallback to raft.server.rpc.timeout.max)
2022-12-02 11:12:32,298 [3e07bada-20ca-43dd-a36a-6fd4f7654e72@group-526A283F80C5-LeaderElection6] INFO  impl.LeaderElection (LeaderElection.java:logAndReturn(94)) -   Response 0: 3e07bada-20ca-43dd-a36a-6fd4f7654e72<-3706267d-b1e5-497c-b8ee-f9aaec0fcf2c#0:FAIL-t1
2022-12-02 11:12:32,298 [3e07bada-20ca-43dd-a36a-6fd4f7654e72@group-526A283F80C5-LeaderElection6] INFO  impl.LeaderElection (LeaderElection.java:logAndReturn(94)) -   Response 1: 3e07bada-20ca-43dd-a36a-6fd4f7654e72<-64d479e5-fe0e-4358-9b9b-67f62582a254#0:OK-t1
2022-12-02 11:12:32,298 [3e07bada-20ca-43dd-a36a-6fd4f7654e72@group-526A283F80C5-LeaderElection6] INFO  impl.LeaderElection (LeaderElection.java:askForVotes(314)) - 3e07bada-20ca-43dd-a36a-6fd4f7654e72@group-526A283F80C5-LeaderElection6 ELECTION round 0: result REJECTED
2022-12-02 11:12:32,298 [3e07bada-20ca-43dd-a36a-6fd4f7654e72@group-526A283F80C5-LeaderElection6] INFO  server.RaftServer$Division (RaftServerImpl.java:setRole(321)) - 3e07bada-20ca-43dd-a36a-6fd4f7654e72@group-526A283F80C5: changes role from CANDIDATE to FOLLOWER at term 1 for REJECTED
2022-12-02 11:12:32,298 [3e07bada-20ca-43dd-a36a-6fd4f7654e72@group-526A283F80C5-LeaderElection6] INFO  impl.RoleInfo (RoleInfo.java:shutdownLeaderElection(130)) - 3e07bada-20ca-43dd-a36a-6fd4f7654e72: shutdown 3e07bada-20ca-43dd-a36a-6fd4f7654e72@group-526A283F80C5-LeaderElection6
2022-12-02 11:12:32,298 [3e07bada-20ca-43dd-a36a-6fd4f7654e72@group-526A283F80C5-LeaderElection6] INFO  impl.RoleInfo (RoleInfo.java:updateAndGet(139)) - 3e07bada-20ca-43dd-a36a-6fd4f7654e72: start 3e07bada-20ca-43dd-a36a-6fd4f7654e72@group-526A283F80C5-FollowerState
2022-12-02 11:12:32,303 [3e07bada-20ca-43dd-a36a-6fd4f7654e72@group-526A283F80C5-FollowerState] INFO  server.RaftServerConfigKeys (ConfUtils.java:logFallback(53)) - raft.server.rpc.first-election.timeout.min = 5s (fallback to raft.server.rpc.timeout.min)
2022-12-02 11:12:32,303 [3e07bada-20ca-43dd-a36a-6fd4f7654e72@group-526A283F80C5-FollowerState] INFO  server.RaftServerConfigKeys (ConfUtils.java:logFallback(53)) - raft.server.rpc.first-election.timeout.max = 5200ms (fallback to raft.server.rpc.timeout.max)
2022-12-02 11:12:32,574 [0f1be7e8-a3b4-460a-8434-ebd9767358ca@group-B9E5E6AFD6D0-FollowerState] INFO  impl.FollowerState (FollowerState.java:run(143)) - 0f1be7e8-a3b4-460a-8434-ebd9767358ca@group-B9E5E6AFD6D0-FollowerState: change to CANDIDATE, lastRpcElapsedTime:5072880704ns, electionTimeout:5071ms
2022-12-02 11:12:32,574 [0f1be7e8-a3b4-460a-8434-ebd9767358ca@group-B9E5E6AFD6D0-FollowerState] INFO  impl.RoleInfo (RoleInfo.java:shutdownFollowerState(110)) - 0f1be7e8-a3b4-460a-8434-ebd9767358ca: shutdown 0f1be7e8-a3b4-460a-8434-ebd9767358ca@group-B9E5E6AFD6D0-FollowerState
2022-12-02 11:12:32,574 [0f1be7e8-a3b4-460a-8434-ebd9767358ca@group-B9E5E6AFD6D0-FollowerState] INFO  server.RaftServer$Division (RaftServerImpl.java:setRole(321)) - 0f1be7e8-a3b4-460a-8434-ebd9767358ca@group-B9E5E6AFD6D0: changes role from  FOLLOWER to CANDIDATE at term 0 for changeToCandidate
2022-12-02 11:12:32,576 [0f1be7e8-a3b4-460a-8434-ebd9767358ca@group-B9E5E6AFD6D0-FollowerState] INFO  server.RaftServerConfigKeys (ConfUtils.java:logGet(46)) - raft.server.leaderelection.pre-vote = false (custom)
2022-12-02 11:12:32,576 [0f1be7e8-a3b4-460a-8434-ebd9767358ca@group-B9E5E6AFD6D0-FollowerState] INFO  impl.RoleInfo (RoleInfo.java:updateAndGet(139)) - 0f1be7e8-a3b4-460a-8434-ebd9767358ca: start 0f1be7e8-a3b4-460a-8434-ebd9767358ca@group-B9E5E6AFD6D0-LeaderElection8
2022-12-02 11:12:32,580 [0f1be7e8-a3b4-460a-8434-ebd9767358ca@group-B9E5E6AFD6D0-LeaderElection8] INFO  impl.LeaderElection (LeaderElection.java:askForVotes(312)) - 0f1be7e8-a3b4-460a-8434-ebd9767358ca@group-B9E5E6AFD6D0-LeaderElection8 ELECTION round 0: submit vote requests at term 1 for -1: peers:[e3d3c1c6-e4ea-41ff-8088-7f0be060b7c0|rpc:10.1.0.7:41167|priority:1|startupRole:FOLLOWER, b564bb99-cd76-4902-8e37-bc5f128935f0|rpc:10.1.0.7:39915|priority:0|startupRole:FOLLOWER, 0f1be7e8-a3b4-460a-8434-ebd9767358ca|rpc:10.1.0.7:37191|priority:0|startupRole:FOLLOWER]|listeners:[], old=null
2022-12-02 11:12:32,582 [0f1be7e8-a3b4-460a-8434-ebd9767358ca@group-B9E5E6AFD6D0-LeaderElection8] INFO  server.RaftServerConfigKeys (ConfUtils.java:logFallback(53)) - raft.server.rpc.first-election.timeout.min = 5s (fallback to raft.server.rpc.timeout.min)
2022-12-02 11:12:32,582 [0f1be7e8-a3b4-460a-8434-ebd9767358ca@group-B9E5E6AFD6D0-LeaderElection8] INFO  server.RaftServerConfigKeys (ConfUtils.java:logFallback(53)) - raft.server.rpc.first-election.timeout.max = 5200ms (fallback to raft.server.rpc.timeout.max)
2022-12-02 11:12:32,582 [0f1be7e8-a3b4-460a-8434-ebd9767358ca@group-B9E5E6AFD6D0-LeaderElection8-1] INFO  server.GrpcServerProtocolClient (GrpcServerProtocolClient.java:<init>(63)) - Build channel for e3d3c1c6-e4ea-41ff-8088-7f0be060b7c0
2022-12-02 11:12:32,583 [0f1be7e8-a3b4-460a-8434-ebd9767358ca@group-B9E5E6AFD6D0-LeaderElection8-2] INFO  server.GrpcServerProtocolClient (GrpcServerProtocolClient.java:<init>(63)) - Build channel for b564bb99-cd76-4902-8e37-bc5f128935f0
2022-12-02 11:12:32,609 [Listener at 127.0.0.1/39085] INFO  ozone.MiniOzoneClusterImpl (MiniOzoneClusterImpl.java:lambda$waitForClusterToBeReady$0(216)) - Nodes are ready. Got 6 of 6 DN Heartbeats.
2022-12-02 11:12:32,610 [Listener at 127.0.0.1/39085] INFO  ozone.MiniOzoneClusterImpl (MiniOzoneClusterImpl.java:lambda$waitForClusterToBeReady$0(219)) - Waiting for cluster to exit safe mode
2022-12-02 11:12:32,610 [Listener at 127.0.0.1/39085] INFO  ozone.MiniOzoneClusterImpl (MiniOzoneClusterImpl.java:lambda$waitForClusterToBeReady$0(221)) - SCM became leader
2022-12-02 11:12:32,621 [EventQueue-CommandQueueReportForCommandQueueReportHandler] WARN  events.EventQueue (EventQueue.java:fireEvent(216)) - No event handler registered for event TypedEvent{payloadType=DatanodeDetails, name='Datanode_Command_Queue_Updated'}
2022-12-02 11:12:32,625 [grpc-default-executor-0] INFO  server.RaftServer$Division (RaftServerImpl.java:requestVote(1218)) - b564bb99-cd76-4902-8e37-bc5f128935f0@group-B9E5E6AFD6D0: receive requestVote(ELECTION, 0f1be7e8-a3b4-460a-8434-ebd9767358ca, group-B9E5E6AFD6D0, 1, (t:0, i:0))
2022-12-02 11:12:32,625 [grpc-default-executor-0] INFO  impl.VoteContext (VoteContext.java:log(49)) - b564bb99-cd76-4902-8e37-bc5f128935f0@group-B9E5E6AFD6D0-FOLLOWER: accept ELECTION from 0f1be7e8-a3b4-460a-8434-ebd9767358ca: our priority 0 <= candidate's priority 0
2022-12-02 11:12:32,626 [grpc-default-executor-0] INFO  server.RaftServer$Division (RaftServerImpl.java:setRole(321)) - b564bb99-cd76-4902-8e37-bc5f128935f0@group-B9E5E6AFD6D0: changes role from  FOLLOWER to FOLLOWER at term 1 for candidate:0f1be7e8-a3b4-460a-8434-ebd9767358ca
2022-12-02 11:12:32,626 [grpc-default-executor-0] INFO  impl.RoleInfo (RoleInfo.java:shutdownFollowerState(110)) - b564bb99-cd76-4902-8e37-bc5f128935f0: shutdown b564bb99-cd76-4902-8e37-bc5f128935f0@group-B9E5E6AFD6D0-FollowerState
2022-12-02 11:12:32,626 [grpc-default-executor-0] INFO  impl.RoleInfo (RoleInfo.java:updateAndGet(139)) - b564bb99-cd76-4902-8e37-bc5f128935f0: start b564bb99-cd76-4902-8e37-bc5f128935f0@group-B9E5E6AFD6D0-FollowerState
2022-12-02 11:12:32,626 [b564bb99-cd76-4902-8e37-bc5f128935f0@group-B9E5E6AFD6D0-FollowerState] INFO  impl.FollowerState (FollowerState.java:run(152)) - b564bb99-cd76-4902-8e37-bc5f128935f0@group-B9E5E6AFD6D0-FollowerState was interrupted
2022-12-02 11:12:32,626 [b564bb99-cd76-4902-8e37-bc5f128935f0@group-B9E5E6AFD6D0-FollowerState] INFO  server.RaftServerConfigKeys (ConfUtils.java:logFallback(53)) - raft.server.rpc.first-election.timeout.min = 5s (fallback to raft.server.rpc.timeout.min)
2022-12-02 11:12:32,626 [b564bb99-cd76-4902-8e37-bc5f128935f0@group-B9E5E6AFD6D0-FollowerState] INFO  server.RaftServerConfigKeys (ConfUtils.java:logFallback(53)) - raft.server.rpc.first-election.timeout.max = 5200ms (fallback to raft.server.rpc.timeout.max)
2022-12-02 11:12:32,628 [grpc-default-executor-0] INFO  server.RaftServer$Division (RaftServerImpl.java:requestVote(1251)) - b564bb99-cd76-4902-8e37-bc5f128935f0@group-B9E5E6AFD6D0 replies to ELECTION vote request: 0f1be7e8-a3b4-460a-8434-ebd9767358ca<-b564bb99-cd76-4902-8e37-bc5f128935f0#0:OK-t1. Peer's state: b564bb99-cd76-4902-8e37-bc5f128935f0@group-B9E5E6AFD6D0:t1, leader=null, voted=0f1be7e8-a3b4-460a-8434-ebd9767358ca, raftlog=Memoized:b564bb99-cd76-4902-8e37-bc5f128935f0@group-B9E5E6AFD6D0-SegmentedRaftLog:OPENED:c-1, conf=-1: peers:[e3d3c1c6-e4ea-41ff-8088-7f0be060b7c0|rpc:10.1.0.7:41167|dataStream:|priority:1|startupRole:FOLLOWER, b564bb99-cd76-4902-8e37-bc5f128935f0|rpc:10.1.0.7:39915|dataStream:|priority:0|startupRole:FOLLOWER, 0f1be7e8-a3b4-460a-8434-ebd9767358ca|rpc:10.1.0.7:37191|dataStream:|priority:0|startupRole:FOLLOWER]|listeners:[], old=null
2022-12-02 11:12:32,654 [0f1be7e8-a3b4-460a-8434-ebd9767358ca@group-925D38F959D7-FollowerState] INFO  impl.FollowerState (FollowerState.java:run(143)) - 0f1be7e8-a3b4-460a-8434-ebd9767358ca@group-925D38F959D7-FollowerState: change to CANDIDATE, lastRpcElapsedTime:5185919899ns, electionTimeout:5178ms
2022-12-02 11:12:32,654 [0f1be7e8-a3b4-460a-8434-ebd9767358ca@group-925D38F959D7-FollowerState] INFO  impl.RoleInfo (RoleInfo.java:shutdownFollowerState(110)) - 0f1be7e8-a3b4-460a-8434-ebd9767358ca: shutdown 0f1be7e8-a3b4-460a-8434-ebd9767358ca@group-925D38F959D7-FollowerState
2022-12-02 11:12:32,654 [0f1be7e8-a3b4-460a-8434-ebd9767358ca@group-925D38F959D7-FollowerState] INFO  server.RaftServer$Division (RaftServerImpl.java:setRole(321)) - 0f1be7e8-a3b4-460a-8434-ebd9767358ca@group-925D38F959D7: changes role from  FOLLOWER to CANDIDATE at term 0 for changeToCandidate
2022-12-02 11:12:32,654 [0f1be7e8-a3b4-460a-8434-ebd9767358ca@group-925D38F959D7-FollowerState] INFO  server.RaftServerConfigKeys (ConfUtils.java:logGet(46)) - raft.server.leaderelection.pre-vote = false (custom)
2022-12-02 11:12:32,654 [0f1be7e8-a3b4-460a-8434-ebd9767358ca@group-925D38F959D7-FollowerState] INFO  impl.RoleInfo (RoleInfo.java:updateAndGet(139)) - 0f1be7e8-a3b4-460a-8434-ebd9767358ca: start 0f1be7e8-a3b4-460a-8434-ebd9767358ca@group-925D38F959D7-LeaderElection9
2022-12-02 11:12:32,656 [grpc-default-executor-1] INFO  server.RaftServer$Division (RaftServerImpl.java:requestVote(1218)) - e3d3c1c6-e4ea-41ff-8088-7f0be060b7c0@group-B9E5E6AFD6D0: receive requestVote(ELECTION, 0f1be7e8-a3b4-460a-8434-ebd9767358ca, group-B9E5E6AFD6D0, 1, (t:0, i:0))
2022-12-02 11:12:32,656 [grpc-default-executor-1] INFO  impl.VoteContext (VoteContext.java:log(49)) - e3d3c1c6-e4ea-41ff-8088-7f0be060b7c0@group-B9E5E6AFD6D0-FOLLOWER: reject ELECTION from 0f1be7e8-a3b4-460a-8434-ebd9767358ca: our priority 1 > candidate's priority 0
2022-12-02 11:12:32,656 [grpc-default-executor-1] INFO  server.RaftServer$Division (RaftServerImpl.java:setRole(321)) - e3d3c1c6-e4ea-41ff-8088-7f0be060b7c0@group-B9E5E6AFD6D0: changes role from  FOLLOWER to FOLLOWER at term 1 for candidate:0f1be7e8-a3b4-460a-8434-ebd9767358ca
2022-12-02 11:12:32,656 [grpc-default-executor-1] INFO  impl.RoleInfo (RoleInfo.java:shutdownFollowerState(110)) - e3d3c1c6-e4ea-41ff-8088-7f0be060b7c0: shutdown e3d3c1c6-e4ea-41ff-8088-7f0be060b7c0@group-B9E5E6AFD6D0-FollowerState
2022-12-02 11:12:32,663 [grpc-default-executor-1] INFO  impl.RoleInfo (RoleInfo.java:updateAndGet(139)) - e3d3c1c6-e4ea-41ff-8088-7f0be060b7c0: start e3d3c1c6-e4ea-41ff-8088-7f0be060b7c0@group-B9E5E6AFD6D0-FollowerState
2022-12-02 11:12:32,663 [e3d3c1c6-e4ea-41ff-8088-7f0be060b7c0@group-B9E5E6AFD6D0-FollowerState] INFO  impl.FollowerState (FollowerState.java:run(152)) - e3d3c1c6-e4ea-41ff-8088-7f0be060b7c0@group-B9E5E6AFD6D0-FollowerState was interrupted
2022-12-02 11:12:32,664 [grpc-default-executor-1] INFO  server.RaftServer$Division (RaftServerImpl.java:requestVote(1251)) - e3d3c1c6-e4ea-41ff-8088-7f0be060b7c0@group-B9E5E6AFD6D0 replies to ELECTION vote request: 0f1be7e8-a3b4-460a-8434-ebd9767358ca<-e3d3c1c6-e4ea-41ff-8088-7f0be060b7c0#0:FAIL-t1. Peer's state: e3d3c1c6-e4ea-41ff-8088-7f0be060b7c0@group-B9E5E6AFD6D0:t1, leader=null, voted=null, raftlog=Memoized:e3d3c1c6-e4ea-41ff-8088-7f0be060b7c0@group-B9E5E6AFD6D0-SegmentedRaftLog:OPENED:c-1, conf=-1: peers:[e3d3c1c6-e4ea-41ff-8088-7f0be060b7c0|rpc:10.1.0.7:41167|dataStream:|priority:1|startupRole:FOLLOWER, b564bb99-cd76-4902-8e37-bc5f128935f0|rpc:10.1.0.7:39915|dataStream:|priority:0|startupRole:FOLLOWER, 0f1be7e8-a3b4-460a-8434-ebd9767358ca|rpc:10.1.0.7:37191|dataStream:|priority:0|startupRole:FOLLOWER]|listeners:[], old=null
2022-12-02 11:12:32,668 [e3d3c1c6-e4ea-41ff-8088-7f0be060b7c0@group-B9E5E6AFD6D0-FollowerState] INFO  server.RaftServerConfigKeys (ConfUtils.java:logFallback(53)) - raft.server.rpc.first-election.timeout.min = 5s (fallback to raft.server.rpc.timeout.min)
2022-12-02 11:12:32,668 [e3d3c1c6-e4ea-41ff-8088-7f0be060b7c0@group-B9E5E6AFD6D0-FollowerState] INFO  server.RaftServerConfigKeys (ConfUtils.java:logFallback(53)) - raft.server.rpc.first-election.timeout.max = 5200ms (fallback to raft.server.rpc.timeout.max)
2022-12-02 11:12:32,674 [0f1be7e8-a3b4-460a-8434-ebd9767358ca@group-925D38F959D7-LeaderElection9] INFO  impl.LeaderElection (LeaderElection.java:askForVotes(312)) - 0f1be7e8-a3b4-460a-8434-ebd9767358ca@group-925D38F959D7-LeaderElection9 ELECTION round 0: submit vote requests at term 1 for -1: peers:[0f1be7e8-a3b4-460a-8434-ebd9767358ca|rpc:10.1.0.7:37191|priority:1|startupRole:FOLLOWER]|listeners:[], old=null
2022-12-02 11:12:32,674 [0f1be7e8-a3b4-460a-8434-ebd9767358ca@group-B9E5E6AFD6D0-LeaderElection8] INFO  impl.LeaderElection (LeaderElection.java:logAndReturn(90)) - 0f1be7e8-a3b4-460a-8434-ebd9767358ca@group-B9E5E6AFD6D0-LeaderElection8: ELECTION REJECTED received 2 response(s) and 0 exception(s):
2022-12-02 11:12:32,674 [0f1be7e8-a3b4-460a-8434-ebd9767358ca@group-B9E5E6AFD6D0-LeaderElection8] INFO  impl.LeaderElection (LeaderElection.java:logAndReturn(94)) -   Response 0: 0f1be7e8-a3b4-460a-8434-ebd9767358ca<-e3d3c1c6-e4ea-41ff-8088-7f0be060b7c0#0:FAIL-t1
2022-12-02 11:12:32,674 [0f1be7e8-a3b4-460a-8434-ebd9767358ca@group-925D38F959D7-LeaderElection9] INFO  impl.LeaderElection (LeaderElection.java:askForVotes(314)) - 0f1be7e8-a3b4-460a-8434-ebd9767358ca@group-925D38F959D7-LeaderElection9 ELECTION round 0: result PASSED (term=1)
2022-12-02 11:12:32,674 [0f1be7e8-a3b4-460a-8434-ebd9767358ca@group-925D38F959D7-LeaderElection9] INFO  impl.RoleInfo (RoleInfo.java:shutdownLeaderElection(130)) - 0f1be7e8-a3b4-460a-8434-ebd9767358ca: shutdown 0f1be7e8-a3b4-460a-8434-ebd9767358ca@group-925D38F959D7-LeaderElection9
2022-12-02 11:12:32,675 [0f1be7e8-a3b4-460a-8434-ebd9767358ca@group-925D38F959D7-LeaderElection9] INFO  server.RaftServer$Division (RaftServerImpl.java:setRole(321)) - 0f1be7e8-a3b4-460a-8434-ebd9767358ca@group-925D38F959D7: changes role from CANDIDATE to LEADER at term 1 for changeToLeader
2022-12-02 11:12:32,675 [0f1be7e8-a3b4-460a-8434-ebd9767358ca@group-925D38F959D7-LeaderElection9] INFO  ratis.XceiverServerRatis (XceiverServerRatis.java:handleLeaderChangedNotification(863)) - Leader change notification received for group: group-925D38F959D7 with new leaderId: 0f1be7e8-a3b4-460a-8434-ebd9767358ca
2022-12-02 11:12:32,675 [0f1be7e8-a3b4-460a-8434-ebd9767358ca@group-925D38F959D7-LeaderElection9] INFO  server.RaftServer$Division (ServerState.java:setLeader(313)) - 0f1be7e8-a3b4-460a-8434-ebd9767358ca@group-925D38F959D7: change Leader from null to 0f1be7e8-a3b4-460a-8434-ebd9767358ca at term 1 for becomeLeader, leader elected after 5240ms
2022-12-02 11:12:32,675 [0f1be7e8-a3b4-460a-8434-ebd9767358ca@group-925D38F959D7-LeaderElection9] INFO  server.RaftServerConfigKeys (ConfUtils.java:logGet(46)) - raft.server.staging.catchup.gap = 1000 (default)
2022-12-02 11:12:32,674 [0f1be7e8-a3b4-460a-8434-ebd9767358ca@group-B9E5E6AFD6D0-LeaderElection8] INFO  impl.LeaderElection (LeaderElection.java:logAndReturn(94)) -   Response 1: 0f1be7e8-a3b4-460a-8434-ebd9767358ca<-b564bb99-cd76-4902-8e37-bc5f128935f0#0:OK-t1
2022-12-02 11:12:32,676 [0f1be7e8-a3b4-460a-8434-ebd9767358ca@group-B9E5E6AFD6D0-LeaderElection8] INFO  impl.LeaderElection (LeaderElection.java:askForVotes(314)) - 0f1be7e8-a3b4-460a-8434-ebd9767358ca@group-B9E5E6AFD6D0-LeaderElection8 ELECTION round 0: result REJECTED
2022-12-02 11:12:32,676 [0f1be7e8-a3b4-460a-8434-ebd9767358ca@group-B9E5E6AFD6D0-LeaderElection8] INFO  server.RaftServer$Division (RaftServerImpl.java:setRole(321)) - 0f1be7e8-a3b4-460a-8434-ebd9767358ca@group-B9E5E6AFD6D0: changes role from CANDIDATE to FOLLOWER at term 1 for REJECTED
2022-12-02 11:12:32,676 [0f1be7e8-a3b4-460a-8434-ebd9767358ca@group-B9E5E6AFD6D0-LeaderElection8] INFO  impl.RoleInfo (RoleInfo.java:shutdownLeaderElection(130)) - 0f1be7e8-a3b4-460a-8434-ebd9767358ca: shutdown 0f1be7e8-a3b4-460a-8434-ebd9767358ca@group-B9E5E6AFD6D0-LeaderElection8
2022-12-02 11:12:32,676 [0f1be7e8-a3b4-460a-8434-ebd9767358ca@group-B9E5E6AFD6D0-LeaderElection8] INFO  impl.RoleInfo (RoleInfo.java:updateAndGet(139)) - 0f1be7e8-a3b4-460a-8434-ebd9767358ca: start 0f1be7e8-a3b4-460a-8434-ebd9767358ca@group-B9E5E6AFD6D0-FollowerState
2022-12-02 11:12:32,676 [0f1be7e8-a3b4-460a-8434-ebd9767358ca@group-925D38F959D7-LeaderElection9] INFO  server.RaftServerConfigKeys (ConfUtils.java:logGet(46)) - raft.server.write.element-limit = 1024 (custom)
2022-12-02 11:12:32,676 [0f1be7e8-a3b4-460a-8434-ebd9767358ca@group-925D38F959D7-LeaderElection9] INFO  server.RaftServerConfigKeys (ConfUtils.java:logGet(46)) - raft.server.write.byte-limit = 1024 M (=1073741824) (custom)
2022-12-02 11:12:32,676 [0f1be7e8-a3b4-460a-8434-ebd9767358ca@group-925D38F959D7-LeaderElection9] INFO  server.RaftServerConfigKeys (ConfUtils.java:logGet(46)) - raft.server.watch.timeout = 180s (custom)
2022-12-02 11:12:32,676 [0f1be7e8-a3b4-460a-8434-ebd9767358ca@group-925D38F959D7-LeaderElection9] INFO  server.RaftServerConfigKeys (ConfUtils.java:logGet(46)) - raft.server.watch.timeout.denomination = 1s (default)
2022-12-02 11:12:32,677 [0f1be7e8-a3b4-460a-8434-ebd9767358ca@group-925D38F959D7-LeaderElection9] INFO  server.RaftServerConfigKeys (ConfUtils.java:logGet(46)) - raft.server.watch.element-limit = 65536 (default)
2022-12-02 11:12:32,677 [0f1be7e8-a3b4-460a-8434-ebd9767358ca@group-925D38F959D7-LeaderElection9] INFO  server.RaftServerConfigKeys (ConfUtils.java:logGet(46)) - raft.server.write.element-limit = 1024 (custom)
2022-12-02 11:12:32,677 [0f1be7e8-a3b4-460a-8434-ebd9767358ca@group-925D38F959D7-LeaderElection9] INFO  server.RaftServerConfigKeys (ConfUtils.java:logGet(46)) - raft.server.write.follower.gap.ratio.max = -1.0 (default)
2022-12-02 11:12:32,677 [0f1be7e8-a3b4-460a-8434-ebd9767358ca@group-925D38F959D7-LeaderElection9] INFO  impl.RoleInfo (RoleInfo.java:updateAndGet(139)) - 0f1be7e8-a3b4-460a-8434-ebd9767358ca: start 0f1be7e8-a3b4-460a-8434-ebd9767358ca@group-925D38F959D7-LeaderStateImpl
2022-12-02 11:12:32,678 [0f1be7e8-a3b4-460a-8434-ebd9767358ca@group-925D38F959D7-LeaderElection9] INFO  segmented.SegmentedRaftLogWorker (SegmentedRaftLogWorker.java:startLogSegment(452)) - 0f1be7e8-a3b4-460a-8434-ebd9767358ca@group-925D38F959D7-SegmentedRaftLogWorker: Starting segment from index:0
2022-12-02 11:12:32,680 [EventQueue-CommandQueueReportForCommandQueueReportHandler] WARN  events.EventQueue (EventQueue.java:fireEvent(216)) - No event handler registered for event TypedEvent{payloadType=DatanodeDetails, name='Datanode_Command_Queue_Updated'}
2022-12-02 11:12:32,680 [EventQueue-OpenPipelineForHealthyPipelineSafeModeRule] INFO  safemode.SCMSafeModeManager (HealthyPipelineSafeModeRule.java:process(137)) - SCM in safe mode. Healthy pipelines reported count is 0, required healthy pipeline reported count is 1
2022-12-02 11:12:32,692 [0f1be7e8-a3b4-460a-8434-ebd9767358ca@group-925D38F959D7-LeaderElection9] INFO  server.RaftServer$Division (ServerState.java:setRaftConf(430)) - 0f1be7e8-a3b4-460a-8434-ebd9767358ca@group-925D38F959D7: set configuration 0: peers:[0f1be7e8-a3b4-460a-8434-ebd9767358ca|rpc:10.1.0.7:37191|dataStream:|priority:1|startupRole:FOLLOWER]|listeners:[], old=null
2022-12-02 11:12:32,692 [0f1be7e8-a3b4-460a-8434-ebd9767358ca@group-B9E5E6AFD6D0-FollowerState] INFO  server.RaftServerConfigKeys (ConfUtils.java:logFallback(53)) - raft.server.rpc.first-election.timeout.min = 5s (fallback to raft.server.rpc.timeout.min)
2022-12-02 11:12:32,692 [0f1be7e8-a3b4-460a-8434-ebd9767358ca@group-B9E5E6AFD6D0-FollowerState] INFO  server.RaftServerConfigKeys (ConfUtils.java:logFallback(53)) - raft.server.rpc.first-election.timeout.max = 5200ms (fallback to raft.server.rpc.timeout.max)
2022-12-02 11:12:32,694 [0f1be7e8-a3b4-460a-8434-ebd9767358ca@group-925D38F959D7-SegmentedRaftLogWorker] INFO  segmented.SegmentedRaftLogWorker (SegmentedRaftLogWorker.java:execute(656)) - 0f1be7e8-a3b4-460a-8434-ebd9767358ca@group-925D38F959D7-SegmentedRaftLogWorker: created new log segment /home/runner/work/ozone/ozone/hadoop-ozone/integration-test/target/test-dir/MiniOzoneClusterImpl-89ec7bf9-65dc-45db-bd6d-bd896179de2e/datanode-3/data/ratis/5c3d6a31-d6fb-44e7-9718-925d38f959d7/current/log_inprogress_0
2022-12-02 11:12:32,731 [0f1be7e8-a3b4-460a-8434-ebd9767358ca@group-9BAB1271616B-FollowerState] INFO  impl.FollowerState (FollowerState.java:run(143)) - 0f1be7e8-a3b4-460a-8434-ebd9767358ca@group-9BAB1271616B-FollowerState: change to CANDIDATE, lastRpcElapsedTime:5017697585ns, electionTimeout:5017ms
2022-12-02 11:12:32,732 [0f1be7e8-a3b4-460a-8434-ebd9767358ca@group-9BAB1271616B-FollowerState] INFO  impl.RoleInfo (RoleInfo.java:shutdownFollowerState(110)) - 0f1be7e8-a3b4-460a-8434-ebd9767358ca: shutdown 0f1be7e8-a3b4-460a-8434-ebd9767358ca@group-9BAB1271616B-FollowerState
2022-12-02 11:12:32,732 [0f1be7e8-a3b4-460a-8434-ebd9767358ca@group-9BAB1271616B-FollowerState] INFO  server.RaftServer$Division (RaftServerImpl.java:setRole(321)) - 0f1be7e8-a3b4-460a-8434-ebd9767358ca@group-9BAB1271616B: changes role from  FOLLOWER to CANDIDATE at term 0 for changeToCandidate
2022-12-02 11:12:32,732 [0f1be7e8-a3b4-460a-8434-ebd9767358ca@group-9BAB1271616B-FollowerState] INFO  server.RaftServerConfigKeys (ConfUtils.java:logGet(46)) - raft.server.leaderelection.pre-vote = false (custom)
2022-12-02 11:12:32,732 [0f1be7e8-a3b4-460a-8434-ebd9767358ca@group-9BAB1271616B-FollowerState] INFO  impl.RoleInfo (RoleInfo.java:updateAndGet(139)) - 0f1be7e8-a3b4-460a-8434-ebd9767358ca: start 0f1be7e8-a3b4-460a-8434-ebd9767358ca@group-9BAB1271616B-LeaderElection10
2022-12-02 11:12:32,751 [0f1be7e8-a3b4-460a-8434-ebd9767358ca@group-9BAB1271616B-LeaderElection10] INFO  impl.LeaderElection (LeaderElection.java:askForVotes(312)) - 0f1be7e8-a3b4-460a-8434-ebd9767358ca@group-9BAB1271616B-LeaderElection10 ELECTION round 0: submit vote requests at term 1 for -1: peers:[e3d3c1c6-e4ea-41ff-8088-7f0be060b7c0|rpc:10.1.0.7:41167|priority:0|startupRole:FOLLOWER, b564bb99-cd76-4902-8e37-bc5f128935f0|rpc:10.1.0.7:39915|priority:1|startupRole:FOLLOWER, 0f1be7e8-a3b4-460a-8434-ebd9767358ca|rpc:10.1.0.7:37191|priority:0|startupRole:FOLLOWER]|listeners:[], old=null
2022-12-02 11:12:32,756 [0f1be7e8-a3b4-460a-8434-ebd9767358ca@group-9BAB1271616B-LeaderElection10] INFO  server.RaftServerConfigKeys (ConfUtils.java:logFallback(53)) - raft.server.rpc.first-election.timeout.min = 5s (fallback to raft.server.rpc.timeout.min)
2022-12-02 11:12:32,756 [0f1be7e8-a3b4-460a-8434-ebd9767358ca@group-9BAB1271616B-LeaderElection10] INFO  server.RaftServerConfigKeys (ConfUtils.java:logFallback(53)) - raft.server.rpc.first-election.timeout.max = 5200ms (fallback to raft.server.rpc.timeout.max)
2022-12-02 11:12:32,760 [grpc-default-executor-1] INFO  server.RaftServer$Division (RaftServerImpl.java:requestVote(1218)) - e3d3c1c6-e4ea-41ff-8088-7f0be060b7c0@group-9BAB1271616B: receive requestVote(ELECTION, 0f1be7e8-a3b4-460a-8434-ebd9767358ca, group-9BAB1271616B, 1, (t:0, i:0))
2022-12-02 11:12:32,760 [grpc-default-executor-1] INFO  impl.VoteContext (VoteContext.java:log(49)) - e3d3c1c6-e4ea-41ff-8088-7f0be060b7c0@group-9BAB1271616B-FOLLOWER: accept ELECTION from 0f1be7e8-a3b4-460a-8434-ebd9767358ca: our priority 0 <= candidate's priority 0
2022-12-02 11:12:32,760 [grpc-default-executor-1] INFO  server.RaftServer$Division (RaftServerImpl.java:setRole(321)) - e3d3c1c6-e4ea-41ff-8088-7f0be060b7c0@group-9BAB1271616B: changes role from  FOLLOWER to FOLLOWER at term 1 for candidate:0f1be7e8-a3b4-460a-8434-ebd9767358ca
2022-12-02 11:12:32,760 [grpc-default-executor-1] INFO  impl.RoleInfo (RoleInfo.java:shutdownFollowerState(110)) - e3d3c1c6-e4ea-41ff-8088-7f0be060b7c0: shutdown e3d3c1c6-e4ea-41ff-8088-7f0be060b7c0@group-9BAB1271616B-FollowerState
2022-12-02 11:12:32,761 [grpc-default-executor-1] INFO  impl.RoleInfo (RoleInfo.java:updateAndGet(139)) - e3d3c1c6-e4ea-41ff-8088-7f0be060b7c0: start e3d3c1c6-e4ea-41ff-8088-7f0be060b7c0@group-9BAB1271616B-FollowerState
2022-12-02 11:12:32,761 [e3d3c1c6-e4ea-41ff-8088-7f0be060b7c0@group-9BAB1271616B-FollowerState] INFO  impl.FollowerState (FollowerState.java:run(152)) - e3d3c1c6-e4ea-41ff-8088-7f0be060b7c0@group-9BAB1271616B-FollowerState was interrupted
2022-12-02 11:12:32,770 [e3d3c1c6-e4ea-41ff-8088-7f0be060b7c0@group-9BAB1271616B-FollowerState] INFO  server.RaftServerConfigKeys (ConfUtils.java:logFallback(53)) - raft.server.rpc.first-election.timeout.min = 5s (fallback to raft.server.rpc.timeout.min)
2022-12-02 11:12:32,771 [grpc-default-executor-1] INFO  server.RaftServer$Division (RaftServerImpl.java:requestVote(1251)) - e3d3c1c6-e4ea-41ff-8088-7f0be060b7c0@group-9BAB1271616B replies to ELECTION vote request: 0f1be7e8-a3b4-460a-8434-ebd9767358ca<-e3d3c1c6-e4ea-41ff-8088-7f0be060b7c0#0:OK-t1. Peer's state: e3d3c1c6-e4ea-41ff-8088-7f0be060b7c0@group-9BAB1271616B:t1, leader=null, voted=0f1be7e8-a3b4-460a-8434-ebd9767358ca, raftlog=Memoized:e3d3c1c6-e4ea-41ff-8088-7f0be060b7c0@group-9BAB1271616B-SegmentedRaftLog:OPENED:c-1, conf=-1: peers:[e3d3c1c6-e4ea-41ff-8088-7f0be060b7c0|rpc:10.1.0.7:41167|dataStream:|priority:0|startupRole:FOLLOWER, b564bb99-cd76-4902-8e37-bc5f128935f0|rpc:10.1.0.7:39915|dataStream:|priority:1|startupRole:FOLLOWER, 0f1be7e8-a3b4-460a-8434-ebd9767358ca|rpc:10.1.0.7:37191|dataStream:|priority:0|startupRole:FOLLOWER]|listeners:[], old=null
2022-12-02 11:12:32,771 [e3d3c1c6-e4ea-41ff-8088-7f0be060b7c0@group-9BAB1271616B-FollowerState] INFO  server.RaftServerConfigKeys (ConfUtils.java:logFallback(53)) - raft.server.rpc.first-election.timeout.max = 5200ms (fallback to raft.server.rpc.timeout.max)
2022-12-02 11:12:32,773 [grpc-default-executor-0] INFO  server.RaftServer$Division (RaftServerImpl.java:requestVote(1218)) - b564bb99-cd76-4902-8e37-bc5f128935f0@group-9BAB1271616B: receive requestVote(ELECTION, 0f1be7e8-a3b4-460a-8434-ebd9767358ca, group-9BAB1271616B, 1, (t:0, i:0))
2022-12-02 11:12:32,773 [grpc-default-executor-0] INFO  impl.VoteContext (VoteContext.java:log(49)) - b564bb99-cd76-4902-8e37-bc5f128935f0@group-9BAB1271616B-FOLLOWER: reject ELECTION from 0f1be7e8-a3b4-460a-8434-ebd9767358ca: our priority 1 > candidate's priority 0
2022-12-02 11:12:32,773 [grpc-default-executor-0] INFO  server.RaftServer$Division (RaftServerImpl.java:setRole(321)) - b564bb99-cd76-4902-8e37-bc5f128935f0@group-9BAB1271616B: changes role from  FOLLOWER to FOLLOWER at term 1 for candidate:0f1be7e8-a3b4-460a-8434-ebd9767358ca
2022-12-02 11:12:32,773 [grpc-default-executor-0] INFO  impl.RoleInfo (RoleInfo.java:shutdownFollowerState(110)) - b564bb99-cd76-4902-8e37-bc5f128935f0: shutdown b564bb99-cd76-4902-8e37-bc5f128935f0@group-9BAB1271616B-FollowerState
2022-12-02 11:12:32,773 [grpc-default-executor-0] INFO  impl.RoleInfo (RoleInfo.java:updateAndGet(139)) - b564bb99-cd76-4902-8e37-bc5f128935f0: start b564bb99-cd76-4902-8e37-bc5f128935f0@group-9BAB1271616B-FollowerState
2022-12-02 11:12:32,774 [b564bb99-cd76-4902-8e37-bc5f128935f0@group-9BAB1271616B-FollowerState] INFO  impl.FollowerState (FollowerState.java:run(152)) - b564bb99-cd76-4902-8e37-bc5f128935f0@group-9BAB1271616B-FollowerState was interrupted
2022-12-02 11:12:32,778 [grpc-default-executor-0] INFO  server.RaftServer$Division (RaftServerImpl.java:requestVote(1251)) - b564bb99-cd76-4902-8e37-bc5f128935f0@group-9BAB1271616B replies to ELECTION vote request: 0f1be7e8-a3b4-460a-8434-ebd9767358ca<-b564bb99-cd76-4902-8e37-bc5f128935f0#0:FAIL-t1. Peer's state: b564bb99-cd76-4902-8e37-bc5f128935f0@group-9BAB1271616B:t1, leader=null, voted=null, raftlog=Memoized:b564bb99-cd76-4902-8e37-bc5f128935f0@group-9BAB1271616B-SegmentedRaftLog:OPENED:c-1, conf=-1: peers:[e3d3c1c6-e4ea-41ff-8088-7f0be060b7c0|rpc:10.1.0.7:41167|dataStream:|priority:0|startupRole:FOLLOWER, b564bb99-cd76-4902-8e37-bc5f128935f0|rpc:10.1.0.7:39915|dataStream:|priority:1|startupRole:FOLLOWER, 0f1be7e8-a3b4-460a-8434-ebd9767358ca|rpc:10.1.0.7:37191|dataStream:|priority:0|startupRole:FOLLOWER]|listeners:[], old=null
2022-12-02 11:12:32,780 [0f1be7e8-a3b4-460a-8434-ebd9767358ca@group-9BAB1271616B-LeaderElection10] INFO  impl.LeaderElection (LeaderElection.java:logAndReturn(90)) - 0f1be7e8-a3b4-460a-8434-ebd9767358ca@group-9BAB1271616B-LeaderElection10: ELECTION REJECTED received 2 response(s) and 0 exception(s):
2022-12-02 11:12:32,780 [0f1be7e8-a3b4-460a-8434-ebd9767358ca@group-9BAB1271616B-LeaderElection10] INFO  impl.LeaderElection (LeaderElection.java:logAndReturn(94)) -   Response 0: 0f1be7e8-a3b4-460a-8434-ebd9767358ca<-e3d3c1c6-e4ea-41ff-8088-7f0be060b7c0#0:OK-t1
2022-12-02 11:12:32,780 [0f1be7e8-a3b4-460a-8434-ebd9767358ca@group-9BAB1271616B-LeaderElection10] INFO  impl.LeaderElection (LeaderElection.java:logAndReturn(94)) -   Response 1: 0f1be7e8-a3b4-460a-8434-ebd9767358ca<-b564bb99-cd76-4902-8e37-bc5f128935f0#0:FAIL-t1
2022-12-02 11:12:32,780 [0f1be7e8-a3b4-460a-8434-ebd9767358ca@group-9BAB1271616B-LeaderElection10] INFO  impl.LeaderElection (LeaderElection.java:askForVotes(314)) - 0f1be7e8-a3b4-460a-8434-ebd9767358ca@group-9BAB1271616B-LeaderElection10 ELECTION round 0: result REJECTED
2022-12-02 11:12:32,780 [0f1be7e8-a3b4-460a-8434-ebd9767358ca@group-9BAB1271616B-LeaderElection10] INFO  server.RaftServer$Division (RaftServerImpl.java:setRole(321)) - 0f1be7e8-a3b4-460a-8434-ebd9767358ca@group-9BAB1271616B: changes role from CANDIDATE to FOLLOWER at term 1 for REJECTED
2022-12-02 11:12:32,780 [0f1be7e8-a3b4-460a-8434-ebd9767358ca@group-9BAB1271616B-LeaderElection10] INFO  impl.RoleInfo (RoleInfo.java:shutdownLeaderElection(130)) - 0f1be7e8-a3b4-460a-8434-ebd9767358ca: shutdown 0f1be7e8-a3b4-460a-8434-ebd9767358ca@group-9BAB1271616B-LeaderElection10
2022-12-02 11:12:32,780 [0f1be7e8-a3b4-460a-8434-ebd9767358ca@group-9BAB1271616B-LeaderElection10] INFO  impl.RoleInfo (RoleInfo.java:updateAndGet(139)) - 0f1be7e8-a3b4-460a-8434-ebd9767358ca: start 0f1be7e8-a3b4-460a-8434-ebd9767358ca@group-9BAB1271616B-FollowerState
2022-12-02 11:12:32,781 [0f1be7e8-a3b4-460a-8434-ebd9767358ca@group-9BAB1271616B-FollowerState] INFO  server.RaftServerConfigKeys (ConfUtils.java:logFallback(53)) - raft.server.rpc.first-election.timeout.min = 5s (fallback to raft.server.rpc.timeout.min)
2022-12-02 11:12:32,781 [0f1be7e8-a3b4-460a-8434-ebd9767358ca@group-9BAB1271616B-FollowerState] INFO  server.RaftServerConfigKeys (ConfUtils.java:logFallback(53)) - raft.server.rpc.first-election.timeout.max = 5200ms (fallback to raft.server.rpc.timeout.max)
2022-12-02 11:12:32,782 [b564bb99-cd76-4902-8e37-bc5f128935f0@group-9BAB1271616B-FollowerState] INFO  server.RaftServerConfigKeys (ConfUtils.java:logFallback(53)) - raft.server.rpc.first-election.timeout.min = 5s (fallback to raft.server.rpc.timeout.min)
2022-12-02 11:12:32,786 [b564bb99-cd76-4902-8e37-bc5f128935f0@group-9BAB1271616B-FollowerState] INFO  server.RaftServerConfigKeys (ConfUtils.java:logFallback(53)) - raft.server.rpc.first-election.timeout.max = 5200ms (fallback to raft.server.rpc.timeout.max)
2022-12-02 11:12:32,873 [EventQueue-CommandQueueReportForCommandQueueReportHandler] WARN  events.EventQueue (EventQueue.java:fireEvent(216)) - No event handler registered for event TypedEvent{payloadType=DatanodeDetails, name='Datanode_Command_Queue_Updated'}
2022-12-02 11:12:33,589 [EventQueue-CommandQueueReportForCommandQueueReportHandler] WARN  events.EventQueue (EventQueue.java:fireEvent(216)) - No event handler registered for event TypedEvent{payloadType=DatanodeDetails, name='Datanode_Command_Queue_Updated'}
2022-12-02 11:12:33,610 [Listener at 127.0.0.1/39085] INFO  ozone.MiniOzoneClusterImpl (MiniOzoneClusterImpl.java:lambda$waitForClusterToBeReady$0(216)) - Nodes are ready. Got 6 of 6 DN Heartbeats.
2022-12-02 11:12:33,610 [Listener at 127.0.0.1/39085] INFO  ozone.MiniOzoneClusterImpl (MiniOzoneClusterImpl.java:lambda$waitForClusterToBeReady$0(219)) - Waiting for cluster to exit safe mode
2022-12-02 11:12:33,611 [Listener at 127.0.0.1/39085] INFO  ozone.MiniOzoneClusterImpl (MiniOzoneClusterImpl.java:lambda$waitForClusterToBeReady$0(221)) - SCM became leader
2022-12-02 11:12:33,683 [e3d3c1c6-e4ea-41ff-8088-7f0be060b7c0@group-EB97E70306BD-FollowerState] INFO  impl.FollowerState (FollowerState.java:run(143)) - e3d3c1c6-e4ea-41ff-8088-7f0be060b7c0@group-EB97E70306BD-FollowerState: change to CANDIDATE, lastRpcElapsedTime:5031253269ns, electionTimeout:5029ms
2022-12-02 11:12:33,683 [e3d3c1c6-e4ea-41ff-8088-7f0be060b7c0@group-EB97E70306BD-FollowerState] INFO  impl.RoleInfo (RoleInfo.java:shutdownFollowerState(110)) - e3d3c1c6-e4ea-41ff-8088-7f0be060b7c0: shutdown e3d3c1c6-e4ea-41ff-8088-7f0be060b7c0@group-EB97E70306BD-FollowerState
2022-12-02 11:12:33,683 [e3d3c1c6-e4ea-41ff-8088-7f0be060b7c0@group-EB97E70306BD-FollowerState] INFO  server.RaftServer$Division (RaftServerImpl.java:setRole(321)) - e3d3c1c6-e4ea-41ff-8088-7f0be060b7c0@group-EB97E70306BD: changes role from  FOLLOWER to CANDIDATE at term 0 for changeToCandidate
2022-12-02 11:12:33,683 [e3d3c1c6-e4ea-41ff-8088-7f0be060b7c0@group-EB97E70306BD-FollowerState] INFO  server.RaftServerConfigKeys (ConfUtils.java:logGet(46)) - raft.server.leaderelection.pre-vote = false (custom)
2022-12-02 11:12:33,683 [e3d3c1c6-e4ea-41ff-8088-7f0be060b7c0@group-EB97E70306BD-FollowerState] INFO  impl.RoleInfo (RoleInfo.java:updateAndGet(139)) - e3d3c1c6-e4ea-41ff-8088-7f0be060b7c0: start e3d3c1c6-e4ea-41ff-8088-7f0be060b7c0@group-EB97E70306BD-LeaderElection11
2022-12-02 11:12:33,688 [e3d3c1c6-e4ea-41ff-8088-7f0be060b7c0@group-EB97E70306BD-LeaderElection11] INFO  impl.LeaderElection (LeaderElection.java:askForVotes(312)) - e3d3c1c6-e4ea-41ff-8088-7f0be060b7c0@group-EB97E70306BD-LeaderElection11 ELECTION round 0: submit vote requests at term 1 for -1: peers:[e3d3c1c6-e4ea-41ff-8088-7f0be060b7c0|rpc:10.1.0.7:41167|priority:1|startupRole:FOLLOWER]|listeners:[], old=null
2022-12-02 11:12:33,691 [e3d3c1c6-e4ea-41ff-8088-7f0be060b7c0@group-EB97E70306BD-LeaderElection11] INFO  impl.LeaderElection (LeaderElection.java:askForVotes(314)) - e3d3c1c6-e4ea-41ff-8088-7f0be060b7c0@group-EB97E70306BD-LeaderElection11 ELECTION round 0: result PASSED (term=1)
2022-12-02 11:12:33,692 [e3d3c1c6-e4ea-41ff-8088-7f0be060b7c0@group-EB97E70306BD-LeaderElection11] INFO  impl.RoleInfo (RoleInfo.java:shutdownLeaderElection(130)) - e3d3c1c6-e4ea-41ff-8088-7f0be060b7c0: shutdown e3d3c1c6-e4ea-41ff-8088-7f0be060b7c0@group-EB97E70306BD-LeaderElection11
2022-12-02 11:12:33,692 [e3d3c1c6-e4ea-41ff-8088-7f0be060b7c0@group-EB97E70306BD-LeaderElection11] INFO  server.RaftServer$Division (RaftServerImpl.java:setRole(321)) - e3d3c1c6-e4ea-41ff-8088-7f0be060b7c0@group-EB97E70306BD: changes role from CANDIDATE to LEADER at term 1 for changeToLeader
2022-12-02 11:12:33,692 [e3d3c1c6-e4ea-41ff-8088-7f0be060b7c0@group-EB97E70306BD-LeaderElection11] INFO  ratis.XceiverServerRatis (XceiverServerRatis.java:handleLeaderChangedNotification(863)) - Leader change notification received for group: group-EB97E70306BD with new leaderId: e3d3c1c6-e4ea-41ff-8088-7f0be060b7c0
2022-12-02 11:12:33,692 [e3d3c1c6-e4ea-41ff-8088-7f0be060b7c0@group-EB97E70306BD-LeaderElection11] INFO  server.RaftServer$Division (ServerState.java:setLeader(313)) - e3d3c1c6-e4ea-41ff-8088-7f0be060b7c0@group-EB97E70306BD: change Leader from null to e3d3c1c6-e4ea-41ff-8088-7f0be060b7c0 at term 1 for becomeLeader, leader elected after 5090ms
2022-12-02 11:12:33,693 [e3d3c1c6-e4ea-41ff-8088-7f0be060b7c0@group-EB97E70306BD-LeaderElection11] INFO  server.RaftServerConfigKeys (ConfUtils.java:logGet(46)) - raft.server.staging.catchup.gap = 1000 (default)
2022-12-02 11:12:33,693 [e3d3c1c6-e4ea-41ff-8088-7f0be060b7c0@group-EB97E70306BD-LeaderElection11] INFO  server.RaftServerConfigKeys (ConfUtils.java:logGet(46)) - raft.server.write.element-limit = 1024 (custom)
2022-12-02 11:12:33,694 [e3d3c1c6-e4ea-41ff-8088-7f0be060b7c0@group-EB97E70306BD-LeaderElection11] INFO  server.RaftServerConfigKeys (ConfUtils.java:logGet(46)) - raft.server.write.byte-limit = 1024 M (=1073741824) (custom)
2022-12-02 11:12:33,694 [EventQueue-OpenPipelineForHealthyPipelineSafeModeRule] INFO  safemode.SCMSafeModeManager (HealthyPipelineSafeModeRule.java:process(137)) - SCM in safe mode. Healthy pipelines reported count is 0, required healthy pipeline reported count is 1
2022-12-02 11:12:33,694 [EventQueue-CommandQueueReportForCommandQueueReportHandler] WARN  events.EventQueue (EventQueue.java:fireEvent(216)) - No event handler registered for event TypedEvent{payloadType=DatanodeDetails, name='Datanode_Command_Queue_Updated'}
2022-12-02 11:12:33,695 [e3d3c1c6-e4ea-41ff-8088-7f0be060b7c0@group-EB97E70306BD-LeaderElection11] INFO  server.RaftServerConfigKeys (ConfUtils.java:logGet(46)) - raft.server.watch.timeout = 180s (custom)
2022-12-02 11:12:33,695 [e3d3c1c6-e4ea-41ff-8088-7f0be060b7c0@group-EB97E70306BD-LeaderElection11] INFO  server.RaftServerConfigKeys (ConfUtils.java:logGet(46)) - raft.server.watch.timeout.denomination = 1s (default)
2022-12-02 11:12:33,695 [e3d3c1c6-e4ea-41ff-8088-7f0be060b7c0@group-EB97E70306BD-LeaderElection11] INFO  server.RaftServerConfigKeys (ConfUtils.java:logGet(46)) - raft.server.watch.element-limit = 65536 (default)
2022-12-02 11:12:33,695 [e3d3c1c6-e4ea-41ff-8088-7f0be060b7c0@group-EB97E70306BD-LeaderElection11] INFO  server.RaftServerConfigKeys (ConfUtils.java:logGet(46)) - raft.server.write.element-limit = 1024 (custom)
2022-12-02 11:12:33,695 [e3d3c1c6-e4ea-41ff-8088-7f0be060b7c0@group-EB97E70306BD-LeaderElection11] INFO  server.RaftServerConfigKeys (ConfUtils.java:logGet(46)) - raft.server.write.follower.gap.ratio.max = -1.0 (default)
2022-12-02 11:12:33,696 [e3d3c1c6-e4ea-41ff-8088-7f0be060b7c0@group-EB97E70306BD-LeaderElection11] INFO  impl.RoleInfo (RoleInfo.java:updateAndGet(139)) - e3d3c1c6-e4ea-41ff-8088-7f0be060b7c0: start e3d3c1c6-e4ea-41ff-8088-7f0be060b7c0@group-EB97E70306BD-LeaderStateImpl
2022-12-02 11:12:33,696 [e3d3c1c6-e4ea-41ff-8088-7f0be060b7c0@group-EB97E70306BD-LeaderElection11] INFO  segmented.SegmentedRaftLogWorker (SegmentedRaftLogWorker.java:startLogSegment(452)) - e3d3c1c6-e4ea-41ff-8088-7f0be060b7c0@group-EB97E70306BD-SegmentedRaftLogWorker: Starting segment from index:0
2022-12-02 11:12:33,698 [e3d3c1c6-e4ea-41ff-8088-7f0be060b7c0@group-EB97E70306BD-LeaderElection11] INFO  server.RaftServer$Division (ServerState.java:setRaftConf(430)) - e3d3c1c6-e4ea-41ff-8088-7f0be060b7c0@group-EB97E70306BD: set configuration 0: peers:[e3d3c1c6-e4ea-41ff-8088-7f0be060b7c0|rpc:10.1.0.7:41167|dataStream:|priority:1|startupRole:FOLLOWER]|listeners:[], old=null
2022-12-02 11:12:33,699 [e3d3c1c6-e4ea-41ff-8088-7f0be060b7c0@group-EB97E70306BD-SegmentedRaftLogWorker] INFO  segmented.SegmentedRaftLogWorker (SegmentedRaftLogWorker.java:execute(656)) - e3d3c1c6-e4ea-41ff-8088-7f0be060b7c0@group-EB97E70306BD-SegmentedRaftLogWorker: created new log segment /home/runner/work/ozone/ozone/hadoop-ozone/integration-test/target/test-dir/MiniOzoneClusterImpl-89ec7bf9-65dc-45db-bd6d-bd896179de2e/datanode-5/data/ratis/92af3f6c-ead5-40e5-b54d-eb97e70306bd/current/log_inprogress_0
2022-12-02 11:12:33,760 [b564bb99-cd76-4902-8e37-bc5f128935f0@group-B70490D7C7CC-FollowerState] INFO  impl.FollowerState (FollowerState.java:run(143)) - b564bb99-cd76-4902-8e37-bc5f128935f0@group-B70490D7C7CC-FollowerState: change to CANDIDATE, lastRpcElapsedTime:5129831895ns, electionTimeout:5110ms
2022-12-02 11:12:33,761 [b564bb99-cd76-4902-8e37-bc5f128935f0@group-B70490D7C7CC-FollowerState] INFO  impl.RoleInfo (RoleInfo.java:shutdownFollowerState(110)) - b564bb99-cd76-4902-8e37-bc5f128935f0: shutdown b564bb99-cd76-4902-8e37-bc5f128935f0@group-B70490D7C7CC-FollowerState
2022-12-02 11:12:33,761 [b564bb99-cd76-4902-8e37-bc5f128935f0@group-B70490D7C7CC-FollowerState] INFO  server.RaftServer$Division (RaftServerImpl.java:setRole(321)) - b564bb99-cd76-4902-8e37-bc5f128935f0@group-B70490D7C7CC: changes role from  FOLLOWER to CANDIDATE at term 0 for changeToCandidate
2022-12-02 11:12:33,761 [b564bb99-cd76-4902-8e37-bc5f128935f0@group-B70490D7C7CC-FollowerState] INFO  server.RaftServerConfigKeys (ConfUtils.java:logGet(46)) - raft.server.leaderelection.pre-vote = false (custom)
2022-12-02 11:12:33,761 [b564bb99-cd76-4902-8e37-bc5f128935f0@group-B70490D7C7CC-FollowerState] INFO  impl.RoleInfo (RoleInfo.java:updateAndGet(139)) - b564bb99-cd76-4902-8e37-bc5f128935f0: start b564bb99-cd76-4902-8e37-bc5f128935f0@group-B70490D7C7CC-LeaderElection12
2022-12-02 11:12:33,766 [b564bb99-cd76-4902-8e37-bc5f128935f0@group-B70490D7C7CC-LeaderElection12] INFO  impl.LeaderElection (LeaderElection.java:askForVotes(312)) - b564bb99-cd76-4902-8e37-bc5f128935f0@group-B70490D7C7CC-LeaderElection12 ELECTION round 0: submit vote requests at term 1 for -1: peers:[b564bb99-cd76-4902-8e37-bc5f128935f0|rpc:10.1.0.7:39915|priority:1|startupRole:FOLLOWER]|listeners:[], old=null
2022-12-02 11:12:33,766 [b564bb99-cd76-4902-8e37-bc5f128935f0@group-B70490D7C7CC-LeaderElection12] INFO  impl.LeaderElection (LeaderElection.java:askForVotes(314)) - b564bb99-cd76-4902-8e37-bc5f128935f0@group-B70490D7C7CC-LeaderElection12 ELECTION round 0: result PASSED (term=1)
2022-12-02 11:12:33,766 [b564bb99-cd76-4902-8e37-bc5f128935f0@group-B70490D7C7CC-LeaderElection12] INFO  impl.RoleInfo (RoleInfo.java:shutdownLeaderElection(130)) - b564bb99-cd76-4902-8e37-bc5f128935f0: shutdown b564bb99-cd76-4902-8e37-bc5f128935f0@group-B70490D7C7CC-LeaderElection12
2022-12-02 11:12:33,766 [b564bb99-cd76-4902-8e37-bc5f128935f0@group-B70490D7C7CC-LeaderElection12] INFO  server.RaftServer$Division (RaftServerImpl.java:setRole(321)) - b564bb99-cd76-4902-8e37-bc5f128935f0@group-B70490D7C7CC: changes role from CANDIDATE to LEADER at term 1 for changeToLeader
2022-12-02 11:12:33,766 [b564bb99-cd76-4902-8e37-bc5f128935f0@group-B70490D7C7CC-LeaderElection12] INFO  ratis.XceiverServerRatis (XceiverServerRatis.java:handleLeaderChangedNotification(863)) - Leader change notification received for group: group-B70490D7C7CC with new leaderId: b564bb99-cd76-4902-8e37-bc5f128935f0
2022-12-02 11:12:33,766 [b564bb99-cd76-4902-8e37-bc5f128935f0@group-B70490D7C7CC-LeaderElection12] INFO  server.RaftServer$Division (ServerState.java:setLeader(313)) - b564bb99-cd76-4902-8e37-bc5f128935f0@group-B70490D7C7CC: change Leader from null to b564bb99-cd76-4902-8e37-bc5f128935f0 at term 1 for becomeLeader, leader elected after 5724ms
2022-12-02 11:12:33,766 [b564bb99-cd76-4902-8e37-bc5f128935f0@group-B70490D7C7CC-LeaderElection12] INFO  server.RaftServerConfigKeys (ConfUtils.java:logGet(46)) - raft.server.staging.catchup.gap = 1000 (default)
2022-12-02 11:12:33,768 [EventQueue-OpenPipelineForHealthyPipelineSafeModeRule] INFO  safemode.SCMSafeModeManager (HealthyPipelineSafeModeRule.java:process(137)) - SCM in safe mode. Healthy pipelines reported count is 0, required healthy pipeline reported count is 1
2022-12-02 11:12:33,768 [EventQueue-CommandQueueReportForCommandQueueReportHandler] WARN  events.EventQueue (EventQueue.java:fireEvent(216)) - No event handler registered for event TypedEvent{payloadType=DatanodeDetails, name='Datanode_Command_Queue_Updated'}
2022-12-02 11:12:33,770 [b564bb99-cd76-4902-8e37-bc5f128935f0@group-B70490D7C7CC-LeaderElection12] INFO  server.RaftServerConfigKeys (ConfUtils.java:logGet(46)) - raft.server.write.element-limit = 1024 (custom)
2022-12-02 11:12:33,770 [b564bb99-cd76-4902-8e37-bc5f128935f0@group-B70490D7C7CC-LeaderElection12] INFO  server.RaftServerConfigKeys (ConfUtils.java:logGet(46)) - raft.server.write.byte-limit = 1024 M (=1073741824) (custom)
2022-12-02 11:12:33,771 [b564bb99-cd76-4902-8e37-bc5f128935f0@group-B70490D7C7CC-LeaderElection12] INFO  server.RaftServerConfigKeys (ConfUtils.java:logGet(46)) - raft.server.watch.timeout = 180s (custom)
2022-12-02 11:12:33,771 [b564bb99-cd76-4902-8e37-bc5f128935f0@group-B70490D7C7CC-LeaderElection12] INFO  server.RaftServerConfigKeys (ConfUtils.java:logGet(46)) - raft.server.watch.timeout.denomination = 1s (default)
2022-12-02 11:12:33,771 [b564bb99-cd76-4902-8e37-bc5f128935f0@group-B70490D7C7CC-LeaderElection12] INFO  server.RaftServerConfigKeys (ConfUtils.java:logGet(46)) - raft.server.watch.element-limit = 65536 (default)
2022-12-02 11:12:33,771 [b564bb99-cd76-4902-8e37-bc5f128935f0@group-B70490D7C7CC-LeaderElection12] INFO  server.RaftServerConfigKeys (ConfUtils.java:logGet(46)) - raft.server.write.element-limit = 1024 (custom)
2022-12-02 11:12:33,771 [b564bb99-cd76-4902-8e37-bc5f128935f0@group-B70490D7C7CC-LeaderElection12] INFO  server.RaftServerConfigKeys (ConfUtils.java:logGet(46)) - raft.server.write.follower.gap.ratio.max = -1.0 (default)
2022-12-02 11:12:33,771 [b564bb99-cd76-4902-8e37-bc5f128935f0@group-B70490D7C7CC-LeaderElection12] INFO  impl.RoleInfo (RoleInfo.java:updateAndGet(139)) - b564bb99-cd76-4902-8e37-bc5f128935f0: start b564bb99-cd76-4902-8e37-bc5f128935f0@group-B70490D7C7CC-LeaderStateImpl
2022-12-02 11:12:33,771 [b564bb99-cd76-4902-8e37-bc5f128935f0@group-B70490D7C7CC-LeaderElection12] INFO  segmented.SegmentedRaftLogWorker (SegmentedRaftLogWorker.java:startLogSegment(452)) - b564bb99-cd76-4902-8e37-bc5f128935f0@group-B70490D7C7CC-SegmentedRaftLogWorker: Starting segment from index:0
2022-12-02 11:12:33,778 [b564bb99-cd76-4902-8e37-bc5f128935f0@group-B70490D7C7CC-LeaderElection12] INFO  server.RaftServer$Division (ServerState.java:setRaftConf(430)) - b564bb99-cd76-4902-8e37-bc5f128935f0@group-B70490D7C7CC: set configuration 0: peers:[b564bb99-cd76-4902-8e37-bc5f128935f0|rpc:10.1.0.7:39915|dataStream:|priority:1|startupRole:FOLLOWER]|listeners:[], old=null
2022-12-02 11:12:33,780 [b564bb99-cd76-4902-8e37-bc5f128935f0@group-B70490D7C7CC-SegmentedRaftLogWorker] INFO  segmented.SegmentedRaftLogWorker (SegmentedRaftLogWorker.java:execute(656)) - b564bb99-cd76-4902-8e37-bc5f128935f0@group-B70490D7C7CC-SegmentedRaftLogWorker: created new log segment /home/runner/work/ozone/ozone/hadoop-ozone/integration-test/target/test-dir/MiniOzoneClusterImpl-89ec7bf9-65dc-45db-bd6d-bd896179de2e/datanode-4/data/ratis/e25c7539-5c41-4f48-ad85-b70490d7c7cc/current/log_inprogress_0
2022-12-02 11:12:34,203 [EventQueue-CommandQueueReportForCommandQueueReportHandler] WARN  events.EventQueue (EventQueue.java:fireEvent(216)) - No event handler registered for event TypedEvent{payloadType=DatanodeDetails, name='Datanode_Command_Queue_Updated'}
2022-12-02 11:12:34,611 [Listener at 127.0.0.1/39085] INFO  ozone.MiniOzoneClusterImpl (MiniOzoneClusterImpl.java:lambda$waitForClusterToBeReady$0(216)) - Nodes are ready. Got 6 of 6 DN Heartbeats.
2022-12-02 11:12:34,611 [Listener at 127.0.0.1/39085] INFO  ozone.MiniOzoneClusterImpl (MiniOzoneClusterImpl.java:lambda$waitForClusterToBeReady$0(219)) - Waiting for cluster to exit safe mode
2022-12-02 11:12:34,611 [Listener at 127.0.0.1/39085] INFO  ozone.MiniOzoneClusterImpl (MiniOzoneClusterImpl.java:lambda$waitForClusterToBeReady$0(221)) - SCM became leader
2022-12-02 11:12:34,681 [EventQueue-CommandQueueReportForCommandQueueReportHandler] WARN  events.EventQueue (EventQueue.java:fireEvent(216)) - No event handler registered for event TypedEvent{payloadType=DatanodeDetails, name='Datanode_Command_Queue_Updated'}
2022-12-02 11:12:34,872 [EventQueue-CommandQueueReportForCommandQueueReportHandler] WARN  events.EventQueue (EventQueue.java:fireEvent(216)) - No event handler registered for event TypedEvent{payloadType=DatanodeDetails, name='Datanode_Command_Queue_Updated'}
2022-12-02 11:12:35,589 [EventQueue-CommandQueueReportForCommandQueueReportHandler] WARN  events.EventQueue (EventQueue.java:fireEvent(216)) - No event handler registered for event TypedEvent{payloadType=DatanodeDetails, name='Datanode_Command_Queue_Updated'}
2022-12-02 11:12:35,612 [Listener at 127.0.0.1/39085] INFO  ozone.MiniOzoneClusterImpl (MiniOzoneClusterImpl.java:lambda$waitForClusterToBeReady$0(216)) - Nodes are ready. Got 6 of 6 DN Heartbeats.
2022-12-02 11:12:35,612 [Listener at 127.0.0.1/39085] INFO  ozone.MiniOzoneClusterImpl (MiniOzoneClusterImpl.java:lambda$waitForClusterToBeReady$0(219)) - Waiting for cluster to exit safe mode
2022-12-02 11:12:35,612 [Listener at 127.0.0.1/39085] INFO  ozone.MiniOzoneClusterImpl (MiniOzoneClusterImpl.java:lambda$waitForClusterToBeReady$0(221)) - SCM became leader
2022-12-02 11:12:35,695 [EventQueue-CommandQueueReportForCommandQueueReportHandler] WARN  events.EventQueue (EventQueue.java:fireEvent(216)) - No event handler registered for event TypedEvent{payloadType=DatanodeDetails, name='Datanode_Command_Queue_Updated'}
2022-12-02 11:12:35,770 [EventQueue-CommandQueueReportForCommandQueueReportHandler] WARN  events.EventQueue (EventQueue.java:fireEvent(216)) - No event handler registered for event TypedEvent{payloadType=DatanodeDetails, name='Datanode_Command_Queue_Updated'}
2022-12-02 11:12:36,204 [EventQueue-CommandQueueReportForCommandQueueReportHandler] WARN  events.EventQueue (EventQueue.java:fireEvent(216)) - No event handler registered for event TypedEvent{payloadType=DatanodeDetails, name='Datanode_Command_Queue_Updated'}
2022-12-02 11:12:36,246 [64d479e5-fe0e-4358-9b9b-67f62582a254@group-9EF4914689B9-FollowerState] INFO  impl.FollowerState (FollowerState.java:run(143)) - 64d479e5-fe0e-4358-9b9b-67f62582a254@group-9EF4914689B9-FollowerState: change to CANDIDATE, lastRpcElapsedTime:5114601626ns, electionTimeout:5112ms
2022-12-02 11:12:36,246 [64d479e5-fe0e-4358-9b9b-67f62582a254@group-9EF4914689B9-FollowerState] INFO  impl.RoleInfo (RoleInfo.java:shutdownFollowerState(110)) - 64d479e5-fe0e-4358-9b9b-67f62582a254: shutdown 64d479e5-fe0e-4358-9b9b-67f62582a254@group-9EF4914689B9-FollowerState
2022-12-02 11:12:36,246 [64d479e5-fe0e-4358-9b9b-67f62582a254@group-9EF4914689B9-FollowerState] INFO  server.RaftServer$Division (RaftServerImpl.java:setRole(321)) - 64d479e5-fe0e-4358-9b9b-67f62582a254@group-9EF4914689B9: changes role from  FOLLOWER to CANDIDATE at term 1 for changeToCandidate
2022-12-02 11:12:36,247 [64d479e5-fe0e-4358-9b9b-67f62582a254@group-9EF4914689B9-FollowerState] INFO  server.RaftServerConfigKeys (ConfUtils.java:logGet(46)) - raft.server.leaderelection.pre-vote = false (custom)
2022-12-02 11:12:36,247 [64d479e5-fe0e-4358-9b9b-67f62582a254@group-9EF4914689B9-FollowerState] INFO  impl.RoleInfo (RoleInfo.java:updateAndGet(139)) - 64d479e5-fe0e-4358-9b9b-67f62582a254: start 64d479e5-fe0e-4358-9b9b-67f62582a254@group-9EF4914689B9-LeaderElection13
2022-12-02 11:12:36,252 [64d479e5-fe0e-4358-9b9b-67f62582a254@group-9EF4914689B9-LeaderElection13] INFO  impl.LeaderElection (LeaderElection.java:askForVotes(312)) - 64d479e5-fe0e-4358-9b9b-67f62582a254@group-9EF4914689B9-LeaderElection13 ELECTION round 0: submit vote requests at term 2 for -1: peers:[3706267d-b1e5-497c-b8ee-f9aaec0fcf2c|rpc:10.1.0.7:40063|priority:0|startupRole:FOLLOWER, 64d479e5-fe0e-4358-9b9b-67f62582a254|rpc:10.1.0.7:43823|priority:0|startupRole:FOLLOWER, 3e07bada-20ca-43dd-a36a-6fd4f7654e72|rpc:10.1.0.7:34107|priority:1|startupRole:FOLLOWER]|listeners:[], old=null
2022-12-02 11:12:36,254 [64d479e5-fe0e-4358-9b9b-67f62582a254@group-9EF4914689B9-LeaderElection13] INFO  server.RaftServerConfigKeys (ConfUtils.java:logFallback(53)) - raft.server.rpc.first-election.timeout.min = 5s (fallback to raft.server.rpc.timeout.min)
2022-12-02 11:12:36,254 [64d479e5-fe0e-4358-9b9b-67f62582a254@group-9EF4914689B9-LeaderElection13] INFO  server.RaftServerConfigKeys (ConfUtils.java:logFallback(53)) - raft.server.rpc.first-election.timeout.max = 5200ms (fallback to raft.server.rpc.timeout.max)
2022-12-02 11:12:36,259 [grpc-default-executor-0] INFO  server.RaftServer$Division (RaftServerImpl.java:requestVote(1218)) - 3706267d-b1e5-497c-b8ee-f9aaec0fcf2c@group-9EF4914689B9: receive requestVote(ELECTION, 64d479e5-fe0e-4358-9b9b-67f62582a254, group-9EF4914689B9, 2, (t:0, i:0))
2022-12-02 11:12:36,259 [grpc-default-executor-0] INFO  impl.VoteContext (VoteContext.java:log(49)) - 3706267d-b1e5-497c-b8ee-f9aaec0fcf2c@group-9EF4914689B9-FOLLOWER: accept ELECTION from 64d479e5-fe0e-4358-9b9b-67f62582a254: our priority 0 <= candidate's priority 0
2022-12-02 11:12:36,259 [grpc-default-executor-0] INFO  server.RaftServer$Division (RaftServerImpl.java:setRole(321)) - 3706267d-b1e5-497c-b8ee-f9aaec0fcf2c@group-9EF4914689B9: changes role from  FOLLOWER to FOLLOWER at term 2 for candidate:64d479e5-fe0e-4358-9b9b-67f62582a254
2022-12-02 11:12:36,260 [grpc-default-executor-0] INFO  impl.RoleInfo (RoleInfo.java:shutdownFollowerState(110)) - 3706267d-b1e5-497c-b8ee-f9aaec0fcf2c: shutdown 3706267d-b1e5-497c-b8ee-f9aaec0fcf2c@group-9EF4914689B9-FollowerState
2022-12-02 11:12:36,260 [grpc-default-executor-0] INFO  impl.RoleInfo (RoleInfo.java:updateAndGet(139)) - 3706267d-b1e5-497c-b8ee-f9aaec0fcf2c: start 3706267d-b1e5-497c-b8ee-f9aaec0fcf2c@group-9EF4914689B9-FollowerState
2022-12-02 11:12:36,260 [3706267d-b1e5-497c-b8ee-f9aaec0fcf2c@group-9EF4914689B9-FollowerState] INFO  impl.FollowerState (FollowerState.java:run(152)) - 3706267d-b1e5-497c-b8ee-f9aaec0fcf2c@group-9EF4914689B9-FollowerState was interrupted
2022-12-02 11:12:36,260 [grpc-default-executor-1] INFO  server.RaftServer$Division (RaftServerImpl.java:requestVote(1218)) - 3e07bada-20ca-43dd-a36a-6fd4f7654e72@group-9EF4914689B9: receive requestVote(ELECTION, 64d479e5-fe0e-4358-9b9b-67f62582a254, group-9EF4914689B9, 2, (t:0, i:0))
2022-12-02 11:12:36,260 [3706267d-b1e5-497c-b8ee-f9aaec0fcf2c@group-9EF4914689B9-FollowerState] INFO  server.RaftServerConfigKeys (ConfUtils.java:logFallback(53)) - raft.server.rpc.first-election.timeout.min = 5s (fallback to raft.server.rpc.timeout.min)
2022-12-02 11:12:36,262 [grpc-default-executor-0] INFO  server.RaftServer$Division (RaftServerImpl.java:requestVote(1251)) - 3706267d-b1e5-497c-b8ee-f9aaec0fcf2c@group-9EF4914689B9 replies to ELECTION vote request: 64d479e5-fe0e-4358-9b9b-67f62582a254<-3706267d-b1e5-497c-b8ee-f9aaec0fcf2c#0:OK-t2. Peer's state: 3706267d-b1e5-497c-b8ee-f9aaec0fcf2c@group-9EF4914689B9:t2, leader=null, voted=64d479e5-fe0e-4358-9b9b-67f62582a254, raftlog=Memoized:3706267d-b1e5-497c-b8ee-f9aaec0fcf2c@group-9EF4914689B9-SegmentedRaftLog:OPENED:c-1, conf=-1: peers:[3706267d-b1e5-497c-b8ee-f9aaec0fcf2c|rpc:10.1.0.7:40063|priority:0|startupRole:FOLLOWER, 64d479e5-fe0e-4358-9b9b-67f62582a254|rpc:10.1.0.7:43823|priority:0|startupRole:FOLLOWER, 3e07bada-20ca-43dd-a36a-6fd4f7654e72|rpc:10.1.0.7:34107|priority:1|startupRole:FOLLOWER]|listeners:[], old=null
2022-12-02 11:12:36,261 [grpc-default-executor-1] INFO  impl.VoteContext (VoteContext.java:log(49)) - 3e07bada-20ca-43dd-a36a-6fd4f7654e72@group-9EF4914689B9-FOLLOWER: reject ELECTION from 64d479e5-fe0e-4358-9b9b-67f62582a254: our priority 1 > candidate's priority 0
2022-12-02 11:12:36,262 [grpc-default-executor-1] INFO  server.RaftServer$Division (RaftServerImpl.java:setRole(321)) - 3e07bada-20ca-43dd-a36a-6fd4f7654e72@group-9EF4914689B9: changes role from  FOLLOWER to FOLLOWER at term 2 for candidate:64d479e5-fe0e-4358-9b9b-67f62582a254
2022-12-02 11:12:36,262 [grpc-default-executor-1] INFO  impl.RoleInfo (RoleInfo.java:shutdownFollowerState(110)) - 3e07bada-20ca-43dd-a36a-6fd4f7654e72: shutdown 3e07bada-20ca-43dd-a36a-6fd4f7654e72@group-9EF4914689B9-FollowerState
2022-12-02 11:12:36,263 [grpc-default-executor-1] INFO  impl.RoleInfo (RoleInfo.java:updateAndGet(139)) - 3e07bada-20ca-43dd-a36a-6fd4f7654e72: start 3e07bada-20ca-43dd-a36a-6fd4f7654e72@group-9EF4914689B9-FollowerState
2022-12-02 11:12:36,264 [3706267d-b1e5-497c-b8ee-f9aaec0fcf2c@group-9EF4914689B9-FollowerState] INFO  server.RaftServerConfigKeys (ConfUtils.java:logFallback(53)) - raft.server.rpc.first-election.timeout.max = 5200ms (fallback to raft.server.rpc.timeout.max)
2022-12-02 11:12:36,265 [3e07bada-20ca-43dd-a36a-6fd4f7654e72@group-9EF4914689B9-FollowerState] INFO  server.RaftServerConfigKeys (ConfUtils.java:logFallback(53)) - raft.server.rpc.first-election.timeout.min = 5s (fallback to raft.server.rpc.timeout.min)
2022-12-02 11:12:36,265 [3e07bada-20ca-43dd-a36a-6fd4f7654e72@group-9EF4914689B9-FollowerState] INFO  server.RaftServerConfigKeys (ConfUtils.java:logFallback(53)) - raft.server.rpc.first-election.timeout.max = 5200ms (fallback to raft.server.rpc.timeout.max)
2022-12-02 11:12:36,265 [grpc-default-executor-1] INFO  server.RaftServer$Division (RaftServerImpl.java:requestVote(1251)) - 3e07bada-20ca-43dd-a36a-6fd4f7654e72@group-9EF4914689B9 replies to ELECTION vote request: 64d479e5-fe0e-4358-9b9b-67f62582a254<-3e07bada-20ca-43dd-a36a-6fd4f7654e72#0:FAIL-t2. Peer's state: 3e07bada-20ca-43dd-a36a-6fd4f7654e72@group-9EF4914689B9:t2, leader=null, voted=null, raftlog=Memoized:3e07bada-20ca-43dd-a36a-6fd4f7654e72@group-9EF4914689B9-SegmentedRaftLog:OPENED:c-1, conf=-1: peers:[3706267d-b1e5-497c-b8ee-f9aaec0fcf2c|rpc:10.1.0.7:40063|dataStream:|priority:0|startupRole:FOLLOWER, 64d479e5-fe0e-4358-9b9b-67f62582a254|rpc:10.1.0.7:43823|dataStream:|priority:0|startupRole:FOLLOWER, 3e07bada-20ca-43dd-a36a-6fd4f7654e72|rpc:10.1.0.7:34107|dataStream:|priority:1|startupRole:FOLLOWER]|listeners:[], old=null
2022-12-02 11:12:36,265 [3e07bada-20ca-43dd-a36a-6fd4f7654e72@group-9EF4914689B9-FollowerState] INFO  impl.FollowerState (FollowerState.java:shouldRun(117)) - 3e07bada-20ca-43dd-a36a-6fd4f7654e72@group-9EF4914689B9-FollowerState: Stopping now (isRunning? false, role = FOLLOWER)
2022-12-02 11:12:36,267 [64d479e5-fe0e-4358-9b9b-67f62582a254@group-9EF4914689B9-LeaderElection13] INFO  impl.LeaderElection (LeaderElection.java:logAndReturn(90)) - 64d479e5-fe0e-4358-9b9b-67f62582a254@group-9EF4914689B9-LeaderElection13: ELECTION REJECTED received 2 response(s) and 0 exception(s):
2022-12-02 11:12:36,267 [64d479e5-fe0e-4358-9b9b-67f62582a254@group-9EF4914689B9-LeaderElection13] INFO  impl.LeaderElection (LeaderElection.java:logAndReturn(94)) -   Response 0: 64d479e5-fe0e-4358-9b9b-67f62582a254<-3706267d-b1e5-497c-b8ee-f9aaec0fcf2c#0:OK-t2
2022-12-02 11:12:36,267 [64d479e5-fe0e-4358-9b9b-67f62582a254@group-9EF4914689B9-LeaderElection13] INFO  impl.LeaderElection (LeaderElection.java:logAndReturn(94)) -   Response 1: 64d479e5-fe0e-4358-9b9b-67f62582a254<-3e07bada-20ca-43dd-a36a-6fd4f7654e72#0:FAIL-t2
2022-12-02 11:12:36,267 [64d479e5-fe0e-4358-9b9b-67f62582a254@group-9EF4914689B9-LeaderElection13] INFO  impl.LeaderElection (LeaderElection.java:askForVotes(314)) - 64d479e5-fe0e-4358-9b9b-67f62582a254@group-9EF4914689B9-LeaderElection13 ELECTION round 0: result REJECTED
2022-12-02 11:12:36,268 [64d479e5-fe0e-4358-9b9b-67f62582a254@group-9EF4914689B9-LeaderElection13] INFO  server.RaftServer$Division (RaftServerImpl.java:setRole(321)) - 64d479e5-fe0e-4358-9b9b-67f62582a254@group-9EF4914689B9: changes role from CANDIDATE to FOLLOWER at term 2 for REJECTED
2022-12-02 11:12:36,268 [64d479e5-fe0e-4358-9b9b-67f62582a254@group-9EF4914689B9-LeaderElection13] INFO  impl.RoleInfo (RoleInfo.java:shutdownLeaderElection(130)) - 64d479e5-fe0e-4358-9b9b-67f62582a254: shutdown 64d479e5-fe0e-4358-9b9b-67f62582a254@group-9EF4914689B9-LeaderElection13
2022-12-02 11:12:36,268 [64d479e5-fe0e-4358-9b9b-67f62582a254@group-9EF4914689B9-LeaderElection13] INFO  impl.RoleInfo (RoleInfo.java:updateAndGet(139)) - 64d479e5-fe0e-4358-9b9b-67f62582a254: start 64d479e5-fe0e-4358-9b9b-67f62582a254@group-9EF4914689B9-FollowerState
2022-12-02 11:12:36,272 [64d479e5-fe0e-4358-9b9b-67f62582a254@group-9EF4914689B9-FollowerState] INFO  server.RaftServerConfigKeys (ConfUtils.java:logFallback(53)) - raft.server.rpc.first-election.timeout.min = 5s (fallback to raft.server.rpc.timeout.min)
2022-12-02 11:12:36,272 [64d479e5-fe0e-4358-9b9b-67f62582a254@group-9EF4914689B9-FollowerState] INFO  server.RaftServerConfigKeys (ConfUtils.java:logFallback(53)) - raft.server.rpc.first-election.timeout.max = 5200ms (fallback to raft.server.rpc.timeout.max)
2022-12-02 11:12:36,612 [Listener at 127.0.0.1/39085] INFO  ozone.MiniOzoneClusterImpl (MiniOzoneClusterImpl.java:lambda$waitForClusterToBeReady$0(216)) - Nodes are ready. Got 6 of 6 DN Heartbeats.
2022-12-02 11:12:36,614 [Listener at 127.0.0.1/39085] INFO  ozone.MiniOzoneClusterImpl (MiniOzoneClusterImpl.java:lambda$waitForClusterToBeReady$0(219)) - Waiting for cluster to exit safe mode
2022-12-02 11:12:36,615 [Listener at 127.0.0.1/39085] INFO  ozone.MiniOzoneClusterImpl (MiniOzoneClusterImpl.java:lambda$waitForClusterToBeReady$0(221)) - SCM became leader
2022-12-02 11:12:36,680 [EventQueue-CommandQueueReportForCommandQueueReportHandler] WARN  events.EventQueue (EventQueue.java:fireEvent(216)) - No event handler registered for event TypedEvent{payloadType=DatanodeDetails, name='Datanode_Command_Queue_Updated'}
2022-12-02 11:12:36,873 [EventQueue-CommandQueueReportForCommandQueueReportHandler] WARN  events.EventQueue (EventQueue.java:fireEvent(216)) - No event handler registered for event TypedEvent{payloadType=DatanodeDetails, name='Datanode_Command_Queue_Updated'}
2022-12-02 11:12:37,298 [3706267d-b1e5-497c-b8ee-f9aaec0fcf2c@group-526A283F80C5-FollowerState] INFO  impl.FollowerState (FollowerState.java:run(143)) - 3706267d-b1e5-497c-b8ee-f9aaec0fcf2c@group-526A283F80C5-FollowerState: change to CANDIDATE, lastRpcElapsedTime:5009599490ns, electionTimeout:5000ms
2022-12-02 11:12:37,298 [3706267d-b1e5-497c-b8ee-f9aaec0fcf2c@group-526A283F80C5-FollowerState] INFO  impl.RoleInfo (RoleInfo.java:shutdownFollowerState(110)) - 3706267d-b1e5-497c-b8ee-f9aaec0fcf2c: shutdown 3706267d-b1e5-497c-b8ee-f9aaec0fcf2c@group-526A283F80C5-FollowerState
2022-12-02 11:12:37,299 [3706267d-b1e5-497c-b8ee-f9aaec0fcf2c@group-526A283F80C5-FollowerState] INFO  server.RaftServer$Division (RaftServerImpl.java:setRole(321)) - 3706267d-b1e5-497c-b8ee-f9aaec0fcf2c@group-526A283F80C5: changes role from  FOLLOWER to CANDIDATE at term 1 for changeToCandidate
2022-12-02 11:12:37,299 [3706267d-b1e5-497c-b8ee-f9aaec0fcf2c@group-526A283F80C5-FollowerState] INFO  server.RaftServerConfigKeys (ConfUtils.java:logGet(46)) - raft.server.leaderelection.pre-vote = false (custom)
2022-12-02 11:12:37,299 [3706267d-b1e5-497c-b8ee-f9aaec0fcf2c@group-526A283F80C5-FollowerState] INFO  impl.RoleInfo (RoleInfo.java:updateAndGet(139)) - 3706267d-b1e5-497c-b8ee-f9aaec0fcf2c: start 3706267d-b1e5-497c-b8ee-f9aaec0fcf2c@group-526A283F80C5-LeaderElection14
2022-12-02 11:12:37,306 [3706267d-b1e5-497c-b8ee-f9aaec0fcf2c@group-526A283F80C5-LeaderElection14] INFO  impl.LeaderElection (LeaderElection.java:askForVotes(312)) - 3706267d-b1e5-497c-b8ee-f9aaec0fcf2c@group-526A283F80C5-LeaderElection14 ELECTION round 0: submit vote requests at term 2 for -1: peers:[3706267d-b1e5-497c-b8ee-f9aaec0fcf2c|rpc:10.1.0.7:40063|priority:1|startupRole:FOLLOWER, 64d479e5-fe0e-4358-9b9b-67f62582a254|rpc:10.1.0.7:43823|priority:0|startupRole:FOLLOWER, 3e07bada-20ca-43dd-a36a-6fd4f7654e72|rpc:10.1.0.7:34107|priority:0|startupRole:FOLLOWER]|listeners:[], old=null
2022-12-02 11:12:37,306 [3706267d-b1e5-497c-b8ee-f9aaec0fcf2c@group-526A283F80C5-LeaderElection14] INFO  server.RaftServerConfigKeys (ConfUtils.java:logFallback(53)) - raft.server.rpc.first-election.timeout.min = 5s (fallback to raft.server.rpc.timeout.min)
2022-12-02 11:12:37,306 [3706267d-b1e5-497c-b8ee-f9aaec0fcf2c@group-526A283F80C5-LeaderElection14] INFO  server.RaftServerConfigKeys (ConfUtils.java:logFallback(53)) - raft.server.rpc.first-election.timeout.max = 5200ms (fallback to raft.server.rpc.timeout.max)
2022-12-02 11:12:37,315 [grpc-default-executor-1] INFO  server.RaftServer$Division (RaftServerImpl.java:requestVote(1218)) - 3e07bada-20ca-43dd-a36a-6fd4f7654e72@group-526A283F80C5: receive requestVote(ELECTION, 3706267d-b1e5-497c-b8ee-f9aaec0fcf2c, group-526A283F80C5, 2, (t:0, i:0))
2022-12-02 11:12:37,316 [grpc-default-executor-1] INFO  impl.VoteContext (VoteContext.java:log(49)) - 3e07bada-20ca-43dd-a36a-6fd4f7654e72@group-526A283F80C5-FOLLOWER: accept ELECTION from 3706267d-b1e5-497c-b8ee-f9aaec0fcf2c: our priority 0 <= candidate's priority 1
2022-12-02 11:12:37,316 [grpc-default-executor-1] INFO  server.RaftServer$Division (RaftServerImpl.java:setRole(321)) - 3e07bada-20ca-43dd-a36a-6fd4f7654e72@group-526A283F80C5: changes role from  FOLLOWER to FOLLOWER at term 2 for candidate:3706267d-b1e5-497c-b8ee-f9aaec0fcf2c
2022-12-02 11:12:37,316 [grpc-default-executor-1] INFO  impl.RoleInfo (RoleInfo.java:shutdownFollowerState(110)) - 3e07bada-20ca-43dd-a36a-6fd4f7654e72: shutdown 3e07bada-20ca-43dd-a36a-6fd4f7654e72@group-526A283F80C5-FollowerState
2022-12-02 11:12:37,316 [grpc-default-executor-1] INFO  impl.RoleInfo (RoleInfo.java:updateAndGet(139)) - 3e07bada-20ca-43dd-a36a-6fd4f7654e72: start 3e07bada-20ca-43dd-a36a-6fd4f7654e72@group-526A283F80C5-FollowerState
2022-12-02 11:12:37,316 [3e07bada-20ca-43dd-a36a-6fd4f7654e72@group-526A283F80C5-FollowerState] INFO  impl.FollowerState (FollowerState.java:run(152)) - 3e07bada-20ca-43dd-a36a-6fd4f7654e72@group-526A283F80C5-FollowerState was interrupted
2022-12-02 11:12:37,317 [3e07bada-20ca-43dd-a36a-6fd4f7654e72@group-526A283F80C5-FollowerState] INFO  server.RaftServerConfigKeys (ConfUtils.java:logFallback(53)) - raft.server.rpc.first-election.timeout.min = 5s (fallback to raft.server.rpc.timeout.min)
2022-12-02 11:12:37,317 [3e07bada-20ca-43dd-a36a-6fd4f7654e72@group-526A283F80C5-FollowerState] INFO  server.RaftServerConfigKeys (ConfUtils.java:logFallback(53)) - raft.server.rpc.first-election.timeout.max = 5200ms (fallback to raft.server.rpc.timeout.max)
2022-12-02 11:12:37,318 [grpc-default-executor-1] INFO  server.RaftServer$Division (RaftServerImpl.java:requestVote(1251)) - 3e07bada-20ca-43dd-a36a-6fd4f7654e72@group-526A283F80C5 replies to ELECTION vote request: 3706267d-b1e5-497c-b8ee-f9aaec0fcf2c<-3e07bada-20ca-43dd-a36a-6fd4f7654e72#0:OK-t2. Peer's state: 3e07bada-20ca-43dd-a36a-6fd4f7654e72@group-526A283F80C5:t2, leader=null, voted=3706267d-b1e5-497c-b8ee-f9aaec0fcf2c, raftlog=Memoized:3e07bada-20ca-43dd-a36a-6fd4f7654e72@group-526A283F80C5-SegmentedRaftLog:OPENED:c-1, conf=-1: peers:[3706267d-b1e5-497c-b8ee-f9aaec0fcf2c|rpc:10.1.0.7:40063|priority:1|startupRole:FOLLOWER, 64d479e5-fe0e-4358-9b9b-67f62582a254|rpc:10.1.0.7:43823|priority:0|startupRole:FOLLOWER, 3e07bada-20ca-43dd-a36a-6fd4f7654e72|rpc:10.1.0.7:34107|priority:0|startupRole:FOLLOWER]|listeners:[], old=null
2022-12-02 11:12:37,321 [grpc-default-executor-1] INFO  server.RaftServer$Division (RaftServerImpl.java:requestVote(1218)) - 64d479e5-fe0e-4358-9b9b-67f62582a254@group-526A283F80C5: receive requestVote(ELECTION, 3706267d-b1e5-497c-b8ee-f9aaec0fcf2c, group-526A283F80C5, 2, (t:0, i:0))
2022-12-02 11:12:37,321 [grpc-default-executor-1] INFO  impl.VoteContext (VoteContext.java:log(49)) - 64d479e5-fe0e-4358-9b9b-67f62582a254@group-526A283F80C5-FOLLOWER: accept ELECTION from 3706267d-b1e5-497c-b8ee-f9aaec0fcf2c: our priority 0 <= candidate's priority 1
2022-12-02 11:12:37,321 [grpc-default-executor-1] INFO  server.RaftServer$Division (RaftServerImpl.java:setRole(321)) - 64d479e5-fe0e-4358-9b9b-67f62582a254@group-526A283F80C5: changes role from  FOLLOWER to FOLLOWER at term 2 for candidate:3706267d-b1e5-497c-b8ee-f9aaec0fcf2c
2022-12-02 11:12:37,321 [grpc-default-executor-1] INFO  impl.RoleInfo (RoleInfo.java:shutdownFollowerState(110)) - 64d479e5-fe0e-4358-9b9b-67f62582a254: shutdown 64d479e5-fe0e-4358-9b9b-67f62582a254@group-526A283F80C5-FollowerState
2022-12-02 11:12:37,321 [grpc-default-executor-1] INFO  impl.RoleInfo (RoleInfo.java:updateAndGet(139)) - 64d479e5-fe0e-4358-9b9b-67f62582a254: start 64d479e5-fe0e-4358-9b9b-67f62582a254@group-526A283F80C5-FollowerState
2022-12-02 11:12:37,321 [3706267d-b1e5-497c-b8ee-f9aaec0fcf2c@group-526A283F80C5-LeaderElection14] INFO  impl.LeaderElection (LeaderElection.java:logAndReturn(90)) - 3706267d-b1e5-497c-b8ee-f9aaec0fcf2c@group-526A283F80C5-LeaderElection14: ELECTION PASSED received 1 response(s) and 0 exception(s):
2022-12-02 11:12:37,322 [3706267d-b1e5-497c-b8ee-f9aaec0fcf2c@group-526A283F80C5-LeaderElection14] INFO  impl.LeaderElection (LeaderElection.java:logAndReturn(94)) -   Response 0: 3706267d-b1e5-497c-b8ee-f9aaec0fcf2c<-3e07bada-20ca-43dd-a36a-6fd4f7654e72#0:OK-t2
2022-12-02 11:12:37,322 [3706267d-b1e5-497c-b8ee-f9aaec0fcf2c@group-526A283F80C5-LeaderElection14] INFO  impl.LeaderElection (LeaderElection.java:askForVotes(314)) - 3706267d-b1e5-497c-b8ee-f9aaec0fcf2c@group-526A283F80C5-LeaderElection14 ELECTION round 0: result PASSED
2022-12-02 11:12:37,322 [3706267d-b1e5-497c-b8ee-f9aaec0fcf2c@group-526A283F80C5-LeaderElection14] INFO  impl.RoleInfo (RoleInfo.java:shutdownLeaderElection(130)) - 3706267d-b1e5-497c-b8ee-f9aaec0fcf2c: shutdown 3706267d-b1e5-497c-b8ee-f9aaec0fcf2c@group-526A283F80C5-LeaderElection14
2022-12-02 11:12:37,322 [3706267d-b1e5-497c-b8ee-f9aaec0fcf2c@group-526A283F80C5-LeaderElection14] INFO  server.RaftServer$Division (RaftServerImpl.java:setRole(321)) - 3706267d-b1e5-497c-b8ee-f9aaec0fcf2c@group-526A283F80C5: changes role from CANDIDATE to LEADER at term 2 for changeToLeader
2022-12-02 11:12:37,322 [3706267d-b1e5-497c-b8ee-f9aaec0fcf2c@group-526A283F80C5-LeaderElection14] INFO  ratis.XceiverServerRatis (XceiverServerRatis.java:handleLeaderChangedNotification(863)) - Leader change notification received for group: group-526A283F80C5 with new leaderId: 3706267d-b1e5-497c-b8ee-f9aaec0fcf2c
2022-12-02 11:12:37,323 [3706267d-b1e5-497c-b8ee-f9aaec0fcf2c@group-526A283F80C5-LeaderElection14] INFO  server.RaftServer$Division (ServerState.java:setLeader(313)) - 3706267d-b1e5-497c-b8ee-f9aaec0fcf2c@group-526A283F80C5: change Leader from null to 3706267d-b1e5-497c-b8ee-f9aaec0fcf2c at term 2 for becomeLeader, leader elected after 10197ms
2022-12-02 11:12:37,323 [3706267d-b1e5-497c-b8ee-f9aaec0fcf2c@group-526A283F80C5-LeaderElection14] INFO  server.RaftServerConfigKeys (ConfUtils.java:logGet(46)) - raft.server.staging.catchup.gap = 1000 (default)
2022-12-02 11:12:37,323 [3706267d-b1e5-497c-b8ee-f9aaec0fcf2c@group-526A283F80C5-LeaderElection14] INFO  server.RaftServerConfigKeys (ConfUtils.java:logGet(46)) - raft.server.write.element-limit = 1024 (custom)
2022-12-02 11:12:37,323 [3706267d-b1e5-497c-b8ee-f9aaec0fcf2c@group-526A283F80C5-LeaderElection14] INFO  server.RaftServerConfigKeys (ConfUtils.java:logGet(46)) - raft.server.write.byte-limit = 1024 M (=1073741824) (custom)
2022-12-02 11:12:37,324 [3706267d-b1e5-497c-b8ee-f9aaec0fcf2c@group-526A283F80C5-LeaderElection14] INFO  server.RaftServerConfigKeys (ConfUtils.java:logGet(46)) - raft.server.watch.timeout = 180s (custom)
2022-12-02 11:12:37,324 [3706267d-b1e5-497c-b8ee-f9aaec0fcf2c@group-526A283F80C5-LeaderElection14] INFO  server.RaftServerConfigKeys (ConfUtils.java:logGet(46)) - raft.server.watch.timeout.denomination = 1s (default)
2022-12-02 11:12:37,324 [3706267d-b1e5-497c-b8ee-f9aaec0fcf2c@group-526A283F80C5-LeaderElection14] INFO  server.RaftServerConfigKeys (ConfUtils.java:logGet(46)) - raft.server.watch.element-limit = 65536 (default)
2022-12-02 11:12:37,324 [3706267d-b1e5-497c-b8ee-f9aaec0fcf2c@group-526A283F80C5-LeaderElection14] INFO  server.RaftServerConfigKeys (ConfUtils.java:logGet(46)) - raft.server.write.element-limit = 1024 (custom)
2022-12-02 11:12:37,324 [3706267d-b1e5-497c-b8ee-f9aaec0fcf2c@group-526A283F80C5-LeaderElection14] INFO  server.RaftServerConfigKeys (ConfUtils.java:logGet(46)) - raft.server.write.follower.gap.ratio.max = -1.0 (default)
2022-12-02 11:12:37,321 [64d479e5-fe0e-4358-9b9b-67f62582a254@group-526A283F80C5-FollowerState] INFO  impl.FollowerState (FollowerState.java:run(152)) - 64d479e5-fe0e-4358-9b9b-67f62582a254@group-526A283F80C5-FollowerState was interrupted
2022-12-02 11:12:37,327 [grpc-default-executor-1] INFO  server.RaftServer$Division (RaftServerImpl.java:requestVote(1251)) - 64d479e5-fe0e-4358-9b9b-67f62582a254@group-526A283F80C5 replies to ELECTION vote request: 3706267d-b1e5-497c-b8ee-f9aaec0fcf2c<-64d479e5-fe0e-4358-9b9b-67f62582a254#0:OK-t2. Peer's state: 64d479e5-fe0e-4358-9b9b-67f62582a254@group-526A283F80C5:t2, leader=null, voted=3706267d-b1e5-497c-b8ee-f9aaec0fcf2c, raftlog=Memoized:64d479e5-fe0e-4358-9b9b-67f62582a254@group-526A283F80C5-SegmentedRaftLog:OPENED:c-1, conf=-1: peers:[3706267d-b1e5-497c-b8ee-f9aaec0fcf2c|rpc:10.1.0.7:40063|dataStream:|priority:1|startupRole:FOLLOWER, 64d479e5-fe0e-4358-9b9b-67f62582a254|rpc:10.1.0.7:43823|dataStream:|priority:0|startupRole:FOLLOWER, 3e07bada-20ca-43dd-a36a-6fd4f7654e72|rpc:10.1.0.7:34107|dataStream:|priority:0|startupRole:FOLLOWER]|listeners:[], old=null
2022-12-02 11:12:37,329 [EventQueue-CommandQueueReportForCommandQueueReportHandler] WARN  events.EventQueue (EventQueue.java:fireEvent(216)) - No event handler registered for event TypedEvent{payloadType=DatanodeDetails, name='Datanode_Command_Queue_Updated'}
2022-12-02 11:12:37,329 [EventQueue-PipelineReportForPipelineReportHandler] INFO  pipeline.PipelineManagerImpl (PipelineManagerImpl.java:openPipeline(367)) - Pipeline Pipeline[ Id: 4fea4174-328a-4927-a02f-526a283f80c5, Nodes: 64d479e5-fe0e-4358-9b9b-67f62582a254{ip: 10.1.0.7, host: fv-az205-634.k2gd1z4tyxsu3cbgyjsjq30zwf.jx.internal.cloudapp.net, ports: [REPLICATION=40075, RATIS=43823, RATIS_ADMIN=43823, RATIS_SERVER=43823, STANDALONE=41557], networkLocation: /default-rack, certSerialId: null, persistedOpState: IN_SERVICE, persistedOpStateExpiryEpochSec: 0}3706267d-b1e5-497c-b8ee-f9aaec0fcf2c{ip: 10.1.0.7, host: fv-az205-634.k2gd1z4tyxsu3cbgyjsjq30zwf.jx.internal.cloudapp.net, ports: [REPLICATION=33611, RATIS=40063, RATIS_ADMIN=40063, RATIS_SERVER=40063, STANDALONE=37711], networkLocation: /default-rack, certSerialId: null, persistedOpState: IN_SERVICE, persistedOpStateExpiryEpochSec: 0}3e07bada-20ca-43dd-a36a-6fd4f7654e72{ip: 10.1.0.7, host: fv-az205-634.k2gd1z4tyxsu3cbgyjsjq30zwf.jx.internal.cloudapp.net, ports: [REPLICATION=34309, RATIS=34107, RATIS_ADMIN=34107, RATIS_SERVER=34107, STANDALONE=43141], networkLocation: /default-rack, certSerialId: null, persistedOpState: IN_SERVICE, persistedOpStateExpiryEpochSec: 0}, ReplicationConfig: RATIS/THREE, State:ALLOCATED, leaderId:3706267d-b1e5-497c-b8ee-f9aaec0fcf2c, CreationTimestamp2022-12-02T11:12:23.945Z[Etc/UTC]] moved to OPEN state
2022-12-02 11:12:37,330 [EventQueue-OpenPipelineForHealthyPipelineSafeModeRule] INFO  safemode.SCMSafeModeManager (HealthyPipelineSafeModeRule.java:process(137)) - SCM in safe mode. Healthy pipelines reported count is 0, required healthy pipeline reported count is 1
2022-12-02 11:12:37,330 [64d479e5-fe0e-4358-9b9b-67f62582a254@group-526A283F80C5-FollowerState] INFO  server.RaftServerConfigKeys (ConfUtils.java:logFallback(53)) - raft.server.rpc.first-election.timeout.min = 5s (fallback to raft.server.rpc.timeout.min)
2022-12-02 11:12:37,330 [64d479e5-fe0e-4358-9b9b-67f62582a254@group-526A283F80C5-FollowerState] INFO  server.RaftServerConfigKeys (ConfUtils.java:logFallback(53)) - raft.server.rpc.first-election.timeout.max = 5200ms (fallback to raft.server.rpc.timeout.max)
2022-12-02 11:12:37,330 [EventQueue-OpenPipelineForHealthyPipelineSafeModeRule] INFO  safemode.SCMSafeModeManager (HealthyPipelineSafeModeRule.java:process(137)) - SCM in safe mode. Healthy pipelines reported count is 1, required healthy pipeline reported count is 1
2022-12-02 11:12:37,331 [EventQueue-OpenPipelineForHealthyPipelineSafeModeRule] INFO  safemode.SCMSafeModeManager (SCMSafeModeManager.java:validateSafeModeExitRules(200)) - HealthyPipelineSafeModeRule rule is successfully validated
2022-12-02 11:12:37,331 [EventQueue-OpenPipelineForHealthyPipelineSafeModeRule] INFO  safemode.SCMSafeModeManager (SCMSafeModeManager.java:validateSafeModeExitRules(215)) - ScmSafeModeManager, all rules are successfully validated
2022-12-02 11:12:37,331 [EventQueue-OpenPipelineForHealthyPipelineSafeModeRule] INFO  safemode.SCMSafeModeManager (SCMSafeModeManager.java:exitSafeMode(244)) - SCM exiting safe mode.
2022-12-02 11:12:37,331 [EventQueue-OpenPipelineForHealthyPipelineSafeModeRule] INFO  ha.SCMContext (SCMContext.java:updateSafeModeStatus(228)) - Update SafeModeStatus from SafeModeStatus{safeModeStatus=true, preCheckPassed=true} to SafeModeStatus{safeModeStatus=false, preCheckPassed=true}.
2022-12-02 11:12:37,331 [EventQueue-OpenPipelineForHealthyPipelineSafeModeRule] INFO  pipeline.BackgroundPipelineCreator (BackgroundPipelineCreator.java:notifyStatusChanged(254)) - Service BackgroundPipelineCreator transitions to RUNNING.
2022-12-02 11:12:37,331 [EventQueue-OpenPipelineForHealthyPipelineSafeModeRule] INFO  BackgroundPipelineScrubber (BackgroundSCMService.java:notifyStatusChanged(82)) - Service BackgroundPipelineScrubber transitions to RUNNING.
2022-12-02 11:12:37,331 [EventQueue-OpenPipelineForHealthyPipelineSafeModeRule] INFO  ExpiredContainerReplicaOpScrubber (BackgroundSCMService.java:notifyStatusChanged(82)) - Service ExpiredContainerReplicaOpScrubber transitions to RUNNING.
2022-12-02 11:12:37,331 [EventQueue-OpenPipelineForHealthyPipelineSafeModeRule] INFO  replication.ReplicationManager (ReplicationManager.java:notifyStatusChanged(853)) - Service ReplicationManager transitions to RUNNING.
2022-12-02 11:12:37,342 [EventQueue-OpenPipelineForHealthyPipelineSafeModeRule] WARN  balancer.ContainerBalancer (ContainerBalancer.java:shouldRun(131)) - Could not find persisted configuration for ContainerBalancer when checking if ContainerBalancer should run. ContainerBalancer should not run now.
2022-12-02 11:12:37,343 [3706267d-b1e5-497c-b8ee-f9aaec0fcf2c@group-526A283F80C5-LeaderElection14] INFO  server.RaftServerConfigKeys (ConfUtils.java:logGet(46)) - raft.server.log.appender.snapshot.chunk.size.max = 16MB (=16777216) (default)
2022-12-02 11:12:37,344 [3706267d-b1e5-497c-b8ee-f9aaec0fcf2c@group-526A283F80C5-LeaderElection14] INFO  server.RaftServerConfigKeys (ConfUtils.java:logGet(46)) - raft.server.log.appender.buffer.byte-limit = 33554432 (custom)
2022-12-02 11:12:37,344 [3706267d-b1e5-497c-b8ee-f9aaec0fcf2c@group-526A283F80C5-LeaderElection14] INFO  server.RaftServerConfigKeys (ConfUtils.java:logGet(46)) - raft.server.log.appender.buffer.element-limit = 1 (custom)
2022-12-02 11:12:37,347 [3706267d-b1e5-497c-b8ee-f9aaec0fcf2c@group-526A283F80C5-LeaderElection14] INFO  grpc.GrpcConfigKeys (ConfUtils.java:logGet(46)) - raft.grpc.server.leader.outstanding.appends.max = 128 (default)
2022-12-02 11:12:37,347 [3706267d-b1e5-497c-b8ee-f9aaec0fcf2c@group-526A283F80C5-LeaderElection14] INFO  server.RaftServerConfigKeys (ConfUtils.java:logGet(46)) - raft.server.rpc.request.timeout = 60s (custom)
2022-12-02 11:12:37,348 [3706267d-b1e5-497c-b8ee-f9aaec0fcf2c@group-526A283F80C5-LeaderElection14] INFO  server.RaftServerConfigKeys (ConfUtils.java:logGet(46)) - raft.server.log.appender.install.snapshot.enabled = false (custom)
2022-12-02 11:12:37,348 [3706267d-b1e5-497c-b8ee-f9aaec0fcf2c@group-526A283F80C5-LeaderElection14] INFO  grpc.GrpcConfigKeys (ConfUtils.java:logGet(46)) - raft.grpc.server.heartbeat.channel = true (default)
2022-12-02 11:12:37,348 [3706267d-b1e5-497c-b8ee-f9aaec0fcf2c@group-526A283F80C5-LeaderElection14] INFO  server.RaftServerConfigKeys (ConfUtils.java:logGet(46)) - raft.server.log.appender.wait-time.min = 10ms (default)
2022-12-02 11:12:37,350 [3706267d-b1e5-497c-b8ee-f9aaec0fcf2c@group-526A283F80C5-LeaderElection14] INFO  server.RaftServerConfigKeys (ConfUtils.java:logGet(46)) - raft.server.log.appender.snapshot.chunk.size.max = 16MB (=16777216) (default)
2022-12-02 11:12:37,350 [3706267d-b1e5-497c-b8ee-f9aaec0fcf2c@group-526A283F80C5-LeaderElection14] INFO  server.RaftServerConfigKeys (ConfUtils.java:logGet(46)) - raft.server.log.appender.buffer.byte-limit = 33554432 (custom)
2022-12-02 11:12:37,350 [3706267d-b1e5-497c-b8ee-f9aaec0fcf2c@group-526A283F80C5-LeaderElection14] INFO  server.RaftServerConfigKeys (ConfUtils.java:logGet(46)) - raft.server.log.appender.buffer.element-limit = 1 (custom)
2022-12-02 11:12:37,350 [3706267d-b1e5-497c-b8ee-f9aaec0fcf2c@group-526A283F80C5-LeaderElection14] INFO  grpc.GrpcConfigKeys (ConfUtils.java:logGet(46)) - raft.grpc.server.leader.outstanding.appends.max = 128 (default)
2022-12-02 11:12:37,350 [3706267d-b1e5-497c-b8ee-f9aaec0fcf2c@group-526A283F80C5-LeaderElection14] INFO  server.RaftServerConfigKeys (ConfUtils.java:logGet(46)) - raft.server.rpc.request.timeout = 60s (custom)
2022-12-02 11:12:37,350 [3706267d-b1e5-497c-b8ee-f9aaec0fcf2c@group-526A283F80C5-LeaderElection14] INFO  server.RaftServerConfigKeys (ConfUtils.java:logGet(46)) - raft.server.log.appender.install.snapshot.enabled = false (custom)
2022-12-02 11:12:37,351 [3706267d-b1e5-497c-b8ee-f9aaec0fcf2c@group-526A283F80C5-LeaderElection14] INFO  grpc.GrpcConfigKeys (ConfUtils.java:logGet(46)) - raft.grpc.server.heartbeat.channel = true (default)
2022-12-02 11:12:37,351 [3706267d-b1e5-497c-b8ee-f9aaec0fcf2c@group-526A283F80C5-LeaderElection14] INFO  server.RaftServerConfigKeys (ConfUtils.java:logGet(46)) - raft.server.log.appender.wait-time.min = 10ms (default)
2022-12-02 11:12:37,352 [3706267d-b1e5-497c-b8ee-f9aaec0fcf2c@group-526A283F80C5-LeaderElection14] INFO  impl.RoleInfo (RoleInfo.java:updateAndGet(139)) - 3706267d-b1e5-497c-b8ee-f9aaec0fcf2c: start 3706267d-b1e5-497c-b8ee-f9aaec0fcf2c@group-526A283F80C5-LeaderStateImpl
2022-12-02 11:12:37,352 [3706267d-b1e5-497c-b8ee-f9aaec0fcf2c@group-526A283F80C5-LeaderElection14] INFO  segmented.SegmentedRaftLogWorker (SegmentedRaftLogWorker.java:startLogSegment(452)) - 3706267d-b1e5-497c-b8ee-f9aaec0fcf2c@group-526A283F80C5-SegmentedRaftLogWorker: Starting segment from index:0
2022-12-02 11:12:37,353 [3706267d-b1e5-497c-b8ee-f9aaec0fcf2c@group-526A283F80C5-SegmentedRaftLogWorker] INFO  segmented.SegmentedRaftLogWorker (SegmentedRaftLogWorker.java:execute(656)) - 3706267d-b1e5-497c-b8ee-f9aaec0fcf2c@group-526A283F80C5-SegmentedRaftLogWorker: created new log segment /home/runner/work/ozone/ozone/hadoop-ozone/integration-test/target/test-dir/MiniOzoneClusterImpl-89ec7bf9-65dc-45db-bd6d-bd896179de2e/datanode-1/data/ratis/4fea4174-328a-4927-a02f-526a283f80c5/current/log_inprogress_0
2022-12-02 11:12:37,361 [3706267d-b1e5-497c-b8ee-f9aaec0fcf2c@group-526A283F80C5-LeaderElection14] INFO  server.RaftServer$Division (ServerState.java:setRaftConf(430)) - 3706267d-b1e5-497c-b8ee-f9aaec0fcf2c@group-526A283F80C5: set configuration 0: peers:[3706267d-b1e5-497c-b8ee-f9aaec0fcf2c|rpc:10.1.0.7:40063|dataStream:|priority:1|startupRole:FOLLOWER, 64d479e5-fe0e-4358-9b9b-67f62582a254|rpc:10.1.0.7:43823|dataStream:|priority:0|startupRole:FOLLOWER, 3e07bada-20ca-43dd-a36a-6fd4f7654e72|rpc:10.1.0.7:34107|dataStream:|priority:0|startupRole:FOLLOWER]|listeners:[], old=null
2022-12-02 11:12:37,405 [64d479e5-fe0e-4358-9b9b-67f62582a254-server-thread2] INFO  ratis.XceiverServerRatis (XceiverServerRatis.java:handleLeaderChangedNotification(863)) - Leader change notification received for group: group-526A283F80C5 with new leaderId: 3706267d-b1e5-497c-b8ee-f9aaec0fcf2c
2022-12-02 11:12:37,405 [64d479e5-fe0e-4358-9b9b-67f62582a254-server-thread2] INFO  server.RaftServer$Division (ServerState.java:setLeader(313)) - 64d479e5-fe0e-4358-9b9b-67f62582a254@group-526A283F80C5: change Leader from null to 3706267d-b1e5-497c-b8ee-f9aaec0fcf2c at term 2 for appendEntries, leader elected after 10193ms
2022-12-02 11:12:37,408 [64d479e5-fe0e-4358-9b9b-67f62582a254-server-thread2] INFO  server.RaftServer$Division (ServerState.java:setRaftConf(430)) - 64d479e5-fe0e-4358-9b9b-67f62582a254@group-526A283F80C5: set configuration 0: peers:[3706267d-b1e5-497c-b8ee-f9aaec0fcf2c|rpc:10.1.0.7:40063|dataStream:|priority:1|startupRole:FOLLOWER, 64d479e5-fe0e-4358-9b9b-67f62582a254|rpc:10.1.0.7:43823|dataStream:|priority:0|startupRole:FOLLOWER, 3e07bada-20ca-43dd-a36a-6fd4f7654e72|rpc:10.1.0.7:34107|dataStream:|priority:0|startupRole:FOLLOWER]|listeners:[], old=null
2022-12-02 11:12:37,409 [64d479e5-fe0e-4358-9b9b-67f62582a254-server-thread2] INFO  segmented.SegmentedRaftLogWorker (SegmentedRaftLogWorker.java:startLogSegment(452)) - 64d479e5-fe0e-4358-9b9b-67f62582a254@group-526A283F80C5-SegmentedRaftLogWorker: Starting segment from index:0
2022-12-02 11:12:37,409 [3e07bada-20ca-43dd-a36a-6fd4f7654e72-server-thread2] INFO  ratis.XceiverServerRatis (XceiverServerRatis.java:handleLeaderChangedNotification(863)) - Leader change notification received for group: group-526A283F80C5 with new leaderId: 3706267d-b1e5-497c-b8ee-f9aaec0fcf2c
2022-12-02 11:12:37,409 [3e07bada-20ca-43dd-a36a-6fd4f7654e72-server-thread2] INFO  server.RaftServer$Division (ServerState.java:setLeader(313)) - 3e07bada-20ca-43dd-a36a-6fd4f7654e72@group-526A283F80C5: change Leader from null to 3706267d-b1e5-497c-b8ee-f9aaec0fcf2c at term 2 for appendEntries, leader elected after 10341ms
2022-12-02 11:12:37,417 [64d479e5-fe0e-4358-9b9b-67f62582a254@group-526A283F80C5-SegmentedRaftLogWorker] INFO  segmented.SegmentedRaftLogWorker (SegmentedRaftLogWorker.java:execute(656)) - 64d479e5-fe0e-4358-9b9b-67f62582a254@group-526A283F80C5-SegmentedRaftLogWorker: created new log segment /home/runner/work/ozone/ozone/hadoop-ozone/integration-test/target/test-dir/MiniOzoneClusterImpl-89ec7bf9-65dc-45db-bd6d-bd896179de2e/datanode-0/data/ratis/4fea4174-328a-4927-a02f-526a283f80c5/current/log_inprogress_0
2022-12-02 11:12:37,432 [3e07bada-20ca-43dd-a36a-6fd4f7654e72-server-thread1] INFO  server.RaftServer$Division (ServerState.java:setRaftConf(430)) - 3e07bada-20ca-43dd-a36a-6fd4f7654e72@group-526A283F80C5: set configuration 0: peers:[3706267d-b1e5-497c-b8ee-f9aaec0fcf2c|rpc:10.1.0.7:40063|dataStream:|priority:1|startupRole:FOLLOWER, 64d479e5-fe0e-4358-9b9b-67f62582a254|rpc:10.1.0.7:43823|dataStream:|priority:0|startupRole:FOLLOWER, 3e07bada-20ca-43dd-a36a-6fd4f7654e72|rpc:10.1.0.7:34107|dataStream:|priority:0|startupRole:FOLLOWER]|listeners:[], old=null
2022-12-02 11:12:37,432 [3e07bada-20ca-43dd-a36a-6fd4f7654e72-server-thread1] INFO  segmented.SegmentedRaftLogWorker (SegmentedRaftLogWorker.java:startLogSegment(452)) - 3e07bada-20ca-43dd-a36a-6fd4f7654e72@group-526A283F80C5-SegmentedRaftLogWorker: Starting segment from index:0
2022-12-02 11:12:37,435 [3e07bada-20ca-43dd-a36a-6fd4f7654e72@group-526A283F80C5-SegmentedRaftLogWorker] INFO  segmented.SegmentedRaftLogWorker (SegmentedRaftLogWorker.java:execute(656)) - 3e07bada-20ca-43dd-a36a-6fd4f7654e72@group-526A283F80C5-SegmentedRaftLogWorker: created new log segment /home/runner/work/ozone/ozone/hadoop-ozone/integration-test/target/test-dir/MiniOzoneClusterImpl-89ec7bf9-65dc-45db-bd6d-bd896179de2e/datanode-2/data/ratis/4fea4174-328a-4927-a02f-526a283f80c5/current/log_inprogress_0
2022-12-02 11:12:37,615 [Listener at 127.0.0.1/39085] INFO  ozone.MiniOzoneClusterImpl (MiniOzoneClusterImpl.java:lambda$waitForClusterToBeReady$0(216)) - Nodes are ready. Got 6 of 6 DN Heartbeats.
2022-12-02 11:12:37,615 [Listener at 127.0.0.1/39085] INFO  ozone.MiniOzoneClusterImpl (MiniOzoneClusterImpl.java:lambda$waitForClusterToBeReady$0(219)) - Cluster exits safe mode
2022-12-02 11:12:37,615 [Listener at 127.0.0.1/39085] INFO  ozone.MiniOzoneClusterImpl (MiniOzoneClusterImpl.java:lambda$waitForClusterToBeReady$0(221)) - SCM became leader
2022-12-02 11:12:37,696 [EventQueue-CommandQueueReportForCommandQueueReportHandler] WARN  events.EventQueue (EventQueue.java:fireEvent(216)) - No event handler registered for event TypedEvent{payloadType=DatanodeDetails, name='Datanode_Command_Queue_Updated'}
2022-12-02 11:12:37,768 [EventQueue-CommandQueueReportForCommandQueueReportHandler] WARN  events.EventQueue (EventQueue.java:fireEvent(216)) - No event handler registered for event TypedEvent{payloadType=DatanodeDetails, name='Datanode_Command_Queue_Updated'}
2022-12-02 11:12:37,780 [b564bb99-cd76-4902-8e37-bc5f128935f0@group-B9E5E6AFD6D0-FollowerState] INFO  server.RaftServerConfigKeys (ConfUtils.java:logFallback(53)) - raft.server.rpc.first-election.timeout.min = 5s (fallback to raft.server.rpc.timeout.min)
2022-12-02 11:12:37,780 [b564bb99-cd76-4902-8e37-bc5f128935f0@group-B9E5E6AFD6D0-FollowerState] INFO  server.RaftServerConfigKeys (ConfUtils.java:logFallback(53)) - raft.server.rpc.first-election.timeout.max = 5200ms (fallback to raft.server.rpc.timeout.max)
2022-12-02 11:12:37,814 [e3d3c1c6-e4ea-41ff-8088-7f0be060b7c0@group-B9E5E6AFD6D0-FollowerState] INFO  impl.FollowerState (FollowerState.java:run(143)) - e3d3c1c6-e4ea-41ff-8088-7f0be060b7c0@group-B9E5E6AFD6D0-FollowerState: change to CANDIDATE, lastRpcElapsedTime:5151110225ns, electionTimeout:5144ms
2022-12-02 11:12:37,814 [e3d3c1c6-e4ea-41ff-8088-7f0be060b7c0@group-B9E5E6AFD6D0-FollowerState] INFO  impl.RoleInfo (RoleInfo.java:shutdownFollowerState(110)) - e3d3c1c6-e4ea-41ff-8088-7f0be060b7c0: shutdown e3d3c1c6-e4ea-41ff-8088-7f0be060b7c0@group-B9E5E6AFD6D0-FollowerState
2022-12-02 11:12:37,814 [e3d3c1c6-e4ea-41ff-8088-7f0be060b7c0@group-B9E5E6AFD6D0-FollowerState] INFO  server.RaftServer$Division (RaftServerImpl.java:setRole(321)) - e3d3c1c6-e4ea-41ff-8088-7f0be060b7c0@group-B9E5E6AFD6D0: changes role from  FOLLOWER to CANDIDATE at term 1 for changeToCandidate
2022-12-02 11:12:37,814 [e3d3c1c6-e4ea-41ff-8088-7f0be060b7c0@group-B9E5E6AFD6D0-FollowerState] INFO  server.RaftServerConfigKeys (ConfUtils.java:logGet(46)) - raft.server.leaderelection.pre-vote = false (custom)
2022-12-02 11:12:37,814 [e3d3c1c6-e4ea-41ff-8088-7f0be060b7c0@group-B9E5E6AFD6D0-FollowerState] INFO  impl.RoleInfo (RoleInfo.java:updateAndGet(139)) - e3d3c1c6-e4ea-41ff-8088-7f0be060b7c0: start e3d3c1c6-e4ea-41ff-8088-7f0be060b7c0@group-B9E5E6AFD6D0-LeaderElection15
2022-12-02 11:12:37,815 [b564bb99-cd76-4902-8e37-bc5f128935f0@group-9BAB1271616B-FollowerState] INFO  impl.FollowerState (FollowerState.java:run(143)) - b564bb99-cd76-4902-8e37-bc5f128935f0@group-9BAB1271616B-FollowerState: change to CANDIDATE, lastRpcElapsedTime:5041903868ns, electionTimeout:5028ms
2022-12-02 11:12:37,815 [b564bb99-cd76-4902-8e37-bc5f128935f0@group-9BAB1271616B-FollowerState] INFO  impl.RoleInfo (RoleInfo.java:shutdownFollowerState(110)) - b564bb99-cd76-4902-8e37-bc5f128935f0: shutdown b564bb99-cd76-4902-8e37-bc5f128935f0@group-9BAB1271616B-FollowerState
2022-12-02 11:12:37,815 [b564bb99-cd76-4902-8e37-bc5f128935f0@group-9BAB1271616B-FollowerState] INFO  server.RaftServer$Division (RaftServerImpl.java:setRole(321)) - b564bb99-cd76-4902-8e37-bc5f128935f0@group-9BAB1271616B: changes role from  FOLLOWER to CANDIDATE at term 1 for changeToCandidate
2022-12-02 11:12:37,816 [b564bb99-cd76-4902-8e37-bc5f128935f0@group-9BAB1271616B-FollowerState] INFO  server.RaftServerConfigKeys (ConfUtils.java:logGet(46)) - raft.server.leaderelection.pre-vote = false (custom)
2022-12-02 11:12:37,816 [b564bb99-cd76-4902-8e37-bc5f128935f0@group-9BAB1271616B-FollowerState] INFO  impl.RoleInfo (RoleInfo.java:updateAndGet(139)) - b564bb99-cd76-4902-8e37-bc5f128935f0: start b564bb99-cd76-4902-8e37-bc5f128935f0@group-9BAB1271616B-LeaderElection16
2022-12-02 11:12:37,819 [b564bb99-cd76-4902-8e37-bc5f128935f0@group-9BAB1271616B-LeaderElection16] INFO  impl.LeaderElection (LeaderElection.java:askForVotes(312)) - b564bb99-cd76-4902-8e37-bc5f128935f0@group-9BAB1271616B-LeaderElection16 ELECTION round 0: submit vote requests at term 2 for -1: peers:[e3d3c1c6-e4ea-41ff-8088-7f0be060b7c0|rpc:10.1.0.7:41167|dataStream:|priority:0|startupRole:FOLLOWER, b564bb99-cd76-4902-8e37-bc5f128935f0|rpc:10.1.0.7:39915|dataStream:|priority:1|startupRole:FOLLOWER, 0f1be7e8-a3b4-460a-8434-ebd9767358ca|rpc:10.1.0.7:37191|dataStream:|priority:0|startupRole:FOLLOWER]|listeners:[], old=null
2022-12-02 11:12:37,819 [e3d3c1c6-e4ea-41ff-8088-7f0be060b7c0@group-B9E5E6AFD6D0-LeaderElection15] INFO  impl.LeaderElection (LeaderElection.java:askForVotes(312)) - e3d3c1c6-e4ea-41ff-8088-7f0be060b7c0@group-B9E5E6AFD6D0-LeaderElection15 ELECTION round 0: submit vote requests at term 2 for -1: peers:[e3d3c1c6-e4ea-41ff-8088-7f0be060b7c0|rpc:10.1.0.7:41167|dataStream:|priority:1|startupRole:FOLLOWER, b564bb99-cd76-4902-8e37-bc5f128935f0|rpc:10.1.0.7:39915|dataStream:|priority:0|startupRole:FOLLOWER, 0f1be7e8-a3b4-460a-8434-ebd9767358ca|rpc:10.1.0.7:37191|dataStream:|priority:0|startupRole:FOLLOWER]|listeners:[], old=null
2022-12-02 11:12:37,819 [b564bb99-cd76-4902-8e37-bc5f128935f0@group-9BAB1271616B-LeaderElection16-1] INFO  server.GrpcServerProtocolClient (GrpcServerProtocolClient.java:<init>(63)) - Build channel for e3d3c1c6-e4ea-41ff-8088-7f0be060b7c0
2022-12-02 11:12:37,822 [b564bb99-cd76-4902-8e37-bc5f128935f0@group-9BAB1271616B-LeaderElection16] INFO  server.RaftServerConfigKeys (ConfUtils.java:logFallback(53)) - raft.server.rpc.first-election.timeout.min = 5s (fallback to raft.server.rpc.timeout.min)
2022-12-02 11:12:37,822 [b564bb99-cd76-4902-8e37-bc5f128935f0@group-9BAB1271616B-LeaderElection16] INFO  server.RaftServerConfigKeys (ConfUtils.java:logFallback(53)) - raft.server.rpc.first-election.timeout.max = 5200ms (fallback to raft.server.rpc.timeout.max)
2022-12-02 11:12:37,822 [b564bb99-cd76-4902-8e37-bc5f128935f0@group-9BAB1271616B-LeaderElection16-2] INFO  server.GrpcServerProtocolClient (GrpcServerProtocolClient.java:<init>(63)) - Build channel for 0f1be7e8-a3b4-460a-8434-ebd9767358ca
2022-12-02 11:12:37,826 [e3d3c1c6-e4ea-41ff-8088-7f0be060b7c0@group-B9E5E6AFD6D0-LeaderElection15-1] INFO  server.GrpcServerProtocolClient (GrpcServerProtocolClient.java:<init>(63)) - Build channel for b564bb99-cd76-4902-8e37-bc5f128935f0
2022-12-02 11:12:37,833 [e3d3c1c6-e4ea-41ff-8088-7f0be060b7c0@group-B9E5E6AFD6D0-LeaderElection15] INFO  server.RaftServerConfigKeys (ConfUtils.java:logFallback(53)) - raft.server.rpc.first-election.timeout.min = 5s (fallback to raft.server.rpc.timeout.min)
2022-12-02 11:12:37,833 [e3d3c1c6-e4ea-41ff-8088-7f0be060b7c0@group-B9E5E6AFD6D0-LeaderElection15] INFO  server.RaftServerConfigKeys (ConfUtils.java:logFallback(53)) - raft.server.rpc.first-election.timeout.max = 5200ms (fallback to raft.server.rpc.timeout.max)
2022-12-02 11:12:37,833 [e3d3c1c6-e4ea-41ff-8088-7f0be060b7c0@group-B9E5E6AFD6D0-LeaderElection15-2] INFO  server.GrpcServerProtocolClient (GrpcServerProtocolClient.java:<init>(63)) - Build channel for 0f1be7e8-a3b4-460a-8434-ebd9767358ca
2022-12-02 11:12:37,841 [grpc-default-executor-4] INFO  server.RaftServer$Division (RaftServerImpl.java:requestVote(1218)) - 0f1be7e8-a3b4-460a-8434-ebd9767358ca@group-9BAB1271616B: receive requestVote(ELECTION, b564bb99-cd76-4902-8e37-bc5f128935f0, group-9BAB1271616B, 2, (t:0, i:0))
2022-12-02 11:12:37,841 [grpc-default-executor-4] INFO  impl.VoteContext (VoteContext.java:log(49)) - 0f1be7e8-a3b4-460a-8434-ebd9767358ca@group-9BAB1271616B-FOLLOWER: accept ELECTION from b564bb99-cd76-4902-8e37-bc5f128935f0: our priority 0 <= candidate's priority 1
2022-12-02 11:12:37,841 [grpc-default-executor-4] INFO  server.RaftServer$Division (RaftServerImpl.java:setRole(321)) - 0f1be7e8-a3b4-460a-8434-ebd9767358ca@group-9BAB1271616B: changes role from  FOLLOWER to FOLLOWER at term 2 for candidate:b564bb99-cd76-4902-8e37-bc5f128935f0
2022-12-02 11:12:37,841 [grpc-default-executor-4] INFO  impl.RoleInfo (RoleInfo.java:shutdownFollowerState(110)) - 0f1be7e8-a3b4-460a-8434-ebd9767358ca: shutdown 0f1be7e8-a3b4-460a-8434-ebd9767358ca@group-9BAB1271616B-FollowerState
2022-12-02 11:12:37,841 [grpc-default-executor-4] INFO  impl.RoleInfo (RoleInfo.java:updateAndGet(139)) - 0f1be7e8-a3b4-460a-8434-ebd9767358ca: start 0f1be7e8-a3b4-460a-8434-ebd9767358ca@group-9BAB1271616B-FollowerState
2022-12-02 11:12:37,842 [0f1be7e8-a3b4-460a-8434-ebd9767358ca@group-9BAB1271616B-FollowerState] INFO  impl.FollowerState (FollowerState.java:run(152)) - 0f1be7e8-a3b4-460a-8434-ebd9767358ca@group-9BAB1271616B-FollowerState was interrupted
2022-12-02 11:12:37,853 [grpc-default-executor-4] INFO  server.RaftServer$Division (RaftServerImpl.java:requestVote(1251)) - 0f1be7e8-a3b4-460a-8434-ebd9767358ca@group-9BAB1271616B replies to ELECTION vote request: b564bb99-cd76-4902-8e37-bc5f128935f0<-0f1be7e8-a3b4-460a-8434-ebd9767358ca#0:OK-t2. Peer's state: 0f1be7e8-a3b4-460a-8434-ebd9767358ca@group-9BAB1271616B:t2, leader=null, voted=b564bb99-cd76-4902-8e37-bc5f128935f0, raftlog=Memoized:0f1be7e8-a3b4-460a-8434-ebd9767358ca@group-9BAB1271616B-SegmentedRaftLog:OPENED:c-1, conf=-1: peers:[e3d3c1c6-e4ea-41ff-8088-7f0be060b7c0|rpc:10.1.0.7:41167|priority:0|startupRole:FOLLOWER, b564bb99-cd76-4902-8e37-bc5f128935f0|rpc:10.1.0.7:39915|priority:1|startupRole:FOLLOWER, 0f1be7e8-a3b4-460a-8434-ebd9767358ca|rpc:10.1.0.7:37191|priority:0|startupRole:FOLLOWER]|listeners:[], old=null
2022-12-02 11:12:37,859 [0f1be7e8-a3b4-460a-8434-ebd9767358ca@group-9BAB1271616B-FollowerState] INFO  server.RaftServerConfigKeys (ConfUtils.java:logFallback(53)) - raft.server.rpc.first-election.timeout.min = 5s (fallback to raft.server.rpc.timeout.min)
2022-12-02 11:12:37,859 [0f1be7e8-a3b4-460a-8434-ebd9767358ca@group-9BAB1271616B-FollowerState] INFO  server.RaftServerConfigKeys (ConfUtils.java:logFallback(53)) - raft.server.rpc.first-election.timeout.max = 5200ms (fallback to raft.server.rpc.timeout.max)
2022-12-02 11:12:37,859 [grpc-default-executor-0] INFO  server.RaftServer$Division (RaftServerImpl.java:requestVote(1218)) - b564bb99-cd76-4902-8e37-bc5f128935f0@group-B9E5E6AFD6D0: receive requestVote(ELECTION, e3d3c1c6-e4ea-41ff-8088-7f0be060b7c0, group-B9E5E6AFD6D0, 2, (t:0, i:0))
2022-12-02 11:12:37,859 [grpc-default-executor-0] INFO  impl.VoteContext (VoteContext.java:log(49)) - b564bb99-cd76-4902-8e37-bc5f128935f0@group-B9E5E6AFD6D0-FOLLOWER: accept ELECTION from e3d3c1c6-e4ea-41ff-8088-7f0be060b7c0: our priority 0 <= candidate's priority 1
2022-12-02 11:12:37,859 [grpc-default-executor-0] INFO  server.RaftServer$Division (RaftServerImpl.java:setRole(321)) - b564bb99-cd76-4902-8e37-bc5f128935f0@group-B9E5E6AFD6D0: changes role from  FOLLOWER to FOLLOWER at term 2 for candidate:e3d3c1c6-e4ea-41ff-8088-7f0be060b7c0
2022-12-02 11:12:37,859 [grpc-default-executor-0] INFO  impl.RoleInfo (RoleInfo.java:shutdownFollowerState(110)) - b564bb99-cd76-4902-8e37-bc5f128935f0: shutdown b564bb99-cd76-4902-8e37-bc5f128935f0@group-B9E5E6AFD6D0-FollowerState
2022-12-02 11:12:37,859 [grpc-default-executor-0] INFO  impl.RoleInfo (RoleInfo.java:updateAndGet(139)) - b564bb99-cd76-4902-8e37-bc5f128935f0: start b564bb99-cd76-4902-8e37-bc5f128935f0@group-B9E5E6AFD6D0-FollowerState
2022-12-02 11:12:37,861 [b564bb99-cd76-4902-8e37-bc5f128935f0@group-B9E5E6AFD6D0-FollowerState] INFO  impl.FollowerState (FollowerState.java:run(152)) - b564bb99-cd76-4902-8e37-bc5f128935f0@group-B9E5E6AFD6D0-FollowerState was interrupted
2022-12-02 11:12:37,859 [grpc-default-executor-2] INFO  server.RaftServer$Division (RaftServerImpl.java:requestVote(1218)) - 0f1be7e8-a3b4-460a-8434-ebd9767358ca@group-B9E5E6AFD6D0: receive requestVote(ELECTION, e3d3c1c6-e4ea-41ff-8088-7f0be060b7c0, group-B9E5E6AFD6D0, 2, (t:0, i:0))
2022-12-02 11:12:37,861 [grpc-default-executor-2] INFO  impl.VoteContext (VoteContext.java:log(49)) - 0f1be7e8-a3b4-460a-8434-ebd9767358ca@group-B9E5E6AFD6D0-FOLLOWER: accept ELECTION from e3d3c1c6-e4ea-41ff-8088-7f0be060b7c0: our priority 0 <= candidate's priority 1
2022-12-02 11:12:37,862 [grpc-default-executor-2] INFO  server.RaftServer$Division (RaftServerImpl.java:setRole(321)) - 0f1be7e8-a3b4-460a-8434-ebd9767358ca@group-B9E5E6AFD6D0: changes role from  FOLLOWER to FOLLOWER at term 2 for candidate:e3d3c1c6-e4ea-41ff-8088-7f0be060b7c0
2022-12-02 11:12:37,862 [grpc-default-executor-2] INFO  impl.RoleInfo (RoleInfo.java:shutdownFollowerState(110)) - 0f1be7e8-a3b4-460a-8434-ebd9767358ca: shutdown 0f1be7e8-a3b4-460a-8434-ebd9767358ca@group-B9E5E6AFD6D0-FollowerState
2022-12-02 11:12:37,862 [grpc-default-executor-2] INFO  impl.RoleInfo (RoleInfo.java:updateAndGet(139)) - 0f1be7e8-a3b4-460a-8434-ebd9767358ca: start 0f1be7e8-a3b4-460a-8434-ebd9767358ca@group-B9E5E6AFD6D0-FollowerState
2022-12-02 11:12:37,862 [0f1be7e8-a3b4-460a-8434-ebd9767358ca@group-B9E5E6AFD6D0-FollowerState] INFO  impl.FollowerState (FollowerState.java:run(152)) - 0f1be7e8-a3b4-460a-8434-ebd9767358ca@group-B9E5E6AFD6D0-FollowerState was interrupted
2022-12-02 11:12:37,863 [0f1be7e8-a3b4-460a-8434-ebd9767358ca@group-B9E5E6AFD6D0-FollowerState] INFO  server.RaftServerConfigKeys (ConfUtils.java:logFallback(53)) - raft.server.rpc.first-election.timeout.min = 5s (fallback to raft.server.rpc.timeout.min)
2022-12-02 11:12:37,871 [0f1be7e8-a3b4-460a-8434-ebd9767358ca@group-B9E5E6AFD6D0-FollowerState] INFO  server.RaftServerConfigKeys (ConfUtils.java:logFallback(53)) - raft.server.rpc.first-election.timeout.max = 5200ms (fallback to raft.server.rpc.timeout.max)
2022-12-02 11:12:37,871 [b564bb99-cd76-4902-8e37-bc5f128935f0@group-B9E5E6AFD6D0-FollowerState] INFO  server.RaftServerConfigKeys (ConfUtils.java:logFallback(53)) - raft.server.rpc.first-election.timeout.min = 5s (fallback to raft.server.rpc.timeout.min)
2022-12-02 11:12:37,870 [grpc-default-executor-0] INFO  server.RaftServer$Division (RaftServerImpl.java:requestVote(1251)) - b564bb99-cd76-4902-8e37-bc5f128935f0@group-B9E5E6AFD6D0 replies to ELECTION vote request: e3d3c1c6-e4ea-41ff-8088-7f0be060b7c0<-b564bb99-cd76-4902-8e37-bc5f128935f0#0:OK-t2. Peer's state: b564bb99-cd76-4902-8e37-bc5f128935f0@group-B9E5E6AFD6D0:t2, leader=null, voted=e3d3c1c6-e4ea-41ff-8088-7f0be060b7c0, raftlog=Memoized:b564bb99-cd76-4902-8e37-bc5f128935f0@group-B9E5E6AFD6D0-SegmentedRaftLog:OPENED:c-1, conf=-1: peers:[e3d3c1c6-e4ea-41ff-8088-7f0be060b7c0|rpc:10.1.0.7:41167|dataStream:|priority:1|startupRole:FOLLOWER, b564bb99-cd76-4902-8e37-bc5f128935f0|rpc:10.1.0.7:39915|dataStream:|priority:0|startupRole:FOLLOWER, 0f1be7e8-a3b4-460a-8434-ebd9767358ca|rpc:10.1.0.7:37191|dataStream:|priority:0|startupRole:FOLLOWER]|listeners:[], old=null
2022-12-02 11:12:37,867 [grpc-default-executor-4] INFO  server.RaftServer$Division (RaftServerImpl.java:requestVote(1218)) - e3d3c1c6-e4ea-41ff-8088-7f0be060b7c0@group-9BAB1271616B: receive requestVote(ELECTION, b564bb99-cd76-4902-8e37-bc5f128935f0, group-9BAB1271616B, 2, (t:0, i:0))
2022-12-02 11:12:37,872 [grpc-default-executor-2] INFO  server.RaftServer$Division (RaftServerImpl.java:requestVote(1251)) - 0f1be7e8-a3b4-460a-8434-ebd9767358ca@group-B9E5E6AFD6D0 replies to ELECTION vote request: e3d3c1c6-e4ea-41ff-8088-7f0be060b7c0<-0f1be7e8-a3b4-460a-8434-ebd9767358ca#0:OK-t2. Peer's state: 0f1be7e8-a3b4-460a-8434-ebd9767358ca@group-B9E5E6AFD6D0:t2, leader=null, voted=e3d3c1c6-e4ea-41ff-8088-7f0be060b7c0, raftlog=Memoized:0f1be7e8-a3b4-460a-8434-ebd9767358ca@group-B9E5E6AFD6D0-SegmentedRaftLog:OPENED:c-1, conf=-1: peers:[e3d3c1c6-e4ea-41ff-8088-7f0be060b7c0|rpc:10.1.0.7:41167|priority:1|startupRole:FOLLOWER, b564bb99-cd76-4902-8e37-bc5f128935f0|rpc:10.1.0.7:39915|priority:0|startupRole:FOLLOWER, 0f1be7e8-a3b4-460a-8434-ebd9767358ca|rpc:10.1.0.7:37191|priority:0|startupRole:FOLLOWER]|listeners:[], old=null
2022-12-02 11:12:37,867 [b564bb99-cd76-4902-8e37-bc5f128935f0@group-9BAB1271616B-LeaderElection16] INFO  impl.LeaderElection (LeaderElection.java:logAndReturn(90)) - b564bb99-cd76-4902-8e37-bc5f128935f0@group-9BAB1271616B-LeaderElection16: ELECTION PASSED received 1 response(s) and 0 exception(s):
2022-12-02 11:12:37,872 [b564bb99-cd76-4902-8e37-bc5f128935f0@group-9BAB1271616B-LeaderElection16] INFO  impl.LeaderElection (LeaderElection.java:logAndReturn(94)) -   Response 0: b564bb99-cd76-4902-8e37-bc5f128935f0<-0f1be7e8-a3b4-460a-8434-ebd9767358ca#0:OK-t2
2022-12-02 11:12:37,873 [grpc-default-executor-4] INFO  impl.VoteContext (VoteContext.java:log(49)) - e3d3c1c6-e4ea-41ff-8088-7f0be060b7c0@group-9BAB1271616B-FOLLOWER: accept ELECTION from b564bb99-cd76-4902-8e37-bc5f128935f0: our priority 0 <= candidate's priority 1
2022-12-02 11:12:37,873 [grpc-default-executor-4] INFO  server.RaftServer$Division (RaftServerImpl.java:setRole(321)) - e3d3c1c6-e4ea-41ff-8088-7f0be060b7c0@group-9BAB1271616B: changes role from  FOLLOWER to FOLLOWER at term 2 for candidate:b564bb99-cd76-4902-8e37-bc5f128935f0
2022-12-02 11:12:37,873 [grpc-default-executor-4] INFO  impl.RoleInfo (RoleInfo.java:shutdownFollowerState(110)) - e3d3c1c6-e4ea-41ff-8088-7f0be060b7c0: shutdown e3d3c1c6-e4ea-41ff-8088-7f0be060b7c0@group-9BAB1271616B-FollowerState
2022-12-02 11:12:37,873 [grpc-default-executor-4] INFO  impl.RoleInfo (RoleInfo.java:updateAndGet(139)) - e3d3c1c6-e4ea-41ff-8088-7f0be060b7c0: start e3d3c1c6-e4ea-41ff-8088-7f0be060b7c0@group-9BAB1271616B-FollowerState
2022-12-02 11:12:37,873 [e3d3c1c6-e4ea-41ff-8088-7f0be060b7c0@group-9BAB1271616B-FollowerState] INFO  impl.FollowerState (FollowerState.java:run(152)) - e3d3c1c6-e4ea-41ff-8088-7f0be060b7c0@group-9BAB1271616B-FollowerState was interrupted
2022-12-02 11:12:37,873 [b564bb99-cd76-4902-8e37-bc5f128935f0@group-B9E5E6AFD6D0-FollowerState] INFO  server.RaftServerConfigKeys (ConfUtils.java:logFallback(53)) - raft.server.rpc.first-election.timeout.max = 5200ms (fallback to raft.server.rpc.timeout.max)
2022-12-02 11:12:37,875 [b564bb99-cd76-4902-8e37-bc5f128935f0@group-9BAB1271616B-LeaderElection16] INFO  impl.LeaderElection (LeaderElection.java:askForVotes(314)) - b564bb99-cd76-4902-8e37-bc5f128935f0@group-9BAB1271616B-LeaderElection16 ELECTION round 0: result PASSED
2022-12-02 11:12:37,875 [b564bb99-cd76-4902-8e37-bc5f128935f0@group-9BAB1271616B-LeaderElection16] INFO  impl.RoleInfo (RoleInfo.java:shutdownLeaderElection(130)) - b564bb99-cd76-4902-8e37-bc5f128935f0: shutdown b564bb99-cd76-4902-8e37-bc5f128935f0@group-9BAB1271616B-LeaderElection16
2022-12-02 11:12:37,875 [b564bb99-cd76-4902-8e37-bc5f128935f0@group-9BAB1271616B-LeaderElection16] INFO  server.RaftServer$Division (RaftServerImpl.java:setRole(321)) - b564bb99-cd76-4902-8e37-bc5f128935f0@group-9BAB1271616B: changes role from CANDIDATE to LEADER at term 2 for changeToLeader
2022-12-02 11:12:37,875 [b564bb99-cd76-4902-8e37-bc5f128935f0@group-9BAB1271616B-LeaderElection16] INFO  ratis.XceiverServerRatis (XceiverServerRatis.java:handleLeaderChangedNotification(863)) - Leader change notification received for group: group-9BAB1271616B with new leaderId: b564bb99-cd76-4902-8e37-bc5f128935f0
2022-12-02 11:12:37,879 [b564bb99-cd76-4902-8e37-bc5f128935f0@group-9BAB1271616B-LeaderElection16] INFO  server.RaftServer$Division (ServerState.java:setLeader(313)) - b564bb99-cd76-4902-8e37-bc5f128935f0@group-9BAB1271616B: change Leader from null to b564bb99-cd76-4902-8e37-bc5f128935f0 at term 2 for becomeLeader, leader elected after 10058ms
2022-12-02 11:12:37,879 [b564bb99-cd76-4902-8e37-bc5f128935f0@group-9BAB1271616B-LeaderElection16] INFO  server.RaftServerConfigKeys (ConfUtils.java:logGet(46)) - raft.server.staging.catchup.gap = 1000 (default)
2022-12-02 11:12:37,880 [b564bb99-cd76-4902-8e37-bc5f128935f0@group-9BAB1271616B-LeaderElection16] INFO  server.RaftServerConfigKeys (ConfUtils.java:logGet(46)) - raft.server.write.element-limit = 1024 (custom)
2022-12-02 11:12:37,880 [b564bb99-cd76-4902-8e37-bc5f128935f0@group-9BAB1271616B-LeaderElection16] INFO  server.RaftServerConfigKeys (ConfUtils.java:logGet(46)) - raft.server.write.byte-limit = 1024 M (=1073741824) (custom)
2022-12-02 11:12:37,880 [e3d3c1c6-e4ea-41ff-8088-7f0be060b7c0@group-B9E5E6AFD6D0-LeaderElection15] INFO  impl.LeaderElection (LeaderElection.java:logAndReturn(90)) - e3d3c1c6-e4ea-41ff-8088-7f0be060b7c0@group-B9E5E6AFD6D0-LeaderElection15: ELECTION PASSED received 1 response(s) and 0 exception(s):
2022-12-02 11:12:37,880 [e3d3c1c6-e4ea-41ff-8088-7f0be060b7c0@group-B9E5E6AFD6D0-LeaderElection15] INFO  impl.LeaderElection (LeaderElection.java:logAndReturn(94)) -   Response 0: e3d3c1c6-e4ea-41ff-8088-7f0be060b7c0<-0f1be7e8-a3b4-460a-8434-ebd9767358ca#0:OK-t2
2022-12-02 11:12:37,880 [e3d3c1c6-e4ea-41ff-8088-7f0be060b7c0@group-B9E5E6AFD6D0-LeaderElection15] INFO  impl.LeaderElection (LeaderElection.java:askForVotes(314)) - e3d3c1c6-e4ea-41ff-8088-7f0be060b7c0@group-B9E5E6AFD6D0-LeaderElection15 ELECTION round 0: result PASSED
2022-12-02 11:12:37,880 [e3d3c1c6-e4ea-41ff-8088-7f0be060b7c0@group-B9E5E6AFD6D0-LeaderElection15] INFO  impl.RoleInfo (RoleInfo.java:shutdownLeaderElection(130)) - e3d3c1c6-e4ea-41ff-8088-7f0be060b7c0: shutdown e3d3c1c6-e4ea-41ff-8088-7f0be060b7c0@group-B9E5E6AFD6D0-LeaderElection15
2022-12-02 11:12:37,880 [e3d3c1c6-e4ea-41ff-8088-7f0be060b7c0@group-B9E5E6AFD6D0-LeaderElection15] INFO  server.RaftServer$Division (RaftServerImpl.java:setRole(321)) - e3d3c1c6-e4ea-41ff-8088-7f0be060b7c0@group-B9E5E6AFD6D0: changes role from CANDIDATE to LEADER at term 2 for changeToLeader
2022-12-02 11:12:37,880 [b564bb99-cd76-4902-8e37-bc5f128935f0@group-9BAB1271616B-LeaderElection16] INFO  server.RaftServerConfigKeys (ConfUtils.java:logGet(46)) - raft.server.watch.timeout = 180s (custom)
2022-12-02 11:12:37,880 [b564bb99-cd76-4902-8e37-bc5f128935f0@group-9BAB1271616B-LeaderElection16] INFO  server.RaftServerConfigKeys (ConfUtils.java:logGet(46)) - raft.server.watch.timeout.denomination = 1s (default)
2022-12-02 11:12:37,880 [b564bb99-cd76-4902-8e37-bc5f128935f0@group-9BAB1271616B-LeaderElection16] INFO  server.RaftServerConfigKeys (ConfUtils.java:logGet(46)) - raft.server.watch.element-limit = 65536 (default)
2022-12-02 11:12:37,881 [grpc-default-executor-4] INFO  server.RaftServer$Division (RaftServerImpl.java:requestVote(1251)) - e3d3c1c6-e4ea-41ff-8088-7f0be060b7c0@group-9BAB1271616B replies to ELECTION vote request: b564bb99-cd76-4902-8e37-bc5f128935f0<-e3d3c1c6-e4ea-41ff-8088-7f0be060b7c0#0:OK-t2. Peer's state: e3d3c1c6-e4ea-41ff-8088-7f0be060b7c0@group-9BAB1271616B:t2, leader=null, voted=b564bb99-cd76-4902-8e37-bc5f128935f0, raftlog=Memoized:e3d3c1c6-e4ea-41ff-8088-7f0be060b7c0@group-9BAB1271616B-SegmentedRaftLog:OPENED:c-1, conf=-1: peers:[e3d3c1c6-e4ea-41ff-8088-7f0be060b7c0|rpc:10.1.0.7:41167|dataStream:|priority:0|startupRole:FOLLOWER, b564bb99-cd76-4902-8e37-bc5f128935f0|rpc:10.1.0.7:39915|dataStream:|priority:1|startupRole:FOLLOWER, 0f1be7e8-a3b4-460a-8434-ebd9767358ca|rpc:10.1.0.7:37191|dataStream:|priority:0|startupRole:FOLLOWER]|listeners:[], old=null
2022-12-02 11:12:37,881 [b564bb99-cd76-4902-8e37-bc5f128935f0@group-9BAB1271616B-LeaderElection16] INFO  server.RaftServerConfigKeys (ConfUtils.java:logGet(46)) - raft.server.write.element-limit = 1024 (custom)
2022-12-02 11:12:37,881 [b564bb99-cd76-4902-8e37-bc5f128935f0@group-9BAB1271616B-LeaderElection16] INFO  server.RaftServerConfigKeys (ConfUtils.java:logGet(46)) - raft.server.write.follower.gap.ratio.max = -1.0 (default)
2022-12-02 11:12:37,880 [e3d3c1c6-e4ea-41ff-8088-7f0be060b7c0@group-B9E5E6AFD6D0-LeaderElection15] INFO  ratis.XceiverServerRatis (XceiverServerRatis.java:handleLeaderChangedNotification(863)) - Leader change notification received for group: group-B9E5E6AFD6D0 with new leaderId: e3d3c1c6-e4ea-41ff-8088-7f0be060b7c0
2022-12-02 11:12:37,888 [e3d3c1c6-e4ea-41ff-8088-7f0be060b7c0@group-B9E5E6AFD6D0-LeaderElection15] INFO  server.RaftServer$Division (ServerState.java:setLeader(313)) - e3d3c1c6-e4ea-41ff-8088-7f0be060b7c0@group-B9E5E6AFD6D0: change Leader from null to e3d3c1c6-e4ea-41ff-8088-7f0be060b7c0 at term 2 for becomeLeader, leader elected after 10248ms
2022-12-02 11:12:37,888 [e3d3c1c6-e4ea-41ff-8088-7f0be060b7c0@group-B9E5E6AFD6D0-LeaderElection15] INFO  server.RaftServerConfigKeys (ConfUtils.java:logGet(46)) - raft.server.staging.catchup.gap = 1000 (default)
2022-12-02 11:12:37,888 [e3d3c1c6-e4ea-41ff-8088-7f0be060b7c0@group-B9E5E6AFD6D0-LeaderElection15] INFO  server.RaftServerConfigKeys (ConfUtils.java:logGet(46)) - raft.server.write.element-limit = 1024 (custom)
2022-12-02 11:12:37,888 [e3d3c1c6-e4ea-41ff-8088-7f0be060b7c0@group-B9E5E6AFD6D0-LeaderElection15] INFO  server.RaftServerConfigKeys (ConfUtils.java:logGet(46)) - raft.server.write.byte-limit = 1024 M (=1073741824) (custom)
2022-12-02 11:12:37,888 [e3d3c1c6-e4ea-41ff-8088-7f0be060b7c0@group-B9E5E6AFD6D0-LeaderElection15] INFO  server.RaftServerConfigKeys (ConfUtils.java:logGet(46)) - raft.server.watch.timeout = 180s (custom)
2022-12-02 11:12:37,889 [e3d3c1c6-e4ea-41ff-8088-7f0be060b7c0@group-B9E5E6AFD6D0-LeaderElection15] INFO  server.RaftServerConfigKeys (ConfUtils.java:logGet(46)) - raft.server.watch.timeout.denomination = 1s (default)
2022-12-02 11:12:37,889 [e3d3c1c6-e4ea-41ff-8088-7f0be060b7c0@group-B9E5E6AFD6D0-LeaderElection15] INFO  server.RaftServerConfigKeys (ConfUtils.java:logGet(46)) - raft.server.watch.element-limit = 65536 (default)
2022-12-02 11:12:37,889 [e3d3c1c6-e4ea-41ff-8088-7f0be060b7c0@group-B9E5E6AFD6D0-LeaderElection15] INFO  server.RaftServerConfigKeys (ConfUtils.java:logGet(46)) - raft.server.write.element-limit = 1024 (custom)
2022-12-02 11:12:37,889 [e3d3c1c6-e4ea-41ff-8088-7f0be060b7c0@group-B9E5E6AFD6D0-LeaderElection15] INFO  server.RaftServerConfigKeys (ConfUtils.java:logGet(46)) - raft.server.write.follower.gap.ratio.max = -1.0 (default)
2022-12-02 11:12:37,887 [b564bb99-cd76-4902-8e37-bc5f128935f0@group-9BAB1271616B-LeaderElection16] INFO  server.RaftServerConfigKeys (ConfUtils.java:logGet(46)) - raft.server.log.appender.snapshot.chunk.size.max = 16MB (=16777216) (default)
2022-12-02 11:12:37,890 [b564bb99-cd76-4902-8e37-bc5f128935f0@group-9BAB1271616B-LeaderElection16] INFO  server.RaftServerConfigKeys (ConfUtils.java:logGet(46)) - raft.server.log.appender.buffer.byte-limit = 33554432 (custom)
2022-12-02 11:12:37,890 [b564bb99-cd76-4902-8e37-bc5f128935f0@group-9BAB1271616B-LeaderElection16] INFO  server.RaftServerConfigKeys (ConfUtils.java:logGet(46)) - raft.server.log.appender.buffer.element-limit = 1 (custom)
2022-12-02 11:12:37,892 [EventQueue-PipelineReportForPipelineReportHandler] INFO  pipeline.PipelineManagerImpl (PipelineManagerImpl.java:openPipeline(367)) - Pipeline Pipeline[ Id: 87a40351-ee62-4248-9c66-9bab1271616b, Nodes: e3d3c1c6-e4ea-41ff-8088-7f0be060b7c0{ip: 10.1.0.7, host: fv-az205-634.k2gd1z4tyxsu3cbgyjsjq30zwf.jx.internal.cloudapp.net, ports: [REPLICATION=38697, RATIS=41167, RATIS_ADMIN=41167, RATIS_SERVER=41167, STANDALONE=44387], networkLocation: /default-rack, certSerialId: null, persistedOpState: IN_SERVICE, persistedOpStateExpiryEpochSec: 0}b564bb99-cd76-4902-8e37-bc5f128935f0{ip: 10.1.0.7, host: fv-az205-634.k2gd1z4tyxsu3cbgyjsjq30zwf.jx.internal.cloudapp.net, ports: [REPLICATION=46417, RATIS=39915, RATIS_ADMIN=39915, RATIS_SERVER=39915, STANDALONE=36599], networkLocation: /default-rack, certSerialId: null, persistedOpState: IN_SERVICE, persistedOpStateExpiryEpochSec: 0}0f1be7e8-a3b4-460a-8434-ebd9767358ca{ip: 10.1.0.7, host: fv-az205-634.k2gd1z4tyxsu3cbgyjsjq30zwf.jx.internal.cloudapp.net, ports: [REPLICATION=45647, RATIS=37191, RATIS_ADMIN=37191, RATIS_SERVER=37191, STANDALONE=34631], networkLocation: /default-rack, certSerialId: null, persistedOpState: IN_SERVICE, persistedOpStateExpiryEpochSec: 0}, ReplicationConfig: RATIS/THREE, State:ALLOCATED, leaderId:b564bb99-cd76-4902-8e37-bc5f128935f0, CreationTimestamp2022-12-02T11:12:25.516Z[Etc/UTC]] moved to OPEN state
2022-12-02 11:12:37,893 [e3d3c1c6-e4ea-41ff-8088-7f0be060b7c0@group-9BAB1271616B-FollowerState] INFO  server.RaftServerConfigKeys (ConfUtils.java:logFallback(53)) - raft.server.rpc.first-election.timeout.min = 5s (fallback to raft.server.rpc.timeout.min)
2022-12-02 11:12:37,893 [e3d3c1c6-e4ea-41ff-8088-7f0be060b7c0@group-9BAB1271616B-FollowerState] INFO  server.RaftServerConfigKeys (ConfUtils.java:logFallback(53)) - raft.server.rpc.first-election.timeout.max = 5200ms (fallback to raft.server.rpc.timeout.max)
2022-12-02 11:12:37,892 [EventQueue-CommandQueueReportForCommandQueueReportHandler] WARN  events.EventQueue (EventQueue.java:fireEvent(216)) - No event handler registered for event TypedEvent{payloadType=DatanodeDetails, name='Datanode_Command_Queue_Updated'}
2022-12-02 11:12:37,891 [e3d3c1c6-e4ea-41ff-8088-7f0be060b7c0@group-B9E5E6AFD6D0-LeaderElection15] INFO  server.RaftServerConfigKeys (ConfUtils.java:logGet(46)) - raft.server.log.appender.snapshot.chunk.size.max = 16MB (=16777216) (default)
2022-12-02 11:12:37,894 [EventQueue-CommandQueueReportForCommandQueueReportHandler] WARN  events.EventQueue (EventQueue.java:fireEvent(216)) - No event handler registered for event TypedEvent{payloadType=DatanodeDetails, name='Datanode_Command_Queue_Updated'}
2022-12-02 11:12:37,894 [EventQueue-PipelineReportForPipelineReportHandler] INFO  pipeline.PipelineManagerImpl (PipelineManagerImpl.java:openPipeline(367)) - Pipeline Pipeline[ Id: 52343237-7572-48b8-8fc7-b9e5e6afd6d0, Nodes: b564bb99-cd76-4902-8e37-bc5f128935f0{ip: 10.1.0.7, host: fv-az205-634.k2gd1z4tyxsu3cbgyjsjq30zwf.jx.internal.cloudapp.net, ports: [REPLICATION=46417, RATIS=39915, RATIS_ADMIN=39915, RATIS_SERVER=39915, STANDALONE=36599], networkLocation: /default-rack, certSerialId: null, persistedOpState: IN_SERVICE, persistedOpStateExpiryEpochSec: 0}e3d3c1c6-e4ea-41ff-8088-7f0be060b7c0{ip: 10.1.0.7, host: fv-az205-634.k2gd1z4tyxsu3cbgyjsjq30zwf.jx.internal.cloudapp.net, ports: [REPLICATION=38697, RATIS=41167, RATIS_ADMIN=41167, RATIS_SERVER=41167, STANDALONE=44387], networkLocation: /default-rack, certSerialId: null, persistedOpState: IN_SERVICE, persistedOpStateExpiryEpochSec: 0}0f1be7e8-a3b4-460a-8434-ebd9767358ca{ip: 10.1.0.7, host: fv-az205-634.k2gd1z4tyxsu3cbgyjsjq30zwf.jx.internal.cloudapp.net, ports: [REPLICATION=45647, RATIS=37191, RATIS_ADMIN=37191, RATIS_SERVER=37191, STANDALONE=34631], networkLocation: /default-rack, certSerialId: null, persistedOpState: IN_SERVICE, persistedOpStateExpiryEpochSec: 0}, ReplicationConfig: RATIS/THREE, State:ALLOCATED, leaderId:e3d3c1c6-e4ea-41ff-8088-7f0be060b7c0, CreationTimestamp2022-12-02T11:12:25.513Z[Etc/UTC]] moved to OPEN state
2022-12-02 11:12:37,893 [b564bb99-cd76-4902-8e37-bc5f128935f0@group-9BAB1271616B-LeaderElection16] INFO  grpc.GrpcConfigKeys (ConfUtils.java:logGet(46)) - raft.grpc.server.leader.outstanding.appends.max = 128 (default)
2022-12-02 11:12:37,895 [b564bb99-cd76-4902-8e37-bc5f128935f0@group-9BAB1271616B-LeaderElection16] INFO  server.RaftServerConfigKeys (ConfUtils.java:logGet(46)) - raft.server.rpc.request.timeout = 60s (custom)
2022-12-02 11:12:37,895 [b564bb99-cd76-4902-8e37-bc5f128935f0@group-9BAB1271616B-LeaderElection16] INFO  server.RaftServerConfigKeys (ConfUtils.java:logGet(46)) - raft.server.log.appender.install.snapshot.enabled = false (custom)
2022-12-02 11:12:37,894 [e3d3c1c6-e4ea-41ff-8088-7f0be060b7c0@group-B9E5E6AFD6D0-LeaderElection15] INFO  server.RaftServerConfigKeys (ConfUtils.java:logGet(46)) - raft.server.log.appender.buffer.byte-limit = 33554432 (custom)
2022-12-02 11:12:37,895 [b564bb99-cd76-4902-8e37-bc5f128935f0@group-9BAB1271616B-LeaderElection16] INFO  grpc.GrpcConfigKeys (ConfUtils.java:logGet(46)) - raft.grpc.server.heartbeat.channel = true (default)
2022-12-02 11:12:37,895 [e3d3c1c6-e4ea-41ff-8088-7f0be060b7c0@group-B9E5E6AFD6D0-LeaderElection15] INFO  server.RaftServerConfigKeys (ConfUtils.java:logGet(46)) - raft.server.log.appender.buffer.element-limit = 1 (custom)
2022-12-02 11:12:37,895 [b564bb99-cd76-4902-8e37-bc5f128935f0@group-9BAB1271616B-LeaderElection16] INFO  server.RaftServerConfigKeys (ConfUtils.java:logGet(46)) - raft.server.log.appender.wait-time.min = 10ms (default)
2022-12-02 11:12:37,895 [e3d3c1c6-e4ea-41ff-8088-7f0be060b7c0@group-B9E5E6AFD6D0-LeaderElection15] INFO  grpc.GrpcConfigKeys (ConfUtils.java:logGet(46)) - raft.grpc.server.leader.outstanding.appends.max = 128 (default)
2022-12-02 11:12:37,896 [e3d3c1c6-e4ea-41ff-8088-7f0be060b7c0@group-B9E5E6AFD6D0-LeaderElection15] INFO  server.RaftServerConfigKeys (ConfUtils.java:logGet(46)) - raft.server.rpc.request.timeout = 60s (custom)
2022-12-02 11:12:37,896 [e3d3c1c6-e4ea-41ff-8088-7f0be060b7c0@group-B9E5E6AFD6D0-LeaderElection15] INFO  server.RaftServerConfigKeys (ConfUtils.java:logGet(46)) - raft.server.log.appender.install.snapshot.enabled = false (custom)
2022-12-02 11:12:37,896 [e3d3c1c6-e4ea-41ff-8088-7f0be060b7c0@group-B9E5E6AFD6D0-LeaderElection15] INFO  grpc.GrpcConfigKeys (ConfUtils.java:logGet(46)) - raft.grpc.server.heartbeat.channel = true (default)
2022-12-02 11:12:37,896 [e3d3c1c6-e4ea-41ff-8088-7f0be060b7c0@group-B9E5E6AFD6D0-LeaderElection15] INFO  server.RaftServerConfigKeys (ConfUtils.java:logGet(46)) - raft.server.log.appender.wait-time.min = 10ms (default)
2022-12-02 11:12:37,897 [e3d3c1c6-e4ea-41ff-8088-7f0be060b7c0@group-B9E5E6AFD6D0-LeaderElection15] INFO  server.RaftServerConfigKeys (ConfUtils.java:logGet(46)) - raft.server.log.appender.snapshot.chunk.size.max = 16MB (=16777216) (default)
2022-12-02 11:12:37,897 [e3d3c1c6-e4ea-41ff-8088-7f0be060b7c0@group-B9E5E6AFD6D0-LeaderElection15] INFO  server.RaftServerConfigKeys (ConfUtils.java:logGet(46)) - raft.server.log.appender.buffer.byte-limit = 33554432 (custom)
2022-12-02 11:12:37,897 [e3d3c1c6-e4ea-41ff-8088-7f0be060b7c0@group-B9E5E6AFD6D0-LeaderElection15] INFO  server.RaftServerConfigKeys (ConfUtils.java:logGet(46)) - raft.server.log.appender.buffer.element-limit = 1 (custom)
2022-12-02 11:12:37,897 [e3d3c1c6-e4ea-41ff-8088-7f0be060b7c0@group-B9E5E6AFD6D0-LeaderElection15] INFO  grpc.GrpcConfigKeys (ConfUtils.java:logGet(46)) - raft.grpc.server.leader.outstanding.appends.max = 128 (default)
2022-12-02 11:12:37,897 [e3d3c1c6-e4ea-41ff-8088-7f0be060b7c0@group-B9E5E6AFD6D0-LeaderElection15] INFO  server.RaftServerConfigKeys (ConfUtils.java:logGet(46)) - raft.server.rpc.request.timeout = 60s (custom)
2022-12-02 11:12:37,898 [e3d3c1c6-e4ea-41ff-8088-7f0be060b7c0@group-B9E5E6AFD6D0-LeaderElection15] INFO  server.RaftServerConfigKeys (ConfUtils.java:logGet(46)) - raft.server.log.appender.install.snapshot.enabled = false (custom)
2022-12-02 11:12:37,898 [e3d3c1c6-e4ea-41ff-8088-7f0be060b7c0@group-B9E5E6AFD6D0-LeaderElection15] INFO  grpc.GrpcConfigKeys (ConfUtils.java:logGet(46)) - raft.grpc.server.heartbeat.channel = true (default)
2022-12-02 11:12:37,898 [e3d3c1c6-e4ea-41ff-8088-7f0be060b7c0@group-B9E5E6AFD6D0-LeaderElection15] INFO  server.RaftServerConfigKeys (ConfUtils.java:logGet(46)) - raft.server.log.appender.wait-time.min = 10ms (default)
2022-12-02 11:12:37,898 [e3d3c1c6-e4ea-41ff-8088-7f0be060b7c0@group-B9E5E6AFD6D0-LeaderElection15] INFO  impl.RoleInfo (RoleInfo.java:updateAndGet(139)) - e3d3c1c6-e4ea-41ff-8088-7f0be060b7c0: start e3d3c1c6-e4ea-41ff-8088-7f0be060b7c0@group-B9E5E6AFD6D0-LeaderStateImpl
2022-12-02 11:12:37,899 [e3d3c1c6-e4ea-41ff-8088-7f0be060b7c0@group-B9E5E6AFD6D0-LeaderElection15] INFO  segmented.SegmentedRaftLogWorker (SegmentedRaftLogWorker.java:startLogSegment(452)) - e3d3c1c6-e4ea-41ff-8088-7f0be060b7c0@group-B9E5E6AFD6D0-SegmentedRaftLogWorker: Starting segment from index:0
2022-12-02 11:12:37,900 [b564bb99-cd76-4902-8e37-bc5f128935f0@group-9BAB1271616B-LeaderElection16] INFO  server.RaftServerConfigKeys (ConfUtils.java:logGet(46)) - raft.server.log.appender.snapshot.chunk.size.max = 16MB (=16777216) (default)
2022-12-02 11:12:37,900 [e3d3c1c6-e4ea-41ff-8088-7f0be060b7c0@group-B9E5E6AFD6D0-SegmentedRaftLogWorker] INFO  segmented.SegmentedRaftLogWorker (SegmentedRaftLogWorker.java:execute(656)) - e3d3c1c6-e4ea-41ff-8088-7f0be060b7c0@group-B9E5E6AFD6D0-SegmentedRaftLogWorker: created new log segment /home/runner/work/ozone/ozone/hadoop-ozone/integration-test/target/test-dir/MiniOzoneClusterImpl-89ec7bf9-65dc-45db-bd6d-bd896179de2e/datanode-5/data/ratis/52343237-7572-48b8-8fc7-b9e5e6afd6d0/current/log_inprogress_0
2022-12-02 11:12:37,901 [b564bb99-cd76-4902-8e37-bc5f128935f0@group-9BAB1271616B-LeaderElection16] INFO  server.RaftServerConfigKeys (ConfUtils.java:logGet(46)) - raft.server.log.appender.buffer.byte-limit = 33554432 (custom)
2022-12-02 11:12:37,902 [b564bb99-cd76-4902-8e37-bc5f128935f0@group-9BAB1271616B-LeaderElection16] INFO  server.RaftServerConfigKeys (ConfUtils.java:logGet(46)) - raft.server.log.appender.buffer.element-limit = 1 (custom)
2022-12-02 11:12:37,904 [b564bb99-cd76-4902-8e37-bc5f128935f0@group-9BAB1271616B-LeaderElection16] INFO  grpc.GrpcConfigKeys (ConfUtils.java:logGet(46)) - raft.grpc.server.leader.outstanding.appends.max = 128 (default)
2022-12-02 11:12:37,904 [b564bb99-cd76-4902-8e37-bc5f128935f0@group-9BAB1271616B-LeaderElection16] INFO  server.RaftServerConfigKeys (ConfUtils.java:logGet(46)) - raft.server.rpc.request.timeout = 60s (custom)
2022-12-02 11:12:37,904 [b564bb99-cd76-4902-8e37-bc5f128935f0@group-9BAB1271616B-LeaderElection16] INFO  server.RaftServerConfigKeys (ConfUtils.java:logGet(46)) - raft.server.log.appender.install.snapshot.enabled = false (custom)
2022-12-02 11:12:37,904 [b564bb99-cd76-4902-8e37-bc5f128935f0@group-9BAB1271616B-LeaderElection16] INFO  grpc.GrpcConfigKeys (ConfUtils.java:logGet(46)) - raft.grpc.server.heartbeat.channel = true (default)
2022-12-02 11:12:37,904 [b564bb99-cd76-4902-8e37-bc5f128935f0@group-9BAB1271616B-LeaderElection16] INFO  server.RaftServerConfigKeys (ConfUtils.java:logGet(46)) - raft.server.log.appender.wait-time.min = 10ms (default)
2022-12-02 11:12:37,905 [b564bb99-cd76-4902-8e37-bc5f128935f0@group-9BAB1271616B-LeaderElection16] INFO  impl.RoleInfo (RoleInfo.java:updateAndGet(139)) - b564bb99-cd76-4902-8e37-bc5f128935f0: start b564bb99-cd76-4902-8e37-bc5f128935f0@group-9BAB1271616B-LeaderStateImpl
2022-12-02 11:12:37,905 [b564bb99-cd76-4902-8e37-bc5f128935f0@group-9BAB1271616B-LeaderElection16] INFO  segmented.SegmentedRaftLogWorker (SegmentedRaftLogWorker.java:startLogSegment(452)) - b564bb99-cd76-4902-8e37-bc5f128935f0@group-9BAB1271616B-SegmentedRaftLogWorker: Starting segment from index:0
2022-12-02 11:12:37,907 [b564bb99-cd76-4902-8e37-bc5f128935f0@group-9BAB1271616B-SegmentedRaftLogWorker] INFO  segmented.SegmentedRaftLogWorker (SegmentedRaftLogWorker.java:execute(656)) - b564bb99-cd76-4902-8e37-bc5f128935f0@group-9BAB1271616B-SegmentedRaftLogWorker: created new log segment /home/runner/work/ozone/ozone/hadoop-ozone/integration-test/target/test-dir/MiniOzoneClusterImpl-89ec7bf9-65dc-45db-bd6d-bd896179de2e/datanode-4/data/ratis/87a40351-ee62-4248-9c66-9bab1271616b/current/log_inprogress_0
2022-12-02 11:12:37,913 [e3d3c1c6-e4ea-41ff-8088-7f0be060b7c0@group-B9E5E6AFD6D0-LeaderElection15] INFO  server.RaftServer$Division (ServerState.java:setRaftConf(430)) - e3d3c1c6-e4ea-41ff-8088-7f0be060b7c0@group-B9E5E6AFD6D0: set configuration 0: peers:[e3d3c1c6-e4ea-41ff-8088-7f0be060b7c0|rpc:10.1.0.7:41167|dataStream:|priority:1|startupRole:FOLLOWER, b564bb99-cd76-4902-8e37-bc5f128935f0|rpc:10.1.0.7:39915|dataStream:|priority:0|startupRole:FOLLOWER, 0f1be7e8-a3b4-460a-8434-ebd9767358ca|rpc:10.1.0.7:37191|dataStream:|priority:0|startupRole:FOLLOWER]|listeners:[], old=null
2022-12-02 11:12:37,913 [b564bb99-cd76-4902-8e37-bc5f128935f0@group-9BAB1271616B-LeaderElection16] INFO  server.RaftServer$Division (ServerState.java:setRaftConf(430)) - b564bb99-cd76-4902-8e37-bc5f128935f0@group-9BAB1271616B: set configuration 0: peers:[e3d3c1c6-e4ea-41ff-8088-7f0be060b7c0|rpc:10.1.0.7:41167|dataStream:|priority:0|startupRole:FOLLOWER, b564bb99-cd76-4902-8e37-bc5f128935f0|rpc:10.1.0.7:39915|dataStream:|priority:1|startupRole:FOLLOWER, 0f1be7e8-a3b4-460a-8434-ebd9767358ca|rpc:10.1.0.7:37191|dataStream:|priority:0|startupRole:FOLLOWER]|listeners:[], old=null
2022-12-02 11:12:37,921 [Listener at 127.0.0.1/39085] INFO  pipeline.PipelineManagerImpl (PipelineManagerImpl.java:closePipeline(442)) - Pipeline Pipeline[ Id: 4fea4174-328a-4927-a02f-526a283f80c5, Nodes: 64d479e5-fe0e-4358-9b9b-67f62582a254{ip: 10.1.0.7, host: fv-az205-634.k2gd1z4tyxsu3cbgyjsjq30zwf.jx.internal.cloudapp.net, ports: [REPLICATION=40075, RATIS=43823, RATIS_ADMIN=43823, RATIS_SERVER=43823, STANDALONE=41557], networkLocation: /default-rack, certSerialId: null, persistedOpState: IN_SERVICE, persistedOpStateExpiryEpochSec: 0}3706267d-b1e5-497c-b8ee-f9aaec0fcf2c{ip: 10.1.0.7, host: fv-az205-634.k2gd1z4tyxsu3cbgyjsjq30zwf.jx.internal.cloudapp.net, ports: [REPLICATION=33611, RATIS=40063, RATIS_ADMIN=40063, RATIS_SERVER=40063, STANDALONE=37711], networkLocation: /default-rack, certSerialId: null, persistedOpState: IN_SERVICE, persistedOpStateExpiryEpochSec: 0}3e07bada-20ca-43dd-a36a-6fd4f7654e72{ip: 10.1.0.7, host: fv-az205-634.k2gd1z4tyxsu3cbgyjsjq30zwf.jx.internal.cloudapp.net, ports: [REPLICATION=34309, RATIS=34107, RATIS_ADMIN=34107, RATIS_SERVER=34107, STANDALONE=43141], networkLocation: /default-rack, certSerialId: null, persistedOpState: IN_SERVICE, persistedOpStateExpiryEpochSec: 0}, ReplicationConfig: RATIS/THREE, State:OPEN, leaderId:3706267d-b1e5-497c-b8ee-f9aaec0fcf2c, CreationTimestamp2022-12-02T11:12:23.945Z[Etc/UTC]] moved to CLOSED state
2022-12-02 11:12:37,937 [Listener at 127.0.0.1/39085] INFO  pipeline.RatisPipelineProvider (RatisPipelineProvider.java:lambda$close$1(244)) - Send pipeline:PipelineID=4fea4174-328a-4927-a02f-526a283f80c5 close command to datanode 64d479e5-fe0e-4358-9b9b-67f62582a254
2022-12-02 11:12:37,938 [Listener at 127.0.0.1/39085] INFO  pipeline.RatisPipelineProvider (RatisPipelineProvider.java:lambda$close$1(244)) - Send pipeline:PipelineID=4fea4174-328a-4927-a02f-526a283f80c5 close command to datanode 3706267d-b1e5-497c-b8ee-f9aaec0fcf2c
2022-12-02 11:12:37,939 [Listener at 127.0.0.1/39085] INFO  pipeline.RatisPipelineProvider (RatisPipelineProvider.java:lambda$close$1(244)) - Send pipeline:PipelineID=4fea4174-328a-4927-a02f-526a283f80c5 close command to datanode 3e07bada-20ca-43dd-a36a-6fd4f7654e72
2022-12-02 11:12:37,942 [b564bb99-cd76-4902-8e37-bc5f128935f0-server-thread1] INFO  ratis.XceiverServerRatis (XceiverServerRatis.java:handleLeaderChangedNotification(863)) - Leader change notification received for group: group-B9E5E6AFD6D0 with new leaderId: e3d3c1c6-e4ea-41ff-8088-7f0be060b7c0
2022-12-02 11:12:37,942 [b564bb99-cd76-4902-8e37-bc5f128935f0-server-thread1] INFO  server.RaftServer$Division (ServerState.java:setLeader(313)) - b564bb99-cd76-4902-8e37-bc5f128935f0@group-B9E5E6AFD6D0: change Leader from null to e3d3c1c6-e4ea-41ff-8088-7f0be060b7c0 at term 2 for appendEntries, leader elected after 10400ms
2022-12-02 11:12:37,944 [Listener at 127.0.0.1/39085] INFO  pipeline.PipelineStateManagerImpl (PipelineStateManagerImpl.java:removePipeline(245)) - Pipeline Pipeline[ Id: 4fea4174-328a-4927-a02f-526a283f80c5, Nodes: 64d479e5-fe0e-4358-9b9b-67f62582a254{ip: 10.1.0.7, host: fv-az205-634.k2gd1z4tyxsu3cbgyjsjq30zwf.jx.internal.cloudapp.net, ports: [REPLICATION=40075, RATIS=43823, RATIS_ADMIN=43823, RATIS_SERVER=43823, STANDALONE=41557], networkLocation: /default-rack, certSerialId: null, persistedOpState: IN_SERVICE, persistedOpStateExpiryEpochSec: 0}3706267d-b1e5-497c-b8ee-f9aaec0fcf2c{ip: 10.1.0.7, host: fv-az205-634.k2gd1z4tyxsu3cbgyjsjq30zwf.jx.internal.cloudapp.net, ports: [REPLICATION=33611, RATIS=40063, RATIS_ADMIN=40063, RATIS_SERVER=40063, STANDALONE=37711], networkLocation: /default-rack, certSerialId: null, persistedOpState: IN_SERVICE, persistedOpStateExpiryEpochSec: 0}3e07bada-20ca-43dd-a36a-6fd4f7654e72{ip: 10.1.0.7, host: fv-az205-634.k2gd1z4tyxsu3cbgyjsjq30zwf.jx.internal.cloudapp.net, ports: [REPLICATION=34309, RATIS=34107, RATIS_ADMIN=34107, RATIS_SERVER=34107, STANDALONE=43141], networkLocation: /default-rack, certSerialId: null, persistedOpState: IN_SERVICE, persistedOpStateExpiryEpochSec: 0}, ReplicationConfig: RATIS/THREE, State:CLOSED, leaderId:3706267d-b1e5-497c-b8ee-f9aaec0fcf2c, CreationTimestamp2022-12-02T11:12:23.945Z[Etc/UTC]] removed.
2022-12-02 11:12:37,944 [0f1be7e8-a3b4-460a-8434-ebd9767358ca-server-thread1] INFO  ratis.XceiverServerRatis (XceiverServerRatis.java:handleLeaderChangedNotification(863)) - Leader change notification received for group: group-B9E5E6AFD6D0 with new leaderId: e3d3c1c6-e4ea-41ff-8088-7f0be060b7c0
2022-12-02 11:12:37,944 [0f1be7e8-a3b4-460a-8434-ebd9767358ca-server-thread1] INFO  server.RaftServer$Division (ServerState.java:setLeader(313)) - 0f1be7e8-a3b4-460a-8434-ebd9767358ca@group-B9E5E6AFD6D0: change Leader from null to e3d3c1c6-e4ea-41ff-8088-7f0be060b7c0 at term 2 for appendEntries, leader elected after 10471ms
2022-12-02 11:12:37,945 [Listener at 127.0.0.1/39085] INFO  pipeline.PipelineManagerImpl (PipelineManagerImpl.java:closePipeline(442)) - Pipeline Pipeline[ Id: 87a40351-ee62-4248-9c66-9bab1271616b, Nodes: e3d3c1c6-e4ea-41ff-8088-7f0be060b7c0{ip: 10.1.0.7, host: fv-az205-634.k2gd1z4tyxsu3cbgyjsjq30zwf.jx.internal.cloudapp.net, ports: [REPLICATION=38697, RATIS=41167, RATIS_ADMIN=41167, RATIS_SERVER=41167, STANDALONE=44387], networkLocation: /default-rack, certSerialId: null, persistedOpState: IN_SERVICE, persistedOpStateExpiryEpochSec: 0}b564bb99-cd76-4902-8e37-bc5f128935f0{ip: 10.1.0.7, host: fv-az205-634.k2gd1z4tyxsu3cbgyjsjq30zwf.jx.internal.cloudapp.net, ports: [REPLICATION=46417, RATIS=39915, RATIS_ADMIN=39915, RATIS_SERVER=39915, STANDALONE=36599], networkLocation: /default-rack, certSerialId: null, persistedOpState: IN_SERVICE, persistedOpStateExpiryEpochSec: 0}0f1be7e8-a3b4-460a-8434-ebd9767358ca{ip: 10.1.0.7, host: fv-az205-634.k2gd1z4tyxsu3cbgyjsjq30zwf.jx.internal.cloudapp.net, ports: [REPLICATION=45647, RATIS=37191, RATIS_ADMIN=37191, RATIS_SERVER=37191, STANDALONE=34631], networkLocation: /default-rack, certSerialId: null, persistedOpState: IN_SERVICE, persistedOpStateExpiryEpochSec: 0}, ReplicationConfig: RATIS/THREE, State:OPEN, leaderId:b564bb99-cd76-4902-8e37-bc5f128935f0, CreationTimestamp2022-12-02T11:12:25.516Z[Etc/UTC]] moved to CLOSED state
2022-12-02 11:12:37,945 [Listener at 127.0.0.1/39085] INFO  pipeline.RatisPipelineProvider (RatisPipelineProvider.java:lambda$close$1(244)) - Send pipeline:PipelineID=87a40351-ee62-4248-9c66-9bab1271616b close command to datanode e3d3c1c6-e4ea-41ff-8088-7f0be060b7c0
2022-12-02 11:12:37,945 [Listener at 127.0.0.1/39085] INFO  pipeline.RatisPipelineProvider (RatisPipelineProvider.java:lambda$close$1(244)) - Send pipeline:PipelineID=87a40351-ee62-4248-9c66-9bab1271616b close command to datanode b564bb99-cd76-4902-8e37-bc5f128935f0
2022-12-02 11:12:37,945 [Listener at 127.0.0.1/39085] INFO  pipeline.RatisPipelineProvider (RatisPipelineProvider.java:lambda$close$1(244)) - Send pipeline:PipelineID=87a40351-ee62-4248-9c66-9bab1271616b close command to datanode 0f1be7e8-a3b4-460a-8434-ebd9767358ca
2022-12-02 11:12:37,947 [Listener at 127.0.0.1/39085] INFO  pipeline.PipelineStateManagerImpl (PipelineStateManagerImpl.java:removePipeline(245)) - Pipeline Pipeline[ Id: 87a40351-ee62-4248-9c66-9bab1271616b, Nodes: e3d3c1c6-e4ea-41ff-8088-7f0be060b7c0{ip: 10.1.0.7, host: fv-az205-634.k2gd1z4tyxsu3cbgyjsjq30zwf.jx.internal.cloudapp.net, ports: [REPLICATION=38697, RATIS=41167, RATIS_ADMIN=41167, RATIS_SERVER=41167, STANDALONE=44387], networkLocation: /default-rack, certSerialId: null, persistedOpState: IN_SERVICE, persistedOpStateExpiryEpochSec: 0}b564bb99-cd76-4902-8e37-bc5f128935f0{ip: 10.1.0.7, host: fv-az205-634.k2gd1z4tyxsu3cbgyjsjq30zwf.jx.internal.cloudapp.net, ports: [REPLICATION=46417, RATIS=39915, RATIS_ADMIN=39915, RATIS_SERVER=39915, STANDALONE=36599], networkLocation: /default-rack, certSerialId: null, persistedOpState: IN_SERVICE, persistedOpStateExpiryEpochSec: 0}0f1be7e8-a3b4-460a-8434-ebd9767358ca{ip: 10.1.0.7, host: fv-az205-634.k2gd1z4tyxsu3cbgyjsjq30zwf.jx.internal.cloudapp.net, ports: [REPLICATION=45647, RATIS=37191, RATIS_ADMIN=37191, RATIS_SERVER=37191, STANDALONE=34631], networkLocation: /default-rack, certSerialId: null, persistedOpState: IN_SERVICE, persistedOpStateExpiryEpochSec: 0}, ReplicationConfig: RATIS/THREE, State:CLOSED, leaderId:b564bb99-cd76-4902-8e37-bc5f128935f0, CreationTimestamp2022-12-02T11:12:25.516Z[Etc/UTC]] removed.
2022-12-02 11:12:37,947 [Listener at 127.0.0.1/39085] INFO  pipeline.PipelineManagerImpl (PipelineManagerImpl.java:closePipeline(442)) - Pipeline Pipeline[ Id: 52343237-7572-48b8-8fc7-b9e5e6afd6d0, Nodes: b564bb99-cd76-4902-8e37-bc5f128935f0{ip: 10.1.0.7, host: fv-az205-634.k2gd1z4tyxsu3cbgyjsjq30zwf.jx.internal.cloudapp.net, ports: [REPLICATION=46417, RATIS=39915, RATIS_ADMIN=39915, RATIS_SERVER=39915, STANDALONE=36599], networkLocation: /default-rack, certSerialId: null, persistedOpState: IN_SERVICE, persistedOpStateExpiryEpochSec: 0}e3d3c1c6-e4ea-41ff-8088-7f0be060b7c0{ip: 10.1.0.7, host: fv-az205-634.k2gd1z4tyxsu3cbgyjsjq30zwf.jx.internal.cloudapp.net, ports: [REPLICATION=38697, RATIS=41167, RATIS_ADMIN=41167, RATIS_SERVER=41167, STANDALONE=44387], networkLocation: /default-rack, certSerialId: null, persistedOpState: IN_SERVICE, persistedOpStateExpiryEpochSec: 0}0f1be7e8-a3b4-460a-8434-ebd9767358ca{ip: 10.1.0.7, host: fv-az205-634.k2gd1z4tyxsu3cbgyjsjq30zwf.jx.internal.cloudapp.net, ports: [REPLICATION=45647, RATIS=37191, RATIS_ADMIN=37191, RATIS_SERVER=37191, STANDALONE=34631], networkLocation: /default-rack, certSerialId: null, persistedOpState: IN_SERVICE, persistedOpStateExpiryEpochSec: 0}, ReplicationConfig: RATIS/THREE, State:OPEN, leaderId:e3d3c1c6-e4ea-41ff-8088-7f0be060b7c0, CreationTimestamp2022-12-02T11:12:25.513Z[Etc/UTC]] moved to CLOSED state
2022-12-02 11:12:37,947 [Listener at 127.0.0.1/39085] INFO  pipeline.RatisPipelineProvider (RatisPipelineProvider.java:lambda$close$1(244)) - Send pipeline:PipelineID=52343237-7572-48b8-8fc7-b9e5e6afd6d0 close command to datanode b564bb99-cd76-4902-8e37-bc5f128935f0
2022-12-02 11:12:37,948 [Listener at 127.0.0.1/39085] INFO  pipeline.RatisPipelineProvider (RatisPipelineProvider.java:lambda$close$1(244)) - Send pipeline:PipelineID=52343237-7572-48b8-8fc7-b9e5e6afd6d0 close command to datanode e3d3c1c6-e4ea-41ff-8088-7f0be060b7c0
2022-12-02 11:12:37,948 [Listener at 127.0.0.1/39085] INFO  pipeline.RatisPipelineProvider (RatisPipelineProvider.java:lambda$close$1(244)) - Send pipeline:PipelineID=52343237-7572-48b8-8fc7-b9e5e6afd6d0 close command to datanode 0f1be7e8-a3b4-460a-8434-ebd9767358ca
2022-12-02 11:12:37,950 [Listener at 127.0.0.1/39085] INFO  pipeline.PipelineStateManagerImpl (PipelineStateManagerImpl.java:removePipeline(245)) - Pipeline Pipeline[ Id: 52343237-7572-48b8-8fc7-b9e5e6afd6d0, Nodes: b564bb99-cd76-4902-8e37-bc5f128935f0{ip: 10.1.0.7, host: fv-az205-634.k2gd1z4tyxsu3cbgyjsjq30zwf.jx.internal.cloudapp.net, ports: [REPLICATION=46417, RATIS=39915, RATIS_ADMIN=39915, RATIS_SERVER=39915, STANDALONE=36599], networkLocation: /default-rack, certSerialId: null, persistedOpState: IN_SERVICE, persistedOpStateExpiryEpochSec: 0}e3d3c1c6-e4ea-41ff-8088-7f0be060b7c0{ip: 10.1.0.7, host: fv-az205-634.k2gd1z4tyxsu3cbgyjsjq30zwf.jx.internal.cloudapp.net, ports: [REPLICATION=38697, RATIS=41167, RATIS_ADMIN=41167, RATIS_SERVER=41167, STANDALONE=44387], networkLocation: /default-rack, certSerialId: null, persistedOpState: IN_SERVICE, persistedOpStateExpiryEpochSec: 0}0f1be7e8-a3b4-460a-8434-ebd9767358ca{ip: 10.1.0.7, host: fv-az205-634.k2gd1z4tyxsu3cbgyjsjq30zwf.jx.internal.cloudapp.net, ports: [REPLICATION=45647, RATIS=37191, RATIS_ADMIN=37191, RATIS_SERVER=37191, STANDALONE=34631], networkLocation: /default-rack, certSerialId: null, persistedOpState: IN_SERVICE, persistedOpStateExpiryEpochSec: 0}, ReplicationConfig: RATIS/THREE, State:CLOSED, leaderId:e3d3c1c6-e4ea-41ff-8088-7f0be060b7c0, CreationTimestamp2022-12-02T11:12:25.513Z[Etc/UTC]] removed.
2022-12-02 11:12:37,960 [0f1be7e8-a3b4-460a-8434-ebd9767358ca-server-thread3] INFO  server.RaftServer$Division (ServerState.java:setRaftConf(430)) - 0f1be7e8-a3b4-460a-8434-ebd9767358ca@group-B9E5E6AFD6D0: set configuration 0: peers:[e3d3c1c6-e4ea-41ff-8088-7f0be060b7c0|rpc:10.1.0.7:41167|dataStream:|priority:1|startupRole:FOLLOWER, b564bb99-cd76-4902-8e37-bc5f128935f0|rpc:10.1.0.7:39915|dataStream:|priority:0|startupRole:FOLLOWER, 0f1be7e8-a3b4-460a-8434-ebd9767358ca|rpc:10.1.0.7:37191|dataStream:|priority:0|startupRole:FOLLOWER]|listeners:[], old=null
2022-12-02 11:12:37,960 [0f1be7e8-a3b4-460a-8434-ebd9767358ca-server-thread3] INFO  segmented.SegmentedRaftLogWorker (SegmentedRaftLogWorker.java:startLogSegment(452)) - 0f1be7e8-a3b4-460a-8434-ebd9767358ca@group-B9E5E6AFD6D0-SegmentedRaftLogWorker: Starting segment from index:0
2022-12-02 11:12:37,960 [b564bb99-cd76-4902-8e37-bc5f128935f0-server-thread3] INFO  server.RaftServer$Division (ServerState.java:setRaftConf(430)) - b564bb99-cd76-4902-8e37-bc5f128935f0@group-B9E5E6AFD6D0: set configuration 0: peers:[e3d3c1c6-e4ea-41ff-8088-7f0be060b7c0|rpc:10.1.0.7:41167|dataStream:|priority:1|startupRole:FOLLOWER, b564bb99-cd76-4902-8e37-bc5f128935f0|rpc:10.1.0.7:39915|dataStream:|priority:0|startupRole:FOLLOWER, 0f1be7e8-a3b4-460a-8434-ebd9767358ca|rpc:10.1.0.7:37191|dataStream:|priority:0|startupRole:FOLLOWER]|listeners:[], old=null
2022-12-02 11:12:37,961 [b564bb99-cd76-4902-8e37-bc5f128935f0-server-thread3] INFO  segmented.SegmentedRaftLogWorker (SegmentedRaftLogWorker.java:startLogSegment(452)) - b564bb99-cd76-4902-8e37-bc5f128935f0@group-B9E5E6AFD6D0-SegmentedRaftLogWorker: Starting segment from index:0
2022-12-02 11:12:37,968 [0f1be7e8-a3b4-460a-8434-ebd9767358ca-server-thread1] INFO  ratis.XceiverServerRatis (XceiverServerRatis.java:handleLeaderChangedNotification(863)) - Leader change notification received for group: group-9BAB1271616B with new leaderId: b564bb99-cd76-4902-8e37-bc5f128935f0
2022-12-02 11:12:37,968 [0f1be7e8-a3b4-460a-8434-ebd9767358ca-server-thread1] INFO  server.RaftServer$Division (ServerState.java:setLeader(313)) - 0f1be7e8-a3b4-460a-8434-ebd9767358ca@group-9BAB1271616B: change Leader from null to b564bb99-cd76-4902-8e37-bc5f128935f0 at term 2 for appendEntries, leader elected after 10283ms
2022-12-02 11:12:37,970 [0f1be7e8-a3b4-460a-8434-ebd9767358ca-server-thread1] INFO  server.RaftServer$Division (ServerState.java:setRaftConf(430)) - 0f1be7e8-a3b4-460a-8434-ebd9767358ca@group-9BAB1271616B: set configuration 0: peers:[e3d3c1c6-e4ea-41ff-8088-7f0be060b7c0|rpc:10.1.0.7:41167|dataStream:|priority:0|startupRole:FOLLOWER, b564bb99-cd76-4902-8e37-bc5f128935f0|rpc:10.1.0.7:39915|dataStream:|priority:1|startupRole:FOLLOWER, 0f1be7e8-a3b4-460a-8434-ebd9767358ca|rpc:10.1.0.7:37191|dataStream:|priority:0|startupRole:FOLLOWER]|listeners:[], old=null
2022-12-02 11:12:37,970 [0f1be7e8-a3b4-460a-8434-ebd9767358ca-server-thread1] INFO  segmented.SegmentedRaftLogWorker (SegmentedRaftLogWorker.java:startLogSegment(452)) - 0f1be7e8-a3b4-460a-8434-ebd9767358ca@group-9BAB1271616B-SegmentedRaftLogWorker: Starting segment from index:0
2022-12-02 11:12:37,981 [0f1be7e8-a3b4-460a-8434-ebd9767358ca@group-B9E5E6AFD6D0-SegmentedRaftLogWorker] INFO  segmented.SegmentedRaftLogWorker (SegmentedRaftLogWorker.java:execute(656)) - 0f1be7e8-a3b4-460a-8434-ebd9767358ca@group-B9E5E6AFD6D0-SegmentedRaftLogWorker: created new log segment /home/runner/work/ozone/ozone/hadoop-ozone/integration-test/target/test-dir/MiniOzoneClusterImpl-89ec7bf9-65dc-45db-bd6d-bd896179de2e/datanode-3/data/ratis/52343237-7572-48b8-8fc7-b9e5e6afd6d0/current/log_inprogress_0
2022-12-02 11:12:37,981 [0f1be7e8-a3b4-460a-8434-ebd9767358ca@group-9BAB1271616B-SegmentedRaftLogWorker] INFO  segmented.SegmentedRaftLogWorker (SegmentedRaftLogWorker.java:execute(656)) - 0f1be7e8-a3b4-460a-8434-ebd9767358ca@group-9BAB1271616B-SegmentedRaftLogWorker: created new log segment /home/runner/work/ozone/ozone/hadoop-ozone/integration-test/target/test-dir/MiniOzoneClusterImpl-89ec7bf9-65dc-45db-bd6d-bd896179de2e/datanode-3/data/ratis/87a40351-ee62-4248-9c66-9bab1271616b/current/log_inprogress_0
2022-12-02 11:12:37,981 [b564bb99-cd76-4902-8e37-bc5f128935f0@group-B9E5E6AFD6D0-SegmentedRaftLogWorker] INFO  segmented.SegmentedRaftLogWorker (SegmentedRaftLogWorker.java:execute(656)) - b564bb99-cd76-4902-8e37-bc5f128935f0@group-B9E5E6AFD6D0-SegmentedRaftLogWorker: created new log segment /home/runner/work/ozone/ozone/hadoop-ozone/integration-test/target/test-dir/MiniOzoneClusterImpl-89ec7bf9-65dc-45db-bd6d-bd896179de2e/datanode-4/data/ratis/52343237-7572-48b8-8fc7-b9e5e6afd6d0/current/log_inprogress_0
2022-12-02 11:12:37,986 [e3d3c1c6-e4ea-41ff-8088-7f0be060b7c0-server-thread2] INFO  ratis.XceiverServerRatis (XceiverServerRatis.java:handleLeaderChangedNotification(863)) - Leader change notification received for group: group-9BAB1271616B with new leaderId: b564bb99-cd76-4902-8e37-bc5f128935f0
2022-12-02 11:12:37,986 [e3d3c1c6-e4ea-41ff-8088-7f0be060b7c0-server-thread2] INFO  server.RaftServer$Division (ServerState.java:setLeader(313)) - e3d3c1c6-e4ea-41ff-8088-7f0be060b7c0@group-9BAB1271616B: change Leader from null to b564bb99-cd76-4902-8e37-bc5f128935f0 at term 2 for appendEntries, leader elected after 10239ms
2022-12-02 11:12:37,995 [e3d3c1c6-e4ea-41ff-8088-7f0be060b7c0-server-thread1] INFO  server.RaftServer$Division (ServerState.java:setRaftConf(430)) - e3d3c1c6-e4ea-41ff-8088-7f0be060b7c0@group-9BAB1271616B: set configuration 0: peers:[e3d3c1c6-e4ea-41ff-8088-7f0be060b7c0|rpc:10.1.0.7:41167|dataStream:|priority:0|startupRole:FOLLOWER, b564bb99-cd76-4902-8e37-bc5f128935f0|rpc:10.1.0.7:39915|dataStream:|priority:1|startupRole:FOLLOWER, 0f1be7e8-a3b4-460a-8434-ebd9767358ca|rpc:10.1.0.7:37191|dataStream:|priority:0|startupRole:FOLLOWER]|listeners:[], old=null
2022-12-02 11:12:38,001 [e3d3c1c6-e4ea-41ff-8088-7f0be060b7c0-server-thread1] INFO  segmented.SegmentedRaftLogWorker (SegmentedRaftLogWorker.java:startLogSegment(452)) - e3d3c1c6-e4ea-41ff-8088-7f0be060b7c0@group-9BAB1271616B-SegmentedRaftLogWorker: Starting segment from index:0
2022-12-02 11:12:38,012 [e3d3c1c6-e4ea-41ff-8088-7f0be060b7c0@group-9BAB1271616B-SegmentedRaftLogWorker] INFO  segmented.SegmentedRaftLogWorker (SegmentedRaftLogWorker.java:execute(656)) - e3d3c1c6-e4ea-41ff-8088-7f0be060b7c0@group-9BAB1271616B-SegmentedRaftLogWorker: created new log segment /home/runner/work/ozone/ozone/hadoop-ozone/integration-test/target/test-dir/MiniOzoneClusterImpl-89ec7bf9-65dc-45db-bd6d-bd896179de2e/datanode-5/data/ratis/87a40351-ee62-4248-9c66-9bab1271616b/current/log_inprogress_0
2022-12-02 11:12:38,205 [EventQueue-CommandQueueReportForCommandQueueReportHandler] WARN  events.EventQueue (EventQueue.java:fireEvent(216)) - No event handler registered for event TypedEvent{payloadType=DatanodeDetails, name='Datanode_Command_Queue_Updated'}
2022-12-02 11:12:38,681 [EventQueue-CommandQueueReportForCommandQueueReportHandler] WARN  events.EventQueue (EventQueue.java:fireEvent(216)) - No event handler registered for event TypedEvent{payloadType=DatanodeDetails, name='Datanode_Command_Queue_Updated'}
2022-12-02 11:12:38,873 [EventQueue-CommandQueueReportForCommandQueueReportHandler] WARN  events.EventQueue (EventQueue.java:fireEvent(216)) - No event handler registered for event TypedEvent{payloadType=DatanodeDetails, name='Datanode_Command_Queue_Updated'}
2022-12-02 11:12:39,202 [Command processor thread] INFO  server.RaftServer (RaftServerProxy.java:remove(107)) - 3e07bada-20ca-43dd-a36a-6fd4f7654e72: remove  FOLLOWER 3e07bada-20ca-43dd-a36a-6fd4f7654e72@group-526A283F80C5:t2, leader=3706267d-b1e5-497c-b8ee-f9aaec0fcf2c, voted=3706267d-b1e5-497c-b8ee-f9aaec0fcf2c, raftlog=Memoized:3e07bada-20ca-43dd-a36a-6fd4f7654e72@group-526A283F80C5-SegmentedRaftLog:OPENED:c0, conf=0: peers:[3706267d-b1e5-497c-b8ee-f9aaec0fcf2c|rpc:10.1.0.7:40063|dataStream:|priority:1|startupRole:FOLLOWER, 64d479e5-fe0e-4358-9b9b-67f62582a254|rpc:10.1.0.7:43823|dataStream:|priority:0|startupRole:FOLLOWER, 3e07bada-20ca-43dd-a36a-6fd4f7654e72|rpc:10.1.0.7:34107|dataStream:|priority:0|startupRole:FOLLOWER]|listeners:[], old=null RUNNING
2022-12-02 11:12:39,204 [Command processor thread] INFO  server.RaftServer$Division (RaftServerImpl.java:lambda$close$4(458)) - 3e07bada-20ca-43dd-a36a-6fd4f7654e72@group-526A283F80C5: shutdown
2022-12-02 11:12:39,205 [Command processor thread] INFO  util.JmxRegister (JmxRegister.java:unregister(73)) - Successfully un-registered JMX Bean with object name Ratis:service=RaftServer,group=group-526A283F80C5,id=3e07bada-20ca-43dd-a36a-6fd4f7654e72
2022-12-02 11:12:39,205 [Command processor thread] INFO  impl.RoleInfo (RoleInfo.java:shutdownFollowerState(110)) - 3e07bada-20ca-43dd-a36a-6fd4f7654e72: shutdown 3e07bada-20ca-43dd-a36a-6fd4f7654e72@group-526A283F80C5-FollowerState
2022-12-02 11:12:39,205 [3e07bada-20ca-43dd-a36a-6fd4f7654e72@group-526A283F80C5-FollowerState] INFO  impl.FollowerState (FollowerState.java:run(152)) - 3e07bada-20ca-43dd-a36a-6fd4f7654e72@group-526A283F80C5-FollowerState was interrupted
2022-12-02 11:12:39,206 [Command processor thread] INFO  impl.StateMachineUpdater (StateMachineUpdater.java:stopAndJoin(153)) - 3e07bada-20ca-43dd-a36a-6fd4f7654e72@group-526A283F80C5-StateMachineUpdater: set stopIndex = 0
2022-12-02 11:12:39,207 [3e07bada-20ca-43dd-a36a-6fd4f7654e72@group-526A283F80C5-StateMachineUpdater] INFO  ratis.ContainerStateMachine (ContainerStateMachine.java:takeSnapshot(304)) - group-526A283F80C5: Taking a snapshot at:(t:2, i:0) file /home/runner/work/ozone/ozone/hadoop-ozone/integration-test/target/test-dir/MiniOzoneClusterImpl-89ec7bf9-65dc-45db-bd6d-bd896179de2e/datanode-2/data/ratis/4fea4174-328a-4927-a02f-526a283f80c5/sm/snapshot.2_0
2022-12-02 11:12:39,249 [3e07bada-20ca-43dd-a36a-6fd4f7654e72@group-526A283F80C5-StateMachineUpdater] INFO  ratis.ContainerStateMachine (ContainerStateMachine.java:takeSnapshot(315)) - group-526A283F80C5: Finished taking a snapshot at:(t:2, i:0) file:/home/runner/work/ozone/ozone/hadoop-ozone/integration-test/target/test-dir/MiniOzoneClusterImpl-89ec7bf9-65dc-45db-bd6d-bd896179de2e/datanode-2/data/ratis/4fea4174-328a-4927-a02f-526a283f80c5/sm/snapshot.2_0 took: 42 ms
2022-12-02 11:12:39,251 [3e07bada-20ca-43dd-a36a-6fd4f7654e72@group-526A283F80C5-StateMachineUpdater] INFO  impl.StateMachineUpdater (StateMachineUpdater.java:takeSnapshot(287)) - 3e07bada-20ca-43dd-a36a-6fd4f7654e72@group-526A283F80C5-StateMachineUpdater: Took a snapshot at index 0
2022-12-02 11:12:39,252 [3e07bada-20ca-43dd-a36a-6fd4f7654e72@group-526A283F80C5-StateMachineUpdater] INFO  impl.StateMachineUpdater (StateMachineUpdater.java:lambda$new$0(92)) - 3e07bada-20ca-43dd-a36a-6fd4f7654e72@group-526A283F80C5-StateMachineUpdater: snapshotIndex: updateIncreasingly -1 -> 0
2022-12-02 11:12:39,255 [Command processor thread] INFO  server.RaftServer$Division (ServerState.java:close(466)) - 3e07bada-20ca-43dd-a36a-6fd4f7654e72@group-526A283F80C5: closes. applyIndex: 0
2022-12-02 11:12:39,256 [3e07bada-20ca-43dd-a36a-6fd4f7654e72@group-526A283F80C5-SegmentedRaftLogWorker] INFO  segmented.SegmentedRaftLogWorker (SegmentedRaftLogWorker.java:run(347)) - 3e07bada-20ca-43dd-a36a-6fd4f7654e72@group-526A283F80C5-SegmentedRaftLogWorker was interrupted, exiting. There are 0 tasks remaining in the queue.
2022-12-02 11:12:39,258 [Command processor thread] INFO  segmented.SegmentedRaftLogWorker (SegmentedRaftLogWorker.java:close(257)) - 3e07bada-20ca-43dd-a36a-6fd4f7654e72@group-526A283F80C5-SegmentedRaftLogWorker close()
2022-12-02 11:12:39,270 [Command processor thread] INFO  server.RaftServer$Division (RaftServerImpl.java:groupRemove(428)) - 3e07bada-20ca-43dd-a36a-6fd4f7654e72@group-526A283F80C5: Succeed to remove RaftStorageDirectory Storage Directory /home/runner/work/ozone/ozone/hadoop-ozone/integration-test/target/test-dir/MiniOzoneClusterImpl-89ec7bf9-65dc-45db-bd6d-bd896179de2e/datanode-2/data/ratis/4fea4174-328a-4927-a02f-526a283f80c5
2022-12-02 11:12:39,270 [Command processor thread] INFO  commandhandler.ClosePipelineCommandHandler (ClosePipelineCommandHandler.java:handle(78)) - Close Pipeline PipelineID=4fea4174-328a-4927-a02f-526a283f80c5 command on datanode 3e07bada-20ca-43dd-a36a-6fd4f7654e72.
2022-12-02 11:12:39,329 [EventQueue-CommandQueueReportForCommandQueueReportHandler] WARN  events.EventQueue (EventQueue.java:fireEvent(216)) - No event handler registered for event TypedEvent{payloadType=DatanodeDetails, name='Datanode_Command_Queue_Updated'}
2022-12-02 11:12:39,679 [Command processor thread] INFO  server.RaftServer (RaftServerProxy.java:remove(107)) - 0f1be7e8-a3b4-460a-8434-ebd9767358ca: remove  FOLLOWER 0f1be7e8-a3b4-460a-8434-ebd9767358ca@group-9BAB1271616B:t2, leader=b564bb99-cd76-4902-8e37-bc5f128935f0, voted=b564bb99-cd76-4902-8e37-bc5f128935f0, raftlog=Memoized:0f1be7e8-a3b4-460a-8434-ebd9767358ca@group-9BAB1271616B-SegmentedRaftLog:OPENED:c0, conf=0: peers:[e3d3c1c6-e4ea-41ff-8088-7f0be060b7c0|rpc:10.1.0.7:41167|dataStream:|priority:0|startupRole:FOLLOWER, b564bb99-cd76-4902-8e37-bc5f128935f0|rpc:10.1.0.7:39915|dataStream:|priority:1|startupRole:FOLLOWER, 0f1be7e8-a3b4-460a-8434-ebd9767358ca|rpc:10.1.0.7:37191|dataStream:|priority:0|startupRole:FOLLOWER]|listeners:[], old=null RUNNING
2022-12-02 11:12:39,679 [Command processor thread] INFO  server.RaftServer$Division (RaftServerImpl.java:lambda$close$4(458)) - 0f1be7e8-a3b4-460a-8434-ebd9767358ca@group-9BAB1271616B: shutdown
2022-12-02 11:12:39,680 [Command processor thread] INFO  util.JmxRegister (JmxRegister.java:unregister(73)) - Successfully un-registered JMX Bean with object name Ratis:service=RaftServer,group=group-9BAB1271616B,id=0f1be7e8-a3b4-460a-8434-ebd9767358ca
2022-12-02 11:12:39,680 [Command processor thread] INFO  impl.RoleInfo (RoleInfo.java:shutdownFollowerState(110)) - 0f1be7e8-a3b4-460a-8434-ebd9767358ca: shutdown 0f1be7e8-a3b4-460a-8434-ebd9767358ca@group-9BAB1271616B-FollowerState
2022-12-02 11:12:39,680 [Command processor thread] INFO  impl.StateMachineUpdater (StateMachineUpdater.java:stopAndJoin(153)) - 0f1be7e8-a3b4-460a-8434-ebd9767358ca@group-9BAB1271616B-StateMachineUpdater: set stopIndex = 0
2022-12-02 11:12:39,680 [0f1be7e8-a3b4-460a-8434-ebd9767358ca@group-9BAB1271616B-FollowerState] INFO  impl.FollowerState (FollowerState.java:run(152)) - 0f1be7e8-a3b4-460a-8434-ebd9767358ca@group-9BAB1271616B-FollowerState was interrupted
2022-12-02 11:12:39,682 [0f1be7e8-a3b4-460a-8434-ebd9767358ca@group-9BAB1271616B-StateMachineUpdater] INFO  ratis.ContainerStateMachine (ContainerStateMachine.java:takeSnapshot(304)) - group-9BAB1271616B: Taking a snapshot at:(t:2, i:0) file /home/runner/work/ozone/ozone/hadoop-ozone/integration-test/target/test-dir/MiniOzoneClusterImpl-89ec7bf9-65dc-45db-bd6d-bd896179de2e/datanode-3/data/ratis/87a40351-ee62-4248-9c66-9bab1271616b/sm/snapshot.2_0
2022-12-02 11:12:39,683 [0f1be7e8-a3b4-460a-8434-ebd9767358ca@group-9BAB1271616B-StateMachineUpdater] INFO  ratis.ContainerStateMachine (ContainerStateMachine.java:takeSnapshot(315)) - group-9BAB1271616B: Finished taking a snapshot at:(t:2, i:0) file:/home/runner/work/ozone/ozone/hadoop-ozone/integration-test/target/test-dir/MiniOzoneClusterImpl-89ec7bf9-65dc-45db-bd6d-bd896179de2e/datanode-3/data/ratis/87a40351-ee62-4248-9c66-9bab1271616b/sm/snapshot.2_0 took: 1 ms
2022-12-02 11:12:39,683 [0f1be7e8-a3b4-460a-8434-ebd9767358ca@group-9BAB1271616B-StateMachineUpdater] INFO  impl.StateMachineUpdater (StateMachineUpdater.java:takeSnapshot(287)) - 0f1be7e8-a3b4-460a-8434-ebd9767358ca@group-9BAB1271616B-StateMachineUpdater: Took a snapshot at index 0
2022-12-02 11:12:39,683 [0f1be7e8-a3b4-460a-8434-ebd9767358ca@group-9BAB1271616B-StateMachineUpdater] INFO  impl.StateMachineUpdater (StateMachineUpdater.java:lambda$new$0(92)) - 0f1be7e8-a3b4-460a-8434-ebd9767358ca@group-9BAB1271616B-StateMachineUpdater: snapshotIndex: updateIncreasingly -1 -> 0
2022-12-02 11:12:39,684 [Command processor thread] INFO  server.RaftServer$Division (ServerState.java:close(466)) - 0f1be7e8-a3b4-460a-8434-ebd9767358ca@group-9BAB1271616B: closes. applyIndex: 0
2022-12-02 11:12:39,684 [0f1be7e8-a3b4-460a-8434-ebd9767358ca@group-9BAB1271616B-SegmentedRaftLogWorker] INFO  segmented.SegmentedRaftLogWorker (SegmentedRaftLogWorker.java:run(347)) - 0f1be7e8-a3b4-460a-8434-ebd9767358ca@group-9BAB1271616B-SegmentedRaftLogWorker was interrupted, exiting. There are 0 tasks remaining in the queue.
2022-12-02 11:12:39,686 [Command processor thread] INFO  segmented.SegmentedRaftLogWorker (SegmentedRaftLogWorker.java:close(257)) - 0f1be7e8-a3b4-460a-8434-ebd9767358ca@group-9BAB1271616B-SegmentedRaftLogWorker close()
2022-12-02 11:12:39,688 [Command processor thread] INFO  server.RaftServer$Division (RaftServerImpl.java:groupRemove(428)) - 0f1be7e8-a3b4-460a-8434-ebd9767358ca@group-9BAB1271616B: Succeed to remove RaftStorageDirectory Storage Directory /home/runner/work/ozone/ozone/hadoop-ozone/integration-test/target/test-dir/MiniOzoneClusterImpl-89ec7bf9-65dc-45db-bd6d-bd896179de2e/datanode-3/data/ratis/87a40351-ee62-4248-9c66-9bab1271616b
2022-12-02 11:12:39,688 [Command processor thread] INFO  commandhandler.ClosePipelineCommandHandler (ClosePipelineCommandHandler.java:handle(78)) - Close Pipeline PipelineID=87a40351-ee62-4248-9c66-9bab1271616b command on datanode 0f1be7e8-a3b4-460a-8434-ebd9767358ca.
2022-12-02 11:12:39,689 [Command processor thread] INFO  server.RaftServer (RaftServerProxy.java:remove(107)) - 0f1be7e8-a3b4-460a-8434-ebd9767358ca: remove  FOLLOWER 0f1be7e8-a3b4-460a-8434-ebd9767358ca@group-B9E5E6AFD6D0:t2, leader=e3d3c1c6-e4ea-41ff-8088-7f0be060b7c0, voted=e3d3c1c6-e4ea-41ff-8088-7f0be060b7c0, raftlog=Memoized:0f1be7e8-a3b4-460a-8434-ebd9767358ca@group-B9E5E6AFD6D0-SegmentedRaftLog:OPENED:c0, conf=0: peers:[e3d3c1c6-e4ea-41ff-8088-7f0be060b7c0|rpc:10.1.0.7:41167|dataStream:|priority:1|startupRole:FOLLOWER, b564bb99-cd76-4902-8e37-bc5f128935f0|rpc:10.1.0.7:39915|dataStream:|priority:0|startupRole:FOLLOWER, 0f1be7e8-a3b4-460a-8434-ebd9767358ca|rpc:10.1.0.7:37191|dataStream:|priority:0|startupRole:FOLLOWER]|listeners:[], old=null RUNNING
2022-12-02 11:12:39,689 [Command processor thread] INFO  server.RaftServer$Division (RaftServerImpl.java:lambda$close$4(458)) - 0f1be7e8-a3b4-460a-8434-ebd9767358ca@group-B9E5E6AFD6D0: shutdown
2022-12-02 11:12:39,689 [Command processor thread] INFO  util.JmxRegister (JmxRegister.java:unregister(73)) - Successfully un-registered JMX Bean with object name Ratis:service=RaftServer,group=group-B9E5E6AFD6D0,id=0f1be7e8-a3b4-460a-8434-ebd9767358ca
2022-12-02 11:12:39,689 [Command processor thread] INFO  impl.RoleInfo (RoleInfo.java:shutdownFollowerState(110)) - 0f1be7e8-a3b4-460a-8434-ebd9767358ca: shutdown 0f1be7e8-a3b4-460a-8434-ebd9767358ca@group-B9E5E6AFD6D0-FollowerState
2022-12-02 11:12:39,689 [0f1be7e8-a3b4-460a-8434-ebd9767358ca@group-B9E5E6AFD6D0-FollowerState] INFO  impl.FollowerState (FollowerState.java:run(152)) - 0f1be7e8-a3b4-460a-8434-ebd9767358ca@group-B9E5E6AFD6D0-FollowerState was interrupted
2022-12-02 11:12:39,691 [Command processor thread] INFO  impl.StateMachineUpdater (StateMachineUpdater.java:stopAndJoin(153)) - 0f1be7e8-a3b4-460a-8434-ebd9767358ca@group-B9E5E6AFD6D0-StateMachineUpdater: set stopIndex = 0
2022-12-02 11:12:39,691 [0f1be7e8-a3b4-460a-8434-ebd9767358ca@group-B9E5E6AFD6D0-StateMachineUpdater] INFO  ratis.ContainerStateMachine (ContainerStateMachine.java:takeSnapshot(304)) - group-B9E5E6AFD6D0: Taking a snapshot at:(t:2, i:0) file /home/runner/work/ozone/ozone/hadoop-ozone/integration-test/target/test-dir/MiniOzoneClusterImpl-89ec7bf9-65dc-45db-bd6d-bd896179de2e/datanode-3/data/ratis/52343237-7572-48b8-8fc7-b9e5e6afd6d0/sm/snapshot.2_0
2022-12-02 11:12:39,692 [0f1be7e8-a3b4-460a-8434-ebd9767358ca@group-B9E5E6AFD6D0-StateMachineUpdater] INFO  ratis.ContainerStateMachine (ContainerStateMachine.java:takeSnapshot(315)) - group-B9E5E6AFD6D0: Finished taking a snapshot at:(t:2, i:0) file:/home/runner/work/ozone/ozone/hadoop-ozone/integration-test/target/test-dir/MiniOzoneClusterImpl-89ec7bf9-65dc-45db-bd6d-bd896179de2e/datanode-3/data/ratis/52343237-7572-48b8-8fc7-b9e5e6afd6d0/sm/snapshot.2_0 took: 1 ms
2022-12-02 11:12:39,692 [0f1be7e8-a3b4-460a-8434-ebd9767358ca@group-B9E5E6AFD6D0-StateMachineUpdater] INFO  impl.StateMachineUpdater (StateMachineUpdater.java:takeSnapshot(287)) - 0f1be7e8-a3b4-460a-8434-ebd9767358ca@group-B9E5E6AFD6D0-StateMachineUpdater: Took a snapshot at index 0
2022-12-02 11:12:39,692 [0f1be7e8-a3b4-460a-8434-ebd9767358ca@group-B9E5E6AFD6D0-StateMachineUpdater] INFO  impl.StateMachineUpdater (StateMachineUpdater.java:lambda$new$0(92)) - 0f1be7e8-a3b4-460a-8434-ebd9767358ca@group-B9E5E6AFD6D0-StateMachineUpdater: snapshotIndex: updateIncreasingly -1 -> 0
2022-12-02 11:12:39,693 [Command processor thread] INFO  server.RaftServer$Division (ServerState.java:close(466)) - 0f1be7e8-a3b4-460a-8434-ebd9767358ca@group-B9E5E6AFD6D0: closes. applyIndex: 0
2022-12-02 11:12:39,693 [0f1be7e8-a3b4-460a-8434-ebd9767358ca@group-B9E5E6AFD6D0-SegmentedRaftLogWorker] INFO  segmented.SegmentedRaftLogWorker (SegmentedRaftLogWorker.java:run(347)) - 0f1be7e8-a3b4-460a-8434-ebd9767358ca@group-B9E5E6AFD6D0-SegmentedRaftLogWorker was interrupted, exiting. There are 0 tasks remaining in the queue.
2022-12-02 11:12:39,694 [Command processor thread] INFO  segmented.SegmentedRaftLogWorker (SegmentedRaftLogWorker.java:close(257)) - 0f1be7e8-a3b4-460a-8434-ebd9767358ca@group-B9E5E6AFD6D0-SegmentedRaftLogWorker close()
2022-12-02 11:12:39,696 [Command processor thread] INFO  server.RaftServer$Division (RaftServerImpl.java:groupRemove(428)) - 0f1be7e8-a3b4-460a-8434-ebd9767358ca@group-B9E5E6AFD6D0: Succeed to remove RaftStorageDirectory Storage Directory /home/runner/work/ozone/ozone/hadoop-ozone/integration-test/target/test-dir/MiniOzoneClusterImpl-89ec7bf9-65dc-45db-bd6d-bd896179de2e/datanode-3/data/ratis/52343237-7572-48b8-8fc7-b9e5e6afd6d0
2022-12-02 11:12:39,697 [Command processor thread] INFO  commandhandler.ClosePipelineCommandHandler (ClosePipelineCommandHandler.java:handle(78)) - Close Pipeline PipelineID=52343237-7572-48b8-8fc7-b9e5e6afd6d0 command on datanode 0f1be7e8-a3b4-460a-8434-ebd9767358ca.
2022-12-02 11:12:39,870 [Command processor thread] INFO  server.RaftServer (RaftServerProxy.java:remove(107)) - 64d479e5-fe0e-4358-9b9b-67f62582a254: remove  FOLLOWER 64d479e5-fe0e-4358-9b9b-67f62582a254@group-526A283F80C5:t2, leader=3706267d-b1e5-497c-b8ee-f9aaec0fcf2c, voted=3706267d-b1e5-497c-b8ee-f9aaec0fcf2c, raftlog=Memoized:64d479e5-fe0e-4358-9b9b-67f62582a254@group-526A283F80C5-SegmentedRaftLog:OPENED:c0, conf=0: peers:[3706267d-b1e5-497c-b8ee-f9aaec0fcf2c|rpc:10.1.0.7:40063|dataStream:|priority:1|startupRole:FOLLOWER, 64d479e5-fe0e-4358-9b9b-67f62582a254|rpc:10.1.0.7:43823|dataStream:|priority:0|startupRole:FOLLOWER, 3e07bada-20ca-43dd-a36a-6fd4f7654e72|rpc:10.1.0.7:34107|dataStream:|priority:0|startupRole:FOLLOWER]|listeners:[], old=null RUNNING
2022-12-02 11:12:39,871 [Command processor thread] INFO  server.RaftServer$Division (RaftServerImpl.java:lambda$close$4(458)) - 64d479e5-fe0e-4358-9b9b-67f62582a254@group-526A283F80C5: shutdown
2022-12-02 11:12:39,871 [Command processor thread] INFO  util.JmxRegister (JmxRegister.java:unregister(73)) - Successfully un-registered JMX Bean with object name Ratis:service=RaftServer,group=group-526A283F80C5,id=64d479e5-fe0e-4358-9b9b-67f62582a254
2022-12-02 11:12:39,871 [Command processor thread] INFO  impl.RoleInfo (RoleInfo.java:shutdownFollowerState(110)) - 64d479e5-fe0e-4358-9b9b-67f62582a254: shutdown 64d479e5-fe0e-4358-9b9b-67f62582a254@group-526A283F80C5-FollowerState
2022-12-02 11:12:39,871 [Command processor thread] INFO  impl.StateMachineUpdater (StateMachineUpdater.java:stopAndJoin(153)) - 64d479e5-fe0e-4358-9b9b-67f62582a254@group-526A283F80C5-StateMachineUpdater: set stopIndex = 0
2022-12-02 11:12:39,871 [64d479e5-fe0e-4358-9b9b-67f62582a254@group-526A283F80C5-FollowerState] INFO  impl.FollowerState (FollowerState.java:run(152)) - 64d479e5-fe0e-4358-9b9b-67f62582a254@group-526A283F80C5-FollowerState was interrupted
2022-12-02 11:12:39,871 [64d479e5-fe0e-4358-9b9b-67f62582a254@group-526A283F80C5-StateMachineUpdater] INFO  ratis.ContainerStateMachine (ContainerStateMachine.java:takeSnapshot(304)) - group-526A283F80C5: Taking a snapshot at:(t:2, i:0) file /home/runner/work/ozone/ozone/hadoop-ozone/integration-test/target/test-dir/MiniOzoneClusterImpl-89ec7bf9-65dc-45db-bd6d-bd896179de2e/datanode-0/data/ratis/4fea4174-328a-4927-a02f-526a283f80c5/sm/snapshot.2_0
2022-12-02 11:12:39,873 [64d479e5-fe0e-4358-9b9b-67f62582a254@group-526A283F80C5-StateMachineUpdater] INFO  ratis.ContainerStateMachine (ContainerStateMachine.java:takeSnapshot(315)) - group-526A283F80C5: Finished taking a snapshot at:(t:2, i:0) file:/home/runner/work/ozone/ozone/hadoop-ozone/integration-test/target/test-dir/MiniOzoneClusterImpl-89ec7bf9-65dc-45db-bd6d-bd896179de2e/datanode-0/data/ratis/4fea4174-328a-4927-a02f-526a283f80c5/sm/snapshot.2_0 took: 1 ms
2022-12-02 11:12:39,873 [64d479e5-fe0e-4358-9b9b-67f62582a254@group-526A283F80C5-StateMachineUpdater] INFO  impl.StateMachineUpdater (StateMachineUpdater.java:takeSnapshot(287)) - 64d479e5-fe0e-4358-9b9b-67f62582a254@group-526A283F80C5-StateMachineUpdater: Took a snapshot at index 0
2022-12-02 11:12:39,873 [64d479e5-fe0e-4358-9b9b-67f62582a254@group-526A283F80C5-StateMachineUpdater] INFO  impl.StateMachineUpdater (StateMachineUpdater.java:lambda$new$0(92)) - 64d479e5-fe0e-4358-9b9b-67f62582a254@group-526A283F80C5-StateMachineUpdater: snapshotIndex: updateIncreasingly -1 -> 0
2022-12-02 11:12:39,874 [Command processor thread] INFO  server.RaftServer$Division (ServerState.java:close(466)) - 64d479e5-fe0e-4358-9b9b-67f62582a254@group-526A283F80C5: closes. applyIndex: 0
2022-12-02 11:12:39,874 [64d479e5-fe0e-4358-9b9b-67f62582a254@group-526A283F80C5-SegmentedRaftLogWorker] INFO  segmented.SegmentedRaftLogWorker (SegmentedRaftLogWorker.java:run(347)) - 64d479e5-fe0e-4358-9b9b-67f62582a254@group-526A283F80C5-SegmentedRaftLogWorker was interrupted, exiting. There are 0 tasks remaining in the queue.
2022-12-02 11:12:39,875 [Command processor thread] INFO  segmented.SegmentedRaftLogWorker (SegmentedRaftLogWorker.java:close(257)) - 64d479e5-fe0e-4358-9b9b-67f62582a254@group-526A283F80C5-SegmentedRaftLogWorker close()
2022-12-02 11:12:39,878 [Command processor thread] INFO  server.RaftServer$Division (RaftServerImpl.java:groupRemove(428)) - 64d479e5-fe0e-4358-9b9b-67f62582a254@group-526A283F80C5: Succeed to remove RaftStorageDirectory Storage Directory /home/runner/work/ozone/ozone/hadoop-ozone/integration-test/target/test-dir/MiniOzoneClusterImpl-89ec7bf9-65dc-45db-bd6d-bd896179de2e/datanode-0/data/ratis/4fea4174-328a-4927-a02f-526a283f80c5
2022-12-02 11:12:39,878 [Command processor thread] INFO  commandhandler.ClosePipelineCommandHandler (ClosePipelineCommandHandler.java:handle(78)) - Close Pipeline PipelineID=4fea4174-328a-4927-a02f-526a283f80c5 command on datanode 64d479e5-fe0e-4358-9b9b-67f62582a254.
2022-12-02 11:12:39,881 [EventQueue-CommandQueueReportForCommandQueueReportHandler] WARN  events.EventQueue (EventQueue.java:fireEvent(216)) - No event handler registered for event TypedEvent{payloadType=DatanodeDetails, name='Datanode_Command_Queue_Updated'}
2022-12-02 11:12:39,894 [EventQueue-CommandQueueReportForCommandQueueReportHandler] WARN  events.EventQueue (EventQueue.java:fireEvent(216)) - No event handler registered for event TypedEvent{payloadType=DatanodeDetails, name='Datanode_Command_Queue_Updated'}
2022-12-02 11:12:40,204 [EventQueue-CommandQueueReportForCommandQueueReportHandler] WARN  events.EventQueue (EventQueue.java:fireEvent(216)) - No event handler registered for event TypedEvent{payloadType=DatanodeDetails, name='Datanode_Command_Queue_Updated'}
2022-12-02 11:12:40,326 [Command processor thread] INFO  server.RaftServer (RaftServerProxy.java:remove(107)) - 3706267d-b1e5-497c-b8ee-f9aaec0fcf2c: remove    LEADER 3706267d-b1e5-497c-b8ee-f9aaec0fcf2c@group-526A283F80C5:t2, leader=3706267d-b1e5-497c-b8ee-f9aaec0fcf2c, voted=3706267d-b1e5-497c-b8ee-f9aaec0fcf2c, raftlog=Memoized:3706267d-b1e5-497c-b8ee-f9aaec0fcf2c@group-526A283F80C5-SegmentedRaftLog:OPENED:c0, conf=0: peers:[3706267d-b1e5-497c-b8ee-f9aaec0fcf2c|rpc:10.1.0.7:40063|dataStream:|priority:1|startupRole:FOLLOWER, 64d479e5-fe0e-4358-9b9b-67f62582a254|rpc:10.1.0.7:43823|dataStream:|priority:0|startupRole:FOLLOWER, 3e07bada-20ca-43dd-a36a-6fd4f7654e72|rpc:10.1.0.7:34107|dataStream:|priority:0|startupRole:FOLLOWER]|listeners:[], old=null RUNNING
2022-12-02 11:12:40,327 [Command processor thread] INFO  server.RaftServer$Division (RaftServerImpl.java:lambda$close$4(458)) - 3706267d-b1e5-497c-b8ee-f9aaec0fcf2c@group-526A283F80C5: shutdown
2022-12-02 11:12:40,327 [Command processor thread] INFO  util.JmxRegister (JmxRegister.java:unregister(73)) - Successfully un-registered JMX Bean with object name Ratis:service=RaftServer,group=group-526A283F80C5,id=3706267d-b1e5-497c-b8ee-f9aaec0fcf2c
2022-12-02 11:12:40,327 [Command processor thread] INFO  impl.RoleInfo (RoleInfo.java:shutdownLeaderState(93)) - 3706267d-b1e5-497c-b8ee-f9aaec0fcf2c: shutdown 3706267d-b1e5-497c-b8ee-f9aaec0fcf2c@group-526A283F80C5-LeaderStateImpl
2022-12-02 11:12:40,328 [Command processor thread] INFO  impl.PendingRequests (PendingRequests.java:sendNotLeaderResponses(282)) - 3706267d-b1e5-497c-b8ee-f9aaec0fcf2c@group-526A283F80C5-PendingRequests: sendNotLeaderResponses
2022-12-02 11:12:40,329 [3706267d-b1e5-497c-b8ee-f9aaec0fcf2c@group-526A283F80C5->3e07bada-20ca-43dd-a36a-6fd4f7654e72-GrpcLogAppender-LogAppenderDaemon] WARN  server.GrpcLogAppender (GrpcLogAppender.java:mayWait(200)) - 3706267d-b1e5-497c-b8ee-f9aaec0fcf2c@group-526A283F80C5->3e07bada-20ca-43dd-a36a-6fd4f7654e72-GrpcLogAppender: Wait interrupted by java.lang.InterruptedException
2022-12-02 11:12:40,332 [grpc-default-executor-2] INFO  server.GrpcServerProtocolService (GrpcServerProtocolService.java:onCompleted(143)) - 3e07bada-20ca-43dd-a36a-6fd4f7654e72: Completed APPEND_ENTRIES, lastRequest: 3706267d-b1e5-497c-b8ee-f9aaec0fcf2c->3e07bada-20ca-43dd-a36a-6fd4f7654e72#1-t2,previous=(t:0, i:0),leaderCommit=0,initializing? true,entries: size=1, first=(t:2, i:0), CONFIGURATIONENTRY(current:id: "3706267d-b1e5-497c-b8ee-f9aaec0fcf2c"
address: "10.1.0.7:40063"
priority: 1
clientAddress: "10.1.0.7:40063"
adminAddress: "10.1.0.7:40063"
startupRole: FOLLOWER
,id: "64d479e5-fe0e-4358-9b9b-67f62582a254"
address: "10.1.0.7:43823"
clientAddress: "10.1.0.7:43823"
adminAddress: "10.1.0.7:43823"
startupRole: FOLLOWER
,id: "3e07bada-20ca-43dd-a36a-6fd4f7654e72"
address: "10.1.0.7:34107"
clientAddress: "10.1.0.7:34107"
adminAddress: "10.1.0.7:34107"
startupRole: FOLLOWER
, old:)
2022-12-02 11:12:40,333 [grpc-default-executor-3] INFO  server.GrpcServerProtocolService (GrpcServerProtocolService.java:onCompleted(143)) - 3e07bada-20ca-43dd-a36a-6fd4f7654e72: Completed APPEND_ENTRIES, lastRequest: null
2022-12-02 11:12:40,335 [Command processor thread] INFO  impl.StateMachineUpdater (StateMachineUpdater.java:stopAndJoin(153)) - 3706267d-b1e5-497c-b8ee-f9aaec0fcf2c@group-526A283F80C5-StateMachineUpdater: set stopIndex = 0
2022-12-02 11:12:40,335 [3706267d-b1e5-497c-b8ee-f9aaec0fcf2c@group-526A283F80C5-StateMachineUpdater] INFO  ratis.ContainerStateMachine (ContainerStateMachine.java:takeSnapshot(304)) - group-526A283F80C5: Taking a snapshot at:(t:2, i:0) file /home/runner/work/ozone/ozone/hadoop-ozone/integration-test/target/test-dir/MiniOzoneClusterImpl-89ec7bf9-65dc-45db-bd6d-bd896179de2e/datanode-1/data/ratis/4fea4174-328a-4927-a02f-526a283f80c5/sm/snapshot.2_0
2022-12-02 11:12:40,338 [3706267d-b1e5-497c-b8ee-f9aaec0fcf2c@group-526A283F80C5-StateMachineUpdater] INFO  ratis.ContainerStateMachine (ContainerStateMachine.java:takeSnapshot(315)) - group-526A283F80C5: Finished taking a snapshot at:(t:2, i:0) file:/home/runner/work/ozone/ozone/hadoop-ozone/integration-test/target/test-dir/MiniOzoneClusterImpl-89ec7bf9-65dc-45db-bd6d-bd896179de2e/datanode-1/data/ratis/4fea4174-328a-4927-a02f-526a283f80c5/sm/snapshot.2_0 took: 2 ms
2022-12-02 11:12:40,339 [3706267d-b1e5-497c-b8ee-f9aaec0fcf2c@group-526A283F80C5-StateMachineUpdater] INFO  impl.StateMachineUpdater (StateMachineUpdater.java:takeSnapshot(287)) - 3706267d-b1e5-497c-b8ee-f9aaec0fcf2c@group-526A283F80C5-StateMachineUpdater: Took a snapshot at index 0
2022-12-02 11:12:40,339 [3706267d-b1e5-497c-b8ee-f9aaec0fcf2c@group-526A283F80C5-StateMachineUpdater] INFO  impl.StateMachineUpdater (StateMachineUpdater.java:lambda$new$0(92)) - 3706267d-b1e5-497c-b8ee-f9aaec0fcf2c@group-526A283F80C5-StateMachineUpdater: snapshotIndex: updateIncreasingly -1 -> 0
2022-12-02 11:12:40,339 [Command processor thread] INFO  server.RaftServer$Division (ServerState.java:close(466)) - 3706267d-b1e5-497c-b8ee-f9aaec0fcf2c@group-526A283F80C5: closes. applyIndex: 0
2022-12-02 11:12:40,339 [3706267d-b1e5-497c-b8ee-f9aaec0fcf2c@group-526A283F80C5-SegmentedRaftLogWorker] INFO  segmented.SegmentedRaftLogWorker (SegmentedRaftLogWorker.java:run(347)) - 3706267d-b1e5-497c-b8ee-f9aaec0fcf2c@group-526A283F80C5-SegmentedRaftLogWorker was interrupted, exiting. There are 0 tasks remaining in the queue.
2022-12-02 11:12:40,338 [grpc-default-executor-7] INFO  server.GrpcLogAppender (GrpcLogAppender.java:onCompleted(415)) - 3706267d-b1e5-497c-b8ee-f9aaec0fcf2c@group-526A283F80C5->3e07bada-20ca-43dd-a36a-6fd4f7654e72-AppendLogResponseHandler: follower responses appendEntries COMPLETED
2022-12-02 11:12:40,343 [grpc-default-executor-7] INFO  leader.FollowerInfo (FollowerInfoImpl.java:lambda$new$0(48)) - 3706267d-b1e5-497c-b8ee-f9aaec0fcf2c@group-526A283F80C5->3e07bada-20ca-43dd-a36a-6fd4f7654e72: nextIndex: updateUnconditionally 1 -> 0
2022-12-02 11:12:40,339 [grpc-default-executor-3] INFO  server.GrpcLogAppender (GrpcLogAppender.java:onCompleted(415)) - 3706267d-b1e5-497c-b8ee-f9aaec0fcf2c@group-526A283F80C5->3e07bada-20ca-43dd-a36a-6fd4f7654e72-AppendLogResponseHandler: follower responses appendEntries COMPLETED
2022-12-02 11:12:40,344 [Command processor thread] INFO  segmented.SegmentedRaftLogWorker (SegmentedRaftLogWorker.java:close(257)) - 3706267d-b1e5-497c-b8ee-f9aaec0fcf2c@group-526A283F80C5-SegmentedRaftLogWorker close()
2022-12-02 11:12:40,343 [grpc-default-executor-3] INFO  leader.FollowerInfo (FollowerInfoImpl.java:lambda$new$0(48)) - 3706267d-b1e5-497c-b8ee-f9aaec0fcf2c@group-526A283F80C5->3e07bada-20ca-43dd-a36a-6fd4f7654e72: nextIndex: updateUnconditionally 0 -> 0
2022-12-02 11:12:40,340 [3706267d-b1e5-497c-b8ee-f9aaec0fcf2c@group-526A283F80C5->64d479e5-fe0e-4358-9b9b-67f62582a254-GrpcLogAppender-LogAppenderDaemon] WARN  server.GrpcLogAppender (GrpcLogAppender.java:mayWait(200)) - 3706267d-b1e5-497c-b8ee-f9aaec0fcf2c@group-526A283F80C5->64d479e5-fe0e-4358-9b9b-67f62582a254-GrpcLogAppender: Wait interrupted by java.lang.InterruptedException
2022-12-02 11:12:40,346 [grpc-default-executor-3] INFO  server.GrpcServerProtocolService (GrpcServerProtocolService.java:onCompleted(143)) - 64d479e5-fe0e-4358-9b9b-67f62582a254: Completed APPEND_ENTRIES, lastRequest: 3706267d-b1e5-497c-b8ee-f9aaec0fcf2c->64d479e5-fe0e-4358-9b9b-67f62582a254#1-t2,previous=(t:0, i:0),leaderCommit=0,initializing? true,entries: size=1, first=(t:2, i:0), CONFIGURATIONENTRY(current:id: "3706267d-b1e5-497c-b8ee-f9aaec0fcf2c"
address: "10.1.0.7:40063"
priority: 1
clientAddress: "10.1.0.7:40063"
adminAddress: "10.1.0.7:40063"
startupRole: FOLLOWER
,id: "64d479e5-fe0e-4358-9b9b-67f62582a254"
address: "10.1.0.7:43823"
clientAddress: "10.1.0.7:43823"
adminAddress: "10.1.0.7:43823"
startupRole: FOLLOWER
,id: "3e07bada-20ca-43dd-a36a-6fd4f7654e72"
address: "10.1.0.7:34107"
clientAddress: "10.1.0.7:34107"
adminAddress: "10.1.0.7:34107"
startupRole: FOLLOWER
, old:)
2022-12-02 11:12:40,347 [grpc-default-executor-7] INFO  server.GrpcLogAppender (GrpcLogAppender.java:onCompleted(415)) - 3706267d-b1e5-497c-b8ee-f9aaec0fcf2c@group-526A283F80C5->64d479e5-fe0e-4358-9b9b-67f62582a254-AppendLogResponseHandler: follower responses appendEntries COMPLETED
2022-12-02 11:12:40,347 [grpc-default-executor-7] INFO  leader.FollowerInfo (FollowerInfoImpl.java:lambda$new$0(48)) - 3706267d-b1e5-497c-b8ee-f9aaec0fcf2c@group-526A283F80C5->64d479e5-fe0e-4358-9b9b-67f62582a254: nextIndex: updateUnconditionally 1 -> 0
2022-12-02 11:12:40,347 [grpc-default-executor-7] INFO  server.GrpcServerProtocolService (GrpcServerProtocolService.java:onCompleted(143)) - 64d479e5-fe0e-4358-9b9b-67f62582a254: Completed APPEND_ENTRIES, lastRequest: null
2022-12-02 11:12:40,348 [grpc-default-executor-2] INFO  server.GrpcLogAppender (GrpcLogAppender.java:onCompleted(415)) - 3706267d-b1e5-497c-b8ee-f9aaec0fcf2c@group-526A283F80C5->64d479e5-fe0e-4358-9b9b-67f62582a254-AppendLogResponseHandler: follower responses appendEntries COMPLETED
2022-12-02 11:12:40,348 [grpc-default-executor-2] INFO  leader.FollowerInfo (FollowerInfoImpl.java:lambda$new$0(48)) - 3706267d-b1e5-497c-b8ee-f9aaec0fcf2c@group-526A283F80C5->64d479e5-fe0e-4358-9b9b-67f62582a254: nextIndex: updateUnconditionally 0 -> 0
2022-12-02 11:12:40,351 [Command processor thread] INFO  server.RaftServer$Division (RaftServerImpl.java:groupRemove(428)) - 3706267d-b1e5-497c-b8ee-f9aaec0fcf2c@group-526A283F80C5: Succeed to remove RaftStorageDirectory Storage Directory /home/runner/work/ozone/ozone/hadoop-ozone/integration-test/target/test-dir/MiniOzoneClusterImpl-89ec7bf9-65dc-45db-bd6d-bd896179de2e/datanode-1/data/ratis/4fea4174-328a-4927-a02f-526a283f80c5
2022-12-02 11:12:40,351 [Command processor thread] INFO  commandhandler.ClosePipelineCommandHandler (ClosePipelineCommandHandler.java:handle(78)) - Close Pipeline PipelineID=4fea4174-328a-4927-a02f-526a283f80c5 command on datanode 3706267d-b1e5-497c-b8ee-f9aaec0fcf2c.
2022-12-02 11:12:40,681 [EventQueue-CommandQueueReportForCommandQueueReportHandler] WARN  events.EventQueue (EventQueue.java:fireEvent(216)) - No event handler registered for event TypedEvent{payloadType=DatanodeDetails, name='Datanode_Command_Queue_Updated'}
2022-12-02 11:12:40,873 [EventQueue-CommandQueueReportForCommandQueueReportHandler] WARN  events.EventQueue (EventQueue.java:fireEvent(216)) - No event handler registered for event TypedEvent{payloadType=DatanodeDetails, name='Datanode_Command_Queue_Updated'}
2022-12-02 11:12:40,880 [Command processor thread] INFO  server.RaftServer (RaftServerProxy.java:remove(107)) - b564bb99-cd76-4902-8e37-bc5f128935f0: remove    LEADER b564bb99-cd76-4902-8e37-bc5f128935f0@group-9BAB1271616B:t2, leader=b564bb99-cd76-4902-8e37-bc5f128935f0, voted=b564bb99-cd76-4902-8e37-bc5f128935f0, raftlog=Memoized:b564bb99-cd76-4902-8e37-bc5f128935f0@group-9BAB1271616B-SegmentedRaftLog:OPENED:c0, conf=0: peers:[e3d3c1c6-e4ea-41ff-8088-7f0be060b7c0|rpc:10.1.0.7:41167|dataStream:|priority:0|startupRole:FOLLOWER, b564bb99-cd76-4902-8e37-bc5f128935f0|rpc:10.1.0.7:39915|dataStream:|priority:1|startupRole:FOLLOWER, 0f1be7e8-a3b4-460a-8434-ebd9767358ca|rpc:10.1.0.7:37191|dataStream:|priority:0|startupRole:FOLLOWER]|listeners:[], old=null RUNNING
2022-12-02 11:12:40,880 [Command processor thread] INFO  server.RaftServer$Division (RaftServerImpl.java:lambda$close$4(458)) - b564bb99-cd76-4902-8e37-bc5f128935f0@group-9BAB1271616B: shutdown
2022-12-02 11:12:40,880 [Command processor thread] INFO  util.JmxRegister (JmxRegister.java:unregister(73)) - Successfully un-registered JMX Bean with object name Ratis:service=RaftServer,group=group-9BAB1271616B,id=b564bb99-cd76-4902-8e37-bc5f128935f0
2022-12-02 11:12:40,880 [Command processor thread] INFO  impl.RoleInfo (RoleInfo.java:shutdownLeaderState(93)) - b564bb99-cd76-4902-8e37-bc5f128935f0: shutdown b564bb99-cd76-4902-8e37-bc5f128935f0@group-9BAB1271616B-LeaderStateImpl
2022-12-02 11:12:40,880 [b564bb99-cd76-4902-8e37-bc5f128935f0@group-9BAB1271616B->e3d3c1c6-e4ea-41ff-8088-7f0be060b7c0-GrpcLogAppender-LogAppenderDaemon] WARN  server.GrpcLogAppender (GrpcLogAppender.java:mayWait(200)) - b564bb99-cd76-4902-8e37-bc5f128935f0@group-9BAB1271616B->e3d3c1c6-e4ea-41ff-8088-7f0be060b7c0-GrpcLogAppender: Wait interrupted by java.lang.InterruptedException
2022-12-02 11:12:40,883 [grpc-default-executor-7] INFO  server.GrpcServerProtocolService (GrpcServerProtocolService.java:onCompleted(143)) - e3d3c1c6-e4ea-41ff-8088-7f0be060b7c0: Completed APPEND_ENTRIES, lastRequest: null
2022-12-02 11:12:40,880 [Command processor thread] INFO  impl.PendingRequests (PendingRequests.java:sendNotLeaderResponses(282)) - b564bb99-cd76-4902-8e37-bc5f128935f0@group-9BAB1271616B-PendingRequests: sendNotLeaderResponses
2022-12-02 11:12:40,884 [Command processor thread] INFO  impl.StateMachineUpdater (StateMachineUpdater.java:stopAndJoin(153)) - b564bb99-cd76-4902-8e37-bc5f128935f0@group-9BAB1271616B-StateMachineUpdater: set stopIndex = 0
2022-12-02 11:12:40,884 [b564bb99-cd76-4902-8e37-bc5f128935f0@group-9BAB1271616B-StateMachineUpdater] INFO  ratis.ContainerStateMachine (ContainerStateMachine.java:takeSnapshot(304)) - group-9BAB1271616B: Taking a snapshot at:(t:2, i:0) file /home/runner/work/ozone/ozone/hadoop-ozone/integration-test/target/test-dir/MiniOzoneClusterImpl-89ec7bf9-65dc-45db-bd6d-bd896179de2e/datanode-4/data/ratis/87a40351-ee62-4248-9c66-9bab1271616b/sm/snapshot.2_0
2022-12-02 11:12:40,884 [b564bb99-cd76-4902-8e37-bc5f128935f0@group-9BAB1271616B->0f1be7e8-a3b4-460a-8434-ebd9767358ca-GrpcLogAppender-LogAppenderDaemon] WARN  server.GrpcLogAppender (GrpcLogAppender.java:mayWait(200)) - b564bb99-cd76-4902-8e37-bc5f128935f0@group-9BAB1271616B->0f1be7e8-a3b4-460a-8434-ebd9767358ca-GrpcLogAppender: Wait interrupted by java.lang.InterruptedException
2022-12-02 11:12:40,885 [grpc-default-executor-3] INFO  server.GrpcServerProtocolService (GrpcServerProtocolService.java:onCompleted(143)) - e3d3c1c6-e4ea-41ff-8088-7f0be060b7c0: Completed APPEND_ENTRIES, lastRequest: b564bb99-cd76-4902-8e37-bc5f128935f0->e3d3c1c6-e4ea-41ff-8088-7f0be060b7c0#1-t2,previous=(t:0, i:0),leaderCommit=0,initializing? true,entries: size=1, first=(t:2, i:0), CONFIGURATIONENTRY(current:id: "e3d3c1c6-e4ea-41ff-8088-7f0be060b7c0"
address: "10.1.0.7:41167"
clientAddress: "10.1.0.7:41167"
adminAddress: "10.1.0.7:41167"
startupRole: FOLLOWER
,id: "b564bb99-cd76-4902-8e37-bc5f128935f0"
address: "10.1.0.7:39915"
priority: 1
clientAddress: "10.1.0.7:39915"
adminAddress: "10.1.0.7:39915"
startupRole: FOLLOWER
,id: "0f1be7e8-a3b4-460a-8434-ebd9767358ca"
address: "10.1.0.7:37191"
clientAddress: "10.1.0.7:37191"
adminAddress: "10.1.0.7:37191"
startupRole: FOLLOWER
, old:)
2022-12-02 11:12:40,885 [b564bb99-cd76-4902-8e37-bc5f128935f0@group-9BAB1271616B-StateMachineUpdater] INFO  ratis.ContainerStateMachine (ContainerStateMachine.java:takeSnapshot(315)) - group-9BAB1271616B: Finished taking a snapshot at:(t:2, i:0) file:/home/runner/work/ozone/ozone/hadoop-ozone/integration-test/target/test-dir/MiniOzoneClusterImpl-89ec7bf9-65dc-45db-bd6d-bd896179de2e/datanode-4/data/ratis/87a40351-ee62-4248-9c66-9bab1271616b/sm/snapshot.2_0 took: 1 ms
2022-12-02 11:12:40,885 [b564bb99-cd76-4902-8e37-bc5f128935f0@group-9BAB1271616B-StateMachineUpdater] INFO  impl.StateMachineUpdater (StateMachineUpdater.java:takeSnapshot(287)) - b564bb99-cd76-4902-8e37-bc5f128935f0@group-9BAB1271616B-StateMachineUpdater: Took a snapshot at index 0
2022-12-02 11:12:40,886 [b564bb99-cd76-4902-8e37-bc5f128935f0@group-9BAB1271616B-StateMachineUpdater] INFO  impl.StateMachineUpdater (StateMachineUpdater.java:lambda$new$0(92)) - b564bb99-cd76-4902-8e37-bc5f128935f0@group-9BAB1271616B-StateMachineUpdater: snapshotIndex: updateIncreasingly -1 -> 0
2022-12-02 11:12:40,886 [grpc-default-executor-3] INFO  server.GrpcServerProtocolService (GrpcServerProtocolService.java:onCompleted(143)) - 0f1be7e8-a3b4-460a-8434-ebd9767358ca: Completed APPEND_ENTRIES, lastRequest: b564bb99-cd76-4902-8e37-bc5f128935f0->0f1be7e8-a3b4-460a-8434-ebd9767358ca#1-t2,previous=(t:0, i:0),leaderCommit=0,initializing? true,entries: size=1, first=(t:2, i:0), CONFIGURATIONENTRY(current:id: "e3d3c1c6-e4ea-41ff-8088-7f0be060b7c0"
address: "10.1.0.7:41167"
clientAddress: "10.1.0.7:41167"
adminAddress: "10.1.0.7:41167"
startupRole: FOLLOWER
,id: "b564bb99-cd76-4902-8e37-bc5f128935f0"
address: "10.1.0.7:39915"
priority: 1
clientAddress: "10.1.0.7:39915"
adminAddress: "10.1.0.7:39915"
startupRole: FOLLOWER
,id: "0f1be7e8-a3b4-460a-8434-ebd9767358ca"
address: "10.1.0.7:37191"
clientAddress: "10.1.0.7:37191"
adminAddress: "10.1.0.7:37191"
startupRole: FOLLOWER
, old:)
2022-12-02 11:12:40,887 [grpc-default-executor-3] INFO  server.GrpcLogAppender (GrpcLogAppender.java:onCompleted(415)) - b564bb99-cd76-4902-8e37-bc5f128935f0@group-9BAB1271616B->e3d3c1c6-e4ea-41ff-8088-7f0be060b7c0-AppendLogResponseHandler: follower responses appendEntries COMPLETED
2022-12-02 11:12:40,887 [grpc-default-executor-5] INFO  server.GrpcServerProtocolService (GrpcServerProtocolService.java:onCompleted(143)) - 0f1be7e8-a3b4-460a-8434-ebd9767358ca: Completed APPEND_ENTRIES, lastRequest: null
2022-12-02 11:12:40,887 [grpc-default-executor-0] INFO  server.GrpcLogAppender (GrpcLogAppender.java:onCompleted(415)) - b564bb99-cd76-4902-8e37-bc5f128935f0@group-9BAB1271616B->0f1be7e8-a3b4-460a-8434-ebd9767358ca-AppendLogResponseHandler: follower responses appendEntries COMPLETED
2022-12-02 11:12:40,887 [grpc-default-executor-0] INFO  leader.FollowerInfo (FollowerInfoImpl.java:lambda$new$0(48)) - b564bb99-cd76-4902-8e37-bc5f128935f0@group-9BAB1271616B->0f1be7e8-a3b4-460a-8434-ebd9767358ca: nextIndex: updateUnconditionally 1 -> 0
2022-12-02 11:12:40,890 [grpc-default-executor-2] INFO  server.GrpcLogAppender (GrpcLogAppender.java:onCompleted(415)) - b564bb99-cd76-4902-8e37-bc5f128935f0@group-9BAB1271616B->e3d3c1c6-e4ea-41ff-8088-7f0be060b7c0-AppendLogResponseHandler: follower responses appendEntries COMPLETED
2022-12-02 11:12:40,891 [grpc-default-executor-2] INFO  leader.FollowerInfo (FollowerInfoImpl.java:lambda$new$0(48)) - b564bb99-cd76-4902-8e37-bc5f128935f0@group-9BAB1271616B->e3d3c1c6-e4ea-41ff-8088-7f0be060b7c0: nextIndex: updateUnconditionally 1 -> 0
2022-12-02 11:12:40,891 [Command processor thread] INFO  server.RaftServer (RaftServerProxy.java:remove(107)) - e3d3c1c6-e4ea-41ff-8088-7f0be060b7c0: remove  FOLLOWER e3d3c1c6-e4ea-41ff-8088-7f0be060b7c0@group-9BAB1271616B:t2, leader=b564bb99-cd76-4902-8e37-bc5f128935f0, voted=b564bb99-cd76-4902-8e37-bc5f128935f0, raftlog=Memoized:e3d3c1c6-e4ea-41ff-8088-7f0be060b7c0@group-9BAB1271616B-SegmentedRaftLog:OPENED:c0, conf=0: peers:[e3d3c1c6-e4ea-41ff-8088-7f0be060b7c0|rpc:10.1.0.7:41167|dataStream:|priority:0|startupRole:FOLLOWER, b564bb99-cd76-4902-8e37-bc5f128935f0|rpc:10.1.0.7:39915|dataStream:|priority:1|startupRole:FOLLOWER, 0f1be7e8-a3b4-460a-8434-ebd9767358ca|rpc:10.1.0.7:37191|dataStream:|priority:0|startupRole:FOLLOWER]|listeners:[], old=null RUNNING
2022-12-02 11:12:40,891 [Command processor thread] INFO  server.RaftServer$Division (RaftServerImpl.java:lambda$close$4(458)) - e3d3c1c6-e4ea-41ff-8088-7f0be060b7c0@group-9BAB1271616B: shutdown
2022-12-02 11:12:40,891 [Command processor thread] INFO  util.JmxRegister (JmxRegister.java:unregister(73)) - Successfully un-registered JMX Bean with object name Ratis:service=RaftServer,group=group-9BAB1271616B,id=e3d3c1c6-e4ea-41ff-8088-7f0be060b7c0
2022-12-02 11:12:40,891 [Command processor thread] INFO  impl.RoleInfo (RoleInfo.java:shutdownFollowerState(110)) - e3d3c1c6-e4ea-41ff-8088-7f0be060b7c0: shutdown e3d3c1c6-e4ea-41ff-8088-7f0be060b7c0@group-9BAB1271616B-FollowerState
2022-12-02 11:12:40,891 [Command processor thread] INFO  impl.StateMachineUpdater (StateMachineUpdater.java:stopAndJoin(153)) - e3d3c1c6-e4ea-41ff-8088-7f0be060b7c0@group-9BAB1271616B-StateMachineUpdater: set stopIndex = 0
2022-12-02 11:12:40,891 [e3d3c1c6-e4ea-41ff-8088-7f0be060b7c0@group-9BAB1271616B-FollowerState] INFO  impl.FollowerState (FollowerState.java:run(152)) - e3d3c1c6-e4ea-41ff-8088-7f0be060b7c0@group-9BAB1271616B-FollowerState was interrupted
2022-12-02 11:12:40,891 [e3d3c1c6-e4ea-41ff-8088-7f0be060b7c0@group-9BAB1271616B-StateMachineUpdater] INFO  ratis.ContainerStateMachine (ContainerStateMachine.java:takeSnapshot(304)) - group-9BAB1271616B: Taking a snapshot at:(t:2, i:0) file /home/runner/work/ozone/ozone/hadoop-ozone/integration-test/target/test-dir/MiniOzoneClusterImpl-89ec7bf9-65dc-45db-bd6d-bd896179de2e/datanode-5/data/ratis/87a40351-ee62-4248-9c66-9bab1271616b/sm/snapshot.2_0
2022-12-02 11:12:40,892 [e3d3c1c6-e4ea-41ff-8088-7f0be060b7c0@group-9BAB1271616B-StateMachineUpdater] INFO  ratis.ContainerStateMachine (ContainerStateMachine.java:takeSnapshot(315)) - group-9BAB1271616B: Finished taking a snapshot at:(t:2, i:0) file:/home/runner/work/ozone/ozone/hadoop-ozone/integration-test/target/test-dir/MiniOzoneClusterImpl-89ec7bf9-65dc-45db-bd6d-bd896179de2e/datanode-5/data/ratis/87a40351-ee62-4248-9c66-9bab1271616b/sm/snapshot.2_0 took: 1 ms
2022-12-02 11:12:40,893 [e3d3c1c6-e4ea-41ff-8088-7f0be060b7c0@group-9BAB1271616B-StateMachineUpdater] INFO  impl.StateMachineUpdater (StateMachineUpdater.java:takeSnapshot(287)) - e3d3c1c6-e4ea-41ff-8088-7f0be060b7c0@group-9BAB1271616B-StateMachineUpdater: Took a snapshot at index 0
2022-12-02 11:12:40,893 [e3d3c1c6-e4ea-41ff-8088-7f0be060b7c0@group-9BAB1271616B-StateMachineUpdater] INFO  impl.StateMachineUpdater (StateMachineUpdater.java:lambda$new$0(92)) - e3d3c1c6-e4ea-41ff-8088-7f0be060b7c0@group-9BAB1271616B-StateMachineUpdater: snapshotIndex: updateIncreasingly -1 -> 0
2022-12-02 11:12:40,893 [Command processor thread] INFO  server.RaftServer$Division (ServerState.java:close(466)) - e3d3c1c6-e4ea-41ff-8088-7f0be060b7c0@group-9BAB1271616B: closes. applyIndex: 0
2022-12-02 11:12:40,893 [grpc-default-executor-3] INFO  leader.FollowerInfo (FollowerInfoImpl.java:lambda$new$0(48)) - b564bb99-cd76-4902-8e37-bc5f128935f0@group-9BAB1271616B->e3d3c1c6-e4ea-41ff-8088-7f0be060b7c0: nextIndex: updateUnconditionally 0 -> 0
2022-12-02 11:12:40,893 [e3d3c1c6-e4ea-41ff-8088-7f0be060b7c0@group-9BAB1271616B-SegmentedRaftLogWorker] INFO  segmented.SegmentedRaftLogWorker (SegmentedRaftLogWorker.java:run(347)) - e3d3c1c6-e4ea-41ff-8088-7f0be060b7c0@group-9BAB1271616B-SegmentedRaftLogWorker was interrupted, exiting. There are 0 tasks remaining in the queue.
2022-12-02 11:12:40,894 [Command processor thread] INFO  server.RaftServer$Division (ServerState.java:close(466)) - b564bb99-cd76-4902-8e37-bc5f128935f0@group-9BAB1271616B: closes. applyIndex: 0
2022-12-02 11:12:40,895 [b564bb99-cd76-4902-8e37-bc5f128935f0@group-9BAB1271616B-SegmentedRaftLogWorker] INFO  segmented.SegmentedRaftLogWorker (SegmentedRaftLogWorker.java:run(347)) - b564bb99-cd76-4902-8e37-bc5f128935f0@group-9BAB1271616B-SegmentedRaftLogWorker was interrupted, exiting. There are 0 tasks remaining in the queue.
2022-12-02 11:12:40,894 [grpc-default-executor-2] INFO  server.GrpcLogAppender (GrpcLogAppender.java:onCompleted(415)) - b564bb99-cd76-4902-8e37-bc5f128935f0@group-9BAB1271616B->0f1be7e8-a3b4-460a-8434-ebd9767358ca-AppendLogResponseHandler: follower responses appendEntries COMPLETED
2022-12-02 11:12:40,895 [Command processor thread] INFO  segmented.SegmentedRaftLogWorker (SegmentedRaftLogWorker.java:close(257)) - e3d3c1c6-e4ea-41ff-8088-7f0be060b7c0@group-9BAB1271616B-SegmentedRaftLogWorker close()
2022-12-02 11:12:40,896 [Command processor thread] INFO  segmented.SegmentedRaftLogWorker (SegmentedRaftLogWorker.java:close(257)) - b564bb99-cd76-4902-8e37-bc5f128935f0@group-9BAB1271616B-SegmentedRaftLogWorker close()
2022-12-02 11:12:40,896 [grpc-default-executor-2] INFO  leader.FollowerInfo (FollowerInfoImpl.java:lambda$new$0(48)) - b564bb99-cd76-4902-8e37-bc5f128935f0@group-9BAB1271616B->0f1be7e8-a3b4-460a-8434-ebd9767358ca: nextIndex: updateUnconditionally 0 -> 0
2022-12-02 11:12:40,899 [Command processor thread] INFO  server.RaftServer$Division (RaftServerImpl.java:groupRemove(428)) - e3d3c1c6-e4ea-41ff-8088-7f0be060b7c0@group-9BAB1271616B: Succeed to remove RaftStorageDirectory Storage Directory /home/runner/work/ozone/ozone/hadoop-ozone/integration-test/target/test-dir/MiniOzoneClusterImpl-89ec7bf9-65dc-45db-bd6d-bd896179de2e/datanode-5/data/ratis/87a40351-ee62-4248-9c66-9bab1271616b
2022-12-02 11:12:40,899 [Command processor thread] INFO  commandhandler.ClosePipelineCommandHandler (ClosePipelineCommandHandler.java:handle(78)) - Close Pipeline PipelineID=87a40351-ee62-4248-9c66-9bab1271616b command on datanode e3d3c1c6-e4ea-41ff-8088-7f0be060b7c0.
2022-12-02 11:12:40,899 [Command processor thread] INFO  server.RaftServer (RaftServerProxy.java:remove(107)) - e3d3c1c6-e4ea-41ff-8088-7f0be060b7c0: remove    LEADER e3d3c1c6-e4ea-41ff-8088-7f0be060b7c0@group-B9E5E6AFD6D0:t2, leader=e3d3c1c6-e4ea-41ff-8088-7f0be060b7c0, voted=e3d3c1c6-e4ea-41ff-8088-7f0be060b7c0, raftlog=Memoized:e3d3c1c6-e4ea-41ff-8088-7f0be060b7c0@group-B9E5E6AFD6D0-SegmentedRaftLog:OPENED:c0, conf=0: peers:[e3d3c1c6-e4ea-41ff-8088-7f0be060b7c0|rpc:10.1.0.7:41167|dataStream:|priority:1|startupRole:FOLLOWER, b564bb99-cd76-4902-8e37-bc5f128935f0|rpc:10.1.0.7:39915|dataStream:|priority:0|startupRole:FOLLOWER, 0f1be7e8-a3b4-460a-8434-ebd9767358ca|rpc:10.1.0.7:37191|dataStream:|priority:0|startupRole:FOLLOWER]|listeners:[], old=null RUNNING
2022-12-02 11:12:40,899 [Command processor thread] INFO  server.RaftServer$Division (RaftServerImpl.java:lambda$close$4(458)) - e3d3c1c6-e4ea-41ff-8088-7f0be060b7c0@group-B9E5E6AFD6D0: shutdown
2022-12-02 11:12:40,899 [Command processor thread] INFO  util.JmxRegister (JmxRegister.java:unregister(73)) - Successfully un-registered JMX Bean with object name Ratis:service=RaftServer,group=group-B9E5E6AFD6D0,id=e3d3c1c6-e4ea-41ff-8088-7f0be060b7c0
2022-12-02 11:12:40,899 [Command processor thread] INFO  impl.RoleInfo (RoleInfo.java:shutdownLeaderState(93)) - e3d3c1c6-e4ea-41ff-8088-7f0be060b7c0: shutdown e3d3c1c6-e4ea-41ff-8088-7f0be060b7c0@group-B9E5E6AFD6D0-LeaderStateImpl
2022-12-02 11:12:40,899 [e3d3c1c6-e4ea-41ff-8088-7f0be060b7c0@group-B9E5E6AFD6D0->b564bb99-cd76-4902-8e37-bc5f128935f0-GrpcLogAppender-LogAppenderDaemon] WARN  server.GrpcLogAppender (GrpcLogAppender.java:mayWait(200)) - e3d3c1c6-e4ea-41ff-8088-7f0be060b7c0@group-B9E5E6AFD6D0->b564bb99-cd76-4902-8e37-bc5f128935f0-GrpcLogAppender: Wait interrupted by java.lang.InterruptedException
2022-12-02 11:12:40,900 [e3d3c1c6-e4ea-41ff-8088-7f0be060b7c0@group-B9E5E6AFD6D0->0f1be7e8-a3b4-460a-8434-ebd9767358ca-GrpcLogAppender-LogAppenderDaemon] WARN  server.GrpcLogAppender (GrpcLogAppender.java:mayWait(200)) - e3d3c1c6-e4ea-41ff-8088-7f0be060b7c0@group-B9E5E6AFD6D0->0f1be7e8-a3b4-460a-8434-ebd9767358ca-GrpcLogAppender: Wait interrupted by java.lang.InterruptedException
2022-12-02 11:12:40,900 [Command processor thread] INFO  server.RaftServer$Division (RaftServerImpl.java:groupRemove(428)) - b564bb99-cd76-4902-8e37-bc5f128935f0@group-9BAB1271616B: Succeed to remove RaftStorageDirectory Storage Directory /home/runner/work/ozone/ozone/hadoop-ozone/integration-test/target/test-dir/MiniOzoneClusterImpl-89ec7bf9-65dc-45db-bd6d-bd896179de2e/datanode-4/data/ratis/87a40351-ee62-4248-9c66-9bab1271616b
2022-12-02 11:12:40,901 [Command processor thread] INFO  commandhandler.ClosePipelineCommandHandler (ClosePipelineCommandHandler.java:handle(78)) - Close Pipeline PipelineID=87a40351-ee62-4248-9c66-9bab1271616b command on datanode b564bb99-cd76-4902-8e37-bc5f128935f0.
2022-12-02 11:12:40,901 [Command processor thread] INFO  server.RaftServer (RaftServerProxy.java:remove(107)) - b564bb99-cd76-4902-8e37-bc5f128935f0: remove  FOLLOWER b564bb99-cd76-4902-8e37-bc5f128935f0@group-B9E5E6AFD6D0:t2, leader=e3d3c1c6-e4ea-41ff-8088-7f0be060b7c0, voted=e3d3c1c6-e4ea-41ff-8088-7f0be060b7c0, raftlog=Memoized:b564bb99-cd76-4902-8e37-bc5f128935f0@group-B9E5E6AFD6D0-SegmentedRaftLog:OPENED:c0, conf=0: peers:[e3d3c1c6-e4ea-41ff-8088-7f0be060b7c0|rpc:10.1.0.7:41167|dataStream:|priority:1|startupRole:FOLLOWER, b564bb99-cd76-4902-8e37-bc5f128935f0|rpc:10.1.0.7:39915|dataStream:|priority:0|startupRole:FOLLOWER, 0f1be7e8-a3b4-460a-8434-ebd9767358ca|rpc:10.1.0.7:37191|dataStream:|priority:0|startupRole:FOLLOWER]|listeners:[], old=null RUNNING
2022-12-02 11:12:40,901 [grpc-default-executor-7] INFO  server.GrpcServerProtocolService (GrpcServerProtocolService.java:onCompleted(143)) - b564bb99-cd76-4902-8e37-bc5f128935f0: Completed APPEND_ENTRIES, lastRequest: null
2022-12-02 11:12:40,899 [Command processor thread] INFO  impl.PendingRequests (PendingRequests.java:sendNotLeaderResponses(282)) - e3d3c1c6-e4ea-41ff-8088-7f0be060b7c0@group-B9E5E6AFD6D0-PendingRequests: sendNotLeaderResponses
2022-12-02 11:12:40,902 [Command processor thread] INFO  impl.StateMachineUpdater (StateMachineUpdater.java:stopAndJoin(153)) - e3d3c1c6-e4ea-41ff-8088-7f0be060b7c0@group-B9E5E6AFD6D0-StateMachineUpdater: set stopIndex = 0
2022-12-02 11:12:40,902 [grpc-default-executor-3] INFO  server.GrpcServerProtocolService (GrpcServerProtocolService.java:onCompleted(143)) - 0f1be7e8-a3b4-460a-8434-ebd9767358ca: Completed APPEND_ENTRIES, lastRequest: null
2022-12-02 11:12:40,901 [Command processor thread] INFO  server.RaftServer$Division (RaftServerImpl.java:lambda$close$4(458)) - b564bb99-cd76-4902-8e37-bc5f128935f0@group-B9E5E6AFD6D0: shutdown
2022-12-02 11:12:40,902 [e3d3c1c6-e4ea-41ff-8088-7f0be060b7c0@group-B9E5E6AFD6D0-StateMachineUpdater] INFO  ratis.ContainerStateMachine (ContainerStateMachine.java:takeSnapshot(304)) - group-B9E5E6AFD6D0: Taking a snapshot at:(t:2, i:0) file /home/runner/work/ozone/ozone/hadoop-ozone/integration-test/target/test-dir/MiniOzoneClusterImpl-89ec7bf9-65dc-45db-bd6d-bd896179de2e/datanode-5/data/ratis/52343237-7572-48b8-8fc7-b9e5e6afd6d0/sm/snapshot.2_0
2022-12-02 11:12:40,902 [Command processor thread] INFO  util.JmxRegister (JmxRegister.java:unregister(73)) - Successfully un-registered JMX Bean with object name Ratis:service=RaftServer,group=group-B9E5E6AFD6D0,id=b564bb99-cd76-4902-8e37-bc5f128935f0
2022-12-02 11:12:40,903 [Command processor thread] INFO  impl.RoleInfo (RoleInfo.java:shutdownFollowerState(110)) - b564bb99-cd76-4902-8e37-bc5f128935f0: shutdown b564bb99-cd76-4902-8e37-bc5f128935f0@group-B9E5E6AFD6D0-FollowerState
2022-12-02 11:12:40,903 [b564bb99-cd76-4902-8e37-bc5f128935f0@group-B9E5E6AFD6D0-FollowerState] INFO  impl.FollowerState (FollowerState.java:run(152)) - b564bb99-cd76-4902-8e37-bc5f128935f0@group-B9E5E6AFD6D0-FollowerState was interrupted
2022-12-02 11:12:40,903 [b564bb99-cd76-4902-8e37-bc5f128935f0@group-B9E5E6AFD6D0-StateMachineUpdater] INFO  ratis.ContainerStateMachine (ContainerStateMachine.java:takeSnapshot(304)) - group-B9E5E6AFD6D0: Taking a snapshot at:(t:2, i:0) file /home/runner/work/ozone/ozone/hadoop-ozone/integration-test/target/test-dir/MiniOzoneClusterImpl-89ec7bf9-65dc-45db-bd6d-bd896179de2e/datanode-4/data/ratis/52343237-7572-48b8-8fc7-b9e5e6afd6d0/sm/snapshot.2_0
2022-12-02 11:12:40,904 [Command processor thread] INFO  impl.StateMachineUpdater (StateMachineUpdater.java:stopAndJoin(153)) - b564bb99-cd76-4902-8e37-bc5f128935f0@group-B9E5E6AFD6D0-StateMachineUpdater: set stopIndex = 0
2022-12-02 11:12:40,907 [grpc-default-executor-3] INFO  server.GrpcLogAppender (GrpcLogAppender.java:onCompleted(415)) - e3d3c1c6-e4ea-41ff-8088-7f0be060b7c0@group-B9E5E6AFD6D0->b564bb99-cd76-4902-8e37-bc5f128935f0-AppendLogResponseHandler: follower responses appendEntries COMPLETED
2022-12-02 11:12:40,907 [grpc-default-executor-3] INFO  leader.FollowerInfo (FollowerInfoImpl.java:lambda$new$0(48)) - e3d3c1c6-e4ea-41ff-8088-7f0be060b7c0@group-B9E5E6AFD6D0->b564bb99-cd76-4902-8e37-bc5f128935f0: nextIndex: updateUnconditionally 1 -> 0
2022-12-02 11:12:40,910 [grpc-default-executor-2] INFO  server.GrpcServerProtocolService (GrpcServerProtocolService.java:onCompleted(143)) - b564bb99-cd76-4902-8e37-bc5f128935f0: Completed APPEND_ENTRIES, lastRequest: e3d3c1c6-e4ea-41ff-8088-7f0be060b7c0->b564bb99-cd76-4902-8e37-bc5f128935f0#1-t2,previous=(t:0, i:0),leaderCommit=0,initializing? true,entries: size=1, first=(t:2, i:0), CONFIGURATIONENTRY(current:id: "e3d3c1c6-e4ea-41ff-8088-7f0be060b7c0"
address: "10.1.0.7:41167"
priority: 1
clientAddress: "10.1.0.7:41167"
adminAddress: "10.1.0.7:41167"
startupRole: FOLLOWER
,id: "b564bb99-cd76-4902-8e37-bc5f128935f0"
address: "10.1.0.7:39915"
clientAddress: "10.1.0.7:39915"
adminAddress: "10.1.0.7:39915"
startupRole: FOLLOWER
,id: "0f1be7e8-a3b4-460a-8434-ebd9767358ca"
address: "10.1.0.7:37191"
clientAddress: "10.1.0.7:37191"
adminAddress: "10.1.0.7:37191"
startupRole: FOLLOWER
, old:)
2022-12-02 11:12:40,910 [grpc-default-executor-5] INFO  server.GrpcServerProtocolService (GrpcServerProtocolService.java:onCompleted(143)) - 0f1be7e8-a3b4-460a-8434-ebd9767358ca: Completed APPEND_ENTRIES, lastRequest: e3d3c1c6-e4ea-41ff-8088-7f0be060b7c0->0f1be7e8-a3b4-460a-8434-ebd9767358ca#1-t2,previous=(t:0, i:0),leaderCommit=0,initializing? true,entries: size=1, first=(t:2, i:0), CONFIGURATIONENTRY(current:id: "e3d3c1c6-e4ea-41ff-8088-7f0be060b7c0"
address: "10.1.0.7:41167"
priority: 1
clientAddress: "10.1.0.7:41167"
adminAddress: "10.1.0.7:41167"
startupRole: FOLLOWER
,id: "b564bb99-cd76-4902-8e37-bc5f128935f0"
address: "10.1.0.7:39915"
clientAddress: "10.1.0.7:39915"
adminAddress: "10.1.0.7:39915"
startupRole: FOLLOWER
,id: "0f1be7e8-a3b4-460a-8434-ebd9767358ca"
address: "10.1.0.7:37191"
clientAddress: "10.1.0.7:37191"
adminAddress: "10.1.0.7:37191"
startupRole: FOLLOWER
, old:)
2022-12-02 11:12:40,911 [e3d3c1c6-e4ea-41ff-8088-7f0be060b7c0@group-B9E5E6AFD6D0-StateMachineUpdater] INFO  ratis.ContainerStateMachine (ContainerStateMachine.java:takeSnapshot(315)) - group-B9E5E6AFD6D0: Finished taking a snapshot at:(t:2, i:0) file:/home/runner/work/ozone/ozone/hadoop-ozone/integration-test/target/test-dir/MiniOzoneClusterImpl-89ec7bf9-65dc-45db-bd6d-bd896179de2e/datanode-5/data/ratis/52343237-7572-48b8-8fc7-b9e5e6afd6d0/sm/snapshot.2_0 took: 9 ms
2022-12-02 11:12:40,912 [e3d3c1c6-e4ea-41ff-8088-7f0be060b7c0@group-B9E5E6AFD6D0-StateMachineUpdater] INFO  impl.StateMachineUpdater (StateMachineUpdater.java:takeSnapshot(287)) - e3d3c1c6-e4ea-41ff-8088-7f0be060b7c0@group-B9E5E6AFD6D0-StateMachineUpdater: Took a snapshot at index 0
2022-12-02 11:12:40,912 [e3d3c1c6-e4ea-41ff-8088-7f0be060b7c0@group-B9E5E6AFD6D0-StateMachineUpdater] INFO  impl.StateMachineUpdater (StateMachineUpdater.java:lambda$new$0(92)) - e3d3c1c6-e4ea-41ff-8088-7f0be060b7c0@group-B9E5E6AFD6D0-StateMachineUpdater: snapshotIndex: updateIncreasingly -1 -> 0
2022-12-02 11:12:40,912 [Command processor thread] INFO  server.RaftServer$Division (ServerState.java:close(466)) - e3d3c1c6-e4ea-41ff-8088-7f0be060b7c0@group-B9E5E6AFD6D0: closes. applyIndex: 0
2022-12-02 11:12:40,912 [e3d3c1c6-e4ea-41ff-8088-7f0be060b7c0@group-B9E5E6AFD6D0-SegmentedRaftLogWorker] INFO  segmented.SegmentedRaftLogWorker (SegmentedRaftLogWorker.java:run(347)) - e3d3c1c6-e4ea-41ff-8088-7f0be060b7c0@group-B9E5E6AFD6D0-SegmentedRaftLogWorker was interrupted, exiting. There are 0 tasks remaining in the queue.
2022-12-02 11:12:40,912 [b564bb99-cd76-4902-8e37-bc5f128935f0@group-B9E5E6AFD6D0-StateMachineUpdater] INFO  ratis.ContainerStateMachine (ContainerStateMachine.java:takeSnapshot(315)) - group-B9E5E6AFD6D0: Finished taking a snapshot at:(t:2, i:0) file:/home/runner/work/ozone/ozone/hadoop-ozone/integration-test/target/test-dir/MiniOzoneClusterImpl-89ec7bf9-65dc-45db-bd6d-bd896179de2e/datanode-4/data/ratis/52343237-7572-48b8-8fc7-b9e5e6afd6d0/sm/snapshot.2_0 took: 9 ms
2022-12-02 11:12:40,912 [b564bb99-cd76-4902-8e37-bc5f128935f0@group-B9E5E6AFD6D0-StateMachineUpdater] INFO  impl.StateMachineUpdater (StateMachineUpdater.java:takeSnapshot(287)) - b564bb99-cd76-4902-8e37-bc5f128935f0@group-B9E5E6AFD6D0-StateMachineUpdater: Took a snapshot at index 0
2022-12-02 11:12:40,913 [b564bb99-cd76-4902-8e37-bc5f128935f0@group-B9E5E6AFD6D0-StateMachineUpdater] INFO  impl.StateMachineUpdater (StateMachineUpdater.java:lambda$new$0(92)) - b564bb99-cd76-4902-8e37-bc5f128935f0@group-B9E5E6AFD6D0-StateMachineUpdater: snapshotIndex: updateIncreasingly -1 -> 0
2022-12-02 11:12:40,913 [Command processor thread] INFO  server.RaftServer$Division (ServerState.java:close(466)) - b564bb99-cd76-4902-8e37-bc5f128935f0@group-B9E5E6AFD6D0: closes. applyIndex: 0
2022-12-02 11:12:40,914 [Command processor thread] INFO  segmented.SegmentedRaftLogWorker (SegmentedRaftLogWorker.java:close(257)) - e3d3c1c6-e4ea-41ff-8088-7f0be060b7c0@group-B9E5E6AFD6D0-SegmentedRaftLogWorker close()
2022-12-02 11:12:40,917 [grpc-default-executor-2] INFO  server.GrpcLogAppender (GrpcLogAppender.java:onCompleted(415)) - e3d3c1c6-e4ea-41ff-8088-7f0be060b7c0@group-B9E5E6AFD6D0->0f1be7e8-a3b4-460a-8434-ebd9767358ca-AppendLogResponseHandler: follower responses appendEntries COMPLETED
2022-12-02 11:12:40,917 [grpc-default-executor-2] INFO  leader.FollowerInfo (FollowerInfoImpl.java:lambda$new$0(48)) - e3d3c1c6-e4ea-41ff-8088-7f0be060b7c0@group-B9E5E6AFD6D0->0f1be7e8-a3b4-460a-8434-ebd9767358ca: nextIndex: updateUnconditionally 1 -> 0
2022-12-02 11:12:40,917 [b564bb99-cd76-4902-8e37-bc5f128935f0@group-B9E5E6AFD6D0-SegmentedRaftLogWorker] INFO  segmented.SegmentedRaftLogWorker (SegmentedRaftLogWorker.java:run(347)) - b564bb99-cd76-4902-8e37-bc5f128935f0@group-B9E5E6AFD6D0-SegmentedRaftLogWorker was interrupted, exiting. There are 0 tasks remaining in the queue.
2022-12-02 11:12:40,918 [grpc-default-executor-3] INFO  server.GrpcLogAppender (GrpcLogAppender.java:onCompleted(415)) - e3d3c1c6-e4ea-41ff-8088-7f0be060b7c0@group-B9E5E6AFD6D0->0f1be7e8-a3b4-460a-8434-ebd9767358ca-AppendLogResponseHandler: follower responses appendEntries COMPLETED
2022-12-02 11:12:40,918 [grpc-default-executor-2] INFO  server.GrpcLogAppender (GrpcLogAppender.java:onCompleted(415)) - e3d3c1c6-e4ea-41ff-8088-7f0be060b7c0@group-B9E5E6AFD6D0->b564bb99-cd76-4902-8e37-bc5f128935f0-AppendLogResponseHandler: follower responses appendEntries COMPLETED
2022-12-02 11:12:40,918 [grpc-default-executor-3] INFO  leader.FollowerInfo (FollowerInfoImpl.java:lambda$new$0(48)) - e3d3c1c6-e4ea-41ff-8088-7f0be060b7c0@group-B9E5E6AFD6D0->0f1be7e8-a3b4-460a-8434-ebd9767358ca: nextIndex: updateUnconditionally 0 -> 0
2022-12-02 11:12:40,919 [Command processor thread] INFO  segmented.SegmentedRaftLogWorker (SegmentedRaftLogWorker.java:close(257)) - b564bb99-cd76-4902-8e37-bc5f128935f0@group-B9E5E6AFD6D0-SegmentedRaftLogWorker close()
2022-12-02 11:12:40,919 [grpc-default-executor-2] INFO  leader.FollowerInfo (FollowerInfoImpl.java:lambda$new$0(48)) - e3d3c1c6-e4ea-41ff-8088-7f0be060b7c0@group-B9E5E6AFD6D0->b564bb99-cd76-4902-8e37-bc5f128935f0: nextIndex: updateUnconditionally 0 -> 0
2022-12-02 11:12:40,922 [Command processor thread] INFO  server.RaftServer$Division (RaftServerImpl.java:groupRemove(428)) - b564bb99-cd76-4902-8e37-bc5f128935f0@group-B9E5E6AFD6D0: Succeed to remove RaftStorageDirectory Storage Directory /home/runner/work/ozone/ozone/hadoop-ozone/integration-test/target/test-dir/MiniOzoneClusterImpl-89ec7bf9-65dc-45db-bd6d-bd896179de2e/datanode-4/data/ratis/52343237-7572-48b8-8fc7-b9e5e6afd6d0
2022-12-02 11:12:40,922 [Command processor thread] INFO  commandhandler.ClosePipelineCommandHandler (ClosePipelineCommandHandler.java:handle(78)) - Close Pipeline PipelineID=52343237-7572-48b8-8fc7-b9e5e6afd6d0 command on datanode b564bb99-cd76-4902-8e37-bc5f128935f0.
2022-12-02 11:12:40,923 [Command processor thread] INFO  server.RaftServer$Division (RaftServerImpl.java:groupRemove(428)) - e3d3c1c6-e4ea-41ff-8088-7f0be060b7c0@group-B9E5E6AFD6D0: Succeed to remove RaftStorageDirectory Storage Directory /home/runner/work/ozone/ozone/hadoop-ozone/integration-test/target/test-dir/MiniOzoneClusterImpl-89ec7bf9-65dc-45db-bd6d-bd896179de2e/datanode-5/data/ratis/52343237-7572-48b8-8fc7-b9e5e6afd6d0
2022-12-02 11:12:40,924 [Command processor thread] INFO  commandhandler.ClosePipelineCommandHandler (ClosePipelineCommandHandler.java:handle(78)) - Close Pipeline PipelineID=52343237-7572-48b8-8fc7-b9e5e6afd6d0 command on datanode e3d3c1c6-e4ea-41ff-8088-7f0be060b7c0.
2022-12-02 11:12:41,280 [3706267d-b1e5-497c-b8ee-f9aaec0fcf2c@group-9EF4914689B9-FollowerState] INFO  impl.FollowerState (FollowerState.java:run(143)) - 3706267d-b1e5-497c-b8ee-f9aaec0fcf2c@group-9EF4914689B9-FollowerState: change to CANDIDATE, lastRpcElapsedTime:5018751408ns, electionTimeout:5016ms
2022-12-02 11:12:41,281 [3706267d-b1e5-497c-b8ee-f9aaec0fcf2c@group-9EF4914689B9-FollowerState] INFO  impl.RoleInfo (RoleInfo.java:shutdownFollowerState(110)) - 3706267d-b1e5-497c-b8ee-f9aaec0fcf2c: shutdown 3706267d-b1e5-497c-b8ee-f9aaec0fcf2c@group-9EF4914689B9-FollowerState
2022-12-02 11:12:41,281 [3706267d-b1e5-497c-b8ee-f9aaec0fcf2c@group-9EF4914689B9-FollowerState] INFO  server.RaftServer$Division (RaftServerImpl.java:setRole(321)) - 3706267d-b1e5-497c-b8ee-f9aaec0fcf2c@group-9EF4914689B9: changes role from  FOLLOWER to CANDIDATE at term 2 for changeToCandidate
2022-12-02 11:12:41,281 [3706267d-b1e5-497c-b8ee-f9aaec0fcf2c@group-9EF4914689B9-FollowerState] INFO  server.RaftServerConfigKeys (ConfUtils.java:logGet(46)) - raft.server.leaderelection.pre-vote = false (custom)
2022-12-02 11:12:41,281 [3706267d-b1e5-497c-b8ee-f9aaec0fcf2c@group-9EF4914689B9-FollowerState] INFO  impl.RoleInfo (RoleInfo.java:updateAndGet(139)) - 3706267d-b1e5-497c-b8ee-f9aaec0fcf2c: start 3706267d-b1e5-497c-b8ee-f9aaec0fcf2c@group-9EF4914689B9-LeaderElection17
2022-12-02 11:12:41,286 [3706267d-b1e5-497c-b8ee-f9aaec0fcf2c@group-9EF4914689B9-LeaderElection17] INFO  impl.LeaderElection (LeaderElection.java:askForVotes(312)) - 3706267d-b1e5-497c-b8ee-f9aaec0fcf2c@group-9EF4914689B9-LeaderElection17 ELECTION round 0: submit vote requests at term 3 for -1: peers:[3706267d-b1e5-497c-b8ee-f9aaec0fcf2c|rpc:10.1.0.7:40063|priority:0|startupRole:FOLLOWER, 64d479e5-fe0e-4358-9b9b-67f62582a254|rpc:10.1.0.7:43823|priority:0|startupRole:FOLLOWER, 3e07bada-20ca-43dd-a36a-6fd4f7654e72|rpc:10.1.0.7:34107|priority:1|startupRole:FOLLOWER]|listeners:[], old=null
2022-12-02 11:12:41,287 [3706267d-b1e5-497c-b8ee-f9aaec0fcf2c@group-9EF4914689B9-LeaderElection17] INFO  server.RaftServerConfigKeys (ConfUtils.java:logFallback(53)) - raft.server.rpc.first-election.timeout.min = 5s (fallback to raft.server.rpc.timeout.min)
2022-12-02 11:12:41,287 [3706267d-b1e5-497c-b8ee-f9aaec0fcf2c@group-9EF4914689B9-LeaderElection17] INFO  server.RaftServerConfigKeys (ConfUtils.java:logFallback(53)) - raft.server.rpc.first-election.timeout.max = 5200ms (fallback to raft.server.rpc.timeout.max)
2022-12-02 11:12:41,289 [grpc-default-executor-5] INFO  server.RaftServer$Division (RaftServerImpl.java:requestVote(1218)) - 64d479e5-fe0e-4358-9b9b-67f62582a254@group-9EF4914689B9: receive requestVote(ELECTION, 3706267d-b1e5-497c-b8ee-f9aaec0fcf2c, group-9EF4914689B9, 3, (t:0, i:0))
2022-12-02 11:12:41,289 [grpc-default-executor-5] INFO  impl.VoteContext (VoteContext.java:log(49)) - 64d479e5-fe0e-4358-9b9b-67f62582a254@group-9EF4914689B9-FOLLOWER: accept ELECTION from 3706267d-b1e5-497c-b8ee-f9aaec0fcf2c: our priority 0 <= candidate's priority 0
2022-12-02 11:12:41,290 [grpc-default-executor-5] INFO  server.RaftServer$Division (RaftServerImpl.java:setRole(321)) - 64d479e5-fe0e-4358-9b9b-67f62582a254@group-9EF4914689B9: changes role from  FOLLOWER to FOLLOWER at term 3 for candidate:3706267d-b1e5-497c-b8ee-f9aaec0fcf2c
2022-12-02 11:12:41,290 [grpc-default-executor-5] INFO  impl.RoleInfo (RoleInfo.java:shutdownFollowerState(110)) - 64d479e5-fe0e-4358-9b9b-67f62582a254: shutdown 64d479e5-fe0e-4358-9b9b-67f62582a254@group-9EF4914689B9-FollowerState
2022-12-02 11:12:41,290 [grpc-default-executor-5] INFO  impl.RoleInfo (RoleInfo.java:updateAndGet(139)) - 64d479e5-fe0e-4358-9b9b-67f62582a254: start 64d479e5-fe0e-4358-9b9b-67f62582a254@group-9EF4914689B9-FollowerState
2022-12-02 11:12:41,290 [64d479e5-fe0e-4358-9b9b-67f62582a254@group-9EF4914689B9-FollowerState] INFO  impl.FollowerState (FollowerState.java:run(152)) - 64d479e5-fe0e-4358-9b9b-67f62582a254@group-9EF4914689B9-FollowerState was interrupted
2022-12-02 11:12:41,294 [grpc-default-executor-2] INFO  server.RaftServer$Division (RaftServerImpl.java:requestVote(1218)) - 3e07bada-20ca-43dd-a36a-6fd4f7654e72@group-9EF4914689B9: receive requestVote(ELECTION, 3706267d-b1e5-497c-b8ee-f9aaec0fcf2c, group-9EF4914689B9, 3, (t:0, i:0))
2022-12-02 11:12:41,294 [grpc-default-executor-2] INFO  impl.VoteContext (VoteContext.java:log(49)) - 3e07bada-20ca-43dd-a36a-6fd4f7654e72@group-9EF4914689B9-FOLLOWER: reject ELECTION from 3706267d-b1e5-497c-b8ee-f9aaec0fcf2c: our priority 1 > candidate's priority 0
2022-12-02 11:12:41,294 [grpc-default-executor-2] INFO  server.RaftServer$Division (RaftServerImpl.java:setRole(321)) - 3e07bada-20ca-43dd-a36a-6fd4f7654e72@group-9EF4914689B9: changes role from  FOLLOWER to FOLLOWER at term 3 for candidate:3706267d-b1e5-497c-b8ee-f9aaec0fcf2c
2022-12-02 11:12:41,294 [grpc-default-executor-2] INFO  impl.RoleInfo (RoleInfo.java:shutdownFollowerState(110)) - 3e07bada-20ca-43dd-a36a-6fd4f7654e72: shutdown 3e07bada-20ca-43dd-a36a-6fd4f7654e72@group-9EF4914689B9-FollowerState
2022-12-02 11:12:41,295 [64d479e5-fe0e-4358-9b9b-67f62582a254@group-9EF4914689B9-FollowerState] INFO  server.RaftServerConfigKeys (ConfUtils.java:logFallback(53)) - raft.server.rpc.first-election.timeout.min = 5s (fallback to raft.server.rpc.timeout.min)
2022-12-02 11:12:41,295 [64d479e5-fe0e-4358-9b9b-67f62582a254@group-9EF4914689B9-FollowerState] INFO  server.RaftServerConfigKeys (ConfUtils.java:logFallback(53)) - raft.server.rpc.first-election.timeout.max = 5200ms (fallback to raft.server.rpc.timeout.max)
2022-12-02 11:12:41,295 [grpc-default-executor-2] INFO  impl.RoleInfo (RoleInfo.java:updateAndGet(139)) - 3e07bada-20ca-43dd-a36a-6fd4f7654e72: start 3e07bada-20ca-43dd-a36a-6fd4f7654e72@group-9EF4914689B9-FollowerState
2022-12-02 11:12:41,295 [3e07bada-20ca-43dd-a36a-6fd4f7654e72@group-9EF4914689B9-FollowerState] INFO  impl.FollowerState (FollowerState.java:run(152)) - 3e07bada-20ca-43dd-a36a-6fd4f7654e72@group-9EF4914689B9-FollowerState was interrupted
2022-12-02 11:12:41,297 [grpc-default-executor-5] INFO  server.RaftServer$Division (RaftServerImpl.java:requestVote(1251)) - 64d479e5-fe0e-4358-9b9b-67f62582a254@group-9EF4914689B9 replies to ELECTION vote request: 3706267d-b1e5-497c-b8ee-f9aaec0fcf2c<-64d479e5-fe0e-4358-9b9b-67f62582a254#0:OK-t3. Peer's state: 64d479e5-fe0e-4358-9b9b-67f62582a254@group-9EF4914689B9:t3, leader=null, voted=3706267d-b1e5-497c-b8ee-f9aaec0fcf2c, raftlog=Memoized:64d479e5-fe0e-4358-9b9b-67f62582a254@group-9EF4914689B9-SegmentedRaftLog:OPENED:c-1, conf=-1: peers:[3706267d-b1e5-497c-b8ee-f9aaec0fcf2c|rpc:10.1.0.7:40063|priority:0|startupRole:FOLLOWER, 64d479e5-fe0e-4358-9b9b-67f62582a254|rpc:10.1.0.7:43823|priority:0|startupRole:FOLLOWER, 3e07bada-20ca-43dd-a36a-6fd4f7654e72|rpc:10.1.0.7:34107|priority:1|startupRole:FOLLOWER]|listeners:[], old=null
2022-12-02 11:12:41,307 [3e07bada-20ca-43dd-a36a-6fd4f7654e72@group-9EF4914689B9-FollowerState] INFO  server.RaftServerConfigKeys (ConfUtils.java:logFallback(53)) - raft.server.rpc.first-election.timeout.min = 5s (fallback to raft.server.rpc.timeout.min)
2022-12-02 11:12:41,307 [3e07bada-20ca-43dd-a36a-6fd4f7654e72@group-9EF4914689B9-FollowerState] INFO  server.RaftServerConfigKeys (ConfUtils.java:logFallback(53)) - raft.server.rpc.first-election.timeout.max = 5200ms (fallback to raft.server.rpc.timeout.max)
2022-12-02 11:12:41,308 [grpc-default-executor-2] INFO  server.RaftServer$Division (RaftServerImpl.java:requestVote(1251)) - 3e07bada-20ca-43dd-a36a-6fd4f7654e72@group-9EF4914689B9 replies to ELECTION vote request: 3706267d-b1e5-497c-b8ee-f9aaec0fcf2c<-3e07bada-20ca-43dd-a36a-6fd4f7654e72#0:FAIL-t3. Peer's state: 3e07bada-20ca-43dd-a36a-6fd4f7654e72@group-9EF4914689B9:t3, leader=null, voted=null, raftlog=Memoized:3e07bada-20ca-43dd-a36a-6fd4f7654e72@group-9EF4914689B9-SegmentedRaftLog:OPENED:c-1, conf=-1: peers:[3706267d-b1e5-497c-b8ee-f9aaec0fcf2c|rpc:10.1.0.7:40063|dataStream:|priority:0|startupRole:FOLLOWER, 64d479e5-fe0e-4358-9b9b-67f62582a254|rpc:10.1.0.7:43823|dataStream:|priority:0|startupRole:FOLLOWER, 3e07bada-20ca-43dd-a36a-6fd4f7654e72|rpc:10.1.0.7:34107|dataStream:|priority:1|startupRole:FOLLOWER]|listeners:[], old=null
2022-12-02 11:12:41,309 [3706267d-b1e5-497c-b8ee-f9aaec0fcf2c@group-9EF4914689B9-LeaderElection17] INFO  impl.LeaderElection (LeaderElection.java:logAndReturn(90)) - 3706267d-b1e5-497c-b8ee-f9aaec0fcf2c@group-9EF4914689B9-LeaderElection17: ELECTION REJECTED received 2 response(s) and 0 exception(s):
2022-12-02 11:12:41,309 [3706267d-b1e5-497c-b8ee-f9aaec0fcf2c@group-9EF4914689B9-LeaderElection17] INFO  impl.LeaderElection (LeaderElection.java:logAndReturn(94)) -   Response 0: 3706267d-b1e5-497c-b8ee-f9aaec0fcf2c<-64d479e5-fe0e-4358-9b9b-67f62582a254#0:OK-t3
2022-12-02 11:12:41,309 [3706267d-b1e5-497c-b8ee-f9aaec0fcf2c@group-9EF4914689B9-LeaderElection17] INFO  impl.LeaderElection (LeaderElection.java:logAndReturn(94)) -   Response 1: 3706267d-b1e5-497c-b8ee-f9aaec0fcf2c<-3e07bada-20ca-43dd-a36a-6fd4f7654e72#0:FAIL-t3
2022-12-02 11:12:41,309 [3706267d-b1e5-497c-b8ee-f9aaec0fcf2c@group-9EF4914689B9-LeaderElection17] INFO  impl.LeaderElection (LeaderElection.java:askForVotes(314)) - 3706267d-b1e5-497c-b8ee-f9aaec0fcf2c@group-9EF4914689B9-LeaderElection17 ELECTION round 0: result REJECTED
2022-12-02 11:12:41,309 [3706267d-b1e5-497c-b8ee-f9aaec0fcf2c@group-9EF4914689B9-LeaderElection17] INFO  server.RaftServer$Division (RaftServerImpl.java:setRole(321)) - 3706267d-b1e5-497c-b8ee-f9aaec0fcf2c@group-9EF4914689B9: changes role from CANDIDATE to FOLLOWER at term 3 for REJECTED
2022-12-02 11:12:41,309 [3706267d-b1e5-497c-b8ee-f9aaec0fcf2c@group-9EF4914689B9-LeaderElection17] INFO  impl.RoleInfo (RoleInfo.java:shutdownLeaderElection(130)) - 3706267d-b1e5-497c-b8ee-f9aaec0fcf2c: shutdown 3706267d-b1e5-497c-b8ee-f9aaec0fcf2c@group-9EF4914689B9-LeaderElection17
2022-12-02 11:12:41,309 [3706267d-b1e5-497c-b8ee-f9aaec0fcf2c@group-9EF4914689B9-LeaderElection17] INFO  impl.RoleInfo (RoleInfo.java:updateAndGet(139)) - 3706267d-b1e5-497c-b8ee-f9aaec0fcf2c: start 3706267d-b1e5-497c-b8ee-f9aaec0fcf2c@group-9EF4914689B9-FollowerState
2022-12-02 11:12:41,310 [3706267d-b1e5-497c-b8ee-f9aaec0fcf2c@group-9EF4914689B9-FollowerState] INFO  server.RaftServerConfigKeys (ConfUtils.java:logFallback(53)) - raft.server.rpc.first-election.timeout.min = 5s (fallback to raft.server.rpc.timeout.min)
2022-12-02 11:12:41,310 [3706267d-b1e5-497c-b8ee-f9aaec0fcf2c@group-9EF4914689B9-FollowerState] INFO  server.RaftServerConfigKeys (ConfUtils.java:logFallback(53)) - raft.server.rpc.first-election.timeout.max = 5200ms (fallback to raft.server.rpc.timeout.max)
2022-12-02 11:12:41,329 [EventQueue-CommandQueueReportForCommandQueueReportHandler] WARN  events.EventQueue (EventQueue.java:fireEvent(216)) - No event handler registered for event TypedEvent{payloadType=DatanodeDetails, name='Datanode_Command_Queue_Updated'}
2022-12-02 11:12:41,515 [Under Replicated Processor] INFO  replication.UnderReplicatedProcessor (UnderReplicatedProcessor.java:processAll(79)) - Processed 0 under replicated containers, failed processing 0
2022-12-02 11:12:41,530 [Over Replicated Processor] INFO  replication.OverReplicatedProcessor (OverReplicatedProcessor.java:processAll(79)) - Processed 0 over replicated containers, failed processing 0
2022-12-02 11:12:41,881 [EventQueue-CommandQueueReportForCommandQueueReportHandler] WARN  events.EventQueue (EventQueue.java:fireEvent(216)) - No event handler registered for event TypedEvent{payloadType=DatanodeDetails, name='Datanode_Command_Queue_Updated'}
2022-12-02 11:12:41,907 [EventQueue-CommandQueueReportForCommandQueueReportHandler] WARN  events.EventQueue (EventQueue.java:fireEvent(216)) - No event handler registered for event TypedEvent{payloadType=DatanodeDetails, name='Datanode_Command_Queue_Updated'}
2022-12-02 11:12:42,204 [EventQueue-CommandQueueReportForCommandQueueReportHandler] WARN  events.EventQueue (EventQueue.java:fireEvent(216)) - No event handler registered for event TypedEvent{payloadType=DatanodeDetails, name='Datanode_Command_Queue_Updated'}
2022-12-02 11:12:42,683 [EventQueue-CommandQueueReportForCommandQueueReportHandler] WARN  events.EventQueue (EventQueue.java:fireEvent(216)) - No event handler registered for event TypedEvent{payloadType=DatanodeDetails, name='Datanode_Command_Queue_Updated'}
2022-12-02 11:12:42,873 [EventQueue-CommandQueueReportForCommandQueueReportHandler] WARN  events.EventQueue (EventQueue.java:fireEvent(216)) - No event handler registered for event TypedEvent{payloadType=DatanodeDetails, name='Datanode_Command_Queue_Updated'}
2022-12-02 11:12:43,329 [EventQueue-CommandQueueReportForCommandQueueReportHandler] WARN  events.EventQueue (EventQueue.java:fireEvent(216)) - No event handler registered for event TypedEvent{payloadType=DatanodeDetails, name='Datanode_Command_Queue_Updated'}
2022-12-02 11:12:43,882 [EventQueue-CommandQueueReportForCommandQueueReportHandler] WARN  events.EventQueue (EventQueue.java:fireEvent(216)) - No event handler registered for event TypedEvent{payloadType=DatanodeDetails, name='Datanode_Command_Queue_Updated'}
2022-12-02 11:12:43,891 [EventQueue-CommandQueueReportForCommandQueueReportHandler] WARN  events.EventQueue (EventQueue.java:fireEvent(216)) - No event handler registered for event TypedEvent{payloadType=DatanodeDetails, name='Datanode_Command_Queue_Updated'}
2022-12-02 11:12:44,204 [EventQueue-CommandQueueReportForCommandQueueReportHandler] WARN  events.EventQueue (EventQueue.java:fireEvent(216)) - No event handler registered for event TypedEvent{payloadType=DatanodeDetails, name='Datanode_Command_Queue_Updated'}
2022-12-02 11:12:44,682 [EventQueue-CommandQueueReportForCommandQueueReportHandler] WARN  events.EventQueue (EventQueue.java:fireEvent(216)) - No event handler registered for event TypedEvent{payloadType=DatanodeDetails, name='Datanode_Command_Queue_Updated'}
2022-12-02 11:12:44,873 [EventQueue-CommandQueueReportForCommandQueueReportHandler] WARN  events.EventQueue (EventQueue.java:fireEvent(216)) - No event handler registered for event TypedEvent{payloadType=DatanodeDetails, name='Datanode_Command_Queue_Updated'}
2022-12-02 11:12:45,328 [EventQueue-CommandQueueReportForCommandQueueReportHandler] WARN  events.EventQueue (EventQueue.java:fireEvent(216)) - No event handler registered for event TypedEvent{payloadType=DatanodeDetails, name='Datanode_Command_Queue_Updated'}
2022-12-02 11:12:45,883 [EventQueue-CommandQueueReportForCommandQueueReportHandler] WARN  events.EventQueue (EventQueue.java:fireEvent(216)) - No event handler registered for event TypedEvent{payloadType=DatanodeDetails, name='Datanode_Command_Queue_Updated'}
2022-12-02 11:12:45,892 [EventQueue-CommandQueueReportForCommandQueueReportHandler] WARN  events.EventQueue (EventQueue.java:fireEvent(216)) - No event handler registered for event TypedEvent{payloadType=DatanodeDetails, name='Datanode_Command_Queue_Updated'}
2022-12-02 11:12:46,204 [EventQueue-CommandQueueReportForCommandQueueReportHandler] WARN  events.EventQueue (EventQueue.java:fireEvent(216)) - No event handler registered for event TypedEvent{payloadType=DatanodeDetails, name='Datanode_Command_Queue_Updated'}
2022-12-02 11:12:46,415 [3706267d-b1e5-497c-b8ee-f9aaec0fcf2c@group-9EF4914689B9-FollowerState] INFO  impl.FollowerState (FollowerState.java:run(143)) - 3706267d-b1e5-497c-b8ee-f9aaec0fcf2c@group-9EF4914689B9-FollowerState: change to CANDIDATE, lastRpcElapsedTime:5105219101ns, electionTimeout:5104ms
2022-12-02 11:12:46,415 [3706267d-b1e5-497c-b8ee-f9aaec0fcf2c@group-9EF4914689B9-FollowerState] INFO  impl.RoleInfo (RoleInfo.java:shutdownFollowerState(110)) - 3706267d-b1e5-497c-b8ee-f9aaec0fcf2c: shutdown 3706267d-b1e5-497c-b8ee-f9aaec0fcf2c@group-9EF4914689B9-FollowerState
2022-12-02 11:12:46,415 [3706267d-b1e5-497c-b8ee-f9aaec0fcf2c@group-9EF4914689B9-FollowerState] INFO  server.RaftServer$Division (RaftServerImpl.java:setRole(321)) - 3706267d-b1e5-497c-b8ee-f9aaec0fcf2c@group-9EF4914689B9: changes role from  FOLLOWER to CANDIDATE at term 3 for changeToCandidate
2022-12-02 11:12:46,415 [3706267d-b1e5-497c-b8ee-f9aaec0fcf2c@group-9EF4914689B9-FollowerState] INFO  server.RaftServerConfigKeys (ConfUtils.java:logGet(46)) - raft.server.leaderelection.pre-vote = false (custom)
2022-12-02 11:12:46,415 [3706267d-b1e5-497c-b8ee-f9aaec0fcf2c@group-9EF4914689B9-FollowerState] INFO  impl.RoleInfo (RoleInfo.java:updateAndGet(139)) - 3706267d-b1e5-497c-b8ee-f9aaec0fcf2c: start 3706267d-b1e5-497c-b8ee-f9aaec0fcf2c@group-9EF4914689B9-LeaderElection18
2022-12-02 11:12:46,426 [3706267d-b1e5-497c-b8ee-f9aaec0fcf2c@group-9EF4914689B9-LeaderElection18] INFO  impl.LeaderElection (LeaderElection.java:askForVotes(312)) - 3706267d-b1e5-497c-b8ee-f9aaec0fcf2c@group-9EF4914689B9-LeaderElection18 ELECTION round 0: submit vote requests at term 4 for -1: peers:[3706267d-b1e5-497c-b8ee-f9aaec0fcf2c|rpc:10.1.0.7:40063|priority:0|startupRole:FOLLOWER, 64d479e5-fe0e-4358-9b9b-67f62582a254|rpc:10.1.0.7:43823|priority:0|startupRole:FOLLOWER, 3e07bada-20ca-43dd-a36a-6fd4f7654e72|rpc:10.1.0.7:34107|priority:1|startupRole:FOLLOWER]|listeners:[], old=null
2022-12-02 11:12:46,427 [3706267d-b1e5-497c-b8ee-f9aaec0fcf2c@group-9EF4914689B9-LeaderElection18] INFO  server.RaftServerConfigKeys (ConfUtils.java:logFallback(53)) - raft.server.rpc.first-election.timeout.min = 5s (fallback to raft.server.rpc.timeout.min)
2022-12-02 11:12:46,428 [3706267d-b1e5-497c-b8ee-f9aaec0fcf2c@group-9EF4914689B9-LeaderElection18] INFO  server.RaftServerConfigKeys (ConfUtils.java:logFallback(53)) - raft.server.rpc.first-election.timeout.max = 5200ms (fallback to raft.server.rpc.timeout.max)
2022-12-02 11:12:46,430 [grpc-default-executor-5] INFO  server.RaftServer$Division (RaftServerImpl.java:requestVote(1218)) - 3e07bada-20ca-43dd-a36a-6fd4f7654e72@group-9EF4914689B9: receive requestVote(ELECTION, 3706267d-b1e5-497c-b8ee-f9aaec0fcf2c, group-9EF4914689B9, 4, (t:0, i:0))
2022-12-02 11:12:46,430 [grpc-default-executor-2] INFO  server.RaftServer$Division (RaftServerImpl.java:requestVote(1218)) - 64d479e5-fe0e-4358-9b9b-67f62582a254@group-9EF4914689B9: receive requestVote(ELECTION, 3706267d-b1e5-497c-b8ee-f9aaec0fcf2c, group-9EF4914689B9, 4, (t:0, i:0))
2022-12-02 11:12:46,430 [grpc-default-executor-5] INFO  impl.VoteContext (VoteContext.java:log(49)) - 3e07bada-20ca-43dd-a36a-6fd4f7654e72@group-9EF4914689B9-FOLLOWER: reject ELECTION from 3706267d-b1e5-497c-b8ee-f9aaec0fcf2c: our priority 1 > candidate's priority 0
2022-12-02 11:12:46,430 [grpc-default-executor-2] INFO  impl.VoteContext (VoteContext.java:log(49)) - 64d479e5-fe0e-4358-9b9b-67f62582a254@group-9EF4914689B9-FOLLOWER: accept ELECTION from 3706267d-b1e5-497c-b8ee-f9aaec0fcf2c: our priority 0 <= candidate's priority 0
2022-12-02 11:12:46,430 [grpc-default-executor-5] INFO  server.RaftServer$Division (RaftServerImpl.java:setRole(321)) - 3e07bada-20ca-43dd-a36a-6fd4f7654e72@group-9EF4914689B9: changes role from  FOLLOWER to FOLLOWER at term 4 for candidate:3706267d-b1e5-497c-b8ee-f9aaec0fcf2c
2022-12-02 11:12:46,430 [grpc-default-executor-2] INFO  server.RaftServer$Division (RaftServerImpl.java:setRole(321)) - 64d479e5-fe0e-4358-9b9b-67f62582a254@group-9EF4914689B9: changes role from  FOLLOWER to FOLLOWER at term 4 for candidate:3706267d-b1e5-497c-b8ee-f9aaec0fcf2c
2022-12-02 11:12:46,430 [grpc-default-executor-5] INFO  impl.RoleInfo (RoleInfo.java:shutdownFollowerState(110)) - 3e07bada-20ca-43dd-a36a-6fd4f7654e72: shutdown 3e07bada-20ca-43dd-a36a-6fd4f7654e72@group-9EF4914689B9-FollowerState
2022-12-02 11:12:46,430 [grpc-default-executor-2] INFO  impl.RoleInfo (RoleInfo.java:shutdownFollowerState(110)) - 64d479e5-fe0e-4358-9b9b-67f62582a254: shutdown 64d479e5-fe0e-4358-9b9b-67f62582a254@group-9EF4914689B9-FollowerState
2022-12-02 11:12:46,430 [grpc-default-executor-5] INFO  impl.RoleInfo (RoleInfo.java:updateAndGet(139)) - 3e07bada-20ca-43dd-a36a-6fd4f7654e72: start 3e07bada-20ca-43dd-a36a-6fd4f7654e72@group-9EF4914689B9-FollowerState
2022-12-02 11:12:46,431 [grpc-default-executor-2] INFO  impl.RoleInfo (RoleInfo.java:updateAndGet(139)) - 64d479e5-fe0e-4358-9b9b-67f62582a254: start 64d479e5-fe0e-4358-9b9b-67f62582a254@group-9EF4914689B9-FollowerState
2022-12-02 11:12:46,431 [3e07bada-20ca-43dd-a36a-6fd4f7654e72@group-9EF4914689B9-FollowerState] INFO  impl.FollowerState (FollowerState.java:run(152)) - 3e07bada-20ca-43dd-a36a-6fd4f7654e72@group-9EF4914689B9-FollowerState was interrupted
2022-12-02 11:12:46,431 [64d479e5-fe0e-4358-9b9b-67f62582a254@group-9EF4914689B9-FollowerState] INFO  impl.FollowerState (FollowerState.java:run(152)) - 64d479e5-fe0e-4358-9b9b-67f62582a254@group-9EF4914689B9-FollowerState was interrupted
2022-12-02 11:12:46,434 [3e07bada-20ca-43dd-a36a-6fd4f7654e72@group-9EF4914689B9-FollowerState] INFO  server.RaftServerConfigKeys (ConfUtils.java:logFallback(53)) - raft.server.rpc.first-election.timeout.min = 5s (fallback to raft.server.rpc.timeout.min)
2022-12-02 11:12:46,434 [3e07bada-20ca-43dd-a36a-6fd4f7654e72@group-9EF4914689B9-FollowerState] INFO  server.RaftServerConfigKeys (ConfUtils.java:logFallback(53)) - raft.server.rpc.first-election.timeout.max = 5200ms (fallback to raft.server.rpc.timeout.max)
2022-12-02 11:12:46,436 [grpc-default-executor-5] INFO  server.RaftServer$Division (RaftServerImpl.java:requestVote(1251)) - 3e07bada-20ca-43dd-a36a-6fd4f7654e72@group-9EF4914689B9 replies to ELECTION vote request: 3706267d-b1e5-497c-b8ee-f9aaec0fcf2c<-3e07bada-20ca-43dd-a36a-6fd4f7654e72#0:FAIL-t4. Peer's state: 3e07bada-20ca-43dd-a36a-6fd4f7654e72@group-9EF4914689B9:t4, leader=null, voted=null, raftlog=Memoized:3e07bada-20ca-43dd-a36a-6fd4f7654e72@group-9EF4914689B9-SegmentedRaftLog:OPENED:c-1, conf=-1: peers:[3706267d-b1e5-497c-b8ee-f9aaec0fcf2c|rpc:10.1.0.7:40063|dataStream:|priority:0|startupRole:FOLLOWER, 64d479e5-fe0e-4358-9b9b-67f62582a254|rpc:10.1.0.7:43823|dataStream:|priority:0|startupRole:FOLLOWER, 3e07bada-20ca-43dd-a36a-6fd4f7654e72|rpc:10.1.0.7:34107|dataStream:|priority:1|startupRole:FOLLOWER]|listeners:[], old=null
2022-12-02 11:12:46,437 [grpc-default-executor-2] INFO  server.RaftServer$Division (RaftServerImpl.java:requestVote(1251)) - 64d479e5-fe0e-4358-9b9b-67f62582a254@group-9EF4914689B9 replies to ELECTION vote request: 3706267d-b1e5-497c-b8ee-f9aaec0fcf2c<-64d479e5-fe0e-4358-9b9b-67f62582a254#0:OK-t4. Peer's state: 64d479e5-fe0e-4358-9b9b-67f62582a254@group-9EF4914689B9:t4, leader=null, voted=3706267d-b1e5-497c-b8ee-f9aaec0fcf2c, raftlog=Memoized:64d479e5-fe0e-4358-9b9b-67f62582a254@group-9EF4914689B9-SegmentedRaftLog:OPENED:c-1, conf=-1: peers:[3706267d-b1e5-497c-b8ee-f9aaec0fcf2c|rpc:10.1.0.7:40063|priority:0|startupRole:FOLLOWER, 64d479e5-fe0e-4358-9b9b-67f62582a254|rpc:10.1.0.7:43823|priority:0|startupRole:FOLLOWER, 3e07bada-20ca-43dd-a36a-6fd4f7654e72|rpc:10.1.0.7:34107|priority:1|startupRole:FOLLOWER]|listeners:[], old=null
2022-12-02 11:12:46,442 [64d479e5-fe0e-4358-9b9b-67f62582a254@group-9EF4914689B9-FollowerState] INFO  server.RaftServerConfigKeys (ConfUtils.java:logFallback(53)) - raft.server.rpc.first-election.timeout.min = 5s (fallback to raft.server.rpc.timeout.min)
2022-12-02 11:12:46,442 [64d479e5-fe0e-4358-9b9b-67f62582a254@group-9EF4914689B9-FollowerState] INFO  server.RaftServerConfigKeys (ConfUtils.java:logFallback(53)) - raft.server.rpc.first-election.timeout.max = 5200ms (fallback to raft.server.rpc.timeout.max)
2022-12-02 11:12:46,445 [3706267d-b1e5-497c-b8ee-f9aaec0fcf2c@group-9EF4914689B9-LeaderElection18] INFO  impl.LeaderElection (LeaderElection.java:logAndReturn(90)) - 3706267d-b1e5-497c-b8ee-f9aaec0fcf2c@group-9EF4914689B9-LeaderElection18: ELECTION REJECTED received 2 response(s) and 0 exception(s):
2022-12-02 11:12:46,445 [3706267d-b1e5-497c-b8ee-f9aaec0fcf2c@group-9EF4914689B9-LeaderElection18] INFO  impl.LeaderElection (LeaderElection.java:logAndReturn(94)) -   Response 0: 3706267d-b1e5-497c-b8ee-f9aaec0fcf2c<-64d479e5-fe0e-4358-9b9b-67f62582a254#0:OK-t4
2022-12-02 11:12:46,445 [3706267d-b1e5-497c-b8ee-f9aaec0fcf2c@group-9EF4914689B9-LeaderElection18] INFO  impl.LeaderElection (LeaderElection.java:logAndReturn(94)) -   Response 1: 3706267d-b1e5-497c-b8ee-f9aaec0fcf2c<-3e07bada-20ca-43dd-a36a-6fd4f7654e72#0:FAIL-t4
2022-12-02 11:12:46,445 [3706267d-b1e5-497c-b8ee-f9aaec0fcf2c@group-9EF4914689B9-LeaderElection18] INFO  impl.LeaderElection (LeaderElection.java:askForVotes(314)) - 3706267d-b1e5-497c-b8ee-f9aaec0fcf2c@group-9EF4914689B9-LeaderElection18 ELECTION round 0: result REJECTED
2022-12-02 11:12:46,445 [3706267d-b1e5-497c-b8ee-f9aaec0fcf2c@group-9EF4914689B9-LeaderElection18] INFO  server.RaftServer$Division (RaftServerImpl.java:setRole(321)) - 3706267d-b1e5-497c-b8ee-f9aaec0fcf2c@group-9EF4914689B9: changes role from CANDIDATE to FOLLOWER at term 4 for REJECTED
2022-12-02 11:12:46,446 [3706267d-b1e5-497c-b8ee-f9aaec0fcf2c@group-9EF4914689B9-LeaderElection18] INFO  impl.RoleInfo (RoleInfo.java:shutdownLeaderElection(130)) - 3706267d-b1e5-497c-b8ee-f9aaec0fcf2c: shutdown 3706267d-b1e5-497c-b8ee-f9aaec0fcf2c@group-9EF4914689B9-LeaderElection18
2022-12-02 11:12:46,446 [3706267d-b1e5-497c-b8ee-f9aaec0fcf2c@group-9EF4914689B9-LeaderElection18] INFO  impl.RoleInfo (RoleInfo.java:updateAndGet(139)) - 3706267d-b1e5-497c-b8ee-f9aaec0fcf2c: start 3706267d-b1e5-497c-b8ee-f9aaec0fcf2c@group-9EF4914689B9-FollowerState
2022-12-02 11:12:46,447 [3706267d-b1e5-497c-b8ee-f9aaec0fcf2c@group-9EF4914689B9-FollowerState] INFO  server.RaftServerConfigKeys (ConfUtils.java:logFallback(53)) - raft.server.rpc.first-election.timeout.min = 5s (fallback to raft.server.rpc.timeout.min)
2022-12-02 11:12:46,447 [3706267d-b1e5-497c-b8ee-f9aaec0fcf2c@group-9EF4914689B9-FollowerState] INFO  server.RaftServerConfigKeys (ConfUtils.java:logFallback(53)) - raft.server.rpc.first-election.timeout.max = 5200ms (fallback to raft.server.rpc.timeout.max)
2022-12-02 11:12:46,681 [EventQueue-CommandQueueReportForCommandQueueReportHandler] WARN  events.EventQueue (EventQueue.java:fireEvent(216)) - No event handler registered for event TypedEvent{payloadType=DatanodeDetails, name='Datanode_Command_Queue_Updated'}
2022-12-02 11:12:46,872 [EventQueue-CommandQueueReportForCommandQueueReportHandler] WARN  events.EventQueue (EventQueue.java:fireEvent(216)) - No event handler registered for event TypedEvent{payloadType=DatanodeDetails, name='Datanode_Command_Queue_Updated'}
2022-12-02 11:12:47,328 [EventQueue-CommandQueueReportForCommandQueueReportHandler] WARN  events.EventQueue (EventQueue.java:fireEvent(216)) - No event handler registered for event TypedEvent{payloadType=DatanodeDetails, name='Datanode_Command_Queue_Updated'}
2022-12-02 11:12:47,883 [EventQueue-CommandQueueReportForCommandQueueReportHandler] WARN  events.EventQueue (EventQueue.java:fireEvent(216)) - No event handler registered for event TypedEvent{payloadType=DatanodeDetails, name='Datanode_Command_Queue_Updated'}
2022-12-02 11:12:47,893 [EventQueue-CommandQueueReportForCommandQueueReportHandler] WARN  events.EventQueue (EventQueue.java:fireEvent(216)) - No event handler registered for event TypedEvent{payloadType=DatanodeDetails, name='Datanode_Command_Queue_Updated'}
2022-12-02 11:12:48,205 [EventQueue-CommandQueueReportForCommandQueueReportHandler] WARN  events.EventQueue (EventQueue.java:fireEvent(216)) - No event handler registered for event TypedEvent{payloadType=DatanodeDetails, name='Datanode_Command_Queue_Updated'}
2022-12-02 11:12:48,681 [EventQueue-CommandQueueReportForCommandQueueReportHandler] WARN  events.EventQueue (EventQueue.java:fireEvent(216)) - No event handler registered for event TypedEvent{payloadType=DatanodeDetails, name='Datanode_Command_Queue_Updated'}
2022-12-02 11:12:48,873 [EventQueue-CommandQueueReportForCommandQueueReportHandler] WARN  events.EventQueue (EventQueue.java:fireEvent(216)) - No event handler registered for event TypedEvent{payloadType=DatanodeDetails, name='Datanode_Command_Queue_Updated'}
2022-12-02 11:12:49,329 [EventQueue-CommandQueueReportForCommandQueueReportHandler] WARN  events.EventQueue (EventQueue.java:fireEvent(216)) - No event handler registered for event TypedEvent{payloadType=DatanodeDetails, name='Datanode_Command_Queue_Updated'}
2022-12-02 11:12:49,881 [EventQueue-CommandQueueReportForCommandQueueReportHandler] WARN  events.EventQueue (EventQueue.java:fireEvent(216)) - No event handler registered for event TypedEvent{payloadType=DatanodeDetails, name='Datanode_Command_Queue_Updated'}
2022-12-02 11:12:49,892 [EventQueue-CommandQueueReportForCommandQueueReportHandler] WARN  events.EventQueue (EventQueue.java:fireEvent(216)) - No event handler registered for event TypedEvent{payloadType=DatanodeDetails, name='Datanode_Command_Queue_Updated'}
2022-12-02 11:12:50,206 [EventQueue-CommandQueueReportForCommandQueueReportHandler] WARN  events.EventQueue (EventQueue.java:fireEvent(216)) - No event handler registered for event TypedEvent{payloadType=DatanodeDetails, name='Datanode_Command_Queue_Updated'}
2022-12-02 11:12:50,681 [EventQueue-CommandQueueReportForCommandQueueReportHandler] WARN  events.EventQueue (EventQueue.java:fireEvent(216)) - No event handler registered for event TypedEvent{payloadType=DatanodeDetails, name='Datanode_Command_Queue_Updated'}
2022-12-02 11:12:50,873 [EventQueue-CommandQueueReportForCommandQueueReportHandler] WARN  events.EventQueue (EventQueue.java:fireEvent(216)) - No event handler registered for event TypedEvent{payloadType=DatanodeDetails, name='Datanode_Command_Queue_Updated'}
2022-12-02 11:12:51,330 [EventQueue-CommandQueueReportForCommandQueueReportHandler] WARN  events.EventQueue (EventQueue.java:fireEvent(216)) - No event handler registered for event TypedEvent{payloadType=DatanodeDetails, name='Datanode_Command_Queue_Updated'}
2022-12-02 11:12:51,503 [64d479e5-fe0e-4358-9b9b-67f62582a254@group-9EF4914689B9-FollowerState] INFO  impl.FollowerState (FollowerState.java:run(143)) - 64d479e5-fe0e-4358-9b9b-67f62582a254@group-9EF4914689B9-FollowerState: change to CANDIDATE, lastRpcElapsedTime:5066802298ns, electionTimeout:5061ms
2022-12-02 11:12:51,504 [64d479e5-fe0e-4358-9b9b-67f62582a254@group-9EF4914689B9-FollowerState] INFO  impl.RoleInfo (RoleInfo.java:shutdownFollowerState(110)) - 64d479e5-fe0e-4358-9b9b-67f62582a254: shutdown 64d479e5-fe0e-4358-9b9b-67f62582a254@group-9EF4914689B9-FollowerState
2022-12-02 11:12:51,504 [64d479e5-fe0e-4358-9b9b-67f62582a254@group-9EF4914689B9-FollowerState] INFO  server.RaftServer$Division (RaftServerImpl.java:setRole(321)) - 64d479e5-fe0e-4358-9b9b-67f62582a254@group-9EF4914689B9: changes role from  FOLLOWER to CANDIDATE at term 4 for changeToCandidate
2022-12-02 11:12:51,504 [64d479e5-fe0e-4358-9b9b-67f62582a254@group-9EF4914689B9-FollowerState] INFO  server.RaftServerConfigKeys (ConfUtils.java:logGet(46)) - raft.server.leaderelection.pre-vote = false (custom)
2022-12-02 11:12:51,504 [64d479e5-fe0e-4358-9b9b-67f62582a254@group-9EF4914689B9-FollowerState] INFO  impl.RoleInfo (RoleInfo.java:updateAndGet(139)) - 64d479e5-fe0e-4358-9b9b-67f62582a254: start 64d479e5-fe0e-4358-9b9b-67f62582a254@group-9EF4914689B9-LeaderElection19
2022-12-02 11:12:51,509 [64d479e5-fe0e-4358-9b9b-67f62582a254@group-9EF4914689B9-LeaderElection19] INFO  impl.LeaderElection (LeaderElection.java:askForVotes(312)) - 64d479e5-fe0e-4358-9b9b-67f62582a254@group-9EF4914689B9-LeaderElection19 ELECTION round 0: submit vote requests at term 5 for -1: peers:[3706267d-b1e5-497c-b8ee-f9aaec0fcf2c|rpc:10.1.0.7:40063|priority:0|startupRole:FOLLOWER, 64d479e5-fe0e-4358-9b9b-67f62582a254|rpc:10.1.0.7:43823|priority:0|startupRole:FOLLOWER, 3e07bada-20ca-43dd-a36a-6fd4f7654e72|rpc:10.1.0.7:34107|priority:1|startupRole:FOLLOWER]|listeners:[], old=null
2022-12-02 11:12:51,514 [64d479e5-fe0e-4358-9b9b-67f62582a254@group-9EF4914689B9-LeaderElection19] INFO  server.RaftServerConfigKeys (ConfUtils.java:logFallback(53)) - raft.server.rpc.first-election.timeout.min = 5s (fallback to raft.server.rpc.timeout.min)
2022-12-02 11:12:51,514 [64d479e5-fe0e-4358-9b9b-67f62582a254@group-9EF4914689B9-LeaderElection19] INFO  server.RaftServerConfigKeys (ConfUtils.java:logFallback(53)) - raft.server.rpc.first-election.timeout.max = 5200ms (fallback to raft.server.rpc.timeout.max)
2022-12-02 11:12:51,515 [grpc-default-executor-2] INFO  server.RaftServer$Division (RaftServerImpl.java:requestVote(1218)) - 3706267d-b1e5-497c-b8ee-f9aaec0fcf2c@group-9EF4914689B9: receive requestVote(ELECTION, 64d479e5-fe0e-4358-9b9b-67f62582a254, group-9EF4914689B9, 5, (t:0, i:0))
2022-12-02 11:12:51,515 [grpc-default-executor-2] INFO  impl.VoteContext (VoteContext.java:log(49)) - 3706267d-b1e5-497c-b8ee-f9aaec0fcf2c@group-9EF4914689B9-FOLLOWER: accept ELECTION from 64d479e5-fe0e-4358-9b9b-67f62582a254: our priority 0 <= candidate's priority 0
2022-12-02 11:12:51,515 [grpc-default-executor-2] INFO  server.RaftServer$Division (RaftServerImpl.java:setRole(321)) - 3706267d-b1e5-497c-b8ee-f9aaec0fcf2c@group-9EF4914689B9: changes role from  FOLLOWER to FOLLOWER at term 5 for candidate:64d479e5-fe0e-4358-9b9b-67f62582a254
2022-12-02 11:12:51,516 [grpc-default-executor-2] INFO  impl.RoleInfo (RoleInfo.java:shutdownFollowerState(110)) - 3706267d-b1e5-497c-b8ee-f9aaec0fcf2c: shutdown 3706267d-b1e5-497c-b8ee-f9aaec0fcf2c@group-9EF4914689B9-FollowerState
2022-12-02 11:12:51,516 [grpc-default-executor-2] INFO  impl.RoleInfo (RoleInfo.java:updateAndGet(139)) - 3706267d-b1e5-497c-b8ee-f9aaec0fcf2c: start 3706267d-b1e5-497c-b8ee-f9aaec0fcf2c@group-9EF4914689B9-FollowerState
2022-12-02 11:12:51,516 [3706267d-b1e5-497c-b8ee-f9aaec0fcf2c@group-9EF4914689B9-FollowerState] INFO  impl.FollowerState (FollowerState.java:run(152)) - 3706267d-b1e5-497c-b8ee-f9aaec0fcf2c@group-9EF4914689B9-FollowerState was interrupted
2022-12-02 11:12:51,520 [3706267d-b1e5-497c-b8ee-f9aaec0fcf2c@group-9EF4914689B9-FollowerState] INFO  server.RaftServerConfigKeys (ConfUtils.java:logFallback(53)) - raft.server.rpc.first-election.timeout.min = 5s (fallback to raft.server.rpc.timeout.min)
2022-12-02 11:12:51,520 [3706267d-b1e5-497c-b8ee-f9aaec0fcf2c@group-9EF4914689B9-FollowerState] INFO  server.RaftServerConfigKeys (ConfUtils.java:logFallback(53)) - raft.server.rpc.first-election.timeout.max = 5200ms (fallback to raft.server.rpc.timeout.max)
2022-12-02 11:12:51,522 [grpc-default-executor-5] INFO  server.RaftServer$Division (RaftServerImpl.java:requestVote(1218)) - 3e07bada-20ca-43dd-a36a-6fd4f7654e72@group-9EF4914689B9: receive requestVote(ELECTION, 64d479e5-fe0e-4358-9b9b-67f62582a254, group-9EF4914689B9, 5, (t:0, i:0))
2022-12-02 11:12:51,523 [grpc-default-executor-5] INFO  impl.VoteContext (VoteContext.java:log(49)) - 3e07bada-20ca-43dd-a36a-6fd4f7654e72@group-9EF4914689B9-FOLLOWER: reject ELECTION from 64d479e5-fe0e-4358-9b9b-67f62582a254: our priority 1 > candidate's priority 0
2022-12-02 11:12:51,523 [grpc-default-executor-5] INFO  server.RaftServer$Division (RaftServerImpl.java:setRole(321)) - 3e07bada-20ca-43dd-a36a-6fd4f7654e72@group-9EF4914689B9: changes role from  FOLLOWER to FOLLOWER at term 5 for candidate:64d479e5-fe0e-4358-9b9b-67f62582a254
2022-12-02 11:12:51,523 [grpc-default-executor-5] INFO  impl.RoleInfo (RoleInfo.java:shutdownFollowerState(110)) - 3e07bada-20ca-43dd-a36a-6fd4f7654e72: shutdown 3e07bada-20ca-43dd-a36a-6fd4f7654e72@group-9EF4914689B9-FollowerState
2022-12-02 11:12:51,523 [grpc-default-executor-5] INFO  impl.RoleInfo (RoleInfo.java:updateAndGet(139)) - 3e07bada-20ca-43dd-a36a-6fd4f7654e72: start 3e07bada-20ca-43dd-a36a-6fd4f7654e72@group-9EF4914689B9-FollowerState
2022-12-02 11:12:51,523 [3e07bada-20ca-43dd-a36a-6fd4f7654e72@group-9EF4914689B9-FollowerState] INFO  impl.FollowerState (FollowerState.java:run(152)) - 3e07bada-20ca-43dd-a36a-6fd4f7654e72@group-9EF4914689B9-FollowerState was interrupted
2022-12-02 11:12:51,530 [grpc-default-executor-2] INFO  server.RaftServer$Division (RaftServerImpl.java:requestVote(1251)) - 3706267d-b1e5-497c-b8ee-f9aaec0fcf2c@group-9EF4914689B9 replies to ELECTION vote request: 64d479e5-fe0e-4358-9b9b-67f62582a254<-3706267d-b1e5-497c-b8ee-f9aaec0fcf2c#0:OK-t5. Peer's state: 3706267d-b1e5-497c-b8ee-f9aaec0fcf2c@group-9EF4914689B9:t5, leader=null, voted=64d479e5-fe0e-4358-9b9b-67f62582a254, raftlog=Memoized:3706267d-b1e5-497c-b8ee-f9aaec0fcf2c@group-9EF4914689B9-SegmentedRaftLog:OPENED:c-1, conf=-1: peers:[3706267d-b1e5-497c-b8ee-f9aaec0fcf2c|rpc:10.1.0.7:40063|priority:0|startupRole:FOLLOWER, 64d479e5-fe0e-4358-9b9b-67f62582a254|rpc:10.1.0.7:43823|priority:0|startupRole:FOLLOWER, 3e07bada-20ca-43dd-a36a-6fd4f7654e72|rpc:10.1.0.7:34107|priority:1|startupRole:FOLLOWER]|listeners:[], old=null
2022-12-02 11:12:51,532 [grpc-default-executor-5] INFO  server.RaftServer$Division (RaftServerImpl.java:requestVote(1251)) - 3e07bada-20ca-43dd-a36a-6fd4f7654e72@group-9EF4914689B9 replies to ELECTION vote request: 64d479e5-fe0e-4358-9b9b-67f62582a254<-3e07bada-20ca-43dd-a36a-6fd4f7654e72#0:FAIL-t5. Peer's state: 3e07bada-20ca-43dd-a36a-6fd4f7654e72@group-9EF4914689B9:t5, leader=null, voted=null, raftlog=Memoized:3e07bada-20ca-43dd-a36a-6fd4f7654e72@group-9EF4914689B9-SegmentedRaftLog:OPENED:c-1, conf=-1: peers:[3706267d-b1e5-497c-b8ee-f9aaec0fcf2c|rpc:10.1.0.7:40063|dataStream:|priority:0|startupRole:FOLLOWER, 64d479e5-fe0e-4358-9b9b-67f62582a254|rpc:10.1.0.7:43823|dataStream:|priority:0|startupRole:FOLLOWER, 3e07bada-20ca-43dd-a36a-6fd4f7654e72|rpc:10.1.0.7:34107|dataStream:|priority:1|startupRole:FOLLOWER]|listeners:[], old=null
2022-12-02 11:12:51,534 [64d479e5-fe0e-4358-9b9b-67f62582a254@group-9EF4914689B9-LeaderElection19] INFO  impl.LeaderElection (LeaderElection.java:logAndReturn(90)) - 64d479e5-fe0e-4358-9b9b-67f62582a254@group-9EF4914689B9-LeaderElection19: ELECTION REJECTED received 2 response(s) and 0 exception(s):
2022-12-02 11:12:51,534 [64d479e5-fe0e-4358-9b9b-67f62582a254@group-9EF4914689B9-LeaderElection19] INFO  impl.LeaderElection (LeaderElection.java:logAndReturn(94)) -   Response 0: 64d479e5-fe0e-4358-9b9b-67f62582a254<-3706267d-b1e5-497c-b8ee-f9aaec0fcf2c#0:OK-t5
2022-12-02 11:12:51,534 [64d479e5-fe0e-4358-9b9b-67f62582a254@group-9EF4914689B9-LeaderElection19] INFO  impl.LeaderElection (LeaderElection.java:logAndReturn(94)) -   Response 1: 64d479e5-fe0e-4358-9b9b-67f62582a254<-3e07bada-20ca-43dd-a36a-6fd4f7654e72#0:FAIL-t5
2022-12-02 11:12:51,534 [64d479e5-fe0e-4358-9b9b-67f62582a254@group-9EF4914689B9-LeaderElection19] INFO  impl.LeaderElection (LeaderElection.java:askForVotes(314)) - 64d479e5-fe0e-4358-9b9b-67f62582a254@group-9EF4914689B9-LeaderElection19 ELECTION round 0: result REJECTED
2022-12-02 11:12:51,535 [64d479e5-fe0e-4358-9b9b-67f62582a254@group-9EF4914689B9-LeaderElection19] INFO  server.RaftServer$Division (RaftServerImpl.java:setRole(321)) - 64d479e5-fe0e-4358-9b9b-67f62582a254@group-9EF4914689B9: changes role from CANDIDATE to FOLLOWER at term 5 for REJECTED
2022-12-02 11:12:51,535 [64d479e5-fe0e-4358-9b9b-67f62582a254@group-9EF4914689B9-LeaderElection19] INFO  impl.RoleInfo (RoleInfo.java:shutdownLeaderElection(130)) - 64d479e5-fe0e-4358-9b9b-67f62582a254: shutdown 64d479e5-fe0e-4358-9b9b-67f62582a254@group-9EF4914689B9-LeaderElection19
2022-12-02 11:12:51,535 [64d479e5-fe0e-4358-9b9b-67f62582a254@group-9EF4914689B9-LeaderElection19] INFO  impl.RoleInfo (RoleInfo.java:updateAndGet(139)) - 64d479e5-fe0e-4358-9b9b-67f62582a254: start 64d479e5-fe0e-4358-9b9b-67f62582a254@group-9EF4914689B9-FollowerState
2022-12-02 11:12:51,535 [3e07bada-20ca-43dd-a36a-6fd4f7654e72@group-9EF4914689B9-FollowerState] INFO  server.RaftServerConfigKeys (ConfUtils.java:logFallback(53)) - raft.server.rpc.first-election.timeout.min = 5s (fallback to raft.server.rpc.timeout.min)
2022-12-02 11:12:51,535 [3e07bada-20ca-43dd-a36a-6fd4f7654e72@group-9EF4914689B9-FollowerState] INFO  server.RaftServerConfigKeys (ConfUtils.java:logFallback(53)) - raft.server.rpc.first-election.timeout.max = 5200ms (fallback to raft.server.rpc.timeout.max)
2022-12-02 11:12:51,536 [64d479e5-fe0e-4358-9b9b-67f62582a254@group-9EF4914689B9-FollowerState] INFO  server.RaftServerConfigKeys (ConfUtils.java:logFallback(53)) - raft.server.rpc.first-election.timeout.min = 5s (fallback to raft.server.rpc.timeout.min)
2022-12-02 11:12:51,536 [64d479e5-fe0e-4358-9b9b-67f62582a254@group-9EF4914689B9-FollowerState] INFO  server.RaftServerConfigKeys (ConfUtils.java:logFallback(53)) - raft.server.rpc.first-election.timeout.max = 5200ms (fallback to raft.server.rpc.timeout.max)
2022-12-02 11:12:51,881 [EventQueue-CommandQueueReportForCommandQueueReportHandler] WARN  events.EventQueue (EventQueue.java:fireEvent(216)) - No event handler registered for event TypedEvent{payloadType=DatanodeDetails, name='Datanode_Command_Queue_Updated'}
2022-12-02 11:12:51,892 [EventQueue-CommandQueueReportForCommandQueueReportHandler] WARN  events.EventQueue (EventQueue.java:fireEvent(216)) - No event handler registered for event TypedEvent{payloadType=DatanodeDetails, name='Datanode_Command_Queue_Updated'}
2022-12-02 11:12:52,208 [EventQueue-CommandQueueReportForCommandQueueReportHandler] WARN  events.EventQueue (EventQueue.java:fireEvent(216)) - No event handler registered for event TypedEvent{payloadType=DatanodeDetails, name='Datanode_Command_Queue_Updated'}
2022-12-02 11:12:52,682 [EventQueue-CommandQueueReportForCommandQueueReportHandler] WARN  events.EventQueue (EventQueue.java:fireEvent(216)) - No event handler registered for event TypedEvent{payloadType=DatanodeDetails, name='Datanode_Command_Queue_Updated'}
2022-12-02 11:12:52,872 [EventQueue-CommandQueueReportForCommandQueueReportHandler] WARN  events.EventQueue (EventQueue.java:fireEvent(216)) - No event handler registered for event TypedEvent{payloadType=DatanodeDetails, name='Datanode_Command_Queue_Updated'}
2022-12-02 11:12:53,333 [EventQueue-CommandQueueReportForCommandQueueReportHandler] WARN  events.EventQueue (EventQueue.java:fireEvent(216)) - No event handler registered for event TypedEvent{payloadType=DatanodeDetails, name='Datanode_Command_Queue_Updated'}
2022-12-02 11:12:53,882 [EventQueue-CommandQueueReportForCommandQueueReportHandler] WARN  events.EventQueue (EventQueue.java:fireEvent(216)) - No event handler registered for event TypedEvent{payloadType=DatanodeDetails, name='Datanode_Command_Queue_Updated'}
2022-12-02 11:12:53,893 [EventQueue-CommandQueueReportForCommandQueueReportHandler] WARN  events.EventQueue (EventQueue.java:fireEvent(216)) - No event handler registered for event TypedEvent{payloadType=DatanodeDetails, name='Datanode_Command_Queue_Updated'}
2022-12-02 11:12:54,208 [EventQueue-CommandQueueReportForCommandQueueReportHandler] WARN  events.EventQueue (EventQueue.java:fireEvent(216)) - No event handler registered for event TypedEvent{payloadType=DatanodeDetails, name='Datanode_Command_Queue_Updated'}
2022-12-02 11:12:54,681 [EventQueue-CommandQueueReportForCommandQueueReportHandler] WARN  events.EventQueue (EventQueue.java:fireEvent(216)) - No event handler registered for event TypedEvent{payloadType=DatanodeDetails, name='Datanode_Command_Queue_Updated'}
2022-12-02 11:12:54,872 [EventQueue-CommandQueueReportForCommandQueueReportHandler] WARN  events.EventQueue (EventQueue.java:fireEvent(216)) - No event handler registered for event TypedEvent{payloadType=DatanodeDetails, name='Datanode_Command_Queue_Updated'}
2022-12-02 11:12:55,331 [EventQueue-CommandQueueReportForCommandQueueReportHandler] WARN  events.EventQueue (EventQueue.java:fireEvent(216)) - No event handler registered for event TypedEvent{payloadType=DatanodeDetails, name='Datanode_Command_Queue_Updated'}
2022-12-02 11:12:55,881 [EventQueue-CommandQueueReportForCommandQueueReportHandler] WARN  events.EventQueue (EventQueue.java:fireEvent(216)) - No event handler registered for event TypedEvent{payloadType=DatanodeDetails, name='Datanode_Command_Queue_Updated'}
2022-12-02 11:12:55,893 [EventQueue-CommandQueueReportForCommandQueueReportHandler] WARN  events.EventQueue (EventQueue.java:fireEvent(216)) - No event handler registered for event TypedEvent{payloadType=DatanodeDetails, name='Datanode_Command_Queue_Updated'}
2022-12-02 11:12:56,209 [EventQueue-CommandQueueReportForCommandQueueReportHandler] WARN  events.EventQueue (EventQueue.java:fireEvent(216)) - No event handler registered for event TypedEvent{payloadType=DatanodeDetails, name='Datanode_Command_Queue_Updated'}
2022-12-02 11:12:56,609 [3e07bada-20ca-43dd-a36a-6fd4f7654e72@group-9EF4914689B9-FollowerState] INFO  impl.FollowerState (FollowerState.java:run(143)) - 3e07bada-20ca-43dd-a36a-6fd4f7654e72@group-9EF4914689B9-FollowerState: change to CANDIDATE, lastRpcElapsedTime:5086584841ns, electionTimeout:5074ms
2022-12-02 11:12:56,611 [3e07bada-20ca-43dd-a36a-6fd4f7654e72@group-9EF4914689B9-FollowerState] INFO  impl.RoleInfo (RoleInfo.java:shutdownFollowerState(110)) - 3e07bada-20ca-43dd-a36a-6fd4f7654e72: shutdown 3e07bada-20ca-43dd-a36a-6fd4f7654e72@group-9EF4914689B9-FollowerState
2022-12-02 11:12:56,611 [3e07bada-20ca-43dd-a36a-6fd4f7654e72@group-9EF4914689B9-FollowerState] INFO  server.RaftServer$Division (RaftServerImpl.java:setRole(321)) - 3e07bada-20ca-43dd-a36a-6fd4f7654e72@group-9EF4914689B9: changes role from  FOLLOWER to CANDIDATE at term 5 for changeToCandidate
2022-12-02 11:12:56,611 [3e07bada-20ca-43dd-a36a-6fd4f7654e72@group-9EF4914689B9-FollowerState] INFO  server.RaftServerConfigKeys (ConfUtils.java:logGet(46)) - raft.server.leaderelection.pre-vote = false (custom)
2022-12-02 11:12:56,611 [3e07bada-20ca-43dd-a36a-6fd4f7654e72@group-9EF4914689B9-FollowerState] INFO  impl.RoleInfo (RoleInfo.java:updateAndGet(139)) - 3e07bada-20ca-43dd-a36a-6fd4f7654e72: start 3e07bada-20ca-43dd-a36a-6fd4f7654e72@group-9EF4914689B9-LeaderElection20
2022-12-02 11:12:56,625 [3e07bada-20ca-43dd-a36a-6fd4f7654e72@group-9EF4914689B9-LeaderElection20] INFO  impl.LeaderElection (LeaderElection.java:askForVotes(312)) - 3e07bada-20ca-43dd-a36a-6fd4f7654e72@group-9EF4914689B9-LeaderElection20 ELECTION round 0: submit vote requests at term 6 for -1: peers:[3706267d-b1e5-497c-b8ee-f9aaec0fcf2c|rpc:10.1.0.7:40063|dataStream:|priority:0|startupRole:FOLLOWER, 64d479e5-fe0e-4358-9b9b-67f62582a254|rpc:10.1.0.7:43823|dataStream:|priority:0|startupRole:FOLLOWER, 3e07bada-20ca-43dd-a36a-6fd4f7654e72|rpc:10.1.0.7:34107|dataStream:|priority:1|startupRole:FOLLOWER]|listeners:[], old=null
2022-12-02 11:12:56,629 [grpc-default-executor-2] INFO  server.RaftServer$Division (RaftServerImpl.java:requestVote(1218)) - 3706267d-b1e5-497c-b8ee-f9aaec0fcf2c@group-9EF4914689B9: receive requestVote(ELECTION, 3e07bada-20ca-43dd-a36a-6fd4f7654e72, group-9EF4914689B9, 6, (t:0, i:0))
2022-12-02 11:12:56,629 [grpc-default-executor-2] INFO  impl.VoteContext (VoteContext.java:log(49)) - 3706267d-b1e5-497c-b8ee-f9aaec0fcf2c@group-9EF4914689B9-FOLLOWER: accept ELECTION from 3e07bada-20ca-43dd-a36a-6fd4f7654e72: our priority 0 <= candidate's priority 1
2022-12-02 11:12:56,629 [grpc-default-executor-2] INFO  server.RaftServer$Division (RaftServerImpl.java:setRole(321)) - 3706267d-b1e5-497c-b8ee-f9aaec0fcf2c@group-9EF4914689B9: changes role from  FOLLOWER to FOLLOWER at term 6 for candidate:3e07bada-20ca-43dd-a36a-6fd4f7654e72
2022-12-02 11:12:56,629 [grpc-default-executor-2] INFO  impl.RoleInfo (RoleInfo.java:shutdownFollowerState(110)) - 3706267d-b1e5-497c-b8ee-f9aaec0fcf2c: shutdown 3706267d-b1e5-497c-b8ee-f9aaec0fcf2c@group-9EF4914689B9-FollowerState
2022-12-02 11:12:56,630 [3e07bada-20ca-43dd-a36a-6fd4f7654e72@group-9EF4914689B9-LeaderElection20] INFO  server.RaftServerConfigKeys (ConfUtils.java:logFallback(53)) - raft.server.rpc.first-election.timeout.min = 5s (fallback to raft.server.rpc.timeout.min)
2022-12-02 11:12:56,630 [3e07bada-20ca-43dd-a36a-6fd4f7654e72@group-9EF4914689B9-LeaderElection20] INFO  server.RaftServerConfigKeys (ConfUtils.java:logFallback(53)) - raft.server.rpc.first-election.timeout.max = 5200ms (fallback to raft.server.rpc.timeout.max)
2022-12-02 11:12:56,630 [grpc-default-executor-2] INFO  impl.RoleInfo (RoleInfo.java:updateAndGet(139)) - 3706267d-b1e5-497c-b8ee-f9aaec0fcf2c: start 3706267d-b1e5-497c-b8ee-f9aaec0fcf2c@group-9EF4914689B9-FollowerState
2022-12-02 11:12:56,630 [3706267d-b1e5-497c-b8ee-f9aaec0fcf2c@group-9EF4914689B9-FollowerState] INFO  impl.FollowerState (FollowerState.java:run(152)) - 3706267d-b1e5-497c-b8ee-f9aaec0fcf2c@group-9EF4914689B9-FollowerState was interrupted
2022-12-02 11:12:56,644 [3706267d-b1e5-497c-b8ee-f9aaec0fcf2c@group-9EF4914689B9-FollowerState] INFO  server.RaftServerConfigKeys (ConfUtils.java:logFallback(53)) - raft.server.rpc.first-election.timeout.min = 5s (fallback to raft.server.rpc.timeout.min)
2022-12-02 11:12:56,644 [3706267d-b1e5-497c-b8ee-f9aaec0fcf2c@group-9EF4914689B9-FollowerState] INFO  server.RaftServerConfigKeys (ConfUtils.java:logFallback(53)) - raft.server.rpc.first-election.timeout.max = 5200ms (fallback to raft.server.rpc.timeout.max)
2022-12-02 11:12:56,646 [grpc-default-executor-5] INFO  server.RaftServer$Division (RaftServerImpl.java:requestVote(1218)) - 64d479e5-fe0e-4358-9b9b-67f62582a254@group-9EF4914689B9: receive requestVote(ELECTION, 3e07bada-20ca-43dd-a36a-6fd4f7654e72, group-9EF4914689B9, 6, (t:0, i:0))
2022-12-02 11:12:56,646 [grpc-default-executor-5] INFO  impl.VoteContext (VoteContext.java:log(49)) - 64d479e5-fe0e-4358-9b9b-67f62582a254@group-9EF4914689B9-FOLLOWER: accept ELECTION from 3e07bada-20ca-43dd-a36a-6fd4f7654e72: our priority 0 <= candidate's priority 1
2022-12-02 11:12:56,646 [grpc-default-executor-5] INFO  server.RaftServer$Division (RaftServerImpl.java:setRole(321)) - 64d479e5-fe0e-4358-9b9b-67f62582a254@group-9EF4914689B9: changes role from  FOLLOWER to FOLLOWER at term 6 for candidate:3e07bada-20ca-43dd-a36a-6fd4f7654e72
2022-12-02 11:12:56,646 [grpc-default-executor-5] INFO  impl.RoleInfo (RoleInfo.java:shutdownFollowerState(110)) - 64d479e5-fe0e-4358-9b9b-67f62582a254: shutdown 64d479e5-fe0e-4358-9b9b-67f62582a254@group-9EF4914689B9-FollowerState
2022-12-02 11:12:56,646 [grpc-default-executor-5] INFO  impl.RoleInfo (RoleInfo.java:updateAndGet(139)) - 64d479e5-fe0e-4358-9b9b-67f62582a254: start 64d479e5-fe0e-4358-9b9b-67f62582a254@group-9EF4914689B9-FollowerState
2022-12-02 11:12:56,646 [64d479e5-fe0e-4358-9b9b-67f62582a254@group-9EF4914689B9-FollowerState] INFO  impl.FollowerState (FollowerState.java:run(152)) - 64d479e5-fe0e-4358-9b9b-67f62582a254@group-9EF4914689B9-FollowerState was interrupted
2022-12-02 11:12:56,647 [grpc-default-executor-2] INFO  server.RaftServer$Division (RaftServerImpl.java:requestVote(1251)) - 3706267d-b1e5-497c-b8ee-f9aaec0fcf2c@group-9EF4914689B9 replies to ELECTION vote request: 3e07bada-20ca-43dd-a36a-6fd4f7654e72<-3706267d-b1e5-497c-b8ee-f9aaec0fcf2c#0:OK-t6. Peer's state: 3706267d-b1e5-497c-b8ee-f9aaec0fcf2c@group-9EF4914689B9:t6, leader=null, voted=3e07bada-20ca-43dd-a36a-6fd4f7654e72, raftlog=Memoized:3706267d-b1e5-497c-b8ee-f9aaec0fcf2c@group-9EF4914689B9-SegmentedRaftLog:OPENED:c-1, conf=-1: peers:[3706267d-b1e5-497c-b8ee-f9aaec0fcf2c|rpc:10.1.0.7:40063|priority:0|startupRole:FOLLOWER, 64d479e5-fe0e-4358-9b9b-67f62582a254|rpc:10.1.0.7:43823|priority:0|startupRole:FOLLOWER, 3e07bada-20ca-43dd-a36a-6fd4f7654e72|rpc:10.1.0.7:34107|priority:1|startupRole:FOLLOWER]|listeners:[], old=null
2022-12-02 11:12:56,648 [3e07bada-20ca-43dd-a36a-6fd4f7654e72@group-9EF4914689B9-LeaderElection20] INFO  impl.LeaderElection (LeaderElection.java:logAndReturn(90)) - 3e07bada-20ca-43dd-a36a-6fd4f7654e72@group-9EF4914689B9-LeaderElection20: ELECTION PASSED received 1 response(s) and 0 exception(s):
2022-12-02 11:12:56,648 [3e07bada-20ca-43dd-a36a-6fd4f7654e72@group-9EF4914689B9-LeaderElection20] INFO  impl.LeaderElection (LeaderElection.java:logAndReturn(94)) -   Response 0: 3e07bada-20ca-43dd-a36a-6fd4f7654e72<-3706267d-b1e5-497c-b8ee-f9aaec0fcf2c#0:OK-t6
2022-12-02 11:12:56,649 [3e07bada-20ca-43dd-a36a-6fd4f7654e72@group-9EF4914689B9-LeaderElection20] INFO  impl.LeaderElection (LeaderElection.java:askForVotes(314)) - 3e07bada-20ca-43dd-a36a-6fd4f7654e72@group-9EF4914689B9-LeaderElection20 ELECTION round 0: result PASSED
2022-12-02 11:12:56,649 [3e07bada-20ca-43dd-a36a-6fd4f7654e72@group-9EF4914689B9-LeaderElection20] INFO  impl.RoleInfo (RoleInfo.java:shutdownLeaderElection(130)) - 3e07bada-20ca-43dd-a36a-6fd4f7654e72: shutdown 3e07bada-20ca-43dd-a36a-6fd4f7654e72@group-9EF4914689B9-LeaderElection20
2022-12-02 11:12:56,649 [3e07bada-20ca-43dd-a36a-6fd4f7654e72@group-9EF4914689B9-LeaderElection20] INFO  server.RaftServer$Division (RaftServerImpl.java:setRole(321)) - 3e07bada-20ca-43dd-a36a-6fd4f7654e72@group-9EF4914689B9: changes role from CANDIDATE to LEADER at term 6 for changeToLeader
2022-12-02 11:12:56,649 [3e07bada-20ca-43dd-a36a-6fd4f7654e72@group-9EF4914689B9-LeaderElection20] INFO  ratis.XceiverServerRatis (XceiverServerRatis.java:handleLeaderChangedNotification(863)) - Leader change notification received for group: group-9EF4914689B9 with new leaderId: 3e07bada-20ca-43dd-a36a-6fd4f7654e72
2022-12-02 11:12:56,649 [3e07bada-20ca-43dd-a36a-6fd4f7654e72@group-9EF4914689B9-LeaderElection20] INFO  server.RaftServer$Division (ServerState.java:setLeader(313)) - 3e07bada-20ca-43dd-a36a-6fd4f7654e72@group-9EF4914689B9: change Leader from null to 3e07bada-20ca-43dd-a36a-6fd4f7654e72 at term 6 for becomeLeader, leader elected after 29983ms
2022-12-02 11:12:56,649 [3e07bada-20ca-43dd-a36a-6fd4f7654e72@group-9EF4914689B9-LeaderElection20] INFO  server.RaftServerConfigKeys (ConfUtils.java:logGet(46)) - raft.server.staging.catchup.gap = 1000 (default)
2022-12-02 11:12:56,649 [3e07bada-20ca-43dd-a36a-6fd4f7654e72@group-9EF4914689B9-LeaderElection20] INFO  server.RaftServerConfigKeys (ConfUtils.java:logGet(46)) - raft.server.write.element-limit = 1024 (custom)
2022-12-02 11:12:56,649 [3e07bada-20ca-43dd-a36a-6fd4f7654e72@group-9EF4914689B9-LeaderElection20] INFO  server.RaftServerConfigKeys (ConfUtils.java:logGet(46)) - raft.server.write.byte-limit = 1024 M (=1073741824) (custom)
2022-12-02 11:12:56,650 [3e07bada-20ca-43dd-a36a-6fd4f7654e72@group-9EF4914689B9-LeaderElection20] INFO  server.RaftServerConfigKeys (ConfUtils.java:logGet(46)) - raft.server.watch.timeout = 180s (custom)
2022-12-02 11:12:56,650 [3e07bada-20ca-43dd-a36a-6fd4f7654e72@group-9EF4914689B9-LeaderElection20] INFO  server.RaftServerConfigKeys (ConfUtils.java:logGet(46)) - raft.server.watch.timeout.denomination = 1s (default)
2022-12-02 11:12:56,650 [3e07bada-20ca-43dd-a36a-6fd4f7654e72@group-9EF4914689B9-LeaderElection20] INFO  server.RaftServerConfigKeys (ConfUtils.java:logGet(46)) - raft.server.watch.element-limit = 65536 (default)
2022-12-02 11:12:56,650 [3e07bada-20ca-43dd-a36a-6fd4f7654e72@group-9EF4914689B9-LeaderElection20] INFO  server.RaftServerConfigKeys (ConfUtils.java:logGet(46)) - raft.server.write.element-limit = 1024 (custom)
2022-12-02 11:12:56,651 [3e07bada-20ca-43dd-a36a-6fd4f7654e72@group-9EF4914689B9-LeaderElection20] INFO  server.RaftServerConfigKeys (ConfUtils.java:logGet(46)) - raft.server.write.follower.gap.ratio.max = -1.0 (default)
2022-12-02 11:12:56,652 [EventQueue-CommandQueueReportForCommandQueueReportHandler] WARN  events.EventQueue (EventQueue.java:fireEvent(216)) - No event handler registered for event TypedEvent{payloadType=DatanodeDetails, name='Datanode_Command_Queue_Updated'}
2022-12-02 11:12:56,652 [EventQueue-PipelineReportForPipelineReportHandler] INFO  pipeline.PipelineManagerImpl (PipelineManagerImpl.java:openPipeline(367)) - Pipeline Pipeline[ Id: 5fc3ad94-7ee4-4df5-bacf-9ef4914689b9, Nodes: 64d479e5-fe0e-4358-9b9b-67f62582a254{ip: 10.1.0.7, host: fv-az205-634.k2gd1z4tyxsu3cbgyjsjq30zwf.jx.internal.cloudapp.net, ports: [REPLICATION=40075, RATIS=43823, RATIS_ADMIN=43823, RATIS_SERVER=43823, STANDALONE=41557], networkLocation: /default-rack, certSerialId: null, persistedOpState: IN_SERVICE, persistedOpStateExpiryEpochSec: 0}3e07bada-20ca-43dd-a36a-6fd4f7654e72{ip: 10.1.0.7, host: fv-az205-634.k2gd1z4tyxsu3cbgyjsjq30zwf.jx.internal.cloudapp.net, ports: [REPLICATION=34309, RATIS=34107, RATIS_ADMIN=34107, RATIS_SERVER=34107, STANDALONE=43141], networkLocation: /default-rack, certSerialId: null, persistedOpState: IN_SERVICE, persistedOpStateExpiryEpochSec: 0}3706267d-b1e5-497c-b8ee-f9aaec0fcf2c{ip: 10.1.0.7, host: fv-az205-634.k2gd1z4tyxsu3cbgyjsjq30zwf.jx.internal.cloudapp.net, ports: [REPLICATION=33611, RATIS=40063, RATIS_ADMIN=40063, RATIS_SERVER=40063, STANDALONE=37711], networkLocation: /default-rack, certSerialId: null, persistedOpState: IN_SERVICE, persistedOpStateExpiryEpochSec: 0}, ReplicationConfig: RATIS/THREE, State:ALLOCATED, leaderId:3e07bada-20ca-43dd-a36a-6fd4f7654e72, CreationTimestamp2022-12-02T11:12:23.939Z[Etc/UTC]] moved to OPEN state
2022-12-02 11:12:56,659 [3e07bada-20ca-43dd-a36a-6fd4f7654e72@group-9EF4914689B9-LeaderElection20] INFO  server.RaftServerConfigKeys (ConfUtils.java:logGet(46)) - raft.server.log.appender.snapshot.chunk.size.max = 16MB (=16777216) (default)
2022-12-02 11:12:56,659 [grpc-default-executor-5] INFO  server.RaftServer$Division (RaftServerImpl.java:requestVote(1251)) - 64d479e5-fe0e-4358-9b9b-67f62582a254@group-9EF4914689B9 replies to ELECTION vote request: 3e07bada-20ca-43dd-a36a-6fd4f7654e72<-64d479e5-fe0e-4358-9b9b-67f62582a254#0:OK-t6. Peer's state: 64d479e5-fe0e-4358-9b9b-67f62582a254@group-9EF4914689B9:t6, leader=null, voted=3e07bada-20ca-43dd-a36a-6fd4f7654e72, raftlog=Memoized:64d479e5-fe0e-4358-9b9b-67f62582a254@group-9EF4914689B9-SegmentedRaftLog:OPENED:c-1, conf=-1: peers:[3706267d-b1e5-497c-b8ee-f9aaec0fcf2c|rpc:10.1.0.7:40063|priority:0|startupRole:FOLLOWER, 64d479e5-fe0e-4358-9b9b-67f62582a254|rpc:10.1.0.7:43823|priority:0|startupRole:FOLLOWER, 3e07bada-20ca-43dd-a36a-6fd4f7654e72|rpc:10.1.0.7:34107|priority:1|startupRole:FOLLOWER]|listeners:[], old=null
2022-12-02 11:12:56,659 [3e07bada-20ca-43dd-a36a-6fd4f7654e72@group-9EF4914689B9-LeaderElection20] INFO  server.RaftServerConfigKeys (ConfUtils.java:logGet(46)) - raft.server.log.appender.buffer.byte-limit = 33554432 (custom)
2022-12-02 11:12:56,660 [3e07bada-20ca-43dd-a36a-6fd4f7654e72@group-9EF4914689B9-LeaderElection20] INFO  server.RaftServerConfigKeys (ConfUtils.java:logGet(46)) - raft.server.log.appender.buffer.element-limit = 1 (custom)
2022-12-02 11:12:56,660 [3e07bada-20ca-43dd-a36a-6fd4f7654e72@group-9EF4914689B9-LeaderElection20] INFO  grpc.GrpcConfigKeys (ConfUtils.java:logGet(46)) - raft.grpc.server.leader.outstanding.appends.max = 128 (default)
2022-12-02 11:12:56,660 [3e07bada-20ca-43dd-a36a-6fd4f7654e72@group-9EF4914689B9-LeaderElection20] INFO  server.RaftServerConfigKeys (ConfUtils.java:logGet(46)) - raft.server.rpc.request.timeout = 60s (custom)
2022-12-02 11:12:56,660 [3e07bada-20ca-43dd-a36a-6fd4f7654e72@group-9EF4914689B9-LeaderElection20] INFO  server.RaftServerConfigKeys (ConfUtils.java:logGet(46)) - raft.server.log.appender.install.snapshot.enabled = false (custom)
2022-12-02 11:12:56,660 [3e07bada-20ca-43dd-a36a-6fd4f7654e72@group-9EF4914689B9-LeaderElection20] INFO  grpc.GrpcConfigKeys (ConfUtils.java:logGet(46)) - raft.grpc.server.heartbeat.channel = true (default)
2022-12-02 11:12:56,660 [3e07bada-20ca-43dd-a36a-6fd4f7654e72@group-9EF4914689B9-LeaderElection20] INFO  server.RaftServerConfigKeys (ConfUtils.java:logGet(46)) - raft.server.log.appender.wait-time.min = 10ms (default)
2022-12-02 11:12:56,661 [3e07bada-20ca-43dd-a36a-6fd4f7654e72@group-9EF4914689B9-LeaderElection20] INFO  server.RaftServerConfigKeys (ConfUtils.java:logGet(46)) - raft.server.log.appender.snapshot.chunk.size.max = 16MB (=16777216) (default)
2022-12-02 11:12:56,661 [3e07bada-20ca-43dd-a36a-6fd4f7654e72@group-9EF4914689B9-LeaderElection20] INFO  server.RaftServerConfigKeys (ConfUtils.java:logGet(46)) - raft.server.log.appender.buffer.byte-limit = 33554432 (custom)
2022-12-02 11:12:56,662 [3e07bada-20ca-43dd-a36a-6fd4f7654e72@group-9EF4914689B9-LeaderElection20] INFO  server.RaftServerConfigKeys (ConfUtils.java:logGet(46)) - raft.server.log.appender.buffer.element-limit = 1 (custom)
2022-12-02 11:12:56,662 [3e07bada-20ca-43dd-a36a-6fd4f7654e72@group-9EF4914689B9-LeaderElection20] INFO  grpc.GrpcConfigKeys (ConfUtils.java:logGet(46)) - raft.grpc.server.leader.outstanding.appends.max = 128 (default)
2022-12-02 11:12:56,662 [3e07bada-20ca-43dd-a36a-6fd4f7654e72@group-9EF4914689B9-LeaderElection20] INFO  server.RaftServerConfigKeys (ConfUtils.java:logGet(46)) - raft.server.rpc.request.timeout = 60s (custom)
2022-12-02 11:12:56,662 [3e07bada-20ca-43dd-a36a-6fd4f7654e72@group-9EF4914689B9-LeaderElection20] INFO  server.RaftServerConfigKeys (ConfUtils.java:logGet(46)) - raft.server.log.appender.install.snapshot.enabled = false (custom)
2022-12-02 11:12:56,662 [3e07bada-20ca-43dd-a36a-6fd4f7654e72@group-9EF4914689B9-LeaderElection20] INFO  grpc.GrpcConfigKeys (ConfUtils.java:logGet(46)) - raft.grpc.server.heartbeat.channel = true (default)
2022-12-02 11:12:56,662 [3e07bada-20ca-43dd-a36a-6fd4f7654e72@group-9EF4914689B9-LeaderElection20] INFO  server.RaftServerConfigKeys (ConfUtils.java:logGet(46)) - raft.server.log.appender.wait-time.min = 10ms (default)
2022-12-02 11:12:56,662 [3e07bada-20ca-43dd-a36a-6fd4f7654e72@group-9EF4914689B9-LeaderElection20] INFO  impl.RoleInfo (RoleInfo.java:updateAndGet(139)) - 3e07bada-20ca-43dd-a36a-6fd4f7654e72: start 3e07bada-20ca-43dd-a36a-6fd4f7654e72@group-9EF4914689B9-LeaderStateImpl
2022-12-02 11:12:56,663 [64d479e5-fe0e-4358-9b9b-67f62582a254@group-9EF4914689B9-FollowerState] INFO  server.RaftServerConfigKeys (ConfUtils.java:logFallback(53)) - raft.server.rpc.first-election.timeout.min = 5s (fallback to raft.server.rpc.timeout.min)
2022-12-02 11:12:56,663 [3e07bada-20ca-43dd-a36a-6fd4f7654e72@group-9EF4914689B9-LeaderElection20] INFO  segmented.SegmentedRaftLogWorker (SegmentedRaftLogWorker.java:startLogSegment(452)) - 3e07bada-20ca-43dd-a36a-6fd4f7654e72@group-9EF4914689B9-SegmentedRaftLogWorker: Starting segment from index:0
2022-12-02 11:12:56,663 [64d479e5-fe0e-4358-9b9b-67f62582a254@group-9EF4914689B9-FollowerState] INFO  server.RaftServerConfigKeys (ConfUtils.java:logFallback(53)) - raft.server.rpc.first-election.timeout.max = 5200ms (fallback to raft.server.rpc.timeout.max)
2022-12-02 11:12:56,667 [3e07bada-20ca-43dd-a36a-6fd4f7654e72@group-9EF4914689B9-SegmentedRaftLogWorker] INFO  segmented.SegmentedRaftLogWorker (SegmentedRaftLogWorker.java:execute(656)) - 3e07bada-20ca-43dd-a36a-6fd4f7654e72@group-9EF4914689B9-SegmentedRaftLogWorker: created new log segment /home/runner/work/ozone/ozone/hadoop-ozone/integration-test/target/test-dir/MiniOzoneClusterImpl-89ec7bf9-65dc-45db-bd6d-bd896179de2e/datanode-2/data/ratis/5fc3ad94-7ee4-4df5-bacf-9ef4914689b9/current/log_inprogress_0
2022-12-02 11:12:56,689 [3e07bada-20ca-43dd-a36a-6fd4f7654e72@group-9EF4914689B9-LeaderElection20] INFO  server.RaftServer$Division (ServerState.java:setRaftConf(430)) - 3e07bada-20ca-43dd-a36a-6fd4f7654e72@group-9EF4914689B9: set configuration 0: peers:[3706267d-b1e5-497c-b8ee-f9aaec0fcf2c|rpc:10.1.0.7:40063|dataStream:|priority:0|startupRole:FOLLOWER, 64d479e5-fe0e-4358-9b9b-67f62582a254|rpc:10.1.0.7:43823|dataStream:|priority:0|startupRole:FOLLOWER, 3e07bada-20ca-43dd-a36a-6fd4f7654e72|rpc:10.1.0.7:34107|dataStream:|priority:1|startupRole:FOLLOWER]|listeners:[], old=null
2022-12-02 11:12:56,697 [EventQueue-CommandQueueReportForCommandQueueReportHandler] WARN  events.EventQueue (EventQueue.java:fireEvent(216)) - No event handler registered for event TypedEvent{payloadType=DatanodeDetails, name='Datanode_Command_Queue_Updated'}
2022-12-02 11:12:56,706 [3706267d-b1e5-497c-b8ee-f9aaec0fcf2c-server-thread1] INFO  ratis.XceiverServerRatis (XceiverServerRatis.java:handleLeaderChangedNotification(863)) - Leader change notification received for group: group-9EF4914689B9 with new leaderId: 3e07bada-20ca-43dd-a36a-6fd4f7654e72
2022-12-02 11:12:56,707 [3706267d-b1e5-497c-b8ee-f9aaec0fcf2c-server-thread1] INFO  server.RaftServer$Division (ServerState.java:setLeader(313)) - 3706267d-b1e5-497c-b8ee-f9aaec0fcf2c@group-9EF4914689B9: change Leader from null to 3e07bada-20ca-43dd-a36a-6fd4f7654e72 at term 6 for appendEntries, leader elected after 30140ms
2022-12-02 11:12:56,709 [64d479e5-fe0e-4358-9b9b-67f62582a254-server-thread2] INFO  ratis.XceiverServerRatis (XceiverServerRatis.java:handleLeaderChangedNotification(863)) - Leader change notification received for group: group-9EF4914689B9 with new leaderId: 3e07bada-20ca-43dd-a36a-6fd4f7654e72
2022-12-02 11:12:56,709 [64d479e5-fe0e-4358-9b9b-67f62582a254-server-thread2] INFO  server.RaftServer$Division (ServerState.java:setLeader(313)) - 64d479e5-fe0e-4358-9b9b-67f62582a254@group-9EF4914689B9: change Leader from null to 3e07bada-20ca-43dd-a36a-6fd4f7654e72 at term 6 for appendEntries, leader elected after 30894ms
2022-12-02 11:12:56,723 [3706267d-b1e5-497c-b8ee-f9aaec0fcf2c-server-thread1] INFO  server.RaftServer$Division (ServerState.java:setRaftConf(430)) - 3706267d-b1e5-497c-b8ee-f9aaec0fcf2c@group-9EF4914689B9: set configuration 0: peers:[3706267d-b1e5-497c-b8ee-f9aaec0fcf2c|rpc:10.1.0.7:40063|dataStream:|priority:0|startupRole:FOLLOWER, 64d479e5-fe0e-4358-9b9b-67f62582a254|rpc:10.1.0.7:43823|dataStream:|priority:0|startupRole:FOLLOWER, 3e07bada-20ca-43dd-a36a-6fd4f7654e72|rpc:10.1.0.7:34107|dataStream:|priority:1|startupRole:FOLLOWER]|listeners:[], old=null
2022-12-02 11:12:56,723 [3706267d-b1e5-497c-b8ee-f9aaec0fcf2c-server-thread1] INFO  segmented.SegmentedRaftLogWorker (SegmentedRaftLogWorker.java:startLogSegment(452)) - 3706267d-b1e5-497c-b8ee-f9aaec0fcf2c@group-9EF4914689B9-SegmentedRaftLogWorker: Starting segment from index:0
2022-12-02 11:12:56,724 [64d479e5-fe0e-4358-9b9b-67f62582a254-server-thread2] INFO  server.RaftServer$Division (ServerState.java:setRaftConf(430)) - 64d479e5-fe0e-4358-9b9b-67f62582a254@group-9EF4914689B9: set configuration 0: peers:[3706267d-b1e5-497c-b8ee-f9aaec0fcf2c|rpc:10.1.0.7:40063|dataStream:|priority:0|startupRole:FOLLOWER, 64d479e5-fe0e-4358-9b9b-67f62582a254|rpc:10.1.0.7:43823|dataStream:|priority:0|startupRole:FOLLOWER, 3e07bada-20ca-43dd-a36a-6fd4f7654e72|rpc:10.1.0.7:34107|dataStream:|priority:1|startupRole:FOLLOWER]|listeners:[], old=null
2022-12-02 11:12:56,724 [64d479e5-fe0e-4358-9b9b-67f62582a254-server-thread2] INFO  segmented.SegmentedRaftLogWorker (SegmentedRaftLogWorker.java:startLogSegment(452)) - 64d479e5-fe0e-4358-9b9b-67f62582a254@group-9EF4914689B9-SegmentedRaftLogWorker: Starting segment from index:0
2022-12-02 11:12:56,726 [3706267d-b1e5-497c-b8ee-f9aaec0fcf2c@group-9EF4914689B9-SegmentedRaftLogWorker] INFO  segmented.SegmentedRaftLogWorker (SegmentedRaftLogWorker.java:execute(656)) - 3706267d-b1e5-497c-b8ee-f9aaec0fcf2c@group-9EF4914689B9-SegmentedRaftLogWorker: created new log segment /home/runner/work/ozone/ozone/hadoop-ozone/integration-test/target/test-dir/MiniOzoneClusterImpl-89ec7bf9-65dc-45db-bd6d-bd896179de2e/datanode-1/data/ratis/5fc3ad94-7ee4-4df5-bacf-9ef4914689b9/current/log_inprogress_0
2022-12-02 11:12:56,729 [64d479e5-fe0e-4358-9b9b-67f62582a254@group-9EF4914689B9-SegmentedRaftLogWorker] INFO  segmented.SegmentedRaftLogWorker (SegmentedRaftLogWorker.java:execute(656)) - 64d479e5-fe0e-4358-9b9b-67f62582a254@group-9EF4914689B9-SegmentedRaftLogWorker: created new log segment /home/runner/work/ozone/ozone/hadoop-ozone/integration-test/target/test-dir/MiniOzoneClusterImpl-89ec7bf9-65dc-45db-bd6d-bd896179de2e/datanode-0/data/ratis/5fc3ad94-7ee4-4df5-bacf-9ef4914689b9/current/log_inprogress_0
2022-12-02 11:12:56,873 [EventQueue-CommandQueueReportForCommandQueueReportHandler] WARN  events.EventQueue (EventQueue.java:fireEvent(216)) - No event handler registered for event TypedEvent{payloadType=DatanodeDetails, name='Datanode_Command_Queue_Updated'}
2022-12-02 11:12:57,333 [EventQueue-CommandQueueReportForCommandQueueReportHandler] WARN  events.EventQueue (EventQueue.java:fireEvent(216)) - No event handler registered for event TypedEvent{payloadType=DatanodeDetails, name='Datanode_Command_Queue_Updated'}
2022-12-02 11:12:57,883 [EventQueue-CommandQueueReportForCommandQueueReportHandler] WARN  events.EventQueue (EventQueue.java:fireEvent(216)) - No event handler registered for event TypedEvent{payloadType=DatanodeDetails, name='Datanode_Command_Queue_Updated'}
2022-12-02 11:12:57,892 [EventQueue-CommandQueueReportForCommandQueueReportHandler] WARN  events.EventQueue (EventQueue.java:fireEvent(216)) - No event handler registered for event TypedEvent{payloadType=DatanodeDetails, name='Datanode_Command_Queue_Updated'}
2022-12-02 11:12:58,654 [EventQueue-CommandQueueReportForCommandQueueReportHandler] WARN  events.EventQueue (EventQueue.java:fireEvent(216)) - No event handler registered for event TypedEvent{payloadType=DatanodeDetails, name='Datanode_Command_Queue_Updated'}
2022-12-02 11:12:58,681 [EventQueue-CommandQueueReportForCommandQueueReportHandler] WARN  events.EventQueue (EventQueue.java:fireEvent(216)) - No event handler registered for event TypedEvent{payloadType=DatanodeDetails, name='Datanode_Command_Queue_Updated'}
2022-12-02 11:12:58,872 [EventQueue-CommandQueueReportForCommandQueueReportHandler] WARN  events.EventQueue (EventQueue.java:fireEvent(216)) - No event handler registered for event TypedEvent{payloadType=DatanodeDetails, name='Datanode_Command_Queue_Updated'}
2022-12-02 11:12:59,333 [EventQueue-CommandQueueReportForCommandQueueReportHandler] WARN  events.EventQueue (EventQueue.java:fireEvent(216)) - No event handler registered for event TypedEvent{payloadType=DatanodeDetails, name='Datanode_Command_Queue_Updated'}
2022-12-02 11:12:59,882 [EventQueue-CommandQueueReportForCommandQueueReportHandler] WARN  events.EventQueue (EventQueue.java:fireEvent(216)) - No event handler registered for event TypedEvent{payloadType=DatanodeDetails, name='Datanode_Command_Queue_Updated'}
2022-12-02 11:12:59,893 [EventQueue-CommandQueueReportForCommandQueueReportHandler] WARN  events.EventQueue (EventQueue.java:fireEvent(216)) - No event handler registered for event TypedEvent{payloadType=DatanodeDetails, name='Datanode_Command_Queue_Updated'}
2022-12-02 11:13:00,652 [EventQueue-CommandQueueReportForCommandQueueReportHandler] WARN  events.EventQueue (EventQueue.java:fireEvent(216)) - No event handler registered for event TypedEvent{payloadType=DatanodeDetails, name='Datanode_Command_Queue_Updated'}
2022-12-02 11:13:00,683 [EventQueue-CommandQueueReportForCommandQueueReportHandler] WARN  events.EventQueue (EventQueue.java:fireEvent(216)) - No event handler registered for event TypedEvent{payloadType=DatanodeDetails, name='Datanode_Command_Queue_Updated'}
2022-12-02 11:13:00,873 [EventQueue-CommandQueueReportForCommandQueueReportHandler] WARN  events.EventQueue (EventQueue.java:fireEvent(216)) - No event handler registered for event TypedEvent{payloadType=DatanodeDetails, name='Datanode_Command_Queue_Updated'}
2022-12-02 11:13:01,333 [EventQueue-CommandQueueReportForCommandQueueReportHandler] WARN  events.EventQueue (EventQueue.java:fireEvent(216)) - No event handler registered for event TypedEvent{payloadType=DatanodeDetails, name='Datanode_Command_Queue_Updated'}
2022-12-02 11:13:01,883 [EventQueue-CommandQueueReportForCommandQueueReportHandler] WARN  events.EventQueue (EventQueue.java:fireEvent(216)) - No event handler registered for event TypedEvent{payloadType=DatanodeDetails, name='Datanode_Command_Queue_Updated'}
2022-12-02 11:13:01,898 [EventQueue-CommandQueueReportForCommandQueueReportHandler] WARN  events.EventQueue (EventQueue.java:fireEvent(216)) - No event handler registered for event TypedEvent{payloadType=DatanodeDetails, name='Datanode_Command_Queue_Updated'}
2022-12-02 11:13:02,654 [EventQueue-CommandQueueReportForCommandQueueReportHandler] WARN  events.EventQueue (EventQueue.java:fireEvent(216)) - No event handler registered for event TypedEvent{payloadType=DatanodeDetails, name='Datanode_Command_Queue_Updated'}
2022-12-02 11:13:02,681 [EventQueue-CommandQueueReportForCommandQueueReportHandler] WARN  events.EventQueue (EventQueue.java:fireEvent(216)) - No event handler registered for event TypedEvent{payloadType=DatanodeDetails, name='Datanode_Command_Queue_Updated'}
2022-12-02 11:13:02,874 [EventQueue-CommandQueueReportForCommandQueueReportHandler] WARN  events.EventQueue (EventQueue.java:fireEvent(216)) - No event handler registered for event TypedEvent{payloadType=DatanodeDetails, name='Datanode_Command_Queue_Updated'}
2022-12-02 11:13:03,336 [EventQueue-CommandQueueReportForCommandQueueReportHandler] WARN  events.EventQueue (EventQueue.java:fireEvent(216)) - No event handler registered for event TypedEvent{payloadType=DatanodeDetails, name='Datanode_Command_Queue_Updated'}
2022-12-02 11:13:03,884 [EventQueue-CommandQueueReportForCommandQueueReportHandler] WARN  events.EventQueue (EventQueue.java:fireEvent(216)) - No event handler registered for event TypedEvent{payloadType=DatanodeDetails, name='Datanode_Command_Queue_Updated'}
2022-12-02 11:13:03,896 [EventQueue-CommandQueueReportForCommandQueueReportHandler] WARN  events.EventQueue (EventQueue.java:fireEvent(216)) - No event handler registered for event TypedEvent{payloadType=DatanodeDetails, name='Datanode_Command_Queue_Updated'}
2022-12-02 11:13:04,653 [EventQueue-CommandQueueReportForCommandQueueReportHandler] WARN  events.EventQueue (EventQueue.java:fireEvent(216)) - No event handler registered for event TypedEvent{payloadType=DatanodeDetails, name='Datanode_Command_Queue_Updated'}
2022-12-02 11:13:04,681 [EventQueue-CommandQueueReportForCommandQueueReportHandler] WARN  events.EventQueue (EventQueue.java:fireEvent(216)) - No event handler registered for event TypedEvent{payloadType=DatanodeDetails, name='Datanode_Command_Queue_Updated'}
2022-12-02 11:13:04,872 [EventQueue-CommandQueueReportForCommandQueueReportHandler] WARN  events.EventQueue (EventQueue.java:fireEvent(216)) - No event handler registered for event TypedEvent{payloadType=DatanodeDetails, name='Datanode_Command_Queue_Updated'}
2022-12-02 11:13:05,337 [EventQueue-CommandQueueReportForCommandQueueReportHandler] WARN  events.EventQueue (EventQueue.java:fireEvent(216)) - No event handler registered for event TypedEvent{payloadType=DatanodeDetails, name='Datanode_Command_Queue_Updated'}
2022-12-02 11:13:05,884 [EventQueue-CommandQueueReportForCommandQueueReportHandler] WARN  events.EventQueue (EventQueue.java:fireEvent(216)) - No event handler registered for event TypedEvent{payloadType=DatanodeDetails, name='Datanode_Command_Queue_Updated'}
2022-12-02 11:13:05,898 [EventQueue-CommandQueueReportForCommandQueueReportHandler] WARN  events.EventQueue (EventQueue.java:fireEvent(216)) - No event handler registered for event TypedEvent{payloadType=DatanodeDetails, name='Datanode_Command_Queue_Updated'}
2022-12-02 11:13:06,653 [EventQueue-CommandQueueReportForCommandQueueReportHandler] WARN  events.EventQueue (EventQueue.java:fireEvent(216)) - No event handler registered for event TypedEvent{payloadType=DatanodeDetails, name='Datanode_Command_Queue_Updated'}
2022-12-02 11:13:06,682 [EventQueue-CommandQueueReportForCommandQueueReportHandler] WARN  events.EventQueue (EventQueue.java:fireEvent(216)) - No event handler registered for event TypedEvent{payloadType=DatanodeDetails, name='Datanode_Command_Queue_Updated'}
2022-12-02 11:13:06,872 [EventQueue-CommandQueueReportForCommandQueueReportHandler] WARN  events.EventQueue (EventQueue.java:fireEvent(216)) - No event handler registered for event TypedEvent{payloadType=DatanodeDetails, name='Datanode_Command_Queue_Updated'}
2022-12-02 11:13:07,336 [EventQueue-CommandQueueReportForCommandQueueReportHandler] WARN  events.EventQueue (EventQueue.java:fireEvent(216)) - No event handler registered for event TypedEvent{payloadType=DatanodeDetails, name='Datanode_Command_Queue_Updated'}
2022-12-02 11:13:07,884 [EventQueue-CommandQueueReportForCommandQueueReportHandler] WARN  events.EventQueue (EventQueue.java:fireEvent(216)) - No event handler registered for event TypedEvent{payloadType=DatanodeDetails, name='Datanode_Command_Queue_Updated'}
2022-12-02 11:13:07,897 [EventQueue-CommandQueueReportForCommandQueueReportHandler] WARN  events.EventQueue (EventQueue.java:fireEvent(216)) - No event handler registered for event TypedEvent{payloadType=DatanodeDetails, name='Datanode_Command_Queue_Updated'}
2022-12-02 11:13:08,654 [EventQueue-CommandQueueReportForCommandQueueReportHandler] WARN  events.EventQueue (EventQueue.java:fireEvent(216)) - No event handler registered for event TypedEvent{payloadType=DatanodeDetails, name='Datanode_Command_Queue_Updated'}
2022-12-02 11:13:08,682 [EventQueue-CommandQueueReportForCommandQueueReportHandler] WARN  events.EventQueue (EventQueue.java:fireEvent(216)) - No event handler registered for event TypedEvent{payloadType=DatanodeDetails, name='Datanode_Command_Queue_Updated'}
2022-12-02 11:13:08,872 [EventQueue-CommandQueueReportForCommandQueueReportHandler] WARN  events.EventQueue (EventQueue.java:fireEvent(216)) - No event handler registered for event TypedEvent{payloadType=DatanodeDetails, name='Datanode_Command_Queue_Updated'}
2022-12-02 11:13:09,336 [EventQueue-CommandQueueReportForCommandQueueReportHandler] WARN  events.EventQueue (EventQueue.java:fireEvent(216)) - No event handler registered for event TypedEvent{payloadType=DatanodeDetails, name='Datanode_Command_Queue_Updated'}
2022-12-02 11:13:09,886 [EventQueue-CommandQueueReportForCommandQueueReportHandler] WARN  events.EventQueue (EventQueue.java:fireEvent(216)) - No event handler registered for event TypedEvent{payloadType=DatanodeDetails, name='Datanode_Command_Queue_Updated'}
2022-12-02 11:13:09,896 [EventQueue-CommandQueueReportForCommandQueueReportHandler] WARN  events.EventQueue (EventQueue.java:fireEvent(216)) - No event handler registered for event TypedEvent{payloadType=DatanodeDetails, name='Datanode_Command_Queue_Updated'}
2022-12-02 11:13:10,654 [EventQueue-CommandQueueReportForCommandQueueReportHandler] WARN  events.EventQueue (EventQueue.java:fireEvent(216)) - No event handler registered for event TypedEvent{payloadType=DatanodeDetails, name='Datanode_Command_Queue_Updated'}
2022-12-02 11:13:10,682 [EventQueue-CommandQueueReportForCommandQueueReportHandler] WARN  events.EventQueue (EventQueue.java:fireEvent(216)) - No event handler registered for event TypedEvent{payloadType=DatanodeDetails, name='Datanode_Command_Queue_Updated'}
2022-12-02 11:13:10,873 [EventQueue-CommandQueueReportForCommandQueueReportHandler] WARN  events.EventQueue (EventQueue.java:fireEvent(216)) - No event handler registered for event TypedEvent{payloadType=DatanodeDetails, name='Datanode_Command_Queue_Updated'}
2022-12-02 11:13:11,336 [EventQueue-CommandQueueReportForCommandQueueReportHandler] WARN  events.EventQueue (EventQueue.java:fireEvent(216)) - No event handler registered for event TypedEvent{payloadType=DatanodeDetails, name='Datanode_Command_Queue_Updated'}
2022-12-02 11:13:11,516 [Under Replicated Processor] INFO  replication.UnderReplicatedProcessor (UnderReplicatedProcessor.java:processAll(79)) - Processed 0 under replicated containers, failed processing 0
2022-12-02 11:13:11,530 [Over Replicated Processor] INFO  replication.OverReplicatedProcessor (OverReplicatedProcessor.java:processAll(79)) - Processed 0 over replicated containers, failed processing 0
2022-12-02 11:13:11,884 [EventQueue-CommandQueueReportForCommandQueueReportHandler] WARN  events.EventQueue (EventQueue.java:fireEvent(216)) - No event handler registered for event TypedEvent{payloadType=DatanodeDetails, name='Datanode_Command_Queue_Updated'}
2022-12-02 11:13:11,897 [EventQueue-CommandQueueReportForCommandQueueReportHandler] WARN  events.EventQueue (EventQueue.java:fireEvent(216)) - No event handler registered for event TypedEvent{payloadType=DatanodeDetails, name='Datanode_Command_Queue_Updated'}
2022-12-02 11:13:12,653 [EventQueue-CommandQueueReportForCommandQueueReportHandler] WARN  events.EventQueue (EventQueue.java:fireEvent(216)) - No event handler registered for event TypedEvent{payloadType=DatanodeDetails, name='Datanode_Command_Queue_Updated'}
2022-12-02 11:13:12,688 [EventQueue-CommandQueueReportForCommandQueueReportHandler] WARN  events.EventQueue (EventQueue.java:fireEvent(216)) - No event handler registered for event TypedEvent{payloadType=DatanodeDetails, name='Datanode_Command_Queue_Updated'}
2022-12-02 11:13:12,873 [EventQueue-CommandQueueReportForCommandQueueReportHandler] WARN  events.EventQueue (EventQueue.java:fireEvent(216)) - No event handler registered for event TypedEvent{payloadType=DatanodeDetails, name='Datanode_Command_Queue_Updated'}
2022-12-02 11:13:13,336 [EventQueue-CommandQueueReportForCommandQueueReportHandler] WARN  events.EventQueue (EventQueue.java:fireEvent(216)) - No event handler registered for event TypedEvent{payloadType=DatanodeDetails, name='Datanode_Command_Queue_Updated'}
2022-12-02 11:13:13,883 [EventQueue-CommandQueueReportForCommandQueueReportHandler] WARN  events.EventQueue (EventQueue.java:fireEvent(216)) - No event handler registered for event TypedEvent{payloadType=DatanodeDetails, name='Datanode_Command_Queue_Updated'}
2022-12-02 11:13:13,909 [EventQueue-CommandQueueReportForCommandQueueReportHandler] WARN  events.EventQueue (EventQueue.java:fireEvent(216)) - No event handler registered for event TypedEvent{payloadType=DatanodeDetails, name='Datanode_Command_Queue_Updated'}
2022-12-02 11:13:14,654 [EventQueue-CommandQueueReportForCommandQueueReportHandler] WARN  events.EventQueue (EventQueue.java:fireEvent(216)) - No event handler registered for event TypedEvent{payloadType=DatanodeDetails, name='Datanode_Command_Queue_Updated'}
2022-12-02 11:13:14,682 [EventQueue-CommandQueueReportForCommandQueueReportHandler] WARN  events.EventQueue (EventQueue.java:fireEvent(216)) - No event handler registered for event TypedEvent{payloadType=DatanodeDetails, name='Datanode_Command_Queue_Updated'}
2022-12-02 11:13:14,874 [EventQueue-CommandQueueReportForCommandQueueReportHandler] WARN  events.EventQueue (EventQueue.java:fireEvent(216)) - No event handler registered for event TypedEvent{payloadType=DatanodeDetails, name='Datanode_Command_Queue_Updated'}
2022-12-02 11:13:15,336 [EventQueue-CommandQueueReportForCommandQueueReportHandler] WARN  events.EventQueue (EventQueue.java:fireEvent(216)) - No event handler registered for event TypedEvent{payloadType=DatanodeDetails, name='Datanode_Command_Queue_Updated'}
2022-12-02 11:13:15,884 [EventQueue-CommandQueueReportForCommandQueueReportHandler] WARN  events.EventQueue (EventQueue.java:fireEvent(216)) - No event handler registered for event TypedEvent{payloadType=DatanodeDetails, name='Datanode_Command_Queue_Updated'}
2022-12-02 11:13:15,900 [EventQueue-CommandQueueReportForCommandQueueReportHandler] WARN  events.EventQueue (EventQueue.java:fireEvent(216)) - No event handler registered for event TypedEvent{payloadType=DatanodeDetails, name='Datanode_Command_Queue_Updated'}
2022-12-02 11:13:16,654 [EventQueue-CommandQueueReportForCommandQueueReportHandler] WARN  events.EventQueue (EventQueue.java:fireEvent(216)) - No event handler registered for event TypedEvent{payloadType=DatanodeDetails, name='Datanode_Command_Queue_Updated'}
2022-12-02 11:13:16,682 [EventQueue-CommandQueueReportForCommandQueueReportHandler] WARN  events.EventQueue (EventQueue.java:fireEvent(216)) - No event handler registered for event TypedEvent{payloadType=DatanodeDetails, name='Datanode_Command_Queue_Updated'}
2022-12-02 11:13:16,874 [EventQueue-CommandQueueReportForCommandQueueReportHandler] WARN  events.EventQueue (EventQueue.java:fireEvent(216)) - No event handler registered for event TypedEvent{payloadType=DatanodeDetails, name='Datanode_Command_Queue_Updated'}
2022-12-02 11:13:17,337 [EventQueue-CommandQueueReportForCommandQueueReportHandler] WARN  events.EventQueue (EventQueue.java:fireEvent(216)) - No event handler registered for event TypedEvent{payloadType=DatanodeDetails, name='Datanode_Command_Queue_Updated'}
2022-12-02 11:13:17,884 [EventQueue-CommandQueueReportForCommandQueueReportHandler] WARN  events.EventQueue (EventQueue.java:fireEvent(216)) - No event handler registered for event TypedEvent{payloadType=DatanodeDetails, name='Datanode_Command_Queue_Updated'}
2022-12-02 11:13:17,901 [EventQueue-CommandQueueReportForCommandQueueReportHandler] WARN  events.EventQueue (EventQueue.java:fireEvent(216)) - No event handler registered for event TypedEvent{payloadType=DatanodeDetails, name='Datanode_Command_Queue_Updated'}
2022-12-02 11:13:18,657 [EventQueue-CommandQueueReportForCommandQueueReportHandler] WARN  events.EventQueue (EventQueue.java:fireEvent(216)) - No event handler registered for event TypedEvent{payloadType=DatanodeDetails, name='Datanode_Command_Queue_Updated'}
2022-12-02 11:13:18,683 [EventQueue-CommandQueueReportForCommandQueueReportHandler] WARN  events.EventQueue (EventQueue.java:fireEvent(216)) - No event handler registered for event TypedEvent{payloadType=DatanodeDetails, name='Datanode_Command_Queue_Updated'}
2022-12-02 11:13:18,876 [EventQueue-CommandQueueReportForCommandQueueReportHandler] WARN  events.EventQueue (EventQueue.java:fireEvent(216)) - No event handler registered for event TypedEvent{payloadType=DatanodeDetails, name='Datanode_Command_Queue_Updated'}
2022-12-02 11:13:19,337 [EventQueue-CommandQueueReportForCommandQueueReportHandler] WARN  events.EventQueue (EventQueue.java:fireEvent(216)) - No event handler registered for event TypedEvent{payloadType=DatanodeDetails, name='Datanode_Command_Queue_Updated'}
2022-12-02 11:13:19,884 [EventQueue-CommandQueueReportForCommandQueueReportHandler] WARN  events.EventQueue (EventQueue.java:fireEvent(216)) - No event handler registered for event TypedEvent{payloadType=DatanodeDetails, name='Datanode_Command_Queue_Updated'}
2022-12-02 11:13:19,902 [EventQueue-CommandQueueReportForCommandQueueReportHandler] WARN  events.EventQueue (EventQueue.java:fireEvent(216)) - No event handler registered for event TypedEvent{payloadType=DatanodeDetails, name='Datanode_Command_Queue_Updated'}
2022-12-02 11:13:20,656 [EventQueue-CommandQueueReportForCommandQueueReportHandler] WARN  events.EventQueue (EventQueue.java:fireEvent(216)) - No event handler registered for event TypedEvent{payloadType=DatanodeDetails, name='Datanode_Command_Queue_Updated'}
2022-12-02 11:13:20,683 [EventQueue-CommandQueueReportForCommandQueueReportHandler] WARN  events.EventQueue (EventQueue.java:fireEvent(216)) - No event handler registered for event TypedEvent{payloadType=DatanodeDetails, name='Datanode_Command_Queue_Updated'}
2022-12-02 11:13:20,874 [EventQueue-CommandQueueReportForCommandQueueReportHandler] WARN  events.EventQueue (EventQueue.java:fireEvent(216)) - No event handler registered for event TypedEvent{payloadType=DatanodeDetails, name='Datanode_Command_Queue_Updated'}
2022-12-02 11:13:21,338 [EventQueue-CommandQueueReportForCommandQueueReportHandler] WARN  events.EventQueue (EventQueue.java:fireEvent(216)) - No event handler registered for event TypedEvent{payloadType=DatanodeDetails, name='Datanode_Command_Queue_Updated'}
2022-12-02 11:13:21,885 [EventQueue-CommandQueueReportForCommandQueueReportHandler] WARN  events.EventQueue (EventQueue.java:fireEvent(216)) - No event handler registered for event TypedEvent{payloadType=DatanodeDetails, name='Datanode_Command_Queue_Updated'}
2022-12-02 11:13:21,904 [EventQueue-CommandQueueReportForCommandQueueReportHandler] WARN  events.EventQueue (EventQueue.java:fireEvent(216)) - No event handler registered for event TypedEvent{payloadType=DatanodeDetails, name='Datanode_Command_Queue_Updated'}
2022-12-02 11:13:22,655 [EventQueue-CommandQueueReportForCommandQueueReportHandler] WARN  events.EventQueue (EventQueue.java:fireEvent(216)) - No event handler registered for event TypedEvent{payloadType=DatanodeDetails, name='Datanode_Command_Queue_Updated'}
2022-12-02 11:13:22,681 [EventQueue-CommandQueueReportForCommandQueueReportHandler] WARN  events.EventQueue (EventQueue.java:fireEvent(216)) - No event handler registered for event TypedEvent{payloadType=DatanodeDetails, name='Datanode_Command_Queue_Updated'}
2022-12-02 11:13:22,875 [EventQueue-CommandQueueReportForCommandQueueReportHandler] WARN  events.EventQueue (EventQueue.java:fireEvent(216)) - No event handler registered for event TypedEvent{payloadType=DatanodeDetails, name='Datanode_Command_Queue_Updated'}
2022-12-02 11:13:23,339 [EventQueue-CommandQueueReportForCommandQueueReportHandler] WARN  events.EventQueue (EventQueue.java:fireEvent(216)) - No event handler registered for event TypedEvent{payloadType=DatanodeDetails, name='Datanode_Command_Queue_Updated'}
2022-12-02 11:13:23,885 [EventQueue-CommandQueueReportForCommandQueueReportHandler] WARN  events.EventQueue (EventQueue.java:fireEvent(216)) - No event handler registered for event TypedEvent{payloadType=DatanodeDetails, name='Datanode_Command_Queue_Updated'}
2022-12-02 11:13:23,901 [EventQueue-CommandQueueReportForCommandQueueReportHandler] WARN  events.EventQueue (EventQueue.java:fireEvent(216)) - No event handler registered for event TypedEvent{payloadType=DatanodeDetails, name='Datanode_Command_Queue_Updated'}
2022-12-02 11:13:24,655 [EventQueue-CommandQueueReportForCommandQueueReportHandler] WARN  events.EventQueue (EventQueue.java:fireEvent(216)) - No event handler registered for event TypedEvent{payloadType=DatanodeDetails, name='Datanode_Command_Queue_Updated'}
2022-12-02 11:13:24,683 [EventQueue-CommandQueueReportForCommandQueueReportHandler] WARN  events.EventQueue (EventQueue.java:fireEvent(216)) - No event handler registered for event TypedEvent{payloadType=DatanodeDetails, name='Datanode_Command_Queue_Updated'}
2022-12-02 11:13:24,875 [EventQueue-CommandQueueReportForCommandQueueReportHandler] WARN  events.EventQueue (EventQueue.java:fireEvent(216)) - No event handler registered for event TypedEvent{payloadType=DatanodeDetails, name='Datanode_Command_Queue_Updated'}
2022-12-02 11:13:25,339 [EventQueue-CommandQueueReportForCommandQueueReportHandler] WARN  events.EventQueue (EventQueue.java:fireEvent(216)) - No event handler registered for event TypedEvent{payloadType=DatanodeDetails, name='Datanode_Command_Queue_Updated'}
2022-12-02 11:13:25,885 [EventQueue-CommandQueueReportForCommandQueueReportHandler] WARN  events.EventQueue (EventQueue.java:fireEvent(216)) - No event handler registered for event TypedEvent{payloadType=DatanodeDetails, name='Datanode_Command_Queue_Updated'}
2022-12-02 11:13:25,902 [EventQueue-CommandQueueReportForCommandQueueReportHandler] WARN  events.EventQueue (EventQueue.java:fireEvent(216)) - No event handler registered for event TypedEvent{payloadType=DatanodeDetails, name='Datanode_Command_Queue_Updated'}
2022-12-02 11:13:26,655 [EventQueue-CommandQueueReportForCommandQueueReportHandler] WARN  events.EventQueue (EventQueue.java:fireEvent(216)) - No event handler registered for event TypedEvent{payloadType=DatanodeDetails, name='Datanode_Command_Queue_Updated'}
2022-12-02 11:13:26,683 [EventQueue-CommandQueueReportForCommandQueueReportHandler] WARN  events.EventQueue (EventQueue.java:fireEvent(216)) - No event handler registered for event TypedEvent{payloadType=DatanodeDetails, name='Datanode_Command_Queue_Updated'}
2022-12-02 11:13:26,875 [EventQueue-CommandQueueReportForCommandQueueReportHandler] WARN  events.EventQueue (EventQueue.java:fireEvent(216)) - No event handler registered for event TypedEvent{payloadType=DatanodeDetails, name='Datanode_Command_Queue_Updated'}
2022-12-02 11:13:27,339 [EventQueue-CommandQueueReportForCommandQueueReportHandler] WARN  events.EventQueue (EventQueue.java:fireEvent(216)) - No event handler registered for event TypedEvent{payloadType=DatanodeDetails, name='Datanode_Command_Queue_Updated'}
2022-12-02 11:13:27,886 [EventQueue-CommandQueueReportForCommandQueueReportHandler] WARN  events.EventQueue (EventQueue.java:fireEvent(216)) - No event handler registered for event TypedEvent{payloadType=DatanodeDetails, name='Datanode_Command_Queue_Updated'}
2022-12-02 11:13:27,903 [EventQueue-CommandQueueReportForCommandQueueReportHandler] WARN  events.EventQueue (EventQueue.java:fireEvent(216)) - No event handler registered for event TypedEvent{payloadType=DatanodeDetails, name='Datanode_Command_Queue_Updated'}
2022-12-02 11:13:28,655 [EventQueue-CommandQueueReportForCommandQueueReportHandler] WARN  events.EventQueue (EventQueue.java:fireEvent(216)) - No event handler registered for event TypedEvent{payloadType=DatanodeDetails, name='Datanode_Command_Queue_Updated'}
2022-12-02 11:13:28,683 [EventQueue-CommandQueueReportForCommandQueueReportHandler] WARN  events.EventQueue (EventQueue.java:fireEvent(216)) - No event handler registered for event TypedEvent{payloadType=DatanodeDetails, name='Datanode_Command_Queue_Updated'}
2022-12-02 11:13:28,875 [EventQueue-CommandQueueReportForCommandQueueReportHandler] WARN  events.EventQueue (EventQueue.java:fireEvent(216)) - No event handler registered for event TypedEvent{payloadType=DatanodeDetails, name='Datanode_Command_Queue_Updated'}
2022-12-02 11:13:29,338 [EventQueue-CommandQueueReportForCommandQueueReportHandler] WARN  events.EventQueue (EventQueue.java:fireEvent(216)) - No event handler registered for event TypedEvent{payloadType=DatanodeDetails, name='Datanode_Command_Queue_Updated'}
2022-12-02 11:13:29,885 [EventQueue-CommandQueueReportForCommandQueueReportHandler] WARN  events.EventQueue (EventQueue.java:fireEvent(216)) - No event handler registered for event TypedEvent{payloadType=DatanodeDetails, name='Datanode_Command_Queue_Updated'}
2022-12-02 11:13:29,903 [EventQueue-CommandQueueReportForCommandQueueReportHandler] WARN  events.EventQueue (EventQueue.java:fireEvent(216)) - No event handler registered for event TypedEvent{payloadType=DatanodeDetails, name='Datanode_Command_Queue_Updated'}
2022-12-02 11:13:30,656 [EventQueue-CommandQueueReportForCommandQueueReportHandler] WARN  events.EventQueue (EventQueue.java:fireEvent(216)) - No event handler registered for event TypedEvent{payloadType=DatanodeDetails, name='Datanode_Command_Queue_Updated'}
2022-12-02 11:13:30,682 [EventQueue-CommandQueueReportForCommandQueueReportHandler] WARN  events.EventQueue (EventQueue.java:fireEvent(216)) - No event handler registered for event TypedEvent{payloadType=DatanodeDetails, name='Datanode_Command_Queue_Updated'}
2022-12-02 11:13:30,875 [EventQueue-CommandQueueReportForCommandQueueReportHandler] WARN  events.EventQueue (EventQueue.java:fireEvent(216)) - No event handler registered for event TypedEvent{payloadType=DatanodeDetails, name='Datanode_Command_Queue_Updated'}
2022-12-02 11:13:31,340 [EventQueue-CommandQueueReportForCommandQueueReportHandler] WARN  events.EventQueue (EventQueue.java:fireEvent(216)) - No event handler registered for event TypedEvent{payloadType=DatanodeDetails, name='Datanode_Command_Queue_Updated'}
2022-12-02 11:13:31,886 [EventQueue-CommandQueueReportForCommandQueueReportHandler] WARN  events.EventQueue (EventQueue.java:fireEvent(216)) - No event handler registered for event TypedEvent{payloadType=DatanodeDetails, name='Datanode_Command_Queue_Updated'}
2022-12-02 11:13:31,906 [EventQueue-CommandQueueReportForCommandQueueReportHandler] WARN  events.EventQueue (EventQueue.java:fireEvent(216)) - No event handler registered for event TypedEvent{payloadType=DatanodeDetails, name='Datanode_Command_Queue_Updated'}
2022-12-02 11:13:32,656 [EventQueue-CommandQueueReportForCommandQueueReportHandler] WARN  events.EventQueue (EventQueue.java:fireEvent(216)) - No event handler registered for event TypedEvent{payloadType=DatanodeDetails, name='Datanode_Command_Queue_Updated'}
2022-12-02 11:13:32,684 [EventQueue-CommandQueueReportForCommandQueueReportHandler] WARN  events.EventQueue (EventQueue.java:fireEvent(216)) - No event handler registered for event TypedEvent{payloadType=DatanodeDetails, name='Datanode_Command_Queue_Updated'}
2022-12-02 11:13:32,875 [EventQueue-CommandQueueReportForCommandQueueReportHandler] WARN  events.EventQueue (EventQueue.java:fireEvent(216)) - No event handler registered for event TypedEvent{payloadType=DatanodeDetails, name='Datanode_Command_Queue_Updated'}
2022-12-02 11:13:33,338 [EventQueue-CommandQueueReportForCommandQueueReportHandler] WARN  events.EventQueue (EventQueue.java:fireEvent(216)) - No event handler registered for event TypedEvent{payloadType=DatanodeDetails, name='Datanode_Command_Queue_Updated'}
2022-12-02 11:13:33,887 [EventQueue-CommandQueueReportForCommandQueueReportHandler] WARN  events.EventQueue (EventQueue.java:fireEvent(216)) - No event handler registered for event TypedEvent{payloadType=DatanodeDetails, name='Datanode_Command_Queue_Updated'}
2022-12-02 11:13:33,904 [EventQueue-CommandQueueReportForCommandQueueReportHandler] WARN  events.EventQueue (EventQueue.java:fireEvent(216)) - No event handler registered for event TypedEvent{payloadType=DatanodeDetails, name='Datanode_Command_Queue_Updated'}
2022-12-02 11:13:34,656 [EventQueue-CommandQueueReportForCommandQueueReportHandler] WARN  events.EventQueue (EventQueue.java:fireEvent(216)) - No event handler registered for event TypedEvent{payloadType=DatanodeDetails, name='Datanode_Command_Queue_Updated'}
2022-12-02 11:13:34,684 [EventQueue-CommandQueueReportForCommandQueueReportHandler] WARN  events.EventQueue (EventQueue.java:fireEvent(216)) - No event handler registered for event TypedEvent{payloadType=DatanodeDetails, name='Datanode_Command_Queue_Updated'}
2022-12-02 11:13:34,875 [EventQueue-CommandQueueReportForCommandQueueReportHandler] WARN  events.EventQueue (EventQueue.java:fireEvent(216)) - No event handler registered for event TypedEvent{payloadType=DatanodeDetails, name='Datanode_Command_Queue_Updated'}
2022-12-02 11:13:35,339 [EventQueue-CommandQueueReportForCommandQueueReportHandler] WARN  events.EventQueue (EventQueue.java:fireEvent(216)) - No event handler registered for event TypedEvent{payloadType=DatanodeDetails, name='Datanode_Command_Queue_Updated'}
2022-12-02 11:13:35,885 [EventQueue-CommandQueueReportForCommandQueueReportHandler] WARN  events.EventQueue (EventQueue.java:fireEvent(216)) - No event handler registered for event TypedEvent{payloadType=DatanodeDetails, name='Datanode_Command_Queue_Updated'}
2022-12-02 11:13:35,902 [EventQueue-CommandQueueReportForCommandQueueReportHandler] WARN  events.EventQueue (EventQueue.java:fireEvent(216)) - No event handler registered for event TypedEvent{payloadType=DatanodeDetails, name='Datanode_Command_Queue_Updated'}
2022-12-02 11:13:36,656 [EventQueue-CommandQueueReportForCommandQueueReportHandler] WARN  events.EventQueue (EventQueue.java:fireEvent(216)) - No event handler registered for event TypedEvent{payloadType=DatanodeDetails, name='Datanode_Command_Queue_Updated'}
2022-12-02 11:13:36,683 [EventQueue-CommandQueueReportForCommandQueueReportHandler] WARN  events.EventQueue (EventQueue.java:fireEvent(216)) - No event handler registered for event TypedEvent{payloadType=DatanodeDetails, name='Datanode_Command_Queue_Updated'}
2022-12-02 11:13:36,876 [EventQueue-CommandQueueReportForCommandQueueReportHandler] WARN  events.EventQueue (EventQueue.java:fireEvent(216)) - No event handler registered for event TypedEvent{payloadType=DatanodeDetails, name='Datanode_Command_Queue_Updated'}
2022-12-02 11:13:37,338 [EventQueue-CommandQueueReportForCommandQueueReportHandler] WARN  events.EventQueue (EventQueue.java:fireEvent(216)) - No event handler registered for event TypedEvent{payloadType=DatanodeDetails, name='Datanode_Command_Queue_Updated'}
2022-12-02 11:13:37,886 [EventQueue-CommandQueueReportForCommandQueueReportHandler] WARN  events.EventQueue (EventQueue.java:fireEvent(216)) - No event handler registered for event TypedEvent{payloadType=DatanodeDetails, name='Datanode_Command_Queue_Updated'}
2022-12-02 11:13:37,903 [EventQueue-CommandQueueReportForCommandQueueReportHandler] WARN  events.EventQueue (EventQueue.java:fireEvent(216)) - No event handler registered for event TypedEvent{payloadType=DatanodeDetails, name='Datanode_Command_Queue_Updated'}
2022-12-02 11:13:38,031 [Listener at 127.0.0.1/39085] INFO  ozone.MiniOzoneClusterImpl (MiniOzoneClusterImpl.java:shutdown(448)) - Shutting down the Mini Ozone Cluster
2022-12-02 11:13:38,032 [Listener at 127.0.0.1/39085] INFO  ozone.MiniOzoneClusterImpl (MiniOzoneClusterImpl.java:stop(463)) - Stopping the Mini Ozone Cluster
2022-12-02 11:13:38,032 [Listener at 127.0.0.1/39085] INFO  ozone.MiniOzoneClusterImpl (MiniOzoneClusterImpl.java:stopOM(545)) - Stopping the OzoneManager
2022-12-02 11:13:38,033 [Listener at 127.0.0.1/39085] INFO  om.OzoneManager (OzoneManager.java:stop(2036)) - om1[localhost:0]: Stopping Ozone Manager
2022-12-02 11:13:38,033 [Listener at 127.0.0.1/39085] INFO  ipc.Server (Server.java:stop(3428)) - Stopping server on 39085
2022-12-02 11:13:38,036 [IPC Server listener on 0] INFO  ipc.Server (Server.java:run(1384)) - Stopping IPC Server listener on 0
2022-12-02 11:13:38,037 [IPC Server Responder] INFO  ipc.Server (Server.java:run(1517)) - Stopping IPC Server Responder
2022-12-02 11:13:38,038 [Listener at 127.0.0.1/39085] INFO  server.RaftServer (RaftServerProxy.java:lambda$close$6(409)) - om1: close
2022-12-02 11:13:38,039 [Listener at 127.0.0.1/39085] INFO  server.GrpcService (GrpcService.java:closeImpl(279)) - om1: shutdown server GrpcServerProtocolService now
2022-12-02 11:13:38,047 [om1-impl-thread2] INFO  server.RaftServer$Division (RaftServerImpl.java:lambda$close$4(458)) - om1@group-C5BA1605619E: shutdown
2022-12-02 11:13:38,047 [om1-impl-thread2] INFO  util.JmxRegister (JmxRegister.java:unregister(73)) - Successfully un-registered JMX Bean with object name Ratis:service=RaftServer,group=group-C5BA1605619E,id=om1
2022-12-02 11:13:38,048 [om1-impl-thread2] INFO  impl.RoleInfo (RoleInfo.java:shutdownLeaderState(93)) - om1: shutdown om1@group-C5BA1605619E-LeaderStateImpl
2022-12-02 11:13:38,048 [om1-impl-thread2] INFO  impl.PendingRequests (PendingRequests.java:sendNotLeaderResponses(282)) - om1@group-C5BA1605619E-PendingRequests: sendNotLeaderResponses
2022-12-02 11:13:38,049 [Listener at 127.0.0.1/39085] INFO  server.GrpcService (GrpcService.java:closeImpl(288)) - om1: shutdown server GrpcServerProtocolService successfully
2022-12-02 11:13:38,051 [om1@group-C5BA1605619E-StateMachineUpdater] INFO  ratis.OzoneManagerStateMachine (OzoneManagerStateMachine.java:takeSnapshot(445)) - Current Snapshot Index (t:1, i:2)
2022-12-02 11:13:38,051 [om1-impl-thread2] INFO  impl.StateMachineUpdater (StateMachineUpdater.java:stopAndJoin(153)) - om1@group-C5BA1605619E-StateMachineUpdater: set stopIndex = 2
2022-12-02 11:13:38,052 [om1@group-C5BA1605619E-StateMachineUpdater] INFO  impl.StateMachineUpdater (StateMachineUpdater.java:takeSnapshot(287)) - om1@group-C5BA1605619E-StateMachineUpdater: Took a snapshot at index 2
2022-12-02 11:13:38,052 [om1@group-C5BA1605619E-StateMachineUpdater] INFO  impl.StateMachineUpdater (StateMachineUpdater.java:lambda$new$0(92)) - om1@group-C5BA1605619E-StateMachineUpdater: snapshotIndex: updateIncreasingly -1 -> 2
2022-12-02 11:13:38,052 [om1@group-C5BA1605619E-StateMachineUpdater] INFO  ratis.OzoneManagerStateMachine (OzoneManagerStateMachine.java:close(499)) - StateMachine has shutdown. Shutdown OzoneManager if not already shutdown.
2022-12-02 11:13:38,052 [om1@group-C5BA1605619E-StateMachineUpdater] INFO  ratis.OzoneManagerDoubleBuffer (OzoneManagerDoubleBuffer.java:stop(466)) - Stopping OMDoubleBuffer flush thread
2022-12-02 11:13:38,052 [OMDoubleBufferFlushThread] INFO  ratis.OzoneManagerDoubleBuffer (OzoneManagerDoubleBuffer.java:flushTransactions(385)) - OMDoubleBuffer flush thread OMDoubleBufferFlushThread is interrupted and will exit.
2022-12-02 11:13:38,054 [om1-impl-thread2] INFO  server.RaftServer$Division (ServerState.java:close(466)) - om1@group-C5BA1605619E: closes. applyIndex: 2
2022-12-02 11:13:38,054 [om1@group-C5BA1605619E-SegmentedRaftLogWorker] INFO  segmented.SegmentedRaftLogWorker (SegmentedRaftLogWorker.java:run(347)) - om1@group-C5BA1605619E-SegmentedRaftLogWorker was interrupted, exiting. There are 0 tasks remaining in the queue.
2022-12-02 11:13:38,055 [om1-impl-thread2] INFO  segmented.SegmentedRaftLogWorker (SegmentedRaftLogWorker.java:close(257)) - om1@group-C5BA1605619E-SegmentedRaftLogWorker close()
2022-12-02 11:13:38,061 [JvmPauseMonitor0] INFO  util.JvmPauseMonitor (JvmPauseMonitor.java:run(111)) - JvmPauseMonitor-om1: Stopped
2022-12-02 11:13:38,061 [Listener at 127.0.0.1/39085] INFO  ratis.OzoneManagerStateMachine (OzoneManagerStateMachine.java:close(499)) - StateMachine has shutdown. Shutdown OzoneManager if not already shutdown.
2022-12-02 11:13:38,062 [Listener at 127.0.0.1/39085] INFO  ratis.OzoneManagerDoubleBuffer (OzoneManagerDoubleBuffer.java:stop(478)) - OMDoubleBuffer flush thread is not running.
2022-12-02 11:13:38,062 [Listener at 127.0.0.1/39085] INFO  utils.BackgroundService (BackgroundService.java:shutdown(141)) - Shutting down service KeyDeletingService
2022-12-02 11:13:38,067 [Listener at 127.0.0.1/39085] INFO  utils.BackgroundService (BackgroundService.java:shutdown(141)) - Shutting down service DirectoryDeletingService
2022-12-02 11:13:38,067 [Listener at 127.0.0.1/39085] INFO  utils.BackgroundService (BackgroundService.java:shutdown(141)) - Shutting down service OpenKeyCleanupService
2022-12-02 11:13:38,070 [Listener at 127.0.0.1/39085] INFO  handler.ContextHandler (ContextHandler.java:doStop(1159)) - Stopped o.e.j.w.WebAppContext@3486cb21{ozoneManager,/,null,STOPPED}{file:/home/runner/work/ozone/ozone/hadoop-ozone/integration-test/target/test-classes/webapps/ozoneManager}
2022-12-02 11:13:38,079 [Listener at 127.0.0.1/39085] INFO  server.AbstractConnector (AbstractConnector.java:doStop(383)) - Stopped ServerConnector@328cc3ee{HTTP/1.1, (http/1.1)}{0.0.0.0:0}
2022-12-02 11:13:38,079 [Listener at 127.0.0.1/39085] INFO  server.session (HouseKeeper.java:stopScavenging(149)) - node0 Stopped scavenging
2022-12-02 11:13:38,081 [Listener at 127.0.0.1/39085] INFO  handler.ContextHandler (ContextHandler.java:doStop(1159)) - Stopped o.e.j.s.ServletContextHandler@29b93eb5{static,/static,file:///home/runner/work/ozone/ozone/hadoop-ozone/integration-test/target/test-classes/webapps/static,STOPPED}
2022-12-02 11:13:38,083 [Listener at 127.0.0.1/39085] INFO  handler.ContextHandler (ContextHandler.java:doStop(1159)) - Stopped o.e.j.s.ServletContextHandler@3861652e{logs,/logs,file:///home/runner/work/ozone/ozone/hadoop-ozone/integration-test/target/log,STOPPED}
2022-12-02 11:13:38,095 [Listener at 127.0.0.1/39085] INFO  ozone.MiniOzoneClusterImpl (MiniOzoneClusterImpl.java:stopDatanodes(522)) - Stopping the HddsDatanodes
2022-12-02 11:13:38,100 [Listener at 127.0.0.1/39085] INFO  ozoneimpl.OzoneContainer (OzoneContainer.java:stop(417)) - Attempting to stop container services.
2022-12-02 11:13:38,105 [Listener at 127.0.0.1/39085] INFO  server.RaftServer (RaftServerProxy.java:lambda$close$6(409)) - 0f1be7e8-a3b4-460a-8434-ebd9767358ca: close
2022-12-02 11:13:38,106 [Listener at 127.0.0.1/39085] INFO  server.GrpcService (GrpcService.java:closeImpl(279)) - 0f1be7e8-a3b4-460a-8434-ebd9767358ca: shutdown server GrpcServerProtocolService now
2022-12-02 11:13:38,110 [ForkJoinPool.commonPool-worker-0] INFO  ozoneimpl.OzoneContainer (OzoneContainer.java:stop(417)) - Attempting to stop container services.
2022-12-02 11:13:38,111 [0f1be7e8-a3b4-460a-8434-ebd9767358ca-impl-thread2] INFO  server.RaftServer$Division (RaftServerImpl.java:lambda$close$4(458)) - 0f1be7e8-a3b4-460a-8434-ebd9767358ca@group-925D38F959D7: shutdown
2022-12-02 11:13:38,111 [0f1be7e8-a3b4-460a-8434-ebd9767358ca-impl-thread2] INFO  util.JmxRegister (JmxRegister.java:unregister(73)) - Successfully un-registered JMX Bean with object name Ratis:service=RaftServer,group=group-925D38F959D7,id=0f1be7e8-a3b4-460a-8434-ebd9767358ca
2022-12-02 11:13:38,111 [0f1be7e8-a3b4-460a-8434-ebd9767358ca-impl-thread2] INFO  impl.RoleInfo (RoleInfo.java:shutdownLeaderState(93)) - 0f1be7e8-a3b4-460a-8434-ebd9767358ca: shutdown 0f1be7e8-a3b4-460a-8434-ebd9767358ca@group-925D38F959D7-LeaderStateImpl
2022-12-02 11:13:38,111 [0f1be7e8-a3b4-460a-8434-ebd9767358ca-impl-thread2] INFO  impl.PendingRequests (PendingRequests.java:sendNotLeaderResponses(282)) - 0f1be7e8-a3b4-460a-8434-ebd9767358ca@group-925D38F959D7-PendingRequests: sendNotLeaderResponses
2022-12-02 11:13:38,112 [Listener at 127.0.0.1/39085] INFO  server.GrpcServerProtocolClient (GrpcServerProtocolClient.java:close(111)) - e3d3c1c6-e4ea-41ff-8088-7f0be060b7c0 Close channels
2022-12-02 11:13:38,113 [ForkJoinPool.commonPool-worker-0] INFO  server.RaftServer (RaftServerProxy.java:lambda$close$6(409)) - 3706267d-b1e5-497c-b8ee-f9aaec0fcf2c: close
2022-12-02 11:13:38,113 [0f1be7e8-a3b4-460a-8434-ebd9767358ca-impl-thread2] INFO  impl.StateMachineUpdater (StateMachineUpdater.java:stopAndJoin(153)) - 0f1be7e8-a3b4-460a-8434-ebd9767358ca@group-925D38F959D7-StateMachineUpdater: set stopIndex = 0
2022-12-02 11:13:38,113 [0f1be7e8-a3b4-460a-8434-ebd9767358ca@group-925D38F959D7-StateMachineUpdater] INFO  ratis.ContainerStateMachine (ContainerStateMachine.java:takeSnapshot(304)) - group-925D38F959D7: Taking a snapshot at:(t:1, i:0) file /home/runner/work/ozone/ozone/hadoop-ozone/integration-test/target/test-dir/MiniOzoneClusterImpl-89ec7bf9-65dc-45db-bd6d-bd896179de2e/datanode-3/data/ratis/5c3d6a31-d6fb-44e7-9718-925d38f959d7/sm/snapshot.1_0
2022-12-02 11:13:38,115 [0f1be7e8-a3b4-460a-8434-ebd9767358ca@group-925D38F959D7-StateMachineUpdater] INFO  ratis.ContainerStateMachine (ContainerStateMachine.java:takeSnapshot(315)) - group-925D38F959D7: Finished taking a snapshot at:(t:1, i:0) file:/home/runner/work/ozone/ozone/hadoop-ozone/integration-test/target/test-dir/MiniOzoneClusterImpl-89ec7bf9-65dc-45db-bd6d-bd896179de2e/datanode-3/data/ratis/5c3d6a31-d6fb-44e7-9718-925d38f959d7/sm/snapshot.1_0 took: 1 ms
2022-12-02 11:13:38,115 [0f1be7e8-a3b4-460a-8434-ebd9767358ca@group-925D38F959D7-StateMachineUpdater] INFO  impl.StateMachineUpdater (StateMachineUpdater.java:takeSnapshot(287)) - 0f1be7e8-a3b4-460a-8434-ebd9767358ca@group-925D38F959D7-StateMachineUpdater: Took a snapshot at index 0
2022-12-02 11:13:38,115 [0f1be7e8-a3b4-460a-8434-ebd9767358ca@group-925D38F959D7-StateMachineUpdater] INFO  impl.StateMachineUpdater (StateMachineUpdater.java:lambda$new$0(92)) - 0f1be7e8-a3b4-460a-8434-ebd9767358ca@group-925D38F959D7-StateMachineUpdater: snapshotIndex: updateIncreasingly -1 -> 0
2022-12-02 11:13:38,115 [0f1be7e8-a3b4-460a-8434-ebd9767358ca-impl-thread2] INFO  server.RaftServer$Division (ServerState.java:close(466)) - 0f1be7e8-a3b4-460a-8434-ebd9767358ca@group-925D38F959D7: closes. applyIndex: 0
2022-12-02 11:13:38,119 [ForkJoinPool.commonPool-worker-0] INFO  server.GrpcService (GrpcService.java:closeImpl(279)) - 3706267d-b1e5-497c-b8ee-f9aaec0fcf2c: shutdown server GrpcServerProtocolService now
2022-12-02 11:13:38,119 [0f1be7e8-a3b4-460a-8434-ebd9767358ca@group-925D38F959D7-SegmentedRaftLogWorker] INFO  segmented.SegmentedRaftLogWorker (SegmentedRaftLogWorker.java:run(347)) - 0f1be7e8-a3b4-460a-8434-ebd9767358ca@group-925D38F959D7-SegmentedRaftLogWorker was interrupted, exiting. There are 0 tasks remaining in the queue.
2022-12-02 11:13:38,119 [3706267d-b1e5-497c-b8ee-f9aaec0fcf2c-impl-thread2] INFO  server.RaftServer$Division (RaftServerImpl.java:lambda$close$4(458)) - 3706267d-b1e5-497c-b8ee-f9aaec0fcf2c@group-9EF4914689B9: shutdown
2022-12-02 11:13:38,119 [3706267d-b1e5-497c-b8ee-f9aaec0fcf2c-impl-thread2] INFO  util.JmxRegister (JmxRegister.java:unregister(73)) - Successfully un-registered JMX Bean with object name Ratis:service=RaftServer,group=group-9EF4914689B9,id=3706267d-b1e5-497c-b8ee-f9aaec0fcf2c
2022-12-02 11:13:38,120 [3706267d-b1e5-497c-b8ee-f9aaec0fcf2c-impl-thread2] INFO  impl.RoleInfo (RoleInfo.java:shutdownFollowerState(110)) - 3706267d-b1e5-497c-b8ee-f9aaec0fcf2c: shutdown 3706267d-b1e5-497c-b8ee-f9aaec0fcf2c@group-9EF4914689B9-FollowerState
2022-12-02 11:13:38,120 [0f1be7e8-a3b4-460a-8434-ebd9767358ca-impl-thread2] INFO  segmented.SegmentedRaftLogWorker (SegmentedRaftLogWorker.java:close(257)) - 0f1be7e8-a3b4-460a-8434-ebd9767358ca@group-925D38F959D7-SegmentedRaftLogWorker close()
2022-12-02 11:13:38,125 [ForkJoinPool.commonPool-worker-0] INFO  server.GrpcServerProtocolClient (GrpcServerProtocolClient.java:close(111)) - 64d479e5-fe0e-4358-9b9b-67f62582a254 Close channels
2022-12-02 11:13:38,125 [3706267d-b1e5-497c-b8ee-f9aaec0fcf2c-impl-thread3] INFO  server.RaftServer$Division (RaftServerImpl.java:lambda$close$4(458)) - 3706267d-b1e5-497c-b8ee-f9aaec0fcf2c@group-6891D1EACFE1: shutdown
2022-12-02 11:13:38,125 [3706267d-b1e5-497c-b8ee-f9aaec0fcf2c-impl-thread3] INFO  util.JmxRegister (JmxRegister.java:unregister(73)) - Successfully un-registered JMX Bean with object name Ratis:service=RaftServer,group=group-6891D1EACFE1,id=3706267d-b1e5-497c-b8ee-f9aaec0fcf2c
2022-12-02 11:13:38,125 [3706267d-b1e5-497c-b8ee-f9aaec0fcf2c-impl-thread3] INFO  impl.RoleInfo (RoleInfo.java:shutdownLeaderState(93)) - 3706267d-b1e5-497c-b8ee-f9aaec0fcf2c: shutdown 3706267d-b1e5-497c-b8ee-f9aaec0fcf2c@group-6891D1EACFE1-LeaderStateImpl
2022-12-02 11:13:38,138 [3706267d-b1e5-497c-b8ee-f9aaec0fcf2c-impl-thread2] INFO  impl.StateMachineUpdater (StateMachineUpdater.java:stopAndJoin(153)) - 3706267d-b1e5-497c-b8ee-f9aaec0fcf2c@group-9EF4914689B9-StateMachineUpdater: set stopIndex = 0
2022-12-02 11:13:38,139 [3706267d-b1e5-497c-b8ee-f9aaec0fcf2c@group-9EF4914689B9-FollowerState] INFO  impl.FollowerState (FollowerState.java:run(152)) - 3706267d-b1e5-497c-b8ee-f9aaec0fcf2c@group-9EF4914689B9-FollowerState was interrupted
2022-12-02 11:13:38,139 [3706267d-b1e5-497c-b8ee-f9aaec0fcf2c@group-9EF4914689B9-StateMachineUpdater] INFO  ratis.ContainerStateMachine (ContainerStateMachine.java:takeSnapshot(304)) - group-9EF4914689B9: Taking a snapshot at:(t:6, i:0) file /home/runner/work/ozone/ozone/hadoop-ozone/integration-test/target/test-dir/MiniOzoneClusterImpl-89ec7bf9-65dc-45db-bd6d-bd896179de2e/datanode-1/data/ratis/5fc3ad94-7ee4-4df5-bacf-9ef4914689b9/sm/snapshot.6_0
2022-12-02 11:13:38,140 [3706267d-b1e5-497c-b8ee-f9aaec0fcf2c@group-9EF4914689B9-StateMachineUpdater] INFO  ratis.ContainerStateMachine (ContainerStateMachine.java:takeSnapshot(315)) - group-9EF4914689B9: Finished taking a snapshot at:(t:6, i:0) file:/home/runner/work/ozone/ozone/hadoop-ozone/integration-test/target/test-dir/MiniOzoneClusterImpl-89ec7bf9-65dc-45db-bd6d-bd896179de2e/datanode-1/data/ratis/5fc3ad94-7ee4-4df5-bacf-9ef4914689b9/sm/snapshot.6_0 took: 1 ms
2022-12-02 11:13:38,140 [3706267d-b1e5-497c-b8ee-f9aaec0fcf2c@group-9EF4914689B9-StateMachineUpdater] INFO  impl.StateMachineUpdater (StateMachineUpdater.java:takeSnapshot(287)) - 3706267d-b1e5-497c-b8ee-f9aaec0fcf2c@group-9EF4914689B9-StateMachineUpdater: Took a snapshot at index 0
2022-12-02 11:13:38,140 [3706267d-b1e5-497c-b8ee-f9aaec0fcf2c@group-9EF4914689B9-StateMachineUpdater] INFO  impl.StateMachineUpdater (StateMachineUpdater.java:lambda$new$0(92)) - 3706267d-b1e5-497c-b8ee-f9aaec0fcf2c@group-9EF4914689B9-StateMachineUpdater: snapshotIndex: updateIncreasingly -1 -> 0
2022-12-02 11:13:38,140 [3706267d-b1e5-497c-b8ee-f9aaec0fcf2c-impl-thread2] INFO  server.RaftServer$Division (ServerState.java:close(466)) - 3706267d-b1e5-497c-b8ee-f9aaec0fcf2c@group-9EF4914689B9: closes. applyIndex: 0
2022-12-02 11:13:38,141 [3706267d-b1e5-497c-b8ee-f9aaec0fcf2c@group-9EF4914689B9-SegmentedRaftLogWorker] INFO  segmented.SegmentedRaftLogWorker (SegmentedRaftLogWorker.java:run(347)) - 3706267d-b1e5-497c-b8ee-f9aaec0fcf2c@group-9EF4914689B9-SegmentedRaftLogWorker was interrupted, exiting. There are 0 tasks remaining in the queue.
2022-12-02 11:13:38,142 [3706267d-b1e5-497c-b8ee-f9aaec0fcf2c-impl-thread3] INFO  impl.PendingRequests (PendingRequests.java:sendNotLeaderResponses(282)) - 3706267d-b1e5-497c-b8ee-f9aaec0fcf2c@group-6891D1EACFE1-PendingRequests: sendNotLeaderResponses
2022-12-02 11:13:38,142 [3706267d-b1e5-497c-b8ee-f9aaec0fcf2c-impl-thread3] INFO  impl.StateMachineUpdater (StateMachineUpdater.java:stopAndJoin(153)) - 3706267d-b1e5-497c-b8ee-f9aaec0fcf2c@group-6891D1EACFE1-StateMachineUpdater: set stopIndex = 0
2022-12-02 11:13:38,143 [3706267d-b1e5-497c-b8ee-f9aaec0fcf2c@group-6891D1EACFE1-StateMachineUpdater] INFO  ratis.ContainerStateMachine (ContainerStateMachine.java:takeSnapshot(304)) - group-6891D1EACFE1: Taking a snapshot at:(t:1, i:0) file /home/runner/work/ozone/ozone/hadoop-ozone/integration-test/target/test-dir/MiniOzoneClusterImpl-89ec7bf9-65dc-45db-bd6d-bd896179de2e/datanode-1/data/ratis/777bcded-d53a-4d35-b446-6891d1eacfe1/sm/snapshot.1_0
2022-12-02 11:13:38,143 [grpc-default-executor-1] WARN  server.GrpcServerProtocolService (LogUtils.java:warn(122)) - 3706267d-b1e5-497c-b8ee-f9aaec0fcf2c: installSnapshot onError, lastRequest: 3e07bada-20ca-43dd-a36a-6fd4f7654e72->3706267d-b1e5-497c-b8ee-f9aaec0fcf2c#1-t6,previous=(t:0, i:0),leaderCommit=0,initializing? true,entries: size=1, first=(t:6, i:0), CONFIGURATIONENTRY(current:id: "3706267d-b1e5-497c-b8ee-f9aaec0fcf2c"
address: "10.1.0.7:40063"
clientAddress: "10.1.0.7:40063"
adminAddress: "10.1.0.7:40063"
startupRole: FOLLOWER
,id: "64d479e5-fe0e-4358-9b9b-67f62582a254"
address: "10.1.0.7:43823"
clientAddress: "10.1.0.7:43823"
adminAddress: "10.1.0.7:43823"
startupRole: FOLLOWER
,id: "3e07bada-20ca-43dd-a36a-6fd4f7654e72"
address: "10.1.0.7:34107"
priority: 1
clientAddress: "10.1.0.7:34107"
adminAddress: "10.1.0.7:34107"
startupRole: FOLLOWER
, old:): org.apache.ratis.thirdparty.io.grpc.StatusRuntimeException: CANCELLED: client cancelled
2022-12-02 11:13:38,143 [3706267d-b1e5-497c-b8ee-f9aaec0fcf2c@group-6891D1EACFE1-StateMachineUpdater] INFO  ratis.ContainerStateMachine (ContainerStateMachine.java:takeSnapshot(315)) - group-6891D1EACFE1: Finished taking a snapshot at:(t:1, i:0) file:/home/runner/work/ozone/ozone/hadoop-ozone/integration-test/target/test-dir/MiniOzoneClusterImpl-89ec7bf9-65dc-45db-bd6d-bd896179de2e/datanode-1/data/ratis/777bcded-d53a-4d35-b446-6891d1eacfe1/sm/snapshot.1_0 took: 1 ms
2022-12-02 11:13:38,143 [3706267d-b1e5-497c-b8ee-f9aaec0fcf2c@group-6891D1EACFE1-StateMachineUpdater] INFO  impl.StateMachineUpdater (StateMachineUpdater.java:takeSnapshot(287)) - 3706267d-b1e5-497c-b8ee-f9aaec0fcf2c@group-6891D1EACFE1-StateMachineUpdater: Took a snapshot at index 0
2022-12-02 11:13:38,143 [3706267d-b1e5-497c-b8ee-f9aaec0fcf2c@group-6891D1EACFE1-StateMachineUpdater] INFO  impl.StateMachineUpdater (StateMachineUpdater.java:lambda$new$0(92)) - 3706267d-b1e5-497c-b8ee-f9aaec0fcf2c@group-6891D1EACFE1-StateMachineUpdater: snapshotIndex: updateIncreasingly -1 -> 0
2022-12-02 11:13:38,144 [3706267d-b1e5-497c-b8ee-f9aaec0fcf2c-impl-thread3] INFO  server.RaftServer$Division (ServerState.java:close(466)) - 3706267d-b1e5-497c-b8ee-f9aaec0fcf2c@group-6891D1EACFE1: closes. applyIndex: 0
2022-12-02 11:13:38,145 [3706267d-b1e5-497c-b8ee-f9aaec0fcf2c@group-6891D1EACFE1-SegmentedRaftLogWorker] INFO  segmented.SegmentedRaftLogWorker (SegmentedRaftLogWorker.java:run(347)) - 3706267d-b1e5-497c-b8ee-f9aaec0fcf2c@group-6891D1EACFE1-SegmentedRaftLogWorker was interrupted, exiting. There are 0 tasks remaining in the queue.
2022-12-02 11:13:38,146 [grpc-default-executor-7] WARN  server.GrpcServerProtocolService (LogUtils.java:warn(122)) - 3706267d-b1e5-497c-b8ee-f9aaec0fcf2c: installSnapshot onError, lastRequest: null: org.apache.ratis.thirdparty.io.grpc.StatusRuntimeException: CANCELLED: client cancelled
2022-12-02 11:13:38,146 [3706267d-b1e5-497c-b8ee-f9aaec0fcf2c-impl-thread3] INFO  segmented.SegmentedRaftLogWorker (SegmentedRaftLogWorker.java:close(257)) - 3706267d-b1e5-497c-b8ee-f9aaec0fcf2c@group-6891D1EACFE1-SegmentedRaftLogWorker close()
2022-12-02 11:13:38,148 [Listener at 127.0.0.1/39085] INFO  server.GrpcServerProtocolClient (GrpcServerProtocolClient.java:close(111)) - b564bb99-cd76-4902-8e37-bc5f128935f0 Close channels
2022-12-02 11:13:38,148 [3706267d-b1e5-497c-b8ee-f9aaec0fcf2c-impl-thread2] INFO  segmented.SegmentedRaftLogWorker (SegmentedRaftLogWorker.java:close(257)) - 3706267d-b1e5-497c-b8ee-f9aaec0fcf2c@group-9EF4914689B9-SegmentedRaftLogWorker close()
2022-12-02 11:13:38,149 [grpc-default-executor-7] WARN  server.GrpcLogAppender (LogUtils.java:warn(122)) - 3e07bada-20ca-43dd-a36a-6fd4f7654e72@group-9EF4914689B9->3706267d-b1e5-497c-b8ee-f9aaec0fcf2c-AppendLogResponseHandler: Failed appendEntries: org.apache.ratis.thirdparty.io.grpc.StatusRuntimeException: CANCELLED: RST_STREAM closed stream. HTTP/2 error code: CANCEL
2022-12-02 11:13:38,149 [grpc-default-executor-7] WARN  server.GrpcLogAppender (GrpcLogAppender.java:resetClient(131)) - 3e07bada-20ca-43dd-a36a-6fd4f7654e72@group-9EF4914689B9->3706267d-b1e5-497c-b8ee-f9aaec0fcf2c-GrpcLogAppender: Leader has not got in touch with Follower 3e07bada-20ca-43dd-a36a-6fd4f7654e72@group-9EF4914689B9->3706267d-b1e5-497c-b8ee-f9aaec0fcf2c(c0,m0,n1, attendVote=true, lastRpcSendTime=1355, lastRpcResponseTime=1352) yet, just keep nextIndex unchanged and retry.
2022-12-02 11:13:38,175 [grpc-default-executor-7] WARN  server.GrpcLogAppender (LogUtils.java:warn(122)) - 3e07bada-20ca-43dd-a36a-6fd4f7654e72@group-9EF4914689B9->3706267d-b1e5-497c-b8ee-f9aaec0fcf2c-AppendLogResponseHandler: Failed appendEntries: org.apache.ratis.thirdparty.io.grpc.StatusRuntimeException: CANCELLED: RST_STREAM closed stream. HTTP/2 error code: CANCEL
2022-12-02 11:13:38,175 [Listener at 127.0.0.1/39085] INFO  server.GrpcService (GrpcService.java:closeImpl(288)) - 0f1be7e8-a3b4-460a-8434-ebd9767358ca: shutdown server GrpcServerProtocolService successfully
2022-12-02 11:13:38,176 [JvmPauseMonitor4] INFO  util.JvmPauseMonitor (JvmPauseMonitor.java:run(111)) - JvmPauseMonitor-0f1be7e8-a3b4-460a-8434-ebd9767358ca: Stopped
2022-12-02 11:13:38,180 [ForkJoinPool.commonPool-worker-0] INFO  server.GrpcServerProtocolClient (GrpcServerProtocolClient.java:close(111)) - 3e07bada-20ca-43dd-a36a-6fd4f7654e72 Close channels
2022-12-02 11:13:38,181 [ForkJoinPool.commonPool-worker-0] INFO  server.GrpcService (GrpcService.java:closeImpl(288)) - 3706267d-b1e5-497c-b8ee-f9aaec0fcf2c: shutdown server GrpcServerProtocolService successfully
2022-12-02 11:13:38,181 [JvmPauseMonitor2] INFO  util.JvmPauseMonitor (JvmPauseMonitor.java:run(111)) - JvmPauseMonitor-3706267d-b1e5-497c-b8ee-f9aaec0fcf2c: Stopped
2022-12-02 11:13:38,187 [grpc-default-executor-7] WARN  server.GrpcLogAppender (GrpcLogAppender.java:resetClient(131)) - 3e07bada-20ca-43dd-a36a-6fd4f7654e72@group-9EF4914689B9->3706267d-b1e5-497c-b8ee-f9aaec0fcf2c-GrpcLogAppender: Leader has not got in touch with Follower 3e07bada-20ca-43dd-a36a-6fd4f7654e72@group-9EF4914689B9->3706267d-b1e5-497c-b8ee-f9aaec0fcf2c(c0,m0,n1, attendVote=true, lastRpcSendTime=1393, lastRpcResponseTime=1390) yet, just keep nextIndex unchanged and retry.
2022-12-02 11:13:38,659 [EventQueue-CommandQueueReportForCommandQueueReportHandler] WARN  events.EventQueue (EventQueue.java:fireEvent(216)) - No event handler registered for event TypedEvent{payloadType=DatanodeDetails, name='Datanode_Command_Queue_Updated'}
2022-12-02 11:13:38,877 [EventQueue-CommandQueueReportForCommandQueueReportHandler] WARN  events.EventQueue (EventQueue.java:fireEvent(216)) - No event handler registered for event TypedEvent{payloadType=DatanodeDetails, name='Datanode_Command_Queue_Updated'}
2022-12-02 11:13:39,309 [grpc-default-executor-7] WARN  server.GrpcLogAppender (LogUtils.java:warn(122)) - 3e07bada-20ca-43dd-a36a-6fd4f7654e72@group-9EF4914689B9->3706267d-b1e5-497c-b8ee-f9aaec0fcf2c-AppendLogResponseHandler: Failed appendEntries: org.apache.ratis.thirdparty.io.grpc.StatusRuntimeException: UNAVAILABLE: io exception
2022-12-02 11:13:39,310 [grpc-default-executor-7] WARN  server.GrpcLogAppender (GrpcLogAppender.java:resetClient(131)) - 3e07bada-20ca-43dd-a36a-6fd4f7654e72@group-9EF4914689B9->3706267d-b1e5-497c-b8ee-f9aaec0fcf2c-GrpcLogAppender: Leader has not got in touch with Follower 3e07bada-20ca-43dd-a36a-6fd4f7654e72@group-9EF4914689B9->3706267d-b1e5-497c-b8ee-f9aaec0fcf2c(c0,m0,n1, attendVote=true, lastRpcSendTime=0, lastRpcResponseTime=2513) yet, just keep nextIndex unchanged and retry.
2022-12-02 11:13:39,313 [grpc-default-executor-1] WARN  server.GrpcLogAppender (LogUtils.java:warn(122)) - 3e07bada-20ca-43dd-a36a-6fd4f7654e72@group-9EF4914689B9->3706267d-b1e5-497c-b8ee-f9aaec0fcf2c-AppendLogResponseHandler: Failed appendEntries: org.apache.ratis.thirdparty.io.grpc.StatusRuntimeException: UNAVAILABLE: io exception
2022-12-02 11:13:39,314 [grpc-default-executor-1] WARN  server.GrpcLogAppender (GrpcLogAppender.java:resetClient(131)) - 3e07bada-20ca-43dd-a36a-6fd4f7654e72@group-9EF4914689B9->3706267d-b1e5-497c-b8ee-f9aaec0fcf2c-GrpcLogAppender: Leader has not got in touch with Follower 3e07bada-20ca-43dd-a36a-6fd4f7654e72@group-9EF4914689B9->3706267d-b1e5-497c-b8ee-f9aaec0fcf2c(c0,m0,n1, attendVote=true, lastRpcSendTime=4, lastRpcResponseTime=2517) yet, just keep nextIndex unchanged and retry.
2022-12-02 11:13:39,886 [EventQueue-CommandQueueReportForCommandQueueReportHandler] WARN  events.EventQueue (EventQueue.java:fireEvent(216)) - No event handler registered for event TypedEvent{payloadType=DatanodeDetails, name='Datanode_Command_Queue_Updated'}
2022-12-02 11:13:39,902 [EventQueue-CommandQueueReportForCommandQueueReportHandler] WARN  events.EventQueue (EventQueue.java:fireEvent(216)) - No event handler registered for event TypedEvent{payloadType=DatanodeDetails, name='Datanode_Command_Queue_Updated'}
2022-12-02 11:13:40,212 [Listener at 127.0.0.1/39085] INFO  volume.HddsVolume (HddsVolume.java:closeDbStore(338)) - SchemaV3 db is stopped at /home/runner/work/ozone/ozone/hadoop-ozone/integration-test/target/test-dir/MiniOzoneClusterImpl-89ec7bf9-65dc-45db-bd6d-bd896179de2e/datanode-3/data-0/containers/hdds/89ec7bf9-65dc-45db-bd6d-bd896179de2e/DS-1f014b41-1c49-427b-817c-a6443b9b583f/container.db for volume DS-1f014b41-1c49-427b-817c-a6443b9b583f
2022-12-02 11:13:40,213 [Listener at 127.0.0.1/39085] INFO  utils.BackgroundService (BackgroundService.java:shutdown(141)) - Shutting down service BlockDeletingService
2022-12-02 11:13:40,214 [Listener at 127.0.0.1/39085] INFO  utils.BackgroundService (BackgroundService.java:shutdown(141)) - Shutting down service StaleRecoveringContainerScrubbingService
2022-12-02 11:13:40,234 [Listener at 127.0.0.1/39085] INFO  statemachine.DatanodeStateMachine (DatanodeStateMachine.java:stopDaemon(593)) - Ozone container server stopped.
2022-12-02 11:13:40,268 [Listener at 127.0.0.1/39085] INFO  handler.ContextHandler (ContextHandler.java:doStop(1159)) - Stopped o.e.j.w.WebAppContext@1005364f{hddsDatanode,/,null,STOPPED}{jar:file:/home/runner/.m2/repository/org/apache/ozone/hdds-container-service/1.3.0-SNAPSHOT/hdds-container-service-1.3.0-SNAPSHOT.jar!/webapps/hddsDatanode}
2022-12-02 11:13:40,269 [Listener at 127.0.0.1/39085] INFO  server.AbstractConnector (AbstractConnector.java:doStop(383)) - Stopped ServerConnector@348bef7f{HTTP/1.1, (http/1.1)}{0.0.0.0:0}
2022-12-02 11:13:40,269 [Listener at 127.0.0.1/39085] INFO  server.session (HouseKeeper.java:stopScavenging(149)) - node0 Stopped scavenging
2022-12-02 11:13:40,270 [Listener at 127.0.0.1/39085] INFO  handler.ContextHandler (ContextHandler.java:doStop(1159)) - Stopped o.e.j.s.ServletContextHandler@34fb622b{static,/static,jar:file:/home/runner/.m2/repository/org/apache/ozone/hdds-container-service/1.3.0-SNAPSHOT/hdds-container-service-1.3.0-SNAPSHOT.jar!/webapps/static,STOPPED}
2022-12-02 11:13:40,270 [Listener at 127.0.0.1/39085] INFO  handler.ContextHandler (ContextHandler.java:doStop(1159)) - Stopped o.e.j.s.ServletContextHandler@582fd243{logs,/logs,file:///home/runner/work/ozone/ozone/hadoop-ozone/integration-test/target/log,STOPPED}
2022-12-02 11:13:40,275 [Listener at 127.0.0.1/39085] INFO  ozoneimpl.OzoneContainer (OzoneContainer.java:stop(417)) - Attempting to stop container services.
2022-12-02 11:13:40,276 [Listener at 127.0.0.1/39085] INFO  server.RaftServer (RaftServerProxy.java:lambda$close$6(409)) - e3d3c1c6-e4ea-41ff-8088-7f0be060b7c0: close
2022-12-02 11:13:40,278 [Listener at 127.0.0.1/39085] INFO  server.GrpcService (GrpcService.java:closeImpl(279)) - e3d3c1c6-e4ea-41ff-8088-7f0be060b7c0: shutdown server GrpcServerProtocolService now
2022-12-02 11:13:40,287 [Listener at 127.0.0.1/39085] INFO  server.GrpcServerProtocolClient (GrpcServerProtocolClient.java:close(111)) - b564bb99-cd76-4902-8e37-bc5f128935f0 Close channels
2022-12-02 11:13:40,288 [ForkJoinPool.commonPool-worker-0] INFO  volume.HddsVolume (HddsVolume.java:closeDbStore(338)) - SchemaV3 db is stopped at /home/runner/work/ozone/ozone/hadoop-ozone/integration-test/target/test-dir/MiniOzoneClusterImpl-89ec7bf9-65dc-45db-bd6d-bd896179de2e/datanode-1/data-0/containers/hdds/89ec7bf9-65dc-45db-bd6d-bd896179de2e/DS-072742e2-b6e1-47cf-ba52-440845496f65/container.db for volume DS-072742e2-b6e1-47cf-ba52-440845496f65
2022-12-02 11:13:40,288 [e3d3c1c6-e4ea-41ff-8088-7f0be060b7c0-impl-thread2] INFO  server.RaftServer$Division (RaftServerImpl.java:lambda$close$4(458)) - e3d3c1c6-e4ea-41ff-8088-7f0be060b7c0@group-EB97E70306BD: shutdown
2022-12-02 11:13:40,291 [e3d3c1c6-e4ea-41ff-8088-7f0be060b7c0-impl-thread2] INFO  util.JmxRegister (JmxRegister.java:unregister(73)) - Successfully un-registered JMX Bean with object name Ratis:service=RaftServer,group=group-EB97E70306BD,id=e3d3c1c6-e4ea-41ff-8088-7f0be060b7c0
2022-12-02 11:13:40,292 [e3d3c1c6-e4ea-41ff-8088-7f0be060b7c0-impl-thread2] INFO  impl.RoleInfo (RoleInfo.java:shutdownLeaderState(93)) - e3d3c1c6-e4ea-41ff-8088-7f0be060b7c0: shutdown e3d3c1c6-e4ea-41ff-8088-7f0be060b7c0@group-EB97E70306BD-LeaderStateImpl
2022-12-02 11:13:40,292 [e3d3c1c6-e4ea-41ff-8088-7f0be060b7c0-impl-thread2] INFO  impl.PendingRequests (PendingRequests.java:sendNotLeaderResponses(282)) - e3d3c1c6-e4ea-41ff-8088-7f0be060b7c0@group-EB97E70306BD-PendingRequests: sendNotLeaderResponses
2022-12-02 11:13:40,291 [ForkJoinPool.commonPool-worker-0] INFO  utils.BackgroundService (BackgroundService.java:shutdown(141)) - Shutting down service BlockDeletingService
2022-12-02 11:13:40,294 [Listener at 127.0.0.1/39085] INFO  server.GrpcServerProtocolClient (GrpcServerProtocolClient.java:close(111)) - 0f1be7e8-a3b4-460a-8434-ebd9767358ca Close channels
2022-12-02 11:13:40,294 [Listener at 127.0.0.1/39085] INFO  server.GrpcService (GrpcService.java:closeImpl(288)) - e3d3c1c6-e4ea-41ff-8088-7f0be060b7c0: shutdown server GrpcServerProtocolService successfully
2022-12-02 11:13:40,295 [ForkJoinPool.commonPool-worker-0] INFO  utils.BackgroundService (BackgroundService.java:shutdown(141)) - Shutting down service StaleRecoveringContainerScrubbingService
2022-12-02 11:13:40,302 [e3d3c1c6-e4ea-41ff-8088-7f0be060b7c0@group-EB97E70306BD-StateMachineUpdater] INFO  ratis.ContainerStateMachine (ContainerStateMachine.java:takeSnapshot(304)) - group-EB97E70306BD: Taking a snapshot at:(t:1, i:0) file /home/runner/work/ozone/ozone/hadoop-ozone/integration-test/target/test-dir/MiniOzoneClusterImpl-89ec7bf9-65dc-45db-bd6d-bd896179de2e/datanode-5/data/ratis/92af3f6c-ead5-40e5-b54d-eb97e70306bd/sm/snapshot.1_0
2022-12-02 11:13:40,303 [e3d3c1c6-e4ea-41ff-8088-7f0be060b7c0-impl-thread2] INFO  impl.StateMachineUpdater (StateMachineUpdater.java:stopAndJoin(153)) - e3d3c1c6-e4ea-41ff-8088-7f0be060b7c0@group-EB97E70306BD-StateMachineUpdater: set stopIndex = 0
2022-12-02 11:13:40,305 [e3d3c1c6-e4ea-41ff-8088-7f0be060b7c0@group-EB97E70306BD-StateMachineUpdater] INFO  ratis.ContainerStateMachine (ContainerStateMachine.java:takeSnapshot(315)) - group-EB97E70306BD: Finished taking a snapshot at:(t:1, i:0) file:/home/runner/work/ozone/ozone/hadoop-ozone/integration-test/target/test-dir/MiniOzoneClusterImpl-89ec7bf9-65dc-45db-bd6d-bd896179de2e/datanode-5/data/ratis/92af3f6c-ead5-40e5-b54d-eb97e70306bd/sm/snapshot.1_0 took: 3 ms
2022-12-02 11:13:40,305 [e3d3c1c6-e4ea-41ff-8088-7f0be060b7c0@group-EB97E70306BD-StateMachineUpdater] INFO  impl.StateMachineUpdater (StateMachineUpdater.java:takeSnapshot(287)) - e3d3c1c6-e4ea-41ff-8088-7f0be060b7c0@group-EB97E70306BD-StateMachineUpdater: Took a snapshot at index 0
2022-12-02 11:13:40,306 [e3d3c1c6-e4ea-41ff-8088-7f0be060b7c0@group-EB97E70306BD-StateMachineUpdater] INFO  impl.StateMachineUpdater (StateMachineUpdater.java:lambda$new$0(92)) - e3d3c1c6-e4ea-41ff-8088-7f0be060b7c0@group-EB97E70306BD-StateMachineUpdater: snapshotIndex: updateIncreasingly -1 -> 0
2022-12-02 11:13:40,306 [e3d3c1c6-e4ea-41ff-8088-7f0be060b7c0-impl-thread2] INFO  server.RaftServer$Division (ServerState.java:close(466)) - e3d3c1c6-e4ea-41ff-8088-7f0be060b7c0@group-EB97E70306BD: closes. applyIndex: 0
2022-12-02 11:13:40,306 [e3d3c1c6-e4ea-41ff-8088-7f0be060b7c0@group-EB97E70306BD-SegmentedRaftLogWorker] INFO  segmented.SegmentedRaftLogWorker (SegmentedRaftLogWorker.java:run(347)) - e3d3c1c6-e4ea-41ff-8088-7f0be060b7c0@group-EB97E70306BD-SegmentedRaftLogWorker was interrupted, exiting. There are 0 tasks remaining in the queue.
2022-12-02 11:13:40,307 [e3d3c1c6-e4ea-41ff-8088-7f0be060b7c0-impl-thread2] INFO  segmented.SegmentedRaftLogWorker (SegmentedRaftLogWorker.java:close(257)) - e3d3c1c6-e4ea-41ff-8088-7f0be060b7c0@group-EB97E70306BD-SegmentedRaftLogWorker close()
2022-12-02 11:13:40,308 [ForkJoinPool.commonPool-worker-0] INFO  statemachine.DatanodeStateMachine (DatanodeStateMachine.java:stopDaemon(593)) - Ozone container server stopped.
2022-12-02 11:13:40,309 [JvmPauseMonitor6] INFO  util.JvmPauseMonitor (JvmPauseMonitor.java:run(111)) - JvmPauseMonitor-e3d3c1c6-e4ea-41ff-8088-7f0be060b7c0: Stopped
2022-12-02 11:13:40,325 [ForkJoinPool.commonPool-worker-0] INFO  handler.ContextHandler (ContextHandler.java:doStop(1159)) - Stopped o.e.j.w.WebAppContext@3c3b5d1{hddsDatanode,/,null,STOPPED}{jar:file:/home/runner/.m2/repository/org/apache/ozone/hdds-container-service/1.3.0-SNAPSHOT/hdds-container-service-1.3.0-SNAPSHOT.jar!/webapps/hddsDatanode}
2022-12-02 11:13:40,328 [ForkJoinPool.commonPool-worker-0] INFO  server.AbstractConnector (AbstractConnector.java:doStop(383)) - Stopped ServerConnector@40d572d3{HTTP/1.1, (http/1.1)}{0.0.0.0:0}
2022-12-02 11:13:40,330 [ForkJoinPool.commonPool-worker-0] INFO  server.session (HouseKeeper.java:stopScavenging(149)) - node0 Stopped scavenging
2022-12-02 11:13:40,333 [ForkJoinPool.commonPool-worker-0] INFO  handler.ContextHandler (ContextHandler.java:doStop(1159)) - Stopped o.e.j.s.ServletContextHandler@22bd93ab{static,/static,jar:file:/home/runner/.m2/repository/org/apache/ozone/hdds-container-service/1.3.0-SNAPSHOT/hdds-container-service-1.3.0-SNAPSHOT.jar!/webapps/static,STOPPED}
2022-12-02 11:13:40,342 [ForkJoinPool.commonPool-worker-0] INFO  handler.ContextHandler (ContextHandler.java:doStop(1159)) - Stopped o.e.j.s.ServletContextHandler@4e712e0d{logs,/logs,file:///home/runner/work/ozone/ozone/hadoop-ozone/integration-test/target/log,STOPPED}
2022-12-02 11:13:40,353 [ForkJoinPool.commonPool-worker-0] INFO  ozoneimpl.OzoneContainer (OzoneContainer.java:stop(417)) - Attempting to stop container services.
2022-12-02 11:13:40,357 [ForkJoinPool.commonPool-worker-0] INFO  server.RaftServer (RaftServerProxy.java:lambda$close$6(409)) - 3e07bada-20ca-43dd-a36a-6fd4f7654e72: close
2022-12-02 11:13:40,358 [3e07bada-20ca-43dd-a36a-6fd4f7654e72-impl-thread2] INFO  server.RaftServer$Division (RaftServerImpl.java:lambda$close$4(458)) - 3e07bada-20ca-43dd-a36a-6fd4f7654e72@group-9EF4914689B9: shutdown
2022-12-02 11:13:40,358 [3e07bada-20ca-43dd-a36a-6fd4f7654e72-impl-thread2] INFO  util.JmxRegister (JmxRegister.java:unregister(73)) - Successfully un-registered JMX Bean with object name Ratis:service=RaftServer,group=group-9EF4914689B9,id=3e07bada-20ca-43dd-a36a-6fd4f7654e72
2022-12-02 11:13:40,358 [3e07bada-20ca-43dd-a36a-6fd4f7654e72-impl-thread2] INFO  impl.RoleInfo (RoleInfo.java:shutdownLeaderState(93)) - 3e07bada-20ca-43dd-a36a-6fd4f7654e72: shutdown 3e07bada-20ca-43dd-a36a-6fd4f7654e72@group-9EF4914689B9-LeaderStateImpl
2022-12-02 11:13:40,358 [ForkJoinPool.commonPool-worker-0] INFO  server.GrpcService (GrpcService.java:closeImpl(279)) - 3e07bada-20ca-43dd-a36a-6fd4f7654e72: shutdown server GrpcServerProtocolService now
2022-12-02 11:13:40,370 [3e07bada-20ca-43dd-a36a-6fd4f7654e72-impl-thread2] INFO  impl.PendingRequests (PendingRequests.java:sendNotLeaderResponses(282)) - 3e07bada-20ca-43dd-a36a-6fd4f7654e72@group-9EF4914689B9-PendingRequests: sendNotLeaderResponses
2022-12-02 11:13:40,371 [3e07bada-20ca-43dd-a36a-6fd4f7654e72-impl-thread2] INFO  impl.StateMachineUpdater (StateMachineUpdater.java:stopAndJoin(153)) - 3e07bada-20ca-43dd-a36a-6fd4f7654e72@group-9EF4914689B9-StateMachineUpdater: set stopIndex = 0
2022-12-02 11:13:40,371 [3e07bada-20ca-43dd-a36a-6fd4f7654e72@group-9EF4914689B9-StateMachineUpdater] INFO  ratis.ContainerStateMachine (ContainerStateMachine.java:takeSnapshot(304)) - group-9EF4914689B9: Taking a snapshot at:(t:6, i:0) file /home/runner/work/ozone/ozone/hadoop-ozone/integration-test/target/test-dir/MiniOzoneClusterImpl-89ec7bf9-65dc-45db-bd6d-bd896179de2e/datanode-2/data/ratis/5fc3ad94-7ee4-4df5-bacf-9ef4914689b9/sm/snapshot.6_0
2022-12-02 11:13:40,371 [3e07bada-20ca-43dd-a36a-6fd4f7654e72@group-9EF4914689B9->64d479e5-fe0e-4358-9b9b-67f62582a254-GrpcLogAppender-LogAppenderDaemon] WARN  server.GrpcLogAppender (GrpcLogAppender.java:mayWait(200)) - 3e07bada-20ca-43dd-a36a-6fd4f7654e72@group-9EF4914689B9->64d479e5-fe0e-4358-9b9b-67f62582a254-GrpcLogAppender: Wait interrupted by java.lang.InterruptedException
2022-12-02 11:13:40,373 [grpc-default-executor-1] INFO  server.GrpcServerProtocolService (GrpcServerProtocolService.java:onCompleted(143)) - 64d479e5-fe0e-4358-9b9b-67f62582a254: Completed APPEND_ENTRIES, lastRequest: 3e07bada-20ca-43dd-a36a-6fd4f7654e72->64d479e5-fe0e-4358-9b9b-67f62582a254#1-t6,previous=(t:0, i:0),leaderCommit=0,initializing? true,entries: size=1, first=(t:6, i:0), CONFIGURATIONENTRY(current:id: "3706267d-b1e5-497c-b8ee-f9aaec0fcf2c"
address: "10.1.0.7:40063"
clientAddress: "10.1.0.7:40063"
adminAddress: "10.1.0.7:40063"
startupRole: FOLLOWER
,id: "64d479e5-fe0e-4358-9b9b-67f62582a254"
address: "10.1.0.7:43823"
clientAddress: "10.1.0.7:43823"
adminAddress: "10.1.0.7:43823"
startupRole: FOLLOWER
,id: "3e07bada-20ca-43dd-a36a-6fd4f7654e72"
address: "10.1.0.7:34107"
priority: 1
clientAddress: "10.1.0.7:34107"
adminAddress: "10.1.0.7:34107"
startupRole: FOLLOWER
, old:)
2022-12-02 11:13:40,374 [grpc-default-executor-7] INFO  server.GrpcServerProtocolService (GrpcServerProtocolService.java:onCompleted(143)) - 64d479e5-fe0e-4358-9b9b-67f62582a254: Completed APPEND_ENTRIES, lastRequest: null
2022-12-02 11:13:40,374 [ForkJoinPool.commonPool-worker-0] INFO  server.GrpcServerProtocolClient (GrpcServerProtocolClient.java:close(111)) - 3706267d-b1e5-497c-b8ee-f9aaec0fcf2c Close channels
2022-12-02 11:13:40,374 [grpc-default-executor-2] INFO  server.GrpcLogAppender (GrpcLogAppender.java:onCompleted(415)) - 3e07bada-20ca-43dd-a36a-6fd4f7654e72@group-9EF4914689B9->64d479e5-fe0e-4358-9b9b-67f62582a254-AppendLogResponseHandler: follower responses appendEntries COMPLETED
2022-12-02 11:13:40,376 [ForkJoinPool.commonPool-worker-0] INFO  server.GrpcServerProtocolClient (GrpcServerProtocolClient.java:close(111)) - 64d479e5-fe0e-4358-9b9b-67f62582a254 Close channels
2022-12-02 11:13:40,376 [3e07bada-20ca-43dd-a36a-6fd4f7654e72@group-9EF4914689B9-StateMachineUpdater] INFO  ratis.ContainerStateMachine (ContainerStateMachine.java:takeSnapshot(315)) - group-9EF4914689B9: Finished taking a snapshot at:(t:6, i:0) file:/home/runner/work/ozone/ozone/hadoop-ozone/integration-test/target/test-dir/MiniOzoneClusterImpl-89ec7bf9-65dc-45db-bd6d-bd896179de2e/datanode-2/data/ratis/5fc3ad94-7ee4-4df5-bacf-9ef4914689b9/sm/snapshot.6_0 took: 5 ms
2022-12-02 11:13:40,376 [grpc-default-executor-2] INFO  leader.FollowerInfo (FollowerInfoImpl.java:lambda$new$0(48)) - 3e07bada-20ca-43dd-a36a-6fd4f7654e72@group-9EF4914689B9->64d479e5-fe0e-4358-9b9b-67f62582a254: nextIndex: updateUnconditionally 1 -> 0
2022-12-02 11:13:40,377 [grpc-default-executor-7] INFO  server.GrpcLogAppender (GrpcLogAppender.java:onCompleted(415)) - 3e07bada-20ca-43dd-a36a-6fd4f7654e72@group-9EF4914689B9->64d479e5-fe0e-4358-9b9b-67f62582a254-AppendLogResponseHandler: follower responses appendEntries COMPLETED
2022-12-02 11:13:40,377 [3e07bada-20ca-43dd-a36a-6fd4f7654e72@group-9EF4914689B9-StateMachineUpdater] INFO  impl.StateMachineUpdater (StateMachineUpdater.java:takeSnapshot(287)) - 3e07bada-20ca-43dd-a36a-6fd4f7654e72@group-9EF4914689B9-StateMachineUpdater: Took a snapshot at index 0
2022-12-02 11:13:40,377 [3e07bada-20ca-43dd-a36a-6fd4f7654e72@group-9EF4914689B9-StateMachineUpdater] INFO  impl.StateMachineUpdater (StateMachineUpdater.java:lambda$new$0(92)) - 3e07bada-20ca-43dd-a36a-6fd4f7654e72@group-9EF4914689B9-StateMachineUpdater: snapshotIndex: updateIncreasingly -1 -> 0
2022-12-02 11:13:40,378 [grpc-default-executor-7] WARN  server.GrpcLogAppender (GrpcLogAppender.java:resetClient(137)) - 3e07bada-20ca-43dd-a36a-6fd4f7654e72@group-9EF4914689B9->64d479e5-fe0e-4358-9b9b-67f62582a254-GrpcLogAppender: Failed to getClient for 64d479e5-fe0e-4358-9b9b-67f62582a254
org.apache.ratis.protocol.exceptions.AlreadyClosedException: 3e07bada-20ca-43dd-a36a-6fd4f7654e72 is already CLOSED
	at org.apache.ratis.util.PeerProxyMap$PeerAndProxy.getProxy(PeerProxyMap.java:61)
	at org.apache.ratis.util.PeerProxyMap.getProxy(PeerProxyMap.java:115)
	at org.apache.ratis.grpc.server.GrpcLogAppender.getClient(GrpcLogAppender.java:116)
	at org.apache.ratis.grpc.server.GrpcLogAppender.resetClient(GrpcLogAppender.java:121)
	at org.apache.ratis.grpc.server.GrpcLogAppender.access$500(GrpcLogAppender.java:58)
	at org.apache.ratis.grpc.server.GrpcLogAppender$AppendLogResponseHandler.onCompleted(GrpcLogAppender.java:416)
	at org.apache.ratis.thirdparty.io.grpc.stub.ClientCalls$StreamObserverToCallListenerAdapter.onClose(ClientCalls.java:485)
	at org.apache.ratis.thirdparty.io.grpc.internal.ClientCallImpl.closeObserver(ClientCallImpl.java:562)
	at org.apache.ratis.thirdparty.io.grpc.internal.ClientCallImpl.access$300(ClientCallImpl.java:70)
	at org.apache.ratis.thirdparty.io.grpc.internal.ClientCallImpl$ClientStreamListenerImpl$1StreamClosed.runInternal(ClientCallImpl.java:743)
	at org.apache.ratis.thirdparty.io.grpc.internal.ClientCallImpl$ClientStreamListenerImpl$1StreamClosed.runInContext(ClientCallImpl.java:722)
	at org.apache.ratis.thirdparty.io.grpc.internal.ContextRunnable.run(ContextRunnable.java:37)
	at org.apache.ratis.thirdparty.io.grpc.internal.SerializingExecutor.run(SerializingExecutor.java:133)
	at java.util.concurrent.ThreadPoolExecutor.runWorker(ThreadPoolExecutor.java:1149)
	at java.util.concurrent.ThreadPoolExecutor$Worker.run(ThreadPoolExecutor.java:624)
	at java.lang.Thread.run(Thread.java:750)
2022-12-02 11:13:40,379 [3e07bada-20ca-43dd-a36a-6fd4f7654e72-impl-thread2] INFO  server.RaftServer$Division (ServerState.java:close(466)) - 3e07bada-20ca-43dd-a36a-6fd4f7654e72@group-9EF4914689B9: closes. applyIndex: 0
2022-12-02 11:13:40,380 [3e07bada-20ca-43dd-a36a-6fd4f7654e72@group-9EF4914689B9-SegmentedRaftLogWorker] INFO  segmented.SegmentedRaftLogWorker (SegmentedRaftLogWorker.java:run(347)) - 3e07bada-20ca-43dd-a36a-6fd4f7654e72@group-9EF4914689B9-SegmentedRaftLogWorker was interrupted, exiting. There are 0 tasks remaining in the queue.
2022-12-02 11:13:40,380 [ForkJoinPool.commonPool-worker-0] INFO  server.GrpcService (GrpcService.java:closeImpl(288)) - 3e07bada-20ca-43dd-a36a-6fd4f7654e72: shutdown server GrpcServerProtocolService successfully
2022-12-02 11:13:40,381 [3e07bada-20ca-43dd-a36a-6fd4f7654e72-impl-thread2] INFO  segmented.SegmentedRaftLogWorker (SegmentedRaftLogWorker.java:close(257)) - 3e07bada-20ca-43dd-a36a-6fd4f7654e72@group-9EF4914689B9-SegmentedRaftLogWorker close()
2022-12-02 11:13:40,382 [3e07bada-20ca-43dd-a36a-6fd4f7654e72-impl-thread3] INFO  server.RaftServer$Division (RaftServerImpl.java:lambda$close$4(458)) - 3e07bada-20ca-43dd-a36a-6fd4f7654e72@group-7403BEF566E9: shutdown
2022-12-02 11:13:40,386 [3e07bada-20ca-43dd-a36a-6fd4f7654e72-impl-thread3] INFO  util.JmxRegister (JmxRegister.java:unregister(73)) - Successfully un-registered JMX Bean with object name Ratis:service=RaftServer,group=group-7403BEF566E9,id=3e07bada-20ca-43dd-a36a-6fd4f7654e72
2022-12-02 11:13:40,386 [3e07bada-20ca-43dd-a36a-6fd4f7654e72-impl-thread3] INFO  impl.RoleInfo (RoleInfo.java:shutdownLeaderState(93)) - 3e07bada-20ca-43dd-a36a-6fd4f7654e72: shutdown 3e07bada-20ca-43dd-a36a-6fd4f7654e72@group-7403BEF566E9-LeaderStateImpl
2022-12-02 11:13:40,386 [3e07bada-20ca-43dd-a36a-6fd4f7654e72-impl-thread3] INFO  impl.PendingRequests (PendingRequests.java:sendNotLeaderResponses(282)) - 3e07bada-20ca-43dd-a36a-6fd4f7654e72@group-7403BEF566E9-PendingRequests: sendNotLeaderResponses
2022-12-02 11:13:40,387 [3e07bada-20ca-43dd-a36a-6fd4f7654e72-impl-thread3] INFO  impl.StateMachineUpdater (StateMachineUpdater.java:stopAndJoin(153)) - 3e07bada-20ca-43dd-a36a-6fd4f7654e72@group-7403BEF566E9-StateMachineUpdater: set stopIndex = 0
2022-12-02 11:13:40,387 [3e07bada-20ca-43dd-a36a-6fd4f7654e72@group-7403BEF566E9-StateMachineUpdater] INFO  ratis.ContainerStateMachine (ContainerStateMachine.java:takeSnapshot(304)) - group-7403BEF566E9: Taking a snapshot at:(t:1, i:0) file /home/runner/work/ozone/ozone/hadoop-ozone/integration-test/target/test-dir/MiniOzoneClusterImpl-89ec7bf9-65dc-45db-bd6d-bd896179de2e/datanode-2/data/ratis/ecf2a401-02d1-44dc-a0dd-7403bef566e9/sm/snapshot.1_0
2022-12-02 11:13:40,388 [3e07bada-20ca-43dd-a36a-6fd4f7654e72@group-7403BEF566E9-StateMachineUpdater] INFO  ratis.ContainerStateMachine (ContainerStateMachine.java:takeSnapshot(315)) - group-7403BEF566E9: Finished taking a snapshot at:(t:1, i:0) file:/home/runner/work/ozone/ozone/hadoop-ozone/integration-test/target/test-dir/MiniOzoneClusterImpl-89ec7bf9-65dc-45db-bd6d-bd896179de2e/datanode-2/data/ratis/ecf2a401-02d1-44dc-a0dd-7403bef566e9/sm/snapshot.1_0 took: 0 ms
2022-12-02 11:13:40,388 [3e07bada-20ca-43dd-a36a-6fd4f7654e72@group-7403BEF566E9-StateMachineUpdater] INFO  impl.StateMachineUpdater (StateMachineUpdater.java:takeSnapshot(287)) - 3e07bada-20ca-43dd-a36a-6fd4f7654e72@group-7403BEF566E9-StateMachineUpdater: Took a snapshot at index 0
2022-12-02 11:13:40,388 [3e07bada-20ca-43dd-a36a-6fd4f7654e72@group-7403BEF566E9-StateMachineUpdater] INFO  impl.StateMachineUpdater (StateMachineUpdater.java:lambda$new$0(92)) - 3e07bada-20ca-43dd-a36a-6fd4f7654e72@group-7403BEF566E9-StateMachineUpdater: snapshotIndex: updateIncreasingly -1 -> 0
2022-12-02 11:13:40,389 [3e07bada-20ca-43dd-a36a-6fd4f7654e72-impl-thread3] INFO  server.RaftServer$Division (ServerState.java:close(466)) - 3e07bada-20ca-43dd-a36a-6fd4f7654e72@group-7403BEF566E9: closes. applyIndex: 0
2022-12-02 11:13:40,389 [3e07bada-20ca-43dd-a36a-6fd4f7654e72@group-7403BEF566E9-SegmentedRaftLogWorker] INFO  segmented.SegmentedRaftLogWorker (SegmentedRaftLogWorker.java:run(347)) - 3e07bada-20ca-43dd-a36a-6fd4f7654e72@group-7403BEF566E9-SegmentedRaftLogWorker was interrupted, exiting. There are 0 tasks remaining in the queue.
2022-12-02 11:13:40,389 [3e07bada-20ca-43dd-a36a-6fd4f7654e72-impl-thread3] INFO  segmented.SegmentedRaftLogWorker (SegmentedRaftLogWorker.java:close(257)) - 3e07bada-20ca-43dd-a36a-6fd4f7654e72@group-7403BEF566E9-SegmentedRaftLogWorker close()
2022-12-02 11:13:40,390 [JvmPauseMonitor3] INFO  util.JvmPauseMonitor (JvmPauseMonitor.java:run(111)) - JvmPauseMonitor-3e07bada-20ca-43dd-a36a-6fd4f7654e72: Stopped
2022-12-02 11:13:40,876 [EventQueue-CommandQueueReportForCommandQueueReportHandler] WARN  events.EventQueue (EventQueue.java:fireEvent(216)) - No event handler registered for event TypedEvent{payloadType=DatanodeDetails, name='Datanode_Command_Queue_Updated'}
2022-12-02 11:13:41,516 [Under Replicated Processor] INFO  replication.UnderReplicatedProcessor (UnderReplicatedProcessor.java:processAll(79)) - Processed 0 under replicated containers, failed processing 0
2022-12-02 11:13:41,531 [Over Replicated Processor] INFO  replication.OverReplicatedProcessor (OverReplicatedProcessor.java:processAll(79)) - Processed 0 over replicated containers, failed processing 0
2022-12-02 11:13:41,885 [EventQueue-CommandQueueReportForCommandQueueReportHandler] WARN  events.EventQueue (EventQueue.java:fireEvent(216)) - No event handler registered for event TypedEvent{payloadType=DatanodeDetails, name='Datanode_Command_Queue_Updated'}
2022-12-02 11:13:42,322 [Listener at 127.0.0.1/39085] INFO  volume.HddsVolume (HddsVolume.java:closeDbStore(338)) - SchemaV3 db is stopped at /home/runner/work/ozone/ozone/hadoop-ozone/integration-test/target/test-dir/MiniOzoneClusterImpl-89ec7bf9-65dc-45db-bd6d-bd896179de2e/datanode-5/data-0/containers/hdds/89ec7bf9-65dc-45db-bd6d-bd896179de2e/DS-a566d2a4-5bf8-489b-86c2-b4039a0fdfe7/container.db for volume DS-a566d2a4-5bf8-489b-86c2-b4039a0fdfe7
2022-12-02 11:13:42,322 [Listener at 127.0.0.1/39085] INFO  utils.BackgroundService (BackgroundService.java:shutdown(141)) - Shutting down service BlockDeletingService
2022-12-02 11:13:42,323 [Listener at 127.0.0.1/39085] INFO  utils.BackgroundService (BackgroundService.java:shutdown(141)) - Shutting down service StaleRecoveringContainerScrubbingService
2022-12-02 11:13:42,325 [Listener at 127.0.0.1/39085] INFO  statemachine.DatanodeStateMachine (DatanodeStateMachine.java:stopDaemon(593)) - Ozone container server stopped.
2022-12-02 11:13:42,338 [Listener at 127.0.0.1/39085] INFO  handler.ContextHandler (ContextHandler.java:doStop(1159)) - Stopped o.e.j.w.WebAppContext@6c231fd9{hddsDatanode,/,null,STOPPED}{jar:file:/home/runner/.m2/repository/org/apache/ozone/hdds-container-service/1.3.0-SNAPSHOT/hdds-container-service-1.3.0-SNAPSHOT.jar!/webapps/hddsDatanode}
2022-12-02 11:13:42,339 [Listener at 127.0.0.1/39085] INFO  server.AbstractConnector (AbstractConnector.java:doStop(383)) - Stopped ServerConnector@3cd2fd3d{HTTP/1.1, (http/1.1)}{0.0.0.0:0}
2022-12-02 11:13:42,340 [Listener at 127.0.0.1/39085] INFO  server.session (HouseKeeper.java:stopScavenging(149)) - node0 Stopped scavenging
2022-12-02 11:13:42,340 [Listener at 127.0.0.1/39085] INFO  handler.ContextHandler (ContextHandler.java:doStop(1159)) - Stopped o.e.j.s.ServletContextHandler@5d3fd216{static,/static,jar:file:/home/runner/.m2/repository/org/apache/ozone/hdds-container-service/1.3.0-SNAPSHOT/hdds-container-service-1.3.0-SNAPSHOT.jar!/webapps/static,STOPPED}
2022-12-02 11:13:42,341 [Listener at 127.0.0.1/39085] INFO  handler.ContextHandler (ContextHandler.java:doStop(1159)) - Stopped o.e.j.s.ServletContextHandler@1f001021{logs,/logs,file:///home/runner/work/ozone/ozone/hadoop-ozone/integration-test/target/log,STOPPED}
2022-12-02 11:13:42,345 [Listener at 127.0.0.1/39085] INFO  ozoneimpl.OzoneContainer (OzoneContainer.java:stop(417)) - Attempting to stop container services.
2022-12-02 11:13:42,351 [Listener at 127.0.0.1/39085] INFO  server.RaftServer (RaftServerProxy.java:lambda$close$6(409)) - b564bb99-cd76-4902-8e37-bc5f128935f0: close
2022-12-02 11:13:42,352 [Listener at 127.0.0.1/39085] INFO  server.GrpcService (GrpcService.java:closeImpl(279)) - b564bb99-cd76-4902-8e37-bc5f128935f0: shutdown server GrpcServerProtocolService now
2022-12-02 11:13:42,353 [Listener at 127.0.0.1/39085] INFO  server.GrpcServerProtocolClient (GrpcServerProtocolClient.java:close(111)) - e3d3c1c6-e4ea-41ff-8088-7f0be060b7c0 Close channels
2022-12-02 11:13:42,353 [b564bb99-cd76-4902-8e37-bc5f128935f0-impl-thread2] INFO  server.RaftServer$Division (RaftServerImpl.java:lambda$close$4(458)) - b564bb99-cd76-4902-8e37-bc5f128935f0@group-B70490D7C7CC: shutdown
2022-12-02 11:13:42,358 [Listener at 127.0.0.1/39085] INFO  server.GrpcServerProtocolClient (GrpcServerProtocolClient.java:close(111)) - 0f1be7e8-a3b4-460a-8434-ebd9767358ca Close channels
2022-12-02 11:13:42,358 [b564bb99-cd76-4902-8e37-bc5f128935f0-impl-thread2] INFO  util.JmxRegister (JmxRegister.java:unregister(73)) - Successfully un-registered JMX Bean with object name Ratis:service=RaftServer,group=group-B70490D7C7CC,id=b564bb99-cd76-4902-8e37-bc5f128935f0
2022-12-02 11:13:42,359 [b564bb99-cd76-4902-8e37-bc5f128935f0-impl-thread2] INFO  impl.RoleInfo (RoleInfo.java:shutdownLeaderState(93)) - b564bb99-cd76-4902-8e37-bc5f128935f0: shutdown b564bb99-cd76-4902-8e37-bc5f128935f0@group-B70490D7C7CC-LeaderStateImpl
2022-12-02 11:13:42,359 [Listener at 127.0.0.1/39085] INFO  server.GrpcService (GrpcService.java:closeImpl(288)) - b564bb99-cd76-4902-8e37-bc5f128935f0: shutdown server GrpcServerProtocolService successfully
2022-12-02 11:13:42,360 [b564bb99-cd76-4902-8e37-bc5f128935f0-impl-thread2] INFO  impl.PendingRequests (PendingRequests.java:sendNotLeaderResponses(282)) - b564bb99-cd76-4902-8e37-bc5f128935f0@group-B70490D7C7CC-PendingRequests: sendNotLeaderResponses
2022-12-02 11:13:42,362 [b564bb99-cd76-4902-8e37-bc5f128935f0-impl-thread2] INFO  impl.StateMachineUpdater (StateMachineUpdater.java:stopAndJoin(153)) - b564bb99-cd76-4902-8e37-bc5f128935f0@group-B70490D7C7CC-StateMachineUpdater: set stopIndex = 0
2022-12-02 11:13:42,362 [b564bb99-cd76-4902-8e37-bc5f128935f0@group-B70490D7C7CC-StateMachineUpdater] INFO  ratis.ContainerStateMachine (ContainerStateMachine.java:takeSnapshot(304)) - group-B70490D7C7CC: Taking a snapshot at:(t:1, i:0) file /home/runner/work/ozone/ozone/hadoop-ozone/integration-test/target/test-dir/MiniOzoneClusterImpl-89ec7bf9-65dc-45db-bd6d-bd896179de2e/datanode-4/data/ratis/e25c7539-5c41-4f48-ad85-b70490d7c7cc/sm/snapshot.1_0
2022-12-02 11:13:42,365 [b564bb99-cd76-4902-8e37-bc5f128935f0@group-B70490D7C7CC-StateMachineUpdater] INFO  ratis.ContainerStateMachine (ContainerStateMachine.java:takeSnapshot(315)) - group-B70490D7C7CC: Finished taking a snapshot at:(t:1, i:0) file:/home/runner/work/ozone/ozone/hadoop-ozone/integration-test/target/test-dir/MiniOzoneClusterImpl-89ec7bf9-65dc-45db-bd6d-bd896179de2e/datanode-4/data/ratis/e25c7539-5c41-4f48-ad85-b70490d7c7cc/sm/snapshot.1_0 took: 3 ms
2022-12-02 11:13:42,366 [b564bb99-cd76-4902-8e37-bc5f128935f0@group-B70490D7C7CC-StateMachineUpdater] INFO  impl.StateMachineUpdater (StateMachineUpdater.java:takeSnapshot(287)) - b564bb99-cd76-4902-8e37-bc5f128935f0@group-B70490D7C7CC-StateMachineUpdater: Took a snapshot at index 0
2022-12-02 11:13:42,366 [b564bb99-cd76-4902-8e37-bc5f128935f0@group-B70490D7C7CC-StateMachineUpdater] INFO  impl.StateMachineUpdater (StateMachineUpdater.java:lambda$new$0(92)) - b564bb99-cd76-4902-8e37-bc5f128935f0@group-B70490D7C7CC-StateMachineUpdater: snapshotIndex: updateIncreasingly -1 -> 0
2022-12-02 11:13:42,367 [b564bb99-cd76-4902-8e37-bc5f128935f0-impl-thread2] INFO  server.RaftServer$Division (ServerState.java:close(466)) - b564bb99-cd76-4902-8e37-bc5f128935f0@group-B70490D7C7CC: closes. applyIndex: 0
2022-12-02 11:13:42,367 [b564bb99-cd76-4902-8e37-bc5f128935f0@group-B70490D7C7CC-SegmentedRaftLogWorker] INFO  segmented.SegmentedRaftLogWorker (SegmentedRaftLogWorker.java:run(347)) - b564bb99-cd76-4902-8e37-bc5f128935f0@group-B70490D7C7CC-SegmentedRaftLogWorker was interrupted, exiting. There are 0 tasks remaining in the queue.
2022-12-02 11:13:42,367 [b564bb99-cd76-4902-8e37-bc5f128935f0-impl-thread2] INFO  segmented.SegmentedRaftLogWorker (SegmentedRaftLogWorker.java:close(257)) - b564bb99-cd76-4902-8e37-bc5f128935f0@group-B70490D7C7CC-SegmentedRaftLogWorker close()
2022-12-02 11:13:42,369 [JvmPauseMonitor5] INFO  util.JvmPauseMonitor (JvmPauseMonitor.java:run(111)) - JvmPauseMonitor-b564bb99-cd76-4902-8e37-bc5f128935f0: Stopped
2022-12-02 11:13:42,403 [ForkJoinPool.commonPool-worker-0] INFO  volume.HddsVolume (HddsVolume.java:closeDbStore(338)) - SchemaV3 db is stopped at /home/runner/work/ozone/ozone/hadoop-ozone/integration-test/target/test-dir/MiniOzoneClusterImpl-89ec7bf9-65dc-45db-bd6d-bd896179de2e/datanode-2/data-0/containers/hdds/89ec7bf9-65dc-45db-bd6d-bd896179de2e/DS-b538f27c-acd2-4c4e-828c-f45452785fd8/container.db for volume DS-b538f27c-acd2-4c4e-828c-f45452785fd8
2022-12-02 11:13:42,404 [ForkJoinPool.commonPool-worker-0] INFO  utils.BackgroundService (BackgroundService.java:shutdown(141)) - Shutting down service BlockDeletingService
2022-12-02 11:13:42,406 [ForkJoinPool.commonPool-worker-0] INFO  utils.BackgroundService (BackgroundService.java:shutdown(141)) - Shutting down service StaleRecoveringContainerScrubbingService
2022-12-02 11:13:42,410 [ForkJoinPool.commonPool-worker-0] INFO  statemachine.DatanodeStateMachine (DatanodeStateMachine.java:stopDaemon(593)) - Ozone container server stopped.
2022-12-02 11:13:42,423 [ForkJoinPool.commonPool-worker-0] INFO  handler.ContextHandler (ContextHandler.java:doStop(1159)) - Stopped o.e.j.w.WebAppContext@f95a28{hddsDatanode,/,null,STOPPED}{jar:file:/home/runner/.m2/repository/org/apache/ozone/hdds-container-service/1.3.0-SNAPSHOT/hdds-container-service-1.3.0-SNAPSHOT.jar!/webapps/hddsDatanode}
2022-12-02 11:13:42,424 [ForkJoinPool.commonPool-worker-0] INFO  server.AbstractConnector (AbstractConnector.java:doStop(383)) - Stopped ServerConnector@41a56ad9{HTTP/1.1, (http/1.1)}{0.0.0.0:0}
2022-12-02 11:13:42,424 [ForkJoinPool.commonPool-worker-0] INFO  server.session (HouseKeeper.java:stopScavenging(149)) - node0 Stopped scavenging
2022-12-02 11:13:42,426 [ForkJoinPool.commonPool-worker-0] INFO  handler.ContextHandler (ContextHandler.java:doStop(1159)) - Stopped o.e.j.s.ServletContextHandler@275f738c{static,/static,jar:file:/home/runner/.m2/repository/org/apache/ozone/hdds-container-service/1.3.0-SNAPSHOT/hdds-container-service-1.3.0-SNAPSHOT.jar!/webapps/static,STOPPED}
2022-12-02 11:13:42,428 [ForkJoinPool.commonPool-worker-0] INFO  handler.ContextHandler (ContextHandler.java:doStop(1159)) - Stopped o.e.j.s.ServletContextHandler@43ddb43d{logs,/logs,file:///home/runner/work/ozone/ozone/hadoop-ozone/integration-test/target/log,STOPPED}
2022-12-02 11:13:42,437 [ForkJoinPool.commonPool-worker-0] INFO  ozoneimpl.OzoneContainer (OzoneContainer.java:stop(417)) - Attempting to stop container services.
2022-12-02 11:13:42,438 [ForkJoinPool.commonPool-worker-0] INFO  server.RaftServer (RaftServerProxy.java:lambda$close$6(409)) - 64d479e5-fe0e-4358-9b9b-67f62582a254: close
2022-12-02 11:13:42,439 [64d479e5-fe0e-4358-9b9b-67f62582a254-impl-thread2] INFO  server.RaftServer$Division (RaftServerImpl.java:lambda$close$4(458)) - 64d479e5-fe0e-4358-9b9b-67f62582a254@group-B4A6CDCEE827: shutdown
2022-12-02 11:13:42,439 [64d479e5-fe0e-4358-9b9b-67f62582a254-impl-thread2] INFO  util.JmxRegister (JmxRegister.java:unregister(73)) - Successfully un-registered JMX Bean with object name Ratis:service=RaftServer,group=group-B4A6CDCEE827,id=64d479e5-fe0e-4358-9b9b-67f62582a254
2022-12-02 11:13:42,439 [64d479e5-fe0e-4358-9b9b-67f62582a254-impl-thread2] INFO  impl.RoleInfo (RoleInfo.java:shutdownLeaderState(93)) - 64d479e5-fe0e-4358-9b9b-67f62582a254: shutdown 64d479e5-fe0e-4358-9b9b-67f62582a254@group-B4A6CDCEE827-LeaderStateImpl
2022-12-02 11:13:42,439 [64d479e5-fe0e-4358-9b9b-67f62582a254-impl-thread2] INFO  impl.PendingRequests (PendingRequests.java:sendNotLeaderResponses(282)) - 64d479e5-fe0e-4358-9b9b-67f62582a254@group-B4A6CDCEE827-PendingRequests: sendNotLeaderResponses
2022-12-02 11:13:42,444 [64d479e5-fe0e-4358-9b9b-67f62582a254@group-B4A6CDCEE827-StateMachineUpdater] INFO  ratis.ContainerStateMachine (ContainerStateMachine.java:takeSnapshot(304)) - group-B4A6CDCEE827: Taking a snapshot at:(t:1, i:0) file /home/runner/work/ozone/ozone/hadoop-ozone/integration-test/target/test-dir/MiniOzoneClusterImpl-89ec7bf9-65dc-45db-bd6d-bd896179de2e/datanode-0/data/ratis/e9087264-30a5-409c-afdb-b4a6cdcee827/sm/snapshot.1_0
2022-12-02 11:13:42,447 [64d479e5-fe0e-4358-9b9b-67f62582a254@group-B4A6CDCEE827-StateMachineUpdater] INFO  ratis.ContainerStateMachine (ContainerStateMachine.java:takeSnapshot(315)) - group-B4A6CDCEE827: Finished taking a snapshot at:(t:1, i:0) file:/home/runner/work/ozone/ozone/hadoop-ozone/integration-test/target/test-dir/MiniOzoneClusterImpl-89ec7bf9-65dc-45db-bd6d-bd896179de2e/datanode-0/data/ratis/e9087264-30a5-409c-afdb-b4a6cdcee827/sm/snapshot.1_0 took: 3 ms
2022-12-02 11:13:42,447 [64d479e5-fe0e-4358-9b9b-67f62582a254@group-B4A6CDCEE827-StateMachineUpdater] INFO  impl.StateMachineUpdater (StateMachineUpdater.java:takeSnapshot(287)) - 64d479e5-fe0e-4358-9b9b-67f62582a254@group-B4A6CDCEE827-StateMachineUpdater: Took a snapshot at index 0
2022-12-02 11:13:42,447 [64d479e5-fe0e-4358-9b9b-67f62582a254@group-B4A6CDCEE827-StateMachineUpdater] INFO  impl.StateMachineUpdater (StateMachineUpdater.java:lambda$new$0(92)) - 64d479e5-fe0e-4358-9b9b-67f62582a254@group-B4A6CDCEE827-StateMachineUpdater: snapshotIndex: updateIncreasingly -1 -> 0
2022-12-02 11:13:42,448 [64d479e5-fe0e-4358-9b9b-67f62582a254-impl-thread2] INFO  impl.StateMachineUpdater (StateMachineUpdater.java:stopAndJoin(153)) - 64d479e5-fe0e-4358-9b9b-67f62582a254@group-B4A6CDCEE827-StateMachineUpdater: set stopIndex = 0
2022-12-02 11:13:42,448 [64d479e5-fe0e-4358-9b9b-67f62582a254-impl-thread2] INFO  server.RaftServer$Division (ServerState.java:close(466)) - 64d479e5-fe0e-4358-9b9b-67f62582a254@group-B4A6CDCEE827: closes. applyIndex: 0
2022-12-02 11:13:42,448 [ForkJoinPool.commonPool-worker-0] INFO  server.GrpcService (GrpcService.java:closeImpl(279)) - 64d479e5-fe0e-4358-9b9b-67f62582a254: shutdown server GrpcServerProtocolService now
2022-12-02 11:13:42,449 [64d479e5-fe0e-4358-9b9b-67f62582a254@group-B4A6CDCEE827-SegmentedRaftLogWorker] INFO  segmented.SegmentedRaftLogWorker (SegmentedRaftLogWorker.java:run(347)) - 64d479e5-fe0e-4358-9b9b-67f62582a254@group-B4A6CDCEE827-SegmentedRaftLogWorker was interrupted, exiting. There are 0 tasks remaining in the queue.
2022-12-02 11:13:42,449 [64d479e5-fe0e-4358-9b9b-67f62582a254-impl-thread3] INFO  server.RaftServer$Division (RaftServerImpl.java:lambda$close$4(458)) - 64d479e5-fe0e-4358-9b9b-67f62582a254@group-9EF4914689B9: shutdown
2022-12-02 11:13:42,461 [64d479e5-fe0e-4358-9b9b-67f62582a254-impl-thread2] INFO  segmented.SegmentedRaftLogWorker (SegmentedRaftLogWorker.java:close(257)) - 64d479e5-fe0e-4358-9b9b-67f62582a254@group-B4A6CDCEE827-SegmentedRaftLogWorker close()
2022-12-02 11:13:42,462 [64d479e5-fe0e-4358-9b9b-67f62582a254-impl-thread3] INFO  util.JmxRegister (JmxRegister.java:unregister(73)) - Successfully un-registered JMX Bean with object name Ratis:service=RaftServer,group=group-9EF4914689B9,id=64d479e5-fe0e-4358-9b9b-67f62582a254
2022-12-02 11:13:42,462 [64d479e5-fe0e-4358-9b9b-67f62582a254-impl-thread3] INFO  impl.RoleInfo (RoleInfo.java:shutdownFollowerState(110)) - 64d479e5-fe0e-4358-9b9b-67f62582a254: shutdown 64d479e5-fe0e-4358-9b9b-67f62582a254@group-9EF4914689B9-FollowerState
2022-12-02 11:13:42,463 [64d479e5-fe0e-4358-9b9b-67f62582a254-impl-thread3] INFO  impl.StateMachineUpdater (StateMachineUpdater.java:stopAndJoin(153)) - 64d479e5-fe0e-4358-9b9b-67f62582a254@group-9EF4914689B9-StateMachineUpdater: set stopIndex = 0
2022-12-02 11:13:42,459 [ForkJoinPool.commonPool-worker-0] INFO  server.GrpcServerProtocolClient (GrpcServerProtocolClient.java:close(111)) - 3706267d-b1e5-497c-b8ee-f9aaec0fcf2c Close channels
2022-12-02 11:13:42,463 [64d479e5-fe0e-4358-9b9b-67f62582a254@group-9EF4914689B9-StateMachineUpdater] INFO  ratis.ContainerStateMachine (ContainerStateMachine.java:takeSnapshot(304)) - group-9EF4914689B9: Taking a snapshot at:(t:6, i:0) file /home/runner/work/ozone/ozone/hadoop-ozone/integration-test/target/test-dir/MiniOzoneClusterImpl-89ec7bf9-65dc-45db-bd6d-bd896179de2e/datanode-0/data/ratis/5fc3ad94-7ee4-4df5-bacf-9ef4914689b9/sm/snapshot.6_0
2022-12-02 11:13:42,463 [64d479e5-fe0e-4358-9b9b-67f62582a254@group-9EF4914689B9-FollowerState] INFO  impl.FollowerState (FollowerState.java:run(152)) - 64d479e5-fe0e-4358-9b9b-67f62582a254@group-9EF4914689B9-FollowerState was interrupted
2022-12-02 11:13:42,465 [64d479e5-fe0e-4358-9b9b-67f62582a254@group-9EF4914689B9-StateMachineUpdater] INFO  ratis.ContainerStateMachine (ContainerStateMachine.java:takeSnapshot(315)) - group-9EF4914689B9: Finished taking a snapshot at:(t:6, i:0) file:/home/runner/work/ozone/ozone/hadoop-ozone/integration-test/target/test-dir/MiniOzoneClusterImpl-89ec7bf9-65dc-45db-bd6d-bd896179de2e/datanode-0/data/ratis/5fc3ad94-7ee4-4df5-bacf-9ef4914689b9/sm/snapshot.6_0 took: 1 ms
2022-12-02 11:13:42,465 [64d479e5-fe0e-4358-9b9b-67f62582a254@group-9EF4914689B9-StateMachineUpdater] INFO  impl.StateMachineUpdater (StateMachineUpdater.java:takeSnapshot(287)) - 64d479e5-fe0e-4358-9b9b-67f62582a254@group-9EF4914689B9-StateMachineUpdater: Took a snapshot at index 0
2022-12-02 11:13:42,465 [64d479e5-fe0e-4358-9b9b-67f62582a254@group-9EF4914689B9-StateMachineUpdater] INFO  impl.StateMachineUpdater (StateMachineUpdater.java:lambda$new$0(92)) - 64d479e5-fe0e-4358-9b9b-67f62582a254@group-9EF4914689B9-StateMachineUpdater: snapshotIndex: updateIncreasingly -1 -> 0
2022-12-02 11:13:42,465 [64d479e5-fe0e-4358-9b9b-67f62582a254-impl-thread3] INFO  server.RaftServer$Division (ServerState.java:close(466)) - 64d479e5-fe0e-4358-9b9b-67f62582a254@group-9EF4914689B9: closes. applyIndex: 0
2022-12-02 11:13:42,466 [ForkJoinPool.commonPool-worker-0] INFO  server.GrpcServerProtocolClient (GrpcServerProtocolClient.java:close(111)) - 3e07bada-20ca-43dd-a36a-6fd4f7654e72 Close channels
2022-12-02 11:13:42,471 [64d479e5-fe0e-4358-9b9b-67f62582a254@group-9EF4914689B9-SegmentedRaftLogWorker] INFO  segmented.SegmentedRaftLogWorker (SegmentedRaftLogWorker.java:run(347)) - 64d479e5-fe0e-4358-9b9b-67f62582a254@group-9EF4914689B9-SegmentedRaftLogWorker was interrupted, exiting. There are 0 tasks remaining in the queue.
2022-12-02 11:13:42,471 [ForkJoinPool.commonPool-worker-0] INFO  server.GrpcService (GrpcService.java:closeImpl(288)) - 64d479e5-fe0e-4358-9b9b-67f62582a254: shutdown server GrpcServerProtocolService successfully
2022-12-02 11:13:42,472 [64d479e5-fe0e-4358-9b9b-67f62582a254-impl-thread3] INFO  segmented.SegmentedRaftLogWorker (SegmentedRaftLogWorker.java:close(257)) - 64d479e5-fe0e-4358-9b9b-67f62582a254@group-9EF4914689B9-SegmentedRaftLogWorker close()
2022-12-02 11:13:42,473 [JvmPauseMonitor1] INFO  util.JvmPauseMonitor (JvmPauseMonitor.java:run(111)) - JvmPauseMonitor-64d479e5-fe0e-4358-9b9b-67f62582a254: Stopped
2022-12-02 11:13:44,378 [Listener at 127.0.0.1/39085] INFO  volume.HddsVolume (HddsVolume.java:closeDbStore(338)) - SchemaV3 db is stopped at /home/runner/work/ozone/ozone/hadoop-ozone/integration-test/target/test-dir/MiniOzoneClusterImpl-89ec7bf9-65dc-45db-bd6d-bd896179de2e/datanode-4/data-0/containers/hdds/89ec7bf9-65dc-45db-bd6d-bd896179de2e/DS-b8c76f5a-f92e-42e0-b102-2309e79800e7/container.db for volume DS-b8c76f5a-f92e-42e0-b102-2309e79800e7
2022-12-02 11:13:44,379 [Listener at 127.0.0.1/39085] INFO  utils.BackgroundService (BackgroundService.java:shutdown(141)) - Shutting down service BlockDeletingService
2022-12-02 11:13:44,379 [Listener at 127.0.0.1/39085] INFO  utils.BackgroundService (BackgroundService.java:shutdown(141)) - Shutting down service StaleRecoveringContainerScrubbingService
2022-12-02 11:13:44,381 [Listener at 127.0.0.1/39085] INFO  statemachine.DatanodeStateMachine (DatanodeStateMachine.java:stopDaemon(593)) - Ozone container server stopped.
2022-12-02 11:13:44,399 [Listener at 127.0.0.1/39085] INFO  handler.ContextHandler (ContextHandler.java:doStop(1159)) - Stopped o.e.j.w.WebAppContext@572d2320{hddsDatanode,/,null,STOPPED}{jar:file:/home/runner/.m2/repository/org/apache/ozone/hdds-container-service/1.3.0-SNAPSHOT/hdds-container-service-1.3.0-SNAPSHOT.jar!/webapps/hddsDatanode}
2022-12-02 11:13:44,400 [Listener at 127.0.0.1/39085] INFO  server.AbstractConnector (AbstractConnector.java:doStop(383)) - Stopped ServerConnector@2eaad7c0{HTTP/1.1, (http/1.1)}{0.0.0.0:0}
2022-12-02 11:13:44,400 [Listener at 127.0.0.1/39085] INFO  server.session (HouseKeeper.java:stopScavenging(149)) - node0 Stopped scavenging
2022-12-02 11:13:44,400 [Listener at 127.0.0.1/39085] INFO  handler.ContextHandler (ContextHandler.java:doStop(1159)) - Stopped o.e.j.s.ServletContextHandler@740ed220{static,/static,jar:file:/home/runner/.m2/repository/org/apache/ozone/hdds-container-service/1.3.0-SNAPSHOT/hdds-container-service-1.3.0-SNAPSHOT.jar!/webapps/static,STOPPED}
2022-12-02 11:13:44,401 [Listener at 127.0.0.1/39085] INFO  handler.ContextHandler (ContextHandler.java:doStop(1159)) - Stopped o.e.j.s.ServletContextHandler@2b381c76{logs,/logs,file:///home/runner/work/ozone/ozone/hadoop-ozone/integration-test/target/log,STOPPED}
2022-12-02 11:13:44,479 [ForkJoinPool.commonPool-worker-0] INFO  volume.HddsVolume (HddsVolume.java:closeDbStore(338)) - SchemaV3 db is stopped at /home/runner/work/ozone/ozone/hadoop-ozone/integration-test/target/test-dir/MiniOzoneClusterImpl-89ec7bf9-65dc-45db-bd6d-bd896179de2e/datanode-0/data-0/containers/hdds/89ec7bf9-65dc-45db-bd6d-bd896179de2e/DS-608f6a51-3c57-4bce-b2fa-842bf4b61f3e/container.db for volume DS-608f6a51-3c57-4bce-b2fa-842bf4b61f3e
2022-12-02 11:13:44,480 [ForkJoinPool.commonPool-worker-0] INFO  utils.BackgroundService (BackgroundService.java:shutdown(141)) - Shutting down service BlockDeletingService
2022-12-02 11:13:44,480 [ForkJoinPool.commonPool-worker-0] INFO  utils.BackgroundService (BackgroundService.java:shutdown(141)) - Shutting down service StaleRecoveringContainerScrubbingService
2022-12-02 11:13:44,483 [ForkJoinPool.commonPool-worker-0] INFO  statemachine.DatanodeStateMachine (DatanodeStateMachine.java:stopDaemon(593)) - Ozone container server stopped.
2022-12-02 11:13:44,495 [ForkJoinPool.commonPool-worker-0] INFO  handler.ContextHandler (ContextHandler.java:doStop(1159)) - Stopped o.e.j.w.WebAppContext@5bf42283{hddsDatanode,/,null,STOPPED}{jar:file:/home/runner/.m2/repository/org/apache/ozone/hdds-container-service/1.3.0-SNAPSHOT/hdds-container-service-1.3.0-SNAPSHOT.jar!/webapps/hddsDatanode}
2022-12-02 11:13:44,496 [ForkJoinPool.commonPool-worker-0] INFO  server.AbstractConnector (AbstractConnector.java:doStop(383)) - Stopped ServerConnector@16a7a6a{HTTP/1.1, (http/1.1)}{0.0.0.0:0}
2022-12-02 11:13:44,496 [ForkJoinPool.commonPool-worker-0] INFO  server.session (HouseKeeper.java:stopScavenging(149)) - node0 Stopped scavenging
2022-12-02 11:13:44,497 [ForkJoinPool.commonPool-worker-0] INFO  handler.ContextHandler (ContextHandler.java:doStop(1159)) - Stopped o.e.j.s.ServletContextHandler@3fd7a2bd{static,/static,jar:file:/home/runner/.m2/repository/org/apache/ozone/hdds-container-service/1.3.0-SNAPSHOT/hdds-container-service-1.3.0-SNAPSHOT.jar!/webapps/static,STOPPED}
2022-12-02 11:13:44,498 [ForkJoinPool.commonPool-worker-0] INFO  handler.ContextHandler (ContextHandler.java:doStop(1159)) - Stopped o.e.j.s.ServletContextHandler@45e88379{logs,/logs,file:///home/runner/work/ozone/ozone/hadoop-ozone/integration-test/target/log,STOPPED}
2022-12-02 11:13:44,500 [Listener at 127.0.0.1/39085] INFO  ozone.MiniOzoneClusterImpl (MiniOzoneClusterImpl.java:stopSCM(537)) - Stopping the StorageContainerManager
2022-12-02 11:13:44,500 [Listener at 127.0.0.1/39085] INFO  server.StorageContainerManager (StorageContainerManager.java:stop(1514)) - Container Balancer is not running.
2022-12-02 11:13:44,500 [Listener at 127.0.0.1/39085] INFO  server.StorageContainerManager (StorageContainerManager.java:stop(1521)) - Stopping Replication Manager Service.
2022-12-02 11:13:44,500 [Listener at 127.0.0.1/39085] INFO  replication.ReplicationManager (ReplicationManager.java:stop(286)) - Stopping Replication Monitor Thread.
2022-12-02 11:13:44,500 [Listener at 127.0.0.1/39085] INFO  server.StorageContainerManager (StorageContainerManager.java:stop(1528)) - Stopping the Datanode Admin Monitor.
2022-12-02 11:13:44,501 [ReplicationMonitor] INFO  replication.ReplicationManager (ReplicationManager.java:run(634)) - Replication Monitor Thread is stopped
2022-12-02 11:13:44,501 [Listener at 127.0.0.1/39085] INFO  server.StorageContainerManager (StorageContainerManager.java:stop(1535)) - Stopping datanode service RPC server
2022-12-02 11:13:44,501 [Over Replicated Processor] WARN  replication.OverReplicatedProcessor (OverReplicatedProcessor.java:run(109)) - Over Replicated Processor interrupted. Exiting...
2022-12-02 11:13:44,500 [Under Replicated Processor] WARN  replication.UnderReplicatedProcessor (UnderReplicatedProcessor.java:run(108)) - Under Replicated Processor interrupted. Exiting...
2022-12-02 11:13:44,501 [Listener at 127.0.0.1/39085] INFO  server.SCMDatanodeProtocolServer (SCMDatanodeProtocolServer.java:stop(414)) - Stopping the RPC server for DataNodes
2022-12-02 11:13:44,501 [Listener at 127.0.0.1/39085] INFO  ipc.Server (Server.java:stop(3428)) - Stopping server on 33039
2022-12-02 11:13:44,503 [IPC Server Responder] INFO  ipc.Server (Server.java:run(1517)) - Stopping IPC Server Responder
2022-12-02 11:13:44,503 [IPC Server listener on 0] INFO  ipc.Server (Server.java:run(1384)) - Stopping IPC Server listener on 0
2022-12-02 11:13:44,637 [SCM Heartbeat Processing Thread - 0] WARN  node.NodeStateManager (NodeStateManager.java:scheduleNextHealthCheck(870)) - Current Thread is interrupted, shutting down HB processing thread for Node Manager.
2022-12-02 11:13:44,638 [Listener at 127.0.0.1/39085] INFO  server.StorageContainerManager (StorageContainerManager.java:stop(1543)) - Stopping block service RPC server
2022-12-02 11:13:44,638 [Listener at 127.0.0.1/39085] INFO  server.SCMBlockProtocolServer (SCMBlockProtocolServer.java:stop(161)) - Stopping the RPC server for Block Protocol
2022-12-02 11:13:44,638 [Listener at 127.0.0.1/39085] INFO  ipc.Server (Server.java:stop(3428)) - Stopping server on 45041
2022-12-02 11:13:44,641 [IPC Server listener on 0] INFO  ipc.Server (Server.java:run(1384)) - Stopping IPC Server listener on 0
2022-12-02 11:13:44,642 [IPC Server Responder] INFO  ipc.Server (Server.java:run(1517)) - Stopping IPC Server Responder
2022-12-02 11:13:44,642 [Listener at 127.0.0.1/39085] INFO  server.StorageContainerManager (StorageContainerManager.java:stop(1550)) - Stopping the StorageContainerLocationProtocol RPC server
2022-12-02 11:13:44,643 [Listener at 127.0.0.1/39085] INFO  server.SCMClientProtocolServer (SCMClientProtocolServer.java:stop(179)) - Stopping the RPC server for Client Protocol
2022-12-02 11:13:44,643 [Listener at 127.0.0.1/39085] INFO  ipc.Server (Server.java:stop(3428)) - Stopping server on 33929
2022-12-02 11:13:44,649 [IPC Server listener on 0] INFO  ipc.Server (Server.java:run(1384)) - Stopping IPC Server listener on 0
2022-12-02 11:13:44,649 [Listener at 127.0.0.1/39085] INFO  server.StorageContainerManager (StorageContainerManager.java:stop(1557)) - Stopping Storage Container Manager HTTP server.
2022-12-02 11:13:44,649 [IPC Server Responder] INFO  ipc.Server (Server.java:run(1517)) - Stopping IPC Server Responder
2022-12-02 11:13:44,650 [Listener at 127.0.0.1/39085] INFO  handler.ContextHandler (ContextHandler.java:doStop(1159)) - Stopped o.e.j.w.WebAppContext@4379fe2a{scm,/,null,STOPPED}{file:/home/runner/work/ozone/ozone/hadoop-ozone/integration-test/target/test-classes/webapps/scm}
2022-12-02 11:13:44,654 [Listener at 127.0.0.1/39085] INFO  server.AbstractConnector (AbstractConnector.java:doStop(383)) - Stopped ServerConnector@4b37d1a4{HTTP/1.1, (http/1.1)}{0.0.0.0:0}
2022-12-02 11:13:44,654 [Listener at 127.0.0.1/39085] INFO  server.session (HouseKeeper.java:stopScavenging(149)) - node0 Stopped scavenging
2022-12-02 11:13:44,655 [Listener at 127.0.0.1/39085] INFO  handler.ContextHandler (ContextHandler.java:doStop(1159)) - Stopped o.e.j.s.ServletContextHandler@5b2fc2c0{static,/static,file:///home/runner/work/ozone/ozone/hadoop-ozone/integration-test/target/test-classes/webapps/static,STOPPED}
2022-12-02 11:13:44,655 [Listener at 127.0.0.1/39085] INFO  handler.ContextHandler (ContextHandler.java:doStop(1159)) - Stopped o.e.j.s.ServletContextHandler@99af41d{logs,/logs,file:///home/runner/work/ozone/ozone/hadoop-ozone/integration-test/target/log,STOPPED}
2022-12-02 11:13:44,657 [Listener at 127.0.0.1/39085] INFO  server.StorageContainerManager (StorageContainerManager.java:stop(1563)) - Stopping SCM LayoutVersionManager Service.
2022-12-02 11:13:44,657 [Listener at 127.0.0.1/39085] INFO  server.StorageContainerManager (StorageContainerManager.java:stop(1571)) - Stopping Block Manager Service.
2022-12-02 11:13:44,657 [Listener at 127.0.0.1/39085] INFO  utils.BackgroundService (BackgroundService.java:shutdown(141)) - Shutting down service SCMBlockDeletingService
2022-12-02 11:13:44,658 [Listener at 127.0.0.1/39085] INFO  utils.BackgroundService (BackgroundService.java:shutdown(141)) - Shutting down service SCMBlockDeletingService
2022-12-02 11:13:44,660 [Listener at 127.0.0.1/39085] INFO  server.StorageContainerManager (StorageContainerManager.java:stop(1593)) - Stopping SCM Event Queue.
2022-12-02 11:13:44,665 [Listener at 127.0.0.1/39085] INFO  server.StorageContainerManager (StorageContainerManager.java:stop(1604)) - Stopping SCM HA services.
2022-12-02 11:13:44,665 [Listener at 127.0.0.1/39085] INFO  pipeline.BackgroundPipelineCreator (BackgroundPipelineCreator.java:stop(149)) - Stopping RatisPipelineUtilsThread.
2022-12-02 11:13:44,665 [RatisPipelineUtilsThread - 0] WARN  pipeline.BackgroundPipelineCreator (BackgroundPipelineCreator.java:run(180)) - RatisPipelineUtilsThread is interrupted.
2022-12-02 11:13:44,666 [Listener at 127.0.0.1/39085] INFO  BackgroundPipelineScrubber (BackgroundSCMService.java:stop(131)) - Stopping BackgroundPipelineScrubber Service.
2022-12-02 11:13:44,666 [BackgroundPipelineScrubberThread] WARN  BackgroundPipelineScrubber (BackgroundSCMService.java:run(115)) - BackgroundPipelineScrubber is interrupted, exit
2022-12-02 11:13:44,667 [Listener at 127.0.0.1/39085] INFO  impl.MetricsSystemImpl (MetricsSystemImpl.java:stop(210)) - Stopping HddsDatanode metrics system...
2022-12-02 11:13:44,670 [prometheus] INFO  impl.MetricsSinkAdapter (MetricsSinkAdapter.java:publishMetricsFromQueue(141)) - prometheus thread interrupted.
2022-12-02 11:13:44,670 [Listener at 127.0.0.1/39085] INFO  impl.MetricsSystemImpl (MetricsSystemImpl.java:stop(216)) - HddsDatanode metrics system stopped.
2022-12-02 11:13:44,671 [Listener at 127.0.0.1/39085] WARN  pipeline.BackgroundPipelineCreator (BackgroundPipelineCreator.java:stop(145)) - RatisPipelineUtilsThread is not running, just ignore.
2022-12-02 11:13:44,671 [Listener at 127.0.0.1/39085] INFO  BackgroundPipelineScrubber (BackgroundSCMService.java:stop(126)) - BackgroundPipelineScrubber Service is not running, skip stop.
2022-12-02 11:13:44,672 [ExpiredContainerReplicaOpScrubberThread] WARN  ExpiredContainerReplicaOpScrubber (BackgroundSCMService.java:run(115)) - ExpiredContainerReplicaOpScrubber is interrupted, exit
2022-12-02 11:13:44,672 [Listener at 127.0.0.1/39085] INFO  ExpiredContainerReplicaOpScrubber (BackgroundSCMService.java:stop(131)) - Stopping ExpiredContainerReplicaOpScrubber Service.
2022-12-02 11:13:44,672 [Listener at 127.0.0.1/39085] INFO  utils.BackgroundService (BackgroundService.java:shutdown(141)) - Shutting down service SCMBlockDeletingService
2022-12-02 11:13:44,672 [Listener at 127.0.0.1/39085] INFO  replication.ReplicationManager (ReplicationManager.java:stop(294)) - Replication Monitor Thread is not running.
2022-12-02 11:13:44,673 [Listener at 127.0.0.1/39085] WARN  balancer.ContainerBalancer (ContainerBalancer.java:stop(322)) - Cannot stop Container Balancer because it's not running or stopping
2022-12-02 11:13:44,673 [Listener at 127.0.0.1/39085] INFO  server.StorageContainerManager (StorageContainerManager.java:stop(1622)) - Stopping SCM MetadataStore.
]]></system-out>
  </testcase>
  <testcase name="testPipelineCreationOnNodeRestart" classname="org.apache.hadoop.hdds.scm.pipeline.TestRatisPipelineCreateAndDestroy" time="36.561">
    <system-out><![CDATA[2022-12-02 11:13:44,828 [Listener at 127.0.0.1/39085] WARN  server.ServerUtils (ServerUtils.java:getScmDbDir(148)) - ozone.scm.db.dirs is not configured. We recommend adding this setting. Falling back to ozone.metadata.dirs instead.
2022-12-02 11:13:44,834 [Listener at 127.0.0.1/39085] WARN  server.ServerUtils (ServerUtils.java:getScmDbDir(148)) - ozone.scm.db.dirs is not configured. We recommend adding this setting. Falling back to ozone.metadata.dirs instead.
2022-12-02 11:13:44,836 [Listener at 127.0.0.1/39085] INFO  ha.SCMHANodeDetails (SCMHANodeDetails.java:loadSCMHAConfig(209)) - ServiceID for StorageContainerManager is null
2022-12-02 11:13:44,836 [Listener at 127.0.0.1/39085] INFO  ha.SCMHANodeDetails (SCMHANodeDetails.java:loadSCMHAConfig(214)) - ozone.scm.default.service.id is not defined, falling back to ozone.scm.service.ids to find serviceID for StorageContainerManager if it is HA enabled cluster
2022-12-02 11:13:44,837 [Listener at 127.0.0.1/39085] WARN  utils.HAUtils (HAUtils.java:getMetaDir(342)) - ozone.scm.db.dirs is not configured. We recommend adding this setting. Falling back to ozone.metadata.dirs instead.
2022-12-02 11:13:44,838 [Listener at 127.0.0.1/39085] WARN  db.DBStoreBuilder (DBStoreBuilder.java:applyDBDefinition(144)) - ozone.scm.db.dirs is not configured. We recommend adding this setting. Falling back to ozone.metadata.dirs instead.
2022-12-02 11:13:45,001 [Listener at 127.0.0.1/39085] INFO  net.NodeSchemaLoader (NodeSchemaLoader.java:loadSchemaFromFile(129)) - Loading schema from [jar:file:/home/runner/.m2/repository/org/apache/ozone/hdds-common/1.3.0-SNAPSHOT/hdds-common-1.3.0-SNAPSHOT.jar!/network-topology-default.xml]
2022-12-02 11:13:45,002 [Listener at 127.0.0.1/39085] INFO  net.NodeSchemaLoader (NodeSchemaLoader.java:loadSchema(176)) - Loading network topology layer schema file
2022-12-02 11:13:45,005 [Listener at 127.0.0.1/39085] INFO  upgrade.AbstractLayoutVersionManager (AbstractLayoutVersionManager.java:init(83)) - Initializing Layout version manager with metadata layout = DATANODE_SCHEMA_V3 (version = 4), software layout = DATANODE_SCHEMA_V3 (version = 4)
2022-12-02 11:13:45,073 [Listener at 127.0.0.1/39085] INFO  reflections.Reflections (Reflections.java:scan(232)) - Reflections took 66 ms to scan 7 urls, producing 140 keys and 342 values 
2022-12-02 11:13:45,075 [Listener at 127.0.0.1/39085] INFO  ha.SequenceIdGenerator (SequenceIdGenerator.java:upgradeToSequenceId(349)) - upgrade localId to 109611004723200000
2022-12-02 11:13:45,075 [Listener at 127.0.0.1/39085] INFO  ha.SequenceIdGenerator (SequenceIdGenerator.java:upgradeToSequenceId(359)) - upgrade delTxnId to 0
2022-12-02 11:13:45,076 [Listener at 127.0.0.1/39085] INFO  ha.SequenceIdGenerator (SequenceIdGenerator.java:upgradeToSequenceId(376)) - upgrade containerId to 0
2022-12-02 11:13:45,076 [Listener at 127.0.0.1/39085] INFO  ha.SequenceIdGenerator (SequenceIdGenerator.java:<init>(220)) - Init the HA SequenceIdGenerator.
2022-12-02 11:13:45,076 [Listener at 127.0.0.1/39085] WARN  server.ServerUtils (ServerUtils.java:sanitizeUserArgs(67)) - ozone.scm.stale.node.interval value = 5000 is smaller than min = 6000 based on the key value of hdds.heartbeat.interval, reset to the min value 6000.
2022-12-02 11:13:45,077 [Listener at 127.0.0.1/39085] WARN  server.ServerUtils (ServerUtils.java:sanitizeUserArgs(67)) - ozone.scm.stale.node.interval value = 5000 is smaller than min = 6000 based on the key value of hdds.heartbeat.interval, reset to the min value 6000.
2022-12-02 11:13:45,077 [Listener at 127.0.0.1/39085] INFO  node.SCMNodeManager (SCMNodeManager.java:<init>(149)) - Entering startup safe mode.
2022-12-02 11:13:45,078 [Listener at 127.0.0.1/39085] INFO  algorithms.ContainerPlacementPolicyFactory (ContainerPlacementPolicyFactory.java:getPolicyInternal(86)) - Create container placement policy of type org.apache.hadoop.hdds.scm.container.placement.algorithms.SCMContainerPlacementRandom
2022-12-02 11:13:45,078 [Listener at 127.0.0.1/39085] INFO  algorithms.ContainerPlacementPolicyFactory (ContainerPlacementPolicyFactory.java:getPolicyInternal(86)) - Create container placement policy of type org.apache.hadoop.hdds.scm.container.placement.algorithms.SCMContainerPlacementRackScatter
2022-12-02 11:13:45,078 [Listener at 127.0.0.1/39085] INFO  pipeline.PipelineStateManagerImpl (PipelineStateManagerImpl.java:initialize(78)) - No pipeline exists in current db
2022-12-02 11:13:45,078 [Listener at 127.0.0.1/39085] INFO  algorithms.LeaderChoosePolicyFactory (LeaderChoosePolicyFactory.java:getPolicy(57)) - Create leader choose policy of type org.apache.hadoop.hdds.scm.pipeline.leader.choose.algorithms.MinLeaderCountChoosePolicy
2022-12-02 11:13:45,079 [Listener at 127.0.0.1/39085] INFO  algorithms.ContainerPlacementPolicyFactory (ContainerPlacementPolicyFactory.java:getPolicyInternal(86)) - Create container placement policy of type org.apache.hadoop.hdds.scm.container.placement.algorithms.SCMContainerPlacementRackScatter
2022-12-02 11:13:45,079 [Listener at 127.0.0.1/39085] INFO  ha.SCMServiceManager (SCMServiceManager.java:register(42)) - Registering service BackgroundPipelineCreator.
2022-12-02 11:13:45,079 [Listener at 127.0.0.1/39085] INFO  pipeline.BackgroundPipelineCreator (BackgroundPipelineCreator.java:start(124)) - Starting RatisPipelineUtilsThread.
2022-12-02 11:13:45,085 [Listener at 127.0.0.1/39085] INFO  BackgroundPipelineScrubber (BackgroundSCMService.java:start(68)) - Starting BackgroundPipelineScrubber Service.
2022-12-02 11:13:45,086 [Listener at 127.0.0.1/39085] INFO  ha.SCMServiceManager (SCMServiceManager.java:register(42)) - Registering service BackgroundPipelineScrubber.
2022-12-02 11:13:45,086 [Listener at 127.0.0.1/39085] INFO  ExpiredContainerReplicaOpScrubber (BackgroundSCMService.java:start(68)) - Starting ExpiredContainerReplicaOpScrubber Service.
2022-12-02 11:13:45,086 [Listener at 127.0.0.1/39085] INFO  ha.SCMServiceManager (SCMServiceManager.java:register(42)) - Registering service ExpiredContainerReplicaOpScrubber.
2022-12-02 11:13:45,088 [Listener at 127.0.0.1/39085] INFO  algorithms.PipelineChoosePolicyFactory (PipelineChoosePolicyFactory.java:createPipelineChoosePolicyFromClass(73)) - Create pipeline choose policy of type org.apache.hadoop.hdds.scm.pipeline.choose.algorithms.RandomPipelineChoosePolicy
2022-12-02 11:13:45,088 [Listener at 127.0.0.1/39085] INFO  ha.SCMServiceManager (SCMServiceManager.java:register(42)) - Registering service SCMBlockDeletingService.
2022-12-02 11:13:45,089 [Listener at 127.0.0.1/39085] INFO  replication.ReplicationManager (ReplicationManager.java:start(251)) - Starting Replication Monitor Thread.
2022-12-02 11:13:45,090 [Listener at 127.0.0.1/39085] INFO  ha.SCMServiceManager (SCMServiceManager.java:register(42)) - Registering service ReplicationManager.
2022-12-02 11:13:45,090 [Listener at 127.0.0.1/39085] INFO  safemode.ContainerSafeModeRule (ContainerSafeModeRule.java:<init>(89)) - containers with one replica threshold count 0
2022-12-02 11:13:45,090 [Listener at 127.0.0.1/39085] INFO  safemode.HealthyPipelineSafeModeRule (HealthyPipelineSafeModeRule.java:initializeRule(169)) - Total pipeline count is 0, healthy pipeline threshold count is 1
2022-12-02 11:13:45,091 [Listener at 127.0.0.1/39085] INFO  safemode.OneReplicaPipelineSafeModeRule (OneReplicaPipelineSafeModeRule.java:initializeRule(180)) - Total pipeline count is 0, pipeline's with at least one datanode reported threshold count is 0
2022-12-02 11:13:45,091 [Listener at 127.0.0.1/39085] INFO  ipc.CallQueueManager (CallQueueManager.java:<init>(90)) - Using callQueue: class java.util.concurrent.LinkedBlockingQueue, queueCapacity: 2000, scheduler: class org.apache.hadoop.ipc.DefaultRpcScheduler, ipcBackoff: false.
2022-12-02 11:13:45,093 [Listener at 0.0.0.0/42269] INFO  ipc.CallQueueManager (CallQueueManager.java:<init>(90)) - Using callQueue: class java.util.concurrent.LinkedBlockingQueue, queueCapacity: 2000, scheduler: class org.apache.hadoop.ipc.DefaultRpcScheduler, ipcBackoff: false.
2022-12-02 11:13:45,094 [ReplicationMonitor] INFO  replication.ReplicationManager (ReplicationManager.java:processAll(320)) - Replication Manager is not ready to run until 3000ms after safemode exit
2022-12-02 11:13:45,095 [Listener at 0.0.0.0/43385] INFO  ipc.CallQueueManager (CallQueueManager.java:<init>(90)) - Using callQueue: class java.util.concurrent.LinkedBlockingQueue, queueCapacity: 2000, scheduler: class org.apache.hadoop.ipc.DefaultRpcScheduler, ipcBackoff: false.
2022-12-02 11:13:45,096 [Socket Reader #1 for port 0] INFO  ipc.Server (Server.java:run(1273)) - Starting Socket Reader #1 for port 0
2022-12-02 11:13:45,096 [Socket Reader #1 for port 0] INFO  ipc.Server (Server.java:run(1273)) - Starting Socket Reader #1 for port 0
2022-12-02 11:13:45,101 [Listener at 0.0.0.0/33229] INFO  ha.SCMServiceManager (SCMServiceManager.java:register(42)) - Registering service ContainerBalancer.
2022-12-02 11:13:45,101 [Listener at 0.0.0.0/33229] INFO  server.StorageContainerManager (StorageContainerManager.java:<init>(397)) - 
Container Balancer status:
Key                            Value
Running                        true
Container Balancer Configuration values:
Key                                                Value
Threshold                                          10
Max Datanodes to Involve per Iteration(percent)    20
Max Size to Move per Iteration                     500GB
Max Size Entering Target per Iteration             26GB
Max Size Leaving Source per Iteration              26GB

2022-12-02 11:13:45,101 [Listener at 0.0.0.0/33229] INFO  ha.SCMContext (SCMContext.java:updateSafeModeStatus(228)) - Update SafeModeStatus from SafeModeStatus{safeModeStatus=true, preCheckPassed=false} to SafeModeStatus{safeModeStatus=true, preCheckPassed=false}.
2022-12-02 11:13:45,102 [Listener at 0.0.0.0/33229] INFO  server.StorageContainerManager (StorageContainerManager.java:start(1419)) - StorageContainerLocationProtocol RPC server is listening at /0.0.0.0:33229
2022-12-02 11:13:45,102 [Socket Reader #1 for port 0] INFO  ipc.Server (Server.java:run(1273)) - Starting Socket Reader #1 for port 0
2022-12-02 11:13:45,108 [Listener at 0.0.0.0/33229] WARN  impl.MetricsConfig (MetricsConfig.java:loadFirst(136)) - Cannot locate configuration: tried hadoop-metrics2-storagecontainermanager.properties,hadoop-metrics2.properties
2022-12-02 11:13:45,112 [Listener at 0.0.0.0/33229] INFO  impl.MetricsSystemImpl (MetricsSystemImpl.java:startTimer(378)) - Scheduled Metric snapshot period at 10 second(s).
2022-12-02 11:13:45,112 [Listener at 0.0.0.0/33229] INFO  impl.MetricsSystemImpl (MetricsSystemImpl.java:start(191)) - StorageContainerManager metrics system started
2022-12-02 11:13:45,154 [Listener at 0.0.0.0/33229] INFO  impl.MetricsSinkAdapter (MetricsSinkAdapter.java:start(204)) - Sink prometheus started
2022-12-02 11:13:45,155 [Listener at 0.0.0.0/33229] INFO  impl.MetricsSystemImpl (MetricsSystemImpl.java:registerSink(305)) - Registered sink prometheus
2022-12-02 11:13:45,173 [Listener at 0.0.0.0/33229] INFO  server.SCMClientProtocolServer (SCMClientProtocolServer.java:start(170)) - RPC server for Client  is listening at /0.0.0.0:33229
2022-12-02 11:13:45,174 [IPC Server Responder] INFO  ipc.Server (Server.java:run(1512)) - IPC Server Responder: starting
2022-12-02 11:13:45,178 [IPC Server listener on 0] INFO  ipc.Server (Server.java:run(1352)) - IPC Server listener on 0: starting
2022-12-02 11:13:45,182 [Listener at 0.0.0.0/33229] INFO  server.StorageContainerManager (StorageContainerManager.java:start(1433)) - ScmBlockLocationProtocol RPC server is listening at /0.0.0.0:43385
2022-12-02 11:13:45,183 [Listener at 0.0.0.0/33229] INFO  server.SCMBlockProtocolServer (SCMBlockProtocolServer.java:start(152)) - RPC server for Block Protocol is listening at /0.0.0.0:43385
2022-12-02 11:13:45,183 [IPC Server Responder] INFO  ipc.Server (Server.java:run(1512)) - IPC Server Responder: starting
2022-12-02 11:13:45,183 [IPC Server listener on 0] INFO  ipc.Server (Server.java:run(1352)) - IPC Server listener on 0: starting
2022-12-02 11:13:45,186 [Listener at 0.0.0.0/33229] INFO  server.SCMDatanodeProtocolServer (SCMDatanodeProtocolServer.java:start(186)) - ScmDatanodeProtocol RPC server for DataNodes is listening at /0.0.0.0:42269
2022-12-02 11:13:45,187 [IPC Server Responder] INFO  ipc.Server (Server.java:run(1512)) - IPC Server Responder: starting
2022-12-02 11:13:45,187 [IPC Server listener on 0] INFO  ipc.Server (Server.java:run(1352)) - IPC Server listener on 0: starting
2022-12-02 11:13:45,191 [org.apache.hadoop.util.JvmPauseMonitor$Monitor@3b45cb6c] INFO  util.JvmPauseMonitor (JvmPauseMonitor.java:run(188)) - Starting JVM pause monitor
2022-12-02 11:13:45,193 [Listener at 0.0.0.0/33229] INFO  http.BaseHttpServer (BaseHttpServer.java:newHttpServer2BuilderForOzone(213)) - Starting Web-server for scm at: http://0.0.0.0:0
2022-12-02 11:13:45,194 [Listener at 0.0.0.0/33229] INFO  http.BaseHttpServer (BaseHttpServer.java:<init>(108)) - Hadoop Security Enabled: false Ozone Security Enabled: false Ozone HTTP Security Enabled: false 
2022-12-02 11:13:45,197 [Listener at 0.0.0.0/33229] WARN  server.AuthenticationFilter (AuthenticationFilter.java:constructSecretProvider(240)) - Unable to initialize FileSignerSecretProvider, falling back to use random secrets. Reason: Could not read signature secret file: /home/runner/hadoop-http-auth-signature-secret
2022-12-02 11:13:45,198 [Listener at 0.0.0.0/33229] WARN  http.HttpRequestLog (HttpRequestLog.java:getRequestLog(103)) - Jetty request log can only be enabled using Log4j
2022-12-02 11:13:45,203 [Listener at 0.0.0.0/33229] INFO  http.HttpServer2 (HttpServer2.java:addGlobalFilter(1031)) - Added global filter 'safety' (class=org.apache.hadoop.hdds.server.http.HttpServer2$QuotingInputFilter)
2022-12-02 11:13:45,204 [Listener at 0.0.0.0/33229] INFO  http.HttpServer2 (HttpServer2.java:addFilter(1007)) - Added filter static_user_filter (class=org.apache.hadoop.http.lib.StaticUserWebFilter$StaticUserFilter) to context scm
2022-12-02 11:13:45,204 [Listener at 0.0.0.0/33229] INFO  http.HttpServer2 (HttpServer2.java:addFilter(1015)) - Added filter static_user_filter (class=org.apache.hadoop.http.lib.StaticUserWebFilter$StaticUserFilter) to context logs
2022-12-02 11:13:45,205 [Listener at 0.0.0.0/33229] INFO  http.HttpServer2 (HttpServer2.java:addFilter(1015)) - Added filter static_user_filter (class=org.apache.hadoop.http.lib.StaticUserWebFilter$StaticUserFilter) to context static
2022-12-02 11:13:45,205 [Listener at 0.0.0.0/33229] INFO  http.HttpServer2 (HttpServer2.java:bindListener(1250)) - Jetty bound to port 35101
2022-12-02 11:13:45,206 [Listener at 0.0.0.0/33229] INFO  server.Server (Server.java:doStart(375)) - jetty-9.4.49.v20220914; built: 2022-09-14T01:07:36.601Z; git: 4231a3b2e4cb8548a412a789936d640a97b1aa0a; jvm 1.8.0_352-b08
2022-12-02 11:13:45,215 [Listener at 0.0.0.0/33229] INFO  server.session (DefaultSessionIdManager.java:doStart(334)) - DefaultSessionIdManager workerName=node0
2022-12-02 11:13:45,215 [Listener at 0.0.0.0/33229] INFO  server.session (DefaultSessionIdManager.java:doStart(339)) - No SessionScavenger set, using defaults
2022-12-02 11:13:45,216 [Listener at 0.0.0.0/33229] INFO  server.session (HouseKeeper.java:startScavenging(132)) - node0 Scavenging every 660000ms
2022-12-02 11:13:45,217 [Listener at 0.0.0.0/33229] INFO  handler.ContextHandler (ContextHandler.java:doStart(921)) - Started o.e.j.s.ServletContextHandler@4807382f{logs,/logs,file:///home/runner/work/ozone/ozone/hadoop-ozone/integration-test/target/log,AVAILABLE}
2022-12-02 11:13:45,218 [Listener at 0.0.0.0/33229] INFO  handler.ContextHandler (ContextHandler.java:doStart(921)) - Started o.e.j.s.ServletContextHandler@4ed4f01f{static,/static,file:///home/runner/work/ozone/ozone/hadoop-ozone/integration-test/target/test-classes/webapps/static,AVAILABLE}
2022-12-02 11:13:45,223 [Listener at 0.0.0.0/33229] INFO  handler.ContextHandler (ContextHandler.java:doStart(921)) - Started o.e.j.w.WebAppContext@719e1c26{scm,/,file:///home/runner/work/ozone/ozone/hadoop-ozone/integration-test/target/test-classes/webapps/scm/,AVAILABLE}{file:/home/runner/work/ozone/ozone/hadoop-ozone/integration-test/target/test-classes/webapps/scm}
2022-12-02 11:13:45,224 [Listener at 0.0.0.0/33229] INFO  server.AbstractConnector (AbstractConnector.java:doStart(333)) - Started ServerConnector@5e8f17a5{HTTP/1.1, (http/1.1)}{0.0.0.0:35101}
2022-12-02 11:13:45,224 [Listener at 0.0.0.0/33229] INFO  server.Server (Server.java:doStart(415)) - Started @97793ms
2022-12-02 11:13:45,225 [Listener at 0.0.0.0/33229] WARN  impl.MetricsSystemImpl (MetricsSystemImpl.java:register(279)) - Sink prometheus already exists!
2022-12-02 11:13:45,225 [Listener at 0.0.0.0/33229] INFO  http.BaseHttpServer (BaseHttpServer.java:updateConnectorAddress(333)) - HTTP server of scm listening at http://0.0.0.0:35101
2022-12-02 11:13:45,226 [Listener at 0.0.0.0/33229] WARN  server.ServerUtils (ServerUtils.java:getDBPath(225)) - ozone.om.db.dirs is not configured. We recommend adding this setting. Falling back to ozone.metadata.dirs instead.
2022-12-02 11:13:45,228 [Listener at 0.0.0.0/33229] INFO  ha.OMHANodeDetails (OMHANodeDetails.java:loadOMHAConfig(115)) - ozone.om.internal.service.id is not defined, falling back to ozone.om.service.ids to find serviceID for OzoneManager if it is HA enabled cluster
2022-12-02 11:13:45,228 [Listener at 0.0.0.0/33229] INFO  ha.OMHANodeDetails (OMHANodeDetails.java:loadOMHAConfig(226)) - Configuration does not have ozone.om.address set. Falling back to the default OM address /127.0.0.1:0
2022-12-02 11:13:45,228 [Listener at 0.0.0.0/33229] INFO  ha.OMHANodeDetails (OMHANodeDetails.java:getOMNodeDetailsForNonHA(254)) - OM Service ID is not set. Setting it to the default ID: omServiceIdDefault
2022-12-02 11:13:45,228 [Listener at 0.0.0.0/33229] INFO  ha.OMHANodeDetails (OMHANodeDetails.java:getOMNodeDetailsForNonHA(261)) - OM Node ID is not set. Setting it to the default ID: om1
2022-12-02 11:13:45,229 [Listener at 0.0.0.0/33229] WARN  server.ServerUtils (ServerUtils.java:getDBPath(225)) - ozone.om.db.dirs is not configured. We recommend adding this setting. Falling back to ozone.metadata.dirs instead.
2022-12-02 11:13:45,230 [Listener at 0.0.0.0/33229] INFO  upgrade.AbstractLayoutVersionManager (AbstractLayoutVersionManager.java:init(83)) - Initializing Layout version manager with metadata layout = MULTITENANCY_SCHEMA (version = 3), software layout = MULTITENANCY_SCHEMA (version = 3)
2022-12-02 11:13:45,322 [Listener at 0.0.0.0/33229] INFO  reflections.Reflections (Reflections.java:scan(232)) - Reflections took 92 ms to scan 2 urls, producing 154 keys and 429 values [using 2 cores]
2022-12-02 11:13:45,322 [Listener at 0.0.0.0/33229] INFO  upgrade.OMLayoutVersionManager (OMLayoutVersionManager.java:lambda$0(115)) - Skipping Upgrade Action MockOmUpgradeAction since it has been finalized.
2022-12-02 11:13:45,323 [Listener at 0.0.0.0/33229] WARN  server.ServerUtils (ServerUtils.java:getDBPath(225)) - ozone.om.db.dirs is not configured. We recommend adding this setting. Falling back to ozone.metadata.dirs instead.
2022-12-02 11:13:45,324 [Listener at 0.0.0.0/33229] INFO  proxy.SCMBlockLocationFailoverProxyProvider (SCMBlockLocationFailoverProxyProvider.java:<init>(114)) - Created block location fail-over proxy with 1 nodes: [nodeId=scmNodeId,nodeAddress=/0.0.0.0:43385]
2022-12-02 11:13:45,328 [Listener at 0.0.0.0/33229] INFO  proxy.SCMBlockLocationFailoverProxyProvider (SCMBlockLocationFailoverProxyProvider.java:<init>(114)) - Created block location fail-over proxy with 1 nodes: [nodeId=scmNodeId,nodeAddress=/0.0.0.0:43385]
2022-12-02 11:13:45,346 [Listener at 0.0.0.0/33229] WARN  server.ServerUtils (ServerUtils.java:getDBPath(225)) - ozone.om.db.dirs is not configured. We recommend adding this setting. Falling back to ozone.metadata.dirs instead.
2022-12-02 11:13:45,347 [Listener at 0.0.0.0/33229] INFO  codec.OmKeyInfoCodec (OmKeyInfoCodec.java:<init>(49)) - OmKeyInfoCodec ignorePipeline = true
2022-12-02 11:13:45,347 [Listener at 0.0.0.0/33229] INFO  codec.RepeatedOmKeyInfoCodec (RepeatedOmKeyInfoCodec.java:<init>(41)) - RepeatedOmKeyInfoCodec ignorePipeline = true
2022-12-02 11:13:45,576 [Listener at 0.0.0.0/33229] INFO  om.OzoneManager (OzoneManager.java:instantiateServices(715)) - S3 Multi-Tenancy is disabled
2022-12-02 11:13:45,578 [Listener at 0.0.0.0/33229] INFO  om.OzoneManager (OzoneManager.java:addS3GVolumeToDB(4400)) - Created Volume s3v With Owner runner required for S3Gateway operations.
2022-12-02 11:13:45,579 [Listener at 0.0.0.0/33229] WARN  server.ServerUtils (ServerUtils.java:getDefaultRatisDirectory(237)) - Storage directory for Ratis is not configured. It is a good idea to map this to an SSD disk. Falling back to ozone.metadata.dirs
2022-12-02 11:13:45,579 [Listener at 0.0.0.0/33229] WARN  utils.OzoneManagerRatisUtils (OzoneManagerRatisUtils.java:getOMRatisSnapshotDirectory(434)) - ozone.om.ratis.snapshot.dir is not configured. Falling back to ozone.metadata.dirs config
2022-12-02 11:13:45,579 [Listener at 0.0.0.0/33229] WARN  server.ServerUtils (ServerUtils.java:getDefaultRatisDirectory(237)) - Storage directory for Ratis is not configured. It is a good idea to map this to an SSD disk. Falling back to ozone.metadata.dirs
2022-12-02 11:13:45,581 [Listener at 0.0.0.0/33229] INFO  ratis.OzoneManagerRatisServer (OzoneManagerRatisServer.java:<init>(160)) - Instantiating OM Ratis server with groupID: omServiceIdDefault and peers: localhost:9872
2022-12-02 11:13:45,581 [Listener at 0.0.0.0/33229] INFO  ratis.OzoneManagerStateMachine (OzoneManagerStateMachine.java:loadSnapshotInfoFromDB(636)) - LastAppliedIndex is set from TransactionInfo from OM DB as (t:0, i:~)
2022-12-02 11:13:45,582 [Listener at 0.0.0.0/33229] INFO  server.RaftServer (ConfUtils.java:logGet(46)) - raft.rpc.type = GRPC (default)
2022-12-02 11:13:45,582 [Listener at 0.0.0.0/33229] INFO  grpc.GrpcConfigKeys (ConfUtils.java:logFallback(53)) - raft.grpc.admin.host = null (fallback to raft.grpc.server.host)
2022-12-02 11:13:45,582 [Listener at 0.0.0.0/33229] INFO  grpc.GrpcConfigKeys (ConfUtils.java:logFallback(53)) - raft.grpc.admin.port = 9872 (fallback to raft.grpc.server.port)
2022-12-02 11:13:45,582 [Listener at 0.0.0.0/33229] INFO  grpc.GrpcConfigKeys (ConfUtils.java:logFallback(53)) - raft.grpc.client.host = null (fallback to raft.grpc.server.host)
2022-12-02 11:13:45,583 [Listener at 0.0.0.0/33229] INFO  grpc.GrpcConfigKeys (ConfUtils.java:logFallback(53)) - raft.grpc.client.port = 9872 (fallback to raft.grpc.server.port)
2022-12-02 11:13:45,583 [Listener at 0.0.0.0/33229] INFO  grpc.GrpcConfigKeys (ConfUtils.java:logGet(46)) - raft.grpc.server.host = null (default)
2022-12-02 11:13:45,583 [Listener at 0.0.0.0/33229] INFO  grpc.GrpcConfigKeys (ConfUtils.java:logGet(46)) - raft.grpc.server.port = 9872 (custom)
2022-12-02 11:13:45,583 [Listener at 0.0.0.0/33229] INFO  server.GrpcService (ConfUtils.java:logGet(46)) - raft.grpc.message.size.max = 33554432 (custom)
2022-12-02 11:13:45,583 [Listener at 0.0.0.0/33229] INFO  server.RaftServerConfigKeys (ConfUtils.java:logGet(46)) - raft.server.log.appender.buffer.byte-limit = 33554432 (custom)
2022-12-02 11:13:45,583 [Listener at 0.0.0.0/33229] INFO  server.GrpcService (ConfUtils.java:logGet(46)) - raft.grpc.flow.control.window = 1MB (=1048576) (default)
2022-12-02 11:13:45,584 [Listener at 0.0.0.0/33229] INFO  server.RaftServerConfigKeys (ConfUtils.java:logGet(46)) - raft.server.rpc.request.timeout = 3000ms (default)
2022-12-02 11:13:45,584 [Listener at 0.0.0.0/33229] INFO  grpc.GrpcConfigKeys (ConfUtils.java:logGet(46)) - raft.grpc.server.heartbeat.channel = true (default)
2022-12-02 11:13:45,584 [Listener at 0.0.0.0/33229] INFO  grpc.GrpcConfigKeys (ConfUtils.java:logGet(46)) - raft.grpc.server.async.request.thread.pool.cached = true (default)
2022-12-02 11:13:45,584 [Listener at 0.0.0.0/33229] INFO  grpc.GrpcConfigKeys (ConfUtils.java:logGet(46)) - raft.grpc.server.async.request.thread.pool.size = 32 (default)
2022-12-02 11:13:45,586 [Listener at 0.0.0.0/33229] INFO  impl.DataStreamServerImpl (ConfUtils.java:logGet(46)) - raft.datastream.type = DISABLED (default)
2022-12-02 11:13:45,586 [Listener at 0.0.0.0/33229] INFO  server.RaftServerConfigKeys (ConfUtils.java:logGet(46)) - raft.server.threadpool.proxy.cached = true (default)
2022-12-02 11:13:45,586 [Listener at 0.0.0.0/33229] INFO  server.RaftServerConfigKeys (ConfUtils.java:logGet(46)) - raft.server.threadpool.proxy.size = 0 (default)
2022-12-02 11:13:45,586 [Listener at 0.0.0.0/33229] INFO  server.RaftServerConfigKeys (ConfUtils.java:logGet(46)) - raft.server.rpc.slowness.timeout = 120s (custom)
2022-12-02 11:13:45,587 [Listener at 0.0.0.0/33229] INFO  server.RaftServerConfigKeys (ConfUtils.java:logGet(46)) - raft.server.leaderelection.leader.step-down.wait-time = 10s (default)
2022-12-02 11:13:45,587 [Listener at 0.0.0.0/33229] INFO  server.RaftServerConfigKeys (ConfUtils.java:logGet(46)) - raft.server.storage.dir = [/home/runner/work/ozone/ozone/hadoop-ozone/integration-test/target/test-dir/MiniOzoneClusterImpl-8660d1ca-628d-42b2-bfba-a0a9046af5ec/ozone-meta/ratis] (custom)
2022-12-02 11:13:45,588 [Listener at 0.0.0.0/33229] INFO  server.RaftServer (RaftServerProxy.java:addNew(96)) - om1: addNew group-C5BA1605619E:[om1|rpc:localhost:9872|priority:0|startupRole:FOLLOWER] returns group-C5BA1605619E:java.util.concurrent.CompletableFuture@5fa349f2[Not completed]
2022-12-02 11:13:45,588 [pool-291-thread-1] INFO  server.RaftServer$Division (RaftServerImpl.java:<init>(195)) - om1: new RaftServerImpl for group-C5BA1605619E:[om1|rpc:localhost:9872|priority:0|startupRole:FOLLOWER] with OzoneManagerStateMachine:uninitialized
2022-12-02 11:13:45,588 [Listener at 0.0.0.0/33229] INFO  om.OzoneManager (OzoneManager.java:initializeRatisServer(1977)) - OzoneManager Ratis server initialized at port 9872
2022-12-02 11:13:45,588 [pool-291-thread-1] INFO  server.RaftServerConfigKeys (ConfUtils.java:logGet(46)) - raft.server.rpc.timeout.min = 1s (custom)
2022-12-02 11:13:45,588 [pool-291-thread-1] INFO  server.RaftServerConfigKeys (ConfUtils.java:logGet(46)) - raft.server.rpc.timeout.max = 1200ms (custom)
2022-12-02 11:13:45,588 [pool-291-thread-1] INFO  server.RaftServerConfigKeys (ConfUtils.java:logGet(46)) - raft.server.rpc.sleep.time = 25ms (default)
2022-12-02 11:13:45,589 [pool-291-thread-1] INFO  server.RaftServerConfigKeys (ConfUtils.java:logGet(46)) - raft.server.rpc.slowness.timeout = 120s (custom)
2022-12-02 11:13:45,589 [pool-291-thread-1] INFO  server.RaftServerConfigKeys (ConfUtils.java:logGet(46)) - raft.server.leaderelection.leader.step-down.wait-time = 10s (default)
2022-12-02 11:13:45,589 [pool-291-thread-1] INFO  server.RaftServerConfigKeys (ConfUtils.java:logGet(46)) - raft.server.sleep.deviation.threshold = 300ms (default)
2022-12-02 11:13:45,589 [Listener at 0.0.0.0/33229] INFO  om.OzoneManager (OzoneManager.java:getRpcServer(1104)) - Creating RPC Server
2022-12-02 11:13:45,593 [pool-291-thread-1] INFO  server.RaftServer$Division (ServerState.java:<init>(118)) - om1@group-C5BA1605619E: ConfigurationManager, init=-1: peers:[om1|rpc:localhost:9872|priority:0|startupRole:FOLLOWER]|listeners:[], old=null, confs=<EMPTY_MAP>
2022-12-02 11:13:45,593 [pool-291-thread-1] INFO  server.RaftServerConfigKeys (ConfUtils.java:logGet(46)) - raft.server.storage.dir = [/home/runner/work/ozone/ozone/hadoop-ozone/integration-test/target/test-dir/MiniOzoneClusterImpl-8660d1ca-628d-42b2-bfba-a0a9046af5ec/ozone-meta/ratis] (custom)
2022-12-02 11:13:45,594 [pool-291-thread-1] INFO  server.RaftServerConfigKeys (ConfUtils.java:logGet(46)) - raft.server.log.corruption.policy = EXCEPTION (default)
2022-12-02 11:13:45,594 [pool-291-thread-1] INFO  server.RaftServerConfigKeys (ConfUtils.java:logGet(46)) - raft.server.storage.free-space.min = 0MB (=0) (default)
2022-12-02 11:13:45,594 [pool-291-thread-1] INFO  server.RaftServerConfigKeys (ConfUtils.java:logGet(46)) - raft.server.notification.no-leader.timeout = 120s (custom)
2022-12-02 11:13:45,594 [pool-291-thread-1] INFO  server.RaftServerConfigKeys (ConfUtils.java:logGet(46)) - raft.server.retrycache.expirytime = 300s (custom)
2022-12-02 11:13:45,594 [pool-291-thread-1] INFO  server.RaftServerConfigKeys (ConfUtils.java:logGet(46)) - raft.server.retrycache.statistics.expirytime = 100μs (default)
2022-12-02 11:13:45,597 [pool-291-thread-1] INFO  server.RaftServerConfigKeys (ConfUtils.java:logGet(46)) - raft.server.log.appender.install.snapshot.enabled = false (custom)
2022-12-02 11:13:45,597 [pool-291-thread-1] INFO  server.RaftServerConfigKeys (ConfUtils.java:logGet(46)) - raft.server.threadpool.server.cached = true (default)
2022-12-02 11:13:45,597 [pool-291-thread-1] INFO  server.RaftServerConfigKeys (ConfUtils.java:logGet(46)) - raft.server.threadpool.server.size = 0 (default)
2022-12-02 11:13:45,597 [pool-291-thread-1] INFO  server.RaftServerConfigKeys (ConfUtils.java:logGet(46)) - raft.server.threadpool.client.cached = true (default)
2022-12-02 11:13:45,598 [pool-291-thread-1] INFO  server.RaftServerConfigKeys (ConfUtils.java:logGet(46)) - raft.server.threadpool.client.size = 0 (default)
2022-12-02 11:13:46,147 [Listener at 0.0.0.0/33229] INFO  reflections.Reflections (Reflections.java:scan(232)) - Reflections took 554 ms to scan 19 urls, producing 67 keys and 4388 values [using 2 cores]
2022-12-02 11:13:46,149 [Listener at 0.0.0.0/33229] INFO  ipc.CallQueueManager (CallQueueManager.java:<init>(90)) - Using callQueue: class java.util.concurrent.LinkedBlockingQueue, queueCapacity: 2000, scheduler: class org.apache.hadoop.ipc.DefaultRpcScheduler, ipcBackoff: false.
2022-12-02 11:13:46,150 [Socket Reader #1 for port 0] INFO  ipc.Server (Server.java:run(1273)) - Starting Socket Reader #1 for port 0
2022-12-02 11:13:46,183 [Listener at 127.0.0.1/43097] INFO  impl.MetricsSystemImpl (MetricsSystemImpl.java:init(158)) - OzoneManager metrics system started (again)
2022-12-02 11:13:46,199 [Listener at 127.0.0.1/43097] INFO  om.OzoneManager (OzoneManager.java:start(1484)) - OzoneManager RPC server is listening at localhost/127.0.0.1:43097
2022-12-02 11:13:46,199 [Listener at 127.0.0.1/43097] INFO  ratis.OzoneManagerRatisServer (OzoneManagerRatisServer.java:start(555)) - Starting OzoneManagerRatisServer om1 at port 9872
2022-12-02 11:13:46,200 [om1-impl-thread1] INFO  storage.RaftStorageDirectory (RaftStorageDirectoryImpl.java:analyzeStorage(137)) - The storage directory /home/runner/work/ozone/ozone/hadoop-ozone/integration-test/target/test-dir/MiniOzoneClusterImpl-8660d1ca-628d-42b2-bfba-a0a9046af5ec/ozone-meta/ratis/bf265839-605b-3f16-9796-c5ba1605619e does not exist. Creating ...
2022-12-02 11:13:46,202 [om1-impl-thread1] INFO  storage.RaftStorageDirectory (RaftStorageDirectoryImpl.java:tryLock(231)) - Lock on /home/runner/work/ozone/ozone/hadoop-ozone/integration-test/target/test-dir/MiniOzoneClusterImpl-8660d1ca-628d-42b2-bfba-a0a9046af5ec/ozone-meta/ratis/bf265839-605b-3f16-9796-c5ba1605619e/in_use.lock acquired by nodename 6885@fv-az205-634
2022-12-02 11:13:46,209 [om1-impl-thread1] INFO  storage.RaftStorage (RaftStorageImpl.java:format(96)) - Storage directory /home/runner/work/ozone/ozone/hadoop-ozone/integration-test/target/test-dir/MiniOzoneClusterImpl-8660d1ca-628d-42b2-bfba-a0a9046af5ec/ozone-meta/ratis/bf265839-605b-3f16-9796-c5ba1605619e has been successfully formatted.
2022-12-02 11:13:46,210 [om1-impl-thread1] INFO  server.RaftServerConfigKeys (ConfUtils.java:logGet(46)) - raft.server.log.use.memory = false (default)
2022-12-02 11:13:46,210 [om1-impl-thread1] INFO  server.RaftServerConfigKeys (ConfUtils.java:logGet(46)) - raft.server.log.purge.gap = 1000000 (custom)
2022-12-02 11:13:46,210 [om1-impl-thread1] INFO  server.RaftServerConfigKeys (ConfUtils.java:logGet(46)) - raft.server.log.appender.buffer.byte-limit = 33554432 (custom)
2022-12-02 11:13:46,210 [om1-impl-thread1] INFO  server.RaftServerConfigKeys (ConfUtils.java:logGet(46)) - raft.server.log.statemachine.data.read.timeout = 1000ms (default)
2022-12-02 11:13:46,210 [om1-impl-thread1] INFO  server.RaftServerConfigKeys (ConfUtils.java:logGet(46)) - raft.server.log.purge.preservation.log.num = 0 (default)
2022-12-02 11:13:46,210 [om1-impl-thread1] INFO  server.RaftServerConfigKeys (ConfUtils.java:logGet(46)) - raft.server.log.segment.size.max = 4194304 (custom)
2022-12-02 11:13:46,211 [om1-impl-thread1] INFO  server.RaftServerConfigKeys (ConfUtils.java:logGet(46)) - raft.server.log.segment.cache.num.max = 2 (custom)
2022-12-02 11:13:46,211 [om1-impl-thread1] INFO  server.RaftServerConfigKeys (ConfUtils.java:logGet(46)) - raft.server.log.segment.cache.size.max = 200MB (=209715200) (default)
2022-12-02 11:13:46,211 [om1-impl-thread1] INFO  segmented.SegmentedRaftLogWorker (SegmentedRaftLogWorker.java:<init>(189)) - new om1@group-C5BA1605619E-SegmentedRaftLogWorker for RaftStorageImpl:Storage Directory /home/runner/work/ozone/ozone/hadoop-ozone/integration-test/target/test-dir/MiniOzoneClusterImpl-8660d1ca-628d-42b2-bfba-a0a9046af5ec/ozone-meta/ratis/bf265839-605b-3f16-9796-c5ba1605619e
2022-12-02 11:13:46,212 [om1-impl-thread1] INFO  server.RaftServerConfigKeys (ConfUtils.java:logGet(46)) - raft.server.log.queue.byte-limit = 64MB (=67108864) (default)
2022-12-02 11:13:46,212 [om1-impl-thread1] INFO  server.RaftServerConfigKeys (ConfUtils.java:logGet(46)) - raft.server.log.queue.element-limit = 4096 (default)
2022-12-02 11:13:46,212 [om1-impl-thread1] INFO  server.RaftServerConfigKeys (ConfUtils.java:logGet(46)) - raft.server.log.segment.size.max = 4194304 (custom)
2022-12-02 11:13:46,212 [om1-impl-thread1] INFO  server.RaftServerConfigKeys (ConfUtils.java:logGet(46)) - raft.server.log.preallocated.size = 4194304 (custom)
2022-12-02 11:13:46,212 [om1-impl-thread1] INFO  server.RaftServerConfigKeys (ConfUtils.java:logGet(46)) - raft.server.log.force.sync.num = 128 (default)
2022-12-02 11:13:46,212 [om1-impl-thread1] INFO  server.RaftServerConfigKeys (ConfUtils.java:logGet(46)) - raft.server.log.statemachine.data.sync = true (default)
2022-12-02 11:13:46,212 [om1-impl-thread1] INFO  server.RaftServerConfigKeys (ConfUtils.java:logGet(46)) - raft.server.log.statemachine.data.sync.timeout = 10s (default)
2022-12-02 11:13:46,212 [om1-impl-thread1] INFO  server.RaftServerConfigKeys (ConfUtils.java:logGet(46)) - raft.server.log.statemachine.data.sync.timeout.retry = -1 (default)
2022-12-02 11:13:46,213 [om1-impl-thread1] INFO  server.RaftServerConfigKeys (ConfUtils.java:logGet(46)) - raft.server.log.write.buffer.size = 64KB (=65536) (default)
2022-12-02 11:13:46,213 [om1-impl-thread1] INFO  server.RaftServerConfigKeys (ConfUtils.java:logGet(46)) - raft.server.log.appender.buffer.byte-limit = 33554432 (custom)
2022-12-02 11:13:46,222 [om1-impl-thread1] INFO  server.RaftServerConfigKeys (ConfUtils.java:logGet(46)) - raft.server.log.unsafe-flush.enabled = false (default)
2022-12-02 11:13:46,223 [om1-impl-thread1] INFO  server.RaftServerConfigKeys (ConfUtils.java:logGet(46)) - raft.server.log.async-flush.enabled = false (default)
2022-12-02 11:13:46,223 [om1-impl-thread1] INFO  server.RaftServerConfigKeys (ConfUtils.java:logGet(46)) - raft.server.log.statemachine.data.caching.enabled = false (default)
2022-12-02 11:13:46,223 [om1-impl-thread1] INFO  segmented.SegmentedRaftLogWorker (SegmentedRaftLogWorker.java:lambda$new$0(135)) - om1@group-C5BA1605619E-SegmentedRaftLogWorker: flushIndex: setUnconditionally 0 -> -1
2022-12-02 11:13:46,224 [om1-impl-thread1] INFO  segmented.SegmentedRaftLogWorker (SegmentedRaftLogWorker.java:lambda$new$0(135)) - om1@group-C5BA1605619E-SegmentedRaftLogWorker: safeCacheEvictIndex: setUnconditionally 0 -> -1
2022-12-02 11:13:46,226 [om1-impl-thread1] INFO  server.RaftServer$Division (RaftServerImpl.java:start(334)) - om1@group-C5BA1605619E: start as a follower, conf=-1: peers:[om1|rpc:localhost:9872|priority:0|startupRole:FOLLOWER]|listeners:[], old=null
2022-12-02 11:13:46,226 [om1-impl-thread1] INFO  server.RaftServer$Division (RaftServerImpl.java:setRole(321)) - om1@group-C5BA1605619E: changes role from      null to FOLLOWER at term 0 for startAsFollower
2022-12-02 11:13:46,226 [om1-impl-thread1] INFO  impl.RoleInfo (RoleInfo.java:updateAndGet(139)) - om1: start om1@group-C5BA1605619E-FollowerState
2022-12-02 11:13:46,228 [om1-impl-thread1] INFO  util.JmxRegister (JmxRegister.java:tryRegister(44)) - Successfully registered JMX Bean with object name Ratis:service=RaftServer,group=group-C5BA1605619E,id=om1
2022-12-02 11:13:46,228 [om1-impl-thread1] INFO  server.RaftServerConfigKeys (ConfUtils.java:logGet(46)) - raft.server.snapshot.auto.trigger.enabled = true (custom)
2022-12-02 11:13:46,228 [om1-impl-thread1] INFO  server.RaftServerConfigKeys (ConfUtils.java:logGet(46)) - raft.server.snapshot.auto.trigger.threshold = 400000 (default)
2022-12-02 11:13:46,228 [om1-impl-thread1] INFO  server.RaftServerConfigKeys (ConfUtils.java:logGet(46)) - raft.server.snapshot.retention.file.num = -1 (default)
2022-12-02 11:13:46,228 [om1-impl-thread1] INFO  server.RaftServerConfigKeys (ConfUtils.java:logGet(46)) - raft.server.log.purge.upto.snapshot.index = true (custom)
2022-12-02 11:13:46,229 [Listener at 127.0.0.1/43097] INFO  server.RaftServer (RaftServerProxy.java:startImpl(393)) - om1: start RPC server
2022-12-02 11:13:46,232 [om1@group-C5BA1605619E-FollowerState] INFO  server.RaftServerConfigKeys (ConfUtils.java:logFallback(53)) - raft.server.rpc.first-election.timeout.min = 1s (fallback to raft.server.rpc.timeout.min)
2022-12-02 11:13:46,232 [om1@group-C5BA1605619E-FollowerState] INFO  server.RaftServerConfigKeys (ConfUtils.java:logFallback(53)) - raft.server.rpc.first-election.timeout.max = 1200ms (fallback to raft.server.rpc.timeout.max)
2022-12-02 11:13:46,237 [Listener at 127.0.0.1/43097] INFO  server.GrpcService (GrpcService.java:startImpl(270)) - om1: GrpcService started, listening on 9872
2022-12-02 11:13:46,237 [Listener at 127.0.0.1/43097] INFO  om.OzoneManager (OzoneManager.java:start(1500)) - Version File has different layout version (3) than OM DB (null). That is expected if this OM has never been finalized to a newer layout version.
2022-12-02 11:13:46,238 [JvmPauseMonitor7] INFO  util.JvmPauseMonitor (JvmPauseMonitor.java:run(105)) - JvmPauseMonitor-om1: Started
2022-12-02 11:13:46,250 [Listener at 127.0.0.1/43097] INFO  http.BaseHttpServer (BaseHttpServer.java:newHttpServer2BuilderForOzone(213)) - Starting Web-server for ozoneManager at: http://0.0.0.0:0
2022-12-02 11:13:46,250 [Listener at 127.0.0.1/43097] INFO  http.BaseHttpServer (BaseHttpServer.java:<init>(108)) - Hadoop Security Enabled: false Ozone Security Enabled: false Ozone HTTP Security Enabled: false 
2022-12-02 11:13:46,252 [Listener at 127.0.0.1/43097] WARN  server.AuthenticationFilter (AuthenticationFilter.java:constructSecretProvider(240)) - Unable to initialize FileSignerSecretProvider, falling back to use random secrets. Reason: Could not read signature secret file: /home/runner/hadoop-http-auth-signature-secret
2022-12-02 11:13:46,254 [Listener at 127.0.0.1/43097] WARN  http.HttpRequestLog (HttpRequestLog.java:getRequestLog(103)) - Jetty request log can only be enabled using Log4j
2022-12-02 11:13:46,256 [Listener at 127.0.0.1/43097] INFO  http.HttpServer2 (HttpServer2.java:addGlobalFilter(1031)) - Added global filter 'safety' (class=org.apache.hadoop.hdds.server.http.HttpServer2$QuotingInputFilter)
2022-12-02 11:13:46,257 [Listener at 127.0.0.1/43097] INFO  http.HttpServer2 (HttpServer2.java:addFilter(1007)) - Added filter static_user_filter (class=org.apache.hadoop.http.lib.StaticUserWebFilter$StaticUserFilter) to context ozoneManager
2022-12-02 11:13:46,257 [Listener at 127.0.0.1/43097] INFO  http.HttpServer2 (HttpServer2.java:addFilter(1015)) - Added filter static_user_filter (class=org.apache.hadoop.http.lib.StaticUserWebFilter$StaticUserFilter) to context static
2022-12-02 11:13:46,257 [Listener at 127.0.0.1/43097] INFO  http.HttpServer2 (HttpServer2.java:addFilter(1015)) - Added filter static_user_filter (class=org.apache.hadoop.http.lib.StaticUserWebFilter$StaticUserFilter) to context logs
2022-12-02 11:13:46,258 [Listener at 127.0.0.1/43097] INFO  http.HttpServer2 (HttpServer2.java:bindListener(1250)) - Jetty bound to port 38605
2022-12-02 11:13:46,258 [Listener at 127.0.0.1/43097] INFO  server.Server (Server.java:doStart(375)) - jetty-9.4.49.v20220914; built: 2022-09-14T01:07:36.601Z; git: 4231a3b2e4cb8548a412a789936d640a97b1aa0a; jvm 1.8.0_352-b08
2022-12-02 11:13:46,268 [Listener at 127.0.0.1/43097] INFO  server.session (DefaultSessionIdManager.java:doStart(334)) - DefaultSessionIdManager workerName=node0
2022-12-02 11:13:46,268 [Listener at 127.0.0.1/43097] INFO  server.session (DefaultSessionIdManager.java:doStart(339)) - No SessionScavenger set, using defaults
2022-12-02 11:13:46,269 [Listener at 127.0.0.1/43097] INFO  server.session (HouseKeeper.java:startScavenging(132)) - node0 Scavenging every 600000ms
2022-12-02 11:13:46,274 [Listener at 127.0.0.1/43097] INFO  handler.ContextHandler (ContextHandler.java:doStart(921)) - Started o.e.j.s.ServletContextHandler@5d4f3b82{logs,/logs,file:///home/runner/work/ozone/ozone/hadoop-ozone/integration-test/target/log,AVAILABLE}
2022-12-02 11:13:46,275 [Listener at 127.0.0.1/43097] INFO  handler.ContextHandler (ContextHandler.java:doStart(921)) - Started o.e.j.s.ServletContextHandler@14101d53{static,/static,file:///home/runner/work/ozone/ozone/hadoop-ozone/integration-test/target/test-classes/webapps/static,AVAILABLE}
2022-12-02 11:13:46,280 [Listener at 127.0.0.1/43097] INFO  handler.ContextHandler (ContextHandler.java:doStart(921)) - Started o.e.j.w.WebAppContext@5d657a3a{ozoneManager,/,file:///home/runner/work/ozone/ozone/hadoop-ozone/integration-test/target/test-classes/webapps/ozoneManager/,AVAILABLE}{file:/home/runner/work/ozone/ozone/hadoop-ozone/integration-test/target/test-classes/webapps/ozoneManager}
2022-12-02 11:13:46,281 [Listener at 127.0.0.1/43097] INFO  server.AbstractConnector (AbstractConnector.java:doStart(333)) - Started ServerConnector@706b2ff0{HTTP/1.1, (http/1.1)}{0.0.0.0:38605}
2022-12-02 11:13:46,281 [Listener at 127.0.0.1/43097] INFO  server.Server (Server.java:doStart(415)) - Started @98849ms
2022-12-02 11:13:46,281 [Listener at 127.0.0.1/43097] WARN  impl.MetricsSystemImpl (MetricsSystemImpl.java:register(279)) - Sink prometheus already exists!
2022-12-02 11:13:46,282 [Listener at 127.0.0.1/43097] INFO  http.BaseHttpServer (BaseHttpServer.java:updateConnectorAddress(333)) - HTTP server of ozoneManager listening at http://0.0.0.0:38605
2022-12-02 11:13:46,282 [IPC Server Responder] INFO  ipc.Server (Server.java:run(1512)) - IPC Server Responder: starting
2022-12-02 11:13:46,283 [IPC Server listener on 0] INFO  ipc.Server (Server.java:run(1352)) - IPC Server listener on 0: starting
2022-12-02 11:13:46,286 [Listener at 127.0.0.1/43097] INFO  om.OzoneManager (OzoneManager.java:startTrashEmptier(1921)) - Trash Interval set to 0. Files deleted won't move to trash
2022-12-02 11:13:46,297 [org.apache.hadoop.util.JvmPauseMonitor$Monitor@4d2da8e6] INFO  util.JvmPauseMonitor (JvmPauseMonitor.java:run(188)) - Starting JVM pause monitor
2022-12-02 11:13:46,298 [Listener at 127.0.0.1/43097] WARN  impl.MetricRegistriesImpl (MetricRegistriesImpl.java:addReporterRegistration(111)) - New reporters are added after registries were created. Some metrics will be missing from the reporter. Please add reporter before adding any new registry.
2022-12-02 11:13:46,298 [Listener at 127.0.0.1/43097] WARN  impl.MetricRegistriesImpl (MetricRegistriesImpl.java:addReporterRegistration(111)) - New reporters are added after registries were created. Some metrics will be missing from the reporter. Please add reporter before adding any new registry.
2022-12-02 11:13:46,298 [Listener at 127.0.0.1/43097] INFO  impl.MetricsSystemImpl (MetricsSystemImpl.java:init(158)) - HddsDatanode metrics system started (again)
2022-12-02 11:13:46,311 [Listener at 127.0.0.1/43097] INFO  ozone.HddsDatanodeService (HddsDatanodeService.java:start(236)) - HddsDatanodeService host:fv-az205-634.k2gd1z4tyxsu3cbgyjsjq30zwf.jx.internal.cloudapp.net ip:10.1.0.7
2022-12-02 11:13:46,343 [Listener at 127.0.0.1/43097] INFO  upgrade.AbstractLayoutVersionManager (AbstractLayoutVersionManager.java:init(83)) - Initializing Layout version manager with metadata layout = DATANODE_SCHEMA_V3 (version = 4), software layout = DATANODE_SCHEMA_V3 (version = 4)
2022-12-02 11:13:46,505 [Listener at 127.0.0.1/43097] INFO  reflections.Reflections (Reflections.java:scan(232)) - Reflections took 160 ms to scan 7 urls, producing 140 keys and 342 values 
2022-12-02 11:13:46,514 [Listener at 127.0.0.1/43097] INFO  statemachine.DatanodeStateMachine (DatanodeStateMachine.java:getEndPointTaskThreadPoolSize(245)) - Datanode State Machine Task Thread Pool size 2
2022-12-02 11:13:46,523 [Listener at 127.0.0.1/43097] INFO  volume.HddsVolume (HddsVolume.java:<init>(117)) - Creating HddsVolume: /home/runner/work/ozone/ozone/hadoop-ozone/integration-test/target/test-dir/MiniOzoneClusterImpl-8660d1ca-628d-42b2-bfba-a0a9046af5ec/datanode-0/data-0/containers/hdds of storage type : DISK capacity : 9223372036854775807
2022-12-02 11:13:46,523 [Listener at 127.0.0.1/43097] INFO  volume.MutableVolumeSet (MutableVolumeSet.java:initializeVolumeSet(174)) - Added Volume : /home/runner/work/ozone/ozone/hadoop-ozone/integration-test/target/test-dir/MiniOzoneClusterImpl-8660d1ca-628d-42b2-bfba-a0a9046af5ec/datanode-0/data-0/containers/hdds to VolumeSet
2022-12-02 11:13:46,523 [Listener at 127.0.0.1/43097] INFO  volume.ThrottledAsyncChecker (ThrottledAsyncChecker.java:schedule(141)) - Scheduling a check for /home/runner/work/ozone/ozone/hadoop-ozone/integration-test/target/test-dir/MiniOzoneClusterImpl-8660d1ca-628d-42b2-bfba-a0a9046af5ec/datanode-0/data-0/containers/hdds
2022-12-02 11:13:46,529 [Listener at 127.0.0.1/43097] INFO  volume.StorageVolumeChecker (StorageVolumeChecker.java:checkAllVolumes(202)) - Scheduled health check for volume /home/runner/work/ozone/ozone/hadoop-ozone/integration-test/target/test-dir/MiniOzoneClusterImpl-8660d1ca-628d-42b2-bfba-a0a9046af5ec/datanode-0/data-0/containers/hdds
2022-12-02 11:13:46,544 [Listener at 127.0.0.1/43097] INFO  volume.MutableVolumeSet (MutableVolumeSet.java:initializeVolumeSet(174)) - Added Volume : /home/runner/work/ozone/ozone/hadoop-ozone/integration-test/target/test-dir/MiniOzoneClusterImpl-8660d1ca-628d-42b2-bfba-a0a9046af5ec/datanode-0/data/ratis to VolumeSet
2022-12-02 11:13:46,544 [Listener at 127.0.0.1/43097] INFO  volume.ThrottledAsyncChecker (ThrottledAsyncChecker.java:schedule(141)) - Scheduling a check for /home/runner/work/ozone/ozone/hadoop-ozone/integration-test/target/test-dir/MiniOzoneClusterImpl-8660d1ca-628d-42b2-bfba-a0a9046af5ec/datanode-0/data/ratis
2022-12-02 11:13:46,544 [Listener at 127.0.0.1/43097] INFO  volume.StorageVolumeChecker (StorageVolumeChecker.java:checkAllVolumes(202)) - Scheduled health check for volume /home/runner/work/ozone/ozone/hadoop-ozone/integration-test/target/test-dir/MiniOzoneClusterImpl-8660d1ca-628d-42b2-bfba-a0a9046af5ec/datanode-0/data/ratis
2022-12-02 11:13:46,557 [Thread-578] INFO  ozoneimpl.ContainerReader (ContainerReader.java:readVolume(175)) - Finish verifying containers on volume /home/runner/work/ozone/ozone/hadoop-ozone/integration-test/target/test-dir/MiniOzoneClusterImpl-8660d1ca-628d-42b2-bfba-a0a9046af5ec/datanode-0/data-0/containers/hdds
2022-12-02 11:13:46,557 [Listener at 127.0.0.1/43097] INFO  ozoneimpl.OzoneContainer (OzoneContainer.java:buildContainerSet(301)) - Build ContainerSet costs 0s
2022-12-02 11:13:46,562 [Listener at 127.0.0.1/43097] INFO  server.RaftServer (ConfUtils.java:logGet(46)) - raft.rpc.type = GRPC (default)
2022-12-02 11:13:46,563 [Listener at 127.0.0.1/43097] INFO  grpc.GrpcConfigKeys (ConfUtils.java:logFallback(53)) - raft.grpc.admin.host = null (fallback to raft.grpc.server.host)
2022-12-02 11:13:46,563 [Listener at 127.0.0.1/43097] INFO  grpc.GrpcConfigKeys (ConfUtils.java:logGet(46)) - raft.grpc.admin.port = 0 (custom)
2022-12-02 11:13:46,563 [Listener at 127.0.0.1/43097] INFO  grpc.GrpcConfigKeys (ConfUtils.java:logFallback(53)) - raft.grpc.client.host = null (fallback to raft.grpc.server.host)
2022-12-02 11:13:46,563 [Listener at 127.0.0.1/43097] INFO  grpc.GrpcConfigKeys (ConfUtils.java:logGet(46)) - raft.grpc.client.port = 0 (custom)
2022-12-02 11:13:46,563 [Listener at 127.0.0.1/43097] INFO  grpc.GrpcConfigKeys (ConfUtils.java:logGet(46)) - raft.grpc.server.host = null (default)
2022-12-02 11:13:46,564 [Listener at 127.0.0.1/43097] INFO  grpc.GrpcConfigKeys (ConfUtils.java:logGet(46)) - raft.grpc.server.port = 0 (default)
2022-12-02 11:13:46,564 [Listener at 127.0.0.1/43097] INFO  server.GrpcService (ConfUtils.java:logGet(46)) - raft.grpc.message.size.max = 32MB (=33554432) (custom)
2022-12-02 11:13:46,564 [Listener at 127.0.0.1/43097] INFO  server.RaftServerConfigKeys (ConfUtils.java:logGet(46)) - raft.server.log.appender.buffer.byte-limit = 33554432 (custom)
2022-12-02 11:13:46,564 [Listener at 127.0.0.1/43097] INFO  server.GrpcService (ConfUtils.java:logGet(46)) - raft.grpc.flow.control.window = 5MB (=5242880) (custom)
2022-12-02 11:13:46,564 [Listener at 127.0.0.1/43097] INFO  server.RaftServerConfigKeys (ConfUtils.java:logGet(46)) - raft.server.rpc.request.timeout = 60s (custom)
2022-12-02 11:13:46,565 [Listener at 127.0.0.1/43097] INFO  grpc.GrpcConfigKeys (ConfUtils.java:logGet(46)) - raft.grpc.server.heartbeat.channel = true (default)
2022-12-02 11:13:46,565 [Listener at 127.0.0.1/43097] INFO  grpc.GrpcConfigKeys (ConfUtils.java:logGet(46)) - raft.grpc.server.async.request.thread.pool.cached = true (default)
2022-12-02 11:13:46,565 [Listener at 127.0.0.1/43097] INFO  grpc.GrpcConfigKeys (ConfUtils.java:logGet(46)) - raft.grpc.server.async.request.thread.pool.size = 32 (default)
2022-12-02 11:13:46,566 [Listener at 127.0.0.1/43097] INFO  impl.DataStreamServerImpl (ConfUtils.java:logGet(46)) - raft.datastream.type = DISABLED (default)
2022-12-02 11:13:46,567 [Listener at 127.0.0.1/43097] INFO  server.RaftServerConfigKeys (ConfUtils.java:logGet(46)) - raft.server.threadpool.proxy.cached = true (default)
2022-12-02 11:13:46,567 [Listener at 127.0.0.1/43097] INFO  server.RaftServerConfigKeys (ConfUtils.java:logGet(46)) - raft.server.threadpool.proxy.size = 0 (default)
2022-12-02 11:13:46,567 [Listener at 127.0.0.1/43097] INFO  server.RaftServerConfigKeys (ConfUtils.java:logGet(46)) - raft.server.rpc.slowness.timeout = 300s (custom)
2022-12-02 11:13:46,567 [Listener at 127.0.0.1/43097] INFO  server.RaftServerConfigKeys (ConfUtils.java:logGet(46)) - raft.server.leaderelection.leader.step-down.wait-time = 10s (default)
2022-12-02 11:13:46,567 [Listener at 127.0.0.1/43097] INFO  server.RaftServerConfigKeys (ConfUtils.java:logGet(46)) - raft.server.storage.dir = [/home/runner/work/ozone/ozone/hadoop-ozone/integration-test/target/test-dir/MiniOzoneClusterImpl-8660d1ca-628d-42b2-bfba-a0a9046af5ec/datanode-0/data/ratis] (custom)
2022-12-02 11:13:46,569 [Listener at 127.0.0.1/43097] INFO  server.XceiverServerGrpc (XceiverServerGrpc.java:<init>(132)) - GrpcServer channel type EpollServerSocketChannel
2022-12-02 11:13:46,573 [Listener at 127.0.0.1/43097] INFO  http.BaseHttpServer (BaseHttpServer.java:newHttpServer2BuilderForOzone(213)) - Starting Web-server for hddsDatanode at: http://0.0.0.0:0
2022-12-02 11:13:46,573 [Listener at 127.0.0.1/43097] INFO  http.BaseHttpServer (BaseHttpServer.java:<init>(108)) - Hadoop Security Enabled: false Ozone Security Enabled: false Ozone HTTP Security Enabled: false 
2022-12-02 11:13:46,575 [Listener at 127.0.0.1/43097] WARN  server.AuthenticationFilter (AuthenticationFilter.java:constructSecretProvider(240)) - Unable to initialize FileSignerSecretProvider, falling back to use random secrets. Reason: Could not read signature secret file: /home/runner/hadoop-http-auth-signature-secret
2022-12-02 11:13:46,575 [Listener at 127.0.0.1/43097] WARN  http.HttpRequestLog (HttpRequestLog.java:getRequestLog(103)) - Jetty request log can only be enabled using Log4j
2022-12-02 11:13:46,577 [Listener at 127.0.0.1/43097] INFO  http.HttpServer2 (HttpServer2.java:addGlobalFilter(1031)) - Added global filter 'safety' (class=org.apache.hadoop.hdds.server.http.HttpServer2$QuotingInputFilter)
2022-12-02 11:13:46,578 [Listener at 127.0.0.1/43097] INFO  http.HttpServer2 (HttpServer2.java:addFilter(1007)) - Added filter static_user_filter (class=org.apache.hadoop.http.lib.StaticUserWebFilter$StaticUserFilter) to context hddsDatanode
2022-12-02 11:13:46,578 [Listener at 127.0.0.1/43097] INFO  http.HttpServer2 (HttpServer2.java:addFilter(1015)) - Added filter static_user_filter (class=org.apache.hadoop.http.lib.StaticUserWebFilter$StaticUserFilter) to context logs
2022-12-02 11:13:46,578 [Listener at 127.0.0.1/43097] INFO  http.HttpServer2 (HttpServer2.java:addFilter(1015)) - Added filter static_user_filter (class=org.apache.hadoop.http.lib.StaticUserWebFilter$StaticUserFilter) to context static
2022-12-02 11:13:46,579 [Listener at 127.0.0.1/43097] INFO  http.HttpServer2 (HttpServer2.java:bindListener(1250)) - Jetty bound to port 37639
2022-12-02 11:13:46,579 [Listener at 127.0.0.1/43097] INFO  server.Server (Server.java:doStart(375)) - jetty-9.4.49.v20220914; built: 2022-09-14T01:07:36.601Z; git: 4231a3b2e4cb8548a412a789936d640a97b1aa0a; jvm 1.8.0_352-b08
2022-12-02 11:13:46,581 [Listener at 127.0.0.1/43097] INFO  server.session (DefaultSessionIdManager.java:doStart(334)) - DefaultSessionIdManager workerName=node0
2022-12-02 11:13:46,581 [Listener at 127.0.0.1/43097] INFO  server.session (DefaultSessionIdManager.java:doStart(339)) - No SessionScavenger set, using defaults
2022-12-02 11:13:46,582 [Listener at 127.0.0.1/43097] INFO  server.session (HouseKeeper.java:startScavenging(132)) - node0 Scavenging every 600000ms
2022-12-02 11:13:46,582 [Listener at 127.0.0.1/43097] INFO  handler.ContextHandler (ContextHandler.java:doStart(921)) - Started o.e.j.s.ServletContextHandler@7c461c22{logs,/logs,file:///home/runner/work/ozone/ozone/hadoop-ozone/integration-test/target/log,AVAILABLE}
2022-12-02 11:13:46,583 [Listener at 127.0.0.1/43097] INFO  handler.ContextHandler (ContextHandler.java:doStart(921)) - Started o.e.j.s.ServletContextHandler@243deeda{static,/static,jar:file:/home/runner/.m2/repository/org/apache/ozone/hdds-container-service/1.3.0-SNAPSHOT/hdds-container-service-1.3.0-SNAPSHOT.jar!/webapps/static,AVAILABLE}
2022-12-02 11:13:46,805 [Listener at 127.0.0.1/43097] INFO  handler.ContextHandler (ContextHandler.java:doStart(921)) - Started o.e.j.w.WebAppContext@2b99c80d{hddsDatanode,/,file:///tmp/jetty-0_0_0_0-37639-hdds-container-service-1_3_0-SNAPSHOT_jar-_-any-507940592357345142/webapp/,AVAILABLE}{jar:file:/home/runner/.m2/repository/org/apache/ozone/hdds-container-service/1.3.0-SNAPSHOT/hdds-container-service-1.3.0-SNAPSHOT.jar!/webapps/hddsDatanode}
2022-12-02 11:13:46,818 [Listener at 127.0.0.1/43097] INFO  server.AbstractConnector (AbstractConnector.java:doStart(333)) - Started ServerConnector@1dfc03d{HTTP/1.1, (http/1.1)}{0.0.0.0:37639}
2022-12-02 11:13:46,818 [Listener at 127.0.0.1/43097] INFO  server.Server (Server.java:doStart(415)) - Started @99387ms
2022-12-02 11:13:46,819 [Listener at 127.0.0.1/43097] WARN  impl.MetricsSystemImpl (MetricsSystemImpl.java:register(279)) - Sink prometheus already exists!
2022-12-02 11:13:46,831 [Listener at 127.0.0.1/43097] INFO  http.BaseHttpServer (BaseHttpServer.java:updateConnectorAddress(333)) - HTTP server of hddsDatanode listening at http://0.0.0.0:37639
2022-12-02 11:13:46,838 [Listener at 127.0.0.1/43097] WARN  impl.MetricRegistriesImpl (MetricRegistriesImpl.java:addReporterRegistration(111)) - New reporters are added after registries were created. Some metrics will be missing from the reporter. Please add reporter before adding any new registry.
2022-12-02 11:13:46,839 [Listener at 127.0.0.1/43097] WARN  impl.MetricRegistriesImpl (MetricRegistriesImpl.java:addReporterRegistration(111)) - New reporters are added after registries were created. Some metrics will be missing from the reporter. Please add reporter before adding any new registry.
2022-12-02 11:13:46,839 [Listener at 127.0.0.1/43097] INFO  impl.MetricsSystemImpl (MetricsSystemImpl.java:init(158)) - HddsDatanode metrics system started (again)
2022-12-02 11:13:46,846 [Datanode State Machine Daemon Thread] INFO  statemachine.DatanodeStateMachine (DatanodeStateMachine.java:lambda$startDaemon$0(505)) - Ozone container server started.
2022-12-02 11:13:46,866 [org.apache.hadoop.util.JvmPauseMonitor$Monitor@485d1e28] INFO  util.JvmPauseMonitor (JvmPauseMonitor.java:run(188)) - Starting JVM pause monitor
2022-12-02 11:13:46,872 [Listener at 127.0.0.1/43097] INFO  ozone.HddsDatanodeService (HddsDatanodeService.java:start(236)) - HddsDatanodeService host:fv-az205-634.k2gd1z4tyxsu3cbgyjsjq30zwf.jx.internal.cloudapp.net ip:10.1.0.7
2022-12-02 11:13:46,873 [Datanode State Machine Task Thread - 0] INFO  datanode.InitDatanodeState (InitDatanodeState.java:persistContainerDatanodeDetails(138)) - DatanodeDetails is persisted to /home/runner/work/ozone/ozone/hadoop-ozone/integration-test/target/test-dir/MiniOzoneClusterImpl-8660d1ca-628d-42b2-bfba-a0a9046af5ec/datanode-0/meta/datanode.id
2022-12-02 11:13:46,900 [Listener at 127.0.0.1/43097] INFO  upgrade.AbstractLayoutVersionManager (AbstractLayoutVersionManager.java:init(83)) - Initializing Layout version manager with metadata layout = DATANODE_SCHEMA_V3 (version = 4), software layout = DATANODE_SCHEMA_V3 (version = 4)
2022-12-02 11:13:46,964 [Listener at 127.0.0.1/43097] INFO  reflections.Reflections (Reflections.java:scan(232)) - Reflections took 62 ms to scan 7 urls, producing 140 keys and 342 values 
2022-12-02 11:13:46,966 [Listener at 127.0.0.1/43097] INFO  statemachine.DatanodeStateMachine (DatanodeStateMachine.java:getEndPointTaskThreadPoolSize(245)) - Datanode State Machine Task Thread Pool size 2
2022-12-02 11:13:46,971 [Listener at 127.0.0.1/43097] INFO  volume.HddsVolume (HddsVolume.java:<init>(117)) - Creating HddsVolume: /home/runner/work/ozone/ozone/hadoop-ozone/integration-test/target/test-dir/MiniOzoneClusterImpl-8660d1ca-628d-42b2-bfba-a0a9046af5ec/datanode-1/data-0/containers/hdds of storage type : DISK capacity : 9223372036854775807
2022-12-02 11:13:46,971 [Listener at 127.0.0.1/43097] INFO  volume.MutableVolumeSet (MutableVolumeSet.java:initializeVolumeSet(174)) - Added Volume : /home/runner/work/ozone/ozone/hadoop-ozone/integration-test/target/test-dir/MiniOzoneClusterImpl-8660d1ca-628d-42b2-bfba-a0a9046af5ec/datanode-1/data-0/containers/hdds to VolumeSet
2022-12-02 11:13:46,972 [Listener at 127.0.0.1/43097] INFO  volume.ThrottledAsyncChecker (ThrottledAsyncChecker.java:schedule(141)) - Scheduling a check for /home/runner/work/ozone/ozone/hadoop-ozone/integration-test/target/test-dir/MiniOzoneClusterImpl-8660d1ca-628d-42b2-bfba-a0a9046af5ec/datanode-1/data-0/containers/hdds
2022-12-02 11:13:46,973 [Listener at 127.0.0.1/43097] INFO  volume.StorageVolumeChecker (StorageVolumeChecker.java:checkAllVolumes(202)) - Scheduled health check for volume /home/runner/work/ozone/ozone/hadoop-ozone/integration-test/target/test-dir/MiniOzoneClusterImpl-8660d1ca-628d-42b2-bfba-a0a9046af5ec/datanode-1/data-0/containers/hdds
2022-12-02 11:13:46,992 [Listener at 127.0.0.1/43097] INFO  volume.MutableVolumeSet (MutableVolumeSet.java:initializeVolumeSet(174)) - Added Volume : /home/runner/work/ozone/ozone/hadoop-ozone/integration-test/target/test-dir/MiniOzoneClusterImpl-8660d1ca-628d-42b2-bfba-a0a9046af5ec/datanode-1/data/ratis to VolumeSet
2022-12-02 11:13:46,992 [Listener at 127.0.0.1/43097] INFO  volume.ThrottledAsyncChecker (ThrottledAsyncChecker.java:schedule(141)) - Scheduling a check for /home/runner/work/ozone/ozone/hadoop-ozone/integration-test/target/test-dir/MiniOzoneClusterImpl-8660d1ca-628d-42b2-bfba-a0a9046af5ec/datanode-1/data/ratis
2022-12-02 11:13:46,993 [Listener at 127.0.0.1/43097] INFO  volume.StorageVolumeChecker (StorageVolumeChecker.java:checkAllVolumes(202)) - Scheduled health check for volume /home/runner/work/ozone/ozone/hadoop-ozone/integration-test/target/test-dir/MiniOzoneClusterImpl-8660d1ca-628d-42b2-bfba-a0a9046af5ec/datanode-1/data/ratis
2022-12-02 11:13:47,006 [Thread-591] INFO  ozoneimpl.ContainerReader (ContainerReader.java:readVolume(175)) - Finish verifying containers on volume /home/runner/work/ozone/ozone/hadoop-ozone/integration-test/target/test-dir/MiniOzoneClusterImpl-8660d1ca-628d-42b2-bfba-a0a9046af5ec/datanode-1/data-0/containers/hdds
2022-12-02 11:13:47,006 [Listener at 127.0.0.1/43097] INFO  ozoneimpl.OzoneContainer (OzoneContainer.java:buildContainerSet(301)) - Build ContainerSet costs 0s
2022-12-02 11:13:47,014 [Listener at 127.0.0.1/43097] INFO  server.RaftServer (ConfUtils.java:logGet(46)) - raft.rpc.type = GRPC (default)
2022-12-02 11:13:47,014 [Listener at 127.0.0.1/43097] INFO  grpc.GrpcConfigKeys (ConfUtils.java:logFallback(53)) - raft.grpc.admin.host = null (fallback to raft.grpc.server.host)
2022-12-02 11:13:47,014 [Listener at 127.0.0.1/43097] INFO  grpc.GrpcConfigKeys (ConfUtils.java:logGet(46)) - raft.grpc.admin.port = 0 (custom)
2022-12-02 11:13:47,015 [Listener at 127.0.0.1/43097] INFO  grpc.GrpcConfigKeys (ConfUtils.java:logFallback(53)) - raft.grpc.client.host = null (fallback to raft.grpc.server.host)
2022-12-02 11:13:47,015 [Listener at 127.0.0.1/43097] INFO  grpc.GrpcConfigKeys (ConfUtils.java:logGet(46)) - raft.grpc.client.port = 0 (custom)
2022-12-02 11:13:47,015 [Listener at 127.0.0.1/43097] INFO  grpc.GrpcConfigKeys (ConfUtils.java:logGet(46)) - raft.grpc.server.host = null (default)
2022-12-02 11:13:47,015 [Listener at 127.0.0.1/43097] INFO  grpc.GrpcConfigKeys (ConfUtils.java:logGet(46)) - raft.grpc.server.port = 0 (default)
2022-12-02 11:13:47,015 [Listener at 127.0.0.1/43097] INFO  server.GrpcService (ConfUtils.java:logGet(46)) - raft.grpc.message.size.max = 32MB (=33554432) (custom)
2022-12-02 11:13:47,016 [Listener at 127.0.0.1/43097] INFO  server.RaftServerConfigKeys (ConfUtils.java:logGet(46)) - raft.server.log.appender.buffer.byte-limit = 33554432 (custom)
2022-12-02 11:13:47,016 [Listener at 127.0.0.1/43097] INFO  server.GrpcService (ConfUtils.java:logGet(46)) - raft.grpc.flow.control.window = 5MB (=5242880) (custom)
2022-12-02 11:13:47,017 [Listener at 127.0.0.1/43097] INFO  server.RaftServerConfigKeys (ConfUtils.java:logGet(46)) - raft.server.rpc.request.timeout = 60s (custom)
2022-12-02 11:13:47,017 [Listener at 127.0.0.1/43097] INFO  grpc.GrpcConfigKeys (ConfUtils.java:logGet(46)) - raft.grpc.server.heartbeat.channel = true (default)
2022-12-02 11:13:47,017 [Listener at 127.0.0.1/43097] INFO  grpc.GrpcConfigKeys (ConfUtils.java:logGet(46)) - raft.grpc.server.async.request.thread.pool.cached = true (default)
2022-12-02 11:13:47,017 [Listener at 127.0.0.1/43097] INFO  grpc.GrpcConfigKeys (ConfUtils.java:logGet(46)) - raft.grpc.server.async.request.thread.pool.size = 32 (default)
2022-12-02 11:13:47,019 [Listener at 127.0.0.1/43097] INFO  impl.DataStreamServerImpl (ConfUtils.java:logGet(46)) - raft.datastream.type = DISABLED (default)
2022-12-02 11:13:47,019 [Listener at 127.0.0.1/43097] INFO  server.RaftServerConfigKeys (ConfUtils.java:logGet(46)) - raft.server.threadpool.proxy.cached = true (default)
2022-12-02 11:13:47,019 [Listener at 127.0.0.1/43097] INFO  server.RaftServerConfigKeys (ConfUtils.java:logGet(46)) - raft.server.threadpool.proxy.size = 0 (default)
2022-12-02 11:13:47,020 [Listener at 127.0.0.1/43097] INFO  server.RaftServerConfigKeys (ConfUtils.java:logGet(46)) - raft.server.rpc.slowness.timeout = 300s (custom)
2022-12-02 11:13:47,020 [Listener at 127.0.0.1/43097] INFO  server.RaftServerConfigKeys (ConfUtils.java:logGet(46)) - raft.server.leaderelection.leader.step-down.wait-time = 10s (default)
2022-12-02 11:13:47,020 [Listener at 127.0.0.1/43097] INFO  server.RaftServerConfigKeys (ConfUtils.java:logGet(46)) - raft.server.storage.dir = [/home/runner/work/ozone/ozone/hadoop-ozone/integration-test/target/test-dir/MiniOzoneClusterImpl-8660d1ca-628d-42b2-bfba-a0a9046af5ec/datanode-1/data/ratis] (custom)
2022-12-02 11:13:47,027 [Listener at 127.0.0.1/43097] INFO  server.XceiverServerGrpc (XceiverServerGrpc.java:<init>(132)) - GrpcServer channel type EpollServerSocketChannel
2022-12-02 11:13:47,039 [Listener at 127.0.0.1/43097] INFO  http.BaseHttpServer (BaseHttpServer.java:newHttpServer2BuilderForOzone(213)) - Starting Web-server for hddsDatanode at: http://0.0.0.0:0
2022-12-02 11:13:47,039 [Listener at 127.0.0.1/43097] INFO  http.BaseHttpServer (BaseHttpServer.java:<init>(108)) - Hadoop Security Enabled: false Ozone Security Enabled: false Ozone HTTP Security Enabled: false 
2022-12-02 11:13:47,042 [Listener at 127.0.0.1/43097] WARN  server.AuthenticationFilter (AuthenticationFilter.java:constructSecretProvider(240)) - Unable to initialize FileSignerSecretProvider, falling back to use random secrets. Reason: Could not read signature secret file: /home/runner/hadoop-http-auth-signature-secret
2022-12-02 11:13:47,049 [Listener at 127.0.0.1/43097] WARN  http.HttpRequestLog (HttpRequestLog.java:getRequestLog(103)) - Jetty request log can only be enabled using Log4j
2022-12-02 11:13:47,052 [Listener at 127.0.0.1/43097] INFO  http.HttpServer2 (HttpServer2.java:addGlobalFilter(1031)) - Added global filter 'safety' (class=org.apache.hadoop.hdds.server.http.HttpServer2$QuotingInputFilter)
2022-12-02 11:13:47,052 [Listener at 127.0.0.1/43097] INFO  http.HttpServer2 (HttpServer2.java:addFilter(1007)) - Added filter static_user_filter (class=org.apache.hadoop.http.lib.StaticUserWebFilter$StaticUserFilter) to context hddsDatanode
2022-12-02 11:13:47,053 [Listener at 127.0.0.1/43097] INFO  http.HttpServer2 (HttpServer2.java:addFilter(1015)) - Added filter static_user_filter (class=org.apache.hadoop.http.lib.StaticUserWebFilter$StaticUserFilter) to context logs
2022-12-02 11:13:47,053 [Listener at 127.0.0.1/43097] INFO  http.HttpServer2 (HttpServer2.java:addFilter(1015)) - Added filter static_user_filter (class=org.apache.hadoop.http.lib.StaticUserWebFilter$StaticUserFilter) to context static
2022-12-02 11:13:47,054 [Listener at 127.0.0.1/43097] INFO  http.HttpServer2 (HttpServer2.java:bindListener(1250)) - Jetty bound to port 37043
2022-12-02 11:13:47,054 [Listener at 127.0.0.1/43097] INFO  server.Server (Server.java:doStart(375)) - jetty-9.4.49.v20220914; built: 2022-09-14T01:07:36.601Z; git: 4231a3b2e4cb8548a412a789936d640a97b1aa0a; jvm 1.8.0_352-b08
2022-12-02 11:13:47,065 [Listener at 127.0.0.1/43097] INFO  server.session (DefaultSessionIdManager.java:doStart(334)) - DefaultSessionIdManager workerName=node0
2022-12-02 11:13:47,065 [Listener at 127.0.0.1/43097] INFO  server.session (DefaultSessionIdManager.java:doStart(339)) - No SessionScavenger set, using defaults
2022-12-02 11:13:47,066 [Listener at 127.0.0.1/43097] INFO  server.session (HouseKeeper.java:startScavenging(132)) - node0 Scavenging every 600000ms
2022-12-02 11:13:47,068 [Listener at 127.0.0.1/43097] INFO  handler.ContextHandler (ContextHandler.java:doStart(921)) - Started o.e.j.s.ServletContextHandler@79ed2670{logs,/logs,file:///home/runner/work/ozone/ozone/hadoop-ozone/integration-test/target/log,AVAILABLE}
2022-12-02 11:13:47,069 [Listener at 127.0.0.1/43097] INFO  handler.ContextHandler (ContextHandler.java:doStart(921)) - Started o.e.j.s.ServletContextHandler@3d4258ff{static,/static,jar:file:/home/runner/.m2/repository/org/apache/ozone/hdds-container-service/1.3.0-SNAPSHOT/hdds-container-service-1.3.0-SNAPSHOT.jar!/webapps/static,AVAILABLE}
2022-12-02 11:13:47,299 [Listener at 127.0.0.1/43097] INFO  handler.ContextHandler (ContextHandler.java:doStart(921)) - Started o.e.j.w.WebAppContext@162989b9{hddsDatanode,/,file:///tmp/jetty-0_0_0_0-37043-hdds-container-service-1_3_0-SNAPSHOT_jar-_-any-459410800139909552/webapp/,AVAILABLE}{jar:file:/home/runner/.m2/repository/org/apache/ozone/hdds-container-service/1.3.0-SNAPSHOT/hdds-container-service-1.3.0-SNAPSHOT.jar!/webapps/hddsDatanode}
2022-12-02 11:13:47,300 [Listener at 127.0.0.1/43097] INFO  server.AbstractConnector (AbstractConnector.java:doStart(333)) - Started ServerConnector@1b621efe{HTTP/1.1, (http/1.1)}{0.0.0.0:37043}
2022-12-02 11:13:47,300 [Listener at 127.0.0.1/43097] INFO  server.Server (Server.java:doStart(415)) - Started @99869ms
2022-12-02 11:13:47,300 [Listener at 127.0.0.1/43097] WARN  impl.MetricsSystemImpl (MetricsSystemImpl.java:register(279)) - Sink prometheus already exists!
2022-12-02 11:13:47,301 [Listener at 127.0.0.1/43097] INFO  http.BaseHttpServer (BaseHttpServer.java:updateConnectorAddress(333)) - HTTP server of hddsDatanode listening at http://0.0.0.0:37043
2022-12-02 11:13:47,302 [Listener at 127.0.0.1/43097] WARN  impl.MetricRegistriesImpl (MetricRegistriesImpl.java:addReporterRegistration(111)) - New reporters are added after registries were created. Some metrics will be missing from the reporter. Please add reporter before adding any new registry.
2022-12-02 11:13:47,302 [Listener at 127.0.0.1/43097] WARN  impl.MetricRegistriesImpl (MetricRegistriesImpl.java:addReporterRegistration(111)) - New reporters are added after registries were created. Some metrics will be missing from the reporter. Please add reporter before adding any new registry.
2022-12-02 11:13:47,302 [Listener at 127.0.0.1/43097] INFO  impl.MetricsSystemImpl (MetricsSystemImpl.java:init(158)) - HddsDatanode metrics system started (again)
2022-12-02 11:13:47,310 [Datanode State Machine Daemon Thread] INFO  statemachine.DatanodeStateMachine (DatanodeStateMachine.java:lambda$startDaemon$0(505)) - Ozone container server started.
2022-12-02 11:13:47,326 [org.apache.hadoop.util.JvmPauseMonitor$Monitor@19148703] INFO  util.JvmPauseMonitor (JvmPauseMonitor.java:run(188)) - Starting JVM pause monitor
2022-12-02 11:13:47,335 [Listener at 127.0.0.1/43097] INFO  ozone.HddsDatanodeService (HddsDatanodeService.java:start(236)) - HddsDatanodeService host:fv-az205-634.k2gd1z4tyxsu3cbgyjsjq30zwf.jx.internal.cloudapp.net ip:10.1.0.7
2022-12-02 11:13:47,344 [Datanode State Machine Task Thread - 0] INFO  datanode.InitDatanodeState (InitDatanodeState.java:persistContainerDatanodeDetails(138)) - DatanodeDetails is persisted to /home/runner/work/ozone/ozone/hadoop-ozone/integration-test/target/test-dir/MiniOzoneClusterImpl-8660d1ca-628d-42b2-bfba-a0a9046af5ec/datanode-1/meta/datanode.id
2022-12-02 11:13:47,376 [Listener at 127.0.0.1/43097] INFO  upgrade.AbstractLayoutVersionManager (AbstractLayoutVersionManager.java:init(83)) - Initializing Layout version manager with metadata layout = DATANODE_SCHEMA_V3 (version = 4), software layout = DATANODE_SCHEMA_V3 (version = 4)
2022-12-02 11:13:47,378 [om1@group-C5BA1605619E-FollowerState] INFO  impl.FollowerState (FollowerState.java:run(143)) - om1@group-C5BA1605619E-FollowerState: change to CANDIDATE, lastRpcElapsedTime:1151693643ns, electionTimeout:1145ms
2022-12-02 11:13:47,378 [om1@group-C5BA1605619E-FollowerState] INFO  impl.RoleInfo (RoleInfo.java:shutdownFollowerState(110)) - om1: shutdown om1@group-C5BA1605619E-FollowerState
2022-12-02 11:13:47,378 [om1@group-C5BA1605619E-FollowerState] INFO  server.RaftServer$Division (RaftServerImpl.java:setRole(321)) - om1@group-C5BA1605619E: changes role from  FOLLOWER to CANDIDATE at term 0 for changeToCandidate
2022-12-02 11:13:47,378 [om1@group-C5BA1605619E-FollowerState] INFO  server.RaftServerConfigKeys (ConfUtils.java:logGet(46)) - raft.server.leaderelection.pre-vote = false (custom)
2022-12-02 11:13:47,378 [om1@group-C5BA1605619E-FollowerState] INFO  impl.RoleInfo (RoleInfo.java:updateAndGet(139)) - om1: start om1@group-C5BA1605619E-LeaderElection21
2022-12-02 11:13:47,387 [om1@group-C5BA1605619E-LeaderElection21] INFO  impl.LeaderElection (LeaderElection.java:askForVotes(312)) - om1@group-C5BA1605619E-LeaderElection21 ELECTION round 0: submit vote requests at term 1 for -1: peers:[om1|rpc:localhost:9872|priority:0|startupRole:FOLLOWER]|listeners:[], old=null
2022-12-02 11:13:47,387 [om1@group-C5BA1605619E-LeaderElection21] INFO  impl.LeaderElection (LeaderElection.java:askForVotes(314)) - om1@group-C5BA1605619E-LeaderElection21 ELECTION round 0: result PASSED (term=1)
2022-12-02 11:13:47,387 [om1@group-C5BA1605619E-LeaderElection21] INFO  impl.RoleInfo (RoleInfo.java:shutdownLeaderElection(130)) - om1: shutdown om1@group-C5BA1605619E-LeaderElection21
2022-12-02 11:13:47,387 [om1@group-C5BA1605619E-LeaderElection21] INFO  server.RaftServer$Division (RaftServerImpl.java:setRole(321)) - om1@group-C5BA1605619E: changes role from CANDIDATE to LEADER at term 1 for changeToLeader
2022-12-02 11:13:47,387 [om1@group-C5BA1605619E-LeaderElection21] INFO  server.RaftServer$Division (ServerState.java:setLeader(313)) - om1@group-C5BA1605619E: change Leader from null to om1 at term 1 for becomeLeader, leader elected after 1792ms
2022-12-02 11:13:47,387 [om1@group-C5BA1605619E-LeaderElection21] INFO  server.RaftServerConfigKeys (ConfUtils.java:logGet(46)) - raft.server.staging.catchup.gap = 1000 (default)
2022-12-02 11:13:47,387 [om1@group-C5BA1605619E-LeaderElection21] INFO  server.RaftServerConfigKeys (ConfUtils.java:logGet(46)) - raft.server.write.element-limit = 4096 (default)
2022-12-02 11:13:47,389 [om1@group-C5BA1605619E-LeaderElection21] INFO  server.RaftServerConfigKeys (ConfUtils.java:logGet(46)) - raft.server.write.byte-limit = 64MB (=67108864) (default)
2022-12-02 11:13:47,389 [om1@group-C5BA1605619E-LeaderElection21] INFO  server.RaftServerConfigKeys (ConfUtils.java:logGet(46)) - raft.server.watch.timeout = 10s (default)
2022-12-02 11:13:47,389 [om1@group-C5BA1605619E-LeaderElection21] INFO  server.RaftServerConfigKeys (ConfUtils.java:logGet(46)) - raft.server.watch.timeout.denomination = 1s (default)
2022-12-02 11:13:47,389 [om1@group-C5BA1605619E-LeaderElection21] INFO  server.RaftServerConfigKeys (ConfUtils.java:logGet(46)) - raft.server.watch.element-limit = 65536 (default)
2022-12-02 11:13:47,389 [om1@group-C5BA1605619E-LeaderElection21] INFO  server.RaftServerConfigKeys (ConfUtils.java:logGet(46)) - raft.server.write.element-limit = 4096 (default)
2022-12-02 11:13:47,390 [om1@group-C5BA1605619E-LeaderElection21] INFO  server.RaftServerConfigKeys (ConfUtils.java:logGet(46)) - raft.server.write.follower.gap.ratio.max = -1.0 (default)
2022-12-02 11:13:47,390 [om1@group-C5BA1605619E-LeaderElection21] INFO  impl.RoleInfo (RoleInfo.java:updateAndGet(139)) - om1: start om1@group-C5BA1605619E-LeaderStateImpl
2022-12-02 11:13:47,390 [om1@group-C5BA1605619E-LeaderElection21] INFO  segmented.SegmentedRaftLogWorker (SegmentedRaftLogWorker.java:startLogSegment(452)) - om1@group-C5BA1605619E-SegmentedRaftLogWorker: Starting segment from index:0
2022-12-02 11:13:47,404 [om1@group-C5BA1605619E-SegmentedRaftLogWorker] INFO  segmented.SegmentedRaftLogWorker (SegmentedRaftLogWorker.java:execute(656)) - om1@group-C5BA1605619E-SegmentedRaftLogWorker: created new log segment /home/runner/work/ozone/ozone/hadoop-ozone/integration-test/target/test-dir/MiniOzoneClusterImpl-8660d1ca-628d-42b2-bfba-a0a9046af5ec/ozone-meta/ratis/bf265839-605b-3f16-9796-c5ba1605619e/current/log_inprogress_0
2022-12-02 11:13:47,415 [om1@group-C5BA1605619E-LeaderElection21] INFO  server.RaftServer$Division (ServerState.java:setRaftConf(430)) - om1@group-C5BA1605619E: set configuration 0: peers:[om1|rpc:localhost:9872|admin:|client:|dataStream:|priority:0|startupRole:FOLLOWER]|listeners:[], old=null
2022-12-02 11:13:47,416 [om1@group-C5BA1605619E-StateMachineUpdater] INFO  ratis.OzoneManagerStateMachine (OzoneManagerStateMachine.java:notifyConfigurationChanged(192)) - Received Configuration change notification from Ratis. New Peer list:
[id: "om1"
address: "localhost:9872"
startupRole: FOLLOWER
]
2022-12-02 11:13:47,460 [Listener at 127.0.0.1/43097] INFO  reflections.Reflections (Reflections.java:scan(232)) - Reflections took 82 ms to scan 7 urls, producing 140 keys and 342 values 
2022-12-02 11:13:47,461 [Listener at 127.0.0.1/43097] INFO  statemachine.DatanodeStateMachine (DatanodeStateMachine.java:getEndPointTaskThreadPoolSize(245)) - Datanode State Machine Task Thread Pool size 2
2022-12-02 11:13:47,464 [Listener at 127.0.0.1/43097] INFO  volume.HddsVolume (HddsVolume.java:<init>(117)) - Creating HddsVolume: /home/runner/work/ozone/ozone/hadoop-ozone/integration-test/target/test-dir/MiniOzoneClusterImpl-8660d1ca-628d-42b2-bfba-a0a9046af5ec/datanode-2/data-0/containers/hdds of storage type : DISK capacity : 9223372036854775807
2022-12-02 11:13:47,464 [Listener at 127.0.0.1/43097] INFO  volume.MutableVolumeSet (MutableVolumeSet.java:initializeVolumeSet(174)) - Added Volume : /home/runner/work/ozone/ozone/hadoop-ozone/integration-test/target/test-dir/MiniOzoneClusterImpl-8660d1ca-628d-42b2-bfba-a0a9046af5ec/datanode-2/data-0/containers/hdds to VolumeSet
2022-12-02 11:13:47,464 [Listener at 127.0.0.1/43097] INFO  volume.ThrottledAsyncChecker (ThrottledAsyncChecker.java:schedule(141)) - Scheduling a check for /home/runner/work/ozone/ozone/hadoop-ozone/integration-test/target/test-dir/MiniOzoneClusterImpl-8660d1ca-628d-42b2-bfba-a0a9046af5ec/datanode-2/data-0/containers/hdds
2022-12-02 11:13:47,465 [Listener at 127.0.0.1/43097] INFO  volume.StorageVolumeChecker (StorageVolumeChecker.java:checkAllVolumes(202)) - Scheduled health check for volume /home/runner/work/ozone/ozone/hadoop-ozone/integration-test/target/test-dir/MiniOzoneClusterImpl-8660d1ca-628d-42b2-bfba-a0a9046af5ec/datanode-2/data-0/containers/hdds
2022-12-02 11:13:47,478 [Listener at 127.0.0.1/43097] INFO  volume.MutableVolumeSet (MutableVolumeSet.java:initializeVolumeSet(174)) - Added Volume : /home/runner/work/ozone/ozone/hadoop-ozone/integration-test/target/test-dir/MiniOzoneClusterImpl-8660d1ca-628d-42b2-bfba-a0a9046af5ec/datanode-2/data/ratis to VolumeSet
2022-12-02 11:13:47,478 [Listener at 127.0.0.1/43097] INFO  volume.ThrottledAsyncChecker (ThrottledAsyncChecker.java:schedule(141)) - Scheduling a check for /home/runner/work/ozone/ozone/hadoop-ozone/integration-test/target/test-dir/MiniOzoneClusterImpl-8660d1ca-628d-42b2-bfba-a0a9046af5ec/datanode-2/data/ratis
2022-12-02 11:13:47,478 [Listener at 127.0.0.1/43097] INFO  volume.StorageVolumeChecker (StorageVolumeChecker.java:checkAllVolumes(202)) - Scheduled health check for volume /home/runner/work/ozone/ozone/hadoop-ozone/integration-test/target/test-dir/MiniOzoneClusterImpl-8660d1ca-628d-42b2-bfba-a0a9046af5ec/datanode-2/data/ratis
2022-12-02 11:13:47,490 [Thread-606] INFO  ozoneimpl.ContainerReader (ContainerReader.java:readVolume(175)) - Finish verifying containers on volume /home/runner/work/ozone/ozone/hadoop-ozone/integration-test/target/test-dir/MiniOzoneClusterImpl-8660d1ca-628d-42b2-bfba-a0a9046af5ec/datanode-2/data-0/containers/hdds
2022-12-02 11:13:47,490 [Listener at 127.0.0.1/43097] INFO  ozoneimpl.OzoneContainer (OzoneContainer.java:buildContainerSet(301)) - Build ContainerSet costs 0s
2022-12-02 11:13:47,492 [Listener at 127.0.0.1/43097] INFO  server.RaftServer (ConfUtils.java:logGet(46)) - raft.rpc.type = GRPC (default)
2022-12-02 11:13:47,492 [Listener at 127.0.0.1/43097] INFO  grpc.GrpcConfigKeys (ConfUtils.java:logFallback(53)) - raft.grpc.admin.host = null (fallback to raft.grpc.server.host)
2022-12-02 11:13:47,492 [Listener at 127.0.0.1/43097] INFO  grpc.GrpcConfigKeys (ConfUtils.java:logGet(46)) - raft.grpc.admin.port = 0 (custom)
2022-12-02 11:13:47,492 [Listener at 127.0.0.1/43097] INFO  grpc.GrpcConfigKeys (ConfUtils.java:logFallback(53)) - raft.grpc.client.host = null (fallback to raft.grpc.server.host)
2022-12-02 11:13:47,493 [Listener at 127.0.0.1/43097] INFO  grpc.GrpcConfigKeys (ConfUtils.java:logGet(46)) - raft.grpc.client.port = 0 (custom)
2022-12-02 11:13:47,493 [Listener at 127.0.0.1/43097] INFO  grpc.GrpcConfigKeys (ConfUtils.java:logGet(46)) - raft.grpc.server.host = null (default)
2022-12-02 11:13:47,493 [Listener at 127.0.0.1/43097] INFO  grpc.GrpcConfigKeys (ConfUtils.java:logGet(46)) - raft.grpc.server.port = 0 (default)
2022-12-02 11:13:47,493 [Listener at 127.0.0.1/43097] INFO  server.GrpcService (ConfUtils.java:logGet(46)) - raft.grpc.message.size.max = 32MB (=33554432) (custom)
2022-12-02 11:13:47,493 [Listener at 127.0.0.1/43097] INFO  server.RaftServerConfigKeys (ConfUtils.java:logGet(46)) - raft.server.log.appender.buffer.byte-limit = 33554432 (custom)
2022-12-02 11:13:47,494 [Listener at 127.0.0.1/43097] INFO  server.GrpcService (ConfUtils.java:logGet(46)) - raft.grpc.flow.control.window = 5MB (=5242880) (custom)
2022-12-02 11:13:47,494 [Listener at 127.0.0.1/43097] INFO  server.RaftServerConfigKeys (ConfUtils.java:logGet(46)) - raft.server.rpc.request.timeout = 60s (custom)
2022-12-02 11:13:47,494 [Listener at 127.0.0.1/43097] INFO  grpc.GrpcConfigKeys (ConfUtils.java:logGet(46)) - raft.grpc.server.heartbeat.channel = true (default)
2022-12-02 11:13:47,494 [Listener at 127.0.0.1/43097] INFO  grpc.GrpcConfigKeys (ConfUtils.java:logGet(46)) - raft.grpc.server.async.request.thread.pool.cached = true (default)
2022-12-02 11:13:47,494 [Listener at 127.0.0.1/43097] INFO  grpc.GrpcConfigKeys (ConfUtils.java:logGet(46)) - raft.grpc.server.async.request.thread.pool.size = 32 (default)
2022-12-02 11:13:47,498 [Listener at 127.0.0.1/43097] INFO  impl.DataStreamServerImpl (ConfUtils.java:logGet(46)) - raft.datastream.type = DISABLED (default)
2022-12-02 11:13:47,498 [Listener at 127.0.0.1/43097] INFO  server.RaftServerConfigKeys (ConfUtils.java:logGet(46)) - raft.server.threadpool.proxy.cached = true (default)
2022-12-02 11:13:47,498 [Listener at 127.0.0.1/43097] INFO  server.RaftServerConfigKeys (ConfUtils.java:logGet(46)) - raft.server.threadpool.proxy.size = 0 (default)
2022-12-02 11:13:47,498 [Listener at 127.0.0.1/43097] INFO  server.RaftServerConfigKeys (ConfUtils.java:logGet(46)) - raft.server.rpc.slowness.timeout = 300s (custom)
2022-12-02 11:13:47,499 [Listener at 127.0.0.1/43097] INFO  server.RaftServerConfigKeys (ConfUtils.java:logGet(46)) - raft.server.leaderelection.leader.step-down.wait-time = 10s (default)
2022-12-02 11:13:47,499 [Listener at 127.0.0.1/43097] INFO  server.RaftServerConfigKeys (ConfUtils.java:logGet(46)) - raft.server.storage.dir = [/home/runner/work/ozone/ozone/hadoop-ozone/integration-test/target/test-dir/MiniOzoneClusterImpl-8660d1ca-628d-42b2-bfba-a0a9046af5ec/datanode-2/data/ratis] (custom)
2022-12-02 11:13:47,500 [Listener at 127.0.0.1/43097] INFO  server.XceiverServerGrpc (XceiverServerGrpc.java:<init>(132)) - GrpcServer channel type EpollServerSocketChannel
2022-12-02 11:13:47,503 [Listener at 127.0.0.1/43097] INFO  http.BaseHttpServer (BaseHttpServer.java:newHttpServer2BuilderForOzone(213)) - Starting Web-server for hddsDatanode at: http://0.0.0.0:0
2022-12-02 11:13:47,504 [Listener at 127.0.0.1/43097] INFO  http.BaseHttpServer (BaseHttpServer.java:<init>(108)) - Hadoop Security Enabled: false Ozone Security Enabled: false Ozone HTTP Security Enabled: false 
2022-12-02 11:13:47,505 [Listener at 127.0.0.1/43097] WARN  server.AuthenticationFilter (AuthenticationFilter.java:constructSecretProvider(240)) - Unable to initialize FileSignerSecretProvider, falling back to use random secrets. Reason: Could not read signature secret file: /home/runner/hadoop-http-auth-signature-secret
2022-12-02 11:13:47,505 [Listener at 127.0.0.1/43097] WARN  http.HttpRequestLog (HttpRequestLog.java:getRequestLog(103)) - Jetty request log can only be enabled using Log4j
2022-12-02 11:13:47,507 [Listener at 127.0.0.1/43097] INFO  http.HttpServer2 (HttpServer2.java:addGlobalFilter(1031)) - Added global filter 'safety' (class=org.apache.hadoop.hdds.server.http.HttpServer2$QuotingInputFilter)
2022-12-02 11:13:47,508 [Listener at 127.0.0.1/43097] INFO  http.HttpServer2 (HttpServer2.java:addFilter(1007)) - Added filter static_user_filter (class=org.apache.hadoop.http.lib.StaticUserWebFilter$StaticUserFilter) to context hddsDatanode
2022-12-02 11:13:47,508 [Listener at 127.0.0.1/43097] INFO  http.HttpServer2 (HttpServer2.java:addFilter(1015)) - Added filter static_user_filter (class=org.apache.hadoop.http.lib.StaticUserWebFilter$StaticUserFilter) to context static
2022-12-02 11:13:47,511 [Listener at 127.0.0.1/43097] INFO  http.HttpServer2 (HttpServer2.java:addFilter(1015)) - Added filter static_user_filter (class=org.apache.hadoop.http.lib.StaticUserWebFilter$StaticUserFilter) to context logs
2022-12-02 11:13:47,511 [Listener at 127.0.0.1/43097] INFO  http.HttpServer2 (HttpServer2.java:bindListener(1250)) - Jetty bound to port 41087
2022-12-02 11:13:47,512 [Listener at 127.0.0.1/43097] INFO  server.Server (Server.java:doStart(375)) - jetty-9.4.49.v20220914; built: 2022-09-14T01:07:36.601Z; git: 4231a3b2e4cb8548a412a789936d640a97b1aa0a; jvm 1.8.0_352-b08
2022-12-02 11:13:47,517 [Listener at 127.0.0.1/43097] INFO  server.session (DefaultSessionIdManager.java:doStart(334)) - DefaultSessionIdManager workerName=node0
2022-12-02 11:13:47,518 [Listener at 127.0.0.1/43097] INFO  server.session (DefaultSessionIdManager.java:doStart(339)) - No SessionScavenger set, using defaults
2022-12-02 11:13:47,518 [Listener at 127.0.0.1/43097] INFO  server.session (HouseKeeper.java:startScavenging(132)) - node0 Scavenging every 660000ms
2022-12-02 11:13:47,519 [Listener at 127.0.0.1/43097] INFO  handler.ContextHandler (ContextHandler.java:doStart(921)) - Started o.e.j.s.ServletContextHandler@f04b408{logs,/logs,file:///home/runner/work/ozone/ozone/hadoop-ozone/integration-test/target/log,AVAILABLE}
2022-12-02 11:13:47,519 [Listener at 127.0.0.1/43097] INFO  handler.ContextHandler (ContextHandler.java:doStart(921)) - Started o.e.j.s.ServletContextHandler@374baba3{static,/static,jar:file:/home/runner/.m2/repository/org/apache/ozone/hdds-container-service/1.3.0-SNAPSHOT/hdds-container-service-1.3.0-SNAPSHOT.jar!/webapps/static,AVAILABLE}
2022-12-02 11:13:47,727 [Listener at 127.0.0.1/43097] INFO  handler.ContextHandler (ContextHandler.java:doStart(921)) - Started o.e.j.w.WebAppContext@76cc6c28{hddsDatanode,/,file:///tmp/jetty-0_0_0_0-41087-hdds-container-service-1_3_0-SNAPSHOT_jar-_-any-7278510676964326608/webapp/,AVAILABLE}{jar:file:/home/runner/.m2/repository/org/apache/ozone/hdds-container-service/1.3.0-SNAPSHOT/hdds-container-service-1.3.0-SNAPSHOT.jar!/webapps/hddsDatanode}
2022-12-02 11:13:47,728 [Listener at 127.0.0.1/43097] INFO  server.AbstractConnector (AbstractConnector.java:doStart(333)) - Started ServerConnector@7de9b985{HTTP/1.1, (http/1.1)}{0.0.0.0:41087}
2022-12-02 11:13:47,729 [Listener at 127.0.0.1/43097] INFO  server.Server (Server.java:doStart(415)) - Started @100297ms
2022-12-02 11:13:47,729 [Listener at 127.0.0.1/43097] WARN  impl.MetricsSystemImpl (MetricsSystemImpl.java:register(279)) - Sink prometheus already exists!
2022-12-02 11:13:47,729 [Listener at 127.0.0.1/43097] INFO  http.BaseHttpServer (BaseHttpServer.java:updateConnectorAddress(333)) - HTTP server of hddsDatanode listening at http://0.0.0.0:41087
2022-12-02 11:13:47,730 [Datanode State Machine Daemon Thread] INFO  statemachine.DatanodeStateMachine (DatanodeStateMachine.java:lambda$startDaemon$0(505)) - Ozone container server started.
2022-12-02 11:13:47,739 [Listener at 127.0.0.1/43097] INFO  ozone.MiniOzoneClusterImpl (MiniOzoneClusterImpl.java:lambda$waitForClusterToBeReady$0(216)) - Waiting for nodes to be ready. Got 0 of 3 DN Heartbeats.
2022-12-02 11:13:47,739 [Listener at 127.0.0.1/43097] INFO  ozone.MiniOzoneClusterImpl (MiniOzoneClusterImpl.java:lambda$waitForClusterToBeReady$0(219)) - Waiting for cluster to exit safe mode
2022-12-02 11:13:47,739 [Listener at 127.0.0.1/43097] INFO  ozone.MiniOzoneClusterImpl (MiniOzoneClusterImpl.java:lambda$waitForClusterToBeReady$0(221)) - SCM became leader
2022-12-02 11:13:47,740 [org.apache.hadoop.util.JvmPauseMonitor$Monitor@7124a134] INFO  util.JvmPauseMonitor (JvmPauseMonitor.java:run(188)) - Starting JVM pause monitor
2022-12-02 11:13:47,742 [Datanode State Machine Task Thread - 0] INFO  datanode.InitDatanodeState (InitDatanodeState.java:persistContainerDatanodeDetails(138)) - DatanodeDetails is persisted to /home/runner/work/ozone/ozone/hadoop-ozone/integration-test/target/test-dir/MiniOzoneClusterImpl-8660d1ca-628d-42b2-bfba-a0a9046af5ec/datanode-2/meta/datanode.id
2022-12-02 11:13:48,740 [Listener at 127.0.0.1/43097] INFO  ozone.MiniOzoneClusterImpl (MiniOzoneClusterImpl.java:lambda$waitForClusterToBeReady$0(216)) - Waiting for nodes to be ready. Got 0 of 3 DN Heartbeats.
2022-12-02 11:13:48,740 [Listener at 127.0.0.1/43097] INFO  ozone.MiniOzoneClusterImpl (MiniOzoneClusterImpl.java:lambda$waitForClusterToBeReady$0(219)) - Waiting for cluster to exit safe mode
2022-12-02 11:13:48,740 [Listener at 127.0.0.1/43097] INFO  ozone.MiniOzoneClusterImpl (MiniOzoneClusterImpl.java:lambda$waitForClusterToBeReady$0(221)) - SCM became leader
2022-12-02 11:13:48,941 [EndpointStateMachine task thread for /0.0.0.0:42269 - 0 ] INFO  utils.DatanodeStoreCache (DatanodeStoreCache.java:addDB(58)) - Added db /home/runner/work/ozone/ozone/hadoop-ozone/integration-test/target/test-dir/MiniOzoneClusterImpl-8660d1ca-628d-42b2-bfba-a0a9046af5ec/datanode-0/data-0/containers/hdds/8660d1ca-628d-42b2-bfba-a0a9046af5ec/DS-874dfa9e-2418-4db3-a49d-f47f76eb49d7/container.db to cache
2022-12-02 11:13:48,941 [EndpointStateMachine task thread for /0.0.0.0:42269 - 0 ] INFO  volume.HddsVolume (HddsVolume.java:createDbStore(307)) - SchemaV3 db is created and loaded at /home/runner/work/ozone/ozone/hadoop-ozone/integration-test/target/test-dir/MiniOzoneClusterImpl-8660d1ca-628d-42b2-bfba-a0a9046af5ec/datanode-0/data-0/containers/hdds/8660d1ca-628d-42b2-bfba-a0a9046af5ec/DS-874dfa9e-2418-4db3-a49d-f47f76eb49d7/container.db for volume DS-874dfa9e-2418-4db3-a49d-f47f76eb49d7
2022-12-02 11:13:48,942 [EndpointStateMachine task thread for /0.0.0.0:42269 - 0 ] INFO  ozoneimpl.OzoneContainer (OzoneContainer.java:start(395)) - Attempting to start container services.
2022-12-02 11:13:48,942 [EndpointStateMachine task thread for /0.0.0.0:42269 - 0 ] INFO  ozoneimpl.OzoneContainer (OzoneContainer.java:startContainerScrub(312)) - Scheduled background container scanners and the on-demand container scanner have been disabled.
2022-12-02 11:13:48,947 [EndpointStateMachine task thread for /0.0.0.0:42269 - 0 ] INFO  replication.ReplicationServer (ReplicationServer.java:start(111)) - ReplicationServer is started using port 35417
2022-12-02 11:13:48,949 [EndpointStateMachine task thread for /0.0.0.0:42269 - 0 ] INFO  ratis.XceiverServerRatis (XceiverServerRatis.java:start(481)) - Starting XceiverServerRatis 7e2aca8c-5c6e-487b-9a67-6624db7a0d19
2022-12-02 11:13:48,950 [EndpointStateMachine task thread for /0.0.0.0:42269 - 0 ] INFO  server.RaftServer (RaftServerProxy.java:startImpl(393)) - 7e2aca8c-5c6e-487b-9a67-6624db7a0d19: start RPC server
2022-12-02 11:13:48,953 [EndpointStateMachine task thread for /0.0.0.0:42269 - 0 ] INFO  server.GrpcService (GrpcService.java:startImpl(270)) - 7e2aca8c-5c6e-487b-9a67-6624db7a0d19: GrpcService started, listening on 44557
2022-12-02 11:13:48,953 [EndpointStateMachine task thread for /0.0.0.0:42269 - 0 ] INFO  ratis.XceiverServerRatis (XceiverServerRatis.java:getRealPort(502)) - XceiverServerRatis 7e2aca8c-5c6e-487b-9a67-6624db7a0d19 is started using port 44557 for RATIS
2022-12-02 11:13:48,954 [JvmPauseMonitor8] INFO  util.JvmPauseMonitor (JvmPauseMonitor.java:run(105)) - JvmPauseMonitor-7e2aca8c-5c6e-487b-9a67-6624db7a0d19: Started
2022-12-02 11:13:48,954 [EndpointStateMachine task thread for /0.0.0.0:42269 - 0 ] INFO  ratis.XceiverServerRatis (XceiverServerRatis.java:getRealPort(502)) - XceiverServerRatis 7e2aca8c-5c6e-487b-9a67-6624db7a0d19 is started using port 44557 for RATIS_ADMIN
2022-12-02 11:13:48,954 [EndpointStateMachine task thread for /0.0.0.0:42269 - 0 ] INFO  ratis.XceiverServerRatis (XceiverServerRatis.java:getRealPort(502)) - XceiverServerRatis 7e2aca8c-5c6e-487b-9a67-6624db7a0d19 is started using port 44557 for RATIS_SERVER
2022-12-02 11:13:48,957 [EndpointStateMachine task thread for /0.0.0.0:42269 - 0 ] INFO  server.XceiverServerGrpc (XceiverServerGrpc.java:start(180)) - XceiverServerGrpc 7e2aca8c-5c6e-487b-9a67-6624db7a0d19 is started using port 39721
2022-12-02 11:13:49,374 [EndpointStateMachine task thread for /0.0.0.0:42269 - 0 ] INFO  utils.DatanodeStoreCache (DatanodeStoreCache.java:addDB(58)) - Added db /home/runner/work/ozone/ozone/hadoop-ozone/integration-test/target/test-dir/MiniOzoneClusterImpl-8660d1ca-628d-42b2-bfba-a0a9046af5ec/datanode-1/data-0/containers/hdds/8660d1ca-628d-42b2-bfba-a0a9046af5ec/DS-39f771d1-e4af-47de-92e9-0f1f68b0f835/container.db to cache
2022-12-02 11:13:49,374 [EndpointStateMachine task thread for /0.0.0.0:42269 - 0 ] INFO  volume.HddsVolume (HddsVolume.java:createDbStore(307)) - SchemaV3 db is created and loaded at /home/runner/work/ozone/ozone/hadoop-ozone/integration-test/target/test-dir/MiniOzoneClusterImpl-8660d1ca-628d-42b2-bfba-a0a9046af5ec/datanode-1/data-0/containers/hdds/8660d1ca-628d-42b2-bfba-a0a9046af5ec/DS-39f771d1-e4af-47de-92e9-0f1f68b0f835/container.db for volume DS-39f771d1-e4af-47de-92e9-0f1f68b0f835
2022-12-02 11:13:49,375 [EndpointStateMachine task thread for /0.0.0.0:42269 - 0 ] INFO  ozoneimpl.OzoneContainer (OzoneContainer.java:start(395)) - Attempting to start container services.
2022-12-02 11:13:49,375 [EndpointStateMachine task thread for /0.0.0.0:42269 - 0 ] INFO  ozoneimpl.OzoneContainer (OzoneContainer.java:startContainerScrub(312)) - Scheduled background container scanners and the on-demand container scanner have been disabled.
2022-12-02 11:13:49,379 [EndpointStateMachine task thread for /0.0.0.0:42269 - 0 ] INFO  replication.ReplicationServer (ReplicationServer.java:start(111)) - ReplicationServer is started using port 46539
2022-12-02 11:13:49,380 [EndpointStateMachine task thread for /0.0.0.0:42269 - 0 ] INFO  ratis.XceiverServerRatis (XceiverServerRatis.java:start(481)) - Starting XceiverServerRatis 670c0782-42b0-403d-9acb-55f21abca380
2022-12-02 11:13:49,383 [EndpointStateMachine task thread for /0.0.0.0:42269 - 0 ] INFO  server.RaftServer (RaftServerProxy.java:startImpl(393)) - 670c0782-42b0-403d-9acb-55f21abca380: start RPC server
2022-12-02 11:13:49,385 [EndpointStateMachine task thread for /0.0.0.0:42269 - 0 ] INFO  server.GrpcService (GrpcService.java:startImpl(270)) - 670c0782-42b0-403d-9acb-55f21abca380: GrpcService started, listening on 43611
2022-12-02 11:13:49,385 [EndpointStateMachine task thread for /0.0.0.0:42269 - 0 ] INFO  ratis.XceiverServerRatis (XceiverServerRatis.java:getRealPort(502)) - XceiverServerRatis 670c0782-42b0-403d-9acb-55f21abca380 is started using port 43611 for RATIS
2022-12-02 11:13:49,385 [EndpointStateMachine task thread for /0.0.0.0:42269 - 0 ] INFO  ratis.XceiverServerRatis (XceiverServerRatis.java:getRealPort(502)) - XceiverServerRatis 670c0782-42b0-403d-9acb-55f21abca380 is started using port 43611 for RATIS_ADMIN
2022-12-02 11:13:49,385 [EndpointStateMachine task thread for /0.0.0.0:42269 - 0 ] INFO  ratis.XceiverServerRatis (XceiverServerRatis.java:getRealPort(502)) - XceiverServerRatis 670c0782-42b0-403d-9acb-55f21abca380 is started using port 43611 for RATIS_SERVER
2022-12-02 11:13:49,385 [JvmPauseMonitor9] INFO  util.JvmPauseMonitor (JvmPauseMonitor.java:run(105)) - JvmPauseMonitor-670c0782-42b0-403d-9acb-55f21abca380: Started
2022-12-02 11:13:49,391 [EndpointStateMachine task thread for /0.0.0.0:42269 - 0 ] INFO  server.XceiverServerGrpc (XceiverServerGrpc.java:start(180)) - XceiverServerGrpc 670c0782-42b0-403d-9acb-55f21abca380 is started using port 33355
2022-12-02 11:13:49,741 [Listener at 127.0.0.1/43097] INFO  ozone.MiniOzoneClusterImpl (MiniOzoneClusterImpl.java:lambda$waitForClusterToBeReady$0(216)) - Waiting for nodes to be ready. Got 0 of 3 DN Heartbeats.
2022-12-02 11:13:49,741 [Listener at 127.0.0.1/43097] INFO  ozone.MiniOzoneClusterImpl (MiniOzoneClusterImpl.java:lambda$waitForClusterToBeReady$0(219)) - Waiting for cluster to exit safe mode
2022-12-02 11:13:49,741 [Listener at 127.0.0.1/43097] INFO  ozone.MiniOzoneClusterImpl (MiniOzoneClusterImpl.java:lambda$waitForClusterToBeReady$0(221)) - SCM became leader
2022-12-02 11:13:49,782 [EndpointStateMachine task thread for /0.0.0.0:42269 - 0 ] INFO  utils.DatanodeStoreCache (DatanodeStoreCache.java:addDB(58)) - Added db /home/runner/work/ozone/ozone/hadoop-ozone/integration-test/target/test-dir/MiniOzoneClusterImpl-8660d1ca-628d-42b2-bfba-a0a9046af5ec/datanode-2/data-0/containers/hdds/8660d1ca-628d-42b2-bfba-a0a9046af5ec/DS-f0312d4c-2340-4c4b-bb79-7f2c088384bf/container.db to cache
2022-12-02 11:13:49,783 [EndpointStateMachine task thread for /0.0.0.0:42269 - 0 ] INFO  volume.HddsVolume (HddsVolume.java:createDbStore(307)) - SchemaV3 db is created and loaded at /home/runner/work/ozone/ozone/hadoop-ozone/integration-test/target/test-dir/MiniOzoneClusterImpl-8660d1ca-628d-42b2-bfba-a0a9046af5ec/datanode-2/data-0/containers/hdds/8660d1ca-628d-42b2-bfba-a0a9046af5ec/DS-f0312d4c-2340-4c4b-bb79-7f2c088384bf/container.db for volume DS-f0312d4c-2340-4c4b-bb79-7f2c088384bf
2022-12-02 11:13:49,783 [EndpointStateMachine task thread for /0.0.0.0:42269 - 0 ] INFO  ozoneimpl.OzoneContainer (OzoneContainer.java:start(395)) - Attempting to start container services.
2022-12-02 11:13:49,783 [EndpointStateMachine task thread for /0.0.0.0:42269 - 0 ] INFO  ozoneimpl.OzoneContainer (OzoneContainer.java:startContainerScrub(312)) - Scheduled background container scanners and the on-demand container scanner have been disabled.
2022-12-02 11:13:49,786 [EndpointStateMachine task thread for /0.0.0.0:42269 - 0 ] INFO  replication.ReplicationServer (ReplicationServer.java:start(111)) - ReplicationServer is started using port 36787
2022-12-02 11:13:49,787 [EndpointStateMachine task thread for /0.0.0.0:42269 - 0 ] INFO  ratis.XceiverServerRatis (XceiverServerRatis.java:start(481)) - Starting XceiverServerRatis 2ec4b609-823d-4e71-a054-e2ed5db02f38
2022-12-02 11:13:49,788 [EndpointStateMachine task thread for /0.0.0.0:42269 - 0 ] INFO  server.RaftServer (RaftServerProxy.java:startImpl(393)) - 2ec4b609-823d-4e71-a054-e2ed5db02f38: start RPC server
2022-12-02 11:13:49,792 [EndpointStateMachine task thread for /0.0.0.0:42269 - 0 ] INFO  server.GrpcService (GrpcService.java:startImpl(270)) - 2ec4b609-823d-4e71-a054-e2ed5db02f38: GrpcService started, listening on 37481
2022-12-02 11:13:49,792 [EndpointStateMachine task thread for /0.0.0.0:42269 - 0 ] INFO  ratis.XceiverServerRatis (XceiverServerRatis.java:getRealPort(502)) - XceiverServerRatis 2ec4b609-823d-4e71-a054-e2ed5db02f38 is started using port 37481 for RATIS
2022-12-02 11:13:49,792 [EndpointStateMachine task thread for /0.0.0.0:42269 - 0 ] INFO  ratis.XceiverServerRatis (XceiverServerRatis.java:getRealPort(502)) - XceiverServerRatis 2ec4b609-823d-4e71-a054-e2ed5db02f38 is started using port 37481 for RATIS_ADMIN
2022-12-02 11:13:49,792 [JvmPauseMonitor10] INFO  util.JvmPauseMonitor (JvmPauseMonitor.java:run(105)) - JvmPauseMonitor-2ec4b609-823d-4e71-a054-e2ed5db02f38: Started
2022-12-02 11:13:49,792 [EndpointStateMachine task thread for /0.0.0.0:42269 - 0 ] INFO  ratis.XceiverServerRatis (XceiverServerRatis.java:getRealPort(502)) - XceiverServerRatis 2ec4b609-823d-4e71-a054-e2ed5db02f38 is started using port 37481 for RATIS_SERVER
2022-12-02 11:13:49,796 [EndpointStateMachine task thread for /0.0.0.0:42269 - 0 ] INFO  server.XceiverServerGrpc (XceiverServerGrpc.java:start(180)) - XceiverServerGrpc 2ec4b609-823d-4e71-a054-e2ed5db02f38 is started using port 35425
2022-12-02 11:13:50,742 [Listener at 127.0.0.1/43097] INFO  ozone.MiniOzoneClusterImpl (MiniOzoneClusterImpl.java:lambda$waitForClusterToBeReady$0(216)) - Waiting for nodes to be ready. Got 0 of 3 DN Heartbeats.
2022-12-02 11:13:50,742 [Listener at 127.0.0.1/43097] INFO  ozone.MiniOzoneClusterImpl (MiniOzoneClusterImpl.java:lambda$waitForClusterToBeReady$0(219)) - Waiting for cluster to exit safe mode
2022-12-02 11:13:50,742 [Listener at 127.0.0.1/43097] INFO  ozone.MiniOzoneClusterImpl (MiniOzoneClusterImpl.java:lambda$waitForClusterToBeReady$0(221)) - SCM became leader
2022-12-02 11:13:50,870 [IPC Server handler 3 on default port 42269] INFO  net.NetworkTopologyImpl (NetworkTopologyImpl.java:add(112)) - Added a new node: /default-rack/7e2aca8c-5c6e-487b-9a67-6624db7a0d19
2022-12-02 11:13:50,870 [IPC Server handler 3 on default port 42269] INFO  node.SCMNodeManager (SCMNodeManager.java:register(397)) - Registered Data node : 7e2aca8c-5c6e-487b-9a67-6624db7a0d19{ip: 10.1.0.7, host: fv-az205-634.k2gd1z4tyxsu3cbgyjsjq30zwf.jx.internal.cloudapp.net, ports: [REPLICATION=35417, RATIS=44557, RATIS_ADMIN=44557, RATIS_SERVER=44557, STANDALONE=39721], networkLocation: /default-rack, certSerialId: null, persistedOpState: null, persistedOpStateExpiryEpochSec: 0}
2022-12-02 11:13:50,872 [EventQueue-NodeRegistrationContainerReportForDataNodeSafeModeRule] INFO  safemode.SCMSafeModeManager (DataNodeSafeModeRule.java:process(71)) - SCM in safe mode. 1 DataNodes registered, 3 required.
2022-12-02 11:13:50,873 [EventQueue-NodeRegistrationContainerReportForContainerSafeModeRule] INFO  safemode.SCMSafeModeManager (SCMSafeModeManager.java:validateSafeModeExitRules(200)) - ContainerSafeModeRule rule is successfully validated
2022-12-02 11:13:50,878 [EventQueue-PipelineReportForOneReplicaPipelineSafeModeRule] INFO  safemode.SCMSafeModeManager (SCMSafeModeManager.java:validateSafeModeExitRules(200)) - AtleastOneDatanodeReportedRule rule is successfully validated
2022-12-02 11:13:50,878 [EventQueue-NewNodeForNewNodeHandler] INFO  pipeline.BackgroundPipelineCreator (BackgroundPipelineCreator.java:notifyEventTriggered(276)) - trigger a one-shot run on RatisPipelineUtilsThread.
2022-12-02 11:13:50,879 [RatisPipelineUtilsThread - 0] INFO  pipeline.RatisPipelineProvider (RatisPipelineProvider.java:lambda$create$0(195)) - Sending CreatePipelineCommand for pipeline:PipelineID=32dc6fd4-c02e-413a-8c12-e292f41035c5 to datanode:7e2aca8c-5c6e-487b-9a67-6624db7a0d19
2022-12-02 11:13:50,881 [RatisPipelineUtilsThread - 0] INFO  pipeline.PipelineStateManagerImpl (PipelineStateManagerImpl.java:addPipeline(103)) - Created pipeline Pipeline[ Id: 32dc6fd4-c02e-413a-8c12-e292f41035c5, Nodes: 7e2aca8c-5c6e-487b-9a67-6624db7a0d19{ip: 10.1.0.7, host: fv-az205-634.k2gd1z4tyxsu3cbgyjsjq30zwf.jx.internal.cloudapp.net, ports: [REPLICATION=35417, RATIS=44557, RATIS_ADMIN=44557, RATIS_SERVER=44557, STANDALONE=39721], networkLocation: /default-rack, certSerialId: null, persistedOpState: IN_SERVICE, persistedOpStateExpiryEpochSec: 0}, ReplicationConfig: RATIS/ONE, State:ALLOCATED, leaderId:, CreationTimestamp2022-12-02T11:13:50.879Z[Etc/UTC]].
2022-12-02 11:13:51,329 [IPC Server handler 0 on default port 42269] INFO  net.NetworkTopologyImpl (NetworkTopologyImpl.java:add(112)) - Added a new node: /default-rack/670c0782-42b0-403d-9acb-55f21abca380
2022-12-02 11:13:51,329 [IPC Server handler 0 on default port 42269] INFO  node.SCMNodeManager (SCMNodeManager.java:register(397)) - Registered Data node : 670c0782-42b0-403d-9acb-55f21abca380{ip: 10.1.0.7, host: fv-az205-634.k2gd1z4tyxsu3cbgyjsjq30zwf.jx.internal.cloudapp.net, ports: [REPLICATION=46539, RATIS=43611, RATIS_ADMIN=43611, RATIS_SERVER=43611, STANDALONE=33355], networkLocation: /default-rack, certSerialId: null, persistedOpState: null, persistedOpStateExpiryEpochSec: 0}
2022-12-02 11:13:51,329 [EventQueue-NewNodeForNewNodeHandler] INFO  pipeline.BackgroundPipelineCreator (BackgroundPipelineCreator.java:notifyEventTriggered(276)) - trigger a one-shot run on RatisPipelineUtilsThread.
2022-12-02 11:13:51,331 [EventQueue-NodeRegistrationContainerReportForDataNodeSafeModeRule] INFO  safemode.SCMSafeModeManager (DataNodeSafeModeRule.java:process(71)) - SCM in safe mode. 2 DataNodes registered, 3 required.
2022-12-02 11:13:51,331 [RatisPipelineUtilsThread - 0] INFO  pipeline.RatisPipelineProvider (RatisPipelineProvider.java:lambda$create$0(195)) - Sending CreatePipelineCommand for pipeline:PipelineID=36c0531f-7b6d-43cd-9f20-73f48dfdc415 to datanode:670c0782-42b0-403d-9acb-55f21abca380
2022-12-02 11:13:51,332 [RatisPipelineUtilsThread - 0] INFO  pipeline.PipelineStateManagerImpl (PipelineStateManagerImpl.java:addPipeline(103)) - Created pipeline Pipeline[ Id: 36c0531f-7b6d-43cd-9f20-73f48dfdc415, Nodes: 670c0782-42b0-403d-9acb-55f21abca380{ip: 10.1.0.7, host: fv-az205-634.k2gd1z4tyxsu3cbgyjsjq30zwf.jx.internal.cloudapp.net, ports: [REPLICATION=46539, RATIS=43611, RATIS_ADMIN=43611, RATIS_SERVER=43611, STANDALONE=33355], networkLocation: /default-rack, certSerialId: null, persistedOpState: IN_SERVICE, persistedOpStateExpiryEpochSec: 0}, ReplicationConfig: RATIS/ONE, State:ALLOCATED, leaderId:, CreationTimestamp2022-12-02T11:13:51.331Z[Etc/UTC]].
2022-12-02 11:13:51,743 [Listener at 127.0.0.1/43097] INFO  ozone.MiniOzoneClusterImpl (MiniOzoneClusterImpl.java:lambda$waitForClusterToBeReady$0(216)) - Waiting for nodes to be ready. Got 2 of 3 DN Heartbeats.
2022-12-02 11:13:51,743 [Listener at 127.0.0.1/43097] INFO  ozone.MiniOzoneClusterImpl (MiniOzoneClusterImpl.java:lambda$waitForClusterToBeReady$0(219)) - Waiting for cluster to exit safe mode
2022-12-02 11:13:51,743 [Listener at 127.0.0.1/43097] INFO  ozone.MiniOzoneClusterImpl (MiniOzoneClusterImpl.java:lambda$waitForClusterToBeReady$0(221)) - SCM became leader
2022-12-02 11:13:51,743 [IPC Server handler 2 on default port 42269] INFO  net.NetworkTopologyImpl (NetworkTopologyImpl.java:add(112)) - Added a new node: /default-rack/2ec4b609-823d-4e71-a054-e2ed5db02f38
2022-12-02 11:13:51,744 [IPC Server handler 2 on default port 42269] INFO  node.SCMNodeManager (SCMNodeManager.java:register(397)) - Registered Data node : 2ec4b609-823d-4e71-a054-e2ed5db02f38{ip: 10.1.0.7, host: fv-az205-634.k2gd1z4tyxsu3cbgyjsjq30zwf.jx.internal.cloudapp.net, ports: [REPLICATION=36787, RATIS=37481, RATIS_ADMIN=37481, RATIS_SERVER=37481, STANDALONE=35425], networkLocation: /default-rack, certSerialId: null, persistedOpState: null, persistedOpStateExpiryEpochSec: 0}
2022-12-02 11:13:51,744 [EventQueue-NewNodeForNewNodeHandler] INFO  pipeline.BackgroundPipelineCreator (BackgroundPipelineCreator.java:notifyEventTriggered(276)) - trigger a one-shot run on RatisPipelineUtilsThread.
2022-12-02 11:13:51,744 [EventQueue-NodeRegistrationContainerReportForDataNodeSafeModeRule] INFO  safemode.SCMSafeModeManager (DataNodeSafeModeRule.java:process(71)) - SCM in safe mode. 3 DataNodes registered, 3 required.
2022-12-02 11:13:51,744 [RatisPipelineUtilsThread - 0] INFO  pipeline.RatisPipelineProvider (RatisPipelineProvider.java:lambda$create$0(195)) - Sending CreatePipelineCommand for pipeline:PipelineID=985de3b7-49ad-4775-b0bd-e629549c3e12 to datanode:2ec4b609-823d-4e71-a054-e2ed5db02f38
2022-12-02 11:13:51,744 [EventQueue-NodeRegistrationContainerReportForDataNodeSafeModeRule] INFO  safemode.SCMSafeModeManager (SCMSafeModeManager.java:validateSafeModeExitRules(200)) - DataNodeSafeModeRule rule is successfully validated
2022-12-02 11:13:51,745 [EventQueue-NodeRegistrationContainerReportForDataNodeSafeModeRule] INFO  safemode.SCMSafeModeManager (SCMSafeModeManager.java:completePreCheck(229)) - All SCM safe mode pre check rules have passed
2022-12-02 11:13:51,745 [EventQueue-NodeRegistrationContainerReportForDataNodeSafeModeRule] INFO  ha.SCMContext (SCMContext.java:updateSafeModeStatus(228)) - Update SafeModeStatus from SafeModeStatus{safeModeStatus=true, preCheckPassed=false} to SafeModeStatus{safeModeStatus=true, preCheckPassed=true}.
2022-12-02 11:13:51,745 [EventQueue-NodeRegistrationContainerReportForDataNodeSafeModeRule] INFO  pipeline.BackgroundPipelineCreator (BackgroundPipelineCreator.java:notifyEventTriggered(276)) - trigger a one-shot run on RatisPipelineUtilsThread.
2022-12-02 11:13:51,745 [RatisPipelineUtilsThread - 0] INFO  pipeline.PipelineStateManagerImpl (PipelineStateManagerImpl.java:addPipeline(103)) - Created pipeline Pipeline[ Id: 985de3b7-49ad-4775-b0bd-e629549c3e12, Nodes: 2ec4b609-823d-4e71-a054-e2ed5db02f38{ip: 10.1.0.7, host: fv-az205-634.k2gd1z4tyxsu3cbgyjsjq30zwf.jx.internal.cloudapp.net, ports: [REPLICATION=36787, RATIS=37481, RATIS_ADMIN=37481, RATIS_SERVER=37481, STANDALONE=35425], networkLocation: /default-rack, certSerialId: null, persistedOpState: IN_SERVICE, persistedOpStateExpiryEpochSec: 0}, ReplicationConfig: RATIS/ONE, State:ALLOCATED, leaderId:, CreationTimestamp2022-12-02T11:13:51.744Z[Etc/UTC]].
2022-12-02 11:13:51,746 [RatisPipelineUtilsThread - 0] INFO  pipeline.RatisPipelineProvider (RatisPipelineProvider.java:lambda$create$0(195)) - Sending CreatePipelineCommand for pipeline:PipelineID=062614bd-6377-4b09-8d3e-cc7a890d867e to datanode:670c0782-42b0-403d-9acb-55f21abca380
2022-12-02 11:13:51,746 [RatisPipelineUtilsThread - 0] INFO  pipeline.RatisPipelineProvider (RatisPipelineProvider.java:lambda$create$0(195)) - Sending CreatePipelineCommand for pipeline:PipelineID=062614bd-6377-4b09-8d3e-cc7a890d867e to datanode:2ec4b609-823d-4e71-a054-e2ed5db02f38
2022-12-02 11:13:51,746 [RatisPipelineUtilsThread - 0] INFO  pipeline.RatisPipelineProvider (RatisPipelineProvider.java:lambda$create$0(195)) - Sending CreatePipelineCommand for pipeline:PipelineID=062614bd-6377-4b09-8d3e-cc7a890d867e to datanode:7e2aca8c-5c6e-487b-9a67-6624db7a0d19
2022-12-02 11:13:51,747 [RatisPipelineUtilsThread - 0] INFO  pipeline.PipelineStateManagerImpl (PipelineStateManagerImpl.java:addPipeline(103)) - Created pipeline Pipeline[ Id: 062614bd-6377-4b09-8d3e-cc7a890d867e, Nodes: 670c0782-42b0-403d-9acb-55f21abca380{ip: 10.1.0.7, host: fv-az205-634.k2gd1z4tyxsu3cbgyjsjq30zwf.jx.internal.cloudapp.net, ports: [REPLICATION=46539, RATIS=43611, RATIS_ADMIN=43611, RATIS_SERVER=43611, STANDALONE=33355], networkLocation: /default-rack, certSerialId: null, persistedOpState: IN_SERVICE, persistedOpStateExpiryEpochSec: 0}2ec4b609-823d-4e71-a054-e2ed5db02f38{ip: 10.1.0.7, host: fv-az205-634.k2gd1z4tyxsu3cbgyjsjq30zwf.jx.internal.cloudapp.net, ports: [REPLICATION=36787, RATIS=37481, RATIS_ADMIN=37481, RATIS_SERVER=37481, STANDALONE=35425], networkLocation: /default-rack, certSerialId: null, persistedOpState: IN_SERVICE, persistedOpStateExpiryEpochSec: 0}7e2aca8c-5c6e-487b-9a67-6624db7a0d19{ip: 10.1.0.7, host: fv-az205-634.k2gd1z4tyxsu3cbgyjsjq30zwf.jx.internal.cloudapp.net, ports: [REPLICATION=35417, RATIS=44557, RATIS_ADMIN=44557, RATIS_SERVER=44557, STANDALONE=39721], networkLocation: /default-rack, certSerialId: null, persistedOpState: IN_SERVICE, persistedOpStateExpiryEpochSec: 0}, ReplicationConfig: RATIS/THREE, State:ALLOCATED, leaderId:, CreationTimestamp2022-12-02T11:13:51.746Z[Etc/UTC]].
2022-12-02 11:13:51,747 [RatisPipelineUtilsThread - 0] INFO  pipeline.RatisPipelineProvider (RatisPipelineProvider.java:lambda$create$0(195)) - Sending CreatePipelineCommand for pipeline:PipelineID=08e3d165-b014-4633-bee5-789105272df3 to datanode:7e2aca8c-5c6e-487b-9a67-6624db7a0d19
2022-12-02 11:13:51,747 [RatisPipelineUtilsThread - 0] INFO  pipeline.RatisPipelineProvider (RatisPipelineProvider.java:lambda$create$0(195)) - Sending CreatePipelineCommand for pipeline:PipelineID=08e3d165-b014-4633-bee5-789105272df3 to datanode:670c0782-42b0-403d-9acb-55f21abca380
2022-12-02 11:13:51,748 [RatisPipelineUtilsThread - 0] INFO  pipeline.RatisPipelineProvider (RatisPipelineProvider.java:lambda$create$0(195)) - Sending CreatePipelineCommand for pipeline:PipelineID=08e3d165-b014-4633-bee5-789105272df3 to datanode:2ec4b609-823d-4e71-a054-e2ed5db02f38
2022-12-02 11:13:51,748 [RatisPipelineUtilsThread - 0] INFO  pipeline.PipelineStateManagerImpl (PipelineStateManagerImpl.java:addPipeline(103)) - Created pipeline Pipeline[ Id: 08e3d165-b014-4633-bee5-789105272df3, Nodes: 7e2aca8c-5c6e-487b-9a67-6624db7a0d19{ip: 10.1.0.7, host: fv-az205-634.k2gd1z4tyxsu3cbgyjsjq30zwf.jx.internal.cloudapp.net, ports: [REPLICATION=35417, RATIS=44557, RATIS_ADMIN=44557, RATIS_SERVER=44557, STANDALONE=39721], networkLocation: /default-rack, certSerialId: null, persistedOpState: IN_SERVICE, persistedOpStateExpiryEpochSec: 0}670c0782-42b0-403d-9acb-55f21abca380{ip: 10.1.0.7, host: fv-az205-634.k2gd1z4tyxsu3cbgyjsjq30zwf.jx.internal.cloudapp.net, ports: [REPLICATION=46539, RATIS=43611, RATIS_ADMIN=43611, RATIS_SERVER=43611, STANDALONE=33355], networkLocation: /default-rack, certSerialId: null, persistedOpState: IN_SERVICE, persistedOpStateExpiryEpochSec: 0}2ec4b609-823d-4e71-a054-e2ed5db02f38{ip: 10.1.0.7, host: fv-az205-634.k2gd1z4tyxsu3cbgyjsjq30zwf.jx.internal.cloudapp.net, ports: [REPLICATION=36787, RATIS=37481, RATIS_ADMIN=37481, RATIS_SERVER=37481, STANDALONE=35425], networkLocation: /default-rack, certSerialId: null, persistedOpState: IN_SERVICE, persistedOpStateExpiryEpochSec: 0}, ReplicationConfig: RATIS/THREE, State:ALLOCATED, leaderId:, CreationTimestamp2022-12-02T11:13:51.747Z[Etc/UTC]].
2022-12-02 11:13:51,748 [RatisPipelineUtilsThread - 0] INFO  pipeline.PipelineManagerImpl (PipelineManagerImpl.java:recordMetricsForPipeline(826)) - Pipeline: PipelineID=08e3d165-b014-4633-bee5-789105272df3 contains same datanodes as previous pipelines: PipelineID=062614bd-6377-4b09-8d3e-cc7a890d867e nodeIds: 7e2aca8c-5c6e-487b-9a67-6624db7a0d19, 670c0782-42b0-403d-9acb-55f21abca380, 2ec4b609-823d-4e71-a054-e2ed5db02f38
2022-12-02 11:13:52,743 [Listener at 127.0.0.1/43097] INFO  ozone.MiniOzoneClusterImpl (MiniOzoneClusterImpl.java:lambda$waitForClusterToBeReady$0(216)) - Nodes are ready. Got 3 of 3 DN Heartbeats.
2022-12-02 11:13:52,744 [Listener at 127.0.0.1/43097] INFO  ozone.MiniOzoneClusterImpl (MiniOzoneClusterImpl.java:lambda$waitForClusterToBeReady$0(219)) - Waiting for cluster to exit safe mode
2022-12-02 11:13:52,744 [Listener at 127.0.0.1/43097] INFO  ozone.MiniOzoneClusterImpl (MiniOzoneClusterImpl.java:lambda$waitForClusterToBeReady$0(221)) - SCM became leader
2022-12-02 11:13:52,876 [EventQueue-CommandQueueReportForCommandQueueReportHandler] WARN  events.EventQueue (EventQueue.java:fireEvent(216)) - No event handler registered for event TypedEvent{payloadType=DatanodeDetails, name='Datanode_Command_Queue_Updated'}
2022-12-02 11:13:53,330 [EventQueue-CommandQueueReportForCommandQueueReportHandler] WARN  events.EventQueue (EventQueue.java:fireEvent(216)) - No event handler registered for event TypedEvent{payloadType=DatanodeDetails, name='Datanode_Command_Queue_Updated'}
2022-12-02 11:13:53,744 [Listener at 127.0.0.1/43097] INFO  ozone.MiniOzoneClusterImpl (MiniOzoneClusterImpl.java:lambda$waitForClusterToBeReady$0(216)) - Nodes are ready. Got 3 of 3 DN Heartbeats.
2022-12-02 11:13:53,745 [Listener at 127.0.0.1/43097] INFO  ozone.MiniOzoneClusterImpl (MiniOzoneClusterImpl.java:lambda$waitForClusterToBeReady$0(219)) - Waiting for cluster to exit safe mode
2022-12-02 11:13:53,745 [Listener at 127.0.0.1/43097] INFO  ozone.MiniOzoneClusterImpl (MiniOzoneClusterImpl.java:lambda$waitForClusterToBeReady$0(221)) - SCM became leader
2022-12-02 11:13:53,745 [EventQueue-CommandQueueReportForCommandQueueReportHandler] WARN  events.EventQueue (EventQueue.java:fireEvent(216)) - No event handler registered for event TypedEvent{payloadType=DatanodeDetails, name='Datanode_Command_Queue_Updated'}
2022-12-02 11:13:53,869 [Command processor thread] INFO  server.RaftServer (RaftServerProxy.java:addNew(96)) - 7e2aca8c-5c6e-487b-9a67-6624db7a0d19: addNew group-E292F41035C5:[7e2aca8c-5c6e-487b-9a67-6624db7a0d19|rpc:10.1.0.7:44557|priority:1|startupRole:FOLLOWER] returns group-E292F41035C5:java.util.concurrent.CompletableFuture@6d10e8a9[Not completed]
2022-12-02 11:13:53,871 [pool-306-thread-1] INFO  server.RaftServer$Division (RaftServerImpl.java:<init>(195)) - 7e2aca8c-5c6e-487b-9a67-6624db7a0d19: new RaftServerImpl for group-E292F41035C5:[7e2aca8c-5c6e-487b-9a67-6624db7a0d19|rpc:10.1.0.7:44557|priority:1|startupRole:FOLLOWER] with ContainerStateMachine:uninitialized
2022-12-02 11:13:53,871 [pool-306-thread-1] INFO  server.RaftServerConfigKeys (ConfUtils.java:logGet(46)) - raft.server.rpc.timeout.min = 5s (custom)
2022-12-02 11:13:53,871 [pool-306-thread-1] INFO  server.RaftServerConfigKeys (ConfUtils.java:logGet(46)) - raft.server.rpc.timeout.max = 5200ms (custom)
2022-12-02 11:13:53,871 [pool-306-thread-1] INFO  server.RaftServerConfigKeys (ConfUtils.java:logGet(46)) - raft.server.rpc.sleep.time = 25ms (default)
2022-12-02 11:13:53,872 [pool-306-thread-1] INFO  server.RaftServerConfigKeys (ConfUtils.java:logGet(46)) - raft.server.rpc.slowness.timeout = 300s (custom)
2022-12-02 11:13:53,872 [pool-306-thread-1] INFO  server.RaftServerConfigKeys (ConfUtils.java:logGet(46)) - raft.server.leaderelection.leader.step-down.wait-time = 10s (default)
2022-12-02 11:13:53,872 [pool-306-thread-1] INFO  server.RaftServerConfigKeys (ConfUtils.java:logGet(46)) - raft.server.sleep.deviation.threshold = 300ms (default)
2022-12-02 11:13:53,872 [pool-306-thread-1] INFO  server.RaftServer$Division (ServerState.java:<init>(118)) - 7e2aca8c-5c6e-487b-9a67-6624db7a0d19@group-E292F41035C5: ConfigurationManager, init=-1: peers:[7e2aca8c-5c6e-487b-9a67-6624db7a0d19|rpc:10.1.0.7:44557|priority:1|startupRole:FOLLOWER]|listeners:[], old=null, confs=<EMPTY_MAP>
2022-12-02 11:13:53,872 [pool-306-thread-1] INFO  server.RaftServerConfigKeys (ConfUtils.java:logGet(46)) - raft.server.storage.dir = [/home/runner/work/ozone/ozone/hadoop-ozone/integration-test/target/test-dir/MiniOzoneClusterImpl-8660d1ca-628d-42b2-bfba-a0a9046af5ec/datanode-0/data/ratis] (custom)
2022-12-02 11:13:53,872 [pool-306-thread-1] INFO  server.RaftServerConfigKeys (ConfUtils.java:logGet(46)) - raft.server.log.corruption.policy = EXCEPTION (default)
2022-12-02 11:13:53,872 [pool-306-thread-1] INFO  server.RaftServerConfigKeys (ConfUtils.java:logGet(46)) - raft.server.storage.free-space.min = 0MB (=0) (default)
2022-12-02 11:13:53,873 [pool-306-thread-1] INFO  server.RaftServerConfigKeys (ConfUtils.java:logGet(46)) - raft.server.notification.no-leader.timeout = 300s (custom)
2022-12-02 11:13:53,873 [pool-306-thread-1] INFO  server.RaftServerConfigKeys (ConfUtils.java:logGet(46)) - raft.server.retrycache.expirytime = 600000ms (custom)
2022-12-02 11:13:53,873 [pool-306-thread-1] INFO  server.RaftServerConfigKeys (ConfUtils.java:logGet(46)) - raft.server.retrycache.statistics.expirytime = 100μs (default)
2022-12-02 11:13:53,874 [pool-306-thread-1] INFO  server.RaftServerConfigKeys (ConfUtils.java:logGet(46)) - raft.server.log.appender.install.snapshot.enabled = false (custom)
2022-12-02 11:13:53,874 [pool-306-thread-1] INFO  server.RaftServerConfigKeys (ConfUtils.java:logGet(46)) - raft.server.threadpool.server.cached = true (default)
2022-12-02 11:13:53,874 [pool-306-thread-1] INFO  server.RaftServerConfigKeys (ConfUtils.java:logGet(46)) - raft.server.threadpool.server.size = 0 (default)
2022-12-02 11:13:53,874 [pool-306-thread-1] INFO  server.RaftServerConfigKeys (ConfUtils.java:logGet(46)) - raft.server.threadpool.client.cached = true (default)
2022-12-02 11:13:53,874 [pool-306-thread-1] INFO  server.RaftServerConfigKeys (ConfUtils.java:logGet(46)) - raft.server.threadpool.client.size = 0 (default)
2022-12-02 11:13:53,875 [pool-306-thread-1] INFO  storage.RaftStorageDirectory (RaftStorageDirectoryImpl.java:analyzeStorage(137)) - The storage directory /home/runner/work/ozone/ozone/hadoop-ozone/integration-test/target/test-dir/MiniOzoneClusterImpl-8660d1ca-628d-42b2-bfba-a0a9046af5ec/datanode-0/data/ratis/32dc6fd4-c02e-413a-8c12-e292f41035c5 does not exist. Creating ...
2022-12-02 11:13:53,876 [pool-306-thread-1] INFO  storage.RaftStorageDirectory (RaftStorageDirectoryImpl.java:tryLock(231)) - Lock on /home/runner/work/ozone/ozone/hadoop-ozone/integration-test/target/test-dir/MiniOzoneClusterImpl-8660d1ca-628d-42b2-bfba-a0a9046af5ec/datanode-0/data/ratis/32dc6fd4-c02e-413a-8c12-e292f41035c5/in_use.lock acquired by nodename 6885@fv-az205-634
2022-12-02 11:13:53,878 [pool-306-thread-1] INFO  storage.RaftStorage (RaftStorageImpl.java:format(96)) - Storage directory /home/runner/work/ozone/ozone/hadoop-ozone/integration-test/target/test-dir/MiniOzoneClusterImpl-8660d1ca-628d-42b2-bfba-a0a9046af5ec/datanode-0/data/ratis/32dc6fd4-c02e-413a-8c12-e292f41035c5 has been successfully formatted.
2022-12-02 11:13:53,879 [pool-306-thread-1] INFO  ratis.ContainerStateMachine (ContainerStateMachine.java:loadSnapshot(236)) - group-E292F41035C5: The snapshot info is null. Setting the last applied indexto:(t:0, i:~)
2022-12-02 11:13:53,879 [pool-306-thread-1] INFO  server.RaftServerConfigKeys (ConfUtils.java:logGet(46)) - raft.server.log.use.memory = false (default)
2022-12-02 11:13:53,879 [pool-306-thread-1] INFO  server.RaftServerConfigKeys (ConfUtils.java:logGet(46)) - raft.server.log.purge.gap = 1000000 (custom)
2022-12-02 11:13:53,879 [pool-306-thread-1] INFO  server.RaftServerConfigKeys (ConfUtils.java:logGet(46)) - raft.server.log.appender.buffer.byte-limit = 33554432 (custom)
2022-12-02 11:13:53,879 [pool-306-thread-1] INFO  server.RaftServerConfigKeys (ConfUtils.java:logGet(46)) - raft.server.log.statemachine.data.read.timeout = 1000ms (default)
2022-12-02 11:13:53,879 [pool-306-thread-1] INFO  server.RaftServerConfigKeys (ConfUtils.java:logGet(46)) - raft.server.log.purge.preservation.log.num = 0 (default)
2022-12-02 11:13:53,880 [pool-306-thread-1] INFO  server.RaftServerConfigKeys (ConfUtils.java:logGet(46)) - raft.server.log.segment.size.max = 1048576 (custom)
2022-12-02 11:13:53,880 [pool-306-thread-1] INFO  server.RaftServerConfigKeys (ConfUtils.java:logGet(46)) - raft.server.log.segment.cache.num.max = 2 (custom)
2022-12-02 11:13:53,880 [pool-306-thread-1] INFO  server.RaftServerConfigKeys (ConfUtils.java:logGet(46)) - raft.server.log.segment.cache.size.max = 200MB (=209715200) (default)
2022-12-02 11:13:53,880 [pool-306-thread-1] INFO  segmented.SegmentedRaftLogWorker (SegmentedRaftLogWorker.java:<init>(189)) - new 7e2aca8c-5c6e-487b-9a67-6624db7a0d19@group-E292F41035C5-SegmentedRaftLogWorker for RaftStorageImpl:Storage Directory /home/runner/work/ozone/ozone/hadoop-ozone/integration-test/target/test-dir/MiniOzoneClusterImpl-8660d1ca-628d-42b2-bfba-a0a9046af5ec/datanode-0/data/ratis/32dc6fd4-c02e-413a-8c12-e292f41035c5
2022-12-02 11:13:53,880 [pool-306-thread-1] INFO  server.RaftServerConfigKeys (ConfUtils.java:logGet(46)) - raft.server.log.queue.byte-limit = 4294967296 (custom)
2022-12-02 11:13:53,880 [pool-306-thread-1] INFO  server.RaftServerConfigKeys (ConfUtils.java:logGet(46)) - raft.server.log.queue.element-limit = 1024 (custom)
2022-12-02 11:13:53,881 [pool-306-thread-1] INFO  server.RaftServerConfigKeys (ConfUtils.java:logGet(46)) - raft.server.log.segment.size.max = 1048576 (custom)
2022-12-02 11:13:53,881 [pool-306-thread-1] INFO  server.RaftServerConfigKeys (ConfUtils.java:logGet(46)) - raft.server.log.preallocated.size = 16384 (custom)
2022-12-02 11:13:53,881 [pool-306-thread-1] INFO  server.RaftServerConfigKeys (ConfUtils.java:logGet(46)) - raft.server.log.force.sync.num = 128 (default)
2022-12-02 11:13:53,881 [pool-306-thread-1] INFO  server.RaftServerConfigKeys (ConfUtils.java:logGet(46)) - raft.server.log.statemachine.data.sync = true (default)
2022-12-02 11:13:53,881 [EventQueue-CommandQueueReportForCommandQueueReportHandler] WARN  events.EventQueue (EventQueue.java:fireEvent(216)) - No event handler registered for event TypedEvent{payloadType=DatanodeDetails, name='Datanode_Command_Queue_Updated'}
2022-12-02 11:13:53,883 [pool-306-thread-1] INFO  server.RaftServerConfigKeys (ConfUtils.java:logGet(46)) - raft.server.log.statemachine.data.sync.timeout = 10s (default)
2022-12-02 11:13:53,881 [EventQueue-PipelineReportForPipelineReportHandler] INFO  pipeline.PipelineManagerImpl (PipelineManagerImpl.java:openPipeline(367)) - Pipeline Pipeline[ Id: 32dc6fd4-c02e-413a-8c12-e292f41035c5, Nodes: 7e2aca8c-5c6e-487b-9a67-6624db7a0d19{ip: 10.1.0.7, host: fv-az205-634.k2gd1z4tyxsu3cbgyjsjq30zwf.jx.internal.cloudapp.net, ports: [REPLICATION=35417, RATIS=44557, RATIS_ADMIN=44557, RATIS_SERVER=44557, STANDALONE=39721], networkLocation: /default-rack, certSerialId: null, persistedOpState: IN_SERVICE, persistedOpStateExpiryEpochSec: 0}, ReplicationConfig: RATIS/ONE, State:ALLOCATED, leaderId:7e2aca8c-5c6e-487b-9a67-6624db7a0d19, CreationTimestamp2022-12-02T11:13:50.879Z[Etc/UTC]] moved to OPEN state
2022-12-02 11:13:53,884 [pool-306-thread-1] INFO  server.RaftServerConfigKeys (ConfUtils.java:logGet(46)) - raft.server.log.statemachine.data.sync.timeout.retry = -1 (default)
2022-12-02 11:13:53,886 [pool-306-thread-1] INFO  server.RaftServerConfigKeys (ConfUtils.java:logGet(46)) - raft.server.log.write.buffer.size = 1048576 (custom)
2022-12-02 11:13:53,886 [pool-306-thread-1] INFO  server.RaftServerConfigKeys (ConfUtils.java:logGet(46)) - raft.server.log.appender.buffer.byte-limit = 33554432 (custom)
2022-12-02 11:13:53,893 [pool-306-thread-1] INFO  server.RaftServerConfigKeys (ConfUtils.java:logGet(46)) - raft.server.log.unsafe-flush.enabled = false (default)
2022-12-02 11:13:53,894 [pool-306-thread-1] INFO  server.RaftServerConfigKeys (ConfUtils.java:logGet(46)) - raft.server.log.async-flush.enabled = false (default)
2022-12-02 11:13:53,894 [pool-306-thread-1] INFO  server.RaftServerConfigKeys (ConfUtils.java:logGet(46)) - raft.server.log.statemachine.data.caching.enabled = true (custom)
2022-12-02 11:13:53,895 [EventQueue-OpenPipelineForHealthyPipelineSafeModeRule] INFO  safemode.SCMSafeModeManager (HealthyPipelineSafeModeRule.java:process(137)) - SCM in safe mode. Healthy pipelines reported count is 0, required healthy pipeline reported count is 1
2022-12-02 11:13:53,895 [pool-306-thread-1] INFO  segmented.SegmentedRaftLogWorker (SegmentedRaftLogWorker.java:lambda$new$0(135)) - 7e2aca8c-5c6e-487b-9a67-6624db7a0d19@group-E292F41035C5-SegmentedRaftLogWorker: flushIndex: setUnconditionally 0 -> -1
2022-12-02 11:13:53,895 [pool-306-thread-1] INFO  segmented.SegmentedRaftLogWorker (SegmentedRaftLogWorker.java:lambda$new$0(135)) - 7e2aca8c-5c6e-487b-9a67-6624db7a0d19@group-E292F41035C5-SegmentedRaftLogWorker: safeCacheEvictIndex: setUnconditionally 0 -> -1
2022-12-02 11:13:53,895 [pool-306-thread-1] INFO  server.RaftServer$Division (RaftServerImpl.java:start(334)) - 7e2aca8c-5c6e-487b-9a67-6624db7a0d19@group-E292F41035C5: start as a follower, conf=-1: peers:[7e2aca8c-5c6e-487b-9a67-6624db7a0d19|rpc:10.1.0.7:44557|priority:1|startupRole:FOLLOWER]|listeners:[], old=null
2022-12-02 11:13:53,895 [pool-306-thread-1] INFO  server.RaftServer$Division (RaftServerImpl.java:setRole(321)) - 7e2aca8c-5c6e-487b-9a67-6624db7a0d19@group-E292F41035C5: changes role from      null to FOLLOWER at term 0 for startAsFollower
2022-12-02 11:13:53,895 [pool-306-thread-1] INFO  impl.RoleInfo (RoleInfo.java:updateAndGet(139)) - 7e2aca8c-5c6e-487b-9a67-6624db7a0d19: start 7e2aca8c-5c6e-487b-9a67-6624db7a0d19@group-E292F41035C5-FollowerState
2022-12-02 11:13:53,896 [pool-306-thread-1] INFO  util.JmxRegister (JmxRegister.java:tryRegister(44)) - Successfully registered JMX Bean with object name Ratis:service=RaftServer,group=group-E292F41035C5,id=7e2aca8c-5c6e-487b-9a67-6624db7a0d19
2022-12-02 11:13:53,896 [pool-306-thread-1] INFO  server.RaftServerConfigKeys (ConfUtils.java:logGet(46)) - raft.server.snapshot.auto.trigger.enabled = true (custom)
2022-12-02 11:13:53,896 [pool-306-thread-1] INFO  server.RaftServerConfigKeys (ConfUtils.java:logGet(46)) - raft.server.snapshot.auto.trigger.threshold = 10000 (custom)
2022-12-02 11:13:53,896 [pool-306-thread-1] INFO  server.RaftServerConfigKeys (ConfUtils.java:logGet(46)) - raft.server.snapshot.retention.file.num = 5 (custom)
2022-12-02 11:13:53,896 [pool-306-thread-1] INFO  server.RaftServerConfigKeys (ConfUtils.java:logGet(46)) - raft.server.log.purge.upto.snapshot.index = false (default)
2022-12-02 11:13:53,897 [7e2aca8c-5c6e-487b-9a67-6624db7a0d19@group-E292F41035C5-FollowerState] INFO  server.RaftServerConfigKeys (ConfUtils.java:logFallback(53)) - raft.server.rpc.first-election.timeout.min = 5s (fallback to raft.server.rpc.timeout.min)
2022-12-02 11:13:53,897 [7e2aca8c-5c6e-487b-9a67-6624db7a0d19@group-E292F41035C5-FollowerState] INFO  server.RaftServerConfigKeys (ConfUtils.java:logFallback(53)) - raft.server.rpc.first-election.timeout.max = 5200ms (fallback to raft.server.rpc.timeout.max)
2022-12-02 11:13:53,902 [Command processor thread] INFO  ratis.XceiverServerRatis (XceiverServerRatis.java:addGroup(765)) - Created group PipelineID=32dc6fd4-c02e-413a-8c12-e292f41035c5
2022-12-02 11:13:53,902 [Command processor thread] INFO  commandhandler.CreatePipelineCommandHandler (CreatePipelineCommandHandler.java:handle(113)) - Created Pipeline RATIS ONE PipelineID=32dc6fd4-c02e-413a-8c12-e292f41035c5.
2022-12-02 11:13:53,903 [Command processor thread] INFO  server.RaftServer (RaftServerProxy.java:addNew(96)) - 7e2aca8c-5c6e-487b-9a67-6624db7a0d19: addNew group-CC7A890D867E:[7e2aca8c-5c6e-487b-9a67-6624db7a0d19|rpc:10.1.0.7:44557|priority:0|startupRole:FOLLOWER, 2ec4b609-823d-4e71-a054-e2ed5db02f38|rpc:10.1.0.7:37481|priority:1|startupRole:FOLLOWER, 670c0782-42b0-403d-9acb-55f21abca380|rpc:10.1.0.7:43611|priority:0|startupRole:FOLLOWER] returns group-CC7A890D867E:java.util.concurrent.CompletableFuture@692f61d3[Not completed]
2022-12-02 11:13:53,904 [pool-306-thread-1] INFO  server.RaftServer$Division (RaftServerImpl.java:<init>(195)) - 7e2aca8c-5c6e-487b-9a67-6624db7a0d19: new RaftServerImpl for group-CC7A890D867E:[7e2aca8c-5c6e-487b-9a67-6624db7a0d19|rpc:10.1.0.7:44557|priority:0|startupRole:FOLLOWER, 2ec4b609-823d-4e71-a054-e2ed5db02f38|rpc:10.1.0.7:37481|priority:1|startupRole:FOLLOWER, 670c0782-42b0-403d-9acb-55f21abca380|rpc:10.1.0.7:43611|priority:0|startupRole:FOLLOWER] with ContainerStateMachine:uninitialized
2022-12-02 11:13:53,904 [pool-306-thread-1] INFO  server.RaftServerConfigKeys (ConfUtils.java:logGet(46)) - raft.server.rpc.timeout.min = 5s (custom)
2022-12-02 11:13:53,904 [pool-306-thread-1] INFO  server.RaftServerConfigKeys (ConfUtils.java:logGet(46)) - raft.server.rpc.timeout.max = 5200ms (custom)
2022-12-02 11:13:53,904 [pool-306-thread-1] INFO  server.RaftServerConfigKeys (ConfUtils.java:logGet(46)) - raft.server.rpc.sleep.time = 25ms (default)
2022-12-02 11:13:53,904 [pool-306-thread-1] INFO  server.RaftServerConfigKeys (ConfUtils.java:logGet(46)) - raft.server.rpc.slowness.timeout = 300s (custom)
2022-12-02 11:13:53,904 [pool-306-thread-1] INFO  server.RaftServerConfigKeys (ConfUtils.java:logGet(46)) - raft.server.leaderelection.leader.step-down.wait-time = 10s (default)
2022-12-02 11:13:53,904 [pool-306-thread-1] INFO  server.RaftServerConfigKeys (ConfUtils.java:logGet(46)) - raft.server.sleep.deviation.threshold = 300ms (default)
2022-12-02 11:13:53,904 [pool-306-thread-1] INFO  server.RaftServer$Division (ServerState.java:<init>(118)) - 7e2aca8c-5c6e-487b-9a67-6624db7a0d19@group-CC7A890D867E: ConfigurationManager, init=-1: peers:[7e2aca8c-5c6e-487b-9a67-6624db7a0d19|rpc:10.1.0.7:44557|priority:0|startupRole:FOLLOWER, 2ec4b609-823d-4e71-a054-e2ed5db02f38|rpc:10.1.0.7:37481|priority:1|startupRole:FOLLOWER, 670c0782-42b0-403d-9acb-55f21abca380|rpc:10.1.0.7:43611|priority:0|startupRole:FOLLOWER]|listeners:[], old=null, confs=<EMPTY_MAP>
2022-12-02 11:13:53,905 [pool-306-thread-1] INFO  server.RaftServerConfigKeys (ConfUtils.java:logGet(46)) - raft.server.storage.dir = [/home/runner/work/ozone/ozone/hadoop-ozone/integration-test/target/test-dir/MiniOzoneClusterImpl-8660d1ca-628d-42b2-bfba-a0a9046af5ec/datanode-0/data/ratis] (custom)
2022-12-02 11:13:53,905 [pool-306-thread-1] INFO  server.RaftServerConfigKeys (ConfUtils.java:logGet(46)) - raft.server.log.corruption.policy = EXCEPTION (default)
2022-12-02 11:13:53,905 [pool-306-thread-1] INFO  server.RaftServerConfigKeys (ConfUtils.java:logGet(46)) - raft.server.storage.free-space.min = 0MB (=0) (default)
2022-12-02 11:13:53,905 [pool-306-thread-1] INFO  server.RaftServerConfigKeys (ConfUtils.java:logGet(46)) - raft.server.notification.no-leader.timeout = 300s (custom)
2022-12-02 11:13:53,905 [pool-306-thread-1] INFO  server.RaftServerConfigKeys (ConfUtils.java:logGet(46)) - raft.server.retrycache.expirytime = 600000ms (custom)
2022-12-02 11:13:53,905 [pool-306-thread-1] INFO  server.RaftServerConfigKeys (ConfUtils.java:logGet(46)) - raft.server.retrycache.statistics.expirytime = 100μs (default)
2022-12-02 11:13:53,906 [pool-306-thread-1] INFO  server.RaftServerConfigKeys (ConfUtils.java:logGet(46)) - raft.server.log.appender.install.snapshot.enabled = false (custom)
2022-12-02 11:13:53,906 [pool-306-thread-1] INFO  server.RaftServerConfigKeys (ConfUtils.java:logGet(46)) - raft.server.threadpool.server.cached = true (default)
2022-12-02 11:13:53,906 [pool-306-thread-1] INFO  server.RaftServerConfigKeys (ConfUtils.java:logGet(46)) - raft.server.threadpool.server.size = 0 (default)
2022-12-02 11:13:53,907 [pool-306-thread-1] INFO  server.RaftServerConfigKeys (ConfUtils.java:logGet(46)) - raft.server.threadpool.client.cached = true (default)
2022-12-02 11:13:53,907 [pool-306-thread-1] INFO  server.RaftServerConfigKeys (ConfUtils.java:logGet(46)) - raft.server.threadpool.client.size = 0 (default)
2022-12-02 11:13:53,907 [pool-306-thread-1] INFO  storage.RaftStorageDirectory (RaftStorageDirectoryImpl.java:analyzeStorage(137)) - The storage directory /home/runner/work/ozone/ozone/hadoop-ozone/integration-test/target/test-dir/MiniOzoneClusterImpl-8660d1ca-628d-42b2-bfba-a0a9046af5ec/datanode-0/data/ratis/062614bd-6377-4b09-8d3e-cc7a890d867e does not exist. Creating ...
2022-12-02 11:13:53,908 [pool-306-thread-1] INFO  storage.RaftStorageDirectory (RaftStorageDirectoryImpl.java:tryLock(231)) - Lock on /home/runner/work/ozone/ozone/hadoop-ozone/integration-test/target/test-dir/MiniOzoneClusterImpl-8660d1ca-628d-42b2-bfba-a0a9046af5ec/datanode-0/data/ratis/062614bd-6377-4b09-8d3e-cc7a890d867e/in_use.lock acquired by nodename 6885@fv-az205-634
2022-12-02 11:13:53,910 [pool-306-thread-1] INFO  storage.RaftStorage (RaftStorageImpl.java:format(96)) - Storage directory /home/runner/work/ozone/ozone/hadoop-ozone/integration-test/target/test-dir/MiniOzoneClusterImpl-8660d1ca-628d-42b2-bfba-a0a9046af5ec/datanode-0/data/ratis/062614bd-6377-4b09-8d3e-cc7a890d867e has been successfully formatted.
2022-12-02 11:13:53,911 [pool-306-thread-1] INFO  ratis.ContainerStateMachine (ContainerStateMachine.java:loadSnapshot(236)) - group-CC7A890D867E: The snapshot info is null. Setting the last applied indexto:(t:0, i:~)
2022-12-02 11:13:53,911 [pool-306-thread-1] INFO  server.RaftServerConfigKeys (ConfUtils.java:logGet(46)) - raft.server.log.use.memory = false (default)
2022-12-02 11:13:53,911 [pool-306-thread-1] INFO  server.RaftServerConfigKeys (ConfUtils.java:logGet(46)) - raft.server.log.purge.gap = 1000000 (custom)
2022-12-02 11:13:53,911 [pool-306-thread-1] INFO  server.RaftServerConfigKeys (ConfUtils.java:logGet(46)) - raft.server.log.appender.buffer.byte-limit = 33554432 (custom)
2022-12-02 11:13:53,911 [pool-306-thread-1] INFO  server.RaftServerConfigKeys (ConfUtils.java:logGet(46)) - raft.server.log.statemachine.data.read.timeout = 1000ms (default)
2022-12-02 11:13:53,911 [pool-306-thread-1] INFO  server.RaftServerConfigKeys (ConfUtils.java:logGet(46)) - raft.server.log.purge.preservation.log.num = 0 (default)
2022-12-02 11:13:53,912 [pool-306-thread-1] INFO  server.RaftServerConfigKeys (ConfUtils.java:logGet(46)) - raft.server.log.segment.size.max = 1048576 (custom)
2022-12-02 11:13:53,912 [pool-306-thread-1] INFO  server.RaftServerConfigKeys (ConfUtils.java:logGet(46)) - raft.server.log.segment.cache.num.max = 2 (custom)
2022-12-02 11:13:53,912 [pool-306-thread-1] INFO  server.RaftServerConfigKeys (ConfUtils.java:logGet(46)) - raft.server.log.segment.cache.size.max = 200MB (=209715200) (default)
2022-12-02 11:13:53,913 [pool-306-thread-1] INFO  segmented.SegmentedRaftLogWorker (SegmentedRaftLogWorker.java:<init>(189)) - new 7e2aca8c-5c6e-487b-9a67-6624db7a0d19@group-CC7A890D867E-SegmentedRaftLogWorker for RaftStorageImpl:Storage Directory /home/runner/work/ozone/ozone/hadoop-ozone/integration-test/target/test-dir/MiniOzoneClusterImpl-8660d1ca-628d-42b2-bfba-a0a9046af5ec/datanode-0/data/ratis/062614bd-6377-4b09-8d3e-cc7a890d867e
2022-12-02 11:13:53,913 [pool-306-thread-1] INFO  server.RaftServerConfigKeys (ConfUtils.java:logGet(46)) - raft.server.log.queue.byte-limit = 4294967296 (custom)
2022-12-02 11:13:53,913 [pool-306-thread-1] INFO  server.RaftServerConfigKeys (ConfUtils.java:logGet(46)) - raft.server.log.queue.element-limit = 1024 (custom)
2022-12-02 11:13:53,913 [pool-306-thread-1] INFO  server.RaftServerConfigKeys (ConfUtils.java:logGet(46)) - raft.server.log.segment.size.max = 1048576 (custom)
2022-12-02 11:13:53,913 [pool-306-thread-1] INFO  server.RaftServerConfigKeys (ConfUtils.java:logGet(46)) - raft.server.log.preallocated.size = 16384 (custom)
2022-12-02 11:13:53,913 [pool-306-thread-1] INFO  server.RaftServerConfigKeys (ConfUtils.java:logGet(46)) - raft.server.log.force.sync.num = 128 (default)
2022-12-02 11:13:53,913 [pool-306-thread-1] INFO  server.RaftServerConfigKeys (ConfUtils.java:logGet(46)) - raft.server.log.statemachine.data.sync = true (default)
2022-12-02 11:13:53,913 [EventQueue-CommandQueueReportForCommandQueueReportHandler] WARN  events.EventQueue (EventQueue.java:fireEvent(216)) - No event handler registered for event TypedEvent{payloadType=DatanodeDetails, name='Datanode_Command_Queue_Updated'}
2022-12-02 11:13:53,913 [pool-306-thread-1] INFO  server.RaftServerConfigKeys (ConfUtils.java:logGet(46)) - raft.server.log.statemachine.data.sync.timeout = 10s (default)
2022-12-02 11:13:53,913 [pool-306-thread-1] INFO  server.RaftServerConfigKeys (ConfUtils.java:logGet(46)) - raft.server.log.statemachine.data.sync.timeout.retry = -1 (default)
2022-12-02 11:13:53,913 [EventQueue-OpenPipelineForHealthyPipelineSafeModeRule] INFO  safemode.SCMSafeModeManager (HealthyPipelineSafeModeRule.java:process(137)) - SCM in safe mode. Healthy pipelines reported count is 0, required healthy pipeline reported count is 1
2022-12-02 11:13:53,914 [pool-306-thread-1] INFO  server.RaftServerConfigKeys (ConfUtils.java:logGet(46)) - raft.server.log.write.buffer.size = 1048576 (custom)
2022-12-02 11:13:53,914 [pool-306-thread-1] INFO  server.RaftServerConfigKeys (ConfUtils.java:logGet(46)) - raft.server.log.appender.buffer.byte-limit = 33554432 (custom)
2022-12-02 11:13:53,921 [pool-306-thread-1] INFO  server.RaftServerConfigKeys (ConfUtils.java:logGet(46)) - raft.server.log.unsafe-flush.enabled = false (default)
2022-12-02 11:13:53,921 [pool-306-thread-1] INFO  server.RaftServerConfigKeys (ConfUtils.java:logGet(46)) - raft.server.log.async-flush.enabled = false (default)
2022-12-02 11:13:53,921 [pool-306-thread-1] INFO  server.RaftServerConfigKeys (ConfUtils.java:logGet(46)) - raft.server.log.statemachine.data.caching.enabled = true (custom)
2022-12-02 11:13:53,921 [pool-306-thread-1] INFO  segmented.SegmentedRaftLogWorker (SegmentedRaftLogWorker.java:lambda$new$0(135)) - 7e2aca8c-5c6e-487b-9a67-6624db7a0d19@group-CC7A890D867E-SegmentedRaftLogWorker: flushIndex: setUnconditionally 0 -> -1
2022-12-02 11:13:53,921 [pool-306-thread-1] INFO  segmented.SegmentedRaftLogWorker (SegmentedRaftLogWorker.java:lambda$new$0(135)) - 7e2aca8c-5c6e-487b-9a67-6624db7a0d19@group-CC7A890D867E-SegmentedRaftLogWorker: safeCacheEvictIndex: setUnconditionally 0 -> -1
2022-12-02 11:13:53,922 [pool-306-thread-1] INFO  server.RaftServer$Division (RaftServerImpl.java:start(334)) - 7e2aca8c-5c6e-487b-9a67-6624db7a0d19@group-CC7A890D867E: start as a follower, conf=-1: peers:[7e2aca8c-5c6e-487b-9a67-6624db7a0d19|rpc:10.1.0.7:44557|priority:0|startupRole:FOLLOWER, 2ec4b609-823d-4e71-a054-e2ed5db02f38|rpc:10.1.0.7:37481|priority:1|startupRole:FOLLOWER, 670c0782-42b0-403d-9acb-55f21abca380|rpc:10.1.0.7:43611|priority:0|startupRole:FOLLOWER]|listeners:[], old=null
2022-12-02 11:13:53,922 [pool-306-thread-1] INFO  server.RaftServer$Division (RaftServerImpl.java:setRole(321)) - 7e2aca8c-5c6e-487b-9a67-6624db7a0d19@group-CC7A890D867E: changes role from      null to FOLLOWER at term 0 for startAsFollower
2022-12-02 11:13:53,922 [pool-306-thread-1] INFO  impl.RoleInfo (RoleInfo.java:updateAndGet(139)) - 7e2aca8c-5c6e-487b-9a67-6624db7a0d19: start 7e2aca8c-5c6e-487b-9a67-6624db7a0d19@group-CC7A890D867E-FollowerState
2022-12-02 11:13:53,924 [pool-306-thread-1] INFO  util.JmxRegister (JmxRegister.java:tryRegister(44)) - Successfully registered JMX Bean with object name Ratis:service=RaftServer,group=group-CC7A890D867E,id=7e2aca8c-5c6e-487b-9a67-6624db7a0d19
2022-12-02 11:13:53,925 [pool-306-thread-1] INFO  server.RaftServerConfigKeys (ConfUtils.java:logGet(46)) - raft.server.snapshot.auto.trigger.enabled = true (custom)
2022-12-02 11:13:53,925 [pool-306-thread-1] INFO  server.RaftServerConfigKeys (ConfUtils.java:logGet(46)) - raft.server.snapshot.auto.trigger.threshold = 10000 (custom)
2022-12-02 11:13:53,925 [pool-306-thread-1] INFO  server.RaftServerConfigKeys (ConfUtils.java:logGet(46)) - raft.server.snapshot.retention.file.num = 5 (custom)
2022-12-02 11:13:53,925 [pool-306-thread-1] INFO  server.RaftServerConfigKeys (ConfUtils.java:logGet(46)) - raft.server.log.purge.upto.snapshot.index = false (default)
2022-12-02 11:13:53,926 [7e2aca8c-5c6e-487b-9a67-6624db7a0d19@group-CC7A890D867E-FollowerState] INFO  server.RaftServerConfigKeys (ConfUtils.java:logFallback(53)) - raft.server.rpc.first-election.timeout.min = 5s (fallback to raft.server.rpc.timeout.min)
2022-12-02 11:13:53,926 [7e2aca8c-5c6e-487b-9a67-6624db7a0d19@group-CC7A890D867E-FollowerState] INFO  server.RaftServerConfigKeys (ConfUtils.java:logFallback(53)) - raft.server.rpc.first-election.timeout.max = 5200ms (fallback to raft.server.rpc.timeout.max)
2022-12-02 11:13:53,929 [Command processor thread] INFO  ratis.XceiverServerRatis (XceiverServerRatis.java:addGroup(765)) - Created group PipelineID=062614bd-6377-4b09-8d3e-cc7a890d867e
2022-12-02 11:13:53,956 [grpc-default-executor-0] INFO  server.RaftServer (RaftServerProxy.java:addNew(96)) - 670c0782-42b0-403d-9acb-55f21abca380: addNew group-CC7A890D867E:[7e2aca8c-5c6e-487b-9a67-6624db7a0d19|rpc:10.1.0.7:44557|dataStream:|priority:0|startupRole:FOLLOWER, 2ec4b609-823d-4e71-a054-e2ed5db02f38|rpc:10.1.0.7:37481|dataStream:|priority:1|startupRole:FOLLOWER, 670c0782-42b0-403d-9acb-55f21abca380|rpc:10.1.0.7:43611|dataStream:|priority:0|startupRole:FOLLOWER] returns group-CC7A890D867E:java.util.concurrent.CompletableFuture@ee6f4ba[Not completed]
2022-12-02 11:13:53,958 [pool-329-thread-1] INFO  server.RaftServer$Division (RaftServerImpl.java:<init>(195)) - 670c0782-42b0-403d-9acb-55f21abca380: new RaftServerImpl for group-CC7A890D867E:[7e2aca8c-5c6e-487b-9a67-6624db7a0d19|rpc:10.1.0.7:44557|dataStream:|priority:0|startupRole:FOLLOWER, 2ec4b609-823d-4e71-a054-e2ed5db02f38|rpc:10.1.0.7:37481|dataStream:|priority:1|startupRole:FOLLOWER, 670c0782-42b0-403d-9acb-55f21abca380|rpc:10.1.0.7:43611|dataStream:|priority:0|startupRole:FOLLOWER] with ContainerStateMachine:uninitialized
2022-12-02 11:13:53,958 [pool-329-thread-1] INFO  server.RaftServerConfigKeys (ConfUtils.java:logGet(46)) - raft.server.rpc.timeout.min = 5s (custom)
2022-12-02 11:13:53,959 [pool-329-thread-1] INFO  server.RaftServerConfigKeys (ConfUtils.java:logGet(46)) - raft.server.rpc.timeout.max = 5200ms (custom)
2022-12-02 11:13:53,959 [pool-329-thread-1] INFO  server.RaftServerConfigKeys (ConfUtils.java:logGet(46)) - raft.server.rpc.sleep.time = 25ms (default)
2022-12-02 11:13:53,959 [pool-329-thread-1] INFO  server.RaftServerConfigKeys (ConfUtils.java:logGet(46)) - raft.server.rpc.slowness.timeout = 300s (custom)
2022-12-02 11:13:53,959 [pool-329-thread-1] INFO  server.RaftServerConfigKeys (ConfUtils.java:logGet(46)) - raft.server.leaderelection.leader.step-down.wait-time = 10s (default)
2022-12-02 11:13:53,959 [pool-329-thread-1] INFO  server.RaftServerConfigKeys (ConfUtils.java:logGet(46)) - raft.server.sleep.deviation.threshold = 300ms (default)
2022-12-02 11:13:53,960 [pool-329-thread-1] INFO  server.RaftServer$Division (ServerState.java:<init>(118)) - 670c0782-42b0-403d-9acb-55f21abca380@group-CC7A890D867E: ConfigurationManager, init=-1: peers:[7e2aca8c-5c6e-487b-9a67-6624db7a0d19|rpc:10.1.0.7:44557|dataStream:|priority:0|startupRole:FOLLOWER, 2ec4b609-823d-4e71-a054-e2ed5db02f38|rpc:10.1.0.7:37481|dataStream:|priority:1|startupRole:FOLLOWER, 670c0782-42b0-403d-9acb-55f21abca380|rpc:10.1.0.7:43611|dataStream:|priority:0|startupRole:FOLLOWER]|listeners:[], old=null, confs=<EMPTY_MAP>
2022-12-02 11:13:53,960 [pool-329-thread-1] INFO  server.RaftServerConfigKeys (ConfUtils.java:logGet(46)) - raft.server.storage.dir = [/home/runner/work/ozone/ozone/hadoop-ozone/integration-test/target/test-dir/MiniOzoneClusterImpl-8660d1ca-628d-42b2-bfba-a0a9046af5ec/datanode-1/data/ratis] (custom)
2022-12-02 11:13:53,960 [pool-329-thread-1] INFO  server.RaftServerConfigKeys (ConfUtils.java:logGet(46)) - raft.server.log.corruption.policy = EXCEPTION (default)
2022-12-02 11:13:53,960 [pool-329-thread-1] INFO  server.RaftServerConfigKeys (ConfUtils.java:logGet(46)) - raft.server.storage.free-space.min = 0MB (=0) (default)
2022-12-02 11:13:53,960 [pool-329-thread-1] INFO  server.RaftServerConfigKeys (ConfUtils.java:logGet(46)) - raft.server.notification.no-leader.timeout = 300s (custom)
2022-12-02 11:13:53,960 [pool-329-thread-1] INFO  server.RaftServerConfigKeys (ConfUtils.java:logGet(46)) - raft.server.retrycache.expirytime = 600000ms (custom)
2022-12-02 11:13:53,960 [pool-329-thread-1] INFO  server.RaftServerConfigKeys (ConfUtils.java:logGet(46)) - raft.server.retrycache.statistics.expirytime = 100μs (default)
2022-12-02 11:13:53,962 [pool-329-thread-1] INFO  server.RaftServerConfigKeys (ConfUtils.java:logGet(46)) - raft.server.log.appender.install.snapshot.enabled = false (custom)
2022-12-02 11:13:53,962 [pool-329-thread-1] INFO  server.RaftServerConfigKeys (ConfUtils.java:logGet(46)) - raft.server.threadpool.server.cached = true (default)
2022-12-02 11:13:53,962 [pool-329-thread-1] INFO  server.RaftServerConfigKeys (ConfUtils.java:logGet(46)) - raft.server.threadpool.server.size = 0 (default)
2022-12-02 11:13:53,962 [pool-329-thread-1] INFO  server.RaftServerConfigKeys (ConfUtils.java:logGet(46)) - raft.server.threadpool.client.cached = true (default)
2022-12-02 11:13:53,962 [pool-329-thread-1] INFO  server.RaftServerConfigKeys (ConfUtils.java:logGet(46)) - raft.server.threadpool.client.size = 0 (default)
2022-12-02 11:13:53,962 [pool-329-thread-1] INFO  storage.RaftStorageDirectory (RaftStorageDirectoryImpl.java:analyzeStorage(137)) - The storage directory /home/runner/work/ozone/ozone/hadoop-ozone/integration-test/target/test-dir/MiniOzoneClusterImpl-8660d1ca-628d-42b2-bfba-a0a9046af5ec/datanode-1/data/ratis/062614bd-6377-4b09-8d3e-cc7a890d867e does not exist. Creating ...
2022-12-02 11:13:53,964 [pool-329-thread-1] INFO  storage.RaftStorageDirectory (RaftStorageDirectoryImpl.java:tryLock(231)) - Lock on /home/runner/work/ozone/ozone/hadoop-ozone/integration-test/target/test-dir/MiniOzoneClusterImpl-8660d1ca-628d-42b2-bfba-a0a9046af5ec/datanode-1/data/ratis/062614bd-6377-4b09-8d3e-cc7a890d867e/in_use.lock acquired by nodename 6885@fv-az205-634
2022-12-02 11:13:53,965 [pool-329-thread-1] INFO  storage.RaftStorage (RaftStorageImpl.java:format(96)) - Storage directory /home/runner/work/ozone/ozone/hadoop-ozone/integration-test/target/test-dir/MiniOzoneClusterImpl-8660d1ca-628d-42b2-bfba-a0a9046af5ec/datanode-1/data/ratis/062614bd-6377-4b09-8d3e-cc7a890d867e has been successfully formatted.
2022-12-02 11:13:53,966 [pool-329-thread-1] INFO  ratis.ContainerStateMachine (ContainerStateMachine.java:loadSnapshot(236)) - group-CC7A890D867E: The snapshot info is null. Setting the last applied indexto:(t:0, i:~)
2022-12-02 11:13:53,966 [pool-329-thread-1] INFO  server.RaftServerConfigKeys (ConfUtils.java:logGet(46)) - raft.server.log.use.memory = false (default)
2022-12-02 11:13:53,967 [pool-329-thread-1] INFO  server.RaftServerConfigKeys (ConfUtils.java:logGet(46)) - raft.server.log.purge.gap = 1000000 (custom)
2022-12-02 11:13:53,967 [pool-329-thread-1] INFO  server.RaftServerConfigKeys (ConfUtils.java:logGet(46)) - raft.server.log.appender.buffer.byte-limit = 33554432 (custom)
2022-12-02 11:13:53,967 [pool-329-thread-1] INFO  server.RaftServerConfigKeys (ConfUtils.java:logGet(46)) - raft.server.log.statemachine.data.read.timeout = 1000ms (default)
2022-12-02 11:13:53,967 [pool-329-thread-1] INFO  server.RaftServerConfigKeys (ConfUtils.java:logGet(46)) - raft.server.log.purge.preservation.log.num = 0 (default)
2022-12-02 11:13:53,967 [pool-329-thread-1] INFO  server.RaftServerConfigKeys (ConfUtils.java:logGet(46)) - raft.server.log.segment.size.max = 1048576 (custom)
2022-12-02 11:13:53,967 [pool-329-thread-1] INFO  server.RaftServerConfigKeys (ConfUtils.java:logGet(46)) - raft.server.log.segment.cache.num.max = 2 (custom)
2022-12-02 11:13:53,968 [pool-329-thread-1] INFO  server.RaftServerConfigKeys (ConfUtils.java:logGet(46)) - raft.server.log.segment.cache.size.max = 200MB (=209715200) (default)
2022-12-02 11:13:53,968 [pool-329-thread-1] INFO  segmented.SegmentedRaftLogWorker (SegmentedRaftLogWorker.java:<init>(189)) - new 670c0782-42b0-403d-9acb-55f21abca380@group-CC7A890D867E-SegmentedRaftLogWorker for RaftStorageImpl:Storage Directory /home/runner/work/ozone/ozone/hadoop-ozone/integration-test/target/test-dir/MiniOzoneClusterImpl-8660d1ca-628d-42b2-bfba-a0a9046af5ec/datanode-1/data/ratis/062614bd-6377-4b09-8d3e-cc7a890d867e
2022-12-02 11:13:53,968 [pool-329-thread-1] INFO  server.RaftServerConfigKeys (ConfUtils.java:logGet(46)) - raft.server.log.queue.byte-limit = 4294967296 (custom)
2022-12-02 11:13:53,968 [pool-329-thread-1] INFO  server.RaftServerConfigKeys (ConfUtils.java:logGet(46)) - raft.server.log.queue.element-limit = 1024 (custom)
2022-12-02 11:13:53,968 [EventQueue-CommandQueueReportForCommandQueueReportHandler] WARN  events.EventQueue (EventQueue.java:fireEvent(216)) - No event handler registered for event TypedEvent{payloadType=DatanodeDetails, name='Datanode_Command_Queue_Updated'}
2022-12-02 11:13:53,968 [pool-329-thread-1] INFO  server.RaftServerConfigKeys (ConfUtils.java:logGet(46)) - raft.server.log.segment.size.max = 1048576 (custom)
2022-12-02 11:13:53,968 [pool-329-thread-1] INFO  server.RaftServerConfigKeys (ConfUtils.java:logGet(46)) - raft.server.log.preallocated.size = 16384 (custom)
2022-12-02 11:13:53,968 [pool-329-thread-1] INFO  server.RaftServerConfigKeys (ConfUtils.java:logGet(46)) - raft.server.log.force.sync.num = 128 (default)
2022-12-02 11:13:53,968 [pool-329-thread-1] INFO  server.RaftServerConfigKeys (ConfUtils.java:logGet(46)) - raft.server.log.statemachine.data.sync = true (default)
2022-12-02 11:13:53,968 [pool-329-thread-1] INFO  server.RaftServerConfigKeys (ConfUtils.java:logGet(46)) - raft.server.log.statemachine.data.sync.timeout = 10s (default)
2022-12-02 11:13:53,968 [pool-329-thread-1] INFO  server.RaftServerConfigKeys (ConfUtils.java:logGet(46)) - raft.server.log.statemachine.data.sync.timeout.retry = -1 (default)
2022-12-02 11:13:53,969 [pool-329-thread-1] INFO  server.RaftServerConfigKeys (ConfUtils.java:logGet(46)) - raft.server.log.write.buffer.size = 1048576 (custom)
2022-12-02 11:13:53,970 [pool-329-thread-1] INFO  server.RaftServerConfigKeys (ConfUtils.java:logGet(46)) - raft.server.log.appender.buffer.byte-limit = 33554432 (custom)
2022-12-02 11:13:53,977 [pool-329-thread-1] INFO  server.RaftServerConfigKeys (ConfUtils.java:logGet(46)) - raft.server.log.unsafe-flush.enabled = false (default)
2022-12-02 11:13:53,977 [pool-329-thread-1] INFO  server.RaftServerConfigKeys (ConfUtils.java:logGet(46)) - raft.server.log.async-flush.enabled = false (default)
2022-12-02 11:13:53,977 [pool-329-thread-1] INFO  server.RaftServerConfigKeys (ConfUtils.java:logGet(46)) - raft.server.log.statemachine.data.caching.enabled = true (custom)
2022-12-02 11:13:53,978 [pool-329-thread-1] INFO  segmented.SegmentedRaftLogWorker (SegmentedRaftLogWorker.java:lambda$new$0(135)) - 670c0782-42b0-403d-9acb-55f21abca380@group-CC7A890D867E-SegmentedRaftLogWorker: flushIndex: setUnconditionally 0 -> -1
2022-12-02 11:13:53,978 [pool-329-thread-1] INFO  segmented.SegmentedRaftLogWorker (SegmentedRaftLogWorker.java:lambda$new$0(135)) - 670c0782-42b0-403d-9acb-55f21abca380@group-CC7A890D867E-SegmentedRaftLogWorker: safeCacheEvictIndex: setUnconditionally 0 -> -1
2022-12-02 11:13:53,978 [pool-329-thread-1] INFO  server.RaftServer$Division (RaftServerImpl.java:start(334)) - 670c0782-42b0-403d-9acb-55f21abca380@group-CC7A890D867E: start as a follower, conf=-1: peers:[7e2aca8c-5c6e-487b-9a67-6624db7a0d19|rpc:10.1.0.7:44557|dataStream:|priority:0|startupRole:FOLLOWER, 2ec4b609-823d-4e71-a054-e2ed5db02f38|rpc:10.1.0.7:37481|dataStream:|priority:1|startupRole:FOLLOWER, 670c0782-42b0-403d-9acb-55f21abca380|rpc:10.1.0.7:43611|dataStream:|priority:0|startupRole:FOLLOWER]|listeners:[], old=null
2022-12-02 11:13:53,978 [pool-329-thread-1] INFO  server.RaftServer$Division (RaftServerImpl.java:setRole(321)) - 670c0782-42b0-403d-9acb-55f21abca380@group-CC7A890D867E: changes role from      null to FOLLOWER at term 0 for startAsFollower
2022-12-02 11:13:53,978 [pool-329-thread-1] INFO  impl.RoleInfo (RoleInfo.java:updateAndGet(139)) - 670c0782-42b0-403d-9acb-55f21abca380: start 670c0782-42b0-403d-9acb-55f21abca380@group-CC7A890D867E-FollowerState
2022-12-02 11:13:53,982 [pool-329-thread-1] INFO  util.JmxRegister (JmxRegister.java:tryRegister(44)) - Successfully registered JMX Bean with object name Ratis:service=RaftServer,group=group-CC7A890D867E,id=670c0782-42b0-403d-9acb-55f21abca380
2022-12-02 11:13:53,982 [pool-329-thread-1] INFO  server.RaftServerConfigKeys (ConfUtils.java:logGet(46)) - raft.server.snapshot.auto.trigger.enabled = true (custom)
2022-12-02 11:13:53,982 [pool-329-thread-1] INFO  server.RaftServerConfigKeys (ConfUtils.java:logGet(46)) - raft.server.snapshot.auto.trigger.threshold = 10000 (custom)
2022-12-02 11:13:53,982 [pool-329-thread-1] INFO  server.RaftServerConfigKeys (ConfUtils.java:logGet(46)) - raft.server.snapshot.retention.file.num = 5 (custom)
2022-12-02 11:13:53,983 [pool-329-thread-1] INFO  server.RaftServerConfigKeys (ConfUtils.java:logGet(46)) - raft.server.log.purge.upto.snapshot.index = false (default)
2022-12-02 11:13:53,983 [670c0782-42b0-403d-9acb-55f21abca380@group-CC7A890D867E-FollowerState] INFO  server.RaftServerConfigKeys (ConfUtils.java:logFallback(53)) - raft.server.rpc.first-election.timeout.min = 5s (fallback to raft.server.rpc.timeout.min)
2022-12-02 11:13:53,983 [670c0782-42b0-403d-9acb-55f21abca380@group-CC7A890D867E-FollowerState] INFO  server.RaftServerConfigKeys (ConfUtils.java:logFallback(53)) - raft.server.rpc.first-election.timeout.max = 5200ms (fallback to raft.server.rpc.timeout.max)
2022-12-02 11:13:54,046 [grpc-default-executor-0] INFO  server.RaftServer (RaftServerProxy.java:addNew(96)) - 2ec4b609-823d-4e71-a054-e2ed5db02f38: addNew group-CC7A890D867E:[7e2aca8c-5c6e-487b-9a67-6624db7a0d19|rpc:10.1.0.7:44557|dataStream:|priority:0|startupRole:FOLLOWER, 2ec4b609-823d-4e71-a054-e2ed5db02f38|rpc:10.1.0.7:37481|dataStream:|priority:1|startupRole:FOLLOWER, 670c0782-42b0-403d-9acb-55f21abca380|rpc:10.1.0.7:43611|dataStream:|priority:0|startupRole:FOLLOWER] returns group-CC7A890D867E:java.util.concurrent.CompletableFuture@12386ce5[Not completed]
2022-12-02 11:13:54,047 [pool-352-thread-1] INFO  server.RaftServer$Division (RaftServerImpl.java:<init>(195)) - 2ec4b609-823d-4e71-a054-e2ed5db02f38: new RaftServerImpl for group-CC7A890D867E:[7e2aca8c-5c6e-487b-9a67-6624db7a0d19|rpc:10.1.0.7:44557|dataStream:|priority:0|startupRole:FOLLOWER, 2ec4b609-823d-4e71-a054-e2ed5db02f38|rpc:10.1.0.7:37481|dataStream:|priority:1|startupRole:FOLLOWER, 670c0782-42b0-403d-9acb-55f21abca380|rpc:10.1.0.7:43611|dataStream:|priority:0|startupRole:FOLLOWER] with ContainerStateMachine:uninitialized
2022-12-02 11:13:54,047 [pool-352-thread-1] INFO  server.RaftServerConfigKeys (ConfUtils.java:logGet(46)) - raft.server.rpc.timeout.min = 5s (custom)
2022-12-02 11:13:54,047 [pool-352-thread-1] INFO  server.RaftServerConfigKeys (ConfUtils.java:logGet(46)) - raft.server.rpc.timeout.max = 5200ms (custom)
2022-12-02 11:13:54,047 [pool-352-thread-1] INFO  server.RaftServerConfigKeys (ConfUtils.java:logGet(46)) - raft.server.rpc.sleep.time = 25ms (default)
2022-12-02 11:13:54,047 [pool-352-thread-1] INFO  server.RaftServerConfigKeys (ConfUtils.java:logGet(46)) - raft.server.rpc.slowness.timeout = 300s (custom)
2022-12-02 11:13:54,048 [pool-352-thread-1] INFO  server.RaftServerConfigKeys (ConfUtils.java:logGet(46)) - raft.server.leaderelection.leader.step-down.wait-time = 10s (default)
2022-12-02 11:13:54,048 [pool-352-thread-1] INFO  server.RaftServerConfigKeys (ConfUtils.java:logGet(46)) - raft.server.sleep.deviation.threshold = 300ms (default)
2022-12-02 11:13:54,048 [pool-352-thread-1] INFO  server.RaftServer$Division (ServerState.java:<init>(118)) - 2ec4b609-823d-4e71-a054-e2ed5db02f38@group-CC7A890D867E: ConfigurationManager, init=-1: peers:[7e2aca8c-5c6e-487b-9a67-6624db7a0d19|rpc:10.1.0.7:44557|dataStream:|priority:0|startupRole:FOLLOWER, 2ec4b609-823d-4e71-a054-e2ed5db02f38|rpc:10.1.0.7:37481|dataStream:|priority:1|startupRole:FOLLOWER, 670c0782-42b0-403d-9acb-55f21abca380|rpc:10.1.0.7:43611|dataStream:|priority:0|startupRole:FOLLOWER]|listeners:[], old=null, confs=<EMPTY_MAP>
2022-12-02 11:13:54,048 [pool-352-thread-1] INFO  server.RaftServerConfigKeys (ConfUtils.java:logGet(46)) - raft.server.storage.dir = [/home/runner/work/ozone/ozone/hadoop-ozone/integration-test/target/test-dir/MiniOzoneClusterImpl-8660d1ca-628d-42b2-bfba-a0a9046af5ec/datanode-2/data/ratis] (custom)
2022-12-02 11:13:54,048 [pool-352-thread-1] INFO  server.RaftServerConfigKeys (ConfUtils.java:logGet(46)) - raft.server.log.corruption.policy = EXCEPTION (default)
2022-12-02 11:13:54,048 [pool-352-thread-1] INFO  server.RaftServerConfigKeys (ConfUtils.java:logGet(46)) - raft.server.storage.free-space.min = 0MB (=0) (default)
2022-12-02 11:13:54,048 [pool-352-thread-1] INFO  server.RaftServerConfigKeys (ConfUtils.java:logGet(46)) - raft.server.notification.no-leader.timeout = 300s (custom)
2022-12-02 11:13:54,048 [pool-352-thread-1] INFO  server.RaftServerConfigKeys (ConfUtils.java:logGet(46)) - raft.server.retrycache.expirytime = 600000ms (custom)
2022-12-02 11:13:54,048 [pool-352-thread-1] INFO  server.RaftServerConfigKeys (ConfUtils.java:logGet(46)) - raft.server.retrycache.statistics.expirytime = 100μs (default)
2022-12-02 11:13:54,049 [pool-352-thread-1] INFO  server.RaftServerConfigKeys (ConfUtils.java:logGet(46)) - raft.server.log.appender.install.snapshot.enabled = false (custom)
2022-12-02 11:13:54,050 [pool-352-thread-1] INFO  server.RaftServerConfigKeys (ConfUtils.java:logGet(46)) - raft.server.threadpool.server.cached = true (default)
2022-12-02 11:13:54,050 [pool-352-thread-1] INFO  server.RaftServerConfigKeys (ConfUtils.java:logGet(46)) - raft.server.threadpool.server.size = 0 (default)
2022-12-02 11:13:54,050 [pool-352-thread-1] INFO  server.RaftServerConfigKeys (ConfUtils.java:logGet(46)) - raft.server.threadpool.client.cached = true (default)
2022-12-02 11:13:54,050 [pool-352-thread-1] INFO  server.RaftServerConfigKeys (ConfUtils.java:logGet(46)) - raft.server.threadpool.client.size = 0 (default)
2022-12-02 11:13:54,050 [pool-352-thread-1] INFO  storage.RaftStorageDirectory (RaftStorageDirectoryImpl.java:analyzeStorage(137)) - The storage directory /home/runner/work/ozone/ozone/hadoop-ozone/integration-test/target/test-dir/MiniOzoneClusterImpl-8660d1ca-628d-42b2-bfba-a0a9046af5ec/datanode-2/data/ratis/062614bd-6377-4b09-8d3e-cc7a890d867e does not exist. Creating ...
2022-12-02 11:13:54,052 [pool-352-thread-1] INFO  storage.RaftStorageDirectory (RaftStorageDirectoryImpl.java:tryLock(231)) - Lock on /home/runner/work/ozone/ozone/hadoop-ozone/integration-test/target/test-dir/MiniOzoneClusterImpl-8660d1ca-628d-42b2-bfba-a0a9046af5ec/datanode-2/data/ratis/062614bd-6377-4b09-8d3e-cc7a890d867e/in_use.lock acquired by nodename 6885@fv-az205-634
2022-12-02 11:13:54,053 [pool-352-thread-1] INFO  storage.RaftStorage (RaftStorageImpl.java:format(96)) - Storage directory /home/runner/work/ozone/ozone/hadoop-ozone/integration-test/target/test-dir/MiniOzoneClusterImpl-8660d1ca-628d-42b2-bfba-a0a9046af5ec/datanode-2/data/ratis/062614bd-6377-4b09-8d3e-cc7a890d867e has been successfully formatted.
2022-12-02 11:13:54,058 [EventQueue-CommandQueueReportForCommandQueueReportHandler] WARN  events.EventQueue (EventQueue.java:fireEvent(216)) - No event handler registered for event TypedEvent{payloadType=DatanodeDetails, name='Datanode_Command_Queue_Updated'}
2022-12-02 11:13:54,059 [pool-352-thread-1] INFO  ratis.ContainerStateMachine (ContainerStateMachine.java:loadSnapshot(236)) - group-CC7A890D867E: The snapshot info is null. Setting the last applied indexto:(t:0, i:~)
2022-12-02 11:13:54,059 [pool-352-thread-1] INFO  server.RaftServerConfigKeys (ConfUtils.java:logGet(46)) - raft.server.log.use.memory = false (default)
2022-12-02 11:13:54,059 [pool-352-thread-1] INFO  server.RaftServerConfigKeys (ConfUtils.java:logGet(46)) - raft.server.log.purge.gap = 1000000 (custom)
2022-12-02 11:13:54,059 [pool-352-thread-1] INFO  server.RaftServerConfigKeys (ConfUtils.java:logGet(46)) - raft.server.log.appender.buffer.byte-limit = 33554432 (custom)
2022-12-02 11:13:54,059 [pool-352-thread-1] INFO  server.RaftServerConfigKeys (ConfUtils.java:logGet(46)) - raft.server.log.statemachine.data.read.timeout = 1000ms (default)
2022-12-02 11:13:54,060 [pool-352-thread-1] INFO  server.RaftServerConfigKeys (ConfUtils.java:logGet(46)) - raft.server.log.purge.preservation.log.num = 0 (default)
2022-12-02 11:13:54,060 [pool-352-thread-1] INFO  server.RaftServerConfigKeys (ConfUtils.java:logGet(46)) - raft.server.log.segment.size.max = 1048576 (custom)
2022-12-02 11:13:54,060 [pool-352-thread-1] INFO  server.RaftServerConfigKeys (ConfUtils.java:logGet(46)) - raft.server.log.segment.cache.num.max = 2 (custom)
2022-12-02 11:13:54,060 [pool-352-thread-1] INFO  server.RaftServerConfigKeys (ConfUtils.java:logGet(46)) - raft.server.log.segment.cache.size.max = 200MB (=209715200) (default)
2022-12-02 11:13:54,060 [pool-352-thread-1] INFO  segmented.SegmentedRaftLogWorker (SegmentedRaftLogWorker.java:<init>(189)) - new 2ec4b609-823d-4e71-a054-e2ed5db02f38@group-CC7A890D867E-SegmentedRaftLogWorker for RaftStorageImpl:Storage Directory /home/runner/work/ozone/ozone/hadoop-ozone/integration-test/target/test-dir/MiniOzoneClusterImpl-8660d1ca-628d-42b2-bfba-a0a9046af5ec/datanode-2/data/ratis/062614bd-6377-4b09-8d3e-cc7a890d867e
2022-12-02 11:13:54,060 [pool-352-thread-1] INFO  server.RaftServerConfigKeys (ConfUtils.java:logGet(46)) - raft.server.log.queue.byte-limit = 4294967296 (custom)
2022-12-02 11:13:54,061 [pool-352-thread-1] INFO  server.RaftServerConfigKeys (ConfUtils.java:logGet(46)) - raft.server.log.queue.element-limit = 1024 (custom)
2022-12-02 11:13:54,061 [pool-352-thread-1] INFO  server.RaftServerConfigKeys (ConfUtils.java:logGet(46)) - raft.server.log.segment.size.max = 1048576 (custom)
2022-12-02 11:13:54,061 [pool-352-thread-1] INFO  server.RaftServerConfigKeys (ConfUtils.java:logGet(46)) - raft.server.log.preallocated.size = 16384 (custom)
2022-12-02 11:13:54,061 [pool-352-thread-1] INFO  server.RaftServerConfigKeys (ConfUtils.java:logGet(46)) - raft.server.log.force.sync.num = 128 (default)
2022-12-02 11:13:54,061 [pool-352-thread-1] INFO  server.RaftServerConfigKeys (ConfUtils.java:logGet(46)) - raft.server.log.statemachine.data.sync = true (default)
2022-12-02 11:13:54,061 [pool-352-thread-1] INFO  server.RaftServerConfigKeys (ConfUtils.java:logGet(46)) - raft.server.log.statemachine.data.sync.timeout = 10s (default)
2022-12-02 11:13:54,062 [pool-352-thread-1] INFO  server.RaftServerConfigKeys (ConfUtils.java:logGet(46)) - raft.server.log.statemachine.data.sync.timeout.retry = -1 (default)
2022-12-02 11:13:54,065 [pool-352-thread-1] INFO  server.RaftServerConfigKeys (ConfUtils.java:logGet(46)) - raft.server.log.write.buffer.size = 1048576 (custom)
2022-12-02 11:13:54,066 [pool-352-thread-1] INFO  server.RaftServerConfigKeys (ConfUtils.java:logGet(46)) - raft.server.log.appender.buffer.byte-limit = 33554432 (custom)
2022-12-02 11:13:54,075 [pool-352-thread-1] INFO  server.RaftServerConfigKeys (ConfUtils.java:logGet(46)) - raft.server.log.unsafe-flush.enabled = false (default)
2022-12-02 11:13:54,075 [pool-352-thread-1] INFO  server.RaftServerConfigKeys (ConfUtils.java:logGet(46)) - raft.server.log.async-flush.enabled = false (default)
2022-12-02 11:13:54,075 [pool-352-thread-1] INFO  server.RaftServerConfigKeys (ConfUtils.java:logGet(46)) - raft.server.log.statemachine.data.caching.enabled = true (custom)
2022-12-02 11:13:54,075 [pool-352-thread-1] INFO  segmented.SegmentedRaftLogWorker (SegmentedRaftLogWorker.java:lambda$new$0(135)) - 2ec4b609-823d-4e71-a054-e2ed5db02f38@group-CC7A890D867E-SegmentedRaftLogWorker: flushIndex: setUnconditionally 0 -> -1
2022-12-02 11:13:54,075 [pool-352-thread-1] INFO  segmented.SegmentedRaftLogWorker (SegmentedRaftLogWorker.java:lambda$new$0(135)) - 2ec4b609-823d-4e71-a054-e2ed5db02f38@group-CC7A890D867E-SegmentedRaftLogWorker: safeCacheEvictIndex: setUnconditionally 0 -> -1
2022-12-02 11:13:54,076 [pool-352-thread-1] INFO  server.RaftServer$Division (RaftServerImpl.java:start(334)) - 2ec4b609-823d-4e71-a054-e2ed5db02f38@group-CC7A890D867E: start as a follower, conf=-1: peers:[7e2aca8c-5c6e-487b-9a67-6624db7a0d19|rpc:10.1.0.7:44557|dataStream:|priority:0|startupRole:FOLLOWER, 2ec4b609-823d-4e71-a054-e2ed5db02f38|rpc:10.1.0.7:37481|dataStream:|priority:1|startupRole:FOLLOWER, 670c0782-42b0-403d-9acb-55f21abca380|rpc:10.1.0.7:43611|dataStream:|priority:0|startupRole:FOLLOWER]|listeners:[], old=null
2022-12-02 11:13:54,076 [pool-352-thread-1] INFO  server.RaftServer$Division (RaftServerImpl.java:setRole(321)) - 2ec4b609-823d-4e71-a054-e2ed5db02f38@group-CC7A890D867E: changes role from      null to FOLLOWER at term 0 for startAsFollower
2022-12-02 11:13:54,076 [pool-352-thread-1] INFO  impl.RoleInfo (RoleInfo.java:updateAndGet(139)) - 2ec4b609-823d-4e71-a054-e2ed5db02f38: start 2ec4b609-823d-4e71-a054-e2ed5db02f38@group-CC7A890D867E-FollowerState
2022-12-02 11:13:54,081 [pool-352-thread-1] INFO  util.JmxRegister (JmxRegister.java:tryRegister(44)) - Successfully registered JMX Bean with object name Ratis:service=RaftServer,group=group-CC7A890D867E,id=2ec4b609-823d-4e71-a054-e2ed5db02f38
2022-12-02 11:13:54,082 [pool-352-thread-1] INFO  server.RaftServerConfigKeys (ConfUtils.java:logGet(46)) - raft.server.snapshot.auto.trigger.enabled = true (custom)
2022-12-02 11:13:54,082 [pool-352-thread-1] INFO  server.RaftServerConfigKeys (ConfUtils.java:logGet(46)) - raft.server.snapshot.auto.trigger.threshold = 10000 (custom)
2022-12-02 11:13:54,082 [pool-352-thread-1] INFO  server.RaftServerConfigKeys (ConfUtils.java:logGet(46)) - raft.server.snapshot.retention.file.num = 5 (custom)
2022-12-02 11:13:54,082 [pool-352-thread-1] INFO  server.RaftServerConfigKeys (ConfUtils.java:logGet(46)) - raft.server.log.purge.upto.snapshot.index = false (default)
2022-12-02 11:13:54,083 [2ec4b609-823d-4e71-a054-e2ed5db02f38@group-CC7A890D867E-FollowerState] INFO  server.RaftServerConfigKeys (ConfUtils.java:logFallback(53)) - raft.server.rpc.first-election.timeout.min = 5s (fallback to raft.server.rpc.timeout.min)
2022-12-02 11:13:54,083 [2ec4b609-823d-4e71-a054-e2ed5db02f38@group-CC7A890D867E-FollowerState] INFO  server.RaftServerConfigKeys (ConfUtils.java:logFallback(53)) - raft.server.rpc.first-election.timeout.max = 5200ms (fallback to raft.server.rpc.timeout.max)
2022-12-02 11:13:54,089 [Command processor thread] INFO  commandhandler.CreatePipelineCommandHandler (CreatePipelineCommandHandler.java:handle(113)) - Created Pipeline RATIS THREE PipelineID=062614bd-6377-4b09-8d3e-cc7a890d867e.
2022-12-02 11:13:54,089 [Command processor thread] INFO  server.RaftServer (RaftServerProxy.java:addNew(96)) - 7e2aca8c-5c6e-487b-9a67-6624db7a0d19: addNew group-789105272DF3:[7e2aca8c-5c6e-487b-9a67-6624db7a0d19|rpc:10.1.0.7:44557|priority:1|startupRole:FOLLOWER, 2ec4b609-823d-4e71-a054-e2ed5db02f38|rpc:10.1.0.7:37481|priority:0|startupRole:FOLLOWER, 670c0782-42b0-403d-9acb-55f21abca380|rpc:10.1.0.7:43611|priority:0|startupRole:FOLLOWER] returns group-789105272DF3:java.util.concurrent.CompletableFuture@48c8a371[Not completed]
2022-12-02 11:13:54,090 [pool-306-thread-1] INFO  server.RaftServer$Division (RaftServerImpl.java:<init>(195)) - 7e2aca8c-5c6e-487b-9a67-6624db7a0d19: new RaftServerImpl for group-789105272DF3:[7e2aca8c-5c6e-487b-9a67-6624db7a0d19|rpc:10.1.0.7:44557|priority:1|startupRole:FOLLOWER, 2ec4b609-823d-4e71-a054-e2ed5db02f38|rpc:10.1.0.7:37481|priority:0|startupRole:FOLLOWER, 670c0782-42b0-403d-9acb-55f21abca380|rpc:10.1.0.7:43611|priority:0|startupRole:FOLLOWER] with ContainerStateMachine:uninitialized
2022-12-02 11:13:54,090 [pool-306-thread-1] INFO  server.RaftServerConfigKeys (ConfUtils.java:logGet(46)) - raft.server.rpc.timeout.min = 5s (custom)
2022-12-02 11:13:54,090 [pool-306-thread-1] INFO  server.RaftServerConfigKeys (ConfUtils.java:logGet(46)) - raft.server.rpc.timeout.max = 5200ms (custom)
2022-12-02 11:13:54,090 [pool-306-thread-1] INFO  server.RaftServerConfigKeys (ConfUtils.java:logGet(46)) - raft.server.rpc.sleep.time = 25ms (default)
2022-12-02 11:13:54,090 [pool-306-thread-1] INFO  server.RaftServerConfigKeys (ConfUtils.java:logGet(46)) - raft.server.rpc.slowness.timeout = 300s (custom)
2022-12-02 11:13:54,090 [pool-306-thread-1] INFO  server.RaftServerConfigKeys (ConfUtils.java:logGet(46)) - raft.server.leaderelection.leader.step-down.wait-time = 10s (default)
2022-12-02 11:13:54,090 [pool-306-thread-1] INFO  server.RaftServerConfigKeys (ConfUtils.java:logGet(46)) - raft.server.sleep.deviation.threshold = 300ms (default)
2022-12-02 11:13:54,091 [pool-306-thread-1] INFO  server.RaftServer$Division (ServerState.java:<init>(118)) - 7e2aca8c-5c6e-487b-9a67-6624db7a0d19@group-789105272DF3: ConfigurationManager, init=-1: peers:[7e2aca8c-5c6e-487b-9a67-6624db7a0d19|rpc:10.1.0.7:44557|priority:1|startupRole:FOLLOWER, 2ec4b609-823d-4e71-a054-e2ed5db02f38|rpc:10.1.0.7:37481|priority:0|startupRole:FOLLOWER, 670c0782-42b0-403d-9acb-55f21abca380|rpc:10.1.0.7:43611|priority:0|startupRole:FOLLOWER]|listeners:[], old=null, confs=<EMPTY_MAP>
2022-12-02 11:13:54,091 [pool-306-thread-1] INFO  server.RaftServerConfigKeys (ConfUtils.java:logGet(46)) - raft.server.storage.dir = [/home/runner/work/ozone/ozone/hadoop-ozone/integration-test/target/test-dir/MiniOzoneClusterImpl-8660d1ca-628d-42b2-bfba-a0a9046af5ec/datanode-0/data/ratis] (custom)
2022-12-02 11:13:54,091 [pool-306-thread-1] INFO  server.RaftServerConfigKeys (ConfUtils.java:logGet(46)) - raft.server.log.corruption.policy = EXCEPTION (default)
2022-12-02 11:13:54,091 [pool-306-thread-1] INFO  server.RaftServerConfigKeys (ConfUtils.java:logGet(46)) - raft.server.storage.free-space.min = 0MB (=0) (default)
2022-12-02 11:13:54,091 [pool-306-thread-1] INFO  server.RaftServerConfigKeys (ConfUtils.java:logGet(46)) - raft.server.notification.no-leader.timeout = 300s (custom)
2022-12-02 11:13:54,091 [pool-306-thread-1] INFO  server.RaftServerConfigKeys (ConfUtils.java:logGet(46)) - raft.server.retrycache.expirytime = 600000ms (custom)
2022-12-02 11:13:54,091 [pool-306-thread-1] INFO  server.RaftServerConfigKeys (ConfUtils.java:logGet(46)) - raft.server.retrycache.statistics.expirytime = 100μs (default)
2022-12-02 11:13:54,092 [pool-306-thread-1] INFO  server.RaftServerConfigKeys (ConfUtils.java:logGet(46)) - raft.server.log.appender.install.snapshot.enabled = false (custom)
2022-12-02 11:13:54,092 [pool-306-thread-1] INFO  server.RaftServerConfigKeys (ConfUtils.java:logGet(46)) - raft.server.threadpool.server.cached = true (default)
2022-12-02 11:13:54,092 [pool-306-thread-1] INFO  server.RaftServerConfigKeys (ConfUtils.java:logGet(46)) - raft.server.threadpool.server.size = 0 (default)
2022-12-02 11:13:54,093 [pool-306-thread-1] INFO  server.RaftServerConfigKeys (ConfUtils.java:logGet(46)) - raft.server.threadpool.client.cached = true (default)
2022-12-02 11:13:54,093 [pool-306-thread-1] INFO  server.RaftServerConfigKeys (ConfUtils.java:logGet(46)) - raft.server.threadpool.client.size = 0 (default)
2022-12-02 11:13:54,093 [pool-306-thread-1] INFO  storage.RaftStorageDirectory (RaftStorageDirectoryImpl.java:analyzeStorage(137)) - The storage directory /home/runner/work/ozone/ozone/hadoop-ozone/integration-test/target/test-dir/MiniOzoneClusterImpl-8660d1ca-628d-42b2-bfba-a0a9046af5ec/datanode-0/data/ratis/08e3d165-b014-4633-bee5-789105272df3 does not exist. Creating ...
2022-12-02 11:13:54,095 [pool-306-thread-1] INFO  storage.RaftStorageDirectory (RaftStorageDirectoryImpl.java:tryLock(231)) - Lock on /home/runner/work/ozone/ozone/hadoop-ozone/integration-test/target/test-dir/MiniOzoneClusterImpl-8660d1ca-628d-42b2-bfba-a0a9046af5ec/datanode-0/data/ratis/08e3d165-b014-4633-bee5-789105272df3/in_use.lock acquired by nodename 6885@fv-az205-634
2022-12-02 11:13:54,097 [pool-306-thread-1] INFO  storage.RaftStorage (RaftStorageImpl.java:format(96)) - Storage directory /home/runner/work/ozone/ozone/hadoop-ozone/integration-test/target/test-dir/MiniOzoneClusterImpl-8660d1ca-628d-42b2-bfba-a0a9046af5ec/datanode-0/data/ratis/08e3d165-b014-4633-bee5-789105272df3 has been successfully formatted.
2022-12-02 11:13:54,097 [pool-306-thread-1] INFO  ratis.ContainerStateMachine (ContainerStateMachine.java:loadSnapshot(236)) - group-789105272DF3: The snapshot info is null. Setting the last applied indexto:(t:0, i:~)
2022-12-02 11:13:54,097 [pool-306-thread-1] INFO  server.RaftServerConfigKeys (ConfUtils.java:logGet(46)) - raft.server.log.use.memory = false (default)
2022-12-02 11:13:54,097 [pool-306-thread-1] INFO  server.RaftServerConfigKeys (ConfUtils.java:logGet(46)) - raft.server.log.purge.gap = 1000000 (custom)
2022-12-02 11:13:54,097 [pool-306-thread-1] INFO  server.RaftServerConfigKeys (ConfUtils.java:logGet(46)) - raft.server.log.appender.buffer.byte-limit = 33554432 (custom)
2022-12-02 11:13:54,097 [pool-306-thread-1] INFO  server.RaftServerConfigKeys (ConfUtils.java:logGet(46)) - raft.server.log.statemachine.data.read.timeout = 1000ms (default)
2022-12-02 11:13:54,097 [pool-306-thread-1] INFO  server.RaftServerConfigKeys (ConfUtils.java:logGet(46)) - raft.server.log.purge.preservation.log.num = 0 (default)
2022-12-02 11:13:54,098 [pool-306-thread-1] INFO  server.RaftServerConfigKeys (ConfUtils.java:logGet(46)) - raft.server.log.segment.size.max = 1048576 (custom)
2022-12-02 11:13:54,099 [pool-306-thread-1] INFO  server.RaftServerConfigKeys (ConfUtils.java:logGet(46)) - raft.server.log.segment.cache.num.max = 2 (custom)
2022-12-02 11:13:54,099 [pool-306-thread-1] INFO  server.RaftServerConfigKeys (ConfUtils.java:logGet(46)) - raft.server.log.segment.cache.size.max = 200MB (=209715200) (default)
2022-12-02 11:13:54,099 [pool-306-thread-1] INFO  segmented.SegmentedRaftLogWorker (SegmentedRaftLogWorker.java:<init>(189)) - new 7e2aca8c-5c6e-487b-9a67-6624db7a0d19@group-789105272DF3-SegmentedRaftLogWorker for RaftStorageImpl:Storage Directory /home/runner/work/ozone/ozone/hadoop-ozone/integration-test/target/test-dir/MiniOzoneClusterImpl-8660d1ca-628d-42b2-bfba-a0a9046af5ec/datanode-0/data/ratis/08e3d165-b014-4633-bee5-789105272df3
2022-12-02 11:13:54,099 [EventQueue-CommandQueueReportForCommandQueueReportHandler] WARN  events.EventQueue (EventQueue.java:fireEvent(216)) - No event handler registered for event TypedEvent{payloadType=DatanodeDetails, name='Datanode_Command_Queue_Updated'}
2022-12-02 11:13:54,099 [pool-306-thread-1] INFO  server.RaftServerConfigKeys (ConfUtils.java:logGet(46)) - raft.server.log.queue.byte-limit = 4294967296 (custom)
2022-12-02 11:13:54,099 [EventQueue-OpenPipelineForHealthyPipelineSafeModeRule] INFO  safemode.SCMSafeModeManager (HealthyPipelineSafeModeRule.java:process(137)) - SCM in safe mode. Healthy pipelines reported count is 0, required healthy pipeline reported count is 1
2022-12-02 11:13:54,101 [pool-306-thread-1] INFO  server.RaftServerConfigKeys (ConfUtils.java:logGet(46)) - raft.server.log.queue.element-limit = 1024 (custom)
2022-12-02 11:13:54,101 [pool-306-thread-1] INFO  server.RaftServerConfigKeys (ConfUtils.java:logGet(46)) - raft.server.log.segment.size.max = 1048576 (custom)
2022-12-02 11:13:54,101 [pool-306-thread-1] INFO  server.RaftServerConfigKeys (ConfUtils.java:logGet(46)) - raft.server.log.preallocated.size = 16384 (custom)
2022-12-02 11:13:54,101 [pool-306-thread-1] INFO  server.RaftServerConfigKeys (ConfUtils.java:logGet(46)) - raft.server.log.force.sync.num = 128 (default)
2022-12-02 11:13:54,101 [pool-306-thread-1] INFO  server.RaftServerConfigKeys (ConfUtils.java:logGet(46)) - raft.server.log.statemachine.data.sync = true (default)
2022-12-02 11:13:54,102 [pool-306-thread-1] INFO  server.RaftServerConfigKeys (ConfUtils.java:logGet(46)) - raft.server.log.statemachine.data.sync.timeout = 10s (default)
2022-12-02 11:13:54,102 [pool-306-thread-1] INFO  server.RaftServerConfigKeys (ConfUtils.java:logGet(46)) - raft.server.log.statemachine.data.sync.timeout.retry = -1 (default)
2022-12-02 11:13:54,103 [pool-306-thread-1] INFO  server.RaftServerConfigKeys (ConfUtils.java:logGet(46)) - raft.server.log.write.buffer.size = 1048576 (custom)
2022-12-02 11:13:54,103 [pool-306-thread-1] INFO  server.RaftServerConfigKeys (ConfUtils.java:logGet(46)) - raft.server.log.appender.buffer.byte-limit = 33554432 (custom)
2022-12-02 11:13:54,110 [pool-306-thread-1] INFO  server.RaftServerConfigKeys (ConfUtils.java:logGet(46)) - raft.server.log.unsafe-flush.enabled = false (default)
2022-12-02 11:13:54,110 [pool-306-thread-1] INFO  server.RaftServerConfigKeys (ConfUtils.java:logGet(46)) - raft.server.log.async-flush.enabled = false (default)
2022-12-02 11:13:54,110 [pool-306-thread-1] INFO  server.RaftServerConfigKeys (ConfUtils.java:logGet(46)) - raft.server.log.statemachine.data.caching.enabled = true (custom)
2022-12-02 11:13:54,110 [pool-306-thread-1] INFO  segmented.SegmentedRaftLogWorker (SegmentedRaftLogWorker.java:lambda$new$0(135)) - 7e2aca8c-5c6e-487b-9a67-6624db7a0d19@group-789105272DF3-SegmentedRaftLogWorker: flushIndex: setUnconditionally 0 -> -1
2022-12-02 11:13:54,110 [pool-306-thread-1] INFO  segmented.SegmentedRaftLogWorker (SegmentedRaftLogWorker.java:lambda$new$0(135)) - 7e2aca8c-5c6e-487b-9a67-6624db7a0d19@group-789105272DF3-SegmentedRaftLogWorker: safeCacheEvictIndex: setUnconditionally 0 -> -1
2022-12-02 11:13:54,110 [pool-306-thread-1] INFO  server.RaftServer$Division (RaftServerImpl.java:start(334)) - 7e2aca8c-5c6e-487b-9a67-6624db7a0d19@group-789105272DF3: start as a follower, conf=-1: peers:[7e2aca8c-5c6e-487b-9a67-6624db7a0d19|rpc:10.1.0.7:44557|priority:1|startupRole:FOLLOWER, 2ec4b609-823d-4e71-a054-e2ed5db02f38|rpc:10.1.0.7:37481|priority:0|startupRole:FOLLOWER, 670c0782-42b0-403d-9acb-55f21abca380|rpc:10.1.0.7:43611|priority:0|startupRole:FOLLOWER]|listeners:[], old=null
2022-12-02 11:13:54,110 [pool-306-thread-1] INFO  server.RaftServer$Division (RaftServerImpl.java:setRole(321)) - 7e2aca8c-5c6e-487b-9a67-6624db7a0d19@group-789105272DF3: changes role from      null to FOLLOWER at term 0 for startAsFollower
2022-12-02 11:13:54,111 [pool-306-thread-1] INFO  impl.RoleInfo (RoleInfo.java:updateAndGet(139)) - 7e2aca8c-5c6e-487b-9a67-6624db7a0d19: start 7e2aca8c-5c6e-487b-9a67-6624db7a0d19@group-789105272DF3-FollowerState
2022-12-02 11:13:54,114 [pool-306-thread-1] INFO  util.JmxRegister (JmxRegister.java:tryRegister(44)) - Successfully registered JMX Bean with object name Ratis:service=RaftServer,group=group-789105272DF3,id=7e2aca8c-5c6e-487b-9a67-6624db7a0d19
2022-12-02 11:13:54,114 [pool-306-thread-1] INFO  server.RaftServerConfigKeys (ConfUtils.java:logGet(46)) - raft.server.snapshot.auto.trigger.enabled = true (custom)
2022-12-02 11:13:54,114 [pool-306-thread-1] INFO  server.RaftServerConfigKeys (ConfUtils.java:logGet(46)) - raft.server.snapshot.auto.trigger.threshold = 10000 (custom)
2022-12-02 11:13:54,114 [pool-306-thread-1] INFO  server.RaftServerConfigKeys (ConfUtils.java:logGet(46)) - raft.server.snapshot.retention.file.num = 5 (custom)
2022-12-02 11:13:54,115 [pool-306-thread-1] INFO  server.RaftServerConfigKeys (ConfUtils.java:logGet(46)) - raft.server.log.purge.upto.snapshot.index = false (default)
2022-12-02 11:13:54,115 [7e2aca8c-5c6e-487b-9a67-6624db7a0d19@group-789105272DF3-FollowerState] INFO  server.RaftServerConfigKeys (ConfUtils.java:logFallback(53)) - raft.server.rpc.first-election.timeout.min = 5s (fallback to raft.server.rpc.timeout.min)
2022-12-02 11:13:54,115 [7e2aca8c-5c6e-487b-9a67-6624db7a0d19@group-789105272DF3-FollowerState] INFO  server.RaftServerConfigKeys (ConfUtils.java:logFallback(53)) - raft.server.rpc.first-election.timeout.max = 5200ms (fallback to raft.server.rpc.timeout.max)
2022-12-02 11:13:54,118 [Command processor thread] INFO  ratis.XceiverServerRatis (XceiverServerRatis.java:addGroup(765)) - Created group PipelineID=08e3d165-b014-4633-bee5-789105272df3
2022-12-02 11:13:54,133 [grpc-default-executor-0] INFO  server.RaftServer (RaftServerProxy.java:addNew(96)) - 670c0782-42b0-403d-9acb-55f21abca380: addNew group-789105272DF3:[7e2aca8c-5c6e-487b-9a67-6624db7a0d19|rpc:10.1.0.7:44557|dataStream:|priority:1|startupRole:FOLLOWER, 2ec4b609-823d-4e71-a054-e2ed5db02f38|rpc:10.1.0.7:37481|dataStream:|priority:0|startupRole:FOLLOWER, 670c0782-42b0-403d-9acb-55f21abca380|rpc:10.1.0.7:43611|dataStream:|priority:0|startupRole:FOLLOWER] returns group-789105272DF3:java.util.concurrent.CompletableFuture@5c298771[Not completed]
2022-12-02 11:13:54,135 [pool-329-thread-1] INFO  server.RaftServer$Division (RaftServerImpl.java:<init>(195)) - 670c0782-42b0-403d-9acb-55f21abca380: new RaftServerImpl for group-789105272DF3:[7e2aca8c-5c6e-487b-9a67-6624db7a0d19|rpc:10.1.0.7:44557|dataStream:|priority:1|startupRole:FOLLOWER, 2ec4b609-823d-4e71-a054-e2ed5db02f38|rpc:10.1.0.7:37481|dataStream:|priority:0|startupRole:FOLLOWER, 670c0782-42b0-403d-9acb-55f21abca380|rpc:10.1.0.7:43611|dataStream:|priority:0|startupRole:FOLLOWER] with ContainerStateMachine:uninitialized
2022-12-02 11:13:54,135 [pool-329-thread-1] INFO  server.RaftServerConfigKeys (ConfUtils.java:logGet(46)) - raft.server.rpc.timeout.min = 5s (custom)
2022-12-02 11:13:54,135 [pool-329-thread-1] INFO  server.RaftServerConfigKeys (ConfUtils.java:logGet(46)) - raft.server.rpc.timeout.max = 5200ms (custom)
2022-12-02 11:13:54,135 [pool-329-thread-1] INFO  server.RaftServerConfigKeys (ConfUtils.java:logGet(46)) - raft.server.rpc.sleep.time = 25ms (default)
2022-12-02 11:13:54,135 [pool-329-thread-1] INFO  server.RaftServerConfigKeys (ConfUtils.java:logGet(46)) - raft.server.rpc.slowness.timeout = 300s (custom)
2022-12-02 11:13:54,135 [pool-329-thread-1] INFO  server.RaftServerConfigKeys (ConfUtils.java:logGet(46)) - raft.server.leaderelection.leader.step-down.wait-time = 10s (default)
2022-12-02 11:13:54,135 [pool-329-thread-1] INFO  server.RaftServerConfigKeys (ConfUtils.java:logGet(46)) - raft.server.sleep.deviation.threshold = 300ms (default)
2022-12-02 11:13:54,135 [pool-329-thread-1] INFO  server.RaftServer$Division (ServerState.java:<init>(118)) - 670c0782-42b0-403d-9acb-55f21abca380@group-789105272DF3: ConfigurationManager, init=-1: peers:[7e2aca8c-5c6e-487b-9a67-6624db7a0d19|rpc:10.1.0.7:44557|dataStream:|priority:1|startupRole:FOLLOWER, 2ec4b609-823d-4e71-a054-e2ed5db02f38|rpc:10.1.0.7:37481|dataStream:|priority:0|startupRole:FOLLOWER, 670c0782-42b0-403d-9acb-55f21abca380|rpc:10.1.0.7:43611|dataStream:|priority:0|startupRole:FOLLOWER]|listeners:[], old=null, confs=<EMPTY_MAP>
2022-12-02 11:13:54,135 [pool-329-thread-1] INFO  server.RaftServerConfigKeys (ConfUtils.java:logGet(46)) - raft.server.storage.dir = [/home/runner/work/ozone/ozone/hadoop-ozone/integration-test/target/test-dir/MiniOzoneClusterImpl-8660d1ca-628d-42b2-bfba-a0a9046af5ec/datanode-1/data/ratis] (custom)
2022-12-02 11:13:54,136 [pool-329-thread-1] INFO  server.RaftServerConfigKeys (ConfUtils.java:logGet(46)) - raft.server.log.corruption.policy = EXCEPTION (default)
2022-12-02 11:13:54,136 [pool-329-thread-1] INFO  server.RaftServerConfigKeys (ConfUtils.java:logGet(46)) - raft.server.storage.free-space.min = 0MB (=0) (default)
2022-12-02 11:13:54,136 [pool-329-thread-1] INFO  server.RaftServerConfigKeys (ConfUtils.java:logGet(46)) - raft.server.notification.no-leader.timeout = 300s (custom)
2022-12-02 11:13:54,136 [pool-329-thread-1] INFO  server.RaftServerConfigKeys (ConfUtils.java:logGet(46)) - raft.server.retrycache.expirytime = 600000ms (custom)
2022-12-02 11:13:54,136 [pool-329-thread-1] INFO  server.RaftServerConfigKeys (ConfUtils.java:logGet(46)) - raft.server.retrycache.statistics.expirytime = 100μs (default)
2022-12-02 11:13:54,137 [pool-329-thread-1] INFO  server.RaftServerConfigKeys (ConfUtils.java:logGet(46)) - raft.server.log.appender.install.snapshot.enabled = false (custom)
2022-12-02 11:13:54,137 [pool-329-thread-1] INFO  server.RaftServerConfigKeys (ConfUtils.java:logGet(46)) - raft.server.threadpool.server.cached = true (default)
2022-12-02 11:13:54,137 [pool-329-thread-1] INFO  server.RaftServerConfigKeys (ConfUtils.java:logGet(46)) - raft.server.threadpool.server.size = 0 (default)
2022-12-02 11:13:54,137 [pool-329-thread-1] INFO  server.RaftServerConfigKeys (ConfUtils.java:logGet(46)) - raft.server.threadpool.client.cached = true (default)
2022-12-02 11:13:54,137 [pool-329-thread-1] INFO  server.RaftServerConfigKeys (ConfUtils.java:logGet(46)) - raft.server.threadpool.client.size = 0 (default)
2022-12-02 11:13:54,137 [pool-329-thread-1] INFO  storage.RaftStorageDirectory (RaftStorageDirectoryImpl.java:analyzeStorage(137)) - The storage directory /home/runner/work/ozone/ozone/hadoop-ozone/integration-test/target/test-dir/MiniOzoneClusterImpl-8660d1ca-628d-42b2-bfba-a0a9046af5ec/datanode-1/data/ratis/08e3d165-b014-4633-bee5-789105272df3 does not exist. Creating ...
2022-12-02 11:13:54,139 [pool-329-thread-1] INFO  storage.RaftStorageDirectory (RaftStorageDirectoryImpl.java:tryLock(231)) - Lock on /home/runner/work/ozone/ozone/hadoop-ozone/integration-test/target/test-dir/MiniOzoneClusterImpl-8660d1ca-628d-42b2-bfba-a0a9046af5ec/datanode-1/data/ratis/08e3d165-b014-4633-bee5-789105272df3/in_use.lock acquired by nodename 6885@fv-az205-634
2022-12-02 11:13:54,142 [pool-329-thread-1] INFO  storage.RaftStorage (RaftStorageImpl.java:format(96)) - Storage directory /home/runner/work/ozone/ozone/hadoop-ozone/integration-test/target/test-dir/MiniOzoneClusterImpl-8660d1ca-628d-42b2-bfba-a0a9046af5ec/datanode-1/data/ratis/08e3d165-b014-4633-bee5-789105272df3 has been successfully formatted.
2022-12-02 11:13:54,143 [pool-329-thread-1] INFO  ratis.ContainerStateMachine (ContainerStateMachine.java:loadSnapshot(236)) - group-789105272DF3: The snapshot info is null. Setting the last applied indexto:(t:0, i:~)
2022-12-02 11:13:54,143 [pool-329-thread-1] INFO  server.RaftServerConfigKeys (ConfUtils.java:logGet(46)) - raft.server.log.use.memory = false (default)
2022-12-02 11:13:54,144 [pool-329-thread-1] INFO  server.RaftServerConfigKeys (ConfUtils.java:logGet(46)) - raft.server.log.purge.gap = 1000000 (custom)
2022-12-02 11:13:54,144 [pool-329-thread-1] INFO  server.RaftServerConfigKeys (ConfUtils.java:logGet(46)) - raft.server.log.appender.buffer.byte-limit = 33554432 (custom)
2022-12-02 11:13:54,144 [EventQueue-CommandQueueReportForCommandQueueReportHandler] WARN  events.EventQueue (EventQueue.java:fireEvent(216)) - No event handler registered for event TypedEvent{payloadType=DatanodeDetails, name='Datanode_Command_Queue_Updated'}
2022-12-02 11:13:54,144 [pool-329-thread-1] INFO  server.RaftServerConfigKeys (ConfUtils.java:logGet(46)) - raft.server.log.statemachine.data.read.timeout = 1000ms (default)
2022-12-02 11:13:54,144 [pool-329-thread-1] INFO  server.RaftServerConfigKeys (ConfUtils.java:logGet(46)) - raft.server.log.purge.preservation.log.num = 0 (default)
2022-12-02 11:13:54,145 [pool-329-thread-1] INFO  server.RaftServerConfigKeys (ConfUtils.java:logGet(46)) - raft.server.log.segment.size.max = 1048576 (custom)
2022-12-02 11:13:54,145 [pool-329-thread-1] INFO  server.RaftServerConfigKeys (ConfUtils.java:logGet(46)) - raft.server.log.segment.cache.num.max = 2 (custom)
2022-12-02 11:13:54,145 [pool-329-thread-1] INFO  server.RaftServerConfigKeys (ConfUtils.java:logGet(46)) - raft.server.log.segment.cache.size.max = 200MB (=209715200) (default)
2022-12-02 11:13:54,145 [pool-329-thread-1] INFO  segmented.SegmentedRaftLogWorker (SegmentedRaftLogWorker.java:<init>(189)) - new 670c0782-42b0-403d-9acb-55f21abca380@group-789105272DF3-SegmentedRaftLogWorker for RaftStorageImpl:Storage Directory /home/runner/work/ozone/ozone/hadoop-ozone/integration-test/target/test-dir/MiniOzoneClusterImpl-8660d1ca-628d-42b2-bfba-a0a9046af5ec/datanode-1/data/ratis/08e3d165-b014-4633-bee5-789105272df3
2022-12-02 11:13:54,145 [pool-329-thread-1] INFO  server.RaftServerConfigKeys (ConfUtils.java:logGet(46)) - raft.server.log.queue.byte-limit = 4294967296 (custom)
2022-12-02 11:13:54,146 [pool-329-thread-1] INFO  server.RaftServerConfigKeys (ConfUtils.java:logGet(46)) - raft.server.log.queue.element-limit = 1024 (custom)
2022-12-02 11:13:54,146 [pool-329-thread-1] INFO  server.RaftServerConfigKeys (ConfUtils.java:logGet(46)) - raft.server.log.segment.size.max = 1048576 (custom)
2022-12-02 11:13:54,146 [pool-329-thread-1] INFO  server.RaftServerConfigKeys (ConfUtils.java:logGet(46)) - raft.server.log.preallocated.size = 16384 (custom)
2022-12-02 11:13:54,146 [pool-329-thread-1] INFO  server.RaftServerConfigKeys (ConfUtils.java:logGet(46)) - raft.server.log.force.sync.num = 128 (default)
2022-12-02 11:13:54,146 [pool-329-thread-1] INFO  server.RaftServerConfigKeys (ConfUtils.java:logGet(46)) - raft.server.log.statemachine.data.sync = true (default)
2022-12-02 11:13:54,146 [pool-329-thread-1] INFO  server.RaftServerConfigKeys (ConfUtils.java:logGet(46)) - raft.server.log.statemachine.data.sync.timeout = 10s (default)
2022-12-02 11:13:54,146 [pool-329-thread-1] INFO  server.RaftServerConfigKeys (ConfUtils.java:logGet(46)) - raft.server.log.statemachine.data.sync.timeout.retry = -1 (default)
2022-12-02 11:13:54,148 [pool-329-thread-1] INFO  server.RaftServerConfigKeys (ConfUtils.java:logGet(46)) - raft.server.log.write.buffer.size = 1048576 (custom)
2022-12-02 11:13:54,150 [pool-329-thread-1] INFO  server.RaftServerConfigKeys (ConfUtils.java:logGet(46)) - raft.server.log.appender.buffer.byte-limit = 33554432 (custom)
2022-12-02 11:13:54,164 [pool-329-thread-1] INFO  server.RaftServerConfigKeys (ConfUtils.java:logGet(46)) - raft.server.log.unsafe-flush.enabled = false (default)
2022-12-02 11:13:54,164 [pool-329-thread-1] INFO  server.RaftServerConfigKeys (ConfUtils.java:logGet(46)) - raft.server.log.async-flush.enabled = false (default)
2022-12-02 11:13:54,164 [pool-329-thread-1] INFO  server.RaftServerConfigKeys (ConfUtils.java:logGet(46)) - raft.server.log.statemachine.data.caching.enabled = true (custom)
2022-12-02 11:13:54,164 [pool-329-thread-1] INFO  segmented.SegmentedRaftLogWorker (SegmentedRaftLogWorker.java:lambda$new$0(135)) - 670c0782-42b0-403d-9acb-55f21abca380@group-789105272DF3-SegmentedRaftLogWorker: flushIndex: setUnconditionally 0 -> -1
2022-12-02 11:13:54,165 [pool-329-thread-1] INFO  segmented.SegmentedRaftLogWorker (SegmentedRaftLogWorker.java:lambda$new$0(135)) - 670c0782-42b0-403d-9acb-55f21abca380@group-789105272DF3-SegmentedRaftLogWorker: safeCacheEvictIndex: setUnconditionally 0 -> -1
2022-12-02 11:13:54,170 [pool-329-thread-1] INFO  server.RaftServer$Division (RaftServerImpl.java:start(334)) - 670c0782-42b0-403d-9acb-55f21abca380@group-789105272DF3: start as a follower, conf=-1: peers:[7e2aca8c-5c6e-487b-9a67-6624db7a0d19|rpc:10.1.0.7:44557|dataStream:|priority:1|startupRole:FOLLOWER, 2ec4b609-823d-4e71-a054-e2ed5db02f38|rpc:10.1.0.7:37481|dataStream:|priority:0|startupRole:FOLLOWER, 670c0782-42b0-403d-9acb-55f21abca380|rpc:10.1.0.7:43611|dataStream:|priority:0|startupRole:FOLLOWER]|listeners:[], old=null
2022-12-02 11:13:54,170 [pool-329-thread-1] INFO  server.RaftServer$Division (RaftServerImpl.java:setRole(321)) - 670c0782-42b0-403d-9acb-55f21abca380@group-789105272DF3: changes role from      null to FOLLOWER at term 0 for startAsFollower
2022-12-02 11:13:54,170 [pool-329-thread-1] INFO  impl.RoleInfo (RoleInfo.java:updateAndGet(139)) - 670c0782-42b0-403d-9acb-55f21abca380: start 670c0782-42b0-403d-9acb-55f21abca380@group-789105272DF3-FollowerState
2022-12-02 11:13:54,171 [pool-329-thread-1] INFO  util.JmxRegister (JmxRegister.java:tryRegister(44)) - Successfully registered JMX Bean with object name Ratis:service=RaftServer,group=group-789105272DF3,id=670c0782-42b0-403d-9acb-55f21abca380
2022-12-02 11:13:54,171 [pool-329-thread-1] INFO  server.RaftServerConfigKeys (ConfUtils.java:logGet(46)) - raft.server.snapshot.auto.trigger.enabled = true (custom)
2022-12-02 11:13:54,171 [pool-329-thread-1] INFO  server.RaftServerConfigKeys (ConfUtils.java:logGet(46)) - raft.server.snapshot.auto.trigger.threshold = 10000 (custom)
2022-12-02 11:13:54,172 [pool-329-thread-1] INFO  server.RaftServerConfigKeys (ConfUtils.java:logGet(46)) - raft.server.snapshot.retention.file.num = 5 (custom)
2022-12-02 11:13:54,172 [pool-329-thread-1] INFO  server.RaftServerConfigKeys (ConfUtils.java:logGet(46)) - raft.server.log.purge.upto.snapshot.index = false (default)
2022-12-02 11:13:54,180 [670c0782-42b0-403d-9acb-55f21abca380@group-789105272DF3-FollowerState] INFO  server.RaftServerConfigKeys (ConfUtils.java:logFallback(53)) - raft.server.rpc.first-election.timeout.min = 5s (fallback to raft.server.rpc.timeout.min)
2022-12-02 11:13:54,180 [670c0782-42b0-403d-9acb-55f21abca380@group-789105272DF3-FollowerState] INFO  server.RaftServerConfigKeys (ConfUtils.java:logFallback(53)) - raft.server.rpc.first-election.timeout.max = 5200ms (fallback to raft.server.rpc.timeout.max)
2022-12-02 11:13:54,204 [grpc-default-executor-0] INFO  server.RaftServer (RaftServerProxy.java:addNew(96)) - 2ec4b609-823d-4e71-a054-e2ed5db02f38: addNew group-789105272DF3:[7e2aca8c-5c6e-487b-9a67-6624db7a0d19|rpc:10.1.0.7:44557|dataStream:|priority:1|startupRole:FOLLOWER, 2ec4b609-823d-4e71-a054-e2ed5db02f38|rpc:10.1.0.7:37481|dataStream:|priority:0|startupRole:FOLLOWER, 670c0782-42b0-403d-9acb-55f21abca380|rpc:10.1.0.7:43611|dataStream:|priority:0|startupRole:FOLLOWER] returns group-789105272DF3:java.util.concurrent.CompletableFuture@2979cb3e[Not completed]
2022-12-02 11:13:54,206 [pool-352-thread-1] INFO  server.RaftServer$Division (RaftServerImpl.java:<init>(195)) - 2ec4b609-823d-4e71-a054-e2ed5db02f38: new RaftServerImpl for group-789105272DF3:[7e2aca8c-5c6e-487b-9a67-6624db7a0d19|rpc:10.1.0.7:44557|dataStream:|priority:1|startupRole:FOLLOWER, 2ec4b609-823d-4e71-a054-e2ed5db02f38|rpc:10.1.0.7:37481|dataStream:|priority:0|startupRole:FOLLOWER, 670c0782-42b0-403d-9acb-55f21abca380|rpc:10.1.0.7:43611|dataStream:|priority:0|startupRole:FOLLOWER] with ContainerStateMachine:uninitialized
2022-12-02 11:13:54,206 [pool-352-thread-1] INFO  server.RaftServerConfigKeys (ConfUtils.java:logGet(46)) - raft.server.rpc.timeout.min = 5s (custom)
2022-12-02 11:13:54,206 [pool-352-thread-1] INFO  server.RaftServerConfigKeys (ConfUtils.java:logGet(46)) - raft.server.rpc.timeout.max = 5200ms (custom)
2022-12-02 11:13:54,206 [pool-352-thread-1] INFO  server.RaftServerConfigKeys (ConfUtils.java:logGet(46)) - raft.server.rpc.sleep.time = 25ms (default)
2022-12-02 11:13:54,206 [pool-352-thread-1] INFO  server.RaftServerConfigKeys (ConfUtils.java:logGet(46)) - raft.server.rpc.slowness.timeout = 300s (custom)
2022-12-02 11:13:54,206 [pool-352-thread-1] INFO  server.RaftServerConfigKeys (ConfUtils.java:logGet(46)) - raft.server.leaderelection.leader.step-down.wait-time = 10s (default)
2022-12-02 11:13:54,206 [pool-352-thread-1] INFO  server.RaftServerConfigKeys (ConfUtils.java:logGet(46)) - raft.server.sleep.deviation.threshold = 300ms (default)
2022-12-02 11:13:54,206 [pool-352-thread-1] INFO  server.RaftServer$Division (ServerState.java:<init>(118)) - 2ec4b609-823d-4e71-a054-e2ed5db02f38@group-789105272DF3: ConfigurationManager, init=-1: peers:[7e2aca8c-5c6e-487b-9a67-6624db7a0d19|rpc:10.1.0.7:44557|dataStream:|priority:1|startupRole:FOLLOWER, 2ec4b609-823d-4e71-a054-e2ed5db02f38|rpc:10.1.0.7:37481|dataStream:|priority:0|startupRole:FOLLOWER, 670c0782-42b0-403d-9acb-55f21abca380|rpc:10.1.0.7:43611|dataStream:|priority:0|startupRole:FOLLOWER]|listeners:[], old=null, confs=<EMPTY_MAP>
2022-12-02 11:13:54,206 [pool-352-thread-1] INFO  server.RaftServerConfigKeys (ConfUtils.java:logGet(46)) - raft.server.storage.dir = [/home/runner/work/ozone/ozone/hadoop-ozone/integration-test/target/test-dir/MiniOzoneClusterImpl-8660d1ca-628d-42b2-bfba-a0a9046af5ec/datanode-2/data/ratis] (custom)
2022-12-02 11:13:54,207 [pool-352-thread-1] INFO  server.RaftServerConfigKeys (ConfUtils.java:logGet(46)) - raft.server.log.corruption.policy = EXCEPTION (default)
2022-12-02 11:13:54,207 [pool-352-thread-1] INFO  server.RaftServerConfigKeys (ConfUtils.java:logGet(46)) - raft.server.storage.free-space.min = 0MB (=0) (default)
2022-12-02 11:13:54,207 [pool-352-thread-1] INFO  server.RaftServerConfigKeys (ConfUtils.java:logGet(46)) - raft.server.notification.no-leader.timeout = 300s (custom)
2022-12-02 11:13:54,207 [pool-352-thread-1] INFO  server.RaftServerConfigKeys (ConfUtils.java:logGet(46)) - raft.server.retrycache.expirytime = 600000ms (custom)
2022-12-02 11:13:54,207 [pool-352-thread-1] INFO  server.RaftServerConfigKeys (ConfUtils.java:logGet(46)) - raft.server.retrycache.statistics.expirytime = 100μs (default)
2022-12-02 11:13:54,208 [pool-352-thread-1] INFO  server.RaftServerConfigKeys (ConfUtils.java:logGet(46)) - raft.server.log.appender.install.snapshot.enabled = false (custom)
2022-12-02 11:13:54,208 [pool-352-thread-1] INFO  server.RaftServerConfigKeys (ConfUtils.java:logGet(46)) - raft.server.threadpool.server.cached = true (default)
2022-12-02 11:13:54,208 [pool-352-thread-1] INFO  server.RaftServerConfigKeys (ConfUtils.java:logGet(46)) - raft.server.threadpool.server.size = 0 (default)
2022-12-02 11:13:54,208 [pool-352-thread-1] INFO  server.RaftServerConfigKeys (ConfUtils.java:logGet(46)) - raft.server.threadpool.client.cached = true (default)
2022-12-02 11:13:54,208 [pool-352-thread-1] INFO  server.RaftServerConfigKeys (ConfUtils.java:logGet(46)) - raft.server.threadpool.client.size = 0 (default)
2022-12-02 11:13:54,209 [pool-352-thread-1] INFO  storage.RaftStorageDirectory (RaftStorageDirectoryImpl.java:analyzeStorage(137)) - The storage directory /home/runner/work/ozone/ozone/hadoop-ozone/integration-test/target/test-dir/MiniOzoneClusterImpl-8660d1ca-628d-42b2-bfba-a0a9046af5ec/datanode-2/data/ratis/08e3d165-b014-4633-bee5-789105272df3 does not exist. Creating ...
2022-12-02 11:13:54,210 [pool-352-thread-1] INFO  storage.RaftStorageDirectory (RaftStorageDirectoryImpl.java:tryLock(231)) - Lock on /home/runner/work/ozone/ozone/hadoop-ozone/integration-test/target/test-dir/MiniOzoneClusterImpl-8660d1ca-628d-42b2-bfba-a0a9046af5ec/datanode-2/data/ratis/08e3d165-b014-4633-bee5-789105272df3/in_use.lock acquired by nodename 6885@fv-az205-634
2022-12-02 11:13:54,211 [pool-352-thread-1] INFO  storage.RaftStorage (RaftStorageImpl.java:format(96)) - Storage directory /home/runner/work/ozone/ozone/hadoop-ozone/integration-test/target/test-dir/MiniOzoneClusterImpl-8660d1ca-628d-42b2-bfba-a0a9046af5ec/datanode-2/data/ratis/08e3d165-b014-4633-bee5-789105272df3 has been successfully formatted.
2022-12-02 11:13:54,212 [pool-352-thread-1] INFO  ratis.ContainerStateMachine (ContainerStateMachine.java:loadSnapshot(236)) - group-789105272DF3: The snapshot info is null. Setting the last applied indexto:(t:0, i:~)
2022-12-02 11:13:54,213 [pool-352-thread-1] INFO  server.RaftServerConfigKeys (ConfUtils.java:logGet(46)) - raft.server.log.use.memory = false (default)
2022-12-02 11:13:54,213 [pool-352-thread-1] INFO  server.RaftServerConfigKeys (ConfUtils.java:logGet(46)) - raft.server.log.purge.gap = 1000000 (custom)
2022-12-02 11:13:54,214 [pool-352-thread-1] INFO  server.RaftServerConfigKeys (ConfUtils.java:logGet(46)) - raft.server.log.appender.buffer.byte-limit = 33554432 (custom)
2022-12-02 11:13:54,213 [EventQueue-CommandQueueReportForCommandQueueReportHandler] WARN  events.EventQueue (EventQueue.java:fireEvent(216)) - No event handler registered for event TypedEvent{payloadType=DatanodeDetails, name='Datanode_Command_Queue_Updated'}
2022-12-02 11:13:54,214 [pool-352-thread-1] INFO  server.RaftServerConfigKeys (ConfUtils.java:logGet(46)) - raft.server.log.statemachine.data.read.timeout = 1000ms (default)
2022-12-02 11:13:54,215 [pool-352-thread-1] INFO  server.RaftServerConfigKeys (ConfUtils.java:logGet(46)) - raft.server.log.purge.preservation.log.num = 0 (default)
2022-12-02 11:13:54,215 [pool-352-thread-1] INFO  server.RaftServerConfigKeys (ConfUtils.java:logGet(46)) - raft.server.log.segment.size.max = 1048576 (custom)
2022-12-02 11:13:54,215 [pool-352-thread-1] INFO  server.RaftServerConfigKeys (ConfUtils.java:logGet(46)) - raft.server.log.segment.cache.num.max = 2 (custom)
2022-12-02 11:13:54,215 [pool-352-thread-1] INFO  server.RaftServerConfigKeys (ConfUtils.java:logGet(46)) - raft.server.log.segment.cache.size.max = 200MB (=209715200) (default)
2022-12-02 11:13:54,216 [pool-352-thread-1] INFO  segmented.SegmentedRaftLogWorker (SegmentedRaftLogWorker.java:<init>(189)) - new 2ec4b609-823d-4e71-a054-e2ed5db02f38@group-789105272DF3-SegmentedRaftLogWorker for RaftStorageImpl:Storage Directory /home/runner/work/ozone/ozone/hadoop-ozone/integration-test/target/test-dir/MiniOzoneClusterImpl-8660d1ca-628d-42b2-bfba-a0a9046af5ec/datanode-2/data/ratis/08e3d165-b014-4633-bee5-789105272df3
2022-12-02 11:13:54,216 [pool-352-thread-1] INFO  server.RaftServerConfigKeys (ConfUtils.java:logGet(46)) - raft.server.log.queue.byte-limit = 4294967296 (custom)
2022-12-02 11:13:54,216 [pool-352-thread-1] INFO  server.RaftServerConfigKeys (ConfUtils.java:logGet(46)) - raft.server.log.queue.element-limit = 1024 (custom)
2022-12-02 11:13:54,216 [pool-352-thread-1] INFO  server.RaftServerConfigKeys (ConfUtils.java:logGet(46)) - raft.server.log.segment.size.max = 1048576 (custom)
2022-12-02 11:13:54,216 [pool-352-thread-1] INFO  server.RaftServerConfigKeys (ConfUtils.java:logGet(46)) - raft.server.log.preallocated.size = 16384 (custom)
2022-12-02 11:13:54,216 [pool-352-thread-1] INFO  server.RaftServerConfigKeys (ConfUtils.java:logGet(46)) - raft.server.log.force.sync.num = 128 (default)
2022-12-02 11:13:54,216 [pool-352-thread-1] INFO  server.RaftServerConfigKeys (ConfUtils.java:logGet(46)) - raft.server.log.statemachine.data.sync = true (default)
2022-12-02 11:13:54,216 [pool-352-thread-1] INFO  server.RaftServerConfigKeys (ConfUtils.java:logGet(46)) - raft.server.log.statemachine.data.sync.timeout = 10s (default)
2022-12-02 11:13:54,216 [pool-352-thread-1] INFO  server.RaftServerConfigKeys (ConfUtils.java:logGet(46)) - raft.server.log.statemachine.data.sync.timeout.retry = -1 (default)
2022-12-02 11:13:54,217 [pool-352-thread-1] INFO  server.RaftServerConfigKeys (ConfUtils.java:logGet(46)) - raft.server.log.write.buffer.size = 1048576 (custom)
2022-12-02 11:13:54,218 [pool-352-thread-1] INFO  server.RaftServerConfigKeys (ConfUtils.java:logGet(46)) - raft.server.log.appender.buffer.byte-limit = 33554432 (custom)
2022-12-02 11:13:54,225 [pool-352-thread-1] INFO  server.RaftServerConfigKeys (ConfUtils.java:logGet(46)) - raft.server.log.unsafe-flush.enabled = false (default)
2022-12-02 11:13:54,225 [pool-352-thread-1] INFO  server.RaftServerConfigKeys (ConfUtils.java:logGet(46)) - raft.server.log.async-flush.enabled = false (default)
2022-12-02 11:13:54,225 [pool-352-thread-1] INFO  server.RaftServerConfigKeys (ConfUtils.java:logGet(46)) - raft.server.log.statemachine.data.caching.enabled = true (custom)
2022-12-02 11:13:54,225 [pool-352-thread-1] INFO  segmented.SegmentedRaftLogWorker (SegmentedRaftLogWorker.java:lambda$new$0(135)) - 2ec4b609-823d-4e71-a054-e2ed5db02f38@group-789105272DF3-SegmentedRaftLogWorker: flushIndex: setUnconditionally 0 -> -1
2022-12-02 11:13:54,225 [pool-352-thread-1] INFO  segmented.SegmentedRaftLogWorker (SegmentedRaftLogWorker.java:lambda$new$0(135)) - 2ec4b609-823d-4e71-a054-e2ed5db02f38@group-789105272DF3-SegmentedRaftLogWorker: safeCacheEvictIndex: setUnconditionally 0 -> -1
2022-12-02 11:13:54,226 [pool-352-thread-1] INFO  server.RaftServer$Division (RaftServerImpl.java:start(334)) - 2ec4b609-823d-4e71-a054-e2ed5db02f38@group-789105272DF3: start as a follower, conf=-1: peers:[7e2aca8c-5c6e-487b-9a67-6624db7a0d19|rpc:10.1.0.7:44557|dataStream:|priority:1|startupRole:FOLLOWER, 2ec4b609-823d-4e71-a054-e2ed5db02f38|rpc:10.1.0.7:37481|dataStream:|priority:0|startupRole:FOLLOWER, 670c0782-42b0-403d-9acb-55f21abca380|rpc:10.1.0.7:43611|dataStream:|priority:0|startupRole:FOLLOWER]|listeners:[], old=null
2022-12-02 11:13:54,226 [pool-352-thread-1] INFO  server.RaftServer$Division (RaftServerImpl.java:setRole(321)) - 2ec4b609-823d-4e71-a054-e2ed5db02f38@group-789105272DF3: changes role from      null to FOLLOWER at term 0 for startAsFollower
2022-12-02 11:13:54,226 [pool-352-thread-1] INFO  impl.RoleInfo (RoleInfo.java:updateAndGet(139)) - 2ec4b609-823d-4e71-a054-e2ed5db02f38: start 2ec4b609-823d-4e71-a054-e2ed5db02f38@group-789105272DF3-FollowerState
2022-12-02 11:13:54,230 [pool-352-thread-1] INFO  util.JmxRegister (JmxRegister.java:tryRegister(44)) - Successfully registered JMX Bean with object name Ratis:service=RaftServer,group=group-789105272DF3,id=2ec4b609-823d-4e71-a054-e2ed5db02f38
2022-12-02 11:13:54,230 [pool-352-thread-1] INFO  server.RaftServerConfigKeys (ConfUtils.java:logGet(46)) - raft.server.snapshot.auto.trigger.enabled = true (custom)
2022-12-02 11:13:54,230 [pool-352-thread-1] INFO  server.RaftServerConfigKeys (ConfUtils.java:logGet(46)) - raft.server.snapshot.auto.trigger.threshold = 10000 (custom)
2022-12-02 11:13:54,230 [pool-352-thread-1] INFO  server.RaftServerConfigKeys (ConfUtils.java:logGet(46)) - raft.server.snapshot.retention.file.num = 5 (custom)
2022-12-02 11:13:54,230 [pool-352-thread-1] INFO  server.RaftServerConfigKeys (ConfUtils.java:logGet(46)) - raft.server.log.purge.upto.snapshot.index = false (default)
2022-12-02 11:13:54,231 [2ec4b609-823d-4e71-a054-e2ed5db02f38@group-789105272DF3-FollowerState] INFO  server.RaftServerConfigKeys (ConfUtils.java:logFallback(53)) - raft.server.rpc.first-election.timeout.min = 5s (fallback to raft.server.rpc.timeout.min)
2022-12-02 11:13:54,231 [2ec4b609-823d-4e71-a054-e2ed5db02f38@group-789105272DF3-FollowerState] INFO  server.RaftServerConfigKeys (ConfUtils.java:logFallback(53)) - raft.server.rpc.first-election.timeout.max = 5200ms (fallback to raft.server.rpc.timeout.max)
2022-12-02 11:13:54,238 [Command processor thread] INFO  commandhandler.CreatePipelineCommandHandler (CreatePipelineCommandHandler.java:handle(113)) - Created Pipeline RATIS THREE PipelineID=08e3d165-b014-4633-bee5-789105272df3.
2022-12-02 11:13:54,328 [Command processor thread] INFO  server.RaftServer (RaftServerProxy.java:addNew(96)) - 670c0782-42b0-403d-9acb-55f21abca380: addNew group-73F48DFDC415:[670c0782-42b0-403d-9acb-55f21abca380|rpc:10.1.0.7:43611|priority:1|startupRole:FOLLOWER] returns group-73F48DFDC415:java.util.concurrent.CompletableFuture@11a664e6[Not completed]
2022-12-02 11:13:54,329 [pool-329-thread-1] INFO  server.RaftServer$Division (RaftServerImpl.java:<init>(195)) - 670c0782-42b0-403d-9acb-55f21abca380: new RaftServerImpl for group-73F48DFDC415:[670c0782-42b0-403d-9acb-55f21abca380|rpc:10.1.0.7:43611|priority:1|startupRole:FOLLOWER] with ContainerStateMachine:uninitialized
2022-12-02 11:13:54,330 [pool-329-thread-1] INFO  server.RaftServerConfigKeys (ConfUtils.java:logGet(46)) - raft.server.rpc.timeout.min = 5s (custom)
2022-12-02 11:13:54,330 [pool-329-thread-1] INFO  server.RaftServerConfigKeys (ConfUtils.java:logGet(46)) - raft.server.rpc.timeout.max = 5200ms (custom)
2022-12-02 11:13:54,330 [pool-329-thread-1] INFO  server.RaftServerConfigKeys (ConfUtils.java:logGet(46)) - raft.server.rpc.sleep.time = 25ms (default)
2022-12-02 11:13:54,330 [pool-329-thread-1] INFO  server.RaftServerConfigKeys (ConfUtils.java:logGet(46)) - raft.server.rpc.slowness.timeout = 300s (custom)
2022-12-02 11:13:54,330 [pool-329-thread-1] INFO  server.RaftServerConfigKeys (ConfUtils.java:logGet(46)) - raft.server.leaderelection.leader.step-down.wait-time = 10s (default)
2022-12-02 11:13:54,330 [pool-329-thread-1] INFO  server.RaftServerConfigKeys (ConfUtils.java:logGet(46)) - raft.server.sleep.deviation.threshold = 300ms (default)
2022-12-02 11:13:54,330 [pool-329-thread-1] INFO  server.RaftServer$Division (ServerState.java:<init>(118)) - 670c0782-42b0-403d-9acb-55f21abca380@group-73F48DFDC415: ConfigurationManager, init=-1: peers:[670c0782-42b0-403d-9acb-55f21abca380|rpc:10.1.0.7:43611|priority:1|startupRole:FOLLOWER]|listeners:[], old=null, confs=<EMPTY_MAP>
2022-12-02 11:13:54,330 [pool-329-thread-1] INFO  server.RaftServerConfigKeys (ConfUtils.java:logGet(46)) - raft.server.storage.dir = [/home/runner/work/ozone/ozone/hadoop-ozone/integration-test/target/test-dir/MiniOzoneClusterImpl-8660d1ca-628d-42b2-bfba-a0a9046af5ec/datanode-1/data/ratis] (custom)
2022-12-02 11:13:54,330 [pool-329-thread-1] INFO  server.RaftServerConfigKeys (ConfUtils.java:logGet(46)) - raft.server.log.corruption.policy = EXCEPTION (default)
2022-12-02 11:13:54,331 [pool-329-thread-1] INFO  server.RaftServerConfigKeys (ConfUtils.java:logGet(46)) - raft.server.storage.free-space.min = 0MB (=0) (default)
2022-12-02 11:13:54,331 [pool-329-thread-1] INFO  server.RaftServerConfigKeys (ConfUtils.java:logGet(46)) - raft.server.notification.no-leader.timeout = 300s (custom)
2022-12-02 11:13:54,331 [pool-329-thread-1] INFO  server.RaftServerConfigKeys (ConfUtils.java:logGet(46)) - raft.server.retrycache.expirytime = 600000ms (custom)
2022-12-02 11:13:54,331 [pool-329-thread-1] INFO  server.RaftServerConfigKeys (ConfUtils.java:logGet(46)) - raft.server.retrycache.statistics.expirytime = 100μs (default)
2022-12-02 11:13:54,332 [pool-329-thread-1] INFO  server.RaftServerConfigKeys (ConfUtils.java:logGet(46)) - raft.server.log.appender.install.snapshot.enabled = false (custom)
2022-12-02 11:13:54,332 [pool-329-thread-1] INFO  server.RaftServerConfigKeys (ConfUtils.java:logGet(46)) - raft.server.threadpool.server.cached = true (default)
2022-12-02 11:13:54,332 [pool-329-thread-1] INFO  server.RaftServerConfigKeys (ConfUtils.java:logGet(46)) - raft.server.threadpool.server.size = 0 (default)
2022-12-02 11:13:54,332 [pool-329-thread-1] INFO  server.RaftServerConfigKeys (ConfUtils.java:logGet(46)) - raft.server.threadpool.client.cached = true (default)
2022-12-02 11:13:54,333 [pool-329-thread-1] INFO  server.RaftServerConfigKeys (ConfUtils.java:logGet(46)) - raft.server.threadpool.client.size = 0 (default)
2022-12-02 11:13:54,333 [pool-329-thread-1] INFO  storage.RaftStorageDirectory (RaftStorageDirectoryImpl.java:analyzeStorage(137)) - The storage directory /home/runner/work/ozone/ozone/hadoop-ozone/integration-test/target/test-dir/MiniOzoneClusterImpl-8660d1ca-628d-42b2-bfba-a0a9046af5ec/datanode-1/data/ratis/36c0531f-7b6d-43cd-9f20-73f48dfdc415 does not exist. Creating ...
2022-12-02 11:13:54,335 [pool-329-thread-1] INFO  storage.RaftStorageDirectory (RaftStorageDirectoryImpl.java:tryLock(231)) - Lock on /home/runner/work/ozone/ozone/hadoop-ozone/integration-test/target/test-dir/MiniOzoneClusterImpl-8660d1ca-628d-42b2-bfba-a0a9046af5ec/datanode-1/data/ratis/36c0531f-7b6d-43cd-9f20-73f48dfdc415/in_use.lock acquired by nodename 6885@fv-az205-634
2022-12-02 11:13:54,337 [pool-329-thread-1] INFO  storage.RaftStorage (RaftStorageImpl.java:format(96)) - Storage directory /home/runner/work/ozone/ozone/hadoop-ozone/integration-test/target/test-dir/MiniOzoneClusterImpl-8660d1ca-628d-42b2-bfba-a0a9046af5ec/datanode-1/data/ratis/36c0531f-7b6d-43cd-9f20-73f48dfdc415 has been successfully formatted.
2022-12-02 11:13:54,339 [pool-329-thread-1] INFO  ratis.ContainerStateMachine (ContainerStateMachine.java:loadSnapshot(236)) - group-73F48DFDC415: The snapshot info is null. Setting the last applied indexto:(t:0, i:~)
2022-12-02 11:13:54,339 [pool-329-thread-1] INFO  server.RaftServerConfigKeys (ConfUtils.java:logGet(46)) - raft.server.log.use.memory = false (default)
2022-12-02 11:13:54,339 [pool-329-thread-1] INFO  server.RaftServerConfigKeys (ConfUtils.java:logGet(46)) - raft.server.log.purge.gap = 1000000 (custom)
2022-12-02 11:13:54,339 [pool-329-thread-1] INFO  server.RaftServerConfigKeys (ConfUtils.java:logGet(46)) - raft.server.log.appender.buffer.byte-limit = 33554432 (custom)
2022-12-02 11:13:54,339 [pool-329-thread-1] INFO  server.RaftServerConfigKeys (ConfUtils.java:logGet(46)) - raft.server.log.statemachine.data.read.timeout = 1000ms (default)
2022-12-02 11:13:54,339 [pool-329-thread-1] INFO  server.RaftServerConfigKeys (ConfUtils.java:logGet(46)) - raft.server.log.purge.preservation.log.num = 0 (default)
2022-12-02 11:13:54,339 [EventQueue-CommandQueueReportForCommandQueueReportHandler] WARN  events.EventQueue (EventQueue.java:fireEvent(216)) - No event handler registered for event TypedEvent{payloadType=DatanodeDetails, name='Datanode_Command_Queue_Updated'}
2022-12-02 11:13:54,340 [EventQueue-PipelineReportForPipelineReportHandler] INFO  pipeline.PipelineManagerImpl (PipelineManagerImpl.java:openPipeline(367)) - Pipeline Pipeline[ Id: 36c0531f-7b6d-43cd-9f20-73f48dfdc415, Nodes: 670c0782-42b0-403d-9acb-55f21abca380{ip: 10.1.0.7, host: fv-az205-634.k2gd1z4tyxsu3cbgyjsjq30zwf.jx.internal.cloudapp.net, ports: [REPLICATION=46539, RATIS=43611, RATIS_ADMIN=43611, RATIS_SERVER=43611, STANDALONE=33355], networkLocation: /default-rack, certSerialId: null, persistedOpState: IN_SERVICE, persistedOpStateExpiryEpochSec: 0}, ReplicationConfig: RATIS/ONE, State:ALLOCATED, leaderId:670c0782-42b0-403d-9acb-55f21abca380, CreationTimestamp2022-12-02T11:13:51.331Z[Etc/UTC]] moved to OPEN state
2022-12-02 11:13:54,340 [pool-329-thread-1] INFO  server.RaftServerConfigKeys (ConfUtils.java:logGet(46)) - raft.server.log.segment.size.max = 1048576 (custom)
2022-12-02 11:13:54,340 [EventQueue-OpenPipelineForHealthyPipelineSafeModeRule] INFO  safemode.SCMSafeModeManager (HealthyPipelineSafeModeRule.java:process(137)) - SCM in safe mode. Healthy pipelines reported count is 0, required healthy pipeline reported count is 1
2022-12-02 11:13:54,341 [pool-329-thread-1] INFO  server.RaftServerConfigKeys (ConfUtils.java:logGet(46)) - raft.server.log.segment.cache.num.max = 2 (custom)
2022-12-02 11:13:54,342 [pool-329-thread-1] INFO  server.RaftServerConfigKeys (ConfUtils.java:logGet(46)) - raft.server.log.segment.cache.size.max = 200MB (=209715200) (default)
2022-12-02 11:13:54,342 [pool-329-thread-1] INFO  segmented.SegmentedRaftLogWorker (SegmentedRaftLogWorker.java:<init>(189)) - new 670c0782-42b0-403d-9acb-55f21abca380@group-73F48DFDC415-SegmentedRaftLogWorker for RaftStorageImpl:Storage Directory /home/runner/work/ozone/ozone/hadoop-ozone/integration-test/target/test-dir/MiniOzoneClusterImpl-8660d1ca-628d-42b2-bfba-a0a9046af5ec/datanode-1/data/ratis/36c0531f-7b6d-43cd-9f20-73f48dfdc415
2022-12-02 11:13:54,342 [pool-329-thread-1] INFO  server.RaftServerConfigKeys (ConfUtils.java:logGet(46)) - raft.server.log.queue.byte-limit = 4294967296 (custom)
2022-12-02 11:13:54,342 [pool-329-thread-1] INFO  server.RaftServerConfigKeys (ConfUtils.java:logGet(46)) - raft.server.log.queue.element-limit = 1024 (custom)
2022-12-02 11:13:54,342 [pool-329-thread-1] INFO  server.RaftServerConfigKeys (ConfUtils.java:logGet(46)) - raft.server.log.segment.size.max = 1048576 (custom)
2022-12-02 11:13:54,342 [pool-329-thread-1] INFO  server.RaftServerConfigKeys (ConfUtils.java:logGet(46)) - raft.server.log.preallocated.size = 16384 (custom)
2022-12-02 11:13:54,342 [pool-329-thread-1] INFO  server.RaftServerConfigKeys (ConfUtils.java:logGet(46)) - raft.server.log.force.sync.num = 128 (default)
2022-12-02 11:13:54,342 [pool-329-thread-1] INFO  server.RaftServerConfigKeys (ConfUtils.java:logGet(46)) - raft.server.log.statemachine.data.sync = true (default)
2022-12-02 11:13:54,342 [pool-329-thread-1] INFO  server.RaftServerConfigKeys (ConfUtils.java:logGet(46)) - raft.server.log.statemachine.data.sync.timeout = 10s (default)
2022-12-02 11:13:54,342 [pool-329-thread-1] INFO  server.RaftServerConfigKeys (ConfUtils.java:logGet(46)) - raft.server.log.statemachine.data.sync.timeout.retry = -1 (default)
2022-12-02 11:13:54,343 [pool-329-thread-1] INFO  server.RaftServerConfigKeys (ConfUtils.java:logGet(46)) - raft.server.log.write.buffer.size = 1048576 (custom)
2022-12-02 11:13:54,344 [pool-329-thread-1] INFO  server.RaftServerConfigKeys (ConfUtils.java:logGet(46)) - raft.server.log.appender.buffer.byte-limit = 33554432 (custom)
2022-12-02 11:13:54,351 [pool-329-thread-1] INFO  server.RaftServerConfigKeys (ConfUtils.java:logGet(46)) - raft.server.log.unsafe-flush.enabled = false (default)
2022-12-02 11:13:54,351 [pool-329-thread-1] INFO  server.RaftServerConfigKeys (ConfUtils.java:logGet(46)) - raft.server.log.async-flush.enabled = false (default)
2022-12-02 11:13:54,351 [pool-329-thread-1] INFO  server.RaftServerConfigKeys (ConfUtils.java:logGet(46)) - raft.server.log.statemachine.data.caching.enabled = true (custom)
2022-12-02 11:13:54,351 [pool-329-thread-1] INFO  segmented.SegmentedRaftLogWorker (SegmentedRaftLogWorker.java:lambda$new$0(135)) - 670c0782-42b0-403d-9acb-55f21abca380@group-73F48DFDC415-SegmentedRaftLogWorker: flushIndex: setUnconditionally 0 -> -1
2022-12-02 11:13:54,351 [pool-329-thread-1] INFO  segmented.SegmentedRaftLogWorker (SegmentedRaftLogWorker.java:lambda$new$0(135)) - 670c0782-42b0-403d-9acb-55f21abca380@group-73F48DFDC415-SegmentedRaftLogWorker: safeCacheEvictIndex: setUnconditionally 0 -> -1
2022-12-02 11:13:54,352 [pool-329-thread-1] INFO  server.RaftServer$Division (RaftServerImpl.java:start(334)) - 670c0782-42b0-403d-9acb-55f21abca380@group-73F48DFDC415: start as a follower, conf=-1: peers:[670c0782-42b0-403d-9acb-55f21abca380|rpc:10.1.0.7:43611|priority:1|startupRole:FOLLOWER]|listeners:[], old=null
2022-12-02 11:13:54,352 [pool-329-thread-1] INFO  server.RaftServer$Division (RaftServerImpl.java:setRole(321)) - 670c0782-42b0-403d-9acb-55f21abca380@group-73F48DFDC415: changes role from      null to FOLLOWER at term 0 for startAsFollower
2022-12-02 11:13:54,352 [pool-329-thread-1] INFO  impl.RoleInfo (RoleInfo.java:updateAndGet(139)) - 670c0782-42b0-403d-9acb-55f21abca380: start 670c0782-42b0-403d-9acb-55f21abca380@group-73F48DFDC415-FollowerState
2022-12-02 11:13:54,352 [pool-329-thread-1] INFO  util.JmxRegister (JmxRegister.java:tryRegister(44)) - Successfully registered JMX Bean with object name Ratis:service=RaftServer,group=group-73F48DFDC415,id=670c0782-42b0-403d-9acb-55f21abca380
2022-12-02 11:13:54,352 [pool-329-thread-1] INFO  server.RaftServerConfigKeys (ConfUtils.java:logGet(46)) - raft.server.snapshot.auto.trigger.enabled = true (custom)
2022-12-02 11:13:54,352 [pool-329-thread-1] INFO  server.RaftServerConfigKeys (ConfUtils.java:logGet(46)) - raft.server.snapshot.auto.trigger.threshold = 10000 (custom)
2022-12-02 11:13:54,353 [pool-329-thread-1] INFO  server.RaftServerConfigKeys (ConfUtils.java:logGet(46)) - raft.server.snapshot.retention.file.num = 5 (custom)
2022-12-02 11:13:54,353 [pool-329-thread-1] INFO  server.RaftServerConfigKeys (ConfUtils.java:logGet(46)) - raft.server.log.purge.upto.snapshot.index = false (default)
2022-12-02 11:13:54,353 [Command processor thread] INFO  ratis.XceiverServerRatis (XceiverServerRatis.java:addGroup(765)) - Created group PipelineID=36c0531f-7b6d-43cd-9f20-73f48dfdc415
2022-12-02 11:13:54,353 [Command processor thread] INFO  commandhandler.CreatePipelineCommandHandler (CreatePipelineCommandHandler.java:handle(113)) - Created Pipeline RATIS ONE PipelineID=36c0531f-7b6d-43cd-9f20-73f48dfdc415.
2022-12-02 11:13:54,354 [670c0782-42b0-403d-9acb-55f21abca380@group-73F48DFDC415-FollowerState] INFO  server.RaftServerConfigKeys (ConfUtils.java:logFallback(53)) - raft.server.rpc.first-election.timeout.min = 5s (fallback to raft.server.rpc.timeout.min)
2022-12-02 11:13:54,354 [670c0782-42b0-403d-9acb-55f21abca380@group-73F48DFDC415-FollowerState] INFO  server.RaftServerConfigKeys (ConfUtils.java:logFallback(53)) - raft.server.rpc.first-election.timeout.max = 5200ms (fallback to raft.server.rpc.timeout.max)
2022-12-02 11:13:54,741 [Command processor thread] INFO  server.RaftServer (RaftServerProxy.java:addNew(96)) - 2ec4b609-823d-4e71-a054-e2ed5db02f38: addNew group-E629549C3E12:[2ec4b609-823d-4e71-a054-e2ed5db02f38|rpc:10.1.0.7:37481|priority:1|startupRole:FOLLOWER] returns group-E629549C3E12:java.util.concurrent.CompletableFuture@584ddc62[Not completed]
2022-12-02 11:13:54,742 [pool-352-thread-1] INFO  server.RaftServer$Division (RaftServerImpl.java:<init>(195)) - 2ec4b609-823d-4e71-a054-e2ed5db02f38: new RaftServerImpl for group-E629549C3E12:[2ec4b609-823d-4e71-a054-e2ed5db02f38|rpc:10.1.0.7:37481|priority:1|startupRole:FOLLOWER] with ContainerStateMachine:uninitialized
2022-12-02 11:13:54,743 [pool-352-thread-1] INFO  server.RaftServerConfigKeys (ConfUtils.java:logGet(46)) - raft.server.rpc.timeout.min = 5s (custom)
2022-12-02 11:13:54,743 [pool-352-thread-1] INFO  server.RaftServerConfigKeys (ConfUtils.java:logGet(46)) - raft.server.rpc.timeout.max = 5200ms (custom)
2022-12-02 11:13:54,743 [pool-352-thread-1] INFO  server.RaftServerConfigKeys (ConfUtils.java:logGet(46)) - raft.server.rpc.sleep.time = 25ms (default)
2022-12-02 11:13:54,743 [pool-352-thread-1] INFO  server.RaftServerConfigKeys (ConfUtils.java:logGet(46)) - raft.server.rpc.slowness.timeout = 300s (custom)
2022-12-02 11:13:54,743 [pool-352-thread-1] INFO  server.RaftServerConfigKeys (ConfUtils.java:logGet(46)) - raft.server.leaderelection.leader.step-down.wait-time = 10s (default)
2022-12-02 11:13:54,743 [pool-352-thread-1] INFO  server.RaftServerConfigKeys (ConfUtils.java:logGet(46)) - raft.server.sleep.deviation.threshold = 300ms (default)
2022-12-02 11:13:54,743 [pool-352-thread-1] INFO  server.RaftServer$Division (ServerState.java:<init>(118)) - 2ec4b609-823d-4e71-a054-e2ed5db02f38@group-E629549C3E12: ConfigurationManager, init=-1: peers:[2ec4b609-823d-4e71-a054-e2ed5db02f38|rpc:10.1.0.7:37481|priority:1|startupRole:FOLLOWER]|listeners:[], old=null, confs=<EMPTY_MAP>
2022-12-02 11:13:54,743 [pool-352-thread-1] INFO  server.RaftServerConfigKeys (ConfUtils.java:logGet(46)) - raft.server.storage.dir = [/home/runner/work/ozone/ozone/hadoop-ozone/integration-test/target/test-dir/MiniOzoneClusterImpl-8660d1ca-628d-42b2-bfba-a0a9046af5ec/datanode-2/data/ratis] (custom)
2022-12-02 11:13:54,743 [pool-352-thread-1] INFO  server.RaftServerConfigKeys (ConfUtils.java:logGet(46)) - raft.server.log.corruption.policy = EXCEPTION (default)
2022-12-02 11:13:54,743 [pool-352-thread-1] INFO  server.RaftServerConfigKeys (ConfUtils.java:logGet(46)) - raft.server.storage.free-space.min = 0MB (=0) (default)
2022-12-02 11:13:54,743 [pool-352-thread-1] INFO  server.RaftServerConfigKeys (ConfUtils.java:logGet(46)) - raft.server.notification.no-leader.timeout = 300s (custom)
2022-12-02 11:13:54,743 [pool-352-thread-1] INFO  server.RaftServerConfigKeys (ConfUtils.java:logGet(46)) - raft.server.retrycache.expirytime = 600000ms (custom)
2022-12-02 11:13:54,744 [pool-352-thread-1] INFO  server.RaftServerConfigKeys (ConfUtils.java:logGet(46)) - raft.server.retrycache.statistics.expirytime = 100μs (default)
2022-12-02 11:13:54,750 [pool-352-thread-1] INFO  server.RaftServerConfigKeys (ConfUtils.java:logGet(46)) - raft.server.log.appender.install.snapshot.enabled = false (custom)
2022-12-02 11:13:54,750 [pool-352-thread-1] INFO  server.RaftServerConfigKeys (ConfUtils.java:logGet(46)) - raft.server.threadpool.server.cached = true (default)
2022-12-02 11:13:54,750 [pool-352-thread-1] INFO  server.RaftServerConfigKeys (ConfUtils.java:logGet(46)) - raft.server.threadpool.server.size = 0 (default)
2022-12-02 11:13:54,750 [pool-352-thread-1] INFO  server.RaftServerConfigKeys (ConfUtils.java:logGet(46)) - raft.server.threadpool.client.cached = true (default)
2022-12-02 11:13:54,751 [pool-352-thread-1] INFO  server.RaftServerConfigKeys (ConfUtils.java:logGet(46)) - raft.server.threadpool.client.size = 0 (default)
2022-12-02 11:13:54,751 [pool-352-thread-1] INFO  storage.RaftStorageDirectory (RaftStorageDirectoryImpl.java:analyzeStorage(137)) - The storage directory /home/runner/work/ozone/ozone/hadoop-ozone/integration-test/target/test-dir/MiniOzoneClusterImpl-8660d1ca-628d-42b2-bfba-a0a9046af5ec/datanode-2/data/ratis/985de3b7-49ad-4775-b0bd-e629549c3e12 does not exist. Creating ...
2022-12-02 11:13:54,751 [Listener at 127.0.0.1/43097] INFO  ozone.MiniOzoneClusterImpl (MiniOzoneClusterImpl.java:lambda$waitForClusterToBeReady$0(216)) - Nodes are ready. Got 3 of 3 DN Heartbeats.
2022-12-02 11:13:54,752 [Listener at 127.0.0.1/43097] INFO  ozone.MiniOzoneClusterImpl (MiniOzoneClusterImpl.java:lambda$waitForClusterToBeReady$0(219)) - Waiting for cluster to exit safe mode
2022-12-02 11:13:54,752 [Listener at 127.0.0.1/43097] INFO  ozone.MiniOzoneClusterImpl (MiniOzoneClusterImpl.java:lambda$waitForClusterToBeReady$0(221)) - SCM became leader
2022-12-02 11:13:54,753 [pool-352-thread-1] INFO  storage.RaftStorageDirectory (RaftStorageDirectoryImpl.java:tryLock(231)) - Lock on /home/runner/work/ozone/ozone/hadoop-ozone/integration-test/target/test-dir/MiniOzoneClusterImpl-8660d1ca-628d-42b2-bfba-a0a9046af5ec/datanode-2/data/ratis/985de3b7-49ad-4775-b0bd-e629549c3e12/in_use.lock acquired by nodename 6885@fv-az205-634
2022-12-02 11:13:54,754 [pool-352-thread-1] INFO  storage.RaftStorage (RaftStorageImpl.java:format(96)) - Storage directory /home/runner/work/ozone/ozone/hadoop-ozone/integration-test/target/test-dir/MiniOzoneClusterImpl-8660d1ca-628d-42b2-bfba-a0a9046af5ec/datanode-2/data/ratis/985de3b7-49ad-4775-b0bd-e629549c3e12 has been successfully formatted.
2022-12-02 11:13:54,754 [pool-352-thread-1] INFO  ratis.ContainerStateMachine (ContainerStateMachine.java:loadSnapshot(236)) - group-E629549C3E12: The snapshot info is null. Setting the last applied indexto:(t:0, i:~)
2022-12-02 11:13:54,755 [pool-352-thread-1] INFO  server.RaftServerConfigKeys (ConfUtils.java:logGet(46)) - raft.server.log.use.memory = false (default)
2022-12-02 11:13:54,755 [pool-352-thread-1] INFO  server.RaftServerConfigKeys (ConfUtils.java:logGet(46)) - raft.server.log.purge.gap = 1000000 (custom)
2022-12-02 11:13:54,755 [pool-352-thread-1] INFO  server.RaftServerConfigKeys (ConfUtils.java:logGet(46)) - raft.server.log.appender.buffer.byte-limit = 33554432 (custom)
2022-12-02 11:13:54,755 [pool-352-thread-1] INFO  server.RaftServerConfigKeys (ConfUtils.java:logGet(46)) - raft.server.log.statemachine.data.read.timeout = 1000ms (default)
2022-12-02 11:13:54,755 [pool-352-thread-1] INFO  server.RaftServerConfigKeys (ConfUtils.java:logGet(46)) - raft.server.log.purge.preservation.log.num = 0 (default)
2022-12-02 11:13:54,755 [pool-352-thread-1] INFO  server.RaftServerConfigKeys (ConfUtils.java:logGet(46)) - raft.server.log.segment.size.max = 1048576 (custom)
2022-12-02 11:13:54,757 [EventQueue-CommandQueueReportForCommandQueueReportHandler] WARN  events.EventQueue (EventQueue.java:fireEvent(216)) - No event handler registered for event TypedEvent{payloadType=DatanodeDetails, name='Datanode_Command_Queue_Updated'}
2022-12-02 11:13:54,757 [EventQueue-PipelineReportForPipelineReportHandler] INFO  pipeline.PipelineManagerImpl (PipelineManagerImpl.java:openPipeline(367)) - Pipeline Pipeline[ Id: 985de3b7-49ad-4775-b0bd-e629549c3e12, Nodes: 2ec4b609-823d-4e71-a054-e2ed5db02f38{ip: 10.1.0.7, host: fv-az205-634.k2gd1z4tyxsu3cbgyjsjq30zwf.jx.internal.cloudapp.net, ports: [REPLICATION=36787, RATIS=37481, RATIS_ADMIN=37481, RATIS_SERVER=37481, STANDALONE=35425], networkLocation: /default-rack, certSerialId: null, persistedOpState: IN_SERVICE, persistedOpStateExpiryEpochSec: 0}, ReplicationConfig: RATIS/ONE, State:ALLOCATED, leaderId:2ec4b609-823d-4e71-a054-e2ed5db02f38, CreationTimestamp2022-12-02T11:13:51.744Z[Etc/UTC]] moved to OPEN state
2022-12-02 11:13:54,758 [EventQueue-OpenPipelineForHealthyPipelineSafeModeRule] INFO  safemode.SCMSafeModeManager (HealthyPipelineSafeModeRule.java:process(137)) - SCM in safe mode. Healthy pipelines reported count is 0, required healthy pipeline reported count is 1
2022-12-02 11:13:54,759 [pool-352-thread-1] INFO  server.RaftServerConfigKeys (ConfUtils.java:logGet(46)) - raft.server.log.segment.cache.num.max = 2 (custom)
2022-12-02 11:13:54,759 [pool-352-thread-1] INFO  server.RaftServerConfigKeys (ConfUtils.java:logGet(46)) - raft.server.log.segment.cache.size.max = 200MB (=209715200) (default)
2022-12-02 11:13:54,759 [pool-352-thread-1] INFO  segmented.SegmentedRaftLogWorker (SegmentedRaftLogWorker.java:<init>(189)) - new 2ec4b609-823d-4e71-a054-e2ed5db02f38@group-E629549C3E12-SegmentedRaftLogWorker for RaftStorageImpl:Storage Directory /home/runner/work/ozone/ozone/hadoop-ozone/integration-test/target/test-dir/MiniOzoneClusterImpl-8660d1ca-628d-42b2-bfba-a0a9046af5ec/datanode-2/data/ratis/985de3b7-49ad-4775-b0bd-e629549c3e12
2022-12-02 11:13:54,759 [pool-352-thread-1] INFO  server.RaftServerConfigKeys (ConfUtils.java:logGet(46)) - raft.server.log.queue.byte-limit = 4294967296 (custom)
2022-12-02 11:13:54,759 [pool-352-thread-1] INFO  server.RaftServerConfigKeys (ConfUtils.java:logGet(46)) - raft.server.log.queue.element-limit = 1024 (custom)
2022-12-02 11:13:54,759 [pool-352-thread-1] INFO  server.RaftServerConfigKeys (ConfUtils.java:logGet(46)) - raft.server.log.segment.size.max = 1048576 (custom)
2022-12-02 11:13:54,759 [pool-352-thread-1] INFO  server.RaftServerConfigKeys (ConfUtils.java:logGet(46)) - raft.server.log.preallocated.size = 16384 (custom)
2022-12-02 11:13:54,759 [pool-352-thread-1] INFO  server.RaftServerConfigKeys (ConfUtils.java:logGet(46)) - raft.server.log.force.sync.num = 128 (default)
2022-12-02 11:13:54,759 [pool-352-thread-1] INFO  server.RaftServerConfigKeys (ConfUtils.java:logGet(46)) - raft.server.log.statemachine.data.sync = true (default)
2022-12-02 11:13:54,759 [pool-352-thread-1] INFO  server.RaftServerConfigKeys (ConfUtils.java:logGet(46)) - raft.server.log.statemachine.data.sync.timeout = 10s (default)
2022-12-02 11:13:54,759 [pool-352-thread-1] INFO  server.RaftServerConfigKeys (ConfUtils.java:logGet(46)) - raft.server.log.statemachine.data.sync.timeout.retry = -1 (default)
2022-12-02 11:13:54,760 [pool-352-thread-1] INFO  server.RaftServerConfigKeys (ConfUtils.java:logGet(46)) - raft.server.log.write.buffer.size = 1048576 (custom)
2022-12-02 11:13:54,761 [pool-352-thread-1] INFO  server.RaftServerConfigKeys (ConfUtils.java:logGet(46)) - raft.server.log.appender.buffer.byte-limit = 33554432 (custom)
2022-12-02 11:13:54,768 [pool-352-thread-1] INFO  server.RaftServerConfigKeys (ConfUtils.java:logGet(46)) - raft.server.log.unsafe-flush.enabled = false (default)
2022-12-02 11:13:54,768 [pool-352-thread-1] INFO  server.RaftServerConfigKeys (ConfUtils.java:logGet(46)) - raft.server.log.async-flush.enabled = false (default)
2022-12-02 11:13:54,768 [pool-352-thread-1] INFO  server.RaftServerConfigKeys (ConfUtils.java:logGet(46)) - raft.server.log.statemachine.data.caching.enabled = true (custom)
2022-12-02 11:13:54,768 [pool-352-thread-1] INFO  segmented.SegmentedRaftLogWorker (SegmentedRaftLogWorker.java:lambda$new$0(135)) - 2ec4b609-823d-4e71-a054-e2ed5db02f38@group-E629549C3E12-SegmentedRaftLogWorker: flushIndex: setUnconditionally 0 -> -1
2022-12-02 11:13:54,768 [pool-352-thread-1] INFO  segmented.SegmentedRaftLogWorker (SegmentedRaftLogWorker.java:lambda$new$0(135)) - 2ec4b609-823d-4e71-a054-e2ed5db02f38@group-E629549C3E12-SegmentedRaftLogWorker: safeCacheEvictIndex: setUnconditionally 0 -> -1
2022-12-02 11:13:54,768 [pool-352-thread-1] INFO  server.RaftServer$Division (RaftServerImpl.java:start(334)) - 2ec4b609-823d-4e71-a054-e2ed5db02f38@group-E629549C3E12: start as a follower, conf=-1: peers:[2ec4b609-823d-4e71-a054-e2ed5db02f38|rpc:10.1.0.7:37481|priority:1|startupRole:FOLLOWER]|listeners:[], old=null
2022-12-02 11:13:54,769 [pool-352-thread-1] INFO  server.RaftServer$Division (RaftServerImpl.java:setRole(321)) - 2ec4b609-823d-4e71-a054-e2ed5db02f38@group-E629549C3E12: changes role from      null to FOLLOWER at term 0 for startAsFollower
2022-12-02 11:13:54,769 [pool-352-thread-1] INFO  impl.RoleInfo (RoleInfo.java:updateAndGet(139)) - 2ec4b609-823d-4e71-a054-e2ed5db02f38: start 2ec4b609-823d-4e71-a054-e2ed5db02f38@group-E629549C3E12-FollowerState
2022-12-02 11:13:54,769 [pool-352-thread-1] INFO  util.JmxRegister (JmxRegister.java:tryRegister(44)) - Successfully registered JMX Bean with object name Ratis:service=RaftServer,group=group-E629549C3E12,id=2ec4b609-823d-4e71-a054-e2ed5db02f38
2022-12-02 11:13:54,769 [pool-352-thread-1] INFO  server.RaftServerConfigKeys (ConfUtils.java:logGet(46)) - raft.server.snapshot.auto.trigger.enabled = true (custom)
2022-12-02 11:13:54,769 [pool-352-thread-1] INFO  server.RaftServerConfigKeys (ConfUtils.java:logGet(46)) - raft.server.snapshot.auto.trigger.threshold = 10000 (custom)
2022-12-02 11:13:54,769 [pool-352-thread-1] INFO  server.RaftServerConfigKeys (ConfUtils.java:logGet(46)) - raft.server.snapshot.retention.file.num = 5 (custom)
2022-12-02 11:13:54,769 [pool-352-thread-1] INFO  server.RaftServerConfigKeys (ConfUtils.java:logGet(46)) - raft.server.log.purge.upto.snapshot.index = false (default)
2022-12-02 11:13:54,770 [2ec4b609-823d-4e71-a054-e2ed5db02f38@group-E629549C3E12-FollowerState] INFO  server.RaftServerConfigKeys (ConfUtils.java:logFallback(53)) - raft.server.rpc.first-election.timeout.min = 5s (fallback to raft.server.rpc.timeout.min)
2022-12-02 11:13:54,770 [2ec4b609-823d-4e71-a054-e2ed5db02f38@group-E629549C3E12-FollowerState] INFO  server.RaftServerConfigKeys (ConfUtils.java:logFallback(53)) - raft.server.rpc.first-election.timeout.max = 5200ms (fallback to raft.server.rpc.timeout.max)
2022-12-02 11:13:54,770 [Command processor thread] INFO  ratis.XceiverServerRatis (XceiverServerRatis.java:addGroup(765)) - Created group PipelineID=985de3b7-49ad-4775-b0bd-e629549c3e12
2022-12-02 11:13:54,770 [Command processor thread] INFO  commandhandler.CreatePipelineCommandHandler (CreatePipelineCommandHandler.java:handle(113)) - Created Pipeline RATIS ONE PipelineID=985de3b7-49ad-4775-b0bd-e629549c3e12.
2022-12-02 11:13:55,752 [Listener at 127.0.0.1/43097] INFO  ozone.MiniOzoneClusterImpl (MiniOzoneClusterImpl.java:lambda$waitForClusterToBeReady$0(216)) - Nodes are ready. Got 3 of 3 DN Heartbeats.
2022-12-02 11:13:55,753 [Listener at 127.0.0.1/43097] INFO  ozone.MiniOzoneClusterImpl (MiniOzoneClusterImpl.java:lambda$waitForClusterToBeReady$0(219)) - Waiting for cluster to exit safe mode
2022-12-02 11:13:55,753 [Listener at 127.0.0.1/43097] INFO  ozone.MiniOzoneClusterImpl (MiniOzoneClusterImpl.java:lambda$waitForClusterToBeReady$0(221)) - SCM became leader
2022-12-02 11:13:56,100 [EventQueue-CommandQueueReportForCommandQueueReportHandler] WARN  events.EventQueue (EventQueue.java:fireEvent(216)) - No event handler registered for event TypedEvent{payloadType=DatanodeDetails, name='Datanode_Command_Queue_Updated'}
2022-12-02 11:13:56,339 [EventQueue-CommandQueueReportForCommandQueueReportHandler] WARN  events.EventQueue (EventQueue.java:fireEvent(216)) - No event handler registered for event TypedEvent{payloadType=DatanodeDetails, name='Datanode_Command_Queue_Updated'}
2022-12-02 11:13:56,753 [Listener at 127.0.0.1/43097] INFO  ozone.MiniOzoneClusterImpl (MiniOzoneClusterImpl.java:lambda$waitForClusterToBeReady$0(216)) - Nodes are ready. Got 3 of 3 DN Heartbeats.
2022-12-02 11:13:56,754 [Listener at 127.0.0.1/43097] INFO  ozone.MiniOzoneClusterImpl (MiniOzoneClusterImpl.java:lambda$waitForClusterToBeReady$0(219)) - Waiting for cluster to exit safe mode
2022-12-02 11:13:56,754 [Listener at 127.0.0.1/43097] INFO  ozone.MiniOzoneClusterImpl (MiniOzoneClusterImpl.java:lambda$waitForClusterToBeReady$0(221)) - SCM became leader
2022-12-02 11:13:56,757 [EventQueue-CommandQueueReportForCommandQueueReportHandler] WARN  events.EventQueue (EventQueue.java:fireEvent(216)) - No event handler registered for event TypedEvent{payloadType=DatanodeDetails, name='Datanode_Command_Queue_Updated'}
2022-12-02 11:13:57,754 [Listener at 127.0.0.1/43097] INFO  ozone.MiniOzoneClusterImpl (MiniOzoneClusterImpl.java:lambda$waitForClusterToBeReady$0(216)) - Nodes are ready. Got 3 of 3 DN Heartbeats.
2022-12-02 11:13:57,755 [Listener at 127.0.0.1/43097] INFO  ozone.MiniOzoneClusterImpl (MiniOzoneClusterImpl.java:lambda$waitForClusterToBeReady$0(219)) - Waiting for cluster to exit safe mode
2022-12-02 11:13:57,755 [Listener at 127.0.0.1/43097] INFO  ozone.MiniOzoneClusterImpl (MiniOzoneClusterImpl.java:lambda$waitForClusterToBeReady$0(221)) - SCM became leader
2022-12-02 11:13:58,100 [EventQueue-CommandQueueReportForCommandQueueReportHandler] WARN  events.EventQueue (EventQueue.java:fireEvent(216)) - No event handler registered for event TypedEvent{payloadType=DatanodeDetails, name='Datanode_Command_Queue_Updated'}
2022-12-02 11:13:58,339 [EventQueue-CommandQueueReportForCommandQueueReportHandler] WARN  events.EventQueue (EventQueue.java:fireEvent(216)) - No event handler registered for event TypedEvent{payloadType=DatanodeDetails, name='Datanode_Command_Queue_Updated'}
2022-12-02 11:13:58,755 [Listener at 127.0.0.1/43097] INFO  ozone.MiniOzoneClusterImpl (MiniOzoneClusterImpl.java:lambda$waitForClusterToBeReady$0(216)) - Nodes are ready. Got 3 of 3 DN Heartbeats.
2022-12-02 11:13:58,755 [Listener at 127.0.0.1/43097] INFO  ozone.MiniOzoneClusterImpl (MiniOzoneClusterImpl.java:lambda$waitForClusterToBeReady$0(219)) - Waiting for cluster to exit safe mode
2022-12-02 11:13:58,756 [Listener at 127.0.0.1/43097] INFO  ozone.MiniOzoneClusterImpl (MiniOzoneClusterImpl.java:lambda$waitForClusterToBeReady$0(221)) - SCM became leader
2022-12-02 11:13:58,757 [EventQueue-CommandQueueReportForCommandQueueReportHandler] WARN  events.EventQueue (EventQueue.java:fireEvent(216)) - No event handler registered for event TypedEvent{payloadType=DatanodeDetails, name='Datanode_Command_Queue_Updated'}
2022-12-02 11:13:58,973 [7e2aca8c-5c6e-487b-9a67-6624db7a0d19@group-E292F41035C5-FollowerState] INFO  impl.FollowerState (FollowerState.java:run(143)) - 7e2aca8c-5c6e-487b-9a67-6624db7a0d19@group-E292F41035C5-FollowerState: change to CANDIDATE, lastRpcElapsedTime:5077880994ns, electionTimeout:5076ms
2022-12-02 11:13:58,974 [7e2aca8c-5c6e-487b-9a67-6624db7a0d19@group-E292F41035C5-FollowerState] INFO  impl.RoleInfo (RoleInfo.java:shutdownFollowerState(110)) - 7e2aca8c-5c6e-487b-9a67-6624db7a0d19: shutdown 7e2aca8c-5c6e-487b-9a67-6624db7a0d19@group-E292F41035C5-FollowerState
2022-12-02 11:13:58,974 [7e2aca8c-5c6e-487b-9a67-6624db7a0d19@group-E292F41035C5-FollowerState] INFO  server.RaftServer$Division (RaftServerImpl.java:setRole(321)) - 7e2aca8c-5c6e-487b-9a67-6624db7a0d19@group-E292F41035C5: changes role from  FOLLOWER to CANDIDATE at term 0 for changeToCandidate
2022-12-02 11:13:58,974 [7e2aca8c-5c6e-487b-9a67-6624db7a0d19@group-E292F41035C5-FollowerState] INFO  server.RaftServerConfigKeys (ConfUtils.java:logGet(46)) - raft.server.leaderelection.pre-vote = false (custom)
2022-12-02 11:13:58,974 [7e2aca8c-5c6e-487b-9a67-6624db7a0d19@group-E292F41035C5-FollowerState] INFO  impl.RoleInfo (RoleInfo.java:updateAndGet(139)) - 7e2aca8c-5c6e-487b-9a67-6624db7a0d19: start 7e2aca8c-5c6e-487b-9a67-6624db7a0d19@group-E292F41035C5-LeaderElection22
2022-12-02 11:13:58,978 [7e2aca8c-5c6e-487b-9a67-6624db7a0d19@group-E292F41035C5-LeaderElection22] INFO  impl.LeaderElection (LeaderElection.java:askForVotes(312)) - 7e2aca8c-5c6e-487b-9a67-6624db7a0d19@group-E292F41035C5-LeaderElection22 ELECTION round 0: submit vote requests at term 1 for -1: peers:[7e2aca8c-5c6e-487b-9a67-6624db7a0d19|rpc:10.1.0.7:44557|priority:1|startupRole:FOLLOWER]|listeners:[], old=null
2022-12-02 11:13:58,978 [7e2aca8c-5c6e-487b-9a67-6624db7a0d19@group-E292F41035C5-LeaderElection22] INFO  impl.LeaderElection (LeaderElection.java:askForVotes(314)) - 7e2aca8c-5c6e-487b-9a67-6624db7a0d19@group-E292F41035C5-LeaderElection22 ELECTION round 0: result PASSED (term=1)
2022-12-02 11:13:58,979 [7e2aca8c-5c6e-487b-9a67-6624db7a0d19@group-E292F41035C5-LeaderElection22] INFO  impl.RoleInfo (RoleInfo.java:shutdownLeaderElection(130)) - 7e2aca8c-5c6e-487b-9a67-6624db7a0d19: shutdown 7e2aca8c-5c6e-487b-9a67-6624db7a0d19@group-E292F41035C5-LeaderElection22
2022-12-02 11:13:58,979 [7e2aca8c-5c6e-487b-9a67-6624db7a0d19@group-E292F41035C5-LeaderElection22] INFO  server.RaftServer$Division (RaftServerImpl.java:setRole(321)) - 7e2aca8c-5c6e-487b-9a67-6624db7a0d19@group-E292F41035C5: changes role from CANDIDATE to LEADER at term 1 for changeToLeader
2022-12-02 11:13:58,979 [7e2aca8c-5c6e-487b-9a67-6624db7a0d19@group-E292F41035C5-LeaderElection22] INFO  ratis.XceiverServerRatis (XceiverServerRatis.java:handleLeaderChangedNotification(863)) - Leader change notification received for group: group-E292F41035C5 with new leaderId: 7e2aca8c-5c6e-487b-9a67-6624db7a0d19
2022-12-02 11:13:58,979 [7e2aca8c-5c6e-487b-9a67-6624db7a0d19@group-E292F41035C5-LeaderElection22] INFO  server.RaftServer$Division (ServerState.java:setLeader(313)) - 7e2aca8c-5c6e-487b-9a67-6624db7a0d19@group-E292F41035C5: change Leader from null to 7e2aca8c-5c6e-487b-9a67-6624db7a0d19 at term 1 for becomeLeader, leader elected after 5106ms
2022-12-02 11:13:58,979 [7e2aca8c-5c6e-487b-9a67-6624db7a0d19@group-E292F41035C5-LeaderElection22] INFO  server.RaftServerConfigKeys (ConfUtils.java:logGet(46)) - raft.server.staging.catchup.gap = 1000 (default)
2022-12-02 11:13:58,980 [7e2aca8c-5c6e-487b-9a67-6624db7a0d19@group-E292F41035C5-LeaderElection22] INFO  server.RaftServerConfigKeys (ConfUtils.java:logGet(46)) - raft.server.write.element-limit = 1024 (custom)
2022-12-02 11:13:58,980 [7e2aca8c-5c6e-487b-9a67-6624db7a0d19@group-E292F41035C5-LeaderElection22] INFO  server.RaftServerConfigKeys (ConfUtils.java:logGet(46)) - raft.server.write.byte-limit = 1024 M (=1073741824) (custom)
2022-12-02 11:13:58,980 [7e2aca8c-5c6e-487b-9a67-6624db7a0d19@group-E292F41035C5-LeaderElection22] INFO  server.RaftServerConfigKeys (ConfUtils.java:logGet(46)) - raft.server.watch.timeout = 180s (custom)
2022-12-02 11:13:58,980 [7e2aca8c-5c6e-487b-9a67-6624db7a0d19@group-E292F41035C5-LeaderElection22] INFO  server.RaftServerConfigKeys (ConfUtils.java:logGet(46)) - raft.server.watch.timeout.denomination = 1s (default)
2022-12-02 11:13:58,980 [7e2aca8c-5c6e-487b-9a67-6624db7a0d19@group-E292F41035C5-LeaderElection22] INFO  server.RaftServerConfigKeys (ConfUtils.java:logGet(46)) - raft.server.watch.element-limit = 65536 (default)
2022-12-02 11:13:58,980 [7e2aca8c-5c6e-487b-9a67-6624db7a0d19@group-E292F41035C5-LeaderElection22] INFO  server.RaftServerConfigKeys (ConfUtils.java:logGet(46)) - raft.server.write.element-limit = 1024 (custom)
2022-12-02 11:13:58,981 [7e2aca8c-5c6e-487b-9a67-6624db7a0d19@group-E292F41035C5-LeaderElection22] INFO  server.RaftServerConfigKeys (ConfUtils.java:logGet(46)) - raft.server.write.follower.gap.ratio.max = -1.0 (default)
2022-12-02 11:13:58,981 [7e2aca8c-5c6e-487b-9a67-6624db7a0d19@group-E292F41035C5-LeaderElection22] INFO  impl.RoleInfo (RoleInfo.java:updateAndGet(139)) - 7e2aca8c-5c6e-487b-9a67-6624db7a0d19: start 7e2aca8c-5c6e-487b-9a67-6624db7a0d19@group-E292F41035C5-LeaderStateImpl
2022-12-02 11:13:58,981 [EventQueue-CommandQueueReportForCommandQueueReportHandler] WARN  events.EventQueue (EventQueue.java:fireEvent(216)) - No event handler registered for event TypedEvent{payloadType=DatanodeDetails, name='Datanode_Command_Queue_Updated'}
2022-12-02 11:13:58,981 [7e2aca8c-5c6e-487b-9a67-6624db7a0d19@group-E292F41035C5-LeaderElection22] INFO  segmented.SegmentedRaftLogWorker (SegmentedRaftLogWorker.java:startLogSegment(452)) - 7e2aca8c-5c6e-487b-9a67-6624db7a0d19@group-E292F41035C5-SegmentedRaftLogWorker: Starting segment from index:0
2022-12-02 11:13:58,981 [EventQueue-OpenPipelineForHealthyPipelineSafeModeRule] INFO  safemode.SCMSafeModeManager (HealthyPipelineSafeModeRule.java:process(137)) - SCM in safe mode. Healthy pipelines reported count is 0, required healthy pipeline reported count is 1
2022-12-02 11:13:58,983 [7e2aca8c-5c6e-487b-9a67-6624db7a0d19@group-E292F41035C5-SegmentedRaftLogWorker] INFO  segmented.SegmentedRaftLogWorker (SegmentedRaftLogWorker.java:execute(656)) - 7e2aca8c-5c6e-487b-9a67-6624db7a0d19@group-E292F41035C5-SegmentedRaftLogWorker: created new log segment /home/runner/work/ozone/ozone/hadoop-ozone/integration-test/target/test-dir/MiniOzoneClusterImpl-8660d1ca-628d-42b2-bfba-a0a9046af5ec/datanode-0/data/ratis/32dc6fd4-c02e-413a-8c12-e292f41035c5/current/log_inprogress_0
2022-12-02 11:13:58,983 [7e2aca8c-5c6e-487b-9a67-6624db7a0d19@group-CC7A890D867E-FollowerState] INFO  impl.FollowerState (FollowerState.java:run(143)) - 7e2aca8c-5c6e-487b-9a67-6624db7a0d19@group-CC7A890D867E-FollowerState: change to CANDIDATE, lastRpcElapsedTime:5061266661ns, electionTimeout:5057ms
2022-12-02 11:13:58,984 [7e2aca8c-5c6e-487b-9a67-6624db7a0d19@group-CC7A890D867E-FollowerState] INFO  impl.RoleInfo (RoleInfo.java:shutdownFollowerState(110)) - 7e2aca8c-5c6e-487b-9a67-6624db7a0d19: shutdown 7e2aca8c-5c6e-487b-9a67-6624db7a0d19@group-CC7A890D867E-FollowerState
2022-12-02 11:13:58,984 [7e2aca8c-5c6e-487b-9a67-6624db7a0d19@group-CC7A890D867E-FollowerState] INFO  server.RaftServer$Division (RaftServerImpl.java:setRole(321)) - 7e2aca8c-5c6e-487b-9a67-6624db7a0d19@group-CC7A890D867E: changes role from  FOLLOWER to CANDIDATE at term 0 for changeToCandidate
2022-12-02 11:13:58,984 [7e2aca8c-5c6e-487b-9a67-6624db7a0d19@group-CC7A890D867E-FollowerState] INFO  server.RaftServerConfigKeys (ConfUtils.java:logGet(46)) - raft.server.leaderelection.pre-vote = false (custom)
2022-12-02 11:13:58,984 [7e2aca8c-5c6e-487b-9a67-6624db7a0d19@group-CC7A890D867E-FollowerState] INFO  impl.RoleInfo (RoleInfo.java:updateAndGet(139)) - 7e2aca8c-5c6e-487b-9a67-6624db7a0d19: start 7e2aca8c-5c6e-487b-9a67-6624db7a0d19@group-CC7A890D867E-LeaderElection23
2022-12-02 11:13:58,989 [7e2aca8c-5c6e-487b-9a67-6624db7a0d19@group-E292F41035C5-LeaderElection22] INFO  server.RaftServer$Division (ServerState.java:setRaftConf(430)) - 7e2aca8c-5c6e-487b-9a67-6624db7a0d19@group-E292F41035C5: set configuration 0: peers:[7e2aca8c-5c6e-487b-9a67-6624db7a0d19|rpc:10.1.0.7:44557|dataStream:|priority:1|startupRole:FOLLOWER]|listeners:[], old=null
2022-12-02 11:13:58,991 [7e2aca8c-5c6e-487b-9a67-6624db7a0d19@group-CC7A890D867E-LeaderElection23] INFO  impl.LeaderElection (LeaderElection.java:askForVotes(312)) - 7e2aca8c-5c6e-487b-9a67-6624db7a0d19@group-CC7A890D867E-LeaderElection23 ELECTION round 0: submit vote requests at term 1 for -1: peers:[7e2aca8c-5c6e-487b-9a67-6624db7a0d19|rpc:10.1.0.7:44557|priority:0|startupRole:FOLLOWER, 2ec4b609-823d-4e71-a054-e2ed5db02f38|rpc:10.1.0.7:37481|priority:1|startupRole:FOLLOWER, 670c0782-42b0-403d-9acb-55f21abca380|rpc:10.1.0.7:43611|priority:0|startupRole:FOLLOWER]|listeners:[], old=null
2022-12-02 11:13:58,991 [7e2aca8c-5c6e-487b-9a67-6624db7a0d19@group-CC7A890D867E-LeaderElection23-1] INFO  server.GrpcServerProtocolClient (GrpcServerProtocolClient.java:<init>(63)) - Build channel for 2ec4b609-823d-4e71-a054-e2ed5db02f38
2022-12-02 11:13:58,995 [7e2aca8c-5c6e-487b-9a67-6624db7a0d19@group-CC7A890D867E-LeaderElection23] INFO  server.RaftServerConfigKeys (ConfUtils.java:logFallback(53)) - raft.server.rpc.first-election.timeout.min = 5s (fallback to raft.server.rpc.timeout.min)
2022-12-02 11:13:58,995 [7e2aca8c-5c6e-487b-9a67-6624db7a0d19@group-CC7A890D867E-LeaderElection23] INFO  server.RaftServerConfigKeys (ConfUtils.java:logFallback(53)) - raft.server.rpc.first-election.timeout.max = 5200ms (fallback to raft.server.rpc.timeout.max)
2022-12-02 11:13:58,995 [7e2aca8c-5c6e-487b-9a67-6624db7a0d19@group-CC7A890D867E-LeaderElection23-2] INFO  server.GrpcServerProtocolClient (GrpcServerProtocolClient.java:<init>(63)) - Build channel for 670c0782-42b0-403d-9acb-55f21abca380
2022-12-02 11:13:59,002 [grpc-default-executor-0] INFO  server.RaftServer$Division (RaftServerImpl.java:requestVote(1218)) - 2ec4b609-823d-4e71-a054-e2ed5db02f38@group-CC7A890D867E: receive requestVote(ELECTION, 7e2aca8c-5c6e-487b-9a67-6624db7a0d19, group-CC7A890D867E, 1, (t:0, i:0))
2022-12-02 11:13:59,002 [grpc-default-executor-0] INFO  impl.VoteContext (VoteContext.java:log(49)) - 2ec4b609-823d-4e71-a054-e2ed5db02f38@group-CC7A890D867E-FOLLOWER: reject ELECTION from 7e2aca8c-5c6e-487b-9a67-6624db7a0d19: our priority 1 > candidate's priority 0
2022-12-02 11:13:59,003 [grpc-default-executor-0] INFO  server.RaftServer$Division (RaftServerImpl.java:setRole(321)) - 2ec4b609-823d-4e71-a054-e2ed5db02f38@group-CC7A890D867E: changes role from  FOLLOWER to FOLLOWER at term 1 for candidate:7e2aca8c-5c6e-487b-9a67-6624db7a0d19
2022-12-02 11:13:59,003 [grpc-default-executor-0] INFO  impl.RoleInfo (RoleInfo.java:shutdownFollowerState(110)) - 2ec4b609-823d-4e71-a054-e2ed5db02f38: shutdown 2ec4b609-823d-4e71-a054-e2ed5db02f38@group-CC7A890D867E-FollowerState
2022-12-02 11:13:59,003 [grpc-default-executor-0] INFO  impl.RoleInfo (RoleInfo.java:updateAndGet(139)) - 2ec4b609-823d-4e71-a054-e2ed5db02f38: start 2ec4b609-823d-4e71-a054-e2ed5db02f38@group-CC7A890D867E-FollowerState
2022-12-02 11:13:59,003 [2ec4b609-823d-4e71-a054-e2ed5db02f38@group-CC7A890D867E-FollowerState] INFO  impl.FollowerState (FollowerState.java:run(152)) - 2ec4b609-823d-4e71-a054-e2ed5db02f38@group-CC7A890D867E-FollowerState was interrupted
2022-12-02 11:13:59,020 [2ec4b609-823d-4e71-a054-e2ed5db02f38@group-CC7A890D867E-FollowerState] INFO  server.RaftServerConfigKeys (ConfUtils.java:logFallback(53)) - raft.server.rpc.first-election.timeout.min = 5s (fallback to raft.server.rpc.timeout.min)
2022-12-02 11:13:59,020 [2ec4b609-823d-4e71-a054-e2ed5db02f38@group-CC7A890D867E-FollowerState] INFO  server.RaftServerConfigKeys (ConfUtils.java:logFallback(53)) - raft.server.rpc.first-election.timeout.max = 5200ms (fallback to raft.server.rpc.timeout.max)
2022-12-02 11:13:59,021 [grpc-default-executor-0] INFO  server.RaftServer$Division (RaftServerImpl.java:requestVote(1251)) - 2ec4b609-823d-4e71-a054-e2ed5db02f38@group-CC7A890D867E replies to ELECTION vote request: 7e2aca8c-5c6e-487b-9a67-6624db7a0d19<-2ec4b609-823d-4e71-a054-e2ed5db02f38#0:FAIL-t1. Peer's state: 2ec4b609-823d-4e71-a054-e2ed5db02f38@group-CC7A890D867E:t1, leader=null, voted=null, raftlog=Memoized:2ec4b609-823d-4e71-a054-e2ed5db02f38@group-CC7A890D867E-SegmentedRaftLog:OPENED:c-1, conf=-1: peers:[7e2aca8c-5c6e-487b-9a67-6624db7a0d19|rpc:10.1.0.7:44557|dataStream:|priority:0|startupRole:FOLLOWER, 2ec4b609-823d-4e71-a054-e2ed5db02f38|rpc:10.1.0.7:37481|dataStream:|priority:1|startupRole:FOLLOWER, 670c0782-42b0-403d-9acb-55f21abca380|rpc:10.1.0.7:43611|dataStream:|priority:0|startupRole:FOLLOWER]|listeners:[], old=null
2022-12-02 11:13:59,024 [7e2aca8c-5c6e-487b-9a67-6624db7a0d19@group-CC7A890D867E-LeaderElection23] INFO  impl.LeaderElection (LeaderElection.java:logAndReturn(90)) - 7e2aca8c-5c6e-487b-9a67-6624db7a0d19@group-CC7A890D867E-LeaderElection23: ELECTION REJECTED received 1 response(s) and 0 exception(s):
2022-12-02 11:13:59,024 [7e2aca8c-5c6e-487b-9a67-6624db7a0d19@group-CC7A890D867E-LeaderElection23] INFO  impl.LeaderElection (LeaderElection.java:logAndReturn(94)) -   Response 0: 7e2aca8c-5c6e-487b-9a67-6624db7a0d19<-2ec4b609-823d-4e71-a054-e2ed5db02f38#0:FAIL-t1
2022-12-02 11:13:59,025 [7e2aca8c-5c6e-487b-9a67-6624db7a0d19@group-CC7A890D867E-LeaderElection23] INFO  impl.LeaderElection (LeaderElection.java:askForVotes(314)) - 7e2aca8c-5c6e-487b-9a67-6624db7a0d19@group-CC7A890D867E-LeaderElection23 ELECTION round 0: result REJECTED
2022-12-02 11:13:59,025 [7e2aca8c-5c6e-487b-9a67-6624db7a0d19@group-CC7A890D867E-LeaderElection23] INFO  server.RaftServer$Division (RaftServerImpl.java:setRole(321)) - 7e2aca8c-5c6e-487b-9a67-6624db7a0d19@group-CC7A890D867E: changes role from CANDIDATE to FOLLOWER at term 1 for REJECTED
2022-12-02 11:13:59,025 [7e2aca8c-5c6e-487b-9a67-6624db7a0d19@group-CC7A890D867E-LeaderElection23] INFO  impl.RoleInfo (RoleInfo.java:shutdownLeaderElection(130)) - 7e2aca8c-5c6e-487b-9a67-6624db7a0d19: shutdown 7e2aca8c-5c6e-487b-9a67-6624db7a0d19@group-CC7A890D867E-LeaderElection23
2022-12-02 11:13:59,025 [7e2aca8c-5c6e-487b-9a67-6624db7a0d19@group-CC7A890D867E-LeaderElection23] INFO  impl.RoleInfo (RoleInfo.java:updateAndGet(139)) - 7e2aca8c-5c6e-487b-9a67-6624db7a0d19: start 7e2aca8c-5c6e-487b-9a67-6624db7a0d19@group-CC7A890D867E-FollowerState
2022-12-02 11:13:59,026 [7e2aca8c-5c6e-487b-9a67-6624db7a0d19@group-CC7A890D867E-FollowerState] INFO  server.RaftServerConfigKeys (ConfUtils.java:logFallback(53)) - raft.server.rpc.first-election.timeout.min = 5s (fallback to raft.server.rpc.timeout.min)
2022-12-02 11:13:59,026 [7e2aca8c-5c6e-487b-9a67-6624db7a0d19@group-CC7A890D867E-FollowerState] INFO  server.RaftServerConfigKeys (ConfUtils.java:logFallback(53)) - raft.server.rpc.first-election.timeout.max = 5200ms (fallback to raft.server.rpc.timeout.max)
2022-12-02 11:13:59,031 [grpc-default-executor-0] INFO  server.RaftServer$Division (RaftServerImpl.java:requestVote(1218)) - 670c0782-42b0-403d-9acb-55f21abca380@group-CC7A890D867E: receive requestVote(ELECTION, 7e2aca8c-5c6e-487b-9a67-6624db7a0d19, group-CC7A890D867E, 1, (t:0, i:0))
2022-12-02 11:13:59,031 [grpc-default-executor-0] INFO  impl.VoteContext (VoteContext.java:log(49)) - 670c0782-42b0-403d-9acb-55f21abca380@group-CC7A890D867E-FOLLOWER: accept ELECTION from 7e2aca8c-5c6e-487b-9a67-6624db7a0d19: our priority 0 <= candidate's priority 0
2022-12-02 11:13:59,031 [grpc-default-executor-0] INFO  server.RaftServer$Division (RaftServerImpl.java:setRole(321)) - 670c0782-42b0-403d-9acb-55f21abca380@group-CC7A890D867E: changes role from  FOLLOWER to FOLLOWER at term 1 for candidate:7e2aca8c-5c6e-487b-9a67-6624db7a0d19
2022-12-02 11:13:59,032 [grpc-default-executor-0] INFO  impl.RoleInfo (RoleInfo.java:shutdownFollowerState(110)) - 670c0782-42b0-403d-9acb-55f21abca380: shutdown 670c0782-42b0-403d-9acb-55f21abca380@group-CC7A890D867E-FollowerState
2022-12-02 11:13:59,032 [grpc-default-executor-0] INFO  impl.RoleInfo (RoleInfo.java:updateAndGet(139)) - 670c0782-42b0-403d-9acb-55f21abca380: start 670c0782-42b0-403d-9acb-55f21abca380@group-CC7A890D867E-FollowerState
2022-12-02 11:13:59,032 [670c0782-42b0-403d-9acb-55f21abca380@group-CC7A890D867E-FollowerState] INFO  impl.FollowerState (FollowerState.java:run(152)) - 670c0782-42b0-403d-9acb-55f21abca380@group-CC7A890D867E-FollowerState was interrupted
2022-12-02 11:13:59,035 [670c0782-42b0-403d-9acb-55f21abca380@group-CC7A890D867E-FollowerState] INFO  server.RaftServerConfigKeys (ConfUtils.java:logFallback(53)) - raft.server.rpc.first-election.timeout.min = 5s (fallback to raft.server.rpc.timeout.min)
2022-12-02 11:13:59,035 [grpc-default-executor-0] INFO  server.RaftServer$Division (RaftServerImpl.java:requestVote(1251)) - 670c0782-42b0-403d-9acb-55f21abca380@group-CC7A890D867E replies to ELECTION vote request: 7e2aca8c-5c6e-487b-9a67-6624db7a0d19<-670c0782-42b0-403d-9acb-55f21abca380#0:OK-t1. Peer's state: 670c0782-42b0-403d-9acb-55f21abca380@group-CC7A890D867E:t1, leader=null, voted=7e2aca8c-5c6e-487b-9a67-6624db7a0d19, raftlog=Memoized:670c0782-42b0-403d-9acb-55f21abca380@group-CC7A890D867E-SegmentedRaftLog:OPENED:c-1, conf=-1: peers:[7e2aca8c-5c6e-487b-9a67-6624db7a0d19|rpc:10.1.0.7:44557|dataStream:|priority:0|startupRole:FOLLOWER, 2ec4b609-823d-4e71-a054-e2ed5db02f38|rpc:10.1.0.7:37481|dataStream:|priority:1|startupRole:FOLLOWER, 670c0782-42b0-403d-9acb-55f21abca380|rpc:10.1.0.7:43611|dataStream:|priority:0|startupRole:FOLLOWER]|listeners:[], old=null
2022-12-02 11:13:59,035 [670c0782-42b0-403d-9acb-55f21abca380@group-CC7A890D867E-FollowerState] INFO  server.RaftServerConfigKeys (ConfUtils.java:logFallback(53)) - raft.server.rpc.first-election.timeout.max = 5200ms (fallback to raft.server.rpc.timeout.max)
2022-12-02 11:13:59,251 [670c0782-42b0-403d-9acb-55f21abca380@group-789105272DF3-FollowerState] INFO  impl.FollowerState (FollowerState.java:run(143)) - 670c0782-42b0-403d-9acb-55f21abca380@group-789105272DF3-FollowerState: change to CANDIDATE, lastRpcElapsedTime:5080961343ns, electionTimeout:5071ms
2022-12-02 11:13:59,251 [670c0782-42b0-403d-9acb-55f21abca380@group-789105272DF3-FollowerState] INFO  impl.RoleInfo (RoleInfo.java:shutdownFollowerState(110)) - 670c0782-42b0-403d-9acb-55f21abca380: shutdown 670c0782-42b0-403d-9acb-55f21abca380@group-789105272DF3-FollowerState
2022-12-02 11:13:59,251 [670c0782-42b0-403d-9acb-55f21abca380@group-789105272DF3-FollowerState] INFO  server.RaftServer$Division (RaftServerImpl.java:setRole(321)) - 670c0782-42b0-403d-9acb-55f21abca380@group-789105272DF3: changes role from  FOLLOWER to CANDIDATE at term 0 for changeToCandidate
2022-12-02 11:13:59,252 [670c0782-42b0-403d-9acb-55f21abca380@group-789105272DF3-FollowerState] INFO  server.RaftServerConfigKeys (ConfUtils.java:logGet(46)) - raft.server.leaderelection.pre-vote = false (custom)
2022-12-02 11:13:59,252 [670c0782-42b0-403d-9acb-55f21abca380@group-789105272DF3-FollowerState] INFO  impl.RoleInfo (RoleInfo.java:updateAndGet(139)) - 670c0782-42b0-403d-9acb-55f21abca380: start 670c0782-42b0-403d-9acb-55f21abca380@group-789105272DF3-LeaderElection24
2022-12-02 11:13:59,257 [670c0782-42b0-403d-9acb-55f21abca380@group-789105272DF3-LeaderElection24] INFO  impl.LeaderElection (LeaderElection.java:askForVotes(312)) - 670c0782-42b0-403d-9acb-55f21abca380@group-789105272DF3-LeaderElection24 ELECTION round 0: submit vote requests at term 1 for -1: peers:[7e2aca8c-5c6e-487b-9a67-6624db7a0d19|rpc:10.1.0.7:44557|dataStream:|priority:1|startupRole:FOLLOWER, 2ec4b609-823d-4e71-a054-e2ed5db02f38|rpc:10.1.0.7:37481|dataStream:|priority:0|startupRole:FOLLOWER, 670c0782-42b0-403d-9acb-55f21abca380|rpc:10.1.0.7:43611|dataStream:|priority:0|startupRole:FOLLOWER]|listeners:[], old=null
2022-12-02 11:13:59,257 [670c0782-42b0-403d-9acb-55f21abca380@group-789105272DF3-LeaderElection24-1] INFO  server.GrpcServerProtocolClient (GrpcServerProtocolClient.java:<init>(63)) - Build channel for 7e2aca8c-5c6e-487b-9a67-6624db7a0d19
2022-12-02 11:13:59,257 [670c0782-42b0-403d-9acb-55f21abca380@group-789105272DF3-LeaderElection24] INFO  server.RaftServerConfigKeys (ConfUtils.java:logFallback(53)) - raft.server.rpc.first-election.timeout.min = 5s (fallback to raft.server.rpc.timeout.min)
2022-12-02 11:13:59,258 [670c0782-42b0-403d-9acb-55f21abca380@group-789105272DF3-LeaderElection24] INFO  server.RaftServerConfigKeys (ConfUtils.java:logFallback(53)) - raft.server.rpc.first-election.timeout.max = 5200ms (fallback to raft.server.rpc.timeout.max)
2022-12-02 11:13:59,258 [670c0782-42b0-403d-9acb-55f21abca380@group-789105272DF3-LeaderElection24-2] INFO  server.GrpcServerProtocolClient (GrpcServerProtocolClient.java:<init>(63)) - Build channel for 2ec4b609-823d-4e71-a054-e2ed5db02f38
2022-12-02 11:13:59,270 [grpc-default-executor-0] INFO  server.RaftServer$Division (RaftServerImpl.java:requestVote(1218)) - 2ec4b609-823d-4e71-a054-e2ed5db02f38@group-789105272DF3: receive requestVote(ELECTION, 670c0782-42b0-403d-9acb-55f21abca380, group-789105272DF3, 1, (t:0, i:0))
2022-12-02 11:13:59,270 [grpc-default-executor-0] INFO  impl.VoteContext (VoteContext.java:log(49)) - 2ec4b609-823d-4e71-a054-e2ed5db02f38@group-789105272DF3-FOLLOWER: accept ELECTION from 670c0782-42b0-403d-9acb-55f21abca380: our priority 0 <= candidate's priority 0
2022-12-02 11:13:59,270 [grpc-default-executor-0] INFO  server.RaftServer$Division (RaftServerImpl.java:setRole(321)) - 2ec4b609-823d-4e71-a054-e2ed5db02f38@group-789105272DF3: changes role from  FOLLOWER to FOLLOWER at term 1 for candidate:670c0782-42b0-403d-9acb-55f21abca380
2022-12-02 11:13:59,270 [grpc-default-executor-0] INFO  impl.RoleInfo (RoleInfo.java:shutdownFollowerState(110)) - 2ec4b609-823d-4e71-a054-e2ed5db02f38: shutdown 2ec4b609-823d-4e71-a054-e2ed5db02f38@group-789105272DF3-FollowerState
2022-12-02 11:13:59,270 [grpc-default-executor-0] INFO  impl.RoleInfo (RoleInfo.java:updateAndGet(139)) - 2ec4b609-823d-4e71-a054-e2ed5db02f38: start 2ec4b609-823d-4e71-a054-e2ed5db02f38@group-789105272DF3-FollowerState
2022-12-02 11:13:59,270 [2ec4b609-823d-4e71-a054-e2ed5db02f38@group-789105272DF3-FollowerState] INFO  impl.FollowerState (FollowerState.java:run(152)) - 2ec4b609-823d-4e71-a054-e2ed5db02f38@group-789105272DF3-FollowerState was interrupted
2022-12-02 11:13:59,271 [2ec4b609-823d-4e71-a054-e2ed5db02f38@group-789105272DF3-FollowerState] INFO  server.RaftServerConfigKeys (ConfUtils.java:logFallback(53)) - raft.server.rpc.first-election.timeout.min = 5s (fallback to raft.server.rpc.timeout.min)
2022-12-02 11:13:59,271 [2ec4b609-823d-4e71-a054-e2ed5db02f38@group-789105272DF3-FollowerState] INFO  server.RaftServerConfigKeys (ConfUtils.java:logFallback(53)) - raft.server.rpc.first-election.timeout.max = 5200ms (fallback to raft.server.rpc.timeout.max)
2022-12-02 11:13:59,272 [grpc-default-executor-0] INFO  server.RaftServer$Division (RaftServerImpl.java:requestVote(1251)) - 2ec4b609-823d-4e71-a054-e2ed5db02f38@group-789105272DF3 replies to ELECTION vote request: 670c0782-42b0-403d-9acb-55f21abca380<-2ec4b609-823d-4e71-a054-e2ed5db02f38#0:OK-t1. Peer's state: 2ec4b609-823d-4e71-a054-e2ed5db02f38@group-789105272DF3:t1, leader=null, voted=670c0782-42b0-403d-9acb-55f21abca380, raftlog=Memoized:2ec4b609-823d-4e71-a054-e2ed5db02f38@group-789105272DF3-SegmentedRaftLog:OPENED:c-1, conf=-1: peers:[7e2aca8c-5c6e-487b-9a67-6624db7a0d19|rpc:10.1.0.7:44557|dataStream:|priority:1|startupRole:FOLLOWER, 2ec4b609-823d-4e71-a054-e2ed5db02f38|rpc:10.1.0.7:37481|dataStream:|priority:0|startupRole:FOLLOWER, 670c0782-42b0-403d-9acb-55f21abca380|rpc:10.1.0.7:43611|dataStream:|priority:0|startupRole:FOLLOWER]|listeners:[], old=null
2022-12-02 11:13:59,279 [grpc-default-executor-0] INFO  server.RaftServer$Division (RaftServerImpl.java:requestVote(1218)) - 7e2aca8c-5c6e-487b-9a67-6624db7a0d19@group-789105272DF3: receive requestVote(ELECTION, 670c0782-42b0-403d-9acb-55f21abca380, group-789105272DF3, 1, (t:0, i:0))
2022-12-02 11:13:59,279 [grpc-default-executor-0] INFO  impl.VoteContext (VoteContext.java:log(49)) - 7e2aca8c-5c6e-487b-9a67-6624db7a0d19@group-789105272DF3-FOLLOWER: reject ELECTION from 670c0782-42b0-403d-9acb-55f21abca380: our priority 1 > candidate's priority 0
2022-12-02 11:13:59,279 [grpc-default-executor-0] INFO  server.RaftServer$Division (RaftServerImpl.java:setRole(321)) - 7e2aca8c-5c6e-487b-9a67-6624db7a0d19@group-789105272DF3: changes role from  FOLLOWER to FOLLOWER at term 1 for candidate:670c0782-42b0-403d-9acb-55f21abca380
2022-12-02 11:13:59,279 [grpc-default-executor-0] INFO  impl.RoleInfo (RoleInfo.java:shutdownFollowerState(110)) - 7e2aca8c-5c6e-487b-9a67-6624db7a0d19: shutdown 7e2aca8c-5c6e-487b-9a67-6624db7a0d19@group-789105272DF3-FollowerState
2022-12-02 11:13:59,279 [grpc-default-executor-0] INFO  impl.RoleInfo (RoleInfo.java:updateAndGet(139)) - 7e2aca8c-5c6e-487b-9a67-6624db7a0d19: start 7e2aca8c-5c6e-487b-9a67-6624db7a0d19@group-789105272DF3-FollowerState
2022-12-02 11:13:59,279 [7e2aca8c-5c6e-487b-9a67-6624db7a0d19@group-789105272DF3-FollowerState] INFO  impl.FollowerState (FollowerState.java:run(152)) - 7e2aca8c-5c6e-487b-9a67-6624db7a0d19@group-789105272DF3-FollowerState was interrupted
2022-12-02 11:13:59,291 [grpc-default-executor-0] INFO  server.RaftServer$Division (RaftServerImpl.java:requestVote(1251)) - 7e2aca8c-5c6e-487b-9a67-6624db7a0d19@group-789105272DF3 replies to ELECTION vote request: 670c0782-42b0-403d-9acb-55f21abca380<-7e2aca8c-5c6e-487b-9a67-6624db7a0d19#0:FAIL-t1. Peer's state: 7e2aca8c-5c6e-487b-9a67-6624db7a0d19@group-789105272DF3:t1, leader=null, voted=null, raftlog=Memoized:7e2aca8c-5c6e-487b-9a67-6624db7a0d19@group-789105272DF3-SegmentedRaftLog:OPENED:c-1, conf=-1: peers:[7e2aca8c-5c6e-487b-9a67-6624db7a0d19|rpc:10.1.0.7:44557|priority:1|startupRole:FOLLOWER, 2ec4b609-823d-4e71-a054-e2ed5db02f38|rpc:10.1.0.7:37481|priority:0|startupRole:FOLLOWER, 670c0782-42b0-403d-9acb-55f21abca380|rpc:10.1.0.7:43611|priority:0|startupRole:FOLLOWER]|listeners:[], old=null
2022-12-02 11:13:59,292 [670c0782-42b0-403d-9acb-55f21abca380@group-789105272DF3-LeaderElection24] INFO  impl.LeaderElection (LeaderElection.java:logAndReturn(90)) - 670c0782-42b0-403d-9acb-55f21abca380@group-789105272DF3-LeaderElection24: ELECTION REJECTED received 2 response(s) and 0 exception(s):
2022-12-02 11:13:59,292 [670c0782-42b0-403d-9acb-55f21abca380@group-789105272DF3-LeaderElection24] INFO  impl.LeaderElection (LeaderElection.java:logAndReturn(94)) -   Response 0: 670c0782-42b0-403d-9acb-55f21abca380<-7e2aca8c-5c6e-487b-9a67-6624db7a0d19#0:FAIL-t1
2022-12-02 11:13:59,292 [670c0782-42b0-403d-9acb-55f21abca380@group-789105272DF3-LeaderElection24] INFO  impl.LeaderElection (LeaderElection.java:logAndReturn(94)) -   Response 1: 670c0782-42b0-403d-9acb-55f21abca380<-2ec4b609-823d-4e71-a054-e2ed5db02f38#0:OK-t1
2022-12-02 11:13:59,292 [670c0782-42b0-403d-9acb-55f21abca380@group-789105272DF3-LeaderElection24] INFO  impl.LeaderElection (LeaderElection.java:askForVotes(314)) - 670c0782-42b0-403d-9acb-55f21abca380@group-789105272DF3-LeaderElection24 ELECTION round 0: result REJECTED
2022-12-02 11:13:59,292 [670c0782-42b0-403d-9acb-55f21abca380@group-789105272DF3-LeaderElection24] INFO  server.RaftServer$Division (RaftServerImpl.java:setRole(321)) - 670c0782-42b0-403d-9acb-55f21abca380@group-789105272DF3: changes role from CANDIDATE to FOLLOWER at term 1 for REJECTED
2022-12-02 11:13:59,292 [670c0782-42b0-403d-9acb-55f21abca380@group-789105272DF3-LeaderElection24] INFO  impl.RoleInfo (RoleInfo.java:shutdownLeaderElection(130)) - 670c0782-42b0-403d-9acb-55f21abca380: shutdown 670c0782-42b0-403d-9acb-55f21abca380@group-789105272DF3-LeaderElection24
2022-12-02 11:13:59,292 [670c0782-42b0-403d-9acb-55f21abca380@group-789105272DF3-LeaderElection24] INFO  impl.RoleInfo (RoleInfo.java:updateAndGet(139)) - 670c0782-42b0-403d-9acb-55f21abca380: start 670c0782-42b0-403d-9acb-55f21abca380@group-789105272DF3-FollowerState
2022-12-02 11:13:59,293 [670c0782-42b0-403d-9acb-55f21abca380@group-789105272DF3-FollowerState] INFO  server.RaftServerConfigKeys (ConfUtils.java:logFallback(53)) - raft.server.rpc.first-election.timeout.min = 5s (fallback to raft.server.rpc.timeout.min)
2022-12-02 11:13:59,293 [670c0782-42b0-403d-9acb-55f21abca380@group-789105272DF3-FollowerState] INFO  server.RaftServerConfigKeys (ConfUtils.java:logFallback(53)) - raft.server.rpc.first-election.timeout.max = 5200ms (fallback to raft.server.rpc.timeout.max)
2022-12-02 11:13:59,296 [7e2aca8c-5c6e-487b-9a67-6624db7a0d19@group-789105272DF3-FollowerState] INFO  server.RaftServerConfigKeys (ConfUtils.java:logFallback(53)) - raft.server.rpc.first-election.timeout.min = 5s (fallback to raft.server.rpc.timeout.min)
2022-12-02 11:13:59,296 [7e2aca8c-5c6e-487b-9a67-6624db7a0d19@group-789105272DF3-FollowerState] INFO  server.RaftServerConfigKeys (ConfUtils.java:logFallback(53)) - raft.server.rpc.first-election.timeout.max = 5200ms (fallback to raft.server.rpc.timeout.max)
2022-12-02 11:13:59,526 [670c0782-42b0-403d-9acb-55f21abca380@group-73F48DFDC415-FollowerState] INFO  impl.FollowerState (FollowerState.java:run(143)) - 670c0782-42b0-403d-9acb-55f21abca380@group-73F48DFDC415-FollowerState: change to CANDIDATE, lastRpcElapsedTime:5174266844ns, electionTimeout:5172ms
2022-12-02 11:13:59,526 [670c0782-42b0-403d-9acb-55f21abca380@group-73F48DFDC415-FollowerState] INFO  impl.RoleInfo (RoleInfo.java:shutdownFollowerState(110)) - 670c0782-42b0-403d-9acb-55f21abca380: shutdown 670c0782-42b0-403d-9acb-55f21abca380@group-73F48DFDC415-FollowerState
2022-12-02 11:13:59,527 [670c0782-42b0-403d-9acb-55f21abca380@group-73F48DFDC415-FollowerState] INFO  server.RaftServer$Division (RaftServerImpl.java:setRole(321)) - 670c0782-42b0-403d-9acb-55f21abca380@group-73F48DFDC415: changes role from  FOLLOWER to CANDIDATE at term 0 for changeToCandidate
2022-12-02 11:13:59,527 [670c0782-42b0-403d-9acb-55f21abca380@group-73F48DFDC415-FollowerState] INFO  server.RaftServerConfigKeys (ConfUtils.java:logGet(46)) - raft.server.leaderelection.pre-vote = false (custom)
2022-12-02 11:13:59,527 [670c0782-42b0-403d-9acb-55f21abca380@group-73F48DFDC415-FollowerState] INFO  impl.RoleInfo (RoleInfo.java:updateAndGet(139)) - 670c0782-42b0-403d-9acb-55f21abca380: start 670c0782-42b0-403d-9acb-55f21abca380@group-73F48DFDC415-LeaderElection25
2022-12-02 11:13:59,532 [670c0782-42b0-403d-9acb-55f21abca380@group-73F48DFDC415-LeaderElection25] INFO  impl.LeaderElection (LeaderElection.java:askForVotes(312)) - 670c0782-42b0-403d-9acb-55f21abca380@group-73F48DFDC415-LeaderElection25 ELECTION round 0: submit vote requests at term 1 for -1: peers:[670c0782-42b0-403d-9acb-55f21abca380|rpc:10.1.0.7:43611|priority:1|startupRole:FOLLOWER]|listeners:[], old=null
2022-12-02 11:13:59,533 [670c0782-42b0-403d-9acb-55f21abca380@group-73F48DFDC415-LeaderElection25] INFO  impl.LeaderElection (LeaderElection.java:askForVotes(314)) - 670c0782-42b0-403d-9acb-55f21abca380@group-73F48DFDC415-LeaderElection25 ELECTION round 0: result PASSED (term=1)
2022-12-02 11:13:59,533 [670c0782-42b0-403d-9acb-55f21abca380@group-73F48DFDC415-LeaderElection25] INFO  impl.RoleInfo (RoleInfo.java:shutdownLeaderElection(130)) - 670c0782-42b0-403d-9acb-55f21abca380: shutdown 670c0782-42b0-403d-9acb-55f21abca380@group-73F48DFDC415-LeaderElection25
2022-12-02 11:13:59,533 [670c0782-42b0-403d-9acb-55f21abca380@group-73F48DFDC415-LeaderElection25] INFO  server.RaftServer$Division (RaftServerImpl.java:setRole(321)) - 670c0782-42b0-403d-9acb-55f21abca380@group-73F48DFDC415: changes role from CANDIDATE to LEADER at term 1 for changeToLeader
2022-12-02 11:13:59,533 [670c0782-42b0-403d-9acb-55f21abca380@group-73F48DFDC415-LeaderElection25] INFO  ratis.XceiverServerRatis (XceiverServerRatis.java:handleLeaderChangedNotification(863)) - Leader change notification received for group: group-73F48DFDC415 with new leaderId: 670c0782-42b0-403d-9acb-55f21abca380
2022-12-02 11:13:59,533 [670c0782-42b0-403d-9acb-55f21abca380@group-73F48DFDC415-LeaderElection25] INFO  server.RaftServer$Division (ServerState.java:setLeader(313)) - 670c0782-42b0-403d-9acb-55f21abca380@group-73F48DFDC415: change Leader from null to 670c0782-42b0-403d-9acb-55f21abca380 at term 1 for becomeLeader, leader elected after 5202ms
2022-12-02 11:13:59,534 [670c0782-42b0-403d-9acb-55f21abca380@group-73F48DFDC415-LeaderElection25] INFO  server.RaftServerConfigKeys (ConfUtils.java:logGet(46)) - raft.server.staging.catchup.gap = 1000 (default)
2022-12-02 11:13:59,534 [670c0782-42b0-403d-9acb-55f21abca380@group-73F48DFDC415-LeaderElection25] INFO  server.RaftServerConfigKeys (ConfUtils.java:logGet(46)) - raft.server.write.element-limit = 1024 (custom)
2022-12-02 11:13:59,535 [670c0782-42b0-403d-9acb-55f21abca380@group-73F48DFDC415-LeaderElection25] INFO  server.RaftServerConfigKeys (ConfUtils.java:logGet(46)) - raft.server.write.byte-limit = 1024 M (=1073741824) (custom)
2022-12-02 11:13:59,535 [EventQueue-CommandQueueReportForCommandQueueReportHandler] WARN  events.EventQueue (EventQueue.java:fireEvent(216)) - No event handler registered for event TypedEvent{payloadType=DatanodeDetails, name='Datanode_Command_Queue_Updated'}
2022-12-02 11:13:59,535 [670c0782-42b0-403d-9acb-55f21abca380@group-73F48DFDC415-LeaderElection25] INFO  server.RaftServerConfigKeys (ConfUtils.java:logGet(46)) - raft.server.watch.timeout = 180s (custom)
2022-12-02 11:13:59,535 [670c0782-42b0-403d-9acb-55f21abca380@group-73F48DFDC415-LeaderElection25] INFO  server.RaftServerConfigKeys (ConfUtils.java:logGet(46)) - raft.server.watch.timeout.denomination = 1s (default)
2022-12-02 11:13:59,535 [670c0782-42b0-403d-9acb-55f21abca380@group-73F48DFDC415-LeaderElection25] INFO  server.RaftServerConfigKeys (ConfUtils.java:logGet(46)) - raft.server.watch.element-limit = 65536 (default)
2022-12-02 11:13:59,535 [EventQueue-OpenPipelineForHealthyPipelineSafeModeRule] INFO  safemode.SCMSafeModeManager (HealthyPipelineSafeModeRule.java:process(137)) - SCM in safe mode. Healthy pipelines reported count is 0, required healthy pipeline reported count is 1
2022-12-02 11:13:59,536 [670c0782-42b0-403d-9acb-55f21abca380@group-73F48DFDC415-LeaderElection25] INFO  server.RaftServerConfigKeys (ConfUtils.java:logGet(46)) - raft.server.write.element-limit = 1024 (custom)
2022-12-02 11:13:59,536 [670c0782-42b0-403d-9acb-55f21abca380@group-73F48DFDC415-LeaderElection25] INFO  server.RaftServerConfigKeys (ConfUtils.java:logGet(46)) - raft.server.write.follower.gap.ratio.max = -1.0 (default)
2022-12-02 11:13:59,536 [670c0782-42b0-403d-9acb-55f21abca380@group-73F48DFDC415-LeaderElection25] INFO  impl.RoleInfo (RoleInfo.java:updateAndGet(139)) - 670c0782-42b0-403d-9acb-55f21abca380: start 670c0782-42b0-403d-9acb-55f21abca380@group-73F48DFDC415-LeaderStateImpl
2022-12-02 11:13:59,536 [670c0782-42b0-403d-9acb-55f21abca380@group-73F48DFDC415-LeaderElection25] INFO  segmented.SegmentedRaftLogWorker (SegmentedRaftLogWorker.java:startLogSegment(452)) - 670c0782-42b0-403d-9acb-55f21abca380@group-73F48DFDC415-SegmentedRaftLogWorker: Starting segment from index:0
2022-12-02 11:13:59,543 [670c0782-42b0-403d-9acb-55f21abca380@group-73F48DFDC415-LeaderElection25] INFO  server.RaftServer$Division (ServerState.java:setRaftConf(430)) - 670c0782-42b0-403d-9acb-55f21abca380@group-73F48DFDC415: set configuration 0: peers:[670c0782-42b0-403d-9acb-55f21abca380|rpc:10.1.0.7:43611|dataStream:|priority:1|startupRole:FOLLOWER]|listeners:[], old=null
2022-12-02 11:13:59,547 [670c0782-42b0-403d-9acb-55f21abca380@group-73F48DFDC415-SegmentedRaftLogWorker] INFO  segmented.SegmentedRaftLogWorker (SegmentedRaftLogWorker.java:execute(656)) - 670c0782-42b0-403d-9acb-55f21abca380@group-73F48DFDC415-SegmentedRaftLogWorker: created new log segment /home/runner/work/ozone/ozone/hadoop-ozone/integration-test/target/test-dir/MiniOzoneClusterImpl-8660d1ca-628d-42b2-bfba-a0a9046af5ec/datanode-1/data/ratis/36c0531f-7b6d-43cd-9f20-73f48dfdc415/current/log_inprogress_0
2022-12-02 11:13:59,756 [Listener at 127.0.0.1/43097] INFO  ozone.MiniOzoneClusterImpl (MiniOzoneClusterImpl.java:lambda$waitForClusterToBeReady$0(216)) - Nodes are ready. Got 3 of 3 DN Heartbeats.
2022-12-02 11:13:59,756 [Listener at 127.0.0.1/43097] INFO  ozone.MiniOzoneClusterImpl (MiniOzoneClusterImpl.java:lambda$waitForClusterToBeReady$0(219)) - Waiting for cluster to exit safe mode
2022-12-02 11:13:59,757 [Listener at 127.0.0.1/43097] INFO  ozone.MiniOzoneClusterImpl (MiniOzoneClusterImpl.java:lambda$waitForClusterToBeReady$0(221)) - SCM became leader
2022-12-02 11:13:59,860 [2ec4b609-823d-4e71-a054-e2ed5db02f38@group-E629549C3E12-FollowerState] INFO  impl.FollowerState (FollowerState.java:run(143)) - 2ec4b609-823d-4e71-a054-e2ed5db02f38@group-E629549C3E12-FollowerState: change to CANDIDATE, lastRpcElapsedTime:5091238975ns, electionTimeout:5090ms
2022-12-02 11:13:59,860 [2ec4b609-823d-4e71-a054-e2ed5db02f38@group-E629549C3E12-FollowerState] INFO  impl.RoleInfo (RoleInfo.java:shutdownFollowerState(110)) - 2ec4b609-823d-4e71-a054-e2ed5db02f38: shutdown 2ec4b609-823d-4e71-a054-e2ed5db02f38@group-E629549C3E12-FollowerState
2022-12-02 11:13:59,860 [2ec4b609-823d-4e71-a054-e2ed5db02f38@group-E629549C3E12-FollowerState] INFO  server.RaftServer$Division (RaftServerImpl.java:setRole(321)) - 2ec4b609-823d-4e71-a054-e2ed5db02f38@group-E629549C3E12: changes role from  FOLLOWER to CANDIDATE at term 0 for changeToCandidate
2022-12-02 11:13:59,861 [2ec4b609-823d-4e71-a054-e2ed5db02f38@group-E629549C3E12-FollowerState] INFO  server.RaftServerConfigKeys (ConfUtils.java:logGet(46)) - raft.server.leaderelection.pre-vote = false (custom)
2022-12-02 11:13:59,861 [2ec4b609-823d-4e71-a054-e2ed5db02f38@group-E629549C3E12-FollowerState] INFO  impl.RoleInfo (RoleInfo.java:updateAndGet(139)) - 2ec4b609-823d-4e71-a054-e2ed5db02f38: start 2ec4b609-823d-4e71-a054-e2ed5db02f38@group-E629549C3E12-LeaderElection26
2022-12-02 11:13:59,864 [2ec4b609-823d-4e71-a054-e2ed5db02f38@group-E629549C3E12-LeaderElection26] INFO  impl.LeaderElection (LeaderElection.java:askForVotes(312)) - 2ec4b609-823d-4e71-a054-e2ed5db02f38@group-E629549C3E12-LeaderElection26 ELECTION round 0: submit vote requests at term 1 for -1: peers:[2ec4b609-823d-4e71-a054-e2ed5db02f38|rpc:10.1.0.7:37481|priority:1|startupRole:FOLLOWER]|listeners:[], old=null
2022-12-02 11:13:59,864 [2ec4b609-823d-4e71-a054-e2ed5db02f38@group-E629549C3E12-LeaderElection26] INFO  impl.LeaderElection (LeaderElection.java:askForVotes(314)) - 2ec4b609-823d-4e71-a054-e2ed5db02f38@group-E629549C3E12-LeaderElection26 ELECTION round 0: result PASSED (term=1)
2022-12-02 11:13:59,864 [2ec4b609-823d-4e71-a054-e2ed5db02f38@group-E629549C3E12-LeaderElection26] INFO  impl.RoleInfo (RoleInfo.java:shutdownLeaderElection(130)) - 2ec4b609-823d-4e71-a054-e2ed5db02f38: shutdown 2ec4b609-823d-4e71-a054-e2ed5db02f38@group-E629549C3E12-LeaderElection26
2022-12-02 11:13:59,864 [2ec4b609-823d-4e71-a054-e2ed5db02f38@group-E629549C3E12-LeaderElection26] INFO  server.RaftServer$Division (RaftServerImpl.java:setRole(321)) - 2ec4b609-823d-4e71-a054-e2ed5db02f38@group-E629549C3E12: changes role from CANDIDATE to LEADER at term 1 for changeToLeader
2022-12-02 11:13:59,864 [2ec4b609-823d-4e71-a054-e2ed5db02f38@group-E629549C3E12-LeaderElection26] INFO  ratis.XceiverServerRatis (XceiverServerRatis.java:handleLeaderChangedNotification(863)) - Leader change notification received for group: group-E629549C3E12 with new leaderId: 2ec4b609-823d-4e71-a054-e2ed5db02f38
2022-12-02 11:13:59,865 [2ec4b609-823d-4e71-a054-e2ed5db02f38@group-E629549C3E12-LeaderElection26] INFO  server.RaftServer$Division (ServerState.java:setLeader(313)) - 2ec4b609-823d-4e71-a054-e2ed5db02f38@group-E629549C3E12: change Leader from null to 2ec4b609-823d-4e71-a054-e2ed5db02f38 at term 1 for becomeLeader, leader elected after 5121ms
2022-12-02 11:13:59,865 [2ec4b609-823d-4e71-a054-e2ed5db02f38@group-E629549C3E12-LeaderElection26] INFO  server.RaftServerConfigKeys (ConfUtils.java:logGet(46)) - raft.server.staging.catchup.gap = 1000 (default)
2022-12-02 11:13:59,865 [2ec4b609-823d-4e71-a054-e2ed5db02f38@group-E629549C3E12-LeaderElection26] INFO  server.RaftServerConfigKeys (ConfUtils.java:logGet(46)) - raft.server.write.element-limit = 1024 (custom)
2022-12-02 11:13:59,865 [2ec4b609-823d-4e71-a054-e2ed5db02f38@group-E629549C3E12-LeaderElection26] INFO  server.RaftServerConfigKeys (ConfUtils.java:logGet(46)) - raft.server.write.byte-limit = 1024 M (=1073741824) (custom)
2022-12-02 11:13:59,866 [2ec4b609-823d-4e71-a054-e2ed5db02f38@group-E629549C3E12-LeaderElection26] INFO  server.RaftServerConfigKeys (ConfUtils.java:logGet(46)) - raft.server.watch.timeout = 180s (custom)
2022-12-02 11:13:59,866 [2ec4b609-823d-4e71-a054-e2ed5db02f38@group-E629549C3E12-LeaderElection26] INFO  server.RaftServerConfigKeys (ConfUtils.java:logGet(46)) - raft.server.watch.timeout.denomination = 1s (default)
2022-12-02 11:13:59,867 [EventQueue-OpenPipelineForHealthyPipelineSafeModeRule] INFO  safemode.SCMSafeModeManager (HealthyPipelineSafeModeRule.java:process(137)) - SCM in safe mode. Healthy pipelines reported count is 0, required healthy pipeline reported count is 1
2022-12-02 11:13:59,867 [EventQueue-CommandQueueReportForCommandQueueReportHandler] WARN  events.EventQueue (EventQueue.java:fireEvent(216)) - No event handler registered for event TypedEvent{payloadType=DatanodeDetails, name='Datanode_Command_Queue_Updated'}
2022-12-02 11:13:59,867 [2ec4b609-823d-4e71-a054-e2ed5db02f38@group-E629549C3E12-LeaderElection26] INFO  server.RaftServerConfigKeys (ConfUtils.java:logGet(46)) - raft.server.watch.element-limit = 65536 (default)
2022-12-02 11:13:59,867 [2ec4b609-823d-4e71-a054-e2ed5db02f38@group-E629549C3E12-LeaderElection26] INFO  server.RaftServerConfigKeys (ConfUtils.java:logGet(46)) - raft.server.write.element-limit = 1024 (custom)
2022-12-02 11:13:59,867 [2ec4b609-823d-4e71-a054-e2ed5db02f38@group-E629549C3E12-LeaderElection26] INFO  server.RaftServerConfigKeys (ConfUtils.java:logGet(46)) - raft.server.write.follower.gap.ratio.max = -1.0 (default)
2022-12-02 11:13:59,868 [2ec4b609-823d-4e71-a054-e2ed5db02f38@group-E629549C3E12-LeaderElection26] INFO  impl.RoleInfo (RoleInfo.java:updateAndGet(139)) - 2ec4b609-823d-4e71-a054-e2ed5db02f38: start 2ec4b609-823d-4e71-a054-e2ed5db02f38@group-E629549C3E12-LeaderStateImpl
2022-12-02 11:13:59,868 [2ec4b609-823d-4e71-a054-e2ed5db02f38@group-E629549C3E12-LeaderElection26] INFO  segmented.SegmentedRaftLogWorker (SegmentedRaftLogWorker.java:startLogSegment(452)) - 2ec4b609-823d-4e71-a054-e2ed5db02f38@group-E629549C3E12-SegmentedRaftLogWorker: Starting segment from index:0
2022-12-02 11:13:59,869 [2ec4b609-823d-4e71-a054-e2ed5db02f38@group-E629549C3E12-LeaderElection26] INFO  server.RaftServer$Division (ServerState.java:setRaftConf(430)) - 2ec4b609-823d-4e71-a054-e2ed5db02f38@group-E629549C3E12: set configuration 0: peers:[2ec4b609-823d-4e71-a054-e2ed5db02f38|rpc:10.1.0.7:37481|dataStream:|priority:1|startupRole:FOLLOWER]|listeners:[], old=null
2022-12-02 11:13:59,869 [2ec4b609-823d-4e71-a054-e2ed5db02f38@group-E629549C3E12-SegmentedRaftLogWorker] INFO  segmented.SegmentedRaftLogWorker (SegmentedRaftLogWorker.java:execute(656)) - 2ec4b609-823d-4e71-a054-e2ed5db02f38@group-E629549C3E12-SegmentedRaftLogWorker: created new log segment /home/runner/work/ozone/ozone/hadoop-ozone/integration-test/target/test-dir/MiniOzoneClusterImpl-8660d1ca-628d-42b2-bfba-a0a9046af5ec/datanode-2/data/ratis/985de3b7-49ad-4775-b0bd-e629549c3e12/current/log_inprogress_0
2022-12-02 11:14:00,757 [Listener at 127.0.0.1/43097] INFO  ozone.MiniOzoneClusterImpl (MiniOzoneClusterImpl.java:lambda$waitForClusterToBeReady$0(216)) - Nodes are ready. Got 3 of 3 DN Heartbeats.
2022-12-02 11:14:00,757 [Listener at 127.0.0.1/43097] INFO  ozone.MiniOzoneClusterImpl (MiniOzoneClusterImpl.java:lambda$waitForClusterToBeReady$0(219)) - Waiting for cluster to exit safe mode
2022-12-02 11:14:00,757 [Listener at 127.0.0.1/43097] INFO  ozone.MiniOzoneClusterImpl (MiniOzoneClusterImpl.java:lambda$waitForClusterToBeReady$0(221)) - SCM became leader
2022-12-02 11:14:00,981 [EventQueue-CommandQueueReportForCommandQueueReportHandler] WARN  events.EventQueue (EventQueue.java:fireEvent(216)) - No event handler registered for event TypedEvent{payloadType=DatanodeDetails, name='Datanode_Command_Queue_Updated'}
2022-12-02 11:14:01,535 [EventQueue-CommandQueueReportForCommandQueueReportHandler] WARN  events.EventQueue (EventQueue.java:fireEvent(216)) - No event handler registered for event TypedEvent{payloadType=DatanodeDetails, name='Datanode_Command_Queue_Updated'}
2022-12-02 11:14:01,758 [Listener at 127.0.0.1/43097] INFO  ozone.MiniOzoneClusterImpl (MiniOzoneClusterImpl.java:lambda$waitForClusterToBeReady$0(216)) - Nodes are ready. Got 3 of 3 DN Heartbeats.
2022-12-02 11:14:01,758 [Listener at 127.0.0.1/43097] INFO  ozone.MiniOzoneClusterImpl (MiniOzoneClusterImpl.java:lambda$waitForClusterToBeReady$0(219)) - Waiting for cluster to exit safe mode
2022-12-02 11:14:01,758 [Listener at 127.0.0.1/43097] INFO  ozone.MiniOzoneClusterImpl (MiniOzoneClusterImpl.java:lambda$waitForClusterToBeReady$0(221)) - SCM became leader
2022-12-02 11:14:01,866 [EventQueue-CommandQueueReportForCommandQueueReportHandler] WARN  events.EventQueue (EventQueue.java:fireEvent(216)) - No event handler registered for event TypedEvent{payloadType=DatanodeDetails, name='Datanode_Command_Queue_Updated'}
2022-12-02 11:14:02,758 [Listener at 127.0.0.1/43097] INFO  ozone.MiniOzoneClusterImpl (MiniOzoneClusterImpl.java:lambda$waitForClusterToBeReady$0(216)) - Nodes are ready. Got 3 of 3 DN Heartbeats.
2022-12-02 11:14:02,759 [Listener at 127.0.0.1/43097] INFO  ozone.MiniOzoneClusterImpl (MiniOzoneClusterImpl.java:lambda$waitForClusterToBeReady$0(219)) - Waiting for cluster to exit safe mode
2022-12-02 11:14:02,759 [Listener at 127.0.0.1/43097] INFO  ozone.MiniOzoneClusterImpl (MiniOzoneClusterImpl.java:lambda$waitForClusterToBeReady$0(221)) - SCM became leader
2022-12-02 11:14:02,980 [EventQueue-CommandQueueReportForCommandQueueReportHandler] WARN  events.EventQueue (EventQueue.java:fireEvent(216)) - No event handler registered for event TypedEvent{payloadType=DatanodeDetails, name='Datanode_Command_Queue_Updated'}
2022-12-02 11:14:03,536 [EventQueue-CommandQueueReportForCommandQueueReportHandler] WARN  events.EventQueue (EventQueue.java:fireEvent(216)) - No event handler registered for event TypedEvent{payloadType=DatanodeDetails, name='Datanode_Command_Queue_Updated'}
2022-12-02 11:14:03,759 [Listener at 127.0.0.1/43097] INFO  ozone.MiniOzoneClusterImpl (MiniOzoneClusterImpl.java:lambda$waitForClusterToBeReady$0(216)) - Nodes are ready. Got 3 of 3 DN Heartbeats.
2022-12-02 11:14:03,760 [Listener at 127.0.0.1/43097] INFO  ozone.MiniOzoneClusterImpl (MiniOzoneClusterImpl.java:lambda$waitForClusterToBeReady$0(219)) - Waiting for cluster to exit safe mode
2022-12-02 11:14:03,760 [Listener at 127.0.0.1/43097] INFO  ozone.MiniOzoneClusterImpl (MiniOzoneClusterImpl.java:lambda$waitForClusterToBeReady$0(221)) - SCM became leader
2022-12-02 11:14:03,867 [EventQueue-CommandQueueReportForCommandQueueReportHandler] WARN  events.EventQueue (EventQueue.java:fireEvent(216)) - No event handler registered for event TypedEvent{payloadType=DatanodeDetails, name='Datanode_Command_Queue_Updated'}
2022-12-02 11:14:04,070 [670c0782-42b0-403d-9acb-55f21abca380@group-CC7A890D867E-FollowerState] INFO  impl.FollowerState (FollowerState.java:run(143)) - 670c0782-42b0-403d-9acb-55f21abca380@group-CC7A890D867E-FollowerState: change to CANDIDATE, lastRpcElapsedTime:5035394965ns, electionTimeout:5034ms
2022-12-02 11:14:04,070 [670c0782-42b0-403d-9acb-55f21abca380@group-CC7A890D867E-FollowerState] INFO  impl.RoleInfo (RoleInfo.java:shutdownFollowerState(110)) - 670c0782-42b0-403d-9acb-55f21abca380: shutdown 670c0782-42b0-403d-9acb-55f21abca380@group-CC7A890D867E-FollowerState
2022-12-02 11:14:04,070 [670c0782-42b0-403d-9acb-55f21abca380@group-CC7A890D867E-FollowerState] INFO  server.RaftServer$Division (RaftServerImpl.java:setRole(321)) - 670c0782-42b0-403d-9acb-55f21abca380@group-CC7A890D867E: changes role from  FOLLOWER to CANDIDATE at term 1 for changeToCandidate
2022-12-02 11:14:04,070 [670c0782-42b0-403d-9acb-55f21abca380@group-CC7A890D867E-FollowerState] INFO  server.RaftServerConfigKeys (ConfUtils.java:logGet(46)) - raft.server.leaderelection.pre-vote = false (custom)
2022-12-02 11:14:04,071 [670c0782-42b0-403d-9acb-55f21abca380@group-CC7A890D867E-FollowerState] INFO  impl.RoleInfo (RoleInfo.java:updateAndGet(139)) - 670c0782-42b0-403d-9acb-55f21abca380: start 670c0782-42b0-403d-9acb-55f21abca380@group-CC7A890D867E-LeaderElection27
2022-12-02 11:14:04,074 [670c0782-42b0-403d-9acb-55f21abca380@group-CC7A890D867E-LeaderElection27] INFO  impl.LeaderElection (LeaderElection.java:askForVotes(312)) - 670c0782-42b0-403d-9acb-55f21abca380@group-CC7A890D867E-LeaderElection27 ELECTION round 0: submit vote requests at term 2 for -1: peers:[7e2aca8c-5c6e-487b-9a67-6624db7a0d19|rpc:10.1.0.7:44557|dataStream:|priority:0|startupRole:FOLLOWER, 2ec4b609-823d-4e71-a054-e2ed5db02f38|rpc:10.1.0.7:37481|dataStream:|priority:1|startupRole:FOLLOWER, 670c0782-42b0-403d-9acb-55f21abca380|rpc:10.1.0.7:43611|dataStream:|priority:0|startupRole:FOLLOWER]|listeners:[], old=null
2022-12-02 11:14:04,074 [670c0782-42b0-403d-9acb-55f21abca380@group-CC7A890D867E-LeaderElection27] INFO  server.RaftServerConfigKeys (ConfUtils.java:logFallback(53)) - raft.server.rpc.first-election.timeout.min = 5s (fallback to raft.server.rpc.timeout.min)
2022-12-02 11:14:04,074 [670c0782-42b0-403d-9acb-55f21abca380@group-CC7A890D867E-LeaderElection27] INFO  server.RaftServerConfigKeys (ConfUtils.java:logFallback(53)) - raft.server.rpc.first-election.timeout.max = 5200ms (fallback to raft.server.rpc.timeout.max)
2022-12-02 11:14:04,078 [grpc-default-executor-0] INFO  server.RaftServer$Division (RaftServerImpl.java:requestVote(1218)) - 2ec4b609-823d-4e71-a054-e2ed5db02f38@group-CC7A890D867E: receive requestVote(ELECTION, 670c0782-42b0-403d-9acb-55f21abca380, group-CC7A890D867E, 2, (t:0, i:0))
2022-12-02 11:14:04,078 [grpc-default-executor-0] INFO  impl.VoteContext (VoteContext.java:log(49)) - 2ec4b609-823d-4e71-a054-e2ed5db02f38@group-CC7A890D867E-FOLLOWER: reject ELECTION from 670c0782-42b0-403d-9acb-55f21abca380: our priority 1 > candidate's priority 0
2022-12-02 11:14:04,078 [grpc-default-executor-0] INFO  server.RaftServer$Division (RaftServerImpl.java:setRole(321)) - 2ec4b609-823d-4e71-a054-e2ed5db02f38@group-CC7A890D867E: changes role from  FOLLOWER to FOLLOWER at term 2 for candidate:670c0782-42b0-403d-9acb-55f21abca380
2022-12-02 11:14:04,078 [grpc-default-executor-0] INFO  impl.RoleInfo (RoleInfo.java:shutdownFollowerState(110)) - 2ec4b609-823d-4e71-a054-e2ed5db02f38: shutdown 2ec4b609-823d-4e71-a054-e2ed5db02f38@group-CC7A890D867E-FollowerState
2022-12-02 11:14:04,078 [grpc-default-executor-0] INFO  impl.RoleInfo (RoleInfo.java:updateAndGet(139)) - 2ec4b609-823d-4e71-a054-e2ed5db02f38: start 2ec4b609-823d-4e71-a054-e2ed5db02f38@group-CC7A890D867E-FollowerState
2022-12-02 11:14:04,079 [2ec4b609-823d-4e71-a054-e2ed5db02f38@group-CC7A890D867E-FollowerState] INFO  impl.FollowerState (FollowerState.java:run(152)) - 2ec4b609-823d-4e71-a054-e2ed5db02f38@group-CC7A890D867E-FollowerState was interrupted
2022-12-02 11:14:04,080 [2ec4b609-823d-4e71-a054-e2ed5db02f38@group-CC7A890D867E-FollowerState] INFO  server.RaftServerConfigKeys (ConfUtils.java:logFallback(53)) - raft.server.rpc.first-election.timeout.min = 5s (fallback to raft.server.rpc.timeout.min)
2022-12-02 11:14:04,080 [grpc-default-executor-0] INFO  server.RaftServer$Division (RaftServerImpl.java:requestVote(1251)) - 2ec4b609-823d-4e71-a054-e2ed5db02f38@group-CC7A890D867E replies to ELECTION vote request: 670c0782-42b0-403d-9acb-55f21abca380<-2ec4b609-823d-4e71-a054-e2ed5db02f38#0:FAIL-t2. Peer's state: 2ec4b609-823d-4e71-a054-e2ed5db02f38@group-CC7A890D867E:t2, leader=null, voted=null, raftlog=Memoized:2ec4b609-823d-4e71-a054-e2ed5db02f38@group-CC7A890D867E-SegmentedRaftLog:OPENED:c-1, conf=-1: peers:[7e2aca8c-5c6e-487b-9a67-6624db7a0d19|rpc:10.1.0.7:44557|dataStream:|priority:0|startupRole:FOLLOWER, 2ec4b609-823d-4e71-a054-e2ed5db02f38|rpc:10.1.0.7:37481|dataStream:|priority:1|startupRole:FOLLOWER, 670c0782-42b0-403d-9acb-55f21abca380|rpc:10.1.0.7:43611|dataStream:|priority:0|startupRole:FOLLOWER]|listeners:[], old=null
2022-12-02 11:14:04,080 [2ec4b609-823d-4e71-a054-e2ed5db02f38@group-CC7A890D867E-FollowerState] INFO  server.RaftServerConfigKeys (ConfUtils.java:logFallback(53)) - raft.server.rpc.first-election.timeout.max = 5200ms (fallback to raft.server.rpc.timeout.max)
2022-12-02 11:14:04,089 [670c0782-42b0-403d-9acb-55f21abca380@group-CC7A890D867E-LeaderElection27] INFO  impl.LeaderElection (LeaderElection.java:logAndReturn(90)) - 670c0782-42b0-403d-9acb-55f21abca380@group-CC7A890D867E-LeaderElection27: ELECTION REJECTED received 1 response(s) and 0 exception(s):
2022-12-02 11:14:04,089 [670c0782-42b0-403d-9acb-55f21abca380@group-CC7A890D867E-LeaderElection27] INFO  impl.LeaderElection (LeaderElection.java:logAndReturn(94)) -   Response 0: 670c0782-42b0-403d-9acb-55f21abca380<-2ec4b609-823d-4e71-a054-e2ed5db02f38#0:FAIL-t2
2022-12-02 11:14:04,089 [670c0782-42b0-403d-9acb-55f21abca380@group-CC7A890D867E-LeaderElection27] INFO  impl.LeaderElection (LeaderElection.java:askForVotes(314)) - 670c0782-42b0-403d-9acb-55f21abca380@group-CC7A890D867E-LeaderElection27 ELECTION round 0: result REJECTED
2022-12-02 11:14:04,089 [670c0782-42b0-403d-9acb-55f21abca380@group-CC7A890D867E-LeaderElection27] INFO  server.RaftServer$Division (RaftServerImpl.java:setRole(321)) - 670c0782-42b0-403d-9acb-55f21abca380@group-CC7A890D867E: changes role from CANDIDATE to FOLLOWER at term 2 for REJECTED
2022-12-02 11:14:04,089 [670c0782-42b0-403d-9acb-55f21abca380@group-CC7A890D867E-LeaderElection27] INFO  impl.RoleInfo (RoleInfo.java:shutdownLeaderElection(130)) - 670c0782-42b0-403d-9acb-55f21abca380: shutdown 670c0782-42b0-403d-9acb-55f21abca380@group-CC7A890D867E-LeaderElection27
2022-12-02 11:14:04,089 [670c0782-42b0-403d-9acb-55f21abca380@group-CC7A890D867E-LeaderElection27] INFO  impl.RoleInfo (RoleInfo.java:updateAndGet(139)) - 670c0782-42b0-403d-9acb-55f21abca380: start 670c0782-42b0-403d-9acb-55f21abca380@group-CC7A890D867E-FollowerState
2022-12-02 11:14:04,092 [grpc-default-executor-1] INFO  server.RaftServer$Division (RaftServerImpl.java:requestVote(1218)) - 7e2aca8c-5c6e-487b-9a67-6624db7a0d19@group-CC7A890D867E: receive requestVote(ELECTION, 670c0782-42b0-403d-9acb-55f21abca380, group-CC7A890D867E, 2, (t:0, i:0))
2022-12-02 11:14:04,092 [grpc-default-executor-1] INFO  impl.VoteContext (VoteContext.java:log(49)) - 7e2aca8c-5c6e-487b-9a67-6624db7a0d19@group-CC7A890D867E-FOLLOWER: accept ELECTION from 670c0782-42b0-403d-9acb-55f21abca380: our priority 0 <= candidate's priority 0
2022-12-02 11:14:04,092 [grpc-default-executor-1] INFO  server.RaftServer$Division (RaftServerImpl.java:setRole(321)) - 7e2aca8c-5c6e-487b-9a67-6624db7a0d19@group-CC7A890D867E: changes role from  FOLLOWER to FOLLOWER at term 2 for candidate:670c0782-42b0-403d-9acb-55f21abca380
2022-12-02 11:14:04,092 [grpc-default-executor-1] INFO  impl.RoleInfo (RoleInfo.java:shutdownFollowerState(110)) - 7e2aca8c-5c6e-487b-9a67-6624db7a0d19: shutdown 7e2aca8c-5c6e-487b-9a67-6624db7a0d19@group-CC7A890D867E-FollowerState
2022-12-02 11:14:04,092 [7e2aca8c-5c6e-487b-9a67-6624db7a0d19@group-CC7A890D867E-FollowerState] INFO  impl.FollowerState (FollowerState.java:run(152)) - 7e2aca8c-5c6e-487b-9a67-6624db7a0d19@group-CC7A890D867E-FollowerState was interrupted
2022-12-02 11:14:04,092 [grpc-default-executor-1] INFO  impl.RoleInfo (RoleInfo.java:updateAndGet(139)) - 7e2aca8c-5c6e-487b-9a67-6624db7a0d19: start 7e2aca8c-5c6e-487b-9a67-6624db7a0d19@group-CC7A890D867E-FollowerState
2022-12-02 11:14:04,095 [670c0782-42b0-403d-9acb-55f21abca380@group-CC7A890D867E-FollowerState] INFO  server.RaftServerConfigKeys (ConfUtils.java:logFallback(53)) - raft.server.rpc.first-election.timeout.min = 5s (fallback to raft.server.rpc.timeout.min)
2022-12-02 11:14:04,095 [670c0782-42b0-403d-9acb-55f21abca380@group-CC7A890D867E-FollowerState] INFO  server.RaftServerConfigKeys (ConfUtils.java:logFallback(53)) - raft.server.rpc.first-election.timeout.max = 5200ms (fallback to raft.server.rpc.timeout.max)
2022-12-02 11:14:04,095 [7e2aca8c-5c6e-487b-9a67-6624db7a0d19@group-CC7A890D867E-FollowerState] INFO  server.RaftServerConfigKeys (ConfUtils.java:logFallback(53)) - raft.server.rpc.first-election.timeout.min = 5s (fallback to raft.server.rpc.timeout.min)
2022-12-02 11:14:04,095 [7e2aca8c-5c6e-487b-9a67-6624db7a0d19@group-CC7A890D867E-FollowerState] INFO  server.RaftServerConfigKeys (ConfUtils.java:logFallback(53)) - raft.server.rpc.first-election.timeout.max = 5200ms (fallback to raft.server.rpc.timeout.max)
2022-12-02 11:14:04,096 [grpc-default-executor-1] INFO  server.RaftServer$Division (RaftServerImpl.java:requestVote(1251)) - 7e2aca8c-5c6e-487b-9a67-6624db7a0d19@group-CC7A890D867E replies to ELECTION vote request: 670c0782-42b0-403d-9acb-55f21abca380<-7e2aca8c-5c6e-487b-9a67-6624db7a0d19#0:OK-t2. Peer's state: 7e2aca8c-5c6e-487b-9a67-6624db7a0d19@group-CC7A890D867E:t2, leader=null, voted=670c0782-42b0-403d-9acb-55f21abca380, raftlog=Memoized:7e2aca8c-5c6e-487b-9a67-6624db7a0d19@group-CC7A890D867E-SegmentedRaftLog:OPENED:c-1, conf=-1: peers:[7e2aca8c-5c6e-487b-9a67-6624db7a0d19|rpc:10.1.0.7:44557|priority:0|startupRole:FOLLOWER, 2ec4b609-823d-4e71-a054-e2ed5db02f38|rpc:10.1.0.7:37481|priority:1|startupRole:FOLLOWER, 670c0782-42b0-403d-9acb-55f21abca380|rpc:10.1.0.7:43611|priority:0|startupRole:FOLLOWER]|listeners:[], old=null
2022-12-02 11:14:04,363 [2ec4b609-823d-4e71-a054-e2ed5db02f38@group-789105272DF3-FollowerState] INFO  server.RaftServerConfigKeys (ConfUtils.java:logFallback(53)) - raft.server.rpc.first-election.timeout.min = 5s (fallback to raft.server.rpc.timeout.min)
2022-12-02 11:14:04,363 [2ec4b609-823d-4e71-a054-e2ed5db02f38@group-789105272DF3-FollowerState] INFO  server.RaftServerConfigKeys (ConfUtils.java:logFallback(53)) - raft.server.rpc.first-election.timeout.max = 5200ms (fallback to raft.server.rpc.timeout.max)
2022-12-02 11:14:04,472 [670c0782-42b0-403d-9acb-55f21abca380@group-789105272DF3-FollowerState] INFO  impl.FollowerState (FollowerState.java:run(143)) - 670c0782-42b0-403d-9acb-55f21abca380@group-789105272DF3-FollowerState: change to CANDIDATE, lastRpcElapsedTime:5179859485ns, electionTimeout:5179ms
2022-12-02 11:14:04,472 [670c0782-42b0-403d-9acb-55f21abca380@group-789105272DF3-FollowerState] INFO  impl.RoleInfo (RoleInfo.java:shutdownFollowerState(110)) - 670c0782-42b0-403d-9acb-55f21abca380: shutdown 670c0782-42b0-403d-9acb-55f21abca380@group-789105272DF3-FollowerState
2022-12-02 11:14:04,472 [670c0782-42b0-403d-9acb-55f21abca380@group-789105272DF3-FollowerState] INFO  server.RaftServer$Division (RaftServerImpl.java:setRole(321)) - 670c0782-42b0-403d-9acb-55f21abca380@group-789105272DF3: changes role from  FOLLOWER to CANDIDATE at term 1 for changeToCandidate
2022-12-02 11:14:04,472 [670c0782-42b0-403d-9acb-55f21abca380@group-789105272DF3-FollowerState] INFO  server.RaftServerConfigKeys (ConfUtils.java:logGet(46)) - raft.server.leaderelection.pre-vote = false (custom)
2022-12-02 11:14:04,472 [670c0782-42b0-403d-9acb-55f21abca380@group-789105272DF3-FollowerState] INFO  impl.RoleInfo (RoleInfo.java:updateAndGet(139)) - 670c0782-42b0-403d-9acb-55f21abca380: start 670c0782-42b0-403d-9acb-55f21abca380@group-789105272DF3-LeaderElection28
2022-12-02 11:14:04,476 [670c0782-42b0-403d-9acb-55f21abca380@group-789105272DF3-LeaderElection28] INFO  impl.LeaderElection (LeaderElection.java:askForVotes(312)) - 670c0782-42b0-403d-9acb-55f21abca380@group-789105272DF3-LeaderElection28 ELECTION round 0: submit vote requests at term 2 for -1: peers:[7e2aca8c-5c6e-487b-9a67-6624db7a0d19|rpc:10.1.0.7:44557|dataStream:|priority:1|startupRole:FOLLOWER, 2ec4b609-823d-4e71-a054-e2ed5db02f38|rpc:10.1.0.7:37481|dataStream:|priority:0|startupRole:FOLLOWER, 670c0782-42b0-403d-9acb-55f21abca380|rpc:10.1.0.7:43611|dataStream:|priority:0|startupRole:FOLLOWER]|listeners:[], old=null
2022-12-02 11:14:04,476 [670c0782-42b0-403d-9acb-55f21abca380@group-789105272DF3-LeaderElection28] INFO  server.RaftServerConfigKeys (ConfUtils.java:logFallback(53)) - raft.server.rpc.first-election.timeout.min = 5s (fallback to raft.server.rpc.timeout.min)
2022-12-02 11:14:04,477 [670c0782-42b0-403d-9acb-55f21abca380@group-789105272DF3-LeaderElection28] INFO  server.RaftServerConfigKeys (ConfUtils.java:logFallback(53)) - raft.server.rpc.first-election.timeout.max = 5200ms (fallback to raft.server.rpc.timeout.max)
2022-12-02 11:14:04,485 [grpc-default-executor-1] INFO  server.RaftServer$Division (RaftServerImpl.java:requestVote(1218)) - 7e2aca8c-5c6e-487b-9a67-6624db7a0d19@group-789105272DF3: receive requestVote(ELECTION, 670c0782-42b0-403d-9acb-55f21abca380, group-789105272DF3, 2, (t:0, i:0))
2022-12-02 11:14:04,486 [grpc-default-executor-0] INFO  server.RaftServer$Division (RaftServerImpl.java:requestVote(1218)) - 2ec4b609-823d-4e71-a054-e2ed5db02f38@group-789105272DF3: receive requestVote(ELECTION, 670c0782-42b0-403d-9acb-55f21abca380, group-789105272DF3, 2, (t:0, i:0))
2022-12-02 11:14:04,486 [grpc-default-executor-0] INFO  impl.VoteContext (VoteContext.java:log(49)) - 2ec4b609-823d-4e71-a054-e2ed5db02f38@group-789105272DF3-FOLLOWER: accept ELECTION from 670c0782-42b0-403d-9acb-55f21abca380: our priority 0 <= candidate's priority 0
2022-12-02 11:14:04,486 [grpc-default-executor-0] INFO  server.RaftServer$Division (RaftServerImpl.java:setRole(321)) - 2ec4b609-823d-4e71-a054-e2ed5db02f38@group-789105272DF3: changes role from  FOLLOWER to FOLLOWER at term 2 for candidate:670c0782-42b0-403d-9acb-55f21abca380
2022-12-02 11:14:04,487 [grpc-default-executor-0] INFO  impl.RoleInfo (RoleInfo.java:shutdownFollowerState(110)) - 2ec4b609-823d-4e71-a054-e2ed5db02f38: shutdown 2ec4b609-823d-4e71-a054-e2ed5db02f38@group-789105272DF3-FollowerState
2022-12-02 11:14:04,487 [grpc-default-executor-0] INFO  impl.RoleInfo (RoleInfo.java:updateAndGet(139)) - 2ec4b609-823d-4e71-a054-e2ed5db02f38: start 2ec4b609-823d-4e71-a054-e2ed5db02f38@group-789105272DF3-FollowerState
2022-12-02 11:14:04,487 [2ec4b609-823d-4e71-a054-e2ed5db02f38@group-789105272DF3-FollowerState] INFO  impl.FollowerState (FollowerState.java:run(152)) - 2ec4b609-823d-4e71-a054-e2ed5db02f38@group-789105272DF3-FollowerState was interrupted
2022-12-02 11:14:04,493 [grpc-default-executor-1] INFO  impl.VoteContext (VoteContext.java:log(49)) - 7e2aca8c-5c6e-487b-9a67-6624db7a0d19@group-789105272DF3-FOLLOWER: reject ELECTION from 670c0782-42b0-403d-9acb-55f21abca380: our priority 1 > candidate's priority 0
2022-12-02 11:14:04,493 [grpc-default-executor-1] INFO  server.RaftServer$Division (RaftServerImpl.java:setRole(321)) - 7e2aca8c-5c6e-487b-9a67-6624db7a0d19@group-789105272DF3: changes role from  FOLLOWER to FOLLOWER at term 2 for candidate:670c0782-42b0-403d-9acb-55f21abca380
2022-12-02 11:14:04,493 [grpc-default-executor-1] INFO  impl.RoleInfo (RoleInfo.java:shutdownFollowerState(110)) - 7e2aca8c-5c6e-487b-9a67-6624db7a0d19: shutdown 7e2aca8c-5c6e-487b-9a67-6624db7a0d19@group-789105272DF3-FollowerState
2022-12-02 11:14:04,493 [2ec4b609-823d-4e71-a054-e2ed5db02f38@group-789105272DF3-FollowerState] INFO  server.RaftServerConfigKeys (ConfUtils.java:logFallback(53)) - raft.server.rpc.first-election.timeout.min = 5s (fallback to raft.server.rpc.timeout.min)
2022-12-02 11:14:04,494 [2ec4b609-823d-4e71-a054-e2ed5db02f38@group-789105272DF3-FollowerState] INFO  server.RaftServerConfigKeys (ConfUtils.java:logFallback(53)) - raft.server.rpc.first-election.timeout.max = 5200ms (fallback to raft.server.rpc.timeout.max)
2022-12-02 11:14:04,494 [grpc-default-executor-1] INFO  impl.RoleInfo (RoleInfo.java:updateAndGet(139)) - 7e2aca8c-5c6e-487b-9a67-6624db7a0d19: start 7e2aca8c-5c6e-487b-9a67-6624db7a0d19@group-789105272DF3-FollowerState
2022-12-02 11:14:04,505 [grpc-default-executor-0] INFO  server.RaftServer$Division (RaftServerImpl.java:requestVote(1251)) - 2ec4b609-823d-4e71-a054-e2ed5db02f38@group-789105272DF3 replies to ELECTION vote request: 670c0782-42b0-403d-9acb-55f21abca380<-2ec4b609-823d-4e71-a054-e2ed5db02f38#0:OK-t2. Peer's state: 2ec4b609-823d-4e71-a054-e2ed5db02f38@group-789105272DF3:t2, leader=null, voted=670c0782-42b0-403d-9acb-55f21abca380, raftlog=Memoized:2ec4b609-823d-4e71-a054-e2ed5db02f38@group-789105272DF3-SegmentedRaftLog:OPENED:c-1, conf=-1: peers:[7e2aca8c-5c6e-487b-9a67-6624db7a0d19|rpc:10.1.0.7:44557|dataStream:|priority:1|startupRole:FOLLOWER, 2ec4b609-823d-4e71-a054-e2ed5db02f38|rpc:10.1.0.7:37481|dataStream:|priority:0|startupRole:FOLLOWER, 670c0782-42b0-403d-9acb-55f21abca380|rpc:10.1.0.7:43611|dataStream:|priority:0|startupRole:FOLLOWER]|listeners:[], old=null
2022-12-02 11:14:04,506 [7e2aca8c-5c6e-487b-9a67-6624db7a0d19@group-789105272DF3-FollowerState] INFO  server.RaftServerConfigKeys (ConfUtils.java:logFallback(53)) - raft.server.rpc.first-election.timeout.min = 5s (fallback to raft.server.rpc.timeout.min)
2022-12-02 11:14:04,506 [7e2aca8c-5c6e-487b-9a67-6624db7a0d19@group-789105272DF3-FollowerState] INFO  server.RaftServerConfigKeys (ConfUtils.java:logFallback(53)) - raft.server.rpc.first-election.timeout.max = 5200ms (fallback to raft.server.rpc.timeout.max)
2022-12-02 11:14:04,511 [grpc-default-executor-1] INFO  server.RaftServer$Division (RaftServerImpl.java:requestVote(1251)) - 7e2aca8c-5c6e-487b-9a67-6624db7a0d19@group-789105272DF3 replies to ELECTION vote request: 670c0782-42b0-403d-9acb-55f21abca380<-7e2aca8c-5c6e-487b-9a67-6624db7a0d19#0:FAIL-t2. Peer's state: 7e2aca8c-5c6e-487b-9a67-6624db7a0d19@group-789105272DF3:t2, leader=null, voted=null, raftlog=Memoized:7e2aca8c-5c6e-487b-9a67-6624db7a0d19@group-789105272DF3-SegmentedRaftLog:OPENED:c-1, conf=-1: peers:[7e2aca8c-5c6e-487b-9a67-6624db7a0d19|rpc:10.1.0.7:44557|priority:1|startupRole:FOLLOWER, 2ec4b609-823d-4e71-a054-e2ed5db02f38|rpc:10.1.0.7:37481|priority:0|startupRole:FOLLOWER, 670c0782-42b0-403d-9acb-55f21abca380|rpc:10.1.0.7:43611|priority:0|startupRole:FOLLOWER]|listeners:[], old=null
2022-12-02 11:14:04,511 [7e2aca8c-5c6e-487b-9a67-6624db7a0d19@group-789105272DF3-FollowerState] INFO  impl.FollowerState (FollowerState.java:shouldRun(117)) - 7e2aca8c-5c6e-487b-9a67-6624db7a0d19@group-789105272DF3-FollowerState: Stopping now (isRunning? false, role = FOLLOWER)
2022-12-02 11:14:04,513 [670c0782-42b0-403d-9acb-55f21abca380@group-789105272DF3-LeaderElection28] INFO  impl.LeaderElection (LeaderElection.java:logAndReturn(90)) - 670c0782-42b0-403d-9acb-55f21abca380@group-789105272DF3-LeaderElection28: ELECTION REJECTED received 2 response(s) and 0 exception(s):
2022-12-02 11:14:04,513 [670c0782-42b0-403d-9acb-55f21abca380@group-789105272DF3-LeaderElection28] INFO  impl.LeaderElection (LeaderElection.java:logAndReturn(94)) -   Response 0: 670c0782-42b0-403d-9acb-55f21abca380<-7e2aca8c-5c6e-487b-9a67-6624db7a0d19#0:FAIL-t2
2022-12-02 11:14:04,513 [670c0782-42b0-403d-9acb-55f21abca380@group-789105272DF3-LeaderElection28] INFO  impl.LeaderElection (LeaderElection.java:logAndReturn(94)) -   Response 1: 670c0782-42b0-403d-9acb-55f21abca380<-2ec4b609-823d-4e71-a054-e2ed5db02f38#0:OK-t2
2022-12-02 11:14:04,513 [670c0782-42b0-403d-9acb-55f21abca380@group-789105272DF3-LeaderElection28] INFO  impl.LeaderElection (LeaderElection.java:askForVotes(314)) - 670c0782-42b0-403d-9acb-55f21abca380@group-789105272DF3-LeaderElection28 ELECTION round 0: result REJECTED
2022-12-02 11:14:04,514 [670c0782-42b0-403d-9acb-55f21abca380@group-789105272DF3-LeaderElection28] INFO  server.RaftServer$Division (RaftServerImpl.java:setRole(321)) - 670c0782-42b0-403d-9acb-55f21abca380@group-789105272DF3: changes role from CANDIDATE to FOLLOWER at term 2 for REJECTED
2022-12-02 11:14:04,514 [670c0782-42b0-403d-9acb-55f21abca380@group-789105272DF3-LeaderElection28] INFO  impl.RoleInfo (RoleInfo.java:shutdownLeaderElection(130)) - 670c0782-42b0-403d-9acb-55f21abca380: shutdown 670c0782-42b0-403d-9acb-55f21abca380@group-789105272DF3-LeaderElection28
2022-12-02 11:14:04,514 [670c0782-42b0-403d-9acb-55f21abca380@group-789105272DF3-LeaderElection28] INFO  impl.RoleInfo (RoleInfo.java:updateAndGet(139)) - 670c0782-42b0-403d-9acb-55f21abca380: start 670c0782-42b0-403d-9acb-55f21abca380@group-789105272DF3-FollowerState
2022-12-02 11:14:04,514 [670c0782-42b0-403d-9acb-55f21abca380@group-789105272DF3-FollowerState] INFO  server.RaftServerConfigKeys (ConfUtils.java:logFallback(53)) - raft.server.rpc.first-election.timeout.min = 5s (fallback to raft.server.rpc.timeout.min)
2022-12-02 11:14:04,514 [670c0782-42b0-403d-9acb-55f21abca380@group-789105272DF3-FollowerState] INFO  server.RaftServerConfigKeys (ConfUtils.java:logFallback(53)) - raft.server.rpc.first-election.timeout.max = 5200ms (fallback to raft.server.rpc.timeout.max)
2022-12-02 11:14:04,760 [Listener at 127.0.0.1/43097] INFO  ozone.MiniOzoneClusterImpl (MiniOzoneClusterImpl.java:lambda$waitForClusterToBeReady$0(216)) - Nodes are ready. Got 3 of 3 DN Heartbeats.
2022-12-02 11:14:04,761 [Listener at 127.0.0.1/43097] INFO  ozone.MiniOzoneClusterImpl (MiniOzoneClusterImpl.java:lambda$waitForClusterToBeReady$0(219)) - Waiting for cluster to exit safe mode
2022-12-02 11:14:04,761 [Listener at 127.0.0.1/43097] INFO  ozone.MiniOzoneClusterImpl (MiniOzoneClusterImpl.java:lambda$waitForClusterToBeReady$0(221)) - SCM became leader
2022-12-02 11:14:04,981 [EventQueue-CommandQueueReportForCommandQueueReportHandler] WARN  events.EventQueue (EventQueue.java:fireEvent(216)) - No event handler registered for event TypedEvent{payloadType=DatanodeDetails, name='Datanode_Command_Queue_Updated'}
2022-12-02 11:14:05,537 [EventQueue-CommandQueueReportForCommandQueueReportHandler] WARN  events.EventQueue (EventQueue.java:fireEvent(216)) - No event handler registered for event TypedEvent{payloadType=DatanodeDetails, name='Datanode_Command_Queue_Updated'}
2022-12-02 11:14:05,761 [Listener at 127.0.0.1/43097] INFO  ozone.MiniOzoneClusterImpl (MiniOzoneClusterImpl.java:lambda$waitForClusterToBeReady$0(216)) - Nodes are ready. Got 3 of 3 DN Heartbeats.
2022-12-02 11:14:05,762 [Listener at 127.0.0.1/43097] INFO  ozone.MiniOzoneClusterImpl (MiniOzoneClusterImpl.java:lambda$waitForClusterToBeReady$0(219)) - Waiting for cluster to exit safe mode
2022-12-02 11:14:05,762 [Listener at 127.0.0.1/43097] INFO  ozone.MiniOzoneClusterImpl (MiniOzoneClusterImpl.java:lambda$waitForClusterToBeReady$0(221)) - SCM became leader
2022-12-02 11:14:05,866 [EventQueue-CommandQueueReportForCommandQueueReportHandler] WARN  events.EventQueue (EventQueue.java:fireEvent(216)) - No event handler registered for event TypedEvent{payloadType=DatanodeDetails, name='Datanode_Command_Queue_Updated'}
2022-12-02 11:14:06,762 [Listener at 127.0.0.1/43097] INFO  ozone.MiniOzoneClusterImpl (MiniOzoneClusterImpl.java:lambda$waitForClusterToBeReady$0(216)) - Nodes are ready. Got 3 of 3 DN Heartbeats.
2022-12-02 11:14:06,762 [Listener at 127.0.0.1/43097] INFO  ozone.MiniOzoneClusterImpl (MiniOzoneClusterImpl.java:lambda$waitForClusterToBeReady$0(219)) - Waiting for cluster to exit safe mode
2022-12-02 11:14:06,762 [Listener at 127.0.0.1/43097] INFO  ozone.MiniOzoneClusterImpl (MiniOzoneClusterImpl.java:lambda$waitForClusterToBeReady$0(221)) - SCM became leader
2022-12-02 11:14:06,981 [EventQueue-CommandQueueReportForCommandQueueReportHandler] WARN  events.EventQueue (EventQueue.java:fireEvent(216)) - No event handler registered for event TypedEvent{payloadType=DatanodeDetails, name='Datanode_Command_Queue_Updated'}
2022-12-02 11:14:07,539 [EventQueue-CommandQueueReportForCommandQueueReportHandler] WARN  events.EventQueue (EventQueue.java:fireEvent(216)) - No event handler registered for event TypedEvent{payloadType=DatanodeDetails, name='Datanode_Command_Queue_Updated'}
2022-12-02 11:14:07,763 [Listener at 127.0.0.1/43097] INFO  ozone.MiniOzoneClusterImpl (MiniOzoneClusterImpl.java:lambda$waitForClusterToBeReady$0(216)) - Nodes are ready. Got 3 of 3 DN Heartbeats.
2022-12-02 11:14:07,763 [Listener at 127.0.0.1/43097] INFO  ozone.MiniOzoneClusterImpl (MiniOzoneClusterImpl.java:lambda$waitForClusterToBeReady$0(219)) - Waiting for cluster to exit safe mode
2022-12-02 11:14:07,764 [Listener at 127.0.0.1/43097] INFO  ozone.MiniOzoneClusterImpl (MiniOzoneClusterImpl.java:lambda$waitForClusterToBeReady$0(221)) - SCM became leader
2022-12-02 11:14:07,866 [EventQueue-CommandQueueReportForCommandQueueReportHandler] WARN  events.EventQueue (EventQueue.java:fireEvent(216)) - No event handler registered for event TypedEvent{payloadType=DatanodeDetails, name='Datanode_Command_Queue_Updated'}
2022-12-02 11:14:08,764 [Listener at 127.0.0.1/43097] INFO  ozone.MiniOzoneClusterImpl (MiniOzoneClusterImpl.java:lambda$waitForClusterToBeReady$0(216)) - Nodes are ready. Got 3 of 3 DN Heartbeats.
2022-12-02 11:14:08,764 [Listener at 127.0.0.1/43097] INFO  ozone.MiniOzoneClusterImpl (MiniOzoneClusterImpl.java:lambda$waitForClusterToBeReady$0(219)) - Waiting for cluster to exit safe mode
2022-12-02 11:14:08,764 [Listener at 127.0.0.1/43097] INFO  ozone.MiniOzoneClusterImpl (MiniOzoneClusterImpl.java:lambda$waitForClusterToBeReady$0(221)) - SCM became leader
2022-12-02 11:14:08,981 [EventQueue-CommandQueueReportForCommandQueueReportHandler] WARN  events.EventQueue (EventQueue.java:fireEvent(216)) - No event handler registered for event TypedEvent{payloadType=DatanodeDetails, name='Datanode_Command_Queue_Updated'}
2022-12-02 11:14:09,130 [2ec4b609-823d-4e71-a054-e2ed5db02f38@group-CC7A890D867E-FollowerState] INFO  impl.FollowerState (FollowerState.java:run(143)) - 2ec4b609-823d-4e71-a054-e2ed5db02f38@group-CC7A890D867E-FollowerState: change to CANDIDATE, lastRpcElapsedTime:5051403544ns, electionTimeout:5040ms
2022-12-02 11:14:09,130 [2ec4b609-823d-4e71-a054-e2ed5db02f38@group-CC7A890D867E-FollowerState] INFO  impl.RoleInfo (RoleInfo.java:shutdownFollowerState(110)) - 2ec4b609-823d-4e71-a054-e2ed5db02f38: shutdown 2ec4b609-823d-4e71-a054-e2ed5db02f38@group-CC7A890D867E-FollowerState
2022-12-02 11:14:09,130 [2ec4b609-823d-4e71-a054-e2ed5db02f38@group-CC7A890D867E-FollowerState] INFO  server.RaftServer$Division (RaftServerImpl.java:setRole(321)) - 2ec4b609-823d-4e71-a054-e2ed5db02f38@group-CC7A890D867E: changes role from  FOLLOWER to CANDIDATE at term 2 for changeToCandidate
2022-12-02 11:14:09,130 [2ec4b609-823d-4e71-a054-e2ed5db02f38@group-CC7A890D867E-FollowerState] INFO  server.RaftServerConfigKeys (ConfUtils.java:logGet(46)) - raft.server.leaderelection.pre-vote = false (custom)
2022-12-02 11:14:09,130 [2ec4b609-823d-4e71-a054-e2ed5db02f38@group-CC7A890D867E-FollowerState] INFO  impl.RoleInfo (RoleInfo.java:updateAndGet(139)) - 2ec4b609-823d-4e71-a054-e2ed5db02f38: start 2ec4b609-823d-4e71-a054-e2ed5db02f38@group-CC7A890D867E-LeaderElection29
2022-12-02 11:14:09,133 [2ec4b609-823d-4e71-a054-e2ed5db02f38@group-CC7A890D867E-LeaderElection29] INFO  impl.LeaderElection (LeaderElection.java:askForVotes(312)) - 2ec4b609-823d-4e71-a054-e2ed5db02f38@group-CC7A890D867E-LeaderElection29 ELECTION round 0: submit vote requests at term 3 for -1: peers:[7e2aca8c-5c6e-487b-9a67-6624db7a0d19|rpc:10.1.0.7:44557|dataStream:|priority:0|startupRole:FOLLOWER, 2ec4b609-823d-4e71-a054-e2ed5db02f38|rpc:10.1.0.7:37481|dataStream:|priority:1|startupRole:FOLLOWER, 670c0782-42b0-403d-9acb-55f21abca380|rpc:10.1.0.7:43611|dataStream:|priority:0|startupRole:FOLLOWER]|listeners:[], old=null
2022-12-02 11:14:09,133 [2ec4b609-823d-4e71-a054-e2ed5db02f38@group-CC7A890D867E-LeaderElection29] INFO  server.RaftServerConfigKeys (ConfUtils.java:logFallback(53)) - raft.server.rpc.first-election.timeout.min = 5s (fallback to raft.server.rpc.timeout.min)
2022-12-02 11:14:09,133 [2ec4b609-823d-4e71-a054-e2ed5db02f38@group-CC7A890D867E-LeaderElection29-1] INFO  server.GrpcServerProtocolClient (GrpcServerProtocolClient.java:<init>(63)) - Build channel for 7e2aca8c-5c6e-487b-9a67-6624db7a0d19
2022-12-02 11:14:09,134 [2ec4b609-823d-4e71-a054-e2ed5db02f38@group-CC7A890D867E-LeaderElection29] INFO  server.RaftServerConfigKeys (ConfUtils.java:logFallback(53)) - raft.server.rpc.first-election.timeout.max = 5200ms (fallback to raft.server.rpc.timeout.max)
2022-12-02 11:14:09,134 [2ec4b609-823d-4e71-a054-e2ed5db02f38@group-CC7A890D867E-LeaderElection29-2] INFO  server.GrpcServerProtocolClient (GrpcServerProtocolClient.java:<init>(63)) - Build channel for 670c0782-42b0-403d-9acb-55f21abca380
2022-12-02 11:14:09,149 [grpc-default-executor-1] INFO  server.RaftServer$Division (RaftServerImpl.java:requestVote(1218)) - 670c0782-42b0-403d-9acb-55f21abca380@group-CC7A890D867E: receive requestVote(ELECTION, 2ec4b609-823d-4e71-a054-e2ed5db02f38, group-CC7A890D867E, 3, (t:0, i:0))
2022-12-02 11:14:09,149 [grpc-default-executor-1] INFO  impl.VoteContext (VoteContext.java:log(49)) - 670c0782-42b0-403d-9acb-55f21abca380@group-CC7A890D867E-FOLLOWER: accept ELECTION from 2ec4b609-823d-4e71-a054-e2ed5db02f38: our priority 0 <= candidate's priority 1
2022-12-02 11:14:09,149 [grpc-default-executor-1] INFO  server.RaftServer$Division (RaftServerImpl.java:setRole(321)) - 670c0782-42b0-403d-9acb-55f21abca380@group-CC7A890D867E: changes role from  FOLLOWER to FOLLOWER at term 3 for candidate:2ec4b609-823d-4e71-a054-e2ed5db02f38
2022-12-02 11:14:09,149 [grpc-default-executor-1] INFO  impl.RoleInfo (RoleInfo.java:shutdownFollowerState(110)) - 670c0782-42b0-403d-9acb-55f21abca380: shutdown 670c0782-42b0-403d-9acb-55f21abca380@group-CC7A890D867E-FollowerState
2022-12-02 11:14:09,149 [grpc-default-executor-1] INFO  impl.RoleInfo (RoleInfo.java:updateAndGet(139)) - 670c0782-42b0-403d-9acb-55f21abca380: start 670c0782-42b0-403d-9acb-55f21abca380@group-CC7A890D867E-FollowerState
2022-12-02 11:14:09,149 [670c0782-42b0-403d-9acb-55f21abca380@group-CC7A890D867E-FollowerState] INFO  impl.FollowerState (FollowerState.java:run(152)) - 670c0782-42b0-403d-9acb-55f21abca380@group-CC7A890D867E-FollowerState was interrupted
2022-12-02 11:14:09,151 [grpc-default-executor-0] INFO  server.RaftServer$Division (RaftServerImpl.java:requestVote(1218)) - 7e2aca8c-5c6e-487b-9a67-6624db7a0d19@group-CC7A890D867E: receive requestVote(ELECTION, 2ec4b609-823d-4e71-a054-e2ed5db02f38, group-CC7A890D867E, 3, (t:0, i:0))
2022-12-02 11:14:09,151 [grpc-default-executor-0] INFO  impl.VoteContext (VoteContext.java:log(49)) - 7e2aca8c-5c6e-487b-9a67-6624db7a0d19@group-CC7A890D867E-FOLLOWER: accept ELECTION from 2ec4b609-823d-4e71-a054-e2ed5db02f38: our priority 0 <= candidate's priority 1
2022-12-02 11:14:09,151 [grpc-default-executor-0] INFO  server.RaftServer$Division (RaftServerImpl.java:setRole(321)) - 7e2aca8c-5c6e-487b-9a67-6624db7a0d19@group-CC7A890D867E: changes role from  FOLLOWER to FOLLOWER at term 3 for candidate:2ec4b609-823d-4e71-a054-e2ed5db02f38
2022-12-02 11:14:09,151 [grpc-default-executor-0] INFO  impl.RoleInfo (RoleInfo.java:shutdownFollowerState(110)) - 7e2aca8c-5c6e-487b-9a67-6624db7a0d19: shutdown 7e2aca8c-5c6e-487b-9a67-6624db7a0d19@group-CC7A890D867E-FollowerState
2022-12-02 11:14:09,154 [grpc-default-executor-0] INFO  impl.RoleInfo (RoleInfo.java:updateAndGet(139)) - 7e2aca8c-5c6e-487b-9a67-6624db7a0d19: start 7e2aca8c-5c6e-487b-9a67-6624db7a0d19@group-CC7A890D867E-FollowerState
2022-12-02 11:14:09,155 [7e2aca8c-5c6e-487b-9a67-6624db7a0d19@group-CC7A890D867E-FollowerState] INFO  impl.FollowerState (FollowerState.java:run(152)) - 7e2aca8c-5c6e-487b-9a67-6624db7a0d19@group-CC7A890D867E-FollowerState was interrupted
2022-12-02 11:14:09,155 [670c0782-42b0-403d-9acb-55f21abca380@group-CC7A890D867E-FollowerState] INFO  server.RaftServerConfigKeys (ConfUtils.java:logFallback(53)) - raft.server.rpc.first-election.timeout.min = 5s (fallback to raft.server.rpc.timeout.min)
2022-12-02 11:14:09,155 [grpc-default-executor-1] INFO  server.RaftServer$Division (RaftServerImpl.java:requestVote(1251)) - 670c0782-42b0-403d-9acb-55f21abca380@group-CC7A890D867E replies to ELECTION vote request: 2ec4b609-823d-4e71-a054-e2ed5db02f38<-670c0782-42b0-403d-9acb-55f21abca380#0:OK-t3. Peer's state: 670c0782-42b0-403d-9acb-55f21abca380@group-CC7A890D867E:t3, leader=null, voted=2ec4b609-823d-4e71-a054-e2ed5db02f38, raftlog=Memoized:670c0782-42b0-403d-9acb-55f21abca380@group-CC7A890D867E-SegmentedRaftLog:OPENED:c-1, conf=-1: peers:[7e2aca8c-5c6e-487b-9a67-6624db7a0d19|rpc:10.1.0.7:44557|dataStream:|priority:0|startupRole:FOLLOWER, 2ec4b609-823d-4e71-a054-e2ed5db02f38|rpc:10.1.0.7:37481|dataStream:|priority:1|startupRole:FOLLOWER, 670c0782-42b0-403d-9acb-55f21abca380|rpc:10.1.0.7:43611|dataStream:|priority:0|startupRole:FOLLOWER]|listeners:[], old=null
2022-12-02 11:14:09,156 [670c0782-42b0-403d-9acb-55f21abca380@group-CC7A890D867E-FollowerState] INFO  server.RaftServerConfigKeys (ConfUtils.java:logFallback(53)) - raft.server.rpc.first-election.timeout.max = 5200ms (fallback to raft.server.rpc.timeout.max)
2022-12-02 11:14:09,157 [7e2aca8c-5c6e-487b-9a67-6624db7a0d19@group-CC7A890D867E-FollowerState] INFO  server.RaftServerConfigKeys (ConfUtils.java:logFallback(53)) - raft.server.rpc.first-election.timeout.min = 5s (fallback to raft.server.rpc.timeout.min)
2022-12-02 11:14:09,157 [7e2aca8c-5c6e-487b-9a67-6624db7a0d19@group-CC7A890D867E-FollowerState] INFO  server.RaftServerConfigKeys (ConfUtils.java:logFallback(53)) - raft.server.rpc.first-election.timeout.max = 5200ms (fallback to raft.server.rpc.timeout.max)
2022-12-02 11:14:09,160 [grpc-default-executor-0] INFO  server.RaftServer$Division (RaftServerImpl.java:requestVote(1251)) - 7e2aca8c-5c6e-487b-9a67-6624db7a0d19@group-CC7A890D867E replies to ELECTION vote request: 2ec4b609-823d-4e71-a054-e2ed5db02f38<-7e2aca8c-5c6e-487b-9a67-6624db7a0d19#0:OK-t3. Peer's state: 7e2aca8c-5c6e-487b-9a67-6624db7a0d19@group-CC7A890D867E:t3, leader=null, voted=2ec4b609-823d-4e71-a054-e2ed5db02f38, raftlog=Memoized:7e2aca8c-5c6e-487b-9a67-6624db7a0d19@group-CC7A890D867E-SegmentedRaftLog:OPENED:c-1, conf=-1: peers:[7e2aca8c-5c6e-487b-9a67-6624db7a0d19|rpc:10.1.0.7:44557|priority:0|startupRole:FOLLOWER, 2ec4b609-823d-4e71-a054-e2ed5db02f38|rpc:10.1.0.7:37481|priority:1|startupRole:FOLLOWER, 670c0782-42b0-403d-9acb-55f21abca380|rpc:10.1.0.7:43611|priority:0|startupRole:FOLLOWER]|listeners:[], old=null
2022-12-02 11:14:09,161 [2ec4b609-823d-4e71-a054-e2ed5db02f38@group-CC7A890D867E-LeaderElection29] INFO  impl.LeaderElection (LeaderElection.java:logAndReturn(90)) - 2ec4b609-823d-4e71-a054-e2ed5db02f38@group-CC7A890D867E-LeaderElection29: ELECTION PASSED received 1 response(s) and 0 exception(s):
2022-12-02 11:14:09,161 [2ec4b609-823d-4e71-a054-e2ed5db02f38@group-CC7A890D867E-LeaderElection29] INFO  impl.LeaderElection (LeaderElection.java:logAndReturn(94)) -   Response 0: 2ec4b609-823d-4e71-a054-e2ed5db02f38<-670c0782-42b0-403d-9acb-55f21abca380#0:OK-t3
2022-12-02 11:14:09,161 [2ec4b609-823d-4e71-a054-e2ed5db02f38@group-CC7A890D867E-LeaderElection29] INFO  impl.LeaderElection (LeaderElection.java:askForVotes(314)) - 2ec4b609-823d-4e71-a054-e2ed5db02f38@group-CC7A890D867E-LeaderElection29 ELECTION round 0: result PASSED
2022-12-02 11:14:09,161 [2ec4b609-823d-4e71-a054-e2ed5db02f38@group-CC7A890D867E-LeaderElection29] INFO  impl.RoleInfo (RoleInfo.java:shutdownLeaderElection(130)) - 2ec4b609-823d-4e71-a054-e2ed5db02f38: shutdown 2ec4b609-823d-4e71-a054-e2ed5db02f38@group-CC7A890D867E-LeaderElection29
2022-12-02 11:14:09,162 [2ec4b609-823d-4e71-a054-e2ed5db02f38@group-CC7A890D867E-LeaderElection29] INFO  server.RaftServer$Division (RaftServerImpl.java:setRole(321)) - 2ec4b609-823d-4e71-a054-e2ed5db02f38@group-CC7A890D867E: changes role from CANDIDATE to LEADER at term 3 for changeToLeader
2022-12-02 11:14:09,162 [2ec4b609-823d-4e71-a054-e2ed5db02f38@group-CC7A890D867E-LeaderElection29] INFO  ratis.XceiverServerRatis (XceiverServerRatis.java:handleLeaderChangedNotification(863)) - Leader change notification received for group: group-CC7A890D867E with new leaderId: 2ec4b609-823d-4e71-a054-e2ed5db02f38
2022-12-02 11:14:09,162 [2ec4b609-823d-4e71-a054-e2ed5db02f38@group-CC7A890D867E-LeaderElection29] INFO  server.RaftServer$Division (ServerState.java:setLeader(313)) - 2ec4b609-823d-4e71-a054-e2ed5db02f38@group-CC7A890D867E: change Leader from null to 2ec4b609-823d-4e71-a054-e2ed5db02f38 at term 3 for becomeLeader, leader elected after 15113ms
2022-12-02 11:14:09,162 [2ec4b609-823d-4e71-a054-e2ed5db02f38@group-CC7A890D867E-LeaderElection29] INFO  server.RaftServerConfigKeys (ConfUtils.java:logGet(46)) - raft.server.staging.catchup.gap = 1000 (default)
2022-12-02 11:14:09,162 [2ec4b609-823d-4e71-a054-e2ed5db02f38@group-CC7A890D867E-LeaderElection29] INFO  server.RaftServerConfigKeys (ConfUtils.java:logGet(46)) - raft.server.write.element-limit = 1024 (custom)
2022-12-02 11:14:09,163 [2ec4b609-823d-4e71-a054-e2ed5db02f38@group-CC7A890D867E-LeaderElection29] INFO  server.RaftServerConfigKeys (ConfUtils.java:logGet(46)) - raft.server.write.byte-limit = 1024 M (=1073741824) (custom)
2022-12-02 11:14:09,163 [2ec4b609-823d-4e71-a054-e2ed5db02f38@group-CC7A890D867E-LeaderElection29] INFO  server.RaftServerConfigKeys (ConfUtils.java:logGet(46)) - raft.server.watch.timeout = 180s (custom)
2022-12-02 11:14:09,163 [2ec4b609-823d-4e71-a054-e2ed5db02f38@group-CC7A890D867E-LeaderElection29] INFO  server.RaftServerConfigKeys (ConfUtils.java:logGet(46)) - raft.server.watch.timeout.denomination = 1s (default)
2022-12-02 11:14:09,163 [2ec4b609-823d-4e71-a054-e2ed5db02f38@group-CC7A890D867E-LeaderElection29] INFO  server.RaftServerConfigKeys (ConfUtils.java:logGet(46)) - raft.server.watch.element-limit = 65536 (default)
2022-12-02 11:14:09,163 [2ec4b609-823d-4e71-a054-e2ed5db02f38@group-CC7A890D867E-LeaderElection29] INFO  server.RaftServerConfigKeys (ConfUtils.java:logGet(46)) - raft.server.write.element-limit = 1024 (custom)
2022-12-02 11:14:09,163 [2ec4b609-823d-4e71-a054-e2ed5db02f38@group-CC7A890D867E-LeaderElection29] INFO  server.RaftServerConfigKeys (ConfUtils.java:logGet(46)) - raft.server.write.follower.gap.ratio.max = -1.0 (default)
2022-12-02 11:14:09,164 [2ec4b609-823d-4e71-a054-e2ed5db02f38@group-CC7A890D867E-LeaderElection29] INFO  server.RaftServerConfigKeys (ConfUtils.java:logGet(46)) - raft.server.log.appender.snapshot.chunk.size.max = 16MB (=16777216) (default)
2022-12-02 11:14:09,164 [2ec4b609-823d-4e71-a054-e2ed5db02f38@group-CC7A890D867E-LeaderElection29] INFO  server.RaftServerConfigKeys (ConfUtils.java:logGet(46)) - raft.server.log.appender.buffer.byte-limit = 33554432 (custom)
2022-12-02 11:14:09,164 [2ec4b609-823d-4e71-a054-e2ed5db02f38@group-CC7A890D867E-LeaderElection29] INFO  server.RaftServerConfigKeys (ConfUtils.java:logGet(46)) - raft.server.log.appender.buffer.element-limit = 1 (custom)
2022-12-02 11:14:09,164 [2ec4b609-823d-4e71-a054-e2ed5db02f38@group-CC7A890D867E-LeaderElection29] INFO  grpc.GrpcConfigKeys (ConfUtils.java:logGet(46)) - raft.grpc.server.leader.outstanding.appends.max = 128 (default)
2022-12-02 11:14:09,164 [2ec4b609-823d-4e71-a054-e2ed5db02f38@group-CC7A890D867E-LeaderElection29] INFO  server.RaftServerConfigKeys (ConfUtils.java:logGet(46)) - raft.server.rpc.request.timeout = 60s (custom)
2022-12-02 11:14:09,164 [2ec4b609-823d-4e71-a054-e2ed5db02f38@group-CC7A890D867E-LeaderElection29] INFO  server.RaftServerConfigKeys (ConfUtils.java:logGet(46)) - raft.server.log.appender.install.snapshot.enabled = false (custom)
2022-12-02 11:14:09,164 [2ec4b609-823d-4e71-a054-e2ed5db02f38@group-CC7A890D867E-LeaderElection29] INFO  grpc.GrpcConfigKeys (ConfUtils.java:logGet(46)) - raft.grpc.server.heartbeat.channel = true (default)
2022-12-02 11:14:09,164 [2ec4b609-823d-4e71-a054-e2ed5db02f38@group-CC7A890D867E-LeaderElection29] INFO  server.RaftServerConfigKeys (ConfUtils.java:logGet(46)) - raft.server.log.appender.wait-time.min = 10ms (default)
2022-12-02 11:14:09,165 [2ec4b609-823d-4e71-a054-e2ed5db02f38@group-CC7A890D867E-LeaderElection29] INFO  server.RaftServerConfigKeys (ConfUtils.java:logGet(46)) - raft.server.log.appender.snapshot.chunk.size.max = 16MB (=16777216) (default)
2022-12-02 11:14:09,165 [2ec4b609-823d-4e71-a054-e2ed5db02f38@group-CC7A890D867E-LeaderElection29] INFO  server.RaftServerConfigKeys (ConfUtils.java:logGet(46)) - raft.server.log.appender.buffer.byte-limit = 33554432 (custom)
2022-12-02 11:14:09,166 [2ec4b609-823d-4e71-a054-e2ed5db02f38@group-CC7A890D867E-LeaderElection29] INFO  server.RaftServerConfigKeys (ConfUtils.java:logGet(46)) - raft.server.log.appender.buffer.element-limit = 1 (custom)
2022-12-02 11:14:09,167 [EventQueue-CommandQueueReportForCommandQueueReportHandler] WARN  events.EventQueue (EventQueue.java:fireEvent(216)) - No event handler registered for event TypedEvent{payloadType=DatanodeDetails, name='Datanode_Command_Queue_Updated'}
2022-12-02 11:14:09,168 [EventQueue-PipelineReportForPipelineReportHandler] INFO  pipeline.PipelineManagerImpl (PipelineManagerImpl.java:openPipeline(367)) - Pipeline Pipeline[ Id: 062614bd-6377-4b09-8d3e-cc7a890d867e, Nodes: 670c0782-42b0-403d-9acb-55f21abca380{ip: 10.1.0.7, host: fv-az205-634.k2gd1z4tyxsu3cbgyjsjq30zwf.jx.internal.cloudapp.net, ports: [REPLICATION=46539, RATIS=43611, RATIS_ADMIN=43611, RATIS_SERVER=43611, STANDALONE=33355], networkLocation: /default-rack, certSerialId: null, persistedOpState: IN_SERVICE, persistedOpStateExpiryEpochSec: 0}2ec4b609-823d-4e71-a054-e2ed5db02f38{ip: 10.1.0.7, host: fv-az205-634.k2gd1z4tyxsu3cbgyjsjq30zwf.jx.internal.cloudapp.net, ports: [REPLICATION=36787, RATIS=37481, RATIS_ADMIN=37481, RATIS_SERVER=37481, STANDALONE=35425], networkLocation: /default-rack, certSerialId: null, persistedOpState: IN_SERVICE, persistedOpStateExpiryEpochSec: 0}7e2aca8c-5c6e-487b-9a67-6624db7a0d19{ip: 10.1.0.7, host: fv-az205-634.k2gd1z4tyxsu3cbgyjsjq30zwf.jx.internal.cloudapp.net, ports: [REPLICATION=35417, RATIS=44557, RATIS_ADMIN=44557, RATIS_SERVER=44557, STANDALONE=39721], networkLocation: /default-rack, certSerialId: null, persistedOpState: IN_SERVICE, persistedOpStateExpiryEpochSec: 0}, ReplicationConfig: RATIS/THREE, State:ALLOCATED, leaderId:2ec4b609-823d-4e71-a054-e2ed5db02f38, CreationTimestamp2022-12-02T11:13:51.746Z[Etc/UTC]] moved to OPEN state
2022-12-02 11:14:09,168 [2ec4b609-823d-4e71-a054-e2ed5db02f38@group-CC7A890D867E-LeaderElection29] INFO  grpc.GrpcConfigKeys (ConfUtils.java:logGet(46)) - raft.grpc.server.leader.outstanding.appends.max = 128 (default)
2022-12-02 11:14:09,168 [EventQueue-OpenPipelineForHealthyPipelineSafeModeRule] INFO  safemode.SCMSafeModeManager (HealthyPipelineSafeModeRule.java:process(137)) - SCM in safe mode. Healthy pipelines reported count is 1, required healthy pipeline reported count is 1
2022-12-02 11:14:09,168 [2ec4b609-823d-4e71-a054-e2ed5db02f38@group-CC7A890D867E-LeaderElection29] INFO  server.RaftServerConfigKeys (ConfUtils.java:logGet(46)) - raft.server.rpc.request.timeout = 60s (custom)
2022-12-02 11:14:09,168 [EventQueue-OpenPipelineForHealthyPipelineSafeModeRule] INFO  safemode.SCMSafeModeManager (SCMSafeModeManager.java:validateSafeModeExitRules(200)) - HealthyPipelineSafeModeRule rule is successfully validated
2022-12-02 11:14:09,169 [EventQueue-OpenPipelineForHealthyPipelineSafeModeRule] INFO  safemode.SCMSafeModeManager (SCMSafeModeManager.java:validateSafeModeExitRules(215)) - ScmSafeModeManager, all rules are successfully validated
2022-12-02 11:14:09,169 [EventQueue-OpenPipelineForHealthyPipelineSafeModeRule] INFO  safemode.SCMSafeModeManager (SCMSafeModeManager.java:exitSafeMode(244)) - SCM exiting safe mode.
2022-12-02 11:14:09,169 [EventQueue-OpenPipelineForHealthyPipelineSafeModeRule] INFO  ha.SCMContext (SCMContext.java:updateSafeModeStatus(228)) - Update SafeModeStatus from SafeModeStatus{safeModeStatus=true, preCheckPassed=true} to SafeModeStatus{safeModeStatus=false, preCheckPassed=true}.
2022-12-02 11:14:09,169 [EventQueue-OpenPipelineForHealthyPipelineSafeModeRule] INFO  pipeline.BackgroundPipelineCreator (BackgroundPipelineCreator.java:notifyStatusChanged(254)) - Service BackgroundPipelineCreator transitions to RUNNING.
2022-12-02 11:14:09,169 [EventQueue-OpenPipelineForHealthyPipelineSafeModeRule] INFO  BackgroundPipelineScrubber (BackgroundSCMService.java:notifyStatusChanged(82)) - Service BackgroundPipelineScrubber transitions to RUNNING.
2022-12-02 11:14:09,169 [EventQueue-OpenPipelineForHealthyPipelineSafeModeRule] INFO  ExpiredContainerReplicaOpScrubber (BackgroundSCMService.java:notifyStatusChanged(82)) - Service ExpiredContainerReplicaOpScrubber transitions to RUNNING.
2022-12-02 11:14:09,169 [EventQueue-OpenPipelineForHealthyPipelineSafeModeRule] INFO  replication.ReplicationManager (ReplicationManager.java:notifyStatusChanged(853)) - Service ReplicationManager transitions to RUNNING.
2022-12-02 11:14:09,169 [EventQueue-OpenPipelineForHealthyPipelineSafeModeRule] WARN  balancer.ContainerBalancer (ContainerBalancer.java:shouldRun(131)) - Could not find persisted configuration for ContainerBalancer when checking if ContainerBalancer should run. ContainerBalancer should not run now.
2022-12-02 11:14:09,169 [2ec4b609-823d-4e71-a054-e2ed5db02f38@group-CC7A890D867E-LeaderElection29] INFO  server.RaftServerConfigKeys (ConfUtils.java:logGet(46)) - raft.server.log.appender.install.snapshot.enabled = false (custom)
2022-12-02 11:14:09,170 [2ec4b609-823d-4e71-a054-e2ed5db02f38@group-CC7A890D867E-LeaderElection29] INFO  grpc.GrpcConfigKeys (ConfUtils.java:logGet(46)) - raft.grpc.server.heartbeat.channel = true (default)
2022-12-02 11:14:09,170 [2ec4b609-823d-4e71-a054-e2ed5db02f38@group-CC7A890D867E-LeaderElection29] INFO  server.RaftServerConfigKeys (ConfUtils.java:logGet(46)) - raft.server.log.appender.wait-time.min = 10ms (default)
2022-12-02 11:14:09,170 [2ec4b609-823d-4e71-a054-e2ed5db02f38@group-CC7A890D867E-LeaderElection29] INFO  impl.RoleInfo (RoleInfo.java:updateAndGet(139)) - 2ec4b609-823d-4e71-a054-e2ed5db02f38: start 2ec4b609-823d-4e71-a054-e2ed5db02f38@group-CC7A890D867E-LeaderStateImpl
2022-12-02 11:14:09,171 [2ec4b609-823d-4e71-a054-e2ed5db02f38@group-CC7A890D867E-LeaderElection29] INFO  segmented.SegmentedRaftLogWorker (SegmentedRaftLogWorker.java:startLogSegment(452)) - 2ec4b609-823d-4e71-a054-e2ed5db02f38@group-CC7A890D867E-SegmentedRaftLogWorker: Starting segment from index:0
2022-12-02 11:14:09,173 [2ec4b609-823d-4e71-a054-e2ed5db02f38@group-CC7A890D867E-SegmentedRaftLogWorker] INFO  segmented.SegmentedRaftLogWorker (SegmentedRaftLogWorker.java:execute(656)) - 2ec4b609-823d-4e71-a054-e2ed5db02f38@group-CC7A890D867E-SegmentedRaftLogWorker: created new log segment /home/runner/work/ozone/ozone/hadoop-ozone/integration-test/target/test-dir/MiniOzoneClusterImpl-8660d1ca-628d-42b2-bfba-a0a9046af5ec/datanode-2/data/ratis/062614bd-6377-4b09-8d3e-cc7a890d867e/current/log_inprogress_0
2022-12-02 11:14:09,177 [2ec4b609-823d-4e71-a054-e2ed5db02f38@group-CC7A890D867E-LeaderElection29] INFO  server.RaftServer$Division (ServerState.java:setRaftConf(430)) - 2ec4b609-823d-4e71-a054-e2ed5db02f38@group-CC7A890D867E: set configuration 0: peers:[7e2aca8c-5c6e-487b-9a67-6624db7a0d19|rpc:10.1.0.7:44557|dataStream:|priority:0|startupRole:FOLLOWER, 2ec4b609-823d-4e71-a054-e2ed5db02f38|rpc:10.1.0.7:37481|dataStream:|priority:1|startupRole:FOLLOWER, 670c0782-42b0-403d-9acb-55f21abca380|rpc:10.1.0.7:43611|dataStream:|priority:0|startupRole:FOLLOWER]|listeners:[], old=null
2022-12-02 11:14:09,191 [7e2aca8c-5c6e-487b-9a67-6624db7a0d19-server-thread1] INFO  ratis.XceiverServerRatis (XceiverServerRatis.java:handleLeaderChangedNotification(863)) - Leader change notification received for group: group-CC7A890D867E with new leaderId: 2ec4b609-823d-4e71-a054-e2ed5db02f38
2022-12-02 11:14:09,191 [7e2aca8c-5c6e-487b-9a67-6624db7a0d19-server-thread1] INFO  server.RaftServer$Division (ServerState.java:setLeader(313)) - 7e2aca8c-5c6e-487b-9a67-6624db7a0d19@group-CC7A890D867E: change Leader from null to 2ec4b609-823d-4e71-a054-e2ed5db02f38 at term 3 for appendEntries, leader elected after 15285ms
2022-12-02 11:14:09,193 [670c0782-42b0-403d-9acb-55f21abca380-server-thread1] INFO  ratis.XceiverServerRatis (XceiverServerRatis.java:handleLeaderChangedNotification(863)) - Leader change notification received for group: group-CC7A890D867E with new leaderId: 2ec4b609-823d-4e71-a054-e2ed5db02f38
2022-12-02 11:14:09,193 [670c0782-42b0-403d-9acb-55f21abca380-server-thread1] INFO  server.RaftServer$Division (ServerState.java:setLeader(313)) - 670c0782-42b0-403d-9acb-55f21abca380@group-CC7A890D867E: change Leader from null to 2ec4b609-823d-4e71-a054-e2ed5db02f38 at term 3 for appendEntries, leader elected after 15232ms
2022-12-02 11:14:09,201 [7e2aca8c-5c6e-487b-9a67-6624db7a0d19-server-thread1] INFO  server.RaftServer$Division (ServerState.java:setRaftConf(430)) - 7e2aca8c-5c6e-487b-9a67-6624db7a0d19@group-CC7A890D867E: set configuration 0: peers:[7e2aca8c-5c6e-487b-9a67-6624db7a0d19|rpc:10.1.0.7:44557|dataStream:|priority:0|startupRole:FOLLOWER, 2ec4b609-823d-4e71-a054-e2ed5db02f38|rpc:10.1.0.7:37481|dataStream:|priority:1|startupRole:FOLLOWER, 670c0782-42b0-403d-9acb-55f21abca380|rpc:10.1.0.7:43611|dataStream:|priority:0|startupRole:FOLLOWER]|listeners:[], old=null
2022-12-02 11:14:09,202 [7e2aca8c-5c6e-487b-9a67-6624db7a0d19-server-thread1] INFO  segmented.SegmentedRaftLogWorker (SegmentedRaftLogWorker.java:startLogSegment(452)) - 7e2aca8c-5c6e-487b-9a67-6624db7a0d19@group-CC7A890D867E-SegmentedRaftLogWorker: Starting segment from index:0
2022-12-02 11:14:09,205 [7e2aca8c-5c6e-487b-9a67-6624db7a0d19@group-CC7A890D867E-SegmentedRaftLogWorker] INFO  segmented.SegmentedRaftLogWorker (SegmentedRaftLogWorker.java:execute(656)) - 7e2aca8c-5c6e-487b-9a67-6624db7a0d19@group-CC7A890D867E-SegmentedRaftLogWorker: created new log segment /home/runner/work/ozone/ozone/hadoop-ozone/integration-test/target/test-dir/MiniOzoneClusterImpl-8660d1ca-628d-42b2-bfba-a0a9046af5ec/datanode-0/data/ratis/062614bd-6377-4b09-8d3e-cc7a890d867e/current/log_inprogress_0
2022-12-02 11:14:09,207 [670c0782-42b0-403d-9acb-55f21abca380-server-thread2] INFO  server.RaftServer$Division (ServerState.java:setRaftConf(430)) - 670c0782-42b0-403d-9acb-55f21abca380@group-CC7A890D867E: set configuration 0: peers:[7e2aca8c-5c6e-487b-9a67-6624db7a0d19|rpc:10.1.0.7:44557|dataStream:|priority:0|startupRole:FOLLOWER, 2ec4b609-823d-4e71-a054-e2ed5db02f38|rpc:10.1.0.7:37481|dataStream:|priority:1|startupRole:FOLLOWER, 670c0782-42b0-403d-9acb-55f21abca380|rpc:10.1.0.7:43611|dataStream:|priority:0|startupRole:FOLLOWER]|listeners:[], old=null
2022-12-02 11:14:09,208 [670c0782-42b0-403d-9acb-55f21abca380-server-thread2] INFO  segmented.SegmentedRaftLogWorker (SegmentedRaftLogWorker.java:startLogSegment(452)) - 670c0782-42b0-403d-9acb-55f21abca380@group-CC7A890D867E-SegmentedRaftLogWorker: Starting segment from index:0
2022-12-02 11:14:09,212 [670c0782-42b0-403d-9acb-55f21abca380@group-CC7A890D867E-SegmentedRaftLogWorker] INFO  segmented.SegmentedRaftLogWorker (SegmentedRaftLogWorker.java:execute(656)) - 670c0782-42b0-403d-9acb-55f21abca380@group-CC7A890D867E-SegmentedRaftLogWorker: created new log segment /home/runner/work/ozone/ozone/hadoop-ozone/integration-test/target/test-dir/MiniOzoneClusterImpl-8660d1ca-628d-42b2-bfba-a0a9046af5ec/datanode-1/data/ratis/062614bd-6377-4b09-8d3e-cc7a890d867e/current/log_inprogress_0
2022-12-02 11:14:09,537 [EventQueue-CommandQueueReportForCommandQueueReportHandler] WARN  events.EventQueue (EventQueue.java:fireEvent(216)) - No event handler registered for event TypedEvent{payloadType=DatanodeDetails, name='Datanode_Command_Queue_Updated'}
2022-12-02 11:14:09,595 [2ec4b609-823d-4e71-a054-e2ed5db02f38@group-789105272DF3-FollowerState] INFO  server.RaftServerConfigKeys (ConfUtils.java:logFallback(53)) - raft.server.rpc.first-election.timeout.min = 5s (fallback to raft.server.rpc.timeout.min)
2022-12-02 11:14:09,595 [2ec4b609-823d-4e71-a054-e2ed5db02f38@group-789105272DF3-FollowerState] INFO  server.RaftServerConfigKeys (ConfUtils.java:logFallback(53)) - raft.server.rpc.first-election.timeout.max = 5200ms (fallback to raft.server.rpc.timeout.max)
2022-12-02 11:14:09,704 [670c0782-42b0-403d-9acb-55f21abca380@group-789105272DF3-FollowerState] INFO  impl.FollowerState (FollowerState.java:run(143)) - 670c0782-42b0-403d-9acb-55f21abca380@group-789105272DF3-FollowerState: change to CANDIDATE, lastRpcElapsedTime:5189986498ns, electionTimeout:5189ms
2022-12-02 11:14:09,704 [670c0782-42b0-403d-9acb-55f21abca380@group-789105272DF3-FollowerState] INFO  impl.RoleInfo (RoleInfo.java:shutdownFollowerState(110)) - 670c0782-42b0-403d-9acb-55f21abca380: shutdown 670c0782-42b0-403d-9acb-55f21abca380@group-789105272DF3-FollowerState
2022-12-02 11:14:09,704 [670c0782-42b0-403d-9acb-55f21abca380@group-789105272DF3-FollowerState] INFO  server.RaftServer$Division (RaftServerImpl.java:setRole(321)) - 670c0782-42b0-403d-9acb-55f21abca380@group-789105272DF3: changes role from  FOLLOWER to CANDIDATE at term 2 for changeToCandidate
2022-12-02 11:14:09,704 [670c0782-42b0-403d-9acb-55f21abca380@group-789105272DF3-FollowerState] INFO  server.RaftServerConfigKeys (ConfUtils.java:logGet(46)) - raft.server.leaderelection.pre-vote = false (custom)
2022-12-02 11:14:09,704 [670c0782-42b0-403d-9acb-55f21abca380@group-789105272DF3-FollowerState] INFO  impl.RoleInfo (RoleInfo.java:updateAndGet(139)) - 670c0782-42b0-403d-9acb-55f21abca380: start 670c0782-42b0-403d-9acb-55f21abca380@group-789105272DF3-LeaderElection30
2022-12-02 11:14:09,707 [7e2aca8c-5c6e-487b-9a67-6624db7a0d19@group-789105272DF3-FollowerState] INFO  impl.FollowerState (FollowerState.java:run(143)) - 7e2aca8c-5c6e-487b-9a67-6624db7a0d19@group-789105272DF3-FollowerState: change to CANDIDATE, lastRpcElapsedTime:5212997925ns, electionTimeout:5200ms
2022-12-02 11:14:09,707 [670c0782-42b0-403d-9acb-55f21abca380@group-789105272DF3-LeaderElection30] INFO  impl.LeaderElection (LeaderElection.java:askForVotes(312)) - 670c0782-42b0-403d-9acb-55f21abca380@group-789105272DF3-LeaderElection30 ELECTION round 0: submit vote requests at term 3 for -1: peers:[7e2aca8c-5c6e-487b-9a67-6624db7a0d19|rpc:10.1.0.7:44557|dataStream:|priority:1|startupRole:FOLLOWER, 2ec4b609-823d-4e71-a054-e2ed5db02f38|rpc:10.1.0.7:37481|dataStream:|priority:0|startupRole:FOLLOWER, 670c0782-42b0-403d-9acb-55f21abca380|rpc:10.1.0.7:43611|dataStream:|priority:0|startupRole:FOLLOWER]|listeners:[], old=null
2022-12-02 11:14:09,707 [7e2aca8c-5c6e-487b-9a67-6624db7a0d19@group-789105272DF3-FollowerState] INFO  impl.RoleInfo (RoleInfo.java:shutdownFollowerState(110)) - 7e2aca8c-5c6e-487b-9a67-6624db7a0d19: shutdown 7e2aca8c-5c6e-487b-9a67-6624db7a0d19@group-789105272DF3-FollowerState
2022-12-02 11:14:09,707 [7e2aca8c-5c6e-487b-9a67-6624db7a0d19@group-789105272DF3-FollowerState] INFO  server.RaftServer$Division (RaftServerImpl.java:setRole(321)) - 7e2aca8c-5c6e-487b-9a67-6624db7a0d19@group-789105272DF3: changes role from  FOLLOWER to CANDIDATE at term 2 for changeToCandidate
2022-12-02 11:14:09,707 [7e2aca8c-5c6e-487b-9a67-6624db7a0d19@group-789105272DF3-FollowerState] INFO  server.RaftServerConfigKeys (ConfUtils.java:logGet(46)) - raft.server.leaderelection.pre-vote = false (custom)
2022-12-02 11:14:09,708 [7e2aca8c-5c6e-487b-9a67-6624db7a0d19@group-789105272DF3-FollowerState] INFO  impl.RoleInfo (RoleInfo.java:updateAndGet(139)) - 7e2aca8c-5c6e-487b-9a67-6624db7a0d19: start 7e2aca8c-5c6e-487b-9a67-6624db7a0d19@group-789105272DF3-LeaderElection31
2022-12-02 11:14:09,708 [670c0782-42b0-403d-9acb-55f21abca380@group-789105272DF3-LeaderElection30] INFO  server.RaftServerConfigKeys (ConfUtils.java:logFallback(53)) - raft.server.rpc.first-election.timeout.min = 5s (fallback to raft.server.rpc.timeout.min)
2022-12-02 11:14:09,708 [670c0782-42b0-403d-9acb-55f21abca380@group-789105272DF3-LeaderElection30] INFO  server.RaftServerConfigKeys (ConfUtils.java:logFallback(53)) - raft.server.rpc.first-election.timeout.max = 5200ms (fallback to raft.server.rpc.timeout.max)
2022-12-02 11:14:09,710 [grpc-default-executor-0] INFO  server.RaftServer$Division (RaftServerImpl.java:requestVote(1218)) - 7e2aca8c-5c6e-487b-9a67-6624db7a0d19@group-789105272DF3: receive requestVote(ELECTION, 670c0782-42b0-403d-9acb-55f21abca380, group-789105272DF3, 3, (t:0, i:0))
2022-12-02 11:14:09,711 [grpc-default-executor-2] INFO  server.RaftServer$Division (RaftServerImpl.java:requestVote(1218)) - 2ec4b609-823d-4e71-a054-e2ed5db02f38@group-789105272DF3: receive requestVote(ELECTION, 670c0782-42b0-403d-9acb-55f21abca380, group-789105272DF3, 3, (t:0, i:0))
2022-12-02 11:14:09,711 [grpc-default-executor-2] INFO  impl.VoteContext (VoteContext.java:log(49)) - 2ec4b609-823d-4e71-a054-e2ed5db02f38@group-789105272DF3-FOLLOWER: accept ELECTION from 670c0782-42b0-403d-9acb-55f21abca380: our priority 0 <= candidate's priority 0
2022-12-02 11:14:09,711 [grpc-default-executor-2] INFO  server.RaftServer$Division (RaftServerImpl.java:setRole(321)) - 2ec4b609-823d-4e71-a054-e2ed5db02f38@group-789105272DF3: changes role from  FOLLOWER to FOLLOWER at term 3 for candidate:670c0782-42b0-403d-9acb-55f21abca380
2022-12-02 11:14:09,711 [grpc-default-executor-2] INFO  impl.RoleInfo (RoleInfo.java:shutdownFollowerState(110)) - 2ec4b609-823d-4e71-a054-e2ed5db02f38: shutdown 2ec4b609-823d-4e71-a054-e2ed5db02f38@group-789105272DF3-FollowerState
2022-12-02 11:14:09,711 [grpc-default-executor-2] INFO  impl.RoleInfo (RoleInfo.java:updateAndGet(139)) - 2ec4b609-823d-4e71-a054-e2ed5db02f38: start 2ec4b609-823d-4e71-a054-e2ed5db02f38@group-789105272DF3-FollowerState
2022-12-02 11:14:09,711 [grpc-default-executor-0] INFO  impl.VoteContext (VoteContext.java:log(49)) - 7e2aca8c-5c6e-487b-9a67-6624db7a0d19@group-789105272DF3-CANDIDATE: reject ELECTION from 670c0782-42b0-403d-9acb-55f21abca380: our priority 1 > candidate's priority 0
2022-12-02 11:14:09,711 [2ec4b609-823d-4e71-a054-e2ed5db02f38@group-789105272DF3-FollowerState] INFO  impl.FollowerState (FollowerState.java:run(152)) - 2ec4b609-823d-4e71-a054-e2ed5db02f38@group-789105272DF3-FollowerState was interrupted
2022-12-02 11:14:09,711 [grpc-default-executor-0] INFO  server.RaftServer$Division (RaftServerImpl.java:setRole(321)) - 7e2aca8c-5c6e-487b-9a67-6624db7a0d19@group-789105272DF3: changes role from CANDIDATE to FOLLOWER at term 3 for candidate:670c0782-42b0-403d-9acb-55f21abca380
2022-12-02 11:14:09,712 [grpc-default-executor-0] INFO  impl.RoleInfo (RoleInfo.java:shutdownLeaderElection(130)) - 7e2aca8c-5c6e-487b-9a67-6624db7a0d19: shutdown 7e2aca8c-5c6e-487b-9a67-6624db7a0d19@group-789105272DF3-LeaderElection31
2022-12-02 11:14:09,712 [7e2aca8c-5c6e-487b-9a67-6624db7a0d19@group-789105272DF3-LeaderElection31] INFO  impl.LeaderElection (LeaderElection.java:run(233)) - 7e2aca8c-5c6e-487b-9a67-6624db7a0d19@group-789105272DF3-LeaderElection31: skip running since this is already CLOSING
2022-12-02 11:14:09,712 [grpc-default-executor-0] INFO  impl.RoleInfo (RoleInfo.java:updateAndGet(139)) - 7e2aca8c-5c6e-487b-9a67-6624db7a0d19: start 7e2aca8c-5c6e-487b-9a67-6624db7a0d19@group-789105272DF3-FollowerState
2022-12-02 11:14:09,713 [2ec4b609-823d-4e71-a054-e2ed5db02f38@group-789105272DF3-FollowerState] INFO  server.RaftServerConfigKeys (ConfUtils.java:logFallback(53)) - raft.server.rpc.first-election.timeout.min = 5s (fallback to raft.server.rpc.timeout.min)
2022-12-02 11:14:09,713 [2ec4b609-823d-4e71-a054-e2ed5db02f38@group-789105272DF3-FollowerState] INFO  server.RaftServerConfigKeys (ConfUtils.java:logFallback(53)) - raft.server.rpc.first-election.timeout.max = 5200ms (fallback to raft.server.rpc.timeout.max)
2022-12-02 11:14:09,713 [7e2aca8c-5c6e-487b-9a67-6624db7a0d19@group-789105272DF3-FollowerState] INFO  server.RaftServerConfigKeys (ConfUtils.java:logFallback(53)) - raft.server.rpc.first-election.timeout.min = 5s (fallback to raft.server.rpc.timeout.min)
2022-12-02 11:14:09,715 [grpc-default-executor-0] INFO  server.RaftServer$Division (RaftServerImpl.java:requestVote(1251)) - 7e2aca8c-5c6e-487b-9a67-6624db7a0d19@group-789105272DF3 replies to ELECTION vote request: 670c0782-42b0-403d-9acb-55f21abca380<-7e2aca8c-5c6e-487b-9a67-6624db7a0d19#0:FAIL-t3. Peer's state: 7e2aca8c-5c6e-487b-9a67-6624db7a0d19@group-789105272DF3:t3, leader=null, voted=null, raftlog=Memoized:7e2aca8c-5c6e-487b-9a67-6624db7a0d19@group-789105272DF3-SegmentedRaftLog:OPENED:c-1, conf=-1: peers:[7e2aca8c-5c6e-487b-9a67-6624db7a0d19|rpc:10.1.0.7:44557|priority:1|startupRole:FOLLOWER, 2ec4b609-823d-4e71-a054-e2ed5db02f38|rpc:10.1.0.7:37481|priority:0|startupRole:FOLLOWER, 670c0782-42b0-403d-9acb-55f21abca380|rpc:10.1.0.7:43611|priority:0|startupRole:FOLLOWER]|listeners:[], old=null
2022-12-02 11:14:09,714 [grpc-default-executor-2] INFO  server.RaftServer$Division (RaftServerImpl.java:requestVote(1251)) - 2ec4b609-823d-4e71-a054-e2ed5db02f38@group-789105272DF3 replies to ELECTION vote request: 670c0782-42b0-403d-9acb-55f21abca380<-2ec4b609-823d-4e71-a054-e2ed5db02f38#0:OK-t3. Peer's state: 2ec4b609-823d-4e71-a054-e2ed5db02f38@group-789105272DF3:t3, leader=null, voted=670c0782-42b0-403d-9acb-55f21abca380, raftlog=Memoized:2ec4b609-823d-4e71-a054-e2ed5db02f38@group-789105272DF3-SegmentedRaftLog:OPENED:c-1, conf=-1: peers:[7e2aca8c-5c6e-487b-9a67-6624db7a0d19|rpc:10.1.0.7:44557|dataStream:|priority:1|startupRole:FOLLOWER, 2ec4b609-823d-4e71-a054-e2ed5db02f38|rpc:10.1.0.7:37481|dataStream:|priority:0|startupRole:FOLLOWER, 670c0782-42b0-403d-9acb-55f21abca380|rpc:10.1.0.7:43611|dataStream:|priority:0|startupRole:FOLLOWER]|listeners:[], old=null
2022-12-02 11:14:09,717 [670c0782-42b0-403d-9acb-55f21abca380@group-789105272DF3-LeaderElection30] INFO  impl.LeaderElection (LeaderElection.java:logAndReturn(90)) - 670c0782-42b0-403d-9acb-55f21abca380@group-789105272DF3-LeaderElection30: ELECTION REJECTED received 1 response(s) and 0 exception(s):
2022-12-02 11:14:09,717 [670c0782-42b0-403d-9acb-55f21abca380@group-789105272DF3-LeaderElection30] INFO  impl.LeaderElection (LeaderElection.java:logAndReturn(94)) -   Response 0: 670c0782-42b0-403d-9acb-55f21abca380<-7e2aca8c-5c6e-487b-9a67-6624db7a0d19#0:FAIL-t3
2022-12-02 11:14:09,717 [670c0782-42b0-403d-9acb-55f21abca380@group-789105272DF3-LeaderElection30] INFO  impl.LeaderElection (LeaderElection.java:askForVotes(314)) - 670c0782-42b0-403d-9acb-55f21abca380@group-789105272DF3-LeaderElection30 ELECTION round 0: result REJECTED
2022-12-02 11:14:09,717 [7e2aca8c-5c6e-487b-9a67-6624db7a0d19@group-789105272DF3-FollowerState] INFO  server.RaftServerConfigKeys (ConfUtils.java:logFallback(53)) - raft.server.rpc.first-election.timeout.max = 5200ms (fallback to raft.server.rpc.timeout.max)
2022-12-02 11:14:09,717 [670c0782-42b0-403d-9acb-55f21abca380@group-789105272DF3-LeaderElection30] INFO  server.RaftServer$Division (RaftServerImpl.java:setRole(321)) - 670c0782-42b0-403d-9acb-55f21abca380@group-789105272DF3: changes role from CANDIDATE to FOLLOWER at term 3 for REJECTED
2022-12-02 11:14:09,717 [670c0782-42b0-403d-9acb-55f21abca380@group-789105272DF3-LeaderElection30] INFO  impl.RoleInfo (RoleInfo.java:shutdownLeaderElection(130)) - 670c0782-42b0-403d-9acb-55f21abca380: shutdown 670c0782-42b0-403d-9acb-55f21abca380@group-789105272DF3-LeaderElection30
2022-12-02 11:14:09,717 [670c0782-42b0-403d-9acb-55f21abca380@group-789105272DF3-LeaderElection30] INFO  impl.RoleInfo (RoleInfo.java:updateAndGet(139)) - 670c0782-42b0-403d-9acb-55f21abca380: start 670c0782-42b0-403d-9acb-55f21abca380@group-789105272DF3-FollowerState
2022-12-02 11:14:09,718 [670c0782-42b0-403d-9acb-55f21abca380@group-789105272DF3-FollowerState] INFO  server.RaftServerConfigKeys (ConfUtils.java:logFallback(53)) - raft.server.rpc.first-election.timeout.min = 5s (fallback to raft.server.rpc.timeout.min)
2022-12-02 11:14:09,718 [670c0782-42b0-403d-9acb-55f21abca380@group-789105272DF3-FollowerState] INFO  server.RaftServerConfigKeys (ConfUtils.java:logFallback(53)) - raft.server.rpc.first-election.timeout.max = 5200ms (fallback to raft.server.rpc.timeout.max)
2022-12-02 11:14:09,765 [Listener at 127.0.0.1/43097] INFO  ozone.MiniOzoneClusterImpl (MiniOzoneClusterImpl.java:lambda$waitForClusterToBeReady$0(216)) - Nodes are ready. Got 3 of 3 DN Heartbeats.
2022-12-02 11:14:09,765 [Listener at 127.0.0.1/43097] INFO  ozone.MiniOzoneClusterImpl (MiniOzoneClusterImpl.java:lambda$waitForClusterToBeReady$0(219)) - Cluster exits safe mode
2022-12-02 11:14:09,765 [Listener at 127.0.0.1/43097] INFO  ozone.MiniOzoneClusterImpl (MiniOzoneClusterImpl.java:lambda$waitForClusterToBeReady$0(221)) - SCM became leader
2022-12-02 11:14:09,767 [Listener at 127.0.0.1/43097] INFO  ozoneimpl.OzoneContainer (OzoneContainer.java:stop(417)) - Attempting to stop container services.
2022-12-02 11:14:09,772 [Listener at 127.0.0.1/43097] INFO  server.RaftServer (RaftServerProxy.java:lambda$close$6(409)) - 7e2aca8c-5c6e-487b-9a67-6624db7a0d19: close
2022-12-02 11:14:09,772 [7e2aca8c-5c6e-487b-9a67-6624db7a0d19-impl-thread1] INFO  server.RaftServer$Division (RaftServerImpl.java:lambda$close$4(458)) - 7e2aca8c-5c6e-487b-9a67-6624db7a0d19@group-789105272DF3: shutdown
2022-12-02 11:14:09,773 [7e2aca8c-5c6e-487b-9a67-6624db7a0d19-impl-thread2] INFO  server.RaftServer$Division (RaftServerImpl.java:lambda$close$4(458)) - 7e2aca8c-5c6e-487b-9a67-6624db7a0d19@group-CC7A890D867E: shutdown
2022-12-02 11:14:09,773 [Listener at 127.0.0.1/43097] INFO  server.GrpcService (GrpcService.java:closeImpl(279)) - 7e2aca8c-5c6e-487b-9a67-6624db7a0d19: shutdown server GrpcServerProtocolService now
2022-12-02 11:14:09,773 [7e2aca8c-5c6e-487b-9a67-6624db7a0d19-impl-thread3] INFO  server.RaftServer$Division (RaftServerImpl.java:lambda$close$4(458)) - 7e2aca8c-5c6e-487b-9a67-6624db7a0d19@group-E292F41035C5: shutdown
2022-12-02 11:14:09,773 [7e2aca8c-5c6e-487b-9a67-6624db7a0d19-impl-thread1] INFO  util.JmxRegister (JmxRegister.java:unregister(73)) - Successfully un-registered JMX Bean with object name Ratis:service=RaftServer,group=group-789105272DF3,id=7e2aca8c-5c6e-487b-9a67-6624db7a0d19
2022-12-02 11:14:09,773 [7e2aca8c-5c6e-487b-9a67-6624db7a0d19-impl-thread3] INFO  util.JmxRegister (JmxRegister.java:unregister(73)) - Successfully un-registered JMX Bean with object name Ratis:service=RaftServer,group=group-E292F41035C5,id=7e2aca8c-5c6e-487b-9a67-6624db7a0d19
2022-12-02 11:14:09,773 [7e2aca8c-5c6e-487b-9a67-6624db7a0d19-impl-thread3] INFO  impl.RoleInfo (RoleInfo.java:shutdownLeaderState(93)) - 7e2aca8c-5c6e-487b-9a67-6624db7a0d19: shutdown 7e2aca8c-5c6e-487b-9a67-6624db7a0d19@group-E292F41035C5-LeaderStateImpl
2022-12-02 11:14:09,774 [7e2aca8c-5c6e-487b-9a67-6624db7a0d19-impl-thread3] INFO  impl.PendingRequests (PendingRequests.java:sendNotLeaderResponses(282)) - 7e2aca8c-5c6e-487b-9a67-6624db7a0d19@group-E292F41035C5-PendingRequests: sendNotLeaderResponses
2022-12-02 11:14:09,773 [7e2aca8c-5c6e-487b-9a67-6624db7a0d19-impl-thread2] INFO  util.JmxRegister (JmxRegister.java:unregister(73)) - Successfully un-registered JMX Bean with object name Ratis:service=RaftServer,group=group-CC7A890D867E,id=7e2aca8c-5c6e-487b-9a67-6624db7a0d19
2022-12-02 11:14:09,775 [7e2aca8c-5c6e-487b-9a67-6624db7a0d19-impl-thread2] INFO  impl.RoleInfo (RoleInfo.java:shutdownFollowerState(110)) - 7e2aca8c-5c6e-487b-9a67-6624db7a0d19: shutdown 7e2aca8c-5c6e-487b-9a67-6624db7a0d19@group-CC7A890D867E-FollowerState
2022-12-02 11:14:09,775 [7e2aca8c-5c6e-487b-9a67-6624db7a0d19-impl-thread3] INFO  impl.StateMachineUpdater (StateMachineUpdater.java:stopAndJoin(153)) - 7e2aca8c-5c6e-487b-9a67-6624db7a0d19@group-E292F41035C5-StateMachineUpdater: set stopIndex = 0
2022-12-02 11:14:09,775 [7e2aca8c-5c6e-487b-9a67-6624db7a0d19-impl-thread2] INFO  impl.StateMachineUpdater (StateMachineUpdater.java:stopAndJoin(153)) - 7e2aca8c-5c6e-487b-9a67-6624db7a0d19@group-CC7A890D867E-StateMachineUpdater: set stopIndex = 0
2022-12-02 11:14:09,775 [7e2aca8c-5c6e-487b-9a67-6624db7a0d19@group-CC7A890D867E-FollowerState] INFO  impl.FollowerState (FollowerState.java:run(152)) - 7e2aca8c-5c6e-487b-9a67-6624db7a0d19@group-CC7A890D867E-FollowerState was interrupted
2022-12-02 11:14:09,776 [grpc-default-executor-0] WARN  server.GrpcServerProtocolService (LogUtils.java:warn(122)) - 7e2aca8c-5c6e-487b-9a67-6624db7a0d19: installSnapshot onError, lastRequest: 2ec4b609-823d-4e71-a054-e2ed5db02f38->7e2aca8c-5c6e-487b-9a67-6624db7a0d19#1-t3,previous=(t:0, i:0),leaderCommit=0,initializing? true,entries: size=1, first=(t:3, i:0), CONFIGURATIONENTRY(current:id: "7e2aca8c-5c6e-487b-9a67-6624db7a0d19"
address: "10.1.0.7:44557"
clientAddress: "10.1.0.7:44557"
adminAddress: "10.1.0.7:44557"
startupRole: FOLLOWER
,id: "2ec4b609-823d-4e71-a054-e2ed5db02f38"
address: "10.1.0.7:37481"
priority: 1
clientAddress: "10.1.0.7:37481"
adminAddress: "10.1.0.7:37481"
startupRole: FOLLOWER
,id: "670c0782-42b0-403d-9acb-55f21abca380"
address: "10.1.0.7:43611"
clientAddress: "10.1.0.7:43611"
adminAddress: "10.1.0.7:43611"
startupRole: FOLLOWER
, old:): org.apache.ratis.thirdparty.io.grpc.StatusRuntimeException: CANCELLED: client cancelled
2022-12-02 11:14:09,776 [grpc-default-executor-4] WARN  server.GrpcLogAppender (LogUtils.java:warn(122)) - 2ec4b609-823d-4e71-a054-e2ed5db02f38@group-CC7A890D867E->7e2aca8c-5c6e-487b-9a67-6624db7a0d19-AppendLogResponseHandler: Failed appendEntries: org.apache.ratis.thirdparty.io.grpc.StatusRuntimeException: CANCELLED: RST_STREAM closed stream. HTTP/2 error code: CANCEL
2022-12-02 11:14:09,777 [grpc-default-executor-4] WARN  server.GrpcLogAppender (GrpcLogAppender.java:resetClient(131)) - 2ec4b609-823d-4e71-a054-e2ed5db02f38@group-CC7A890D867E->7e2aca8c-5c6e-487b-9a67-6624db7a0d19-GrpcLogAppender: Leader has not got in touch with Follower 2ec4b609-823d-4e71-a054-e2ed5db02f38@group-CC7A890D867E->7e2aca8c-5c6e-487b-9a67-6624db7a0d19(c0,m0,n1, attendVote=true, lastRpcSendTime=597, lastRpcResponseTime=563) yet, just keep nextIndex unchanged and retry.
2022-12-02 11:14:09,777 [7e2aca8c-5c6e-487b-9a67-6624db7a0d19@group-E292F41035C5-StateMachineUpdater] INFO  ratis.ContainerStateMachine (ContainerStateMachine.java:takeSnapshot(304)) - group-E292F41035C5: Taking a snapshot at:(t:1, i:0) file /home/runner/work/ozone/ozone/hadoop-ozone/integration-test/target/test-dir/MiniOzoneClusterImpl-8660d1ca-628d-42b2-bfba-a0a9046af5ec/datanode-0/data/ratis/32dc6fd4-c02e-413a-8c12-e292f41035c5/sm/snapshot.1_0
2022-12-02 11:14:09,777 [7e2aca8c-5c6e-487b-9a67-6624db7a0d19@group-CC7A890D867E-StateMachineUpdater] INFO  ratis.ContainerStateMachine (ContainerStateMachine.java:takeSnapshot(304)) - group-CC7A890D867E: Taking a snapshot at:(t:3, i:0) file /home/runner/work/ozone/ozone/hadoop-ozone/integration-test/target/test-dir/MiniOzoneClusterImpl-8660d1ca-628d-42b2-bfba-a0a9046af5ec/datanode-0/data/ratis/062614bd-6377-4b09-8d3e-cc7a890d867e/sm/snapshot.3_0
2022-12-02 11:14:09,778 [grpc-default-executor-1] WARN  server.GrpcServerProtocolService (LogUtils.java:warn(122)) - 7e2aca8c-5c6e-487b-9a67-6624db7a0d19: installSnapshot onError, lastRequest: null: org.apache.ratis.thirdparty.io.grpc.StatusRuntimeException: CANCELLED: client cancelled
2022-12-02 11:14:09,778 [7e2aca8c-5c6e-487b-9a67-6624db7a0d19@group-E292F41035C5-StateMachineUpdater] INFO  ratis.ContainerStateMachine (ContainerStateMachine.java:takeSnapshot(315)) - group-E292F41035C5: Finished taking a snapshot at:(t:1, i:0) file:/home/runner/work/ozone/ozone/hadoop-ozone/integration-test/target/test-dir/MiniOzoneClusterImpl-8660d1ca-628d-42b2-bfba-a0a9046af5ec/datanode-0/data/ratis/32dc6fd4-c02e-413a-8c12-e292f41035c5/sm/snapshot.1_0 took: 1 ms
2022-12-02 11:14:09,778 [7e2aca8c-5c6e-487b-9a67-6624db7a0d19@group-E292F41035C5-StateMachineUpdater] INFO  impl.StateMachineUpdater (StateMachineUpdater.java:takeSnapshot(287)) - 7e2aca8c-5c6e-487b-9a67-6624db7a0d19@group-E292F41035C5-StateMachineUpdater: Took a snapshot at index 0
2022-12-02 11:14:09,778 [7e2aca8c-5c6e-487b-9a67-6624db7a0d19@group-E292F41035C5-StateMachineUpdater] INFO  impl.StateMachineUpdater (StateMachineUpdater.java:lambda$new$0(92)) - 7e2aca8c-5c6e-487b-9a67-6624db7a0d19@group-E292F41035C5-StateMachineUpdater: snapshotIndex: updateIncreasingly -1 -> 0
2022-12-02 11:14:09,778 [7e2aca8c-5c6e-487b-9a67-6624db7a0d19@group-CC7A890D867E-StateMachineUpdater] INFO  ratis.ContainerStateMachine (ContainerStateMachine.java:takeSnapshot(315)) - group-CC7A890D867E: Finished taking a snapshot at:(t:3, i:0) file:/home/runner/work/ozone/ozone/hadoop-ozone/integration-test/target/test-dir/MiniOzoneClusterImpl-8660d1ca-628d-42b2-bfba-a0a9046af5ec/datanode-0/data/ratis/062614bd-6377-4b09-8d3e-cc7a890d867e/sm/snapshot.3_0 took: 1 ms
2022-12-02 11:14:09,773 [7e2aca8c-5c6e-487b-9a67-6624db7a0d19-impl-thread1] INFO  impl.RoleInfo (RoleInfo.java:shutdownFollowerState(110)) - 7e2aca8c-5c6e-487b-9a67-6624db7a0d19: shutdown 7e2aca8c-5c6e-487b-9a67-6624db7a0d19@group-789105272DF3-FollowerState
2022-12-02 11:14:09,779 [7e2aca8c-5c6e-487b-9a67-6624db7a0d19-impl-thread1] INFO  impl.StateMachineUpdater (StateMachineUpdater.java:stopAndJoin(153)) - 7e2aca8c-5c6e-487b-9a67-6624db7a0d19@group-789105272DF3-StateMachineUpdater: set stopIndex = -1
2022-12-02 11:14:09,779 [7e2aca8c-5c6e-487b-9a67-6624db7a0d19-impl-thread3] INFO  server.RaftServer$Division (ServerState.java:close(466)) - 7e2aca8c-5c6e-487b-9a67-6624db7a0d19@group-E292F41035C5: closes. applyIndex: 0
2022-12-02 11:14:09,779 [7e2aca8c-5c6e-487b-9a67-6624db7a0d19@group-CC7A890D867E-StateMachineUpdater] INFO  impl.StateMachineUpdater (StateMachineUpdater.java:takeSnapshot(287)) - 7e2aca8c-5c6e-487b-9a67-6624db7a0d19@group-CC7A890D867E-StateMachineUpdater: Took a snapshot at index 0
2022-12-02 11:14:09,779 [7e2aca8c-5c6e-487b-9a67-6624db7a0d19@group-CC7A890D867E-StateMachineUpdater] INFO  impl.StateMachineUpdater (StateMachineUpdater.java:lambda$new$0(92)) - 7e2aca8c-5c6e-487b-9a67-6624db7a0d19@group-CC7A890D867E-StateMachineUpdater: snapshotIndex: updateIncreasingly -1 -> 0
2022-12-02 11:14:09,779 [7e2aca8c-5c6e-487b-9a67-6624db7a0d19@group-789105272DF3-FollowerState] INFO  impl.FollowerState (FollowerState.java:run(152)) - 7e2aca8c-5c6e-487b-9a67-6624db7a0d19@group-789105272DF3-FollowerState was interrupted
2022-12-02 11:14:09,779 [7e2aca8c-5c6e-487b-9a67-6624db7a0d19-impl-thread2] INFO  server.RaftServer$Division (ServerState.java:close(466)) - 7e2aca8c-5c6e-487b-9a67-6624db7a0d19@group-CC7A890D867E: closes. applyIndex: 0
2022-12-02 11:14:09,780 [7e2aca8c-5c6e-487b-9a67-6624db7a0d19@group-CC7A890D867E-SegmentedRaftLogWorker] INFO  segmented.SegmentedRaftLogWorker (SegmentedRaftLogWorker.java:run(347)) - 7e2aca8c-5c6e-487b-9a67-6624db7a0d19@group-CC7A890D867E-SegmentedRaftLogWorker was interrupted, exiting. There are 0 tasks remaining in the queue.
2022-12-02 11:14:09,780 [7e2aca8c-5c6e-487b-9a67-6624db7a0d19@group-E292F41035C5-SegmentedRaftLogWorker] INFO  segmented.SegmentedRaftLogWorker (SegmentedRaftLogWorker.java:run(347)) - 7e2aca8c-5c6e-487b-9a67-6624db7a0d19@group-E292F41035C5-SegmentedRaftLogWorker was interrupted, exiting. There are 0 tasks remaining in the queue.
2022-12-02 11:14:09,780 [grpc-default-executor-2] WARN  server.GrpcLogAppender (LogUtils.java:warn(122)) - 2ec4b609-823d-4e71-a054-e2ed5db02f38@group-CC7A890D867E->7e2aca8c-5c6e-487b-9a67-6624db7a0d19-AppendLogResponseHandler: Failed appendEntries: org.apache.ratis.thirdparty.io.grpc.StatusRuntimeException: CANCELLED: RST_STREAM closed stream. HTTP/2 error code: CANCEL
2022-12-02 11:14:09,780 [grpc-default-executor-2] WARN  server.GrpcLogAppender (GrpcLogAppender.java:resetClient(131)) - 2ec4b609-823d-4e71-a054-e2ed5db02f38@group-CC7A890D867E->7e2aca8c-5c6e-487b-9a67-6624db7a0d19-GrpcLogAppender: Leader has not got in touch with Follower 2ec4b609-823d-4e71-a054-e2ed5db02f38@group-CC7A890D867E->7e2aca8c-5c6e-487b-9a67-6624db7a0d19(c0,m0,n1, attendVote=true, lastRpcSendTime=600, lastRpcResponseTime=566) yet, just keep nextIndex unchanged and retry.
2022-12-02 11:14:09,782 [7e2aca8c-5c6e-487b-9a67-6624db7a0d19-impl-thread1] INFO  server.RaftServer$Division (ServerState.java:close(466)) - 7e2aca8c-5c6e-487b-9a67-6624db7a0d19@group-789105272DF3: closes. applyIndex: -1
2022-12-02 11:14:09,782 [7e2aca8c-5c6e-487b-9a67-6624db7a0d19@group-789105272DF3-SegmentedRaftLogWorker] INFO  segmented.SegmentedRaftLogWorker (SegmentedRaftLogWorker.java:run(347)) - 7e2aca8c-5c6e-487b-9a67-6624db7a0d19@group-789105272DF3-SegmentedRaftLogWorker was interrupted, exiting. There are 0 tasks remaining in the queue.
2022-12-02 11:14:09,786 [7e2aca8c-5c6e-487b-9a67-6624db7a0d19-impl-thread1] INFO  segmented.SegmentedRaftLogWorker (SegmentedRaftLogWorker.java:close(257)) - 7e2aca8c-5c6e-487b-9a67-6624db7a0d19@group-789105272DF3-SegmentedRaftLogWorker close()
2022-12-02 11:14:09,791 [Listener at 127.0.0.1/43097] INFO  server.GrpcServerProtocolClient (GrpcServerProtocolClient.java:close(111)) - 2ec4b609-823d-4e71-a054-e2ed5db02f38 Close channels
2022-12-02 11:14:09,794 [ForkJoinPool.commonPool-worker-1] INFO  server.GrpcServerProtocolClient (GrpcServerProtocolClient.java:close(111)) - 670c0782-42b0-403d-9acb-55f21abca380 Close channels
2022-12-02 11:14:09,799 [7e2aca8c-5c6e-487b-9a67-6624db7a0d19-impl-thread2] INFO  segmented.SegmentedRaftLogWorker (SegmentedRaftLogWorker.java:close(257)) - 7e2aca8c-5c6e-487b-9a67-6624db7a0d19@group-CC7A890D867E-SegmentedRaftLogWorker close()
2022-12-02 11:14:09,800 [7e2aca8c-5c6e-487b-9a67-6624db7a0d19-impl-thread3] INFO  segmented.SegmentedRaftLogWorker (SegmentedRaftLogWorker.java:close(257)) - 7e2aca8c-5c6e-487b-9a67-6624db7a0d19@group-E292F41035C5-SegmentedRaftLogWorker close()
2022-12-02 11:14:09,800 [Listener at 127.0.0.1/43097] INFO  server.GrpcService (GrpcService.java:closeImpl(288)) - 7e2aca8c-5c6e-487b-9a67-6624db7a0d19: shutdown server GrpcServerProtocolService successfully
2022-12-02 11:14:09,810 [JvmPauseMonitor8] INFO  util.JvmPauseMonitor (JvmPauseMonitor.java:run(111)) - JvmPauseMonitor-7e2aca8c-5c6e-487b-9a67-6624db7a0d19: Stopped
2022-12-02 11:14:10,274 [JvmPauseMonitor9] WARN  util.JvmPauseMonitor (JvmPauseMonitor.java:detectPause(126)) - JvmPauseMonitor-670c0782-42b0-403d-9acb-55f21abca380: Detected pause in JVM or host machine (eg GC): pause of approximately 378914858ns.
GC pool 'PS MarkSweep' had collection(s): count=1 time=237ms
GC pool 'PS Scavenge' had collection(s): count=1 time=201ms
2022-12-02 11:14:11,165 [EventQueue-CommandQueueReportForCommandQueueReportHandler] WARN  events.EventQueue (EventQueue.java:fireEvent(216)) - No event handler registered for event TypedEvent{payloadType=DatanodeDetails, name='Datanode_Command_Queue_Updated'}
2022-12-02 11:14:11,538 [EventQueue-CommandQueueReportForCommandQueueReportHandler] WARN  events.EventQueue (EventQueue.java:fireEvent(216)) - No event handler registered for event TypedEvent{payloadType=DatanodeDetails, name='Datanode_Command_Queue_Updated'}
2022-12-02 11:14:11,717 [grpc-default-executor-1] WARN  server.GrpcLogAppender (LogUtils.java:warn(122)) - 2ec4b609-823d-4e71-a054-e2ed5db02f38@group-CC7A890D867E->7e2aca8c-5c6e-487b-9a67-6624db7a0d19-AppendLogResponseHandler: Failed appendEntries: org.apache.ratis.thirdparty.io.grpc.StatusRuntimeException: UNAVAILABLE: io exception
2022-12-02 11:14:11,717 [grpc-default-executor-1] WARN  server.GrpcLogAppender (GrpcLogAppender.java:resetClient(131)) - 2ec4b609-823d-4e71-a054-e2ed5db02f38@group-CC7A890D867E->7e2aca8c-5c6e-487b-9a67-6624db7a0d19-GrpcLogAppender: Leader has not got in touch with Follower 2ec4b609-823d-4e71-a054-e2ed5db02f38@group-CC7A890D867E->7e2aca8c-5c6e-487b-9a67-6624db7a0d19(c0,m0,n1, attendVote=true, lastRpcSendTime=2, lastRpcResponseTime=2503) yet, just keep nextIndex unchanged and retry.
2022-12-02 11:14:11,720 [grpc-default-executor-2] WARN  server.GrpcLogAppender (LogUtils.java:warn(122)) - 2ec4b609-823d-4e71-a054-e2ed5db02f38@group-CC7A890D867E->7e2aca8c-5c6e-487b-9a67-6624db7a0d19-AppendLogResponseHandler: Failed appendEntries: org.apache.ratis.thirdparty.io.grpc.StatusRuntimeException: UNAVAILABLE: io exception
2022-12-02 11:14:11,720 [grpc-default-executor-2] WARN  server.GrpcLogAppender (GrpcLogAppender.java:resetClient(131)) - 2ec4b609-823d-4e71-a054-e2ed5db02f38@group-CC7A890D867E->7e2aca8c-5c6e-487b-9a67-6624db7a0d19-GrpcLogAppender: Leader has not got in touch with Follower 2ec4b609-823d-4e71-a054-e2ed5db02f38@group-CC7A890D867E->7e2aca8c-5c6e-487b-9a67-6624db7a0d19(c0,m0,n1, attendVote=true, lastRpcSendTime=5, lastRpcResponseTime=2506) yet, just keep nextIndex unchanged and retry.
2022-12-02 11:14:11,898 [Listener at 127.0.0.1/43097] INFO  volume.HddsVolume (HddsVolume.java:closeDbStore(338)) - SchemaV3 db is stopped at /home/runner/work/ozone/ozone/hadoop-ozone/integration-test/target/test-dir/MiniOzoneClusterImpl-8660d1ca-628d-42b2-bfba-a0a9046af5ec/datanode-0/data-0/containers/hdds/8660d1ca-628d-42b2-bfba-a0a9046af5ec/DS-874dfa9e-2418-4db3-a49d-f47f76eb49d7/container.db for volume DS-874dfa9e-2418-4db3-a49d-f47f76eb49d7
2022-12-02 11:14:11,899 [Listener at 127.0.0.1/43097] INFO  utils.BackgroundService (BackgroundService.java:shutdown(141)) - Shutting down service BlockDeletingService
2022-12-02 11:14:11,899 [Listener at 127.0.0.1/43097] INFO  utils.BackgroundService (BackgroundService.java:shutdown(141)) - Shutting down service StaleRecoveringContainerScrubbingService
2022-12-02 11:14:11,901 [Listener at 127.0.0.1/43097] INFO  statemachine.DatanodeStateMachine (DatanodeStateMachine.java:stopDaemon(593)) - Ozone container server stopped.
2022-12-02 11:14:11,914 [Listener at 127.0.0.1/43097] INFO  handler.ContextHandler (ContextHandler.java:doStop(1159)) - Stopped o.e.j.w.WebAppContext@2b99c80d{hddsDatanode,/,null,STOPPED}{jar:file:/home/runner/.m2/repository/org/apache/ozone/hdds-container-service/1.3.0-SNAPSHOT/hdds-container-service-1.3.0-SNAPSHOT.jar!/webapps/hddsDatanode}
2022-12-02 11:14:11,915 [Listener at 127.0.0.1/43097] INFO  server.AbstractConnector (AbstractConnector.java:doStop(383)) - Stopped ServerConnector@1dfc03d{HTTP/1.1, (http/1.1)}{0.0.0.0:0}
2022-12-02 11:14:11,916 [Listener at 127.0.0.1/43097] INFO  server.session (HouseKeeper.java:stopScavenging(149)) - node0 Stopped scavenging
2022-12-02 11:14:11,916 [Listener at 127.0.0.1/43097] INFO  handler.ContextHandler (ContextHandler.java:doStop(1159)) - Stopped o.e.j.s.ServletContextHandler@243deeda{static,/static,jar:file:/home/runner/.m2/repository/org/apache/ozone/hdds-container-service/1.3.0-SNAPSHOT/hdds-container-service-1.3.0-SNAPSHOT.jar!/webapps/static,STOPPED}
2022-12-02 11:14:11,917 [Listener at 127.0.0.1/43097] INFO  handler.ContextHandler (ContextHandler.java:doStop(1159)) - Stopped o.e.j.s.ServletContextHandler@7c461c22{logs,/logs,file:///home/runner/work/ozone/ozone/hadoop-ozone/integration-test/target/log,STOPPED}
2022-12-02 11:14:11,923 [Listener at 127.0.0.1/43097] INFO  ozoneimpl.OzoneContainer (OzoneContainer.java:stop(417)) - Attempting to stop container services.
2022-12-02 11:14:11,925 [Listener at 127.0.0.1/43097] INFO  server.RaftServer (RaftServerProxy.java:lambda$close$6(409)) - 670c0782-42b0-403d-9acb-55f21abca380: close
2022-12-02 11:14:11,925 [670c0782-42b0-403d-9acb-55f21abca380-impl-thread1] INFO  server.RaftServer$Division (RaftServerImpl.java:lambda$close$4(458)) - 670c0782-42b0-403d-9acb-55f21abca380@group-789105272DF3: shutdown
2022-12-02 11:14:11,925 [670c0782-42b0-403d-9acb-55f21abca380-impl-thread1] INFO  util.JmxRegister (JmxRegister.java:unregister(73)) - Successfully un-registered JMX Bean with object name Ratis:service=RaftServer,group=group-789105272DF3,id=670c0782-42b0-403d-9acb-55f21abca380
2022-12-02 11:14:11,925 [670c0782-42b0-403d-9acb-55f21abca380-impl-thread1] INFO  impl.RoleInfo (RoleInfo.java:shutdownFollowerState(110)) - 670c0782-42b0-403d-9acb-55f21abca380: shutdown 670c0782-42b0-403d-9acb-55f21abca380@group-789105272DF3-FollowerState
2022-12-02 11:14:11,926 [670c0782-42b0-403d-9acb-55f21abca380-impl-thread1] INFO  impl.StateMachineUpdater (StateMachineUpdater.java:stopAndJoin(153)) - 670c0782-42b0-403d-9acb-55f21abca380@group-789105272DF3-StateMachineUpdater: set stopIndex = -1
2022-12-02 11:14:11,926 [670c0782-42b0-403d-9acb-55f21abca380-impl-thread1] INFO  server.RaftServer$Division (ServerState.java:close(466)) - 670c0782-42b0-403d-9acb-55f21abca380@group-789105272DF3: closes. applyIndex: -1
2022-12-02 11:14:11,926 [670c0782-42b0-403d-9acb-55f21abca380@group-789105272DF3-FollowerState] INFO  impl.FollowerState (FollowerState.java:run(152)) - 670c0782-42b0-403d-9acb-55f21abca380@group-789105272DF3-FollowerState was interrupted
2022-12-02 11:14:11,926 [670c0782-42b0-403d-9acb-55f21abca380@group-789105272DF3-SegmentedRaftLogWorker] INFO  segmented.SegmentedRaftLogWorker (SegmentedRaftLogWorker.java:run(347)) - 670c0782-42b0-403d-9acb-55f21abca380@group-789105272DF3-SegmentedRaftLogWorker was interrupted, exiting. There are 0 tasks remaining in the queue.
2022-12-02 11:14:11,927 [670c0782-42b0-403d-9acb-55f21abca380-impl-thread1] INFO  segmented.SegmentedRaftLogWorker (SegmentedRaftLogWorker.java:close(257)) - 670c0782-42b0-403d-9acb-55f21abca380@group-789105272DF3-SegmentedRaftLogWorker close()
2022-12-02 11:14:11,928 [670c0782-42b0-403d-9acb-55f21abca380-impl-thread1] INFO  server.RaftServer$Division (RaftServerImpl.java:lambda$close$4(458)) - 670c0782-42b0-403d-9acb-55f21abca380@group-CC7A890D867E: shutdown
2022-12-02 11:14:11,928 [670c0782-42b0-403d-9acb-55f21abca380-impl-thread1] INFO  util.JmxRegister (JmxRegister.java:unregister(73)) - Successfully un-registered JMX Bean with object name Ratis:service=RaftServer,group=group-CC7A890D867E,id=670c0782-42b0-403d-9acb-55f21abca380
2022-12-02 11:14:11,928 [670c0782-42b0-403d-9acb-55f21abca380-impl-thread1] INFO  impl.RoleInfo (RoleInfo.java:shutdownFollowerState(110)) - 670c0782-42b0-403d-9acb-55f21abca380: shutdown 670c0782-42b0-403d-9acb-55f21abca380@group-CC7A890D867E-FollowerState
2022-12-02 11:14:11,928 [670c0782-42b0-403d-9acb-55f21abca380@group-CC7A890D867E-FollowerState] INFO  impl.FollowerState (FollowerState.java:run(152)) - 670c0782-42b0-403d-9acb-55f21abca380@group-CC7A890D867E-FollowerState was interrupted
2022-12-02 11:14:11,928 [670c0782-42b0-403d-9acb-55f21abca380-impl-thread1] INFO  impl.StateMachineUpdater (StateMachineUpdater.java:stopAndJoin(153)) - 670c0782-42b0-403d-9acb-55f21abca380@group-CC7A890D867E-StateMachineUpdater: set stopIndex = 0
2022-12-02 11:14:11,928 [Listener at 127.0.0.1/43097] INFO  server.GrpcService (GrpcService.java:closeImpl(279)) - 670c0782-42b0-403d-9acb-55f21abca380: shutdown server GrpcServerProtocolService now
2022-12-02 11:14:11,928 [670c0782-42b0-403d-9acb-55f21abca380@group-CC7A890D867E-StateMachineUpdater] INFO  ratis.ContainerStateMachine (ContainerStateMachine.java:takeSnapshot(304)) - group-CC7A890D867E: Taking a snapshot at:(t:3, i:0) file /home/runner/work/ozone/ozone/hadoop-ozone/integration-test/target/test-dir/MiniOzoneClusterImpl-8660d1ca-628d-42b2-bfba-a0a9046af5ec/datanode-1/data/ratis/062614bd-6377-4b09-8d3e-cc7a890d867e/sm/snapshot.3_0
2022-12-02 11:14:11,930 [670c0782-42b0-403d-9acb-55f21abca380@group-CC7A890D867E-StateMachineUpdater] INFO  ratis.ContainerStateMachine (ContainerStateMachine.java:takeSnapshot(315)) - group-CC7A890D867E: Finished taking a snapshot at:(t:3, i:0) file:/home/runner/work/ozone/ozone/hadoop-ozone/integration-test/target/test-dir/MiniOzoneClusterImpl-8660d1ca-628d-42b2-bfba-a0a9046af5ec/datanode-1/data/ratis/062614bd-6377-4b09-8d3e-cc7a890d867e/sm/snapshot.3_0 took: 1 ms
2022-12-02 11:14:11,939 [grpc-default-executor-2] WARN  server.GrpcServerProtocolService (LogUtils.java:warn(122)) - 670c0782-42b0-403d-9acb-55f21abca380: installSnapshot onError, lastRequest: null: org.apache.ratis.thirdparty.io.grpc.StatusRuntimeException: CANCELLED: client cancelled
2022-12-02 11:14:11,938 [grpc-default-executor-1] WARN  server.GrpcServerProtocolService (LogUtils.java:warn(122)) - 670c0782-42b0-403d-9acb-55f21abca380: installSnapshot onError, lastRequest: 2ec4b609-823d-4e71-a054-e2ed5db02f38->670c0782-42b0-403d-9acb-55f21abca380#1-t3,previous=(t:0, i:0),leaderCommit=0,initializing? true,entries: size=1, first=(t:3, i:0), CONFIGURATIONENTRY(current:id: "7e2aca8c-5c6e-487b-9a67-6624db7a0d19"
address: "10.1.0.7:44557"
clientAddress: "10.1.0.7:44557"
adminAddress: "10.1.0.7:44557"
startupRole: FOLLOWER
,id: "2ec4b609-823d-4e71-a054-e2ed5db02f38"
address: "10.1.0.7:37481"
priority: 1
clientAddress: "10.1.0.7:37481"
adminAddress: "10.1.0.7:37481"
startupRole: FOLLOWER
,id: "670c0782-42b0-403d-9acb-55f21abca380"
address: "10.1.0.7:43611"
clientAddress: "10.1.0.7:43611"
adminAddress: "10.1.0.7:43611"
startupRole: FOLLOWER
, old:): org.apache.ratis.thirdparty.io.grpc.StatusRuntimeException: CANCELLED: client cancelled
2022-12-02 11:14:11,942 [670c0782-42b0-403d-9acb-55f21abca380@group-CC7A890D867E-StateMachineUpdater] INFO  impl.StateMachineUpdater (StateMachineUpdater.java:takeSnapshot(287)) - 670c0782-42b0-403d-9acb-55f21abca380@group-CC7A890D867E-StateMachineUpdater: Took a snapshot at index 0
2022-12-02 11:14:11,942 [670c0782-42b0-403d-9acb-55f21abca380@group-CC7A890D867E-StateMachineUpdater] INFO  impl.StateMachineUpdater (StateMachineUpdater.java:lambda$new$0(92)) - 670c0782-42b0-403d-9acb-55f21abca380@group-CC7A890D867E-StateMachineUpdater: snapshotIndex: updateIncreasingly -1 -> 0
2022-12-02 11:14:11,943 [670c0782-42b0-403d-9acb-55f21abca380-impl-thread1] INFO  server.RaftServer$Division (ServerState.java:close(466)) - 670c0782-42b0-403d-9acb-55f21abca380@group-CC7A890D867E: closes. applyIndex: 0
2022-12-02 11:14:11,943 [670c0782-42b0-403d-9acb-55f21abca380@group-CC7A890D867E-SegmentedRaftLogWorker] INFO  segmented.SegmentedRaftLogWorker (SegmentedRaftLogWorker.java:run(347)) - 670c0782-42b0-403d-9acb-55f21abca380@group-CC7A890D867E-SegmentedRaftLogWorker was interrupted, exiting. There are 0 tasks remaining in the queue.
2022-12-02 11:14:11,938 [grpc-default-executor-3] WARN  server.GrpcLogAppender (LogUtils.java:warn(122)) - 2ec4b609-823d-4e71-a054-e2ed5db02f38@group-CC7A890D867E->670c0782-42b0-403d-9acb-55f21abca380-AppendLogResponseHandler: Failed appendEntries: org.apache.ratis.thirdparty.io.grpc.StatusRuntimeException: CANCELLED: RST_STREAM closed stream. HTTP/2 error code: CANCEL
2022-12-02 11:14:11,945 [grpc-default-executor-3] WARN  server.GrpcLogAppender (GrpcLogAppender.java:resetClient(131)) - 2ec4b609-823d-4e71-a054-e2ed5db02f38@group-CC7A890D867E->670c0782-42b0-403d-9acb-55f21abca380-GrpcLogAppender: Leader has not got in touch with Follower 2ec4b609-823d-4e71-a054-e2ed5db02f38@group-CC7A890D867E->670c0782-42b0-403d-9acb-55f21abca380(c0,m0,n1, attendVote=true, lastRpcSendTime=222, lastRpcResponseTime=218) yet, just keep nextIndex unchanged and retry.
2022-12-02 11:14:11,962 [grpc-default-executor-4] WARN  server.GrpcLogAppender (LogUtils.java:warn(122)) - 2ec4b609-823d-4e71-a054-e2ed5db02f38@group-CC7A890D867E->670c0782-42b0-403d-9acb-55f21abca380-AppendLogResponseHandler: Failed appendEntries: org.apache.ratis.thirdparty.io.grpc.StatusRuntimeException: CANCELLED: RST_STREAM closed stream. HTTP/2 error code: CANCEL
2022-12-02 11:14:11,963 [grpc-default-executor-4] WARN  server.GrpcLogAppender (GrpcLogAppender.java:resetClient(131)) - 2ec4b609-823d-4e71-a054-e2ed5db02f38@group-CC7A890D867E->670c0782-42b0-403d-9acb-55f21abca380-GrpcLogAppender: Leader has not got in touch with Follower 2ec4b609-823d-4e71-a054-e2ed5db02f38@group-CC7A890D867E->670c0782-42b0-403d-9acb-55f21abca380(c0,m0,n1, attendVote=true, lastRpcSendTime=240, lastRpcResponseTime=236) yet, just keep nextIndex unchanged and retry.
2022-12-02 11:14:11,963 [Listener at 127.0.0.1/43097] INFO  server.GrpcServerProtocolClient (GrpcServerProtocolClient.java:close(111)) - 7e2aca8c-5c6e-487b-9a67-6624db7a0d19 Close channels
2022-12-02 11:14:11,964 [670c0782-42b0-403d-9acb-55f21abca380-impl-thread1] INFO  segmented.SegmentedRaftLogWorker (SegmentedRaftLogWorker.java:close(257)) - 670c0782-42b0-403d-9acb-55f21abca380@group-CC7A890D867E-SegmentedRaftLogWorker close()
2022-12-02 11:14:11,966 [Listener at 127.0.0.1/43097] INFO  server.GrpcServerProtocolClient (GrpcServerProtocolClient.java:close(111)) - 2ec4b609-823d-4e71-a054-e2ed5db02f38 Close channels
2022-12-02 11:14:11,969 [670c0782-42b0-403d-9acb-55f21abca380-impl-thread2] INFO  server.RaftServer$Division (RaftServerImpl.java:lambda$close$4(458)) - 670c0782-42b0-403d-9acb-55f21abca380@group-73F48DFDC415: shutdown
2022-12-02 11:14:11,970 [Listener at 127.0.0.1/43097] INFO  server.GrpcService (GrpcService.java:closeImpl(288)) - 670c0782-42b0-403d-9acb-55f21abca380: shutdown server GrpcServerProtocolService successfully
2022-12-02 11:14:11,973 [670c0782-42b0-403d-9acb-55f21abca380-impl-thread2] INFO  util.JmxRegister (JmxRegister.java:unregister(73)) - Successfully un-registered JMX Bean with object name Ratis:service=RaftServer,group=group-73F48DFDC415,id=670c0782-42b0-403d-9acb-55f21abca380
2022-12-02 11:14:11,973 [670c0782-42b0-403d-9acb-55f21abca380-impl-thread2] INFO  impl.RoleInfo (RoleInfo.java:shutdownLeaderState(93)) - 670c0782-42b0-403d-9acb-55f21abca380: shutdown 670c0782-42b0-403d-9acb-55f21abca380@group-73F48DFDC415-LeaderStateImpl
2022-12-02 11:14:11,973 [670c0782-42b0-403d-9acb-55f21abca380-impl-thread2] INFO  impl.PendingRequests (PendingRequests.java:sendNotLeaderResponses(282)) - 670c0782-42b0-403d-9acb-55f21abca380@group-73F48DFDC415-PendingRequests: sendNotLeaderResponses
2022-12-02 11:14:11,974 [670c0782-42b0-403d-9acb-55f21abca380-impl-thread2] INFO  impl.StateMachineUpdater (StateMachineUpdater.java:stopAndJoin(153)) - 670c0782-42b0-403d-9acb-55f21abca380@group-73F48DFDC415-StateMachineUpdater: set stopIndex = 0
2022-12-02 11:14:11,974 [670c0782-42b0-403d-9acb-55f21abca380@group-73F48DFDC415-StateMachineUpdater] INFO  ratis.ContainerStateMachine (ContainerStateMachine.java:takeSnapshot(304)) - group-73F48DFDC415: Taking a snapshot at:(t:1, i:0) file /home/runner/work/ozone/ozone/hadoop-ozone/integration-test/target/test-dir/MiniOzoneClusterImpl-8660d1ca-628d-42b2-bfba-a0a9046af5ec/datanode-1/data/ratis/36c0531f-7b6d-43cd-9f20-73f48dfdc415/sm/snapshot.1_0
2022-12-02 11:14:11,975 [670c0782-42b0-403d-9acb-55f21abca380@group-73F48DFDC415-StateMachineUpdater] INFO  ratis.ContainerStateMachine (ContainerStateMachine.java:takeSnapshot(315)) - group-73F48DFDC415: Finished taking a snapshot at:(t:1, i:0) file:/home/runner/work/ozone/ozone/hadoop-ozone/integration-test/target/test-dir/MiniOzoneClusterImpl-8660d1ca-628d-42b2-bfba-a0a9046af5ec/datanode-1/data/ratis/36c0531f-7b6d-43cd-9f20-73f48dfdc415/sm/snapshot.1_0 took: 0 ms
2022-12-02 11:14:11,976 [670c0782-42b0-403d-9acb-55f21abca380@group-73F48DFDC415-StateMachineUpdater] INFO  impl.StateMachineUpdater (StateMachineUpdater.java:takeSnapshot(287)) - 670c0782-42b0-403d-9acb-55f21abca380@group-73F48DFDC415-StateMachineUpdater: Took a snapshot at index 0
2022-12-02 11:14:11,976 [670c0782-42b0-403d-9acb-55f21abca380@group-73F48DFDC415-StateMachineUpdater] INFO  impl.StateMachineUpdater (StateMachineUpdater.java:lambda$new$0(92)) - 670c0782-42b0-403d-9acb-55f21abca380@group-73F48DFDC415-StateMachineUpdater: snapshotIndex: updateIncreasingly -1 -> 0
2022-12-02 11:14:11,976 [670c0782-42b0-403d-9acb-55f21abca380-impl-thread2] INFO  server.RaftServer$Division (ServerState.java:close(466)) - 670c0782-42b0-403d-9acb-55f21abca380@group-73F48DFDC415: closes. applyIndex: 0
2022-12-02 11:14:11,976 [670c0782-42b0-403d-9acb-55f21abca380@group-73F48DFDC415-SegmentedRaftLogWorker] INFO  segmented.SegmentedRaftLogWorker (SegmentedRaftLogWorker.java:run(347)) - 670c0782-42b0-403d-9acb-55f21abca380@group-73F48DFDC415-SegmentedRaftLogWorker was interrupted, exiting. There are 0 tasks remaining in the queue.
2022-12-02 11:14:11,982 [670c0782-42b0-403d-9acb-55f21abca380-impl-thread2] INFO  segmented.SegmentedRaftLogWorker (SegmentedRaftLogWorker.java:close(257)) - 670c0782-42b0-403d-9acb-55f21abca380@group-73F48DFDC415-SegmentedRaftLogWorker close()
2022-12-02 11:14:11,983 [JvmPauseMonitor9] INFO  util.JvmPauseMonitor (JvmPauseMonitor.java:run(111)) - JvmPauseMonitor-670c0782-42b0-403d-9acb-55f21abca380: Stopped
2022-12-02 11:14:12,966 [grpc-default-executor-4] WARN  server.GrpcLogAppender (LogUtils.java:warn(122)) - 2ec4b609-823d-4e71-a054-e2ed5db02f38@group-CC7A890D867E->7e2aca8c-5c6e-487b-9a67-6624db7a0d19-AppendLogResponseHandler: Failed appendEntries: org.apache.ratis.thirdparty.io.grpc.StatusRuntimeException: UNAVAILABLE: io exception
2022-12-02 11:14:12,968 [grpc-default-executor-4] WARN  server.GrpcLogAppender (GrpcLogAppender.java:resetClient(131)) - 2ec4b609-823d-4e71-a054-e2ed5db02f38@group-CC7A890D867E->7e2aca8c-5c6e-487b-9a67-6624db7a0d19-GrpcLogAppender: Leader has not got in touch with Follower 2ec4b609-823d-4e71-a054-e2ed5db02f38@group-CC7A890D867E->7e2aca8c-5c6e-487b-9a67-6624db7a0d19(c0,m0,n1, attendVote=true, lastRpcSendTime=1, lastRpcResponseTime=3753) yet, just keep nextIndex unchanged and retry.
2022-12-02 11:14:12,968 [grpc-default-executor-3] WARN  server.GrpcLogAppender (LogUtils.java:warn(122)) - 2ec4b609-823d-4e71-a054-e2ed5db02f38@group-CC7A890D867E->7e2aca8c-5c6e-487b-9a67-6624db7a0d19-AppendLogResponseHandler: Failed appendEntries: org.apache.ratis.thirdparty.io.grpc.StatusRuntimeException: UNAVAILABLE: io exception
2022-12-02 11:14:12,968 [grpc-default-executor-3] WARN  server.GrpcLogAppender (GrpcLogAppender.java:resetClient(131)) - 2ec4b609-823d-4e71-a054-e2ed5db02f38@group-CC7A890D867E->7e2aca8c-5c6e-487b-9a67-6624db7a0d19-GrpcLogAppender: Leader has not got in touch with Follower 2ec4b609-823d-4e71-a054-e2ed5db02f38@group-CC7A890D867E->7e2aca8c-5c6e-487b-9a67-6624db7a0d19(c0,m0,n1, attendVote=true, lastRpcSendTime=2, lastRpcResponseTime=3754) yet, just keep nextIndex unchanged and retry.
2022-12-02 11:14:13,165 [EventQueue-CommandQueueReportForCommandQueueReportHandler] WARN  events.EventQueue (EventQueue.java:fireEvent(216)) - No event handler registered for event TypedEvent{payloadType=DatanodeDetails, name='Datanode_Command_Queue_Updated'}
2022-12-02 11:14:14,000 [Listener at 127.0.0.1/43097] INFO  volume.HddsVolume (HddsVolume.java:closeDbStore(338)) - SchemaV3 db is stopped at /home/runner/work/ozone/ozone/hadoop-ozone/integration-test/target/test-dir/MiniOzoneClusterImpl-8660d1ca-628d-42b2-bfba-a0a9046af5ec/datanode-1/data-0/containers/hdds/8660d1ca-628d-42b2-bfba-a0a9046af5ec/DS-39f771d1-e4af-47de-92e9-0f1f68b0f835/container.db for volume DS-39f771d1-e4af-47de-92e9-0f1f68b0f835
2022-12-02 11:14:14,000 [Listener at 127.0.0.1/43097] INFO  utils.BackgroundService (BackgroundService.java:shutdown(141)) - Shutting down service BlockDeletingService
2022-12-02 11:14:14,001 [Listener at 127.0.0.1/43097] INFO  utils.BackgroundService (BackgroundService.java:shutdown(141)) - Shutting down service StaleRecoveringContainerScrubbingService
2022-12-02 11:14:14,005 [Listener at 127.0.0.1/43097] INFO  statemachine.DatanodeStateMachine (DatanodeStateMachine.java:stopDaemon(593)) - Ozone container server stopped.
2022-12-02 11:14:14,016 [Listener at 127.0.0.1/43097] INFO  handler.ContextHandler (ContextHandler.java:doStop(1159)) - Stopped o.e.j.w.WebAppContext@162989b9{hddsDatanode,/,null,STOPPED}{jar:file:/home/runner/.m2/repository/org/apache/ozone/hdds-container-service/1.3.0-SNAPSHOT/hdds-container-service-1.3.0-SNAPSHOT.jar!/webapps/hddsDatanode}
2022-12-02 11:14:14,017 [Listener at 127.0.0.1/43097] INFO  server.AbstractConnector (AbstractConnector.java:doStop(383)) - Stopped ServerConnector@1b621efe{HTTP/1.1, (http/1.1)}{0.0.0.0:0}
2022-12-02 11:14:14,018 [Listener at 127.0.0.1/43097] INFO  server.session (HouseKeeper.java:stopScavenging(149)) - node0 Stopped scavenging
2022-12-02 11:14:14,019 [Listener at 127.0.0.1/43097] INFO  handler.ContextHandler (ContextHandler.java:doStop(1159)) - Stopped o.e.j.s.ServletContextHandler@3d4258ff{static,/static,jar:file:/home/runner/.m2/repository/org/apache/ozone/hdds-container-service/1.3.0-SNAPSHOT/hdds-container-service-1.3.0-SNAPSHOT.jar!/webapps/static,STOPPED}
2022-12-02 11:14:14,019 [Listener at 127.0.0.1/43097] INFO  handler.ContextHandler (ContextHandler.java:doStop(1159)) - Stopped o.e.j.s.ServletContextHandler@79ed2670{logs,/logs,file:///home/runner/work/ozone/ozone/hadoop-ozone/integration-test/target/log,STOPPED}
2022-12-02 11:14:14,026 [Listener at 127.0.0.1/43097] INFO  ozoneimpl.OzoneContainer (OzoneContainer.java:stop(417)) - Attempting to stop container services.
2022-12-02 11:14:14,027 [Listener at 127.0.0.1/43097] INFO  server.RaftServer (RaftServerProxy.java:lambda$close$6(409)) - 2ec4b609-823d-4e71-a054-e2ed5db02f38: close
2022-12-02 11:14:14,028 [2ec4b609-823d-4e71-a054-e2ed5db02f38-impl-thread1] INFO  server.RaftServer$Division (RaftServerImpl.java:lambda$close$4(458)) - 2ec4b609-823d-4e71-a054-e2ed5db02f38@group-789105272DF3: shutdown
2022-12-02 11:14:14,028 [2ec4b609-823d-4e71-a054-e2ed5db02f38-impl-thread1] INFO  util.JmxRegister (JmxRegister.java:unregister(73)) - Successfully un-registered JMX Bean with object name Ratis:service=RaftServer,group=group-789105272DF3,id=2ec4b609-823d-4e71-a054-e2ed5db02f38
2022-12-02 11:14:14,028 [2ec4b609-823d-4e71-a054-e2ed5db02f38-impl-thread1] INFO  impl.RoleInfo (RoleInfo.java:shutdownFollowerState(110)) - 2ec4b609-823d-4e71-a054-e2ed5db02f38: shutdown 2ec4b609-823d-4e71-a054-e2ed5db02f38@group-789105272DF3-FollowerState
2022-12-02 11:14:14,028 [2ec4b609-823d-4e71-a054-e2ed5db02f38-impl-thread1] INFO  impl.StateMachineUpdater (StateMachineUpdater.java:stopAndJoin(153)) - 2ec4b609-823d-4e71-a054-e2ed5db02f38@group-789105272DF3-StateMachineUpdater: set stopIndex = -1
2022-12-02 11:14:14,028 [2ec4b609-823d-4e71-a054-e2ed5db02f38@group-789105272DF3-FollowerState] INFO  impl.FollowerState (FollowerState.java:run(152)) - 2ec4b609-823d-4e71-a054-e2ed5db02f38@group-789105272DF3-FollowerState was interrupted
2022-12-02 11:14:14,028 [2ec4b609-823d-4e71-a054-e2ed5db02f38-impl-thread1] INFO  server.RaftServer$Division (ServerState.java:close(466)) - 2ec4b609-823d-4e71-a054-e2ed5db02f38@group-789105272DF3: closes. applyIndex: -1
2022-12-02 11:14:14,029 [2ec4b609-823d-4e71-a054-e2ed5db02f38-impl-thread2] INFO  server.RaftServer$Division (RaftServerImpl.java:lambda$close$4(458)) - 2ec4b609-823d-4e71-a054-e2ed5db02f38@group-CC7A890D867E: shutdown
2022-12-02 11:14:14,029 [2ec4b609-823d-4e71-a054-e2ed5db02f38-impl-thread2] INFO  util.JmxRegister (JmxRegister.java:unregister(73)) - Successfully un-registered JMX Bean with object name Ratis:service=RaftServer,group=group-CC7A890D867E,id=2ec4b609-823d-4e71-a054-e2ed5db02f38
2022-12-02 11:14:14,029 [2ec4b609-823d-4e71-a054-e2ed5db02f38-impl-thread2] INFO  impl.RoleInfo (RoleInfo.java:shutdownLeaderState(93)) - 2ec4b609-823d-4e71-a054-e2ed5db02f38: shutdown 2ec4b609-823d-4e71-a054-e2ed5db02f38@group-CC7A890D867E-LeaderStateImpl
2022-12-02 11:14:14,029 [Listener at 127.0.0.1/43097] INFO  server.GrpcService (GrpcService.java:closeImpl(279)) - 2ec4b609-823d-4e71-a054-e2ed5db02f38: shutdown server GrpcServerProtocolService now
2022-12-02 11:14:14,029 [2ec4b609-823d-4e71-a054-e2ed5db02f38@group-789105272DF3-SegmentedRaftLogWorker] INFO  segmented.SegmentedRaftLogWorker (SegmentedRaftLogWorker.java:run(347)) - 2ec4b609-823d-4e71-a054-e2ed5db02f38@group-789105272DF3-SegmentedRaftLogWorker was interrupted, exiting. There are 0 tasks remaining in the queue.
2022-12-02 11:14:14,031 [2ec4b609-823d-4e71-a054-e2ed5db02f38-impl-thread2] INFO  impl.PendingRequests (PendingRequests.java:sendNotLeaderResponses(282)) - 2ec4b609-823d-4e71-a054-e2ed5db02f38@group-CC7A890D867E-PendingRequests: sendNotLeaderResponses
2022-12-02 11:14:14,033 [2ec4b609-823d-4e71-a054-e2ed5db02f38-impl-thread2] INFO  impl.StateMachineUpdater (StateMachineUpdater.java:stopAndJoin(153)) - 2ec4b609-823d-4e71-a054-e2ed5db02f38@group-CC7A890D867E-StateMachineUpdater: set stopIndex = 0
2022-12-02 11:14:14,034 [2ec4b609-823d-4e71-a054-e2ed5db02f38-impl-thread3] INFO  server.RaftServer$Division (RaftServerImpl.java:lambda$close$4(458)) - 2ec4b609-823d-4e71-a054-e2ed5db02f38@group-E629549C3E12: shutdown
2022-12-02 11:14:14,034 [2ec4b609-823d-4e71-a054-e2ed5db02f38@group-CC7A890D867E-StateMachineUpdater] INFO  ratis.ContainerStateMachine (ContainerStateMachine.java:takeSnapshot(304)) - group-CC7A890D867E: Taking a snapshot at:(t:3, i:0) file /home/runner/work/ozone/ozone/hadoop-ozone/integration-test/target/test-dir/MiniOzoneClusterImpl-8660d1ca-628d-42b2-bfba-a0a9046af5ec/datanode-2/data/ratis/062614bd-6377-4b09-8d3e-cc7a890d867e/sm/snapshot.3_0
2022-12-02 11:14:14,034 [2ec4b609-823d-4e71-a054-e2ed5db02f38-impl-thread3] INFO  util.JmxRegister (JmxRegister.java:unregister(73)) - Successfully un-registered JMX Bean with object name Ratis:service=RaftServer,group=group-E629549C3E12,id=2ec4b609-823d-4e71-a054-e2ed5db02f38
2022-12-02 11:14:14,034 [2ec4b609-823d-4e71-a054-e2ed5db02f38-impl-thread3] INFO  impl.RoleInfo (RoleInfo.java:shutdownLeaderState(93)) - 2ec4b609-823d-4e71-a054-e2ed5db02f38: shutdown 2ec4b609-823d-4e71-a054-e2ed5db02f38@group-E629549C3E12-LeaderStateImpl
2022-12-02 11:14:14,034 [2ec4b609-823d-4e71-a054-e2ed5db02f38-impl-thread1] INFO  segmented.SegmentedRaftLogWorker (SegmentedRaftLogWorker.java:close(257)) - 2ec4b609-823d-4e71-a054-e2ed5db02f38@group-789105272DF3-SegmentedRaftLogWorker close()
2022-12-02 11:14:14,034 [2ec4b609-823d-4e71-a054-e2ed5db02f38-impl-thread3] INFO  impl.PendingRequests (PendingRequests.java:sendNotLeaderResponses(282)) - 2ec4b609-823d-4e71-a054-e2ed5db02f38@group-E629549C3E12-PendingRequests: sendNotLeaderResponses
2022-12-02 11:14:14,034 [Listener at 127.0.0.1/43097] INFO  server.GrpcServerProtocolClient (GrpcServerProtocolClient.java:close(111)) - 7e2aca8c-5c6e-487b-9a67-6624db7a0d19 Close channels
2022-12-02 11:14:14,035 [2ec4b609-823d-4e71-a054-e2ed5db02f38@group-CC7A890D867E-StateMachineUpdater] INFO  ratis.ContainerStateMachine (ContainerStateMachine.java:takeSnapshot(315)) - group-CC7A890D867E: Finished taking a snapshot at:(t:3, i:0) file:/home/runner/work/ozone/ozone/hadoop-ozone/integration-test/target/test-dir/MiniOzoneClusterImpl-8660d1ca-628d-42b2-bfba-a0a9046af5ec/datanode-2/data/ratis/062614bd-6377-4b09-8d3e-cc7a890d867e/sm/snapshot.3_0 took: 2 ms
2022-12-02 11:14:14,036 [ForkJoinPool.commonPool-worker-1] INFO  server.GrpcServerProtocolClient (GrpcServerProtocolClient.java:close(111)) - 670c0782-42b0-403d-9acb-55f21abca380 Close channels
2022-12-02 11:14:14,036 [2ec4b609-823d-4e71-a054-e2ed5db02f38@group-CC7A890D867E-StateMachineUpdater] INFO  impl.StateMachineUpdater (StateMachineUpdater.java:takeSnapshot(287)) - 2ec4b609-823d-4e71-a054-e2ed5db02f38@group-CC7A890D867E-StateMachineUpdater: Took a snapshot at index 0
2022-12-02 11:14:14,036 [2ec4b609-823d-4e71-a054-e2ed5db02f38@group-CC7A890D867E-StateMachineUpdater] INFO  impl.StateMachineUpdater (StateMachineUpdater.java:lambda$new$0(92)) - 2ec4b609-823d-4e71-a054-e2ed5db02f38@group-CC7A890D867E-StateMachineUpdater: snapshotIndex: updateIncreasingly -1 -> 0
2022-12-02 11:14:14,036 [2ec4b609-823d-4e71-a054-e2ed5db02f38-impl-thread2] INFO  server.RaftServer$Division (ServerState.java:close(466)) - 2ec4b609-823d-4e71-a054-e2ed5db02f38@group-CC7A890D867E: closes. applyIndex: 0
2022-12-02 11:14:14,037 [2ec4b609-823d-4e71-a054-e2ed5db02f38@group-CC7A890D867E-SegmentedRaftLogWorker] INFO  segmented.SegmentedRaftLogWorker (SegmentedRaftLogWorker.java:run(347)) - 2ec4b609-823d-4e71-a054-e2ed5db02f38@group-CC7A890D867E-SegmentedRaftLogWorker was interrupted, exiting. There are 0 tasks remaining in the queue.
2022-12-02 11:14:14,043 [2ec4b609-823d-4e71-a054-e2ed5db02f38-impl-thread2] INFO  segmented.SegmentedRaftLogWorker (SegmentedRaftLogWorker.java:close(257)) - 2ec4b609-823d-4e71-a054-e2ed5db02f38@group-CC7A890D867E-SegmentedRaftLogWorker close()
2022-12-02 11:14:14,051 [Listener at 127.0.0.1/43097] INFO  server.GrpcService (GrpcService.java:closeImpl(288)) - 2ec4b609-823d-4e71-a054-e2ed5db02f38: shutdown server GrpcServerProtocolService successfully
2022-12-02 11:14:14,055 [2ec4b609-823d-4e71-a054-e2ed5db02f38@group-E629549C3E12-StateMachineUpdater] INFO  ratis.ContainerStateMachine (ContainerStateMachine.java:takeSnapshot(304)) - group-E629549C3E12: Taking a snapshot at:(t:1, i:0) file /home/runner/work/ozone/ozone/hadoop-ozone/integration-test/target/test-dir/MiniOzoneClusterImpl-8660d1ca-628d-42b2-bfba-a0a9046af5ec/datanode-2/data/ratis/985de3b7-49ad-4775-b0bd-e629549c3e12/sm/snapshot.1_0
2022-12-02 11:14:14,055 [2ec4b609-823d-4e71-a054-e2ed5db02f38-impl-thread3] INFO  impl.StateMachineUpdater (StateMachineUpdater.java:stopAndJoin(153)) - 2ec4b609-823d-4e71-a054-e2ed5db02f38@group-E629549C3E12-StateMachineUpdater: set stopIndex = 0
2022-12-02 11:14:14,056 [2ec4b609-823d-4e71-a054-e2ed5db02f38@group-E629549C3E12-StateMachineUpdater] INFO  ratis.ContainerStateMachine (ContainerStateMachine.java:takeSnapshot(315)) - group-E629549C3E12: Finished taking a snapshot at:(t:1, i:0) file:/home/runner/work/ozone/ozone/hadoop-ozone/integration-test/target/test-dir/MiniOzoneClusterImpl-8660d1ca-628d-42b2-bfba-a0a9046af5ec/datanode-2/data/ratis/985de3b7-49ad-4775-b0bd-e629549c3e12/sm/snapshot.1_0 took: 2 ms
2022-12-02 11:14:14,057 [2ec4b609-823d-4e71-a054-e2ed5db02f38@group-E629549C3E12-StateMachineUpdater] INFO  impl.StateMachineUpdater (StateMachineUpdater.java:takeSnapshot(287)) - 2ec4b609-823d-4e71-a054-e2ed5db02f38@group-E629549C3E12-StateMachineUpdater: Took a snapshot at index 0
2022-12-02 11:14:14,057 [2ec4b609-823d-4e71-a054-e2ed5db02f38@group-E629549C3E12-StateMachineUpdater] INFO  impl.StateMachineUpdater (StateMachineUpdater.java:lambda$new$0(92)) - 2ec4b609-823d-4e71-a054-e2ed5db02f38@group-E629549C3E12-StateMachineUpdater: snapshotIndex: updateIncreasingly -1 -> 0
2022-12-02 11:14:14,057 [2ec4b609-823d-4e71-a054-e2ed5db02f38-impl-thread3] INFO  server.RaftServer$Division (ServerState.java:close(466)) - 2ec4b609-823d-4e71-a054-e2ed5db02f38@group-E629549C3E12: closes. applyIndex: 0
2022-12-02 11:14:14,057 [2ec4b609-823d-4e71-a054-e2ed5db02f38@group-E629549C3E12-SegmentedRaftLogWorker] INFO  segmented.SegmentedRaftLogWorker (SegmentedRaftLogWorker.java:run(347)) - 2ec4b609-823d-4e71-a054-e2ed5db02f38@group-E629549C3E12-SegmentedRaftLogWorker was interrupted, exiting. There are 0 tasks remaining in the queue.
2022-12-02 11:14:14,059 [2ec4b609-823d-4e71-a054-e2ed5db02f38-impl-thread3] INFO  segmented.SegmentedRaftLogWorker (SegmentedRaftLogWorker.java:close(257)) - 2ec4b609-823d-4e71-a054-e2ed5db02f38@group-E629549C3E12-SegmentedRaftLogWorker close()
2022-12-02 11:14:14,060 [JvmPauseMonitor10] INFO  util.JvmPauseMonitor (JvmPauseMonitor.java:run(111)) - JvmPauseMonitor-2ec4b609-823d-4e71-a054-e2ed5db02f38: Stopped
2022-12-02 11:14:15,090 [Over Replicated Processor] INFO  replication.OverReplicatedProcessor (OverReplicatedProcessor.java:processAll(79)) - Processed 0 over replicated containers, failed processing 0
2022-12-02 11:14:15,092 [Under Replicated Processor] INFO  replication.UnderReplicatedProcessor (UnderReplicatedProcessor.java:processAll(79)) - Processed 0 under replicated containers, failed processing 0
2022-12-02 11:14:15,275 [EventQueue-StaleNodeForStaleNodeHandler] INFO  node.StaleNodeHandler (StaleNodeHandler.java:onMessage(59)) - Datanode 7e2aca8c-5c6e-487b-9a67-6624db7a0d19{ip: 10.1.0.7, host: fv-az205-634.k2gd1z4tyxsu3cbgyjsjq30zwf.jx.internal.cloudapp.net, ports: [REPLICATION=35417, RATIS=44557, RATIS_ADMIN=44557, RATIS_SERVER=44557, STANDALONE=39721], networkLocation: /default-rack, certSerialId: null, persistedOpState: IN_SERVICE, persistedOpStateExpiryEpochSec: 0} moved to stale state. Finalizing its pipelines [PipelineID=08e3d165-b014-4633-bee5-789105272df3, PipelineID=062614bd-6377-4b09-8d3e-cc7a890d867e, PipelineID=32dc6fd4-c02e-413a-8c12-e292f41035c5]
2022-12-02 11:14:15,278 [EventQueue-StaleNodeForStaleNodeHandler] INFO  pipeline.PipelineManagerImpl (PipelineManagerImpl.java:closePipeline(442)) - Pipeline Pipeline[ Id: 08e3d165-b014-4633-bee5-789105272df3, Nodes: 7e2aca8c-5c6e-487b-9a67-6624db7a0d19{ip: 10.1.0.7, host: fv-az205-634.k2gd1z4tyxsu3cbgyjsjq30zwf.jx.internal.cloudapp.net, ports: [REPLICATION=35417, RATIS=44557, RATIS_ADMIN=44557, RATIS_SERVER=44557, STANDALONE=39721], networkLocation: /default-rack, certSerialId: null, persistedOpState: IN_SERVICE, persistedOpStateExpiryEpochSec: 0}670c0782-42b0-403d-9acb-55f21abca380{ip: 10.1.0.7, host: fv-az205-634.k2gd1z4tyxsu3cbgyjsjq30zwf.jx.internal.cloudapp.net, ports: [REPLICATION=46539, RATIS=43611, RATIS_ADMIN=43611, RATIS_SERVER=43611, STANDALONE=33355], networkLocation: /default-rack, certSerialId: null, persistedOpState: IN_SERVICE, persistedOpStateExpiryEpochSec: 0}2ec4b609-823d-4e71-a054-e2ed5db02f38{ip: 10.1.0.7, host: fv-az205-634.k2gd1z4tyxsu3cbgyjsjq30zwf.jx.internal.cloudapp.net, ports: [REPLICATION=36787, RATIS=37481, RATIS_ADMIN=37481, RATIS_SERVER=37481, STANDALONE=35425], networkLocation: /default-rack, certSerialId: null, persistedOpState: IN_SERVICE, persistedOpStateExpiryEpochSec: 0}, ReplicationConfig: RATIS/THREE, State:ALLOCATED, leaderId:, CreationTimestamp2022-12-02T11:13:51.747Z[Etc/UTC]] moved to CLOSED state
2022-12-02 11:14:15,278 [EventQueue-StaleNodeForStaleNodeHandler] INFO  pipeline.PipelineManagerImpl (PipelineManagerImpl.java:closePipeline(442)) - Pipeline Pipeline[ Id: 062614bd-6377-4b09-8d3e-cc7a890d867e, Nodes: 670c0782-42b0-403d-9acb-55f21abca380{ip: 10.1.0.7, host: fv-az205-634.k2gd1z4tyxsu3cbgyjsjq30zwf.jx.internal.cloudapp.net, ports: [REPLICATION=46539, RATIS=43611, RATIS_ADMIN=43611, RATIS_SERVER=43611, STANDALONE=33355], networkLocation: /default-rack, certSerialId: null, persistedOpState: IN_SERVICE, persistedOpStateExpiryEpochSec: 0}2ec4b609-823d-4e71-a054-e2ed5db02f38{ip: 10.1.0.7, host: fv-az205-634.k2gd1z4tyxsu3cbgyjsjq30zwf.jx.internal.cloudapp.net, ports: [REPLICATION=36787, RATIS=37481, RATIS_ADMIN=37481, RATIS_SERVER=37481, STANDALONE=35425], networkLocation: /default-rack, certSerialId: null, persistedOpState: IN_SERVICE, persistedOpStateExpiryEpochSec: 0}7e2aca8c-5c6e-487b-9a67-6624db7a0d19{ip: 10.1.0.7, host: fv-az205-634.k2gd1z4tyxsu3cbgyjsjq30zwf.jx.internal.cloudapp.net, ports: [REPLICATION=35417, RATIS=44557, RATIS_ADMIN=44557, RATIS_SERVER=44557, STANDALONE=39721], networkLocation: /default-rack, certSerialId: null, persistedOpState: IN_SERVICE, persistedOpStateExpiryEpochSec: 0}, ReplicationConfig: RATIS/THREE, State:OPEN, leaderId:2ec4b609-823d-4e71-a054-e2ed5db02f38, CreationTimestamp2022-12-02T11:13:51.746Z[Etc/UTC]] moved to CLOSED state
2022-12-02 11:14:15,279 [EventQueue-StaleNodeForStaleNodeHandler] INFO  pipeline.PipelineManagerImpl (PipelineManagerImpl.java:closePipeline(442)) - Pipeline Pipeline[ Id: 32dc6fd4-c02e-413a-8c12-e292f41035c5, Nodes: 7e2aca8c-5c6e-487b-9a67-6624db7a0d19{ip: 10.1.0.7, host: fv-az205-634.k2gd1z4tyxsu3cbgyjsjq30zwf.jx.internal.cloudapp.net, ports: [REPLICATION=35417, RATIS=44557, RATIS_ADMIN=44557, RATIS_SERVER=44557, STANDALONE=39721], networkLocation: /default-rack, certSerialId: null, persistedOpState: IN_SERVICE, persistedOpStateExpiryEpochSec: 0}, ReplicationConfig: RATIS/ONE, State:OPEN, leaderId:7e2aca8c-5c6e-487b-9a67-6624db7a0d19, CreationTimestamp2022-12-02T11:13:50.879Z[Etc/UTC]] moved to CLOSED state
2022-12-02 11:14:16,067 [Listener at 127.0.0.1/43097] INFO  volume.HddsVolume (HddsVolume.java:closeDbStore(338)) - SchemaV3 db is stopped at /home/runner/work/ozone/ozone/hadoop-ozone/integration-test/target/test-dir/MiniOzoneClusterImpl-8660d1ca-628d-42b2-bfba-a0a9046af5ec/datanode-2/data-0/containers/hdds/8660d1ca-628d-42b2-bfba-a0a9046af5ec/DS-f0312d4c-2340-4c4b-bb79-7f2c088384bf/container.db for volume DS-f0312d4c-2340-4c4b-bb79-7f2c088384bf
2022-12-02 11:14:16,067 [Listener at 127.0.0.1/43097] INFO  utils.BackgroundService (BackgroundService.java:shutdown(141)) - Shutting down service BlockDeletingService
2022-12-02 11:14:16,068 [Listener at 127.0.0.1/43097] INFO  utils.BackgroundService (BackgroundService.java:shutdown(141)) - Shutting down service StaleRecoveringContainerScrubbingService
2022-12-02 11:14:16,070 [Listener at 127.0.0.1/43097] INFO  statemachine.DatanodeStateMachine (DatanodeStateMachine.java:stopDaemon(593)) - Ozone container server stopped.
2022-12-02 11:14:16,082 [Listener at 127.0.0.1/43097] INFO  handler.ContextHandler (ContextHandler.java:doStop(1159)) - Stopped o.e.j.w.WebAppContext@76cc6c28{hddsDatanode,/,null,STOPPED}{jar:file:/home/runner/.m2/repository/org/apache/ozone/hdds-container-service/1.3.0-SNAPSHOT/hdds-container-service-1.3.0-SNAPSHOT.jar!/webapps/hddsDatanode}
2022-12-02 11:14:16,083 [Listener at 127.0.0.1/43097] INFO  server.AbstractConnector (AbstractConnector.java:doStop(383)) - Stopped ServerConnector@7de9b985{HTTP/1.1, (http/1.1)}{0.0.0.0:0}
2022-12-02 11:14:16,083 [Listener at 127.0.0.1/43097] INFO  server.session (HouseKeeper.java:stopScavenging(149)) - node0 Stopped scavenging
2022-12-02 11:14:16,083 [Listener at 127.0.0.1/43097] INFO  handler.ContextHandler (ContextHandler.java:doStop(1159)) - Stopped o.e.j.s.ServletContextHandler@374baba3{static,/static,jar:file:/home/runner/.m2/repository/org/apache/ozone/hdds-container-service/1.3.0-SNAPSHOT/hdds-container-service-1.3.0-SNAPSHOT.jar!/webapps/static,STOPPED}
2022-12-02 11:14:16,083 [Listener at 127.0.0.1/43097] INFO  handler.ContextHandler (ContextHandler.java:doStop(1159)) - Stopped o.e.j.s.ServletContextHandler@f04b408{logs,/logs,file:///home/runner/work/ozone/ozone/hadoop-ozone/integration-test/target/log,STOPPED}
2022-12-02 11:14:18,275 [EventQueue-StaleNodeForStaleNodeHandler] INFO  node.StaleNodeHandler (StaleNodeHandler.java:onMessage(59)) - Datanode 670c0782-42b0-403d-9acb-55f21abca380{ip: 10.1.0.7, host: fv-az205-634.k2gd1z4tyxsu3cbgyjsjq30zwf.jx.internal.cloudapp.net, ports: [REPLICATION=46539, RATIS=43611, RATIS_ADMIN=43611, RATIS_SERVER=43611, STANDALONE=33355], networkLocation: /default-rack, certSerialId: null, persistedOpState: IN_SERVICE, persistedOpStateExpiryEpochSec: 0} moved to stale state. Finalizing its pipelines [PipelineID=08e3d165-b014-4633-bee5-789105272df3, PipelineID=062614bd-6377-4b09-8d3e-cc7a890d867e, PipelineID=36c0531f-7b6d-43cd-9f20-73f48dfdc415]
2022-12-02 11:14:18,276 [EventQueue-StaleNodeForStaleNodeHandler] INFO  pipeline.PipelineManagerImpl (PipelineManagerImpl.java:closePipeline(442)) - Pipeline Pipeline[ Id: 36c0531f-7b6d-43cd-9f20-73f48dfdc415, Nodes: 670c0782-42b0-403d-9acb-55f21abca380{ip: 10.1.0.7, host: fv-az205-634.k2gd1z4tyxsu3cbgyjsjq30zwf.jx.internal.cloudapp.net, ports: [REPLICATION=46539, RATIS=43611, RATIS_ADMIN=43611, RATIS_SERVER=43611, STANDALONE=33355], networkLocation: /default-rack, certSerialId: null, persistedOpState: IN_SERVICE, persistedOpStateExpiryEpochSec: 0}, ReplicationConfig: RATIS/ONE, State:OPEN, leaderId:670c0782-42b0-403d-9acb-55f21abca380, CreationTimestamp2022-12-02T11:13:51.331Z[Etc/UTC]] moved to CLOSED state
2022-12-02 11:14:19,276 [EventQueue-StaleNodeForStaleNodeHandler] INFO  node.StaleNodeHandler (StaleNodeHandler.java:onMessage(59)) - Datanode 2ec4b609-823d-4e71-a054-e2ed5db02f38{ip: 10.1.0.7, host: fv-az205-634.k2gd1z4tyxsu3cbgyjsjq30zwf.jx.internal.cloudapp.net, ports: [REPLICATION=36787, RATIS=37481, RATIS_ADMIN=37481, RATIS_SERVER=37481, STANDALONE=35425], networkLocation: /default-rack, certSerialId: null, persistedOpState: IN_SERVICE, persistedOpStateExpiryEpochSec: 0} moved to stale state. Finalizing its pipelines [PipelineID=08e3d165-b014-4633-bee5-789105272df3, PipelineID=062614bd-6377-4b09-8d3e-cc7a890d867e, PipelineID=985de3b7-49ad-4775-b0bd-e629549c3e12]
2022-12-02 11:14:19,277 [EventQueue-StaleNodeForStaleNodeHandler] INFO  pipeline.PipelineManagerImpl (PipelineManagerImpl.java:closePipeline(442)) - Pipeline Pipeline[ Id: 985de3b7-49ad-4775-b0bd-e629549c3e12, Nodes: 2ec4b609-823d-4e71-a054-e2ed5db02f38{ip: 10.1.0.7, host: fv-az205-634.k2gd1z4tyxsu3cbgyjsjq30zwf.jx.internal.cloudapp.net, ports: [REPLICATION=36787, RATIS=37481, RATIS_ADMIN=37481, RATIS_SERVER=37481, STANDALONE=35425], networkLocation: /default-rack, certSerialId: null, persistedOpState: IN_SERVICE, persistedOpStateExpiryEpochSec: 0}, ReplicationConfig: RATIS/ONE, State:OPEN, leaderId:2ec4b609-823d-4e71-a054-e2ed5db02f38, CreationTimestamp2022-12-02T11:13:51.744Z[Etc/UTC]] moved to CLOSED state
2022-12-02 11:14:19,300 [Listener at 127.0.0.1/43097] ERROR pipeline.PipelinePlacementPolicy (PipelinePlacementPolicy.java:filterViableNodes(130)) - No healthy node found to allocate container.
2022-12-02 11:14:19,305 [Listener at 127.0.0.1/43097] INFO  impl.MetricsSystemImpl (MetricsSystemImpl.java:init(158)) - HddsDatanode metrics system started (again)
2022-12-02 11:14:19,352 [Listener at 127.0.0.1/43097] INFO  ozone.HddsDatanodeService (HddsDatanodeService.java:start(236)) - HddsDatanodeService host:fv-az205-634.k2gd1z4tyxsu3cbgyjsjq30zwf.jx.internal.cloudapp.net ip:10.1.0.7
2022-12-02 11:14:19,368 [Listener at 127.0.0.1/43097] INFO  upgrade.AbstractLayoutVersionManager (AbstractLayoutVersionManager.java:init(83)) - Initializing Layout version manager with metadata layout = DATANODE_SCHEMA_V3 (version = 4), software layout = DATANODE_SCHEMA_V3 (version = 4)
2022-12-02 11:14:19,423 [Listener at 127.0.0.1/43097] INFO  reflections.Reflections (Reflections.java:scan(232)) - Reflections took 54 ms to scan 7 urls, producing 140 keys and 342 values 
2022-12-02 11:14:19,425 [Listener at 127.0.0.1/43097] INFO  statemachine.DatanodeStateMachine (DatanodeStateMachine.java:getEndPointTaskThreadPoolSize(245)) - Datanode State Machine Task Thread Pool size 2
2022-12-02 11:14:19,427 [Listener at 127.0.0.1/43097] INFO  volume.HddsVolume (HddsVolume.java:<init>(117)) - Creating HddsVolume: /home/runner/work/ozone/ozone/hadoop-ozone/integration-test/target/test-dir/MiniOzoneClusterImpl-8660d1ca-628d-42b2-bfba-a0a9046af5ec/datanode-0/data-0/containers/hdds of storage type : DISK capacity : 9223372036854775807
2022-12-02 11:14:19,428 [Listener at 127.0.0.1/43097] INFO  volume.MutableVolumeSet (MutableVolumeSet.java:initializeVolumeSet(174)) - Added Volume : /home/runner/work/ozone/ozone/hadoop-ozone/integration-test/target/test-dir/MiniOzoneClusterImpl-8660d1ca-628d-42b2-bfba-a0a9046af5ec/datanode-0/data-0/containers/hdds to VolumeSet
2022-12-02 11:14:19,428 [Listener at 127.0.0.1/43097] INFO  volume.ThrottledAsyncChecker (ThrottledAsyncChecker.java:schedule(141)) - Scheduling a check for /home/runner/work/ozone/ozone/hadoop-ozone/integration-test/target/test-dir/MiniOzoneClusterImpl-8660d1ca-628d-42b2-bfba-a0a9046af5ec/datanode-0/data-0/containers/hdds
2022-12-02 11:14:19,434 [Listener at 127.0.0.1/43097] INFO  volume.StorageVolumeChecker (StorageVolumeChecker.java:checkAllVolumes(202)) - Scheduled health check for volume /home/runner/work/ozone/ozone/hadoop-ozone/integration-test/target/test-dir/MiniOzoneClusterImpl-8660d1ca-628d-42b2-bfba-a0a9046af5ec/datanode-0/data-0/containers/hdds
2022-12-02 11:14:19,451 [Listener at 127.0.0.1/43097] INFO  volume.MutableVolumeSet (MutableVolumeSet.java:initializeVolumeSet(174)) - Added Volume : /home/runner/work/ozone/ozone/hadoop-ozone/integration-test/target/test-dir/MiniOzoneClusterImpl-8660d1ca-628d-42b2-bfba-a0a9046af5ec/datanode-0/data/ratis to VolumeSet
2022-12-02 11:14:19,451 [Listener at 127.0.0.1/43097] INFO  volume.ThrottledAsyncChecker (ThrottledAsyncChecker.java:schedule(141)) - Scheduling a check for /home/runner/work/ozone/ozone/hadoop-ozone/integration-test/target/test-dir/MiniOzoneClusterImpl-8660d1ca-628d-42b2-bfba-a0a9046af5ec/datanode-0/data/ratis
2022-12-02 11:14:19,452 [Listener at 127.0.0.1/43097] INFO  volume.StorageVolumeChecker (StorageVolumeChecker.java:checkAllVolumes(202)) - Scheduled health check for volume /home/runner/work/ozone/ozone/hadoop-ozone/integration-test/target/test-dir/MiniOzoneClusterImpl-8660d1ca-628d-42b2-bfba-a0a9046af5ec/datanode-0/data/ratis
2022-12-02 11:14:19,503 [Listener at 127.0.0.1/43097] INFO  utils.DatanodeStoreCache (DatanodeStoreCache.java:addDB(58)) - Added db /home/runner/work/ozone/ozone/hadoop-ozone/integration-test/target/test-dir/MiniOzoneClusterImpl-8660d1ca-628d-42b2-bfba-a0a9046af5ec/datanode-0/data-0/containers/hdds/8660d1ca-628d-42b2-bfba-a0a9046af5ec/DS-874dfa9e-2418-4db3-a49d-f47f76eb49d7/container.db to cache
2022-12-02 11:14:19,503 [Listener at 127.0.0.1/43097] INFO  volume.HddsVolume (HddsVolume.java:loadDbStore(260)) - SchemaV3 db is loaded at /home/runner/work/ozone/ozone/hadoop-ozone/integration-test/target/test-dir/MiniOzoneClusterImpl-8660d1ca-628d-42b2-bfba-a0a9046af5ec/datanode-0/data-0/containers/hdds/8660d1ca-628d-42b2-bfba-a0a9046af5ec/DS-874dfa9e-2418-4db3-a49d-f47f76eb49d7/container.db for volume DS-874dfa9e-2418-4db3-a49d-f47f76eb49d7
2022-12-02 11:14:19,504 [Thread-721] INFO  ozoneimpl.ContainerReader (ContainerReader.java:readVolume(145)) - Start to verify containers on volume /home/runner/work/ozone/ozone/hadoop-ozone/integration-test/target/test-dir/MiniOzoneClusterImpl-8660d1ca-628d-42b2-bfba-a0a9046af5ec/datanode-0/data-0/containers/hdds
2022-12-02 11:14:19,504 [Thread-721] INFO  ozoneimpl.ContainerReader (ContainerReader.java:readVolume(175)) - Finish verifying containers on volume /home/runner/work/ozone/ozone/hadoop-ozone/integration-test/target/test-dir/MiniOzoneClusterImpl-8660d1ca-628d-42b2-bfba-a0a9046af5ec/datanode-0/data-0/containers/hdds
2022-12-02 11:14:19,504 [Listener at 127.0.0.1/43097] INFO  ozoneimpl.OzoneContainer (OzoneContainer.java:buildContainerSet(301)) - Build ContainerSet costs 0s
2022-12-02 11:14:19,507 [Listener at 127.0.0.1/43097] INFO  server.RaftServer (ConfUtils.java:logGet(46)) - raft.rpc.type = GRPC (default)
2022-12-02 11:14:19,507 [Listener at 127.0.0.1/43097] INFO  grpc.GrpcConfigKeys (ConfUtils.java:logFallback(53)) - raft.grpc.admin.host = null (fallback to raft.grpc.server.host)
2022-12-02 11:14:19,507 [Listener at 127.0.0.1/43097] INFO  grpc.GrpcConfigKeys (ConfUtils.java:logGet(46)) - raft.grpc.admin.port = 44557 (custom)
2022-12-02 11:14:19,508 [Listener at 127.0.0.1/43097] INFO  grpc.GrpcConfigKeys (ConfUtils.java:logFallback(53)) - raft.grpc.client.host = null (fallback to raft.grpc.server.host)
2022-12-02 11:14:19,508 [Listener at 127.0.0.1/43097] INFO  grpc.GrpcConfigKeys (ConfUtils.java:logGet(46)) - raft.grpc.client.port = 44557 (custom)
2022-12-02 11:14:19,508 [Listener at 127.0.0.1/43097] INFO  grpc.GrpcConfigKeys (ConfUtils.java:logGet(46)) - raft.grpc.server.host = null (default)
2022-12-02 11:14:19,508 [Listener at 127.0.0.1/43097] INFO  grpc.GrpcConfigKeys (ConfUtils.java:logGet(46)) - raft.grpc.server.port = 44557 (custom)
2022-12-02 11:14:19,509 [Listener at 127.0.0.1/43097] INFO  server.GrpcService (ConfUtils.java:logGet(46)) - raft.grpc.message.size.max = 32MB (=33554432) (custom)
2022-12-02 11:14:19,509 [Listener at 127.0.0.1/43097] INFO  server.RaftServerConfigKeys (ConfUtils.java:logGet(46)) - raft.server.log.appender.buffer.byte-limit = 33554432 (custom)
2022-12-02 11:14:19,509 [Listener at 127.0.0.1/43097] INFO  server.GrpcService (ConfUtils.java:logGet(46)) - raft.grpc.flow.control.window = 5MB (=5242880) (custom)
2022-12-02 11:14:19,509 [Listener at 127.0.0.1/43097] INFO  server.RaftServerConfigKeys (ConfUtils.java:logGet(46)) - raft.server.rpc.request.timeout = 60s (custom)
2022-12-02 11:14:19,509 [Listener at 127.0.0.1/43097] INFO  grpc.GrpcConfigKeys (ConfUtils.java:logGet(46)) - raft.grpc.server.heartbeat.channel = true (default)
2022-12-02 11:14:19,510 [Listener at 127.0.0.1/43097] INFO  grpc.GrpcConfigKeys (ConfUtils.java:logGet(46)) - raft.grpc.server.async.request.thread.pool.cached = true (default)
2022-12-02 11:14:19,510 [Listener at 127.0.0.1/43097] INFO  grpc.GrpcConfigKeys (ConfUtils.java:logGet(46)) - raft.grpc.server.async.request.thread.pool.size = 32 (default)
2022-12-02 11:14:19,512 [Listener at 127.0.0.1/43097] INFO  impl.DataStreamServerImpl (ConfUtils.java:logGet(46)) - raft.datastream.type = DISABLED (default)
2022-12-02 11:14:19,512 [Listener at 127.0.0.1/43097] INFO  server.RaftServerConfigKeys (ConfUtils.java:logGet(46)) - raft.server.threadpool.proxy.cached = true (default)
2022-12-02 11:14:19,512 [Listener at 127.0.0.1/43097] INFO  server.RaftServerConfigKeys (ConfUtils.java:logGet(46)) - raft.server.threadpool.proxy.size = 0 (default)
2022-12-02 11:14:19,512 [Listener at 127.0.0.1/43097] INFO  server.RaftServerConfigKeys (ConfUtils.java:logGet(46)) - raft.server.rpc.slowness.timeout = 300s (custom)
2022-12-02 11:14:19,512 [Listener at 127.0.0.1/43097] INFO  server.RaftServerConfigKeys (ConfUtils.java:logGet(46)) - raft.server.leaderelection.leader.step-down.wait-time = 10s (default)
2022-12-02 11:14:19,513 [Listener at 127.0.0.1/43097] INFO  server.RaftServerConfigKeys (ConfUtils.java:logGet(46)) - raft.server.storage.dir = [/home/runner/work/ozone/ozone/hadoop-ozone/integration-test/target/test-dir/MiniOzoneClusterImpl-8660d1ca-628d-42b2-bfba-a0a9046af5ec/datanode-0/data/ratis] (custom)
2022-12-02 11:14:19,513 [7e2aca8c-5c6e-487b-9a67-6624db7a0d19-impl-thread1] INFO  server.RaftServer (RaftServerProxy.java:initGroupDir(251)) - 7e2aca8c-5c6e-487b-9a67-6624db7a0d19: found a subdirectory /home/runner/work/ozone/ozone/hadoop-ozone/integration-test/target/test-dir/MiniOzoneClusterImpl-8660d1ca-628d-42b2-bfba-a0a9046af5ec/datanode-0/data/ratis/062614bd-6377-4b09-8d3e-cc7a890d867e
2022-12-02 11:14:19,514 [7e2aca8c-5c6e-487b-9a67-6624db7a0d19-impl-thread1] INFO  server.RaftServer (RaftServerProxy.java:addNew(96)) - 7e2aca8c-5c6e-487b-9a67-6624db7a0d19: addNew group-CC7A890D867E:[] returns group-CC7A890D867E:java.util.concurrent.CompletableFuture@58d353c[Not completed]
2022-12-02 11:14:19,514 [7e2aca8c-5c6e-487b-9a67-6624db7a0d19-impl-thread1] INFO  server.RaftServer (RaftServerProxy.java:initGroupDir(251)) - 7e2aca8c-5c6e-487b-9a67-6624db7a0d19: found a subdirectory /home/runner/work/ozone/ozone/hadoop-ozone/integration-test/target/test-dir/MiniOzoneClusterImpl-8660d1ca-628d-42b2-bfba-a0a9046af5ec/datanode-0/data/ratis/08e3d165-b014-4633-bee5-789105272df3
2022-12-02 11:14:19,514 [7e2aca8c-5c6e-487b-9a67-6624db7a0d19-impl-thread1] INFO  server.RaftServer (RaftServerProxy.java:addNew(96)) - 7e2aca8c-5c6e-487b-9a67-6624db7a0d19: addNew group-789105272DF3:[] returns group-789105272DF3:java.util.concurrent.CompletableFuture@1b2a155[Not completed]
2022-12-02 11:14:19,514 [7e2aca8c-5c6e-487b-9a67-6624db7a0d19-impl-thread1] INFO  server.RaftServer (RaftServerProxy.java:initGroupDir(251)) - 7e2aca8c-5c6e-487b-9a67-6624db7a0d19: found a subdirectory /home/runner/work/ozone/ozone/hadoop-ozone/integration-test/target/test-dir/MiniOzoneClusterImpl-8660d1ca-628d-42b2-bfba-a0a9046af5ec/datanode-0/data/ratis/32dc6fd4-c02e-413a-8c12-e292f41035c5
2022-12-02 11:14:19,514 [7e2aca8c-5c6e-487b-9a67-6624db7a0d19-impl-thread1] INFO  server.RaftServer (RaftServerProxy.java:addNew(96)) - 7e2aca8c-5c6e-487b-9a67-6624db7a0d19: addNew group-E292F41035C5:[] returns group-E292F41035C5:java.util.concurrent.CompletableFuture@44b03f07[Not completed]
2022-12-02 11:14:19,517 [Listener at 127.0.0.1/43097] INFO  server.XceiverServerGrpc (XceiverServerGrpc.java:<init>(132)) - GrpcServer channel type EpollServerSocketChannel
2022-12-02 11:14:19,528 [pool-400-thread-1] INFO  server.RaftServer$Division (RaftServerImpl.java:<init>(195)) - 7e2aca8c-5c6e-487b-9a67-6624db7a0d19: new RaftServerImpl for group-CC7A890D867E:[] with ContainerStateMachine:uninitialized
2022-12-02 11:14:19,529 [pool-400-thread-1] INFO  server.RaftServerConfigKeys (ConfUtils.java:logGet(46)) - raft.server.rpc.timeout.min = 5s (custom)
2022-12-02 11:14:19,530 [pool-400-thread-1] INFO  server.RaftServerConfigKeys (ConfUtils.java:logGet(46)) - raft.server.rpc.timeout.max = 5200ms (custom)
2022-12-02 11:14:19,530 [pool-400-thread-1] INFO  server.RaftServerConfigKeys (ConfUtils.java:logGet(46)) - raft.server.rpc.sleep.time = 25ms (default)
2022-12-02 11:14:19,530 [pool-400-thread-1] INFO  server.RaftServerConfigKeys (ConfUtils.java:logGet(46)) - raft.server.rpc.slowness.timeout = 300s (custom)
2022-12-02 11:14:19,530 [pool-400-thread-1] INFO  server.RaftServerConfigKeys (ConfUtils.java:logGet(46)) - raft.server.leaderelection.leader.step-down.wait-time = 10s (default)
2022-12-02 11:14:19,530 [pool-400-thread-1] INFO  server.RaftServerConfigKeys (ConfUtils.java:logGet(46)) - raft.server.sleep.deviation.threshold = 300ms (default)
2022-12-02 11:14:19,530 [pool-400-thread-1] INFO  server.RaftServer$Division (ServerState.java:<init>(118)) - 7e2aca8c-5c6e-487b-9a67-6624db7a0d19@group-CC7A890D867E: ConfigurationManager, init=-1: peers:[]|listeners:[], old=null, confs=<EMPTY_MAP>
2022-12-02 11:14:19,530 [pool-400-thread-1] INFO  server.RaftServerConfigKeys (ConfUtils.java:logGet(46)) - raft.server.storage.dir = [/home/runner/work/ozone/ozone/hadoop-ozone/integration-test/target/test-dir/MiniOzoneClusterImpl-8660d1ca-628d-42b2-bfba-a0a9046af5ec/datanode-0/data/ratis] (custom)
2022-12-02 11:14:19,530 [pool-400-thread-1] INFO  server.RaftServerConfigKeys (ConfUtils.java:logGet(46)) - raft.server.log.corruption.policy = EXCEPTION (default)
2022-12-02 11:14:19,532 [pool-400-thread-1] INFO  server.RaftServerConfigKeys (ConfUtils.java:logGet(46)) - raft.server.storage.free-space.min = 0MB (=0) (default)
2022-12-02 11:14:19,533 [Listener at 127.0.0.1/43097] INFO  http.BaseHttpServer (BaseHttpServer.java:newHttpServer2BuilderForOzone(213)) - Starting Web-server for hddsDatanode at: http://0.0.0.0:37639
2022-12-02 11:14:19,533 [Listener at 127.0.0.1/43097] INFO  http.BaseHttpServer (BaseHttpServer.java:<init>(108)) - Hadoop Security Enabled: false Ozone Security Enabled: false Ozone HTTP Security Enabled: false 
2022-12-02 11:14:19,535 [Listener at 127.0.0.1/43097] WARN  server.AuthenticationFilter (AuthenticationFilter.java:constructSecretProvider(240)) - Unable to initialize FileSignerSecretProvider, falling back to use random secrets. Reason: Could not read signature secret file: /home/runner/hadoop-http-auth-signature-secret
2022-12-02 11:14:19,536 [pool-400-thread-1] INFO  server.RaftServerConfigKeys (ConfUtils.java:logGet(46)) - raft.server.notification.no-leader.timeout = 300s (custom)
2022-12-02 11:14:19,536 [pool-400-thread-1] INFO  server.RaftServerConfigKeys (ConfUtils.java:logGet(46)) - raft.server.retrycache.expirytime = 600000ms (custom)
2022-12-02 11:14:19,536 [pool-400-thread-1] INFO  server.RaftServerConfigKeys (ConfUtils.java:logGet(46)) - raft.server.retrycache.statistics.expirytime = 100μs (default)
2022-12-02 11:14:19,538 [pool-400-thread-1] INFO  server.RaftServerConfigKeys (ConfUtils.java:logGet(46)) - raft.server.log.appender.install.snapshot.enabled = false (custom)
2022-12-02 11:14:19,538 [pool-400-thread-1] INFO  server.RaftServerConfigKeys (ConfUtils.java:logGet(46)) - raft.server.threadpool.server.cached = true (default)
2022-12-02 11:14:19,538 [pool-400-thread-1] INFO  server.RaftServerConfigKeys (ConfUtils.java:logGet(46)) - raft.server.threadpool.server.size = 0 (default)
2022-12-02 11:14:19,538 [pool-400-thread-1] INFO  server.RaftServerConfigKeys (ConfUtils.java:logGet(46)) - raft.server.threadpool.client.cached = true (default)
2022-12-02 11:14:19,540 [pool-400-thread-1] INFO  server.RaftServerConfigKeys (ConfUtils.java:logGet(46)) - raft.server.threadpool.client.size = 0 (default)
2022-12-02 11:14:19,540 [Listener at 127.0.0.1/43097] WARN  http.HttpRequestLog (HttpRequestLog.java:getRequestLog(103)) - Jetty request log can only be enabled using Log4j
2022-12-02 11:14:19,542 [Listener at 127.0.0.1/43097] INFO  http.HttpServer2 (HttpServer2.java:addGlobalFilter(1031)) - Added global filter 'safety' (class=org.apache.hadoop.hdds.server.http.HttpServer2$QuotingInputFilter)
2022-12-02 11:14:19,543 [pool-400-thread-1] INFO  server.RaftServer$Division (RaftServerImpl.java:<init>(195)) - 7e2aca8c-5c6e-487b-9a67-6624db7a0d19: new RaftServerImpl for group-789105272DF3:[] with ContainerStateMachine:uninitialized
2022-12-02 11:14:19,544 [pool-400-thread-1] INFO  server.RaftServerConfigKeys (ConfUtils.java:logGet(46)) - raft.server.rpc.timeout.min = 5s (custom)
2022-12-02 11:14:19,545 [Listener at 127.0.0.1/43097] INFO  http.HttpServer2 (HttpServer2.java:addFilter(1007)) - Added filter static_user_filter (class=org.apache.hadoop.http.lib.StaticUserWebFilter$StaticUserFilter) to context hddsDatanode
2022-12-02 11:14:19,545 [Listener at 127.0.0.1/43097] INFO  http.HttpServer2 (HttpServer2.java:addFilter(1015)) - Added filter static_user_filter (class=org.apache.hadoop.http.lib.StaticUserWebFilter$StaticUserFilter) to context static
2022-12-02 11:14:19,545 [Listener at 127.0.0.1/43097] INFO  http.HttpServer2 (HttpServer2.java:addFilter(1015)) - Added filter static_user_filter (class=org.apache.hadoop.http.lib.StaticUserWebFilter$StaticUserFilter) to context logs
2022-12-02 11:14:19,546 [pool-400-thread-1] INFO  server.RaftServerConfigKeys (ConfUtils.java:logGet(46)) - raft.server.rpc.timeout.max = 5200ms (custom)
2022-12-02 11:14:19,546 [pool-400-thread-1] INFO  server.RaftServerConfigKeys (ConfUtils.java:logGet(46)) - raft.server.rpc.sleep.time = 25ms (default)
2022-12-02 11:14:19,546 [pool-400-thread-1] INFO  server.RaftServerConfigKeys (ConfUtils.java:logGet(46)) - raft.server.rpc.slowness.timeout = 300s (custom)
2022-12-02 11:14:19,546 [pool-400-thread-1] INFO  server.RaftServerConfigKeys (ConfUtils.java:logGet(46)) - raft.server.leaderelection.leader.step-down.wait-time = 10s (default)
2022-12-02 11:14:19,546 [pool-400-thread-1] INFO  server.RaftServerConfigKeys (ConfUtils.java:logGet(46)) - raft.server.sleep.deviation.threshold = 300ms (default)
2022-12-02 11:14:19,546 [pool-400-thread-1] INFO  server.RaftServer$Division (ServerState.java:<init>(118)) - 7e2aca8c-5c6e-487b-9a67-6624db7a0d19@group-789105272DF3: ConfigurationManager, init=-1: peers:[]|listeners:[], old=null, confs=<EMPTY_MAP>
2022-12-02 11:14:19,546 [pool-400-thread-1] INFO  server.RaftServerConfigKeys (ConfUtils.java:logGet(46)) - raft.server.storage.dir = [/home/runner/work/ozone/ozone/hadoop-ozone/integration-test/target/test-dir/MiniOzoneClusterImpl-8660d1ca-628d-42b2-bfba-a0a9046af5ec/datanode-0/data/ratis] (custom)
2022-12-02 11:14:19,547 [pool-400-thread-1] INFO  server.RaftServerConfigKeys (ConfUtils.java:logGet(46)) - raft.server.log.corruption.policy = EXCEPTION (default)
2022-12-02 11:14:19,547 [pool-400-thread-1] INFO  server.RaftServerConfigKeys (ConfUtils.java:logGet(46)) - raft.server.storage.free-space.min = 0MB (=0) (default)
2022-12-02 11:14:19,547 [pool-400-thread-1] INFO  server.RaftServerConfigKeys (ConfUtils.java:logGet(46)) - raft.server.notification.no-leader.timeout = 300s (custom)
2022-12-02 11:14:19,547 [pool-400-thread-1] INFO  server.RaftServerConfigKeys (ConfUtils.java:logGet(46)) - raft.server.retrycache.expirytime = 600000ms (custom)
2022-12-02 11:14:19,548 [Listener at 127.0.0.1/43097] INFO  http.HttpServer2 (HttpServer2.java:bindListener(1250)) - Jetty bound to port 37639
2022-12-02 11:14:19,549 [Listener at 127.0.0.1/43097] INFO  server.Server (Server.java:doStart(375)) - jetty-9.4.49.v20220914; built: 2022-09-14T01:07:36.601Z; git: 4231a3b2e4cb8548a412a789936d640a97b1aa0a; jvm 1.8.0_352-b08
2022-12-02 11:14:19,549 [pool-400-thread-1] INFO  server.RaftServerConfigKeys (ConfUtils.java:logGet(46)) - raft.server.retrycache.statistics.expirytime = 100μs (default)
2022-12-02 11:14:19,552 [pool-400-thread-1] INFO  server.RaftServerConfigKeys (ConfUtils.java:logGet(46)) - raft.server.log.appender.install.snapshot.enabled = false (custom)
2022-12-02 11:14:19,552 [pool-400-thread-1] INFO  server.RaftServerConfigKeys (ConfUtils.java:logGet(46)) - raft.server.threadpool.server.cached = true (default)
2022-12-02 11:14:19,552 [pool-400-thread-1] INFO  server.RaftServerConfigKeys (ConfUtils.java:logGet(46)) - raft.server.threadpool.server.size = 0 (default)
2022-12-02 11:14:19,552 [pool-400-thread-1] INFO  server.RaftServerConfigKeys (ConfUtils.java:logGet(46)) - raft.server.threadpool.client.cached = true (default)
2022-12-02 11:14:19,554 [pool-400-thread-1] INFO  server.RaftServerConfigKeys (ConfUtils.java:logGet(46)) - raft.server.threadpool.client.size = 0 (default)
2022-12-02 11:14:19,555 [pool-400-thread-1] INFO  server.RaftServer$Division (RaftServerImpl.java:<init>(195)) - 7e2aca8c-5c6e-487b-9a67-6624db7a0d19: new RaftServerImpl for group-E292F41035C5:[] with ContainerStateMachine:uninitialized
2022-12-02 11:14:19,555 [pool-400-thread-1] INFO  server.RaftServerConfigKeys (ConfUtils.java:logGet(46)) - raft.server.rpc.timeout.min = 5s (custom)
2022-12-02 11:14:19,556 [pool-400-thread-1] INFO  server.RaftServerConfigKeys (ConfUtils.java:logGet(46)) - raft.server.rpc.timeout.max = 5200ms (custom)
2022-12-02 11:14:19,556 [pool-400-thread-1] INFO  server.RaftServerConfigKeys (ConfUtils.java:logGet(46)) - raft.server.rpc.sleep.time = 25ms (default)
2022-12-02 11:14:19,556 [pool-400-thread-1] INFO  server.RaftServerConfigKeys (ConfUtils.java:logGet(46)) - raft.server.rpc.slowness.timeout = 300s (custom)
2022-12-02 11:14:19,556 [pool-400-thread-1] INFO  server.RaftServerConfigKeys (ConfUtils.java:logGet(46)) - raft.server.leaderelection.leader.step-down.wait-time = 10s (default)
2022-12-02 11:14:19,556 [pool-400-thread-1] INFO  server.RaftServerConfigKeys (ConfUtils.java:logGet(46)) - raft.server.sleep.deviation.threshold = 300ms (default)
2022-12-02 11:14:19,556 [pool-400-thread-1] INFO  server.RaftServer$Division (ServerState.java:<init>(118)) - 7e2aca8c-5c6e-487b-9a67-6624db7a0d19@group-E292F41035C5: ConfigurationManager, init=-1: peers:[]|listeners:[], old=null, confs=<EMPTY_MAP>
2022-12-02 11:14:19,556 [pool-400-thread-1] INFO  server.RaftServerConfigKeys (ConfUtils.java:logGet(46)) - raft.server.storage.dir = [/home/runner/work/ozone/ozone/hadoop-ozone/integration-test/target/test-dir/MiniOzoneClusterImpl-8660d1ca-628d-42b2-bfba-a0a9046af5ec/datanode-0/data/ratis] (custom)
2022-12-02 11:14:19,556 [pool-400-thread-1] INFO  server.RaftServerConfigKeys (ConfUtils.java:logGet(46)) - raft.server.log.corruption.policy = EXCEPTION (default)
2022-12-02 11:14:19,557 [pool-400-thread-1] INFO  server.RaftServerConfigKeys (ConfUtils.java:logGet(46)) - raft.server.storage.free-space.min = 0MB (=0) (default)
2022-12-02 11:14:19,557 [pool-400-thread-1] INFO  server.RaftServerConfigKeys (ConfUtils.java:logGet(46)) - raft.server.notification.no-leader.timeout = 300s (custom)
2022-12-02 11:14:19,557 [pool-400-thread-1] INFO  server.RaftServerConfigKeys (ConfUtils.java:logGet(46)) - raft.server.retrycache.expirytime = 600000ms (custom)
2022-12-02 11:14:19,558 [pool-400-thread-1] INFO  server.RaftServerConfigKeys (ConfUtils.java:logGet(46)) - raft.server.retrycache.statistics.expirytime = 100μs (default)
2022-12-02 11:14:19,560 [pool-400-thread-1] INFO  server.RaftServerConfigKeys (ConfUtils.java:logGet(46)) - raft.server.log.appender.install.snapshot.enabled = false (custom)
2022-12-02 11:14:19,560 [pool-400-thread-1] INFO  server.RaftServerConfigKeys (ConfUtils.java:logGet(46)) - raft.server.threadpool.server.cached = true (default)
2022-12-02 11:14:19,561 [pool-400-thread-1] INFO  server.RaftServerConfigKeys (ConfUtils.java:logGet(46)) - raft.server.threadpool.server.size = 0 (default)
2022-12-02 11:14:19,561 [pool-400-thread-1] INFO  server.RaftServerConfigKeys (ConfUtils.java:logGet(46)) - raft.server.threadpool.client.cached = true (default)
2022-12-02 11:14:19,561 [pool-400-thread-1] INFO  server.RaftServerConfigKeys (ConfUtils.java:logGet(46)) - raft.server.threadpool.client.size = 0 (default)
2022-12-02 11:14:19,583 [Listener at 127.0.0.1/43097] INFO  server.session (DefaultSessionIdManager.java:doStart(334)) - DefaultSessionIdManager workerName=node0
2022-12-02 11:14:19,584 [Listener at 127.0.0.1/43097] INFO  server.session (DefaultSessionIdManager.java:doStart(339)) - No SessionScavenger set, using defaults
2022-12-02 11:14:19,584 [Listener at 127.0.0.1/43097] INFO  server.session (HouseKeeper.java:startScavenging(132)) - node0 Scavenging every 660000ms
2022-12-02 11:14:19,585 [Listener at 127.0.0.1/43097] INFO  handler.ContextHandler (ContextHandler.java:doStart(921)) - Started o.e.j.s.ServletContextHandler@9a68aa9{logs,/logs,file:///home/runner/work/ozone/ozone/hadoop-ozone/integration-test/target/log,AVAILABLE}
2022-12-02 11:14:19,585 [Listener at 127.0.0.1/43097] INFO  handler.ContextHandler (ContextHandler.java:doStart(921)) - Started o.e.j.s.ServletContextHandler@378c7bc9{static,/static,jar:file:/home/runner/.m2/repository/org/apache/ozone/hdds-container-service/1.3.0-SNAPSHOT/hdds-container-service-1.3.0-SNAPSHOT.jar!/webapps/static,AVAILABLE}
2022-12-02 11:14:19,806 [Listener at 127.0.0.1/43097] INFO  handler.ContextHandler (ContextHandler.java:doStart(921)) - Started o.e.j.w.WebAppContext@768c521{hddsDatanode,/,file:///tmp/jetty-0_0_0_0-37639-hdds-container-service-1_3_0-SNAPSHOT_jar-_-any-1495989947562297189/webapp/,AVAILABLE}{jar:file:/home/runner/.m2/repository/org/apache/ozone/hdds-container-service/1.3.0-SNAPSHOT/hdds-container-service-1.3.0-SNAPSHOT.jar!/webapps/hddsDatanode}
2022-12-02 11:14:19,807 [Listener at 127.0.0.1/43097] INFO  server.AbstractConnector (AbstractConnector.java:doStart(333)) - Started ServerConnector@3fb6d686{HTTP/1.1, (http/1.1)}{0.0.0.0:37639}
2022-12-02 11:14:19,807 [Listener at 127.0.0.1/43097] INFO  server.Server (Server.java:doStart(415)) - Started @132376ms
2022-12-02 11:14:19,808 [Listener at 127.0.0.1/43097] WARN  impl.MetricsSystemImpl (MetricsSystemImpl.java:register(279)) - Sink prometheus already exists!
2022-12-02 11:14:19,809 [Listener at 127.0.0.1/43097] INFO  http.BaseHttpServer (BaseHttpServer.java:updateConnectorAddress(333)) - HTTP server of hddsDatanode listening at http://0.0.0.0:37639
2022-12-02 11:14:19,809 [Datanode State Machine Daemon Thread] INFO  statemachine.DatanodeStateMachine (DatanodeStateMachine.java:lambda$startDaemon$0(505)) - Ozone container server started.
2022-12-02 11:14:19,819 [Listener at 127.0.0.1/43097] WARN  impl.MetricRegistriesImpl (MetricRegistriesImpl.java:addReporterRegistration(111)) - New reporters are added after registries were created. Some metrics will be missing from the reporter. Please add reporter before adding any new registry.
2022-12-02 11:14:19,819 [Listener at 127.0.0.1/43097] WARN  impl.MetricRegistriesImpl (MetricRegistriesImpl.java:addReporterRegistration(111)) - New reporters are added after registries were created. Some metrics will be missing from the reporter. Please add reporter before adding any new registry.
2022-12-02 11:14:19,819 [Listener at 127.0.0.1/43097] INFO  impl.MetricsSystemImpl (MetricsSystemImpl.java:init(158)) - HddsDatanode metrics system started (again)
2022-12-02 11:14:19,840 [Listener at 127.0.0.1/43097] INFO  ozone.HddsDatanodeService (HddsDatanodeService.java:start(236)) - HddsDatanodeService host:fv-az205-634.k2gd1z4tyxsu3cbgyjsjq30zwf.jx.internal.cloudapp.net ip:10.1.0.7
2022-12-02 11:14:19,845 [org.apache.hadoop.util.JvmPauseMonitor$Monitor@7e495da0] INFO  util.JvmPauseMonitor (JvmPauseMonitor.java:run(188)) - Starting JVM pause monitor
2022-12-02 11:14:19,854 [Datanode State Machine Task Thread - 0] INFO  datanode.InitDatanodeState (InitDatanodeState.java:persistContainerDatanodeDetails(138)) - DatanodeDetails is persisted to /home/runner/work/ozone/ozone/hadoop-ozone/integration-test/target/test-dir/MiniOzoneClusterImpl-8660d1ca-628d-42b2-bfba-a0a9046af5ec/datanode-0/meta/datanode.id
2022-12-02 11:14:19,862 [Listener at 127.0.0.1/43097] INFO  upgrade.AbstractLayoutVersionManager (AbstractLayoutVersionManager.java:init(83)) - Initializing Layout version manager with metadata layout = DATANODE_SCHEMA_V3 (version = 4), software layout = DATANODE_SCHEMA_V3 (version = 4)
2022-12-02 11:14:19,916 [Listener at 127.0.0.1/43097] INFO  reflections.Reflections (Reflections.java:scan(232)) - Reflections took 52 ms to scan 7 urls, producing 140 keys and 342 values 
2022-12-02 11:14:19,919 [Listener at 127.0.0.1/43097] INFO  statemachine.DatanodeStateMachine (DatanodeStateMachine.java:getEndPointTaskThreadPoolSize(245)) - Datanode State Machine Task Thread Pool size 2
2022-12-02 11:14:19,927 [Listener at 127.0.0.1/43097] INFO  volume.HddsVolume (HddsVolume.java:<init>(117)) - Creating HddsVolume: /home/runner/work/ozone/ozone/hadoop-ozone/integration-test/target/test-dir/MiniOzoneClusterImpl-8660d1ca-628d-42b2-bfba-a0a9046af5ec/datanode-1/data-0/containers/hdds of storage type : DISK capacity : 9223372036854775807
2022-12-02 11:14:19,927 [Listener at 127.0.0.1/43097] INFO  volume.MutableVolumeSet (MutableVolumeSet.java:initializeVolumeSet(174)) - Added Volume : /home/runner/work/ozone/ozone/hadoop-ozone/integration-test/target/test-dir/MiniOzoneClusterImpl-8660d1ca-628d-42b2-bfba-a0a9046af5ec/datanode-1/data-0/containers/hdds to VolumeSet
2022-12-02 11:14:19,928 [Listener at 127.0.0.1/43097] INFO  volume.ThrottledAsyncChecker (ThrottledAsyncChecker.java:schedule(141)) - Scheduling a check for /home/runner/work/ozone/ozone/hadoop-ozone/integration-test/target/test-dir/MiniOzoneClusterImpl-8660d1ca-628d-42b2-bfba-a0a9046af5ec/datanode-1/data-0/containers/hdds
2022-12-02 11:14:19,937 [Listener at 127.0.0.1/43097] INFO  volume.StorageVolumeChecker (StorageVolumeChecker.java:checkAllVolumes(202)) - Scheduled health check for volume /home/runner/work/ozone/ozone/hadoop-ozone/integration-test/target/test-dir/MiniOzoneClusterImpl-8660d1ca-628d-42b2-bfba-a0a9046af5ec/datanode-1/data-0/containers/hdds
2022-12-02 11:14:19,951 [Listener at 127.0.0.1/43097] INFO  volume.MutableVolumeSet (MutableVolumeSet.java:initializeVolumeSet(174)) - Added Volume : /home/runner/work/ozone/ozone/hadoop-ozone/integration-test/target/test-dir/MiniOzoneClusterImpl-8660d1ca-628d-42b2-bfba-a0a9046af5ec/datanode-1/data/ratis to VolumeSet
2022-12-02 11:14:19,951 [Listener at 127.0.0.1/43097] INFO  volume.ThrottledAsyncChecker (ThrottledAsyncChecker.java:schedule(141)) - Scheduling a check for /home/runner/work/ozone/ozone/hadoop-ozone/integration-test/target/test-dir/MiniOzoneClusterImpl-8660d1ca-628d-42b2-bfba-a0a9046af5ec/datanode-1/data/ratis
2022-12-02 11:14:19,952 [Listener at 127.0.0.1/43097] INFO  volume.StorageVolumeChecker (StorageVolumeChecker.java:checkAllVolumes(202)) - Scheduled health check for volume /home/runner/work/ozone/ozone/hadoop-ozone/integration-test/target/test-dir/MiniOzoneClusterImpl-8660d1ca-628d-42b2-bfba-a0a9046af5ec/datanode-1/data/ratis
2022-12-02 11:14:19,983 [Listener at 127.0.0.1/43097] INFO  utils.DatanodeStoreCache (DatanodeStoreCache.java:addDB(58)) - Added db /home/runner/work/ozone/ozone/hadoop-ozone/integration-test/target/test-dir/MiniOzoneClusterImpl-8660d1ca-628d-42b2-bfba-a0a9046af5ec/datanode-1/data-0/containers/hdds/8660d1ca-628d-42b2-bfba-a0a9046af5ec/DS-39f771d1-e4af-47de-92e9-0f1f68b0f835/container.db to cache
2022-12-02 11:14:19,983 [Listener at 127.0.0.1/43097] INFO  volume.HddsVolume (HddsVolume.java:loadDbStore(260)) - SchemaV3 db is loaded at /home/runner/work/ozone/ozone/hadoop-ozone/integration-test/target/test-dir/MiniOzoneClusterImpl-8660d1ca-628d-42b2-bfba-a0a9046af5ec/datanode-1/data-0/containers/hdds/8660d1ca-628d-42b2-bfba-a0a9046af5ec/DS-39f771d1-e4af-47de-92e9-0f1f68b0f835/container.db for volume DS-39f771d1-e4af-47de-92e9-0f1f68b0f835
2022-12-02 11:14:19,984 [Thread-734] INFO  ozoneimpl.ContainerReader (ContainerReader.java:readVolume(145)) - Start to verify containers on volume /home/runner/work/ozone/ozone/hadoop-ozone/integration-test/target/test-dir/MiniOzoneClusterImpl-8660d1ca-628d-42b2-bfba-a0a9046af5ec/datanode-1/data-0/containers/hdds
2022-12-02 11:14:19,984 [Thread-734] INFO  ozoneimpl.ContainerReader (ContainerReader.java:readVolume(175)) - Finish verifying containers on volume /home/runner/work/ozone/ozone/hadoop-ozone/integration-test/target/test-dir/MiniOzoneClusterImpl-8660d1ca-628d-42b2-bfba-a0a9046af5ec/datanode-1/data-0/containers/hdds
2022-12-02 11:14:19,984 [Listener at 127.0.0.1/43097] INFO  ozoneimpl.OzoneContainer (OzoneContainer.java:buildContainerSet(301)) - Build ContainerSet costs 0s
2022-12-02 11:14:19,987 [Listener at 127.0.0.1/43097] INFO  server.RaftServer (ConfUtils.java:logGet(46)) - raft.rpc.type = GRPC (default)
2022-12-02 11:14:19,987 [Listener at 127.0.0.1/43097] INFO  grpc.GrpcConfigKeys (ConfUtils.java:logFallback(53)) - raft.grpc.admin.host = null (fallback to raft.grpc.server.host)
2022-12-02 11:14:19,987 [Listener at 127.0.0.1/43097] INFO  grpc.GrpcConfigKeys (ConfUtils.java:logGet(46)) - raft.grpc.admin.port = 43611 (custom)
2022-12-02 11:14:19,988 [Listener at 127.0.0.1/43097] INFO  grpc.GrpcConfigKeys (ConfUtils.java:logFallback(53)) - raft.grpc.client.host = null (fallback to raft.grpc.server.host)
2022-12-02 11:14:19,988 [Listener at 127.0.0.1/43097] INFO  grpc.GrpcConfigKeys (ConfUtils.java:logGet(46)) - raft.grpc.client.port = 43611 (custom)
2022-12-02 11:14:19,989 [Listener at 127.0.0.1/43097] INFO  grpc.GrpcConfigKeys (ConfUtils.java:logGet(46)) - raft.grpc.server.host = null (default)
2022-12-02 11:14:19,989 [Listener at 127.0.0.1/43097] INFO  grpc.GrpcConfigKeys (ConfUtils.java:logGet(46)) - raft.grpc.server.port = 43611 (custom)
2022-12-02 11:14:19,989 [Listener at 127.0.0.1/43097] INFO  server.GrpcService (ConfUtils.java:logGet(46)) - raft.grpc.message.size.max = 32MB (=33554432) (custom)
2022-12-02 11:14:19,989 [Listener at 127.0.0.1/43097] INFO  server.RaftServerConfigKeys (ConfUtils.java:logGet(46)) - raft.server.log.appender.buffer.byte-limit = 33554432 (custom)
2022-12-02 11:14:19,990 [Listener at 127.0.0.1/43097] INFO  server.GrpcService (ConfUtils.java:logGet(46)) - raft.grpc.flow.control.window = 5MB (=5242880) (custom)
2022-12-02 11:14:19,990 [Listener at 127.0.0.1/43097] INFO  server.RaftServerConfigKeys (ConfUtils.java:logGet(46)) - raft.server.rpc.request.timeout = 60s (custom)
2022-12-02 11:14:19,990 [Listener at 127.0.0.1/43097] INFO  grpc.GrpcConfigKeys (ConfUtils.java:logGet(46)) - raft.grpc.server.heartbeat.channel = true (default)
2022-12-02 11:14:19,990 [Listener at 127.0.0.1/43097] INFO  grpc.GrpcConfigKeys (ConfUtils.java:logGet(46)) - raft.grpc.server.async.request.thread.pool.cached = true (default)
2022-12-02 11:14:19,991 [Listener at 127.0.0.1/43097] INFO  grpc.GrpcConfigKeys (ConfUtils.java:logGet(46)) - raft.grpc.server.async.request.thread.pool.size = 32 (default)
2022-12-02 11:14:19,993 [Listener at 127.0.0.1/43097] INFO  impl.DataStreamServerImpl (ConfUtils.java:logGet(46)) - raft.datastream.type = DISABLED (default)
2022-12-02 11:14:19,993 [Listener at 127.0.0.1/43097] INFO  server.RaftServerConfigKeys (ConfUtils.java:logGet(46)) - raft.server.threadpool.proxy.cached = true (default)
2022-12-02 11:14:19,993 [Listener at 127.0.0.1/43097] INFO  server.RaftServerConfigKeys (ConfUtils.java:logGet(46)) - raft.server.threadpool.proxy.size = 0 (default)
2022-12-02 11:14:19,994 [Listener at 127.0.0.1/43097] INFO  server.RaftServerConfigKeys (ConfUtils.java:logGet(46)) - raft.server.rpc.slowness.timeout = 300s (custom)
2022-12-02 11:14:19,994 [Listener at 127.0.0.1/43097] INFO  server.RaftServerConfigKeys (ConfUtils.java:logGet(46)) - raft.server.leaderelection.leader.step-down.wait-time = 10s (default)
2022-12-02 11:14:19,994 [Listener at 127.0.0.1/43097] INFO  server.RaftServerConfigKeys (ConfUtils.java:logGet(46)) - raft.server.storage.dir = [/home/runner/work/ozone/ozone/hadoop-ozone/integration-test/target/test-dir/MiniOzoneClusterImpl-8660d1ca-628d-42b2-bfba-a0a9046af5ec/datanode-1/data/ratis] (custom)
2022-12-02 11:14:19,995 [670c0782-42b0-403d-9acb-55f21abca380-impl-thread1] INFO  server.RaftServer (RaftServerProxy.java:initGroupDir(251)) - 670c0782-42b0-403d-9acb-55f21abca380: found a subdirectory /home/runner/work/ozone/ozone/hadoop-ozone/integration-test/target/test-dir/MiniOzoneClusterImpl-8660d1ca-628d-42b2-bfba-a0a9046af5ec/datanode-1/data/ratis/062614bd-6377-4b09-8d3e-cc7a890d867e
2022-12-02 11:14:19,995 [670c0782-42b0-403d-9acb-55f21abca380-impl-thread1] INFO  server.RaftServer (RaftServerProxy.java:addNew(96)) - 670c0782-42b0-403d-9acb-55f21abca380: addNew group-CC7A890D867E:[] returns group-CC7A890D867E:java.util.concurrent.CompletableFuture@4b16f174[Not completed]
2022-12-02 11:14:19,995 [670c0782-42b0-403d-9acb-55f21abca380-impl-thread1] INFO  server.RaftServer (RaftServerProxy.java:initGroupDir(251)) - 670c0782-42b0-403d-9acb-55f21abca380: found a subdirectory /home/runner/work/ozone/ozone/hadoop-ozone/integration-test/target/test-dir/MiniOzoneClusterImpl-8660d1ca-628d-42b2-bfba-a0a9046af5ec/datanode-1/data/ratis/36c0531f-7b6d-43cd-9f20-73f48dfdc415
2022-12-02 11:14:19,995 [670c0782-42b0-403d-9acb-55f21abca380-impl-thread1] INFO  server.RaftServer (RaftServerProxy.java:addNew(96)) - 670c0782-42b0-403d-9acb-55f21abca380: addNew group-73F48DFDC415:[] returns group-73F48DFDC415:java.util.concurrent.CompletableFuture@4f297cce[Not completed]
2022-12-02 11:14:19,995 [670c0782-42b0-403d-9acb-55f21abca380-impl-thread1] INFO  server.RaftServer (RaftServerProxy.java:initGroupDir(251)) - 670c0782-42b0-403d-9acb-55f21abca380: found a subdirectory /home/runner/work/ozone/ozone/hadoop-ozone/integration-test/target/test-dir/MiniOzoneClusterImpl-8660d1ca-628d-42b2-bfba-a0a9046af5ec/datanode-1/data/ratis/08e3d165-b014-4633-bee5-789105272df3
2022-12-02 11:14:19,995 [670c0782-42b0-403d-9acb-55f21abca380-impl-thread1] INFO  server.RaftServer (RaftServerProxy.java:addNew(96)) - 670c0782-42b0-403d-9acb-55f21abca380: addNew group-789105272DF3:[] returns group-789105272DF3:java.util.concurrent.CompletableFuture@a2bfb4f[Not completed]
2022-12-02 11:14:19,996 [Listener at 127.0.0.1/43097] INFO  server.XceiverServerGrpc (XceiverServerGrpc.java:<init>(132)) - GrpcServer channel type EpollServerSocketChannel
2022-12-02 11:14:20,002 [pool-430-thread-1] INFO  server.RaftServer$Division (RaftServerImpl.java:<init>(195)) - 670c0782-42b0-403d-9acb-55f21abca380: new RaftServerImpl for group-CC7A890D867E:[] with ContainerStateMachine:uninitialized
2022-12-02 11:14:20,002 [pool-430-thread-1] INFO  server.RaftServerConfigKeys (ConfUtils.java:logGet(46)) - raft.server.rpc.timeout.min = 5s (custom)
2022-12-02 11:14:20,002 [pool-430-thread-1] INFO  server.RaftServerConfigKeys (ConfUtils.java:logGet(46)) - raft.server.rpc.timeout.max = 5200ms (custom)
2022-12-02 11:14:20,002 [pool-430-thread-1] INFO  server.RaftServerConfigKeys (ConfUtils.java:logGet(46)) - raft.server.rpc.sleep.time = 25ms (default)
2022-12-02 11:14:20,004 [Listener at 127.0.0.1/43097] INFO  http.BaseHttpServer (BaseHttpServer.java:newHttpServer2BuilderForOzone(213)) - Starting Web-server for hddsDatanode at: http://0.0.0.0:37043
2022-12-02 11:14:20,004 [Listener at 127.0.0.1/43097] INFO  http.BaseHttpServer (BaseHttpServer.java:<init>(108)) - Hadoop Security Enabled: false Ozone Security Enabled: false Ozone HTTP Security Enabled: false 
2022-12-02 11:14:20,006 [Listener at 127.0.0.1/43097] WARN  server.AuthenticationFilter (AuthenticationFilter.java:constructSecretProvider(240)) - Unable to initialize FileSignerSecretProvider, falling back to use random secrets. Reason: Could not read signature secret file: /home/runner/hadoop-http-auth-signature-secret
2022-12-02 11:14:20,007 [pool-430-thread-1] INFO  server.RaftServerConfigKeys (ConfUtils.java:logGet(46)) - raft.server.rpc.slowness.timeout = 300s (custom)
2022-12-02 11:14:20,008 [pool-430-thread-1] INFO  server.RaftServerConfigKeys (ConfUtils.java:logGet(46)) - raft.server.leaderelection.leader.step-down.wait-time = 10s (default)
2022-12-02 11:14:20,008 [pool-430-thread-1] INFO  server.RaftServerConfigKeys (ConfUtils.java:logGet(46)) - raft.server.sleep.deviation.threshold = 300ms (default)
2022-12-02 11:14:20,008 [pool-430-thread-1] INFO  server.RaftServer$Division (ServerState.java:<init>(118)) - 670c0782-42b0-403d-9acb-55f21abca380@group-CC7A890D867E: ConfigurationManager, init=-1: peers:[]|listeners:[], old=null, confs=<EMPTY_MAP>
2022-12-02 11:14:20,008 [pool-430-thread-1] INFO  server.RaftServerConfigKeys (ConfUtils.java:logGet(46)) - raft.server.storage.dir = [/home/runner/work/ozone/ozone/hadoop-ozone/integration-test/target/test-dir/MiniOzoneClusterImpl-8660d1ca-628d-42b2-bfba-a0a9046af5ec/datanode-1/data/ratis] (custom)
2022-12-02 11:14:20,008 [pool-430-thread-1] INFO  server.RaftServerConfigKeys (ConfUtils.java:logGet(46)) - raft.server.log.corruption.policy = EXCEPTION (default)
2022-12-02 11:14:20,009 [pool-430-thread-1] INFO  server.RaftServerConfigKeys (ConfUtils.java:logGet(46)) - raft.server.storage.free-space.min = 0MB (=0) (default)
2022-12-02 11:14:20,009 [pool-430-thread-1] INFO  server.RaftServerConfigKeys (ConfUtils.java:logGet(46)) - raft.server.notification.no-leader.timeout = 300s (custom)
2022-12-02 11:14:20,009 [pool-430-thread-1] INFO  server.RaftServerConfigKeys (ConfUtils.java:logGet(46)) - raft.server.retrycache.expirytime = 600000ms (custom)
2022-12-02 11:14:20,009 [pool-430-thread-1] INFO  server.RaftServerConfigKeys (ConfUtils.java:logGet(46)) - raft.server.retrycache.statistics.expirytime = 100μs (default)
2022-12-02 11:14:20,010 [pool-430-thread-1] INFO  server.RaftServerConfigKeys (ConfUtils.java:logGet(46)) - raft.server.log.appender.install.snapshot.enabled = false (custom)
2022-12-02 11:14:20,010 [pool-430-thread-1] INFO  server.RaftServerConfigKeys (ConfUtils.java:logGet(46)) - raft.server.threadpool.server.cached = true (default)
2022-12-02 11:14:20,010 [pool-430-thread-1] INFO  server.RaftServerConfigKeys (ConfUtils.java:logGet(46)) - raft.server.threadpool.server.size = 0 (default)
2022-12-02 11:14:20,011 [pool-430-thread-1] INFO  server.RaftServerConfigKeys (ConfUtils.java:logGet(46)) - raft.server.threadpool.client.cached = true (default)
2022-12-02 11:14:20,011 [pool-430-thread-1] INFO  server.RaftServerConfigKeys (ConfUtils.java:logGet(46)) - raft.server.threadpool.client.size = 0 (default)
2022-12-02 11:14:20,012 [pool-430-thread-1] INFO  server.RaftServer$Division (RaftServerImpl.java:<init>(195)) - 670c0782-42b0-403d-9acb-55f21abca380: new RaftServerImpl for group-73F48DFDC415:[] with ContainerStateMachine:uninitialized
2022-12-02 11:14:20,012 [pool-430-thread-1] INFO  server.RaftServerConfigKeys (ConfUtils.java:logGet(46)) - raft.server.rpc.timeout.min = 5s (custom)
2022-12-02 11:14:20,012 [pool-430-thread-1] INFO  server.RaftServerConfigKeys (ConfUtils.java:logGet(46)) - raft.server.rpc.timeout.max = 5200ms (custom)
2022-12-02 11:14:20,013 [Listener at 127.0.0.1/43097] WARN  http.HttpRequestLog (HttpRequestLog.java:getRequestLog(103)) - Jetty request log can only be enabled using Log4j
2022-12-02 11:14:20,015 [Listener at 127.0.0.1/43097] INFO  http.HttpServer2 (HttpServer2.java:addGlobalFilter(1031)) - Added global filter 'safety' (class=org.apache.hadoop.hdds.server.http.HttpServer2$QuotingInputFilter)
2022-12-02 11:14:20,016 [Listener at 127.0.0.1/43097] INFO  http.HttpServer2 (HttpServer2.java:addFilter(1007)) - Added filter static_user_filter (class=org.apache.hadoop.http.lib.StaticUserWebFilter$StaticUserFilter) to context hddsDatanode
2022-12-02 11:14:20,016 [Listener at 127.0.0.1/43097] INFO  http.HttpServer2 (HttpServer2.java:addFilter(1015)) - Added filter static_user_filter (class=org.apache.hadoop.http.lib.StaticUserWebFilter$StaticUserFilter) to context logs
2022-12-02 11:14:20,016 [Listener at 127.0.0.1/43097] INFO  http.HttpServer2 (HttpServer2.java:addFilter(1015)) - Added filter static_user_filter (class=org.apache.hadoop.http.lib.StaticUserWebFilter$StaticUserFilter) to context static
2022-12-02 11:14:20,016 [Listener at 127.0.0.1/43097] INFO  http.HttpServer2 (HttpServer2.java:bindListener(1250)) - Jetty bound to port 37043
2022-12-02 11:14:20,017 [Listener at 127.0.0.1/43097] INFO  server.Server (Server.java:doStart(375)) - jetty-9.4.49.v20220914; built: 2022-09-14T01:07:36.601Z; git: 4231a3b2e4cb8548a412a789936d640a97b1aa0a; jvm 1.8.0_352-b08
2022-12-02 11:14:20,017 [pool-430-thread-1] INFO  server.RaftServerConfigKeys (ConfUtils.java:logGet(46)) - raft.server.rpc.sleep.time = 25ms (default)
2022-12-02 11:14:20,017 [pool-430-thread-1] INFO  server.RaftServerConfigKeys (ConfUtils.java:logGet(46)) - raft.server.rpc.slowness.timeout = 300s (custom)
2022-12-02 11:14:20,017 [pool-430-thread-1] INFO  server.RaftServerConfigKeys (ConfUtils.java:logGet(46)) - raft.server.leaderelection.leader.step-down.wait-time = 10s (default)
2022-12-02 11:14:20,017 [pool-430-thread-1] INFO  server.RaftServerConfigKeys (ConfUtils.java:logGet(46)) - raft.server.sleep.deviation.threshold = 300ms (default)
2022-12-02 11:14:20,017 [pool-430-thread-1] INFO  server.RaftServer$Division (ServerState.java:<init>(118)) - 670c0782-42b0-403d-9acb-55f21abca380@group-73F48DFDC415: ConfigurationManager, init=-1: peers:[]|listeners:[], old=null, confs=<EMPTY_MAP>
2022-12-02 11:14:20,017 [pool-430-thread-1] INFO  server.RaftServerConfigKeys (ConfUtils.java:logGet(46)) - raft.server.storage.dir = [/home/runner/work/ozone/ozone/hadoop-ozone/integration-test/target/test-dir/MiniOzoneClusterImpl-8660d1ca-628d-42b2-bfba-a0a9046af5ec/datanode-1/data/ratis] (custom)
2022-12-02 11:14:20,018 [pool-430-thread-1] INFO  server.RaftServerConfigKeys (ConfUtils.java:logGet(46)) - raft.server.log.corruption.policy = EXCEPTION (default)
2022-12-02 11:14:20,019 [pool-430-thread-1] INFO  server.RaftServerConfigKeys (ConfUtils.java:logGet(46)) - raft.server.storage.free-space.min = 0MB (=0) (default)
2022-12-02 11:14:20,019 [pool-430-thread-1] INFO  server.RaftServerConfigKeys (ConfUtils.java:logGet(46)) - raft.server.notification.no-leader.timeout = 300s (custom)
2022-12-02 11:14:20,019 [pool-430-thread-1] INFO  server.RaftServerConfigKeys (ConfUtils.java:logGet(46)) - raft.server.retrycache.expirytime = 600000ms (custom)
2022-12-02 11:14:20,019 [pool-430-thread-1] INFO  server.RaftServerConfigKeys (ConfUtils.java:logGet(46)) - raft.server.retrycache.statistics.expirytime = 100μs (default)
2022-12-02 11:14:20,020 [pool-430-thread-1] INFO  server.RaftServerConfigKeys (ConfUtils.java:logGet(46)) - raft.server.log.appender.install.snapshot.enabled = false (custom)
2022-12-02 11:14:20,020 [pool-430-thread-1] INFO  server.RaftServerConfigKeys (ConfUtils.java:logGet(46)) - raft.server.threadpool.server.cached = true (default)
2022-12-02 11:14:20,020 [pool-430-thread-1] INFO  server.RaftServerConfigKeys (ConfUtils.java:logGet(46)) - raft.server.threadpool.server.size = 0 (default)
2022-12-02 11:14:20,020 [pool-430-thread-1] INFO  server.RaftServerConfigKeys (ConfUtils.java:logGet(46)) - raft.server.threadpool.client.cached = true (default)
2022-12-02 11:14:20,020 [pool-430-thread-1] INFO  server.RaftServerConfigKeys (ConfUtils.java:logGet(46)) - raft.server.threadpool.client.size = 0 (default)
2022-12-02 11:14:20,025 [pool-430-thread-1] INFO  server.RaftServer$Division (RaftServerImpl.java:<init>(195)) - 670c0782-42b0-403d-9acb-55f21abca380: new RaftServerImpl for group-789105272DF3:[] with ContainerStateMachine:uninitialized
2022-12-02 11:14:20,025 [pool-430-thread-1] INFO  server.RaftServerConfigKeys (ConfUtils.java:logGet(46)) - raft.server.rpc.timeout.min = 5s (custom)
2022-12-02 11:14:20,025 [pool-430-thread-1] INFO  server.RaftServerConfigKeys (ConfUtils.java:logGet(46)) - raft.server.rpc.timeout.max = 5200ms (custom)
2022-12-02 11:14:20,025 [pool-430-thread-1] INFO  server.RaftServerConfigKeys (ConfUtils.java:logGet(46)) - raft.server.rpc.sleep.time = 25ms (default)
2022-12-02 11:14:20,025 [pool-430-thread-1] INFO  server.RaftServerConfigKeys (ConfUtils.java:logGet(46)) - raft.server.rpc.slowness.timeout = 300s (custom)
2022-12-02 11:14:20,025 [pool-430-thread-1] INFO  server.RaftServerConfigKeys (ConfUtils.java:logGet(46)) - raft.server.leaderelection.leader.step-down.wait-time = 10s (default)
2022-12-02 11:14:20,025 [pool-430-thread-1] INFO  server.RaftServerConfigKeys (ConfUtils.java:logGet(46)) - raft.server.sleep.deviation.threshold = 300ms (default)
2022-12-02 11:14:20,025 [pool-430-thread-1] INFO  server.RaftServer$Division (ServerState.java:<init>(118)) - 670c0782-42b0-403d-9acb-55f21abca380@group-789105272DF3: ConfigurationManager, init=-1: peers:[]|listeners:[], old=null, confs=<EMPTY_MAP>
2022-12-02 11:14:20,025 [pool-430-thread-1] INFO  server.RaftServerConfigKeys (ConfUtils.java:logGet(46)) - raft.server.storage.dir = [/home/runner/work/ozone/ozone/hadoop-ozone/integration-test/target/test-dir/MiniOzoneClusterImpl-8660d1ca-628d-42b2-bfba-a0a9046af5ec/datanode-1/data/ratis] (custom)
2022-12-02 11:14:20,025 [pool-430-thread-1] INFO  server.RaftServerConfigKeys (ConfUtils.java:logGet(46)) - raft.server.log.corruption.policy = EXCEPTION (default)
2022-12-02 11:14:20,025 [pool-430-thread-1] INFO  server.RaftServerConfigKeys (ConfUtils.java:logGet(46)) - raft.server.storage.free-space.min = 0MB (=0) (default)
2022-12-02 11:14:20,025 [pool-430-thread-1] INFO  server.RaftServerConfigKeys (ConfUtils.java:logGet(46)) - raft.server.notification.no-leader.timeout = 300s (custom)
2022-12-02 11:14:20,025 [pool-430-thread-1] INFO  server.RaftServerConfigKeys (ConfUtils.java:logGet(46)) - raft.server.retrycache.expirytime = 600000ms (custom)
2022-12-02 11:14:20,026 [pool-430-thread-1] INFO  server.RaftServerConfigKeys (ConfUtils.java:logGet(46)) - raft.server.retrycache.statistics.expirytime = 100μs (default)
2022-12-02 11:14:20,026 [pool-430-thread-1] INFO  server.RaftServerConfigKeys (ConfUtils.java:logGet(46)) - raft.server.log.appender.install.snapshot.enabled = false (custom)
2022-12-02 11:14:20,027 [pool-430-thread-1] INFO  server.RaftServerConfigKeys (ConfUtils.java:logGet(46)) - raft.server.threadpool.server.cached = true (default)
2022-12-02 11:14:20,027 [pool-430-thread-1] INFO  server.RaftServerConfigKeys (ConfUtils.java:logGet(46)) - raft.server.threadpool.server.size = 0 (default)
2022-12-02 11:14:20,027 [pool-430-thread-1] INFO  server.RaftServerConfigKeys (ConfUtils.java:logGet(46)) - raft.server.threadpool.client.cached = true (default)
2022-12-02 11:14:20,027 [pool-430-thread-1] INFO  server.RaftServerConfigKeys (ConfUtils.java:logGet(46)) - raft.server.threadpool.client.size = 0 (default)
2022-12-02 11:14:20,033 [Listener at 127.0.0.1/43097] INFO  server.session (DefaultSessionIdManager.java:doStart(334)) - DefaultSessionIdManager workerName=node0
2022-12-02 11:14:20,033 [Listener at 127.0.0.1/43097] INFO  server.session (DefaultSessionIdManager.java:doStart(339)) - No SessionScavenger set, using defaults
2022-12-02 11:14:20,034 [Listener at 127.0.0.1/43097] INFO  server.session (HouseKeeper.java:startScavenging(132)) - node0 Scavenging every 660000ms
2022-12-02 11:14:20,037 [Listener at 127.0.0.1/43097] INFO  handler.ContextHandler (ContextHandler.java:doStart(921)) - Started o.e.j.s.ServletContextHandler@68577f4{logs,/logs,file:///home/runner/work/ozone/ozone/hadoop-ozone/integration-test/target/log,AVAILABLE}
2022-12-02 11:14:20,037 [Listener at 127.0.0.1/43097] INFO  handler.ContextHandler (ContextHandler.java:doStart(921)) - Started o.e.j.s.ServletContextHandler@7a28868f{static,/static,jar:file:/home/runner/.m2/repository/org/apache/ozone/hdds-container-service/1.3.0-SNAPSHOT/hdds-container-service-1.3.0-SNAPSHOT.jar!/webapps/static,AVAILABLE}
2022-12-02 11:14:20,250 [Listener at 127.0.0.1/43097] INFO  handler.ContextHandler (ContextHandler.java:doStart(921)) - Started o.e.j.w.WebAppContext@4ee6cf9e{hddsDatanode,/,file:///tmp/jetty-0_0_0_0-37043-hdds-container-service-1_3_0-SNAPSHOT_jar-_-any-2307955227935822980/webapp/,AVAILABLE}{jar:file:/home/runner/.m2/repository/org/apache/ozone/hdds-container-service/1.3.0-SNAPSHOT/hdds-container-service-1.3.0-SNAPSHOT.jar!/webapps/hddsDatanode}
2022-12-02 11:14:20,252 [Listener at 127.0.0.1/43097] INFO  server.AbstractConnector (AbstractConnector.java:doStart(333)) - Started ServerConnector@32221a67{HTTP/1.1, (http/1.1)}{0.0.0.0:37043}
2022-12-02 11:14:20,253 [Listener at 127.0.0.1/43097] INFO  server.Server (Server.java:doStart(415)) - Started @132821ms
2022-12-02 11:14:20,253 [Listener at 127.0.0.1/43097] WARN  impl.MetricsSystemImpl (MetricsSystemImpl.java:register(279)) - Sink prometheus already exists!
2022-12-02 11:14:20,254 [Listener at 127.0.0.1/43097] INFO  http.BaseHttpServer (BaseHttpServer.java:updateConnectorAddress(333)) - HTTP server of hddsDatanode listening at http://0.0.0.0:37043
2022-12-02 11:14:20,254 [Datanode State Machine Daemon Thread] INFO  statemachine.DatanodeStateMachine (DatanodeStateMachine.java:lambda$startDaemon$0(505)) - Ozone container server started.
2022-12-02 11:14:20,256 [Listener at 127.0.0.1/43097] WARN  impl.MetricRegistriesImpl (MetricRegistriesImpl.java:addReporterRegistration(111)) - New reporters are added after registries were created. Some metrics will be missing from the reporter. Please add reporter before adding any new registry.
2022-12-02 11:14:20,256 [Listener at 127.0.0.1/43097] WARN  impl.MetricRegistriesImpl (MetricRegistriesImpl.java:addReporterRegistration(111)) - New reporters are added after registries were created. Some metrics will be missing from the reporter. Please add reporter before adding any new registry.
2022-12-02 11:14:20,257 [Listener at 127.0.0.1/43097] INFO  impl.MetricsSystemImpl (MetricsSystemImpl.java:init(158)) - HddsDatanode metrics system started (again)
2022-12-02 11:14:20,271 [Listener at 127.0.0.1/43097] INFO  ozone.HddsDatanodeService (HddsDatanodeService.java:start(236)) - HddsDatanodeService host:fv-az205-634.k2gd1z4tyxsu3cbgyjsjq30zwf.jx.internal.cloudapp.net ip:10.1.0.7
2022-12-02 11:14:20,284 [org.apache.hadoop.util.JvmPauseMonitor$Monitor@48c3c45b] INFO  util.JvmPauseMonitor (JvmPauseMonitor.java:run(188)) - Starting JVM pause monitor
2022-12-02 11:14:20,288 [Datanode State Machine Task Thread - 0] INFO  datanode.InitDatanodeState (InitDatanodeState.java:persistContainerDatanodeDetails(138)) - DatanodeDetails is persisted to /home/runner/work/ozone/ozone/hadoop-ozone/integration-test/target/test-dir/MiniOzoneClusterImpl-8660d1ca-628d-42b2-bfba-a0a9046af5ec/datanode-1/meta/datanode.id
2022-12-02 11:14:20,293 [Listener at 127.0.0.1/43097] INFO  upgrade.AbstractLayoutVersionManager (AbstractLayoutVersionManager.java:init(83)) - Initializing Layout version manager with metadata layout = DATANODE_SCHEMA_V3 (version = 4), software layout = DATANODE_SCHEMA_V3 (version = 4)
2022-12-02 11:14:20,346 [Listener at 127.0.0.1/43097] INFO  reflections.Reflections (Reflections.java:scan(232)) - Reflections took 51 ms to scan 7 urls, producing 140 keys and 342 values 
2022-12-02 11:14:20,348 [Listener at 127.0.0.1/43097] INFO  statemachine.DatanodeStateMachine (DatanodeStateMachine.java:getEndPointTaskThreadPoolSize(245)) - Datanode State Machine Task Thread Pool size 2
2022-12-02 11:14:20,350 [Listener at 127.0.0.1/43097] INFO  volume.HddsVolume (HddsVolume.java:<init>(117)) - Creating HddsVolume: /home/runner/work/ozone/ozone/hadoop-ozone/integration-test/target/test-dir/MiniOzoneClusterImpl-8660d1ca-628d-42b2-bfba-a0a9046af5ec/datanode-2/data-0/containers/hdds of storage type : DISK capacity : 9223372036854775807
2022-12-02 11:14:20,350 [Listener at 127.0.0.1/43097] INFO  volume.MutableVolumeSet (MutableVolumeSet.java:initializeVolumeSet(174)) - Added Volume : /home/runner/work/ozone/ozone/hadoop-ozone/integration-test/target/test-dir/MiniOzoneClusterImpl-8660d1ca-628d-42b2-bfba-a0a9046af5ec/datanode-2/data-0/containers/hdds to VolumeSet
2022-12-02 11:14:20,350 [Listener at 127.0.0.1/43097] INFO  volume.ThrottledAsyncChecker (ThrottledAsyncChecker.java:schedule(141)) - Scheduling a check for /home/runner/work/ozone/ozone/hadoop-ozone/integration-test/target/test-dir/MiniOzoneClusterImpl-8660d1ca-628d-42b2-bfba-a0a9046af5ec/datanode-2/data-0/containers/hdds
2022-12-02 11:14:20,354 [Listener at 127.0.0.1/43097] INFO  volume.StorageVolumeChecker (StorageVolumeChecker.java:checkAllVolumes(202)) - Scheduled health check for volume /home/runner/work/ozone/ozone/hadoop-ozone/integration-test/target/test-dir/MiniOzoneClusterImpl-8660d1ca-628d-42b2-bfba-a0a9046af5ec/datanode-2/data-0/containers/hdds
2022-12-02 11:14:20,373 [Listener at 127.0.0.1/43097] INFO  volume.MutableVolumeSet (MutableVolumeSet.java:initializeVolumeSet(174)) - Added Volume : /home/runner/work/ozone/ozone/hadoop-ozone/integration-test/target/test-dir/MiniOzoneClusterImpl-8660d1ca-628d-42b2-bfba-a0a9046af5ec/datanode-2/data/ratis to VolumeSet
2022-12-02 11:14:20,373 [Listener at 127.0.0.1/43097] INFO  volume.ThrottledAsyncChecker (ThrottledAsyncChecker.java:schedule(141)) - Scheduling a check for /home/runner/work/ozone/ozone/hadoop-ozone/integration-test/target/test-dir/MiniOzoneClusterImpl-8660d1ca-628d-42b2-bfba-a0a9046af5ec/datanode-2/data/ratis
2022-12-02 11:14:20,373 [Listener at 127.0.0.1/43097] INFO  volume.StorageVolumeChecker (StorageVolumeChecker.java:checkAllVolumes(202)) - Scheduled health check for volume /home/runner/work/ozone/ozone/hadoop-ozone/integration-test/target/test-dir/MiniOzoneClusterImpl-8660d1ca-628d-42b2-bfba-a0a9046af5ec/datanode-2/data/ratis
2022-12-02 11:14:20,405 [Listener at 127.0.0.1/43097] INFO  utils.DatanodeStoreCache (DatanodeStoreCache.java:addDB(58)) - Added db /home/runner/work/ozone/ozone/hadoop-ozone/integration-test/target/test-dir/MiniOzoneClusterImpl-8660d1ca-628d-42b2-bfba-a0a9046af5ec/datanode-2/data-0/containers/hdds/8660d1ca-628d-42b2-bfba-a0a9046af5ec/DS-f0312d4c-2340-4c4b-bb79-7f2c088384bf/container.db to cache
2022-12-02 11:14:20,405 [Listener at 127.0.0.1/43097] INFO  volume.HddsVolume (HddsVolume.java:loadDbStore(260)) - SchemaV3 db is loaded at /home/runner/work/ozone/ozone/hadoop-ozone/integration-test/target/test-dir/MiniOzoneClusterImpl-8660d1ca-628d-42b2-bfba-a0a9046af5ec/datanode-2/data-0/containers/hdds/8660d1ca-628d-42b2-bfba-a0a9046af5ec/DS-f0312d4c-2340-4c4b-bb79-7f2c088384bf/container.db for volume DS-f0312d4c-2340-4c4b-bb79-7f2c088384bf
2022-12-02 11:14:20,406 [Thread-747] INFO  ozoneimpl.ContainerReader (ContainerReader.java:readVolume(145)) - Start to verify containers on volume /home/runner/work/ozone/ozone/hadoop-ozone/integration-test/target/test-dir/MiniOzoneClusterImpl-8660d1ca-628d-42b2-bfba-a0a9046af5ec/datanode-2/data-0/containers/hdds
2022-12-02 11:14:20,406 [Thread-747] INFO  ozoneimpl.ContainerReader (ContainerReader.java:readVolume(175)) - Finish verifying containers on volume /home/runner/work/ozone/ozone/hadoop-ozone/integration-test/target/test-dir/MiniOzoneClusterImpl-8660d1ca-628d-42b2-bfba-a0a9046af5ec/datanode-2/data-0/containers/hdds
2022-12-02 11:14:20,406 [Listener at 127.0.0.1/43097] INFO  ozoneimpl.OzoneContainer (OzoneContainer.java:buildContainerSet(301)) - Build ContainerSet costs 0s
2022-12-02 11:14:20,417 [Listener at 127.0.0.1/43097] INFO  server.RaftServer (ConfUtils.java:logGet(46)) - raft.rpc.type = GRPC (default)
2022-12-02 11:14:20,419 [Listener at 127.0.0.1/43097] INFO  grpc.GrpcConfigKeys (ConfUtils.java:logFallback(53)) - raft.grpc.admin.host = null (fallback to raft.grpc.server.host)
2022-12-02 11:14:20,419 [Listener at 127.0.0.1/43097] INFO  grpc.GrpcConfigKeys (ConfUtils.java:logGet(46)) - raft.grpc.admin.port = 37481 (custom)
2022-12-02 11:14:20,419 [Listener at 127.0.0.1/43097] INFO  grpc.GrpcConfigKeys (ConfUtils.java:logFallback(53)) - raft.grpc.client.host = null (fallback to raft.grpc.server.host)
2022-12-02 11:14:20,419 [Listener at 127.0.0.1/43097] INFO  grpc.GrpcConfigKeys (ConfUtils.java:logGet(46)) - raft.grpc.client.port = 37481 (custom)
2022-12-02 11:14:20,421 [Listener at 127.0.0.1/43097] INFO  grpc.GrpcConfigKeys (ConfUtils.java:logGet(46)) - raft.grpc.server.host = null (default)
2022-12-02 11:14:20,421 [Listener at 127.0.0.1/43097] INFO  grpc.GrpcConfigKeys (ConfUtils.java:logGet(46)) - raft.grpc.server.port = 37481 (custom)
2022-12-02 11:14:20,421 [Listener at 127.0.0.1/43097] INFO  server.GrpcService (ConfUtils.java:logGet(46)) - raft.grpc.message.size.max = 32MB (=33554432) (custom)
2022-12-02 11:14:20,421 [Listener at 127.0.0.1/43097] INFO  server.RaftServerConfigKeys (ConfUtils.java:logGet(46)) - raft.server.log.appender.buffer.byte-limit = 33554432 (custom)
2022-12-02 11:14:20,422 [Listener at 127.0.0.1/43097] INFO  server.GrpcService (ConfUtils.java:logGet(46)) - raft.grpc.flow.control.window = 5MB (=5242880) (custom)
2022-12-02 11:14:20,423 [Listener at 127.0.0.1/43097] INFO  server.RaftServerConfigKeys (ConfUtils.java:logGet(46)) - raft.server.rpc.request.timeout = 60s (custom)
2022-12-02 11:14:20,423 [Listener at 127.0.0.1/43097] INFO  grpc.GrpcConfigKeys (ConfUtils.java:logGet(46)) - raft.grpc.server.heartbeat.channel = true (default)
2022-12-02 11:14:20,423 [Listener at 127.0.0.1/43097] INFO  grpc.GrpcConfigKeys (ConfUtils.java:logGet(46)) - raft.grpc.server.async.request.thread.pool.cached = true (default)
2022-12-02 11:14:20,423 [Listener at 127.0.0.1/43097] INFO  grpc.GrpcConfigKeys (ConfUtils.java:logGet(46)) - raft.grpc.server.async.request.thread.pool.size = 32 (default)
2022-12-02 11:14:20,426 [Listener at 127.0.0.1/43097] INFO  impl.DataStreamServerImpl (ConfUtils.java:logGet(46)) - raft.datastream.type = DISABLED (default)
2022-12-02 11:14:20,426 [Listener at 127.0.0.1/43097] INFO  server.RaftServerConfigKeys (ConfUtils.java:logGet(46)) - raft.server.threadpool.proxy.cached = true (default)
2022-12-02 11:14:20,427 [Listener at 127.0.0.1/43097] INFO  server.RaftServerConfigKeys (ConfUtils.java:logGet(46)) - raft.server.threadpool.proxy.size = 0 (default)
2022-12-02 11:14:20,427 [Listener at 127.0.0.1/43097] INFO  server.RaftServerConfigKeys (ConfUtils.java:logGet(46)) - raft.server.rpc.slowness.timeout = 300s (custom)
2022-12-02 11:14:20,427 [Listener at 127.0.0.1/43097] INFO  server.RaftServerConfigKeys (ConfUtils.java:logGet(46)) - raft.server.leaderelection.leader.step-down.wait-time = 10s (default)
2022-12-02 11:14:20,427 [Listener at 127.0.0.1/43097] INFO  server.RaftServerConfigKeys (ConfUtils.java:logGet(46)) - raft.server.storage.dir = [/home/runner/work/ozone/ozone/hadoop-ozone/integration-test/target/test-dir/MiniOzoneClusterImpl-8660d1ca-628d-42b2-bfba-a0a9046af5ec/datanode-2/data/ratis] (custom)
2022-12-02 11:14:20,428 [2ec4b609-823d-4e71-a054-e2ed5db02f38-impl-thread1] INFO  server.RaftServer (RaftServerProxy.java:initGroupDir(251)) - 2ec4b609-823d-4e71-a054-e2ed5db02f38: found a subdirectory /home/runner/work/ozone/ozone/hadoop-ozone/integration-test/target/test-dir/MiniOzoneClusterImpl-8660d1ca-628d-42b2-bfba-a0a9046af5ec/datanode-2/data/ratis/985de3b7-49ad-4775-b0bd-e629549c3e12
2022-12-02 11:14:20,428 [2ec4b609-823d-4e71-a054-e2ed5db02f38-impl-thread1] INFO  server.RaftServer (RaftServerProxy.java:addNew(96)) - 2ec4b609-823d-4e71-a054-e2ed5db02f38: addNew group-E629549C3E12:[] returns group-E629549C3E12:java.util.concurrent.CompletableFuture@1f1552c0[Not completed]
2022-12-02 11:14:20,428 [2ec4b609-823d-4e71-a054-e2ed5db02f38-impl-thread1] INFO  server.RaftServer (RaftServerProxy.java:initGroupDir(251)) - 2ec4b609-823d-4e71-a054-e2ed5db02f38: found a subdirectory /home/runner/work/ozone/ozone/hadoop-ozone/integration-test/target/test-dir/MiniOzoneClusterImpl-8660d1ca-628d-42b2-bfba-a0a9046af5ec/datanode-2/data/ratis/062614bd-6377-4b09-8d3e-cc7a890d867e
2022-12-02 11:14:20,428 [2ec4b609-823d-4e71-a054-e2ed5db02f38-impl-thread1] INFO  server.RaftServer (RaftServerProxy.java:addNew(96)) - 2ec4b609-823d-4e71-a054-e2ed5db02f38: addNew group-CC7A890D867E:[] returns group-CC7A890D867E:java.util.concurrent.CompletableFuture@1b2ad5fa[Not completed]
2022-12-02 11:14:20,428 [2ec4b609-823d-4e71-a054-e2ed5db02f38-impl-thread1] INFO  server.RaftServer (RaftServerProxy.java:initGroupDir(251)) - 2ec4b609-823d-4e71-a054-e2ed5db02f38: found a subdirectory /home/runner/work/ozone/ozone/hadoop-ozone/integration-test/target/test-dir/MiniOzoneClusterImpl-8660d1ca-628d-42b2-bfba-a0a9046af5ec/datanode-2/data/ratis/08e3d165-b014-4633-bee5-789105272df3
2022-12-02 11:14:20,428 [2ec4b609-823d-4e71-a054-e2ed5db02f38-impl-thread1] INFO  server.RaftServer (RaftServerProxy.java:addNew(96)) - 2ec4b609-823d-4e71-a054-e2ed5db02f38: addNew group-789105272DF3:[] returns group-789105272DF3:java.util.concurrent.CompletableFuture@5e2858fb[Not completed]
2022-12-02 11:14:20,430 [Listener at 127.0.0.1/43097] INFO  server.XceiverServerGrpc (XceiverServerGrpc.java:<init>(132)) - GrpcServer channel type EpollServerSocketChannel
2022-12-02 11:14:20,433 [pool-460-thread-1] INFO  server.RaftServer$Division (RaftServerImpl.java:<init>(195)) - 2ec4b609-823d-4e71-a054-e2ed5db02f38: new RaftServerImpl for group-E629549C3E12:[] with ContainerStateMachine:uninitialized
2022-12-02 11:14:20,433 [pool-460-thread-1] INFO  server.RaftServerConfigKeys (ConfUtils.java:logGet(46)) - raft.server.rpc.timeout.min = 5s (custom)
2022-12-02 11:14:20,433 [pool-460-thread-1] INFO  server.RaftServerConfigKeys (ConfUtils.java:logGet(46)) - raft.server.rpc.timeout.max = 5200ms (custom)
2022-12-02 11:14:20,433 [pool-460-thread-1] INFO  server.RaftServerConfigKeys (ConfUtils.java:logGet(46)) - raft.server.rpc.sleep.time = 25ms (default)
2022-12-02 11:14:20,433 [pool-460-thread-1] INFO  server.RaftServerConfigKeys (ConfUtils.java:logGet(46)) - raft.server.rpc.slowness.timeout = 300s (custom)
2022-12-02 11:14:20,433 [pool-460-thread-1] INFO  server.RaftServerConfigKeys (ConfUtils.java:logGet(46)) - raft.server.leaderelection.leader.step-down.wait-time = 10s (default)
2022-12-02 11:14:20,434 [pool-460-thread-1] INFO  server.RaftServerConfigKeys (ConfUtils.java:logGet(46)) - raft.server.sleep.deviation.threshold = 300ms (default)
2022-12-02 11:14:20,434 [pool-460-thread-1] INFO  server.RaftServer$Division (ServerState.java:<init>(118)) - 2ec4b609-823d-4e71-a054-e2ed5db02f38@group-E629549C3E12: ConfigurationManager, init=-1: peers:[]|listeners:[], old=null, confs=<EMPTY_MAP>
2022-12-02 11:14:20,435 [pool-460-thread-1] INFO  server.RaftServerConfigKeys (ConfUtils.java:logGet(46)) - raft.server.storage.dir = [/home/runner/work/ozone/ozone/hadoop-ozone/integration-test/target/test-dir/MiniOzoneClusterImpl-8660d1ca-628d-42b2-bfba-a0a9046af5ec/datanode-2/data/ratis] (custom)
2022-12-02 11:14:20,435 [Listener at 127.0.0.1/43097] INFO  http.BaseHttpServer (BaseHttpServer.java:newHttpServer2BuilderForOzone(213)) - Starting Web-server for hddsDatanode at: http://0.0.0.0:41087
2022-12-02 11:14:20,435 [Listener at 127.0.0.1/43097] INFO  http.BaseHttpServer (BaseHttpServer.java:<init>(108)) - Hadoop Security Enabled: false Ozone Security Enabled: false Ozone HTTP Security Enabled: false 
2022-12-02 11:14:20,437 [Listener at 127.0.0.1/43097] WARN  server.AuthenticationFilter (AuthenticationFilter.java:constructSecretProvider(240)) - Unable to initialize FileSignerSecretProvider, falling back to use random secrets. Reason: Could not read signature secret file: /home/runner/hadoop-http-auth-signature-secret
2022-12-02 11:14:20,437 [pool-460-thread-1] INFO  server.RaftServerConfigKeys (ConfUtils.java:logGet(46)) - raft.server.log.corruption.policy = EXCEPTION (default)
2022-12-02 11:14:20,437 [pool-460-thread-1] INFO  server.RaftServerConfigKeys (ConfUtils.java:logGet(46)) - raft.server.storage.free-space.min = 0MB (=0) (default)
2022-12-02 11:14:20,437 [pool-460-thread-1] INFO  server.RaftServerConfigKeys (ConfUtils.java:logGet(46)) - raft.server.notification.no-leader.timeout = 300s (custom)
2022-12-02 11:14:20,438 [pool-460-thread-1] INFO  server.RaftServerConfigKeys (ConfUtils.java:logGet(46)) - raft.server.retrycache.expirytime = 600000ms (custom)
2022-12-02 11:14:20,438 [pool-460-thread-1] INFO  server.RaftServerConfigKeys (ConfUtils.java:logGet(46)) - raft.server.retrycache.statistics.expirytime = 100μs (default)
2022-12-02 11:14:20,439 [pool-460-thread-1] INFO  server.RaftServerConfigKeys (ConfUtils.java:logGet(46)) - raft.server.log.appender.install.snapshot.enabled = false (custom)
2022-12-02 11:14:20,439 [pool-460-thread-1] INFO  server.RaftServerConfigKeys (ConfUtils.java:logGet(46)) - raft.server.threadpool.server.cached = true (default)
2022-12-02 11:14:20,439 [pool-460-thread-1] INFO  server.RaftServerConfigKeys (ConfUtils.java:logGet(46)) - raft.server.threadpool.server.size = 0 (default)
2022-12-02 11:14:20,439 [pool-460-thread-1] INFO  server.RaftServerConfigKeys (ConfUtils.java:logGet(46)) - raft.server.threadpool.client.cached = true (default)
2022-12-02 11:14:20,439 [pool-460-thread-1] INFO  server.RaftServerConfigKeys (ConfUtils.java:logGet(46)) - raft.server.threadpool.client.size = 0 (default)
2022-12-02 11:14:20,440 [pool-460-thread-1] INFO  server.RaftServer$Division (RaftServerImpl.java:<init>(195)) - 2ec4b609-823d-4e71-a054-e2ed5db02f38: new RaftServerImpl for group-CC7A890D867E:[] with ContainerStateMachine:uninitialized
2022-12-02 11:14:20,440 [pool-460-thread-1] INFO  server.RaftServerConfigKeys (ConfUtils.java:logGet(46)) - raft.server.rpc.timeout.min = 5s (custom)
2022-12-02 11:14:20,440 [pool-460-thread-1] INFO  server.RaftServerConfigKeys (ConfUtils.java:logGet(46)) - raft.server.rpc.timeout.max = 5200ms (custom)
2022-12-02 11:14:20,440 [pool-460-thread-1] INFO  server.RaftServerConfigKeys (ConfUtils.java:logGet(46)) - raft.server.rpc.sleep.time = 25ms (default)
2022-12-02 11:14:20,441 [pool-460-thread-1] INFO  server.RaftServerConfigKeys (ConfUtils.java:logGet(46)) - raft.server.rpc.slowness.timeout = 300s (custom)
2022-12-02 11:14:20,441 [pool-460-thread-1] INFO  server.RaftServerConfigKeys (ConfUtils.java:logGet(46)) - raft.server.leaderelection.leader.step-down.wait-time = 10s (default)
2022-12-02 11:14:20,441 [pool-460-thread-1] INFO  server.RaftServerConfigKeys (ConfUtils.java:logGet(46)) - raft.server.sleep.deviation.threshold = 300ms (default)
2022-12-02 11:14:20,441 [pool-460-thread-1] INFO  server.RaftServer$Division (ServerState.java:<init>(118)) - 2ec4b609-823d-4e71-a054-e2ed5db02f38@group-CC7A890D867E: ConfigurationManager, init=-1: peers:[]|listeners:[], old=null, confs=<EMPTY_MAP>
2022-12-02 11:14:20,441 [Listener at 127.0.0.1/43097] WARN  http.HttpRequestLog (HttpRequestLog.java:getRequestLog(103)) - Jetty request log can only be enabled using Log4j
2022-12-02 11:14:20,443 [Listener at 127.0.0.1/43097] INFO  http.HttpServer2 (HttpServer2.java:addGlobalFilter(1031)) - Added global filter 'safety' (class=org.apache.hadoop.hdds.server.http.HttpServer2$QuotingInputFilter)
2022-12-02 11:14:20,444 [Listener at 127.0.0.1/43097] INFO  http.HttpServer2 (HttpServer2.java:addFilter(1007)) - Added filter static_user_filter (class=org.apache.hadoop.http.lib.StaticUserWebFilter$StaticUserFilter) to context hddsDatanode
2022-12-02 11:14:20,444 [Listener at 127.0.0.1/43097] INFO  http.HttpServer2 (HttpServer2.java:addFilter(1015)) - Added filter static_user_filter (class=org.apache.hadoop.http.lib.StaticUserWebFilter$StaticUserFilter) to context logs
2022-12-02 11:14:20,445 [pool-460-thread-1] INFO  server.RaftServerConfigKeys (ConfUtils.java:logGet(46)) - raft.server.storage.dir = [/home/runner/work/ozone/ozone/hadoop-ozone/integration-test/target/test-dir/MiniOzoneClusterImpl-8660d1ca-628d-42b2-bfba-a0a9046af5ec/datanode-2/data/ratis] (custom)
2022-12-02 11:14:20,445 [pool-460-thread-1] INFO  server.RaftServerConfigKeys (ConfUtils.java:logGet(46)) - raft.server.log.corruption.policy = EXCEPTION (default)
2022-12-02 11:14:20,445 [pool-460-thread-1] INFO  server.RaftServerConfigKeys (ConfUtils.java:logGet(46)) - raft.server.storage.free-space.min = 0MB (=0) (default)
2022-12-02 11:14:20,445 [pool-460-thread-1] INFO  server.RaftServerConfigKeys (ConfUtils.java:logGet(46)) - raft.server.notification.no-leader.timeout = 300s (custom)
2022-12-02 11:14:20,445 [pool-460-thread-1] INFO  server.RaftServerConfigKeys (ConfUtils.java:logGet(46)) - raft.server.retrycache.expirytime = 600000ms (custom)
2022-12-02 11:14:20,445 [pool-460-thread-1] INFO  server.RaftServerConfigKeys (ConfUtils.java:logGet(46)) - raft.server.retrycache.statistics.expirytime = 100μs (default)
2022-12-02 11:14:20,445 [Listener at 127.0.0.1/43097] INFO  http.HttpServer2 (HttpServer2.java:addFilter(1015)) - Added filter static_user_filter (class=org.apache.hadoop.http.lib.StaticUserWebFilter$StaticUserFilter) to context static
2022-12-02 11:14:20,446 [Listener at 127.0.0.1/43097] INFO  http.HttpServer2 (HttpServer2.java:bindListener(1250)) - Jetty bound to port 41087
2022-12-02 11:14:20,447 [Listener at 127.0.0.1/43097] INFO  server.Server (Server.java:doStart(375)) - jetty-9.4.49.v20220914; built: 2022-09-14T01:07:36.601Z; git: 4231a3b2e4cb8548a412a789936d640a97b1aa0a; jvm 1.8.0_352-b08
2022-12-02 11:14:20,448 [pool-460-thread-1] INFO  server.RaftServerConfigKeys (ConfUtils.java:logGet(46)) - raft.server.log.appender.install.snapshot.enabled = false (custom)
2022-12-02 11:14:20,448 [pool-460-thread-1] INFO  server.RaftServerConfigKeys (ConfUtils.java:logGet(46)) - raft.server.threadpool.server.cached = true (default)
2022-12-02 11:14:20,448 [pool-460-thread-1] INFO  server.RaftServerConfigKeys (ConfUtils.java:logGet(46)) - raft.server.threadpool.server.size = 0 (default)
2022-12-02 11:14:20,448 [pool-460-thread-1] INFO  server.RaftServerConfigKeys (ConfUtils.java:logGet(46)) - raft.server.threadpool.client.cached = true (default)
2022-12-02 11:14:20,448 [pool-460-thread-1] INFO  server.RaftServerConfigKeys (ConfUtils.java:logGet(46)) - raft.server.threadpool.client.size = 0 (default)
2022-12-02 11:14:20,449 [pool-460-thread-1] INFO  server.RaftServer$Division (RaftServerImpl.java:<init>(195)) - 2ec4b609-823d-4e71-a054-e2ed5db02f38: new RaftServerImpl for group-789105272DF3:[] with ContainerStateMachine:uninitialized
2022-12-02 11:14:20,449 [pool-460-thread-1] INFO  server.RaftServerConfigKeys (ConfUtils.java:logGet(46)) - raft.server.rpc.timeout.min = 5s (custom)
2022-12-02 11:14:20,449 [pool-460-thread-1] INFO  server.RaftServerConfigKeys (ConfUtils.java:logGet(46)) - raft.server.rpc.timeout.max = 5200ms (custom)
2022-12-02 11:14:20,449 [pool-460-thread-1] INFO  server.RaftServerConfigKeys (ConfUtils.java:logGet(46)) - raft.server.rpc.sleep.time = 25ms (default)
2022-12-02 11:14:20,449 [pool-460-thread-1] INFO  server.RaftServerConfigKeys (ConfUtils.java:logGet(46)) - raft.server.rpc.slowness.timeout = 300s (custom)
2022-12-02 11:14:20,449 [pool-460-thread-1] INFO  server.RaftServerConfigKeys (ConfUtils.java:logGet(46)) - raft.server.leaderelection.leader.step-down.wait-time = 10s (default)
2022-12-02 11:14:20,449 [pool-460-thread-1] INFO  server.RaftServerConfigKeys (ConfUtils.java:logGet(46)) - raft.server.sleep.deviation.threshold = 300ms (default)
2022-12-02 11:14:20,449 [pool-460-thread-1] INFO  server.RaftServer$Division (ServerState.java:<init>(118)) - 2ec4b609-823d-4e71-a054-e2ed5db02f38@group-789105272DF3: ConfigurationManager, init=-1: peers:[]|listeners:[], old=null, confs=<EMPTY_MAP>
2022-12-02 11:14:20,449 [pool-460-thread-1] INFO  server.RaftServerConfigKeys (ConfUtils.java:logGet(46)) - raft.server.storage.dir = [/home/runner/work/ozone/ozone/hadoop-ozone/integration-test/target/test-dir/MiniOzoneClusterImpl-8660d1ca-628d-42b2-bfba-a0a9046af5ec/datanode-2/data/ratis] (custom)
2022-12-02 11:14:20,450 [pool-460-thread-1] INFO  server.RaftServerConfigKeys (ConfUtils.java:logGet(46)) - raft.server.log.corruption.policy = EXCEPTION (default)
2022-12-02 11:14:20,450 [pool-460-thread-1] INFO  server.RaftServerConfigKeys (ConfUtils.java:logGet(46)) - raft.server.storage.free-space.min = 0MB (=0) (default)
2022-12-02 11:14:20,450 [pool-460-thread-1] INFO  server.RaftServerConfigKeys (ConfUtils.java:logGet(46)) - raft.server.notification.no-leader.timeout = 300s (custom)
2022-12-02 11:14:20,450 [pool-460-thread-1] INFO  server.RaftServerConfigKeys (ConfUtils.java:logGet(46)) - raft.server.retrycache.expirytime = 600000ms (custom)
2022-12-02 11:14:20,450 [pool-460-thread-1] INFO  server.RaftServerConfigKeys (ConfUtils.java:logGet(46)) - raft.server.retrycache.statistics.expirytime = 100μs (default)
2022-12-02 11:14:20,451 [pool-460-thread-1] INFO  server.RaftServerConfigKeys (ConfUtils.java:logGet(46)) - raft.server.log.appender.install.snapshot.enabled = false (custom)
2022-12-02 11:14:20,451 [pool-460-thread-1] INFO  server.RaftServerConfigKeys (ConfUtils.java:logGet(46)) - raft.server.threadpool.server.cached = true (default)
2022-12-02 11:14:20,451 [pool-460-thread-1] INFO  server.RaftServerConfigKeys (ConfUtils.java:logGet(46)) - raft.server.threadpool.server.size = 0 (default)
2022-12-02 11:14:20,451 [pool-460-thread-1] INFO  server.RaftServerConfigKeys (ConfUtils.java:logGet(46)) - raft.server.threadpool.client.cached = true (default)
2022-12-02 11:14:20,451 [pool-460-thread-1] INFO  server.RaftServerConfigKeys (ConfUtils.java:logGet(46)) - raft.server.threadpool.client.size = 0 (default)
2022-12-02 11:14:20,479 [Listener at 127.0.0.1/43097] INFO  server.session (DefaultSessionIdManager.java:doStart(334)) - DefaultSessionIdManager workerName=node0
2022-12-02 11:14:20,479 [Listener at 127.0.0.1/43097] INFO  server.session (DefaultSessionIdManager.java:doStart(339)) - No SessionScavenger set, using defaults
2022-12-02 11:14:20,480 [Listener at 127.0.0.1/43097] INFO  server.session (HouseKeeper.java:startScavenging(132)) - node0 Scavenging every 660000ms
2022-12-02 11:14:20,484 [Listener at 127.0.0.1/43097] INFO  handler.ContextHandler (ContextHandler.java:doStart(921)) - Started o.e.j.s.ServletContextHandler@26bbde6b{logs,/logs,file:///home/runner/work/ozone/ozone/hadoop-ozone/integration-test/target/log,AVAILABLE}
2022-12-02 11:14:20,484 [Listener at 127.0.0.1/43097] INFO  handler.ContextHandler (ContextHandler.java:doStart(921)) - Started o.e.j.s.ServletContextHandler@48a86431{static,/static,jar:file:/home/runner/.m2/repository/org/apache/ozone/hdds-container-service/1.3.0-SNAPSHOT/hdds-container-service-1.3.0-SNAPSHOT.jar!/webapps/static,AVAILABLE}
2022-12-02 11:14:20,709 [Listener at 127.0.0.1/43097] INFO  handler.ContextHandler (ContextHandler.java:doStart(921)) - Started o.e.j.w.WebAppContext@66c35446{hddsDatanode,/,file:///tmp/jetty-0_0_0_0-41087-hdds-container-service-1_3_0-SNAPSHOT_jar-_-any-5276730917551269269/webapp/,AVAILABLE}{jar:file:/home/runner/.m2/repository/org/apache/ozone/hdds-container-service/1.3.0-SNAPSHOT/hdds-container-service-1.3.0-SNAPSHOT.jar!/webapps/hddsDatanode}
2022-12-02 11:14:20,711 [Listener at 127.0.0.1/43097] INFO  server.AbstractConnector (AbstractConnector.java:doStart(333)) - Started ServerConnector@b6199f{HTTP/1.1, (http/1.1)}{0.0.0.0:41087}
2022-12-02 11:14:20,711 [Listener at 127.0.0.1/43097] INFO  server.Server (Server.java:doStart(415)) - Started @133280ms
2022-12-02 11:14:20,712 [Listener at 127.0.0.1/43097] WARN  impl.MetricsSystemImpl (MetricsSystemImpl.java:register(279)) - Sink prometheus already exists!
2022-12-02 11:14:20,714 [Listener at 127.0.0.1/43097] INFO  http.BaseHttpServer (BaseHttpServer.java:updateConnectorAddress(333)) - HTTP server of hddsDatanode listening at http://0.0.0.0:41087
2022-12-02 11:14:20,720 [Datanode State Machine Daemon Thread] INFO  statemachine.DatanodeStateMachine (DatanodeStateMachine.java:lambda$startDaemon$0(505)) - Ozone container server started.
2022-12-02 11:14:20,721 [Listener at 127.0.0.1/43097] INFO  pipeline.PipelineManagerImpl (PipelineManagerImpl.java:closePipeline(442)) - Pipeline Pipeline[ Id: 08e3d165-b014-4633-bee5-789105272df3, Nodes: 7e2aca8c-5c6e-487b-9a67-6624db7a0d19{ip: 10.1.0.7, host: fv-az205-634.k2gd1z4tyxsu3cbgyjsjq30zwf.jx.internal.cloudapp.net, ports: [REPLICATION=35417, RATIS=44557, RATIS_ADMIN=44557, RATIS_SERVER=44557, STANDALONE=39721], networkLocation: /default-rack, certSerialId: null, persistedOpState: IN_SERVICE, persistedOpStateExpiryEpochSec: 0}670c0782-42b0-403d-9acb-55f21abca380{ip: 10.1.0.7, host: fv-az205-634.k2gd1z4tyxsu3cbgyjsjq30zwf.jx.internal.cloudapp.net, ports: [REPLICATION=46539, RATIS=43611, RATIS_ADMIN=43611, RATIS_SERVER=43611, STANDALONE=33355], networkLocation: /default-rack, certSerialId: null, persistedOpState: IN_SERVICE, persistedOpStateExpiryEpochSec: 0}2ec4b609-823d-4e71-a054-e2ed5db02f38{ip: 10.1.0.7, host: fv-az205-634.k2gd1z4tyxsu3cbgyjsjq30zwf.jx.internal.cloudapp.net, ports: [REPLICATION=36787, RATIS=37481, RATIS_ADMIN=37481, RATIS_SERVER=37481, STANDALONE=35425], networkLocation: /default-rack, certSerialId: null, persistedOpState: IN_SERVICE, persistedOpStateExpiryEpochSec: 0}, ReplicationConfig: RATIS/THREE, State:ALLOCATED, leaderId:, CreationTimestamp2022-12-02T11:13:51.747Z[Etc/UTC]] moved to CLOSED state
2022-12-02 11:14:20,722 [Listener at 127.0.0.1/43097] INFO  pipeline.RatisPipelineProvider (RatisPipelineProvider.java:lambda$close$1(244)) - Send pipeline:PipelineID=08e3d165-b014-4633-bee5-789105272df3 close command to datanode 7e2aca8c-5c6e-487b-9a67-6624db7a0d19
2022-12-02 11:14:20,722 [Listener at 127.0.0.1/43097] INFO  pipeline.RatisPipelineProvider (RatisPipelineProvider.java:lambda$close$1(244)) - Send pipeline:PipelineID=08e3d165-b014-4633-bee5-789105272df3 close command to datanode 670c0782-42b0-403d-9acb-55f21abca380
2022-12-02 11:14:20,722 [Listener at 127.0.0.1/43097] INFO  pipeline.RatisPipelineProvider (RatisPipelineProvider.java:lambda$close$1(244)) - Send pipeline:PipelineID=08e3d165-b014-4633-bee5-789105272df3 close command to datanode 2ec4b609-823d-4e71-a054-e2ed5db02f38
2022-12-02 11:14:20,725 [Listener at 127.0.0.1/43097] INFO  pipeline.PipelineStateManagerImpl (PipelineStateManagerImpl.java:removePipeline(245)) - Pipeline Pipeline[ Id: 08e3d165-b014-4633-bee5-789105272df3, Nodes: 7e2aca8c-5c6e-487b-9a67-6624db7a0d19{ip: 10.1.0.7, host: fv-az205-634.k2gd1z4tyxsu3cbgyjsjq30zwf.jx.internal.cloudapp.net, ports: [REPLICATION=35417, RATIS=44557, RATIS_ADMIN=44557, RATIS_SERVER=44557, STANDALONE=39721], networkLocation: /default-rack, certSerialId: null, persistedOpState: IN_SERVICE, persistedOpStateExpiryEpochSec: 0}670c0782-42b0-403d-9acb-55f21abca380{ip: 10.1.0.7, host: fv-az205-634.k2gd1z4tyxsu3cbgyjsjq30zwf.jx.internal.cloudapp.net, ports: [REPLICATION=46539, RATIS=43611, RATIS_ADMIN=43611, RATIS_SERVER=43611, STANDALONE=33355], networkLocation: /default-rack, certSerialId: null, persistedOpState: IN_SERVICE, persistedOpStateExpiryEpochSec: 0}2ec4b609-823d-4e71-a054-e2ed5db02f38{ip: 10.1.0.7, host: fv-az205-634.k2gd1z4tyxsu3cbgyjsjq30zwf.jx.internal.cloudapp.net, ports: [REPLICATION=36787, RATIS=37481, RATIS_ADMIN=37481, RATIS_SERVER=37481, STANDALONE=35425], networkLocation: /default-rack, certSerialId: null, persistedOpState: IN_SERVICE, persistedOpStateExpiryEpochSec: 0}, ReplicationConfig: RATIS/THREE, State:CLOSED, leaderId:, CreationTimestamp2022-12-02T11:13:51.747Z[Etc/UTC]] removed.
2022-12-02 11:14:20,726 [Listener at 127.0.0.1/43097] INFO  pipeline.PipelineManagerImpl (PipelineManagerImpl.java:closePipeline(442)) - Pipeline Pipeline[ Id: 062614bd-6377-4b09-8d3e-cc7a890d867e, Nodes: 670c0782-42b0-403d-9acb-55f21abca380{ip: 10.1.0.7, host: fv-az205-634.k2gd1z4tyxsu3cbgyjsjq30zwf.jx.internal.cloudapp.net, ports: [REPLICATION=46539, RATIS=43611, RATIS_ADMIN=43611, RATIS_SERVER=43611, STANDALONE=33355], networkLocation: /default-rack, certSerialId: null, persistedOpState: IN_SERVICE, persistedOpStateExpiryEpochSec: 0}2ec4b609-823d-4e71-a054-e2ed5db02f38{ip: 10.1.0.7, host: fv-az205-634.k2gd1z4tyxsu3cbgyjsjq30zwf.jx.internal.cloudapp.net, ports: [REPLICATION=36787, RATIS=37481, RATIS_ADMIN=37481, RATIS_SERVER=37481, STANDALONE=35425], networkLocation: /default-rack, certSerialId: null, persistedOpState: IN_SERVICE, persistedOpStateExpiryEpochSec: 0}7e2aca8c-5c6e-487b-9a67-6624db7a0d19{ip: 10.1.0.7, host: fv-az205-634.k2gd1z4tyxsu3cbgyjsjq30zwf.jx.internal.cloudapp.net, ports: [REPLICATION=35417, RATIS=44557, RATIS_ADMIN=44557, RATIS_SERVER=44557, STANDALONE=39721], networkLocation: /default-rack, certSerialId: null, persistedOpState: IN_SERVICE, persistedOpStateExpiryEpochSec: 0}, ReplicationConfig: RATIS/THREE, State:OPEN, leaderId:2ec4b609-823d-4e71-a054-e2ed5db02f38, CreationTimestamp2022-12-02T11:13:51.746Z[Etc/UTC]] moved to CLOSED state
2022-12-02 11:14:20,726 [Listener at 127.0.0.1/43097] INFO  pipeline.RatisPipelineProvider (RatisPipelineProvider.java:lambda$close$1(244)) - Send pipeline:PipelineID=062614bd-6377-4b09-8d3e-cc7a890d867e close command to datanode 670c0782-42b0-403d-9acb-55f21abca380
2022-12-02 11:14:20,726 [Listener at 127.0.0.1/43097] INFO  pipeline.RatisPipelineProvider (RatisPipelineProvider.java:lambda$close$1(244)) - Send pipeline:PipelineID=062614bd-6377-4b09-8d3e-cc7a890d867e close command to datanode 2ec4b609-823d-4e71-a054-e2ed5db02f38
2022-12-02 11:14:20,726 [Listener at 127.0.0.1/43097] INFO  pipeline.RatisPipelineProvider (RatisPipelineProvider.java:lambda$close$1(244)) - Send pipeline:PipelineID=062614bd-6377-4b09-8d3e-cc7a890d867e close command to datanode 7e2aca8c-5c6e-487b-9a67-6624db7a0d19
2022-12-02 11:14:20,727 [Listener at 127.0.0.1/43097] INFO  pipeline.PipelineStateManagerImpl (PipelineStateManagerImpl.java:removePipeline(245)) - Pipeline Pipeline[ Id: 062614bd-6377-4b09-8d3e-cc7a890d867e, Nodes: 670c0782-42b0-403d-9acb-55f21abca380{ip: 10.1.0.7, host: fv-az205-634.k2gd1z4tyxsu3cbgyjsjq30zwf.jx.internal.cloudapp.net, ports: [REPLICATION=46539, RATIS=43611, RATIS_ADMIN=43611, RATIS_SERVER=43611, STANDALONE=33355], networkLocation: /default-rack, certSerialId: null, persistedOpState: IN_SERVICE, persistedOpStateExpiryEpochSec: 0}2ec4b609-823d-4e71-a054-e2ed5db02f38{ip: 10.1.0.7, host: fv-az205-634.k2gd1z4tyxsu3cbgyjsjq30zwf.jx.internal.cloudapp.net, ports: [REPLICATION=36787, RATIS=37481, RATIS_ADMIN=37481, RATIS_SERVER=37481, STANDALONE=35425], networkLocation: /default-rack, certSerialId: null, persistedOpState: IN_SERVICE, persistedOpStateExpiryEpochSec: 0}7e2aca8c-5c6e-487b-9a67-6624db7a0d19{ip: 10.1.0.7, host: fv-az205-634.k2gd1z4tyxsu3cbgyjsjq30zwf.jx.internal.cloudapp.net, ports: [REPLICATION=35417, RATIS=44557, RATIS_ADMIN=44557, RATIS_SERVER=44557, STANDALONE=39721], networkLocation: /default-rack, certSerialId: null, persistedOpState: IN_SERVICE, persistedOpStateExpiryEpochSec: 0}, ReplicationConfig: RATIS/THREE, State:CLOSED, leaderId:2ec4b609-823d-4e71-a054-e2ed5db02f38, CreationTimestamp2022-12-02T11:13:51.746Z[Etc/UTC]] removed.
2022-12-02 11:14:20,727 [Listener at 127.0.0.1/43097] INFO  ozone.MiniOzoneClusterImpl (MiniOzoneClusterImpl.java:shutdown(448)) - Shutting down the Mini Ozone Cluster
2022-12-02 11:14:20,727 [Listener at 127.0.0.1/43097] INFO  ozone.MiniOzoneClusterImpl (MiniOzoneClusterImpl.java:stop(463)) - Stopping the Mini Ozone Cluster
2022-12-02 11:14:20,727 [Listener at 127.0.0.1/43097] INFO  ozone.MiniOzoneClusterImpl (MiniOzoneClusterImpl.java:stopOM(545)) - Stopping the OzoneManager
2022-12-02 11:14:20,728 [Listener at 127.0.0.1/43097] INFO  om.OzoneManager (OzoneManager.java:stop(2036)) - om1[localhost:0]: Stopping Ozone Manager
2022-12-02 11:14:20,728 [Listener at 127.0.0.1/43097] INFO  ipc.Server (Server.java:stop(3428)) - Stopping server on 43097
2022-12-02 11:14:20,747 [org.apache.hadoop.util.JvmPauseMonitor$Monitor@972fc26] INFO  util.JvmPauseMonitor (JvmPauseMonitor.java:run(188)) - Starting JVM pause monitor
2022-12-02 11:14:20,750 [IPC Server listener on 0] INFO  ipc.Server (Server.java:run(1384)) - Stopping IPC Server listener on 0
2022-12-02 11:14:20,751 [Listener at 127.0.0.1/43097] INFO  server.RaftServer (RaftServerProxy.java:lambda$close$6(409)) - om1: close
2022-12-02 11:14:20,751 [IPC Server Responder] INFO  ipc.Server (Server.java:run(1517)) - Stopping IPC Server Responder
2022-12-02 11:14:20,752 [Listener at 127.0.0.1/43097] INFO  server.GrpcService (GrpcService.java:closeImpl(279)) - om1: shutdown server GrpcServerProtocolService now
2022-12-02 11:14:20,752 [om1-impl-thread1] INFO  server.RaftServer$Division (RaftServerImpl.java:lambda$close$4(458)) - om1@group-C5BA1605619E: shutdown
2022-12-02 11:14:20,752 [om1-impl-thread1] INFO  util.JmxRegister (JmxRegister.java:unregister(73)) - Successfully un-registered JMX Bean with object name Ratis:service=RaftServer,group=group-C5BA1605619E,id=om1
2022-12-02 11:14:20,752 [om1-impl-thread1] INFO  impl.RoleInfo (RoleInfo.java:shutdownLeaderState(93)) - om1: shutdown om1@group-C5BA1605619E-LeaderStateImpl
2022-12-02 11:14:20,752 [om1-impl-thread1] INFO  impl.PendingRequests (PendingRequests.java:sendNotLeaderResponses(282)) - om1@group-C5BA1605619E-PendingRequests: sendNotLeaderResponses
2022-12-02 11:14:20,753 [om1-impl-thread1] INFO  impl.StateMachineUpdater (StateMachineUpdater.java:stopAndJoin(153)) - om1@group-C5BA1605619E-StateMachineUpdater: set stopIndex = 0
2022-12-02 11:14:20,754 [Listener at 127.0.0.1/43097] INFO  server.GrpcService (GrpcService.java:closeImpl(288)) - om1: shutdown server GrpcServerProtocolService successfully
2022-12-02 11:14:20,754 [om1@group-C5BA1605619E-StateMachineUpdater] INFO  ratis.OzoneManagerStateMachine (OzoneManagerStateMachine.java:takeSnapshot(445)) - Current Snapshot Index (t:1, i:0)
2022-12-02 11:14:20,754 [om1@group-C5BA1605619E-StateMachineUpdater] INFO  impl.StateMachineUpdater (StateMachineUpdater.java:takeSnapshot(287)) - om1@group-C5BA1605619E-StateMachineUpdater: Took a snapshot at index 0
2022-12-02 11:14:20,755 [om1@group-C5BA1605619E-StateMachineUpdater] INFO  impl.StateMachineUpdater (StateMachineUpdater.java:lambda$new$0(92)) - om1@group-C5BA1605619E-StateMachineUpdater: snapshotIndex: updateIncreasingly -1 -> 0
2022-12-02 11:14:20,755 [om1@group-C5BA1605619E-StateMachineUpdater] INFO  ratis.OzoneManagerStateMachine (OzoneManagerStateMachine.java:close(499)) - StateMachine has shutdown. Shutdown OzoneManager if not already shutdown.
2022-12-02 11:14:20,755 [om1@group-C5BA1605619E-StateMachineUpdater] INFO  ratis.OzoneManagerDoubleBuffer (OzoneManagerDoubleBuffer.java:stop(466)) - Stopping OMDoubleBuffer flush thread
2022-12-02 11:14:20,755 [OMDoubleBufferFlushThread] INFO  ratis.OzoneManagerDoubleBuffer (OzoneManagerDoubleBuffer.java:flushTransactions(385)) - OMDoubleBuffer flush thread OMDoubleBufferFlushThread is interrupted and will exit.
2022-12-02 11:14:20,756 [om1-impl-thread1] INFO  server.RaftServer$Division (ServerState.java:close(466)) - om1@group-C5BA1605619E: closes. applyIndex: 0
2022-12-02 11:14:20,756 [om1@group-C5BA1605619E-SegmentedRaftLogWorker] INFO  segmented.SegmentedRaftLogWorker (SegmentedRaftLogWorker.java:run(347)) - om1@group-C5BA1605619E-SegmentedRaftLogWorker was interrupted, exiting. There are 0 tasks remaining in the queue.
2022-12-02 11:14:20,758 [om1-impl-thread1] INFO  segmented.SegmentedRaftLogWorker (SegmentedRaftLogWorker.java:close(257)) - om1@group-C5BA1605619E-SegmentedRaftLogWorker close()
2022-12-02 11:14:20,758 [JvmPauseMonitor7] INFO  util.JvmPauseMonitor (JvmPauseMonitor.java:run(111)) - JvmPauseMonitor-om1: Stopped
2022-12-02 11:14:20,758 [Listener at 127.0.0.1/43097] INFO  ratis.OzoneManagerStateMachine (OzoneManagerStateMachine.java:close(499)) - StateMachine has shutdown. Shutdown OzoneManager if not already shutdown.
2022-12-02 11:14:20,759 [Listener at 127.0.0.1/43097] INFO  ratis.OzoneManagerDoubleBuffer (OzoneManagerDoubleBuffer.java:stop(478)) - OMDoubleBuffer flush thread is not running.
2022-12-02 11:14:20,759 [Listener at 127.0.0.1/43097] INFO  utils.BackgroundService (BackgroundService.java:shutdown(141)) - Shutting down service KeyDeletingService
2022-12-02 11:14:20,759 [Listener at 127.0.0.1/43097] INFO  utils.BackgroundService (BackgroundService.java:shutdown(141)) - Shutting down service DirectoryDeletingService
2022-12-02 11:14:20,760 [Listener at 127.0.0.1/43097] INFO  utils.BackgroundService (BackgroundService.java:shutdown(141)) - Shutting down service OpenKeyCleanupService
2022-12-02 11:14:20,760 [Listener at 127.0.0.1/43097] INFO  handler.ContextHandler (ContextHandler.java:doStop(1159)) - Stopped o.e.j.w.WebAppContext@5d657a3a{ozoneManager,/,null,STOPPED}{file:/home/runner/work/ozone/ozone/hadoop-ozone/integration-test/target/test-classes/webapps/ozoneManager}
2022-12-02 11:14:20,761 [Listener at 127.0.0.1/43097] INFO  server.AbstractConnector (AbstractConnector.java:doStop(383)) - Stopped ServerConnector@706b2ff0{HTTP/1.1, (http/1.1)}{0.0.0.0:0}
2022-12-02 11:14:20,763 [Listener at 127.0.0.1/43097] INFO  server.session (HouseKeeper.java:stopScavenging(149)) - node0 Stopped scavenging
2022-12-02 11:14:20,764 [Listener at 127.0.0.1/43097] INFO  handler.ContextHandler (ContextHandler.java:doStop(1159)) - Stopped o.e.j.s.ServletContextHandler@14101d53{static,/static,file:///home/runner/work/ozone/ozone/hadoop-ozone/integration-test/target/test-classes/webapps/static,STOPPED}
2022-12-02 11:14:20,764 [Listener at 127.0.0.1/43097] INFO  handler.ContextHandler (ContextHandler.java:doStop(1159)) - Stopped o.e.j.s.ServletContextHandler@5d4f3b82{logs,/logs,file:///home/runner/work/ozone/ozone/hadoop-ozone/integration-test/target/log,STOPPED}
2022-12-02 11:14:20,766 [Datanode State Machine Task Thread - 0] INFO  datanode.InitDatanodeState (InitDatanodeState.java:persistContainerDatanodeDetails(138)) - DatanodeDetails is persisted to /home/runner/work/ozone/ozone/hadoop-ozone/integration-test/target/test-dir/MiniOzoneClusterImpl-8660d1ca-628d-42b2-bfba-a0a9046af5ec/datanode-2/meta/datanode.id
2022-12-02 11:14:20,767 [Listener at 127.0.0.1/43097] INFO  ozone.MiniOzoneClusterImpl (MiniOzoneClusterImpl.java:stopDatanodes(522)) - Stopping the HddsDatanodes
2022-12-02 11:14:20,769 [Listener at 127.0.0.1/43097] INFO  ozoneimpl.OzoneContainer (OzoneContainer.java:stop(417)) - Attempting to stop container services.
2022-12-02 11:14:20,772 [Listener at 127.0.0.1/43097] INFO  volume.HddsVolume (HddsVolume.java:closeDbStore(338)) - SchemaV3 db is stopped at /home/runner/work/ozone/ozone/hadoop-ozone/integration-test/target/test-dir/MiniOzoneClusterImpl-8660d1ca-628d-42b2-bfba-a0a9046af5ec/datanode-1/data-0/containers/hdds/8660d1ca-628d-42b2-bfba-a0a9046af5ec/DS-39f771d1-e4af-47de-92e9-0f1f68b0f835/container.db for volume DS-39f771d1-e4af-47de-92e9-0f1f68b0f835
2022-12-02 11:14:20,772 [Listener at 127.0.0.1/43097] INFO  utils.BackgroundService (BackgroundService.java:shutdown(141)) - Shutting down service BlockDeletingService
2022-12-02 11:14:20,772 [Listener at 127.0.0.1/43097] INFO  utils.BackgroundService (BackgroundService.java:shutdown(141)) - Shutting down service StaleRecoveringContainerScrubbingService
2022-12-02 11:14:20,777 [Listener at 127.0.0.1/43097] INFO  statemachine.DatanodeStateMachine (DatanodeStateMachine.java:stopDaemon(593)) - Ozone container server stopped.
2022-12-02 11:14:20,782 [ForkJoinPool.commonPool-worker-0] INFO  ozoneimpl.OzoneContainer (OzoneContainer.java:stop(417)) - Attempting to stop container services.
2022-12-02 11:14:20,784 [ForkJoinPool.commonPool-worker-0] INFO  volume.HddsVolume (HddsVolume.java:closeDbStore(338)) - SchemaV3 db is stopped at /home/runner/work/ozone/ozone/hadoop-ozone/integration-test/target/test-dir/MiniOzoneClusterImpl-8660d1ca-628d-42b2-bfba-a0a9046af5ec/datanode-0/data-0/containers/hdds/8660d1ca-628d-42b2-bfba-a0a9046af5ec/DS-874dfa9e-2418-4db3-a49d-f47f76eb49d7/container.db for volume DS-874dfa9e-2418-4db3-a49d-f47f76eb49d7
2022-12-02 11:14:20,785 [ForkJoinPool.commonPool-worker-0] INFO  utils.BackgroundService (BackgroundService.java:shutdown(141)) - Shutting down service BlockDeletingService
2022-12-02 11:14:20,785 [ForkJoinPool.commonPool-worker-0] INFO  utils.BackgroundService (BackgroundService.java:shutdown(141)) - Shutting down service StaleRecoveringContainerScrubbingService
2022-12-02 11:14:20,787 [ForkJoinPool.commonPool-worker-0] INFO  statemachine.DatanodeStateMachine (DatanodeStateMachine.java:stopDaemon(593)) - Ozone container server stopped.
2022-12-02 11:14:20,796 [Listener at 127.0.0.1/43097] INFO  handler.ContextHandler (ContextHandler.java:doStop(1159)) - Stopped o.e.j.w.WebAppContext@4ee6cf9e{hddsDatanode,/,null,STOPPED}{jar:file:/home/runner/.m2/repository/org/apache/ozone/hdds-container-service/1.3.0-SNAPSHOT/hdds-container-service-1.3.0-SNAPSHOT.jar!/webapps/hddsDatanode}
2022-12-02 11:14:20,797 [Listener at 127.0.0.1/43097] INFO  server.AbstractConnector (AbstractConnector.java:doStop(383)) - Stopped ServerConnector@32221a67{HTTP/1.1, (http/1.1)}{0.0.0.0:37043}
2022-12-02 11:14:20,797 [Listener at 127.0.0.1/43097] INFO  server.session (HouseKeeper.java:stopScavenging(149)) - node0 Stopped scavenging
2022-12-02 11:14:20,798 [Listener at 127.0.0.1/43097] INFO  handler.ContextHandler (ContextHandler.java:doStop(1159)) - Stopped o.e.j.s.ServletContextHandler@7a28868f{static,/static,jar:file:/home/runner/.m2/repository/org/apache/ozone/hdds-container-service/1.3.0-SNAPSHOT/hdds-container-service-1.3.0-SNAPSHOT.jar!/webapps/static,STOPPED}
2022-12-02 11:14:20,798 [Listener at 127.0.0.1/43097] INFO  handler.ContextHandler (ContextHandler.java:doStop(1159)) - Stopped o.e.j.s.ServletContextHandler@68577f4{logs,/logs,file:///home/runner/work/ozone/ozone/hadoop-ozone/integration-test/target/log,STOPPED}
2022-12-02 11:14:20,803 [ForkJoinPool.commonPool-worker-0] INFO  handler.ContextHandler (ContextHandler.java:doStop(1159)) - Stopped o.e.j.w.WebAppContext@768c521{hddsDatanode,/,null,STOPPED}{jar:file:/home/runner/.m2/repository/org/apache/ozone/hdds-container-service/1.3.0-SNAPSHOT/hdds-container-service-1.3.0-SNAPSHOT.jar!/webapps/hddsDatanode}
2022-12-02 11:14:20,803 [ForkJoinPool.commonPool-worker-0] INFO  server.AbstractConnector (AbstractConnector.java:doStop(383)) - Stopped ServerConnector@3fb6d686{HTTP/1.1, (http/1.1)}{0.0.0.0:37639}
2022-12-02 11:14:20,803 [ForkJoinPool.commonPool-worker-0] INFO  server.session (HouseKeeper.java:stopScavenging(149)) - node0 Stopped scavenging
2022-12-02 11:14:20,804 [ForkJoinPool.commonPool-worker-0] INFO  handler.ContextHandler (ContextHandler.java:doStop(1159)) - Stopped o.e.j.s.ServletContextHandler@378c7bc9{static,/static,jar:file:/home/runner/.m2/repository/org/apache/ozone/hdds-container-service/1.3.0-SNAPSHOT/hdds-container-service-1.3.0-SNAPSHOT.jar!/webapps/static,STOPPED}
2022-12-02 11:14:20,805 [ForkJoinPool.commonPool-worker-0] INFO  handler.ContextHandler (ContextHandler.java:doStop(1159)) - Stopped o.e.j.s.ServletContextHandler@9a68aa9{logs,/logs,file:///home/runner/work/ozone/ozone/hadoop-ozone/integration-test/target/log,STOPPED}
2022-12-02 11:14:20,807 [Listener at 127.0.0.1/43097] INFO  ozoneimpl.OzoneContainer (OzoneContainer.java:stop(417)) - Attempting to stop container services.
2022-12-02 11:14:20,808 [Listener at 127.0.0.1/43097] INFO  volume.HddsVolume (HddsVolume.java:closeDbStore(338)) - SchemaV3 db is stopped at /home/runner/work/ozone/ozone/hadoop-ozone/integration-test/target/test-dir/MiniOzoneClusterImpl-8660d1ca-628d-42b2-bfba-a0a9046af5ec/datanode-2/data-0/containers/hdds/8660d1ca-628d-42b2-bfba-a0a9046af5ec/DS-f0312d4c-2340-4c4b-bb79-7f2c088384bf/container.db for volume DS-f0312d4c-2340-4c4b-bb79-7f2c088384bf
2022-12-02 11:14:20,808 [Listener at 127.0.0.1/43097] INFO  utils.BackgroundService (BackgroundService.java:shutdown(141)) - Shutting down service BlockDeletingService
2022-12-02 11:14:20,808 [Listener at 127.0.0.1/43097] INFO  utils.BackgroundService (BackgroundService.java:shutdown(141)) - Shutting down service StaleRecoveringContainerScrubbingService
2022-12-02 11:14:20,810 [Listener at 127.0.0.1/43097] INFO  statemachine.DatanodeStateMachine (DatanodeStateMachine.java:stopDaemon(593)) - Ozone container server stopped.
2022-12-02 11:14:20,824 [Listener at 127.0.0.1/43097] INFO  handler.ContextHandler (ContextHandler.java:doStop(1159)) - Stopped o.e.j.w.WebAppContext@66c35446{hddsDatanode,/,null,STOPPED}{jar:file:/home/runner/.m2/repository/org/apache/ozone/hdds-container-service/1.3.0-SNAPSHOT/hdds-container-service-1.3.0-SNAPSHOT.jar!/webapps/hddsDatanode}
2022-12-02 11:14:20,824 [Listener at 127.0.0.1/43097] INFO  server.AbstractConnector (AbstractConnector.java:doStop(383)) - Stopped ServerConnector@b6199f{HTTP/1.1, (http/1.1)}{0.0.0.0:41087}
2022-12-02 11:14:20,825 [Listener at 127.0.0.1/43097] INFO  server.session (HouseKeeper.java:stopScavenging(149)) - node0 Stopped scavenging
2022-12-02 11:14:20,825 [Listener at 127.0.0.1/43097] INFO  handler.ContextHandler (ContextHandler.java:doStop(1159)) - Stopped o.e.j.s.ServletContextHandler@48a86431{static,/static,jar:file:/home/runner/.m2/repository/org/apache/ozone/hdds-container-service/1.3.0-SNAPSHOT/hdds-container-service-1.3.0-SNAPSHOT.jar!/webapps/static,STOPPED}
2022-12-02 11:14:20,825 [Listener at 127.0.0.1/43097] INFO  handler.ContextHandler (ContextHandler.java:doStop(1159)) - Stopped o.e.j.s.ServletContextHandler@26bbde6b{logs,/logs,file:///home/runner/work/ozone/ozone/hadoop-ozone/integration-test/target/log,STOPPED}
2022-12-02 11:14:20,827 [Listener at 127.0.0.1/43097] INFO  ozone.MiniOzoneClusterImpl (MiniOzoneClusterImpl.java:stopSCM(537)) - Stopping the StorageContainerManager
2022-12-02 11:14:20,827 [Listener at 127.0.0.1/43097] INFO  server.StorageContainerManager (StorageContainerManager.java:stop(1514)) - Container Balancer is not running.
2022-12-02 11:14:20,827 [Listener at 127.0.0.1/43097] INFO  server.StorageContainerManager (StorageContainerManager.java:stop(1521)) - Stopping Replication Manager Service.
2022-12-02 11:14:20,828 [Listener at 127.0.0.1/43097] INFO  replication.ReplicationManager (ReplicationManager.java:stop(286)) - Stopping Replication Monitor Thread.
2022-12-02 11:14:20,828 [Under Replicated Processor] WARN  replication.UnderReplicatedProcessor (UnderReplicatedProcessor.java:run(108)) - Under Replicated Processor interrupted. Exiting...
2022-12-02 11:14:20,828 [Listener at 127.0.0.1/43097] INFO  server.StorageContainerManager (StorageContainerManager.java:stop(1528)) - Stopping the Datanode Admin Monitor.
2022-12-02 11:14:20,828 [ReplicationMonitor] INFO  replication.ReplicationManager (ReplicationManager.java:run(634)) - Replication Monitor Thread is stopped
2022-12-02 11:14:20,828 [Over Replicated Processor] WARN  replication.OverReplicatedProcessor (OverReplicatedProcessor.java:run(109)) - Over Replicated Processor interrupted. Exiting...
2022-12-02 11:14:20,831 [Listener at 127.0.0.1/43097] INFO  server.StorageContainerManager (StorageContainerManager.java:stop(1535)) - Stopping datanode service RPC server
2022-12-02 11:14:20,831 [Listener at 127.0.0.1/43097] INFO  server.SCMDatanodeProtocolServer (SCMDatanodeProtocolServer.java:stop(414)) - Stopping the RPC server for DataNodes
2022-12-02 11:14:20,831 [Listener at 127.0.0.1/43097] INFO  ipc.Server (Server.java:stop(3428)) - Stopping server on 42269
2022-12-02 11:14:20,836 [IPC Server listener on 0] INFO  ipc.Server (Server.java:run(1384)) - Stopping IPC Server listener on 0
2022-12-02 11:14:20,836 [IPC Server Responder] INFO  ipc.Server (Server.java:run(1517)) - Stopping IPC Server Responder
2022-12-02 11:14:21,276 [SCM Heartbeat Processing Thread - 0] WARN  node.NodeStateManager (NodeStateManager.java:scheduleNextHealthCheck(870)) - Current Thread is interrupted, shutting down HB processing thread for Node Manager.
2022-12-02 11:14:21,277 [Listener at 127.0.0.1/43097] INFO  server.StorageContainerManager (StorageContainerManager.java:stop(1543)) - Stopping block service RPC server
2022-12-02 11:14:21,277 [Listener at 127.0.0.1/43097] INFO  server.SCMBlockProtocolServer (SCMBlockProtocolServer.java:stop(161)) - Stopping the RPC server for Block Protocol
2022-12-02 11:14:21,277 [Listener at 127.0.0.1/43097] INFO  ipc.Server (Server.java:stop(3428)) - Stopping server on 43385
2022-12-02 11:14:21,279 [IPC Server listener on 0] INFO  ipc.Server (Server.java:run(1384)) - Stopping IPC Server listener on 0
2022-12-02 11:14:21,281 [Listener at 127.0.0.1/43097] INFO  server.StorageContainerManager (StorageContainerManager.java:stop(1550)) - Stopping the StorageContainerLocationProtocol RPC server
2022-12-02 11:14:21,281 [Listener at 127.0.0.1/43097] INFO  server.SCMClientProtocolServer (SCMClientProtocolServer.java:stop(179)) - Stopping the RPC server for Client Protocol
2022-12-02 11:14:21,281 [Listener at 127.0.0.1/43097] INFO  ipc.Server (Server.java:stop(3428)) - Stopping server on 33229
2022-12-02 11:14:21,283 [IPC Server listener on 0] INFO  ipc.Server (Server.java:run(1384)) - Stopping IPC Server listener on 0
2022-12-02 11:14:21,287 [IPC Server Responder] INFO  ipc.Server (Server.java:run(1517)) - Stopping IPC Server Responder
2022-12-02 11:14:21,288 [IPC Server Responder] INFO  ipc.Server (Server.java:run(1517)) - Stopping IPC Server Responder
2022-12-02 11:14:21,291 [Listener at 127.0.0.1/43097] INFO  server.StorageContainerManager (StorageContainerManager.java:stop(1557)) - Stopping Storage Container Manager HTTP server.
2022-12-02 11:14:21,294 [Listener at 127.0.0.1/43097] INFO  handler.ContextHandler (ContextHandler.java:doStop(1159)) - Stopped o.e.j.w.WebAppContext@719e1c26{scm,/,null,STOPPED}{file:/home/runner/work/ozone/ozone/hadoop-ozone/integration-test/target/test-classes/webapps/scm}
2022-12-02 11:14:21,295 [Listener at 127.0.0.1/43097] INFO  server.AbstractConnector (AbstractConnector.java:doStop(383)) - Stopped ServerConnector@5e8f17a5{HTTP/1.1, (http/1.1)}{0.0.0.0:0}
2022-12-02 11:14:21,295 [Listener at 127.0.0.1/43097] INFO  server.session (HouseKeeper.java:stopScavenging(149)) - node0 Stopped scavenging
2022-12-02 11:14:21,295 [Listener at 127.0.0.1/43097] INFO  handler.ContextHandler (ContextHandler.java:doStop(1159)) - Stopped o.e.j.s.ServletContextHandler@4ed4f01f{static,/static,file:///home/runner/work/ozone/ozone/hadoop-ozone/integration-test/target/test-classes/webapps/static,STOPPED}
2022-12-02 11:14:21,295 [Listener at 127.0.0.1/43097] INFO  handler.ContextHandler (ContextHandler.java:doStop(1159)) - Stopped o.e.j.s.ServletContextHandler@4807382f{logs,/logs,file:///home/runner/work/ozone/ozone/hadoop-ozone/integration-test/target/log,STOPPED}
2022-12-02 11:14:21,299 [Listener at 127.0.0.1/43097] INFO  server.StorageContainerManager (StorageContainerManager.java:stop(1563)) - Stopping SCM LayoutVersionManager Service.
2022-12-02 11:14:21,300 [Listener at 127.0.0.1/43097] INFO  server.StorageContainerManager (StorageContainerManager.java:stop(1571)) - Stopping Block Manager Service.
2022-12-02 11:14:21,300 [Listener at 127.0.0.1/43097] INFO  utils.BackgroundService (BackgroundService.java:shutdown(141)) - Shutting down service SCMBlockDeletingService
2022-12-02 11:14:21,300 [Listener at 127.0.0.1/43097] INFO  utils.BackgroundService (BackgroundService.java:shutdown(141)) - Shutting down service SCMBlockDeletingService
2022-12-02 11:14:21,300 [Listener at 127.0.0.1/43097] INFO  server.StorageContainerManager (StorageContainerManager.java:stop(1593)) - Stopping SCM Event Queue.
2022-12-02 11:14:21,303 [Listener at 127.0.0.1/43097] INFO  server.StorageContainerManager (StorageContainerManager.java:stop(1604)) - Stopping SCM HA services.
2022-12-02 11:14:21,303 [Listener at 127.0.0.1/43097] INFO  pipeline.BackgroundPipelineCreator (BackgroundPipelineCreator.java:stop(149)) - Stopping RatisPipelineUtilsThread.
2022-12-02 11:14:21,304 [RatisPipelineUtilsThread - 0] WARN  pipeline.BackgroundPipelineCreator (BackgroundPipelineCreator.java:run(180)) - RatisPipelineUtilsThread is interrupted.
2022-12-02 11:14:21,305 [Listener at 127.0.0.1/43097] INFO  BackgroundPipelineScrubber (BackgroundSCMService.java:stop(131)) - Stopping BackgroundPipelineScrubber Service.
2022-12-02 11:14:21,305 [Listener at 127.0.0.1/43097] INFO  impl.MetricsSystemImpl (MetricsSystemImpl.java:stop(210)) - Stopping HddsDatanode metrics system...
2022-12-02 11:14:21,305 [BackgroundPipelineScrubberThread] WARN  BackgroundPipelineScrubber (BackgroundSCMService.java:run(115)) - BackgroundPipelineScrubber is interrupted, exit
2022-12-02 11:14:21,316 [prometheus] INFO  impl.MetricsSinkAdapter (MetricsSinkAdapter.java:publishMetricsFromQueue(141)) - prometheus thread interrupted.
2022-12-02 11:14:21,316 [Listener at 127.0.0.1/43097] INFO  impl.MetricsSystemImpl (MetricsSystemImpl.java:stop(216)) - HddsDatanode metrics system stopped.
2022-12-02 11:14:21,317 [Listener at 127.0.0.1/43097] WARN  pipeline.BackgroundPipelineCreator (BackgroundPipelineCreator.java:stop(145)) - RatisPipelineUtilsThread is not running, just ignore.
2022-12-02 11:14:21,317 [Listener at 127.0.0.1/43097] INFO  BackgroundPipelineScrubber (BackgroundSCMService.java:stop(126)) - BackgroundPipelineScrubber Service is not running, skip stop.
2022-12-02 11:14:21,317 [Listener at 127.0.0.1/43097] INFO  ExpiredContainerReplicaOpScrubber (BackgroundSCMService.java:stop(131)) - Stopping ExpiredContainerReplicaOpScrubber Service.
2022-12-02 11:14:21,317 [ExpiredContainerReplicaOpScrubberThread] WARN  ExpiredContainerReplicaOpScrubber (BackgroundSCMService.java:run(115)) - ExpiredContainerReplicaOpScrubber is interrupted, exit
2022-12-02 11:14:21,317 [Listener at 127.0.0.1/43097] INFO  utils.BackgroundService (BackgroundService.java:shutdown(141)) - Shutting down service SCMBlockDeletingService
2022-12-02 11:14:21,318 [Listener at 127.0.0.1/43097] INFO  replication.ReplicationManager (ReplicationManager.java:stop(294)) - Replication Monitor Thread is not running.
2022-12-02 11:14:21,318 [Listener at 127.0.0.1/43097] WARN  balancer.ContainerBalancer (ContainerBalancer.java:stop(322)) - Cannot stop Container Balancer because it's not running or stopping
2022-12-02 11:14:21,318 [Listener at 127.0.0.1/43097] INFO  server.StorageContainerManager (StorageContainerManager.java:stop(1622)) - Stopping SCM MetadataStore.
]]></system-out>
  </testcase>
  <testcase name="testAutomaticPipelineCreationDisablingFactorONE" classname="org.apache.hadoop.hdds.scm.pipeline.TestRatisPipelineCreateAndDestroy" time="32.341">
    <system-out><![CDATA[2022-12-02 11:14:21,389 [Listener at 127.0.0.1/43097] WARN  server.ServerUtils (ServerUtils.java:getScmDbDir(148)) - ozone.scm.db.dirs is not configured. We recommend adding this setting. Falling back to ozone.metadata.dirs instead.
2022-12-02 11:14:21,392 [Listener at 127.0.0.1/43097] WARN  server.ServerUtils (ServerUtils.java:getScmDbDir(148)) - ozone.scm.db.dirs is not configured. We recommend adding this setting. Falling back to ozone.metadata.dirs instead.
2022-12-02 11:14:21,393 [Listener at 127.0.0.1/43097] INFO  ha.SCMHANodeDetails (SCMHANodeDetails.java:loadSCMHAConfig(209)) - ServiceID for StorageContainerManager is null
2022-12-02 11:14:21,393 [Listener at 127.0.0.1/43097] INFO  ha.SCMHANodeDetails (SCMHANodeDetails.java:loadSCMHAConfig(214)) - ozone.scm.default.service.id is not defined, falling back to ozone.scm.service.ids to find serviceID for StorageContainerManager if it is HA enabled cluster
2022-12-02 11:14:21,394 [Listener at 127.0.0.1/43097] WARN  utils.HAUtils (HAUtils.java:getMetaDir(342)) - ozone.scm.db.dirs is not configured. We recommend adding this setting. Falling back to ozone.metadata.dirs instead.
2022-12-02 11:14:21,394 [Listener at 127.0.0.1/43097] WARN  db.DBStoreBuilder (DBStoreBuilder.java:applyDBDefinition(144)) - ozone.scm.db.dirs is not configured. We recommend adding this setting. Falling back to ozone.metadata.dirs instead.
2022-12-02 11:14:21,527 [Listener at 127.0.0.1/43097] INFO  net.NodeSchemaLoader (NodeSchemaLoader.java:loadSchemaFromFile(129)) - Loading schema from [jar:file:/home/runner/.m2/repository/org/apache/ozone/hdds-common/1.3.0-SNAPSHOT/hdds-common-1.3.0-SNAPSHOT.jar!/network-topology-default.xml]
2022-12-02 11:14:21,528 [Listener at 127.0.0.1/43097] INFO  net.NodeSchemaLoader (NodeSchemaLoader.java:loadSchema(176)) - Loading network topology layer schema file
2022-12-02 11:14:21,535 [Listener at 127.0.0.1/43097] INFO  upgrade.AbstractLayoutVersionManager (AbstractLayoutVersionManager.java:init(83)) - Initializing Layout version manager with metadata layout = DATANODE_SCHEMA_V3 (version = 4), software layout = DATANODE_SCHEMA_V3 (version = 4)
2022-12-02 11:14:21,591 [Listener at 127.0.0.1/43097] INFO  reflections.Reflections (Reflections.java:scan(232)) - Reflections took 55 ms to scan 7 urls, producing 140 keys and 342 values 
2022-12-02 11:14:21,593 [Listener at 127.0.0.1/43097] INFO  ha.SequenceIdGenerator (SequenceIdGenerator.java:upgradeToSequenceId(349)) - upgrade localId to 109611004723200000
2022-12-02 11:14:21,593 [Listener at 127.0.0.1/43097] INFO  ha.SequenceIdGenerator (SequenceIdGenerator.java:upgradeToSequenceId(359)) - upgrade delTxnId to 0
2022-12-02 11:14:21,594 [Listener at 127.0.0.1/43097] INFO  ha.SequenceIdGenerator (SequenceIdGenerator.java:upgradeToSequenceId(376)) - upgrade containerId to 0
2022-12-02 11:14:21,594 [Listener at 127.0.0.1/43097] INFO  ha.SequenceIdGenerator (SequenceIdGenerator.java:<init>(220)) - Init the HA SequenceIdGenerator.
2022-12-02 11:14:21,596 [Listener at 127.0.0.1/43097] INFO  node.SCMNodeManager (SCMNodeManager.java:<init>(149)) - Entering startup safe mode.
2022-12-02 11:14:21,596 [Listener at 127.0.0.1/43097] INFO  algorithms.ContainerPlacementPolicyFactory (ContainerPlacementPolicyFactory.java:getPolicyInternal(86)) - Create container placement policy of type org.apache.hadoop.hdds.scm.container.placement.algorithms.SCMContainerPlacementRandom
2022-12-02 11:14:21,596 [Listener at 127.0.0.1/43097] INFO  algorithms.ContainerPlacementPolicyFactory (ContainerPlacementPolicyFactory.java:getPolicyInternal(86)) - Create container placement policy of type org.apache.hadoop.hdds.scm.container.placement.algorithms.SCMContainerPlacementRackScatter
2022-12-02 11:14:21,597 [Listener at 127.0.0.1/43097] INFO  pipeline.PipelineStateManagerImpl (PipelineStateManagerImpl.java:initialize(78)) - No pipeline exists in current db
2022-12-02 11:14:21,597 [Listener at 127.0.0.1/43097] INFO  algorithms.LeaderChoosePolicyFactory (LeaderChoosePolicyFactory.java:getPolicy(57)) - Create leader choose policy of type org.apache.hadoop.hdds.scm.pipeline.leader.choose.algorithms.MinLeaderCountChoosePolicy
2022-12-02 11:14:21,597 [Listener at 127.0.0.1/43097] INFO  algorithms.ContainerPlacementPolicyFactory (ContainerPlacementPolicyFactory.java:getPolicyInternal(86)) - Create container placement policy of type org.apache.hadoop.hdds.scm.container.placement.algorithms.SCMContainerPlacementRackScatter
2022-12-02 11:14:21,597 [Listener at 127.0.0.1/43097] INFO  ha.SCMServiceManager (SCMServiceManager.java:register(42)) - Registering service BackgroundPipelineCreator.
2022-12-02 11:14:21,598 [Listener at 127.0.0.1/43097] INFO  pipeline.BackgroundPipelineCreator (BackgroundPipelineCreator.java:start(124)) - Starting RatisPipelineUtilsThread.
2022-12-02 11:14:21,598 [Listener at 127.0.0.1/43097] INFO  BackgroundPipelineScrubber (BackgroundSCMService.java:start(68)) - Starting BackgroundPipelineScrubber Service.
2022-12-02 11:14:21,598 [Listener at 127.0.0.1/43097] INFO  ha.SCMServiceManager (SCMServiceManager.java:register(42)) - Registering service BackgroundPipelineScrubber.
2022-12-02 11:14:21,599 [Listener at 127.0.0.1/43097] INFO  ExpiredContainerReplicaOpScrubber (BackgroundSCMService.java:start(68)) - Starting ExpiredContainerReplicaOpScrubber Service.
2022-12-02 11:14:21,599 [Listener at 127.0.0.1/43097] INFO  ha.SCMServiceManager (SCMServiceManager.java:register(42)) - Registering service ExpiredContainerReplicaOpScrubber.
2022-12-02 11:14:21,601 [Listener at 127.0.0.1/43097] INFO  algorithms.PipelineChoosePolicyFactory (PipelineChoosePolicyFactory.java:createPipelineChoosePolicyFromClass(73)) - Create pipeline choose policy of type org.apache.hadoop.hdds.scm.pipeline.choose.algorithms.RandomPipelineChoosePolicy
2022-12-02 11:14:21,601 [Listener at 127.0.0.1/43097] INFO  ha.SCMServiceManager (SCMServiceManager.java:register(42)) - Registering service SCMBlockDeletingService.
2022-12-02 11:14:21,601 [Listener at 127.0.0.1/43097] INFO  replication.ReplicationManager (ReplicationManager.java:start(251)) - Starting Replication Monitor Thread.
2022-12-02 11:14:21,602 [Listener at 127.0.0.1/43097] INFO  ha.SCMServiceManager (SCMServiceManager.java:register(42)) - Registering service ReplicationManager.
2022-12-02 11:14:21,603 [Listener at 127.0.0.1/43097] INFO  safemode.ContainerSafeModeRule (ContainerSafeModeRule.java:<init>(89)) - containers with one replica threshold count 0
2022-12-02 11:14:21,603 [Listener at 127.0.0.1/43097] INFO  safemode.HealthyPipelineSafeModeRule (HealthyPipelineSafeModeRule.java:initializeRule(169)) - Total pipeline count is 0, healthy pipeline threshold count is 1
2022-12-02 11:14:21,603 [Listener at 127.0.0.1/43097] INFO  safemode.OneReplicaPipelineSafeModeRule (OneReplicaPipelineSafeModeRule.java:initializeRule(180)) - Total pipeline count is 0, pipeline's with at least one datanode reported threshold count is 0
2022-12-02 11:14:21,607 [ReplicationMonitor] INFO  replication.ReplicationManager (ReplicationManager.java:processAll(320)) - Replication Manager is not ready to run until 3000ms after safemode exit
2022-12-02 11:14:21,607 [Listener at 127.0.0.1/43097] INFO  ipc.CallQueueManager (CallQueueManager.java:<init>(90)) - Using callQueue: class java.util.concurrent.LinkedBlockingQueue, queueCapacity: 2000, scheduler: class org.apache.hadoop.ipc.DefaultRpcScheduler, ipcBackoff: false.
2022-12-02 11:14:21,608 [Socket Reader #1 for port 0] INFO  ipc.Server (Server.java:run(1273)) - Starting Socket Reader #1 for port 0
2022-12-02 11:14:21,613 [Listener at 0.0.0.0/45103] INFO  ipc.CallQueueManager (CallQueueManager.java:<init>(90)) - Using callQueue: class java.util.concurrent.LinkedBlockingQueue, queueCapacity: 2000, scheduler: class org.apache.hadoop.ipc.DefaultRpcScheduler, ipcBackoff: false.
2022-12-02 11:14:21,614 [Socket Reader #1 for port 0] INFO  ipc.Server (Server.java:run(1273)) - Starting Socket Reader #1 for port 0
2022-12-02 11:14:21,618 [Listener at 0.0.0.0/38559] INFO  ipc.CallQueueManager (CallQueueManager.java:<init>(90)) - Using callQueue: class java.util.concurrent.LinkedBlockingQueue, queueCapacity: 2000, scheduler: class org.apache.hadoop.ipc.DefaultRpcScheduler, ipcBackoff: false.
2022-12-02 11:14:21,619 [Socket Reader #1 for port 0] INFO  ipc.Server (Server.java:run(1273)) - Starting Socket Reader #1 for port 0
2022-12-02 11:14:21,629 [Listener at 0.0.0.0/45867] INFO  ha.SCMServiceManager (SCMServiceManager.java:register(42)) - Registering service ContainerBalancer.
2022-12-02 11:14:21,630 [Listener at 0.0.0.0/45867] INFO  server.StorageContainerManager (StorageContainerManager.java:<init>(397)) - 
Container Balancer status:
Key                            Value
Running                        true
Container Balancer Configuration values:
Key                                                Value
Threshold                                          10
Max Datanodes to Involve per Iteration(percent)    20
Max Size to Move per Iteration                     500GB
Max Size Entering Target per Iteration             26GB
Max Size Leaving Source per Iteration              26GB

2022-12-02 11:14:21,630 [Listener at 0.0.0.0/45867] INFO  ha.SCMContext (SCMContext.java:updateSafeModeStatus(228)) - Update SafeModeStatus from SafeModeStatus{safeModeStatus=true, preCheckPassed=false} to SafeModeStatus{safeModeStatus=true, preCheckPassed=false}.
2022-12-02 11:14:21,631 [Listener at 0.0.0.0/45867] INFO  server.StorageContainerManager (StorageContainerManager.java:start(1419)) - StorageContainerLocationProtocol RPC server is listening at /0.0.0.0:45867
2022-12-02 11:14:21,640 [Listener at 0.0.0.0/45867] WARN  impl.MetricsConfig (MetricsConfig.java:loadFirst(136)) - Cannot locate configuration: tried hadoop-metrics2-storagecontainermanager.properties,hadoop-metrics2.properties
2022-12-02 11:14:21,642 [Listener at 0.0.0.0/45867] INFO  impl.MetricsSystemImpl (MetricsSystemImpl.java:startTimer(378)) - Scheduled Metric snapshot period at 10 second(s).
2022-12-02 11:14:21,642 [Listener at 0.0.0.0/45867] INFO  impl.MetricsSystemImpl (MetricsSystemImpl.java:start(191)) - StorageContainerManager metrics system started
2022-12-02 11:14:21,661 [Listener at 0.0.0.0/45867] INFO  impl.MetricsSinkAdapter (MetricsSinkAdapter.java:start(204)) - Sink prometheus started
2022-12-02 11:14:21,662 [Listener at 0.0.0.0/45867] INFO  impl.MetricsSystemImpl (MetricsSystemImpl.java:registerSink(305)) - Registered sink prometheus
2022-12-02 11:14:21,706 [Listener at 0.0.0.0/45867] INFO  server.SCMClientProtocolServer (SCMClientProtocolServer.java:start(170)) - RPC server for Client  is listening at /0.0.0.0:45867
2022-12-02 11:14:21,706 [IPC Server Responder] INFO  ipc.Server (Server.java:run(1512)) - IPC Server Responder: starting
2022-12-02 11:14:21,707 [IPC Server listener on 0] INFO  ipc.Server (Server.java:run(1352)) - IPC Server listener on 0: starting
2022-12-02 11:14:21,710 [Listener at 0.0.0.0/45867] INFO  server.StorageContainerManager (StorageContainerManager.java:start(1433)) - ScmBlockLocationProtocol RPC server is listening at /0.0.0.0:38559
2022-12-02 11:14:21,711 [Listener at 0.0.0.0/45867] INFO  server.SCMBlockProtocolServer (SCMBlockProtocolServer.java:start(152)) - RPC server for Block Protocol is listening at /0.0.0.0:38559
2022-12-02 11:14:21,712 [IPC Server Responder] INFO  ipc.Server (Server.java:run(1512)) - IPC Server Responder: starting
2022-12-02 11:14:21,716 [Listener at 0.0.0.0/45867] INFO  server.SCMDatanodeProtocolServer (SCMDatanodeProtocolServer.java:start(186)) - ScmDatanodeProtocol RPC server for DataNodes is listening at /0.0.0.0:45103
2022-12-02 11:14:21,717 [IPC Server Responder] INFO  ipc.Server (Server.java:run(1512)) - IPC Server Responder: starting
2022-12-02 11:14:21,717 [IPC Server listener on 0] INFO  ipc.Server (Server.java:run(1352)) - IPC Server listener on 0: starting
2022-12-02 11:14:21,720 [IPC Server listener on 0] INFO  ipc.Server (Server.java:run(1352)) - IPC Server listener on 0: starting
2022-12-02 11:14:21,722 [Listener at 0.0.0.0/45867] INFO  http.BaseHttpServer (BaseHttpServer.java:newHttpServer2BuilderForOzone(213)) - Starting Web-server for scm at: http://0.0.0.0:0
2022-12-02 11:14:21,722 [Listener at 0.0.0.0/45867] INFO  http.BaseHttpServer (BaseHttpServer.java:<init>(108)) - Hadoop Security Enabled: false Ozone Security Enabled: false Ozone HTTP Security Enabled: false 
2022-12-02 11:14:21,726 [Listener at 0.0.0.0/45867] WARN  server.AuthenticationFilter (AuthenticationFilter.java:constructSecretProvider(240)) - Unable to initialize FileSignerSecretProvider, falling back to use random secrets. Reason: Could not read signature secret file: /home/runner/hadoop-http-auth-signature-secret
2022-12-02 11:14:21,727 [org.apache.hadoop.util.JvmPauseMonitor$Monitor@71d3b320] INFO  util.JvmPauseMonitor (JvmPauseMonitor.java:run(188)) - Starting JVM pause monitor
2022-12-02 11:14:21,727 [Listener at 0.0.0.0/45867] WARN  http.HttpRequestLog (HttpRequestLog.java:getRequestLog(103)) - Jetty request log can only be enabled using Log4j
2022-12-02 11:14:21,729 [Listener at 0.0.0.0/45867] INFO  http.HttpServer2 (HttpServer2.java:addGlobalFilter(1031)) - Added global filter 'safety' (class=org.apache.hadoop.hdds.server.http.HttpServer2$QuotingInputFilter)
2022-12-02 11:14:21,730 [Listener at 0.0.0.0/45867] INFO  http.HttpServer2 (HttpServer2.java:addFilter(1007)) - Added filter static_user_filter (class=org.apache.hadoop.http.lib.StaticUserWebFilter$StaticUserFilter) to context scm
2022-12-02 11:14:21,730 [Listener at 0.0.0.0/45867] INFO  http.HttpServer2 (HttpServer2.java:addFilter(1015)) - Added filter static_user_filter (class=org.apache.hadoop.http.lib.StaticUserWebFilter$StaticUserFilter) to context static
2022-12-02 11:14:21,730 [Listener at 0.0.0.0/45867] INFO  http.HttpServer2 (HttpServer2.java:addFilter(1015)) - Added filter static_user_filter (class=org.apache.hadoop.http.lib.StaticUserWebFilter$StaticUserFilter) to context logs
2022-12-02 11:14:21,731 [Listener at 0.0.0.0/45867] INFO  http.HttpServer2 (HttpServer2.java:bindListener(1250)) - Jetty bound to port 34765
2022-12-02 11:14:21,731 [Listener at 0.0.0.0/45867] INFO  server.Server (Server.java:doStart(375)) - jetty-9.4.49.v20220914; built: 2022-09-14T01:07:36.601Z; git: 4231a3b2e4cb8548a412a789936d640a97b1aa0a; jvm 1.8.0_352-b08
2022-12-02 11:14:21,748 [Listener at 0.0.0.0/45867] INFO  server.session (DefaultSessionIdManager.java:doStart(334)) - DefaultSessionIdManager workerName=node0
2022-12-02 11:14:21,748 [Listener at 0.0.0.0/45867] INFO  server.session (DefaultSessionIdManager.java:doStart(339)) - No SessionScavenger set, using defaults
2022-12-02 11:14:21,748 [Listener at 0.0.0.0/45867] INFO  server.session (HouseKeeper.java:startScavenging(132)) - node0 Scavenging every 660000ms
2022-12-02 11:14:21,752 [Listener at 0.0.0.0/45867] INFO  handler.ContextHandler (ContextHandler.java:doStart(921)) - Started o.e.j.s.ServletContextHandler@15f57269{logs,/logs,file:///home/runner/work/ozone/ozone/hadoop-ozone/integration-test/target/log,AVAILABLE}
2022-12-02 11:14:21,753 [Listener at 0.0.0.0/45867] INFO  handler.ContextHandler (ContextHandler.java:doStart(921)) - Started o.e.j.s.ServletContextHandler@2d79b8ad{static,/static,file:///home/runner/work/ozone/ozone/hadoop-ozone/integration-test/target/test-classes/webapps/static,AVAILABLE}
2022-12-02 11:14:21,760 [Listener at 0.0.0.0/45867] INFO  handler.ContextHandler (ContextHandler.java:doStart(921)) - Started o.e.j.w.WebAppContext@ad5bb92{scm,/,file:///home/runner/work/ozone/ozone/hadoop-ozone/integration-test/target/test-classes/webapps/scm/,AVAILABLE}{file:/home/runner/work/ozone/ozone/hadoop-ozone/integration-test/target/test-classes/webapps/scm}
2022-12-02 11:14:21,761 [Listener at 0.0.0.0/45867] INFO  server.AbstractConnector (AbstractConnector.java:doStart(333)) - Started ServerConnector@693b21c2{HTTP/1.1, (http/1.1)}{0.0.0.0:34765}
2022-12-02 11:14:21,761 [Listener at 0.0.0.0/45867] INFO  server.Server (Server.java:doStart(415)) - Started @134329ms
2022-12-02 11:14:21,761 [Listener at 0.0.0.0/45867] WARN  impl.MetricsSystemImpl (MetricsSystemImpl.java:register(279)) - Sink prometheus already exists!
2022-12-02 11:14:21,762 [Listener at 0.0.0.0/45867] INFO  http.BaseHttpServer (BaseHttpServer.java:updateConnectorAddress(333)) - HTTP server of scm listening at http://0.0.0.0:34765
2022-12-02 11:14:21,762 [Listener at 0.0.0.0/45867] WARN  server.ServerUtils (ServerUtils.java:getDBPath(225)) - ozone.om.db.dirs is not configured. We recommend adding this setting. Falling back to ozone.metadata.dirs instead.
2022-12-02 11:14:21,766 [Listener at 0.0.0.0/45867] INFO  ha.OMHANodeDetails (OMHANodeDetails.java:loadOMHAConfig(115)) - ozone.om.internal.service.id is not defined, falling back to ozone.om.service.ids to find serviceID for OzoneManager if it is HA enabled cluster
2022-12-02 11:14:21,766 [Listener at 0.0.0.0/45867] INFO  ha.OMHANodeDetails (OMHANodeDetails.java:loadOMHAConfig(226)) - Configuration does not have ozone.om.address set. Falling back to the default OM address /127.0.0.1:0
2022-12-02 11:14:21,766 [Listener at 0.0.0.0/45867] INFO  ha.OMHANodeDetails (OMHANodeDetails.java:getOMNodeDetailsForNonHA(254)) - OM Service ID is not set. Setting it to the default ID: omServiceIdDefault
2022-12-02 11:14:21,766 [Listener at 0.0.0.0/45867] INFO  ha.OMHANodeDetails (OMHANodeDetails.java:getOMNodeDetailsForNonHA(261)) - OM Node ID is not set. Setting it to the default ID: om1
2022-12-02 11:14:21,767 [Listener at 0.0.0.0/45867] WARN  server.ServerUtils (ServerUtils.java:getDBPath(225)) - ozone.om.db.dirs is not configured. We recommend adding this setting. Falling back to ozone.metadata.dirs instead.
2022-12-02 11:14:21,768 [Listener at 0.0.0.0/45867] INFO  upgrade.AbstractLayoutVersionManager (AbstractLayoutVersionManager.java:init(83)) - Initializing Layout version manager with metadata layout = MULTITENANCY_SCHEMA (version = 3), software layout = MULTITENANCY_SCHEMA (version = 3)
2022-12-02 11:14:21,867 [Listener at 0.0.0.0/45867] INFO  reflections.Reflections (Reflections.java:scan(232)) - Reflections took 97 ms to scan 2 urls, producing 154 keys and 429 values [using 2 cores]
2022-12-02 11:14:21,867 [Listener at 0.0.0.0/45867] INFO  upgrade.OMLayoutVersionManager (OMLayoutVersionManager.java:lambda$0(115)) - Skipping Upgrade Action MockOmUpgradeAction since it has been finalized.
2022-12-02 11:14:21,867 [Listener at 0.0.0.0/45867] WARN  server.ServerUtils (ServerUtils.java:getDBPath(225)) - ozone.om.db.dirs is not configured. We recommend adding this setting. Falling back to ozone.metadata.dirs instead.
2022-12-02 11:14:21,869 [Listener at 0.0.0.0/45867] INFO  proxy.SCMBlockLocationFailoverProxyProvider (SCMBlockLocationFailoverProxyProvider.java:<init>(114)) - Created block location fail-over proxy with 1 nodes: [nodeId=scmNodeId,nodeAddress=/0.0.0.0:38559]
2022-12-02 11:14:21,874 [Listener at 0.0.0.0/45867] INFO  proxy.SCMBlockLocationFailoverProxyProvider (SCMBlockLocationFailoverProxyProvider.java:<init>(114)) - Created block location fail-over proxy with 1 nodes: [nodeId=scmNodeId,nodeAddress=/0.0.0.0:38559]
2022-12-02 11:14:21,885 [Listener at 0.0.0.0/45867] WARN  server.ServerUtils (ServerUtils.java:getDBPath(225)) - ozone.om.db.dirs is not configured. We recommend adding this setting. Falling back to ozone.metadata.dirs instead.
2022-12-02 11:14:21,886 [Listener at 0.0.0.0/45867] INFO  codec.OmKeyInfoCodec (OmKeyInfoCodec.java:<init>(49)) - OmKeyInfoCodec ignorePipeline = true
2022-12-02 11:14:21,886 [Listener at 0.0.0.0/45867] INFO  codec.RepeatedOmKeyInfoCodec (RepeatedOmKeyInfoCodec.java:<init>(41)) - RepeatedOmKeyInfoCodec ignorePipeline = true
2022-12-02 11:14:22,127 [Listener at 0.0.0.0/45867] INFO  om.OzoneManager (OzoneManager.java:instantiateServices(715)) - S3 Multi-Tenancy is disabled
2022-12-02 11:14:22,128 [Listener at 0.0.0.0/45867] INFO  om.OzoneManager (OzoneManager.java:addS3GVolumeToDB(4400)) - Created Volume s3v With Owner runner required for S3Gateway operations.
2022-12-02 11:14:22,129 [Listener at 0.0.0.0/45867] WARN  server.ServerUtils (ServerUtils.java:getDefaultRatisDirectory(237)) - Storage directory for Ratis is not configured. It is a good idea to map this to an SSD disk. Falling back to ozone.metadata.dirs
2022-12-02 11:14:22,129 [Listener at 0.0.0.0/45867] WARN  utils.OzoneManagerRatisUtils (OzoneManagerRatisUtils.java:getOMRatisSnapshotDirectory(434)) - ozone.om.ratis.snapshot.dir is not configured. Falling back to ozone.metadata.dirs config
2022-12-02 11:14:22,129 [Listener at 0.0.0.0/45867] WARN  server.ServerUtils (ServerUtils.java:getDefaultRatisDirectory(237)) - Storage directory for Ratis is not configured. It is a good idea to map this to an SSD disk. Falling back to ozone.metadata.dirs
2022-12-02 11:14:22,132 [Listener at 0.0.0.0/45867] INFO  ratis.OzoneManagerRatisServer (OzoneManagerRatisServer.java:<init>(160)) - Instantiating OM Ratis server with groupID: omServiceIdDefault and peers: localhost:9872
2022-12-02 11:14:22,132 [Listener at 0.0.0.0/45867] INFO  ratis.OzoneManagerStateMachine (OzoneManagerStateMachine.java:loadSnapshotInfoFromDB(636)) - LastAppliedIndex is set from TransactionInfo from OM DB as (t:0, i:~)
2022-12-02 11:14:22,133 [Listener at 0.0.0.0/45867] INFO  server.RaftServer (ConfUtils.java:logGet(46)) - raft.rpc.type = GRPC (default)
2022-12-02 11:14:22,133 [Listener at 0.0.0.0/45867] INFO  grpc.GrpcConfigKeys (ConfUtils.java:logFallback(53)) - raft.grpc.admin.host = null (fallback to raft.grpc.server.host)
2022-12-02 11:14:22,133 [Listener at 0.0.0.0/45867] INFO  grpc.GrpcConfigKeys (ConfUtils.java:logFallback(53)) - raft.grpc.admin.port = 9872 (fallback to raft.grpc.server.port)
2022-12-02 11:14:22,133 [Listener at 0.0.0.0/45867] INFO  grpc.GrpcConfigKeys (ConfUtils.java:logFallback(53)) - raft.grpc.client.host = null (fallback to raft.grpc.server.host)
2022-12-02 11:14:22,134 [Listener at 0.0.0.0/45867] INFO  grpc.GrpcConfigKeys (ConfUtils.java:logFallback(53)) - raft.grpc.client.port = 9872 (fallback to raft.grpc.server.port)
2022-12-02 11:14:22,134 [Listener at 0.0.0.0/45867] INFO  grpc.GrpcConfigKeys (ConfUtils.java:logGet(46)) - raft.grpc.server.host = null (default)
2022-12-02 11:14:22,134 [Listener at 0.0.0.0/45867] INFO  grpc.GrpcConfigKeys (ConfUtils.java:logGet(46)) - raft.grpc.server.port = 9872 (custom)
2022-12-02 11:14:22,134 [Listener at 0.0.0.0/45867] INFO  server.GrpcService (ConfUtils.java:logGet(46)) - raft.grpc.message.size.max = 33554432 (custom)
2022-12-02 11:14:22,134 [Listener at 0.0.0.0/45867] INFO  server.RaftServerConfigKeys (ConfUtils.java:logGet(46)) - raft.server.log.appender.buffer.byte-limit = 33554432 (custom)
2022-12-02 11:14:22,135 [Listener at 0.0.0.0/45867] INFO  server.GrpcService (ConfUtils.java:logGet(46)) - raft.grpc.flow.control.window = 1MB (=1048576) (default)
2022-12-02 11:14:22,135 [Listener at 0.0.0.0/45867] INFO  server.RaftServerConfigKeys (ConfUtils.java:logGet(46)) - raft.server.rpc.request.timeout = 3000ms (default)
2022-12-02 11:14:22,135 [Listener at 0.0.0.0/45867] INFO  grpc.GrpcConfigKeys (ConfUtils.java:logGet(46)) - raft.grpc.server.heartbeat.channel = true (default)
2022-12-02 11:14:22,135 [Listener at 0.0.0.0/45867] INFO  grpc.GrpcConfigKeys (ConfUtils.java:logGet(46)) - raft.grpc.server.async.request.thread.pool.cached = true (default)
2022-12-02 11:14:22,136 [Listener at 0.0.0.0/45867] INFO  grpc.GrpcConfigKeys (ConfUtils.java:logGet(46)) - raft.grpc.server.async.request.thread.pool.size = 32 (default)
2022-12-02 11:14:22,137 [Listener at 0.0.0.0/45867] INFO  impl.DataStreamServerImpl (ConfUtils.java:logGet(46)) - raft.datastream.type = DISABLED (default)
2022-12-02 11:14:22,138 [Listener at 0.0.0.0/45867] INFO  server.RaftServerConfigKeys (ConfUtils.java:logGet(46)) - raft.server.threadpool.proxy.cached = true (default)
2022-12-02 11:14:22,138 [Listener at 0.0.0.0/45867] INFO  server.RaftServerConfigKeys (ConfUtils.java:logGet(46)) - raft.server.threadpool.proxy.size = 0 (default)
2022-12-02 11:14:22,138 [Listener at 0.0.0.0/45867] INFO  server.RaftServerConfigKeys (ConfUtils.java:logGet(46)) - raft.server.rpc.slowness.timeout = 120s (custom)
2022-12-02 11:14:22,138 [Listener at 0.0.0.0/45867] INFO  server.RaftServerConfigKeys (ConfUtils.java:logGet(46)) - raft.server.leaderelection.leader.step-down.wait-time = 10s (default)
2022-12-02 11:14:22,138 [Listener at 0.0.0.0/45867] INFO  server.RaftServerConfigKeys (ConfUtils.java:logGet(46)) - raft.server.storage.dir = [/home/runner/work/ozone/ozone/hadoop-ozone/integration-test/target/test-dir/MiniOzoneClusterImpl-f8f2b39f-22db-49ae-ab20-f7a2434191fa/ozone-meta/ratis] (custom)
2022-12-02 11:14:22,140 [Listener at 0.0.0.0/45867] INFO  server.RaftServer (RaftServerProxy.java:addNew(96)) - om1: addNew group-C5BA1605619E:[om1|rpc:localhost:9872|priority:0|startupRole:FOLLOWER] returns group-C5BA1605619E:java.util.concurrent.CompletableFuture@7f980a9b[Not completed]
2022-12-02 11:14:22,140 [pool-526-thread-1] INFO  server.RaftServer$Division (RaftServerImpl.java:<init>(195)) - om1: new RaftServerImpl for group-C5BA1605619E:[om1|rpc:localhost:9872|priority:0|startupRole:FOLLOWER] with OzoneManagerStateMachine:uninitialized
2022-12-02 11:14:22,140 [pool-526-thread-1] INFO  server.RaftServerConfigKeys (ConfUtils.java:logGet(46)) - raft.server.rpc.timeout.min = 1s (custom)
2022-12-02 11:14:22,140 [pool-526-thread-1] INFO  server.RaftServerConfigKeys (ConfUtils.java:logGet(46)) - raft.server.rpc.timeout.max = 1200ms (custom)
2022-12-02 11:14:22,140 [pool-526-thread-1] INFO  server.RaftServerConfigKeys (ConfUtils.java:logGet(46)) - raft.server.rpc.sleep.time = 25ms (default)
2022-12-02 11:14:22,141 [pool-526-thread-1] INFO  server.RaftServerConfigKeys (ConfUtils.java:logGet(46)) - raft.server.rpc.slowness.timeout = 120s (custom)
2022-12-02 11:14:22,141 [pool-526-thread-1] INFO  server.RaftServerConfigKeys (ConfUtils.java:logGet(46)) - raft.server.leaderelection.leader.step-down.wait-time = 10s (default)
2022-12-02 11:14:22,141 [pool-526-thread-1] INFO  server.RaftServerConfigKeys (ConfUtils.java:logGet(46)) - raft.server.sleep.deviation.threshold = 300ms (default)
2022-12-02 11:14:22,140 [Listener at 0.0.0.0/45867] INFO  om.OzoneManager (OzoneManager.java:initializeRatisServer(1977)) - OzoneManager Ratis server initialized at port 9872
2022-12-02 11:14:22,141 [pool-526-thread-1] INFO  server.RaftServer$Division (ServerState.java:<init>(118)) - om1@group-C5BA1605619E: ConfigurationManager, init=-1: peers:[om1|rpc:localhost:9872|priority:0|startupRole:FOLLOWER]|listeners:[], old=null, confs=<EMPTY_MAP>
2022-12-02 11:14:22,142 [pool-526-thread-1] INFO  server.RaftServerConfigKeys (ConfUtils.java:logGet(46)) - raft.server.storage.dir = [/home/runner/work/ozone/ozone/hadoop-ozone/integration-test/target/test-dir/MiniOzoneClusterImpl-f8f2b39f-22db-49ae-ab20-f7a2434191fa/ozone-meta/ratis] (custom)
2022-12-02 11:14:22,142 [pool-526-thread-1] INFO  server.RaftServerConfigKeys (ConfUtils.java:logGet(46)) - raft.server.log.corruption.policy = EXCEPTION (default)
2022-12-02 11:14:22,143 [Listener at 0.0.0.0/45867] INFO  om.OzoneManager (OzoneManager.java:getRpcServer(1104)) - Creating RPC Server
2022-12-02 11:14:22,144 [pool-526-thread-1] INFO  server.RaftServerConfigKeys (ConfUtils.java:logGet(46)) - raft.server.storage.free-space.min = 0MB (=0) (default)
2022-12-02 11:14:22,151 [pool-526-thread-1] INFO  server.RaftServerConfigKeys (ConfUtils.java:logGet(46)) - raft.server.notification.no-leader.timeout = 120s (custom)
2022-12-02 11:14:22,151 [pool-526-thread-1] INFO  server.RaftServerConfigKeys (ConfUtils.java:logGet(46)) - raft.server.retrycache.expirytime = 300s (custom)
2022-12-02 11:14:22,151 [pool-526-thread-1] INFO  server.RaftServerConfigKeys (ConfUtils.java:logGet(46)) - raft.server.retrycache.statistics.expirytime = 100μs (default)
2022-12-02 11:14:22,154 [pool-526-thread-1] INFO  server.RaftServerConfigKeys (ConfUtils.java:logGet(46)) - raft.server.log.appender.install.snapshot.enabled = false (custom)
2022-12-02 11:14:22,158 [pool-526-thread-1] INFO  server.RaftServerConfigKeys (ConfUtils.java:logGet(46)) - raft.server.threadpool.server.cached = true (default)
2022-12-02 11:14:22,158 [pool-526-thread-1] INFO  server.RaftServerConfigKeys (ConfUtils.java:logGet(46)) - raft.server.threadpool.server.size = 0 (default)
2022-12-02 11:14:22,159 [pool-526-thread-1] INFO  server.RaftServerConfigKeys (ConfUtils.java:logGet(46)) - raft.server.threadpool.client.cached = true (default)
2022-12-02 11:14:22,159 [pool-526-thread-1] INFO  server.RaftServerConfigKeys (ConfUtils.java:logGet(46)) - raft.server.threadpool.client.size = 0 (default)
2022-12-02 11:14:22,682 [Listener at 0.0.0.0/45867] INFO  reflections.Reflections (Reflections.java:scan(232)) - Reflections took 537 ms to scan 19 urls, producing 67 keys and 4388 values [using 2 cores]
2022-12-02 11:14:22,684 [Listener at 0.0.0.0/45867] INFO  ipc.CallQueueManager (CallQueueManager.java:<init>(90)) - Using callQueue: class java.util.concurrent.LinkedBlockingQueue, queueCapacity: 2000, scheduler: class org.apache.hadoop.ipc.DefaultRpcScheduler, ipcBackoff: false.
2022-12-02 11:14:22,686 [Socket Reader #1 for port 0] INFO  ipc.Server (Server.java:run(1273)) - Starting Socket Reader #1 for port 0
2022-12-02 11:14:22,709 [Listener at 127.0.0.1/35473] INFO  impl.MetricsSystemImpl (MetricsSystemImpl.java:init(158)) - OzoneManager metrics system started (again)
2022-12-02 11:14:22,722 [Listener at 127.0.0.1/35473] INFO  om.OzoneManager (OzoneManager.java:start(1484)) - OzoneManager RPC server is listening at localhost/127.0.0.1:35473
2022-12-02 11:14:22,722 [Listener at 127.0.0.1/35473] INFO  ratis.OzoneManagerRatisServer (OzoneManagerRatisServer.java:start(555)) - Starting OzoneManagerRatisServer om1 at port 9872
2022-12-02 11:14:22,723 [om1-impl-thread1] INFO  storage.RaftStorageDirectory (RaftStorageDirectoryImpl.java:analyzeStorage(137)) - The storage directory /home/runner/work/ozone/ozone/hadoop-ozone/integration-test/target/test-dir/MiniOzoneClusterImpl-f8f2b39f-22db-49ae-ab20-f7a2434191fa/ozone-meta/ratis/bf265839-605b-3f16-9796-c5ba1605619e does not exist. Creating ...
2022-12-02 11:14:22,724 [om1-impl-thread1] INFO  storage.RaftStorageDirectory (RaftStorageDirectoryImpl.java:tryLock(231)) - Lock on /home/runner/work/ozone/ozone/hadoop-ozone/integration-test/target/test-dir/MiniOzoneClusterImpl-f8f2b39f-22db-49ae-ab20-f7a2434191fa/ozone-meta/ratis/bf265839-605b-3f16-9796-c5ba1605619e/in_use.lock acquired by nodename 6885@fv-az205-634
2022-12-02 11:14:22,726 [om1-impl-thread1] INFO  storage.RaftStorage (RaftStorageImpl.java:format(96)) - Storage directory /home/runner/work/ozone/ozone/hadoop-ozone/integration-test/target/test-dir/MiniOzoneClusterImpl-f8f2b39f-22db-49ae-ab20-f7a2434191fa/ozone-meta/ratis/bf265839-605b-3f16-9796-c5ba1605619e has been successfully formatted.
2022-12-02 11:14:22,726 [om1-impl-thread1] INFO  server.RaftServerConfigKeys (ConfUtils.java:logGet(46)) - raft.server.log.use.memory = false (default)
2022-12-02 11:14:22,726 [om1-impl-thread1] INFO  server.RaftServerConfigKeys (ConfUtils.java:logGet(46)) - raft.server.log.purge.gap = 1000000 (custom)
2022-12-02 11:14:22,726 [om1-impl-thread1] INFO  server.RaftServerConfigKeys (ConfUtils.java:logGet(46)) - raft.server.log.appender.buffer.byte-limit = 33554432 (custom)
2022-12-02 11:14:22,726 [om1-impl-thread1] INFO  server.RaftServerConfigKeys (ConfUtils.java:logGet(46)) - raft.server.log.statemachine.data.read.timeout = 1000ms (default)
2022-12-02 11:14:22,726 [om1-impl-thread1] INFO  server.RaftServerConfigKeys (ConfUtils.java:logGet(46)) - raft.server.log.purge.preservation.log.num = 0 (default)
2022-12-02 11:14:22,726 [om1-impl-thread1] INFO  server.RaftServerConfigKeys (ConfUtils.java:logGet(46)) - raft.server.log.segment.size.max = 4194304 (custom)
2022-12-02 11:14:22,727 [om1-impl-thread1] INFO  server.RaftServerConfigKeys (ConfUtils.java:logGet(46)) - raft.server.log.segment.cache.num.max = 2 (custom)
2022-12-02 11:14:22,727 [om1-impl-thread1] INFO  server.RaftServerConfigKeys (ConfUtils.java:logGet(46)) - raft.server.log.segment.cache.size.max = 200MB (=209715200) (default)
2022-12-02 11:14:22,727 [om1-impl-thread1] INFO  segmented.SegmentedRaftLogWorker (SegmentedRaftLogWorker.java:<init>(189)) - new om1@group-C5BA1605619E-SegmentedRaftLogWorker for RaftStorageImpl:Storage Directory /home/runner/work/ozone/ozone/hadoop-ozone/integration-test/target/test-dir/MiniOzoneClusterImpl-f8f2b39f-22db-49ae-ab20-f7a2434191fa/ozone-meta/ratis/bf265839-605b-3f16-9796-c5ba1605619e
2022-12-02 11:14:22,727 [om1-impl-thread1] INFO  server.RaftServerConfigKeys (ConfUtils.java:logGet(46)) - raft.server.log.queue.byte-limit = 64MB (=67108864) (default)
2022-12-02 11:14:22,727 [om1-impl-thread1] INFO  server.RaftServerConfigKeys (ConfUtils.java:logGet(46)) - raft.server.log.queue.element-limit = 4096 (default)
2022-12-02 11:14:22,727 [om1-impl-thread1] INFO  server.RaftServerConfigKeys (ConfUtils.java:logGet(46)) - raft.server.log.segment.size.max = 4194304 (custom)
2022-12-02 11:14:22,727 [om1-impl-thread1] INFO  server.RaftServerConfigKeys (ConfUtils.java:logGet(46)) - raft.server.log.preallocated.size = 4194304 (custom)
2022-12-02 11:14:22,727 [om1-impl-thread1] INFO  server.RaftServerConfigKeys (ConfUtils.java:logGet(46)) - raft.server.log.force.sync.num = 128 (default)
2022-12-02 11:14:22,727 [om1-impl-thread1] INFO  server.RaftServerConfigKeys (ConfUtils.java:logGet(46)) - raft.server.log.statemachine.data.sync = true (default)
2022-12-02 11:14:22,727 [om1-impl-thread1] INFO  server.RaftServerConfigKeys (ConfUtils.java:logGet(46)) - raft.server.log.statemachine.data.sync.timeout = 10s (default)
2022-12-02 11:14:22,728 [om1-impl-thread1] INFO  server.RaftServerConfigKeys (ConfUtils.java:logGet(46)) - raft.server.log.statemachine.data.sync.timeout.retry = -1 (default)
2022-12-02 11:14:22,728 [om1-impl-thread1] INFO  server.RaftServerConfigKeys (ConfUtils.java:logGet(46)) - raft.server.log.write.buffer.size = 64KB (=65536) (default)
2022-12-02 11:14:22,729 [om1-impl-thread1] INFO  server.RaftServerConfigKeys (ConfUtils.java:logGet(46)) - raft.server.log.appender.buffer.byte-limit = 33554432 (custom)
2022-12-02 11:14:22,735 [om1-impl-thread1] INFO  server.RaftServerConfigKeys (ConfUtils.java:logGet(46)) - raft.server.log.unsafe-flush.enabled = false (default)
2022-12-02 11:14:22,735 [om1-impl-thread1] INFO  server.RaftServerConfigKeys (ConfUtils.java:logGet(46)) - raft.server.log.async-flush.enabled = false (default)
2022-12-02 11:14:22,735 [om1-impl-thread1] INFO  server.RaftServerConfigKeys (ConfUtils.java:logGet(46)) - raft.server.log.statemachine.data.caching.enabled = false (default)
2022-12-02 11:14:22,736 [om1-impl-thread1] INFO  segmented.SegmentedRaftLogWorker (SegmentedRaftLogWorker.java:lambda$new$0(135)) - om1@group-C5BA1605619E-SegmentedRaftLogWorker: flushIndex: setUnconditionally 0 -> -1
2022-12-02 11:14:22,736 [om1-impl-thread1] INFO  segmented.SegmentedRaftLogWorker (SegmentedRaftLogWorker.java:lambda$new$0(135)) - om1@group-C5BA1605619E-SegmentedRaftLogWorker: safeCacheEvictIndex: setUnconditionally 0 -> -1
2022-12-02 11:14:22,736 [om1-impl-thread1] INFO  server.RaftServer$Division (RaftServerImpl.java:start(334)) - om1@group-C5BA1605619E: start as a follower, conf=-1: peers:[om1|rpc:localhost:9872|priority:0|startupRole:FOLLOWER]|listeners:[], old=null
2022-12-02 11:14:22,736 [om1-impl-thread1] INFO  server.RaftServer$Division (RaftServerImpl.java:setRole(321)) - om1@group-C5BA1605619E: changes role from      null to FOLLOWER at term 0 for startAsFollower
2022-12-02 11:14:22,736 [om1-impl-thread1] INFO  impl.RoleInfo (RoleInfo.java:updateAndGet(139)) - om1: start om1@group-C5BA1605619E-FollowerState
2022-12-02 11:14:22,736 [om1-impl-thread1] INFO  util.JmxRegister (JmxRegister.java:tryRegister(44)) - Successfully registered JMX Bean with object name Ratis:service=RaftServer,group=group-C5BA1605619E,id=om1
2022-12-02 11:14:22,737 [om1@group-C5BA1605619E-FollowerState] INFO  server.RaftServerConfigKeys (ConfUtils.java:logFallback(53)) - raft.server.rpc.first-election.timeout.min = 1s (fallback to raft.server.rpc.timeout.min)
2022-12-02 11:14:22,737 [om1-impl-thread1] INFO  server.RaftServerConfigKeys (ConfUtils.java:logGet(46)) - raft.server.snapshot.auto.trigger.enabled = true (custom)
2022-12-02 11:14:22,737 [om1@group-C5BA1605619E-FollowerState] INFO  server.RaftServerConfigKeys (ConfUtils.java:logFallback(53)) - raft.server.rpc.first-election.timeout.max = 1200ms (fallback to raft.server.rpc.timeout.max)
2022-12-02 11:14:22,737 [om1-impl-thread1] INFO  server.RaftServerConfigKeys (ConfUtils.java:logGet(46)) - raft.server.snapshot.auto.trigger.threshold = 400000 (default)
2022-12-02 11:14:22,737 [om1-impl-thread1] INFO  server.RaftServerConfigKeys (ConfUtils.java:logGet(46)) - raft.server.snapshot.retention.file.num = -1 (default)
2022-12-02 11:14:22,737 [om1-impl-thread1] INFO  server.RaftServerConfigKeys (ConfUtils.java:logGet(46)) - raft.server.log.purge.upto.snapshot.index = true (custom)
2022-12-02 11:14:22,737 [Listener at 127.0.0.1/35473] INFO  server.RaftServer (RaftServerProxy.java:startImpl(393)) - om1: start RPC server
2022-12-02 11:14:22,740 [Listener at 127.0.0.1/35473] INFO  server.GrpcService (GrpcService.java:startImpl(270)) - om1: GrpcService started, listening on 9872
2022-12-02 11:14:22,741 [JvmPauseMonitor11] INFO  util.JvmPauseMonitor (JvmPauseMonitor.java:run(105)) - JvmPauseMonitor-om1: Started
2022-12-02 11:14:22,741 [Listener at 127.0.0.1/35473] INFO  om.OzoneManager (OzoneManager.java:start(1500)) - Version File has different layout version (3) than OM DB (null). That is expected if this OM has never been finalized to a newer layout version.
2022-12-02 11:14:22,743 [Listener at 127.0.0.1/35473] INFO  http.BaseHttpServer (BaseHttpServer.java:newHttpServer2BuilderForOzone(213)) - Starting Web-server for ozoneManager at: http://0.0.0.0:0
2022-12-02 11:14:22,743 [Listener at 127.0.0.1/35473] INFO  http.BaseHttpServer (BaseHttpServer.java:<init>(108)) - Hadoop Security Enabled: false Ozone Security Enabled: false Ozone HTTP Security Enabled: false 
2022-12-02 11:14:22,745 [Listener at 127.0.0.1/35473] WARN  server.AuthenticationFilter (AuthenticationFilter.java:constructSecretProvider(240)) - Unable to initialize FileSignerSecretProvider, falling back to use random secrets. Reason: Could not read signature secret file: /home/runner/hadoop-http-auth-signature-secret
2022-12-02 11:14:22,748 [Listener at 127.0.0.1/35473] WARN  http.HttpRequestLog (HttpRequestLog.java:getRequestLog(103)) - Jetty request log can only be enabled using Log4j
2022-12-02 11:14:22,751 [Listener at 127.0.0.1/35473] INFO  http.HttpServer2 (HttpServer2.java:addGlobalFilter(1031)) - Added global filter 'safety' (class=org.apache.hadoop.hdds.server.http.HttpServer2$QuotingInputFilter)
2022-12-02 11:14:22,752 [Listener at 127.0.0.1/35473] INFO  http.HttpServer2 (HttpServer2.java:addFilter(1007)) - Added filter static_user_filter (class=org.apache.hadoop.http.lib.StaticUserWebFilter$StaticUserFilter) to context ozoneManager
2022-12-02 11:14:22,752 [Listener at 127.0.0.1/35473] INFO  http.HttpServer2 (HttpServer2.java:addFilter(1015)) - Added filter static_user_filter (class=org.apache.hadoop.http.lib.StaticUserWebFilter$StaticUserFilter) to context static
2022-12-02 11:14:22,752 [Listener at 127.0.0.1/35473] INFO  http.HttpServer2 (HttpServer2.java:addFilter(1015)) - Added filter static_user_filter (class=org.apache.hadoop.http.lib.StaticUserWebFilter$StaticUserFilter) to context logs
2022-12-02 11:14:22,753 [Listener at 127.0.0.1/35473] INFO  http.HttpServer2 (HttpServer2.java:bindListener(1250)) - Jetty bound to port 45289
2022-12-02 11:14:22,753 [Listener at 127.0.0.1/35473] INFO  server.Server (Server.java:doStart(375)) - jetty-9.4.49.v20220914; built: 2022-09-14T01:07:36.601Z; git: 4231a3b2e4cb8548a412a789936d640a97b1aa0a; jvm 1.8.0_352-b08
2022-12-02 11:14:22,765 [Listener at 127.0.0.1/35473] INFO  server.session (DefaultSessionIdManager.java:doStart(334)) - DefaultSessionIdManager workerName=node0
2022-12-02 11:14:22,766 [Listener at 127.0.0.1/35473] INFO  server.session (DefaultSessionIdManager.java:doStart(339)) - No SessionScavenger set, using defaults
2022-12-02 11:14:22,766 [Listener at 127.0.0.1/35473] INFO  server.session (HouseKeeper.java:startScavenging(132)) - node0 Scavenging every 660000ms
2022-12-02 11:14:22,769 [Listener at 127.0.0.1/35473] INFO  handler.ContextHandler (ContextHandler.java:doStart(921)) - Started o.e.j.s.ServletContextHandler@4e3617fe{logs,/logs,file:///home/runner/work/ozone/ozone/hadoop-ozone/integration-test/target/log,AVAILABLE}
2022-12-02 11:14:22,770 [Listener at 127.0.0.1/35473] INFO  handler.ContextHandler (ContextHandler.java:doStart(921)) - Started o.e.j.s.ServletContextHandler@4ab50d80{static,/static,file:///home/runner/work/ozone/ozone/hadoop-ozone/integration-test/target/test-classes/webapps/static,AVAILABLE}
2022-12-02 11:14:22,777 [Listener at 127.0.0.1/35473] INFO  handler.ContextHandler (ContextHandler.java:doStart(921)) - Started o.e.j.w.WebAppContext@7824842d{ozoneManager,/,file:///home/runner/work/ozone/ozone/hadoop-ozone/integration-test/target/test-classes/webapps/ozoneManager/,AVAILABLE}{file:/home/runner/work/ozone/ozone/hadoop-ozone/integration-test/target/test-classes/webapps/ozoneManager}
2022-12-02 11:14:22,778 [Listener at 127.0.0.1/35473] INFO  server.AbstractConnector (AbstractConnector.java:doStart(333)) - Started ServerConnector@7bf42cfa{HTTP/1.1, (http/1.1)}{0.0.0.0:45289}
2022-12-02 11:14:22,779 [Listener at 127.0.0.1/35473] INFO  server.Server (Server.java:doStart(415)) - Started @135347ms
2022-12-02 11:14:22,779 [Listener at 127.0.0.1/35473] WARN  impl.MetricsSystemImpl (MetricsSystemImpl.java:register(279)) - Sink prometheus already exists!
2022-12-02 11:14:22,780 [Listener at 127.0.0.1/35473] INFO  http.BaseHttpServer (BaseHttpServer.java:updateConnectorAddress(333)) - HTTP server of ozoneManager listening at http://0.0.0.0:45289
2022-12-02 11:14:22,780 [IPC Server Responder] INFO  ipc.Server (Server.java:run(1512)) - IPC Server Responder: starting
2022-12-02 11:14:22,781 [IPC Server listener on 0] INFO  ipc.Server (Server.java:run(1352)) - IPC Server listener on 0: starting
2022-12-02 11:14:22,784 [Listener at 127.0.0.1/35473] INFO  om.OzoneManager (OzoneManager.java:startTrashEmptier(1921)) - Trash Interval set to 0. Files deleted won't move to trash
2022-12-02 11:14:22,785 [org.apache.hadoop.util.JvmPauseMonitor$Monitor@687d91e6] INFO  util.JvmPauseMonitor (JvmPauseMonitor.java:run(188)) - Starting JVM pause monitor
2022-12-02 11:14:22,838 [Listener at 127.0.0.1/35473] WARN  impl.MetricRegistriesImpl (MetricRegistriesImpl.java:addReporterRegistration(111)) - New reporters are added after registries were created. Some metrics will be missing from the reporter. Please add reporter before adding any new registry.
2022-12-02 11:14:22,839 [Listener at 127.0.0.1/35473] WARN  impl.MetricRegistriesImpl (MetricRegistriesImpl.java:addReporterRegistration(111)) - New reporters are added after registries were created. Some metrics will be missing from the reporter. Please add reporter before adding any new registry.
2022-12-02 11:14:22,839 [Listener at 127.0.0.1/35473] INFO  impl.MetricsSystemImpl (MetricsSystemImpl.java:init(158)) - HddsDatanode metrics system started (again)
2022-12-02 11:14:22,852 [Listener at 127.0.0.1/35473] INFO  ozone.HddsDatanodeService (HddsDatanodeService.java:start(236)) - HddsDatanodeService host:fv-az205-634.k2gd1z4tyxsu3cbgyjsjq30zwf.jx.internal.cloudapp.net ip:10.1.0.7
2022-12-02 11:14:22,877 [Listener at 127.0.0.1/35473] INFO  upgrade.AbstractLayoutVersionManager (AbstractLayoutVersionManager.java:init(83)) - Initializing Layout version manager with metadata layout = DATANODE_SCHEMA_V3 (version = 4), software layout = DATANODE_SCHEMA_V3 (version = 4)
2022-12-02 11:14:22,932 [Listener at 127.0.0.1/35473] INFO  reflections.Reflections (Reflections.java:scan(232)) - Reflections took 53 ms to scan 7 urls, producing 140 keys and 342 values 
2022-12-02 11:14:22,937 [Listener at 127.0.0.1/35473] INFO  statemachine.DatanodeStateMachine (DatanodeStateMachine.java:getEndPointTaskThreadPoolSize(245)) - Datanode State Machine Task Thread Pool size 2
2022-12-02 11:14:22,946 [Listener at 127.0.0.1/35473] INFO  volume.HddsVolume (HddsVolume.java:<init>(117)) - Creating HddsVolume: /home/runner/work/ozone/ozone/hadoop-ozone/integration-test/target/test-dir/MiniOzoneClusterImpl-f8f2b39f-22db-49ae-ab20-f7a2434191fa/datanode-0/data-0/containers/hdds of storage type : DISK capacity : 9223372036854775807
2022-12-02 11:14:22,947 [Listener at 127.0.0.1/35473] INFO  volume.MutableVolumeSet (MutableVolumeSet.java:initializeVolumeSet(174)) - Added Volume : /home/runner/work/ozone/ozone/hadoop-ozone/integration-test/target/test-dir/MiniOzoneClusterImpl-f8f2b39f-22db-49ae-ab20-f7a2434191fa/datanode-0/data-0/containers/hdds to VolumeSet
2022-12-02 11:14:22,947 [Listener at 127.0.0.1/35473] INFO  volume.ThrottledAsyncChecker (ThrottledAsyncChecker.java:schedule(141)) - Scheduling a check for /home/runner/work/ozone/ozone/hadoop-ozone/integration-test/target/test-dir/MiniOzoneClusterImpl-f8f2b39f-22db-49ae-ab20-f7a2434191fa/datanode-0/data-0/containers/hdds
2022-12-02 11:14:22,955 [Listener at 127.0.0.1/35473] INFO  volume.StorageVolumeChecker (StorageVolumeChecker.java:checkAllVolumes(202)) - Scheduled health check for volume /home/runner/work/ozone/ozone/hadoop-ozone/integration-test/target/test-dir/MiniOzoneClusterImpl-f8f2b39f-22db-49ae-ab20-f7a2434191fa/datanode-0/data-0/containers/hdds
2022-12-02 11:14:22,979 [Listener at 127.0.0.1/35473] INFO  volume.MutableVolumeSet (MutableVolumeSet.java:initializeVolumeSet(174)) - Added Volume : /home/runner/work/ozone/ozone/hadoop-ozone/integration-test/target/test-dir/MiniOzoneClusterImpl-f8f2b39f-22db-49ae-ab20-f7a2434191fa/datanode-0/data/ratis to VolumeSet
2022-12-02 11:14:22,979 [Listener at 127.0.0.1/35473] INFO  volume.ThrottledAsyncChecker (ThrottledAsyncChecker.java:schedule(141)) - Scheduling a check for /home/runner/work/ozone/ozone/hadoop-ozone/integration-test/target/test-dir/MiniOzoneClusterImpl-f8f2b39f-22db-49ae-ab20-f7a2434191fa/datanode-0/data/ratis
2022-12-02 11:14:22,980 [Listener at 127.0.0.1/35473] INFO  volume.StorageVolumeChecker (StorageVolumeChecker.java:checkAllVolumes(202)) - Scheduled health check for volume /home/runner/work/ozone/ozone/hadoop-ozone/integration-test/target/test-dir/MiniOzoneClusterImpl-f8f2b39f-22db-49ae-ab20-f7a2434191fa/datanode-0/data/ratis
2022-12-02 11:14:22,993 [Thread-888] INFO  ozoneimpl.ContainerReader (ContainerReader.java:readVolume(175)) - Finish verifying containers on volume /home/runner/work/ozone/ozone/hadoop-ozone/integration-test/target/test-dir/MiniOzoneClusterImpl-f8f2b39f-22db-49ae-ab20-f7a2434191fa/datanode-0/data-0/containers/hdds
2022-12-02 11:14:22,993 [Listener at 127.0.0.1/35473] INFO  ozoneimpl.OzoneContainer (OzoneContainer.java:buildContainerSet(301)) - Build ContainerSet costs 0s
2022-12-02 11:14:22,996 [Listener at 127.0.0.1/35473] INFO  server.RaftServer (ConfUtils.java:logGet(46)) - raft.rpc.type = GRPC (default)
2022-12-02 11:14:22,996 [Listener at 127.0.0.1/35473] INFO  grpc.GrpcConfigKeys (ConfUtils.java:logFallback(53)) - raft.grpc.admin.host = null (fallback to raft.grpc.server.host)
2022-12-02 11:14:22,997 [Listener at 127.0.0.1/35473] INFO  grpc.GrpcConfigKeys (ConfUtils.java:logGet(46)) - raft.grpc.admin.port = 0 (custom)
2022-12-02 11:14:22,997 [Listener at 127.0.0.1/35473] INFO  grpc.GrpcConfigKeys (ConfUtils.java:logFallback(53)) - raft.grpc.client.host = null (fallback to raft.grpc.server.host)
2022-12-02 11:14:22,997 [Listener at 127.0.0.1/35473] INFO  grpc.GrpcConfigKeys (ConfUtils.java:logGet(46)) - raft.grpc.client.port = 0 (custom)
2022-12-02 11:14:22,997 [Listener at 127.0.0.1/35473] INFO  grpc.GrpcConfigKeys (ConfUtils.java:logGet(46)) - raft.grpc.server.host = null (default)
2022-12-02 11:14:22,997 [Listener at 127.0.0.1/35473] INFO  grpc.GrpcConfigKeys (ConfUtils.java:logGet(46)) - raft.grpc.server.port = 0 (default)
2022-12-02 11:14:22,997 [Listener at 127.0.0.1/35473] INFO  server.GrpcService (ConfUtils.java:logGet(46)) - raft.grpc.message.size.max = 32MB (=33554432) (custom)
2022-12-02 11:14:22,998 [Listener at 127.0.0.1/35473] INFO  server.RaftServerConfigKeys (ConfUtils.java:logGet(46)) - raft.server.log.appender.buffer.byte-limit = 33554432 (custom)
2022-12-02 11:14:22,998 [Listener at 127.0.0.1/35473] INFO  server.GrpcService (ConfUtils.java:logGet(46)) - raft.grpc.flow.control.window = 5MB (=5242880) (custom)
2022-12-02 11:14:22,999 [Listener at 127.0.0.1/35473] INFO  server.RaftServerConfigKeys (ConfUtils.java:logGet(46)) - raft.server.rpc.request.timeout = 60s (custom)
2022-12-02 11:14:22,999 [Listener at 127.0.0.1/35473] INFO  grpc.GrpcConfigKeys (ConfUtils.java:logGet(46)) - raft.grpc.server.heartbeat.channel = true (default)
2022-12-02 11:14:22,999 [Listener at 127.0.0.1/35473] INFO  grpc.GrpcConfigKeys (ConfUtils.java:logGet(46)) - raft.grpc.server.async.request.thread.pool.cached = true (default)
2022-12-02 11:14:23,000 [Listener at 127.0.0.1/35473] INFO  grpc.GrpcConfigKeys (ConfUtils.java:logGet(46)) - raft.grpc.server.async.request.thread.pool.size = 32 (default)
2022-12-02 11:14:23,003 [Listener at 127.0.0.1/35473] INFO  impl.DataStreamServerImpl (ConfUtils.java:logGet(46)) - raft.datastream.type = DISABLED (default)
2022-12-02 11:14:23,004 [Listener at 127.0.0.1/35473] INFO  server.RaftServerConfigKeys (ConfUtils.java:logGet(46)) - raft.server.threadpool.proxy.cached = true (default)
2022-12-02 11:14:23,004 [Listener at 127.0.0.1/35473] INFO  server.RaftServerConfigKeys (ConfUtils.java:logGet(46)) - raft.server.threadpool.proxy.size = 0 (default)
2022-12-02 11:14:23,004 [Listener at 127.0.0.1/35473] INFO  server.RaftServerConfigKeys (ConfUtils.java:logGet(46)) - raft.server.rpc.slowness.timeout = 300s (custom)
2022-12-02 11:14:23,005 [Listener at 127.0.0.1/35473] INFO  server.RaftServerConfigKeys (ConfUtils.java:logGet(46)) - raft.server.leaderelection.leader.step-down.wait-time = 10s (default)
2022-12-02 11:14:23,005 [Listener at 127.0.0.1/35473] INFO  server.RaftServerConfigKeys (ConfUtils.java:logGet(46)) - raft.server.storage.dir = [/home/runner/work/ozone/ozone/hadoop-ozone/integration-test/target/test-dir/MiniOzoneClusterImpl-f8f2b39f-22db-49ae-ab20-f7a2434191fa/datanode-0/data/ratis] (custom)
2022-12-02 11:14:23,007 [Listener at 127.0.0.1/35473] INFO  server.XceiverServerGrpc (XceiverServerGrpc.java:<init>(132)) - GrpcServer channel type EpollServerSocketChannel
2022-12-02 11:14:23,011 [Listener at 127.0.0.1/35473] INFO  http.BaseHttpServer (BaseHttpServer.java:newHttpServer2BuilderForOzone(213)) - Starting Web-server for hddsDatanode at: http://0.0.0.0:0
2022-12-02 11:14:23,011 [Listener at 127.0.0.1/35473] INFO  http.BaseHttpServer (BaseHttpServer.java:<init>(108)) - Hadoop Security Enabled: false Ozone Security Enabled: false Ozone HTTP Security Enabled: false 
2022-12-02 11:14:23,012 [Listener at 127.0.0.1/35473] WARN  server.AuthenticationFilter (AuthenticationFilter.java:constructSecretProvider(240)) - Unable to initialize FileSignerSecretProvider, falling back to use random secrets. Reason: Could not read signature secret file: /home/runner/hadoop-http-auth-signature-secret
2022-12-02 11:14:23,013 [Listener at 127.0.0.1/35473] WARN  http.HttpRequestLog (HttpRequestLog.java:getRequestLog(103)) - Jetty request log can only be enabled using Log4j
2022-12-02 11:14:23,015 [Listener at 127.0.0.1/35473] INFO  http.HttpServer2 (HttpServer2.java:addGlobalFilter(1031)) - Added global filter 'safety' (class=org.apache.hadoop.hdds.server.http.HttpServer2$QuotingInputFilter)
2022-12-02 11:14:23,015 [Listener at 127.0.0.1/35473] INFO  http.HttpServer2 (HttpServer2.java:addFilter(1007)) - Added filter static_user_filter (class=org.apache.hadoop.http.lib.StaticUserWebFilter$StaticUserFilter) to context hddsDatanode
2022-12-02 11:14:23,015 [Listener at 127.0.0.1/35473] INFO  http.HttpServer2 (HttpServer2.java:addFilter(1015)) - Added filter static_user_filter (class=org.apache.hadoop.http.lib.StaticUserWebFilter$StaticUserFilter) to context logs
2022-12-02 11:14:23,016 [Listener at 127.0.0.1/35473] INFO  http.HttpServer2 (HttpServer2.java:addFilter(1015)) - Added filter static_user_filter (class=org.apache.hadoop.http.lib.StaticUserWebFilter$StaticUserFilter) to context static
2022-12-02 11:14:23,016 [Listener at 127.0.0.1/35473] INFO  http.HttpServer2 (HttpServer2.java:bindListener(1250)) - Jetty bound to port 46377
2022-12-02 11:14:23,016 [Listener at 127.0.0.1/35473] INFO  server.Server (Server.java:doStart(375)) - jetty-9.4.49.v20220914; built: 2022-09-14T01:07:36.601Z; git: 4231a3b2e4cb8548a412a789936d640a97b1aa0a; jvm 1.8.0_352-b08
2022-12-02 11:14:23,018 [Listener at 127.0.0.1/35473] INFO  server.session (DefaultSessionIdManager.java:doStart(334)) - DefaultSessionIdManager workerName=node0
2022-12-02 11:14:23,018 [Listener at 127.0.0.1/35473] INFO  server.session (DefaultSessionIdManager.java:doStart(339)) - No SessionScavenger set, using defaults
2022-12-02 11:14:23,019 [Listener at 127.0.0.1/35473] INFO  server.session (HouseKeeper.java:startScavenging(132)) - node0 Scavenging every 600000ms
2022-12-02 11:14:23,020 [Listener at 127.0.0.1/35473] INFO  handler.ContextHandler (ContextHandler.java:doStart(921)) - Started o.e.j.s.ServletContextHandler@7dbb7241{logs,/logs,file:///home/runner/work/ozone/ozone/hadoop-ozone/integration-test/target/log,AVAILABLE}
2022-12-02 11:14:23,021 [Listener at 127.0.0.1/35473] INFO  handler.ContextHandler (ContextHandler.java:doStart(921)) - Started o.e.j.s.ServletContextHandler@373bfbf6{static,/static,jar:file:/home/runner/.m2/repository/org/apache/ozone/hdds-container-service/1.3.0-SNAPSHOT/hdds-container-service-1.3.0-SNAPSHOT.jar!/webapps/static,AVAILABLE}
2022-12-02 11:14:23,297 [Listener at 127.0.0.1/35473] INFO  handler.ContextHandler (ContextHandler.java:doStart(921)) - Started o.e.j.w.WebAppContext@3c4ed98f{hddsDatanode,/,file:///tmp/jetty-0_0_0_0-46377-hdds-container-service-1_3_0-SNAPSHOT_jar-_-any-4989863570611983473/webapp/,AVAILABLE}{jar:file:/home/runner/.m2/repository/org/apache/ozone/hdds-container-service/1.3.0-SNAPSHOT/hdds-container-service-1.3.0-SNAPSHOT.jar!/webapps/hddsDatanode}
2022-12-02 11:14:23,300 [Listener at 127.0.0.1/35473] INFO  server.AbstractConnector (AbstractConnector.java:doStart(333)) - Started ServerConnector@75c3b351{HTTP/1.1, (http/1.1)}{0.0.0.0:46377}
2022-12-02 11:14:23,300 [Listener at 127.0.0.1/35473] INFO  server.Server (Server.java:doStart(415)) - Started @135869ms
2022-12-02 11:14:23,301 [Listener at 127.0.0.1/35473] WARN  impl.MetricsSystemImpl (MetricsSystemImpl.java:register(279)) - Sink prometheus already exists!
2022-12-02 11:14:23,302 [Listener at 127.0.0.1/35473] INFO  http.BaseHttpServer (BaseHttpServer.java:updateConnectorAddress(333)) - HTTP server of hddsDatanode listening at http://0.0.0.0:46377
2022-12-02 11:14:23,306 [Listener at 127.0.0.1/35473] WARN  impl.MetricRegistriesImpl (MetricRegistriesImpl.java:addReporterRegistration(111)) - New reporters are added after registries were created. Some metrics will be missing from the reporter. Please add reporter before adding any new registry.
2022-12-02 11:14:23,306 [Listener at 127.0.0.1/35473] WARN  impl.MetricRegistriesImpl (MetricRegistriesImpl.java:addReporterRegistration(111)) - New reporters are added after registries were created. Some metrics will be missing from the reporter. Please add reporter before adding any new registry.
2022-12-02 11:14:23,306 [Listener at 127.0.0.1/35473] INFO  impl.MetricsSystemImpl (MetricsSystemImpl.java:init(158)) - HddsDatanode metrics system started (again)
2022-12-02 11:14:23,313 [Datanode State Machine Daemon Thread] INFO  statemachine.DatanodeStateMachine (DatanodeStateMachine.java:lambda$startDaemon$0(505)) - Ozone container server started.
2022-12-02 11:14:23,327 [Listener at 127.0.0.1/35473] INFO  ozone.HddsDatanodeService (HddsDatanodeService.java:start(236)) - HddsDatanodeService host:fv-az205-634.k2gd1z4tyxsu3cbgyjsjq30zwf.jx.internal.cloudapp.net ip:10.1.0.7
2022-12-02 11:14:23,337 [org.apache.hadoop.util.JvmPauseMonitor$Monitor@6edebed] INFO  util.JvmPauseMonitor (JvmPauseMonitor.java:run(188)) - Starting JVM pause monitor
2022-12-02 11:14:23,343 [Datanode State Machine Task Thread - 0] INFO  datanode.InitDatanodeState (InitDatanodeState.java:persistContainerDatanodeDetails(138)) - DatanodeDetails is persisted to /home/runner/work/ozone/ozone/hadoop-ozone/integration-test/target/test-dir/MiniOzoneClusterImpl-f8f2b39f-22db-49ae-ab20-f7a2434191fa/datanode-0/meta/datanode.id
2022-12-02 11:14:23,364 [Listener at 127.0.0.1/35473] INFO  upgrade.AbstractLayoutVersionManager (AbstractLayoutVersionManager.java:init(83)) - Initializing Layout version manager with metadata layout = DATANODE_SCHEMA_V3 (version = 4), software layout = DATANODE_SCHEMA_V3 (version = 4)
2022-12-02 11:14:23,416 [Listener at 127.0.0.1/35473] INFO  reflections.Reflections (Reflections.java:scan(232)) - Reflections took 50 ms to scan 7 urls, producing 140 keys and 342 values 
2022-12-02 11:14:23,419 [Listener at 127.0.0.1/35473] INFO  statemachine.DatanodeStateMachine (DatanodeStateMachine.java:getEndPointTaskThreadPoolSize(245)) - Datanode State Machine Task Thread Pool size 2
2022-12-02 11:14:23,423 [Listener at 127.0.0.1/35473] INFO  volume.HddsVolume (HddsVolume.java:<init>(117)) - Creating HddsVolume: /home/runner/work/ozone/ozone/hadoop-ozone/integration-test/target/test-dir/MiniOzoneClusterImpl-f8f2b39f-22db-49ae-ab20-f7a2434191fa/datanode-1/data-0/containers/hdds of storage type : DISK capacity : 9223372036854775807
2022-12-02 11:14:23,423 [Listener at 127.0.0.1/35473] INFO  volume.MutableVolumeSet (MutableVolumeSet.java:initializeVolumeSet(174)) - Added Volume : /home/runner/work/ozone/ozone/hadoop-ozone/integration-test/target/test-dir/MiniOzoneClusterImpl-f8f2b39f-22db-49ae-ab20-f7a2434191fa/datanode-1/data-0/containers/hdds to VolumeSet
2022-12-02 11:14:23,423 [Listener at 127.0.0.1/35473] INFO  volume.ThrottledAsyncChecker (ThrottledAsyncChecker.java:schedule(141)) - Scheduling a check for /home/runner/work/ozone/ozone/hadoop-ozone/integration-test/target/test-dir/MiniOzoneClusterImpl-f8f2b39f-22db-49ae-ab20-f7a2434191fa/datanode-1/data-0/containers/hdds
2022-12-02 11:14:23,430 [Listener at 127.0.0.1/35473] INFO  volume.StorageVolumeChecker (StorageVolumeChecker.java:checkAllVolumes(202)) - Scheduled health check for volume /home/runner/work/ozone/ozone/hadoop-ozone/integration-test/target/test-dir/MiniOzoneClusterImpl-f8f2b39f-22db-49ae-ab20-f7a2434191fa/datanode-1/data-0/containers/hdds
2022-12-02 11:14:23,443 [Listener at 127.0.0.1/35473] INFO  volume.MutableVolumeSet (MutableVolumeSet.java:initializeVolumeSet(174)) - Added Volume : /home/runner/work/ozone/ozone/hadoop-ozone/integration-test/target/test-dir/MiniOzoneClusterImpl-f8f2b39f-22db-49ae-ab20-f7a2434191fa/datanode-1/data/ratis to VolumeSet
2022-12-02 11:14:23,444 [Listener at 127.0.0.1/35473] INFO  volume.ThrottledAsyncChecker (ThrottledAsyncChecker.java:schedule(141)) - Scheduling a check for /home/runner/work/ozone/ozone/hadoop-ozone/integration-test/target/test-dir/MiniOzoneClusterImpl-f8f2b39f-22db-49ae-ab20-f7a2434191fa/datanode-1/data/ratis
2022-12-02 11:14:23,444 [Listener at 127.0.0.1/35473] INFO  volume.StorageVolumeChecker (StorageVolumeChecker.java:checkAllVolumes(202)) - Scheduled health check for volume /home/runner/work/ozone/ozone/hadoop-ozone/integration-test/target/test-dir/MiniOzoneClusterImpl-f8f2b39f-22db-49ae-ab20-f7a2434191fa/datanode-1/data/ratis
2022-12-02 11:14:23,457 [Thread-901] INFO  ozoneimpl.ContainerReader (ContainerReader.java:readVolume(175)) - Finish verifying containers on volume /home/runner/work/ozone/ozone/hadoop-ozone/integration-test/target/test-dir/MiniOzoneClusterImpl-f8f2b39f-22db-49ae-ab20-f7a2434191fa/datanode-1/data-0/containers/hdds
2022-12-02 11:14:23,457 [Listener at 127.0.0.1/35473] INFO  ozoneimpl.OzoneContainer (OzoneContainer.java:buildContainerSet(301)) - Build ContainerSet costs 0s
2022-12-02 11:14:23,460 [Listener at 127.0.0.1/35473] INFO  server.RaftServer (ConfUtils.java:logGet(46)) - raft.rpc.type = GRPC (default)
2022-12-02 11:14:23,460 [Listener at 127.0.0.1/35473] INFO  grpc.GrpcConfigKeys (ConfUtils.java:logFallback(53)) - raft.grpc.admin.host = null (fallback to raft.grpc.server.host)
2022-12-02 11:14:23,460 [Listener at 127.0.0.1/35473] INFO  grpc.GrpcConfigKeys (ConfUtils.java:logGet(46)) - raft.grpc.admin.port = 0 (custom)
2022-12-02 11:14:23,460 [Listener at 127.0.0.1/35473] INFO  grpc.GrpcConfigKeys (ConfUtils.java:logFallback(53)) - raft.grpc.client.host = null (fallback to raft.grpc.server.host)
2022-12-02 11:14:23,461 [Listener at 127.0.0.1/35473] INFO  grpc.GrpcConfigKeys (ConfUtils.java:logGet(46)) - raft.grpc.client.port = 0 (custom)
2022-12-02 11:14:23,461 [Listener at 127.0.0.1/35473] INFO  grpc.GrpcConfigKeys (ConfUtils.java:logGet(46)) - raft.grpc.server.host = null (default)
2022-12-02 11:14:23,461 [Listener at 127.0.0.1/35473] INFO  grpc.GrpcConfigKeys (ConfUtils.java:logGet(46)) - raft.grpc.server.port = 0 (default)
2022-12-02 11:14:23,461 [Listener at 127.0.0.1/35473] INFO  server.GrpcService (ConfUtils.java:logGet(46)) - raft.grpc.message.size.max = 32MB (=33554432) (custom)
2022-12-02 11:14:23,462 [Listener at 127.0.0.1/35473] INFO  server.RaftServerConfigKeys (ConfUtils.java:logGet(46)) - raft.server.log.appender.buffer.byte-limit = 33554432 (custom)
2022-12-02 11:14:23,465 [Listener at 127.0.0.1/35473] INFO  server.GrpcService (ConfUtils.java:logGet(46)) - raft.grpc.flow.control.window = 5MB (=5242880) (custom)
2022-12-02 11:14:23,466 [Listener at 127.0.0.1/35473] INFO  server.RaftServerConfigKeys (ConfUtils.java:logGet(46)) - raft.server.rpc.request.timeout = 60s (custom)
2022-12-02 11:14:23,466 [Listener at 127.0.0.1/35473] INFO  grpc.GrpcConfigKeys (ConfUtils.java:logGet(46)) - raft.grpc.server.heartbeat.channel = true (default)
2022-12-02 11:14:23,466 [Listener at 127.0.0.1/35473] INFO  grpc.GrpcConfigKeys (ConfUtils.java:logGet(46)) - raft.grpc.server.async.request.thread.pool.cached = true (default)
2022-12-02 11:14:23,466 [Listener at 127.0.0.1/35473] INFO  grpc.GrpcConfigKeys (ConfUtils.java:logGet(46)) - raft.grpc.server.async.request.thread.pool.size = 32 (default)
2022-12-02 11:14:23,467 [Listener at 127.0.0.1/35473] INFO  impl.DataStreamServerImpl (ConfUtils.java:logGet(46)) - raft.datastream.type = DISABLED (default)
2022-12-02 11:14:23,468 [Listener at 127.0.0.1/35473] INFO  server.RaftServerConfigKeys (ConfUtils.java:logGet(46)) - raft.server.threadpool.proxy.cached = true (default)
2022-12-02 11:14:23,468 [Listener at 127.0.0.1/35473] INFO  server.RaftServerConfigKeys (ConfUtils.java:logGet(46)) - raft.server.threadpool.proxy.size = 0 (default)
2022-12-02 11:14:23,468 [Listener at 127.0.0.1/35473] INFO  server.RaftServerConfigKeys (ConfUtils.java:logGet(46)) - raft.server.rpc.slowness.timeout = 300s (custom)
2022-12-02 11:14:23,468 [Listener at 127.0.0.1/35473] INFO  server.RaftServerConfigKeys (ConfUtils.java:logGet(46)) - raft.server.leaderelection.leader.step-down.wait-time = 10s (default)
2022-12-02 11:14:23,469 [Listener at 127.0.0.1/35473] INFO  server.RaftServerConfigKeys (ConfUtils.java:logGet(46)) - raft.server.storage.dir = [/home/runner/work/ozone/ozone/hadoop-ozone/integration-test/target/test-dir/MiniOzoneClusterImpl-f8f2b39f-22db-49ae-ab20-f7a2434191fa/datanode-1/data/ratis] (custom)
2022-12-02 11:14:23,475 [Listener at 127.0.0.1/35473] INFO  server.XceiverServerGrpc (XceiverServerGrpc.java:<init>(132)) - GrpcServer channel type EpollServerSocketChannel
2022-12-02 11:14:23,480 [Listener at 127.0.0.1/35473] INFO  http.BaseHttpServer (BaseHttpServer.java:newHttpServer2BuilderForOzone(213)) - Starting Web-server for hddsDatanode at: http://0.0.0.0:0
2022-12-02 11:14:23,480 [Listener at 127.0.0.1/35473] INFO  http.BaseHttpServer (BaseHttpServer.java:<init>(108)) - Hadoop Security Enabled: false Ozone Security Enabled: false Ozone HTTP Security Enabled: false 
2022-12-02 11:14:23,483 [Listener at 127.0.0.1/35473] WARN  server.AuthenticationFilter (AuthenticationFilter.java:constructSecretProvider(240)) - Unable to initialize FileSignerSecretProvider, falling back to use random secrets. Reason: Could not read signature secret file: /home/runner/hadoop-http-auth-signature-secret
2022-12-02 11:14:23,486 [Listener at 127.0.0.1/35473] WARN  http.HttpRequestLog (HttpRequestLog.java:getRequestLog(103)) - Jetty request log can only be enabled using Log4j
2022-12-02 11:14:23,488 [Listener at 127.0.0.1/35473] INFO  http.HttpServer2 (HttpServer2.java:addGlobalFilter(1031)) - Added global filter 'safety' (class=org.apache.hadoop.hdds.server.http.HttpServer2$QuotingInputFilter)
2022-12-02 11:14:23,488 [Listener at 127.0.0.1/35473] INFO  http.HttpServer2 (HttpServer2.java:addFilter(1007)) - Added filter static_user_filter (class=org.apache.hadoop.http.lib.StaticUserWebFilter$StaticUserFilter) to context hddsDatanode
2022-12-02 11:14:23,489 [Listener at 127.0.0.1/35473] INFO  http.HttpServer2 (HttpServer2.java:addFilter(1015)) - Added filter static_user_filter (class=org.apache.hadoop.http.lib.StaticUserWebFilter$StaticUserFilter) to context static
2022-12-02 11:14:23,489 [Listener at 127.0.0.1/35473] INFO  http.HttpServer2 (HttpServer2.java:addFilter(1015)) - Added filter static_user_filter (class=org.apache.hadoop.http.lib.StaticUserWebFilter$StaticUserFilter) to context logs
2022-12-02 11:14:23,489 [Listener at 127.0.0.1/35473] INFO  http.HttpServer2 (HttpServer2.java:bindListener(1250)) - Jetty bound to port 43121
2022-12-02 11:14:23,490 [Listener at 127.0.0.1/35473] INFO  server.Server (Server.java:doStart(375)) - jetty-9.4.49.v20220914; built: 2022-09-14T01:07:36.601Z; git: 4231a3b2e4cb8548a412a789936d640a97b1aa0a; jvm 1.8.0_352-b08
2022-12-02 11:14:23,508 [Listener at 127.0.0.1/35473] INFO  server.session (DefaultSessionIdManager.java:doStart(334)) - DefaultSessionIdManager workerName=node0
2022-12-02 11:14:23,508 [Listener at 127.0.0.1/35473] INFO  server.session (DefaultSessionIdManager.java:doStart(339)) - No SessionScavenger set, using defaults
2022-12-02 11:14:23,516 [Listener at 127.0.0.1/35473] INFO  server.session (HouseKeeper.java:startScavenging(132)) - node0 Scavenging every 660000ms
2022-12-02 11:14:23,517 [Listener at 127.0.0.1/35473] INFO  handler.ContextHandler (ContextHandler.java:doStart(921)) - Started o.e.j.s.ServletContextHandler@53220647{logs,/logs,file:///home/runner/work/ozone/ozone/hadoop-ozone/integration-test/target/log,AVAILABLE}
2022-12-02 11:14:23,518 [Listener at 127.0.0.1/35473] INFO  handler.ContextHandler (ContextHandler.java:doStart(921)) - Started o.e.j.s.ServletContextHandler@3d54a384{static,/static,jar:file:/home/runner/.m2/repository/org/apache/ozone/hdds-container-service/1.3.0-SNAPSHOT/hdds-container-service-1.3.0-SNAPSHOT.jar!/webapps/static,AVAILABLE}
2022-12-02 11:14:23,740 [Listener at 127.0.0.1/35473] INFO  handler.ContextHandler (ContextHandler.java:doStart(921)) - Started o.e.j.w.WebAppContext@309403db{hddsDatanode,/,file:///tmp/jetty-0_0_0_0-43121-hdds-container-service-1_3_0-SNAPSHOT_jar-_-any-1642308081565840035/webapp/,AVAILABLE}{jar:file:/home/runner/.m2/repository/org/apache/ozone/hdds-container-service/1.3.0-SNAPSHOT/hdds-container-service-1.3.0-SNAPSHOT.jar!/webapps/hddsDatanode}
2022-12-02 11:14:23,744 [Listener at 127.0.0.1/35473] INFO  server.AbstractConnector (AbstractConnector.java:doStart(333)) - Started ServerConnector@6c087b6a{HTTP/1.1, (http/1.1)}{0.0.0.0:43121}
2022-12-02 11:14:23,744 [Listener at 127.0.0.1/35473] INFO  server.Server (Server.java:doStart(415)) - Started @136312ms
2022-12-02 11:14:23,744 [Listener at 127.0.0.1/35473] WARN  impl.MetricsSystemImpl (MetricsSystemImpl.java:register(279)) - Sink prometheus already exists!
2022-12-02 11:14:23,745 [Listener at 127.0.0.1/35473] INFO  http.BaseHttpServer (BaseHttpServer.java:updateConnectorAddress(333)) - HTTP server of hddsDatanode listening at http://0.0.0.0:43121
2022-12-02 11:14:23,746 [Listener at 127.0.0.1/35473] WARN  impl.MetricRegistriesImpl (MetricRegistriesImpl.java:addReporterRegistration(111)) - New reporters are added after registries were created. Some metrics will be missing from the reporter. Please add reporter before adding any new registry.
2022-12-02 11:14:23,746 [Listener at 127.0.0.1/35473] WARN  impl.MetricRegistriesImpl (MetricRegistriesImpl.java:addReporterRegistration(111)) - New reporters are added after registries were created. Some metrics will be missing from the reporter. Please add reporter before adding any new registry.
2022-12-02 11:14:23,746 [Listener at 127.0.0.1/35473] INFO  impl.MetricsSystemImpl (MetricsSystemImpl.java:init(158)) - HddsDatanode metrics system started (again)
2022-12-02 11:14:23,752 [Datanode State Machine Daemon Thread] INFO  statemachine.DatanodeStateMachine (DatanodeStateMachine.java:lambda$startDaemon$0(505)) - Ozone container server started.
2022-12-02 11:14:23,764 [Listener at 127.0.0.1/35473] INFO  ozone.HddsDatanodeService (HddsDatanodeService.java:start(236)) - HddsDatanodeService host:fv-az205-634.k2gd1z4tyxsu3cbgyjsjq30zwf.jx.internal.cloudapp.net ip:10.1.0.7
2022-12-02 11:14:23,774 [org.apache.hadoop.util.JvmPauseMonitor$Monitor@24c4bc87] INFO  util.JvmPauseMonitor (JvmPauseMonitor.java:run(188)) - Starting JVM pause monitor
2022-12-02 11:14:23,779 [Datanode State Machine Task Thread - 0] INFO  datanode.InitDatanodeState (InitDatanodeState.java:persistContainerDatanodeDetails(138)) - DatanodeDetails is persisted to /home/runner/work/ozone/ozone/hadoop-ozone/integration-test/target/test-dir/MiniOzoneClusterImpl-f8f2b39f-22db-49ae-ab20-f7a2434191fa/datanode-1/meta/datanode.id
2022-12-02 11:14:23,792 [Listener at 127.0.0.1/35473] INFO  upgrade.AbstractLayoutVersionManager (AbstractLayoutVersionManager.java:init(83)) - Initializing Layout version manager with metadata layout = DATANODE_SCHEMA_V3 (version = 4), software layout = DATANODE_SCHEMA_V3 (version = 4)
2022-12-02 11:14:23,847 [Listener at 127.0.0.1/35473] INFO  reflections.Reflections (Reflections.java:scan(232)) - Reflections took 53 ms to scan 7 urls, producing 140 keys and 342 values 
2022-12-02 11:14:23,849 [Listener at 127.0.0.1/35473] INFO  statemachine.DatanodeStateMachine (DatanodeStateMachine.java:getEndPointTaskThreadPoolSize(245)) - Datanode State Machine Task Thread Pool size 2
2022-12-02 11:14:23,851 [Listener at 127.0.0.1/35473] INFO  volume.HddsVolume (HddsVolume.java:<init>(117)) - Creating HddsVolume: /home/runner/work/ozone/ozone/hadoop-ozone/integration-test/target/test-dir/MiniOzoneClusterImpl-f8f2b39f-22db-49ae-ab20-f7a2434191fa/datanode-2/data-0/containers/hdds of storage type : DISK capacity : 9223372036854775807
2022-12-02 11:14:23,851 [Listener at 127.0.0.1/35473] INFO  volume.MutableVolumeSet (MutableVolumeSet.java:initializeVolumeSet(174)) - Added Volume : /home/runner/work/ozone/ozone/hadoop-ozone/integration-test/target/test-dir/MiniOzoneClusterImpl-f8f2b39f-22db-49ae-ab20-f7a2434191fa/datanode-2/data-0/containers/hdds to VolumeSet
2022-12-02 11:14:23,851 [Listener at 127.0.0.1/35473] INFO  volume.ThrottledAsyncChecker (ThrottledAsyncChecker.java:schedule(141)) - Scheduling a check for /home/runner/work/ozone/ozone/hadoop-ozone/integration-test/target/test-dir/MiniOzoneClusterImpl-f8f2b39f-22db-49ae-ab20-f7a2434191fa/datanode-2/data-0/containers/hdds
2022-12-02 11:14:23,854 [Listener at 127.0.0.1/35473] INFO  volume.StorageVolumeChecker (StorageVolumeChecker.java:checkAllVolumes(202)) - Scheduled health check for volume /home/runner/work/ozone/ozone/hadoop-ozone/integration-test/target/test-dir/MiniOzoneClusterImpl-f8f2b39f-22db-49ae-ab20-f7a2434191fa/datanode-2/data-0/containers/hdds
2022-12-02 11:14:23,867 [om1@group-C5BA1605619E-FollowerState] INFO  impl.FollowerState (FollowerState.java:run(143)) - om1@group-C5BA1605619E-FollowerState: change to CANDIDATE, lastRpcElapsedTime:1130722179ns, electionTimeout:1130ms
2022-12-02 11:14:23,867 [om1@group-C5BA1605619E-FollowerState] INFO  impl.RoleInfo (RoleInfo.java:shutdownFollowerState(110)) - om1: shutdown om1@group-C5BA1605619E-FollowerState
2022-12-02 11:14:23,867 [om1@group-C5BA1605619E-FollowerState] INFO  server.RaftServer$Division (RaftServerImpl.java:setRole(321)) - om1@group-C5BA1605619E: changes role from  FOLLOWER to CANDIDATE at term 0 for changeToCandidate
2022-12-02 11:14:23,867 [om1@group-C5BA1605619E-FollowerState] INFO  server.RaftServerConfigKeys (ConfUtils.java:logGet(46)) - raft.server.leaderelection.pre-vote = false (custom)
2022-12-02 11:14:23,867 [om1@group-C5BA1605619E-FollowerState] INFO  impl.RoleInfo (RoleInfo.java:updateAndGet(139)) - om1: start om1@group-C5BA1605619E-LeaderElection32
2022-12-02 11:14:23,868 [Listener at 127.0.0.1/35473] INFO  volume.MutableVolumeSet (MutableVolumeSet.java:initializeVolumeSet(174)) - Added Volume : /home/runner/work/ozone/ozone/hadoop-ozone/integration-test/target/test-dir/MiniOzoneClusterImpl-f8f2b39f-22db-49ae-ab20-f7a2434191fa/datanode-2/data/ratis to VolumeSet
2022-12-02 11:14:23,868 [Listener at 127.0.0.1/35473] INFO  volume.ThrottledAsyncChecker (ThrottledAsyncChecker.java:schedule(141)) - Scheduling a check for /home/runner/work/ozone/ozone/hadoop-ozone/integration-test/target/test-dir/MiniOzoneClusterImpl-f8f2b39f-22db-49ae-ab20-f7a2434191fa/datanode-2/data/ratis
2022-12-02 11:14:23,871 [Listener at 127.0.0.1/35473] INFO  volume.StorageVolumeChecker (StorageVolumeChecker.java:checkAllVolumes(202)) - Scheduled health check for volume /home/runner/work/ozone/ozone/hadoop-ozone/integration-test/target/test-dir/MiniOzoneClusterImpl-f8f2b39f-22db-49ae-ab20-f7a2434191fa/datanode-2/data/ratis
2022-12-02 11:14:23,890 [Thread-915] INFO  ozoneimpl.ContainerReader (ContainerReader.java:readVolume(175)) - Finish verifying containers on volume /home/runner/work/ozone/ozone/hadoop-ozone/integration-test/target/test-dir/MiniOzoneClusterImpl-f8f2b39f-22db-49ae-ab20-f7a2434191fa/datanode-2/data-0/containers/hdds
2022-12-02 11:14:23,890 [Listener at 127.0.0.1/35473] INFO  ozoneimpl.OzoneContainer (OzoneContainer.java:buildContainerSet(301)) - Build ContainerSet costs 0s
2022-12-02 11:14:23,893 [Listener at 127.0.0.1/35473] INFO  server.RaftServer (ConfUtils.java:logGet(46)) - raft.rpc.type = GRPC (default)
2022-12-02 11:14:23,893 [Listener at 127.0.0.1/35473] INFO  grpc.GrpcConfigKeys (ConfUtils.java:logFallback(53)) - raft.grpc.admin.host = null (fallback to raft.grpc.server.host)
2022-12-02 11:14:23,894 [om1@group-C5BA1605619E-LeaderElection32] INFO  impl.LeaderElection (LeaderElection.java:askForVotes(312)) - om1@group-C5BA1605619E-LeaderElection32 ELECTION round 0: submit vote requests at term 1 for -1: peers:[om1|rpc:localhost:9872|priority:0|startupRole:FOLLOWER]|listeners:[], old=null
2022-12-02 11:14:23,894 [om1@group-C5BA1605619E-LeaderElection32] INFO  impl.LeaderElection (LeaderElection.java:askForVotes(314)) - om1@group-C5BA1605619E-LeaderElection32 ELECTION round 0: result PASSED (term=1)
2022-12-02 11:14:23,894 [om1@group-C5BA1605619E-LeaderElection32] INFO  impl.RoleInfo (RoleInfo.java:shutdownLeaderElection(130)) - om1: shutdown om1@group-C5BA1605619E-LeaderElection32
2022-12-02 11:14:23,894 [om1@group-C5BA1605619E-LeaderElection32] INFO  server.RaftServer$Division (RaftServerImpl.java:setRole(321)) - om1@group-C5BA1605619E: changes role from CANDIDATE to LEADER at term 1 for changeToLeader
2022-12-02 11:14:23,894 [om1@group-C5BA1605619E-LeaderElection32] INFO  server.RaftServer$Division (ServerState.java:setLeader(313)) - om1@group-C5BA1605619E: change Leader from null to om1 at term 1 for becomeLeader, leader elected after 1749ms
2022-12-02 11:14:23,894 [om1@group-C5BA1605619E-LeaderElection32] INFO  server.RaftServerConfigKeys (ConfUtils.java:logGet(46)) - raft.server.staging.catchup.gap = 1000 (default)
2022-12-02 11:14:23,894 [om1@group-C5BA1605619E-LeaderElection32] INFO  server.RaftServerConfigKeys (ConfUtils.java:logGet(46)) - raft.server.write.element-limit = 4096 (default)
2022-12-02 11:14:23,894 [om1@group-C5BA1605619E-LeaderElection32] INFO  server.RaftServerConfigKeys (ConfUtils.java:logGet(46)) - raft.server.write.byte-limit = 64MB (=67108864) (default)
2022-12-02 11:14:23,895 [om1@group-C5BA1605619E-LeaderElection32] INFO  server.RaftServerConfigKeys (ConfUtils.java:logGet(46)) - raft.server.watch.timeout = 10s (default)
2022-12-02 11:14:23,895 [om1@group-C5BA1605619E-LeaderElection32] INFO  server.RaftServerConfigKeys (ConfUtils.java:logGet(46)) - raft.server.watch.timeout.denomination = 1s (default)
2022-12-02 11:14:23,895 [om1@group-C5BA1605619E-LeaderElection32] INFO  server.RaftServerConfigKeys (ConfUtils.java:logGet(46)) - raft.server.watch.element-limit = 65536 (default)
2022-12-02 11:14:23,895 [om1@group-C5BA1605619E-LeaderElection32] INFO  server.RaftServerConfigKeys (ConfUtils.java:logGet(46)) - raft.server.write.element-limit = 4096 (default)
2022-12-02 11:14:23,895 [om1@group-C5BA1605619E-LeaderElection32] INFO  server.RaftServerConfigKeys (ConfUtils.java:logGet(46)) - raft.server.write.follower.gap.ratio.max = -1.0 (default)
2022-12-02 11:14:23,895 [om1@group-C5BA1605619E-LeaderElection32] INFO  impl.RoleInfo (RoleInfo.java:updateAndGet(139)) - om1: start om1@group-C5BA1605619E-LeaderStateImpl
2022-12-02 11:14:23,895 [om1@group-C5BA1605619E-LeaderElection32] INFO  segmented.SegmentedRaftLogWorker (SegmentedRaftLogWorker.java:startLogSegment(452)) - om1@group-C5BA1605619E-SegmentedRaftLogWorker: Starting segment from index:0
2022-12-02 11:14:23,903 [om1@group-C5BA1605619E-LeaderElection32] INFO  server.RaftServer$Division (ServerState.java:setRaftConf(430)) - om1@group-C5BA1605619E: set configuration 0: peers:[om1|rpc:localhost:9872|admin:|client:|dataStream:|priority:0|startupRole:FOLLOWER]|listeners:[], old=null
2022-12-02 11:14:23,903 [Listener at 127.0.0.1/35473] INFO  grpc.GrpcConfigKeys (ConfUtils.java:logGet(46)) - raft.grpc.admin.port = 0 (custom)
2022-12-02 11:14:23,903 [Listener at 127.0.0.1/35473] INFO  grpc.GrpcConfigKeys (ConfUtils.java:logFallback(53)) - raft.grpc.client.host = null (fallback to raft.grpc.server.host)
2022-12-02 11:14:23,903 [Listener at 127.0.0.1/35473] INFO  grpc.GrpcConfigKeys (ConfUtils.java:logGet(46)) - raft.grpc.client.port = 0 (custom)
2022-12-02 11:14:23,904 [Listener at 127.0.0.1/35473] INFO  grpc.GrpcConfigKeys (ConfUtils.java:logGet(46)) - raft.grpc.server.host = null (default)
2022-12-02 11:14:23,904 [Listener at 127.0.0.1/35473] INFO  grpc.GrpcConfigKeys (ConfUtils.java:logGet(46)) - raft.grpc.server.port = 0 (default)
2022-12-02 11:14:23,904 [Listener at 127.0.0.1/35473] INFO  server.GrpcService (ConfUtils.java:logGet(46)) - raft.grpc.message.size.max = 32MB (=33554432) (custom)
2022-12-02 11:14:23,904 [Listener at 127.0.0.1/35473] INFO  server.RaftServerConfigKeys (ConfUtils.java:logGet(46)) - raft.server.log.appender.buffer.byte-limit = 33554432 (custom)
2022-12-02 11:14:23,904 [Listener at 127.0.0.1/35473] INFO  server.GrpcService (ConfUtils.java:logGet(46)) - raft.grpc.flow.control.window = 5MB (=5242880) (custom)
2022-12-02 11:14:23,904 [Listener at 127.0.0.1/35473] INFO  server.RaftServerConfigKeys (ConfUtils.java:logGet(46)) - raft.server.rpc.request.timeout = 60s (custom)
2022-12-02 11:14:23,905 [Listener at 127.0.0.1/35473] INFO  grpc.GrpcConfigKeys (ConfUtils.java:logGet(46)) - raft.grpc.server.heartbeat.channel = true (default)
2022-12-02 11:14:23,905 [Listener at 127.0.0.1/35473] INFO  grpc.GrpcConfigKeys (ConfUtils.java:logGet(46)) - raft.grpc.server.async.request.thread.pool.cached = true (default)
2022-12-02 11:14:23,905 [Listener at 127.0.0.1/35473] INFO  grpc.GrpcConfigKeys (ConfUtils.java:logGet(46)) - raft.grpc.server.async.request.thread.pool.size = 32 (default)
2022-12-02 11:14:23,908 [Listener at 127.0.0.1/35473] INFO  impl.DataStreamServerImpl (ConfUtils.java:logGet(46)) - raft.datastream.type = DISABLED (default)
2022-12-02 11:14:23,908 [Listener at 127.0.0.1/35473] INFO  server.RaftServerConfigKeys (ConfUtils.java:logGet(46)) - raft.server.threadpool.proxy.cached = true (default)
2022-12-02 11:14:23,909 [Listener at 127.0.0.1/35473] INFO  server.RaftServerConfigKeys (ConfUtils.java:logGet(46)) - raft.server.threadpool.proxy.size = 0 (default)
2022-12-02 11:14:23,909 [Listener at 127.0.0.1/35473] INFO  server.RaftServerConfigKeys (ConfUtils.java:logGet(46)) - raft.server.rpc.slowness.timeout = 300s (custom)
2022-12-02 11:14:23,909 [Listener at 127.0.0.1/35473] INFO  server.RaftServerConfigKeys (ConfUtils.java:logGet(46)) - raft.server.leaderelection.leader.step-down.wait-time = 10s (default)
2022-12-02 11:14:23,909 [Listener at 127.0.0.1/35473] INFO  server.RaftServerConfigKeys (ConfUtils.java:logGet(46)) - raft.server.storage.dir = [/home/runner/work/ozone/ozone/hadoop-ozone/integration-test/target/test-dir/MiniOzoneClusterImpl-f8f2b39f-22db-49ae-ab20-f7a2434191fa/datanode-2/data/ratis] (custom)
2022-12-02 11:14:23,911 [om1@group-C5BA1605619E-SegmentedRaftLogWorker] INFO  segmented.SegmentedRaftLogWorker (SegmentedRaftLogWorker.java:execute(656)) - om1@group-C5BA1605619E-SegmentedRaftLogWorker: created new log segment /home/runner/work/ozone/ozone/hadoop-ozone/integration-test/target/test-dir/MiniOzoneClusterImpl-f8f2b39f-22db-49ae-ab20-f7a2434191fa/ozone-meta/ratis/bf265839-605b-3f16-9796-c5ba1605619e/current/log_inprogress_0
2022-12-02 11:14:23,916 [om1@group-C5BA1605619E-StateMachineUpdater] INFO  ratis.OzoneManagerStateMachine (OzoneManagerStateMachine.java:notifyConfigurationChanged(192)) - Received Configuration change notification from Ratis. New Peer list:
[id: "om1"
address: "localhost:9872"
startupRole: FOLLOWER
]
2022-12-02 11:14:23,916 [Listener at 127.0.0.1/35473] INFO  server.XceiverServerGrpc (XceiverServerGrpc.java:<init>(132)) - GrpcServer channel type EpollServerSocketChannel
2022-12-02 11:14:23,920 [Listener at 127.0.0.1/35473] INFO  http.BaseHttpServer (BaseHttpServer.java:newHttpServer2BuilderForOzone(213)) - Starting Web-server for hddsDatanode at: http://0.0.0.0:0
2022-12-02 11:14:23,920 [Listener at 127.0.0.1/35473] INFO  http.BaseHttpServer (BaseHttpServer.java:<init>(108)) - Hadoop Security Enabled: false Ozone Security Enabled: false Ozone HTTP Security Enabled: false 
2022-12-02 11:14:23,922 [Listener at 127.0.0.1/35473] WARN  server.AuthenticationFilter (AuthenticationFilter.java:constructSecretProvider(240)) - Unable to initialize FileSignerSecretProvider, falling back to use random secrets. Reason: Could not read signature secret file: /home/runner/hadoop-http-auth-signature-secret
2022-12-02 11:14:23,926 [Listener at 127.0.0.1/35473] WARN  http.HttpRequestLog (HttpRequestLog.java:getRequestLog(103)) - Jetty request log can only be enabled using Log4j
2022-12-02 11:14:23,928 [Listener at 127.0.0.1/35473] INFO  http.HttpServer2 (HttpServer2.java:addGlobalFilter(1031)) - Added global filter 'safety' (class=org.apache.hadoop.hdds.server.http.HttpServer2$QuotingInputFilter)
2022-12-02 11:14:23,928 [Listener at 127.0.0.1/35473] INFO  http.HttpServer2 (HttpServer2.java:addFilter(1007)) - Added filter static_user_filter (class=org.apache.hadoop.http.lib.StaticUserWebFilter$StaticUserFilter) to context hddsDatanode
2022-12-02 11:14:23,928 [Listener at 127.0.0.1/35473] INFO  http.HttpServer2 (HttpServer2.java:addFilter(1015)) - Added filter static_user_filter (class=org.apache.hadoop.http.lib.StaticUserWebFilter$StaticUserFilter) to context logs
2022-12-02 11:14:23,928 [Listener at 127.0.0.1/35473] INFO  http.HttpServer2 (HttpServer2.java:addFilter(1015)) - Added filter static_user_filter (class=org.apache.hadoop.http.lib.StaticUserWebFilter$StaticUserFilter) to context static
2022-12-02 11:14:23,929 [Listener at 127.0.0.1/35473] INFO  http.HttpServer2 (HttpServer2.java:bindListener(1250)) - Jetty bound to port 36463
2022-12-02 11:14:23,929 [Listener at 127.0.0.1/35473] INFO  server.Server (Server.java:doStart(375)) - jetty-9.4.49.v20220914; built: 2022-09-14T01:07:36.601Z; git: 4231a3b2e4cb8548a412a789936d640a97b1aa0a; jvm 1.8.0_352-b08
2022-12-02 11:14:23,945 [Listener at 127.0.0.1/35473] INFO  server.session (DefaultSessionIdManager.java:doStart(334)) - DefaultSessionIdManager workerName=node0
2022-12-02 11:14:23,945 [Listener at 127.0.0.1/35473] INFO  server.session (DefaultSessionIdManager.java:doStart(339)) - No SessionScavenger set, using defaults
2022-12-02 11:14:23,946 [Listener at 127.0.0.1/35473] INFO  server.session (HouseKeeper.java:startScavenging(132)) - node0 Scavenging every 600000ms
2022-12-02 11:14:23,946 [Listener at 127.0.0.1/35473] INFO  handler.ContextHandler (ContextHandler.java:doStart(921)) - Started o.e.j.s.ServletContextHandler@1e273790{logs,/logs,file:///home/runner/work/ozone/ozone/hadoop-ozone/integration-test/target/log,AVAILABLE}
2022-12-02 11:14:23,947 [Listener at 127.0.0.1/35473] INFO  handler.ContextHandler (ContextHandler.java:doStart(921)) - Started o.e.j.s.ServletContextHandler@369bd82c{static,/static,jar:file:/home/runner/.m2/repository/org/apache/ozone/hdds-container-service/1.3.0-SNAPSHOT/hdds-container-service-1.3.0-SNAPSHOT.jar!/webapps/static,AVAILABLE}
2022-12-02 11:14:24,171 [Listener at 127.0.0.1/35473] INFO  handler.ContextHandler (ContextHandler.java:doStart(921)) - Started o.e.j.w.WebAppContext@4932c1b5{hddsDatanode,/,file:///tmp/jetty-0_0_0_0-36463-hdds-container-service-1_3_0-SNAPSHOT_jar-_-any-4126831323755117219/webapp/,AVAILABLE}{jar:file:/home/runner/.m2/repository/org/apache/ozone/hdds-container-service/1.3.0-SNAPSHOT/hdds-container-service-1.3.0-SNAPSHOT.jar!/webapps/hddsDatanode}
2022-12-02 11:14:24,173 [Listener at 127.0.0.1/35473] INFO  server.AbstractConnector (AbstractConnector.java:doStart(333)) - Started ServerConnector@575dcac6{HTTP/1.1, (http/1.1)}{0.0.0.0:36463}
2022-12-02 11:14:24,173 [Listener at 127.0.0.1/35473] INFO  server.Server (Server.java:doStart(415)) - Started @136742ms
2022-12-02 11:14:24,173 [Listener at 127.0.0.1/35473] WARN  impl.MetricsSystemImpl (MetricsSystemImpl.java:register(279)) - Sink prometheus already exists!
2022-12-02 11:14:24,175 [Listener at 127.0.0.1/35473] INFO  http.BaseHttpServer (BaseHttpServer.java:updateConnectorAddress(333)) - HTTP server of hddsDatanode listening at http://0.0.0.0:36463
2022-12-02 11:14:24,175 [Datanode State Machine Daemon Thread] INFO  statemachine.DatanodeStateMachine (DatanodeStateMachine.java:lambda$startDaemon$0(505)) - Ozone container server started.
2022-12-02 11:14:24,175 [Listener at 127.0.0.1/35473] WARN  impl.MetricRegistriesImpl (MetricRegistriesImpl.java:addReporterRegistration(111)) - New reporters are added after registries were created. Some metrics will be missing from the reporter. Please add reporter before adding any new registry.
2022-12-02 11:14:24,177 [Listener at 127.0.0.1/35473] WARN  impl.MetricRegistriesImpl (MetricRegistriesImpl.java:addReporterRegistration(111)) - New reporters are added after registries were created. Some metrics will be missing from the reporter. Please add reporter before adding any new registry.
2022-12-02 11:14:24,178 [Listener at 127.0.0.1/35473] INFO  impl.MetricsSystemImpl (MetricsSystemImpl.java:init(158)) - HddsDatanode metrics system started (again)
2022-12-02 11:14:24,190 [Listener at 127.0.0.1/35473] INFO  ozone.HddsDatanodeService (HddsDatanodeService.java:start(236)) - HddsDatanodeService host:fv-az205-634.k2gd1z4tyxsu3cbgyjsjq30zwf.jx.internal.cloudapp.net ip:10.1.0.7
2022-12-02 11:14:24,214 [org.apache.hadoop.util.JvmPauseMonitor$Monitor@6e27df80] INFO  util.JvmPauseMonitor (JvmPauseMonitor.java:run(188)) - Starting JVM pause monitor
2022-12-02 11:14:24,216 [Datanode State Machine Task Thread - 0] INFO  datanode.InitDatanodeState (InitDatanodeState.java:persistContainerDatanodeDetails(138)) - DatanodeDetails is persisted to /home/runner/work/ozone/ozone/hadoop-ozone/integration-test/target/test-dir/MiniOzoneClusterImpl-f8f2b39f-22db-49ae-ab20-f7a2434191fa/datanode-2/meta/datanode.id
2022-12-02 11:14:24,225 [Listener at 127.0.0.1/35473] INFO  upgrade.AbstractLayoutVersionManager (AbstractLayoutVersionManager.java:init(83)) - Initializing Layout version manager with metadata layout = DATANODE_SCHEMA_V3 (version = 4), software layout = DATANODE_SCHEMA_V3 (version = 4)
2022-12-02 11:14:24,291 [Listener at 127.0.0.1/35473] INFO  reflections.Reflections (Reflections.java:scan(232)) - Reflections took 64 ms to scan 7 urls, producing 140 keys and 342 values 
2022-12-02 11:14:24,293 [Listener at 127.0.0.1/35473] INFO  statemachine.DatanodeStateMachine (DatanodeStateMachine.java:getEndPointTaskThreadPoolSize(245)) - Datanode State Machine Task Thread Pool size 2
2022-12-02 11:14:24,295 [Listener at 127.0.0.1/35473] INFO  volume.HddsVolume (HddsVolume.java:<init>(117)) - Creating HddsVolume: /home/runner/work/ozone/ozone/hadoop-ozone/integration-test/target/test-dir/MiniOzoneClusterImpl-f8f2b39f-22db-49ae-ab20-f7a2434191fa/datanode-3/data-0/containers/hdds of storage type : DISK capacity : 9223372036854775807
2022-12-02 11:14:24,296 [Listener at 127.0.0.1/35473] INFO  volume.MutableVolumeSet (MutableVolumeSet.java:initializeVolumeSet(174)) - Added Volume : /home/runner/work/ozone/ozone/hadoop-ozone/integration-test/target/test-dir/MiniOzoneClusterImpl-f8f2b39f-22db-49ae-ab20-f7a2434191fa/datanode-3/data-0/containers/hdds to VolumeSet
2022-12-02 11:14:24,296 [Listener at 127.0.0.1/35473] INFO  volume.ThrottledAsyncChecker (ThrottledAsyncChecker.java:schedule(141)) - Scheduling a check for /home/runner/work/ozone/ozone/hadoop-ozone/integration-test/target/test-dir/MiniOzoneClusterImpl-f8f2b39f-22db-49ae-ab20-f7a2434191fa/datanode-3/data-0/containers/hdds
2022-12-02 11:14:24,298 [Listener at 127.0.0.1/35473] INFO  volume.StorageVolumeChecker (StorageVolumeChecker.java:checkAllVolumes(202)) - Scheduled health check for volume /home/runner/work/ozone/ozone/hadoop-ozone/integration-test/target/test-dir/MiniOzoneClusterImpl-f8f2b39f-22db-49ae-ab20-f7a2434191fa/datanode-3/data-0/containers/hdds
2022-12-02 11:14:24,311 [Listener at 127.0.0.1/35473] INFO  volume.MutableVolumeSet (MutableVolumeSet.java:initializeVolumeSet(174)) - Added Volume : /home/runner/work/ozone/ozone/hadoop-ozone/integration-test/target/test-dir/MiniOzoneClusterImpl-f8f2b39f-22db-49ae-ab20-f7a2434191fa/datanode-3/data/ratis to VolumeSet
2022-12-02 11:14:24,312 [Listener at 127.0.0.1/35473] INFO  volume.ThrottledAsyncChecker (ThrottledAsyncChecker.java:schedule(141)) - Scheduling a check for /home/runner/work/ozone/ozone/hadoop-ozone/integration-test/target/test-dir/MiniOzoneClusterImpl-f8f2b39f-22db-49ae-ab20-f7a2434191fa/datanode-3/data/ratis
2022-12-02 11:14:24,312 [Listener at 127.0.0.1/35473] INFO  volume.StorageVolumeChecker (StorageVolumeChecker.java:checkAllVolumes(202)) - Scheduled health check for volume /home/runner/work/ozone/ozone/hadoop-ozone/integration-test/target/test-dir/MiniOzoneClusterImpl-f8f2b39f-22db-49ae-ab20-f7a2434191fa/datanode-3/data/ratis
2022-12-02 11:14:24,324 [Thread-929] INFO  ozoneimpl.ContainerReader (ContainerReader.java:readVolume(175)) - Finish verifying containers on volume /home/runner/work/ozone/ozone/hadoop-ozone/integration-test/target/test-dir/MiniOzoneClusterImpl-f8f2b39f-22db-49ae-ab20-f7a2434191fa/datanode-3/data-0/containers/hdds
2022-12-02 11:14:24,324 [Listener at 127.0.0.1/35473] INFO  ozoneimpl.OzoneContainer (OzoneContainer.java:buildContainerSet(301)) - Build ContainerSet costs 0s
2022-12-02 11:14:24,327 [Listener at 127.0.0.1/35473] INFO  server.RaftServer (ConfUtils.java:logGet(46)) - raft.rpc.type = GRPC (default)
2022-12-02 11:14:24,328 [Listener at 127.0.0.1/35473] INFO  grpc.GrpcConfigKeys (ConfUtils.java:logFallback(53)) - raft.grpc.admin.host = null (fallback to raft.grpc.server.host)
2022-12-02 11:14:24,328 [Listener at 127.0.0.1/35473] INFO  grpc.GrpcConfigKeys (ConfUtils.java:logGet(46)) - raft.grpc.admin.port = 0 (custom)
2022-12-02 11:14:24,328 [Listener at 127.0.0.1/35473] INFO  grpc.GrpcConfigKeys (ConfUtils.java:logFallback(53)) - raft.grpc.client.host = null (fallback to raft.grpc.server.host)
2022-12-02 11:14:24,328 [Listener at 127.0.0.1/35473] INFO  grpc.GrpcConfigKeys (ConfUtils.java:logGet(46)) - raft.grpc.client.port = 0 (custom)
2022-12-02 11:14:24,328 [Listener at 127.0.0.1/35473] INFO  grpc.GrpcConfigKeys (ConfUtils.java:logGet(46)) - raft.grpc.server.host = null (default)
2022-12-02 11:14:24,329 [Listener at 127.0.0.1/35473] INFO  grpc.GrpcConfigKeys (ConfUtils.java:logGet(46)) - raft.grpc.server.port = 0 (default)
2022-12-02 11:14:24,329 [Listener at 127.0.0.1/35473] INFO  server.GrpcService (ConfUtils.java:logGet(46)) - raft.grpc.message.size.max = 32MB (=33554432) (custom)
2022-12-02 11:14:24,329 [Listener at 127.0.0.1/35473] INFO  server.RaftServerConfigKeys (ConfUtils.java:logGet(46)) - raft.server.log.appender.buffer.byte-limit = 33554432 (custom)
2022-12-02 11:14:24,329 [Listener at 127.0.0.1/35473] INFO  server.GrpcService (ConfUtils.java:logGet(46)) - raft.grpc.flow.control.window = 5MB (=5242880) (custom)
2022-12-02 11:14:24,329 [Listener at 127.0.0.1/35473] INFO  server.RaftServerConfigKeys (ConfUtils.java:logGet(46)) - raft.server.rpc.request.timeout = 60s (custom)
2022-12-02 11:14:24,329 [Listener at 127.0.0.1/35473] INFO  grpc.GrpcConfigKeys (ConfUtils.java:logGet(46)) - raft.grpc.server.heartbeat.channel = true (default)
2022-12-02 11:14:24,330 [Listener at 127.0.0.1/35473] INFO  grpc.GrpcConfigKeys (ConfUtils.java:logGet(46)) - raft.grpc.server.async.request.thread.pool.cached = true (default)
2022-12-02 11:14:24,330 [Listener at 127.0.0.1/35473] INFO  grpc.GrpcConfigKeys (ConfUtils.java:logGet(46)) - raft.grpc.server.async.request.thread.pool.size = 32 (default)
2022-12-02 11:14:24,331 [Listener at 127.0.0.1/35473] INFO  impl.DataStreamServerImpl (ConfUtils.java:logGet(46)) - raft.datastream.type = DISABLED (default)
2022-12-02 11:14:24,331 [Listener at 127.0.0.1/35473] INFO  server.RaftServerConfigKeys (ConfUtils.java:logGet(46)) - raft.server.threadpool.proxy.cached = true (default)
2022-12-02 11:14:24,332 [Listener at 127.0.0.1/35473] INFO  server.RaftServerConfigKeys (ConfUtils.java:logGet(46)) - raft.server.threadpool.proxy.size = 0 (default)
2022-12-02 11:14:24,332 [Listener at 127.0.0.1/35473] INFO  server.RaftServerConfigKeys (ConfUtils.java:logGet(46)) - raft.server.rpc.slowness.timeout = 300s (custom)
2022-12-02 11:14:24,332 [Listener at 127.0.0.1/35473] INFO  server.RaftServerConfigKeys (ConfUtils.java:logGet(46)) - raft.server.leaderelection.leader.step-down.wait-time = 10s (default)
2022-12-02 11:14:24,332 [Listener at 127.0.0.1/35473] INFO  server.RaftServerConfigKeys (ConfUtils.java:logGet(46)) - raft.server.storage.dir = [/home/runner/work/ozone/ozone/hadoop-ozone/integration-test/target/test-dir/MiniOzoneClusterImpl-f8f2b39f-22db-49ae-ab20-f7a2434191fa/datanode-3/data/ratis] (custom)
2022-12-02 11:14:24,334 [Listener at 127.0.0.1/35473] INFO  server.XceiverServerGrpc (XceiverServerGrpc.java:<init>(132)) - GrpcServer channel type EpollServerSocketChannel
2022-12-02 11:14:24,340 [Listener at 127.0.0.1/35473] INFO  http.BaseHttpServer (BaseHttpServer.java:newHttpServer2BuilderForOzone(213)) - Starting Web-server for hddsDatanode at: http://0.0.0.0:0
2022-12-02 11:14:24,340 [Listener at 127.0.0.1/35473] INFO  http.BaseHttpServer (BaseHttpServer.java:<init>(108)) - Hadoop Security Enabled: false Ozone Security Enabled: false Ozone HTTP Security Enabled: false 
2022-12-02 11:14:24,342 [Listener at 127.0.0.1/35473] WARN  server.AuthenticationFilter (AuthenticationFilter.java:constructSecretProvider(240)) - Unable to initialize FileSignerSecretProvider, falling back to use random secrets. Reason: Could not read signature secret file: /home/runner/hadoop-http-auth-signature-secret
2022-12-02 11:14:24,343 [Listener at 127.0.0.1/35473] WARN  http.HttpRequestLog (HttpRequestLog.java:getRequestLog(103)) - Jetty request log can only be enabled using Log4j
2022-12-02 11:14:24,344 [Listener at 127.0.0.1/35473] INFO  http.HttpServer2 (HttpServer2.java:addGlobalFilter(1031)) - Added global filter 'safety' (class=org.apache.hadoop.hdds.server.http.HttpServer2$QuotingInputFilter)
2022-12-02 11:14:24,345 [Listener at 127.0.0.1/35473] INFO  http.HttpServer2 (HttpServer2.java:addFilter(1007)) - Added filter static_user_filter (class=org.apache.hadoop.http.lib.StaticUserWebFilter$StaticUserFilter) to context hddsDatanode
2022-12-02 11:14:24,345 [Listener at 127.0.0.1/35473] INFO  http.HttpServer2 (HttpServer2.java:addFilter(1015)) - Added filter static_user_filter (class=org.apache.hadoop.http.lib.StaticUserWebFilter$StaticUserFilter) to context logs
2022-12-02 11:14:24,345 [Listener at 127.0.0.1/35473] INFO  http.HttpServer2 (HttpServer2.java:addFilter(1015)) - Added filter static_user_filter (class=org.apache.hadoop.http.lib.StaticUserWebFilter$StaticUserFilter) to context static
2022-12-02 11:14:24,347 [Listener at 127.0.0.1/35473] INFO  http.HttpServer2 (HttpServer2.java:bindListener(1250)) - Jetty bound to port 37201
2022-12-02 11:14:24,347 [Listener at 127.0.0.1/35473] INFO  server.Server (Server.java:doStart(375)) - jetty-9.4.49.v20220914; built: 2022-09-14T01:07:36.601Z; git: 4231a3b2e4cb8548a412a789936d640a97b1aa0a; jvm 1.8.0_352-b08
2022-12-02 11:14:24,349 [Listener at 127.0.0.1/35473] INFO  server.session (DefaultSessionIdManager.java:doStart(334)) - DefaultSessionIdManager workerName=node0
2022-12-02 11:14:24,349 [Listener at 127.0.0.1/35473] INFO  server.session (DefaultSessionIdManager.java:doStart(339)) - No SessionScavenger set, using defaults
2022-12-02 11:14:24,349 [Listener at 127.0.0.1/35473] INFO  server.session (HouseKeeper.java:startScavenging(132)) - node0 Scavenging every 600000ms
2022-12-02 11:14:24,351 [Listener at 127.0.0.1/35473] INFO  handler.ContextHandler (ContextHandler.java:doStart(921)) - Started o.e.j.s.ServletContextHandler@5db4c6c1{logs,/logs,file:///home/runner/work/ozone/ozone/hadoop-ozone/integration-test/target/log,AVAILABLE}
2022-12-02 11:14:24,351 [Listener at 127.0.0.1/35473] INFO  handler.ContextHandler (ContextHandler.java:doStart(921)) - Started o.e.j.s.ServletContextHandler@69e30525{static,/static,jar:file:/home/runner/.m2/repository/org/apache/ozone/hdds-container-service/1.3.0-SNAPSHOT/hdds-container-service-1.3.0-SNAPSHOT.jar!/webapps/static,AVAILABLE}
2022-12-02 11:14:24,573 [Listener at 127.0.0.1/35473] INFO  handler.ContextHandler (ContextHandler.java:doStart(921)) - Started o.e.j.w.WebAppContext@616f50a6{hddsDatanode,/,file:///tmp/jetty-0_0_0_0-37201-hdds-container-service-1_3_0-SNAPSHOT_jar-_-any-4724414140736567550/webapp/,AVAILABLE}{jar:file:/home/runner/.m2/repository/org/apache/ozone/hdds-container-service/1.3.0-SNAPSHOT/hdds-container-service-1.3.0-SNAPSHOT.jar!/webapps/hddsDatanode}
2022-12-02 11:14:24,575 [Listener at 127.0.0.1/35473] INFO  server.AbstractConnector (AbstractConnector.java:doStart(333)) - Started ServerConnector@7e0ab0ac{HTTP/1.1, (http/1.1)}{0.0.0.0:37201}
2022-12-02 11:14:24,575 [Listener at 127.0.0.1/35473] INFO  server.Server (Server.java:doStart(415)) - Started @137143ms
2022-12-02 11:14:24,575 [Listener at 127.0.0.1/35473] WARN  impl.MetricsSystemImpl (MetricsSystemImpl.java:register(279)) - Sink prometheus already exists!
2022-12-02 11:14:24,576 [Listener at 127.0.0.1/35473] INFO  http.BaseHttpServer (BaseHttpServer.java:updateConnectorAddress(333)) - HTTP server of hddsDatanode listening at http://0.0.0.0:37201
2022-12-02 11:14:24,577 [Listener at 127.0.0.1/35473] WARN  impl.MetricRegistriesImpl (MetricRegistriesImpl.java:addReporterRegistration(111)) - New reporters are added after registries were created. Some metrics will be missing from the reporter. Please add reporter before adding any new registry.
2022-12-02 11:14:24,577 [Listener at 127.0.0.1/35473] WARN  impl.MetricRegistriesImpl (MetricRegistriesImpl.java:addReporterRegistration(111)) - New reporters are added after registries were created. Some metrics will be missing from the reporter. Please add reporter before adding any new registry.
2022-12-02 11:14:24,577 [Listener at 127.0.0.1/35473] INFO  impl.MetricsSystemImpl (MetricsSystemImpl.java:init(158)) - HddsDatanode metrics system started (again)
2022-12-02 11:14:24,583 [Datanode State Machine Daemon Thread] INFO  statemachine.DatanodeStateMachine (DatanodeStateMachine.java:lambda$startDaemon$0(505)) - Ozone container server started.
2022-12-02 11:14:24,594 [org.apache.hadoop.util.JvmPauseMonitor$Monitor@c266a70] INFO  util.JvmPauseMonitor (JvmPauseMonitor.java:run(188)) - Starting JVM pause monitor
2022-12-02 11:14:24,602 [Listener at 127.0.0.1/35473] INFO  ozone.HddsDatanodeService (HddsDatanodeService.java:start(236)) - HddsDatanodeService host:fv-az205-634.k2gd1z4tyxsu3cbgyjsjq30zwf.jx.internal.cloudapp.net ip:10.1.0.7
2022-12-02 11:14:24,612 [Datanode State Machine Task Thread - 0] INFO  datanode.InitDatanodeState (InitDatanodeState.java:persistContainerDatanodeDetails(138)) - DatanodeDetails is persisted to /home/runner/work/ozone/ozone/hadoop-ozone/integration-test/target/test-dir/MiniOzoneClusterImpl-f8f2b39f-22db-49ae-ab20-f7a2434191fa/datanode-3/meta/datanode.id
2022-12-02 11:14:24,637 [Listener at 127.0.0.1/35473] INFO  upgrade.AbstractLayoutVersionManager (AbstractLayoutVersionManager.java:init(83)) - Initializing Layout version manager with metadata layout = DATANODE_SCHEMA_V3 (version = 4), software layout = DATANODE_SCHEMA_V3 (version = 4)
2022-12-02 11:14:24,692 [Listener at 127.0.0.1/35473] INFO  reflections.Reflections (Reflections.java:scan(232)) - Reflections took 53 ms to scan 7 urls, producing 140 keys and 342 values 
2022-12-02 11:14:24,693 [Listener at 127.0.0.1/35473] INFO  statemachine.DatanodeStateMachine (DatanodeStateMachine.java:getEndPointTaskThreadPoolSize(245)) - Datanode State Machine Task Thread Pool size 2
2022-12-02 11:14:24,699 [Listener at 127.0.0.1/35473] INFO  volume.HddsVolume (HddsVolume.java:<init>(117)) - Creating HddsVolume: /home/runner/work/ozone/ozone/hadoop-ozone/integration-test/target/test-dir/MiniOzoneClusterImpl-f8f2b39f-22db-49ae-ab20-f7a2434191fa/datanode-4/data-0/containers/hdds of storage type : DISK capacity : 9223372036854775807
2022-12-02 11:14:24,699 [Listener at 127.0.0.1/35473] INFO  volume.MutableVolumeSet (MutableVolumeSet.java:initializeVolumeSet(174)) - Added Volume : /home/runner/work/ozone/ozone/hadoop-ozone/integration-test/target/test-dir/MiniOzoneClusterImpl-f8f2b39f-22db-49ae-ab20-f7a2434191fa/datanode-4/data-0/containers/hdds to VolumeSet
2022-12-02 11:14:24,699 [Listener at 127.0.0.1/35473] INFO  volume.ThrottledAsyncChecker (ThrottledAsyncChecker.java:schedule(141)) - Scheduling a check for /home/runner/work/ozone/ozone/hadoop-ozone/integration-test/target/test-dir/MiniOzoneClusterImpl-f8f2b39f-22db-49ae-ab20-f7a2434191fa/datanode-4/data-0/containers/hdds
2022-12-02 11:14:24,706 [Listener at 127.0.0.1/35473] INFO  volume.StorageVolumeChecker (StorageVolumeChecker.java:checkAllVolumes(202)) - Scheduled health check for volume /home/runner/work/ozone/ozone/hadoop-ozone/integration-test/target/test-dir/MiniOzoneClusterImpl-f8f2b39f-22db-49ae-ab20-f7a2434191fa/datanode-4/data-0/containers/hdds
2022-12-02 11:14:24,721 [Listener at 127.0.0.1/35473] INFO  volume.MutableVolumeSet (MutableVolumeSet.java:initializeVolumeSet(174)) - Added Volume : /home/runner/work/ozone/ozone/hadoop-ozone/integration-test/target/test-dir/MiniOzoneClusterImpl-f8f2b39f-22db-49ae-ab20-f7a2434191fa/datanode-4/data/ratis to VolumeSet
2022-12-02 11:14:24,722 [Listener at 127.0.0.1/35473] INFO  volume.ThrottledAsyncChecker (ThrottledAsyncChecker.java:schedule(141)) - Scheduling a check for /home/runner/work/ozone/ozone/hadoop-ozone/integration-test/target/test-dir/MiniOzoneClusterImpl-f8f2b39f-22db-49ae-ab20-f7a2434191fa/datanode-4/data/ratis
2022-12-02 11:14:24,722 [Listener at 127.0.0.1/35473] INFO  volume.StorageVolumeChecker (StorageVolumeChecker.java:checkAllVolumes(202)) - Scheduled health check for volume /home/runner/work/ozone/ozone/hadoop-ozone/integration-test/target/test-dir/MiniOzoneClusterImpl-f8f2b39f-22db-49ae-ab20-f7a2434191fa/datanode-4/data/ratis
2022-12-02 11:14:24,736 [Thread-942] INFO  ozoneimpl.ContainerReader (ContainerReader.java:readVolume(175)) - Finish verifying containers on volume /home/runner/work/ozone/ozone/hadoop-ozone/integration-test/target/test-dir/MiniOzoneClusterImpl-f8f2b39f-22db-49ae-ab20-f7a2434191fa/datanode-4/data-0/containers/hdds
2022-12-02 11:14:24,736 [Listener at 127.0.0.1/35473] INFO  ozoneimpl.OzoneContainer (OzoneContainer.java:buildContainerSet(301)) - Build ContainerSet costs 0s
2022-12-02 11:14:24,740 [Listener at 127.0.0.1/35473] INFO  server.RaftServer (ConfUtils.java:logGet(46)) - raft.rpc.type = GRPC (default)
2022-12-02 11:14:24,740 [Listener at 127.0.0.1/35473] INFO  grpc.GrpcConfigKeys (ConfUtils.java:logFallback(53)) - raft.grpc.admin.host = null (fallback to raft.grpc.server.host)
2022-12-02 11:14:24,741 [Listener at 127.0.0.1/35473] INFO  grpc.GrpcConfigKeys (ConfUtils.java:logGet(46)) - raft.grpc.admin.port = 0 (custom)
2022-12-02 11:14:24,741 [Listener at 127.0.0.1/35473] INFO  grpc.GrpcConfigKeys (ConfUtils.java:logFallback(53)) - raft.grpc.client.host = null (fallback to raft.grpc.server.host)
2022-12-02 11:14:24,741 [Listener at 127.0.0.1/35473] INFO  grpc.GrpcConfigKeys (ConfUtils.java:logGet(46)) - raft.grpc.client.port = 0 (custom)
2022-12-02 11:14:24,741 [Listener at 127.0.0.1/35473] INFO  grpc.GrpcConfigKeys (ConfUtils.java:logGet(46)) - raft.grpc.server.host = null (default)
2022-12-02 11:14:24,742 [Listener at 127.0.0.1/35473] INFO  grpc.GrpcConfigKeys (ConfUtils.java:logGet(46)) - raft.grpc.server.port = 0 (default)
2022-12-02 11:14:24,742 [Listener at 127.0.0.1/35473] INFO  server.GrpcService (ConfUtils.java:logGet(46)) - raft.grpc.message.size.max = 32MB (=33554432) (custom)
2022-12-02 11:14:24,742 [Listener at 127.0.0.1/35473] INFO  server.RaftServerConfigKeys (ConfUtils.java:logGet(46)) - raft.server.log.appender.buffer.byte-limit = 33554432 (custom)
2022-12-02 11:14:24,742 [Listener at 127.0.0.1/35473] INFO  server.GrpcService (ConfUtils.java:logGet(46)) - raft.grpc.flow.control.window = 5MB (=5242880) (custom)
2022-12-02 11:14:24,742 [Listener at 127.0.0.1/35473] INFO  server.RaftServerConfigKeys (ConfUtils.java:logGet(46)) - raft.server.rpc.request.timeout = 60s (custom)
2022-12-02 11:14:24,743 [Listener at 127.0.0.1/35473] INFO  grpc.GrpcConfigKeys (ConfUtils.java:logGet(46)) - raft.grpc.server.heartbeat.channel = true (default)
2022-12-02 11:14:24,743 [Listener at 127.0.0.1/35473] INFO  grpc.GrpcConfigKeys (ConfUtils.java:logGet(46)) - raft.grpc.server.async.request.thread.pool.cached = true (default)
2022-12-02 11:14:24,743 [Listener at 127.0.0.1/35473] INFO  grpc.GrpcConfigKeys (ConfUtils.java:logGet(46)) - raft.grpc.server.async.request.thread.pool.size = 32 (default)
2022-12-02 11:14:24,744 [Listener at 127.0.0.1/35473] INFO  impl.DataStreamServerImpl (ConfUtils.java:logGet(46)) - raft.datastream.type = DISABLED (default)
2022-12-02 11:14:24,745 [Listener at 127.0.0.1/35473] INFO  server.RaftServerConfigKeys (ConfUtils.java:logGet(46)) - raft.server.threadpool.proxy.cached = true (default)
2022-12-02 11:14:24,745 [Listener at 127.0.0.1/35473] INFO  server.RaftServerConfigKeys (ConfUtils.java:logGet(46)) - raft.server.threadpool.proxy.size = 0 (default)
2022-12-02 11:14:24,745 [Listener at 127.0.0.1/35473] INFO  server.RaftServerConfigKeys (ConfUtils.java:logGet(46)) - raft.server.rpc.slowness.timeout = 300s (custom)
2022-12-02 11:14:24,745 [Listener at 127.0.0.1/35473] INFO  server.RaftServerConfigKeys (ConfUtils.java:logGet(46)) - raft.server.leaderelection.leader.step-down.wait-time = 10s (default)
2022-12-02 11:14:24,745 [Listener at 127.0.0.1/35473] INFO  server.RaftServerConfigKeys (ConfUtils.java:logGet(46)) - raft.server.storage.dir = [/home/runner/work/ozone/ozone/hadoop-ozone/integration-test/target/test-dir/MiniOzoneClusterImpl-f8f2b39f-22db-49ae-ab20-f7a2434191fa/datanode-4/data/ratis] (custom)
2022-12-02 11:14:24,747 [Listener at 127.0.0.1/35473] INFO  server.XceiverServerGrpc (XceiverServerGrpc.java:<init>(132)) - GrpcServer channel type EpollServerSocketChannel
2022-12-02 11:14:24,752 [Listener at 127.0.0.1/35473] INFO  http.BaseHttpServer (BaseHttpServer.java:newHttpServer2BuilderForOzone(213)) - Starting Web-server for hddsDatanode at: http://0.0.0.0:0
2022-12-02 11:14:24,752 [Listener at 127.0.0.1/35473] INFO  http.BaseHttpServer (BaseHttpServer.java:<init>(108)) - Hadoop Security Enabled: false Ozone Security Enabled: false Ozone HTTP Security Enabled: false 
2022-12-02 11:14:24,754 [Listener at 127.0.0.1/35473] WARN  server.AuthenticationFilter (AuthenticationFilter.java:constructSecretProvider(240)) - Unable to initialize FileSignerSecretProvider, falling back to use random secrets. Reason: Could not read signature secret file: /home/runner/hadoop-http-auth-signature-secret
2022-12-02 11:14:24,755 [Listener at 127.0.0.1/35473] WARN  http.HttpRequestLog (HttpRequestLog.java:getRequestLog(103)) - Jetty request log can only be enabled using Log4j
2022-12-02 11:14:24,756 [Listener at 127.0.0.1/35473] INFO  http.HttpServer2 (HttpServer2.java:addGlobalFilter(1031)) - Added global filter 'safety' (class=org.apache.hadoop.hdds.server.http.HttpServer2$QuotingInputFilter)
2022-12-02 11:14:24,756 [Listener at 127.0.0.1/35473] INFO  http.HttpServer2 (HttpServer2.java:addFilter(1007)) - Added filter static_user_filter (class=org.apache.hadoop.http.lib.StaticUserWebFilter$StaticUserFilter) to context hddsDatanode
2022-12-02 11:14:24,757 [Listener at 127.0.0.1/35473] INFO  http.HttpServer2 (HttpServer2.java:addFilter(1015)) - Added filter static_user_filter (class=org.apache.hadoop.http.lib.StaticUserWebFilter$StaticUserFilter) to context logs
2022-12-02 11:14:24,757 [Listener at 127.0.0.1/35473] INFO  http.HttpServer2 (HttpServer2.java:addFilter(1015)) - Added filter static_user_filter (class=org.apache.hadoop.http.lib.StaticUserWebFilter$StaticUserFilter) to context static
2022-12-02 11:14:24,758 [Listener at 127.0.0.1/35473] INFO  http.HttpServer2 (HttpServer2.java:bindListener(1250)) - Jetty bound to port 45915
2022-12-02 11:14:24,758 [Listener at 127.0.0.1/35473] INFO  server.Server (Server.java:doStart(375)) - jetty-9.4.49.v20220914; built: 2022-09-14T01:07:36.601Z; git: 4231a3b2e4cb8548a412a789936d640a97b1aa0a; jvm 1.8.0_352-b08
2022-12-02 11:14:24,762 [Listener at 127.0.0.1/35473] INFO  server.session (DefaultSessionIdManager.java:doStart(334)) - DefaultSessionIdManager workerName=node0
2022-12-02 11:14:24,762 [Listener at 127.0.0.1/35473] INFO  server.session (DefaultSessionIdManager.java:doStart(339)) - No SessionScavenger set, using defaults
2022-12-02 11:14:24,762 [Listener at 127.0.0.1/35473] INFO  server.session (HouseKeeper.java:startScavenging(132)) - node0 Scavenging every 660000ms
2022-12-02 11:14:24,763 [Listener at 127.0.0.1/35473] INFO  handler.ContextHandler (ContextHandler.java:doStart(921)) - Started o.e.j.s.ServletContextHandler@64d67c04{logs,/logs,file:///home/runner/work/ozone/ozone/hadoop-ozone/integration-test/target/log,AVAILABLE}
2022-12-02 11:14:24,764 [Listener at 127.0.0.1/35473] INFO  handler.ContextHandler (ContextHandler.java:doStart(921)) - Started o.e.j.s.ServletContextHandler@430ca35f{static,/static,jar:file:/home/runner/.m2/repository/org/apache/ozone/hdds-container-service/1.3.0-SNAPSHOT/hdds-container-service-1.3.0-SNAPSHOT.jar!/webapps/static,AVAILABLE}
2022-12-02 11:14:24,985 [Listener at 127.0.0.1/35473] INFO  handler.ContextHandler (ContextHandler.java:doStart(921)) - Started o.e.j.w.WebAppContext@8c19cff{hddsDatanode,/,file:///tmp/jetty-0_0_0_0-45915-hdds-container-service-1_3_0-SNAPSHOT_jar-_-any-5635220617230617692/webapp/,AVAILABLE}{jar:file:/home/runner/.m2/repository/org/apache/ozone/hdds-container-service/1.3.0-SNAPSHOT/hdds-container-service-1.3.0-SNAPSHOT.jar!/webapps/hddsDatanode}
2022-12-02 11:14:24,987 [Listener at 127.0.0.1/35473] INFO  server.AbstractConnector (AbstractConnector.java:doStart(333)) - Started ServerConnector@73be117d{HTTP/1.1, (http/1.1)}{0.0.0.0:45915}
2022-12-02 11:14:24,987 [Listener at 127.0.0.1/35473] INFO  server.Server (Server.java:doStart(415)) - Started @137555ms
2022-12-02 11:14:24,987 [Listener at 127.0.0.1/35473] WARN  impl.MetricsSystemImpl (MetricsSystemImpl.java:register(279)) - Sink prometheus already exists!
2022-12-02 11:14:24,988 [Listener at 127.0.0.1/35473] INFO  http.BaseHttpServer (BaseHttpServer.java:updateConnectorAddress(333)) - HTTP server of hddsDatanode listening at http://0.0.0.0:45915
2022-12-02 11:14:24,988 [Datanode State Machine Daemon Thread] INFO  statemachine.DatanodeStateMachine (DatanodeStateMachine.java:lambda$startDaemon$0(505)) - Ozone container server started.
2022-12-02 11:14:24,988 [Listener at 127.0.0.1/35473] WARN  impl.MetricRegistriesImpl (MetricRegistriesImpl.java:addReporterRegistration(111)) - New reporters are added after registries were created. Some metrics will be missing from the reporter. Please add reporter before adding any new registry.
2022-12-02 11:14:24,990 [Listener at 127.0.0.1/35473] WARN  impl.MetricRegistriesImpl (MetricRegistriesImpl.java:addReporterRegistration(111)) - New reporters are added after registries were created. Some metrics will be missing from the reporter. Please add reporter before adding any new registry.
2022-12-02 11:14:24,990 [Listener at 127.0.0.1/35473] INFO  impl.MetricsSystemImpl (MetricsSystemImpl.java:init(158)) - HddsDatanode metrics system started (again)
2022-12-02 11:14:25,000 [org.apache.hadoop.util.JvmPauseMonitor$Monitor@6c6cd7c] INFO  util.JvmPauseMonitor (JvmPauseMonitor.java:run(188)) - Starting JVM pause monitor
2022-12-02 11:14:25,003 [Datanode State Machine Task Thread - 0] INFO  datanode.InitDatanodeState (InitDatanodeState.java:persistContainerDatanodeDetails(138)) - DatanodeDetails is persisted to /home/runner/work/ozone/ozone/hadoop-ozone/integration-test/target/test-dir/MiniOzoneClusterImpl-f8f2b39f-22db-49ae-ab20-f7a2434191fa/datanode-4/meta/datanode.id
2022-12-02 11:14:25,005 [Listener at 127.0.0.1/35473] INFO  ozone.HddsDatanodeService (HddsDatanodeService.java:start(236)) - HddsDatanodeService host:fv-az205-634.k2gd1z4tyxsu3cbgyjsjq30zwf.jx.internal.cloudapp.net ip:10.1.0.7
2022-12-02 11:14:25,033 [Listener at 127.0.0.1/35473] INFO  upgrade.AbstractLayoutVersionManager (AbstractLayoutVersionManager.java:init(83)) - Initializing Layout version manager with metadata layout = DATANODE_SCHEMA_V3 (version = 4), software layout = DATANODE_SCHEMA_V3 (version = 4)
2022-12-02 11:14:25,091 [Listener at 127.0.0.1/35473] INFO  reflections.Reflections (Reflections.java:scan(232)) - Reflections took 56 ms to scan 7 urls, producing 140 keys and 342 values 
2022-12-02 11:14:25,093 [Listener at 127.0.0.1/35473] INFO  statemachine.DatanodeStateMachine (DatanodeStateMachine.java:getEndPointTaskThreadPoolSize(245)) - Datanode State Machine Task Thread Pool size 2
2022-12-02 11:14:25,095 [Listener at 127.0.0.1/35473] INFO  volume.HddsVolume (HddsVolume.java:<init>(117)) - Creating HddsVolume: /home/runner/work/ozone/ozone/hadoop-ozone/integration-test/target/test-dir/MiniOzoneClusterImpl-f8f2b39f-22db-49ae-ab20-f7a2434191fa/datanode-5/data-0/containers/hdds of storage type : DISK capacity : 9223372036854775807
2022-12-02 11:14:25,095 [Listener at 127.0.0.1/35473] INFO  volume.MutableVolumeSet (MutableVolumeSet.java:initializeVolumeSet(174)) - Added Volume : /home/runner/work/ozone/ozone/hadoop-ozone/integration-test/target/test-dir/MiniOzoneClusterImpl-f8f2b39f-22db-49ae-ab20-f7a2434191fa/datanode-5/data-0/containers/hdds to VolumeSet
2022-12-02 11:14:25,095 [Listener at 127.0.0.1/35473] INFO  volume.ThrottledAsyncChecker (ThrottledAsyncChecker.java:schedule(141)) - Scheduling a check for /home/runner/work/ozone/ozone/hadoop-ozone/integration-test/target/test-dir/MiniOzoneClusterImpl-f8f2b39f-22db-49ae-ab20-f7a2434191fa/datanode-5/data-0/containers/hdds
2022-12-02 11:14:25,096 [Listener at 127.0.0.1/35473] INFO  volume.StorageVolumeChecker (StorageVolumeChecker.java:checkAllVolumes(202)) - Scheduled health check for volume /home/runner/work/ozone/ozone/hadoop-ozone/integration-test/target/test-dir/MiniOzoneClusterImpl-f8f2b39f-22db-49ae-ab20-f7a2434191fa/datanode-5/data-0/containers/hdds
2022-12-02 11:14:25,109 [Listener at 127.0.0.1/35473] INFO  volume.MutableVolumeSet (MutableVolumeSet.java:initializeVolumeSet(174)) - Added Volume : /home/runner/work/ozone/ozone/hadoop-ozone/integration-test/target/test-dir/MiniOzoneClusterImpl-f8f2b39f-22db-49ae-ab20-f7a2434191fa/datanode-5/data/ratis to VolumeSet
2022-12-02 11:14:25,109 [Listener at 127.0.0.1/35473] INFO  volume.ThrottledAsyncChecker (ThrottledAsyncChecker.java:schedule(141)) - Scheduling a check for /home/runner/work/ozone/ozone/hadoop-ozone/integration-test/target/test-dir/MiniOzoneClusterImpl-f8f2b39f-22db-49ae-ab20-f7a2434191fa/datanode-5/data/ratis
2022-12-02 11:14:25,109 [Listener at 127.0.0.1/35473] INFO  volume.StorageVolumeChecker (StorageVolumeChecker.java:checkAllVolumes(202)) - Scheduled health check for volume /home/runner/work/ozone/ozone/hadoop-ozone/integration-test/target/test-dir/MiniOzoneClusterImpl-f8f2b39f-22db-49ae-ab20-f7a2434191fa/datanode-5/data/ratis
2022-12-02 11:14:25,122 [Thread-955] INFO  ozoneimpl.ContainerReader (ContainerReader.java:readVolume(175)) - Finish verifying containers on volume /home/runner/work/ozone/ozone/hadoop-ozone/integration-test/target/test-dir/MiniOzoneClusterImpl-f8f2b39f-22db-49ae-ab20-f7a2434191fa/datanode-5/data-0/containers/hdds
2022-12-02 11:14:25,122 [Listener at 127.0.0.1/35473] INFO  ozoneimpl.OzoneContainer (OzoneContainer.java:buildContainerSet(301)) - Build ContainerSet costs 0s
2022-12-02 11:14:25,124 [Listener at 127.0.0.1/35473] INFO  server.RaftServer (ConfUtils.java:logGet(46)) - raft.rpc.type = GRPC (default)
2022-12-02 11:14:25,125 [Listener at 127.0.0.1/35473] INFO  grpc.GrpcConfigKeys (ConfUtils.java:logFallback(53)) - raft.grpc.admin.host = null (fallback to raft.grpc.server.host)
2022-12-02 11:14:25,125 [Listener at 127.0.0.1/35473] INFO  grpc.GrpcConfigKeys (ConfUtils.java:logGet(46)) - raft.grpc.admin.port = 0 (custom)
2022-12-02 11:14:25,125 [Listener at 127.0.0.1/35473] INFO  grpc.GrpcConfigKeys (ConfUtils.java:logFallback(53)) - raft.grpc.client.host = null (fallback to raft.grpc.server.host)
2022-12-02 11:14:25,126 [Listener at 127.0.0.1/35473] INFO  grpc.GrpcConfigKeys (ConfUtils.java:logGet(46)) - raft.grpc.client.port = 0 (custom)
2022-12-02 11:14:25,126 [Listener at 127.0.0.1/35473] INFO  grpc.GrpcConfigKeys (ConfUtils.java:logGet(46)) - raft.grpc.server.host = null (default)
2022-12-02 11:14:25,127 [Listener at 127.0.0.1/35473] INFO  grpc.GrpcConfigKeys (ConfUtils.java:logGet(46)) - raft.grpc.server.port = 0 (default)
2022-12-02 11:14:25,127 [Listener at 127.0.0.1/35473] INFO  server.GrpcService (ConfUtils.java:logGet(46)) - raft.grpc.message.size.max = 32MB (=33554432) (custom)
2022-12-02 11:14:25,128 [Listener at 127.0.0.1/35473] INFO  server.RaftServerConfigKeys (ConfUtils.java:logGet(46)) - raft.server.log.appender.buffer.byte-limit = 33554432 (custom)
2022-12-02 11:14:25,129 [Listener at 127.0.0.1/35473] INFO  server.GrpcService (ConfUtils.java:logGet(46)) - raft.grpc.flow.control.window = 5MB (=5242880) (custom)
2022-12-02 11:14:25,129 [Listener at 127.0.0.1/35473] INFO  server.RaftServerConfigKeys (ConfUtils.java:logGet(46)) - raft.server.rpc.request.timeout = 60s (custom)
2022-12-02 11:14:25,129 [Listener at 127.0.0.1/35473] INFO  grpc.GrpcConfigKeys (ConfUtils.java:logGet(46)) - raft.grpc.server.heartbeat.channel = true (default)
2022-12-02 11:14:25,129 [Listener at 127.0.0.1/35473] INFO  grpc.GrpcConfigKeys (ConfUtils.java:logGet(46)) - raft.grpc.server.async.request.thread.pool.cached = true (default)
2022-12-02 11:14:25,129 [Listener at 127.0.0.1/35473] INFO  grpc.GrpcConfigKeys (ConfUtils.java:logGet(46)) - raft.grpc.server.async.request.thread.pool.size = 32 (default)
2022-12-02 11:14:25,131 [Listener at 127.0.0.1/35473] INFO  impl.DataStreamServerImpl (ConfUtils.java:logGet(46)) - raft.datastream.type = DISABLED (default)
2022-12-02 11:14:25,131 [Listener at 127.0.0.1/35473] INFO  server.RaftServerConfigKeys (ConfUtils.java:logGet(46)) - raft.server.threadpool.proxy.cached = true (default)
2022-12-02 11:14:25,131 [Listener at 127.0.0.1/35473] INFO  server.RaftServerConfigKeys (ConfUtils.java:logGet(46)) - raft.server.threadpool.proxy.size = 0 (default)
2022-12-02 11:14:25,131 [Listener at 127.0.0.1/35473] INFO  server.RaftServerConfigKeys (ConfUtils.java:logGet(46)) - raft.server.rpc.slowness.timeout = 300s (custom)
2022-12-02 11:14:25,131 [Listener at 127.0.0.1/35473] INFO  server.RaftServerConfigKeys (ConfUtils.java:logGet(46)) - raft.server.leaderelection.leader.step-down.wait-time = 10s (default)
2022-12-02 11:14:25,132 [Listener at 127.0.0.1/35473] INFO  server.RaftServerConfigKeys (ConfUtils.java:logGet(46)) - raft.server.storage.dir = [/home/runner/work/ozone/ozone/hadoop-ozone/integration-test/target/test-dir/MiniOzoneClusterImpl-f8f2b39f-22db-49ae-ab20-f7a2434191fa/datanode-5/data/ratis] (custom)
2022-12-02 11:14:25,139 [Listener at 127.0.0.1/35473] INFO  server.XceiverServerGrpc (XceiverServerGrpc.java:<init>(132)) - GrpcServer channel type EpollServerSocketChannel
2022-12-02 11:14:25,145 [Listener at 127.0.0.1/35473] INFO  http.BaseHttpServer (BaseHttpServer.java:newHttpServer2BuilderForOzone(213)) - Starting Web-server for hddsDatanode at: http://0.0.0.0:0
2022-12-02 11:14:25,145 [Listener at 127.0.0.1/35473] INFO  http.BaseHttpServer (BaseHttpServer.java:<init>(108)) - Hadoop Security Enabled: false Ozone Security Enabled: false Ozone HTTP Security Enabled: false 
2022-12-02 11:14:25,147 [Listener at 127.0.0.1/35473] WARN  server.AuthenticationFilter (AuthenticationFilter.java:constructSecretProvider(240)) - Unable to initialize FileSignerSecretProvider, falling back to use random secrets. Reason: Could not read signature secret file: /home/runner/hadoop-http-auth-signature-secret
2022-12-02 11:14:25,150 [Listener at 127.0.0.1/35473] WARN  http.HttpRequestLog (HttpRequestLog.java:getRequestLog(103)) - Jetty request log can only be enabled using Log4j
2022-12-02 11:14:25,152 [Listener at 127.0.0.1/35473] INFO  http.HttpServer2 (HttpServer2.java:addGlobalFilter(1031)) - Added global filter 'safety' (class=org.apache.hadoop.hdds.server.http.HttpServer2$QuotingInputFilter)
2022-12-02 11:14:25,152 [Listener at 127.0.0.1/35473] INFO  http.HttpServer2 (HttpServer2.java:addFilter(1007)) - Added filter static_user_filter (class=org.apache.hadoop.http.lib.StaticUserWebFilter$StaticUserFilter) to context hddsDatanode
2022-12-02 11:14:25,152 [Listener at 127.0.0.1/35473] INFO  http.HttpServer2 (HttpServer2.java:addFilter(1015)) - Added filter static_user_filter (class=org.apache.hadoop.http.lib.StaticUserWebFilter$StaticUserFilter) to context static
2022-12-02 11:14:25,152 [Listener at 127.0.0.1/35473] INFO  http.HttpServer2 (HttpServer2.java:addFilter(1015)) - Added filter static_user_filter (class=org.apache.hadoop.http.lib.StaticUserWebFilter$StaticUserFilter) to context logs
2022-12-02 11:14:25,153 [Listener at 127.0.0.1/35473] INFO  http.HttpServer2 (HttpServer2.java:bindListener(1250)) - Jetty bound to port 46473
2022-12-02 11:14:25,153 [Listener at 127.0.0.1/35473] INFO  server.Server (Server.java:doStart(375)) - jetty-9.4.49.v20220914; built: 2022-09-14T01:07:36.601Z; git: 4231a3b2e4cb8548a412a789936d640a97b1aa0a; jvm 1.8.0_352-b08
2022-12-02 11:14:25,163 [Listener at 127.0.0.1/35473] INFO  server.session (DefaultSessionIdManager.java:doStart(334)) - DefaultSessionIdManager workerName=node0
2022-12-02 11:14:25,163 [Listener at 127.0.0.1/35473] INFO  server.session (DefaultSessionIdManager.java:doStart(339)) - No SessionScavenger set, using defaults
2022-12-02 11:14:25,164 [Listener at 127.0.0.1/35473] INFO  server.session (HouseKeeper.java:startScavenging(132)) - node0 Scavenging every 600000ms
2022-12-02 11:14:25,164 [Listener at 127.0.0.1/35473] INFO  handler.ContextHandler (ContextHandler.java:doStart(921)) - Started o.e.j.s.ServletContextHandler@ea6711{logs,/logs,file:///home/runner/work/ozone/ozone/hadoop-ozone/integration-test/target/log,AVAILABLE}
2022-12-02 11:14:25,165 [Listener at 127.0.0.1/35473] INFO  handler.ContextHandler (ContextHandler.java:doStart(921)) - Started o.e.j.s.ServletContextHandler@799ba6ff{static,/static,jar:file:/home/runner/.m2/repository/org/apache/ozone/hdds-container-service/1.3.0-SNAPSHOT/hdds-container-service-1.3.0-SNAPSHOT.jar!/webapps/static,AVAILABLE}
2022-12-02 11:14:25,414 [EndpointStateMachine task thread for /0.0.0.0:45103 - 0 ] INFO  utils.DatanodeStoreCache (DatanodeStoreCache.java:addDB(58)) - Added db /home/runner/work/ozone/ozone/hadoop-ozone/integration-test/target/test-dir/MiniOzoneClusterImpl-f8f2b39f-22db-49ae-ab20-f7a2434191fa/datanode-0/data-0/containers/hdds/f8f2b39f-22db-49ae-ab20-f7a2434191fa/DS-6295f1b1-fa98-48b1-b31c-5911aaad3474/container.db to cache
2022-12-02 11:14:25,414 [EndpointStateMachine task thread for /0.0.0.0:45103 - 0 ] INFO  volume.HddsVolume (HddsVolume.java:createDbStore(307)) - SchemaV3 db is created and loaded at /home/runner/work/ozone/ozone/hadoop-ozone/integration-test/target/test-dir/MiniOzoneClusterImpl-f8f2b39f-22db-49ae-ab20-f7a2434191fa/datanode-0/data-0/containers/hdds/f8f2b39f-22db-49ae-ab20-f7a2434191fa/DS-6295f1b1-fa98-48b1-b31c-5911aaad3474/container.db for volume DS-6295f1b1-fa98-48b1-b31c-5911aaad3474
2022-12-02 11:14:25,415 [EndpointStateMachine task thread for /0.0.0.0:45103 - 0 ] INFO  ozoneimpl.OzoneContainer (OzoneContainer.java:start(395)) - Attempting to start container services.
2022-12-02 11:14:25,416 [EndpointStateMachine task thread for /0.0.0.0:45103 - 0 ] INFO  ozoneimpl.OzoneContainer (OzoneContainer.java:startContainerScrub(312)) - Scheduled background container scanners and the on-demand container scanner have been disabled.
2022-12-02 11:14:25,433 [Listener at 127.0.0.1/35473] INFO  handler.ContextHandler (ContextHandler.java:doStart(921)) - Started o.e.j.w.WebAppContext@265d560b{hddsDatanode,/,file:///tmp/jetty-0_0_0_0-46473-hdds-container-service-1_3_0-SNAPSHOT_jar-_-any-7878164119267448406/webapp/,AVAILABLE}{jar:file:/home/runner/.m2/repository/org/apache/ozone/hdds-container-service/1.3.0-SNAPSHOT/hdds-container-service-1.3.0-SNAPSHOT.jar!/webapps/hddsDatanode}
2022-12-02 11:14:25,434 [EndpointStateMachine task thread for /0.0.0.0:45103 - 0 ] INFO  replication.ReplicationServer (ReplicationServer.java:start(111)) - ReplicationServer is started using port 45695
2022-12-02 11:14:25,435 [EndpointStateMachine task thread for /0.0.0.0:45103 - 0 ] INFO  ratis.XceiverServerRatis (XceiverServerRatis.java:start(481)) - Starting XceiverServerRatis 90a4d295-1ed6-49a8-a392-d1efb526c081
2022-12-02 11:14:25,436 [EndpointStateMachine task thread for /0.0.0.0:45103 - 0 ] INFO  server.RaftServer (RaftServerProxy.java:startImpl(393)) - 90a4d295-1ed6-49a8-a392-d1efb526c081: start RPC server
2022-12-02 11:14:25,438 [Listener at 127.0.0.1/35473] INFO  server.AbstractConnector (AbstractConnector.java:doStart(333)) - Started ServerConnector@2e5855d5{HTTP/1.1, (http/1.1)}{0.0.0.0:46473}
2022-12-02 11:14:25,438 [Listener at 127.0.0.1/35473] INFO  server.Server (Server.java:doStart(415)) - Started @138007ms
2022-12-02 11:14:25,439 [Listener at 127.0.0.1/35473] WARN  impl.MetricsSystemImpl (MetricsSystemImpl.java:register(279)) - Sink prometheus already exists!
2022-12-02 11:14:25,439 [Listener at 127.0.0.1/35473] INFO  http.BaseHttpServer (BaseHttpServer.java:updateConnectorAddress(333)) - HTTP server of hddsDatanode listening at http://0.0.0.0:46473
2022-12-02 11:14:25,445 [Datanode State Machine Daemon Thread] INFO  statemachine.DatanodeStateMachine (DatanodeStateMachine.java:lambda$startDaemon$0(505)) - Ozone container server started.
2022-12-02 11:14:25,445 [Listener at 127.0.0.1/35473] INFO  ozone.MiniOzoneClusterImpl (MiniOzoneClusterImpl.java:lambda$waitForClusterToBeReady$0(216)) - Waiting for nodes to be ready. Got 0 of 6 DN Heartbeats.
2022-12-02 11:14:25,445 [Listener at 127.0.0.1/35473] INFO  ozone.MiniOzoneClusterImpl (MiniOzoneClusterImpl.java:lambda$waitForClusterToBeReady$0(219)) - Waiting for cluster to exit safe mode
2022-12-02 11:14:25,445 [Listener at 127.0.0.1/35473] INFO  ozone.MiniOzoneClusterImpl (MiniOzoneClusterImpl.java:lambda$waitForClusterToBeReady$0(221)) - SCM became leader
2022-12-02 11:14:25,447 [EndpointStateMachine task thread for /0.0.0.0:45103 - 0 ] INFO  server.GrpcService (GrpcService.java:startImpl(270)) - 90a4d295-1ed6-49a8-a392-d1efb526c081: GrpcService started, listening on 38181
2022-12-02 11:14:25,449 [EndpointStateMachine task thread for /0.0.0.0:45103 - 0 ] INFO  ratis.XceiverServerRatis (XceiverServerRatis.java:getRealPort(502)) - XceiverServerRatis 90a4d295-1ed6-49a8-a392-d1efb526c081 is started using port 38181 for RATIS
2022-12-02 11:14:25,449 [JvmPauseMonitor12] INFO  util.JvmPauseMonitor (JvmPauseMonitor.java:run(105)) - JvmPauseMonitor-90a4d295-1ed6-49a8-a392-d1efb526c081: Started
2022-12-02 11:14:25,449 [EndpointStateMachine task thread for /0.0.0.0:45103 - 0 ] INFO  ratis.XceiverServerRatis (XceiverServerRatis.java:getRealPort(502)) - XceiverServerRatis 90a4d295-1ed6-49a8-a392-d1efb526c081 is started using port 38181 for RATIS_ADMIN
2022-12-02 11:14:25,449 [EndpointStateMachine task thread for /0.0.0.0:45103 - 0 ] INFO  ratis.XceiverServerRatis (XceiverServerRatis.java:getRealPort(502)) - XceiverServerRatis 90a4d295-1ed6-49a8-a392-d1efb526c081 is started using port 38181 for RATIS_SERVER
2022-12-02 11:14:25,453 [EndpointStateMachine task thread for /0.0.0.0:45103 - 0 ] INFO  server.XceiverServerGrpc (XceiverServerGrpc.java:start(180)) - XceiverServerGrpc 90a4d295-1ed6-49a8-a392-d1efb526c081 is started using port 43089
2022-12-02 11:14:25,479 [org.apache.hadoop.util.JvmPauseMonitor$Monitor@147fb98c] INFO  util.JvmPauseMonitor (JvmPauseMonitor.java:run(188)) - Starting JVM pause monitor
2022-12-02 11:14:25,486 [Datanode State Machine Task Thread - 0] INFO  datanode.InitDatanodeState (InitDatanodeState.java:persistContainerDatanodeDetails(138)) - DatanodeDetails is persisted to /home/runner/work/ozone/ozone/hadoop-ozone/integration-test/target/test-dir/MiniOzoneClusterImpl-f8f2b39f-22db-49ae-ab20-f7a2434191fa/datanode-5/meta/datanode.id
2022-12-02 11:14:25,815 [EndpointStateMachine task thread for /0.0.0.0:45103 - 0 ] INFO  utils.DatanodeStoreCache (DatanodeStoreCache.java:addDB(58)) - Added db /home/runner/work/ozone/ozone/hadoop-ozone/integration-test/target/test-dir/MiniOzoneClusterImpl-f8f2b39f-22db-49ae-ab20-f7a2434191fa/datanode-1/data-0/containers/hdds/f8f2b39f-22db-49ae-ab20-f7a2434191fa/DS-7674f8a1-d0c9-4fac-b1b3-57e22af5dded/container.db to cache
2022-12-02 11:14:25,815 [EndpointStateMachine task thread for /0.0.0.0:45103 - 0 ] INFO  volume.HddsVolume (HddsVolume.java:createDbStore(307)) - SchemaV3 db is created and loaded at /home/runner/work/ozone/ozone/hadoop-ozone/integration-test/target/test-dir/MiniOzoneClusterImpl-f8f2b39f-22db-49ae-ab20-f7a2434191fa/datanode-1/data-0/containers/hdds/f8f2b39f-22db-49ae-ab20-f7a2434191fa/DS-7674f8a1-d0c9-4fac-b1b3-57e22af5dded/container.db for volume DS-7674f8a1-d0c9-4fac-b1b3-57e22af5dded
2022-12-02 11:14:25,815 [EndpointStateMachine task thread for /0.0.0.0:45103 - 0 ] INFO  ozoneimpl.OzoneContainer (OzoneContainer.java:start(395)) - Attempting to start container services.
2022-12-02 11:14:25,815 [EndpointStateMachine task thread for /0.0.0.0:45103 - 0 ] INFO  ozoneimpl.OzoneContainer (OzoneContainer.java:startContainerScrub(312)) - Scheduled background container scanners and the on-demand container scanner have been disabled.
2022-12-02 11:14:25,822 [EndpointStateMachine task thread for /0.0.0.0:45103 - 0 ] INFO  replication.ReplicationServer (ReplicationServer.java:start(111)) - ReplicationServer is started using port 40857
2022-12-02 11:14:25,823 [EndpointStateMachine task thread for /0.0.0.0:45103 - 0 ] INFO  ratis.XceiverServerRatis (XceiverServerRatis.java:start(481)) - Starting XceiverServerRatis aecdc221-737e-4b39-8f20-7a048fa0296a
2022-12-02 11:14:25,824 [EndpointStateMachine task thread for /0.0.0.0:45103 - 0 ] INFO  server.RaftServer (RaftServerProxy.java:startImpl(393)) - aecdc221-737e-4b39-8f20-7a048fa0296a: start RPC server
2022-12-02 11:14:25,826 [EndpointStateMachine task thread for /0.0.0.0:45103 - 0 ] INFO  server.GrpcService (GrpcService.java:startImpl(270)) - aecdc221-737e-4b39-8f20-7a048fa0296a: GrpcService started, listening on 34239
2022-12-02 11:14:25,826 [EndpointStateMachine task thread for /0.0.0.0:45103 - 0 ] INFO  ratis.XceiverServerRatis (XceiverServerRatis.java:getRealPort(502)) - XceiverServerRatis aecdc221-737e-4b39-8f20-7a048fa0296a is started using port 34239 for RATIS
2022-12-02 11:14:25,826 [EndpointStateMachine task thread for /0.0.0.0:45103 - 0 ] INFO  ratis.XceiverServerRatis (XceiverServerRatis.java:getRealPort(502)) - XceiverServerRatis aecdc221-737e-4b39-8f20-7a048fa0296a is started using port 34239 for RATIS_ADMIN
2022-12-02 11:14:25,827 [JvmPauseMonitor13] INFO  util.JvmPauseMonitor (JvmPauseMonitor.java:run(105)) - JvmPauseMonitor-aecdc221-737e-4b39-8f20-7a048fa0296a: Started
2022-12-02 11:14:25,827 [EndpointStateMachine task thread for /0.0.0.0:45103 - 0 ] INFO  ratis.XceiverServerRatis (XceiverServerRatis.java:getRealPort(502)) - XceiverServerRatis aecdc221-737e-4b39-8f20-7a048fa0296a is started using port 34239 for RATIS_SERVER
2022-12-02 11:14:25,829 [EndpointStateMachine task thread for /0.0.0.0:45103 - 0 ] INFO  server.XceiverServerGrpc (XceiverServerGrpc.java:start(180)) - XceiverServerGrpc aecdc221-737e-4b39-8f20-7a048fa0296a is started using port 33621
2022-12-02 11:14:26,255 [EndpointStateMachine task thread for /0.0.0.0:45103 - 0 ] INFO  utils.DatanodeStoreCache (DatanodeStoreCache.java:addDB(58)) - Added db /home/runner/work/ozone/ozone/hadoop-ozone/integration-test/target/test-dir/MiniOzoneClusterImpl-f8f2b39f-22db-49ae-ab20-f7a2434191fa/datanode-2/data-0/containers/hdds/f8f2b39f-22db-49ae-ab20-f7a2434191fa/DS-3ce819f9-375a-466b-97f6-b1e69e681f03/container.db to cache
2022-12-02 11:14:26,255 [EndpointStateMachine task thread for /0.0.0.0:45103 - 0 ] INFO  volume.HddsVolume (HddsVolume.java:createDbStore(307)) - SchemaV3 db is created and loaded at /home/runner/work/ozone/ozone/hadoop-ozone/integration-test/target/test-dir/MiniOzoneClusterImpl-f8f2b39f-22db-49ae-ab20-f7a2434191fa/datanode-2/data-0/containers/hdds/f8f2b39f-22db-49ae-ab20-f7a2434191fa/DS-3ce819f9-375a-466b-97f6-b1e69e681f03/container.db for volume DS-3ce819f9-375a-466b-97f6-b1e69e681f03
2022-12-02 11:14:26,255 [EndpointStateMachine task thread for /0.0.0.0:45103 - 0 ] INFO  ozoneimpl.OzoneContainer (OzoneContainer.java:start(395)) - Attempting to start container services.
2022-12-02 11:14:26,255 [EndpointStateMachine task thread for /0.0.0.0:45103 - 0 ] INFO  ozoneimpl.OzoneContainer (OzoneContainer.java:startContainerScrub(312)) - Scheduled background container scanners and the on-demand container scanner have been disabled.
2022-12-02 11:14:26,259 [EndpointStateMachine task thread for /0.0.0.0:45103 - 0 ] INFO  replication.ReplicationServer (ReplicationServer.java:start(111)) - ReplicationServer is started using port 44335
2022-12-02 11:14:26,260 [EndpointStateMachine task thread for /0.0.0.0:45103 - 0 ] INFO  ratis.XceiverServerRatis (XceiverServerRatis.java:start(481)) - Starting XceiverServerRatis 1fd27439-e6b5-4682-b1aa-75bd99d23433
2022-12-02 11:14:26,260 [EndpointStateMachine task thread for /0.0.0.0:45103 - 0 ] INFO  server.RaftServer (RaftServerProxy.java:startImpl(393)) - 1fd27439-e6b5-4682-b1aa-75bd99d23433: start RPC server
2022-12-02 11:14:26,262 [EndpointStateMachine task thread for /0.0.0.0:45103 - 0 ] INFO  server.GrpcService (GrpcService.java:startImpl(270)) - 1fd27439-e6b5-4682-b1aa-75bd99d23433: GrpcService started, listening on 38521
2022-12-02 11:14:26,263 [EndpointStateMachine task thread for /0.0.0.0:45103 - 0 ] INFO  ratis.XceiverServerRatis (XceiverServerRatis.java:getRealPort(502)) - XceiverServerRatis 1fd27439-e6b5-4682-b1aa-75bd99d23433 is started using port 38521 for RATIS
2022-12-02 11:14:26,263 [EndpointStateMachine task thread for /0.0.0.0:45103 - 0 ] INFO  ratis.XceiverServerRatis (XceiverServerRatis.java:getRealPort(502)) - XceiverServerRatis 1fd27439-e6b5-4682-b1aa-75bd99d23433 is started using port 38521 for RATIS_ADMIN
2022-12-02 11:14:26,266 [EndpointStateMachine task thread for /0.0.0.0:45103 - 0 ] INFO  ratis.XceiverServerRatis (XceiverServerRatis.java:getRealPort(502)) - XceiverServerRatis 1fd27439-e6b5-4682-b1aa-75bd99d23433 is started using port 38521 for RATIS_SERVER
2022-12-02 11:14:26,266 [JvmPauseMonitor14] INFO  util.JvmPauseMonitor (JvmPauseMonitor.java:run(105)) - JvmPauseMonitor-1fd27439-e6b5-4682-b1aa-75bd99d23433: Started
2022-12-02 11:14:26,278 [EndpointStateMachine task thread for /0.0.0.0:45103 - 0 ] INFO  server.XceiverServerGrpc (XceiverServerGrpc.java:start(180)) - XceiverServerGrpc 1fd27439-e6b5-4682-b1aa-75bd99d23433 is started using port 32797
2022-12-02 11:14:26,446 [Listener at 127.0.0.1/35473] INFO  ozone.MiniOzoneClusterImpl (MiniOzoneClusterImpl.java:lambda$waitForClusterToBeReady$0(216)) - Waiting for nodes to be ready. Got 0 of 6 DN Heartbeats.
2022-12-02 11:14:26,447 [Listener at 127.0.0.1/35473] INFO  ozone.MiniOzoneClusterImpl (MiniOzoneClusterImpl.java:lambda$waitForClusterToBeReady$0(219)) - Waiting for cluster to exit safe mode
2022-12-02 11:14:26,447 [Listener at 127.0.0.1/35473] INFO  ozone.MiniOzoneClusterImpl (MiniOzoneClusterImpl.java:lambda$waitForClusterToBeReady$0(221)) - SCM became leader
2022-12-02 11:14:26,639 [EndpointStateMachine task thread for /0.0.0.0:45103 - 0 ] INFO  utils.DatanodeStoreCache (DatanodeStoreCache.java:addDB(58)) - Added db /home/runner/work/ozone/ozone/hadoop-ozone/integration-test/target/test-dir/MiniOzoneClusterImpl-f8f2b39f-22db-49ae-ab20-f7a2434191fa/datanode-3/data-0/containers/hdds/f8f2b39f-22db-49ae-ab20-f7a2434191fa/DS-dfa6299c-09b6-4860-a947-1607fe6da67f/container.db to cache
2022-12-02 11:14:26,639 [EndpointStateMachine task thread for /0.0.0.0:45103 - 0 ] INFO  volume.HddsVolume (HddsVolume.java:createDbStore(307)) - SchemaV3 db is created and loaded at /home/runner/work/ozone/ozone/hadoop-ozone/integration-test/target/test-dir/MiniOzoneClusterImpl-f8f2b39f-22db-49ae-ab20-f7a2434191fa/datanode-3/data-0/containers/hdds/f8f2b39f-22db-49ae-ab20-f7a2434191fa/DS-dfa6299c-09b6-4860-a947-1607fe6da67f/container.db for volume DS-dfa6299c-09b6-4860-a947-1607fe6da67f
2022-12-02 11:14:26,640 [EndpointStateMachine task thread for /0.0.0.0:45103 - 0 ] INFO  ozoneimpl.OzoneContainer (OzoneContainer.java:start(395)) - Attempting to start container services.
2022-12-02 11:14:26,640 [EndpointStateMachine task thread for /0.0.0.0:45103 - 0 ] INFO  ozoneimpl.OzoneContainer (OzoneContainer.java:startContainerScrub(312)) - Scheduled background container scanners and the on-demand container scanner have been disabled.
2022-12-02 11:14:26,644 [EndpointStateMachine task thread for /0.0.0.0:45103 - 0 ] INFO  replication.ReplicationServer (ReplicationServer.java:start(111)) - ReplicationServer is started using port 34479
2022-12-02 11:14:26,645 [EndpointStateMachine task thread for /0.0.0.0:45103 - 0 ] INFO  ratis.XceiverServerRatis (XceiverServerRatis.java:start(481)) - Starting XceiverServerRatis c26475c3-4ee1-492c-b3e0-9196e8cc0198
2022-12-02 11:14:26,645 [EndpointStateMachine task thread for /0.0.0.0:45103 - 0 ] INFO  server.RaftServer (RaftServerProxy.java:startImpl(393)) - c26475c3-4ee1-492c-b3e0-9196e8cc0198: start RPC server
2022-12-02 11:14:26,649 [EndpointStateMachine task thread for /0.0.0.0:45103 - 0 ] INFO  server.GrpcService (GrpcService.java:startImpl(270)) - c26475c3-4ee1-492c-b3e0-9196e8cc0198: GrpcService started, listening on 38613
2022-12-02 11:14:26,649 [EndpointStateMachine task thread for /0.0.0.0:45103 - 0 ] INFO  ratis.XceiverServerRatis (XceiverServerRatis.java:getRealPort(502)) - XceiverServerRatis c26475c3-4ee1-492c-b3e0-9196e8cc0198 is started using port 38613 for RATIS
2022-12-02 11:14:26,649 [JvmPauseMonitor15] INFO  util.JvmPauseMonitor (JvmPauseMonitor.java:run(105)) - JvmPauseMonitor-c26475c3-4ee1-492c-b3e0-9196e8cc0198: Started
2022-12-02 11:14:26,649 [EndpointStateMachine task thread for /0.0.0.0:45103 - 0 ] INFO  ratis.XceiverServerRatis (XceiverServerRatis.java:getRealPort(502)) - XceiverServerRatis c26475c3-4ee1-492c-b3e0-9196e8cc0198 is started using port 38613 for RATIS_ADMIN
2022-12-02 11:14:26,650 [EndpointStateMachine task thread for /0.0.0.0:45103 - 0 ] INFO  ratis.XceiverServerRatis (XceiverServerRatis.java:getRealPort(502)) - XceiverServerRatis c26475c3-4ee1-492c-b3e0-9196e8cc0198 is started using port 38613 for RATIS_SERVER
2022-12-02 11:14:26,656 [EndpointStateMachine task thread for /0.0.0.0:45103 - 0 ] INFO  server.XceiverServerGrpc (XceiverServerGrpc.java:start(180)) - XceiverServerGrpc c26475c3-4ee1-492c-b3e0-9196e8cc0198 is started using port 38627
2022-12-02 11:14:27,046 [EndpointStateMachine task thread for /0.0.0.0:45103 - 0 ] INFO  utils.DatanodeStoreCache (DatanodeStoreCache.java:addDB(58)) - Added db /home/runner/work/ozone/ozone/hadoop-ozone/integration-test/target/test-dir/MiniOzoneClusterImpl-f8f2b39f-22db-49ae-ab20-f7a2434191fa/datanode-4/data-0/containers/hdds/f8f2b39f-22db-49ae-ab20-f7a2434191fa/DS-6a08fd1a-724d-43a2-ab98-6040a377f0ae/container.db to cache
2022-12-02 11:14:27,046 [EndpointStateMachine task thread for /0.0.0.0:45103 - 0 ] INFO  volume.HddsVolume (HddsVolume.java:createDbStore(307)) - SchemaV3 db is created and loaded at /home/runner/work/ozone/ozone/hadoop-ozone/integration-test/target/test-dir/MiniOzoneClusterImpl-f8f2b39f-22db-49ae-ab20-f7a2434191fa/datanode-4/data-0/containers/hdds/f8f2b39f-22db-49ae-ab20-f7a2434191fa/DS-6a08fd1a-724d-43a2-ab98-6040a377f0ae/container.db for volume DS-6a08fd1a-724d-43a2-ab98-6040a377f0ae
2022-12-02 11:14:27,046 [EndpointStateMachine task thread for /0.0.0.0:45103 - 0 ] INFO  ozoneimpl.OzoneContainer (OzoneContainer.java:start(395)) - Attempting to start container services.
2022-12-02 11:14:27,046 [EndpointStateMachine task thread for /0.0.0.0:45103 - 0 ] INFO  ozoneimpl.OzoneContainer (OzoneContainer.java:startContainerScrub(312)) - Scheduled background container scanners and the on-demand container scanner have been disabled.
2022-12-02 11:14:27,052 [EndpointStateMachine task thread for /0.0.0.0:45103 - 0 ] INFO  replication.ReplicationServer (ReplicationServer.java:start(111)) - ReplicationServer is started using port 39045
2022-12-02 11:14:27,052 [EndpointStateMachine task thread for /0.0.0.0:45103 - 0 ] INFO  ratis.XceiverServerRatis (XceiverServerRatis.java:start(481)) - Starting XceiverServerRatis 7d2395d2-eabc-4616-a887-e94e2c3276b4
2022-12-02 11:14:27,053 [EndpointStateMachine task thread for /0.0.0.0:45103 - 0 ] INFO  server.RaftServer (RaftServerProxy.java:startImpl(393)) - 7d2395d2-eabc-4616-a887-e94e2c3276b4: start RPC server
2022-12-02 11:14:27,055 [EndpointStateMachine task thread for /0.0.0.0:45103 - 0 ] INFO  server.GrpcService (GrpcService.java:startImpl(270)) - 7d2395d2-eabc-4616-a887-e94e2c3276b4: GrpcService started, listening on 39491
2022-12-02 11:14:27,058 [EndpointStateMachine task thread for /0.0.0.0:45103 - 0 ] INFO  ratis.XceiverServerRatis (XceiverServerRatis.java:getRealPort(502)) - XceiverServerRatis 7d2395d2-eabc-4616-a887-e94e2c3276b4 is started using port 39491 for RATIS
2022-12-02 11:14:27,058 [JvmPauseMonitor16] INFO  util.JvmPauseMonitor (JvmPauseMonitor.java:run(105)) - JvmPauseMonitor-7d2395d2-eabc-4616-a887-e94e2c3276b4: Started
2022-12-02 11:14:27,058 [EndpointStateMachine task thread for /0.0.0.0:45103 - 0 ] INFO  ratis.XceiverServerRatis (XceiverServerRatis.java:getRealPort(502)) - XceiverServerRatis 7d2395d2-eabc-4616-a887-e94e2c3276b4 is started using port 39491 for RATIS_ADMIN
2022-12-02 11:14:27,058 [EndpointStateMachine task thread for /0.0.0.0:45103 - 0 ] INFO  ratis.XceiverServerRatis (XceiverServerRatis.java:getRealPort(502)) - XceiverServerRatis 7d2395d2-eabc-4616-a887-e94e2c3276b4 is started using port 39491 for RATIS_SERVER
2022-12-02 11:14:27,074 [EndpointStateMachine task thread for /0.0.0.0:45103 - 0 ] INFO  server.XceiverServerGrpc (XceiverServerGrpc.java:start(180)) - XceiverServerGrpc 7d2395d2-eabc-4616-a887-e94e2c3276b4 is started using port 46563
2022-12-02 11:14:27,340 [IPC Server handler 2 on default port 45103] INFO  net.NetworkTopologyImpl (NetworkTopologyImpl.java:add(112)) - Added a new node: /default-rack/90a4d295-1ed6-49a8-a392-d1efb526c081
2022-12-02 11:14:27,340 [IPC Server handler 2 on default port 45103] INFO  node.SCMNodeManager (SCMNodeManager.java:register(397)) - Registered Data node : 90a4d295-1ed6-49a8-a392-d1efb526c081{ip: 10.1.0.7, host: fv-az205-634.k2gd1z4tyxsu3cbgyjsjq30zwf.jx.internal.cloudapp.net, ports: [REPLICATION=45695, RATIS=38181, RATIS_ADMIN=38181, RATIS_SERVER=38181, STANDALONE=43089], networkLocation: /default-rack, certSerialId: null, persistedOpState: null, persistedOpStateExpiryEpochSec: 0}
2022-12-02 11:14:27,343 [EventQueue-NodeRegistrationContainerReportForContainerSafeModeRule] INFO  safemode.SCMSafeModeManager (SCMSafeModeManager.java:validateSafeModeExitRules(200)) - ContainerSafeModeRule rule is successfully validated
2022-12-02 11:14:27,343 [EventQueue-NodeRegistrationContainerReportForDataNodeSafeModeRule] INFO  safemode.SCMSafeModeManager (DataNodeSafeModeRule.java:process(71)) - SCM in safe mode. 1 DataNodes registered, 3 required.
2022-12-02 11:14:27,346 [EventQueue-NewNodeForNewNodeHandler] INFO  pipeline.BackgroundPipelineCreator (BackgroundPipelineCreator.java:notifyEventTriggered(276)) - trigger a one-shot run on RatisPipelineUtilsThread.
2022-12-02 11:14:27,347 [EventQueue-PipelineReportForOneReplicaPipelineSafeModeRule] INFO  safemode.SCMSafeModeManager (SCMSafeModeManager.java:validateSafeModeExitRules(200)) - AtleastOneDatanodeReportedRule rule is successfully validated
2022-12-02 11:14:27,447 [Listener at 127.0.0.1/35473] INFO  ozone.MiniOzoneClusterImpl (MiniOzoneClusterImpl.java:lambda$waitForClusterToBeReady$0(216)) - Waiting for nodes to be ready. Got 1 of 6 DN Heartbeats.
2022-12-02 11:14:27,447 [Listener at 127.0.0.1/35473] INFO  ozone.MiniOzoneClusterImpl (MiniOzoneClusterImpl.java:lambda$waitForClusterToBeReady$0(219)) - Waiting for cluster to exit safe mode
2022-12-02 11:14:27,448 [Listener at 127.0.0.1/35473] INFO  ozone.MiniOzoneClusterImpl (MiniOzoneClusterImpl.java:lambda$waitForClusterToBeReady$0(221)) - SCM became leader
2022-12-02 11:14:27,526 [EndpointStateMachine task thread for /0.0.0.0:45103 - 0 ] INFO  utils.DatanodeStoreCache (DatanodeStoreCache.java:addDB(58)) - Added db /home/runner/work/ozone/ozone/hadoop-ozone/integration-test/target/test-dir/MiniOzoneClusterImpl-f8f2b39f-22db-49ae-ab20-f7a2434191fa/datanode-5/data-0/containers/hdds/f8f2b39f-22db-49ae-ab20-f7a2434191fa/DS-1784bb1c-6e3c-474c-ae9b-af629b6707b7/container.db to cache
2022-12-02 11:14:27,526 [EndpointStateMachine task thread for /0.0.0.0:45103 - 0 ] INFO  volume.HddsVolume (HddsVolume.java:createDbStore(307)) - SchemaV3 db is created and loaded at /home/runner/work/ozone/ozone/hadoop-ozone/integration-test/target/test-dir/MiniOzoneClusterImpl-f8f2b39f-22db-49ae-ab20-f7a2434191fa/datanode-5/data-0/containers/hdds/f8f2b39f-22db-49ae-ab20-f7a2434191fa/DS-1784bb1c-6e3c-474c-ae9b-af629b6707b7/container.db for volume DS-1784bb1c-6e3c-474c-ae9b-af629b6707b7
2022-12-02 11:14:27,526 [EndpointStateMachine task thread for /0.0.0.0:45103 - 0 ] INFO  ozoneimpl.OzoneContainer (OzoneContainer.java:start(395)) - Attempting to start container services.
2022-12-02 11:14:27,526 [EndpointStateMachine task thread for /0.0.0.0:45103 - 0 ] INFO  ozoneimpl.OzoneContainer (OzoneContainer.java:startContainerScrub(312)) - Scheduled background container scanners and the on-demand container scanner have been disabled.
2022-12-02 11:14:27,531 [EndpointStateMachine task thread for /0.0.0.0:45103 - 0 ] INFO  replication.ReplicationServer (ReplicationServer.java:start(111)) - ReplicationServer is started using port 34821
2022-12-02 11:14:27,532 [EndpointStateMachine task thread for /0.0.0.0:45103 - 0 ] INFO  ratis.XceiverServerRatis (XceiverServerRatis.java:start(481)) - Starting XceiverServerRatis 4a0ae1c5-f8a8-4716-8c13-266b2f364a7b
2022-12-02 11:14:27,532 [EndpointStateMachine task thread for /0.0.0.0:45103 - 0 ] INFO  server.RaftServer (RaftServerProxy.java:startImpl(393)) - 4a0ae1c5-f8a8-4716-8c13-266b2f364a7b: start RPC server
2022-12-02 11:14:27,535 [EndpointStateMachine task thread for /0.0.0.0:45103 - 0 ] INFO  server.GrpcService (GrpcService.java:startImpl(270)) - 4a0ae1c5-f8a8-4716-8c13-266b2f364a7b: GrpcService started, listening on 36099
2022-12-02 11:14:27,535 [EndpointStateMachine task thread for /0.0.0.0:45103 - 0 ] INFO  ratis.XceiverServerRatis (XceiverServerRatis.java:getRealPort(502)) - XceiverServerRatis 4a0ae1c5-f8a8-4716-8c13-266b2f364a7b is started using port 36099 for RATIS
2022-12-02 11:14:27,535 [EndpointStateMachine task thread for /0.0.0.0:45103 - 0 ] INFO  ratis.XceiverServerRatis (XceiverServerRatis.java:getRealPort(502)) - XceiverServerRatis 4a0ae1c5-f8a8-4716-8c13-266b2f364a7b is started using port 36099 for RATIS_ADMIN
2022-12-02 11:14:27,535 [EndpointStateMachine task thread for /0.0.0.0:45103 - 0 ] INFO  ratis.XceiverServerRatis (XceiverServerRatis.java:getRealPort(502)) - XceiverServerRatis 4a0ae1c5-f8a8-4716-8c13-266b2f364a7b is started using port 36099 for RATIS_SERVER
2022-12-02 11:14:27,535 [JvmPauseMonitor17] INFO  util.JvmPauseMonitor (JvmPauseMonitor.java:run(105)) - JvmPauseMonitor-4a0ae1c5-f8a8-4716-8c13-266b2f364a7b: Started
2022-12-02 11:14:27,543 [EndpointStateMachine task thread for /0.0.0.0:45103 - 0 ] INFO  server.XceiverServerGrpc (XceiverServerGrpc.java:start(180)) - XceiverServerGrpc 4a0ae1c5-f8a8-4716-8c13-266b2f364a7b is started using port 43587
2022-12-02 11:14:27,778 [IPC Server handler 1 on default port 45103] INFO  net.NetworkTopologyImpl (NetworkTopologyImpl.java:add(112)) - Added a new node: /default-rack/aecdc221-737e-4b39-8f20-7a048fa0296a
2022-12-02 11:14:27,778 [IPC Server handler 1 on default port 45103] INFO  node.SCMNodeManager (SCMNodeManager.java:register(397)) - Registered Data node : aecdc221-737e-4b39-8f20-7a048fa0296a{ip: 10.1.0.7, host: fv-az205-634.k2gd1z4tyxsu3cbgyjsjq30zwf.jx.internal.cloudapp.net, ports: [REPLICATION=40857, RATIS=34239, RATIS_ADMIN=34239, RATIS_SERVER=34239, STANDALONE=33621], networkLocation: /default-rack, certSerialId: null, persistedOpState: null, persistedOpStateExpiryEpochSec: 0}
2022-12-02 11:14:27,779 [EventQueue-NewNodeForNewNodeHandler] INFO  pipeline.BackgroundPipelineCreator (BackgroundPipelineCreator.java:notifyEventTriggered(276)) - trigger a one-shot run on RatisPipelineUtilsThread.
2022-12-02 11:14:27,780 [EventQueue-NodeRegistrationContainerReportForDataNodeSafeModeRule] INFO  safemode.SCMSafeModeManager (DataNodeSafeModeRule.java:process(71)) - SCM in safe mode. 2 DataNodes registered, 3 required.
2022-12-02 11:14:28,217 [IPC Server handler 2 on default port 45103] INFO  net.NetworkTopologyImpl (NetworkTopologyImpl.java:add(112)) - Added a new node: /default-rack/1fd27439-e6b5-4682-b1aa-75bd99d23433
2022-12-02 11:14:28,218 [IPC Server handler 2 on default port 45103] INFO  node.SCMNodeManager (SCMNodeManager.java:register(397)) - Registered Data node : 1fd27439-e6b5-4682-b1aa-75bd99d23433{ip: 10.1.0.7, host: fv-az205-634.k2gd1z4tyxsu3cbgyjsjq30zwf.jx.internal.cloudapp.net, ports: [REPLICATION=44335, RATIS=38521, RATIS_ADMIN=38521, RATIS_SERVER=38521, STANDALONE=32797], networkLocation: /default-rack, certSerialId: null, persistedOpState: null, persistedOpStateExpiryEpochSec: 0}
2022-12-02 11:14:28,218 [EventQueue-NewNodeForNewNodeHandler] INFO  pipeline.BackgroundPipelineCreator (BackgroundPipelineCreator.java:notifyEventTriggered(276)) - trigger a one-shot run on RatisPipelineUtilsThread.
2022-12-02 11:14:28,218 [EventQueue-NodeRegistrationContainerReportForDataNodeSafeModeRule] INFO  safemode.SCMSafeModeManager (DataNodeSafeModeRule.java:process(71)) - SCM in safe mode. 3 DataNodes registered, 3 required.
2022-12-02 11:14:28,218 [EventQueue-NodeRegistrationContainerReportForDataNodeSafeModeRule] INFO  safemode.SCMSafeModeManager (SCMSafeModeManager.java:validateSafeModeExitRules(200)) - DataNodeSafeModeRule rule is successfully validated
2022-12-02 11:14:28,218 [EventQueue-NodeRegistrationContainerReportForDataNodeSafeModeRule] INFO  safemode.SCMSafeModeManager (SCMSafeModeManager.java:completePreCheck(229)) - All SCM safe mode pre check rules have passed
2022-12-02 11:14:28,218 [EventQueue-NodeRegistrationContainerReportForDataNodeSafeModeRule] INFO  ha.SCMContext (SCMContext.java:updateSafeModeStatus(228)) - Update SafeModeStatus from SafeModeStatus{safeModeStatus=true, preCheckPassed=false} to SafeModeStatus{safeModeStatus=true, preCheckPassed=true}.
2022-12-02 11:14:28,218 [EventQueue-NodeRegistrationContainerReportForDataNodeSafeModeRule] INFO  pipeline.BackgroundPipelineCreator (BackgroundPipelineCreator.java:notifyEventTriggered(276)) - trigger a one-shot run on RatisPipelineUtilsThread.
2022-12-02 11:14:28,219 [RatisPipelineUtilsThread - 0] INFO  pipeline.RatisPipelineProvider (RatisPipelineProvider.java:lambda$create$0(195)) - Sending CreatePipelineCommand for pipeline:PipelineID=10666638-793a-4ff8-9cae-f147d2c2b854 to datanode:aecdc221-737e-4b39-8f20-7a048fa0296a
2022-12-02 11:14:28,220 [RatisPipelineUtilsThread - 0] INFO  pipeline.RatisPipelineProvider (RatisPipelineProvider.java:lambda$create$0(195)) - Sending CreatePipelineCommand for pipeline:PipelineID=10666638-793a-4ff8-9cae-f147d2c2b854 to datanode:1fd27439-e6b5-4682-b1aa-75bd99d23433
2022-12-02 11:14:28,220 [RatisPipelineUtilsThread - 0] INFO  pipeline.RatisPipelineProvider (RatisPipelineProvider.java:lambda$create$0(195)) - Sending CreatePipelineCommand for pipeline:PipelineID=10666638-793a-4ff8-9cae-f147d2c2b854 to datanode:90a4d295-1ed6-49a8-a392-d1efb526c081
2022-12-02 11:14:28,221 [RatisPipelineUtilsThread - 0] INFO  pipeline.PipelineStateManagerImpl (PipelineStateManagerImpl.java:addPipeline(103)) - Created pipeline Pipeline[ Id: 10666638-793a-4ff8-9cae-f147d2c2b854, Nodes: aecdc221-737e-4b39-8f20-7a048fa0296a{ip: 10.1.0.7, host: fv-az205-634.k2gd1z4tyxsu3cbgyjsjq30zwf.jx.internal.cloudapp.net, ports: [REPLICATION=40857, RATIS=34239, RATIS_ADMIN=34239, RATIS_SERVER=34239, STANDALONE=33621], networkLocation: /default-rack, certSerialId: null, persistedOpState: IN_SERVICE, persistedOpStateExpiryEpochSec: 0}1fd27439-e6b5-4682-b1aa-75bd99d23433{ip: 10.1.0.7, host: fv-az205-634.k2gd1z4tyxsu3cbgyjsjq30zwf.jx.internal.cloudapp.net, ports: [REPLICATION=44335, RATIS=38521, RATIS_ADMIN=38521, RATIS_SERVER=38521, STANDALONE=32797], networkLocation: /default-rack, certSerialId: null, persistedOpState: IN_SERVICE, persistedOpStateExpiryEpochSec: 0}90a4d295-1ed6-49a8-a392-d1efb526c081{ip: 10.1.0.7, host: fv-az205-634.k2gd1z4tyxsu3cbgyjsjq30zwf.jx.internal.cloudapp.net, ports: [REPLICATION=45695, RATIS=38181, RATIS_ADMIN=38181, RATIS_SERVER=38181, STANDALONE=43089], networkLocation: /default-rack, certSerialId: null, persistedOpState: IN_SERVICE, persistedOpStateExpiryEpochSec: 0}, ReplicationConfig: RATIS/THREE, State:ALLOCATED, leaderId:, CreationTimestamp2022-12-02T11:14:28.219Z[Etc/UTC]].
2022-12-02 11:14:28,221 [RatisPipelineUtilsThread - 0] INFO  pipeline.RatisPipelineProvider (RatisPipelineProvider.java:lambda$create$0(195)) - Sending CreatePipelineCommand for pipeline:PipelineID=356d780b-8409-4adf-9343-aa62c5ef4467 to datanode:aecdc221-737e-4b39-8f20-7a048fa0296a
2022-12-02 11:14:28,222 [RatisPipelineUtilsThread - 0] INFO  pipeline.RatisPipelineProvider (RatisPipelineProvider.java:lambda$create$0(195)) - Sending CreatePipelineCommand for pipeline:PipelineID=356d780b-8409-4adf-9343-aa62c5ef4467 to datanode:90a4d295-1ed6-49a8-a392-d1efb526c081
2022-12-02 11:14:28,222 [RatisPipelineUtilsThread - 0] INFO  pipeline.RatisPipelineProvider (RatisPipelineProvider.java:lambda$create$0(195)) - Sending CreatePipelineCommand for pipeline:PipelineID=356d780b-8409-4adf-9343-aa62c5ef4467 to datanode:1fd27439-e6b5-4682-b1aa-75bd99d23433
2022-12-02 11:14:28,224 [RatisPipelineUtilsThread - 0] INFO  pipeline.PipelineStateManagerImpl (PipelineStateManagerImpl.java:addPipeline(103)) - Created pipeline Pipeline[ Id: 356d780b-8409-4adf-9343-aa62c5ef4467, Nodes: aecdc221-737e-4b39-8f20-7a048fa0296a{ip: 10.1.0.7, host: fv-az205-634.k2gd1z4tyxsu3cbgyjsjq30zwf.jx.internal.cloudapp.net, ports: [REPLICATION=40857, RATIS=34239, RATIS_ADMIN=34239, RATIS_SERVER=34239, STANDALONE=33621], networkLocation: /default-rack, certSerialId: null, persistedOpState: IN_SERVICE, persistedOpStateExpiryEpochSec: 0}90a4d295-1ed6-49a8-a392-d1efb526c081{ip: 10.1.0.7, host: fv-az205-634.k2gd1z4tyxsu3cbgyjsjq30zwf.jx.internal.cloudapp.net, ports: [REPLICATION=45695, RATIS=38181, RATIS_ADMIN=38181, RATIS_SERVER=38181, STANDALONE=43089], networkLocation: /default-rack, certSerialId: null, persistedOpState: IN_SERVICE, persistedOpStateExpiryEpochSec: 0}1fd27439-e6b5-4682-b1aa-75bd99d23433{ip: 10.1.0.7, host: fv-az205-634.k2gd1z4tyxsu3cbgyjsjq30zwf.jx.internal.cloudapp.net, ports: [REPLICATION=44335, RATIS=38521, RATIS_ADMIN=38521, RATIS_SERVER=38521, STANDALONE=32797], networkLocation: /default-rack, certSerialId: null, persistedOpState: IN_SERVICE, persistedOpStateExpiryEpochSec: 0}, ReplicationConfig: RATIS/THREE, State:ALLOCATED, leaderId:, CreationTimestamp2022-12-02T11:14:28.221Z[Etc/UTC]].
2022-12-02 11:14:28,225 [RatisPipelineUtilsThread - 0] INFO  pipeline.PipelineManagerImpl (PipelineManagerImpl.java:recordMetricsForPipeline(826)) - Pipeline: PipelineID=356d780b-8409-4adf-9343-aa62c5ef4467 contains same datanodes as previous pipelines: PipelineID=10666638-793a-4ff8-9cae-f147d2c2b854 nodeIds: aecdc221-737e-4b39-8f20-7a048fa0296a, 90a4d295-1ed6-49a8-a392-d1efb526c081, 1fd27439-e6b5-4682-b1aa-75bd99d23433
2022-12-02 11:14:28,448 [Listener at 127.0.0.1/35473] INFO  ozone.MiniOzoneClusterImpl (MiniOzoneClusterImpl.java:lambda$waitForClusterToBeReady$0(216)) - Waiting for nodes to be ready. Got 3 of 6 DN Heartbeats.
2022-12-02 11:14:28,448 [Listener at 127.0.0.1/35473] INFO  ozone.MiniOzoneClusterImpl (MiniOzoneClusterImpl.java:lambda$waitForClusterToBeReady$0(219)) - Waiting for cluster to exit safe mode
2022-12-02 11:14:28,448 [Listener at 127.0.0.1/35473] INFO  ozone.MiniOzoneClusterImpl (MiniOzoneClusterImpl.java:lambda$waitForClusterToBeReady$0(221)) - SCM became leader
2022-12-02 11:14:28,595 [IPC Server handler 4 on default port 45103] INFO  net.NetworkTopologyImpl (NetworkTopologyImpl.java:add(112)) - Added a new node: /default-rack/c26475c3-4ee1-492c-b3e0-9196e8cc0198
2022-12-02 11:14:28,595 [IPC Server handler 4 on default port 45103] INFO  node.SCMNodeManager (SCMNodeManager.java:register(397)) - Registered Data node : c26475c3-4ee1-492c-b3e0-9196e8cc0198{ip: 10.1.0.7, host: fv-az205-634.k2gd1z4tyxsu3cbgyjsjq30zwf.jx.internal.cloudapp.net, ports: [REPLICATION=34479, RATIS=38613, RATIS_ADMIN=38613, RATIS_SERVER=38613, STANDALONE=38627], networkLocation: /default-rack, certSerialId: null, persistedOpState: null, persistedOpStateExpiryEpochSec: 0}
2022-12-02 11:14:28,596 [EventQueue-NewNodeForNewNodeHandler] INFO  pipeline.BackgroundPipelineCreator (BackgroundPipelineCreator.java:notifyEventTriggered(276)) - trigger a one-shot run on RatisPipelineUtilsThread.
2022-12-02 11:14:29,003 [IPC Server handler 2 on default port 45103] INFO  net.NetworkTopologyImpl (NetworkTopologyImpl.java:add(112)) - Added a new node: /default-rack/7d2395d2-eabc-4616-a887-e94e2c3276b4
2022-12-02 11:14:29,003 [IPC Server handler 2 on default port 45103] INFO  node.SCMNodeManager (SCMNodeManager.java:register(397)) - Registered Data node : 7d2395d2-eabc-4616-a887-e94e2c3276b4{ip: 10.1.0.7, host: fv-az205-634.k2gd1z4tyxsu3cbgyjsjq30zwf.jx.internal.cloudapp.net, ports: [REPLICATION=39045, RATIS=39491, RATIS_ADMIN=39491, RATIS_SERVER=39491, STANDALONE=46563], networkLocation: /default-rack, certSerialId: null, persistedOpState: null, persistedOpStateExpiryEpochSec: 0}
2022-12-02 11:14:29,004 [EventQueue-NewNodeForNewNodeHandler] INFO  pipeline.BackgroundPipelineCreator (BackgroundPipelineCreator.java:notifyEventTriggered(276)) - trigger a one-shot run on RatisPipelineUtilsThread.
2022-12-02 11:14:29,339 [EventQueue-CommandQueueReportForCommandQueueReportHandler] WARN  events.EventQueue (EventQueue.java:fireEvent(216)) - No event handler registered for event TypedEvent{payloadType=DatanodeDetails, name='Datanode_Command_Queue_Updated'}
2022-12-02 11:14:29,449 [Listener at 127.0.0.1/35473] INFO  ozone.MiniOzoneClusterImpl (MiniOzoneClusterImpl.java:lambda$waitForClusterToBeReady$0(216)) - Waiting for nodes to be ready. Got 5 of 6 DN Heartbeats.
2022-12-02 11:14:29,449 [Listener at 127.0.0.1/35473] INFO  ozone.MiniOzoneClusterImpl (MiniOzoneClusterImpl.java:lambda$waitForClusterToBeReady$0(219)) - Waiting for cluster to exit safe mode
2022-12-02 11:14:29,449 [Listener at 127.0.0.1/35473] INFO  ozone.MiniOzoneClusterImpl (MiniOzoneClusterImpl.java:lambda$waitForClusterToBeReady$0(221)) - SCM became leader
2022-12-02 11:14:29,480 [IPC Server handler 4 on default port 45103] INFO  net.NetworkTopologyImpl (NetworkTopologyImpl.java:add(112)) - Added a new node: /default-rack/4a0ae1c5-f8a8-4716-8c13-266b2f364a7b
2022-12-02 11:14:29,480 [IPC Server handler 4 on default port 45103] INFO  node.SCMNodeManager (SCMNodeManager.java:register(397)) - Registered Data node : 4a0ae1c5-f8a8-4716-8c13-266b2f364a7b{ip: 10.1.0.7, host: fv-az205-634.k2gd1z4tyxsu3cbgyjsjq30zwf.jx.internal.cloudapp.net, ports: [REPLICATION=34821, RATIS=36099, RATIS_ADMIN=36099, RATIS_SERVER=36099, STANDALONE=43587], networkLocation: /default-rack, certSerialId: null, persistedOpState: null, persistedOpStateExpiryEpochSec: 0}
2022-12-02 11:14:29,481 [EventQueue-NewNodeForNewNodeHandler] INFO  pipeline.BackgroundPipelineCreator (BackgroundPipelineCreator.java:notifyEventTriggered(276)) - trigger a one-shot run on RatisPipelineUtilsThread.
2022-12-02 11:14:29,481 [RatisPipelineUtilsThread - 0] INFO  pipeline.RatisPipelineProvider (RatisPipelineProvider.java:lambda$create$0(195)) - Sending CreatePipelineCommand for pipeline:PipelineID=1bdcf13f-aa6d-4dc9-affe-c702bf765ed7 to datanode:7d2395d2-eabc-4616-a887-e94e2c3276b4
2022-12-02 11:14:29,482 [RatisPipelineUtilsThread - 0] INFO  pipeline.RatisPipelineProvider (RatisPipelineProvider.java:lambda$create$0(195)) - Sending CreatePipelineCommand for pipeline:PipelineID=1bdcf13f-aa6d-4dc9-affe-c702bf765ed7 to datanode:c26475c3-4ee1-492c-b3e0-9196e8cc0198
2022-12-02 11:14:29,482 [RatisPipelineUtilsThread - 0] INFO  pipeline.RatisPipelineProvider (RatisPipelineProvider.java:lambda$create$0(195)) - Sending CreatePipelineCommand for pipeline:PipelineID=1bdcf13f-aa6d-4dc9-affe-c702bf765ed7 to datanode:4a0ae1c5-f8a8-4716-8c13-266b2f364a7b
2022-12-02 11:14:29,482 [RatisPipelineUtilsThread - 0] INFO  pipeline.PipelineStateManagerImpl (PipelineStateManagerImpl.java:addPipeline(103)) - Created pipeline Pipeline[ Id: 1bdcf13f-aa6d-4dc9-affe-c702bf765ed7, Nodes: 7d2395d2-eabc-4616-a887-e94e2c3276b4{ip: 10.1.0.7, host: fv-az205-634.k2gd1z4tyxsu3cbgyjsjq30zwf.jx.internal.cloudapp.net, ports: [REPLICATION=39045, RATIS=39491, RATIS_ADMIN=39491, RATIS_SERVER=39491, STANDALONE=46563], networkLocation: /default-rack, certSerialId: null, persistedOpState: IN_SERVICE, persistedOpStateExpiryEpochSec: 0}c26475c3-4ee1-492c-b3e0-9196e8cc0198{ip: 10.1.0.7, host: fv-az205-634.k2gd1z4tyxsu3cbgyjsjq30zwf.jx.internal.cloudapp.net, ports: [REPLICATION=34479, RATIS=38613, RATIS_ADMIN=38613, RATIS_SERVER=38613, STANDALONE=38627], networkLocation: /default-rack, certSerialId: null, persistedOpState: IN_SERVICE, persistedOpStateExpiryEpochSec: 0}4a0ae1c5-f8a8-4716-8c13-266b2f364a7b{ip: 10.1.0.7, host: fv-az205-634.k2gd1z4tyxsu3cbgyjsjq30zwf.jx.internal.cloudapp.net, ports: [REPLICATION=34821, RATIS=36099, RATIS_ADMIN=36099, RATIS_SERVER=36099, STANDALONE=43587], networkLocation: /default-rack, certSerialId: null, persistedOpState: IN_SERVICE, persistedOpStateExpiryEpochSec: 0}, ReplicationConfig: RATIS/THREE, State:ALLOCATED, leaderId:, CreationTimestamp2022-12-02T11:14:29.481Z[Etc/UTC]].
2022-12-02 11:14:29,483 [RatisPipelineUtilsThread - 0] INFO  pipeline.RatisPipelineProvider (RatisPipelineProvider.java:lambda$create$0(195)) - Sending CreatePipelineCommand for pipeline:PipelineID=d6fac89e-c5b0-4836-a031-5537a04feea9 to datanode:4a0ae1c5-f8a8-4716-8c13-266b2f364a7b
2022-12-02 11:14:29,486 [RatisPipelineUtilsThread - 0] INFO  pipeline.RatisPipelineProvider (RatisPipelineProvider.java:lambda$create$0(195)) - Sending CreatePipelineCommand for pipeline:PipelineID=d6fac89e-c5b0-4836-a031-5537a04feea9 to datanode:c26475c3-4ee1-492c-b3e0-9196e8cc0198
2022-12-02 11:14:29,486 [RatisPipelineUtilsThread - 0] INFO  pipeline.RatisPipelineProvider (RatisPipelineProvider.java:lambda$create$0(195)) - Sending CreatePipelineCommand for pipeline:PipelineID=d6fac89e-c5b0-4836-a031-5537a04feea9 to datanode:7d2395d2-eabc-4616-a887-e94e2c3276b4
2022-12-02 11:14:29,487 [RatisPipelineUtilsThread - 0] INFO  pipeline.PipelineStateManagerImpl (PipelineStateManagerImpl.java:addPipeline(103)) - Created pipeline Pipeline[ Id: d6fac89e-c5b0-4836-a031-5537a04feea9, Nodes: 4a0ae1c5-f8a8-4716-8c13-266b2f364a7b{ip: 10.1.0.7, host: fv-az205-634.k2gd1z4tyxsu3cbgyjsjq30zwf.jx.internal.cloudapp.net, ports: [REPLICATION=34821, RATIS=36099, RATIS_ADMIN=36099, RATIS_SERVER=36099, STANDALONE=43587], networkLocation: /default-rack, certSerialId: null, persistedOpState: IN_SERVICE, persistedOpStateExpiryEpochSec: 0}c26475c3-4ee1-492c-b3e0-9196e8cc0198{ip: 10.1.0.7, host: fv-az205-634.k2gd1z4tyxsu3cbgyjsjq30zwf.jx.internal.cloudapp.net, ports: [REPLICATION=34479, RATIS=38613, RATIS_ADMIN=38613, RATIS_SERVER=38613, STANDALONE=38627], networkLocation: /default-rack, certSerialId: null, persistedOpState: IN_SERVICE, persistedOpStateExpiryEpochSec: 0}7d2395d2-eabc-4616-a887-e94e2c3276b4{ip: 10.1.0.7, host: fv-az205-634.k2gd1z4tyxsu3cbgyjsjq30zwf.jx.internal.cloudapp.net, ports: [REPLICATION=39045, RATIS=39491, RATIS_ADMIN=39491, RATIS_SERVER=39491, STANDALONE=46563], networkLocation: /default-rack, certSerialId: null, persistedOpState: IN_SERVICE, persistedOpStateExpiryEpochSec: 0}, ReplicationConfig: RATIS/THREE, State:ALLOCATED, leaderId:, CreationTimestamp2022-12-02T11:14:29.483Z[Etc/UTC]].
2022-12-02 11:14:29,487 [RatisPipelineUtilsThread - 0] INFO  pipeline.PipelineManagerImpl (PipelineManagerImpl.java:recordMetricsForPipeline(826)) - Pipeline: PipelineID=d6fac89e-c5b0-4836-a031-5537a04feea9 contains same datanodes as previous pipelines: PipelineID=1bdcf13f-aa6d-4dc9-affe-c702bf765ed7 nodeIds: 4a0ae1c5-f8a8-4716-8c13-266b2f364a7b, c26475c3-4ee1-492c-b3e0-9196e8cc0198, 7d2395d2-eabc-4616-a887-e94e2c3276b4
2022-12-02 11:14:29,777 [EventQueue-CommandQueueReportForCommandQueueReportHandler] WARN  events.EventQueue (EventQueue.java:fireEvent(216)) - No event handler registered for event TypedEvent{payloadType=DatanodeDetails, name='Datanode_Command_Queue_Updated'}
2022-12-02 11:14:30,217 [EventQueue-CommandQueueReportForCommandQueueReportHandler] WARN  events.EventQueue (EventQueue.java:fireEvent(216)) - No event handler registered for event TypedEvent{payloadType=DatanodeDetails, name='Datanode_Command_Queue_Updated'}
2022-12-02 11:14:30,339 [Command processor thread] INFO  server.RaftServer (RaftServerProxy.java:addNew(96)) - 90a4d295-1ed6-49a8-a392-d1efb526c081: addNew group-F147D2C2B854:[90a4d295-1ed6-49a8-a392-d1efb526c081|rpc:10.1.0.7:38181|priority:0|startupRole:FOLLOWER, aecdc221-737e-4b39-8f20-7a048fa0296a|rpc:10.1.0.7:34239|priority:1|startupRole:FOLLOWER, 1fd27439-e6b5-4682-b1aa-75bd99d23433|rpc:10.1.0.7:38521|priority:0|startupRole:FOLLOWER] returns group-F147D2C2B854:java.util.concurrent.CompletableFuture@3f39da28[Not completed]
2022-12-02 11:14:30,341 [pool-541-thread-1] INFO  server.RaftServer$Division (RaftServerImpl.java:<init>(195)) - 90a4d295-1ed6-49a8-a392-d1efb526c081: new RaftServerImpl for group-F147D2C2B854:[90a4d295-1ed6-49a8-a392-d1efb526c081|rpc:10.1.0.7:38181|priority:0|startupRole:FOLLOWER, aecdc221-737e-4b39-8f20-7a048fa0296a|rpc:10.1.0.7:34239|priority:1|startupRole:FOLLOWER, 1fd27439-e6b5-4682-b1aa-75bd99d23433|rpc:10.1.0.7:38521|priority:0|startupRole:FOLLOWER] with ContainerStateMachine:uninitialized
2022-12-02 11:14:30,341 [pool-541-thread-1] INFO  server.RaftServerConfigKeys (ConfUtils.java:logGet(46)) - raft.server.rpc.timeout.min = 5s (custom)
2022-12-02 11:14:30,341 [pool-541-thread-1] INFO  server.RaftServerConfigKeys (ConfUtils.java:logGet(46)) - raft.server.rpc.timeout.max = 5200ms (custom)
2022-12-02 11:14:30,341 [pool-541-thread-1] INFO  server.RaftServerConfigKeys (ConfUtils.java:logGet(46)) - raft.server.rpc.sleep.time = 25ms (default)
2022-12-02 11:14:30,341 [pool-541-thread-1] INFO  server.RaftServerConfigKeys (ConfUtils.java:logGet(46)) - raft.server.rpc.slowness.timeout = 300s (custom)
2022-12-02 11:14:30,341 [pool-541-thread-1] INFO  server.RaftServerConfigKeys (ConfUtils.java:logGet(46)) - raft.server.leaderelection.leader.step-down.wait-time = 10s (default)
2022-12-02 11:14:30,341 [pool-541-thread-1] INFO  server.RaftServerConfigKeys (ConfUtils.java:logGet(46)) - raft.server.sleep.deviation.threshold = 300ms (default)
2022-12-02 11:14:30,341 [pool-541-thread-1] INFO  server.RaftServer$Division (ServerState.java:<init>(118)) - 90a4d295-1ed6-49a8-a392-d1efb526c081@group-F147D2C2B854: ConfigurationManager, init=-1: peers:[90a4d295-1ed6-49a8-a392-d1efb526c081|rpc:10.1.0.7:38181|priority:0|startupRole:FOLLOWER, aecdc221-737e-4b39-8f20-7a048fa0296a|rpc:10.1.0.7:34239|priority:1|startupRole:FOLLOWER, 1fd27439-e6b5-4682-b1aa-75bd99d23433|rpc:10.1.0.7:38521|priority:0|startupRole:FOLLOWER]|listeners:[], old=null, confs=<EMPTY_MAP>
2022-12-02 11:14:30,341 [pool-541-thread-1] INFO  server.RaftServerConfigKeys (ConfUtils.java:logGet(46)) - raft.server.storage.dir = [/home/runner/work/ozone/ozone/hadoop-ozone/integration-test/target/test-dir/MiniOzoneClusterImpl-f8f2b39f-22db-49ae-ab20-f7a2434191fa/datanode-0/data/ratis] (custom)
2022-12-02 11:14:30,342 [pool-541-thread-1] INFO  server.RaftServerConfigKeys (ConfUtils.java:logGet(46)) - raft.server.log.corruption.policy = EXCEPTION (default)
2022-12-02 11:14:30,342 [pool-541-thread-1] INFO  server.RaftServerConfigKeys (ConfUtils.java:logGet(46)) - raft.server.storage.free-space.min = 0MB (=0) (default)
2022-12-02 11:14:30,342 [pool-541-thread-1] INFO  server.RaftServerConfigKeys (ConfUtils.java:logGet(46)) - raft.server.notification.no-leader.timeout = 300s (custom)
2022-12-02 11:14:30,342 [pool-541-thread-1] INFO  server.RaftServerConfigKeys (ConfUtils.java:logGet(46)) - raft.server.retrycache.expirytime = 600000ms (custom)
2022-12-02 11:14:30,342 [pool-541-thread-1] INFO  server.RaftServerConfigKeys (ConfUtils.java:logGet(46)) - raft.server.retrycache.statistics.expirytime = 100μs (default)
2022-12-02 11:14:30,343 [pool-541-thread-1] INFO  server.RaftServerConfigKeys (ConfUtils.java:logGet(46)) - raft.server.log.appender.install.snapshot.enabled = false (custom)
2022-12-02 11:14:30,343 [pool-541-thread-1] INFO  server.RaftServerConfigKeys (ConfUtils.java:logGet(46)) - raft.server.threadpool.server.cached = true (default)
2022-12-02 11:14:30,343 [pool-541-thread-1] INFO  server.RaftServerConfigKeys (ConfUtils.java:logGet(46)) - raft.server.threadpool.server.size = 0 (default)
2022-12-02 11:14:30,343 [pool-541-thread-1] INFO  server.RaftServerConfigKeys (ConfUtils.java:logGet(46)) - raft.server.threadpool.client.cached = true (default)
2022-12-02 11:14:30,343 [pool-541-thread-1] INFO  server.RaftServerConfigKeys (ConfUtils.java:logGet(46)) - raft.server.threadpool.client.size = 0 (default)
2022-12-02 11:14:30,344 [pool-541-thread-1] INFO  storage.RaftStorageDirectory (RaftStorageDirectoryImpl.java:analyzeStorage(137)) - The storage directory /home/runner/work/ozone/ozone/hadoop-ozone/integration-test/target/test-dir/MiniOzoneClusterImpl-f8f2b39f-22db-49ae-ab20-f7a2434191fa/datanode-0/data/ratis/10666638-793a-4ff8-9cae-f147d2c2b854 does not exist. Creating ...
2022-12-02 11:14:30,346 [pool-541-thread-1] INFO  storage.RaftStorageDirectory (RaftStorageDirectoryImpl.java:tryLock(231)) - Lock on /home/runner/work/ozone/ozone/hadoop-ozone/integration-test/target/test-dir/MiniOzoneClusterImpl-f8f2b39f-22db-49ae-ab20-f7a2434191fa/datanode-0/data/ratis/10666638-793a-4ff8-9cae-f147d2c2b854/in_use.lock acquired by nodename 6885@fv-az205-634
2022-12-02 11:14:30,348 [pool-541-thread-1] INFO  storage.RaftStorage (RaftStorageImpl.java:format(96)) - Storage directory /home/runner/work/ozone/ozone/hadoop-ozone/integration-test/target/test-dir/MiniOzoneClusterImpl-f8f2b39f-22db-49ae-ab20-f7a2434191fa/datanode-0/data/ratis/10666638-793a-4ff8-9cae-f147d2c2b854 has been successfully formatted.
2022-12-02 11:14:30,349 [pool-541-thread-1] INFO  ratis.ContainerStateMachine (ContainerStateMachine.java:loadSnapshot(236)) - group-F147D2C2B854: The snapshot info is null. Setting the last applied indexto:(t:0, i:~)
2022-12-02 11:14:30,349 [pool-541-thread-1] INFO  server.RaftServerConfigKeys (ConfUtils.java:logGet(46)) - raft.server.log.use.memory = false (default)
2022-12-02 11:14:30,349 [pool-541-thread-1] INFO  server.RaftServerConfigKeys (ConfUtils.java:logGet(46)) - raft.server.log.purge.gap = 1000000 (custom)
2022-12-02 11:14:30,351 [EventQueue-CommandQueueReportForCommandQueueReportHandler] WARN  events.EventQueue (EventQueue.java:fireEvent(216)) - No event handler registered for event TypedEvent{payloadType=DatanodeDetails, name='Datanode_Command_Queue_Updated'}
2022-12-02 11:14:30,351 [pool-541-thread-1] INFO  server.RaftServerConfigKeys (ConfUtils.java:logGet(46)) - raft.server.log.appender.buffer.byte-limit = 33554432 (custom)
2022-12-02 11:14:30,351 [pool-541-thread-1] INFO  server.RaftServerConfigKeys (ConfUtils.java:logGet(46)) - raft.server.log.statemachine.data.read.timeout = 1000ms (default)
2022-12-02 11:14:30,351 [pool-541-thread-1] INFO  server.RaftServerConfigKeys (ConfUtils.java:logGet(46)) - raft.server.log.purge.preservation.log.num = 0 (default)
2022-12-02 11:14:30,352 [pool-541-thread-1] INFO  server.RaftServerConfigKeys (ConfUtils.java:logGet(46)) - raft.server.log.segment.size.max = 1048576 (custom)
2022-12-02 11:14:30,352 [pool-541-thread-1] INFO  server.RaftServerConfigKeys (ConfUtils.java:logGet(46)) - raft.server.log.segment.cache.num.max = 2 (custom)
2022-12-02 11:14:30,352 [pool-541-thread-1] INFO  server.RaftServerConfigKeys (ConfUtils.java:logGet(46)) - raft.server.log.segment.cache.size.max = 200MB (=209715200) (default)
2022-12-02 11:14:30,352 [pool-541-thread-1] INFO  segmented.SegmentedRaftLogWorker (SegmentedRaftLogWorker.java:<init>(189)) - new 90a4d295-1ed6-49a8-a392-d1efb526c081@group-F147D2C2B854-SegmentedRaftLogWorker for RaftStorageImpl:Storage Directory /home/runner/work/ozone/ozone/hadoop-ozone/integration-test/target/test-dir/MiniOzoneClusterImpl-f8f2b39f-22db-49ae-ab20-f7a2434191fa/datanode-0/data/ratis/10666638-793a-4ff8-9cae-f147d2c2b854
2022-12-02 11:14:30,353 [pool-541-thread-1] INFO  server.RaftServerConfigKeys (ConfUtils.java:logGet(46)) - raft.server.log.queue.byte-limit = 4294967296 (custom)
2022-12-02 11:14:30,353 [pool-541-thread-1] INFO  server.RaftServerConfigKeys (ConfUtils.java:logGet(46)) - raft.server.log.queue.element-limit = 1024 (custom)
2022-12-02 11:14:30,353 [pool-541-thread-1] INFO  server.RaftServerConfigKeys (ConfUtils.java:logGet(46)) - raft.server.log.segment.size.max = 1048576 (custom)
2022-12-02 11:14:30,353 [pool-541-thread-1] INFO  server.RaftServerConfigKeys (ConfUtils.java:logGet(46)) - raft.server.log.preallocated.size = 16384 (custom)
2022-12-02 11:14:30,353 [pool-541-thread-1] INFO  server.RaftServerConfigKeys (ConfUtils.java:logGet(46)) - raft.server.log.force.sync.num = 128 (default)
2022-12-02 11:14:30,353 [pool-541-thread-1] INFO  server.RaftServerConfigKeys (ConfUtils.java:logGet(46)) - raft.server.log.statemachine.data.sync = true (default)
2022-12-02 11:14:30,353 [pool-541-thread-1] INFO  server.RaftServerConfigKeys (ConfUtils.java:logGet(46)) - raft.server.log.statemachine.data.sync.timeout = 10s (default)
2022-12-02 11:14:30,353 [pool-541-thread-1] INFO  server.RaftServerConfigKeys (ConfUtils.java:logGet(46)) - raft.server.log.statemachine.data.sync.timeout.retry = -1 (default)
2022-12-02 11:14:30,355 [pool-541-thread-1] INFO  server.RaftServerConfigKeys (ConfUtils.java:logGet(46)) - raft.server.log.write.buffer.size = 1048576 (custom)
2022-12-02 11:14:30,355 [pool-541-thread-1] INFO  server.RaftServerConfigKeys (ConfUtils.java:logGet(46)) - raft.server.log.appender.buffer.byte-limit = 33554432 (custom)
2022-12-02 11:14:30,362 [pool-541-thread-1] INFO  server.RaftServerConfigKeys (ConfUtils.java:logGet(46)) - raft.server.log.unsafe-flush.enabled = false (default)
2022-12-02 11:14:30,362 [pool-541-thread-1] INFO  server.RaftServerConfigKeys (ConfUtils.java:logGet(46)) - raft.server.log.async-flush.enabled = false (default)
2022-12-02 11:14:30,362 [pool-541-thread-1] INFO  server.RaftServerConfigKeys (ConfUtils.java:logGet(46)) - raft.server.log.statemachine.data.caching.enabled = true (custom)
2022-12-02 11:14:30,363 [pool-541-thread-1] INFO  segmented.SegmentedRaftLogWorker (SegmentedRaftLogWorker.java:lambda$new$0(135)) - 90a4d295-1ed6-49a8-a392-d1efb526c081@group-F147D2C2B854-SegmentedRaftLogWorker: flushIndex: setUnconditionally 0 -> -1
2022-12-02 11:14:30,363 [pool-541-thread-1] INFO  segmented.SegmentedRaftLogWorker (SegmentedRaftLogWorker.java:lambda$new$0(135)) - 90a4d295-1ed6-49a8-a392-d1efb526c081@group-F147D2C2B854-SegmentedRaftLogWorker: safeCacheEvictIndex: setUnconditionally 0 -> -1
2022-12-02 11:14:30,363 [pool-541-thread-1] INFO  server.RaftServer$Division (RaftServerImpl.java:start(334)) - 90a4d295-1ed6-49a8-a392-d1efb526c081@group-F147D2C2B854: start as a follower, conf=-1: peers:[90a4d295-1ed6-49a8-a392-d1efb526c081|rpc:10.1.0.7:38181|priority:0|startupRole:FOLLOWER, aecdc221-737e-4b39-8f20-7a048fa0296a|rpc:10.1.0.7:34239|priority:1|startupRole:FOLLOWER, 1fd27439-e6b5-4682-b1aa-75bd99d23433|rpc:10.1.0.7:38521|priority:0|startupRole:FOLLOWER]|listeners:[], old=null
2022-12-02 11:14:30,363 [pool-541-thread-1] INFO  server.RaftServer$Division (RaftServerImpl.java:setRole(321)) - 90a4d295-1ed6-49a8-a392-d1efb526c081@group-F147D2C2B854: changes role from      null to FOLLOWER at term 0 for startAsFollower
2022-12-02 11:14:30,367 [pool-541-thread-1] INFO  impl.RoleInfo (RoleInfo.java:updateAndGet(139)) - 90a4d295-1ed6-49a8-a392-d1efb526c081: start 90a4d295-1ed6-49a8-a392-d1efb526c081@group-F147D2C2B854-FollowerState
2022-12-02 11:14:30,373 [pool-541-thread-1] INFO  util.JmxRegister (JmxRegister.java:tryRegister(44)) - Successfully registered JMX Bean with object name Ratis:service=RaftServer,group=group-F147D2C2B854,id=90a4d295-1ed6-49a8-a392-d1efb526c081
2022-12-02 11:14:30,373 [pool-541-thread-1] INFO  server.RaftServerConfigKeys (ConfUtils.java:logGet(46)) - raft.server.snapshot.auto.trigger.enabled = true (custom)
2022-12-02 11:14:30,373 [pool-541-thread-1] INFO  server.RaftServerConfigKeys (ConfUtils.java:logGet(46)) - raft.server.snapshot.auto.trigger.threshold = 10000 (custom)
2022-12-02 11:14:30,373 [pool-541-thread-1] INFO  server.RaftServerConfigKeys (ConfUtils.java:logGet(46)) - raft.server.snapshot.retention.file.num = 5 (custom)
2022-12-02 11:14:30,373 [pool-541-thread-1] INFO  server.RaftServerConfigKeys (ConfUtils.java:logGet(46)) - raft.server.log.purge.upto.snapshot.index = false (default)
2022-12-02 11:14:30,373 [90a4d295-1ed6-49a8-a392-d1efb526c081@group-F147D2C2B854-FollowerState] INFO  server.RaftServerConfigKeys (ConfUtils.java:logFallback(53)) - raft.server.rpc.first-election.timeout.min = 5s (fallback to raft.server.rpc.timeout.min)
2022-12-02 11:14:30,374 [Command processor thread] INFO  ratis.XceiverServerRatis (XceiverServerRatis.java:addGroup(765)) - Created group PipelineID=10666638-793a-4ff8-9cae-f147d2c2b854
2022-12-02 11:14:30,374 [90a4d295-1ed6-49a8-a392-d1efb526c081@group-F147D2C2B854-FollowerState] INFO  server.RaftServerConfigKeys (ConfUtils.java:logFallback(53)) - raft.server.rpc.first-election.timeout.max = 5200ms (fallback to raft.server.rpc.timeout.max)
2022-12-02 11:14:30,387 [grpc-default-executor-0] INFO  server.RaftServer (RaftServerProxy.java:addNew(96)) - aecdc221-737e-4b39-8f20-7a048fa0296a: addNew group-F147D2C2B854:[90a4d295-1ed6-49a8-a392-d1efb526c081|rpc:10.1.0.7:38181|dataStream:|priority:0|startupRole:FOLLOWER, aecdc221-737e-4b39-8f20-7a048fa0296a|rpc:10.1.0.7:34239|dataStream:|priority:1|startupRole:FOLLOWER, 1fd27439-e6b5-4682-b1aa-75bd99d23433|rpc:10.1.0.7:38521|dataStream:|priority:0|startupRole:FOLLOWER] returns group-F147D2C2B854:java.util.concurrent.CompletableFuture@4145b40[Not completed]
2022-12-02 11:14:30,388 [pool-564-thread-1] INFO  server.RaftServer$Division (RaftServerImpl.java:<init>(195)) - aecdc221-737e-4b39-8f20-7a048fa0296a: new RaftServerImpl for group-F147D2C2B854:[90a4d295-1ed6-49a8-a392-d1efb526c081|rpc:10.1.0.7:38181|dataStream:|priority:0|startupRole:FOLLOWER, aecdc221-737e-4b39-8f20-7a048fa0296a|rpc:10.1.0.7:34239|dataStream:|priority:1|startupRole:FOLLOWER, 1fd27439-e6b5-4682-b1aa-75bd99d23433|rpc:10.1.0.7:38521|dataStream:|priority:0|startupRole:FOLLOWER] with ContainerStateMachine:uninitialized
2022-12-02 11:14:30,389 [pool-564-thread-1] INFO  server.RaftServerConfigKeys (ConfUtils.java:logGet(46)) - raft.server.rpc.timeout.min = 5s (custom)
2022-12-02 11:14:30,389 [pool-564-thread-1] INFO  server.RaftServerConfigKeys (ConfUtils.java:logGet(46)) - raft.server.rpc.timeout.max = 5200ms (custom)
2022-12-02 11:14:30,389 [pool-564-thread-1] INFO  server.RaftServerConfigKeys (ConfUtils.java:logGet(46)) - raft.server.rpc.sleep.time = 25ms (default)
2022-12-02 11:14:30,389 [pool-564-thread-1] INFO  server.RaftServerConfigKeys (ConfUtils.java:logGet(46)) - raft.server.rpc.slowness.timeout = 300s (custom)
2022-12-02 11:14:30,389 [pool-564-thread-1] INFO  server.RaftServerConfigKeys (ConfUtils.java:logGet(46)) - raft.server.leaderelection.leader.step-down.wait-time = 10s (default)
2022-12-02 11:14:30,389 [pool-564-thread-1] INFO  server.RaftServerConfigKeys (ConfUtils.java:logGet(46)) - raft.server.sleep.deviation.threshold = 300ms (default)
2022-12-02 11:14:30,389 [pool-564-thread-1] INFO  server.RaftServer$Division (ServerState.java:<init>(118)) - aecdc221-737e-4b39-8f20-7a048fa0296a@group-F147D2C2B854: ConfigurationManager, init=-1: peers:[90a4d295-1ed6-49a8-a392-d1efb526c081|rpc:10.1.0.7:38181|dataStream:|priority:0|startupRole:FOLLOWER, aecdc221-737e-4b39-8f20-7a048fa0296a|rpc:10.1.0.7:34239|dataStream:|priority:1|startupRole:FOLLOWER, 1fd27439-e6b5-4682-b1aa-75bd99d23433|rpc:10.1.0.7:38521|dataStream:|priority:0|startupRole:FOLLOWER]|listeners:[], old=null, confs=<EMPTY_MAP>
2022-12-02 11:14:30,389 [pool-564-thread-1] INFO  server.RaftServerConfigKeys (ConfUtils.java:logGet(46)) - raft.server.storage.dir = [/home/runner/work/ozone/ozone/hadoop-ozone/integration-test/target/test-dir/MiniOzoneClusterImpl-f8f2b39f-22db-49ae-ab20-f7a2434191fa/datanode-1/data/ratis] (custom)
2022-12-02 11:14:30,389 [pool-564-thread-1] INFO  server.RaftServerConfigKeys (ConfUtils.java:logGet(46)) - raft.server.log.corruption.policy = EXCEPTION (default)
2022-12-02 11:14:30,389 [pool-564-thread-1] INFO  server.RaftServerConfigKeys (ConfUtils.java:logGet(46)) - raft.server.storage.free-space.min = 0MB (=0) (default)
2022-12-02 11:14:30,389 [pool-564-thread-1] INFO  server.RaftServerConfigKeys (ConfUtils.java:logGet(46)) - raft.server.notification.no-leader.timeout = 300s (custom)
2022-12-02 11:14:30,389 [pool-564-thread-1] INFO  server.RaftServerConfigKeys (ConfUtils.java:logGet(46)) - raft.server.retrycache.expirytime = 600000ms (custom)
2022-12-02 11:14:30,390 [pool-564-thread-1] INFO  server.RaftServerConfigKeys (ConfUtils.java:logGet(46)) - raft.server.retrycache.statistics.expirytime = 100μs (default)
2022-12-02 11:14:30,391 [pool-564-thread-1] INFO  server.RaftServerConfigKeys (ConfUtils.java:logGet(46)) - raft.server.log.appender.install.snapshot.enabled = false (custom)
2022-12-02 11:14:30,391 [pool-564-thread-1] INFO  server.RaftServerConfigKeys (ConfUtils.java:logGet(46)) - raft.server.threadpool.server.cached = true (default)
2022-12-02 11:14:30,391 [pool-564-thread-1] INFO  server.RaftServerConfigKeys (ConfUtils.java:logGet(46)) - raft.server.threadpool.server.size = 0 (default)
2022-12-02 11:14:30,391 [pool-564-thread-1] INFO  server.RaftServerConfigKeys (ConfUtils.java:logGet(46)) - raft.server.threadpool.client.cached = true (default)
2022-12-02 11:14:30,391 [pool-564-thread-1] INFO  server.RaftServerConfigKeys (ConfUtils.java:logGet(46)) - raft.server.threadpool.client.size = 0 (default)
2022-12-02 11:14:30,391 [pool-564-thread-1] INFO  storage.RaftStorageDirectory (RaftStorageDirectoryImpl.java:analyzeStorage(137)) - The storage directory /home/runner/work/ozone/ozone/hadoop-ozone/integration-test/target/test-dir/MiniOzoneClusterImpl-f8f2b39f-22db-49ae-ab20-f7a2434191fa/datanode-1/data/ratis/10666638-793a-4ff8-9cae-f147d2c2b854 does not exist. Creating ...
2022-12-02 11:14:30,393 [pool-564-thread-1] INFO  storage.RaftStorageDirectory (RaftStorageDirectoryImpl.java:tryLock(231)) - Lock on /home/runner/work/ozone/ozone/hadoop-ozone/integration-test/target/test-dir/MiniOzoneClusterImpl-f8f2b39f-22db-49ae-ab20-f7a2434191fa/datanode-1/data/ratis/10666638-793a-4ff8-9cae-f147d2c2b854/in_use.lock acquired by nodename 6885@fv-az205-634
2022-12-02 11:14:30,394 [pool-564-thread-1] INFO  storage.RaftStorage (RaftStorageImpl.java:format(96)) - Storage directory /home/runner/work/ozone/ozone/hadoop-ozone/integration-test/target/test-dir/MiniOzoneClusterImpl-f8f2b39f-22db-49ae-ab20-f7a2434191fa/datanode-1/data/ratis/10666638-793a-4ff8-9cae-f147d2c2b854 has been successfully formatted.
2022-12-02 11:14:30,395 [pool-564-thread-1] INFO  ratis.ContainerStateMachine (ContainerStateMachine.java:loadSnapshot(236)) - group-F147D2C2B854: The snapshot info is null. Setting the last applied indexto:(t:0, i:~)
2022-12-02 11:14:30,396 [pool-564-thread-1] INFO  server.RaftServerConfigKeys (ConfUtils.java:logGet(46)) - raft.server.log.use.memory = false (default)
2022-12-02 11:14:30,396 [pool-564-thread-1] INFO  server.RaftServerConfigKeys (ConfUtils.java:logGet(46)) - raft.server.log.purge.gap = 1000000 (custom)
2022-12-02 11:14:30,396 [pool-564-thread-1] INFO  server.RaftServerConfigKeys (ConfUtils.java:logGet(46)) - raft.server.log.appender.buffer.byte-limit = 33554432 (custom)
2022-12-02 11:14:30,396 [pool-564-thread-1] INFO  server.RaftServerConfigKeys (ConfUtils.java:logGet(46)) - raft.server.log.statemachine.data.read.timeout = 1000ms (default)
2022-12-02 11:14:30,396 [pool-564-thread-1] INFO  server.RaftServerConfigKeys (ConfUtils.java:logGet(46)) - raft.server.log.purge.preservation.log.num = 0 (default)
2022-12-02 11:14:30,396 [pool-564-thread-1] INFO  server.RaftServerConfigKeys (ConfUtils.java:logGet(46)) - raft.server.log.segment.size.max = 1048576 (custom)
2022-12-02 11:14:30,397 [pool-564-thread-1] INFO  server.RaftServerConfigKeys (ConfUtils.java:logGet(46)) - raft.server.log.segment.cache.num.max = 2 (custom)
2022-12-02 11:14:30,397 [pool-564-thread-1] INFO  server.RaftServerConfigKeys (ConfUtils.java:logGet(46)) - raft.server.log.segment.cache.size.max = 200MB (=209715200) (default)
2022-12-02 11:14:30,397 [pool-564-thread-1] INFO  segmented.SegmentedRaftLogWorker (SegmentedRaftLogWorker.java:<init>(189)) - new aecdc221-737e-4b39-8f20-7a048fa0296a@group-F147D2C2B854-SegmentedRaftLogWorker for RaftStorageImpl:Storage Directory /home/runner/work/ozone/ozone/hadoop-ozone/integration-test/target/test-dir/MiniOzoneClusterImpl-f8f2b39f-22db-49ae-ab20-f7a2434191fa/datanode-1/data/ratis/10666638-793a-4ff8-9cae-f147d2c2b854
2022-12-02 11:14:30,397 [pool-564-thread-1] INFO  server.RaftServerConfigKeys (ConfUtils.java:logGet(46)) - raft.server.log.queue.byte-limit = 4294967296 (custom)
2022-12-02 11:14:30,397 [EventQueue-CommandQueueReportForCommandQueueReportHandler] WARN  events.EventQueue (EventQueue.java:fireEvent(216)) - No event handler registered for event TypedEvent{payloadType=DatanodeDetails, name='Datanode_Command_Queue_Updated'}
2022-12-02 11:14:30,397 [pool-564-thread-1] INFO  server.RaftServerConfigKeys (ConfUtils.java:logGet(46)) - raft.server.log.queue.element-limit = 1024 (custom)
2022-12-02 11:14:30,397 [pool-564-thread-1] INFO  server.RaftServerConfigKeys (ConfUtils.java:logGet(46)) - raft.server.log.segment.size.max = 1048576 (custom)
2022-12-02 11:14:30,398 [pool-564-thread-1] INFO  server.RaftServerConfigKeys (ConfUtils.java:logGet(46)) - raft.server.log.preallocated.size = 16384 (custom)
2022-12-02 11:14:30,398 [pool-564-thread-1] INFO  server.RaftServerConfigKeys (ConfUtils.java:logGet(46)) - raft.server.log.force.sync.num = 128 (default)
2022-12-02 11:14:30,398 [pool-564-thread-1] INFO  server.RaftServerConfigKeys (ConfUtils.java:logGet(46)) - raft.server.log.statemachine.data.sync = true (default)
2022-12-02 11:14:30,398 [pool-564-thread-1] INFO  server.RaftServerConfigKeys (ConfUtils.java:logGet(46)) - raft.server.log.statemachine.data.sync.timeout = 10s (default)
2022-12-02 11:14:30,398 [pool-564-thread-1] INFO  server.RaftServerConfigKeys (ConfUtils.java:logGet(46)) - raft.server.log.statemachine.data.sync.timeout.retry = -1 (default)
2022-12-02 11:14:30,399 [pool-564-thread-1] INFO  server.RaftServerConfigKeys (ConfUtils.java:logGet(46)) - raft.server.log.write.buffer.size = 1048576 (custom)
2022-12-02 11:14:30,400 [pool-564-thread-1] INFO  server.RaftServerConfigKeys (ConfUtils.java:logGet(46)) - raft.server.log.appender.buffer.byte-limit = 33554432 (custom)
2022-12-02 11:14:30,406 [pool-564-thread-1] INFO  server.RaftServerConfigKeys (ConfUtils.java:logGet(46)) - raft.server.log.unsafe-flush.enabled = false (default)
2022-12-02 11:14:30,406 [pool-564-thread-1] INFO  server.RaftServerConfigKeys (ConfUtils.java:logGet(46)) - raft.server.log.async-flush.enabled = false (default)
2022-12-02 11:14:30,406 [pool-564-thread-1] INFO  server.RaftServerConfigKeys (ConfUtils.java:logGet(46)) - raft.server.log.statemachine.data.caching.enabled = true (custom)
2022-12-02 11:14:30,407 [pool-564-thread-1] INFO  segmented.SegmentedRaftLogWorker (SegmentedRaftLogWorker.java:lambda$new$0(135)) - aecdc221-737e-4b39-8f20-7a048fa0296a@group-F147D2C2B854-SegmentedRaftLogWorker: flushIndex: setUnconditionally 0 -> -1
2022-12-02 11:14:30,407 [pool-564-thread-1] INFO  segmented.SegmentedRaftLogWorker (SegmentedRaftLogWorker.java:lambda$new$0(135)) - aecdc221-737e-4b39-8f20-7a048fa0296a@group-F147D2C2B854-SegmentedRaftLogWorker: safeCacheEvictIndex: setUnconditionally 0 -> -1
2022-12-02 11:14:30,407 [pool-564-thread-1] INFO  server.RaftServer$Division (RaftServerImpl.java:start(334)) - aecdc221-737e-4b39-8f20-7a048fa0296a@group-F147D2C2B854: start as a follower, conf=-1: peers:[90a4d295-1ed6-49a8-a392-d1efb526c081|rpc:10.1.0.7:38181|dataStream:|priority:0|startupRole:FOLLOWER, aecdc221-737e-4b39-8f20-7a048fa0296a|rpc:10.1.0.7:34239|dataStream:|priority:1|startupRole:FOLLOWER, 1fd27439-e6b5-4682-b1aa-75bd99d23433|rpc:10.1.0.7:38521|dataStream:|priority:0|startupRole:FOLLOWER]|listeners:[], old=null
2022-12-02 11:14:30,407 [pool-564-thread-1] INFO  server.RaftServer$Division (RaftServerImpl.java:setRole(321)) - aecdc221-737e-4b39-8f20-7a048fa0296a@group-F147D2C2B854: changes role from      null to FOLLOWER at term 0 for startAsFollower
2022-12-02 11:14:30,407 [pool-564-thread-1] INFO  impl.RoleInfo (RoleInfo.java:updateAndGet(139)) - aecdc221-737e-4b39-8f20-7a048fa0296a: start aecdc221-737e-4b39-8f20-7a048fa0296a@group-F147D2C2B854-FollowerState
2022-12-02 11:14:30,408 [pool-564-thread-1] INFO  util.JmxRegister (JmxRegister.java:tryRegister(44)) - Successfully registered JMX Bean with object name Ratis:service=RaftServer,group=group-F147D2C2B854,id=aecdc221-737e-4b39-8f20-7a048fa0296a
2022-12-02 11:14:30,408 [aecdc221-737e-4b39-8f20-7a048fa0296a@group-F147D2C2B854-FollowerState] INFO  server.RaftServerConfigKeys (ConfUtils.java:logFallback(53)) - raft.server.rpc.first-election.timeout.min = 5s (fallback to raft.server.rpc.timeout.min)
2022-12-02 11:14:30,408 [pool-564-thread-1] INFO  server.RaftServerConfigKeys (ConfUtils.java:logGet(46)) - raft.server.snapshot.auto.trigger.enabled = true (custom)
2022-12-02 11:14:30,408 [aecdc221-737e-4b39-8f20-7a048fa0296a@group-F147D2C2B854-FollowerState] INFO  server.RaftServerConfigKeys (ConfUtils.java:logFallback(53)) - raft.server.rpc.first-election.timeout.max = 5200ms (fallback to raft.server.rpc.timeout.max)
2022-12-02 11:14:30,408 [pool-564-thread-1] INFO  server.RaftServerConfigKeys (ConfUtils.java:logGet(46)) - raft.server.snapshot.auto.trigger.threshold = 10000 (custom)
2022-12-02 11:14:30,408 [pool-564-thread-1] INFO  server.RaftServerConfigKeys (ConfUtils.java:logGet(46)) - raft.server.snapshot.retention.file.num = 5 (custom)
2022-12-02 11:14:30,408 [pool-564-thread-1] INFO  server.RaftServerConfigKeys (ConfUtils.java:logGet(46)) - raft.server.log.purge.upto.snapshot.index = false (default)
2022-12-02 11:14:30,430 [grpc-default-executor-0] INFO  server.RaftServer (RaftServerProxy.java:addNew(96)) - 1fd27439-e6b5-4682-b1aa-75bd99d23433: addNew group-F147D2C2B854:[90a4d295-1ed6-49a8-a392-d1efb526c081|rpc:10.1.0.7:38181|dataStream:|priority:0|startupRole:FOLLOWER, aecdc221-737e-4b39-8f20-7a048fa0296a|rpc:10.1.0.7:34239|dataStream:|priority:1|startupRole:FOLLOWER, 1fd27439-e6b5-4682-b1aa-75bd99d23433|rpc:10.1.0.7:38521|dataStream:|priority:0|startupRole:FOLLOWER] returns group-F147D2C2B854:java.util.concurrent.CompletableFuture@3915b5ec[Not completed]
2022-12-02 11:14:30,433 [pool-587-thread-1] INFO  server.RaftServer$Division (RaftServerImpl.java:<init>(195)) - 1fd27439-e6b5-4682-b1aa-75bd99d23433: new RaftServerImpl for group-F147D2C2B854:[90a4d295-1ed6-49a8-a392-d1efb526c081|rpc:10.1.0.7:38181|dataStream:|priority:0|startupRole:FOLLOWER, aecdc221-737e-4b39-8f20-7a048fa0296a|rpc:10.1.0.7:34239|dataStream:|priority:1|startupRole:FOLLOWER, 1fd27439-e6b5-4682-b1aa-75bd99d23433|rpc:10.1.0.7:38521|dataStream:|priority:0|startupRole:FOLLOWER] with ContainerStateMachine:uninitialized
2022-12-02 11:14:30,433 [pool-587-thread-1] INFO  server.RaftServerConfigKeys (ConfUtils.java:logGet(46)) - raft.server.rpc.timeout.min = 5s (custom)
2022-12-02 11:14:30,433 [pool-587-thread-1] INFO  server.RaftServerConfigKeys (ConfUtils.java:logGet(46)) - raft.server.rpc.timeout.max = 5200ms (custom)
2022-12-02 11:14:30,433 [pool-587-thread-1] INFO  server.RaftServerConfigKeys (ConfUtils.java:logGet(46)) - raft.server.rpc.sleep.time = 25ms (default)
2022-12-02 11:14:30,433 [pool-587-thread-1] INFO  server.RaftServerConfigKeys (ConfUtils.java:logGet(46)) - raft.server.rpc.slowness.timeout = 300s (custom)
2022-12-02 11:14:30,433 [pool-587-thread-1] INFO  server.RaftServerConfigKeys (ConfUtils.java:logGet(46)) - raft.server.leaderelection.leader.step-down.wait-time = 10s (default)
2022-12-02 11:14:30,433 [pool-587-thread-1] INFO  server.RaftServerConfigKeys (ConfUtils.java:logGet(46)) - raft.server.sleep.deviation.threshold = 300ms (default)
2022-12-02 11:14:30,435 [pool-587-thread-1] INFO  server.RaftServer$Division (ServerState.java:<init>(118)) - 1fd27439-e6b5-4682-b1aa-75bd99d23433@group-F147D2C2B854: ConfigurationManager, init=-1: peers:[90a4d295-1ed6-49a8-a392-d1efb526c081|rpc:10.1.0.7:38181|dataStream:|priority:0|startupRole:FOLLOWER, aecdc221-737e-4b39-8f20-7a048fa0296a|rpc:10.1.0.7:34239|dataStream:|priority:1|startupRole:FOLLOWER, 1fd27439-e6b5-4682-b1aa-75bd99d23433|rpc:10.1.0.7:38521|dataStream:|priority:0|startupRole:FOLLOWER]|listeners:[], old=null, confs=<EMPTY_MAP>
2022-12-02 11:14:30,435 [pool-587-thread-1] INFO  server.RaftServerConfigKeys (ConfUtils.java:logGet(46)) - raft.server.storage.dir = [/home/runner/work/ozone/ozone/hadoop-ozone/integration-test/target/test-dir/MiniOzoneClusterImpl-f8f2b39f-22db-49ae-ab20-f7a2434191fa/datanode-2/data/ratis] (custom)
2022-12-02 11:14:30,435 [pool-587-thread-1] INFO  server.RaftServerConfigKeys (ConfUtils.java:logGet(46)) - raft.server.log.corruption.policy = EXCEPTION (default)
2022-12-02 11:14:30,435 [pool-587-thread-1] INFO  server.RaftServerConfigKeys (ConfUtils.java:logGet(46)) - raft.server.storage.free-space.min = 0MB (=0) (default)
2022-12-02 11:14:30,435 [pool-587-thread-1] INFO  server.RaftServerConfigKeys (ConfUtils.java:logGet(46)) - raft.server.notification.no-leader.timeout = 300s (custom)
2022-12-02 11:14:30,435 [pool-587-thread-1] INFO  server.RaftServerConfigKeys (ConfUtils.java:logGet(46)) - raft.server.retrycache.expirytime = 600000ms (custom)
2022-12-02 11:14:30,435 [pool-587-thread-1] INFO  server.RaftServerConfigKeys (ConfUtils.java:logGet(46)) - raft.server.retrycache.statistics.expirytime = 100μs (default)
2022-12-02 11:14:30,437 [pool-587-thread-1] INFO  server.RaftServerConfigKeys (ConfUtils.java:logGet(46)) - raft.server.log.appender.install.snapshot.enabled = false (custom)
2022-12-02 11:14:30,438 [pool-587-thread-1] INFO  server.RaftServerConfigKeys (ConfUtils.java:logGet(46)) - raft.server.threadpool.server.cached = true (default)
2022-12-02 11:14:30,438 [pool-587-thread-1] INFO  server.RaftServerConfigKeys (ConfUtils.java:logGet(46)) - raft.server.threadpool.server.size = 0 (default)
2022-12-02 11:14:30,438 [pool-587-thread-1] INFO  server.RaftServerConfigKeys (ConfUtils.java:logGet(46)) - raft.server.threadpool.client.cached = true (default)
2022-12-02 11:14:30,438 [pool-587-thread-1] INFO  server.RaftServerConfigKeys (ConfUtils.java:logGet(46)) - raft.server.threadpool.client.size = 0 (default)
2022-12-02 11:14:30,438 [pool-587-thread-1] INFO  storage.RaftStorageDirectory (RaftStorageDirectoryImpl.java:analyzeStorage(137)) - The storage directory /home/runner/work/ozone/ozone/hadoop-ozone/integration-test/target/test-dir/MiniOzoneClusterImpl-f8f2b39f-22db-49ae-ab20-f7a2434191fa/datanode-2/data/ratis/10666638-793a-4ff8-9cae-f147d2c2b854 does not exist. Creating ...
2022-12-02 11:14:30,439 [pool-587-thread-1] INFO  storage.RaftStorageDirectory (RaftStorageDirectoryImpl.java:tryLock(231)) - Lock on /home/runner/work/ozone/ozone/hadoop-ozone/integration-test/target/test-dir/MiniOzoneClusterImpl-f8f2b39f-22db-49ae-ab20-f7a2434191fa/datanode-2/data/ratis/10666638-793a-4ff8-9cae-f147d2c2b854/in_use.lock acquired by nodename 6885@fv-az205-634
2022-12-02 11:14:30,441 [pool-587-thread-1] INFO  storage.RaftStorage (RaftStorageImpl.java:format(96)) - Storage directory /home/runner/work/ozone/ozone/hadoop-ozone/integration-test/target/test-dir/MiniOzoneClusterImpl-f8f2b39f-22db-49ae-ab20-f7a2434191fa/datanode-2/data/ratis/10666638-793a-4ff8-9cae-f147d2c2b854 has been successfully formatted.
2022-12-02 11:14:30,442 [pool-587-thread-1] INFO  ratis.ContainerStateMachine (ContainerStateMachine.java:loadSnapshot(236)) - group-F147D2C2B854: The snapshot info is null. Setting the last applied indexto:(t:0, i:~)
2022-12-02 11:14:30,442 [pool-587-thread-1] INFO  server.RaftServerConfigKeys (ConfUtils.java:logGet(46)) - raft.server.log.use.memory = false (default)
2022-12-02 11:14:30,442 [pool-587-thread-1] INFO  server.RaftServerConfigKeys (ConfUtils.java:logGet(46)) - raft.server.log.purge.gap = 1000000 (custom)
2022-12-02 11:14:30,442 [pool-587-thread-1] INFO  server.RaftServerConfigKeys (ConfUtils.java:logGet(46)) - raft.server.log.appender.buffer.byte-limit = 33554432 (custom)
2022-12-02 11:14:30,443 [pool-587-thread-1] INFO  server.RaftServerConfigKeys (ConfUtils.java:logGet(46)) - raft.server.log.statemachine.data.read.timeout = 1000ms (default)
2022-12-02 11:14:30,443 [pool-587-thread-1] INFO  server.RaftServerConfigKeys (ConfUtils.java:logGet(46)) - raft.server.log.purge.preservation.log.num = 0 (default)
2022-12-02 11:14:30,443 [pool-587-thread-1] INFO  server.RaftServerConfigKeys (ConfUtils.java:logGet(46)) - raft.server.log.segment.size.max = 1048576 (custom)
2022-12-02 11:14:30,444 [EventQueue-CommandQueueReportForCommandQueueReportHandler] WARN  events.EventQueue (EventQueue.java:fireEvent(216)) - No event handler registered for event TypedEvent{payloadType=DatanodeDetails, name='Datanode_Command_Queue_Updated'}
2022-12-02 11:14:30,445 [pool-587-thread-1] INFO  server.RaftServerConfigKeys (ConfUtils.java:logGet(46)) - raft.server.log.segment.cache.num.max = 2 (custom)
2022-12-02 11:14:30,445 [pool-587-thread-1] INFO  server.RaftServerConfigKeys (ConfUtils.java:logGet(46)) - raft.server.log.segment.cache.size.max = 200MB (=209715200) (default)
2022-12-02 11:14:30,445 [pool-587-thread-1] INFO  segmented.SegmentedRaftLogWorker (SegmentedRaftLogWorker.java:<init>(189)) - new 1fd27439-e6b5-4682-b1aa-75bd99d23433@group-F147D2C2B854-SegmentedRaftLogWorker for RaftStorageImpl:Storage Directory /home/runner/work/ozone/ozone/hadoop-ozone/integration-test/target/test-dir/MiniOzoneClusterImpl-f8f2b39f-22db-49ae-ab20-f7a2434191fa/datanode-2/data/ratis/10666638-793a-4ff8-9cae-f147d2c2b854
2022-12-02 11:14:30,445 [pool-587-thread-1] INFO  server.RaftServerConfigKeys (ConfUtils.java:logGet(46)) - raft.server.log.queue.byte-limit = 4294967296 (custom)
2022-12-02 11:14:30,445 [pool-587-thread-1] INFO  server.RaftServerConfigKeys (ConfUtils.java:logGet(46)) - raft.server.log.queue.element-limit = 1024 (custom)
2022-12-02 11:14:30,445 [pool-587-thread-1] INFO  server.RaftServerConfigKeys (ConfUtils.java:logGet(46)) - raft.server.log.segment.size.max = 1048576 (custom)
2022-12-02 11:14:30,445 [pool-587-thread-1] INFO  server.RaftServerConfigKeys (ConfUtils.java:logGet(46)) - raft.server.log.preallocated.size = 16384 (custom)
2022-12-02 11:14:30,445 [pool-587-thread-1] INFO  server.RaftServerConfigKeys (ConfUtils.java:logGet(46)) - raft.server.log.force.sync.num = 128 (default)
2022-12-02 11:14:30,445 [pool-587-thread-1] INFO  server.RaftServerConfigKeys (ConfUtils.java:logGet(46)) - raft.server.log.statemachine.data.sync = true (default)
2022-12-02 11:14:30,445 [pool-587-thread-1] INFO  server.RaftServerConfigKeys (ConfUtils.java:logGet(46)) - raft.server.log.statemachine.data.sync.timeout = 10s (default)
2022-12-02 11:14:30,445 [pool-587-thread-1] INFO  server.RaftServerConfigKeys (ConfUtils.java:logGet(46)) - raft.server.log.statemachine.data.sync.timeout.retry = -1 (default)
2022-12-02 11:14:30,447 [pool-587-thread-1] INFO  server.RaftServerConfigKeys (ConfUtils.java:logGet(46)) - raft.server.log.write.buffer.size = 1048576 (custom)
2022-12-02 11:14:30,447 [pool-587-thread-1] INFO  server.RaftServerConfigKeys (ConfUtils.java:logGet(46)) - raft.server.log.appender.buffer.byte-limit = 33554432 (custom)
2022-12-02 11:14:30,450 [Listener at 127.0.0.1/35473] INFO  ozone.MiniOzoneClusterImpl (MiniOzoneClusterImpl.java:lambda$waitForClusterToBeReady$0(216)) - Nodes are ready. Got 6 of 6 DN Heartbeats.
2022-12-02 11:14:30,450 [Listener at 127.0.0.1/35473] INFO  ozone.MiniOzoneClusterImpl (MiniOzoneClusterImpl.java:lambda$waitForClusterToBeReady$0(219)) - Waiting for cluster to exit safe mode
2022-12-02 11:14:30,450 [Listener at 127.0.0.1/35473] INFO  ozone.MiniOzoneClusterImpl (MiniOzoneClusterImpl.java:lambda$waitForClusterToBeReady$0(221)) - SCM became leader
2022-12-02 11:14:30,454 [pool-587-thread-1] INFO  server.RaftServerConfigKeys (ConfUtils.java:logGet(46)) - raft.server.log.unsafe-flush.enabled = false (default)
2022-12-02 11:14:30,455 [pool-587-thread-1] INFO  server.RaftServerConfigKeys (ConfUtils.java:logGet(46)) - raft.server.log.async-flush.enabled = false (default)
2022-12-02 11:14:30,455 [pool-587-thread-1] INFO  server.RaftServerConfigKeys (ConfUtils.java:logGet(46)) - raft.server.log.statemachine.data.caching.enabled = true (custom)
2022-12-02 11:14:30,455 [pool-587-thread-1] INFO  segmented.SegmentedRaftLogWorker (SegmentedRaftLogWorker.java:lambda$new$0(135)) - 1fd27439-e6b5-4682-b1aa-75bd99d23433@group-F147D2C2B854-SegmentedRaftLogWorker: flushIndex: setUnconditionally 0 -> -1
2022-12-02 11:14:30,455 [pool-587-thread-1] INFO  segmented.SegmentedRaftLogWorker (SegmentedRaftLogWorker.java:lambda$new$0(135)) - 1fd27439-e6b5-4682-b1aa-75bd99d23433@group-F147D2C2B854-SegmentedRaftLogWorker: safeCacheEvictIndex: setUnconditionally 0 -> -1
2022-12-02 11:14:30,457 [pool-587-thread-1] INFO  server.RaftServer$Division (RaftServerImpl.java:start(334)) - 1fd27439-e6b5-4682-b1aa-75bd99d23433@group-F147D2C2B854: start as a follower, conf=-1: peers:[90a4d295-1ed6-49a8-a392-d1efb526c081|rpc:10.1.0.7:38181|dataStream:|priority:0|startupRole:FOLLOWER, aecdc221-737e-4b39-8f20-7a048fa0296a|rpc:10.1.0.7:34239|dataStream:|priority:1|startupRole:FOLLOWER, 1fd27439-e6b5-4682-b1aa-75bd99d23433|rpc:10.1.0.7:38521|dataStream:|priority:0|startupRole:FOLLOWER]|listeners:[], old=null
2022-12-02 11:14:30,457 [pool-587-thread-1] INFO  server.RaftServer$Division (RaftServerImpl.java:setRole(321)) - 1fd27439-e6b5-4682-b1aa-75bd99d23433@group-F147D2C2B854: changes role from      null to FOLLOWER at term 0 for startAsFollower
2022-12-02 11:14:30,457 [pool-587-thread-1] INFO  impl.RoleInfo (RoleInfo.java:updateAndGet(139)) - 1fd27439-e6b5-4682-b1aa-75bd99d23433: start 1fd27439-e6b5-4682-b1aa-75bd99d23433@group-F147D2C2B854-FollowerState
2022-12-02 11:14:30,458 [1fd27439-e6b5-4682-b1aa-75bd99d23433@group-F147D2C2B854-FollowerState] INFO  server.RaftServerConfigKeys (ConfUtils.java:logFallback(53)) - raft.server.rpc.first-election.timeout.min = 5s (fallback to raft.server.rpc.timeout.min)
2022-12-02 11:14:30,458 [1fd27439-e6b5-4682-b1aa-75bd99d23433@group-F147D2C2B854-FollowerState] INFO  server.RaftServerConfigKeys (ConfUtils.java:logFallback(53)) - raft.server.rpc.first-election.timeout.max = 5200ms (fallback to raft.server.rpc.timeout.max)
2022-12-02 11:14:30,458 [pool-587-thread-1] INFO  util.JmxRegister (JmxRegister.java:tryRegister(44)) - Successfully registered JMX Bean with object name Ratis:service=RaftServer,group=group-F147D2C2B854,id=1fd27439-e6b5-4682-b1aa-75bd99d23433
2022-12-02 11:14:30,458 [pool-587-thread-1] INFO  server.RaftServerConfigKeys (ConfUtils.java:logGet(46)) - raft.server.snapshot.auto.trigger.enabled = true (custom)
2022-12-02 11:14:30,458 [pool-587-thread-1] INFO  server.RaftServerConfigKeys (ConfUtils.java:logGet(46)) - raft.server.snapshot.auto.trigger.threshold = 10000 (custom)
2022-12-02 11:14:30,458 [pool-587-thread-1] INFO  server.RaftServerConfigKeys (ConfUtils.java:logGet(46)) - raft.server.snapshot.retention.file.num = 5 (custom)
2022-12-02 11:14:30,458 [pool-587-thread-1] INFO  server.RaftServerConfigKeys (ConfUtils.java:logGet(46)) - raft.server.log.purge.upto.snapshot.index = false (default)
2022-12-02 11:14:30,466 [Command processor thread] INFO  commandhandler.CreatePipelineCommandHandler (CreatePipelineCommandHandler.java:handle(113)) - Created Pipeline RATIS THREE PipelineID=10666638-793a-4ff8-9cae-f147d2c2b854.
2022-12-02 11:14:30,467 [Command processor thread] INFO  server.RaftServer (RaftServerProxy.java:addNew(96)) - 90a4d295-1ed6-49a8-a392-d1efb526c081: addNew group-AA62C5EF4467:[90a4d295-1ed6-49a8-a392-d1efb526c081|rpc:10.1.0.7:38181|priority:1|startupRole:FOLLOWER, aecdc221-737e-4b39-8f20-7a048fa0296a|rpc:10.1.0.7:34239|priority:0|startupRole:FOLLOWER, 1fd27439-e6b5-4682-b1aa-75bd99d23433|rpc:10.1.0.7:38521|priority:0|startupRole:FOLLOWER] returns group-AA62C5EF4467:java.util.concurrent.CompletableFuture@3be31903[Not completed]
2022-12-02 11:14:30,468 [pool-541-thread-1] INFO  server.RaftServer$Division (RaftServerImpl.java:<init>(195)) - 90a4d295-1ed6-49a8-a392-d1efb526c081: new RaftServerImpl for group-AA62C5EF4467:[90a4d295-1ed6-49a8-a392-d1efb526c081|rpc:10.1.0.7:38181|priority:1|startupRole:FOLLOWER, aecdc221-737e-4b39-8f20-7a048fa0296a|rpc:10.1.0.7:34239|priority:0|startupRole:FOLLOWER, 1fd27439-e6b5-4682-b1aa-75bd99d23433|rpc:10.1.0.7:38521|priority:0|startupRole:FOLLOWER] with ContainerStateMachine:uninitialized
2022-12-02 11:14:30,468 [pool-541-thread-1] INFO  server.RaftServerConfigKeys (ConfUtils.java:logGet(46)) - raft.server.rpc.timeout.min = 5s (custom)
2022-12-02 11:14:30,468 [pool-541-thread-1] INFO  server.RaftServerConfigKeys (ConfUtils.java:logGet(46)) - raft.server.rpc.timeout.max = 5200ms (custom)
2022-12-02 11:14:30,468 [pool-541-thread-1] INFO  server.RaftServerConfigKeys (ConfUtils.java:logGet(46)) - raft.server.rpc.sleep.time = 25ms (default)
2022-12-02 11:14:30,468 [pool-541-thread-1] INFO  server.RaftServerConfigKeys (ConfUtils.java:logGet(46)) - raft.server.rpc.slowness.timeout = 300s (custom)
2022-12-02 11:14:30,468 [pool-541-thread-1] INFO  server.RaftServerConfigKeys (ConfUtils.java:logGet(46)) - raft.server.leaderelection.leader.step-down.wait-time = 10s (default)
2022-12-02 11:14:30,468 [pool-541-thread-1] INFO  server.RaftServerConfigKeys (ConfUtils.java:logGet(46)) - raft.server.sleep.deviation.threshold = 300ms (default)
2022-12-02 11:14:30,468 [pool-541-thread-1] INFO  server.RaftServer$Division (ServerState.java:<init>(118)) - 90a4d295-1ed6-49a8-a392-d1efb526c081@group-AA62C5EF4467: ConfigurationManager, init=-1: peers:[90a4d295-1ed6-49a8-a392-d1efb526c081|rpc:10.1.0.7:38181|priority:1|startupRole:FOLLOWER, aecdc221-737e-4b39-8f20-7a048fa0296a|rpc:10.1.0.7:34239|priority:0|startupRole:FOLLOWER, 1fd27439-e6b5-4682-b1aa-75bd99d23433|rpc:10.1.0.7:38521|priority:0|startupRole:FOLLOWER]|listeners:[], old=null, confs=<EMPTY_MAP>
2022-12-02 11:14:30,468 [pool-541-thread-1] INFO  server.RaftServerConfigKeys (ConfUtils.java:logGet(46)) - raft.server.storage.dir = [/home/runner/work/ozone/ozone/hadoop-ozone/integration-test/target/test-dir/MiniOzoneClusterImpl-f8f2b39f-22db-49ae-ab20-f7a2434191fa/datanode-0/data/ratis] (custom)
2022-12-02 11:14:30,469 [pool-541-thread-1] INFO  server.RaftServerConfigKeys (ConfUtils.java:logGet(46)) - raft.server.log.corruption.policy = EXCEPTION (default)
2022-12-02 11:14:30,469 [pool-541-thread-1] INFO  server.RaftServerConfigKeys (ConfUtils.java:logGet(46)) - raft.server.storage.free-space.min = 0MB (=0) (default)
2022-12-02 11:14:30,469 [pool-541-thread-1] INFO  server.RaftServerConfigKeys (ConfUtils.java:logGet(46)) - raft.server.notification.no-leader.timeout = 300s (custom)
2022-12-02 11:14:30,469 [pool-541-thread-1] INFO  server.RaftServerConfigKeys (ConfUtils.java:logGet(46)) - raft.server.retrycache.expirytime = 600000ms (custom)
2022-12-02 11:14:30,469 [pool-541-thread-1] INFO  server.RaftServerConfigKeys (ConfUtils.java:logGet(46)) - raft.server.retrycache.statistics.expirytime = 100μs (default)
2022-12-02 11:14:30,470 [pool-541-thread-1] INFO  server.RaftServerConfigKeys (ConfUtils.java:logGet(46)) - raft.server.log.appender.install.snapshot.enabled = false (custom)
2022-12-02 11:14:30,471 [pool-541-thread-1] INFO  server.RaftServerConfigKeys (ConfUtils.java:logGet(46)) - raft.server.threadpool.server.cached = true (default)
2022-12-02 11:14:30,471 [pool-541-thread-1] INFO  server.RaftServerConfigKeys (ConfUtils.java:logGet(46)) - raft.server.threadpool.server.size = 0 (default)
2022-12-02 11:14:30,471 [pool-541-thread-1] INFO  server.RaftServerConfigKeys (ConfUtils.java:logGet(46)) - raft.server.threadpool.client.cached = true (default)
2022-12-02 11:14:30,471 [pool-541-thread-1] INFO  server.RaftServerConfigKeys (ConfUtils.java:logGet(46)) - raft.server.threadpool.client.size = 0 (default)
2022-12-02 11:14:30,471 [pool-541-thread-1] INFO  storage.RaftStorageDirectory (RaftStorageDirectoryImpl.java:analyzeStorage(137)) - The storage directory /home/runner/work/ozone/ozone/hadoop-ozone/integration-test/target/test-dir/MiniOzoneClusterImpl-f8f2b39f-22db-49ae-ab20-f7a2434191fa/datanode-0/data/ratis/356d780b-8409-4adf-9343-aa62c5ef4467 does not exist. Creating ...
2022-12-02 11:14:30,472 [pool-541-thread-1] INFO  storage.RaftStorageDirectory (RaftStorageDirectoryImpl.java:tryLock(231)) - Lock on /home/runner/work/ozone/ozone/hadoop-ozone/integration-test/target/test-dir/MiniOzoneClusterImpl-f8f2b39f-22db-49ae-ab20-f7a2434191fa/datanode-0/data/ratis/356d780b-8409-4adf-9343-aa62c5ef4467/in_use.lock acquired by nodename 6885@fv-az205-634
2022-12-02 11:14:30,474 [pool-541-thread-1] INFO  storage.RaftStorage (RaftStorageImpl.java:format(96)) - Storage directory /home/runner/work/ozone/ozone/hadoop-ozone/integration-test/target/test-dir/MiniOzoneClusterImpl-f8f2b39f-22db-49ae-ab20-f7a2434191fa/datanode-0/data/ratis/356d780b-8409-4adf-9343-aa62c5ef4467 has been successfully formatted.
2022-12-02 11:14:30,474 [pool-541-thread-1] INFO  ratis.ContainerStateMachine (ContainerStateMachine.java:loadSnapshot(236)) - group-AA62C5EF4467: The snapshot info is null. Setting the last applied indexto:(t:0, i:~)
2022-12-02 11:14:30,475 [pool-541-thread-1] INFO  server.RaftServerConfigKeys (ConfUtils.java:logGet(46)) - raft.server.log.use.memory = false (default)
2022-12-02 11:14:30,475 [pool-541-thread-1] INFO  server.RaftServerConfigKeys (ConfUtils.java:logGet(46)) - raft.server.log.purge.gap = 1000000 (custom)
2022-12-02 11:14:30,476 [pool-541-thread-1] INFO  server.RaftServerConfigKeys (ConfUtils.java:logGet(46)) - raft.server.log.appender.buffer.byte-limit = 33554432 (custom)
2022-12-02 11:14:30,476 [pool-541-thread-1] INFO  server.RaftServerConfigKeys (ConfUtils.java:logGet(46)) - raft.server.log.statemachine.data.read.timeout = 1000ms (default)
2022-12-02 11:14:30,476 [pool-541-thread-1] INFO  server.RaftServerConfigKeys (ConfUtils.java:logGet(46)) - raft.server.log.purge.preservation.log.num = 0 (default)
2022-12-02 11:14:30,476 [EventQueue-CommandQueueReportForCommandQueueReportHandler] WARN  events.EventQueue (EventQueue.java:fireEvent(216)) - No event handler registered for event TypedEvent{payloadType=DatanodeDetails, name='Datanode_Command_Queue_Updated'}
2022-12-02 11:14:30,476 [pool-541-thread-1] INFO  server.RaftServerConfigKeys (ConfUtils.java:logGet(46)) - raft.server.log.segment.size.max = 1048576 (custom)
2022-12-02 11:14:30,477 [pool-541-thread-1] INFO  server.RaftServerConfigKeys (ConfUtils.java:logGet(46)) - raft.server.log.segment.cache.num.max = 2 (custom)
2022-12-02 11:14:30,477 [pool-541-thread-1] INFO  server.RaftServerConfigKeys (ConfUtils.java:logGet(46)) - raft.server.log.segment.cache.size.max = 200MB (=209715200) (default)
2022-12-02 11:14:30,477 [pool-541-thread-1] INFO  segmented.SegmentedRaftLogWorker (SegmentedRaftLogWorker.java:<init>(189)) - new 90a4d295-1ed6-49a8-a392-d1efb526c081@group-AA62C5EF4467-SegmentedRaftLogWorker for RaftStorageImpl:Storage Directory /home/runner/work/ozone/ozone/hadoop-ozone/integration-test/target/test-dir/MiniOzoneClusterImpl-f8f2b39f-22db-49ae-ab20-f7a2434191fa/datanode-0/data/ratis/356d780b-8409-4adf-9343-aa62c5ef4467
2022-12-02 11:14:30,477 [pool-541-thread-1] INFO  server.RaftServerConfigKeys (ConfUtils.java:logGet(46)) - raft.server.log.queue.byte-limit = 4294967296 (custom)
2022-12-02 11:14:30,477 [pool-541-thread-1] INFO  server.RaftServerConfigKeys (ConfUtils.java:logGet(46)) - raft.server.log.queue.element-limit = 1024 (custom)
2022-12-02 11:14:30,478 [pool-541-thread-1] INFO  server.RaftServerConfigKeys (ConfUtils.java:logGet(46)) - raft.server.log.segment.size.max = 1048576 (custom)
2022-12-02 11:14:30,478 [pool-541-thread-1] INFO  server.RaftServerConfigKeys (ConfUtils.java:logGet(46)) - raft.server.log.preallocated.size = 16384 (custom)
2022-12-02 11:14:30,478 [pool-541-thread-1] INFO  server.RaftServerConfigKeys (ConfUtils.java:logGet(46)) - raft.server.log.force.sync.num = 128 (default)
2022-12-02 11:14:30,478 [pool-541-thread-1] INFO  server.RaftServerConfigKeys (ConfUtils.java:logGet(46)) - raft.server.log.statemachine.data.sync = true (default)
2022-12-02 11:14:30,478 [pool-541-thread-1] INFO  server.RaftServerConfigKeys (ConfUtils.java:logGet(46)) - raft.server.log.statemachine.data.sync.timeout = 10s (default)
2022-12-02 11:14:30,478 [pool-541-thread-1] INFO  server.RaftServerConfigKeys (ConfUtils.java:logGet(46)) - raft.server.log.statemachine.data.sync.timeout.retry = -1 (default)
2022-12-02 11:14:30,479 [pool-541-thread-1] INFO  server.RaftServerConfigKeys (ConfUtils.java:logGet(46)) - raft.server.log.write.buffer.size = 1048576 (custom)
2022-12-02 11:14:30,480 [pool-541-thread-1] INFO  server.RaftServerConfigKeys (ConfUtils.java:logGet(46)) - raft.server.log.appender.buffer.byte-limit = 33554432 (custom)
2022-12-02 11:14:30,486 [pool-541-thread-1] INFO  server.RaftServerConfigKeys (ConfUtils.java:logGet(46)) - raft.server.log.unsafe-flush.enabled = false (default)
2022-12-02 11:14:30,486 [pool-541-thread-1] INFO  server.RaftServerConfigKeys (ConfUtils.java:logGet(46)) - raft.server.log.async-flush.enabled = false (default)
2022-12-02 11:14:30,487 [pool-541-thread-1] INFO  server.RaftServerConfigKeys (ConfUtils.java:logGet(46)) - raft.server.log.statemachine.data.caching.enabled = true (custom)
2022-12-02 11:14:30,487 [pool-541-thread-1] INFO  segmented.SegmentedRaftLogWorker (SegmentedRaftLogWorker.java:lambda$new$0(135)) - 90a4d295-1ed6-49a8-a392-d1efb526c081@group-AA62C5EF4467-SegmentedRaftLogWorker: flushIndex: setUnconditionally 0 -> -1
2022-12-02 11:14:30,487 [pool-541-thread-1] INFO  segmented.SegmentedRaftLogWorker (SegmentedRaftLogWorker.java:lambda$new$0(135)) - 90a4d295-1ed6-49a8-a392-d1efb526c081@group-AA62C5EF4467-SegmentedRaftLogWorker: safeCacheEvictIndex: setUnconditionally 0 -> -1
2022-12-02 11:14:30,487 [pool-541-thread-1] INFO  server.RaftServer$Division (RaftServerImpl.java:start(334)) - 90a4d295-1ed6-49a8-a392-d1efb526c081@group-AA62C5EF4467: start as a follower, conf=-1: peers:[90a4d295-1ed6-49a8-a392-d1efb526c081|rpc:10.1.0.7:38181|priority:1|startupRole:FOLLOWER, aecdc221-737e-4b39-8f20-7a048fa0296a|rpc:10.1.0.7:34239|priority:0|startupRole:FOLLOWER, 1fd27439-e6b5-4682-b1aa-75bd99d23433|rpc:10.1.0.7:38521|priority:0|startupRole:FOLLOWER]|listeners:[], old=null
2022-12-02 11:14:30,487 [pool-541-thread-1] INFO  server.RaftServer$Division (RaftServerImpl.java:setRole(321)) - 90a4d295-1ed6-49a8-a392-d1efb526c081@group-AA62C5EF4467: changes role from      null to FOLLOWER at term 0 for startAsFollower
2022-12-02 11:14:30,487 [pool-541-thread-1] INFO  impl.RoleInfo (RoleInfo.java:updateAndGet(139)) - 90a4d295-1ed6-49a8-a392-d1efb526c081: start 90a4d295-1ed6-49a8-a392-d1efb526c081@group-AA62C5EF4467-FollowerState
2022-12-02 11:14:30,488 [pool-541-thread-1] INFO  util.JmxRegister (JmxRegister.java:tryRegister(44)) - Successfully registered JMX Bean with object name Ratis:service=RaftServer,group=group-AA62C5EF4467,id=90a4d295-1ed6-49a8-a392-d1efb526c081
2022-12-02 11:14:30,488 [90a4d295-1ed6-49a8-a392-d1efb526c081@group-AA62C5EF4467-FollowerState] INFO  server.RaftServerConfigKeys (ConfUtils.java:logFallback(53)) - raft.server.rpc.first-election.timeout.min = 5s (fallback to raft.server.rpc.timeout.min)
2022-12-02 11:14:30,488 [pool-541-thread-1] INFO  server.RaftServerConfigKeys (ConfUtils.java:logGet(46)) - raft.server.snapshot.auto.trigger.enabled = true (custom)
2022-12-02 11:14:30,488 [pool-541-thread-1] INFO  server.RaftServerConfigKeys (ConfUtils.java:logGet(46)) - raft.server.snapshot.auto.trigger.threshold = 10000 (custom)
2022-12-02 11:14:30,488 [90a4d295-1ed6-49a8-a392-d1efb526c081@group-AA62C5EF4467-FollowerState] INFO  server.RaftServerConfigKeys (ConfUtils.java:logFallback(53)) - raft.server.rpc.first-election.timeout.max = 5200ms (fallback to raft.server.rpc.timeout.max)
2022-12-02 11:14:30,488 [pool-541-thread-1] INFO  server.RaftServerConfigKeys (ConfUtils.java:logGet(46)) - raft.server.snapshot.retention.file.num = 5 (custom)
2022-12-02 11:14:30,488 [pool-541-thread-1] INFO  server.RaftServerConfigKeys (ConfUtils.java:logGet(46)) - raft.server.log.purge.upto.snapshot.index = false (default)
2022-12-02 11:14:30,493 [Command processor thread] INFO  ratis.XceiverServerRatis (XceiverServerRatis.java:addGroup(765)) - Created group PipelineID=356d780b-8409-4adf-9343-aa62c5ef4467
2022-12-02 11:14:30,504 [grpc-default-executor-0] INFO  server.RaftServer (RaftServerProxy.java:addNew(96)) - aecdc221-737e-4b39-8f20-7a048fa0296a: addNew group-AA62C5EF4467:[90a4d295-1ed6-49a8-a392-d1efb526c081|rpc:10.1.0.7:38181|dataStream:|priority:1|startupRole:FOLLOWER, aecdc221-737e-4b39-8f20-7a048fa0296a|rpc:10.1.0.7:34239|dataStream:|priority:0|startupRole:FOLLOWER, 1fd27439-e6b5-4682-b1aa-75bd99d23433|rpc:10.1.0.7:38521|dataStream:|priority:0|startupRole:FOLLOWER] returns group-AA62C5EF4467:java.util.concurrent.CompletableFuture@7b42821f[Not completed]
2022-12-02 11:14:30,505 [pool-564-thread-1] INFO  server.RaftServer$Division (RaftServerImpl.java:<init>(195)) - aecdc221-737e-4b39-8f20-7a048fa0296a: new RaftServerImpl for group-AA62C5EF4467:[90a4d295-1ed6-49a8-a392-d1efb526c081|rpc:10.1.0.7:38181|dataStream:|priority:1|startupRole:FOLLOWER, aecdc221-737e-4b39-8f20-7a048fa0296a|rpc:10.1.0.7:34239|dataStream:|priority:0|startupRole:FOLLOWER, 1fd27439-e6b5-4682-b1aa-75bd99d23433|rpc:10.1.0.7:38521|dataStream:|priority:0|startupRole:FOLLOWER] with ContainerStateMachine:uninitialized
2022-12-02 11:14:30,505 [pool-564-thread-1] INFO  server.RaftServerConfigKeys (ConfUtils.java:logGet(46)) - raft.server.rpc.timeout.min = 5s (custom)
2022-12-02 11:14:30,505 [pool-564-thread-1] INFO  server.RaftServerConfigKeys (ConfUtils.java:logGet(46)) - raft.server.rpc.timeout.max = 5200ms (custom)
2022-12-02 11:14:30,505 [pool-564-thread-1] INFO  server.RaftServerConfigKeys (ConfUtils.java:logGet(46)) - raft.server.rpc.sleep.time = 25ms (default)
2022-12-02 11:14:30,506 [pool-564-thread-1] INFO  server.RaftServerConfigKeys (ConfUtils.java:logGet(46)) - raft.server.rpc.slowness.timeout = 300s (custom)
2022-12-02 11:14:30,506 [pool-564-thread-1] INFO  server.RaftServerConfigKeys (ConfUtils.java:logGet(46)) - raft.server.leaderelection.leader.step-down.wait-time = 10s (default)
2022-12-02 11:14:30,506 [pool-564-thread-1] INFO  server.RaftServerConfigKeys (ConfUtils.java:logGet(46)) - raft.server.sleep.deviation.threshold = 300ms (default)
2022-12-02 11:14:30,506 [pool-564-thread-1] INFO  server.RaftServer$Division (ServerState.java:<init>(118)) - aecdc221-737e-4b39-8f20-7a048fa0296a@group-AA62C5EF4467: ConfigurationManager, init=-1: peers:[90a4d295-1ed6-49a8-a392-d1efb526c081|rpc:10.1.0.7:38181|dataStream:|priority:1|startupRole:FOLLOWER, aecdc221-737e-4b39-8f20-7a048fa0296a|rpc:10.1.0.7:34239|dataStream:|priority:0|startupRole:FOLLOWER, 1fd27439-e6b5-4682-b1aa-75bd99d23433|rpc:10.1.0.7:38521|dataStream:|priority:0|startupRole:FOLLOWER]|listeners:[], old=null, confs=<EMPTY_MAP>
2022-12-02 11:14:30,506 [pool-564-thread-1] INFO  server.RaftServerConfigKeys (ConfUtils.java:logGet(46)) - raft.server.storage.dir = [/home/runner/work/ozone/ozone/hadoop-ozone/integration-test/target/test-dir/MiniOzoneClusterImpl-f8f2b39f-22db-49ae-ab20-f7a2434191fa/datanode-1/data/ratis] (custom)
2022-12-02 11:14:30,506 [pool-564-thread-1] INFO  server.RaftServerConfigKeys (ConfUtils.java:logGet(46)) - raft.server.log.corruption.policy = EXCEPTION (default)
2022-12-02 11:14:30,506 [pool-564-thread-1] INFO  server.RaftServerConfigKeys (ConfUtils.java:logGet(46)) - raft.server.storage.free-space.min = 0MB (=0) (default)
2022-12-02 11:14:30,506 [pool-564-thread-1] INFO  server.RaftServerConfigKeys (ConfUtils.java:logGet(46)) - raft.server.notification.no-leader.timeout = 300s (custom)
2022-12-02 11:14:30,506 [pool-564-thread-1] INFO  server.RaftServerConfigKeys (ConfUtils.java:logGet(46)) - raft.server.retrycache.expirytime = 600000ms (custom)
2022-12-02 11:14:30,506 [pool-564-thread-1] INFO  server.RaftServerConfigKeys (ConfUtils.java:logGet(46)) - raft.server.retrycache.statistics.expirytime = 100μs (default)
2022-12-02 11:14:30,510 [pool-564-thread-1] INFO  server.RaftServerConfigKeys (ConfUtils.java:logGet(46)) - raft.server.log.appender.install.snapshot.enabled = false (custom)
2022-12-02 11:14:30,510 [pool-564-thread-1] INFO  server.RaftServerConfigKeys (ConfUtils.java:logGet(46)) - raft.server.threadpool.server.cached = true (default)
2022-12-02 11:14:30,510 [pool-564-thread-1] INFO  server.RaftServerConfigKeys (ConfUtils.java:logGet(46)) - raft.server.threadpool.server.size = 0 (default)
2022-12-02 11:14:30,511 [pool-564-thread-1] INFO  server.RaftServerConfigKeys (ConfUtils.java:logGet(46)) - raft.server.threadpool.client.cached = true (default)
2022-12-02 11:14:30,511 [pool-564-thread-1] INFO  server.RaftServerConfigKeys (ConfUtils.java:logGet(46)) - raft.server.threadpool.client.size = 0 (default)
2022-12-02 11:14:30,511 [pool-564-thread-1] INFO  storage.RaftStorageDirectory (RaftStorageDirectoryImpl.java:analyzeStorage(137)) - The storage directory /home/runner/work/ozone/ozone/hadoop-ozone/integration-test/target/test-dir/MiniOzoneClusterImpl-f8f2b39f-22db-49ae-ab20-f7a2434191fa/datanode-1/data/ratis/356d780b-8409-4adf-9343-aa62c5ef4467 does not exist. Creating ...
2022-12-02 11:14:30,512 [pool-564-thread-1] INFO  storage.RaftStorageDirectory (RaftStorageDirectoryImpl.java:tryLock(231)) - Lock on /home/runner/work/ozone/ozone/hadoop-ozone/integration-test/target/test-dir/MiniOzoneClusterImpl-f8f2b39f-22db-49ae-ab20-f7a2434191fa/datanode-1/data/ratis/356d780b-8409-4adf-9343-aa62c5ef4467/in_use.lock acquired by nodename 6885@fv-az205-634
2022-12-02 11:14:30,513 [pool-564-thread-1] INFO  storage.RaftStorage (RaftStorageImpl.java:format(96)) - Storage directory /home/runner/work/ozone/ozone/hadoop-ozone/integration-test/target/test-dir/MiniOzoneClusterImpl-f8f2b39f-22db-49ae-ab20-f7a2434191fa/datanode-1/data/ratis/356d780b-8409-4adf-9343-aa62c5ef4467 has been successfully formatted.
2022-12-02 11:14:30,516 [EventQueue-CommandQueueReportForCommandQueueReportHandler] WARN  events.EventQueue (EventQueue.java:fireEvent(216)) - No event handler registered for event TypedEvent{payloadType=DatanodeDetails, name='Datanode_Command_Queue_Updated'}
2022-12-02 11:14:30,516 [pool-564-thread-1] INFO  ratis.ContainerStateMachine (ContainerStateMachine.java:loadSnapshot(236)) - group-AA62C5EF4467: The snapshot info is null. Setting the last applied indexto:(t:0, i:~)
2022-12-02 11:14:30,517 [pool-564-thread-1] INFO  server.RaftServerConfigKeys (ConfUtils.java:logGet(46)) - raft.server.log.use.memory = false (default)
2022-12-02 11:14:30,517 [pool-564-thread-1] INFO  server.RaftServerConfigKeys (ConfUtils.java:logGet(46)) - raft.server.log.purge.gap = 1000000 (custom)
2022-12-02 11:14:30,517 [pool-564-thread-1] INFO  server.RaftServerConfigKeys (ConfUtils.java:logGet(46)) - raft.server.log.appender.buffer.byte-limit = 33554432 (custom)
2022-12-02 11:14:30,517 [pool-564-thread-1] INFO  server.RaftServerConfigKeys (ConfUtils.java:logGet(46)) - raft.server.log.statemachine.data.read.timeout = 1000ms (default)
2022-12-02 11:14:30,517 [pool-564-thread-1] INFO  server.RaftServerConfigKeys (ConfUtils.java:logGet(46)) - raft.server.log.purge.preservation.log.num = 0 (default)
2022-12-02 11:14:30,517 [pool-564-thread-1] INFO  server.RaftServerConfigKeys (ConfUtils.java:logGet(46)) - raft.server.log.segment.size.max = 1048576 (custom)
2022-12-02 11:14:30,518 [pool-564-thread-1] INFO  server.RaftServerConfigKeys (ConfUtils.java:logGet(46)) - raft.server.log.segment.cache.num.max = 2 (custom)
2022-12-02 11:14:30,518 [pool-564-thread-1] INFO  server.RaftServerConfigKeys (ConfUtils.java:logGet(46)) - raft.server.log.segment.cache.size.max = 200MB (=209715200) (default)
2022-12-02 11:14:30,518 [pool-564-thread-1] INFO  segmented.SegmentedRaftLogWorker (SegmentedRaftLogWorker.java:<init>(189)) - new aecdc221-737e-4b39-8f20-7a048fa0296a@group-AA62C5EF4467-SegmentedRaftLogWorker for RaftStorageImpl:Storage Directory /home/runner/work/ozone/ozone/hadoop-ozone/integration-test/target/test-dir/MiniOzoneClusterImpl-f8f2b39f-22db-49ae-ab20-f7a2434191fa/datanode-1/data/ratis/356d780b-8409-4adf-9343-aa62c5ef4467
2022-12-02 11:14:30,518 [pool-564-thread-1] INFO  server.RaftServerConfigKeys (ConfUtils.java:logGet(46)) - raft.server.log.queue.byte-limit = 4294967296 (custom)
2022-12-02 11:14:30,518 [pool-564-thread-1] INFO  server.RaftServerConfigKeys (ConfUtils.java:logGet(46)) - raft.server.log.queue.element-limit = 1024 (custom)
2022-12-02 11:14:30,518 [pool-564-thread-1] INFO  server.RaftServerConfigKeys (ConfUtils.java:logGet(46)) - raft.server.log.segment.size.max = 1048576 (custom)
2022-12-02 11:14:30,518 [pool-564-thread-1] INFO  server.RaftServerConfigKeys (ConfUtils.java:logGet(46)) - raft.server.log.preallocated.size = 16384 (custom)
2022-12-02 11:14:30,518 [pool-564-thread-1] INFO  server.RaftServerConfigKeys (ConfUtils.java:logGet(46)) - raft.server.log.force.sync.num = 128 (default)
2022-12-02 11:14:30,518 [pool-564-thread-1] INFO  server.RaftServerConfigKeys (ConfUtils.java:logGet(46)) - raft.server.log.statemachine.data.sync = true (default)
2022-12-02 11:14:30,518 [pool-564-thread-1] INFO  server.RaftServerConfigKeys (ConfUtils.java:logGet(46)) - raft.server.log.statemachine.data.sync.timeout = 10s (default)
2022-12-02 11:14:30,518 [pool-564-thread-1] INFO  server.RaftServerConfigKeys (ConfUtils.java:logGet(46)) - raft.server.log.statemachine.data.sync.timeout.retry = -1 (default)
2022-12-02 11:14:30,520 [pool-564-thread-1] INFO  server.RaftServerConfigKeys (ConfUtils.java:logGet(46)) - raft.server.log.write.buffer.size = 1048576 (custom)
2022-12-02 11:14:30,521 [pool-564-thread-1] INFO  server.RaftServerConfigKeys (ConfUtils.java:logGet(46)) - raft.server.log.appender.buffer.byte-limit = 33554432 (custom)
2022-12-02 11:14:30,528 [pool-564-thread-1] INFO  server.RaftServerConfigKeys (ConfUtils.java:logGet(46)) - raft.server.log.unsafe-flush.enabled = false (default)
2022-12-02 11:14:30,528 [pool-564-thread-1] INFO  server.RaftServerConfigKeys (ConfUtils.java:logGet(46)) - raft.server.log.async-flush.enabled = false (default)
2022-12-02 11:14:30,528 [pool-564-thread-1] INFO  server.RaftServerConfigKeys (ConfUtils.java:logGet(46)) - raft.server.log.statemachine.data.caching.enabled = true (custom)
2022-12-02 11:14:30,528 [pool-564-thread-1] INFO  segmented.SegmentedRaftLogWorker (SegmentedRaftLogWorker.java:lambda$new$0(135)) - aecdc221-737e-4b39-8f20-7a048fa0296a@group-AA62C5EF4467-SegmentedRaftLogWorker: flushIndex: setUnconditionally 0 -> -1
2022-12-02 11:14:30,528 [pool-564-thread-1] INFO  segmented.SegmentedRaftLogWorker (SegmentedRaftLogWorker.java:lambda$new$0(135)) - aecdc221-737e-4b39-8f20-7a048fa0296a@group-AA62C5EF4467-SegmentedRaftLogWorker: safeCacheEvictIndex: setUnconditionally 0 -> -1
2022-12-02 11:14:30,530 [pool-564-thread-1] INFO  server.RaftServer$Division (RaftServerImpl.java:start(334)) - aecdc221-737e-4b39-8f20-7a048fa0296a@group-AA62C5EF4467: start as a follower, conf=-1: peers:[90a4d295-1ed6-49a8-a392-d1efb526c081|rpc:10.1.0.7:38181|dataStream:|priority:1|startupRole:FOLLOWER, aecdc221-737e-4b39-8f20-7a048fa0296a|rpc:10.1.0.7:34239|dataStream:|priority:0|startupRole:FOLLOWER, 1fd27439-e6b5-4682-b1aa-75bd99d23433|rpc:10.1.0.7:38521|dataStream:|priority:0|startupRole:FOLLOWER]|listeners:[], old=null
2022-12-02 11:14:30,530 [pool-564-thread-1] INFO  server.RaftServer$Division (RaftServerImpl.java:setRole(321)) - aecdc221-737e-4b39-8f20-7a048fa0296a@group-AA62C5EF4467: changes role from      null to FOLLOWER at term 0 for startAsFollower
2022-12-02 11:14:30,530 [pool-564-thread-1] INFO  impl.RoleInfo (RoleInfo.java:updateAndGet(139)) - aecdc221-737e-4b39-8f20-7a048fa0296a: start aecdc221-737e-4b39-8f20-7a048fa0296a@group-AA62C5EF4467-FollowerState
2022-12-02 11:14:30,534 [pool-564-thread-1] INFO  util.JmxRegister (JmxRegister.java:tryRegister(44)) - Successfully registered JMX Bean with object name Ratis:service=RaftServer,group=group-AA62C5EF4467,id=aecdc221-737e-4b39-8f20-7a048fa0296a
2022-12-02 11:14:30,534 [pool-564-thread-1] INFO  server.RaftServerConfigKeys (ConfUtils.java:logGet(46)) - raft.server.snapshot.auto.trigger.enabled = true (custom)
2022-12-02 11:14:30,534 [pool-564-thread-1] INFO  server.RaftServerConfigKeys (ConfUtils.java:logGet(46)) - raft.server.snapshot.auto.trigger.threshold = 10000 (custom)
2022-12-02 11:14:30,534 [pool-564-thread-1] INFO  server.RaftServerConfigKeys (ConfUtils.java:logGet(46)) - raft.server.snapshot.retention.file.num = 5 (custom)
2022-12-02 11:14:30,534 [pool-564-thread-1] INFO  server.RaftServerConfigKeys (ConfUtils.java:logGet(46)) - raft.server.log.purge.upto.snapshot.index = false (default)
2022-12-02 11:14:30,535 [aecdc221-737e-4b39-8f20-7a048fa0296a@group-AA62C5EF4467-FollowerState] INFO  server.RaftServerConfigKeys (ConfUtils.java:logFallback(53)) - raft.server.rpc.first-election.timeout.min = 5s (fallback to raft.server.rpc.timeout.min)
2022-12-02 11:14:30,535 [aecdc221-737e-4b39-8f20-7a048fa0296a@group-AA62C5EF4467-FollowerState] INFO  server.RaftServerConfigKeys (ConfUtils.java:logFallback(53)) - raft.server.rpc.first-election.timeout.max = 5200ms (fallback to raft.server.rpc.timeout.max)
2022-12-02 11:14:30,549 [grpc-default-executor-0] INFO  server.RaftServer (RaftServerProxy.java:addNew(96)) - 1fd27439-e6b5-4682-b1aa-75bd99d23433: addNew group-AA62C5EF4467:[90a4d295-1ed6-49a8-a392-d1efb526c081|rpc:10.1.0.7:38181|dataStream:|priority:1|startupRole:FOLLOWER, aecdc221-737e-4b39-8f20-7a048fa0296a|rpc:10.1.0.7:34239|dataStream:|priority:0|startupRole:FOLLOWER, 1fd27439-e6b5-4682-b1aa-75bd99d23433|rpc:10.1.0.7:38521|dataStream:|priority:0|startupRole:FOLLOWER] returns group-AA62C5EF4467:java.util.concurrent.CompletableFuture@b80d7ce[Not completed]
2022-12-02 11:14:30,550 [pool-587-thread-1] INFO  server.RaftServer$Division (RaftServerImpl.java:<init>(195)) - 1fd27439-e6b5-4682-b1aa-75bd99d23433: new RaftServerImpl for group-AA62C5EF4467:[90a4d295-1ed6-49a8-a392-d1efb526c081|rpc:10.1.0.7:38181|dataStream:|priority:1|startupRole:FOLLOWER, aecdc221-737e-4b39-8f20-7a048fa0296a|rpc:10.1.0.7:34239|dataStream:|priority:0|startupRole:FOLLOWER, 1fd27439-e6b5-4682-b1aa-75bd99d23433|rpc:10.1.0.7:38521|dataStream:|priority:0|startupRole:FOLLOWER] with ContainerStateMachine:uninitialized
2022-12-02 11:14:30,550 [pool-587-thread-1] INFO  server.RaftServerConfigKeys (ConfUtils.java:logGet(46)) - raft.server.rpc.timeout.min = 5s (custom)
2022-12-02 11:14:30,550 [pool-587-thread-1] INFO  server.RaftServerConfigKeys (ConfUtils.java:logGet(46)) - raft.server.rpc.timeout.max = 5200ms (custom)
2022-12-02 11:14:30,550 [pool-587-thread-1] INFO  server.RaftServerConfigKeys (ConfUtils.java:logGet(46)) - raft.server.rpc.sleep.time = 25ms (default)
2022-12-02 11:14:30,550 [pool-587-thread-1] INFO  server.RaftServerConfigKeys (ConfUtils.java:logGet(46)) - raft.server.rpc.slowness.timeout = 300s (custom)
2022-12-02 11:14:30,550 [pool-587-thread-1] INFO  server.RaftServerConfigKeys (ConfUtils.java:logGet(46)) - raft.server.leaderelection.leader.step-down.wait-time = 10s (default)
2022-12-02 11:14:30,550 [pool-587-thread-1] INFO  server.RaftServerConfigKeys (ConfUtils.java:logGet(46)) - raft.server.sleep.deviation.threshold = 300ms (default)
2022-12-02 11:14:30,551 [pool-587-thread-1] INFO  server.RaftServer$Division (ServerState.java:<init>(118)) - 1fd27439-e6b5-4682-b1aa-75bd99d23433@group-AA62C5EF4467: ConfigurationManager, init=-1: peers:[90a4d295-1ed6-49a8-a392-d1efb526c081|rpc:10.1.0.7:38181|dataStream:|priority:1|startupRole:FOLLOWER, aecdc221-737e-4b39-8f20-7a048fa0296a|rpc:10.1.0.7:34239|dataStream:|priority:0|startupRole:FOLLOWER, 1fd27439-e6b5-4682-b1aa-75bd99d23433|rpc:10.1.0.7:38521|dataStream:|priority:0|startupRole:FOLLOWER]|listeners:[], old=null, confs=<EMPTY_MAP>
2022-12-02 11:14:30,551 [pool-587-thread-1] INFO  server.RaftServerConfigKeys (ConfUtils.java:logGet(46)) - raft.server.storage.dir = [/home/runner/work/ozone/ozone/hadoop-ozone/integration-test/target/test-dir/MiniOzoneClusterImpl-f8f2b39f-22db-49ae-ab20-f7a2434191fa/datanode-2/data/ratis] (custom)
2022-12-02 11:14:30,551 [pool-587-thread-1] INFO  server.RaftServerConfigKeys (ConfUtils.java:logGet(46)) - raft.server.log.corruption.policy = EXCEPTION (default)
2022-12-02 11:14:30,551 [pool-587-thread-1] INFO  server.RaftServerConfigKeys (ConfUtils.java:logGet(46)) - raft.server.storage.free-space.min = 0MB (=0) (default)
2022-12-02 11:14:30,551 [pool-587-thread-1] INFO  server.RaftServerConfigKeys (ConfUtils.java:logGet(46)) - raft.server.notification.no-leader.timeout = 300s (custom)
2022-12-02 11:14:30,551 [pool-587-thread-1] INFO  server.RaftServerConfigKeys (ConfUtils.java:logGet(46)) - raft.server.retrycache.expirytime = 600000ms (custom)
2022-12-02 11:14:30,551 [pool-587-thread-1] INFO  server.RaftServerConfigKeys (ConfUtils.java:logGet(46)) - raft.server.retrycache.statistics.expirytime = 100μs (default)
2022-12-02 11:14:30,552 [pool-587-thread-1] INFO  server.RaftServerConfigKeys (ConfUtils.java:logGet(46)) - raft.server.log.appender.install.snapshot.enabled = false (custom)
2022-12-02 11:14:30,553 [pool-587-thread-1] INFO  server.RaftServerConfigKeys (ConfUtils.java:logGet(46)) - raft.server.threadpool.server.cached = true (default)
2022-12-02 11:14:30,553 [pool-587-thread-1] INFO  server.RaftServerConfigKeys (ConfUtils.java:logGet(46)) - raft.server.threadpool.server.size = 0 (default)
2022-12-02 11:14:30,553 [pool-587-thread-1] INFO  server.RaftServerConfigKeys (ConfUtils.java:logGet(46)) - raft.server.threadpool.client.cached = true (default)
2022-12-02 11:14:30,553 [pool-587-thread-1] INFO  server.RaftServerConfigKeys (ConfUtils.java:logGet(46)) - raft.server.threadpool.client.size = 0 (default)
2022-12-02 11:14:30,553 [pool-587-thread-1] INFO  storage.RaftStorageDirectory (RaftStorageDirectoryImpl.java:analyzeStorage(137)) - The storage directory /home/runner/work/ozone/ozone/hadoop-ozone/integration-test/target/test-dir/MiniOzoneClusterImpl-f8f2b39f-22db-49ae-ab20-f7a2434191fa/datanode-2/data/ratis/356d780b-8409-4adf-9343-aa62c5ef4467 does not exist. Creating ...
2022-12-02 11:14:30,554 [pool-587-thread-1] INFO  storage.RaftStorageDirectory (RaftStorageDirectoryImpl.java:tryLock(231)) - Lock on /home/runner/work/ozone/ozone/hadoop-ozone/integration-test/target/test-dir/MiniOzoneClusterImpl-f8f2b39f-22db-49ae-ab20-f7a2434191fa/datanode-2/data/ratis/356d780b-8409-4adf-9343-aa62c5ef4467/in_use.lock acquired by nodename 6885@fv-az205-634
2022-12-02 11:14:30,556 [pool-587-thread-1] INFO  storage.RaftStorage (RaftStorageImpl.java:format(96)) - Storage directory /home/runner/work/ozone/ozone/hadoop-ozone/integration-test/target/test-dir/MiniOzoneClusterImpl-f8f2b39f-22db-49ae-ab20-f7a2434191fa/datanode-2/data/ratis/356d780b-8409-4adf-9343-aa62c5ef4467 has been successfully formatted.
2022-12-02 11:14:30,556 [pool-587-thread-1] INFO  ratis.ContainerStateMachine (ContainerStateMachine.java:loadSnapshot(236)) - group-AA62C5EF4467: The snapshot info is null. Setting the last applied indexto:(t:0, i:~)
2022-12-02 11:14:30,557 [pool-587-thread-1] INFO  server.RaftServerConfigKeys (ConfUtils.java:logGet(46)) - raft.server.log.use.memory = false (default)
2022-12-02 11:14:30,557 [pool-587-thread-1] INFO  server.RaftServerConfigKeys (ConfUtils.java:logGet(46)) - raft.server.log.purge.gap = 1000000 (custom)
2022-12-02 11:14:30,557 [pool-587-thread-1] INFO  server.RaftServerConfigKeys (ConfUtils.java:logGet(46)) - raft.server.log.appender.buffer.byte-limit = 33554432 (custom)
2022-12-02 11:14:30,558 [EventQueue-CommandQueueReportForCommandQueueReportHandler] WARN  events.EventQueue (EventQueue.java:fireEvent(216)) - No event handler registered for event TypedEvent{payloadType=DatanodeDetails, name='Datanode_Command_Queue_Updated'}
2022-12-02 11:14:30,558 [pool-587-thread-1] INFO  server.RaftServerConfigKeys (ConfUtils.java:logGet(46)) - raft.server.log.statemachine.data.read.timeout = 1000ms (default)
2022-12-02 11:14:30,558 [pool-587-thread-1] INFO  server.RaftServerConfigKeys (ConfUtils.java:logGet(46)) - raft.server.log.purge.preservation.log.num = 0 (default)
2022-12-02 11:14:30,559 [pool-587-thread-1] INFO  server.RaftServerConfigKeys (ConfUtils.java:logGet(46)) - raft.server.log.segment.size.max = 1048576 (custom)
2022-12-02 11:14:30,559 [pool-587-thread-1] INFO  server.RaftServerConfigKeys (ConfUtils.java:logGet(46)) - raft.server.log.segment.cache.num.max = 2 (custom)
2022-12-02 11:14:30,559 [pool-587-thread-1] INFO  server.RaftServerConfigKeys (ConfUtils.java:logGet(46)) - raft.server.log.segment.cache.size.max = 200MB (=209715200) (default)
2022-12-02 11:14:30,559 [pool-587-thread-1] INFO  segmented.SegmentedRaftLogWorker (SegmentedRaftLogWorker.java:<init>(189)) - new 1fd27439-e6b5-4682-b1aa-75bd99d23433@group-AA62C5EF4467-SegmentedRaftLogWorker for RaftStorageImpl:Storage Directory /home/runner/work/ozone/ozone/hadoop-ozone/integration-test/target/test-dir/MiniOzoneClusterImpl-f8f2b39f-22db-49ae-ab20-f7a2434191fa/datanode-2/data/ratis/356d780b-8409-4adf-9343-aa62c5ef4467
2022-12-02 11:14:30,560 [pool-587-thread-1] INFO  server.RaftServerConfigKeys (ConfUtils.java:logGet(46)) - raft.server.log.queue.byte-limit = 4294967296 (custom)
2022-12-02 11:14:30,560 [pool-587-thread-1] INFO  server.RaftServerConfigKeys (ConfUtils.java:logGet(46)) - raft.server.log.queue.element-limit = 1024 (custom)
2022-12-02 11:14:30,560 [pool-587-thread-1] INFO  server.RaftServerConfigKeys (ConfUtils.java:logGet(46)) - raft.server.log.segment.size.max = 1048576 (custom)
2022-12-02 11:14:30,560 [pool-587-thread-1] INFO  server.RaftServerConfigKeys (ConfUtils.java:logGet(46)) - raft.server.log.preallocated.size = 16384 (custom)
2022-12-02 11:14:30,560 [pool-587-thread-1] INFO  server.RaftServerConfigKeys (ConfUtils.java:logGet(46)) - raft.server.log.force.sync.num = 128 (default)
2022-12-02 11:14:30,560 [pool-587-thread-1] INFO  server.RaftServerConfigKeys (ConfUtils.java:logGet(46)) - raft.server.log.statemachine.data.sync = true (default)
2022-12-02 11:14:30,560 [pool-587-thread-1] INFO  server.RaftServerConfigKeys (ConfUtils.java:logGet(46)) - raft.server.log.statemachine.data.sync.timeout = 10s (default)
2022-12-02 11:14:30,560 [pool-587-thread-1] INFO  server.RaftServerConfigKeys (ConfUtils.java:logGet(46)) - raft.server.log.statemachine.data.sync.timeout.retry = -1 (default)
2022-12-02 11:14:30,561 [pool-587-thread-1] INFO  server.RaftServerConfigKeys (ConfUtils.java:logGet(46)) - raft.server.log.write.buffer.size = 1048576 (custom)
2022-12-02 11:14:30,562 [pool-587-thread-1] INFO  server.RaftServerConfigKeys (ConfUtils.java:logGet(46)) - raft.server.log.appender.buffer.byte-limit = 33554432 (custom)
2022-12-02 11:14:30,569 [pool-587-thread-1] INFO  server.RaftServerConfigKeys (ConfUtils.java:logGet(46)) - raft.server.log.unsafe-flush.enabled = false (default)
2022-12-02 11:14:30,570 [pool-587-thread-1] INFO  server.RaftServerConfigKeys (ConfUtils.java:logGet(46)) - raft.server.log.async-flush.enabled = false (default)
2022-12-02 11:14:30,570 [pool-587-thread-1] INFO  server.RaftServerConfigKeys (ConfUtils.java:logGet(46)) - raft.server.log.statemachine.data.caching.enabled = true (custom)
2022-12-02 11:14:30,570 [pool-587-thread-1] INFO  segmented.SegmentedRaftLogWorker (SegmentedRaftLogWorker.java:lambda$new$0(135)) - 1fd27439-e6b5-4682-b1aa-75bd99d23433@group-AA62C5EF4467-SegmentedRaftLogWorker: flushIndex: setUnconditionally 0 -> -1
2022-12-02 11:14:30,570 [pool-587-thread-1] INFO  segmented.SegmentedRaftLogWorker (SegmentedRaftLogWorker.java:lambda$new$0(135)) - 1fd27439-e6b5-4682-b1aa-75bd99d23433@group-AA62C5EF4467-SegmentedRaftLogWorker: safeCacheEvictIndex: setUnconditionally 0 -> -1
2022-12-02 11:14:30,571 [pool-587-thread-1] INFO  server.RaftServer$Division (RaftServerImpl.java:start(334)) - 1fd27439-e6b5-4682-b1aa-75bd99d23433@group-AA62C5EF4467: start as a follower, conf=-1: peers:[90a4d295-1ed6-49a8-a392-d1efb526c081|rpc:10.1.0.7:38181|dataStream:|priority:1|startupRole:FOLLOWER, aecdc221-737e-4b39-8f20-7a048fa0296a|rpc:10.1.0.7:34239|dataStream:|priority:0|startupRole:FOLLOWER, 1fd27439-e6b5-4682-b1aa-75bd99d23433|rpc:10.1.0.7:38521|dataStream:|priority:0|startupRole:FOLLOWER]|listeners:[], old=null
2022-12-02 11:14:30,571 [pool-587-thread-1] INFO  server.RaftServer$Division (RaftServerImpl.java:setRole(321)) - 1fd27439-e6b5-4682-b1aa-75bd99d23433@group-AA62C5EF4467: changes role from      null to FOLLOWER at term 0 for startAsFollower
2022-12-02 11:14:30,571 [pool-587-thread-1] INFO  impl.RoleInfo (RoleInfo.java:updateAndGet(139)) - 1fd27439-e6b5-4682-b1aa-75bd99d23433: start 1fd27439-e6b5-4682-b1aa-75bd99d23433@group-AA62C5EF4467-FollowerState
2022-12-02 11:14:30,574 [pool-587-thread-1] INFO  util.JmxRegister (JmxRegister.java:tryRegister(44)) - Successfully registered JMX Bean with object name Ratis:service=RaftServer,group=group-AA62C5EF4467,id=1fd27439-e6b5-4682-b1aa-75bd99d23433
2022-12-02 11:14:30,574 [pool-587-thread-1] INFO  server.RaftServerConfigKeys (ConfUtils.java:logGet(46)) - raft.server.snapshot.auto.trigger.enabled = true (custom)
2022-12-02 11:14:30,574 [pool-587-thread-1] INFO  server.RaftServerConfigKeys (ConfUtils.java:logGet(46)) - raft.server.snapshot.auto.trigger.threshold = 10000 (custom)
2022-12-02 11:14:30,574 [pool-587-thread-1] INFO  server.RaftServerConfigKeys (ConfUtils.java:logGet(46)) - raft.server.snapshot.retention.file.num = 5 (custom)
2022-12-02 11:14:30,575 [pool-587-thread-1] INFO  server.RaftServerConfigKeys (ConfUtils.java:logGet(46)) - raft.server.log.purge.upto.snapshot.index = false (default)
2022-12-02 11:14:30,579 [1fd27439-e6b5-4682-b1aa-75bd99d23433@group-AA62C5EF4467-FollowerState] INFO  server.RaftServerConfigKeys (ConfUtils.java:logFallback(53)) - raft.server.rpc.first-election.timeout.min = 5s (fallback to raft.server.rpc.timeout.min)
2022-12-02 11:14:30,579 [1fd27439-e6b5-4682-b1aa-75bd99d23433@group-AA62C5EF4467-FollowerState] INFO  server.RaftServerConfigKeys (ConfUtils.java:logFallback(53)) - raft.server.rpc.first-election.timeout.max = 5200ms (fallback to raft.server.rpc.timeout.max)
2022-12-02 11:14:30,585 [Command processor thread] INFO  commandhandler.CreatePipelineCommandHandler (CreatePipelineCommandHandler.java:handle(113)) - Created Pipeline RATIS THREE PipelineID=356d780b-8409-4adf-9343-aa62c5ef4467.
2022-12-02 11:14:30,594 [EventQueue-CommandQueueReportForCommandQueueReportHandler] WARN  events.EventQueue (EventQueue.java:fireEvent(216)) - No event handler registered for event TypedEvent{payloadType=DatanodeDetails, name='Datanode_Command_Queue_Updated'}
2022-12-02 11:14:31,002 [EventQueue-CommandQueueReportForCommandQueueReportHandler] WARN  events.EventQueue (EventQueue.java:fireEvent(216)) - No event handler registered for event TypedEvent{payloadType=DatanodeDetails, name='Datanode_Command_Queue_Updated'}
2022-12-02 11:14:31,450 [Listener at 127.0.0.1/35473] INFO  ozone.MiniOzoneClusterImpl (MiniOzoneClusterImpl.java:lambda$waitForClusterToBeReady$0(216)) - Nodes are ready. Got 6 of 6 DN Heartbeats.
2022-12-02 11:14:31,451 [Listener at 127.0.0.1/35473] INFO  ozone.MiniOzoneClusterImpl (MiniOzoneClusterImpl.java:lambda$waitForClusterToBeReady$0(219)) - Waiting for cluster to exit safe mode
2022-12-02 11:14:31,451 [Listener at 127.0.0.1/35473] INFO  ozone.MiniOzoneClusterImpl (MiniOzoneClusterImpl.java:lambda$waitForClusterToBeReady$0(221)) - SCM became leader
2022-12-02 11:14:31,480 [EventQueue-CommandQueueReportForCommandQueueReportHandler] WARN  events.EventQueue (EventQueue.java:fireEvent(216)) - No event handler registered for event TypedEvent{payloadType=DatanodeDetails, name='Datanode_Command_Queue_Updated'}
2022-12-02 11:14:31,595 [Command processor thread] INFO  server.RaftServer (RaftServerProxy.java:addNew(96)) - c26475c3-4ee1-492c-b3e0-9196e8cc0198: addNew group-C702BF765ED7:[c26475c3-4ee1-492c-b3e0-9196e8cc0198|rpc:10.1.0.7:38613|priority:0|startupRole:FOLLOWER, 7d2395d2-eabc-4616-a887-e94e2c3276b4|rpc:10.1.0.7:39491|priority:1|startupRole:FOLLOWER, 4a0ae1c5-f8a8-4716-8c13-266b2f364a7b|rpc:10.1.0.7:36099|priority:0|startupRole:FOLLOWER] returns group-C702BF765ED7:java.util.concurrent.CompletableFuture@742c9c8[Not completed]
2022-12-02 11:14:31,598 [pool-610-thread-1] INFO  server.RaftServer$Division (RaftServerImpl.java:<init>(195)) - c26475c3-4ee1-492c-b3e0-9196e8cc0198: new RaftServerImpl for group-C702BF765ED7:[c26475c3-4ee1-492c-b3e0-9196e8cc0198|rpc:10.1.0.7:38613|priority:0|startupRole:FOLLOWER, 7d2395d2-eabc-4616-a887-e94e2c3276b4|rpc:10.1.0.7:39491|priority:1|startupRole:FOLLOWER, 4a0ae1c5-f8a8-4716-8c13-266b2f364a7b|rpc:10.1.0.7:36099|priority:0|startupRole:FOLLOWER] with ContainerStateMachine:uninitialized
2022-12-02 11:14:31,598 [pool-610-thread-1] INFO  server.RaftServerConfigKeys (ConfUtils.java:logGet(46)) - raft.server.rpc.timeout.min = 5s (custom)
2022-12-02 11:14:31,598 [pool-610-thread-1] INFO  server.RaftServerConfigKeys (ConfUtils.java:logGet(46)) - raft.server.rpc.timeout.max = 5200ms (custom)
2022-12-02 11:14:31,599 [pool-610-thread-1] INFO  server.RaftServerConfigKeys (ConfUtils.java:logGet(46)) - raft.server.rpc.sleep.time = 25ms (default)
2022-12-02 11:14:31,599 [pool-610-thread-1] INFO  server.RaftServerConfigKeys (ConfUtils.java:logGet(46)) - raft.server.rpc.slowness.timeout = 300s (custom)
2022-12-02 11:14:31,599 [pool-610-thread-1] INFO  server.RaftServerConfigKeys (ConfUtils.java:logGet(46)) - raft.server.leaderelection.leader.step-down.wait-time = 10s (default)
2022-12-02 11:14:31,599 [pool-610-thread-1] INFO  server.RaftServerConfigKeys (ConfUtils.java:logGet(46)) - raft.server.sleep.deviation.threshold = 300ms (default)
2022-12-02 11:14:31,599 [pool-610-thread-1] INFO  server.RaftServer$Division (ServerState.java:<init>(118)) - c26475c3-4ee1-492c-b3e0-9196e8cc0198@group-C702BF765ED7: ConfigurationManager, init=-1: peers:[c26475c3-4ee1-492c-b3e0-9196e8cc0198|rpc:10.1.0.7:38613|priority:0|startupRole:FOLLOWER, 7d2395d2-eabc-4616-a887-e94e2c3276b4|rpc:10.1.0.7:39491|priority:1|startupRole:FOLLOWER, 4a0ae1c5-f8a8-4716-8c13-266b2f364a7b|rpc:10.1.0.7:36099|priority:0|startupRole:FOLLOWER]|listeners:[], old=null, confs=<EMPTY_MAP>
2022-12-02 11:14:31,599 [pool-610-thread-1] INFO  server.RaftServerConfigKeys (ConfUtils.java:logGet(46)) - raft.server.storage.dir = [/home/runner/work/ozone/ozone/hadoop-ozone/integration-test/target/test-dir/MiniOzoneClusterImpl-f8f2b39f-22db-49ae-ab20-f7a2434191fa/datanode-3/data/ratis] (custom)
2022-12-02 11:14:31,599 [pool-610-thread-1] INFO  server.RaftServerConfigKeys (ConfUtils.java:logGet(46)) - raft.server.log.corruption.policy = EXCEPTION (default)
2022-12-02 11:14:31,599 [pool-610-thread-1] INFO  server.RaftServerConfigKeys (ConfUtils.java:logGet(46)) - raft.server.storage.free-space.min = 0MB (=0) (default)
2022-12-02 11:14:31,599 [pool-610-thread-1] INFO  server.RaftServerConfigKeys (ConfUtils.java:logGet(46)) - raft.server.notification.no-leader.timeout = 300s (custom)
2022-12-02 11:14:31,599 [pool-610-thread-1] INFO  server.RaftServerConfigKeys (ConfUtils.java:logGet(46)) - raft.server.retrycache.expirytime = 600000ms (custom)
2022-12-02 11:14:31,599 [pool-610-thread-1] INFO  server.RaftServerConfigKeys (ConfUtils.java:logGet(46)) - raft.server.retrycache.statistics.expirytime = 100μs (default)
2022-12-02 11:14:31,602 [pool-610-thread-1] INFO  server.RaftServerConfigKeys (ConfUtils.java:logGet(46)) - raft.server.log.appender.install.snapshot.enabled = false (custom)
2022-12-02 11:14:31,602 [pool-610-thread-1] INFO  server.RaftServerConfigKeys (ConfUtils.java:logGet(46)) - raft.server.threadpool.server.cached = true (default)
2022-12-02 11:14:31,602 [pool-610-thread-1] INFO  server.RaftServerConfigKeys (ConfUtils.java:logGet(46)) - raft.server.threadpool.server.size = 0 (default)
2022-12-02 11:14:31,602 [pool-610-thread-1] INFO  server.RaftServerConfigKeys (ConfUtils.java:logGet(46)) - raft.server.threadpool.client.cached = true (default)
2022-12-02 11:14:31,602 [pool-610-thread-1] INFO  server.RaftServerConfigKeys (ConfUtils.java:logGet(46)) - raft.server.threadpool.client.size = 0 (default)
2022-12-02 11:14:31,602 [pool-610-thread-1] INFO  storage.RaftStorageDirectory (RaftStorageDirectoryImpl.java:analyzeStorage(137)) - The storage directory /home/runner/work/ozone/ozone/hadoop-ozone/integration-test/target/test-dir/MiniOzoneClusterImpl-f8f2b39f-22db-49ae-ab20-f7a2434191fa/datanode-3/data/ratis/1bdcf13f-aa6d-4dc9-affe-c702bf765ed7 does not exist. Creating ...
2022-12-02 11:14:31,604 [pool-610-thread-1] INFO  storage.RaftStorageDirectory (RaftStorageDirectoryImpl.java:tryLock(231)) - Lock on /home/runner/work/ozone/ozone/hadoop-ozone/integration-test/target/test-dir/MiniOzoneClusterImpl-f8f2b39f-22db-49ae-ab20-f7a2434191fa/datanode-3/data/ratis/1bdcf13f-aa6d-4dc9-affe-c702bf765ed7/in_use.lock acquired by nodename 6885@fv-az205-634
2022-12-02 11:14:31,605 [pool-610-thread-1] INFO  storage.RaftStorage (RaftStorageImpl.java:format(96)) - Storage directory /home/runner/work/ozone/ozone/hadoop-ozone/integration-test/target/test-dir/MiniOzoneClusterImpl-f8f2b39f-22db-49ae-ab20-f7a2434191fa/datanode-3/data/ratis/1bdcf13f-aa6d-4dc9-affe-c702bf765ed7 has been successfully formatted.
2022-12-02 11:14:31,606 [pool-610-thread-1] INFO  ratis.ContainerStateMachine (ContainerStateMachine.java:loadSnapshot(236)) - group-C702BF765ED7: The snapshot info is null. Setting the last applied indexto:(t:0, i:~)
2022-12-02 11:14:31,606 [pool-610-thread-1] INFO  server.RaftServerConfigKeys (ConfUtils.java:logGet(46)) - raft.server.log.use.memory = false (default)
2022-12-02 11:14:31,606 [pool-610-thread-1] INFO  server.RaftServerConfigKeys (ConfUtils.java:logGet(46)) - raft.server.log.purge.gap = 1000000 (custom)
2022-12-02 11:14:31,606 [pool-610-thread-1] INFO  server.RaftServerConfigKeys (ConfUtils.java:logGet(46)) - raft.server.log.appender.buffer.byte-limit = 33554432 (custom)
2022-12-02 11:14:31,606 [pool-610-thread-1] INFO  server.RaftServerConfigKeys (ConfUtils.java:logGet(46)) - raft.server.log.statemachine.data.read.timeout = 1000ms (default)
2022-12-02 11:14:31,606 [pool-610-thread-1] INFO  server.RaftServerConfigKeys (ConfUtils.java:logGet(46)) - raft.server.log.purge.preservation.log.num = 0 (default)
2022-12-02 11:14:31,606 [pool-610-thread-1] INFO  server.RaftServerConfigKeys (ConfUtils.java:logGet(46)) - raft.server.log.segment.size.max = 1048576 (custom)
2022-12-02 11:14:31,607 [pool-610-thread-1] INFO  server.RaftServerConfigKeys (ConfUtils.java:logGet(46)) - raft.server.log.segment.cache.num.max = 2 (custom)
2022-12-02 11:14:31,607 [pool-610-thread-1] INFO  server.RaftServerConfigKeys (ConfUtils.java:logGet(46)) - raft.server.log.segment.cache.size.max = 200MB (=209715200) (default)
2022-12-02 11:14:31,607 [pool-610-thread-1] INFO  segmented.SegmentedRaftLogWorker (SegmentedRaftLogWorker.java:<init>(189)) - new c26475c3-4ee1-492c-b3e0-9196e8cc0198@group-C702BF765ED7-SegmentedRaftLogWorker for RaftStorageImpl:Storage Directory /home/runner/work/ozone/ozone/hadoop-ozone/integration-test/target/test-dir/MiniOzoneClusterImpl-f8f2b39f-22db-49ae-ab20-f7a2434191fa/datanode-3/data/ratis/1bdcf13f-aa6d-4dc9-affe-c702bf765ed7
2022-12-02 11:14:31,607 [pool-610-thread-1] INFO  server.RaftServerConfigKeys (ConfUtils.java:logGet(46)) - raft.server.log.queue.byte-limit = 4294967296 (custom)
2022-12-02 11:14:31,608 [pool-610-thread-1] INFO  server.RaftServerConfigKeys (ConfUtils.java:logGet(46)) - raft.server.log.queue.element-limit = 1024 (custom)
2022-12-02 11:14:31,609 [pool-610-thread-1] INFO  server.RaftServerConfigKeys (ConfUtils.java:logGet(46)) - raft.server.log.segment.size.max = 1048576 (custom)
2022-12-02 11:14:31,609 [pool-610-thread-1] INFO  server.RaftServerConfigKeys (ConfUtils.java:logGet(46)) - raft.server.log.preallocated.size = 16384 (custom)
2022-12-02 11:14:31,609 [pool-610-thread-1] INFO  server.RaftServerConfigKeys (ConfUtils.java:logGet(46)) - raft.server.log.force.sync.num = 128 (default)
2022-12-02 11:14:31,609 [pool-610-thread-1] INFO  server.RaftServerConfigKeys (ConfUtils.java:logGet(46)) - raft.server.log.statemachine.data.sync = true (default)
2022-12-02 11:14:31,609 [pool-610-thread-1] INFO  server.RaftServerConfigKeys (ConfUtils.java:logGet(46)) - raft.server.log.statemachine.data.sync.timeout = 10s (default)
2022-12-02 11:14:31,609 [EventQueue-CommandQueueReportForCommandQueueReportHandler] WARN  events.EventQueue (EventQueue.java:fireEvent(216)) - No event handler registered for event TypedEvent{payloadType=DatanodeDetails, name='Datanode_Command_Queue_Updated'}
2022-12-02 11:14:31,609 [pool-610-thread-1] INFO  server.RaftServerConfigKeys (ConfUtils.java:logGet(46)) - raft.server.log.statemachine.data.sync.timeout.retry = -1 (default)
2022-12-02 11:14:31,611 [pool-610-thread-1] INFO  server.RaftServerConfigKeys (ConfUtils.java:logGet(46)) - raft.server.log.write.buffer.size = 1048576 (custom)
2022-12-02 11:14:31,612 [pool-610-thread-1] INFO  server.RaftServerConfigKeys (ConfUtils.java:logGet(46)) - raft.server.log.appender.buffer.byte-limit = 33554432 (custom)
2022-12-02 11:14:31,619 [pool-610-thread-1] INFO  server.RaftServerConfigKeys (ConfUtils.java:logGet(46)) - raft.server.log.unsafe-flush.enabled = false (default)
2022-12-02 11:14:31,619 [pool-610-thread-1] INFO  server.RaftServerConfigKeys (ConfUtils.java:logGet(46)) - raft.server.log.async-flush.enabled = false (default)
2022-12-02 11:14:31,619 [pool-610-thread-1] INFO  server.RaftServerConfigKeys (ConfUtils.java:logGet(46)) - raft.server.log.statemachine.data.caching.enabled = true (custom)
2022-12-02 11:14:31,621 [pool-610-thread-1] INFO  segmented.SegmentedRaftLogWorker (SegmentedRaftLogWorker.java:lambda$new$0(135)) - c26475c3-4ee1-492c-b3e0-9196e8cc0198@group-C702BF765ED7-SegmentedRaftLogWorker: flushIndex: setUnconditionally 0 -> -1
2022-12-02 11:14:31,621 [pool-610-thread-1] INFO  segmented.SegmentedRaftLogWorker (SegmentedRaftLogWorker.java:lambda$new$0(135)) - c26475c3-4ee1-492c-b3e0-9196e8cc0198@group-C702BF765ED7-SegmentedRaftLogWorker: safeCacheEvictIndex: setUnconditionally 0 -> -1
2022-12-02 11:14:31,622 [pool-610-thread-1] INFO  server.RaftServer$Division (RaftServerImpl.java:start(334)) - c26475c3-4ee1-492c-b3e0-9196e8cc0198@group-C702BF765ED7: start as a follower, conf=-1: peers:[c26475c3-4ee1-492c-b3e0-9196e8cc0198|rpc:10.1.0.7:38613|priority:0|startupRole:FOLLOWER, 7d2395d2-eabc-4616-a887-e94e2c3276b4|rpc:10.1.0.7:39491|priority:1|startupRole:FOLLOWER, 4a0ae1c5-f8a8-4716-8c13-266b2f364a7b|rpc:10.1.0.7:36099|priority:0|startupRole:FOLLOWER]|listeners:[], old=null
2022-12-02 11:14:31,622 [pool-610-thread-1] INFO  server.RaftServer$Division (RaftServerImpl.java:setRole(321)) - c26475c3-4ee1-492c-b3e0-9196e8cc0198@group-C702BF765ED7: changes role from      null to FOLLOWER at term 0 for startAsFollower
2022-12-02 11:14:31,622 [pool-610-thread-1] INFO  impl.RoleInfo (RoleInfo.java:updateAndGet(139)) - c26475c3-4ee1-492c-b3e0-9196e8cc0198: start c26475c3-4ee1-492c-b3e0-9196e8cc0198@group-C702BF765ED7-FollowerState
2022-12-02 11:14:31,623 [pool-610-thread-1] INFO  util.JmxRegister (JmxRegister.java:tryRegister(44)) - Successfully registered JMX Bean with object name Ratis:service=RaftServer,group=group-C702BF765ED7,id=c26475c3-4ee1-492c-b3e0-9196e8cc0198
2022-12-02 11:14:31,623 [pool-610-thread-1] INFO  server.RaftServerConfigKeys (ConfUtils.java:logGet(46)) - raft.server.snapshot.auto.trigger.enabled = true (custom)
2022-12-02 11:14:31,623 [pool-610-thread-1] INFO  server.RaftServerConfigKeys (ConfUtils.java:logGet(46)) - raft.server.snapshot.auto.trigger.threshold = 10000 (custom)
2022-12-02 11:14:31,623 [pool-610-thread-1] INFO  server.RaftServerConfigKeys (ConfUtils.java:logGet(46)) - raft.server.snapshot.retention.file.num = 5 (custom)
2022-12-02 11:14:31,623 [pool-610-thread-1] INFO  server.RaftServerConfigKeys (ConfUtils.java:logGet(46)) - raft.server.log.purge.upto.snapshot.index = false (default)
2022-12-02 11:14:31,624 [c26475c3-4ee1-492c-b3e0-9196e8cc0198@group-C702BF765ED7-FollowerState] INFO  server.RaftServerConfigKeys (ConfUtils.java:logFallback(53)) - raft.server.rpc.first-election.timeout.min = 5s (fallback to raft.server.rpc.timeout.min)
2022-12-02 11:14:31,624 [c26475c3-4ee1-492c-b3e0-9196e8cc0198@group-C702BF765ED7-FollowerState] INFO  server.RaftServerConfigKeys (ConfUtils.java:logFallback(53)) - raft.server.rpc.first-election.timeout.max = 5200ms (fallback to raft.server.rpc.timeout.max)
2022-12-02 11:14:31,624 [Command processor thread] INFO  ratis.XceiverServerRatis (XceiverServerRatis.java:addGroup(765)) - Created group PipelineID=1bdcf13f-aa6d-4dc9-affe-c702bf765ed7
2022-12-02 11:14:31,663 [grpc-default-executor-0] INFO  server.RaftServer (RaftServerProxy.java:addNew(96)) - 7d2395d2-eabc-4616-a887-e94e2c3276b4: addNew group-C702BF765ED7:[c26475c3-4ee1-492c-b3e0-9196e8cc0198|rpc:10.1.0.7:38613|dataStream:|priority:0|startupRole:FOLLOWER, 7d2395d2-eabc-4616-a887-e94e2c3276b4|rpc:10.1.0.7:39491|dataStream:|priority:1|startupRole:FOLLOWER, 4a0ae1c5-f8a8-4716-8c13-266b2f364a7b|rpc:10.1.0.7:36099|dataStream:|priority:0|startupRole:FOLLOWER] returns group-C702BF765ED7:java.util.concurrent.CompletableFuture@1fcb5699[Not completed]
2022-12-02 11:14:31,716 [pool-633-thread-1] INFO  server.RaftServer$Division (RaftServerImpl.java:<init>(195)) - 7d2395d2-eabc-4616-a887-e94e2c3276b4: new RaftServerImpl for group-C702BF765ED7:[c26475c3-4ee1-492c-b3e0-9196e8cc0198|rpc:10.1.0.7:38613|dataStream:|priority:0|startupRole:FOLLOWER, 7d2395d2-eabc-4616-a887-e94e2c3276b4|rpc:10.1.0.7:39491|dataStream:|priority:1|startupRole:FOLLOWER, 4a0ae1c5-f8a8-4716-8c13-266b2f364a7b|rpc:10.1.0.7:36099|dataStream:|priority:0|startupRole:FOLLOWER] with ContainerStateMachine:uninitialized
2022-12-02 11:14:31,716 [pool-633-thread-1] INFO  server.RaftServerConfigKeys (ConfUtils.java:logGet(46)) - raft.server.rpc.timeout.min = 5s (custom)
2022-12-02 11:14:31,716 [pool-633-thread-1] INFO  server.RaftServerConfigKeys (ConfUtils.java:logGet(46)) - raft.server.rpc.timeout.max = 5200ms (custom)
2022-12-02 11:14:31,716 [pool-633-thread-1] INFO  server.RaftServerConfigKeys (ConfUtils.java:logGet(46)) - raft.server.rpc.sleep.time = 25ms (default)
2022-12-02 11:14:31,716 [pool-633-thread-1] INFO  server.RaftServerConfigKeys (ConfUtils.java:logGet(46)) - raft.server.rpc.slowness.timeout = 300s (custom)
2022-12-02 11:14:31,716 [pool-633-thread-1] INFO  server.RaftServerConfigKeys (ConfUtils.java:logGet(46)) - raft.server.leaderelection.leader.step-down.wait-time = 10s (default)
2022-12-02 11:14:31,716 [pool-633-thread-1] INFO  server.RaftServerConfigKeys (ConfUtils.java:logGet(46)) - raft.server.sleep.deviation.threshold = 300ms (default)
2022-12-02 11:14:31,716 [pool-633-thread-1] INFO  server.RaftServer$Division (ServerState.java:<init>(118)) - 7d2395d2-eabc-4616-a887-e94e2c3276b4@group-C702BF765ED7: ConfigurationManager, init=-1: peers:[c26475c3-4ee1-492c-b3e0-9196e8cc0198|rpc:10.1.0.7:38613|dataStream:|priority:0|startupRole:FOLLOWER, 7d2395d2-eabc-4616-a887-e94e2c3276b4|rpc:10.1.0.7:39491|dataStream:|priority:1|startupRole:FOLLOWER, 4a0ae1c5-f8a8-4716-8c13-266b2f364a7b|rpc:10.1.0.7:36099|dataStream:|priority:0|startupRole:FOLLOWER]|listeners:[], old=null, confs=<EMPTY_MAP>
2022-12-02 11:14:31,716 [pool-633-thread-1] INFO  server.RaftServerConfigKeys (ConfUtils.java:logGet(46)) - raft.server.storage.dir = [/home/runner/work/ozone/ozone/hadoop-ozone/integration-test/target/test-dir/MiniOzoneClusterImpl-f8f2b39f-22db-49ae-ab20-f7a2434191fa/datanode-4/data/ratis] (custom)
2022-12-02 11:14:31,717 [pool-633-thread-1] INFO  server.RaftServerConfigKeys (ConfUtils.java:logGet(46)) - raft.server.log.corruption.policy = EXCEPTION (default)
2022-12-02 11:14:31,717 [pool-633-thread-1] INFO  server.RaftServerConfigKeys (ConfUtils.java:logGet(46)) - raft.server.storage.free-space.min = 0MB (=0) (default)
2022-12-02 11:14:31,717 [pool-633-thread-1] INFO  server.RaftServerConfigKeys (ConfUtils.java:logGet(46)) - raft.server.notification.no-leader.timeout = 300s (custom)
2022-12-02 11:14:31,717 [pool-633-thread-1] INFO  server.RaftServerConfigKeys (ConfUtils.java:logGet(46)) - raft.server.retrycache.expirytime = 600000ms (custom)
2022-12-02 11:14:31,717 [pool-633-thread-1] INFO  server.RaftServerConfigKeys (ConfUtils.java:logGet(46)) - raft.server.retrycache.statistics.expirytime = 100μs (default)
2022-12-02 11:14:31,719 [pool-633-thread-1] INFO  server.RaftServerConfigKeys (ConfUtils.java:logGet(46)) - raft.server.log.appender.install.snapshot.enabled = false (custom)
2022-12-02 11:14:31,719 [pool-633-thread-1] INFO  server.RaftServerConfigKeys (ConfUtils.java:logGet(46)) - raft.server.threadpool.server.cached = true (default)
2022-12-02 11:14:31,719 [pool-633-thread-1] INFO  server.RaftServerConfigKeys (ConfUtils.java:logGet(46)) - raft.server.threadpool.server.size = 0 (default)
2022-12-02 11:14:31,719 [pool-633-thread-1] INFO  server.RaftServerConfigKeys (ConfUtils.java:logGet(46)) - raft.server.threadpool.client.cached = true (default)
2022-12-02 11:14:31,719 [pool-633-thread-1] INFO  server.RaftServerConfigKeys (ConfUtils.java:logGet(46)) - raft.server.threadpool.client.size = 0 (default)
2022-12-02 11:14:31,719 [pool-633-thread-1] INFO  storage.RaftStorageDirectory (RaftStorageDirectoryImpl.java:analyzeStorage(137)) - The storage directory /home/runner/work/ozone/ozone/hadoop-ozone/integration-test/target/test-dir/MiniOzoneClusterImpl-f8f2b39f-22db-49ae-ab20-f7a2434191fa/datanode-4/data/ratis/1bdcf13f-aa6d-4dc9-affe-c702bf765ed7 does not exist. Creating ...
2022-12-02 11:14:31,756 [pool-633-thread-1] INFO  storage.RaftStorageDirectory (RaftStorageDirectoryImpl.java:tryLock(231)) - Lock on /home/runner/work/ozone/ozone/hadoop-ozone/integration-test/target/test-dir/MiniOzoneClusterImpl-f8f2b39f-22db-49ae-ab20-f7a2434191fa/datanode-4/data/ratis/1bdcf13f-aa6d-4dc9-affe-c702bf765ed7/in_use.lock acquired by nodename 6885@fv-az205-634
2022-12-02 11:14:31,760 [pool-633-thread-1] INFO  storage.RaftStorage (RaftStorageImpl.java:format(96)) - Storage directory /home/runner/work/ozone/ozone/hadoop-ozone/integration-test/target/test-dir/MiniOzoneClusterImpl-f8f2b39f-22db-49ae-ab20-f7a2434191fa/datanode-4/data/ratis/1bdcf13f-aa6d-4dc9-affe-c702bf765ed7 has been successfully formatted.
2022-12-02 11:14:31,771 [pool-633-thread-1] INFO  ratis.ContainerStateMachine (ContainerStateMachine.java:loadSnapshot(236)) - group-C702BF765ED7: The snapshot info is null. Setting the last applied indexto:(t:0, i:~)
2022-12-02 11:14:31,771 [pool-633-thread-1] INFO  server.RaftServerConfigKeys (ConfUtils.java:logGet(46)) - raft.server.log.use.memory = false (default)
2022-12-02 11:14:31,771 [pool-633-thread-1] INFO  server.RaftServerConfigKeys (ConfUtils.java:logGet(46)) - raft.server.log.purge.gap = 1000000 (custom)
2022-12-02 11:14:31,771 [pool-633-thread-1] INFO  server.RaftServerConfigKeys (ConfUtils.java:logGet(46)) - raft.server.log.appender.buffer.byte-limit = 33554432 (custom)
2022-12-02 11:14:31,771 [pool-633-thread-1] INFO  server.RaftServerConfigKeys (ConfUtils.java:logGet(46)) - raft.server.log.statemachine.data.read.timeout = 1000ms (default)
2022-12-02 11:14:31,771 [pool-633-thread-1] INFO  server.RaftServerConfigKeys (ConfUtils.java:logGet(46)) - raft.server.log.purge.preservation.log.num = 0 (default)
2022-12-02 11:14:31,772 [pool-633-thread-1] INFO  server.RaftServerConfigKeys (ConfUtils.java:logGet(46)) - raft.server.log.segment.size.max = 1048576 (custom)
2022-12-02 11:14:31,772 [pool-633-thread-1] INFO  server.RaftServerConfigKeys (ConfUtils.java:logGet(46)) - raft.server.log.segment.cache.num.max = 2 (custom)
2022-12-02 11:14:31,772 [pool-633-thread-1] INFO  server.RaftServerConfigKeys (ConfUtils.java:logGet(46)) - raft.server.log.segment.cache.size.max = 200MB (=209715200) (default)
2022-12-02 11:14:31,773 [pool-633-thread-1] INFO  segmented.SegmentedRaftLogWorker (SegmentedRaftLogWorker.java:<init>(189)) - new 7d2395d2-eabc-4616-a887-e94e2c3276b4@group-C702BF765ED7-SegmentedRaftLogWorker for RaftStorageImpl:Storage Directory /home/runner/work/ozone/ozone/hadoop-ozone/integration-test/target/test-dir/MiniOzoneClusterImpl-f8f2b39f-22db-49ae-ab20-f7a2434191fa/datanode-4/data/ratis/1bdcf13f-aa6d-4dc9-affe-c702bf765ed7
2022-12-02 11:14:31,773 [pool-633-thread-1] INFO  server.RaftServerConfigKeys (ConfUtils.java:logGet(46)) - raft.server.log.queue.byte-limit = 4294967296 (custom)
2022-12-02 11:14:31,773 [pool-633-thread-1] INFO  server.RaftServerConfigKeys (ConfUtils.java:logGet(46)) - raft.server.log.queue.element-limit = 1024 (custom)
2022-12-02 11:14:31,773 [pool-633-thread-1] INFO  server.RaftServerConfigKeys (ConfUtils.java:logGet(46)) - raft.server.log.segment.size.max = 1048576 (custom)
2022-12-02 11:14:31,773 [pool-633-thread-1] INFO  server.RaftServerConfigKeys (ConfUtils.java:logGet(46)) - raft.server.log.preallocated.size = 16384 (custom)
2022-12-02 11:14:31,773 [pool-633-thread-1] INFO  server.RaftServerConfigKeys (ConfUtils.java:logGet(46)) - raft.server.log.force.sync.num = 128 (default)
2022-12-02 11:14:31,773 [pool-633-thread-1] INFO  server.RaftServerConfigKeys (ConfUtils.java:logGet(46)) - raft.server.log.statemachine.data.sync = true (default)
2022-12-02 11:14:31,774 [pool-633-thread-1] INFO  server.RaftServerConfigKeys (ConfUtils.java:logGet(46)) - raft.server.log.statemachine.data.sync.timeout = 10s (default)
2022-12-02 11:14:31,774 [pool-633-thread-1] INFO  server.RaftServerConfigKeys (ConfUtils.java:logGet(46)) - raft.server.log.statemachine.data.sync.timeout.retry = -1 (default)
2022-12-02 11:14:31,778 [EventQueue-CommandQueueReportForCommandQueueReportHandler] WARN  events.EventQueue (EventQueue.java:fireEvent(216)) - No event handler registered for event TypedEvent{payloadType=DatanodeDetails, name='Datanode_Command_Queue_Updated'}
2022-12-02 11:14:31,780 [pool-633-thread-1] INFO  server.RaftServerConfigKeys (ConfUtils.java:logGet(46)) - raft.server.log.write.buffer.size = 1048576 (custom)
2022-12-02 11:14:31,786 [pool-633-thread-1] INFO  server.RaftServerConfigKeys (ConfUtils.java:logGet(46)) - raft.server.log.appender.buffer.byte-limit = 33554432 (custom)
2022-12-02 11:14:31,811 [pool-633-thread-1] INFO  server.RaftServerConfigKeys (ConfUtils.java:logGet(46)) - raft.server.log.unsafe-flush.enabled = false (default)
2022-12-02 11:14:31,811 [pool-633-thread-1] INFO  server.RaftServerConfigKeys (ConfUtils.java:logGet(46)) - raft.server.log.async-flush.enabled = false (default)
2022-12-02 11:14:31,811 [pool-633-thread-1] INFO  server.RaftServerConfigKeys (ConfUtils.java:logGet(46)) - raft.server.log.statemachine.data.caching.enabled = true (custom)
2022-12-02 11:14:31,811 [pool-633-thread-1] INFO  segmented.SegmentedRaftLogWorker (SegmentedRaftLogWorker.java:lambda$new$0(135)) - 7d2395d2-eabc-4616-a887-e94e2c3276b4@group-C702BF765ED7-SegmentedRaftLogWorker: flushIndex: setUnconditionally 0 -> -1
2022-12-02 11:14:31,813 [pool-633-thread-1] INFO  segmented.SegmentedRaftLogWorker (SegmentedRaftLogWorker.java:lambda$new$0(135)) - 7d2395d2-eabc-4616-a887-e94e2c3276b4@group-C702BF765ED7-SegmentedRaftLogWorker: safeCacheEvictIndex: setUnconditionally 0 -> -1
2022-12-02 11:14:31,825 [pool-633-thread-1] INFO  server.RaftServer$Division (RaftServerImpl.java:start(334)) - 7d2395d2-eabc-4616-a887-e94e2c3276b4@group-C702BF765ED7: start as a follower, conf=-1: peers:[c26475c3-4ee1-492c-b3e0-9196e8cc0198|rpc:10.1.0.7:38613|dataStream:|priority:0|startupRole:FOLLOWER, 7d2395d2-eabc-4616-a887-e94e2c3276b4|rpc:10.1.0.7:39491|dataStream:|priority:1|startupRole:FOLLOWER, 4a0ae1c5-f8a8-4716-8c13-266b2f364a7b|rpc:10.1.0.7:36099|dataStream:|priority:0|startupRole:FOLLOWER]|listeners:[], old=null
2022-12-02 11:14:31,825 [pool-633-thread-1] INFO  server.RaftServer$Division (RaftServerImpl.java:setRole(321)) - 7d2395d2-eabc-4616-a887-e94e2c3276b4@group-C702BF765ED7: changes role from      null to FOLLOWER at term 0 for startAsFollower
2022-12-02 11:14:31,825 [pool-633-thread-1] INFO  impl.RoleInfo (RoleInfo.java:updateAndGet(139)) - 7d2395d2-eabc-4616-a887-e94e2c3276b4: start 7d2395d2-eabc-4616-a887-e94e2c3276b4@group-C702BF765ED7-FollowerState
2022-12-02 11:14:31,826 [pool-633-thread-1] INFO  util.JmxRegister (JmxRegister.java:tryRegister(44)) - Successfully registered JMX Bean with object name Ratis:service=RaftServer,group=group-C702BF765ED7,id=7d2395d2-eabc-4616-a887-e94e2c3276b4
2022-12-02 11:14:31,826 [7d2395d2-eabc-4616-a887-e94e2c3276b4@group-C702BF765ED7-FollowerState] INFO  server.RaftServerConfigKeys (ConfUtils.java:logFallback(53)) - raft.server.rpc.first-election.timeout.min = 5s (fallback to raft.server.rpc.timeout.min)
2022-12-02 11:14:31,826 [pool-633-thread-1] INFO  server.RaftServerConfigKeys (ConfUtils.java:logGet(46)) - raft.server.snapshot.auto.trigger.enabled = true (custom)
2022-12-02 11:14:31,826 [7d2395d2-eabc-4616-a887-e94e2c3276b4@group-C702BF765ED7-FollowerState] INFO  server.RaftServerConfigKeys (ConfUtils.java:logFallback(53)) - raft.server.rpc.first-election.timeout.max = 5200ms (fallback to raft.server.rpc.timeout.max)
2022-12-02 11:14:31,826 [pool-633-thread-1] INFO  server.RaftServerConfigKeys (ConfUtils.java:logGet(46)) - raft.server.snapshot.auto.trigger.threshold = 10000 (custom)
2022-12-02 11:14:31,826 [pool-633-thread-1] INFO  server.RaftServerConfigKeys (ConfUtils.java:logGet(46)) - raft.server.snapshot.retention.file.num = 5 (custom)
2022-12-02 11:14:31,826 [pool-633-thread-1] INFO  server.RaftServerConfigKeys (ConfUtils.java:logGet(46)) - raft.server.log.purge.upto.snapshot.index = false (default)
2022-12-02 11:14:31,845 [grpc-default-executor-0] INFO  server.RaftServer (RaftServerProxy.java:addNew(96)) - 4a0ae1c5-f8a8-4716-8c13-266b2f364a7b: addNew group-C702BF765ED7:[c26475c3-4ee1-492c-b3e0-9196e8cc0198|rpc:10.1.0.7:38613|dataStream:|priority:0|startupRole:FOLLOWER, 7d2395d2-eabc-4616-a887-e94e2c3276b4|rpc:10.1.0.7:39491|dataStream:|priority:1|startupRole:FOLLOWER, 4a0ae1c5-f8a8-4716-8c13-266b2f364a7b|rpc:10.1.0.7:36099|dataStream:|priority:0|startupRole:FOLLOWER] returns group-C702BF765ED7:java.util.concurrent.CompletableFuture@1b576b85[Not completed]
2022-12-02 11:14:31,846 [pool-656-thread-1] INFO  server.RaftServer$Division (RaftServerImpl.java:<init>(195)) - 4a0ae1c5-f8a8-4716-8c13-266b2f364a7b: new RaftServerImpl for group-C702BF765ED7:[c26475c3-4ee1-492c-b3e0-9196e8cc0198|rpc:10.1.0.7:38613|dataStream:|priority:0|startupRole:FOLLOWER, 7d2395d2-eabc-4616-a887-e94e2c3276b4|rpc:10.1.0.7:39491|dataStream:|priority:1|startupRole:FOLLOWER, 4a0ae1c5-f8a8-4716-8c13-266b2f364a7b|rpc:10.1.0.7:36099|dataStream:|priority:0|startupRole:FOLLOWER] with ContainerStateMachine:uninitialized
2022-12-02 11:14:31,846 [pool-656-thread-1] INFO  server.RaftServerConfigKeys (ConfUtils.java:logGet(46)) - raft.server.rpc.timeout.min = 5s (custom)
2022-12-02 11:14:31,846 [pool-656-thread-1] INFO  server.RaftServerConfigKeys (ConfUtils.java:logGet(46)) - raft.server.rpc.timeout.max = 5200ms (custom)
2022-12-02 11:14:31,846 [pool-656-thread-1] INFO  server.RaftServerConfigKeys (ConfUtils.java:logGet(46)) - raft.server.rpc.sleep.time = 25ms (default)
2022-12-02 11:14:31,846 [pool-656-thread-1] INFO  server.RaftServerConfigKeys (ConfUtils.java:logGet(46)) - raft.server.rpc.slowness.timeout = 300s (custom)
2022-12-02 11:14:31,846 [pool-656-thread-1] INFO  server.RaftServerConfigKeys (ConfUtils.java:logGet(46)) - raft.server.leaderelection.leader.step-down.wait-time = 10s (default)
2022-12-02 11:14:31,846 [pool-656-thread-1] INFO  server.RaftServerConfigKeys (ConfUtils.java:logGet(46)) - raft.server.sleep.deviation.threshold = 300ms (default)
2022-12-02 11:14:31,846 [pool-656-thread-1] INFO  server.RaftServer$Division (ServerState.java:<init>(118)) - 4a0ae1c5-f8a8-4716-8c13-266b2f364a7b@group-C702BF765ED7: ConfigurationManager, init=-1: peers:[c26475c3-4ee1-492c-b3e0-9196e8cc0198|rpc:10.1.0.7:38613|dataStream:|priority:0|startupRole:FOLLOWER, 7d2395d2-eabc-4616-a887-e94e2c3276b4|rpc:10.1.0.7:39491|dataStream:|priority:1|startupRole:FOLLOWER, 4a0ae1c5-f8a8-4716-8c13-266b2f364a7b|rpc:10.1.0.7:36099|dataStream:|priority:0|startupRole:FOLLOWER]|listeners:[], old=null, confs=<EMPTY_MAP>
2022-12-02 11:14:31,846 [pool-656-thread-1] INFO  server.RaftServerConfigKeys (ConfUtils.java:logGet(46)) - raft.server.storage.dir = [/home/runner/work/ozone/ozone/hadoop-ozone/integration-test/target/test-dir/MiniOzoneClusterImpl-f8f2b39f-22db-49ae-ab20-f7a2434191fa/datanode-5/data/ratis] (custom)
2022-12-02 11:14:31,847 [pool-656-thread-1] INFO  server.RaftServerConfigKeys (ConfUtils.java:logGet(46)) - raft.server.log.corruption.policy = EXCEPTION (default)
2022-12-02 11:14:31,847 [pool-656-thread-1] INFO  server.RaftServerConfigKeys (ConfUtils.java:logGet(46)) - raft.server.storage.free-space.min = 0MB (=0) (default)
2022-12-02 11:14:31,847 [pool-656-thread-1] INFO  server.RaftServerConfigKeys (ConfUtils.java:logGet(46)) - raft.server.notification.no-leader.timeout = 300s (custom)
2022-12-02 11:14:31,847 [pool-656-thread-1] INFO  server.RaftServerConfigKeys (ConfUtils.java:logGet(46)) - raft.server.retrycache.expirytime = 600000ms (custom)
2022-12-02 11:14:31,847 [pool-656-thread-1] INFO  server.RaftServerConfigKeys (ConfUtils.java:logGet(46)) - raft.server.retrycache.statistics.expirytime = 100μs (default)
2022-12-02 11:14:31,849 [pool-656-thread-1] INFO  server.RaftServerConfigKeys (ConfUtils.java:logGet(46)) - raft.server.log.appender.install.snapshot.enabled = false (custom)
2022-12-02 11:14:31,849 [pool-656-thread-1] INFO  server.RaftServerConfigKeys (ConfUtils.java:logGet(46)) - raft.server.threadpool.server.cached = true (default)
2022-12-02 11:14:31,849 [pool-656-thread-1] INFO  server.RaftServerConfigKeys (ConfUtils.java:logGet(46)) - raft.server.threadpool.server.size = 0 (default)
2022-12-02 11:14:31,849 [pool-656-thread-1] INFO  server.RaftServerConfigKeys (ConfUtils.java:logGet(46)) - raft.server.threadpool.client.cached = true (default)
2022-12-02 11:14:31,849 [pool-656-thread-1] INFO  server.RaftServerConfigKeys (ConfUtils.java:logGet(46)) - raft.server.threadpool.client.size = 0 (default)
2022-12-02 11:14:31,849 [pool-656-thread-1] INFO  storage.RaftStorageDirectory (RaftStorageDirectoryImpl.java:analyzeStorage(137)) - The storage directory /home/runner/work/ozone/ozone/hadoop-ozone/integration-test/target/test-dir/MiniOzoneClusterImpl-f8f2b39f-22db-49ae-ab20-f7a2434191fa/datanode-5/data/ratis/1bdcf13f-aa6d-4dc9-affe-c702bf765ed7 does not exist. Creating ...
2022-12-02 11:14:31,850 [pool-656-thread-1] INFO  storage.RaftStorageDirectory (RaftStorageDirectoryImpl.java:tryLock(231)) - Lock on /home/runner/work/ozone/ozone/hadoop-ozone/integration-test/target/test-dir/MiniOzoneClusterImpl-f8f2b39f-22db-49ae-ab20-f7a2434191fa/datanode-5/data/ratis/1bdcf13f-aa6d-4dc9-affe-c702bf765ed7/in_use.lock acquired by nodename 6885@fv-az205-634
2022-12-02 11:14:31,853 [pool-656-thread-1] INFO  storage.RaftStorage (RaftStorageImpl.java:format(96)) - Storage directory /home/runner/work/ozone/ozone/hadoop-ozone/integration-test/target/test-dir/MiniOzoneClusterImpl-f8f2b39f-22db-49ae-ab20-f7a2434191fa/datanode-5/data/ratis/1bdcf13f-aa6d-4dc9-affe-c702bf765ed7 has been successfully formatted.
2022-12-02 11:14:31,855 [pool-656-thread-1] INFO  ratis.ContainerStateMachine (ContainerStateMachine.java:loadSnapshot(236)) - group-C702BF765ED7: The snapshot info is null. Setting the last applied indexto:(t:0, i:~)
2022-12-02 11:14:31,855 [pool-656-thread-1] INFO  server.RaftServerConfigKeys (ConfUtils.java:logGet(46)) - raft.server.log.use.memory = false (default)
2022-12-02 11:14:31,856 [pool-656-thread-1] INFO  server.RaftServerConfigKeys (ConfUtils.java:logGet(46)) - raft.server.log.purge.gap = 1000000 (custom)
2022-12-02 11:14:31,856 [pool-656-thread-1] INFO  server.RaftServerConfigKeys (ConfUtils.java:logGet(46)) - raft.server.log.appender.buffer.byte-limit = 33554432 (custom)
2022-12-02 11:14:31,856 [pool-656-thread-1] INFO  server.RaftServerConfigKeys (ConfUtils.java:logGet(46)) - raft.server.log.statemachine.data.read.timeout = 1000ms (default)
2022-12-02 11:14:31,856 [pool-656-thread-1] INFO  server.RaftServerConfigKeys (ConfUtils.java:logGet(46)) - raft.server.log.purge.preservation.log.num = 0 (default)
2022-12-02 11:14:31,856 [pool-656-thread-1] INFO  server.RaftServerConfigKeys (ConfUtils.java:logGet(46)) - raft.server.log.segment.size.max = 1048576 (custom)
2022-12-02 11:14:31,857 [pool-656-thread-1] INFO  server.RaftServerConfigKeys (ConfUtils.java:logGet(46)) - raft.server.log.segment.cache.num.max = 2 (custom)
2022-12-02 11:14:31,857 [EventQueue-CommandQueueReportForCommandQueueReportHandler] WARN  events.EventQueue (EventQueue.java:fireEvent(216)) - No event handler registered for event TypedEvent{payloadType=DatanodeDetails, name='Datanode_Command_Queue_Updated'}
2022-12-02 11:14:31,857 [pool-656-thread-1] INFO  server.RaftServerConfigKeys (ConfUtils.java:logGet(46)) - raft.server.log.segment.cache.size.max = 200MB (=209715200) (default)
2022-12-02 11:14:31,857 [pool-656-thread-1] INFO  segmented.SegmentedRaftLogWorker (SegmentedRaftLogWorker.java:<init>(189)) - new 4a0ae1c5-f8a8-4716-8c13-266b2f364a7b@group-C702BF765ED7-SegmentedRaftLogWorker for RaftStorageImpl:Storage Directory /home/runner/work/ozone/ozone/hadoop-ozone/integration-test/target/test-dir/MiniOzoneClusterImpl-f8f2b39f-22db-49ae-ab20-f7a2434191fa/datanode-5/data/ratis/1bdcf13f-aa6d-4dc9-affe-c702bf765ed7
2022-12-02 11:14:31,857 [pool-656-thread-1] INFO  server.RaftServerConfigKeys (ConfUtils.java:logGet(46)) - raft.server.log.queue.byte-limit = 4294967296 (custom)
2022-12-02 11:14:31,857 [pool-656-thread-1] INFO  server.RaftServerConfigKeys (ConfUtils.java:logGet(46)) - raft.server.log.queue.element-limit = 1024 (custom)
2022-12-02 11:14:31,857 [pool-656-thread-1] INFO  server.RaftServerConfigKeys (ConfUtils.java:logGet(46)) - raft.server.log.segment.size.max = 1048576 (custom)
2022-12-02 11:14:31,858 [pool-656-thread-1] INFO  server.RaftServerConfigKeys (ConfUtils.java:logGet(46)) - raft.server.log.preallocated.size = 16384 (custom)
2022-12-02 11:14:31,858 [pool-656-thread-1] INFO  server.RaftServerConfigKeys (ConfUtils.java:logGet(46)) - raft.server.log.force.sync.num = 128 (default)
2022-12-02 11:14:31,858 [pool-656-thread-1] INFO  server.RaftServerConfigKeys (ConfUtils.java:logGet(46)) - raft.server.log.statemachine.data.sync = true (default)
2022-12-02 11:14:31,858 [pool-656-thread-1] INFO  server.RaftServerConfigKeys (ConfUtils.java:logGet(46)) - raft.server.log.statemachine.data.sync.timeout = 10s (default)
2022-12-02 11:14:31,858 [pool-656-thread-1] INFO  server.RaftServerConfigKeys (ConfUtils.java:logGet(46)) - raft.server.log.statemachine.data.sync.timeout.retry = -1 (default)
2022-12-02 11:14:31,859 [pool-656-thread-1] INFO  server.RaftServerConfigKeys (ConfUtils.java:logGet(46)) - raft.server.log.write.buffer.size = 1048576 (custom)
2022-12-02 11:14:31,860 [pool-656-thread-1] INFO  server.RaftServerConfigKeys (ConfUtils.java:logGet(46)) - raft.server.log.appender.buffer.byte-limit = 33554432 (custom)
2022-12-02 11:14:31,867 [pool-656-thread-1] INFO  server.RaftServerConfigKeys (ConfUtils.java:logGet(46)) - raft.server.log.unsafe-flush.enabled = false (default)
2022-12-02 11:14:31,868 [pool-656-thread-1] INFO  server.RaftServerConfigKeys (ConfUtils.java:logGet(46)) - raft.server.log.async-flush.enabled = false (default)
2022-12-02 11:14:31,868 [pool-656-thread-1] INFO  server.RaftServerConfigKeys (ConfUtils.java:logGet(46)) - raft.server.log.statemachine.data.caching.enabled = true (custom)
2022-12-02 11:14:31,868 [pool-656-thread-1] INFO  segmented.SegmentedRaftLogWorker (SegmentedRaftLogWorker.java:lambda$new$0(135)) - 4a0ae1c5-f8a8-4716-8c13-266b2f364a7b@group-C702BF765ED7-SegmentedRaftLogWorker: flushIndex: setUnconditionally 0 -> -1
2022-12-02 11:14:31,868 [pool-656-thread-1] INFO  segmented.SegmentedRaftLogWorker (SegmentedRaftLogWorker.java:lambda$new$0(135)) - 4a0ae1c5-f8a8-4716-8c13-266b2f364a7b@group-C702BF765ED7-SegmentedRaftLogWorker: safeCacheEvictIndex: setUnconditionally 0 -> -1
2022-12-02 11:14:31,870 [pool-656-thread-1] INFO  server.RaftServer$Division (RaftServerImpl.java:start(334)) - 4a0ae1c5-f8a8-4716-8c13-266b2f364a7b@group-C702BF765ED7: start as a follower, conf=-1: peers:[c26475c3-4ee1-492c-b3e0-9196e8cc0198|rpc:10.1.0.7:38613|dataStream:|priority:0|startupRole:FOLLOWER, 7d2395d2-eabc-4616-a887-e94e2c3276b4|rpc:10.1.0.7:39491|dataStream:|priority:1|startupRole:FOLLOWER, 4a0ae1c5-f8a8-4716-8c13-266b2f364a7b|rpc:10.1.0.7:36099|dataStream:|priority:0|startupRole:FOLLOWER]|listeners:[], old=null
2022-12-02 11:14:31,870 [pool-656-thread-1] INFO  server.RaftServer$Division (RaftServerImpl.java:setRole(321)) - 4a0ae1c5-f8a8-4716-8c13-266b2f364a7b@group-C702BF765ED7: changes role from      null to FOLLOWER at term 0 for startAsFollower
2022-12-02 11:14:31,870 [pool-656-thread-1] INFO  impl.RoleInfo (RoleInfo.java:updateAndGet(139)) - 4a0ae1c5-f8a8-4716-8c13-266b2f364a7b: start 4a0ae1c5-f8a8-4716-8c13-266b2f364a7b@group-C702BF765ED7-FollowerState
2022-12-02 11:14:31,877 [4a0ae1c5-f8a8-4716-8c13-266b2f364a7b@group-C702BF765ED7-FollowerState] INFO  server.RaftServerConfigKeys (ConfUtils.java:logFallback(53)) - raft.server.rpc.first-election.timeout.min = 5s (fallback to raft.server.rpc.timeout.min)
2022-12-02 11:14:31,877 [pool-656-thread-1] INFO  util.JmxRegister (JmxRegister.java:tryRegister(44)) - Successfully registered JMX Bean with object name Ratis:service=RaftServer,group=group-C702BF765ED7,id=4a0ae1c5-f8a8-4716-8c13-266b2f364a7b
2022-12-02 11:14:31,877 [4a0ae1c5-f8a8-4716-8c13-266b2f364a7b@group-C702BF765ED7-FollowerState] INFO  server.RaftServerConfigKeys (ConfUtils.java:logFallback(53)) - raft.server.rpc.first-election.timeout.max = 5200ms (fallback to raft.server.rpc.timeout.max)
2022-12-02 11:14:31,877 [pool-656-thread-1] INFO  server.RaftServerConfigKeys (ConfUtils.java:logGet(46)) - raft.server.snapshot.auto.trigger.enabled = true (custom)
2022-12-02 11:14:31,878 [pool-656-thread-1] INFO  server.RaftServerConfigKeys (ConfUtils.java:logGet(46)) - raft.server.snapshot.auto.trigger.threshold = 10000 (custom)
2022-12-02 11:14:31,878 [pool-656-thread-1] INFO  server.RaftServerConfigKeys (ConfUtils.java:logGet(46)) - raft.server.snapshot.retention.file.num = 5 (custom)
2022-12-02 11:14:31,880 [pool-656-thread-1] INFO  server.RaftServerConfigKeys (ConfUtils.java:logGet(46)) - raft.server.log.purge.upto.snapshot.index = false (default)
2022-12-02 11:14:31,888 [Command processor thread] INFO  commandhandler.CreatePipelineCommandHandler (CreatePipelineCommandHandler.java:handle(113)) - Created Pipeline RATIS THREE PipelineID=1bdcf13f-aa6d-4dc9-affe-c702bf765ed7.
2022-12-02 11:14:31,888 [Command processor thread] INFO  server.RaftServer (RaftServerProxy.java:addNew(96)) - c26475c3-4ee1-492c-b3e0-9196e8cc0198: addNew group-5537A04FEEA9:[c26475c3-4ee1-492c-b3e0-9196e8cc0198|rpc:10.1.0.7:38613|priority:0|startupRole:FOLLOWER, 7d2395d2-eabc-4616-a887-e94e2c3276b4|rpc:10.1.0.7:39491|priority:0|startupRole:FOLLOWER, 4a0ae1c5-f8a8-4716-8c13-266b2f364a7b|rpc:10.1.0.7:36099|priority:1|startupRole:FOLLOWER] returns group-5537A04FEEA9:java.util.concurrent.CompletableFuture@78024a37[Not completed]
2022-12-02 11:14:31,889 [pool-610-thread-1] INFO  server.RaftServer$Division (RaftServerImpl.java:<init>(195)) - c26475c3-4ee1-492c-b3e0-9196e8cc0198: new RaftServerImpl for group-5537A04FEEA9:[c26475c3-4ee1-492c-b3e0-9196e8cc0198|rpc:10.1.0.7:38613|priority:0|startupRole:FOLLOWER, 7d2395d2-eabc-4616-a887-e94e2c3276b4|rpc:10.1.0.7:39491|priority:0|startupRole:FOLLOWER, 4a0ae1c5-f8a8-4716-8c13-266b2f364a7b|rpc:10.1.0.7:36099|priority:1|startupRole:FOLLOWER] with ContainerStateMachine:uninitialized
2022-12-02 11:14:31,889 [pool-610-thread-1] INFO  server.RaftServerConfigKeys (ConfUtils.java:logGet(46)) - raft.server.rpc.timeout.min = 5s (custom)
2022-12-02 11:14:31,889 [pool-610-thread-1] INFO  server.RaftServerConfigKeys (ConfUtils.java:logGet(46)) - raft.server.rpc.timeout.max = 5200ms (custom)
2022-12-02 11:14:31,889 [pool-610-thread-1] INFO  server.RaftServerConfigKeys (ConfUtils.java:logGet(46)) - raft.server.rpc.sleep.time = 25ms (default)
2022-12-02 11:14:31,889 [pool-610-thread-1] INFO  server.RaftServerConfigKeys (ConfUtils.java:logGet(46)) - raft.server.rpc.slowness.timeout = 300s (custom)
2022-12-02 11:14:31,890 [pool-610-thread-1] INFO  server.RaftServerConfigKeys (ConfUtils.java:logGet(46)) - raft.server.leaderelection.leader.step-down.wait-time = 10s (default)
2022-12-02 11:14:31,890 [pool-610-thread-1] INFO  server.RaftServerConfigKeys (ConfUtils.java:logGet(46)) - raft.server.sleep.deviation.threshold = 300ms (default)
2022-12-02 11:14:31,890 [pool-610-thread-1] INFO  server.RaftServer$Division (ServerState.java:<init>(118)) - c26475c3-4ee1-492c-b3e0-9196e8cc0198@group-5537A04FEEA9: ConfigurationManager, init=-1: peers:[c26475c3-4ee1-492c-b3e0-9196e8cc0198|rpc:10.1.0.7:38613|priority:0|startupRole:FOLLOWER, 7d2395d2-eabc-4616-a887-e94e2c3276b4|rpc:10.1.0.7:39491|priority:0|startupRole:FOLLOWER, 4a0ae1c5-f8a8-4716-8c13-266b2f364a7b|rpc:10.1.0.7:36099|priority:1|startupRole:FOLLOWER]|listeners:[], old=null, confs=<EMPTY_MAP>
2022-12-02 11:14:31,890 [pool-610-thread-1] INFO  server.RaftServerConfigKeys (ConfUtils.java:logGet(46)) - raft.server.storage.dir = [/home/runner/work/ozone/ozone/hadoop-ozone/integration-test/target/test-dir/MiniOzoneClusterImpl-f8f2b39f-22db-49ae-ab20-f7a2434191fa/datanode-3/data/ratis] (custom)
2022-12-02 11:14:31,890 [pool-610-thread-1] INFO  server.RaftServerConfigKeys (ConfUtils.java:logGet(46)) - raft.server.log.corruption.policy = EXCEPTION (default)
2022-12-02 11:14:31,890 [pool-610-thread-1] INFO  server.RaftServerConfigKeys (ConfUtils.java:logGet(46)) - raft.server.storage.free-space.min = 0MB (=0) (default)
2022-12-02 11:14:31,890 [pool-610-thread-1] INFO  server.RaftServerConfigKeys (ConfUtils.java:logGet(46)) - raft.server.notification.no-leader.timeout = 300s (custom)
2022-12-02 11:14:31,890 [pool-610-thread-1] INFO  server.RaftServerConfigKeys (ConfUtils.java:logGet(46)) - raft.server.retrycache.expirytime = 600000ms (custom)
2022-12-02 11:14:31,890 [pool-610-thread-1] INFO  server.RaftServerConfigKeys (ConfUtils.java:logGet(46)) - raft.server.retrycache.statistics.expirytime = 100μs (default)
2022-12-02 11:14:31,892 [pool-610-thread-1] INFO  server.RaftServerConfigKeys (ConfUtils.java:logGet(46)) - raft.server.log.appender.install.snapshot.enabled = false (custom)
2022-12-02 11:14:31,892 [pool-610-thread-1] INFO  server.RaftServerConfigKeys (ConfUtils.java:logGet(46)) - raft.server.threadpool.server.cached = true (default)
2022-12-02 11:14:31,892 [pool-610-thread-1] INFO  server.RaftServerConfigKeys (ConfUtils.java:logGet(46)) - raft.server.threadpool.server.size = 0 (default)
2022-12-02 11:14:31,892 [pool-610-thread-1] INFO  server.RaftServerConfigKeys (ConfUtils.java:logGet(46)) - raft.server.threadpool.client.cached = true (default)
2022-12-02 11:14:31,892 [pool-610-thread-1] INFO  server.RaftServerConfigKeys (ConfUtils.java:logGet(46)) - raft.server.threadpool.client.size = 0 (default)
2022-12-02 11:14:31,892 [pool-610-thread-1] INFO  storage.RaftStorageDirectory (RaftStorageDirectoryImpl.java:analyzeStorage(137)) - The storage directory /home/runner/work/ozone/ozone/hadoop-ozone/integration-test/target/test-dir/MiniOzoneClusterImpl-f8f2b39f-22db-49ae-ab20-f7a2434191fa/datanode-3/data/ratis/d6fac89e-c5b0-4836-a031-5537a04feea9 does not exist. Creating ...
2022-12-02 11:14:31,894 [pool-610-thread-1] INFO  storage.RaftStorageDirectory (RaftStorageDirectoryImpl.java:tryLock(231)) - Lock on /home/runner/work/ozone/ozone/hadoop-ozone/integration-test/target/test-dir/MiniOzoneClusterImpl-f8f2b39f-22db-49ae-ab20-f7a2434191fa/datanode-3/data/ratis/d6fac89e-c5b0-4836-a031-5537a04feea9/in_use.lock acquired by nodename 6885@fv-az205-634
2022-12-02 11:14:31,895 [pool-610-thread-1] INFO  storage.RaftStorage (RaftStorageImpl.java:format(96)) - Storage directory /home/runner/work/ozone/ozone/hadoop-ozone/integration-test/target/test-dir/MiniOzoneClusterImpl-f8f2b39f-22db-49ae-ab20-f7a2434191fa/datanode-3/data/ratis/d6fac89e-c5b0-4836-a031-5537a04feea9 has been successfully formatted.
2022-12-02 11:14:31,896 [pool-610-thread-1] INFO  ratis.ContainerStateMachine (ContainerStateMachine.java:loadSnapshot(236)) - group-5537A04FEEA9: The snapshot info is null. Setting the last applied indexto:(t:0, i:~)
2022-12-02 11:14:31,896 [pool-610-thread-1] INFO  server.RaftServerConfigKeys (ConfUtils.java:logGet(46)) - raft.server.log.use.memory = false (default)
2022-12-02 11:14:31,897 [pool-610-thread-1] INFO  server.RaftServerConfigKeys (ConfUtils.java:logGet(46)) - raft.server.log.purge.gap = 1000000 (custom)
2022-12-02 11:14:31,897 [pool-610-thread-1] INFO  server.RaftServerConfigKeys (ConfUtils.java:logGet(46)) - raft.server.log.appender.buffer.byte-limit = 33554432 (custom)
2022-12-02 11:14:31,897 [pool-610-thread-1] INFO  server.RaftServerConfigKeys (ConfUtils.java:logGet(46)) - raft.server.log.statemachine.data.read.timeout = 1000ms (default)
2022-12-02 11:14:31,897 [pool-610-thread-1] INFO  server.RaftServerConfigKeys (ConfUtils.java:logGet(46)) - raft.server.log.purge.preservation.log.num = 0 (default)
2022-12-02 11:14:31,897 [EventQueue-CommandQueueReportForCommandQueueReportHandler] WARN  events.EventQueue (EventQueue.java:fireEvent(216)) - No event handler registered for event TypedEvent{payloadType=DatanodeDetails, name='Datanode_Command_Queue_Updated'}
2022-12-02 11:14:31,897 [pool-610-thread-1] INFO  server.RaftServerConfigKeys (ConfUtils.java:logGet(46)) - raft.server.log.segment.size.max = 1048576 (custom)
2022-12-02 11:14:31,898 [pool-610-thread-1] INFO  server.RaftServerConfigKeys (ConfUtils.java:logGet(46)) - raft.server.log.segment.cache.num.max = 2 (custom)
2022-12-02 11:14:31,898 [pool-610-thread-1] INFO  server.RaftServerConfigKeys (ConfUtils.java:logGet(46)) - raft.server.log.segment.cache.size.max = 200MB (=209715200) (default)
2022-12-02 11:14:31,898 [pool-610-thread-1] INFO  segmented.SegmentedRaftLogWorker (SegmentedRaftLogWorker.java:<init>(189)) - new c26475c3-4ee1-492c-b3e0-9196e8cc0198@group-5537A04FEEA9-SegmentedRaftLogWorker for RaftStorageImpl:Storage Directory /home/runner/work/ozone/ozone/hadoop-ozone/integration-test/target/test-dir/MiniOzoneClusterImpl-f8f2b39f-22db-49ae-ab20-f7a2434191fa/datanode-3/data/ratis/d6fac89e-c5b0-4836-a031-5537a04feea9
2022-12-02 11:14:31,898 [pool-610-thread-1] INFO  server.RaftServerConfigKeys (ConfUtils.java:logGet(46)) - raft.server.log.queue.byte-limit = 4294967296 (custom)
2022-12-02 11:14:31,898 [pool-610-thread-1] INFO  server.RaftServerConfigKeys (ConfUtils.java:logGet(46)) - raft.server.log.queue.element-limit = 1024 (custom)
2022-12-02 11:14:31,898 [pool-610-thread-1] INFO  server.RaftServerConfigKeys (ConfUtils.java:logGet(46)) - raft.server.log.segment.size.max = 1048576 (custom)
2022-12-02 11:14:31,898 [pool-610-thread-1] INFO  server.RaftServerConfigKeys (ConfUtils.java:logGet(46)) - raft.server.log.preallocated.size = 16384 (custom)
2022-12-02 11:14:31,898 [pool-610-thread-1] INFO  server.RaftServerConfigKeys (ConfUtils.java:logGet(46)) - raft.server.log.force.sync.num = 128 (default)
2022-12-02 11:14:31,898 [pool-610-thread-1] INFO  server.RaftServerConfigKeys (ConfUtils.java:logGet(46)) - raft.server.log.statemachine.data.sync = true (default)
2022-12-02 11:14:31,898 [pool-610-thread-1] INFO  server.RaftServerConfigKeys (ConfUtils.java:logGet(46)) - raft.server.log.statemachine.data.sync.timeout = 10s (default)
2022-12-02 11:14:31,899 [pool-610-thread-1] INFO  server.RaftServerConfigKeys (ConfUtils.java:logGet(46)) - raft.server.log.statemachine.data.sync.timeout.retry = -1 (default)
2022-12-02 11:14:31,900 [pool-610-thread-1] INFO  server.RaftServerConfigKeys (ConfUtils.java:logGet(46)) - raft.server.log.write.buffer.size = 1048576 (custom)
2022-12-02 11:14:31,901 [pool-610-thread-1] INFO  server.RaftServerConfigKeys (ConfUtils.java:logGet(46)) - raft.server.log.appender.buffer.byte-limit = 33554432 (custom)
2022-12-02 11:14:31,909 [pool-610-thread-1] INFO  server.RaftServerConfigKeys (ConfUtils.java:logGet(46)) - raft.server.log.unsafe-flush.enabled = false (default)
2022-12-02 11:14:31,909 [pool-610-thread-1] INFO  server.RaftServerConfigKeys (ConfUtils.java:logGet(46)) - raft.server.log.async-flush.enabled = false (default)
2022-12-02 11:14:31,909 [pool-610-thread-1] INFO  server.RaftServerConfigKeys (ConfUtils.java:logGet(46)) - raft.server.log.statemachine.data.caching.enabled = true (custom)
2022-12-02 11:14:31,909 [pool-610-thread-1] INFO  segmented.SegmentedRaftLogWorker (SegmentedRaftLogWorker.java:lambda$new$0(135)) - c26475c3-4ee1-492c-b3e0-9196e8cc0198@group-5537A04FEEA9-SegmentedRaftLogWorker: flushIndex: setUnconditionally 0 -> -1
2022-12-02 11:14:31,909 [pool-610-thread-1] INFO  segmented.SegmentedRaftLogWorker (SegmentedRaftLogWorker.java:lambda$new$0(135)) - c26475c3-4ee1-492c-b3e0-9196e8cc0198@group-5537A04FEEA9-SegmentedRaftLogWorker: safeCacheEvictIndex: setUnconditionally 0 -> -1
2022-12-02 11:14:31,910 [pool-610-thread-1] INFO  server.RaftServer$Division (RaftServerImpl.java:start(334)) - c26475c3-4ee1-492c-b3e0-9196e8cc0198@group-5537A04FEEA9: start as a follower, conf=-1: peers:[c26475c3-4ee1-492c-b3e0-9196e8cc0198|rpc:10.1.0.7:38613|priority:0|startupRole:FOLLOWER, 7d2395d2-eabc-4616-a887-e94e2c3276b4|rpc:10.1.0.7:39491|priority:0|startupRole:FOLLOWER, 4a0ae1c5-f8a8-4716-8c13-266b2f364a7b|rpc:10.1.0.7:36099|priority:1|startupRole:FOLLOWER]|listeners:[], old=null
2022-12-02 11:14:31,910 [pool-610-thread-1] INFO  server.RaftServer$Division (RaftServerImpl.java:setRole(321)) - c26475c3-4ee1-492c-b3e0-9196e8cc0198@group-5537A04FEEA9: changes role from      null to FOLLOWER at term 0 for startAsFollower
2022-12-02 11:14:31,910 [pool-610-thread-1] INFO  impl.RoleInfo (RoleInfo.java:updateAndGet(139)) - c26475c3-4ee1-492c-b3e0-9196e8cc0198: start c26475c3-4ee1-492c-b3e0-9196e8cc0198@group-5537A04FEEA9-FollowerState
2022-12-02 11:14:31,910 [pool-610-thread-1] INFO  util.JmxRegister (JmxRegister.java:tryRegister(44)) - Successfully registered JMX Bean with object name Ratis:service=RaftServer,group=group-5537A04FEEA9,id=c26475c3-4ee1-492c-b3e0-9196e8cc0198
2022-12-02 11:14:31,910 [pool-610-thread-1] INFO  server.RaftServerConfigKeys (ConfUtils.java:logGet(46)) - raft.server.snapshot.auto.trigger.enabled = true (custom)
2022-12-02 11:14:31,910 [pool-610-thread-1] INFO  server.RaftServerConfigKeys (ConfUtils.java:logGet(46)) - raft.server.snapshot.auto.trigger.threshold = 10000 (custom)
2022-12-02 11:14:31,910 [pool-610-thread-1] INFO  server.RaftServerConfigKeys (ConfUtils.java:logGet(46)) - raft.server.snapshot.retention.file.num = 5 (custom)
2022-12-02 11:14:31,911 [pool-610-thread-1] INFO  server.RaftServerConfigKeys (ConfUtils.java:logGet(46)) - raft.server.log.purge.upto.snapshot.index = false (default)
2022-12-02 11:14:31,911 [c26475c3-4ee1-492c-b3e0-9196e8cc0198@group-5537A04FEEA9-FollowerState] INFO  server.RaftServerConfigKeys (ConfUtils.java:logFallback(53)) - raft.server.rpc.first-election.timeout.min = 5s (fallback to raft.server.rpc.timeout.min)
2022-12-02 11:14:31,911 [c26475c3-4ee1-492c-b3e0-9196e8cc0198@group-5537A04FEEA9-FollowerState] INFO  server.RaftServerConfigKeys (ConfUtils.java:logFallback(53)) - raft.server.rpc.first-election.timeout.max = 5200ms (fallback to raft.server.rpc.timeout.max)
2022-12-02 11:14:31,914 [Command processor thread] INFO  ratis.XceiverServerRatis (XceiverServerRatis.java:addGroup(765)) - Created group PipelineID=d6fac89e-c5b0-4836-a031-5537a04feea9
2022-12-02 11:14:31,929 [grpc-default-executor-0] INFO  server.RaftServer (RaftServerProxy.java:addNew(96)) - 4a0ae1c5-f8a8-4716-8c13-266b2f364a7b: addNew group-5537A04FEEA9:[c26475c3-4ee1-492c-b3e0-9196e8cc0198|rpc:10.1.0.7:38613|dataStream:|priority:0|startupRole:FOLLOWER, 7d2395d2-eabc-4616-a887-e94e2c3276b4|rpc:10.1.0.7:39491|dataStream:|priority:0|startupRole:FOLLOWER, 4a0ae1c5-f8a8-4716-8c13-266b2f364a7b|rpc:10.1.0.7:36099|dataStream:|priority:1|startupRole:FOLLOWER] returns group-5537A04FEEA9:java.util.concurrent.CompletableFuture@7449ac68[Not completed]
2022-12-02 11:14:31,930 [pool-656-thread-1] INFO  server.RaftServer$Division (RaftServerImpl.java:<init>(195)) - 4a0ae1c5-f8a8-4716-8c13-266b2f364a7b: new RaftServerImpl for group-5537A04FEEA9:[c26475c3-4ee1-492c-b3e0-9196e8cc0198|rpc:10.1.0.7:38613|dataStream:|priority:0|startupRole:FOLLOWER, 7d2395d2-eabc-4616-a887-e94e2c3276b4|rpc:10.1.0.7:39491|dataStream:|priority:0|startupRole:FOLLOWER, 4a0ae1c5-f8a8-4716-8c13-266b2f364a7b|rpc:10.1.0.7:36099|dataStream:|priority:1|startupRole:FOLLOWER] with ContainerStateMachine:uninitialized
2022-12-02 11:14:31,930 [pool-656-thread-1] INFO  server.RaftServerConfigKeys (ConfUtils.java:logGet(46)) - raft.server.rpc.timeout.min = 5s (custom)
2022-12-02 11:14:31,931 [pool-656-thread-1] INFO  server.RaftServerConfigKeys (ConfUtils.java:logGet(46)) - raft.server.rpc.timeout.max = 5200ms (custom)
2022-12-02 11:14:31,931 [pool-656-thread-1] INFO  server.RaftServerConfigKeys (ConfUtils.java:logGet(46)) - raft.server.rpc.sleep.time = 25ms (default)
2022-12-02 11:14:31,931 [pool-656-thread-1] INFO  server.RaftServerConfigKeys (ConfUtils.java:logGet(46)) - raft.server.rpc.slowness.timeout = 300s (custom)
2022-12-02 11:14:31,931 [pool-656-thread-1] INFO  server.RaftServerConfigKeys (ConfUtils.java:logGet(46)) - raft.server.leaderelection.leader.step-down.wait-time = 10s (default)
2022-12-02 11:14:31,931 [pool-656-thread-1] INFO  server.RaftServerConfigKeys (ConfUtils.java:logGet(46)) - raft.server.sleep.deviation.threshold = 300ms (default)
2022-12-02 11:14:31,931 [pool-656-thread-1] INFO  server.RaftServer$Division (ServerState.java:<init>(118)) - 4a0ae1c5-f8a8-4716-8c13-266b2f364a7b@group-5537A04FEEA9: ConfigurationManager, init=-1: peers:[c26475c3-4ee1-492c-b3e0-9196e8cc0198|rpc:10.1.0.7:38613|dataStream:|priority:0|startupRole:FOLLOWER, 7d2395d2-eabc-4616-a887-e94e2c3276b4|rpc:10.1.0.7:39491|dataStream:|priority:0|startupRole:FOLLOWER, 4a0ae1c5-f8a8-4716-8c13-266b2f364a7b|rpc:10.1.0.7:36099|dataStream:|priority:1|startupRole:FOLLOWER]|listeners:[], old=null, confs=<EMPTY_MAP>
2022-12-02 11:14:31,931 [pool-656-thread-1] INFO  server.RaftServerConfigKeys (ConfUtils.java:logGet(46)) - raft.server.storage.dir = [/home/runner/work/ozone/ozone/hadoop-ozone/integration-test/target/test-dir/MiniOzoneClusterImpl-f8f2b39f-22db-49ae-ab20-f7a2434191fa/datanode-5/data/ratis] (custom)
2022-12-02 11:14:31,931 [pool-656-thread-1] INFO  server.RaftServerConfigKeys (ConfUtils.java:logGet(46)) - raft.server.log.corruption.policy = EXCEPTION (default)
2022-12-02 11:14:31,931 [pool-656-thread-1] INFO  server.RaftServerConfigKeys (ConfUtils.java:logGet(46)) - raft.server.storage.free-space.min = 0MB (=0) (default)
2022-12-02 11:14:31,931 [pool-656-thread-1] INFO  server.RaftServerConfigKeys (ConfUtils.java:logGet(46)) - raft.server.notification.no-leader.timeout = 300s (custom)
2022-12-02 11:14:31,931 [pool-656-thread-1] INFO  server.RaftServerConfigKeys (ConfUtils.java:logGet(46)) - raft.server.retrycache.expirytime = 600000ms (custom)
2022-12-02 11:14:31,931 [pool-656-thread-1] INFO  server.RaftServerConfigKeys (ConfUtils.java:logGet(46)) - raft.server.retrycache.statistics.expirytime = 100μs (default)
2022-12-02 11:14:31,933 [pool-656-thread-1] INFO  server.RaftServerConfigKeys (ConfUtils.java:logGet(46)) - raft.server.log.appender.install.snapshot.enabled = false (custom)
2022-12-02 11:14:31,933 [pool-656-thread-1] INFO  server.RaftServerConfigKeys (ConfUtils.java:logGet(46)) - raft.server.threadpool.server.cached = true (default)
2022-12-02 11:14:31,933 [pool-656-thread-1] INFO  server.RaftServerConfigKeys (ConfUtils.java:logGet(46)) - raft.server.threadpool.server.size = 0 (default)
2022-12-02 11:14:31,933 [pool-656-thread-1] INFO  server.RaftServerConfigKeys (ConfUtils.java:logGet(46)) - raft.server.threadpool.client.cached = true (default)
2022-12-02 11:14:31,933 [pool-656-thread-1] INFO  server.RaftServerConfigKeys (ConfUtils.java:logGet(46)) - raft.server.threadpool.client.size = 0 (default)
2022-12-02 11:14:31,933 [pool-656-thread-1] INFO  storage.RaftStorageDirectory (RaftStorageDirectoryImpl.java:analyzeStorage(137)) - The storage directory /home/runner/work/ozone/ozone/hadoop-ozone/integration-test/target/test-dir/MiniOzoneClusterImpl-f8f2b39f-22db-49ae-ab20-f7a2434191fa/datanode-5/data/ratis/d6fac89e-c5b0-4836-a031-5537a04feea9 does not exist. Creating ...
2022-12-02 11:14:31,936 [pool-656-thread-1] INFO  storage.RaftStorageDirectory (RaftStorageDirectoryImpl.java:tryLock(231)) - Lock on /home/runner/work/ozone/ozone/hadoop-ozone/integration-test/target/test-dir/MiniOzoneClusterImpl-f8f2b39f-22db-49ae-ab20-f7a2434191fa/datanode-5/data/ratis/d6fac89e-c5b0-4836-a031-5537a04feea9/in_use.lock acquired by nodename 6885@fv-az205-634
2022-12-02 11:14:31,938 [pool-656-thread-1] INFO  storage.RaftStorage (RaftStorageImpl.java:format(96)) - Storage directory /home/runner/work/ozone/ozone/hadoop-ozone/integration-test/target/test-dir/MiniOzoneClusterImpl-f8f2b39f-22db-49ae-ab20-f7a2434191fa/datanode-5/data/ratis/d6fac89e-c5b0-4836-a031-5537a04feea9 has been successfully formatted.
2022-12-02 11:14:31,939 [pool-656-thread-1] INFO  ratis.ContainerStateMachine (ContainerStateMachine.java:loadSnapshot(236)) - group-5537A04FEEA9: The snapshot info is null. Setting the last applied indexto:(t:0, i:~)
2022-12-02 11:14:31,940 [EventQueue-CommandQueueReportForCommandQueueReportHandler] WARN  events.EventQueue (EventQueue.java:fireEvent(216)) - No event handler registered for event TypedEvent{payloadType=DatanodeDetails, name='Datanode_Command_Queue_Updated'}
2022-12-02 11:14:31,941 [pool-656-thread-1] INFO  server.RaftServerConfigKeys (ConfUtils.java:logGet(46)) - raft.server.log.use.memory = false (default)
2022-12-02 11:14:31,941 [pool-656-thread-1] INFO  server.RaftServerConfigKeys (ConfUtils.java:logGet(46)) - raft.server.log.purge.gap = 1000000 (custom)
2022-12-02 11:14:31,941 [pool-656-thread-1] INFO  server.RaftServerConfigKeys (ConfUtils.java:logGet(46)) - raft.server.log.appender.buffer.byte-limit = 33554432 (custom)
2022-12-02 11:14:31,941 [pool-656-thread-1] INFO  server.RaftServerConfigKeys (ConfUtils.java:logGet(46)) - raft.server.log.statemachine.data.read.timeout = 1000ms (default)
2022-12-02 11:14:31,941 [pool-656-thread-1] INFO  server.RaftServerConfigKeys (ConfUtils.java:logGet(46)) - raft.server.log.purge.preservation.log.num = 0 (default)
2022-12-02 11:14:31,941 [pool-656-thread-1] INFO  server.RaftServerConfigKeys (ConfUtils.java:logGet(46)) - raft.server.log.segment.size.max = 1048576 (custom)
2022-12-02 11:14:31,942 [pool-656-thread-1] INFO  server.RaftServerConfigKeys (ConfUtils.java:logGet(46)) - raft.server.log.segment.cache.num.max = 2 (custom)
2022-12-02 11:14:31,942 [pool-656-thread-1] INFO  server.RaftServerConfigKeys (ConfUtils.java:logGet(46)) - raft.server.log.segment.cache.size.max = 200MB (=209715200) (default)
2022-12-02 11:14:31,942 [pool-656-thread-1] INFO  segmented.SegmentedRaftLogWorker (SegmentedRaftLogWorker.java:<init>(189)) - new 4a0ae1c5-f8a8-4716-8c13-266b2f364a7b@group-5537A04FEEA9-SegmentedRaftLogWorker for RaftStorageImpl:Storage Directory /home/runner/work/ozone/ozone/hadoop-ozone/integration-test/target/test-dir/MiniOzoneClusterImpl-f8f2b39f-22db-49ae-ab20-f7a2434191fa/datanode-5/data/ratis/d6fac89e-c5b0-4836-a031-5537a04feea9
2022-12-02 11:14:31,942 [pool-656-thread-1] INFO  server.RaftServerConfigKeys (ConfUtils.java:logGet(46)) - raft.server.log.queue.byte-limit = 4294967296 (custom)
2022-12-02 11:14:31,942 [pool-656-thread-1] INFO  server.RaftServerConfigKeys (ConfUtils.java:logGet(46)) - raft.server.log.queue.element-limit = 1024 (custom)
2022-12-02 11:14:31,942 [pool-656-thread-1] INFO  server.RaftServerConfigKeys (ConfUtils.java:logGet(46)) - raft.server.log.segment.size.max = 1048576 (custom)
2022-12-02 11:14:31,942 [pool-656-thread-1] INFO  server.RaftServerConfigKeys (ConfUtils.java:logGet(46)) - raft.server.log.preallocated.size = 16384 (custom)
2022-12-02 11:14:31,942 [pool-656-thread-1] INFO  server.RaftServerConfigKeys (ConfUtils.java:logGet(46)) - raft.server.log.force.sync.num = 128 (default)
2022-12-02 11:14:31,942 [pool-656-thread-1] INFO  server.RaftServerConfigKeys (ConfUtils.java:logGet(46)) - raft.server.log.statemachine.data.sync = true (default)
2022-12-02 11:14:31,942 [pool-656-thread-1] INFO  server.RaftServerConfigKeys (ConfUtils.java:logGet(46)) - raft.server.log.statemachine.data.sync.timeout = 10s (default)
2022-12-02 11:14:31,942 [pool-656-thread-1] INFO  server.RaftServerConfigKeys (ConfUtils.java:logGet(46)) - raft.server.log.statemachine.data.sync.timeout.retry = -1 (default)
2022-12-02 11:14:31,944 [pool-656-thread-1] INFO  server.RaftServerConfigKeys (ConfUtils.java:logGet(46)) - raft.server.log.write.buffer.size = 1048576 (custom)
2022-12-02 11:14:31,945 [pool-656-thread-1] INFO  server.RaftServerConfigKeys (ConfUtils.java:logGet(46)) - raft.server.log.appender.buffer.byte-limit = 33554432 (custom)
2022-12-02 11:14:31,951 [pool-656-thread-1] INFO  server.RaftServerConfigKeys (ConfUtils.java:logGet(46)) - raft.server.log.unsafe-flush.enabled = false (default)
2022-12-02 11:14:31,951 [pool-656-thread-1] INFO  server.RaftServerConfigKeys (ConfUtils.java:logGet(46)) - raft.server.log.async-flush.enabled = false (default)
2022-12-02 11:14:31,951 [pool-656-thread-1] INFO  server.RaftServerConfigKeys (ConfUtils.java:logGet(46)) - raft.server.log.statemachine.data.caching.enabled = true (custom)
2022-12-02 11:14:31,952 [pool-656-thread-1] INFO  segmented.SegmentedRaftLogWorker (SegmentedRaftLogWorker.java:lambda$new$0(135)) - 4a0ae1c5-f8a8-4716-8c13-266b2f364a7b@group-5537A04FEEA9-SegmentedRaftLogWorker: flushIndex: setUnconditionally 0 -> -1
2022-12-02 11:14:31,952 [pool-656-thread-1] INFO  segmented.SegmentedRaftLogWorker (SegmentedRaftLogWorker.java:lambda$new$0(135)) - 4a0ae1c5-f8a8-4716-8c13-266b2f364a7b@group-5537A04FEEA9-SegmentedRaftLogWorker: safeCacheEvictIndex: setUnconditionally 0 -> -1
2022-12-02 11:14:31,952 [pool-656-thread-1] INFO  server.RaftServer$Division (RaftServerImpl.java:start(334)) - 4a0ae1c5-f8a8-4716-8c13-266b2f364a7b@group-5537A04FEEA9: start as a follower, conf=-1: peers:[c26475c3-4ee1-492c-b3e0-9196e8cc0198|rpc:10.1.0.7:38613|dataStream:|priority:0|startupRole:FOLLOWER, 7d2395d2-eabc-4616-a887-e94e2c3276b4|rpc:10.1.0.7:39491|dataStream:|priority:0|startupRole:FOLLOWER, 4a0ae1c5-f8a8-4716-8c13-266b2f364a7b|rpc:10.1.0.7:36099|dataStream:|priority:1|startupRole:FOLLOWER]|listeners:[], old=null
2022-12-02 11:14:31,952 [pool-656-thread-1] INFO  server.RaftServer$Division (RaftServerImpl.java:setRole(321)) - 4a0ae1c5-f8a8-4716-8c13-266b2f364a7b@group-5537A04FEEA9: changes role from      null to FOLLOWER at term 0 for startAsFollower
2022-12-02 11:14:31,952 [pool-656-thread-1] INFO  impl.RoleInfo (RoleInfo.java:updateAndGet(139)) - 4a0ae1c5-f8a8-4716-8c13-266b2f364a7b: start 4a0ae1c5-f8a8-4716-8c13-266b2f364a7b@group-5537A04FEEA9-FollowerState
2022-12-02 11:14:31,954 [pool-656-thread-1] INFO  util.JmxRegister (JmxRegister.java:tryRegister(44)) - Successfully registered JMX Bean with object name Ratis:service=RaftServer,group=group-5537A04FEEA9,id=4a0ae1c5-f8a8-4716-8c13-266b2f364a7b
2022-12-02 11:14:31,954 [pool-656-thread-1] INFO  server.RaftServerConfigKeys (ConfUtils.java:logGet(46)) - raft.server.snapshot.auto.trigger.enabled = true (custom)
2022-12-02 11:14:31,954 [pool-656-thread-1] INFO  server.RaftServerConfigKeys (ConfUtils.java:logGet(46)) - raft.server.snapshot.auto.trigger.threshold = 10000 (custom)
2022-12-02 11:14:31,954 [pool-656-thread-1] INFO  server.RaftServerConfigKeys (ConfUtils.java:logGet(46)) - raft.server.snapshot.retention.file.num = 5 (custom)
2022-12-02 11:14:31,954 [pool-656-thread-1] INFO  server.RaftServerConfigKeys (ConfUtils.java:logGet(46)) - raft.server.log.purge.upto.snapshot.index = false (default)
2022-12-02 11:14:31,955 [4a0ae1c5-f8a8-4716-8c13-266b2f364a7b@group-5537A04FEEA9-FollowerState] INFO  server.RaftServerConfigKeys (ConfUtils.java:logFallback(53)) - raft.server.rpc.first-election.timeout.min = 5s (fallback to raft.server.rpc.timeout.min)
2022-12-02 11:14:31,955 [4a0ae1c5-f8a8-4716-8c13-266b2f364a7b@group-5537A04FEEA9-FollowerState] INFO  server.RaftServerConfigKeys (ConfUtils.java:logFallback(53)) - raft.server.rpc.first-election.timeout.max = 5200ms (fallback to raft.server.rpc.timeout.max)
2022-12-02 11:14:31,974 [grpc-default-executor-0] INFO  server.RaftServer (RaftServerProxy.java:addNew(96)) - 7d2395d2-eabc-4616-a887-e94e2c3276b4: addNew group-5537A04FEEA9:[c26475c3-4ee1-492c-b3e0-9196e8cc0198|rpc:10.1.0.7:38613|dataStream:|priority:0|startupRole:FOLLOWER, 7d2395d2-eabc-4616-a887-e94e2c3276b4|rpc:10.1.0.7:39491|dataStream:|priority:0|startupRole:FOLLOWER, 4a0ae1c5-f8a8-4716-8c13-266b2f364a7b|rpc:10.1.0.7:36099|dataStream:|priority:1|startupRole:FOLLOWER] returns group-5537A04FEEA9:java.util.concurrent.CompletableFuture@5ceddfd7[Not completed]
2022-12-02 11:14:31,975 [pool-633-thread-1] INFO  server.RaftServer$Division (RaftServerImpl.java:<init>(195)) - 7d2395d2-eabc-4616-a887-e94e2c3276b4: new RaftServerImpl for group-5537A04FEEA9:[c26475c3-4ee1-492c-b3e0-9196e8cc0198|rpc:10.1.0.7:38613|dataStream:|priority:0|startupRole:FOLLOWER, 7d2395d2-eabc-4616-a887-e94e2c3276b4|rpc:10.1.0.7:39491|dataStream:|priority:0|startupRole:FOLLOWER, 4a0ae1c5-f8a8-4716-8c13-266b2f364a7b|rpc:10.1.0.7:36099|dataStream:|priority:1|startupRole:FOLLOWER] with ContainerStateMachine:uninitialized
2022-12-02 11:14:31,976 [pool-633-thread-1] INFO  server.RaftServerConfigKeys (ConfUtils.java:logGet(46)) - raft.server.rpc.timeout.min = 5s (custom)
2022-12-02 11:14:31,976 [pool-633-thread-1] INFO  server.RaftServerConfigKeys (ConfUtils.java:logGet(46)) - raft.server.rpc.timeout.max = 5200ms (custom)
2022-12-02 11:14:31,976 [pool-633-thread-1] INFO  server.RaftServerConfigKeys (ConfUtils.java:logGet(46)) - raft.server.rpc.sleep.time = 25ms (default)
2022-12-02 11:14:31,976 [pool-633-thread-1] INFO  server.RaftServerConfigKeys (ConfUtils.java:logGet(46)) - raft.server.rpc.slowness.timeout = 300s (custom)
2022-12-02 11:14:31,976 [pool-633-thread-1] INFO  server.RaftServerConfigKeys (ConfUtils.java:logGet(46)) - raft.server.leaderelection.leader.step-down.wait-time = 10s (default)
2022-12-02 11:14:31,976 [pool-633-thread-1] INFO  server.RaftServerConfigKeys (ConfUtils.java:logGet(46)) - raft.server.sleep.deviation.threshold = 300ms (default)
2022-12-02 11:14:31,976 [pool-633-thread-1] INFO  server.RaftServer$Division (ServerState.java:<init>(118)) - 7d2395d2-eabc-4616-a887-e94e2c3276b4@group-5537A04FEEA9: ConfigurationManager, init=-1: peers:[c26475c3-4ee1-492c-b3e0-9196e8cc0198|rpc:10.1.0.7:38613|dataStream:|priority:0|startupRole:FOLLOWER, 7d2395d2-eabc-4616-a887-e94e2c3276b4|rpc:10.1.0.7:39491|dataStream:|priority:0|startupRole:FOLLOWER, 4a0ae1c5-f8a8-4716-8c13-266b2f364a7b|rpc:10.1.0.7:36099|dataStream:|priority:1|startupRole:FOLLOWER]|listeners:[], old=null, confs=<EMPTY_MAP>
2022-12-02 11:14:31,976 [pool-633-thread-1] INFO  server.RaftServerConfigKeys (ConfUtils.java:logGet(46)) - raft.server.storage.dir = [/home/runner/work/ozone/ozone/hadoop-ozone/integration-test/target/test-dir/MiniOzoneClusterImpl-f8f2b39f-22db-49ae-ab20-f7a2434191fa/datanode-4/data/ratis] (custom)
2022-12-02 11:14:31,977 [pool-633-thread-1] INFO  server.RaftServerConfigKeys (ConfUtils.java:logGet(46)) - raft.server.log.corruption.policy = EXCEPTION (default)
2022-12-02 11:14:31,977 [pool-633-thread-1] INFO  server.RaftServerConfigKeys (ConfUtils.java:logGet(46)) - raft.server.storage.free-space.min = 0MB (=0) (default)
2022-12-02 11:14:31,977 [pool-633-thread-1] INFO  server.RaftServerConfigKeys (ConfUtils.java:logGet(46)) - raft.server.notification.no-leader.timeout = 300s (custom)
2022-12-02 11:14:31,977 [pool-633-thread-1] INFO  server.RaftServerConfigKeys (ConfUtils.java:logGet(46)) - raft.server.retrycache.expirytime = 600000ms (custom)
2022-12-02 11:14:31,977 [pool-633-thread-1] INFO  server.RaftServerConfigKeys (ConfUtils.java:logGet(46)) - raft.server.retrycache.statistics.expirytime = 100μs (default)
2022-12-02 11:14:31,979 [pool-633-thread-1] INFO  server.RaftServerConfigKeys (ConfUtils.java:logGet(46)) - raft.server.log.appender.install.snapshot.enabled = false (custom)
2022-12-02 11:14:31,979 [pool-633-thread-1] INFO  server.RaftServerConfigKeys (ConfUtils.java:logGet(46)) - raft.server.threadpool.server.cached = true (default)
2022-12-02 11:14:31,979 [pool-633-thread-1] INFO  server.RaftServerConfigKeys (ConfUtils.java:logGet(46)) - raft.server.threadpool.server.size = 0 (default)
2022-12-02 11:14:31,980 [pool-633-thread-1] INFO  server.RaftServerConfigKeys (ConfUtils.java:logGet(46)) - raft.server.threadpool.client.cached = true (default)
2022-12-02 11:14:31,980 [pool-633-thread-1] INFO  server.RaftServerConfigKeys (ConfUtils.java:logGet(46)) - raft.server.threadpool.client.size = 0 (default)
2022-12-02 11:14:31,980 [pool-633-thread-1] INFO  storage.RaftStorageDirectory (RaftStorageDirectoryImpl.java:analyzeStorage(137)) - The storage directory /home/runner/work/ozone/ozone/hadoop-ozone/integration-test/target/test-dir/MiniOzoneClusterImpl-f8f2b39f-22db-49ae-ab20-f7a2434191fa/datanode-4/data/ratis/d6fac89e-c5b0-4836-a031-5537a04feea9 does not exist. Creating ...
2022-12-02 11:14:31,981 [pool-633-thread-1] INFO  storage.RaftStorageDirectory (RaftStorageDirectoryImpl.java:tryLock(231)) - Lock on /home/runner/work/ozone/ozone/hadoop-ozone/integration-test/target/test-dir/MiniOzoneClusterImpl-f8f2b39f-22db-49ae-ab20-f7a2434191fa/datanode-4/data/ratis/d6fac89e-c5b0-4836-a031-5537a04feea9/in_use.lock acquired by nodename 6885@fv-az205-634
2022-12-02 11:14:31,983 [pool-633-thread-1] INFO  storage.RaftStorage (RaftStorageImpl.java:format(96)) - Storage directory /home/runner/work/ozone/ozone/hadoop-ozone/integration-test/target/test-dir/MiniOzoneClusterImpl-f8f2b39f-22db-49ae-ab20-f7a2434191fa/datanode-4/data/ratis/d6fac89e-c5b0-4836-a031-5537a04feea9 has been successfully formatted.
2022-12-02 11:14:31,985 [EventQueue-CommandQueueReportForCommandQueueReportHandler] WARN  events.EventQueue (EventQueue.java:fireEvent(216)) - No event handler registered for event TypedEvent{payloadType=DatanodeDetails, name='Datanode_Command_Queue_Updated'}
2022-12-02 11:14:31,986 [pool-633-thread-1] INFO  ratis.ContainerStateMachine (ContainerStateMachine.java:loadSnapshot(236)) - group-5537A04FEEA9: The snapshot info is null. Setting the last applied indexto:(t:0, i:~)
2022-12-02 11:14:31,986 [pool-633-thread-1] INFO  server.RaftServerConfigKeys (ConfUtils.java:logGet(46)) - raft.server.log.use.memory = false (default)
2022-12-02 11:14:31,986 [pool-633-thread-1] INFO  server.RaftServerConfigKeys (ConfUtils.java:logGet(46)) - raft.server.log.purge.gap = 1000000 (custom)
2022-12-02 11:14:31,987 [pool-633-thread-1] INFO  server.RaftServerConfigKeys (ConfUtils.java:logGet(46)) - raft.server.log.appender.buffer.byte-limit = 33554432 (custom)
2022-12-02 11:14:31,987 [pool-633-thread-1] INFO  server.RaftServerConfigKeys (ConfUtils.java:logGet(46)) - raft.server.log.statemachine.data.read.timeout = 1000ms (default)
2022-12-02 11:14:31,987 [pool-633-thread-1] INFO  server.RaftServerConfigKeys (ConfUtils.java:logGet(46)) - raft.server.log.purge.preservation.log.num = 0 (default)
2022-12-02 11:14:31,987 [pool-633-thread-1] INFO  server.RaftServerConfigKeys (ConfUtils.java:logGet(46)) - raft.server.log.segment.size.max = 1048576 (custom)
2022-12-02 11:14:31,987 [pool-633-thread-1] INFO  server.RaftServerConfigKeys (ConfUtils.java:logGet(46)) - raft.server.log.segment.cache.num.max = 2 (custom)
2022-12-02 11:14:31,987 [pool-633-thread-1] INFO  server.RaftServerConfigKeys (ConfUtils.java:logGet(46)) - raft.server.log.segment.cache.size.max = 200MB (=209715200) (default)
2022-12-02 11:14:31,987 [pool-633-thread-1] INFO  segmented.SegmentedRaftLogWorker (SegmentedRaftLogWorker.java:<init>(189)) - new 7d2395d2-eabc-4616-a887-e94e2c3276b4@group-5537A04FEEA9-SegmentedRaftLogWorker for RaftStorageImpl:Storage Directory /home/runner/work/ozone/ozone/hadoop-ozone/integration-test/target/test-dir/MiniOzoneClusterImpl-f8f2b39f-22db-49ae-ab20-f7a2434191fa/datanode-4/data/ratis/d6fac89e-c5b0-4836-a031-5537a04feea9
2022-12-02 11:14:31,988 [pool-633-thread-1] INFO  server.RaftServerConfigKeys (ConfUtils.java:logGet(46)) - raft.server.log.queue.byte-limit = 4294967296 (custom)
2022-12-02 11:14:31,988 [pool-633-thread-1] INFO  server.RaftServerConfigKeys (ConfUtils.java:logGet(46)) - raft.server.log.queue.element-limit = 1024 (custom)
2022-12-02 11:14:31,988 [pool-633-thread-1] INFO  server.RaftServerConfigKeys (ConfUtils.java:logGet(46)) - raft.server.log.segment.size.max = 1048576 (custom)
2022-12-02 11:14:31,988 [pool-633-thread-1] INFO  server.RaftServerConfigKeys (ConfUtils.java:logGet(46)) - raft.server.log.preallocated.size = 16384 (custom)
2022-12-02 11:14:31,988 [pool-633-thread-1] INFO  server.RaftServerConfigKeys (ConfUtils.java:logGet(46)) - raft.server.log.force.sync.num = 128 (default)
2022-12-02 11:14:31,988 [pool-633-thread-1] INFO  server.RaftServerConfigKeys (ConfUtils.java:logGet(46)) - raft.server.log.statemachine.data.sync = true (default)
2022-12-02 11:14:31,988 [pool-633-thread-1] INFO  server.RaftServerConfigKeys (ConfUtils.java:logGet(46)) - raft.server.log.statemachine.data.sync.timeout = 10s (default)
2022-12-02 11:14:31,988 [pool-633-thread-1] INFO  server.RaftServerConfigKeys (ConfUtils.java:logGet(46)) - raft.server.log.statemachine.data.sync.timeout.retry = -1 (default)
2022-12-02 11:14:31,989 [pool-633-thread-1] INFO  server.RaftServerConfigKeys (ConfUtils.java:logGet(46)) - raft.server.log.write.buffer.size = 1048576 (custom)
2022-12-02 11:14:31,990 [pool-633-thread-1] INFO  server.RaftServerConfigKeys (ConfUtils.java:logGet(46)) - raft.server.log.appender.buffer.byte-limit = 33554432 (custom)
2022-12-02 11:14:31,997 [pool-633-thread-1] INFO  server.RaftServerConfigKeys (ConfUtils.java:logGet(46)) - raft.server.log.unsafe-flush.enabled = false (default)
2022-12-02 11:14:31,997 [pool-633-thread-1] INFO  server.RaftServerConfigKeys (ConfUtils.java:logGet(46)) - raft.server.log.async-flush.enabled = false (default)
2022-12-02 11:14:31,997 [pool-633-thread-1] INFO  server.RaftServerConfigKeys (ConfUtils.java:logGet(46)) - raft.server.log.statemachine.data.caching.enabled = true (custom)
2022-12-02 11:14:31,997 [pool-633-thread-1] INFO  segmented.SegmentedRaftLogWorker (SegmentedRaftLogWorker.java:lambda$new$0(135)) - 7d2395d2-eabc-4616-a887-e94e2c3276b4@group-5537A04FEEA9-SegmentedRaftLogWorker: flushIndex: setUnconditionally 0 -> -1
2022-12-02 11:14:31,997 [pool-633-thread-1] INFO  segmented.SegmentedRaftLogWorker (SegmentedRaftLogWorker.java:lambda$new$0(135)) - 7d2395d2-eabc-4616-a887-e94e2c3276b4@group-5537A04FEEA9-SegmentedRaftLogWorker: safeCacheEvictIndex: setUnconditionally 0 -> -1
2022-12-02 11:14:31,998 [pool-633-thread-1] INFO  server.RaftServer$Division (RaftServerImpl.java:start(334)) - 7d2395d2-eabc-4616-a887-e94e2c3276b4@group-5537A04FEEA9: start as a follower, conf=-1: peers:[c26475c3-4ee1-492c-b3e0-9196e8cc0198|rpc:10.1.0.7:38613|dataStream:|priority:0|startupRole:FOLLOWER, 7d2395d2-eabc-4616-a887-e94e2c3276b4|rpc:10.1.0.7:39491|dataStream:|priority:0|startupRole:FOLLOWER, 4a0ae1c5-f8a8-4716-8c13-266b2f364a7b|rpc:10.1.0.7:36099|dataStream:|priority:1|startupRole:FOLLOWER]|listeners:[], old=null
2022-12-02 11:14:31,998 [pool-633-thread-1] INFO  server.RaftServer$Division (RaftServerImpl.java:setRole(321)) - 7d2395d2-eabc-4616-a887-e94e2c3276b4@group-5537A04FEEA9: changes role from      null to FOLLOWER at term 0 for startAsFollower
2022-12-02 11:14:31,998 [pool-633-thread-1] INFO  impl.RoleInfo (RoleInfo.java:updateAndGet(139)) - 7d2395d2-eabc-4616-a887-e94e2c3276b4: start 7d2395d2-eabc-4616-a887-e94e2c3276b4@group-5537A04FEEA9-FollowerState
2022-12-02 11:14:32,002 [pool-633-thread-1] INFO  util.JmxRegister (JmxRegister.java:tryRegister(44)) - Successfully registered JMX Bean with object name Ratis:service=RaftServer,group=group-5537A04FEEA9,id=7d2395d2-eabc-4616-a887-e94e2c3276b4
2022-12-02 11:14:32,002 [pool-633-thread-1] INFO  server.RaftServerConfigKeys (ConfUtils.java:logGet(46)) - raft.server.snapshot.auto.trigger.enabled = true (custom)
2022-12-02 11:14:32,002 [pool-633-thread-1] INFO  server.RaftServerConfigKeys (ConfUtils.java:logGet(46)) - raft.server.snapshot.auto.trigger.threshold = 10000 (custom)
2022-12-02 11:14:32,003 [pool-633-thread-1] INFO  server.RaftServerConfigKeys (ConfUtils.java:logGet(46)) - raft.server.snapshot.retention.file.num = 5 (custom)
2022-12-02 11:14:32,003 [pool-633-thread-1] INFO  server.RaftServerConfigKeys (ConfUtils.java:logGet(46)) - raft.server.log.purge.upto.snapshot.index = false (default)
2022-12-02 11:14:32,004 [7d2395d2-eabc-4616-a887-e94e2c3276b4@group-5537A04FEEA9-FollowerState] INFO  server.RaftServerConfigKeys (ConfUtils.java:logFallback(53)) - raft.server.rpc.first-election.timeout.min = 5s (fallback to raft.server.rpc.timeout.min)
2022-12-02 11:14:32,004 [7d2395d2-eabc-4616-a887-e94e2c3276b4@group-5537A04FEEA9-FollowerState] INFO  server.RaftServerConfigKeys (ConfUtils.java:logFallback(53)) - raft.server.rpc.first-election.timeout.max = 5200ms (fallback to raft.server.rpc.timeout.max)
2022-12-02 11:14:32,011 [Command processor thread] INFO  commandhandler.CreatePipelineCommandHandler (CreatePipelineCommandHandler.java:handle(113)) - Created Pipeline RATIS THREE PipelineID=d6fac89e-c5b0-4836-a031-5537a04feea9.
2022-12-02 11:14:32,451 [Listener at 127.0.0.1/35473] INFO  ozone.MiniOzoneClusterImpl (MiniOzoneClusterImpl.java:lambda$waitForClusterToBeReady$0(216)) - Nodes are ready. Got 6 of 6 DN Heartbeats.
2022-12-02 11:14:32,451 [Listener at 127.0.0.1/35473] INFO  ozone.MiniOzoneClusterImpl (MiniOzoneClusterImpl.java:lambda$waitForClusterToBeReady$0(219)) - Waiting for cluster to exit safe mode
2022-12-02 11:14:32,452 [Listener at 127.0.0.1/35473] INFO  ozone.MiniOzoneClusterImpl (MiniOzoneClusterImpl.java:lambda$waitForClusterToBeReady$0(221)) - SCM became leader
2022-12-02 11:14:32,476 [EventQueue-CommandQueueReportForCommandQueueReportHandler] WARN  events.EventQueue (EventQueue.java:fireEvent(216)) - No event handler registered for event TypedEvent{payloadType=DatanodeDetails, name='Datanode_Command_Queue_Updated'}
2022-12-02 11:14:32,515 [EventQueue-CommandQueueReportForCommandQueueReportHandler] WARN  events.EventQueue (EventQueue.java:fireEvent(216)) - No event handler registered for event TypedEvent{payloadType=DatanodeDetails, name='Datanode_Command_Queue_Updated'}
2022-12-02 11:14:32,558 [EventQueue-CommandQueueReportForCommandQueueReportHandler] WARN  events.EventQueue (EventQueue.java:fireEvent(216)) - No event handler registered for event TypedEvent{payloadType=DatanodeDetails, name='Datanode_Command_Queue_Updated'}
2022-12-02 11:14:33,452 [Listener at 127.0.0.1/35473] INFO  ozone.MiniOzoneClusterImpl (MiniOzoneClusterImpl.java:lambda$waitForClusterToBeReady$0(216)) - Nodes are ready. Got 6 of 6 DN Heartbeats.
2022-12-02 11:14:33,452 [Listener at 127.0.0.1/35473] INFO  ozone.MiniOzoneClusterImpl (MiniOzoneClusterImpl.java:lambda$waitForClusterToBeReady$0(219)) - Waiting for cluster to exit safe mode
2022-12-02 11:14:33,453 [Listener at 127.0.0.1/35473] INFO  ozone.MiniOzoneClusterImpl (MiniOzoneClusterImpl.java:lambda$waitForClusterToBeReady$0(221)) - SCM became leader
2022-12-02 11:14:33,898 [EventQueue-CommandQueueReportForCommandQueueReportHandler] WARN  events.EventQueue (EventQueue.java:fireEvent(216)) - No event handler registered for event TypedEvent{payloadType=DatanodeDetails, name='Datanode_Command_Queue_Updated'}
2022-12-02 11:14:33,940 [EventQueue-CommandQueueReportForCommandQueueReportHandler] WARN  events.EventQueue (EventQueue.java:fireEvent(216)) - No event handler registered for event TypedEvent{payloadType=DatanodeDetails, name='Datanode_Command_Queue_Updated'}
2022-12-02 11:14:33,985 [EventQueue-CommandQueueReportForCommandQueueReportHandler] WARN  events.EventQueue (EventQueue.java:fireEvent(216)) - No event handler registered for event TypedEvent{payloadType=DatanodeDetails, name='Datanode_Command_Queue_Updated'}
2022-12-02 11:14:34,453 [Listener at 127.0.0.1/35473] INFO  ozone.MiniOzoneClusterImpl (MiniOzoneClusterImpl.java:lambda$waitForClusterToBeReady$0(216)) - Nodes are ready. Got 6 of 6 DN Heartbeats.
2022-12-02 11:14:34,453 [Listener at 127.0.0.1/35473] INFO  ozone.MiniOzoneClusterImpl (MiniOzoneClusterImpl.java:lambda$waitForClusterToBeReady$0(219)) - Waiting for cluster to exit safe mode
2022-12-02 11:14:34,453 [Listener at 127.0.0.1/35473] INFO  ozone.MiniOzoneClusterImpl (MiniOzoneClusterImpl.java:lambda$waitForClusterToBeReady$0(221)) - SCM became leader
2022-12-02 11:14:34,476 [EventQueue-CommandQueueReportForCommandQueueReportHandler] WARN  events.EventQueue (EventQueue.java:fireEvent(216)) - No event handler registered for event TypedEvent{payloadType=DatanodeDetails, name='Datanode_Command_Queue_Updated'}
2022-12-02 11:14:34,515 [EventQueue-CommandQueueReportForCommandQueueReportHandler] WARN  events.EventQueue (EventQueue.java:fireEvent(216)) - No event handler registered for event TypedEvent{payloadType=DatanodeDetails, name='Datanode_Command_Queue_Updated'}
2022-12-02 11:14:34,558 [EventQueue-CommandQueueReportForCommandQueueReportHandler] WARN  events.EventQueue (EventQueue.java:fireEvent(216)) - No event handler registered for event TypedEvent{payloadType=DatanodeDetails, name='Datanode_Command_Queue_Updated'}
2022-12-02 11:14:35,431 [aecdc221-737e-4b39-8f20-7a048fa0296a@group-F147D2C2B854-FollowerState] INFO  impl.FollowerState (FollowerState.java:run(143)) - aecdc221-737e-4b39-8f20-7a048fa0296a@group-F147D2C2B854-FollowerState: change to CANDIDATE, lastRpcElapsedTime:5023785529ns, electionTimeout:5023ms
2022-12-02 11:14:35,432 [aecdc221-737e-4b39-8f20-7a048fa0296a@group-F147D2C2B854-FollowerState] INFO  impl.RoleInfo (RoleInfo.java:shutdownFollowerState(110)) - aecdc221-737e-4b39-8f20-7a048fa0296a: shutdown aecdc221-737e-4b39-8f20-7a048fa0296a@group-F147D2C2B854-FollowerState
2022-12-02 11:14:35,432 [aecdc221-737e-4b39-8f20-7a048fa0296a@group-F147D2C2B854-FollowerState] INFO  server.RaftServer$Division (RaftServerImpl.java:setRole(321)) - aecdc221-737e-4b39-8f20-7a048fa0296a@group-F147D2C2B854: changes role from  FOLLOWER to CANDIDATE at term 0 for changeToCandidate
2022-12-02 11:14:35,432 [aecdc221-737e-4b39-8f20-7a048fa0296a@group-F147D2C2B854-FollowerState] INFO  server.RaftServerConfigKeys (ConfUtils.java:logGet(46)) - raft.server.leaderelection.pre-vote = false (custom)
2022-12-02 11:14:35,432 [aecdc221-737e-4b39-8f20-7a048fa0296a@group-F147D2C2B854-FollowerState] INFO  impl.RoleInfo (RoleInfo.java:updateAndGet(139)) - aecdc221-737e-4b39-8f20-7a048fa0296a: start aecdc221-737e-4b39-8f20-7a048fa0296a@group-F147D2C2B854-LeaderElection33
2022-12-02 11:14:35,438 [aecdc221-737e-4b39-8f20-7a048fa0296a@group-F147D2C2B854-LeaderElection33] INFO  impl.LeaderElection (LeaderElection.java:askForVotes(312)) - aecdc221-737e-4b39-8f20-7a048fa0296a@group-F147D2C2B854-LeaderElection33 ELECTION round 0: submit vote requests at term 1 for -1: peers:[90a4d295-1ed6-49a8-a392-d1efb526c081|rpc:10.1.0.7:38181|dataStream:|priority:0|startupRole:FOLLOWER, aecdc221-737e-4b39-8f20-7a048fa0296a|rpc:10.1.0.7:34239|dataStream:|priority:1|startupRole:FOLLOWER, 1fd27439-e6b5-4682-b1aa-75bd99d23433|rpc:10.1.0.7:38521|dataStream:|priority:0|startupRole:FOLLOWER]|listeners:[], old=null
2022-12-02 11:14:35,439 [aecdc221-737e-4b39-8f20-7a048fa0296a@group-F147D2C2B854-LeaderElection33-1] INFO  server.GrpcServerProtocolClient (GrpcServerProtocolClient.java:<init>(63)) - Build channel for 90a4d295-1ed6-49a8-a392-d1efb526c081
2022-12-02 11:14:35,439 [aecdc221-737e-4b39-8f20-7a048fa0296a@group-F147D2C2B854-LeaderElection33] INFO  server.RaftServerConfigKeys (ConfUtils.java:logFallback(53)) - raft.server.rpc.first-election.timeout.min = 5s (fallback to raft.server.rpc.timeout.min)
2022-12-02 11:14:35,439 [aecdc221-737e-4b39-8f20-7a048fa0296a@group-F147D2C2B854-LeaderElection33] INFO  server.RaftServerConfigKeys (ConfUtils.java:logFallback(53)) - raft.server.rpc.first-election.timeout.max = 5200ms (fallback to raft.server.rpc.timeout.max)
2022-12-02 11:14:35,439 [aecdc221-737e-4b39-8f20-7a048fa0296a@group-F147D2C2B854-LeaderElection33-2] INFO  server.GrpcServerProtocolClient (GrpcServerProtocolClient.java:<init>(63)) - Build channel for 1fd27439-e6b5-4682-b1aa-75bd99d23433
2022-12-02 11:14:35,454 [Listener at 127.0.0.1/35473] INFO  ozone.MiniOzoneClusterImpl (MiniOzoneClusterImpl.java:lambda$waitForClusterToBeReady$0(216)) - Nodes are ready. Got 6 of 6 DN Heartbeats.
2022-12-02 11:14:35,454 [Listener at 127.0.0.1/35473] INFO  ozone.MiniOzoneClusterImpl (MiniOzoneClusterImpl.java:lambda$waitForClusterToBeReady$0(219)) - Waiting for cluster to exit safe mode
2022-12-02 11:14:35,454 [Listener at 127.0.0.1/35473] INFO  ozone.MiniOzoneClusterImpl (MiniOzoneClusterImpl.java:lambda$waitForClusterToBeReady$0(221)) - SCM became leader
2022-12-02 11:14:35,461 [grpc-default-executor-0] INFO  server.RaftServer$Division (RaftServerImpl.java:requestVote(1218)) - 1fd27439-e6b5-4682-b1aa-75bd99d23433@group-F147D2C2B854: receive requestVote(ELECTION, aecdc221-737e-4b39-8f20-7a048fa0296a, group-F147D2C2B854, 1, (t:0, i:0))
2022-12-02 11:14:35,461 [grpc-default-executor-0] INFO  impl.VoteContext (VoteContext.java:log(49)) - 1fd27439-e6b5-4682-b1aa-75bd99d23433@group-F147D2C2B854-FOLLOWER: accept ELECTION from aecdc221-737e-4b39-8f20-7a048fa0296a: our priority 0 <= candidate's priority 1
2022-12-02 11:14:35,461 [grpc-default-executor-0] INFO  server.RaftServer$Division (RaftServerImpl.java:setRole(321)) - 1fd27439-e6b5-4682-b1aa-75bd99d23433@group-F147D2C2B854: changes role from  FOLLOWER to FOLLOWER at term 1 for candidate:aecdc221-737e-4b39-8f20-7a048fa0296a
2022-12-02 11:14:35,461 [grpc-default-executor-0] INFO  impl.RoleInfo (RoleInfo.java:shutdownFollowerState(110)) - 1fd27439-e6b5-4682-b1aa-75bd99d23433: shutdown 1fd27439-e6b5-4682-b1aa-75bd99d23433@group-F147D2C2B854-FollowerState
2022-12-02 11:14:35,462 [grpc-default-executor-0] INFO  impl.RoleInfo (RoleInfo.java:updateAndGet(139)) - 1fd27439-e6b5-4682-b1aa-75bd99d23433: start 1fd27439-e6b5-4682-b1aa-75bd99d23433@group-F147D2C2B854-FollowerState
2022-12-02 11:14:35,462 [1fd27439-e6b5-4682-b1aa-75bd99d23433@group-F147D2C2B854-FollowerState] INFO  impl.FollowerState (FollowerState.java:run(152)) - 1fd27439-e6b5-4682-b1aa-75bd99d23433@group-F147D2C2B854-FollowerState was interrupted
2022-12-02 11:14:35,462 [grpc-default-executor-1] INFO  server.RaftServer$Division (RaftServerImpl.java:requestVote(1218)) - 90a4d295-1ed6-49a8-a392-d1efb526c081@group-F147D2C2B854: receive requestVote(ELECTION, aecdc221-737e-4b39-8f20-7a048fa0296a, group-F147D2C2B854, 1, (t:0, i:0))
2022-12-02 11:14:35,463 [grpc-default-executor-1] INFO  impl.VoteContext (VoteContext.java:log(49)) - 90a4d295-1ed6-49a8-a392-d1efb526c081@group-F147D2C2B854-FOLLOWER: accept ELECTION from aecdc221-737e-4b39-8f20-7a048fa0296a: our priority 0 <= candidate's priority 1
2022-12-02 11:14:35,463 [grpc-default-executor-1] INFO  server.RaftServer$Division (RaftServerImpl.java:setRole(321)) - 90a4d295-1ed6-49a8-a392-d1efb526c081@group-F147D2C2B854: changes role from  FOLLOWER to FOLLOWER at term 1 for candidate:aecdc221-737e-4b39-8f20-7a048fa0296a
2022-12-02 11:14:35,463 [grpc-default-executor-1] INFO  impl.RoleInfo (RoleInfo.java:shutdownFollowerState(110)) - 90a4d295-1ed6-49a8-a392-d1efb526c081: shutdown 90a4d295-1ed6-49a8-a392-d1efb526c081@group-F147D2C2B854-FollowerState
2022-12-02 11:14:35,463 [grpc-default-executor-1] INFO  impl.RoleInfo (RoleInfo.java:updateAndGet(139)) - 90a4d295-1ed6-49a8-a392-d1efb526c081: start 90a4d295-1ed6-49a8-a392-d1efb526c081@group-F147D2C2B854-FollowerState
2022-12-02 11:14:35,463 [90a4d295-1ed6-49a8-a392-d1efb526c081@group-F147D2C2B854-FollowerState] INFO  impl.FollowerState (FollowerState.java:run(152)) - 90a4d295-1ed6-49a8-a392-d1efb526c081@group-F147D2C2B854-FollowerState was interrupted
2022-12-02 11:14:35,464 [1fd27439-e6b5-4682-b1aa-75bd99d23433@group-F147D2C2B854-FollowerState] INFO  server.RaftServerConfigKeys (ConfUtils.java:logFallback(53)) - raft.server.rpc.first-election.timeout.min = 5s (fallback to raft.server.rpc.timeout.min)
2022-12-02 11:14:35,464 [1fd27439-e6b5-4682-b1aa-75bd99d23433@group-F147D2C2B854-FollowerState] INFO  server.RaftServerConfigKeys (ConfUtils.java:logFallback(53)) - raft.server.rpc.first-election.timeout.max = 5200ms (fallback to raft.server.rpc.timeout.max)
2022-12-02 11:14:35,471 [grpc-default-executor-0] INFO  server.RaftServer$Division (RaftServerImpl.java:requestVote(1251)) - 1fd27439-e6b5-4682-b1aa-75bd99d23433@group-F147D2C2B854 replies to ELECTION vote request: aecdc221-737e-4b39-8f20-7a048fa0296a<-1fd27439-e6b5-4682-b1aa-75bd99d23433#0:OK-t1. Peer's state: 1fd27439-e6b5-4682-b1aa-75bd99d23433@group-F147D2C2B854:t1, leader=null, voted=aecdc221-737e-4b39-8f20-7a048fa0296a, raftlog=Memoized:1fd27439-e6b5-4682-b1aa-75bd99d23433@group-F147D2C2B854-SegmentedRaftLog:OPENED:c-1, conf=-1: peers:[90a4d295-1ed6-49a8-a392-d1efb526c081|rpc:10.1.0.7:38181|dataStream:|priority:0|startupRole:FOLLOWER, aecdc221-737e-4b39-8f20-7a048fa0296a|rpc:10.1.0.7:34239|dataStream:|priority:1|startupRole:FOLLOWER, 1fd27439-e6b5-4682-b1aa-75bd99d23433|rpc:10.1.0.7:38521|dataStream:|priority:0|startupRole:FOLLOWER]|listeners:[], old=null
2022-12-02 11:14:35,472 [90a4d295-1ed6-49a8-a392-d1efb526c081@group-F147D2C2B854-FollowerState] INFO  server.RaftServerConfigKeys (ConfUtils.java:logFallback(53)) - raft.server.rpc.first-election.timeout.min = 5s (fallback to raft.server.rpc.timeout.min)
2022-12-02 11:14:35,472 [90a4d295-1ed6-49a8-a392-d1efb526c081@group-F147D2C2B854-FollowerState] INFO  server.RaftServerConfigKeys (ConfUtils.java:logFallback(53)) - raft.server.rpc.first-election.timeout.max = 5200ms (fallback to raft.server.rpc.timeout.max)
2022-12-02 11:14:35,473 [aecdc221-737e-4b39-8f20-7a048fa0296a@group-F147D2C2B854-LeaderElection33] INFO  impl.LeaderElection (LeaderElection.java:logAndReturn(90)) - aecdc221-737e-4b39-8f20-7a048fa0296a@group-F147D2C2B854-LeaderElection33: ELECTION PASSED received 1 response(s) and 0 exception(s):
2022-12-02 11:14:35,473 [aecdc221-737e-4b39-8f20-7a048fa0296a@group-F147D2C2B854-LeaderElection33] INFO  impl.LeaderElection (LeaderElection.java:logAndReturn(94)) -   Response 0: aecdc221-737e-4b39-8f20-7a048fa0296a<-1fd27439-e6b5-4682-b1aa-75bd99d23433#0:OK-t1
2022-12-02 11:14:35,473 [aecdc221-737e-4b39-8f20-7a048fa0296a@group-F147D2C2B854-LeaderElection33] INFO  impl.LeaderElection (LeaderElection.java:askForVotes(314)) - aecdc221-737e-4b39-8f20-7a048fa0296a@group-F147D2C2B854-LeaderElection33 ELECTION round 0: result PASSED
2022-12-02 11:14:35,473 [aecdc221-737e-4b39-8f20-7a048fa0296a@group-F147D2C2B854-LeaderElection33] INFO  impl.RoleInfo (RoleInfo.java:shutdownLeaderElection(130)) - aecdc221-737e-4b39-8f20-7a048fa0296a: shutdown aecdc221-737e-4b39-8f20-7a048fa0296a@group-F147D2C2B854-LeaderElection33
2022-12-02 11:14:35,473 [aecdc221-737e-4b39-8f20-7a048fa0296a@group-F147D2C2B854-LeaderElection33] INFO  server.RaftServer$Division (RaftServerImpl.java:setRole(321)) - aecdc221-737e-4b39-8f20-7a048fa0296a@group-F147D2C2B854: changes role from CANDIDATE to LEADER at term 1 for changeToLeader
2022-12-02 11:14:35,473 [aecdc221-737e-4b39-8f20-7a048fa0296a@group-F147D2C2B854-LeaderElection33] INFO  ratis.XceiverServerRatis (XceiverServerRatis.java:handleLeaderChangedNotification(863)) - Leader change notification received for group: group-F147D2C2B854 with new leaderId: aecdc221-737e-4b39-8f20-7a048fa0296a
2022-12-02 11:14:35,474 [aecdc221-737e-4b39-8f20-7a048fa0296a@group-F147D2C2B854-LeaderElection33] INFO  server.RaftServer$Division (ServerState.java:setLeader(313)) - aecdc221-737e-4b39-8f20-7a048fa0296a@group-F147D2C2B854: change Leader from null to aecdc221-737e-4b39-8f20-7a048fa0296a at term 1 for becomeLeader, leader elected after 5083ms
2022-12-02 11:14:35,474 [aecdc221-737e-4b39-8f20-7a048fa0296a@group-F147D2C2B854-LeaderElection33] INFO  server.RaftServerConfigKeys (ConfUtils.java:logGet(46)) - raft.server.staging.catchup.gap = 1000 (default)
2022-12-02 11:14:35,476 [aecdc221-737e-4b39-8f20-7a048fa0296a@group-F147D2C2B854-LeaderElection33] INFO  server.RaftServerConfigKeys (ConfUtils.java:logGet(46)) - raft.server.write.element-limit = 1024 (custom)
2022-12-02 11:14:35,476 [aecdc221-737e-4b39-8f20-7a048fa0296a@group-F147D2C2B854-LeaderElection33] INFO  server.RaftServerConfigKeys (ConfUtils.java:logGet(46)) - raft.server.write.byte-limit = 1024 M (=1073741824) (custom)
2022-12-02 11:14:35,476 [aecdc221-737e-4b39-8f20-7a048fa0296a@group-F147D2C2B854-LeaderElection33] INFO  server.RaftServerConfigKeys (ConfUtils.java:logGet(46)) - raft.server.watch.timeout = 180s (custom)
2022-12-02 11:14:35,476 [aecdc221-737e-4b39-8f20-7a048fa0296a@group-F147D2C2B854-LeaderElection33] INFO  server.RaftServerConfigKeys (ConfUtils.java:logGet(46)) - raft.server.watch.timeout.denomination = 1s (default)
2022-12-02 11:14:35,477 [aecdc221-737e-4b39-8f20-7a048fa0296a@group-F147D2C2B854-LeaderElection33] INFO  server.RaftServerConfigKeys (ConfUtils.java:logGet(46)) - raft.server.watch.element-limit = 65536 (default)
2022-12-02 11:14:35,477 [aecdc221-737e-4b39-8f20-7a048fa0296a@group-F147D2C2B854-LeaderElection33] INFO  server.RaftServerConfigKeys (ConfUtils.java:logGet(46)) - raft.server.write.element-limit = 1024 (custom)
2022-12-02 11:14:35,477 [aecdc221-737e-4b39-8f20-7a048fa0296a@group-F147D2C2B854-LeaderElection33] INFO  server.RaftServerConfigKeys (ConfUtils.java:logGet(46)) - raft.server.write.follower.gap.ratio.max = -1.0 (default)
2022-12-02 11:14:35,478 [aecdc221-737e-4b39-8f20-7a048fa0296a@group-F147D2C2B854-LeaderElection33] INFO  server.RaftServerConfigKeys (ConfUtils.java:logGet(46)) - raft.server.log.appender.snapshot.chunk.size.max = 16MB (=16777216) (default)
2022-12-02 11:14:35,479 [aecdc221-737e-4b39-8f20-7a048fa0296a@group-F147D2C2B854-LeaderElection33] INFO  server.RaftServerConfigKeys (ConfUtils.java:logGet(46)) - raft.server.log.appender.buffer.byte-limit = 33554432 (custom)
2022-12-02 11:14:35,479 [aecdc221-737e-4b39-8f20-7a048fa0296a@group-F147D2C2B854-LeaderElection33] INFO  server.RaftServerConfigKeys (ConfUtils.java:logGet(46)) - raft.server.log.appender.buffer.element-limit = 1 (custom)
2022-12-02 11:14:35,479 [aecdc221-737e-4b39-8f20-7a048fa0296a@group-F147D2C2B854-LeaderElection33] INFO  grpc.GrpcConfigKeys (ConfUtils.java:logGet(46)) - raft.grpc.server.leader.outstanding.appends.max = 128 (default)
2022-12-02 11:14:35,478 [EventQueue-CommandQueueReportForCommandQueueReportHandler] WARN  events.EventQueue (EventQueue.java:fireEvent(216)) - No event handler registered for event TypedEvent{payloadType=DatanodeDetails, name='Datanode_Command_Queue_Updated'}
2022-12-02 11:14:35,479 [aecdc221-737e-4b39-8f20-7a048fa0296a@group-F147D2C2B854-LeaderElection33] INFO  server.RaftServerConfigKeys (ConfUtils.java:logGet(46)) - raft.server.rpc.request.timeout = 60s (custom)
2022-12-02 11:14:35,479 [aecdc221-737e-4b39-8f20-7a048fa0296a@group-F147D2C2B854-LeaderElection33] INFO  server.RaftServerConfigKeys (ConfUtils.java:logGet(46)) - raft.server.log.appender.install.snapshot.enabled = false (custom)
2022-12-02 11:14:35,479 [EventQueue-PipelineReportForPipelineReportHandler] INFO  pipeline.PipelineManagerImpl (PipelineManagerImpl.java:openPipeline(367)) - Pipeline Pipeline[ Id: 10666638-793a-4ff8-9cae-f147d2c2b854, Nodes: aecdc221-737e-4b39-8f20-7a048fa0296a{ip: 10.1.0.7, host: fv-az205-634.k2gd1z4tyxsu3cbgyjsjq30zwf.jx.internal.cloudapp.net, ports: [REPLICATION=40857, RATIS=34239, RATIS_ADMIN=34239, RATIS_SERVER=34239, STANDALONE=33621], networkLocation: /default-rack, certSerialId: null, persistedOpState: IN_SERVICE, persistedOpStateExpiryEpochSec: 0}1fd27439-e6b5-4682-b1aa-75bd99d23433{ip: 10.1.0.7, host: fv-az205-634.k2gd1z4tyxsu3cbgyjsjq30zwf.jx.internal.cloudapp.net, ports: [REPLICATION=44335, RATIS=38521, RATIS_ADMIN=38521, RATIS_SERVER=38521, STANDALONE=32797], networkLocation: /default-rack, certSerialId: null, persistedOpState: IN_SERVICE, persistedOpStateExpiryEpochSec: 0}90a4d295-1ed6-49a8-a392-d1efb526c081{ip: 10.1.0.7, host: fv-az205-634.k2gd1z4tyxsu3cbgyjsjq30zwf.jx.internal.cloudapp.net, ports: [REPLICATION=45695, RATIS=38181, RATIS_ADMIN=38181, RATIS_SERVER=38181, STANDALONE=43089], networkLocation: /default-rack, certSerialId: null, persistedOpState: IN_SERVICE, persistedOpStateExpiryEpochSec: 0}, ReplicationConfig: RATIS/THREE, State:ALLOCATED, leaderId:aecdc221-737e-4b39-8f20-7a048fa0296a, CreationTimestamp2022-12-02T11:14:28.219Z[Etc/UTC]] moved to OPEN state
2022-12-02 11:14:35,479 [aecdc221-737e-4b39-8f20-7a048fa0296a@group-F147D2C2B854-LeaderElection33] INFO  grpc.GrpcConfigKeys (ConfUtils.java:logGet(46)) - raft.grpc.server.heartbeat.channel = true (default)
2022-12-02 11:14:35,479 [aecdc221-737e-4b39-8f20-7a048fa0296a@group-F147D2C2B854-LeaderElection33] INFO  server.RaftServerConfigKeys (ConfUtils.java:logGet(46)) - raft.server.log.appender.wait-time.min = 10ms (default)
2022-12-02 11:14:35,482 [EventQueue-OpenPipelineForHealthyPipelineSafeModeRule] INFO  safemode.SCMSafeModeManager (HealthyPipelineSafeModeRule.java:process(137)) - SCM in safe mode. Healthy pipelines reported count is 1, required healthy pipeline reported count is 1
2022-12-02 11:14:35,482 [EventQueue-OpenPipelineForHealthyPipelineSafeModeRule] INFO  safemode.SCMSafeModeManager (SCMSafeModeManager.java:validateSafeModeExitRules(200)) - HealthyPipelineSafeModeRule rule is successfully validated
2022-12-02 11:14:35,482 [EventQueue-OpenPipelineForHealthyPipelineSafeModeRule] INFO  safemode.SCMSafeModeManager (SCMSafeModeManager.java:validateSafeModeExitRules(215)) - ScmSafeModeManager, all rules are successfully validated
2022-12-02 11:14:35,482 [EventQueue-OpenPipelineForHealthyPipelineSafeModeRule] INFO  safemode.SCMSafeModeManager (SCMSafeModeManager.java:exitSafeMode(244)) - SCM exiting safe mode.
2022-12-02 11:14:35,482 [EventQueue-OpenPipelineForHealthyPipelineSafeModeRule] INFO  ha.SCMContext (SCMContext.java:updateSafeModeStatus(228)) - Update SafeModeStatus from SafeModeStatus{safeModeStatus=true, preCheckPassed=true} to SafeModeStatus{safeModeStatus=false, preCheckPassed=true}.
2022-12-02 11:14:35,482 [EventQueue-OpenPipelineForHealthyPipelineSafeModeRule] INFO  pipeline.BackgroundPipelineCreator (BackgroundPipelineCreator.java:notifyStatusChanged(254)) - Service BackgroundPipelineCreator transitions to RUNNING.
2022-12-02 11:14:35,482 [EventQueue-OpenPipelineForHealthyPipelineSafeModeRule] INFO  BackgroundPipelineScrubber (BackgroundSCMService.java:notifyStatusChanged(82)) - Service BackgroundPipelineScrubber transitions to RUNNING.
2022-12-02 11:14:35,482 [EventQueue-OpenPipelineForHealthyPipelineSafeModeRule] INFO  ExpiredContainerReplicaOpScrubber (BackgroundSCMService.java:notifyStatusChanged(82)) - Service ExpiredContainerReplicaOpScrubber transitions to RUNNING.
2022-12-02 11:14:35,483 [EventQueue-OpenPipelineForHealthyPipelineSafeModeRule] INFO  replication.ReplicationManager (ReplicationManager.java:notifyStatusChanged(853)) - Service ReplicationManager transitions to RUNNING.
2022-12-02 11:14:35,483 [EventQueue-OpenPipelineForHealthyPipelineSafeModeRule] WARN  balancer.ContainerBalancer (ContainerBalancer.java:shouldRun(131)) - Could not find persisted configuration for ContainerBalancer when checking if ContainerBalancer should run. ContainerBalancer should not run now.
2022-12-02 11:14:35,484 [aecdc221-737e-4b39-8f20-7a048fa0296a@group-F147D2C2B854-LeaderElection33] INFO  server.RaftServerConfigKeys (ConfUtils.java:logGet(46)) - raft.server.log.appender.snapshot.chunk.size.max = 16MB (=16777216) (default)
2022-12-02 11:14:35,484 [aecdc221-737e-4b39-8f20-7a048fa0296a@group-F147D2C2B854-LeaderElection33] INFO  server.RaftServerConfigKeys (ConfUtils.java:logGet(46)) - raft.server.log.appender.buffer.byte-limit = 33554432 (custom)
2022-12-02 11:14:35,484 [aecdc221-737e-4b39-8f20-7a048fa0296a@group-F147D2C2B854-LeaderElection33] INFO  server.RaftServerConfigKeys (ConfUtils.java:logGet(46)) - raft.server.log.appender.buffer.element-limit = 1 (custom)
2022-12-02 11:14:35,486 [aecdc221-737e-4b39-8f20-7a048fa0296a@group-F147D2C2B854-LeaderElection33] INFO  grpc.GrpcConfigKeys (ConfUtils.java:logGet(46)) - raft.grpc.server.leader.outstanding.appends.max = 128 (default)
2022-12-02 11:14:35,486 [aecdc221-737e-4b39-8f20-7a048fa0296a@group-F147D2C2B854-LeaderElection33] INFO  server.RaftServerConfigKeys (ConfUtils.java:logGet(46)) - raft.server.rpc.request.timeout = 60s (custom)
2022-12-02 11:14:35,486 [aecdc221-737e-4b39-8f20-7a048fa0296a@group-F147D2C2B854-LeaderElection33] INFO  server.RaftServerConfigKeys (ConfUtils.java:logGet(46)) - raft.server.log.appender.install.snapshot.enabled = false (custom)
2022-12-02 11:14:35,487 [aecdc221-737e-4b39-8f20-7a048fa0296a@group-F147D2C2B854-LeaderElection33] INFO  grpc.GrpcConfigKeys (ConfUtils.java:logGet(46)) - raft.grpc.server.heartbeat.channel = true (default)
2022-12-02 11:14:35,487 [aecdc221-737e-4b39-8f20-7a048fa0296a@group-F147D2C2B854-LeaderElection33] INFO  server.RaftServerConfigKeys (ConfUtils.java:logGet(46)) - raft.server.log.appender.wait-time.min = 10ms (default)
2022-12-02 11:14:35,488 [aecdc221-737e-4b39-8f20-7a048fa0296a@group-F147D2C2B854-LeaderElection33] INFO  impl.RoleInfo (RoleInfo.java:updateAndGet(139)) - aecdc221-737e-4b39-8f20-7a048fa0296a: start aecdc221-737e-4b39-8f20-7a048fa0296a@group-F147D2C2B854-LeaderStateImpl
2022-12-02 11:14:35,488 [grpc-default-executor-1] INFO  server.RaftServer$Division (RaftServerImpl.java:requestVote(1251)) - 90a4d295-1ed6-49a8-a392-d1efb526c081@group-F147D2C2B854 replies to ELECTION vote request: aecdc221-737e-4b39-8f20-7a048fa0296a<-90a4d295-1ed6-49a8-a392-d1efb526c081#0:OK-t1. Peer's state: 90a4d295-1ed6-49a8-a392-d1efb526c081@group-F147D2C2B854:t1, leader=null, voted=aecdc221-737e-4b39-8f20-7a048fa0296a, raftlog=Memoized:90a4d295-1ed6-49a8-a392-d1efb526c081@group-F147D2C2B854-SegmentedRaftLog:OPENED:c-1, conf=-1: peers:[90a4d295-1ed6-49a8-a392-d1efb526c081|rpc:10.1.0.7:38181|priority:0|startupRole:FOLLOWER, aecdc221-737e-4b39-8f20-7a048fa0296a|rpc:10.1.0.7:34239|priority:1|startupRole:FOLLOWER, 1fd27439-e6b5-4682-b1aa-75bd99d23433|rpc:10.1.0.7:38521|priority:0|startupRole:FOLLOWER]|listeners:[], old=null
2022-12-02 11:14:35,492 [aecdc221-737e-4b39-8f20-7a048fa0296a@group-F147D2C2B854-LeaderElection33] INFO  segmented.SegmentedRaftLogWorker (SegmentedRaftLogWorker.java:startLogSegment(452)) - aecdc221-737e-4b39-8f20-7a048fa0296a@group-F147D2C2B854-SegmentedRaftLogWorker: Starting segment from index:0
2022-12-02 11:14:35,493 [aecdc221-737e-4b39-8f20-7a048fa0296a@group-F147D2C2B854-SegmentedRaftLogWorker] INFO  segmented.SegmentedRaftLogWorker (SegmentedRaftLogWorker.java:execute(656)) - aecdc221-737e-4b39-8f20-7a048fa0296a@group-F147D2C2B854-SegmentedRaftLogWorker: created new log segment /home/runner/work/ozone/ozone/hadoop-ozone/integration-test/target/test-dir/MiniOzoneClusterImpl-f8f2b39f-22db-49ae-ab20-f7a2434191fa/datanode-1/data/ratis/10666638-793a-4ff8-9cae-f147d2c2b854/current/log_inprogress_0
2022-12-02 11:14:35,503 [aecdc221-737e-4b39-8f20-7a048fa0296a@group-F147D2C2B854-LeaderElection33] INFO  server.RaftServer$Division (ServerState.java:setRaftConf(430)) - aecdc221-737e-4b39-8f20-7a048fa0296a@group-F147D2C2B854: set configuration 0: peers:[90a4d295-1ed6-49a8-a392-d1efb526c081|rpc:10.1.0.7:38181|dataStream:|priority:0|startupRole:FOLLOWER, aecdc221-737e-4b39-8f20-7a048fa0296a|rpc:10.1.0.7:34239|dataStream:|priority:1|startupRole:FOLLOWER, 1fd27439-e6b5-4682-b1aa-75bd99d23433|rpc:10.1.0.7:38521|dataStream:|priority:0|startupRole:FOLLOWER]|listeners:[], old=null
2022-12-02 11:14:35,521 [1fd27439-e6b5-4682-b1aa-75bd99d23433-server-thread1] INFO  ratis.XceiverServerRatis (XceiverServerRatis.java:handleLeaderChangedNotification(863)) - Leader change notification received for group: group-F147D2C2B854 with new leaderId: aecdc221-737e-4b39-8f20-7a048fa0296a
2022-12-02 11:14:35,521 [1fd27439-e6b5-4682-b1aa-75bd99d23433-server-thread1] INFO  server.RaftServer$Division (ServerState.java:setLeader(313)) - 1fd27439-e6b5-4682-b1aa-75bd99d23433@group-F147D2C2B854: change Leader from null to aecdc221-737e-4b39-8f20-7a048fa0296a at term 1 for appendEntries, leader elected after 5085ms
2022-12-02 11:14:35,521 [90a4d295-1ed6-49a8-a392-d1efb526c081-server-thread1] INFO  ratis.XceiverServerRatis (XceiverServerRatis.java:handleLeaderChangedNotification(863)) - Leader change notification received for group: group-F147D2C2B854 with new leaderId: aecdc221-737e-4b39-8f20-7a048fa0296a
2022-12-02 11:14:35,521 [90a4d295-1ed6-49a8-a392-d1efb526c081-server-thread1] INFO  server.RaftServer$Division (ServerState.java:setLeader(313)) - 90a4d295-1ed6-49a8-a392-d1efb526c081@group-F147D2C2B854: change Leader from null to aecdc221-737e-4b39-8f20-7a048fa0296a at term 1 for appendEntries, leader elected after 5179ms
2022-12-02 11:14:35,535 [1fd27439-e6b5-4682-b1aa-75bd99d23433-server-thread2] INFO  server.RaftServer$Division (ServerState.java:setRaftConf(430)) - 1fd27439-e6b5-4682-b1aa-75bd99d23433@group-F147D2C2B854: set configuration 0: peers:[90a4d295-1ed6-49a8-a392-d1efb526c081|rpc:10.1.0.7:38181|dataStream:|priority:0|startupRole:FOLLOWER, aecdc221-737e-4b39-8f20-7a048fa0296a|rpc:10.1.0.7:34239|dataStream:|priority:1|startupRole:FOLLOWER, 1fd27439-e6b5-4682-b1aa-75bd99d23433|rpc:10.1.0.7:38521|dataStream:|priority:0|startupRole:FOLLOWER]|listeners:[], old=null
2022-12-02 11:14:35,535 [1fd27439-e6b5-4682-b1aa-75bd99d23433-server-thread2] INFO  segmented.SegmentedRaftLogWorker (SegmentedRaftLogWorker.java:startLogSegment(452)) - 1fd27439-e6b5-4682-b1aa-75bd99d23433@group-F147D2C2B854-SegmentedRaftLogWorker: Starting segment from index:0
2022-12-02 11:14:35,537 [1fd27439-e6b5-4682-b1aa-75bd99d23433@group-F147D2C2B854-SegmentedRaftLogWorker] INFO  segmented.SegmentedRaftLogWorker (SegmentedRaftLogWorker.java:execute(656)) - 1fd27439-e6b5-4682-b1aa-75bd99d23433@group-F147D2C2B854-SegmentedRaftLogWorker: created new log segment /home/runner/work/ozone/ozone/hadoop-ozone/integration-test/target/test-dir/MiniOzoneClusterImpl-f8f2b39f-22db-49ae-ab20-f7a2434191fa/datanode-2/data/ratis/10666638-793a-4ff8-9cae-f147d2c2b854/current/log_inprogress_0
2022-12-02 11:14:35,541 [90a4d295-1ed6-49a8-a392-d1efb526c081-server-thread3] INFO  server.RaftServer$Division (ServerState.java:setRaftConf(430)) - 90a4d295-1ed6-49a8-a392-d1efb526c081@group-F147D2C2B854: set configuration 0: peers:[90a4d295-1ed6-49a8-a392-d1efb526c081|rpc:10.1.0.7:38181|dataStream:|priority:0|startupRole:FOLLOWER, aecdc221-737e-4b39-8f20-7a048fa0296a|rpc:10.1.0.7:34239|dataStream:|priority:1|startupRole:FOLLOWER, 1fd27439-e6b5-4682-b1aa-75bd99d23433|rpc:10.1.0.7:38521|dataStream:|priority:0|startupRole:FOLLOWER]|listeners:[], old=null
2022-12-02 11:14:35,541 [90a4d295-1ed6-49a8-a392-d1efb526c081-server-thread3] INFO  segmented.SegmentedRaftLogWorker (SegmentedRaftLogWorker.java:startLogSegment(452)) - 90a4d295-1ed6-49a8-a392-d1efb526c081@group-F147D2C2B854-SegmentedRaftLogWorker: Starting segment from index:0
2022-12-02 11:14:35,543 [90a4d295-1ed6-49a8-a392-d1efb526c081@group-F147D2C2B854-SegmentedRaftLogWorker] INFO  segmented.SegmentedRaftLogWorker (SegmentedRaftLogWorker.java:execute(656)) - 90a4d295-1ed6-49a8-a392-d1efb526c081@group-F147D2C2B854-SegmentedRaftLogWorker: created new log segment /home/runner/work/ozone/ozone/hadoop-ozone/integration-test/target/test-dir/MiniOzoneClusterImpl-f8f2b39f-22db-49ae-ab20-f7a2434191fa/datanode-0/data/ratis/10666638-793a-4ff8-9cae-f147d2c2b854/current/log_inprogress_0
2022-12-02 11:14:35,619 [aecdc221-737e-4b39-8f20-7a048fa0296a@group-AA62C5EF4467-FollowerState] INFO  impl.FollowerState (FollowerState.java:run(143)) - aecdc221-737e-4b39-8f20-7a048fa0296a@group-AA62C5EF4467-FollowerState: change to CANDIDATE, lastRpcElapsedTime:5089310975ns, electionTimeout:5084ms
2022-12-02 11:14:35,620 [aecdc221-737e-4b39-8f20-7a048fa0296a@group-AA62C5EF4467-FollowerState] INFO  impl.RoleInfo (RoleInfo.java:shutdownFollowerState(110)) - aecdc221-737e-4b39-8f20-7a048fa0296a: shutdown aecdc221-737e-4b39-8f20-7a048fa0296a@group-AA62C5EF4467-FollowerState
2022-12-02 11:14:35,620 [aecdc221-737e-4b39-8f20-7a048fa0296a@group-AA62C5EF4467-FollowerState] INFO  server.RaftServer$Division (RaftServerImpl.java:setRole(321)) - aecdc221-737e-4b39-8f20-7a048fa0296a@group-AA62C5EF4467: changes role from  FOLLOWER to CANDIDATE at term 0 for changeToCandidate
2022-12-02 11:14:35,620 [aecdc221-737e-4b39-8f20-7a048fa0296a@group-AA62C5EF4467-FollowerState] INFO  server.RaftServerConfigKeys (ConfUtils.java:logGet(46)) - raft.server.leaderelection.pre-vote = false (custom)
2022-12-02 11:14:35,620 [aecdc221-737e-4b39-8f20-7a048fa0296a@group-AA62C5EF4467-FollowerState] INFO  impl.RoleInfo (RoleInfo.java:updateAndGet(139)) - aecdc221-737e-4b39-8f20-7a048fa0296a: start aecdc221-737e-4b39-8f20-7a048fa0296a@group-AA62C5EF4467-LeaderElection34
2022-12-02 11:14:35,624 [aecdc221-737e-4b39-8f20-7a048fa0296a@group-AA62C5EF4467-LeaderElection34] INFO  impl.LeaderElection (LeaderElection.java:askForVotes(312)) - aecdc221-737e-4b39-8f20-7a048fa0296a@group-AA62C5EF4467-LeaderElection34 ELECTION round 0: submit vote requests at term 1 for -1: peers:[90a4d295-1ed6-49a8-a392-d1efb526c081|rpc:10.1.0.7:38181|dataStream:|priority:1|startupRole:FOLLOWER, aecdc221-737e-4b39-8f20-7a048fa0296a|rpc:10.1.0.7:34239|dataStream:|priority:0|startupRole:FOLLOWER, 1fd27439-e6b5-4682-b1aa-75bd99d23433|rpc:10.1.0.7:38521|dataStream:|priority:0|startupRole:FOLLOWER]|listeners:[], old=null
2022-12-02 11:14:35,625 [aecdc221-737e-4b39-8f20-7a048fa0296a@group-AA62C5EF4467-LeaderElection34] INFO  server.RaftServerConfigKeys (ConfUtils.java:logFallback(53)) - raft.server.rpc.first-election.timeout.min = 5s (fallback to raft.server.rpc.timeout.min)
2022-12-02 11:14:35,625 [aecdc221-737e-4b39-8f20-7a048fa0296a@group-AA62C5EF4467-LeaderElection34] INFO  server.RaftServerConfigKeys (ConfUtils.java:logFallback(53)) - raft.server.rpc.first-election.timeout.max = 5200ms (fallback to raft.server.rpc.timeout.max)
2022-12-02 11:14:35,626 [90a4d295-1ed6-49a8-a392-d1efb526c081@group-AA62C5EF4467-FollowerState] INFO  impl.FollowerState (FollowerState.java:run(143)) - 90a4d295-1ed6-49a8-a392-d1efb526c081@group-AA62C5EF4467-FollowerState: change to CANDIDATE, lastRpcElapsedTime:5138472477ns, electionTimeout:5136ms
2022-12-02 11:14:35,626 [90a4d295-1ed6-49a8-a392-d1efb526c081@group-AA62C5EF4467-FollowerState] INFO  impl.RoleInfo (RoleInfo.java:shutdownFollowerState(110)) - 90a4d295-1ed6-49a8-a392-d1efb526c081: shutdown 90a4d295-1ed6-49a8-a392-d1efb526c081@group-AA62C5EF4467-FollowerState
2022-12-02 11:14:35,626 [90a4d295-1ed6-49a8-a392-d1efb526c081@group-AA62C5EF4467-FollowerState] INFO  server.RaftServer$Division (RaftServerImpl.java:setRole(321)) - 90a4d295-1ed6-49a8-a392-d1efb526c081@group-AA62C5EF4467: changes role from  FOLLOWER to CANDIDATE at term 0 for changeToCandidate
2022-12-02 11:14:35,626 [90a4d295-1ed6-49a8-a392-d1efb526c081@group-AA62C5EF4467-FollowerState] INFO  server.RaftServerConfigKeys (ConfUtils.java:logGet(46)) - raft.server.leaderelection.pre-vote = false (custom)
2022-12-02 11:14:35,626 [90a4d295-1ed6-49a8-a392-d1efb526c081@group-AA62C5EF4467-FollowerState] INFO  impl.RoleInfo (RoleInfo.java:updateAndGet(139)) - 90a4d295-1ed6-49a8-a392-d1efb526c081: start 90a4d295-1ed6-49a8-a392-d1efb526c081@group-AA62C5EF4467-LeaderElection35
2022-12-02 11:14:35,628 [grpc-default-executor-2] INFO  server.RaftServer$Division (RaftServerImpl.java:requestVote(1218)) - 90a4d295-1ed6-49a8-a392-d1efb526c081@group-AA62C5EF4467: receive requestVote(ELECTION, aecdc221-737e-4b39-8f20-7a048fa0296a, group-AA62C5EF4467, 1, (t:0, i:0))
2022-12-02 11:14:35,628 [grpc-default-executor-1] INFO  server.RaftServer$Division (RaftServerImpl.java:requestVote(1218)) - 1fd27439-e6b5-4682-b1aa-75bd99d23433@group-AA62C5EF4467: receive requestVote(ELECTION, aecdc221-737e-4b39-8f20-7a048fa0296a, group-AA62C5EF4467, 1, (t:0, i:0))
2022-12-02 11:14:35,628 [grpc-default-executor-1] INFO  impl.VoteContext (VoteContext.java:log(49)) - 1fd27439-e6b5-4682-b1aa-75bd99d23433@group-AA62C5EF4467-FOLLOWER: accept ELECTION from aecdc221-737e-4b39-8f20-7a048fa0296a: our priority 0 <= candidate's priority 0
2022-12-02 11:14:35,629 [grpc-default-executor-1] INFO  server.RaftServer$Division (RaftServerImpl.java:setRole(321)) - 1fd27439-e6b5-4682-b1aa-75bd99d23433@group-AA62C5EF4467: changes role from  FOLLOWER to FOLLOWER at term 1 for candidate:aecdc221-737e-4b39-8f20-7a048fa0296a
2022-12-02 11:14:35,629 [grpc-default-executor-1] INFO  impl.RoleInfo (RoleInfo.java:shutdownFollowerState(110)) - 1fd27439-e6b5-4682-b1aa-75bd99d23433: shutdown 1fd27439-e6b5-4682-b1aa-75bd99d23433@group-AA62C5EF4467-FollowerState
2022-12-02 11:14:35,630 [grpc-default-executor-1] INFO  impl.RoleInfo (RoleInfo.java:updateAndGet(139)) - 1fd27439-e6b5-4682-b1aa-75bd99d23433: start 1fd27439-e6b5-4682-b1aa-75bd99d23433@group-AA62C5EF4467-FollowerState
2022-12-02 11:14:35,630 [1fd27439-e6b5-4682-b1aa-75bd99d23433@group-AA62C5EF4467-FollowerState] INFO  impl.FollowerState (FollowerState.java:run(152)) - 1fd27439-e6b5-4682-b1aa-75bd99d23433@group-AA62C5EF4467-FollowerState was interrupted
2022-12-02 11:14:35,635 [1fd27439-e6b5-4682-b1aa-75bd99d23433@group-AA62C5EF4467-FollowerState] INFO  server.RaftServerConfigKeys (ConfUtils.java:logFallback(53)) - raft.server.rpc.first-election.timeout.min = 5s (fallback to raft.server.rpc.timeout.min)
2022-12-02 11:14:35,635 [grpc-default-executor-1] INFO  server.RaftServer$Division (RaftServerImpl.java:requestVote(1251)) - 1fd27439-e6b5-4682-b1aa-75bd99d23433@group-AA62C5EF4467 replies to ELECTION vote request: aecdc221-737e-4b39-8f20-7a048fa0296a<-1fd27439-e6b5-4682-b1aa-75bd99d23433#0:OK-t1. Peer's state: 1fd27439-e6b5-4682-b1aa-75bd99d23433@group-AA62C5EF4467:t1, leader=null, voted=aecdc221-737e-4b39-8f20-7a048fa0296a, raftlog=Memoized:1fd27439-e6b5-4682-b1aa-75bd99d23433@group-AA62C5EF4467-SegmentedRaftLog:OPENED:c-1, conf=-1: peers:[90a4d295-1ed6-49a8-a392-d1efb526c081|rpc:10.1.0.7:38181|dataStream:|priority:1|startupRole:FOLLOWER, aecdc221-737e-4b39-8f20-7a048fa0296a|rpc:10.1.0.7:34239|dataStream:|priority:0|startupRole:FOLLOWER, 1fd27439-e6b5-4682-b1aa-75bd99d23433|rpc:10.1.0.7:38521|dataStream:|priority:0|startupRole:FOLLOWER]|listeners:[], old=null
2022-12-02 11:14:35,635 [1fd27439-e6b5-4682-b1aa-75bd99d23433@group-AA62C5EF4467-FollowerState] INFO  server.RaftServerConfigKeys (ConfUtils.java:logFallback(53)) - raft.server.rpc.first-election.timeout.max = 5200ms (fallback to raft.server.rpc.timeout.max)
2022-12-02 11:14:35,637 [90a4d295-1ed6-49a8-a392-d1efb526c081@group-AA62C5EF4467-LeaderElection35] INFO  impl.LeaderElection (LeaderElection.java:askForVotes(312)) - 90a4d295-1ed6-49a8-a392-d1efb526c081@group-AA62C5EF4467-LeaderElection35 ELECTION round 0: submit vote requests at term 1 for -1: peers:[90a4d295-1ed6-49a8-a392-d1efb526c081|rpc:10.1.0.7:38181|priority:1|startupRole:FOLLOWER, aecdc221-737e-4b39-8f20-7a048fa0296a|rpc:10.1.0.7:34239|priority:0|startupRole:FOLLOWER, 1fd27439-e6b5-4682-b1aa-75bd99d23433|rpc:10.1.0.7:38521|priority:0|startupRole:FOLLOWER]|listeners:[], old=null
2022-12-02 11:14:35,638 [grpc-default-executor-2] INFO  impl.VoteContext (VoteContext.java:log(49)) - 90a4d295-1ed6-49a8-a392-d1efb526c081@group-AA62C5EF4467-CANDIDATE: reject ELECTION from aecdc221-737e-4b39-8f20-7a048fa0296a: already has voted for 90a4d295-1ed6-49a8-a392-d1efb526c081 at current term 1
2022-12-02 11:14:35,638 [grpc-default-executor-2] INFO  server.RaftServer$Division (RaftServerImpl.java:requestVote(1251)) - 90a4d295-1ed6-49a8-a392-d1efb526c081@group-AA62C5EF4467 replies to ELECTION vote request: aecdc221-737e-4b39-8f20-7a048fa0296a<-90a4d295-1ed6-49a8-a392-d1efb526c081#0:FAIL-t1. Peer's state: 90a4d295-1ed6-49a8-a392-d1efb526c081@group-AA62C5EF4467:t1, leader=null, voted=90a4d295-1ed6-49a8-a392-d1efb526c081, raftlog=Memoized:90a4d295-1ed6-49a8-a392-d1efb526c081@group-AA62C5EF4467-SegmentedRaftLog:OPENED:c-1, conf=-1: peers:[90a4d295-1ed6-49a8-a392-d1efb526c081|rpc:10.1.0.7:38181|priority:1|startupRole:FOLLOWER, aecdc221-737e-4b39-8f20-7a048fa0296a|rpc:10.1.0.7:34239|priority:0|startupRole:FOLLOWER, 1fd27439-e6b5-4682-b1aa-75bd99d23433|rpc:10.1.0.7:38521|priority:0|startupRole:FOLLOWER]|listeners:[], old=null
2022-12-02 11:14:35,642 [90a4d295-1ed6-49a8-a392-d1efb526c081@group-AA62C5EF4467-LeaderElection35-1] INFO  server.GrpcServerProtocolClient (GrpcServerProtocolClient.java:<init>(63)) - Build channel for aecdc221-737e-4b39-8f20-7a048fa0296a
2022-12-02 11:14:35,643 [90a4d295-1ed6-49a8-a392-d1efb526c081@group-AA62C5EF4467-LeaderElection35] INFO  server.RaftServerConfigKeys (ConfUtils.java:logFallback(53)) - raft.server.rpc.first-election.timeout.min = 5s (fallback to raft.server.rpc.timeout.min)
2022-12-02 11:14:35,643 [90a4d295-1ed6-49a8-a392-d1efb526c081@group-AA62C5EF4467-LeaderElection35] INFO  server.RaftServerConfigKeys (ConfUtils.java:logFallback(53)) - raft.server.rpc.first-election.timeout.max = 5200ms (fallback to raft.server.rpc.timeout.max)
2022-12-02 11:14:35,644 [aecdc221-737e-4b39-8f20-7a048fa0296a@group-AA62C5EF4467-LeaderElection34] INFO  impl.LeaderElection (LeaderElection.java:logAndReturn(90)) - aecdc221-737e-4b39-8f20-7a048fa0296a@group-AA62C5EF4467-LeaderElection34: ELECTION REJECTED received 2 response(s) and 0 exception(s):
2022-12-02 11:14:35,644 [aecdc221-737e-4b39-8f20-7a048fa0296a@group-AA62C5EF4467-LeaderElection34] INFO  impl.LeaderElection (LeaderElection.java:logAndReturn(94)) -   Response 0: aecdc221-737e-4b39-8f20-7a048fa0296a<-90a4d295-1ed6-49a8-a392-d1efb526c081#0:FAIL-t1
2022-12-02 11:14:35,644 [aecdc221-737e-4b39-8f20-7a048fa0296a@group-AA62C5EF4467-LeaderElection34] INFO  impl.LeaderElection (LeaderElection.java:logAndReturn(94)) -   Response 1: aecdc221-737e-4b39-8f20-7a048fa0296a<-1fd27439-e6b5-4682-b1aa-75bd99d23433#0:OK-t1
2022-12-02 11:14:35,644 [90a4d295-1ed6-49a8-a392-d1efb526c081@group-AA62C5EF4467-LeaderElection35-2] INFO  server.GrpcServerProtocolClient (GrpcServerProtocolClient.java:<init>(63)) - Build channel for 1fd27439-e6b5-4682-b1aa-75bd99d23433
2022-12-02 11:14:35,644 [aecdc221-737e-4b39-8f20-7a048fa0296a@group-AA62C5EF4467-LeaderElection34] INFO  impl.LeaderElection (LeaderElection.java:askForVotes(314)) - aecdc221-737e-4b39-8f20-7a048fa0296a@group-AA62C5EF4467-LeaderElection34 ELECTION round 0: result REJECTED
2022-12-02 11:14:35,644 [aecdc221-737e-4b39-8f20-7a048fa0296a@group-AA62C5EF4467-LeaderElection34] INFO  server.RaftServer$Division (RaftServerImpl.java:setRole(321)) - aecdc221-737e-4b39-8f20-7a048fa0296a@group-AA62C5EF4467: changes role from CANDIDATE to FOLLOWER at term 1 for REJECTED
2022-12-02 11:14:35,644 [aecdc221-737e-4b39-8f20-7a048fa0296a@group-AA62C5EF4467-LeaderElection34] INFO  impl.RoleInfo (RoleInfo.java:shutdownLeaderElection(130)) - aecdc221-737e-4b39-8f20-7a048fa0296a: shutdown aecdc221-737e-4b39-8f20-7a048fa0296a@group-AA62C5EF4467-LeaderElection34
2022-12-02 11:14:35,644 [aecdc221-737e-4b39-8f20-7a048fa0296a@group-AA62C5EF4467-LeaderElection34] INFO  impl.RoleInfo (RoleInfo.java:updateAndGet(139)) - aecdc221-737e-4b39-8f20-7a048fa0296a: start aecdc221-737e-4b39-8f20-7a048fa0296a@group-AA62C5EF4467-FollowerState
2022-12-02 11:14:35,649 [aecdc221-737e-4b39-8f20-7a048fa0296a@group-AA62C5EF4467-FollowerState] INFO  server.RaftServerConfigKeys (ConfUtils.java:logFallback(53)) - raft.server.rpc.first-election.timeout.min = 5s (fallback to raft.server.rpc.timeout.min)
2022-12-02 11:14:35,649 [aecdc221-737e-4b39-8f20-7a048fa0296a@group-AA62C5EF4467-FollowerState] INFO  server.RaftServerConfigKeys (ConfUtils.java:logFallback(53)) - raft.server.rpc.first-election.timeout.max = 5200ms (fallback to raft.server.rpc.timeout.max)
2022-12-02 11:14:35,657 [grpc-default-executor-2] INFO  server.RaftServer$Division (RaftServerImpl.java:requestVote(1218)) - aecdc221-737e-4b39-8f20-7a048fa0296a@group-AA62C5EF4467: receive requestVote(ELECTION, 90a4d295-1ed6-49a8-a392-d1efb526c081, group-AA62C5EF4467, 1, (t:0, i:0))
2022-12-02 11:14:35,657 [grpc-default-executor-2] INFO  impl.VoteContext (VoteContext.java:log(49)) - aecdc221-737e-4b39-8f20-7a048fa0296a@group-AA62C5EF4467-FOLLOWER: reject ELECTION from 90a4d295-1ed6-49a8-a392-d1efb526c081: already has voted for aecdc221-737e-4b39-8f20-7a048fa0296a at current term 1
2022-12-02 11:14:35,657 [grpc-default-executor-2] INFO  server.RaftServer$Division (RaftServerImpl.java:requestVote(1251)) - aecdc221-737e-4b39-8f20-7a048fa0296a@group-AA62C5EF4467 replies to ELECTION vote request: 90a4d295-1ed6-49a8-a392-d1efb526c081<-aecdc221-737e-4b39-8f20-7a048fa0296a#0:FAIL-t1. Peer's state: aecdc221-737e-4b39-8f20-7a048fa0296a@group-AA62C5EF4467:t1, leader=null, voted=aecdc221-737e-4b39-8f20-7a048fa0296a, raftlog=Memoized:aecdc221-737e-4b39-8f20-7a048fa0296a@group-AA62C5EF4467-SegmentedRaftLog:OPENED:c-1, conf=-1: peers:[90a4d295-1ed6-49a8-a392-d1efb526c081|rpc:10.1.0.7:38181|dataStream:|priority:1|startupRole:FOLLOWER, aecdc221-737e-4b39-8f20-7a048fa0296a|rpc:10.1.0.7:34239|dataStream:|priority:0|startupRole:FOLLOWER, 1fd27439-e6b5-4682-b1aa-75bd99d23433|rpc:10.1.0.7:38521|dataStream:|priority:0|startupRole:FOLLOWER]|listeners:[], old=null
2022-12-02 11:14:35,668 [grpc-default-executor-2] INFO  server.RaftServer$Division (RaftServerImpl.java:requestVote(1218)) - 1fd27439-e6b5-4682-b1aa-75bd99d23433@group-AA62C5EF4467: receive requestVote(ELECTION, 90a4d295-1ed6-49a8-a392-d1efb526c081, group-AA62C5EF4467, 1, (t:0, i:0))
2022-12-02 11:14:35,671 [grpc-default-executor-2] INFO  impl.VoteContext (VoteContext.java:log(49)) - 1fd27439-e6b5-4682-b1aa-75bd99d23433@group-AA62C5EF4467-FOLLOWER: reject ELECTION from 90a4d295-1ed6-49a8-a392-d1efb526c081: already has voted for aecdc221-737e-4b39-8f20-7a048fa0296a at current term 1
2022-12-02 11:14:35,671 [grpc-default-executor-2] INFO  server.RaftServer$Division (RaftServerImpl.java:requestVote(1251)) - 1fd27439-e6b5-4682-b1aa-75bd99d23433@group-AA62C5EF4467 replies to ELECTION vote request: 90a4d295-1ed6-49a8-a392-d1efb526c081<-1fd27439-e6b5-4682-b1aa-75bd99d23433#0:FAIL-t1. Peer's state: 1fd27439-e6b5-4682-b1aa-75bd99d23433@group-AA62C5EF4467:t1, leader=null, voted=aecdc221-737e-4b39-8f20-7a048fa0296a, raftlog=Memoized:1fd27439-e6b5-4682-b1aa-75bd99d23433@group-AA62C5EF4467-SegmentedRaftLog:OPENED:c-1, conf=-1: peers:[90a4d295-1ed6-49a8-a392-d1efb526c081|rpc:10.1.0.7:38181|dataStream:|priority:1|startupRole:FOLLOWER, aecdc221-737e-4b39-8f20-7a048fa0296a|rpc:10.1.0.7:34239|dataStream:|priority:0|startupRole:FOLLOWER, 1fd27439-e6b5-4682-b1aa-75bd99d23433|rpc:10.1.0.7:38521|dataStream:|priority:0|startupRole:FOLLOWER]|listeners:[], old=null
2022-12-02 11:14:35,673 [90a4d295-1ed6-49a8-a392-d1efb526c081@group-AA62C5EF4467-LeaderElection35] INFO  impl.LeaderElection (LeaderElection.java:logAndReturn(90)) - 90a4d295-1ed6-49a8-a392-d1efb526c081@group-AA62C5EF4467-LeaderElection35: ELECTION REJECTED received 2 response(s) and 0 exception(s):
2022-12-02 11:14:35,673 [90a4d295-1ed6-49a8-a392-d1efb526c081@group-AA62C5EF4467-LeaderElection35] INFO  impl.LeaderElection (LeaderElection.java:logAndReturn(94)) -   Response 0: 90a4d295-1ed6-49a8-a392-d1efb526c081<-aecdc221-737e-4b39-8f20-7a048fa0296a#0:FAIL-t1
2022-12-02 11:14:35,673 [90a4d295-1ed6-49a8-a392-d1efb526c081@group-AA62C5EF4467-LeaderElection35] INFO  impl.LeaderElection (LeaderElection.java:logAndReturn(94)) -   Response 1: 90a4d295-1ed6-49a8-a392-d1efb526c081<-1fd27439-e6b5-4682-b1aa-75bd99d23433#0:FAIL-t1
2022-12-02 11:14:35,673 [90a4d295-1ed6-49a8-a392-d1efb526c081@group-AA62C5EF4467-LeaderElection35] INFO  impl.LeaderElection (LeaderElection.java:askForVotes(314)) - 90a4d295-1ed6-49a8-a392-d1efb526c081@group-AA62C5EF4467-LeaderElection35 ELECTION round 0: result REJECTED
2022-12-02 11:14:35,673 [90a4d295-1ed6-49a8-a392-d1efb526c081@group-AA62C5EF4467-LeaderElection35] INFO  server.RaftServer$Division (RaftServerImpl.java:setRole(321)) - 90a4d295-1ed6-49a8-a392-d1efb526c081@group-AA62C5EF4467: changes role from CANDIDATE to FOLLOWER at term 1 for REJECTED
2022-12-02 11:14:35,673 [90a4d295-1ed6-49a8-a392-d1efb526c081@group-AA62C5EF4467-LeaderElection35] INFO  impl.RoleInfo (RoleInfo.java:shutdownLeaderElection(130)) - 90a4d295-1ed6-49a8-a392-d1efb526c081: shutdown 90a4d295-1ed6-49a8-a392-d1efb526c081@group-AA62C5EF4467-LeaderElection35
2022-12-02 11:14:35,673 [90a4d295-1ed6-49a8-a392-d1efb526c081@group-AA62C5EF4467-LeaderElection35] INFO  impl.RoleInfo (RoleInfo.java:updateAndGet(139)) - 90a4d295-1ed6-49a8-a392-d1efb526c081: start 90a4d295-1ed6-49a8-a392-d1efb526c081@group-AA62C5EF4467-FollowerState
2022-12-02 11:14:35,675 [90a4d295-1ed6-49a8-a392-d1efb526c081@group-AA62C5EF4467-FollowerState] INFO  server.RaftServerConfigKeys (ConfUtils.java:logFallback(53)) - raft.server.rpc.first-election.timeout.min = 5s (fallback to raft.server.rpc.timeout.min)
2022-12-02 11:14:35,675 [90a4d295-1ed6-49a8-a392-d1efb526c081@group-AA62C5EF4467-FollowerState] INFO  server.RaftServerConfigKeys (ConfUtils.java:logFallback(53)) - raft.server.rpc.first-election.timeout.max = 5200ms (fallback to raft.server.rpc.timeout.max)
2022-12-02 11:14:35,898 [EventQueue-CommandQueueReportForCommandQueueReportHandler] WARN  events.EventQueue (EventQueue.java:fireEvent(216)) - No event handler registered for event TypedEvent{payloadType=DatanodeDetails, name='Datanode_Command_Queue_Updated'}
2022-12-02 11:14:35,939 [EventQueue-CommandQueueReportForCommandQueueReportHandler] WARN  events.EventQueue (EventQueue.java:fireEvent(216)) - No event handler registered for event TypedEvent{payloadType=DatanodeDetails, name='Datanode_Command_Queue_Updated'}
2022-12-02 11:14:35,984 [EventQueue-CommandQueueReportForCommandQueueReportHandler] WARN  events.EventQueue (EventQueue.java:fireEvent(216)) - No event handler registered for event TypedEvent{payloadType=DatanodeDetails, name='Datanode_Command_Queue_Updated'}
2022-12-02 11:14:36,455 [Listener at 127.0.0.1/35473] INFO  ozone.MiniOzoneClusterImpl (MiniOzoneClusterImpl.java:lambda$waitForClusterToBeReady$0(216)) - Nodes are ready. Got 6 of 6 DN Heartbeats.
2022-12-02 11:14:36,455 [Listener at 127.0.0.1/35473] INFO  ozone.MiniOzoneClusterImpl (MiniOzoneClusterImpl.java:lambda$waitForClusterToBeReady$0(219)) - Cluster exits safe mode
2022-12-02 11:14:36,455 [Listener at 127.0.0.1/35473] INFO  ozone.MiniOzoneClusterImpl (MiniOzoneClusterImpl.java:lambda$waitForClusterToBeReady$0(221)) - SCM became leader
2022-12-02 11:14:36,476 [EventQueue-CommandQueueReportForCommandQueueReportHandler] WARN  events.EventQueue (EventQueue.java:fireEvent(216)) - No event handler registered for event TypedEvent{payloadType=DatanodeDetails, name='Datanode_Command_Queue_Updated'}
2022-12-02 11:14:36,557 [EventQueue-CommandQueueReportForCommandQueueReportHandler] WARN  events.EventQueue (EventQueue.java:fireEvent(216)) - No event handler registered for event TypedEvent{payloadType=DatanodeDetails, name='Datanode_Command_Queue_Updated'}
2022-12-02 11:14:36,768 [c26475c3-4ee1-492c-b3e0-9196e8cc0198@group-C702BF765ED7-FollowerState] INFO  impl.FollowerState (FollowerState.java:run(143)) - c26475c3-4ee1-492c-b3e0-9196e8cc0198@group-C702BF765ED7-FollowerState: change to CANDIDATE, lastRpcElapsedTime:5145821535ns, electionTimeout:5144ms
2022-12-02 11:14:36,768 [c26475c3-4ee1-492c-b3e0-9196e8cc0198@group-C702BF765ED7-FollowerState] INFO  impl.RoleInfo (RoleInfo.java:shutdownFollowerState(110)) - c26475c3-4ee1-492c-b3e0-9196e8cc0198: shutdown c26475c3-4ee1-492c-b3e0-9196e8cc0198@group-C702BF765ED7-FollowerState
2022-12-02 11:14:36,769 [c26475c3-4ee1-492c-b3e0-9196e8cc0198@group-C702BF765ED7-FollowerState] INFO  server.RaftServer$Division (RaftServerImpl.java:setRole(321)) - c26475c3-4ee1-492c-b3e0-9196e8cc0198@group-C702BF765ED7: changes role from  FOLLOWER to CANDIDATE at term 0 for changeToCandidate
2022-12-02 11:14:36,769 [c26475c3-4ee1-492c-b3e0-9196e8cc0198@group-C702BF765ED7-FollowerState] INFO  server.RaftServerConfigKeys (ConfUtils.java:logGet(46)) - raft.server.leaderelection.pre-vote = false (custom)
2022-12-02 11:14:36,769 [c26475c3-4ee1-492c-b3e0-9196e8cc0198@group-C702BF765ED7-FollowerState] INFO  impl.RoleInfo (RoleInfo.java:updateAndGet(139)) - c26475c3-4ee1-492c-b3e0-9196e8cc0198: start c26475c3-4ee1-492c-b3e0-9196e8cc0198@group-C702BF765ED7-LeaderElection36
2022-12-02 11:14:36,773 [c26475c3-4ee1-492c-b3e0-9196e8cc0198@group-C702BF765ED7-LeaderElection36] INFO  impl.LeaderElection (LeaderElection.java:askForVotes(312)) - c26475c3-4ee1-492c-b3e0-9196e8cc0198@group-C702BF765ED7-LeaderElection36 ELECTION round 0: submit vote requests at term 1 for -1: peers:[c26475c3-4ee1-492c-b3e0-9196e8cc0198|rpc:10.1.0.7:38613|priority:0|startupRole:FOLLOWER, 7d2395d2-eabc-4616-a887-e94e2c3276b4|rpc:10.1.0.7:39491|priority:1|startupRole:FOLLOWER, 4a0ae1c5-f8a8-4716-8c13-266b2f364a7b|rpc:10.1.0.7:36099|priority:0|startupRole:FOLLOWER]|listeners:[], old=null
2022-12-02 11:14:36,774 [c26475c3-4ee1-492c-b3e0-9196e8cc0198@group-C702BF765ED7-LeaderElection36] INFO  server.RaftServerConfigKeys (ConfUtils.java:logFallback(53)) - raft.server.rpc.first-election.timeout.min = 5s (fallback to raft.server.rpc.timeout.min)
2022-12-02 11:14:36,774 [c26475c3-4ee1-492c-b3e0-9196e8cc0198@group-C702BF765ED7-LeaderElection36-1] INFO  server.GrpcServerProtocolClient (GrpcServerProtocolClient.java:<init>(63)) - Build channel for 7d2395d2-eabc-4616-a887-e94e2c3276b4
2022-12-02 11:14:36,774 [c26475c3-4ee1-492c-b3e0-9196e8cc0198@group-C702BF765ED7-LeaderElection36] INFO  server.RaftServerConfigKeys (ConfUtils.java:logFallback(53)) - raft.server.rpc.first-election.timeout.max = 5200ms (fallback to raft.server.rpc.timeout.max)
2022-12-02 11:14:36,774 [c26475c3-4ee1-492c-b3e0-9196e8cc0198@group-C702BF765ED7-LeaderElection36-2] INFO  server.GrpcServerProtocolClient (GrpcServerProtocolClient.java:<init>(63)) - Build channel for 4a0ae1c5-f8a8-4716-8c13-266b2f364a7b
2022-12-02 11:14:36,784 [grpc-default-executor-2] INFO  server.RaftServer$Division (RaftServerImpl.java:requestVote(1218)) - 4a0ae1c5-f8a8-4716-8c13-266b2f364a7b@group-C702BF765ED7: receive requestVote(ELECTION, c26475c3-4ee1-492c-b3e0-9196e8cc0198, group-C702BF765ED7, 1, (t:0, i:0))
2022-12-02 11:14:36,784 [grpc-default-executor-2] INFO  impl.VoteContext (VoteContext.java:log(49)) - 4a0ae1c5-f8a8-4716-8c13-266b2f364a7b@group-C702BF765ED7-FOLLOWER: accept ELECTION from c26475c3-4ee1-492c-b3e0-9196e8cc0198: our priority 0 <= candidate's priority 0
2022-12-02 11:14:36,784 [grpc-default-executor-2] INFO  server.RaftServer$Division (RaftServerImpl.java:setRole(321)) - 4a0ae1c5-f8a8-4716-8c13-266b2f364a7b@group-C702BF765ED7: changes role from  FOLLOWER to FOLLOWER at term 1 for candidate:c26475c3-4ee1-492c-b3e0-9196e8cc0198
2022-12-02 11:14:36,784 [grpc-default-executor-2] INFO  impl.RoleInfo (RoleInfo.java:shutdownFollowerState(110)) - 4a0ae1c5-f8a8-4716-8c13-266b2f364a7b: shutdown 4a0ae1c5-f8a8-4716-8c13-266b2f364a7b@group-C702BF765ED7-FollowerState
2022-12-02 11:14:36,784 [grpc-default-executor-2] INFO  impl.RoleInfo (RoleInfo.java:updateAndGet(139)) - 4a0ae1c5-f8a8-4716-8c13-266b2f364a7b: start 4a0ae1c5-f8a8-4716-8c13-266b2f364a7b@group-C702BF765ED7-FollowerState
2022-12-02 11:14:36,784 [4a0ae1c5-f8a8-4716-8c13-266b2f364a7b@group-C702BF765ED7-FollowerState] INFO  impl.FollowerState (FollowerState.java:run(152)) - 4a0ae1c5-f8a8-4716-8c13-266b2f364a7b@group-C702BF765ED7-FollowerState was interrupted
2022-12-02 11:14:36,787 [4a0ae1c5-f8a8-4716-8c13-266b2f364a7b@group-C702BF765ED7-FollowerState] INFO  server.RaftServerConfigKeys (ConfUtils.java:logFallback(53)) - raft.server.rpc.first-election.timeout.min = 5s (fallback to raft.server.rpc.timeout.min)
2022-12-02 11:14:36,787 [grpc-default-executor-2] INFO  server.RaftServer$Division (RaftServerImpl.java:requestVote(1251)) - 4a0ae1c5-f8a8-4716-8c13-266b2f364a7b@group-C702BF765ED7 replies to ELECTION vote request: c26475c3-4ee1-492c-b3e0-9196e8cc0198<-4a0ae1c5-f8a8-4716-8c13-266b2f364a7b#0:OK-t1. Peer's state: 4a0ae1c5-f8a8-4716-8c13-266b2f364a7b@group-C702BF765ED7:t1, leader=null, voted=c26475c3-4ee1-492c-b3e0-9196e8cc0198, raftlog=Memoized:4a0ae1c5-f8a8-4716-8c13-266b2f364a7b@group-C702BF765ED7-SegmentedRaftLog:OPENED:c-1, conf=-1: peers:[c26475c3-4ee1-492c-b3e0-9196e8cc0198|rpc:10.1.0.7:38613|dataStream:|priority:0|startupRole:FOLLOWER, 7d2395d2-eabc-4616-a887-e94e2c3276b4|rpc:10.1.0.7:39491|dataStream:|priority:1|startupRole:FOLLOWER, 4a0ae1c5-f8a8-4716-8c13-266b2f364a7b|rpc:10.1.0.7:36099|dataStream:|priority:0|startupRole:FOLLOWER]|listeners:[], old=null
2022-12-02 11:14:36,788 [4a0ae1c5-f8a8-4716-8c13-266b2f364a7b@group-C702BF765ED7-FollowerState] INFO  server.RaftServerConfigKeys (ConfUtils.java:logFallback(53)) - raft.server.rpc.first-election.timeout.max = 5200ms (fallback to raft.server.rpc.timeout.max)
2022-12-02 11:14:36,790 [grpc-default-executor-2] INFO  server.RaftServer$Division (RaftServerImpl.java:requestVote(1218)) - 7d2395d2-eabc-4616-a887-e94e2c3276b4@group-C702BF765ED7: receive requestVote(ELECTION, c26475c3-4ee1-492c-b3e0-9196e8cc0198, group-C702BF765ED7, 1, (t:0, i:0))
2022-12-02 11:14:36,790 [grpc-default-executor-2] INFO  impl.VoteContext (VoteContext.java:log(49)) - 7d2395d2-eabc-4616-a887-e94e2c3276b4@group-C702BF765ED7-FOLLOWER: reject ELECTION from c26475c3-4ee1-492c-b3e0-9196e8cc0198: our priority 1 > candidate's priority 0
2022-12-02 11:14:36,790 [grpc-default-executor-2] INFO  server.RaftServer$Division (RaftServerImpl.java:setRole(321)) - 7d2395d2-eabc-4616-a887-e94e2c3276b4@group-C702BF765ED7: changes role from  FOLLOWER to FOLLOWER at term 1 for candidate:c26475c3-4ee1-492c-b3e0-9196e8cc0198
2022-12-02 11:14:36,790 [grpc-default-executor-2] INFO  impl.RoleInfo (RoleInfo.java:shutdownFollowerState(110)) - 7d2395d2-eabc-4616-a887-e94e2c3276b4: shutdown 7d2395d2-eabc-4616-a887-e94e2c3276b4@group-C702BF765ED7-FollowerState
2022-12-02 11:14:36,790 [grpc-default-executor-2] INFO  impl.RoleInfo (RoleInfo.java:updateAndGet(139)) - 7d2395d2-eabc-4616-a887-e94e2c3276b4: start 7d2395d2-eabc-4616-a887-e94e2c3276b4@group-C702BF765ED7-FollowerState
2022-12-02 11:14:36,790 [7d2395d2-eabc-4616-a887-e94e2c3276b4@group-C702BF765ED7-FollowerState] INFO  impl.FollowerState (FollowerState.java:run(152)) - 7d2395d2-eabc-4616-a887-e94e2c3276b4@group-C702BF765ED7-FollowerState was interrupted
2022-12-02 11:14:36,792 [7d2395d2-eabc-4616-a887-e94e2c3276b4@group-C702BF765ED7-FollowerState] INFO  server.RaftServerConfigKeys (ConfUtils.java:logFallback(53)) - raft.server.rpc.first-election.timeout.min = 5s (fallback to raft.server.rpc.timeout.min)
2022-12-02 11:14:36,792 [7d2395d2-eabc-4616-a887-e94e2c3276b4@group-C702BF765ED7-FollowerState] INFO  server.RaftServerConfigKeys (ConfUtils.java:logFallback(53)) - raft.server.rpc.first-election.timeout.max = 5200ms (fallback to raft.server.rpc.timeout.max)
2022-12-02 11:14:36,793 [grpc-default-executor-2] INFO  server.RaftServer$Division (RaftServerImpl.java:requestVote(1251)) - 7d2395d2-eabc-4616-a887-e94e2c3276b4@group-C702BF765ED7 replies to ELECTION vote request: c26475c3-4ee1-492c-b3e0-9196e8cc0198<-7d2395d2-eabc-4616-a887-e94e2c3276b4#0:FAIL-t1. Peer's state: 7d2395d2-eabc-4616-a887-e94e2c3276b4@group-C702BF765ED7:t1, leader=null, voted=null, raftlog=Memoized:7d2395d2-eabc-4616-a887-e94e2c3276b4@group-C702BF765ED7-SegmentedRaftLog:OPENED:c-1, conf=-1: peers:[c26475c3-4ee1-492c-b3e0-9196e8cc0198|rpc:10.1.0.7:38613|dataStream:|priority:0|startupRole:FOLLOWER, 7d2395d2-eabc-4616-a887-e94e2c3276b4|rpc:10.1.0.7:39491|dataStream:|priority:1|startupRole:FOLLOWER, 4a0ae1c5-f8a8-4716-8c13-266b2f364a7b|rpc:10.1.0.7:36099|dataStream:|priority:0|startupRole:FOLLOWER]|listeners:[], old=null
2022-12-02 11:14:36,796 [c26475c3-4ee1-492c-b3e0-9196e8cc0198@group-C702BF765ED7-LeaderElection36] INFO  impl.LeaderElection (LeaderElection.java:logAndReturn(90)) - c26475c3-4ee1-492c-b3e0-9196e8cc0198@group-C702BF765ED7-LeaderElection36: ELECTION REJECTED received 1 response(s) and 0 exception(s):
2022-12-02 11:14:36,796 [c26475c3-4ee1-492c-b3e0-9196e8cc0198@group-C702BF765ED7-LeaderElection36] INFO  impl.LeaderElection (LeaderElection.java:logAndReturn(94)) -   Response 0: c26475c3-4ee1-492c-b3e0-9196e8cc0198<-7d2395d2-eabc-4616-a887-e94e2c3276b4#0:FAIL-t1
2022-12-02 11:14:36,796 [c26475c3-4ee1-492c-b3e0-9196e8cc0198@group-C702BF765ED7-LeaderElection36] INFO  impl.LeaderElection (LeaderElection.java:askForVotes(314)) - c26475c3-4ee1-492c-b3e0-9196e8cc0198@group-C702BF765ED7-LeaderElection36 ELECTION round 0: result REJECTED
2022-12-02 11:14:36,796 [c26475c3-4ee1-492c-b3e0-9196e8cc0198@group-C702BF765ED7-LeaderElection36] INFO  server.RaftServer$Division (RaftServerImpl.java:setRole(321)) - c26475c3-4ee1-492c-b3e0-9196e8cc0198@group-C702BF765ED7: changes role from CANDIDATE to FOLLOWER at term 1 for REJECTED
2022-12-02 11:14:36,796 [c26475c3-4ee1-492c-b3e0-9196e8cc0198@group-C702BF765ED7-LeaderElection36] INFO  impl.RoleInfo (RoleInfo.java:shutdownLeaderElection(130)) - c26475c3-4ee1-492c-b3e0-9196e8cc0198: shutdown c26475c3-4ee1-492c-b3e0-9196e8cc0198@group-C702BF765ED7-LeaderElection36
2022-12-02 11:14:36,796 [c26475c3-4ee1-492c-b3e0-9196e8cc0198@group-C702BF765ED7-LeaderElection36] INFO  impl.RoleInfo (RoleInfo.java:updateAndGet(139)) - c26475c3-4ee1-492c-b3e0-9196e8cc0198: start c26475c3-4ee1-492c-b3e0-9196e8cc0198@group-C702BF765ED7-FollowerState
2022-12-02 11:14:36,796 [c26475c3-4ee1-492c-b3e0-9196e8cc0198@group-C702BF765ED7-FollowerState] INFO  server.RaftServerConfigKeys (ConfUtils.java:logFallback(53)) - raft.server.rpc.first-election.timeout.min = 5s (fallback to raft.server.rpc.timeout.min)
2022-12-02 11:14:36,797 [c26475c3-4ee1-492c-b3e0-9196e8cc0198@group-C702BF765ED7-FollowerState] INFO  server.RaftServerConfigKeys (ConfUtils.java:logFallback(53)) - raft.server.rpc.first-election.timeout.max = 5200ms (fallback to raft.server.rpc.timeout.max)
2022-12-02 11:14:37,015 [4a0ae1c5-f8a8-4716-8c13-266b2f364a7b@group-5537A04FEEA9-FollowerState] INFO  impl.FollowerState (FollowerState.java:run(143)) - 4a0ae1c5-f8a8-4716-8c13-266b2f364a7b@group-5537A04FEEA9-FollowerState: change to CANDIDATE, lastRpcElapsedTime:5062854501ns, electionTimeout:5060ms
2022-12-02 11:14:37,016 [4a0ae1c5-f8a8-4716-8c13-266b2f364a7b@group-5537A04FEEA9-FollowerState] INFO  impl.RoleInfo (RoleInfo.java:shutdownFollowerState(110)) - 4a0ae1c5-f8a8-4716-8c13-266b2f364a7b: shutdown 4a0ae1c5-f8a8-4716-8c13-266b2f364a7b@group-5537A04FEEA9-FollowerState
2022-12-02 11:14:37,016 [4a0ae1c5-f8a8-4716-8c13-266b2f364a7b@group-5537A04FEEA9-FollowerState] INFO  server.RaftServer$Division (RaftServerImpl.java:setRole(321)) - 4a0ae1c5-f8a8-4716-8c13-266b2f364a7b@group-5537A04FEEA9: changes role from  FOLLOWER to CANDIDATE at term 0 for changeToCandidate
2022-12-02 11:14:37,016 [4a0ae1c5-f8a8-4716-8c13-266b2f364a7b@group-5537A04FEEA9-FollowerState] INFO  server.RaftServerConfigKeys (ConfUtils.java:logGet(46)) - raft.server.leaderelection.pre-vote = false (custom)
2022-12-02 11:14:37,016 [4a0ae1c5-f8a8-4716-8c13-266b2f364a7b@group-5537A04FEEA9-FollowerState] INFO  impl.RoleInfo (RoleInfo.java:updateAndGet(139)) - 4a0ae1c5-f8a8-4716-8c13-266b2f364a7b: start 4a0ae1c5-f8a8-4716-8c13-266b2f364a7b@group-5537A04FEEA9-LeaderElection37
2022-12-02 11:14:37,021 [4a0ae1c5-f8a8-4716-8c13-266b2f364a7b@group-5537A04FEEA9-LeaderElection37] INFO  impl.LeaderElection (LeaderElection.java:askForVotes(312)) - 4a0ae1c5-f8a8-4716-8c13-266b2f364a7b@group-5537A04FEEA9-LeaderElection37 ELECTION round 0: submit vote requests at term 1 for -1: peers:[c26475c3-4ee1-492c-b3e0-9196e8cc0198|rpc:10.1.0.7:38613|dataStream:|priority:0|startupRole:FOLLOWER, 7d2395d2-eabc-4616-a887-e94e2c3276b4|rpc:10.1.0.7:39491|dataStream:|priority:0|startupRole:FOLLOWER, 4a0ae1c5-f8a8-4716-8c13-266b2f364a7b|rpc:10.1.0.7:36099|dataStream:|priority:1|startupRole:FOLLOWER]|listeners:[], old=null
2022-12-02 11:14:37,022 [4a0ae1c5-f8a8-4716-8c13-266b2f364a7b@group-5537A04FEEA9-LeaderElection37-1] INFO  server.GrpcServerProtocolClient (GrpcServerProtocolClient.java:<init>(63)) - Build channel for c26475c3-4ee1-492c-b3e0-9196e8cc0198
2022-12-02 11:14:37,022 [4a0ae1c5-f8a8-4716-8c13-266b2f364a7b@group-5537A04FEEA9-LeaderElection37] INFO  server.RaftServerConfigKeys (ConfUtils.java:logFallback(53)) - raft.server.rpc.first-election.timeout.min = 5s (fallback to raft.server.rpc.timeout.min)
2022-12-02 11:14:37,022 [4a0ae1c5-f8a8-4716-8c13-266b2f364a7b@group-5537A04FEEA9-LeaderElection37] INFO  server.RaftServerConfigKeys (ConfUtils.java:logFallback(53)) - raft.server.rpc.first-election.timeout.max = 5200ms (fallback to raft.server.rpc.timeout.max)
2022-12-02 11:14:37,022 [4a0ae1c5-f8a8-4716-8c13-266b2f364a7b@group-5537A04FEEA9-LeaderElection37-2] INFO  server.GrpcServerProtocolClient (GrpcServerProtocolClient.java:<init>(63)) - Build channel for 7d2395d2-eabc-4616-a887-e94e2c3276b4
2022-12-02 11:14:37,040 [grpc-default-executor-1] INFO  server.RaftServer$Division (RaftServerImpl.java:requestVote(1218)) - 7d2395d2-eabc-4616-a887-e94e2c3276b4@group-5537A04FEEA9: receive requestVote(ELECTION, 4a0ae1c5-f8a8-4716-8c13-266b2f364a7b, group-5537A04FEEA9, 1, (t:0, i:0))
2022-12-02 11:14:37,040 [grpc-default-executor-1] INFO  impl.VoteContext (VoteContext.java:log(49)) - 7d2395d2-eabc-4616-a887-e94e2c3276b4@group-5537A04FEEA9-FOLLOWER: accept ELECTION from 4a0ae1c5-f8a8-4716-8c13-266b2f364a7b: our priority 0 <= candidate's priority 1
2022-12-02 11:14:37,040 [grpc-default-executor-1] INFO  server.RaftServer$Division (RaftServerImpl.java:setRole(321)) - 7d2395d2-eabc-4616-a887-e94e2c3276b4@group-5537A04FEEA9: changes role from  FOLLOWER to FOLLOWER at term 1 for candidate:4a0ae1c5-f8a8-4716-8c13-266b2f364a7b
2022-12-02 11:14:37,040 [grpc-default-executor-1] INFO  impl.RoleInfo (RoleInfo.java:shutdownFollowerState(110)) - 7d2395d2-eabc-4616-a887-e94e2c3276b4: shutdown 7d2395d2-eabc-4616-a887-e94e2c3276b4@group-5537A04FEEA9-FollowerState
2022-12-02 11:14:37,040 [grpc-default-executor-1] INFO  impl.RoleInfo (RoleInfo.java:updateAndGet(139)) - 7d2395d2-eabc-4616-a887-e94e2c3276b4: start 7d2395d2-eabc-4616-a887-e94e2c3276b4@group-5537A04FEEA9-FollowerState
2022-12-02 11:14:37,040 [7d2395d2-eabc-4616-a887-e94e2c3276b4@group-5537A04FEEA9-FollowerState] INFO  impl.FollowerState (FollowerState.java:run(152)) - 7d2395d2-eabc-4616-a887-e94e2c3276b4@group-5537A04FEEA9-FollowerState was interrupted
2022-12-02 11:14:37,041 [grpc-default-executor-2] INFO  server.RaftServer$Division (RaftServerImpl.java:requestVote(1218)) - c26475c3-4ee1-492c-b3e0-9196e8cc0198@group-5537A04FEEA9: receive requestVote(ELECTION, 4a0ae1c5-f8a8-4716-8c13-266b2f364a7b, group-5537A04FEEA9, 1, (t:0, i:0))
2022-12-02 11:14:37,041 [grpc-default-executor-2] INFO  impl.VoteContext (VoteContext.java:log(49)) - c26475c3-4ee1-492c-b3e0-9196e8cc0198@group-5537A04FEEA9-FOLLOWER: accept ELECTION from 4a0ae1c5-f8a8-4716-8c13-266b2f364a7b: our priority 0 <= candidate's priority 1
2022-12-02 11:14:37,041 [grpc-default-executor-2] INFO  server.RaftServer$Division (RaftServerImpl.java:setRole(321)) - c26475c3-4ee1-492c-b3e0-9196e8cc0198@group-5537A04FEEA9: changes role from  FOLLOWER to FOLLOWER at term 1 for candidate:4a0ae1c5-f8a8-4716-8c13-266b2f364a7b
2022-12-02 11:14:37,041 [grpc-default-executor-2] INFO  impl.RoleInfo (RoleInfo.java:shutdownFollowerState(110)) - c26475c3-4ee1-492c-b3e0-9196e8cc0198: shutdown c26475c3-4ee1-492c-b3e0-9196e8cc0198@group-5537A04FEEA9-FollowerState
2022-12-02 11:14:37,044 [grpc-default-executor-2] INFO  impl.RoleInfo (RoleInfo.java:updateAndGet(139)) - c26475c3-4ee1-492c-b3e0-9196e8cc0198: start c26475c3-4ee1-492c-b3e0-9196e8cc0198@group-5537A04FEEA9-FollowerState
2022-12-02 11:14:37,045 [c26475c3-4ee1-492c-b3e0-9196e8cc0198@group-5537A04FEEA9-FollowerState] INFO  impl.FollowerState (FollowerState.java:run(152)) - c26475c3-4ee1-492c-b3e0-9196e8cc0198@group-5537A04FEEA9-FollowerState was interrupted
2022-12-02 11:14:37,047 [7d2395d2-eabc-4616-a887-e94e2c3276b4@group-5537A04FEEA9-FollowerState] INFO  server.RaftServerConfigKeys (ConfUtils.java:logFallback(53)) - raft.server.rpc.first-election.timeout.min = 5s (fallback to raft.server.rpc.timeout.min)
2022-12-02 11:14:37,047 [7d2395d2-eabc-4616-a887-e94e2c3276b4@group-5537A04FEEA9-FollowerState] INFO  server.RaftServerConfigKeys (ConfUtils.java:logFallback(53)) - raft.server.rpc.first-election.timeout.max = 5200ms (fallback to raft.server.rpc.timeout.max)
2022-12-02 11:14:37,048 [c26475c3-4ee1-492c-b3e0-9196e8cc0198@group-5537A04FEEA9-FollowerState] INFO  server.RaftServerConfigKeys (ConfUtils.java:logFallback(53)) - raft.server.rpc.first-election.timeout.min = 5s (fallback to raft.server.rpc.timeout.min)
2022-12-02 11:14:37,049 [grpc-default-executor-2] INFO  server.RaftServer$Division (RaftServerImpl.java:requestVote(1251)) - c26475c3-4ee1-492c-b3e0-9196e8cc0198@group-5537A04FEEA9 replies to ELECTION vote request: 4a0ae1c5-f8a8-4716-8c13-266b2f364a7b<-c26475c3-4ee1-492c-b3e0-9196e8cc0198#0:OK-t1. Peer's state: c26475c3-4ee1-492c-b3e0-9196e8cc0198@group-5537A04FEEA9:t1, leader=null, voted=4a0ae1c5-f8a8-4716-8c13-266b2f364a7b, raftlog=Memoized:c26475c3-4ee1-492c-b3e0-9196e8cc0198@group-5537A04FEEA9-SegmentedRaftLog:OPENED:c-1, conf=-1: peers:[c26475c3-4ee1-492c-b3e0-9196e8cc0198|rpc:10.1.0.7:38613|priority:0|startupRole:FOLLOWER, 7d2395d2-eabc-4616-a887-e94e2c3276b4|rpc:10.1.0.7:39491|priority:0|startupRole:FOLLOWER, 4a0ae1c5-f8a8-4716-8c13-266b2f364a7b|rpc:10.1.0.7:36099|priority:1|startupRole:FOLLOWER]|listeners:[], old=null
2022-12-02 11:14:37,050 [grpc-default-executor-1] INFO  server.RaftServer$Division (RaftServerImpl.java:requestVote(1251)) - 7d2395d2-eabc-4616-a887-e94e2c3276b4@group-5537A04FEEA9 replies to ELECTION vote request: 4a0ae1c5-f8a8-4716-8c13-266b2f364a7b<-7d2395d2-eabc-4616-a887-e94e2c3276b4#0:OK-t1. Peer's state: 7d2395d2-eabc-4616-a887-e94e2c3276b4@group-5537A04FEEA9:t1, leader=null, voted=4a0ae1c5-f8a8-4716-8c13-266b2f364a7b, raftlog=Memoized:7d2395d2-eabc-4616-a887-e94e2c3276b4@group-5537A04FEEA9-SegmentedRaftLog:OPENED:c-1, conf=-1: peers:[c26475c3-4ee1-492c-b3e0-9196e8cc0198|rpc:10.1.0.7:38613|dataStream:|priority:0|startupRole:FOLLOWER, 7d2395d2-eabc-4616-a887-e94e2c3276b4|rpc:10.1.0.7:39491|dataStream:|priority:0|startupRole:FOLLOWER, 4a0ae1c5-f8a8-4716-8c13-266b2f364a7b|rpc:10.1.0.7:36099|dataStream:|priority:1|startupRole:FOLLOWER]|listeners:[], old=null
2022-12-02 11:14:37,052 [4a0ae1c5-f8a8-4716-8c13-266b2f364a7b@group-5537A04FEEA9-LeaderElection37] INFO  impl.LeaderElection (LeaderElection.java:logAndReturn(90)) - 4a0ae1c5-f8a8-4716-8c13-266b2f364a7b@group-5537A04FEEA9-LeaderElection37: ELECTION PASSED received 1 response(s) and 0 exception(s):
2022-12-02 11:14:37,052 [4a0ae1c5-f8a8-4716-8c13-266b2f364a7b@group-5537A04FEEA9-LeaderElection37] INFO  impl.LeaderElection (LeaderElection.java:logAndReturn(94)) -   Response 0: 4a0ae1c5-f8a8-4716-8c13-266b2f364a7b<-7d2395d2-eabc-4616-a887-e94e2c3276b4#0:OK-t1
2022-12-02 11:14:37,052 [4a0ae1c5-f8a8-4716-8c13-266b2f364a7b@group-5537A04FEEA9-LeaderElection37] INFO  impl.LeaderElection (LeaderElection.java:askForVotes(314)) - 4a0ae1c5-f8a8-4716-8c13-266b2f364a7b@group-5537A04FEEA9-LeaderElection37 ELECTION round 0: result PASSED
2022-12-02 11:14:37,052 [4a0ae1c5-f8a8-4716-8c13-266b2f364a7b@group-5537A04FEEA9-LeaderElection37] INFO  impl.RoleInfo (RoleInfo.java:shutdownLeaderElection(130)) - 4a0ae1c5-f8a8-4716-8c13-266b2f364a7b: shutdown 4a0ae1c5-f8a8-4716-8c13-266b2f364a7b@group-5537A04FEEA9-LeaderElection37
2022-12-02 11:14:37,052 [4a0ae1c5-f8a8-4716-8c13-266b2f364a7b@group-5537A04FEEA9-LeaderElection37] INFO  server.RaftServer$Division (RaftServerImpl.java:setRole(321)) - 4a0ae1c5-f8a8-4716-8c13-266b2f364a7b@group-5537A04FEEA9: changes role from CANDIDATE to LEADER at term 1 for changeToLeader
2022-12-02 11:14:37,052 [4a0ae1c5-f8a8-4716-8c13-266b2f364a7b@group-5537A04FEEA9-LeaderElection37] INFO  ratis.XceiverServerRatis (XceiverServerRatis.java:handleLeaderChangedNotification(863)) - Leader change notification received for group: group-5537A04FEEA9 with new leaderId: 4a0ae1c5-f8a8-4716-8c13-266b2f364a7b
2022-12-02 11:14:37,052 [4a0ae1c5-f8a8-4716-8c13-266b2f364a7b@group-5537A04FEEA9-LeaderElection37] INFO  server.RaftServer$Division (ServerState.java:setLeader(313)) - 4a0ae1c5-f8a8-4716-8c13-266b2f364a7b@group-5537A04FEEA9: change Leader from null to 4a0ae1c5-f8a8-4716-8c13-266b2f364a7b at term 1 for becomeLeader, leader elected after 5120ms
2022-12-02 11:14:37,052 [4a0ae1c5-f8a8-4716-8c13-266b2f364a7b@group-5537A04FEEA9-LeaderElection37] INFO  server.RaftServerConfigKeys (ConfUtils.java:logGet(46)) - raft.server.staging.catchup.gap = 1000 (default)
2022-12-02 11:14:37,053 [4a0ae1c5-f8a8-4716-8c13-266b2f364a7b@group-5537A04FEEA9-LeaderElection37] INFO  server.RaftServerConfigKeys (ConfUtils.java:logGet(46)) - raft.server.write.element-limit = 1024 (custom)
2022-12-02 11:14:37,053 [4a0ae1c5-f8a8-4716-8c13-266b2f364a7b@group-5537A04FEEA9-LeaderElection37] INFO  server.RaftServerConfigKeys (ConfUtils.java:logGet(46)) - raft.server.write.byte-limit = 1024 M (=1073741824) (custom)
2022-12-02 11:14:37,053 [4a0ae1c5-f8a8-4716-8c13-266b2f364a7b@group-5537A04FEEA9-LeaderElection37] INFO  server.RaftServerConfigKeys (ConfUtils.java:logGet(46)) - raft.server.watch.timeout = 180s (custom)
2022-12-02 11:14:37,053 [4a0ae1c5-f8a8-4716-8c13-266b2f364a7b@group-5537A04FEEA9-LeaderElection37] INFO  server.RaftServerConfigKeys (ConfUtils.java:logGet(46)) - raft.server.watch.timeout.denomination = 1s (default)
2022-12-02 11:14:37,053 [4a0ae1c5-f8a8-4716-8c13-266b2f364a7b@group-5537A04FEEA9-LeaderElection37] INFO  server.RaftServerConfigKeys (ConfUtils.java:logGet(46)) - raft.server.watch.element-limit = 65536 (default)
2022-12-02 11:14:37,053 [4a0ae1c5-f8a8-4716-8c13-266b2f364a7b@group-5537A04FEEA9-LeaderElection37] INFO  server.RaftServerConfigKeys (ConfUtils.java:logGet(46)) - raft.server.write.element-limit = 1024 (custom)
2022-12-02 11:14:37,053 [4a0ae1c5-f8a8-4716-8c13-266b2f364a7b@group-5537A04FEEA9-LeaderElection37] INFO  server.RaftServerConfigKeys (ConfUtils.java:logGet(46)) - raft.server.write.follower.gap.ratio.max = -1.0 (default)
2022-12-02 11:14:37,055 [EventQueue-PipelineReportForPipelineReportHandler] INFO  pipeline.PipelineManagerImpl (PipelineManagerImpl.java:openPipeline(367)) - Pipeline Pipeline[ Id: d6fac89e-c5b0-4836-a031-5537a04feea9, Nodes: 4a0ae1c5-f8a8-4716-8c13-266b2f364a7b{ip: 10.1.0.7, host: fv-az205-634.k2gd1z4tyxsu3cbgyjsjq30zwf.jx.internal.cloudapp.net, ports: [REPLICATION=34821, RATIS=36099, RATIS_ADMIN=36099, RATIS_SERVER=36099, STANDALONE=43587], networkLocation: /default-rack, certSerialId: null, persistedOpState: IN_SERVICE, persistedOpStateExpiryEpochSec: 0}c26475c3-4ee1-492c-b3e0-9196e8cc0198{ip: 10.1.0.7, host: fv-az205-634.k2gd1z4tyxsu3cbgyjsjq30zwf.jx.internal.cloudapp.net, ports: [REPLICATION=34479, RATIS=38613, RATIS_ADMIN=38613, RATIS_SERVER=38613, STANDALONE=38627], networkLocation: /default-rack, certSerialId: null, persistedOpState: IN_SERVICE, persistedOpStateExpiryEpochSec: 0}7d2395d2-eabc-4616-a887-e94e2c3276b4{ip: 10.1.0.7, host: fv-az205-634.k2gd1z4tyxsu3cbgyjsjq30zwf.jx.internal.cloudapp.net, ports: [REPLICATION=39045, RATIS=39491, RATIS_ADMIN=39491, RATIS_SERVER=39491, STANDALONE=46563], networkLocation: /default-rack, certSerialId: null, persistedOpState: IN_SERVICE, persistedOpStateExpiryEpochSec: 0}, ReplicationConfig: RATIS/THREE, State:ALLOCATED, leaderId:4a0ae1c5-f8a8-4716-8c13-266b2f364a7b, CreationTimestamp2022-12-02T11:14:29.483Z[Etc/UTC]] moved to OPEN state
2022-12-02 11:14:37,055 [EventQueue-CommandQueueReportForCommandQueueReportHandler] WARN  events.EventQueue (EventQueue.java:fireEvent(216)) - No event handler registered for event TypedEvent{payloadType=DatanodeDetails, name='Datanode_Command_Queue_Updated'}
2022-12-02 11:14:37,056 [4a0ae1c5-f8a8-4716-8c13-266b2f364a7b@group-5537A04FEEA9-LeaderElection37] INFO  server.RaftServerConfigKeys (ConfUtils.java:logGet(46)) - raft.server.log.appender.snapshot.chunk.size.max = 16MB (=16777216) (default)
2022-12-02 11:14:37,056 [4a0ae1c5-f8a8-4716-8c13-266b2f364a7b@group-5537A04FEEA9-LeaderElection37] INFO  server.RaftServerConfigKeys (ConfUtils.java:logGet(46)) - raft.server.log.appender.buffer.byte-limit = 33554432 (custom)
2022-12-02 11:14:37,056 [4a0ae1c5-f8a8-4716-8c13-266b2f364a7b@group-5537A04FEEA9-LeaderElection37] INFO  server.RaftServerConfigKeys (ConfUtils.java:logGet(46)) - raft.server.log.appender.buffer.element-limit = 1 (custom)
2022-12-02 11:14:37,056 [4a0ae1c5-f8a8-4716-8c13-266b2f364a7b@group-5537A04FEEA9-LeaderElection37] INFO  grpc.GrpcConfigKeys (ConfUtils.java:logGet(46)) - raft.grpc.server.leader.outstanding.appends.max = 128 (default)
2022-12-02 11:14:37,056 [4a0ae1c5-f8a8-4716-8c13-266b2f364a7b@group-5537A04FEEA9-LeaderElection37] INFO  server.RaftServerConfigKeys (ConfUtils.java:logGet(46)) - raft.server.rpc.request.timeout = 60s (custom)
2022-12-02 11:14:37,056 [4a0ae1c5-f8a8-4716-8c13-266b2f364a7b@group-5537A04FEEA9-LeaderElection37] INFO  server.RaftServerConfigKeys (ConfUtils.java:logGet(46)) - raft.server.log.appender.install.snapshot.enabled = false (custom)
2022-12-02 11:14:37,056 [4a0ae1c5-f8a8-4716-8c13-266b2f364a7b@group-5537A04FEEA9-LeaderElection37] INFO  grpc.GrpcConfigKeys (ConfUtils.java:logGet(46)) - raft.grpc.server.heartbeat.channel = true (default)
2022-12-02 11:14:37,059 [4a0ae1c5-f8a8-4716-8c13-266b2f364a7b@group-5537A04FEEA9-LeaderElection37] INFO  server.RaftServerConfigKeys (ConfUtils.java:logGet(46)) - raft.server.log.appender.wait-time.min = 10ms (default)
2022-12-02 11:14:37,059 [Listener at 127.0.0.1/35473] INFO  pipeline.PipelineManagerImpl (PipelineManagerImpl.java:closePipeline(442)) - Pipeline Pipeline[ Id: 10666638-793a-4ff8-9cae-f147d2c2b854, Nodes: aecdc221-737e-4b39-8f20-7a048fa0296a{ip: 10.1.0.7, host: fv-az205-634.k2gd1z4tyxsu3cbgyjsjq30zwf.jx.internal.cloudapp.net, ports: [REPLICATION=40857, RATIS=34239, RATIS_ADMIN=34239, RATIS_SERVER=34239, STANDALONE=33621], networkLocation: /default-rack, certSerialId: null, persistedOpState: IN_SERVICE, persistedOpStateExpiryEpochSec: 0}1fd27439-e6b5-4682-b1aa-75bd99d23433{ip: 10.1.0.7, host: fv-az205-634.k2gd1z4tyxsu3cbgyjsjq30zwf.jx.internal.cloudapp.net, ports: [REPLICATION=44335, RATIS=38521, RATIS_ADMIN=38521, RATIS_SERVER=38521, STANDALONE=32797], networkLocation: /default-rack, certSerialId: null, persistedOpState: IN_SERVICE, persistedOpStateExpiryEpochSec: 0}90a4d295-1ed6-49a8-a392-d1efb526c081{ip: 10.1.0.7, host: fv-az205-634.k2gd1z4tyxsu3cbgyjsjq30zwf.jx.internal.cloudapp.net, ports: [REPLICATION=45695, RATIS=38181, RATIS_ADMIN=38181, RATIS_SERVER=38181, STANDALONE=43089], networkLocation: /default-rack, certSerialId: null, persistedOpState: IN_SERVICE, persistedOpStateExpiryEpochSec: 0}, ReplicationConfig: RATIS/THREE, State:OPEN, leaderId:aecdc221-737e-4b39-8f20-7a048fa0296a, CreationTimestamp2022-12-02T11:14:28.219Z[Etc/UTC]] moved to CLOSED state
2022-12-02 11:14:37,059 [c26475c3-4ee1-492c-b3e0-9196e8cc0198@group-5537A04FEEA9-FollowerState] INFO  server.RaftServerConfigKeys (ConfUtils.java:logFallback(53)) - raft.server.rpc.first-election.timeout.max = 5200ms (fallback to raft.server.rpc.timeout.max)
2022-12-02 11:14:37,060 [Listener at 127.0.0.1/35473] INFO  pipeline.RatisPipelineProvider (RatisPipelineProvider.java:lambda$close$1(244)) - Send pipeline:PipelineID=10666638-793a-4ff8-9cae-f147d2c2b854 close command to datanode aecdc221-737e-4b39-8f20-7a048fa0296a
2022-12-02 11:14:37,061 [Listener at 127.0.0.1/35473] INFO  pipeline.RatisPipelineProvider (RatisPipelineProvider.java:lambda$close$1(244)) - Send pipeline:PipelineID=10666638-793a-4ff8-9cae-f147d2c2b854 close command to datanode 1fd27439-e6b5-4682-b1aa-75bd99d23433
2022-12-02 11:14:37,061 [Listener at 127.0.0.1/35473] INFO  pipeline.RatisPipelineProvider (RatisPipelineProvider.java:lambda$close$1(244)) - Send pipeline:PipelineID=10666638-793a-4ff8-9cae-f147d2c2b854 close command to datanode 90a4d295-1ed6-49a8-a392-d1efb526c081
2022-12-02 11:14:37,063 [Listener at 127.0.0.1/35473] INFO  pipeline.PipelineStateManagerImpl (PipelineStateManagerImpl.java:removePipeline(245)) - Pipeline Pipeline[ Id: 10666638-793a-4ff8-9cae-f147d2c2b854, Nodes: aecdc221-737e-4b39-8f20-7a048fa0296a{ip: 10.1.0.7, host: fv-az205-634.k2gd1z4tyxsu3cbgyjsjq30zwf.jx.internal.cloudapp.net, ports: [REPLICATION=40857, RATIS=34239, RATIS_ADMIN=34239, RATIS_SERVER=34239, STANDALONE=33621], networkLocation: /default-rack, certSerialId: null, persistedOpState: IN_SERVICE, persistedOpStateExpiryEpochSec: 0}1fd27439-e6b5-4682-b1aa-75bd99d23433{ip: 10.1.0.7, host: fv-az205-634.k2gd1z4tyxsu3cbgyjsjq30zwf.jx.internal.cloudapp.net, ports: [REPLICATION=44335, RATIS=38521, RATIS_ADMIN=38521, RATIS_SERVER=38521, STANDALONE=32797], networkLocation: /default-rack, certSerialId: null, persistedOpState: IN_SERVICE, persistedOpStateExpiryEpochSec: 0}90a4d295-1ed6-49a8-a392-d1efb526c081{ip: 10.1.0.7, host: fv-az205-634.k2gd1z4tyxsu3cbgyjsjq30zwf.jx.internal.cloudapp.net, ports: [REPLICATION=45695, RATIS=38181, RATIS_ADMIN=38181, RATIS_SERVER=38181, STANDALONE=43089], networkLocation: /default-rack, certSerialId: null, persistedOpState: IN_SERVICE, persistedOpStateExpiryEpochSec: 0}, ReplicationConfig: RATIS/THREE, State:CLOSED, leaderId:aecdc221-737e-4b39-8f20-7a048fa0296a, CreationTimestamp2022-12-02T11:14:28.219Z[Etc/UTC]] removed.
2022-12-02 11:14:37,063 [4a0ae1c5-f8a8-4716-8c13-266b2f364a7b@group-5537A04FEEA9-LeaderElection37] INFO  server.RaftServerConfigKeys (ConfUtils.java:logGet(46)) - raft.server.log.appender.snapshot.chunk.size.max = 16MB (=16777216) (default)
2022-12-02 11:14:37,063 [4a0ae1c5-f8a8-4716-8c13-266b2f364a7b@group-5537A04FEEA9-LeaderElection37] INFO  server.RaftServerConfigKeys (ConfUtils.java:logGet(46)) - raft.server.log.appender.buffer.byte-limit = 33554432 (custom)
2022-12-02 11:14:37,063 [4a0ae1c5-f8a8-4716-8c13-266b2f364a7b@group-5537A04FEEA9-LeaderElection37] INFO  server.RaftServerConfigKeys (ConfUtils.java:logGet(46)) - raft.server.log.appender.buffer.element-limit = 1 (custom)
2022-12-02 11:14:37,064 [4a0ae1c5-f8a8-4716-8c13-266b2f364a7b@group-5537A04FEEA9-LeaderElection37] INFO  grpc.GrpcConfigKeys (ConfUtils.java:logGet(46)) - raft.grpc.server.leader.outstanding.appends.max = 128 (default)
2022-12-02 11:14:37,064 [4a0ae1c5-f8a8-4716-8c13-266b2f364a7b@group-5537A04FEEA9-LeaderElection37] INFO  server.RaftServerConfigKeys (ConfUtils.java:logGet(46)) - raft.server.rpc.request.timeout = 60s (custom)
2022-12-02 11:14:37,064 [4a0ae1c5-f8a8-4716-8c13-266b2f364a7b@group-5537A04FEEA9-LeaderElection37] INFO  server.RaftServerConfigKeys (ConfUtils.java:logGet(46)) - raft.server.log.appender.install.snapshot.enabled = false (custom)
2022-12-02 11:14:37,064 [Listener at 127.0.0.1/35473] INFO  pipeline.PipelineManagerImpl (PipelineManagerImpl.java:closePipeline(442)) - Pipeline Pipeline[ Id: d6fac89e-c5b0-4836-a031-5537a04feea9, Nodes: 4a0ae1c5-f8a8-4716-8c13-266b2f364a7b{ip: 10.1.0.7, host: fv-az205-634.k2gd1z4tyxsu3cbgyjsjq30zwf.jx.internal.cloudapp.net, ports: [REPLICATION=34821, RATIS=36099, RATIS_ADMIN=36099, RATIS_SERVER=36099, STANDALONE=43587], networkLocation: /default-rack, certSerialId: null, persistedOpState: IN_SERVICE, persistedOpStateExpiryEpochSec: 0}c26475c3-4ee1-492c-b3e0-9196e8cc0198{ip: 10.1.0.7, host: fv-az205-634.k2gd1z4tyxsu3cbgyjsjq30zwf.jx.internal.cloudapp.net, ports: [REPLICATION=34479, RATIS=38613, RATIS_ADMIN=38613, RATIS_SERVER=38613, STANDALONE=38627], networkLocation: /default-rack, certSerialId: null, persistedOpState: IN_SERVICE, persistedOpStateExpiryEpochSec: 0}7d2395d2-eabc-4616-a887-e94e2c3276b4{ip: 10.1.0.7, host: fv-az205-634.k2gd1z4tyxsu3cbgyjsjq30zwf.jx.internal.cloudapp.net, ports: [REPLICATION=39045, RATIS=39491, RATIS_ADMIN=39491, RATIS_SERVER=39491, STANDALONE=46563], networkLocation: /default-rack, certSerialId: null, persistedOpState: IN_SERVICE, persistedOpStateExpiryEpochSec: 0}, ReplicationConfig: RATIS/THREE, State:OPEN, leaderId:4a0ae1c5-f8a8-4716-8c13-266b2f364a7b, CreationTimestamp2022-12-02T11:14:29.483Z[Etc/UTC]] moved to CLOSED state
2022-12-02 11:14:37,065 [Listener at 127.0.0.1/35473] INFO  pipeline.RatisPipelineProvider (RatisPipelineProvider.java:lambda$close$1(244)) - Send pipeline:PipelineID=d6fac89e-c5b0-4836-a031-5537a04feea9 close command to datanode 4a0ae1c5-f8a8-4716-8c13-266b2f364a7b
2022-12-02 11:14:37,066 [Listener at 127.0.0.1/35473] INFO  pipeline.RatisPipelineProvider (RatisPipelineProvider.java:lambda$close$1(244)) - Send pipeline:PipelineID=d6fac89e-c5b0-4836-a031-5537a04feea9 close command to datanode c26475c3-4ee1-492c-b3e0-9196e8cc0198
2022-12-02 11:14:37,066 [Listener at 127.0.0.1/35473] INFO  pipeline.RatisPipelineProvider (RatisPipelineProvider.java:lambda$close$1(244)) - Send pipeline:PipelineID=d6fac89e-c5b0-4836-a031-5537a04feea9 close command to datanode 7d2395d2-eabc-4616-a887-e94e2c3276b4
2022-12-02 11:14:37,065 [4a0ae1c5-f8a8-4716-8c13-266b2f364a7b@group-5537A04FEEA9-LeaderElection37] INFO  grpc.GrpcConfigKeys (ConfUtils.java:logGet(46)) - raft.grpc.server.heartbeat.channel = true (default)
2022-12-02 11:14:37,066 [4a0ae1c5-f8a8-4716-8c13-266b2f364a7b@group-5537A04FEEA9-LeaderElection37] INFO  server.RaftServerConfigKeys (ConfUtils.java:logGet(46)) - raft.server.log.appender.wait-time.min = 10ms (default)
2022-12-02 11:14:37,066 [Listener at 127.0.0.1/35473] INFO  pipeline.PipelineStateManagerImpl (PipelineStateManagerImpl.java:removePipeline(245)) - Pipeline Pipeline[ Id: d6fac89e-c5b0-4836-a031-5537a04feea9, Nodes: 4a0ae1c5-f8a8-4716-8c13-266b2f364a7b{ip: 10.1.0.7, host: fv-az205-634.k2gd1z4tyxsu3cbgyjsjq30zwf.jx.internal.cloudapp.net, ports: [REPLICATION=34821, RATIS=36099, RATIS_ADMIN=36099, RATIS_SERVER=36099, STANDALONE=43587], networkLocation: /default-rack, certSerialId: null, persistedOpState: IN_SERVICE, persistedOpStateExpiryEpochSec: 0}c26475c3-4ee1-492c-b3e0-9196e8cc0198{ip: 10.1.0.7, host: fv-az205-634.k2gd1z4tyxsu3cbgyjsjq30zwf.jx.internal.cloudapp.net, ports: [REPLICATION=34479, RATIS=38613, RATIS_ADMIN=38613, RATIS_SERVER=38613, STANDALONE=38627], networkLocation: /default-rack, certSerialId: null, persistedOpState: IN_SERVICE, persistedOpStateExpiryEpochSec: 0}7d2395d2-eabc-4616-a887-e94e2c3276b4{ip: 10.1.0.7, host: fv-az205-634.k2gd1z4tyxsu3cbgyjsjq30zwf.jx.internal.cloudapp.net, ports: [REPLICATION=39045, RATIS=39491, RATIS_ADMIN=39491, RATIS_SERVER=39491, STANDALONE=46563], networkLocation: /default-rack, certSerialId: null, persistedOpState: IN_SERVICE, persistedOpStateExpiryEpochSec: 0}, ReplicationConfig: RATIS/THREE, State:CLOSED, leaderId:4a0ae1c5-f8a8-4716-8c13-266b2f364a7b, CreationTimestamp2022-12-02T11:14:29.483Z[Etc/UTC]] removed.
2022-12-02 11:14:37,066 [4a0ae1c5-f8a8-4716-8c13-266b2f364a7b@group-5537A04FEEA9-LeaderElection37] INFO  impl.RoleInfo (RoleInfo.java:updateAndGet(139)) - 4a0ae1c5-f8a8-4716-8c13-266b2f364a7b: start 4a0ae1c5-f8a8-4716-8c13-266b2f364a7b@group-5537A04FEEA9-LeaderStateImpl
2022-12-02 11:14:37,067 [4a0ae1c5-f8a8-4716-8c13-266b2f364a7b@group-5537A04FEEA9-LeaderElection37] INFO  segmented.SegmentedRaftLogWorker (SegmentedRaftLogWorker.java:startLogSegment(452)) - 4a0ae1c5-f8a8-4716-8c13-266b2f364a7b@group-5537A04FEEA9-SegmentedRaftLogWorker: Starting segment from index:0
2022-12-02 11:14:37,069 [4a0ae1c5-f8a8-4716-8c13-266b2f364a7b@group-5537A04FEEA9-SegmentedRaftLogWorker] INFO  segmented.SegmentedRaftLogWorker (SegmentedRaftLogWorker.java:execute(656)) - 4a0ae1c5-f8a8-4716-8c13-266b2f364a7b@group-5537A04FEEA9-SegmentedRaftLogWorker: created new log segment /home/runner/work/ozone/ozone/hadoop-ozone/integration-test/target/test-dir/MiniOzoneClusterImpl-f8f2b39f-22db-49ae-ab20-f7a2434191fa/datanode-5/data/ratis/d6fac89e-c5b0-4836-a031-5537a04feea9/current/log_inprogress_0
2022-12-02 11:14:37,085 [4a0ae1c5-f8a8-4716-8c13-266b2f364a7b@group-5537A04FEEA9-LeaderElection37] INFO  server.RaftServer$Division (ServerState.java:setRaftConf(430)) - 4a0ae1c5-f8a8-4716-8c13-266b2f364a7b@group-5537A04FEEA9: set configuration 0: peers:[c26475c3-4ee1-492c-b3e0-9196e8cc0198|rpc:10.1.0.7:38613|dataStream:|priority:0|startupRole:FOLLOWER, 7d2395d2-eabc-4616-a887-e94e2c3276b4|rpc:10.1.0.7:39491|dataStream:|priority:0|startupRole:FOLLOWER, 4a0ae1c5-f8a8-4716-8c13-266b2f364a7b|rpc:10.1.0.7:36099|dataStream:|priority:1|startupRole:FOLLOWER]|listeners:[], old=null
2022-12-02 11:14:37,092 [c26475c3-4ee1-492c-b3e0-9196e8cc0198-server-thread1] INFO  ratis.XceiverServerRatis (XceiverServerRatis.java:handleLeaderChangedNotification(863)) - Leader change notification received for group: group-5537A04FEEA9 with new leaderId: 4a0ae1c5-f8a8-4716-8c13-266b2f364a7b
2022-12-02 11:14:37,094 [c26475c3-4ee1-492c-b3e0-9196e8cc0198-server-thread1] INFO  server.RaftServer$Division (ServerState.java:setLeader(313)) - c26475c3-4ee1-492c-b3e0-9196e8cc0198@group-5537A04FEEA9: change Leader from null to 4a0ae1c5-f8a8-4716-8c13-266b2f364a7b at term 1 for appendEntries, leader elected after 5202ms
2022-12-02 11:14:37,098 [7d2395d2-eabc-4616-a887-e94e2c3276b4-server-thread1] INFO  ratis.XceiverServerRatis (XceiverServerRatis.java:handleLeaderChangedNotification(863)) - Leader change notification received for group: group-5537A04FEEA9 with new leaderId: 4a0ae1c5-f8a8-4716-8c13-266b2f364a7b
2022-12-02 11:14:37,100 [7d2395d2-eabc-4616-a887-e94e2c3276b4-server-thread1] INFO  server.RaftServer$Division (ServerState.java:setLeader(313)) - 7d2395d2-eabc-4616-a887-e94e2c3276b4@group-5537A04FEEA9: change Leader from null to 4a0ae1c5-f8a8-4716-8c13-266b2f364a7b at term 1 for appendEntries, leader elected after 5121ms
2022-12-02 11:14:37,099 [c26475c3-4ee1-492c-b3e0-9196e8cc0198-server-thread2] INFO  server.RaftServer$Division (ServerState.java:setRaftConf(430)) - c26475c3-4ee1-492c-b3e0-9196e8cc0198@group-5537A04FEEA9: set configuration 0: peers:[c26475c3-4ee1-492c-b3e0-9196e8cc0198|rpc:10.1.0.7:38613|dataStream:|priority:0|startupRole:FOLLOWER, 7d2395d2-eabc-4616-a887-e94e2c3276b4|rpc:10.1.0.7:39491|dataStream:|priority:0|startupRole:FOLLOWER, 4a0ae1c5-f8a8-4716-8c13-266b2f364a7b|rpc:10.1.0.7:36099|dataStream:|priority:1|startupRole:FOLLOWER]|listeners:[], old=null
2022-12-02 11:14:37,101 [c26475c3-4ee1-492c-b3e0-9196e8cc0198-server-thread2] INFO  segmented.SegmentedRaftLogWorker (SegmentedRaftLogWorker.java:startLogSegment(452)) - c26475c3-4ee1-492c-b3e0-9196e8cc0198@group-5537A04FEEA9-SegmentedRaftLogWorker: Starting segment from index:0
2022-12-02 11:14:37,105 [c26475c3-4ee1-492c-b3e0-9196e8cc0198@group-5537A04FEEA9-SegmentedRaftLogWorker] INFO  segmented.SegmentedRaftLogWorker (SegmentedRaftLogWorker.java:execute(656)) - c26475c3-4ee1-492c-b3e0-9196e8cc0198@group-5537A04FEEA9-SegmentedRaftLogWorker: created new log segment /home/runner/work/ozone/ozone/hadoop-ozone/integration-test/target/test-dir/MiniOzoneClusterImpl-f8f2b39f-22db-49ae-ab20-f7a2434191fa/datanode-3/data/ratis/d6fac89e-c5b0-4836-a031-5537a04feea9/current/log_inprogress_0
2022-12-02 11:14:37,106 [7d2395d2-eabc-4616-a887-e94e2c3276b4-server-thread2] INFO  server.RaftServer$Division (ServerState.java:setRaftConf(430)) - 7d2395d2-eabc-4616-a887-e94e2c3276b4@group-5537A04FEEA9: set configuration 0: peers:[c26475c3-4ee1-492c-b3e0-9196e8cc0198|rpc:10.1.0.7:38613|dataStream:|priority:0|startupRole:FOLLOWER, 7d2395d2-eabc-4616-a887-e94e2c3276b4|rpc:10.1.0.7:39491|dataStream:|priority:0|startupRole:FOLLOWER, 4a0ae1c5-f8a8-4716-8c13-266b2f364a7b|rpc:10.1.0.7:36099|dataStream:|priority:1|startupRole:FOLLOWER]|listeners:[], old=null
2022-12-02 11:14:37,107 [7d2395d2-eabc-4616-a887-e94e2c3276b4-server-thread2] INFO  segmented.SegmentedRaftLogWorker (SegmentedRaftLogWorker.java:startLogSegment(452)) - 7d2395d2-eabc-4616-a887-e94e2c3276b4@group-5537A04FEEA9-SegmentedRaftLogWorker: Starting segment from index:0
2022-12-02 11:14:37,109 [7d2395d2-eabc-4616-a887-e94e2c3276b4@group-5537A04FEEA9-SegmentedRaftLogWorker] INFO  segmented.SegmentedRaftLogWorker (SegmentedRaftLogWorker.java:execute(656)) - 7d2395d2-eabc-4616-a887-e94e2c3276b4@group-5537A04FEEA9-SegmentedRaftLogWorker: created new log segment /home/runner/work/ozone/ozone/hadoop-ozone/integration-test/target/test-dir/MiniOzoneClusterImpl-f8f2b39f-22db-49ae-ab20-f7a2434191fa/datanode-4/data/ratis/d6fac89e-c5b0-4836-a031-5537a04feea9/current/log_inprogress_0
2022-12-02 11:14:37,477 [EventQueue-CommandQueueReportForCommandQueueReportHandler] WARN  events.EventQueue (EventQueue.java:fireEvent(216)) - No event handler registered for event TypedEvent{payloadType=DatanodeDetails, name='Datanode_Command_Queue_Updated'}
2022-12-02 11:14:37,899 [EventQueue-CommandQueueReportForCommandQueueReportHandler] WARN  events.EventQueue (EventQueue.java:fireEvent(216)) - No event handler registered for event TypedEvent{payloadType=DatanodeDetails, name='Datanode_Command_Queue_Updated'}
2022-12-02 11:14:37,988 [EventQueue-CommandQueueReportForCommandQueueReportHandler] WARN  events.EventQueue (EventQueue.java:fireEvent(216)) - No event handler registered for event TypedEvent{payloadType=DatanodeDetails, name='Datanode_Command_Queue_Updated'}
2022-12-02 11:14:38,476 [Command processor thread] INFO  server.RaftServer (RaftServerProxy.java:remove(107)) - aecdc221-737e-4b39-8f20-7a048fa0296a: remove    LEADER aecdc221-737e-4b39-8f20-7a048fa0296a@group-F147D2C2B854:t1, leader=aecdc221-737e-4b39-8f20-7a048fa0296a, voted=aecdc221-737e-4b39-8f20-7a048fa0296a, raftlog=Memoized:aecdc221-737e-4b39-8f20-7a048fa0296a@group-F147D2C2B854-SegmentedRaftLog:OPENED:c0, conf=0: peers:[90a4d295-1ed6-49a8-a392-d1efb526c081|rpc:10.1.0.7:38181|dataStream:|priority:0|startupRole:FOLLOWER, aecdc221-737e-4b39-8f20-7a048fa0296a|rpc:10.1.0.7:34239|dataStream:|priority:1|startupRole:FOLLOWER, 1fd27439-e6b5-4682-b1aa-75bd99d23433|rpc:10.1.0.7:38521|dataStream:|priority:0|startupRole:FOLLOWER]|listeners:[], old=null RUNNING
2022-12-02 11:14:38,476 [Command processor thread] INFO  server.RaftServer$Division (RaftServerImpl.java:lambda$close$4(458)) - aecdc221-737e-4b39-8f20-7a048fa0296a@group-F147D2C2B854: shutdown
2022-12-02 11:14:38,476 [Command processor thread] INFO  util.JmxRegister (JmxRegister.java:unregister(73)) - Successfully un-registered JMX Bean with object name Ratis:service=RaftServer,group=group-F147D2C2B854,id=aecdc221-737e-4b39-8f20-7a048fa0296a
2022-12-02 11:14:38,476 [Command processor thread] INFO  impl.RoleInfo (RoleInfo.java:shutdownLeaderState(93)) - aecdc221-737e-4b39-8f20-7a048fa0296a: shutdown aecdc221-737e-4b39-8f20-7a048fa0296a@group-F147D2C2B854-LeaderStateImpl
2022-12-02 11:14:38,476 [Command processor thread] INFO  impl.PendingRequests (PendingRequests.java:sendNotLeaderResponses(282)) - aecdc221-737e-4b39-8f20-7a048fa0296a@group-F147D2C2B854-PendingRequests: sendNotLeaderResponses
2022-12-02 11:14:38,477 [aecdc221-737e-4b39-8f20-7a048fa0296a@group-F147D2C2B854->90a4d295-1ed6-49a8-a392-d1efb526c081-GrpcLogAppender-LogAppenderDaemon] WARN  server.GrpcLogAppender (GrpcLogAppender.java:mayWait(200)) - aecdc221-737e-4b39-8f20-7a048fa0296a@group-F147D2C2B854->90a4d295-1ed6-49a8-a392-d1efb526c081-GrpcLogAppender: Wait interrupted by java.lang.InterruptedException
2022-12-02 11:14:38,477 [Command processor thread] INFO  impl.StateMachineUpdater (StateMachineUpdater.java:stopAndJoin(153)) - aecdc221-737e-4b39-8f20-7a048fa0296a@group-F147D2C2B854-StateMachineUpdater: set stopIndex = 0
2022-12-02 11:14:38,478 [aecdc221-737e-4b39-8f20-7a048fa0296a@group-F147D2C2B854-StateMachineUpdater] INFO  ratis.ContainerStateMachine (ContainerStateMachine.java:takeSnapshot(304)) - group-F147D2C2B854: Taking a snapshot at:(t:1, i:0) file /home/runner/work/ozone/ozone/hadoop-ozone/integration-test/target/test-dir/MiniOzoneClusterImpl-f8f2b39f-22db-49ae-ab20-f7a2434191fa/datanode-1/data/ratis/10666638-793a-4ff8-9cae-f147d2c2b854/sm/snapshot.1_0
2022-12-02 11:14:38,478 [grpc-default-executor-3] INFO  server.GrpcServerProtocolService (GrpcServerProtocolService.java:onCompleted(143)) - 90a4d295-1ed6-49a8-a392-d1efb526c081: Completed APPEND_ENTRIES, lastRequest: aecdc221-737e-4b39-8f20-7a048fa0296a->90a4d295-1ed6-49a8-a392-d1efb526c081#1-t1,previous=(t:0, i:0),leaderCommit=0,initializing? true,entries: size=1, first=(t:1, i:0), CONFIGURATIONENTRY(current:id: "90a4d295-1ed6-49a8-a392-d1efb526c081"
address: "10.1.0.7:38181"
clientAddress: "10.1.0.7:38181"
adminAddress: "10.1.0.7:38181"
startupRole: FOLLOWER
,id: "aecdc221-737e-4b39-8f20-7a048fa0296a"
address: "10.1.0.7:34239"
priority: 1
clientAddress: "10.1.0.7:34239"
adminAddress: "10.1.0.7:34239"
startupRole: FOLLOWER
,id: "1fd27439-e6b5-4682-b1aa-75bd99d23433"
address: "10.1.0.7:38521"
clientAddress: "10.1.0.7:38521"
adminAddress: "10.1.0.7:38521"
startupRole: FOLLOWER
, old:)
2022-12-02 11:14:38,478 [aecdc221-737e-4b39-8f20-7a048fa0296a@group-F147D2C2B854->1fd27439-e6b5-4682-b1aa-75bd99d23433-GrpcLogAppender-LogAppenderDaemon] WARN  server.GrpcLogAppender (GrpcLogAppender.java:mayWait(200)) - aecdc221-737e-4b39-8f20-7a048fa0296a@group-F147D2C2B854->1fd27439-e6b5-4682-b1aa-75bd99d23433-GrpcLogAppender: Wait interrupted by java.lang.InterruptedException
2022-12-02 11:14:38,479 [grpc-default-executor-0] INFO  server.GrpcLogAppender (GrpcLogAppender.java:onCompleted(415)) - aecdc221-737e-4b39-8f20-7a048fa0296a@group-F147D2C2B854->90a4d295-1ed6-49a8-a392-d1efb526c081-AppendLogResponseHandler: follower responses appendEntries COMPLETED
2022-12-02 11:14:38,479 [EventQueue-CommandQueueReportForCommandQueueReportHandler] WARN  events.EventQueue (EventQueue.java:fireEvent(216)) - No event handler registered for event TypedEvent{payloadType=DatanodeDetails, name='Datanode_Command_Queue_Updated'}
2022-12-02 11:14:38,479 [grpc-default-executor-0] INFO  leader.FollowerInfo (FollowerInfoImpl.java:lambda$new$0(48)) - aecdc221-737e-4b39-8f20-7a048fa0296a@group-F147D2C2B854->90a4d295-1ed6-49a8-a392-d1efb526c081: nextIndex: updateUnconditionally 1 -> 0
2022-12-02 11:14:38,479 [grpc-default-executor-3] INFO  server.GrpcServerProtocolService (GrpcServerProtocolService.java:onCompleted(143)) - 90a4d295-1ed6-49a8-a392-d1efb526c081: Completed APPEND_ENTRIES, lastRequest: null
2022-12-02 11:14:38,480 [grpc-default-executor-2] INFO  server.GrpcLogAppender (GrpcLogAppender.java:onCompleted(415)) - aecdc221-737e-4b39-8f20-7a048fa0296a@group-F147D2C2B854->90a4d295-1ed6-49a8-a392-d1efb526c081-AppendLogResponseHandler: follower responses appendEntries COMPLETED
2022-12-02 11:14:38,480 [grpc-default-executor-2] INFO  leader.FollowerInfo (FollowerInfoImpl.java:lambda$new$0(48)) - aecdc221-737e-4b39-8f20-7a048fa0296a@group-F147D2C2B854->90a4d295-1ed6-49a8-a392-d1efb526c081: nextIndex: updateUnconditionally 0 -> 0
2022-12-02 11:14:38,480 [grpc-default-executor-0] INFO  server.GrpcServerProtocolService (GrpcServerProtocolService.java:onCompleted(143)) - 1fd27439-e6b5-4682-b1aa-75bd99d23433: Completed APPEND_ENTRIES, lastRequest: null
2022-12-02 11:14:38,481 [aecdc221-737e-4b39-8f20-7a048fa0296a@group-F147D2C2B854-StateMachineUpdater] INFO  ratis.ContainerStateMachine (ContainerStateMachine.java:takeSnapshot(315)) - group-F147D2C2B854: Finished taking a snapshot at:(t:1, i:0) file:/home/runner/work/ozone/ozone/hadoop-ozone/integration-test/target/test-dir/MiniOzoneClusterImpl-f8f2b39f-22db-49ae-ab20-f7a2434191fa/datanode-1/data/ratis/10666638-793a-4ff8-9cae-f147d2c2b854/sm/snapshot.1_0 took: 3 ms
2022-12-02 11:14:38,481 [aecdc221-737e-4b39-8f20-7a048fa0296a@group-F147D2C2B854-StateMachineUpdater] INFO  impl.StateMachineUpdater (StateMachineUpdater.java:takeSnapshot(287)) - aecdc221-737e-4b39-8f20-7a048fa0296a@group-F147D2C2B854-StateMachineUpdater: Took a snapshot at index 0
2022-12-02 11:14:38,481 [aecdc221-737e-4b39-8f20-7a048fa0296a@group-F147D2C2B854-StateMachineUpdater] INFO  impl.StateMachineUpdater (StateMachineUpdater.java:lambda$new$0(92)) - aecdc221-737e-4b39-8f20-7a048fa0296a@group-F147D2C2B854-StateMachineUpdater: snapshotIndex: updateIncreasingly -1 -> 0
2022-12-02 11:14:38,481 [Command processor thread] INFO  server.RaftServer$Division (ServerState.java:close(466)) - aecdc221-737e-4b39-8f20-7a048fa0296a@group-F147D2C2B854: closes. applyIndex: 0
2022-12-02 11:14:38,481 [aecdc221-737e-4b39-8f20-7a048fa0296a@group-F147D2C2B854-SegmentedRaftLogWorker] INFO  segmented.SegmentedRaftLogWorker (SegmentedRaftLogWorker.java:run(347)) - aecdc221-737e-4b39-8f20-7a048fa0296a@group-F147D2C2B854-SegmentedRaftLogWorker was interrupted, exiting. There are 0 tasks remaining in the queue.
2022-12-02 11:14:38,482 [grpc-default-executor-0] INFO  server.GrpcLogAppender (GrpcLogAppender.java:onCompleted(415)) - aecdc221-737e-4b39-8f20-7a048fa0296a@group-F147D2C2B854->1fd27439-e6b5-4682-b1aa-75bd99d23433-AppendLogResponseHandler: follower responses appendEntries COMPLETED
2022-12-02 11:14:38,482 [grpc-default-executor-3] INFO  server.GrpcServerProtocolService (GrpcServerProtocolService.java:onCompleted(143)) - 1fd27439-e6b5-4682-b1aa-75bd99d23433: Completed APPEND_ENTRIES, lastRequest: aecdc221-737e-4b39-8f20-7a048fa0296a->1fd27439-e6b5-4682-b1aa-75bd99d23433#1-t1,previous=(t:0, i:0),leaderCommit=0,initializing? true,entries: size=1, first=(t:1, i:0), CONFIGURATIONENTRY(current:id: "90a4d295-1ed6-49a8-a392-d1efb526c081"
address: "10.1.0.7:38181"
clientAddress: "10.1.0.7:38181"
adminAddress: "10.1.0.7:38181"
startupRole: FOLLOWER
,id: "aecdc221-737e-4b39-8f20-7a048fa0296a"
address: "10.1.0.7:34239"
priority: 1
clientAddress: "10.1.0.7:34239"
adminAddress: "10.1.0.7:34239"
startupRole: FOLLOWER
,id: "1fd27439-e6b5-4682-b1aa-75bd99d23433"
address: "10.1.0.7:38521"
clientAddress: "10.1.0.7:38521"
adminAddress: "10.1.0.7:38521"
startupRole: FOLLOWER
, old:)
2022-12-02 11:14:38,482 [grpc-default-executor-0] INFO  leader.FollowerInfo (FollowerInfoImpl.java:lambda$new$0(48)) - aecdc221-737e-4b39-8f20-7a048fa0296a@group-F147D2C2B854->1fd27439-e6b5-4682-b1aa-75bd99d23433: nextIndex: updateUnconditionally 1 -> 0
2022-12-02 11:14:38,484 [Command processor thread] INFO  segmented.SegmentedRaftLogWorker (SegmentedRaftLogWorker.java:close(257)) - aecdc221-737e-4b39-8f20-7a048fa0296a@group-F147D2C2B854-SegmentedRaftLogWorker close()
2022-12-02 11:14:38,487 [Command processor thread] INFO  server.RaftServer$Division (RaftServerImpl.java:groupRemove(428)) - aecdc221-737e-4b39-8f20-7a048fa0296a@group-F147D2C2B854: Succeed to remove RaftStorageDirectory Storage Directory /home/runner/work/ozone/ozone/hadoop-ozone/integration-test/target/test-dir/MiniOzoneClusterImpl-f8f2b39f-22db-49ae-ab20-f7a2434191fa/datanode-1/data/ratis/10666638-793a-4ff8-9cae-f147d2c2b854
2022-12-02 11:14:38,487 [Command processor thread] INFO  commandhandler.ClosePipelineCommandHandler (ClosePipelineCommandHandler.java:handle(78)) - Close Pipeline PipelineID=10666638-793a-4ff8-9cae-f147d2c2b854 command on datanode aecdc221-737e-4b39-8f20-7a048fa0296a.
2022-12-02 11:14:38,487 [grpc-default-executor-0] INFO  server.GrpcLogAppender (GrpcLogAppender.java:onCompleted(415)) - aecdc221-737e-4b39-8f20-7a048fa0296a@group-F147D2C2B854->1fd27439-e6b5-4682-b1aa-75bd99d23433-AppendLogResponseHandler: follower responses appendEntries COMPLETED
2022-12-02 11:14:38,487 [grpc-default-executor-0] INFO  leader.FollowerInfo (FollowerInfoImpl.java:lambda$new$0(48)) - aecdc221-737e-4b39-8f20-7a048fa0296a@group-F147D2C2B854->1fd27439-e6b5-4682-b1aa-75bd99d23433: nextIndex: updateUnconditionally 0 -> 0
2022-12-02 11:14:38,558 [EventQueue-CommandQueueReportForCommandQueueReportHandler] WARN  events.EventQueue (EventQueue.java:fireEvent(216)) - No event handler registered for event TypedEvent{payloadType=DatanodeDetails, name='Datanode_Command_Queue_Updated'}
2022-12-02 11:14:38,896 [Command processor thread] INFO  server.RaftServer (RaftServerProxy.java:remove(107)) - c26475c3-4ee1-492c-b3e0-9196e8cc0198: remove  FOLLOWER c26475c3-4ee1-492c-b3e0-9196e8cc0198@group-5537A04FEEA9:t1, leader=4a0ae1c5-f8a8-4716-8c13-266b2f364a7b, voted=4a0ae1c5-f8a8-4716-8c13-266b2f364a7b, raftlog=Memoized:c26475c3-4ee1-492c-b3e0-9196e8cc0198@group-5537A04FEEA9-SegmentedRaftLog:OPENED:c0, conf=0: peers:[c26475c3-4ee1-492c-b3e0-9196e8cc0198|rpc:10.1.0.7:38613|dataStream:|priority:0|startupRole:FOLLOWER, 7d2395d2-eabc-4616-a887-e94e2c3276b4|rpc:10.1.0.7:39491|dataStream:|priority:0|startupRole:FOLLOWER, 4a0ae1c5-f8a8-4716-8c13-266b2f364a7b|rpc:10.1.0.7:36099|dataStream:|priority:1|startupRole:FOLLOWER]|listeners:[], old=null RUNNING
2022-12-02 11:14:38,896 [Command processor thread] INFO  server.RaftServer$Division (RaftServerImpl.java:lambda$close$4(458)) - c26475c3-4ee1-492c-b3e0-9196e8cc0198@group-5537A04FEEA9: shutdown
2022-12-02 11:14:38,897 [Command processor thread] INFO  util.JmxRegister (JmxRegister.java:unregister(73)) - Successfully un-registered JMX Bean with object name Ratis:service=RaftServer,group=group-5537A04FEEA9,id=c26475c3-4ee1-492c-b3e0-9196e8cc0198
2022-12-02 11:14:38,897 [Command processor thread] INFO  impl.RoleInfo (RoleInfo.java:shutdownFollowerState(110)) - c26475c3-4ee1-492c-b3e0-9196e8cc0198: shutdown c26475c3-4ee1-492c-b3e0-9196e8cc0198@group-5537A04FEEA9-FollowerState
2022-12-02 11:14:38,897 [Command processor thread] INFO  impl.StateMachineUpdater (StateMachineUpdater.java:stopAndJoin(153)) - c26475c3-4ee1-492c-b3e0-9196e8cc0198@group-5537A04FEEA9-StateMachineUpdater: set stopIndex = 0
2022-12-02 11:14:38,897 [c26475c3-4ee1-492c-b3e0-9196e8cc0198@group-5537A04FEEA9-StateMachineUpdater] INFO  ratis.ContainerStateMachine (ContainerStateMachine.java:takeSnapshot(304)) - group-5537A04FEEA9: Taking a snapshot at:(t:1, i:0) file /home/runner/work/ozone/ozone/hadoop-ozone/integration-test/target/test-dir/MiniOzoneClusterImpl-f8f2b39f-22db-49ae-ab20-f7a2434191fa/datanode-3/data/ratis/d6fac89e-c5b0-4836-a031-5537a04feea9/sm/snapshot.1_0
2022-12-02 11:14:38,897 [c26475c3-4ee1-492c-b3e0-9196e8cc0198@group-5537A04FEEA9-FollowerState] INFO  impl.FollowerState (FollowerState.java:run(152)) - c26475c3-4ee1-492c-b3e0-9196e8cc0198@group-5537A04FEEA9-FollowerState was interrupted
2022-12-02 11:14:38,900 [c26475c3-4ee1-492c-b3e0-9196e8cc0198@group-5537A04FEEA9-StateMachineUpdater] INFO  ratis.ContainerStateMachine (ContainerStateMachine.java:takeSnapshot(315)) - group-5537A04FEEA9: Finished taking a snapshot at:(t:1, i:0) file:/home/runner/work/ozone/ozone/hadoop-ozone/integration-test/target/test-dir/MiniOzoneClusterImpl-f8f2b39f-22db-49ae-ab20-f7a2434191fa/datanode-3/data/ratis/d6fac89e-c5b0-4836-a031-5537a04feea9/sm/snapshot.1_0 took: 3 ms
2022-12-02 11:14:38,900 [c26475c3-4ee1-492c-b3e0-9196e8cc0198@group-5537A04FEEA9-StateMachineUpdater] INFO  impl.StateMachineUpdater (StateMachineUpdater.java:takeSnapshot(287)) - c26475c3-4ee1-492c-b3e0-9196e8cc0198@group-5537A04FEEA9-StateMachineUpdater: Took a snapshot at index 0
2022-12-02 11:14:38,900 [c26475c3-4ee1-492c-b3e0-9196e8cc0198@group-5537A04FEEA9-StateMachineUpdater] INFO  impl.StateMachineUpdater (StateMachineUpdater.java:lambda$new$0(92)) - c26475c3-4ee1-492c-b3e0-9196e8cc0198@group-5537A04FEEA9-StateMachineUpdater: snapshotIndex: updateIncreasingly -1 -> 0
2022-12-02 11:14:38,901 [Command processor thread] INFO  server.RaftServer$Division (ServerState.java:close(466)) - c26475c3-4ee1-492c-b3e0-9196e8cc0198@group-5537A04FEEA9: closes. applyIndex: 0
2022-12-02 11:14:38,901 [c26475c3-4ee1-492c-b3e0-9196e8cc0198@group-5537A04FEEA9-SegmentedRaftLogWorker] INFO  segmented.SegmentedRaftLogWorker (SegmentedRaftLogWorker.java:run(347)) - c26475c3-4ee1-492c-b3e0-9196e8cc0198@group-5537A04FEEA9-SegmentedRaftLogWorker was interrupted, exiting. There are 0 tasks remaining in the queue.
2022-12-02 11:14:38,903 [Command processor thread] INFO  segmented.SegmentedRaftLogWorker (SegmentedRaftLogWorker.java:close(257)) - c26475c3-4ee1-492c-b3e0-9196e8cc0198@group-5537A04FEEA9-SegmentedRaftLogWorker close()
2022-12-02 11:14:38,908 [Command processor thread] INFO  server.RaftServer$Division (RaftServerImpl.java:groupRemove(428)) - c26475c3-4ee1-492c-b3e0-9196e8cc0198@group-5537A04FEEA9: Succeed to remove RaftStorageDirectory Storage Directory /home/runner/work/ozone/ozone/hadoop-ozone/integration-test/target/test-dir/MiniOzoneClusterImpl-f8f2b39f-22db-49ae-ab20-f7a2434191fa/datanode-3/data/ratis/d6fac89e-c5b0-4836-a031-5537a04feea9
2022-12-02 11:14:38,909 [Command processor thread] INFO  commandhandler.ClosePipelineCommandHandler (ClosePipelineCommandHandler.java:handle(78)) - Close Pipeline PipelineID=d6fac89e-c5b0-4836-a031-5537a04feea9 command on datanode c26475c3-4ee1-492c-b3e0-9196e8cc0198.
2022-12-02 11:14:38,984 [Command processor thread] INFO  server.RaftServer (RaftServerProxy.java:remove(107)) - 7d2395d2-eabc-4616-a887-e94e2c3276b4: remove  FOLLOWER 7d2395d2-eabc-4616-a887-e94e2c3276b4@group-5537A04FEEA9:t1, leader=4a0ae1c5-f8a8-4716-8c13-266b2f364a7b, voted=4a0ae1c5-f8a8-4716-8c13-266b2f364a7b, raftlog=Memoized:7d2395d2-eabc-4616-a887-e94e2c3276b4@group-5537A04FEEA9-SegmentedRaftLog:OPENED:c0, conf=0: peers:[c26475c3-4ee1-492c-b3e0-9196e8cc0198|rpc:10.1.0.7:38613|dataStream:|priority:0|startupRole:FOLLOWER, 7d2395d2-eabc-4616-a887-e94e2c3276b4|rpc:10.1.0.7:39491|dataStream:|priority:0|startupRole:FOLLOWER, 4a0ae1c5-f8a8-4716-8c13-266b2f364a7b|rpc:10.1.0.7:36099|dataStream:|priority:1|startupRole:FOLLOWER]|listeners:[], old=null RUNNING
2022-12-02 11:14:38,985 [Command processor thread] INFO  server.RaftServer$Division (RaftServerImpl.java:lambda$close$4(458)) - 7d2395d2-eabc-4616-a887-e94e2c3276b4@group-5537A04FEEA9: shutdown
2022-12-02 11:14:38,985 [Command processor thread] INFO  util.JmxRegister (JmxRegister.java:unregister(73)) - Successfully un-registered JMX Bean with object name Ratis:service=RaftServer,group=group-5537A04FEEA9,id=7d2395d2-eabc-4616-a887-e94e2c3276b4
2022-12-02 11:14:38,985 [Command processor thread] INFO  impl.RoleInfo (RoleInfo.java:shutdownFollowerState(110)) - 7d2395d2-eabc-4616-a887-e94e2c3276b4: shutdown 7d2395d2-eabc-4616-a887-e94e2c3276b4@group-5537A04FEEA9-FollowerState
2022-12-02 11:14:38,985 [Command processor thread] INFO  impl.StateMachineUpdater (StateMachineUpdater.java:stopAndJoin(153)) - 7d2395d2-eabc-4616-a887-e94e2c3276b4@group-5537A04FEEA9-StateMachineUpdater: set stopIndex = 0
2022-12-02 11:14:38,985 [7d2395d2-eabc-4616-a887-e94e2c3276b4@group-5537A04FEEA9-FollowerState] INFO  impl.FollowerState (FollowerState.java:run(152)) - 7d2395d2-eabc-4616-a887-e94e2c3276b4@group-5537A04FEEA9-FollowerState was interrupted
2022-12-02 11:14:38,985 [7d2395d2-eabc-4616-a887-e94e2c3276b4@group-5537A04FEEA9-StateMachineUpdater] INFO  ratis.ContainerStateMachine (ContainerStateMachine.java:takeSnapshot(304)) - group-5537A04FEEA9: Taking a snapshot at:(t:1, i:0) file /home/runner/work/ozone/ozone/hadoop-ozone/integration-test/target/test-dir/MiniOzoneClusterImpl-f8f2b39f-22db-49ae-ab20-f7a2434191fa/datanode-4/data/ratis/d6fac89e-c5b0-4836-a031-5537a04feea9/sm/snapshot.1_0
2022-12-02 11:14:38,988 [7d2395d2-eabc-4616-a887-e94e2c3276b4@group-5537A04FEEA9-StateMachineUpdater] INFO  ratis.ContainerStateMachine (ContainerStateMachine.java:takeSnapshot(315)) - group-5537A04FEEA9: Finished taking a snapshot at:(t:1, i:0) file:/home/runner/work/ozone/ozone/hadoop-ozone/integration-test/target/test-dir/MiniOzoneClusterImpl-f8f2b39f-22db-49ae-ab20-f7a2434191fa/datanode-4/data/ratis/d6fac89e-c5b0-4836-a031-5537a04feea9/sm/snapshot.1_0 took: 3 ms
2022-12-02 11:14:38,988 [7d2395d2-eabc-4616-a887-e94e2c3276b4@group-5537A04FEEA9-StateMachineUpdater] INFO  impl.StateMachineUpdater (StateMachineUpdater.java:takeSnapshot(287)) - 7d2395d2-eabc-4616-a887-e94e2c3276b4@group-5537A04FEEA9-StateMachineUpdater: Took a snapshot at index 0
2022-12-02 11:14:38,988 [7d2395d2-eabc-4616-a887-e94e2c3276b4@group-5537A04FEEA9-StateMachineUpdater] INFO  impl.StateMachineUpdater (StateMachineUpdater.java:lambda$new$0(92)) - 7d2395d2-eabc-4616-a887-e94e2c3276b4@group-5537A04FEEA9-StateMachineUpdater: snapshotIndex: updateIncreasingly -1 -> 0
2022-12-02 11:14:38,989 [Command processor thread] INFO  server.RaftServer$Division (ServerState.java:close(466)) - 7d2395d2-eabc-4616-a887-e94e2c3276b4@group-5537A04FEEA9: closes. applyIndex: 0
2022-12-02 11:14:38,989 [7d2395d2-eabc-4616-a887-e94e2c3276b4@group-5537A04FEEA9-SegmentedRaftLogWorker] INFO  segmented.SegmentedRaftLogWorker (SegmentedRaftLogWorker.java:run(347)) - 7d2395d2-eabc-4616-a887-e94e2c3276b4@group-5537A04FEEA9-SegmentedRaftLogWorker was interrupted, exiting. There are 0 tasks remaining in the queue.
2022-12-02 11:14:38,991 [Command processor thread] INFO  segmented.SegmentedRaftLogWorker (SegmentedRaftLogWorker.java:close(257)) - 7d2395d2-eabc-4616-a887-e94e2c3276b4@group-5537A04FEEA9-SegmentedRaftLogWorker close()
2022-12-02 11:14:38,993 [Command processor thread] INFO  server.RaftServer$Division (RaftServerImpl.java:groupRemove(428)) - 7d2395d2-eabc-4616-a887-e94e2c3276b4@group-5537A04FEEA9: Succeed to remove RaftStorageDirectory Storage Directory /home/runner/work/ozone/ozone/hadoop-ozone/integration-test/target/test-dir/MiniOzoneClusterImpl-f8f2b39f-22db-49ae-ab20-f7a2434191fa/datanode-4/data/ratis/d6fac89e-c5b0-4836-a031-5537a04feea9
2022-12-02 11:14:38,993 [Command processor thread] INFO  commandhandler.ClosePipelineCommandHandler (ClosePipelineCommandHandler.java:handle(78)) - Close Pipeline PipelineID=d6fac89e-c5b0-4836-a031-5537a04feea9 command on datanode 7d2395d2-eabc-4616-a887-e94e2c3276b4.
2022-12-02 11:14:39,056 [EventQueue-CommandQueueReportForCommandQueueReportHandler] WARN  events.EventQueue (EventQueue.java:fireEvent(216)) - No event handler registered for event TypedEvent{payloadType=DatanodeDetails, name='Datanode_Command_Queue_Updated'}
2022-12-02 11:14:39,476 [Command processor thread] INFO  server.RaftServer (RaftServerProxy.java:remove(107)) - 90a4d295-1ed6-49a8-a392-d1efb526c081: remove  FOLLOWER 90a4d295-1ed6-49a8-a392-d1efb526c081@group-F147D2C2B854:t1, leader=aecdc221-737e-4b39-8f20-7a048fa0296a, voted=aecdc221-737e-4b39-8f20-7a048fa0296a, raftlog=Memoized:90a4d295-1ed6-49a8-a392-d1efb526c081@group-F147D2C2B854-SegmentedRaftLog:OPENED:c0, conf=0: peers:[90a4d295-1ed6-49a8-a392-d1efb526c081|rpc:10.1.0.7:38181|dataStream:|priority:0|startupRole:FOLLOWER, aecdc221-737e-4b39-8f20-7a048fa0296a|rpc:10.1.0.7:34239|dataStream:|priority:1|startupRole:FOLLOWER, 1fd27439-e6b5-4682-b1aa-75bd99d23433|rpc:10.1.0.7:38521|dataStream:|priority:0|startupRole:FOLLOWER]|listeners:[], old=null RUNNING
2022-12-02 11:14:39,476 [Command processor thread] INFO  server.RaftServer$Division (RaftServerImpl.java:lambda$close$4(458)) - 90a4d295-1ed6-49a8-a392-d1efb526c081@group-F147D2C2B854: shutdown
2022-12-02 11:14:39,476 [Command processor thread] INFO  util.JmxRegister (JmxRegister.java:unregister(73)) - Successfully un-registered JMX Bean with object name Ratis:service=RaftServer,group=group-F147D2C2B854,id=90a4d295-1ed6-49a8-a392-d1efb526c081
2022-12-02 11:14:39,476 [Command processor thread] INFO  impl.RoleInfo (RoleInfo.java:shutdownFollowerState(110)) - 90a4d295-1ed6-49a8-a392-d1efb526c081: shutdown 90a4d295-1ed6-49a8-a392-d1efb526c081@group-F147D2C2B854-FollowerState
2022-12-02 11:14:39,476 [Command processor thread] INFO  impl.StateMachineUpdater (StateMachineUpdater.java:stopAndJoin(153)) - 90a4d295-1ed6-49a8-a392-d1efb526c081@group-F147D2C2B854-StateMachineUpdater: set stopIndex = 0
2022-12-02 11:14:39,477 [90a4d295-1ed6-49a8-a392-d1efb526c081@group-F147D2C2B854-StateMachineUpdater] INFO  ratis.ContainerStateMachine (ContainerStateMachine.java:takeSnapshot(304)) - group-F147D2C2B854: Taking a snapshot at:(t:1, i:0) file /home/runner/work/ozone/ozone/hadoop-ozone/integration-test/target/test-dir/MiniOzoneClusterImpl-f8f2b39f-22db-49ae-ab20-f7a2434191fa/datanode-0/data/ratis/10666638-793a-4ff8-9cae-f147d2c2b854/sm/snapshot.1_0
2022-12-02 11:14:39,477 [90a4d295-1ed6-49a8-a392-d1efb526c081@group-F147D2C2B854-FollowerState] INFO  impl.FollowerState (FollowerState.java:run(152)) - 90a4d295-1ed6-49a8-a392-d1efb526c081@group-F147D2C2B854-FollowerState was interrupted
2022-12-02 11:14:39,477 [EventQueue-CommandQueueReportForCommandQueueReportHandler] WARN  events.EventQueue (EventQueue.java:fireEvent(216)) - No event handler registered for event TypedEvent{payloadType=DatanodeDetails, name='Datanode_Command_Queue_Updated'}
2022-12-02 11:14:39,483 [90a4d295-1ed6-49a8-a392-d1efb526c081@group-F147D2C2B854-StateMachineUpdater] INFO  ratis.ContainerStateMachine (ContainerStateMachine.java:takeSnapshot(315)) - group-F147D2C2B854: Finished taking a snapshot at:(t:1, i:0) file:/home/runner/work/ozone/ozone/hadoop-ozone/integration-test/target/test-dir/MiniOzoneClusterImpl-f8f2b39f-22db-49ae-ab20-f7a2434191fa/datanode-0/data/ratis/10666638-793a-4ff8-9cae-f147d2c2b854/sm/snapshot.1_0 took: 7 ms
2022-12-02 11:14:39,484 [90a4d295-1ed6-49a8-a392-d1efb526c081@group-F147D2C2B854-StateMachineUpdater] INFO  impl.StateMachineUpdater (StateMachineUpdater.java:takeSnapshot(287)) - 90a4d295-1ed6-49a8-a392-d1efb526c081@group-F147D2C2B854-StateMachineUpdater: Took a snapshot at index 0
2022-12-02 11:14:39,484 [90a4d295-1ed6-49a8-a392-d1efb526c081@group-F147D2C2B854-StateMachineUpdater] INFO  impl.StateMachineUpdater (StateMachineUpdater.java:lambda$new$0(92)) - 90a4d295-1ed6-49a8-a392-d1efb526c081@group-F147D2C2B854-StateMachineUpdater: snapshotIndex: updateIncreasingly -1 -> 0
2022-12-02 11:14:39,485 [Command processor thread] INFO  server.RaftServer$Division (ServerState.java:close(466)) - 90a4d295-1ed6-49a8-a392-d1efb526c081@group-F147D2C2B854: closes. applyIndex: 0
2022-12-02 11:14:39,485 [90a4d295-1ed6-49a8-a392-d1efb526c081@group-F147D2C2B854-SegmentedRaftLogWorker] INFO  segmented.SegmentedRaftLogWorker (SegmentedRaftLogWorker.java:run(347)) - 90a4d295-1ed6-49a8-a392-d1efb526c081@group-F147D2C2B854-SegmentedRaftLogWorker was interrupted, exiting. There are 0 tasks remaining in the queue.
2022-12-02 11:14:39,486 [Command processor thread] INFO  segmented.SegmentedRaftLogWorker (SegmentedRaftLogWorker.java:close(257)) - 90a4d295-1ed6-49a8-a392-d1efb526c081@group-F147D2C2B854-SegmentedRaftLogWorker close()
2022-12-02 11:14:39,489 [Command processor thread] INFO  server.RaftServer$Division (RaftServerImpl.java:groupRemove(428)) - 90a4d295-1ed6-49a8-a392-d1efb526c081@group-F147D2C2B854: Succeed to remove RaftStorageDirectory Storage Directory /home/runner/work/ozone/ozone/hadoop-ozone/integration-test/target/test-dir/MiniOzoneClusterImpl-f8f2b39f-22db-49ae-ab20-f7a2434191fa/datanode-0/data/ratis/10666638-793a-4ff8-9cae-f147d2c2b854
2022-12-02 11:14:39,489 [Command processor thread] INFO  commandhandler.ClosePipelineCommandHandler (ClosePipelineCommandHandler.java:handle(78)) - Close Pipeline PipelineID=10666638-793a-4ff8-9cae-f147d2c2b854 command on datanode 90a4d295-1ed6-49a8-a392-d1efb526c081.
2022-12-02 11:14:39,557 [Command processor thread] INFO  server.RaftServer (RaftServerProxy.java:remove(107)) - 1fd27439-e6b5-4682-b1aa-75bd99d23433: remove  FOLLOWER 1fd27439-e6b5-4682-b1aa-75bd99d23433@group-F147D2C2B854:t1, leader=aecdc221-737e-4b39-8f20-7a048fa0296a, voted=aecdc221-737e-4b39-8f20-7a048fa0296a, raftlog=Memoized:1fd27439-e6b5-4682-b1aa-75bd99d23433@group-F147D2C2B854-SegmentedRaftLog:OPENED:c0, conf=0: peers:[90a4d295-1ed6-49a8-a392-d1efb526c081|rpc:10.1.0.7:38181|dataStream:|priority:0|startupRole:FOLLOWER, aecdc221-737e-4b39-8f20-7a048fa0296a|rpc:10.1.0.7:34239|dataStream:|priority:1|startupRole:FOLLOWER, 1fd27439-e6b5-4682-b1aa-75bd99d23433|rpc:10.1.0.7:38521|dataStream:|priority:0|startupRole:FOLLOWER]|listeners:[], old=null RUNNING
2022-12-02 11:14:39,557 [Command processor thread] INFO  server.RaftServer$Division (RaftServerImpl.java:lambda$close$4(458)) - 1fd27439-e6b5-4682-b1aa-75bd99d23433@group-F147D2C2B854: shutdown
2022-12-02 11:14:39,557 [Command processor thread] INFO  util.JmxRegister (JmxRegister.java:unregister(73)) - Successfully un-registered JMX Bean with object name Ratis:service=RaftServer,group=group-F147D2C2B854,id=1fd27439-e6b5-4682-b1aa-75bd99d23433
2022-12-02 11:14:39,557 [Command processor thread] INFO  impl.RoleInfo (RoleInfo.java:shutdownFollowerState(110)) - 1fd27439-e6b5-4682-b1aa-75bd99d23433: shutdown 1fd27439-e6b5-4682-b1aa-75bd99d23433@group-F147D2C2B854-FollowerState
2022-12-02 11:14:39,557 [Command processor thread] INFO  impl.StateMachineUpdater (StateMachineUpdater.java:stopAndJoin(153)) - 1fd27439-e6b5-4682-b1aa-75bd99d23433@group-F147D2C2B854-StateMachineUpdater: set stopIndex = 0
2022-12-02 11:14:39,557 [1fd27439-e6b5-4682-b1aa-75bd99d23433@group-F147D2C2B854-FollowerState] INFO  impl.FollowerState (FollowerState.java:run(152)) - 1fd27439-e6b5-4682-b1aa-75bd99d23433@group-F147D2C2B854-FollowerState was interrupted
2022-12-02 11:14:39,558 [1fd27439-e6b5-4682-b1aa-75bd99d23433@group-F147D2C2B854-StateMachineUpdater] INFO  ratis.ContainerStateMachine (ContainerStateMachine.java:takeSnapshot(304)) - group-F147D2C2B854: Taking a snapshot at:(t:1, i:0) file /home/runner/work/ozone/ozone/hadoop-ozone/integration-test/target/test-dir/MiniOzoneClusterImpl-f8f2b39f-22db-49ae-ab20-f7a2434191fa/datanode-2/data/ratis/10666638-793a-4ff8-9cae-f147d2c2b854/sm/snapshot.1_0
2022-12-02 11:14:39,560 [1fd27439-e6b5-4682-b1aa-75bd99d23433@group-F147D2C2B854-StateMachineUpdater] INFO  ratis.ContainerStateMachine (ContainerStateMachine.java:takeSnapshot(315)) - group-F147D2C2B854: Finished taking a snapshot at:(t:1, i:0) file:/home/runner/work/ozone/ozone/hadoop-ozone/integration-test/target/test-dir/MiniOzoneClusterImpl-f8f2b39f-22db-49ae-ab20-f7a2434191fa/datanode-2/data/ratis/10666638-793a-4ff8-9cae-f147d2c2b854/sm/snapshot.1_0 took: 1 ms
2022-12-02 11:14:39,560 [1fd27439-e6b5-4682-b1aa-75bd99d23433@group-F147D2C2B854-StateMachineUpdater] INFO  impl.StateMachineUpdater (StateMachineUpdater.java:takeSnapshot(287)) - 1fd27439-e6b5-4682-b1aa-75bd99d23433@group-F147D2C2B854-StateMachineUpdater: Took a snapshot at index 0
2022-12-02 11:14:39,560 [1fd27439-e6b5-4682-b1aa-75bd99d23433@group-F147D2C2B854-StateMachineUpdater] INFO  impl.StateMachineUpdater (StateMachineUpdater.java:lambda$new$0(92)) - 1fd27439-e6b5-4682-b1aa-75bd99d23433@group-F147D2C2B854-StateMachineUpdater: snapshotIndex: updateIncreasingly -1 -> 0
2022-12-02 11:14:39,561 [Command processor thread] INFO  server.RaftServer$Division (ServerState.java:close(466)) - 1fd27439-e6b5-4682-b1aa-75bd99d23433@group-F147D2C2B854: closes. applyIndex: 0
2022-12-02 11:14:39,561 [1fd27439-e6b5-4682-b1aa-75bd99d23433@group-F147D2C2B854-SegmentedRaftLogWorker] INFO  segmented.SegmentedRaftLogWorker (SegmentedRaftLogWorker.java:run(347)) - 1fd27439-e6b5-4682-b1aa-75bd99d23433@group-F147D2C2B854-SegmentedRaftLogWorker was interrupted, exiting. There are 0 tasks remaining in the queue.
2022-12-02 11:14:39,562 [Command processor thread] INFO  segmented.SegmentedRaftLogWorker (SegmentedRaftLogWorker.java:close(257)) - 1fd27439-e6b5-4682-b1aa-75bd99d23433@group-F147D2C2B854-SegmentedRaftLogWorker close()
2022-12-02 11:14:39,564 [Command processor thread] INFO  server.RaftServer$Division (RaftServerImpl.java:groupRemove(428)) - 1fd27439-e6b5-4682-b1aa-75bd99d23433@group-F147D2C2B854: Succeed to remove RaftStorageDirectory Storage Directory /home/runner/work/ozone/ozone/hadoop-ozone/integration-test/target/test-dir/MiniOzoneClusterImpl-f8f2b39f-22db-49ae-ab20-f7a2434191fa/datanode-2/data/ratis/10666638-793a-4ff8-9cae-f147d2c2b854
2022-12-02 11:14:39,565 [Command processor thread] INFO  commandhandler.ClosePipelineCommandHandler (ClosePipelineCommandHandler.java:handle(78)) - Close Pipeline PipelineID=10666638-793a-4ff8-9cae-f147d2c2b854 command on datanode 1fd27439-e6b5-4682-b1aa-75bd99d23433.
2022-12-02 11:14:39,898 [EventQueue-CommandQueueReportForCommandQueueReportHandler] WARN  events.EventQueue (EventQueue.java:fireEvent(216)) - No event handler registered for event TypedEvent{payloadType=DatanodeDetails, name='Datanode_Command_Queue_Updated'}
2022-12-02 11:14:39,988 [EventQueue-CommandQueueReportForCommandQueueReportHandler] WARN  events.EventQueue (EventQueue.java:fireEvent(216)) - No event handler registered for event TypedEvent{payloadType=DatanodeDetails, name='Datanode_Command_Queue_Updated'}
2022-12-02 11:14:40,055 [Command processor thread] INFO  server.RaftServer (RaftServerProxy.java:remove(107)) - 4a0ae1c5-f8a8-4716-8c13-266b2f364a7b: remove    LEADER 4a0ae1c5-f8a8-4716-8c13-266b2f364a7b@group-5537A04FEEA9:t1, leader=4a0ae1c5-f8a8-4716-8c13-266b2f364a7b, voted=4a0ae1c5-f8a8-4716-8c13-266b2f364a7b, raftlog=Memoized:4a0ae1c5-f8a8-4716-8c13-266b2f364a7b@group-5537A04FEEA9-SegmentedRaftLog:OPENED:c0, conf=0: peers:[c26475c3-4ee1-492c-b3e0-9196e8cc0198|rpc:10.1.0.7:38613|dataStream:|priority:0|startupRole:FOLLOWER, 7d2395d2-eabc-4616-a887-e94e2c3276b4|rpc:10.1.0.7:39491|dataStream:|priority:0|startupRole:FOLLOWER, 4a0ae1c5-f8a8-4716-8c13-266b2f364a7b|rpc:10.1.0.7:36099|dataStream:|priority:1|startupRole:FOLLOWER]|listeners:[], old=null RUNNING
2022-12-02 11:14:40,055 [Command processor thread] INFO  server.RaftServer$Division (RaftServerImpl.java:lambda$close$4(458)) - 4a0ae1c5-f8a8-4716-8c13-266b2f364a7b@group-5537A04FEEA9: shutdown
2022-12-02 11:14:40,055 [Command processor thread] INFO  util.JmxRegister (JmxRegister.java:unregister(73)) - Successfully un-registered JMX Bean with object name Ratis:service=RaftServer,group=group-5537A04FEEA9,id=4a0ae1c5-f8a8-4716-8c13-266b2f364a7b
2022-12-02 11:14:40,056 [Command processor thread] INFO  impl.RoleInfo (RoleInfo.java:shutdownLeaderState(93)) - 4a0ae1c5-f8a8-4716-8c13-266b2f364a7b: shutdown 4a0ae1c5-f8a8-4716-8c13-266b2f364a7b@group-5537A04FEEA9-LeaderStateImpl
2022-12-02 11:14:40,056 [Command processor thread] INFO  impl.PendingRequests (PendingRequests.java:sendNotLeaderResponses(282)) - 4a0ae1c5-f8a8-4716-8c13-266b2f364a7b@group-5537A04FEEA9-PendingRequests: sendNotLeaderResponses
2022-12-02 11:14:40,056 [4a0ae1c5-f8a8-4716-8c13-266b2f364a7b@group-5537A04FEEA9->7d2395d2-eabc-4616-a887-e94e2c3276b4-GrpcLogAppender-LogAppenderDaemon] WARN  server.GrpcLogAppender (GrpcLogAppender.java:mayWait(200)) - 4a0ae1c5-f8a8-4716-8c13-266b2f364a7b@group-5537A04FEEA9->7d2395d2-eabc-4616-a887-e94e2c3276b4-GrpcLogAppender: Wait interrupted by java.lang.InterruptedException
2022-12-02 11:14:40,056 [4a0ae1c5-f8a8-4716-8c13-266b2f364a7b@group-5537A04FEEA9->c26475c3-4ee1-492c-b3e0-9196e8cc0198-GrpcLogAppender-LogAppenderDaemon] WARN  server.GrpcLogAppender (GrpcLogAppender.java:mayWait(200)) - 4a0ae1c5-f8a8-4716-8c13-266b2f364a7b@group-5537A04FEEA9->c26475c3-4ee1-492c-b3e0-9196e8cc0198-GrpcLogAppender: Wait interrupted by java.lang.InterruptedException
2022-12-02 11:14:40,058 [Command processor thread] INFO  impl.StateMachineUpdater (StateMachineUpdater.java:stopAndJoin(153)) - 4a0ae1c5-f8a8-4716-8c13-266b2f364a7b@group-5537A04FEEA9-StateMachineUpdater: set stopIndex = 0
2022-12-02 11:14:40,058 [4a0ae1c5-f8a8-4716-8c13-266b2f364a7b@group-5537A04FEEA9-StateMachineUpdater] INFO  ratis.ContainerStateMachine (ContainerStateMachine.java:takeSnapshot(304)) - group-5537A04FEEA9: Taking a snapshot at:(t:1, i:0) file /home/runner/work/ozone/ozone/hadoop-ozone/integration-test/target/test-dir/MiniOzoneClusterImpl-f8f2b39f-22db-49ae-ab20-f7a2434191fa/datanode-5/data/ratis/d6fac89e-c5b0-4836-a031-5537a04feea9/sm/snapshot.1_0
2022-12-02 11:14:40,059 [grpc-default-executor-0] INFO  server.GrpcServerProtocolService (GrpcServerProtocolService.java:onCompleted(143)) - 7d2395d2-eabc-4616-a887-e94e2c3276b4: Completed APPEND_ENTRIES, lastRequest: 4a0ae1c5-f8a8-4716-8c13-266b2f364a7b->7d2395d2-eabc-4616-a887-e94e2c3276b4#1-t1,previous=(t:0, i:0),leaderCommit=0,initializing? true,entries: size=1, first=(t:1, i:0), CONFIGURATIONENTRY(current:id: "c26475c3-4ee1-492c-b3e0-9196e8cc0198"
address: "10.1.0.7:38613"
clientAddress: "10.1.0.7:38613"
adminAddress: "10.1.0.7:38613"
startupRole: FOLLOWER
,id: "7d2395d2-eabc-4616-a887-e94e2c3276b4"
address: "10.1.0.7:39491"
clientAddress: "10.1.0.7:39491"
adminAddress: "10.1.0.7:39491"
startupRole: FOLLOWER
,id: "4a0ae1c5-f8a8-4716-8c13-266b2f364a7b"
address: "10.1.0.7:36099"
priority: 1
clientAddress: "10.1.0.7:36099"
adminAddress: "10.1.0.7:36099"
startupRole: FOLLOWER
, old:)
2022-12-02 11:14:40,059 [grpc-default-executor-3] INFO  server.GrpcServerProtocolService (GrpcServerProtocolService.java:onCompleted(143)) - 7d2395d2-eabc-4616-a887-e94e2c3276b4: Completed APPEND_ENTRIES, lastRequest: null
2022-12-02 11:14:40,063 [grpc-default-executor-3] INFO  server.GrpcServerProtocolService (GrpcServerProtocolService.java:onCompleted(143)) - c26475c3-4ee1-492c-b3e0-9196e8cc0198: Completed APPEND_ENTRIES, lastRequest: 4a0ae1c5-f8a8-4716-8c13-266b2f364a7b->c26475c3-4ee1-492c-b3e0-9196e8cc0198#1-t1,previous=(t:0, i:0),leaderCommit=0,initializing? true,entries: size=1, first=(t:1, i:0), CONFIGURATIONENTRY(current:id: "c26475c3-4ee1-492c-b3e0-9196e8cc0198"
address: "10.1.0.7:38613"
clientAddress: "10.1.0.7:38613"
adminAddress: "10.1.0.7:38613"
startupRole: FOLLOWER
,id: "7d2395d2-eabc-4616-a887-e94e2c3276b4"
address: "10.1.0.7:39491"
clientAddress: "10.1.0.7:39491"
adminAddress: "10.1.0.7:39491"
startupRole: FOLLOWER
,id: "4a0ae1c5-f8a8-4716-8c13-266b2f364a7b"
address: "10.1.0.7:36099"
priority: 1
clientAddress: "10.1.0.7:36099"
adminAddress: "10.1.0.7:36099"
startupRole: FOLLOWER
, old:)
2022-12-02 11:14:40,063 [grpc-default-executor-2] INFO  server.GrpcLogAppender (GrpcLogAppender.java:onCompleted(415)) - 4a0ae1c5-f8a8-4716-8c13-266b2f364a7b@group-5537A04FEEA9->7d2395d2-eabc-4616-a887-e94e2c3276b4-AppendLogResponseHandler: follower responses appendEntries COMPLETED
2022-12-02 11:14:40,063 [grpc-default-executor-2] INFO  leader.FollowerInfo (FollowerInfoImpl.java:lambda$new$0(48)) - 4a0ae1c5-f8a8-4716-8c13-266b2f364a7b@group-5537A04FEEA9->7d2395d2-eabc-4616-a887-e94e2c3276b4: nextIndex: updateUnconditionally 1 -> 0
2022-12-02 11:14:40,063 [4a0ae1c5-f8a8-4716-8c13-266b2f364a7b@group-5537A04FEEA9-StateMachineUpdater] INFO  ratis.ContainerStateMachine (ContainerStateMachine.java:takeSnapshot(315)) - group-5537A04FEEA9: Finished taking a snapshot at:(t:1, i:0) file:/home/runner/work/ozone/ozone/hadoop-ozone/integration-test/target/test-dir/MiniOzoneClusterImpl-f8f2b39f-22db-49ae-ab20-f7a2434191fa/datanode-5/data/ratis/d6fac89e-c5b0-4836-a031-5537a04feea9/sm/snapshot.1_0 took: 5 ms
2022-12-02 11:14:40,063 [4a0ae1c5-f8a8-4716-8c13-266b2f364a7b@group-5537A04FEEA9-StateMachineUpdater] INFO  impl.StateMachineUpdater (StateMachineUpdater.java:takeSnapshot(287)) - 4a0ae1c5-f8a8-4716-8c13-266b2f364a7b@group-5537A04FEEA9-StateMachineUpdater: Took a snapshot at index 0
2022-12-02 11:14:40,064 [4a0ae1c5-f8a8-4716-8c13-266b2f364a7b@group-5537A04FEEA9-StateMachineUpdater] INFO  impl.StateMachineUpdater (StateMachineUpdater.java:lambda$new$0(92)) - 4a0ae1c5-f8a8-4716-8c13-266b2f364a7b@group-5537A04FEEA9-StateMachineUpdater: snapshotIndex: updateIncreasingly -1 -> 0
2022-12-02 11:14:40,064 [Command processor thread] INFO  server.RaftServer$Division (ServerState.java:close(466)) - 4a0ae1c5-f8a8-4716-8c13-266b2f364a7b@group-5537A04FEEA9: closes. applyIndex: 0
2022-12-02 11:14:40,064 [4a0ae1c5-f8a8-4716-8c13-266b2f364a7b@group-5537A04FEEA9-SegmentedRaftLogWorker] INFO  segmented.SegmentedRaftLogWorker (SegmentedRaftLogWorker.java:run(347)) - 4a0ae1c5-f8a8-4716-8c13-266b2f364a7b@group-5537A04FEEA9-SegmentedRaftLogWorker was interrupted, exiting. There are 0 tasks remaining in the queue.
2022-12-02 11:14:40,067 [grpc-default-executor-3] INFO  server.GrpcLogAppender (GrpcLogAppender.java:onCompleted(415)) - 4a0ae1c5-f8a8-4716-8c13-266b2f364a7b@group-5537A04FEEA9->7d2395d2-eabc-4616-a887-e94e2c3276b4-AppendLogResponseHandler: follower responses appendEntries COMPLETED
2022-12-02 11:14:40,069 [grpc-default-executor-3] INFO  leader.FollowerInfo (FollowerInfoImpl.java:lambda$new$0(48)) - 4a0ae1c5-f8a8-4716-8c13-266b2f364a7b@group-5537A04FEEA9->7d2395d2-eabc-4616-a887-e94e2c3276b4: nextIndex: updateUnconditionally 0 -> 0
2022-12-02 11:14:40,068 [grpc-default-executor-2] INFO  server.GrpcServerProtocolService (GrpcServerProtocolService.java:onCompleted(143)) - c26475c3-4ee1-492c-b3e0-9196e8cc0198: Completed APPEND_ENTRIES, lastRequest: null
2022-12-02 11:14:40,069 [grpc-default-executor-2] INFO  server.GrpcLogAppender (GrpcLogAppender.java:onCompleted(415)) - 4a0ae1c5-f8a8-4716-8c13-266b2f364a7b@group-5537A04FEEA9->c26475c3-4ee1-492c-b3e0-9196e8cc0198-AppendLogResponseHandler: follower responses appendEntries COMPLETED
2022-12-02 11:14:40,069 [grpc-default-executor-2] INFO  leader.FollowerInfo (FollowerInfoImpl.java:lambda$new$0(48)) - 4a0ae1c5-f8a8-4716-8c13-266b2f364a7b@group-5537A04FEEA9->c26475c3-4ee1-492c-b3e0-9196e8cc0198: nextIndex: updateUnconditionally 1 -> 0
2022-12-02 11:14:40,070 [grpc-default-executor-2] INFO  server.GrpcLogAppender (GrpcLogAppender.java:onCompleted(415)) - 4a0ae1c5-f8a8-4716-8c13-266b2f364a7b@group-5537A04FEEA9->c26475c3-4ee1-492c-b3e0-9196e8cc0198-AppendLogResponseHandler: follower responses appendEntries COMPLETED
2022-12-02 11:14:40,070 [grpc-default-executor-2] INFO  leader.FollowerInfo (FollowerInfoImpl.java:lambda$new$0(48)) - 4a0ae1c5-f8a8-4716-8c13-266b2f364a7b@group-5537A04FEEA9->c26475c3-4ee1-492c-b3e0-9196e8cc0198: nextIndex: updateUnconditionally 0 -> 0
2022-12-02 11:14:40,068 [Command processor thread] INFO  segmented.SegmentedRaftLogWorker (SegmentedRaftLogWorker.java:close(257)) - 4a0ae1c5-f8a8-4716-8c13-266b2f364a7b@group-5537A04FEEA9-SegmentedRaftLogWorker close()
2022-12-02 11:14:40,073 [Command processor thread] INFO  server.RaftServer$Division (RaftServerImpl.java:groupRemove(428)) - 4a0ae1c5-f8a8-4716-8c13-266b2f364a7b@group-5537A04FEEA9: Succeed to remove RaftStorageDirectory Storage Directory /home/runner/work/ozone/ozone/hadoop-ozone/integration-test/target/test-dir/MiniOzoneClusterImpl-f8f2b39f-22db-49ae-ab20-f7a2434191fa/datanode-5/data/ratis/d6fac89e-c5b0-4836-a031-5537a04feea9
2022-12-02 11:14:40,074 [Command processor thread] INFO  commandhandler.ClosePipelineCommandHandler (ClosePipelineCommandHandler.java:handle(78)) - Close Pipeline PipelineID=d6fac89e-c5b0-4836-a031-5537a04feea9 command on datanode 4a0ae1c5-f8a8-4716-8c13-266b2f364a7b.
2022-12-02 11:14:40,477 [EventQueue-CommandQueueReportForCommandQueueReportHandler] WARN  events.EventQueue (EventQueue.java:fireEvent(216)) - No event handler registered for event TypedEvent{payloadType=DatanodeDetails, name='Datanode_Command_Queue_Updated'}
2022-12-02 11:14:40,558 [EventQueue-CommandQueueReportForCommandQueueReportHandler] WARN  events.EventQueue (EventQueue.java:fireEvent(216)) - No event handler registered for event TypedEvent{payloadType=DatanodeDetails, name='Datanode_Command_Queue_Updated'}
2022-12-02 11:14:40,651 [aecdc221-737e-4b39-8f20-7a048fa0296a@group-AA62C5EF4467-FollowerState] INFO  impl.FollowerState (FollowerState.java:run(143)) - aecdc221-737e-4b39-8f20-7a048fa0296a@group-AA62C5EF4467-FollowerState: change to CANDIDATE, lastRpcElapsedTime:5006816446ns, electionTimeout:5002ms
2022-12-02 11:14:40,651 [aecdc221-737e-4b39-8f20-7a048fa0296a@group-AA62C5EF4467-FollowerState] INFO  impl.RoleInfo (RoleInfo.java:shutdownFollowerState(110)) - aecdc221-737e-4b39-8f20-7a048fa0296a: shutdown aecdc221-737e-4b39-8f20-7a048fa0296a@group-AA62C5EF4467-FollowerState
2022-12-02 11:14:40,651 [aecdc221-737e-4b39-8f20-7a048fa0296a@group-AA62C5EF4467-FollowerState] INFO  server.RaftServer$Division (RaftServerImpl.java:setRole(321)) - aecdc221-737e-4b39-8f20-7a048fa0296a@group-AA62C5EF4467: changes role from  FOLLOWER to CANDIDATE at term 1 for changeToCandidate
2022-12-02 11:14:40,651 [aecdc221-737e-4b39-8f20-7a048fa0296a@group-AA62C5EF4467-FollowerState] INFO  server.RaftServerConfigKeys (ConfUtils.java:logGet(46)) - raft.server.leaderelection.pre-vote = false (custom)
2022-12-02 11:14:40,651 [aecdc221-737e-4b39-8f20-7a048fa0296a@group-AA62C5EF4467-FollowerState] INFO  impl.RoleInfo (RoleInfo.java:updateAndGet(139)) - aecdc221-737e-4b39-8f20-7a048fa0296a: start aecdc221-737e-4b39-8f20-7a048fa0296a@group-AA62C5EF4467-LeaderElection38
2022-12-02 11:14:40,655 [aecdc221-737e-4b39-8f20-7a048fa0296a@group-AA62C5EF4467-LeaderElection38] INFO  impl.LeaderElection (LeaderElection.java:askForVotes(312)) - aecdc221-737e-4b39-8f20-7a048fa0296a@group-AA62C5EF4467-LeaderElection38 ELECTION round 0: submit vote requests at term 2 for -1: peers:[90a4d295-1ed6-49a8-a392-d1efb526c081|rpc:10.1.0.7:38181|dataStream:|priority:1|startupRole:FOLLOWER, aecdc221-737e-4b39-8f20-7a048fa0296a|rpc:10.1.0.7:34239|dataStream:|priority:0|startupRole:FOLLOWER, 1fd27439-e6b5-4682-b1aa-75bd99d23433|rpc:10.1.0.7:38521|dataStream:|priority:0|startupRole:FOLLOWER]|listeners:[], old=null
2022-12-02 11:14:40,656 [aecdc221-737e-4b39-8f20-7a048fa0296a@group-AA62C5EF4467-LeaderElection38] INFO  server.RaftServerConfigKeys (ConfUtils.java:logFallback(53)) - raft.server.rpc.first-election.timeout.min = 5s (fallback to raft.server.rpc.timeout.min)
2022-12-02 11:14:40,656 [aecdc221-737e-4b39-8f20-7a048fa0296a@group-AA62C5EF4467-LeaderElection38] INFO  server.RaftServerConfigKeys (ConfUtils.java:logFallback(53)) - raft.server.rpc.first-election.timeout.max = 5200ms (fallback to raft.server.rpc.timeout.max)
2022-12-02 11:14:40,658 [grpc-default-executor-0] INFO  server.RaftServer$Division (RaftServerImpl.java:requestVote(1218)) - 90a4d295-1ed6-49a8-a392-d1efb526c081@group-AA62C5EF4467: receive requestVote(ELECTION, aecdc221-737e-4b39-8f20-7a048fa0296a, group-AA62C5EF4467, 2, (t:0, i:0))
2022-12-02 11:14:40,658 [grpc-default-executor-0] INFO  impl.VoteContext (VoteContext.java:log(49)) - 90a4d295-1ed6-49a8-a392-d1efb526c081@group-AA62C5EF4467-FOLLOWER: reject ELECTION from aecdc221-737e-4b39-8f20-7a048fa0296a: our priority 1 > candidate's priority 0
2022-12-02 11:14:40,658 [grpc-default-executor-0] INFO  server.RaftServer$Division (RaftServerImpl.java:setRole(321)) - 90a4d295-1ed6-49a8-a392-d1efb526c081@group-AA62C5EF4467: changes role from  FOLLOWER to FOLLOWER at term 2 for candidate:aecdc221-737e-4b39-8f20-7a048fa0296a
2022-12-02 11:14:40,658 [grpc-default-executor-0] INFO  impl.RoleInfo (RoleInfo.java:shutdownFollowerState(110)) - 90a4d295-1ed6-49a8-a392-d1efb526c081: shutdown 90a4d295-1ed6-49a8-a392-d1efb526c081@group-AA62C5EF4467-FollowerState
2022-12-02 11:14:40,658 [grpc-default-executor-0] INFO  impl.RoleInfo (RoleInfo.java:updateAndGet(139)) - 90a4d295-1ed6-49a8-a392-d1efb526c081: start 90a4d295-1ed6-49a8-a392-d1efb526c081@group-AA62C5EF4467-FollowerState
2022-12-02 11:14:40,658 [90a4d295-1ed6-49a8-a392-d1efb526c081@group-AA62C5EF4467-FollowerState] INFO  impl.FollowerState (FollowerState.java:run(152)) - 90a4d295-1ed6-49a8-a392-d1efb526c081@group-AA62C5EF4467-FollowerState was interrupted
2022-12-02 11:14:40,659 [grpc-default-executor-2] INFO  server.RaftServer$Division (RaftServerImpl.java:requestVote(1218)) - 1fd27439-e6b5-4682-b1aa-75bd99d23433@group-AA62C5EF4467: receive requestVote(ELECTION, aecdc221-737e-4b39-8f20-7a048fa0296a, group-AA62C5EF4467, 2, (t:0, i:0))
2022-12-02 11:14:40,659 [90a4d295-1ed6-49a8-a392-d1efb526c081@group-AA62C5EF4467-FollowerState] INFO  server.RaftServerConfigKeys (ConfUtils.java:logFallback(53)) - raft.server.rpc.first-election.timeout.min = 5s (fallback to raft.server.rpc.timeout.min)
2022-12-02 11:14:40,659 [grpc-default-executor-2] INFO  impl.VoteContext (VoteContext.java:log(49)) - 1fd27439-e6b5-4682-b1aa-75bd99d23433@group-AA62C5EF4467-FOLLOWER: accept ELECTION from aecdc221-737e-4b39-8f20-7a048fa0296a: our priority 0 <= candidate's priority 0
2022-12-02 11:14:40,659 [90a4d295-1ed6-49a8-a392-d1efb526c081@group-AA62C5EF4467-FollowerState] INFO  server.RaftServerConfigKeys (ConfUtils.java:logFallback(53)) - raft.server.rpc.first-election.timeout.max = 5200ms (fallback to raft.server.rpc.timeout.max)
2022-12-02 11:14:40,659 [grpc-default-executor-2] INFO  server.RaftServer$Division (RaftServerImpl.java:setRole(321)) - 1fd27439-e6b5-4682-b1aa-75bd99d23433@group-AA62C5EF4467: changes role from  FOLLOWER to FOLLOWER at term 2 for candidate:aecdc221-737e-4b39-8f20-7a048fa0296a
2022-12-02 11:14:40,659 [grpc-default-executor-2] INFO  impl.RoleInfo (RoleInfo.java:shutdownFollowerState(110)) - 1fd27439-e6b5-4682-b1aa-75bd99d23433: shutdown 1fd27439-e6b5-4682-b1aa-75bd99d23433@group-AA62C5EF4467-FollowerState
2022-12-02 11:14:40,660 [grpc-default-executor-2] INFO  impl.RoleInfo (RoleInfo.java:updateAndGet(139)) - 1fd27439-e6b5-4682-b1aa-75bd99d23433: start 1fd27439-e6b5-4682-b1aa-75bd99d23433@group-AA62C5EF4467-FollowerState
2022-12-02 11:14:40,660 [grpc-default-executor-0] INFO  server.RaftServer$Division (RaftServerImpl.java:requestVote(1251)) - 90a4d295-1ed6-49a8-a392-d1efb526c081@group-AA62C5EF4467 replies to ELECTION vote request: aecdc221-737e-4b39-8f20-7a048fa0296a<-90a4d295-1ed6-49a8-a392-d1efb526c081#0:FAIL-t2. Peer's state: 90a4d295-1ed6-49a8-a392-d1efb526c081@group-AA62C5EF4467:t2, leader=null, voted=null, raftlog=Memoized:90a4d295-1ed6-49a8-a392-d1efb526c081@group-AA62C5EF4467-SegmentedRaftLog:OPENED:c-1, conf=-1: peers:[90a4d295-1ed6-49a8-a392-d1efb526c081|rpc:10.1.0.7:38181|priority:1|startupRole:FOLLOWER, aecdc221-737e-4b39-8f20-7a048fa0296a|rpc:10.1.0.7:34239|priority:0|startupRole:FOLLOWER, 1fd27439-e6b5-4682-b1aa-75bd99d23433|rpc:10.1.0.7:38521|priority:0|startupRole:FOLLOWER]|listeners:[], old=null
2022-12-02 11:14:40,660 [1fd27439-e6b5-4682-b1aa-75bd99d23433@group-AA62C5EF4467-FollowerState] INFO  impl.FollowerState (FollowerState.java:run(152)) - 1fd27439-e6b5-4682-b1aa-75bd99d23433@group-AA62C5EF4467-FollowerState was interrupted
2022-12-02 11:14:40,661 [aecdc221-737e-4b39-8f20-7a048fa0296a@group-AA62C5EF4467-LeaderElection38] INFO  impl.LeaderElection (LeaderElection.java:logAndReturn(90)) - aecdc221-737e-4b39-8f20-7a048fa0296a@group-AA62C5EF4467-LeaderElection38: ELECTION REJECTED received 1 response(s) and 0 exception(s):
2022-12-02 11:14:40,661 [aecdc221-737e-4b39-8f20-7a048fa0296a@group-AA62C5EF4467-LeaderElection38] INFO  impl.LeaderElection (LeaderElection.java:logAndReturn(94)) -   Response 0: aecdc221-737e-4b39-8f20-7a048fa0296a<-90a4d295-1ed6-49a8-a392-d1efb526c081#0:FAIL-t2
2022-12-02 11:14:40,661 [aecdc221-737e-4b39-8f20-7a048fa0296a@group-AA62C5EF4467-LeaderElection38] INFO  impl.LeaderElection (LeaderElection.java:askForVotes(314)) - aecdc221-737e-4b39-8f20-7a048fa0296a@group-AA62C5EF4467-LeaderElection38 ELECTION round 0: result REJECTED
2022-12-02 11:14:40,661 [1fd27439-e6b5-4682-b1aa-75bd99d23433@group-AA62C5EF4467-FollowerState] INFO  server.RaftServerConfigKeys (ConfUtils.java:logFallback(53)) - raft.server.rpc.first-election.timeout.min = 5s (fallback to raft.server.rpc.timeout.min)
2022-12-02 11:14:40,661 [1fd27439-e6b5-4682-b1aa-75bd99d23433@group-AA62C5EF4467-FollowerState] INFO  server.RaftServerConfigKeys (ConfUtils.java:logFallback(53)) - raft.server.rpc.first-election.timeout.max = 5200ms (fallback to raft.server.rpc.timeout.max)
2022-12-02 11:14:40,661 [aecdc221-737e-4b39-8f20-7a048fa0296a@group-AA62C5EF4467-LeaderElection38] INFO  server.RaftServer$Division (RaftServerImpl.java:setRole(321)) - aecdc221-737e-4b39-8f20-7a048fa0296a@group-AA62C5EF4467: changes role from CANDIDATE to FOLLOWER at term 2 for REJECTED
2022-12-02 11:14:40,661 [aecdc221-737e-4b39-8f20-7a048fa0296a@group-AA62C5EF4467-LeaderElection38] INFO  impl.RoleInfo (RoleInfo.java:shutdownLeaderElection(130)) - aecdc221-737e-4b39-8f20-7a048fa0296a: shutdown aecdc221-737e-4b39-8f20-7a048fa0296a@group-AA62C5EF4467-LeaderElection38
2022-12-02 11:14:40,661 [aecdc221-737e-4b39-8f20-7a048fa0296a@group-AA62C5EF4467-LeaderElection38] INFO  impl.RoleInfo (RoleInfo.java:updateAndGet(139)) - aecdc221-737e-4b39-8f20-7a048fa0296a: start aecdc221-737e-4b39-8f20-7a048fa0296a@group-AA62C5EF4467-FollowerState
2022-12-02 11:14:40,662 [grpc-default-executor-2] INFO  server.RaftServer$Division (RaftServerImpl.java:requestVote(1251)) - 1fd27439-e6b5-4682-b1aa-75bd99d23433@group-AA62C5EF4467 replies to ELECTION vote request: aecdc221-737e-4b39-8f20-7a048fa0296a<-1fd27439-e6b5-4682-b1aa-75bd99d23433#0:OK-t2. Peer's state: 1fd27439-e6b5-4682-b1aa-75bd99d23433@group-AA62C5EF4467:t2, leader=null, voted=aecdc221-737e-4b39-8f20-7a048fa0296a, raftlog=Memoized:1fd27439-e6b5-4682-b1aa-75bd99d23433@group-AA62C5EF4467-SegmentedRaftLog:OPENED:c-1, conf=-1: peers:[90a4d295-1ed6-49a8-a392-d1efb526c081|rpc:10.1.0.7:38181|dataStream:|priority:1|startupRole:FOLLOWER, aecdc221-737e-4b39-8f20-7a048fa0296a|rpc:10.1.0.7:34239|dataStream:|priority:0|startupRole:FOLLOWER, 1fd27439-e6b5-4682-b1aa-75bd99d23433|rpc:10.1.0.7:38521|dataStream:|priority:0|startupRole:FOLLOWER]|listeners:[], old=null
2022-12-02 11:14:40,664 [aecdc221-737e-4b39-8f20-7a048fa0296a@group-AA62C5EF4467-FollowerState] INFO  server.RaftServerConfigKeys (ConfUtils.java:logFallback(53)) - raft.server.rpc.first-election.timeout.min = 5s (fallback to raft.server.rpc.timeout.min)
2022-12-02 11:14:40,664 [aecdc221-737e-4b39-8f20-7a048fa0296a@group-AA62C5EF4467-FollowerState] INFO  server.RaftServerConfigKeys (ConfUtils.java:logFallback(53)) - raft.server.rpc.first-election.timeout.max = 5200ms (fallback to raft.server.rpc.timeout.max)
2022-12-02 11:14:41,056 [EventQueue-CommandQueueReportForCommandQueueReportHandler] WARN  events.EventQueue (EventQueue.java:fireEvent(216)) - No event handler registered for event TypedEvent{payloadType=DatanodeDetails, name='Datanode_Command_Queue_Updated'}
2022-12-02 11:14:41,477 [EventQueue-CommandQueueReportForCommandQueueReportHandler] WARN  events.EventQueue (EventQueue.java:fireEvent(216)) - No event handler registered for event TypedEvent{payloadType=DatanodeDetails, name='Datanode_Command_Queue_Updated'}
2022-12-02 11:14:41,860 [4a0ae1c5-f8a8-4716-8c13-266b2f364a7b@group-C702BF765ED7-FollowerState] INFO  impl.FollowerState (FollowerState.java:run(143)) - 4a0ae1c5-f8a8-4716-8c13-266b2f364a7b@group-C702BF765ED7-FollowerState: change to CANDIDATE, lastRpcElapsedTime:5072315686ns, electionTimeout:5070ms
2022-12-02 11:14:41,860 [4a0ae1c5-f8a8-4716-8c13-266b2f364a7b@group-C702BF765ED7-FollowerState] INFO  impl.RoleInfo (RoleInfo.java:shutdownFollowerState(110)) - 4a0ae1c5-f8a8-4716-8c13-266b2f364a7b: shutdown 4a0ae1c5-f8a8-4716-8c13-266b2f364a7b@group-C702BF765ED7-FollowerState
2022-12-02 11:14:41,860 [4a0ae1c5-f8a8-4716-8c13-266b2f364a7b@group-C702BF765ED7-FollowerState] INFO  server.RaftServer$Division (RaftServerImpl.java:setRole(321)) - 4a0ae1c5-f8a8-4716-8c13-266b2f364a7b@group-C702BF765ED7: changes role from  FOLLOWER to CANDIDATE at term 1 for changeToCandidate
2022-12-02 11:14:41,860 [4a0ae1c5-f8a8-4716-8c13-266b2f364a7b@group-C702BF765ED7-FollowerState] INFO  server.RaftServerConfigKeys (ConfUtils.java:logGet(46)) - raft.server.leaderelection.pre-vote = false (custom)
2022-12-02 11:14:41,860 [4a0ae1c5-f8a8-4716-8c13-266b2f364a7b@group-C702BF765ED7-FollowerState] INFO  impl.RoleInfo (RoleInfo.java:updateAndGet(139)) - 4a0ae1c5-f8a8-4716-8c13-266b2f364a7b: start 4a0ae1c5-f8a8-4716-8c13-266b2f364a7b@group-C702BF765ED7-LeaderElection39
2022-12-02 11:14:41,863 [4a0ae1c5-f8a8-4716-8c13-266b2f364a7b@group-C702BF765ED7-LeaderElection39] INFO  impl.LeaderElection (LeaderElection.java:askForVotes(312)) - 4a0ae1c5-f8a8-4716-8c13-266b2f364a7b@group-C702BF765ED7-LeaderElection39 ELECTION round 0: submit vote requests at term 2 for -1: peers:[c26475c3-4ee1-492c-b3e0-9196e8cc0198|rpc:10.1.0.7:38613|dataStream:|priority:0|startupRole:FOLLOWER, 7d2395d2-eabc-4616-a887-e94e2c3276b4|rpc:10.1.0.7:39491|dataStream:|priority:1|startupRole:FOLLOWER, 4a0ae1c5-f8a8-4716-8c13-266b2f364a7b|rpc:10.1.0.7:36099|dataStream:|priority:0|startupRole:FOLLOWER]|listeners:[], old=null
2022-12-02 11:14:41,863 [4a0ae1c5-f8a8-4716-8c13-266b2f364a7b@group-C702BF765ED7-LeaderElection39] INFO  server.RaftServerConfigKeys (ConfUtils.java:logFallback(53)) - raft.server.rpc.first-election.timeout.min = 5s (fallback to raft.server.rpc.timeout.min)
2022-12-02 11:14:41,864 [4a0ae1c5-f8a8-4716-8c13-266b2f364a7b@group-C702BF765ED7-LeaderElection39] INFO  server.RaftServerConfigKeys (ConfUtils.java:logFallback(53)) - raft.server.rpc.first-election.timeout.max = 5200ms (fallback to raft.server.rpc.timeout.max)
2022-12-02 11:14:41,867 [grpc-default-executor-2] INFO  server.RaftServer$Division (RaftServerImpl.java:requestVote(1218)) - c26475c3-4ee1-492c-b3e0-9196e8cc0198@group-C702BF765ED7: receive requestVote(ELECTION, 4a0ae1c5-f8a8-4716-8c13-266b2f364a7b, group-C702BF765ED7, 2, (t:0, i:0))
2022-12-02 11:14:41,867 [grpc-default-executor-2] INFO  impl.VoteContext (VoteContext.java:log(49)) - c26475c3-4ee1-492c-b3e0-9196e8cc0198@group-C702BF765ED7-FOLLOWER: accept ELECTION from 4a0ae1c5-f8a8-4716-8c13-266b2f364a7b: our priority 0 <= candidate's priority 0
2022-12-02 11:14:41,867 [grpc-default-executor-2] INFO  server.RaftServer$Division (RaftServerImpl.java:setRole(321)) - c26475c3-4ee1-492c-b3e0-9196e8cc0198@group-C702BF765ED7: changes role from  FOLLOWER to FOLLOWER at term 2 for candidate:4a0ae1c5-f8a8-4716-8c13-266b2f364a7b
2022-12-02 11:14:41,867 [grpc-default-executor-2] INFO  impl.RoleInfo (RoleInfo.java:shutdownFollowerState(110)) - c26475c3-4ee1-492c-b3e0-9196e8cc0198: shutdown c26475c3-4ee1-492c-b3e0-9196e8cc0198@group-C702BF765ED7-FollowerState
2022-12-02 11:14:41,867 [grpc-default-executor-2] INFO  impl.RoleInfo (RoleInfo.java:updateAndGet(139)) - c26475c3-4ee1-492c-b3e0-9196e8cc0198: start c26475c3-4ee1-492c-b3e0-9196e8cc0198@group-C702BF765ED7-FollowerState
2022-12-02 11:14:41,867 [c26475c3-4ee1-492c-b3e0-9196e8cc0198@group-C702BF765ED7-FollowerState] INFO  impl.FollowerState (FollowerState.java:run(152)) - c26475c3-4ee1-492c-b3e0-9196e8cc0198@group-C702BF765ED7-FollowerState was interrupted
2022-12-02 11:14:41,867 [grpc-default-executor-0] INFO  server.RaftServer$Division (RaftServerImpl.java:requestVote(1218)) - 7d2395d2-eabc-4616-a887-e94e2c3276b4@group-C702BF765ED7: receive requestVote(ELECTION, 4a0ae1c5-f8a8-4716-8c13-266b2f364a7b, group-C702BF765ED7, 2, (t:0, i:0))
2022-12-02 11:14:41,874 [grpc-default-executor-0] INFO  impl.VoteContext (VoteContext.java:log(49)) - 7d2395d2-eabc-4616-a887-e94e2c3276b4@group-C702BF765ED7-FOLLOWER: reject ELECTION from 4a0ae1c5-f8a8-4716-8c13-266b2f364a7b: our priority 1 > candidate's priority 0
2022-12-02 11:14:41,874 [grpc-default-executor-0] INFO  server.RaftServer$Division (RaftServerImpl.java:setRole(321)) - 7d2395d2-eabc-4616-a887-e94e2c3276b4@group-C702BF765ED7: changes role from  FOLLOWER to FOLLOWER at term 2 for candidate:4a0ae1c5-f8a8-4716-8c13-266b2f364a7b
2022-12-02 11:14:41,874 [grpc-default-executor-0] INFO  impl.RoleInfo (RoleInfo.java:shutdownFollowerState(110)) - 7d2395d2-eabc-4616-a887-e94e2c3276b4: shutdown 7d2395d2-eabc-4616-a887-e94e2c3276b4@group-C702BF765ED7-FollowerState
2022-12-02 11:14:41,874 [grpc-default-executor-0] INFO  impl.RoleInfo (RoleInfo.java:updateAndGet(139)) - 7d2395d2-eabc-4616-a887-e94e2c3276b4: start 7d2395d2-eabc-4616-a887-e94e2c3276b4@group-C702BF765ED7-FollowerState
2022-12-02 11:14:41,874 [7d2395d2-eabc-4616-a887-e94e2c3276b4@group-C702BF765ED7-FollowerState] INFO  impl.FollowerState (FollowerState.java:run(152)) - 7d2395d2-eabc-4616-a887-e94e2c3276b4@group-C702BF765ED7-FollowerState was interrupted
2022-12-02 11:14:41,874 [c26475c3-4ee1-492c-b3e0-9196e8cc0198@group-C702BF765ED7-FollowerState] INFO  server.RaftServerConfigKeys (ConfUtils.java:logFallback(53)) - raft.server.rpc.first-election.timeout.min = 5s (fallback to raft.server.rpc.timeout.min)
2022-12-02 11:14:41,874 [c26475c3-4ee1-492c-b3e0-9196e8cc0198@group-C702BF765ED7-FollowerState] INFO  server.RaftServerConfigKeys (ConfUtils.java:logFallback(53)) - raft.server.rpc.first-election.timeout.max = 5200ms (fallback to raft.server.rpc.timeout.max)
2022-12-02 11:14:41,875 [grpc-default-executor-2] INFO  server.RaftServer$Division (RaftServerImpl.java:requestVote(1251)) - c26475c3-4ee1-492c-b3e0-9196e8cc0198@group-C702BF765ED7 replies to ELECTION vote request: 4a0ae1c5-f8a8-4716-8c13-266b2f364a7b<-c26475c3-4ee1-492c-b3e0-9196e8cc0198#0:OK-t2. Peer's state: c26475c3-4ee1-492c-b3e0-9196e8cc0198@group-C702BF765ED7:t2, leader=null, voted=4a0ae1c5-f8a8-4716-8c13-266b2f364a7b, raftlog=Memoized:c26475c3-4ee1-492c-b3e0-9196e8cc0198@group-C702BF765ED7-SegmentedRaftLog:OPENED:c-1, conf=-1: peers:[c26475c3-4ee1-492c-b3e0-9196e8cc0198|rpc:10.1.0.7:38613|priority:0|startupRole:FOLLOWER, 7d2395d2-eabc-4616-a887-e94e2c3276b4|rpc:10.1.0.7:39491|priority:1|startupRole:FOLLOWER, 4a0ae1c5-f8a8-4716-8c13-266b2f364a7b|rpc:10.1.0.7:36099|priority:0|startupRole:FOLLOWER]|listeners:[], old=null
2022-12-02 11:14:41,876 [7d2395d2-eabc-4616-a887-e94e2c3276b4@group-C702BF765ED7-FollowerState] INFO  server.RaftServerConfigKeys (ConfUtils.java:logFallback(53)) - raft.server.rpc.first-election.timeout.min = 5s (fallback to raft.server.rpc.timeout.min)
2022-12-02 11:14:41,876 [7d2395d2-eabc-4616-a887-e94e2c3276b4@group-C702BF765ED7-FollowerState] INFO  server.RaftServerConfigKeys (ConfUtils.java:logFallback(53)) - raft.server.rpc.first-election.timeout.max = 5200ms (fallback to raft.server.rpc.timeout.max)
2022-12-02 11:14:41,878 [grpc-default-executor-0] INFO  server.RaftServer$Division (RaftServerImpl.java:requestVote(1251)) - 7d2395d2-eabc-4616-a887-e94e2c3276b4@group-C702BF765ED7 replies to ELECTION vote request: 4a0ae1c5-f8a8-4716-8c13-266b2f364a7b<-7d2395d2-eabc-4616-a887-e94e2c3276b4#0:FAIL-t2. Peer's state: 7d2395d2-eabc-4616-a887-e94e2c3276b4@group-C702BF765ED7:t2, leader=null, voted=null, raftlog=Memoized:7d2395d2-eabc-4616-a887-e94e2c3276b4@group-C702BF765ED7-SegmentedRaftLog:OPENED:c-1, conf=-1: peers:[c26475c3-4ee1-492c-b3e0-9196e8cc0198|rpc:10.1.0.7:38613|dataStream:|priority:0|startupRole:FOLLOWER, 7d2395d2-eabc-4616-a887-e94e2c3276b4|rpc:10.1.0.7:39491|dataStream:|priority:1|startupRole:FOLLOWER, 4a0ae1c5-f8a8-4716-8c13-266b2f364a7b|rpc:10.1.0.7:36099|dataStream:|priority:0|startupRole:FOLLOWER]|listeners:[], old=null
2022-12-02 11:14:41,879 [4a0ae1c5-f8a8-4716-8c13-266b2f364a7b@group-C702BF765ED7-LeaderElection39] INFO  impl.LeaderElection (LeaderElection.java:logAndReturn(90)) - 4a0ae1c5-f8a8-4716-8c13-266b2f364a7b@group-C702BF765ED7-LeaderElection39: ELECTION REJECTED received 2 response(s) and 0 exception(s):
2022-12-02 11:14:41,879 [4a0ae1c5-f8a8-4716-8c13-266b2f364a7b@group-C702BF765ED7-LeaderElection39] INFO  impl.LeaderElection (LeaderElection.java:logAndReturn(94)) -   Response 0: 4a0ae1c5-f8a8-4716-8c13-266b2f364a7b<-c26475c3-4ee1-492c-b3e0-9196e8cc0198#0:OK-t2
2022-12-02 11:14:41,879 [4a0ae1c5-f8a8-4716-8c13-266b2f364a7b@group-C702BF765ED7-LeaderElection39] INFO  impl.LeaderElection (LeaderElection.java:logAndReturn(94)) -   Response 1: 4a0ae1c5-f8a8-4716-8c13-266b2f364a7b<-7d2395d2-eabc-4616-a887-e94e2c3276b4#0:FAIL-t2
2022-12-02 11:14:41,879 [4a0ae1c5-f8a8-4716-8c13-266b2f364a7b@group-C702BF765ED7-LeaderElection39] INFO  impl.LeaderElection (LeaderElection.java:askForVotes(314)) - 4a0ae1c5-f8a8-4716-8c13-266b2f364a7b@group-C702BF765ED7-LeaderElection39 ELECTION round 0: result REJECTED
2022-12-02 11:14:41,879 [4a0ae1c5-f8a8-4716-8c13-266b2f364a7b@group-C702BF765ED7-LeaderElection39] INFO  server.RaftServer$Division (RaftServerImpl.java:setRole(321)) - 4a0ae1c5-f8a8-4716-8c13-266b2f364a7b@group-C702BF765ED7: changes role from CANDIDATE to FOLLOWER at term 2 for REJECTED
2022-12-02 11:14:41,879 [4a0ae1c5-f8a8-4716-8c13-266b2f364a7b@group-C702BF765ED7-LeaderElection39] INFO  impl.RoleInfo (RoleInfo.java:shutdownLeaderElection(130)) - 4a0ae1c5-f8a8-4716-8c13-266b2f364a7b: shutdown 4a0ae1c5-f8a8-4716-8c13-266b2f364a7b@group-C702BF765ED7-LeaderElection39
2022-12-02 11:14:41,879 [4a0ae1c5-f8a8-4716-8c13-266b2f364a7b@group-C702BF765ED7-LeaderElection39] INFO  impl.RoleInfo (RoleInfo.java:updateAndGet(139)) - 4a0ae1c5-f8a8-4716-8c13-266b2f364a7b: start 4a0ae1c5-f8a8-4716-8c13-266b2f364a7b@group-C702BF765ED7-FollowerState
2022-12-02 11:14:41,881 [4a0ae1c5-f8a8-4716-8c13-266b2f364a7b@group-C702BF765ED7-FollowerState] INFO  server.RaftServerConfigKeys (ConfUtils.java:logFallback(53)) - raft.server.rpc.first-election.timeout.min = 5s (fallback to raft.server.rpc.timeout.min)
2022-12-02 11:14:41,881 [4a0ae1c5-f8a8-4716-8c13-266b2f364a7b@group-C702BF765ED7-FollowerState] INFO  server.RaftServerConfigKeys (ConfUtils.java:logFallback(53)) - raft.server.rpc.first-election.timeout.max = 5200ms (fallback to raft.server.rpc.timeout.max)
2022-12-02 11:14:41,898 [EventQueue-CommandQueueReportForCommandQueueReportHandler] WARN  events.EventQueue (EventQueue.java:fireEvent(216)) - No event handler registered for event TypedEvent{payloadType=DatanodeDetails, name='Datanode_Command_Queue_Updated'}
2022-12-02 11:14:41,988 [EventQueue-CommandQueueReportForCommandQueueReportHandler] WARN  events.EventQueue (EventQueue.java:fireEvent(216)) - No event handler registered for event TypedEvent{payloadType=DatanodeDetails, name='Datanode_Command_Queue_Updated'}
2022-12-02 11:14:42,477 [EventQueue-CommandQueueReportForCommandQueueReportHandler] WARN  events.EventQueue (EventQueue.java:fireEvent(216)) - No event handler registered for event TypedEvent{payloadType=DatanodeDetails, name='Datanode_Command_Queue_Updated'}
2022-12-02 11:14:42,558 [EventQueue-CommandQueueReportForCommandQueueReportHandler] WARN  events.EventQueue (EventQueue.java:fireEvent(216)) - No event handler registered for event TypedEvent{payloadType=DatanodeDetails, name='Datanode_Command_Queue_Updated'}
2022-12-02 11:14:43,057 [EventQueue-CommandQueueReportForCommandQueueReportHandler] WARN  events.EventQueue (EventQueue.java:fireEvent(216)) - No event handler registered for event TypedEvent{payloadType=DatanodeDetails, name='Datanode_Command_Queue_Updated'}
2022-12-02 11:14:43,477 [EventQueue-CommandQueueReportForCommandQueueReportHandler] WARN  events.EventQueue (EventQueue.java:fireEvent(216)) - No event handler registered for event TypedEvent{payloadType=DatanodeDetails, name='Datanode_Command_Queue_Updated'}
2022-12-02 11:14:43,898 [EventQueue-CommandQueueReportForCommandQueueReportHandler] WARN  events.EventQueue (EventQueue.java:fireEvent(216)) - No event handler registered for event TypedEvent{payloadType=DatanodeDetails, name='Datanode_Command_Queue_Updated'}
2022-12-02 11:14:43,988 [EventQueue-CommandQueueReportForCommandQueueReportHandler] WARN  events.EventQueue (EventQueue.java:fireEvent(216)) - No event handler registered for event TypedEvent{payloadType=DatanodeDetails, name='Datanode_Command_Queue_Updated'}
2022-12-02 11:14:44,482 [EventQueue-CommandQueueReportForCommandQueueReportHandler] WARN  events.EventQueue (EventQueue.java:fireEvent(216)) - No event handler registered for event TypedEvent{payloadType=DatanodeDetails, name='Datanode_Command_Queue_Updated'}
2022-12-02 11:14:44,559 [EventQueue-CommandQueueReportForCommandQueueReportHandler] WARN  events.EventQueue (EventQueue.java:fireEvent(216)) - No event handler registered for event TypedEvent{payloadType=DatanodeDetails, name='Datanode_Command_Queue_Updated'}
2022-12-02 11:14:45,056 [EventQueue-CommandQueueReportForCommandQueueReportHandler] WARN  events.EventQueue (EventQueue.java:fireEvent(216)) - No event handler registered for event TypedEvent{payloadType=DatanodeDetails, name='Datanode_Command_Queue_Updated'}
2022-12-02 11:14:45,478 [EventQueue-CommandQueueReportForCommandQueueReportHandler] WARN  events.EventQueue (EventQueue.java:fireEvent(216)) - No event handler registered for event TypedEvent{payloadType=DatanodeDetails, name='Datanode_Command_Queue_Updated'}
2022-12-02 11:14:45,674 [90a4d295-1ed6-49a8-a392-d1efb526c081@group-AA62C5EF4467-FollowerState] INFO  impl.FollowerState (FollowerState.java:run(143)) - 90a4d295-1ed6-49a8-a392-d1efb526c081@group-AA62C5EF4467-FollowerState: change to CANDIDATE, lastRpcElapsedTime:5015303217ns, electionTimeout:5014ms
2022-12-02 11:14:45,674 [90a4d295-1ed6-49a8-a392-d1efb526c081@group-AA62C5EF4467-FollowerState] INFO  impl.RoleInfo (RoleInfo.java:shutdownFollowerState(110)) - 90a4d295-1ed6-49a8-a392-d1efb526c081: shutdown 90a4d295-1ed6-49a8-a392-d1efb526c081@group-AA62C5EF4467-FollowerState
2022-12-02 11:14:45,674 [90a4d295-1ed6-49a8-a392-d1efb526c081@group-AA62C5EF4467-FollowerState] INFO  server.RaftServer$Division (RaftServerImpl.java:setRole(321)) - 90a4d295-1ed6-49a8-a392-d1efb526c081@group-AA62C5EF4467: changes role from  FOLLOWER to CANDIDATE at term 2 for changeToCandidate
2022-12-02 11:14:45,674 [90a4d295-1ed6-49a8-a392-d1efb526c081@group-AA62C5EF4467-FollowerState] INFO  server.RaftServerConfigKeys (ConfUtils.java:logGet(46)) - raft.server.leaderelection.pre-vote = false (custom)
2022-12-02 11:14:45,674 [90a4d295-1ed6-49a8-a392-d1efb526c081@group-AA62C5EF4467-FollowerState] INFO  impl.RoleInfo (RoleInfo.java:updateAndGet(139)) - 90a4d295-1ed6-49a8-a392-d1efb526c081: start 90a4d295-1ed6-49a8-a392-d1efb526c081@group-AA62C5EF4467-LeaderElection40
2022-12-02 11:14:45,676 [1fd27439-e6b5-4682-b1aa-75bd99d23433@group-AA62C5EF4467-FollowerState] INFO  server.RaftServerConfigKeys (ConfUtils.java:logFallback(53)) - raft.server.rpc.first-election.timeout.min = 5s (fallback to raft.server.rpc.timeout.min)
2022-12-02 11:14:45,677 [1fd27439-e6b5-4682-b1aa-75bd99d23433@group-AA62C5EF4467-FollowerState] INFO  server.RaftServerConfigKeys (ConfUtils.java:logFallback(53)) - raft.server.rpc.first-election.timeout.max = 5200ms (fallback to raft.server.rpc.timeout.max)
2022-12-02 11:14:45,678 [90a4d295-1ed6-49a8-a392-d1efb526c081@group-AA62C5EF4467-LeaderElection40] INFO  impl.LeaderElection (LeaderElection.java:askForVotes(312)) - 90a4d295-1ed6-49a8-a392-d1efb526c081@group-AA62C5EF4467-LeaderElection40 ELECTION round 0: submit vote requests at term 3 for -1: peers:[90a4d295-1ed6-49a8-a392-d1efb526c081|rpc:10.1.0.7:38181|priority:1|startupRole:FOLLOWER, aecdc221-737e-4b39-8f20-7a048fa0296a|rpc:10.1.0.7:34239|priority:0|startupRole:FOLLOWER, 1fd27439-e6b5-4682-b1aa-75bd99d23433|rpc:10.1.0.7:38521|priority:0|startupRole:FOLLOWER]|listeners:[], old=null
2022-12-02 11:14:45,680 [90a4d295-1ed6-49a8-a392-d1efb526c081@group-AA62C5EF4467-LeaderElection40] INFO  server.RaftServerConfigKeys (ConfUtils.java:logFallback(53)) - raft.server.rpc.first-election.timeout.min = 5s (fallback to raft.server.rpc.timeout.min)
2022-12-02 11:14:45,680 [90a4d295-1ed6-49a8-a392-d1efb526c081@group-AA62C5EF4467-LeaderElection40] INFO  server.RaftServerConfigKeys (ConfUtils.java:logFallback(53)) - raft.server.rpc.first-election.timeout.max = 5200ms (fallback to raft.server.rpc.timeout.max)
2022-12-02 11:14:45,681 [grpc-default-executor-0] INFO  server.RaftServer$Division (RaftServerImpl.java:requestVote(1218)) - aecdc221-737e-4b39-8f20-7a048fa0296a@group-AA62C5EF4467: receive requestVote(ELECTION, 90a4d295-1ed6-49a8-a392-d1efb526c081, group-AA62C5EF4467, 3, (t:0, i:0))
2022-12-02 11:14:45,681 [grpc-default-executor-0] INFO  impl.VoteContext (VoteContext.java:log(49)) - aecdc221-737e-4b39-8f20-7a048fa0296a@group-AA62C5EF4467-FOLLOWER: accept ELECTION from 90a4d295-1ed6-49a8-a392-d1efb526c081: our priority 0 <= candidate's priority 1
2022-12-02 11:14:45,681 [grpc-default-executor-0] INFO  server.RaftServer$Division (RaftServerImpl.java:setRole(321)) - aecdc221-737e-4b39-8f20-7a048fa0296a@group-AA62C5EF4467: changes role from  FOLLOWER to FOLLOWER at term 3 for candidate:90a4d295-1ed6-49a8-a392-d1efb526c081
2022-12-02 11:14:45,681 [grpc-default-executor-0] INFO  impl.RoleInfo (RoleInfo.java:shutdownFollowerState(110)) - aecdc221-737e-4b39-8f20-7a048fa0296a: shutdown aecdc221-737e-4b39-8f20-7a048fa0296a@group-AA62C5EF4467-FollowerState
2022-12-02 11:14:45,681 [grpc-default-executor-0] INFO  impl.RoleInfo (RoleInfo.java:updateAndGet(139)) - aecdc221-737e-4b39-8f20-7a048fa0296a: start aecdc221-737e-4b39-8f20-7a048fa0296a@group-AA62C5EF4467-FollowerState
2022-12-02 11:14:45,681 [aecdc221-737e-4b39-8f20-7a048fa0296a@group-AA62C5EF4467-FollowerState] INFO  impl.FollowerState (FollowerState.java:run(152)) - aecdc221-737e-4b39-8f20-7a048fa0296a@group-AA62C5EF4467-FollowerState was interrupted
2022-12-02 11:14:45,684 [grpc-default-executor-2] INFO  server.RaftServer$Division (RaftServerImpl.java:requestVote(1218)) - 1fd27439-e6b5-4682-b1aa-75bd99d23433@group-AA62C5EF4467: receive requestVote(ELECTION, 90a4d295-1ed6-49a8-a392-d1efb526c081, group-AA62C5EF4467, 3, (t:0, i:0))
2022-12-02 11:14:45,684 [grpc-default-executor-2] INFO  impl.VoteContext (VoteContext.java:log(49)) - 1fd27439-e6b5-4682-b1aa-75bd99d23433@group-AA62C5EF4467-FOLLOWER: accept ELECTION from 90a4d295-1ed6-49a8-a392-d1efb526c081: our priority 0 <= candidate's priority 1
2022-12-02 11:14:45,684 [grpc-default-executor-2] INFO  server.RaftServer$Division (RaftServerImpl.java:setRole(321)) - 1fd27439-e6b5-4682-b1aa-75bd99d23433@group-AA62C5EF4467: changes role from  FOLLOWER to FOLLOWER at term 3 for candidate:90a4d295-1ed6-49a8-a392-d1efb526c081
2022-12-02 11:14:45,685 [grpc-default-executor-2] INFO  impl.RoleInfo (RoleInfo.java:shutdownFollowerState(110)) - 1fd27439-e6b5-4682-b1aa-75bd99d23433: shutdown 1fd27439-e6b5-4682-b1aa-75bd99d23433@group-AA62C5EF4467-FollowerState
2022-12-02 11:14:45,685 [grpc-default-executor-2] INFO  impl.RoleInfo (RoleInfo.java:updateAndGet(139)) - 1fd27439-e6b5-4682-b1aa-75bd99d23433: start 1fd27439-e6b5-4682-b1aa-75bd99d23433@group-AA62C5EF4467-FollowerState
2022-12-02 11:14:45,685 [1fd27439-e6b5-4682-b1aa-75bd99d23433@group-AA62C5EF4467-FollowerState] INFO  impl.FollowerState (FollowerState.java:run(152)) - 1fd27439-e6b5-4682-b1aa-75bd99d23433@group-AA62C5EF4467-FollowerState was interrupted
2022-12-02 11:14:45,686 [grpc-default-executor-0] INFO  server.RaftServer$Division (RaftServerImpl.java:requestVote(1251)) - aecdc221-737e-4b39-8f20-7a048fa0296a@group-AA62C5EF4467 replies to ELECTION vote request: 90a4d295-1ed6-49a8-a392-d1efb526c081<-aecdc221-737e-4b39-8f20-7a048fa0296a#0:OK-t3. Peer's state: aecdc221-737e-4b39-8f20-7a048fa0296a@group-AA62C5EF4467:t3, leader=null, voted=90a4d295-1ed6-49a8-a392-d1efb526c081, raftlog=Memoized:aecdc221-737e-4b39-8f20-7a048fa0296a@group-AA62C5EF4467-SegmentedRaftLog:OPENED:c-1, conf=-1: peers:[90a4d295-1ed6-49a8-a392-d1efb526c081|rpc:10.1.0.7:38181|dataStream:|priority:1|startupRole:FOLLOWER, aecdc221-737e-4b39-8f20-7a048fa0296a|rpc:10.1.0.7:34239|dataStream:|priority:0|startupRole:FOLLOWER, 1fd27439-e6b5-4682-b1aa-75bd99d23433|rpc:10.1.0.7:38521|dataStream:|priority:0|startupRole:FOLLOWER]|listeners:[], old=null
2022-12-02 11:14:45,687 [aecdc221-737e-4b39-8f20-7a048fa0296a@group-AA62C5EF4467-FollowerState] INFO  server.RaftServerConfigKeys (ConfUtils.java:logFallback(53)) - raft.server.rpc.first-election.timeout.min = 5s (fallback to raft.server.rpc.timeout.min)
2022-12-02 11:14:45,687 [aecdc221-737e-4b39-8f20-7a048fa0296a@group-AA62C5EF4467-FollowerState] INFO  server.RaftServerConfigKeys (ConfUtils.java:logFallback(53)) - raft.server.rpc.first-election.timeout.max = 5200ms (fallback to raft.server.rpc.timeout.max)
2022-12-02 11:14:45,691 [1fd27439-e6b5-4682-b1aa-75bd99d23433@group-AA62C5EF4467-FollowerState] INFO  server.RaftServerConfigKeys (ConfUtils.java:logFallback(53)) - raft.server.rpc.first-election.timeout.min = 5s (fallback to raft.server.rpc.timeout.min)
2022-12-02 11:14:45,692 [1fd27439-e6b5-4682-b1aa-75bd99d23433@group-AA62C5EF4467-FollowerState] INFO  server.RaftServerConfigKeys (ConfUtils.java:logFallback(53)) - raft.server.rpc.first-election.timeout.max = 5200ms (fallback to raft.server.rpc.timeout.max)
2022-12-02 11:14:45,692 [90a4d295-1ed6-49a8-a392-d1efb526c081@group-AA62C5EF4467-LeaderElection40] INFO  impl.LeaderElection (LeaderElection.java:logAndReturn(90)) - 90a4d295-1ed6-49a8-a392-d1efb526c081@group-AA62C5EF4467-LeaderElection40: ELECTION PASSED received 1 response(s) and 0 exception(s):
2022-12-02 11:14:45,692 [90a4d295-1ed6-49a8-a392-d1efb526c081@group-AA62C5EF4467-LeaderElection40] INFO  impl.LeaderElection (LeaderElection.java:logAndReturn(94)) -   Response 0: 90a4d295-1ed6-49a8-a392-d1efb526c081<-aecdc221-737e-4b39-8f20-7a048fa0296a#0:OK-t3
2022-12-02 11:14:45,692 [90a4d295-1ed6-49a8-a392-d1efb526c081@group-AA62C5EF4467-LeaderElection40] INFO  impl.LeaderElection (LeaderElection.java:askForVotes(314)) - 90a4d295-1ed6-49a8-a392-d1efb526c081@group-AA62C5EF4467-LeaderElection40 ELECTION round 0: result PASSED
2022-12-02 11:14:45,692 [90a4d295-1ed6-49a8-a392-d1efb526c081@group-AA62C5EF4467-LeaderElection40] INFO  impl.RoleInfo (RoleInfo.java:shutdownLeaderElection(130)) - 90a4d295-1ed6-49a8-a392-d1efb526c081: shutdown 90a4d295-1ed6-49a8-a392-d1efb526c081@group-AA62C5EF4467-LeaderElection40
2022-12-02 11:14:45,692 [90a4d295-1ed6-49a8-a392-d1efb526c081@group-AA62C5EF4467-LeaderElection40] INFO  server.RaftServer$Division (RaftServerImpl.java:setRole(321)) - 90a4d295-1ed6-49a8-a392-d1efb526c081@group-AA62C5EF4467: changes role from CANDIDATE to LEADER at term 3 for changeToLeader
2022-12-02 11:14:45,692 [90a4d295-1ed6-49a8-a392-d1efb526c081@group-AA62C5EF4467-LeaderElection40] INFO  ratis.XceiverServerRatis (XceiverServerRatis.java:handleLeaderChangedNotification(863)) - Leader change notification received for group: group-AA62C5EF4467 with new leaderId: 90a4d295-1ed6-49a8-a392-d1efb526c081
2022-12-02 11:14:45,692 [90a4d295-1ed6-49a8-a392-d1efb526c081@group-AA62C5EF4467-LeaderElection40] INFO  server.RaftServer$Division (ServerState.java:setLeader(313)) - 90a4d295-1ed6-49a8-a392-d1efb526c081@group-AA62C5EF4467: change Leader from null to 90a4d295-1ed6-49a8-a392-d1efb526c081 at term 3 for becomeLeader, leader elected after 15223ms
2022-12-02 11:14:45,693 [90a4d295-1ed6-49a8-a392-d1efb526c081@group-AA62C5EF4467-LeaderElection40] INFO  server.RaftServerConfigKeys (ConfUtils.java:logGet(46)) - raft.server.staging.catchup.gap = 1000 (default)
2022-12-02 11:14:45,693 [90a4d295-1ed6-49a8-a392-d1efb526c081@group-AA62C5EF4467-LeaderElection40] INFO  server.RaftServerConfigKeys (ConfUtils.java:logGet(46)) - raft.server.write.element-limit = 1024 (custom)
2022-12-02 11:14:45,693 [90a4d295-1ed6-49a8-a392-d1efb526c081@group-AA62C5EF4467-LeaderElection40] INFO  server.RaftServerConfigKeys (ConfUtils.java:logGet(46)) - raft.server.write.byte-limit = 1024 M (=1073741824) (custom)
2022-12-02 11:14:45,693 [90a4d295-1ed6-49a8-a392-d1efb526c081@group-AA62C5EF4467-LeaderElection40] INFO  server.RaftServerConfigKeys (ConfUtils.java:logGet(46)) - raft.server.watch.timeout = 180s (custom)
2022-12-02 11:14:45,693 [90a4d295-1ed6-49a8-a392-d1efb526c081@group-AA62C5EF4467-LeaderElection40] INFO  server.RaftServerConfigKeys (ConfUtils.java:logGet(46)) - raft.server.watch.timeout.denomination = 1s (default)
2022-12-02 11:14:45,693 [90a4d295-1ed6-49a8-a392-d1efb526c081@group-AA62C5EF4467-LeaderElection40] INFO  server.RaftServerConfigKeys (ConfUtils.java:logGet(46)) - raft.server.watch.element-limit = 65536 (default)
2022-12-02 11:14:45,694 [90a4d295-1ed6-49a8-a392-d1efb526c081@group-AA62C5EF4467-LeaderElection40] INFO  server.RaftServerConfigKeys (ConfUtils.java:logGet(46)) - raft.server.write.element-limit = 1024 (custom)
2022-12-02 11:14:45,694 [90a4d295-1ed6-49a8-a392-d1efb526c081@group-AA62C5EF4467-LeaderElection40] INFO  server.RaftServerConfigKeys (ConfUtils.java:logGet(46)) - raft.server.write.follower.gap.ratio.max = -1.0 (default)
2022-12-02 11:14:45,694 [grpc-default-executor-2] INFO  server.RaftServer$Division (RaftServerImpl.java:requestVote(1251)) - 1fd27439-e6b5-4682-b1aa-75bd99d23433@group-AA62C5EF4467 replies to ELECTION vote request: 90a4d295-1ed6-49a8-a392-d1efb526c081<-1fd27439-e6b5-4682-b1aa-75bd99d23433#0:OK-t3. Peer's state: 1fd27439-e6b5-4682-b1aa-75bd99d23433@group-AA62C5EF4467:t3, leader=null, voted=90a4d295-1ed6-49a8-a392-d1efb526c081, raftlog=Memoized:1fd27439-e6b5-4682-b1aa-75bd99d23433@group-AA62C5EF4467-SegmentedRaftLog:OPENED:c-1, conf=-1: peers:[90a4d295-1ed6-49a8-a392-d1efb526c081|rpc:10.1.0.7:38181|dataStream:|priority:1|startupRole:FOLLOWER, aecdc221-737e-4b39-8f20-7a048fa0296a|rpc:10.1.0.7:34239|dataStream:|priority:0|startupRole:FOLLOWER, 1fd27439-e6b5-4682-b1aa-75bd99d23433|rpc:10.1.0.7:38521|dataStream:|priority:0|startupRole:FOLLOWER]|listeners:[], old=null
2022-12-02 11:14:45,695 [EventQueue-CommandQueueReportForCommandQueueReportHandler] WARN  events.EventQueue (EventQueue.java:fireEvent(216)) - No event handler registered for event TypedEvent{payloadType=DatanodeDetails, name='Datanode_Command_Queue_Updated'}
2022-12-02 11:14:45,696 [EventQueue-PipelineReportForPipelineReportHandler] INFO  pipeline.PipelineManagerImpl (PipelineManagerImpl.java:openPipeline(367)) - Pipeline Pipeline[ Id: 356d780b-8409-4adf-9343-aa62c5ef4467, Nodes: aecdc221-737e-4b39-8f20-7a048fa0296a{ip: 10.1.0.7, host: fv-az205-634.k2gd1z4tyxsu3cbgyjsjq30zwf.jx.internal.cloudapp.net, ports: [REPLICATION=40857, RATIS=34239, RATIS_ADMIN=34239, RATIS_SERVER=34239, STANDALONE=33621], networkLocation: /default-rack, certSerialId: null, persistedOpState: IN_SERVICE, persistedOpStateExpiryEpochSec: 0}90a4d295-1ed6-49a8-a392-d1efb526c081{ip: 10.1.0.7, host: fv-az205-634.k2gd1z4tyxsu3cbgyjsjq30zwf.jx.internal.cloudapp.net, ports: [REPLICATION=45695, RATIS=38181, RATIS_ADMIN=38181, RATIS_SERVER=38181, STANDALONE=43089], networkLocation: /default-rack, certSerialId: null, persistedOpState: IN_SERVICE, persistedOpStateExpiryEpochSec: 0}1fd27439-e6b5-4682-b1aa-75bd99d23433{ip: 10.1.0.7, host: fv-az205-634.k2gd1z4tyxsu3cbgyjsjq30zwf.jx.internal.cloudapp.net, ports: [REPLICATION=44335, RATIS=38521, RATIS_ADMIN=38521, RATIS_SERVER=38521, STANDALONE=32797], networkLocation: /default-rack, certSerialId: null, persistedOpState: IN_SERVICE, persistedOpStateExpiryEpochSec: 0}, ReplicationConfig: RATIS/THREE, State:ALLOCATED, leaderId:90a4d295-1ed6-49a8-a392-d1efb526c081, CreationTimestamp2022-12-02T11:14:28.221Z[Etc/UTC]] moved to OPEN state
2022-12-02 11:14:45,698 [90a4d295-1ed6-49a8-a392-d1efb526c081@group-AA62C5EF4467-LeaderElection40] INFO  server.RaftServerConfigKeys (ConfUtils.java:logGet(46)) - raft.server.log.appender.snapshot.chunk.size.max = 16MB (=16777216) (default)
2022-12-02 11:14:45,698 [90a4d295-1ed6-49a8-a392-d1efb526c081@group-AA62C5EF4467-LeaderElection40] INFO  server.RaftServerConfigKeys (ConfUtils.java:logGet(46)) - raft.server.log.appender.buffer.byte-limit = 33554432 (custom)
2022-12-02 11:14:45,699 [90a4d295-1ed6-49a8-a392-d1efb526c081@group-AA62C5EF4467-LeaderElection40] INFO  server.RaftServerConfigKeys (ConfUtils.java:logGet(46)) - raft.server.log.appender.buffer.element-limit = 1 (custom)
2022-12-02 11:14:45,699 [90a4d295-1ed6-49a8-a392-d1efb526c081@group-AA62C5EF4467-LeaderElection40] INFO  grpc.GrpcConfigKeys (ConfUtils.java:logGet(46)) - raft.grpc.server.leader.outstanding.appends.max = 128 (default)
2022-12-02 11:14:45,699 [90a4d295-1ed6-49a8-a392-d1efb526c081@group-AA62C5EF4467-LeaderElection40] INFO  server.RaftServerConfigKeys (ConfUtils.java:logGet(46)) - raft.server.rpc.request.timeout = 60s (custom)
2022-12-02 11:14:45,699 [90a4d295-1ed6-49a8-a392-d1efb526c081@group-AA62C5EF4467-LeaderElection40] INFO  server.RaftServerConfigKeys (ConfUtils.java:logGet(46)) - raft.server.log.appender.install.snapshot.enabled = false (custom)
2022-12-02 11:14:45,701 [90a4d295-1ed6-49a8-a392-d1efb526c081@group-AA62C5EF4467-LeaderElection40] INFO  grpc.GrpcConfigKeys (ConfUtils.java:logGet(46)) - raft.grpc.server.heartbeat.channel = true (default)
2022-12-02 11:14:45,701 [90a4d295-1ed6-49a8-a392-d1efb526c081@group-AA62C5EF4467-LeaderElection40] INFO  server.RaftServerConfigKeys (ConfUtils.java:logGet(46)) - raft.server.log.appender.wait-time.min = 10ms (default)
2022-12-02 11:14:45,702 [90a4d295-1ed6-49a8-a392-d1efb526c081@group-AA62C5EF4467-LeaderElection40] INFO  server.RaftServerConfigKeys (ConfUtils.java:logGet(46)) - raft.server.log.appender.snapshot.chunk.size.max = 16MB (=16777216) (default)
2022-12-02 11:14:45,702 [90a4d295-1ed6-49a8-a392-d1efb526c081@group-AA62C5EF4467-LeaderElection40] INFO  server.RaftServerConfigKeys (ConfUtils.java:logGet(46)) - raft.server.log.appender.buffer.byte-limit = 33554432 (custom)
2022-12-02 11:14:45,703 [90a4d295-1ed6-49a8-a392-d1efb526c081@group-AA62C5EF4467-LeaderElection40] INFO  server.RaftServerConfigKeys (ConfUtils.java:logGet(46)) - raft.server.log.appender.buffer.element-limit = 1 (custom)
2022-12-02 11:14:45,703 [90a4d295-1ed6-49a8-a392-d1efb526c081@group-AA62C5EF4467-LeaderElection40] INFO  grpc.GrpcConfigKeys (ConfUtils.java:logGet(46)) - raft.grpc.server.leader.outstanding.appends.max = 128 (default)
2022-12-02 11:14:45,703 [90a4d295-1ed6-49a8-a392-d1efb526c081@group-AA62C5EF4467-LeaderElection40] INFO  server.RaftServerConfigKeys (ConfUtils.java:logGet(46)) - raft.server.rpc.request.timeout = 60s (custom)
2022-12-02 11:14:45,703 [90a4d295-1ed6-49a8-a392-d1efb526c081@group-AA62C5EF4467-LeaderElection40] INFO  server.RaftServerConfigKeys (ConfUtils.java:logGet(46)) - raft.server.log.appender.install.snapshot.enabled = false (custom)
2022-12-02 11:14:45,703 [90a4d295-1ed6-49a8-a392-d1efb526c081@group-AA62C5EF4467-LeaderElection40] INFO  grpc.GrpcConfigKeys (ConfUtils.java:logGet(46)) - raft.grpc.server.heartbeat.channel = true (default)
2022-12-02 11:14:45,703 [90a4d295-1ed6-49a8-a392-d1efb526c081@group-AA62C5EF4467-LeaderElection40] INFO  server.RaftServerConfigKeys (ConfUtils.java:logGet(46)) - raft.server.log.appender.wait-time.min = 10ms (default)
2022-12-02 11:14:45,703 [90a4d295-1ed6-49a8-a392-d1efb526c081@group-AA62C5EF4467-LeaderElection40] INFO  impl.RoleInfo (RoleInfo.java:updateAndGet(139)) - 90a4d295-1ed6-49a8-a392-d1efb526c081: start 90a4d295-1ed6-49a8-a392-d1efb526c081@group-AA62C5EF4467-LeaderStateImpl
2022-12-02 11:14:45,704 [90a4d295-1ed6-49a8-a392-d1efb526c081@group-AA62C5EF4467-LeaderElection40] INFO  segmented.SegmentedRaftLogWorker (SegmentedRaftLogWorker.java:startLogSegment(452)) - 90a4d295-1ed6-49a8-a392-d1efb526c081@group-AA62C5EF4467-SegmentedRaftLogWorker: Starting segment from index:0
2022-12-02 11:14:45,710 [90a4d295-1ed6-49a8-a392-d1efb526c081@group-AA62C5EF4467-SegmentedRaftLogWorker] INFO  segmented.SegmentedRaftLogWorker (SegmentedRaftLogWorker.java:execute(656)) - 90a4d295-1ed6-49a8-a392-d1efb526c081@group-AA62C5EF4467-SegmentedRaftLogWorker: created new log segment /home/runner/work/ozone/ozone/hadoop-ozone/integration-test/target/test-dir/MiniOzoneClusterImpl-f8f2b39f-22db-49ae-ab20-f7a2434191fa/datanode-0/data/ratis/356d780b-8409-4adf-9343-aa62c5ef4467/current/log_inprogress_0
2022-12-02 11:14:45,719 [90a4d295-1ed6-49a8-a392-d1efb526c081@group-AA62C5EF4467-LeaderElection40] INFO  server.RaftServer$Division (ServerState.java:setRaftConf(430)) - 90a4d295-1ed6-49a8-a392-d1efb526c081@group-AA62C5EF4467: set configuration 0: peers:[90a4d295-1ed6-49a8-a392-d1efb526c081|rpc:10.1.0.7:38181|dataStream:|priority:1|startupRole:FOLLOWER, aecdc221-737e-4b39-8f20-7a048fa0296a|rpc:10.1.0.7:34239|dataStream:|priority:0|startupRole:FOLLOWER, 1fd27439-e6b5-4682-b1aa-75bd99d23433|rpc:10.1.0.7:38521|dataStream:|priority:0|startupRole:FOLLOWER]|listeners:[], old=null
2022-12-02 11:14:45,735 [aecdc221-737e-4b39-8f20-7a048fa0296a-server-thread1] INFO  ratis.XceiverServerRatis (XceiverServerRatis.java:handleLeaderChangedNotification(863)) - Leader change notification received for group: group-AA62C5EF4467 with new leaderId: 90a4d295-1ed6-49a8-a392-d1efb526c081
2022-12-02 11:14:45,735 [aecdc221-737e-4b39-8f20-7a048fa0296a-server-thread1] INFO  server.RaftServer$Division (ServerState.java:setLeader(313)) - aecdc221-737e-4b39-8f20-7a048fa0296a@group-AA62C5EF4467: change Leader from null to 90a4d295-1ed6-49a8-a392-d1efb526c081 at term 3 for appendEntries, leader elected after 15228ms
2022-12-02 11:14:45,735 [1fd27439-e6b5-4682-b1aa-75bd99d23433-server-thread1] INFO  ratis.XceiverServerRatis (XceiverServerRatis.java:handleLeaderChangedNotification(863)) - Leader change notification received for group: group-AA62C5EF4467 with new leaderId: 90a4d295-1ed6-49a8-a392-d1efb526c081
2022-12-02 11:14:45,736 [1fd27439-e6b5-4682-b1aa-75bd99d23433-server-thread1] INFO  server.RaftServer$Division (ServerState.java:setLeader(313)) - 1fd27439-e6b5-4682-b1aa-75bd99d23433@group-AA62C5EF4467: change Leader from null to 90a4d295-1ed6-49a8-a392-d1efb526c081 at term 3 for appendEntries, leader elected after 15184ms
2022-12-02 11:14:45,748 [aecdc221-737e-4b39-8f20-7a048fa0296a-server-thread1] INFO  server.RaftServer$Division (ServerState.java:setRaftConf(430)) - aecdc221-737e-4b39-8f20-7a048fa0296a@group-AA62C5EF4467: set configuration 0: peers:[90a4d295-1ed6-49a8-a392-d1efb526c081|rpc:10.1.0.7:38181|dataStream:|priority:1|startupRole:FOLLOWER, aecdc221-737e-4b39-8f20-7a048fa0296a|rpc:10.1.0.7:34239|dataStream:|priority:0|startupRole:FOLLOWER, 1fd27439-e6b5-4682-b1aa-75bd99d23433|rpc:10.1.0.7:38521|dataStream:|priority:0|startupRole:FOLLOWER]|listeners:[], old=null
2022-12-02 11:14:45,748 [aecdc221-737e-4b39-8f20-7a048fa0296a-server-thread1] INFO  segmented.SegmentedRaftLogWorker (SegmentedRaftLogWorker.java:startLogSegment(452)) - aecdc221-737e-4b39-8f20-7a048fa0296a@group-AA62C5EF4467-SegmentedRaftLogWorker: Starting segment from index:0
2022-12-02 11:14:45,754 [aecdc221-737e-4b39-8f20-7a048fa0296a@group-AA62C5EF4467-SegmentedRaftLogWorker] INFO  segmented.SegmentedRaftLogWorker (SegmentedRaftLogWorker.java:execute(656)) - aecdc221-737e-4b39-8f20-7a048fa0296a@group-AA62C5EF4467-SegmentedRaftLogWorker: created new log segment /home/runner/work/ozone/ozone/hadoop-ozone/integration-test/target/test-dir/MiniOzoneClusterImpl-f8f2b39f-22db-49ae-ab20-f7a2434191fa/datanode-1/data/ratis/356d780b-8409-4adf-9343-aa62c5ef4467/current/log_inprogress_0
2022-12-02 11:14:45,755 [1fd27439-e6b5-4682-b1aa-75bd99d23433-server-thread2] INFO  server.RaftServer$Division (ServerState.java:setRaftConf(430)) - 1fd27439-e6b5-4682-b1aa-75bd99d23433@group-AA62C5EF4467: set configuration 0: peers:[90a4d295-1ed6-49a8-a392-d1efb526c081|rpc:10.1.0.7:38181|dataStream:|priority:1|startupRole:FOLLOWER, aecdc221-737e-4b39-8f20-7a048fa0296a|rpc:10.1.0.7:34239|dataStream:|priority:0|startupRole:FOLLOWER, 1fd27439-e6b5-4682-b1aa-75bd99d23433|rpc:10.1.0.7:38521|dataStream:|priority:0|startupRole:FOLLOWER]|listeners:[], old=null
2022-12-02 11:14:45,755 [1fd27439-e6b5-4682-b1aa-75bd99d23433-server-thread2] INFO  segmented.SegmentedRaftLogWorker (SegmentedRaftLogWorker.java:startLogSegment(452)) - 1fd27439-e6b5-4682-b1aa-75bd99d23433@group-AA62C5EF4467-SegmentedRaftLogWorker: Starting segment from index:0
2022-12-02 11:14:45,761 [1fd27439-e6b5-4682-b1aa-75bd99d23433@group-AA62C5EF4467-SegmentedRaftLogWorker] INFO  segmented.SegmentedRaftLogWorker (SegmentedRaftLogWorker.java:execute(656)) - 1fd27439-e6b5-4682-b1aa-75bd99d23433@group-AA62C5EF4467-SegmentedRaftLogWorker: created new log segment /home/runner/work/ozone/ozone/hadoop-ozone/integration-test/target/test-dir/MiniOzoneClusterImpl-f8f2b39f-22db-49ae-ab20-f7a2434191fa/datanode-2/data/ratis/356d780b-8409-4adf-9343-aa62c5ef4467/current/log_inprogress_0
2022-12-02 11:14:45,898 [EventQueue-CommandQueueReportForCommandQueueReportHandler] WARN  events.EventQueue (EventQueue.java:fireEvent(216)) - No event handler registered for event TypedEvent{payloadType=DatanodeDetails, name='Datanode_Command_Queue_Updated'}
2022-12-02 11:14:45,988 [EventQueue-CommandQueueReportForCommandQueueReportHandler] WARN  events.EventQueue (EventQueue.java:fireEvent(216)) - No event handler registered for event TypedEvent{payloadType=DatanodeDetails, name='Datanode_Command_Queue_Updated'}
2022-12-02 11:14:46,559 [EventQueue-CommandQueueReportForCommandQueueReportHandler] WARN  events.EventQueue (EventQueue.java:fireEvent(216)) - No event handler registered for event TypedEvent{payloadType=DatanodeDetails, name='Datanode_Command_Queue_Updated'}
2022-12-02 11:14:46,951 [7d2395d2-eabc-4616-a887-e94e2c3276b4@group-C702BF765ED7-FollowerState] INFO  impl.FollowerState (FollowerState.java:run(143)) - 7d2395d2-eabc-4616-a887-e94e2c3276b4@group-C702BF765ED7-FollowerState: change to CANDIDATE, lastRpcElapsedTime:5077082380ns, electionTimeout:5072ms
2022-12-02 11:14:46,951 [7d2395d2-eabc-4616-a887-e94e2c3276b4@group-C702BF765ED7-FollowerState] INFO  impl.RoleInfo (RoleInfo.java:shutdownFollowerState(110)) - 7d2395d2-eabc-4616-a887-e94e2c3276b4: shutdown 7d2395d2-eabc-4616-a887-e94e2c3276b4@group-C702BF765ED7-FollowerState
2022-12-02 11:14:46,952 [7d2395d2-eabc-4616-a887-e94e2c3276b4@group-C702BF765ED7-FollowerState] INFO  server.RaftServer$Division (RaftServerImpl.java:setRole(321)) - 7d2395d2-eabc-4616-a887-e94e2c3276b4@group-C702BF765ED7: changes role from  FOLLOWER to CANDIDATE at term 2 for changeToCandidate
2022-12-02 11:14:46,952 [7d2395d2-eabc-4616-a887-e94e2c3276b4@group-C702BF765ED7-FollowerState] INFO  server.RaftServerConfigKeys (ConfUtils.java:logGet(46)) - raft.server.leaderelection.pre-vote = false (custom)
2022-12-02 11:14:46,952 [7d2395d2-eabc-4616-a887-e94e2c3276b4@group-C702BF765ED7-FollowerState] INFO  impl.RoleInfo (RoleInfo.java:updateAndGet(139)) - 7d2395d2-eabc-4616-a887-e94e2c3276b4: start 7d2395d2-eabc-4616-a887-e94e2c3276b4@group-C702BF765ED7-LeaderElection41
2022-12-02 11:14:46,956 [7d2395d2-eabc-4616-a887-e94e2c3276b4@group-C702BF765ED7-LeaderElection41] INFO  impl.LeaderElection (LeaderElection.java:askForVotes(312)) - 7d2395d2-eabc-4616-a887-e94e2c3276b4@group-C702BF765ED7-LeaderElection41 ELECTION round 0: submit vote requests at term 3 for -1: peers:[c26475c3-4ee1-492c-b3e0-9196e8cc0198|rpc:10.1.0.7:38613|dataStream:|priority:0|startupRole:FOLLOWER, 7d2395d2-eabc-4616-a887-e94e2c3276b4|rpc:10.1.0.7:39491|dataStream:|priority:1|startupRole:FOLLOWER, 4a0ae1c5-f8a8-4716-8c13-266b2f364a7b|rpc:10.1.0.7:36099|dataStream:|priority:0|startupRole:FOLLOWER]|listeners:[], old=null
2022-12-02 11:14:46,956 [7d2395d2-eabc-4616-a887-e94e2c3276b4@group-C702BF765ED7-LeaderElection41-1] INFO  server.GrpcServerProtocolClient (GrpcServerProtocolClient.java:<init>(63)) - Build channel for c26475c3-4ee1-492c-b3e0-9196e8cc0198
2022-12-02 11:14:46,956 [7d2395d2-eabc-4616-a887-e94e2c3276b4@group-C702BF765ED7-LeaderElection41] INFO  server.RaftServerConfigKeys (ConfUtils.java:logFallback(53)) - raft.server.rpc.first-election.timeout.min = 5s (fallback to raft.server.rpc.timeout.min)
2022-12-02 11:14:46,957 [7d2395d2-eabc-4616-a887-e94e2c3276b4@group-C702BF765ED7-LeaderElection41] INFO  server.RaftServerConfigKeys (ConfUtils.java:logFallback(53)) - raft.server.rpc.first-election.timeout.max = 5200ms (fallback to raft.server.rpc.timeout.max)
2022-12-02 11:14:46,957 [7d2395d2-eabc-4616-a887-e94e2c3276b4@group-C702BF765ED7-LeaderElection41-2] INFO  server.GrpcServerProtocolClient (GrpcServerProtocolClient.java:<init>(63)) - Build channel for 4a0ae1c5-f8a8-4716-8c13-266b2f364a7b
2022-12-02 11:14:46,965 [grpc-default-executor-1] INFO  server.RaftServer$Division (RaftServerImpl.java:requestVote(1218)) - 4a0ae1c5-f8a8-4716-8c13-266b2f364a7b@group-C702BF765ED7: receive requestVote(ELECTION, 7d2395d2-eabc-4616-a887-e94e2c3276b4, group-C702BF765ED7, 3, (t:0, i:0))
2022-12-02 11:14:46,965 [grpc-default-executor-1] INFO  impl.VoteContext (VoteContext.java:log(49)) - 4a0ae1c5-f8a8-4716-8c13-266b2f364a7b@group-C702BF765ED7-FOLLOWER: accept ELECTION from 7d2395d2-eabc-4616-a887-e94e2c3276b4: our priority 0 <= candidate's priority 1
2022-12-02 11:14:46,966 [grpc-default-executor-1] INFO  server.RaftServer$Division (RaftServerImpl.java:setRole(321)) - 4a0ae1c5-f8a8-4716-8c13-266b2f364a7b@group-C702BF765ED7: changes role from  FOLLOWER to FOLLOWER at term 3 for candidate:7d2395d2-eabc-4616-a887-e94e2c3276b4
2022-12-02 11:14:46,966 [grpc-default-executor-1] INFO  impl.RoleInfo (RoleInfo.java:shutdownFollowerState(110)) - 4a0ae1c5-f8a8-4716-8c13-266b2f364a7b: shutdown 4a0ae1c5-f8a8-4716-8c13-266b2f364a7b@group-C702BF765ED7-FollowerState
2022-12-02 11:14:46,966 [grpc-default-executor-1] INFO  impl.RoleInfo (RoleInfo.java:updateAndGet(139)) - 4a0ae1c5-f8a8-4716-8c13-266b2f364a7b: start 4a0ae1c5-f8a8-4716-8c13-266b2f364a7b@group-C702BF765ED7-FollowerState
2022-12-02 11:14:46,966 [4a0ae1c5-f8a8-4716-8c13-266b2f364a7b@group-C702BF765ED7-FollowerState] INFO  impl.FollowerState (FollowerState.java:run(152)) - 4a0ae1c5-f8a8-4716-8c13-266b2f364a7b@group-C702BF765ED7-FollowerState was interrupted
2022-12-02 11:14:46,967 [4a0ae1c5-f8a8-4716-8c13-266b2f364a7b@group-C702BF765ED7-FollowerState] INFO  server.RaftServerConfigKeys (ConfUtils.java:logFallback(53)) - raft.server.rpc.first-election.timeout.min = 5s (fallback to raft.server.rpc.timeout.min)
2022-12-02 11:14:46,967 [4a0ae1c5-f8a8-4716-8c13-266b2f364a7b@group-C702BF765ED7-FollowerState] INFO  server.RaftServerConfigKeys (ConfUtils.java:logFallback(53)) - raft.server.rpc.first-election.timeout.max = 5200ms (fallback to raft.server.rpc.timeout.max)
2022-12-02 11:14:46,969 [grpc-default-executor-1] INFO  server.RaftServer$Division (RaftServerImpl.java:requestVote(1251)) - 4a0ae1c5-f8a8-4716-8c13-266b2f364a7b@group-C702BF765ED7 replies to ELECTION vote request: 7d2395d2-eabc-4616-a887-e94e2c3276b4<-4a0ae1c5-f8a8-4716-8c13-266b2f364a7b#0:OK-t3. Peer's state: 4a0ae1c5-f8a8-4716-8c13-266b2f364a7b@group-C702BF765ED7:t3, leader=null, voted=7d2395d2-eabc-4616-a887-e94e2c3276b4, raftlog=Memoized:4a0ae1c5-f8a8-4716-8c13-266b2f364a7b@group-C702BF765ED7-SegmentedRaftLog:OPENED:c-1, conf=-1: peers:[c26475c3-4ee1-492c-b3e0-9196e8cc0198|rpc:10.1.0.7:38613|dataStream:|priority:0|startupRole:FOLLOWER, 7d2395d2-eabc-4616-a887-e94e2c3276b4|rpc:10.1.0.7:39491|dataStream:|priority:1|startupRole:FOLLOWER, 4a0ae1c5-f8a8-4716-8c13-266b2f364a7b|rpc:10.1.0.7:36099|dataStream:|priority:0|startupRole:FOLLOWER]|listeners:[], old=null
2022-12-02 11:14:46,972 [grpc-default-executor-5] INFO  server.RaftServer$Division (RaftServerImpl.java:requestVote(1218)) - c26475c3-4ee1-492c-b3e0-9196e8cc0198@group-C702BF765ED7: receive requestVote(ELECTION, 7d2395d2-eabc-4616-a887-e94e2c3276b4, group-C702BF765ED7, 3, (t:0, i:0))
2022-12-02 11:14:46,972 [grpc-default-executor-5] INFO  impl.VoteContext (VoteContext.java:log(49)) - c26475c3-4ee1-492c-b3e0-9196e8cc0198@group-C702BF765ED7-FOLLOWER: accept ELECTION from 7d2395d2-eabc-4616-a887-e94e2c3276b4: our priority 0 <= candidate's priority 1
2022-12-02 11:14:46,972 [grpc-default-executor-5] INFO  server.RaftServer$Division (RaftServerImpl.java:setRole(321)) - c26475c3-4ee1-492c-b3e0-9196e8cc0198@group-C702BF765ED7: changes role from  FOLLOWER to FOLLOWER at term 3 for candidate:7d2395d2-eabc-4616-a887-e94e2c3276b4
2022-12-02 11:14:46,972 [grpc-default-executor-5] INFO  impl.RoleInfo (RoleInfo.java:shutdownFollowerState(110)) - c26475c3-4ee1-492c-b3e0-9196e8cc0198: shutdown c26475c3-4ee1-492c-b3e0-9196e8cc0198@group-C702BF765ED7-FollowerState
2022-12-02 11:14:46,972 [grpc-default-executor-5] INFO  impl.RoleInfo (RoleInfo.java:updateAndGet(139)) - c26475c3-4ee1-492c-b3e0-9196e8cc0198: start c26475c3-4ee1-492c-b3e0-9196e8cc0198@group-C702BF765ED7-FollowerState
2022-12-02 11:14:46,972 [c26475c3-4ee1-492c-b3e0-9196e8cc0198@group-C702BF765ED7-FollowerState] INFO  impl.FollowerState (FollowerState.java:run(152)) - c26475c3-4ee1-492c-b3e0-9196e8cc0198@group-C702BF765ED7-FollowerState was interrupted
2022-12-02 11:14:46,973 [7d2395d2-eabc-4616-a887-e94e2c3276b4@group-C702BF765ED7-LeaderElection41] INFO  impl.LeaderElection (LeaderElection.java:logAndReturn(90)) - 7d2395d2-eabc-4616-a887-e94e2c3276b4@group-C702BF765ED7-LeaderElection41: ELECTION PASSED received 1 response(s) and 0 exception(s):
2022-12-02 11:14:46,973 [7d2395d2-eabc-4616-a887-e94e2c3276b4@group-C702BF765ED7-LeaderElection41] INFO  impl.LeaderElection (LeaderElection.java:logAndReturn(94)) -   Response 0: 7d2395d2-eabc-4616-a887-e94e2c3276b4<-4a0ae1c5-f8a8-4716-8c13-266b2f364a7b#0:OK-t3
2022-12-02 11:14:46,974 [7d2395d2-eabc-4616-a887-e94e2c3276b4@group-C702BF765ED7-LeaderElection41] INFO  impl.LeaderElection (LeaderElection.java:askForVotes(314)) - 7d2395d2-eabc-4616-a887-e94e2c3276b4@group-C702BF765ED7-LeaderElection41 ELECTION round 0: result PASSED
2022-12-02 11:14:46,974 [7d2395d2-eabc-4616-a887-e94e2c3276b4@group-C702BF765ED7-LeaderElection41] INFO  impl.RoleInfo (RoleInfo.java:shutdownLeaderElection(130)) - 7d2395d2-eabc-4616-a887-e94e2c3276b4: shutdown 7d2395d2-eabc-4616-a887-e94e2c3276b4@group-C702BF765ED7-LeaderElection41
2022-12-02 11:14:46,974 [7d2395d2-eabc-4616-a887-e94e2c3276b4@group-C702BF765ED7-LeaderElection41] INFO  server.RaftServer$Division (RaftServerImpl.java:setRole(321)) - 7d2395d2-eabc-4616-a887-e94e2c3276b4@group-C702BF765ED7: changes role from CANDIDATE to LEADER at term 3 for changeToLeader
2022-12-02 11:14:46,974 [7d2395d2-eabc-4616-a887-e94e2c3276b4@group-C702BF765ED7-LeaderElection41] INFO  ratis.XceiverServerRatis (XceiverServerRatis.java:handleLeaderChangedNotification(863)) - Leader change notification received for group: group-C702BF765ED7 with new leaderId: 7d2395d2-eabc-4616-a887-e94e2c3276b4
2022-12-02 11:14:46,974 [7d2395d2-eabc-4616-a887-e94e2c3276b4@group-C702BF765ED7-LeaderElection41] INFO  server.RaftServer$Division (ServerState.java:setLeader(313)) - 7d2395d2-eabc-4616-a887-e94e2c3276b4@group-C702BF765ED7: change Leader from null to 7d2395d2-eabc-4616-a887-e94e2c3276b4 at term 3 for becomeLeader, leader elected after 15256ms
2022-12-02 11:14:46,974 [c26475c3-4ee1-492c-b3e0-9196e8cc0198@group-C702BF765ED7-FollowerState] INFO  server.RaftServerConfigKeys (ConfUtils.java:logFallback(53)) - raft.server.rpc.first-election.timeout.min = 5s (fallback to raft.server.rpc.timeout.min)
2022-12-02 11:14:46,974 [7d2395d2-eabc-4616-a887-e94e2c3276b4@group-C702BF765ED7-LeaderElection41] INFO  server.RaftServerConfigKeys (ConfUtils.java:logGet(46)) - raft.server.staging.catchup.gap = 1000 (default)
2022-12-02 11:14:46,974 [c26475c3-4ee1-492c-b3e0-9196e8cc0198@group-C702BF765ED7-FollowerState] INFO  server.RaftServerConfigKeys (ConfUtils.java:logFallback(53)) - raft.server.rpc.first-election.timeout.max = 5200ms (fallback to raft.server.rpc.timeout.max)
2022-12-02 11:14:46,974 [7d2395d2-eabc-4616-a887-e94e2c3276b4@group-C702BF765ED7-LeaderElection41] INFO  server.RaftServerConfigKeys (ConfUtils.java:logGet(46)) - raft.server.write.element-limit = 1024 (custom)
2022-12-02 11:14:46,975 [7d2395d2-eabc-4616-a887-e94e2c3276b4@group-C702BF765ED7-LeaderElection41] INFO  server.RaftServerConfigKeys (ConfUtils.java:logGet(46)) - raft.server.write.byte-limit = 1024 M (=1073741824) (custom)
2022-12-02 11:14:46,975 [grpc-default-executor-5] INFO  server.RaftServer$Division (RaftServerImpl.java:requestVote(1251)) - c26475c3-4ee1-492c-b3e0-9196e8cc0198@group-C702BF765ED7 replies to ELECTION vote request: 7d2395d2-eabc-4616-a887-e94e2c3276b4<-c26475c3-4ee1-492c-b3e0-9196e8cc0198#0:OK-t3. Peer's state: c26475c3-4ee1-492c-b3e0-9196e8cc0198@group-C702BF765ED7:t3, leader=null, voted=7d2395d2-eabc-4616-a887-e94e2c3276b4, raftlog=Memoized:c26475c3-4ee1-492c-b3e0-9196e8cc0198@group-C702BF765ED7-SegmentedRaftLog:OPENED:c-1, conf=-1: peers:[c26475c3-4ee1-492c-b3e0-9196e8cc0198|rpc:10.1.0.7:38613|priority:0|startupRole:FOLLOWER, 7d2395d2-eabc-4616-a887-e94e2c3276b4|rpc:10.1.0.7:39491|priority:1|startupRole:FOLLOWER, 4a0ae1c5-f8a8-4716-8c13-266b2f364a7b|rpc:10.1.0.7:36099|priority:0|startupRole:FOLLOWER]|listeners:[], old=null
2022-12-02 11:14:46,975 [7d2395d2-eabc-4616-a887-e94e2c3276b4@group-C702BF765ED7-LeaderElection41] INFO  server.RaftServerConfigKeys (ConfUtils.java:logGet(46)) - raft.server.watch.timeout = 180s (custom)
2022-12-02 11:14:46,975 [7d2395d2-eabc-4616-a887-e94e2c3276b4@group-C702BF765ED7-LeaderElection41] INFO  server.RaftServerConfigKeys (ConfUtils.java:logGet(46)) - raft.server.watch.timeout.denomination = 1s (default)
2022-12-02 11:14:46,975 [7d2395d2-eabc-4616-a887-e94e2c3276b4@group-C702BF765ED7-LeaderElection41] INFO  server.RaftServerConfigKeys (ConfUtils.java:logGet(46)) - raft.server.watch.element-limit = 65536 (default)
2022-12-02 11:14:46,975 [7d2395d2-eabc-4616-a887-e94e2c3276b4@group-C702BF765ED7-LeaderElection41] INFO  server.RaftServerConfigKeys (ConfUtils.java:logGet(46)) - raft.server.write.element-limit = 1024 (custom)
2022-12-02 11:14:46,975 [7d2395d2-eabc-4616-a887-e94e2c3276b4@group-C702BF765ED7-LeaderElection41] INFO  server.RaftServerConfigKeys (ConfUtils.java:logGet(46)) - raft.server.write.follower.gap.ratio.max = -1.0 (default)
2022-12-02 11:14:46,977 [7d2395d2-eabc-4616-a887-e94e2c3276b4@group-C702BF765ED7-LeaderElection41] INFO  server.RaftServerConfigKeys (ConfUtils.java:logGet(46)) - raft.server.log.appender.snapshot.chunk.size.max = 16MB (=16777216) (default)
2022-12-02 11:14:46,978 [7d2395d2-eabc-4616-a887-e94e2c3276b4@group-C702BF765ED7-LeaderElection41] INFO  server.RaftServerConfigKeys (ConfUtils.java:logGet(46)) - raft.server.log.appender.buffer.byte-limit = 33554432 (custom)
2022-12-02 11:14:46,978 [7d2395d2-eabc-4616-a887-e94e2c3276b4@group-C702BF765ED7-LeaderElection41] INFO  server.RaftServerConfigKeys (ConfUtils.java:logGet(46)) - raft.server.log.appender.buffer.element-limit = 1 (custom)
2022-12-02 11:14:46,979 [7d2395d2-eabc-4616-a887-e94e2c3276b4@group-C702BF765ED7-LeaderElection41] INFO  grpc.GrpcConfigKeys (ConfUtils.java:logGet(46)) - raft.grpc.server.leader.outstanding.appends.max = 128 (default)
2022-12-02 11:14:46,979 [7d2395d2-eabc-4616-a887-e94e2c3276b4@group-C702BF765ED7-LeaderElection41] INFO  server.RaftServerConfigKeys (ConfUtils.java:logGet(46)) - raft.server.rpc.request.timeout = 60s (custom)
2022-12-02 11:14:46,979 [7d2395d2-eabc-4616-a887-e94e2c3276b4@group-C702BF765ED7-LeaderElection41] INFO  server.RaftServerConfigKeys (ConfUtils.java:logGet(46)) - raft.server.log.appender.install.snapshot.enabled = false (custom)
2022-12-02 11:14:46,979 [7d2395d2-eabc-4616-a887-e94e2c3276b4@group-C702BF765ED7-LeaderElection41] INFO  grpc.GrpcConfigKeys (ConfUtils.java:logGet(46)) - raft.grpc.server.heartbeat.channel = true (default)
2022-12-02 11:14:46,979 [7d2395d2-eabc-4616-a887-e94e2c3276b4@group-C702BF765ED7-LeaderElection41] INFO  server.RaftServerConfigKeys (ConfUtils.java:logGet(46)) - raft.server.log.appender.wait-time.min = 10ms (default)
2022-12-02 11:14:46,979 [EventQueue-PipelineReportForPipelineReportHandler] INFO  pipeline.PipelineManagerImpl (PipelineManagerImpl.java:openPipeline(367)) - Pipeline Pipeline[ Id: 1bdcf13f-aa6d-4dc9-affe-c702bf765ed7, Nodes: 7d2395d2-eabc-4616-a887-e94e2c3276b4{ip: 10.1.0.7, host: fv-az205-634.k2gd1z4tyxsu3cbgyjsjq30zwf.jx.internal.cloudapp.net, ports: [REPLICATION=39045, RATIS=39491, RATIS_ADMIN=39491, RATIS_SERVER=39491, STANDALONE=46563], networkLocation: /default-rack, certSerialId: null, persistedOpState: IN_SERVICE, persistedOpStateExpiryEpochSec: 0}c26475c3-4ee1-492c-b3e0-9196e8cc0198{ip: 10.1.0.7, host: fv-az205-634.k2gd1z4tyxsu3cbgyjsjq30zwf.jx.internal.cloudapp.net, ports: [REPLICATION=34479, RATIS=38613, RATIS_ADMIN=38613, RATIS_SERVER=38613, STANDALONE=38627], networkLocation: /default-rack, certSerialId: null, persistedOpState: IN_SERVICE, persistedOpStateExpiryEpochSec: 0}4a0ae1c5-f8a8-4716-8c13-266b2f364a7b{ip: 10.1.0.7, host: fv-az205-634.k2gd1z4tyxsu3cbgyjsjq30zwf.jx.internal.cloudapp.net, ports: [REPLICATION=34821, RATIS=36099, RATIS_ADMIN=36099, RATIS_SERVER=36099, STANDALONE=43587], networkLocation: /default-rack, certSerialId: null, persistedOpState: IN_SERVICE, persistedOpStateExpiryEpochSec: 0}, ReplicationConfig: RATIS/THREE, State:ALLOCATED, leaderId:7d2395d2-eabc-4616-a887-e94e2c3276b4, CreationTimestamp2022-12-02T11:14:29.481Z[Etc/UTC]] moved to OPEN state
2022-12-02 11:14:46,980 [EventQueue-CommandQueueReportForCommandQueueReportHandler] WARN  events.EventQueue (EventQueue.java:fireEvent(216)) - No event handler registered for event TypedEvent{payloadType=DatanodeDetails, name='Datanode_Command_Queue_Updated'}
2022-12-02 11:14:46,981 [7d2395d2-eabc-4616-a887-e94e2c3276b4@group-C702BF765ED7-LeaderElection41] INFO  server.RaftServerConfigKeys (ConfUtils.java:logGet(46)) - raft.server.log.appender.snapshot.chunk.size.max = 16MB (=16777216) (default)
2022-12-02 11:14:46,981 [7d2395d2-eabc-4616-a887-e94e2c3276b4@group-C702BF765ED7-LeaderElection41] INFO  server.RaftServerConfigKeys (ConfUtils.java:logGet(46)) - raft.server.log.appender.buffer.byte-limit = 33554432 (custom)
2022-12-02 11:14:46,981 [7d2395d2-eabc-4616-a887-e94e2c3276b4@group-C702BF765ED7-LeaderElection41] INFO  server.RaftServerConfigKeys (ConfUtils.java:logGet(46)) - raft.server.log.appender.buffer.element-limit = 1 (custom)
2022-12-02 11:14:46,982 [7d2395d2-eabc-4616-a887-e94e2c3276b4@group-C702BF765ED7-LeaderElection41] INFO  grpc.GrpcConfigKeys (ConfUtils.java:logGet(46)) - raft.grpc.server.leader.outstanding.appends.max = 128 (default)
2022-12-02 11:14:46,982 [7d2395d2-eabc-4616-a887-e94e2c3276b4@group-C702BF765ED7-LeaderElection41] INFO  server.RaftServerConfigKeys (ConfUtils.java:logGet(46)) - raft.server.rpc.request.timeout = 60s (custom)
2022-12-02 11:14:46,982 [7d2395d2-eabc-4616-a887-e94e2c3276b4@group-C702BF765ED7-LeaderElection41] INFO  server.RaftServerConfigKeys (ConfUtils.java:logGet(46)) - raft.server.log.appender.install.snapshot.enabled = false (custom)
2022-12-02 11:14:46,982 [Listener at 127.0.0.1/35473] INFO  ozone.MiniOzoneClusterImpl (MiniOzoneClusterImpl.java:shutdown(448)) - Shutting down the Mini Ozone Cluster
2022-12-02 11:14:46,982 [7d2395d2-eabc-4616-a887-e94e2c3276b4@group-C702BF765ED7-LeaderElection41] INFO  grpc.GrpcConfigKeys (ConfUtils.java:logGet(46)) - raft.grpc.server.heartbeat.channel = true (default)
2022-12-02 11:14:46,982 [Listener at 127.0.0.1/35473] INFO  ozone.MiniOzoneClusterImpl (MiniOzoneClusterImpl.java:stop(463)) - Stopping the Mini Ozone Cluster
2022-12-02 11:14:46,982 [Listener at 127.0.0.1/35473] INFO  ozone.MiniOzoneClusterImpl (MiniOzoneClusterImpl.java:stopOM(545)) - Stopping the OzoneManager
2022-12-02 11:14:46,982 [7d2395d2-eabc-4616-a887-e94e2c3276b4@group-C702BF765ED7-LeaderElection41] INFO  server.RaftServerConfigKeys (ConfUtils.java:logGet(46)) - raft.server.log.appender.wait-time.min = 10ms (default)
2022-12-02 11:14:46,983 [Listener at 127.0.0.1/35473] INFO  om.OzoneManager (OzoneManager.java:stop(2036)) - om1[localhost:0]: Stopping Ozone Manager
2022-12-02 11:14:46,983 [Listener at 127.0.0.1/35473] INFO  ipc.Server (Server.java:stop(3428)) - Stopping server on 35473
2022-12-02 11:14:46,984 [7d2395d2-eabc-4616-a887-e94e2c3276b4@group-C702BF765ED7-LeaderElection41] INFO  impl.RoleInfo (RoleInfo.java:updateAndGet(139)) - 7d2395d2-eabc-4616-a887-e94e2c3276b4: start 7d2395d2-eabc-4616-a887-e94e2c3276b4@group-C702BF765ED7-LeaderStateImpl
2022-12-02 11:14:46,990 [Listener at 127.0.0.1/35473] INFO  server.RaftServer (RaftServerProxy.java:lambda$close$6(409)) - om1: close
2022-12-02 11:14:46,990 [IPC Server Responder] INFO  ipc.Server (Server.java:run(1517)) - Stopping IPC Server Responder
2022-12-02 11:14:46,990 [om1-impl-thread1] INFO  server.RaftServer$Division (RaftServerImpl.java:lambda$close$4(458)) - om1@group-C5BA1605619E: shutdown
2022-12-02 11:14:46,990 [om1-impl-thread1] INFO  util.JmxRegister (JmxRegister.java:unregister(73)) - Successfully un-registered JMX Bean with object name Ratis:service=RaftServer,group=group-C5BA1605619E,id=om1
2022-12-02 11:14:46,991 [om1-impl-thread1] INFO  impl.RoleInfo (RoleInfo.java:shutdownLeaderState(93)) - om1: shutdown om1@group-C5BA1605619E-LeaderStateImpl
2022-12-02 11:14:46,991 [om1-impl-thread1] INFO  impl.PendingRequests (PendingRequests.java:sendNotLeaderResponses(282)) - om1@group-C5BA1605619E-PendingRequests: sendNotLeaderResponses
2022-12-02 11:14:46,991 [om1-impl-thread1] INFO  impl.StateMachineUpdater (StateMachineUpdater.java:stopAndJoin(153)) - om1@group-C5BA1605619E-StateMachineUpdater: set stopIndex = 0
2022-12-02 11:14:46,989 [IPC Server listener on 0] INFO  ipc.Server (Server.java:run(1384)) - Stopping IPC Server listener on 0
2022-12-02 11:14:46,991 [om1@group-C5BA1605619E-StateMachineUpdater] INFO  ratis.OzoneManagerStateMachine (OzoneManagerStateMachine.java:takeSnapshot(445)) - Current Snapshot Index (t:1, i:0)
2022-12-02 11:14:46,992 [Listener at 127.0.0.1/35473] INFO  server.GrpcService (GrpcService.java:closeImpl(279)) - om1: shutdown server GrpcServerProtocolService now
2022-12-02 11:14:46,992 [om1@group-C5BA1605619E-StateMachineUpdater] INFO  impl.StateMachineUpdater (StateMachineUpdater.java:takeSnapshot(287)) - om1@group-C5BA1605619E-StateMachineUpdater: Took a snapshot at index 0
2022-12-02 11:14:46,992 [om1@group-C5BA1605619E-StateMachineUpdater] INFO  impl.StateMachineUpdater (StateMachineUpdater.java:lambda$new$0(92)) - om1@group-C5BA1605619E-StateMachineUpdater: snapshotIndex: updateIncreasingly -1 -> 0
2022-12-02 11:14:46,991 [7d2395d2-eabc-4616-a887-e94e2c3276b4@group-C702BF765ED7-LeaderElection41] INFO  segmented.SegmentedRaftLogWorker (SegmentedRaftLogWorker.java:startLogSegment(452)) - 7d2395d2-eabc-4616-a887-e94e2c3276b4@group-C702BF765ED7-SegmentedRaftLogWorker: Starting segment from index:0
2022-12-02 11:14:46,993 [om1@group-C5BA1605619E-StateMachineUpdater] INFO  ratis.OzoneManagerStateMachine (OzoneManagerStateMachine.java:close(499)) - StateMachine has shutdown. Shutdown OzoneManager if not already shutdown.
2022-12-02 11:14:46,995 [om1@group-C5BA1605619E-StateMachineUpdater] INFO  ratis.OzoneManagerDoubleBuffer (OzoneManagerDoubleBuffer.java:stop(466)) - Stopping OMDoubleBuffer flush thread
2022-12-02 11:14:46,995 [Listener at 127.0.0.1/35473] INFO  server.GrpcService (GrpcService.java:closeImpl(288)) - om1: shutdown server GrpcServerProtocolService successfully
2022-12-02 11:14:46,995 [OMDoubleBufferFlushThread] INFO  ratis.OzoneManagerDoubleBuffer (OzoneManagerDoubleBuffer.java:flushTransactions(385)) - OMDoubleBuffer flush thread OMDoubleBufferFlushThread is interrupted and will exit.
2022-12-02 11:14:46,995 [7d2395d2-eabc-4616-a887-e94e2c3276b4@group-C702BF765ED7-SegmentedRaftLogWorker] INFO  segmented.SegmentedRaftLogWorker (SegmentedRaftLogWorker.java:execute(656)) - 7d2395d2-eabc-4616-a887-e94e2c3276b4@group-C702BF765ED7-SegmentedRaftLogWorker: created new log segment /home/runner/work/ozone/ozone/hadoop-ozone/integration-test/target/test-dir/MiniOzoneClusterImpl-f8f2b39f-22db-49ae-ab20-f7a2434191fa/datanode-4/data/ratis/1bdcf13f-aa6d-4dc9-affe-c702bf765ed7/current/log_inprogress_0
2022-12-02 11:14:47,003 [7d2395d2-eabc-4616-a887-e94e2c3276b4@group-C702BF765ED7-LeaderElection41] INFO  server.RaftServer$Division (ServerState.java:setRaftConf(430)) - 7d2395d2-eabc-4616-a887-e94e2c3276b4@group-C702BF765ED7: set configuration 0: peers:[c26475c3-4ee1-492c-b3e0-9196e8cc0198|rpc:10.1.0.7:38613|dataStream:|priority:0|startupRole:FOLLOWER, 7d2395d2-eabc-4616-a887-e94e2c3276b4|rpc:10.1.0.7:39491|dataStream:|priority:1|startupRole:FOLLOWER, 4a0ae1c5-f8a8-4716-8c13-266b2f364a7b|rpc:10.1.0.7:36099|dataStream:|priority:0|startupRole:FOLLOWER]|listeners:[], old=null
2022-12-02 11:14:47,003 [om1-impl-thread1] INFO  server.RaftServer$Division (ServerState.java:close(466)) - om1@group-C5BA1605619E: closes. applyIndex: 0
2022-12-02 11:14:47,003 [om1@group-C5BA1605619E-SegmentedRaftLogWorker] INFO  segmented.SegmentedRaftLogWorker (SegmentedRaftLogWorker.java:run(347)) - om1@group-C5BA1605619E-SegmentedRaftLogWorker was interrupted, exiting. There are 0 tasks remaining in the queue.
2022-12-02 11:14:47,007 [om1-impl-thread1] INFO  segmented.SegmentedRaftLogWorker (SegmentedRaftLogWorker.java:close(257)) - om1@group-C5BA1605619E-SegmentedRaftLogWorker close()
2022-12-02 11:14:47,007 [JvmPauseMonitor11] INFO  util.JvmPauseMonitor (JvmPauseMonitor.java:run(111)) - JvmPauseMonitor-om1: Stopped
2022-12-02 11:14:47,008 [Listener at 127.0.0.1/35473] INFO  ratis.OzoneManagerStateMachine (OzoneManagerStateMachine.java:close(499)) - StateMachine has shutdown. Shutdown OzoneManager if not already shutdown.
2022-12-02 11:14:47,008 [Listener at 127.0.0.1/35473] INFO  ratis.OzoneManagerDoubleBuffer (OzoneManagerDoubleBuffer.java:stop(478)) - OMDoubleBuffer flush thread is not running.
2022-12-02 11:14:47,008 [Listener at 127.0.0.1/35473] INFO  utils.BackgroundService (BackgroundService.java:shutdown(141)) - Shutting down service KeyDeletingService
2022-12-02 11:14:47,008 [Listener at 127.0.0.1/35473] INFO  utils.BackgroundService (BackgroundService.java:shutdown(141)) - Shutting down service DirectoryDeletingService
2022-12-02 11:14:47,011 [Listener at 127.0.0.1/35473] INFO  utils.BackgroundService (BackgroundService.java:shutdown(141)) - Shutting down service OpenKeyCleanupService
2022-12-02 11:14:47,012 [Listener at 127.0.0.1/35473] INFO  handler.ContextHandler (ContextHandler.java:doStop(1159)) - Stopped o.e.j.w.WebAppContext@7824842d{ozoneManager,/,null,STOPPED}{file:/home/runner/work/ozone/ozone/hadoop-ozone/integration-test/target/test-classes/webapps/ozoneManager}
2022-12-02 11:14:47,012 [Listener at 127.0.0.1/35473] INFO  server.AbstractConnector (AbstractConnector.java:doStop(383)) - Stopped ServerConnector@7bf42cfa{HTTP/1.1, (http/1.1)}{0.0.0.0:0}
2022-12-02 11:14:47,013 [Listener at 127.0.0.1/35473] INFO  server.session (HouseKeeper.java:stopScavenging(149)) - node0 Stopped scavenging
2022-12-02 11:14:47,013 [Listener at 127.0.0.1/35473] INFO  handler.ContextHandler (ContextHandler.java:doStop(1159)) - Stopped o.e.j.s.ServletContextHandler@4ab50d80{static,/static,file:///home/runner/work/ozone/ozone/hadoop-ozone/integration-test/target/test-classes/webapps/static,STOPPED}
2022-12-02 11:14:47,013 [Listener at 127.0.0.1/35473] INFO  handler.ContextHandler (ContextHandler.java:doStop(1159)) - Stopped o.e.j.s.ServletContextHandler@4e3617fe{logs,/logs,file:///home/runner/work/ozone/ozone/hadoop-ozone/integration-test/target/log,STOPPED}
2022-12-02 11:14:47,019 [Listener at 127.0.0.1/35473] INFO  ozone.MiniOzoneClusterImpl (MiniOzoneClusterImpl.java:stopDatanodes(522)) - Stopping the HddsDatanodes
2022-12-02 11:14:47,019 [4a0ae1c5-f8a8-4716-8c13-266b2f364a7b-server-thread1] INFO  ratis.XceiverServerRatis (XceiverServerRatis.java:handleLeaderChangedNotification(863)) - Leader change notification received for group: group-C702BF765ED7 with new leaderId: 7d2395d2-eabc-4616-a887-e94e2c3276b4
2022-12-02 11:14:47,019 [4a0ae1c5-f8a8-4716-8c13-266b2f364a7b-server-thread1] INFO  server.RaftServer$Division (ServerState.java:setLeader(313)) - 4a0ae1c5-f8a8-4716-8c13-266b2f364a7b@group-C702BF765ED7: change Leader from null to 7d2395d2-eabc-4616-a887-e94e2c3276b4 at term 3 for appendEntries, leader elected after 15172ms
2022-12-02 11:14:47,021 [Listener at 127.0.0.1/35473] INFO  ozoneimpl.OzoneContainer (OzoneContainer.java:stop(417)) - Attempting to stop container services.
2022-12-02 11:14:47,023 [Listener at 127.0.0.1/35473] INFO  server.RaftServer (RaftServerProxy.java:lambda$close$6(409)) - c26475c3-4ee1-492c-b3e0-9196e8cc0198: close
2022-12-02 11:14:47,023 [Listener at 127.0.0.1/35473] INFO  server.GrpcService (GrpcService.java:closeImpl(279)) - c26475c3-4ee1-492c-b3e0-9196e8cc0198: shutdown server GrpcServerProtocolService now
2022-12-02 11:14:47,023 [c26475c3-4ee1-492c-b3e0-9196e8cc0198-impl-thread1] INFO  server.RaftServer$Division (RaftServerImpl.java:lambda$close$4(458)) - c26475c3-4ee1-492c-b3e0-9196e8cc0198@group-C702BF765ED7: shutdown
2022-12-02 11:14:47,023 [c26475c3-4ee1-492c-b3e0-9196e8cc0198-impl-thread1] INFO  util.JmxRegister (JmxRegister.java:unregister(73)) - Successfully un-registered JMX Bean with object name Ratis:service=RaftServer,group=group-C702BF765ED7,id=c26475c3-4ee1-492c-b3e0-9196e8cc0198
2022-12-02 11:14:47,023 [c26475c3-4ee1-492c-b3e0-9196e8cc0198-impl-thread1] INFO  impl.RoleInfo (RoleInfo.java:shutdownFollowerState(110)) - c26475c3-4ee1-492c-b3e0-9196e8cc0198: shutdown c26475c3-4ee1-492c-b3e0-9196e8cc0198@group-C702BF765ED7-FollowerState
2022-12-02 11:14:47,023 [c26475c3-4ee1-492c-b3e0-9196e8cc0198-impl-thread1] INFO  impl.StateMachineUpdater (StateMachineUpdater.java:stopAndJoin(153)) - c26475c3-4ee1-492c-b3e0-9196e8cc0198@group-C702BF765ED7-StateMachineUpdater: set stopIndex = -1
2022-12-02 11:14:47,023 [c26475c3-4ee1-492c-b3e0-9196e8cc0198-impl-thread1] INFO  server.RaftServer$Division (ServerState.java:close(466)) - c26475c3-4ee1-492c-b3e0-9196e8cc0198@group-C702BF765ED7: closes. applyIndex: -1
2022-12-02 11:14:47,023 [c26475c3-4ee1-492c-b3e0-9196e8cc0198@group-C702BF765ED7-SegmentedRaftLogWorker] INFO  segmented.SegmentedRaftLogWorker (SegmentedRaftLogWorker.java:run(347)) - c26475c3-4ee1-492c-b3e0-9196e8cc0198@group-C702BF765ED7-SegmentedRaftLogWorker was interrupted, exiting. There are 0 tasks remaining in the queue.
2022-12-02 11:14:47,023 [c26475c3-4ee1-492c-b3e0-9196e8cc0198@group-C702BF765ED7-FollowerState] INFO  impl.FollowerState (FollowerState.java:run(152)) - c26475c3-4ee1-492c-b3e0-9196e8cc0198@group-C702BF765ED7-FollowerState was interrupted
2022-12-02 11:14:47,024 [c26475c3-4ee1-492c-b3e0-9196e8cc0198-impl-thread1] INFO  segmented.SegmentedRaftLogWorker (SegmentedRaftLogWorker.java:close(257)) - c26475c3-4ee1-492c-b3e0-9196e8cc0198@group-C702BF765ED7-SegmentedRaftLogWorker close()
2022-12-02 11:14:47,024 [ForkJoinPool.commonPool-worker-0] INFO  ozoneimpl.OzoneContainer (OzoneContainer.java:stop(417)) - Attempting to stop container services.
2022-12-02 11:14:47,028 [4a0ae1c5-f8a8-4716-8c13-266b2f364a7b-server-thread1] INFO  server.RaftServer$Division (ServerState.java:setRaftConf(430)) - 4a0ae1c5-f8a8-4716-8c13-266b2f364a7b@group-C702BF765ED7: set configuration 0: peers:[c26475c3-4ee1-492c-b3e0-9196e8cc0198|rpc:10.1.0.7:38613|dataStream:|priority:0|startupRole:FOLLOWER, 7d2395d2-eabc-4616-a887-e94e2c3276b4|rpc:10.1.0.7:39491|dataStream:|priority:1|startupRole:FOLLOWER, 4a0ae1c5-f8a8-4716-8c13-266b2f364a7b|rpc:10.1.0.7:36099|dataStream:|priority:0|startupRole:FOLLOWER]|listeners:[], old=null
2022-12-02 11:14:47,028 [Listener at 127.0.0.1/35473] INFO  server.GrpcServerProtocolClient (GrpcServerProtocolClient.java:close(111)) - 7d2395d2-eabc-4616-a887-e94e2c3276b4 Close channels
2022-12-02 11:14:47,028 [4a0ae1c5-f8a8-4716-8c13-266b2f364a7b-server-thread1] INFO  segmented.SegmentedRaftLogWorker (SegmentedRaftLogWorker.java:startLogSegment(452)) - 4a0ae1c5-f8a8-4716-8c13-266b2f364a7b@group-C702BF765ED7-SegmentedRaftLogWorker: Starting segment from index:0
2022-12-02 11:14:47,031 [grpc-default-executor-1] WARN  server.GrpcServerProtocolService (LogUtils.java:warn(122)) - c26475c3-4ee1-492c-b3e0-9196e8cc0198: installSnapshot onError, lastRequest: null: org.apache.ratis.thirdparty.io.grpc.StatusRuntimeException: CANCELLED: client cancelled
2022-12-02 11:14:47,033 [4a0ae1c5-f8a8-4716-8c13-266b2f364a7b@group-C702BF765ED7-SegmentedRaftLogWorker] INFO  segmented.SegmentedRaftLogWorker (SegmentedRaftLogWorker.java:execute(656)) - 4a0ae1c5-f8a8-4716-8c13-266b2f364a7b@group-C702BF765ED7-SegmentedRaftLogWorker: created new log segment /home/runner/work/ozone/ozone/hadoop-ozone/integration-test/target/test-dir/MiniOzoneClusterImpl-f8f2b39f-22db-49ae-ab20-f7a2434191fa/datanode-5/data/ratis/1bdcf13f-aa6d-4dc9-affe-c702bf765ed7/current/log_inprogress_0
2022-12-02 11:14:47,034 [Listener at 127.0.0.1/35473] INFO  server.GrpcServerProtocolClient (GrpcServerProtocolClient.java:close(111)) - 4a0ae1c5-f8a8-4716-8c13-266b2f364a7b Close channels
2022-12-02 11:14:47,034 [grpc-default-executor-0] WARN  server.GrpcLogAppender (LogUtils.java:warn(122)) - 7d2395d2-eabc-4616-a887-e94e2c3276b4@group-C702BF765ED7->c26475c3-4ee1-492c-b3e0-9196e8cc0198-AppendLogResponseHandler: Failed appendEntries: org.apache.ratis.thirdparty.io.grpc.StatusRuntimeException: UNAVAILABLE: io exception
2022-12-02 11:14:47,036 [grpc-default-executor-5] WARN  server.GrpcLogAppender (LogUtils.java:warn(122)) - 7d2395d2-eabc-4616-a887-e94e2c3276b4@group-C702BF765ED7->c26475c3-4ee1-492c-b3e0-9196e8cc0198-AppendLogResponseHandler: Failed appendEntries: org.apache.ratis.thirdparty.io.grpc.StatusRuntimeException: CANCELLED: RST_STREAM closed stream. HTTP/2 error code: CANCEL
2022-12-02 11:14:47,036 [grpc-default-executor-5] WARN  server.GrpcLogAppender (GrpcLogAppender.java:resetClient(131)) - 7d2395d2-eabc-4616-a887-e94e2c3276b4@group-C702BF765ED7->c26475c3-4ee1-492c-b3e0-9196e8cc0198-GrpcLogAppender: Leader has not got in touch with Follower 7d2395d2-eabc-4616-a887-e94e2c3276b4@group-C702BF765ED7->c26475c3-4ee1-492c-b3e0-9196e8cc0198(c-1,m0,n1, attendVote=true, lastRpcSendTime=8, lastRpcResponseTime=5261) yet, just keep nextIndex unchanged and retry.
2022-12-02 11:14:47,037 [ForkJoinPool.commonPool-worker-0] INFO  server.RaftServer (RaftServerProxy.java:lambda$close$6(409)) - aecdc221-737e-4b39-8f20-7a048fa0296a: close
2022-12-02 11:14:47,037 [grpc-default-executor-0] WARN  server.GrpcLogAppender (GrpcLogAppender.java:resetClient(131)) - 7d2395d2-eabc-4616-a887-e94e2c3276b4@group-C702BF765ED7->c26475c3-4ee1-492c-b3e0-9196e8cc0198-GrpcLogAppender: Leader has not got in touch with Follower 7d2395d2-eabc-4616-a887-e94e2c3276b4@group-C702BF765ED7->c26475c3-4ee1-492c-b3e0-9196e8cc0198(c-1,m0,n1, attendVote=true, lastRpcSendTime=8, lastRpcResponseTime=5261) yet, just keep nextIndex unchanged and retry.
2022-12-02 11:14:47,037 [aecdc221-737e-4b39-8f20-7a048fa0296a-impl-thread1] INFO  server.RaftServer$Division (RaftServerImpl.java:lambda$close$4(458)) - aecdc221-737e-4b39-8f20-7a048fa0296a@group-AA62C5EF4467: shutdown
2022-12-02 11:14:47,037 [aecdc221-737e-4b39-8f20-7a048fa0296a-impl-thread1] INFO  util.JmxRegister (JmxRegister.java:unregister(73)) - Successfully un-registered JMX Bean with object name Ratis:service=RaftServer,group=group-AA62C5EF4467,id=aecdc221-737e-4b39-8f20-7a048fa0296a
2022-12-02 11:14:47,037 [aecdc221-737e-4b39-8f20-7a048fa0296a-impl-thread1] INFO  impl.RoleInfo (RoleInfo.java:shutdownFollowerState(110)) - aecdc221-737e-4b39-8f20-7a048fa0296a: shutdown aecdc221-737e-4b39-8f20-7a048fa0296a@group-AA62C5EF4467-FollowerState
2022-12-02 11:14:47,037 [aecdc221-737e-4b39-8f20-7a048fa0296a-impl-thread1] INFO  impl.StateMachineUpdater (StateMachineUpdater.java:stopAndJoin(153)) - aecdc221-737e-4b39-8f20-7a048fa0296a@group-AA62C5EF4467-StateMachineUpdater: set stopIndex = 0
2022-12-02 11:14:47,038 [aecdc221-737e-4b39-8f20-7a048fa0296a@group-AA62C5EF4467-StateMachineUpdater] INFO  ratis.ContainerStateMachine (ContainerStateMachine.java:takeSnapshot(304)) - group-AA62C5EF4467: Taking a snapshot at:(t:3, i:0) file /home/runner/work/ozone/ozone/hadoop-ozone/integration-test/target/test-dir/MiniOzoneClusterImpl-f8f2b39f-22db-49ae-ab20-f7a2434191fa/datanode-1/data/ratis/356d780b-8409-4adf-9343-aa62c5ef4467/sm/snapshot.3_0
2022-12-02 11:14:47,039 [aecdc221-737e-4b39-8f20-7a048fa0296a@group-AA62C5EF4467-StateMachineUpdater] INFO  ratis.ContainerStateMachine (ContainerStateMachine.java:takeSnapshot(315)) - group-AA62C5EF4467: Finished taking a snapshot at:(t:3, i:0) file:/home/runner/work/ozone/ozone/hadoop-ozone/integration-test/target/test-dir/MiniOzoneClusterImpl-f8f2b39f-22db-49ae-ab20-f7a2434191fa/datanode-1/data/ratis/356d780b-8409-4adf-9343-aa62c5ef4467/sm/snapshot.3_0 took: 1 ms
2022-12-02 11:14:47,039 [aecdc221-737e-4b39-8f20-7a048fa0296a@group-AA62C5EF4467-StateMachineUpdater] INFO  impl.StateMachineUpdater (StateMachineUpdater.java:takeSnapshot(287)) - aecdc221-737e-4b39-8f20-7a048fa0296a@group-AA62C5EF4467-StateMachineUpdater: Took a snapshot at index 0
2022-12-02 11:14:47,039 [aecdc221-737e-4b39-8f20-7a048fa0296a@group-AA62C5EF4467-StateMachineUpdater] INFO  impl.StateMachineUpdater (StateMachineUpdater.java:lambda$new$0(92)) - aecdc221-737e-4b39-8f20-7a048fa0296a@group-AA62C5EF4467-StateMachineUpdater: snapshotIndex: updateIncreasingly -1 -> 0
2022-12-02 11:14:47,039 [aecdc221-737e-4b39-8f20-7a048fa0296a-impl-thread1] INFO  server.RaftServer$Division (ServerState.java:close(466)) - aecdc221-737e-4b39-8f20-7a048fa0296a@group-AA62C5EF4467: closes. applyIndex: 0
2022-12-02 11:14:47,039 [ForkJoinPool.commonPool-worker-0] INFO  server.GrpcService (GrpcService.java:closeImpl(279)) - aecdc221-737e-4b39-8f20-7a048fa0296a: shutdown server GrpcServerProtocolService now
2022-12-02 11:14:47,039 [aecdc221-737e-4b39-8f20-7a048fa0296a@group-AA62C5EF4467-FollowerState] INFO  impl.FollowerState (FollowerState.java:run(152)) - aecdc221-737e-4b39-8f20-7a048fa0296a@group-AA62C5EF4467-FollowerState was interrupted
2022-12-02 11:14:47,039 [aecdc221-737e-4b39-8f20-7a048fa0296a@group-AA62C5EF4467-SegmentedRaftLogWorker] INFO  segmented.SegmentedRaftLogWorker (SegmentedRaftLogWorker.java:run(347)) - aecdc221-737e-4b39-8f20-7a048fa0296a@group-AA62C5EF4467-SegmentedRaftLogWorker was interrupted, exiting. There are 0 tasks remaining in the queue.
2022-12-02 11:14:47,042 [Listener at 127.0.0.1/35473] INFO  server.GrpcService (GrpcService.java:closeImpl(288)) - c26475c3-4ee1-492c-b3e0-9196e8cc0198: shutdown server GrpcServerProtocolService successfully
2022-12-02 11:14:47,043 [JvmPauseMonitor15] INFO  util.JvmPauseMonitor (JvmPauseMonitor.java:run(111)) - JvmPauseMonitor-c26475c3-4ee1-492c-b3e0-9196e8cc0198: Stopped
2022-12-02 11:14:47,045 [grpc-default-executor-1] WARN  server.GrpcServerProtocolService (LogUtils.java:warn(122)) - aecdc221-737e-4b39-8f20-7a048fa0296a: installSnapshot onError, lastRequest: 90a4d295-1ed6-49a8-a392-d1efb526c081->aecdc221-737e-4b39-8f20-7a048fa0296a#1-t3,previous=(t:0, i:0),leaderCommit=0,initializing? true,entries: size=1, first=(t:3, i:0), CONFIGURATIONENTRY(current:id: "90a4d295-1ed6-49a8-a392-d1efb526c081"
address: "10.1.0.7:38181"
priority: 1
clientAddress: "10.1.0.7:38181"
adminAddress: "10.1.0.7:38181"
startupRole: FOLLOWER
,id: "aecdc221-737e-4b39-8f20-7a048fa0296a"
address: "10.1.0.7:34239"
clientAddress: "10.1.0.7:34239"
adminAddress: "10.1.0.7:34239"
startupRole: FOLLOWER
,id: "1fd27439-e6b5-4682-b1aa-75bd99d23433"
address: "10.1.0.7:38521"
clientAddress: "10.1.0.7:38521"
adminAddress: "10.1.0.7:38521"
startupRole: FOLLOWER
, old:): org.apache.ratis.thirdparty.io.grpc.StatusRuntimeException: CANCELLED: client cancelled
2022-12-02 11:14:47,050 [aecdc221-737e-4b39-8f20-7a048fa0296a-impl-thread1] INFO  segmented.SegmentedRaftLogWorker (SegmentedRaftLogWorker.java:close(257)) - aecdc221-737e-4b39-8f20-7a048fa0296a@group-AA62C5EF4467-SegmentedRaftLogWorker close()
2022-12-02 11:14:47,050 [ForkJoinPool.commonPool-worker-0] INFO  server.GrpcServerProtocolClient (GrpcServerProtocolClient.java:close(111)) - 90a4d295-1ed6-49a8-a392-d1efb526c081 Close channels
2022-12-02 11:14:47,052 [grpc-default-executor-0] WARN  server.GrpcLogAppender (LogUtils.java:warn(122)) - 90a4d295-1ed6-49a8-a392-d1efb526c081@group-AA62C5EF4467->aecdc221-737e-4b39-8f20-7a048fa0296a-AppendLogResponseHandler: Failed appendEntries: org.apache.ratis.thirdparty.io.grpc.StatusRuntimeException: CANCELLED: RST_STREAM closed stream. HTTP/2 error code: CANCEL
2022-12-02 11:14:47,053 [grpc-default-executor-0] WARN  server.GrpcLogAppender (GrpcLogAppender.java:resetClient(131)) - 90a4d295-1ed6-49a8-a392-d1efb526c081@group-AA62C5EF4467->aecdc221-737e-4b39-8f20-7a048fa0296a-GrpcLogAppender: Leader has not got in touch with Follower 90a4d295-1ed6-49a8-a392-d1efb526c081@group-AA62C5EF4467->aecdc221-737e-4b39-8f20-7a048fa0296a(c0,m0,n1, attendVote=true, lastRpcSendTime=1313, lastRpcResponseTime=1296) yet, just keep nextIndex unchanged and retry.
2022-12-02 11:14:47,057 [grpc-default-executor-1] WARN  server.GrpcServerProtocolService (LogUtils.java:warn(122)) - aecdc221-737e-4b39-8f20-7a048fa0296a: installSnapshot onError, lastRequest: null: org.apache.ratis.thirdparty.io.grpc.StatusRuntimeException: CANCELLED: client cancelled
2022-12-02 11:14:47,059 [EventQueue-CommandQueueReportForCommandQueueReportHandler] WARN  events.EventQueue (EventQueue.java:fireEvent(216)) - No event handler registered for event TypedEvent{payloadType=DatanodeDetails, name='Datanode_Command_Queue_Updated'}
2022-12-02 11:14:47,082 [grpc-default-executor-5] WARN  server.GrpcLogAppender (LogUtils.java:warn(122)) - 90a4d295-1ed6-49a8-a392-d1efb526c081@group-AA62C5EF4467->aecdc221-737e-4b39-8f20-7a048fa0296a-AppendLogResponseHandler: Failed appendEntries: org.apache.ratis.thirdparty.io.grpc.StatusRuntimeException: CANCELLED: RST_STREAM closed stream. HTTP/2 error code: CANCEL
2022-12-02 11:14:47,082 [grpc-default-executor-5] WARN  server.GrpcLogAppender (GrpcLogAppender.java:resetClient(131)) - 90a4d295-1ed6-49a8-a392-d1efb526c081@group-AA62C5EF4467->aecdc221-737e-4b39-8f20-7a048fa0296a-GrpcLogAppender: Leader has not got in touch with Follower 90a4d295-1ed6-49a8-a392-d1efb526c081@group-AA62C5EF4467->aecdc221-737e-4b39-8f20-7a048fa0296a(c0,m0,n1, attendVote=true, lastRpcSendTime=1342, lastRpcResponseTime=1325) yet, just keep nextIndex unchanged and retry.
2022-12-02 11:14:47,082 [ForkJoinPool.commonPool-worker-0] INFO  server.GrpcServerProtocolClient (GrpcServerProtocolClient.java:close(111)) - 1fd27439-e6b5-4682-b1aa-75bd99d23433 Close channels
2022-12-02 11:14:47,087 [ForkJoinPool.commonPool-worker-0] INFO  server.GrpcService (GrpcService.java:closeImpl(288)) - aecdc221-737e-4b39-8f20-7a048fa0296a: shutdown server GrpcServerProtocolService successfully
2022-12-02 11:14:47,088 [JvmPauseMonitor13] INFO  util.JvmPauseMonitor (JvmPauseMonitor.java:run(111)) - JvmPauseMonitor-aecdc221-737e-4b39-8f20-7a048fa0296a: Stopped
2022-12-02 11:14:47,698 [EventQueue-CommandQueueReportForCommandQueueReportHandler] WARN  events.EventQueue (EventQueue.java:fireEvent(216)) - No event handler registered for event TypedEvent{payloadType=DatanodeDetails, name='Datanode_Command_Queue_Updated'}
2022-12-02 11:14:48,264 [grpc-default-executor-0] WARN  server.GrpcLogAppender (LogUtils.java:warn(122)) - 7d2395d2-eabc-4616-a887-e94e2c3276b4@group-C702BF765ED7->c26475c3-4ee1-492c-b3e0-9196e8cc0198-AppendLogResponseHandler: Failed appendEntries: org.apache.ratis.thirdparty.io.grpc.StatusRuntimeException: UNAVAILABLE: io exception
2022-12-02 11:14:48,265 [grpc-default-executor-0] WARN  server.GrpcLogAppender (GrpcLogAppender.java:resetClient(131)) - 7d2395d2-eabc-4616-a887-e94e2c3276b4@group-C702BF765ED7->c26475c3-4ee1-492c-b3e0-9196e8cc0198-GrpcLogAppender: Leader has not got in touch with Follower 7d2395d2-eabc-4616-a887-e94e2c3276b4@group-C702BF765ED7->c26475c3-4ee1-492c-b3e0-9196e8cc0198(c-1,m0,n1, attendVote=true, lastRpcSendTime=9, lastRpcResponseTime=6489) yet, just keep nextIndex unchanged and retry.
2022-12-02 11:14:48,265 [grpc-default-executor-5] WARN  server.GrpcLogAppender (LogUtils.java:warn(122)) - 7d2395d2-eabc-4616-a887-e94e2c3276b4@group-C702BF765ED7->c26475c3-4ee1-492c-b3e0-9196e8cc0198-AppendLogResponseHandler: Failed appendEntries: org.apache.ratis.thirdparty.io.grpc.StatusRuntimeException: UNAVAILABLE: io exception
2022-12-02 11:14:48,265 [grpc-default-executor-5] WARN  server.GrpcLogAppender (GrpcLogAppender.java:resetClient(131)) - 7d2395d2-eabc-4616-a887-e94e2c3276b4@group-C702BF765ED7->c26475c3-4ee1-492c-b3e0-9196e8cc0198-GrpcLogAppender: Leader has not got in touch with Follower 7d2395d2-eabc-4616-a887-e94e2c3276b4@group-C702BF765ED7->c26475c3-4ee1-492c-b3e0-9196e8cc0198(c-1,m0,n1, attendVote=true, lastRpcSendTime=9, lastRpcResponseTime=6490) yet, just keep nextIndex unchanged and retry.
2022-12-02 11:14:48,269 [grpc-default-executor-5] WARN  server.GrpcLogAppender (LogUtils.java:warn(122)) - 90a4d295-1ed6-49a8-a392-d1efb526c081@group-AA62C5EF4467->aecdc221-737e-4b39-8f20-7a048fa0296a-AppendLogResponseHandler: Failed appendEntries: org.apache.ratis.thirdparty.io.grpc.StatusRuntimeException: UNAVAILABLE: io exception
2022-12-02 11:14:48,270 [grpc-default-executor-5] WARN  server.GrpcLogAppender (GrpcLogAppender.java:resetClient(131)) - 90a4d295-1ed6-49a8-a392-d1efb526c081@group-AA62C5EF4467->aecdc221-737e-4b39-8f20-7a048fa0296a-GrpcLogAppender: Leader has not got in touch with Follower 90a4d295-1ed6-49a8-a392-d1efb526c081@group-AA62C5EF4467->aecdc221-737e-4b39-8f20-7a048fa0296a(c0,m0,n1, attendVote=true, lastRpcSendTime=0, lastRpcResponseTime=2514) yet, just keep nextIndex unchanged and retry.
2022-12-02 11:14:48,278 [grpc-default-executor-0] WARN  server.GrpcLogAppender (LogUtils.java:warn(122)) - 90a4d295-1ed6-49a8-a392-d1efb526c081@group-AA62C5EF4467->aecdc221-737e-4b39-8f20-7a048fa0296a-AppendLogResponseHandler: Failed appendEntries: org.apache.ratis.thirdparty.io.grpc.StatusRuntimeException: UNAVAILABLE: io exception
2022-12-02 11:14:48,279 [grpc-default-executor-0] WARN  server.GrpcLogAppender (GrpcLogAppender.java:resetClient(131)) - 90a4d295-1ed6-49a8-a392-d1efb526c081@group-AA62C5EF4467->aecdc221-737e-4b39-8f20-7a048fa0296a-GrpcLogAppender: Leader has not got in touch with Follower 90a4d295-1ed6-49a8-a392-d1efb526c081@group-AA62C5EF4467->aecdc221-737e-4b39-8f20-7a048fa0296a(c0,m0,n1, attendVote=true, lastRpcSendTime=9, lastRpcResponseTime=2523) yet, just keep nextIndex unchanged and retry.
2022-12-02 11:14:48,561 [EventQueue-CommandQueueReportForCommandQueueReportHandler] WARN  events.EventQueue (EventQueue.java:fireEvent(216)) - No event handler registered for event TypedEvent{payloadType=DatanodeDetails, name='Datanode_Command_Queue_Updated'}
2022-12-02 11:14:48,983 [EventQueue-CommandQueueReportForCommandQueueReportHandler] WARN  events.EventQueue (EventQueue.java:fireEvent(216)) - No event handler registered for event TypedEvent{payloadType=DatanodeDetails, name='Datanode_Command_Queue_Updated'}
2022-12-02 11:14:49,058 [EventQueue-CommandQueueReportForCommandQueueReportHandler] WARN  events.EventQueue (EventQueue.java:fireEvent(216)) - No event handler registered for event TypedEvent{payloadType=DatanodeDetails, name='Datanode_Command_Queue_Updated'}
2022-12-02 11:14:49,123 [Listener at 127.0.0.1/35473] INFO  volume.HddsVolume (HddsVolume.java:closeDbStore(338)) - SchemaV3 db is stopped at /home/runner/work/ozone/ozone/hadoop-ozone/integration-test/target/test-dir/MiniOzoneClusterImpl-f8f2b39f-22db-49ae-ab20-f7a2434191fa/datanode-3/data-0/containers/hdds/f8f2b39f-22db-49ae-ab20-f7a2434191fa/DS-dfa6299c-09b6-4860-a947-1607fe6da67f/container.db for volume DS-dfa6299c-09b6-4860-a947-1607fe6da67f
2022-12-02 11:14:49,123 [Listener at 127.0.0.1/35473] INFO  utils.BackgroundService (BackgroundService.java:shutdown(141)) - Shutting down service BlockDeletingService
2022-12-02 11:14:49,125 [Listener at 127.0.0.1/35473] INFO  utils.BackgroundService (BackgroundService.java:shutdown(141)) - Shutting down service StaleRecoveringContainerScrubbingService
2022-12-02 11:14:49,126 [ForkJoinPool.commonPool-worker-0] INFO  volume.HddsVolume (HddsVolume.java:closeDbStore(338)) - SchemaV3 db is stopped at /home/runner/work/ozone/ozone/hadoop-ozone/integration-test/target/test-dir/MiniOzoneClusterImpl-f8f2b39f-22db-49ae-ab20-f7a2434191fa/datanode-1/data-0/containers/hdds/f8f2b39f-22db-49ae-ab20-f7a2434191fa/DS-7674f8a1-d0c9-4fac-b1b3-57e22af5dded/container.db for volume DS-7674f8a1-d0c9-4fac-b1b3-57e22af5dded
2022-12-02 11:14:49,127 [ForkJoinPool.commonPool-worker-0] INFO  utils.BackgroundService (BackgroundService.java:shutdown(141)) - Shutting down service BlockDeletingService
2022-12-02 11:14:49,129 [Listener at 127.0.0.1/35473] INFO  statemachine.DatanodeStateMachine (DatanodeStateMachine.java:stopDaemon(593)) - Ozone container server stopped.
2022-12-02 11:14:49,133 [ForkJoinPool.commonPool-worker-0] INFO  utils.BackgroundService (BackgroundService.java:shutdown(141)) - Shutting down service StaleRecoveringContainerScrubbingService
2022-12-02 11:14:49,139 [ForkJoinPool.commonPool-worker-0] INFO  statemachine.DatanodeStateMachine (DatanodeStateMachine.java:stopDaemon(593)) - Ozone container server stopped.
2022-12-02 11:14:49,153 [Listener at 127.0.0.1/35473] INFO  handler.ContextHandler (ContextHandler.java:doStop(1159)) - Stopped o.e.j.w.WebAppContext@616f50a6{hddsDatanode,/,null,STOPPED}{jar:file:/home/runner/.m2/repository/org/apache/ozone/hdds-container-service/1.3.0-SNAPSHOT/hdds-container-service-1.3.0-SNAPSHOT.jar!/webapps/hddsDatanode}
2022-12-02 11:14:49,155 [Listener at 127.0.0.1/35473] INFO  server.AbstractConnector (AbstractConnector.java:doStop(383)) - Stopped ServerConnector@7e0ab0ac{HTTP/1.1, (http/1.1)}{0.0.0.0:0}
2022-12-02 11:14:49,155 [Listener at 127.0.0.1/35473] INFO  server.session (HouseKeeper.java:stopScavenging(149)) - node0 Stopped scavenging
2022-12-02 11:14:49,156 [Listener at 127.0.0.1/35473] INFO  handler.ContextHandler (ContextHandler.java:doStop(1159)) - Stopped o.e.j.s.ServletContextHandler@69e30525{static,/static,jar:file:/home/runner/.m2/repository/org/apache/ozone/hdds-container-service/1.3.0-SNAPSHOT/hdds-container-service-1.3.0-SNAPSHOT.jar!/webapps/static,STOPPED}
2022-12-02 11:14:49,157 [Listener at 127.0.0.1/35473] INFO  handler.ContextHandler (ContextHandler.java:doStop(1159)) - Stopped o.e.j.s.ServletContextHandler@5db4c6c1{logs,/logs,file:///home/runner/work/ozone/ozone/hadoop-ozone/integration-test/target/log,STOPPED}
2022-12-02 11:14:49,162 [ForkJoinPool.commonPool-worker-0] INFO  handler.ContextHandler (ContextHandler.java:doStop(1159)) - Stopped o.e.j.w.WebAppContext@309403db{hddsDatanode,/,null,STOPPED}{jar:file:/home/runner/.m2/repository/org/apache/ozone/hdds-container-service/1.3.0-SNAPSHOT/hdds-container-service-1.3.0-SNAPSHOT.jar!/webapps/hddsDatanode}
2022-12-02 11:14:49,166 [ForkJoinPool.commonPool-worker-0] INFO  server.AbstractConnector (AbstractConnector.java:doStop(383)) - Stopped ServerConnector@6c087b6a{HTTP/1.1, (http/1.1)}{0.0.0.0:0}
2022-12-02 11:14:49,166 [ForkJoinPool.commonPool-worker-0] INFO  server.session (HouseKeeper.java:stopScavenging(149)) - node0 Stopped scavenging
2022-12-02 11:14:49,168 [ForkJoinPool.commonPool-worker-0] INFO  handler.ContextHandler (ContextHandler.java:doStop(1159)) - Stopped o.e.j.s.ServletContextHandler@3d54a384{static,/static,jar:file:/home/runner/.m2/repository/org/apache/ozone/hdds-container-service/1.3.0-SNAPSHOT/hdds-container-service-1.3.0-SNAPSHOT.jar!/webapps/static,STOPPED}
2022-12-02 11:14:49,170 [Listener at 127.0.0.1/35473] INFO  ozoneimpl.OzoneContainer (OzoneContainer.java:stop(417)) - Attempting to stop container services.
2022-12-02 11:14:49,173 [Listener at 127.0.0.1/35473] INFO  server.RaftServer (RaftServerProxy.java:lambda$close$6(409)) - 4a0ae1c5-f8a8-4716-8c13-266b2f364a7b: close
2022-12-02 11:14:49,174 [4a0ae1c5-f8a8-4716-8c13-266b2f364a7b-impl-thread1] INFO  server.RaftServer$Division (RaftServerImpl.java:lambda$close$4(458)) - 4a0ae1c5-f8a8-4716-8c13-266b2f364a7b@group-C702BF765ED7: shutdown
2022-12-02 11:14:49,174 [4a0ae1c5-f8a8-4716-8c13-266b2f364a7b-impl-thread1] INFO  util.JmxRegister (JmxRegister.java:unregister(73)) - Successfully un-registered JMX Bean with object name Ratis:service=RaftServer,group=group-C702BF765ED7,id=4a0ae1c5-f8a8-4716-8c13-266b2f364a7b
2022-12-02 11:14:49,174 [4a0ae1c5-f8a8-4716-8c13-266b2f364a7b-impl-thread1] INFO  impl.RoleInfo (RoleInfo.java:shutdownFollowerState(110)) - 4a0ae1c5-f8a8-4716-8c13-266b2f364a7b: shutdown 4a0ae1c5-f8a8-4716-8c13-266b2f364a7b@group-C702BF765ED7-FollowerState
2022-12-02 11:14:49,174 [4a0ae1c5-f8a8-4716-8c13-266b2f364a7b-impl-thread1] INFO  impl.StateMachineUpdater (StateMachineUpdater.java:stopAndJoin(153)) - 4a0ae1c5-f8a8-4716-8c13-266b2f364a7b@group-C702BF765ED7-StateMachineUpdater: set stopIndex = 0
2022-12-02 11:14:49,174 [4a0ae1c5-f8a8-4716-8c13-266b2f364a7b@group-C702BF765ED7-FollowerState] INFO  impl.FollowerState (FollowerState.java:run(152)) - 4a0ae1c5-f8a8-4716-8c13-266b2f364a7b@group-C702BF765ED7-FollowerState was interrupted
2022-12-02 11:14:49,175 [4a0ae1c5-f8a8-4716-8c13-266b2f364a7b@group-C702BF765ED7-StateMachineUpdater] INFO  ratis.ContainerStateMachine (ContainerStateMachine.java:takeSnapshot(304)) - group-C702BF765ED7: Taking a snapshot at:(t:3, i:0) file /home/runner/work/ozone/ozone/hadoop-ozone/integration-test/target/test-dir/MiniOzoneClusterImpl-f8f2b39f-22db-49ae-ab20-f7a2434191fa/datanode-5/data/ratis/1bdcf13f-aa6d-4dc9-affe-c702bf765ed7/sm/snapshot.3_0
2022-12-02 11:14:49,186 [4a0ae1c5-f8a8-4716-8c13-266b2f364a7b@group-C702BF765ED7-StateMachineUpdater] INFO  ratis.ContainerStateMachine (ContainerStateMachine.java:takeSnapshot(315)) - group-C702BF765ED7: Finished taking a snapshot at:(t:3, i:0) file:/home/runner/work/ozone/ozone/hadoop-ozone/integration-test/target/test-dir/MiniOzoneClusterImpl-f8f2b39f-22db-49ae-ab20-f7a2434191fa/datanode-5/data/ratis/1bdcf13f-aa6d-4dc9-affe-c702bf765ed7/sm/snapshot.3_0 took: 12 ms
2022-12-02 11:14:49,187 [4a0ae1c5-f8a8-4716-8c13-266b2f364a7b@group-C702BF765ED7-StateMachineUpdater] INFO  impl.StateMachineUpdater (StateMachineUpdater.java:takeSnapshot(287)) - 4a0ae1c5-f8a8-4716-8c13-266b2f364a7b@group-C702BF765ED7-StateMachineUpdater: Took a snapshot at index 0
2022-12-02 11:14:49,187 [4a0ae1c5-f8a8-4716-8c13-266b2f364a7b@group-C702BF765ED7-StateMachineUpdater] INFO  impl.StateMachineUpdater (StateMachineUpdater.java:lambda$new$0(92)) - 4a0ae1c5-f8a8-4716-8c13-266b2f364a7b@group-C702BF765ED7-StateMachineUpdater: snapshotIndex: updateIncreasingly -1 -> 0
2022-12-02 11:14:49,188 [4a0ae1c5-f8a8-4716-8c13-266b2f364a7b-impl-thread1] INFO  server.RaftServer$Division (ServerState.java:close(466)) - 4a0ae1c5-f8a8-4716-8c13-266b2f364a7b@group-C702BF765ED7: closes. applyIndex: 0
2022-12-02 11:14:49,188 [4a0ae1c5-f8a8-4716-8c13-266b2f364a7b@group-C702BF765ED7-SegmentedRaftLogWorker] INFO  segmented.SegmentedRaftLogWorker (SegmentedRaftLogWorker.java:run(347)) - 4a0ae1c5-f8a8-4716-8c13-266b2f364a7b@group-C702BF765ED7-SegmentedRaftLogWorker was interrupted, exiting. There are 0 tasks remaining in the queue.
2022-12-02 11:14:49,190 [Listener at 127.0.0.1/35473] INFO  server.GrpcService (GrpcService.java:closeImpl(279)) - 4a0ae1c5-f8a8-4716-8c13-266b2f364a7b: shutdown server GrpcServerProtocolService now
2022-12-02 11:14:49,196 [4a0ae1c5-f8a8-4716-8c13-266b2f364a7b-impl-thread1] INFO  segmented.SegmentedRaftLogWorker (SegmentedRaftLogWorker.java:close(257)) - 4a0ae1c5-f8a8-4716-8c13-266b2f364a7b@group-C702BF765ED7-SegmentedRaftLogWorker close()
2022-12-02 11:14:49,199 [ForkJoinPool.commonPool-worker-0] INFO  handler.ContextHandler (ContextHandler.java:doStop(1159)) - Stopped o.e.j.s.ServletContextHandler@53220647{logs,/logs,file:///home/runner/work/ozone/ozone/hadoop-ozone/integration-test/target/log,STOPPED}
2022-12-02 11:14:49,204 [Listener at 127.0.0.1/35473] INFO  server.GrpcServerProtocolClient (GrpcServerProtocolClient.java:close(111)) - c26475c3-4ee1-492c-b3e0-9196e8cc0198 Close channels
2022-12-02 11:14:49,205 [Listener at 127.0.0.1/35473] INFO  server.GrpcServerProtocolClient (GrpcServerProtocolClient.java:close(111)) - 7d2395d2-eabc-4616-a887-e94e2c3276b4 Close channels
2022-12-02 11:14:49,207 [grpc-default-executor-1] WARN  server.GrpcServerProtocolService (LogUtils.java:warn(122)) - 4a0ae1c5-f8a8-4716-8c13-266b2f364a7b: installSnapshot onError, lastRequest: null: org.apache.ratis.thirdparty.io.grpc.StatusRuntimeException: CANCELLED: client cancelled
2022-12-02 11:14:49,208 [grpc-default-executor-1] WARN  server.GrpcServerProtocolService (LogUtils.java:warn(122)) - 4a0ae1c5-f8a8-4716-8c13-266b2f364a7b: installSnapshot onError, lastRequest: 7d2395d2-eabc-4616-a887-e94e2c3276b4->4a0ae1c5-f8a8-4716-8c13-266b2f364a7b#1-t3,previous=(t:0, i:0),leaderCommit=0,initializing? true,entries: size=1, first=(t:3, i:0), CONFIGURATIONENTRY(current:id: "c26475c3-4ee1-492c-b3e0-9196e8cc0198"
address: "10.1.0.7:38613"
clientAddress: "10.1.0.7:38613"
adminAddress: "10.1.0.7:38613"
startupRole: FOLLOWER
,id: "7d2395d2-eabc-4616-a887-e94e2c3276b4"
address: "10.1.0.7:39491"
priority: 1
clientAddress: "10.1.0.7:39491"
adminAddress: "10.1.0.7:39491"
startupRole: FOLLOWER
,id: "4a0ae1c5-f8a8-4716-8c13-266b2f364a7b"
address: "10.1.0.7:36099"
clientAddress: "10.1.0.7:36099"
adminAddress: "10.1.0.7:36099"
startupRole: FOLLOWER
, old:): org.apache.ratis.thirdparty.io.grpc.StatusRuntimeException: CANCELLED: client cancelled
2022-12-02 11:14:49,209 [Listener at 127.0.0.1/35473] INFO  server.GrpcService (GrpcService.java:closeImpl(288)) - 4a0ae1c5-f8a8-4716-8c13-266b2f364a7b: shutdown server GrpcServerProtocolService successfully
2022-12-02 11:14:49,209 [grpc-default-executor-0] WARN  server.GrpcLogAppender (LogUtils.java:warn(122)) - 7d2395d2-eabc-4616-a887-e94e2c3276b4@group-C702BF765ED7->4a0ae1c5-f8a8-4716-8c13-266b2f364a7b-AppendLogResponseHandler: Failed appendEntries: org.apache.ratis.thirdparty.io.grpc.StatusRuntimeException: CANCELLED: RST_STREAM closed stream. HTTP/2 error code: CANCEL
2022-12-02 11:14:49,210 [grpc-default-executor-0] WARN  server.GrpcLogAppender (GrpcLogAppender.java:resetClient(131)) - 7d2395d2-eabc-4616-a887-e94e2c3276b4@group-C702BF765ED7->4a0ae1c5-f8a8-4716-8c13-266b2f364a7b-GrpcLogAppender: Leader has not got in touch with Follower 7d2395d2-eabc-4616-a887-e94e2c3276b4@group-C702BF765ED7->4a0ae1c5-f8a8-4716-8c13-266b2f364a7b(c0,m0,n1, attendVote=true, lastRpcSendTime=2180, lastRpcResponseTime=2131) yet, just keep nextIndex unchanged and retry.
2022-12-02 11:14:49,210 [JvmPauseMonitor17] INFO  util.JvmPauseMonitor (JvmPauseMonitor.java:run(111)) - JvmPauseMonitor-4a0ae1c5-f8a8-4716-8c13-266b2f364a7b: Stopped
2022-12-02 11:14:49,224 [ForkJoinPool.commonPool-worker-0] INFO  ozoneimpl.OzoneContainer (OzoneContainer.java:stop(417)) - Attempting to stop container services.
2022-12-02 11:14:49,224 [grpc-default-executor-1] WARN  server.GrpcLogAppender (LogUtils.java:warn(122)) - 7d2395d2-eabc-4616-a887-e94e2c3276b4@group-C702BF765ED7->4a0ae1c5-f8a8-4716-8c13-266b2f364a7b-AppendLogResponseHandler: Failed appendEntries: org.apache.ratis.thirdparty.io.grpc.StatusRuntimeException: CANCELLED: RST_STREAM closed stream. HTTP/2 error code: CANCEL
2022-12-02 11:14:49,224 [grpc-default-executor-1] WARN  server.GrpcLogAppender (GrpcLogAppender.java:resetClient(131)) - 7d2395d2-eabc-4616-a887-e94e2c3276b4@group-C702BF765ED7->4a0ae1c5-f8a8-4716-8c13-266b2f364a7b-GrpcLogAppender: Leader has not got in touch with Follower 7d2395d2-eabc-4616-a887-e94e2c3276b4@group-C702BF765ED7->4a0ae1c5-f8a8-4716-8c13-266b2f364a7b(c0,m0,n1, attendVote=true, lastRpcSendTime=2195, lastRpcResponseTime=2146) yet, just keep nextIndex unchanged and retry.
2022-12-02 11:14:49,224 [ForkJoinPool.commonPool-worker-0] INFO  server.RaftServer (RaftServerProxy.java:lambda$close$6(409)) - 1fd27439-e6b5-4682-b1aa-75bd99d23433: close
2022-12-02 11:14:49,224 [ForkJoinPool.commonPool-worker-0] INFO  server.GrpcService (GrpcService.java:closeImpl(279)) - 1fd27439-e6b5-4682-b1aa-75bd99d23433: shutdown server GrpcServerProtocolService now
2022-12-02 11:14:49,225 [1fd27439-e6b5-4682-b1aa-75bd99d23433-impl-thread1] INFO  server.RaftServer$Division (RaftServerImpl.java:lambda$close$4(458)) - 1fd27439-e6b5-4682-b1aa-75bd99d23433@group-AA62C5EF4467: shutdown
2022-12-02 11:14:49,225 [1fd27439-e6b5-4682-b1aa-75bd99d23433-impl-thread1] INFO  util.JmxRegister (JmxRegister.java:unregister(73)) - Successfully un-registered JMX Bean with object name Ratis:service=RaftServer,group=group-AA62C5EF4467,id=1fd27439-e6b5-4682-b1aa-75bd99d23433
2022-12-02 11:14:49,225 [1fd27439-e6b5-4682-b1aa-75bd99d23433-impl-thread1] INFO  impl.RoleInfo (RoleInfo.java:shutdownFollowerState(110)) - 1fd27439-e6b5-4682-b1aa-75bd99d23433: shutdown 1fd27439-e6b5-4682-b1aa-75bd99d23433@group-AA62C5EF4467-FollowerState
2022-12-02 11:14:49,225 [1fd27439-e6b5-4682-b1aa-75bd99d23433-impl-thread1] INFO  impl.StateMachineUpdater (StateMachineUpdater.java:stopAndJoin(153)) - 1fd27439-e6b5-4682-b1aa-75bd99d23433@group-AA62C5EF4467-StateMachineUpdater: set stopIndex = 0
2022-12-02 11:14:49,225 [1fd27439-e6b5-4682-b1aa-75bd99d23433@group-AA62C5EF4467-FollowerState] INFO  impl.FollowerState (FollowerState.java:run(152)) - 1fd27439-e6b5-4682-b1aa-75bd99d23433@group-AA62C5EF4467-FollowerState was interrupted
2022-12-02 11:14:49,225 [1fd27439-e6b5-4682-b1aa-75bd99d23433@group-AA62C5EF4467-StateMachineUpdater] INFO  ratis.ContainerStateMachine (ContainerStateMachine.java:takeSnapshot(304)) - group-AA62C5EF4467: Taking a snapshot at:(t:3, i:0) file /home/runner/work/ozone/ozone/hadoop-ozone/integration-test/target/test-dir/MiniOzoneClusterImpl-f8f2b39f-22db-49ae-ab20-f7a2434191fa/datanode-2/data/ratis/356d780b-8409-4adf-9343-aa62c5ef4467/sm/snapshot.3_0
2022-12-02 11:14:49,231 [1fd27439-e6b5-4682-b1aa-75bd99d23433@group-AA62C5EF4467-StateMachineUpdater] INFO  ratis.ContainerStateMachine (ContainerStateMachine.java:takeSnapshot(315)) - group-AA62C5EF4467: Finished taking a snapshot at:(t:3, i:0) file:/home/runner/work/ozone/ozone/hadoop-ozone/integration-test/target/test-dir/MiniOzoneClusterImpl-f8f2b39f-22db-49ae-ab20-f7a2434191fa/datanode-2/data/ratis/356d780b-8409-4adf-9343-aa62c5ef4467/sm/snapshot.3_0 took: 6 ms
2022-12-02 11:14:49,231 [1fd27439-e6b5-4682-b1aa-75bd99d23433@group-AA62C5EF4467-StateMachineUpdater] INFO  impl.StateMachineUpdater (StateMachineUpdater.java:takeSnapshot(287)) - 1fd27439-e6b5-4682-b1aa-75bd99d23433@group-AA62C5EF4467-StateMachineUpdater: Took a snapshot at index 0
2022-12-02 11:14:49,231 [1fd27439-e6b5-4682-b1aa-75bd99d23433@group-AA62C5EF4467-StateMachineUpdater] INFO  impl.StateMachineUpdater (StateMachineUpdater.java:lambda$new$0(92)) - 1fd27439-e6b5-4682-b1aa-75bd99d23433@group-AA62C5EF4467-StateMachineUpdater: snapshotIndex: updateIncreasingly -1 -> 0
2022-12-02 11:14:49,232 [1fd27439-e6b5-4682-b1aa-75bd99d23433-impl-thread1] INFO  server.RaftServer$Division (ServerState.java:close(466)) - 1fd27439-e6b5-4682-b1aa-75bd99d23433@group-AA62C5EF4467: closes. applyIndex: 0
2022-12-02 11:14:49,232 [grpc-default-executor-0] WARN  server.GrpcServerProtocolService (LogUtils.java:warn(122)) - 1fd27439-e6b5-4682-b1aa-75bd99d23433: installSnapshot onError, lastRequest: 90a4d295-1ed6-49a8-a392-d1efb526c081->1fd27439-e6b5-4682-b1aa-75bd99d23433#1-t3,previous=(t:0, i:0),leaderCommit=0,initializing? true,entries: size=1, first=(t:3, i:0), CONFIGURATIONENTRY(current:id: "90a4d295-1ed6-49a8-a392-d1efb526c081"
address: "10.1.0.7:38181"
priority: 1
clientAddress: "10.1.0.7:38181"
adminAddress: "10.1.0.7:38181"
startupRole: FOLLOWER
,id: "aecdc221-737e-4b39-8f20-7a048fa0296a"
address: "10.1.0.7:34239"
clientAddress: "10.1.0.7:34239"
adminAddress: "10.1.0.7:34239"
startupRole: FOLLOWER
,id: "1fd27439-e6b5-4682-b1aa-75bd99d23433"
address: "10.1.0.7:38521"
clientAddress: "10.1.0.7:38521"
adminAddress: "10.1.0.7:38521"
startupRole: FOLLOWER
, old:): org.apache.ratis.thirdparty.io.grpc.StatusRuntimeException: CANCELLED: client cancelled
2022-12-02 11:14:49,233 [grpc-default-executor-4] WARN  server.GrpcServerProtocolService (LogUtils.java:warn(122)) - 1fd27439-e6b5-4682-b1aa-75bd99d23433: installSnapshot onError, lastRequest: null: org.apache.ratis.thirdparty.io.grpc.StatusRuntimeException: CANCELLED: client cancelled
2022-12-02 11:14:49,234 [1fd27439-e6b5-4682-b1aa-75bd99d23433@group-AA62C5EF4467-SegmentedRaftLogWorker] INFO  segmented.SegmentedRaftLogWorker (SegmentedRaftLogWorker.java:run(347)) - 1fd27439-e6b5-4682-b1aa-75bd99d23433@group-AA62C5EF4467-SegmentedRaftLogWorker was interrupted, exiting. There are 0 tasks remaining in the queue.
2022-12-02 11:14:49,235 [grpc-default-executor-1] WARN  server.GrpcLogAppender (LogUtils.java:warn(122)) - 90a4d295-1ed6-49a8-a392-d1efb526c081@group-AA62C5EF4467->1fd27439-e6b5-4682-b1aa-75bd99d23433-AppendLogResponseHandler: Failed appendEntries: org.apache.ratis.thirdparty.io.grpc.StatusRuntimeException: CANCELLED: RST_STREAM closed stream. HTTP/2 error code: CANCEL
2022-12-02 11:14:49,235 [grpc-default-executor-1] WARN  server.GrpcLogAppender (GrpcLogAppender.java:resetClient(131)) - 90a4d295-1ed6-49a8-a392-d1efb526c081@group-AA62C5EF4467->1fd27439-e6b5-4682-b1aa-75bd99d23433-GrpcLogAppender: Leader has not got in touch with Follower 90a4d295-1ed6-49a8-a392-d1efb526c081@group-AA62C5EF4467->1fd27439-e6b5-4682-b1aa-75bd99d23433(c0,m0,n1, attendVote=true, lastRpcSendTime=970, lastRpcResponseTime=962) yet, just keep nextIndex unchanged and retry.
2022-12-02 11:14:49,235 [ForkJoinPool.commonPool-worker-0] INFO  server.GrpcService (GrpcService.java:closeImpl(288)) - 1fd27439-e6b5-4682-b1aa-75bd99d23433: shutdown server GrpcServerProtocolService successfully
2022-12-02 11:14:49,238 [grpc-default-executor-4] WARN  server.GrpcLogAppender (LogUtils.java:warn(122)) - 90a4d295-1ed6-49a8-a392-d1efb526c081@group-AA62C5EF4467->1fd27439-e6b5-4682-b1aa-75bd99d23433-AppendLogResponseHandler: Failed appendEntries: org.apache.ratis.thirdparty.io.grpc.StatusRuntimeException: CANCELLED: RST_STREAM closed stream. HTTP/2 error code: CANCEL
2022-12-02 11:14:49,239 [grpc-default-executor-4] WARN  server.GrpcLogAppender (GrpcLogAppender.java:resetClient(131)) - 90a4d295-1ed6-49a8-a392-d1efb526c081@group-AA62C5EF4467->1fd27439-e6b5-4682-b1aa-75bd99d23433-GrpcLogAppender: Leader has not got in touch with Follower 90a4d295-1ed6-49a8-a392-d1efb526c081@group-AA62C5EF4467->1fd27439-e6b5-4682-b1aa-75bd99d23433(c0,m0,n1, attendVote=true, lastRpcSendTime=974, lastRpcResponseTime=966) yet, just keep nextIndex unchanged and retry.
2022-12-02 11:14:49,239 [1fd27439-e6b5-4682-b1aa-75bd99d23433-impl-thread1] INFO  segmented.SegmentedRaftLogWorker (SegmentedRaftLogWorker.java:close(257)) - 1fd27439-e6b5-4682-b1aa-75bd99d23433@group-AA62C5EF4467-SegmentedRaftLogWorker close()
2022-12-02 11:14:49,262 [JvmPauseMonitor14] INFO  util.JvmPauseMonitor (JvmPauseMonitor.java:run(111)) - JvmPauseMonitor-1fd27439-e6b5-4682-b1aa-75bd99d23433: Stopped
2022-12-02 11:14:49,510 [grpc-default-executor-4] WARN  server.GrpcLogAppender (LogUtils.java:warn(122)) - 7d2395d2-eabc-4616-a887-e94e2c3276b4@group-C702BF765ED7->c26475c3-4ee1-492c-b3e0-9196e8cc0198-AppendLogResponseHandler: Failed appendEntries: org.apache.ratis.thirdparty.io.grpc.StatusRuntimeException: UNAVAILABLE: io exception
2022-12-02 11:14:49,514 [grpc-default-executor-1] WARN  server.GrpcLogAppender (LogUtils.java:warn(122)) - 7d2395d2-eabc-4616-a887-e94e2c3276b4@group-C702BF765ED7->c26475c3-4ee1-492c-b3e0-9196e8cc0198-AppendLogResponseHandler: Failed appendEntries: org.apache.ratis.thirdparty.io.grpc.StatusRuntimeException: UNAVAILABLE: io exception
2022-12-02 11:14:49,516 [grpc-default-executor-4] WARN  server.GrpcLogAppender (GrpcLogAppender.java:resetClient(131)) - 7d2395d2-eabc-4616-a887-e94e2c3276b4@group-C702BF765ED7->c26475c3-4ee1-492c-b3e0-9196e8cc0198-GrpcLogAppender: Leader has not got in touch with Follower 7d2395d2-eabc-4616-a887-e94e2c3276b4@group-C702BF765ED7->c26475c3-4ee1-492c-b3e0-9196e8cc0198(c-1,m0,n1, attendVote=true, lastRpcSendTime=1, lastRpcResponseTime=7740) yet, just keep nextIndex unchanged and retry.
2022-12-02 11:14:49,518 [grpc-default-executor-1] WARN  server.GrpcLogAppender (GrpcLogAppender.java:resetClient(131)) - 7d2395d2-eabc-4616-a887-e94e2c3276b4@group-C702BF765ED7->c26475c3-4ee1-492c-b3e0-9196e8cc0198-GrpcLogAppender: Leader has not got in touch with Follower 7d2395d2-eabc-4616-a887-e94e2c3276b4@group-C702BF765ED7->c26475c3-4ee1-492c-b3e0-9196e8cc0198(c-1,m0,n1, attendVote=true, lastRpcSendTime=3, lastRpcResponseTime=7742) yet, just keep nextIndex unchanged and retry.
2022-12-02 11:14:49,520 [grpc-default-executor-1] WARN  server.GrpcLogAppender (LogUtils.java:warn(122)) - 90a4d295-1ed6-49a8-a392-d1efb526c081@group-AA62C5EF4467->aecdc221-737e-4b39-8f20-7a048fa0296a-AppendLogResponseHandler: Failed appendEntries: org.apache.ratis.thirdparty.io.grpc.StatusRuntimeException: UNAVAILABLE: io exception
2022-12-02 11:14:49,520 [grpc-default-executor-4] WARN  server.GrpcLogAppender (LogUtils.java:warn(122)) - 90a4d295-1ed6-49a8-a392-d1efb526c081@group-AA62C5EF4467->aecdc221-737e-4b39-8f20-7a048fa0296a-AppendLogResponseHandler: Failed appendEntries: org.apache.ratis.thirdparty.io.grpc.StatusRuntimeException: UNAVAILABLE: io exception
2022-12-02 11:14:49,520 [grpc-default-executor-1] WARN  server.GrpcLogAppender (GrpcLogAppender.java:resetClient(131)) - 90a4d295-1ed6-49a8-a392-d1efb526c081@group-AA62C5EF4467->aecdc221-737e-4b39-8f20-7a048fa0296a-GrpcLogAppender: Leader has not got in touch with Follower 90a4d295-1ed6-49a8-a392-d1efb526c081@group-AA62C5EF4467->aecdc221-737e-4b39-8f20-7a048fa0296a(c0,m0,n1, attendVote=true, lastRpcSendTime=0, lastRpcResponseTime=3764) yet, just keep nextIndex unchanged and retry.
2022-12-02 11:14:49,521 [grpc-default-executor-4] WARN  server.GrpcLogAppender (GrpcLogAppender.java:resetClient(131)) - 90a4d295-1ed6-49a8-a392-d1efb526c081@group-AA62C5EF4467->aecdc221-737e-4b39-8f20-7a048fa0296a-GrpcLogAppender: Leader has not got in touch with Follower 90a4d295-1ed6-49a8-a392-d1efb526c081@group-AA62C5EF4467->aecdc221-737e-4b39-8f20-7a048fa0296a(c0,m0,n1, attendVote=true, lastRpcSendTime=0, lastRpcResponseTime=3764) yet, just keep nextIndex unchanged and retry.
2022-12-02 11:14:49,595 [grpc-default-executor-4] WARN  server.GrpcLogAppender (LogUtils.java:warn(122)) - 7d2395d2-eabc-4616-a887-e94e2c3276b4@group-C702BF765ED7->4a0ae1c5-f8a8-4716-8c13-266b2f364a7b-AppendLogResponseHandler: Failed appendEntries: org.apache.ratis.thirdparty.io.grpc.StatusRuntimeException: UNAVAILABLE: io exception
2022-12-02 11:14:49,597 [grpc-default-executor-4] WARN  server.GrpcLogAppender (GrpcLogAppender.java:resetClient(131)) - 7d2395d2-eabc-4616-a887-e94e2c3276b4@group-C702BF765ED7->4a0ae1c5-f8a8-4716-8c13-266b2f364a7b-GrpcLogAppender: Leader has not got in touch with Follower 7d2395d2-eabc-4616-a887-e94e2c3276b4@group-C702BF765ED7->4a0ae1c5-f8a8-4716-8c13-266b2f364a7b(c0,m0,n1, attendVote=true, lastRpcSendTime=1, lastRpcResponseTime=2519) yet, just keep nextIndex unchanged and retry.
2022-12-02 11:14:49,615 [grpc-default-executor-4] WARN  server.GrpcLogAppender (LogUtils.java:warn(122)) - 7d2395d2-eabc-4616-a887-e94e2c3276b4@group-C702BF765ED7->4a0ae1c5-f8a8-4716-8c13-266b2f364a7b-AppendLogResponseHandler: Failed appendEntries: org.apache.ratis.thirdparty.io.grpc.StatusRuntimeException: UNAVAILABLE: io exception
2022-12-02 11:14:49,615 [grpc-default-executor-4] WARN  server.GrpcLogAppender (GrpcLogAppender.java:resetClient(131)) - 7d2395d2-eabc-4616-a887-e94e2c3276b4@group-C702BF765ED7->4a0ae1c5-f8a8-4716-8c13-266b2f364a7b-GrpcLogAppender: Leader has not got in touch with Follower 7d2395d2-eabc-4616-a887-e94e2c3276b4@group-C702BF765ED7->4a0ae1c5-f8a8-4716-8c13-266b2f364a7b(c0,m0,n1, attendVote=true, lastRpcSendTime=19, lastRpcResponseTime=2537) yet, just keep nextIndex unchanged and retry.
2022-12-02 11:14:49,695 [EventQueue-CommandQueueReportForCommandQueueReportHandler] WARN  events.EventQueue (EventQueue.java:fireEvent(216)) - No event handler registered for event TypedEvent{payloadType=DatanodeDetails, name='Datanode_Command_Queue_Updated'}
2022-12-02 11:14:50,767 [grpc-default-executor-4] WARN  server.GrpcLogAppender (LogUtils.java:warn(122)) - 7d2395d2-eabc-4616-a887-e94e2c3276b4@group-C702BF765ED7->c26475c3-4ee1-492c-b3e0-9196e8cc0198-AppendLogResponseHandler: Failed appendEntries: org.apache.ratis.thirdparty.io.grpc.StatusRuntimeException: UNAVAILABLE: io exception
2022-12-02 11:14:50,767 [grpc-default-executor-1] WARN  server.GrpcLogAppender (LogUtils.java:warn(122)) - 7d2395d2-eabc-4616-a887-e94e2c3276b4@group-C702BF765ED7->c26475c3-4ee1-492c-b3e0-9196e8cc0198-AppendLogResponseHandler: Failed appendEntries: org.apache.ratis.thirdparty.io.grpc.StatusRuntimeException: UNAVAILABLE: io exception
2022-12-02 11:14:50,768 [grpc-default-executor-4] WARN  server.GrpcLogAppender (GrpcLogAppender.java:resetClient(131)) - 7d2395d2-eabc-4616-a887-e94e2c3276b4@group-C702BF765ED7->c26475c3-4ee1-492c-b3e0-9196e8cc0198-GrpcLogAppender: Leader has not got in touch with Follower 7d2395d2-eabc-4616-a887-e94e2c3276b4@group-C702BF765ED7->c26475c3-4ee1-492c-b3e0-9196e8cc0198(c-1,m0,n1, attendVote=true, lastRpcSendTime=1253, lastRpcResponseTime=8992) yet, just keep nextIndex unchanged and retry.
2022-12-02 11:14:50,770 [grpc-default-executor-1] WARN  server.GrpcLogAppender (GrpcLogAppender.java:resetClient(131)) - 7d2395d2-eabc-4616-a887-e94e2c3276b4@group-C702BF765ED7->c26475c3-4ee1-492c-b3e0-9196e8cc0198-GrpcLogAppender: Leader has not got in touch with Follower 7d2395d2-eabc-4616-a887-e94e2c3276b4@group-C702BF765ED7->c26475c3-4ee1-492c-b3e0-9196e8cc0198(c-1,m0,n1, attendVote=true, lastRpcSendTime=1255, lastRpcResponseTime=8995) yet, just keep nextIndex unchanged and retry.
2022-12-02 11:14:50,772 [grpc-default-executor-1] WARN  server.GrpcLogAppender (LogUtils.java:warn(122)) - 7d2395d2-eabc-4616-a887-e94e2c3276b4@group-C702BF765ED7->c26475c3-4ee1-492c-b3e0-9196e8cc0198-AppendLogResponseHandler: Failed appendEntries: org.apache.ratis.thirdparty.io.grpc.StatusRuntimeException: UNAVAILABLE: io exception
2022-12-02 11:14:50,772 [grpc-default-executor-4] WARN  server.GrpcLogAppender (LogUtils.java:warn(122)) - 7d2395d2-eabc-4616-a887-e94e2c3276b4@group-C702BF765ED7->c26475c3-4ee1-492c-b3e0-9196e8cc0198-AppendLogResponseHandler: Failed appendEntries: org.apache.ratis.thirdparty.io.grpc.StatusRuntimeException: UNAVAILABLE: io exception
2022-12-02 11:14:50,773 [grpc-default-executor-1] WARN  server.GrpcLogAppender (GrpcLogAppender.java:resetClient(131)) - 7d2395d2-eabc-4616-a887-e94e2c3276b4@group-C702BF765ED7->c26475c3-4ee1-492c-b3e0-9196e8cc0198-GrpcLogAppender: Leader has not got in touch with Follower 7d2395d2-eabc-4616-a887-e94e2c3276b4@group-C702BF765ED7->c26475c3-4ee1-492c-b3e0-9196e8cc0198(c-1,m0,n1, attendVote=true, lastRpcSendTime=1258, lastRpcResponseTime=8997) yet, just keep nextIndex unchanged and retry.
2022-12-02 11:14:50,774 [grpc-default-executor-5] WARN  server.GrpcLogAppender (LogUtils.java:warn(122)) - 90a4d295-1ed6-49a8-a392-d1efb526c081@group-AA62C5EF4467->aecdc221-737e-4b39-8f20-7a048fa0296a-AppendLogResponseHandler: Failed appendEntries: org.apache.ratis.thirdparty.io.grpc.StatusRuntimeException: UNAVAILABLE: io exception
2022-12-02 11:14:50,774 [grpc-default-executor-5] WARN  server.GrpcLogAppender (GrpcLogAppender.java:resetClient(131)) - 90a4d295-1ed6-49a8-a392-d1efb526c081@group-AA62C5EF4467->aecdc221-737e-4b39-8f20-7a048fa0296a-GrpcLogAppender: Leader has not got in touch with Follower 90a4d295-1ed6-49a8-a392-d1efb526c081@group-AA62C5EF4467->aecdc221-737e-4b39-8f20-7a048fa0296a(c0,m0,n1, attendVote=true, lastRpcSendTime=1254, lastRpcResponseTime=5018) yet, just keep nextIndex unchanged and retry.
2022-12-02 11:14:50,775 [grpc-default-executor-4] WARN  server.GrpcLogAppender (GrpcLogAppender.java:resetClient(131)) - 7d2395d2-eabc-4616-a887-e94e2c3276b4@group-C702BF765ED7->c26475c3-4ee1-492c-b3e0-9196e8cc0198-GrpcLogAppender: Leader has not got in touch with Follower 7d2395d2-eabc-4616-a887-e94e2c3276b4@group-C702BF765ED7->c26475c3-4ee1-492c-b3e0-9196e8cc0198(c-1,m0,n1, attendVote=true, lastRpcSendTime=1260, lastRpcResponseTime=8999) yet, just keep nextIndex unchanged and retry.
2022-12-02 11:14:50,775 [grpc-default-executor-1] WARN  server.GrpcLogAppender (LogUtils.java:warn(122)) - 90a4d295-1ed6-49a8-a392-d1efb526c081@group-AA62C5EF4467->aecdc221-737e-4b39-8f20-7a048fa0296a-AppendLogResponseHandler: Failed appendEntries: org.apache.ratis.thirdparty.io.grpc.StatusRuntimeException: UNAVAILABLE: io exception
2022-12-02 11:14:50,776 [grpc-default-executor-1] WARN  server.GrpcLogAppender (GrpcLogAppender.java:resetClient(131)) - 90a4d295-1ed6-49a8-a392-d1efb526c081@group-AA62C5EF4467->aecdc221-737e-4b39-8f20-7a048fa0296a-GrpcLogAppender: Leader has not got in touch with Follower 90a4d295-1ed6-49a8-a392-d1efb526c081@group-AA62C5EF4467->aecdc221-737e-4b39-8f20-7a048fa0296a(c0,m0,n1, attendVote=true, lastRpcSendTime=1255, lastRpcResponseTime=5019) yet, just keep nextIndex unchanged and retry.
2022-12-02 11:14:50,779 [grpc-default-executor-4] WARN  server.GrpcLogAppender (LogUtils.java:warn(122)) - 7d2395d2-eabc-4616-a887-e94e2c3276b4@group-C702BF765ED7->c26475c3-4ee1-492c-b3e0-9196e8cc0198-AppendLogResponseHandler: Failed appendEntries: org.apache.ratis.thirdparty.io.grpc.StatusRuntimeException: UNAVAILABLE: io exception
2022-12-02 11:14:50,780 [grpc-default-executor-4] WARN  server.GrpcLogAppender (GrpcLogAppender.java:resetClient(131)) - 7d2395d2-eabc-4616-a887-e94e2c3276b4@group-C702BF765ED7->c26475c3-4ee1-492c-b3e0-9196e8cc0198-GrpcLogAppender: Leader has not got in touch with Follower 7d2395d2-eabc-4616-a887-e94e2c3276b4@group-C702BF765ED7->c26475c3-4ee1-492c-b3e0-9196e8cc0198(c-1,m0,n1, attendVote=true, lastRpcSendTime=0, lastRpcResponseTime=9004) yet, just keep nextIndex unchanged and retry.
2022-12-02 11:14:50,779 [grpc-default-executor-5] WARN  server.GrpcLogAppender (LogUtils.java:warn(122)) - 7d2395d2-eabc-4616-a887-e94e2c3276b4@group-C702BF765ED7->c26475c3-4ee1-492c-b3e0-9196e8cc0198-AppendLogResponseHandler: Failed appendEntries: org.apache.ratis.thirdparty.io.grpc.StatusRuntimeException: UNAVAILABLE: io exception
2022-12-02 11:14:50,780 [grpc-default-executor-5] WARN  server.GrpcLogAppender (GrpcLogAppender.java:resetClient(131)) - 7d2395d2-eabc-4616-a887-e94e2c3276b4@group-C702BF765ED7->c26475c3-4ee1-492c-b3e0-9196e8cc0198-GrpcLogAppender: Leader has not got in touch with Follower 7d2395d2-eabc-4616-a887-e94e2c3276b4@group-C702BF765ED7->c26475c3-4ee1-492c-b3e0-9196e8cc0198(c-1,m0,n1, attendVote=true, lastRpcSendTime=1, lastRpcResponseTime=9004) yet, just keep nextIndex unchanged and retry.
2022-12-02 11:14:50,782 [grpc-default-executor-1] WARN  server.GrpcLogAppender (LogUtils.java:warn(122)) - 90a4d295-1ed6-49a8-a392-d1efb526c081@group-AA62C5EF4467->aecdc221-737e-4b39-8f20-7a048fa0296a-AppendLogResponseHandler: Failed appendEntries: org.apache.ratis.thirdparty.io.grpc.StatusRuntimeException: UNAVAILABLE: io exception
2022-12-02 11:14:50,782 [grpc-default-executor-5] WARN  server.GrpcLogAppender (LogUtils.java:warn(122)) - 90a4d295-1ed6-49a8-a392-d1efb526c081@group-AA62C5EF4467->aecdc221-737e-4b39-8f20-7a048fa0296a-AppendLogResponseHandler: Failed appendEntries: org.apache.ratis.thirdparty.io.grpc.StatusRuntimeException: UNAVAILABLE: io exception
2022-12-02 11:14:50,783 [grpc-default-executor-1] WARN  server.GrpcLogAppender (GrpcLogAppender.java:resetClient(131)) - 90a4d295-1ed6-49a8-a392-d1efb526c081@group-AA62C5EF4467->aecdc221-737e-4b39-8f20-7a048fa0296a-GrpcLogAppender: Leader has not got in touch with Follower 90a4d295-1ed6-49a8-a392-d1efb526c081@group-AA62C5EF4467->aecdc221-737e-4b39-8f20-7a048fa0296a(c0,m0,n1, attendVote=true, lastRpcSendTime=1263, lastRpcResponseTime=5026) yet, just keep nextIndex unchanged and retry.
2022-12-02 11:14:50,783 [grpc-default-executor-5] WARN  server.GrpcLogAppender (GrpcLogAppender.java:resetClient(131)) - 90a4d295-1ed6-49a8-a392-d1efb526c081@group-AA62C5EF4467->aecdc221-737e-4b39-8f20-7a048fa0296a-GrpcLogAppender: Leader has not got in touch with Follower 90a4d295-1ed6-49a8-a392-d1efb526c081@group-AA62C5EF4467->aecdc221-737e-4b39-8f20-7a048fa0296a(c0,m0,n1, attendVote=true, lastRpcSendTime=1263, lastRpcResponseTime=5026) yet, just keep nextIndex unchanged and retry.
2022-12-02 11:14:50,785 [grpc-default-executor-5] WARN  server.GrpcLogAppender (LogUtils.java:warn(122)) - 90a4d295-1ed6-49a8-a392-d1efb526c081@group-AA62C5EF4467->aecdc221-737e-4b39-8f20-7a048fa0296a-AppendLogResponseHandler: Failed appendEntries: org.apache.ratis.thirdparty.io.grpc.StatusRuntimeException: UNAVAILABLE: io exception
2022-12-02 11:14:50,786 [grpc-default-executor-1] WARN  server.GrpcLogAppender (LogUtils.java:warn(122)) - 90a4d295-1ed6-49a8-a392-d1efb526c081@group-AA62C5EF4467->aecdc221-737e-4b39-8f20-7a048fa0296a-AppendLogResponseHandler: Failed appendEntries: org.apache.ratis.thirdparty.io.grpc.StatusRuntimeException: UNAVAILABLE: io exception
2022-12-02 11:14:50,787 [grpc-default-executor-5] WARN  server.GrpcLogAppender (GrpcLogAppender.java:resetClient(131)) - 90a4d295-1ed6-49a8-a392-d1efb526c081@group-AA62C5EF4467->aecdc221-737e-4b39-8f20-7a048fa0296a-GrpcLogAppender: Leader has not got in touch with Follower 90a4d295-1ed6-49a8-a392-d1efb526c081@group-AA62C5EF4467->aecdc221-737e-4b39-8f20-7a048fa0296a(c0,m0,n1, attendVote=true, lastRpcSendTime=1267, lastRpcResponseTime=5030) yet, just keep nextIndex unchanged and retry.
2022-12-02 11:14:50,787 [grpc-default-executor-1] WARN  server.GrpcLogAppender (GrpcLogAppender.java:resetClient(131)) - 90a4d295-1ed6-49a8-a392-d1efb526c081@group-AA62C5EF4467->aecdc221-737e-4b39-8f20-7a048fa0296a-GrpcLogAppender: Leader has not got in touch with Follower 90a4d295-1ed6-49a8-a392-d1efb526c081@group-AA62C5EF4467->aecdc221-737e-4b39-8f20-7a048fa0296a(c0,m0,n1, attendVote=true, lastRpcSendTime=1267, lastRpcResponseTime=5030) yet, just keep nextIndex unchanged and retry.
2022-12-02 11:14:50,788 [grpc-default-executor-1] WARN  server.GrpcLogAppender (LogUtils.java:warn(122)) - 90a4d295-1ed6-49a8-a392-d1efb526c081@group-AA62C5EF4467->aecdc221-737e-4b39-8f20-7a048fa0296a-AppendLogResponseHandler: Failed appendEntries: org.apache.ratis.thirdparty.io.grpc.StatusRuntimeException: UNAVAILABLE: io exception
2022-12-02 11:14:50,789 [grpc-default-executor-5] WARN  server.GrpcLogAppender (LogUtils.java:warn(122)) - 90a4d295-1ed6-49a8-a392-d1efb526c081@group-AA62C5EF4467->aecdc221-737e-4b39-8f20-7a048fa0296a-AppendLogResponseHandler: Failed appendEntries: org.apache.ratis.thirdparty.io.grpc.StatusRuntimeException: UNAVAILABLE: io exception
2022-12-02 11:14:50,789 [grpc-default-executor-1] WARN  server.GrpcLogAppender (GrpcLogAppender.java:resetClient(131)) - 90a4d295-1ed6-49a8-a392-d1efb526c081@group-AA62C5EF4467->aecdc221-737e-4b39-8f20-7a048fa0296a-GrpcLogAppender: Leader has not got in touch with Follower 90a4d295-1ed6-49a8-a392-d1efb526c081@group-AA62C5EF4467->aecdc221-737e-4b39-8f20-7a048fa0296a(c0,m0,n1, attendVote=true, lastRpcSendTime=1269, lastRpcResponseTime=5033) yet, just keep nextIndex unchanged and retry.
2022-12-02 11:14:50,790 [grpc-default-executor-5] WARN  server.GrpcLogAppender (GrpcLogAppender.java:resetClient(131)) - 90a4d295-1ed6-49a8-a392-d1efb526c081@group-AA62C5EF4467->aecdc221-737e-4b39-8f20-7a048fa0296a-GrpcLogAppender: Leader has not got in touch with Follower 90a4d295-1ed6-49a8-a392-d1efb526c081@group-AA62C5EF4467->aecdc221-737e-4b39-8f20-7a048fa0296a(c0,m0,n1, attendVote=true, lastRpcSendTime=1269, lastRpcResponseTime=5033) yet, just keep nextIndex unchanged and retry.
2022-12-02 11:14:50,798 [grpc-default-executor-1] WARN  server.GrpcLogAppender (LogUtils.java:warn(122)) - 90a4d295-1ed6-49a8-a392-d1efb526c081@group-AA62C5EF4467->1fd27439-e6b5-4682-b1aa-75bd99d23433-AppendLogResponseHandler: Failed appendEntries: org.apache.ratis.thirdparty.io.grpc.StatusRuntimeException: UNAVAILABLE: io exception
2022-12-02 11:14:50,799 [grpc-default-executor-1] WARN  server.GrpcLogAppender (GrpcLogAppender.java:resetClient(131)) - 90a4d295-1ed6-49a8-a392-d1efb526c081@group-AA62C5EF4467->1fd27439-e6b5-4682-b1aa-75bd99d23433-GrpcLogAppender: Leader has not got in touch with Follower 90a4d295-1ed6-49a8-a392-d1efb526c081@group-AA62C5EF4467->1fd27439-e6b5-4682-b1aa-75bd99d23433(c0,m0,n1, attendVote=true, lastRpcSendTime=6, lastRpcResponseTime=2526) yet, just keep nextIndex unchanged and retry.
2022-12-02 11:14:50,804 [grpc-default-executor-1] WARN  server.GrpcLogAppender (LogUtils.java:warn(122)) - 90a4d295-1ed6-49a8-a392-d1efb526c081@group-AA62C5EF4467->1fd27439-e6b5-4682-b1aa-75bd99d23433-AppendLogResponseHandler: Failed appendEntries: org.apache.ratis.thirdparty.io.grpc.StatusRuntimeException: UNAVAILABLE: io exception
2022-12-02 11:14:50,804 [grpc-default-executor-1] WARN  server.GrpcLogAppender (GrpcLogAppender.java:resetClient(131)) - 90a4d295-1ed6-49a8-a392-d1efb526c081@group-AA62C5EF4467->1fd27439-e6b5-4682-b1aa-75bd99d23433-GrpcLogAppender: Leader has not got in touch with Follower 90a4d295-1ed6-49a8-a392-d1efb526c081@group-AA62C5EF4467->1fd27439-e6b5-4682-b1aa-75bd99d23433(c0,m0,n1, attendVote=true, lastRpcSendTime=12, lastRpcResponseTime=2531) yet, just keep nextIndex unchanged and retry.
2022-12-02 11:14:50,808 [grpc-default-executor-1] WARN  server.GrpcLogAppender (LogUtils.java:warn(122)) - 90a4d295-1ed6-49a8-a392-d1efb526c081@group-AA62C5EF4467->aecdc221-737e-4b39-8f20-7a048fa0296a-AppendLogResponseHandler: Failed appendEntries: org.apache.ratis.thirdparty.io.grpc.StatusRuntimeException: UNAVAILABLE: io exception
2022-12-02 11:14:50,809 [grpc-default-executor-1] WARN  server.GrpcLogAppender (GrpcLogAppender.java:resetClient(131)) - 90a4d295-1ed6-49a8-a392-d1efb526c081@group-AA62C5EF4467->aecdc221-737e-4b39-8f20-7a048fa0296a-GrpcLogAppender: Leader has not got in touch with Follower 90a4d295-1ed6-49a8-a392-d1efb526c081@group-AA62C5EF4467->aecdc221-737e-4b39-8f20-7a048fa0296a(c0,m0,n1, attendVote=true, lastRpcSendTime=0, lastRpcResponseTime=5052) yet, just keep nextIndex unchanged and retry.
2022-12-02 11:14:50,810 [grpc-default-executor-5] WARN  server.GrpcLogAppender (LogUtils.java:warn(122)) - 90a4d295-1ed6-49a8-a392-d1efb526c081@group-AA62C5EF4467->aecdc221-737e-4b39-8f20-7a048fa0296a-AppendLogResponseHandler: Failed appendEntries: org.apache.ratis.thirdparty.io.grpc.StatusRuntimeException: UNAVAILABLE: io exception
2022-12-02 11:14:50,810 [grpc-default-executor-5] WARN  server.GrpcLogAppender (GrpcLogAppender.java:resetClient(131)) - 90a4d295-1ed6-49a8-a392-d1efb526c081@group-AA62C5EF4467->aecdc221-737e-4b39-8f20-7a048fa0296a-GrpcLogAppender: Leader has not got in touch with Follower 90a4d295-1ed6-49a8-a392-d1efb526c081@group-AA62C5EF4467->aecdc221-737e-4b39-8f20-7a048fa0296a(c0,m0,n1, attendVote=true, lastRpcSendTime=2, lastRpcResponseTime=5053) yet, just keep nextIndex unchanged and retry.
2022-12-02 11:14:50,848 [grpc-default-executor-5] WARN  server.GrpcLogAppender (LogUtils.java:warn(122)) - 7d2395d2-eabc-4616-a887-e94e2c3276b4@group-C702BF765ED7->4a0ae1c5-f8a8-4716-8c13-266b2f364a7b-AppendLogResponseHandler: Failed appendEntries: org.apache.ratis.thirdparty.io.grpc.StatusRuntimeException: UNAVAILABLE: io exception
2022-12-02 11:14:50,848 [grpc-default-executor-1] WARN  server.GrpcLogAppender (LogUtils.java:warn(122)) - 7d2395d2-eabc-4616-a887-e94e2c3276b4@group-C702BF765ED7->4a0ae1c5-f8a8-4716-8c13-266b2f364a7b-AppendLogResponseHandler: Failed appendEntries: org.apache.ratis.thirdparty.io.grpc.StatusRuntimeException: UNAVAILABLE: io exception
2022-12-02 11:14:50,849 [grpc-default-executor-5] WARN  server.GrpcLogAppender (GrpcLogAppender.java:resetClient(131)) - 7d2395d2-eabc-4616-a887-e94e2c3276b4@group-C702BF765ED7->4a0ae1c5-f8a8-4716-8c13-266b2f364a7b-GrpcLogAppender: Leader has not got in touch with Follower 7d2395d2-eabc-4616-a887-e94e2c3276b4@group-C702BF765ED7->4a0ae1c5-f8a8-4716-8c13-266b2f364a7b(c0,m0,n1, attendVote=true, lastRpcSendTime=1252, lastRpcResponseTime=3770) yet, just keep nextIndex unchanged and retry.
2022-12-02 11:14:50,850 [grpc-default-executor-1] WARN  server.GrpcLogAppender (GrpcLogAppender.java:resetClient(131)) - 7d2395d2-eabc-4616-a887-e94e2c3276b4@group-C702BF765ED7->4a0ae1c5-f8a8-4716-8c13-266b2f364a7b-GrpcLogAppender: Leader has not got in touch with Follower 7d2395d2-eabc-4616-a887-e94e2c3276b4@group-C702BF765ED7->4a0ae1c5-f8a8-4716-8c13-266b2f364a7b(c0,m0,n1, attendVote=true, lastRpcSendTime=1254, lastRpcResponseTime=3772) yet, just keep nextIndex unchanged and retry.
2022-12-02 11:14:50,855 [grpc-default-executor-1] WARN  server.GrpcLogAppender (LogUtils.java:warn(122)) - 7d2395d2-eabc-4616-a887-e94e2c3276b4@group-C702BF765ED7->4a0ae1c5-f8a8-4716-8c13-266b2f364a7b-AppendLogResponseHandler: Failed appendEntries: org.apache.ratis.thirdparty.io.grpc.StatusRuntimeException: UNAVAILABLE: io exception
2022-12-02 11:14:50,855 [grpc-default-executor-5] WARN  server.GrpcLogAppender (LogUtils.java:warn(122)) - 7d2395d2-eabc-4616-a887-e94e2c3276b4@group-C702BF765ED7->4a0ae1c5-f8a8-4716-8c13-266b2f364a7b-AppendLogResponseHandler: Failed appendEntries: org.apache.ratis.thirdparty.io.grpc.StatusRuntimeException: UNAVAILABLE: io exception
2022-12-02 11:14:50,856 [grpc-default-executor-1] WARN  server.GrpcLogAppender (GrpcLogAppender.java:resetClient(131)) - 7d2395d2-eabc-4616-a887-e94e2c3276b4@group-C702BF765ED7->4a0ae1c5-f8a8-4716-8c13-266b2f364a7b-GrpcLogAppender: Leader has not got in touch with Follower 7d2395d2-eabc-4616-a887-e94e2c3276b4@group-C702BF765ED7->4a0ae1c5-f8a8-4716-8c13-266b2f364a7b(c0,m0,n1, attendVote=true, lastRpcSendTime=0, lastRpcResponseTime=3778) yet, just keep nextIndex unchanged and retry.
2022-12-02 11:14:50,858 [grpc-default-executor-5] WARN  server.GrpcLogAppender (GrpcLogAppender.java:resetClient(131)) - 7d2395d2-eabc-4616-a887-e94e2c3276b4@group-C702BF765ED7->4a0ae1c5-f8a8-4716-8c13-266b2f364a7b-GrpcLogAppender: Leader has not got in touch with Follower 7d2395d2-eabc-4616-a887-e94e2c3276b4@group-C702BF765ED7->4a0ae1c5-f8a8-4716-8c13-266b2f364a7b(c0,m0,n1, attendVote=true, lastRpcSendTime=1, lastRpcResponseTime=3779) yet, just keep nextIndex unchanged and retry.
2022-12-02 11:14:50,985 [EventQueue-CommandQueueReportForCommandQueueReportHandler] WARN  events.EventQueue (EventQueue.java:fireEvent(216)) - No event handler registered for event TypedEvent{payloadType=DatanodeDetails, name='Datanode_Command_Queue_Updated'}
2022-12-02 11:14:51,232 [Listener at 127.0.0.1/35473] INFO  volume.HddsVolume (HddsVolume.java:closeDbStore(338)) - SchemaV3 db is stopped at /home/runner/work/ozone/ozone/hadoop-ozone/integration-test/target/test-dir/MiniOzoneClusterImpl-f8f2b39f-22db-49ae-ab20-f7a2434191fa/datanode-5/data-0/containers/hdds/f8f2b39f-22db-49ae-ab20-f7a2434191fa/DS-1784bb1c-6e3c-474c-ae9b-af629b6707b7/container.db for volume DS-1784bb1c-6e3c-474c-ae9b-af629b6707b7
2022-12-02 11:14:51,232 [Listener at 127.0.0.1/35473] INFO  utils.BackgroundService (BackgroundService.java:shutdown(141)) - Shutting down service BlockDeletingService
2022-12-02 11:14:51,233 [Listener at 127.0.0.1/35473] INFO  utils.BackgroundService (BackgroundService.java:shutdown(141)) - Shutting down service StaleRecoveringContainerScrubbingService
2022-12-02 11:14:51,256 [Listener at 127.0.0.1/35473] INFO  statemachine.DatanodeStateMachine (DatanodeStateMachine.java:stopDaemon(593)) - Ozone container server stopped.
2022-12-02 11:14:51,276 [Listener at 127.0.0.1/35473] INFO  handler.ContextHandler (ContextHandler.java:doStop(1159)) - Stopped o.e.j.w.WebAppContext@265d560b{hddsDatanode,/,null,STOPPED}{jar:file:/home/runner/.m2/repository/org/apache/ozone/hdds-container-service/1.3.0-SNAPSHOT/hdds-container-service-1.3.0-SNAPSHOT.jar!/webapps/hddsDatanode}
2022-12-02 11:14:51,277 [Listener at 127.0.0.1/35473] INFO  server.AbstractConnector (AbstractConnector.java:doStop(383)) - Stopped ServerConnector@2e5855d5{HTTP/1.1, (http/1.1)}{0.0.0.0:0}
2022-12-02 11:14:51,278 [Listener at 127.0.0.1/35473] INFO  server.session (HouseKeeper.java:stopScavenging(149)) - node0 Stopped scavenging
2022-12-02 11:14:51,279 [Listener at 127.0.0.1/35473] INFO  handler.ContextHandler (ContextHandler.java:doStop(1159)) - Stopped o.e.j.s.ServletContextHandler@799ba6ff{static,/static,jar:file:/home/runner/.m2/repository/org/apache/ozone/hdds-container-service/1.3.0-SNAPSHOT/hdds-container-service-1.3.0-SNAPSHOT.jar!/webapps/static,STOPPED}
2022-12-02 11:14:51,279 [Listener at 127.0.0.1/35473] INFO  handler.ContextHandler (ContextHandler.java:doStop(1159)) - Stopped o.e.j.s.ServletContextHandler@ea6711{logs,/logs,file:///home/runner/work/ozone/ozone/hadoop-ozone/integration-test/target/log,STOPPED}
2022-12-02 11:14:51,292 [ForkJoinPool.commonPool-worker-0] INFO  volume.HddsVolume (HddsVolume.java:closeDbStore(338)) - SchemaV3 db is stopped at /home/runner/work/ozone/ozone/hadoop-ozone/integration-test/target/test-dir/MiniOzoneClusterImpl-f8f2b39f-22db-49ae-ab20-f7a2434191fa/datanode-2/data-0/containers/hdds/f8f2b39f-22db-49ae-ab20-f7a2434191fa/DS-3ce819f9-375a-466b-97f6-b1e69e681f03/container.db for volume DS-3ce819f9-375a-466b-97f6-b1e69e681f03
2022-12-02 11:14:51,293 [ForkJoinPool.commonPool-worker-0] INFO  utils.BackgroundService (BackgroundService.java:shutdown(141)) - Shutting down service BlockDeletingService
2022-12-02 11:14:51,294 [ForkJoinPool.commonPool-worker-0] INFO  utils.BackgroundService (BackgroundService.java:shutdown(141)) - Shutting down service StaleRecoveringContainerScrubbingService
2022-12-02 11:14:51,300 [ForkJoinPool.commonPool-worker-0] INFO  statemachine.DatanodeStateMachine (DatanodeStateMachine.java:stopDaemon(593)) - Ozone container server stopped.
2022-12-02 11:14:51,310 [Listener at 127.0.0.1/35473] INFO  ozoneimpl.OzoneContainer (OzoneContainer.java:stop(417)) - Attempting to stop container services.
2022-12-02 11:14:51,313 [Listener at 127.0.0.1/35473] INFO  server.RaftServer (RaftServerProxy.java:lambda$close$6(409)) - 7d2395d2-eabc-4616-a887-e94e2c3276b4: close
2022-12-02 11:14:51,313 [Listener at 127.0.0.1/35473] INFO  server.GrpcService (GrpcService.java:closeImpl(279)) - 7d2395d2-eabc-4616-a887-e94e2c3276b4: shutdown server GrpcServerProtocolService now
2022-12-02 11:14:51,313 [7d2395d2-eabc-4616-a887-e94e2c3276b4-impl-thread1] INFO  server.RaftServer$Division (RaftServerImpl.java:lambda$close$4(458)) - 7d2395d2-eabc-4616-a887-e94e2c3276b4@group-C702BF765ED7: shutdown
2022-12-02 11:14:51,313 [7d2395d2-eabc-4616-a887-e94e2c3276b4-impl-thread1] INFO  util.JmxRegister (JmxRegister.java:unregister(73)) - Successfully un-registered JMX Bean with object name Ratis:service=RaftServer,group=group-C702BF765ED7,id=7d2395d2-eabc-4616-a887-e94e2c3276b4
2022-12-02 11:14:51,314 [Listener at 127.0.0.1/35473] INFO  server.GrpcServerProtocolClient (GrpcServerProtocolClient.java:close(111)) - c26475c3-4ee1-492c-b3e0-9196e8cc0198 Close channels
2022-12-02 11:14:51,316 [7d2395d2-eabc-4616-a887-e94e2c3276b4-impl-thread1] INFO  impl.RoleInfo (RoleInfo.java:shutdownLeaderState(93)) - 7d2395d2-eabc-4616-a887-e94e2c3276b4: shutdown 7d2395d2-eabc-4616-a887-e94e2c3276b4@group-C702BF765ED7-LeaderStateImpl
2022-12-02 11:14:51,316 [7d2395d2-eabc-4616-a887-e94e2c3276b4-impl-thread1] INFO  impl.PendingRequests (PendingRequests.java:sendNotLeaderResponses(282)) - 7d2395d2-eabc-4616-a887-e94e2c3276b4@group-C702BF765ED7-PendingRequests: sendNotLeaderResponses
2022-12-02 11:14:51,317 [Listener at 127.0.0.1/35473] INFO  server.GrpcServerProtocolClient (GrpcServerProtocolClient.java:close(111)) - 4a0ae1c5-f8a8-4716-8c13-266b2f364a7b Close channels
2022-12-02 11:14:51,317 [Listener at 127.0.0.1/35473] INFO  server.GrpcService (GrpcService.java:closeImpl(288)) - 7d2395d2-eabc-4616-a887-e94e2c3276b4: shutdown server GrpcServerProtocolService successfully
2022-12-02 11:14:51,320 [7d2395d2-eabc-4616-a887-e94e2c3276b4-impl-thread1] INFO  impl.StateMachineUpdater (StateMachineUpdater.java:stopAndJoin(153)) - 7d2395d2-eabc-4616-a887-e94e2c3276b4@group-C702BF765ED7-StateMachineUpdater: set stopIndex = 0
2022-12-02 11:14:51,320 [7d2395d2-eabc-4616-a887-e94e2c3276b4@group-C702BF765ED7-StateMachineUpdater] INFO  ratis.ContainerStateMachine (ContainerStateMachine.java:takeSnapshot(304)) - group-C702BF765ED7: Taking a snapshot at:(t:3, i:0) file /home/runner/work/ozone/ozone/hadoop-ozone/integration-test/target/test-dir/MiniOzoneClusterImpl-f8f2b39f-22db-49ae-ab20-f7a2434191fa/datanode-4/data/ratis/1bdcf13f-aa6d-4dc9-affe-c702bf765ed7/sm/snapshot.3_0
2022-12-02 11:14:51,322 [7d2395d2-eabc-4616-a887-e94e2c3276b4@group-C702BF765ED7-StateMachineUpdater] INFO  ratis.ContainerStateMachine (ContainerStateMachine.java:takeSnapshot(315)) - group-C702BF765ED7: Finished taking a snapshot at:(t:3, i:0) file:/home/runner/work/ozone/ozone/hadoop-ozone/integration-test/target/test-dir/MiniOzoneClusterImpl-f8f2b39f-22db-49ae-ab20-f7a2434191fa/datanode-4/data/ratis/1bdcf13f-aa6d-4dc9-affe-c702bf765ed7/sm/snapshot.3_0 took: 3 ms
2022-12-02 11:14:51,323 [7d2395d2-eabc-4616-a887-e94e2c3276b4@group-C702BF765ED7-StateMachineUpdater] INFO  impl.StateMachineUpdater (StateMachineUpdater.java:takeSnapshot(287)) - 7d2395d2-eabc-4616-a887-e94e2c3276b4@group-C702BF765ED7-StateMachineUpdater: Took a snapshot at index 0
2022-12-02 11:14:51,323 [7d2395d2-eabc-4616-a887-e94e2c3276b4@group-C702BF765ED7-StateMachineUpdater] INFO  impl.StateMachineUpdater (StateMachineUpdater.java:lambda$new$0(92)) - 7d2395d2-eabc-4616-a887-e94e2c3276b4@group-C702BF765ED7-StateMachineUpdater: snapshotIndex: updateIncreasingly -1 -> 0
2022-12-02 11:14:51,323 [7d2395d2-eabc-4616-a887-e94e2c3276b4-impl-thread1] INFO  server.RaftServer$Division (ServerState.java:close(466)) - 7d2395d2-eabc-4616-a887-e94e2c3276b4@group-C702BF765ED7: closes. applyIndex: 0
2022-12-02 11:14:51,326 [7d2395d2-eabc-4616-a887-e94e2c3276b4@group-C702BF765ED7-SegmentedRaftLogWorker] INFO  segmented.SegmentedRaftLogWorker (SegmentedRaftLogWorker.java:run(347)) - 7d2395d2-eabc-4616-a887-e94e2c3276b4@group-C702BF765ED7-SegmentedRaftLogWorker was interrupted, exiting. There are 0 tasks remaining in the queue.
2022-12-02 11:14:51,339 [ForkJoinPool.commonPool-worker-0] INFO  handler.ContextHandler (ContextHandler.java:doStop(1159)) - Stopped o.e.j.w.WebAppContext@4932c1b5{hddsDatanode,/,null,STOPPED}{jar:file:/home/runner/.m2/repository/org/apache/ozone/hdds-container-service/1.3.0-SNAPSHOT/hdds-container-service-1.3.0-SNAPSHOT.jar!/webapps/hddsDatanode}
2022-12-02 11:14:51,339 [7d2395d2-eabc-4616-a887-e94e2c3276b4-impl-thread1] INFO  segmented.SegmentedRaftLogWorker (SegmentedRaftLogWorker.java:close(257)) - 7d2395d2-eabc-4616-a887-e94e2c3276b4@group-C702BF765ED7-SegmentedRaftLogWorker close()
2022-12-02 11:14:51,342 [JvmPauseMonitor16] INFO  util.JvmPauseMonitor (JvmPauseMonitor.java:run(111)) - JvmPauseMonitor-7d2395d2-eabc-4616-a887-e94e2c3276b4: Stopped
2022-12-02 11:14:51,345 [ForkJoinPool.commonPool-worker-0] INFO  server.AbstractConnector (AbstractConnector.java:doStop(383)) - Stopped ServerConnector@575dcac6{HTTP/1.1, (http/1.1)}{0.0.0.0:0}
2022-12-02 11:14:51,345 [ForkJoinPool.commonPool-worker-0] INFO  server.session (HouseKeeper.java:stopScavenging(149)) - node0 Stopped scavenging
2022-12-02 11:14:51,346 [ForkJoinPool.commonPool-worker-0] INFO  handler.ContextHandler (ContextHandler.java:doStop(1159)) - Stopped o.e.j.s.ServletContextHandler@369bd82c{static,/static,jar:file:/home/runner/.m2/repository/org/apache/ozone/hdds-container-service/1.3.0-SNAPSHOT/hdds-container-service-1.3.0-SNAPSHOT.jar!/webapps/static,STOPPED}
2022-12-02 11:14:51,347 [ForkJoinPool.commonPool-worker-0] INFO  handler.ContextHandler (ContextHandler.java:doStop(1159)) - Stopped o.e.j.s.ServletContextHandler@1e273790{logs,/logs,file:///home/runner/work/ozone/ozone/hadoop-ozone/integration-test/target/log,STOPPED}
2022-12-02 11:14:51,351 [ForkJoinPool.commonPool-worker-0] INFO  ozoneimpl.OzoneContainer (OzoneContainer.java:stop(417)) - Attempting to stop container services.
2022-12-02 11:14:51,357 [ForkJoinPool.commonPool-worker-0] INFO  server.RaftServer (RaftServerProxy.java:lambda$close$6(409)) - 90a4d295-1ed6-49a8-a392-d1efb526c081: close
2022-12-02 11:14:51,357 [90a4d295-1ed6-49a8-a392-d1efb526c081-impl-thread1] INFO  server.RaftServer$Division (RaftServerImpl.java:lambda$close$4(458)) - 90a4d295-1ed6-49a8-a392-d1efb526c081@group-AA62C5EF4467: shutdown
2022-12-02 11:14:51,357 [90a4d295-1ed6-49a8-a392-d1efb526c081-impl-thread1] INFO  util.JmxRegister (JmxRegister.java:unregister(73)) - Successfully un-registered JMX Bean with object name Ratis:service=RaftServer,group=group-AA62C5EF4467,id=90a4d295-1ed6-49a8-a392-d1efb526c081
2022-12-02 11:14:51,357 [90a4d295-1ed6-49a8-a392-d1efb526c081-impl-thread1] INFO  impl.RoleInfo (RoleInfo.java:shutdownLeaderState(93)) - 90a4d295-1ed6-49a8-a392-d1efb526c081: shutdown 90a4d295-1ed6-49a8-a392-d1efb526c081@group-AA62C5EF4467-LeaderStateImpl
2022-12-02 11:14:51,357 [90a4d295-1ed6-49a8-a392-d1efb526c081-impl-thread1] INFO  impl.PendingRequests (PendingRequests.java:sendNotLeaderResponses(282)) - 90a4d295-1ed6-49a8-a392-d1efb526c081@group-AA62C5EF4467-PendingRequests: sendNotLeaderResponses
2022-12-02 11:14:51,358 [90a4d295-1ed6-49a8-a392-d1efb526c081-impl-thread1] INFO  impl.StateMachineUpdater (StateMachineUpdater.java:stopAndJoin(153)) - 90a4d295-1ed6-49a8-a392-d1efb526c081@group-AA62C5EF4467-StateMachineUpdater: set stopIndex = 0
2022-12-02 11:14:51,358 [90a4d295-1ed6-49a8-a392-d1efb526c081@group-AA62C5EF4467-StateMachineUpdater] INFO  ratis.ContainerStateMachine (ContainerStateMachine.java:takeSnapshot(304)) - group-AA62C5EF4467: Taking a snapshot at:(t:3, i:0) file /home/runner/work/ozone/ozone/hadoop-ozone/integration-test/target/test-dir/MiniOzoneClusterImpl-f8f2b39f-22db-49ae-ab20-f7a2434191fa/datanode-0/data/ratis/356d780b-8409-4adf-9343-aa62c5ef4467/sm/snapshot.3_0
2022-12-02 11:14:51,358 [ForkJoinPool.commonPool-worker-0] INFO  server.GrpcService (GrpcService.java:closeImpl(279)) - 90a4d295-1ed6-49a8-a392-d1efb526c081: shutdown server GrpcServerProtocolService now
2022-12-02 11:14:51,360 [90a4d295-1ed6-49a8-a392-d1efb526c081@group-AA62C5EF4467-StateMachineUpdater] INFO  ratis.ContainerStateMachine (ContainerStateMachine.java:takeSnapshot(315)) - group-AA62C5EF4467: Finished taking a snapshot at:(t:3, i:0) file:/home/runner/work/ozone/ozone/hadoop-ozone/integration-test/target/test-dir/MiniOzoneClusterImpl-f8f2b39f-22db-49ae-ab20-f7a2434191fa/datanode-0/data/ratis/356d780b-8409-4adf-9343-aa62c5ef4467/sm/snapshot.3_0 took: 1 ms
2022-12-02 11:14:51,360 [90a4d295-1ed6-49a8-a392-d1efb526c081@group-AA62C5EF4467-StateMachineUpdater] INFO  impl.StateMachineUpdater (StateMachineUpdater.java:takeSnapshot(287)) - 90a4d295-1ed6-49a8-a392-d1efb526c081@group-AA62C5EF4467-StateMachineUpdater: Took a snapshot at index 0
2022-12-02 11:14:51,360 [90a4d295-1ed6-49a8-a392-d1efb526c081@group-AA62C5EF4467-StateMachineUpdater] INFO  impl.StateMachineUpdater (StateMachineUpdater.java:lambda$new$0(92)) - 90a4d295-1ed6-49a8-a392-d1efb526c081@group-AA62C5EF4467-StateMachineUpdater: snapshotIndex: updateIncreasingly -1 -> 0
2022-12-02 11:14:51,360 [90a4d295-1ed6-49a8-a392-d1efb526c081-impl-thread1] INFO  server.RaftServer$Division (ServerState.java:close(466)) - 90a4d295-1ed6-49a8-a392-d1efb526c081@group-AA62C5EF4467: closes. applyIndex: 0
2022-12-02 11:14:51,361 [90a4d295-1ed6-49a8-a392-d1efb526c081@group-AA62C5EF4467-SegmentedRaftLogWorker] INFO  segmented.SegmentedRaftLogWorker (SegmentedRaftLogWorker.java:run(347)) - 90a4d295-1ed6-49a8-a392-d1efb526c081@group-AA62C5EF4467-SegmentedRaftLogWorker was interrupted, exiting. There are 0 tasks remaining in the queue.
2022-12-02 11:14:51,361 [90a4d295-1ed6-49a8-a392-d1efb526c081-impl-thread1] INFO  segmented.SegmentedRaftLogWorker (SegmentedRaftLogWorker.java:close(257)) - 90a4d295-1ed6-49a8-a392-d1efb526c081@group-AA62C5EF4467-SegmentedRaftLogWorker close()
2022-12-02 11:14:51,362 [ForkJoinPool.commonPool-worker-0] INFO  server.GrpcServerProtocolClient (GrpcServerProtocolClient.java:close(111)) - aecdc221-737e-4b39-8f20-7a048fa0296a Close channels
2022-12-02 11:14:51,363 [ForkJoinPool.commonPool-worker-0] INFO  server.GrpcServerProtocolClient (GrpcServerProtocolClient.java:close(111)) - 1fd27439-e6b5-4682-b1aa-75bd99d23433 Close channels
2022-12-02 11:14:51,363 [ForkJoinPool.commonPool-worker-0] INFO  server.GrpcService (GrpcService.java:closeImpl(288)) - 90a4d295-1ed6-49a8-a392-d1efb526c081: shutdown server GrpcServerProtocolService successfully
2022-12-02 11:14:51,364 [JvmPauseMonitor12] INFO  util.JvmPauseMonitor (JvmPauseMonitor.java:run(111)) - JvmPauseMonitor-90a4d295-1ed6-49a8-a392-d1efb526c081: Stopped
2022-12-02 11:14:51,603 [Under Replicated Processor] INFO  replication.UnderReplicatedProcessor (UnderReplicatedProcessor.java:processAll(79)) - Processed 0 under replicated containers, failed processing 0
2022-12-02 11:14:51,603 [Over Replicated Processor] INFO  replication.OverReplicatedProcessor (OverReplicatedProcessor.java:processAll(79)) - Processed 0 over replicated containers, failed processing 0
2022-12-02 11:14:53,351 [Listener at 127.0.0.1/35473] INFO  volume.HddsVolume (HddsVolume.java:closeDbStore(338)) - SchemaV3 db is stopped at /home/runner/work/ozone/ozone/hadoop-ozone/integration-test/target/test-dir/MiniOzoneClusterImpl-f8f2b39f-22db-49ae-ab20-f7a2434191fa/datanode-4/data-0/containers/hdds/f8f2b39f-22db-49ae-ab20-f7a2434191fa/DS-6a08fd1a-724d-43a2-ab98-6040a377f0ae/container.db for volume DS-6a08fd1a-724d-43a2-ab98-6040a377f0ae
2022-12-02 11:14:53,352 [Listener at 127.0.0.1/35473] INFO  utils.BackgroundService (BackgroundService.java:shutdown(141)) - Shutting down service BlockDeletingService
2022-12-02 11:14:53,352 [Listener at 127.0.0.1/35473] INFO  utils.BackgroundService (BackgroundService.java:shutdown(141)) - Shutting down service StaleRecoveringContainerScrubbingService
2022-12-02 11:14:53,354 [Listener at 127.0.0.1/35473] INFO  statemachine.DatanodeStateMachine (DatanodeStateMachine.java:stopDaemon(593)) - Ozone container server stopped.
2022-12-02 11:14:53,363 [Listener at 127.0.0.1/35473] INFO  handler.ContextHandler (ContextHandler.java:doStop(1159)) - Stopped o.e.j.w.WebAppContext@8c19cff{hddsDatanode,/,null,STOPPED}{jar:file:/home/runner/.m2/repository/org/apache/ozone/hdds-container-service/1.3.0-SNAPSHOT/hdds-container-service-1.3.0-SNAPSHOT.jar!/webapps/hddsDatanode}
2022-12-02 11:14:53,364 [Listener at 127.0.0.1/35473] INFO  server.AbstractConnector (AbstractConnector.java:doStop(383)) - Stopped ServerConnector@73be117d{HTTP/1.1, (http/1.1)}{0.0.0.0:0}
2022-12-02 11:14:53,364 [Listener at 127.0.0.1/35473] INFO  server.session (HouseKeeper.java:stopScavenging(149)) - node0 Stopped scavenging
2022-12-02 11:14:53,364 [Listener at 127.0.0.1/35473] INFO  handler.ContextHandler (ContextHandler.java:doStop(1159)) - Stopped o.e.j.s.ServletContextHandler@430ca35f{static,/static,jar:file:/home/runner/.m2/repository/org/apache/ozone/hdds-container-service/1.3.0-SNAPSHOT/hdds-container-service-1.3.0-SNAPSHOT.jar!/webapps/static,STOPPED}
2022-12-02 11:14:53,365 [Listener at 127.0.0.1/35473] INFO  handler.ContextHandler (ContextHandler.java:doStop(1159)) - Stopped o.e.j.s.ServletContextHandler@64d67c04{logs,/logs,file:///home/runner/work/ozone/ozone/hadoop-ozone/integration-test/target/log,STOPPED}
2022-12-02 11:14:53,370 [ForkJoinPool.commonPool-worker-0] INFO  volume.HddsVolume (HddsVolume.java:closeDbStore(338)) - SchemaV3 db is stopped at /home/runner/work/ozone/ozone/hadoop-ozone/integration-test/target/test-dir/MiniOzoneClusterImpl-f8f2b39f-22db-49ae-ab20-f7a2434191fa/datanode-0/data-0/containers/hdds/f8f2b39f-22db-49ae-ab20-f7a2434191fa/DS-6295f1b1-fa98-48b1-b31c-5911aaad3474/container.db for volume DS-6295f1b1-fa98-48b1-b31c-5911aaad3474
2022-12-02 11:14:53,370 [ForkJoinPool.commonPool-worker-0] INFO  utils.BackgroundService (BackgroundService.java:shutdown(141)) - Shutting down service BlockDeletingService
2022-12-02 11:14:53,371 [ForkJoinPool.commonPool-worker-0] INFO  utils.BackgroundService (BackgroundService.java:shutdown(141)) - Shutting down service StaleRecoveringContainerScrubbingService
2022-12-02 11:14:53,373 [ForkJoinPool.commonPool-worker-0] INFO  statemachine.DatanodeStateMachine (DatanodeStateMachine.java:stopDaemon(593)) - Ozone container server stopped.
2022-12-02 11:14:53,384 [ForkJoinPool.commonPool-worker-0] INFO  handler.ContextHandler (ContextHandler.java:doStop(1159)) - Stopped o.e.j.w.WebAppContext@3c4ed98f{hddsDatanode,/,null,STOPPED}{jar:file:/home/runner/.m2/repository/org/apache/ozone/hdds-container-service/1.3.0-SNAPSHOT/hdds-container-service-1.3.0-SNAPSHOT.jar!/webapps/hddsDatanode}
2022-12-02 11:14:53,384 [ForkJoinPool.commonPool-worker-0] INFO  server.AbstractConnector (AbstractConnector.java:doStop(383)) - Stopped ServerConnector@75c3b351{HTTP/1.1, (http/1.1)}{0.0.0.0:0}
2022-12-02 11:14:53,386 [ForkJoinPool.commonPool-worker-0] INFO  server.session (HouseKeeper.java:stopScavenging(149)) - node0 Stopped scavenging
2022-12-02 11:14:53,406 [ForkJoinPool.commonPool-worker-0] INFO  handler.ContextHandler (ContextHandler.java:doStop(1159)) - Stopped o.e.j.s.ServletContextHandler@373bfbf6{static,/static,jar:file:/home/runner/.m2/repository/org/apache/ozone/hdds-container-service/1.3.0-SNAPSHOT/hdds-container-service-1.3.0-SNAPSHOT.jar!/webapps/static,STOPPED}
2022-12-02 11:14:53,407 [ForkJoinPool.commonPool-worker-0] INFO  handler.ContextHandler (ContextHandler.java:doStop(1159)) - Stopped o.e.j.s.ServletContextHandler@7dbb7241{logs,/logs,file:///home/runner/work/ozone/ozone/hadoop-ozone/integration-test/target/log,STOPPED}
2022-12-02 11:14:53,408 [Listener at 127.0.0.1/35473] INFO  ozone.MiniOzoneClusterImpl (MiniOzoneClusterImpl.java:stopSCM(537)) - Stopping the StorageContainerManager
2022-12-02 11:14:53,409 [Listener at 127.0.0.1/35473] INFO  server.StorageContainerManager (StorageContainerManager.java:stop(1514)) - Container Balancer is not running.
2022-12-02 11:14:53,409 [Listener at 127.0.0.1/35473] INFO  server.StorageContainerManager (StorageContainerManager.java:stop(1521)) - Stopping Replication Manager Service.
2022-12-02 11:14:53,409 [Listener at 127.0.0.1/35473] INFO  replication.ReplicationManager (ReplicationManager.java:stop(286)) - Stopping Replication Monitor Thread.
2022-12-02 11:14:53,409 [Listener at 127.0.0.1/35473] INFO  server.StorageContainerManager (StorageContainerManager.java:stop(1528)) - Stopping the Datanode Admin Monitor.
2022-12-02 11:14:53,409 [ReplicationMonitor] INFO  replication.ReplicationManager (ReplicationManager.java:run(634)) - Replication Monitor Thread is stopped
2022-12-02 11:14:53,409 [Over Replicated Processor] WARN  replication.OverReplicatedProcessor (OverReplicatedProcessor.java:run(109)) - Over Replicated Processor interrupted. Exiting...
2022-12-02 11:14:53,410 [Listener at 127.0.0.1/35473] INFO  server.StorageContainerManager (StorageContainerManager.java:stop(1535)) - Stopping datanode service RPC server
2022-12-02 11:14:53,410 [Listener at 127.0.0.1/35473] INFO  server.SCMDatanodeProtocolServer (SCMDatanodeProtocolServer.java:stop(414)) - Stopping the RPC server for DataNodes
2022-12-02 11:14:53,410 [Listener at 127.0.0.1/35473] INFO  ipc.Server (Server.java:stop(3428)) - Stopping server on 45103
2022-12-02 11:14:53,409 [Under Replicated Processor] WARN  replication.UnderReplicatedProcessor (UnderReplicatedProcessor.java:run(108)) - Under Replicated Processor interrupted. Exiting...
2022-12-02 11:14:53,412 [IPC Server listener on 0] INFO  ipc.Server (Server.java:run(1384)) - Stopping IPC Server listener on 0
2022-12-02 11:14:53,415 [IPC Server Responder] INFO  ipc.Server (Server.java:run(1517)) - Stopping IPC Server Responder
2022-12-02 11:14:53,646 [SCM Heartbeat Processing Thread - 0] WARN  node.NodeStateManager (NodeStateManager.java:scheduleNextHealthCheck(870)) - Current Thread is interrupted, shutting down HB processing thread for Node Manager.
2022-12-02 11:14:53,647 [Listener at 127.0.0.1/35473] INFO  server.StorageContainerManager (StorageContainerManager.java:stop(1543)) - Stopping block service RPC server
2022-12-02 11:14:53,647 [Listener at 127.0.0.1/35473] INFO  server.SCMBlockProtocolServer (SCMBlockProtocolServer.java:stop(161)) - Stopping the RPC server for Block Protocol
2022-12-02 11:14:53,647 [Listener at 127.0.0.1/35473] INFO  ipc.Server (Server.java:stop(3428)) - Stopping server on 38559
2022-12-02 11:14:53,649 [IPC Server Responder] INFO  ipc.Server (Server.java:run(1517)) - Stopping IPC Server Responder
2022-12-02 11:14:53,649 [Listener at 127.0.0.1/35473] INFO  server.StorageContainerManager (StorageContainerManager.java:stop(1550)) - Stopping the StorageContainerLocationProtocol RPC server
2022-12-02 11:14:53,649 [Listener at 127.0.0.1/35473] INFO  server.SCMClientProtocolServer (SCMClientProtocolServer.java:stop(179)) - Stopping the RPC server for Client Protocol
2022-12-02 11:14:53,649 [Listener at 127.0.0.1/35473] INFO  ipc.Server (Server.java:stop(3428)) - Stopping server on 45867
2022-12-02 11:14:53,649 [IPC Server listener on 0] INFO  ipc.Server (Server.java:run(1384)) - Stopping IPC Server listener on 0
2022-12-02 11:14:53,651 [IPC Server listener on 0] INFO  ipc.Server (Server.java:run(1384)) - Stopping IPC Server listener on 0
2022-12-02 11:14:53,652 [IPC Server Responder] INFO  ipc.Server (Server.java:run(1517)) - Stopping IPC Server Responder
2022-12-02 11:14:53,652 [Listener at 127.0.0.1/35473] INFO  server.StorageContainerManager (StorageContainerManager.java:stop(1557)) - Stopping Storage Container Manager HTTP server.
2022-12-02 11:14:53,654 [Listener at 127.0.0.1/35473] INFO  handler.ContextHandler (ContextHandler.java:doStop(1159)) - Stopped o.e.j.w.WebAppContext@ad5bb92{scm,/,null,STOPPED}{file:/home/runner/work/ozone/ozone/hadoop-ozone/integration-test/target/test-classes/webapps/scm}
2022-12-02 11:14:53,656 [Listener at 127.0.0.1/35473] INFO  server.AbstractConnector (AbstractConnector.java:doStop(383)) - Stopped ServerConnector@693b21c2{HTTP/1.1, (http/1.1)}{0.0.0.0:0}
2022-12-02 11:14:53,656 [Listener at 127.0.0.1/35473] INFO  server.session (HouseKeeper.java:stopScavenging(149)) - node0 Stopped scavenging
2022-12-02 11:14:53,660 [Listener at 127.0.0.1/35473] INFO  handler.ContextHandler (ContextHandler.java:doStop(1159)) - Stopped o.e.j.s.ServletContextHandler@2d79b8ad{static,/static,file:///home/runner/work/ozone/ozone/hadoop-ozone/integration-test/target/test-classes/webapps/static,STOPPED}
2022-12-02 11:14:53,660 [Listener at 127.0.0.1/35473] INFO  handler.ContextHandler (ContextHandler.java:doStop(1159)) - Stopped o.e.j.s.ServletContextHandler@15f57269{logs,/logs,file:///home/runner/work/ozone/ozone/hadoop-ozone/integration-test/target/log,STOPPED}
2022-12-02 11:14:53,661 [Listener at 127.0.0.1/35473] INFO  server.StorageContainerManager (StorageContainerManager.java:stop(1563)) - Stopping SCM LayoutVersionManager Service.
2022-12-02 11:14:53,661 [Listener at 127.0.0.1/35473] INFO  server.StorageContainerManager (StorageContainerManager.java:stop(1571)) - Stopping Block Manager Service.
2022-12-02 11:14:53,661 [Listener at 127.0.0.1/35473] INFO  utils.BackgroundService (BackgroundService.java:shutdown(141)) - Shutting down service SCMBlockDeletingService
2022-12-02 11:14:53,662 [Listener at 127.0.0.1/35473] INFO  utils.BackgroundService (BackgroundService.java:shutdown(141)) - Shutting down service SCMBlockDeletingService
2022-12-02 11:14:53,662 [Listener at 127.0.0.1/35473] INFO  server.StorageContainerManager (StorageContainerManager.java:stop(1593)) - Stopping SCM Event Queue.
2022-12-02 11:14:53,663 [Listener at 127.0.0.1/35473] INFO  server.StorageContainerManager (StorageContainerManager.java:stop(1604)) - Stopping SCM HA services.
2022-12-02 11:14:53,663 [Listener at 127.0.0.1/35473] INFO  pipeline.BackgroundPipelineCreator (BackgroundPipelineCreator.java:stop(149)) - Stopping RatisPipelineUtilsThread.
2022-12-02 11:14:53,664 [RatisPipelineUtilsThread - 0] WARN  pipeline.BackgroundPipelineCreator (BackgroundPipelineCreator.java:run(180)) - RatisPipelineUtilsThread is interrupted.
2022-12-02 11:14:53,664 [Listener at 127.0.0.1/35473] INFO  BackgroundPipelineScrubber (BackgroundSCMService.java:stop(131)) - Stopping BackgroundPipelineScrubber Service.
2022-12-02 11:14:53,664 [BackgroundPipelineScrubberThread] WARN  BackgroundPipelineScrubber (BackgroundSCMService.java:run(115)) - BackgroundPipelineScrubber is interrupted, exit
2022-12-02 11:14:53,664 [Listener at 127.0.0.1/35473] INFO  impl.MetricsSystemImpl (MetricsSystemImpl.java:stop(210)) - Stopping HddsDatanode metrics system...
2022-12-02 11:14:53,672 [prometheus] INFO  impl.MetricsSinkAdapter (MetricsSinkAdapter.java:publishMetricsFromQueue(141)) - prometheus thread interrupted.
2022-12-02 11:14:53,673 [Listener at 127.0.0.1/35473] INFO  impl.MetricsSystemImpl (MetricsSystemImpl.java:stop(216)) - HddsDatanode metrics system stopped.
2022-12-02 11:14:53,673 [Listener at 127.0.0.1/35473] WARN  pipeline.BackgroundPipelineCreator (BackgroundPipelineCreator.java:stop(145)) - RatisPipelineUtilsThread is not running, just ignore.
2022-12-02 11:14:53,673 [Listener at 127.0.0.1/35473] INFO  BackgroundPipelineScrubber (BackgroundSCMService.java:stop(126)) - BackgroundPipelineScrubber Service is not running, skip stop.
2022-12-02 11:14:53,673 [ExpiredContainerReplicaOpScrubberThread] WARN  ExpiredContainerReplicaOpScrubber (BackgroundSCMService.java:run(115)) - ExpiredContainerReplicaOpScrubber is interrupted, exit
2022-12-02 11:14:53,674 [Listener at 127.0.0.1/35473] INFO  ExpiredContainerReplicaOpScrubber (BackgroundSCMService.java:stop(131)) - Stopping ExpiredContainerReplicaOpScrubber Service.
2022-12-02 11:14:53,674 [Listener at 127.0.0.1/35473] INFO  utils.BackgroundService (BackgroundService.java:shutdown(141)) - Shutting down service SCMBlockDeletingService
2022-12-02 11:14:53,674 [Listener at 127.0.0.1/35473] INFO  replication.ReplicationManager (ReplicationManager.java:stop(294)) - Replication Monitor Thread is not running.
2022-12-02 11:14:53,674 [Listener at 127.0.0.1/35473] WARN  balancer.ContainerBalancer (ContainerBalancer.java:stop(322)) - Cannot stop Container Balancer because it's not running or stopping
2022-12-02 11:14:53,674 [Listener at 127.0.0.1/35473] INFO  server.StorageContainerManager (StorageContainerManager.java:stop(1622)) - Stopping SCM MetadataStore.
]]></system-out>
  </testcase>
</testsuite>