<?xml version="1.0" encoding="UTF-8"?>
<testsuite xmlns:xsi="http://www.w3.org/2001/XMLSchema-instance" xsi:noNamespaceSchemaLocation="https://maven.apache.org/surefire/maven-surefire-plugin/xsd/surefire-test-report.xsd" name="org.apache.hadoop.ozone.scm.node.TestDecommissionAndMaintenance" time="468.928" tests="11" errors="0" skipped="0" failures="1">
  <properties>
    <property name="awt.toolkit" value="sun.awt.X11.XToolkit"/>
    <property name="file.encoding.pkg" value="sun.io"/>
    <property name="java.specification.version" value="1.8"/>
    <property name="sun.cpu.isalist" value=""/>
    <property name="sun.jnu.encoding" value="ANSI_X3.4-1968"/>
    <property name="java.class.path" value="/github/workspace/mnt/ozone/hadoop-ozone/integration-test/target/test-classes:/github/workspace/mnt/ozone/hadoop-ozone/integration-test/target/classes:/home/user/.m2/repository/org/apache/hadoop/hadoop-ozone-common/1.1.0-SNAPSHOT/hadoop-ozone-common-1.1.0-SNAPSHOT.jar:/home/user/.m2/repository/org/apache/commons/commons-compress/1.4.1/commons-compress-1.4.1.jar:/home/user/.m2/repository/org/tukaani/xz/1.0/xz-1.0.jar:/home/user/.m2/repository/org/apache/hadoop/hadoop-hdds-common/1.1.0-SNAPSHOT/hadoop-hdds-common-1.1.0-SNAPSHOT.jar:/home/user/.m2/repository/org/apache/hadoop/hadoop-hdds-client/1.1.0-SNAPSHOT/hadoop-hdds-client-1.1.0-SNAPSHOT.jar:/home/user/.m2/repository/org/apache/hadoop/hadoop-ozone-interface-client/1.1.0-SNAPSHOT/hadoop-ozone-interface-client-1.1.0-SNAPSHOT.jar:/home/user/.m2/repository/org/apache/hadoop/hadoop-hdds-test-utils/1.1.0-SNAPSHOT/hadoop-hdds-test-utils-1.1.0-SNAPSHOT.jar:/home/user/.m2/repository/com/google/guava/guava/28.2-jre/guava-28.2-jre.jar:/home/user/.m2/repository/com/google/guava/failureaccess/1.0.1/failureaccess-1.0.1.jar:/home/user/.m2/repository/com/google/guava/listenablefuture/9999.0-empty-to-avoid-conflict-with-guava/listenablefuture-9999.0-empty-to-avoid-conflict-with-guava.jar:/home/user/.m2/repository/com/google/code/findbugs/jsr305/3.0.0/jsr305-3.0.0.jar:/home/user/.m2/repository/org/checkerframework/checker-qual/2.10.0/checker-qual-2.10.0.jar:/home/user/.m2/repository/com/google/errorprone/error_prone_annotations/2.2.0/error_prone_annotations-2.2.0.jar:/home/user/.m2/repository/com/google/j2objc/j2objc-annotations/1.3/j2objc-annotations-1.3.jar:/home/user/.m2/repository/commons-io/commons-io/2.5/commons-io-2.5.jar:/home/user/.m2/repository/commons-logging/commons-logging/1.2/commons-logging-1.2.jar:/home/user/.m2/repository/log4j/log4j/1.2.17/log4j-1.2.17.jar:/home/user/.m2/repository/org/slf4j/slf4j-api/1.7.30/slf4j-api-1.7.30.jar:/home/user/.m2/repository/org/apache/hadoop/hadoop-hdds-server-scm/1.1.0-SNAPSHOT/hadoop-hdds-server-scm-1.1.0-SNAPSHOT.jar:/home/user/.m2/repository/org/apache/hadoop/hadoop-hdds-container-service/1.1.0-SNAPSHOT/hadoop-hdds-container-service-1.1.0-SNAPSHOT.jar:/home/user/.m2/repository/org/apache/hadoop/hadoop-hdds-hadoop-dependency-server/1.1.0-SNAPSHOT/hadoop-hdds-hadoop-dependency-server-1.1.0-SNAPSHOT.jar:/home/user/.m2/repository/org/apache/hadoop/hadoop-hdfs/3.2.1/hadoop-hdfs-3.2.1.jar:/home/user/.m2/repository/org/apache/hadoop/hadoop-hdds-server-framework/1.1.0-SNAPSHOT/hadoop-hdds-server-framework-1.1.0-SNAPSHOT.jar:/home/user/.m2/repository/org/apache/hadoop/hadoop-hdds-interface-server/1.1.0-SNAPSHOT/hadoop-hdds-interface-server-1.1.0-SNAPSHOT.jar:/home/user/.m2/repository/org/apache/hadoop/hadoop-hdds-interface-admin/1.1.0-SNAPSHOT/hadoop-hdds-interface-admin-1.1.0-SNAPSHOT.jar:/home/user/.m2/repository/org/eclipse/jetty/jetty-servlet/9.4.34.v20201102/jetty-servlet-9.4.34.v20201102.jar:/home/user/.m2/repository/org/eclipse/jetty/jetty-security/9.4.34.v20201102/jetty-security-9.4.34.v20201102.jar:/home/user/.m2/repository/org/rocksdb/rocksdbjni/6.8.1/rocksdbjni-6.8.1.jar:/home/user/.m2/repository/io/prometheus/simpleclient_dropwizard/0.7.0/simpleclient_dropwizard-0.7.0.jar:/home/user/.m2/repository/io/prometheus/simpleclient/0.7.0/simpleclient-0.7.0.jar:/home/user/.m2/repository/io/prometheus/simpleclient_common/0.7.0/simpleclient_common-0.7.0.jar:/home/user/.m2/repository/com/fasterxml/jackson/datatype/jackson-datatype-jsr310/2.10.3/jackson-datatype-jsr310-2.10.3.jar:/home/user/.m2/repository/io/dropwizard/metrics/metrics-core/3.2.4/metrics-core-3.2.4.jar:/home/user/.m2/repository/org/apache/hadoop/hadoop-hdfs-client/3.2.1/hadoop-hdfs-client-3.2.1.jar:/home/user/.m2/repository/org/bouncycastle/bcprov-jdk15on/1.67/bcprov-jdk15on-1.67.jar:/home/user/.m2/repository/org/apache/hadoop/hadoop-ozone-ozone-manager/1.1.0-SNAPSHOT/hadoop-ozone-ozone-manager-1.1.0-SNAPSHOT.jar:/home/user/.m2/repository/org/apache/hadoop/hadoop-hdds-interface-client/1.1.0-SNAPSHOT/hadoop-hdds-interface-client-1.1.0-SNAPSHOT.jar:/home/user/.m2/repository/org/apache/ratis/ratis-thirdparty-misc/0.6.0-SNAPSHOT/ratis-thirdparty-misc-0.6.0-SNAPSHOT.jar:/home/user/.m2/repository/org/apache/hadoop/hadoop-ozone-interface-storage/1.1.0-SNAPSHOT/hadoop-ozone-interface-storage-1.1.0-SNAPSHOT.jar:/home/user/.m2/repository/org/apache/hadoop/hadoop-minikdc/3.2.1/hadoop-minikdc-3.2.1.jar:/home/user/.m2/repository/org/apache/kerby/kerb-simplekdc/1.0.1/kerb-simplekdc-1.0.1.jar:/home/user/.m2/repository/org/apache/kerby/kerb-client/1.0.1/kerb-client-1.0.1.jar:/home/user/.m2/repository/org/apache/kerby/kerby-config/1.0.1/kerby-config-1.0.1.jar:/home/user/.m2/repository/org/apache/kerby/kerb-core/1.0.1/kerb-core-1.0.1.jar:/home/user/.m2/repository/org/apache/kerby/kerby-pkix/1.0.1/kerby-pkix-1.0.1.jar:/home/user/.m2/repository/org/apache/kerby/kerby-asn1/1.0.1/kerby-asn1-1.0.1.jar:/home/user/.m2/repository/org/apache/kerby/kerby-util/1.0.1/kerby-util-1.0.1.jar:/home/user/.m2/repository/org/apache/kerby/kerb-common/1.0.1/kerb-common-1.0.1.jar:/home/user/.m2/repository/org/apache/kerby/kerb-crypto/1.0.1/kerb-crypto-1.0.1.jar:/home/user/.m2/repository/org/apache/kerby/kerb-util/1.0.1/kerb-util-1.0.1.jar:/home/user/.m2/repository/org/apache/kerby/token-provider/1.0.1/token-provider-1.0.1.jar:/home/user/.m2/repository/org/apache/kerby/kerb-admin/1.0.1/kerb-admin-1.0.1.jar:/home/user/.m2/repository/org/apache/kerby/kerb-server/1.0.1/kerb-server-1.0.1.jar:/home/user/.m2/repository/org/apache/kerby/kerb-identity/1.0.1/kerb-identity-1.0.1.jar:/home/user/.m2/repository/org/apache/kerby/kerby-xdr/1.0.1/kerby-xdr-1.0.1.jar:/home/user/.m2/repository/org/slf4j/slf4j-log4j12/1.7.30/slf4j-log4j12-1.7.30.jar:/home/user/.m2/repository/org/apache/hadoop/hadoop-ozone-s3gateway/1.1.0-SNAPSHOT/hadoop-ozone-s3gateway-1.1.0-SNAPSHOT.jar:/home/user/.m2/repository/org/jboss/weld/servlet/weld-servlet/2.4.7.Final/weld-servlet-2.4.7.Final.jar:/home/user/.m2/repository/org/glassfish/jersey/containers/jersey-container-servlet-core/2.27/jersey-container-servlet-core-2.27.jar:/home/user/.m2/repository/org/glassfish/hk2/external/javax.inject/2.5.0-b42/javax.inject-2.5.0-b42.jar:/home/user/.m2/repository/org/glassfish/jersey/core/jersey-common/2.27/jersey-common-2.27.jar:/home/user/.m2/repository/org/glassfish/hk2/osgi-resource-locator/1.0.1/osgi-resource-locator-1.0.1.jar:/home/user/.m2/repository/javax/ws/rs/javax.ws.rs-api/2.1/javax.ws.rs-api-2.1.jar:/home/user/.m2/repository/org/glassfish/jersey/ext/cdi/jersey-cdi1x/2.27/jersey-cdi1x-2.27.jar:/home/user/.m2/repository/org/glassfish/jersey/inject/jersey-hk2/2.27/jersey-hk2-2.27.jar:/home/user/.m2/repository/org/glassfish/hk2/hk2-locator/2.5.0-b42/hk2-locator-2.5.0-b42.jar:/home/user/.m2/repository/org/javassist/javassist/3.22.0-CR2/javassist-3.22.0-CR2.jar:/home/user/.m2/repository/org/glassfish/hk2/hk2-api/2.5.0/hk2-api-2.5.0.jar:/home/user/.m2/repository/org/glassfish/hk2/external/jakarta.inject/2.5.0/jakarta.inject-2.5.0.jar:/home/user/.m2/repository/org/glassfish/hk2/hk2-utils/2.5.0/hk2-utils-2.5.0.jar:/home/user/.m2/repository/jakarta/annotation/jakarta.annotation-api/1.3.4/jakarta.annotation-api-1.3.4.jar:/home/user/.m2/repository/org/glassfish/hk2/external/aopalliance-repackaged/2.5.0/aopalliance-repackaged-2.5.0.jar:/home/user/.m2/repository/com/fasterxml/jackson/dataformat/jackson-dataformat-xml/2.10.3/jackson-dataformat-xml-2.10.3.jar:/home/user/.m2/repository/com/fasterxml/jackson/core/jackson-core/2.10.3/jackson-core-2.10.3.jar:/home/user/.m2/repository/com/fasterxml/jackson/module/jackson-module-jaxb-annotations/2.10.3/jackson-module-jaxb-annotations-2.10.3.jar:/home/user/.m2/repository/jakarta/xml/bind/jakarta.xml.bind-api/2.3.2/jakarta.xml.bind-api-2.3.2.jar:/home/user/.m2/repository/jakarta/activation/jakarta.activation-api/1.2.1/jakarta.activation-api-1.2.1.jar:/home/user/.m2/repository/org/codehaus/woodstox/stax2-api/3.1.4/stax2-api-3.1.4.jar:/home/user/.m2/repository/com/fasterxml/woodstox/woodstox-core/5.0.3/woodstox-core-5.0.3.jar:/home/user/.m2/repository/javax/enterprise/cdi-api/1.2/cdi-api-1.2.jar:/home/user/.m2/repository/javax/el/javax.el-api/3.0.0/javax.el-api-3.0.0.jar:/home/user/.m2/repository/javax/interceptor/javax.interceptor-api/1.2/javax.interceptor-api-1.2.jar:/home/user/.m2/repository/javax/inject/javax.inject/1/javax.inject-1.jar:/home/user/.m2/repository/com/sun/xml/bind/jaxb-impl/2.3.0.1/jaxb-impl-2.3.0.1.jar:/home/user/.m2/repository/com/sun/xml/bind/jaxb-core/2.3.0.1/jaxb-core-2.3.0.1.jar:/home/user/.m2/repository/javax/xml/bind/jaxb-api/2.3.0/jaxb-api-2.3.0.jar:/home/user/.m2/repository/javax/activation/activation/1.1.1/activation-1.1.1.jar:/home/user/.m2/repository/org/apache/hadoop/hadoop-ozone-csi/1.1.0-SNAPSHOT/hadoop-ozone-csi-1.1.0-SNAPSHOT.jar:/home/user/.m2/repository/com/google/protobuf/protobuf-java-util/3.11.0/protobuf-java-util-3.11.0.jar:/home/user/.m2/repository/com/google/code/gson/gson/2.2.4/gson-2.2.4.jar:/home/user/.m2/repository/org/apache/hadoop/hadoop-hdds-config/1.1.0-SNAPSHOT/hadoop-hdds-config-1.1.0-SNAPSHOT.jar:/home/user/.m2/repository/com/google/protobuf/protobuf-java/2.5.0/protobuf-java-2.5.0.jar:/home/user/.m2/repository/io/grpc/grpc-netty/1.29.0/grpc-netty-1.29.0.jar:/home/user/.m2/repository/io/grpc/grpc-core/1.29.0/grpc-core-1.29.0.jar:/home/user/.m2/repository/com/google/android/annotations/4.1.1.4/annotations-4.1.1.4.jar:/home/user/.m2/repository/io/perfmark/perfmark-api/0.19.0/perfmark-api-0.19.0.jar:/home/user/.m2/repository/io/netty/netty-codec-http2/4.1.48.Final/netty-codec-http2-4.1.48.Final.jar:/home/user/.m2/repository/io/netty/netty-codec/4.1.48.Final/netty-codec-4.1.48.Final.jar:/home/user/.m2/repository/io/netty/netty-handler/4.1.48.Final/netty-handler-4.1.48.Final.jar:/home/user/.m2/repository/io/netty/netty-codec-http/4.1.48.Final/netty-codec-http-4.1.48.Final.jar:/home/user/.m2/repository/io/netty/netty-handler-proxy/4.1.48.Final/netty-handler-proxy-4.1.48.Final.jar:/home/user/.m2/repository/io/netty/netty-codec-socks/4.1.48.Final/netty-codec-socks-4.1.48.Final.jar:/home/user/.m2/repository/io/netty/netty-transport-native-epoll/4.1.48.Final/netty-transport-native-epoll-4.1.48.Final.jar:/home/user/.m2/repository/io/netty/netty-common/4.1.48.Final/netty-common-4.1.48.Final.jar:/home/user/.m2/repository/io/netty/netty-buffer/4.1.48.Final/netty-buffer-4.1.48.Final.jar:/home/user/.m2/repository/io/netty/netty-transport/4.1.48.Final/netty-transport-4.1.48.Final.jar:/home/user/.m2/repository/io/netty/netty-resolver/4.1.48.Final/netty-resolver-4.1.48.Final.jar:/home/user/.m2/repository/io/netty/netty-transport-native-unix-common/4.1.48.Final/netty-transport-native-unix-common-4.1.48.Final.jar:/home/user/.m2/repository/io/grpc/grpc-protobuf/1.29.0/grpc-protobuf-1.29.0.jar:/home/user/.m2/repository/io/grpc/grpc-api/1.29.0/grpc-api-1.29.0.jar:/home/user/.m2/repository/io/grpc/grpc-context/1.29.0/grpc-context-1.29.0.jar:/home/user/.m2/repository/org/codehaus/mojo/animal-sniffer-annotations/1.18/animal-sniffer-annotations-1.18.jar:/home/user/.m2/repository/com/google/api/grpc/proto-google-common-protos/1.17.0/proto-google-common-protos-1.17.0.jar:/home/user/.m2/repository/io/grpc/grpc-protobuf-lite/1.29.0/grpc-protobuf-lite-1.29.0.jar:/home/user/.m2/repository/io/grpc/grpc-stub/1.29.0/grpc-stub-1.29.0.jar:/home/user/.m2/repository/org/apache/hadoop/hadoop-ozone-recon/1.1.0-SNAPSHOT/hadoop-ozone-recon-1.1.0-SNAPSHOT.jar:/home/user/.m2/repository/org/apache/hadoop/hadoop-ozone-reconcodegen/1.1.0-SNAPSHOT/hadoop-ozone-reconcodegen-1.1.0-SNAPSHOT.jar:/home/user/.m2/repository/com/google/inject/extensions/guice-multibindings/4.0/guice-multibindings-4.0.jar:/home/user/.m2/repository/com/google/inject/guice/4.0/guice-4.0.jar:/home/user/.m2/repository/aopalliance/aopalliance/1.0/aopalliance-1.0.jar:/home/user/.m2/repository/com/google/inject/extensions/guice-assistedinject/4.0/guice-assistedinject-4.0.jar:/home/user/.m2/repository/com/google/inject/extensions/guice-servlet/4.0/guice-servlet-4.0.jar:/home/user/.m2/repository/org/glassfish/jersey/containers/jersey-container-servlet/2.27/jersey-container-servlet-2.27.jar:/home/user/.m2/repository/org/glassfish/hk2/guice-bridge/2.5.0/guice-bridge-2.5.0.jar:/home/user/.m2/repository/org/glassfish/jersey/core/jersey-server/2.27/jersey-server-2.27.jar:/home/user/.m2/repository/org/glassfish/jersey/core/jersey-client/2.27/jersey-client-2.27.jar:/home/user/.m2/repository/org/glassfish/jersey/media/jersey-media-jaxb/2.27/jersey-media-jaxb-2.27.jar:/home/user/.m2/repository/javax/validation/validation-api/1.1.0.Final/validation-api-1.1.0.Final.jar:/home/user/.m2/repository/org/glassfish/jersey/media/jersey-media-json-jackson/2.27/jersey-media-json-jackson-2.27.jar:/home/user/.m2/repository/org/glassfish/jersey/ext/jersey-entity-filtering/2.27/jersey-entity-filtering-2.27.jar:/home/user/.m2/repository/org/jooq/jooq/3.11.10/jooq-3.11.10.jar:/home/user/.m2/repository/org/jooq/jooq-meta/3.11.10/jooq-meta-3.11.10.jar:/home/user/.m2/repository/org/jooq/jooq-codegen/3.11.10/jooq-codegen-3.11.10.jar:/home/user/.m2/repository/com/jolbox/bonecp/0.8.0.RELEASE/bonecp-0.8.0.RELEASE.jar:/home/user/.m2/repository/org/apache/derby/derby/10.14.2.0/derby-10.14.2.0.jar:/home/user/.m2/repository/org/xerial/sqlite-jdbc/3.25.2/sqlite-jdbc-3.25.2.jar:/home/user/.m2/repository/org/springframework/spring-jdbc/5.2.11.RELEASE/spring-jdbc-5.2.11.RELEASE.jar:/home/user/.m2/repository/org/springframework/spring-beans/5.2.11.RELEASE/spring-beans-5.2.11.RELEASE.jar:/home/user/.m2/repository/org/springframework/spring-core/5.2.11.RELEASE/spring-core-5.2.11.RELEASE.jar:/home/user/.m2/repository/org/springframework/spring-jcl/5.2.11.RELEASE/spring-jcl-5.2.11.RELEASE.jar:/home/user/.m2/repository/org/springframework/spring-tx/5.2.11.RELEASE/spring-tx-5.2.11.RELEASE.jar:/home/user/.m2/repository/org/apache/hadoop/hadoop-ozone-client/1.1.0-SNAPSHOT/hadoop-ozone-client-1.1.0-SNAPSHOT.jar:/home/user/.m2/repository/org/apache/hadoop/hadoop-ozone-filesystem/1.1.0-SNAPSHOT/hadoop-ozone-filesystem-1.1.0-SNAPSHOT.jar:/home/user/.m2/repository/org/apache/hadoop/hadoop-ozone-filesystem-common/1.1.0-SNAPSHOT/hadoop-ozone-filesystem-common-1.1.0-SNAPSHOT.jar:/home/user/.m2/repository/org/apache/hadoop/hadoop-ozone-tools/1.1.0-SNAPSHOT/hadoop-ozone-tools-1.1.0-SNAPSHOT.jar:/home/user/.m2/repository/org/apache/ratis/ratis-tools/1.1.0-c5eafb9-SNAPSHOT/ratis-tools-1.1.0-c5eafb9-SNAPSHOT.jar:/home/user/.m2/repository/org/apache/ratis/ratis-proto/1.1.0-c5eafb9-SNAPSHOT/ratis-proto-1.1.0-c5eafb9-SNAPSHOT.jar:/home/user/.m2/repository/org/apache/ratis/ratis-common/1.1.0-c5eafb9-SNAPSHOT/ratis-common-1.1.0-c5eafb9-SNAPSHOT.jar:/home/user/.m2/repository/com/amazonaws/aws-java-sdk-core/1.11.901/aws-java-sdk-core-1.11.901.jar:/home/user/.m2/repository/org/apache/httpcomponents/httpclient/4.5.13/httpclient-4.5.13.jar:/home/user/.m2/repository/org/apache/httpcomponents/httpcore/4.4.13/httpcore-4.4.13.jar:/home/user/.m2/repository/software/amazon/ion/ion-java/1.0.2/ion-java-1.0.2.jar:/home/user/.m2/repository/com/fasterxml/jackson/dataformat/jackson-dataformat-cbor/2.10.3/jackson-dataformat-cbor-2.10.3.jar:/home/user/.m2/repository/joda-time/joda-time/2.8.1/joda-time-2.8.1.jar:/home/user/.m2/repository/com/amazonaws/aws-java-sdk-s3/1.11.901/aws-java-sdk-s3-1.11.901.jar:/home/user/.m2/repository/com/amazonaws/aws-java-sdk-kms/1.11.901/aws-java-sdk-kms-1.11.901.jar:/home/user/.m2/repository/com/amazonaws/jmespath-java/1.11.901/jmespath-java-1.11.901.jar:/home/user/.m2/repository/org/kohsuke/metainf-services/metainf-services/1.8/metainf-services-1.8.jar:/home/user/.m2/repository/org/apache/hadoop/hadoop-hdds-tools/1.1.0-SNAPSHOT/hadoop-hdds-tools-1.1.0-SNAPSHOT.jar:/home/user/.m2/repository/commons-cli/commons-cli/1.2/commons-cli-1.2.jar:/home/user/.m2/repository/org/apache/commons/commons-lang3/3.7/commons-lang3-3.7.jar:/home/user/.m2/repository/org/apache/hadoop/hadoop-ozone-ozone-manager/1.1.0-SNAPSHOT/hadoop-ozone-ozone-manager-1.1.0-SNAPSHOT-tests.jar:/home/user/.m2/repository/org/apache/hadoop/hadoop-hdds-common/1.1.0-SNAPSHOT/hadoop-hdds-common-1.1.0-SNAPSHOT-tests.jar:/home/user/.m2/repository/org/apache/hadoop/hadoop-hdds-hadoop-dependency-client/1.1.0-SNAPSHOT/hadoop-hdds-hadoop-dependency-client-1.1.0-SNAPSHOT.jar:/home/user/.m2/repository/info/picocli/picocli/4.4.0/picocli-4.4.0.jar:/home/user/.m2/repository/com/fasterxml/jackson/core/jackson-annotations/2.10.3/jackson-annotations-2.10.3.jar:/home/user/.m2/repository/javax/annotation/javax.annotation-api/1.2/javax.annotation-api-1.2.jar:/home/user/.m2/repository/org/fusesource/leveldbjni/leveldbjni-all/1.8/leveldbjni-all-1.8.jar:/home/user/.m2/repository/org/apache/ratis/ratis-server/1.1.0-c5eafb9-SNAPSHOT/ratis-server-1.1.0-c5eafb9-SNAPSHOT.jar:/home/user/.m2/repository/org/apache/ratis/ratis-client/1.1.0-c5eafb9-SNAPSHOT/ratis-client-1.1.0-c5eafb9-SNAPSHOT.jar:/home/user/.m2/repository/org/apache/ratis/ratis-metrics/1.1.0-c5eafb9-SNAPSHOT/ratis-metrics-1.1.0-c5eafb9-SNAPSHOT.jar:/home/user/.m2/repository/org/apache/ratis/ratis-netty/1.1.0-c5eafb9-SNAPSHOT/ratis-netty-1.1.0-c5eafb9-SNAPSHOT.jar:/home/user/.m2/repository/org/apache/ratis/ratis-grpc/1.1.0-c5eafb9-SNAPSHOT/ratis-grpc-1.1.0-c5eafb9-SNAPSHOT.jar:/home/user/.m2/repository/org/apache/logging/log4j/log4j-api/2.13.3/log4j-api-2.13.3.jar:/home/user/.m2/repository/org/apache/logging/log4j/log4j-core/2.13.3/log4j-core-2.13.3.jar:/home/user/.m2/repository/com/lmax/disruptor/3.4.2/disruptor-3.4.2.jar:/home/user/.m2/repository/org/apache/commons/commons-pool2/2.6.0/commons-pool2-2.6.0.jar:/home/user/.m2/repository/org/bouncycastle/bcpkix-jdk15on/1.67/bcpkix-jdk15on-1.67.jar:/home/user/.m2/repository/commons-validator/commons-validator/1.6/commons-validator-1.6.jar:/home/user/.m2/repository/commons-beanutils/commons-beanutils/1.9.4/commons-beanutils-1.9.4.jar:/home/user/.m2/repository/commons-digester/commons-digester/1.8.1/commons-digester-1.8.1.jar:/home/user/.m2/repository/commons-collections/commons-collections/3.2.2/commons-collections-3.2.2.jar:/home/user/.m2/repository/io/jaegertracing/jaeger-client/1.2.0/jaeger-client-1.2.0.jar:/home/user/.m2/repository/io/jaegertracing/jaeger-thrift/1.2.0/jaeger-thrift-1.2.0.jar:/home/user/.m2/repository/org/apache/thrift/libthrift/0.13.0/libthrift-0.13.0.jar:/home/user/.m2/repository/com/squareup/okhttp3/okhttp/4.2.2/okhttp-4.2.2.jar:/home/user/.m2/repository/com/squareup/okio/okio/2.2.2/okio-2.2.2.jar:/home/user/.m2/repository/org/jetbrains/kotlin/kotlin-stdlib/1.3.50/kotlin-stdlib-1.3.50.jar:/home/user/.m2/repository/org/jetbrains/kotlin/kotlin-stdlib-common/1.3.50/kotlin-stdlib-common-1.3.50.jar:/home/user/.m2/repository/org/jetbrains/annotations/13.0/annotations-13.0.jar:/home/user/.m2/repository/io/jaegertracing/jaeger-core/1.2.0/jaeger-core-1.2.0.jar:/home/user/.m2/repository/io/jaegertracing/jaeger-tracerresolver/1.2.0/jaeger-tracerresolver-1.2.0.jar:/home/user/.m2/repository/io/opentracing/contrib/opentracing-tracerresolver/0.1.8/opentracing-tracerresolver-0.1.8.jar:/home/user/.m2/repository/io/opentracing/opentracing-util/0.33.0/opentracing-util-0.33.0.jar:/home/user/.m2/repository/io/opentracing/opentracing-api/0.33.0/opentracing-api-0.33.0.jar:/home/user/.m2/repository/io/opentracing/opentracing-noop/0.33.0/opentracing-noop-0.33.0.jar:/home/user/.m2/repository/org/yaml/snakeyaml/1.26/snakeyaml-1.26.jar:/home/user/.m2/repository/junit/junit/4.11/junit-4.11.jar:/home/user/.m2/repository/org/hamcrest/hamcrest-core/1.3/hamcrest-core-1.3.jar:/home/user/.m2/repository/org/openjdk/jmh/jmh-core/1.19/jmh-core-1.19.jar:/home/user/.m2/repository/net/sf/jopt-simple/jopt-simple/4.6/jopt-simple-4.6.jar:/home/user/.m2/repository/org/apache/commons/commons-math3/3.1.1/commons-math3-3.1.1.jar:/home/user/.m2/repository/org/openjdk/jmh/jmh-generator-annprocess/1.19/jmh-generator-annprocess-1.19.jar:/home/user/.m2/repository/org/mockito/mockito-all/1.8.5/mockito-all-1.8.5.jar:/home/user/.m2/repository/org/apache/hadoop/hadoop-kms/3.2.1/hadoop-kms-3.2.1.jar:/home/user/.m2/repository/org/apache/hadoop/hadoop-auth/3.2.1/hadoop-auth-3.2.1.jar:/home/user/.m2/repository/com/nimbusds/nimbus-jose-jwt/7.9/nimbus-jose-jwt-7.9.jar:/home/user/.m2/repository/com/github/stephenc/jcip/jcip-annotations/1.0-1/jcip-annotations-1.0-1.jar:/home/user/.m2/repository/net/minidev/json-smart/2.3/json-smart-2.3.jar:/home/user/.m2/repository/net/minidev/accessors-smart/1.2/accessors-smart-1.2.jar:/home/user/.m2/repository/org/ow2/asm/asm/5.0.4/asm-5.0.4.jar:/home/user/.m2/repository/org/apache/zookeeper/zookeeper/3.4.13/zookeeper-3.4.13.jar:/home/user/.m2/repository/org/apache/yetus/audience-annotations/0.5.0/audience-annotations-0.5.0.jar:/home/user/.m2/repository/org/apache/curator/curator-framework/2.13.0/curator-framework-2.13.0.jar:/home/user/.m2/repository/com/sun/jersey/jersey-core/1.19/jersey-core-1.19.jar:/home/user/.m2/repository/javax/ws/rs/jsr311-api/1.1.1/jsr311-api-1.1.1.jar:/home/user/.m2/repository/com/sun/jersey/jersey-server/1.19/jersey-server-1.19.jar:/home/user/.m2/repository/javax/servlet/javax.servlet-api/3.1.0/javax.servlet-api-3.1.0.jar:/home/user/.m2/repository/org/eclipse/jetty/jetty-server/9.4.34.v20201102/jetty-server-9.4.34.v20201102.jar:/home/user/.m2/repository/org/eclipse/jetty/jetty-http/9.4.34.v20201102/jetty-http-9.4.34.v20201102.jar:/home/user/.m2/repository/org/eclipse/jetty/jetty-io/9.4.34.v20201102/jetty-io-9.4.34.v20201102.jar:/home/user/.m2/repository/org/eclipse/jetty/jetty-webapp/9.4.34.v20201102/jetty-webapp-9.4.34.v20201102.jar:/home/user/.m2/repository/org/eclipse/jetty/jetty-xml/9.4.34.v20201102/jetty-xml-9.4.34.v20201102.jar:/home/user/.m2/repository/org/apache/hadoop/hadoop-common/3.2.1/hadoop-common-3.2.1.jar:/home/user/.m2/repository/commons-net/commons-net/3.6/commons-net-3.6.jar:/home/user/.m2/repository/com/sun/jersey/jersey-servlet/1.19/jersey-servlet-1.19.jar:/home/user/.m2/repository/com/sun/jersey/jersey-json/1.19/jersey-json-1.19.jar:/home/user/.m2/repository/org/codehaus/jettison/jettison/1.1/jettison-1.1.jar:/home/user/.m2/repository/org/codehaus/jackson/jackson-jaxrs/1.9.2/jackson-jaxrs-1.9.2.jar:/home/user/.m2/repository/org/codehaus/jackson/jackson-xc/1.9.2/jackson-xc-1.9.2.jar:/home/user/.m2/repository/org/apache/commons/commons-configuration2/2.1.1/commons-configuration2-2.1.1.jar:/home/user/.m2/repository/org/apache/commons/commons-text/1.4/commons-text-1.4.jar:/home/user/.m2/repository/com/google/re2j/re2j/1.1/re2j-1.1.jar:/home/user/.m2/repository/com/jcraft/jsch/0.1.54/jsch-0.1.54.jar:/home/user/.m2/repository/org/apache/curator/curator-client/2.13.0/curator-client-2.13.0.jar:/home/user/.m2/repository/org/apache/curator/curator-recipes/2.13.0/curator-recipes-2.13.0.jar:/home/user/.m2/repository/dnsjava/dnsjava/2.1.7/dnsjava-2.1.7.jar:/home/user/.m2/repository/org/slf4j/jul-to-slf4j/1.7.30/jul-to-slf4j-1.7.30.jar:/home/user/.m2/repository/org/eclipse/jetty/jetty-util/9.4.34.v20201102/jetty-util-9.4.34.v20201102.jar:/home/user/.m2/repository/com/fasterxml/jackson/core/jackson-databind/2.10.3/jackson-databind-2.10.3.jar:/home/user/.m2/repository/org/apache/hadoop/hadoop-kms/3.2.1/hadoop-kms-3.2.1-tests.jar:/home/user/.m2/repository/org/apache/hadoop/hadoop-hdds-server-scm/1.1.0-SNAPSHOT/hadoop-hdds-server-scm-1.1.0-SNAPSHOT-tests.jar:/home/user/.m2/repository/org/apache/hadoop/hadoop-hdds-container-service/1.1.0-SNAPSHOT/hadoop-hdds-container-service-1.1.0-SNAPSHOT-tests.jar:/home/user/.m2/repository/commons-codec/commons-codec/1.11/commons-codec-1.11.jar:/home/user/.m2/repository/org/apache/hadoop/hadoop-hdds-hadoop-dependency-test/1.1.0-SNAPSHOT/hadoop-hdds-hadoop-dependency-test-1.1.0-SNAPSHOT.jar:/home/user/.m2/repository/org/apache/hadoop/hadoop-common/3.2.1/hadoop-common-3.2.1-tests.jar:/home/user/.m2/repository/org/apache/hadoop/hadoop-hdfs/3.2.1/hadoop-hdfs-3.2.1-tests.jar:/home/user/.m2/repository/org/eclipse/jetty/jetty-util-ajax/9.4.34.v20201102/jetty-util-ajax-9.4.34.v20201102.jar:/home/user/.m2/repository/commons-daemon/commons-daemon/1.0.13/commons-daemon-1.0.13.jar:/home/user/.m2/repository/io/netty/netty/3.10.5.Final/netty-3.10.5.Final.jar:/home/user/.m2/repository/io/netty/netty-all/4.1.48.Final/netty-all-4.1.48.Final.jar:/home/user/.m2/repository/org/apache/htrace/htrace-core4/4.1.0-incubating/htrace-core4-4.1.0-incubating.jar:/home/user/.m2/repository/org/apache/hadoop/hadoop-distcp/3.2.1/hadoop-distcp-3.2.1.jar:/home/user/.m2/repository/org/apache/hadoop/hadoop-mapreduce-client-jobclient/3.2.1/hadoop-mapreduce-client-jobclient-3.2.1.jar:/home/user/.m2/repository/org/apache/hadoop/hadoop-mapreduce-client-common/3.2.1/hadoop-mapreduce-client-common-3.2.1.jar:/home/user/.m2/repository/org/apache/hadoop/hadoop-yarn-common/3.2.1/hadoop-yarn-common-3.2.1.jar:/home/user/.m2/repository/org/apache/hadoop/hadoop-yarn-api/3.2.1/hadoop-yarn-api-3.2.1.jar:/home/user/.m2/repository/com/sun/jersey/jersey-client/1.19/jersey-client-1.19.jar:/home/user/.m2/repository/com/sun/jersey/contribs/jersey-guice/1.19/jersey-guice-1.19.jar:/home/user/.m2/repository/com/fasterxml/jackson/jaxrs/jackson-jaxrs-json-provider/2.10.3/jackson-jaxrs-json-provider-2.10.3.jar:/home/user/.m2/repository/com/fasterxml/jackson/jaxrs/jackson-jaxrs-base/2.10.3/jackson-jaxrs-base-2.10.3.jar:/home/user/.m2/repository/org/apache/hadoop/hadoop-yarn-client/3.2.1/hadoop-yarn-client-3.2.1.jar:/home/user/.m2/repository/org/apache/hadoop/hadoop-mapreduce-client-core/3.2.1/hadoop-mapreduce-client-core-3.2.1.jar:/home/user/.m2/repository/org/apache/avro/avro/1.7.7/avro-1.7.7.jar:/home/user/.m2/repository/org/codehaus/jackson/jackson-core-asl/1.9.13/jackson-core-asl-1.9.13.jar:/home/user/.m2/repository/org/codehaus/jackson/jackson-mapper-asl/1.9.13/jackson-mapper-asl-1.9.13.jar:/home/user/.m2/repository/com/thoughtworks/paranamer/paranamer/2.3/paranamer-2.3.jar:/home/user/.m2/repository/org/xerial/snappy/snappy-java/1.0.5/snappy-java-1.0.5.jar:/home/user/.m2/repository/org/apache/hadoop/hadoop-annotations/3.2.1/hadoop-annotations-3.2.1.jar:/usr/lib/jvm/java-1.8.0-openjdk-1.8.0.232.b09-0.el7_7.x86_64/jre/../lib/tools.jar:/home/user/.m2/repository/org/apache/hadoop/hadoop-distcp/3.2.1/hadoop-distcp-3.2.1-tests.jar:"/>
    <property name="java.vm.vendor" value="Oracle Corporation"/>
    <property name="sun.arch.data.model" value="64"/>
    <property name="test.build.dir" value="/github/workspace/mnt/ozone/hadoop-ozone/integration-test/target/test-dir"/>
    <property name="test.cache.data" value=""/>
    <property name="java.vendor.url" value="http://java.oracle.com/"/>
    <property name="user.timezone" value=""/>
    <property name="java.vm.specification.version" value="1.8"/>
    <property name="os.name" value="Linux"/>
    <property name="test.build.data" value="/github/workspace/mnt/ozone/hadoop-ozone/integration-test/target/test-dir"/>
    <property name="user.country" value="US"/>
    <property name="sun.java.launcher" value="SUN_STANDARD"/>
    <property name="sun.boot.library.path" value="/usr/lib/jvm/java-1.8.0-openjdk-1.8.0.232.b09-0.el7_7.x86_64/jre/lib/amd64"/>
    <property name="sun.java.command" value="/github/workspace/mnt/ozone/hadoop-ozone/integration-test/target/surefire/surefirebooter7598672325482269481.jar /github/workspace/mnt/ozone/hadoop-ozone/integration-test/target/surefire 2020-12-29T10-07-21_129-jvmRun1 surefire6459959714574672781tmp surefire_13487529263823301022tmp"/>
    <property name="surefire.test.class.path" value="/github/workspace/mnt/ozone/hadoop-ozone/integration-test/target/test-classes:/github/workspace/mnt/ozone/hadoop-ozone/integration-test/target/classes:/home/user/.m2/repository/org/apache/hadoop/hadoop-ozone-common/1.1.0-SNAPSHOT/hadoop-ozone-common-1.1.0-SNAPSHOT.jar:/home/user/.m2/repository/org/apache/commons/commons-compress/1.4.1/commons-compress-1.4.1.jar:/home/user/.m2/repository/org/tukaani/xz/1.0/xz-1.0.jar:/home/user/.m2/repository/org/apache/hadoop/hadoop-hdds-common/1.1.0-SNAPSHOT/hadoop-hdds-common-1.1.0-SNAPSHOT.jar:/home/user/.m2/repository/org/apache/hadoop/hadoop-hdds-client/1.1.0-SNAPSHOT/hadoop-hdds-client-1.1.0-SNAPSHOT.jar:/home/user/.m2/repository/org/apache/hadoop/hadoop-ozone-interface-client/1.1.0-SNAPSHOT/hadoop-ozone-interface-client-1.1.0-SNAPSHOT.jar:/home/user/.m2/repository/org/apache/hadoop/hadoop-hdds-test-utils/1.1.0-SNAPSHOT/hadoop-hdds-test-utils-1.1.0-SNAPSHOT.jar:/home/user/.m2/repository/com/google/guava/guava/28.2-jre/guava-28.2-jre.jar:/home/user/.m2/repository/com/google/guava/failureaccess/1.0.1/failureaccess-1.0.1.jar:/home/user/.m2/repository/com/google/guava/listenablefuture/9999.0-empty-to-avoid-conflict-with-guava/listenablefuture-9999.0-empty-to-avoid-conflict-with-guava.jar:/home/user/.m2/repository/com/google/code/findbugs/jsr305/3.0.0/jsr305-3.0.0.jar:/home/user/.m2/repository/org/checkerframework/checker-qual/2.10.0/checker-qual-2.10.0.jar:/home/user/.m2/repository/com/google/errorprone/error_prone_annotations/2.2.0/error_prone_annotations-2.2.0.jar:/home/user/.m2/repository/com/google/j2objc/j2objc-annotations/1.3/j2objc-annotations-1.3.jar:/home/user/.m2/repository/commons-io/commons-io/2.5/commons-io-2.5.jar:/home/user/.m2/repository/commons-logging/commons-logging/1.2/commons-logging-1.2.jar:/home/user/.m2/repository/log4j/log4j/1.2.17/log4j-1.2.17.jar:/home/user/.m2/repository/org/slf4j/slf4j-api/1.7.30/slf4j-api-1.7.30.jar:/home/user/.m2/repository/org/apache/hadoop/hadoop-hdds-server-scm/1.1.0-SNAPSHOT/hadoop-hdds-server-scm-1.1.0-SNAPSHOT.jar:/home/user/.m2/repository/org/apache/hadoop/hadoop-hdds-container-service/1.1.0-SNAPSHOT/hadoop-hdds-container-service-1.1.0-SNAPSHOT.jar:/home/user/.m2/repository/org/apache/hadoop/hadoop-hdds-hadoop-dependency-server/1.1.0-SNAPSHOT/hadoop-hdds-hadoop-dependency-server-1.1.0-SNAPSHOT.jar:/home/user/.m2/repository/org/apache/hadoop/hadoop-hdfs/3.2.1/hadoop-hdfs-3.2.1.jar:/home/user/.m2/repository/org/apache/hadoop/hadoop-hdds-server-framework/1.1.0-SNAPSHOT/hadoop-hdds-server-framework-1.1.0-SNAPSHOT.jar:/home/user/.m2/repository/org/apache/hadoop/hadoop-hdds-interface-server/1.1.0-SNAPSHOT/hadoop-hdds-interface-server-1.1.0-SNAPSHOT.jar:/home/user/.m2/repository/org/apache/hadoop/hadoop-hdds-interface-admin/1.1.0-SNAPSHOT/hadoop-hdds-interface-admin-1.1.0-SNAPSHOT.jar:/home/user/.m2/repository/org/eclipse/jetty/jetty-servlet/9.4.34.v20201102/jetty-servlet-9.4.34.v20201102.jar:/home/user/.m2/repository/org/eclipse/jetty/jetty-security/9.4.34.v20201102/jetty-security-9.4.34.v20201102.jar:/home/user/.m2/repository/org/rocksdb/rocksdbjni/6.8.1/rocksdbjni-6.8.1.jar:/home/user/.m2/repository/io/prometheus/simpleclient_dropwizard/0.7.0/simpleclient_dropwizard-0.7.0.jar:/home/user/.m2/repository/io/prometheus/simpleclient/0.7.0/simpleclient-0.7.0.jar:/home/user/.m2/repository/io/prometheus/simpleclient_common/0.7.0/simpleclient_common-0.7.0.jar:/home/user/.m2/repository/com/fasterxml/jackson/datatype/jackson-datatype-jsr310/2.10.3/jackson-datatype-jsr310-2.10.3.jar:/home/user/.m2/repository/io/dropwizard/metrics/metrics-core/3.2.4/metrics-core-3.2.4.jar:/home/user/.m2/repository/org/apache/hadoop/hadoop-hdfs-client/3.2.1/hadoop-hdfs-client-3.2.1.jar:/home/user/.m2/repository/org/bouncycastle/bcprov-jdk15on/1.67/bcprov-jdk15on-1.67.jar:/home/user/.m2/repository/org/apache/hadoop/hadoop-ozone-ozone-manager/1.1.0-SNAPSHOT/hadoop-ozone-ozone-manager-1.1.0-SNAPSHOT.jar:/home/user/.m2/repository/org/apache/hadoop/hadoop-hdds-interface-client/1.1.0-SNAPSHOT/hadoop-hdds-interface-client-1.1.0-SNAPSHOT.jar:/home/user/.m2/repository/org/apache/ratis/ratis-thirdparty-misc/0.6.0-SNAPSHOT/ratis-thirdparty-misc-0.6.0-SNAPSHOT.jar:/home/user/.m2/repository/org/apache/hadoop/hadoop-ozone-interface-storage/1.1.0-SNAPSHOT/hadoop-ozone-interface-storage-1.1.0-SNAPSHOT.jar:/home/user/.m2/repository/org/apache/hadoop/hadoop-minikdc/3.2.1/hadoop-minikdc-3.2.1.jar:/home/user/.m2/repository/org/apache/kerby/kerb-simplekdc/1.0.1/kerb-simplekdc-1.0.1.jar:/home/user/.m2/repository/org/apache/kerby/kerb-client/1.0.1/kerb-client-1.0.1.jar:/home/user/.m2/repository/org/apache/kerby/kerby-config/1.0.1/kerby-config-1.0.1.jar:/home/user/.m2/repository/org/apache/kerby/kerb-core/1.0.1/kerb-core-1.0.1.jar:/home/user/.m2/repository/org/apache/kerby/kerby-pkix/1.0.1/kerby-pkix-1.0.1.jar:/home/user/.m2/repository/org/apache/kerby/kerby-asn1/1.0.1/kerby-asn1-1.0.1.jar:/home/user/.m2/repository/org/apache/kerby/kerby-util/1.0.1/kerby-util-1.0.1.jar:/home/user/.m2/repository/org/apache/kerby/kerb-common/1.0.1/kerb-common-1.0.1.jar:/home/user/.m2/repository/org/apache/kerby/kerb-crypto/1.0.1/kerb-crypto-1.0.1.jar:/home/user/.m2/repository/org/apache/kerby/kerb-util/1.0.1/kerb-util-1.0.1.jar:/home/user/.m2/repository/org/apache/kerby/token-provider/1.0.1/token-provider-1.0.1.jar:/home/user/.m2/repository/org/apache/kerby/kerb-admin/1.0.1/kerb-admin-1.0.1.jar:/home/user/.m2/repository/org/apache/kerby/kerb-server/1.0.1/kerb-server-1.0.1.jar:/home/user/.m2/repository/org/apache/kerby/kerb-identity/1.0.1/kerb-identity-1.0.1.jar:/home/user/.m2/repository/org/apache/kerby/kerby-xdr/1.0.1/kerby-xdr-1.0.1.jar:/home/user/.m2/repository/org/slf4j/slf4j-log4j12/1.7.30/slf4j-log4j12-1.7.30.jar:/home/user/.m2/repository/org/apache/hadoop/hadoop-ozone-s3gateway/1.1.0-SNAPSHOT/hadoop-ozone-s3gateway-1.1.0-SNAPSHOT.jar:/home/user/.m2/repository/org/jboss/weld/servlet/weld-servlet/2.4.7.Final/weld-servlet-2.4.7.Final.jar:/home/user/.m2/repository/org/glassfish/jersey/containers/jersey-container-servlet-core/2.27/jersey-container-servlet-core-2.27.jar:/home/user/.m2/repository/org/glassfish/hk2/external/javax.inject/2.5.0-b42/javax.inject-2.5.0-b42.jar:/home/user/.m2/repository/org/glassfish/jersey/core/jersey-common/2.27/jersey-common-2.27.jar:/home/user/.m2/repository/org/glassfish/hk2/osgi-resource-locator/1.0.1/osgi-resource-locator-1.0.1.jar:/home/user/.m2/repository/javax/ws/rs/javax.ws.rs-api/2.1/javax.ws.rs-api-2.1.jar:/home/user/.m2/repository/org/glassfish/jersey/ext/cdi/jersey-cdi1x/2.27/jersey-cdi1x-2.27.jar:/home/user/.m2/repository/org/glassfish/jersey/inject/jersey-hk2/2.27/jersey-hk2-2.27.jar:/home/user/.m2/repository/org/glassfish/hk2/hk2-locator/2.5.0-b42/hk2-locator-2.5.0-b42.jar:/home/user/.m2/repository/org/javassist/javassist/3.22.0-CR2/javassist-3.22.0-CR2.jar:/home/user/.m2/repository/org/glassfish/hk2/hk2-api/2.5.0/hk2-api-2.5.0.jar:/home/user/.m2/repository/org/glassfish/hk2/external/jakarta.inject/2.5.0/jakarta.inject-2.5.0.jar:/home/user/.m2/repository/org/glassfish/hk2/hk2-utils/2.5.0/hk2-utils-2.5.0.jar:/home/user/.m2/repository/jakarta/annotation/jakarta.annotation-api/1.3.4/jakarta.annotation-api-1.3.4.jar:/home/user/.m2/repository/org/glassfish/hk2/external/aopalliance-repackaged/2.5.0/aopalliance-repackaged-2.5.0.jar:/home/user/.m2/repository/com/fasterxml/jackson/dataformat/jackson-dataformat-xml/2.10.3/jackson-dataformat-xml-2.10.3.jar:/home/user/.m2/repository/com/fasterxml/jackson/core/jackson-core/2.10.3/jackson-core-2.10.3.jar:/home/user/.m2/repository/com/fasterxml/jackson/module/jackson-module-jaxb-annotations/2.10.3/jackson-module-jaxb-annotations-2.10.3.jar:/home/user/.m2/repository/jakarta/xml/bind/jakarta.xml.bind-api/2.3.2/jakarta.xml.bind-api-2.3.2.jar:/home/user/.m2/repository/jakarta/activation/jakarta.activation-api/1.2.1/jakarta.activation-api-1.2.1.jar:/home/user/.m2/repository/org/codehaus/woodstox/stax2-api/3.1.4/stax2-api-3.1.4.jar:/home/user/.m2/repository/com/fasterxml/woodstox/woodstox-core/5.0.3/woodstox-core-5.0.3.jar:/home/user/.m2/repository/javax/enterprise/cdi-api/1.2/cdi-api-1.2.jar:/home/user/.m2/repository/javax/el/javax.el-api/3.0.0/javax.el-api-3.0.0.jar:/home/user/.m2/repository/javax/interceptor/javax.interceptor-api/1.2/javax.interceptor-api-1.2.jar:/home/user/.m2/repository/javax/inject/javax.inject/1/javax.inject-1.jar:/home/user/.m2/repository/com/sun/xml/bind/jaxb-impl/2.3.0.1/jaxb-impl-2.3.0.1.jar:/home/user/.m2/repository/com/sun/xml/bind/jaxb-core/2.3.0.1/jaxb-core-2.3.0.1.jar:/home/user/.m2/repository/javax/xml/bind/jaxb-api/2.3.0/jaxb-api-2.3.0.jar:/home/user/.m2/repository/javax/activation/activation/1.1.1/activation-1.1.1.jar:/home/user/.m2/repository/org/apache/hadoop/hadoop-ozone-csi/1.1.0-SNAPSHOT/hadoop-ozone-csi-1.1.0-SNAPSHOT.jar:/home/user/.m2/repository/com/google/protobuf/protobuf-java-util/3.11.0/protobuf-java-util-3.11.0.jar:/home/user/.m2/repository/com/google/code/gson/gson/2.2.4/gson-2.2.4.jar:/home/user/.m2/repository/org/apache/hadoop/hadoop-hdds-config/1.1.0-SNAPSHOT/hadoop-hdds-config-1.1.0-SNAPSHOT.jar:/home/user/.m2/repository/com/google/protobuf/protobuf-java/2.5.0/protobuf-java-2.5.0.jar:/home/user/.m2/repository/io/grpc/grpc-netty/1.29.0/grpc-netty-1.29.0.jar:/home/user/.m2/repository/io/grpc/grpc-core/1.29.0/grpc-core-1.29.0.jar:/home/user/.m2/repository/com/google/android/annotations/4.1.1.4/annotations-4.1.1.4.jar:/home/user/.m2/repository/io/perfmark/perfmark-api/0.19.0/perfmark-api-0.19.0.jar:/home/user/.m2/repository/io/netty/netty-codec-http2/4.1.48.Final/netty-codec-http2-4.1.48.Final.jar:/home/user/.m2/repository/io/netty/netty-codec/4.1.48.Final/netty-codec-4.1.48.Final.jar:/home/user/.m2/repository/io/netty/netty-handler/4.1.48.Final/netty-handler-4.1.48.Final.jar:/home/user/.m2/repository/io/netty/netty-codec-http/4.1.48.Final/netty-codec-http-4.1.48.Final.jar:/home/user/.m2/repository/io/netty/netty-handler-proxy/4.1.48.Final/netty-handler-proxy-4.1.48.Final.jar:/home/user/.m2/repository/io/netty/netty-codec-socks/4.1.48.Final/netty-codec-socks-4.1.48.Final.jar:/home/user/.m2/repository/io/netty/netty-transport-native-epoll/4.1.48.Final/netty-transport-native-epoll-4.1.48.Final.jar:/home/user/.m2/repository/io/netty/netty-common/4.1.48.Final/netty-common-4.1.48.Final.jar:/home/user/.m2/repository/io/netty/netty-buffer/4.1.48.Final/netty-buffer-4.1.48.Final.jar:/home/user/.m2/repository/io/netty/netty-transport/4.1.48.Final/netty-transport-4.1.48.Final.jar:/home/user/.m2/repository/io/netty/netty-resolver/4.1.48.Final/netty-resolver-4.1.48.Final.jar:/home/user/.m2/repository/io/netty/netty-transport-native-unix-common/4.1.48.Final/netty-transport-native-unix-common-4.1.48.Final.jar:/home/user/.m2/repository/io/grpc/grpc-protobuf/1.29.0/grpc-protobuf-1.29.0.jar:/home/user/.m2/repository/io/grpc/grpc-api/1.29.0/grpc-api-1.29.0.jar:/home/user/.m2/repository/io/grpc/grpc-context/1.29.0/grpc-context-1.29.0.jar:/home/user/.m2/repository/org/codehaus/mojo/animal-sniffer-annotations/1.18/animal-sniffer-annotations-1.18.jar:/home/user/.m2/repository/com/google/api/grpc/proto-google-common-protos/1.17.0/proto-google-common-protos-1.17.0.jar:/home/user/.m2/repository/io/grpc/grpc-protobuf-lite/1.29.0/grpc-protobuf-lite-1.29.0.jar:/home/user/.m2/repository/io/grpc/grpc-stub/1.29.0/grpc-stub-1.29.0.jar:/home/user/.m2/repository/org/apache/hadoop/hadoop-ozone-recon/1.1.0-SNAPSHOT/hadoop-ozone-recon-1.1.0-SNAPSHOT.jar:/home/user/.m2/repository/org/apache/hadoop/hadoop-ozone-reconcodegen/1.1.0-SNAPSHOT/hadoop-ozone-reconcodegen-1.1.0-SNAPSHOT.jar:/home/user/.m2/repository/com/google/inject/extensions/guice-multibindings/4.0/guice-multibindings-4.0.jar:/home/user/.m2/repository/com/google/inject/guice/4.0/guice-4.0.jar:/home/user/.m2/repository/aopalliance/aopalliance/1.0/aopalliance-1.0.jar:/home/user/.m2/repository/com/google/inject/extensions/guice-assistedinject/4.0/guice-assistedinject-4.0.jar:/home/user/.m2/repository/com/google/inject/extensions/guice-servlet/4.0/guice-servlet-4.0.jar:/home/user/.m2/repository/org/glassfish/jersey/containers/jersey-container-servlet/2.27/jersey-container-servlet-2.27.jar:/home/user/.m2/repository/org/glassfish/hk2/guice-bridge/2.5.0/guice-bridge-2.5.0.jar:/home/user/.m2/repository/org/glassfish/jersey/core/jersey-server/2.27/jersey-server-2.27.jar:/home/user/.m2/repository/org/glassfish/jersey/core/jersey-client/2.27/jersey-client-2.27.jar:/home/user/.m2/repository/org/glassfish/jersey/media/jersey-media-jaxb/2.27/jersey-media-jaxb-2.27.jar:/home/user/.m2/repository/javax/validation/validation-api/1.1.0.Final/validation-api-1.1.0.Final.jar:/home/user/.m2/repository/org/glassfish/jersey/media/jersey-media-json-jackson/2.27/jersey-media-json-jackson-2.27.jar:/home/user/.m2/repository/org/glassfish/jersey/ext/jersey-entity-filtering/2.27/jersey-entity-filtering-2.27.jar:/home/user/.m2/repository/org/jooq/jooq/3.11.10/jooq-3.11.10.jar:/home/user/.m2/repository/org/jooq/jooq-meta/3.11.10/jooq-meta-3.11.10.jar:/home/user/.m2/repository/org/jooq/jooq-codegen/3.11.10/jooq-codegen-3.11.10.jar:/home/user/.m2/repository/com/jolbox/bonecp/0.8.0.RELEASE/bonecp-0.8.0.RELEASE.jar:/home/user/.m2/repository/org/apache/derby/derby/10.14.2.0/derby-10.14.2.0.jar:/home/user/.m2/repository/org/xerial/sqlite-jdbc/3.25.2/sqlite-jdbc-3.25.2.jar:/home/user/.m2/repository/org/springframework/spring-jdbc/5.2.11.RELEASE/spring-jdbc-5.2.11.RELEASE.jar:/home/user/.m2/repository/org/springframework/spring-beans/5.2.11.RELEASE/spring-beans-5.2.11.RELEASE.jar:/home/user/.m2/repository/org/springframework/spring-core/5.2.11.RELEASE/spring-core-5.2.11.RELEASE.jar:/home/user/.m2/repository/org/springframework/spring-jcl/5.2.11.RELEASE/spring-jcl-5.2.11.RELEASE.jar:/home/user/.m2/repository/org/springframework/spring-tx/5.2.11.RELEASE/spring-tx-5.2.11.RELEASE.jar:/home/user/.m2/repository/org/apache/hadoop/hadoop-ozone-client/1.1.0-SNAPSHOT/hadoop-ozone-client-1.1.0-SNAPSHOT.jar:/home/user/.m2/repository/org/apache/hadoop/hadoop-ozone-filesystem/1.1.0-SNAPSHOT/hadoop-ozone-filesystem-1.1.0-SNAPSHOT.jar:/home/user/.m2/repository/org/apache/hadoop/hadoop-ozone-filesystem-common/1.1.0-SNAPSHOT/hadoop-ozone-filesystem-common-1.1.0-SNAPSHOT.jar:/home/user/.m2/repository/org/apache/hadoop/hadoop-ozone-tools/1.1.0-SNAPSHOT/hadoop-ozone-tools-1.1.0-SNAPSHOT.jar:/home/user/.m2/repository/org/apache/ratis/ratis-tools/1.1.0-c5eafb9-SNAPSHOT/ratis-tools-1.1.0-c5eafb9-SNAPSHOT.jar:/home/user/.m2/repository/org/apache/ratis/ratis-proto/1.1.0-c5eafb9-SNAPSHOT/ratis-proto-1.1.0-c5eafb9-SNAPSHOT.jar:/home/user/.m2/repository/org/apache/ratis/ratis-common/1.1.0-c5eafb9-SNAPSHOT/ratis-common-1.1.0-c5eafb9-SNAPSHOT.jar:/home/user/.m2/repository/com/amazonaws/aws-java-sdk-core/1.11.901/aws-java-sdk-core-1.11.901.jar:/home/user/.m2/repository/org/apache/httpcomponents/httpclient/4.5.13/httpclient-4.5.13.jar:/home/user/.m2/repository/org/apache/httpcomponents/httpcore/4.4.13/httpcore-4.4.13.jar:/home/user/.m2/repository/software/amazon/ion/ion-java/1.0.2/ion-java-1.0.2.jar:/home/user/.m2/repository/com/fasterxml/jackson/dataformat/jackson-dataformat-cbor/2.10.3/jackson-dataformat-cbor-2.10.3.jar:/home/user/.m2/repository/joda-time/joda-time/2.8.1/joda-time-2.8.1.jar:/home/user/.m2/repository/com/amazonaws/aws-java-sdk-s3/1.11.901/aws-java-sdk-s3-1.11.901.jar:/home/user/.m2/repository/com/amazonaws/aws-java-sdk-kms/1.11.901/aws-java-sdk-kms-1.11.901.jar:/home/user/.m2/repository/com/amazonaws/jmespath-java/1.11.901/jmespath-java-1.11.901.jar:/home/user/.m2/repository/org/kohsuke/metainf-services/metainf-services/1.8/metainf-services-1.8.jar:/home/user/.m2/repository/org/apache/hadoop/hadoop-hdds-tools/1.1.0-SNAPSHOT/hadoop-hdds-tools-1.1.0-SNAPSHOT.jar:/home/user/.m2/repository/commons-cli/commons-cli/1.2/commons-cli-1.2.jar:/home/user/.m2/repository/org/apache/commons/commons-lang3/3.7/commons-lang3-3.7.jar:/home/user/.m2/repository/org/apache/hadoop/hadoop-ozone-ozone-manager/1.1.0-SNAPSHOT/hadoop-ozone-ozone-manager-1.1.0-SNAPSHOT-tests.jar:/home/user/.m2/repository/org/apache/hadoop/hadoop-hdds-common/1.1.0-SNAPSHOT/hadoop-hdds-common-1.1.0-SNAPSHOT-tests.jar:/home/user/.m2/repository/org/apache/hadoop/hadoop-hdds-hadoop-dependency-client/1.1.0-SNAPSHOT/hadoop-hdds-hadoop-dependency-client-1.1.0-SNAPSHOT.jar:/home/user/.m2/repository/info/picocli/picocli/4.4.0/picocli-4.4.0.jar:/home/user/.m2/repository/com/fasterxml/jackson/core/jackson-annotations/2.10.3/jackson-annotations-2.10.3.jar:/home/user/.m2/repository/javax/annotation/javax.annotation-api/1.2/javax.annotation-api-1.2.jar:/home/user/.m2/repository/org/fusesource/leveldbjni/leveldbjni-all/1.8/leveldbjni-all-1.8.jar:/home/user/.m2/repository/org/apache/ratis/ratis-server/1.1.0-c5eafb9-SNAPSHOT/ratis-server-1.1.0-c5eafb9-SNAPSHOT.jar:/home/user/.m2/repository/org/apache/ratis/ratis-client/1.1.0-c5eafb9-SNAPSHOT/ratis-client-1.1.0-c5eafb9-SNAPSHOT.jar:/home/user/.m2/repository/org/apache/ratis/ratis-metrics/1.1.0-c5eafb9-SNAPSHOT/ratis-metrics-1.1.0-c5eafb9-SNAPSHOT.jar:/home/user/.m2/repository/org/apache/ratis/ratis-netty/1.1.0-c5eafb9-SNAPSHOT/ratis-netty-1.1.0-c5eafb9-SNAPSHOT.jar:/home/user/.m2/repository/org/apache/ratis/ratis-grpc/1.1.0-c5eafb9-SNAPSHOT/ratis-grpc-1.1.0-c5eafb9-SNAPSHOT.jar:/home/user/.m2/repository/org/apache/logging/log4j/log4j-api/2.13.3/log4j-api-2.13.3.jar:/home/user/.m2/repository/org/apache/logging/log4j/log4j-core/2.13.3/log4j-core-2.13.3.jar:/home/user/.m2/repository/com/lmax/disruptor/3.4.2/disruptor-3.4.2.jar:/home/user/.m2/repository/org/apache/commons/commons-pool2/2.6.0/commons-pool2-2.6.0.jar:/home/user/.m2/repository/org/bouncycastle/bcpkix-jdk15on/1.67/bcpkix-jdk15on-1.67.jar:/home/user/.m2/repository/commons-validator/commons-validator/1.6/commons-validator-1.6.jar:/home/user/.m2/repository/commons-beanutils/commons-beanutils/1.9.4/commons-beanutils-1.9.4.jar:/home/user/.m2/repository/commons-digester/commons-digester/1.8.1/commons-digester-1.8.1.jar:/home/user/.m2/repository/commons-collections/commons-collections/3.2.2/commons-collections-3.2.2.jar:/home/user/.m2/repository/io/jaegertracing/jaeger-client/1.2.0/jaeger-client-1.2.0.jar:/home/user/.m2/repository/io/jaegertracing/jaeger-thrift/1.2.0/jaeger-thrift-1.2.0.jar:/home/user/.m2/repository/org/apache/thrift/libthrift/0.13.0/libthrift-0.13.0.jar:/home/user/.m2/repository/com/squareup/okhttp3/okhttp/4.2.2/okhttp-4.2.2.jar:/home/user/.m2/repository/com/squareup/okio/okio/2.2.2/okio-2.2.2.jar:/home/user/.m2/repository/org/jetbrains/kotlin/kotlin-stdlib/1.3.50/kotlin-stdlib-1.3.50.jar:/home/user/.m2/repository/org/jetbrains/kotlin/kotlin-stdlib-common/1.3.50/kotlin-stdlib-common-1.3.50.jar:/home/user/.m2/repository/org/jetbrains/annotations/13.0/annotations-13.0.jar:/home/user/.m2/repository/io/jaegertracing/jaeger-core/1.2.0/jaeger-core-1.2.0.jar:/home/user/.m2/repository/io/jaegertracing/jaeger-tracerresolver/1.2.0/jaeger-tracerresolver-1.2.0.jar:/home/user/.m2/repository/io/opentracing/contrib/opentracing-tracerresolver/0.1.8/opentracing-tracerresolver-0.1.8.jar:/home/user/.m2/repository/io/opentracing/opentracing-util/0.33.0/opentracing-util-0.33.0.jar:/home/user/.m2/repository/io/opentracing/opentracing-api/0.33.0/opentracing-api-0.33.0.jar:/home/user/.m2/repository/io/opentracing/opentracing-noop/0.33.0/opentracing-noop-0.33.0.jar:/home/user/.m2/repository/org/yaml/snakeyaml/1.26/snakeyaml-1.26.jar:/home/user/.m2/repository/junit/junit/4.11/junit-4.11.jar:/home/user/.m2/repository/org/hamcrest/hamcrest-core/1.3/hamcrest-core-1.3.jar:/home/user/.m2/repository/org/openjdk/jmh/jmh-core/1.19/jmh-core-1.19.jar:/home/user/.m2/repository/net/sf/jopt-simple/jopt-simple/4.6/jopt-simple-4.6.jar:/home/user/.m2/repository/org/apache/commons/commons-math3/3.1.1/commons-math3-3.1.1.jar:/home/user/.m2/repository/org/openjdk/jmh/jmh-generator-annprocess/1.19/jmh-generator-annprocess-1.19.jar:/home/user/.m2/repository/org/mockito/mockito-all/1.8.5/mockito-all-1.8.5.jar:/home/user/.m2/repository/org/apache/hadoop/hadoop-kms/3.2.1/hadoop-kms-3.2.1.jar:/home/user/.m2/repository/org/apache/hadoop/hadoop-auth/3.2.1/hadoop-auth-3.2.1.jar:/home/user/.m2/repository/com/nimbusds/nimbus-jose-jwt/7.9/nimbus-jose-jwt-7.9.jar:/home/user/.m2/repository/com/github/stephenc/jcip/jcip-annotations/1.0-1/jcip-annotations-1.0-1.jar:/home/user/.m2/repository/net/minidev/json-smart/2.3/json-smart-2.3.jar:/home/user/.m2/repository/net/minidev/accessors-smart/1.2/accessors-smart-1.2.jar:/home/user/.m2/repository/org/ow2/asm/asm/5.0.4/asm-5.0.4.jar:/home/user/.m2/repository/org/apache/zookeeper/zookeeper/3.4.13/zookeeper-3.4.13.jar:/home/user/.m2/repository/org/apache/yetus/audience-annotations/0.5.0/audience-annotations-0.5.0.jar:/home/user/.m2/repository/org/apache/curator/curator-framework/2.13.0/curator-framework-2.13.0.jar:/home/user/.m2/repository/com/sun/jersey/jersey-core/1.19/jersey-core-1.19.jar:/home/user/.m2/repository/javax/ws/rs/jsr311-api/1.1.1/jsr311-api-1.1.1.jar:/home/user/.m2/repository/com/sun/jersey/jersey-server/1.19/jersey-server-1.19.jar:/home/user/.m2/repository/javax/servlet/javax.servlet-api/3.1.0/javax.servlet-api-3.1.0.jar:/home/user/.m2/repository/org/eclipse/jetty/jetty-server/9.4.34.v20201102/jetty-server-9.4.34.v20201102.jar:/home/user/.m2/repository/org/eclipse/jetty/jetty-http/9.4.34.v20201102/jetty-http-9.4.34.v20201102.jar:/home/user/.m2/repository/org/eclipse/jetty/jetty-io/9.4.34.v20201102/jetty-io-9.4.34.v20201102.jar:/home/user/.m2/repository/org/eclipse/jetty/jetty-webapp/9.4.34.v20201102/jetty-webapp-9.4.34.v20201102.jar:/home/user/.m2/repository/org/eclipse/jetty/jetty-xml/9.4.34.v20201102/jetty-xml-9.4.34.v20201102.jar:/home/user/.m2/repository/org/apache/hadoop/hadoop-common/3.2.1/hadoop-common-3.2.1.jar:/home/user/.m2/repository/commons-net/commons-net/3.6/commons-net-3.6.jar:/home/user/.m2/repository/com/sun/jersey/jersey-servlet/1.19/jersey-servlet-1.19.jar:/home/user/.m2/repository/com/sun/jersey/jersey-json/1.19/jersey-json-1.19.jar:/home/user/.m2/repository/org/codehaus/jettison/jettison/1.1/jettison-1.1.jar:/home/user/.m2/repository/org/codehaus/jackson/jackson-jaxrs/1.9.2/jackson-jaxrs-1.9.2.jar:/home/user/.m2/repository/org/codehaus/jackson/jackson-xc/1.9.2/jackson-xc-1.9.2.jar:/home/user/.m2/repository/org/apache/commons/commons-configuration2/2.1.1/commons-configuration2-2.1.1.jar:/home/user/.m2/repository/org/apache/commons/commons-text/1.4/commons-text-1.4.jar:/home/user/.m2/repository/com/google/re2j/re2j/1.1/re2j-1.1.jar:/home/user/.m2/repository/com/jcraft/jsch/0.1.54/jsch-0.1.54.jar:/home/user/.m2/repository/org/apache/curator/curator-client/2.13.0/curator-client-2.13.0.jar:/home/user/.m2/repository/org/apache/curator/curator-recipes/2.13.0/curator-recipes-2.13.0.jar:/home/user/.m2/repository/dnsjava/dnsjava/2.1.7/dnsjava-2.1.7.jar:/home/user/.m2/repository/org/slf4j/jul-to-slf4j/1.7.30/jul-to-slf4j-1.7.30.jar:/home/user/.m2/repository/org/eclipse/jetty/jetty-util/9.4.34.v20201102/jetty-util-9.4.34.v20201102.jar:/home/user/.m2/repository/com/fasterxml/jackson/core/jackson-databind/2.10.3/jackson-databind-2.10.3.jar:/home/user/.m2/repository/org/apache/hadoop/hadoop-kms/3.2.1/hadoop-kms-3.2.1-tests.jar:/home/user/.m2/repository/org/apache/hadoop/hadoop-hdds-server-scm/1.1.0-SNAPSHOT/hadoop-hdds-server-scm-1.1.0-SNAPSHOT-tests.jar:/home/user/.m2/repository/org/apache/hadoop/hadoop-hdds-container-service/1.1.0-SNAPSHOT/hadoop-hdds-container-service-1.1.0-SNAPSHOT-tests.jar:/home/user/.m2/repository/commons-codec/commons-codec/1.11/commons-codec-1.11.jar:/home/user/.m2/repository/org/apache/hadoop/hadoop-hdds-hadoop-dependency-test/1.1.0-SNAPSHOT/hadoop-hdds-hadoop-dependency-test-1.1.0-SNAPSHOT.jar:/home/user/.m2/repository/org/apache/hadoop/hadoop-common/3.2.1/hadoop-common-3.2.1-tests.jar:/home/user/.m2/repository/org/apache/hadoop/hadoop-hdfs/3.2.1/hadoop-hdfs-3.2.1-tests.jar:/home/user/.m2/repository/org/eclipse/jetty/jetty-util-ajax/9.4.34.v20201102/jetty-util-ajax-9.4.34.v20201102.jar:/home/user/.m2/repository/commons-daemon/commons-daemon/1.0.13/commons-daemon-1.0.13.jar:/home/user/.m2/repository/io/netty/netty/3.10.5.Final/netty-3.10.5.Final.jar:/home/user/.m2/repository/io/netty/netty-all/4.1.48.Final/netty-all-4.1.48.Final.jar:/home/user/.m2/repository/org/apache/htrace/htrace-core4/4.1.0-incubating/htrace-core4-4.1.0-incubating.jar:/home/user/.m2/repository/org/apache/hadoop/hadoop-distcp/3.2.1/hadoop-distcp-3.2.1.jar:/home/user/.m2/repository/org/apache/hadoop/hadoop-mapreduce-client-jobclient/3.2.1/hadoop-mapreduce-client-jobclient-3.2.1.jar:/home/user/.m2/repository/org/apache/hadoop/hadoop-mapreduce-client-common/3.2.1/hadoop-mapreduce-client-common-3.2.1.jar:/home/user/.m2/repository/org/apache/hadoop/hadoop-yarn-common/3.2.1/hadoop-yarn-common-3.2.1.jar:/home/user/.m2/repository/org/apache/hadoop/hadoop-yarn-api/3.2.1/hadoop-yarn-api-3.2.1.jar:/home/user/.m2/repository/com/sun/jersey/jersey-client/1.19/jersey-client-1.19.jar:/home/user/.m2/repository/com/sun/jersey/contribs/jersey-guice/1.19/jersey-guice-1.19.jar:/home/user/.m2/repository/com/fasterxml/jackson/jaxrs/jackson-jaxrs-json-provider/2.10.3/jackson-jaxrs-json-provider-2.10.3.jar:/home/user/.m2/repository/com/fasterxml/jackson/jaxrs/jackson-jaxrs-base/2.10.3/jackson-jaxrs-base-2.10.3.jar:/home/user/.m2/repository/org/apache/hadoop/hadoop-yarn-client/3.2.1/hadoop-yarn-client-3.2.1.jar:/home/user/.m2/repository/org/apache/hadoop/hadoop-mapreduce-client-core/3.2.1/hadoop-mapreduce-client-core-3.2.1.jar:/home/user/.m2/repository/org/apache/avro/avro/1.7.7/avro-1.7.7.jar:/home/user/.m2/repository/org/codehaus/jackson/jackson-core-asl/1.9.13/jackson-core-asl-1.9.13.jar:/home/user/.m2/repository/org/codehaus/jackson/jackson-mapper-asl/1.9.13/jackson-mapper-asl-1.9.13.jar:/home/user/.m2/repository/com/thoughtworks/paranamer/paranamer/2.3/paranamer-2.3.jar:/home/user/.m2/repository/org/xerial/snappy/snappy-java/1.0.5/snappy-java-1.0.5.jar:/home/user/.m2/repository/org/apache/hadoop/hadoop-annotations/3.2.1/hadoop-annotations-3.2.1.jar:/usr/lib/jvm/java-1.8.0-openjdk-1.8.0.232.b09-0.el7_7.x86_64/jre/../lib/tools.jar:/home/user/.m2/repository/org/apache/hadoop/hadoop-distcp/3.2.1/hadoop-distcp-3.2.1-tests.jar:"/>
    <property name="sun.cpu.endian" value="little"/>
    <property name="user.home" value="/home/user"/>
    <property name="user.language" value="en"/>
    <property name="java.specification.vendor" value="Oracle Corporation"/>
    <property name="java.home" value="/usr/lib/jvm/java-1.8.0-openjdk-1.8.0.232.b09-0.el7_7.x86_64/jre"/>
    <property name="java.security.krb5.conf" value="/github/workspace/mnt/ozone/hadoop-ozone/integration-test/target/test-classes/krb5.conf"/>
    <property name="basedir" value="/github/workspace/mnt/ozone/hadoop-ozone/integration-test"/>
    <property name="file.separator" value="/"/>
    <property name="line.separator" value="&#10;"/>
    <property name="java.vm.specification.vendor" value="Oracle Corporation"/>
    <property name="java.specification.name" value="Java Platform API Specification"/>
    <property name="java.awt.graphicsenv" value="sun.awt.X11GraphicsEnvironment"/>
    <property name="skip.installnpx" value="true"/>
    <property name="surefire.real.class.path" value="/github/workspace/mnt/ozone/hadoop-ozone/integration-test/target/surefire/surefirebooter7598672325482269481.jar:/home/user/.m2/repository/org/jacoco/org.jacoco.agent/0.8.5/org.jacoco.agent-0.8.5-runtime.jar"/>
    <property name="hadoop.log.dir" value="/github/workspace/mnt/ozone/hadoop-ozone/integration-test/target/log"/>
    <property name="sun.boot.class.path" value="/usr/lib/jvm/java-1.8.0-openjdk-1.8.0.232.b09-0.el7_7.x86_64/jre/lib/resources.jar:/usr/lib/jvm/java-1.8.0-openjdk-1.8.0.232.b09-0.el7_7.x86_64/jre/lib/rt.jar:/usr/lib/jvm/java-1.8.0-openjdk-1.8.0.232.b09-0.el7_7.x86_64/jre/lib/sunrsasign.jar:/usr/lib/jvm/java-1.8.0-openjdk-1.8.0.232.b09-0.el7_7.x86_64/jre/lib/jsse.jar:/usr/lib/jvm/java-1.8.0-openjdk-1.8.0.232.b09-0.el7_7.x86_64/jre/lib/jce.jar:/usr/lib/jvm/java-1.8.0-openjdk-1.8.0.232.b09-0.el7_7.x86_64/jre/lib/charsets.jar:/usr/lib/jvm/java-1.8.0-openjdk-1.8.0.232.b09-0.el7_7.x86_64/jre/lib/jfr.jar:/usr/lib/jvm/java-1.8.0-openjdk-1.8.0.232.b09-0.el7_7.x86_64/jre/classes"/>
    <property name="sun.management.compiler" value="HotSpot 64-Bit Tiered Compilers"/>
    <property name="skip.npx" value="true"/>
    <property name="java.runtime.version" value="1.8.0_232-b09"/>
    <property name="java.net.preferIPv4Stack" value="true"/>
    <property name="user.name" value="jenkins1001"/>
    <property name="path.separator" value=":"/>
    <property name="java.security.egd" value="file:///dev/urandom"/>
    <property name="os.version" value="5.4.0-1032-azure"/>
    <property name="java.endorsed.dirs" value="/usr/lib/jvm/java-1.8.0-openjdk-1.8.0.232.b09-0.el7_7.x86_64/jre/lib/endorsed"/>
    <property name="java.runtime.name" value="OpenJDK Runtime Environment"/>
    <property name="file.encoding" value="ANSI_X3.4-1968"/>
    <property name="java.vm.name" value="OpenJDK 64-Bit Server VM"/>
    <property name="test.build.webapps" value=""/>
    <property name="localRepository" value="/home/user/.m2/repository"/>
    <property name="java.vendor.url.bug" value="http://bugreport.sun.com/bugreport/"/>
    <property name="java.io.tmpdir" value="/tmp"/>
    <property name="require.test.libhadoop" value=""/>
    <property name="java.version" value="1.8.0_232"/>
    <property name="user.dir" value="/github/workspace/mnt/ozone/hadoop-ozone/integration-test"/>
    <property name="os.arch" value="amd64"/>
    <property name="java.vm.specification.name" value="Java Virtual Machine Specification"/>
    <property name="test.build.classes" value="/github/workspace/mnt/ozone/hadoop-ozone/integration-test/target/test-classes"/>
    <property name="java.awt.printerjob" value="sun.print.PSPrinterJob"/>
    <property name="sun.os.patch.level" value="unknown"/>
    <property name="hadoop.tmp.dir" value="/github/workspace/mnt/ozone/hadoop-ozone/integration-test/target/tmp"/>
    <property name="java.library.path" value="/usr/lib:/usr/java/packages/lib/amd64:/usr/lib64:/lib64:/lib:/usr/lib"/>
    <property name="java.vm.info" value="mixed mode"/>
    <property name="java.vendor" value="Oracle Corporation"/>
    <property name="java.vm.version" value="25.232-b09"/>
    <property name="java.ext.dirs" value="/usr/lib/jvm/java-1.8.0-openjdk-1.8.0.232.b09-0.el7_7.x86_64/jre/lib/ext:/usr/java/packages/lib/ext"/>
    <property name="sun.io.unicode.encoding" value="UnicodeLittle"/>
    <property name="java.class.version" value="52.0"/>
  </properties>
  <testcase name="testStoppedMaintenanceNodeTakesScmStateOnRestart" classname="org.apache.hadoop.ozone.scm.node.TestDecommissionAndMaintenance" time="48.42"/>
  <testcase name="testContainerIsReplicatedWhenAllNodesGotoMaintenance" classname="org.apache.hadoop.ozone.scm.node.TestDecommissionAndMaintenance" time="33.323">
    <failure message="expected:&lt;5&gt; but was:&lt;6&gt;" type="junit.framework.AssertionFailedError"><![CDATA[junit.framework.AssertionFailedError: expected:<5> but was:<6>
	at junit.framework.Assert.fail(Assert.java:57)
	at junit.framework.Assert.failNotEquals(Assert.java:329)
	at junit.framework.Assert.assertEquals(Assert.java:78)
	at junit.framework.Assert.assertEquals(Assert.java:234)
	at junit.framework.Assert.assertEquals(Assert.java:241)
	at junit.framework.TestCase.assertEquals(TestCase.java:409)
	at org.apache.hadoop.ozone.scm.node.TestDecommissionAndMaintenance.testContainerIsReplicatedWhenAllNodesGotoMaintenance(TestDecommissionAndMaintenance.java:394)
	at sun.reflect.NativeMethodAccessorImpl.invoke0(Native Method)
	at sun.reflect.NativeMethodAccessorImpl.invoke(NativeMethodAccessorImpl.java:62)
	at sun.reflect.DelegatingMethodAccessorImpl.invoke(DelegatingMethodAccessorImpl.java:43)
	at java.lang.reflect.Method.invoke(Method.java:498)
	at org.junit.runners.model.FrameworkMethod$1.runReflectiveCall(FrameworkMethod.java:47)
	at org.junit.internal.runners.model.ReflectiveCallable.run(ReflectiveCallable.java:12)
	at org.junit.runners.model.FrameworkMethod.invokeExplosively(FrameworkMethod.java:44)
	at org.junit.internal.runners.statements.InvokeMethod.evaluate(InvokeMethod.java:17)
	at org.junit.internal.runners.statements.RunBefores.evaluate(RunBefores.java:26)
	at org.junit.internal.runners.statements.RunAfters.evaluate(RunAfters.java:27)
	at org.junit.runners.ParentRunner.runLeaf(ParentRunner.java:271)
	at org.junit.runners.BlockJUnit4ClassRunner.runChild(BlockJUnit4ClassRunner.java:70)
	at org.junit.runners.BlockJUnit4ClassRunner.runChild(BlockJUnit4ClassRunner.java:50)
	at org.junit.runners.ParentRunner$3.run(ParentRunner.java:238)
	at org.junit.runners.ParentRunner$1.schedule(ParentRunner.java:63)
	at org.junit.runners.ParentRunner.runChildren(ParentRunner.java:236)
	at org.junit.runners.ParentRunner.access$000(ParentRunner.java:53)
	at org.junit.runners.ParentRunner$2.evaluate(ParentRunner.java:229)
	at org.junit.runners.ParentRunner.run(ParentRunner.java:309)
	at org.apache.maven.surefire.junit4.JUnit4Provider.execute(JUnit4Provider.java:365)
	at org.apache.maven.surefire.junit4.JUnit4Provider.executeWithRerun(JUnit4Provider.java:273)
	at org.apache.maven.surefire.junit4.JUnit4Provider.executeTestSet(JUnit4Provider.java:238)
	at org.apache.maven.surefire.junit4.JUnit4Provider.invoke(JUnit4Provider.java:159)
	at org.apache.maven.surefire.booter.ForkedBooter.invokeProviderInSameClassLoader(ForkedBooter.java:384)
	at org.apache.maven.surefire.booter.ForkedBooter.runSuitesInProcess(ForkedBooter.java:345)
	at org.apache.maven.surefire.booter.ForkedBooter.execute(ForkedBooter.java:126)
	at org.apache.maven.surefire.booter.ForkedBooter.main(ForkedBooter.java:418)
]]></failure>
    <system-out><![CDATA[2020-12-29 10:09:43,882 [Listener at 127.0.0.1/38101] WARN  server.ServerUtils (ServerUtils.java:getScmDbDir(148)) - ozone.scm.db.dirs is not configured. We recommend adding this setting. Falling back to ozone.metadata.dirs instead.
2020-12-29 10:09:43,884 [Listener at 127.0.0.1/38101] WARN  server.ServerUtils (ServerUtils.java:getScmDbDir(148)) - ozone.scm.db.dirs is not configured. We recommend adding this setting. Falling back to ozone.metadata.dirs instead.
2020-12-29 10:09:43,885 [Listener at 127.0.0.1/38101] WARN  db.DBStoreBuilder (DBStoreBuilder.java:applyDBDefinition(145)) - ozone.scm.db.dirs is not configured. We recommend adding this setting. Falling back to ozone.metadata.dirs instead.
2020-12-29 10:09:43,923 [Listener at 127.0.0.1/38101] INFO  net.NodeSchemaLoader (NodeSchemaLoader.java:loadSchemaFromFile(126)) - Loading file from sun.misc.CompoundEnumeration@750a4fc1
2020-12-29 10:09:43,923 [Listener at 127.0.0.1/38101] INFO  net.NodeSchemaLoader (NodeSchemaLoader.java:loadSchema(172)) - Loading network topology layer schema file
2020-12-29 10:09:43,926 [Listener at 127.0.0.1/38101] INFO  node.SCMNodeManager (SCMNodeManager.java:<init>(123)) - Entering startup safe mode.
2020-12-29 10:09:43,927 [Listener at 127.0.0.1/38101] INFO  algorithms.ContainerPlacementPolicyFactory (ContainerPlacementPolicyFactory.java:getPolicy(60)) - Create container placement policy of type org.apache.hadoop.hdds.scm.container.placement.algorithms.SCMContainerPlacementRandom
2020-12-29 10:09:43,927 [Listener at 127.0.0.1/38101] INFO  algorithms.LeaderChoosePolicyFactory (LeaderChoosePolicyFactory.java:getPolicy(57)) - Create leader choose policy of type org.apache.hadoop.hdds.scm.pipeline.leader.choose.algorithms.DefaultLeaderChoosePolicy
2020-12-29 10:09:43,928 [Listener at 127.0.0.1/38101] INFO  pipeline.SCMPipelineManager (SCMPipelineManager.java:initializePipelineState(161)) - No pipeline exists in current db
2020-12-29 10:09:43,928 [Listener at 127.0.0.1/38101] INFO  algorithms.PipelineChoosePolicyFactory (PipelineChoosePolicyFactory.java:createPipelineChoosePolicyFromClass(75)) - Create pipeline choose policy of type org.apache.hadoop.hdds.scm.pipeline.choose.algorithms.RandomPipelineChoosePolicy
2020-12-29 10:09:43,929 [Listener at 127.0.0.1/38101] INFO  safemode.HealthyPipelineSafeModeRule (HealthyPipelineSafeModeRule.java:<init>(89)) - Total pipeline count is 0, healthy pipeline threshold count is 0
2020-12-29 10:09:43,930 [Listener at 127.0.0.1/38101] INFO  safemode.OneReplicaPipelineSafeModeRule (OneReplicaPipelineSafeModeRule.java:<init>(84)) - Total pipeline count is 0, pipeline's with at least one datanode reported threshold count is 0
2020-12-29 10:09:43,931 [Listener at 127.0.0.1/38101] INFO  ipc.CallQueueManager (CallQueueManager.java:<init>(84)) - Using callQueue: class java.util.concurrent.LinkedBlockingQueue, queueCapacity: 2000, scheduler: class org.apache.hadoop.ipc.DefaultRpcScheduler, ipcBackoff: false.
2020-12-29 10:09:43,932 [Socket Reader #1 for port 0] INFO  ipc.Server (Server.java:run(1219)) - Starting Socket Reader #1 for port 0
2020-12-29 10:09:43,937 [Listener at 0.0.0.0/35001] INFO  ipc.CallQueueManager (CallQueueManager.java:<init>(84)) - Using callQueue: class java.util.concurrent.LinkedBlockingQueue, queueCapacity: 2000, scheduler: class org.apache.hadoop.ipc.DefaultRpcScheduler, ipcBackoff: false.
2020-12-29 10:09:43,937 [Socket Reader #1 for port 0] INFO  ipc.Server (Server.java:run(1219)) - Starting Socket Reader #1 for port 0
2020-12-29 10:09:43,938 [Listener at 0.0.0.0/39117] INFO  ipc.CallQueueManager (CallQueueManager.java:<init>(84)) - Using callQueue: class java.util.concurrent.LinkedBlockingQueue, queueCapacity: 2000, scheduler: class org.apache.hadoop.ipc.DefaultRpcScheduler, ipcBackoff: false.
2020-12-29 10:09:43,938 [Socket Reader #1 for port 0] INFO  ipc.Server (Server.java:run(1219)) - Starting Socket Reader #1 for port 0
2020-12-29 10:09:43,942 [Listener at 0.0.0.0/39421] INFO  http.BaseHttpServer (BaseHttpServer.java:newHttpServer2BuilderForOzone(207)) - Starting Web-server for scm at: http://0.0.0.0:0
2020-12-29 10:09:43,943 [Listener at 0.0.0.0/39421] INFO  http.BaseHttpServer (BaseHttpServer.java:<init>(106)) - Hadoop Security Enabled: false Ozone Security Enabled: false Ozone HTTP Security Enabled: false 
2020-12-29 10:09:43,944 [Listener at 0.0.0.0/39421] INFO  server.AuthenticationFilter (AuthenticationFilter.java:constructSecretProvider(240)) - Unable to initialize FileSignerSecretProvider, falling back to use random secrets.
2020-12-29 10:09:43,945 [Listener at 0.0.0.0/39421] WARN  http.HttpRequestLog (HttpRequestLog.java:getRequestLog(103)) - Jetty request log can only be enabled using Log4j
2020-12-29 10:09:43,946 [Listener at 0.0.0.0/39421] INFO  http.HttpServer2 (HttpServer2.java:addGlobalFilter(1020)) - Added global filter 'safety' (class=org.apache.hadoop.hdds.server.http.HttpServer2$QuotingInputFilter)
2020-12-29 10:09:43,947 [Listener at 0.0.0.0/39421] INFO  http.HttpServer2 (HttpServer2.java:addFilter(996)) - Added filter static_user_filter (class=org.apache.hadoop.http.lib.StaticUserWebFilter$StaticUserFilter) to context scm
2020-12-29 10:09:43,947 [Listener at 0.0.0.0/39421] INFO  http.HttpServer2 (HttpServer2.java:addFilter(1004)) - Added filter static_user_filter (class=org.apache.hadoop.http.lib.StaticUserWebFilter$StaticUserFilter) to context static
2020-12-29 10:09:43,947 [Listener at 0.0.0.0/39421] INFO  http.HttpServer2 (HttpServer2.java:addFilter(1004)) - Added filter static_user_filter (class=org.apache.hadoop.http.lib.StaticUserWebFilter$StaticUserFilter) to context logs
2020-12-29 10:09:43,950 [Listener at 0.0.0.0/39421] INFO  server.StorageContainerManager (StorageContainerManager.java:start(789)) - StorageContainerLocationProtocol RPC server is listening at /0.0.0.0:39421
2020-12-29 10:09:43,952 [Listener at 0.0.0.0/39421] WARN  impl.MetricsConfig (MetricsConfig.java:loadFirst(134)) - Cannot locate configuration: tried hadoop-metrics2-storagecontainermanager.properties,hadoop-metrics2.properties
2020-12-29 10:09:43,952 [Listener at 0.0.0.0/39421] INFO  impl.MetricsSystemImpl (MetricsSystemImpl.java:startTimer(374)) - Scheduled Metric snapshot period at 10 second(s).
2020-12-29 10:09:43,953 [Listener at 0.0.0.0/39421] INFO  impl.MetricsSystemImpl (MetricsSystemImpl.java:start(191)) - StorageContainerManager metrics system started
2020-12-29 10:09:43,968 [Listener at 0.0.0.0/39421] WARN  impl.MetricsSystemImpl (MetricsSystemImpl.java:register(276)) - Sink prometheus already exists!
2020-12-29 10:09:43,989 [Listener at 0.0.0.0/39421] INFO  server.SCMClientProtocolServer (SCMClientProtocolServer.java:start(159)) - RPC server for Client  is listening at /0.0.0.0:39421
2020-12-29 10:09:43,989 [IPC Server Responder] INFO  ipc.Server (Server.java:run(1460)) - IPC Server Responder: starting
2020-12-29 10:09:43,994 [IPC Server listener on 0] INFO  ipc.Server (Server.java:run(1298)) - IPC Server listener on 0: starting
2020-12-29 10:09:44,010 [Listener at 0.0.0.0/39421] INFO  server.StorageContainerManager (StorageContainerManager.java:start(801)) - ScmBlockLocationProtocol RPC server is listening at /0.0.0.0:39117
2020-12-29 10:09:44,011 [Listener at 0.0.0.0/39421] INFO  server.SCMBlockProtocolServer (SCMBlockProtocolServer.java:start(150)) - RPC server for Block Protocol is listening at /0.0.0.0:39117
2020-12-29 10:09:44,012 [IPC Server Responder] INFO  ipc.Server (Server.java:run(1460)) - IPC Server Responder: starting
2020-12-29 10:09:44,013 [IPC Server listener on 0] INFO  ipc.Server (Server.java:run(1298)) - IPC Server listener on 0: starting
2020-12-29 10:09:44,022 [Listener at 0.0.0.0/39421] INFO  server.StorageContainerManager (StorageContainerManager.java:start(807)) - ScmDatanodeProtocl RPC server is listening at /0.0.0.0:35001
2020-12-29 10:09:44,023 [Listener at 0.0.0.0/39421] INFO  server.SCMDatanodeProtocolServer (SCMDatanodeProtocolServer.java:start(174)) - RPC server for DataNodes is listening at /0.0.0.0:35001
2020-12-29 10:09:44,024 [IPC Server Responder] INFO  ipc.Server (Server.java:run(1460)) - IPC Server Responder: starting
2020-12-29 10:09:44,024 [IPC Server listener on 0] INFO  ipc.Server (Server.java:run(1298)) - IPC Server listener on 0: starting
2020-12-29 10:09:44,031 [Listener at 0.0.0.0/39421] INFO  http.HttpServer2 (HttpServer2.java:bindListener(1238)) - Jetty bound to port 46305
2020-12-29 10:09:44,031 [Listener at 0.0.0.0/39421] INFO  server.Server (Server.java:doStart(375)) - jetty-9.4.34.v20201102; built: 2020-11-02T14:15:39.302Z; git: e46af88704a893fc12cb0e3bf46e2c7b48a009e7; jvm 1.8.0_232-b09
2020-12-29 10:09:44,033 [Listener at 0.0.0.0/39421] INFO  server.session (DefaultSessionIdManager.java:doStart(334)) - DefaultSessionIdManager workerName=node0
2020-12-29 10:09:44,033 [Listener at 0.0.0.0/39421] INFO  server.session (DefaultSessionIdManager.java:doStart(339)) - No SessionScavenger set, using defaults
2020-12-29 10:09:44,033 [Listener at 0.0.0.0/39421] INFO  server.session (HouseKeeper.java:startScavenging(132)) - node0 Scavenging every 600000ms
2020-12-29 10:09:44,034 [Listener at 0.0.0.0/39421] INFO  handler.ContextHandler (ContextHandler.java:doStart(916)) - Started o.e.j.s.ServletContextHandler@4c49471c{logs,/logs,file:///github/workspace/mnt/ozone/hadoop-ozone/integration-test/target/log,AVAILABLE}
2020-12-29 10:09:44,036 [Listener at 0.0.0.0/39421] INFO  handler.ContextHandler (ContextHandler.java:doStart(916)) - Started o.e.j.s.ServletContextHandler@964a7b0{static,/static,file:///github/workspace/mnt/ozone/hadoop-ozone/integration-test/target/test-classes/webapps/static,AVAILABLE}
2020-12-29 10:09:44,039 [Listener at 0.0.0.0/39421] INFO  handler.ContextHandler (ContextHandler.java:doStart(916)) - Started o.e.j.w.WebAppContext@2dbc56fb{scm,/,file:///github/workspace/mnt/ozone/hadoop-ozone/integration-test/target/test-classes/webapps/scm/,AVAILABLE}{file:/github/workspace/mnt/ozone/hadoop-ozone/integration-test/target/test-classes/webapps/scm}
2020-12-29 10:09:44,045 [Listener at 0.0.0.0/39421] INFO  server.AbstractConnector (AbstractConnector.java:doStart(331)) - Started ServerConnector@525aae0c{HTTP/1.1, (http/1.1)}{0.0.0.0:46305}
2020-12-29 10:09:44,045 [Listener at 0.0.0.0/39421] INFO  server.Server (Server.java:doStart(415)) - Started @49434ms
2020-12-29 10:09:44,045 [Listener at 0.0.0.0/39421] WARN  impl.MetricsSystemImpl (MetricsSystemImpl.java:register(276)) - Sink prometheus already exists!
2020-12-29 10:09:44,048 [Listener at 0.0.0.0/39421] INFO  http.BaseHttpServer (BaseHttpServer.java:updateConnectorAddress(327)) - HTTP server of scm listening at http://0.0.0.0:46305
2020-12-29 10:09:44,049 [Listener at 0.0.0.0/39421] WARN  server.ServerUtils (ServerUtils.java:getDBPath(225)) - ozone.om.db.dirs is not configured. We recommend adding this setting. Falling back to ozone.metadata.dirs instead.
2020-12-29 10:09:44,050 [org.apache.hadoop.util.JvmPauseMonitor$Monitor@4fba033c] INFO  util.JvmPauseMonitor (JvmPauseMonitor.java:run(188)) - Starting JVM pause monitor
2020-12-29 10:09:44,051 [Listener at 0.0.0.0/39421] INFO  ha.OMHANodeDetails (OMHANodeDetails.java:loadOMHAConfig(104)) - ozone.om.internal.service.id is not defined, falling back to ozone.om.service.ids to find serviceID for OzoneManager if it is HA enabled cluster
2020-12-29 10:09:44,051 [Listener at 0.0.0.0/39421] INFO  ha.OMHANodeDetails (OMHANodeDetails.java:loadOMHAConfig(213)) - Configuration either no ozone.om.address set. Falling back to the default OM address /127.0.0.1:0
2020-12-29 10:09:44,051 [Listener at 0.0.0.0/39421] INFO  ha.OMHANodeDetails (OMHANodeDetails.java:getOMNodeDetails(241)) - OM Service ID is not set. Setting it to the default ID: omServiceIdDefault
2020-12-29 10:09:44,052 [Listener at 0.0.0.0/39421] WARN  server.ServerUtils (ServerUtils.java:getDBPath(225)) - ozone.om.db.dirs is not configured. We recommend adding this setting. Falling back to ozone.metadata.dirs instead.
2020-12-29 10:09:44,052 [Listener at 0.0.0.0/39421] WARN  server.ServerUtils (ServerUtils.java:getDBPath(225)) - ozone.om.db.dirs is not configured. We recommend adding this setting. Falling back to ozone.metadata.dirs instead.
2020-12-29 10:09:44,061 [Listener at 0.0.0.0/39421] WARN  server.ServerUtils (ServerUtils.java:getDBPath(225)) - ozone.om.db.dirs is not configured. We recommend adding this setting. Falling back to ozone.metadata.dirs instead.
2020-12-29 10:09:44,061 [Listener at 0.0.0.0/39421] INFO  codec.OmKeyInfoCodec (OmKeyInfoCodec.java:<init>(41)) - OmKeyInfoCodec ignorePipeline = true
2020-12-29 10:09:44,061 [Listener at 0.0.0.0/39421] INFO  codec.RepeatedOmKeyInfoCodec (RepeatedOmKeyInfoCodec.java:<init>(40)) - RepeatedOmKeyInfoCodec ignorePipeline = true
2020-12-29 10:09:44,126 [Listener at 0.0.0.0/39421] INFO  om.OzoneManager (OzoneManager.java:addS3GVolumeToDB(3753)) - Created Volume s3v With Owner jenkins1001 required for S3Gateway operations.
2020-12-29 10:09:44,127 [Listener at 0.0.0.0/39421] INFO  ipc.CallQueueManager (CallQueueManager.java:<init>(84)) - Using callQueue: class java.util.concurrent.LinkedBlockingQueue, queueCapacity: 2000, scheduler: class org.apache.hadoop.ipc.DefaultRpcScheduler, ipcBackoff: false.
2020-12-29 10:09:44,128 [Socket Reader #1 for port 0] INFO  ipc.Server (Server.java:run(1219)) - Starting Socket Reader #1 for port 0
2020-12-29 10:09:44,145 [Listener at 127.0.0.1/41413] INFO  impl.MetricsSystemImpl (MetricsSystemImpl.java:init(158)) - OzoneManager metrics system started (again)
2020-12-29 10:09:44,146 [Listener at 127.0.0.1/41413] INFO  om.OzoneManager (OzoneManager.java:start(1161)) - OzoneManager RPC server is listening at localhost/127.0.0.1:41413
2020-12-29 10:09:44,150 [Listener at 127.0.0.1/41413] INFO  http.BaseHttpServer (BaseHttpServer.java:newHttpServer2BuilderForOzone(207)) - Starting Web-server for ozoneManager at: http://0.0.0.0:0
2020-12-29 10:09:44,150 [Listener at 127.0.0.1/41413] INFO  http.BaseHttpServer (BaseHttpServer.java:<init>(106)) - Hadoop Security Enabled: false Ozone Security Enabled: false Ozone HTTP Security Enabled: false 
2020-12-29 10:09:44,152 [Listener at 127.0.0.1/41413] INFO  server.AuthenticationFilter (AuthenticationFilter.java:constructSecretProvider(240)) - Unable to initialize FileSignerSecretProvider, falling back to use random secrets.
2020-12-29 10:09:44,152 [Listener at 127.0.0.1/41413] WARN  http.HttpRequestLog (HttpRequestLog.java:getRequestLog(103)) - Jetty request log can only be enabled using Log4j
2020-12-29 10:09:44,153 [Listener at 127.0.0.1/41413] INFO  http.HttpServer2 (HttpServer2.java:addGlobalFilter(1020)) - Added global filter 'safety' (class=org.apache.hadoop.hdds.server.http.HttpServer2$QuotingInputFilter)
2020-12-29 10:09:44,154 [Listener at 127.0.0.1/41413] INFO  http.HttpServer2 (HttpServer2.java:addFilter(996)) - Added filter static_user_filter (class=org.apache.hadoop.http.lib.StaticUserWebFilter$StaticUserFilter) to context ozoneManager
2020-12-29 10:09:44,154 [Listener at 127.0.0.1/41413] INFO  http.HttpServer2 (HttpServer2.java:addFilter(1004)) - Added filter static_user_filter (class=org.apache.hadoop.http.lib.StaticUserWebFilter$StaticUserFilter) to context static
2020-12-29 10:09:44,154 [Listener at 127.0.0.1/41413] INFO  http.HttpServer2 (HttpServer2.java:addFilter(1004)) - Added filter static_user_filter (class=org.apache.hadoop.http.lib.StaticUserWebFilter$StaticUserFilter) to context logs
2020-12-29 10:09:44,155 [Listener at 127.0.0.1/41413] INFO  http.HttpServer2 (HttpServer2.java:bindListener(1238)) - Jetty bound to port 42977
2020-12-29 10:09:44,155 [Listener at 127.0.0.1/41413] INFO  server.Server (Server.java:doStart(375)) - jetty-9.4.34.v20201102; built: 2020-11-02T14:15:39.302Z; git: e46af88704a893fc12cb0e3bf46e2c7b48a009e7; jvm 1.8.0_232-b09
2020-12-29 10:09:44,156 [Listener at 127.0.0.1/41413] INFO  server.session (DefaultSessionIdManager.java:doStart(334)) - DefaultSessionIdManager workerName=node0
2020-12-29 10:09:44,156 [Listener at 127.0.0.1/41413] INFO  server.session (DefaultSessionIdManager.java:doStart(339)) - No SessionScavenger set, using defaults
2020-12-29 10:09:44,157 [Listener at 127.0.0.1/41413] INFO  server.session (HouseKeeper.java:startScavenging(132)) - node0 Scavenging every 600000ms
2020-12-29 10:09:44,157 [Listener at 127.0.0.1/41413] INFO  handler.ContextHandler (ContextHandler.java:doStart(916)) - Started o.e.j.s.ServletContextHandler@2d6dbcec{logs,/logs,file:///github/workspace/mnt/ozone/hadoop-ozone/integration-test/target/log,AVAILABLE}
2020-12-29 10:09:44,158 [Listener at 127.0.0.1/41413] INFO  handler.ContextHandler (ContextHandler.java:doStart(916)) - Started o.e.j.s.ServletContextHandler@4e0d2ddd{static,/static,file:///github/workspace/mnt/ozone/hadoop-ozone/integration-test/target/test-classes/webapps/static,AVAILABLE}
2020-12-29 10:09:44,162 [Listener at 127.0.0.1/41413] INFO  handler.ContextHandler (ContextHandler.java:doStart(916)) - Started o.e.j.w.WebAppContext@15652e7e{ozoneManager,/,file:///github/workspace/mnt/ozone/hadoop-ozone/integration-test/target/test-classes/webapps/ozoneManager/,AVAILABLE}{file:/github/workspace/mnt/ozone/hadoop-ozone/integration-test/target/test-classes/webapps/ozoneManager}
2020-12-29 10:09:44,163 [Listener at 127.0.0.1/41413] INFO  server.AbstractConnector (AbstractConnector.java:doStart(331)) - Started ServerConnector@57e3a1b8{HTTP/1.1, (http/1.1)}{0.0.0.0:42977}
2020-12-29 10:09:44,164 [Listener at 127.0.0.1/41413] INFO  server.Server (Server.java:doStart(415)) - Started @49552ms
2020-12-29 10:09:44,164 [Listener at 127.0.0.1/41413] WARN  impl.MetricsSystemImpl (MetricsSystemImpl.java:register(276)) - Sink prometheus already exists!
2020-12-29 10:09:44,167 [Listener at 127.0.0.1/41413] INFO  http.BaseHttpServer (BaseHttpServer.java:updateConnectorAddress(327)) - HTTP server of ozoneManager listening at http://0.0.0.0:42977
2020-12-29 10:09:44,168 [IPC Server Responder] INFO  ipc.Server (Server.java:run(1460)) - IPC Server Responder: starting
2020-12-29 10:09:44,168 [IPC Server listener on 0] INFO  ipc.Server (Server.java:run(1298)) - IPC Server listener on 0: starting
2020-12-29 10:09:44,177 [Listener at 127.0.0.1/41413] INFO  om.OzoneManager (OzoneManager.java:startTrashEmptier(1282)) - Trash Interval set to 0. Files deleted will not move to trash
2020-12-29 10:09:44,177 [org.apache.hadoop.util.JvmPauseMonitor$Monitor@6a9781fd] INFO  util.JvmPauseMonitor (JvmPauseMonitor.java:run(188)) - Starting JVM pause monitor
2020-12-29 10:09:44,196 [Listener at 127.0.0.1/41413] INFO  impl.MetricsSystemImpl (MetricsSystemImpl.java:init(158)) - HddsDatanode metrics system started (again)
2020-12-29 10:09:44,201 [Listener at 127.0.0.1/41413] INFO  ozone.HddsDatanodeService (HddsDatanodeService.java:start(217)) - HddsDatanodeService host:79669b543b4d ip:172.17.0.2
2020-12-29 10:09:44,203 [Listener at 127.0.0.1/41413] INFO  volume.HddsVolume (HddsVolume.java:<init>(176)) - Creating Volume: /github/workspace/mnt/ozone/hadoop-ozone/integration-test/target/test-dir/MiniOzoneClusterImpl-b1ea8c03-8e89-4df6-8609-c05021ba0f19/datanode-0/data-0/containers/hdds of storage type : DISK and capacity : 9223372036854775807
2020-12-29 10:09:44,204 [Listener at 127.0.0.1/41413] INFO  volume.MutableVolumeSet (MutableVolumeSet.java:initializeVolumeSet(179)) - Added Volume : /github/workspace/mnt/ozone/hadoop-ozone/integration-test/target/test-dir/MiniOzoneClusterImpl-b1ea8c03-8e89-4df6-8609-c05021ba0f19/datanode-0/data-0/containers/hdds to VolumeSet
2020-12-29 10:09:44,204 [Listener at 127.0.0.1/41413] INFO  volume.ThrottledAsyncChecker (ThrottledAsyncChecker.java:schedule(141)) - Scheduling a check for /github/workspace/mnt/ozone/hadoop-ozone/integration-test/target/test-dir/MiniOzoneClusterImpl-b1ea8c03-8e89-4df6-8609-c05021ba0f19/datanode-0/data-0/containers/hdds
2020-12-29 10:09:44,204 [Listener at 127.0.0.1/41413] INFO  volume.HddsVolumeChecker (HddsVolumeChecker.java:checkAllVolumes(200)) - Scheduled health check for volume /github/workspace/mnt/ozone/hadoop-ozone/integration-test/target/test-dir/MiniOzoneClusterImpl-b1ea8c03-8e89-4df6-8609-c05021ba0f19/datanode-0/data-0/containers/hdds
2020-12-29 10:09:44,220 [Thread-722] INFO  ozoneimpl.ContainerReader (ContainerReader.java:readVolume(123)) - Start to verify containers on volume /github/workspace/mnt/ozone/hadoop-ozone/integration-test/target/test-dir/MiniOzoneClusterImpl-b1ea8c03-8e89-4df6-8609-c05021ba0f19/datanode-0/data-0/containers/hdds
2020-12-29 10:09:44,220 [Thread-722] INFO  ozoneimpl.ContainerReader (ContainerReader.java:readVolume(148)) - Finish verifying containers on volume /github/workspace/mnt/ozone/hadoop-ozone/integration-test/target/test-dir/MiniOzoneClusterImpl-b1ea8c03-8e89-4df6-8609-c05021ba0f19/datanode-0/data-0/containers/hdds
2020-12-29 10:09:44,220 [Listener at 127.0.0.1/41413] INFO  ozoneimpl.OzoneContainer (OzoneContainer.java:buildContainerSet(194)) - Build ContainerSet costs 0s
2020-12-29 10:09:44,222 [Listener at 127.0.0.1/41413] INFO  server.RaftServer (ConfUtils.java:logGet(44)) - raft.rpc.type = GRPC (default)
2020-12-29 10:09:44,222 [Listener at 127.0.0.1/41413] INFO  grpc.GrpcFactory (GrpcFactory.java:checkPooledByteBufAllocatorUseCacheForAllThreads(48)) - PERFORMANCE WARNING: useCacheForAllThreads is true that may cause Netty to create a lot garbage objects and, as a result, trigger GC.
	It is recommended to disable useCacheForAllThreads by setting -Dorg.apache.ratis.thirdparty.io.netty.allocator.useCacheForAllThreads=false in command line.
2020-12-29 10:09:44,223 [Listener at 127.0.0.1/41413] INFO  grpc.GrpcConfigKeys (ConfUtils.java:logGet(44)) - raft.grpc.server.port = 0 (default)
2020-12-29 10:09:44,223 [Listener at 127.0.0.1/41413] INFO  server.GrpcService (ConfUtils.java:logGet(44)) - raft.grpc.message.size.max = 32MB (=33554432) (custom)
2020-12-29 10:09:44,223 [Listener at 127.0.0.1/41413] INFO  server.RaftServerConfigKeys (ConfUtils.java:logGet(44)) - raft.server.log.appender.buffer.byte-limit = 33554432 (custom)
2020-12-29 10:09:44,223 [Listener at 127.0.0.1/41413] INFO  server.GrpcService (ConfUtils.java:logGet(44)) - raft.grpc.flow.control.window = 5MB (=5242880) (custom)
2020-12-29 10:09:44,223 [Listener at 127.0.0.1/41413] INFO  server.RaftServerConfigKeys (ConfUtils.java:logGet(44)) - raft.server.rpc.request.timeout = 60s (custom)
2020-12-29 10:09:44,224 [Listener at 127.0.0.1/41413] INFO  impl.DataStreamServerImpl (ConfUtils.java:logGet(44)) - raft.datastream.type = DISABLED (default)
2020-12-29 10:09:44,224 [Listener at 127.0.0.1/41413] INFO  server.RaftServerConfigKeys (ConfUtils.java:logGet(44)) - raft.server.rpc.slowness.timeout = 300s (custom)
2020-12-29 10:09:44,228 [Listener at 127.0.0.1/41413] INFO  server.RaftServerConfigKeys (ConfUtils.java:logGet(44)) - raft.server.leaderelection.leader.step-down.wait-time = 10s (default)
2020-12-29 10:09:44,229 [Listener at 127.0.0.1/41413] INFO  server.RaftServerConfigKeys (ConfUtils.java:logGet(44)) - raft.server.storage.dir = [/github/workspace/mnt/ozone/hadoop-ozone/integration-test/target/test-dir/MiniOzoneClusterImpl-b1ea8c03-8e89-4df6-8609-c05021ba0f19/datanode-0/data/ratis] (custom)
2020-12-29 10:09:44,234 [Listener at 127.0.0.1/41413] INFO  http.BaseHttpServer (BaseHttpServer.java:newHttpServer2BuilderForOzone(207)) - Starting Web-server for hddsDatanode at: http://0.0.0.0:0
2020-12-29 10:09:44,234 [Listener at 127.0.0.1/41413] INFO  http.BaseHttpServer (BaseHttpServer.java:<init>(106)) - Hadoop Security Enabled: false Ozone Security Enabled: false Ozone HTTP Security Enabled: false 
2020-12-29 10:09:44,236 [Listener at 127.0.0.1/41413] INFO  server.AuthenticationFilter (AuthenticationFilter.java:constructSecretProvider(240)) - Unable to initialize FileSignerSecretProvider, falling back to use random secrets.
2020-12-29 10:09:44,236 [Listener at 127.0.0.1/41413] WARN  http.HttpRequestLog (HttpRequestLog.java:getRequestLog(103)) - Jetty request log can only be enabled using Log4j
2020-12-29 10:09:44,237 [Listener at 127.0.0.1/41413] INFO  http.HttpServer2 (HttpServer2.java:addGlobalFilter(1020)) - Added global filter 'safety' (class=org.apache.hadoop.hdds.server.http.HttpServer2$QuotingInputFilter)
2020-12-29 10:09:44,237 [Listener at 127.0.0.1/41413] INFO  http.HttpServer2 (HttpServer2.java:addFilter(996)) - Added filter static_user_filter (class=org.apache.hadoop.http.lib.StaticUserWebFilter$StaticUserFilter) to context hddsDatanode
2020-12-29 10:09:44,238 [Listener at 127.0.0.1/41413] INFO  http.HttpServer2 (HttpServer2.java:addFilter(1004)) - Added filter static_user_filter (class=org.apache.hadoop.http.lib.StaticUserWebFilter$StaticUserFilter) to context logs
2020-12-29 10:09:44,238 [Listener at 127.0.0.1/41413] INFO  http.HttpServer2 (HttpServer2.java:addFilter(1004)) - Added filter static_user_filter (class=org.apache.hadoop.http.lib.StaticUserWebFilter$StaticUserFilter) to context static
2020-12-29 10:09:44,238 [Listener at 127.0.0.1/41413] INFO  http.HttpServer2 (HttpServer2.java:bindListener(1238)) - Jetty bound to port 43697
2020-12-29 10:09:44,238 [Listener at 127.0.0.1/41413] INFO  server.Server (Server.java:doStart(375)) - jetty-9.4.34.v20201102; built: 2020-11-02T14:15:39.302Z; git: e46af88704a893fc12cb0e3bf46e2c7b48a009e7; jvm 1.8.0_232-b09
2020-12-29 10:09:44,239 [Listener at 127.0.0.1/41413] INFO  server.session (DefaultSessionIdManager.java:doStart(334)) - DefaultSessionIdManager workerName=node0
2020-12-29 10:09:44,239 [Listener at 127.0.0.1/41413] INFO  server.session (DefaultSessionIdManager.java:doStart(339)) - No SessionScavenger set, using defaults
2020-12-29 10:09:44,240 [Listener at 127.0.0.1/41413] INFO  server.session (HouseKeeper.java:startScavenging(132)) - node0 Scavenging every 660000ms
2020-12-29 10:09:44,240 [Listener at 127.0.0.1/41413] INFO  handler.ContextHandler (ContextHandler.java:doStart(916)) - Started o.e.j.s.ServletContextHandler@904b224{logs,/logs,file:///github/workspace/mnt/ozone/hadoop-ozone/integration-test/target/log,AVAILABLE}
2020-12-29 10:09:44,241 [Listener at 127.0.0.1/41413] INFO  handler.ContextHandler (ContextHandler.java:doStart(916)) - Started o.e.j.s.ServletContextHandler@4efca68{static,/static,jar:file:/home/user/.m2/repository/org/apache/hadoop/hadoop-hdds-container-service/1.1.0-SNAPSHOT/hadoop-hdds-container-service-1.1.0-SNAPSHOT.jar!/webapps/static,AVAILABLE}
2020-12-29 10:09:44,403 [Listener at 127.0.0.1/41413] INFO  handler.ContextHandler (ContextHandler.java:doStart(916)) - Started o.e.j.w.WebAppContext@60a64104{hddsDatanode,/,file:///tmp/jetty-0_0_0_0-43697-hadoop-hdds-container-service-1_1_0-SNAPSHOT_jar-_-any-4884628974250837735/webapp/,AVAILABLE}{jar:file:/home/user/.m2/repository/org/apache/hadoop/hadoop-hdds-container-service/1.1.0-SNAPSHOT/hadoop-hdds-container-service-1.1.0-SNAPSHOT.jar!/webapps/hddsDatanode}
2020-12-29 10:09:44,404 [Listener at 127.0.0.1/41413] INFO  server.AbstractConnector (AbstractConnector.java:doStart(331)) - Started ServerConnector@781ebe48{HTTP/1.1, (http/1.1)}{0.0.0.0:43697}
2020-12-29 10:09:44,405 [Listener at 127.0.0.1/41413] INFO  server.Server (Server.java:doStart(415)) - Started @49793ms
2020-12-29 10:09:44,405 [Listener at 127.0.0.1/41413] WARN  impl.MetricsSystemImpl (MetricsSystemImpl.java:register(276)) - Sink prometheus already exists!
2020-12-29 10:09:44,408 [Listener at 127.0.0.1/41413] INFO  http.BaseHttpServer (BaseHttpServer.java:updateConnectorAddress(327)) - HTTP server of hddsDatanode listening at http://0.0.0.0:43697
2020-12-29 10:09:44,411 [Listener at 127.0.0.1/41413] INFO  impl.MetricsSystemImpl (MetricsSystemImpl.java:init(158)) - HddsDatanode metrics system started (again)
2020-12-29 10:09:44,417 [Listener at 127.0.0.1/41413] INFO  ozone.HddsDatanodeService (HddsDatanodeService.java:start(217)) - HddsDatanodeService host:79669b543b4d ip:172.17.0.2
2020-12-29 10:09:44,419 [org.apache.hadoop.util.JvmPauseMonitor$Monitor@1e450c01] INFO  util.JvmPauseMonitor (JvmPauseMonitor.java:run(188)) - Starting JVM pause monitor
2020-12-29 10:09:44,420 [Listener at 127.0.0.1/41413] INFO  volume.HddsVolume (HddsVolume.java:<init>(176)) - Creating Volume: /github/workspace/mnt/ozone/hadoop-ozone/integration-test/target/test-dir/MiniOzoneClusterImpl-b1ea8c03-8e89-4df6-8609-c05021ba0f19/datanode-1/data-0/containers/hdds of storage type : DISK and capacity : 9223372036854775807
2020-12-29 10:09:44,420 [Listener at 127.0.0.1/41413] INFO  volume.MutableVolumeSet (MutableVolumeSet.java:initializeVolumeSet(179)) - Added Volume : /github/workspace/mnt/ozone/hadoop-ozone/integration-test/target/test-dir/MiniOzoneClusterImpl-b1ea8c03-8e89-4df6-8609-c05021ba0f19/datanode-1/data-0/containers/hdds to VolumeSet
2020-12-29 10:09:44,420 [Listener at 127.0.0.1/41413] INFO  volume.ThrottledAsyncChecker (ThrottledAsyncChecker.java:schedule(141)) - Scheduling a check for /github/workspace/mnt/ozone/hadoop-ozone/integration-test/target/test-dir/MiniOzoneClusterImpl-b1ea8c03-8e89-4df6-8609-c05021ba0f19/datanode-1/data-0/containers/hdds
2020-12-29 10:09:44,421 [Listener at 127.0.0.1/41413] INFO  volume.HddsVolumeChecker (HddsVolumeChecker.java:checkAllVolumes(200)) - Scheduled health check for volume /github/workspace/mnt/ozone/hadoop-ozone/integration-test/target/test-dir/MiniOzoneClusterImpl-b1ea8c03-8e89-4df6-8609-c05021ba0f19/datanode-1/data-0/containers/hdds
2020-12-29 10:09:44,433 [Datanode State Machine Task Thread - 0] INFO  datanode.InitDatanodeState (InitDatanodeState.java:persistContainerDatanodeDetails(145)) - DatanodeDetails is persisted to /github/workspace/mnt/ozone/hadoop-ozone/integration-test/target/test-dir/MiniOzoneClusterImpl-b1ea8c03-8e89-4df6-8609-c05021ba0f19/datanode-0/meta/datanode.id
2020-12-29 10:09:44,436 [Thread-733] INFO  ozoneimpl.ContainerReader (ContainerReader.java:readVolume(123)) - Start to verify containers on volume /github/workspace/mnt/ozone/hadoop-ozone/integration-test/target/test-dir/MiniOzoneClusterImpl-b1ea8c03-8e89-4df6-8609-c05021ba0f19/datanode-1/data-0/containers/hdds
2020-12-29 10:09:44,436 [Thread-733] INFO  ozoneimpl.ContainerReader (ContainerReader.java:readVolume(148)) - Finish verifying containers on volume /github/workspace/mnt/ozone/hadoop-ozone/integration-test/target/test-dir/MiniOzoneClusterImpl-b1ea8c03-8e89-4df6-8609-c05021ba0f19/datanode-1/data-0/containers/hdds
2020-12-29 10:09:44,436 [Listener at 127.0.0.1/41413] INFO  ozoneimpl.OzoneContainer (OzoneContainer.java:buildContainerSet(194)) - Build ContainerSet costs 0s
2020-12-29 10:09:44,438 [Listener at 127.0.0.1/41413] INFO  server.RaftServer (ConfUtils.java:logGet(44)) - raft.rpc.type = GRPC (default)
2020-12-29 10:09:44,438 [Listener at 127.0.0.1/41413] INFO  grpc.GrpcFactory (GrpcFactory.java:checkPooledByteBufAllocatorUseCacheForAllThreads(48)) - PERFORMANCE WARNING: useCacheForAllThreads is true that may cause Netty to create a lot garbage objects and, as a result, trigger GC.
	It is recommended to disable useCacheForAllThreads by setting -Dorg.apache.ratis.thirdparty.io.netty.allocator.useCacheForAllThreads=false in command line.
2020-12-29 10:09:44,438 [Listener at 127.0.0.1/41413] INFO  grpc.GrpcConfigKeys (ConfUtils.java:logGet(44)) - raft.grpc.server.port = 0 (default)
2020-12-29 10:09:44,439 [Listener at 127.0.0.1/41413] INFO  server.GrpcService (ConfUtils.java:logGet(44)) - raft.grpc.message.size.max = 32MB (=33554432) (custom)
2020-12-29 10:09:44,439 [Listener at 127.0.0.1/41413] INFO  server.RaftServerConfigKeys (ConfUtils.java:logGet(44)) - raft.server.log.appender.buffer.byte-limit = 33554432 (custom)
2020-12-29 10:09:44,439 [Listener at 127.0.0.1/41413] INFO  server.GrpcService (ConfUtils.java:logGet(44)) - raft.grpc.flow.control.window = 5MB (=5242880) (custom)
2020-12-29 10:09:44,439 [Listener at 127.0.0.1/41413] INFO  server.RaftServerConfigKeys (ConfUtils.java:logGet(44)) - raft.server.rpc.request.timeout = 60s (custom)
2020-12-29 10:09:44,440 [Listener at 127.0.0.1/41413] INFO  impl.DataStreamServerImpl (ConfUtils.java:logGet(44)) - raft.datastream.type = DISABLED (default)
2020-12-29 10:09:44,440 [Listener at 127.0.0.1/41413] INFO  server.RaftServerConfigKeys (ConfUtils.java:logGet(44)) - raft.server.rpc.slowness.timeout = 300s (custom)
2020-12-29 10:09:44,440 [Listener at 127.0.0.1/41413] INFO  server.RaftServerConfigKeys (ConfUtils.java:logGet(44)) - raft.server.leaderelection.leader.step-down.wait-time = 10s (default)
2020-12-29 10:09:44,441 [Listener at 127.0.0.1/41413] INFO  server.RaftServerConfigKeys (ConfUtils.java:logGet(44)) - raft.server.storage.dir = [/github/workspace/mnt/ozone/hadoop-ozone/integration-test/target/test-dir/MiniOzoneClusterImpl-b1ea8c03-8e89-4df6-8609-c05021ba0f19/datanode-1/data/ratis] (custom)
2020-12-29 10:09:44,445 [Listener at 127.0.0.1/41413] INFO  http.BaseHttpServer (BaseHttpServer.java:newHttpServer2BuilderForOzone(207)) - Starting Web-server for hddsDatanode at: http://0.0.0.0:0
2020-12-29 10:09:44,445 [Listener at 127.0.0.1/41413] INFO  http.BaseHttpServer (BaseHttpServer.java:<init>(106)) - Hadoop Security Enabled: false Ozone Security Enabled: false Ozone HTTP Security Enabled: false 
2020-12-29 10:09:44,446 [Listener at 127.0.0.1/41413] INFO  server.AuthenticationFilter (AuthenticationFilter.java:constructSecretProvider(240)) - Unable to initialize FileSignerSecretProvider, falling back to use random secrets.
2020-12-29 10:09:44,452 [Listener at 127.0.0.1/41413] WARN  http.HttpRequestLog (HttpRequestLog.java:getRequestLog(103)) - Jetty request log can only be enabled using Log4j
2020-12-29 10:09:44,452 [Listener at 127.0.0.1/41413] INFO  http.HttpServer2 (HttpServer2.java:addGlobalFilter(1020)) - Added global filter 'safety' (class=org.apache.hadoop.hdds.server.http.HttpServer2$QuotingInputFilter)
2020-12-29 10:09:44,453 [Listener at 127.0.0.1/41413] INFO  http.HttpServer2 (HttpServer2.java:addFilter(996)) - Added filter static_user_filter (class=org.apache.hadoop.http.lib.StaticUserWebFilter$StaticUserFilter) to context hddsDatanode
2020-12-29 10:09:44,453 [Listener at 127.0.0.1/41413] INFO  http.HttpServer2 (HttpServer2.java:addFilter(1004)) - Added filter static_user_filter (class=org.apache.hadoop.http.lib.StaticUserWebFilter$StaticUserFilter) to context static
2020-12-29 10:09:44,454 [Listener at 127.0.0.1/41413] INFO  http.HttpServer2 (HttpServer2.java:addFilter(1004)) - Added filter static_user_filter (class=org.apache.hadoop.http.lib.StaticUserWebFilter$StaticUserFilter) to context logs
2020-12-29 10:09:44,455 [Listener at 127.0.0.1/41413] INFO  http.HttpServer2 (HttpServer2.java:bindListener(1238)) - Jetty bound to port 36767
2020-12-29 10:09:44,455 [Listener at 127.0.0.1/41413] INFO  server.Server (Server.java:doStart(375)) - jetty-9.4.34.v20201102; built: 2020-11-02T14:15:39.302Z; git: e46af88704a893fc12cb0e3bf46e2c7b48a009e7; jvm 1.8.0_232-b09
2020-12-29 10:09:44,456 [Listener at 127.0.0.1/41413] INFO  server.session (DefaultSessionIdManager.java:doStart(334)) - DefaultSessionIdManager workerName=node0
2020-12-29 10:09:44,457 [Listener at 127.0.0.1/41413] INFO  server.session (DefaultSessionIdManager.java:doStart(339)) - No SessionScavenger set, using defaults
2020-12-29 10:09:44,457 [Listener at 127.0.0.1/41413] INFO  server.session (HouseKeeper.java:startScavenging(132)) - node0 Scavenging every 600000ms
2020-12-29 10:09:44,457 [Listener at 127.0.0.1/41413] INFO  handler.ContextHandler (ContextHandler.java:doStart(916)) - Started o.e.j.s.ServletContextHandler@2e643209{logs,/logs,file:///github/workspace/mnt/ozone/hadoop-ozone/integration-test/target/log,AVAILABLE}
2020-12-29 10:09:44,458 [Listener at 127.0.0.1/41413] INFO  handler.ContextHandler (ContextHandler.java:doStart(916)) - Started o.e.j.s.ServletContextHandler@5fd38a68{static,/static,jar:file:/home/user/.m2/repository/org/apache/hadoop/hadoop-hdds-container-service/1.1.0-SNAPSHOT/hadoop-hdds-container-service-1.1.0-SNAPSHOT.jar!/webapps/static,AVAILABLE}
2020-12-29 10:09:44,620 [Listener at 127.0.0.1/41413] INFO  handler.ContextHandler (ContextHandler.java:doStart(916)) - Started o.e.j.w.WebAppContext@40f7a2e9{hddsDatanode,/,file:///tmp/jetty-0_0_0_0-36767-hadoop-hdds-container-service-1_1_0-SNAPSHOT_jar-_-any-5026517326942279403/webapp/,AVAILABLE}{jar:file:/home/user/.m2/repository/org/apache/hadoop/hadoop-hdds-container-service/1.1.0-SNAPSHOT/hadoop-hdds-container-service-1.1.0-SNAPSHOT.jar!/webapps/hddsDatanode}
2020-12-29 10:09:44,622 [Listener at 127.0.0.1/41413] INFO  server.AbstractConnector (AbstractConnector.java:doStart(331)) - Started ServerConnector@3cc8f1c{HTTP/1.1, (http/1.1)}{0.0.0.0:36767}
2020-12-29 10:09:44,622 [Listener at 127.0.0.1/41413] INFO  server.Server (Server.java:doStart(415)) - Started @50010ms
2020-12-29 10:09:44,622 [Listener at 127.0.0.1/41413] WARN  impl.MetricsSystemImpl (MetricsSystemImpl.java:register(276)) - Sink prometheus already exists!
2020-12-29 10:09:44,625 [Listener at 127.0.0.1/41413] INFO  http.BaseHttpServer (BaseHttpServer.java:updateConnectorAddress(327)) - HTTP server of hddsDatanode listening at http://0.0.0.0:36767
2020-12-29 10:09:44,626 [Listener at 127.0.0.1/41413] INFO  impl.MetricsSystemImpl (MetricsSystemImpl.java:init(158)) - HddsDatanode metrics system started (again)
2020-12-29 10:09:44,628 [Listener at 127.0.0.1/41413] INFO  ozone.HddsDatanodeService (HddsDatanodeService.java:start(217)) - HddsDatanodeService host:79669b543b4d ip:172.17.0.2
2020-12-29 10:09:44,630 [Listener at 127.0.0.1/41413] INFO  volume.HddsVolume (HddsVolume.java:<init>(176)) - Creating Volume: /github/workspace/mnt/ozone/hadoop-ozone/integration-test/target/test-dir/MiniOzoneClusterImpl-b1ea8c03-8e89-4df6-8609-c05021ba0f19/datanode-2/data-0/containers/hdds of storage type : DISK and capacity : 9223372036854775807
2020-12-29 10:09:44,630 [Listener at 127.0.0.1/41413] INFO  volume.MutableVolumeSet (MutableVolumeSet.java:initializeVolumeSet(179)) - Added Volume : /github/workspace/mnt/ozone/hadoop-ozone/integration-test/target/test-dir/MiniOzoneClusterImpl-b1ea8c03-8e89-4df6-8609-c05021ba0f19/datanode-2/data-0/containers/hdds to VolumeSet
2020-12-29 10:09:44,630 [Listener at 127.0.0.1/41413] INFO  volume.ThrottledAsyncChecker (ThrottledAsyncChecker.java:schedule(141)) - Scheduling a check for /github/workspace/mnt/ozone/hadoop-ozone/integration-test/target/test-dir/MiniOzoneClusterImpl-b1ea8c03-8e89-4df6-8609-c05021ba0f19/datanode-2/data-0/containers/hdds
2020-12-29 10:09:44,631 [org.apache.hadoop.util.JvmPauseMonitor$Monitor@30f5a3cf] INFO  util.JvmPauseMonitor (JvmPauseMonitor.java:run(188)) - Starting JVM pause monitor
2020-12-29 10:09:44,631 [Listener at 127.0.0.1/41413] INFO  volume.HddsVolumeChecker (HddsVolumeChecker.java:checkAllVolumes(200)) - Scheduled health check for volume /github/workspace/mnt/ozone/hadoop-ozone/integration-test/target/test-dir/MiniOzoneClusterImpl-b1ea8c03-8e89-4df6-8609-c05021ba0f19/datanode-2/data-0/containers/hdds
2020-12-29 10:09:44,634 [Datanode State Machine Task Thread - 0] INFO  datanode.InitDatanodeState (InitDatanodeState.java:persistContainerDatanodeDetails(145)) - DatanodeDetails is persisted to /github/workspace/mnt/ozone/hadoop-ozone/integration-test/target/test-dir/MiniOzoneClusterImpl-b1ea8c03-8e89-4df6-8609-c05021ba0f19/datanode-1/meta/datanode.id
2020-12-29 10:09:44,648 [Thread-744] INFO  ozoneimpl.ContainerReader (ContainerReader.java:readVolume(123)) - Start to verify containers on volume /github/workspace/mnt/ozone/hadoop-ozone/integration-test/target/test-dir/MiniOzoneClusterImpl-b1ea8c03-8e89-4df6-8609-c05021ba0f19/datanode-2/data-0/containers/hdds
2020-12-29 10:09:44,648 [Thread-744] INFO  ozoneimpl.ContainerReader (ContainerReader.java:readVolume(148)) - Finish verifying containers on volume /github/workspace/mnt/ozone/hadoop-ozone/integration-test/target/test-dir/MiniOzoneClusterImpl-b1ea8c03-8e89-4df6-8609-c05021ba0f19/datanode-2/data-0/containers/hdds
2020-12-29 10:09:44,649 [Listener at 127.0.0.1/41413] INFO  ozoneimpl.OzoneContainer (OzoneContainer.java:buildContainerSet(194)) - Build ContainerSet costs 0s
2020-12-29 10:09:44,651 [Listener at 127.0.0.1/41413] INFO  server.RaftServer (ConfUtils.java:logGet(44)) - raft.rpc.type = GRPC (default)
2020-12-29 10:09:44,651 [Listener at 127.0.0.1/41413] INFO  grpc.GrpcFactory (GrpcFactory.java:checkPooledByteBufAllocatorUseCacheForAllThreads(48)) - PERFORMANCE WARNING: useCacheForAllThreads is true that may cause Netty to create a lot garbage objects and, as a result, trigger GC.
	It is recommended to disable useCacheForAllThreads by setting -Dorg.apache.ratis.thirdparty.io.netty.allocator.useCacheForAllThreads=false in command line.
2020-12-29 10:09:44,651 [Listener at 127.0.0.1/41413] INFO  grpc.GrpcConfigKeys (ConfUtils.java:logGet(44)) - raft.grpc.server.port = 0 (default)
2020-12-29 10:09:44,652 [Listener at 127.0.0.1/41413] INFO  server.GrpcService (ConfUtils.java:logGet(44)) - raft.grpc.message.size.max = 32MB (=33554432) (custom)
2020-12-29 10:09:44,652 [Listener at 127.0.0.1/41413] INFO  server.RaftServerConfigKeys (ConfUtils.java:logGet(44)) - raft.server.log.appender.buffer.byte-limit = 33554432 (custom)
2020-12-29 10:09:44,652 [Listener at 127.0.0.1/41413] INFO  server.GrpcService (ConfUtils.java:logGet(44)) - raft.grpc.flow.control.window = 5MB (=5242880) (custom)
2020-12-29 10:09:44,652 [Listener at 127.0.0.1/41413] INFO  server.RaftServerConfigKeys (ConfUtils.java:logGet(44)) - raft.server.rpc.request.timeout = 60s (custom)
2020-12-29 10:09:44,653 [Listener at 127.0.0.1/41413] INFO  impl.DataStreamServerImpl (ConfUtils.java:logGet(44)) - raft.datastream.type = DISABLED (default)
2020-12-29 10:09:44,653 [Listener at 127.0.0.1/41413] INFO  server.RaftServerConfigKeys (ConfUtils.java:logGet(44)) - raft.server.rpc.slowness.timeout = 300s (custom)
2020-12-29 10:09:44,654 [Listener at 127.0.0.1/41413] INFO  server.RaftServerConfigKeys (ConfUtils.java:logGet(44)) - raft.server.leaderelection.leader.step-down.wait-time = 10s (default)
2020-12-29 10:09:44,654 [Listener at 127.0.0.1/41413] INFO  server.RaftServerConfigKeys (ConfUtils.java:logGet(44)) - raft.server.storage.dir = [/github/workspace/mnt/ozone/hadoop-ozone/integration-test/target/test-dir/MiniOzoneClusterImpl-b1ea8c03-8e89-4df6-8609-c05021ba0f19/datanode-2/data/ratis] (custom)
2020-12-29 10:09:44,660 [Listener at 127.0.0.1/41413] INFO  http.BaseHttpServer (BaseHttpServer.java:newHttpServer2BuilderForOzone(207)) - Starting Web-server for hddsDatanode at: http://0.0.0.0:0
2020-12-29 10:09:44,660 [Listener at 127.0.0.1/41413] INFO  http.BaseHttpServer (BaseHttpServer.java:<init>(106)) - Hadoop Security Enabled: false Ozone Security Enabled: false Ozone HTTP Security Enabled: false 
2020-12-29 10:09:44,661 [Listener at 127.0.0.1/41413] INFO  server.AuthenticationFilter (AuthenticationFilter.java:constructSecretProvider(240)) - Unable to initialize FileSignerSecretProvider, falling back to use random secrets.
2020-12-29 10:09:44,661 [Listener at 127.0.0.1/41413] WARN  http.HttpRequestLog (HttpRequestLog.java:getRequestLog(103)) - Jetty request log can only be enabled using Log4j
2020-12-29 10:09:44,662 [Listener at 127.0.0.1/41413] INFO  http.HttpServer2 (HttpServer2.java:addGlobalFilter(1020)) - Added global filter 'safety' (class=org.apache.hadoop.hdds.server.http.HttpServer2$QuotingInputFilter)
2020-12-29 10:09:44,663 [Listener at 127.0.0.1/41413] INFO  http.HttpServer2 (HttpServer2.java:addFilter(996)) - Added filter static_user_filter (class=org.apache.hadoop.http.lib.StaticUserWebFilter$StaticUserFilter) to context hddsDatanode
2020-12-29 10:09:44,663 [Listener at 127.0.0.1/41413] INFO  http.HttpServer2 (HttpServer2.java:addFilter(1004)) - Added filter static_user_filter (class=org.apache.hadoop.http.lib.StaticUserWebFilter$StaticUserFilter) to context static
2020-12-29 10:09:44,663 [Listener at 127.0.0.1/41413] INFO  http.HttpServer2 (HttpServer2.java:addFilter(1004)) - Added filter static_user_filter (class=org.apache.hadoop.http.lib.StaticUserWebFilter$StaticUserFilter) to context logs
2020-12-29 10:09:44,663 [Listener at 127.0.0.1/41413] INFO  http.HttpServer2 (HttpServer2.java:bindListener(1238)) - Jetty bound to port 45499
2020-12-29 10:09:44,663 [Listener at 127.0.0.1/41413] INFO  server.Server (Server.java:doStart(375)) - jetty-9.4.34.v20201102; built: 2020-11-02T14:15:39.302Z; git: e46af88704a893fc12cb0e3bf46e2c7b48a009e7; jvm 1.8.0_232-b09
2020-12-29 10:09:44,666 [Listener at 127.0.0.1/41413] INFO  server.session (DefaultSessionIdManager.java:doStart(334)) - DefaultSessionIdManager workerName=node0
2020-12-29 10:09:44,666 [Listener at 127.0.0.1/41413] INFO  server.session (DefaultSessionIdManager.java:doStart(339)) - No SessionScavenger set, using defaults
2020-12-29 10:09:44,666 [Listener at 127.0.0.1/41413] INFO  server.session (HouseKeeper.java:startScavenging(132)) - node0 Scavenging every 660000ms
2020-12-29 10:09:44,667 [Listener at 127.0.0.1/41413] INFO  handler.ContextHandler (ContextHandler.java:doStart(916)) - Started o.e.j.s.ServletContextHandler@35cb8b64{logs,/logs,file:///github/workspace/mnt/ozone/hadoop-ozone/integration-test/target/log,AVAILABLE}
2020-12-29 10:09:44,671 [Listener at 127.0.0.1/41413] INFO  handler.ContextHandler (ContextHandler.java:doStart(916)) - Started o.e.j.s.ServletContextHandler@6c772506{static,/static,jar:file:/home/user/.m2/repository/org/apache/hadoop/hadoop-hdds-container-service/1.1.0-SNAPSHOT/hadoop-hdds-container-service-1.1.0-SNAPSHOT.jar!/webapps/static,AVAILABLE}
2020-12-29 10:09:44,834 [Listener at 127.0.0.1/41413] INFO  handler.ContextHandler (ContextHandler.java:doStart(916)) - Started o.e.j.w.WebAppContext@1a100769{hddsDatanode,/,file:///tmp/jetty-0_0_0_0-45499-hadoop-hdds-container-service-1_1_0-SNAPSHOT_jar-_-any-7551399545264925007/webapp/,AVAILABLE}{jar:file:/home/user/.m2/repository/org/apache/hadoop/hadoop-hdds-container-service/1.1.0-SNAPSHOT/hadoop-hdds-container-service-1.1.0-SNAPSHOT.jar!/webapps/hddsDatanode}
2020-12-29 10:09:44,835 [Listener at 127.0.0.1/41413] INFO  server.AbstractConnector (AbstractConnector.java:doStart(331)) - Started ServerConnector@79401d4f{HTTP/1.1, (http/1.1)}{0.0.0.0:45499}
2020-12-29 10:09:44,836 [Listener at 127.0.0.1/41413] INFO  server.Server (Server.java:doStart(415)) - Started @50224ms
2020-12-29 10:09:44,836 [Listener at 127.0.0.1/41413] WARN  impl.MetricsSystemImpl (MetricsSystemImpl.java:register(276)) - Sink prometheus already exists!
2020-12-29 10:09:44,839 [Listener at 127.0.0.1/41413] INFO  http.BaseHttpServer (BaseHttpServer.java:updateConnectorAddress(327)) - HTTP server of hddsDatanode listening at http://0.0.0.0:45499
2020-12-29 10:09:44,841 [Listener at 127.0.0.1/41413] INFO  impl.MetricsSystemImpl (MetricsSystemImpl.java:init(158)) - HddsDatanode metrics system started (again)
2020-12-29 10:09:44,843 [Listener at 127.0.0.1/41413] INFO  ozone.HddsDatanodeService (HddsDatanodeService.java:start(217)) - HddsDatanodeService host:79669b543b4d ip:172.17.0.2
2020-12-29 10:09:44,850 [Listener at 127.0.0.1/41413] INFO  volume.HddsVolume (HddsVolume.java:<init>(176)) - Creating Volume: /github/workspace/mnt/ozone/hadoop-ozone/integration-test/target/test-dir/MiniOzoneClusterImpl-b1ea8c03-8e89-4df6-8609-c05021ba0f19/datanode-3/data-0/containers/hdds of storage type : DISK and capacity : 9223372036854775807
2020-12-29 10:09:44,851 [Listener at 127.0.0.1/41413] INFO  volume.MutableVolumeSet (MutableVolumeSet.java:initializeVolumeSet(179)) - Added Volume : /github/workspace/mnt/ozone/hadoop-ozone/integration-test/target/test-dir/MiniOzoneClusterImpl-b1ea8c03-8e89-4df6-8609-c05021ba0f19/datanode-3/data-0/containers/hdds to VolumeSet
2020-12-29 10:09:44,851 [Listener at 127.0.0.1/41413] INFO  volume.ThrottledAsyncChecker (ThrottledAsyncChecker.java:schedule(141)) - Scheduling a check for /github/workspace/mnt/ozone/hadoop-ozone/integration-test/target/test-dir/MiniOzoneClusterImpl-b1ea8c03-8e89-4df6-8609-c05021ba0f19/datanode-3/data-0/containers/hdds
2020-12-29 10:09:44,852 [org.apache.hadoop.util.JvmPauseMonitor$Monitor@8448d49] INFO  util.JvmPauseMonitor (JvmPauseMonitor.java:run(188)) - Starting JVM pause monitor
2020-12-29 10:09:44,853 [Datanode State Machine Task Thread - 0] INFO  datanode.InitDatanodeState (InitDatanodeState.java:persistContainerDatanodeDetails(145)) - DatanodeDetails is persisted to /github/workspace/mnt/ozone/hadoop-ozone/integration-test/target/test-dir/MiniOzoneClusterImpl-b1ea8c03-8e89-4df6-8609-c05021ba0f19/datanode-2/meta/datanode.id
2020-12-29 10:09:44,853 [Listener at 127.0.0.1/41413] INFO  volume.HddsVolumeChecker (HddsVolumeChecker.java:checkAllVolumes(200)) - Scheduled health check for volume /github/workspace/mnt/ozone/hadoop-ozone/integration-test/target/test-dir/MiniOzoneClusterImpl-b1ea8c03-8e89-4df6-8609-c05021ba0f19/datanode-3/data-0/containers/hdds
2020-12-29 10:09:44,868 [Thread-755] INFO  ozoneimpl.ContainerReader (ContainerReader.java:readVolume(123)) - Start to verify containers on volume /github/workspace/mnt/ozone/hadoop-ozone/integration-test/target/test-dir/MiniOzoneClusterImpl-b1ea8c03-8e89-4df6-8609-c05021ba0f19/datanode-3/data-0/containers/hdds
2020-12-29 10:09:44,868 [Thread-755] INFO  ozoneimpl.ContainerReader (ContainerReader.java:readVolume(148)) - Finish verifying containers on volume /github/workspace/mnt/ozone/hadoop-ozone/integration-test/target/test-dir/MiniOzoneClusterImpl-b1ea8c03-8e89-4df6-8609-c05021ba0f19/datanode-3/data-0/containers/hdds
2020-12-29 10:09:44,868 [Listener at 127.0.0.1/41413] INFO  ozoneimpl.OzoneContainer (OzoneContainer.java:buildContainerSet(194)) - Build ContainerSet costs 0s
2020-12-29 10:09:44,870 [Listener at 127.0.0.1/41413] INFO  server.RaftServer (ConfUtils.java:logGet(44)) - raft.rpc.type = GRPC (default)
2020-12-29 10:09:44,870 [Listener at 127.0.0.1/41413] INFO  grpc.GrpcFactory (GrpcFactory.java:checkPooledByteBufAllocatorUseCacheForAllThreads(48)) - PERFORMANCE WARNING: useCacheForAllThreads is true that may cause Netty to create a lot garbage objects and, as a result, trigger GC.
	It is recommended to disable useCacheForAllThreads by setting -Dorg.apache.ratis.thirdparty.io.netty.allocator.useCacheForAllThreads=false in command line.
2020-12-29 10:09:44,871 [Listener at 127.0.0.1/41413] INFO  grpc.GrpcConfigKeys (ConfUtils.java:logGet(44)) - raft.grpc.server.port = 0 (default)
2020-12-29 10:09:44,871 [Listener at 127.0.0.1/41413] INFO  server.GrpcService (ConfUtils.java:logGet(44)) - raft.grpc.message.size.max = 32MB (=33554432) (custom)
2020-12-29 10:09:44,871 [Listener at 127.0.0.1/41413] INFO  server.RaftServerConfigKeys (ConfUtils.java:logGet(44)) - raft.server.log.appender.buffer.byte-limit = 33554432 (custom)
2020-12-29 10:09:44,871 [Listener at 127.0.0.1/41413] INFO  server.GrpcService (ConfUtils.java:logGet(44)) - raft.grpc.flow.control.window = 5MB (=5242880) (custom)
2020-12-29 10:09:44,871 [Listener at 127.0.0.1/41413] INFO  server.RaftServerConfigKeys (ConfUtils.java:logGet(44)) - raft.server.rpc.request.timeout = 60s (custom)
2020-12-29 10:09:44,872 [Listener at 127.0.0.1/41413] INFO  impl.DataStreamServerImpl (ConfUtils.java:logGet(44)) - raft.datastream.type = DISABLED (default)
2020-12-29 10:09:44,872 [Listener at 127.0.0.1/41413] INFO  server.RaftServerConfigKeys (ConfUtils.java:logGet(44)) - raft.server.rpc.slowness.timeout = 300s (custom)
2020-12-29 10:09:44,873 [Listener at 127.0.0.1/41413] INFO  server.RaftServerConfigKeys (ConfUtils.java:logGet(44)) - raft.server.leaderelection.leader.step-down.wait-time = 10s (default)
2020-12-29 10:09:44,873 [Listener at 127.0.0.1/41413] INFO  server.RaftServerConfigKeys (ConfUtils.java:logGet(44)) - raft.server.storage.dir = [/github/workspace/mnt/ozone/hadoop-ozone/integration-test/target/test-dir/MiniOzoneClusterImpl-b1ea8c03-8e89-4df6-8609-c05021ba0f19/datanode-3/data/ratis] (custom)
2020-12-29 10:09:44,877 [Listener at 127.0.0.1/41413] INFO  http.BaseHttpServer (BaseHttpServer.java:newHttpServer2BuilderForOzone(207)) - Starting Web-server for hddsDatanode at: http://0.0.0.0:0
2020-12-29 10:09:44,877 [Listener at 127.0.0.1/41413] INFO  http.BaseHttpServer (BaseHttpServer.java:<init>(106)) - Hadoop Security Enabled: false Ozone Security Enabled: false Ozone HTTP Security Enabled: false 
2020-12-29 10:09:44,878 [Listener at 127.0.0.1/41413] INFO  server.AuthenticationFilter (AuthenticationFilter.java:constructSecretProvider(240)) - Unable to initialize FileSignerSecretProvider, falling back to use random secrets.
2020-12-29 10:09:44,878 [Listener at 127.0.0.1/41413] WARN  http.HttpRequestLog (HttpRequestLog.java:getRequestLog(103)) - Jetty request log can only be enabled using Log4j
2020-12-29 10:09:44,879 [Listener at 127.0.0.1/41413] INFO  http.HttpServer2 (HttpServer2.java:addGlobalFilter(1020)) - Added global filter 'safety' (class=org.apache.hadoop.hdds.server.http.HttpServer2$QuotingInputFilter)
2020-12-29 10:09:44,880 [Listener at 127.0.0.1/41413] INFO  http.HttpServer2 (HttpServer2.java:addFilter(996)) - Added filter static_user_filter (class=org.apache.hadoop.http.lib.StaticUserWebFilter$StaticUserFilter) to context hddsDatanode
2020-12-29 10:09:44,880 [Listener at 127.0.0.1/41413] INFO  http.HttpServer2 (HttpServer2.java:addFilter(1004)) - Added filter static_user_filter (class=org.apache.hadoop.http.lib.StaticUserWebFilter$StaticUserFilter) to context static
2020-12-29 10:09:44,880 [Listener at 127.0.0.1/41413] INFO  http.HttpServer2 (HttpServer2.java:addFilter(1004)) - Added filter static_user_filter (class=org.apache.hadoop.http.lib.StaticUserWebFilter$StaticUserFilter) to context logs
2020-12-29 10:09:44,881 [Listener at 127.0.0.1/41413] INFO  http.HttpServer2 (HttpServer2.java:bindListener(1238)) - Jetty bound to port 46759
2020-12-29 10:09:44,881 [Listener at 127.0.0.1/41413] INFO  server.Server (Server.java:doStart(375)) - jetty-9.4.34.v20201102; built: 2020-11-02T14:15:39.302Z; git: e46af88704a893fc12cb0e3bf46e2c7b48a009e7; jvm 1.8.0_232-b09
2020-12-29 10:09:44,887 [Listener at 127.0.0.1/41413] INFO  server.session (DefaultSessionIdManager.java:doStart(334)) - DefaultSessionIdManager workerName=node0
2020-12-29 10:09:44,888 [Listener at 127.0.0.1/41413] INFO  server.session (DefaultSessionIdManager.java:doStart(339)) - No SessionScavenger set, using defaults
2020-12-29 10:09:44,888 [Listener at 127.0.0.1/41413] INFO  server.session (HouseKeeper.java:startScavenging(132)) - node0 Scavenging every 660000ms
2020-12-29 10:09:44,889 [Listener at 127.0.0.1/41413] INFO  handler.ContextHandler (ContextHandler.java:doStart(916)) - Started o.e.j.s.ServletContextHandler@3b2eead8{logs,/logs,file:///github/workspace/mnt/ozone/hadoop-ozone/integration-test/target/log,AVAILABLE}
2020-12-29 10:09:44,890 [Listener at 127.0.0.1/41413] INFO  handler.ContextHandler (ContextHandler.java:doStart(916)) - Started o.e.j.s.ServletContextHandler@11757914{static,/static,jar:file:/home/user/.m2/repository/org/apache/hadoop/hadoop-hdds-container-service/1.1.0-SNAPSHOT/hadoop-hdds-container-service-1.1.0-SNAPSHOT.jar!/webapps/static,AVAILABLE}
2020-12-29 10:09:45,076 [Listener at 127.0.0.1/41413] INFO  handler.ContextHandler (ContextHandler.java:doStart(916)) - Started o.e.j.w.WebAppContext@56101f06{hddsDatanode,/,file:///tmp/jetty-0_0_0_0-46759-hadoop-hdds-container-service-1_1_0-SNAPSHOT_jar-_-any-1737386856923534402/webapp/,AVAILABLE}{jar:file:/home/user/.m2/repository/org/apache/hadoop/hadoop-hdds-container-service/1.1.0-SNAPSHOT/hadoop-hdds-container-service-1.1.0-SNAPSHOT.jar!/webapps/hddsDatanode}
2020-12-29 10:09:45,077 [Listener at 127.0.0.1/41413] INFO  server.AbstractConnector (AbstractConnector.java:doStart(331)) - Started ServerConnector@5e535e23{HTTP/1.1, (http/1.1)}{0.0.0.0:46759}
2020-12-29 10:09:45,077 [Listener at 127.0.0.1/41413] INFO  server.Server (Server.java:doStart(415)) - Started @50466ms
2020-12-29 10:09:45,078 [Listener at 127.0.0.1/41413] WARN  impl.MetricsSystemImpl (MetricsSystemImpl.java:register(276)) - Sink prometheus already exists!
2020-12-29 10:09:45,082 [Listener at 127.0.0.1/41413] INFO  http.BaseHttpServer (BaseHttpServer.java:updateConnectorAddress(327)) - HTTP server of hddsDatanode listening at http://0.0.0.0:46759
2020-12-29 10:09:45,086 [Listener at 127.0.0.1/41413] INFO  impl.MetricsSystemImpl (MetricsSystemImpl.java:init(158)) - HddsDatanode metrics system started (again)
2020-12-29 10:09:45,087 [org.apache.hadoop.util.JvmPauseMonitor$Monitor@7c57728c] INFO  util.JvmPauseMonitor (JvmPauseMonitor.java:run(188)) - Starting JVM pause monitor
2020-12-29 10:09:45,087 [Listener at 127.0.0.1/41413] INFO  ozone.HddsDatanodeService (HddsDatanodeService.java:start(217)) - HddsDatanodeService host:79669b543b4d ip:172.17.0.2
2020-12-29 10:09:45,088 [Listener at 127.0.0.1/41413] INFO  volume.HddsVolume (HddsVolume.java:<init>(176)) - Creating Volume: /github/workspace/mnt/ozone/hadoop-ozone/integration-test/target/test-dir/MiniOzoneClusterImpl-b1ea8c03-8e89-4df6-8609-c05021ba0f19/datanode-4/data-0/containers/hdds of storage type : DISK and capacity : 9223372036854775807
2020-12-29 10:09:45,088 [Listener at 127.0.0.1/41413] INFO  volume.MutableVolumeSet (MutableVolumeSet.java:initializeVolumeSet(179)) - Added Volume : /github/workspace/mnt/ozone/hadoop-ozone/integration-test/target/test-dir/MiniOzoneClusterImpl-b1ea8c03-8e89-4df6-8609-c05021ba0f19/datanode-4/data-0/containers/hdds to VolumeSet
2020-12-29 10:09:45,088 [Listener at 127.0.0.1/41413] INFO  volume.ThrottledAsyncChecker (ThrottledAsyncChecker.java:schedule(141)) - Scheduling a check for /github/workspace/mnt/ozone/hadoop-ozone/integration-test/target/test-dir/MiniOzoneClusterImpl-b1ea8c03-8e89-4df6-8609-c05021ba0f19/datanode-4/data-0/containers/hdds
2020-12-29 10:09:45,089 [Datanode State Machine Task Thread - 0] INFO  datanode.InitDatanodeState (InitDatanodeState.java:persistContainerDatanodeDetails(145)) - DatanodeDetails is persisted to /github/workspace/mnt/ozone/hadoop-ozone/integration-test/target/test-dir/MiniOzoneClusterImpl-b1ea8c03-8e89-4df6-8609-c05021ba0f19/datanode-3/meta/datanode.id
2020-12-29 10:09:45,090 [Listener at 127.0.0.1/41413] INFO  volume.HddsVolumeChecker (HddsVolumeChecker.java:checkAllVolumes(200)) - Scheduled health check for volume /github/workspace/mnt/ozone/hadoop-ozone/integration-test/target/test-dir/MiniOzoneClusterImpl-b1ea8c03-8e89-4df6-8609-c05021ba0f19/datanode-4/data-0/containers/hdds
2020-12-29 10:09:45,104 [Thread-766] INFO  ozoneimpl.ContainerReader (ContainerReader.java:readVolume(123)) - Start to verify containers on volume /github/workspace/mnt/ozone/hadoop-ozone/integration-test/target/test-dir/MiniOzoneClusterImpl-b1ea8c03-8e89-4df6-8609-c05021ba0f19/datanode-4/data-0/containers/hdds
2020-12-29 10:09:45,104 [Thread-766] INFO  ozoneimpl.ContainerReader (ContainerReader.java:readVolume(148)) - Finish verifying containers on volume /github/workspace/mnt/ozone/hadoop-ozone/integration-test/target/test-dir/MiniOzoneClusterImpl-b1ea8c03-8e89-4df6-8609-c05021ba0f19/datanode-4/data-0/containers/hdds
2020-12-29 10:09:45,104 [Listener at 127.0.0.1/41413] INFO  ozoneimpl.OzoneContainer (OzoneContainer.java:buildContainerSet(194)) - Build ContainerSet costs 0s
2020-12-29 10:09:45,106 [Listener at 127.0.0.1/41413] INFO  server.RaftServer (ConfUtils.java:logGet(44)) - raft.rpc.type = GRPC (default)
2020-12-29 10:09:45,106 [Listener at 127.0.0.1/41413] INFO  grpc.GrpcFactory (GrpcFactory.java:checkPooledByteBufAllocatorUseCacheForAllThreads(48)) - PERFORMANCE WARNING: useCacheForAllThreads is true that may cause Netty to create a lot garbage objects and, as a result, trigger GC.
	It is recommended to disable useCacheForAllThreads by setting -Dorg.apache.ratis.thirdparty.io.netty.allocator.useCacheForAllThreads=false in command line.
2020-12-29 10:09:45,106 [Listener at 127.0.0.1/41413] INFO  grpc.GrpcConfigKeys (ConfUtils.java:logGet(44)) - raft.grpc.server.port = 0 (default)
2020-12-29 10:09:45,107 [Listener at 127.0.0.1/41413] INFO  server.GrpcService (ConfUtils.java:logGet(44)) - raft.grpc.message.size.max = 32MB (=33554432) (custom)
2020-12-29 10:09:45,107 [Listener at 127.0.0.1/41413] INFO  server.RaftServerConfigKeys (ConfUtils.java:logGet(44)) - raft.server.log.appender.buffer.byte-limit = 33554432 (custom)
2020-12-29 10:09:45,107 [Listener at 127.0.0.1/41413] INFO  server.GrpcService (ConfUtils.java:logGet(44)) - raft.grpc.flow.control.window = 5MB (=5242880) (custom)
2020-12-29 10:09:45,107 [Listener at 127.0.0.1/41413] INFO  server.RaftServerConfigKeys (ConfUtils.java:logGet(44)) - raft.server.rpc.request.timeout = 60s (custom)
2020-12-29 10:09:45,108 [Listener at 127.0.0.1/41413] INFO  impl.DataStreamServerImpl (ConfUtils.java:logGet(44)) - raft.datastream.type = DISABLED (default)
2020-12-29 10:09:45,109 [Listener at 127.0.0.1/41413] INFO  server.RaftServerConfigKeys (ConfUtils.java:logGet(44)) - raft.server.rpc.slowness.timeout = 300s (custom)
2020-12-29 10:09:45,109 [Listener at 127.0.0.1/41413] INFO  server.RaftServerConfigKeys (ConfUtils.java:logGet(44)) - raft.server.leaderelection.leader.step-down.wait-time = 10s (default)
2020-12-29 10:09:45,109 [Listener at 127.0.0.1/41413] INFO  server.RaftServerConfigKeys (ConfUtils.java:logGet(44)) - raft.server.storage.dir = [/github/workspace/mnt/ozone/hadoop-ozone/integration-test/target/test-dir/MiniOzoneClusterImpl-b1ea8c03-8e89-4df6-8609-c05021ba0f19/datanode-4/data/ratis] (custom)
2020-12-29 10:09:45,117 [Listener at 127.0.0.1/41413] INFO  http.BaseHttpServer (BaseHttpServer.java:newHttpServer2BuilderForOzone(207)) - Starting Web-server for hddsDatanode at: http://0.0.0.0:0
2020-12-29 10:09:45,118 [Listener at 127.0.0.1/41413] INFO  http.BaseHttpServer (BaseHttpServer.java:<init>(106)) - Hadoop Security Enabled: false Ozone Security Enabled: false Ozone HTTP Security Enabled: false 
2020-12-29 10:09:45,119 [Listener at 127.0.0.1/41413] INFO  server.AuthenticationFilter (AuthenticationFilter.java:constructSecretProvider(240)) - Unable to initialize FileSignerSecretProvider, falling back to use random secrets.
2020-12-29 10:09:45,121 [Listener at 127.0.0.1/41413] WARN  http.HttpRequestLog (HttpRequestLog.java:getRequestLog(103)) - Jetty request log can only be enabled using Log4j
2020-12-29 10:09:45,122 [Listener at 127.0.0.1/41413] INFO  http.HttpServer2 (HttpServer2.java:addGlobalFilter(1020)) - Added global filter 'safety' (class=org.apache.hadoop.hdds.server.http.HttpServer2$QuotingInputFilter)
2020-12-29 10:09:45,123 [Listener at 127.0.0.1/41413] INFO  http.HttpServer2 (HttpServer2.java:addFilter(996)) - Added filter static_user_filter (class=org.apache.hadoop.http.lib.StaticUserWebFilter$StaticUserFilter) to context hddsDatanode
2020-12-29 10:09:45,123 [Listener at 127.0.0.1/41413] INFO  http.HttpServer2 (HttpServer2.java:addFilter(1004)) - Added filter static_user_filter (class=org.apache.hadoop.http.lib.StaticUserWebFilter$StaticUserFilter) to context logs
2020-12-29 10:09:45,123 [Listener at 127.0.0.1/41413] INFO  http.HttpServer2 (HttpServer2.java:addFilter(1004)) - Added filter static_user_filter (class=org.apache.hadoop.http.lib.StaticUserWebFilter$StaticUserFilter) to context static
2020-12-29 10:09:45,124 [Listener at 127.0.0.1/41413] INFO  http.HttpServer2 (HttpServer2.java:bindListener(1238)) - Jetty bound to port 45491
2020-12-29 10:09:45,124 [Listener at 127.0.0.1/41413] INFO  server.Server (Server.java:doStart(375)) - jetty-9.4.34.v20201102; built: 2020-11-02T14:15:39.302Z; git: e46af88704a893fc12cb0e3bf46e2c7b48a009e7; jvm 1.8.0_232-b09
2020-12-29 10:09:45,129 [Listener at 127.0.0.1/41413] INFO  server.session (DefaultSessionIdManager.java:doStart(334)) - DefaultSessionIdManager workerName=node0
2020-12-29 10:09:45,129 [Listener at 127.0.0.1/41413] INFO  server.session (DefaultSessionIdManager.java:doStart(339)) - No SessionScavenger set, using defaults
2020-12-29 10:09:45,129 [Listener at 127.0.0.1/41413] INFO  server.session (HouseKeeper.java:startScavenging(132)) - node0 Scavenging every 600000ms
2020-12-29 10:09:45,130 [Listener at 127.0.0.1/41413] INFO  handler.ContextHandler (ContextHandler.java:doStart(916)) - Started o.e.j.s.ServletContextHandler@73145db2{logs,/logs,file:///github/workspace/mnt/ozone/hadoop-ozone/integration-test/target/log,AVAILABLE}
2020-12-29 10:09:45,131 [Listener at 127.0.0.1/41413] INFO  handler.ContextHandler (ContextHandler.java:doStart(916)) - Started o.e.j.s.ServletContextHandler@60b33bc{static,/static,jar:file:/home/user/.m2/repository/org/apache/hadoop/hadoop-hdds-container-service/1.1.0-SNAPSHOT/hadoop-hdds-container-service-1.1.0-SNAPSHOT.jar!/webapps/static,AVAILABLE}
2020-12-29 10:09:45,292 [Listener at 127.0.0.1/41413] INFO  handler.ContextHandler (ContextHandler.java:doStart(916)) - Started o.e.j.w.WebAppContext@3cf6f3aa{hddsDatanode,/,file:///tmp/jetty-0_0_0_0-45491-hadoop-hdds-container-service-1_1_0-SNAPSHOT_jar-_-any-4513429358643204649/webapp/,AVAILABLE}{jar:file:/home/user/.m2/repository/org/apache/hadoop/hadoop-hdds-container-service/1.1.0-SNAPSHOT/hadoop-hdds-container-service-1.1.0-SNAPSHOT.jar!/webapps/hddsDatanode}
2020-12-29 10:09:45,296 [Listener at 127.0.0.1/41413] INFO  server.AbstractConnector (AbstractConnector.java:doStart(331)) - Started ServerConnector@67988d92{HTTP/1.1, (http/1.1)}{0.0.0.0:45491}
2020-12-29 10:09:45,296 [Listener at 127.0.0.1/41413] INFO  server.Server (Server.java:doStart(415)) - Started @50685ms
2020-12-29 10:09:45,296 [Listener at 127.0.0.1/41413] WARN  impl.MetricsSystemImpl (MetricsSystemImpl.java:register(276)) - Sink prometheus already exists!
2020-12-29 10:09:45,299 [Listener at 127.0.0.1/41413] INFO  http.BaseHttpServer (BaseHttpServer.java:updateConnectorAddress(327)) - HTTP server of hddsDatanode listening at http://0.0.0.0:45491
2020-12-29 10:09:45,300 [Listener at 127.0.0.1/41413] INFO  impl.MetricsSystemImpl (MetricsSystemImpl.java:init(158)) - HddsDatanode metrics system started (again)
2020-12-29 10:09:45,302 [Listener at 127.0.0.1/41413] INFO  ozone.HddsDatanodeService (HddsDatanodeService.java:start(217)) - HddsDatanodeService host:79669b543b4d ip:172.17.0.2
2020-12-29 10:09:45,304 [Listener at 127.0.0.1/41413] INFO  volume.HddsVolume (HddsVolume.java:<init>(176)) - Creating Volume: /github/workspace/mnt/ozone/hadoop-ozone/integration-test/target/test-dir/MiniOzoneClusterImpl-b1ea8c03-8e89-4df6-8609-c05021ba0f19/datanode-5/data-0/containers/hdds of storage type : DISK and capacity : 9223372036854775807
2020-12-29 10:09:45,304 [Listener at 127.0.0.1/41413] INFO  volume.MutableVolumeSet (MutableVolumeSet.java:initializeVolumeSet(179)) - Added Volume : /github/workspace/mnt/ozone/hadoop-ozone/integration-test/target/test-dir/MiniOzoneClusterImpl-b1ea8c03-8e89-4df6-8609-c05021ba0f19/datanode-5/data-0/containers/hdds to VolumeSet
2020-12-29 10:09:45,304 [Listener at 127.0.0.1/41413] INFO  volume.ThrottledAsyncChecker (ThrottledAsyncChecker.java:schedule(141)) - Scheduling a check for /github/workspace/mnt/ozone/hadoop-ozone/integration-test/target/test-dir/MiniOzoneClusterImpl-b1ea8c03-8e89-4df6-8609-c05021ba0f19/datanode-5/data-0/containers/hdds
2020-12-29 10:09:45,308 [Listener at 127.0.0.1/41413] INFO  volume.HddsVolumeChecker (HddsVolumeChecker.java:checkAllVolumes(200)) - Scheduled health check for volume /github/workspace/mnt/ozone/hadoop-ozone/integration-test/target/test-dir/MiniOzoneClusterImpl-b1ea8c03-8e89-4df6-8609-c05021ba0f19/datanode-5/data-0/containers/hdds
2020-12-29 10:09:45,332 [org.apache.hadoop.util.JvmPauseMonitor$Monitor@1529a7b] INFO  util.JvmPauseMonitor (JvmPauseMonitor.java:run(188)) - Starting JVM pause monitor
2020-12-29 10:09:45,333 [Thread-775] INFO  ozoneimpl.ContainerReader (ContainerReader.java:readVolume(123)) - Start to verify containers on volume /github/workspace/mnt/ozone/hadoop-ozone/integration-test/target/test-dir/MiniOzoneClusterImpl-b1ea8c03-8e89-4df6-8609-c05021ba0f19/datanode-5/data-0/containers/hdds
2020-12-29 10:09:45,333 [Thread-775] INFO  ozoneimpl.ContainerReader (ContainerReader.java:readVolume(148)) - Finish verifying containers on volume /github/workspace/mnt/ozone/hadoop-ozone/integration-test/target/test-dir/MiniOzoneClusterImpl-b1ea8c03-8e89-4df6-8609-c05021ba0f19/datanode-5/data-0/containers/hdds
2020-12-29 10:09:45,333 [Listener at 127.0.0.1/41413] INFO  ozoneimpl.OzoneContainer (OzoneContainer.java:buildContainerSet(194)) - Build ContainerSet costs 0s
2020-12-29 10:09:45,335 [Listener at 127.0.0.1/41413] INFO  server.RaftServer (ConfUtils.java:logGet(44)) - raft.rpc.type = GRPC (default)
2020-12-29 10:09:45,336 [Listener at 127.0.0.1/41413] INFO  grpc.GrpcFactory (GrpcFactory.java:checkPooledByteBufAllocatorUseCacheForAllThreads(48)) - PERFORMANCE WARNING: useCacheForAllThreads is true that may cause Netty to create a lot garbage objects and, as a result, trigger GC.
	It is recommended to disable useCacheForAllThreads by setting -Dorg.apache.ratis.thirdparty.io.netty.allocator.useCacheForAllThreads=false in command line.
2020-12-29 10:09:45,336 [Listener at 127.0.0.1/41413] INFO  grpc.GrpcConfigKeys (ConfUtils.java:logGet(44)) - raft.grpc.server.port = 0 (default)
2020-12-29 10:09:45,336 [Listener at 127.0.0.1/41413] INFO  server.GrpcService (ConfUtils.java:logGet(44)) - raft.grpc.message.size.max = 32MB (=33554432) (custom)
2020-12-29 10:09:45,336 [Listener at 127.0.0.1/41413] INFO  server.RaftServerConfigKeys (ConfUtils.java:logGet(44)) - raft.server.log.appender.buffer.byte-limit = 33554432 (custom)
2020-12-29 10:09:45,336 [Listener at 127.0.0.1/41413] INFO  server.GrpcService (ConfUtils.java:logGet(44)) - raft.grpc.flow.control.window = 5MB (=5242880) (custom)
2020-12-29 10:09:45,336 [Listener at 127.0.0.1/41413] INFO  server.RaftServerConfigKeys (ConfUtils.java:logGet(44)) - raft.server.rpc.request.timeout = 60s (custom)
2020-12-29 10:09:45,338 [Listener at 127.0.0.1/41413] INFO  impl.DataStreamServerImpl (ConfUtils.java:logGet(44)) - raft.datastream.type = DISABLED (default)
2020-12-29 10:09:45,338 [Listener at 127.0.0.1/41413] INFO  server.RaftServerConfigKeys (ConfUtils.java:logGet(44)) - raft.server.rpc.slowness.timeout = 300s (custom)
2020-12-29 10:09:45,338 [Listener at 127.0.0.1/41413] INFO  server.RaftServerConfigKeys (ConfUtils.java:logGet(44)) - raft.server.leaderelection.leader.step-down.wait-time = 10s (default)
2020-12-29 10:09:45,340 [Listener at 127.0.0.1/41413] INFO  server.RaftServerConfigKeys (ConfUtils.java:logGet(44)) - raft.server.storage.dir = [/github/workspace/mnt/ozone/hadoop-ozone/integration-test/target/test-dir/MiniOzoneClusterImpl-b1ea8c03-8e89-4df6-8609-c05021ba0f19/datanode-5/data/ratis] (custom)
2020-12-29 10:09:45,344 [Datanode State Machine Task Thread - 0] INFO  datanode.InitDatanodeState (InitDatanodeState.java:persistContainerDatanodeDetails(145)) - DatanodeDetails is persisted to /github/workspace/mnt/ozone/hadoop-ozone/integration-test/target/test-dir/MiniOzoneClusterImpl-b1ea8c03-8e89-4df6-8609-c05021ba0f19/datanode-4/meta/datanode.id
2020-12-29 10:09:45,345 [Listener at 127.0.0.1/41413] INFO  http.BaseHttpServer (BaseHttpServer.java:newHttpServer2BuilderForOzone(207)) - Starting Web-server for hddsDatanode at: http://0.0.0.0:0
2020-12-29 10:09:45,345 [Listener at 127.0.0.1/41413] INFO  http.BaseHttpServer (BaseHttpServer.java:<init>(106)) - Hadoop Security Enabled: false Ozone Security Enabled: false Ozone HTTP Security Enabled: false 
2020-12-29 10:09:45,347 [Listener at 127.0.0.1/41413] INFO  server.AuthenticationFilter (AuthenticationFilter.java:constructSecretProvider(240)) - Unable to initialize FileSignerSecretProvider, falling back to use random secrets.
2020-12-29 10:09:45,347 [Listener at 127.0.0.1/41413] WARN  http.HttpRequestLog (HttpRequestLog.java:getRequestLog(103)) - Jetty request log can only be enabled using Log4j
2020-12-29 10:09:45,348 [Listener at 127.0.0.1/41413] INFO  http.HttpServer2 (HttpServer2.java:addGlobalFilter(1020)) - Added global filter 'safety' (class=org.apache.hadoop.hdds.server.http.HttpServer2$QuotingInputFilter)
2020-12-29 10:09:45,349 [Listener at 127.0.0.1/41413] INFO  http.HttpServer2 (HttpServer2.java:addFilter(996)) - Added filter static_user_filter (class=org.apache.hadoop.http.lib.StaticUserWebFilter$StaticUserFilter) to context hddsDatanode
2020-12-29 10:09:45,349 [Listener at 127.0.0.1/41413] INFO  http.HttpServer2 (HttpServer2.java:addFilter(1004)) - Added filter static_user_filter (class=org.apache.hadoop.http.lib.StaticUserWebFilter$StaticUserFilter) to context logs
2020-12-29 10:09:45,349 [Listener at 127.0.0.1/41413] INFO  http.HttpServer2 (HttpServer2.java:addFilter(1004)) - Added filter static_user_filter (class=org.apache.hadoop.http.lib.StaticUserWebFilter$StaticUserFilter) to context static
2020-12-29 10:09:45,351 [Listener at 127.0.0.1/41413] INFO  http.HttpServer2 (HttpServer2.java:bindListener(1238)) - Jetty bound to port 42717
2020-12-29 10:09:45,351 [Listener at 127.0.0.1/41413] INFO  server.Server (Server.java:doStart(375)) - jetty-9.4.34.v20201102; built: 2020-11-02T14:15:39.302Z; git: e46af88704a893fc12cb0e3bf46e2c7b48a009e7; jvm 1.8.0_232-b09
2020-12-29 10:09:45,352 [Listener at 127.0.0.1/41413] INFO  server.session (DefaultSessionIdManager.java:doStart(334)) - DefaultSessionIdManager workerName=node0
2020-12-29 10:09:45,352 [Listener at 127.0.0.1/41413] INFO  server.session (DefaultSessionIdManager.java:doStart(339)) - No SessionScavenger set, using defaults
2020-12-29 10:09:45,352 [Listener at 127.0.0.1/41413] INFO  server.session (HouseKeeper.java:startScavenging(132)) - node0 Scavenging every 660000ms
2020-12-29 10:09:45,353 [Listener at 127.0.0.1/41413] INFO  handler.ContextHandler (ContextHandler.java:doStart(916)) - Started o.e.j.s.ServletContextHandler@51f1e931{logs,/logs,file:///github/workspace/mnt/ozone/hadoop-ozone/integration-test/target/log,AVAILABLE}
2020-12-29 10:09:45,354 [Listener at 127.0.0.1/41413] INFO  handler.ContextHandler (ContextHandler.java:doStart(916)) - Started o.e.j.s.ServletContextHandler@58d33d5d{static,/static,jar:file:/home/user/.m2/repository/org/apache/hadoop/hadoop-hdds-container-service/1.1.0-SNAPSHOT/hadoop-hdds-container-service-1.1.0-SNAPSHOT.jar!/webapps/static,AVAILABLE}
2020-12-29 10:09:45,510 [Listener at 127.0.0.1/41413] INFO  handler.ContextHandler (ContextHandler.java:doStart(916)) - Started o.e.j.w.WebAppContext@12e4c6de{hddsDatanode,/,file:///tmp/jetty-0_0_0_0-42717-hadoop-hdds-container-service-1_1_0-SNAPSHOT_jar-_-any-5100875180429855878/webapp/,AVAILABLE}{jar:file:/home/user/.m2/repository/org/apache/hadoop/hadoop-hdds-container-service/1.1.0-SNAPSHOT/hadoop-hdds-container-service-1.1.0-SNAPSHOT.jar!/webapps/hddsDatanode}
2020-12-29 10:09:45,512 [Listener at 127.0.0.1/41413] INFO  server.AbstractConnector (AbstractConnector.java:doStart(331)) - Started ServerConnector@4a7c88f2{HTTP/1.1, (http/1.1)}{0.0.0.0:42717}
2020-12-29 10:09:45,512 [Listener at 127.0.0.1/41413] INFO  server.Server (Server.java:doStart(415)) - Started @50901ms
2020-12-29 10:09:45,512 [Listener at 127.0.0.1/41413] WARN  impl.MetricsSystemImpl (MetricsSystemImpl.java:register(276)) - Sink prometheus already exists!
2020-12-29 10:09:45,516 [Listener at 127.0.0.1/41413] INFO  http.BaseHttpServer (BaseHttpServer.java:updateConnectorAddress(327)) - HTTP server of hddsDatanode listening at http://0.0.0.0:42717
2020-12-29 10:09:45,516 [Listener at 127.0.0.1/41413] INFO  ozone.MiniOzoneClusterImpl (MiniOzoneClusterImpl.java:lambda$waitForClusterToBeReady$0(178)) - Waiting for nodes to be ready. Got 0 of 6 DN Heartbeats.
2020-12-29 10:09:45,517 [Listener at 127.0.0.1/41413] INFO  ozone.MiniOzoneClusterImpl (MiniOzoneClusterImpl.java:lambda$waitForClusterToBeReady$0(181)) - Waiting for cluster to exit safe mode
2020-12-29 10:09:45,525 [org.apache.hadoop.util.JvmPauseMonitor$Monitor@83a1577] INFO  util.JvmPauseMonitor (JvmPauseMonitor.java:run(188)) - Starting JVM pause monitor
2020-12-29 10:09:45,526 [Datanode State Machine Task Thread - 0] INFO  datanode.InitDatanodeState (InitDatanodeState.java:persistContainerDatanodeDetails(145)) - DatanodeDetails is persisted to /github/workspace/mnt/ozone/hadoop-ozone/integration-test/target/test-dir/MiniOzoneClusterImpl-b1ea8c03-8e89-4df6-8609-c05021ba0f19/datanode-5/meta/datanode.id
2020-12-29 10:09:46,426 [EndpointStateMachine task thread for /0.0.0.0:35001 - 0 ] INFO  ozoneimpl.OzoneContainer (OzoneContainer.java:start(243)) - Attempting to start container services.
2020-12-29 10:09:46,426 [EndpointStateMachine task thread for /0.0.0.0:35001 - 0 ] INFO  ozoneimpl.OzoneContainer (OzoneContainer.java:startContainerScrub(207)) - Background container scanner has been disabled.
2020-12-29 10:09:46,427 [EndpointStateMachine task thread for /0.0.0.0:35001 - 0 ] INFO  ratis.XceiverServerRatis (XceiverServerRatis.java:start(455)) - Starting XceiverServerRatis 211ea4af-eacf-4017-9679-f845244c1f92 at port 0
2020-12-29 10:09:46,429 [EndpointStateMachine task thread for /0.0.0.0:35001 - 0 ] INFO  server.RaftServer (RaftServerProxy.java:lambda$start$5(370)) - 211ea4af-eacf-4017-9679-f845244c1f92: start RPC server
2020-12-29 10:09:46,429 [EndpointStateMachine task thread for /0.0.0.0:35001 - 0 ] INFO  server.GrpcService (GrpcService.java:startImpl(177)) - 211ea4af-eacf-4017-9679-f845244c1f92: GrpcService started, listening on 0.0.0.0/0.0.0.0:41241
2020-12-29 10:09:46,430 [EndpointStateMachine task thread for /0.0.0.0:35001 - 0 ] INFO  ratis.XceiverServerRatis (XceiverServerRatis.java:start(467)) - XceiverServerRatis 211ea4af-eacf-4017-9679-f845244c1f92 is started using port 41241
2020-12-29 10:09:46,430 [org.apache.ratis.util.JvmPauseMonitor$$Lambda$222/154788860@3e835089] INFO  util.JvmPauseMonitor (JvmPauseMonitor.java:run(103)) - JvmPauseMonitor-211ea4af-eacf-4017-9679-f845244c1f92: Started
2020-12-29 10:09:46,430 [EndpointStateMachine task thread for /0.0.0.0:35001 - 0 ] INFO  server.XceiverServerGrpc (XceiverServerGrpc.java:start(145)) - XceiverServerGrpc 211ea4af-eacf-4017-9679-f845244c1f92 is started using port 39115
2020-12-29 10:09:46,517 [Listener at 127.0.0.1/41413] INFO  ozone.MiniOzoneClusterImpl (MiniOzoneClusterImpl.java:lambda$waitForClusterToBeReady$0(178)) - Waiting for nodes to be ready. Got 0 of 6 DN Heartbeats.
2020-12-29 10:09:46,517 [Listener at 127.0.0.1/41413] INFO  ozone.MiniOzoneClusterImpl (MiniOzoneClusterImpl.java:lambda$waitForClusterToBeReady$0(181)) - Waiting for cluster to exit safe mode
2020-12-29 10:09:46,636 [EndpointStateMachine task thread for /0.0.0.0:35001 - 0 ] INFO  ozoneimpl.OzoneContainer (OzoneContainer.java:start(243)) - Attempting to start container services.
2020-12-29 10:09:46,636 [EndpointStateMachine task thread for /0.0.0.0:35001 - 0 ] INFO  ozoneimpl.OzoneContainer (OzoneContainer.java:startContainerScrub(207)) - Background container scanner has been disabled.
2020-12-29 10:09:46,636 [EndpointStateMachine task thread for /0.0.0.0:35001 - 0 ] INFO  ratis.XceiverServerRatis (XceiverServerRatis.java:start(455)) - Starting XceiverServerRatis 1f50e366-ff39-48ab-b6af-f1dfc503e25e at port 0
2020-12-29 10:09:46,640 [EndpointStateMachine task thread for /0.0.0.0:35001 - 0 ] INFO  server.RaftServer (RaftServerProxy.java:lambda$start$5(370)) - 1f50e366-ff39-48ab-b6af-f1dfc503e25e: start RPC server
2020-12-29 10:09:46,641 [EndpointStateMachine task thread for /0.0.0.0:35001 - 0 ] INFO  server.GrpcService (GrpcService.java:startImpl(177)) - 1f50e366-ff39-48ab-b6af-f1dfc503e25e: GrpcService started, listening on 0.0.0.0/0.0.0.0:41473
2020-12-29 10:09:46,641 [EndpointStateMachine task thread for /0.0.0.0:35001 - 0 ] INFO  ratis.XceiverServerRatis (XceiverServerRatis.java:start(467)) - XceiverServerRatis 1f50e366-ff39-48ab-b6af-f1dfc503e25e is started using port 41473
2020-12-29 10:09:46,641 [org.apache.ratis.util.JvmPauseMonitor$$Lambda$222/154788860@27ea94b2] INFO  util.JvmPauseMonitor (JvmPauseMonitor.java:run(103)) - JvmPauseMonitor-1f50e366-ff39-48ab-b6af-f1dfc503e25e: Started
2020-12-29 10:09:46,641 [EndpointStateMachine task thread for /0.0.0.0:35001 - 0 ] INFO  server.XceiverServerGrpc (XceiverServerGrpc.java:start(145)) - XceiverServerGrpc 1f50e366-ff39-48ab-b6af-f1dfc503e25e is started using port 44939
2020-12-29 10:09:46,854 [EndpointStateMachine task thread for /0.0.0.0:35001 - 0 ] INFO  ozoneimpl.OzoneContainer (OzoneContainer.java:start(243)) - Attempting to start container services.
2020-12-29 10:09:46,855 [EndpointStateMachine task thread for /0.0.0.0:35001 - 0 ] INFO  ozoneimpl.OzoneContainer (OzoneContainer.java:startContainerScrub(207)) - Background container scanner has been disabled.
2020-12-29 10:09:46,855 [EndpointStateMachine task thread for /0.0.0.0:35001 - 0 ] INFO  ratis.XceiverServerRatis (XceiverServerRatis.java:start(455)) - Starting XceiverServerRatis 4259afd6-154d-4eca-a620-cf00c9b631aa at port 0
2020-12-29 10:09:46,861 [EndpointStateMachine task thread for /0.0.0.0:35001 - 0 ] INFO  server.RaftServer (RaftServerProxy.java:lambda$start$5(370)) - 4259afd6-154d-4eca-a620-cf00c9b631aa: start RPC server
2020-12-29 10:09:46,862 [EndpointStateMachine task thread for /0.0.0.0:35001 - 0 ] INFO  server.GrpcService (GrpcService.java:startImpl(177)) - 4259afd6-154d-4eca-a620-cf00c9b631aa: GrpcService started, listening on 0.0.0.0/0.0.0.0:38675
2020-12-29 10:09:46,862 [EndpointStateMachine task thread for /0.0.0.0:35001 - 0 ] INFO  ratis.XceiverServerRatis (XceiverServerRatis.java:start(467)) - XceiverServerRatis 4259afd6-154d-4eca-a620-cf00c9b631aa is started using port 38675
2020-12-29 10:09:46,862 [org.apache.ratis.util.JvmPauseMonitor$$Lambda$222/154788860@58f0c518] INFO  util.JvmPauseMonitor (JvmPauseMonitor.java:run(103)) - JvmPauseMonitor-4259afd6-154d-4eca-a620-cf00c9b631aa: Started
2020-12-29 10:09:46,864 [EndpointStateMachine task thread for /0.0.0.0:35001 - 0 ] INFO  server.XceiverServerGrpc (XceiverServerGrpc.java:start(145)) - XceiverServerGrpc 4259afd6-154d-4eca-a620-cf00c9b631aa is started using port 46387
2020-12-29 10:09:47,090 [EndpointStateMachine task thread for /0.0.0.0:35001 - 0 ] INFO  ozoneimpl.OzoneContainer (OzoneContainer.java:start(243)) - Attempting to start container services.
2020-12-29 10:09:47,090 [EndpointStateMachine task thread for /0.0.0.0:35001 - 0 ] INFO  ozoneimpl.OzoneContainer (OzoneContainer.java:startContainerScrub(207)) - Background container scanner has been disabled.
2020-12-29 10:09:47,091 [EndpointStateMachine task thread for /0.0.0.0:35001 - 0 ] INFO  ratis.XceiverServerRatis (XceiverServerRatis.java:start(455)) - Starting XceiverServerRatis 856c4e2d-a2c2-4358-bc21-0d0c99327a9f at port 0
2020-12-29 10:09:47,093 [EndpointStateMachine task thread for /0.0.0.0:35001 - 0 ] INFO  server.RaftServer (RaftServerProxy.java:lambda$start$5(370)) - 856c4e2d-a2c2-4358-bc21-0d0c99327a9f: start RPC server
2020-12-29 10:09:47,094 [EndpointStateMachine task thread for /0.0.0.0:35001 - 0 ] INFO  server.GrpcService (GrpcService.java:startImpl(177)) - 856c4e2d-a2c2-4358-bc21-0d0c99327a9f: GrpcService started, listening on 0.0.0.0/0.0.0.0:38587
2020-12-29 10:09:47,094 [EndpointStateMachine task thread for /0.0.0.0:35001 - 0 ] INFO  ratis.XceiverServerRatis (XceiverServerRatis.java:start(467)) - XceiverServerRatis 856c4e2d-a2c2-4358-bc21-0d0c99327a9f is started using port 38587
2020-12-29 10:09:47,094 [EndpointStateMachine task thread for /0.0.0.0:35001 - 0 ] INFO  server.XceiverServerGrpc (XceiverServerGrpc.java:start(145)) - XceiverServerGrpc 856c4e2d-a2c2-4358-bc21-0d0c99327a9f is started using port 45087
2020-12-29 10:09:47,095 [org.apache.ratis.util.JvmPauseMonitor$$Lambda$222/154788860@3f160586] INFO  util.JvmPauseMonitor (JvmPauseMonitor.java:run(103)) - JvmPauseMonitor-856c4e2d-a2c2-4358-bc21-0d0c99327a9f: Started
2020-12-29 10:09:47,336 [EndpointStateMachine task thread for /0.0.0.0:35001 - 0 ] INFO  ozoneimpl.OzoneContainer (OzoneContainer.java:start(243)) - Attempting to start container services.
2020-12-29 10:09:47,336 [EndpointStateMachine task thread for /0.0.0.0:35001 - 0 ] INFO  ozoneimpl.OzoneContainer (OzoneContainer.java:startContainerScrub(207)) - Background container scanner has been disabled.
2020-12-29 10:09:47,337 [EndpointStateMachine task thread for /0.0.0.0:35001 - 0 ] INFO  ratis.XceiverServerRatis (XceiverServerRatis.java:start(455)) - Starting XceiverServerRatis b063ad5b-b25a-46ed-abed-9b5302f3b533 at port 0
2020-12-29 10:09:47,338 [EndpointStateMachine task thread for /0.0.0.0:35001 - 0 ] INFO  server.RaftServer (RaftServerProxy.java:lambda$start$5(370)) - b063ad5b-b25a-46ed-abed-9b5302f3b533: start RPC server
2020-12-29 10:09:47,339 [EndpointStateMachine task thread for /0.0.0.0:35001 - 0 ] INFO  server.GrpcService (GrpcService.java:startImpl(177)) - b063ad5b-b25a-46ed-abed-9b5302f3b533: GrpcService started, listening on 0.0.0.0/0.0.0.0:42479
2020-12-29 10:09:47,340 [EndpointStateMachine task thread for /0.0.0.0:35001 - 0 ] INFO  ratis.XceiverServerRatis (XceiverServerRatis.java:start(467)) - XceiverServerRatis b063ad5b-b25a-46ed-abed-9b5302f3b533 is started using port 42479
2020-12-29 10:09:47,340 [org.apache.ratis.util.JvmPauseMonitor$$Lambda$222/154788860@2f2cdd62] INFO  util.JvmPauseMonitor (JvmPauseMonitor.java:run(103)) - JvmPauseMonitor-b063ad5b-b25a-46ed-abed-9b5302f3b533: Started
2020-12-29 10:09:47,340 [EndpointStateMachine task thread for /0.0.0.0:35001 - 0 ] INFO  server.XceiverServerGrpc (XceiverServerGrpc.java:start(145)) - XceiverServerGrpc b063ad5b-b25a-46ed-abed-9b5302f3b533 is started using port 33655
2020-12-29 10:09:47,518 [Listener at 127.0.0.1/41413] INFO  ozone.MiniOzoneClusterImpl (MiniOzoneClusterImpl.java:lambda$waitForClusterToBeReady$0(178)) - Waiting for nodes to be ready. Got 0 of 6 DN Heartbeats.
2020-12-29 10:09:47,518 [Listener at 127.0.0.1/41413] INFO  ozone.MiniOzoneClusterImpl (MiniOzoneClusterImpl.java:lambda$waitForClusterToBeReady$0(181)) - Waiting for cluster to exit safe mode
2020-12-29 10:09:47,528 [EndpointStateMachine task thread for /0.0.0.0:35001 - 0 ] INFO  ozoneimpl.OzoneContainer (OzoneContainer.java:start(243)) - Attempting to start container services.
2020-12-29 10:09:47,528 [EndpointStateMachine task thread for /0.0.0.0:35001 - 0 ] INFO  ozoneimpl.OzoneContainer (OzoneContainer.java:startContainerScrub(207)) - Background container scanner has been disabled.
2020-12-29 10:09:47,528 [EndpointStateMachine task thread for /0.0.0.0:35001 - 0 ] INFO  ratis.XceiverServerRatis (XceiverServerRatis.java:start(455)) - Starting XceiverServerRatis a606f2ed-cee1-417c-9fe3-1bdc4a375396 at port 0
2020-12-29 10:09:47,529 [EndpointStateMachine task thread for /0.0.0.0:35001 - 0 ] INFO  server.RaftServer (RaftServerProxy.java:lambda$start$5(370)) - a606f2ed-cee1-417c-9fe3-1bdc4a375396: start RPC server
2020-12-29 10:09:47,532 [EndpointStateMachine task thread for /0.0.0.0:35001 - 0 ] INFO  server.GrpcService (GrpcService.java:startImpl(177)) - a606f2ed-cee1-417c-9fe3-1bdc4a375396: GrpcService started, listening on 0.0.0.0/0.0.0.0:36775
2020-12-29 10:09:47,532 [EndpointStateMachine task thread for /0.0.0.0:35001 - 0 ] INFO  ratis.XceiverServerRatis (XceiverServerRatis.java:start(467)) - XceiverServerRatis a606f2ed-cee1-417c-9fe3-1bdc4a375396 is started using port 36775
2020-12-29 10:09:47,532 [org.apache.ratis.util.JvmPauseMonitor$$Lambda$222/154788860@273cabf8] INFO  util.JvmPauseMonitor (JvmPauseMonitor.java:run(103)) - JvmPauseMonitor-a606f2ed-cee1-417c-9fe3-1bdc4a375396: Started
2020-12-29 10:09:47,536 [EndpointStateMachine task thread for /0.0.0.0:35001 - 0 ] INFO  server.XceiverServerGrpc (XceiverServerGrpc.java:start(145)) - XceiverServerGrpc a606f2ed-cee1-417c-9fe3-1bdc4a375396 is started using port 34319
2020-12-29 10:09:48,418 [IPC Server handler 2 on default port 35001] INFO  net.NetworkTopologyImpl (NetworkTopologyImpl.java:add(111)) - Added a new node: /default-rack/211ea4af-eacf-4017-9679-f845244c1f92
2020-12-29 10:09:48,420 [IPC Server handler 2 on default port 35001] INFO  node.SCMNodeManager (SCMNodeManager.java:register(341)) - Registered Data node : 211ea4af-eacf-4017-9679-f845244c1f92{ip: 172.17.0.2, host: 79669b543b4d, networkLocation: /default-rack, certSerialId: null, persistedOpState: IN_SERVICE, persistedOpStateExpiryEpochSec: 0}
2020-12-29 10:09:48,421 [EventQueue-NodeRegistrationContainerReportForDataNodeSafeModeRule] INFO  safemode.SCMSafeModeManager (DataNodeSafeModeRule.java:process(71)) - SCM in safe mode. 1 DataNodes registered, 1 required.
2020-12-29 10:09:48,421 [EventQueue-NodeRegistrationContainerReportForDataNodeSafeModeRule] INFO  safemode.SCMSafeModeManager (SCMSafeModeManager.java:validateSafeModeExitRules(214)) - DataNodeSafeModeRule rule is successfully validated
2020-12-29 10:09:48,421 [EventQueue-NodeRegistrationContainerReportForDataNodeSafeModeRule] INFO  safemode.SCMSafeModeManager (SCMSafeModeManager.java:completePreCheck(242)) - All SCM safe mode pre check rules have passed
2020-12-29 10:09:48,423 [RatisPipelineUtilsThread] INFO  pipeline.RatisPipelineProvider (RatisPipelineProvider.java:lambda$create$0(161)) - Sending CreatePipelineCommand for pipeline:PipelineID=f7ef1bbe-2f47-43c1-9d7d-ba3f230a758c to datanode:211ea4af-eacf-4017-9679-f845244c1f92
2020-12-29 10:09:48,425 [EventQueue-NodeRegistrationContainerReportForContainerSafeModeRule] INFO  safemode.SCMSafeModeManager (SCMSafeModeManager.java:validateSafeModeExitRules(214)) - ContainerSafeModeRule rule is successfully validated
2020-12-29 10:09:48,425 [RatisPipelineUtilsThread] INFO  pipeline.PipelineStateManager (PipelineStateManager.java:addPipeline(54)) - Created pipeline Pipeline[ Id: f7ef1bbe-2f47-43c1-9d7d-ba3f230a758c, Nodes: 211ea4af-eacf-4017-9679-f845244c1f92{ip: 172.17.0.2, host: 79669b543b4d, networkLocation: /default-rack, certSerialId: null, persistedOpState: IN_SERVICE, persistedOpStateExpiryEpochSec: 0}, Type:RATIS, Factor:ONE, State:ALLOCATED, leaderId:, CreationTimestamp2020-12-29T10:09:48.423Z]
2020-12-29 10:09:48,425 [RatisPipelineUtilsThread] WARN  pipeline.PipelinePlacementPolicy (PipelinePlacementPolicy.java:filterViableNodes(139)) - Pipeline creation failed due to no sufficient healthy datanodes. Required 3. Found 1.
2020-12-29 10:09:48,425 [EventQueue-PipelineReportForOneReplicaPipelineSafeModeRule] INFO  safemode.SCMSafeModeManager (SCMSafeModeManager.java:validateSafeModeExitRules(214)) - AtleastOneDatanodeReportedRule rule is successfully validated
2020-12-29 10:09:48,518 [Listener at 127.0.0.1/41413] INFO  ozone.MiniOzoneClusterImpl (MiniOzoneClusterImpl.java:lambda$waitForClusterToBeReady$0(178)) - Waiting for nodes to be ready. Got 1 of 6 DN Heartbeats.
2020-12-29 10:09:48,518 [Listener at 127.0.0.1/41413] INFO  ozone.MiniOzoneClusterImpl (MiniOzoneClusterImpl.java:lambda$waitForClusterToBeReady$0(181)) - Waiting for cluster to exit safe mode
2020-12-29 10:09:48,632 [IPC Server handler 3 on default port 35001] INFO  net.NetworkTopologyImpl (NetworkTopologyImpl.java:add(111)) - Added a new node: /default-rack/1f50e366-ff39-48ab-b6af-f1dfc503e25e
2020-12-29 10:09:48,633 [IPC Server handler 3 on default port 35001] INFO  node.SCMNodeManager (SCMNodeManager.java:register(341)) - Registered Data node : 1f50e366-ff39-48ab-b6af-f1dfc503e25e{ip: 172.17.0.2, host: 79669b543b4d, networkLocation: /default-rack, certSerialId: null, persistedOpState: IN_SERVICE, persistedOpStateExpiryEpochSec: 0}
2020-12-29 10:09:48,633 [EventQueue-NodeRegistrationContainerReportForDataNodeSafeModeRule] INFO  safemode.SCMSafeModeManager (SCMSafeModeManager.java:validateSafeModeExitRules(214)) - DataNodeSafeModeRule rule is successfully validated
2020-12-29 10:09:48,634 [EventQueue-NodeRegistrationContainerReportForContainerSafeModeRule] INFO  safemode.SCMSafeModeManager (SCMSafeModeManager.java:validateSafeModeExitRules(214)) - ContainerSafeModeRule rule is successfully validated
2020-12-29 10:09:48,634 [EventQueue-PipelineReportForOneReplicaPipelineSafeModeRule] INFO  safemode.SCMSafeModeManager (SCMSafeModeManager.java:validateSafeModeExitRules(214)) - AtleastOneDatanodeReportedRule rule is successfully validated
2020-12-29 10:09:48,634 [RatisPipelineUtilsThread] INFO  pipeline.RatisPipelineProvider (RatisPipelineProvider.java:lambda$create$0(161)) - Sending CreatePipelineCommand for pipeline:PipelineID=446ab009-3380-42be-b246-b7cc0a01bf5f to datanode:1f50e366-ff39-48ab-b6af-f1dfc503e25e
2020-12-29 10:09:48,635 [RatisPipelineUtilsThread] INFO  pipeline.PipelineStateManager (PipelineStateManager.java:addPipeline(54)) - Created pipeline Pipeline[ Id: 446ab009-3380-42be-b246-b7cc0a01bf5f, Nodes: 1f50e366-ff39-48ab-b6af-f1dfc503e25e{ip: 172.17.0.2, host: 79669b543b4d, networkLocation: /default-rack, certSerialId: null, persistedOpState: IN_SERVICE, persistedOpStateExpiryEpochSec: 0}, Type:RATIS, Factor:ONE, State:ALLOCATED, leaderId:, CreationTimestamp2020-12-29T10:09:48.634Z]
2020-12-29 10:09:48,635 [RatisPipelineUtilsThread] WARN  pipeline.PipelinePlacementPolicy (PipelinePlacementPolicy.java:filterViableNodes(139)) - Pipeline creation failed due to no sufficient healthy datanodes. Required 3. Found 2.
2020-12-29 10:09:48,853 [IPC Server handler 4 on default port 35001] INFO  net.NetworkTopologyImpl (NetworkTopologyImpl.java:add(111)) - Added a new node: /default-rack/4259afd6-154d-4eca-a620-cf00c9b631aa
2020-12-29 10:09:48,854 [IPC Server handler 4 on default port 35001] INFO  node.SCMNodeManager (SCMNodeManager.java:register(341)) - Registered Data node : 4259afd6-154d-4eca-a620-cf00c9b631aa{ip: 172.17.0.2, host: 79669b543b4d, networkLocation: /default-rack, certSerialId: null, persistedOpState: IN_SERVICE, persistedOpStateExpiryEpochSec: 0}
2020-12-29 10:09:48,854 [RatisPipelineUtilsThread] INFO  pipeline.RatisPipelineProvider (RatisPipelineProvider.java:lambda$create$0(161)) - Sending CreatePipelineCommand for pipeline:PipelineID=54d7084e-9edf-4c40-a69c-e486dd347b92 to datanode:4259afd6-154d-4eca-a620-cf00c9b631aa
2020-12-29 10:09:48,854 [EventQueue-NodeRegistrationContainerReportForContainerSafeModeRule] INFO  safemode.SCMSafeModeManager (SCMSafeModeManager.java:validateSafeModeExitRules(214)) - ContainerSafeModeRule rule is successfully validated
2020-12-29 10:09:48,854 [RatisPipelineUtilsThread] INFO  pipeline.PipelineStateManager (PipelineStateManager.java:addPipeline(54)) - Created pipeline Pipeline[ Id: 54d7084e-9edf-4c40-a69c-e486dd347b92, Nodes: 4259afd6-154d-4eca-a620-cf00c9b631aa{ip: 172.17.0.2, host: 79669b543b4d, networkLocation: /default-rack, certSerialId: null, persistedOpState: IN_SERVICE, persistedOpStateExpiryEpochSec: 0}, Type:RATIS, Factor:ONE, State:ALLOCATED, leaderId:, CreationTimestamp2020-12-29T10:09:48.854Z]
2020-12-29 10:09:48,855 [EventQueue-NodeRegistrationContainerReportForDataNodeSafeModeRule] INFO  safemode.SCMSafeModeManager (SCMSafeModeManager.java:validateSafeModeExitRules(214)) - DataNodeSafeModeRule rule is successfully validated
2020-12-29 10:09:48,855 [RatisPipelineUtilsThread] INFO  pipeline.RatisPipelineProvider (RatisPipelineProvider.java:lambda$create$0(161)) - Sending CreatePipelineCommand for pipeline:PipelineID=be436cb0-5cba-4a31-9935-dcae17c04ccd to datanode:4259afd6-154d-4eca-a620-cf00c9b631aa
2020-12-29 10:09:48,855 [RatisPipelineUtilsThread] INFO  pipeline.RatisPipelineProvider (RatisPipelineProvider.java:lambda$create$0(161)) - Sending CreatePipelineCommand for pipeline:PipelineID=be436cb0-5cba-4a31-9935-dcae17c04ccd to datanode:1f50e366-ff39-48ab-b6af-f1dfc503e25e
2020-12-29 10:09:48,855 [RatisPipelineUtilsThread] INFO  pipeline.RatisPipelineProvider (RatisPipelineProvider.java:lambda$create$0(161)) - Sending CreatePipelineCommand for pipeline:PipelineID=be436cb0-5cba-4a31-9935-dcae17c04ccd to datanode:211ea4af-eacf-4017-9679-f845244c1f92
2020-12-29 10:09:48,855 [RatisPipelineUtilsThread] INFO  pipeline.PipelineStateManager (PipelineStateManager.java:addPipeline(54)) - Created pipeline Pipeline[ Id: be436cb0-5cba-4a31-9935-dcae17c04ccd, Nodes: 4259afd6-154d-4eca-a620-cf00c9b631aa{ip: 172.17.0.2, host: 79669b543b4d, networkLocation: /default-rack, certSerialId: null, persistedOpState: IN_SERVICE, persistedOpStateExpiryEpochSec: 0}1f50e366-ff39-48ab-b6af-f1dfc503e25e{ip: 172.17.0.2, host: 79669b543b4d, networkLocation: /default-rack, certSerialId: null, persistedOpState: IN_SERVICE, persistedOpStateExpiryEpochSec: 0}211ea4af-eacf-4017-9679-f845244c1f92{ip: 172.17.0.2, host: 79669b543b4d, networkLocation: /default-rack, certSerialId: null, persistedOpState: IN_SERVICE, persistedOpStateExpiryEpochSec: 0}, Type:RATIS, Factor:THREE, State:ALLOCATED, leaderId:, CreationTimestamp2020-12-29T10:09:48.855Z]
2020-12-29 10:09:48,856 [EventQueue-PipelineReportForOneReplicaPipelineSafeModeRule] INFO  safemode.SCMSafeModeManager (SCMSafeModeManager.java:validateSafeModeExitRules(214)) - AtleastOneDatanodeReportedRule rule is successfully validated
2020-12-29 10:09:49,088 [IPC Server handler 0 on default port 35001] INFO  net.NetworkTopologyImpl (NetworkTopologyImpl.java:add(111)) - Added a new node: /default-rack/856c4e2d-a2c2-4358-bc21-0d0c99327a9f
2020-12-29 10:09:49,089 [IPC Server handler 0 on default port 35001] INFO  node.SCMNodeManager (SCMNodeManager.java:register(341)) - Registered Data node : 856c4e2d-a2c2-4358-bc21-0d0c99327a9f{ip: 172.17.0.2, host: 79669b543b4d, networkLocation: /default-rack, certSerialId: null, persistedOpState: IN_SERVICE, persistedOpStateExpiryEpochSec: 0}
2020-12-29 10:09:49,089 [EventQueue-NodeRegistrationContainerReportForContainerSafeModeRule] INFO  safemode.SCMSafeModeManager (SCMSafeModeManager.java:validateSafeModeExitRules(214)) - ContainerSafeModeRule rule is successfully validated
2020-12-29 10:09:49,090 [EventQueue-NodeRegistrationContainerReportForDataNodeSafeModeRule] INFO  safemode.SCMSafeModeManager (SCMSafeModeManager.java:validateSafeModeExitRules(214)) - DataNodeSafeModeRule rule is successfully validated
2020-12-29 10:09:49,090 [RatisPipelineUtilsThread] INFO  pipeline.RatisPipelineProvider (RatisPipelineProvider.java:lambda$create$0(161)) - Sending CreatePipelineCommand for pipeline:PipelineID=a314d4db-cdc3-4de1-adf4-054cf680018b to datanode:856c4e2d-a2c2-4358-bc21-0d0c99327a9f
2020-12-29 10:09:49,091 [RatisPipelineUtilsThread] INFO  pipeline.PipelineStateManager (PipelineStateManager.java:addPipeline(54)) - Created pipeline Pipeline[ Id: a314d4db-cdc3-4de1-adf4-054cf680018b, Nodes: 856c4e2d-a2c2-4358-bc21-0d0c99327a9f{ip: 172.17.0.2, host: 79669b543b4d, networkLocation: /default-rack, certSerialId: null, persistedOpState: IN_SERVICE, persistedOpStateExpiryEpochSec: 0}, Type:RATIS, Factor:ONE, State:ALLOCATED, leaderId:, CreationTimestamp2020-12-29T10:09:49.090Z]
2020-12-29 10:09:49,091 [EventQueue-PipelineReportForOneReplicaPipelineSafeModeRule] INFO  safemode.SCMSafeModeManager (SCMSafeModeManager.java:validateSafeModeExitRules(214)) - AtleastOneDatanodeReportedRule rule is successfully validated
2020-12-29 10:09:49,335 [IPC Server handler 1 on default port 35001] INFO  net.NetworkTopologyImpl (NetworkTopologyImpl.java:add(111)) - Added a new node: /default-rack/b063ad5b-b25a-46ed-abed-9b5302f3b533
2020-12-29 10:09:49,335 [IPC Server handler 1 on default port 35001] INFO  node.SCMNodeManager (SCMNodeManager.java:register(341)) - Registered Data node : b063ad5b-b25a-46ed-abed-9b5302f3b533{ip: 172.17.0.2, host: 79669b543b4d, networkLocation: /default-rack, certSerialId: null, persistedOpState: IN_SERVICE, persistedOpStateExpiryEpochSec: 0}
2020-12-29 10:09:49,335 [RatisPipelineUtilsThread] INFO  pipeline.RatisPipelineProvider (RatisPipelineProvider.java:lambda$create$0(161)) - Sending CreatePipelineCommand for pipeline:PipelineID=45a49d30-ae4a-4370-b744-00bb1f5d51c9 to datanode:b063ad5b-b25a-46ed-abed-9b5302f3b533
2020-12-29 10:09:49,336 [EventQueue-NodeRegistrationContainerReportForContainerSafeModeRule] INFO  safemode.SCMSafeModeManager (SCMSafeModeManager.java:validateSafeModeExitRules(214)) - ContainerSafeModeRule rule is successfully validated
2020-12-29 10:09:49,336 [EventQueue-NodeRegistrationContainerReportForDataNodeSafeModeRule] INFO  safemode.SCMSafeModeManager (SCMSafeModeManager.java:validateSafeModeExitRules(214)) - DataNodeSafeModeRule rule is successfully validated
2020-12-29 10:09:49,336 [RatisPipelineUtilsThread] INFO  pipeline.PipelineStateManager (PipelineStateManager.java:addPipeline(54)) - Created pipeline Pipeline[ Id: 45a49d30-ae4a-4370-b744-00bb1f5d51c9, Nodes: b063ad5b-b25a-46ed-abed-9b5302f3b533{ip: 172.17.0.2, host: 79669b543b4d, networkLocation: /default-rack, certSerialId: null, persistedOpState: IN_SERVICE, persistedOpStateExpiryEpochSec: 0}, Type:RATIS, Factor:ONE, State:ALLOCATED, leaderId:, CreationTimestamp2020-12-29T10:09:49.335Z]
2020-12-29 10:09:49,336 [EventQueue-PipelineReportForOneReplicaPipelineSafeModeRule] INFO  safemode.SCMSafeModeManager (SCMSafeModeManager.java:validateSafeModeExitRules(214)) - AtleastOneDatanodeReportedRule rule is successfully validated
2020-12-29 10:09:49,519 [Listener at 127.0.0.1/41413] INFO  ozone.MiniOzoneClusterImpl (MiniOzoneClusterImpl.java:lambda$waitForClusterToBeReady$0(178)) - Waiting for nodes to be ready. Got 5 of 6 DN Heartbeats.
2020-12-29 10:09:49,519 [Listener at 127.0.0.1/41413] INFO  ozone.MiniOzoneClusterImpl (MiniOzoneClusterImpl.java:lambda$waitForClusterToBeReady$0(181)) - Waiting for cluster to exit safe mode
2020-12-29 10:09:49,526 [IPC Server handler 3 on default port 35001] INFO  net.NetworkTopologyImpl (NetworkTopologyImpl.java:add(111)) - Added a new node: /default-rack/a606f2ed-cee1-417c-9fe3-1bdc4a375396
2020-12-29 10:09:49,526 [IPC Server handler 3 on default port 35001] INFO  node.SCMNodeManager (SCMNodeManager.java:register(341)) - Registered Data node : a606f2ed-cee1-417c-9fe3-1bdc4a375396{ip: 172.17.0.2, host: 79669b543b4d, networkLocation: /default-rack, certSerialId: null, persistedOpState: IN_SERVICE, persistedOpStateExpiryEpochSec: 0}
2020-12-29 10:09:49,527 [EventQueue-NodeRegistrationContainerReportForContainerSafeModeRule] INFO  safemode.SCMSafeModeManager (SCMSafeModeManager.java:validateSafeModeExitRules(214)) - ContainerSafeModeRule rule is successfully validated
2020-12-29 10:09:49,527 [EventQueue-NodeRegistrationContainerReportForDataNodeSafeModeRule] INFO  safemode.SCMSafeModeManager (SCMSafeModeManager.java:validateSafeModeExitRules(214)) - DataNodeSafeModeRule rule is successfully validated
2020-12-29 10:09:49,527 [RatisPipelineUtilsThread] INFO  pipeline.RatisPipelineProvider (RatisPipelineProvider.java:lambda$create$0(161)) - Sending CreatePipelineCommand for pipeline:PipelineID=b44f3868-5529-47e3-b64e-35c28bb2533e to datanode:a606f2ed-cee1-417c-9fe3-1bdc4a375396
2020-12-29 10:09:49,527 [EventQueue-PipelineReportForOneReplicaPipelineSafeModeRule] INFO  safemode.SCMSafeModeManager (SCMSafeModeManager.java:validateSafeModeExitRules(214)) - AtleastOneDatanodeReportedRule rule is successfully validated
2020-12-29 10:09:49,527 [RatisPipelineUtilsThread] INFO  pipeline.PipelineStateManager (PipelineStateManager.java:addPipeline(54)) - Created pipeline Pipeline[ Id: b44f3868-5529-47e3-b64e-35c28bb2533e, Nodes: a606f2ed-cee1-417c-9fe3-1bdc4a375396{ip: 172.17.0.2, host: 79669b543b4d, networkLocation: /default-rack, certSerialId: null, persistedOpState: IN_SERVICE, persistedOpStateExpiryEpochSec: 0}, Type:RATIS, Factor:ONE, State:ALLOCATED, leaderId:, CreationTimestamp2020-12-29T10:09:49.527Z]
2020-12-29 10:09:49,528 [RatisPipelineUtilsThread] INFO  pipeline.RatisPipelineProvider (RatisPipelineProvider.java:lambda$create$0(161)) - Sending CreatePipelineCommand for pipeline:PipelineID=edb69426-88b0-48de-aade-f16552f941cd to datanode:b063ad5b-b25a-46ed-abed-9b5302f3b533
2020-12-29 10:09:49,528 [RatisPipelineUtilsThread] INFO  pipeline.RatisPipelineProvider (RatisPipelineProvider.java:lambda$create$0(161)) - Sending CreatePipelineCommand for pipeline:PipelineID=edb69426-88b0-48de-aade-f16552f941cd to datanode:a606f2ed-cee1-417c-9fe3-1bdc4a375396
2020-12-29 10:09:49,528 [RatisPipelineUtilsThread] INFO  pipeline.RatisPipelineProvider (RatisPipelineProvider.java:lambda$create$0(161)) - Sending CreatePipelineCommand for pipeline:PipelineID=edb69426-88b0-48de-aade-f16552f941cd to datanode:856c4e2d-a2c2-4358-bc21-0d0c99327a9f
2020-12-29 10:09:49,529 [RatisPipelineUtilsThread] INFO  pipeline.PipelineStateManager (PipelineStateManager.java:addPipeline(54)) - Created pipeline Pipeline[ Id: edb69426-88b0-48de-aade-f16552f941cd, Nodes: b063ad5b-b25a-46ed-abed-9b5302f3b533{ip: 172.17.0.2, host: 79669b543b4d, networkLocation: /default-rack, certSerialId: null, persistedOpState: IN_SERVICE, persistedOpStateExpiryEpochSec: 0}a606f2ed-cee1-417c-9fe3-1bdc4a375396{ip: 172.17.0.2, host: 79669b543b4d, networkLocation: /default-rack, certSerialId: null, persistedOpState: IN_SERVICE, persistedOpStateExpiryEpochSec: 0}856c4e2d-a2c2-4358-bc21-0d0c99327a9f{ip: 172.17.0.2, host: 79669b543b4d, networkLocation: /default-rack, certSerialId: null, persistedOpState: IN_SERVICE, persistedOpStateExpiryEpochSec: 0}, Type:RATIS, Factor:THREE, State:ALLOCATED, leaderId:, CreationTimestamp2020-12-29T10:09:49.528Z]
2020-12-29 10:09:50,419 [EventQueue-PipelineReportForOneReplicaPipelineSafeModeRule] INFO  safemode.SCMSafeModeManager (SCMSafeModeManager.java:validateSafeModeExitRules(214)) - AtleastOneDatanodeReportedRule rule is successfully validated
2020-12-29 10:09:50,519 [Listener at 127.0.0.1/41413] INFO  ozone.MiniOzoneClusterImpl (MiniOzoneClusterImpl.java:lambda$waitForClusterToBeReady$0(178)) - Nodes are ready. Got 6 of 6 DN Heartbeats.
2020-12-29 10:09:50,521 [Listener at 127.0.0.1/41413] INFO  ozone.MiniOzoneClusterImpl (MiniOzoneClusterImpl.java:lambda$waitForClusterToBeReady$0(181)) - Waiting for cluster to exit safe mode
2020-12-29 10:09:50,633 [EventQueue-PipelineReportForOneReplicaPipelineSafeModeRule] INFO  safemode.SCMSafeModeManager (SCMSafeModeManager.java:validateSafeModeExitRules(214)) - AtleastOneDatanodeReportedRule rule is successfully validated
2020-12-29 10:09:50,855 [EventQueue-PipelineReportForOneReplicaPipelineSafeModeRule] INFO  safemode.SCMSafeModeManager (SCMSafeModeManager.java:validateSafeModeExitRules(214)) - AtleastOneDatanodeReportedRule rule is successfully validated
2020-12-29 10:09:51,089 [EventQueue-PipelineReportForOneReplicaPipelineSafeModeRule] INFO  safemode.SCMSafeModeManager (SCMSafeModeManager.java:validateSafeModeExitRules(214)) - AtleastOneDatanodeReportedRule rule is successfully validated
2020-12-29 10:09:51,335 [EventQueue-PipelineReportForOneReplicaPipelineSafeModeRule] INFO  safemode.SCMSafeModeManager (SCMSafeModeManager.java:validateSafeModeExitRules(214)) - AtleastOneDatanodeReportedRule rule is successfully validated
2020-12-29 10:09:51,419 [EventQueue-PipelineReportForOneReplicaPipelineSafeModeRule] INFO  safemode.SCMSafeModeManager (SCMSafeModeManager.java:validateSafeModeExitRules(214)) - AtleastOneDatanodeReportedRule rule is successfully validated
2020-12-29 10:09:51,419 [Command processor thread] INFO  server.RaftServer (RaftServerProxy.java:addNew(93)) - 211ea4af-eacf-4017-9679-f845244c1f92: addNew group-BA3F230A758C:[211ea4af-eacf-4017-9679-f845244c1f92|rpc:172.17.0.2:41241] returns group-BA3F230A758C:java.util.concurrent.CompletableFuture@4a73281a[Not completed]
2020-12-29 10:09:51,422 [pool-237-thread-1] INFO  server.RaftServer$Division (RaftServerImpl.java:<init>(173)) - 211ea4af-eacf-4017-9679-f845244c1f92: new RaftServerImpl for group-BA3F230A758C:[211ea4af-eacf-4017-9679-f845244c1f92|rpc:172.17.0.2:41241] with ContainerStateMachine:uninitialized
2020-12-29 10:09:51,423 [pool-237-thread-1] INFO  server.RaftServerConfigKeys (ConfUtils.java:logGet(44)) - raft.server.rpc.timeout.min = 5s (custom)
2020-12-29 10:09:51,423 [pool-237-thread-1] INFO  server.RaftServerConfigKeys (ConfUtils.java:logGet(44)) - raft.server.rpc.timeout.max = 5200ms (custom)
2020-12-29 10:09:51,423 [pool-237-thread-1] INFO  server.RaftServerConfigKeys (ConfUtils.java:logGet(44)) - raft.server.rpc.sleep.time = 25ms (default)
2020-12-29 10:09:51,423 [pool-237-thread-1] INFO  server.RaftServerConfigKeys (ConfUtils.java:logGet(44)) - raft.server.rpc.slowness.timeout = 300s (custom)
2020-12-29 10:09:51,423 [pool-237-thread-1] INFO  server.RaftServerConfigKeys (ConfUtils.java:logGet(44)) - raft.server.leaderelection.leader.step-down.wait-time = 10s (default)
2020-12-29 10:09:51,423 [pool-237-thread-1] INFO  server.RaftServerConfigKeys (ConfUtils.java:logGet(44)) - raft.server.sleep.deviation.threshold = 300ms (default)
2020-12-29 10:09:51,423 [pool-237-thread-1] INFO  server.RaftServerConfigKeys (ConfUtils.java:logGet(44)) - raft.server.log.appender.install.snapshot.enabled = false (custom)
2020-12-29 10:09:51,423 [pool-237-thread-1] INFO  server.RaftServer$Division (ServerState.java:<init>(104)) - 211ea4af-eacf-4017-9679-f845244c1f92@group-BA3F230A758C: ConfigurationManager, init=-1: [211ea4af-eacf-4017-9679-f845244c1f92|rpc:172.17.0.2:41241], old=null, confs=<EMPTY_MAP>
2020-12-29 10:09:51,424 [pool-237-thread-1] INFO  server.RaftServerConfigKeys (ConfUtils.java:logGet(44)) - raft.server.storage.dir = [/github/workspace/mnt/ozone/hadoop-ozone/integration-test/target/test-dir/MiniOzoneClusterImpl-b1ea8c03-8e89-4df6-8609-c05021ba0f19/datanode-0/data/ratis] (custom)
2020-12-29 10:09:51,424 [pool-237-thread-1] INFO  server.RaftServerConfigKeys (ConfUtils.java:logGet(44)) - raft.server.log.corruption.policy = EXCEPTION (default)
2020-12-29 10:09:51,424 [pool-237-thread-1] INFO  storage.RaftStorageDirectory (RaftStorageDirectory.java:analyzeStorage(260)) - The storage directory /github/workspace/mnt/ozone/hadoop-ozone/integration-test/target/test-dir/MiniOzoneClusterImpl-b1ea8c03-8e89-4df6-8609-c05021ba0f19/datanode-0/data/ratis/f7ef1bbe-2f47-43c1-9d7d-ba3f230a758c does not exist. Creating ...
2020-12-29 10:09:51,425 [pool-237-thread-1] INFO  storage.RaftStorageDirectory (RaftStorageDirectory.java:tryLock(342)) - Lock on /github/workspace/mnt/ozone/hadoop-ozone/integration-test/target/test-dir/MiniOzoneClusterImpl-b1ea8c03-8e89-4df6-8609-c05021ba0f19/datanode-0/data/ratis/f7ef1bbe-2f47-43c1-9d7d-ba3f230a758c/in_use.lock acquired by nodename 1628@79669b543b4d
2020-12-29 10:09:51,426 [pool-237-thread-1] INFO  storage.RaftStorage (RaftStorage.java:format(89)) - Storage directory /github/workspace/mnt/ozone/hadoop-ozone/integration-test/target/test-dir/MiniOzoneClusterImpl-b1ea8c03-8e89-4df6-8609-c05021ba0f19/datanode-0/data/ratis/f7ef1bbe-2f47-43c1-9d7d-ba3f230a758c has been successfully formatted.
2020-12-29 10:09:51,427 [pool-237-thread-1] INFO  ratis.ContainerStateMachine (ContainerStateMachine.java:loadSnapshot(223)) - group-BA3F230A758C: The snapshot info is null. Setting the last applied indexto:(t:0, i:~)
2020-12-29 10:09:51,427 [pool-237-thread-1] ERROR storage.RaftStorage (RaftStorage.java:readRaftConfiguration(152)) - Failed reading configuration from file:/github/workspace/mnt/ozone/hadoop-ozone/integration-test/target/test-dir/MiniOzoneClusterImpl-b1ea8c03-8e89-4df6-8609-c05021ba0f19/datanode-0/data/ratis/f7ef1bbe-2f47-43c1-9d7d-ba3f230a758c/current/raft-meta.conf
java.io.FileNotFoundException: /github/workspace/mnt/ozone/hadoop-ozone/integration-test/target/test-dir/MiniOzoneClusterImpl-b1ea8c03-8e89-4df6-8609-c05021ba0f19/datanode-0/data/ratis/f7ef1bbe-2f47-43c1-9d7d-ba3f230a758c/current/raft-meta.conf (No such file or directory)
	at java.io.FileInputStream.open0(Native Method)
	at java.io.FileInputStream.open(FileInputStream.java:195)
	at java.io.FileInputStream.<init>(FileInputStream.java:138)
	at org.apache.ratis.server.storage.RaftStorage.readRaftConfiguration(RaftStorage.java:148)
	at org.apache.ratis.server.impl.ServerState.initStatemachine(ServerState.java:167)
	at org.apache.ratis.server.impl.ServerState.<init>(ServerState.java:112)
	at org.apache.ratis.server.impl.RaftServerImpl.<init>(RaftServerImpl.java:186)
	at org.apache.ratis.server.impl.RaftServerProxy.lambda$newRaftServerImpl$4(RaftServerProxy.java:264)
	at java.util.concurrent.CompletableFuture$AsyncSupply.run(CompletableFuture.java:1604)
	at java.util.concurrent.ThreadPoolExecutor.runWorker(ThreadPoolExecutor.java:1149)
	at java.util.concurrent.ThreadPoolExecutor$Worker.run(ThreadPoolExecutor.java:624)
	at java.lang.Thread.run(Thread.java:748)
2020-12-29 10:09:51,427 [pool-237-thread-1] INFO  server.RaftServerConfigKeys (ConfUtils.java:logGet(44)) - raft.server.notification.no-leader.timeout = 300s (custom)
2020-12-29 10:09:51,428 [pool-237-thread-1] INFO  server.RaftServerConfigKeys (ConfUtils.java:logGet(44)) - raft.server.log.use.memory = false (default)
2020-12-29 10:09:51,428 [EventQueue-PipelineReportForOneReplicaPipelineSafeModeRule] INFO  safemode.SCMSafeModeManager (SCMSafeModeManager.java:validateSafeModeExitRules(214)) - AtleastOneDatanodeReportedRule rule is successfully validated
2020-12-29 10:09:51,428 [EventQueue-PipelineReportForPipelineReportHandler] INFO  pipeline.PipelineStateManager (PipelineStateManager.java:openPipeline(132)) - Pipeline Pipeline[ Id: f7ef1bbe-2f47-43c1-9d7d-ba3f230a758c, Nodes: 211ea4af-eacf-4017-9679-f845244c1f92{ip: 172.17.0.2, host: 79669b543b4d, networkLocation: /default-rack, certSerialId: null, persistedOpState: IN_SERVICE, persistedOpStateExpiryEpochSec: 0}, Type:RATIS, Factor:ONE, State:ALLOCATED, leaderId:211ea4af-eacf-4017-9679-f845244c1f92, CreationTimestamp2020-12-29T10:09:48.423Z] moved to OPEN state
2020-12-29 10:09:51,428 [pool-237-thread-1] INFO  server.RaftServerConfigKeys (ConfUtils.java:logGet(44)) - raft.server.log.purge.gap = 1000000 (custom)
2020-12-29 10:09:51,429 [EventQueue-OpenPipelineForHealthyPipelineSafeModeRule] INFO  safemode.SCMSafeModeManager (HealthyPipelineSafeModeRule.java:process(128)) - SCM in safe mode. Healthy pipelines reported count is 0, required healthy pipeline reported count is 1
2020-12-29 10:09:51,430 [pool-237-thread-1] INFO  metrics.RatisMetrics (RatisMetrics.java:lambda$create$0(36)) - Creating Metrics Registry : ratis.log_worker.211ea4af-eacf-4017-9679-f845244c1f92@group-BA3F230A758C
2020-12-29 10:09:51,430 [pool-237-thread-1] INFO  server.RaftServerConfigKeys (ConfUtils.java:logGet(44)) - raft.server.log.appender.buffer.byte-limit = 33554432 (custom)
2020-12-29 10:09:51,430 [pool-237-thread-1] INFO  server.RaftServerConfigKeys (ConfUtils.java:logGet(44)) - raft.server.log.segment.size.max = 1048576 (custom)
2020-12-29 10:09:51,431 [pool-237-thread-1] INFO  server.RaftServerConfigKeys (ConfUtils.java:logGet(44)) - raft.server.log.segment.cache.num.max = 2 (custom)
2020-12-29 10:09:51,431 [pool-237-thread-1] INFO  server.RaftServerConfigKeys (ConfUtils.java:logGet(44)) - raft.server.log.segment.cache.size.max = 200MB (=209715200) (default)
2020-12-29 10:09:51,431 [pool-237-thread-1] INFO  segmented.SegmentedRaftLogWorker (SegmentedRaftLogWorker.java:<init>(181)) - new 211ea4af-eacf-4017-9679-f845244c1f92@group-BA3F230A758C-SegmentedRaftLogWorker for RaftStorage:Storage Directory /github/workspace/mnt/ozone/hadoop-ozone/integration-test/target/test-dir/MiniOzoneClusterImpl-b1ea8c03-8e89-4df6-8609-c05021ba0f19/datanode-0/data/ratis/f7ef1bbe-2f47-43c1-9d7d-ba3f230a758c
2020-12-29 10:09:51,431 [pool-237-thread-1] INFO  server.RaftServerConfigKeys (ConfUtils.java:logGet(44)) - raft.server.log.queue.byte-limit = 2147483647 (custom)
2020-12-29 10:09:51,431 [pool-237-thread-1] INFO  server.RaftServerConfigKeys (ConfUtils.java:logGet(44)) - raft.server.log.queue.element-limit = 1024 (custom)
2020-12-29 10:09:51,431 [pool-237-thread-1] INFO  server.RaftServerConfigKeys (ConfUtils.java:logGet(44)) - raft.server.log.segment.size.max = 1048576 (custom)
2020-12-29 10:09:51,431 [pool-237-thread-1] INFO  server.RaftServerConfigKeys (ConfUtils.java:logGet(44)) - raft.server.log.preallocated.size = 16384 (custom)
2020-12-29 10:09:51,431 [pool-237-thread-1] INFO  server.RaftServerConfigKeys (ConfUtils.java:logGet(44)) - raft.server.log.force.sync.num = 128 (default)
2020-12-29 10:09:51,431 [pool-237-thread-1] INFO  server.RaftServerConfigKeys (ConfUtils.java:logGet(44)) - raft.server.log.statemachine.data.sync = true (default)
2020-12-29 10:09:51,432 [pool-237-thread-1] INFO  server.RaftServerConfigKeys (ConfUtils.java:logGet(44)) - raft.server.log.statemachine.data.sync.timeout = 10s (default)
2020-12-29 10:09:51,432 [pool-237-thread-1] INFO  server.RaftServerConfigKeys (ConfUtils.java:logGet(44)) - raft.server.log.statemachine.data.sync.timeout.retry = -1 (default)
2020-12-29 10:09:51,433 [pool-237-thread-1] INFO  server.RaftServerConfigKeys (ConfUtils.java:logGet(44)) - raft.server.log.write.buffer.size = 1048576 (custom)
2020-12-29 10:09:51,434 [pool-237-thread-1] INFO  server.RaftServerConfigKeys (ConfUtils.java:logGet(44)) - raft.server.log.statemachine.data.caching.enabled = true (custom)
2020-12-29 10:09:51,434 [pool-237-thread-1] INFO  segmented.SegmentedRaftLogWorker (SegmentedRaftLogWorker.java:lambda$new$0(132)) - 211ea4af-eacf-4017-9679-f845244c1f92@group-BA3F230A758C-SegmentedRaftLogWorker: flushIndex: setUnconditionally 0 -> -1
2020-12-29 10:09:51,434 [pool-237-thread-1] INFO  segmented.SegmentedRaftLogWorker (SegmentedRaftLogWorker.java:lambda$new$0(132)) - 211ea4af-eacf-4017-9679-f845244c1f92@group-BA3F230A758C-SegmentedRaftLogWorker: safeCacheEvictIndex: setUnconditionally 0 -> -1
2020-12-29 10:09:51,434 [pool-237-thread-1] INFO  server.RaftServerConfigKeys (ConfUtils.java:logGet(44)) - raft.server.snapshot.auto.trigger.enabled = true (custom)
2020-12-29 10:09:51,434 [pool-237-thread-1] INFO  server.RaftServerConfigKeys (ConfUtils.java:logGet(44)) - raft.server.snapshot.auto.trigger.threshold = 10000 (custom)
2020-12-29 10:09:51,434 [pool-237-thread-1] INFO  server.RaftServerConfigKeys (ConfUtils.java:logGet(44)) - raft.server.snapshot.retention.file.num = 5 (custom)
2020-12-29 10:09:51,434 [pool-237-thread-1] INFO  server.RaftServerConfigKeys (ConfUtils.java:logGet(44)) - raft.server.log.purge.upto.snapshot.index = false (default)
2020-12-29 10:09:51,434 [pool-237-thread-1] INFO  server.RaftServerConfigKeys (ConfUtils.java:logGet(44)) - raft.server.retrycache.expirytime = 600000ms (custom)
2020-12-29 10:09:51,434 [pool-237-thread-1] INFO  server.RaftServerConfigKeys (ConfUtils.java:logGet(44)) - raft.server.retrycache.statistics.expirytime = 100?s (default)
2020-12-29 10:09:51,435 [pool-237-thread-1] INFO  metrics.RatisMetrics (RatisMetrics.java:lambda$create$0(36)) - Creating Metrics Registry : ratis.leader_election.211ea4af-eacf-4017-9679-f845244c1f92@group-BA3F230A758C
2020-12-29 10:09:51,435 [pool-237-thread-1] INFO  metrics.RatisMetrics (RatisMetrics.java:lambda$create$0(36)) - Creating Metrics Registry : ratis.server.211ea4af-eacf-4017-9679-f845244c1f92@group-BA3F230A758C
2020-12-29 10:09:51,436 [pool-237-thread-1] INFO  server.RaftServer$Division (RaftServerImpl.java:start(286)) - 211ea4af-eacf-4017-9679-f845244c1f92@group-BA3F230A758C: start as a follower, conf=-1: [211ea4af-eacf-4017-9679-f845244c1f92|rpc:172.17.0.2:41241], old=null
2020-12-29 10:09:51,436 [pool-237-thread-1] INFO  server.RaftServer$Division (RaftServerImpl.java:setRole(275)) - 211ea4af-eacf-4017-9679-f845244c1f92@group-BA3F230A758C: changes role from      null to FOLLOWER at term 0 for startAsFollower
2020-12-29 10:09:51,436 [pool-237-thread-1] INFO  impl.RoleInfo (RoleInfo.java:updateAndGet(130)) - 211ea4af-eacf-4017-9679-f845244c1f92: start 211ea4af-eacf-4017-9679-f845244c1f92@group-BA3F230A758C-FollowerState
2020-12-29 10:09:51,437 [pool-237-thread-1] INFO  util.JmxRegister (JmxRegister.java:tryRegister(44)) - Successfully registered JMX Bean with object name Ratis:service=RaftServer,group=group-BA3F230A758C,id=211ea4af-eacf-4017-9679-f845244c1f92
2020-12-29 10:09:51,437 [pool-237-thread-1] INFO  metrics.RatisMetrics (RatisMetrics.java:lambda$create$0(36)) - Creating Metrics Registry : ratis.state_machine.211ea4af-eacf-4017-9679-f845244c1f92@group-BA3F230A758C
2020-12-29 10:09:51,437 [Command processor thread] INFO  commandhandler.CreatePipelineCommandHandler (CreatePipelineCommandHandler.java:handle(106)) - Created Pipeline RATIS ONE PipelineID=f7ef1bbe-2f47-43c1-9d7d-ba3f230a758c.
2020-12-29 10:09:51,438 [Command processor thread] INFO  server.RaftServer (RaftServerProxy.java:addNew(93)) - 211ea4af-eacf-4017-9679-f845244c1f92: addNew group-DCAE17C04CCD:[211ea4af-eacf-4017-9679-f845244c1f92|rpc:172.17.0.2:41241, 4259afd6-154d-4eca-a620-cf00c9b631aa|rpc:172.17.0.2:38675, 1f50e366-ff39-48ab-b6af-f1dfc503e25e|rpc:172.17.0.2:41473] returns group-DCAE17C04CCD:java.util.concurrent.CompletableFuture@4e4ca58c[Not completed]
2020-12-29 10:09:51,438 [pool-237-thread-1] INFO  server.RaftServer$Division (RaftServerImpl.java:<init>(173)) - 211ea4af-eacf-4017-9679-f845244c1f92: new RaftServerImpl for group-DCAE17C04CCD:[211ea4af-eacf-4017-9679-f845244c1f92|rpc:172.17.0.2:41241, 4259afd6-154d-4eca-a620-cf00c9b631aa|rpc:172.17.0.2:38675, 1f50e366-ff39-48ab-b6af-f1dfc503e25e|rpc:172.17.0.2:41473] with ContainerStateMachine:uninitialized
2020-12-29 10:09:51,439 [pool-237-thread-1] INFO  server.RaftServerConfigKeys (ConfUtils.java:logGet(44)) - raft.server.rpc.timeout.min = 5s (custom)
2020-12-29 10:09:51,439 [pool-237-thread-1] INFO  server.RaftServerConfigKeys (ConfUtils.java:logGet(44)) - raft.server.rpc.timeout.max = 5200ms (custom)
2020-12-29 10:09:51,439 [pool-237-thread-1] INFO  server.RaftServerConfigKeys (ConfUtils.java:logGet(44)) - raft.server.rpc.sleep.time = 25ms (default)
2020-12-29 10:09:51,439 [pool-237-thread-1] INFO  server.RaftServerConfigKeys (ConfUtils.java:logGet(44)) - raft.server.rpc.slowness.timeout = 300s (custom)
2020-12-29 10:09:51,439 [pool-237-thread-1] INFO  server.RaftServerConfigKeys (ConfUtils.java:logGet(44)) - raft.server.leaderelection.leader.step-down.wait-time = 10s (default)
2020-12-29 10:09:51,439 [pool-237-thread-1] INFO  server.RaftServerConfigKeys (ConfUtils.java:logGet(44)) - raft.server.sleep.deviation.threshold = 300ms (default)
2020-12-29 10:09:51,439 [pool-237-thread-1] INFO  server.RaftServerConfigKeys (ConfUtils.java:logGet(44)) - raft.server.log.appender.install.snapshot.enabled = false (custom)
2020-12-29 10:09:51,439 [pool-237-thread-1] INFO  server.RaftServer$Division (ServerState.java:<init>(104)) - 211ea4af-eacf-4017-9679-f845244c1f92@group-DCAE17C04CCD: ConfigurationManager, init=-1: [211ea4af-eacf-4017-9679-f845244c1f92|rpc:172.17.0.2:41241, 4259afd6-154d-4eca-a620-cf00c9b631aa|rpc:172.17.0.2:38675, 1f50e366-ff39-48ab-b6af-f1dfc503e25e|rpc:172.17.0.2:41473], old=null, confs=<EMPTY_MAP>
2020-12-29 10:09:51,439 [pool-237-thread-1] INFO  server.RaftServerConfigKeys (ConfUtils.java:logGet(44)) - raft.server.storage.dir = [/github/workspace/mnt/ozone/hadoop-ozone/integration-test/target/test-dir/MiniOzoneClusterImpl-b1ea8c03-8e89-4df6-8609-c05021ba0f19/datanode-0/data/ratis] (custom)
2020-12-29 10:09:51,439 [pool-237-thread-1] INFO  server.RaftServerConfigKeys (ConfUtils.java:logGet(44)) - raft.server.log.corruption.policy = EXCEPTION (default)
2020-12-29 10:09:51,440 [pool-237-thread-1] INFO  storage.RaftStorageDirectory (RaftStorageDirectory.java:analyzeStorage(260)) - The storage directory /github/workspace/mnt/ozone/hadoop-ozone/integration-test/target/test-dir/MiniOzoneClusterImpl-b1ea8c03-8e89-4df6-8609-c05021ba0f19/datanode-0/data/ratis/be436cb0-5cba-4a31-9935-dcae17c04ccd does not exist. Creating ...
2020-12-29 10:09:51,441 [pool-237-thread-1] INFO  storage.RaftStorageDirectory (RaftStorageDirectory.java:tryLock(342)) - Lock on /github/workspace/mnt/ozone/hadoop-ozone/integration-test/target/test-dir/MiniOzoneClusterImpl-b1ea8c03-8e89-4df6-8609-c05021ba0f19/datanode-0/data/ratis/be436cb0-5cba-4a31-9935-dcae17c04ccd/in_use.lock acquired by nodename 1628@79669b543b4d
2020-12-29 10:09:51,442 [pool-237-thread-1] INFO  storage.RaftStorage (RaftStorage.java:format(89)) - Storage directory /github/workspace/mnt/ozone/hadoop-ozone/integration-test/target/test-dir/MiniOzoneClusterImpl-b1ea8c03-8e89-4df6-8609-c05021ba0f19/datanode-0/data/ratis/be436cb0-5cba-4a31-9935-dcae17c04ccd has been successfully formatted.
2020-12-29 10:09:51,442 [pool-237-thread-1] INFO  ratis.ContainerStateMachine (ContainerStateMachine.java:loadSnapshot(223)) - group-DCAE17C04CCD: The snapshot info is null. Setting the last applied indexto:(t:0, i:~)
2020-12-29 10:09:51,443 [pool-237-thread-1] ERROR storage.RaftStorage (RaftStorage.java:readRaftConfiguration(152)) - Failed reading configuration from file:/github/workspace/mnt/ozone/hadoop-ozone/integration-test/target/test-dir/MiniOzoneClusterImpl-b1ea8c03-8e89-4df6-8609-c05021ba0f19/datanode-0/data/ratis/be436cb0-5cba-4a31-9935-dcae17c04ccd/current/raft-meta.conf
java.io.FileNotFoundException: /github/workspace/mnt/ozone/hadoop-ozone/integration-test/target/test-dir/MiniOzoneClusterImpl-b1ea8c03-8e89-4df6-8609-c05021ba0f19/datanode-0/data/ratis/be436cb0-5cba-4a31-9935-dcae17c04ccd/current/raft-meta.conf (No such file or directory)
	at java.io.FileInputStream.open0(Native Method)
	at java.io.FileInputStream.open(FileInputStream.java:195)
	at java.io.FileInputStream.<init>(FileInputStream.java:138)
	at org.apache.ratis.server.storage.RaftStorage.readRaftConfiguration(RaftStorage.java:148)
	at org.apache.ratis.server.impl.ServerState.initStatemachine(ServerState.java:167)
	at org.apache.ratis.server.impl.ServerState.<init>(ServerState.java:112)
	at org.apache.ratis.server.impl.RaftServerImpl.<init>(RaftServerImpl.java:186)
	at org.apache.ratis.server.impl.RaftServerProxy.lambda$newRaftServerImpl$4(RaftServerProxy.java:264)
	at java.util.concurrent.CompletableFuture$AsyncSupply.run(CompletableFuture.java:1604)
	at java.util.concurrent.ThreadPoolExecutor.runWorker(ThreadPoolExecutor.java:1149)
	at java.util.concurrent.ThreadPoolExecutor$Worker.run(ThreadPoolExecutor.java:624)
	at java.lang.Thread.run(Thread.java:748)
2020-12-29 10:09:51,443 [pool-237-thread-1] INFO  server.RaftServerConfigKeys (ConfUtils.java:logGet(44)) - raft.server.notification.no-leader.timeout = 300s (custom)
2020-12-29 10:09:51,443 [pool-237-thread-1] INFO  server.RaftServerConfigKeys (ConfUtils.java:logGet(44)) - raft.server.log.use.memory = false (default)
2020-12-29 10:09:51,443 [EventQueue-PipelineReportForOneReplicaPipelineSafeModeRule] INFO  safemode.SCMSafeModeManager (SCMSafeModeManager.java:validateSafeModeExitRules(214)) - AtleastOneDatanodeReportedRule rule is successfully validated
2020-12-29 10:09:51,443 [EventQueue-OpenPipelineForHealthyPipelineSafeModeRule] INFO  safemode.SCMSafeModeManager (HealthyPipelineSafeModeRule.java:process(128)) - SCM in safe mode. Healthy pipelines reported count is 0, required healthy pipeline reported count is 1
2020-12-29 10:09:51,443 [pool-237-thread-1] INFO  server.RaftServerConfigKeys (ConfUtils.java:logGet(44)) - raft.server.log.purge.gap = 1000000 (custom)
2020-12-29 10:09:51,444 [pool-237-thread-1] INFO  metrics.RatisMetrics (RatisMetrics.java:lambda$create$0(36)) - Creating Metrics Registry : ratis.log_worker.211ea4af-eacf-4017-9679-f845244c1f92@group-DCAE17C04CCD
2020-12-29 10:09:51,444 [pool-237-thread-1] INFO  server.RaftServerConfigKeys (ConfUtils.java:logGet(44)) - raft.server.log.appender.buffer.byte-limit = 33554432 (custom)
2020-12-29 10:09:51,444 [pool-237-thread-1] INFO  server.RaftServerConfigKeys (ConfUtils.java:logGet(44)) - raft.server.log.segment.size.max = 1048576 (custom)
2020-12-29 10:09:51,445 [pool-237-thread-1] INFO  server.RaftServerConfigKeys (ConfUtils.java:logGet(44)) - raft.server.log.segment.cache.num.max = 2 (custom)
2020-12-29 10:09:51,445 [pool-237-thread-1] INFO  server.RaftServerConfigKeys (ConfUtils.java:logGet(44)) - raft.server.log.segment.cache.size.max = 200MB (=209715200) (default)
2020-12-29 10:09:51,445 [pool-237-thread-1] INFO  segmented.SegmentedRaftLogWorker (SegmentedRaftLogWorker.java:<init>(181)) - new 211ea4af-eacf-4017-9679-f845244c1f92@group-DCAE17C04CCD-SegmentedRaftLogWorker for RaftStorage:Storage Directory /github/workspace/mnt/ozone/hadoop-ozone/integration-test/target/test-dir/MiniOzoneClusterImpl-b1ea8c03-8e89-4df6-8609-c05021ba0f19/datanode-0/data/ratis/be436cb0-5cba-4a31-9935-dcae17c04ccd
2020-12-29 10:09:51,445 [pool-237-thread-1] INFO  server.RaftServerConfigKeys (ConfUtils.java:logGet(44)) - raft.server.log.queue.byte-limit = 2147483647 (custom)
2020-12-29 10:09:51,445 [pool-237-thread-1] INFO  server.RaftServerConfigKeys (ConfUtils.java:logGet(44)) - raft.server.log.queue.element-limit = 1024 (custom)
2020-12-29 10:09:51,445 [pool-237-thread-1] INFO  server.RaftServerConfigKeys (ConfUtils.java:logGet(44)) - raft.server.log.segment.size.max = 1048576 (custom)
2020-12-29 10:09:51,445 [pool-237-thread-1] INFO  server.RaftServerConfigKeys (ConfUtils.java:logGet(44)) - raft.server.log.preallocated.size = 16384 (custom)
2020-12-29 10:09:51,445 [pool-237-thread-1] INFO  server.RaftServerConfigKeys (ConfUtils.java:logGet(44)) - raft.server.log.force.sync.num = 128 (default)
2020-12-29 10:09:51,445 [pool-237-thread-1] INFO  server.RaftServerConfigKeys (ConfUtils.java:logGet(44)) - raft.server.log.statemachine.data.sync = true (default)
2020-12-29 10:09:51,445 [pool-237-thread-1] INFO  server.RaftServerConfigKeys (ConfUtils.java:logGet(44)) - raft.server.log.statemachine.data.sync.timeout = 10s (default)
2020-12-29 10:09:51,445 [pool-237-thread-1] INFO  server.RaftServerConfigKeys (ConfUtils.java:logGet(44)) - raft.server.log.statemachine.data.sync.timeout.retry = -1 (default)
2020-12-29 10:09:51,446 [pool-237-thread-1] INFO  server.RaftServerConfigKeys (ConfUtils.java:logGet(44)) - raft.server.log.write.buffer.size = 1048576 (custom)
2020-12-29 10:09:51,447 [pool-237-thread-1] INFO  server.RaftServerConfigKeys (ConfUtils.java:logGet(44)) - raft.server.log.statemachine.data.caching.enabled = true (custom)
2020-12-29 10:09:51,447 [pool-237-thread-1] INFO  segmented.SegmentedRaftLogWorker (SegmentedRaftLogWorker.java:lambda$new$0(132)) - 211ea4af-eacf-4017-9679-f845244c1f92@group-DCAE17C04CCD-SegmentedRaftLogWorker: flushIndex: setUnconditionally 0 -> -1
2020-12-29 10:09:51,448 [pool-237-thread-1] INFO  segmented.SegmentedRaftLogWorker (SegmentedRaftLogWorker.java:lambda$new$0(132)) - 211ea4af-eacf-4017-9679-f845244c1f92@group-DCAE17C04CCD-SegmentedRaftLogWorker: safeCacheEvictIndex: setUnconditionally 0 -> -1
2020-12-29 10:09:51,448 [pool-237-thread-1] INFO  server.RaftServerConfigKeys (ConfUtils.java:logGet(44)) - raft.server.snapshot.auto.trigger.enabled = true (custom)
2020-12-29 10:09:51,448 [pool-237-thread-1] INFO  server.RaftServerConfigKeys (ConfUtils.java:logGet(44)) - raft.server.snapshot.auto.trigger.threshold = 10000 (custom)
2020-12-29 10:09:51,448 [pool-237-thread-1] INFO  server.RaftServerConfigKeys (ConfUtils.java:logGet(44)) - raft.server.snapshot.retention.file.num = 5 (custom)
2020-12-29 10:09:51,448 [pool-237-thread-1] INFO  server.RaftServerConfigKeys (ConfUtils.java:logGet(44)) - raft.server.log.purge.upto.snapshot.index = false (default)
2020-12-29 10:09:51,448 [pool-237-thread-1] INFO  server.RaftServerConfigKeys (ConfUtils.java:logGet(44)) - raft.server.retrycache.expirytime = 600000ms (custom)
2020-12-29 10:09:51,448 [pool-237-thread-1] INFO  server.RaftServerConfigKeys (ConfUtils.java:logGet(44)) - raft.server.retrycache.statistics.expirytime = 100?s (default)
2020-12-29 10:09:51,448 [pool-237-thread-1] INFO  metrics.RatisMetrics (RatisMetrics.java:lambda$create$0(36)) - Creating Metrics Registry : ratis.leader_election.211ea4af-eacf-4017-9679-f845244c1f92@group-DCAE17C04CCD
2020-12-29 10:09:51,452 [pool-237-thread-1] INFO  metrics.RatisMetrics (RatisMetrics.java:lambda$create$0(36)) - Creating Metrics Registry : ratis.server.211ea4af-eacf-4017-9679-f845244c1f92@group-DCAE17C04CCD
2020-12-29 10:09:51,453 [pool-237-thread-1] INFO  server.RaftServer$Division (RaftServerImpl.java:start(286)) - 211ea4af-eacf-4017-9679-f845244c1f92@group-DCAE17C04CCD: start as a follower, conf=-1: [211ea4af-eacf-4017-9679-f845244c1f92|rpc:172.17.0.2:41241, 4259afd6-154d-4eca-a620-cf00c9b631aa|rpc:172.17.0.2:38675, 1f50e366-ff39-48ab-b6af-f1dfc503e25e|rpc:172.17.0.2:41473], old=null
2020-12-29 10:09:51,453 [pool-237-thread-1] INFO  server.RaftServer$Division (RaftServerImpl.java:setRole(275)) - 211ea4af-eacf-4017-9679-f845244c1f92@group-DCAE17C04CCD: changes role from      null to FOLLOWER at term 0 for startAsFollower
2020-12-29 10:09:51,453 [pool-237-thread-1] INFO  impl.RoleInfo (RoleInfo.java:updateAndGet(130)) - 211ea4af-eacf-4017-9679-f845244c1f92: start 211ea4af-eacf-4017-9679-f845244c1f92@group-DCAE17C04CCD-FollowerState
2020-12-29 10:09:51,455 [pool-237-thread-1] INFO  util.JmxRegister (JmxRegister.java:tryRegister(44)) - Successfully registered JMX Bean with object name Ratis:service=RaftServer,group=group-DCAE17C04CCD,id=211ea4af-eacf-4017-9679-f845244c1f92
2020-12-29 10:09:51,455 [pool-237-thread-1] INFO  metrics.RatisMetrics (RatisMetrics.java:lambda$create$0(36)) - Creating Metrics Registry : ratis.state_machine.211ea4af-eacf-4017-9679-f845244c1f92@group-DCAE17C04CCD
2020-12-29 10:09:51,457 [Command processor thread] INFO  metrics.RatisMetrics (RatisMetrics.java:lambda$create$0(36)) - Creating Metrics Registry : ratis.client_message_metrics.client-F77B530F6B94->4259afd6-154d-4eca-a620-cf00c9b631aa
2020-12-29 10:09:51,462 [grpc-default-executor-1] INFO  metrics.RatisMetrics (RatisMetrics.java:lambda$create$0(36)) - Creating Metrics Registry : ratis.server_message_metrics.4259afd6-154d-4eca-a620-cf00c9b631aa
2020-12-29 10:09:51,464 [grpc-default-executor-1] INFO  server.RaftServer (RaftServerProxy.java:addNew(93)) - 4259afd6-154d-4eca-a620-cf00c9b631aa: addNew group-DCAE17C04CCD:[211ea4af-eacf-4017-9679-f845244c1f92|rpc:172.17.0.2:41241|dataStream:, 4259afd6-154d-4eca-a620-cf00c9b631aa|rpc:172.17.0.2:38675|dataStream:, 1f50e366-ff39-48ab-b6af-f1dfc503e25e|rpc:172.17.0.2:41473|dataStream:] returns group-DCAE17C04CCD:java.util.concurrent.CompletableFuture@11104124[Not completed]
2020-12-29 10:09:51,465 [pool-269-thread-1] INFO  server.RaftServer$Division (RaftServerImpl.java:<init>(173)) - 4259afd6-154d-4eca-a620-cf00c9b631aa: new RaftServerImpl for group-DCAE17C04CCD:[211ea4af-eacf-4017-9679-f845244c1f92|rpc:172.17.0.2:41241|dataStream:, 4259afd6-154d-4eca-a620-cf00c9b631aa|rpc:172.17.0.2:38675|dataStream:, 1f50e366-ff39-48ab-b6af-f1dfc503e25e|rpc:172.17.0.2:41473|dataStream:] with ContainerStateMachine:uninitialized
2020-12-29 10:09:51,466 [pool-269-thread-1] INFO  server.RaftServerConfigKeys (ConfUtils.java:logGet(44)) - raft.server.rpc.timeout.min = 5s (custom)
2020-12-29 10:09:51,466 [pool-269-thread-1] INFO  server.RaftServerConfigKeys (ConfUtils.java:logGet(44)) - raft.server.rpc.timeout.max = 5200ms (custom)
2020-12-29 10:09:51,466 [pool-269-thread-1] INFO  server.RaftServerConfigKeys (ConfUtils.java:logGet(44)) - raft.server.rpc.sleep.time = 25ms (default)
2020-12-29 10:09:51,466 [pool-269-thread-1] INFO  server.RaftServerConfigKeys (ConfUtils.java:logGet(44)) - raft.server.rpc.slowness.timeout = 300s (custom)
2020-12-29 10:09:51,466 [pool-269-thread-1] INFO  server.RaftServerConfigKeys (ConfUtils.java:logGet(44)) - raft.server.leaderelection.leader.step-down.wait-time = 10s (default)
2020-12-29 10:09:51,466 [pool-269-thread-1] INFO  server.RaftServerConfigKeys (ConfUtils.java:logGet(44)) - raft.server.sleep.deviation.threshold = 300ms (default)
2020-12-29 10:09:51,467 [pool-269-thread-1] INFO  server.RaftServerConfigKeys (ConfUtils.java:logGet(44)) - raft.server.log.appender.install.snapshot.enabled = false (custom)
2020-12-29 10:09:51,467 [pool-269-thread-1] INFO  server.RaftServer$Division (ServerState.java:<init>(104)) - 4259afd6-154d-4eca-a620-cf00c9b631aa@group-DCAE17C04CCD: ConfigurationManager, init=-1: [211ea4af-eacf-4017-9679-f845244c1f92|rpc:172.17.0.2:41241|dataStream:, 4259afd6-154d-4eca-a620-cf00c9b631aa|rpc:172.17.0.2:38675|dataStream:, 1f50e366-ff39-48ab-b6af-f1dfc503e25e|rpc:172.17.0.2:41473|dataStream:], old=null, confs=<EMPTY_MAP>
2020-12-29 10:09:51,467 [pool-269-thread-1] INFO  server.RaftServerConfigKeys (ConfUtils.java:logGet(44)) - raft.server.storage.dir = [/github/workspace/mnt/ozone/hadoop-ozone/integration-test/target/test-dir/MiniOzoneClusterImpl-b1ea8c03-8e89-4df6-8609-c05021ba0f19/datanode-2/data/ratis] (custom)
2020-12-29 10:09:51,467 [pool-269-thread-1] INFO  server.RaftServerConfigKeys (ConfUtils.java:logGet(44)) - raft.server.log.corruption.policy = EXCEPTION (default)
2020-12-29 10:09:51,467 [pool-269-thread-1] INFO  storage.RaftStorageDirectory (RaftStorageDirectory.java:analyzeStorage(260)) - The storage directory /github/workspace/mnt/ozone/hadoop-ozone/integration-test/target/test-dir/MiniOzoneClusterImpl-b1ea8c03-8e89-4df6-8609-c05021ba0f19/datanode-2/data/ratis/be436cb0-5cba-4a31-9935-dcae17c04ccd does not exist. Creating ...
2020-12-29 10:09:51,468 [pool-269-thread-1] INFO  storage.RaftStorageDirectory (RaftStorageDirectory.java:tryLock(342)) - Lock on /github/workspace/mnt/ozone/hadoop-ozone/integration-test/target/test-dir/MiniOzoneClusterImpl-b1ea8c03-8e89-4df6-8609-c05021ba0f19/datanode-2/data/ratis/be436cb0-5cba-4a31-9935-dcae17c04ccd/in_use.lock acquired by nodename 1628@79669b543b4d
2020-12-29 10:09:51,470 [pool-269-thread-1] INFO  storage.RaftStorage (RaftStorage.java:format(89)) - Storage directory /github/workspace/mnt/ozone/hadoop-ozone/integration-test/target/test-dir/MiniOzoneClusterImpl-b1ea8c03-8e89-4df6-8609-c05021ba0f19/datanode-2/data/ratis/be436cb0-5cba-4a31-9935-dcae17c04ccd has been successfully formatted.
2020-12-29 10:09:51,470 [pool-269-thread-1] INFO  ratis.ContainerStateMachine (ContainerStateMachine.java:loadSnapshot(223)) - group-DCAE17C04CCD: The snapshot info is null. Setting the last applied indexto:(t:0, i:~)
2020-12-29 10:09:51,470 [pool-269-thread-1] ERROR storage.RaftStorage (RaftStorage.java:readRaftConfiguration(152)) - Failed reading configuration from file:/github/workspace/mnt/ozone/hadoop-ozone/integration-test/target/test-dir/MiniOzoneClusterImpl-b1ea8c03-8e89-4df6-8609-c05021ba0f19/datanode-2/data/ratis/be436cb0-5cba-4a31-9935-dcae17c04ccd/current/raft-meta.conf
java.io.FileNotFoundException: /github/workspace/mnt/ozone/hadoop-ozone/integration-test/target/test-dir/MiniOzoneClusterImpl-b1ea8c03-8e89-4df6-8609-c05021ba0f19/datanode-2/data/ratis/be436cb0-5cba-4a31-9935-dcae17c04ccd/current/raft-meta.conf (No such file or directory)
	at java.io.FileInputStream.open0(Native Method)
	at java.io.FileInputStream.open(FileInputStream.java:195)
	at java.io.FileInputStream.<init>(FileInputStream.java:138)
	at org.apache.ratis.server.storage.RaftStorage.readRaftConfiguration(RaftStorage.java:148)
	at org.apache.ratis.server.impl.ServerState.initStatemachine(ServerState.java:167)
	at org.apache.ratis.server.impl.ServerState.<init>(ServerState.java:112)
	at org.apache.ratis.server.impl.RaftServerImpl.<init>(RaftServerImpl.java:186)
	at org.apache.ratis.server.impl.RaftServerProxy.lambda$newRaftServerImpl$4(RaftServerProxy.java:264)
	at java.util.concurrent.CompletableFuture$AsyncSupply.run(CompletableFuture.java:1604)
	at java.util.concurrent.ThreadPoolExecutor.runWorker(ThreadPoolExecutor.java:1149)
	at java.util.concurrent.ThreadPoolExecutor$Worker.run(ThreadPoolExecutor.java:624)
	at java.lang.Thread.run(Thread.java:748)
2020-12-29 10:09:51,470 [pool-269-thread-1] INFO  server.RaftServerConfigKeys (ConfUtils.java:logGet(44)) - raft.server.notification.no-leader.timeout = 300s (custom)
2020-12-29 10:09:51,472 [pool-269-thread-1] INFO  server.RaftServerConfigKeys (ConfUtils.java:logGet(44)) - raft.server.log.use.memory = false (default)
2020-12-29 10:09:51,472 [pool-269-thread-1] INFO  server.RaftServerConfigKeys (ConfUtils.java:logGet(44)) - raft.server.log.purge.gap = 1000000 (custom)
2020-12-29 10:09:51,471 [EventQueue-PipelineReportForOneReplicaPipelineSafeModeRule] INFO  safemode.SCMSafeModeManager (SCMSafeModeManager.java:validateSafeModeExitRules(214)) - AtleastOneDatanodeReportedRule rule is successfully validated
2020-12-29 10:09:51,472 [pool-269-thread-1] INFO  metrics.RatisMetrics (RatisMetrics.java:lambda$create$0(36)) - Creating Metrics Registry : ratis.log_worker.4259afd6-154d-4eca-a620-cf00c9b631aa@group-DCAE17C04CCD
2020-12-29 10:09:51,473 [pool-269-thread-1] INFO  server.RaftServerConfigKeys (ConfUtils.java:logGet(44)) - raft.server.log.appender.buffer.byte-limit = 33554432 (custom)
2020-12-29 10:09:51,474 [pool-269-thread-1] INFO  server.RaftServerConfigKeys (ConfUtils.java:logGet(44)) - raft.server.log.segment.size.max = 1048576 (custom)
2020-12-29 10:09:51,475 [pool-269-thread-1] INFO  server.RaftServerConfigKeys (ConfUtils.java:logGet(44)) - raft.server.log.segment.cache.num.max = 2 (custom)
2020-12-29 10:09:51,475 [pool-269-thread-1] INFO  server.RaftServerConfigKeys (ConfUtils.java:logGet(44)) - raft.server.log.segment.cache.size.max = 200MB (=209715200) (default)
2020-12-29 10:09:51,475 [pool-269-thread-1] INFO  segmented.SegmentedRaftLogWorker (SegmentedRaftLogWorker.java:<init>(181)) - new 4259afd6-154d-4eca-a620-cf00c9b631aa@group-DCAE17C04CCD-SegmentedRaftLogWorker for RaftStorage:Storage Directory /github/workspace/mnt/ozone/hadoop-ozone/integration-test/target/test-dir/MiniOzoneClusterImpl-b1ea8c03-8e89-4df6-8609-c05021ba0f19/datanode-2/data/ratis/be436cb0-5cba-4a31-9935-dcae17c04ccd
2020-12-29 10:09:51,475 [pool-269-thread-1] INFO  server.RaftServerConfigKeys (ConfUtils.java:logGet(44)) - raft.server.log.queue.byte-limit = 2147483647 (custom)
2020-12-29 10:09:51,475 [pool-269-thread-1] INFO  server.RaftServerConfigKeys (ConfUtils.java:logGet(44)) - raft.server.log.queue.element-limit = 1024 (custom)
2020-12-29 10:09:51,475 [pool-269-thread-1] INFO  server.RaftServerConfigKeys (ConfUtils.java:logGet(44)) - raft.server.log.segment.size.max = 1048576 (custom)
2020-12-29 10:09:51,475 [pool-269-thread-1] INFO  server.RaftServerConfigKeys (ConfUtils.java:logGet(44)) - raft.server.log.preallocated.size = 16384 (custom)
2020-12-29 10:09:51,476 [pool-269-thread-1] INFO  server.RaftServerConfigKeys (ConfUtils.java:logGet(44)) - raft.server.log.force.sync.num = 128 (default)
2020-12-29 10:09:51,476 [pool-269-thread-1] INFO  server.RaftServerConfigKeys (ConfUtils.java:logGet(44)) - raft.server.log.statemachine.data.sync = true (default)
2020-12-29 10:09:51,476 [pool-269-thread-1] INFO  server.RaftServerConfigKeys (ConfUtils.java:logGet(44)) - raft.server.log.statemachine.data.sync.timeout = 10s (default)
2020-12-29 10:09:51,476 [pool-269-thread-1] INFO  server.RaftServerConfigKeys (ConfUtils.java:logGet(44)) - raft.server.log.statemachine.data.sync.timeout.retry = -1 (default)
2020-12-29 10:09:51,477 [pool-269-thread-1] INFO  server.RaftServerConfigKeys (ConfUtils.java:logGet(44)) - raft.server.log.write.buffer.size = 1048576 (custom)
2020-12-29 10:09:51,478 [pool-269-thread-1] INFO  server.RaftServerConfigKeys (ConfUtils.java:logGet(44)) - raft.server.log.statemachine.data.caching.enabled = true (custom)
2020-12-29 10:09:51,478 [pool-269-thread-1] INFO  segmented.SegmentedRaftLogWorker (SegmentedRaftLogWorker.java:lambda$new$0(132)) - 4259afd6-154d-4eca-a620-cf00c9b631aa@group-DCAE17C04CCD-SegmentedRaftLogWorker: flushIndex: setUnconditionally 0 -> -1
2020-12-29 10:09:51,478 [pool-269-thread-1] INFO  segmented.SegmentedRaftLogWorker (SegmentedRaftLogWorker.java:lambda$new$0(132)) - 4259afd6-154d-4eca-a620-cf00c9b631aa@group-DCAE17C04CCD-SegmentedRaftLogWorker: safeCacheEvictIndex: setUnconditionally 0 -> -1
2020-12-29 10:09:51,478 [pool-269-thread-1] INFO  server.RaftServerConfigKeys (ConfUtils.java:logGet(44)) - raft.server.snapshot.auto.trigger.enabled = true (custom)
2020-12-29 10:09:51,478 [pool-269-thread-1] INFO  server.RaftServerConfigKeys (ConfUtils.java:logGet(44)) - raft.server.snapshot.auto.trigger.threshold = 10000 (custom)
2020-12-29 10:09:51,478 [pool-269-thread-1] INFO  server.RaftServerConfigKeys (ConfUtils.java:logGet(44)) - raft.server.snapshot.retention.file.num = 5 (custom)
2020-12-29 10:09:51,478 [pool-269-thread-1] INFO  server.RaftServerConfigKeys (ConfUtils.java:logGet(44)) - raft.server.log.purge.upto.snapshot.index = false (default)
2020-12-29 10:09:51,478 [pool-269-thread-1] INFO  server.RaftServerConfigKeys (ConfUtils.java:logGet(44)) - raft.server.retrycache.expirytime = 600000ms (custom)
2020-12-29 10:09:51,478 [pool-269-thread-1] INFO  server.RaftServerConfigKeys (ConfUtils.java:logGet(44)) - raft.server.retrycache.statistics.expirytime = 100?s (default)
2020-12-29 10:09:51,479 [pool-269-thread-1] INFO  metrics.RatisMetrics (RatisMetrics.java:lambda$create$0(36)) - Creating Metrics Registry : ratis.leader_election.4259afd6-154d-4eca-a620-cf00c9b631aa@group-DCAE17C04CCD
2020-12-29 10:09:51,480 [pool-269-thread-1] INFO  metrics.RatisMetrics (RatisMetrics.java:lambda$create$0(36)) - Creating Metrics Registry : ratis.server.4259afd6-154d-4eca-a620-cf00c9b631aa@group-DCAE17C04CCD
2020-12-29 10:09:51,482 [pool-269-thread-1] INFO  server.RaftServer$Division (RaftServerImpl.java:start(286)) - 4259afd6-154d-4eca-a620-cf00c9b631aa@group-DCAE17C04CCD: start as a follower, conf=-1: [211ea4af-eacf-4017-9679-f845244c1f92|rpc:172.17.0.2:41241|dataStream:, 4259afd6-154d-4eca-a620-cf00c9b631aa|rpc:172.17.0.2:38675|dataStream:, 1f50e366-ff39-48ab-b6af-f1dfc503e25e|rpc:172.17.0.2:41473|dataStream:], old=null
2020-12-29 10:09:51,482 [pool-269-thread-1] INFO  server.RaftServer$Division (RaftServerImpl.java:setRole(275)) - 4259afd6-154d-4eca-a620-cf00c9b631aa@group-DCAE17C04CCD: changes role from      null to FOLLOWER at term 0 for startAsFollower
2020-12-29 10:09:51,482 [pool-269-thread-1] INFO  impl.RoleInfo (RoleInfo.java:updateAndGet(130)) - 4259afd6-154d-4eca-a620-cf00c9b631aa: start 4259afd6-154d-4eca-a620-cf00c9b631aa@group-DCAE17C04CCD-FollowerState
2020-12-29 10:09:51,482 [pool-269-thread-1] INFO  util.JmxRegister (JmxRegister.java:tryRegister(44)) - Successfully registered JMX Bean with object name Ratis:service=RaftServer,group=group-DCAE17C04CCD,id=4259afd6-154d-4eca-a620-cf00c9b631aa
2020-12-29 10:09:51,482 [pool-269-thread-1] INFO  metrics.RatisMetrics (RatisMetrics.java:lambda$create$0(36)) - Creating Metrics Registry : ratis.state_machine.4259afd6-154d-4eca-a620-cf00c9b631aa@group-DCAE17C04CCD
2020-12-29 10:09:51,490 [Command processor thread] INFO  metrics.RatisMetrics (RatisMetrics.java:lambda$create$0(36)) - Creating Metrics Registry : ratis.client_message_metrics.client-C5D32F9CCF11->1f50e366-ff39-48ab-b6af-f1dfc503e25e
2020-12-29 10:09:51,498 [grpc-default-executor-1] INFO  metrics.RatisMetrics (RatisMetrics.java:lambda$create$0(36)) - Creating Metrics Registry : ratis.server_message_metrics.1f50e366-ff39-48ab-b6af-f1dfc503e25e
2020-12-29 10:09:51,504 [grpc-default-executor-1] INFO  server.RaftServer (RaftServerProxy.java:addNew(93)) - 1f50e366-ff39-48ab-b6af-f1dfc503e25e: addNew group-DCAE17C04CCD:[211ea4af-eacf-4017-9679-f845244c1f92|rpc:172.17.0.2:41241|dataStream:, 4259afd6-154d-4eca-a620-cf00c9b631aa|rpc:172.17.0.2:38675|dataStream:, 1f50e366-ff39-48ab-b6af-f1dfc503e25e|rpc:172.17.0.2:41473|dataStream:] returns group-DCAE17C04CCD:java.util.concurrent.CompletableFuture@3294a187[Not completed]
2020-12-29 10:09:51,512 [pool-253-thread-1] INFO  server.RaftServer$Division (RaftServerImpl.java:<init>(173)) - 1f50e366-ff39-48ab-b6af-f1dfc503e25e: new RaftServerImpl for group-DCAE17C04CCD:[211ea4af-eacf-4017-9679-f845244c1f92|rpc:172.17.0.2:41241|dataStream:, 4259afd6-154d-4eca-a620-cf00c9b631aa|rpc:172.17.0.2:38675|dataStream:, 1f50e366-ff39-48ab-b6af-f1dfc503e25e|rpc:172.17.0.2:41473|dataStream:] with ContainerStateMachine:uninitialized
2020-12-29 10:09:51,513 [pool-253-thread-1] INFO  server.RaftServerConfigKeys (ConfUtils.java:logGet(44)) - raft.server.rpc.timeout.min = 5s (custom)
2020-12-29 10:09:51,513 [pool-253-thread-1] INFO  server.RaftServerConfigKeys (ConfUtils.java:logGet(44)) - raft.server.rpc.timeout.max = 5200ms (custom)
2020-12-29 10:09:51,513 [pool-253-thread-1] INFO  server.RaftServerConfigKeys (ConfUtils.java:logGet(44)) - raft.server.rpc.sleep.time = 25ms (default)
2020-12-29 10:09:51,513 [pool-253-thread-1] INFO  server.RaftServerConfigKeys (ConfUtils.java:logGet(44)) - raft.server.rpc.slowness.timeout = 300s (custom)
2020-12-29 10:09:51,513 [pool-253-thread-1] INFO  server.RaftServerConfigKeys (ConfUtils.java:logGet(44)) - raft.server.leaderelection.leader.step-down.wait-time = 10s (default)
2020-12-29 10:09:51,513 [pool-253-thread-1] INFO  server.RaftServerConfigKeys (ConfUtils.java:logGet(44)) - raft.server.sleep.deviation.threshold = 300ms (default)
2020-12-29 10:09:51,513 [pool-253-thread-1] INFO  server.RaftServerConfigKeys (ConfUtils.java:logGet(44)) - raft.server.log.appender.install.snapshot.enabled = false (custom)
2020-12-29 10:09:51,514 [pool-253-thread-1] INFO  server.RaftServer$Division (ServerState.java:<init>(104)) - 1f50e366-ff39-48ab-b6af-f1dfc503e25e@group-DCAE17C04CCD: ConfigurationManager, init=-1: [211ea4af-eacf-4017-9679-f845244c1f92|rpc:172.17.0.2:41241|dataStream:, 4259afd6-154d-4eca-a620-cf00c9b631aa|rpc:172.17.0.2:38675|dataStream:, 1f50e366-ff39-48ab-b6af-f1dfc503e25e|rpc:172.17.0.2:41473|dataStream:], old=null, confs=<EMPTY_MAP>
2020-12-29 10:09:51,514 [pool-253-thread-1] INFO  server.RaftServerConfigKeys (ConfUtils.java:logGet(44)) - raft.server.storage.dir = [/github/workspace/mnt/ozone/hadoop-ozone/integration-test/target/test-dir/MiniOzoneClusterImpl-b1ea8c03-8e89-4df6-8609-c05021ba0f19/datanode-1/data/ratis] (custom)
2020-12-29 10:09:51,514 [pool-253-thread-1] INFO  server.RaftServerConfigKeys (ConfUtils.java:logGet(44)) - raft.server.log.corruption.policy = EXCEPTION (default)
2020-12-29 10:09:51,514 [pool-253-thread-1] INFO  storage.RaftStorageDirectory (RaftStorageDirectory.java:analyzeStorage(260)) - The storage directory /github/workspace/mnt/ozone/hadoop-ozone/integration-test/target/test-dir/MiniOzoneClusterImpl-b1ea8c03-8e89-4df6-8609-c05021ba0f19/datanode-1/data/ratis/be436cb0-5cba-4a31-9935-dcae17c04ccd does not exist. Creating ...
2020-12-29 10:09:51,517 [pool-253-thread-1] INFO  storage.RaftStorageDirectory (RaftStorageDirectory.java:tryLock(342)) - Lock on /github/workspace/mnt/ozone/hadoop-ozone/integration-test/target/test-dir/MiniOzoneClusterImpl-b1ea8c03-8e89-4df6-8609-c05021ba0f19/datanode-1/data/ratis/be436cb0-5cba-4a31-9935-dcae17c04ccd/in_use.lock acquired by nodename 1628@79669b543b4d
2020-12-29 10:09:51,518 [pool-253-thread-1] INFO  storage.RaftStorage (RaftStorage.java:format(89)) - Storage directory /github/workspace/mnt/ozone/hadoop-ozone/integration-test/target/test-dir/MiniOzoneClusterImpl-b1ea8c03-8e89-4df6-8609-c05021ba0f19/datanode-1/data/ratis/be436cb0-5cba-4a31-9935-dcae17c04ccd has been successfully formatted.
2020-12-29 10:09:51,519 [pool-253-thread-1] INFO  ratis.ContainerStateMachine (ContainerStateMachine.java:loadSnapshot(223)) - group-DCAE17C04CCD: The snapshot info is null. Setting the last applied indexto:(t:0, i:~)
2020-12-29 10:09:51,519 [pool-253-thread-1] ERROR storage.RaftStorage (RaftStorage.java:readRaftConfiguration(152)) - Failed reading configuration from file:/github/workspace/mnt/ozone/hadoop-ozone/integration-test/target/test-dir/MiniOzoneClusterImpl-b1ea8c03-8e89-4df6-8609-c05021ba0f19/datanode-1/data/ratis/be436cb0-5cba-4a31-9935-dcae17c04ccd/current/raft-meta.conf
java.io.FileNotFoundException: /github/workspace/mnt/ozone/hadoop-ozone/integration-test/target/test-dir/MiniOzoneClusterImpl-b1ea8c03-8e89-4df6-8609-c05021ba0f19/datanode-1/data/ratis/be436cb0-5cba-4a31-9935-dcae17c04ccd/current/raft-meta.conf (No such file or directory)
	at java.io.FileInputStream.open0(Native Method)
	at java.io.FileInputStream.open(FileInputStream.java:195)
	at java.io.FileInputStream.<init>(FileInputStream.java:138)
	at org.apache.ratis.server.storage.RaftStorage.readRaftConfiguration(RaftStorage.java:148)
	at org.apache.ratis.server.impl.ServerState.initStatemachine(ServerState.java:167)
	at org.apache.ratis.server.impl.ServerState.<init>(ServerState.java:112)
	at org.apache.ratis.server.impl.RaftServerImpl.<init>(RaftServerImpl.java:186)
	at org.apache.ratis.server.impl.RaftServerProxy.lambda$newRaftServerImpl$4(RaftServerProxy.java:264)
	at java.util.concurrent.CompletableFuture$AsyncSupply.run(CompletableFuture.java:1604)
	at java.util.concurrent.ThreadPoolExecutor.runWorker(ThreadPoolExecutor.java:1149)
	at java.util.concurrent.ThreadPoolExecutor$Worker.run(ThreadPoolExecutor.java:624)
	at java.lang.Thread.run(Thread.java:748)
2020-12-29 10:09:51,519 [pool-253-thread-1] INFO  server.RaftServerConfigKeys (ConfUtils.java:logGet(44)) - raft.server.notification.no-leader.timeout = 300s (custom)
2020-12-29 10:09:51,519 [pool-253-thread-1] INFO  server.RaftServerConfigKeys (ConfUtils.java:logGet(44)) - raft.server.log.use.memory = false (default)
2020-12-29 10:09:51,520 [EventQueue-PipelineReportForOneReplicaPipelineSafeModeRule] INFO  safemode.SCMSafeModeManager (SCMSafeModeManager.java:validateSafeModeExitRules(214)) - AtleastOneDatanodeReportedRule rule is successfully validated
2020-12-29 10:09:51,520 [pool-253-thread-1] INFO  server.RaftServerConfigKeys (ConfUtils.java:logGet(44)) - raft.server.log.purge.gap = 1000000 (custom)
2020-12-29 10:09:51,520 [pool-253-thread-1] INFO  metrics.RatisMetrics (RatisMetrics.java:lambda$create$0(36)) - Creating Metrics Registry : ratis.log_worker.1f50e366-ff39-48ab-b6af-f1dfc503e25e@group-DCAE17C04CCD
2020-12-29 10:09:51,520 [pool-253-thread-1] INFO  server.RaftServerConfigKeys (ConfUtils.java:logGet(44)) - raft.server.log.appender.buffer.byte-limit = 33554432 (custom)
2020-12-29 10:09:51,520 [pool-253-thread-1] INFO  server.RaftServerConfigKeys (ConfUtils.java:logGet(44)) - raft.server.log.segment.size.max = 1048576 (custom)
2020-12-29 10:09:51,521 [Listener at 127.0.0.1/41413] INFO  ozone.MiniOzoneClusterImpl (MiniOzoneClusterImpl.java:lambda$waitForClusterToBeReady$0(178)) - Nodes are ready. Got 6 of 6 DN Heartbeats.
2020-12-29 10:09:51,521 [Listener at 127.0.0.1/41413] INFO  ozone.MiniOzoneClusterImpl (MiniOzoneClusterImpl.java:lambda$waitForClusterToBeReady$0(181)) - Waiting for cluster to exit safe mode
2020-12-29 10:09:51,521 [pool-253-thread-1] INFO  server.RaftServerConfigKeys (ConfUtils.java:logGet(44)) - raft.server.log.segment.cache.num.max = 2 (custom)
2020-12-29 10:09:51,521 [pool-253-thread-1] INFO  server.RaftServerConfigKeys (ConfUtils.java:logGet(44)) - raft.server.log.segment.cache.size.max = 200MB (=209715200) (default)
2020-12-29 10:09:51,521 [pool-253-thread-1] INFO  segmented.SegmentedRaftLogWorker (SegmentedRaftLogWorker.java:<init>(181)) - new 1f50e366-ff39-48ab-b6af-f1dfc503e25e@group-DCAE17C04CCD-SegmentedRaftLogWorker for RaftStorage:Storage Directory /github/workspace/mnt/ozone/hadoop-ozone/integration-test/target/test-dir/MiniOzoneClusterImpl-b1ea8c03-8e89-4df6-8609-c05021ba0f19/datanode-1/data/ratis/be436cb0-5cba-4a31-9935-dcae17c04ccd
2020-12-29 10:09:51,521 [pool-253-thread-1] INFO  server.RaftServerConfigKeys (ConfUtils.java:logGet(44)) - raft.server.log.queue.byte-limit = 2147483647 (custom)
2020-12-29 10:09:51,522 [pool-253-thread-1] INFO  server.RaftServerConfigKeys (ConfUtils.java:logGet(44)) - raft.server.log.queue.element-limit = 1024 (custom)
2020-12-29 10:09:51,522 [pool-253-thread-1] INFO  server.RaftServerConfigKeys (ConfUtils.java:logGet(44)) - raft.server.log.segment.size.max = 1048576 (custom)
2020-12-29 10:09:51,522 [pool-253-thread-1] INFO  server.RaftServerConfigKeys (ConfUtils.java:logGet(44)) - raft.server.log.preallocated.size = 16384 (custom)
2020-12-29 10:09:51,522 [pool-253-thread-1] INFO  server.RaftServerConfigKeys (ConfUtils.java:logGet(44)) - raft.server.log.force.sync.num = 128 (default)
2020-12-29 10:09:51,522 [pool-253-thread-1] INFO  server.RaftServerConfigKeys (ConfUtils.java:logGet(44)) - raft.server.log.statemachine.data.sync = true (default)
2020-12-29 10:09:51,522 [pool-253-thread-1] INFO  server.RaftServerConfigKeys (ConfUtils.java:logGet(44)) - raft.server.log.statemachine.data.sync.timeout = 10s (default)
2020-12-29 10:09:51,522 [pool-253-thread-1] INFO  server.RaftServerConfigKeys (ConfUtils.java:logGet(44)) - raft.server.log.statemachine.data.sync.timeout.retry = -1 (default)
2020-12-29 10:09:51,523 [pool-253-thread-1] INFO  server.RaftServerConfigKeys (ConfUtils.java:logGet(44)) - raft.server.log.write.buffer.size = 1048576 (custom)
2020-12-29 10:09:51,523 [pool-253-thread-1] INFO  server.RaftServerConfigKeys (ConfUtils.java:logGet(44)) - raft.server.log.statemachine.data.caching.enabled = true (custom)
2020-12-29 10:09:51,523 [pool-253-thread-1] INFO  segmented.SegmentedRaftLogWorker (SegmentedRaftLogWorker.java:lambda$new$0(132)) - 1f50e366-ff39-48ab-b6af-f1dfc503e25e@group-DCAE17C04CCD-SegmentedRaftLogWorker: flushIndex: setUnconditionally 0 -> -1
2020-12-29 10:09:51,523 [pool-253-thread-1] INFO  segmented.SegmentedRaftLogWorker (SegmentedRaftLogWorker.java:lambda$new$0(132)) - 1f50e366-ff39-48ab-b6af-f1dfc503e25e@group-DCAE17C04CCD-SegmentedRaftLogWorker: safeCacheEvictIndex: setUnconditionally 0 -> -1
2020-12-29 10:09:51,531 [pool-253-thread-1] INFO  server.RaftServerConfigKeys (ConfUtils.java:logGet(44)) - raft.server.snapshot.auto.trigger.enabled = true (custom)
2020-12-29 10:09:51,531 [pool-253-thread-1] INFO  server.RaftServerConfigKeys (ConfUtils.java:logGet(44)) - raft.server.snapshot.auto.trigger.threshold = 10000 (custom)
2020-12-29 10:09:51,531 [pool-253-thread-1] INFO  server.RaftServerConfigKeys (ConfUtils.java:logGet(44)) - raft.server.snapshot.retention.file.num = 5 (custom)
2020-12-29 10:09:51,531 [pool-253-thread-1] INFO  server.RaftServerConfigKeys (ConfUtils.java:logGet(44)) - raft.server.log.purge.upto.snapshot.index = false (default)
2020-12-29 10:09:51,531 [pool-253-thread-1] INFO  server.RaftServerConfigKeys (ConfUtils.java:logGet(44)) - raft.server.retrycache.expirytime = 600000ms (custom)
2020-12-29 10:09:51,531 [pool-253-thread-1] INFO  server.RaftServerConfigKeys (ConfUtils.java:logGet(44)) - raft.server.retrycache.statistics.expirytime = 100?s (default)
2020-12-29 10:09:51,531 [pool-253-thread-1] INFO  metrics.RatisMetrics (RatisMetrics.java:lambda$create$0(36)) - Creating Metrics Registry : ratis.leader_election.1f50e366-ff39-48ab-b6af-f1dfc503e25e@group-DCAE17C04CCD
2020-12-29 10:09:51,532 [pool-253-thread-1] INFO  metrics.RatisMetrics (RatisMetrics.java:lambda$create$0(36)) - Creating Metrics Registry : ratis.server.1f50e366-ff39-48ab-b6af-f1dfc503e25e@group-DCAE17C04CCD
2020-12-29 10:09:51,532 [EventQueue-PipelineReportForOneReplicaPipelineSafeModeRule] INFO  safemode.SCMSafeModeManager (SCMSafeModeManager.java:validateSafeModeExitRules(214)) - AtleastOneDatanodeReportedRule rule is successfully validated
2020-12-29 10:09:51,533 [pool-253-thread-1] INFO  server.RaftServer$Division (RaftServerImpl.java:start(286)) - 1f50e366-ff39-48ab-b6af-f1dfc503e25e@group-DCAE17C04CCD: start as a follower, conf=-1: [211ea4af-eacf-4017-9679-f845244c1f92|rpc:172.17.0.2:41241|dataStream:, 4259afd6-154d-4eca-a620-cf00c9b631aa|rpc:172.17.0.2:38675|dataStream:, 1f50e366-ff39-48ab-b6af-f1dfc503e25e|rpc:172.17.0.2:41473|dataStream:], old=null
2020-12-29 10:09:51,533 [pool-253-thread-1] INFO  server.RaftServer$Division (RaftServerImpl.java:setRole(275)) - 1f50e366-ff39-48ab-b6af-f1dfc503e25e@group-DCAE17C04CCD: changes role from      null to FOLLOWER at term 0 for startAsFollower
2020-12-29 10:09:51,533 [pool-253-thread-1] INFO  impl.RoleInfo (RoleInfo.java:updateAndGet(130)) - 1f50e366-ff39-48ab-b6af-f1dfc503e25e: start 1f50e366-ff39-48ab-b6af-f1dfc503e25e@group-DCAE17C04CCD-FollowerState
2020-12-29 10:09:51,534 [pool-253-thread-1] INFO  util.JmxRegister (JmxRegister.java:tryRegister(44)) - Successfully registered JMX Bean with object name Ratis:service=RaftServer,group=group-DCAE17C04CCD,id=1f50e366-ff39-48ab-b6af-f1dfc503e25e
2020-12-29 10:09:51,534 [pool-253-thread-1] INFO  metrics.RatisMetrics (RatisMetrics.java:lambda$create$0(36)) - Creating Metrics Registry : ratis.state_machine.1f50e366-ff39-48ab-b6af-f1dfc503e25e@group-DCAE17C04CCD
2020-12-29 10:09:51,538 [Command processor thread] INFO  commandhandler.CreatePipelineCommandHandler (CreatePipelineCommandHandler.java:handle(106)) - Created Pipeline RATIS THREE PipelineID=be436cb0-5cba-4a31-9935-dcae17c04ccd.
2020-12-29 10:09:51,630 [Command processor thread] INFO  server.RaftServer (RaftServerProxy.java:addNew(93)) - 1f50e366-ff39-48ab-b6af-f1dfc503e25e: addNew group-B7CC0A01BF5F:[1f50e366-ff39-48ab-b6af-f1dfc503e25e|rpc:172.17.0.2:41473] returns group-B7CC0A01BF5F:java.util.concurrent.CompletableFuture@4ffab541[Not completed]
2020-12-29 10:09:51,632 [pool-253-thread-1] INFO  server.RaftServer$Division (RaftServerImpl.java:<init>(173)) - 1f50e366-ff39-48ab-b6af-f1dfc503e25e: new RaftServerImpl for group-B7CC0A01BF5F:[1f50e366-ff39-48ab-b6af-f1dfc503e25e|rpc:172.17.0.2:41473] with ContainerStateMachine:uninitialized
2020-12-29 10:09:51,632 [pool-253-thread-1] INFO  server.RaftServerConfigKeys (ConfUtils.java:logGet(44)) - raft.server.rpc.timeout.min = 5s (custom)
2020-12-29 10:09:51,632 [pool-253-thread-1] INFO  server.RaftServerConfigKeys (ConfUtils.java:logGet(44)) - raft.server.rpc.timeout.max = 5200ms (custom)
2020-12-29 10:09:51,632 [pool-253-thread-1] INFO  server.RaftServerConfigKeys (ConfUtils.java:logGet(44)) - raft.server.rpc.sleep.time = 25ms (default)
2020-12-29 10:09:51,632 [pool-253-thread-1] INFO  server.RaftServerConfigKeys (ConfUtils.java:logGet(44)) - raft.server.rpc.slowness.timeout = 300s (custom)
2020-12-29 10:09:51,632 [pool-253-thread-1] INFO  server.RaftServerConfigKeys (ConfUtils.java:logGet(44)) - raft.server.leaderelection.leader.step-down.wait-time = 10s (default)
2020-12-29 10:09:51,632 [pool-253-thread-1] INFO  server.RaftServerConfigKeys (ConfUtils.java:logGet(44)) - raft.server.sleep.deviation.threshold = 300ms (default)
2020-12-29 10:09:51,632 [pool-253-thread-1] INFO  server.RaftServerConfigKeys (ConfUtils.java:logGet(44)) - raft.server.log.appender.install.snapshot.enabled = false (custom)
2020-12-29 10:09:51,633 [pool-253-thread-1] INFO  server.RaftServer$Division (ServerState.java:<init>(104)) - 1f50e366-ff39-48ab-b6af-f1dfc503e25e@group-B7CC0A01BF5F: ConfigurationManager, init=-1: [1f50e366-ff39-48ab-b6af-f1dfc503e25e|rpc:172.17.0.2:41473], old=null, confs=<EMPTY_MAP>
2020-12-29 10:09:51,633 [pool-253-thread-1] INFO  server.RaftServerConfigKeys (ConfUtils.java:logGet(44)) - raft.server.storage.dir = [/github/workspace/mnt/ozone/hadoop-ozone/integration-test/target/test-dir/MiniOzoneClusterImpl-b1ea8c03-8e89-4df6-8609-c05021ba0f19/datanode-1/data/ratis] (custom)
2020-12-29 10:09:51,633 [pool-253-thread-1] INFO  server.RaftServerConfigKeys (ConfUtils.java:logGet(44)) - raft.server.log.corruption.policy = EXCEPTION (default)
2020-12-29 10:09:51,633 [pool-253-thread-1] INFO  storage.RaftStorageDirectory (RaftStorageDirectory.java:analyzeStorage(260)) - The storage directory /github/workspace/mnt/ozone/hadoop-ozone/integration-test/target/test-dir/MiniOzoneClusterImpl-b1ea8c03-8e89-4df6-8609-c05021ba0f19/datanode-1/data/ratis/446ab009-3380-42be-b246-b7cc0a01bf5f does not exist. Creating ...
2020-12-29 10:09:51,634 [pool-253-thread-1] INFO  storage.RaftStorageDirectory (RaftStorageDirectory.java:tryLock(342)) - Lock on /github/workspace/mnt/ozone/hadoop-ozone/integration-test/target/test-dir/MiniOzoneClusterImpl-b1ea8c03-8e89-4df6-8609-c05021ba0f19/datanode-1/data/ratis/446ab009-3380-42be-b246-b7cc0a01bf5f/in_use.lock acquired by nodename 1628@79669b543b4d
2020-12-29 10:09:51,636 [pool-253-thread-1] INFO  storage.RaftStorage (RaftStorage.java:format(89)) - Storage directory /github/workspace/mnt/ozone/hadoop-ozone/integration-test/target/test-dir/MiniOzoneClusterImpl-b1ea8c03-8e89-4df6-8609-c05021ba0f19/datanode-1/data/ratis/446ab009-3380-42be-b246-b7cc0a01bf5f has been successfully formatted.
2020-12-29 10:09:51,636 [pool-253-thread-1] INFO  ratis.ContainerStateMachine (ContainerStateMachine.java:loadSnapshot(223)) - group-B7CC0A01BF5F: The snapshot info is null. Setting the last applied indexto:(t:0, i:~)
2020-12-29 10:09:51,636 [pool-253-thread-1] ERROR storage.RaftStorage (RaftStorage.java:readRaftConfiguration(152)) - Failed reading configuration from file:/github/workspace/mnt/ozone/hadoop-ozone/integration-test/target/test-dir/MiniOzoneClusterImpl-b1ea8c03-8e89-4df6-8609-c05021ba0f19/datanode-1/data/ratis/446ab009-3380-42be-b246-b7cc0a01bf5f/current/raft-meta.conf
java.io.FileNotFoundException: /github/workspace/mnt/ozone/hadoop-ozone/integration-test/target/test-dir/MiniOzoneClusterImpl-b1ea8c03-8e89-4df6-8609-c05021ba0f19/datanode-1/data/ratis/446ab009-3380-42be-b246-b7cc0a01bf5f/current/raft-meta.conf (No such file or directory)
	at java.io.FileInputStream.open0(Native Method)
	at java.io.FileInputStream.open(FileInputStream.java:195)
	at java.io.FileInputStream.<init>(FileInputStream.java:138)
	at org.apache.ratis.server.storage.RaftStorage.readRaftConfiguration(RaftStorage.java:148)
	at org.apache.ratis.server.impl.ServerState.initStatemachine(ServerState.java:167)
	at org.apache.ratis.server.impl.ServerState.<init>(ServerState.java:112)
	at org.apache.ratis.server.impl.RaftServerImpl.<init>(RaftServerImpl.java:186)
	at org.apache.ratis.server.impl.RaftServerProxy.lambda$newRaftServerImpl$4(RaftServerProxy.java:264)
	at java.util.concurrent.CompletableFuture$AsyncSupply.run(CompletableFuture.java:1604)
	at java.util.concurrent.ThreadPoolExecutor.runWorker(ThreadPoolExecutor.java:1149)
	at java.util.concurrent.ThreadPoolExecutor$Worker.run(ThreadPoolExecutor.java:624)
	at java.lang.Thread.run(Thread.java:748)
2020-12-29 10:09:51,639 [pool-253-thread-1] INFO  server.RaftServerConfigKeys (ConfUtils.java:logGet(44)) - raft.server.notification.no-leader.timeout = 300s (custom)
2020-12-29 10:09:51,639 [EventQueue-PipelineReportForOneReplicaPipelineSafeModeRule] INFO  safemode.SCMSafeModeManager (SCMSafeModeManager.java:validateSafeModeExitRules(214)) - AtleastOneDatanodeReportedRule rule is successfully validated
2020-12-29 10:09:51,639 [EventQueue-PipelineReportForPipelineReportHandler] INFO  pipeline.PipelineStateManager (PipelineStateManager.java:openPipeline(132)) - Pipeline Pipeline[ Id: 446ab009-3380-42be-b246-b7cc0a01bf5f, Nodes: 1f50e366-ff39-48ab-b6af-f1dfc503e25e{ip: 172.17.0.2, host: 79669b543b4d, networkLocation: /default-rack, certSerialId: null, persistedOpState: IN_SERVICE, persistedOpStateExpiryEpochSec: 0}, Type:RATIS, Factor:ONE, State:ALLOCATED, leaderId:1f50e366-ff39-48ab-b6af-f1dfc503e25e, CreationTimestamp2020-12-29T10:09:48.634Z] moved to OPEN state
2020-12-29 10:09:51,639 [pool-253-thread-1] INFO  server.RaftServerConfigKeys (ConfUtils.java:logGet(44)) - raft.server.log.use.memory = false (default)
2020-12-29 10:09:51,640 [pool-253-thread-1] INFO  server.RaftServerConfigKeys (ConfUtils.java:logGet(44)) - raft.server.log.purge.gap = 1000000 (custom)
2020-12-29 10:09:51,640 [EventQueue-OpenPipelineForHealthyPipelineSafeModeRule] INFO  safemode.SCMSafeModeManager (HealthyPipelineSafeModeRule.java:process(128)) - SCM in safe mode. Healthy pipelines reported count is 0, required healthy pipeline reported count is 1
2020-12-29 10:09:51,644 [pool-253-thread-1] INFO  metrics.RatisMetrics (RatisMetrics.java:lambda$create$0(36)) - Creating Metrics Registry : ratis.log_worker.1f50e366-ff39-48ab-b6af-f1dfc503e25e@group-B7CC0A01BF5F
2020-12-29 10:09:51,644 [pool-253-thread-1] INFO  server.RaftServerConfigKeys (ConfUtils.java:logGet(44)) - raft.server.log.appender.buffer.byte-limit = 33554432 (custom)
2020-12-29 10:09:51,644 [pool-253-thread-1] INFO  server.RaftServerConfigKeys (ConfUtils.java:logGet(44)) - raft.server.log.segment.size.max = 1048576 (custom)
2020-12-29 10:09:51,645 [pool-253-thread-1] INFO  server.RaftServerConfigKeys (ConfUtils.java:logGet(44)) - raft.server.log.segment.cache.num.max = 2 (custom)
2020-12-29 10:09:51,645 [pool-253-thread-1] INFO  server.RaftServerConfigKeys (ConfUtils.java:logGet(44)) - raft.server.log.segment.cache.size.max = 200MB (=209715200) (default)
2020-12-29 10:09:51,645 [pool-253-thread-1] INFO  segmented.SegmentedRaftLogWorker (SegmentedRaftLogWorker.java:<init>(181)) - new 1f50e366-ff39-48ab-b6af-f1dfc503e25e@group-B7CC0A01BF5F-SegmentedRaftLogWorker for RaftStorage:Storage Directory /github/workspace/mnt/ozone/hadoop-ozone/integration-test/target/test-dir/MiniOzoneClusterImpl-b1ea8c03-8e89-4df6-8609-c05021ba0f19/datanode-1/data/ratis/446ab009-3380-42be-b246-b7cc0a01bf5f
2020-12-29 10:09:51,645 [pool-253-thread-1] INFO  server.RaftServerConfigKeys (ConfUtils.java:logGet(44)) - raft.server.log.queue.byte-limit = 2147483647 (custom)
2020-12-29 10:09:51,645 [pool-253-thread-1] INFO  server.RaftServerConfigKeys (ConfUtils.java:logGet(44)) - raft.server.log.queue.element-limit = 1024 (custom)
2020-12-29 10:09:51,645 [pool-253-thread-1] INFO  server.RaftServerConfigKeys (ConfUtils.java:logGet(44)) - raft.server.log.segment.size.max = 1048576 (custom)
2020-12-29 10:09:51,645 [pool-253-thread-1] INFO  server.RaftServerConfigKeys (ConfUtils.java:logGet(44)) - raft.server.log.preallocated.size = 16384 (custom)
2020-12-29 10:09:51,645 [pool-253-thread-1] INFO  server.RaftServerConfigKeys (ConfUtils.java:logGet(44)) - raft.server.log.force.sync.num = 128 (default)
2020-12-29 10:09:51,646 [pool-253-thread-1] INFO  server.RaftServerConfigKeys (ConfUtils.java:logGet(44)) - raft.server.log.statemachine.data.sync = true (default)
2020-12-29 10:09:51,646 [pool-253-thread-1] INFO  server.RaftServerConfigKeys (ConfUtils.java:logGet(44)) - raft.server.log.statemachine.data.sync.timeout = 10s (default)
2020-12-29 10:09:51,646 [pool-253-thread-1] INFO  server.RaftServerConfigKeys (ConfUtils.java:logGet(44)) - raft.server.log.statemachine.data.sync.timeout.retry = -1 (default)
2020-12-29 10:09:51,647 [pool-253-thread-1] INFO  server.RaftServerConfigKeys (ConfUtils.java:logGet(44)) - raft.server.log.write.buffer.size = 1048576 (custom)
2020-12-29 10:09:51,647 [pool-253-thread-1] INFO  server.RaftServerConfigKeys (ConfUtils.java:logGet(44)) - raft.server.log.statemachine.data.caching.enabled = true (custom)
2020-12-29 10:09:51,647 [pool-253-thread-1] INFO  segmented.SegmentedRaftLogWorker (SegmentedRaftLogWorker.java:lambda$new$0(132)) - 1f50e366-ff39-48ab-b6af-f1dfc503e25e@group-B7CC0A01BF5F-SegmentedRaftLogWorker: flushIndex: setUnconditionally 0 -> -1
2020-12-29 10:09:51,647 [pool-253-thread-1] INFO  segmented.SegmentedRaftLogWorker (SegmentedRaftLogWorker.java:lambda$new$0(132)) - 1f50e366-ff39-48ab-b6af-f1dfc503e25e@group-B7CC0A01BF5F-SegmentedRaftLogWorker: safeCacheEvictIndex: setUnconditionally 0 -> -1
2020-12-29 10:09:51,648 [pool-253-thread-1] INFO  server.RaftServerConfigKeys (ConfUtils.java:logGet(44)) - raft.server.snapshot.auto.trigger.enabled = true (custom)
2020-12-29 10:09:51,648 [pool-253-thread-1] INFO  server.RaftServerConfigKeys (ConfUtils.java:logGet(44)) - raft.server.snapshot.auto.trigger.threshold = 10000 (custom)
2020-12-29 10:09:51,648 [pool-253-thread-1] INFO  server.RaftServerConfigKeys (ConfUtils.java:logGet(44)) - raft.server.snapshot.retention.file.num = 5 (custom)
2020-12-29 10:09:51,648 [pool-253-thread-1] INFO  server.RaftServerConfigKeys (ConfUtils.java:logGet(44)) - raft.server.log.purge.upto.snapshot.index = false (default)
2020-12-29 10:09:51,648 [pool-253-thread-1] INFO  server.RaftServerConfigKeys (ConfUtils.java:logGet(44)) - raft.server.retrycache.expirytime = 600000ms (custom)
2020-12-29 10:09:51,648 [pool-253-thread-1] INFO  server.RaftServerConfigKeys (ConfUtils.java:logGet(44)) - raft.server.retrycache.statistics.expirytime = 100?s (default)
2020-12-29 10:09:51,648 [pool-253-thread-1] INFO  metrics.RatisMetrics (RatisMetrics.java:lambda$create$0(36)) - Creating Metrics Registry : ratis.leader_election.1f50e366-ff39-48ab-b6af-f1dfc503e25e@group-B7CC0A01BF5F
2020-12-29 10:09:51,648 [pool-253-thread-1] INFO  metrics.RatisMetrics (RatisMetrics.java:lambda$create$0(36)) - Creating Metrics Registry : ratis.server.1f50e366-ff39-48ab-b6af-f1dfc503e25e@group-B7CC0A01BF5F
2020-12-29 10:09:51,649 [pool-253-thread-1] INFO  server.RaftServer$Division (RaftServerImpl.java:start(286)) - 1f50e366-ff39-48ab-b6af-f1dfc503e25e@group-B7CC0A01BF5F: start as a follower, conf=-1: [1f50e366-ff39-48ab-b6af-f1dfc503e25e|rpc:172.17.0.2:41473], old=null
2020-12-29 10:09:51,649 [pool-253-thread-1] INFO  server.RaftServer$Division (RaftServerImpl.java:setRole(275)) - 1f50e366-ff39-48ab-b6af-f1dfc503e25e@group-B7CC0A01BF5F: changes role from      null to FOLLOWER at term 0 for startAsFollower
2020-12-29 10:09:51,649 [pool-253-thread-1] INFO  impl.RoleInfo (RoleInfo.java:updateAndGet(130)) - 1f50e366-ff39-48ab-b6af-f1dfc503e25e: start 1f50e366-ff39-48ab-b6af-f1dfc503e25e@group-B7CC0A01BF5F-FollowerState
2020-12-29 10:09:51,659 [pool-253-thread-1] INFO  util.JmxRegister (JmxRegister.java:tryRegister(44)) - Successfully registered JMX Bean with object name Ratis:service=RaftServer,group=group-B7CC0A01BF5F,id=1f50e366-ff39-48ab-b6af-f1dfc503e25e
2020-12-29 10:09:51,659 [pool-253-thread-1] INFO  metrics.RatisMetrics (RatisMetrics.java:lambda$create$0(36)) - Creating Metrics Registry : ratis.state_machine.1f50e366-ff39-48ab-b6af-f1dfc503e25e@group-B7CC0A01BF5F
2020-12-29 10:09:51,662 [Command processor thread] INFO  commandhandler.CreatePipelineCommandHandler (CreatePipelineCommandHandler.java:handle(106)) - Created Pipeline RATIS ONE PipelineID=446ab009-3380-42be-b246-b7cc0a01bf5f.
2020-12-29 10:09:51,853 [Command processor thread] INFO  server.RaftServer (RaftServerProxy.java:addNew(93)) - 4259afd6-154d-4eca-a620-cf00c9b631aa: addNew group-E486DD347B92:[4259afd6-154d-4eca-a620-cf00c9b631aa|rpc:172.17.0.2:38675] returns group-E486DD347B92:java.util.concurrent.CompletableFuture@57e250d3[Not completed]
2020-12-29 10:09:51,854 [pool-269-thread-1] INFO  server.RaftServer$Division (RaftServerImpl.java:<init>(173)) - 4259afd6-154d-4eca-a620-cf00c9b631aa: new RaftServerImpl for group-E486DD347B92:[4259afd6-154d-4eca-a620-cf00c9b631aa|rpc:172.17.0.2:38675] with ContainerStateMachine:uninitialized
2020-12-29 10:09:51,855 [pool-269-thread-1] INFO  server.RaftServerConfigKeys (ConfUtils.java:logGet(44)) - raft.server.rpc.timeout.min = 5s (custom)
2020-12-29 10:09:51,855 [pool-269-thread-1] INFO  server.RaftServerConfigKeys (ConfUtils.java:logGet(44)) - raft.server.rpc.timeout.max = 5200ms (custom)
2020-12-29 10:09:51,855 [pool-269-thread-1] INFO  server.RaftServerConfigKeys (ConfUtils.java:logGet(44)) - raft.server.rpc.sleep.time = 25ms (default)
2020-12-29 10:09:51,855 [pool-269-thread-1] INFO  server.RaftServerConfigKeys (ConfUtils.java:logGet(44)) - raft.server.rpc.slowness.timeout = 300s (custom)
2020-12-29 10:09:51,855 [pool-269-thread-1] INFO  server.RaftServerConfigKeys (ConfUtils.java:logGet(44)) - raft.server.leaderelection.leader.step-down.wait-time = 10s (default)
2020-12-29 10:09:51,855 [pool-269-thread-1] INFO  server.RaftServerConfigKeys (ConfUtils.java:logGet(44)) - raft.server.sleep.deviation.threshold = 300ms (default)
2020-12-29 10:09:51,855 [pool-269-thread-1] INFO  server.RaftServerConfigKeys (ConfUtils.java:logGet(44)) - raft.server.log.appender.install.snapshot.enabled = false (custom)
2020-12-29 10:09:51,855 [pool-269-thread-1] INFO  server.RaftServer$Division (ServerState.java:<init>(104)) - 4259afd6-154d-4eca-a620-cf00c9b631aa@group-E486DD347B92: ConfigurationManager, init=-1: [4259afd6-154d-4eca-a620-cf00c9b631aa|rpc:172.17.0.2:38675], old=null, confs=<EMPTY_MAP>
2020-12-29 10:09:51,855 [pool-269-thread-1] INFO  server.RaftServerConfigKeys (ConfUtils.java:logGet(44)) - raft.server.storage.dir = [/github/workspace/mnt/ozone/hadoop-ozone/integration-test/target/test-dir/MiniOzoneClusterImpl-b1ea8c03-8e89-4df6-8609-c05021ba0f19/datanode-2/data/ratis] (custom)
2020-12-29 10:09:51,856 [pool-269-thread-1] INFO  server.RaftServerConfigKeys (ConfUtils.java:logGet(44)) - raft.server.log.corruption.policy = EXCEPTION (default)
2020-12-29 10:09:51,856 [pool-269-thread-1] INFO  storage.RaftStorageDirectory (RaftStorageDirectory.java:analyzeStorage(260)) - The storage directory /github/workspace/mnt/ozone/hadoop-ozone/integration-test/target/test-dir/MiniOzoneClusterImpl-b1ea8c03-8e89-4df6-8609-c05021ba0f19/datanode-2/data/ratis/54d7084e-9edf-4c40-a69c-e486dd347b92 does not exist. Creating ...
2020-12-29 10:09:51,857 [pool-269-thread-1] INFO  storage.RaftStorageDirectory (RaftStorageDirectory.java:tryLock(342)) - Lock on /github/workspace/mnt/ozone/hadoop-ozone/integration-test/target/test-dir/MiniOzoneClusterImpl-b1ea8c03-8e89-4df6-8609-c05021ba0f19/datanode-2/data/ratis/54d7084e-9edf-4c40-a69c-e486dd347b92/in_use.lock acquired by nodename 1628@79669b543b4d
2020-12-29 10:09:51,859 [pool-269-thread-1] INFO  storage.RaftStorage (RaftStorage.java:format(89)) - Storage directory /github/workspace/mnt/ozone/hadoop-ozone/integration-test/target/test-dir/MiniOzoneClusterImpl-b1ea8c03-8e89-4df6-8609-c05021ba0f19/datanode-2/data/ratis/54d7084e-9edf-4c40-a69c-e486dd347b92 has been successfully formatted.
2020-12-29 10:09:51,860 [pool-269-thread-1] INFO  ratis.ContainerStateMachine (ContainerStateMachine.java:loadSnapshot(223)) - group-E486DD347B92: The snapshot info is null. Setting the last applied indexto:(t:0, i:~)
2020-12-29 10:09:51,860 [pool-269-thread-1] ERROR storage.RaftStorage (RaftStorage.java:readRaftConfiguration(152)) - Failed reading configuration from file:/github/workspace/mnt/ozone/hadoop-ozone/integration-test/target/test-dir/MiniOzoneClusterImpl-b1ea8c03-8e89-4df6-8609-c05021ba0f19/datanode-2/data/ratis/54d7084e-9edf-4c40-a69c-e486dd347b92/current/raft-meta.conf
java.io.FileNotFoundException: /github/workspace/mnt/ozone/hadoop-ozone/integration-test/target/test-dir/MiniOzoneClusterImpl-b1ea8c03-8e89-4df6-8609-c05021ba0f19/datanode-2/data/ratis/54d7084e-9edf-4c40-a69c-e486dd347b92/current/raft-meta.conf (No such file or directory)
	at java.io.FileInputStream.open0(Native Method)
	at java.io.FileInputStream.open(FileInputStream.java:195)
	at java.io.FileInputStream.<init>(FileInputStream.java:138)
	at org.apache.ratis.server.storage.RaftStorage.readRaftConfiguration(RaftStorage.java:148)
	at org.apache.ratis.server.impl.ServerState.initStatemachine(ServerState.java:167)
	at org.apache.ratis.server.impl.ServerState.<init>(ServerState.java:112)
	at org.apache.ratis.server.impl.RaftServerImpl.<init>(RaftServerImpl.java:186)
	at org.apache.ratis.server.impl.RaftServerProxy.lambda$newRaftServerImpl$4(RaftServerProxy.java:264)
	at java.util.concurrent.CompletableFuture$AsyncSupply.run(CompletableFuture.java:1604)
	at java.util.concurrent.ThreadPoolExecutor.runWorker(ThreadPoolExecutor.java:1149)
	at java.util.concurrent.ThreadPoolExecutor$Worker.run(ThreadPoolExecutor.java:624)
	at java.lang.Thread.run(Thread.java:748)
2020-12-29 10:09:51,860 [EventQueue-PipelineReportForOneReplicaPipelineSafeModeRule] INFO  safemode.SCMSafeModeManager (SCMSafeModeManager.java:validateSafeModeExitRules(214)) - AtleastOneDatanodeReportedRule rule is successfully validated
2020-12-29 10:09:51,860 [EventQueue-PipelineReportForPipelineReportHandler] INFO  pipeline.PipelineStateManager (PipelineStateManager.java:openPipeline(132)) - Pipeline Pipeline[ Id: 54d7084e-9edf-4c40-a69c-e486dd347b92, Nodes: 4259afd6-154d-4eca-a620-cf00c9b631aa{ip: 172.17.0.2, host: 79669b543b4d, networkLocation: /default-rack, certSerialId: null, persistedOpState: IN_SERVICE, persistedOpStateExpiryEpochSec: 0}, Type:RATIS, Factor:ONE, State:ALLOCATED, leaderId:4259afd6-154d-4eca-a620-cf00c9b631aa, CreationTimestamp2020-12-29T10:09:48.854Z] moved to OPEN state
2020-12-29 10:09:51,862 [pool-269-thread-1] INFO  server.RaftServerConfigKeys (ConfUtils.java:logGet(44)) - raft.server.notification.no-leader.timeout = 300s (custom)
2020-12-29 10:09:51,862 [pool-269-thread-1] INFO  server.RaftServerConfigKeys (ConfUtils.java:logGet(44)) - raft.server.log.use.memory = false (default)
2020-12-29 10:09:51,862 [pool-269-thread-1] INFO  server.RaftServerConfigKeys (ConfUtils.java:logGet(44)) - raft.server.log.purge.gap = 1000000 (custom)
2020-12-29 10:09:51,862 [pool-269-thread-1] INFO  metrics.RatisMetrics (RatisMetrics.java:lambda$create$0(36)) - Creating Metrics Registry : ratis.log_worker.4259afd6-154d-4eca-a620-cf00c9b631aa@group-E486DD347B92
2020-12-29 10:09:51,862 [pool-269-thread-1] INFO  server.RaftServerConfigKeys (ConfUtils.java:logGet(44)) - raft.server.log.appender.buffer.byte-limit = 33554432 (custom)
2020-12-29 10:09:51,862 [EventQueue-OpenPipelineForHealthyPipelineSafeModeRule] INFO  safemode.SCMSafeModeManager (HealthyPipelineSafeModeRule.java:process(128)) - SCM in safe mode. Healthy pipelines reported count is 0, required healthy pipeline reported count is 1
2020-12-29 10:09:51,862 [pool-269-thread-1] INFO  server.RaftServerConfigKeys (ConfUtils.java:logGet(44)) - raft.server.log.segment.size.max = 1048576 (custom)
2020-12-29 10:09:51,864 [pool-269-thread-1] INFO  server.RaftServerConfigKeys (ConfUtils.java:logGet(44)) - raft.server.log.segment.cache.num.max = 2 (custom)
2020-12-29 10:09:51,864 [pool-269-thread-1] INFO  server.RaftServerConfigKeys (ConfUtils.java:logGet(44)) - raft.server.log.segment.cache.size.max = 200MB (=209715200) (default)
2020-12-29 10:09:51,864 [pool-269-thread-1] INFO  segmented.SegmentedRaftLogWorker (SegmentedRaftLogWorker.java:<init>(181)) - new 4259afd6-154d-4eca-a620-cf00c9b631aa@group-E486DD347B92-SegmentedRaftLogWorker for RaftStorage:Storage Directory /github/workspace/mnt/ozone/hadoop-ozone/integration-test/target/test-dir/MiniOzoneClusterImpl-b1ea8c03-8e89-4df6-8609-c05021ba0f19/datanode-2/data/ratis/54d7084e-9edf-4c40-a69c-e486dd347b92
2020-12-29 10:09:51,865 [pool-269-thread-1] INFO  server.RaftServerConfigKeys (ConfUtils.java:logGet(44)) - raft.server.log.queue.byte-limit = 2147483647 (custom)
2020-12-29 10:09:51,865 [pool-269-thread-1] INFO  server.RaftServerConfigKeys (ConfUtils.java:logGet(44)) - raft.server.log.queue.element-limit = 1024 (custom)
2020-12-29 10:09:51,865 [pool-269-thread-1] INFO  server.RaftServerConfigKeys (ConfUtils.java:logGet(44)) - raft.server.log.segment.size.max = 1048576 (custom)
2020-12-29 10:09:51,865 [pool-269-thread-1] INFO  server.RaftServerConfigKeys (ConfUtils.java:logGet(44)) - raft.server.log.preallocated.size = 16384 (custom)
2020-12-29 10:09:51,865 [pool-269-thread-1] INFO  server.RaftServerConfigKeys (ConfUtils.java:logGet(44)) - raft.server.log.force.sync.num = 128 (default)
2020-12-29 10:09:51,865 [pool-269-thread-1] INFO  server.RaftServerConfigKeys (ConfUtils.java:logGet(44)) - raft.server.log.statemachine.data.sync = true (default)
2020-12-29 10:09:51,865 [pool-269-thread-1] INFO  server.RaftServerConfigKeys (ConfUtils.java:logGet(44)) - raft.server.log.statemachine.data.sync.timeout = 10s (default)
2020-12-29 10:09:51,865 [pool-269-thread-1] INFO  server.RaftServerConfigKeys (ConfUtils.java:logGet(44)) - raft.server.log.statemachine.data.sync.timeout.retry = -1 (default)
2020-12-29 10:09:51,866 [pool-269-thread-1] INFO  server.RaftServerConfigKeys (ConfUtils.java:logGet(44)) - raft.server.log.write.buffer.size = 1048576 (custom)
2020-12-29 10:09:51,867 [pool-269-thread-1] INFO  server.RaftServerConfigKeys (ConfUtils.java:logGet(44)) - raft.server.log.statemachine.data.caching.enabled = true (custom)
2020-12-29 10:09:51,867 [pool-269-thread-1] INFO  segmented.SegmentedRaftLogWorker (SegmentedRaftLogWorker.java:lambda$new$0(132)) - 4259afd6-154d-4eca-a620-cf00c9b631aa@group-E486DD347B92-SegmentedRaftLogWorker: flushIndex: setUnconditionally 0 -> -1
2020-12-29 10:09:51,867 [pool-269-thread-1] INFO  segmented.SegmentedRaftLogWorker (SegmentedRaftLogWorker.java:lambda$new$0(132)) - 4259afd6-154d-4eca-a620-cf00c9b631aa@group-E486DD347B92-SegmentedRaftLogWorker: safeCacheEvictIndex: setUnconditionally 0 -> -1
2020-12-29 10:09:51,868 [pool-269-thread-1] INFO  server.RaftServerConfigKeys (ConfUtils.java:logGet(44)) - raft.server.snapshot.auto.trigger.enabled = true (custom)
2020-12-29 10:09:51,868 [pool-269-thread-1] INFO  server.RaftServerConfigKeys (ConfUtils.java:logGet(44)) - raft.server.snapshot.auto.trigger.threshold = 10000 (custom)
2020-12-29 10:09:51,868 [pool-269-thread-1] INFO  server.RaftServerConfigKeys (ConfUtils.java:logGet(44)) - raft.server.snapshot.retention.file.num = 5 (custom)
2020-12-29 10:09:51,868 [pool-269-thread-1] INFO  server.RaftServerConfigKeys (ConfUtils.java:logGet(44)) - raft.server.log.purge.upto.snapshot.index = false (default)
2020-12-29 10:09:51,868 [pool-269-thread-1] INFO  server.RaftServerConfigKeys (ConfUtils.java:logGet(44)) - raft.server.retrycache.expirytime = 600000ms (custom)
2020-12-29 10:09:51,868 [pool-269-thread-1] INFO  server.RaftServerConfigKeys (ConfUtils.java:logGet(44)) - raft.server.retrycache.statistics.expirytime = 100?s (default)
2020-12-29 10:09:51,868 [pool-269-thread-1] INFO  metrics.RatisMetrics (RatisMetrics.java:lambda$create$0(36)) - Creating Metrics Registry : ratis.leader_election.4259afd6-154d-4eca-a620-cf00c9b631aa@group-E486DD347B92
2020-12-29 10:09:51,869 [pool-269-thread-1] INFO  metrics.RatisMetrics (RatisMetrics.java:lambda$create$0(36)) - Creating Metrics Registry : ratis.server.4259afd6-154d-4eca-a620-cf00c9b631aa@group-E486DD347B92
2020-12-29 10:09:51,869 [pool-269-thread-1] INFO  server.RaftServer$Division (RaftServerImpl.java:start(286)) - 4259afd6-154d-4eca-a620-cf00c9b631aa@group-E486DD347B92: start as a follower, conf=-1: [4259afd6-154d-4eca-a620-cf00c9b631aa|rpc:172.17.0.2:38675], old=null
2020-12-29 10:09:51,870 [pool-269-thread-1] INFO  server.RaftServer$Division (RaftServerImpl.java:setRole(275)) - 4259afd6-154d-4eca-a620-cf00c9b631aa@group-E486DD347B92: changes role from      null to FOLLOWER at term 0 for startAsFollower
2020-12-29 10:09:51,870 [pool-269-thread-1] INFO  impl.RoleInfo (RoleInfo.java:updateAndGet(130)) - 4259afd6-154d-4eca-a620-cf00c9b631aa: start 4259afd6-154d-4eca-a620-cf00c9b631aa@group-E486DD347B92-FollowerState
2020-12-29 10:09:51,873 [pool-269-thread-1] INFO  util.JmxRegister (JmxRegister.java:tryRegister(44)) - Successfully registered JMX Bean with object name Ratis:service=RaftServer,group=group-E486DD347B92,id=4259afd6-154d-4eca-a620-cf00c9b631aa
2020-12-29 10:09:51,873 [pool-269-thread-1] INFO  metrics.RatisMetrics (RatisMetrics.java:lambda$create$0(36)) - Creating Metrics Registry : ratis.state_machine.4259afd6-154d-4eca-a620-cf00c9b631aa@group-E486DD347B92
2020-12-29 10:09:51,877 [Command processor thread] INFO  commandhandler.CreatePipelineCommandHandler (CreatePipelineCommandHandler.java:handle(106)) - Created Pipeline RATIS ONE PipelineID=54d7084e-9edf-4c40-a69c-e486dd347b92.
2020-12-29 10:09:52,088 [Command processor thread] INFO  server.RaftServer (RaftServerProxy.java:addNew(93)) - 856c4e2d-a2c2-4358-bc21-0d0c99327a9f: addNew group-054CF680018B:[856c4e2d-a2c2-4358-bc21-0d0c99327a9f|rpc:172.17.0.2:38587] returns group-054CF680018B:java.util.concurrent.CompletableFuture@382125ce[Not completed]
2020-12-29 10:09:52,089 [pool-285-thread-1] INFO  server.RaftServer$Division (RaftServerImpl.java:<init>(173)) - 856c4e2d-a2c2-4358-bc21-0d0c99327a9f: new RaftServerImpl for group-054CF680018B:[856c4e2d-a2c2-4358-bc21-0d0c99327a9f|rpc:172.17.0.2:38587] with ContainerStateMachine:uninitialized
2020-12-29 10:09:52,090 [EventQueue-PipelineReportForOneReplicaPipelineSafeModeRule] INFO  safemode.SCMSafeModeManager (SCMSafeModeManager.java:validateSafeModeExitRules(214)) - AtleastOneDatanodeReportedRule rule is successfully validated
2020-12-29 10:09:52,091 [pool-285-thread-1] INFO  server.RaftServerConfigKeys (ConfUtils.java:logGet(44)) - raft.server.rpc.timeout.min = 5s (custom)
2020-12-29 10:09:52,091 [pool-285-thread-1] INFO  server.RaftServerConfigKeys (ConfUtils.java:logGet(44)) - raft.server.rpc.timeout.max = 5200ms (custom)
2020-12-29 10:09:52,091 [pool-285-thread-1] INFO  server.RaftServerConfigKeys (ConfUtils.java:logGet(44)) - raft.server.rpc.sleep.time = 25ms (default)
2020-12-29 10:09:52,091 [pool-285-thread-1] INFO  server.RaftServerConfigKeys (ConfUtils.java:logGet(44)) - raft.server.rpc.slowness.timeout = 300s (custom)
2020-12-29 10:09:52,091 [pool-285-thread-1] INFO  server.RaftServerConfigKeys (ConfUtils.java:logGet(44)) - raft.server.leaderelection.leader.step-down.wait-time = 10s (default)
2020-12-29 10:09:52,091 [pool-285-thread-1] INFO  server.RaftServerConfigKeys (ConfUtils.java:logGet(44)) - raft.server.sleep.deviation.threshold = 300ms (default)
2020-12-29 10:09:52,091 [pool-285-thread-1] INFO  server.RaftServerConfigKeys (ConfUtils.java:logGet(44)) - raft.server.log.appender.install.snapshot.enabled = false (custom)
2020-12-29 10:09:52,091 [pool-285-thread-1] INFO  server.RaftServer$Division (ServerState.java:<init>(104)) - 856c4e2d-a2c2-4358-bc21-0d0c99327a9f@group-054CF680018B: ConfigurationManager, init=-1: [856c4e2d-a2c2-4358-bc21-0d0c99327a9f|rpc:172.17.0.2:38587], old=null, confs=<EMPTY_MAP>
2020-12-29 10:09:52,092 [pool-285-thread-1] INFO  server.RaftServerConfigKeys (ConfUtils.java:logGet(44)) - raft.server.storage.dir = [/github/workspace/mnt/ozone/hadoop-ozone/integration-test/target/test-dir/MiniOzoneClusterImpl-b1ea8c03-8e89-4df6-8609-c05021ba0f19/datanode-3/data/ratis] (custom)
2020-12-29 10:09:52,092 [pool-285-thread-1] INFO  server.RaftServerConfigKeys (ConfUtils.java:logGet(44)) - raft.server.log.corruption.policy = EXCEPTION (default)
2020-12-29 10:09:52,092 [pool-285-thread-1] INFO  storage.RaftStorageDirectory (RaftStorageDirectory.java:analyzeStorage(260)) - The storage directory /github/workspace/mnt/ozone/hadoop-ozone/integration-test/target/test-dir/MiniOzoneClusterImpl-b1ea8c03-8e89-4df6-8609-c05021ba0f19/datanode-3/data/ratis/a314d4db-cdc3-4de1-adf4-054cf680018b does not exist. Creating ...
2020-12-29 10:09:52,093 [pool-285-thread-1] INFO  storage.RaftStorageDirectory (RaftStorageDirectory.java:tryLock(342)) - Lock on /github/workspace/mnt/ozone/hadoop-ozone/integration-test/target/test-dir/MiniOzoneClusterImpl-b1ea8c03-8e89-4df6-8609-c05021ba0f19/datanode-3/data/ratis/a314d4db-cdc3-4de1-adf4-054cf680018b/in_use.lock acquired by nodename 1628@79669b543b4d
2020-12-29 10:09:52,094 [pool-285-thread-1] INFO  storage.RaftStorage (RaftStorage.java:format(89)) - Storage directory /github/workspace/mnt/ozone/hadoop-ozone/integration-test/target/test-dir/MiniOzoneClusterImpl-b1ea8c03-8e89-4df6-8609-c05021ba0f19/datanode-3/data/ratis/a314d4db-cdc3-4de1-adf4-054cf680018b has been successfully formatted.
2020-12-29 10:09:52,094 [pool-285-thread-1] INFO  ratis.ContainerStateMachine (ContainerStateMachine.java:loadSnapshot(223)) - group-054CF680018B: The snapshot info is null. Setting the last applied indexto:(t:0, i:~)
2020-12-29 10:09:52,094 [pool-285-thread-1] ERROR storage.RaftStorage (RaftStorage.java:readRaftConfiguration(152)) - Failed reading configuration from file:/github/workspace/mnt/ozone/hadoop-ozone/integration-test/target/test-dir/MiniOzoneClusterImpl-b1ea8c03-8e89-4df6-8609-c05021ba0f19/datanode-3/data/ratis/a314d4db-cdc3-4de1-adf4-054cf680018b/current/raft-meta.conf
java.io.FileNotFoundException: /github/workspace/mnt/ozone/hadoop-ozone/integration-test/target/test-dir/MiniOzoneClusterImpl-b1ea8c03-8e89-4df6-8609-c05021ba0f19/datanode-3/data/ratis/a314d4db-cdc3-4de1-adf4-054cf680018b/current/raft-meta.conf (No such file or directory)
	at java.io.FileInputStream.open0(Native Method)
	at java.io.FileInputStream.open(FileInputStream.java:195)
	at java.io.FileInputStream.<init>(FileInputStream.java:138)
	at org.apache.ratis.server.storage.RaftStorage.readRaftConfiguration(RaftStorage.java:148)
	at org.apache.ratis.server.impl.ServerState.initStatemachine(ServerState.java:167)
	at org.apache.ratis.server.impl.ServerState.<init>(ServerState.java:112)
	at org.apache.ratis.server.impl.RaftServerImpl.<init>(RaftServerImpl.java:186)
	at org.apache.ratis.server.impl.RaftServerProxy.lambda$newRaftServerImpl$4(RaftServerProxy.java:264)
	at java.util.concurrent.CompletableFuture$AsyncSupply.run(CompletableFuture.java:1604)
	at java.util.concurrent.ThreadPoolExecutor.runWorker(ThreadPoolExecutor.java:1149)
	at java.util.concurrent.ThreadPoolExecutor$Worker.run(ThreadPoolExecutor.java:624)
	at java.lang.Thread.run(Thread.java:748)
2020-12-29 10:09:52,095 [pool-285-thread-1] INFO  server.RaftServerConfigKeys (ConfUtils.java:logGet(44)) - raft.server.notification.no-leader.timeout = 300s (custom)
2020-12-29 10:09:52,095 [pool-285-thread-1] INFO  server.RaftServerConfigKeys (ConfUtils.java:logGet(44)) - raft.server.log.use.memory = false (default)
2020-12-29 10:09:52,095 [pool-285-thread-1] INFO  server.RaftServerConfigKeys (ConfUtils.java:logGet(44)) - raft.server.log.purge.gap = 1000000 (custom)
2020-12-29 10:09:52,096 [EventQueue-PipelineReportForOneReplicaPipelineSafeModeRule] INFO  safemode.SCMSafeModeManager (SCMSafeModeManager.java:validateSafeModeExitRules(214)) - AtleastOneDatanodeReportedRule rule is successfully validated
2020-12-29 10:09:52,095 [EventQueue-PipelineReportForPipelineReportHandler] INFO  pipeline.PipelineStateManager (PipelineStateManager.java:openPipeline(132)) - Pipeline Pipeline[ Id: a314d4db-cdc3-4de1-adf4-054cf680018b, Nodes: 856c4e2d-a2c2-4358-bc21-0d0c99327a9f{ip: 172.17.0.2, host: 79669b543b4d, networkLocation: /default-rack, certSerialId: null, persistedOpState: IN_SERVICE, persistedOpStateExpiryEpochSec: 0}, Type:RATIS, Factor:ONE, State:ALLOCATED, leaderId:856c4e2d-a2c2-4358-bc21-0d0c99327a9f, CreationTimestamp2020-12-29T10:09:49.090Z] moved to OPEN state
2020-12-29 10:09:52,096 [EventQueue-OpenPipelineForHealthyPipelineSafeModeRule] INFO  safemode.SCMSafeModeManager (HealthyPipelineSafeModeRule.java:process(128)) - SCM in safe mode. Healthy pipelines reported count is 0, required healthy pipeline reported count is 1
2020-12-29 10:09:52,096 [pool-285-thread-1] INFO  metrics.RatisMetrics (RatisMetrics.java:lambda$create$0(36)) - Creating Metrics Registry : ratis.log_worker.856c4e2d-a2c2-4358-bc21-0d0c99327a9f@group-054CF680018B
2020-12-29 10:09:52,097 [pool-285-thread-1] INFO  server.RaftServerConfigKeys (ConfUtils.java:logGet(44)) - raft.server.log.appender.buffer.byte-limit = 33554432 (custom)
2020-12-29 10:09:52,097 [pool-285-thread-1] INFO  server.RaftServerConfigKeys (ConfUtils.java:logGet(44)) - raft.server.log.segment.size.max = 1048576 (custom)
2020-12-29 10:09:52,098 [pool-285-thread-1] INFO  server.RaftServerConfigKeys (ConfUtils.java:logGet(44)) - raft.server.log.segment.cache.num.max = 2 (custom)
2020-12-29 10:09:52,098 [pool-285-thread-1] INFO  server.RaftServerConfigKeys (ConfUtils.java:logGet(44)) - raft.server.log.segment.cache.size.max = 200MB (=209715200) (default)
2020-12-29 10:09:52,098 [pool-285-thread-1] INFO  segmented.SegmentedRaftLogWorker (SegmentedRaftLogWorker.java:<init>(181)) - new 856c4e2d-a2c2-4358-bc21-0d0c99327a9f@group-054CF680018B-SegmentedRaftLogWorker for RaftStorage:Storage Directory /github/workspace/mnt/ozone/hadoop-ozone/integration-test/target/test-dir/MiniOzoneClusterImpl-b1ea8c03-8e89-4df6-8609-c05021ba0f19/datanode-3/data/ratis/a314d4db-cdc3-4de1-adf4-054cf680018b
2020-12-29 10:09:52,098 [pool-285-thread-1] INFO  server.RaftServerConfigKeys (ConfUtils.java:logGet(44)) - raft.server.log.queue.byte-limit = 2147483647 (custom)
2020-12-29 10:09:52,098 [pool-285-thread-1] INFO  server.RaftServerConfigKeys (ConfUtils.java:logGet(44)) - raft.server.log.queue.element-limit = 1024 (custom)
2020-12-29 10:09:52,098 [pool-285-thread-1] INFO  server.RaftServerConfigKeys (ConfUtils.java:logGet(44)) - raft.server.log.segment.size.max = 1048576 (custom)
2020-12-29 10:09:52,098 [pool-285-thread-1] INFO  server.RaftServerConfigKeys (ConfUtils.java:logGet(44)) - raft.server.log.preallocated.size = 16384 (custom)
2020-12-29 10:09:52,099 [pool-285-thread-1] INFO  server.RaftServerConfigKeys (ConfUtils.java:logGet(44)) - raft.server.log.force.sync.num = 128 (default)
2020-12-29 10:09:52,099 [pool-285-thread-1] INFO  server.RaftServerConfigKeys (ConfUtils.java:logGet(44)) - raft.server.log.statemachine.data.sync = true (default)
2020-12-29 10:09:52,099 [pool-285-thread-1] INFO  server.RaftServerConfigKeys (ConfUtils.java:logGet(44)) - raft.server.log.statemachine.data.sync.timeout = 10s (default)
2020-12-29 10:09:52,099 [pool-285-thread-1] INFO  server.RaftServerConfigKeys (ConfUtils.java:logGet(44)) - raft.server.log.statemachine.data.sync.timeout.retry = -1 (default)
2020-12-29 10:09:52,100 [pool-285-thread-1] INFO  server.RaftServerConfigKeys (ConfUtils.java:logGet(44)) - raft.server.log.write.buffer.size = 1048576 (custom)
2020-12-29 10:09:52,101 [pool-285-thread-1] INFO  server.RaftServerConfigKeys (ConfUtils.java:logGet(44)) - raft.server.log.statemachine.data.caching.enabled = true (custom)
2020-12-29 10:09:52,101 [pool-285-thread-1] INFO  segmented.SegmentedRaftLogWorker (SegmentedRaftLogWorker.java:lambda$new$0(132)) - 856c4e2d-a2c2-4358-bc21-0d0c99327a9f@group-054CF680018B-SegmentedRaftLogWorker: flushIndex: setUnconditionally 0 -> -1
2020-12-29 10:09:52,101 [pool-285-thread-1] INFO  segmented.SegmentedRaftLogWorker (SegmentedRaftLogWorker.java:lambda$new$0(132)) - 856c4e2d-a2c2-4358-bc21-0d0c99327a9f@group-054CF680018B-SegmentedRaftLogWorker: safeCacheEvictIndex: setUnconditionally 0 -> -1
2020-12-29 10:09:52,103 [pool-285-thread-1] INFO  server.RaftServerConfigKeys (ConfUtils.java:logGet(44)) - raft.server.snapshot.auto.trigger.enabled = true (custom)
2020-12-29 10:09:52,103 [pool-285-thread-1] INFO  server.RaftServerConfigKeys (ConfUtils.java:logGet(44)) - raft.server.snapshot.auto.trigger.threshold = 10000 (custom)
2020-12-29 10:09:52,103 [pool-285-thread-1] INFO  server.RaftServerConfigKeys (ConfUtils.java:logGet(44)) - raft.server.snapshot.retention.file.num = 5 (custom)
2020-12-29 10:09:52,104 [pool-285-thread-1] INFO  server.RaftServerConfigKeys (ConfUtils.java:logGet(44)) - raft.server.log.purge.upto.snapshot.index = false (default)
2020-12-29 10:09:52,104 [pool-285-thread-1] INFO  server.RaftServerConfigKeys (ConfUtils.java:logGet(44)) - raft.server.retrycache.expirytime = 600000ms (custom)
2020-12-29 10:09:52,104 [pool-285-thread-1] INFO  server.RaftServerConfigKeys (ConfUtils.java:logGet(44)) - raft.server.retrycache.statistics.expirytime = 100?s (default)
2020-12-29 10:09:52,104 [pool-285-thread-1] INFO  metrics.RatisMetrics (RatisMetrics.java:lambda$create$0(36)) - Creating Metrics Registry : ratis.leader_election.856c4e2d-a2c2-4358-bc21-0d0c99327a9f@group-054CF680018B
2020-12-29 10:09:52,104 [pool-285-thread-1] INFO  metrics.RatisMetrics (RatisMetrics.java:lambda$create$0(36)) - Creating Metrics Registry : ratis.server.856c4e2d-a2c2-4358-bc21-0d0c99327a9f@group-054CF680018B
2020-12-29 10:09:52,108 [pool-285-thread-1] INFO  server.RaftServer$Division (RaftServerImpl.java:start(286)) - 856c4e2d-a2c2-4358-bc21-0d0c99327a9f@group-054CF680018B: start as a follower, conf=-1: [856c4e2d-a2c2-4358-bc21-0d0c99327a9f|rpc:172.17.0.2:38587], old=null
2020-12-29 10:09:52,108 [pool-285-thread-1] INFO  server.RaftServer$Division (RaftServerImpl.java:setRole(275)) - 856c4e2d-a2c2-4358-bc21-0d0c99327a9f@group-054CF680018B: changes role from      null to FOLLOWER at term 0 for startAsFollower
2020-12-29 10:09:52,108 [pool-285-thread-1] INFO  impl.RoleInfo (RoleInfo.java:updateAndGet(130)) - 856c4e2d-a2c2-4358-bc21-0d0c99327a9f: start 856c4e2d-a2c2-4358-bc21-0d0c99327a9f@group-054CF680018B-FollowerState
2020-12-29 10:09:52,108 [pool-285-thread-1] INFO  util.JmxRegister (JmxRegister.java:tryRegister(44)) - Successfully registered JMX Bean with object name Ratis:service=RaftServer,group=group-054CF680018B,id=856c4e2d-a2c2-4358-bc21-0d0c99327a9f
2020-12-29 10:09:52,108 [pool-285-thread-1] INFO  metrics.RatisMetrics (RatisMetrics.java:lambda$create$0(36)) - Creating Metrics Registry : ratis.state_machine.856c4e2d-a2c2-4358-bc21-0d0c99327a9f@group-054CF680018B
2020-12-29 10:09:52,109 [Command processor thread] INFO  commandhandler.CreatePipelineCommandHandler (CreatePipelineCommandHandler.java:handle(106)) - Created Pipeline RATIS ONE PipelineID=a314d4db-cdc3-4de1-adf4-054cf680018b.
2020-12-29 10:09:52,109 [Command processor thread] INFO  server.RaftServer (RaftServerProxy.java:addNew(93)) - 856c4e2d-a2c2-4358-bc21-0d0c99327a9f: addNew group-F16552F941CD:[b063ad5b-b25a-46ed-abed-9b5302f3b533|rpc:172.17.0.2:42479, 856c4e2d-a2c2-4358-bc21-0d0c99327a9f|rpc:172.17.0.2:38587, a606f2ed-cee1-417c-9fe3-1bdc4a375396|rpc:172.17.0.2:36775] returns group-F16552F941CD:java.util.concurrent.CompletableFuture@3c1eb612[Not completed]
2020-12-29 10:09:52,110 [pool-285-thread-1] INFO  server.RaftServer$Division (RaftServerImpl.java:<init>(173)) - 856c4e2d-a2c2-4358-bc21-0d0c99327a9f: new RaftServerImpl for group-F16552F941CD:[b063ad5b-b25a-46ed-abed-9b5302f3b533|rpc:172.17.0.2:42479, 856c4e2d-a2c2-4358-bc21-0d0c99327a9f|rpc:172.17.0.2:38587, a606f2ed-cee1-417c-9fe3-1bdc4a375396|rpc:172.17.0.2:36775] with ContainerStateMachine:uninitialized
2020-12-29 10:09:52,110 [pool-285-thread-1] INFO  server.RaftServerConfigKeys (ConfUtils.java:logGet(44)) - raft.server.rpc.timeout.min = 5s (custom)
2020-12-29 10:09:52,110 [pool-285-thread-1] INFO  server.RaftServerConfigKeys (ConfUtils.java:logGet(44)) - raft.server.rpc.timeout.max = 5200ms (custom)
2020-12-29 10:09:52,110 [pool-285-thread-1] INFO  server.RaftServerConfigKeys (ConfUtils.java:logGet(44)) - raft.server.rpc.sleep.time = 25ms (default)
2020-12-29 10:09:52,110 [pool-285-thread-1] INFO  server.RaftServerConfigKeys (ConfUtils.java:logGet(44)) - raft.server.rpc.slowness.timeout = 300s (custom)
2020-12-29 10:09:52,110 [pool-285-thread-1] INFO  server.RaftServerConfigKeys (ConfUtils.java:logGet(44)) - raft.server.leaderelection.leader.step-down.wait-time = 10s (default)
2020-12-29 10:09:52,110 [pool-285-thread-1] INFO  server.RaftServerConfigKeys (ConfUtils.java:logGet(44)) - raft.server.sleep.deviation.threshold = 300ms (default)
2020-12-29 10:09:52,110 [pool-285-thread-1] INFO  server.RaftServerConfigKeys (ConfUtils.java:logGet(44)) - raft.server.log.appender.install.snapshot.enabled = false (custom)
2020-12-29 10:09:52,111 [pool-285-thread-1] INFO  server.RaftServer$Division (ServerState.java:<init>(104)) - 856c4e2d-a2c2-4358-bc21-0d0c99327a9f@group-F16552F941CD: ConfigurationManager, init=-1: [b063ad5b-b25a-46ed-abed-9b5302f3b533|rpc:172.17.0.2:42479, 856c4e2d-a2c2-4358-bc21-0d0c99327a9f|rpc:172.17.0.2:38587, a606f2ed-cee1-417c-9fe3-1bdc4a375396|rpc:172.17.0.2:36775], old=null, confs=<EMPTY_MAP>
2020-12-29 10:09:52,111 [pool-285-thread-1] INFO  server.RaftServerConfigKeys (ConfUtils.java:logGet(44)) - raft.server.storage.dir = [/github/workspace/mnt/ozone/hadoop-ozone/integration-test/target/test-dir/MiniOzoneClusterImpl-b1ea8c03-8e89-4df6-8609-c05021ba0f19/datanode-3/data/ratis] (custom)
2020-12-29 10:09:52,111 [pool-285-thread-1] INFO  server.RaftServerConfigKeys (ConfUtils.java:logGet(44)) - raft.server.log.corruption.policy = EXCEPTION (default)
2020-12-29 10:09:52,111 [pool-285-thread-1] INFO  storage.RaftStorageDirectory (RaftStorageDirectory.java:analyzeStorage(260)) - The storage directory /github/workspace/mnt/ozone/hadoop-ozone/integration-test/target/test-dir/MiniOzoneClusterImpl-b1ea8c03-8e89-4df6-8609-c05021ba0f19/datanode-3/data/ratis/edb69426-88b0-48de-aade-f16552f941cd does not exist. Creating ...
2020-12-29 10:09:52,112 [pool-285-thread-1] INFO  storage.RaftStorageDirectory (RaftStorageDirectory.java:tryLock(342)) - Lock on /github/workspace/mnt/ozone/hadoop-ozone/integration-test/target/test-dir/MiniOzoneClusterImpl-b1ea8c03-8e89-4df6-8609-c05021ba0f19/datanode-3/data/ratis/edb69426-88b0-48de-aade-f16552f941cd/in_use.lock acquired by nodename 1628@79669b543b4d
2020-12-29 10:09:52,113 [pool-285-thread-1] INFO  storage.RaftStorage (RaftStorage.java:format(89)) - Storage directory /github/workspace/mnt/ozone/hadoop-ozone/integration-test/target/test-dir/MiniOzoneClusterImpl-b1ea8c03-8e89-4df6-8609-c05021ba0f19/datanode-3/data/ratis/edb69426-88b0-48de-aade-f16552f941cd has been successfully formatted.
2020-12-29 10:09:52,113 [pool-285-thread-1] INFO  ratis.ContainerStateMachine (ContainerStateMachine.java:loadSnapshot(223)) - group-F16552F941CD: The snapshot info is null. Setting the last applied indexto:(t:0, i:~)
2020-12-29 10:09:52,113 [pool-285-thread-1] ERROR storage.RaftStorage (RaftStorage.java:readRaftConfiguration(152)) - Failed reading configuration from file:/github/workspace/mnt/ozone/hadoop-ozone/integration-test/target/test-dir/MiniOzoneClusterImpl-b1ea8c03-8e89-4df6-8609-c05021ba0f19/datanode-3/data/ratis/edb69426-88b0-48de-aade-f16552f941cd/current/raft-meta.conf
java.io.FileNotFoundException: /github/workspace/mnt/ozone/hadoop-ozone/integration-test/target/test-dir/MiniOzoneClusterImpl-b1ea8c03-8e89-4df6-8609-c05021ba0f19/datanode-3/data/ratis/edb69426-88b0-48de-aade-f16552f941cd/current/raft-meta.conf (No such file or directory)
	at java.io.FileInputStream.open0(Native Method)
	at java.io.FileInputStream.open(FileInputStream.java:195)
	at java.io.FileInputStream.<init>(FileInputStream.java:138)
	at org.apache.ratis.server.storage.RaftStorage.readRaftConfiguration(RaftStorage.java:148)
	at org.apache.ratis.server.impl.ServerState.initStatemachine(ServerState.java:167)
	at org.apache.ratis.server.impl.ServerState.<init>(ServerState.java:112)
	at org.apache.ratis.server.impl.RaftServerImpl.<init>(RaftServerImpl.java:186)
	at org.apache.ratis.server.impl.RaftServerProxy.lambda$newRaftServerImpl$4(RaftServerProxy.java:264)
	at java.util.concurrent.CompletableFuture$AsyncSupply.run(CompletableFuture.java:1604)
	at java.util.concurrent.ThreadPoolExecutor.runWorker(ThreadPoolExecutor.java:1149)
	at java.util.concurrent.ThreadPoolExecutor$Worker.run(ThreadPoolExecutor.java:624)
	at java.lang.Thread.run(Thread.java:748)
2020-12-29 10:09:52,114 [pool-285-thread-1] INFO  server.RaftServerConfigKeys (ConfUtils.java:logGet(44)) - raft.server.notification.no-leader.timeout = 300s (custom)
2020-12-29 10:09:52,114 [pool-285-thread-1] INFO  server.RaftServerConfigKeys (ConfUtils.java:logGet(44)) - raft.server.log.use.memory = false (default)
2020-12-29 10:09:52,114 [pool-285-thread-1] INFO  server.RaftServerConfigKeys (ConfUtils.java:logGet(44)) - raft.server.log.purge.gap = 1000000 (custom)
2020-12-29 10:09:52,114 [pool-285-thread-1] INFO  metrics.RatisMetrics (RatisMetrics.java:lambda$create$0(36)) - Creating Metrics Registry : ratis.log_worker.856c4e2d-a2c2-4358-bc21-0d0c99327a9f@group-F16552F941CD
2020-12-29 10:09:52,114 [pool-285-thread-1] INFO  server.RaftServerConfigKeys (ConfUtils.java:logGet(44)) - raft.server.log.appender.buffer.byte-limit = 33554432 (custom)
2020-12-29 10:09:52,114 [pool-285-thread-1] INFO  server.RaftServerConfigKeys (ConfUtils.java:logGet(44)) - raft.server.log.segment.size.max = 1048576 (custom)
2020-12-29 10:09:52,114 [pool-285-thread-1] INFO  server.RaftServerConfigKeys (ConfUtils.java:logGet(44)) - raft.server.log.segment.cache.num.max = 2 (custom)
2020-12-29 10:09:52,114 [pool-285-thread-1] INFO  server.RaftServerConfigKeys (ConfUtils.java:logGet(44)) - raft.server.log.segment.cache.size.max = 200MB (=209715200) (default)
2020-12-29 10:09:52,114 [pool-285-thread-1] INFO  segmented.SegmentedRaftLogWorker (SegmentedRaftLogWorker.java:<init>(181)) - new 856c4e2d-a2c2-4358-bc21-0d0c99327a9f@group-F16552F941CD-SegmentedRaftLogWorker for RaftStorage:Storage Directory /github/workspace/mnt/ozone/hadoop-ozone/integration-test/target/test-dir/MiniOzoneClusterImpl-b1ea8c03-8e89-4df6-8609-c05021ba0f19/datanode-3/data/ratis/edb69426-88b0-48de-aade-f16552f941cd
2020-12-29 10:09:52,115 [pool-285-thread-1] INFO  server.RaftServerConfigKeys (ConfUtils.java:logGet(44)) - raft.server.log.queue.byte-limit = 2147483647 (custom)
2020-12-29 10:09:52,115 [pool-285-thread-1] INFO  server.RaftServerConfigKeys (ConfUtils.java:logGet(44)) - raft.server.log.queue.element-limit = 1024 (custom)
2020-12-29 10:09:52,115 [pool-285-thread-1] INFO  server.RaftServerConfigKeys (ConfUtils.java:logGet(44)) - raft.server.log.segment.size.max = 1048576 (custom)
2020-12-29 10:09:52,115 [pool-285-thread-1] INFO  server.RaftServerConfigKeys (ConfUtils.java:logGet(44)) - raft.server.log.preallocated.size = 16384 (custom)
2020-12-29 10:09:52,115 [EventQueue-OpenPipelineForHealthyPipelineSafeModeRule] INFO  safemode.SCMSafeModeManager (HealthyPipelineSafeModeRule.java:process(128)) - SCM in safe mode. Healthy pipelines reported count is 0, required healthy pipeline reported count is 1
2020-12-29 10:09:52,115 [EventQueue-PipelineReportForOneReplicaPipelineSafeModeRule] INFO  safemode.SCMSafeModeManager (SCMSafeModeManager.java:validateSafeModeExitRules(214)) - AtleastOneDatanodeReportedRule rule is successfully validated
2020-12-29 10:09:52,115 [pool-285-thread-1] INFO  server.RaftServerConfigKeys (ConfUtils.java:logGet(44)) - raft.server.log.force.sync.num = 128 (default)
2020-12-29 10:09:52,115 [pool-285-thread-1] INFO  server.RaftServerConfigKeys (ConfUtils.java:logGet(44)) - raft.server.log.statemachine.data.sync = true (default)
2020-12-29 10:09:52,115 [pool-285-thread-1] INFO  server.RaftServerConfigKeys (ConfUtils.java:logGet(44)) - raft.server.log.statemachine.data.sync.timeout = 10s (default)
2020-12-29 10:09:52,116 [pool-285-thread-1] INFO  server.RaftServerConfigKeys (ConfUtils.java:logGet(44)) - raft.server.log.statemachine.data.sync.timeout.retry = -1 (default)
2020-12-29 10:09:52,117 [pool-285-thread-1] INFO  server.RaftServerConfigKeys (ConfUtils.java:logGet(44)) - raft.server.log.write.buffer.size = 1048576 (custom)
2020-12-29 10:09:52,117 [pool-285-thread-1] INFO  server.RaftServerConfigKeys (ConfUtils.java:logGet(44)) - raft.server.log.statemachine.data.caching.enabled = true (custom)
2020-12-29 10:09:52,118 [pool-285-thread-1] INFO  segmented.SegmentedRaftLogWorker (SegmentedRaftLogWorker.java:lambda$new$0(132)) - 856c4e2d-a2c2-4358-bc21-0d0c99327a9f@group-F16552F941CD-SegmentedRaftLogWorker: flushIndex: setUnconditionally 0 -> -1
2020-12-29 10:09:52,118 [pool-285-thread-1] INFO  segmented.SegmentedRaftLogWorker (SegmentedRaftLogWorker.java:lambda$new$0(132)) - 856c4e2d-a2c2-4358-bc21-0d0c99327a9f@group-F16552F941CD-SegmentedRaftLogWorker: safeCacheEvictIndex: setUnconditionally 0 -> -1
2020-12-29 10:09:52,118 [pool-285-thread-1] INFO  server.RaftServerConfigKeys (ConfUtils.java:logGet(44)) - raft.server.snapshot.auto.trigger.enabled = true (custom)
2020-12-29 10:09:52,118 [pool-285-thread-1] INFO  server.RaftServerConfigKeys (ConfUtils.java:logGet(44)) - raft.server.snapshot.auto.trigger.threshold = 10000 (custom)
2020-12-29 10:09:52,118 [pool-285-thread-1] INFO  server.RaftServerConfigKeys (ConfUtils.java:logGet(44)) - raft.server.snapshot.retention.file.num = 5 (custom)
2020-12-29 10:09:52,118 [pool-285-thread-1] INFO  server.RaftServerConfigKeys (ConfUtils.java:logGet(44)) - raft.server.log.purge.upto.snapshot.index = false (default)
2020-12-29 10:09:52,118 [pool-285-thread-1] INFO  server.RaftServerConfigKeys (ConfUtils.java:logGet(44)) - raft.server.retrycache.expirytime = 600000ms (custom)
2020-12-29 10:09:52,118 [pool-285-thread-1] INFO  server.RaftServerConfigKeys (ConfUtils.java:logGet(44)) - raft.server.retrycache.statistics.expirytime = 100?s (default)
2020-12-29 10:09:52,118 [pool-285-thread-1] INFO  metrics.RatisMetrics (RatisMetrics.java:lambda$create$0(36)) - Creating Metrics Registry : ratis.leader_election.856c4e2d-a2c2-4358-bc21-0d0c99327a9f@group-F16552F941CD
2020-12-29 10:09:52,119 [pool-285-thread-1] INFO  metrics.RatisMetrics (RatisMetrics.java:lambda$create$0(36)) - Creating Metrics Registry : ratis.server.856c4e2d-a2c2-4358-bc21-0d0c99327a9f@group-F16552F941CD
2020-12-29 10:09:52,120 [pool-285-thread-1] INFO  server.RaftServer$Division (RaftServerImpl.java:start(286)) - 856c4e2d-a2c2-4358-bc21-0d0c99327a9f@group-F16552F941CD: start as a follower, conf=-1: [b063ad5b-b25a-46ed-abed-9b5302f3b533|rpc:172.17.0.2:42479, 856c4e2d-a2c2-4358-bc21-0d0c99327a9f|rpc:172.17.0.2:38587, a606f2ed-cee1-417c-9fe3-1bdc4a375396|rpc:172.17.0.2:36775], old=null
2020-12-29 10:09:52,120 [pool-285-thread-1] INFO  server.RaftServer$Division (RaftServerImpl.java:setRole(275)) - 856c4e2d-a2c2-4358-bc21-0d0c99327a9f@group-F16552F941CD: changes role from      null to FOLLOWER at term 0 for startAsFollower
2020-12-29 10:09:52,120 [pool-285-thread-1] INFO  impl.RoleInfo (RoleInfo.java:updateAndGet(130)) - 856c4e2d-a2c2-4358-bc21-0d0c99327a9f: start 856c4e2d-a2c2-4358-bc21-0d0c99327a9f@group-F16552F941CD-FollowerState
2020-12-29 10:09:52,120 [pool-285-thread-1] INFO  util.JmxRegister (JmxRegister.java:tryRegister(44)) - Successfully registered JMX Bean with object name Ratis:service=RaftServer,group=group-F16552F941CD,id=856c4e2d-a2c2-4358-bc21-0d0c99327a9f
2020-12-29 10:09:52,120 [pool-285-thread-1] INFO  metrics.RatisMetrics (RatisMetrics.java:lambda$create$0(36)) - Creating Metrics Registry : ratis.state_machine.856c4e2d-a2c2-4358-bc21-0d0c99327a9f@group-F16552F941CD
2020-12-29 10:09:52,122 [Command processor thread] INFO  metrics.RatisMetrics (RatisMetrics.java:lambda$create$0(36)) - Creating Metrics Registry : ratis.client_message_metrics.client-80378A38D1C4->b063ad5b-b25a-46ed-abed-9b5302f3b533
2020-12-29 10:09:52,127 [grpc-default-executor-1] INFO  metrics.RatisMetrics (RatisMetrics.java:lambda$create$0(36)) - Creating Metrics Registry : ratis.server_message_metrics.b063ad5b-b25a-46ed-abed-9b5302f3b533
2020-12-29 10:09:52,141 [grpc-default-executor-1] INFO  server.RaftServer (RaftServerProxy.java:addNew(93)) - b063ad5b-b25a-46ed-abed-9b5302f3b533: addNew group-F16552F941CD:[b063ad5b-b25a-46ed-abed-9b5302f3b533|rpc:172.17.0.2:42479|dataStream:, 856c4e2d-a2c2-4358-bc21-0d0c99327a9f|rpc:172.17.0.2:38587|dataStream:, a606f2ed-cee1-417c-9fe3-1bdc4a375396|rpc:172.17.0.2:36775|dataStream:] returns group-F16552F941CD:java.util.concurrent.CompletableFuture@473b68a8[Not completed]
2020-12-29 10:09:52,142 [pool-301-thread-1] INFO  server.RaftServer$Division (RaftServerImpl.java:<init>(173)) - b063ad5b-b25a-46ed-abed-9b5302f3b533: new RaftServerImpl for group-F16552F941CD:[b063ad5b-b25a-46ed-abed-9b5302f3b533|rpc:172.17.0.2:42479|dataStream:, 856c4e2d-a2c2-4358-bc21-0d0c99327a9f|rpc:172.17.0.2:38587|dataStream:, a606f2ed-cee1-417c-9fe3-1bdc4a375396|rpc:172.17.0.2:36775|dataStream:] with ContainerStateMachine:uninitialized
2020-12-29 10:09:52,148 [pool-301-thread-1] INFO  server.RaftServerConfigKeys (ConfUtils.java:logGet(44)) - raft.server.rpc.timeout.min = 5s (custom)
2020-12-29 10:09:52,148 [pool-301-thread-1] INFO  server.RaftServerConfigKeys (ConfUtils.java:logGet(44)) - raft.server.rpc.timeout.max = 5200ms (custom)
2020-12-29 10:09:52,148 [pool-301-thread-1] INFO  server.RaftServerConfigKeys (ConfUtils.java:logGet(44)) - raft.server.rpc.sleep.time = 25ms (default)
2020-12-29 10:09:52,148 [pool-301-thread-1] INFO  server.RaftServerConfigKeys (ConfUtils.java:logGet(44)) - raft.server.rpc.slowness.timeout = 300s (custom)
2020-12-29 10:09:52,148 [pool-301-thread-1] INFO  server.RaftServerConfigKeys (ConfUtils.java:logGet(44)) - raft.server.leaderelection.leader.step-down.wait-time = 10s (default)
2020-12-29 10:09:52,148 [pool-301-thread-1] INFO  server.RaftServerConfigKeys (ConfUtils.java:logGet(44)) - raft.server.sleep.deviation.threshold = 300ms (default)
2020-12-29 10:09:52,148 [pool-301-thread-1] INFO  server.RaftServerConfigKeys (ConfUtils.java:logGet(44)) - raft.server.log.appender.install.snapshot.enabled = false (custom)
2020-12-29 10:09:52,148 [pool-301-thread-1] INFO  server.RaftServer$Division (ServerState.java:<init>(104)) - b063ad5b-b25a-46ed-abed-9b5302f3b533@group-F16552F941CD: ConfigurationManager, init=-1: [b063ad5b-b25a-46ed-abed-9b5302f3b533|rpc:172.17.0.2:42479|dataStream:, 856c4e2d-a2c2-4358-bc21-0d0c99327a9f|rpc:172.17.0.2:38587|dataStream:, a606f2ed-cee1-417c-9fe3-1bdc4a375396|rpc:172.17.0.2:36775|dataStream:], old=null, confs=<EMPTY_MAP>
2020-12-29 10:09:52,149 [pool-301-thread-1] INFO  server.RaftServerConfigKeys (ConfUtils.java:logGet(44)) - raft.server.storage.dir = [/github/workspace/mnt/ozone/hadoop-ozone/integration-test/target/test-dir/MiniOzoneClusterImpl-b1ea8c03-8e89-4df6-8609-c05021ba0f19/datanode-4/data/ratis] (custom)
2020-12-29 10:09:52,149 [pool-301-thread-1] INFO  server.RaftServerConfigKeys (ConfUtils.java:logGet(44)) - raft.server.log.corruption.policy = EXCEPTION (default)
2020-12-29 10:09:52,149 [pool-301-thread-1] INFO  storage.RaftStorageDirectory (RaftStorageDirectory.java:analyzeStorage(260)) - The storage directory /github/workspace/mnt/ozone/hadoop-ozone/integration-test/target/test-dir/MiniOzoneClusterImpl-b1ea8c03-8e89-4df6-8609-c05021ba0f19/datanode-4/data/ratis/edb69426-88b0-48de-aade-f16552f941cd does not exist. Creating ...
2020-12-29 10:09:52,153 [pool-301-thread-1] INFO  storage.RaftStorageDirectory (RaftStorageDirectory.java:tryLock(342)) - Lock on /github/workspace/mnt/ozone/hadoop-ozone/integration-test/target/test-dir/MiniOzoneClusterImpl-b1ea8c03-8e89-4df6-8609-c05021ba0f19/datanode-4/data/ratis/edb69426-88b0-48de-aade-f16552f941cd/in_use.lock acquired by nodename 1628@79669b543b4d
2020-12-29 10:09:52,154 [pool-301-thread-1] INFO  storage.RaftStorage (RaftStorage.java:format(89)) - Storage directory /github/workspace/mnt/ozone/hadoop-ozone/integration-test/target/test-dir/MiniOzoneClusterImpl-b1ea8c03-8e89-4df6-8609-c05021ba0f19/datanode-4/data/ratis/edb69426-88b0-48de-aade-f16552f941cd has been successfully formatted.
2020-12-29 10:09:52,154 [pool-301-thread-1] INFO  ratis.ContainerStateMachine (ContainerStateMachine.java:loadSnapshot(223)) - group-F16552F941CD: The snapshot info is null. Setting the last applied indexto:(t:0, i:~)
2020-12-29 10:09:52,155 [pool-301-thread-1] ERROR storage.RaftStorage (RaftStorage.java:readRaftConfiguration(152)) - Failed reading configuration from file:/github/workspace/mnt/ozone/hadoop-ozone/integration-test/target/test-dir/MiniOzoneClusterImpl-b1ea8c03-8e89-4df6-8609-c05021ba0f19/datanode-4/data/ratis/edb69426-88b0-48de-aade-f16552f941cd/current/raft-meta.conf
java.io.FileNotFoundException: /github/workspace/mnt/ozone/hadoop-ozone/integration-test/target/test-dir/MiniOzoneClusterImpl-b1ea8c03-8e89-4df6-8609-c05021ba0f19/datanode-4/data/ratis/edb69426-88b0-48de-aade-f16552f941cd/current/raft-meta.conf (No such file or directory)
	at java.io.FileInputStream.open0(Native Method)
	at java.io.FileInputStream.open(FileInputStream.java:195)
	at java.io.FileInputStream.<init>(FileInputStream.java:138)
	at org.apache.ratis.server.storage.RaftStorage.readRaftConfiguration(RaftStorage.java:148)
	at org.apache.ratis.server.impl.ServerState.initStatemachine(ServerState.java:167)
	at org.apache.ratis.server.impl.ServerState.<init>(ServerState.java:112)
	at org.apache.ratis.server.impl.RaftServerImpl.<init>(RaftServerImpl.java:186)
	at org.apache.ratis.server.impl.RaftServerProxy.lambda$newRaftServerImpl$4(RaftServerProxy.java:264)
	at java.util.concurrent.CompletableFuture$AsyncSupply.run(CompletableFuture.java:1604)
	at java.util.concurrent.ThreadPoolExecutor.runWorker(ThreadPoolExecutor.java:1149)
	at java.util.concurrent.ThreadPoolExecutor$Worker.run(ThreadPoolExecutor.java:624)
	at java.lang.Thread.run(Thread.java:748)
2020-12-29 10:09:52,156 [EventQueue-PipelineReportForOneReplicaPipelineSafeModeRule] INFO  safemode.SCMSafeModeManager (SCMSafeModeManager.java:validateSafeModeExitRules(214)) - AtleastOneDatanodeReportedRule rule is successfully validated
2020-12-29 10:09:52,156 [pool-301-thread-1] INFO  server.RaftServerConfigKeys (ConfUtils.java:logGet(44)) - raft.server.notification.no-leader.timeout = 300s (custom)
2020-12-29 10:09:52,156 [pool-301-thread-1] INFO  server.RaftServerConfigKeys (ConfUtils.java:logGet(44)) - raft.server.log.use.memory = false (default)
2020-12-29 10:09:52,156 [pool-301-thread-1] INFO  server.RaftServerConfigKeys (ConfUtils.java:logGet(44)) - raft.server.log.purge.gap = 1000000 (custom)
2020-12-29 10:09:52,156 [pool-301-thread-1] INFO  metrics.RatisMetrics (RatisMetrics.java:lambda$create$0(36)) - Creating Metrics Registry : ratis.log_worker.b063ad5b-b25a-46ed-abed-9b5302f3b533@group-F16552F941CD
2020-12-29 10:09:52,157 [pool-301-thread-1] INFO  server.RaftServerConfigKeys (ConfUtils.java:logGet(44)) - raft.server.log.appender.buffer.byte-limit = 33554432 (custom)
2020-12-29 10:09:52,157 [pool-301-thread-1] INFO  server.RaftServerConfigKeys (ConfUtils.java:logGet(44)) - raft.server.log.segment.size.max = 1048576 (custom)
2020-12-29 10:09:52,157 [pool-301-thread-1] INFO  server.RaftServerConfigKeys (ConfUtils.java:logGet(44)) - raft.server.log.segment.cache.num.max = 2 (custom)
2020-12-29 10:09:52,157 [pool-301-thread-1] INFO  server.RaftServerConfigKeys (ConfUtils.java:logGet(44)) - raft.server.log.segment.cache.size.max = 200MB (=209715200) (default)
2020-12-29 10:09:52,157 [pool-301-thread-1] INFO  segmented.SegmentedRaftLogWorker (SegmentedRaftLogWorker.java:<init>(181)) - new b063ad5b-b25a-46ed-abed-9b5302f3b533@group-F16552F941CD-SegmentedRaftLogWorker for RaftStorage:Storage Directory /github/workspace/mnt/ozone/hadoop-ozone/integration-test/target/test-dir/MiniOzoneClusterImpl-b1ea8c03-8e89-4df6-8609-c05021ba0f19/datanode-4/data/ratis/edb69426-88b0-48de-aade-f16552f941cd
2020-12-29 10:09:52,158 [pool-301-thread-1] INFO  server.RaftServerConfigKeys (ConfUtils.java:logGet(44)) - raft.server.log.queue.byte-limit = 2147483647 (custom)
2020-12-29 10:09:52,158 [pool-301-thread-1] INFO  server.RaftServerConfigKeys (ConfUtils.java:logGet(44)) - raft.server.log.queue.element-limit = 1024 (custom)
2020-12-29 10:09:52,158 [pool-301-thread-1] INFO  server.RaftServerConfigKeys (ConfUtils.java:logGet(44)) - raft.server.log.segment.size.max = 1048576 (custom)
2020-12-29 10:09:52,158 [pool-301-thread-1] INFO  server.RaftServerConfigKeys (ConfUtils.java:logGet(44)) - raft.server.log.preallocated.size = 16384 (custom)
2020-12-29 10:09:52,158 [pool-301-thread-1] INFO  server.RaftServerConfigKeys (ConfUtils.java:logGet(44)) - raft.server.log.force.sync.num = 128 (default)
2020-12-29 10:09:52,158 [pool-301-thread-1] INFO  server.RaftServerConfigKeys (ConfUtils.java:logGet(44)) - raft.server.log.statemachine.data.sync = true (default)
2020-12-29 10:09:52,158 [pool-301-thread-1] INFO  server.RaftServerConfigKeys (ConfUtils.java:logGet(44)) - raft.server.log.statemachine.data.sync.timeout = 10s (default)
2020-12-29 10:09:52,158 [pool-301-thread-1] INFO  server.RaftServerConfigKeys (ConfUtils.java:logGet(44)) - raft.server.log.statemachine.data.sync.timeout.retry = -1 (default)
2020-12-29 10:09:52,159 [pool-301-thread-1] INFO  server.RaftServerConfigKeys (ConfUtils.java:logGet(44)) - raft.server.log.write.buffer.size = 1048576 (custom)
2020-12-29 10:09:52,160 [pool-301-thread-1] INFO  server.RaftServerConfigKeys (ConfUtils.java:logGet(44)) - raft.server.log.statemachine.data.caching.enabled = true (custom)
2020-12-29 10:09:52,161 [pool-301-thread-1] INFO  segmented.SegmentedRaftLogWorker (SegmentedRaftLogWorker.java:lambda$new$0(132)) - b063ad5b-b25a-46ed-abed-9b5302f3b533@group-F16552F941CD-SegmentedRaftLogWorker: flushIndex: setUnconditionally 0 -> -1
2020-12-29 10:09:52,161 [pool-301-thread-1] INFO  segmented.SegmentedRaftLogWorker (SegmentedRaftLogWorker.java:lambda$new$0(132)) - b063ad5b-b25a-46ed-abed-9b5302f3b533@group-F16552F941CD-SegmentedRaftLogWorker: safeCacheEvictIndex: setUnconditionally 0 -> -1
2020-12-29 10:09:52,164 [pool-301-thread-1] INFO  server.RaftServerConfigKeys (ConfUtils.java:logGet(44)) - raft.server.snapshot.auto.trigger.enabled = true (custom)
2020-12-29 10:09:52,165 [pool-301-thread-1] INFO  server.RaftServerConfigKeys (ConfUtils.java:logGet(44)) - raft.server.snapshot.auto.trigger.threshold = 10000 (custom)
2020-12-29 10:09:52,165 [pool-301-thread-1] INFO  server.RaftServerConfigKeys (ConfUtils.java:logGet(44)) - raft.server.snapshot.retention.file.num = 5 (custom)
2020-12-29 10:09:52,165 [pool-301-thread-1] INFO  server.RaftServerConfigKeys (ConfUtils.java:logGet(44)) - raft.server.log.purge.upto.snapshot.index = false (default)
2020-12-29 10:09:52,165 [pool-301-thread-1] INFO  server.RaftServerConfigKeys (ConfUtils.java:logGet(44)) - raft.server.retrycache.expirytime = 600000ms (custom)
2020-12-29 10:09:52,165 [pool-301-thread-1] INFO  server.RaftServerConfigKeys (ConfUtils.java:logGet(44)) - raft.server.retrycache.statistics.expirytime = 100?s (default)
2020-12-29 10:09:52,165 [pool-301-thread-1] INFO  metrics.RatisMetrics (RatisMetrics.java:lambda$create$0(36)) - Creating Metrics Registry : ratis.leader_election.b063ad5b-b25a-46ed-abed-9b5302f3b533@group-F16552F941CD
2020-12-29 10:09:52,165 [pool-301-thread-1] INFO  metrics.RatisMetrics (RatisMetrics.java:lambda$create$0(36)) - Creating Metrics Registry : ratis.server.b063ad5b-b25a-46ed-abed-9b5302f3b533@group-F16552F941CD
2020-12-29 10:09:52,166 [pool-301-thread-1] INFO  server.RaftServer$Division (RaftServerImpl.java:start(286)) - b063ad5b-b25a-46ed-abed-9b5302f3b533@group-F16552F941CD: start as a follower, conf=-1: [b063ad5b-b25a-46ed-abed-9b5302f3b533|rpc:172.17.0.2:42479|dataStream:, 856c4e2d-a2c2-4358-bc21-0d0c99327a9f|rpc:172.17.0.2:38587|dataStream:, a606f2ed-cee1-417c-9fe3-1bdc4a375396|rpc:172.17.0.2:36775|dataStream:], old=null
2020-12-29 10:09:52,167 [pool-301-thread-1] INFO  server.RaftServer$Division (RaftServerImpl.java:setRole(275)) - b063ad5b-b25a-46ed-abed-9b5302f3b533@group-F16552F941CD: changes role from      null to FOLLOWER at term 0 for startAsFollower
2020-12-29 10:09:52,167 [pool-301-thread-1] INFO  impl.RoleInfo (RoleInfo.java:updateAndGet(130)) - b063ad5b-b25a-46ed-abed-9b5302f3b533: start b063ad5b-b25a-46ed-abed-9b5302f3b533@group-F16552F941CD-FollowerState
2020-12-29 10:09:52,167 [pool-301-thread-1] INFO  util.JmxRegister (JmxRegister.java:tryRegister(44)) - Successfully registered JMX Bean with object name Ratis:service=RaftServer,group=group-F16552F941CD,id=b063ad5b-b25a-46ed-abed-9b5302f3b533
2020-12-29 10:09:52,167 [pool-301-thread-1] INFO  metrics.RatisMetrics (RatisMetrics.java:lambda$create$0(36)) - Creating Metrics Registry : ratis.state_machine.b063ad5b-b25a-46ed-abed-9b5302f3b533@group-F16552F941CD
2020-12-29 10:09:52,173 [Command processor thread] INFO  metrics.RatisMetrics (RatisMetrics.java:lambda$create$0(36)) - Creating Metrics Registry : ratis.client_message_metrics.client-E215FD02D02D->a606f2ed-cee1-417c-9fe3-1bdc4a375396
2020-12-29 10:09:52,178 [grpc-default-executor-1] INFO  metrics.RatisMetrics (RatisMetrics.java:lambda$create$0(36)) - Creating Metrics Registry : ratis.server_message_metrics.a606f2ed-cee1-417c-9fe3-1bdc4a375396
2020-12-29 10:09:52,180 [grpc-default-executor-1] INFO  server.RaftServer (RaftServerProxy.java:addNew(93)) - a606f2ed-cee1-417c-9fe3-1bdc4a375396: addNew group-F16552F941CD:[b063ad5b-b25a-46ed-abed-9b5302f3b533|rpc:172.17.0.2:42479|dataStream:, 856c4e2d-a2c2-4358-bc21-0d0c99327a9f|rpc:172.17.0.2:38587|dataStream:, a606f2ed-cee1-417c-9fe3-1bdc4a375396|rpc:172.17.0.2:36775|dataStream:] returns group-F16552F941CD:java.util.concurrent.CompletableFuture@307d2594[Not completed]
2020-12-29 10:09:52,181 [pool-316-thread-1] INFO  server.RaftServer$Division (RaftServerImpl.java:<init>(173)) - a606f2ed-cee1-417c-9fe3-1bdc4a375396: new RaftServerImpl for group-F16552F941CD:[b063ad5b-b25a-46ed-abed-9b5302f3b533|rpc:172.17.0.2:42479|dataStream:, 856c4e2d-a2c2-4358-bc21-0d0c99327a9f|rpc:172.17.0.2:38587|dataStream:, a606f2ed-cee1-417c-9fe3-1bdc4a375396|rpc:172.17.0.2:36775|dataStream:] with ContainerStateMachine:uninitialized
2020-12-29 10:09:52,181 [pool-316-thread-1] INFO  server.RaftServerConfigKeys (ConfUtils.java:logGet(44)) - raft.server.rpc.timeout.min = 5s (custom)
2020-12-29 10:09:52,181 [pool-316-thread-1] INFO  server.RaftServerConfigKeys (ConfUtils.java:logGet(44)) - raft.server.rpc.timeout.max = 5200ms (custom)
2020-12-29 10:09:52,181 [pool-316-thread-1] INFO  server.RaftServerConfigKeys (ConfUtils.java:logGet(44)) - raft.server.rpc.sleep.time = 25ms (default)
2020-12-29 10:09:52,181 [pool-316-thread-1] INFO  server.RaftServerConfigKeys (ConfUtils.java:logGet(44)) - raft.server.rpc.slowness.timeout = 300s (custom)
2020-12-29 10:09:52,181 [pool-316-thread-1] INFO  server.RaftServerConfigKeys (ConfUtils.java:logGet(44)) - raft.server.leaderelection.leader.step-down.wait-time = 10s (default)
2020-12-29 10:09:52,181 [pool-316-thread-1] INFO  server.RaftServerConfigKeys (ConfUtils.java:logGet(44)) - raft.server.sleep.deviation.threshold = 300ms (default)
2020-12-29 10:09:52,181 [pool-316-thread-1] INFO  server.RaftServerConfigKeys (ConfUtils.java:logGet(44)) - raft.server.log.appender.install.snapshot.enabled = false (custom)
2020-12-29 10:09:52,181 [pool-316-thread-1] INFO  server.RaftServer$Division (ServerState.java:<init>(104)) - a606f2ed-cee1-417c-9fe3-1bdc4a375396@group-F16552F941CD: ConfigurationManager, init=-1: [b063ad5b-b25a-46ed-abed-9b5302f3b533|rpc:172.17.0.2:42479|dataStream:, 856c4e2d-a2c2-4358-bc21-0d0c99327a9f|rpc:172.17.0.2:38587|dataStream:, a606f2ed-cee1-417c-9fe3-1bdc4a375396|rpc:172.17.0.2:36775|dataStream:], old=null, confs=<EMPTY_MAP>
2020-12-29 10:09:52,182 [pool-316-thread-1] INFO  server.RaftServerConfigKeys (ConfUtils.java:logGet(44)) - raft.server.storage.dir = [/github/workspace/mnt/ozone/hadoop-ozone/integration-test/target/test-dir/MiniOzoneClusterImpl-b1ea8c03-8e89-4df6-8609-c05021ba0f19/datanode-5/data/ratis] (custom)
2020-12-29 10:09:52,182 [pool-316-thread-1] INFO  server.RaftServerConfigKeys (ConfUtils.java:logGet(44)) - raft.server.log.corruption.policy = EXCEPTION (default)
2020-12-29 10:09:52,182 [pool-316-thread-1] INFO  storage.RaftStorageDirectory (RaftStorageDirectory.java:analyzeStorage(260)) - The storage directory /github/workspace/mnt/ozone/hadoop-ozone/integration-test/target/test-dir/MiniOzoneClusterImpl-b1ea8c03-8e89-4df6-8609-c05021ba0f19/datanode-5/data/ratis/edb69426-88b0-48de-aade-f16552f941cd does not exist. Creating ...
2020-12-29 10:09:52,183 [pool-316-thread-1] INFO  storage.RaftStorageDirectory (RaftStorageDirectory.java:tryLock(342)) - Lock on /github/workspace/mnt/ozone/hadoop-ozone/integration-test/target/test-dir/MiniOzoneClusterImpl-b1ea8c03-8e89-4df6-8609-c05021ba0f19/datanode-5/data/ratis/edb69426-88b0-48de-aade-f16552f941cd/in_use.lock acquired by nodename 1628@79669b543b4d
2020-12-29 10:09:52,184 [pool-316-thread-1] INFO  storage.RaftStorage (RaftStorage.java:format(89)) - Storage directory /github/workspace/mnt/ozone/hadoop-ozone/integration-test/target/test-dir/MiniOzoneClusterImpl-b1ea8c03-8e89-4df6-8609-c05021ba0f19/datanode-5/data/ratis/edb69426-88b0-48de-aade-f16552f941cd has been successfully formatted.
2020-12-29 10:09:52,185 [pool-316-thread-1] INFO  ratis.ContainerStateMachine (ContainerStateMachine.java:loadSnapshot(223)) - group-F16552F941CD: The snapshot info is null. Setting the last applied indexto:(t:0, i:~)
2020-12-29 10:09:52,185 [pool-316-thread-1] ERROR storage.RaftStorage (RaftStorage.java:readRaftConfiguration(152)) - Failed reading configuration from file:/github/workspace/mnt/ozone/hadoop-ozone/integration-test/target/test-dir/MiniOzoneClusterImpl-b1ea8c03-8e89-4df6-8609-c05021ba0f19/datanode-5/data/ratis/edb69426-88b0-48de-aade-f16552f941cd/current/raft-meta.conf
java.io.FileNotFoundException: /github/workspace/mnt/ozone/hadoop-ozone/integration-test/target/test-dir/MiniOzoneClusterImpl-b1ea8c03-8e89-4df6-8609-c05021ba0f19/datanode-5/data/ratis/edb69426-88b0-48de-aade-f16552f941cd/current/raft-meta.conf (No such file or directory)
	at java.io.FileInputStream.open0(Native Method)
	at java.io.FileInputStream.open(FileInputStream.java:195)
	at java.io.FileInputStream.<init>(FileInputStream.java:138)
	at org.apache.ratis.server.storage.RaftStorage.readRaftConfiguration(RaftStorage.java:148)
	at org.apache.ratis.server.impl.ServerState.initStatemachine(ServerState.java:167)
	at org.apache.ratis.server.impl.ServerState.<init>(ServerState.java:112)
	at org.apache.ratis.server.impl.RaftServerImpl.<init>(RaftServerImpl.java:186)
	at org.apache.ratis.server.impl.RaftServerProxy.lambda$newRaftServerImpl$4(RaftServerProxy.java:264)
	at java.util.concurrent.CompletableFuture$AsyncSupply.run(CompletableFuture.java:1604)
	at java.util.concurrent.ThreadPoolExecutor.runWorker(ThreadPoolExecutor.java:1149)
	at java.util.concurrent.ThreadPoolExecutor$Worker.run(ThreadPoolExecutor.java:624)
	at java.lang.Thread.run(Thread.java:748)
2020-12-29 10:09:52,185 [pool-316-thread-1] INFO  server.RaftServerConfigKeys (ConfUtils.java:logGet(44)) - raft.server.notification.no-leader.timeout = 300s (custom)
2020-12-29 10:09:52,185 [EventQueue-PipelineReportForOneReplicaPipelineSafeModeRule] INFO  safemode.SCMSafeModeManager (SCMSafeModeManager.java:validateSafeModeExitRules(214)) - AtleastOneDatanodeReportedRule rule is successfully validated
2020-12-29 10:09:52,186 [pool-316-thread-1] INFO  server.RaftServerConfigKeys (ConfUtils.java:logGet(44)) - raft.server.log.use.memory = false (default)
2020-12-29 10:09:52,186 [pool-316-thread-1] INFO  server.RaftServerConfigKeys (ConfUtils.java:logGet(44)) - raft.server.log.purge.gap = 1000000 (custom)
2020-12-29 10:09:52,186 [pool-316-thread-1] INFO  metrics.RatisMetrics (RatisMetrics.java:lambda$create$0(36)) - Creating Metrics Registry : ratis.log_worker.a606f2ed-cee1-417c-9fe3-1bdc4a375396@group-F16552F941CD
2020-12-29 10:09:52,186 [pool-316-thread-1] INFO  server.RaftServerConfigKeys (ConfUtils.java:logGet(44)) - raft.server.log.appender.buffer.byte-limit = 33554432 (custom)
2020-12-29 10:09:52,186 [pool-316-thread-1] INFO  server.RaftServerConfigKeys (ConfUtils.java:logGet(44)) - raft.server.log.segment.size.max = 1048576 (custom)
2020-12-29 10:09:52,187 [pool-316-thread-1] INFO  server.RaftServerConfigKeys (ConfUtils.java:logGet(44)) - raft.server.log.segment.cache.num.max = 2 (custom)
2020-12-29 10:09:52,187 [pool-316-thread-1] INFO  server.RaftServerConfigKeys (ConfUtils.java:logGet(44)) - raft.server.log.segment.cache.size.max = 200MB (=209715200) (default)
2020-12-29 10:09:52,187 [pool-316-thread-1] INFO  segmented.SegmentedRaftLogWorker (SegmentedRaftLogWorker.java:<init>(181)) - new a606f2ed-cee1-417c-9fe3-1bdc4a375396@group-F16552F941CD-SegmentedRaftLogWorker for RaftStorage:Storage Directory /github/workspace/mnt/ozone/hadoop-ozone/integration-test/target/test-dir/MiniOzoneClusterImpl-b1ea8c03-8e89-4df6-8609-c05021ba0f19/datanode-5/data/ratis/edb69426-88b0-48de-aade-f16552f941cd
2020-12-29 10:09:52,187 [pool-316-thread-1] INFO  server.RaftServerConfigKeys (ConfUtils.java:logGet(44)) - raft.server.log.queue.byte-limit = 2147483647 (custom)
2020-12-29 10:09:52,187 [pool-316-thread-1] INFO  server.RaftServerConfigKeys (ConfUtils.java:logGet(44)) - raft.server.log.queue.element-limit = 1024 (custom)
2020-12-29 10:09:52,187 [pool-316-thread-1] INFO  server.RaftServerConfigKeys (ConfUtils.java:logGet(44)) - raft.server.log.segment.size.max = 1048576 (custom)
2020-12-29 10:09:52,187 [pool-316-thread-1] INFO  server.RaftServerConfigKeys (ConfUtils.java:logGet(44)) - raft.server.log.preallocated.size = 16384 (custom)
2020-12-29 10:09:52,187 [pool-316-thread-1] INFO  server.RaftServerConfigKeys (ConfUtils.java:logGet(44)) - raft.server.log.force.sync.num = 128 (default)
2020-12-29 10:09:52,187 [pool-316-thread-1] INFO  server.RaftServerConfigKeys (ConfUtils.java:logGet(44)) - raft.server.log.statemachine.data.sync = true (default)
2020-12-29 10:09:52,187 [pool-316-thread-1] INFO  server.RaftServerConfigKeys (ConfUtils.java:logGet(44)) - raft.server.log.statemachine.data.sync.timeout = 10s (default)
2020-12-29 10:09:52,187 [pool-316-thread-1] INFO  server.RaftServerConfigKeys (ConfUtils.java:logGet(44)) - raft.server.log.statemachine.data.sync.timeout.retry = -1 (default)
2020-12-29 10:09:52,189 [pool-316-thread-1] INFO  server.RaftServerConfigKeys (ConfUtils.java:logGet(44)) - raft.server.log.write.buffer.size = 1048576 (custom)
2020-12-29 10:09:52,190 [pool-316-thread-1] INFO  server.RaftServerConfigKeys (ConfUtils.java:logGet(44)) - raft.server.log.statemachine.data.caching.enabled = true (custom)
2020-12-29 10:09:52,190 [pool-316-thread-1] INFO  segmented.SegmentedRaftLogWorker (SegmentedRaftLogWorker.java:lambda$new$0(132)) - a606f2ed-cee1-417c-9fe3-1bdc4a375396@group-F16552F941CD-SegmentedRaftLogWorker: flushIndex: setUnconditionally 0 -> -1
2020-12-29 10:09:52,190 [pool-316-thread-1] INFO  segmented.SegmentedRaftLogWorker (SegmentedRaftLogWorker.java:lambda$new$0(132)) - a606f2ed-cee1-417c-9fe3-1bdc4a375396@group-F16552F941CD-SegmentedRaftLogWorker: safeCacheEvictIndex: setUnconditionally 0 -> -1
2020-12-29 10:09:52,191 [pool-316-thread-1] INFO  server.RaftServerConfigKeys (ConfUtils.java:logGet(44)) - raft.server.snapshot.auto.trigger.enabled = true (custom)
2020-12-29 10:09:52,191 [pool-316-thread-1] INFO  server.RaftServerConfigKeys (ConfUtils.java:logGet(44)) - raft.server.snapshot.auto.trigger.threshold = 10000 (custom)
2020-12-29 10:09:52,191 [pool-316-thread-1] INFO  server.RaftServerConfigKeys (ConfUtils.java:logGet(44)) - raft.server.snapshot.retention.file.num = 5 (custom)
2020-12-29 10:09:52,191 [pool-316-thread-1] INFO  server.RaftServerConfigKeys (ConfUtils.java:logGet(44)) - raft.server.log.purge.upto.snapshot.index = false (default)
2020-12-29 10:09:52,191 [pool-316-thread-1] INFO  server.RaftServerConfigKeys (ConfUtils.java:logGet(44)) - raft.server.retrycache.expirytime = 600000ms (custom)
2020-12-29 10:09:52,191 [pool-316-thread-1] INFO  server.RaftServerConfigKeys (ConfUtils.java:logGet(44)) - raft.server.retrycache.statistics.expirytime = 100?s (default)
2020-12-29 10:09:52,191 [pool-316-thread-1] INFO  metrics.RatisMetrics (RatisMetrics.java:lambda$create$0(36)) - Creating Metrics Registry : ratis.leader_election.a606f2ed-cee1-417c-9fe3-1bdc4a375396@group-F16552F941CD
2020-12-29 10:09:52,191 [pool-316-thread-1] INFO  metrics.RatisMetrics (RatisMetrics.java:lambda$create$0(36)) - Creating Metrics Registry : ratis.server.a606f2ed-cee1-417c-9fe3-1bdc4a375396@group-F16552F941CD
2020-12-29 10:09:52,192 [pool-316-thread-1] INFO  server.RaftServer$Division (RaftServerImpl.java:start(286)) - a606f2ed-cee1-417c-9fe3-1bdc4a375396@group-F16552F941CD: start as a follower, conf=-1: [b063ad5b-b25a-46ed-abed-9b5302f3b533|rpc:172.17.0.2:42479|dataStream:, 856c4e2d-a2c2-4358-bc21-0d0c99327a9f|rpc:172.17.0.2:38587|dataStream:, a606f2ed-cee1-417c-9fe3-1bdc4a375396|rpc:172.17.0.2:36775|dataStream:], old=null
2020-12-29 10:09:52,192 [pool-316-thread-1] INFO  server.RaftServer$Division (RaftServerImpl.java:setRole(275)) - a606f2ed-cee1-417c-9fe3-1bdc4a375396@group-F16552F941CD: changes role from      null to FOLLOWER at term 0 for startAsFollower
2020-12-29 10:09:52,192 [pool-316-thread-1] INFO  impl.RoleInfo (RoleInfo.java:updateAndGet(130)) - a606f2ed-cee1-417c-9fe3-1bdc4a375396: start a606f2ed-cee1-417c-9fe3-1bdc4a375396@group-F16552F941CD-FollowerState
2020-12-29 10:09:52,193 [pool-316-thread-1] INFO  util.JmxRegister (JmxRegister.java:tryRegister(44)) - Successfully registered JMX Bean with object name Ratis:service=RaftServer,group=group-F16552F941CD,id=a606f2ed-cee1-417c-9fe3-1bdc4a375396
2020-12-29 10:09:52,193 [pool-316-thread-1] INFO  metrics.RatisMetrics (RatisMetrics.java:lambda$create$0(36)) - Creating Metrics Registry : ratis.state_machine.a606f2ed-cee1-417c-9fe3-1bdc4a375396@group-F16552F941CD
2020-12-29 10:09:52,201 [Command processor thread] INFO  commandhandler.CreatePipelineCommandHandler (CreatePipelineCommandHandler.java:handle(106)) - Created Pipeline RATIS THREE PipelineID=edb69426-88b0-48de-aade-f16552f941cd.
2020-12-29 10:09:52,334 [Command processor thread] INFO  server.RaftServer (RaftServerProxy.java:addNew(93)) - b063ad5b-b25a-46ed-abed-9b5302f3b533: addNew group-00BB1F5D51C9:[b063ad5b-b25a-46ed-abed-9b5302f3b533|rpc:172.17.0.2:42479] returns group-00BB1F5D51C9:java.util.concurrent.CompletableFuture@2ef8127a[Not completed]
2020-12-29 10:09:52,335 [pool-301-thread-1] INFO  server.RaftServer$Division (RaftServerImpl.java:<init>(173)) - b063ad5b-b25a-46ed-abed-9b5302f3b533: new RaftServerImpl for group-00BB1F5D51C9:[b063ad5b-b25a-46ed-abed-9b5302f3b533|rpc:172.17.0.2:42479] with ContainerStateMachine:uninitialized
2020-12-29 10:09:52,336 [pool-301-thread-1] INFO  server.RaftServerConfigKeys (ConfUtils.java:logGet(44)) - raft.server.rpc.timeout.min = 5s (custom)
2020-12-29 10:09:52,336 [pool-301-thread-1] INFO  server.RaftServerConfigKeys (ConfUtils.java:logGet(44)) - raft.server.rpc.timeout.max = 5200ms (custom)
2020-12-29 10:09:52,336 [pool-301-thread-1] INFO  server.RaftServerConfigKeys (ConfUtils.java:logGet(44)) - raft.server.rpc.sleep.time = 25ms (default)
2020-12-29 10:09:52,336 [pool-301-thread-1] INFO  server.RaftServerConfigKeys (ConfUtils.java:logGet(44)) - raft.server.rpc.slowness.timeout = 300s (custom)
2020-12-29 10:09:52,336 [pool-301-thread-1] INFO  server.RaftServerConfigKeys (ConfUtils.java:logGet(44)) - raft.server.leaderelection.leader.step-down.wait-time = 10s (default)
2020-12-29 10:09:52,336 [pool-301-thread-1] INFO  server.RaftServerConfigKeys (ConfUtils.java:logGet(44)) - raft.server.sleep.deviation.threshold = 300ms (default)
2020-12-29 10:09:52,336 [pool-301-thread-1] INFO  server.RaftServerConfigKeys (ConfUtils.java:logGet(44)) - raft.server.log.appender.install.snapshot.enabled = false (custom)
2020-12-29 10:09:52,336 [pool-301-thread-1] INFO  server.RaftServer$Division (ServerState.java:<init>(104)) - b063ad5b-b25a-46ed-abed-9b5302f3b533@group-00BB1F5D51C9: ConfigurationManager, init=-1: [b063ad5b-b25a-46ed-abed-9b5302f3b533|rpc:172.17.0.2:42479], old=null, confs=<EMPTY_MAP>
2020-12-29 10:09:52,337 [pool-301-thread-1] INFO  server.RaftServerConfigKeys (ConfUtils.java:logGet(44)) - raft.server.storage.dir = [/github/workspace/mnt/ozone/hadoop-ozone/integration-test/target/test-dir/MiniOzoneClusterImpl-b1ea8c03-8e89-4df6-8609-c05021ba0f19/datanode-4/data/ratis] (custom)
2020-12-29 10:09:52,337 [pool-301-thread-1] INFO  server.RaftServerConfigKeys (ConfUtils.java:logGet(44)) - raft.server.log.corruption.policy = EXCEPTION (default)
2020-12-29 10:09:52,337 [pool-301-thread-1] INFO  storage.RaftStorageDirectory (RaftStorageDirectory.java:analyzeStorage(260)) - The storage directory /github/workspace/mnt/ozone/hadoop-ozone/integration-test/target/test-dir/MiniOzoneClusterImpl-b1ea8c03-8e89-4df6-8609-c05021ba0f19/datanode-4/data/ratis/45a49d30-ae4a-4370-b744-00bb1f5d51c9 does not exist. Creating ...
2020-12-29 10:09:52,339 [pool-301-thread-1] INFO  storage.RaftStorageDirectory (RaftStorageDirectory.java:tryLock(342)) - Lock on /github/workspace/mnt/ozone/hadoop-ozone/integration-test/target/test-dir/MiniOzoneClusterImpl-b1ea8c03-8e89-4df6-8609-c05021ba0f19/datanode-4/data/ratis/45a49d30-ae4a-4370-b744-00bb1f5d51c9/in_use.lock acquired by nodename 1628@79669b543b4d
2020-12-29 10:09:52,340 [pool-301-thread-1] INFO  storage.RaftStorage (RaftStorage.java:format(89)) - Storage directory /github/workspace/mnt/ozone/hadoop-ozone/integration-test/target/test-dir/MiniOzoneClusterImpl-b1ea8c03-8e89-4df6-8609-c05021ba0f19/datanode-4/data/ratis/45a49d30-ae4a-4370-b744-00bb1f5d51c9 has been successfully formatted.
2020-12-29 10:09:52,341 [pool-301-thread-1] INFO  ratis.ContainerStateMachine (ContainerStateMachine.java:loadSnapshot(223)) - group-00BB1F5D51C9: The snapshot info is null. Setting the last applied indexto:(t:0, i:~)
2020-12-29 10:09:52,342 [EventQueue-PipelineReportForOneReplicaPipelineSafeModeRule] INFO  safemode.SCMSafeModeManager (SCMSafeModeManager.java:validateSafeModeExitRules(214)) - AtleastOneDatanodeReportedRule rule is successfully validated
2020-12-29 10:09:52,342 [EventQueue-PipelineReportForPipelineReportHandler] INFO  pipeline.PipelineStateManager (PipelineStateManager.java:openPipeline(132)) - Pipeline Pipeline[ Id: 45a49d30-ae4a-4370-b744-00bb1f5d51c9, Nodes: b063ad5b-b25a-46ed-abed-9b5302f3b533{ip: 172.17.0.2, host: 79669b543b4d, networkLocation: /default-rack, certSerialId: null, persistedOpState: IN_SERVICE, persistedOpStateExpiryEpochSec: 0}, Type:RATIS, Factor:ONE, State:ALLOCATED, leaderId:b063ad5b-b25a-46ed-abed-9b5302f3b533, CreationTimestamp2020-12-29T10:09:49.335Z] moved to OPEN state
2020-12-29 10:09:52,343 [pool-301-thread-1] ERROR storage.RaftStorage (RaftStorage.java:readRaftConfiguration(152)) - Failed reading configuration from file:/github/workspace/mnt/ozone/hadoop-ozone/integration-test/target/test-dir/MiniOzoneClusterImpl-b1ea8c03-8e89-4df6-8609-c05021ba0f19/datanode-4/data/ratis/45a49d30-ae4a-4370-b744-00bb1f5d51c9/current/raft-meta.conf
java.io.FileNotFoundException: /github/workspace/mnt/ozone/hadoop-ozone/integration-test/target/test-dir/MiniOzoneClusterImpl-b1ea8c03-8e89-4df6-8609-c05021ba0f19/datanode-4/data/ratis/45a49d30-ae4a-4370-b744-00bb1f5d51c9/current/raft-meta.conf (No such file or directory)
	at java.io.FileInputStream.open0(Native Method)
	at java.io.FileInputStream.open(FileInputStream.java:195)
	at java.io.FileInputStream.<init>(FileInputStream.java:138)
	at org.apache.ratis.server.storage.RaftStorage.readRaftConfiguration(RaftStorage.java:148)
	at org.apache.ratis.server.impl.ServerState.initStatemachine(ServerState.java:167)
	at org.apache.ratis.server.impl.ServerState.<init>(ServerState.java:112)
	at org.apache.ratis.server.impl.RaftServerImpl.<init>(RaftServerImpl.java:186)
	at org.apache.ratis.server.impl.RaftServerProxy.lambda$newRaftServerImpl$4(RaftServerProxy.java:264)
	at java.util.concurrent.CompletableFuture$AsyncSupply.run(CompletableFuture.java:1604)
	at java.util.concurrent.ThreadPoolExecutor.runWorker(ThreadPoolExecutor.java:1149)
	at java.util.concurrent.ThreadPoolExecutor$Worker.run(ThreadPoolExecutor.java:624)
	at java.lang.Thread.run(Thread.java:748)
2020-12-29 10:09:52,343 [EventQueue-OpenPipelineForHealthyPipelineSafeModeRule] INFO  safemode.SCMSafeModeManager (HealthyPipelineSafeModeRule.java:process(128)) - SCM in safe mode. Healthy pipelines reported count is 0, required healthy pipeline reported count is 1
2020-12-29 10:09:52,345 [pool-301-thread-1] INFO  server.RaftServerConfigKeys (ConfUtils.java:logGet(44)) - raft.server.notification.no-leader.timeout = 300s (custom)
2020-12-29 10:09:52,345 [pool-301-thread-1] INFO  server.RaftServerConfigKeys (ConfUtils.java:logGet(44)) - raft.server.log.use.memory = false (default)
2020-12-29 10:09:52,345 [pool-301-thread-1] INFO  server.RaftServerConfigKeys (ConfUtils.java:logGet(44)) - raft.server.log.purge.gap = 1000000 (custom)
2020-12-29 10:09:52,345 [pool-301-thread-1] INFO  metrics.RatisMetrics (RatisMetrics.java:lambda$create$0(36)) - Creating Metrics Registry : ratis.log_worker.b063ad5b-b25a-46ed-abed-9b5302f3b533@group-00BB1F5D51C9
2020-12-29 10:09:52,345 [pool-301-thread-1] INFO  server.RaftServerConfigKeys (ConfUtils.java:logGet(44)) - raft.server.log.appender.buffer.byte-limit = 33554432 (custom)
2020-12-29 10:09:52,345 [pool-301-thread-1] INFO  server.RaftServerConfigKeys (ConfUtils.java:logGet(44)) - raft.server.log.segment.size.max = 1048576 (custom)
2020-12-29 10:09:52,346 [pool-301-thread-1] INFO  server.RaftServerConfigKeys (ConfUtils.java:logGet(44)) - raft.server.log.segment.cache.num.max = 2 (custom)
2020-12-29 10:09:52,346 [pool-301-thread-1] INFO  server.RaftServerConfigKeys (ConfUtils.java:logGet(44)) - raft.server.log.segment.cache.size.max = 200MB (=209715200) (default)
2020-12-29 10:09:52,346 [pool-301-thread-1] INFO  segmented.SegmentedRaftLogWorker (SegmentedRaftLogWorker.java:<init>(181)) - new b063ad5b-b25a-46ed-abed-9b5302f3b533@group-00BB1F5D51C9-SegmentedRaftLogWorker for RaftStorage:Storage Directory /github/workspace/mnt/ozone/hadoop-ozone/integration-test/target/test-dir/MiniOzoneClusterImpl-b1ea8c03-8e89-4df6-8609-c05021ba0f19/datanode-4/data/ratis/45a49d30-ae4a-4370-b744-00bb1f5d51c9
2020-12-29 10:09:52,346 [pool-301-thread-1] INFO  server.RaftServerConfigKeys (ConfUtils.java:logGet(44)) - raft.server.log.queue.byte-limit = 2147483647 (custom)
2020-12-29 10:09:52,346 [pool-301-thread-1] INFO  server.RaftServerConfigKeys (ConfUtils.java:logGet(44)) - raft.server.log.queue.element-limit = 1024 (custom)
2020-12-29 10:09:52,346 [pool-301-thread-1] INFO  server.RaftServerConfigKeys (ConfUtils.java:logGet(44)) - raft.server.log.segment.size.max = 1048576 (custom)
2020-12-29 10:09:52,346 [pool-301-thread-1] INFO  server.RaftServerConfigKeys (ConfUtils.java:logGet(44)) - raft.server.log.preallocated.size = 16384 (custom)
2020-12-29 10:09:52,346 [pool-301-thread-1] INFO  server.RaftServerConfigKeys (ConfUtils.java:logGet(44)) - raft.server.log.force.sync.num = 128 (default)
2020-12-29 10:09:52,346 [pool-301-thread-1] INFO  server.RaftServerConfigKeys (ConfUtils.java:logGet(44)) - raft.server.log.statemachine.data.sync = true (default)
2020-12-29 10:09:52,346 [pool-301-thread-1] INFO  server.RaftServerConfigKeys (ConfUtils.java:logGet(44)) - raft.server.log.statemachine.data.sync.timeout = 10s (default)
2020-12-29 10:09:52,346 [pool-301-thread-1] INFO  server.RaftServerConfigKeys (ConfUtils.java:logGet(44)) - raft.server.log.statemachine.data.sync.timeout.retry = -1 (default)
2020-12-29 10:09:52,347 [pool-301-thread-1] INFO  server.RaftServerConfigKeys (ConfUtils.java:logGet(44)) - raft.server.log.write.buffer.size = 1048576 (custom)
2020-12-29 10:09:52,348 [pool-301-thread-1] INFO  server.RaftServerConfigKeys (ConfUtils.java:logGet(44)) - raft.server.log.statemachine.data.caching.enabled = true (custom)
2020-12-29 10:09:52,348 [pool-301-thread-1] INFO  segmented.SegmentedRaftLogWorker (SegmentedRaftLogWorker.java:lambda$new$0(132)) - b063ad5b-b25a-46ed-abed-9b5302f3b533@group-00BB1F5D51C9-SegmentedRaftLogWorker: flushIndex: setUnconditionally 0 -> -1
2020-12-29 10:09:52,348 [pool-301-thread-1] INFO  segmented.SegmentedRaftLogWorker (SegmentedRaftLogWorker.java:lambda$new$0(132)) - b063ad5b-b25a-46ed-abed-9b5302f3b533@group-00BB1F5D51C9-SegmentedRaftLogWorker: safeCacheEvictIndex: setUnconditionally 0 -> -1
2020-12-29 10:09:52,356 [pool-301-thread-1] INFO  server.RaftServerConfigKeys (ConfUtils.java:logGet(44)) - raft.server.snapshot.auto.trigger.enabled = true (custom)
2020-12-29 10:09:52,357 [pool-301-thread-1] INFO  server.RaftServerConfigKeys (ConfUtils.java:logGet(44)) - raft.server.snapshot.auto.trigger.threshold = 10000 (custom)
2020-12-29 10:09:52,357 [pool-301-thread-1] INFO  server.RaftServerConfigKeys (ConfUtils.java:logGet(44)) - raft.server.snapshot.retention.file.num = 5 (custom)
2020-12-29 10:09:52,357 [pool-301-thread-1] INFO  server.RaftServerConfigKeys (ConfUtils.java:logGet(44)) - raft.server.log.purge.upto.snapshot.index = false (default)
2020-12-29 10:09:52,357 [pool-301-thread-1] INFO  server.RaftServerConfigKeys (ConfUtils.java:logGet(44)) - raft.server.retrycache.expirytime = 600000ms (custom)
2020-12-29 10:09:52,357 [pool-301-thread-1] INFO  server.RaftServerConfigKeys (ConfUtils.java:logGet(44)) - raft.server.retrycache.statistics.expirytime = 100?s (default)
2020-12-29 10:09:52,357 [pool-301-thread-1] INFO  metrics.RatisMetrics (RatisMetrics.java:lambda$create$0(36)) - Creating Metrics Registry : ratis.leader_election.b063ad5b-b25a-46ed-abed-9b5302f3b533@group-00BB1F5D51C9
2020-12-29 10:09:52,358 [pool-301-thread-1] INFO  metrics.RatisMetrics (RatisMetrics.java:lambda$create$0(36)) - Creating Metrics Registry : ratis.server.b063ad5b-b25a-46ed-abed-9b5302f3b533@group-00BB1F5D51C9
2020-12-29 10:09:52,359 [pool-301-thread-1] INFO  server.RaftServer$Division (RaftServerImpl.java:start(286)) - b063ad5b-b25a-46ed-abed-9b5302f3b533@group-00BB1F5D51C9: start as a follower, conf=-1: [b063ad5b-b25a-46ed-abed-9b5302f3b533|rpc:172.17.0.2:42479], old=null
2020-12-29 10:09:52,359 [pool-301-thread-1] INFO  server.RaftServer$Division (RaftServerImpl.java:setRole(275)) - b063ad5b-b25a-46ed-abed-9b5302f3b533@group-00BB1F5D51C9: changes role from      null to FOLLOWER at term 0 for startAsFollower
2020-12-29 10:09:52,359 [pool-301-thread-1] INFO  impl.RoleInfo (RoleInfo.java:updateAndGet(130)) - b063ad5b-b25a-46ed-abed-9b5302f3b533: start b063ad5b-b25a-46ed-abed-9b5302f3b533@group-00BB1F5D51C9-FollowerState
2020-12-29 10:09:52,359 [pool-301-thread-1] INFO  util.JmxRegister (JmxRegister.java:tryRegister(44)) - Successfully registered JMX Bean with object name Ratis:service=RaftServer,group=group-00BB1F5D51C9,id=b063ad5b-b25a-46ed-abed-9b5302f3b533
2020-12-29 10:09:52,359 [pool-301-thread-1] INFO  metrics.RatisMetrics (RatisMetrics.java:lambda$create$0(36)) - Creating Metrics Registry : ratis.state_machine.b063ad5b-b25a-46ed-abed-9b5302f3b533@group-00BB1F5D51C9
2020-12-29 10:09:52,360 [Command processor thread] INFO  commandhandler.CreatePipelineCommandHandler (CreatePipelineCommandHandler.java:handle(106)) - Created Pipeline RATIS ONE PipelineID=45a49d30-ae4a-4370-b744-00bb1f5d51c9.
2020-12-29 10:09:52,444 [EventQueue-PipelineReportForOneReplicaPipelineSafeModeRule] INFO  safemode.SCMSafeModeManager (SCMSafeModeManager.java:validateSafeModeExitRules(214)) - AtleastOneDatanodeReportedRule rule is successfully validated
2020-12-29 10:09:52,444 [EventQueue-OpenPipelineForHealthyPipelineSafeModeRule] INFO  safemode.SCMSafeModeManager (HealthyPipelineSafeModeRule.java:process(128)) - SCM in safe mode. Healthy pipelines reported count is 0, required healthy pipeline reported count is 1
2020-12-29 10:09:52,521 [Listener at 127.0.0.1/41413] INFO  ozone.MiniOzoneClusterImpl (MiniOzoneClusterImpl.java:lambda$waitForClusterToBeReady$0(178)) - Nodes are ready. Got 6 of 6 DN Heartbeats.
2020-12-29 10:09:52,522 [Listener at 127.0.0.1/41413] INFO  ozone.MiniOzoneClusterImpl (MiniOzoneClusterImpl.java:lambda$waitForClusterToBeReady$0(181)) - Waiting for cluster to exit safe mode
2020-12-29 10:09:52,525 [Command processor thread] INFO  server.RaftServer (RaftServerProxy.java:addNew(93)) - a606f2ed-cee1-417c-9fe3-1bdc4a375396: addNew group-35C28BB2533E:[a606f2ed-cee1-417c-9fe3-1bdc4a375396|rpc:172.17.0.2:36775] returns group-35C28BB2533E:java.util.concurrent.CompletableFuture@140373e7[Not completed]
2020-12-29 10:09:52,526 [pool-316-thread-1] INFO  server.RaftServer$Division (RaftServerImpl.java:<init>(173)) - a606f2ed-cee1-417c-9fe3-1bdc4a375396: new RaftServerImpl for group-35C28BB2533E:[a606f2ed-cee1-417c-9fe3-1bdc4a375396|rpc:172.17.0.2:36775] with ContainerStateMachine:uninitialized
2020-12-29 10:09:52,526 [pool-316-thread-1] INFO  server.RaftServerConfigKeys (ConfUtils.java:logGet(44)) - raft.server.rpc.timeout.min = 5s (custom)
2020-12-29 10:09:52,526 [pool-316-thread-1] INFO  server.RaftServerConfigKeys (ConfUtils.java:logGet(44)) - raft.server.rpc.timeout.max = 5200ms (custom)
2020-12-29 10:09:52,527 [pool-316-thread-1] INFO  server.RaftServerConfigKeys (ConfUtils.java:logGet(44)) - raft.server.rpc.sleep.time = 25ms (default)
2020-12-29 10:09:52,527 [pool-316-thread-1] INFO  server.RaftServerConfigKeys (ConfUtils.java:logGet(44)) - raft.server.rpc.slowness.timeout = 300s (custom)
2020-12-29 10:09:52,527 [pool-316-thread-1] INFO  server.RaftServerConfigKeys (ConfUtils.java:logGet(44)) - raft.server.leaderelection.leader.step-down.wait-time = 10s (default)
2020-12-29 10:09:52,527 [pool-316-thread-1] INFO  server.RaftServerConfigKeys (ConfUtils.java:logGet(44)) - raft.server.sleep.deviation.threshold = 300ms (default)
2020-12-29 10:09:52,527 [pool-316-thread-1] INFO  server.RaftServerConfigKeys (ConfUtils.java:logGet(44)) - raft.server.log.appender.install.snapshot.enabled = false (custom)
2020-12-29 10:09:52,527 [pool-316-thread-1] INFO  server.RaftServer$Division (ServerState.java:<init>(104)) - a606f2ed-cee1-417c-9fe3-1bdc4a375396@group-35C28BB2533E: ConfigurationManager, init=-1: [a606f2ed-cee1-417c-9fe3-1bdc4a375396|rpc:172.17.0.2:36775], old=null, confs=<EMPTY_MAP>
2020-12-29 10:09:52,527 [pool-316-thread-1] INFO  server.RaftServerConfigKeys (ConfUtils.java:logGet(44)) - raft.server.storage.dir = [/github/workspace/mnt/ozone/hadoop-ozone/integration-test/target/test-dir/MiniOzoneClusterImpl-b1ea8c03-8e89-4df6-8609-c05021ba0f19/datanode-5/data/ratis] (custom)
2020-12-29 10:09:52,527 [pool-316-thread-1] INFO  server.RaftServerConfigKeys (ConfUtils.java:logGet(44)) - raft.server.log.corruption.policy = EXCEPTION (default)
2020-12-29 10:09:52,527 [pool-316-thread-1] INFO  storage.RaftStorageDirectory (RaftStorageDirectory.java:analyzeStorage(260)) - The storage directory /github/workspace/mnt/ozone/hadoop-ozone/integration-test/target/test-dir/MiniOzoneClusterImpl-b1ea8c03-8e89-4df6-8609-c05021ba0f19/datanode-5/data/ratis/b44f3868-5529-47e3-b64e-35c28bb2533e does not exist. Creating ...
2020-12-29 10:09:52,529 [pool-316-thread-1] INFO  storage.RaftStorageDirectory (RaftStorageDirectory.java:tryLock(342)) - Lock on /github/workspace/mnt/ozone/hadoop-ozone/integration-test/target/test-dir/MiniOzoneClusterImpl-b1ea8c03-8e89-4df6-8609-c05021ba0f19/datanode-5/data/ratis/b44f3868-5529-47e3-b64e-35c28bb2533e/in_use.lock acquired by nodename 1628@79669b543b4d
2020-12-29 10:09:52,530 [pool-316-thread-1] INFO  storage.RaftStorage (RaftStorage.java:format(89)) - Storage directory /github/workspace/mnt/ozone/hadoop-ozone/integration-test/target/test-dir/MiniOzoneClusterImpl-b1ea8c03-8e89-4df6-8609-c05021ba0f19/datanode-5/data/ratis/b44f3868-5529-47e3-b64e-35c28bb2533e has been successfully formatted.
2020-12-29 10:09:52,531 [pool-316-thread-1] INFO  ratis.ContainerStateMachine (ContainerStateMachine.java:loadSnapshot(223)) - group-35C28BB2533E: The snapshot info is null. Setting the last applied indexto:(t:0, i:~)
2020-12-29 10:09:52,531 [pool-316-thread-1] ERROR storage.RaftStorage (RaftStorage.java:readRaftConfiguration(152)) - Failed reading configuration from file:/github/workspace/mnt/ozone/hadoop-ozone/integration-test/target/test-dir/MiniOzoneClusterImpl-b1ea8c03-8e89-4df6-8609-c05021ba0f19/datanode-5/data/ratis/b44f3868-5529-47e3-b64e-35c28bb2533e/current/raft-meta.conf
java.io.FileNotFoundException: /github/workspace/mnt/ozone/hadoop-ozone/integration-test/target/test-dir/MiniOzoneClusterImpl-b1ea8c03-8e89-4df6-8609-c05021ba0f19/datanode-5/data/ratis/b44f3868-5529-47e3-b64e-35c28bb2533e/current/raft-meta.conf (No such file or directory)
	at java.io.FileInputStream.open0(Native Method)
	at java.io.FileInputStream.open(FileInputStream.java:195)
	at java.io.FileInputStream.<init>(FileInputStream.java:138)
	at org.apache.ratis.server.storage.RaftStorage.readRaftConfiguration(RaftStorage.java:148)
	at org.apache.ratis.server.impl.ServerState.initStatemachine(ServerState.java:167)
	at org.apache.ratis.server.impl.ServerState.<init>(ServerState.java:112)
	at org.apache.ratis.server.impl.RaftServerImpl.<init>(RaftServerImpl.java:186)
	at org.apache.ratis.server.impl.RaftServerProxy.lambda$newRaftServerImpl$4(RaftServerProxy.java:264)
	at java.util.concurrent.CompletableFuture$AsyncSupply.run(CompletableFuture.java:1604)
	at java.util.concurrent.ThreadPoolExecutor.runWorker(ThreadPoolExecutor.java:1149)
	at java.util.concurrent.ThreadPoolExecutor$Worker.run(ThreadPoolExecutor.java:624)
	at java.lang.Thread.run(Thread.java:748)
2020-12-29 10:09:52,531 [pool-316-thread-1] INFO  server.RaftServerConfigKeys (ConfUtils.java:logGet(44)) - raft.server.notification.no-leader.timeout = 300s (custom)
2020-12-29 10:09:52,532 [pool-316-thread-1] INFO  server.RaftServerConfigKeys (ConfUtils.java:logGet(44)) - raft.server.log.use.memory = false (default)
2020-12-29 10:09:52,532 [EventQueue-PipelineReportForOneReplicaPipelineSafeModeRule] INFO  safemode.SCMSafeModeManager (SCMSafeModeManager.java:validateSafeModeExitRules(214)) - AtleastOneDatanodeReportedRule rule is successfully validated
2020-12-29 10:09:52,532 [EventQueue-PipelineReportForPipelineReportHandler] INFO  pipeline.PipelineStateManager (PipelineStateManager.java:openPipeline(132)) - Pipeline Pipeline[ Id: b44f3868-5529-47e3-b64e-35c28bb2533e, Nodes: a606f2ed-cee1-417c-9fe3-1bdc4a375396{ip: 172.17.0.2, host: 79669b543b4d, networkLocation: /default-rack, certSerialId: null, persistedOpState: IN_SERVICE, persistedOpStateExpiryEpochSec: 0}, Type:RATIS, Factor:ONE, State:ALLOCATED, leaderId:a606f2ed-cee1-417c-9fe3-1bdc4a375396, CreationTimestamp2020-12-29T10:09:49.527Z] moved to OPEN state
2020-12-29 10:09:52,533 [EventQueue-OpenPipelineForHealthyPipelineSafeModeRule] INFO  safemode.SCMSafeModeManager (HealthyPipelineSafeModeRule.java:process(128)) - SCM in safe mode. Healthy pipelines reported count is 0, required healthy pipeline reported count is 1
2020-12-29 10:09:52,532 [pool-316-thread-1] INFO  server.RaftServerConfigKeys (ConfUtils.java:logGet(44)) - raft.server.log.purge.gap = 1000000 (custom)
2020-12-29 10:09:52,534 [pool-316-thread-1] INFO  metrics.RatisMetrics (RatisMetrics.java:lambda$create$0(36)) - Creating Metrics Registry : ratis.log_worker.a606f2ed-cee1-417c-9fe3-1bdc4a375396@group-35C28BB2533E
2020-12-29 10:09:52,534 [pool-316-thread-1] INFO  server.RaftServerConfigKeys (ConfUtils.java:logGet(44)) - raft.server.log.appender.buffer.byte-limit = 33554432 (custom)
2020-12-29 10:09:52,534 [pool-316-thread-1] INFO  server.RaftServerConfigKeys (ConfUtils.java:logGet(44)) - raft.server.log.segment.size.max = 1048576 (custom)
2020-12-29 10:09:52,535 [pool-316-thread-1] INFO  server.RaftServerConfigKeys (ConfUtils.java:logGet(44)) - raft.server.log.segment.cache.num.max = 2 (custom)
2020-12-29 10:09:52,535 [pool-316-thread-1] INFO  server.RaftServerConfigKeys (ConfUtils.java:logGet(44)) - raft.server.log.segment.cache.size.max = 200MB (=209715200) (default)
2020-12-29 10:09:52,535 [pool-316-thread-1] INFO  segmented.SegmentedRaftLogWorker (SegmentedRaftLogWorker.java:<init>(181)) - new a606f2ed-cee1-417c-9fe3-1bdc4a375396@group-35C28BB2533E-SegmentedRaftLogWorker for RaftStorage:Storage Directory /github/workspace/mnt/ozone/hadoop-ozone/integration-test/target/test-dir/MiniOzoneClusterImpl-b1ea8c03-8e89-4df6-8609-c05021ba0f19/datanode-5/data/ratis/b44f3868-5529-47e3-b64e-35c28bb2533e
2020-12-29 10:09:52,535 [pool-316-thread-1] INFO  server.RaftServerConfigKeys (ConfUtils.java:logGet(44)) - raft.server.log.queue.byte-limit = 2147483647 (custom)
2020-12-29 10:09:52,535 [pool-316-thread-1] INFO  server.RaftServerConfigKeys (ConfUtils.java:logGet(44)) - raft.server.log.queue.element-limit = 1024 (custom)
2020-12-29 10:09:52,535 [pool-316-thread-1] INFO  server.RaftServerConfigKeys (ConfUtils.java:logGet(44)) - raft.server.log.segment.size.max = 1048576 (custom)
2020-12-29 10:09:52,535 [pool-316-thread-1] INFO  server.RaftServerConfigKeys (ConfUtils.java:logGet(44)) - raft.server.log.preallocated.size = 16384 (custom)
2020-12-29 10:09:52,535 [pool-316-thread-1] INFO  server.RaftServerConfigKeys (ConfUtils.java:logGet(44)) - raft.server.log.force.sync.num = 128 (default)
2020-12-29 10:09:52,535 [pool-316-thread-1] INFO  server.RaftServerConfigKeys (ConfUtils.java:logGet(44)) - raft.server.log.statemachine.data.sync = true (default)
2020-12-29 10:09:52,536 [pool-316-thread-1] INFO  server.RaftServerConfigKeys (ConfUtils.java:logGet(44)) - raft.server.log.statemachine.data.sync.timeout = 10s (default)
2020-12-29 10:09:52,536 [pool-316-thread-1] INFO  server.RaftServerConfigKeys (ConfUtils.java:logGet(44)) - raft.server.log.statemachine.data.sync.timeout.retry = -1 (default)
2020-12-29 10:09:52,537 [pool-316-thread-1] INFO  server.RaftServerConfigKeys (ConfUtils.java:logGet(44)) - raft.server.log.write.buffer.size = 1048576 (custom)
2020-12-29 10:09:52,538 [pool-316-thread-1] INFO  server.RaftServerConfigKeys (ConfUtils.java:logGet(44)) - raft.server.log.statemachine.data.caching.enabled = true (custom)
2020-12-29 10:09:52,538 [pool-316-thread-1] INFO  segmented.SegmentedRaftLogWorker (SegmentedRaftLogWorker.java:lambda$new$0(132)) - a606f2ed-cee1-417c-9fe3-1bdc4a375396@group-35C28BB2533E-SegmentedRaftLogWorker: flushIndex: setUnconditionally 0 -> -1
2020-12-29 10:09:52,538 [pool-316-thread-1] INFO  segmented.SegmentedRaftLogWorker (SegmentedRaftLogWorker.java:lambda$new$0(132)) - a606f2ed-cee1-417c-9fe3-1bdc4a375396@group-35C28BB2533E-SegmentedRaftLogWorker: safeCacheEvictIndex: setUnconditionally 0 -> -1
2020-12-29 10:09:52,538 [pool-316-thread-1] INFO  server.RaftServerConfigKeys (ConfUtils.java:logGet(44)) - raft.server.snapshot.auto.trigger.enabled = true (custom)
2020-12-29 10:09:52,538 [pool-316-thread-1] INFO  server.RaftServerConfigKeys (ConfUtils.java:logGet(44)) - raft.server.snapshot.auto.trigger.threshold = 10000 (custom)
2020-12-29 10:09:52,538 [pool-316-thread-1] INFO  server.RaftServerConfigKeys (ConfUtils.java:logGet(44)) - raft.server.snapshot.retention.file.num = 5 (custom)
2020-12-29 10:09:52,538 [pool-316-thread-1] INFO  server.RaftServerConfigKeys (ConfUtils.java:logGet(44)) - raft.server.log.purge.upto.snapshot.index = false (default)
2020-12-29 10:09:52,538 [pool-316-thread-1] INFO  server.RaftServerConfigKeys (ConfUtils.java:logGet(44)) - raft.server.retrycache.expirytime = 600000ms (custom)
2020-12-29 10:09:52,538 [pool-316-thread-1] INFO  server.RaftServerConfigKeys (ConfUtils.java:logGet(44)) - raft.server.retrycache.statistics.expirytime = 100?s (default)
2020-12-29 10:09:52,539 [pool-316-thread-1] INFO  metrics.RatisMetrics (RatisMetrics.java:lambda$create$0(36)) - Creating Metrics Registry : ratis.leader_election.a606f2ed-cee1-417c-9fe3-1bdc4a375396@group-35C28BB2533E
2020-12-29 10:09:52,539 [pool-316-thread-1] INFO  metrics.RatisMetrics (RatisMetrics.java:lambda$create$0(36)) - Creating Metrics Registry : ratis.server.a606f2ed-cee1-417c-9fe3-1bdc4a375396@group-35C28BB2533E
2020-12-29 10:09:52,540 [pool-316-thread-1] INFO  server.RaftServer$Division (RaftServerImpl.java:start(286)) - a606f2ed-cee1-417c-9fe3-1bdc4a375396@group-35C28BB2533E: start as a follower, conf=-1: [a606f2ed-cee1-417c-9fe3-1bdc4a375396|rpc:172.17.0.2:36775], old=null
2020-12-29 10:09:52,540 [pool-316-thread-1] INFO  server.RaftServer$Division (RaftServerImpl.java:setRole(275)) - a606f2ed-cee1-417c-9fe3-1bdc4a375396@group-35C28BB2533E: changes role from      null to FOLLOWER at term 0 for startAsFollower
2020-12-29 10:09:52,540 [pool-316-thread-1] INFO  impl.RoleInfo (RoleInfo.java:updateAndGet(130)) - a606f2ed-cee1-417c-9fe3-1bdc4a375396: start a606f2ed-cee1-417c-9fe3-1bdc4a375396@group-35C28BB2533E-FollowerState
2020-12-29 10:09:52,540 [pool-316-thread-1] INFO  util.JmxRegister (JmxRegister.java:tryRegister(44)) - Successfully registered JMX Bean with object name Ratis:service=RaftServer,group=group-35C28BB2533E,id=a606f2ed-cee1-417c-9fe3-1bdc4a375396
2020-12-29 10:09:52,541 [pool-316-thread-1] INFO  metrics.RatisMetrics (RatisMetrics.java:lambda$create$0(36)) - Creating Metrics Registry : ratis.state_machine.a606f2ed-cee1-417c-9fe3-1bdc4a375396@group-35C28BB2533E
2020-12-29 10:09:52,541 [Command processor thread] INFO  commandhandler.CreatePipelineCommandHandler (CreatePipelineCommandHandler.java:handle(106)) - Created Pipeline RATIS ONE PipelineID=b44f3868-5529-47e3-b64e-35c28bb2533e.
2020-12-29 10:09:52,637 [EventQueue-PipelineReportForOneReplicaPipelineSafeModeRule] INFO  safemode.SCMSafeModeManager (SCMSafeModeManager.java:validateSafeModeExitRules(214)) - AtleastOneDatanodeReportedRule rule is successfully validated
2020-12-29 10:09:52,638 [EventQueue-OpenPipelineForHealthyPipelineSafeModeRule] INFO  safemode.SCMSafeModeManager (HealthyPipelineSafeModeRule.java:process(128)) - SCM in safe mode. Healthy pipelines reported count is 0, required healthy pipeline reported count is 1
2020-12-29 10:09:52,860 [EventQueue-PipelineReportForOneReplicaPipelineSafeModeRule] INFO  safemode.SCMSafeModeManager (SCMSafeModeManager.java:validateSafeModeExitRules(214)) - AtleastOneDatanodeReportedRule rule is successfully validated
2020-12-29 10:09:52,860 [EventQueue-OpenPipelineForHealthyPipelineSafeModeRule] INFO  safemode.SCMSafeModeManager (HealthyPipelineSafeModeRule.java:process(128)) - SCM in safe mode. Healthy pipelines reported count is 0, required healthy pipeline reported count is 1
2020-12-29 10:09:53,115 [EventQueue-PipelineReportForOneReplicaPipelineSafeModeRule] INFO  safemode.SCMSafeModeManager (SCMSafeModeManager.java:validateSafeModeExitRules(214)) - AtleastOneDatanodeReportedRule rule is successfully validated
2020-12-29 10:09:53,115 [EventQueue-OpenPipelineForHealthyPipelineSafeModeRule] INFO  safemode.SCMSafeModeManager (HealthyPipelineSafeModeRule.java:process(128)) - SCM in safe mode. Healthy pipelines reported count is 0, required healthy pipeline reported count is 1
2020-12-29 10:09:53,342 [EventQueue-OpenPipelineForHealthyPipelineSafeModeRule] INFO  safemode.SCMSafeModeManager (HealthyPipelineSafeModeRule.java:process(128)) - SCM in safe mode. Healthy pipelines reported count is 0, required healthy pipeline reported count is 1
2020-12-29 10:09:53,342 [EventQueue-PipelineReportForOneReplicaPipelineSafeModeRule] INFO  safemode.SCMSafeModeManager (SCMSafeModeManager.java:validateSafeModeExitRules(214)) - AtleastOneDatanodeReportedRule rule is successfully validated
2020-12-29 10:09:53,444 [EventQueue-PipelineReportForOneReplicaPipelineSafeModeRule] INFO  safemode.SCMSafeModeManager (SCMSafeModeManager.java:validateSafeModeExitRules(214)) - AtleastOneDatanodeReportedRule rule is successfully validated
2020-12-29 10:09:53,444 [EventQueue-OpenPipelineForHealthyPipelineSafeModeRule] INFO  safemode.SCMSafeModeManager (HealthyPipelineSafeModeRule.java:process(128)) - SCM in safe mode. Healthy pipelines reported count is 0, required healthy pipeline reported count is 1
2020-12-29 10:09:53,522 [Listener at 127.0.0.1/41413] INFO  ozone.MiniOzoneClusterImpl (MiniOzoneClusterImpl.java:lambda$waitForClusterToBeReady$0(178)) - Nodes are ready. Got 6 of 6 DN Heartbeats.
2020-12-29 10:09:53,522 [Listener at 127.0.0.1/41413] INFO  ozone.MiniOzoneClusterImpl (MiniOzoneClusterImpl.java:lambda$waitForClusterToBeReady$0(181)) - Waiting for cluster to exit safe mode
2020-12-29 10:09:53,531 [EventQueue-OpenPipelineForHealthyPipelineSafeModeRule] INFO  safemode.SCMSafeModeManager (HealthyPipelineSafeModeRule.java:process(128)) - SCM in safe mode. Healthy pipelines reported count is 0, required healthy pipeline reported count is 1
2020-12-29 10:09:53,532 [EventQueue-PipelineReportForOneReplicaPipelineSafeModeRule] INFO  safemode.SCMSafeModeManager (SCMSafeModeManager.java:validateSafeModeExitRules(214)) - AtleastOneDatanodeReportedRule rule is successfully validated
2020-12-29 10:09:53,638 [EventQueue-PipelineReportForOneReplicaPipelineSafeModeRule] INFO  safemode.SCMSafeModeManager (SCMSafeModeManager.java:validateSafeModeExitRules(214)) - AtleastOneDatanodeReportedRule rule is successfully validated
2020-12-29 10:09:53,639 [EventQueue-OpenPipelineForHealthyPipelineSafeModeRule] INFO  safemode.SCMSafeModeManager (HealthyPipelineSafeModeRule.java:process(128)) - SCM in safe mode. Healthy pipelines reported count is 0, required healthy pipeline reported count is 1
2020-12-29 10:09:53,860 [EventQueue-OpenPipelineForHealthyPipelineSafeModeRule] INFO  safemode.SCMSafeModeManager (HealthyPipelineSafeModeRule.java:process(128)) - SCM in safe mode. Healthy pipelines reported count is 0, required healthy pipeline reported count is 1
2020-12-29 10:09:53,860 [EventQueue-PipelineReportForOneReplicaPipelineSafeModeRule] INFO  safemode.SCMSafeModeManager (SCMSafeModeManager.java:validateSafeModeExitRules(214)) - AtleastOneDatanodeReportedRule rule is successfully validated
2020-12-29 10:09:54,115 [EventQueue-OpenPipelineForHealthyPipelineSafeModeRule] INFO  safemode.SCMSafeModeManager (HealthyPipelineSafeModeRule.java:process(128)) - SCM in safe mode. Healthy pipelines reported count is 0, required healthy pipeline reported count is 1
2020-12-29 10:09:54,115 [EventQueue-PipelineReportForOneReplicaPipelineSafeModeRule] INFO  safemode.SCMSafeModeManager (SCMSafeModeManager.java:validateSafeModeExitRules(214)) - AtleastOneDatanodeReportedRule rule is successfully validated
2020-12-29 10:09:54,342 [EventQueue-OpenPipelineForHealthyPipelineSafeModeRule] INFO  safemode.SCMSafeModeManager (HealthyPipelineSafeModeRule.java:process(128)) - SCM in safe mode. Healthy pipelines reported count is 0, required healthy pipeline reported count is 1
2020-12-29 10:09:54,342 [EventQueue-PipelineReportForOneReplicaPipelineSafeModeRule] INFO  safemode.SCMSafeModeManager (SCMSafeModeManager.java:validateSafeModeExitRules(214)) - AtleastOneDatanodeReportedRule rule is successfully validated
2020-12-29 10:09:54,444 [EventQueue-PipelineReportForOneReplicaPipelineSafeModeRule] INFO  safemode.SCMSafeModeManager (SCMSafeModeManager.java:validateSafeModeExitRules(214)) - AtleastOneDatanodeReportedRule rule is successfully validated
2020-12-29 10:09:54,444 [EventQueue-OpenPipelineForHealthyPipelineSafeModeRule] INFO  safemode.SCMSafeModeManager (HealthyPipelineSafeModeRule.java:process(128)) - SCM in safe mode. Healthy pipelines reported count is 0, required healthy pipeline reported count is 1
2020-12-29 10:09:54,522 [Listener at 127.0.0.1/41413] INFO  ozone.MiniOzoneClusterImpl (MiniOzoneClusterImpl.java:lambda$waitForClusterToBeReady$0(178)) - Nodes are ready. Got 6 of 6 DN Heartbeats.
2020-12-29 10:09:54,523 [Listener at 127.0.0.1/41413] INFO  ozone.MiniOzoneClusterImpl (MiniOzoneClusterImpl.java:lambda$waitForClusterToBeReady$0(181)) - Waiting for cluster to exit safe mode
2020-12-29 10:09:54,533 [EventQueue-PipelineReportForOneReplicaPipelineSafeModeRule] INFO  safemode.SCMSafeModeManager (SCMSafeModeManager.java:validateSafeModeExitRules(214)) - AtleastOneDatanodeReportedRule rule is successfully validated
2020-12-29 10:09:54,533 [EventQueue-OpenPipelineForHealthyPipelineSafeModeRule] INFO  safemode.SCMSafeModeManager (HealthyPipelineSafeModeRule.java:process(128)) - SCM in safe mode. Healthy pipelines reported count is 0, required healthy pipeline reported count is 1
2020-12-29 10:09:54,639 [EventQueue-PipelineReportForOneReplicaPipelineSafeModeRule] INFO  safemode.SCMSafeModeManager (SCMSafeModeManager.java:validateSafeModeExitRules(214)) - AtleastOneDatanodeReportedRule rule is successfully validated
2020-12-29 10:09:54,639 [EventQueue-OpenPipelineForHealthyPipelineSafeModeRule] INFO  safemode.SCMSafeModeManager (HealthyPipelineSafeModeRule.java:process(128)) - SCM in safe mode. Healthy pipelines reported count is 0, required healthy pipeline reported count is 1
2020-12-29 10:09:54,860 [EventQueue-PipelineReportForOneReplicaPipelineSafeModeRule] INFO  safemode.SCMSafeModeManager (SCMSafeModeManager.java:validateSafeModeExitRules(214)) - AtleastOneDatanodeReportedRule rule is successfully validated
2020-12-29 10:09:54,860 [EventQueue-OpenPipelineForHealthyPipelineSafeModeRule] INFO  safemode.SCMSafeModeManager (HealthyPipelineSafeModeRule.java:process(128)) - SCM in safe mode. Healthy pipelines reported count is 0, required healthy pipeline reported count is 1
2020-12-29 10:09:55,115 [EventQueue-OpenPipelineForHealthyPipelineSafeModeRule] INFO  safemode.SCMSafeModeManager (HealthyPipelineSafeModeRule.java:process(128)) - SCM in safe mode. Healthy pipelines reported count is 0, required healthy pipeline reported count is 1
2020-12-29 10:09:55,116 [EventQueue-PipelineReportForOneReplicaPipelineSafeModeRule] INFO  safemode.SCMSafeModeManager (SCMSafeModeManager.java:validateSafeModeExitRules(214)) - AtleastOneDatanodeReportedRule rule is successfully validated
2020-12-29 10:09:55,342 [EventQueue-OpenPipelineForHealthyPipelineSafeModeRule] INFO  safemode.SCMSafeModeManager (HealthyPipelineSafeModeRule.java:process(128)) - SCM in safe mode. Healthy pipelines reported count is 0, required healthy pipeline reported count is 1
2020-12-29 10:09:55,343 [EventQueue-PipelineReportForOneReplicaPipelineSafeModeRule] INFO  safemode.SCMSafeModeManager (SCMSafeModeManager.java:validateSafeModeExitRules(214)) - AtleastOneDatanodeReportedRule rule is successfully validated
2020-12-29 10:09:55,444 [EventQueue-OpenPipelineForHealthyPipelineSafeModeRule] INFO  safemode.SCMSafeModeManager (HealthyPipelineSafeModeRule.java:process(128)) - SCM in safe mode. Healthy pipelines reported count is 0, required healthy pipeline reported count is 1
2020-12-29 10:09:55,444 [EventQueue-PipelineReportForOneReplicaPipelineSafeModeRule] INFO  safemode.SCMSafeModeManager (SCMSafeModeManager.java:validateSafeModeExitRules(214)) - AtleastOneDatanodeReportedRule rule is successfully validated
2020-12-29 10:09:55,523 [Listener at 127.0.0.1/41413] INFO  ozone.MiniOzoneClusterImpl (MiniOzoneClusterImpl.java:lambda$waitForClusterToBeReady$0(178)) - Nodes are ready. Got 6 of 6 DN Heartbeats.
2020-12-29 10:09:55,523 [Listener at 127.0.0.1/41413] INFO  ozone.MiniOzoneClusterImpl (MiniOzoneClusterImpl.java:lambda$waitForClusterToBeReady$0(181)) - Waiting for cluster to exit safe mode
2020-12-29 10:09:55,533 [EventQueue-OpenPipelineForHealthyPipelineSafeModeRule] INFO  safemode.SCMSafeModeManager (HealthyPipelineSafeModeRule.java:process(128)) - SCM in safe mode. Healthy pipelines reported count is 0, required healthy pipeline reported count is 1
2020-12-29 10:09:55,533 [EventQueue-PipelineReportForOneReplicaPipelineSafeModeRule] INFO  safemode.SCMSafeModeManager (SCMSafeModeManager.java:validateSafeModeExitRules(214)) - AtleastOneDatanodeReportedRule rule is successfully validated
2020-12-29 10:09:55,639 [EventQueue-PipelineReportForOneReplicaPipelineSafeModeRule] INFO  safemode.SCMSafeModeManager (SCMSafeModeManager.java:validateSafeModeExitRules(214)) - AtleastOneDatanodeReportedRule rule is successfully validated
2020-12-29 10:09:55,639 [EventQueue-OpenPipelineForHealthyPipelineSafeModeRule] INFO  safemode.SCMSafeModeManager (HealthyPipelineSafeModeRule.java:process(128)) - SCM in safe mode. Healthy pipelines reported count is 0, required healthy pipeline reported count is 1
2020-12-29 10:09:55,860 [EventQueue-OpenPipelineForHealthyPipelineSafeModeRule] INFO  safemode.SCMSafeModeManager (HealthyPipelineSafeModeRule.java:process(128)) - SCM in safe mode. Healthy pipelines reported count is 0, required healthy pipeline reported count is 1
2020-12-29 10:09:55,860 [EventQueue-PipelineReportForOneReplicaPipelineSafeModeRule] INFO  safemode.SCMSafeModeManager (SCMSafeModeManager.java:validateSafeModeExitRules(214)) - AtleastOneDatanodeReportedRule rule is successfully validated
2020-12-29 10:09:56,116 [EventQueue-PipelineReportForOneReplicaPipelineSafeModeRule] INFO  safemode.SCMSafeModeManager (SCMSafeModeManager.java:validateSafeModeExitRules(214)) - AtleastOneDatanodeReportedRule rule is successfully validated
2020-12-29 10:09:56,116 [EventQueue-OpenPipelineForHealthyPipelineSafeModeRule] INFO  safemode.SCMSafeModeManager (HealthyPipelineSafeModeRule.java:process(128)) - SCM in safe mode. Healthy pipelines reported count is 0, required healthy pipeline reported count is 1
2020-12-29 10:09:56,342 [EventQueue-PipelineReportForOneReplicaPipelineSafeModeRule] INFO  safemode.SCMSafeModeManager (SCMSafeModeManager.java:validateSafeModeExitRules(214)) - AtleastOneDatanodeReportedRule rule is successfully validated
2020-12-29 10:09:56,343 [EventQueue-OpenPipelineForHealthyPipelineSafeModeRule] INFO  safemode.SCMSafeModeManager (HealthyPipelineSafeModeRule.java:process(128)) - SCM in safe mode. Healthy pipelines reported count is 0, required healthy pipeline reported count is 1
2020-12-29 10:09:56,444 [EventQueue-PipelineReportForOneReplicaPipelineSafeModeRule] INFO  safemode.SCMSafeModeManager (SCMSafeModeManager.java:validateSafeModeExitRules(214)) - AtleastOneDatanodeReportedRule rule is successfully validated
2020-12-29 10:09:56,444 [EventQueue-OpenPipelineForHealthyPipelineSafeModeRule] INFO  safemode.SCMSafeModeManager (HealthyPipelineSafeModeRule.java:process(128)) - SCM in safe mode. Healthy pipelines reported count is 0, required healthy pipeline reported count is 1
2020-12-29 10:09:56,524 [Listener at 127.0.0.1/41413] INFO  ozone.MiniOzoneClusterImpl (MiniOzoneClusterImpl.java:lambda$waitForClusterToBeReady$0(178)) - Nodes are ready. Got 6 of 6 DN Heartbeats.
2020-12-29 10:09:56,524 [Listener at 127.0.0.1/41413] INFO  ozone.MiniOzoneClusterImpl (MiniOzoneClusterImpl.java:lambda$waitForClusterToBeReady$0(181)) - Waiting for cluster to exit safe mode
2020-12-29 10:09:56,533 [EventQueue-OpenPipelineForHealthyPipelineSafeModeRule] INFO  safemode.SCMSafeModeManager (HealthyPipelineSafeModeRule.java:process(128)) - SCM in safe mode. Healthy pipelines reported count is 0, required healthy pipeline reported count is 1
2020-12-29 10:09:56,533 [EventQueue-PipelineReportForOneReplicaPipelineSafeModeRule] INFO  safemode.SCMSafeModeManager (SCMSafeModeManager.java:validateSafeModeExitRules(214)) - AtleastOneDatanodeReportedRule rule is successfully validated
2020-12-29 10:09:56,551 [Thread-824] INFO  impl.FollowerState (FollowerState.java:run(133)) - 1f50e366-ff39-48ab-b6af-f1dfc503e25e@group-DCAE17C04CCD-FollowerState: change to CANDIDATE, lastRpcElapsedTime:5018103799ns, electionTimeout:5017ms
2020-12-29 10:09:56,552 [Thread-824] INFO  impl.RoleInfo (RoleInfo.java:shutdownFollowerState(108)) - 1f50e366-ff39-48ab-b6af-f1dfc503e25e: shutdown 1f50e366-ff39-48ab-b6af-f1dfc503e25e@group-DCAE17C04CCD-FollowerState
2020-12-29 10:09:56,552 [Thread-824] INFO  server.RaftServer$Division (RaftServerImpl.java:setRole(275)) - 1f50e366-ff39-48ab-b6af-f1dfc503e25e@group-DCAE17C04CCD: changes role from  FOLLOWER to CANDIDATE at term 0 for changeToCandidate
2020-12-29 10:09:56,552 [Thread-824] INFO  impl.RoleInfo (RoleInfo.java:updateAndGet(130)) - 1f50e366-ff39-48ab-b6af-f1dfc503e25e: start 1f50e366-ff39-48ab-b6af-f1dfc503e25e@group-DCAE17C04CCD-LeaderElection9
2020-12-29 10:09:56,559 [1f50e366-ff39-48ab-b6af-f1dfc503e25e@group-DCAE17C04CCD-LeaderElection9] INFO  impl.LeaderElection (LeaderElection.java:askForVotes(219)) - 1f50e366-ff39-48ab-b6af-f1dfc503e25e@group-DCAE17C04CCD-LeaderElection9: begin an election at term 1 for -1: [211ea4af-eacf-4017-9679-f845244c1f92|rpc:172.17.0.2:41241|dataStream:, 4259afd6-154d-4eca-a620-cf00c9b631aa|rpc:172.17.0.2:38675|dataStream:, 1f50e366-ff39-48ab-b6af-f1dfc503e25e|rpc:172.17.0.2:41473|dataStream:], old=null
2020-12-29 10:09:56,563 [Thread-821] INFO  impl.FollowerState (FollowerState.java:run(133)) - 4259afd6-154d-4eca-a620-cf00c9b631aa@group-DCAE17C04CCD-FollowerState: change to CANDIDATE, lastRpcElapsedTime:5081579201ns, electionTimeout:5081ms
2020-12-29 10:09:56,564 [Thread-821] INFO  impl.RoleInfo (RoleInfo.java:shutdownFollowerState(108)) - 4259afd6-154d-4eca-a620-cf00c9b631aa: shutdown 4259afd6-154d-4eca-a620-cf00c9b631aa@group-DCAE17C04CCD-FollowerState
2020-12-29 10:09:56,564 [Thread-821] INFO  server.RaftServer$Division (RaftServerImpl.java:setRole(275)) - 4259afd6-154d-4eca-a620-cf00c9b631aa@group-DCAE17C04CCD: changes role from  FOLLOWER to CANDIDATE at term 0 for changeToCandidate
2020-12-29 10:09:56,564 [Thread-821] INFO  impl.RoleInfo (RoleInfo.java:updateAndGet(130)) - 4259afd6-154d-4eca-a620-cf00c9b631aa: start 4259afd6-154d-4eca-a620-cf00c9b631aa@group-DCAE17C04CCD-LeaderElection10
2020-12-29 10:09:56,567 [grpc-default-executor-3] INFO  metrics.RatisMetrics (RatisMetrics.java:lambda$create$0(36)) - Creating Metrics Registry : ratis.server_message_metrics.211ea4af-eacf-4017-9679-f845244c1f92
2020-12-29 10:09:56,570 [Thread-819] INFO  impl.FollowerState (FollowerState.java:run(133)) - 211ea4af-eacf-4017-9679-f845244c1f92@group-DCAE17C04CCD-FollowerState: change to CANDIDATE, lastRpcElapsedTime:5117085882ns, electionTimeout:5115ms
2020-12-29 10:09:56,570 [Thread-819] INFO  impl.RoleInfo (RoleInfo.java:shutdownFollowerState(108)) - 211ea4af-eacf-4017-9679-f845244c1f92: shutdown 211ea4af-eacf-4017-9679-f845244c1f92@group-DCAE17C04CCD-FollowerState
2020-12-29 10:09:56,570 [Thread-819] INFO  server.RaftServer$Division (RaftServerImpl.java:setRole(275)) - 211ea4af-eacf-4017-9679-f845244c1f92@group-DCAE17C04CCD: changes role from  FOLLOWER to CANDIDATE at term 0 for changeToCandidate
2020-12-29 10:09:56,570 [Thread-819] INFO  impl.RoleInfo (RoleInfo.java:updateAndGet(130)) - 211ea4af-eacf-4017-9679-f845244c1f92: start 211ea4af-eacf-4017-9679-f845244c1f92@group-DCAE17C04CCD-LeaderElection11
2020-12-29 10:09:56,573 [grpc-default-executor-1] INFO  server.RaftServer$Division (RaftServerImpl.java:setRole(275)) - 4259afd6-154d-4eca-a620-cf00c9b631aa@group-DCAE17C04CCD: changes role from CANDIDATE to FOLLOWER at term 1 for recognizeCandidate:1f50e366-ff39-48ab-b6af-f1dfc503e25e
2020-12-29 10:09:56,574 [grpc-default-executor-1] INFO  impl.RoleInfo (RoleInfo.java:shutdownLeaderElection(121)) - 4259afd6-154d-4eca-a620-cf00c9b631aa: shutdown 4259afd6-154d-4eca-a620-cf00c9b631aa@group-DCAE17C04CCD-LeaderElection10
2020-12-29 10:09:56,574 [grpc-default-executor-1] INFO  impl.RoleInfo (RoleInfo.java:updateAndGet(130)) - 4259afd6-154d-4eca-a620-cf00c9b631aa: start 4259afd6-154d-4eca-a620-cf00c9b631aa@group-DCAE17C04CCD-FollowerState
2020-12-29 10:09:56,576 [grpc-default-executor-3] INFO  server.RaftServer$Division (RaftServerImpl.java:setRole(275)) - 211ea4af-eacf-4017-9679-f845244c1f92@group-DCAE17C04CCD: changes role from CANDIDATE to FOLLOWER at term 1 for recognizeCandidate:1f50e366-ff39-48ab-b6af-f1dfc503e25e
2020-12-29 10:09:56,576 [grpc-default-executor-3] INFO  impl.RoleInfo (RoleInfo.java:shutdownLeaderElection(121)) - 211ea4af-eacf-4017-9679-f845244c1f92: shutdown 211ea4af-eacf-4017-9679-f845244c1f92@group-DCAE17C04CCD-LeaderElection11
2020-12-29 10:09:56,576 [grpc-default-executor-3] INFO  impl.RoleInfo (RoleInfo.java:updateAndGet(130)) - 211ea4af-eacf-4017-9679-f845244c1f92: start 211ea4af-eacf-4017-9679-f845244c1f92@group-DCAE17C04CCD-FollowerState
2020-12-29 10:09:56,580 [1f50e366-ff39-48ab-b6af-f1dfc503e25e@group-DCAE17C04CCD-LeaderElection9] INFO  impl.LeaderElection (LeaderElection.java:logAndReturn(68)) - 1f50e366-ff39-48ab-b6af-f1dfc503e25e@group-DCAE17C04CCD-LeaderElection9: Election REJECTED; received 2 response(s) [1f50e366-ff39-48ab-b6af-f1dfc503e25e<-211ea4af-eacf-4017-9679-f845244c1f92#0:FAIL-t1, 1f50e366-ff39-48ab-b6af-f1dfc503e25e<-4259afd6-154d-4eca-a620-cf00c9b631aa#0:FAIL-t1] and 0 exception(s); 1f50e366-ff39-48ab-b6af-f1dfc503e25e@group-DCAE17C04CCD:t1, leader=null, voted=1f50e366-ff39-48ab-b6af-f1dfc503e25e, raftlog=1f50e366-ff39-48ab-b6af-f1dfc503e25e@group-DCAE17C04CCD-SegmentedRaftLog:OPENED:c-1,f-1,i0, conf=-1: [211ea4af-eacf-4017-9679-f845244c1f92|rpc:172.17.0.2:41241|dataStream:, 4259afd6-154d-4eca-a620-cf00c9b631aa|rpc:172.17.0.2:38675|dataStream:, 1f50e366-ff39-48ab-b6af-f1dfc503e25e|rpc:172.17.0.2:41473|dataStream:], old=null
2020-12-29 10:09:56,580 [1f50e366-ff39-48ab-b6af-f1dfc503e25e@group-DCAE17C04CCD-LeaderElection9] INFO  server.RaftServer$Division (RaftServerImpl.java:setRole(275)) - 1f50e366-ff39-48ab-b6af-f1dfc503e25e@group-DCAE17C04CCD: changes role from CANDIDATE to FOLLOWER at term 1 for DISCOVERED_A_NEW_TERM
2020-12-29 10:09:56,580 [1f50e366-ff39-48ab-b6af-f1dfc503e25e@group-DCAE17C04CCD-LeaderElection9] INFO  impl.RoleInfo (RoleInfo.java:shutdownLeaderElection(121)) - 1f50e366-ff39-48ab-b6af-f1dfc503e25e: shutdown 1f50e366-ff39-48ab-b6af-f1dfc503e25e@group-DCAE17C04CCD-LeaderElection9
2020-12-29 10:09:56,580 [1f50e366-ff39-48ab-b6af-f1dfc503e25e@group-DCAE17C04CCD-LeaderElection9] INFO  impl.RoleInfo (RoleInfo.java:updateAndGet(130)) - 1f50e366-ff39-48ab-b6af-f1dfc503e25e: start 1f50e366-ff39-48ab-b6af-f1dfc503e25e@group-DCAE17C04CCD-FollowerState
2020-12-29 10:09:56,592 [Thread-817] INFO  impl.FollowerState (FollowerState.java:run(133)) - 211ea4af-eacf-4017-9679-f845244c1f92@group-BA3F230A758C-FollowerState: change to CANDIDATE, lastRpcElapsedTime:5155499485ns, electionTimeout:5155ms
2020-12-29 10:09:56,593 [Thread-817] INFO  impl.RoleInfo (RoleInfo.java:shutdownFollowerState(108)) - 211ea4af-eacf-4017-9679-f845244c1f92: shutdown 211ea4af-eacf-4017-9679-f845244c1f92@group-BA3F230A758C-FollowerState
2020-12-29 10:09:56,593 [Thread-817] INFO  server.RaftServer$Division (RaftServerImpl.java:setRole(275)) - 211ea4af-eacf-4017-9679-f845244c1f92@group-BA3F230A758C: changes role from  FOLLOWER to CANDIDATE at term 0 for changeToCandidate
2020-12-29 10:09:56,593 [Thread-817] INFO  impl.RoleInfo (RoleInfo.java:updateAndGet(130)) - 211ea4af-eacf-4017-9679-f845244c1f92: start 211ea4af-eacf-4017-9679-f845244c1f92@group-BA3F230A758C-LeaderElection12
2020-12-29 10:09:56,596 [211ea4af-eacf-4017-9679-f845244c1f92@group-BA3F230A758C-LeaderElection12] INFO  impl.LeaderElection (LeaderElection.java:askForVotes(219)) - 211ea4af-eacf-4017-9679-f845244c1f92@group-BA3F230A758C-LeaderElection12: begin an election at term 1 for -1: [211ea4af-eacf-4017-9679-f845244c1f92|rpc:172.17.0.2:41241], old=null
2020-12-29 10:09:56,597 [211ea4af-eacf-4017-9679-f845244c1f92@group-BA3F230A758C-LeaderElection12] INFO  impl.RoleInfo (RoleInfo.java:shutdownLeaderElection(121)) - 211ea4af-eacf-4017-9679-f845244c1f92: shutdown 211ea4af-eacf-4017-9679-f845244c1f92@group-BA3F230A758C-LeaderElection12
2020-12-29 10:09:56,597 [211ea4af-eacf-4017-9679-f845244c1f92@group-BA3F230A758C-LeaderElection12] INFO  server.RaftServer$Division (RaftServerImpl.java:setRole(275)) - 211ea4af-eacf-4017-9679-f845244c1f92@group-BA3F230A758C: changes role from CANDIDATE to LEADER at term 1 for changeToLeader
2020-12-29 10:09:56,597 [211ea4af-eacf-4017-9679-f845244c1f92@group-BA3F230A758C-LeaderElection12] INFO  ratis.XceiverServerRatis (XceiverServerRatis.java:handleLeaderChangedNotification(862)) - Leader change notification received for group: group-BA3F230A758C with new leaderId: 211ea4af-eacf-4017-9679-f845244c1f92
2020-12-29 10:09:56,597 [211ea4af-eacf-4017-9679-f845244c1f92@group-BA3F230A758C-LeaderElection12] INFO  server.RaftServer$Division (ServerState.java:setLeader(258)) - 211ea4af-eacf-4017-9679-f845244c1f92@group-BA3F230A758C: change Leader from null to 211ea4af-eacf-4017-9679-f845244c1f92 at term 1 for becomeLeader, leader elected after 5169ms
2020-12-29 10:09:56,598 [EventQueue-OpenPipelineForHealthyPipelineSafeModeRule] INFO  safemode.SCMSafeModeManager (HealthyPipelineSafeModeRule.java:process(128)) - SCM in safe mode. Healthy pipelines reported count is 0, required healthy pipeline reported count is 1
2020-12-29 10:09:56,598 [EventQueue-PipelineReportForOneReplicaPipelineSafeModeRule] INFO  safemode.SCMSafeModeManager (SCMSafeModeManager.java:validateSafeModeExitRules(214)) - AtleastOneDatanodeReportedRule rule is successfully validated
2020-12-29 10:09:56,598 [211ea4af-eacf-4017-9679-f845244c1f92@group-BA3F230A758C-LeaderElection12] INFO  server.RaftServerConfigKeys (ConfUtils.java:logGet(44)) - raft.server.staging.catchup.gap = 1000 (default)
2020-12-29 10:09:56,599 [211ea4af-eacf-4017-9679-f845244c1f92@group-BA3F230A758C-LeaderElection12] INFO  metrics.RatisMetrics (RatisMetrics.java:lambda$create$0(36)) - Creating Metrics Registry : ratis.log_appender.211ea4af-eacf-4017-9679-f845244c1f92@group-BA3F230A758C
2020-12-29 10:09:56,599 [211ea4af-eacf-4017-9679-f845244c1f92@group-BA3F230A758C-LeaderElection12] INFO  server.RaftServerConfigKeys (ConfUtils.java:logGet(44)) - raft.server.write.element-limit = 1024 (custom)
2020-12-29 10:09:56,599 [211ea4af-eacf-4017-9679-f845244c1f92@group-BA3F230A758C-LeaderElection12] INFO  server.RaftServerConfigKeys (ConfUtils.java:logGet(44)) - raft.server.write.byte-limit = 1073741824 (custom)
2020-12-29 10:09:56,599 [211ea4af-eacf-4017-9679-f845244c1f92@group-BA3F230A758C-LeaderElection12] INFO  server.RaftServerConfigKeys (ConfUtils.java:logGet(44)) - raft.server.watch.timeout = 180s (custom)
2020-12-29 10:09:56,599 [211ea4af-eacf-4017-9679-f845244c1f92@group-BA3F230A758C-LeaderElection12] INFO  server.RaftServerConfigKeys (ConfUtils.java:logGet(44)) - raft.server.watch.timeout.denomination = 1s (default)
2020-12-29 10:09:56,600 [211ea4af-eacf-4017-9679-f845244c1f92@group-BA3F230A758C-LeaderElection12] INFO  server.RaftServerConfigKeys (ConfUtils.java:logGet(44)) - raft.server.watch.element-limit = 65536 (default)
2020-12-29 10:09:56,601 [211ea4af-eacf-4017-9679-f845244c1f92@group-BA3F230A758C-LeaderElection12] INFO  impl.RoleInfo (RoleInfo.java:updateAndGet(130)) - 211ea4af-eacf-4017-9679-f845244c1f92: start 211ea4af-eacf-4017-9679-f845244c1f92@group-BA3F230A758C-LeaderStateImpl
2020-12-29 10:09:56,601 [211ea4af-eacf-4017-9679-f845244c1f92@group-BA3F230A758C-LeaderElection12] INFO  segmented.SegmentedRaftLogWorker (SegmentedRaftLogWorker.java:startLogSegment(392)) - 211ea4af-eacf-4017-9679-f845244c1f92@group-BA3F230A758C-SegmentedRaftLogWorker: Starting segment from index:0
2020-12-29 10:09:56,611 [211ea4af-eacf-4017-9679-f845244c1f92@group-BA3F230A758C-SegmentedRaftLogWorker] INFO  segmented.SegmentedRaftLogWorker (SegmentedRaftLogWorker.java:execute(599)) - 211ea4af-eacf-4017-9679-f845244c1f92@group-BA3F230A758C-SegmentedRaftLogWorker: created new log segment /github/workspace/mnt/ozone/hadoop-ozone/integration-test/target/test-dir/MiniOzoneClusterImpl-b1ea8c03-8e89-4df6-8609-c05021ba0f19/datanode-0/data/ratis/f7ef1bbe-2f47-43c1-9d7d-ba3f230a758c/current/log_inprogress_0
2020-12-29 10:09:56,622 [211ea4af-eacf-4017-9679-f845244c1f92@group-BA3F230A758C-LeaderElection12] INFO  server.RaftServer$Division (ServerState.java:setRaftConf(374)) - 211ea4af-eacf-4017-9679-f845244c1f92@group-BA3F230A758C: set configuration 0: [211ea4af-eacf-4017-9679-f845244c1f92|rpc:172.17.0.2:41241|dataStream:], old=null at 0
2020-12-29 10:09:56,639 [EventQueue-PipelineReportForOneReplicaPipelineSafeModeRule] INFO  safemode.SCMSafeModeManager (SCMSafeModeManager.java:validateSafeModeExitRules(214)) - AtleastOneDatanodeReportedRule rule is successfully validated
2020-12-29 10:09:56,639 [EventQueue-OpenPipelineForHealthyPipelineSafeModeRule] INFO  safemode.SCMSafeModeManager (HealthyPipelineSafeModeRule.java:process(128)) - SCM in safe mode. Healthy pipelines reported count is 0, required healthy pipeline reported count is 1
2020-12-29 10:09:56,714 [Thread-827] INFO  impl.FollowerState (FollowerState.java:run(133)) - 1f50e366-ff39-48ab-b6af-f1dfc503e25e@group-B7CC0A01BF5F-FollowerState: change to CANDIDATE, lastRpcElapsedTime:5064397363ns, electionTimeout:5052ms
2020-12-29 10:09:56,714 [Thread-827] INFO  impl.RoleInfo (RoleInfo.java:shutdownFollowerState(108)) - 1f50e366-ff39-48ab-b6af-f1dfc503e25e: shutdown 1f50e366-ff39-48ab-b6af-f1dfc503e25e@group-B7CC0A01BF5F-FollowerState
2020-12-29 10:09:56,714 [Thread-827] INFO  server.RaftServer$Division (RaftServerImpl.java:setRole(275)) - 1f50e366-ff39-48ab-b6af-f1dfc503e25e@group-B7CC0A01BF5F: changes role from  FOLLOWER to CANDIDATE at term 0 for changeToCandidate
2020-12-29 10:09:56,715 [Thread-827] INFO  impl.RoleInfo (RoleInfo.java:updateAndGet(130)) - 1f50e366-ff39-48ab-b6af-f1dfc503e25e: start 1f50e366-ff39-48ab-b6af-f1dfc503e25e@group-B7CC0A01BF5F-LeaderElection13
2020-12-29 10:09:56,718 [1f50e366-ff39-48ab-b6af-f1dfc503e25e@group-B7CC0A01BF5F-LeaderElection13] INFO  impl.LeaderElection (LeaderElection.java:askForVotes(219)) - 1f50e366-ff39-48ab-b6af-f1dfc503e25e@group-B7CC0A01BF5F-LeaderElection13: begin an election at term 1 for -1: [1f50e366-ff39-48ab-b6af-f1dfc503e25e|rpc:172.17.0.2:41473], old=null
2020-12-29 10:09:56,718 [1f50e366-ff39-48ab-b6af-f1dfc503e25e@group-B7CC0A01BF5F-LeaderElection13] INFO  impl.RoleInfo (RoleInfo.java:shutdownLeaderElection(121)) - 1f50e366-ff39-48ab-b6af-f1dfc503e25e: shutdown 1f50e366-ff39-48ab-b6af-f1dfc503e25e@group-B7CC0A01BF5F-LeaderElection13
2020-12-29 10:09:56,718 [1f50e366-ff39-48ab-b6af-f1dfc503e25e@group-B7CC0A01BF5F-LeaderElection13] INFO  server.RaftServer$Division (RaftServerImpl.java:setRole(275)) - 1f50e366-ff39-48ab-b6af-f1dfc503e25e@group-B7CC0A01BF5F: changes role from CANDIDATE to LEADER at term 1 for changeToLeader
2020-12-29 10:09:56,718 [1f50e366-ff39-48ab-b6af-f1dfc503e25e@group-B7CC0A01BF5F-LeaderElection13] INFO  ratis.XceiverServerRatis (XceiverServerRatis.java:handleLeaderChangedNotification(862)) - Leader change notification received for group: group-B7CC0A01BF5F with new leaderId: 1f50e366-ff39-48ab-b6af-f1dfc503e25e
2020-12-29 10:09:56,718 [1f50e366-ff39-48ab-b6af-f1dfc503e25e@group-B7CC0A01BF5F-LeaderElection13] INFO  server.RaftServer$Division (ServerState.java:setLeader(258)) - 1f50e366-ff39-48ab-b6af-f1dfc503e25e@group-B7CC0A01BF5F: change Leader from null to 1f50e366-ff39-48ab-b6af-f1dfc503e25e at term 1 for becomeLeader, leader elected after 5079ms
2020-12-29 10:09:56,718 [1f50e366-ff39-48ab-b6af-f1dfc503e25e@group-B7CC0A01BF5F-LeaderElection13] INFO  server.RaftServerConfigKeys (ConfUtils.java:logGet(44)) - raft.server.staging.catchup.gap = 1000 (default)
2020-12-29 10:09:56,718 [1f50e366-ff39-48ab-b6af-f1dfc503e25e@group-B7CC0A01BF5F-LeaderElection13] INFO  metrics.RatisMetrics (RatisMetrics.java:lambda$create$0(36)) - Creating Metrics Registry : ratis.log_appender.1f50e366-ff39-48ab-b6af-f1dfc503e25e@group-B7CC0A01BF5F
2020-12-29 10:09:56,719 [1f50e366-ff39-48ab-b6af-f1dfc503e25e@group-B7CC0A01BF5F-LeaderElection13] INFO  server.RaftServerConfigKeys (ConfUtils.java:logGet(44)) - raft.server.write.element-limit = 1024 (custom)
2020-12-29 10:09:56,719 [1f50e366-ff39-48ab-b6af-f1dfc503e25e@group-B7CC0A01BF5F-LeaderElection13] INFO  server.RaftServerConfigKeys (ConfUtils.java:logGet(44)) - raft.server.write.byte-limit = 1073741824 (custom)
2020-12-29 10:09:56,719 [1f50e366-ff39-48ab-b6af-f1dfc503e25e@group-B7CC0A01BF5F-LeaderElection13] INFO  server.RaftServerConfigKeys (ConfUtils.java:logGet(44)) - raft.server.watch.timeout = 180s (custom)
2020-12-29 10:09:56,719 [1f50e366-ff39-48ab-b6af-f1dfc503e25e@group-B7CC0A01BF5F-LeaderElection13] INFO  server.RaftServerConfigKeys (ConfUtils.java:logGet(44)) - raft.server.watch.timeout.denomination = 1s (default)
2020-12-29 10:09:56,719 [1f50e366-ff39-48ab-b6af-f1dfc503e25e@group-B7CC0A01BF5F-LeaderElection13] INFO  server.RaftServerConfigKeys (ConfUtils.java:logGet(44)) - raft.server.watch.element-limit = 65536 (default)
2020-12-29 10:09:56,719 [1f50e366-ff39-48ab-b6af-f1dfc503e25e@group-B7CC0A01BF5F-LeaderElection13] INFO  impl.RoleInfo (RoleInfo.java:updateAndGet(130)) - 1f50e366-ff39-48ab-b6af-f1dfc503e25e: start 1f50e366-ff39-48ab-b6af-f1dfc503e25e@group-B7CC0A01BF5F-LeaderStateImpl
2020-12-29 10:09:56,720 [1f50e366-ff39-48ab-b6af-f1dfc503e25e@group-B7CC0A01BF5F-LeaderElection13] INFO  segmented.SegmentedRaftLogWorker (SegmentedRaftLogWorker.java:startLogSegment(392)) - 1f50e366-ff39-48ab-b6af-f1dfc503e25e@group-B7CC0A01BF5F-SegmentedRaftLogWorker: Starting segment from index:0
2020-12-29 10:09:56,721 [1f50e366-ff39-48ab-b6af-f1dfc503e25e@group-B7CC0A01BF5F-LeaderElection13] INFO  server.RaftServer$Division (ServerState.java:setRaftConf(374)) - 1f50e366-ff39-48ab-b6af-f1dfc503e25e@group-B7CC0A01BF5F: set configuration 0: [1f50e366-ff39-48ab-b6af-f1dfc503e25e|rpc:172.17.0.2:41473|dataStream:], old=null at 0
2020-12-29 10:09:56,721 [1f50e366-ff39-48ab-b6af-f1dfc503e25e@group-B7CC0A01BF5F-SegmentedRaftLogWorker] INFO  segmented.SegmentedRaftLogWorker (SegmentedRaftLogWorker.java:execute(599)) - 1f50e366-ff39-48ab-b6af-f1dfc503e25e@group-B7CC0A01BF5F-SegmentedRaftLogWorker: created new log segment /github/workspace/mnt/ozone/hadoop-ozone/integration-test/target/test-dir/MiniOzoneClusterImpl-b1ea8c03-8e89-4df6-8609-c05021ba0f19/datanode-1/data/ratis/446ab009-3380-42be-b246-b7cc0a01bf5f/current/log_inprogress_0
2020-12-29 10:09:56,723 [EventQueue-PipelineReportForOneReplicaPipelineSafeModeRule] INFO  safemode.SCMSafeModeManager (SCMSafeModeManager.java:validateSafeModeExitRules(214)) - AtleastOneDatanodeReportedRule rule is successfully validated
2020-12-29 10:09:56,723 [EventQueue-OpenPipelineForHealthyPipelineSafeModeRule] INFO  safemode.SCMSafeModeManager (HealthyPipelineSafeModeRule.java:process(128)) - SCM in safe mode. Healthy pipelines reported count is 0, required healthy pipeline reported count is 1
2020-12-29 10:09:56,860 [EventQueue-PipelineReportForOneReplicaPipelineSafeModeRule] INFO  safemode.SCMSafeModeManager (SCMSafeModeManager.java:validateSafeModeExitRules(214)) - AtleastOneDatanodeReportedRule rule is successfully validated
2020-12-29 10:09:56,861 [EventQueue-OpenPipelineForHealthyPipelineSafeModeRule] INFO  safemode.SCMSafeModeManager (HealthyPipelineSafeModeRule.java:process(128)) - SCM in safe mode. Healthy pipelines reported count is 0, required healthy pipeline reported count is 1
2020-12-29 10:09:56,887 [Thread-829] INFO  impl.FollowerState (FollowerState.java:run(133)) - 4259afd6-154d-4eca-a620-cf00c9b631aa@group-E486DD347B92-FollowerState: change to CANDIDATE, lastRpcElapsedTime:5016955586ns, electionTimeout:5013ms
2020-12-29 10:09:56,887 [Thread-829] INFO  impl.RoleInfo (RoleInfo.java:shutdownFollowerState(108)) - 4259afd6-154d-4eca-a620-cf00c9b631aa: shutdown 4259afd6-154d-4eca-a620-cf00c9b631aa@group-E486DD347B92-FollowerState
2020-12-29 10:09:56,887 [Thread-829] INFO  server.RaftServer$Division (RaftServerImpl.java:setRole(275)) - 4259afd6-154d-4eca-a620-cf00c9b631aa@group-E486DD347B92: changes role from  FOLLOWER to CANDIDATE at term 0 for changeToCandidate
2020-12-29 10:09:56,887 [Thread-829] INFO  impl.RoleInfo (RoleInfo.java:updateAndGet(130)) - 4259afd6-154d-4eca-a620-cf00c9b631aa: start 4259afd6-154d-4eca-a620-cf00c9b631aa@group-E486DD347B92-LeaderElection14
2020-12-29 10:09:56,891 [4259afd6-154d-4eca-a620-cf00c9b631aa@group-E486DD347B92-LeaderElection14] INFO  impl.LeaderElection (LeaderElection.java:askForVotes(219)) - 4259afd6-154d-4eca-a620-cf00c9b631aa@group-E486DD347B92-LeaderElection14: begin an election at term 1 for -1: [4259afd6-154d-4eca-a620-cf00c9b631aa|rpc:172.17.0.2:38675], old=null
2020-12-29 10:09:56,891 [4259afd6-154d-4eca-a620-cf00c9b631aa@group-E486DD347B92-LeaderElection14] INFO  impl.RoleInfo (RoleInfo.java:shutdownLeaderElection(121)) - 4259afd6-154d-4eca-a620-cf00c9b631aa: shutdown 4259afd6-154d-4eca-a620-cf00c9b631aa@group-E486DD347B92-LeaderElection14
2020-12-29 10:09:56,892 [4259afd6-154d-4eca-a620-cf00c9b631aa@group-E486DD347B92-LeaderElection14] INFO  server.RaftServer$Division (RaftServerImpl.java:setRole(275)) - 4259afd6-154d-4eca-a620-cf00c9b631aa@group-E486DD347B92: changes role from CANDIDATE to LEADER at term 1 for changeToLeader
2020-12-29 10:09:56,892 [4259afd6-154d-4eca-a620-cf00c9b631aa@group-E486DD347B92-LeaderElection14] INFO  ratis.XceiverServerRatis (XceiverServerRatis.java:handleLeaderChangedNotification(862)) - Leader change notification received for group: group-E486DD347B92 with new leaderId: 4259afd6-154d-4eca-a620-cf00c9b631aa
2020-12-29 10:09:56,892 [4259afd6-154d-4eca-a620-cf00c9b631aa@group-E486DD347B92-LeaderElection14] INFO  server.RaftServer$Division (ServerState.java:setLeader(258)) - 4259afd6-154d-4eca-a620-cf00c9b631aa@group-E486DD347B92: change Leader from null to 4259afd6-154d-4eca-a620-cf00c9b631aa at term 1 for becomeLeader, leader elected after 5029ms
2020-12-29 10:09:56,892 [4259afd6-154d-4eca-a620-cf00c9b631aa@group-E486DD347B92-LeaderElection14] INFO  server.RaftServerConfigKeys (ConfUtils.java:logGet(44)) - raft.server.staging.catchup.gap = 1000 (default)
2020-12-29 10:09:56,892 [4259afd6-154d-4eca-a620-cf00c9b631aa@group-E486DD347B92-LeaderElection14] INFO  metrics.RatisMetrics (RatisMetrics.java:lambda$create$0(36)) - Creating Metrics Registry : ratis.log_appender.4259afd6-154d-4eca-a620-cf00c9b631aa@group-E486DD347B92
2020-12-29 10:09:56,892 [4259afd6-154d-4eca-a620-cf00c9b631aa@group-E486DD347B92-LeaderElection14] INFO  server.RaftServerConfigKeys (ConfUtils.java:logGet(44)) - raft.server.write.element-limit = 1024 (custom)
2020-12-29 10:09:56,892 [4259afd6-154d-4eca-a620-cf00c9b631aa@group-E486DD347B92-LeaderElection14] INFO  server.RaftServerConfigKeys (ConfUtils.java:logGet(44)) - raft.server.write.byte-limit = 1073741824 (custom)
2020-12-29 10:09:56,893 [4259afd6-154d-4eca-a620-cf00c9b631aa@group-E486DD347B92-LeaderElection14] INFO  server.RaftServerConfigKeys (ConfUtils.java:logGet(44)) - raft.server.watch.timeout = 180s (custom)
2020-12-29 10:09:56,893 [4259afd6-154d-4eca-a620-cf00c9b631aa@group-E486DD347B92-LeaderElection14] INFO  server.RaftServerConfigKeys (ConfUtils.java:logGet(44)) - raft.server.watch.timeout.denomination = 1s (default)
2020-12-29 10:09:56,893 [EventQueue-PipelineReportForOneReplicaPipelineSafeModeRule] INFO  safemode.SCMSafeModeManager (SCMSafeModeManager.java:validateSafeModeExitRules(214)) - AtleastOneDatanodeReportedRule rule is successfully validated
2020-12-29 10:09:56,894 [EventQueue-OpenPipelineForHealthyPipelineSafeModeRule] INFO  safemode.SCMSafeModeManager (HealthyPipelineSafeModeRule.java:process(128)) - SCM in safe mode. Healthy pipelines reported count is 0, required healthy pipeline reported count is 1
2020-12-29 10:09:56,894 [4259afd6-154d-4eca-a620-cf00c9b631aa@group-E486DD347B92-LeaderElection14] INFO  server.RaftServerConfigKeys (ConfUtils.java:logGet(44)) - raft.server.watch.element-limit = 65536 (default)
2020-12-29 10:09:56,894 [4259afd6-154d-4eca-a620-cf00c9b631aa@group-E486DD347B92-LeaderElection14] INFO  impl.RoleInfo (RoleInfo.java:updateAndGet(130)) - 4259afd6-154d-4eca-a620-cf00c9b631aa: start 4259afd6-154d-4eca-a620-cf00c9b631aa@group-E486DD347B92-LeaderStateImpl
2020-12-29 10:09:56,894 [4259afd6-154d-4eca-a620-cf00c9b631aa@group-E486DD347B92-LeaderElection14] INFO  segmented.SegmentedRaftLogWorker (SegmentedRaftLogWorker.java:startLogSegment(392)) - 4259afd6-154d-4eca-a620-cf00c9b631aa@group-E486DD347B92-SegmentedRaftLogWorker: Starting segment from index:0
2020-12-29 10:09:56,896 [4259afd6-154d-4eca-a620-cf00c9b631aa@group-E486DD347B92-SegmentedRaftLogWorker] INFO  segmented.SegmentedRaftLogWorker (SegmentedRaftLogWorker.java:execute(599)) - 4259afd6-154d-4eca-a620-cf00c9b631aa@group-E486DD347B92-SegmentedRaftLogWorker: created new log segment /github/workspace/mnt/ozone/hadoop-ozone/integration-test/target/test-dir/MiniOzoneClusterImpl-b1ea8c03-8e89-4df6-8609-c05021ba0f19/datanode-2/data/ratis/54d7084e-9edf-4c40-a69c-e486dd347b92/current/log_inprogress_0
2020-12-29 10:09:56,896 [4259afd6-154d-4eca-a620-cf00c9b631aa@group-E486DD347B92-LeaderElection14] INFO  server.RaftServer$Division (ServerState.java:setRaftConf(374)) - 4259afd6-154d-4eca-a620-cf00c9b631aa@group-E486DD347B92: set configuration 0: [4259afd6-154d-4eca-a620-cf00c9b631aa|rpc:172.17.0.2:38675|dataStream:], old=null at 0
2020-12-29 10:09:57,116 [EventQueue-PipelineReportForOneReplicaPipelineSafeModeRule] INFO  safemode.SCMSafeModeManager (SCMSafeModeManager.java:validateSafeModeExitRules(214)) - AtleastOneDatanodeReportedRule rule is successfully validated
2020-12-29 10:09:57,117 [EventQueue-OpenPipelineForHealthyPipelineSafeModeRule] INFO  safemode.SCMSafeModeManager (HealthyPipelineSafeModeRule.java:process(128)) - SCM in safe mode. Healthy pipelines reported count is 0, required healthy pipeline reported count is 1
2020-12-29 10:09:57,274 [Thread-833] INFO  impl.FollowerState (FollowerState.java:run(133)) - 856c4e2d-a2c2-4358-bc21-0d0c99327a9f@group-F16552F941CD-FollowerState: change to CANDIDATE, lastRpcElapsedTime:5154280870ns, electionTimeout:5153ms
2020-12-29 10:09:57,275 [Thread-833] INFO  impl.RoleInfo (RoleInfo.java:shutdownFollowerState(108)) - 856c4e2d-a2c2-4358-bc21-0d0c99327a9f: shutdown 856c4e2d-a2c2-4358-bc21-0d0c99327a9f@group-F16552F941CD-FollowerState
2020-12-29 10:09:57,275 [Thread-833] INFO  server.RaftServer$Division (RaftServerImpl.java:setRole(275)) - 856c4e2d-a2c2-4358-bc21-0d0c99327a9f@group-F16552F941CD: changes role from  FOLLOWER to CANDIDATE at term 0 for changeToCandidate
2020-12-29 10:09:57,275 [Thread-833] INFO  impl.RoleInfo (RoleInfo.java:updateAndGet(130)) - 856c4e2d-a2c2-4358-bc21-0d0c99327a9f: start 856c4e2d-a2c2-4358-bc21-0d0c99327a9f@group-F16552F941CD-LeaderElection15
2020-12-29 10:09:57,280 [856c4e2d-a2c2-4358-bc21-0d0c99327a9f@group-F16552F941CD-LeaderElection15] INFO  impl.LeaderElection (LeaderElection.java:askForVotes(219)) - 856c4e2d-a2c2-4358-bc21-0d0c99327a9f@group-F16552F941CD-LeaderElection15: begin an election at term 1 for -1: [b063ad5b-b25a-46ed-abed-9b5302f3b533|rpc:172.17.0.2:42479, 856c4e2d-a2c2-4358-bc21-0d0c99327a9f|rpc:172.17.0.2:38587, a606f2ed-cee1-417c-9fe3-1bdc4a375396|rpc:172.17.0.2:36775], old=null
2020-12-29 10:09:57,290 [grpc-default-executor-3] INFO  server.RaftServer$Division (RaftServerImpl.java:setRole(275)) - b063ad5b-b25a-46ed-abed-9b5302f3b533@group-F16552F941CD: changes role from  FOLLOWER to FOLLOWER at term 1 for recognizeCandidate:856c4e2d-a2c2-4358-bc21-0d0c99327a9f
2020-12-29 10:09:57,290 [grpc-default-executor-3] INFO  impl.RoleInfo (RoleInfo.java:shutdownFollowerState(108)) - b063ad5b-b25a-46ed-abed-9b5302f3b533: shutdown b063ad5b-b25a-46ed-abed-9b5302f3b533@group-F16552F941CD-FollowerState
2020-12-29 10:09:57,290 [grpc-default-executor-3] INFO  impl.RoleInfo (RoleInfo.java:updateAndGet(130)) - b063ad5b-b25a-46ed-abed-9b5302f3b533: start b063ad5b-b25a-46ed-abed-9b5302f3b533@group-F16552F941CD-FollowerState
2020-12-29 10:09:57,290 [Thread-835] INFO  impl.FollowerState (FollowerState.java:run(142)) - b063ad5b-b25a-46ed-abed-9b5302f3b533@group-F16552F941CD-FollowerState was interrupted: {}
java.lang.InterruptedException: sleep interrupted
	at java.lang.Thread.sleep(Native Method)
	at java.lang.Thread.sleep(Thread.java:340)
	at java.util.concurrent.TimeUnit.sleep(TimeUnit.java:386)
	at org.apache.ratis.util.TimeDuration.sleep(TimeDuration.java:319)
	at org.apache.ratis.util.TimeDuration.sleep(TimeDuration.java:304)
	at org.apache.ratis.server.impl.FollowerState.run(FollowerState.java:117)
2020-12-29 10:09:57,290 [grpc-default-executor-3] INFO  server.RaftServer$Division (RaftServerImpl.java:requestVote(983)) -  FOLLOWER b063ad5b-b25a-46ed-abed-9b5302f3b533@group-F16552F941CD:t1, leader=null, voted=null, raftlog=b063ad5b-b25a-46ed-abed-9b5302f3b533@group-F16552F941CD-SegmentedRaftLog:OPENED:c-1,f-1,i0, conf=-1: [b063ad5b-b25a-46ed-abed-9b5302f3b533|rpc:172.17.0.2:42479|dataStream:, 856c4e2d-a2c2-4358-bc21-0d0c99327a9f|rpc:172.17.0.2:38587|dataStream:, a606f2ed-cee1-417c-9fe3-1bdc4a375396|rpc:172.17.0.2:36775|dataStream:], old=null RUNNING priority:0 candidate:856c4e2d-a2c2-4358-bc21-0d0c99327a9f|rpc:172.17.0.2:38587|dataStream: candidatePriority:0 compare:0
2020-12-29 10:09:57,292 [Thread-831] INFO  impl.FollowerState (FollowerState.java:run(133)) - 856c4e2d-a2c2-4358-bc21-0d0c99327a9f@group-054CF680018B-FollowerState: change to CANDIDATE, lastRpcElapsedTime:5184372908ns, electionTimeout:5184ms
2020-12-29 10:09:57,292 [Thread-831] INFO  impl.RoleInfo (RoleInfo.java:shutdownFollowerState(108)) - 856c4e2d-a2c2-4358-bc21-0d0c99327a9f: shutdown 856c4e2d-a2c2-4358-bc21-0d0c99327a9f@group-054CF680018B-FollowerState
2020-12-29 10:09:57,292 [Thread-831] INFO  server.RaftServer$Division (RaftServerImpl.java:setRole(275)) - 856c4e2d-a2c2-4358-bc21-0d0c99327a9f@group-054CF680018B: changes role from  FOLLOWER to CANDIDATE at term 0 for changeToCandidate
2020-12-29 10:09:57,293 [Thread-831] INFO  impl.RoleInfo (RoleInfo.java:updateAndGet(130)) - 856c4e2d-a2c2-4358-bc21-0d0c99327a9f: start 856c4e2d-a2c2-4358-bc21-0d0c99327a9f@group-054CF680018B-LeaderElection16
2020-12-29 10:09:57,295 [856c4e2d-a2c2-4358-bc21-0d0c99327a9f@group-F16552F941CD-LeaderElection15] INFO  impl.LeaderElection (LeaderElection.java:logAndReturn(68)) - 856c4e2d-a2c2-4358-bc21-0d0c99327a9f@group-F16552F941CD-LeaderElection15: Election PASSED; received 1 response(s) [856c4e2d-a2c2-4358-bc21-0d0c99327a9f<-b063ad5b-b25a-46ed-abed-9b5302f3b533#0:OK-t1] and 0 exception(s); 856c4e2d-a2c2-4358-bc21-0d0c99327a9f@group-F16552F941CD:t1, leader=null, voted=856c4e2d-a2c2-4358-bc21-0d0c99327a9f, raftlog=856c4e2d-a2c2-4358-bc21-0d0c99327a9f@group-F16552F941CD-SegmentedRaftLog:OPENED:c-1,f-1,i0, conf=-1: [b063ad5b-b25a-46ed-abed-9b5302f3b533|rpc:172.17.0.2:42479, 856c4e2d-a2c2-4358-bc21-0d0c99327a9f|rpc:172.17.0.2:38587, a606f2ed-cee1-417c-9fe3-1bdc4a375396|rpc:172.17.0.2:36775], old=null
2020-12-29 10:09:57,297 [grpc-default-executor-3] INFO  server.RaftServer$Division (RaftServerImpl.java:setRole(275)) - a606f2ed-cee1-417c-9fe3-1bdc4a375396@group-F16552F941CD: changes role from  FOLLOWER to FOLLOWER at term 1 for recognizeCandidate:856c4e2d-a2c2-4358-bc21-0d0c99327a9f
2020-12-29 10:09:57,297 [grpc-default-executor-3] INFO  impl.RoleInfo (RoleInfo.java:shutdownFollowerState(108)) - a606f2ed-cee1-417c-9fe3-1bdc4a375396: shutdown a606f2ed-cee1-417c-9fe3-1bdc4a375396@group-F16552F941CD-FollowerState
2020-12-29 10:09:57,297 [grpc-default-executor-3] INFO  impl.RoleInfo (RoleInfo.java:updateAndGet(130)) - a606f2ed-cee1-417c-9fe3-1bdc4a375396: start a606f2ed-cee1-417c-9fe3-1bdc4a375396@group-F16552F941CD-FollowerState
2020-12-29 10:09:57,296 [856c4e2d-a2c2-4358-bc21-0d0c99327a9f@group-054CF680018B-LeaderElection16] INFO  impl.LeaderElection (LeaderElection.java:askForVotes(219)) - 856c4e2d-a2c2-4358-bc21-0d0c99327a9f@group-054CF680018B-LeaderElection16: begin an election at term 1 for -1: [856c4e2d-a2c2-4358-bc21-0d0c99327a9f|rpc:172.17.0.2:38587], old=null
2020-12-29 10:09:57,301 [grpc-default-executor-3] INFO  server.RaftServer$Division (RaftServerImpl.java:requestVote(983)) -  FOLLOWER a606f2ed-cee1-417c-9fe3-1bdc4a375396@group-F16552F941CD:t1, leader=null, voted=null, raftlog=a606f2ed-cee1-417c-9fe3-1bdc4a375396@group-F16552F941CD-SegmentedRaftLog:OPENED:c-1,f-1,i0, conf=-1: [b063ad5b-b25a-46ed-abed-9b5302f3b533|rpc:172.17.0.2:42479|dataStream:, 856c4e2d-a2c2-4358-bc21-0d0c99327a9f|rpc:172.17.0.2:38587|dataStream:, a606f2ed-cee1-417c-9fe3-1bdc4a375396|rpc:172.17.0.2:36775|dataStream:], old=null RUNNING priority:0 candidate:856c4e2d-a2c2-4358-bc21-0d0c99327a9f|rpc:172.17.0.2:38587|dataStream: candidatePriority:0 compare:0
2020-12-29 10:09:57,297 [Thread-838] INFO  impl.FollowerState (FollowerState.java:run(142)) - a606f2ed-cee1-417c-9fe3-1bdc4a375396@group-F16552F941CD-FollowerState was interrupted: {}
java.lang.InterruptedException: sleep interrupted
	at java.lang.Thread.sleep(Native Method)
	at java.lang.Thread.sleep(Thread.java:340)
	at java.util.concurrent.TimeUnit.sleep(TimeUnit.java:386)
	at org.apache.ratis.util.TimeDuration.sleep(TimeDuration.java:319)
	at org.apache.ratis.util.TimeDuration.sleep(TimeDuration.java:304)
	at org.apache.ratis.server.impl.FollowerState.run(FollowerState.java:117)
2020-12-29 10:09:57,297 [856c4e2d-a2c2-4358-bc21-0d0c99327a9f@group-F16552F941CD-LeaderElection15] INFO  impl.RoleInfo (RoleInfo.java:shutdownLeaderElection(121)) - 856c4e2d-a2c2-4358-bc21-0d0c99327a9f: shutdown 856c4e2d-a2c2-4358-bc21-0d0c99327a9f@group-F16552F941CD-LeaderElection15
2020-12-29 10:09:57,309 [856c4e2d-a2c2-4358-bc21-0d0c99327a9f@group-F16552F941CD-LeaderElection15] INFO  server.RaftServer$Division (RaftServerImpl.java:setRole(275)) - 856c4e2d-a2c2-4358-bc21-0d0c99327a9f@group-F16552F941CD: changes role from CANDIDATE to LEADER at term 1 for changeToLeader
2020-12-29 10:09:57,309 [856c4e2d-a2c2-4358-bc21-0d0c99327a9f@group-F16552F941CD-LeaderElection15] INFO  ratis.XceiverServerRatis (XceiverServerRatis.java:handleLeaderChangedNotification(862)) - Leader change notification received for group: group-F16552F941CD with new leaderId: 856c4e2d-a2c2-4358-bc21-0d0c99327a9f
2020-12-29 10:09:57,309 [856c4e2d-a2c2-4358-bc21-0d0c99327a9f@group-F16552F941CD-LeaderElection15] INFO  server.RaftServer$Division (ServerState.java:setLeader(258)) - 856c4e2d-a2c2-4358-bc21-0d0c99327a9f@group-F16552F941CD: change Leader from null to 856c4e2d-a2c2-4358-bc21-0d0c99327a9f at term 1 for becomeLeader, leader elected after 5195ms
2020-12-29 10:09:57,309 [856c4e2d-a2c2-4358-bc21-0d0c99327a9f@group-F16552F941CD-LeaderElection15] INFO  server.RaftServerConfigKeys (ConfUtils.java:logGet(44)) - raft.server.staging.catchup.gap = 1000 (default)
2020-12-29 10:09:57,309 [856c4e2d-a2c2-4358-bc21-0d0c99327a9f@group-F16552F941CD-LeaderElection15] INFO  metrics.RatisMetrics (RatisMetrics.java:lambda$create$0(36)) - Creating Metrics Registry : ratis.log_appender.856c4e2d-a2c2-4358-bc21-0d0c99327a9f@group-F16552F941CD
2020-12-29 10:09:57,309 [856c4e2d-a2c2-4358-bc21-0d0c99327a9f@group-F16552F941CD-LeaderElection15] INFO  server.RaftServerConfigKeys (ConfUtils.java:logGet(44)) - raft.server.write.element-limit = 1024 (custom)
2020-12-29 10:09:57,309 [856c4e2d-a2c2-4358-bc21-0d0c99327a9f@group-F16552F941CD-LeaderElection15] INFO  server.RaftServerConfigKeys (ConfUtils.java:logGet(44)) - raft.server.write.byte-limit = 1073741824 (custom)
2020-12-29 10:09:57,310 [856c4e2d-a2c2-4358-bc21-0d0c99327a9f@group-F16552F941CD-LeaderElection15] INFO  server.RaftServerConfigKeys (ConfUtils.java:logGet(44)) - raft.server.watch.timeout = 180s (custom)
2020-12-29 10:09:57,310 [856c4e2d-a2c2-4358-bc21-0d0c99327a9f@group-F16552F941CD-LeaderElection15] INFO  server.RaftServerConfigKeys (ConfUtils.java:logGet(44)) - raft.server.watch.timeout.denomination = 1s (default)
2020-12-29 10:09:57,310 [856c4e2d-a2c2-4358-bc21-0d0c99327a9f@group-F16552F941CD-LeaderElection15] INFO  server.RaftServerConfigKeys (ConfUtils.java:logGet(44)) - raft.server.watch.element-limit = 65536 (default)
2020-12-29 10:09:57,310 [856c4e2d-a2c2-4358-bc21-0d0c99327a9f@group-F16552F941CD-LeaderElection15] INFO  server.RaftServerConfigKeys (ConfUtils.java:logGet(44)) - raft.server.log.appender.snapshot.chunk.size.max = 16MB (=16777216) (default)
2020-12-29 10:09:57,310 [856c4e2d-a2c2-4358-bc21-0d0c99327a9f@group-F16552F941CD-LeaderElection15] INFO  server.RaftServerConfigKeys (ConfUtils.java:logGet(44)) - raft.server.log.appender.buffer.byte-limit = 33554432 (custom)
2020-12-29 10:09:57,310 [856c4e2d-a2c2-4358-bc21-0d0c99327a9f@group-F16552F941CD-LeaderElection15] INFO  server.RaftServerConfigKeys (ConfUtils.java:logGet(44)) - raft.server.log.appender.buffer.element-limit = 1 (custom)
2020-12-29 10:09:57,310 [856c4e2d-a2c2-4358-bc21-0d0c99327a9f@group-F16552F941CD-LeaderElection15] INFO  grpc.GrpcConfigKeys (ConfUtils.java:logGet(44)) - raft.grpc.server.leader.outstanding.appends.max = 128 (default)
2020-12-29 10:09:57,310 [856c4e2d-a2c2-4358-bc21-0d0c99327a9f@group-F16552F941CD-LeaderElection15] INFO  server.RaftServerConfigKeys (ConfUtils.java:logGet(44)) - raft.server.rpc.request.timeout = 60s (custom)
2020-12-29 10:09:57,310 [856c4e2d-a2c2-4358-bc21-0d0c99327a9f@group-F16552F941CD-LeaderElection15] INFO  server.RaftServerConfigKeys (ConfUtils.java:logGet(44)) - raft.server.log.appender.install.snapshot.enabled = false (custom)
2020-12-29 10:09:57,311 [856c4e2d-a2c2-4358-bc21-0d0c99327a9f@group-F16552F941CD-LeaderElection15] INFO  metrics.RatisMetrics (RatisMetrics.java:lambda$create$0(36)) - Creating Metrics Registry : ratis_grpc.log_appender.856c4e2d-a2c2-4358-bc21-0d0c99327a9f@group-F16552F941CD
2020-12-29 10:09:57,311 [856c4e2d-a2c2-4358-bc21-0d0c99327a9f@group-F16552F941CD-LeaderElection15] INFO  server.RaftServerConfigKeys (ConfUtils.java:logGet(44)) - raft.server.log.appender.snapshot.chunk.size.max = 16MB (=16777216) (default)
2020-12-29 10:09:57,312 [856c4e2d-a2c2-4358-bc21-0d0c99327a9f@group-F16552F941CD-LeaderElection15] INFO  server.RaftServerConfigKeys (ConfUtils.java:logGet(44)) - raft.server.log.appender.buffer.byte-limit = 33554432 (custom)
2020-12-29 10:09:57,312 [856c4e2d-a2c2-4358-bc21-0d0c99327a9f@group-F16552F941CD-LeaderElection15] INFO  server.RaftServerConfigKeys (ConfUtils.java:logGet(44)) - raft.server.log.appender.buffer.element-limit = 1 (custom)
2020-12-29 10:09:57,312 [856c4e2d-a2c2-4358-bc21-0d0c99327a9f@group-F16552F941CD-LeaderElection15] INFO  grpc.GrpcConfigKeys (ConfUtils.java:logGet(44)) - raft.grpc.server.leader.outstanding.appends.max = 128 (default)
2020-12-29 10:09:57,312 [856c4e2d-a2c2-4358-bc21-0d0c99327a9f@group-F16552F941CD-LeaderElection15] INFO  server.RaftServerConfigKeys (ConfUtils.java:logGet(44)) - raft.server.rpc.request.timeout = 60s (custom)
2020-12-29 10:09:57,312 [856c4e2d-a2c2-4358-bc21-0d0c99327a9f@group-F16552F941CD-LeaderElection15] INFO  server.RaftServerConfigKeys (ConfUtils.java:logGet(44)) - raft.server.log.appender.install.snapshot.enabled = false (custom)
2020-12-29 10:09:57,313 [856c4e2d-a2c2-4358-bc21-0d0c99327a9f@group-054CF680018B-LeaderElection16] INFO  impl.RoleInfo (RoleInfo.java:shutdownLeaderElection(121)) - 856c4e2d-a2c2-4358-bc21-0d0c99327a9f: shutdown 856c4e2d-a2c2-4358-bc21-0d0c99327a9f@group-054CF680018B-LeaderElection16
2020-12-29 10:09:57,313 [856c4e2d-a2c2-4358-bc21-0d0c99327a9f@group-054CF680018B-LeaderElection16] INFO  server.RaftServer$Division (RaftServerImpl.java:setRole(275)) - 856c4e2d-a2c2-4358-bc21-0d0c99327a9f@group-054CF680018B: changes role from CANDIDATE to LEADER at term 1 for changeToLeader
2020-12-29 10:09:57,313 [856c4e2d-a2c2-4358-bc21-0d0c99327a9f@group-054CF680018B-LeaderElection16] INFO  ratis.XceiverServerRatis (XceiverServerRatis.java:handleLeaderChangedNotification(862)) - Leader change notification received for group: group-054CF680018B with new leaderId: 856c4e2d-a2c2-4358-bc21-0d0c99327a9f
2020-12-29 10:09:57,313 [856c4e2d-a2c2-4358-bc21-0d0c99327a9f@group-054CF680018B-LeaderElection16] INFO  server.RaftServer$Division (ServerState.java:setLeader(258)) - 856c4e2d-a2c2-4358-bc21-0d0c99327a9f@group-054CF680018B: change Leader from null to 856c4e2d-a2c2-4358-bc21-0d0c99327a9f at term 1 for becomeLeader, leader elected after 5218ms
2020-12-29 10:09:57,313 [856c4e2d-a2c2-4358-bc21-0d0c99327a9f@group-054CF680018B-LeaderElection16] INFO  server.RaftServerConfigKeys (ConfUtils.java:logGet(44)) - raft.server.staging.catchup.gap = 1000 (default)
2020-12-29 10:09:57,313 [EventQueue-PipelineReportForPipelineReportHandler] INFO  pipeline.PipelineStateManager (PipelineStateManager.java:openPipeline(132)) - Pipeline Pipeline[ Id: edb69426-88b0-48de-aade-f16552f941cd, Nodes: b063ad5b-b25a-46ed-abed-9b5302f3b533{ip: 172.17.0.2, host: 79669b543b4d, networkLocation: /default-rack, certSerialId: null, persistedOpState: IN_SERVICE, persistedOpStateExpiryEpochSec: 0}a606f2ed-cee1-417c-9fe3-1bdc4a375396{ip: 172.17.0.2, host: 79669b543b4d, networkLocation: /default-rack, certSerialId: null, persistedOpState: IN_SERVICE, persistedOpStateExpiryEpochSec: 0}856c4e2d-a2c2-4358-bc21-0d0c99327a9f{ip: 172.17.0.2, host: 79669b543b4d, networkLocation: /default-rack, certSerialId: null, persistedOpState: IN_SERVICE, persistedOpStateExpiryEpochSec: 0}, Type:RATIS, Factor:THREE, State:ALLOCATED, leaderId:856c4e2d-a2c2-4358-bc21-0d0c99327a9f, CreationTimestamp2020-12-29T10:09:49.528Z] moved to OPEN state
2020-12-29 10:09:57,313 [856c4e2d-a2c2-4358-bc21-0d0c99327a9f@group-054CF680018B-LeaderElection16] INFO  metrics.RatisMetrics (RatisMetrics.java:lambda$create$0(36)) - Creating Metrics Registry : ratis.log_appender.856c4e2d-a2c2-4358-bc21-0d0c99327a9f@group-054CF680018B
2020-12-29 10:09:57,314 [EventQueue-PipelineReportForOneReplicaPipelineSafeModeRule] INFO  safemode.SCMSafeModeManager (SCMSafeModeManager.java:validateSafeModeExitRules(214)) - AtleastOneDatanodeReportedRule rule is successfully validated
2020-12-29 10:09:57,319 [EventQueue-PipelineReportForOneReplicaPipelineSafeModeRule] INFO  safemode.SCMSafeModeManager (SCMSafeModeManager.java:validateSafeModeExitRules(214)) - AtleastOneDatanodeReportedRule rule is successfully validated
2020-12-29 10:09:57,315 [856c4e2d-a2c2-4358-bc21-0d0c99327a9f@group-F16552F941CD-LeaderElection15] INFO  impl.RoleInfo (RoleInfo.java:updateAndGet(130)) - 856c4e2d-a2c2-4358-bc21-0d0c99327a9f: start 856c4e2d-a2c2-4358-bc21-0d0c99327a9f@group-F16552F941CD-LeaderStateImpl
2020-12-29 10:09:57,314 [856c4e2d-a2c2-4358-bc21-0d0c99327a9f@group-054CF680018B-LeaderElection16] INFO  server.RaftServerConfigKeys (ConfUtils.java:logGet(44)) - raft.server.write.element-limit = 1024 (custom)
2020-12-29 10:09:57,314 [EventQueue-OpenPipelineForHealthyPipelineSafeModeRule] INFO  safemode.SCMSafeModeManager (HealthyPipelineSafeModeRule.java:process(128)) - SCM in safe mode. Healthy pipelines reported count is 1, required healthy pipeline reported count is 1
2020-12-29 10:09:57,321 [EventQueue-OpenPipelineForHealthyPipelineSafeModeRule] INFO  safemode.SCMSafeModeManager (SCMSafeModeManager.java:validateSafeModeExitRules(214)) - HealthyPipelineSafeModeRule rule is successfully validated
2020-12-29 10:09:57,321 [EventQueue-OpenPipelineForHealthyPipelineSafeModeRule] INFO  safemode.SCMSafeModeManager (SCMSafeModeManager.java:validateSafeModeExitRules(228)) - ScmSafeModeManager, all rules are successfully validated
2020-12-29 10:09:57,321 [EventQueue-OpenPipelineForHealthyPipelineSafeModeRule] INFO  safemode.SCMSafeModeManager (SCMSafeModeManager.java:exitSafeMode(257)) - SCM exiting safe mode.
2020-12-29 10:09:57,321 [856c4e2d-a2c2-4358-bc21-0d0c99327a9f@group-054CF680018B-LeaderElection16] INFO  server.RaftServerConfigKeys (ConfUtils.java:logGet(44)) - raft.server.write.byte-limit = 1073741824 (custom)
2020-12-29 10:09:57,321 [856c4e2d-a2c2-4358-bc21-0d0c99327a9f@group-F16552F941CD-LeaderElection15] INFO  segmented.SegmentedRaftLogWorker (SegmentedRaftLogWorker.java:startLogSegment(392)) - 856c4e2d-a2c2-4358-bc21-0d0c99327a9f@group-F16552F941CD-SegmentedRaftLogWorker: Starting segment from index:0
2020-12-29 10:09:57,321 [856c4e2d-a2c2-4358-bc21-0d0c99327a9f@group-054CF680018B-LeaderElection16] INFO  server.RaftServerConfigKeys (ConfUtils.java:logGet(44)) - raft.server.watch.timeout = 180s (custom)
2020-12-29 10:09:57,321 [856c4e2d-a2c2-4358-bc21-0d0c99327a9f@group-054CF680018B-LeaderElection16] INFO  server.RaftServerConfigKeys (ConfUtils.java:logGet(44)) - raft.server.watch.timeout.denomination = 1s (default)
2020-12-29 10:09:57,321 [856c4e2d-a2c2-4358-bc21-0d0c99327a9f@group-054CF680018B-LeaderElection16] INFO  server.RaftServerConfigKeys (ConfUtils.java:logGet(44)) - raft.server.watch.element-limit = 65536 (default)
2020-12-29 10:09:57,321 [856c4e2d-a2c2-4358-bc21-0d0c99327a9f@group-054CF680018B-LeaderElection16] INFO  impl.RoleInfo (RoleInfo.java:updateAndGet(130)) - 856c4e2d-a2c2-4358-bc21-0d0c99327a9f: start 856c4e2d-a2c2-4358-bc21-0d0c99327a9f@group-054CF680018B-LeaderStateImpl
2020-12-29 10:09:57,322 [856c4e2d-a2c2-4358-bc21-0d0c99327a9f@group-054CF680018B-LeaderElection16] INFO  segmented.SegmentedRaftLogWorker (SegmentedRaftLogWorker.java:startLogSegment(392)) - 856c4e2d-a2c2-4358-bc21-0d0c99327a9f@group-054CF680018B-SegmentedRaftLogWorker: Starting segment from index:0
2020-12-29 10:09:57,323 [856c4e2d-a2c2-4358-bc21-0d0c99327a9f@group-F16552F941CD-SegmentedRaftLogWorker] INFO  segmented.SegmentedRaftLogWorker (SegmentedRaftLogWorker.java:execute(599)) - 856c4e2d-a2c2-4358-bc21-0d0c99327a9f@group-F16552F941CD-SegmentedRaftLogWorker: created new log segment /github/workspace/mnt/ozone/hadoop-ozone/integration-test/target/test-dir/MiniOzoneClusterImpl-b1ea8c03-8e89-4df6-8609-c05021ba0f19/datanode-3/data/ratis/edb69426-88b0-48de-aade-f16552f941cd/current/log_inprogress_0
2020-12-29 10:09:57,329 [856c4e2d-a2c2-4358-bc21-0d0c99327a9f@group-054CF680018B-SegmentedRaftLogWorker] INFO  segmented.SegmentedRaftLogWorker (SegmentedRaftLogWorker.java:execute(599)) - 856c4e2d-a2c2-4358-bc21-0d0c99327a9f@group-054CF680018B-SegmentedRaftLogWorker: created new log segment /github/workspace/mnt/ozone/hadoop-ozone/integration-test/target/test-dir/MiniOzoneClusterImpl-b1ea8c03-8e89-4df6-8609-c05021ba0f19/datanode-3/data/ratis/a314d4db-cdc3-4de1-adf4-054cf680018b/current/log_inprogress_0
2020-12-29 10:09:57,333 [856c4e2d-a2c2-4358-bc21-0d0c99327a9f@group-F16552F941CD-LeaderElection15] INFO  server.RaftServer$Division (ServerState.java:setRaftConf(374)) - 856c4e2d-a2c2-4358-bc21-0d0c99327a9f@group-F16552F941CD: set configuration 0: [b063ad5b-b25a-46ed-abed-9b5302f3b533|rpc:172.17.0.2:42479|dataStream:, 856c4e2d-a2c2-4358-bc21-0d0c99327a9f|rpc:172.17.0.2:38587|dataStream:, a606f2ed-cee1-417c-9fe3-1bdc4a375396|rpc:172.17.0.2:36775|dataStream:], old=null at 0
2020-12-29 10:09:57,333 [grpc-default-executor-0] INFO  ratis.XceiverServerRatis (XceiverServerRatis.java:handleLeaderChangedNotification(862)) - Leader change notification received for group: group-F16552F941CD with new leaderId: 856c4e2d-a2c2-4358-bc21-0d0c99327a9f
2020-12-29 10:09:57,333 [grpc-default-executor-0] INFO  server.RaftServer$Division (ServerState.java:setLeader(258)) - b063ad5b-b25a-46ed-abed-9b5302f3b533@group-F16552F941CD: change Leader from null to 856c4e2d-a2c2-4358-bc21-0d0c99327a9f at term 1 for appendEntries, leader elected after 5177ms
2020-12-29 10:09:57,333 [grpc-default-executor-1] INFO  ratis.XceiverServerRatis (XceiverServerRatis.java:handleLeaderChangedNotification(862)) - Leader change notification received for group: group-F16552F941CD with new leaderId: 856c4e2d-a2c2-4358-bc21-0d0c99327a9f
2020-12-29 10:09:57,334 [grpc-default-executor-1] INFO  server.RaftServer$Division (ServerState.java:setLeader(258)) - a606f2ed-cee1-417c-9fe3-1bdc4a375396@group-F16552F941CD: change Leader from null to 856c4e2d-a2c2-4358-bc21-0d0c99327a9f at term 1 for appendEntries, leader elected after 5148ms
2020-12-29 10:09:57,340 [856c4e2d-a2c2-4358-bc21-0d0c99327a9f@group-054CF680018B-LeaderElection16] INFO  server.RaftServer$Division (ServerState.java:setRaftConf(374)) - 856c4e2d-a2c2-4358-bc21-0d0c99327a9f@group-054CF680018B: set configuration 0: [856c4e2d-a2c2-4358-bc21-0d0c99327a9f|rpc:172.17.0.2:38587|dataStream:], old=null at 0
2020-12-29 10:09:57,353 [grpc-default-executor-1] INFO  server.RaftServer$Division (ServerState.java:setRaftConf(374)) - a606f2ed-cee1-417c-9fe3-1bdc4a375396@group-F16552F941CD: set configuration 0: [b063ad5b-b25a-46ed-abed-9b5302f3b533|rpc:172.17.0.2:42479|dataStream:, 856c4e2d-a2c2-4358-bc21-0d0c99327a9f|rpc:172.17.0.2:38587|dataStream:, a606f2ed-cee1-417c-9fe3-1bdc4a375396|rpc:172.17.0.2:36775|dataStream:], old=null at 0
2020-12-29 10:09:57,354 [grpc-default-executor-1] INFO  segmented.SegmentedRaftLogWorker (SegmentedRaftLogWorker.java:startLogSegment(392)) - a606f2ed-cee1-417c-9fe3-1bdc4a375396@group-F16552F941CD-SegmentedRaftLogWorker: Starting segment from index:0
2020-12-29 10:09:57,357 [grpc-default-executor-0] INFO  server.RaftServer$Division (ServerState.java:setRaftConf(374)) - b063ad5b-b25a-46ed-abed-9b5302f3b533@group-F16552F941CD: set configuration 0: [b063ad5b-b25a-46ed-abed-9b5302f3b533|rpc:172.17.0.2:42479|dataStream:, 856c4e2d-a2c2-4358-bc21-0d0c99327a9f|rpc:172.17.0.2:38587|dataStream:, a606f2ed-cee1-417c-9fe3-1bdc4a375396|rpc:172.17.0.2:36775|dataStream:], old=null at 0
2020-12-29 10:09:57,357 [grpc-default-executor-0] INFO  segmented.SegmentedRaftLogWorker (SegmentedRaftLogWorker.java:startLogSegment(392)) - b063ad5b-b25a-46ed-abed-9b5302f3b533@group-F16552F941CD-SegmentedRaftLogWorker: Starting segment from index:0
2020-12-29 10:09:57,358 [a606f2ed-cee1-417c-9fe3-1bdc4a375396@group-F16552F941CD-SegmentedRaftLogWorker] INFO  segmented.SegmentedRaftLogWorker (SegmentedRaftLogWorker.java:execute(599)) - a606f2ed-cee1-417c-9fe3-1bdc4a375396@group-F16552F941CD-SegmentedRaftLogWorker: created new log segment /github/workspace/mnt/ozone/hadoop-ozone/integration-test/target/test-dir/MiniOzoneClusterImpl-b1ea8c03-8e89-4df6-8609-c05021ba0f19/datanode-5/data/ratis/edb69426-88b0-48de-aade-f16552f941cd/current/log_inprogress_0
2020-12-29 10:09:57,359 [b063ad5b-b25a-46ed-abed-9b5302f3b533@group-F16552F941CD-SegmentedRaftLogWorker] INFO  segmented.SegmentedRaftLogWorker (SegmentedRaftLogWorker.java:execute(599)) - b063ad5b-b25a-46ed-abed-9b5302f3b533@group-F16552F941CD-SegmentedRaftLogWorker: created new log segment /github/workspace/mnt/ozone/hadoop-ozone/integration-test/target/test-dir/MiniOzoneClusterImpl-b1ea8c03-8e89-4df6-8609-c05021ba0f19/datanode-4/data/ratis/edb69426-88b0-48de-aade-f16552f941cd/current/log_inprogress_0
2020-12-29 10:09:57,522 [Thread-841] INFO  impl.FollowerState (FollowerState.java:run(133)) - b063ad5b-b25a-46ed-abed-9b5302f3b533@group-00BB1F5D51C9-FollowerState: change to CANDIDATE, lastRpcElapsedTime:5163213638ns, electionTimeout:5162ms
2020-12-29 10:09:57,522 [Thread-841] INFO  impl.RoleInfo (RoleInfo.java:shutdownFollowerState(108)) - b063ad5b-b25a-46ed-abed-9b5302f3b533: shutdown b063ad5b-b25a-46ed-abed-9b5302f3b533@group-00BB1F5D51C9-FollowerState
2020-12-29 10:09:57,523 [Thread-841] INFO  server.RaftServer$Division (RaftServerImpl.java:setRole(275)) - b063ad5b-b25a-46ed-abed-9b5302f3b533@group-00BB1F5D51C9: changes role from  FOLLOWER to CANDIDATE at term 0 for changeToCandidate
2020-12-29 10:09:57,523 [Thread-841] INFO  impl.RoleInfo (RoleInfo.java:updateAndGet(130)) - b063ad5b-b25a-46ed-abed-9b5302f3b533: start b063ad5b-b25a-46ed-abed-9b5302f3b533@group-00BB1F5D51C9-LeaderElection17
2020-12-29 10:09:57,524 [Listener at 127.0.0.1/41413] INFO  ozone.MiniOzoneClusterImpl (MiniOzoneClusterImpl.java:lambda$waitForClusterToBeReady$0(178)) - Nodes are ready. Got 6 of 6 DN Heartbeats.
2020-12-29 10:09:57,525 [Listener at 127.0.0.1/41413] INFO  ozone.MiniOzoneClusterImpl (MiniOzoneClusterImpl.java:lambda$waitForClusterToBeReady$0(181)) - Cluster exits safe mode
2020-12-29 10:09:57,530 [b063ad5b-b25a-46ed-abed-9b5302f3b533@group-00BB1F5D51C9-LeaderElection17] INFO  impl.LeaderElection (LeaderElection.java:askForVotes(219)) - b063ad5b-b25a-46ed-abed-9b5302f3b533@group-00BB1F5D51C9-LeaderElection17: begin an election at term 1 for -1: [b063ad5b-b25a-46ed-abed-9b5302f3b533|rpc:172.17.0.2:42479], old=null
2020-12-29 10:09:57,530 [b063ad5b-b25a-46ed-abed-9b5302f3b533@group-00BB1F5D51C9-LeaderElection17] INFO  impl.RoleInfo (RoleInfo.java:shutdownLeaderElection(121)) - b063ad5b-b25a-46ed-abed-9b5302f3b533: shutdown b063ad5b-b25a-46ed-abed-9b5302f3b533@group-00BB1F5D51C9-LeaderElection17
2020-12-29 10:09:57,531 [b063ad5b-b25a-46ed-abed-9b5302f3b533@group-00BB1F5D51C9-LeaderElection17] INFO  server.RaftServer$Division (RaftServerImpl.java:setRole(275)) - b063ad5b-b25a-46ed-abed-9b5302f3b533@group-00BB1F5D51C9: changes role from CANDIDATE to LEADER at term 1 for changeToLeader
2020-12-29 10:09:57,531 [b063ad5b-b25a-46ed-abed-9b5302f3b533@group-00BB1F5D51C9-LeaderElection17] INFO  ratis.XceiverServerRatis (XceiverServerRatis.java:handleLeaderChangedNotification(862)) - Leader change notification received for group: group-00BB1F5D51C9 with new leaderId: b063ad5b-b25a-46ed-abed-9b5302f3b533
2020-12-29 10:09:57,531 [b063ad5b-b25a-46ed-abed-9b5302f3b533@group-00BB1F5D51C9-LeaderElection17] INFO  server.RaftServer$Division (ServerState.java:setLeader(258)) - b063ad5b-b25a-46ed-abed-9b5302f3b533@group-00BB1F5D51C9: change Leader from null to b063ad5b-b25a-46ed-abed-9b5302f3b533 at term 1 for becomeLeader, leader elected after 5186ms
2020-12-29 10:09:57,531 [b063ad5b-b25a-46ed-abed-9b5302f3b533@group-00BB1F5D51C9-LeaderElection17] INFO  server.RaftServerConfigKeys (ConfUtils.java:logGet(44)) - raft.server.staging.catchup.gap = 1000 (default)
2020-12-29 10:09:57,531 [b063ad5b-b25a-46ed-abed-9b5302f3b533@group-00BB1F5D51C9-LeaderElection17] INFO  metrics.RatisMetrics (RatisMetrics.java:lambda$create$0(36)) - Creating Metrics Registry : ratis.log_appender.b063ad5b-b25a-46ed-abed-9b5302f3b533@group-00BB1F5D51C9
2020-12-29 10:09:57,531 [b063ad5b-b25a-46ed-abed-9b5302f3b533@group-00BB1F5D51C9-LeaderElection17] INFO  server.RaftServerConfigKeys (ConfUtils.java:logGet(44)) - raft.server.write.element-limit = 1024 (custom)
2020-12-29 10:09:57,533 [b063ad5b-b25a-46ed-abed-9b5302f3b533@group-00BB1F5D51C9-LeaderElection17] INFO  server.RaftServerConfigKeys (ConfUtils.java:logGet(44)) - raft.server.write.byte-limit = 1073741824 (custom)
2020-12-29 10:09:57,533 [b063ad5b-b25a-46ed-abed-9b5302f3b533@group-00BB1F5D51C9-LeaderElection17] INFO  server.RaftServerConfigKeys (ConfUtils.java:logGet(44)) - raft.server.watch.timeout = 180s (custom)
2020-12-29 10:09:57,533 [b063ad5b-b25a-46ed-abed-9b5302f3b533@group-00BB1F5D51C9-LeaderElection17] INFO  server.RaftServerConfigKeys (ConfUtils.java:logGet(44)) - raft.server.watch.timeout.denomination = 1s (default)
2020-12-29 10:09:57,533 [b063ad5b-b25a-46ed-abed-9b5302f3b533@group-00BB1F5D51C9-LeaderElection17] INFO  server.RaftServerConfigKeys (ConfUtils.java:logGet(44)) - raft.server.watch.element-limit = 65536 (default)
2020-12-29 10:09:57,534 [b063ad5b-b25a-46ed-abed-9b5302f3b533@group-00BB1F5D51C9-LeaderElection17] INFO  impl.RoleInfo (RoleInfo.java:updateAndGet(130)) - b063ad5b-b25a-46ed-abed-9b5302f3b533: start b063ad5b-b25a-46ed-abed-9b5302f3b533@group-00BB1F5D51C9-LeaderStateImpl
2020-12-29 10:09:57,534 [b063ad5b-b25a-46ed-abed-9b5302f3b533@group-00BB1F5D51C9-LeaderElection17] INFO  segmented.SegmentedRaftLogWorker (SegmentedRaftLogWorker.java:startLogSegment(392)) - b063ad5b-b25a-46ed-abed-9b5302f3b533@group-00BB1F5D51C9-SegmentedRaftLogWorker: Starting segment from index:0
2020-12-29 10:09:57,536 [b063ad5b-b25a-46ed-abed-9b5302f3b533@group-00BB1F5D51C9-SegmentedRaftLogWorker] INFO  segmented.SegmentedRaftLogWorker (SegmentedRaftLogWorker.java:execute(599)) - b063ad5b-b25a-46ed-abed-9b5302f3b533@group-00BB1F5D51C9-SegmentedRaftLogWorker: created new log segment /github/workspace/mnt/ozone/hadoop-ozone/integration-test/target/test-dir/MiniOzoneClusterImpl-b1ea8c03-8e89-4df6-8609-c05021ba0f19/datanode-4/data/ratis/45a49d30-ae4a-4370-b744-00bb1f5d51c9/current/log_inprogress_0
2020-12-29 10:09:57,543 [b063ad5b-b25a-46ed-abed-9b5302f3b533@group-00BB1F5D51C9-LeaderElection17] INFO  server.RaftServer$Division (ServerState.java:setRaftConf(374)) - b063ad5b-b25a-46ed-abed-9b5302f3b533@group-00BB1F5D51C9: set configuration 0: [b063ad5b-b25a-46ed-abed-9b5302f3b533|rpc:172.17.0.2:42479|dataStream:], old=null at 0
2020-12-29 10:09:57,551 [Listener at 127.0.0.1/41413] INFO  rpc.RpcClient (RpcClient.java:createVolume(273)) - Creating Volume: vol1, with user26483 as owner.
2020-12-29 10:09:57,553 [IPC Server handler 1 on default port 41413] INFO  volume.OMVolumeCreateRequest (OMVolumeCreateRequest.java:validateAndUpdateCache(196)) - created volume:vol1 for user:user26483
2020-12-29 10:09:57,561 [Listener at 127.0.0.1/41413] INFO  rpc.RpcClient (RpcClient.java:createBucket(429)) - Creating Bucket: vol1/bucket1, with Versioning false and Storage Type set to DISK and Encryption set to false 
2020-12-29 10:09:57,583 [Listener at 127.0.0.1/41413] INFO  metrics.RatisMetrics (RatisMetrics.java:lambda$create$0(36)) - Creating Metrics Registry : ratis.client_message_metrics.client-DDE641A822F2->856c4e2d-a2c2-4358-bc21-0d0c99327a9f
2020-12-29 10:09:57,589 [grpc-default-executor-1] INFO  metrics.RatisMetrics (RatisMetrics.java:lambda$create$0(36)) - Creating Metrics Registry : ratis.server_message_metrics.856c4e2d-a2c2-4358-bc21-0d0c99327a9f
2020-12-29 10:09:57,632 [Thread-843] INFO  impl.FollowerState (FollowerState.java:run(133)) - a606f2ed-cee1-417c-9fe3-1bdc4a375396@group-35C28BB2533E-FollowerState: change to CANDIDATE, lastRpcElapsedTime:5092254776ns, electionTimeout:5091ms
2020-12-29 10:09:57,633 [Thread-843] INFO  impl.RoleInfo (RoleInfo.java:shutdownFollowerState(108)) - a606f2ed-cee1-417c-9fe3-1bdc4a375396: shutdown a606f2ed-cee1-417c-9fe3-1bdc4a375396@group-35C28BB2533E-FollowerState
2020-12-29 10:09:57,633 [Thread-843] INFO  server.RaftServer$Division (RaftServerImpl.java:setRole(275)) - a606f2ed-cee1-417c-9fe3-1bdc4a375396@group-35C28BB2533E: changes role from  FOLLOWER to CANDIDATE at term 0 for changeToCandidate
2020-12-29 10:09:57,633 [Thread-843] INFO  impl.RoleInfo (RoleInfo.java:updateAndGet(130)) - a606f2ed-cee1-417c-9fe3-1bdc4a375396: start a606f2ed-cee1-417c-9fe3-1bdc4a375396@group-35C28BB2533E-LeaderElection18
2020-12-29 10:09:57,646 [a606f2ed-cee1-417c-9fe3-1bdc4a375396@group-35C28BB2533E-LeaderElection18] INFO  impl.LeaderElection (LeaderElection.java:askForVotes(219)) - a606f2ed-cee1-417c-9fe3-1bdc4a375396@group-35C28BB2533E-LeaderElection18: begin an election at term 1 for -1: [a606f2ed-cee1-417c-9fe3-1bdc4a375396|rpc:172.17.0.2:36775], old=null
2020-12-29 10:09:57,646 [a606f2ed-cee1-417c-9fe3-1bdc4a375396@group-35C28BB2533E-LeaderElection18] INFO  impl.RoleInfo (RoleInfo.java:shutdownLeaderElection(121)) - a606f2ed-cee1-417c-9fe3-1bdc4a375396: shutdown a606f2ed-cee1-417c-9fe3-1bdc4a375396@group-35C28BB2533E-LeaderElection18
2020-12-29 10:09:57,646 [a606f2ed-cee1-417c-9fe3-1bdc4a375396@group-35C28BB2533E-LeaderElection18] INFO  server.RaftServer$Division (RaftServerImpl.java:setRole(275)) - a606f2ed-cee1-417c-9fe3-1bdc4a375396@group-35C28BB2533E: changes role from CANDIDATE to LEADER at term 1 for changeToLeader
2020-12-29 10:09:57,646 [a606f2ed-cee1-417c-9fe3-1bdc4a375396@group-35C28BB2533E-LeaderElection18] INFO  ratis.XceiverServerRatis (XceiverServerRatis.java:handleLeaderChangedNotification(862)) - Leader change notification received for group: group-35C28BB2533E with new leaderId: a606f2ed-cee1-417c-9fe3-1bdc4a375396
2020-12-29 10:09:57,647 [a606f2ed-cee1-417c-9fe3-1bdc4a375396@group-35C28BB2533E-LeaderElection18] INFO  server.RaftServer$Division (ServerState.java:setLeader(258)) - a606f2ed-cee1-417c-9fe3-1bdc4a375396@group-35C28BB2533E: change Leader from null to a606f2ed-cee1-417c-9fe3-1bdc4a375396 at term 1 for becomeLeader, leader elected after 5115ms
2020-12-29 10:09:57,647 [a606f2ed-cee1-417c-9fe3-1bdc4a375396@group-35C28BB2533E-LeaderElection18] INFO  server.RaftServerConfigKeys (ConfUtils.java:logGet(44)) - raft.server.staging.catchup.gap = 1000 (default)
2020-12-29 10:09:57,647 [a606f2ed-cee1-417c-9fe3-1bdc4a375396@group-35C28BB2533E-LeaderElection18] INFO  metrics.RatisMetrics (RatisMetrics.java:lambda$create$0(36)) - Creating Metrics Registry : ratis.log_appender.a606f2ed-cee1-417c-9fe3-1bdc4a375396@group-35C28BB2533E
2020-12-29 10:09:57,648 [a606f2ed-cee1-417c-9fe3-1bdc4a375396@group-35C28BB2533E-LeaderElection18] INFO  server.RaftServerConfigKeys (ConfUtils.java:logGet(44)) - raft.server.write.element-limit = 1024 (custom)
2020-12-29 10:09:57,648 [a606f2ed-cee1-417c-9fe3-1bdc4a375396@group-35C28BB2533E-LeaderElection18] INFO  server.RaftServerConfigKeys (ConfUtils.java:logGet(44)) - raft.server.write.byte-limit = 1073741824 (custom)
2020-12-29 10:09:57,650 [a606f2ed-cee1-417c-9fe3-1bdc4a375396@group-35C28BB2533E-LeaderElection18] INFO  server.RaftServerConfigKeys (ConfUtils.java:logGet(44)) - raft.server.watch.timeout = 180s (custom)
2020-12-29 10:09:57,650 [a606f2ed-cee1-417c-9fe3-1bdc4a375396@group-35C28BB2533E-LeaderElection18] INFO  server.RaftServerConfigKeys (ConfUtils.java:logGet(44)) - raft.server.watch.timeout.denomination = 1s (default)
2020-12-29 10:09:57,650 [a606f2ed-cee1-417c-9fe3-1bdc4a375396@group-35C28BB2533E-LeaderElection18] INFO  server.RaftServerConfigKeys (ConfUtils.java:logGet(44)) - raft.server.watch.element-limit = 65536 (default)
2020-12-29 10:09:57,651 [a606f2ed-cee1-417c-9fe3-1bdc4a375396@group-35C28BB2533E-LeaderElection18] INFO  impl.RoleInfo (RoleInfo.java:updateAndGet(130)) - a606f2ed-cee1-417c-9fe3-1bdc4a375396: start a606f2ed-cee1-417c-9fe3-1bdc4a375396@group-35C28BB2533E-LeaderStateImpl
2020-12-29 10:09:57,653 [a606f2ed-cee1-417c-9fe3-1bdc4a375396@group-35C28BB2533E-LeaderElection18] INFO  segmented.SegmentedRaftLogWorker (SegmentedRaftLogWorker.java:startLogSegment(392)) - a606f2ed-cee1-417c-9fe3-1bdc4a375396@group-35C28BB2533E-SegmentedRaftLogWorker: Starting segment from index:0
2020-12-29 10:09:57,654 [a606f2ed-cee1-417c-9fe3-1bdc4a375396@group-35C28BB2533E-SegmentedRaftLogWorker] INFO  segmented.SegmentedRaftLogWorker (SegmentedRaftLogWorker.java:execute(599)) - a606f2ed-cee1-417c-9fe3-1bdc4a375396@group-35C28BB2533E-SegmentedRaftLogWorker: created new log segment /github/workspace/mnt/ozone/hadoop-ozone/integration-test/target/test-dir/MiniOzoneClusterImpl-b1ea8c03-8e89-4df6-8609-c05021ba0f19/datanode-5/data/ratis/b44f3868-5529-47e3-b64e-35c28bb2533e/current/log_inprogress_0
2020-12-29 10:09:57,661 [a606f2ed-cee1-417c-9fe3-1bdc4a375396@group-35C28BB2533E-LeaderElection18] INFO  server.RaftServer$Division (ServerState.java:setRaftConf(374)) - a606f2ed-cee1-417c-9fe3-1bdc4a375396@group-35C28BB2533E: set configuration 0: [a606f2ed-cee1-417c-9fe3-1bdc4a375396|rpc:172.17.0.2:36775|dataStream:], old=null at 0
2020-12-29 10:09:58,950 [IPC Server handler 2 on default port 39421] INFO  node.NodeDecommissionManager (NodeDecommissionManager.java:startMaintenance(344)) - Starting Maintenance for node 856c4e2d-a2c2-4358-bc21-0d0c99327a9f{ip: 172.17.0.2, host: 79669b543b4d, networkLocation: /default-rack, certSerialId: null, persistedOpState: IN_SERVICE, persistedOpStateExpiryEpochSec: 0}
2020-12-29 10:09:58,950 [IPC Server handler 2 on default port 39421] INFO  node.NodeDecommissionManager (NodeDecommissionManager.java:startMaintenance(344)) - Starting Maintenance for node a606f2ed-cee1-417c-9fe3-1bdc4a375396{ip: 172.17.0.2, host: 79669b543b4d, networkLocation: /default-rack, certSerialId: null, persistedOpState: IN_SERVICE, persistedOpStateExpiryEpochSec: 0}
2020-12-29 10:09:58,951 [IPC Server handler 2 on default port 39421] INFO  node.NodeDecommissionManager (NodeDecommissionManager.java:startMaintenance(344)) - Starting Maintenance for node b063ad5b-b25a-46ed-abed-9b5302f3b533{ip: 172.17.0.2, host: 79669b543b4d, networkLocation: /default-rack, certSerialId: null, persistedOpState: IN_SERVICE, persistedOpStateExpiryEpochSec: 0}
2020-12-29 10:09:59,769 [IPC Server handler 16 on default port 35001] INFO  node.SCMNodeManager (SCMNodeManager.java:updateDatanodeOpState(419)) - Scheduling a command to update the operationalState persisted on the datanode as the reported value (IN_SERVICE, 0) does not match the value stored in SCM (ENTERING_MAINTENANCE, 0)
2020-12-29 10:09:59,769 [IPC Server handler 19 on default port 35001] INFO  node.SCMNodeManager (SCMNodeManager.java:updateDatanodeOpState(419)) - Scheduling a command to update the operationalState persisted on the datanode as the reported value (IN_SERVICE, 0) does not match the value stored in SCM (ENTERING_MAINTENANCE, 0)
2020-12-29 10:09:59,774 [IPC Server handler 18 on default port 35001] INFO  node.SCMNodeManager (SCMNodeManager.java:updateDatanodeOpState(419)) - Scheduling a command to update the operationalState persisted on the datanode as the reported value (IN_SERVICE, 0) does not match the value stored in SCM (ENTERING_MAINTENANCE, 0)
2020-12-29 10:09:59,931 [DatanodeAdminManager-0] INFO  node.DatanodeAdminMonitorImpl (DatanodeAdminMonitorImpl.java:checkPipelinesClosedOnNode(267)) - Waiting for pipelines to close for b063ad5b-b25a-46ed-abed-9b5302f3b533{ip: 172.17.0.2, host: 79669b543b4d, networkLocation: /default-rack, certSerialId: null, persistedOpState: IN_SERVICE, persistedOpStateExpiryEpochSec: 0}. There are 2 pipelines
2020-12-29 10:09:59,931 [DatanodeAdminManager-0] INFO  node.DatanodeAdminMonitorImpl (DatanodeAdminMonitorImpl.java:checkPipelinesClosedOnNode(267)) - Waiting for pipelines to close for a606f2ed-cee1-417c-9fe3-1bdc4a375396{ip: 172.17.0.2, host: 79669b543b4d, networkLocation: /default-rack, certSerialId: null, persistedOpState: IN_SERVICE, persistedOpStateExpiryEpochSec: 0}. There are 2 pipelines
2020-12-29 10:09:59,931 [DatanodeAdminManager-0] INFO  node.DatanodeAdminMonitorImpl (DatanodeAdminMonitorImpl.java:checkPipelinesClosedOnNode(267)) - Waiting for pipelines to close for 856c4e2d-a2c2-4358-bc21-0d0c99327a9f{ip: 172.17.0.2, host: 79669b543b4d, networkLocation: /default-rack, certSerialId: null, persistedOpState: IN_SERVICE, persistedOpStateExpiryEpochSec: 0}. There are 2 pipelines
2020-12-29 10:09:59,931 [DatanodeAdminManager-0] INFO  node.DatanodeAdminMonitorImpl (DatanodeAdminMonitorImpl.java:run(136)) - There are 3 nodes tracked for decommission and maintenance. 0 pending nodes.
2020-12-29 10:09:59,931 [EventQueue-StartAdminOnNodeForStartDatanodeAdminHandler] INFO  node.StartDatanodeAdminHandler (StartDatanodeAdminHandler.java:onMessage(56)) - Admin start on datanode 856c4e2d-a2c2-4358-bc21-0d0c99327a9f{ip: 172.17.0.2, host: 79669b543b4d, networkLocation: /default-rack, certSerialId: null, persistedOpState: IN_SERVICE, persistedOpStateExpiryEpochSec: 0}. Finalizing its pipelines [PipelineID=edb69426-88b0-48de-aade-f16552f941cd, PipelineID=a314d4db-cdc3-4de1-adf4-054cf680018b]
2020-12-29 10:09:59,937 [EventQueue-StartAdminOnNodeForStartDatanodeAdminHandler] INFO  pipeline.SCMPipelineManager (SCMPipelineManager.java:finalizeAndDestroyPipeline(482)) - Destroying pipeline:Pipeline[ Id: edb69426-88b0-48de-aade-f16552f941cd, Nodes: b063ad5b-b25a-46ed-abed-9b5302f3b533{ip: 172.17.0.2, host: 79669b543b4d, networkLocation: /default-rack, certSerialId: null, persistedOpState: IN_SERVICE, persistedOpStateExpiryEpochSec: 0}a606f2ed-cee1-417c-9fe3-1bdc4a375396{ip: 172.17.0.2, host: 79669b543b4d, networkLocation: /default-rack, certSerialId: null, persistedOpState: IN_SERVICE, persistedOpStateExpiryEpochSec: 0}856c4e2d-a2c2-4358-bc21-0d0c99327a9f{ip: 172.17.0.2, host: 79669b543b4d, networkLocation: /default-rack, certSerialId: null, persistedOpState: IN_SERVICE, persistedOpStateExpiryEpochSec: 0}, Type:RATIS, Factor:THREE, State:OPEN, leaderId:856c4e2d-a2c2-4358-bc21-0d0c99327a9f, CreationTimestamp2020-12-29T10:09:49.528Z]
2020-12-29 10:09:59,937 [EventQueue-StartAdminOnNodeForStartDatanodeAdminHandler] INFO  pipeline.PipelineStateManager (PipelineStateManager.java:finalizePipeline(121)) - Pipeline Pipeline[ Id: edb69426-88b0-48de-aade-f16552f941cd, Nodes: b063ad5b-b25a-46ed-abed-9b5302f3b533{ip: 172.17.0.2, host: 79669b543b4d, networkLocation: /default-rack, certSerialId: null, persistedOpState: IN_SERVICE, persistedOpStateExpiryEpochSec: 0}a606f2ed-cee1-417c-9fe3-1bdc4a375396{ip: 172.17.0.2, host: 79669b543b4d, networkLocation: /default-rack, certSerialId: null, persistedOpState: IN_SERVICE, persistedOpStateExpiryEpochSec: 0}856c4e2d-a2c2-4358-bc21-0d0c99327a9f{ip: 172.17.0.2, host: 79669b543b4d, networkLocation: /default-rack, certSerialId: null, persistedOpState: IN_SERVICE, persistedOpStateExpiryEpochSec: 0}, Type:RATIS, Factor:THREE, State:CLOSED, leaderId:856c4e2d-a2c2-4358-bc21-0d0c99327a9f, CreationTimestamp2020-12-29T10:09:49.528Z] moved to CLOSED state
2020-12-29 10:09:59,938 [EventQueue-StartAdminOnNodeForStartDatanodeAdminHandler] INFO  pipeline.RatisPipelineProvider (RatisPipelineProvider.java:lambda$close$1(199)) - Send pipeline:PipelineID=edb69426-88b0-48de-aade-f16552f941cd close command to datanode b063ad5b-b25a-46ed-abed-9b5302f3b533
2020-12-29 10:09:59,939 [EventQueue-CloseContainerForCloseContainerEventHandler] INFO  container.CloseContainerEventHandler (CloseContainerEventHandler.java:onMessage(61)) - Close container Event triggered for container : #1
2020-12-29 10:09:59,940 [EventQueue-CloseContainerForCloseContainerEventHandler] INFO  container.CloseContainerEventHandler (CloseContainerEventHandler.java:onMessage(61)) - Close container Event triggered for container : #2
2020-12-29 10:09:59,939 [EventQueue-StartAdminOnNodeForStartDatanodeAdminHandler] INFO  pipeline.RatisPipelineProvider (RatisPipelineProvider.java:lambda$close$1(199)) - Send pipeline:PipelineID=edb69426-88b0-48de-aade-f16552f941cd close command to datanode a606f2ed-cee1-417c-9fe3-1bdc4a375396
2020-12-29 10:09:59,941 [EventQueue-StartAdminOnNodeForStartDatanodeAdminHandler] INFO  pipeline.RatisPipelineProvider (RatisPipelineProvider.java:lambda$close$1(199)) - Send pipeline:PipelineID=edb69426-88b0-48de-aade-f16552f941cd close command to datanode 856c4e2d-a2c2-4358-bc21-0d0c99327a9f
2020-12-29 10:09:59,941 [EventQueue-StartAdminOnNodeForStartDatanodeAdminHandler] INFO  pipeline.PipelineStateManager (PipelineStateManager.java:removePipeline(106)) - Pipeline Pipeline[ Id: edb69426-88b0-48de-aade-f16552f941cd, Nodes: b063ad5b-b25a-46ed-abed-9b5302f3b533{ip: 172.17.0.2, host: 79669b543b4d, networkLocation: /default-rack, certSerialId: null, persistedOpState: IN_SERVICE, persistedOpStateExpiryEpochSec: 0}a606f2ed-cee1-417c-9fe3-1bdc4a375396{ip: 172.17.0.2, host: 79669b543b4d, networkLocation: /default-rack, certSerialId: null, persistedOpState: IN_SERVICE, persistedOpStateExpiryEpochSec: 0}856c4e2d-a2c2-4358-bc21-0d0c99327a9f{ip: 172.17.0.2, host: 79669b543b4d, networkLocation: /default-rack, certSerialId: null, persistedOpState: IN_SERVICE, persistedOpStateExpiryEpochSec: 0}, Type:RATIS, Factor:THREE, State:CLOSED, leaderId:856c4e2d-a2c2-4358-bc21-0d0c99327a9f, CreationTimestamp2020-12-29T10:09:49.528Z] removed from db
2020-12-29 10:09:59,942 [EventQueue-StartAdminOnNodeForStartDatanodeAdminHandler] INFO  pipeline.SCMPipelineManager (SCMPipelineManager.java:finalizeAndDestroyPipeline(482)) - Destroying pipeline:Pipeline[ Id: a314d4db-cdc3-4de1-adf4-054cf680018b, Nodes: 856c4e2d-a2c2-4358-bc21-0d0c99327a9f{ip: 172.17.0.2, host: 79669b543b4d, networkLocation: /default-rack, certSerialId: null, persistedOpState: IN_SERVICE, persistedOpStateExpiryEpochSec: 0}, Type:RATIS, Factor:ONE, State:OPEN, leaderId:856c4e2d-a2c2-4358-bc21-0d0c99327a9f, CreationTimestamp2020-12-29T10:09:49.090Z]
2020-12-29 10:09:59,943 [EventQueue-StartAdminOnNodeForStartDatanodeAdminHandler] INFO  pipeline.PipelineStateManager (PipelineStateManager.java:finalizePipeline(121)) - Pipeline Pipeline[ Id: a314d4db-cdc3-4de1-adf4-054cf680018b, Nodes: 856c4e2d-a2c2-4358-bc21-0d0c99327a9f{ip: 172.17.0.2, host: 79669b543b4d, networkLocation: /default-rack, certSerialId: null, persistedOpState: IN_SERVICE, persistedOpStateExpiryEpochSec: 0}, Type:RATIS, Factor:ONE, State:CLOSED, leaderId:856c4e2d-a2c2-4358-bc21-0d0c99327a9f, CreationTimestamp2020-12-29T10:09:49.090Z] moved to CLOSED state
2020-12-29 10:09:59,943 [EventQueue-StartAdminOnNodeForStartDatanodeAdminHandler] INFO  pipeline.RatisPipelineProvider (RatisPipelineProvider.java:lambda$close$1(199)) - Send pipeline:PipelineID=a314d4db-cdc3-4de1-adf4-054cf680018b close command to datanode 856c4e2d-a2c2-4358-bc21-0d0c99327a9f
2020-12-29 10:09:59,943 [EventQueue-StartAdminOnNodeForStartDatanodeAdminHandler] INFO  pipeline.PipelineStateManager (PipelineStateManager.java:removePipeline(106)) - Pipeline Pipeline[ Id: a314d4db-cdc3-4de1-adf4-054cf680018b, Nodes: 856c4e2d-a2c2-4358-bc21-0d0c99327a9f{ip: 172.17.0.2, host: 79669b543b4d, networkLocation: /default-rack, certSerialId: null, persistedOpState: IN_SERVICE, persistedOpStateExpiryEpochSec: 0}, Type:RATIS, Factor:ONE, State:CLOSED, leaderId:856c4e2d-a2c2-4358-bc21-0d0c99327a9f, CreationTimestamp2020-12-29T10:09:49.090Z] removed from db
2020-12-29 10:09:59,943 [EventQueue-StartAdminOnNodeForStartDatanodeAdminHandler] INFO  node.StartDatanodeAdminHandler (StartDatanodeAdminHandler.java:onMessage(56)) - Admin start on datanode a606f2ed-cee1-417c-9fe3-1bdc4a375396{ip: 172.17.0.2, host: 79669b543b4d, networkLocation: /default-rack, certSerialId: null, persistedOpState: IN_SERVICE, persistedOpStateExpiryEpochSec: 0}. Finalizing its pipelines [PipelineID=b44f3868-5529-47e3-b64e-35c28bb2533e]
2020-12-29 10:09:59,944 [EventQueue-StartAdminOnNodeForStartDatanodeAdminHandler] INFO  pipeline.SCMPipelineManager (SCMPipelineManager.java:finalizeAndDestroyPipeline(482)) - Destroying pipeline:Pipeline[ Id: b44f3868-5529-47e3-b64e-35c28bb2533e, Nodes: a606f2ed-cee1-417c-9fe3-1bdc4a375396{ip: 172.17.0.2, host: 79669b543b4d, networkLocation: /default-rack, certSerialId: null, persistedOpState: IN_SERVICE, persistedOpStateExpiryEpochSec: 0}, Type:RATIS, Factor:ONE, State:OPEN, leaderId:a606f2ed-cee1-417c-9fe3-1bdc4a375396, CreationTimestamp2020-12-29T10:09:49.527Z]
2020-12-29 10:09:59,944 [EventQueue-StartAdminOnNodeForStartDatanodeAdminHandler] INFO  pipeline.PipelineStateManager (PipelineStateManager.java:finalizePipeline(121)) - Pipeline Pipeline[ Id: b44f3868-5529-47e3-b64e-35c28bb2533e, Nodes: a606f2ed-cee1-417c-9fe3-1bdc4a375396{ip: 172.17.0.2, host: 79669b543b4d, networkLocation: /default-rack, certSerialId: null, persistedOpState: IN_SERVICE, persistedOpStateExpiryEpochSec: 0}, Type:RATIS, Factor:ONE, State:CLOSED, leaderId:a606f2ed-cee1-417c-9fe3-1bdc4a375396, CreationTimestamp2020-12-29T10:09:49.527Z] moved to CLOSED state
2020-12-29 10:09:59,944 [EventQueue-StartAdminOnNodeForStartDatanodeAdminHandler] INFO  pipeline.RatisPipelineProvider (RatisPipelineProvider.java:lambda$close$1(199)) - Send pipeline:PipelineID=b44f3868-5529-47e3-b64e-35c28bb2533e close command to datanode a606f2ed-cee1-417c-9fe3-1bdc4a375396
2020-12-29 10:09:59,945 [EventQueue-StartAdminOnNodeForStartDatanodeAdminHandler] INFO  pipeline.PipelineStateManager (PipelineStateManager.java:removePipeline(106)) - Pipeline Pipeline[ Id: b44f3868-5529-47e3-b64e-35c28bb2533e, Nodes: a606f2ed-cee1-417c-9fe3-1bdc4a375396{ip: 172.17.0.2, host: 79669b543b4d, networkLocation: /default-rack, certSerialId: null, persistedOpState: IN_SERVICE, persistedOpStateExpiryEpochSec: 0}, Type:RATIS, Factor:ONE, State:CLOSED, leaderId:a606f2ed-cee1-417c-9fe3-1bdc4a375396, CreationTimestamp2020-12-29T10:09:49.527Z] removed from db
2020-12-29 10:09:59,945 [EventQueue-StartAdminOnNodeForStartDatanodeAdminHandler] INFO  node.StartDatanodeAdminHandler (StartDatanodeAdminHandler.java:onMessage(56)) - Admin start on datanode b063ad5b-b25a-46ed-abed-9b5302f3b533{ip: 172.17.0.2, host: 79669b543b4d, networkLocation: /default-rack, certSerialId: null, persistedOpState: IN_SERVICE, persistedOpStateExpiryEpochSec: 0}. Finalizing its pipelines [PipelineID=45a49d30-ae4a-4370-b744-00bb1f5d51c9]
2020-12-29 10:09:59,945 [EventQueue-StartAdminOnNodeForStartDatanodeAdminHandler] INFO  pipeline.SCMPipelineManager (SCMPipelineManager.java:finalizeAndDestroyPipeline(482)) - Destroying pipeline:Pipeline[ Id: 45a49d30-ae4a-4370-b744-00bb1f5d51c9, Nodes: b063ad5b-b25a-46ed-abed-9b5302f3b533{ip: 172.17.0.2, host: 79669b543b4d, networkLocation: /default-rack, certSerialId: null, persistedOpState: IN_SERVICE, persistedOpStateExpiryEpochSec: 0}, Type:RATIS, Factor:ONE, State:OPEN, leaderId:b063ad5b-b25a-46ed-abed-9b5302f3b533, CreationTimestamp2020-12-29T10:09:49.335Z]
2020-12-29 10:09:59,945 [EventQueue-StartAdminOnNodeForStartDatanodeAdminHandler] INFO  pipeline.PipelineStateManager (PipelineStateManager.java:finalizePipeline(121)) - Pipeline Pipeline[ Id: 45a49d30-ae4a-4370-b744-00bb1f5d51c9, Nodes: b063ad5b-b25a-46ed-abed-9b5302f3b533{ip: 172.17.0.2, host: 79669b543b4d, networkLocation: /default-rack, certSerialId: null, persistedOpState: IN_SERVICE, persistedOpStateExpiryEpochSec: 0}, Type:RATIS, Factor:ONE, State:CLOSED, leaderId:b063ad5b-b25a-46ed-abed-9b5302f3b533, CreationTimestamp2020-12-29T10:09:49.335Z] moved to CLOSED state
2020-12-29 10:09:59,945 [EventQueue-StartAdminOnNodeForStartDatanodeAdminHandler] INFO  pipeline.RatisPipelineProvider (RatisPipelineProvider.java:lambda$close$1(199)) - Send pipeline:PipelineID=45a49d30-ae4a-4370-b744-00bb1f5d51c9 close command to datanode b063ad5b-b25a-46ed-abed-9b5302f3b533
2020-12-29 10:09:59,945 [EventQueue-StartAdminOnNodeForStartDatanodeAdminHandler] INFO  pipeline.PipelineStateManager (PipelineStateManager.java:removePipeline(106)) - Pipeline Pipeline[ Id: 45a49d30-ae4a-4370-b744-00bb1f5d51c9, Nodes: b063ad5b-b25a-46ed-abed-9b5302f3b533{ip: 172.17.0.2, host: 79669b543b4d, networkLocation: /default-rack, certSerialId: null, persistedOpState: IN_SERVICE, persistedOpStateExpiryEpochSec: 0}, Type:RATIS, Factor:ONE, State:CLOSED, leaderId:b063ad5b-b25a-46ed-abed-9b5302f3b533, CreationTimestamp2020-12-29T10:09:49.335Z] removed from db
2020-12-29 10:10:00,324 [EventQueue-Delayed safe mode statusForReplicationManager] INFO  container.ReplicationManager (ReplicationManager.java:start(186)) - Starting Replication Monitor Thread.
2020-12-29 10:10:00,326 [ReplicationMonitor] INFO  container.ReplicationManager (ReplicationManager.java:sendCloseCommand(948)) - Sending close container command for container #1 to datanode 856c4e2d-a2c2-4358-bc21-0d0c99327a9f{ip: 172.17.0.2, host: 79669b543b4d, networkLocation: /default-rack, certSerialId: null, persistedOpState: IN_SERVICE, persistedOpStateExpiryEpochSec: 0}.
2020-12-29 10:10:00,327 [ReplicationMonitor] INFO  container.ReplicationManager (ReplicationManager.java:sendCloseCommand(948)) - Sending close container command for container #1 to datanode a606f2ed-cee1-417c-9fe3-1bdc4a375396{ip: 172.17.0.2, host: 79669b543b4d, networkLocation: /default-rack, certSerialId: null, persistedOpState: IN_SERVICE, persistedOpStateExpiryEpochSec: 0}.
2020-12-29 10:10:00,327 [ReplicationMonitor] INFO  container.ReplicationManager (ReplicationManager.java:sendCloseCommand(948)) - Sending close container command for container #1 to datanode b063ad5b-b25a-46ed-abed-9b5302f3b533{ip: 172.17.0.2, host: 79669b543b4d, networkLocation: /default-rack, certSerialId: null, persistedOpState: IN_SERVICE, persistedOpStateExpiryEpochSec: 0}.
2020-12-29 10:10:00,327 [ReplicationMonitor] INFO  container.ReplicationManager (ReplicationManager.java:sendCloseCommand(948)) - Sending close container command for container #2 to datanode 856c4e2d-a2c2-4358-bc21-0d0c99327a9f{ip: 172.17.0.2, host: 79669b543b4d, networkLocation: /default-rack, certSerialId: null, persistedOpState: IN_SERVICE, persistedOpStateExpiryEpochSec: 0}.
2020-12-29 10:10:00,327 [ReplicationMonitor] INFO  container.ReplicationManager (ReplicationManager.java:sendCloseCommand(948)) - Sending close container command for container #2 to datanode a606f2ed-cee1-417c-9fe3-1bdc4a375396{ip: 172.17.0.2, host: 79669b543b4d, networkLocation: /default-rack, certSerialId: null, persistedOpState: IN_SERVICE, persistedOpStateExpiryEpochSec: 0}.
2020-12-29 10:10:00,327 [ReplicationMonitor] INFO  container.ReplicationManager (ReplicationManager.java:sendCloseCommand(948)) - Sending close container command for container #2 to datanode b063ad5b-b25a-46ed-abed-9b5302f3b533{ip: 172.17.0.2, host: 79669b543b4d, networkLocation: /default-rack, certSerialId: null, persistedOpState: IN_SERVICE, persistedOpStateExpiryEpochSec: 0}.
2020-12-29 10:10:00,328 [ReplicationMonitor] INFO  container.ReplicationManager (ReplicationManager.java:run(250)) - Replication Monitor Thread took 1 milliseconds for processing 2 containers.
2020-12-29 10:10:00,768 [IPC Server handler 16 on default port 35001] INFO  node.SCMNodeManager (SCMNodeManager.java:updateDatanodeOpState(419)) - Scheduling a command to update the operationalState persisted on the datanode as the reported value (IN_SERVICE, 0) does not match the value stored in SCM (ENTERING_MAINTENANCE, 0)
2020-12-29 10:10:00,775 [IPC Server handler 1 on default port 35001] INFO  node.SCMNodeManager (SCMNodeManager.java:updateDatanodeOpState(419)) - Scheduling a command to update the operationalState persisted on the datanode as the reported value (IN_SERVICE, 0) does not match the value stored in SCM (ENTERING_MAINTENANCE, 0)
2020-12-29 10:10:00,933 [DatanodeAdminManager-0] INFO  node.DatanodeAdminMonitorImpl (DatanodeAdminMonitorImpl.java:checkContainersReplicatedOnNode(297)) - a606f2ed-cee1-417c-9fe3-1bdc4a375396{ip: 172.17.0.2, host: 79669b543b4d, networkLocation: /default-rack, certSerialId: null, persistedOpState: ENTERING_MAINTENANCE, persistedOpStateExpiryEpochSec: 0} has 2 sufficientlyReplicated, 0 underReplicated and 2 unhealthy containers
2020-12-29 10:10:00,933 [DatanodeAdminManager-0] INFO  node.DatanodeAdminMonitorImpl (DatanodeAdminMonitorImpl.java:run(136)) - There are 3 nodes tracked for decommission and maintenance. 0 pending nodes.
2020-12-29 10:10:01,328 [ReplicationMonitor] INFO  container.ReplicationManager (ReplicationManager.java:sendCloseCommand(948)) - Sending close container command for container #1 to datanode 856c4e2d-a2c2-4358-bc21-0d0c99327a9f{ip: 172.17.0.2, host: 79669b543b4d, networkLocation: /default-rack, certSerialId: null, persistedOpState: IN_SERVICE, persistedOpStateExpiryEpochSec: 0}.
2020-12-29 10:10:01,328 [ReplicationMonitor] INFO  container.ReplicationManager (ReplicationManager.java:sendCloseCommand(948)) - Sending close container command for container #1 to datanode a606f2ed-cee1-417c-9fe3-1bdc4a375396{ip: 172.17.0.2, host: 79669b543b4d, networkLocation: /default-rack, certSerialId: null, persistedOpState: ENTERING_MAINTENANCE, persistedOpStateExpiryEpochSec: 0}.
2020-12-29 10:10:01,328 [ReplicationMonitor] INFO  container.ReplicationManager (ReplicationManager.java:sendCloseCommand(948)) - Sending close container command for container #1 to datanode b063ad5b-b25a-46ed-abed-9b5302f3b533{ip: 172.17.0.2, host: 79669b543b4d, networkLocation: /default-rack, certSerialId: null, persistedOpState: IN_SERVICE, persistedOpStateExpiryEpochSec: 0}.
2020-12-29 10:10:01,328 [ReplicationMonitor] INFO  container.ReplicationManager (ReplicationManager.java:sendCloseCommand(948)) - Sending close container command for container #2 to datanode 856c4e2d-a2c2-4358-bc21-0d0c99327a9f{ip: 172.17.0.2, host: 79669b543b4d, networkLocation: /default-rack, certSerialId: null, persistedOpState: IN_SERVICE, persistedOpStateExpiryEpochSec: 0}.
2020-12-29 10:10:01,329 [ReplicationMonitor] INFO  container.ReplicationManager (ReplicationManager.java:sendCloseCommand(948)) - Sending close container command for container #2 to datanode a606f2ed-cee1-417c-9fe3-1bdc4a375396{ip: 172.17.0.2, host: 79669b543b4d, networkLocation: /default-rack, certSerialId: null, persistedOpState: ENTERING_MAINTENANCE, persistedOpStateExpiryEpochSec: 0}.
2020-12-29 10:10:01,329 [ReplicationMonitor] INFO  container.ReplicationManager (ReplicationManager.java:sendCloseCommand(948)) - Sending close container command for container #2 to datanode b063ad5b-b25a-46ed-abed-9b5302f3b533{ip: 172.17.0.2, host: 79669b543b4d, networkLocation: /default-rack, certSerialId: null, persistedOpState: IN_SERVICE, persistedOpStateExpiryEpochSec: 0}.
2020-12-29 10:10:01,329 [ReplicationMonitor] INFO  container.ReplicationManager (ReplicationManager.java:run(250)) - Replication Monitor Thread took 1 milliseconds for processing 2 containers.
2020-12-29 10:10:01,588 [Thread-849] INFO  impl.FollowerState (FollowerState.java:run(133)) - 4259afd6-154d-4eca-a620-cf00c9b631aa@group-DCAE17C04CCD-FollowerState: change to CANDIDATE, lastRpcElapsedTime:5014207023ns, electionTimeout:5011ms
2020-12-29 10:10:01,588 [Thread-849] INFO  impl.RoleInfo (RoleInfo.java:shutdownFollowerState(108)) - 4259afd6-154d-4eca-a620-cf00c9b631aa: shutdown 4259afd6-154d-4eca-a620-cf00c9b631aa@group-DCAE17C04CCD-FollowerState
2020-12-29 10:10:01,588 [Thread-849] INFO  server.RaftServer$Division (RaftServerImpl.java:setRole(275)) - 4259afd6-154d-4eca-a620-cf00c9b631aa@group-DCAE17C04CCD: changes role from  FOLLOWER to CANDIDATE at term 1 for changeToCandidate
2020-12-29 10:10:01,588 [Thread-849] INFO  impl.RoleInfo (RoleInfo.java:updateAndGet(130)) - 4259afd6-154d-4eca-a620-cf00c9b631aa: start 4259afd6-154d-4eca-a620-cf00c9b631aa@group-DCAE17C04CCD-LeaderElection19
2020-12-29 10:10:01,592 [4259afd6-154d-4eca-a620-cf00c9b631aa@group-DCAE17C04CCD-LeaderElection19] INFO  impl.LeaderElection (LeaderElection.java:askForVotes(219)) - 4259afd6-154d-4eca-a620-cf00c9b631aa@group-DCAE17C04CCD-LeaderElection19: begin an election at term 2 for -1: [211ea4af-eacf-4017-9679-f845244c1f92|rpc:172.17.0.2:41241|dataStream:, 4259afd6-154d-4eca-a620-cf00c9b631aa|rpc:172.17.0.2:38675|dataStream:, 1f50e366-ff39-48ab-b6af-f1dfc503e25e|rpc:172.17.0.2:41473|dataStream:], old=null
2020-12-29 10:10:01,600 [Thread-851] INFO  impl.FollowerState (FollowerState.java:run(133)) - 1f50e366-ff39-48ab-b6af-f1dfc503e25e@group-DCAE17C04CCD-FollowerState: change to CANDIDATE, lastRpcElapsedTime:5019841067ns, electionTimeout:5015ms
2020-12-29 10:10:01,600 [Thread-851] INFO  impl.RoleInfo (RoleInfo.java:shutdownFollowerState(108)) - 1f50e366-ff39-48ab-b6af-f1dfc503e25e: shutdown 1f50e366-ff39-48ab-b6af-f1dfc503e25e@group-DCAE17C04CCD-FollowerState
2020-12-29 10:10:01,600 [Thread-851] INFO  server.RaftServer$Division (RaftServerImpl.java:setRole(275)) - 1f50e366-ff39-48ab-b6af-f1dfc503e25e@group-DCAE17C04CCD: changes role from  FOLLOWER to CANDIDATE at term 1 for changeToCandidate
2020-12-29 10:10:01,600 [Thread-851] INFO  impl.RoleInfo (RoleInfo.java:updateAndGet(130)) - 1f50e366-ff39-48ab-b6af-f1dfc503e25e: start 1f50e366-ff39-48ab-b6af-f1dfc503e25e@group-DCAE17C04CCD-LeaderElection20
2020-12-29 10:10:01,604 [grpc-default-executor-1] INFO  server.RaftServer$Division (RaftServerImpl.java:setRole(275)) - 211ea4af-eacf-4017-9679-f845244c1f92@group-DCAE17C04CCD: changes role from  FOLLOWER to FOLLOWER at term 2 for recognizeCandidate:4259afd6-154d-4eca-a620-cf00c9b631aa
2020-12-29 10:10:01,604 [grpc-default-executor-1] INFO  impl.RoleInfo (RoleInfo.java:shutdownFollowerState(108)) - 211ea4af-eacf-4017-9679-f845244c1f92: shutdown 211ea4af-eacf-4017-9679-f845244c1f92@group-DCAE17C04CCD-FollowerState
2020-12-29 10:10:01,604 [grpc-default-executor-1] INFO  impl.RoleInfo (RoleInfo.java:updateAndGet(130)) - 211ea4af-eacf-4017-9679-f845244c1f92: start 211ea4af-eacf-4017-9679-f845244c1f92@group-DCAE17C04CCD-FollowerState
2020-12-29 10:10:01,605 [Thread-850] INFO  impl.FollowerState (FollowerState.java:run(142)) - 211ea4af-eacf-4017-9679-f845244c1f92@group-DCAE17C04CCD-FollowerState was interrupted: {}
java.lang.InterruptedException: sleep interrupted
	at java.lang.Thread.sleep(Native Method)
	at java.lang.Thread.sleep(Thread.java:340)
	at java.util.concurrent.TimeUnit.sleep(TimeUnit.java:386)
	at org.apache.ratis.util.TimeDuration.sleep(TimeDuration.java:319)
	at org.apache.ratis.util.TimeDuration.sleep(TimeDuration.java:304)
	at org.apache.ratis.server.impl.FollowerState.run(FollowerState.java:117)
2020-12-29 10:10:01,605 [grpc-default-executor-1] INFO  server.RaftServer$Division (RaftServerImpl.java:requestVote(983)) -  FOLLOWER 211ea4af-eacf-4017-9679-f845244c1f92@group-DCAE17C04CCD:t2, leader=null, voted=null, raftlog=211ea4af-eacf-4017-9679-f845244c1f92@group-DCAE17C04CCD-SegmentedRaftLog:OPENED:c-1,f-1,i0, conf=-1: [211ea4af-eacf-4017-9679-f845244c1f92|rpc:172.17.0.2:41241, 4259afd6-154d-4eca-a620-cf00c9b631aa|rpc:172.17.0.2:38675, 1f50e366-ff39-48ab-b6af-f1dfc503e25e|rpc:172.17.0.2:41473], old=null RUNNING priority:0 candidate:4259afd6-154d-4eca-a620-cf00c9b631aa|rpc:172.17.0.2:38675 candidatePriority:0 compare:0
2020-12-29 10:10:01,612 [1f50e366-ff39-48ab-b6af-f1dfc503e25e@group-DCAE17C04CCD-LeaderElection20] INFO  impl.LeaderElection (LeaderElection.java:askForVotes(219)) - 1f50e366-ff39-48ab-b6af-f1dfc503e25e@group-DCAE17C04CCD-LeaderElection20: begin an election at term 2 for -1: [211ea4af-eacf-4017-9679-f845244c1f92|rpc:172.17.0.2:41241|dataStream:, 4259afd6-154d-4eca-a620-cf00c9b631aa|rpc:172.17.0.2:38675|dataStream:, 1f50e366-ff39-48ab-b6af-f1dfc503e25e|rpc:172.17.0.2:41473|dataStream:], old=null
2020-12-29 10:10:01,618 [4259afd6-154d-4eca-a620-cf00c9b631aa@group-DCAE17C04CCD-LeaderElection19] INFO  impl.LeaderElection (LeaderElection.java:logAndReturn(68)) - 4259afd6-154d-4eca-a620-cf00c9b631aa@group-DCAE17C04CCD-LeaderElection19: Election PASSED; received 2 response(s) [4259afd6-154d-4eca-a620-cf00c9b631aa<-211ea4af-eacf-4017-9679-f845244c1f92#0:OK-t2, 4259afd6-154d-4eca-a620-cf00c9b631aa<-1f50e366-ff39-48ab-b6af-f1dfc503e25e#0:FAIL-t2] and 0 exception(s); 4259afd6-154d-4eca-a620-cf00c9b631aa@group-DCAE17C04CCD:t2, leader=null, voted=4259afd6-154d-4eca-a620-cf00c9b631aa, raftlog=4259afd6-154d-4eca-a620-cf00c9b631aa@group-DCAE17C04CCD-SegmentedRaftLog:OPENED:c-1,f-1,i0, conf=-1: [211ea4af-eacf-4017-9679-f845244c1f92|rpc:172.17.0.2:41241|dataStream:, 4259afd6-154d-4eca-a620-cf00c9b631aa|rpc:172.17.0.2:38675|dataStream:, 1f50e366-ff39-48ab-b6af-f1dfc503e25e|rpc:172.17.0.2:41473|dataStream:], old=null
2020-12-29 10:10:01,630 [4259afd6-154d-4eca-a620-cf00c9b631aa@group-DCAE17C04CCD-LeaderElection19] INFO  impl.RoleInfo (RoleInfo.java:shutdownLeaderElection(121)) - 4259afd6-154d-4eca-a620-cf00c9b631aa: shutdown 4259afd6-154d-4eca-a620-cf00c9b631aa@group-DCAE17C04CCD-LeaderElection19
2020-12-29 10:10:01,630 [4259afd6-154d-4eca-a620-cf00c9b631aa@group-DCAE17C04CCD-LeaderElection19] INFO  server.RaftServer$Division (RaftServerImpl.java:setRole(275)) - 4259afd6-154d-4eca-a620-cf00c9b631aa@group-DCAE17C04CCD: changes role from CANDIDATE to LEADER at term 2 for changeToLeader
2020-12-29 10:10:01,630 [4259afd6-154d-4eca-a620-cf00c9b631aa@group-DCAE17C04CCD-LeaderElection19] INFO  ratis.XceiverServerRatis (XceiverServerRatis.java:handleLeaderChangedNotification(862)) - Leader change notification received for group: group-DCAE17C04CCD with new leaderId: 4259afd6-154d-4eca-a620-cf00c9b631aa
2020-12-29 10:10:01,630 [4259afd6-154d-4eca-a620-cf00c9b631aa@group-DCAE17C04CCD-LeaderElection19] INFO  server.RaftServer$Division (ServerState.java:setLeader(258)) - 4259afd6-154d-4eca-a620-cf00c9b631aa@group-DCAE17C04CCD: change Leader from null to 4259afd6-154d-4eca-a620-cf00c9b631aa at term 2 for becomeLeader, leader elected after 10160ms
2020-12-29 10:10:01,631 [4259afd6-154d-4eca-a620-cf00c9b631aa@group-DCAE17C04CCD-LeaderElection19] INFO  server.RaftServerConfigKeys (ConfUtils.java:logGet(44)) - raft.server.staging.catchup.gap = 1000 (default)
2020-12-29 10:10:01,631 [4259afd6-154d-4eca-a620-cf00c9b631aa@group-DCAE17C04CCD-LeaderElection19] INFO  metrics.RatisMetrics (RatisMetrics.java:lambda$create$0(36)) - Creating Metrics Registry : ratis.log_appender.4259afd6-154d-4eca-a620-cf00c9b631aa@group-DCAE17C04CCD
2020-12-29 10:10:01,631 [4259afd6-154d-4eca-a620-cf00c9b631aa@group-DCAE17C04CCD-LeaderElection19] INFO  server.RaftServerConfigKeys (ConfUtils.java:logGet(44)) - raft.server.write.element-limit = 1024 (custom)
2020-12-29 10:10:01,631 [4259afd6-154d-4eca-a620-cf00c9b631aa@group-DCAE17C04CCD-LeaderElection19] INFO  server.RaftServerConfigKeys (ConfUtils.java:logGet(44)) - raft.server.write.byte-limit = 1073741824 (custom)
2020-12-29 10:10:01,631 [4259afd6-154d-4eca-a620-cf00c9b631aa@group-DCAE17C04CCD-LeaderElection19] INFO  server.RaftServerConfigKeys (ConfUtils.java:logGet(44)) - raft.server.watch.timeout = 180s (custom)
2020-12-29 10:10:01,631 [4259afd6-154d-4eca-a620-cf00c9b631aa@group-DCAE17C04CCD-LeaderElection19] INFO  server.RaftServerConfigKeys (ConfUtils.java:logGet(44)) - raft.server.watch.timeout.denomination = 1s (default)
2020-12-29 10:10:01,631 [4259afd6-154d-4eca-a620-cf00c9b631aa@group-DCAE17C04CCD-LeaderElection19] INFO  server.RaftServerConfigKeys (ConfUtils.java:logGet(44)) - raft.server.watch.element-limit = 65536 (default)
2020-12-29 10:10:01,632 [4259afd6-154d-4eca-a620-cf00c9b631aa@group-DCAE17C04CCD-LeaderElection19] INFO  server.RaftServerConfigKeys (ConfUtils.java:logGet(44)) - raft.server.log.appender.snapshot.chunk.size.max = 16MB (=16777216) (default)
2020-12-29 10:10:01,632 [4259afd6-154d-4eca-a620-cf00c9b631aa@group-DCAE17C04CCD-LeaderElection19] INFO  server.RaftServerConfigKeys (ConfUtils.java:logGet(44)) - raft.server.log.appender.buffer.byte-limit = 33554432 (custom)
2020-12-29 10:10:01,632 [4259afd6-154d-4eca-a620-cf00c9b631aa@group-DCAE17C04CCD-LeaderElection19] INFO  server.RaftServerConfigKeys (ConfUtils.java:logGet(44)) - raft.server.log.appender.buffer.element-limit = 1 (custom)
2020-12-29 10:10:01,632 [4259afd6-154d-4eca-a620-cf00c9b631aa@group-DCAE17C04CCD-LeaderElection19] INFO  grpc.GrpcConfigKeys (ConfUtils.java:logGet(44)) - raft.grpc.server.leader.outstanding.appends.max = 128 (default)
2020-12-29 10:10:01,632 [4259afd6-154d-4eca-a620-cf00c9b631aa@group-DCAE17C04CCD-LeaderElection19] INFO  server.RaftServerConfigKeys (ConfUtils.java:logGet(44)) - raft.server.rpc.request.timeout = 60s (custom)
2020-12-29 10:10:01,632 [4259afd6-154d-4eca-a620-cf00c9b631aa@group-DCAE17C04CCD-LeaderElection19] INFO  server.RaftServerConfigKeys (ConfUtils.java:logGet(44)) - raft.server.log.appender.install.snapshot.enabled = false (custom)
2020-12-29 10:10:01,632 [4259afd6-154d-4eca-a620-cf00c9b631aa@group-DCAE17C04CCD-LeaderElection19] INFO  metrics.RatisMetrics (RatisMetrics.java:lambda$create$0(36)) - Creating Metrics Registry : ratis_grpc.log_appender.4259afd6-154d-4eca-a620-cf00c9b631aa@group-DCAE17C04CCD
2020-12-29 10:10:01,634 [EventQueue-PipelineReportForPipelineReportHandler] INFO  pipeline.PipelineStateManager (PipelineStateManager.java:openPipeline(132)) - Pipeline Pipeline[ Id: be436cb0-5cba-4a31-9935-dcae17c04ccd, Nodes: 4259afd6-154d-4eca-a620-cf00c9b631aa{ip: 172.17.0.2, host: 79669b543b4d, networkLocation: /default-rack, certSerialId: null, persistedOpState: IN_SERVICE, persistedOpStateExpiryEpochSec: 0}1f50e366-ff39-48ab-b6af-f1dfc503e25e{ip: 172.17.0.2, host: 79669b543b4d, networkLocation: /default-rack, certSerialId: null, persistedOpState: IN_SERVICE, persistedOpStateExpiryEpochSec: 0}211ea4af-eacf-4017-9679-f845244c1f92{ip: 172.17.0.2, host: 79669b543b4d, networkLocation: /default-rack, certSerialId: null, persistedOpState: IN_SERVICE, persistedOpStateExpiryEpochSec: 0}, Type:RATIS, Factor:THREE, State:ALLOCATED, leaderId:4259afd6-154d-4eca-a620-cf00c9b631aa, CreationTimestamp2020-12-29T10:09:48.855Z] moved to OPEN state
2020-12-29 10:10:01,634 [4259afd6-154d-4eca-a620-cf00c9b631aa@group-DCAE17C04CCD-LeaderElection19] INFO  server.RaftServerConfigKeys (ConfUtils.java:logGet(44)) - raft.server.log.appender.snapshot.chunk.size.max = 16MB (=16777216) (default)
2020-12-29 10:10:01,636 [4259afd6-154d-4eca-a620-cf00c9b631aa@group-DCAE17C04CCD-LeaderElection19] INFO  server.RaftServerConfigKeys (ConfUtils.java:logGet(44)) - raft.server.log.appender.buffer.byte-limit = 33554432 (custom)
2020-12-29 10:10:01,636 [4259afd6-154d-4eca-a620-cf00c9b631aa@group-DCAE17C04CCD-LeaderElection19] INFO  server.RaftServerConfigKeys (ConfUtils.java:logGet(44)) - raft.server.log.appender.buffer.element-limit = 1 (custom)
2020-12-29 10:10:01,636 [4259afd6-154d-4eca-a620-cf00c9b631aa@group-DCAE17C04CCD-LeaderElection19] INFO  grpc.GrpcConfigKeys (ConfUtils.java:logGet(44)) - raft.grpc.server.leader.outstanding.appends.max = 128 (default)
2020-12-29 10:10:01,636 [4259afd6-154d-4eca-a620-cf00c9b631aa@group-DCAE17C04CCD-LeaderElection19] INFO  server.RaftServerConfigKeys (ConfUtils.java:logGet(44)) - raft.server.rpc.request.timeout = 60s (custom)
2020-12-29 10:10:01,637 [4259afd6-154d-4eca-a620-cf00c9b631aa@group-DCAE17C04CCD-LeaderElection19] INFO  server.RaftServerConfigKeys (ConfUtils.java:logGet(44)) - raft.server.log.appender.install.snapshot.enabled = false (custom)
2020-12-29 10:10:01,638 [4259afd6-154d-4eca-a620-cf00c9b631aa@group-DCAE17C04CCD-LeaderElection19] INFO  impl.RoleInfo (RoleInfo.java:updateAndGet(130)) - 4259afd6-154d-4eca-a620-cf00c9b631aa: start 4259afd6-154d-4eca-a620-cf00c9b631aa@group-DCAE17C04CCD-LeaderStateImpl
2020-12-29 10:10:01,638 [4259afd6-154d-4eca-a620-cf00c9b631aa@group-DCAE17C04CCD-LeaderElection19] INFO  segmented.SegmentedRaftLogWorker (SegmentedRaftLogWorker.java:startLogSegment(392)) - 4259afd6-154d-4eca-a620-cf00c9b631aa@group-DCAE17C04CCD-SegmentedRaftLogWorker: Starting segment from index:0
2020-12-29 10:10:01,640 [4259afd6-154d-4eca-a620-cf00c9b631aa@group-DCAE17C04CCD-SegmentedRaftLogWorker] INFO  segmented.SegmentedRaftLogWorker (SegmentedRaftLogWorker.java:execute(599)) - 4259afd6-154d-4eca-a620-cf00c9b631aa@group-DCAE17C04CCD-SegmentedRaftLogWorker: created new log segment /github/workspace/mnt/ozone/hadoop-ozone/integration-test/target/test-dir/MiniOzoneClusterImpl-b1ea8c03-8e89-4df6-8609-c05021ba0f19/datanode-2/data/ratis/be436cb0-5cba-4a31-9935-dcae17c04ccd/current/log_inprogress_0
2020-12-29 10:10:01,643 [4259afd6-154d-4eca-a620-cf00c9b631aa@group-DCAE17C04CCD-LeaderElection19] INFO  server.RaftServer$Division (ServerState.java:setRaftConf(374)) - 4259afd6-154d-4eca-a620-cf00c9b631aa@group-DCAE17C04CCD: set configuration 0: [211ea4af-eacf-4017-9679-f845244c1f92|rpc:172.17.0.2:41241|dataStream:, 4259afd6-154d-4eca-a620-cf00c9b631aa|rpc:172.17.0.2:38675|dataStream:, 1f50e366-ff39-48ab-b6af-f1dfc503e25e|rpc:172.17.0.2:41473|dataStream:], old=null at 0
2020-12-29 10:10:01,641 [grpc-default-executor-1] INFO  ratis.XceiverServerRatis (XceiverServerRatis.java:handleLeaderChangedNotification(862)) - Leader change notification received for group: group-DCAE17C04CCD with new leaderId: 4259afd6-154d-4eca-a620-cf00c9b631aa
2020-12-29 10:10:01,648 [grpc-default-executor-1] INFO  server.RaftServer$Division (ServerState.java:setLeader(258)) - 211ea4af-eacf-4017-9679-f845244c1f92@group-DCAE17C04CCD: change Leader from null to 4259afd6-154d-4eca-a620-cf00c9b631aa at term 2 for appendEntries, leader elected after 10198ms
2020-12-29 10:10:01,649 [grpc-default-executor-0] INFO  server.RaftServer$Division (RaftServerImpl.java:requestVote(973)) - 4259afd6-154d-4eca-a620-cf00c9b631aa@group-DCAE17C04CCD-   LEADER: Withhold vote from candidate 1f50e366-ff39-48ab-b6af-f1dfc503e25e with term 2. State: leader=4259afd6-154d-4eca-a620-cf00c9b631aa, term=2, lastRpcElapsed=null
2020-12-29 10:10:01,650 [1f50e366-ff39-48ab-b6af-f1dfc503e25e@group-DCAE17C04CCD-LeaderElection20] INFO  impl.LeaderElection (LeaderElection.java:logAndReturn(68)) - 1f50e366-ff39-48ab-b6af-f1dfc503e25e@group-DCAE17C04CCD-LeaderElection20: Election REJECTED; received 2 response(s) [1f50e366-ff39-48ab-b6af-f1dfc503e25e<-211ea4af-eacf-4017-9679-f845244c1f92#0:FAIL-t2, 1f50e366-ff39-48ab-b6af-f1dfc503e25e<-4259afd6-154d-4eca-a620-cf00c9b631aa#0:FAIL-t2] and 0 exception(s); 1f50e366-ff39-48ab-b6af-f1dfc503e25e@group-DCAE17C04CCD:t2, leader=null, voted=1f50e366-ff39-48ab-b6af-f1dfc503e25e, raftlog=1f50e366-ff39-48ab-b6af-f1dfc503e25e@group-DCAE17C04CCD-SegmentedRaftLog:OPENED:c-1,f-1,i0, conf=-1: [211ea4af-eacf-4017-9679-f845244c1f92|rpc:172.17.0.2:41241|dataStream:, 4259afd6-154d-4eca-a620-cf00c9b631aa|rpc:172.17.0.2:38675|dataStream:, 1f50e366-ff39-48ab-b6af-f1dfc503e25e|rpc:172.17.0.2:41473|dataStream:], old=null
2020-12-29 10:10:01,650 [1f50e366-ff39-48ab-b6af-f1dfc503e25e@group-DCAE17C04CCD-LeaderElection20] INFO  server.RaftServer$Division (RaftServerImpl.java:setRole(275)) - 1f50e366-ff39-48ab-b6af-f1dfc503e25e@group-DCAE17C04CCD: changes role from CANDIDATE to FOLLOWER at term 2 for DISCOVERED_A_NEW_TERM
2020-12-29 10:10:01,650 [1f50e366-ff39-48ab-b6af-f1dfc503e25e@group-DCAE17C04CCD-LeaderElection20] INFO  impl.RoleInfo (RoleInfo.java:shutdownLeaderElection(121)) - 1f50e366-ff39-48ab-b6af-f1dfc503e25e: shutdown 1f50e366-ff39-48ab-b6af-f1dfc503e25e@group-DCAE17C04CCD-LeaderElection20
2020-12-29 10:10:01,651 [1f50e366-ff39-48ab-b6af-f1dfc503e25e@group-DCAE17C04CCD-LeaderElection20] INFO  impl.RoleInfo (RoleInfo.java:updateAndGet(130)) - 1f50e366-ff39-48ab-b6af-f1dfc503e25e: start 1f50e366-ff39-48ab-b6af-f1dfc503e25e@group-DCAE17C04CCD-FollowerState
2020-12-29 10:10:01,655 [grpc-default-executor-1] INFO  server.RaftServer$Division (ServerState.java:setRaftConf(374)) - 211ea4af-eacf-4017-9679-f845244c1f92@group-DCAE17C04CCD: set configuration 0: [211ea4af-eacf-4017-9679-f845244c1f92|rpc:172.17.0.2:41241|dataStream:, 4259afd6-154d-4eca-a620-cf00c9b631aa|rpc:172.17.0.2:38675|dataStream:, 1f50e366-ff39-48ab-b6af-f1dfc503e25e|rpc:172.17.0.2:41473|dataStream:], old=null at 0
2020-12-29 10:10:01,657 [grpc-default-executor-1] INFO  segmented.SegmentedRaftLogWorker (SegmentedRaftLogWorker.java:startLogSegment(392)) - 211ea4af-eacf-4017-9679-f845244c1f92@group-DCAE17C04CCD-SegmentedRaftLogWorker: Starting segment from index:0
2020-12-29 10:10:01,659 [211ea4af-eacf-4017-9679-f845244c1f92@group-DCAE17C04CCD-SegmentedRaftLogWorker] INFO  segmented.SegmentedRaftLogWorker (SegmentedRaftLogWorker.java:execute(599)) - 211ea4af-eacf-4017-9679-f845244c1f92@group-DCAE17C04CCD-SegmentedRaftLogWorker: created new log segment /github/workspace/mnt/ozone/hadoop-ozone/integration-test/target/test-dir/MiniOzoneClusterImpl-b1ea8c03-8e89-4df6-8609-c05021ba0f19/datanode-0/data/ratis/be436cb0-5cba-4a31-9935-dcae17c04ccd/current/log_inprogress_0
2020-12-29 10:10:01,665 [grpc-default-executor-3] INFO  ratis.XceiverServerRatis (XceiverServerRatis.java:handleLeaderChangedNotification(862)) - Leader change notification received for group: group-DCAE17C04CCD with new leaderId: 4259afd6-154d-4eca-a620-cf00c9b631aa
2020-12-29 10:10:01,665 [grpc-default-executor-3] INFO  server.RaftServer$Division (ServerState.java:setLeader(258)) - 1f50e366-ff39-48ab-b6af-f1dfc503e25e@group-DCAE17C04CCD: change Leader from null to 4259afd6-154d-4eca-a620-cf00c9b631aa at term 2 for appendEntries, leader elected after 10145ms
2020-12-29 10:10:01,669 [grpc-default-executor-3] INFO  server.RaftServer$Division (ServerState.java:setRaftConf(374)) - 1f50e366-ff39-48ab-b6af-f1dfc503e25e@group-DCAE17C04CCD: set configuration 0: [211ea4af-eacf-4017-9679-f845244c1f92|rpc:172.17.0.2:41241|dataStream:, 4259afd6-154d-4eca-a620-cf00c9b631aa|rpc:172.17.0.2:38675|dataStream:, 1f50e366-ff39-48ab-b6af-f1dfc503e25e|rpc:172.17.0.2:41473|dataStream:], old=null at 0
2020-12-29 10:10:01,670 [grpc-default-executor-3] INFO  segmented.SegmentedRaftLogWorker (SegmentedRaftLogWorker.java:startLogSegment(392)) - 1f50e366-ff39-48ab-b6af-f1dfc503e25e@group-DCAE17C04CCD-SegmentedRaftLogWorker: Starting segment from index:0
2020-12-29 10:10:01,671 [1f50e366-ff39-48ab-b6af-f1dfc503e25e@group-DCAE17C04CCD-SegmentedRaftLogWorker] INFO  segmented.SegmentedRaftLogWorker (SegmentedRaftLogWorker.java:execute(599)) - 1f50e366-ff39-48ab-b6af-f1dfc503e25e@group-DCAE17C04CCD-SegmentedRaftLogWorker: created new log segment /github/workspace/mnt/ozone/hadoop-ozone/integration-test/target/test-dir/MiniOzoneClusterImpl-b1ea8c03-8e89-4df6-8609-c05021ba0f19/datanode-1/data/ratis/be436cb0-5cba-4a31-9935-dcae17c04ccd/current/log_inprogress_0
2020-12-29 10:10:01,930 [DatanodeAdminManager-0] INFO  node.DatanodeAdminMonitorImpl (DatanodeAdminMonitorImpl.java:checkContainersReplicatedOnNode(297)) - b063ad5b-b25a-46ed-abed-9b5302f3b533{ip: 172.17.0.2, host: 79669b543b4d, networkLocation: /default-rack, certSerialId: null, persistedOpState: ENTERING_MAINTENANCE, persistedOpStateExpiryEpochSec: 0} has 0 sufficientlyReplicated, 2 underReplicated and 2 unhealthy containers
2020-12-29 10:10:01,931 [DatanodeAdminManager-0] INFO  node.DatanodeAdminMonitorImpl (DatanodeAdminMonitorImpl.java:checkContainersReplicatedOnNode(297)) - a606f2ed-cee1-417c-9fe3-1bdc4a375396{ip: 172.17.0.2, host: 79669b543b4d, networkLocation: /default-rack, certSerialId: null, persistedOpState: ENTERING_MAINTENANCE, persistedOpStateExpiryEpochSec: 0} has 0 sufficientlyReplicated, 2 underReplicated and 2 unhealthy containers
2020-12-29 10:10:01,931 [DatanodeAdminManager-0] INFO  node.DatanodeAdminMonitorImpl (DatanodeAdminMonitorImpl.java:checkContainersReplicatedOnNode(297)) - 856c4e2d-a2c2-4358-bc21-0d0c99327a9f{ip: 172.17.0.2, host: 79669b543b4d, networkLocation: /default-rack, certSerialId: null, persistedOpState: ENTERING_MAINTENANCE, persistedOpStateExpiryEpochSec: 0} has 0 sufficientlyReplicated, 2 underReplicated and 2 unhealthy containers
2020-12-29 10:10:01,931 [DatanodeAdminManager-0] INFO  node.DatanodeAdminMonitorImpl (DatanodeAdminMonitorImpl.java:run(136)) - There are 3 nodes tracked for decommission and maintenance. 0 pending nodes.
2020-12-29 10:10:02,329 [ReplicationMonitor] INFO  container.ReplicationManager (ReplicationManager.java:sendCloseCommand(948)) - Sending close container command for container #1 to datanode 856c4e2d-a2c2-4358-bc21-0d0c99327a9f{ip: 172.17.0.2, host: 79669b543b4d, networkLocation: /default-rack, certSerialId: null, persistedOpState: ENTERING_MAINTENANCE, persistedOpStateExpiryEpochSec: 0}.
2020-12-29 10:10:02,329 [ReplicationMonitor] INFO  container.ReplicationManager (ReplicationManager.java:sendCloseCommand(948)) - Sending close container command for container #1 to datanode a606f2ed-cee1-417c-9fe3-1bdc4a375396{ip: 172.17.0.2, host: 79669b543b4d, networkLocation: /default-rack, certSerialId: null, persistedOpState: ENTERING_MAINTENANCE, persistedOpStateExpiryEpochSec: 0}.
2020-12-29 10:10:02,329 [ReplicationMonitor] INFO  container.ReplicationManager (ReplicationManager.java:sendCloseCommand(948)) - Sending close container command for container #1 to datanode b063ad5b-b25a-46ed-abed-9b5302f3b533{ip: 172.17.0.2, host: 79669b543b4d, networkLocation: /default-rack, certSerialId: null, persistedOpState: ENTERING_MAINTENANCE, persistedOpStateExpiryEpochSec: 0}.
2020-12-29 10:10:02,330 [ReplicationMonitor] INFO  container.ReplicationManager (ReplicationManager.java:sendCloseCommand(948)) - Sending close container command for container #2 to datanode 856c4e2d-a2c2-4358-bc21-0d0c99327a9f{ip: 172.17.0.2, host: 79669b543b4d, networkLocation: /default-rack, certSerialId: null, persistedOpState: ENTERING_MAINTENANCE, persistedOpStateExpiryEpochSec: 0}.
2020-12-29 10:10:02,330 [ReplicationMonitor] INFO  container.ReplicationManager (ReplicationManager.java:sendCloseCommand(948)) - Sending close container command for container #2 to datanode a606f2ed-cee1-417c-9fe3-1bdc4a375396{ip: 172.17.0.2, host: 79669b543b4d, networkLocation: /default-rack, certSerialId: null, persistedOpState: ENTERING_MAINTENANCE, persistedOpStateExpiryEpochSec: 0}.
2020-12-29 10:10:02,330 [ReplicationMonitor] INFO  container.ReplicationManager (ReplicationManager.java:sendCloseCommand(948)) - Sending close container command for container #2 to datanode b063ad5b-b25a-46ed-abed-9b5302f3b533{ip: 172.17.0.2, host: 79669b543b4d, networkLocation: /default-rack, certSerialId: null, persistedOpState: ENTERING_MAINTENANCE, persistedOpStateExpiryEpochSec: 0}.
2020-12-29 10:10:02,330 [ReplicationMonitor] INFO  container.ReplicationManager (ReplicationManager.java:run(250)) - Replication Monitor Thread took 1 milliseconds for processing 2 containers.
2020-12-29 10:10:02,773 [Command processor thread] INFO  server.RaftServer (RaftServerProxy.java:remove(104)) - b063ad5b-b25a-46ed-abed-9b5302f3b533: remove  FOLLOWER b063ad5b-b25a-46ed-abed-9b5302f3b533@group-F16552F941CD:t1, leader=856c4e2d-a2c2-4358-bc21-0d0c99327a9f, voted=856c4e2d-a2c2-4358-bc21-0d0c99327a9f, raftlog=b063ad5b-b25a-46ed-abed-9b5302f3b533@group-F16552F941CD-SegmentedRaftLog:OPENED:c79,f79,i79, conf=0: [b063ad5b-b25a-46ed-abed-9b5302f3b533|rpc:172.17.0.2:42479|dataStream:, 856c4e2d-a2c2-4358-bc21-0d0c99327a9f|rpc:172.17.0.2:38587|dataStream:, a606f2ed-cee1-417c-9fe3-1bdc4a375396|rpc:172.17.0.2:36775|dataStream:], old=null RUNNING
2020-12-29 10:10:02,773 [Command processor thread] INFO  server.RaftServer$Division (RaftServerImpl.java:lambda$close$4(397)) - b063ad5b-b25a-46ed-abed-9b5302f3b533@group-F16552F941CD: shutdown
2020-12-29 10:10:02,773 [Command processor thread] INFO  util.JmxRegister (JmxRegister.java:unregister(73)) - Successfully un-registered JMX Bean with object name Ratis:service=RaftServer,group=group-F16552F941CD,id=b063ad5b-b25a-46ed-abed-9b5302f3b533
2020-12-29 10:10:02,773 [Command processor thread] INFO  impl.RoleInfo (RoleInfo.java:shutdownFollowerState(108)) - b063ad5b-b25a-46ed-abed-9b5302f3b533: shutdown b063ad5b-b25a-46ed-abed-9b5302f3b533@group-F16552F941CD-FollowerState
2020-12-29 10:10:02,775 [Command processor thread] INFO  impl.StateMachineUpdater (StateMachineUpdater.java:stopAndJoin(148)) - b063ad5b-b25a-46ed-abed-9b5302f3b533@group-F16552F941CD-StateMachineUpdater: set stopIndex = 79
2020-12-29 10:10:02,776 [Thread-861] INFO  impl.FollowerState (FollowerState.java:run(142)) - b063ad5b-b25a-46ed-abed-9b5302f3b533@group-F16552F941CD-FollowerState was interrupted: {}
java.lang.InterruptedException: sleep interrupted
	at java.lang.Thread.sleep(Native Method)
	at java.lang.Thread.sleep(Thread.java:340)
	at java.util.concurrent.TimeUnit.sleep(TimeUnit.java:386)
	at org.apache.ratis.util.TimeDuration.sleep(TimeDuration.java:319)
	at org.apache.ratis.util.TimeDuration.sleep(TimeDuration.java:304)
	at org.apache.ratis.server.impl.FollowerState.run(FollowerState.java:117)
2020-12-29 10:10:02,777 [b063ad5b-b25a-46ed-abed-9b5302f3b533@group-F16552F941CD-StateMachineUpdater] INFO  ratis.ContainerStateMachine (ContainerStateMachine.java:takeSnapshot(291)) - group-F16552F941CD: Taking a snapshot at:(t:1, i:79) file /github/workspace/mnt/ozone/hadoop-ozone/integration-test/target/test-dir/MiniOzoneClusterImpl-b1ea8c03-8e89-4df6-8609-c05021ba0f19/datanode-4/data/ratis/edb69426-88b0-48de-aade-f16552f941cd/sm/snapshot.1_79
2020-12-29 10:10:02,780 [b063ad5b-b25a-46ed-abed-9b5302f3b533@group-F16552F941CD-StateMachineUpdater] INFO  ratis.ContainerStateMachine (ContainerStateMachine.java:takeSnapshot(302)) - group-F16552F941CD: Finished taking a snapshot at:(t:1, i:79) file:/github/workspace/mnt/ozone/hadoop-ozone/integration-test/target/test-dir/MiniOzoneClusterImpl-b1ea8c03-8e89-4df6-8609-c05021ba0f19/datanode-4/data/ratis/edb69426-88b0-48de-aade-f16552f941cd/sm/snapshot.1_79 time:3
2020-12-29 10:10:02,780 [b063ad5b-b25a-46ed-abed-9b5302f3b533@group-F16552F941CD-StateMachineUpdater] INFO  impl.StateMachineUpdater (StateMachineUpdater.java:takeSnapshot(279)) - b063ad5b-b25a-46ed-abed-9b5302f3b533@group-F16552F941CD-StateMachineUpdater: Took a snapshot at index 79
2020-12-29 10:10:02,780 [b063ad5b-b25a-46ed-abed-9b5302f3b533@group-F16552F941CD-StateMachineUpdater] INFO  impl.StateMachineUpdater (StateMachineUpdater.java:lambda$new$0(88)) - b063ad5b-b25a-46ed-abed-9b5302f3b533@group-F16552F941CD-StateMachineUpdater: snapshotIndex: updateIncreasingly -1 -> 79
2020-12-29 10:10:02,781 [b063ad5b-b25a-46ed-abed-9b5302f3b533@group-F16552F941CD-StateMachineUpdater] INFO  metrics.RatisMetrics (RatisMetrics.java:unregister(43)) - Unregistering Metrics Registry : ratis.state_machine.b063ad5b-b25a-46ed-abed-9b5302f3b533@group-F16552F941CD
2020-12-29 10:10:02,781 [Command processor thread] INFO  server.RaftServer$Division (ServerState.java:close(406)) - b063ad5b-b25a-46ed-abed-9b5302f3b533@group-F16552F941CD: closes. applyIndex: 79
2020-12-29 10:10:02,781 [b063ad5b-b25a-46ed-abed-9b5302f3b533@group-F16552F941CD-SegmentedRaftLogWorker] INFO  segmented.SegmentedRaftLogWorker (SegmentedRaftLogWorker.java:run(326)) - b063ad5b-b25a-46ed-abed-9b5302f3b533@group-F16552F941CD-SegmentedRaftLogWorker was interrupted, exiting. There are 0 tasks remaining in the queue.
2020-12-29 10:10:02,781 [Command processor thread] INFO  segmented.SegmentedRaftLogWorker (SegmentedRaftLogWorker.java:close(236)) - b063ad5b-b25a-46ed-abed-9b5302f3b533@group-F16552F941CD-SegmentedRaftLogWorker close()
2020-12-29 10:10:02,782 [Command processor thread] INFO  metrics.RatisMetrics (RatisMetrics.java:unregister(43)) - Unregistering Metrics Registry : ratis.log_worker.b063ad5b-b25a-46ed-abed-9b5302f3b533@group-F16552F941CD
2020-12-29 10:10:02,782 [Command processor thread] INFO  metrics.RatisMetrics (RatisMetrics.java:unregister(43)) - Unregistering Metrics Registry : ratis.leader_election.b063ad5b-b25a-46ed-abed-9b5302f3b533@group-F16552F941CD
2020-12-29 10:10:02,782 [Command processor thread] INFO  metrics.RatisMetrics (RatisMetrics.java:unregister(43)) - Unregistering Metrics Registry : ratis.server.b063ad5b-b25a-46ed-abed-9b5302f3b533@group-F16552F941CD
2020-12-29 10:10:02,790 [Command processor thread] INFO  server.RaftServer (RaftServerProxy.java:remove(104)) - a606f2ed-cee1-417c-9fe3-1bdc4a375396: remove  FOLLOWER a606f2ed-cee1-417c-9fe3-1bdc4a375396@group-F16552F941CD:t1, leader=856c4e2d-a2c2-4358-bc21-0d0c99327a9f, voted=856c4e2d-a2c2-4358-bc21-0d0c99327a9f, raftlog=a606f2ed-cee1-417c-9fe3-1bdc4a375396@group-F16552F941CD-SegmentedRaftLog:OPENED:c79,f80,i80, conf=0: [b063ad5b-b25a-46ed-abed-9b5302f3b533|rpc:172.17.0.2:42479|dataStream:, 856c4e2d-a2c2-4358-bc21-0d0c99327a9f|rpc:172.17.0.2:38587|dataStream:, a606f2ed-cee1-417c-9fe3-1bdc4a375396|rpc:172.17.0.2:36775|dataStream:], old=null RUNNING
2020-12-29 10:10:02,790 [Command processor thread] INFO  server.RaftServer$Division (RaftServerImpl.java:lambda$close$4(397)) - a606f2ed-cee1-417c-9fe3-1bdc4a375396@group-F16552F941CD: shutdown
2020-12-29 10:10:02,790 [Command processor thread] INFO  util.JmxRegister (JmxRegister.java:unregister(73)) - Successfully un-registered JMX Bean with object name Ratis:service=RaftServer,group=group-F16552F941CD,id=a606f2ed-cee1-417c-9fe3-1bdc4a375396
2020-12-29 10:10:02,790 [Command processor thread] INFO  impl.RoleInfo (RoleInfo.java:shutdownFollowerState(108)) - a606f2ed-cee1-417c-9fe3-1bdc4a375396: shutdown a606f2ed-cee1-417c-9fe3-1bdc4a375396@group-F16552F941CD-FollowerState
2020-12-29 10:10:02,790 [Command processor thread] INFO  impl.StateMachineUpdater (StateMachineUpdater.java:stopAndJoin(148)) - a606f2ed-cee1-417c-9fe3-1bdc4a375396@group-F16552F941CD-StateMachineUpdater: set stopIndex = 79
2020-12-29 10:10:02,791 [Thread-863] INFO  impl.FollowerState (FollowerState.java:run(142)) - a606f2ed-cee1-417c-9fe3-1bdc4a375396@group-F16552F941CD-FollowerState was interrupted: {}
java.lang.InterruptedException: sleep interrupted
	at java.lang.Thread.sleep(Native Method)
	at java.lang.Thread.sleep(Thread.java:340)
	at java.util.concurrent.TimeUnit.sleep(TimeUnit.java:386)
	at org.apache.ratis.util.TimeDuration.sleep(TimeDuration.java:319)
	at org.apache.ratis.util.TimeDuration.sleep(TimeDuration.java:304)
	at org.apache.ratis.server.impl.FollowerState.run(FollowerState.java:117)
2020-12-29 10:10:02,791 [Command processor thread] INFO  keyvalue.KeyValueContainer (KeyValueContainer.java:flushAndSyncDB(388)) - Container 1 is synced with bcsId 73.
2020-12-29 10:10:02,792 [Command processor thread] INFO  keyvalue.KeyValueContainer (KeyValueContainer.java:flushAndSyncDB(388)) - Container 1 is synced with bcsId 73.
2020-12-29 10:10:02,792 [a606f2ed-cee1-417c-9fe3-1bdc4a375396@group-F16552F941CD-StateMachineUpdater] INFO  ratis.ContainerStateMachine (ContainerStateMachine.java:takeSnapshot(291)) - group-F16552F941CD: Taking a snapshot at:(t:1, i:79) file /github/workspace/mnt/ozone/hadoop-ozone/integration-test/target/test-dir/MiniOzoneClusterImpl-b1ea8c03-8e89-4df6-8609-c05021ba0f19/datanode-5/data/ratis/edb69426-88b0-48de-aade-f16552f941cd/sm/snapshot.1_79
2020-12-29 10:10:02,796 [a606f2ed-cee1-417c-9fe3-1bdc4a375396@group-F16552F941CD-StateMachineUpdater] INFO  ratis.ContainerStateMachine (ContainerStateMachine.java:takeSnapshot(302)) - group-F16552F941CD: Finished taking a snapshot at:(t:1, i:79) file:/github/workspace/mnt/ozone/hadoop-ozone/integration-test/target/test-dir/MiniOzoneClusterImpl-b1ea8c03-8e89-4df6-8609-c05021ba0f19/datanode-5/data/ratis/edb69426-88b0-48de-aade-f16552f941cd/sm/snapshot.1_79 time:4
2020-12-29 10:10:02,796 [a606f2ed-cee1-417c-9fe3-1bdc4a375396@group-F16552F941CD-StateMachineUpdater] INFO  impl.StateMachineUpdater (StateMachineUpdater.java:takeSnapshot(279)) - a606f2ed-cee1-417c-9fe3-1bdc4a375396@group-F16552F941CD-StateMachineUpdater: Took a snapshot at index 79
2020-12-29 10:10:02,796 [a606f2ed-cee1-417c-9fe3-1bdc4a375396@group-F16552F941CD-StateMachineUpdater] INFO  impl.StateMachineUpdater (StateMachineUpdater.java:lambda$new$0(88)) - a606f2ed-cee1-417c-9fe3-1bdc4a375396@group-F16552F941CD-StateMachineUpdater: snapshotIndex: updateIncreasingly -1 -> 79
2020-12-29 10:10:02,796 [a606f2ed-cee1-417c-9fe3-1bdc4a375396@group-F16552F941CD-StateMachineUpdater] INFO  metrics.RatisMetrics (RatisMetrics.java:unregister(43)) - Unregistering Metrics Registry : ratis.state_machine.a606f2ed-cee1-417c-9fe3-1bdc4a375396@group-F16552F941CD
2020-12-29 10:10:02,797 [Command processor thread] INFO  server.RaftServer$Division (ServerState.java:close(406)) - a606f2ed-cee1-417c-9fe3-1bdc4a375396@group-F16552F941CD: closes. applyIndex: 79
2020-12-29 10:10:02,799 [a606f2ed-cee1-417c-9fe3-1bdc4a375396@group-F16552F941CD-SegmentedRaftLogWorker] INFO  segmented.SegmentedRaftLogWorker (SegmentedRaftLogWorker.java:run(326)) - a606f2ed-cee1-417c-9fe3-1bdc4a375396@group-F16552F941CD-SegmentedRaftLogWorker was interrupted, exiting. There are 0 tasks remaining in the queue.
2020-12-29 10:10:02,799 [Command processor thread] INFO  segmented.SegmentedRaftLogWorker (SegmentedRaftLogWorker.java:close(236)) - a606f2ed-cee1-417c-9fe3-1bdc4a375396@group-F16552F941CD-SegmentedRaftLogWorker close()
2020-12-29 10:10:02,800 [Command processor thread] INFO  metrics.RatisMetrics (RatisMetrics.java:unregister(43)) - Unregistering Metrics Registry : ratis.log_worker.a606f2ed-cee1-417c-9fe3-1bdc4a375396@group-F16552F941CD
2020-12-29 10:10:02,800 [Command processor thread] INFO  metrics.RatisMetrics (RatisMetrics.java:unregister(43)) - Unregistering Metrics Registry : ratis.leader_election.a606f2ed-cee1-417c-9fe3-1bdc4a375396@group-F16552F941CD
2020-12-29 10:10:02,800 [Command processor thread] INFO  metrics.RatisMetrics (RatisMetrics.java:unregister(43)) - Unregistering Metrics Registry : ratis.server.a606f2ed-cee1-417c-9fe3-1bdc4a375396@group-F16552F941CD
2020-12-29 10:10:02,802 [Command processor thread] INFO  keyvalue.KeyValueContainer (KeyValueContainer.java:flushAndSyncDB(388)) - Container 1 is synced with bcsId 73.
2020-12-29 10:10:02,802 [Command processor thread] INFO  keyvalue.KeyValueContainer (KeyValueContainer.java:flushAndSyncDB(388)) - Container 1 is synced with bcsId 73.
2020-12-29 10:10:02,803 [EventQueue-IncrementalContainerReportForIncrementalContainerReportHandler] INFO  container.IncrementalContainerReportHandler (AbstractContainerReportHandler.java:updateContainerState(208)) - Moving container #1 to QUASI_CLOSED state, datanode b063ad5b-b25a-46ed-abed-9b5302f3b533{ip: 172.17.0.2, host: 79669b543b4d, networkLocation: /default-rack, certSerialId: null, persistedOpState: ENTERING_MAINTENANCE, persistedOpStateExpiryEpochSec: 0} reported QUASI_CLOSED replica.
2020-12-29 10:10:02,805 [RatisApplyTransactionExecutor 1] INFO  keyvalue.KeyValueContainer (KeyValueContainer.java:flushAndSyncDB(388)) - Container 1 is synced with bcsId 73.
2020-12-29 10:10:02,805 [RatisApplyTransactionExecutor 1] INFO  keyvalue.KeyValueContainer (KeyValueContainer.java:flushAndSyncDB(388)) - Container 1 is synced with bcsId 73.
2020-12-29 10:10:02,809 [RatisApplyTransactionExecutor 1] INFO  keyvalue.KeyValueContainer (KeyValueContainer.java:close(326)) - Container 1 is closed with bcsId 73.
2020-12-29 10:10:02,810 [EventQueue-IncrementalContainerReportForIncrementalContainerReportHandler] INFO  container.IncrementalContainerReportHandler (AbstractContainerReportHandler.java:updateContainerState(241)) - Moving container #1 to CLOSED state, datanode 856c4e2d-a2c2-4358-bc21-0d0c99327a9f{ip: 172.17.0.2, host: 79669b543b4d, networkLocation: /default-rack, certSerialId: null, persistedOpState: ENTERING_MAINTENANCE, persistedOpStateExpiryEpochSec: 0} reported CLOSED replica.
2020-12-29 10:10:02,811 [Command processor thread] INFO  keyvalue.KeyValueContainer (KeyValueContainer.java:flushAndSyncDB(388)) - Container 2 is synced with bcsId 77.
2020-12-29 10:10:02,811 [Command processor thread] INFO  keyvalue.KeyValueContainer (KeyValueContainer.java:flushAndSyncDB(388)) - Container 2 is synced with bcsId 77.
2020-12-29 10:10:02,811 [Command processor thread] INFO  keyvalue.KeyValueContainer (KeyValueContainer.java:flushAndSyncDB(388)) - Container 2 is synced with bcsId 77.
2020-12-29 10:10:02,811 [Command processor thread] INFO  keyvalue.KeyValueContainer (KeyValueContainer.java:flushAndSyncDB(388)) - Container 2 is synced with bcsId 77.
2020-12-29 10:10:02,817 [EventQueue-IncrementalContainerReportForIncrementalContainerReportHandler] INFO  container.IncrementalContainerReportHandler (AbstractContainerReportHandler.java:updateContainerState(208)) - Moving container #2 to QUASI_CLOSED state, datanode a606f2ed-cee1-417c-9fe3-1bdc4a375396{ip: 172.17.0.2, host: 79669b543b4d, networkLocation: /default-rack, certSerialId: null, persistedOpState: ENTERING_MAINTENANCE, persistedOpStateExpiryEpochSec: 0} reported QUASI_CLOSED replica.
2020-12-29 10:10:02,819 [Command processor thread] INFO  server.RaftServer$Division (RaftServerImpl.java:groupRemove(367)) - a606f2ed-cee1-417c-9fe3-1bdc4a375396@group-F16552F941CD: Succeed to remove RaftStorageDirectory Storage Directory /github/workspace/mnt/ozone/hadoop-ozone/integration-test/target/test-dir/MiniOzoneClusterImpl-b1ea8c03-8e89-4df6-8609-c05021ba0f19/datanode-5/data/ratis/edb69426-88b0-48de-aade-f16552f941cd
2020-12-29 10:10:02,819 [Command processor thread] INFO  commandhandler.ClosePipelineCommandHandler (ClosePipelineCommandHandler.java:handle(75)) - Close Pipeline PipelineID=edb69426-88b0-48de-aade-f16552f941cd command on datanode a606f2ed-cee1-417c-9fe3-1bdc4a375396.
2020-12-29 10:10:02,820 [Command processor thread] INFO  server.RaftServer (RaftServerProxy.java:remove(104)) - a606f2ed-cee1-417c-9fe3-1bdc4a375396: remove    LEADER a606f2ed-cee1-417c-9fe3-1bdc4a375396@group-35C28BB2533E:t1, leader=a606f2ed-cee1-417c-9fe3-1bdc4a375396, voted=a606f2ed-cee1-417c-9fe3-1bdc4a375396, raftlog=a606f2ed-cee1-417c-9fe3-1bdc4a375396@group-35C28BB2533E-SegmentedRaftLog:OPENED:c0,f0,i0, conf=0: [a606f2ed-cee1-417c-9fe3-1bdc4a375396|rpc:172.17.0.2:36775|dataStream:], old=null RUNNING
2020-12-29 10:10:02,820 [Command processor thread] INFO  server.RaftServer$Division (RaftServerImpl.java:lambda$close$4(397)) - a606f2ed-cee1-417c-9fe3-1bdc4a375396@group-35C28BB2533E: shutdown
2020-12-29 10:10:02,820 [Command processor thread] INFO  util.JmxRegister (JmxRegister.java:unregister(73)) - Successfully un-registered JMX Bean with object name Ratis:service=RaftServer,group=group-35C28BB2533E,id=a606f2ed-cee1-417c-9fe3-1bdc4a375396
2020-12-29 10:10:02,820 [Command processor thread] INFO  impl.RoleInfo (RoleInfo.java:shutdownLeaderState(91)) - a606f2ed-cee1-417c-9fe3-1bdc4a375396: shutdown a606f2ed-cee1-417c-9fe3-1bdc4a375396@group-35C28BB2533E-LeaderStateImpl
2020-12-29 10:10:02,821 [Command processor thread] INFO  impl.PendingRequests (PendingRequests.java:sendNotLeaderResponses(249)) - a606f2ed-cee1-417c-9fe3-1bdc4a375396@group-35C28BB2533E-PendingRequests: sendNotLeaderResponses
2020-12-29 10:10:02,821 [Command processor thread] INFO  metrics.RatisMetrics (RatisMetrics.java:unregister(43)) - Unregistering Metrics Registry : ratis.log_appender.a606f2ed-cee1-417c-9fe3-1bdc4a375396@group-35C28BB2533E
2020-12-29 10:10:02,821 [Command processor thread] INFO  metrics.RatisMetrics (RatisMetrics.java:unregister(43)) - Unregistering Metrics Registry : ratis.server.a606f2ed-cee1-417c-9fe3-1bdc4a375396@group-35C28BB2533E
2020-12-29 10:10:02,823 [Command processor thread] INFO  server.RaftServer$Division (RaftServerImpl.java:groupRemove(367)) - b063ad5b-b25a-46ed-abed-9b5302f3b533@group-F16552F941CD: Succeed to remove RaftStorageDirectory Storage Directory /github/workspace/mnt/ozone/hadoop-ozone/integration-test/target/test-dir/MiniOzoneClusterImpl-b1ea8c03-8e89-4df6-8609-c05021ba0f19/datanode-4/data/ratis/edb69426-88b0-48de-aade-f16552f941cd
2020-12-29 10:10:02,823 [Command processor thread] INFO  commandhandler.ClosePipelineCommandHandler (ClosePipelineCommandHandler.java:handle(75)) - Close Pipeline PipelineID=edb69426-88b0-48de-aade-f16552f941cd command on datanode b063ad5b-b25a-46ed-abed-9b5302f3b533.
2020-12-29 10:10:02,824 [Command processor thread] INFO  server.RaftServer (RaftServerProxy.java:remove(104)) - b063ad5b-b25a-46ed-abed-9b5302f3b533: remove    LEADER b063ad5b-b25a-46ed-abed-9b5302f3b533@group-00BB1F5D51C9:t1, leader=b063ad5b-b25a-46ed-abed-9b5302f3b533, voted=b063ad5b-b25a-46ed-abed-9b5302f3b533, raftlog=b063ad5b-b25a-46ed-abed-9b5302f3b533@group-00BB1F5D51C9-SegmentedRaftLog:OPENED:c0,f0,i0, conf=0: [b063ad5b-b25a-46ed-abed-9b5302f3b533|rpc:172.17.0.2:42479|dataStream:], old=null RUNNING
2020-12-29 10:10:02,824 [Command processor thread] INFO  server.RaftServer$Division (RaftServerImpl.java:lambda$close$4(397)) - b063ad5b-b25a-46ed-abed-9b5302f3b533@group-00BB1F5D51C9: shutdown
2020-12-29 10:10:02,824 [Command processor thread] INFO  util.JmxRegister (JmxRegister.java:unregister(73)) - Successfully un-registered JMX Bean with object name Ratis:service=RaftServer,group=group-00BB1F5D51C9,id=b063ad5b-b25a-46ed-abed-9b5302f3b533
2020-12-29 10:10:02,824 [Command processor thread] INFO  impl.RoleInfo (RoleInfo.java:shutdownLeaderState(91)) - b063ad5b-b25a-46ed-abed-9b5302f3b533: shutdown b063ad5b-b25a-46ed-abed-9b5302f3b533@group-00BB1F5D51C9-LeaderStateImpl
2020-12-29 10:10:02,824 [Command processor thread] INFO  impl.PendingRequests (PendingRequests.java:sendNotLeaderResponses(249)) - b063ad5b-b25a-46ed-abed-9b5302f3b533@group-00BB1F5D51C9-PendingRequests: sendNotLeaderResponses
2020-12-29 10:10:02,824 [Command processor thread] INFO  metrics.RatisMetrics (RatisMetrics.java:unregister(43)) - Unregistering Metrics Registry : ratis.log_appender.b063ad5b-b25a-46ed-abed-9b5302f3b533@group-00BB1F5D51C9
2020-12-29 10:10:02,825 [Command processor thread] INFO  metrics.RatisMetrics (RatisMetrics.java:unregister(43)) - Unregistering Metrics Registry : ratis.server.b063ad5b-b25a-46ed-abed-9b5302f3b533@group-00BB1F5D51C9
2020-12-29 10:10:02,823 [Command processor thread] INFO  impl.StateMachineUpdater (StateMachineUpdater.java:stopAndJoin(148)) - a606f2ed-cee1-417c-9fe3-1bdc4a375396@group-35C28BB2533E-StateMachineUpdater: set stopIndex = 0
2020-12-29 10:10:02,823 [a606f2ed-cee1-417c-9fe3-1bdc4a375396@group-35C28BB2533E-StateMachineUpdater] INFO  ratis.ContainerStateMachine (ContainerStateMachine.java:takeSnapshot(291)) - group-35C28BB2533E: Taking a snapshot at:(t:1, i:0) file /github/workspace/mnt/ozone/hadoop-ozone/integration-test/target/test-dir/MiniOzoneClusterImpl-b1ea8c03-8e89-4df6-8609-c05021ba0f19/datanode-5/data/ratis/b44f3868-5529-47e3-b64e-35c28bb2533e/sm/snapshot.1_0
2020-12-29 10:10:02,826 [b063ad5b-b25a-46ed-abed-9b5302f3b533@group-00BB1F5D51C9-StateMachineUpdater] INFO  ratis.ContainerStateMachine (ContainerStateMachine.java:takeSnapshot(291)) - group-00BB1F5D51C9: Taking a snapshot at:(t:1, i:0) file /github/workspace/mnt/ozone/hadoop-ozone/integration-test/target/test-dir/MiniOzoneClusterImpl-b1ea8c03-8e89-4df6-8609-c05021ba0f19/datanode-4/data/ratis/45a49d30-ae4a-4370-b744-00bb1f5d51c9/sm/snapshot.1_0
2020-12-29 10:10:02,826 [a606f2ed-cee1-417c-9fe3-1bdc4a375396@group-35C28BB2533E-StateMachineUpdater] INFO  ratis.ContainerStateMachine (ContainerStateMachine.java:takeSnapshot(302)) - group-35C28BB2533E: Finished taking a snapshot at:(t:1, i:0) file:/github/workspace/mnt/ozone/hadoop-ozone/integration-test/target/test-dir/MiniOzoneClusterImpl-b1ea8c03-8e89-4df6-8609-c05021ba0f19/datanode-5/data/ratis/b44f3868-5529-47e3-b64e-35c28bb2533e/sm/snapshot.1_0 time:2
2020-12-29 10:10:02,826 [b063ad5b-b25a-46ed-abed-9b5302f3b533@group-00BB1F5D51C9-StateMachineUpdater] INFO  ratis.ContainerStateMachine (ContainerStateMachine.java:takeSnapshot(302)) - group-00BB1F5D51C9: Finished taking a snapshot at:(t:1, i:0) file:/github/workspace/mnt/ozone/hadoop-ozone/integration-test/target/test-dir/MiniOzoneClusterImpl-b1ea8c03-8e89-4df6-8609-c05021ba0f19/datanode-4/data/ratis/45a49d30-ae4a-4370-b744-00bb1f5d51c9/sm/snapshot.1_0 time:0
2020-12-29 10:10:02,826 [b063ad5b-b25a-46ed-abed-9b5302f3b533@group-00BB1F5D51C9-StateMachineUpdater] INFO  impl.StateMachineUpdater (StateMachineUpdater.java:takeSnapshot(279)) - b063ad5b-b25a-46ed-abed-9b5302f3b533@group-00BB1F5D51C9-StateMachineUpdater: Took a snapshot at index 0
2020-12-29 10:10:02,826 [b063ad5b-b25a-46ed-abed-9b5302f3b533@group-00BB1F5D51C9-StateMachineUpdater] INFO  impl.StateMachineUpdater (StateMachineUpdater.java:lambda$new$0(88)) - b063ad5b-b25a-46ed-abed-9b5302f3b533@group-00BB1F5D51C9-StateMachineUpdater: snapshotIndex: updateIncreasingly -1 -> 0
2020-12-29 10:10:02,826 [b063ad5b-b25a-46ed-abed-9b5302f3b533@group-00BB1F5D51C9-StateMachineUpdater] INFO  metrics.RatisMetrics (RatisMetrics.java:unregister(43)) - Unregistering Metrics Registry : ratis.state_machine.b063ad5b-b25a-46ed-abed-9b5302f3b533@group-00BB1F5D51C9
2020-12-29 10:10:02,827 [a606f2ed-cee1-417c-9fe3-1bdc4a375396@group-35C28BB2533E-StateMachineUpdater] INFO  impl.StateMachineUpdater (StateMachineUpdater.java:takeSnapshot(279)) - a606f2ed-cee1-417c-9fe3-1bdc4a375396@group-35C28BB2533E-StateMachineUpdater: Took a snapshot at index 0
2020-12-29 10:10:02,827 [a606f2ed-cee1-417c-9fe3-1bdc4a375396@group-35C28BB2533E-StateMachineUpdater] INFO  impl.StateMachineUpdater (StateMachineUpdater.java:lambda$new$0(88)) - a606f2ed-cee1-417c-9fe3-1bdc4a375396@group-35C28BB2533E-StateMachineUpdater: snapshotIndex: updateIncreasingly -1 -> 0
2020-12-29 10:10:02,827 [a606f2ed-cee1-417c-9fe3-1bdc4a375396@group-35C28BB2533E-StateMachineUpdater] INFO  metrics.RatisMetrics (RatisMetrics.java:unregister(43)) - Unregistering Metrics Registry : ratis.state_machine.a606f2ed-cee1-417c-9fe3-1bdc4a375396@group-35C28BB2533E
2020-12-29 10:10:02,827 [Command processor thread] INFO  server.RaftServer$Division (ServerState.java:close(406)) - a606f2ed-cee1-417c-9fe3-1bdc4a375396@group-35C28BB2533E: closes. applyIndex: 0
2020-12-29 10:10:02,827 [Command processor thread] INFO  impl.StateMachineUpdater (StateMachineUpdater.java:stopAndJoin(148)) - b063ad5b-b25a-46ed-abed-9b5302f3b533@group-00BB1F5D51C9-StateMachineUpdater: set stopIndex = 0
2020-12-29 10:10:02,827 [Command processor thread] INFO  server.RaftServer$Division (ServerState.java:close(406)) - b063ad5b-b25a-46ed-abed-9b5302f3b533@group-00BB1F5D51C9: closes. applyIndex: 0
2020-12-29 10:10:02,827 [a606f2ed-cee1-417c-9fe3-1bdc4a375396@group-35C28BB2533E-SegmentedRaftLogWorker] INFO  segmented.SegmentedRaftLogWorker (SegmentedRaftLogWorker.java:run(326)) - a606f2ed-cee1-417c-9fe3-1bdc4a375396@group-35C28BB2533E-SegmentedRaftLogWorker was interrupted, exiting. There are 0 tasks remaining in the queue.
2020-12-29 10:10:02,827 [b063ad5b-b25a-46ed-abed-9b5302f3b533@group-00BB1F5D51C9-SegmentedRaftLogWorker] INFO  segmented.SegmentedRaftLogWorker (SegmentedRaftLogWorker.java:run(326)) - b063ad5b-b25a-46ed-abed-9b5302f3b533@group-00BB1F5D51C9-SegmentedRaftLogWorker was interrupted, exiting. There are 0 tasks remaining in the queue.
2020-12-29 10:10:02,828 [Command processor thread] INFO  segmented.SegmentedRaftLogWorker (SegmentedRaftLogWorker.java:close(236)) - a606f2ed-cee1-417c-9fe3-1bdc4a375396@group-35C28BB2533E-SegmentedRaftLogWorker close()
2020-12-29 10:10:02,829 [Command processor thread] INFO  metrics.RatisMetrics (RatisMetrics.java:unregister(43)) - Unregistering Metrics Registry : ratis.log_worker.a606f2ed-cee1-417c-9fe3-1bdc4a375396@group-35C28BB2533E
2020-12-29 10:10:02,829 [Command processor thread] INFO  metrics.RatisMetrics (RatisMetrics.java:unregister(43)) - Unregistering Metrics Registry : ratis.leader_election.a606f2ed-cee1-417c-9fe3-1bdc4a375396@group-35C28BB2533E
2020-12-29 10:10:02,829 [Command processor thread] INFO  metrics.RatisMetrics (RatisMetrics.java:unregister(43)) - Unregistering Metrics Registry : ratis.server.a606f2ed-cee1-417c-9fe3-1bdc4a375396@group-35C28BB2533E
2020-12-29 10:10:02,830 [Command processor thread] INFO  server.RaftServer$Division (RaftServerImpl.java:groupRemove(367)) - a606f2ed-cee1-417c-9fe3-1bdc4a375396@group-35C28BB2533E: Succeed to remove RaftStorageDirectory Storage Directory /github/workspace/mnt/ozone/hadoop-ozone/integration-test/target/test-dir/MiniOzoneClusterImpl-b1ea8c03-8e89-4df6-8609-c05021ba0f19/datanode-5/data/ratis/b44f3868-5529-47e3-b64e-35c28bb2533e
2020-12-29 10:10:02,830 [Command processor thread] INFO  segmented.SegmentedRaftLogWorker (SegmentedRaftLogWorker.java:close(236)) - b063ad5b-b25a-46ed-abed-9b5302f3b533@group-00BB1F5D51C9-SegmentedRaftLogWorker close()
2020-12-29 10:10:02,830 [Command processor thread] INFO  commandhandler.ClosePipelineCommandHandler (ClosePipelineCommandHandler.java:handle(75)) - Close Pipeline PipelineID=b44f3868-5529-47e3-b64e-35c28bb2533e command on datanode a606f2ed-cee1-417c-9fe3-1bdc4a375396.
2020-12-29 10:10:02,831 [Command processor thread] WARN  server.RaftServer (RaftServerProxy.java:remove(99)) - a606f2ed-cee1-417c-9fe3-1bdc4a375396: does not contain group: group-F16552F941CD
2020-12-29 10:10:02,831 [Command processor thread] INFO  metrics.RatisMetrics (RatisMetrics.java:unregister(43)) - Unregistering Metrics Registry : ratis.log_worker.b063ad5b-b25a-46ed-abed-9b5302f3b533@group-00BB1F5D51C9
2020-12-29 10:10:02,831 [Command processor thread] INFO  metrics.RatisMetrics (RatisMetrics.java:unregister(43)) - Unregistering Metrics Registry : ratis.leader_election.b063ad5b-b25a-46ed-abed-9b5302f3b533@group-00BB1F5D51C9
2020-12-29 10:10:02,831 [Command processor thread] INFO  metrics.RatisMetrics (RatisMetrics.java:unregister(43)) - Unregistering Metrics Registry : ratis.server.b063ad5b-b25a-46ed-abed-9b5302f3b533@group-00BB1F5D51C9
2020-12-29 10:10:02,831 [Command processor thread] INFO  server.RaftServer$Division (RaftServerImpl.java:groupRemove(367)) - b063ad5b-b25a-46ed-abed-9b5302f3b533@group-00BB1F5D51C9: Succeed to remove RaftStorageDirectory Storage Directory /github/workspace/mnt/ozone/hadoop-ozone/integration-test/target/test-dir/MiniOzoneClusterImpl-b1ea8c03-8e89-4df6-8609-c05021ba0f19/datanode-4/data/ratis/45a49d30-ae4a-4370-b744-00bb1f5d51c9
2020-12-29 10:10:02,831 [Command processor thread] INFO  commandhandler.ClosePipelineCommandHandler (ClosePipelineCommandHandler.java:handle(75)) - Close Pipeline PipelineID=45a49d30-ae4a-4370-b744-00bb1f5d51c9 command on datanode b063ad5b-b25a-46ed-abed-9b5302f3b533.
2020-12-29 10:10:02,832 [Command processor thread] ERROR commandhandler.ClosePipelineCommandHandler (ClosePipelineCommandHandler.java:handle(78)) - Can't close pipeline PipelineID=edb69426-88b0-48de-aade-f16552f941cd
java.io.IOException: a606f2ed-cee1-417c-9fe3-1bdc4a375396: Group group-F16552F941CD not found.
	at org.apache.hadoop.ozone.container.common.transport.server.ratis.XceiverServerRatis.removeGroup(XceiverServerRatis.java:782)
	at org.apache.hadoop.ozone.container.common.statemachine.commandhandler.ClosePipelineCommandHandler.handle(ClosePipelineCommandHandler.java:74)
	at org.apache.hadoop.ozone.container.common.statemachine.commandhandler.CommandDispatcher.handle(CommandDispatcher.java:99)
	at org.apache.hadoop.ozone.container.common.statemachine.DatanodeStateMachine.lambda$initCommandHandlerThread$2(DatanodeStateMachine.java:498)
	at java.lang.Thread.run(Thread.java:748)
Caused by: org.apache.ratis.protocol.exceptions.GroupMismatchException: a606f2ed-cee1-417c-9fe3-1bdc4a375396: Group group-F16552F941CD not found.
	at org.apache.ratis.server.impl.RaftServerProxy.groupRemoveAsync(RaftServerProxy.java:494)
	at org.apache.ratis.server.impl.RaftServerProxy.groupManagementAsync(RaftServerProxy.java:450)
	at org.apache.ratis.server.impl.RaftServerProxy.groupManagement(RaftServerProxy.java:430)
	at org.apache.hadoop.ozone.container.common.transport.server.ratis.XceiverServerRatis.removeGroup(XceiverServerRatis.java:780)
	... 4 more
2020-12-29 10:10:02,832 [Command processor thread] WARN  server.RaftServer (RaftServerProxy.java:remove(99)) - a606f2ed-cee1-417c-9fe3-1bdc4a375396: does not contain group: group-35C28BB2533E
2020-12-29 10:10:02,832 [Command processor thread] ERROR commandhandler.ClosePipelineCommandHandler (ClosePipelineCommandHandler.java:handle(78)) - Can't close pipeline PipelineID=b44f3868-5529-47e3-b64e-35c28bb2533e
java.io.IOException: a606f2ed-cee1-417c-9fe3-1bdc4a375396: Group group-35C28BB2533E not found.
	at org.apache.hadoop.ozone.container.common.transport.server.ratis.XceiverServerRatis.removeGroup(XceiverServerRatis.java:782)
	at org.apache.hadoop.ozone.container.common.statemachine.commandhandler.ClosePipelineCommandHandler.handle(ClosePipelineCommandHandler.java:74)
	at org.apache.hadoop.ozone.container.common.statemachine.commandhandler.CommandDispatcher.handle(CommandDispatcher.java:99)
	at org.apache.hadoop.ozone.container.common.statemachine.DatanodeStateMachine.lambda$initCommandHandlerThread$2(DatanodeStateMachine.java:498)
	at java.lang.Thread.run(Thread.java:748)
Caused by: org.apache.ratis.protocol.exceptions.GroupMismatchException: a606f2ed-cee1-417c-9fe3-1bdc4a375396: Group group-35C28BB2533E not found.
	at org.apache.ratis.server.impl.RaftServerProxy.groupRemoveAsync(RaftServerProxy.java:494)
	at org.apache.ratis.server.impl.RaftServerProxy.groupManagementAsync(RaftServerProxy.java:450)
	at org.apache.ratis.server.impl.RaftServerProxy.groupManagement(RaftServerProxy.java:430)
	at org.apache.hadoop.ozone.container.common.transport.server.ratis.XceiverServerRatis.removeGroup(XceiverServerRatis.java:780)
	... 4 more
2020-12-29 10:10:02,832 [Command processor thread] WARN  server.RaftServer (RaftServerProxy.java:remove(99)) - a606f2ed-cee1-417c-9fe3-1bdc4a375396: does not contain group: group-F16552F941CD
2020-12-29 10:10:02,832 [Command processor thread] ERROR commandhandler.ClosePipelineCommandHandler (ClosePipelineCommandHandler.java:handle(78)) - Can't close pipeline PipelineID=edb69426-88b0-48de-aade-f16552f941cd
java.io.IOException: a606f2ed-cee1-417c-9fe3-1bdc4a375396: Group group-F16552F941CD not found.
	at org.apache.hadoop.ozone.container.common.transport.server.ratis.XceiverServerRatis.removeGroup(XceiverServerRatis.java:782)
	at org.apache.hadoop.ozone.container.common.statemachine.commandhandler.ClosePipelineCommandHandler.handle(ClosePipelineCommandHandler.java:74)
	at org.apache.hadoop.ozone.container.common.statemachine.commandhandler.CommandDispatcher.handle(CommandDispatcher.java:99)
	at org.apache.hadoop.ozone.container.common.statemachine.DatanodeStateMachine.lambda$initCommandHandlerThread$2(DatanodeStateMachine.java:498)
	at java.lang.Thread.run(Thread.java:748)
Caused by: org.apache.ratis.protocol.exceptions.GroupMismatchException: a606f2ed-cee1-417c-9fe3-1bdc4a375396: Group group-F16552F941CD not found.
	at org.apache.ratis.server.impl.RaftServerProxy.groupRemoveAsync(RaftServerProxy.java:494)
	at org.apache.ratis.server.impl.RaftServerProxy.groupManagementAsync(RaftServerProxy.java:450)
	at org.apache.ratis.server.impl.RaftServerProxy.groupManagement(RaftServerProxy.java:430)
	at org.apache.hadoop.ozone.container.common.transport.server.ratis.XceiverServerRatis.removeGroup(XceiverServerRatis.java:780)
	... 4 more
2020-12-29 10:10:02,832 [Command processor thread] WARN  server.RaftServer (RaftServerProxy.java:remove(99)) - a606f2ed-cee1-417c-9fe3-1bdc4a375396: does not contain group: group-35C28BB2533E
2020-12-29 10:10:02,833 [Command processor thread] ERROR commandhandler.ClosePipelineCommandHandler (ClosePipelineCommandHandler.java:handle(78)) - Can't close pipeline PipelineID=b44f3868-5529-47e3-b64e-35c28bb2533e
java.io.IOException: a606f2ed-cee1-417c-9fe3-1bdc4a375396: Group group-35C28BB2533E not found.
	at org.apache.hadoop.ozone.container.common.transport.server.ratis.XceiverServerRatis.removeGroup(XceiverServerRatis.java:782)
	at org.apache.hadoop.ozone.container.common.statemachine.commandhandler.ClosePipelineCommandHandler.handle(ClosePipelineCommandHandler.java:74)
	at org.apache.hadoop.ozone.container.common.statemachine.commandhandler.CommandDispatcher.handle(CommandDispatcher.java:99)
	at org.apache.hadoop.ozone.container.common.statemachine.DatanodeStateMachine.lambda$initCommandHandlerThread$2(DatanodeStateMachine.java:498)
	at java.lang.Thread.run(Thread.java:748)
Caused by: org.apache.ratis.protocol.exceptions.GroupMismatchException: a606f2ed-cee1-417c-9fe3-1bdc4a375396: Group group-35C28BB2533E not found.
	at org.apache.ratis.server.impl.RaftServerProxy.groupRemoveAsync(RaftServerProxy.java:494)
	at org.apache.ratis.server.impl.RaftServerProxy.groupManagementAsync(RaftServerProxy.java:450)
	at org.apache.ratis.server.impl.RaftServerProxy.groupManagement(RaftServerProxy.java:430)
	at org.apache.hadoop.ozone.container.common.transport.server.ratis.XceiverServerRatis.removeGroup(XceiverServerRatis.java:780)
	... 4 more
2020-12-29 10:10:02,833 [Command processor thread] WARN  server.RaftServer (RaftServerProxy.java:remove(99)) - a606f2ed-cee1-417c-9fe3-1bdc4a375396: does not contain group: group-F16552F941CD
2020-12-29 10:10:02,833 [Command processor thread] ERROR commandhandler.ClosePipelineCommandHandler (ClosePipelineCommandHandler.java:handle(78)) - Can't close pipeline PipelineID=edb69426-88b0-48de-aade-f16552f941cd
java.io.IOException: a606f2ed-cee1-417c-9fe3-1bdc4a375396: Group group-F16552F941CD not found.
	at org.apache.hadoop.ozone.container.common.transport.server.ratis.XceiverServerRatis.removeGroup(XceiverServerRatis.java:782)
	at org.apache.hadoop.ozone.container.common.statemachine.commandhandler.ClosePipelineCommandHandler.handle(ClosePipelineCommandHandler.java:74)
	at org.apache.hadoop.ozone.container.common.statemachine.commandhandler.CommandDispatcher.handle(CommandDispatcher.java:99)
	at org.apache.hadoop.ozone.container.common.statemachine.DatanodeStateMachine.lambda$initCommandHandlerThread$2(DatanodeStateMachine.java:498)
	at java.lang.Thread.run(Thread.java:748)
Caused by: org.apache.ratis.protocol.exceptions.GroupMismatchException: a606f2ed-cee1-417c-9fe3-1bdc4a375396: Group group-F16552F941CD not found.
	at org.apache.ratis.server.impl.RaftServerProxy.groupRemoveAsync(RaftServerProxy.java:494)
	at org.apache.ratis.server.impl.RaftServerProxy.groupManagementAsync(RaftServerProxy.java:450)
	at org.apache.ratis.server.impl.RaftServerProxy.groupManagement(RaftServerProxy.java:430)
	at org.apache.hadoop.ozone.container.common.transport.server.ratis.XceiverServerRatis.removeGroup(XceiverServerRatis.java:780)
	... 4 more
2020-12-29 10:10:02,833 [Command processor thread] WARN  server.RaftServer (RaftServerProxy.java:remove(99)) - a606f2ed-cee1-417c-9fe3-1bdc4a375396: does not contain group: group-35C28BB2533E
2020-12-29 10:10:02,833 [Command processor thread] ERROR commandhandler.ClosePipelineCommandHandler (ClosePipelineCommandHandler.java:handle(78)) - Can't close pipeline PipelineID=b44f3868-5529-47e3-b64e-35c28bb2533e
java.io.IOException: a606f2ed-cee1-417c-9fe3-1bdc4a375396: Group group-35C28BB2533E not found.
	at org.apache.hadoop.ozone.container.common.transport.server.ratis.XceiverServerRatis.removeGroup(XceiverServerRatis.java:782)
	at org.apache.hadoop.ozone.container.common.statemachine.commandhandler.ClosePipelineCommandHandler.handle(ClosePipelineCommandHandler.java:74)
	at org.apache.hadoop.ozone.container.common.statemachine.commandhandler.CommandDispatcher.handle(CommandDispatcher.java:99)
	at org.apache.hadoop.ozone.container.common.statemachine.DatanodeStateMachine.lambda$initCommandHandlerThread$2(DatanodeStateMachine.java:498)
	at java.lang.Thread.run(Thread.java:748)
Caused by: org.apache.ratis.protocol.exceptions.GroupMismatchException: a606f2ed-cee1-417c-9fe3-1bdc4a375396: Group group-35C28BB2533E not found.
	at org.apache.ratis.server.impl.RaftServerProxy.groupRemoveAsync(RaftServerProxy.java:494)
	at org.apache.ratis.server.impl.RaftServerProxy.groupManagementAsync(RaftServerProxy.java:450)
	at org.apache.ratis.server.impl.RaftServerProxy.groupManagement(RaftServerProxy.java:430)
	at org.apache.hadoop.ozone.container.common.transport.server.ratis.XceiverServerRatis.removeGroup(XceiverServerRatis.java:780)
	... 4 more
2020-12-29 10:10:02,833 [Command processor thread] WARN  server.RaftServer (RaftServerProxy.java:remove(99)) - a606f2ed-cee1-417c-9fe3-1bdc4a375396: does not contain group: group-F16552F941CD
2020-12-29 10:10:02,833 [Command processor thread] ERROR commandhandler.ClosePipelineCommandHandler (ClosePipelineCommandHandler.java:handle(78)) - Can't close pipeline PipelineID=edb69426-88b0-48de-aade-f16552f941cd
java.io.IOException: a606f2ed-cee1-417c-9fe3-1bdc4a375396: Group group-F16552F941CD not found.
	at org.apache.hadoop.ozone.container.common.transport.server.ratis.XceiverServerRatis.removeGroup(XceiverServerRatis.java:782)
	at org.apache.hadoop.ozone.container.common.statemachine.commandhandler.ClosePipelineCommandHandler.handle(ClosePipelineCommandHandler.java:74)
	at org.apache.hadoop.ozone.container.common.statemachine.commandhandler.CommandDispatcher.handle(CommandDispatcher.java:99)
	at org.apache.hadoop.ozone.container.common.statemachine.DatanodeStateMachine.lambda$initCommandHandlerThread$2(DatanodeStateMachine.java:498)
	at java.lang.Thread.run(Thread.java:748)
Caused by: org.apache.ratis.protocol.exceptions.GroupMismatchException: a606f2ed-cee1-417c-9fe3-1bdc4a375396: Group group-F16552F941CD not found.
	at org.apache.ratis.server.impl.RaftServerProxy.groupRemoveAsync(RaftServerProxy.java:494)
	at org.apache.ratis.server.impl.RaftServerProxy.groupManagementAsync(RaftServerProxy.java:450)
	at org.apache.ratis.server.impl.RaftServerProxy.groupManagement(RaftServerProxy.java:430)
	at org.apache.hadoop.ozone.container.common.transport.server.ratis.XceiverServerRatis.removeGroup(XceiverServerRatis.java:780)
	... 4 more
2020-12-29 10:10:02,833 [Command processor thread] WARN  server.RaftServer (RaftServerProxy.java:remove(99)) - a606f2ed-cee1-417c-9fe3-1bdc4a375396: does not contain group: group-35C28BB2533E
2020-12-29 10:10:02,833 [Command processor thread] ERROR commandhandler.ClosePipelineCommandHandler (ClosePipelineCommandHandler.java:handle(78)) - Can't close pipeline PipelineID=b44f3868-5529-47e3-b64e-35c28bb2533e
java.io.IOException: a606f2ed-cee1-417c-9fe3-1bdc4a375396: Group group-35C28BB2533E not found.
	at org.apache.hadoop.ozone.container.common.transport.server.ratis.XceiverServerRatis.removeGroup(XceiverServerRatis.java:782)
	at org.apache.hadoop.ozone.container.common.statemachine.commandhandler.ClosePipelineCommandHandler.handle(ClosePipelineCommandHandler.java:74)
	at org.apache.hadoop.ozone.container.common.statemachine.commandhandler.CommandDispatcher.handle(CommandDispatcher.java:99)
	at org.apache.hadoop.ozone.container.common.statemachine.DatanodeStateMachine.lambda$initCommandHandlerThread$2(DatanodeStateMachine.java:498)
	at java.lang.Thread.run(Thread.java:748)
Caused by: org.apache.ratis.protocol.exceptions.GroupMismatchException: a606f2ed-cee1-417c-9fe3-1bdc4a375396: Group group-35C28BB2533E not found.
	at org.apache.ratis.server.impl.RaftServerProxy.groupRemoveAsync(RaftServerProxy.java:494)
	at org.apache.ratis.server.impl.RaftServerProxy.groupManagementAsync(RaftServerProxy.java:450)
	at org.apache.ratis.server.impl.RaftServerProxy.groupManagement(RaftServerProxy.java:430)
	at org.apache.hadoop.ozone.container.common.transport.server.ratis.XceiverServerRatis.removeGroup(XceiverServerRatis.java:780)
	... 4 more
2020-12-29 10:10:02,833 [Command processor thread] WARN  server.RaftServer (RaftServerProxy.java:remove(99)) - a606f2ed-cee1-417c-9fe3-1bdc4a375396: does not contain group: group-F16552F941CD
2020-12-29 10:10:02,833 [Command processor thread] ERROR commandhandler.ClosePipelineCommandHandler (ClosePipelineCommandHandler.java:handle(78)) - Can't close pipeline PipelineID=edb69426-88b0-48de-aade-f16552f941cd
java.io.IOException: a606f2ed-cee1-417c-9fe3-1bdc4a375396: Group group-F16552F941CD not found.
	at org.apache.hadoop.ozone.container.common.transport.server.ratis.XceiverServerRatis.removeGroup(XceiverServerRatis.java:782)
	at org.apache.hadoop.ozone.container.common.statemachine.commandhandler.ClosePipelineCommandHandler.handle(ClosePipelineCommandHandler.java:74)
	at org.apache.hadoop.ozone.container.common.statemachine.commandhandler.CommandDispatcher.handle(CommandDispatcher.java:99)
	at org.apache.hadoop.ozone.container.common.statemachine.DatanodeStateMachine.lambda$initCommandHandlerThread$2(DatanodeStateMachine.java:498)
	at java.lang.Thread.run(Thread.java:748)
Caused by: org.apache.ratis.protocol.exceptions.GroupMismatchException: a606f2ed-cee1-417c-9fe3-1bdc4a375396: Group group-F16552F941CD not found.
	at org.apache.ratis.server.impl.RaftServerProxy.groupRemoveAsync(RaftServerProxy.java:494)
	at org.apache.ratis.server.impl.RaftServerProxy.groupManagementAsync(RaftServerProxy.java:450)
	at org.apache.ratis.server.impl.RaftServerProxy.groupManagement(RaftServerProxy.java:430)
	at org.apache.hadoop.ozone.container.common.transport.server.ratis.XceiverServerRatis.removeGroup(XceiverServerRatis.java:780)
	... 4 more
2020-12-29 10:10:02,834 [Command processor thread] WARN  server.RaftServer (RaftServerProxy.java:remove(99)) - a606f2ed-cee1-417c-9fe3-1bdc4a375396: does not contain group: group-35C28BB2533E
2020-12-29 10:10:02,834 [Command processor thread] ERROR commandhandler.ClosePipelineCommandHandler (ClosePipelineCommandHandler.java:handle(78)) - Can't close pipeline PipelineID=b44f3868-5529-47e3-b64e-35c28bb2533e
java.io.IOException: a606f2ed-cee1-417c-9fe3-1bdc4a375396: Group group-35C28BB2533E not found.
	at org.apache.hadoop.ozone.container.common.transport.server.ratis.XceiverServerRatis.removeGroup(XceiverServerRatis.java:782)
	at org.apache.hadoop.ozone.container.common.statemachine.commandhandler.ClosePipelineCommandHandler.handle(ClosePipelineCommandHandler.java:74)
	at org.apache.hadoop.ozone.container.common.statemachine.commandhandler.CommandDispatcher.handle(CommandDispatcher.java:99)
	at org.apache.hadoop.ozone.container.common.statemachine.DatanodeStateMachine.lambda$initCommandHandlerThread$2(DatanodeStateMachine.java:498)
	at java.lang.Thread.run(Thread.java:748)
Caused by: org.apache.ratis.protocol.exceptions.GroupMismatchException: a606f2ed-cee1-417c-9fe3-1bdc4a375396: Group group-35C28BB2533E not found.
	at org.apache.ratis.server.impl.RaftServerProxy.groupRemoveAsync(RaftServerProxy.java:494)
	at org.apache.ratis.server.impl.RaftServerProxy.groupManagementAsync(RaftServerProxy.java:450)
	at org.apache.ratis.server.impl.RaftServerProxy.groupManagement(RaftServerProxy.java:430)
	at org.apache.hadoop.ozone.container.common.transport.server.ratis.XceiverServerRatis.removeGroup(XceiverServerRatis.java:780)
	... 4 more
2020-12-29 10:10:02,834 [Command processor thread] WARN  server.RaftServer (RaftServerProxy.java:remove(99)) - a606f2ed-cee1-417c-9fe3-1bdc4a375396: does not contain group: group-F16552F941CD
2020-12-29 10:10:02,834 [Command processor thread] ERROR commandhandler.ClosePipelineCommandHandler (ClosePipelineCommandHandler.java:handle(78)) - Can't close pipeline PipelineID=edb69426-88b0-48de-aade-f16552f941cd
java.io.IOException: a606f2ed-cee1-417c-9fe3-1bdc4a375396: Group group-F16552F941CD not found.
	at org.apache.hadoop.ozone.container.common.transport.server.ratis.XceiverServerRatis.removeGroup(XceiverServerRatis.java:782)
	at org.apache.hadoop.ozone.container.common.statemachine.commandhandler.ClosePipelineCommandHandler.handle(ClosePipelineCommandHandler.java:74)
	at org.apache.hadoop.ozone.container.common.statemachine.commandhandler.CommandDispatcher.handle(CommandDispatcher.java:99)
	at org.apache.hadoop.ozone.container.common.statemachine.DatanodeStateMachine.lambda$initCommandHandlerThread$2(DatanodeStateMachine.java:498)
	at java.lang.Thread.run(Thread.java:748)
Caused by: org.apache.ratis.protocol.exceptions.GroupMismatchException: a606f2ed-cee1-417c-9fe3-1bdc4a375396: Group group-F16552F941CD not found.
	at org.apache.ratis.server.impl.RaftServerProxy.groupRemoveAsync(RaftServerProxy.java:494)
	at org.apache.ratis.server.impl.RaftServerProxy.groupManagementAsync(RaftServerProxy.java:450)
	at org.apache.ratis.server.impl.RaftServerProxy.groupManagement(RaftServerProxy.java:430)
	at org.apache.hadoop.ozone.container.common.transport.server.ratis.XceiverServerRatis.removeGroup(XceiverServerRatis.java:780)
	... 4 more
2020-12-29 10:10:02,834 [Command processor thread] WARN  server.RaftServer (RaftServerProxy.java:remove(99)) - a606f2ed-cee1-417c-9fe3-1bdc4a375396: does not contain group: group-35C28BB2533E
2020-12-29 10:10:02,834 [Command processor thread] ERROR commandhandler.ClosePipelineCommandHandler (ClosePipelineCommandHandler.java:handle(78)) - Can't close pipeline PipelineID=b44f3868-5529-47e3-b64e-35c28bb2533e
java.io.IOException: a606f2ed-cee1-417c-9fe3-1bdc4a375396: Group group-35C28BB2533E not found.
	at org.apache.hadoop.ozone.container.common.transport.server.ratis.XceiverServerRatis.removeGroup(XceiverServerRatis.java:782)
	at org.apache.hadoop.ozone.container.common.statemachine.commandhandler.ClosePipelineCommandHandler.handle(ClosePipelineCommandHandler.java:74)
	at org.apache.hadoop.ozone.container.common.statemachine.commandhandler.CommandDispatcher.handle(CommandDispatcher.java:99)
	at org.apache.hadoop.ozone.container.common.statemachine.DatanodeStateMachine.lambda$initCommandHandlerThread$2(DatanodeStateMachine.java:498)
	at java.lang.Thread.run(Thread.java:748)
Caused by: org.apache.ratis.protocol.exceptions.GroupMismatchException: a606f2ed-cee1-417c-9fe3-1bdc4a375396: Group group-35C28BB2533E not found.
	at org.apache.ratis.server.impl.RaftServerProxy.groupRemoveAsync(RaftServerProxy.java:494)
	at org.apache.ratis.server.impl.RaftServerProxy.groupManagementAsync(RaftServerProxy.java:450)
	at org.apache.ratis.server.impl.RaftServerProxy.groupManagement(RaftServerProxy.java:430)
	at org.apache.hadoop.ozone.container.common.transport.server.ratis.XceiverServerRatis.removeGroup(XceiverServerRatis.java:780)
	... 4 more
2020-12-29 10:10:02,835 [Command processor thread] WARN  server.RaftServer (RaftServerProxy.java:remove(99)) - b063ad5b-b25a-46ed-abed-9b5302f3b533: does not contain group: group-F16552F941CD
2020-12-29 10:10:02,835 [Command processor thread] ERROR commandhandler.ClosePipelineCommandHandler (ClosePipelineCommandHandler.java:handle(78)) - Can't close pipeline PipelineID=edb69426-88b0-48de-aade-f16552f941cd
java.io.IOException: b063ad5b-b25a-46ed-abed-9b5302f3b533: Group group-F16552F941CD not found.
	at org.apache.hadoop.ozone.container.common.transport.server.ratis.XceiverServerRatis.removeGroup(XceiverServerRatis.java:782)
	at org.apache.hadoop.ozone.container.common.statemachine.commandhandler.ClosePipelineCommandHandler.handle(ClosePipelineCommandHandler.java:74)
	at org.apache.hadoop.ozone.container.common.statemachine.commandhandler.CommandDispatcher.handle(CommandDispatcher.java:99)
	at org.apache.hadoop.ozone.container.common.statemachine.DatanodeStateMachine.lambda$initCommandHandlerThread$2(DatanodeStateMachine.java:498)
	at java.lang.Thread.run(Thread.java:748)
Caused by: org.apache.ratis.protocol.exceptions.GroupMismatchException: b063ad5b-b25a-46ed-abed-9b5302f3b533: Group group-F16552F941CD not found.
	at org.apache.ratis.server.impl.RaftServerProxy.groupRemoveAsync(RaftServerProxy.java:494)
	at org.apache.ratis.server.impl.RaftServerProxy.groupManagementAsync(RaftServerProxy.java:450)
	at org.apache.ratis.server.impl.RaftServerProxy.groupManagement(RaftServerProxy.java:430)
	at org.apache.hadoop.ozone.container.common.transport.server.ratis.XceiverServerRatis.removeGroup(XceiverServerRatis.java:780)
	... 4 more
2020-12-29 10:10:02,835 [Command processor thread] WARN  server.RaftServer (RaftServerProxy.java:remove(99)) - b063ad5b-b25a-46ed-abed-9b5302f3b533: does not contain group: group-00BB1F5D51C9
2020-12-29 10:10:02,835 [Command processor thread] ERROR commandhandler.ClosePipelineCommandHandler (ClosePipelineCommandHandler.java:handle(78)) - Can't close pipeline PipelineID=45a49d30-ae4a-4370-b744-00bb1f5d51c9
java.io.IOException: b063ad5b-b25a-46ed-abed-9b5302f3b533: Group group-00BB1F5D51C9 not found.
	at org.apache.hadoop.ozone.container.common.transport.server.ratis.XceiverServerRatis.removeGroup(XceiverServerRatis.java:782)
	at org.apache.hadoop.ozone.container.common.statemachine.commandhandler.ClosePipelineCommandHandler.handle(ClosePipelineCommandHandler.java:74)
	at org.apache.hadoop.ozone.container.common.statemachine.commandhandler.CommandDispatcher.handle(CommandDispatcher.java:99)
	at org.apache.hadoop.ozone.container.common.statemachine.DatanodeStateMachine.lambda$initCommandHandlerThread$2(DatanodeStateMachine.java:498)
	at java.lang.Thread.run(Thread.java:748)
Caused by: org.apache.ratis.protocol.exceptions.GroupMismatchException: b063ad5b-b25a-46ed-abed-9b5302f3b533: Group group-00BB1F5D51C9 not found.
	at org.apache.ratis.server.impl.RaftServerProxy.groupRemoveAsync(RaftServerProxy.java:494)
	at org.apache.ratis.server.impl.RaftServerProxy.groupManagementAsync(RaftServerProxy.java:450)
	at org.apache.ratis.server.impl.RaftServerProxy.groupManagement(RaftServerProxy.java:430)
	at org.apache.hadoop.ozone.container.common.transport.server.ratis.XceiverServerRatis.removeGroup(XceiverServerRatis.java:780)
	... 4 more
2020-12-29 10:10:02,835 [Command processor thread] WARN  server.RaftServer (RaftServerProxy.java:remove(99)) - b063ad5b-b25a-46ed-abed-9b5302f3b533: does not contain group: group-F16552F941CD
2020-12-29 10:10:02,835 [Command processor thread] ERROR commandhandler.ClosePipelineCommandHandler (ClosePipelineCommandHandler.java:handle(78)) - Can't close pipeline PipelineID=edb69426-88b0-48de-aade-f16552f941cd
java.io.IOException: b063ad5b-b25a-46ed-abed-9b5302f3b533: Group group-F16552F941CD not found.
	at org.apache.hadoop.ozone.container.common.transport.server.ratis.XceiverServerRatis.removeGroup(XceiverServerRatis.java:782)
	at org.apache.hadoop.ozone.container.common.statemachine.commandhandler.ClosePipelineCommandHandler.handle(ClosePipelineCommandHandler.java:74)
	at org.apache.hadoop.ozone.container.common.statemachine.commandhandler.CommandDispatcher.handle(CommandDispatcher.java:99)
	at org.apache.hadoop.ozone.container.common.statemachine.DatanodeStateMachine.lambda$initCommandHandlerThread$2(DatanodeStateMachine.java:498)
	at java.lang.Thread.run(Thread.java:748)
Caused by: org.apache.ratis.protocol.exceptions.GroupMismatchException: b063ad5b-b25a-46ed-abed-9b5302f3b533: Group group-F16552F941CD not found.
	at org.apache.ratis.server.impl.RaftServerProxy.groupRemoveAsync(RaftServerProxy.java:494)
	at org.apache.ratis.server.impl.RaftServerProxy.groupManagementAsync(RaftServerProxy.java:450)
	at org.apache.ratis.server.impl.RaftServerProxy.groupManagement(RaftServerProxy.java:430)
	at org.apache.hadoop.ozone.container.common.transport.server.ratis.XceiverServerRatis.removeGroup(XceiverServerRatis.java:780)
	... 4 more
2020-12-29 10:10:02,835 [Command processor thread] WARN  server.RaftServer (RaftServerProxy.java:remove(99)) - b063ad5b-b25a-46ed-abed-9b5302f3b533: does not contain group: group-00BB1F5D51C9
2020-12-29 10:10:02,835 [Command processor thread] ERROR commandhandler.ClosePipelineCommandHandler (ClosePipelineCommandHandler.java:handle(78)) - Can't close pipeline PipelineID=45a49d30-ae4a-4370-b744-00bb1f5d51c9
java.io.IOException: b063ad5b-b25a-46ed-abed-9b5302f3b533: Group group-00BB1F5D51C9 not found.
	at org.apache.hadoop.ozone.container.common.transport.server.ratis.XceiverServerRatis.removeGroup(XceiverServerRatis.java:782)
	at org.apache.hadoop.ozone.container.common.statemachine.commandhandler.ClosePipelineCommandHandler.handle(ClosePipelineCommandHandler.java:74)
	at org.apache.hadoop.ozone.container.common.statemachine.commandhandler.CommandDispatcher.handle(CommandDispatcher.java:99)
	at org.apache.hadoop.ozone.container.common.statemachine.DatanodeStateMachine.lambda$initCommandHandlerThread$2(DatanodeStateMachine.java:498)
	at java.lang.Thread.run(Thread.java:748)
Caused by: org.apache.ratis.protocol.exceptions.GroupMismatchException: b063ad5b-b25a-46ed-abed-9b5302f3b533: Group group-00BB1F5D51C9 not found.
	at org.apache.ratis.server.impl.RaftServerProxy.groupRemoveAsync(RaftServerProxy.java:494)
	at org.apache.ratis.server.impl.RaftServerProxy.groupManagementAsync(RaftServerProxy.java:450)
	at org.apache.ratis.server.impl.RaftServerProxy.groupManagement(RaftServerProxy.java:430)
	at org.apache.hadoop.ozone.container.common.transport.server.ratis.XceiverServerRatis.removeGroup(XceiverServerRatis.java:780)
	... 4 more
2020-12-29 10:10:02,836 [Command processor thread] WARN  server.RaftServer (RaftServerProxy.java:remove(99)) - b063ad5b-b25a-46ed-abed-9b5302f3b533: does not contain group: group-F16552F941CD
2020-12-29 10:10:02,836 [Command processor thread] ERROR commandhandler.ClosePipelineCommandHandler (ClosePipelineCommandHandler.java:handle(78)) - Can't close pipeline PipelineID=edb69426-88b0-48de-aade-f16552f941cd
java.io.IOException: b063ad5b-b25a-46ed-abed-9b5302f3b533: Group group-F16552F941CD not found.
	at org.apache.hadoop.ozone.container.common.transport.server.ratis.XceiverServerRatis.removeGroup(XceiverServerRatis.java:782)
	at org.apache.hadoop.ozone.container.common.statemachine.commandhandler.ClosePipelineCommandHandler.handle(ClosePipelineCommandHandler.java:74)
	at org.apache.hadoop.ozone.container.common.statemachine.commandhandler.CommandDispatcher.handle(CommandDispatcher.java:99)
	at org.apache.hadoop.ozone.container.common.statemachine.DatanodeStateMachine.lambda$initCommandHandlerThread$2(DatanodeStateMachine.java:498)
	at java.lang.Thread.run(Thread.java:748)
Caused by: org.apache.ratis.protocol.exceptions.GroupMismatchException: b063ad5b-b25a-46ed-abed-9b5302f3b533: Group group-F16552F941CD not found.
	at org.apache.ratis.server.impl.RaftServerProxy.groupRemoveAsync(RaftServerProxy.java:494)
	at org.apache.ratis.server.impl.RaftServerProxy.groupManagementAsync(RaftServerProxy.java:450)
	at org.apache.ratis.server.impl.RaftServerProxy.groupManagement(RaftServerProxy.java:430)
	at org.apache.hadoop.ozone.container.common.transport.server.ratis.XceiverServerRatis.removeGroup(XceiverServerRatis.java:780)
	... 4 more
2020-12-29 10:10:02,836 [Command processor thread] WARN  server.RaftServer (RaftServerProxy.java:remove(99)) - b063ad5b-b25a-46ed-abed-9b5302f3b533: does not contain group: group-00BB1F5D51C9
2020-12-29 10:10:02,836 [Command processor thread] ERROR commandhandler.ClosePipelineCommandHandler (ClosePipelineCommandHandler.java:handle(78)) - Can't close pipeline PipelineID=45a49d30-ae4a-4370-b744-00bb1f5d51c9
java.io.IOException: b063ad5b-b25a-46ed-abed-9b5302f3b533: Group group-00BB1F5D51C9 not found.
	at org.apache.hadoop.ozone.container.common.transport.server.ratis.XceiverServerRatis.removeGroup(XceiverServerRatis.java:782)
	at org.apache.hadoop.ozone.container.common.statemachine.commandhandler.ClosePipelineCommandHandler.handle(ClosePipelineCommandHandler.java:74)
	at org.apache.hadoop.ozone.container.common.statemachine.commandhandler.CommandDispatcher.handle(CommandDispatcher.java:99)
	at org.apache.hadoop.ozone.container.common.statemachine.DatanodeStateMachine.lambda$initCommandHandlerThread$2(DatanodeStateMachine.java:498)
	at java.lang.Thread.run(Thread.java:748)
Caused by: org.apache.ratis.protocol.exceptions.GroupMismatchException: b063ad5b-b25a-46ed-abed-9b5302f3b533: Group group-00BB1F5D51C9 not found.
	at org.apache.ratis.server.impl.RaftServerProxy.groupRemoveAsync(RaftServerProxy.java:494)
	at org.apache.ratis.server.impl.RaftServerProxy.groupManagementAsync(RaftServerProxy.java:450)
	at org.apache.ratis.server.impl.RaftServerProxy.groupManagement(RaftServerProxy.java:430)
	at org.apache.hadoop.ozone.container.common.transport.server.ratis.XceiverServerRatis.removeGroup(XceiverServerRatis.java:780)
	... 4 more
2020-12-29 10:10:02,836 [Command processor thread] WARN  server.RaftServer (RaftServerProxy.java:remove(99)) - b063ad5b-b25a-46ed-abed-9b5302f3b533: does not contain group: group-F16552F941CD
2020-12-29 10:10:02,836 [Command processor thread] ERROR commandhandler.ClosePipelineCommandHandler (ClosePipelineCommandHandler.java:handle(78)) - Can't close pipeline PipelineID=edb69426-88b0-48de-aade-f16552f941cd
java.io.IOException: b063ad5b-b25a-46ed-abed-9b5302f3b533: Group group-F16552F941CD not found.
	at org.apache.hadoop.ozone.container.common.transport.server.ratis.XceiverServerRatis.removeGroup(XceiverServerRatis.java:782)
	at org.apache.hadoop.ozone.container.common.statemachine.commandhandler.ClosePipelineCommandHandler.handle(ClosePipelineCommandHandler.java:74)
	at org.apache.hadoop.ozone.container.common.statemachine.commandhandler.CommandDispatcher.handle(CommandDispatcher.java:99)
	at org.apache.hadoop.ozone.container.common.statemachine.DatanodeStateMachine.lambda$initCommandHandlerThread$2(DatanodeStateMachine.java:498)
	at java.lang.Thread.run(Thread.java:748)
Caused by: org.apache.ratis.protocol.exceptions.GroupMismatchException: b063ad5b-b25a-46ed-abed-9b5302f3b533: Group group-F16552F941CD not found.
	at org.apache.ratis.server.impl.RaftServerProxy.groupRemoveAsync(RaftServerProxy.java:494)
	at org.apache.ratis.server.impl.RaftServerProxy.groupManagementAsync(RaftServerProxy.java:450)
	at org.apache.ratis.server.impl.RaftServerProxy.groupManagement(RaftServerProxy.java:430)
	at org.apache.hadoop.ozone.container.common.transport.server.ratis.XceiverServerRatis.removeGroup(XceiverServerRatis.java:780)
	... 4 more
2020-12-29 10:10:02,836 [Command processor thread] WARN  server.RaftServer (RaftServerProxy.java:remove(99)) - b063ad5b-b25a-46ed-abed-9b5302f3b533: does not contain group: group-00BB1F5D51C9
2020-12-29 10:10:02,836 [Command processor thread] ERROR commandhandler.ClosePipelineCommandHandler (ClosePipelineCommandHandler.java:handle(78)) - Can't close pipeline PipelineID=45a49d30-ae4a-4370-b744-00bb1f5d51c9
java.io.IOException: b063ad5b-b25a-46ed-abed-9b5302f3b533: Group group-00BB1F5D51C9 not found.
	at org.apache.hadoop.ozone.container.common.transport.server.ratis.XceiverServerRatis.removeGroup(XceiverServerRatis.java:782)
	at org.apache.hadoop.ozone.container.common.statemachine.commandhandler.ClosePipelineCommandHandler.handle(ClosePipelineCommandHandler.java:74)
	at org.apache.hadoop.ozone.container.common.statemachine.commandhandler.CommandDispatcher.handle(CommandDispatcher.java:99)
	at org.apache.hadoop.ozone.container.common.statemachine.DatanodeStateMachine.lambda$initCommandHandlerThread$2(DatanodeStateMachine.java:498)
	at java.lang.Thread.run(Thread.java:748)
Caused by: org.apache.ratis.protocol.exceptions.GroupMismatchException: b063ad5b-b25a-46ed-abed-9b5302f3b533: Group group-00BB1F5D51C9 not found.
	at org.apache.ratis.server.impl.RaftServerProxy.groupRemoveAsync(RaftServerProxy.java:494)
	at org.apache.ratis.server.impl.RaftServerProxy.groupManagementAsync(RaftServerProxy.java:450)
	at org.apache.ratis.server.impl.RaftServerProxy.groupManagement(RaftServerProxy.java:430)
	at org.apache.hadoop.ozone.container.common.transport.server.ratis.XceiverServerRatis.removeGroup(XceiverServerRatis.java:780)
	... 4 more
2020-12-29 10:10:02,840 [Command processor thread] WARN  server.RaftServer (RaftServerProxy.java:remove(99)) - b063ad5b-b25a-46ed-abed-9b5302f3b533: does not contain group: group-F16552F941CD
2020-12-29 10:10:02,840 [Command processor thread] ERROR commandhandler.ClosePipelineCommandHandler (ClosePipelineCommandHandler.java:handle(78)) - Can't close pipeline PipelineID=edb69426-88b0-48de-aade-f16552f941cd
java.io.IOException: b063ad5b-b25a-46ed-abed-9b5302f3b533: Group group-F16552F941CD not found.
	at org.apache.hadoop.ozone.container.common.transport.server.ratis.XceiverServerRatis.removeGroup(XceiverServerRatis.java:782)
	at org.apache.hadoop.ozone.container.common.statemachine.commandhandler.ClosePipelineCommandHandler.handle(ClosePipelineCommandHandler.java:74)
	at org.apache.hadoop.ozone.container.common.statemachine.commandhandler.CommandDispatcher.handle(CommandDispatcher.java:99)
	at org.apache.hadoop.ozone.container.common.statemachine.DatanodeStateMachine.lambda$initCommandHandlerThread$2(DatanodeStateMachine.java:498)
	at java.lang.Thread.run(Thread.java:748)
Caused by: org.apache.ratis.protocol.exceptions.GroupMismatchException: b063ad5b-b25a-46ed-abed-9b5302f3b533: Group group-F16552F941CD not found.
	at org.apache.ratis.server.impl.RaftServerProxy.groupRemoveAsync(RaftServerProxy.java:494)
	at org.apache.ratis.server.impl.RaftServerProxy.groupManagementAsync(RaftServerProxy.java:450)
	at org.apache.ratis.server.impl.RaftServerProxy.groupManagement(RaftServerProxy.java:430)
	at org.apache.hadoop.ozone.container.common.transport.server.ratis.XceiverServerRatis.removeGroup(XceiverServerRatis.java:780)
	... 4 more
2020-12-29 10:10:02,841 [Command processor thread] WARN  server.RaftServer (RaftServerProxy.java:remove(99)) - b063ad5b-b25a-46ed-abed-9b5302f3b533: does not contain group: group-00BB1F5D51C9
2020-12-29 10:10:02,841 [Command processor thread] ERROR commandhandler.ClosePipelineCommandHandler (ClosePipelineCommandHandler.java:handle(78)) - Can't close pipeline PipelineID=45a49d30-ae4a-4370-b744-00bb1f5d51c9
java.io.IOException: b063ad5b-b25a-46ed-abed-9b5302f3b533: Group group-00BB1F5D51C9 not found.
	at org.apache.hadoop.ozone.container.common.transport.server.ratis.XceiverServerRatis.removeGroup(XceiverServerRatis.java:782)
	at org.apache.hadoop.ozone.container.common.statemachine.commandhandler.ClosePipelineCommandHandler.handle(ClosePipelineCommandHandler.java:74)
	at org.apache.hadoop.ozone.container.common.statemachine.commandhandler.CommandDispatcher.handle(CommandDispatcher.java:99)
	at org.apache.hadoop.ozone.container.common.statemachine.DatanodeStateMachine.lambda$initCommandHandlerThread$2(DatanodeStateMachine.java:498)
	at java.lang.Thread.run(Thread.java:748)
Caused by: org.apache.ratis.protocol.exceptions.GroupMismatchException: b063ad5b-b25a-46ed-abed-9b5302f3b533: Group group-00BB1F5D51C9 not found.
	at org.apache.ratis.server.impl.RaftServerProxy.groupRemoveAsync(RaftServerProxy.java:494)
	at org.apache.ratis.server.impl.RaftServerProxy.groupManagementAsync(RaftServerProxy.java:450)
	at org.apache.ratis.server.impl.RaftServerProxy.groupManagement(RaftServerProxy.java:430)
	at org.apache.hadoop.ozone.container.common.transport.server.ratis.XceiverServerRatis.removeGroup(XceiverServerRatis.java:780)
	... 4 more
2020-12-29 10:10:02,841 [Command processor thread] WARN  server.RaftServer (RaftServerProxy.java:remove(99)) - b063ad5b-b25a-46ed-abed-9b5302f3b533: does not contain group: group-F16552F941CD
2020-12-29 10:10:02,841 [Command processor thread] ERROR commandhandler.ClosePipelineCommandHandler (ClosePipelineCommandHandler.java:handle(78)) - Can't close pipeline PipelineID=edb69426-88b0-48de-aade-f16552f941cd
java.io.IOException: b063ad5b-b25a-46ed-abed-9b5302f3b533: Group group-F16552F941CD not found.
	at org.apache.hadoop.ozone.container.common.transport.server.ratis.XceiverServerRatis.removeGroup(XceiverServerRatis.java:782)
	at org.apache.hadoop.ozone.container.common.statemachine.commandhandler.ClosePipelineCommandHandler.handle(ClosePipelineCommandHandler.java:74)
	at org.apache.hadoop.ozone.container.common.statemachine.commandhandler.CommandDispatcher.handle(CommandDispatcher.java:99)
	at org.apache.hadoop.ozone.container.common.statemachine.DatanodeStateMachine.lambda$initCommandHandlerThread$2(DatanodeStateMachine.java:498)
	at java.lang.Thread.run(Thread.java:748)
Caused by: org.apache.ratis.protocol.exceptions.GroupMismatchException: b063ad5b-b25a-46ed-abed-9b5302f3b533: Group group-F16552F941CD not found.
	at org.apache.ratis.server.impl.RaftServerProxy.groupRemoveAsync(RaftServerProxy.java:494)
	at org.apache.ratis.server.impl.RaftServerProxy.groupManagementAsync(RaftServerProxy.java:450)
	at org.apache.ratis.server.impl.RaftServerProxy.groupManagement(RaftServerProxy.java:430)
	at org.apache.hadoop.ozone.container.common.transport.server.ratis.XceiverServerRatis.removeGroup(XceiverServerRatis.java:780)
	... 4 more
2020-12-29 10:10:02,841 [Command processor thread] WARN  server.RaftServer (RaftServerProxy.java:remove(99)) - b063ad5b-b25a-46ed-abed-9b5302f3b533: does not contain group: group-00BB1F5D51C9
2020-12-29 10:10:02,841 [Command processor thread] ERROR commandhandler.ClosePipelineCommandHandler (ClosePipelineCommandHandler.java:handle(78)) - Can't close pipeline PipelineID=45a49d30-ae4a-4370-b744-00bb1f5d51c9
java.io.IOException: b063ad5b-b25a-46ed-abed-9b5302f3b533: Group group-00BB1F5D51C9 not found.
	at org.apache.hadoop.ozone.container.common.transport.server.ratis.XceiverServerRatis.removeGroup(XceiverServerRatis.java:782)
	at org.apache.hadoop.ozone.container.common.statemachine.commandhandler.ClosePipelineCommandHandler.handle(ClosePipelineCommandHandler.java:74)
	at org.apache.hadoop.ozone.container.common.statemachine.commandhandler.CommandDispatcher.handle(CommandDispatcher.java:99)
	at org.apache.hadoop.ozone.container.common.statemachine.DatanodeStateMachine.lambda$initCommandHandlerThread$2(DatanodeStateMachine.java:498)
	at java.lang.Thread.run(Thread.java:748)
Caused by: org.apache.ratis.protocol.exceptions.GroupMismatchException: b063ad5b-b25a-46ed-abed-9b5302f3b533: Group group-00BB1F5D51C9 not found.
	at org.apache.ratis.server.impl.RaftServerProxy.groupRemoveAsync(RaftServerProxy.java:494)
	at org.apache.ratis.server.impl.RaftServerProxy.groupManagementAsync(RaftServerProxy.java:450)
	at org.apache.ratis.server.impl.RaftServerProxy.groupManagement(RaftServerProxy.java:430)
	at org.apache.hadoop.ozone.container.common.transport.server.ratis.XceiverServerRatis.removeGroup(XceiverServerRatis.java:780)
	... 4 more
2020-12-29 10:10:02,931 [DatanodeAdminManager-0] INFO  node.DatanodeAdminMonitorImpl (DatanodeAdminMonitorImpl.java:checkContainersReplicatedOnNode(297)) - b063ad5b-b25a-46ed-abed-9b5302f3b533{ip: 172.17.0.2, host: 79669b543b4d, networkLocation: /default-rack, certSerialId: null, persistedOpState: ENTERING_MAINTENANCE, persistedOpStateExpiryEpochSec: 0} has 0 sufficientlyReplicated, 2 underReplicated and 0 unhealthy containers
2020-12-29 10:10:02,931 [DatanodeAdminManager-0] INFO  node.DatanodeAdminMonitorImpl (DatanodeAdminMonitorImpl.java:checkContainersReplicatedOnNode(297)) - a606f2ed-cee1-417c-9fe3-1bdc4a375396{ip: 172.17.0.2, host: 79669b543b4d, networkLocation: /default-rack, certSerialId: null, persistedOpState: ENTERING_MAINTENANCE, persistedOpStateExpiryEpochSec: 0} has 0 sufficientlyReplicated, 2 underReplicated and 0 unhealthy containers
2020-12-29 10:10:02,931 [DatanodeAdminManager-0] INFO  node.DatanodeAdminMonitorImpl (DatanodeAdminMonitorImpl.java:checkContainersReplicatedOnNode(297)) - 856c4e2d-a2c2-4358-bc21-0d0c99327a9f{ip: 172.17.0.2, host: 79669b543b4d, networkLocation: /default-rack, certSerialId: null, persistedOpState: ENTERING_MAINTENANCE, persistedOpStateExpiryEpochSec: 0} has 0 sufficientlyReplicated, 2 underReplicated and 0 unhealthy containers
2020-12-29 10:10:02,931 [DatanodeAdminManager-0] INFO  node.DatanodeAdminMonitorImpl (DatanodeAdminMonitorImpl.java:run(136)) - There are 3 nodes tracked for decommission and maintenance. 0 pending nodes.
2020-12-29 10:10:03,330 [ReplicationMonitor] WARN  container.ReplicationManager (ReplicationManager.java:handleUnderReplicatedContainer(751)) - Cannot replicate container #1, no healthy replica found.
2020-12-29 10:10:03,330 [ReplicationMonitor] INFO  container.ReplicationManager (ReplicationManager.java:forceCloseContainer(633)) - Force closing container #2 with BCSID 77, which is in QUASI_CLOSED state.
2020-12-29 10:10:03,331 [ReplicationMonitor] INFO  container.ReplicationManager (ReplicationManager.java:sendCloseCommand(948)) - Sending close container command for container #2 to datanode a606f2ed-cee1-417c-9fe3-1bdc4a375396{ip: 172.17.0.2, host: 79669b543b4d, networkLocation: /default-rack, certSerialId: null, persistedOpState: ENTERING_MAINTENANCE, persistedOpStateExpiryEpochSec: 0}.
2020-12-29 10:10:03,331 [ReplicationMonitor] INFO  container.ReplicationManager (ReplicationManager.java:sendCloseCommand(948)) - Sending close container command for container #2 to datanode b063ad5b-b25a-46ed-abed-9b5302f3b533{ip: 172.17.0.2, host: 79669b543b4d, networkLocation: /default-rack, certSerialId: null, persistedOpState: ENTERING_MAINTENANCE, persistedOpStateExpiryEpochSec: 0}.
2020-12-29 10:10:03,331 [ReplicationMonitor] INFO  container.ReplicationManager (ReplicationManager.java:run(250)) - Replication Monitor Thread took 1 milliseconds for processing 2 containers.
2020-12-29 10:10:03,930 [DatanodeAdminManager-0] INFO  node.DatanodeAdminMonitorImpl (DatanodeAdminMonitorImpl.java:checkContainersReplicatedOnNode(297)) - b063ad5b-b25a-46ed-abed-9b5302f3b533{ip: 172.17.0.2, host: 79669b543b4d, networkLocation: /default-rack, certSerialId: null, persistedOpState: ENTERING_MAINTENANCE, persistedOpStateExpiryEpochSec: 0} has 0 sufficientlyReplicated, 2 underReplicated and 0 unhealthy containers
2020-12-29 10:10:03,931 [DatanodeAdminManager-0] INFO  node.DatanodeAdminMonitorImpl (DatanodeAdminMonitorImpl.java:checkContainersReplicatedOnNode(297)) - a606f2ed-cee1-417c-9fe3-1bdc4a375396{ip: 172.17.0.2, host: 79669b543b4d, networkLocation: /default-rack, certSerialId: null, persistedOpState: ENTERING_MAINTENANCE, persistedOpStateExpiryEpochSec: 0} has 0 sufficientlyReplicated, 2 underReplicated and 0 unhealthy containers
2020-12-29 10:10:03,931 [DatanodeAdminManager-0] INFO  node.DatanodeAdminMonitorImpl (DatanodeAdminMonitorImpl.java:checkContainersReplicatedOnNode(297)) - 856c4e2d-a2c2-4358-bc21-0d0c99327a9f{ip: 172.17.0.2, host: 79669b543b4d, networkLocation: /default-rack, certSerialId: null, persistedOpState: ENTERING_MAINTENANCE, persistedOpStateExpiryEpochSec: 0} has 0 sufficientlyReplicated, 2 underReplicated and 0 unhealthy containers
2020-12-29 10:10:03,931 [DatanodeAdminManager-0] INFO  node.DatanodeAdminMonitorImpl (DatanodeAdminMonitorImpl.java:run(136)) - There are 3 nodes tracked for decommission and maintenance. 0 pending nodes.
2020-12-29 10:10:04,331 [ReplicationMonitor] INFO  container.ReplicationManager (ReplicationManager.java:handleUnderReplicatedContainer(722)) - Container #1 is under replicated. Expected replica count is 3, but found 1.
2020-12-29 10:10:04,332 [ReplicationMonitor] INFO  container.ReplicationManager (ReplicationManager.java:sendReplicateCommand(970)) - Sending replicate container command for container #1 to datanode 1f50e366-ff39-48ab-b6af-f1dfc503e25e{ip: 172.17.0.2, host: 79669b543b4d, networkLocation: /default-rack, certSerialId: null, persistedOpState: IN_SERVICE, persistedOpStateExpiryEpochSec: 0}
2020-12-29 10:10:04,332 [ReplicationMonitor] INFO  container.ReplicationManager (ReplicationManager.java:sendReplicateCommand(970)) - Sending replicate container command for container #1 to datanode 211ea4af-eacf-4017-9679-f845244c1f92{ip: 172.17.0.2, host: 79669b543b4d, networkLocation: /default-rack, certSerialId: null, persistedOpState: IN_SERVICE, persistedOpStateExpiryEpochSec: 0}
2020-12-29 10:10:04,332 [ReplicationMonitor] INFO  container.ReplicationManager (ReplicationManager.java:handleUnderReplicatedContainer(722)) - Container #2 is under replicated. Expected replica count is 3, but found 1.
2020-12-29 10:10:04,332 [ReplicationMonitor] INFO  container.ReplicationManager (ReplicationManager.java:sendReplicateCommand(970)) - Sending replicate container command for container #2 to datanode 211ea4af-eacf-4017-9679-f845244c1f92{ip: 172.17.0.2, host: 79669b543b4d, networkLocation: /default-rack, certSerialId: null, persistedOpState: IN_SERVICE, persistedOpStateExpiryEpochSec: 0}
2020-12-29 10:10:04,332 [ReplicationMonitor] INFO  container.ReplicationManager (ReplicationManager.java:sendReplicateCommand(970)) - Sending replicate container command for container #2 to datanode 4259afd6-154d-4eca-a620-cf00c9b631aa{ip: 172.17.0.2, host: 79669b543b4d, networkLocation: /default-rack, certSerialId: null, persistedOpState: IN_SERVICE, persistedOpStateExpiryEpochSec: 0}
2020-12-29 10:10:04,332 [ReplicationMonitor] INFO  container.ReplicationManager (ReplicationManager.java:run(250)) - Replication Monitor Thread took 2 milliseconds for processing 2 containers.
2020-12-29 10:10:04,816 [Command processor thread] WARN  server.RaftServer (RaftServerProxy.java:remove(99)) - a606f2ed-cee1-417c-9fe3-1bdc4a375396: does not contain group: group-F16552F941CD
2020-12-29 10:10:04,816 [Command processor thread] ERROR commandhandler.ClosePipelineCommandHandler (ClosePipelineCommandHandler.java:handle(78)) - Can't close pipeline PipelineID=edb69426-88b0-48de-aade-f16552f941cd
java.io.IOException: a606f2ed-cee1-417c-9fe3-1bdc4a375396: Group group-F16552F941CD not found.
	at org.apache.hadoop.ozone.container.common.transport.server.ratis.XceiverServerRatis.removeGroup(XceiverServerRatis.java:782)
	at org.apache.hadoop.ozone.container.common.statemachine.commandhandler.ClosePipelineCommandHandler.handle(ClosePipelineCommandHandler.java:74)
	at org.apache.hadoop.ozone.container.common.statemachine.commandhandler.CommandDispatcher.handle(CommandDispatcher.java:99)
	at org.apache.hadoop.ozone.container.common.statemachine.DatanodeStateMachine.lambda$initCommandHandlerThread$2(DatanodeStateMachine.java:498)
	at java.lang.Thread.run(Thread.java:748)
Caused by: org.apache.ratis.protocol.exceptions.GroupMismatchException: a606f2ed-cee1-417c-9fe3-1bdc4a375396: Group group-F16552F941CD not found.
	at org.apache.ratis.server.impl.RaftServerProxy.groupRemoveAsync(RaftServerProxy.java:494)
	at org.apache.ratis.server.impl.RaftServerProxy.groupManagementAsync(RaftServerProxy.java:450)
	at org.apache.ratis.server.impl.RaftServerProxy.groupManagement(RaftServerProxy.java:430)
	at org.apache.hadoop.ozone.container.common.transport.server.ratis.XceiverServerRatis.removeGroup(XceiverServerRatis.java:780)
	... 4 more
2020-12-29 10:10:04,817 [Command processor thread] WARN  server.RaftServer (RaftServerProxy.java:remove(99)) - a606f2ed-cee1-417c-9fe3-1bdc4a375396: does not contain group: group-35C28BB2533E
2020-12-29 10:10:04,817 [Command processor thread] ERROR commandhandler.ClosePipelineCommandHandler (ClosePipelineCommandHandler.java:handle(78)) - Can't close pipeline PipelineID=b44f3868-5529-47e3-b64e-35c28bb2533e
java.io.IOException: a606f2ed-cee1-417c-9fe3-1bdc4a375396: Group group-35C28BB2533E not found.
	at org.apache.hadoop.ozone.container.common.transport.server.ratis.XceiverServerRatis.removeGroup(XceiverServerRatis.java:782)
	at org.apache.hadoop.ozone.container.common.statemachine.commandhandler.ClosePipelineCommandHandler.handle(ClosePipelineCommandHandler.java:74)
	at org.apache.hadoop.ozone.container.common.statemachine.commandhandler.CommandDispatcher.handle(CommandDispatcher.java:99)
	at org.apache.hadoop.ozone.container.common.statemachine.DatanodeStateMachine.lambda$initCommandHandlerThread$2(DatanodeStateMachine.java:498)
	at java.lang.Thread.run(Thread.java:748)
Caused by: org.apache.ratis.protocol.exceptions.GroupMismatchException: a606f2ed-cee1-417c-9fe3-1bdc4a375396: Group group-35C28BB2533E not found.
	at org.apache.ratis.server.impl.RaftServerProxy.groupRemoveAsync(RaftServerProxy.java:494)
	at org.apache.ratis.server.impl.RaftServerProxy.groupManagementAsync(RaftServerProxy.java:450)
	at org.apache.ratis.server.impl.RaftServerProxy.groupManagement(RaftServerProxy.java:430)
	at org.apache.hadoop.ozone.container.common.transport.server.ratis.XceiverServerRatis.removeGroup(XceiverServerRatis.java:780)
	... 4 more
2020-12-29 10:10:04,817 [Command processor thread] INFO  keyvalue.KeyValueContainer (KeyValueContainer.java:flushAndSyncDB(388)) - Container 2 is synced with bcsId 77.
2020-12-29 10:10:04,817 [Command processor thread] INFO  keyvalue.KeyValueContainer (KeyValueContainer.java:flushAndSyncDB(388)) - Container 2 is synced with bcsId 77.
2020-12-29 10:10:04,822 [Command processor thread] WARN  server.RaftServer (RaftServerProxy.java:remove(99)) - b063ad5b-b25a-46ed-abed-9b5302f3b533: does not contain group: group-F16552F941CD
2020-12-29 10:10:04,822 [Command processor thread] ERROR commandhandler.ClosePipelineCommandHandler (ClosePipelineCommandHandler.java:handle(78)) - Can't close pipeline PipelineID=edb69426-88b0-48de-aade-f16552f941cd
java.io.IOException: b063ad5b-b25a-46ed-abed-9b5302f3b533: Group group-F16552F941CD not found.
	at org.apache.hadoop.ozone.container.common.transport.server.ratis.XceiverServerRatis.removeGroup(XceiverServerRatis.java:782)
	at org.apache.hadoop.ozone.container.common.statemachine.commandhandler.ClosePipelineCommandHandler.handle(ClosePipelineCommandHandler.java:74)
	at org.apache.hadoop.ozone.container.common.statemachine.commandhandler.CommandDispatcher.handle(CommandDispatcher.java:99)
	at org.apache.hadoop.ozone.container.common.statemachine.DatanodeStateMachine.lambda$initCommandHandlerThread$2(DatanodeStateMachine.java:498)
	at java.lang.Thread.run(Thread.java:748)
Caused by: org.apache.ratis.protocol.exceptions.GroupMismatchException: b063ad5b-b25a-46ed-abed-9b5302f3b533: Group group-F16552F941CD not found.
	at org.apache.ratis.server.impl.RaftServerProxy.groupRemoveAsync(RaftServerProxy.java:494)
	at org.apache.ratis.server.impl.RaftServerProxy.groupManagementAsync(RaftServerProxy.java:450)
	at org.apache.ratis.server.impl.RaftServerProxy.groupManagement(RaftServerProxy.java:430)
	at org.apache.hadoop.ozone.container.common.transport.server.ratis.XceiverServerRatis.removeGroup(XceiverServerRatis.java:780)
	... 4 more
2020-12-29 10:10:04,822 [Command processor thread] WARN  server.RaftServer (RaftServerProxy.java:remove(99)) - b063ad5b-b25a-46ed-abed-9b5302f3b533: does not contain group: group-00BB1F5D51C9
2020-12-29 10:10:04,822 [Command processor thread] ERROR commandhandler.ClosePipelineCommandHandler (ClosePipelineCommandHandler.java:handle(78)) - Can't close pipeline PipelineID=45a49d30-ae4a-4370-b744-00bb1f5d51c9
java.io.IOException: b063ad5b-b25a-46ed-abed-9b5302f3b533: Group group-00BB1F5D51C9 not found.
	at org.apache.hadoop.ozone.container.common.transport.server.ratis.XceiverServerRatis.removeGroup(XceiverServerRatis.java:782)
	at org.apache.hadoop.ozone.container.common.statemachine.commandhandler.ClosePipelineCommandHandler.handle(ClosePipelineCommandHandler.java:74)
	at org.apache.hadoop.ozone.container.common.statemachine.commandhandler.CommandDispatcher.handle(CommandDispatcher.java:99)
	at org.apache.hadoop.ozone.container.common.statemachine.DatanodeStateMachine.lambda$initCommandHandlerThread$2(DatanodeStateMachine.java:498)
	at java.lang.Thread.run(Thread.java:748)
Caused by: org.apache.ratis.protocol.exceptions.GroupMismatchException: b063ad5b-b25a-46ed-abed-9b5302f3b533: Group group-00BB1F5D51C9 not found.
	at org.apache.ratis.server.impl.RaftServerProxy.groupRemoveAsync(RaftServerProxy.java:494)
	at org.apache.ratis.server.impl.RaftServerProxy.groupManagementAsync(RaftServerProxy.java:450)
	at org.apache.ratis.server.impl.RaftServerProxy.groupManagement(RaftServerProxy.java:430)
	at org.apache.hadoop.ozone.container.common.transport.server.ratis.XceiverServerRatis.removeGroup(XceiverServerRatis.java:780)
	... 4 more
2020-12-29 10:10:04,822 [Command processor thread] INFO  keyvalue.KeyValueContainer (KeyValueContainer.java:flushAndSyncDB(388)) - Container 2 is synced with bcsId 77.
2020-12-29 10:10:04,822 [Command processor thread] INFO  keyvalue.KeyValueContainer (KeyValueContainer.java:flushAndSyncDB(388)) - Container 2 is synced with bcsId 77.
2020-12-29 10:10:04,825 [Command processor thread] INFO  keyvalue.KeyValueContainer (KeyValueContainer.java:close(326)) - Container 2 is closed with bcsId 77.
2020-12-29 10:10:04,826 [EventQueue-IncrementalContainerReportForIncrementalContainerReportHandler] INFO  container.IncrementalContainerReportHandler (AbstractContainerReportHandler.java:updateContainerState(241)) - Moving container #2 to CLOSED state, datanode a606f2ed-cee1-417c-9fe3-1bdc4a375396{ip: 172.17.0.2, host: 79669b543b4d, networkLocation: /default-rack, certSerialId: null, persistedOpState: ENTERING_MAINTENANCE, persistedOpStateExpiryEpochSec: 0} reported CLOSED replica.
2020-12-29 10:10:04,827 [Command processor thread] INFO  keyvalue.KeyValueContainer (KeyValueContainer.java:close(326)) - Container 2 is closed with bcsId 77.
2020-12-29 10:10:04,827 [Command processor thread] WARN  server.RaftServer (RaftServerProxy.java:remove(99)) - b063ad5b-b25a-46ed-abed-9b5302f3b533: does not contain group: group-F16552F941CD
2020-12-29 10:10:04,827 [Command processor thread] ERROR commandhandler.ClosePipelineCommandHandler (ClosePipelineCommandHandler.java:handle(78)) - Can't close pipeline PipelineID=edb69426-88b0-48de-aade-f16552f941cd
java.io.IOException: b063ad5b-b25a-46ed-abed-9b5302f3b533: Group group-F16552F941CD not found.
	at org.apache.hadoop.ozone.container.common.transport.server.ratis.XceiverServerRatis.removeGroup(XceiverServerRatis.java:782)
	at org.apache.hadoop.ozone.container.common.statemachine.commandhandler.ClosePipelineCommandHandler.handle(ClosePipelineCommandHandler.java:74)
	at org.apache.hadoop.ozone.container.common.statemachine.commandhandler.CommandDispatcher.handle(CommandDispatcher.java:99)
	at org.apache.hadoop.ozone.container.common.statemachine.DatanodeStateMachine.lambda$initCommandHandlerThread$2(DatanodeStateMachine.java:498)
	at java.lang.Thread.run(Thread.java:748)
Caused by: org.apache.ratis.protocol.exceptions.GroupMismatchException: b063ad5b-b25a-46ed-abed-9b5302f3b533: Group group-F16552F941CD not found.
	at org.apache.ratis.server.impl.RaftServerProxy.groupRemoveAsync(RaftServerProxy.java:494)
	at org.apache.ratis.server.impl.RaftServerProxy.groupManagementAsync(RaftServerProxy.java:450)
	at org.apache.ratis.server.impl.RaftServerProxy.groupManagement(RaftServerProxy.java:430)
	at org.apache.hadoop.ozone.container.common.transport.server.ratis.XceiverServerRatis.removeGroup(XceiverServerRatis.java:780)
	... 4 more
2020-12-29 10:10:04,827 [Command processor thread] WARN  server.RaftServer (RaftServerProxy.java:remove(99)) - b063ad5b-b25a-46ed-abed-9b5302f3b533: does not contain group: group-00BB1F5D51C9
2020-12-29 10:10:04,827 [Command processor thread] ERROR commandhandler.ClosePipelineCommandHandler (ClosePipelineCommandHandler.java:handle(78)) - Can't close pipeline PipelineID=45a49d30-ae4a-4370-b744-00bb1f5d51c9
java.io.IOException: b063ad5b-b25a-46ed-abed-9b5302f3b533: Group group-00BB1F5D51C9 not found.
	at org.apache.hadoop.ozone.container.common.transport.server.ratis.XceiverServerRatis.removeGroup(XceiverServerRatis.java:782)
	at org.apache.hadoop.ozone.container.common.statemachine.commandhandler.ClosePipelineCommandHandler.handle(ClosePipelineCommandHandler.java:74)
	at org.apache.hadoop.ozone.container.common.statemachine.commandhandler.CommandDispatcher.handle(CommandDispatcher.java:99)
	at org.apache.hadoop.ozone.container.common.statemachine.DatanodeStateMachine.lambda$initCommandHandlerThread$2(DatanodeStateMachine.java:498)
	at java.lang.Thread.run(Thread.java:748)
Caused by: org.apache.ratis.protocol.exceptions.GroupMismatchException: b063ad5b-b25a-46ed-abed-9b5302f3b533: Group group-00BB1F5D51C9 not found.
	at org.apache.ratis.server.impl.RaftServerProxy.groupRemoveAsync(RaftServerProxy.java:494)
	at org.apache.ratis.server.impl.RaftServerProxy.groupManagementAsync(RaftServerProxy.java:450)
	at org.apache.ratis.server.impl.RaftServerProxy.groupManagement(RaftServerProxy.java:430)
	at org.apache.hadoop.ozone.container.common.transport.server.ratis.XceiverServerRatis.removeGroup(XceiverServerRatis.java:780)
	... 4 more
2020-12-29 10:10:04,930 [DatanodeAdminManager-0] INFO  node.DatanodeAdminMonitorImpl (DatanodeAdminMonitorImpl.java:checkContainersReplicatedOnNode(297)) - b063ad5b-b25a-46ed-abed-9b5302f3b533{ip: 172.17.0.2, host: 79669b543b4d, networkLocation: /default-rack, certSerialId: null, persistedOpState: ENTERING_MAINTENANCE, persistedOpStateExpiryEpochSec: 0} has 0 sufficientlyReplicated, 2 underReplicated and 0 unhealthy containers
2020-12-29 10:10:04,931 [DatanodeAdminManager-0] INFO  node.DatanodeAdminMonitorImpl (DatanodeAdminMonitorImpl.java:checkContainersReplicatedOnNode(297)) - a606f2ed-cee1-417c-9fe3-1bdc4a375396{ip: 172.17.0.2, host: 79669b543b4d, networkLocation: /default-rack, certSerialId: null, persistedOpState: ENTERING_MAINTENANCE, persistedOpStateExpiryEpochSec: 0} has 0 sufficientlyReplicated, 2 underReplicated and 0 unhealthy containers
2020-12-29 10:10:04,931 [DatanodeAdminManager-0] INFO  node.DatanodeAdminMonitorImpl (DatanodeAdminMonitorImpl.java:checkContainersReplicatedOnNode(297)) - 856c4e2d-a2c2-4358-bc21-0d0c99327a9f{ip: 172.17.0.2, host: 79669b543b4d, networkLocation: /default-rack, certSerialId: null, persistedOpState: ENTERING_MAINTENANCE, persistedOpStateExpiryEpochSec: 0} has 0 sufficientlyReplicated, 2 underReplicated and 0 unhealthy containers
2020-12-29 10:10:04,931 [DatanodeAdminManager-0] INFO  node.DatanodeAdminMonitorImpl (DatanodeAdminMonitorImpl.java:run(136)) - There are 3 nodes tracked for decommission and maintenance. 0 pending nodes.
2020-12-29 10:10:05,333 [ReplicationMonitor] INFO  container.ReplicationManager (ReplicationManager.java:run(250)) - Replication Monitor Thread took 0 milliseconds for processing 2 containers.
2020-12-29 10:10:05,599 [ContainerReplicationThread-0] INFO  replication.DownloadAndImportReplicator (DownloadAndImportReplicator.java:replicate(106)) - Starting replication of container 1 from [856c4e2d-a2c2-4358-bc21-0d0c99327a9f{ip: 172.17.0.2, host: 79669b543b4d, networkLocation: /default-rack, certSerialId: null, persistedOpState: ENTERING_MAINTENANCE, persistedOpStateExpiryEpochSec: 0}, b063ad5b-b25a-46ed-abed-9b5302f3b533{ip: 172.17.0.2, host: 79669b543b4d, networkLocation: /default-rack, certSerialId: null, persistedOpState: ENTERING_MAINTENANCE, persistedOpStateExpiryEpochSec: 0}]
2020-12-29 10:10:05,599 [ContainerReplicationThread-1] INFO  replication.DownloadAndImportReplicator (DownloadAndImportReplicator.java:replicate(106)) - Starting replication of container 2 from [b063ad5b-b25a-46ed-abed-9b5302f3b533{ip: 172.17.0.2, host: 79669b543b4d, networkLocation: /default-rack, certSerialId: null, persistedOpState: ENTERING_MAINTENANCE, persistedOpStateExpiryEpochSec: 0}]
2020-12-29 10:10:05,614 [grpc-default-executor-1] INFO  replication.GrpcReplicationService (GrpcReplicationService.java:download(52)) - Streaming container data (2) to other datanode
2020-12-29 10:10:05,617 [grpc-default-executor-3] INFO  replication.GrpcReplicationService (GrpcReplicationService.java:download(52)) - Streaming container data (1) to other datanode
2020-12-29 10:10:05,622 [grpc-default-executor-1] INFO  replication.GrpcOutputStream (GrpcOutputStream.java:close(104)) - Sent 9691 bytes for container 2
2020-12-29 10:10:05,631 [grpc-default-executor-3] INFO  replication.GrpcOutputStream (GrpcOutputStream.java:close(104)) - Sent 9717 bytes for container 1
2020-12-29 10:10:05,633 [grpc-default-executor-1] INFO  replication.GrpcReplicationClient (GrpcReplicationClient.java:onCompleted(177)) - Container 2 is downloaded to /github/workspace/mnt/ozone/hadoop-ozone/integration-test/target/test-dir/MiniOzoneClusterImpl-b1ea8c03-8e89-4df6-8609-c05021ba0f19/datanode-0/data/replication/work/container-2.tar.gz
2020-12-29 10:10:05,634 [grpc-default-executor-3] INFO  replication.GrpcReplicationClient (GrpcReplicationClient.java:onCompleted(177)) - Container 1 is downloaded to /github/workspace/mnt/ozone/hadoop-ozone/integration-test/target/test-dir/MiniOzoneClusterImpl-b1ea8c03-8e89-4df6-8609-c05021ba0f19/datanode-0/data/replication/work/container-1.tar.gz
2020-12-29 10:10:05,640 [ContainerReplicationThread-1] INFO  replication.DownloadAndImportReplicator (DownloadAndImportReplicator.java:replicate(117)) - Container 2 is downloaded, starting to import.
2020-12-29 10:10:05,644 [ContainerReplicationThread-0] INFO  replication.DownloadAndImportReplicator (DownloadAndImportReplicator.java:replicate(117)) - Container 1 is downloaded, starting to import.
2020-12-29 10:10:05,671 [ContainerReplicationThread-1] INFO  replication.DownloadAndImportReplicator (DownloadAndImportReplicator.java:replicate(120)) - Container 2 is replicated successfully
2020-12-29 10:10:05,671 [ContainerReplicationThread-1] INFO  replication.ReplicationSupervisor (ReplicationSupervisor.java:run(146)) - Container 2 is replicated.
2020-12-29 10:10:05,680 [ContainerReplicationThread-0] INFO  replication.DownloadAndImportReplicator (DownloadAndImportReplicator.java:replicate(120)) - Container 1 is replicated successfully
2020-12-29 10:10:05,680 [ContainerReplicationThread-0] INFO  replication.ReplicationSupervisor (ReplicationSupervisor.java:run(146)) - Container 1 is replicated.
2020-12-29 10:10:05,720 [ContainerReplicationThread-0] INFO  replication.DownloadAndImportReplicator (DownloadAndImportReplicator.java:replicate(106)) - Starting replication of container 1 from [856c4e2d-a2c2-4358-bc21-0d0c99327a9f{ip: 172.17.0.2, host: 79669b543b4d, networkLocation: /default-rack, certSerialId: null, persistedOpState: ENTERING_MAINTENANCE, persistedOpStateExpiryEpochSec: 0}, b063ad5b-b25a-46ed-abed-9b5302f3b533{ip: 172.17.0.2, host: 79669b543b4d, networkLocation: /default-rack, certSerialId: null, persistedOpState: ENTERING_MAINTENANCE, persistedOpStateExpiryEpochSec: 0}]
2020-12-29 10:10:05,728 [grpc-default-executor-3] INFO  replication.GrpcReplicationService (GrpcReplicationService.java:download(52)) - Streaming container data (1) to other datanode
2020-12-29 10:10:05,752 [grpc-default-executor-3] INFO  replication.GrpcOutputStream (GrpcOutputStream.java:close(104)) - Sent 19567 bytes for container 1
2020-12-29 10:10:05,753 [grpc-default-executor-1] INFO  replication.GrpcReplicationClient (GrpcReplicationClient.java:onCompleted(177)) - Container 1 is downloaded to /github/workspace/mnt/ozone/hadoop-ozone/integration-test/target/test-dir/MiniOzoneClusterImpl-b1ea8c03-8e89-4df6-8609-c05021ba0f19/datanode-1/data/replication/work/container-1.tar.gz
2020-12-29 10:10:05,770 [ContainerReplicationThread-0] INFO  replication.DownloadAndImportReplicator (DownloadAndImportReplicator.java:replicate(117)) - Container 1 is downloaded, starting to import.
2020-12-29 10:10:05,820 [ContainerReplicationThread-0] INFO  replication.DownloadAndImportReplicator (DownloadAndImportReplicator.java:replicate(120)) - Container 1 is replicated successfully
2020-12-29 10:10:05,820 [ContainerReplicationThread-0] INFO  replication.ReplicationSupervisor (ReplicationSupervisor.java:run(146)) - Container 1 is replicated.
2020-12-29 10:10:05,931 [DatanodeAdminManager-0] INFO  node.DatanodeAdminMonitorImpl (DatanodeAdminMonitorImpl.java:checkContainersReplicatedOnNode(297)) - b063ad5b-b25a-46ed-abed-9b5302f3b533{ip: 172.17.0.2, host: 79669b543b4d, networkLocation: /default-rack, certSerialId: null, persistedOpState: ENTERING_MAINTENANCE, persistedOpStateExpiryEpochSec: 0} has 0 sufficientlyReplicated, 2 underReplicated and 1 unhealthy containers
2020-12-29 10:10:05,931 [DatanodeAdminManager-0] INFO  node.DatanodeAdminMonitorImpl (DatanodeAdminMonitorImpl.java:checkContainersReplicatedOnNode(297)) - a606f2ed-cee1-417c-9fe3-1bdc4a375396{ip: 172.17.0.2, host: 79669b543b4d, networkLocation: /default-rack, certSerialId: null, persistedOpState: ENTERING_MAINTENANCE, persistedOpStateExpiryEpochSec: 0} has 0 sufficientlyReplicated, 2 underReplicated and 1 unhealthy containers
2020-12-29 10:10:05,931 [DatanodeAdminManager-0] INFO  node.DatanodeAdminMonitorImpl (DatanodeAdminMonitorImpl.java:checkContainersReplicatedOnNode(297)) - 856c4e2d-a2c2-4358-bc21-0d0c99327a9f{ip: 172.17.0.2, host: 79669b543b4d, networkLocation: /default-rack, certSerialId: null, persistedOpState: ENTERING_MAINTENANCE, persistedOpStateExpiryEpochSec: 0} has 0 sufficientlyReplicated, 2 underReplicated and 1 unhealthy containers
2020-12-29 10:10:05,931 [DatanodeAdminManager-0] INFO  node.DatanodeAdminMonitorImpl (DatanodeAdminMonitorImpl.java:run(136)) - There are 3 nodes tracked for decommission and maintenance. 0 pending nodes.
2020-12-29 10:10:06,334 [ReplicationMonitor] INFO  container.ReplicationManager (ReplicationManager.java:run(250)) - Replication Monitor Thread took 0 milliseconds for processing 2 containers.
2020-12-29 10:10:06,632 [ContainerReplicationThread-0] INFO  replication.DownloadAndImportReplicator (DownloadAndImportReplicator.java:replicate(106)) - Starting replication of container 2 from [b063ad5b-b25a-46ed-abed-9b5302f3b533{ip: 172.17.0.2, host: 79669b543b4d, networkLocation: /default-rack, certSerialId: null, persistedOpState: ENTERING_MAINTENANCE, persistedOpStateExpiryEpochSec: 0}]
2020-12-29 10:10:06,641 [grpc-default-executor-1] INFO  replication.GrpcReplicationService (GrpcReplicationService.java:download(52)) - Streaming container data (2) to other datanode
2020-12-29 10:10:06,662 [grpc-default-executor-1] INFO  replication.GrpcOutputStream (GrpcOutputStream.java:close(104)) - Sent 19191 bytes for container 2
2020-12-29 10:10:06,664 [grpc-default-executor-1] INFO  replication.GrpcReplicationClient (GrpcReplicationClient.java:onCompleted(177)) - Container 2 is downloaded to /github/workspace/mnt/ozone/hadoop-ozone/integration-test/target/test-dir/MiniOzoneClusterImpl-b1ea8c03-8e89-4df6-8609-c05021ba0f19/datanode-2/data/replication/work/container-2.tar.gz
2020-12-29 10:10:06,665 [ContainerReplicationThread-0] INFO  replication.DownloadAndImportReplicator (DownloadAndImportReplicator.java:replicate(117)) - Container 2 is downloaded, starting to import.
2020-12-29 10:10:06,688 [ContainerReplicationThread-0] INFO  replication.DownloadAndImportReplicator (DownloadAndImportReplicator.java:replicate(120)) - Container 2 is replicated successfully
2020-12-29 10:10:06,689 [ContainerReplicationThread-0] INFO  replication.ReplicationSupervisor (ReplicationSupervisor.java:run(146)) - Container 2 is replicated.
2020-12-29 10:10:06,931 [DatanodeAdminManager-0] INFO  node.DatanodeAdminMonitorImpl (DatanodeAdminMonitorImpl.java:checkContainersReplicatedOnNode(297)) - b063ad5b-b25a-46ed-abed-9b5302f3b533{ip: 172.17.0.2, host: 79669b543b4d, networkLocation: /default-rack, certSerialId: null, persistedOpState: ENTERING_MAINTENANCE, persistedOpStateExpiryEpochSec: 0} has 0 sufficientlyReplicated, 2 underReplicated and 0 unhealthy containers
2020-12-29 10:10:06,931 [DatanodeAdminManager-0] INFO  node.DatanodeAdminMonitorImpl (DatanodeAdminMonitorImpl.java:checkContainersReplicatedOnNode(297)) - a606f2ed-cee1-417c-9fe3-1bdc4a375396{ip: 172.17.0.2, host: 79669b543b4d, networkLocation: /default-rack, certSerialId: null, persistedOpState: ENTERING_MAINTENANCE, persistedOpStateExpiryEpochSec: 0} has 0 sufficientlyReplicated, 2 underReplicated and 0 unhealthy containers
2020-12-29 10:10:06,931 [DatanodeAdminManager-0] INFO  node.DatanodeAdminMonitorImpl (DatanodeAdminMonitorImpl.java:checkContainersReplicatedOnNode(297)) - 856c4e2d-a2c2-4358-bc21-0d0c99327a9f{ip: 172.17.0.2, host: 79669b543b4d, networkLocation: /default-rack, certSerialId: null, persistedOpState: ENTERING_MAINTENANCE, persistedOpStateExpiryEpochSec: 0} has 0 sufficientlyReplicated, 2 underReplicated and 0 unhealthy containers
2020-12-29 10:10:06,931 [DatanodeAdminManager-0] INFO  node.DatanodeAdminMonitorImpl (DatanodeAdminMonitorImpl.java:run(136)) - There are 3 nodes tracked for decommission and maintenance. 0 pending nodes.
2020-12-29 10:10:07,334 [ReplicationMonitor] INFO  container.ReplicationManager (ReplicationManager.java:handleUnderReplicatedContainer(722)) - Container #1 is under replicated. Expected replica count is 3, but found 2.
2020-12-29 10:10:07,335 [ReplicationMonitor] INFO  container.ReplicationManager (ReplicationManager.java:sendReplicateCommand(970)) - Sending replicate container command for container #1 to datanode 4259afd6-154d-4eca-a620-cf00c9b631aa{ip: 172.17.0.2, host: 79669b543b4d, networkLocation: /default-rack, certSerialId: null, persistedOpState: IN_SERVICE, persistedOpStateExpiryEpochSec: 0}
2020-12-29 10:10:07,335 [ReplicationMonitor] INFO  container.ReplicationManager (ReplicationManager.java:run(250)) - Replication Monitor Thread took 0 milliseconds for processing 2 containers.
2020-12-29 10:10:07,931 [DatanodeAdminManager-0] INFO  node.DatanodeAdminMonitorImpl (DatanodeAdminMonitorImpl.java:checkContainersReplicatedOnNode(297)) - b063ad5b-b25a-46ed-abed-9b5302f3b533{ip: 172.17.0.2, host: 79669b543b4d, networkLocation: /default-rack, certSerialId: null, persistedOpState: ENTERING_MAINTENANCE, persistedOpStateExpiryEpochSec: 0} has 2 sufficientlyReplicated, 0 underReplicated and 1 unhealthy containers
2020-12-29 10:10:07,931 [DatanodeAdminManager-0] INFO  node.DatanodeAdminMonitorImpl (DatanodeAdminMonitorImpl.java:checkContainersReplicatedOnNode(297)) - a606f2ed-cee1-417c-9fe3-1bdc4a375396{ip: 172.17.0.2, host: 79669b543b4d, networkLocation: /default-rack, certSerialId: null, persistedOpState: ENTERING_MAINTENANCE, persistedOpStateExpiryEpochSec: 0} has 2 sufficientlyReplicated, 0 underReplicated and 1 unhealthy containers
2020-12-29 10:10:07,931 [DatanodeAdminManager-0] INFO  node.DatanodeAdminMonitorImpl (DatanodeAdminMonitorImpl.java:checkContainersReplicatedOnNode(297)) - 856c4e2d-a2c2-4358-bc21-0d0c99327a9f{ip: 172.17.0.2, host: 79669b543b4d, networkLocation: /default-rack, certSerialId: null, persistedOpState: ENTERING_MAINTENANCE, persistedOpStateExpiryEpochSec: 0} has 2 sufficientlyReplicated, 0 underReplicated and 1 unhealthy containers
2020-12-29 10:10:07,931 [DatanodeAdminManager-0] INFO  node.DatanodeAdminMonitorImpl (DatanodeAdminMonitorImpl.java:run(136)) - There are 3 nodes tracked for decommission and maintenance. 0 pending nodes.
2020-12-29 10:10:08,019 [Thread-864] WARN  server.RaftServer$Division (LeaderStateImpl.java:checkLeadership(937)) - 856c4e2d-a2c2-4358-bc21-0d0c99327a9f@group-F16552F941CD-LeaderStateImpl: Lost leadership on term: 1. Election timeout: 5200ms. In charge for: 10709ms. Conf: 0: [b063ad5b-b25a-46ed-abed-9b5302f3b533|rpc:172.17.0.2:42479|dataStream:, 856c4e2d-a2c2-4358-bc21-0d0c99327a9f|rpc:172.17.0.2:38587|dataStream:, a606f2ed-cee1-417c-9fe3-1bdc4a375396|rpc:172.17.0.2:36775|dataStream:], old=null
2020-12-29 10:10:08,020 [Thread-864] WARN  server.RaftServer$Division (LeaderStateImpl.java:lambda$checkLeadership$14(941)) - Follower 856c4e2d-a2c2-4358-bc21-0d0c99327a9f@group-F16552F941CD->b063ad5b-b25a-46ed-abed-9b5302f3b533(c79,m79,n83, attendVote=true, lastRpcSendTime=198, lastRpcResponseTime=6985)
2020-12-29 10:10:08,020 [Thread-864] WARN  server.RaftServer$Division (LeaderStateImpl.java:lambda$checkLeadership$14(941)) - Follower 856c4e2d-a2c2-4358-bc21-0d0c99327a9f@group-F16552F941CD->a606f2ed-cee1-417c-9fe3-1bdc4a375396(c79,m80,n83, attendVote=true, lastRpcSendTime=198, lastRpcResponseTime=5216)
2020-12-29 10:10:08,020 [Thread-864] INFO  server.RaftServer$Division (RaftServerImpl.java:setRole(275)) - 856c4e2d-a2c2-4358-bc21-0d0c99327a9f@group-F16552F941CD: changes role from    LEADER to FOLLOWER at term 1 for StepDownReason:LOST_MAJORITY_HEARTBEATS
2020-12-29 10:10:08,020 [Thread-864] INFO  impl.RoleInfo (RoleInfo.java:shutdownLeaderState(91)) - 856c4e2d-a2c2-4358-bc21-0d0c99327a9f: shutdown 856c4e2d-a2c2-4358-bc21-0d0c99327a9f@group-F16552F941CD-LeaderStateImpl
2020-12-29 10:10:08,020 [Thread-864] INFO  metrics.RatisMetrics (RatisMetrics.java:unregister(43)) - Unregistering Metrics Registry : ratis_grpc.log_appender.856c4e2d-a2c2-4358-bc21-0d0c99327a9f@group-F16552F941CD
2020-12-29 10:10:08,020 [Thread-864] INFO  metrics.RatisMetrics (RatisMetrics.java:unregister(43)) - Unregistering Metrics Registry : ratis_grpc.log_appender.856c4e2d-a2c2-4358-bc21-0d0c99327a9f@group-F16552F941CD
2020-12-29 10:10:08,020 [856c4e2d-a2c2-4358-bc21-0d0c99327a9f@group-F16552F941CD->b063ad5b-b25a-46ed-abed-9b5302f3b533-GrpcLogAppender-LogAppenderDaemon] WARN  server.GrpcLogAppender (GrpcLogAppender.java:mayWait(174)) - 856c4e2d-a2c2-4358-bc21-0d0c99327a9f@group-F16552F941CD->b063ad5b-b25a-46ed-abed-9b5302f3b533-GrpcLogAppender: Wait interrupted by java.lang.InterruptedException
2020-12-29 10:10:08,020 [856c4e2d-a2c2-4358-bc21-0d0c99327a9f@group-F16552F941CD->a606f2ed-cee1-417c-9fe3-1bdc4a375396-GrpcLogAppender-LogAppenderDaemon] WARN  server.GrpcLogAppender (GrpcLogAppender.java:mayWait(174)) - 856c4e2d-a2c2-4358-bc21-0d0c99327a9f@group-F16552F941CD->a606f2ed-cee1-417c-9fe3-1bdc4a375396-GrpcLogAppender: Wait interrupted by java.lang.InterruptedException
2020-12-29 10:10:08,022 [grpc-default-executor-1] INFO  server.GrpcServerProtocolService (GrpcServerProtocolService.java:onCompleted(138)) - a606f2ed-cee1-417c-9fe3-1bdc4a375396: Completed APPEND_ENTRIES, lastRequest: 856c4e2d-a2c2-4358-bc21-0d0c99327a9f->a606f2ed-cee1-417c-9fe3-1bdc4a375396#490-t1,previous=(t:1, i:81),leaderCommit=80,initializing? true,entries: size=1, first=(t:1, i:82), STATEMACHINELOGENTRY, client-946DDE22B13D,cid=58
2020-12-29 10:10:08,022 [grpc-default-executor-0] INFO  server.GrpcLogAppender (GrpcLogAppender.java:onCompleted(343)) - 856c4e2d-a2c2-4358-bc21-0d0c99327a9f@group-F16552F941CD->a606f2ed-cee1-417c-9fe3-1bdc4a375396-AppendLogResponseHandler: follower responses appendEntries COMPLETED
2020-12-29 10:10:08,020 [Thread-864] INFO  impl.PendingRequests (PendingRequests.java:sendNotLeaderResponses(249)) - 856c4e2d-a2c2-4358-bc21-0d0c99327a9f@group-F16552F941CD-PendingRequests: sendNotLeaderResponses
2020-12-29 10:10:08,023 [grpc-default-executor-0] INFO  leader.FollowerInfo (FollowerInfoImpl.java:lambda$new$0(46)) - 856c4e2d-a2c2-4358-bc21-0d0c99327a9f@group-F16552F941CD->a606f2ed-cee1-417c-9fe3-1bdc4a375396: nextIndex: updateUnconditionally 83 -> 81
2020-12-29 10:10:08,023 [Command processor thread] INFO  server.RaftServer (RaftServerProxy.java:remove(104)) - 856c4e2d-a2c2-4358-bc21-0d0c99327a9f: remove  FOLLOWER 856c4e2d-a2c2-4358-bc21-0d0c99327a9f@group-F16552F941CD:t1, leader=856c4e2d-a2c2-4358-bc21-0d0c99327a9f, voted=856c4e2d-a2c2-4358-bc21-0d0c99327a9f, raftlog=856c4e2d-a2c2-4358-bc21-0d0c99327a9f@group-F16552F941CD-SegmentedRaftLog:OPENED:c80,f82,i82, conf=0: [b063ad5b-b25a-46ed-abed-9b5302f3b533|rpc:172.17.0.2:42479|dataStream:, 856c4e2d-a2c2-4358-bc21-0d0c99327a9f|rpc:172.17.0.2:38587|dataStream:, a606f2ed-cee1-417c-9fe3-1bdc4a375396|rpc:172.17.0.2:36775|dataStream:], old=null RUNNING
2020-12-29 10:10:08,023 [Command processor thread] INFO  server.RaftServer$Division (RaftServerImpl.java:lambda$close$4(397)) - 856c4e2d-a2c2-4358-bc21-0d0c99327a9f@group-F16552F941CD: shutdown
2020-12-29 10:10:08,023 [Thread-864] INFO  metrics.RatisMetrics (RatisMetrics.java:unregister(43)) - Unregistering Metrics Registry : ratis.log_appender.856c4e2d-a2c2-4358-bc21-0d0c99327a9f@group-F16552F941CD
2020-12-29 10:10:08,024 [Thread-864] INFO  metrics.RatisMetrics (RatisMetrics.java:unregister(43)) - Unregistering Metrics Registry : ratis.server.856c4e2d-a2c2-4358-bc21-0d0c99327a9f@group-F16552F941CD
2020-12-29 10:10:08,024 [Command processor thread] INFO  util.JmxRegister (JmxRegister.java:unregister(73)) - Successfully un-registered JMX Bean with object name Ratis:service=RaftServer,group=group-F16552F941CD,id=856c4e2d-a2c2-4358-bc21-0d0c99327a9f
2020-12-29 10:10:08,024 [Command processor thread] INFO  impl.StateMachineUpdater (StateMachineUpdater.java:stopAndJoin(148)) - 856c4e2d-a2c2-4358-bc21-0d0c99327a9f@group-F16552F941CD-StateMachineUpdater: set stopIndex = 80
2020-12-29 10:10:08,025 [Thread-864] INFO  impl.RoleInfo (RoleInfo.java:updateAndGet(130)) - 856c4e2d-a2c2-4358-bc21-0d0c99327a9f: start 856c4e2d-a2c2-4358-bc21-0d0c99327a9f@group-F16552F941CD-FollowerState
2020-12-29 10:10:08,025 [856c4e2d-a2c2-4358-bc21-0d0c99327a9f@group-F16552F941CD-StateMachineUpdater] INFO  ratis.ContainerStateMachine (ContainerStateMachine.java:takeSnapshot(291)) - group-F16552F941CD: Taking a snapshot at:(t:1, i:80) file /github/workspace/mnt/ozone/hadoop-ozone/integration-test/target/test-dir/MiniOzoneClusterImpl-b1ea8c03-8e89-4df6-8609-c05021ba0f19/datanode-3/data/ratis/edb69426-88b0-48de-aade-f16552f941cd/sm/snapshot.1_80
2020-12-29 10:10:08,022 [grpc-default-executor-3] INFO  server.GrpcServerProtocolService (GrpcServerProtocolService.java:onCompleted(138)) - b063ad5b-b25a-46ed-abed-9b5302f3b533: Completed APPEND_ENTRIES, lastRequest: 856c4e2d-a2c2-4358-bc21-0d0c99327a9f->b063ad5b-b25a-46ed-abed-9b5302f3b533#492-t1,previous=(t:1, i:81),leaderCommit=80,initializing? true,entries: size=1, first=(t:1, i:82), STATEMACHINELOGENTRY, client-946DDE22B13D,cid=58
2020-12-29 10:10:08,027 [856c4e2d-a2c2-4358-bc21-0d0c99327a9f@group-F16552F941CD-StateMachineUpdater] INFO  ratis.ContainerStateMachine (ContainerStateMachine.java:takeSnapshot(302)) - group-F16552F941CD: Finished taking a snapshot at:(t:1, i:80) file:/github/workspace/mnt/ozone/hadoop-ozone/integration-test/target/test-dir/MiniOzoneClusterImpl-b1ea8c03-8e89-4df6-8609-c05021ba0f19/datanode-3/data/ratis/edb69426-88b0-48de-aade-f16552f941cd/sm/snapshot.1_80 time:2
2020-12-29 10:10:08,027 [grpc-default-executor-0] INFO  server.GrpcLogAppender (GrpcLogAppender.java:onCompleted(343)) - 856c4e2d-a2c2-4358-bc21-0d0c99327a9f@group-F16552F941CD->b063ad5b-b25a-46ed-abed-9b5302f3b533-AppendLogResponseHandler: follower responses appendEntries COMPLETED
2020-12-29 10:10:08,027 [grpc-default-executor-0] INFO  leader.FollowerInfo (FollowerInfoImpl.java:lambda$new$0(46)) - 856c4e2d-a2c2-4358-bc21-0d0c99327a9f@group-F16552F941CD->b063ad5b-b25a-46ed-abed-9b5302f3b533: nextIndex: updateUnconditionally 83 -> 80
2020-12-29 10:10:08,027 [856c4e2d-a2c2-4358-bc21-0d0c99327a9f@group-F16552F941CD-StateMachineUpdater] INFO  impl.StateMachineUpdater (StateMachineUpdater.java:takeSnapshot(279)) - 856c4e2d-a2c2-4358-bc21-0d0c99327a9f@group-F16552F941CD-StateMachineUpdater: Took a snapshot at index 80
2020-12-29 10:10:08,027 [856c4e2d-a2c2-4358-bc21-0d0c99327a9f@group-F16552F941CD-StateMachineUpdater] INFO  impl.StateMachineUpdater (StateMachineUpdater.java:lambda$new$0(88)) - 856c4e2d-a2c2-4358-bc21-0d0c99327a9f@group-F16552F941CD-StateMachineUpdater: snapshotIndex: updateIncreasingly -1 -> 80
2020-12-29 10:10:08,027 [856c4e2d-a2c2-4358-bc21-0d0c99327a9f@group-F16552F941CD-StateMachineUpdater] INFO  metrics.RatisMetrics (RatisMetrics.java:unregister(43)) - Unregistering Metrics Registry : ratis.state_machine.856c4e2d-a2c2-4358-bc21-0d0c99327a9f@group-F16552F941CD
2020-12-29 10:10:08,028 [Command processor thread] INFO  server.RaftServer$Division (ServerState.java:close(406)) - 856c4e2d-a2c2-4358-bc21-0d0c99327a9f@group-F16552F941CD: closes. applyIndex: 80
2020-12-29 10:10:08,028 [856c4e2d-a2c2-4358-bc21-0d0c99327a9f@group-F16552F941CD-SegmentedRaftLogWorker] INFO  segmented.SegmentedRaftLogWorker (SegmentedRaftLogWorker.java:run(326)) - 856c4e2d-a2c2-4358-bc21-0d0c99327a9f@group-F16552F941CD-SegmentedRaftLogWorker was interrupted, exiting. There are 0 tasks remaining in the queue.
2020-12-29 10:10:08,028 [Command processor thread] INFO  segmented.SegmentedRaftLogWorker (SegmentedRaftLogWorker.java:close(236)) - 856c4e2d-a2c2-4358-bc21-0d0c99327a9f@group-F16552F941CD-SegmentedRaftLogWorker close()
2020-12-29 10:10:08,031 [Command processor thread] INFO  metrics.RatisMetrics (RatisMetrics.java:unregister(43)) - Unregistering Metrics Registry : ratis.log_worker.856c4e2d-a2c2-4358-bc21-0d0c99327a9f@group-F16552F941CD
2020-12-29 10:10:08,031 [Command processor thread] INFO  metrics.RatisMetrics (RatisMetrics.java:unregister(43)) - Unregistering Metrics Registry : ratis.leader_election.856c4e2d-a2c2-4358-bc21-0d0c99327a9f@group-F16552F941CD
2020-12-29 10:10:08,031 [Command processor thread] INFO  metrics.RatisMetrics (RatisMetrics.java:unregister(43)) - Unregistering Metrics Registry : ratis.server.856c4e2d-a2c2-4358-bc21-0d0c99327a9f@group-F16552F941CD
2020-12-29 10:10:08,032 [Command processor thread] INFO  keyvalue.KeyValueContainer (KeyValueContainer.java:flushAndSyncDB(388)) - Container 2 is synced with bcsId 77.
2020-12-29 10:10:08,032 [Command processor thread] INFO  keyvalue.KeyValueContainer (KeyValueContainer.java:flushAndSyncDB(388)) - Container 2 is synced with bcsId 77.
2020-12-29 10:10:08,036 [Command processor thread] INFO  server.RaftServer$Division (RaftServerImpl.java:groupRemove(367)) - 856c4e2d-a2c2-4358-bc21-0d0c99327a9f@group-F16552F941CD: Succeed to remove RaftStorageDirectory Storage Directory /github/workspace/mnt/ozone/hadoop-ozone/integration-test/target/test-dir/MiniOzoneClusterImpl-b1ea8c03-8e89-4df6-8609-c05021ba0f19/datanode-3/data/ratis/edb69426-88b0-48de-aade-f16552f941cd
2020-12-29 10:10:08,036 [Command processor thread] INFO  commandhandler.ClosePipelineCommandHandler (ClosePipelineCommandHandler.java:handle(75)) - Close Pipeline PipelineID=edb69426-88b0-48de-aade-f16552f941cd command on datanode 856c4e2d-a2c2-4358-bc21-0d0c99327a9f.
2020-12-29 10:10:08,041 [Command processor thread] INFO  server.RaftServer (RaftServerProxy.java:remove(104)) - 856c4e2d-a2c2-4358-bc21-0d0c99327a9f: remove    LEADER 856c4e2d-a2c2-4358-bc21-0d0c99327a9f@group-054CF680018B:t1, leader=856c4e2d-a2c2-4358-bc21-0d0c99327a9f, voted=856c4e2d-a2c2-4358-bc21-0d0c99327a9f, raftlog=856c4e2d-a2c2-4358-bc21-0d0c99327a9f@group-054CF680018B-SegmentedRaftLog:OPENED:c0,f0,i0, conf=0: [856c4e2d-a2c2-4358-bc21-0d0c99327a9f|rpc:172.17.0.2:38587|dataStream:], old=null RUNNING
2020-12-29 10:10:08,045 [Command processor thread] INFO  server.RaftServer$Division (RaftServerImpl.java:lambda$close$4(397)) - 856c4e2d-a2c2-4358-bc21-0d0c99327a9f@group-054CF680018B: shutdown
2020-12-29 10:10:08,045 [Command processor thread] INFO  util.JmxRegister (JmxRegister.java:unregister(73)) - Successfully un-registered JMX Bean with object name Ratis:service=RaftServer,group=group-054CF680018B,id=856c4e2d-a2c2-4358-bc21-0d0c99327a9f
2020-12-29 10:10:08,045 [Command processor thread] INFO  impl.RoleInfo (RoleInfo.java:shutdownLeaderState(91)) - 856c4e2d-a2c2-4358-bc21-0d0c99327a9f: shutdown 856c4e2d-a2c2-4358-bc21-0d0c99327a9f@group-054CF680018B-LeaderStateImpl
2020-12-29 10:10:08,045 [Command processor thread] INFO  impl.PendingRequests (PendingRequests.java:sendNotLeaderResponses(249)) - 856c4e2d-a2c2-4358-bc21-0d0c99327a9f@group-054CF680018B-PendingRequests: sendNotLeaderResponses
2020-12-29 10:10:08,046 [Command processor thread] INFO  metrics.RatisMetrics (RatisMetrics.java:unregister(43)) - Unregistering Metrics Registry : ratis.log_appender.856c4e2d-a2c2-4358-bc21-0d0c99327a9f@group-054CF680018B
2020-12-29 10:10:08,046 [Command processor thread] INFO  metrics.RatisMetrics (RatisMetrics.java:unregister(43)) - Unregistering Metrics Registry : ratis.server.856c4e2d-a2c2-4358-bc21-0d0c99327a9f@group-054CF680018B
2020-12-29 10:10:08,046 [856c4e2d-a2c2-4358-bc21-0d0c99327a9f@group-054CF680018B-StateMachineUpdater] INFO  ratis.ContainerStateMachine (ContainerStateMachine.java:takeSnapshot(291)) - group-054CF680018B: Taking a snapshot at:(t:1, i:0) file /github/workspace/mnt/ozone/hadoop-ozone/integration-test/target/test-dir/MiniOzoneClusterImpl-b1ea8c03-8e89-4df6-8609-c05021ba0f19/datanode-3/data/ratis/a314d4db-cdc3-4de1-adf4-054cf680018b/sm/snapshot.1_0
2020-12-29 10:10:08,047 [Command processor thread] INFO  impl.StateMachineUpdater (StateMachineUpdater.java:stopAndJoin(148)) - 856c4e2d-a2c2-4358-bc21-0d0c99327a9f@group-054CF680018B-StateMachineUpdater: set stopIndex = 0
2020-12-29 10:10:08,047 [856c4e2d-a2c2-4358-bc21-0d0c99327a9f@group-054CF680018B-StateMachineUpdater] INFO  ratis.ContainerStateMachine (ContainerStateMachine.java:takeSnapshot(302)) - group-054CF680018B: Finished taking a snapshot at:(t:1, i:0) file:/github/workspace/mnt/ozone/hadoop-ozone/integration-test/target/test-dir/MiniOzoneClusterImpl-b1ea8c03-8e89-4df6-8609-c05021ba0f19/datanode-3/data/ratis/a314d4db-cdc3-4de1-adf4-054cf680018b/sm/snapshot.1_0 time:1
2020-12-29 10:10:08,047 [856c4e2d-a2c2-4358-bc21-0d0c99327a9f@group-054CF680018B-StateMachineUpdater] INFO  impl.StateMachineUpdater (StateMachineUpdater.java:takeSnapshot(279)) - 856c4e2d-a2c2-4358-bc21-0d0c99327a9f@group-054CF680018B-StateMachineUpdater: Took a snapshot at index 0
2020-12-29 10:10:08,048 [856c4e2d-a2c2-4358-bc21-0d0c99327a9f@group-054CF680018B-StateMachineUpdater] INFO  impl.StateMachineUpdater (StateMachineUpdater.java:lambda$new$0(88)) - 856c4e2d-a2c2-4358-bc21-0d0c99327a9f@group-054CF680018B-StateMachineUpdater: snapshotIndex: updateIncreasingly -1 -> 0
2020-12-29 10:10:08,048 [856c4e2d-a2c2-4358-bc21-0d0c99327a9f@group-054CF680018B-StateMachineUpdater] INFO  metrics.RatisMetrics (RatisMetrics.java:unregister(43)) - Unregistering Metrics Registry : ratis.state_machine.856c4e2d-a2c2-4358-bc21-0d0c99327a9f@group-054CF680018B
2020-12-29 10:10:08,048 [Command processor thread] INFO  server.RaftServer$Division (ServerState.java:close(406)) - 856c4e2d-a2c2-4358-bc21-0d0c99327a9f@group-054CF680018B: closes. applyIndex: 0
2020-12-29 10:10:08,048 [856c4e2d-a2c2-4358-bc21-0d0c99327a9f@group-054CF680018B-SegmentedRaftLogWorker] INFO  segmented.SegmentedRaftLogWorker (SegmentedRaftLogWorker.java:run(326)) - 856c4e2d-a2c2-4358-bc21-0d0c99327a9f@group-054CF680018B-SegmentedRaftLogWorker was interrupted, exiting. There are 0 tasks remaining in the queue.
2020-12-29 10:10:08,048 [Command processor thread] INFO  segmented.SegmentedRaftLogWorker (SegmentedRaftLogWorker.java:close(236)) - 856c4e2d-a2c2-4358-bc21-0d0c99327a9f@group-054CF680018B-SegmentedRaftLogWorker close()
2020-12-29 10:10:08,048 [Command processor thread] INFO  metrics.RatisMetrics (RatisMetrics.java:unregister(43)) - Unregistering Metrics Registry : ratis.log_worker.856c4e2d-a2c2-4358-bc21-0d0c99327a9f@group-054CF680018B
2020-12-29 10:10:08,049 [Command processor thread] INFO  metrics.RatisMetrics (RatisMetrics.java:unregister(43)) - Unregistering Metrics Registry : ratis.leader_election.856c4e2d-a2c2-4358-bc21-0d0c99327a9f@group-054CF680018B
2020-12-29 10:10:08,049 [Command processor thread] INFO  metrics.RatisMetrics (RatisMetrics.java:unregister(43)) - Unregistering Metrics Registry : ratis.server.856c4e2d-a2c2-4358-bc21-0d0c99327a9f@group-054CF680018B
2020-12-29 10:10:08,049 [Command processor thread] INFO  server.RaftServer$Division (RaftServerImpl.java:groupRemove(367)) - 856c4e2d-a2c2-4358-bc21-0d0c99327a9f@group-054CF680018B: Succeed to remove RaftStorageDirectory Storage Directory /github/workspace/mnt/ozone/hadoop-ozone/integration-test/target/test-dir/MiniOzoneClusterImpl-b1ea8c03-8e89-4df6-8609-c05021ba0f19/datanode-3/data/ratis/a314d4db-cdc3-4de1-adf4-054cf680018b
2020-12-29 10:10:08,049 [Command processor thread] INFO  commandhandler.ClosePipelineCommandHandler (ClosePipelineCommandHandler.java:handle(75)) - Close Pipeline PipelineID=a314d4db-cdc3-4de1-adf4-054cf680018b command on datanode 856c4e2d-a2c2-4358-bc21-0d0c99327a9f.
2020-12-29 10:10:08,050 [Command processor thread] WARN  server.RaftServer (RaftServerProxy.java:remove(99)) - 856c4e2d-a2c2-4358-bc21-0d0c99327a9f: does not contain group: group-F16552F941CD
2020-12-29 10:10:08,050 [Command processor thread] ERROR commandhandler.ClosePipelineCommandHandler (ClosePipelineCommandHandler.java:handle(78)) - Can't close pipeline PipelineID=edb69426-88b0-48de-aade-f16552f941cd
java.io.IOException: 856c4e2d-a2c2-4358-bc21-0d0c99327a9f: Group group-F16552F941CD not found.
	at org.apache.hadoop.ozone.container.common.transport.server.ratis.XceiverServerRatis.removeGroup(XceiverServerRatis.java:782)
	at org.apache.hadoop.ozone.container.common.statemachine.commandhandler.ClosePipelineCommandHandler.handle(ClosePipelineCommandHandler.java:74)
	at org.apache.hadoop.ozone.container.common.statemachine.commandhandler.CommandDispatcher.handle(CommandDispatcher.java:99)
	at org.apache.hadoop.ozone.container.common.statemachine.DatanodeStateMachine.lambda$initCommandHandlerThread$2(DatanodeStateMachine.java:498)
	at java.lang.Thread.run(Thread.java:748)
Caused by: org.apache.ratis.protocol.exceptions.GroupMismatchException: 856c4e2d-a2c2-4358-bc21-0d0c99327a9f: Group group-F16552F941CD not found.
	at org.apache.ratis.server.impl.RaftServerProxy.groupRemoveAsync(RaftServerProxy.java:494)
	at org.apache.ratis.server.impl.RaftServerProxy.groupManagementAsync(RaftServerProxy.java:450)
	at org.apache.ratis.server.impl.RaftServerProxy.groupManagement(RaftServerProxy.java:430)
	at org.apache.hadoop.ozone.container.common.transport.server.ratis.XceiverServerRatis.removeGroup(XceiverServerRatis.java:780)
	... 4 more
2020-12-29 10:10:08,051 [Command processor thread] WARN  server.RaftServer (RaftServerProxy.java:remove(99)) - 856c4e2d-a2c2-4358-bc21-0d0c99327a9f: does not contain group: group-054CF680018B
2020-12-29 10:10:08,051 [Command processor thread] ERROR commandhandler.ClosePipelineCommandHandler (ClosePipelineCommandHandler.java:handle(78)) - Can't close pipeline PipelineID=a314d4db-cdc3-4de1-adf4-054cf680018b
java.io.IOException: 856c4e2d-a2c2-4358-bc21-0d0c99327a9f: Group group-054CF680018B not found.
	at org.apache.hadoop.ozone.container.common.transport.server.ratis.XceiverServerRatis.removeGroup(XceiverServerRatis.java:782)
	at org.apache.hadoop.ozone.container.common.statemachine.commandhandler.ClosePipelineCommandHandler.handle(ClosePipelineCommandHandler.java:74)
	at org.apache.hadoop.ozone.container.common.statemachine.commandhandler.CommandDispatcher.handle(CommandDispatcher.java:99)
	at org.apache.hadoop.ozone.container.common.statemachine.DatanodeStateMachine.lambda$initCommandHandlerThread$2(DatanodeStateMachine.java:498)
	at java.lang.Thread.run(Thread.java:748)
Caused by: org.apache.ratis.protocol.exceptions.GroupMismatchException: 856c4e2d-a2c2-4358-bc21-0d0c99327a9f: Group group-054CF680018B not found.
	at org.apache.ratis.server.impl.RaftServerProxy.groupRemoveAsync(RaftServerProxy.java:494)
	at org.apache.ratis.server.impl.RaftServerProxy.groupManagementAsync(RaftServerProxy.java:450)
	at org.apache.ratis.server.impl.RaftServerProxy.groupManagement(RaftServerProxy.java:430)
	at org.apache.hadoop.ozone.container.common.transport.server.ratis.XceiverServerRatis.removeGroup(XceiverServerRatis.java:780)
	... 4 more
2020-12-29 10:10:08,051 [Command processor thread] WARN  server.RaftServer (RaftServerProxy.java:remove(99)) - 856c4e2d-a2c2-4358-bc21-0d0c99327a9f: does not contain group: group-F16552F941CD
2020-12-29 10:10:08,051 [Command processor thread] ERROR commandhandler.ClosePipelineCommandHandler (ClosePipelineCommandHandler.java:handle(78)) - Can't close pipeline PipelineID=edb69426-88b0-48de-aade-f16552f941cd
java.io.IOException: 856c4e2d-a2c2-4358-bc21-0d0c99327a9f: Group group-F16552F941CD not found.
	at org.apache.hadoop.ozone.container.common.transport.server.ratis.XceiverServerRatis.removeGroup(XceiverServerRatis.java:782)
	at org.apache.hadoop.ozone.container.common.statemachine.commandhandler.ClosePipelineCommandHandler.handle(ClosePipelineCommandHandler.java:74)
	at org.apache.hadoop.ozone.container.common.statemachine.commandhandler.CommandDispatcher.handle(CommandDispatcher.java:99)
	at org.apache.hadoop.ozone.container.common.statemachine.DatanodeStateMachine.lambda$initCommandHandlerThread$2(DatanodeStateMachine.java:498)
	at java.lang.Thread.run(Thread.java:748)
Caused by: org.apache.ratis.protocol.exceptions.GroupMismatchException: 856c4e2d-a2c2-4358-bc21-0d0c99327a9f: Group group-F16552F941CD not found.
	at org.apache.ratis.server.impl.RaftServerProxy.groupRemoveAsync(RaftServerProxy.java:494)
	at org.apache.ratis.server.impl.RaftServerProxy.groupManagementAsync(RaftServerProxy.java:450)
	at org.apache.ratis.server.impl.RaftServerProxy.groupManagement(RaftServerProxy.java:430)
	at org.apache.hadoop.ozone.container.common.transport.server.ratis.XceiverServerRatis.removeGroup(XceiverServerRatis.java:780)
	... 4 more
2020-12-29 10:10:08,051 [Command processor thread] WARN  server.RaftServer (RaftServerProxy.java:remove(99)) - 856c4e2d-a2c2-4358-bc21-0d0c99327a9f: does not contain group: group-054CF680018B
2020-12-29 10:10:08,052 [Command processor thread] ERROR commandhandler.ClosePipelineCommandHandler (ClosePipelineCommandHandler.java:handle(78)) - Can't close pipeline PipelineID=a314d4db-cdc3-4de1-adf4-054cf680018b
java.io.IOException: 856c4e2d-a2c2-4358-bc21-0d0c99327a9f: Group group-054CF680018B not found.
	at org.apache.hadoop.ozone.container.common.transport.server.ratis.XceiverServerRatis.removeGroup(XceiverServerRatis.java:782)
	at org.apache.hadoop.ozone.container.common.statemachine.commandhandler.ClosePipelineCommandHandler.handle(ClosePipelineCommandHandler.java:74)
	at org.apache.hadoop.ozone.container.common.statemachine.commandhandler.CommandDispatcher.handle(CommandDispatcher.java:99)
	at org.apache.hadoop.ozone.container.common.statemachine.DatanodeStateMachine.lambda$initCommandHandlerThread$2(DatanodeStateMachine.java:498)
	at java.lang.Thread.run(Thread.java:748)
Caused by: org.apache.ratis.protocol.exceptions.GroupMismatchException: 856c4e2d-a2c2-4358-bc21-0d0c99327a9f: Group group-054CF680018B not found.
	at org.apache.ratis.server.impl.RaftServerProxy.groupRemoveAsync(RaftServerProxy.java:494)
	at org.apache.ratis.server.impl.RaftServerProxy.groupManagementAsync(RaftServerProxy.java:450)
	at org.apache.ratis.server.impl.RaftServerProxy.groupManagement(RaftServerProxy.java:430)
	at org.apache.hadoop.ozone.container.common.transport.server.ratis.XceiverServerRatis.removeGroup(XceiverServerRatis.java:780)
	... 4 more
2020-12-29 10:10:08,052 [Command processor thread] WARN  server.RaftServer (RaftServerProxy.java:remove(99)) - 856c4e2d-a2c2-4358-bc21-0d0c99327a9f: does not contain group: group-F16552F941CD
2020-12-29 10:10:08,052 [Command processor thread] ERROR commandhandler.ClosePipelineCommandHandler (ClosePipelineCommandHandler.java:handle(78)) - Can't close pipeline PipelineID=edb69426-88b0-48de-aade-f16552f941cd
java.io.IOException: 856c4e2d-a2c2-4358-bc21-0d0c99327a9f: Group group-F16552F941CD not found.
	at org.apache.hadoop.ozone.container.common.transport.server.ratis.XceiverServerRatis.removeGroup(XceiverServerRatis.java:782)
	at org.apache.hadoop.ozone.container.common.statemachine.commandhandler.ClosePipelineCommandHandler.handle(ClosePipelineCommandHandler.java:74)
	at org.apache.hadoop.ozone.container.common.statemachine.commandhandler.CommandDispatcher.handle(CommandDispatcher.java:99)
	at org.apache.hadoop.ozone.container.common.statemachine.DatanodeStateMachine.lambda$initCommandHandlerThread$2(DatanodeStateMachine.java:498)
	at java.lang.Thread.run(Thread.java:748)
Caused by: org.apache.ratis.protocol.exceptions.GroupMismatchException: 856c4e2d-a2c2-4358-bc21-0d0c99327a9f: Group group-F16552F941CD not found.
	at org.apache.ratis.server.impl.RaftServerProxy.groupRemoveAsync(RaftServerProxy.java:494)
	at org.apache.ratis.server.impl.RaftServerProxy.groupManagementAsync(RaftServerProxy.java:450)
	at org.apache.ratis.server.impl.RaftServerProxy.groupManagement(RaftServerProxy.java:430)
	at org.apache.hadoop.ozone.container.common.transport.server.ratis.XceiverServerRatis.removeGroup(XceiverServerRatis.java:780)
	... 4 more
2020-12-29 10:10:08,052 [Command processor thread] WARN  server.RaftServer (RaftServerProxy.java:remove(99)) - 856c4e2d-a2c2-4358-bc21-0d0c99327a9f: does not contain group: group-054CF680018B
2020-12-29 10:10:08,052 [Command processor thread] ERROR commandhandler.ClosePipelineCommandHandler (ClosePipelineCommandHandler.java:handle(78)) - Can't close pipeline PipelineID=a314d4db-cdc3-4de1-adf4-054cf680018b
java.io.IOException: 856c4e2d-a2c2-4358-bc21-0d0c99327a9f: Group group-054CF680018B not found.
	at org.apache.hadoop.ozone.container.common.transport.server.ratis.XceiverServerRatis.removeGroup(XceiverServerRatis.java:782)
	at org.apache.hadoop.ozone.container.common.statemachine.commandhandler.ClosePipelineCommandHandler.handle(ClosePipelineCommandHandler.java:74)
	at org.apache.hadoop.ozone.container.common.statemachine.commandhandler.CommandDispatcher.handle(CommandDispatcher.java:99)
	at org.apache.hadoop.ozone.container.common.statemachine.DatanodeStateMachine.lambda$initCommandHandlerThread$2(DatanodeStateMachine.java:498)
	at java.lang.Thread.run(Thread.java:748)
Caused by: org.apache.ratis.protocol.exceptions.GroupMismatchException: 856c4e2d-a2c2-4358-bc21-0d0c99327a9f: Group group-054CF680018B not found.
	at org.apache.ratis.server.impl.RaftServerProxy.groupRemoveAsync(RaftServerProxy.java:494)
	at org.apache.ratis.server.impl.RaftServerProxy.groupManagementAsync(RaftServerProxy.java:450)
	at org.apache.ratis.server.impl.RaftServerProxy.groupManagement(RaftServerProxy.java:430)
	at org.apache.hadoop.ozone.container.common.transport.server.ratis.XceiverServerRatis.removeGroup(XceiverServerRatis.java:780)
	... 4 more
2020-12-29 10:10:08,052 [Command processor thread] WARN  server.RaftServer (RaftServerProxy.java:remove(99)) - 856c4e2d-a2c2-4358-bc21-0d0c99327a9f: does not contain group: group-F16552F941CD
2020-12-29 10:10:08,053 [Command processor thread] ERROR commandhandler.ClosePipelineCommandHandler (ClosePipelineCommandHandler.java:handle(78)) - Can't close pipeline PipelineID=edb69426-88b0-48de-aade-f16552f941cd
java.io.IOException: 856c4e2d-a2c2-4358-bc21-0d0c99327a9f: Group group-F16552F941CD not found.
	at org.apache.hadoop.ozone.container.common.transport.server.ratis.XceiverServerRatis.removeGroup(XceiverServerRatis.java:782)
	at org.apache.hadoop.ozone.container.common.statemachine.commandhandler.ClosePipelineCommandHandler.handle(ClosePipelineCommandHandler.java:74)
	at org.apache.hadoop.ozone.container.common.statemachine.commandhandler.CommandDispatcher.handle(CommandDispatcher.java:99)
	at org.apache.hadoop.ozone.container.common.statemachine.DatanodeStateMachine.lambda$initCommandHandlerThread$2(DatanodeStateMachine.java:498)
	at java.lang.Thread.run(Thread.java:748)
Caused by: org.apache.ratis.protocol.exceptions.GroupMismatchException: 856c4e2d-a2c2-4358-bc21-0d0c99327a9f: Group group-F16552F941CD not found.
	at org.apache.ratis.server.impl.RaftServerProxy.groupRemoveAsync(RaftServerProxy.java:494)
	at org.apache.ratis.server.impl.RaftServerProxy.groupManagementAsync(RaftServerProxy.java:450)
	at org.apache.ratis.server.impl.RaftServerProxy.groupManagement(RaftServerProxy.java:430)
	at org.apache.hadoop.ozone.container.common.transport.server.ratis.XceiverServerRatis.removeGroup(XceiverServerRatis.java:780)
	... 4 more
2020-12-29 10:10:08,053 [Command processor thread] WARN  server.RaftServer (RaftServerProxy.java:remove(99)) - 856c4e2d-a2c2-4358-bc21-0d0c99327a9f: does not contain group: group-054CF680018B
2020-12-29 10:10:08,053 [Command processor thread] ERROR commandhandler.ClosePipelineCommandHandler (ClosePipelineCommandHandler.java:handle(78)) - Can't close pipeline PipelineID=a314d4db-cdc3-4de1-adf4-054cf680018b
java.io.IOException: 856c4e2d-a2c2-4358-bc21-0d0c99327a9f: Group group-054CF680018B not found.
	at org.apache.hadoop.ozone.container.common.transport.server.ratis.XceiverServerRatis.removeGroup(XceiverServerRatis.java:782)
	at org.apache.hadoop.ozone.container.common.statemachine.commandhandler.ClosePipelineCommandHandler.handle(ClosePipelineCommandHandler.java:74)
	at org.apache.hadoop.ozone.container.common.statemachine.commandhandler.CommandDispatcher.handle(CommandDispatcher.java:99)
	at org.apache.hadoop.ozone.container.common.statemachine.DatanodeStateMachine.lambda$initCommandHandlerThread$2(DatanodeStateMachine.java:498)
	at java.lang.Thread.run(Thread.java:748)
Caused by: org.apache.ratis.protocol.exceptions.GroupMismatchException: 856c4e2d-a2c2-4358-bc21-0d0c99327a9f: Group group-054CF680018B not found.
	at org.apache.ratis.server.impl.RaftServerProxy.groupRemoveAsync(RaftServerProxy.java:494)
	at org.apache.ratis.server.impl.RaftServerProxy.groupManagementAsync(RaftServerProxy.java:450)
	at org.apache.ratis.server.impl.RaftServerProxy.groupManagement(RaftServerProxy.java:430)
	at org.apache.hadoop.ozone.container.common.transport.server.ratis.XceiverServerRatis.removeGroup(XceiverServerRatis.java:780)
	... 4 more
2020-12-29 10:10:08,053 [Command processor thread] WARN  server.RaftServer (RaftServerProxy.java:remove(99)) - 856c4e2d-a2c2-4358-bc21-0d0c99327a9f: does not contain group: group-F16552F941CD
2020-12-29 10:10:08,053 [Command processor thread] ERROR commandhandler.ClosePipelineCommandHandler (ClosePipelineCommandHandler.java:handle(78)) - Can't close pipeline PipelineID=edb69426-88b0-48de-aade-f16552f941cd
java.io.IOException: 856c4e2d-a2c2-4358-bc21-0d0c99327a9f: Group group-F16552F941CD not found.
	at org.apache.hadoop.ozone.container.common.transport.server.ratis.XceiverServerRatis.removeGroup(XceiverServerRatis.java:782)
	at org.apache.hadoop.ozone.container.common.statemachine.commandhandler.ClosePipelineCommandHandler.handle(ClosePipelineCommandHandler.java:74)
	at org.apache.hadoop.ozone.container.common.statemachine.commandhandler.CommandDispatcher.handle(CommandDispatcher.java:99)
	at org.apache.hadoop.ozone.container.common.statemachine.DatanodeStateMachine.lambda$initCommandHandlerThread$2(DatanodeStateMachine.java:498)
	at java.lang.Thread.run(Thread.java:748)
Caused by: org.apache.ratis.protocol.exceptions.GroupMismatchException: 856c4e2d-a2c2-4358-bc21-0d0c99327a9f: Group group-F16552F941CD not found.
	at org.apache.ratis.server.impl.RaftServerProxy.groupRemoveAsync(RaftServerProxy.java:494)
	at org.apache.ratis.server.impl.RaftServerProxy.groupManagementAsync(RaftServerProxy.java:450)
	at org.apache.ratis.server.impl.RaftServerProxy.groupManagement(RaftServerProxy.java:430)
	at org.apache.hadoop.ozone.container.common.transport.server.ratis.XceiverServerRatis.removeGroup(XceiverServerRatis.java:780)
	... 4 more
2020-12-29 10:10:08,053 [Command processor thread] WARN  server.RaftServer (RaftServerProxy.java:remove(99)) - 856c4e2d-a2c2-4358-bc21-0d0c99327a9f: does not contain group: group-054CF680018B
2020-12-29 10:10:08,053 [Command processor thread] ERROR commandhandler.ClosePipelineCommandHandler (ClosePipelineCommandHandler.java:handle(78)) - Can't close pipeline PipelineID=a314d4db-cdc3-4de1-adf4-054cf680018b
java.io.IOException: 856c4e2d-a2c2-4358-bc21-0d0c99327a9f: Group group-054CF680018B not found.
	at org.apache.hadoop.ozone.container.common.transport.server.ratis.XceiverServerRatis.removeGroup(XceiverServerRatis.java:782)
	at org.apache.hadoop.ozone.container.common.statemachine.commandhandler.ClosePipelineCommandHandler.handle(ClosePipelineCommandHandler.java:74)
	at org.apache.hadoop.ozone.container.common.statemachine.commandhandler.CommandDispatcher.handle(CommandDispatcher.java:99)
	at org.apache.hadoop.ozone.container.common.statemachine.DatanodeStateMachine.lambda$initCommandHandlerThread$2(DatanodeStateMachine.java:498)
	at java.lang.Thread.run(Thread.java:748)
Caused by: org.apache.ratis.protocol.exceptions.GroupMismatchException: 856c4e2d-a2c2-4358-bc21-0d0c99327a9f: Group group-054CF680018B not found.
	at org.apache.ratis.server.impl.RaftServerProxy.groupRemoveAsync(RaftServerProxy.java:494)
	at org.apache.ratis.server.impl.RaftServerProxy.groupManagementAsync(RaftServerProxy.java:450)
	at org.apache.ratis.server.impl.RaftServerProxy.groupManagement(RaftServerProxy.java:430)
	at org.apache.hadoop.ozone.container.common.transport.server.ratis.XceiverServerRatis.removeGroup(XceiverServerRatis.java:780)
	... 4 more
2020-12-29 10:10:08,058 [Command processor thread] WARN  server.RaftServer (RaftServerProxy.java:remove(99)) - 856c4e2d-a2c2-4358-bc21-0d0c99327a9f: does not contain group: group-F16552F941CD
2020-12-29 10:10:08,058 [Command processor thread] ERROR commandhandler.ClosePipelineCommandHandler (ClosePipelineCommandHandler.java:handle(78)) - Can't close pipeline PipelineID=edb69426-88b0-48de-aade-f16552f941cd
java.io.IOException: 856c4e2d-a2c2-4358-bc21-0d0c99327a9f: Group group-F16552F941CD not found.
	at org.apache.hadoop.ozone.container.common.transport.server.ratis.XceiverServerRatis.removeGroup(XceiverServerRatis.java:782)
	at org.apache.hadoop.ozone.container.common.statemachine.commandhandler.ClosePipelineCommandHandler.handle(ClosePipelineCommandHandler.java:74)
	at org.apache.hadoop.ozone.container.common.statemachine.commandhandler.CommandDispatcher.handle(CommandDispatcher.java:99)
	at org.apache.hadoop.ozone.container.common.statemachine.DatanodeStateMachine.lambda$initCommandHandlerThread$2(DatanodeStateMachine.java:498)
	at java.lang.Thread.run(Thread.java:748)
Caused by: org.apache.ratis.protocol.exceptions.GroupMismatchException: 856c4e2d-a2c2-4358-bc21-0d0c99327a9f: Group group-F16552F941CD not found.
	at org.apache.ratis.server.impl.RaftServerProxy.groupRemoveAsync(RaftServerProxy.java:494)
	at org.apache.ratis.server.impl.RaftServerProxy.groupManagementAsync(RaftServerProxy.java:450)
	at org.apache.ratis.server.impl.RaftServerProxy.groupManagement(RaftServerProxy.java:430)
	at org.apache.hadoop.ozone.container.common.transport.server.ratis.XceiverServerRatis.removeGroup(XceiverServerRatis.java:780)
	... 4 more
2020-12-29 10:10:08,058 [Command processor thread] WARN  server.RaftServer (RaftServerProxy.java:remove(99)) - 856c4e2d-a2c2-4358-bc21-0d0c99327a9f: does not contain group: group-054CF680018B
2020-12-29 10:10:08,058 [Command processor thread] ERROR commandhandler.ClosePipelineCommandHandler (ClosePipelineCommandHandler.java:handle(78)) - Can't close pipeline PipelineID=a314d4db-cdc3-4de1-adf4-054cf680018b
java.io.IOException: 856c4e2d-a2c2-4358-bc21-0d0c99327a9f: Group group-054CF680018B not found.
	at org.apache.hadoop.ozone.container.common.transport.server.ratis.XceiverServerRatis.removeGroup(XceiverServerRatis.java:782)
	at org.apache.hadoop.ozone.container.common.statemachine.commandhandler.ClosePipelineCommandHandler.handle(ClosePipelineCommandHandler.java:74)
	at org.apache.hadoop.ozone.container.common.statemachine.commandhandler.CommandDispatcher.handle(CommandDispatcher.java:99)
	at org.apache.hadoop.ozone.container.common.statemachine.DatanodeStateMachine.lambda$initCommandHandlerThread$2(DatanodeStateMachine.java:498)
	at java.lang.Thread.run(Thread.java:748)
Caused by: org.apache.ratis.protocol.exceptions.GroupMismatchException: 856c4e2d-a2c2-4358-bc21-0d0c99327a9f: Group group-054CF680018B not found.
	at org.apache.ratis.server.impl.RaftServerProxy.groupRemoveAsync(RaftServerProxy.java:494)
	at org.apache.ratis.server.impl.RaftServerProxy.groupManagementAsync(RaftServerProxy.java:450)
	at org.apache.ratis.server.impl.RaftServerProxy.groupManagement(RaftServerProxy.java:430)
	at org.apache.hadoop.ozone.container.common.transport.server.ratis.XceiverServerRatis.removeGroup(XceiverServerRatis.java:780)
	... 4 more
2020-12-29 10:10:08,059 [Command processor thread] WARN  server.RaftServer (RaftServerProxy.java:remove(99)) - 856c4e2d-a2c2-4358-bc21-0d0c99327a9f: does not contain group: group-F16552F941CD
2020-12-29 10:10:08,059 [Command processor thread] ERROR commandhandler.ClosePipelineCommandHandler (ClosePipelineCommandHandler.java:handle(78)) - Can't close pipeline PipelineID=edb69426-88b0-48de-aade-f16552f941cd
java.io.IOException: 856c4e2d-a2c2-4358-bc21-0d0c99327a9f: Group group-F16552F941CD not found.
	at org.apache.hadoop.ozone.container.common.transport.server.ratis.XceiverServerRatis.removeGroup(XceiverServerRatis.java:782)
	at org.apache.hadoop.ozone.container.common.statemachine.commandhandler.ClosePipelineCommandHandler.handle(ClosePipelineCommandHandler.java:74)
	at org.apache.hadoop.ozone.container.common.statemachine.commandhandler.CommandDispatcher.handle(CommandDispatcher.java:99)
	at org.apache.hadoop.ozone.container.common.statemachine.DatanodeStateMachine.lambda$initCommandHandlerThread$2(DatanodeStateMachine.java:498)
	at java.lang.Thread.run(Thread.java:748)
Caused by: org.apache.ratis.protocol.exceptions.GroupMismatchException: 856c4e2d-a2c2-4358-bc21-0d0c99327a9f: Group group-F16552F941CD not found.
	at org.apache.ratis.server.impl.RaftServerProxy.groupRemoveAsync(RaftServerProxy.java:494)
	at org.apache.ratis.server.impl.RaftServerProxy.groupManagementAsync(RaftServerProxy.java:450)
	at org.apache.ratis.server.impl.RaftServerProxy.groupManagement(RaftServerProxy.java:430)
	at org.apache.hadoop.ozone.container.common.transport.server.ratis.XceiverServerRatis.removeGroup(XceiverServerRatis.java:780)
	... 4 more
2020-12-29 10:10:08,059 [Command processor thread] WARN  server.RaftServer (RaftServerProxy.java:remove(99)) - 856c4e2d-a2c2-4358-bc21-0d0c99327a9f: does not contain group: group-054CF680018B
2020-12-29 10:10:08,059 [Command processor thread] ERROR commandhandler.ClosePipelineCommandHandler (ClosePipelineCommandHandler.java:handle(78)) - Can't close pipeline PipelineID=a314d4db-cdc3-4de1-adf4-054cf680018b
java.io.IOException: 856c4e2d-a2c2-4358-bc21-0d0c99327a9f: Group group-054CF680018B not found.
	at org.apache.hadoop.ozone.container.common.transport.server.ratis.XceiverServerRatis.removeGroup(XceiverServerRatis.java:782)
	at org.apache.hadoop.ozone.container.common.statemachine.commandhandler.ClosePipelineCommandHandler.handle(ClosePipelineCommandHandler.java:74)
	at org.apache.hadoop.ozone.container.common.statemachine.commandhandler.CommandDispatcher.handle(CommandDispatcher.java:99)
	at org.apache.hadoop.ozone.container.common.statemachine.DatanodeStateMachine.lambda$initCommandHandlerThread$2(DatanodeStateMachine.java:498)
	at java.lang.Thread.run(Thread.java:748)
Caused by: org.apache.ratis.protocol.exceptions.GroupMismatchException: 856c4e2d-a2c2-4358-bc21-0d0c99327a9f: Group group-054CF680018B not found.
	at org.apache.ratis.server.impl.RaftServerProxy.groupRemoveAsync(RaftServerProxy.java:494)
	at org.apache.ratis.server.impl.RaftServerProxy.groupManagementAsync(RaftServerProxy.java:450)
	at org.apache.ratis.server.impl.RaftServerProxy.groupManagement(RaftServerProxy.java:430)
	at org.apache.hadoop.ozone.container.common.transport.server.ratis.XceiverServerRatis.removeGroup(XceiverServerRatis.java:780)
	... 4 more
2020-12-29 10:10:08,059 [Command processor thread] WARN  server.RaftServer (RaftServerProxy.java:remove(99)) - 856c4e2d-a2c2-4358-bc21-0d0c99327a9f: does not contain group: group-F16552F941CD
2020-12-29 10:10:08,059 [Command processor thread] ERROR commandhandler.ClosePipelineCommandHandler (ClosePipelineCommandHandler.java:handle(78)) - Can't close pipeline PipelineID=edb69426-88b0-48de-aade-f16552f941cd
java.io.IOException: 856c4e2d-a2c2-4358-bc21-0d0c99327a9f: Group group-F16552F941CD not found.
	at org.apache.hadoop.ozone.container.common.transport.server.ratis.XceiverServerRatis.removeGroup(XceiverServerRatis.java:782)
	at org.apache.hadoop.ozone.container.common.statemachine.commandhandler.ClosePipelineCommandHandler.handle(ClosePipelineCommandHandler.java:74)
	at org.apache.hadoop.ozone.container.common.statemachine.commandhandler.CommandDispatcher.handle(CommandDispatcher.java:99)
	at org.apache.hadoop.ozone.container.common.statemachine.DatanodeStateMachine.lambda$initCommandHandlerThread$2(DatanodeStateMachine.java:498)
	at java.lang.Thread.run(Thread.java:748)
Caused by: org.apache.ratis.protocol.exceptions.GroupMismatchException: 856c4e2d-a2c2-4358-bc21-0d0c99327a9f: Group group-F16552F941CD not found.
	at org.apache.ratis.server.impl.RaftServerProxy.groupRemoveAsync(RaftServerProxy.java:494)
	at org.apache.ratis.server.impl.RaftServerProxy.groupManagementAsync(RaftServerProxy.java:450)
	at org.apache.ratis.server.impl.RaftServerProxy.groupManagement(RaftServerProxy.java:430)
	at org.apache.hadoop.ozone.container.common.transport.server.ratis.XceiverServerRatis.removeGroup(XceiverServerRatis.java:780)
	... 4 more
2020-12-29 10:10:08,059 [Command processor thread] WARN  server.RaftServer (RaftServerProxy.java:remove(99)) - 856c4e2d-a2c2-4358-bc21-0d0c99327a9f: does not contain group: group-054CF680018B
2020-12-29 10:10:08,060 [Command processor thread] ERROR commandhandler.ClosePipelineCommandHandler (ClosePipelineCommandHandler.java:handle(78)) - Can't close pipeline PipelineID=a314d4db-cdc3-4de1-adf4-054cf680018b
java.io.IOException: 856c4e2d-a2c2-4358-bc21-0d0c99327a9f: Group group-054CF680018B not found.
	at org.apache.hadoop.ozone.container.common.transport.server.ratis.XceiverServerRatis.removeGroup(XceiverServerRatis.java:782)
	at org.apache.hadoop.ozone.container.common.statemachine.commandhandler.ClosePipelineCommandHandler.handle(ClosePipelineCommandHandler.java:74)
	at org.apache.hadoop.ozone.container.common.statemachine.commandhandler.CommandDispatcher.handle(CommandDispatcher.java:99)
	at org.apache.hadoop.ozone.container.common.statemachine.DatanodeStateMachine.lambda$initCommandHandlerThread$2(DatanodeStateMachine.java:498)
	at java.lang.Thread.run(Thread.java:748)
Caused by: org.apache.ratis.protocol.exceptions.GroupMismatchException: 856c4e2d-a2c2-4358-bc21-0d0c99327a9f: Group group-054CF680018B not found.
	at org.apache.ratis.server.impl.RaftServerProxy.groupRemoveAsync(RaftServerProxy.java:494)
	at org.apache.ratis.server.impl.RaftServerProxy.groupManagementAsync(RaftServerProxy.java:450)
	at org.apache.ratis.server.impl.RaftServerProxy.groupManagement(RaftServerProxy.java:430)
	at org.apache.hadoop.ozone.container.common.transport.server.ratis.XceiverServerRatis.removeGroup(XceiverServerRatis.java:780)
	... 4 more
2020-12-29 10:10:08,060 [Command processor thread] WARN  server.RaftServer (RaftServerProxy.java:remove(99)) - 856c4e2d-a2c2-4358-bc21-0d0c99327a9f: does not contain group: group-F16552F941CD
2020-12-29 10:10:08,060 [Command processor thread] ERROR commandhandler.ClosePipelineCommandHandler (ClosePipelineCommandHandler.java:handle(78)) - Can't close pipeline PipelineID=edb69426-88b0-48de-aade-f16552f941cd
java.io.IOException: 856c4e2d-a2c2-4358-bc21-0d0c99327a9f: Group group-F16552F941CD not found.
	at org.apache.hadoop.ozone.container.common.transport.server.ratis.XceiverServerRatis.removeGroup(XceiverServerRatis.java:782)
	at org.apache.hadoop.ozone.container.common.statemachine.commandhandler.ClosePipelineCommandHandler.handle(ClosePipelineCommandHandler.java:74)
	at org.apache.hadoop.ozone.container.common.statemachine.commandhandler.CommandDispatcher.handle(CommandDispatcher.java:99)
	at org.apache.hadoop.ozone.container.common.statemachine.DatanodeStateMachine.lambda$initCommandHandlerThread$2(DatanodeStateMachine.java:498)
	at java.lang.Thread.run(Thread.java:748)
Caused by: org.apache.ratis.protocol.exceptions.GroupMismatchException: 856c4e2d-a2c2-4358-bc21-0d0c99327a9f: Group group-F16552F941CD not found.
	at org.apache.ratis.server.impl.RaftServerProxy.groupRemoveAsync(RaftServerProxy.java:494)
	at org.apache.ratis.server.impl.RaftServerProxy.groupManagementAsync(RaftServerProxy.java:450)
	at org.apache.ratis.server.impl.RaftServerProxy.groupManagement(RaftServerProxy.java:430)
	at org.apache.hadoop.ozone.container.common.transport.server.ratis.XceiverServerRatis.removeGroup(XceiverServerRatis.java:780)
	... 4 more
2020-12-29 10:10:08,060 [Command processor thread] WARN  server.RaftServer (RaftServerProxy.java:remove(99)) - 856c4e2d-a2c2-4358-bc21-0d0c99327a9f: does not contain group: group-054CF680018B
2020-12-29 10:10:08,060 [Command processor thread] ERROR commandhandler.ClosePipelineCommandHandler (ClosePipelineCommandHandler.java:handle(78)) - Can't close pipeline PipelineID=a314d4db-cdc3-4de1-adf4-054cf680018b
java.io.IOException: 856c4e2d-a2c2-4358-bc21-0d0c99327a9f: Group group-054CF680018B not found.
	at org.apache.hadoop.ozone.container.common.transport.server.ratis.XceiverServerRatis.removeGroup(XceiverServerRatis.java:782)
	at org.apache.hadoop.ozone.container.common.statemachine.commandhandler.ClosePipelineCommandHandler.handle(ClosePipelineCommandHandler.java:74)
	at org.apache.hadoop.ozone.container.common.statemachine.commandhandler.CommandDispatcher.handle(CommandDispatcher.java:99)
	at org.apache.hadoop.ozone.container.common.statemachine.DatanodeStateMachine.lambda$initCommandHandlerThread$2(DatanodeStateMachine.java:498)
	at java.lang.Thread.run(Thread.java:748)
Caused by: org.apache.ratis.protocol.exceptions.GroupMismatchException: 856c4e2d-a2c2-4358-bc21-0d0c99327a9f: Group group-054CF680018B not found.
	at org.apache.ratis.server.impl.RaftServerProxy.groupRemoveAsync(RaftServerProxy.java:494)
	at org.apache.ratis.server.impl.RaftServerProxy.groupManagementAsync(RaftServerProxy.java:450)
	at org.apache.ratis.server.impl.RaftServerProxy.groupManagement(RaftServerProxy.java:430)
	at org.apache.hadoop.ozone.container.common.transport.server.ratis.XceiverServerRatis.removeGroup(XceiverServerRatis.java:780)
	... 4 more
2020-12-29 10:10:08,060 [Command processor thread] WARN  server.RaftServer (RaftServerProxy.java:remove(99)) - 856c4e2d-a2c2-4358-bc21-0d0c99327a9f: does not contain group: group-F16552F941CD
2020-12-29 10:10:08,060 [Command processor thread] ERROR commandhandler.ClosePipelineCommandHandler (ClosePipelineCommandHandler.java:handle(78)) - Can't close pipeline PipelineID=edb69426-88b0-48de-aade-f16552f941cd
java.io.IOException: 856c4e2d-a2c2-4358-bc21-0d0c99327a9f: Group group-F16552F941CD not found.
	at org.apache.hadoop.ozone.container.common.transport.server.ratis.XceiverServerRatis.removeGroup(XceiverServerRatis.java:782)
	at org.apache.hadoop.ozone.container.common.statemachine.commandhandler.ClosePipelineCommandHandler.handle(ClosePipelineCommandHandler.java:74)
	at org.apache.hadoop.ozone.container.common.statemachine.commandhandler.CommandDispatcher.handle(CommandDispatcher.java:99)
	at org.apache.hadoop.ozone.container.common.statemachine.DatanodeStateMachine.lambda$initCommandHandlerThread$2(DatanodeStateMachine.java:498)
	at java.lang.Thread.run(Thread.java:748)
Caused by: org.apache.ratis.protocol.exceptions.GroupMismatchException: 856c4e2d-a2c2-4358-bc21-0d0c99327a9f: Group group-F16552F941CD not found.
	at org.apache.ratis.server.impl.RaftServerProxy.groupRemoveAsync(RaftServerProxy.java:494)
	at org.apache.ratis.server.impl.RaftServerProxy.groupManagementAsync(RaftServerProxy.java:450)
	at org.apache.ratis.server.impl.RaftServerProxy.groupManagement(RaftServerProxy.java:430)
	at org.apache.hadoop.ozone.container.common.transport.server.ratis.XceiverServerRatis.removeGroup(XceiverServerRatis.java:780)
	... 4 more
2020-12-29 10:10:08,060 [Command processor thread] WARN  server.RaftServer (RaftServerProxy.java:remove(99)) - 856c4e2d-a2c2-4358-bc21-0d0c99327a9f: does not contain group: group-054CF680018B
2020-12-29 10:10:08,060 [Command processor thread] ERROR commandhandler.ClosePipelineCommandHandler (ClosePipelineCommandHandler.java:handle(78)) - Can't close pipeline PipelineID=a314d4db-cdc3-4de1-adf4-054cf680018b
java.io.IOException: 856c4e2d-a2c2-4358-bc21-0d0c99327a9f: Group group-054CF680018B not found.
	at org.apache.hadoop.ozone.container.common.transport.server.ratis.XceiverServerRatis.removeGroup(XceiverServerRatis.java:782)
	at org.apache.hadoop.ozone.container.common.statemachine.commandhandler.ClosePipelineCommandHandler.handle(ClosePipelineCommandHandler.java:74)
	at org.apache.hadoop.ozone.container.common.statemachine.commandhandler.CommandDispatcher.handle(CommandDispatcher.java:99)
	at org.apache.hadoop.ozone.container.common.statemachine.DatanodeStateMachine.lambda$initCommandHandlerThread$2(DatanodeStateMachine.java:498)
	at java.lang.Thread.run(Thread.java:748)
Caused by: org.apache.ratis.protocol.exceptions.GroupMismatchException: 856c4e2d-a2c2-4358-bc21-0d0c99327a9f: Group group-054CF680018B not found.
	at org.apache.ratis.server.impl.RaftServerProxy.groupRemoveAsync(RaftServerProxy.java:494)
	at org.apache.ratis.server.impl.RaftServerProxy.groupManagementAsync(RaftServerProxy.java:450)
	at org.apache.ratis.server.impl.RaftServerProxy.groupManagement(RaftServerProxy.java:430)
	at org.apache.hadoop.ozone.container.common.transport.server.ratis.XceiverServerRatis.removeGroup(XceiverServerRatis.java:780)
	... 4 more
2020-12-29 10:10:08,061 [Command processor thread] WARN  server.RaftServer (RaftServerProxy.java:remove(99)) - 856c4e2d-a2c2-4358-bc21-0d0c99327a9f: does not contain group: group-F16552F941CD
2020-12-29 10:10:08,061 [Command processor thread] ERROR commandhandler.ClosePipelineCommandHandler (ClosePipelineCommandHandler.java:handle(78)) - Can't close pipeline PipelineID=edb69426-88b0-48de-aade-f16552f941cd
java.io.IOException: 856c4e2d-a2c2-4358-bc21-0d0c99327a9f: Group group-F16552F941CD not found.
	at org.apache.hadoop.ozone.container.common.transport.server.ratis.XceiverServerRatis.removeGroup(XceiverServerRatis.java:782)
	at org.apache.hadoop.ozone.container.common.statemachine.commandhandler.ClosePipelineCommandHandler.handle(ClosePipelineCommandHandler.java:74)
	at org.apache.hadoop.ozone.container.common.statemachine.commandhandler.CommandDispatcher.handle(CommandDispatcher.java:99)
	at org.apache.hadoop.ozone.container.common.statemachine.DatanodeStateMachine.lambda$initCommandHandlerThread$2(DatanodeStateMachine.java:498)
	at java.lang.Thread.run(Thread.java:748)
Caused by: org.apache.ratis.protocol.exceptions.GroupMismatchException: 856c4e2d-a2c2-4358-bc21-0d0c99327a9f: Group group-F16552F941CD not found.
	at org.apache.ratis.server.impl.RaftServerProxy.groupRemoveAsync(RaftServerProxy.java:494)
	at org.apache.ratis.server.impl.RaftServerProxy.groupManagementAsync(RaftServerProxy.java:450)
	at org.apache.ratis.server.impl.RaftServerProxy.groupManagement(RaftServerProxy.java:430)
	at org.apache.hadoop.ozone.container.common.transport.server.ratis.XceiverServerRatis.removeGroup(XceiverServerRatis.java:780)
	... 4 more
2020-12-29 10:10:08,062 [Command processor thread] WARN  server.RaftServer (RaftServerProxy.java:remove(99)) - 856c4e2d-a2c2-4358-bc21-0d0c99327a9f: does not contain group: group-054CF680018B
2020-12-29 10:10:08,062 [Command processor thread] ERROR commandhandler.ClosePipelineCommandHandler (ClosePipelineCommandHandler.java:handle(78)) - Can't close pipeline PipelineID=a314d4db-cdc3-4de1-adf4-054cf680018b
java.io.IOException: 856c4e2d-a2c2-4358-bc21-0d0c99327a9f: Group group-054CF680018B not found.
	at org.apache.hadoop.ozone.container.common.transport.server.ratis.XceiverServerRatis.removeGroup(XceiverServerRatis.java:782)
	at org.apache.hadoop.ozone.container.common.statemachine.commandhandler.ClosePipelineCommandHandler.handle(ClosePipelineCommandHandler.java:74)
	at org.apache.hadoop.ozone.container.common.statemachine.commandhandler.CommandDispatcher.handle(CommandDispatcher.java:99)
	at org.apache.hadoop.ozone.container.common.statemachine.DatanodeStateMachine.lambda$initCommandHandlerThread$2(DatanodeStateMachine.java:498)
	at java.lang.Thread.run(Thread.java:748)
Caused by: org.apache.ratis.protocol.exceptions.GroupMismatchException: 856c4e2d-a2c2-4358-bc21-0d0c99327a9f: Group group-054CF680018B not found.
	at org.apache.ratis.server.impl.RaftServerProxy.groupRemoveAsync(RaftServerProxy.java:494)
	at org.apache.ratis.server.impl.RaftServerProxy.groupManagementAsync(RaftServerProxy.java:450)
	at org.apache.ratis.server.impl.RaftServerProxy.groupManagement(RaftServerProxy.java:430)
	at org.apache.hadoop.ozone.container.common.transport.server.ratis.XceiverServerRatis.removeGroup(XceiverServerRatis.java:780)
	... 4 more
2020-12-29 10:10:08,335 [ReplicationMonitor] INFO  container.ReplicationManager (ReplicationManager.java:sendCloseCommand(948)) - Sending close container command for container #1 to datanode a606f2ed-cee1-417c-9fe3-1bdc4a375396{ip: 172.17.0.2, host: 79669b543b4d, networkLocation: /default-rack, certSerialId: null, persistedOpState: ENTERING_MAINTENANCE, persistedOpStateExpiryEpochSec: 0}.
2020-12-29 10:10:08,336 [ReplicationMonitor] INFO  container.ReplicationManager (ReplicationManager.java:sendCloseCommand(948)) - Sending close container command for container #1 to datanode 1f50e366-ff39-48ab-b6af-f1dfc503e25e{ip: 172.17.0.2, host: 79669b543b4d, networkLocation: /default-rack, certSerialId: null, persistedOpState: IN_SERVICE, persistedOpStateExpiryEpochSec: 0}.
2020-12-29 10:10:08,336 [ReplicationMonitor] INFO  container.ReplicationManager (ReplicationManager.java:sendCloseCommand(948)) - Sending close container command for container #1 to datanode b063ad5b-b25a-46ed-abed-9b5302f3b533{ip: 172.17.0.2, host: 79669b543b4d, networkLocation: /default-rack, certSerialId: null, persistedOpState: ENTERING_MAINTENANCE, persistedOpStateExpiryEpochSec: 0}.
2020-12-29 10:10:08,336 [ReplicationMonitor] INFO  container.ReplicationManager (ReplicationManager.java:sendCloseCommand(948)) - Sending close container command for container #1 to datanode 211ea4af-eacf-4017-9679-f845244c1f92{ip: 172.17.0.2, host: 79669b543b4d, networkLocation: /default-rack, certSerialId: null, persistedOpState: IN_SERVICE, persistedOpStateExpiryEpochSec: 0}.
2020-12-29 10:10:08,336 [ReplicationMonitor] INFO  container.ReplicationManager (ReplicationManager.java:run(250)) - Replication Monitor Thread took 1 milliseconds for processing 2 containers.
2020-12-29 10:10:08,631 [ContainerReplicationThread-1] INFO  replication.DownloadAndImportReplicator (DownloadAndImportReplicator.java:replicate(106)) - Starting replication of container 1 from [856c4e2d-a2c2-4358-bc21-0d0c99327a9f{ip: 172.17.0.2, host: 79669b543b4d, networkLocation: /default-rack, certSerialId: null, persistedOpState: ENTERING_MAINTENANCE, persistedOpStateExpiryEpochSec: 0}, a606f2ed-cee1-417c-9fe3-1bdc4a375396{ip: 172.17.0.2, host: 79669b543b4d, networkLocation: /default-rack, certSerialId: null, persistedOpState: ENTERING_MAINTENANCE, persistedOpStateExpiryEpochSec: 0}, b063ad5b-b25a-46ed-abed-9b5302f3b533{ip: 172.17.0.2, host: 79669b543b4d, networkLocation: /default-rack, certSerialId: null, persistedOpState: ENTERING_MAINTENANCE, persistedOpStateExpiryEpochSec: 0}]
2020-12-29 10:10:08,636 [grpc-default-executor-0] INFO  replication.GrpcReplicationService (GrpcReplicationService.java:download(52)) - Streaming container data (1) to other datanode
2020-12-29 10:10:08,672 [grpc-default-executor-0] INFO  replication.GrpcOutputStream (GrpcOutputStream.java:close(104)) - Sent 25502 bytes for container 1
2020-12-29 10:10:08,673 [grpc-default-executor-1] INFO  replication.GrpcReplicationClient (GrpcReplicationClient.java:onCompleted(177)) - Container 1 is downloaded to /github/workspace/mnt/ozone/hadoop-ozone/integration-test/target/test-dir/MiniOzoneClusterImpl-b1ea8c03-8e89-4df6-8609-c05021ba0f19/datanode-2/data/replication/work/container-1.tar.gz
2020-12-29 10:10:08,678 [ContainerReplicationThread-1] INFO  replication.DownloadAndImportReplicator (DownloadAndImportReplicator.java:replicate(117)) - Container 1 is downloaded, starting to import.
2020-12-29 10:10:08,703 [ContainerReplicationThread-1] INFO  replication.DownloadAndImportReplicator (DownloadAndImportReplicator.java:replicate(120)) - Container 1 is replicated successfully
2020-12-29 10:10:08,703 [ContainerReplicationThread-1] INFO  replication.ReplicationSupervisor (ReplicationSupervisor.java:run(146)) - Container 1 is replicated.
2020-12-29 10:10:08,931 [DatanodeAdminManager-0] INFO  node.DatanodeAdminMonitorImpl (DatanodeAdminMonitorImpl.java:checkContainersReplicatedOnNode(297)) - b063ad5b-b25a-46ed-abed-9b5302f3b533{ip: 172.17.0.2, host: 79669b543b4d, networkLocation: /default-rack, certSerialId: null, persistedOpState: ENTERING_MAINTENANCE, persistedOpStateExpiryEpochSec: 0} has 2 sufficientlyReplicated, 0 underReplicated and 1 unhealthy containers
2020-12-29 10:10:08,931 [DatanodeAdminManager-0] INFO  node.DatanodeAdminMonitorImpl (DatanodeAdminMonitorImpl.java:checkContainersReplicatedOnNode(297)) - a606f2ed-cee1-417c-9fe3-1bdc4a375396{ip: 172.17.0.2, host: 79669b543b4d, networkLocation: /default-rack, certSerialId: null, persistedOpState: ENTERING_MAINTENANCE, persistedOpStateExpiryEpochSec: 0} has 2 sufficientlyReplicated, 0 underReplicated and 1 unhealthy containers
2020-12-29 10:10:08,931 [DatanodeAdminManager-0] INFO  node.DatanodeAdminMonitorImpl (DatanodeAdminMonitorImpl.java:checkContainersReplicatedOnNode(297)) - 856c4e2d-a2c2-4358-bc21-0d0c99327a9f{ip: 172.17.0.2, host: 79669b543b4d, networkLocation: /default-rack, certSerialId: null, persistedOpState: ENTERING_MAINTENANCE, persistedOpStateExpiryEpochSec: 0} has 2 sufficientlyReplicated, 0 underReplicated and 1 unhealthy containers
2020-12-29 10:10:08,931 [DatanodeAdminManager-0] INFO  node.DatanodeAdminMonitorImpl (DatanodeAdminMonitorImpl.java:run(136)) - There are 3 nodes tracked for decommission and maintenance. 0 pending nodes.
2020-12-29 10:10:09,336 [ReplicationMonitor] INFO  container.ReplicationManager (ReplicationManager.java:sendCloseCommand(948)) - Sending close container command for container #1 to datanode a606f2ed-cee1-417c-9fe3-1bdc4a375396{ip: 172.17.0.2, host: 79669b543b4d, networkLocation: /default-rack, certSerialId: null, persistedOpState: ENTERING_MAINTENANCE, persistedOpStateExpiryEpochSec: 0}.
2020-12-29 10:10:09,336 [ReplicationMonitor] INFO  container.ReplicationManager (ReplicationManager.java:sendCloseCommand(948)) - Sending close container command for container #1 to datanode 1f50e366-ff39-48ab-b6af-f1dfc503e25e{ip: 172.17.0.2, host: 79669b543b4d, networkLocation: /default-rack, certSerialId: null, persistedOpState: IN_SERVICE, persistedOpStateExpiryEpochSec: 0}.
2020-12-29 10:10:09,337 [ReplicationMonitor] INFO  container.ReplicationManager (ReplicationManager.java:sendCloseCommand(948)) - Sending close container command for container #1 to datanode b063ad5b-b25a-46ed-abed-9b5302f3b533{ip: 172.17.0.2, host: 79669b543b4d, networkLocation: /default-rack, certSerialId: null, persistedOpState: ENTERING_MAINTENANCE, persistedOpStateExpiryEpochSec: 0}.
2020-12-29 10:10:09,337 [ReplicationMonitor] INFO  container.ReplicationManager (ReplicationManager.java:sendCloseCommand(948)) - Sending close container command for container #1 to datanode 4259afd6-154d-4eca-a620-cf00c9b631aa{ip: 172.17.0.2, host: 79669b543b4d, networkLocation: /default-rack, certSerialId: null, persistedOpState: IN_SERVICE, persistedOpStateExpiryEpochSec: 0}.
2020-12-29 10:10:09,337 [ReplicationMonitor] INFO  container.ReplicationManager (ReplicationManager.java:sendCloseCommand(948)) - Sending close container command for container #1 to datanode 211ea4af-eacf-4017-9679-f845244c1f92{ip: 172.17.0.2, host: 79669b543b4d, networkLocation: /default-rack, certSerialId: null, persistedOpState: IN_SERVICE, persistedOpStateExpiryEpochSec: 0}.
2020-12-29 10:10:09,337 [ReplicationMonitor] INFO  container.ReplicationManager (ReplicationManager.java:run(250)) - Replication Monitor Thread took 1 milliseconds for processing 2 containers.
2020-12-29 10:10:09,694 [Command processor thread] INFO  keyvalue.KeyValueContainer (KeyValueContainer.java:flushAndSyncDB(388)) - Container 1 is synced with bcsId 73.
2020-12-29 10:10:09,694 [Command processor thread] INFO  keyvalue.KeyValueContainer (KeyValueContainer.java:flushAndSyncDB(388)) - Container 1 is synced with bcsId 73.
2020-12-29 10:10:09,696 [Command processor thread] INFO  keyvalue.KeyValueContainer (KeyValueContainer.java:close(326)) - Container 1 is closed with bcsId 73.
2020-12-29 10:10:09,825 [Command processor thread] INFO  keyvalue.KeyValueContainer (KeyValueContainer.java:flushAndSyncDB(388)) - Container 1 is synced with bcsId 73.
2020-12-29 10:10:09,825 [Command processor thread] INFO  keyvalue.KeyValueContainer (KeyValueContainer.java:flushAndSyncDB(388)) - Container 1 is synced with bcsId 73.
2020-12-29 10:10:09,832 [Command processor thread] INFO  keyvalue.KeyValueContainer (KeyValueContainer.java:close(326)) - Container 1 is closed with bcsId 73.
2020-12-29 10:10:09,850 [Command processor thread] INFO  keyvalue.KeyValueContainer (KeyValueContainer.java:flushAndSyncDB(388)) - Container 1 is synced with bcsId 73.
2020-12-29 10:10:09,850 [Command processor thread] INFO  keyvalue.KeyValueContainer (KeyValueContainer.java:flushAndSyncDB(388)) - Container 1 is synced with bcsId 73.
2020-12-29 10:10:09,854 [Command processor thread] INFO  keyvalue.KeyValueContainer (KeyValueContainer.java:close(326)) - Container 1 is closed with bcsId 73.
2020-12-29 10:10:09,931 [DatanodeAdminManager-0] INFO  node.DatanodeAdminMonitorImpl (DatanodeAdminMonitorImpl.java:checkContainersReplicatedOnNode(297)) - b063ad5b-b25a-46ed-abed-9b5302f3b533{ip: 172.17.0.2, host: 79669b543b4d, networkLocation: /default-rack, certSerialId: null, persistedOpState: ENTERING_MAINTENANCE, persistedOpStateExpiryEpochSec: 0} has 2 sufficientlyReplicated, 0 underReplicated and 1 unhealthy containers
2020-12-29 10:10:09,931 [DatanodeAdminManager-0] INFO  node.DatanodeAdminMonitorImpl (DatanodeAdminMonitorImpl.java:checkContainersReplicatedOnNode(297)) - a606f2ed-cee1-417c-9fe3-1bdc4a375396{ip: 172.17.0.2, host: 79669b543b4d, networkLocation: /default-rack, certSerialId: null, persistedOpState: ENTERING_MAINTENANCE, persistedOpStateExpiryEpochSec: 0} has 2 sufficientlyReplicated, 0 underReplicated and 1 unhealthy containers
2020-12-29 10:10:09,931 [DatanodeAdminManager-0] INFO  node.DatanodeAdminMonitorImpl (DatanodeAdminMonitorImpl.java:checkContainersReplicatedOnNode(297)) - 856c4e2d-a2c2-4358-bc21-0d0c99327a9f{ip: 172.17.0.2, host: 79669b543b4d, networkLocation: /default-rack, certSerialId: null, persistedOpState: ENTERING_MAINTENANCE, persistedOpStateExpiryEpochSec: 0} has 2 sufficientlyReplicated, 0 underReplicated and 1 unhealthy containers
2020-12-29 10:10:09,931 [DatanodeAdminManager-0] INFO  node.DatanodeAdminMonitorImpl (DatanodeAdminMonitorImpl.java:run(136)) - There are 3 nodes tracked for decommission and maintenance. 0 pending nodes.
2020-12-29 10:10:10,037 [Command processor thread] WARN  server.RaftServer (RaftServerProxy.java:remove(99)) - 856c4e2d-a2c2-4358-bc21-0d0c99327a9f: does not contain group: group-F16552F941CD
2020-12-29 10:10:10,037 [Command processor thread] ERROR commandhandler.ClosePipelineCommandHandler (ClosePipelineCommandHandler.java:handle(78)) - Can't close pipeline PipelineID=edb69426-88b0-48de-aade-f16552f941cd
java.io.IOException: 856c4e2d-a2c2-4358-bc21-0d0c99327a9f: Group group-F16552F941CD not found.
	at org.apache.hadoop.ozone.container.common.transport.server.ratis.XceiverServerRatis.removeGroup(XceiverServerRatis.java:782)
	at org.apache.hadoop.ozone.container.common.statemachine.commandhandler.ClosePipelineCommandHandler.handle(ClosePipelineCommandHandler.java:74)
	at org.apache.hadoop.ozone.container.common.statemachine.commandhandler.CommandDispatcher.handle(CommandDispatcher.java:99)
	at org.apache.hadoop.ozone.container.common.statemachine.DatanodeStateMachine.lambda$initCommandHandlerThread$2(DatanodeStateMachine.java:498)
	at java.lang.Thread.run(Thread.java:748)
Caused by: org.apache.ratis.protocol.exceptions.GroupMismatchException: 856c4e2d-a2c2-4358-bc21-0d0c99327a9f: Group group-F16552F941CD not found.
	at org.apache.ratis.server.impl.RaftServerProxy.groupRemoveAsync(RaftServerProxy.java:494)
	at org.apache.ratis.server.impl.RaftServerProxy.groupManagementAsync(RaftServerProxy.java:450)
	at org.apache.ratis.server.impl.RaftServerProxy.groupManagement(RaftServerProxy.java:430)
	at org.apache.hadoop.ozone.container.common.transport.server.ratis.XceiverServerRatis.removeGroup(XceiverServerRatis.java:780)
	... 4 more
2020-12-29 10:10:10,037 [Command processor thread] WARN  server.RaftServer (RaftServerProxy.java:remove(99)) - 856c4e2d-a2c2-4358-bc21-0d0c99327a9f: does not contain group: group-054CF680018B
2020-12-29 10:10:10,038 [Command processor thread] ERROR commandhandler.ClosePipelineCommandHandler (ClosePipelineCommandHandler.java:handle(78)) - Can't close pipeline PipelineID=a314d4db-cdc3-4de1-adf4-054cf680018b
java.io.IOException: 856c4e2d-a2c2-4358-bc21-0d0c99327a9f: Group group-054CF680018B not found.
	at org.apache.hadoop.ozone.container.common.transport.server.ratis.XceiverServerRatis.removeGroup(XceiverServerRatis.java:782)
	at org.apache.hadoop.ozone.container.common.statemachine.commandhandler.ClosePipelineCommandHandler.handle(ClosePipelineCommandHandler.java:74)
	at org.apache.hadoop.ozone.container.common.statemachine.commandhandler.CommandDispatcher.handle(CommandDispatcher.java:99)
	at org.apache.hadoop.ozone.container.common.statemachine.DatanodeStateMachine.lambda$initCommandHandlerThread$2(DatanodeStateMachine.java:498)
	at java.lang.Thread.run(Thread.java:748)
Caused by: org.apache.ratis.protocol.exceptions.GroupMismatchException: 856c4e2d-a2c2-4358-bc21-0d0c99327a9f: Group group-054CF680018B not found.
	at org.apache.ratis.server.impl.RaftServerProxy.groupRemoveAsync(RaftServerProxy.java:494)
	at org.apache.ratis.server.impl.RaftServerProxy.groupManagementAsync(RaftServerProxy.java:450)
	at org.apache.ratis.server.impl.RaftServerProxy.groupManagement(RaftServerProxy.java:430)
	at org.apache.hadoop.ozone.container.common.transport.server.ratis.XceiverServerRatis.removeGroup(XceiverServerRatis.java:780)
	... 4 more
2020-12-29 10:10:10,337 [ReplicationMonitor] INFO  container.ReplicationManager (ReplicationManager.java:sendCloseCommand(948)) - Sending close container command for container #1 to datanode b063ad5b-b25a-46ed-abed-9b5302f3b533{ip: 172.17.0.2, host: 79669b543b4d, networkLocation: /default-rack, certSerialId: null, persistedOpState: ENTERING_MAINTENANCE, persistedOpStateExpiryEpochSec: 0}.
2020-12-29 10:10:10,337 [ReplicationMonitor] INFO  container.ReplicationManager (ReplicationManager.java:sendCloseCommand(948)) - Sending close container command for container #1 to datanode 211ea4af-eacf-4017-9679-f845244c1f92{ip: 172.17.0.2, host: 79669b543b4d, networkLocation: /default-rack, certSerialId: null, persistedOpState: IN_SERVICE, persistedOpStateExpiryEpochSec: 0}.
2020-12-29 10:10:10,338 [ReplicationMonitor] INFO  container.ReplicationManager (ReplicationManager.java:run(250)) - Replication Monitor Thread took 1 milliseconds for processing 2 containers.
2020-12-29 10:10:10,724 [Command processor thread] INFO  keyvalue.KeyValueContainer (KeyValueContainer.java:flushAndSyncDB(388)) - Container 1 is synced with bcsId 73.
2020-12-29 10:10:10,724 [Command processor thread] INFO  keyvalue.KeyValueContainer (KeyValueContainer.java:flushAndSyncDB(388)) - Container 1 is synced with bcsId 73.
2020-12-29 10:10:10,726 [Command processor thread] INFO  keyvalue.KeyValueContainer (KeyValueContainer.java:close(326)) - Container 1 is closed with bcsId 73.
2020-12-29 10:10:10,838 [Command processor thread] INFO  keyvalue.KeyValueContainer (KeyValueContainer.java:flushAndSyncDB(388)) - Container 1 is synced with bcsId 73.
2020-12-29 10:10:10,838 [Command processor thread] INFO  keyvalue.KeyValueContainer (KeyValueContainer.java:flushAndSyncDB(388)) - Container 1 is synced with bcsId 73.
2020-12-29 10:10:10,840 [Command processor thread] INFO  keyvalue.KeyValueContainer (KeyValueContainer.java:close(326)) - Container 1 is closed with bcsId 73.
2020-12-29 10:10:10,930 [DatanodeAdminManager-0] INFO  node.DatanodeAdminMonitorImpl (DatanodeAdminMonitorImpl.java:checkContainersReplicatedOnNode(297)) - b063ad5b-b25a-46ed-abed-9b5302f3b533{ip: 172.17.0.2, host: 79669b543b4d, networkLocation: /default-rack, certSerialId: null, persistedOpState: ENTERING_MAINTENANCE, persistedOpStateExpiryEpochSec: 0} has 2 sufficientlyReplicated, 0 underReplicated and 0 unhealthy containers
2020-12-29 10:10:10,931 [DatanodeAdminManager-0] INFO  node.DatanodeAdminMonitorImpl (DatanodeAdminMonitorImpl.java:putIntoMaintenance(313)) - Datanode b063ad5b-b25a-46ed-abed-9b5302f3b533{ip: 172.17.0.2, host: 79669b543b4d, networkLocation: /default-rack, certSerialId: null, persistedOpState: ENTERING_MAINTENANCE, persistedOpStateExpiryEpochSec: 0} has entered maintenance
2020-12-29 10:10:10,931 [DatanodeAdminManager-0] INFO  node.DatanodeAdminMonitorImpl (DatanodeAdminMonitorImpl.java:checkContainersReplicatedOnNode(297)) - a606f2ed-cee1-417c-9fe3-1bdc4a375396{ip: 172.17.0.2, host: 79669b543b4d, networkLocation: /default-rack, certSerialId: null, persistedOpState: ENTERING_MAINTENANCE, persistedOpStateExpiryEpochSec: 0} has 2 sufficientlyReplicated, 0 underReplicated and 0 unhealthy containers
2020-12-29 10:10:10,931 [DatanodeAdminManager-0] INFO  node.DatanodeAdminMonitorImpl (DatanodeAdminMonitorImpl.java:putIntoMaintenance(313)) - Datanode a606f2ed-cee1-417c-9fe3-1bdc4a375396{ip: 172.17.0.2, host: 79669b543b4d, networkLocation: /default-rack, certSerialId: null, persistedOpState: ENTERING_MAINTENANCE, persistedOpStateExpiryEpochSec: 0} has entered maintenance
2020-12-29 10:10:10,931 [DatanodeAdminManager-0] INFO  node.DatanodeAdminMonitorImpl (DatanodeAdminMonitorImpl.java:checkContainersReplicatedOnNode(297)) - 856c4e2d-a2c2-4358-bc21-0d0c99327a9f{ip: 172.17.0.2, host: 79669b543b4d, networkLocation: /default-rack, certSerialId: null, persistedOpState: ENTERING_MAINTENANCE, persistedOpStateExpiryEpochSec: 0} has 2 sufficientlyReplicated, 0 underReplicated and 0 unhealthy containers
2020-12-29 10:10:10,931 [DatanodeAdminManager-0] INFO  node.DatanodeAdminMonitorImpl (DatanodeAdminMonitorImpl.java:putIntoMaintenance(313)) - Datanode 856c4e2d-a2c2-4358-bc21-0d0c99327a9f{ip: 172.17.0.2, host: 79669b543b4d, networkLocation: /default-rack, certSerialId: null, persistedOpState: ENTERING_MAINTENANCE, persistedOpStateExpiryEpochSec: 0} has entered maintenance
2020-12-29 10:10:10,931 [DatanodeAdminManager-0] INFO  node.DatanodeAdminMonitorImpl (DatanodeAdminMonitorImpl.java:run(136)) - There are 3 nodes tracked for decommission and maintenance. 0 pending nodes.
2020-12-29 10:10:11,038 [IPC Server handler 19 on default port 35001] INFO  node.SCMNodeManager (SCMNodeManager.java:updateDatanodeOpState(419)) - Scheduling a command to update the operationalState persisted on the datanode as the reported value (ENTERING_MAINTENANCE, 0) does not match the value stored in SCM (IN_MAINTENANCE, 0)
2020-12-29 10:10:11,338 [ReplicationMonitor] INFO  container.ReplicationManager (ReplicationManager.java:run(250)) - Replication Monitor Thread took 0 milliseconds for processing 2 containers.
2020-12-29 10:10:11,833 [IPC Server handler 16 on default port 35001] INFO  node.SCMNodeManager (SCMNodeManager.java:updateDatanodeOpState(419)) - Scheduling a command to update the operationalState persisted on the datanode as the reported value (ENTERING_MAINTENANCE, 0) does not match the value stored in SCM (IN_MAINTENANCE, 0)
2020-12-29 10:10:11,841 [IPC Server handler 0 on default port 35001] INFO  node.SCMNodeManager (SCMNodeManager.java:updateDatanodeOpState(419)) - Scheduling a command to update the operationalState persisted on the datanode as the reported value (ENTERING_MAINTENANCE, 0) does not match the value stored in SCM (IN_MAINTENANCE, 0)
2020-12-29 10:10:11,930 [DatanodeAdminManager-0] INFO  node.DatanodeAdminMonitorImpl (DatanodeAdminMonitorImpl.java:run(136)) - There are 3 nodes tracked for decommission and maintenance. 0 pending nodes.
2020-12-29 10:10:12,037 [Command processor thread] WARN  server.RaftServer (RaftServerProxy.java:remove(99)) - 856c4e2d-a2c2-4358-bc21-0d0c99327a9f: does not contain group: group-F16552F941CD
2020-12-29 10:10:12,037 [Command processor thread] ERROR commandhandler.ClosePipelineCommandHandler (ClosePipelineCommandHandler.java:handle(78)) - Can't close pipeline PipelineID=edb69426-88b0-48de-aade-f16552f941cd
java.io.IOException: 856c4e2d-a2c2-4358-bc21-0d0c99327a9f: Group group-F16552F941CD not found.
	at org.apache.hadoop.ozone.container.common.transport.server.ratis.XceiverServerRatis.removeGroup(XceiverServerRatis.java:782)
	at org.apache.hadoop.ozone.container.common.statemachine.commandhandler.ClosePipelineCommandHandler.handle(ClosePipelineCommandHandler.java:74)
	at org.apache.hadoop.ozone.container.common.statemachine.commandhandler.CommandDispatcher.handle(CommandDispatcher.java:99)
	at org.apache.hadoop.ozone.container.common.statemachine.DatanodeStateMachine.lambda$initCommandHandlerThread$2(DatanodeStateMachine.java:498)
	at java.lang.Thread.run(Thread.java:748)
Caused by: org.apache.ratis.protocol.exceptions.GroupMismatchException: 856c4e2d-a2c2-4358-bc21-0d0c99327a9f: Group group-F16552F941CD not found.
	at org.apache.ratis.server.impl.RaftServerProxy.groupRemoveAsync(RaftServerProxy.java:494)
	at org.apache.ratis.server.impl.RaftServerProxy.groupManagementAsync(RaftServerProxy.java:450)
	at org.apache.ratis.server.impl.RaftServerProxy.groupManagement(RaftServerProxy.java:430)
	at org.apache.hadoop.ozone.container.common.transport.server.ratis.XceiverServerRatis.removeGroup(XceiverServerRatis.java:780)
	... 4 more
2020-12-29 10:10:12,037 [Command processor thread] WARN  server.RaftServer (RaftServerProxy.java:remove(99)) - 856c4e2d-a2c2-4358-bc21-0d0c99327a9f: does not contain group: group-054CF680018B
2020-12-29 10:10:12,037 [Command processor thread] ERROR commandhandler.ClosePipelineCommandHandler (ClosePipelineCommandHandler.java:handle(78)) - Can't close pipeline PipelineID=a314d4db-cdc3-4de1-adf4-054cf680018b
java.io.IOException: 856c4e2d-a2c2-4358-bc21-0d0c99327a9f: Group group-054CF680018B not found.
	at org.apache.hadoop.ozone.container.common.transport.server.ratis.XceiverServerRatis.removeGroup(XceiverServerRatis.java:782)
	at org.apache.hadoop.ozone.container.common.statemachine.commandhandler.ClosePipelineCommandHandler.handle(ClosePipelineCommandHandler.java:74)
	at org.apache.hadoop.ozone.container.common.statemachine.commandhandler.CommandDispatcher.handle(CommandDispatcher.java:99)
	at org.apache.hadoop.ozone.container.common.statemachine.DatanodeStateMachine.lambda$initCommandHandlerThread$2(DatanodeStateMachine.java:498)
	at java.lang.Thread.run(Thread.java:748)
Caused by: org.apache.ratis.protocol.exceptions.GroupMismatchException: 856c4e2d-a2c2-4358-bc21-0d0c99327a9f: Group group-054CF680018B not found.
	at org.apache.ratis.server.impl.RaftServerProxy.groupRemoveAsync(RaftServerProxy.java:494)
	at org.apache.ratis.server.impl.RaftServerProxy.groupManagementAsync(RaftServerProxy.java:450)
	at org.apache.ratis.server.impl.RaftServerProxy.groupManagement(RaftServerProxy.java:430)
	at org.apache.hadoop.ozone.container.common.transport.server.ratis.XceiverServerRatis.removeGroup(XceiverServerRatis.java:780)
	... 4 more
2020-12-29 10:10:12,039 [IPC Server handler 19 on default port 35001] INFO  node.SCMNodeManager (SCMNodeManager.java:updateDatanodeOpState(419)) - Scheduling a command to update the operationalState persisted on the datanode as the reported value (ENTERING_MAINTENANCE, 0) does not match the value stored in SCM (IN_MAINTENANCE, 0)
2020-12-29 10:10:12,339 [ReplicationMonitor] INFO  container.ReplicationManager (ReplicationManager.java:run(250)) - Replication Monitor Thread took 0 milliseconds for processing 2 containers.
2020-12-29 10:10:12,833 [IPC Server handler 16 on default port 35001] INFO  node.SCMNodeManager (SCMNodeManager.java:updateDatanodeOpState(419)) - Scheduling a command to update the operationalState persisted on the datanode as the reported value (ENTERING_MAINTENANCE, 0) does not match the value stored in SCM (IN_MAINTENANCE, 0)
2020-12-29 10:10:12,930 [DatanodeAdminManager-0] INFO  node.DatanodeAdminMonitorImpl (DatanodeAdminMonitorImpl.java:run(136)) - There are 3 nodes tracked for decommission and maintenance. 0 pending nodes.
2020-12-29 10:10:13,091 [Thread-1154] INFO  impl.FollowerState (FollowerState.java:lostMajorityHeartbeatsRecently(106)) - 856c4e2d-a2c2-4358-bc21-0d0c99327a9f@group-F16552F941CD-FollowerState: Skipping leader election since it stepped down recently (elapsed = 5066ms < waitTime = 10s)
2020-12-29 10:10:13,339 [ReplicationMonitor] INFO  container.ReplicationManager (ReplicationManager.java:run(250)) - Replication Monitor Thread took 1 milliseconds for processing 2 containers.
2020-12-29 10:10:13,930 [DatanodeAdminManager-0] INFO  node.DatanodeAdminMonitorImpl (DatanodeAdminMonitorImpl.java:run(136)) - There are 3 nodes tracked for decommission and maintenance. 0 pending nodes.
2020-12-29 10:10:13,976 [Listener at 127.0.0.1/41413] INFO  ozone.MiniOzoneClusterImpl (MiniOzoneClusterImpl.java:shutdown(388)) - Shutting down the Mini Ozone Cluster
2020-12-29 10:10:13,977 [Listener at 127.0.0.1/41413] INFO  ozone.MiniOzoneClusterImpl (MiniOzoneClusterImpl.java:stop(403)) - Stopping the Mini Ozone Cluster
2020-12-29 10:10:13,977 [Listener at 127.0.0.1/41413] INFO  ozone.MiniOzoneClusterImpl (MiniOzoneClusterImpl.java:stopOM(485)) - Stopping the OzoneManager
2020-12-29 10:10:13,977 [Listener at 127.0.0.1/41413] INFO  ipc.Server (Server.java:stop(3359)) - Stopping server on 41413
2020-12-29 10:10:13,983 [IPC Server listener on 0] INFO  ipc.Server (Server.java:run(1330)) - Stopping IPC Server listener on 0
2020-12-29 10:10:13,983 [IPC Server Responder] INFO  ipc.Server (Server.java:run(1465)) - Stopping IPC Server Responder
2020-12-29 10:10:13,983 [Listener at 127.0.0.1/41413] INFO  ratis.OzoneManagerDoubleBuffer (OzoneManagerDoubleBuffer.java:stop(457)) - Stopping OMDoubleBuffer flush thread
2020-12-29 10:10:13,983 [OMDoubleBufferFlushThread] INFO  ratis.OzoneManagerDoubleBuffer (OzoneManagerDoubleBuffer.java:flushTransactions(356)) - OMDoubleBuffer flush thread OMDoubleBufferFlushThread is interrupted and will exit. OMDoubleBufferFlushThread
2020-12-29 10:10:13,984 [Listener at 127.0.0.1/41413] INFO  utils.BackgroundService (BackgroundService.java:shutdown(132)) - Shutting down service KeyDeletingService
2020-12-29 10:10:13,985 [Listener at 127.0.0.1/41413] INFO  handler.ContextHandler (ContextHandler.java:doStop(1154)) - Stopped o.e.j.w.WebAppContext@15652e7e{ozoneManager,/,null,STOPPED}{file:/github/workspace/mnt/ozone/hadoop-ozone/integration-test/target/test-classes/webapps/ozoneManager}
2020-12-29 10:10:13,988 [Listener at 127.0.0.1/41413] INFO  server.AbstractConnector (AbstractConnector.java:doStop(381)) - Stopped ServerConnector@57e3a1b8{HTTP/1.1, (http/1.1)}{0.0.0.0:0}
2020-12-29 10:10:13,988 [Listener at 127.0.0.1/41413] INFO  server.session (HouseKeeper.java:stopScavenging(149)) - node0 Stopped scavenging
2020-12-29 10:10:13,988 [Listener at 127.0.0.1/41413] INFO  handler.ContextHandler (ContextHandler.java:doStop(1154)) - Stopped o.e.j.s.ServletContextHandler@4e0d2ddd{static,/static,file:///github/workspace/mnt/ozone/hadoop-ozone/integration-test/target/test-classes/webapps/static,STOPPED}
2020-12-29 10:10:13,988 [Listener at 127.0.0.1/41413] INFO  handler.ContextHandler (ContextHandler.java:doStop(1154)) - Stopped o.e.j.s.ServletContextHandler@2d6dbcec{logs,/logs,file:///github/workspace/mnt/ozone/hadoop-ozone/integration-test/target/log,STOPPED}
2020-12-29 10:10:13,991 [Listener at 127.0.0.1/41413] INFO  ozone.MiniOzoneClusterImpl (MiniOzoneClusterImpl.java:stopDatanodes(462)) - Stopping the HddsDatanodes
2020-12-29 10:10:14,036 [Datanode State Machine Thread - 0] INFO  statemachine.DatanodeStateMachine (DatanodeStateMachine.java:lambda$startDaemon$0(408)) - Ozone container server started.
2020-12-29 10:10:14,340 [ReplicationMonitor] INFO  container.ReplicationManager (ReplicationManager.java:run(250)) - Replication Monitor Thread took 0 milliseconds for processing 2 containers.
2020-12-29 10:10:14,638 [Datanode State Machine Thread - 0] INFO  statemachine.DatanodeStateMachine (DatanodeStateMachine.java:lambda$startDaemon$0(408)) - Ozone container server started.
2020-12-29 10:10:14,640 [ForkJoinPool.commonPool-worker-1] INFO  ozoneimpl.OzoneContainer (OzoneContainer.java:stop(257)) - Attempting to stop container services.
2020-12-29 10:10:14,640 [ForkJoinPool.commonPool-worker-1] INFO  server.RaftServer (RaftServerProxy.java:lambda$close$6(387)) - 1f50e366-ff39-48ab-b6af-f1dfc503e25e: close
2020-12-29 10:10:14,640 [ForkJoinPool.commonPool-worker-1] INFO  server.RaftServer$Division (RaftServerImpl.java:lambda$close$4(397)) - 1f50e366-ff39-48ab-b6af-f1dfc503e25e@group-B7CC0A01BF5F: shutdown
2020-12-29 10:10:14,641 [ForkJoinPool.commonPool-worker-1] INFO  util.JmxRegister (JmxRegister.java:unregister(73)) - Successfully un-registered JMX Bean with object name Ratis:service=RaftServer,group=group-B7CC0A01BF5F,id=1f50e366-ff39-48ab-b6af-f1dfc503e25e
2020-12-29 10:10:14,641 [ForkJoinPool.commonPool-worker-1] INFO  impl.RoleInfo (RoleInfo.java:shutdownLeaderState(91)) - 1f50e366-ff39-48ab-b6af-f1dfc503e25e: shutdown 1f50e366-ff39-48ab-b6af-f1dfc503e25e@group-B7CC0A01BF5F-LeaderStateImpl
2020-12-29 10:10:14,641 [ForkJoinPool.commonPool-worker-1] INFO  impl.PendingRequests (PendingRequests.java:sendNotLeaderResponses(249)) - 1f50e366-ff39-48ab-b6af-f1dfc503e25e@group-B7CC0A01BF5F-PendingRequests: sendNotLeaderResponses
2020-12-29 10:10:14,641 [ForkJoinPool.commonPool-worker-1] INFO  metrics.RatisMetrics (RatisMetrics.java:unregister(43)) - Unregistering Metrics Registry : ratis.log_appender.1f50e366-ff39-48ab-b6af-f1dfc503e25e@group-B7CC0A01BF5F
2020-12-29 10:10:14,641 [ForkJoinPool.commonPool-worker-1] INFO  metrics.RatisMetrics (RatisMetrics.java:unregister(43)) - Unregistering Metrics Registry : ratis.server.1f50e366-ff39-48ab-b6af-f1dfc503e25e@group-B7CC0A01BF5F
2020-12-29 10:10:14,642 [ForkJoinPool.commonPool-worker-1] INFO  impl.StateMachineUpdater (StateMachineUpdater.java:stopAndJoin(148)) - 1f50e366-ff39-48ab-b6af-f1dfc503e25e@group-B7CC0A01BF5F-StateMachineUpdater: set stopIndex = 0
2020-12-29 10:10:14,642 [1f50e366-ff39-48ab-b6af-f1dfc503e25e@group-B7CC0A01BF5F-StateMachineUpdater] INFO  ratis.ContainerStateMachine (ContainerStateMachine.java:takeSnapshot(291)) - group-B7CC0A01BF5F: Taking a snapshot at:(t:1, i:0) file /github/workspace/mnt/ozone/hadoop-ozone/integration-test/target/test-dir/MiniOzoneClusterImpl-b1ea8c03-8e89-4df6-8609-c05021ba0f19/datanode-1/data/ratis/446ab009-3380-42be-b246-b7cc0a01bf5f/sm/snapshot.1_0
2020-12-29 10:10:14,643 [1f50e366-ff39-48ab-b6af-f1dfc503e25e@group-B7CC0A01BF5F-StateMachineUpdater] INFO  ratis.ContainerStateMachine (ContainerStateMachine.java:takeSnapshot(302)) - group-B7CC0A01BF5F: Finished taking a snapshot at:(t:1, i:0) file:/github/workspace/mnt/ozone/hadoop-ozone/integration-test/target/test-dir/MiniOzoneClusterImpl-b1ea8c03-8e89-4df6-8609-c05021ba0f19/datanode-1/data/ratis/446ab009-3380-42be-b246-b7cc0a01bf5f/sm/snapshot.1_0 time:1
2020-12-29 10:10:14,643 [1f50e366-ff39-48ab-b6af-f1dfc503e25e@group-B7CC0A01BF5F-StateMachineUpdater] INFO  impl.StateMachineUpdater (StateMachineUpdater.java:takeSnapshot(279)) - 1f50e366-ff39-48ab-b6af-f1dfc503e25e@group-B7CC0A01BF5F-StateMachineUpdater: Took a snapshot at index 0
2020-12-29 10:10:14,643 [1f50e366-ff39-48ab-b6af-f1dfc503e25e@group-B7CC0A01BF5F-StateMachineUpdater] INFO  impl.StateMachineUpdater (StateMachineUpdater.java:lambda$new$0(88)) - 1f50e366-ff39-48ab-b6af-f1dfc503e25e@group-B7CC0A01BF5F-StateMachineUpdater: snapshotIndex: updateIncreasingly -1 -> 0
2020-12-29 10:10:14,643 [1f50e366-ff39-48ab-b6af-f1dfc503e25e@group-B7CC0A01BF5F-StateMachineUpdater] INFO  metrics.RatisMetrics (RatisMetrics.java:unregister(43)) - Unregistering Metrics Registry : ratis.state_machine.1f50e366-ff39-48ab-b6af-f1dfc503e25e@group-B7CC0A01BF5F
2020-12-29 10:10:14,643 [ForkJoinPool.commonPool-worker-1] INFO  server.RaftServer$Division (ServerState.java:close(406)) - 1f50e366-ff39-48ab-b6af-f1dfc503e25e@group-B7CC0A01BF5F: closes. applyIndex: 0
2020-12-29 10:10:14,644 [1f50e366-ff39-48ab-b6af-f1dfc503e25e@group-B7CC0A01BF5F-SegmentedRaftLogWorker] INFO  segmented.SegmentedRaftLogWorker (SegmentedRaftLogWorker.java:run(326)) - 1f50e366-ff39-48ab-b6af-f1dfc503e25e@group-B7CC0A01BF5F-SegmentedRaftLogWorker was interrupted, exiting. There are 0 tasks remaining in the queue.
2020-12-29 10:10:14,644 [ForkJoinPool.commonPool-worker-1] INFO  segmented.SegmentedRaftLogWorker (SegmentedRaftLogWorker.java:close(236)) - 1f50e366-ff39-48ab-b6af-f1dfc503e25e@group-B7CC0A01BF5F-SegmentedRaftLogWorker close()
2020-12-29 10:10:14,644 [ForkJoinPool.commonPool-worker-1] INFO  metrics.RatisMetrics (RatisMetrics.java:unregister(43)) - Unregistering Metrics Registry : ratis.log_worker.1f50e366-ff39-48ab-b6af-f1dfc503e25e@group-B7CC0A01BF5F
2020-12-29 10:10:14,644 [ForkJoinPool.commonPool-worker-1] INFO  metrics.RatisMetrics (RatisMetrics.java:unregister(43)) - Unregistering Metrics Registry : ratis.leader_election.1f50e366-ff39-48ab-b6af-f1dfc503e25e@group-B7CC0A01BF5F
2020-12-29 10:10:14,644 [ForkJoinPool.commonPool-worker-1] INFO  metrics.RatisMetrics (RatisMetrics.java:unregister(43)) - Unregistering Metrics Registry : ratis.server.1f50e366-ff39-48ab-b6af-f1dfc503e25e@group-B7CC0A01BF5F
2020-12-29 10:10:14,644 [ForkJoinPool.commonPool-worker-1] INFO  server.RaftServer$Division (RaftServerImpl.java:lambda$close$4(397)) - 1f50e366-ff39-48ab-b6af-f1dfc503e25e@group-DCAE17C04CCD: shutdown
2020-12-29 10:10:14,645 [ForkJoinPool.commonPool-worker-1] INFO  util.JmxRegister (JmxRegister.java:unregister(73)) - Successfully un-registered JMX Bean with object name Ratis:service=RaftServer,group=group-DCAE17C04CCD,id=1f50e366-ff39-48ab-b6af-f1dfc503e25e
2020-12-29 10:10:14,645 [ForkJoinPool.commonPool-worker-1] INFO  impl.RoleInfo (RoleInfo.java:shutdownFollowerState(108)) - 1f50e366-ff39-48ab-b6af-f1dfc503e25e: shutdown 1f50e366-ff39-48ab-b6af-f1dfc503e25e@group-DCAE17C04CCD-FollowerState
2020-12-29 10:10:14,645 [Thread-1145] INFO  impl.FollowerState (FollowerState.java:run(142)) - 1f50e366-ff39-48ab-b6af-f1dfc503e25e@group-DCAE17C04CCD-FollowerState was interrupted: {}
java.lang.InterruptedException: sleep interrupted
	at java.lang.Thread.sleep(Native Method)
	at java.lang.Thread.sleep(Thread.java:340)
	at java.util.concurrent.TimeUnit.sleep(TimeUnit.java:386)
	at org.apache.ratis.util.TimeDuration.sleep(TimeDuration.java:319)
	at org.apache.ratis.util.TimeDuration.sleep(TimeDuration.java:304)
	at org.apache.ratis.server.impl.FollowerState.run(FollowerState.java:117)
2020-12-29 10:10:14,646 [1f50e366-ff39-48ab-b6af-f1dfc503e25e@group-DCAE17C04CCD-StateMachineUpdater] INFO  ratis.ContainerStateMachine (ContainerStateMachine.java:takeSnapshot(291)) - group-DCAE17C04CCD: Taking a snapshot at:(t:2, i:0) file /github/workspace/mnt/ozone/hadoop-ozone/integration-test/target/test-dir/MiniOzoneClusterImpl-b1ea8c03-8e89-4df6-8609-c05021ba0f19/datanode-1/data/ratis/be436cb0-5cba-4a31-9935-dcae17c04ccd/sm/snapshot.2_0
2020-12-29 10:10:14,646 [ForkJoinPool.commonPool-worker-1] INFO  impl.StateMachineUpdater (StateMachineUpdater.java:stopAndJoin(148)) - 1f50e366-ff39-48ab-b6af-f1dfc503e25e@group-DCAE17C04CCD-StateMachineUpdater: set stopIndex = 0
2020-12-29 10:10:14,647 [1f50e366-ff39-48ab-b6af-f1dfc503e25e@group-DCAE17C04CCD-StateMachineUpdater] INFO  ratis.ContainerStateMachine (ContainerStateMachine.java:takeSnapshot(302)) - group-DCAE17C04CCD: Finished taking a snapshot at:(t:2, i:0) file:/github/workspace/mnt/ozone/hadoop-ozone/integration-test/target/test-dir/MiniOzoneClusterImpl-b1ea8c03-8e89-4df6-8609-c05021ba0f19/datanode-1/data/ratis/be436cb0-5cba-4a31-9935-dcae17c04ccd/sm/snapshot.2_0 time:0
2020-12-29 10:10:14,647 [1f50e366-ff39-48ab-b6af-f1dfc503e25e@group-DCAE17C04CCD-StateMachineUpdater] INFO  impl.StateMachineUpdater (StateMachineUpdater.java:takeSnapshot(279)) - 1f50e366-ff39-48ab-b6af-f1dfc503e25e@group-DCAE17C04CCD-StateMachineUpdater: Took a snapshot at index 0
2020-12-29 10:10:14,647 [1f50e366-ff39-48ab-b6af-f1dfc503e25e@group-DCAE17C04CCD-StateMachineUpdater] INFO  impl.StateMachineUpdater (StateMachineUpdater.java:lambda$new$0(88)) - 1f50e366-ff39-48ab-b6af-f1dfc503e25e@group-DCAE17C04CCD-StateMachineUpdater: snapshotIndex: updateIncreasingly -1 -> 0
2020-12-29 10:10:14,647 [1f50e366-ff39-48ab-b6af-f1dfc503e25e@group-DCAE17C04CCD-StateMachineUpdater] INFO  metrics.RatisMetrics (RatisMetrics.java:unregister(43)) - Unregistering Metrics Registry : ratis.state_machine.1f50e366-ff39-48ab-b6af-f1dfc503e25e@group-DCAE17C04CCD
2020-12-29 10:10:14,647 [ForkJoinPool.commonPool-worker-1] INFO  server.RaftServer$Division (ServerState.java:close(406)) - 1f50e366-ff39-48ab-b6af-f1dfc503e25e@group-DCAE17C04CCD: closes. applyIndex: 0
2020-12-29 10:10:14,648 [1f50e366-ff39-48ab-b6af-f1dfc503e25e@group-DCAE17C04CCD-SegmentedRaftLogWorker] INFO  segmented.SegmentedRaftLogWorker (SegmentedRaftLogWorker.java:run(326)) - 1f50e366-ff39-48ab-b6af-f1dfc503e25e@group-DCAE17C04CCD-SegmentedRaftLogWorker was interrupted, exiting. There are 0 tasks remaining in the queue.
2020-12-29 10:10:14,649 [ForkJoinPool.commonPool-worker-1] INFO  segmented.SegmentedRaftLogWorker (SegmentedRaftLogWorker.java:close(236)) - 1f50e366-ff39-48ab-b6af-f1dfc503e25e@group-DCAE17C04CCD-SegmentedRaftLogWorker close()
2020-12-29 10:10:14,650 [ForkJoinPool.commonPool-worker-1] INFO  metrics.RatisMetrics (RatisMetrics.java:unregister(43)) - Unregistering Metrics Registry : ratis.log_worker.1f50e366-ff39-48ab-b6af-f1dfc503e25e@group-DCAE17C04CCD
2020-12-29 10:10:14,650 [ForkJoinPool.commonPool-worker-1] INFO  metrics.RatisMetrics (RatisMetrics.java:unregister(43)) - Unregistering Metrics Registry : ratis.leader_election.1f50e366-ff39-48ab-b6af-f1dfc503e25e@group-DCAE17C04CCD
2020-12-29 10:10:14,650 [ForkJoinPool.commonPool-worker-1] INFO  metrics.RatisMetrics (RatisMetrics.java:unregister(43)) - Unregistering Metrics Registry : ratis.server.1f50e366-ff39-48ab-b6af-f1dfc503e25e@group-DCAE17C04CCD
2020-12-29 10:10:14,650 [ForkJoinPool.commonPool-worker-1] INFO  server.GrpcService (GrpcService.java:closeImpl(184)) - 1f50e366-ff39-48ab-b6af-f1dfc503e25e: shutdown server with port 41473 now
2020-12-29 10:10:14,652 [grpc-default-executor-1] WARN  server.GrpcServerProtocolService (LogUtils.java:warn(122)) - 1f50e366-ff39-48ab-b6af-f1dfc503e25e: installSnapshot onError, lastRequest: 4259afd6-154d-4eca-a620-cf00c9b631aa->1f50e366-ff39-48ab-b6af-f1dfc503e25e#1-t2,previous=(t:0, i:0),leaderCommit=0,initializing? true,entries: size=1, first=(t:2, i:0), CONFIGURATIONENTRY: org.apache.ratis.thirdparty.io.grpc.StatusRuntimeException: CANCELLED: cancelled before receiving half close
2020-12-29 10:10:14,653 [grpc-default-executor-3] WARN  server.GrpcLogAppender (LogUtils.java:warn(122)) - 4259afd6-154d-4eca-a620-cf00c9b631aa@group-DCAE17C04CCD->1f50e366-ff39-48ab-b6af-f1dfc503e25e-AppendLogResponseHandler: Failed appendEntries: org.apache.ratis.thirdparty.io.grpc.StatusRuntimeException: CANCELLED: HTTP/2 error code: CANCEL
Received Rst Stream
2020-12-29 10:10:14,653 [grpc-default-executor-3] WARN  server.GrpcLogAppender (GrpcLogAppender.java:resetClient(110)) - 4259afd6-154d-4eca-a620-cf00c9b631aa@group-DCAE17C04CCD->1f50e366-ff39-48ab-b6af-f1dfc503e25e-GrpcLogAppender: Leader has not got in touch with Follower 4259afd6-154d-4eca-a620-cf00c9b631aa@group-DCAE17C04CCD->1f50e366-ff39-48ab-b6af-f1dfc503e25e(c0,m0,n1, attendVote=true, lastRpcSendTime=464, lastRpcResponseTime=460) yet, just keep nextIndex unchanged and retry.
2020-12-29 10:10:14,655 [ForkJoinPool.commonPool-worker-1] INFO  server.GrpcService (GrpcService.java:closeImpl(193)) - 1f50e366-ff39-48ab-b6af-f1dfc503e25e: shutdown server with port 41473 successfully
2020-12-29 10:10:14,655 [org.apache.ratis.util.JvmPauseMonitor$$Lambda$222/154788860@27ea94b2] INFO  util.JvmPauseMonitor (JvmPauseMonitor.java:run(109)) - JvmPauseMonitor-1f50e366-ff39-48ab-b6af-f1dfc503e25e: Stopped
2020-12-29 10:10:14,658 [ForkJoinPool.commonPool-worker-1] INFO  utils.BackgroundService (BackgroundService.java:shutdown(132)) - Shutting down service BlockDeletingService
2020-12-29 10:10:14,660 [ForkJoinPool.commonPool-worker-1] INFO  statemachine.DatanodeStateMachine (DatanodeStateMachine.java:stopDaemon(461)) - Ozone container server stopped.
2020-12-29 10:10:14,688 [ForkJoinPool.commonPool-worker-1] INFO  handler.ContextHandler (ContextHandler.java:doStop(1154)) - Stopped o.e.j.w.WebAppContext@40f7a2e9{hddsDatanode,/,null,STOPPED}{jar:file:/home/user/.m2/repository/org/apache/hadoop/hadoop-hdds-container-service/1.1.0-SNAPSHOT/hadoop-hdds-container-service-1.1.0-SNAPSHOT.jar!/webapps/hddsDatanode}
2020-12-29 10:10:14,689 [ForkJoinPool.commonPool-worker-1] INFO  server.AbstractConnector (AbstractConnector.java:doStop(381)) - Stopped ServerConnector@3cc8f1c{HTTP/1.1, (http/1.1)}{0.0.0.0:0}
2020-12-29 10:10:14,689 [ForkJoinPool.commonPool-worker-1] INFO  server.session (HouseKeeper.java:stopScavenging(149)) - node0 Stopped scavenging
2020-12-29 10:10:14,690 [ForkJoinPool.commonPool-worker-1] INFO  handler.ContextHandler (ContextHandler.java:doStop(1154)) - Stopped o.e.j.s.ServletContextHandler@5fd38a68{static,/static,jar:file:/home/user/.m2/repository/org/apache/hadoop/hadoop-hdds-container-service/1.1.0-SNAPSHOT/hadoop-hdds-container-service-1.1.0-SNAPSHOT.jar!/webapps/static,STOPPED}
2020-12-29 10:10:14,691 [ForkJoinPool.commonPool-worker-1] INFO  handler.ContextHandler (ContextHandler.java:doStop(1154)) - Stopped o.e.j.s.ServletContextHandler@2e643209{logs,/logs,file:///github/workspace/mnt/ozone/hadoop-ozone/integration-test/target/log,STOPPED}
2020-12-29 10:10:14,730 [Datanode State Machine Thread - 0] INFO  statemachine.DatanodeStateMachine (DatanodeStateMachine.java:lambda$startDaemon$0(408)) - Ozone container server started.
2020-12-29 10:10:14,930 [DatanodeAdminManager-0] INFO  node.DatanodeAdminMonitorImpl (DatanodeAdminMonitorImpl.java:run(136)) - There are 3 nodes tracked for decommission and maintenance. 0 pending nodes.
2020-12-29 10:10:15,132 [Listener at 127.0.0.1/41413] INFO  ozoneimpl.OzoneContainer (OzoneContainer.java:stop(257)) - Attempting to stop container services.
2020-12-29 10:10:15,133 [Listener at 127.0.0.1/41413] INFO  server.RaftServer (RaftServerProxy.java:lambda$close$6(387)) - 856c4e2d-a2c2-4358-bc21-0d0c99327a9f: close
2020-12-29 10:10:15,133 [Listener at 127.0.0.1/41413] INFO  server.GrpcService (GrpcService.java:closeImpl(184)) - 856c4e2d-a2c2-4358-bc21-0d0c99327a9f: shutdown server with port 38587 now
2020-12-29 10:10:15,141 [grpc-default-executor-1] WARN  client.GrpcClientProtocolService (LogUtils.java:warn(122)) - 1-UnorderedRequestStreamObserver1: onError: org.apache.ratis.thirdparty.io.grpc.StatusRuntimeException: CANCELLED: cancelled before receiving half close
2020-12-29 10:10:15,144 [Listener at 127.0.0.1/41413] INFO  server.GrpcService (GrpcService.java:closeImpl(193)) - 856c4e2d-a2c2-4358-bc21-0d0c99327a9f: shutdown server with port 38587 successfully
2020-12-29 10:10:15,145 [org.apache.ratis.util.JvmPauseMonitor$$Lambda$222/154788860@3f160586] INFO  util.JvmPauseMonitor (JvmPauseMonitor.java:run(109)) - JvmPauseMonitor-856c4e2d-a2c2-4358-bc21-0d0c99327a9f: Stopped
2020-12-29 10:10:15,147 [Listener at 127.0.0.1/41413] INFO  utils.BackgroundService (BackgroundService.java:shutdown(132)) - Shutting down service BlockDeletingService
2020-12-29 10:10:15,150 [Listener at 127.0.0.1/41413] INFO  statemachine.DatanodeStateMachine (DatanodeStateMachine.java:stopDaemon(461)) - Ozone container server stopped.
2020-12-29 10:10:15,159 [Listener at 127.0.0.1/41413] INFO  handler.ContextHandler (ContextHandler.java:doStop(1154)) - Stopped o.e.j.w.WebAppContext@56101f06{hddsDatanode,/,null,STOPPED}{jar:file:/home/user/.m2/repository/org/apache/hadoop/hadoop-hdds-container-service/1.1.0-SNAPSHOT/hadoop-hdds-container-service-1.1.0-SNAPSHOT.jar!/webapps/hddsDatanode}
2020-12-29 10:10:15,165 [Listener at 127.0.0.1/41413] INFO  server.AbstractConnector (AbstractConnector.java:doStop(381)) - Stopped ServerConnector@5e535e23{HTTP/1.1, (http/1.1)}{0.0.0.0:0}
2020-12-29 10:10:15,165 [Listener at 127.0.0.1/41413] INFO  server.session (HouseKeeper.java:stopScavenging(149)) - node0 Stopped scavenging
2020-12-29 10:10:15,167 [Listener at 127.0.0.1/41413] INFO  handler.ContextHandler (ContextHandler.java:doStop(1154)) - Stopped o.e.j.s.ServletContextHandler@11757914{static,/static,jar:file:/home/user/.m2/repository/org/apache/hadoop/hadoop-hdds-container-service/1.1.0-SNAPSHOT/hadoop-hdds-container-service-1.1.0-SNAPSHOT.jar!/webapps/static,STOPPED}
2020-12-29 10:10:15,168 [Listener at 127.0.0.1/41413] INFO  handler.ContextHandler (ContextHandler.java:doStop(1154)) - Stopped o.e.j.s.ServletContextHandler@3b2eead8{logs,/logs,file:///github/workspace/mnt/ozone/hadoop-ozone/integration-test/target/log,STOPPED}
2020-12-29 10:10:15,264 [ForkJoinPool.commonPool-worker-1] INFO  ozoneimpl.OzoneContainer (OzoneContainer.java:stop(257)) - Attempting to stop container services.
2020-12-29 10:10:15,264 [ForkJoinPool.commonPool-worker-1] INFO  server.RaftServer (RaftServerProxy.java:lambda$close$6(387)) - 4259afd6-154d-4eca-a620-cf00c9b631aa: close
2020-12-29 10:10:15,264 [ForkJoinPool.commonPool-worker-1] INFO  server.RaftServer$Division (RaftServerImpl.java:lambda$close$4(397)) - 4259afd6-154d-4eca-a620-cf00c9b631aa@group-E486DD347B92: shutdown
2020-12-29 10:10:15,265 [ForkJoinPool.commonPool-worker-1] INFO  util.JmxRegister (JmxRegister.java:unregister(73)) - Successfully un-registered JMX Bean with object name Ratis:service=RaftServer,group=group-E486DD347B92,id=4259afd6-154d-4eca-a620-cf00c9b631aa
2020-12-29 10:10:15,265 [ForkJoinPool.commonPool-worker-1] INFO  impl.RoleInfo (RoleInfo.java:shutdownLeaderState(91)) - 4259afd6-154d-4eca-a620-cf00c9b631aa: shutdown 4259afd6-154d-4eca-a620-cf00c9b631aa@group-E486DD347B92-LeaderStateImpl
2020-12-29 10:10:15,265 [ForkJoinPool.commonPool-worker-1] INFO  impl.PendingRequests (PendingRequests.java:sendNotLeaderResponses(249)) - 4259afd6-154d-4eca-a620-cf00c9b631aa@group-E486DD347B92-PendingRequests: sendNotLeaderResponses
2020-12-29 10:10:15,265 [ForkJoinPool.commonPool-worker-1] INFO  metrics.RatisMetrics (RatisMetrics.java:unregister(43)) - Unregistering Metrics Registry : ratis.log_appender.4259afd6-154d-4eca-a620-cf00c9b631aa@group-E486DD347B92
2020-12-29 10:10:15,265 [ForkJoinPool.commonPool-worker-1] INFO  metrics.RatisMetrics (RatisMetrics.java:unregister(43)) - Unregistering Metrics Registry : ratis.server.4259afd6-154d-4eca-a620-cf00c9b631aa@group-E486DD347B92
2020-12-29 10:10:15,266 [ForkJoinPool.commonPool-worker-1] INFO  impl.StateMachineUpdater (StateMachineUpdater.java:stopAndJoin(148)) - 4259afd6-154d-4eca-a620-cf00c9b631aa@group-E486DD347B92-StateMachineUpdater: set stopIndex = 0
2020-12-29 10:10:15,269 [4259afd6-154d-4eca-a620-cf00c9b631aa@group-E486DD347B92-StateMachineUpdater] INFO  ratis.ContainerStateMachine (ContainerStateMachine.java:takeSnapshot(291)) - group-E486DD347B92: Taking a snapshot at:(t:1, i:0) file /github/workspace/mnt/ozone/hadoop-ozone/integration-test/target/test-dir/MiniOzoneClusterImpl-b1ea8c03-8e89-4df6-8609-c05021ba0f19/datanode-2/data/ratis/54d7084e-9edf-4c40-a69c-e486dd347b92/sm/snapshot.1_0
2020-12-29 10:10:15,272 [4259afd6-154d-4eca-a620-cf00c9b631aa@group-E486DD347B92-StateMachineUpdater] INFO  ratis.ContainerStateMachine (ContainerStateMachine.java:takeSnapshot(302)) - group-E486DD347B92: Finished taking a snapshot at:(t:1, i:0) file:/github/workspace/mnt/ozone/hadoop-ozone/integration-test/target/test-dir/MiniOzoneClusterImpl-b1ea8c03-8e89-4df6-8609-c05021ba0f19/datanode-2/data/ratis/54d7084e-9edf-4c40-a69c-e486dd347b92/sm/snapshot.1_0 time:4
2020-12-29 10:10:15,273 [4259afd6-154d-4eca-a620-cf00c9b631aa@group-E486DD347B92-StateMachineUpdater] INFO  impl.StateMachineUpdater (StateMachineUpdater.java:takeSnapshot(279)) - 4259afd6-154d-4eca-a620-cf00c9b631aa@group-E486DD347B92-StateMachineUpdater: Took a snapshot at index 0
2020-12-29 10:10:15,273 [4259afd6-154d-4eca-a620-cf00c9b631aa@group-E486DD347B92-StateMachineUpdater] INFO  impl.StateMachineUpdater (StateMachineUpdater.java:lambda$new$0(88)) - 4259afd6-154d-4eca-a620-cf00c9b631aa@group-E486DD347B92-StateMachineUpdater: snapshotIndex: updateIncreasingly -1 -> 0
2020-12-29 10:10:15,273 [4259afd6-154d-4eca-a620-cf00c9b631aa@group-E486DD347B92-StateMachineUpdater] INFO  metrics.RatisMetrics (RatisMetrics.java:unregister(43)) - Unregistering Metrics Registry : ratis.state_machine.4259afd6-154d-4eca-a620-cf00c9b631aa@group-E486DD347B92
2020-12-29 10:10:15,273 [ForkJoinPool.commonPool-worker-1] INFO  server.RaftServer$Division (ServerState.java:close(406)) - 4259afd6-154d-4eca-a620-cf00c9b631aa@group-E486DD347B92: closes. applyIndex: 0
2020-12-29 10:10:15,278 [4259afd6-154d-4eca-a620-cf00c9b631aa@group-E486DD347B92-SegmentedRaftLogWorker] INFO  segmented.SegmentedRaftLogWorker (SegmentedRaftLogWorker.java:run(326)) - 4259afd6-154d-4eca-a620-cf00c9b631aa@group-E486DD347B92-SegmentedRaftLogWorker was interrupted, exiting. There are 0 tasks remaining in the queue.
2020-12-29 10:10:15,278 [ForkJoinPool.commonPool-worker-1] INFO  segmented.SegmentedRaftLogWorker (SegmentedRaftLogWorker.java:close(236)) - 4259afd6-154d-4eca-a620-cf00c9b631aa@group-E486DD347B92-SegmentedRaftLogWorker close()
2020-12-29 10:10:15,278 [ForkJoinPool.commonPool-worker-1] INFO  metrics.RatisMetrics (RatisMetrics.java:unregister(43)) - Unregistering Metrics Registry : ratis.log_worker.4259afd6-154d-4eca-a620-cf00c9b631aa@group-E486DD347B92
2020-12-29 10:10:15,279 [ForkJoinPool.commonPool-worker-1] INFO  metrics.RatisMetrics (RatisMetrics.java:unregister(43)) - Unregistering Metrics Registry : ratis.leader_election.4259afd6-154d-4eca-a620-cf00c9b631aa@group-E486DD347B92
2020-12-29 10:10:15,279 [ForkJoinPool.commonPool-worker-1] INFO  metrics.RatisMetrics (RatisMetrics.java:unregister(43)) - Unregistering Metrics Registry : ratis.server.4259afd6-154d-4eca-a620-cf00c9b631aa@group-E486DD347B92
2020-12-29 10:10:15,279 [ForkJoinPool.commonPool-worker-1] INFO  server.RaftServer$Division (RaftServerImpl.java:lambda$close$4(397)) - 4259afd6-154d-4eca-a620-cf00c9b631aa@group-DCAE17C04CCD: shutdown
2020-12-29 10:10:15,279 [ForkJoinPool.commonPool-worker-1] INFO  util.JmxRegister (JmxRegister.java:unregister(73)) - Successfully un-registered JMX Bean with object name Ratis:service=RaftServer,group=group-DCAE17C04CCD,id=4259afd6-154d-4eca-a620-cf00c9b631aa
2020-12-29 10:10:15,279 [ForkJoinPool.commonPool-worker-1] INFO  impl.RoleInfo (RoleInfo.java:shutdownLeaderState(91)) - 4259afd6-154d-4eca-a620-cf00c9b631aa: shutdown 4259afd6-154d-4eca-a620-cf00c9b631aa@group-DCAE17C04CCD-LeaderStateImpl
2020-12-29 10:10:15,279 [ForkJoinPool.commonPool-worker-1] INFO  metrics.RatisMetrics (RatisMetrics.java:unregister(43)) - Unregistering Metrics Registry : ratis_grpc.log_appender.4259afd6-154d-4eca-a620-cf00c9b631aa@group-DCAE17C04CCD
2020-12-29 10:10:15,280 [4259afd6-154d-4eca-a620-cf00c9b631aa@group-DCAE17C04CCD->211ea4af-eacf-4017-9679-f845244c1f92-GrpcLogAppender-LogAppenderDaemon] WARN  server.GrpcLogAppender (GrpcLogAppender.java:mayWait(174)) - 4259afd6-154d-4eca-a620-cf00c9b631aa@group-DCAE17C04CCD->211ea4af-eacf-4017-9679-f845244c1f92-GrpcLogAppender: Wait interrupted by java.lang.InterruptedException
2020-12-29 10:10:15,280 [grpc-default-executor-3] INFO  server.GrpcServerProtocolService (GrpcServerProtocolService.java:onCompleted(138)) - 211ea4af-eacf-4017-9679-f845244c1f92: Completed APPEND_ENTRIES, lastRequest: 4259afd6-154d-4eca-a620-cf00c9b631aa->211ea4af-eacf-4017-9679-f845244c1f92#1-t2,previous=(t:0, i:0),leaderCommit=-1,initializing? true,entries: size=1, first=(t:2, i:0), CONFIGURATIONENTRY
2020-12-29 10:10:15,281 [grpc-default-executor-1] INFO  server.GrpcLogAppender (GrpcLogAppender.java:onCompleted(343)) - 4259afd6-154d-4eca-a620-cf00c9b631aa@group-DCAE17C04CCD->211ea4af-eacf-4017-9679-f845244c1f92-AppendLogResponseHandler: follower responses appendEntries COMPLETED
2020-12-29 10:10:15,281 [grpc-default-executor-1] INFO  leader.FollowerInfo (FollowerInfoImpl.java:lambda$new$0(46)) - 4259afd6-154d-4eca-a620-cf00c9b631aa@group-DCAE17C04CCD->211ea4af-eacf-4017-9679-f845244c1f92: nextIndex: updateUnconditionally 1 -> 0
2020-12-29 10:10:15,281 [ForkJoinPool.commonPool-worker-1] INFO  metrics.RatisMetrics (RatisMetrics.java:unregister(43)) - Unregistering Metrics Registry : ratis_grpc.log_appender.4259afd6-154d-4eca-a620-cf00c9b631aa@group-DCAE17C04CCD
2020-12-29 10:10:15,285 [ForkJoinPool.commonPool-worker-1] INFO  impl.PendingRequests (PendingRequests.java:sendNotLeaderResponses(249)) - 4259afd6-154d-4eca-a620-cf00c9b631aa@group-DCAE17C04CCD-PendingRequests: sendNotLeaderResponses
2020-12-29 10:10:15,285 [ForkJoinPool.commonPool-worker-1] INFO  metrics.RatisMetrics (RatisMetrics.java:unregister(43)) - Unregistering Metrics Registry : ratis.log_appender.4259afd6-154d-4eca-a620-cf00c9b631aa@group-DCAE17C04CCD
2020-12-29 10:10:15,285 [ForkJoinPool.commonPool-worker-1] INFO  metrics.RatisMetrics (RatisMetrics.java:unregister(43)) - Unregistering Metrics Registry : ratis.server.4259afd6-154d-4eca-a620-cf00c9b631aa@group-DCAE17C04CCD
2020-12-29 10:10:15,286 [ForkJoinPool.commonPool-worker-1] INFO  impl.StateMachineUpdater (StateMachineUpdater.java:stopAndJoin(148)) - 4259afd6-154d-4eca-a620-cf00c9b631aa@group-DCAE17C04CCD-StateMachineUpdater: set stopIndex = 0
2020-12-29 10:10:15,286 [4259afd6-154d-4eca-a620-cf00c9b631aa@group-DCAE17C04CCD-StateMachineUpdater] INFO  ratis.ContainerStateMachine (ContainerStateMachine.java:takeSnapshot(291)) - group-DCAE17C04CCD: Taking a snapshot at:(t:2, i:0) file /github/workspace/mnt/ozone/hadoop-ozone/integration-test/target/test-dir/MiniOzoneClusterImpl-b1ea8c03-8e89-4df6-8609-c05021ba0f19/datanode-2/data/ratis/be436cb0-5cba-4a31-9935-dcae17c04ccd/sm/snapshot.2_0
2020-12-29 10:10:15,287 [4259afd6-154d-4eca-a620-cf00c9b631aa@group-DCAE17C04CCD-StateMachineUpdater] INFO  ratis.ContainerStateMachine (ContainerStateMachine.java:takeSnapshot(302)) - group-DCAE17C04CCD: Finished taking a snapshot at:(t:2, i:0) file:/github/workspace/mnt/ozone/hadoop-ozone/integration-test/target/test-dir/MiniOzoneClusterImpl-b1ea8c03-8e89-4df6-8609-c05021ba0f19/datanode-2/data/ratis/be436cb0-5cba-4a31-9935-dcae17c04ccd/sm/snapshot.2_0 time:1
2020-12-29 10:10:15,287 [4259afd6-154d-4eca-a620-cf00c9b631aa@group-DCAE17C04CCD-StateMachineUpdater] INFO  impl.StateMachineUpdater (StateMachineUpdater.java:takeSnapshot(279)) - 4259afd6-154d-4eca-a620-cf00c9b631aa@group-DCAE17C04CCD-StateMachineUpdater: Took a snapshot at index 0
2020-12-29 10:10:15,287 [4259afd6-154d-4eca-a620-cf00c9b631aa@group-DCAE17C04CCD-StateMachineUpdater] INFO  impl.StateMachineUpdater (StateMachineUpdater.java:lambda$new$0(88)) - 4259afd6-154d-4eca-a620-cf00c9b631aa@group-DCAE17C04CCD-StateMachineUpdater: snapshotIndex: updateIncreasingly -1 -> 0
2020-12-29 10:10:15,287 [4259afd6-154d-4eca-a620-cf00c9b631aa@group-DCAE17C04CCD-StateMachineUpdater] INFO  metrics.RatisMetrics (RatisMetrics.java:unregister(43)) - Unregistering Metrics Registry : ratis.state_machine.4259afd6-154d-4eca-a620-cf00c9b631aa@group-DCAE17C04CCD
2020-12-29 10:10:15,287 [ForkJoinPool.commonPool-worker-1] INFO  server.RaftServer$Division (ServerState.java:close(406)) - 4259afd6-154d-4eca-a620-cf00c9b631aa@group-DCAE17C04CCD: closes. applyIndex: 0
2020-12-29 10:10:15,288 [4259afd6-154d-4eca-a620-cf00c9b631aa@group-DCAE17C04CCD-SegmentedRaftLogWorker] INFO  segmented.SegmentedRaftLogWorker (SegmentedRaftLogWorker.java:run(326)) - 4259afd6-154d-4eca-a620-cf00c9b631aa@group-DCAE17C04CCD-SegmentedRaftLogWorker was interrupted, exiting. There are 0 tasks remaining in the queue.
2020-12-29 10:10:15,288 [ForkJoinPool.commonPool-worker-1] INFO  segmented.SegmentedRaftLogWorker (SegmentedRaftLogWorker.java:close(236)) - 4259afd6-154d-4eca-a620-cf00c9b631aa@group-DCAE17C04CCD-SegmentedRaftLogWorker close()
2020-12-29 10:10:15,288 [ForkJoinPool.commonPool-worker-1] INFO  metrics.RatisMetrics (RatisMetrics.java:unregister(43)) - Unregistering Metrics Registry : ratis.log_worker.4259afd6-154d-4eca-a620-cf00c9b631aa@group-DCAE17C04CCD
2020-12-29 10:10:15,288 [ForkJoinPool.commonPool-worker-1] INFO  metrics.RatisMetrics (RatisMetrics.java:unregister(43)) - Unregistering Metrics Registry : ratis.leader_election.4259afd6-154d-4eca-a620-cf00c9b631aa@group-DCAE17C04CCD
2020-12-29 10:10:15,288 [ForkJoinPool.commonPool-worker-1] INFO  metrics.RatisMetrics (RatisMetrics.java:unregister(43)) - Unregistering Metrics Registry : ratis.server.4259afd6-154d-4eca-a620-cf00c9b631aa@group-DCAE17C04CCD
2020-12-29 10:10:15,288 [ForkJoinPool.commonPool-worker-1] INFO  server.GrpcService (GrpcService.java:closeImpl(184)) - 4259afd6-154d-4eca-a620-cf00c9b631aa: shutdown server with port 38675 now
2020-12-29 10:10:15,291 [ForkJoinPool.commonPool-worker-1] INFO  server.GrpcService (GrpcService.java:closeImpl(193)) - 4259afd6-154d-4eca-a620-cf00c9b631aa: shutdown server with port 38675 successfully
2020-12-29 10:10:15,291 [org.apache.ratis.util.JvmPauseMonitor$$Lambda$222/154788860@58f0c518] INFO  util.JvmPauseMonitor (JvmPauseMonitor.java:run(109)) - JvmPauseMonitor-4259afd6-154d-4eca-a620-cf00c9b631aa: Stopped
2020-12-29 10:10:15,293 [ForkJoinPool.commonPool-worker-1] INFO  utils.BackgroundService (BackgroundService.java:shutdown(132)) - Shutting down service BlockDeletingService
2020-12-29 10:10:15,301 [ForkJoinPool.commonPool-worker-1] INFO  statemachine.DatanodeStateMachine (DatanodeStateMachine.java:stopDaemon(461)) - Ozone container server stopped.
2020-12-29 10:10:15,311 [ForkJoinPool.commonPool-worker-1] INFO  handler.ContextHandler (ContextHandler.java:doStop(1154)) - Stopped o.e.j.w.WebAppContext@1a100769{hddsDatanode,/,null,STOPPED}{jar:file:/home/user/.m2/repository/org/apache/hadoop/hadoop-hdds-container-service/1.1.0-SNAPSHOT/hadoop-hdds-container-service-1.1.0-SNAPSHOT.jar!/webapps/hddsDatanode}
2020-12-29 10:10:15,311 [ForkJoinPool.commonPool-worker-1] INFO  server.AbstractConnector (AbstractConnector.java:doStop(381)) - Stopped ServerConnector@79401d4f{HTTP/1.1, (http/1.1)}{0.0.0.0:0}
2020-12-29 10:10:15,312 [ForkJoinPool.commonPool-worker-1] INFO  server.session (HouseKeeper.java:stopScavenging(149)) - node0 Stopped scavenging
2020-12-29 10:10:15,313 [ForkJoinPool.commonPool-worker-1] INFO  handler.ContextHandler (ContextHandler.java:doStop(1154)) - Stopped o.e.j.s.ServletContextHandler@6c772506{static,/static,jar:file:/home/user/.m2/repository/org/apache/hadoop/hadoop-hdds-container-service/1.1.0-SNAPSHOT/hadoop-hdds-container-service-1.1.0-SNAPSHOT.jar!/webapps/static,STOPPED}
2020-12-29 10:10:15,313 [ForkJoinPool.commonPool-worker-1] INFO  handler.ContextHandler (ContextHandler.java:doStop(1154)) - Stopped o.e.j.s.ServletContextHandler@35cb8b64{logs,/logs,file:///github/workspace/mnt/ozone/hadoop-ozone/integration-test/target/log,STOPPED}
2020-12-29 10:10:15,340 [ReplicationMonitor] INFO  container.ReplicationManager (ReplicationManager.java:run(250)) - Replication Monitor Thread took 1 milliseconds for processing 2 containers.
2020-12-29 10:10:15,701 [Datanode State Machine Thread - 0] INFO  statemachine.DatanodeStateMachine (DatanodeStateMachine.java:lambda$startDaemon$0(408)) - Ozone container server started.
2020-12-29 10:10:15,834 [Datanode State Machine Thread - 0] INFO  statemachine.DatanodeStateMachine (DatanodeStateMachine.java:lambda$startDaemon$0(408)) - Ozone container server started.
2020-12-29 10:10:15,930 [DatanodeAdminManager-0] INFO  node.DatanodeAdminMonitorImpl (DatanodeAdminMonitorImpl.java:run(136)) - There are 3 nodes tracked for decommission and maintenance. 0 pending nodes.
2020-12-29 10:10:16,118 [EventQueue-StaleNodeForStaleNodeHandler] INFO  node.StaleNodeHandler (StaleNodeHandler.java:onMessage(58)) - Datanode 856c4e2d-a2c2-4358-bc21-0d0c99327a9f{ip: 172.17.0.2, host: 79669b543b4d, networkLocation: /default-rack, certSerialId: null, persistedOpState: IN_MAINTENANCE, persistedOpStateExpiryEpochSec: 0} moved to stale state. Finalizing its pipelines []
2020-12-29 10:10:16,220 [Listener at 127.0.0.1/41413] INFO  ozoneimpl.OzoneContainer (OzoneContainer.java:stop(257)) - Attempting to stop container services.
2020-12-29 10:10:16,220 [Listener at 127.0.0.1/41413] INFO  server.RaftServer (RaftServerProxy.java:lambda$close$6(387)) - a606f2ed-cee1-417c-9fe3-1bdc4a375396: close
2020-12-29 10:10:16,220 [Listener at 127.0.0.1/41413] INFO  server.GrpcService (GrpcService.java:closeImpl(184)) - a606f2ed-cee1-417c-9fe3-1bdc4a375396: shutdown server with port 36775 now
2020-12-29 10:10:16,221 [Listener at 127.0.0.1/41413] INFO  server.GrpcService (GrpcService.java:closeImpl(193)) - a606f2ed-cee1-417c-9fe3-1bdc4a375396: shutdown server with port 36775 successfully
2020-12-29 10:10:16,222 [org.apache.ratis.util.JvmPauseMonitor$$Lambda$222/154788860@273cabf8] INFO  util.JvmPauseMonitor (JvmPauseMonitor.java:run(109)) - JvmPauseMonitor-a606f2ed-cee1-417c-9fe3-1bdc4a375396: Stopped
2020-12-29 10:10:16,222 [Listener at 127.0.0.1/41413] INFO  utils.BackgroundService (BackgroundService.java:shutdown(132)) - Shutting down service BlockDeletingService
2020-12-29 10:10:16,224 [Listener at 127.0.0.1/41413] INFO  statemachine.DatanodeStateMachine (DatanodeStateMachine.java:stopDaemon(461)) - Ozone container server stopped.
2020-12-29 10:10:16,233 [Listener at 127.0.0.1/41413] INFO  handler.ContextHandler (ContextHandler.java:doStop(1154)) - Stopped o.e.j.w.WebAppContext@12e4c6de{hddsDatanode,/,null,STOPPED}{jar:file:/home/user/.m2/repository/org/apache/hadoop/hadoop-hdds-container-service/1.1.0-SNAPSHOT/hadoop-hdds-container-service-1.1.0-SNAPSHOT.jar!/webapps/hddsDatanode}
2020-12-29 10:10:16,233 [Listener at 127.0.0.1/41413] INFO  server.AbstractConnector (AbstractConnector.java:doStop(381)) - Stopped ServerConnector@4a7c88f2{HTTP/1.1, (http/1.1)}{0.0.0.0:0}
2020-12-29 10:10:16,233 [Listener at 127.0.0.1/41413] INFO  server.session (HouseKeeper.java:stopScavenging(149)) - node0 Stopped scavenging
2020-12-29 10:10:16,234 [Listener at 127.0.0.1/41413] INFO  handler.ContextHandler (ContextHandler.java:doStop(1154)) - Stopped o.e.j.s.ServletContextHandler@58d33d5d{static,/static,jar:file:/home/user/.m2/repository/org/apache/hadoop/hadoop-hdds-container-service/1.1.0-SNAPSHOT/hadoop-hdds-container-service-1.1.0-SNAPSHOT.jar!/webapps/static,STOPPED}
2020-12-29 10:10:16,234 [Listener at 127.0.0.1/41413] INFO  handler.ContextHandler (ContextHandler.java:doStop(1154)) - Stopped o.e.j.s.ServletContextHandler@51f1e931{logs,/logs,file:///github/workspace/mnt/ozone/hadoop-ozone/integration-test/target/log,STOPPED}
2020-12-29 10:10:16,341 [ReplicationMonitor] INFO  container.ReplicationManager (ReplicationManager.java:run(250)) - Replication Monitor Thread took 0 milliseconds for processing 2 containers.
2020-12-29 10:10:16,820 [EventQueue-StaleNodeForStaleNodeHandler] INFO  node.StaleNodeHandler (StaleNodeHandler.java:onMessage(58)) - Datanode 4259afd6-154d-4eca-a620-cf00c9b631aa{ip: 172.17.0.2, host: 79669b543b4d, networkLocation: /default-rack, certSerialId: null, persistedOpState: IN_SERVICE, persistedOpStateExpiryEpochSec: 0} moved to stale state. Finalizing its pipelines [PipelineID=54d7084e-9edf-4c40-a69c-e486dd347b92, PipelineID=be436cb0-5cba-4a31-9935-dcae17c04ccd]
2020-12-29 10:10:16,820 [EventQueue-StaleNodeForStaleNodeHandler] INFO  pipeline.SCMPipelineManager (SCMPipelineManager.java:finalizeAndDestroyPipeline(482)) - Destroying pipeline:Pipeline[ Id: 54d7084e-9edf-4c40-a69c-e486dd347b92, Nodes: 4259afd6-154d-4eca-a620-cf00c9b631aa{ip: 172.17.0.2, host: 79669b543b4d, networkLocation: /default-rack, certSerialId: null, persistedOpState: IN_SERVICE, persistedOpStateExpiryEpochSec: 0}, Type:RATIS, Factor:ONE, State:OPEN, leaderId:4259afd6-154d-4eca-a620-cf00c9b631aa, CreationTimestamp2020-12-29T10:09:48.854Z]
2020-12-29 10:10:16,820 [EventQueue-StaleNodeForStaleNodeHandler] INFO  pipeline.PipelineStateManager (PipelineStateManager.java:finalizePipeline(121)) - Pipeline Pipeline[ Id: 54d7084e-9edf-4c40-a69c-e486dd347b92, Nodes: 4259afd6-154d-4eca-a620-cf00c9b631aa{ip: 172.17.0.2, host: 79669b543b4d, networkLocation: /default-rack, certSerialId: null, persistedOpState: IN_SERVICE, persistedOpStateExpiryEpochSec: 0}, Type:RATIS, Factor:ONE, State:CLOSED, leaderId:4259afd6-154d-4eca-a620-cf00c9b631aa, CreationTimestamp2020-12-29T10:09:48.854Z] moved to CLOSED state
2020-12-29 10:10:16,820 [EventQueue-StaleNodeForStaleNodeHandler] INFO  pipeline.SCMPipelineManager (SCMPipelineManager.java:finalizeAndDestroyPipeline(482)) - Destroying pipeline:Pipeline[ Id: be436cb0-5cba-4a31-9935-dcae17c04ccd, Nodes: 4259afd6-154d-4eca-a620-cf00c9b631aa{ip: 172.17.0.2, host: 79669b543b4d, networkLocation: /default-rack, certSerialId: null, persistedOpState: IN_SERVICE, persistedOpStateExpiryEpochSec: 0}1f50e366-ff39-48ab-b6af-f1dfc503e25e{ip: 172.17.0.2, host: 79669b543b4d, networkLocation: /default-rack, certSerialId: null, persistedOpState: IN_SERVICE, persistedOpStateExpiryEpochSec: 0}211ea4af-eacf-4017-9679-f845244c1f92{ip: 172.17.0.2, host: 79669b543b4d, networkLocation: /default-rack, certSerialId: null, persistedOpState: IN_SERVICE, persistedOpStateExpiryEpochSec: 0}, Type:RATIS, Factor:THREE, State:OPEN, leaderId:4259afd6-154d-4eca-a620-cf00c9b631aa, CreationTimestamp2020-12-29T10:09:48.855Z]
2020-12-29 10:10:16,821 [EventQueue-StaleNodeForStaleNodeHandler] INFO  pipeline.PipelineStateManager (PipelineStateManager.java:finalizePipeline(121)) - Pipeline Pipeline[ Id: be436cb0-5cba-4a31-9935-dcae17c04ccd, Nodes: 4259afd6-154d-4eca-a620-cf00c9b631aa{ip: 172.17.0.2, host: 79669b543b4d, networkLocation: /default-rack, certSerialId: null, persistedOpState: IN_SERVICE, persistedOpStateExpiryEpochSec: 0}1f50e366-ff39-48ab-b6af-f1dfc503e25e{ip: 172.17.0.2, host: 79669b543b4d, networkLocation: /default-rack, certSerialId: null, persistedOpState: IN_SERVICE, persistedOpStateExpiryEpochSec: 0}211ea4af-eacf-4017-9679-f845244c1f92{ip: 172.17.0.2, host: 79669b543b4d, networkLocation: /default-rack, certSerialId: null, persistedOpState: IN_SERVICE, persistedOpStateExpiryEpochSec: 0}, Type:RATIS, Factor:THREE, State:CLOSED, leaderId:4259afd6-154d-4eca-a620-cf00c9b631aa, CreationTimestamp2020-12-29T10:09:48.855Z] moved to CLOSED state
2020-12-29 10:10:16,845 [Datanode State Machine Thread - 0] INFO  statemachine.DatanodeStateMachine (DatanodeStateMachine.java:lambda$startDaemon$0(408)) - Ozone container server started.
2020-12-29 10:10:16,895 [ForkJoinPool.commonPool-worker-1] INFO  ozoneimpl.OzoneContainer (OzoneContainer.java:stop(257)) - Attempting to stop container services.
2020-12-29 10:10:16,896 [ForkJoinPool.commonPool-worker-1] INFO  server.RaftServer (RaftServerProxy.java:lambda$close$6(387)) - 211ea4af-eacf-4017-9679-f845244c1f92: close
2020-12-29 10:10:16,896 [ForkJoinPool.commonPool-worker-1] INFO  server.RaftServer$Division (RaftServerImpl.java:lambda$close$4(397)) - 211ea4af-eacf-4017-9679-f845244c1f92@group-BA3F230A758C: shutdown
2020-12-29 10:10:16,896 [ForkJoinPool.commonPool-worker-1] INFO  util.JmxRegister (JmxRegister.java:unregister(73)) - Successfully un-registered JMX Bean with object name Ratis:service=RaftServer,group=group-BA3F230A758C,id=211ea4af-eacf-4017-9679-f845244c1f92
2020-12-29 10:10:16,896 [ForkJoinPool.commonPool-worker-1] INFO  impl.RoleInfo (RoleInfo.java:shutdownLeaderState(91)) - 211ea4af-eacf-4017-9679-f845244c1f92: shutdown 211ea4af-eacf-4017-9679-f845244c1f92@group-BA3F230A758C-LeaderStateImpl
2020-12-29 10:10:16,896 [ForkJoinPool.commonPool-worker-1] INFO  impl.PendingRequests (PendingRequests.java:sendNotLeaderResponses(249)) - 211ea4af-eacf-4017-9679-f845244c1f92@group-BA3F230A758C-PendingRequests: sendNotLeaderResponses
2020-12-29 10:10:16,897 [ForkJoinPool.commonPool-worker-1] INFO  metrics.RatisMetrics (RatisMetrics.java:unregister(43)) - Unregistering Metrics Registry : ratis.log_appender.211ea4af-eacf-4017-9679-f845244c1f92@group-BA3F230A758C
2020-12-29 10:10:16,897 [ForkJoinPool.commonPool-worker-1] INFO  metrics.RatisMetrics (RatisMetrics.java:unregister(43)) - Unregistering Metrics Registry : ratis.server.211ea4af-eacf-4017-9679-f845244c1f92@group-BA3F230A758C
2020-12-29 10:10:16,897 [ForkJoinPool.commonPool-worker-1] INFO  impl.StateMachineUpdater (StateMachineUpdater.java:stopAndJoin(148)) - 211ea4af-eacf-4017-9679-f845244c1f92@group-BA3F230A758C-StateMachineUpdater: set stopIndex = 0
2020-12-29 10:10:16,897 [211ea4af-eacf-4017-9679-f845244c1f92@group-BA3F230A758C-StateMachineUpdater] INFO  ratis.ContainerStateMachine (ContainerStateMachine.java:takeSnapshot(291)) - group-BA3F230A758C: Taking a snapshot at:(t:1, i:0) file /github/workspace/mnt/ozone/hadoop-ozone/integration-test/target/test-dir/MiniOzoneClusterImpl-b1ea8c03-8e89-4df6-8609-c05021ba0f19/datanode-0/data/ratis/f7ef1bbe-2f47-43c1-9d7d-ba3f230a758c/sm/snapshot.1_0
2020-12-29 10:10:16,901 [211ea4af-eacf-4017-9679-f845244c1f92@group-BA3F230A758C-StateMachineUpdater] INFO  ratis.ContainerStateMachine (ContainerStateMachine.java:takeSnapshot(302)) - group-BA3F230A758C: Finished taking a snapshot at:(t:1, i:0) file:/github/workspace/mnt/ozone/hadoop-ozone/integration-test/target/test-dir/MiniOzoneClusterImpl-b1ea8c03-8e89-4df6-8609-c05021ba0f19/datanode-0/data/ratis/f7ef1bbe-2f47-43c1-9d7d-ba3f230a758c/sm/snapshot.1_0 time:3
2020-12-29 10:10:16,901 [211ea4af-eacf-4017-9679-f845244c1f92@group-BA3F230A758C-StateMachineUpdater] INFO  impl.StateMachineUpdater (StateMachineUpdater.java:takeSnapshot(279)) - 211ea4af-eacf-4017-9679-f845244c1f92@group-BA3F230A758C-StateMachineUpdater: Took a snapshot at index 0
2020-12-29 10:10:16,901 [211ea4af-eacf-4017-9679-f845244c1f92@group-BA3F230A758C-StateMachineUpdater] INFO  impl.StateMachineUpdater (StateMachineUpdater.java:lambda$new$0(88)) - 211ea4af-eacf-4017-9679-f845244c1f92@group-BA3F230A758C-StateMachineUpdater: snapshotIndex: updateIncreasingly -1 -> 0
2020-12-29 10:10:16,901 [211ea4af-eacf-4017-9679-f845244c1f92@group-BA3F230A758C-StateMachineUpdater] INFO  metrics.RatisMetrics (RatisMetrics.java:unregister(43)) - Unregistering Metrics Registry : ratis.state_machine.211ea4af-eacf-4017-9679-f845244c1f92@group-BA3F230A758C
2020-12-29 10:10:16,904 [ForkJoinPool.commonPool-worker-1] INFO  server.RaftServer$Division (ServerState.java:close(406)) - 211ea4af-eacf-4017-9679-f845244c1f92@group-BA3F230A758C: closes. applyIndex: 0
2020-12-29 10:10:16,905 [211ea4af-eacf-4017-9679-f845244c1f92@group-BA3F230A758C-SegmentedRaftLogWorker] INFO  segmented.SegmentedRaftLogWorker (SegmentedRaftLogWorker.java:run(326)) - 211ea4af-eacf-4017-9679-f845244c1f92@group-BA3F230A758C-SegmentedRaftLogWorker was interrupted, exiting. There are 0 tasks remaining in the queue.
2020-12-29 10:10:16,905 [ForkJoinPool.commonPool-worker-1] INFO  segmented.SegmentedRaftLogWorker (SegmentedRaftLogWorker.java:close(236)) - 211ea4af-eacf-4017-9679-f845244c1f92@group-BA3F230A758C-SegmentedRaftLogWorker close()
2020-12-29 10:10:16,905 [ForkJoinPool.commonPool-worker-1] INFO  metrics.RatisMetrics (RatisMetrics.java:unregister(43)) - Unregistering Metrics Registry : ratis.log_worker.211ea4af-eacf-4017-9679-f845244c1f92@group-BA3F230A758C
2020-12-29 10:10:16,905 [ForkJoinPool.commonPool-worker-1] INFO  metrics.RatisMetrics (RatisMetrics.java:unregister(43)) - Unregistering Metrics Registry : ratis.leader_election.211ea4af-eacf-4017-9679-f845244c1f92@group-BA3F230A758C
2020-12-29 10:10:16,906 [ForkJoinPool.commonPool-worker-1] INFO  metrics.RatisMetrics (RatisMetrics.java:unregister(43)) - Unregistering Metrics Registry : ratis.server.211ea4af-eacf-4017-9679-f845244c1f92@group-BA3F230A758C
2020-12-29 10:10:16,906 [ForkJoinPool.commonPool-worker-1] INFO  server.RaftServer$Division (RaftServerImpl.java:lambda$close$4(397)) - 211ea4af-eacf-4017-9679-f845244c1f92@group-DCAE17C04CCD: shutdown
2020-12-29 10:10:16,906 [ForkJoinPool.commonPool-worker-1] INFO  util.JmxRegister (JmxRegister.java:unregister(73)) - Successfully un-registered JMX Bean with object name Ratis:service=RaftServer,group=group-DCAE17C04CCD,id=211ea4af-eacf-4017-9679-f845244c1f92
2020-12-29 10:10:16,906 [ForkJoinPool.commonPool-worker-1] INFO  impl.RoleInfo (RoleInfo.java:shutdownFollowerState(108)) - 211ea4af-eacf-4017-9679-f845244c1f92: shutdown 211ea4af-eacf-4017-9679-f845244c1f92@group-DCAE17C04CCD-FollowerState
2020-12-29 10:10:16,906 [Thread-1138] INFO  impl.FollowerState (FollowerState.java:run(142)) - 211ea4af-eacf-4017-9679-f845244c1f92@group-DCAE17C04CCD-FollowerState was interrupted: {}
java.lang.InterruptedException: sleep interrupted
	at java.lang.Thread.sleep(Native Method)
	at java.lang.Thread.sleep(Thread.java:340)
	at java.util.concurrent.TimeUnit.sleep(TimeUnit.java:386)
	at org.apache.ratis.util.TimeDuration.sleep(TimeDuration.java:319)
	at org.apache.ratis.util.TimeDuration.sleep(TimeDuration.java:304)
	at org.apache.ratis.server.impl.FollowerState.run(FollowerState.java:117)
2020-12-29 10:10:16,907 [211ea4af-eacf-4017-9679-f845244c1f92@group-DCAE17C04CCD-StateMachineUpdater] INFO  ratis.ContainerStateMachine (ContainerStateMachine.java:takeSnapshot(291)) - group-DCAE17C04CCD: Taking a snapshot at:(t:2, i:0) file /github/workspace/mnt/ozone/hadoop-ozone/integration-test/target/test-dir/MiniOzoneClusterImpl-b1ea8c03-8e89-4df6-8609-c05021ba0f19/datanode-0/data/ratis/be436cb0-5cba-4a31-9935-dcae17c04ccd/sm/snapshot.2_0
2020-12-29 10:10:16,907 [ForkJoinPool.commonPool-worker-1] INFO  impl.StateMachineUpdater (StateMachineUpdater.java:stopAndJoin(148)) - 211ea4af-eacf-4017-9679-f845244c1f92@group-DCAE17C04CCD-StateMachineUpdater: set stopIndex = 0
2020-12-29 10:10:16,908 [211ea4af-eacf-4017-9679-f845244c1f92@group-DCAE17C04CCD-StateMachineUpdater] INFO  ratis.ContainerStateMachine (ContainerStateMachine.java:takeSnapshot(302)) - group-DCAE17C04CCD: Finished taking a snapshot at:(t:2, i:0) file:/github/workspace/mnt/ozone/hadoop-ozone/integration-test/target/test-dir/MiniOzoneClusterImpl-b1ea8c03-8e89-4df6-8609-c05021ba0f19/datanode-0/data/ratis/be436cb0-5cba-4a31-9935-dcae17c04ccd/sm/snapshot.2_0 time:1
2020-12-29 10:10:16,908 [211ea4af-eacf-4017-9679-f845244c1f92@group-DCAE17C04CCD-StateMachineUpdater] INFO  impl.StateMachineUpdater (StateMachineUpdater.java:takeSnapshot(279)) - 211ea4af-eacf-4017-9679-f845244c1f92@group-DCAE17C04CCD-StateMachineUpdater: Took a snapshot at index 0
2020-12-29 10:10:16,908 [211ea4af-eacf-4017-9679-f845244c1f92@group-DCAE17C04CCD-StateMachineUpdater] INFO  impl.StateMachineUpdater (StateMachineUpdater.java:lambda$new$0(88)) - 211ea4af-eacf-4017-9679-f845244c1f92@group-DCAE17C04CCD-StateMachineUpdater: snapshotIndex: updateIncreasingly -1 -> 0
2020-12-29 10:10:16,908 [211ea4af-eacf-4017-9679-f845244c1f92@group-DCAE17C04CCD-StateMachineUpdater] INFO  metrics.RatisMetrics (RatisMetrics.java:unregister(43)) - Unregistering Metrics Registry : ratis.state_machine.211ea4af-eacf-4017-9679-f845244c1f92@group-DCAE17C04CCD
2020-12-29 10:10:16,909 [ForkJoinPool.commonPool-worker-1] INFO  server.RaftServer$Division (ServerState.java:close(406)) - 211ea4af-eacf-4017-9679-f845244c1f92@group-DCAE17C04CCD: closes. applyIndex: 0
2020-12-29 10:10:16,909 [211ea4af-eacf-4017-9679-f845244c1f92@group-DCAE17C04CCD-SegmentedRaftLogWorker] INFO  segmented.SegmentedRaftLogWorker (SegmentedRaftLogWorker.java:run(326)) - 211ea4af-eacf-4017-9679-f845244c1f92@group-DCAE17C04CCD-SegmentedRaftLogWorker was interrupted, exiting. There are 0 tasks remaining in the queue.
2020-12-29 10:10:16,909 [ForkJoinPool.commonPool-worker-1] INFO  segmented.SegmentedRaftLogWorker (SegmentedRaftLogWorker.java:close(236)) - 211ea4af-eacf-4017-9679-f845244c1f92@group-DCAE17C04CCD-SegmentedRaftLogWorker close()
2020-12-29 10:10:16,910 [ForkJoinPool.commonPool-worker-1] INFO  metrics.RatisMetrics (RatisMetrics.java:unregister(43)) - Unregistering Metrics Registry : ratis.log_worker.211ea4af-eacf-4017-9679-f845244c1f92@group-DCAE17C04CCD
2020-12-29 10:10:16,910 [ForkJoinPool.commonPool-worker-1] INFO  metrics.RatisMetrics (RatisMetrics.java:unregister(43)) - Unregistering Metrics Registry : ratis.leader_election.211ea4af-eacf-4017-9679-f845244c1f92@group-DCAE17C04CCD
2020-12-29 10:10:16,910 [ForkJoinPool.commonPool-worker-1] INFO  metrics.RatisMetrics (RatisMetrics.java:unregister(43)) - Unregistering Metrics Registry : ratis.server.211ea4af-eacf-4017-9679-f845244c1f92@group-DCAE17C04CCD
2020-12-29 10:10:16,910 [ForkJoinPool.commonPool-worker-1] INFO  server.GrpcService (GrpcService.java:closeImpl(184)) - 211ea4af-eacf-4017-9679-f845244c1f92: shutdown server with port 41241 now
2020-12-29 10:10:16,911 [ForkJoinPool.commonPool-worker-1] INFO  server.GrpcService (GrpcService.java:closeImpl(193)) - 211ea4af-eacf-4017-9679-f845244c1f92: shutdown server with port 41241 successfully
2020-12-29 10:10:16,911 [org.apache.ratis.util.JvmPauseMonitor$$Lambda$222/154788860@3e835089] INFO  util.JvmPauseMonitor (JvmPauseMonitor.java:run(109)) - JvmPauseMonitor-211ea4af-eacf-4017-9679-f845244c1f92: Stopped
2020-12-29 10:10:16,918 [ForkJoinPool.commonPool-worker-1] INFO  utils.BackgroundService (BackgroundService.java:shutdown(132)) - Shutting down service BlockDeletingService
2020-12-29 10:10:16,919 [ForkJoinPool.commonPool-worker-1] INFO  statemachine.DatanodeStateMachine (DatanodeStateMachine.java:stopDaemon(461)) - Ozone container server stopped.
2020-12-29 10:10:16,920 [EventQueue-StaleNodeForStaleNodeHandler] INFO  node.StaleNodeHandler (StaleNodeHandler.java:onMessage(58)) - Datanode 1f50e366-ff39-48ab-b6af-f1dfc503e25e{ip: 172.17.0.2, host: 79669b543b4d, networkLocation: /default-rack, certSerialId: null, persistedOpState: IN_SERVICE, persistedOpStateExpiryEpochSec: 0} moved to stale state. Finalizing its pipelines [PipelineID=446ab009-3380-42be-b246-b7cc0a01bf5f, PipelineID=be436cb0-5cba-4a31-9935-dcae17c04ccd]
2020-12-29 10:10:16,920 [EventQueue-StaleNodeForStaleNodeHandler] INFO  pipeline.SCMPipelineManager (SCMPipelineManager.java:finalizeAndDestroyPipeline(482)) - Destroying pipeline:Pipeline[ Id: 446ab009-3380-42be-b246-b7cc0a01bf5f, Nodes: 1f50e366-ff39-48ab-b6af-f1dfc503e25e{ip: 172.17.0.2, host: 79669b543b4d, networkLocation: /default-rack, certSerialId: null, persistedOpState: IN_SERVICE, persistedOpStateExpiryEpochSec: 0}, Type:RATIS, Factor:ONE, State:OPEN, leaderId:1f50e366-ff39-48ab-b6af-f1dfc503e25e, CreationTimestamp2020-12-29T10:09:48.634Z]
2020-12-29 10:10:16,920 [EventQueue-StaleNodeForStaleNodeHandler] INFO  pipeline.PipelineStateManager (PipelineStateManager.java:finalizePipeline(121)) - Pipeline Pipeline[ Id: 446ab009-3380-42be-b246-b7cc0a01bf5f, Nodes: 1f50e366-ff39-48ab-b6af-f1dfc503e25e{ip: 172.17.0.2, host: 79669b543b4d, networkLocation: /default-rack, certSerialId: null, persistedOpState: IN_SERVICE, persistedOpStateExpiryEpochSec: 0}, Type:RATIS, Factor:ONE, State:CLOSED, leaderId:1f50e366-ff39-48ab-b6af-f1dfc503e25e, CreationTimestamp2020-12-29T10:09:48.634Z] moved to CLOSED state
2020-12-29 10:10:16,920 [EventQueue-StaleNodeForStaleNodeHandler] INFO  pipeline.SCMPipelineManager (SCMPipelineManager.java:finalizeAndDestroyPipeline(482)) - Destroying pipeline:Pipeline[ Id: be436cb0-5cba-4a31-9935-dcae17c04ccd, Nodes: 4259afd6-154d-4eca-a620-cf00c9b631aa{ip: 172.17.0.2, host: 79669b543b4d, networkLocation: /default-rack, certSerialId: null, persistedOpState: IN_SERVICE, persistedOpStateExpiryEpochSec: 0}1f50e366-ff39-48ab-b6af-f1dfc503e25e{ip: 172.17.0.2, host: 79669b543b4d, networkLocation: /default-rack, certSerialId: null, persistedOpState: IN_SERVICE, persistedOpStateExpiryEpochSec: 0}211ea4af-eacf-4017-9679-f845244c1f92{ip: 172.17.0.2, host: 79669b543b4d, networkLocation: /default-rack, certSerialId: null, persistedOpState: IN_SERVICE, persistedOpStateExpiryEpochSec: 0}, Type:RATIS, Factor:THREE, State:CLOSED, leaderId:4259afd6-154d-4eca-a620-cf00c9b631aa, CreationTimestamp2020-12-29T10:09:48.855Z]
2020-12-29 10:10:16,930 [ForkJoinPool.commonPool-worker-1] INFO  handler.ContextHandler (ContextHandler.java:doStop(1154)) - Stopped o.e.j.w.WebAppContext@60a64104{hddsDatanode,/,null,STOPPED}{jar:file:/home/user/.m2/repository/org/apache/hadoop/hadoop-hdds-container-service/1.1.0-SNAPSHOT/hadoop-hdds-container-service-1.1.0-SNAPSHOT.jar!/webapps/hddsDatanode}
2020-12-29 10:10:16,930 [DatanodeAdminManager-0] INFO  node.DatanodeAdminMonitorImpl (DatanodeAdminMonitorImpl.java:run(136)) - There are 3 nodes tracked for decommission and maintenance. 0 pending nodes.
2020-12-29 10:10:16,935 [ForkJoinPool.commonPool-worker-1] INFO  server.AbstractConnector (AbstractConnector.java:doStop(381)) - Stopped ServerConnector@781ebe48{HTTP/1.1, (http/1.1)}{0.0.0.0:0}
2020-12-29 10:10:16,935 [ForkJoinPool.commonPool-worker-1] INFO  server.session (HouseKeeper.java:stopScavenging(149)) - node0 Stopped scavenging
2020-12-29 10:10:16,936 [ForkJoinPool.commonPool-worker-1] INFO  handler.ContextHandler (ContextHandler.java:doStop(1154)) - Stopped o.e.j.s.ServletContextHandler@4efca68{static,/static,jar:file:/home/user/.m2/repository/org/apache/hadoop/hadoop-hdds-container-service/1.1.0-SNAPSHOT/hadoop-hdds-container-service-1.1.0-SNAPSHOT.jar!/webapps/static,STOPPED}
2020-12-29 10:10:16,937 [ForkJoinPool.commonPool-worker-1] INFO  handler.ContextHandler (ContextHandler.java:doStop(1154)) - Stopped o.e.j.s.ServletContextHandler@904b224{logs,/logs,file:///github/workspace/mnt/ozone/hadoop-ozone/integration-test/target/log,STOPPED}
2020-12-29 10:10:17,040 [Listener at 127.0.0.1/41413] INFO  ozoneimpl.OzoneContainer (OzoneContainer.java:stop(257)) - Attempting to stop container services.
2020-12-29 10:10:17,041 [Listener at 127.0.0.1/41413] INFO  server.RaftServer (RaftServerProxy.java:lambda$close$6(387)) - b063ad5b-b25a-46ed-abed-9b5302f3b533: close
2020-12-29 10:10:17,041 [Listener at 127.0.0.1/41413] INFO  server.GrpcService (GrpcService.java:closeImpl(184)) - b063ad5b-b25a-46ed-abed-9b5302f3b533: shutdown server with port 42479 now
2020-12-29 10:10:17,042 [Listener at 127.0.0.1/41413] INFO  server.GrpcService (GrpcService.java:closeImpl(193)) - b063ad5b-b25a-46ed-abed-9b5302f3b533: shutdown server with port 42479 successfully
2020-12-29 10:10:17,042 [org.apache.ratis.util.JvmPauseMonitor$$Lambda$222/154788860@2f2cdd62] INFO  util.JvmPauseMonitor (JvmPauseMonitor.java:run(109)) - JvmPauseMonitor-b063ad5b-b25a-46ed-abed-9b5302f3b533: Stopped
2020-12-29 10:10:17,043 [Listener at 127.0.0.1/41413] INFO  utils.BackgroundService (BackgroundService.java:shutdown(132)) - Shutting down service BlockDeletingService
2020-12-29 10:10:17,044 [Listener at 127.0.0.1/41413] INFO  statemachine.DatanodeStateMachine (DatanodeStateMachine.java:stopDaemon(461)) - Ozone container server stopped.
2020-12-29 10:10:17,054 [Listener at 127.0.0.1/41413] INFO  handler.ContextHandler (ContextHandler.java:doStop(1154)) - Stopped o.e.j.w.WebAppContext@3cf6f3aa{hddsDatanode,/,null,STOPPED}{jar:file:/home/user/.m2/repository/org/apache/hadoop/hadoop-hdds-container-service/1.1.0-SNAPSHOT/hadoop-hdds-container-service-1.1.0-SNAPSHOT.jar!/webapps/hddsDatanode}
2020-12-29 10:10:17,054 [Listener at 127.0.0.1/41413] INFO  server.AbstractConnector (AbstractConnector.java:doStop(381)) - Stopped ServerConnector@67988d92{HTTP/1.1, (http/1.1)}{0.0.0.0:0}
2020-12-29 10:10:17,055 [Listener at 127.0.0.1/41413] INFO  server.session (HouseKeeper.java:stopScavenging(149)) - node0 Stopped scavenging
2020-12-29 10:10:17,055 [Listener at 127.0.0.1/41413] INFO  handler.ContextHandler (ContextHandler.java:doStop(1154)) - Stopped o.e.j.s.ServletContextHandler@60b33bc{static,/static,jar:file:/home/user/.m2/repository/org/apache/hadoop/hadoop-hdds-container-service/1.1.0-SNAPSHOT/hadoop-hdds-container-service-1.1.0-SNAPSHOT.jar!/webapps/static,STOPPED}
2020-12-29 10:10:17,055 [Listener at 127.0.0.1/41413] INFO  handler.ContextHandler (ContextHandler.java:doStop(1154)) - Stopped o.e.j.s.ServletContextHandler@73145db2{logs,/logs,file:///github/workspace/mnt/ozone/hadoop-ozone/integration-test/target/log,STOPPED}
2020-12-29 10:10:17,056 [Listener at 127.0.0.1/41413] INFO  ozone.MiniOzoneClusterImpl (MiniOzoneClusterImpl.java:stopSCM(477)) - Stopping the StorageContainerManager
2020-12-29 10:10:17,056 [Listener at 127.0.0.1/41413] INFO  server.StorageContainerManager (StorageContainerManager.java:stop(832)) - Stopping Replication Manager Service.
2020-12-29 10:10:17,057 [Listener at 127.0.0.1/41413] INFO  container.ReplicationManager (ReplicationManager.java:stop(227)) - Stopping Replication Monitor Thread.
2020-12-29 10:10:17,057 [Listener at 127.0.0.1/41413] INFO  server.StorageContainerManager (StorageContainerManager.java:stop(839)) - Stopping the Datanode Admin Monitor.
2020-12-29 10:10:17,057 [Listener at 127.0.0.1/41413] INFO  server.StorageContainerManager (StorageContainerManager.java:stop(846)) - Stopping Lease Manager of the command watchers
2020-12-29 10:10:17,057 [Listener at 127.0.0.1/41413] INFO  server.StorageContainerManager (StorageContainerManager.java:stop(853)) - Stopping datanode service RPC server
2020-12-29 10:10:17,057 [Listener at 127.0.0.1/41413] INFO  server.SCMDatanodeProtocolServer (SCMDatanodeProtocolServer.java:stop(369)) - Stopping the RPC server for DataNodes
2020-12-29 10:10:17,057 [Listener at 127.0.0.1/41413] INFO  ipc.Server (Server.java:stop(3359)) - Stopping server on 35001
2020-12-29 10:10:17,059 [IPC Server listener on 0] INFO  ipc.Server (Server.java:run(1330)) - Stopping IPC Server listener on 0
2020-12-29 10:10:17,060 [IPC Server Responder] INFO  ipc.Server (Server.java:run(1465)) - Stopping IPC Server Responder
2020-12-29 10:10:17,120 [SCM Heartbeat Processing Thread - 0] WARN  node.NodeStateManager (NodeStateManager.java:scheduleNextHealthCheck(688)) - Current Thread is interrupted, shutting down HB processing thread for Node Manager.
2020-12-29 10:10:17,121 [Listener at 127.0.0.1/41413] INFO  server.StorageContainerManager (StorageContainerManager.java:stop(861)) - Stopping block service RPC server
2020-12-29 10:10:17,121 [Listener at 127.0.0.1/41413] INFO  server.SCMBlockProtocolServer (SCMBlockProtocolServer.java:stop(159)) - Stopping the RPC server for Block Protocol
2020-12-29 10:10:17,121 [Listener at 127.0.0.1/41413] INFO  ipc.Server (Server.java:stop(3359)) - Stopping server on 39117
2020-12-29 10:10:17,124 [IPC Server listener on 0] INFO  ipc.Server (Server.java:run(1330)) - Stopping IPC Server listener on 0
2020-12-29 10:10:17,124 [IPC Server Responder] INFO  ipc.Server (Server.java:run(1465)) - Stopping IPC Server Responder
2020-12-29 10:10:17,125 [Listener at 127.0.0.1/41413] INFO  server.StorageContainerManager (StorageContainerManager.java:stop(868)) - Stopping the StorageContainerLocationProtocol RPC server
2020-12-29 10:10:17,125 [Listener at 127.0.0.1/41413] INFO  server.SCMClientProtocolServer (SCMClientProtocolServer.java:stop(168)) - Stopping the RPC server for Client Protocol
2020-12-29 10:10:17,125 [Listener at 127.0.0.1/41413] INFO  ipc.Server (Server.java:stop(3359)) - Stopping server on 39421
2020-12-29 10:10:17,126 [IPC Server listener on 0] INFO  ipc.Server (Server.java:run(1330)) - Stopping IPC Server listener on 0
2020-12-29 10:10:17,131 [IPC Server Responder] INFO  ipc.Server (Server.java:run(1465)) - Stopping IPC Server Responder
2020-12-29 10:10:17,131 [Listener at 127.0.0.1/41413] INFO  server.StorageContainerManager (StorageContainerManager.java:stop(875)) - Stopping Storage Container Manager HTTP server.
2020-12-29 10:10:17,131 [Listener at 127.0.0.1/41413] INFO  handler.ContextHandler (ContextHandler.java:doStop(1154)) - Stopped o.e.j.w.WebAppContext@2dbc56fb{scm,/,null,STOPPED}{file:/github/workspace/mnt/ozone/hadoop-ozone/integration-test/target/test-classes/webapps/scm}
2020-12-29 10:10:17,133 [Listener at 127.0.0.1/41413] INFO  server.AbstractConnector (AbstractConnector.java:doStop(381)) - Stopped ServerConnector@525aae0c{HTTP/1.1, (http/1.1)}{0.0.0.0:0}
2020-12-29 10:10:17,134 [Listener at 127.0.0.1/41413] INFO  server.session (HouseKeeper.java:stopScavenging(149)) - node0 Stopped scavenging
2020-12-29 10:10:17,134 [Listener at 127.0.0.1/41413] INFO  handler.ContextHandler (ContextHandler.java:doStop(1154)) - Stopped o.e.j.s.ServletContextHandler@964a7b0{static,/static,file:///github/workspace/mnt/ozone/hadoop-ozone/integration-test/target/test-classes/webapps/static,STOPPED}
2020-12-29 10:10:17,134 [Listener at 127.0.0.1/41413] INFO  handler.ContextHandler (ContextHandler.java:doStop(1154)) - Stopped o.e.j.s.ServletContextHandler@4c49471c{logs,/logs,file:///github/workspace/mnt/ozone/hadoop-ozone/integration-test/target/log,STOPPED}
2020-12-29 10:10:17,135 [Listener at 127.0.0.1/41413] INFO  server.StorageContainerManager (StorageContainerManager.java:stop(886)) - Stopping Block Manager Service.
2020-12-29 10:10:17,135 [Listener at 127.0.0.1/41413] INFO  utils.BackgroundService (BackgroundService.java:shutdown(132)) - Shutting down service SCMBlockDeletingService
2020-12-29 10:10:17,135 [Listener at 127.0.0.1/41413] INFO  utils.BackgroundService (BackgroundService.java:shutdown(132)) - Shutting down service SCMBlockDeletingService
2020-12-29 10:10:17,135 [Listener at 127.0.0.1/41413] INFO  server.StorageContainerManager (StorageContainerManager.java:stop(911)) - Stopping SCM Event Queue.
2020-12-29 10:10:17,139 [Listener at 127.0.0.1/41413] INFO  impl.MetricsSystemImpl (MetricsSystemImpl.java:stop(210)) - Stopping HddsDatanode metrics system...
2020-12-29 10:10:17,150 [Listener at 127.0.0.1/41413] INFO  impl.MetricsSystemImpl (MetricsSystemImpl.java:stop(216)) - HddsDatanode metrics system stopped.
]]></system-out>
  </testcase>
  <testcase name="testDecommissionedStateReinstatedAfterSCMRestart" classname="org.apache.hadoop.ozone.scm.node.TestDecommissionAndMaintenance" time="34.281"/>
  <testcase name="testMaintenanceEndsAutomaticallyAtTimeout" classname="org.apache.hadoop.ozone.scm.node.TestDecommissionAndMaintenance" time="59.129"/>
  <testcase name="testDecommissionedNodeCanBeRecommissioned" classname="org.apache.hadoop.ozone.scm.node.TestDecommissionAndMaintenance" time="33.26"/>
  <testcase name="testNodeWithOpenPipelineCanBeDecommissioned" classname="org.apache.hadoop.ozone.scm.node.TestDecommissionAndMaintenance" time="42.266"/>
  <testcase name="testSingleNodeWithOpenPipelineCanGotoMaintenance" classname="org.apache.hadoop.ozone.scm.node.TestDecommissionAndMaintenance" time="44.594"/>
  <testcase name="testSCMHandlesRestartForMaintenanceNode" classname="org.apache.hadoop.ozone.scm.node.TestDecommissionAndMaintenance" time="44.004"/>
  <testcase name="testStoppedDecommissionedNodeTakesSCMStateOnRestart" classname="org.apache.hadoop.ozone.scm.node.TestDecommissionAndMaintenance" time="47.679"/>
  <testcase name="testEnteringMaintenanceNodeCompletesAfterSCMRestart" classname="org.apache.hadoop.ozone.scm.node.TestDecommissionAndMaintenance" time="35.755"/>
  <testcase name="testDecommissioningNodesCompleteDecommissionOnSCMRestart" classname="org.apache.hadoop.ozone.scm.node.TestDecommissionAndMaintenance" time="46.061"/>
</testsuite>