<?xml version="1.0" encoding="UTF-8"?>
<testsuite xmlns:xsi="http://www.w3.org/2001/XMLSchema-instance" xsi:noNamespaceSchemaLocation="https://maven.apache.org/surefire/maven-surefire-plugin/xsd/surefire-test-report.xsd" name="org.apache.hadoop.ozone.client.rpc.TestBlockOutputStreamWithFailures" time="578.692" tests="8" errors="1" skipped="0" failures="0">
  <properties>
    <property name="awt.toolkit" value="sun.awt.X11.XToolkit"/>
    <property name="file.encoding.pkg" value="sun.io"/>
    <property name="java.specification.version" value="1.8"/>
    <property name="sun.cpu.isalist" value=""/>
    <property name="sun.jnu.encoding" value="UTF-8"/>
    <property name="java.class.path" value="/home/runner/work/ozone/ozone/hadoop-ozone/integration-test/target/test-classes:/home/runner/work/ozone/ozone/hadoop-ozone/integration-test/target/classes:/home/runner/.m2/repository/org/apache/ozone/ozone-common/1.2.0-SNAPSHOT/ozone-common-1.2.0-SNAPSHOT.jar:/home/runner/.m2/repository/org/apache/commons/commons-compress/1.20/commons-compress-1.20.jar:/home/runner/.m2/repository/org/apache/ozone/hdds-common/1.2.0-SNAPSHOT/hdds-common-1.2.0-SNAPSHOT.jar:/home/runner/.m2/repository/org/apache/ozone/hdds-client/1.2.0-SNAPSHOT/hdds-client-1.2.0-SNAPSHOT.jar:/home/runner/.m2/repository/org/apache/ozone/ozone-interface-client/1.2.0-SNAPSHOT/ozone-interface-client-1.2.0-SNAPSHOT.jar:/home/runner/.m2/repository/org/apache/ozone/hdds-server-framework/1.2.0-SNAPSHOT/hdds-server-framework-1.2.0-SNAPSHOT.jar:/home/runner/.m2/repository/org/apache/ozone/hdds-interface-server/1.2.0-SNAPSHOT/hdds-interface-server-1.2.0-SNAPSHOT.jar:/home/runner/.m2/repository/org/eclipse/jetty/jetty-servlet/9.4.43.v20210629/jetty-servlet-9.4.43.v20210629.jar:/home/runner/.m2/repository/org/eclipse/jetty/jetty-security/9.4.43.v20210629/jetty-security-9.4.43.v20210629.jar:/home/runner/.m2/repository/org/rocksdb/rocksdbjni/6.20.3/rocksdbjni-6.20.3.jar:/home/runner/.m2/repository/io/prometheus/simpleclient_dropwizard/0.7.0/simpleclient_dropwizard-0.7.0.jar:/home/runner/.m2/repository/io/prometheus/simpleclient/0.7.0/simpleclient-0.7.0.jar:/home/runner/.m2/repository/io/prometheus/simpleclient_common/0.7.0/simpleclient_common-0.7.0.jar:/home/runner/.m2/repository/com/fasterxml/jackson/datatype/jackson-datatype-jsr310/2.12.1/jackson-datatype-jsr310-2.12.1.jar:/home/runner/.m2/repository/org/apache/ozone/hdds-test-utils/1.2.0-SNAPSHOT/hdds-test-utils-1.2.0-SNAPSHOT.jar:/home/runner/.m2/repository/com/google/guava/guava/30.1.1-jre/guava-30.1.1-jre.jar:/home/runner/.m2/repository/com/google/guava/failureaccess/1.0.1/failureaccess-1.0.1.jar:/home/runner/.m2/repository/com/google/guava/listenablefuture/9999.0-empty-to-avoid-conflict-with-guava/listenablefuture-9999.0-empty-to-avoid-conflict-with-guava.jar:/home/runner/.m2/repository/com/google/code/findbugs/jsr305/3.0.0/jsr305-3.0.0.jar:/home/runner/.m2/repository/org/checkerframework/checker-qual/3.8.0/checker-qual-3.8.0.jar:/home/runner/.m2/repository/com/google/errorprone/error_prone_annotations/2.2.0/error_prone_annotations-2.2.0.jar:/home/runner/.m2/repository/com/google/j2objc/j2objc-annotations/1.3/j2objc-annotations-1.3.jar:/home/runner/.m2/repository/commons-io/commons-io/2.8.0/commons-io-2.8.0.jar:/home/runner/.m2/repository/commons-logging/commons-logging/1.2/commons-logging-1.2.jar:/home/runner/.m2/repository/log4j/log4j/1.2.17/log4j-1.2.17.jar:/home/runner/.m2/repository/org/slf4j/slf4j-api/1.7.30/slf4j-api-1.7.30.jar:/home/runner/.m2/repository/org/apache/ozone/hdds-server-scm/1.2.0-SNAPSHOT/hdds-server-scm-1.2.0-SNAPSHOT.jar:/home/runner/.m2/repository/org/apache/ozone/hdds-container-service/1.2.0-SNAPSHOT/hdds-container-service-1.2.0-SNAPSHOT.jar:/home/runner/.m2/repository/org/apache/ozone/hdds-hadoop-dependency-server/1.2.0-SNAPSHOT/hdds-hadoop-dependency-server-1.2.0-SNAPSHOT.jar:/home/runner/.m2/repository/org/apache/hadoop/hadoop-hdfs/3.3.1/hadoop-hdfs-3.3.1.jar:/home/runner/.m2/repository/io/dropwizard/metrics/metrics-core/3.2.4/metrics-core-3.2.4.jar:/home/runner/.m2/repository/org/apache/hadoop/hadoop-hdfs-client/3.3.1/hadoop-hdfs-client-3.3.1.jar:/home/runner/.m2/repository/org/bouncycastle/bcprov-jdk15on/1.67/bcprov-jdk15on-1.67.jar:/home/runner/.m2/repository/com/google/protobuf/protobuf-java/2.5.0/protobuf-java-2.5.0.jar:/home/runner/.m2/repository/org/apache/ozone/ozone-manager/1.2.0-SNAPSHOT/ozone-manager-1.2.0-SNAPSHOT.jar:/home/runner/.m2/repository/org/aspectj/aspectjrt/1.8.9/aspectjrt-1.8.9.jar:/home/runner/.m2/repository/org/aspectj/aspectjweaver/1.8.9/aspectjweaver-1.8.9.jar:/home/runner/.m2/repository/org/apache/ozone/hdds-interface-client/1.2.0-SNAPSHOT/hdds-interface-client-1.2.0-SNAPSHOT.jar:/home/runner/.m2/repository/org/apache/hadoop/thirdparty/hadoop-shaded-protobuf_3_7/1.1.1/hadoop-shaded-protobuf_3_7-1.1.1.jar:/home/runner/.m2/repository/org/apache/ozone/ozone-interface-storage/1.2.0-SNAPSHOT/ozone-interface-storage-1.2.0-SNAPSHOT.jar:/home/runner/.m2/repository/org/reflections/reflections/0.9.11/reflections-0.9.11.jar:/home/runner/.m2/repository/org/apache/hadoop/hadoop-minikdc/3.3.1/hadoop-minikdc-3.3.1.jar:/home/runner/.m2/repository/org/apache/kerby/kerb-simplekdc/1.0.1/kerb-simplekdc-1.0.1.jar:/home/runner/.m2/repository/org/apache/kerby/kerb-client/1.0.1/kerb-client-1.0.1.jar:/home/runner/.m2/repository/org/apache/kerby/kerby-config/1.0.1/kerby-config-1.0.1.jar:/home/runner/.m2/repository/org/apache/kerby/kerb-common/1.0.1/kerb-common-1.0.1.jar:/home/runner/.m2/repository/org/apache/kerby/kerb-crypto/1.0.1/kerb-crypto-1.0.1.jar:/home/runner/.m2/repository/org/apache/kerby/kerb-util/1.0.1/kerb-util-1.0.1.jar:/home/runner/.m2/repository/org/apache/kerby/token-provider/1.0.1/token-provider-1.0.1.jar:/home/runner/.m2/repository/org/apache/kerby/kerb-admin/1.0.1/kerb-admin-1.0.1.jar:/home/runner/.m2/repository/org/apache/kerby/kerb-server/1.0.1/kerb-server-1.0.1.jar:/home/runner/.m2/repository/org/apache/kerby/kerb-identity/1.0.1/kerb-identity-1.0.1.jar:/home/runner/.m2/repository/org/apache/kerby/kerby-xdr/1.0.1/kerby-xdr-1.0.1.jar:/home/runner/.m2/repository/org/slf4j/slf4j-log4j12/1.7.30/slf4j-log4j12-1.7.30.jar:/home/runner/.m2/repository/org/apache/ozone/ozone-s3gateway/1.2.0-SNAPSHOT/ozone-s3gateway-1.2.0-SNAPSHOT.jar:/home/runner/.m2/repository/org/javassist/javassist/3.21.0-GA/javassist-3.21.0-GA.jar:/home/runner/.m2/repository/org/jboss/weld/servlet/weld-servlet/2.4.7.Final/weld-servlet-2.4.7.Final.jar:/home/runner/.m2/repository/org/glassfish/jersey/containers/jersey-container-servlet-core/2.33/jersey-container-servlet-core-2.33.jar:/home/runner/.m2/repository/org/glassfish/hk2/external/jakarta.inject/2.6.1/jakarta.inject-2.6.1.jar:/home/runner/.m2/repository/org/glassfish/jersey/core/jersey-common/2.33/jersey-common-2.33.jar:/home/runner/.m2/repository/jakarta/ws/rs/jakarta.ws.rs-api/2.1.6/jakarta.ws.rs-api-2.1.6.jar:/home/runner/.m2/repository/org/glassfish/jersey/ext/cdi/jersey-cdi1x/2.33/jersey-cdi1x-2.33.jar:/home/runner/.m2/repository/org/glassfish/jersey/inject/jersey-hk2/2.33/jersey-hk2-2.33.jar:/home/runner/.m2/repository/org/glassfish/hk2/hk2-locator/2.6.1/hk2-locator-2.6.1.jar:/home/runner/.m2/repository/org/glassfish/jersey/media/jersey-media-jaxb/2.33/jersey-media-jaxb-2.33.jar:/home/runner/.m2/repository/org/glassfish/hk2/osgi-resource-locator/1.0.3/osgi-resource-locator-1.0.3.jar:/home/runner/.m2/repository/org/glassfish/hk2/hk2-api/2.5.0/hk2-api-2.5.0.jar:/home/runner/.m2/repository/org/glassfish/hk2/hk2-utils/2.5.0/hk2-utils-2.5.0.jar:/home/runner/.m2/repository/org/glassfish/hk2/external/aopalliance-repackaged/2.5.0/aopalliance-repackaged-2.5.0.jar:/home/runner/.m2/repository/com/fasterxml/jackson/dataformat/jackson-dataformat-xml/2.12.1/jackson-dataformat-xml-2.12.1.jar:/home/runner/.m2/repository/com/fasterxml/jackson/core/jackson-core/2.12.1/jackson-core-2.12.1.jar:/home/runner/.m2/repository/com/fasterxml/jackson/module/jackson-module-jaxb-annotations/2.12.1/jackson-module-jaxb-annotations-2.12.1.jar:/home/runner/.m2/repository/jakarta/xml/bind/jakarta.xml.bind-api/2.3.2/jakarta.xml.bind-api-2.3.2.jar:/home/runner/.m2/repository/org/codehaus/woodstox/stax2-api/3.1.4/stax2-api-3.1.4.jar:/home/runner/.m2/repository/com/fasterxml/woodstox/woodstox-core/5.0.3/woodstox-core-5.0.3.jar:/home/runner/.m2/repository/javax/enterprise/cdi-api/1.2/cdi-api-1.2.jar:/home/runner/.m2/repository/javax/el/javax.el-api/3.0.0/javax.el-api-3.0.0.jar:/home/runner/.m2/repository/javax/interceptor/javax.interceptor-api/1.2/javax.interceptor-api-1.2.jar:/home/runner/.m2/repository/javax/inject/javax.inject/1/javax.inject-1.jar:/home/runner/.m2/repository/javax/xml/bind/jaxb-api/2.3.0/jaxb-api-2.3.0.jar:/home/runner/.m2/repository/org/glassfish/jaxb/jaxb-runtime/2.3.0.1/jaxb-runtime-2.3.0.1.jar:/home/runner/.m2/repository/org/glassfish/jaxb/jaxb-core/2.3.0.1/jaxb-core-2.3.0.1.jar:/home/runner/.m2/repository/org/glassfish/jaxb/txw2/2.3.0.1/txw2-2.3.0.1.jar:/home/runner/.m2/repository/com/sun/istack/istack-commons-runtime/3.0.5/istack-commons-runtime-3.0.5.jar:/home/runner/.m2/repository/org/jvnet/staxex/stax-ex/1.7.8/stax-ex-1.7.8.jar:/home/runner/.m2/repository/com/sun/xml/fastinfoset/FastInfoset/1.2.13/FastInfoset-1.2.13.jar:/home/runner/.m2/repository/javax/activation/activation/1.1.1/activation-1.1.1.jar:/home/runner/.m2/repository/org/apache/ozone/ozone-csi/1.2.0-SNAPSHOT/ozone-csi-1.2.0-SNAPSHOT.jar:/home/runner/.m2/repository/com/google/protobuf/protobuf-java-util/3.12.0/protobuf-java-util-3.12.0.jar:/home/runner/.m2/repository/com/google/code/gson/gson/2.2.4/gson-2.2.4.jar:/home/runner/.m2/repository/org/apache/ozone/hdds-config/1.2.0-SNAPSHOT/hdds-config-1.2.0-SNAPSHOT.jar:/home/runner/.m2/repository/io/grpc/grpc-netty/1.33.0/grpc-netty-1.33.0.jar:/home/runner/.m2/repository/io/grpc/grpc-core/1.33.0/grpc-core-1.33.0.jar:/home/runner/.m2/repository/com/google/android/annotations/4.1.1.4/annotations-4.1.1.4.jar:/home/runner/.m2/repository/io/netty/netty-codec-http2/4.1.63.Final/netty-codec-http2-4.1.63.Final.jar:/home/runner/.m2/repository/io/netty/netty-codec-http/4.1.63.Final/netty-codec-http-4.1.63.Final.jar:/home/runner/.m2/repository/io/netty/netty-handler-proxy/4.1.63.Final/netty-handler-proxy-4.1.63.Final.jar:/home/runner/.m2/repository/io/netty/netty-codec-socks/4.1.63.Final/netty-codec-socks-4.1.63.Final.jar:/home/runner/.m2/repository/io/perfmark/perfmark-api/0.19.0/perfmark-api-0.19.0.jar:/home/runner/.m2/repository/org/codehaus/mojo/animal-sniffer-annotations/1.18/animal-sniffer-annotations-1.18.jar:/home/runner/.m2/repository/io/netty/netty-transport-native-epoll/4.1.63.Final/netty-transport-native-epoll-4.1.63.Final.jar:/home/runner/.m2/repository/io/netty/netty-common/4.1.63.Final/netty-common-4.1.63.Final.jar:/home/runner/.m2/repository/io/netty/netty-buffer/4.1.63.Final/netty-buffer-4.1.63.Final.jar:/home/runner/.m2/repository/io/netty/netty-transport-native-unix-common/4.1.63.Final/netty-transport-native-unix-common-4.1.63.Final.jar:/home/runner/.m2/repository/io/grpc/grpc-protobuf/1.33.0/grpc-protobuf-1.33.0.jar:/home/runner/.m2/repository/io/grpc/grpc-api/1.33.0/grpc-api-1.33.0.jar:/home/runner/.m2/repository/io/grpc/grpc-context/1.33.0/grpc-context-1.33.0.jar:/home/runner/.m2/repository/com/google/api/grpc/proto-google-common-protos/1.17.0/proto-google-common-protos-1.17.0.jar:/home/runner/.m2/repository/io/grpc/grpc-protobuf-lite/1.33.0/grpc-protobuf-lite-1.33.0.jar:/home/runner/.m2/repository/io/grpc/grpc-stub/1.33.0/grpc-stub-1.33.0.jar:/home/runner/.m2/repository/org/apache/ozone/ozone-recon/1.2.0-SNAPSHOT/ozone-recon-1.2.0-SNAPSHOT.jar:/home/runner/.m2/repository/org/apache/ozone/ozone-reconcodegen/1.2.0-SNAPSHOT/ozone-reconcodegen-1.2.0-SNAPSHOT.jar:/home/runner/.m2/repository/com/google/inject/extensions/guice-multibindings/4.0/guice-multibindings-4.0.jar:/home/runner/.m2/repository/com/google/inject/guice/4.0/guice-4.0.jar:/home/runner/.m2/repository/aopalliance/aopalliance/1.0/aopalliance-1.0.jar:/home/runner/.m2/repository/com/google/inject/extensions/guice-assistedinject/4.0/guice-assistedinject-4.0.jar:/home/runner/.m2/repository/com/google/inject/extensions/guice-servlet/4.0/guice-servlet-4.0.jar:/home/runner/.m2/repository/org/glassfish/jersey/containers/jersey-container-servlet/2.33/jersey-container-servlet-2.33.jar:/home/runner/.m2/repository/org/glassfish/hk2/guice-bridge/2.5.0/guice-bridge-2.5.0.jar:/home/runner/.m2/repository/org/glassfish/jersey/core/jersey-server/2.33/jersey-server-2.33.jar:/home/runner/.m2/repository/org/glassfish/jersey/core/jersey-client/2.33/jersey-client-2.33.jar:/home/runner/.m2/repository/jakarta/annotation/jakarta.annotation-api/1.3.5/jakarta.annotation-api-1.3.5.jar:/home/runner/.m2/repository/jakarta/validation/jakarta.validation-api/2.0.2/jakarta.validation-api-2.0.2.jar:/home/runner/.m2/repository/org/glassfish/jersey/media/jersey-media-json-jackson/2.33/jersey-media-json-jackson-2.33.jar:/home/runner/.m2/repository/org/glassfish/jersey/ext/jersey-entity-filtering/2.33/jersey-entity-filtering-2.33.jar:/home/runner/.m2/repository/org/jooq/jooq/3.11.10/jooq-3.11.10.jar:/home/runner/.m2/repository/org/jooq/jooq-meta/3.11.10/jooq-meta-3.11.10.jar:/home/runner/.m2/repository/org/jooq/jooq-codegen/3.11.10/jooq-codegen-3.11.10.jar:/home/runner/.m2/repository/com/jolbox/bonecp/0.8.0.RELEASE/bonecp-0.8.0.RELEASE.jar:/home/runner/.m2/repository/org/apache/derby/derby/10.14.2.0/derby-10.14.2.0.jar:/home/runner/.m2/repository/org/xerial/sqlite-jdbc/3.25.2/sqlite-jdbc-3.25.2.jar:/home/runner/.m2/repository/org/springframework/spring-jdbc/5.2.11.RELEASE/spring-jdbc-5.2.11.RELEASE.jar:/home/runner/.m2/repository/org/springframework/spring-beans/5.2.11.RELEASE/spring-beans-5.2.11.RELEASE.jar:/home/runner/.m2/repository/org/springframework/spring-core/5.2.11.RELEASE/spring-core-5.2.11.RELEASE.jar:/home/runner/.m2/repository/org/springframework/spring-jcl/5.2.11.RELEASE/spring-jcl-5.2.11.RELEASE.jar:/home/runner/.m2/repository/org/springframework/spring-tx/5.2.11.RELEASE/spring-tx-5.2.11.RELEASE.jar:/home/runner/.m2/repository/org/apache/ozone/ozone-client/1.2.0-SNAPSHOT/ozone-client-1.2.0-SNAPSHOT.jar:/home/runner/.m2/repository/org/apache/ozone/ozone-filesystem/1.2.0-SNAPSHOT/ozone-filesystem-1.2.0-SNAPSHOT.jar:/home/runner/.m2/repository/org/apache/ozone/ozone-filesystem-common/1.2.0-SNAPSHOT/ozone-filesystem-common-1.2.0-SNAPSHOT.jar:/home/runner/.m2/repository/org/apache/ozone/ozone-tools/1.2.0-SNAPSHOT/ozone-tools-1.2.0-SNAPSHOT.jar:/home/runner/.m2/repository/org/apache/ratis/ratis-tools/2.1.0-03f3b68-SNAPSHOT/ratis-tools-2.1.0-03f3b68-SNAPSHOT.jar:/home/runner/.m2/repository/com/amazonaws/aws-java-sdk-core/1.11.901/aws-java-sdk-core-1.11.901.jar:/home/runner/.m2/repository/org/apache/httpcomponents/httpclient/4.5.13/httpclient-4.5.13.jar:/home/runner/.m2/repository/org/apache/httpcomponents/httpcore/4.4.13/httpcore-4.4.13.jar:/home/runner/.m2/repository/software/amazon/ion/ion-java/1.0.2/ion-java-1.0.2.jar:/home/runner/.m2/repository/com/fasterxml/jackson/dataformat/jackson-dataformat-cbor/2.12.1/jackson-dataformat-cbor-2.12.1.jar:/home/runner/.m2/repository/joda-time/joda-time/2.8.1/joda-time-2.8.1.jar:/home/runner/.m2/repository/com/amazonaws/aws-java-sdk-s3/1.11.901/aws-java-sdk-s3-1.11.901.jar:/home/runner/.m2/repository/com/amazonaws/aws-java-sdk-kms/1.11.901/aws-java-sdk-kms-1.11.901.jar:/home/runner/.m2/repository/com/amazonaws/jmespath-java/1.11.901/jmespath-java-1.11.901.jar:/home/runner/.m2/repository/org/kohsuke/metainf-services/metainf-services/1.8/metainf-services-1.8.jar:/home/runner/.m2/repository/org/apache/ozone/hdds-tools/1.2.0-SNAPSHOT/hdds-tools-1.2.0-SNAPSHOT.jar:/home/runner/.m2/repository/commons-cli/commons-cli/1.2/commons-cli-1.2.jar:/home/runner/.m2/repository/org/apache/commons/commons-lang3/3.7/commons-lang3-3.7.jar:/home/runner/.m2/repository/org/apache/ozone/ozone-manager/1.2.0-SNAPSHOT/ozone-manager-1.2.0-SNAPSHOT-tests.jar:/home/runner/.m2/repository/org/apache/ozone/hdds-common/1.2.0-SNAPSHOT/hdds-common-1.2.0-SNAPSHOT-tests.jar:/home/runner/.m2/repository/org/apache/ozone/hdds-hadoop-dependency-client/1.2.0-SNAPSHOT/hdds-hadoop-dependency-client-1.2.0-SNAPSHOT.jar:/home/runner/.m2/repository/info/picocli/picocli/4.4.0/picocli-4.4.0.jar:/home/runner/.m2/repository/com/fasterxml/jackson/core/jackson-annotations/2.12.1/jackson-annotations-2.12.1.jar:/home/runner/.m2/repository/javax/annotation/javax.annotation-api/1.2/javax.annotation-api-1.2.jar:/home/runner/.m2/repository/org/apache/ratis/ratis-server/2.1.0-03f3b68-SNAPSHOT/ratis-server-2.1.0-03f3b68-SNAPSHOT.jar:/home/runner/.m2/repository/org/apache/ratis/ratis-client/2.1.0-03f3b68-SNAPSHOT/ratis-client-2.1.0-03f3b68-SNAPSHOT.jar:/home/runner/.m2/repository/org/apache/ratis/ratis-server-api/2.1.0-03f3b68-SNAPSHOT/ratis-server-api-2.1.0-03f3b68-SNAPSHOT.jar:/home/runner/.m2/repository/org/apache/ratis/ratis-metrics/2.1.0-03f3b68-SNAPSHOT/ratis-metrics-2.1.0-03f3b68-SNAPSHOT.jar:/home/runner/.m2/repository/org/apache/ratis/ratis-netty/2.1.0-03f3b68-SNAPSHOT/ratis-netty-2.1.0-03f3b68-SNAPSHOT.jar:/home/runner/.m2/repository/org/apache/ratis/ratis-grpc/2.1.0-03f3b68-SNAPSHOT/ratis-grpc-2.1.0-03f3b68-SNAPSHOT.jar:/home/runner/.m2/repository/org/apache/logging/log4j/log4j-api/2.13.3/log4j-api-2.13.3.jar:/home/runner/.m2/repository/org/apache/logging/log4j/log4j-core/2.13.3/log4j-core-2.13.3.jar:/home/runner/.m2/repository/com/lmax/disruptor/3.4.2/disruptor-3.4.2.jar:/home/runner/.m2/repository/org/apache/commons/commons-pool2/2.6.0/commons-pool2-2.6.0.jar:/home/runner/.m2/repository/org/bouncycastle/bcpkix-jdk15on/1.67/bcpkix-jdk15on-1.67.jar:/home/runner/.m2/repository/commons-validator/commons-validator/1.6/commons-validator-1.6.jar:/home/runner/.m2/repository/commons-beanutils/commons-beanutils/1.9.4/commons-beanutils-1.9.4.jar:/home/runner/.m2/repository/commons-digester/commons-digester/1.8.1/commons-digester-1.8.1.jar:/home/runner/.m2/repository/commons-collections/commons-collections/3.2.2/commons-collections-3.2.2.jar:/home/runner/.m2/repository/io/jaegertracing/jaeger-client/1.6.0/jaeger-client-1.6.0.jar:/home/runner/.m2/repository/io/jaegertracing/jaeger-thrift/1.6.0/jaeger-thrift-1.6.0.jar:/home/runner/.m2/repository/org/apache/thrift/libthrift/0.14.1/libthrift-0.14.1.jar:/home/runner/.m2/repository/com/squareup/okhttp3/okhttp/4.9.0/okhttp-4.9.0.jar:/home/runner/.m2/repository/com/squareup/okio/okio/2.8.0/okio-2.8.0.jar:/home/runner/.m2/repository/io/jaegertracing/jaeger-core/1.6.0/jaeger-core-1.6.0.jar:/home/runner/.m2/repository/io/jaegertracing/jaeger-tracerresolver/1.6.0/jaeger-tracerresolver-1.6.0.jar:/home/runner/.m2/repository/io/opentracing/contrib/opentracing-tracerresolver/0.1.8/opentracing-tracerresolver-0.1.8.jar:/home/runner/.m2/repository/org/jetbrains/kotlin/kotlin-stdlib/1.4.31/kotlin-stdlib-1.4.31.jar:/home/runner/.m2/repository/org/jetbrains/kotlin/kotlin-stdlib-common/1.4.31/kotlin-stdlib-common-1.4.31.jar:/home/runner/.m2/repository/org/jetbrains/annotations/13.0/annotations-13.0.jar:/home/runner/.m2/repository/io/opentracing/opentracing-util/0.33.0/opentracing-util-0.33.0.jar:/home/runner/.m2/repository/io/opentracing/opentracing-api/0.33.0/opentracing-api-0.33.0.jar:/home/runner/.m2/repository/io/opentracing/opentracing-noop/0.33.0/opentracing-noop-0.33.0.jar:/home/runner/.m2/repository/org/yaml/snakeyaml/1.26/snakeyaml-1.26.jar:/home/runner/.m2/repository/org/apache/ozone/hdds-interface-admin/1.2.0-SNAPSHOT/hdds-interface-admin-1.2.0-SNAPSHOT.jar:/home/runner/.m2/repository/junit/junit/4.13.1/junit-4.13.1.jar:/home/runner/.m2/repository/org/hamcrest/hamcrest-core/1.3/hamcrest-core-1.3.jar:/home/runner/.m2/repository/org/junit/jupiter/junit-jupiter-api/5.7.0/junit-jupiter-api-5.7.0.jar:/home/runner/.m2/repository/org/apiguardian/apiguardian-api/1.1.0/apiguardian-api-1.1.0.jar:/home/runner/.m2/repository/org/opentest4j/opentest4j/1.2.0/opentest4j-1.2.0.jar:/home/runner/.m2/repository/org/junit/platform/junit-platform-commons/1.7.0/junit-platform-commons-1.7.0.jar:/home/runner/.m2/repository/org/junit/jupiter/junit-jupiter-engine/5.7.0/junit-jupiter-engine-5.7.0.jar:/home/runner/.m2/repository/org/junit/platform/junit-platform-engine/1.7.0/junit-platform-engine-1.7.0.jar:/home/runner/.m2/repository/org/junit/vintage/junit-vintage-engine/5.7.0/junit-vintage-engine-5.7.0.jar:/home/runner/.m2/repository/org/junit/platform/junit-platform-launcher/1.7.0/junit-platform-launcher-1.7.0.jar:/home/runner/.m2/repository/org/openjdk/jmh/jmh-core/1.19/jmh-core-1.19.jar:/home/runner/.m2/repository/net/sf/jopt-simple/jopt-simple/4.6/jopt-simple-4.6.jar:/home/runner/.m2/repository/org/apache/commons/commons-math3/3.1.1/commons-math3-3.1.1.jar:/home/runner/.m2/repository/org/openjdk/jmh/jmh-generator-annprocess/1.19/jmh-generator-annprocess-1.19.jar:/home/runner/.m2/repository/org/mockito/mockito-core/2.28.2/mockito-core-2.28.2.jar:/home/runner/.m2/repository/net/bytebuddy/byte-buddy/1.9.10/byte-buddy-1.9.10.jar:/home/runner/.m2/repository/net/bytebuddy/byte-buddy-agent/1.9.10/byte-buddy-agent-1.9.10.jar:/home/runner/.m2/repository/org/objenesis/objenesis/1.0/objenesis-1.0.jar:/home/runner/.m2/repository/org/apache/hadoop/hadoop-kms/3.3.1/hadoop-kms-3.3.1.jar:/home/runner/.m2/repository/org/apache/hadoop/hadoop-auth/3.3.1/hadoop-auth-3.3.1.jar:/home/runner/.m2/repository/com/nimbusds/nimbus-jose-jwt/7.9/nimbus-jose-jwt-7.9.jar:/home/runner/.m2/repository/com/github/stephenc/jcip/jcip-annotations/1.0-1/jcip-annotations-1.0-1.jar:/home/runner/.m2/repository/net/minidev/json-smart/2.3/json-smart-2.3.jar:/home/runner/.m2/repository/net/minidev/accessors-smart/1.2/accessors-smart-1.2.jar:/home/runner/.m2/repository/org/ow2/asm/asm/5.0.4/asm-5.0.4.jar:/home/runner/.m2/repository/org/apache/zookeeper/zookeeper/3.5.6/zookeeper-3.5.6.jar:/home/runner/.m2/repository/org/apache/zookeeper/zookeeper-jute/3.5.6/zookeeper-jute-3.5.6.jar:/home/runner/.m2/repository/org/apache/yetus/audience-annotations/0.5.0/audience-annotations-0.5.0.jar:/home/runner/.m2/repository/org/apache/curator/curator-framework/4.2.0/curator-framework-4.2.0.jar:/home/runner/.m2/repository/org/apache/hadoop/thirdparty/hadoop-shaded-guava/1.1.1/hadoop-shaded-guava-1.1.1.jar:/home/runner/.m2/repository/com/sun/jersey/jersey-core/1.19/jersey-core-1.19.jar:/home/runner/.m2/repository/javax/ws/rs/jsr311-api/1.1.1/jsr311-api-1.1.1.jar:/home/runner/.m2/repository/com/sun/jersey/jersey-server/1.19/jersey-server-1.19.jar:/home/runner/.m2/repository/javax/servlet/javax.servlet-api/3.1.0/javax.servlet-api-3.1.0.jar:/home/runner/.m2/repository/org/eclipse/jetty/jetty-server/9.4.43.v20210629/jetty-server-9.4.43.v20210629.jar:/home/runner/.m2/repository/org/eclipse/jetty/jetty-http/9.4.43.v20210629/jetty-http-9.4.43.v20210629.jar:/home/runner/.m2/repository/org/eclipse/jetty/jetty-io/9.4.43.v20210629/jetty-io-9.4.43.v20210629.jar:/home/runner/.m2/repository/org/eclipse/jetty/jetty-webapp/9.4.43.v20210629/jetty-webapp-9.4.43.v20210629.jar:/home/runner/.m2/repository/org/eclipse/jetty/jetty-xml/9.4.43.v20210629/jetty-xml-9.4.43.v20210629.jar:/home/runner/.m2/repository/org/apache/hadoop/hadoop-common/3.3.1/hadoop-common-3.3.1.jar:/home/runner/.m2/repository/commons-net/commons-net/3.6/commons-net-3.6.jar:/home/runner/.m2/repository/jakarta/activation/jakarta.activation-api/1.2.1/jakarta.activation-api-1.2.1.jar:/home/runner/.m2/repository/com/sun/jersey/jersey-servlet/1.19/jersey-servlet-1.19.jar:/home/runner/.m2/repository/com/sun/jersey/jersey-json/1.19/jersey-json-1.19.jar:/home/runner/.m2/repository/org/codehaus/jettison/jettison/1.1/jettison-1.1.jar:/home/runner/.m2/repository/com/sun/xml/bind/jaxb-impl/2.2.3-1/jaxb-impl-2.2.3-1.jar:/home/runner/.m2/repository/org/codehaus/jackson/jackson-jaxrs/1.9.2/jackson-jaxrs-1.9.2.jar:/home/runner/.m2/repository/org/codehaus/jackson/jackson-xc/1.9.2/jackson-xc-1.9.2.jar:/home/runner/.m2/repository/org/apache/commons/commons-configuration2/2.1.1/commons-configuration2-2.1.1.jar:/home/runner/.m2/repository/org/apache/commons/commons-text/1.4/commons-text-1.4.jar:/home/runner/.m2/repository/com/google/re2j/re2j/1.1/re2j-1.1.jar:/home/runner/.m2/repository/com/jcraft/jsch/0.1.54/jsch-0.1.54.jar:/home/runner/.m2/repository/org/apache/curator/curator-client/4.2.0/curator-client-4.2.0.jar:/home/runner/.m2/repository/org/apache/curator/curator-recipes/4.2.0/curator-recipes-4.2.0.jar:/home/runner/.m2/repository/org/apache/kerby/kerb-core/1.0.1/kerb-core-1.0.1.jar:/home/runner/.m2/repository/org/apache/kerby/kerby-pkix/1.0.1/kerby-pkix-1.0.1.jar:/home/runner/.m2/repository/org/apache/kerby/kerby-asn1/1.0.1/kerby-asn1-1.0.1.jar:/home/runner/.m2/repository/org/apache/kerby/kerby-util/1.0.1/kerby-util-1.0.1.jar:/home/runner/.m2/repository/dnsjava/dnsjava/2.1.7/dnsjava-2.1.7.jar:/home/runner/.m2/repository/org/xerial/snappy/snappy-java/1.1.8.2/snappy-java-1.1.8.2.jar:/home/runner/.m2/repository/org/slf4j/jul-to-slf4j/1.7.30/jul-to-slf4j-1.7.30.jar:/home/runner/.m2/repository/org/eclipse/jetty/jetty-util/9.4.43.v20210629/jetty-util-9.4.43.v20210629.jar:/home/runner/.m2/repository/com/fasterxml/jackson/core/jackson-databind/2.12.1/jackson-databind-2.12.1.jar:/home/runner/.m2/repository/org/apache/hadoop/hadoop-kms/3.3.1/hadoop-kms-3.3.1-tests.jar:/home/runner/.m2/repository/org/apache/ozone/hdds-server-scm/1.2.0-SNAPSHOT/hdds-server-scm-1.2.0-SNAPSHOT-tests.jar:/home/runner/.m2/repository/org/apache/ozone/hdds-container-service/1.2.0-SNAPSHOT/hdds-container-service-1.2.0-SNAPSHOT-tests.jar:/home/runner/.m2/repository/commons-codec/commons-codec/1.11/commons-codec-1.11.jar:/home/runner/.m2/repository/io/netty/netty-transport/4.1.63.Final/netty-transport-4.1.63.Final.jar:/home/runner/.m2/repository/io/netty/netty-resolver/4.1.63.Final/netty-resolver-4.1.63.Final.jar:/home/runner/.m2/repository/io/netty/netty-codec/4.1.63.Final/netty-codec-4.1.63.Final.jar:/home/runner/.m2/repository/io/netty/netty-handler/4.1.63.Final/netty-handler-4.1.63.Final.jar:/home/runner/.m2/repository/org/apache/ozone/hdds-hadoop-dependency-test/1.2.0-SNAPSHOT/hdds-hadoop-dependency-test-1.2.0-SNAPSHOT.jar:/home/runner/.m2/repository/org/apache/hadoop/hadoop-common/3.3.1/hadoop-common-3.3.1-tests.jar:/home/runner/.m2/repository/org/assertj/assertj-core/3.12.2/assertj-core-3.12.2.jar:/home/runner/.m2/repository/org/apache/hadoop/hadoop-hdfs/3.3.1/hadoop-hdfs-3.3.1-tests.jar:/home/runner/.m2/repository/org/eclipse/jetty/jetty-util-ajax/9.4.43.v20210629/jetty-util-ajax-9.4.43.v20210629.jar:/home/runner/.m2/repository/commons-daemon/commons-daemon/1.0.13/commons-daemon-1.0.13.jar:/home/runner/.m2/repository/io/netty/netty/3.10.6.Final/netty-3.10.6.Final.jar:/home/runner/.m2/repository/io/netty/netty-all/4.1.63.Final/netty-all-4.1.63.Final.jar:/home/runner/.m2/repository/org/apache/htrace/htrace-core4/4.1.0-incubating/htrace-core4-4.1.0-incubating.jar:/home/runner/.m2/repository/org/fusesource/leveldbjni/leveldbjni-all/1.8/leveldbjni-all-1.8.jar:/home/runner/.m2/repository/org/apache/hadoop/hadoop-distcp/3.3.1/hadoop-distcp-3.3.1.jar:/home/runner/.m2/repository/org/apache/hadoop/hadoop-mapreduce-client-jobclient/3.3.1/hadoop-mapreduce-client-jobclient-3.3.1.jar:/home/runner/.m2/repository/org/apache/hadoop/hadoop-mapreduce-client-common/3.3.1/hadoop-mapreduce-client-common-3.3.1.jar:/home/runner/.m2/repository/org/apache/hadoop/hadoop-yarn-common/3.3.1/hadoop-yarn-common-3.3.1.jar:/home/runner/.m2/repository/org/apache/hadoop/hadoop-yarn-api/3.3.1/hadoop-yarn-api-3.3.1.jar:/home/runner/.m2/repository/com/sun/jersey/jersey-client/1.19/jersey-client-1.19.jar:/home/runner/.m2/repository/com/sun/jersey/contribs/jersey-guice/1.19/jersey-guice-1.19.jar:/home/runner/.m2/repository/com/fasterxml/jackson/jaxrs/jackson-jaxrs-json-provider/2.12.1/jackson-jaxrs-json-provider-2.12.1.jar:/home/runner/.m2/repository/com/fasterxml/jackson/jaxrs/jackson-jaxrs-base/2.12.1/jackson-jaxrs-base-2.12.1.jar:/home/runner/.m2/repository/org/apache/hadoop/hadoop-yarn-client/3.3.1/hadoop-yarn-client-3.3.1.jar:/home/runner/.m2/repository/org/eclipse/jetty/websocket/websocket-client/9.4.40.v20210413/websocket-client-9.4.40.v20210413.jar:/home/runner/.m2/repository/org/eclipse/jetty/jetty-client/9.4.40.v20210413/jetty-client-9.4.40.v20210413.jar:/home/runner/.m2/repository/org/eclipse/jetty/websocket/websocket-common/9.4.40.v20210413/websocket-common-9.4.40.v20210413.jar:/home/runner/.m2/repository/org/eclipse/jetty/websocket/websocket-api/9.4.40.v20210413/websocket-api-9.4.40.v20210413.jar:/home/runner/.m2/repository/org/jline/jline/3.9.0/jline-3.9.0.jar:/home/runner/.m2/repository/org/apache/hadoop/hadoop-mapreduce-client-core/3.3.1/hadoop-mapreduce-client-core-3.3.1.jar:/home/runner/.m2/repository/org/apache/avro/avro/1.7.7/avro-1.7.7.jar:/home/runner/.m2/repository/org/codehaus/jackson/jackson-core-asl/1.9.13/jackson-core-asl-1.9.13.jar:/home/runner/.m2/repository/org/codehaus/jackson/jackson-mapper-asl/1.9.13/jackson-mapper-asl-1.9.13.jar:/home/runner/.m2/repository/com/thoughtworks/paranamer/paranamer/2.3/paranamer-2.3.jar:/home/runner/.m2/repository/org/apache/hadoop/hadoop-annotations/3.3.1/hadoop-annotations-3.3.1.jar:/usr/lib/jvm/adoptopenjdk-8-hotspot-amd64/jre/../lib/tools.jar:/home/runner/.m2/repository/org/apache/hadoop/hadoop-distcp/3.3.1/hadoop-distcp-3.3.1-tests.jar:/home/runner/.m2/repository/org/apache/ratis/ratis-common/2.1.0-03f3b68-SNAPSHOT/ratis-common-2.1.0-03f3b68-SNAPSHOT.jar:/home/runner/.m2/repository/org/apache/ratis/ratis-thirdparty-misc/0.7.0/ratis-thirdparty-misc-0.7.0.jar:/home/runner/.m2/repository/org/apache/ratis/ratis-proto/2.1.0-03f3b68-SNAPSHOT/ratis-proto-2.1.0-03f3b68-SNAPSHOT.jar:"/>
    <property name="java.vm.vendor" value="AdoptOpenJDK"/>
    <property name="sun.arch.data.model" value="64"/>
    <property name="test.build.dir" value="/home/runner/work/ozone/ozone/hadoop-ozone/integration-test/target/test-dir"/>
    <property name="test.cache.data" value=""/>
    <property name="java.vendor.url" value="https://adoptopenjdk.net/"/>
    <property name="user.timezone" value=""/>
    <property name="java.vm.specification.version" value="1.8"/>
    <property name="os.name" value="Linux"/>
    <property name="test.build.data" value="/home/runner/work/ozone/ozone/hadoop-ozone/integration-test/target/test-dir"/>
    <property name="sun.java.launcher" value="SUN_STANDARD"/>
    <property name="sun.boot.library.path" value="/usr/lib/jvm/adoptopenjdk-8-hotspot-amd64/jre/lib/amd64"/>
    <property name="sun.java.command" value="/home/runner/work/ozone/ozone/hadoop-ozone/integration-test/target/surefire/surefirebooter8920497711604005663.jar /home/runner/work/ozone/ozone/hadoop-ozone/integration-test/target/surefire 2021-08-26T17-18-29_070-jvmRun1 surefire7122029040850700431tmp surefire_5413731979207970915tmp"/>
    <property name="surefire.test.class.path" value="/home/runner/work/ozone/ozone/hadoop-ozone/integration-test/target/test-classes:/home/runner/work/ozone/ozone/hadoop-ozone/integration-test/target/classes:/home/runner/.m2/repository/org/apache/ozone/ozone-common/1.2.0-SNAPSHOT/ozone-common-1.2.0-SNAPSHOT.jar:/home/runner/.m2/repository/org/apache/commons/commons-compress/1.20/commons-compress-1.20.jar:/home/runner/.m2/repository/org/apache/ozone/hdds-common/1.2.0-SNAPSHOT/hdds-common-1.2.0-SNAPSHOT.jar:/home/runner/.m2/repository/org/apache/ozone/hdds-client/1.2.0-SNAPSHOT/hdds-client-1.2.0-SNAPSHOT.jar:/home/runner/.m2/repository/org/apache/ozone/ozone-interface-client/1.2.0-SNAPSHOT/ozone-interface-client-1.2.0-SNAPSHOT.jar:/home/runner/.m2/repository/org/apache/ozone/hdds-server-framework/1.2.0-SNAPSHOT/hdds-server-framework-1.2.0-SNAPSHOT.jar:/home/runner/.m2/repository/org/apache/ozone/hdds-interface-server/1.2.0-SNAPSHOT/hdds-interface-server-1.2.0-SNAPSHOT.jar:/home/runner/.m2/repository/org/eclipse/jetty/jetty-servlet/9.4.43.v20210629/jetty-servlet-9.4.43.v20210629.jar:/home/runner/.m2/repository/org/eclipse/jetty/jetty-security/9.4.43.v20210629/jetty-security-9.4.43.v20210629.jar:/home/runner/.m2/repository/org/rocksdb/rocksdbjni/6.20.3/rocksdbjni-6.20.3.jar:/home/runner/.m2/repository/io/prometheus/simpleclient_dropwizard/0.7.0/simpleclient_dropwizard-0.7.0.jar:/home/runner/.m2/repository/io/prometheus/simpleclient/0.7.0/simpleclient-0.7.0.jar:/home/runner/.m2/repository/io/prometheus/simpleclient_common/0.7.0/simpleclient_common-0.7.0.jar:/home/runner/.m2/repository/com/fasterxml/jackson/datatype/jackson-datatype-jsr310/2.12.1/jackson-datatype-jsr310-2.12.1.jar:/home/runner/.m2/repository/org/apache/ozone/hdds-test-utils/1.2.0-SNAPSHOT/hdds-test-utils-1.2.0-SNAPSHOT.jar:/home/runner/.m2/repository/com/google/guava/guava/30.1.1-jre/guava-30.1.1-jre.jar:/home/runner/.m2/repository/com/google/guava/failureaccess/1.0.1/failureaccess-1.0.1.jar:/home/runner/.m2/repository/com/google/guava/listenablefuture/9999.0-empty-to-avoid-conflict-with-guava/listenablefuture-9999.0-empty-to-avoid-conflict-with-guava.jar:/home/runner/.m2/repository/com/google/code/findbugs/jsr305/3.0.0/jsr305-3.0.0.jar:/home/runner/.m2/repository/org/checkerframework/checker-qual/3.8.0/checker-qual-3.8.0.jar:/home/runner/.m2/repository/com/google/errorprone/error_prone_annotations/2.2.0/error_prone_annotations-2.2.0.jar:/home/runner/.m2/repository/com/google/j2objc/j2objc-annotations/1.3/j2objc-annotations-1.3.jar:/home/runner/.m2/repository/commons-io/commons-io/2.8.0/commons-io-2.8.0.jar:/home/runner/.m2/repository/commons-logging/commons-logging/1.2/commons-logging-1.2.jar:/home/runner/.m2/repository/log4j/log4j/1.2.17/log4j-1.2.17.jar:/home/runner/.m2/repository/org/slf4j/slf4j-api/1.7.30/slf4j-api-1.7.30.jar:/home/runner/.m2/repository/org/apache/ozone/hdds-server-scm/1.2.0-SNAPSHOT/hdds-server-scm-1.2.0-SNAPSHOT.jar:/home/runner/.m2/repository/org/apache/ozone/hdds-container-service/1.2.0-SNAPSHOT/hdds-container-service-1.2.0-SNAPSHOT.jar:/home/runner/.m2/repository/org/apache/ozone/hdds-hadoop-dependency-server/1.2.0-SNAPSHOT/hdds-hadoop-dependency-server-1.2.0-SNAPSHOT.jar:/home/runner/.m2/repository/org/apache/hadoop/hadoop-hdfs/3.3.1/hadoop-hdfs-3.3.1.jar:/home/runner/.m2/repository/io/dropwizard/metrics/metrics-core/3.2.4/metrics-core-3.2.4.jar:/home/runner/.m2/repository/org/apache/hadoop/hadoop-hdfs-client/3.3.1/hadoop-hdfs-client-3.3.1.jar:/home/runner/.m2/repository/org/bouncycastle/bcprov-jdk15on/1.67/bcprov-jdk15on-1.67.jar:/home/runner/.m2/repository/com/google/protobuf/protobuf-java/2.5.0/protobuf-java-2.5.0.jar:/home/runner/.m2/repository/org/apache/ozone/ozone-manager/1.2.0-SNAPSHOT/ozone-manager-1.2.0-SNAPSHOT.jar:/home/runner/.m2/repository/org/aspectj/aspectjrt/1.8.9/aspectjrt-1.8.9.jar:/home/runner/.m2/repository/org/aspectj/aspectjweaver/1.8.9/aspectjweaver-1.8.9.jar:/home/runner/.m2/repository/org/apache/ozone/hdds-interface-client/1.2.0-SNAPSHOT/hdds-interface-client-1.2.0-SNAPSHOT.jar:/home/runner/.m2/repository/org/apache/hadoop/thirdparty/hadoop-shaded-protobuf_3_7/1.1.1/hadoop-shaded-protobuf_3_7-1.1.1.jar:/home/runner/.m2/repository/org/apache/ozone/ozone-interface-storage/1.2.0-SNAPSHOT/ozone-interface-storage-1.2.0-SNAPSHOT.jar:/home/runner/.m2/repository/org/reflections/reflections/0.9.11/reflections-0.9.11.jar:/home/runner/.m2/repository/org/apache/hadoop/hadoop-minikdc/3.3.1/hadoop-minikdc-3.3.1.jar:/home/runner/.m2/repository/org/apache/kerby/kerb-simplekdc/1.0.1/kerb-simplekdc-1.0.1.jar:/home/runner/.m2/repository/org/apache/kerby/kerb-client/1.0.1/kerb-client-1.0.1.jar:/home/runner/.m2/repository/org/apache/kerby/kerby-config/1.0.1/kerby-config-1.0.1.jar:/home/runner/.m2/repository/org/apache/kerby/kerb-common/1.0.1/kerb-common-1.0.1.jar:/home/runner/.m2/repository/org/apache/kerby/kerb-crypto/1.0.1/kerb-crypto-1.0.1.jar:/home/runner/.m2/repository/org/apache/kerby/kerb-util/1.0.1/kerb-util-1.0.1.jar:/home/runner/.m2/repository/org/apache/kerby/token-provider/1.0.1/token-provider-1.0.1.jar:/home/runner/.m2/repository/org/apache/kerby/kerb-admin/1.0.1/kerb-admin-1.0.1.jar:/home/runner/.m2/repository/org/apache/kerby/kerb-server/1.0.1/kerb-server-1.0.1.jar:/home/runner/.m2/repository/org/apache/kerby/kerb-identity/1.0.1/kerb-identity-1.0.1.jar:/home/runner/.m2/repository/org/apache/kerby/kerby-xdr/1.0.1/kerby-xdr-1.0.1.jar:/home/runner/.m2/repository/org/slf4j/slf4j-log4j12/1.7.30/slf4j-log4j12-1.7.30.jar:/home/runner/.m2/repository/org/apache/ozone/ozone-s3gateway/1.2.0-SNAPSHOT/ozone-s3gateway-1.2.0-SNAPSHOT.jar:/home/runner/.m2/repository/org/javassist/javassist/3.21.0-GA/javassist-3.21.0-GA.jar:/home/runner/.m2/repository/org/jboss/weld/servlet/weld-servlet/2.4.7.Final/weld-servlet-2.4.7.Final.jar:/home/runner/.m2/repository/org/glassfish/jersey/containers/jersey-container-servlet-core/2.33/jersey-container-servlet-core-2.33.jar:/home/runner/.m2/repository/org/glassfish/hk2/external/jakarta.inject/2.6.1/jakarta.inject-2.6.1.jar:/home/runner/.m2/repository/org/glassfish/jersey/core/jersey-common/2.33/jersey-common-2.33.jar:/home/runner/.m2/repository/jakarta/ws/rs/jakarta.ws.rs-api/2.1.6/jakarta.ws.rs-api-2.1.6.jar:/home/runner/.m2/repository/org/glassfish/jersey/ext/cdi/jersey-cdi1x/2.33/jersey-cdi1x-2.33.jar:/home/runner/.m2/repository/org/glassfish/jersey/inject/jersey-hk2/2.33/jersey-hk2-2.33.jar:/home/runner/.m2/repository/org/glassfish/hk2/hk2-locator/2.6.1/hk2-locator-2.6.1.jar:/home/runner/.m2/repository/org/glassfish/jersey/media/jersey-media-jaxb/2.33/jersey-media-jaxb-2.33.jar:/home/runner/.m2/repository/org/glassfish/hk2/osgi-resource-locator/1.0.3/osgi-resource-locator-1.0.3.jar:/home/runner/.m2/repository/org/glassfish/hk2/hk2-api/2.5.0/hk2-api-2.5.0.jar:/home/runner/.m2/repository/org/glassfish/hk2/hk2-utils/2.5.0/hk2-utils-2.5.0.jar:/home/runner/.m2/repository/org/glassfish/hk2/external/aopalliance-repackaged/2.5.0/aopalliance-repackaged-2.5.0.jar:/home/runner/.m2/repository/com/fasterxml/jackson/dataformat/jackson-dataformat-xml/2.12.1/jackson-dataformat-xml-2.12.1.jar:/home/runner/.m2/repository/com/fasterxml/jackson/core/jackson-core/2.12.1/jackson-core-2.12.1.jar:/home/runner/.m2/repository/com/fasterxml/jackson/module/jackson-module-jaxb-annotations/2.12.1/jackson-module-jaxb-annotations-2.12.1.jar:/home/runner/.m2/repository/jakarta/xml/bind/jakarta.xml.bind-api/2.3.2/jakarta.xml.bind-api-2.3.2.jar:/home/runner/.m2/repository/org/codehaus/woodstox/stax2-api/3.1.4/stax2-api-3.1.4.jar:/home/runner/.m2/repository/com/fasterxml/woodstox/woodstox-core/5.0.3/woodstox-core-5.0.3.jar:/home/runner/.m2/repository/javax/enterprise/cdi-api/1.2/cdi-api-1.2.jar:/home/runner/.m2/repository/javax/el/javax.el-api/3.0.0/javax.el-api-3.0.0.jar:/home/runner/.m2/repository/javax/interceptor/javax.interceptor-api/1.2/javax.interceptor-api-1.2.jar:/home/runner/.m2/repository/javax/inject/javax.inject/1/javax.inject-1.jar:/home/runner/.m2/repository/javax/xml/bind/jaxb-api/2.3.0/jaxb-api-2.3.0.jar:/home/runner/.m2/repository/org/glassfish/jaxb/jaxb-runtime/2.3.0.1/jaxb-runtime-2.3.0.1.jar:/home/runner/.m2/repository/org/glassfish/jaxb/jaxb-core/2.3.0.1/jaxb-core-2.3.0.1.jar:/home/runner/.m2/repository/org/glassfish/jaxb/txw2/2.3.0.1/txw2-2.3.0.1.jar:/home/runner/.m2/repository/com/sun/istack/istack-commons-runtime/3.0.5/istack-commons-runtime-3.0.5.jar:/home/runner/.m2/repository/org/jvnet/staxex/stax-ex/1.7.8/stax-ex-1.7.8.jar:/home/runner/.m2/repository/com/sun/xml/fastinfoset/FastInfoset/1.2.13/FastInfoset-1.2.13.jar:/home/runner/.m2/repository/javax/activation/activation/1.1.1/activation-1.1.1.jar:/home/runner/.m2/repository/org/apache/ozone/ozone-csi/1.2.0-SNAPSHOT/ozone-csi-1.2.0-SNAPSHOT.jar:/home/runner/.m2/repository/com/google/protobuf/protobuf-java-util/3.12.0/protobuf-java-util-3.12.0.jar:/home/runner/.m2/repository/com/google/code/gson/gson/2.2.4/gson-2.2.4.jar:/home/runner/.m2/repository/org/apache/ozone/hdds-config/1.2.0-SNAPSHOT/hdds-config-1.2.0-SNAPSHOT.jar:/home/runner/.m2/repository/io/grpc/grpc-netty/1.33.0/grpc-netty-1.33.0.jar:/home/runner/.m2/repository/io/grpc/grpc-core/1.33.0/grpc-core-1.33.0.jar:/home/runner/.m2/repository/com/google/android/annotations/4.1.1.4/annotations-4.1.1.4.jar:/home/runner/.m2/repository/io/netty/netty-codec-http2/4.1.63.Final/netty-codec-http2-4.1.63.Final.jar:/home/runner/.m2/repository/io/netty/netty-codec-http/4.1.63.Final/netty-codec-http-4.1.63.Final.jar:/home/runner/.m2/repository/io/netty/netty-handler-proxy/4.1.63.Final/netty-handler-proxy-4.1.63.Final.jar:/home/runner/.m2/repository/io/netty/netty-codec-socks/4.1.63.Final/netty-codec-socks-4.1.63.Final.jar:/home/runner/.m2/repository/io/perfmark/perfmark-api/0.19.0/perfmark-api-0.19.0.jar:/home/runner/.m2/repository/org/codehaus/mojo/animal-sniffer-annotations/1.18/animal-sniffer-annotations-1.18.jar:/home/runner/.m2/repository/io/netty/netty-transport-native-epoll/4.1.63.Final/netty-transport-native-epoll-4.1.63.Final.jar:/home/runner/.m2/repository/io/netty/netty-common/4.1.63.Final/netty-common-4.1.63.Final.jar:/home/runner/.m2/repository/io/netty/netty-buffer/4.1.63.Final/netty-buffer-4.1.63.Final.jar:/home/runner/.m2/repository/io/netty/netty-transport-native-unix-common/4.1.63.Final/netty-transport-native-unix-common-4.1.63.Final.jar:/home/runner/.m2/repository/io/grpc/grpc-protobuf/1.33.0/grpc-protobuf-1.33.0.jar:/home/runner/.m2/repository/io/grpc/grpc-api/1.33.0/grpc-api-1.33.0.jar:/home/runner/.m2/repository/io/grpc/grpc-context/1.33.0/grpc-context-1.33.0.jar:/home/runner/.m2/repository/com/google/api/grpc/proto-google-common-protos/1.17.0/proto-google-common-protos-1.17.0.jar:/home/runner/.m2/repository/io/grpc/grpc-protobuf-lite/1.33.0/grpc-protobuf-lite-1.33.0.jar:/home/runner/.m2/repository/io/grpc/grpc-stub/1.33.0/grpc-stub-1.33.0.jar:/home/runner/.m2/repository/org/apache/ozone/ozone-recon/1.2.0-SNAPSHOT/ozone-recon-1.2.0-SNAPSHOT.jar:/home/runner/.m2/repository/org/apache/ozone/ozone-reconcodegen/1.2.0-SNAPSHOT/ozone-reconcodegen-1.2.0-SNAPSHOT.jar:/home/runner/.m2/repository/com/google/inject/extensions/guice-multibindings/4.0/guice-multibindings-4.0.jar:/home/runner/.m2/repository/com/google/inject/guice/4.0/guice-4.0.jar:/home/runner/.m2/repository/aopalliance/aopalliance/1.0/aopalliance-1.0.jar:/home/runner/.m2/repository/com/google/inject/extensions/guice-assistedinject/4.0/guice-assistedinject-4.0.jar:/home/runner/.m2/repository/com/google/inject/extensions/guice-servlet/4.0/guice-servlet-4.0.jar:/home/runner/.m2/repository/org/glassfish/jersey/containers/jersey-container-servlet/2.33/jersey-container-servlet-2.33.jar:/home/runner/.m2/repository/org/glassfish/hk2/guice-bridge/2.5.0/guice-bridge-2.5.0.jar:/home/runner/.m2/repository/org/glassfish/jersey/core/jersey-server/2.33/jersey-server-2.33.jar:/home/runner/.m2/repository/org/glassfish/jersey/core/jersey-client/2.33/jersey-client-2.33.jar:/home/runner/.m2/repository/jakarta/annotation/jakarta.annotation-api/1.3.5/jakarta.annotation-api-1.3.5.jar:/home/runner/.m2/repository/jakarta/validation/jakarta.validation-api/2.0.2/jakarta.validation-api-2.0.2.jar:/home/runner/.m2/repository/org/glassfish/jersey/media/jersey-media-json-jackson/2.33/jersey-media-json-jackson-2.33.jar:/home/runner/.m2/repository/org/glassfish/jersey/ext/jersey-entity-filtering/2.33/jersey-entity-filtering-2.33.jar:/home/runner/.m2/repository/org/jooq/jooq/3.11.10/jooq-3.11.10.jar:/home/runner/.m2/repository/org/jooq/jooq-meta/3.11.10/jooq-meta-3.11.10.jar:/home/runner/.m2/repository/org/jooq/jooq-codegen/3.11.10/jooq-codegen-3.11.10.jar:/home/runner/.m2/repository/com/jolbox/bonecp/0.8.0.RELEASE/bonecp-0.8.0.RELEASE.jar:/home/runner/.m2/repository/org/apache/derby/derby/10.14.2.0/derby-10.14.2.0.jar:/home/runner/.m2/repository/org/xerial/sqlite-jdbc/3.25.2/sqlite-jdbc-3.25.2.jar:/home/runner/.m2/repository/org/springframework/spring-jdbc/5.2.11.RELEASE/spring-jdbc-5.2.11.RELEASE.jar:/home/runner/.m2/repository/org/springframework/spring-beans/5.2.11.RELEASE/spring-beans-5.2.11.RELEASE.jar:/home/runner/.m2/repository/org/springframework/spring-core/5.2.11.RELEASE/spring-core-5.2.11.RELEASE.jar:/home/runner/.m2/repository/org/springframework/spring-jcl/5.2.11.RELEASE/spring-jcl-5.2.11.RELEASE.jar:/home/runner/.m2/repository/org/springframework/spring-tx/5.2.11.RELEASE/spring-tx-5.2.11.RELEASE.jar:/home/runner/.m2/repository/org/apache/ozone/ozone-client/1.2.0-SNAPSHOT/ozone-client-1.2.0-SNAPSHOT.jar:/home/runner/.m2/repository/org/apache/ozone/ozone-filesystem/1.2.0-SNAPSHOT/ozone-filesystem-1.2.0-SNAPSHOT.jar:/home/runner/.m2/repository/org/apache/ozone/ozone-filesystem-common/1.2.0-SNAPSHOT/ozone-filesystem-common-1.2.0-SNAPSHOT.jar:/home/runner/.m2/repository/org/apache/ozone/ozone-tools/1.2.0-SNAPSHOT/ozone-tools-1.2.0-SNAPSHOT.jar:/home/runner/.m2/repository/org/apache/ratis/ratis-tools/2.1.0-03f3b68-SNAPSHOT/ratis-tools-2.1.0-03f3b68-SNAPSHOT.jar:/home/runner/.m2/repository/com/amazonaws/aws-java-sdk-core/1.11.901/aws-java-sdk-core-1.11.901.jar:/home/runner/.m2/repository/org/apache/httpcomponents/httpclient/4.5.13/httpclient-4.5.13.jar:/home/runner/.m2/repository/org/apache/httpcomponents/httpcore/4.4.13/httpcore-4.4.13.jar:/home/runner/.m2/repository/software/amazon/ion/ion-java/1.0.2/ion-java-1.0.2.jar:/home/runner/.m2/repository/com/fasterxml/jackson/dataformat/jackson-dataformat-cbor/2.12.1/jackson-dataformat-cbor-2.12.1.jar:/home/runner/.m2/repository/joda-time/joda-time/2.8.1/joda-time-2.8.1.jar:/home/runner/.m2/repository/com/amazonaws/aws-java-sdk-s3/1.11.901/aws-java-sdk-s3-1.11.901.jar:/home/runner/.m2/repository/com/amazonaws/aws-java-sdk-kms/1.11.901/aws-java-sdk-kms-1.11.901.jar:/home/runner/.m2/repository/com/amazonaws/jmespath-java/1.11.901/jmespath-java-1.11.901.jar:/home/runner/.m2/repository/org/kohsuke/metainf-services/metainf-services/1.8/metainf-services-1.8.jar:/home/runner/.m2/repository/org/apache/ozone/hdds-tools/1.2.0-SNAPSHOT/hdds-tools-1.2.0-SNAPSHOT.jar:/home/runner/.m2/repository/commons-cli/commons-cli/1.2/commons-cli-1.2.jar:/home/runner/.m2/repository/org/apache/commons/commons-lang3/3.7/commons-lang3-3.7.jar:/home/runner/.m2/repository/org/apache/ozone/ozone-manager/1.2.0-SNAPSHOT/ozone-manager-1.2.0-SNAPSHOT-tests.jar:/home/runner/.m2/repository/org/apache/ozone/hdds-common/1.2.0-SNAPSHOT/hdds-common-1.2.0-SNAPSHOT-tests.jar:/home/runner/.m2/repository/org/apache/ozone/hdds-hadoop-dependency-client/1.2.0-SNAPSHOT/hdds-hadoop-dependency-client-1.2.0-SNAPSHOT.jar:/home/runner/.m2/repository/info/picocli/picocli/4.4.0/picocli-4.4.0.jar:/home/runner/.m2/repository/com/fasterxml/jackson/core/jackson-annotations/2.12.1/jackson-annotations-2.12.1.jar:/home/runner/.m2/repository/javax/annotation/javax.annotation-api/1.2/javax.annotation-api-1.2.jar:/home/runner/.m2/repository/org/apache/ratis/ratis-server/2.1.0-03f3b68-SNAPSHOT/ratis-server-2.1.0-03f3b68-SNAPSHOT.jar:/home/runner/.m2/repository/org/apache/ratis/ratis-client/2.1.0-03f3b68-SNAPSHOT/ratis-client-2.1.0-03f3b68-SNAPSHOT.jar:/home/runner/.m2/repository/org/apache/ratis/ratis-server-api/2.1.0-03f3b68-SNAPSHOT/ratis-server-api-2.1.0-03f3b68-SNAPSHOT.jar:/home/runner/.m2/repository/org/apache/ratis/ratis-metrics/2.1.0-03f3b68-SNAPSHOT/ratis-metrics-2.1.0-03f3b68-SNAPSHOT.jar:/home/runner/.m2/repository/org/apache/ratis/ratis-netty/2.1.0-03f3b68-SNAPSHOT/ratis-netty-2.1.0-03f3b68-SNAPSHOT.jar:/home/runner/.m2/repository/org/apache/ratis/ratis-grpc/2.1.0-03f3b68-SNAPSHOT/ratis-grpc-2.1.0-03f3b68-SNAPSHOT.jar:/home/runner/.m2/repository/org/apache/logging/log4j/log4j-api/2.13.3/log4j-api-2.13.3.jar:/home/runner/.m2/repository/org/apache/logging/log4j/log4j-core/2.13.3/log4j-core-2.13.3.jar:/home/runner/.m2/repository/com/lmax/disruptor/3.4.2/disruptor-3.4.2.jar:/home/runner/.m2/repository/org/apache/commons/commons-pool2/2.6.0/commons-pool2-2.6.0.jar:/home/runner/.m2/repository/org/bouncycastle/bcpkix-jdk15on/1.67/bcpkix-jdk15on-1.67.jar:/home/runner/.m2/repository/commons-validator/commons-validator/1.6/commons-validator-1.6.jar:/home/runner/.m2/repository/commons-beanutils/commons-beanutils/1.9.4/commons-beanutils-1.9.4.jar:/home/runner/.m2/repository/commons-digester/commons-digester/1.8.1/commons-digester-1.8.1.jar:/home/runner/.m2/repository/commons-collections/commons-collections/3.2.2/commons-collections-3.2.2.jar:/home/runner/.m2/repository/io/jaegertracing/jaeger-client/1.6.0/jaeger-client-1.6.0.jar:/home/runner/.m2/repository/io/jaegertracing/jaeger-thrift/1.6.0/jaeger-thrift-1.6.0.jar:/home/runner/.m2/repository/org/apache/thrift/libthrift/0.14.1/libthrift-0.14.1.jar:/home/runner/.m2/repository/com/squareup/okhttp3/okhttp/4.9.0/okhttp-4.9.0.jar:/home/runner/.m2/repository/com/squareup/okio/okio/2.8.0/okio-2.8.0.jar:/home/runner/.m2/repository/io/jaegertracing/jaeger-core/1.6.0/jaeger-core-1.6.0.jar:/home/runner/.m2/repository/io/jaegertracing/jaeger-tracerresolver/1.6.0/jaeger-tracerresolver-1.6.0.jar:/home/runner/.m2/repository/io/opentracing/contrib/opentracing-tracerresolver/0.1.8/opentracing-tracerresolver-0.1.8.jar:/home/runner/.m2/repository/org/jetbrains/kotlin/kotlin-stdlib/1.4.31/kotlin-stdlib-1.4.31.jar:/home/runner/.m2/repository/org/jetbrains/kotlin/kotlin-stdlib-common/1.4.31/kotlin-stdlib-common-1.4.31.jar:/home/runner/.m2/repository/org/jetbrains/annotations/13.0/annotations-13.0.jar:/home/runner/.m2/repository/io/opentracing/opentracing-util/0.33.0/opentracing-util-0.33.0.jar:/home/runner/.m2/repository/io/opentracing/opentracing-api/0.33.0/opentracing-api-0.33.0.jar:/home/runner/.m2/repository/io/opentracing/opentracing-noop/0.33.0/opentracing-noop-0.33.0.jar:/home/runner/.m2/repository/org/yaml/snakeyaml/1.26/snakeyaml-1.26.jar:/home/runner/.m2/repository/org/apache/ozone/hdds-interface-admin/1.2.0-SNAPSHOT/hdds-interface-admin-1.2.0-SNAPSHOT.jar:/home/runner/.m2/repository/junit/junit/4.13.1/junit-4.13.1.jar:/home/runner/.m2/repository/org/hamcrest/hamcrest-core/1.3/hamcrest-core-1.3.jar:/home/runner/.m2/repository/org/junit/jupiter/junit-jupiter-api/5.7.0/junit-jupiter-api-5.7.0.jar:/home/runner/.m2/repository/org/apiguardian/apiguardian-api/1.1.0/apiguardian-api-1.1.0.jar:/home/runner/.m2/repository/org/opentest4j/opentest4j/1.2.0/opentest4j-1.2.0.jar:/home/runner/.m2/repository/org/junit/platform/junit-platform-commons/1.7.0/junit-platform-commons-1.7.0.jar:/home/runner/.m2/repository/org/junit/jupiter/junit-jupiter-engine/5.7.0/junit-jupiter-engine-5.7.0.jar:/home/runner/.m2/repository/org/junit/platform/junit-platform-engine/1.7.0/junit-platform-engine-1.7.0.jar:/home/runner/.m2/repository/org/junit/vintage/junit-vintage-engine/5.7.0/junit-vintage-engine-5.7.0.jar:/home/runner/.m2/repository/org/junit/platform/junit-platform-launcher/1.7.0/junit-platform-launcher-1.7.0.jar:/home/runner/.m2/repository/org/openjdk/jmh/jmh-core/1.19/jmh-core-1.19.jar:/home/runner/.m2/repository/net/sf/jopt-simple/jopt-simple/4.6/jopt-simple-4.6.jar:/home/runner/.m2/repository/org/apache/commons/commons-math3/3.1.1/commons-math3-3.1.1.jar:/home/runner/.m2/repository/org/openjdk/jmh/jmh-generator-annprocess/1.19/jmh-generator-annprocess-1.19.jar:/home/runner/.m2/repository/org/mockito/mockito-core/2.28.2/mockito-core-2.28.2.jar:/home/runner/.m2/repository/net/bytebuddy/byte-buddy/1.9.10/byte-buddy-1.9.10.jar:/home/runner/.m2/repository/net/bytebuddy/byte-buddy-agent/1.9.10/byte-buddy-agent-1.9.10.jar:/home/runner/.m2/repository/org/objenesis/objenesis/1.0/objenesis-1.0.jar:/home/runner/.m2/repository/org/apache/hadoop/hadoop-kms/3.3.1/hadoop-kms-3.3.1.jar:/home/runner/.m2/repository/org/apache/hadoop/hadoop-auth/3.3.1/hadoop-auth-3.3.1.jar:/home/runner/.m2/repository/com/nimbusds/nimbus-jose-jwt/7.9/nimbus-jose-jwt-7.9.jar:/home/runner/.m2/repository/com/github/stephenc/jcip/jcip-annotations/1.0-1/jcip-annotations-1.0-1.jar:/home/runner/.m2/repository/net/minidev/json-smart/2.3/json-smart-2.3.jar:/home/runner/.m2/repository/net/minidev/accessors-smart/1.2/accessors-smart-1.2.jar:/home/runner/.m2/repository/org/ow2/asm/asm/5.0.4/asm-5.0.4.jar:/home/runner/.m2/repository/org/apache/zookeeper/zookeeper/3.5.6/zookeeper-3.5.6.jar:/home/runner/.m2/repository/org/apache/zookeeper/zookeeper-jute/3.5.6/zookeeper-jute-3.5.6.jar:/home/runner/.m2/repository/org/apache/yetus/audience-annotations/0.5.0/audience-annotations-0.5.0.jar:/home/runner/.m2/repository/org/apache/curator/curator-framework/4.2.0/curator-framework-4.2.0.jar:/home/runner/.m2/repository/org/apache/hadoop/thirdparty/hadoop-shaded-guava/1.1.1/hadoop-shaded-guava-1.1.1.jar:/home/runner/.m2/repository/com/sun/jersey/jersey-core/1.19/jersey-core-1.19.jar:/home/runner/.m2/repository/javax/ws/rs/jsr311-api/1.1.1/jsr311-api-1.1.1.jar:/home/runner/.m2/repository/com/sun/jersey/jersey-server/1.19/jersey-server-1.19.jar:/home/runner/.m2/repository/javax/servlet/javax.servlet-api/3.1.0/javax.servlet-api-3.1.0.jar:/home/runner/.m2/repository/org/eclipse/jetty/jetty-server/9.4.43.v20210629/jetty-server-9.4.43.v20210629.jar:/home/runner/.m2/repository/org/eclipse/jetty/jetty-http/9.4.43.v20210629/jetty-http-9.4.43.v20210629.jar:/home/runner/.m2/repository/org/eclipse/jetty/jetty-io/9.4.43.v20210629/jetty-io-9.4.43.v20210629.jar:/home/runner/.m2/repository/org/eclipse/jetty/jetty-webapp/9.4.43.v20210629/jetty-webapp-9.4.43.v20210629.jar:/home/runner/.m2/repository/org/eclipse/jetty/jetty-xml/9.4.43.v20210629/jetty-xml-9.4.43.v20210629.jar:/home/runner/.m2/repository/org/apache/hadoop/hadoop-common/3.3.1/hadoop-common-3.3.1.jar:/home/runner/.m2/repository/commons-net/commons-net/3.6/commons-net-3.6.jar:/home/runner/.m2/repository/jakarta/activation/jakarta.activation-api/1.2.1/jakarta.activation-api-1.2.1.jar:/home/runner/.m2/repository/com/sun/jersey/jersey-servlet/1.19/jersey-servlet-1.19.jar:/home/runner/.m2/repository/com/sun/jersey/jersey-json/1.19/jersey-json-1.19.jar:/home/runner/.m2/repository/org/codehaus/jettison/jettison/1.1/jettison-1.1.jar:/home/runner/.m2/repository/com/sun/xml/bind/jaxb-impl/2.2.3-1/jaxb-impl-2.2.3-1.jar:/home/runner/.m2/repository/org/codehaus/jackson/jackson-jaxrs/1.9.2/jackson-jaxrs-1.9.2.jar:/home/runner/.m2/repository/org/codehaus/jackson/jackson-xc/1.9.2/jackson-xc-1.9.2.jar:/home/runner/.m2/repository/org/apache/commons/commons-configuration2/2.1.1/commons-configuration2-2.1.1.jar:/home/runner/.m2/repository/org/apache/commons/commons-text/1.4/commons-text-1.4.jar:/home/runner/.m2/repository/com/google/re2j/re2j/1.1/re2j-1.1.jar:/home/runner/.m2/repository/com/jcraft/jsch/0.1.54/jsch-0.1.54.jar:/home/runner/.m2/repository/org/apache/curator/curator-client/4.2.0/curator-client-4.2.0.jar:/home/runner/.m2/repository/org/apache/curator/curator-recipes/4.2.0/curator-recipes-4.2.0.jar:/home/runner/.m2/repository/org/apache/kerby/kerb-core/1.0.1/kerb-core-1.0.1.jar:/home/runner/.m2/repository/org/apache/kerby/kerby-pkix/1.0.1/kerby-pkix-1.0.1.jar:/home/runner/.m2/repository/org/apache/kerby/kerby-asn1/1.0.1/kerby-asn1-1.0.1.jar:/home/runner/.m2/repository/org/apache/kerby/kerby-util/1.0.1/kerby-util-1.0.1.jar:/home/runner/.m2/repository/dnsjava/dnsjava/2.1.7/dnsjava-2.1.7.jar:/home/runner/.m2/repository/org/xerial/snappy/snappy-java/1.1.8.2/snappy-java-1.1.8.2.jar:/home/runner/.m2/repository/org/slf4j/jul-to-slf4j/1.7.30/jul-to-slf4j-1.7.30.jar:/home/runner/.m2/repository/org/eclipse/jetty/jetty-util/9.4.43.v20210629/jetty-util-9.4.43.v20210629.jar:/home/runner/.m2/repository/com/fasterxml/jackson/core/jackson-databind/2.12.1/jackson-databind-2.12.1.jar:/home/runner/.m2/repository/org/apache/hadoop/hadoop-kms/3.3.1/hadoop-kms-3.3.1-tests.jar:/home/runner/.m2/repository/org/apache/ozone/hdds-server-scm/1.2.0-SNAPSHOT/hdds-server-scm-1.2.0-SNAPSHOT-tests.jar:/home/runner/.m2/repository/org/apache/ozone/hdds-container-service/1.2.0-SNAPSHOT/hdds-container-service-1.2.0-SNAPSHOT-tests.jar:/home/runner/.m2/repository/commons-codec/commons-codec/1.11/commons-codec-1.11.jar:/home/runner/.m2/repository/io/netty/netty-transport/4.1.63.Final/netty-transport-4.1.63.Final.jar:/home/runner/.m2/repository/io/netty/netty-resolver/4.1.63.Final/netty-resolver-4.1.63.Final.jar:/home/runner/.m2/repository/io/netty/netty-codec/4.1.63.Final/netty-codec-4.1.63.Final.jar:/home/runner/.m2/repository/io/netty/netty-handler/4.1.63.Final/netty-handler-4.1.63.Final.jar:/home/runner/.m2/repository/org/apache/ozone/hdds-hadoop-dependency-test/1.2.0-SNAPSHOT/hdds-hadoop-dependency-test-1.2.0-SNAPSHOT.jar:/home/runner/.m2/repository/org/apache/hadoop/hadoop-common/3.3.1/hadoop-common-3.3.1-tests.jar:/home/runner/.m2/repository/org/assertj/assertj-core/3.12.2/assertj-core-3.12.2.jar:/home/runner/.m2/repository/org/apache/hadoop/hadoop-hdfs/3.3.1/hadoop-hdfs-3.3.1-tests.jar:/home/runner/.m2/repository/org/eclipse/jetty/jetty-util-ajax/9.4.43.v20210629/jetty-util-ajax-9.4.43.v20210629.jar:/home/runner/.m2/repository/commons-daemon/commons-daemon/1.0.13/commons-daemon-1.0.13.jar:/home/runner/.m2/repository/io/netty/netty/3.10.6.Final/netty-3.10.6.Final.jar:/home/runner/.m2/repository/io/netty/netty-all/4.1.63.Final/netty-all-4.1.63.Final.jar:/home/runner/.m2/repository/org/apache/htrace/htrace-core4/4.1.0-incubating/htrace-core4-4.1.0-incubating.jar:/home/runner/.m2/repository/org/fusesource/leveldbjni/leveldbjni-all/1.8/leveldbjni-all-1.8.jar:/home/runner/.m2/repository/org/apache/hadoop/hadoop-distcp/3.3.1/hadoop-distcp-3.3.1.jar:/home/runner/.m2/repository/org/apache/hadoop/hadoop-mapreduce-client-jobclient/3.3.1/hadoop-mapreduce-client-jobclient-3.3.1.jar:/home/runner/.m2/repository/org/apache/hadoop/hadoop-mapreduce-client-common/3.3.1/hadoop-mapreduce-client-common-3.3.1.jar:/home/runner/.m2/repository/org/apache/hadoop/hadoop-yarn-common/3.3.1/hadoop-yarn-common-3.3.1.jar:/home/runner/.m2/repository/org/apache/hadoop/hadoop-yarn-api/3.3.1/hadoop-yarn-api-3.3.1.jar:/home/runner/.m2/repository/com/sun/jersey/jersey-client/1.19/jersey-client-1.19.jar:/home/runner/.m2/repository/com/sun/jersey/contribs/jersey-guice/1.19/jersey-guice-1.19.jar:/home/runner/.m2/repository/com/fasterxml/jackson/jaxrs/jackson-jaxrs-json-provider/2.12.1/jackson-jaxrs-json-provider-2.12.1.jar:/home/runner/.m2/repository/com/fasterxml/jackson/jaxrs/jackson-jaxrs-base/2.12.1/jackson-jaxrs-base-2.12.1.jar:/home/runner/.m2/repository/org/apache/hadoop/hadoop-yarn-client/3.3.1/hadoop-yarn-client-3.3.1.jar:/home/runner/.m2/repository/org/eclipse/jetty/websocket/websocket-client/9.4.40.v20210413/websocket-client-9.4.40.v20210413.jar:/home/runner/.m2/repository/org/eclipse/jetty/jetty-client/9.4.40.v20210413/jetty-client-9.4.40.v20210413.jar:/home/runner/.m2/repository/org/eclipse/jetty/websocket/websocket-common/9.4.40.v20210413/websocket-common-9.4.40.v20210413.jar:/home/runner/.m2/repository/org/eclipse/jetty/websocket/websocket-api/9.4.40.v20210413/websocket-api-9.4.40.v20210413.jar:/home/runner/.m2/repository/org/jline/jline/3.9.0/jline-3.9.0.jar:/home/runner/.m2/repository/org/apache/hadoop/hadoop-mapreduce-client-core/3.3.1/hadoop-mapreduce-client-core-3.3.1.jar:/home/runner/.m2/repository/org/apache/avro/avro/1.7.7/avro-1.7.7.jar:/home/runner/.m2/repository/org/codehaus/jackson/jackson-core-asl/1.9.13/jackson-core-asl-1.9.13.jar:/home/runner/.m2/repository/org/codehaus/jackson/jackson-mapper-asl/1.9.13/jackson-mapper-asl-1.9.13.jar:/home/runner/.m2/repository/com/thoughtworks/paranamer/paranamer/2.3/paranamer-2.3.jar:/home/runner/.m2/repository/org/apache/hadoop/hadoop-annotations/3.3.1/hadoop-annotations-3.3.1.jar:/usr/lib/jvm/adoptopenjdk-8-hotspot-amd64/jre/../lib/tools.jar:/home/runner/.m2/repository/org/apache/hadoop/hadoop-distcp/3.3.1/hadoop-distcp-3.3.1-tests.jar:/home/runner/.m2/repository/org/apache/ratis/ratis-common/2.1.0-03f3b68-SNAPSHOT/ratis-common-2.1.0-03f3b68-SNAPSHOT.jar:/home/runner/.m2/repository/org/apache/ratis/ratis-thirdparty-misc/0.7.0/ratis-thirdparty-misc-0.7.0.jar:/home/runner/.m2/repository/org/apache/ratis/ratis-proto/2.1.0-03f3b68-SNAPSHOT/ratis-proto-2.1.0-03f3b68-SNAPSHOT.jar:"/>
    <property name="sun.cpu.endian" value="little"/>
    <property name="user.home" value="/home/runner"/>
    <property name="user.language" value="en"/>
    <property name="java.specification.vendor" value="Oracle Corporation"/>
    <property name="java.home" value="/usr/lib/jvm/adoptopenjdk-8-hotspot-amd64/jre"/>
    <property name="java.security.krb5.conf" value="/home/runner/work/ozone/ozone/hadoop-ozone/integration-test/target/test-classes/krb5.conf"/>
    <property name="basedir" value="/home/runner/work/ozone/ozone/hadoop-ozone/integration-test"/>
    <property name="file.separator" value="/"/>
    <property name="line.separator" value="&#10;"/>
    <property name="java.vm.specification.vendor" value="Oracle Corporation"/>
    <property name="java.specification.name" value="Java Platform API Specification"/>
    <property name="java.awt.graphicsenv" value="sun.awt.X11GraphicsEnvironment"/>
    <property name="skip.installnpx" value="true"/>
    <property name="surefire.real.class.path" value="/home/runner/work/ozone/ozone/hadoop-ozone/integration-test/target/surefire/surefirebooter8920497711604005663.jar:/home/runner/.m2/repository/org/jacoco/org.jacoco.agent/0.8.5/org.jacoco.agent-0.8.5-runtime.jar"/>
    <property name="hadoop.log.dir" value="/home/runner/work/ozone/ozone/hadoop-ozone/integration-test/target/log"/>
    <property name="sun.boot.class.path" value="/usr/lib/jvm/adoptopenjdk-8-hotspot-amd64/jre/lib/resources.jar:/usr/lib/jvm/adoptopenjdk-8-hotspot-amd64/jre/lib/rt.jar:/usr/lib/jvm/adoptopenjdk-8-hotspot-amd64/jre/lib/sunrsasign.jar:/usr/lib/jvm/adoptopenjdk-8-hotspot-amd64/jre/lib/jsse.jar:/usr/lib/jvm/adoptopenjdk-8-hotspot-amd64/jre/lib/jce.jar:/usr/lib/jvm/adoptopenjdk-8-hotspot-amd64/jre/lib/charsets.jar:/usr/lib/jvm/adoptopenjdk-8-hotspot-amd64/jre/lib/jfr.jar:/usr/lib/jvm/adoptopenjdk-8-hotspot-amd64/jre/classes"/>
    <property name="sun.management.compiler" value="HotSpot 64-Bit Tiered Compilers"/>
    <property name="skip.npx" value="true"/>
    <property name="java.runtime.version" value="1.8.0_292-b10"/>
    <property name="java.net.preferIPv4Stack" value="true"/>
    <property name="user.name" value="runner"/>
    <property name="path.separator" value=":"/>
    <property name="java.security.egd" value="file:///dev/urandom"/>
    <property name="os.version" value="5.4.0-1055-azure"/>
    <property name="java.endorsed.dirs" value="/usr/lib/jvm/adoptopenjdk-8-hotspot-amd64/jre/lib/endorsed"/>
    <property name="java.runtime.name" value="OpenJDK Runtime Environment"/>
    <property name="file.encoding" value="UTF-8"/>
    <property name="java.vm.name" value="OpenJDK 64-Bit Server VM"/>
    <property name="test.build.webapps" value=""/>
    <property name="localRepository" value="/home/runner/.m2/repository"/>
    <property name="java.vendor.url.bug" value="https://github.com/AdoptOpenJDK/openjdk-support/issues"/>
    <property name="java.io.tmpdir" value="/tmp"/>
    <property name="require.test.libhadoop" value=""/>
    <property name="java.version" value="1.8.0_292"/>
    <property name="user.dir" value="/home/runner/work/ozone/ozone/hadoop-ozone/integration-test"/>
    <property name="os.arch" value="amd64"/>
    <property name="java.vm.specification.name" value="Java Virtual Machine Specification"/>
    <property name="test.build.classes" value="/home/runner/work/ozone/ozone/hadoop-ozone/integration-test/target/test-classes"/>
    <property name="java.awt.printerjob" value="sun.print.PSPrinterJob"/>
    <property name="sun.os.patch.level" value="unknown"/>
    <property name="hadoop.tmp.dir" value="/home/runner/work/ozone/ozone/hadoop-ozone/integration-test/target/tmp"/>
    <property name="java.library.path" value="/usr/java/packages/lib/amd64:/usr/lib64:/lib64:/lib:/usr/lib"/>
    <property name="java.vm.info" value="mixed mode"/>
    <property name="java.vendor" value="AdoptOpenJDK"/>
    <property name="java.vm.version" value="25.292-b10"/>
    <property name="java.ext.dirs" value="/usr/lib/jvm/adoptopenjdk-8-hotspot-amd64/jre/lib/ext:/usr/java/packages/lib/ext"/>
    <property name="sun.io.unicode.encoding" value="UnicodeLittle"/>
    <property name="java.class.version" value="52.0"/>
  </properties>
  <testcase name="test2DatanodesFailure" classname="org.apache.hadoop.ozone.client.rpc.TestBlockOutputStreamWithFailures" time="72.901">
    <error message="java.io.IOException: INTERNAL_ERROR org.apache.hadoop.ozone.om.exceptions.OMException: Allocated 0 blocks. Requested 1 blocks" type="java.io.IOException">java.io.IOException: java.io.IOException: INTERNAL_ERROR org.apache.hadoop.ozone.om.exceptions.OMException: Allocated 0 blocks. Requested 1 blocks
	at org.apache.hadoop.ozone.client.io.KeyOutputStream.handleWrite(KeyOutputStream.java:250)
	at org.apache.hadoop.ozone.client.io.KeyOutputStream.write(KeyOutputStream.java:220)
	at org.apache.hadoop.ozone.client.io.OzoneOutputStream.write(OzoneOutputStream.java:50)
	at java.io.OutputStream.write(OutputStream.java:75)
	at org.apache.hadoop.ozone.client.rpc.TestBlockOutputStreamWithFailures.test2DatanodesFailure(TestBlockOutputStreamWithFailures.java:407)
	at sun.reflect.NativeMethodAccessorImpl.invoke0(Native Method)
	at sun.reflect.NativeMethodAccessorImpl.invoke(NativeMethodAccessorImpl.java:62)
	at sun.reflect.DelegatingMethodAccessorImpl.invoke(DelegatingMethodAccessorImpl.java:43)
	at java.lang.reflect.Method.invoke(Method.java:498)
	at org.junit.runners.model.FrameworkMethod$1.runReflectiveCall(FrameworkMethod.java:59)
	at org.junit.internal.runners.model.ReflectiveCallable.run(ReflectiveCallable.java:12)
	at org.junit.runners.model.FrameworkMethod.invokeExplosively(FrameworkMethod.java:56)
	at org.junit.internal.runners.statements.InvokeMethod.evaluate(InvokeMethod.java:17)
	at org.junit.internal.runners.statements.RunBefores.evaluate(RunBefores.java:26)
	at org.junit.internal.runners.statements.RunAfters.evaluate(RunAfters.java:27)
	at org.junit.internal.runners.statements.FailOnTimeout$CallableStatement.call(FailOnTimeout.java:288)
	at org.junit.internal.runners.statements.FailOnTimeout$CallableStatement.call(FailOnTimeout.java:282)
	at java.util.concurrent.FutureTask.run(FutureTask.java:266)
	at java.lang.Thread.run(Thread.java:748)
Caused by: java.io.IOException: INTERNAL_ERROR org.apache.hadoop.ozone.om.exceptions.OMException: Allocated 0 blocks. Requested 1 blocks
	at org.apache.hadoop.ozone.client.io.KeyOutputStream.handleWrite(KeyOutputStream.java:250)
	at org.apache.hadoop.ozone.client.io.KeyOutputStream.handleRetry(KeyOutputStream.java:423)
	at org.apache.hadoop.ozone.client.io.KeyOutputStream.handleException(KeyOutputStream.java:368)
	at org.apache.hadoop.ozone.client.io.KeyOutputStream.handleFlushOrClose(KeyOutputStream.java:479)
	at org.apache.hadoop.ozone.client.io.KeyOutputStream.handleWrite(KeyOutputStream.java:244)
	... 18 more
Caused by: INTERNAL_ERROR org.apache.hadoop.ozone.om.exceptions.OMException: Allocated 0 blocks. Requested 1 blocks
	at org.apache.hadoop.ozone.om.protocolPB.OzoneManagerProtocolClientSideTranslatorPB.handleError(OzoneManagerProtocolClientSideTranslatorPB.java:613)
	at org.apache.hadoop.ozone.om.protocolPB.OzoneManagerProtocolClientSideTranslatorPB.allocateBlock(OzoneManagerProtocolClientSideTranslatorPB.java:643)
	at org.apache.hadoop.ozone.client.io.BlockOutputStreamEntryPool.allocateNewBlock(BlockOutputStreamEntryPool.java:243)
	at org.apache.hadoop.ozone.client.io.BlockOutputStreamEntryPool.allocateBlockIfNeeded(BlockOutputStreamEntryPool.java:289)
	at org.apache.hadoop.ozone.client.io.KeyOutputStream.handleWrite(KeyOutputStream.java:229)
	... 22 more
</error>
    <system-out><![CDATA[2021-08-26 17:31:30,530 [Time-limited test] WARN  server.ServerUtils (ServerUtils.java:getScmDbDir(148)) - ozone.scm.db.dirs is not configured. We recommend adding this setting. Falling back to ozone.metadata.dirs instead.
2021-08-26 17:31:30,614 [Time-limited test] INFO  ha.SCMHANodeDetails (SCMHANodeDetails.java:loadSCMHAConfig(157)) - ServiceID for StorageContainerManager is null
2021-08-26 17:31:30,614 [Time-limited test] INFO  ha.SCMHANodeDetails (SCMHANodeDetails.java:loadSCMHAConfig(162)) - ozone.scm.default.service.id is not defined, falling back to ozone.scm.service.ids to find serviceID for StorageContainerManager if it is HA enabled cluster
2021-08-26 17:31:30,731 [Time-limited test] WARN  server.ServerUtils (ServerUtils.java:getScmDbDir(148)) - ozone.scm.db.dirs is not configured. We recommend adding this setting. Falling back to ozone.metadata.dirs instead.
2021-08-26 17:31:30,734 [Time-limited test] INFO  upgrade.AbstractLayoutVersionManager (AbstractLayoutVersionManager.java:init(70)) - Initializing Layout version manager with metadata layout = SCM_HA (version = 2), software layout = SCM_HA (version = 2)
2021-08-26 17:31:31,015 [Time-limited test] INFO  reflections.Reflections (Reflections.java:scan(232)) - Reflections took 177 ms to scan 7 urls, producing 120 keys and 275 values 
2021-08-26 17:31:31,694 [Time-limited test] WARN  utils.HAUtils (HAUtils.java:getMetaDir(342)) - ozone.scm.db.dirs is not configured. We recommend adding this setting. Falling back to ozone.metadata.dirs instead.
2021-08-26 17:31:31,837 [Time-limited test] WARN  db.DBStoreBuilder (DBStoreBuilder.java:applyDBDefinition(145)) - ozone.scm.db.dirs is not configured. We recommend adding this setting. Falling back to ozone.metadata.dirs instead.
2021-08-26 17:31:32,012 [Time-limited test] INFO  net.NodeSchemaLoader (NodeSchemaLoader.java:loadSchemaFromFile(129)) - Loading schema from [jar:file:/home/runner/.m2/repository/org/apache/ozone/hdds-common/1.2.0-SNAPSHOT/hdds-common-1.2.0-SNAPSHOT.jar!/network-topology-default.xml]
2021-08-26 17:31:32,013 [Time-limited test] INFO  net.NodeSchemaLoader (NodeSchemaLoader.java:loadSchema(176)) - Loading network topology layer schema file
2021-08-26 17:31:32,072 [Time-limited test] INFO  ha.SequenceIdGenerator (SequenceIdGenerator.java:upgradeToSequenceId(327)) - upgrade localId to 107544261427200000
2021-08-26 17:31:32,072 [Time-limited test] INFO  ha.SequenceIdGenerator (SequenceIdGenerator.java:upgradeToSequenceId(337)) - upgrade delTxnId to 0
2021-08-26 17:31:32,076 [Time-limited test] INFO  ha.SequenceIdGenerator (SequenceIdGenerator.java:upgradeToSequenceId(351)) - upgrade containerId to 0
2021-08-26 17:31:32,078 [Time-limited test] INFO  ha.SequenceIdGenerator (SequenceIdGenerator.java:<init>(217)) - Init the HA SequenceIdGenerator.
2021-08-26 17:31:32,120 [Time-limited test] WARN  server.ServerUtils (ServerUtils.java:sanitizeUserArgs(67)) - ozone.scm.dead.node.interval value = 10000 is smaller than min = 20000 based on the key value of ozone.scm.stale.node.interval, reset to the min value 20000.
2021-08-26 17:31:32,125 [Time-limited test] INFO  node.SCMNodeManager (SCMNodeManager.java:<init>(145)) - Entering startup safe mode.
2021-08-26 17:31:32,188 [Time-limited test] INFO  algorithms.ContainerPlacementPolicyFactory (ContainerPlacementPolicyFactory.java:getPolicy(60)) - Create container placement policy of type org.apache.hadoop.hdds.scm.container.placement.algorithms.SCMContainerPlacementRandom
2021-08-26 17:31:32,200 [Time-limited test] INFO  pipeline.PipelineStateManager (PipelineStateManagerV2Impl.java:initialize(78)) - No pipeline exists in current db
2021-08-26 17:31:32,239 [Time-limited test] INFO  algorithms.LeaderChoosePolicyFactory (LeaderChoosePolicyFactory.java:getPolicy(57)) - Create leader choose policy of type org.apache.hadoop.hdds.scm.pipeline.leader.choose.algorithms.MinLeaderCountChoosePolicy
2021-08-26 17:31:32,245 [Time-limited test] INFO  ha.SCMServiceManager (SCMServiceManager.java:register(43)) - Registering service BackgroundPipelineCreator.
2021-08-26 17:31:32,245 [Time-limited test] INFO  pipeline.BackgroundPipelineCreator (BackgroundPipelineCreatorV2.java:start(130)) - Starting RatisPipelineUtilsThread.
2021-08-26 17:31:32,277 [Time-limited test] INFO  algorithms.PipelineChoosePolicyFactory (PipelineChoosePolicyFactory.java:createPipelineChoosePolicyFromClass(73)) - Create pipeline choose policy of type org.apache.hadoop.hdds.scm.pipeline.choose.algorithms.RandomPipelineChoosePolicy
2021-08-26 17:31:32,297 [Time-limited test] INFO  ha.SCMServiceManager (SCMServiceManager.java:register(43)) - Registering service SCMBlockDeletingService.
2021-08-26 17:31:32,326 [Time-limited test] INFO  ha.SCMServiceManager (SCMServiceManager.java:register(43)) - Registering service ReplicationManager.
2021-08-26 17:31:32,328 [Time-limited test] INFO  container.ReplicationManager (ReplicationManager.java:start(307)) - Starting Replication Monitor Thread.
2021-08-26 17:31:32,339 [Time-limited test] INFO  safemode.ContainerSafeModeRule (ContainerSafeModeRule.java:<init>(89)) - containers with one replica threshold count 0
2021-08-26 17:31:32,340 [ReplicationMonitor] INFO  container.ReplicationManager (ReplicationManager.java:processAll(359)) - Replication Monitor Thread took 0 milliseconds for processing 0 containers.
2021-08-26 17:31:32,344 [Time-limited test] INFO  safemode.HealthyPipelineSafeModeRule (HealthyPipelineSafeModeRule.java:initializeRule(156)) - Total pipeline count is 0, healthy pipeline threshold count is 1
2021-08-26 17:31:32,347 [Time-limited test] INFO  safemode.OneReplicaPipelineSafeModeRule (OneReplicaPipelineSafeModeRule.java:initializeRule(180)) - Total pipeline count is 0, pipeline's with at least one datanode reported threshold count is 0
2021-08-26 17:31:32,765 [Time-limited test] INFO  ipc.CallQueueManager (CallQueueManager.java:<init>(90)) - Using callQueue: class java.util.concurrent.LinkedBlockingQueue, queueCapacity: 2000, scheduler: class org.apache.hadoop.ipc.DefaultRpcScheduler, ipcBackoff: false.
2021-08-26 17:31:32,808 [Socket Reader #1 for port 0] INFO  ipc.Server (Server.java:run(1265)) - Starting Socket Reader #1 for port 0
2021-08-26 17:31:32,852 [Listener at 0.0.0.0/43263] INFO  ipc.CallQueueManager (CallQueueManager.java:<init>(90)) - Using callQueue: class java.util.concurrent.LinkedBlockingQueue, queueCapacity: 2000, scheduler: class org.apache.hadoop.ipc.DefaultRpcScheduler, ipcBackoff: false.
2021-08-26 17:31:32,853 [Socket Reader #1 for port 0] INFO  ipc.Server (Server.java:run(1265)) - Starting Socket Reader #1 for port 0
2021-08-26 17:31:32,871 [Listener at 0.0.0.0/35177] INFO  ipc.CallQueueManager (CallQueueManager.java:<init>(90)) - Using callQueue: class java.util.concurrent.LinkedBlockingQueue, queueCapacity: 2000, scheduler: class org.apache.hadoop.ipc.DefaultRpcScheduler, ipcBackoff: false.
2021-08-26 17:31:32,875 [Socket Reader #1 for port 0] INFO  ipc.Server (Server.java:run(1265)) - Starting Socket Reader #1 for port 0
2021-08-26 17:31:32,944 [Listener at 0.0.0.0/33099] INFO  algorithms.ContainerPlacementPolicyFactory (ContainerPlacementPolicyFactory.java:getPolicy(60)) - Create container placement policy of type org.apache.hadoop.hdds.scm.container.placement.algorithms.SCMContainerPlacementRandom
2021-08-26 17:31:32,950 [Listener at 0.0.0.0/33099] INFO  server.StorageContainerManager (StorageContainerManager.java:<init>(387)) - 
Container Balancer status:
Key                            Value
Running                        false
Container Balancer Configuration values:
Key                                                Value
Threshold                                          0.1
Max Datanodes to Involve per Iteration(ratio)      0.5
Max Size to Move per Iteration                     10737418240B

2021-08-26 17:31:32,951 [Listener at 0.0.0.0/33099] WARN  events.EventQueue (EventQueue.java:fireEvent(194)) - No event handler registered for event TypedEvent{payloadType=SafeModeStatus, name='Safe mode status'}
2021-08-26 17:31:32,951 [Listener at 0.0.0.0/33099] INFO  ha.SCMContext (SCMContext.java:updateSafeModeStatus(205)) - Update SafeModeStatus from SafeModeStatus{safeModeStatus=true, preCheckPassed=false} to SafeModeStatus{safeModeStatus=true, preCheckPassed=false}.
2021-08-26 17:31:32,954 [Listener at 0.0.0.0/33099] INFO  server.StorageContainerManager (StorageContainerManager.java:start(1255)) - StorageContainerLocationProtocol RPC server is listening at /0.0.0.0:33099
2021-08-26 17:31:33,031 [Listener at 0.0.0.0/33099] WARN  impl.MetricsConfig (MetricsConfig.java:loadFirst(136)) - Cannot locate configuration: tried hadoop-metrics2-storagecontainermanager.properties,hadoop-metrics2.properties
2021-08-26 17:31:33,053 [Listener at 0.0.0.0/33099] INFO  impl.MetricsSystemImpl (MetricsSystemImpl.java:startTimer(378)) - Scheduled Metric snapshot period at 10 second(s).
2021-08-26 17:31:33,053 [Listener at 0.0.0.0/33099] INFO  impl.MetricsSystemImpl (MetricsSystemImpl.java:start(191)) - StorageContainerManager metrics system started
2021-08-26 17:31:33,439 [Listener at 0.0.0.0/33099] INFO  metrics.MetricRegistries (MetricRegistriesLoader.java:load(64)) - Loaded MetricRegistries class org.apache.ratis.metrics.impl.MetricRegistriesImpl
2021-08-26 17:31:33,449 [Listener at 0.0.0.0/33099] INFO  server.SCMClientProtocolServer (SCMClientProtocolServer.java:start(164)) - RPC server for Client  is listening at /0.0.0.0:33099
2021-08-26 17:31:33,452 [IPC Server Responder] INFO  ipc.Server (Server.java:run(1507)) - IPC Server Responder: starting
2021-08-26 17:31:33,453 [IPC Server listener on 0] INFO  ipc.Server (Server.java:run(1344)) - IPC Server listener on 0: starting
2021-08-26 17:31:33,460 [Listener at 0.0.0.0/33099] INFO  server.StorageContainerManager (StorageContainerManager.java:start(1272)) - ScmBlockLocationProtocol RPC server is listening at /0.0.0.0:35177
2021-08-26 17:31:33,461 [Listener at 0.0.0.0/33099] INFO  server.SCMBlockProtocolServer (SCMBlockProtocolServer.java:start(151)) - RPC server for Block Protocol is listening at /0.0.0.0:35177
2021-08-26 17:31:33,463 [IPC Server Responder] INFO  ipc.Server (Server.java:run(1507)) - IPC Server Responder: starting
2021-08-26 17:31:33,463 [IPC Server listener on 0] INFO  ipc.Server (Server.java:run(1344)) - IPC Server listener on 0: starting
2021-08-26 17:31:33,467 [Listener at 0.0.0.0/33099] INFO  server.StorageContainerManager (StorageContainerManager.java:start(1278)) - ScmDatanodeProtocl RPC server is listening at /0.0.0.0:43263
2021-08-26 17:31:33,468 [Listener at 0.0.0.0/33099] INFO  server.SCMDatanodeProtocolServer (SCMDatanodeProtocolServer.java:start(181)) - RPC server for DataNodes is listening at /0.0.0.0:43263
2021-08-26 17:31:33,469 [IPC Server Responder] INFO  ipc.Server (Server.java:run(1507)) - IPC Server Responder: starting
2021-08-26 17:31:33,470 [IPC Server listener on 0] INFO  ipc.Server (Server.java:run(1344)) - IPC Server listener on 0: starting
2021-08-26 17:31:33,501 [org.apache.hadoop.util.JvmPauseMonitor$Monitor@37c5702f] INFO  util.JvmPauseMonitor (JvmPauseMonitor.java:run(188)) - Starting JVM pause monitor
2021-08-26 17:31:33,512 [Listener at 0.0.0.0/33099] INFO  http.BaseHttpServer (BaseHttpServer.java:newHttpServer2BuilderForOzone(209)) - Starting Web-server for scm at: http://0.0.0.0:0
2021-08-26 17:31:33,513 [Listener at 0.0.0.0/33099] INFO  http.BaseHttpServer (BaseHttpServer.java:<init>(107)) - Hadoop Security Enabled: false Ozone Security Enabled: false Ozone HTTP Security Enabled: false 
2021-08-26 17:31:33,542 [Listener at 0.0.0.0/33099] INFO  util.log (Log.java:initialized(170)) - Logging initialized @4609ms to org.eclipse.jetty.util.log.Slf4jLog
2021-08-26 17:31:33,651 [Listener at 0.0.0.0/33099] INFO  server.AuthenticationFilter (AuthenticationFilter.java:constructSecretProvider(240)) - Unable to initialize FileSignerSecretProvider, falling back to use random secrets.
2021-08-26 17:31:33,658 [Listener at 0.0.0.0/33099] WARN  http.HttpRequestLog (HttpRequestLog.java:getRequestLog(103)) - Jetty request log can only be enabled using Log4j
2021-08-26 17:31:33,663 [Listener at 0.0.0.0/33099] INFO  http.HttpServer2 (HttpServer2.java:addGlobalFilter(1030)) - Added global filter 'safety' (class=org.apache.hadoop.hdds.server.http.HttpServer2$QuotingInputFilter)
2021-08-26 17:31:33,665 [Listener at 0.0.0.0/33099] INFO  http.HttpServer2 (HttpServer2.java:addFilter(1006)) - Added filter static_user_filter (class=org.apache.hadoop.http.lib.StaticUserWebFilter$StaticUserFilter) to context scm
2021-08-26 17:31:33,666 [Listener at 0.0.0.0/33099] INFO  http.HttpServer2 (HttpServer2.java:addFilter(1014)) - Added filter static_user_filter (class=org.apache.hadoop.http.lib.StaticUserWebFilter$StaticUserFilter) to context logs
2021-08-26 17:31:33,666 [Listener at 0.0.0.0/33099] INFO  http.HttpServer2 (HttpServer2.java:addFilter(1014)) - Added filter static_user_filter (class=org.apache.hadoop.http.lib.StaticUserWebFilter$StaticUserFilter) to context static
2021-08-26 17:31:33,703 [Listener at 0.0.0.0/33099] INFO  http.HttpServer2 (HttpServer2.java:bindListener(1249)) - Jetty bound to port 38561
2021-08-26 17:31:33,704 [Listener at 0.0.0.0/33099] INFO  server.Server (Server.java:doStart(375)) - jetty-9.4.43.v20210629; built: 2021-06-30T11:07:22.254Z; git: 526006ecfa3af7f1a27ef3a288e2bef7ea9dd7e8; jvm 1.8.0_292-b10
2021-08-26 17:31:33,739 [Listener at 0.0.0.0/33099] INFO  server.session (DefaultSessionIdManager.java:doStart(334)) - DefaultSessionIdManager workerName=node0
2021-08-26 17:31:33,739 [Listener at 0.0.0.0/33099] INFO  server.session (DefaultSessionIdManager.java:doStart(339)) - No SessionScavenger set, using defaults
2021-08-26 17:31:33,741 [Listener at 0.0.0.0/33099] INFO  server.session (HouseKeeper.java:startScavenging(132)) - node0 Scavenging every 660000ms
2021-08-26 17:31:33,753 [Listener at 0.0.0.0/33099] INFO  handler.ContextHandler (ContextHandler.java:doStart(915)) - Started o.e.j.s.ServletContextHandler@2e727b77{logs,/logs,file:///home/runner/work/ozone/ozone/hadoop-ozone/integration-test/target/log,AVAILABLE}
2021-08-26 17:31:33,754 [Listener at 0.0.0.0/33099] INFO  handler.ContextHandler (ContextHandler.java:doStart(915)) - Started o.e.j.s.ServletContextHandler@1b83f90{static,/static,file:///home/runner/work/ozone/ozone/hadoop-ozone/integration-test/target/test-classes/webapps/static,AVAILABLE}
2021-08-26 17:31:33,797 [Listener at 0.0.0.0/33099] INFO  handler.ContextHandler (ContextHandler.java:doStart(915)) - Started o.e.j.w.WebAppContext@10abeae0{scm,/,file:///home/runner/work/ozone/ozone/hadoop-ozone/integration-test/target/test-classes/webapps/scm/,AVAILABLE}{file:/home/runner/work/ozone/ozone/hadoop-ozone/integration-test/target/test-classes/webapps/scm}
2021-08-26 17:31:33,807 [Listener at 0.0.0.0/33099] INFO  server.AbstractConnector (AbstractConnector.java:doStart(331)) - Started ServerConnector@7bd8e0d1{HTTP/1.1, (http/1.1)}{0.0.0.0:38561}
2021-08-26 17:31:33,807 [Listener at 0.0.0.0/33099] INFO  server.Server (Server.java:doStart(415)) - Started @4874ms
2021-08-26 17:31:33,811 [Listener at 0.0.0.0/33099] INFO  impl.MetricsSinkAdapter (MetricsSinkAdapter.java:start(204)) - Sink prometheus started
2021-08-26 17:31:33,811 [Listener at 0.0.0.0/33099] INFO  impl.MetricsSystemImpl (MetricsSystemImpl.java:registerSink(305)) - Registered sink prometheus
2021-08-26 17:31:33,812 [Listener at 0.0.0.0/33099] INFO  http.BaseHttpServer (BaseHttpServer.java:updateConnectorAddress(329)) - HTTP server of scm listening at http://0.0.0.0:38561
2021-08-26 17:31:33,814 [Listener at 0.0.0.0/33099] WARN  server.ServerUtils (ServerUtils.java:getDBPath(225)) - ozone.om.db.dirs is not configured. We recommend adding this setting. Falling back to ozone.metadata.dirs instead.
2021-08-26 17:31:33,931 [Listener at 0.0.0.0/33099] INFO  ha.OMHANodeDetails (OMHANodeDetails.java:loadOMHAConfig(112)) - ozone.om.internal.service.id is not defined, falling back to ozone.om.service.ids to find serviceID for OzoneManager if it is HA enabled cluster
2021-08-26 17:31:33,935 [Listener at 0.0.0.0/33099] INFO  ha.OMHANodeDetails (OMHANodeDetails.java:loadOMHAConfig(219)) - Configuration does not have ozone.om.address set. Falling back to the default OM address /127.0.0.1:0
2021-08-26 17:31:33,935 [Listener at 0.0.0.0/33099] INFO  ha.OMHANodeDetails (OMHANodeDetails.java:getOMNodeDetails(247)) - OM Service ID is not set. Setting it to the default ID: omServiceIdDefault
2021-08-26 17:31:33,935 [Listener at 0.0.0.0/33099] INFO  ha.OMHANodeDetails (OMHANodeDetails.java:getOMNodeDetails(254)) - OM Node ID is not set. Setting it to the default ID: om1
2021-08-26 17:31:33,939 [Listener at 0.0.0.0/33099] WARN  server.ServerUtils (ServerUtils.java:getDBPath(225)) - ozone.om.db.dirs is not configured. We recommend adding this setting. Falling back to ozone.metadata.dirs instead.
2021-08-26 17:31:33,941 [Listener at 0.0.0.0/33099] INFO  upgrade.AbstractLayoutVersionManager (AbstractLayoutVersionManager.java:init(70)) - Initializing Layout version manager with metadata layout = INITIAL_VERSION (version = 0), software layout = INITIAL_VERSION (version = 0)
2021-08-26 17:31:34,001 [Listener at 0.0.0.0/33099] INFO  reflections.Reflections (Reflections.java:scan(232)) - Reflections took 55 ms to scan 2 urls, producing 131 keys and 342 values [using 2 cores]
2021-08-26 17:31:34,006 [Listener at 0.0.0.0/33099] INFO  upgrade.OMLayoutVersionManager (OMLayoutVersionManager.java:lambda$0(116)) - Skipping Upgrade Action MockOmUpgradeAction since it has been finalized.
2021-08-26 17:31:34,008 [Listener at 0.0.0.0/33099] WARN  server.ServerUtils (ServerUtils.java:getDBPath(225)) - ozone.om.db.dirs is not configured. We recommend adding this setting. Falling back to ozone.metadata.dirs instead.
2021-08-26 17:31:34,482 [Listener at 0.0.0.0/33099] WARN  server.ServerUtils (ServerUtils.java:getDBPath(225)) - ozone.om.db.dirs is not configured. We recommend adding this setting. Falling back to ozone.metadata.dirs instead.
2021-08-26 17:31:34,490 [Listener at 0.0.0.0/33099] INFO  codec.OmKeyInfoCodec (OmKeyInfoCodec.java:<init>(51)) - OmKeyInfoCodec ignorePipeline = true
2021-08-26 17:31:34,491 [Listener at 0.0.0.0/33099] INFO  codec.RepeatedOmKeyInfoCodec (RepeatedOmKeyInfoCodec.java:<init>(42)) - RepeatedOmKeyInfoCodec ignorePipeline = true
2021-08-26 17:31:34,750 [Listener at 0.0.0.0/33099] INFO  om.OzoneManager (OzoneManager.java:addS3GVolumeToDB(4115)) - Created Volume s3v With Owner runner required for S3Gateway operations.
2021-08-26 17:31:34,846 [Listener at 0.0.0.0/33099] WARN  server.ServerUtils (ServerUtils.java:getDefaultRatisDirectory(237)) - Storage directory for Ratis is not configured. It is a good idea to map this to an SSD disk. Falling back to ozone.metadata.dirs
2021-08-26 17:31:34,848 [Listener at 0.0.0.0/33099] WARN  utils.OzoneManagerRatisUtils (OzoneManagerRatisUtils.java:getOMRatisSnapshotDirectory(391)) - ozone.om.ratis.snapshot.dir is not configured. Falling back to ozone.metadata.dirs config
2021-08-26 17:31:34,883 [Listener at 0.0.0.0/33099] WARN  server.ServerUtils (ServerUtils.java:getDefaultRatisDirectory(237)) - Storage directory for Ratis is not configured. It is a good idea to map this to an SSD disk. Falling back to ozone.metadata.dirs
2021-08-26 17:31:34,921 [Listener at 0.0.0.0/33099] INFO  ratis.OzoneManagerRatisServer (OzoneManagerRatisServer.java:<init>(158)) - Instantiating OM Ratis server with groupID: omServiceIdDefault and peers: localhost:9872
2021-08-26 17:31:34,931 [Listener at 0.0.0.0/33099] INFO  ratis.OzoneManagerStateMachine (OzoneManagerStateMachine.java:loadSnapshotInfoFromDB(605)) - LastAppliedIndex is set from TransactionInfo from OM DB as (t:0, i:~)
2021-08-26 17:31:34,967 [Listener at 0.0.0.0/33099] INFO  server.RaftServer (ConfUtils.java:logGet(44)) - raft.rpc.type = GRPC (default)
2021-08-26 17:31:35,051 [Listener at 0.0.0.0/33099] INFO  grpc.GrpcFactory (GrpcFactory.java:checkPooledByteBufAllocatorUseCacheForAllThreads(48)) - PERFORMANCE WARNING: useCacheForAllThreads is true that may cause Netty to create a lot garbage objects and, as a result, trigger GC.
	It is recommended to disable useCacheForAllThreads by setting -Dorg.apache.ratis.thirdparty.io.netty.allocator.useCacheForAllThreads=false in command line.
2021-08-26 17:31:35,055 [Listener at 0.0.0.0/33099] INFO  grpc.GrpcConfigKeys (ConfUtils.java:logGet(44)) - raft.grpc.admin.port = -1 (default)
2021-08-26 17:31:35,056 [Listener at 0.0.0.0/33099] INFO  grpc.GrpcConfigKeys (ConfUtils.java:logGet(44)) - raft.grpc.server.port = 9872 (custom)
2021-08-26 17:31:35,057 [Listener at 0.0.0.0/33099] INFO  grpc.GrpcConfigKeys (ConfUtils.java:logGet(44)) - raft.grpc.client.port = -1 (default)
2021-08-26 17:31:35,057 [Listener at 0.0.0.0/33099] INFO  grpc.GrpcConfigKeys (ConfUtils.java:logGet(44)) - raft.grpc.server.port = 9872 (custom)
2021-08-26 17:31:35,057 [Listener at 0.0.0.0/33099] INFO  grpc.GrpcConfigKeys (ConfUtils.java:logGet(44)) - raft.grpc.server.port = 9872 (custom)
2021-08-26 17:31:35,058 [Listener at 0.0.0.0/33099] INFO  server.GrpcService (ConfUtils.java:logGet(44)) - raft.grpc.message.size.max = 33554432 (custom)
2021-08-26 17:31:35,060 [Listener at 0.0.0.0/33099] INFO  server.RaftServerConfigKeys (ConfUtils.java:logGet(44)) - raft.server.log.appender.buffer.byte-limit = 33554432 (custom)
2021-08-26 17:31:35,060 [Listener at 0.0.0.0/33099] INFO  server.GrpcService (ConfUtils.java:logGet(44)) - raft.grpc.flow.control.window = 1MB (=1048576) (default)
2021-08-26 17:31:35,061 [Listener at 0.0.0.0/33099] INFO  server.RaftServerConfigKeys (ConfUtils.java:logGet(44)) - raft.server.rpc.request.timeout = 3000ms (default)
2021-08-26 17:31:35,365 [Listener at 0.0.0.0/33099] INFO  impl.DataStreamServerImpl (ConfUtils.java:logGet(44)) - raft.datastream.type = DISABLED (default)
2021-08-26 17:31:35,367 [Listener at 0.0.0.0/33099] INFO  server.RaftServerConfigKeys (ConfUtils.java:logGet(44)) - raft.server.rpc.slowness.timeout = 120s (custom)
2021-08-26 17:31:35,368 [Listener at 0.0.0.0/33099] INFO  server.RaftServerConfigKeys (ConfUtils.java:logGet(44)) - raft.server.leaderelection.leader.step-down.wait-time = 10s (default)
2021-08-26 17:31:35,384 [Listener at 0.0.0.0/33099] INFO  server.RaftServerConfigKeys (ConfUtils.java:logGet(44)) - raft.server.storage.dir = [/home/runner/work/ozone/ozone/hadoop-ozone/integration-test/target/test-dir/MiniOzoneClusterImpl-daa96565-427e-4fca-a993-08525edc6fa6/ozone-meta/ratis] (custom)
2021-08-26 17:31:35,391 [Listener at 0.0.0.0/33099] INFO  server.RaftServer (RaftServerProxy.java:addNew(95)) - om1: addNew group-C5BA1605619E:[om1|rpc:localhost:9872|priority:0] returns group-C5BA1605619E:java.util.concurrent.CompletableFuture@2cdb4935[Not completed]
2021-08-26 17:31:35,391 [Listener at 0.0.0.0/33099] INFO  om.OzoneManager (OzoneManager.java:initializeRatisServer(1573)) - OzoneManager Ratis server initialized at port 9872
2021-08-26 17:31:35,428 [pool-39-thread-1] INFO  server.RaftServer$Division (RaftServerImpl.java:<init>(181)) - om1: new RaftServerImpl for group-C5BA1605619E:[om1|rpc:localhost:9872|priority:0] with OzoneManagerStateMachine:uninitialized
2021-08-26 17:31:35,429 [Listener at 0.0.0.0/33099] INFO  ipc.CallQueueManager (CallQueueManager.java:<init>(90)) - Using callQueue: class java.util.concurrent.LinkedBlockingQueue, queueCapacity: 2000, scheduler: class org.apache.hadoop.ipc.DefaultRpcScheduler, ipcBackoff: false.
2021-08-26 17:31:35,433 [pool-39-thread-1] INFO  server.RaftServerConfigKeys (ConfUtils.java:logGet(44)) - raft.server.rpc.timeout.min = 1s (custom)
2021-08-26 17:31:35,441 [pool-39-thread-1] INFO  server.RaftServerConfigKeys (ConfUtils.java:logGet(44)) - raft.server.rpc.timeout.max = 1200ms (custom)
2021-08-26 17:31:35,441 [pool-39-thread-1] INFO  server.RaftServerConfigKeys (ConfUtils.java:logGet(44)) - raft.server.rpc.sleep.time = 25ms (default)
2021-08-26 17:31:35,442 [pool-39-thread-1] INFO  server.RaftServerConfigKeys (ConfUtils.java:logGet(44)) - raft.server.rpc.slowness.timeout = 120s (custom)
2021-08-26 17:31:35,442 [pool-39-thread-1] INFO  server.RaftServerConfigKeys (ConfUtils.java:logGet(44)) - raft.server.leaderelection.leader.step-down.wait-time = 10s (default)
2021-08-26 17:31:35,442 [pool-39-thread-1] INFO  server.RaftServerConfigKeys (ConfUtils.java:logGet(44)) - raft.server.sleep.deviation.threshold = 300ms (default)
2021-08-26 17:31:35,443 [pool-39-thread-1] INFO  server.RaftServerConfigKeys (ConfUtils.java:logGet(44)) - raft.server.log.appender.install.snapshot.enabled = false (custom)
2021-08-26 17:31:35,451 [pool-39-thread-1] INFO  server.RaftServer$Division (ServerState.java:<init>(105)) - om1@group-C5BA1605619E: ConfigurationManager, init=-1: [om1|rpc:localhost:9872|priority:0], old=null, confs=<EMPTY_MAP>
2021-08-26 17:31:35,452 [pool-39-thread-1] INFO  server.RaftServerConfigKeys (ConfUtils.java:logGet(44)) - raft.server.storage.dir = [/home/runner/work/ozone/ozone/hadoop-ozone/integration-test/target/test-dir/MiniOzoneClusterImpl-daa96565-427e-4fca-a993-08525edc6fa6/ozone-meta/ratis] (custom)
2021-08-26 17:31:35,457 [pool-39-thread-1] INFO  server.RaftServerConfigKeys (ConfUtils.java:logGet(44)) - raft.server.log.corruption.policy = EXCEPTION (default)
2021-08-26 17:31:35,458 [pool-39-thread-1] INFO  server.RaftServerConfigKeys (ConfUtils.java:logGet(44)) - raft.server.storage.free-space.min = 0MB (=0) (default)
2021-08-26 17:31:35,459 [Socket Reader #1 for port 0] INFO  ipc.Server (Server.java:run(1265)) - Starting Socket Reader #1 for port 0
2021-08-26 17:31:35,469 [pool-39-thread-1] INFO  storage.RaftStorageDirectory (RaftStorageDirectoryImpl.java:analyzeStorage(135)) - The storage directory /home/runner/work/ozone/ozone/hadoop-ozone/integration-test/target/test-dir/MiniOzoneClusterImpl-daa96565-427e-4fca-a993-08525edc6fa6/ozone-meta/ratis/bf265839-605b-3f16-9796-c5ba1605619e does not exist. Creating ...
2021-08-26 17:31:35,480 [pool-39-thread-1] INFO  storage.RaftStorageDirectory (RaftStorageDirectoryImpl.java:tryLock(230)) - Lock on /home/runner/work/ozone/ozone/hadoop-ozone/integration-test/target/test-dir/MiniOzoneClusterImpl-daa96565-427e-4fca-a993-08525edc6fa6/ozone-meta/ratis/bf265839-605b-3f16-9796-c5ba1605619e/in_use.lock acquired by nodename 21484@fv-az122-729
2021-08-26 17:31:35,492 [pool-39-thread-1] INFO  storage.RaftStorage (RaftStorageImpl.java:format(89)) - Storage directory /home/runner/work/ozone/ozone/hadoop-ozone/integration-test/target/test-dir/MiniOzoneClusterImpl-daa96565-427e-4fca-a993-08525edc6fa6/ozone-meta/ratis/bf265839-605b-3f16-9796-c5ba1605619e has been successfully formatted.
2021-08-26 17:31:35,494 [pool-39-thread-1] INFO  server.RaftServerConfigKeys (ConfUtils.java:logGet(44)) - raft.server.notification.no-leader.timeout = 120s (custom)
2021-08-26 17:31:35,503 [pool-39-thread-1] INFO  server.RaftServerConfigKeys (ConfUtils.java:logGet(44)) - raft.server.log.use.memory = false (default)
2021-08-26 17:31:35,514 [Listener at 127.0.0.1/35991] INFO  om.OzoneManager (OzoneManager.java:initFSOLayout(4321)) - Configured ozone.om.metadata.layout=SIMPLE and disabled optimized OM FS operations
2021-08-26 17:31:35,516 [pool-39-thread-1] INFO  server.RaftServerConfigKeys (ConfUtils.java:logGet(44)) - raft.server.log.purge.gap = 1000000 (custom)
2021-08-26 17:31:35,517 [pool-39-thread-1] INFO  server.RaftServerConfigKeys (ConfUtils.java:logGet(44)) - raft.server.log.appender.buffer.byte-limit = 33554432 (custom)
2021-08-26 17:31:35,519 [Listener at 127.0.0.1/35991] INFO  impl.MetricsSystemImpl (MetricsSystemImpl.java:init(158)) - OzoneManager metrics system started (again)
2021-08-26 17:31:35,543 [pool-39-thread-1] INFO  server.RaftServerConfigKeys (ConfUtils.java:logGet(44)) - raft.server.log.segment.size.max = 4194304 (custom)
2021-08-26 17:31:35,547 [Listener at 127.0.0.1/35991] INFO  om.OzoneManager (OzoneManager.java:start(1270)) - OzoneManager RPC server is listening at localhost/127.0.0.1:35991
2021-08-26 17:31:35,555 [Listener at 127.0.0.1/35991] INFO  ratis.OzoneManagerRatisServer (OzoneManagerRatisServer.java:start(516)) - Starting OzoneManagerRatisServer om1 at port 9872
2021-08-26 17:31:35,557 [pool-39-thread-1] INFO  server.RaftServerConfigKeys (ConfUtils.java:logGet(44)) - raft.server.log.segment.cache.num.max = 2 (custom)
2021-08-26 17:31:35,558 [pool-39-thread-1] INFO  server.RaftServerConfigKeys (ConfUtils.java:logGet(44)) - raft.server.log.segment.cache.size.max = 200MB (=209715200) (default)
2021-08-26 17:31:35,564 [pool-39-thread-1] INFO  segmented.SegmentedRaftLogWorker (SegmentedRaftLogWorker.java:<init>(182)) - new om1@group-C5BA1605619E-SegmentedRaftLogWorker for RaftStorageImpl:Storage Directory /home/runner/work/ozone/ozone/hadoop-ozone/integration-test/target/test-dir/MiniOzoneClusterImpl-daa96565-427e-4fca-a993-08525edc6fa6/ozone-meta/ratis/bf265839-605b-3f16-9796-c5ba1605619e
2021-08-26 17:31:35,564 [pool-39-thread-1] INFO  server.RaftServerConfigKeys (ConfUtils.java:logGet(44)) - raft.server.log.queue.byte-limit = 64MB (=67108864) (default)
2021-08-26 17:31:35,565 [pool-39-thread-1] INFO  server.RaftServerConfigKeys (ConfUtils.java:logGet(44)) - raft.server.log.queue.element-limit = 4096 (default)
2021-08-26 17:31:35,566 [pool-39-thread-1] INFO  server.RaftServerConfigKeys (ConfUtils.java:logGet(44)) - raft.server.log.segment.size.max = 4194304 (custom)
2021-08-26 17:31:35,566 [pool-39-thread-1] INFO  server.RaftServerConfigKeys (ConfUtils.java:logGet(44)) - raft.server.log.preallocated.size = 4194304 (custom)
2021-08-26 17:31:35,567 [pool-39-thread-1] INFO  server.RaftServerConfigKeys (ConfUtils.java:logGet(44)) - raft.server.log.force.sync.num = 128 (default)
2021-08-26 17:31:35,568 [pool-39-thread-1] INFO  server.RaftServerConfigKeys (ConfUtils.java:logGet(44)) - raft.server.log.statemachine.data.sync = true (default)
2021-08-26 17:31:35,568 [pool-39-thread-1] INFO  server.RaftServerConfigKeys (ConfUtils.java:logGet(44)) - raft.server.log.statemachine.data.sync.timeout = 10s (default)
2021-08-26 17:31:35,568 [pool-39-thread-1] INFO  server.RaftServerConfigKeys (ConfUtils.java:logGet(44)) - raft.server.log.statemachine.data.sync.timeout.retry = -1 (default)
2021-08-26 17:31:35,577 [pool-39-thread-1] INFO  server.RaftServerConfigKeys (ConfUtils.java:logGet(44)) - raft.server.log.write.buffer.size = 64KB (=65536) (default)
2021-08-26 17:31:35,578 [pool-39-thread-1] INFO  server.RaftServerConfigKeys (ConfUtils.java:logGet(44)) - raft.server.log.statemachine.data.caching.enabled = false (default)
2021-08-26 17:31:35,584 [pool-39-thread-1] INFO  segmented.SegmentedRaftLogWorker (SegmentedRaftLogWorker.java:lambda$new$0(133)) - om1@group-C5BA1605619E-SegmentedRaftLogWorker: flushIndex: setUnconditionally 0 -> -1
2021-08-26 17:31:35,585 [pool-39-thread-1] INFO  segmented.SegmentedRaftLogWorker (SegmentedRaftLogWorker.java:lambda$new$0(133)) - om1@group-C5BA1605619E-SegmentedRaftLogWorker: safeCacheEvictIndex: setUnconditionally 0 -> -1
2021-08-26 17:31:35,589 [pool-39-thread-1] INFO  server.RaftServerConfigKeys (ConfUtils.java:logGet(44)) - raft.server.snapshot.auto.trigger.enabled = true (custom)
2021-08-26 17:31:35,589 [pool-39-thread-1] INFO  server.RaftServerConfigKeys (ConfUtils.java:logGet(44)) - raft.server.snapshot.auto.trigger.threshold = 400000 (default)
2021-08-26 17:31:35,590 [pool-39-thread-1] INFO  server.RaftServerConfigKeys (ConfUtils.java:logGet(44)) - raft.server.snapshot.retention.file.num = -1 (default)
2021-08-26 17:31:35,590 [pool-39-thread-1] INFO  server.RaftServerConfigKeys (ConfUtils.java:logGet(44)) - raft.server.log.purge.upto.snapshot.index = true (custom)
2021-08-26 17:31:35,592 [pool-39-thread-1] INFO  server.RaftServerConfigKeys (ConfUtils.java:logGet(44)) - raft.server.retrycache.expirytime = 300s (custom)
2021-08-26 17:31:35,592 [pool-39-thread-1] INFO  server.RaftServerConfigKeys (ConfUtils.java:logGet(44)) - raft.server.retrycache.statistics.expirytime = 100μs (default)
2021-08-26 17:31:35,634 [Listener at 127.0.0.1/35991] INFO  server.RaftServer$Division (RaftServerImpl.java:start(296)) - om1@group-C5BA1605619E: start as a follower, conf=-1: [om1|rpc:localhost:9872|priority:0], old=null
2021-08-26 17:31:35,636 [Listener at 127.0.0.1/35991] INFO  server.RaftServer$Division (RaftServerImpl.java:setRole(285)) - om1@group-C5BA1605619E: changes role from      null to FOLLOWER at term 0 for startAsFollower
2021-08-26 17:31:35,637 [Listener at 127.0.0.1/35991] INFO  impl.RoleInfo (RoleInfo.java:updateAndGet(130)) - om1: start om1@group-C5BA1605619E-FollowerState
2021-08-26 17:31:35,643 [Listener at 127.0.0.1/35991] INFO  util.JmxRegister (JmxRegister.java:tryRegister(44)) - Successfully registered JMX Bean with object name Ratis:service=RaftServer,group=group-C5BA1605619E,id=om1
2021-08-26 17:31:35,653 [Listener at 127.0.0.1/35991] INFO  server.RaftServer (RaftServerProxy.java:lambda$start$5(374)) - om1: start RPC server
2021-08-26 17:31:35,706 [Listener at 127.0.0.1/35991] INFO  server.GrpcService (GrpcService.java:startImpl(253)) - om1: GrpcService started, listening on 9872
2021-08-26 17:31:35,711 [Listener at 127.0.0.1/35991] INFO  om.OzoneManager (OzoneManager.java:start(1288)) - Version File has different layout version (0) than OM DB (null). That is expected if this OM has never been finalized to a newer layout version.
2021-08-26 17:31:35,713 [org.apache.ratis.util.JvmPauseMonitor$$Lambda$531/1273545383@b47b0db] INFO  util.JvmPauseMonitor (JvmPauseMonitor.java:run(103)) - JvmPauseMonitor-om1: Started
2021-08-26 17:31:35,721 [Listener at 127.0.0.1/35991] INFO  http.BaseHttpServer (BaseHttpServer.java:newHttpServer2BuilderForOzone(209)) - Starting Web-server for ozoneManager at: http://0.0.0.0:0
2021-08-26 17:31:35,721 [Listener at 127.0.0.1/35991] INFO  http.BaseHttpServer (BaseHttpServer.java:<init>(107)) - Hadoop Security Enabled: false Ozone Security Enabled: false Ozone HTTP Security Enabled: false 
2021-08-26 17:31:35,723 [Listener at 127.0.0.1/35991] INFO  server.AuthenticationFilter (AuthenticationFilter.java:constructSecretProvider(240)) - Unable to initialize FileSignerSecretProvider, falling back to use random secrets.
2021-08-26 17:31:35,731 [Listener at 127.0.0.1/35991] WARN  http.HttpRequestLog (HttpRequestLog.java:getRequestLog(103)) - Jetty request log can only be enabled using Log4j
2021-08-26 17:31:35,733 [Listener at 127.0.0.1/35991] INFO  http.HttpServer2 (HttpServer2.java:addGlobalFilter(1030)) - Added global filter 'safety' (class=org.apache.hadoop.hdds.server.http.HttpServer2$QuotingInputFilter)
2021-08-26 17:31:35,734 [Listener at 127.0.0.1/35991] INFO  http.HttpServer2 (HttpServer2.java:addFilter(1006)) - Added filter static_user_filter (class=org.apache.hadoop.http.lib.StaticUserWebFilter$StaticUserFilter) to context ozoneManager
2021-08-26 17:31:35,734 [Listener at 127.0.0.1/35991] INFO  http.HttpServer2 (HttpServer2.java:addFilter(1014)) - Added filter static_user_filter (class=org.apache.hadoop.http.lib.StaticUserWebFilter$StaticUserFilter) to context logs
2021-08-26 17:31:35,734 [Listener at 127.0.0.1/35991] INFO  http.HttpServer2 (HttpServer2.java:addFilter(1014)) - Added filter static_user_filter (class=org.apache.hadoop.http.lib.StaticUserWebFilter$StaticUserFilter) to context static
2021-08-26 17:31:35,738 [Listener at 127.0.0.1/35991] INFO  http.HttpServer2 (HttpServer2.java:bindListener(1249)) - Jetty bound to port 39101
2021-08-26 17:31:35,739 [Listener at 127.0.0.1/35991] INFO  server.Server (Server.java:doStart(375)) - jetty-9.4.43.v20210629; built: 2021-06-30T11:07:22.254Z; git: 526006ecfa3af7f1a27ef3a288e2bef7ea9dd7e8; jvm 1.8.0_292-b10
2021-08-26 17:31:35,743 [Listener at 127.0.0.1/35991] INFO  server.session (DefaultSessionIdManager.java:doStart(334)) - DefaultSessionIdManager workerName=node0
2021-08-26 17:31:35,743 [Listener at 127.0.0.1/35991] INFO  server.session (DefaultSessionIdManager.java:doStart(339)) - No SessionScavenger set, using defaults
2021-08-26 17:31:35,744 [Listener at 127.0.0.1/35991] INFO  server.session (HouseKeeper.java:startScavenging(132)) - node0 Scavenging every 660000ms
2021-08-26 17:31:35,744 [Listener at 127.0.0.1/35991] INFO  handler.ContextHandler (ContextHandler.java:doStart(915)) - Started o.e.j.s.ServletContextHandler@2e1b97f0{logs,/logs,file:///home/runner/work/ozone/ozone/hadoop-ozone/integration-test/target/log,AVAILABLE}
2021-08-26 17:31:35,745 [Listener at 127.0.0.1/35991] INFO  handler.ContextHandler (ContextHandler.java:doStart(915)) - Started o.e.j.s.ServletContextHandler@6bdfde34{static,/static,file:///home/runner/work/ozone/ozone/hadoop-ozone/integration-test/target/test-classes/webapps/static,AVAILABLE}
2021-08-26 17:31:35,752 [Listener at 127.0.0.1/35991] INFO  handler.ContextHandler (ContextHandler.java:doStart(915)) - Started o.e.j.w.WebAppContext@2d238372{ozoneManager,/,file:///home/runner/work/ozone/ozone/hadoop-ozone/integration-test/target/test-classes/webapps/ozoneManager/,AVAILABLE}{file:/home/runner/work/ozone/ozone/hadoop-ozone/integration-test/target/test-classes/webapps/ozoneManager}
2021-08-26 17:31:35,754 [Listener at 127.0.0.1/35991] INFO  server.AbstractConnector (AbstractConnector.java:doStart(331)) - Started ServerConnector@5d0916d1{HTTP/1.1, (http/1.1)}{0.0.0.0:39101}
2021-08-26 17:31:35,754 [Listener at 127.0.0.1/35991] INFO  server.Server (Server.java:doStart(415)) - Started @6822ms
2021-08-26 17:31:35,754 [Listener at 127.0.0.1/35991] WARN  impl.MetricsSystemImpl (MetricsSystemImpl.java:register(279)) - Sink prometheus already exists!
2021-08-26 17:31:35,755 [Listener at 127.0.0.1/35991] INFO  http.BaseHttpServer (BaseHttpServer.java:updateConnectorAddress(329)) - HTTP server of ozoneManager listening at http://0.0.0.0:39101
2021-08-26 17:31:35,759 [IPC Server Responder] INFO  ipc.Server (Server.java:run(1507)) - IPC Server Responder: starting
2021-08-26 17:31:35,759 [IPC Server listener on 0] INFO  ipc.Server (Server.java:run(1344)) - IPC Server listener on 0: starting
2021-08-26 17:31:35,768 [Listener at 127.0.0.1/35991] INFO  om.OzoneManager (OzoneManager.java:startTrashEmptier(1531)) - Trash Interval set to 0. Files deleted will not move to trash
2021-08-26 17:31:35,782 [org.apache.hadoop.util.JvmPauseMonitor$Monitor@27289ede] INFO  util.JvmPauseMonitor (JvmPauseMonitor.java:run(188)) - Starting JVM pause monitor
2021-08-26 17:31:35,920 [Listener at 127.0.0.1/35991] WARN  impl.MetricRegistriesImpl (MetricRegistriesImpl.java:addReporterRegistration(111)) - New reporters are added after registries were created. Some metrics will be missing from the reporter. Please add reporter before adding any new registry.
2021-08-26 17:31:35,920 [Listener at 127.0.0.1/35991] WARN  impl.MetricRegistriesImpl (MetricRegistriesImpl.java:addReporterRegistration(111)) - New reporters are added after registries were created. Some metrics will be missing from the reporter. Please add reporter before adding any new registry.
2021-08-26 17:31:35,920 [Listener at 127.0.0.1/35991] INFO  impl.MetricsSystemImpl (MetricsSystemImpl.java:init(158)) - HddsDatanode metrics system started (again)
2021-08-26 17:31:35,938 [Listener at 127.0.0.1/35991] INFO  ozone.HddsDatanodeService (HddsDatanodeService.java:start(234)) - HddsDatanodeService host:fv-az122-729.zf1tlrj3kn4expqppa1j4mpycf.xx.internal.cloudapp.net ip:10.1.0.42
2021-08-26 17:31:35,968 [Listener at 127.0.0.1/35991] INFO  upgrade.AbstractLayoutVersionManager (AbstractLayoutVersionManager.java:init(70)) - Initializing Layout version manager with metadata layout = SCM_HA (version = 2), software layout = SCM_HA (version = 2)
2021-08-26 17:31:36,012 [Listener at 127.0.0.1/35991] INFO  reflections.Reflections (Reflections.java:scan(232)) - Reflections took 43 ms to scan 7 urls, producing 120 keys and 275 values 
2021-08-26 17:31:36,067 [Listener at 127.0.0.1/35991] INFO  volume.HddsVolume (HddsVolume.java:<init>(120)) - Creating HddsVolume: /home/runner/work/ozone/ozone/hadoop-ozone/integration-test/target/test-dir/MiniOzoneClusterImpl-daa96565-427e-4fca-a993-08525edc6fa6/datanode-0/data-0/containers/hdds of storage type : DISK capacity : 9223372036854775807
2021-08-26 17:31:36,071 [Listener at 127.0.0.1/35991] INFO  volume.MutableVolumeSet (MutableVolumeSet.java:initializeVolumeSet(181)) - Added Volume : /home/runner/work/ozone/ozone/hadoop-ozone/integration-test/target/test-dir/MiniOzoneClusterImpl-daa96565-427e-4fca-a993-08525edc6fa6/datanode-0/data-0/containers/hdds to VolumeSet
2021-08-26 17:31:36,072 [Listener at 127.0.0.1/35991] INFO  volume.ThrottledAsyncChecker (ThrottledAsyncChecker.java:schedule(141)) - Scheduling a check for /home/runner/work/ozone/ozone/hadoop-ozone/integration-test/target/test-dir/MiniOzoneClusterImpl-daa96565-427e-4fca-a993-08525edc6fa6/datanode-0/data-0/containers/hdds
2021-08-26 17:31:36,093 [Listener at 127.0.0.1/35991] INFO  volume.StorageVolumeChecker (StorageVolumeChecker.java:checkAllVolumes(202)) - Scheduled health check for volume /home/runner/work/ozone/ozone/hadoop-ozone/integration-test/target/test-dir/MiniOzoneClusterImpl-daa96565-427e-4fca-a993-08525edc6fa6/datanode-0/data-0/containers/hdds
2021-08-26 17:31:36,115 [Listener at 127.0.0.1/35991] INFO  volume.MutableVolumeSet (MutableVolumeSet.java:initializeVolumeSet(181)) - Added Volume : /home/runner/work/ozone/ozone/hadoop-ozone/integration-test/target/test-dir/MiniOzoneClusterImpl-daa96565-427e-4fca-a993-08525edc6fa6/datanode-0/data/ratis to VolumeSet
2021-08-26 17:31:36,115 [Listener at 127.0.0.1/35991] INFO  volume.ThrottledAsyncChecker (ThrottledAsyncChecker.java:schedule(141)) - Scheduling a check for /home/runner/work/ozone/ozone/hadoop-ozone/integration-test/target/test-dir/MiniOzoneClusterImpl-daa96565-427e-4fca-a993-08525edc6fa6/datanode-0/data/ratis
2021-08-26 17:31:36,115 [Listener at 127.0.0.1/35991] INFO  volume.StorageVolumeChecker (StorageVolumeChecker.java:checkAllVolumes(202)) - Scheduled health check for volume /home/runner/work/ozone/ozone/hadoop-ozone/integration-test/target/test-dir/MiniOzoneClusterImpl-daa96565-427e-4fca-a993-08525edc6fa6/datanode-0/data/ratis
2021-08-26 17:31:36,133 [Listener at 127.0.0.1/35991] INFO  ozoneimpl.ContainerReader (ContainerReader.java:<init>(98)) - Running in upgrade mode:true
2021-08-26 17:31:36,135 [Thread-128] INFO  ozoneimpl.ContainerReader (ContainerReader.java:readVolume(142)) - Start to verify containers on volume /home/runner/work/ozone/ozone/hadoop-ozone/integration-test/target/test-dir/MiniOzoneClusterImpl-daa96565-427e-4fca-a993-08525edc6fa6/datanode-0/data-0/containers/hdds
2021-08-26 17:31:36,136 [Thread-128] INFO  ozoneimpl.ContainerReader (ContainerReader.java:readVolume(174)) - Finish verifying containers on volume /home/runner/work/ozone/ozone/hadoop-ozone/integration-test/target/test-dir/MiniOzoneClusterImpl-daa96565-427e-4fca-a993-08525edc6fa6/datanode-0/data-0/containers/hdds
2021-08-26 17:31:36,136 [Listener at 127.0.0.1/35991] INFO  ozoneimpl.OzoneContainer (OzoneContainer.java:buildContainerSet(237)) - Build ContainerSet costs 0s
2021-08-26 17:31:36,205 [Listener at 127.0.0.1/35991] INFO  server.RaftServer (ConfUtils.java:logGet(44)) - raft.rpc.type = GRPC (default)
2021-08-26 17:31:36,206 [Listener at 127.0.0.1/35991] INFO  grpc.GrpcFactory (GrpcFactory.java:checkPooledByteBufAllocatorUseCacheForAllThreads(48)) - PERFORMANCE WARNING: useCacheForAllThreads is true that may cause Netty to create a lot garbage objects and, as a result, trigger GC.
	It is recommended to disable useCacheForAllThreads by setting -Dorg.apache.ratis.thirdparty.io.netty.allocator.useCacheForAllThreads=false in command line.
2021-08-26 17:31:36,206 [Listener at 127.0.0.1/35991] INFO  grpc.GrpcConfigKeys (ConfUtils.java:logGet(44)) - raft.grpc.admin.port = 0 (custom)
2021-08-26 17:31:36,206 [Listener at 127.0.0.1/35991] INFO  grpc.GrpcConfigKeys (ConfUtils.java:logGet(44)) - raft.grpc.client.port = 0 (custom)
2021-08-26 17:31:36,206 [Listener at 127.0.0.1/35991] INFO  grpc.GrpcConfigKeys (ConfUtils.java:logGet(44)) - raft.grpc.server.port = 0 (default)
2021-08-26 17:31:36,206 [Listener at 127.0.0.1/35991] INFO  server.GrpcService (ConfUtils.java:logGet(44)) - raft.grpc.message.size.max = 32MB (=33554432) (custom)
2021-08-26 17:31:36,207 [Listener at 127.0.0.1/35991] INFO  server.RaftServerConfigKeys (ConfUtils.java:logGet(44)) - raft.server.log.appender.buffer.byte-limit = 33554432 (custom)
2021-08-26 17:31:36,207 [Listener at 127.0.0.1/35991] INFO  server.GrpcService (ConfUtils.java:logGet(44)) - raft.grpc.flow.control.window = 5MB (=5242880) (custom)
2021-08-26 17:31:36,208 [Listener at 127.0.0.1/35991] INFO  server.RaftServerConfigKeys (ConfUtils.java:logGet(44)) - raft.server.rpc.request.timeout = 3000ms (default)
2021-08-26 17:31:36,209 [Listener at 127.0.0.1/35991] INFO  impl.DataStreamServerImpl (ConfUtils.java:logGet(44)) - raft.datastream.type = DISABLED (default)
2021-08-26 17:31:36,209 [Listener at 127.0.0.1/35991] INFO  server.RaftServerConfigKeys (ConfUtils.java:logGet(44)) - raft.server.rpc.slowness.timeout = 300000ms (custom)
2021-08-26 17:31:36,209 [Listener at 127.0.0.1/35991] INFO  server.RaftServerConfigKeys (ConfUtils.java:logGet(44)) - raft.server.leaderelection.leader.step-down.wait-time = 10s (default)
2021-08-26 17:31:36,210 [Listener at 127.0.0.1/35991] INFO  server.RaftServerConfigKeys (ConfUtils.java:logGet(44)) - raft.server.storage.dir = [/home/runner/work/ozone/ozone/hadoop-ozone/integration-test/target/test-dir/MiniOzoneClusterImpl-daa96565-427e-4fca-a993-08525edc6fa6/datanode-0/data/ratis] (custom)
2021-08-26 17:31:36,269 [Listener at 127.0.0.1/35991] INFO  http.BaseHttpServer (BaseHttpServer.java:newHttpServer2BuilderForOzone(209)) - Starting Web-server for hddsDatanode at: http://0.0.0.0:0
2021-08-26 17:31:36,270 [Listener at 127.0.0.1/35991] INFO  http.BaseHttpServer (BaseHttpServer.java:<init>(107)) - Hadoop Security Enabled: false Ozone Security Enabled: false Ozone HTTP Security Enabled: false 
2021-08-26 17:31:36,272 [Listener at 127.0.0.1/35991] INFO  server.AuthenticationFilter (AuthenticationFilter.java:constructSecretProvider(240)) - Unable to initialize FileSignerSecretProvider, falling back to use random secrets.
2021-08-26 17:31:36,275 [Listener at 127.0.0.1/35991] WARN  http.HttpRequestLog (HttpRequestLog.java:getRequestLog(103)) - Jetty request log can only be enabled using Log4j
2021-08-26 17:31:36,276 [Listener at 127.0.0.1/35991] INFO  http.HttpServer2 (HttpServer2.java:addGlobalFilter(1030)) - Added global filter 'safety' (class=org.apache.hadoop.hdds.server.http.HttpServer2$QuotingInputFilter)
2021-08-26 17:31:36,277 [Listener at 127.0.0.1/35991] INFO  http.HttpServer2 (HttpServer2.java:addFilter(1006)) - Added filter static_user_filter (class=org.apache.hadoop.http.lib.StaticUserWebFilter$StaticUserFilter) to context hddsDatanode
2021-08-26 17:31:36,278 [Listener at 127.0.0.1/35991] INFO  http.HttpServer2 (HttpServer2.java:addFilter(1014)) - Added filter static_user_filter (class=org.apache.hadoop.http.lib.StaticUserWebFilter$StaticUserFilter) to context static
2021-08-26 17:31:36,278 [Listener at 127.0.0.1/35991] INFO  http.HttpServer2 (HttpServer2.java:addFilter(1014)) - Added filter static_user_filter (class=org.apache.hadoop.http.lib.StaticUserWebFilter$StaticUserFilter) to context logs
2021-08-26 17:31:36,279 [Listener at 127.0.0.1/35991] INFO  http.HttpServer2 (HttpServer2.java:bindListener(1249)) - Jetty bound to port 35097
2021-08-26 17:31:36,280 [Listener at 127.0.0.1/35991] INFO  server.Server (Server.java:doStart(375)) - jetty-9.4.43.v20210629; built: 2021-06-30T11:07:22.254Z; git: 526006ecfa3af7f1a27ef3a288e2bef7ea9dd7e8; jvm 1.8.0_292-b10
2021-08-26 17:31:36,283 [Listener at 127.0.0.1/35991] INFO  server.session (DefaultSessionIdManager.java:doStart(334)) - DefaultSessionIdManager workerName=node0
2021-08-26 17:31:36,283 [Listener at 127.0.0.1/35991] INFO  server.session (DefaultSessionIdManager.java:doStart(339)) - No SessionScavenger set, using defaults
2021-08-26 17:31:36,283 [Listener at 127.0.0.1/35991] INFO  server.session (HouseKeeper.java:startScavenging(132)) - node0 Scavenging every 600000ms
2021-08-26 17:31:36,285 [Listener at 127.0.0.1/35991] INFO  handler.ContextHandler (ContextHandler.java:doStart(915)) - Started o.e.j.s.ServletContextHandler@185ee96c{logs,/logs,file:///home/runner/work/ozone/ozone/hadoop-ozone/integration-test/target/log,AVAILABLE}
2021-08-26 17:31:36,285 [Listener at 127.0.0.1/35991] INFO  handler.ContextHandler (ContextHandler.java:doStart(915)) - Started o.e.j.s.ServletContextHandler@29f0bbe{static,/static,jar:file:/home/runner/.m2/repository/org/apache/ozone/hdds-container-service/1.2.0-SNAPSHOT/hdds-container-service-1.2.0-SNAPSHOT.jar!/webapps/static,AVAILABLE}
2021-08-26 17:31:36,345 [Listener at 127.0.0.1/35991] INFO  handler.ContextHandler (ContextHandler.java:doStart(915)) - Started o.e.j.w.WebAppContext@392ea84a{hddsDatanode,/,file:///tmp/jetty-0_0_0_0-35097-hdds-container-service-1_2_0-SNAPSHOT_jar-_-any-1527535925759490295/webapp/,AVAILABLE}{jar:file:/home/runner/.m2/repository/org/apache/ozone/hdds-container-service/1.2.0-SNAPSHOT/hdds-container-service-1.2.0-SNAPSHOT.jar!/webapps/hddsDatanode}
2021-08-26 17:31:36,346 [Listener at 127.0.0.1/35991] INFO  server.AbstractConnector (AbstractConnector.java:doStart(331)) - Started ServerConnector@4c29a896{HTTP/1.1, (http/1.1)}{0.0.0.0:35097}
2021-08-26 17:31:36,347 [Listener at 127.0.0.1/35991] INFO  server.Server (Server.java:doStart(415)) - Started @7414ms
2021-08-26 17:31:36,347 [Listener at 127.0.0.1/35991] WARN  impl.MetricsSystemImpl (MetricsSystemImpl.java:register(279)) - Sink prometheus already exists!
2021-08-26 17:31:36,348 [Listener at 127.0.0.1/35991] INFO  http.BaseHttpServer (BaseHttpServer.java:updateConnectorAddress(329)) - HTTP server of hddsDatanode listening at http://0.0.0.0:35097
2021-08-26 17:31:36,349 [Listener at 127.0.0.1/35991] WARN  impl.MetricRegistriesImpl (MetricRegistriesImpl.java:addReporterRegistration(111)) - New reporters are added after registries were created. Some metrics will be missing from the reporter. Please add reporter before adding any new registry.
2021-08-26 17:31:36,350 [Listener at 127.0.0.1/35991] WARN  impl.MetricRegistriesImpl (MetricRegistriesImpl.java:addReporterRegistration(111)) - New reporters are added after registries were created. Some metrics will be missing from the reporter. Please add reporter before adding any new registry.
2021-08-26 17:31:36,350 [Listener at 127.0.0.1/35991] INFO  impl.MetricsSystemImpl (MetricsSystemImpl.java:init(158)) - HddsDatanode metrics system started (again)
2021-08-26 17:31:36,378 [Listener at 127.0.0.1/35991] INFO  ozone.HddsDatanodeService (HddsDatanodeService.java:start(234)) - HddsDatanodeService host:fv-az122-729.zf1tlrj3kn4expqppa1j4mpycf.xx.internal.cloudapp.net ip:10.1.0.42
2021-08-26 17:31:36,378 [org.apache.hadoop.util.JvmPauseMonitor$Monitor@18e9f6c2] INFO  util.JvmPauseMonitor (JvmPauseMonitor.java:run(188)) - Starting JVM pause monitor
2021-08-26 17:31:36,408 [Listener at 127.0.0.1/35991] INFO  upgrade.AbstractLayoutVersionManager (AbstractLayoutVersionManager.java:init(70)) - Initializing Layout version manager with metadata layout = SCM_HA (version = 2), software layout = SCM_HA (version = 2)
2021-08-26 17:31:36,530 [Listener at 127.0.0.1/35991] INFO  reflections.Reflections (Reflections.java:scan(232)) - Reflections took 120 ms to scan 7 urls, producing 120 keys and 275 values 
2021-08-26 17:31:36,548 [Listener at 127.0.0.1/35991] INFO  volume.HddsVolume (HddsVolume.java:<init>(120)) - Creating HddsVolume: /home/runner/work/ozone/ozone/hadoop-ozone/integration-test/target/test-dir/MiniOzoneClusterImpl-daa96565-427e-4fca-a993-08525edc6fa6/datanode-1/data-0/containers/hdds of storage type : DISK capacity : 9223372036854775807
2021-08-26 17:31:36,549 [Listener at 127.0.0.1/35991] INFO  volume.MutableVolumeSet (MutableVolumeSet.java:initializeVolumeSet(181)) - Added Volume : /home/runner/work/ozone/ozone/hadoop-ozone/integration-test/target/test-dir/MiniOzoneClusterImpl-daa96565-427e-4fca-a993-08525edc6fa6/datanode-1/data-0/containers/hdds to VolumeSet
2021-08-26 17:31:36,549 [Listener at 127.0.0.1/35991] INFO  volume.ThrottledAsyncChecker (ThrottledAsyncChecker.java:schedule(141)) - Scheduling a check for /home/runner/work/ozone/ozone/hadoop-ozone/integration-test/target/test-dir/MiniOzoneClusterImpl-daa96565-427e-4fca-a993-08525edc6fa6/datanode-1/data-0/containers/hdds
2021-08-26 17:31:36,561 [Listener at 127.0.0.1/35991] INFO  volume.StorageVolumeChecker (StorageVolumeChecker.java:checkAllVolumes(202)) - Scheduled health check for volume /home/runner/work/ozone/ozone/hadoop-ozone/integration-test/target/test-dir/MiniOzoneClusterImpl-daa96565-427e-4fca-a993-08525edc6fa6/datanode-1/data-0/containers/hdds
2021-08-26 17:31:36,580 [Listener at 127.0.0.1/35991] INFO  volume.MutableVolumeSet (MutableVolumeSet.java:initializeVolumeSet(181)) - Added Volume : /home/runner/work/ozone/ozone/hadoop-ozone/integration-test/target/test-dir/MiniOzoneClusterImpl-daa96565-427e-4fca-a993-08525edc6fa6/datanode-1/data/ratis to VolumeSet
2021-08-26 17:31:36,580 [Listener at 127.0.0.1/35991] INFO  volume.ThrottledAsyncChecker (ThrottledAsyncChecker.java:schedule(141)) - Scheduling a check for /home/runner/work/ozone/ozone/hadoop-ozone/integration-test/target/test-dir/MiniOzoneClusterImpl-daa96565-427e-4fca-a993-08525edc6fa6/datanode-1/data/ratis
2021-08-26 17:31:36,581 [Listener at 127.0.0.1/35991] INFO  volume.StorageVolumeChecker (StorageVolumeChecker.java:checkAllVolumes(202)) - Scheduled health check for volume /home/runner/work/ozone/ozone/hadoop-ozone/integration-test/target/test-dir/MiniOzoneClusterImpl-daa96565-427e-4fca-a993-08525edc6fa6/datanode-1/data/ratis
2021-08-26 17:31:36,597 [Datanode State Machine Task Thread - 0] INFO  datanode.InitDatanodeState (InitDatanodeState.java:persistContainerDatanodeDetails(145)) - DatanodeDetails is persisted to /home/runner/work/ozone/ozone/hadoop-ozone/integration-test/target/test-dir/MiniOzoneClusterImpl-daa96565-427e-4fca-a993-08525edc6fa6/datanode-0/meta/datanode.id
2021-08-26 17:31:36,598 [Listener at 127.0.0.1/35991] INFO  ozoneimpl.ContainerReader (ContainerReader.java:<init>(98)) - Running in upgrade mode:true
2021-08-26 17:31:36,598 [Thread-140] INFO  ozoneimpl.ContainerReader (ContainerReader.java:readVolume(142)) - Start to verify containers on volume /home/runner/work/ozone/ozone/hadoop-ozone/integration-test/target/test-dir/MiniOzoneClusterImpl-daa96565-427e-4fca-a993-08525edc6fa6/datanode-1/data-0/containers/hdds
2021-08-26 17:31:36,599 [Thread-140] INFO  ozoneimpl.ContainerReader (ContainerReader.java:readVolume(174)) - Finish verifying containers on volume /home/runner/work/ozone/ozone/hadoop-ozone/integration-test/target/test-dir/MiniOzoneClusterImpl-daa96565-427e-4fca-a993-08525edc6fa6/datanode-1/data-0/containers/hdds
2021-08-26 17:31:36,599 [Listener at 127.0.0.1/35991] INFO  ozoneimpl.OzoneContainer (OzoneContainer.java:buildContainerSet(237)) - Build ContainerSet costs 0s
2021-08-26 17:31:36,602 [Listener at 127.0.0.1/35991] INFO  server.RaftServer (ConfUtils.java:logGet(44)) - raft.rpc.type = GRPC (default)
2021-08-26 17:31:36,602 [Listener at 127.0.0.1/35991] INFO  grpc.GrpcFactory (GrpcFactory.java:checkPooledByteBufAllocatorUseCacheForAllThreads(48)) - PERFORMANCE WARNING: useCacheForAllThreads is true that may cause Netty to create a lot garbage objects and, as a result, trigger GC.
	It is recommended to disable useCacheForAllThreads by setting -Dorg.apache.ratis.thirdparty.io.netty.allocator.useCacheForAllThreads=false in command line.
2021-08-26 17:31:36,603 [Listener at 127.0.0.1/35991] INFO  grpc.GrpcConfigKeys (ConfUtils.java:logGet(44)) - raft.grpc.admin.port = 0 (custom)
2021-08-26 17:31:36,603 [Listener at 127.0.0.1/35991] INFO  grpc.GrpcConfigKeys (ConfUtils.java:logGet(44)) - raft.grpc.client.port = 0 (custom)
2021-08-26 17:31:36,603 [Listener at 127.0.0.1/35991] INFO  grpc.GrpcConfigKeys (ConfUtils.java:logGet(44)) - raft.grpc.server.port = 0 (default)
2021-08-26 17:31:36,604 [Listener at 127.0.0.1/35991] INFO  server.GrpcService (ConfUtils.java:logGet(44)) - raft.grpc.message.size.max = 32MB (=33554432) (custom)
2021-08-26 17:31:36,604 [Listener at 127.0.0.1/35991] INFO  server.RaftServerConfigKeys (ConfUtils.java:logGet(44)) - raft.server.log.appender.buffer.byte-limit = 33554432 (custom)
2021-08-26 17:31:36,605 [Listener at 127.0.0.1/35991] INFO  server.GrpcService (ConfUtils.java:logGet(44)) - raft.grpc.flow.control.window = 5MB (=5242880) (custom)
2021-08-26 17:31:36,606 [Listener at 127.0.0.1/35991] INFO  server.RaftServerConfigKeys (ConfUtils.java:logGet(44)) - raft.server.rpc.request.timeout = 3000ms (default)
2021-08-26 17:31:36,607 [Listener at 127.0.0.1/35991] INFO  impl.DataStreamServerImpl (ConfUtils.java:logGet(44)) - raft.datastream.type = DISABLED (default)
2021-08-26 17:31:36,608 [Listener at 127.0.0.1/35991] INFO  server.RaftServerConfigKeys (ConfUtils.java:logGet(44)) - raft.server.rpc.slowness.timeout = 300000ms (custom)
2021-08-26 17:31:36,608 [Listener at 127.0.0.1/35991] INFO  server.RaftServerConfigKeys (ConfUtils.java:logGet(44)) - raft.server.leaderelection.leader.step-down.wait-time = 10s (default)
2021-08-26 17:31:36,608 [Listener at 127.0.0.1/35991] INFO  server.RaftServerConfigKeys (ConfUtils.java:logGet(44)) - raft.server.storage.dir = [/home/runner/work/ozone/ozone/hadoop-ozone/integration-test/target/test-dir/MiniOzoneClusterImpl-daa96565-427e-4fca-a993-08525edc6fa6/datanode-1/data/ratis] (custom)
2021-08-26 17:31:36,618 [Listener at 127.0.0.1/35991] INFO  http.BaseHttpServer (BaseHttpServer.java:newHttpServer2BuilderForOzone(209)) - Starting Web-server for hddsDatanode at: http://0.0.0.0:0
2021-08-26 17:31:36,618 [Listener at 127.0.0.1/35991] INFO  http.BaseHttpServer (BaseHttpServer.java:<init>(107)) - Hadoop Security Enabled: false Ozone Security Enabled: false Ozone HTTP Security Enabled: false 
2021-08-26 17:31:36,619 [Listener at 127.0.0.1/35991] INFO  server.AuthenticationFilter (AuthenticationFilter.java:constructSecretProvider(240)) - Unable to initialize FileSignerSecretProvider, falling back to use random secrets.
2021-08-26 17:31:36,620 [Listener at 127.0.0.1/35991] WARN  http.HttpRequestLog (HttpRequestLog.java:getRequestLog(103)) - Jetty request log can only be enabled using Log4j
2021-08-26 17:31:36,623 [Listener at 127.0.0.1/35991] INFO  http.HttpServer2 (HttpServer2.java:addGlobalFilter(1030)) - Added global filter 'safety' (class=org.apache.hadoop.hdds.server.http.HttpServer2$QuotingInputFilter)
2021-08-26 17:31:36,624 [Listener at 127.0.0.1/35991] INFO  http.HttpServer2 (HttpServer2.java:addFilter(1006)) - Added filter static_user_filter (class=org.apache.hadoop.http.lib.StaticUserWebFilter$StaticUserFilter) to context hddsDatanode
2021-08-26 17:31:36,624 [Listener at 127.0.0.1/35991] INFO  http.HttpServer2 (HttpServer2.java:addFilter(1014)) - Added filter static_user_filter (class=org.apache.hadoop.http.lib.StaticUserWebFilter$StaticUserFilter) to context logs
2021-08-26 17:31:36,624 [Listener at 127.0.0.1/35991] INFO  http.HttpServer2 (HttpServer2.java:addFilter(1014)) - Added filter static_user_filter (class=org.apache.hadoop.http.lib.StaticUserWebFilter$StaticUserFilter) to context static
2021-08-26 17:31:36,625 [Listener at 127.0.0.1/35991] INFO  http.HttpServer2 (HttpServer2.java:bindListener(1249)) - Jetty bound to port 42321
2021-08-26 17:31:36,625 [Listener at 127.0.0.1/35991] INFO  server.Server (Server.java:doStart(375)) - jetty-9.4.43.v20210629; built: 2021-06-30T11:07:22.254Z; git: 526006ecfa3af7f1a27ef3a288e2bef7ea9dd7e8; jvm 1.8.0_292-b10
2021-08-26 17:31:36,627 [Listener at 127.0.0.1/35991] INFO  server.session (DefaultSessionIdManager.java:doStart(334)) - DefaultSessionIdManager workerName=node0
2021-08-26 17:31:36,627 [Listener at 127.0.0.1/35991] INFO  server.session (DefaultSessionIdManager.java:doStart(339)) - No SessionScavenger set, using defaults
2021-08-26 17:31:36,627 [Listener at 127.0.0.1/35991] INFO  server.session (HouseKeeper.java:startScavenging(132)) - node0 Scavenging every 600000ms
2021-08-26 17:31:36,628 [Listener at 127.0.0.1/35991] INFO  handler.ContextHandler (ContextHandler.java:doStart(915)) - Started o.e.j.s.ServletContextHandler@50a01061{logs,/logs,file:///home/runner/work/ozone/ozone/hadoop-ozone/integration-test/target/log,AVAILABLE}
2021-08-26 17:31:36,628 [Listener at 127.0.0.1/35991] INFO  handler.ContextHandler (ContextHandler.java:doStart(915)) - Started o.e.j.s.ServletContextHandler@11447b93{static,/static,jar:file:/home/runner/.m2/repository/org/apache/ozone/hdds-container-service/1.2.0-SNAPSHOT/hdds-container-service-1.2.0-SNAPSHOT.jar!/webapps/static,AVAILABLE}
2021-08-26 17:31:36,668 [Listener at 127.0.0.1/35991] INFO  handler.ContextHandler (ContextHandler.java:doStart(915)) - Started o.e.j.w.WebAppContext@4923429c{hddsDatanode,/,file:///tmp/jetty-0_0_0_0-42321-hdds-container-service-1_2_0-SNAPSHOT_jar-_-any-3396994416556564749/webapp/,AVAILABLE}{jar:file:/home/runner/.m2/repository/org/apache/ozone/hdds-container-service/1.2.0-SNAPSHOT/hdds-container-service-1.2.0-SNAPSHOT.jar!/webapps/hddsDatanode}
2021-08-26 17:31:36,670 [Listener at 127.0.0.1/35991] INFO  server.AbstractConnector (AbstractConnector.java:doStart(331)) - Started ServerConnector@73fb51bb{HTTP/1.1, (http/1.1)}{0.0.0.0:42321}
2021-08-26 17:31:36,670 [Listener at 127.0.0.1/35991] INFO  server.Server (Server.java:doStart(415)) - Started @7737ms
2021-08-26 17:31:36,670 [Listener at 127.0.0.1/35991] WARN  impl.MetricsSystemImpl (MetricsSystemImpl.java:register(279)) - Sink prometheus already exists!
2021-08-26 17:31:36,670 [Listener at 127.0.0.1/35991] INFO  http.BaseHttpServer (BaseHttpServer.java:updateConnectorAddress(329)) - HTTP server of hddsDatanode listening at http://0.0.0.0:42321
2021-08-26 17:31:36,671 [Listener at 127.0.0.1/35991] WARN  impl.MetricRegistriesImpl (MetricRegistriesImpl.java:addReporterRegistration(111)) - New reporters are added after registries were created. Some metrics will be missing from the reporter. Please add reporter before adding any new registry.
2021-08-26 17:31:36,671 [Listener at 127.0.0.1/35991] WARN  impl.MetricRegistriesImpl (MetricRegistriesImpl.java:addReporterRegistration(111)) - New reporters are added after registries were created. Some metrics will be missing from the reporter. Please add reporter before adding any new registry.
2021-08-26 17:31:36,671 [Listener at 127.0.0.1/35991] INFO  impl.MetricsSystemImpl (MetricsSystemImpl.java:init(158)) - HddsDatanode metrics system started (again)
2021-08-26 17:31:36,688 [org.apache.hadoop.util.JvmPauseMonitor$Monitor@2ec11396] INFO  util.JvmPauseMonitor (JvmPauseMonitor.java:run(188)) - Starting JVM pause monitor
2021-08-26 17:31:36,699 [Listener at 127.0.0.1/35991] INFO  ozone.HddsDatanodeService (HddsDatanodeService.java:start(234)) - HddsDatanodeService host:fv-az122-729.zf1tlrj3kn4expqppa1j4mpycf.xx.internal.cloudapp.net ip:10.1.0.42
2021-08-26 17:31:36,702 [Datanode State Machine Task Thread - 0] INFO  datanode.InitDatanodeState (InitDatanodeState.java:persistContainerDatanodeDetails(145)) - DatanodeDetails is persisted to /home/runner/work/ozone/ozone/hadoop-ozone/integration-test/target/test-dir/MiniOzoneClusterImpl-daa96565-427e-4fca-a993-08525edc6fa6/datanode-1/meta/datanode.id
2021-08-26 17:31:36,728 [Listener at 127.0.0.1/35991] INFO  upgrade.AbstractLayoutVersionManager (AbstractLayoutVersionManager.java:init(70)) - Initializing Layout version manager with metadata layout = SCM_HA (version = 2), software layout = SCM_HA (version = 2)
2021-08-26 17:31:36,796 [Listener at 127.0.0.1/35991] INFO  reflections.Reflections (Reflections.java:scan(232)) - Reflections took 66 ms to scan 7 urls, producing 120 keys and 275 values 
2021-08-26 17:31:36,806 [Listener at 127.0.0.1/35991] INFO  volume.HddsVolume (HddsVolume.java:<init>(120)) - Creating HddsVolume: /home/runner/work/ozone/ozone/hadoop-ozone/integration-test/target/test-dir/MiniOzoneClusterImpl-daa96565-427e-4fca-a993-08525edc6fa6/datanode-2/data-0/containers/hdds of storage type : DISK capacity : 9223372036854775807
2021-08-26 17:31:36,807 [Listener at 127.0.0.1/35991] INFO  volume.MutableVolumeSet (MutableVolumeSet.java:initializeVolumeSet(181)) - Added Volume : /home/runner/work/ozone/ozone/hadoop-ozone/integration-test/target/test-dir/MiniOzoneClusterImpl-daa96565-427e-4fca-a993-08525edc6fa6/datanode-2/data-0/containers/hdds to VolumeSet
2021-08-26 17:31:36,807 [Listener at 127.0.0.1/35991] INFO  volume.ThrottledAsyncChecker (ThrottledAsyncChecker.java:schedule(141)) - Scheduling a check for /home/runner/work/ozone/ozone/hadoop-ozone/integration-test/target/test-dir/MiniOzoneClusterImpl-daa96565-427e-4fca-a993-08525edc6fa6/datanode-2/data-0/containers/hdds
2021-08-26 17:31:36,811 [om1@group-C5BA1605619E-FollowerState] INFO  impl.FollowerState (FollowerState.java:run(134)) - om1@group-C5BA1605619E-FollowerState: change to CANDIDATE, lastRpcElapsedTime:1174321075ns, electionTimeout:1161ms
2021-08-26 17:31:36,812 [om1@group-C5BA1605619E-FollowerState] INFO  impl.RoleInfo (RoleInfo.java:shutdownFollowerState(108)) - om1: shutdown om1@group-C5BA1605619E-FollowerState
2021-08-26 17:31:36,818 [om1@group-C5BA1605619E-FollowerState] INFO  server.RaftServer$Division (RaftServerImpl.java:setRole(285)) - om1@group-C5BA1605619E: changes role from  FOLLOWER to CANDIDATE at term 0 for changeToCandidate
2021-08-26 17:31:36,818 [Listener at 127.0.0.1/35991] INFO  volume.StorageVolumeChecker (StorageVolumeChecker.java:checkAllVolumes(202)) - Scheduled health check for volume /home/runner/work/ozone/ozone/hadoop-ozone/integration-test/target/test-dir/MiniOzoneClusterImpl-daa96565-427e-4fca-a993-08525edc6fa6/datanode-2/data-0/containers/hdds
2021-08-26 17:31:36,821 [om1@group-C5BA1605619E-FollowerState] INFO  server.RaftServerConfigKeys (ConfUtils.java:logGet(44)) - raft.server.leaderelection.pre-vote = false (custom)
2021-08-26 17:31:36,821 [om1@group-C5BA1605619E-FollowerState] INFO  impl.RoleInfo (RoleInfo.java:updateAndGet(130)) - om1: start om1@group-C5BA1605619E-LeaderElection1
2021-08-26 17:31:36,849 [om1@group-C5BA1605619E-LeaderElection1] INFO  impl.LeaderElection (LeaderElection.java:askForVotes(306)) - om1@group-C5BA1605619E-LeaderElection1 ELECTION round 0: submit vote requests at term 1 for -1: [om1|rpc:localhost:9872|priority:0], old=null
2021-08-26 17:31:36,849 [om1@group-C5BA1605619E-LeaderElection1] INFO  impl.LeaderElection (LeaderElection.java:askForVotes(308)) - om1@group-C5BA1605619E-LeaderElection1 ELECTION round 0: result PASSED (term=1)
2021-08-26 17:31:36,850 [om1@group-C5BA1605619E-LeaderElection1] INFO  impl.RoleInfo (RoleInfo.java:shutdownLeaderElection(121)) - om1: shutdown om1@group-C5BA1605619E-LeaderElection1
2021-08-26 17:31:36,850 [om1@group-C5BA1605619E-LeaderElection1] INFO  server.RaftServer$Division (RaftServerImpl.java:setRole(285)) - om1@group-C5BA1605619E: changes role from CANDIDATE to LEADER at term 1 for changeToLeader
2021-08-26 17:31:36,850 [om1@group-C5BA1605619E-LeaderElection1] INFO  server.RaftServer$Division (ServerState.java:setLeader(285)) - om1@group-C5BA1605619E: change Leader from null to om1 at term 1 for becomeLeader, leader elected after 1356ms
2021-08-26 17:31:36,852 [Listener at 127.0.0.1/35991] INFO  volume.MutableVolumeSet (MutableVolumeSet.java:initializeVolumeSet(181)) - Added Volume : /home/runner/work/ozone/ozone/hadoop-ozone/integration-test/target/test-dir/MiniOzoneClusterImpl-daa96565-427e-4fca-a993-08525edc6fa6/datanode-2/data/ratis to VolumeSet
2021-08-26 17:31:36,855 [Listener at 127.0.0.1/35991] INFO  volume.ThrottledAsyncChecker (ThrottledAsyncChecker.java:schedule(141)) - Scheduling a check for /home/runner/work/ozone/ozone/hadoop-ozone/integration-test/target/test-dir/MiniOzoneClusterImpl-daa96565-427e-4fca-a993-08525edc6fa6/datanode-2/data/ratis
2021-08-26 17:31:36,856 [Listener at 127.0.0.1/35991] INFO  volume.StorageVolumeChecker (StorageVolumeChecker.java:checkAllVolumes(202)) - Scheduled health check for volume /home/runner/work/ozone/ozone/hadoop-ozone/integration-test/target/test-dir/MiniOzoneClusterImpl-daa96565-427e-4fca-a993-08525edc6fa6/datanode-2/data/ratis
2021-08-26 17:31:36,858 [om1@group-C5BA1605619E-LeaderElection1] INFO  server.RaftServerConfigKeys (ConfUtils.java:logGet(44)) - raft.server.staging.catchup.gap = 1000 (default)
2021-08-26 17:31:36,869 [om1@group-C5BA1605619E-LeaderElection1] INFO  server.RaftServerConfigKeys (ConfUtils.java:logGet(44)) - raft.server.write.element-limit = 4096 (default)
2021-08-26 17:31:36,872 [om1@group-C5BA1605619E-LeaderElection1] INFO  server.RaftServerConfigKeys (ConfUtils.java:logGet(44)) - raft.server.write.byte-limit = 64MB (=67108864) (default)
2021-08-26 17:31:37,041 [om1@group-C5BA1605619E-LeaderElection1] INFO  server.RaftServerConfigKeys (ConfUtils.java:logGet(44)) - raft.server.watch.timeout = 10s (default)
2021-08-26 17:31:37,041 [om1@group-C5BA1605619E-LeaderElection1] INFO  server.RaftServerConfigKeys (ConfUtils.java:logGet(44)) - raft.server.watch.timeout.denomination = 1s (default)
2021-08-26 17:31:37,044 [om1@group-C5BA1605619E-LeaderElection1] INFO  server.RaftServerConfigKeys (ConfUtils.java:logGet(44)) - raft.server.watch.element-limit = 65536 (default)
2021-08-26 17:31:37,044 [Listener at 127.0.0.1/35991] INFO  ozoneimpl.ContainerReader (ContainerReader.java:<init>(98)) - Running in upgrade mode:true
2021-08-26 17:31:37,050 [om1@group-C5BA1605619E-LeaderElection1] INFO  impl.RoleInfo (RoleInfo.java:updateAndGet(130)) - om1: start om1@group-C5BA1605619E-LeaderStateImpl
2021-08-26 17:31:37,065 [Thread-154] INFO  ozoneimpl.ContainerReader (ContainerReader.java:readVolume(142)) - Start to verify containers on volume /home/runner/work/ozone/ozone/hadoop-ozone/integration-test/target/test-dir/MiniOzoneClusterImpl-daa96565-427e-4fca-a993-08525edc6fa6/datanode-2/data-0/containers/hdds
2021-08-26 17:31:37,066 [Thread-154] INFO  ozoneimpl.ContainerReader (ContainerReader.java:readVolume(174)) - Finish verifying containers on volume /home/runner/work/ozone/ozone/hadoop-ozone/integration-test/target/test-dir/MiniOzoneClusterImpl-daa96565-427e-4fca-a993-08525edc6fa6/datanode-2/data-0/containers/hdds
2021-08-26 17:31:37,066 [Listener at 127.0.0.1/35991] INFO  ozoneimpl.OzoneContainer (OzoneContainer.java:buildContainerSet(237)) - Build ContainerSet costs 0s
2021-08-26 17:31:37,075 [Listener at 127.0.0.1/35991] INFO  server.RaftServer (ConfUtils.java:logGet(44)) - raft.rpc.type = GRPC (default)
2021-08-26 17:31:37,076 [Listener at 127.0.0.1/35991] INFO  grpc.GrpcFactory (GrpcFactory.java:checkPooledByteBufAllocatorUseCacheForAllThreads(48)) - PERFORMANCE WARNING: useCacheForAllThreads is true that may cause Netty to create a lot garbage objects and, as a result, trigger GC.
	It is recommended to disable useCacheForAllThreads by setting -Dorg.apache.ratis.thirdparty.io.netty.allocator.useCacheForAllThreads=false in command line.
2021-08-26 17:31:37,076 [Listener at 127.0.0.1/35991] INFO  grpc.GrpcConfigKeys (ConfUtils.java:logGet(44)) - raft.grpc.admin.port = 0 (custom)
2021-08-26 17:31:37,077 [Listener at 127.0.0.1/35991] INFO  grpc.GrpcConfigKeys (ConfUtils.java:logGet(44)) - raft.grpc.client.port = 0 (custom)
2021-08-26 17:31:37,083 [Listener at 127.0.0.1/35991] INFO  grpc.GrpcConfigKeys (ConfUtils.java:logGet(44)) - raft.grpc.server.port = 0 (default)
2021-08-26 17:31:37,083 [Listener at 127.0.0.1/35991] INFO  server.GrpcService (ConfUtils.java:logGet(44)) - raft.grpc.message.size.max = 32MB (=33554432) (custom)
2021-08-26 17:31:37,083 [Listener at 127.0.0.1/35991] INFO  server.RaftServerConfigKeys (ConfUtils.java:logGet(44)) - raft.server.log.appender.buffer.byte-limit = 33554432 (custom)
2021-08-26 17:31:37,084 [Listener at 127.0.0.1/35991] INFO  server.GrpcService (ConfUtils.java:logGet(44)) - raft.grpc.flow.control.window = 5MB (=5242880) (custom)
2021-08-26 17:31:37,084 [Listener at 127.0.0.1/35991] INFO  server.RaftServerConfigKeys (ConfUtils.java:logGet(44)) - raft.server.rpc.request.timeout = 3000ms (default)
2021-08-26 17:31:37,085 [Listener at 127.0.0.1/35991] INFO  impl.DataStreamServerImpl (ConfUtils.java:logGet(44)) - raft.datastream.type = DISABLED (default)
2021-08-26 17:31:37,085 [Listener at 127.0.0.1/35991] INFO  server.RaftServerConfigKeys (ConfUtils.java:logGet(44)) - raft.server.rpc.slowness.timeout = 300000ms (custom)
2021-08-26 17:31:37,087 [Listener at 127.0.0.1/35991] INFO  server.RaftServerConfigKeys (ConfUtils.java:logGet(44)) - raft.server.leaderelection.leader.step-down.wait-time = 10s (default)
2021-08-26 17:31:37,087 [Listener at 127.0.0.1/35991] INFO  server.RaftServerConfigKeys (ConfUtils.java:logGet(44)) - raft.server.storage.dir = [/home/runner/work/ozone/ozone/hadoop-ozone/integration-test/target/test-dir/MiniOzoneClusterImpl-daa96565-427e-4fca-a993-08525edc6fa6/datanode-2/data/ratis] (custom)
2021-08-26 17:31:37,100 [Listener at 127.0.0.1/35991] INFO  http.BaseHttpServer (BaseHttpServer.java:newHttpServer2BuilderForOzone(209)) - Starting Web-server for hddsDatanode at: http://0.0.0.0:0
2021-08-26 17:31:37,100 [Listener at 127.0.0.1/35991] INFO  http.BaseHttpServer (BaseHttpServer.java:<init>(107)) - Hadoop Security Enabled: false Ozone Security Enabled: false Ozone HTTP Security Enabled: false 
2021-08-26 17:31:37,102 [Listener at 127.0.0.1/35991] INFO  server.AuthenticationFilter (AuthenticationFilter.java:constructSecretProvider(240)) - Unable to initialize FileSignerSecretProvider, falling back to use random secrets.
2021-08-26 17:31:37,110 [Listener at 127.0.0.1/35991] WARN  http.HttpRequestLog (HttpRequestLog.java:getRequestLog(103)) - Jetty request log can only be enabled using Log4j
2021-08-26 17:31:37,111 [Listener at 127.0.0.1/35991] INFO  http.HttpServer2 (HttpServer2.java:addGlobalFilter(1030)) - Added global filter 'safety' (class=org.apache.hadoop.hdds.server.http.HttpServer2$QuotingInputFilter)
2021-08-26 17:31:37,112 [Listener at 127.0.0.1/35991] INFO  http.HttpServer2 (HttpServer2.java:addFilter(1006)) - Added filter static_user_filter (class=org.apache.hadoop.http.lib.StaticUserWebFilter$StaticUserFilter) to context hddsDatanode
2021-08-26 17:31:37,112 [Listener at 127.0.0.1/35991] INFO  http.HttpServer2 (HttpServer2.java:addFilter(1014)) - Added filter static_user_filter (class=org.apache.hadoop.http.lib.StaticUserWebFilter$StaticUserFilter) to context static
2021-08-26 17:31:37,112 [Listener at 127.0.0.1/35991] INFO  http.HttpServer2 (HttpServer2.java:addFilter(1014)) - Added filter static_user_filter (class=org.apache.hadoop.http.lib.StaticUserWebFilter$StaticUserFilter) to context logs
2021-08-26 17:31:37,113 [Listener at 127.0.0.1/35991] INFO  http.HttpServer2 (HttpServer2.java:bindListener(1249)) - Jetty bound to port 39623
2021-08-26 17:31:37,113 [Listener at 127.0.0.1/35991] INFO  server.Server (Server.java:doStart(375)) - jetty-9.4.43.v20210629; built: 2021-06-30T11:07:22.254Z; git: 526006ecfa3af7f1a27ef3a288e2bef7ea9dd7e8; jvm 1.8.0_292-b10
2021-08-26 17:31:37,118 [om1@group-C5BA1605619E-LeaderElection1] INFO  segmented.SegmentedRaftLogWorker (SegmentedRaftLogWorker.java:startLogSegment(394)) - om1@group-C5BA1605619E-SegmentedRaftLogWorker: Starting segment from index:0
2021-08-26 17:31:37,153 [Listener at 127.0.0.1/35991] INFO  server.session (DefaultSessionIdManager.java:doStart(334)) - DefaultSessionIdManager workerName=node0
2021-08-26 17:31:37,153 [Listener at 127.0.0.1/35991] INFO  server.session (DefaultSessionIdManager.java:doStart(339)) - No SessionScavenger set, using defaults
2021-08-26 17:31:37,154 [Listener at 127.0.0.1/35991] INFO  server.session (HouseKeeper.java:startScavenging(132)) - node0 Scavenging every 660000ms
2021-08-26 17:31:37,156 [Listener at 127.0.0.1/35991] INFO  handler.ContextHandler (ContextHandler.java:doStart(915)) - Started o.e.j.s.ServletContextHandler@772b8464{logs,/logs,file:///home/runner/work/ozone/ozone/hadoop-ozone/integration-test/target/log,AVAILABLE}
2021-08-26 17:31:37,156 [Listener at 127.0.0.1/35991] INFO  handler.ContextHandler (ContextHandler.java:doStart(915)) - Started o.e.j.s.ServletContextHandler@41a67eb7{static,/static,jar:file:/home/runner/.m2/repository/org/apache/ozone/hdds-container-service/1.2.0-SNAPSHOT/hdds-container-service-1.2.0-SNAPSHOT.jar!/webapps/static,AVAILABLE}
2021-08-26 17:31:37,177 [om1@group-C5BA1605619E-LeaderElection1] INFO  server.RaftServer$Division (ServerState.java:setRaftConf(387)) - om1@group-C5BA1605619E: set configuration 0: [om1|rpc:localhost:9872|admin:|client:|dataStream:|priority:0], old=null
2021-08-26 17:31:37,213 [Listener at 127.0.0.1/35991] INFO  handler.ContextHandler (ContextHandler.java:doStart(915)) - Started o.e.j.w.WebAppContext@9ca1ba1{hddsDatanode,/,file:///tmp/jetty-0_0_0_0-39623-hdds-container-service-1_2_0-SNAPSHOT_jar-_-any-7959046967626781260/webapp/,AVAILABLE}{jar:file:/home/runner/.m2/repository/org/apache/ozone/hdds-container-service/1.2.0-SNAPSHOT/hdds-container-service-1.2.0-SNAPSHOT.jar!/webapps/hddsDatanode}
2021-08-26 17:31:37,215 [Listener at 127.0.0.1/35991] INFO  server.AbstractConnector (AbstractConnector.java:doStart(331)) - Started ServerConnector@5baf7506{HTTP/1.1, (http/1.1)}{0.0.0.0:39623}
2021-08-26 17:31:37,215 [Listener at 127.0.0.1/35991] INFO  server.Server (Server.java:doStart(415)) - Started @8282ms
2021-08-26 17:31:37,215 [Listener at 127.0.0.1/35991] WARN  impl.MetricsSystemImpl (MetricsSystemImpl.java:register(279)) - Sink prometheus already exists!
2021-08-26 17:31:37,216 [Listener at 127.0.0.1/35991] INFO  http.BaseHttpServer (BaseHttpServer.java:updateConnectorAddress(329)) - HTTP server of hddsDatanode listening at http://0.0.0.0:39623
2021-08-26 17:31:37,216 [Listener at 127.0.0.1/35991] WARN  impl.MetricRegistriesImpl (MetricRegistriesImpl.java:addReporterRegistration(111)) - New reporters are added after registries were created. Some metrics will be missing from the reporter. Please add reporter before adding any new registry.
2021-08-26 17:31:37,216 [Listener at 127.0.0.1/35991] WARN  impl.MetricRegistriesImpl (MetricRegistriesImpl.java:addReporterRegistration(111)) - New reporters are added after registries were created. Some metrics will be missing from the reporter. Please add reporter before adding any new registry.
2021-08-26 17:31:37,216 [Listener at 127.0.0.1/35991] INFO  impl.MetricsSystemImpl (MetricsSystemImpl.java:init(158)) - HddsDatanode metrics system started (again)
2021-08-26 17:31:37,234 [om1@group-C5BA1605619E-SegmentedRaftLogWorker] INFO  segmented.SegmentedRaftLogWorker (SegmentedRaftLogWorker.java:execute(601)) - om1@group-C5BA1605619E-SegmentedRaftLogWorker: created new log segment /home/runner/work/ozone/ozone/hadoop-ozone/integration-test/target/test-dir/MiniOzoneClusterImpl-daa96565-427e-4fca-a993-08525edc6fa6/ozone-meta/ratis/bf265839-605b-3f16-9796-c5ba1605619e/current/log_inprogress_0
2021-08-26 17:31:37,234 [Listener at 127.0.0.1/35991] INFO  ozone.HddsDatanodeService (HddsDatanodeService.java:start(234)) - HddsDatanodeService host:fv-az122-729.zf1tlrj3kn4expqppa1j4mpycf.xx.internal.cloudapp.net ip:10.1.0.42
2021-08-26 17:31:37,241 [org.apache.hadoop.util.JvmPauseMonitor$Monitor@62f4cd68] INFO  util.JvmPauseMonitor (JvmPauseMonitor.java:run(188)) - Starting JVM pause monitor
2021-08-26 17:31:37,245 [Datanode State Machine Task Thread - 0] INFO  datanode.InitDatanodeState (InitDatanodeState.java:persistContainerDatanodeDetails(145)) - DatanodeDetails is persisted to /home/runner/work/ozone/ozone/hadoop-ozone/integration-test/target/test-dir/MiniOzoneClusterImpl-daa96565-427e-4fca-a993-08525edc6fa6/datanode-2/meta/datanode.id
2021-08-26 17:31:37,266 [Listener at 127.0.0.1/35991] INFO  upgrade.AbstractLayoutVersionManager (AbstractLayoutVersionManager.java:init(70)) - Initializing Layout version manager with metadata layout = SCM_HA (version = 2), software layout = SCM_HA (version = 2)
2021-08-26 17:31:37,358 [om1@group-C5BA1605619E-StateMachineUpdater] INFO  ratis.OzoneManagerStateMachine (OzoneManagerStateMachine.java:notifyConfigurationChanged(188)) - Received Configuration change notification from Ratis. New Peer list:
[id: "om1"
address: "localhost:9872"
]
2021-08-26 17:31:37,363 [Listener at 127.0.0.1/35991] INFO  reflections.Reflections (Reflections.java:scan(232)) - Reflections took 96 ms to scan 7 urls, producing 120 keys and 275 values 
2021-08-26 17:31:37,367 [Listener at 127.0.0.1/35991] INFO  volume.HddsVolume (HddsVolume.java:<init>(120)) - Creating HddsVolume: /home/runner/work/ozone/ozone/hadoop-ozone/integration-test/target/test-dir/MiniOzoneClusterImpl-daa96565-427e-4fca-a993-08525edc6fa6/datanode-3/data-0/containers/hdds of storage type : DISK capacity : 9223372036854775807
2021-08-26 17:31:37,367 [Listener at 127.0.0.1/35991] INFO  volume.MutableVolumeSet (MutableVolumeSet.java:initializeVolumeSet(181)) - Added Volume : /home/runner/work/ozone/ozone/hadoop-ozone/integration-test/target/test-dir/MiniOzoneClusterImpl-daa96565-427e-4fca-a993-08525edc6fa6/datanode-3/data-0/containers/hdds to VolumeSet
2021-08-26 17:31:37,367 [Listener at 127.0.0.1/35991] INFO  volume.ThrottledAsyncChecker (ThrottledAsyncChecker.java:schedule(141)) - Scheduling a check for /home/runner/work/ozone/ozone/hadoop-ozone/integration-test/target/test-dir/MiniOzoneClusterImpl-daa96565-427e-4fca-a993-08525edc6fa6/datanode-3/data-0/containers/hdds
2021-08-26 17:31:37,368 [Listener at 127.0.0.1/35991] INFO  volume.StorageVolumeChecker (StorageVolumeChecker.java:checkAllVolumes(202)) - Scheduled health check for volume /home/runner/work/ozone/ozone/hadoop-ozone/integration-test/target/test-dir/MiniOzoneClusterImpl-daa96565-427e-4fca-a993-08525edc6fa6/datanode-3/data-0/containers/hdds
2021-08-26 17:31:37,389 [Listener at 127.0.0.1/35991] INFO  volume.MutableVolumeSet (MutableVolumeSet.java:initializeVolumeSet(181)) - Added Volume : /home/runner/work/ozone/ozone/hadoop-ozone/integration-test/target/test-dir/MiniOzoneClusterImpl-daa96565-427e-4fca-a993-08525edc6fa6/datanode-3/data/ratis to VolumeSet
2021-08-26 17:31:37,389 [Listener at 127.0.0.1/35991] INFO  volume.ThrottledAsyncChecker (ThrottledAsyncChecker.java:schedule(141)) - Scheduling a check for /home/runner/work/ozone/ozone/hadoop-ozone/integration-test/target/test-dir/MiniOzoneClusterImpl-daa96565-427e-4fca-a993-08525edc6fa6/datanode-3/data/ratis
2021-08-26 17:31:37,390 [Listener at 127.0.0.1/35991] INFO  volume.StorageVolumeChecker (StorageVolumeChecker.java:checkAllVolumes(202)) - Scheduled health check for volume /home/runner/work/ozone/ozone/hadoop-ozone/integration-test/target/test-dir/MiniOzoneClusterImpl-daa96565-427e-4fca-a993-08525edc6fa6/datanode-3/data/ratis
2021-08-26 17:31:37,402 [Listener at 127.0.0.1/35991] INFO  ozoneimpl.ContainerReader (ContainerReader.java:<init>(98)) - Running in upgrade mode:true
2021-08-26 17:31:37,402 [Thread-166] INFO  ozoneimpl.ContainerReader (ContainerReader.java:readVolume(142)) - Start to verify containers on volume /home/runner/work/ozone/ozone/hadoop-ozone/integration-test/target/test-dir/MiniOzoneClusterImpl-daa96565-427e-4fca-a993-08525edc6fa6/datanode-3/data-0/containers/hdds
2021-08-26 17:31:37,403 [Thread-166] INFO  ozoneimpl.ContainerReader (ContainerReader.java:readVolume(174)) - Finish verifying containers on volume /home/runner/work/ozone/ozone/hadoop-ozone/integration-test/target/test-dir/MiniOzoneClusterImpl-daa96565-427e-4fca-a993-08525edc6fa6/datanode-3/data-0/containers/hdds
2021-08-26 17:31:37,403 [Listener at 127.0.0.1/35991] INFO  ozoneimpl.OzoneContainer (OzoneContainer.java:buildContainerSet(237)) - Build ContainerSet costs 0s
2021-08-26 17:31:37,406 [Listener at 127.0.0.1/35991] INFO  server.RaftServer (ConfUtils.java:logGet(44)) - raft.rpc.type = GRPC (default)
2021-08-26 17:31:37,406 [Listener at 127.0.0.1/35991] INFO  grpc.GrpcFactory (GrpcFactory.java:checkPooledByteBufAllocatorUseCacheForAllThreads(48)) - PERFORMANCE WARNING: useCacheForAllThreads is true that may cause Netty to create a lot garbage objects and, as a result, trigger GC.
	It is recommended to disable useCacheForAllThreads by setting -Dorg.apache.ratis.thirdparty.io.netty.allocator.useCacheForAllThreads=false in command line.
2021-08-26 17:31:37,406 [Listener at 127.0.0.1/35991] INFO  grpc.GrpcConfigKeys (ConfUtils.java:logGet(44)) - raft.grpc.admin.port = 0 (custom)
2021-08-26 17:31:37,406 [Listener at 127.0.0.1/35991] INFO  grpc.GrpcConfigKeys (ConfUtils.java:logGet(44)) - raft.grpc.client.port = 0 (custom)
2021-08-26 17:31:37,406 [Listener at 127.0.0.1/35991] INFO  grpc.GrpcConfigKeys (ConfUtils.java:logGet(44)) - raft.grpc.server.port = 0 (default)
2021-08-26 17:31:37,406 [Listener at 127.0.0.1/35991] INFO  server.GrpcService (ConfUtils.java:logGet(44)) - raft.grpc.message.size.max = 32MB (=33554432) (custom)
2021-08-26 17:31:37,406 [Listener at 127.0.0.1/35991] INFO  server.RaftServerConfigKeys (ConfUtils.java:logGet(44)) - raft.server.log.appender.buffer.byte-limit = 33554432 (custom)
2021-08-26 17:31:37,407 [Listener at 127.0.0.1/35991] INFO  server.GrpcService (ConfUtils.java:logGet(44)) - raft.grpc.flow.control.window = 5MB (=5242880) (custom)
2021-08-26 17:31:37,407 [Listener at 127.0.0.1/35991] INFO  server.RaftServerConfigKeys (ConfUtils.java:logGet(44)) - raft.server.rpc.request.timeout = 3000ms (default)
2021-08-26 17:31:37,408 [Listener at 127.0.0.1/35991] INFO  impl.DataStreamServerImpl (ConfUtils.java:logGet(44)) - raft.datastream.type = DISABLED (default)
2021-08-26 17:31:37,408 [Listener at 127.0.0.1/35991] INFO  server.RaftServerConfigKeys (ConfUtils.java:logGet(44)) - raft.server.rpc.slowness.timeout = 300000ms (custom)
2021-08-26 17:31:37,408 [Listener at 127.0.0.1/35991] INFO  server.RaftServerConfigKeys (ConfUtils.java:logGet(44)) - raft.server.leaderelection.leader.step-down.wait-time = 10s (default)
2021-08-26 17:31:37,408 [Listener at 127.0.0.1/35991] INFO  server.RaftServerConfigKeys (ConfUtils.java:logGet(44)) - raft.server.storage.dir = [/home/runner/work/ozone/ozone/hadoop-ozone/integration-test/target/test-dir/MiniOzoneClusterImpl-daa96565-427e-4fca-a993-08525edc6fa6/datanode-3/data/ratis] (custom)
2021-08-26 17:31:37,415 [Listener at 127.0.0.1/35991] INFO  http.BaseHttpServer (BaseHttpServer.java:newHttpServer2BuilderForOzone(209)) - Starting Web-server for hddsDatanode at: http://0.0.0.0:0
2021-08-26 17:31:37,415 [Listener at 127.0.0.1/35991] INFO  http.BaseHttpServer (BaseHttpServer.java:<init>(107)) - Hadoop Security Enabled: false Ozone Security Enabled: false Ozone HTTP Security Enabled: false 
2021-08-26 17:31:37,416 [Listener at 127.0.0.1/35991] INFO  server.AuthenticationFilter (AuthenticationFilter.java:constructSecretProvider(240)) - Unable to initialize FileSignerSecretProvider, falling back to use random secrets.
2021-08-26 17:31:37,423 [Listener at 127.0.0.1/35991] WARN  http.HttpRequestLog (HttpRequestLog.java:getRequestLog(103)) - Jetty request log can only be enabled using Log4j
2021-08-26 17:31:37,424 [Listener at 127.0.0.1/35991] INFO  http.HttpServer2 (HttpServer2.java:addGlobalFilter(1030)) - Added global filter 'safety' (class=org.apache.hadoop.hdds.server.http.HttpServer2$QuotingInputFilter)
2021-08-26 17:31:37,425 [Listener at 127.0.0.1/35991] INFO  http.HttpServer2 (HttpServer2.java:addFilter(1006)) - Added filter static_user_filter (class=org.apache.hadoop.http.lib.StaticUserWebFilter$StaticUserFilter) to context hddsDatanode
2021-08-26 17:31:37,426 [Listener at 127.0.0.1/35991] INFO  http.HttpServer2 (HttpServer2.java:addFilter(1014)) - Added filter static_user_filter (class=org.apache.hadoop.http.lib.StaticUserWebFilter$StaticUserFilter) to context static
2021-08-26 17:31:37,426 [Listener at 127.0.0.1/35991] INFO  http.HttpServer2 (HttpServer2.java:addFilter(1014)) - Added filter static_user_filter (class=org.apache.hadoop.http.lib.StaticUserWebFilter$StaticUserFilter) to context logs
2021-08-26 17:31:37,426 [Listener at 127.0.0.1/35991] INFO  http.HttpServer2 (HttpServer2.java:bindListener(1249)) - Jetty bound to port 44123
2021-08-26 17:31:37,426 [Listener at 127.0.0.1/35991] INFO  server.Server (Server.java:doStart(375)) - jetty-9.4.43.v20210629; built: 2021-06-30T11:07:22.254Z; git: 526006ecfa3af7f1a27ef3a288e2bef7ea9dd7e8; jvm 1.8.0_292-b10
2021-08-26 17:31:37,428 [Listener at 127.0.0.1/35991] INFO  server.session (DefaultSessionIdManager.java:doStart(334)) - DefaultSessionIdManager workerName=node0
2021-08-26 17:31:37,428 [Listener at 127.0.0.1/35991] INFO  server.session (DefaultSessionIdManager.java:doStart(339)) - No SessionScavenger set, using defaults
2021-08-26 17:31:37,428 [Listener at 127.0.0.1/35991] INFO  server.session (HouseKeeper.java:startScavenging(132)) - node0 Scavenging every 660000ms
2021-08-26 17:31:37,430 [Listener at 127.0.0.1/35991] INFO  handler.ContextHandler (ContextHandler.java:doStart(915)) - Started o.e.j.s.ServletContextHandler@53209fe{logs,/logs,file:///home/runner/work/ozone/ozone/hadoop-ozone/integration-test/target/log,AVAILABLE}
2021-08-26 17:31:37,431 [Listener at 127.0.0.1/35991] INFO  handler.ContextHandler (ContextHandler.java:doStart(915)) - Started o.e.j.s.ServletContextHandler@1ea3b687{static,/static,jar:file:/home/runner/.m2/repository/org/apache/ozone/hdds-container-service/1.2.0-SNAPSHOT/hdds-container-service-1.2.0-SNAPSHOT.jar!/webapps/static,AVAILABLE}
2021-08-26 17:31:37,470 [Listener at 127.0.0.1/35991] INFO  handler.ContextHandler (ContextHandler.java:doStart(915)) - Started o.e.j.w.WebAppContext@6383d1e0{hddsDatanode,/,file:///tmp/jetty-0_0_0_0-44123-hdds-container-service-1_2_0-SNAPSHOT_jar-_-any-1682792897255956851/webapp/,AVAILABLE}{jar:file:/home/runner/.m2/repository/org/apache/ozone/hdds-container-service/1.2.0-SNAPSHOT/hdds-container-service-1.2.0-SNAPSHOT.jar!/webapps/hddsDatanode}
2021-08-26 17:31:37,471 [Listener at 127.0.0.1/35991] INFO  server.AbstractConnector (AbstractConnector.java:doStart(331)) - Started ServerConnector@29b5b602{HTTP/1.1, (http/1.1)}{0.0.0.0:44123}
2021-08-26 17:31:37,472 [Listener at 127.0.0.1/35991] INFO  server.Server (Server.java:doStart(415)) - Started @8539ms
2021-08-26 17:31:37,472 [Listener at 127.0.0.1/35991] WARN  impl.MetricsSystemImpl (MetricsSystemImpl.java:register(279)) - Sink prometheus already exists!
2021-08-26 17:31:37,473 [Listener at 127.0.0.1/35991] INFO  http.BaseHttpServer (BaseHttpServer.java:updateConnectorAddress(329)) - HTTP server of hddsDatanode listening at http://0.0.0.0:44123
2021-08-26 17:31:37,474 [Listener at 127.0.0.1/35991] WARN  impl.MetricRegistriesImpl (MetricRegistriesImpl.java:addReporterRegistration(111)) - New reporters are added after registries were created. Some metrics will be missing from the reporter. Please add reporter before adding any new registry.
2021-08-26 17:31:37,474 [Listener at 127.0.0.1/35991] WARN  impl.MetricRegistriesImpl (MetricRegistriesImpl.java:addReporterRegistration(111)) - New reporters are added after registries were created. Some metrics will be missing from the reporter. Please add reporter before adding any new registry.
2021-08-26 17:31:37,474 [Listener at 127.0.0.1/35991] INFO  impl.MetricsSystemImpl (MetricsSystemImpl.java:init(158)) - HddsDatanode metrics system started (again)
2021-08-26 17:31:37,494 [org.apache.hadoop.util.JvmPauseMonitor$Monitor@5ac30438] INFO  util.JvmPauseMonitor (JvmPauseMonitor.java:run(188)) - Starting JVM pause monitor
2021-08-26 17:31:37,496 [Datanode State Machine Task Thread - 0] INFO  datanode.InitDatanodeState (InitDatanodeState.java:persistContainerDatanodeDetails(145)) - DatanodeDetails is persisted to /home/runner/work/ozone/ozone/hadoop-ozone/integration-test/target/test-dir/MiniOzoneClusterImpl-daa96565-427e-4fca-a993-08525edc6fa6/datanode-3/meta/datanode.id
2021-08-26 17:31:37,498 [Listener at 127.0.0.1/35991] INFO  ozone.HddsDatanodeService (HddsDatanodeService.java:start(234)) - HddsDatanodeService host:fv-az122-729.zf1tlrj3kn4expqppa1j4mpycf.xx.internal.cloudapp.net ip:10.1.0.42
2021-08-26 17:31:37,518 [Listener at 127.0.0.1/35991] INFO  upgrade.AbstractLayoutVersionManager (AbstractLayoutVersionManager.java:init(70)) - Initializing Layout version manager with metadata layout = SCM_HA (version = 2), software layout = SCM_HA (version = 2)
2021-08-26 17:31:37,556 [Listener at 127.0.0.1/35991] INFO  reflections.Reflections (Reflections.java:scan(232)) - Reflections took 37 ms to scan 7 urls, producing 120 keys and 275 values 
2021-08-26 17:31:37,560 [Listener at 127.0.0.1/35991] INFO  volume.HddsVolume (HddsVolume.java:<init>(120)) - Creating HddsVolume: /home/runner/work/ozone/ozone/hadoop-ozone/integration-test/target/test-dir/MiniOzoneClusterImpl-daa96565-427e-4fca-a993-08525edc6fa6/datanode-4/data-0/containers/hdds of storage type : DISK capacity : 9223372036854775807
2021-08-26 17:31:37,560 [Listener at 127.0.0.1/35991] INFO  volume.MutableVolumeSet (MutableVolumeSet.java:initializeVolumeSet(181)) - Added Volume : /home/runner/work/ozone/ozone/hadoop-ozone/integration-test/target/test-dir/MiniOzoneClusterImpl-daa96565-427e-4fca-a993-08525edc6fa6/datanode-4/data-0/containers/hdds to VolumeSet
2021-08-26 17:31:37,560 [Listener at 127.0.0.1/35991] INFO  volume.ThrottledAsyncChecker (ThrottledAsyncChecker.java:schedule(141)) - Scheduling a check for /home/runner/work/ozone/ozone/hadoop-ozone/integration-test/target/test-dir/MiniOzoneClusterImpl-daa96565-427e-4fca-a993-08525edc6fa6/datanode-4/data-0/containers/hdds
2021-08-26 17:31:37,561 [Listener at 127.0.0.1/35991] INFO  volume.StorageVolumeChecker (StorageVolumeChecker.java:checkAllVolumes(202)) - Scheduled health check for volume /home/runner/work/ozone/ozone/hadoop-ozone/integration-test/target/test-dir/MiniOzoneClusterImpl-daa96565-427e-4fca-a993-08525edc6fa6/datanode-4/data-0/containers/hdds
2021-08-26 17:31:37,575 [Listener at 127.0.0.1/35991] INFO  volume.MutableVolumeSet (MutableVolumeSet.java:initializeVolumeSet(181)) - Added Volume : /home/runner/work/ozone/ozone/hadoop-ozone/integration-test/target/test-dir/MiniOzoneClusterImpl-daa96565-427e-4fca-a993-08525edc6fa6/datanode-4/data/ratis to VolumeSet
2021-08-26 17:31:37,576 [Listener at 127.0.0.1/35991] INFO  volume.ThrottledAsyncChecker (ThrottledAsyncChecker.java:schedule(141)) - Scheduling a check for /home/runner/work/ozone/ozone/hadoop-ozone/integration-test/target/test-dir/MiniOzoneClusterImpl-daa96565-427e-4fca-a993-08525edc6fa6/datanode-4/data/ratis
2021-08-26 17:31:37,576 [Listener at 127.0.0.1/35991] INFO  volume.StorageVolumeChecker (StorageVolumeChecker.java:checkAllVolumes(202)) - Scheduled health check for volume /home/runner/work/ozone/ozone/hadoop-ozone/integration-test/target/test-dir/MiniOzoneClusterImpl-daa96565-427e-4fca-a993-08525edc6fa6/datanode-4/data/ratis
2021-08-26 17:31:37,588 [Listener at 127.0.0.1/35991] INFO  ozoneimpl.ContainerReader (ContainerReader.java:<init>(98)) - Running in upgrade mode:true
2021-08-26 17:31:37,589 [Thread-178] INFO  ozoneimpl.ContainerReader (ContainerReader.java:readVolume(142)) - Start to verify containers on volume /home/runner/work/ozone/ozone/hadoop-ozone/integration-test/target/test-dir/MiniOzoneClusterImpl-daa96565-427e-4fca-a993-08525edc6fa6/datanode-4/data-0/containers/hdds
2021-08-26 17:31:37,589 [Thread-178] INFO  ozoneimpl.ContainerReader (ContainerReader.java:readVolume(174)) - Finish verifying containers on volume /home/runner/work/ozone/ozone/hadoop-ozone/integration-test/target/test-dir/MiniOzoneClusterImpl-daa96565-427e-4fca-a993-08525edc6fa6/datanode-4/data-0/containers/hdds
2021-08-26 17:31:37,589 [Listener at 127.0.0.1/35991] INFO  ozoneimpl.OzoneContainer (OzoneContainer.java:buildContainerSet(237)) - Build ContainerSet costs 0s
2021-08-26 17:31:37,593 [Listener at 127.0.0.1/35991] INFO  server.RaftServer (ConfUtils.java:logGet(44)) - raft.rpc.type = GRPC (default)
2021-08-26 17:31:37,593 [Listener at 127.0.0.1/35991] INFO  grpc.GrpcFactory (GrpcFactory.java:checkPooledByteBufAllocatorUseCacheForAllThreads(48)) - PERFORMANCE WARNING: useCacheForAllThreads is true that may cause Netty to create a lot garbage objects and, as a result, trigger GC.
	It is recommended to disable useCacheForAllThreads by setting -Dorg.apache.ratis.thirdparty.io.netty.allocator.useCacheForAllThreads=false in command line.
2021-08-26 17:31:37,594 [Listener at 127.0.0.1/35991] INFO  grpc.GrpcConfigKeys (ConfUtils.java:logGet(44)) - raft.grpc.admin.port = 0 (custom)
2021-08-26 17:31:37,594 [Listener at 127.0.0.1/35991] INFO  grpc.GrpcConfigKeys (ConfUtils.java:logGet(44)) - raft.grpc.client.port = 0 (custom)
2021-08-26 17:31:37,594 [Listener at 127.0.0.1/35991] INFO  grpc.GrpcConfigKeys (ConfUtils.java:logGet(44)) - raft.grpc.server.port = 0 (default)
2021-08-26 17:31:37,594 [Listener at 127.0.0.1/35991] INFO  server.GrpcService (ConfUtils.java:logGet(44)) - raft.grpc.message.size.max = 32MB (=33554432) (custom)
2021-08-26 17:31:37,594 [Listener at 127.0.0.1/35991] INFO  server.RaftServerConfigKeys (ConfUtils.java:logGet(44)) - raft.server.log.appender.buffer.byte-limit = 33554432 (custom)
2021-08-26 17:31:37,594 [Listener at 127.0.0.1/35991] INFO  server.GrpcService (ConfUtils.java:logGet(44)) - raft.grpc.flow.control.window = 5MB (=5242880) (custom)
2021-08-26 17:31:37,595 [Listener at 127.0.0.1/35991] INFO  server.RaftServerConfigKeys (ConfUtils.java:logGet(44)) - raft.server.rpc.request.timeout = 3000ms (default)
2021-08-26 17:31:37,596 [Listener at 127.0.0.1/35991] INFO  impl.DataStreamServerImpl (ConfUtils.java:logGet(44)) - raft.datastream.type = DISABLED (default)
2021-08-26 17:31:37,596 [Listener at 127.0.0.1/35991] INFO  server.RaftServerConfigKeys (ConfUtils.java:logGet(44)) - raft.server.rpc.slowness.timeout = 300000ms (custom)
2021-08-26 17:31:37,596 [Listener at 127.0.0.1/35991] INFO  server.RaftServerConfigKeys (ConfUtils.java:logGet(44)) - raft.server.leaderelection.leader.step-down.wait-time = 10s (default)
2021-08-26 17:31:37,596 [Listener at 127.0.0.1/35991] INFO  server.RaftServerConfigKeys (ConfUtils.java:logGet(44)) - raft.server.storage.dir = [/home/runner/work/ozone/ozone/hadoop-ozone/integration-test/target/test-dir/MiniOzoneClusterImpl-daa96565-427e-4fca-a993-08525edc6fa6/datanode-4/data/ratis] (custom)
2021-08-26 17:31:37,599 [Listener at 127.0.0.1/35991] INFO  http.BaseHttpServer (BaseHttpServer.java:newHttpServer2BuilderForOzone(209)) - Starting Web-server for hddsDatanode at: http://0.0.0.0:0
2021-08-26 17:31:37,599 [Listener at 127.0.0.1/35991] INFO  http.BaseHttpServer (BaseHttpServer.java:<init>(107)) - Hadoop Security Enabled: false Ozone Security Enabled: false Ozone HTTP Security Enabled: false 
2021-08-26 17:31:37,600 [Listener at 127.0.0.1/35991] INFO  server.AuthenticationFilter (AuthenticationFilter.java:constructSecretProvider(240)) - Unable to initialize FileSignerSecretProvider, falling back to use random secrets.
2021-08-26 17:31:37,603 [Listener at 127.0.0.1/35991] WARN  http.HttpRequestLog (HttpRequestLog.java:getRequestLog(103)) - Jetty request log can only be enabled using Log4j
2021-08-26 17:31:37,604 [Listener at 127.0.0.1/35991] INFO  http.HttpServer2 (HttpServer2.java:addGlobalFilter(1030)) - Added global filter 'safety' (class=org.apache.hadoop.hdds.server.http.HttpServer2$QuotingInputFilter)
2021-08-26 17:31:37,605 [Listener at 127.0.0.1/35991] INFO  http.HttpServer2 (HttpServer2.java:addFilter(1006)) - Added filter static_user_filter (class=org.apache.hadoop.http.lib.StaticUserWebFilter$StaticUserFilter) to context hddsDatanode
2021-08-26 17:31:37,605 [Listener at 127.0.0.1/35991] INFO  http.HttpServer2 (HttpServer2.java:addFilter(1014)) - Added filter static_user_filter (class=org.apache.hadoop.http.lib.StaticUserWebFilter$StaticUserFilter) to context logs
2021-08-26 17:31:37,605 [Listener at 127.0.0.1/35991] INFO  http.HttpServer2 (HttpServer2.java:addFilter(1014)) - Added filter static_user_filter (class=org.apache.hadoop.http.lib.StaticUserWebFilter$StaticUserFilter) to context static
2021-08-26 17:31:37,606 [Listener at 127.0.0.1/35991] INFO  http.HttpServer2 (HttpServer2.java:bindListener(1249)) - Jetty bound to port 41975
2021-08-26 17:31:37,606 [Listener at 127.0.0.1/35991] INFO  server.Server (Server.java:doStart(375)) - jetty-9.4.43.v20210629; built: 2021-06-30T11:07:22.254Z; git: 526006ecfa3af7f1a27ef3a288e2bef7ea9dd7e8; jvm 1.8.0_292-b10
2021-08-26 17:31:37,613 [Listener at 127.0.0.1/35991] INFO  server.session (DefaultSessionIdManager.java:doStart(334)) - DefaultSessionIdManager workerName=node0
2021-08-26 17:31:37,613 [Listener at 127.0.0.1/35991] INFO  server.session (DefaultSessionIdManager.java:doStart(339)) - No SessionScavenger set, using defaults
2021-08-26 17:31:37,613 [Listener at 127.0.0.1/35991] INFO  server.session (HouseKeeper.java:startScavenging(132)) - node0 Scavenging every 600000ms
2021-08-26 17:31:37,614 [Listener at 127.0.0.1/35991] INFO  handler.ContextHandler (ContextHandler.java:doStart(915)) - Started o.e.j.s.ServletContextHandler@2fc2a3e9{logs,/logs,file:///home/runner/work/ozone/ozone/hadoop-ozone/integration-test/target/log,AVAILABLE}
2021-08-26 17:31:37,614 [Listener at 127.0.0.1/35991] INFO  handler.ContextHandler (ContextHandler.java:doStart(915)) - Started o.e.j.s.ServletContextHandler@45691af2{static,/static,jar:file:/home/runner/.m2/repository/org/apache/ozone/hdds-container-service/1.2.0-SNAPSHOT/hdds-container-service-1.2.0-SNAPSHOT.jar!/webapps/static,AVAILABLE}
2021-08-26 17:31:37,654 [Listener at 127.0.0.1/35991] INFO  handler.ContextHandler (ContextHandler.java:doStart(915)) - Started o.e.j.w.WebAppContext@4ffd1321{hddsDatanode,/,file:///tmp/jetty-0_0_0_0-41975-hdds-container-service-1_2_0-SNAPSHOT_jar-_-any-8747003042987970806/webapp/,AVAILABLE}{jar:file:/home/runner/.m2/repository/org/apache/ozone/hdds-container-service/1.2.0-SNAPSHOT/hdds-container-service-1.2.0-SNAPSHOT.jar!/webapps/hddsDatanode}
2021-08-26 17:31:37,655 [Listener at 127.0.0.1/35991] INFO  server.AbstractConnector (AbstractConnector.java:doStart(331)) - Started ServerConnector@61cfff35{HTTP/1.1, (http/1.1)}{0.0.0.0:41975}
2021-08-26 17:31:37,655 [Listener at 127.0.0.1/35991] INFO  server.Server (Server.java:doStart(415)) - Started @8723ms
2021-08-26 17:31:37,655 [Listener at 127.0.0.1/35991] WARN  impl.MetricsSystemImpl (MetricsSystemImpl.java:register(279)) - Sink prometheus already exists!
2021-08-26 17:31:37,656 [Listener at 127.0.0.1/35991] INFO  http.BaseHttpServer (BaseHttpServer.java:updateConnectorAddress(329)) - HTTP server of hddsDatanode listening at http://0.0.0.0:41975
2021-08-26 17:31:37,656 [Listener at 127.0.0.1/35991] WARN  impl.MetricRegistriesImpl (MetricRegistriesImpl.java:addReporterRegistration(111)) - New reporters are added after registries were created. Some metrics will be missing from the reporter. Please add reporter before adding any new registry.
2021-08-26 17:31:37,657 [Listener at 127.0.0.1/35991] WARN  impl.MetricRegistriesImpl (MetricRegistriesImpl.java:addReporterRegistration(111)) - New reporters are added after registries were created. Some metrics will be missing from the reporter. Please add reporter before adding any new registry.
2021-08-26 17:31:37,657 [Listener at 127.0.0.1/35991] INFO  impl.MetricsSystemImpl (MetricsSystemImpl.java:init(158)) - HddsDatanode metrics system started (again)
2021-08-26 17:31:37,670 [Listener at 127.0.0.1/35991] INFO  ozone.HddsDatanodeService (HddsDatanodeService.java:start(234)) - HddsDatanodeService host:fv-az122-729.zf1tlrj3kn4expqppa1j4mpycf.xx.internal.cloudapp.net ip:10.1.0.42
2021-08-26 17:31:37,686 [org.apache.hadoop.util.JvmPauseMonitor$Monitor@2cf1a7fd] INFO  util.JvmPauseMonitor (JvmPauseMonitor.java:run(188)) - Starting JVM pause monitor
2021-08-26 17:31:37,689 [Datanode State Machine Task Thread - 0] INFO  datanode.InitDatanodeState (InitDatanodeState.java:persistContainerDatanodeDetails(145)) - DatanodeDetails is persisted to /home/runner/work/ozone/ozone/hadoop-ozone/integration-test/target/test-dir/MiniOzoneClusterImpl-daa96565-427e-4fca-a993-08525edc6fa6/datanode-4/meta/datanode.id
2021-08-26 17:31:37,699 [Listener at 127.0.0.1/35991] INFO  upgrade.AbstractLayoutVersionManager (AbstractLayoutVersionManager.java:init(70)) - Initializing Layout version manager with metadata layout = SCM_HA (version = 2), software layout = SCM_HA (version = 2)
2021-08-26 17:31:37,739 [Listener at 127.0.0.1/35991] INFO  reflections.Reflections (Reflections.java:scan(232)) - Reflections took 39 ms to scan 7 urls, producing 120 keys and 275 values 
2021-08-26 17:31:37,744 [Listener at 127.0.0.1/35991] INFO  volume.HddsVolume (HddsVolume.java:<init>(120)) - Creating HddsVolume: /home/runner/work/ozone/ozone/hadoop-ozone/integration-test/target/test-dir/MiniOzoneClusterImpl-daa96565-427e-4fca-a993-08525edc6fa6/datanode-5/data-0/containers/hdds of storage type : DISK capacity : 9223372036854775807
2021-08-26 17:31:37,744 [Listener at 127.0.0.1/35991] INFO  volume.MutableVolumeSet (MutableVolumeSet.java:initializeVolumeSet(181)) - Added Volume : /home/runner/work/ozone/ozone/hadoop-ozone/integration-test/target/test-dir/MiniOzoneClusterImpl-daa96565-427e-4fca-a993-08525edc6fa6/datanode-5/data-0/containers/hdds to VolumeSet
2021-08-26 17:31:37,744 [Listener at 127.0.0.1/35991] INFO  volume.ThrottledAsyncChecker (ThrottledAsyncChecker.java:schedule(141)) - Scheduling a check for /home/runner/work/ozone/ozone/hadoop-ozone/integration-test/target/test-dir/MiniOzoneClusterImpl-daa96565-427e-4fca-a993-08525edc6fa6/datanode-5/data-0/containers/hdds
2021-08-26 17:31:37,751 [Listener at 127.0.0.1/35991] INFO  volume.StorageVolumeChecker (StorageVolumeChecker.java:checkAllVolumes(202)) - Scheduled health check for volume /home/runner/work/ozone/ozone/hadoop-ozone/integration-test/target/test-dir/MiniOzoneClusterImpl-daa96565-427e-4fca-a993-08525edc6fa6/datanode-5/data-0/containers/hdds
2021-08-26 17:31:37,764 [Listener at 127.0.0.1/35991] INFO  volume.MutableVolumeSet (MutableVolumeSet.java:initializeVolumeSet(181)) - Added Volume : /home/runner/work/ozone/ozone/hadoop-ozone/integration-test/target/test-dir/MiniOzoneClusterImpl-daa96565-427e-4fca-a993-08525edc6fa6/datanode-5/data/ratis to VolumeSet
2021-08-26 17:31:37,764 [Listener at 127.0.0.1/35991] INFO  volume.ThrottledAsyncChecker (ThrottledAsyncChecker.java:schedule(141)) - Scheduling a check for /home/runner/work/ozone/ozone/hadoop-ozone/integration-test/target/test-dir/MiniOzoneClusterImpl-daa96565-427e-4fca-a993-08525edc6fa6/datanode-5/data/ratis
2021-08-26 17:31:37,764 [Listener at 127.0.0.1/35991] INFO  volume.StorageVolumeChecker (StorageVolumeChecker.java:checkAllVolumes(202)) - Scheduled health check for volume /home/runner/work/ozone/ozone/hadoop-ozone/integration-test/target/test-dir/MiniOzoneClusterImpl-daa96565-427e-4fca-a993-08525edc6fa6/datanode-5/data/ratis
2021-08-26 17:31:37,776 [Listener at 127.0.0.1/35991] INFO  ozoneimpl.ContainerReader (ContainerReader.java:<init>(98)) - Running in upgrade mode:true
2021-08-26 17:31:37,777 [Thread-190] INFO  ozoneimpl.ContainerReader (ContainerReader.java:readVolume(142)) - Start to verify containers on volume /home/runner/work/ozone/ozone/hadoop-ozone/integration-test/target/test-dir/MiniOzoneClusterImpl-daa96565-427e-4fca-a993-08525edc6fa6/datanode-5/data-0/containers/hdds
2021-08-26 17:31:37,777 [Thread-190] INFO  ozoneimpl.ContainerReader (ContainerReader.java:readVolume(174)) - Finish verifying containers on volume /home/runner/work/ozone/ozone/hadoop-ozone/integration-test/target/test-dir/MiniOzoneClusterImpl-daa96565-427e-4fca-a993-08525edc6fa6/datanode-5/data-0/containers/hdds
2021-08-26 17:31:37,777 [Listener at 127.0.0.1/35991] INFO  ozoneimpl.OzoneContainer (OzoneContainer.java:buildContainerSet(237)) - Build ContainerSet costs 0s
2021-08-26 17:31:37,779 [Listener at 127.0.0.1/35991] INFO  server.RaftServer (ConfUtils.java:logGet(44)) - raft.rpc.type = GRPC (default)
2021-08-26 17:31:37,779 [Listener at 127.0.0.1/35991] INFO  grpc.GrpcFactory (GrpcFactory.java:checkPooledByteBufAllocatorUseCacheForAllThreads(48)) - PERFORMANCE WARNING: useCacheForAllThreads is true that may cause Netty to create a lot garbage objects and, as a result, trigger GC.
	It is recommended to disable useCacheForAllThreads by setting -Dorg.apache.ratis.thirdparty.io.netty.allocator.useCacheForAllThreads=false in command line.
2021-08-26 17:31:37,780 [Listener at 127.0.0.1/35991] INFO  grpc.GrpcConfigKeys (ConfUtils.java:logGet(44)) - raft.grpc.admin.port = 0 (custom)
2021-08-26 17:31:37,780 [Listener at 127.0.0.1/35991] INFO  grpc.GrpcConfigKeys (ConfUtils.java:logGet(44)) - raft.grpc.client.port = 0 (custom)
2021-08-26 17:31:37,780 [Listener at 127.0.0.1/35991] INFO  grpc.GrpcConfigKeys (ConfUtils.java:logGet(44)) - raft.grpc.server.port = 0 (default)
2021-08-26 17:31:37,780 [Listener at 127.0.0.1/35991] INFO  server.GrpcService (ConfUtils.java:logGet(44)) - raft.grpc.message.size.max = 32MB (=33554432) (custom)
2021-08-26 17:31:37,780 [Listener at 127.0.0.1/35991] INFO  server.RaftServerConfigKeys (ConfUtils.java:logGet(44)) - raft.server.log.appender.buffer.byte-limit = 33554432 (custom)
2021-08-26 17:31:37,780 [Listener at 127.0.0.1/35991] INFO  server.GrpcService (ConfUtils.java:logGet(44)) - raft.grpc.flow.control.window = 5MB (=5242880) (custom)
2021-08-26 17:31:37,780 [Listener at 127.0.0.1/35991] INFO  server.RaftServerConfigKeys (ConfUtils.java:logGet(44)) - raft.server.rpc.request.timeout = 3000ms (default)
2021-08-26 17:31:37,781 [Listener at 127.0.0.1/35991] INFO  impl.DataStreamServerImpl (ConfUtils.java:logGet(44)) - raft.datastream.type = DISABLED (default)
2021-08-26 17:31:37,781 [Listener at 127.0.0.1/35991] INFO  server.RaftServerConfigKeys (ConfUtils.java:logGet(44)) - raft.server.rpc.slowness.timeout = 300000ms (custom)
2021-08-26 17:31:37,781 [Listener at 127.0.0.1/35991] INFO  server.RaftServerConfigKeys (ConfUtils.java:logGet(44)) - raft.server.leaderelection.leader.step-down.wait-time = 10s (default)
2021-08-26 17:31:37,782 [Listener at 127.0.0.1/35991] INFO  server.RaftServerConfigKeys (ConfUtils.java:logGet(44)) - raft.server.storage.dir = [/home/runner/work/ozone/ozone/hadoop-ozone/integration-test/target/test-dir/MiniOzoneClusterImpl-daa96565-427e-4fca-a993-08525edc6fa6/datanode-5/data/ratis] (custom)
2021-08-26 17:31:37,788 [Listener at 127.0.0.1/35991] INFO  http.BaseHttpServer (BaseHttpServer.java:newHttpServer2BuilderForOzone(209)) - Starting Web-server for hddsDatanode at: http://0.0.0.0:0
2021-08-26 17:31:37,788 [Listener at 127.0.0.1/35991] INFO  http.BaseHttpServer (BaseHttpServer.java:<init>(107)) - Hadoop Security Enabled: false Ozone Security Enabled: false Ozone HTTP Security Enabled: false 
2021-08-26 17:31:37,790 [Listener at 127.0.0.1/35991] INFO  server.AuthenticationFilter (AuthenticationFilter.java:constructSecretProvider(240)) - Unable to initialize FileSignerSecretProvider, falling back to use random secrets.
2021-08-26 17:31:37,790 [Listener at 127.0.0.1/35991] WARN  http.HttpRequestLog (HttpRequestLog.java:getRequestLog(103)) - Jetty request log can only be enabled using Log4j
2021-08-26 17:31:37,791 [Listener at 127.0.0.1/35991] INFO  http.HttpServer2 (HttpServer2.java:addGlobalFilter(1030)) - Added global filter 'safety' (class=org.apache.hadoop.hdds.server.http.HttpServer2$QuotingInputFilter)
2021-08-26 17:31:37,792 [Listener at 127.0.0.1/35991] INFO  http.HttpServer2 (HttpServer2.java:addFilter(1006)) - Added filter static_user_filter (class=org.apache.hadoop.http.lib.StaticUserWebFilter$StaticUserFilter) to context hddsDatanode
2021-08-26 17:31:37,792 [Listener at 127.0.0.1/35991] INFO  http.HttpServer2 (HttpServer2.java:addFilter(1014)) - Added filter static_user_filter (class=org.apache.hadoop.http.lib.StaticUserWebFilter$StaticUserFilter) to context static
2021-08-26 17:31:37,792 [Listener at 127.0.0.1/35991] INFO  http.HttpServer2 (HttpServer2.java:addFilter(1014)) - Added filter static_user_filter (class=org.apache.hadoop.http.lib.StaticUserWebFilter$StaticUserFilter) to context logs
2021-08-26 17:31:37,792 [Listener at 127.0.0.1/35991] INFO  http.HttpServer2 (HttpServer2.java:bindListener(1249)) - Jetty bound to port 40609
2021-08-26 17:31:37,792 [Listener at 127.0.0.1/35991] INFO  server.Server (Server.java:doStart(375)) - jetty-9.4.43.v20210629; built: 2021-06-30T11:07:22.254Z; git: 526006ecfa3af7f1a27ef3a288e2bef7ea9dd7e8; jvm 1.8.0_292-b10
2021-08-26 17:31:37,800 [Listener at 127.0.0.1/35991] INFO  server.session (DefaultSessionIdManager.java:doStart(334)) - DefaultSessionIdManager workerName=node0
2021-08-26 17:31:37,801 [Listener at 127.0.0.1/35991] INFO  server.session (DefaultSessionIdManager.java:doStart(339)) - No SessionScavenger set, using defaults
2021-08-26 17:31:37,801 [Listener at 127.0.0.1/35991] INFO  server.session (HouseKeeper.java:startScavenging(132)) - node0 Scavenging every 600000ms
2021-08-26 17:31:37,803 [Listener at 127.0.0.1/35991] INFO  handler.ContextHandler (ContextHandler.java:doStart(915)) - Started o.e.j.s.ServletContextHandler@76a88e67{logs,/logs,file:///home/runner/work/ozone/ozone/hadoop-ozone/integration-test/target/log,AVAILABLE}
2021-08-26 17:31:37,804 [Listener at 127.0.0.1/35991] INFO  handler.ContextHandler (ContextHandler.java:doStart(915)) - Started o.e.j.s.ServletContextHandler@1bef21e2{static,/static,jar:file:/home/runner/.m2/repository/org/apache/ozone/hdds-container-service/1.2.0-SNAPSHOT/hdds-container-service-1.2.0-SNAPSHOT.jar!/webapps/static,AVAILABLE}
2021-08-26 17:31:37,847 [Listener at 127.0.0.1/35991] INFO  handler.ContextHandler (ContextHandler.java:doStart(915)) - Started o.e.j.w.WebAppContext@420b2603{hddsDatanode,/,file:///tmp/jetty-0_0_0_0-40609-hdds-container-service-1_2_0-SNAPSHOT_jar-_-any-273164802649967129/webapp/,AVAILABLE}{jar:file:/home/runner/.m2/repository/org/apache/ozone/hdds-container-service/1.2.0-SNAPSHOT/hdds-container-service-1.2.0-SNAPSHOT.jar!/webapps/hddsDatanode}
2021-08-26 17:31:37,849 [Listener at 127.0.0.1/35991] INFO  server.AbstractConnector (AbstractConnector.java:doStart(331)) - Started ServerConnector@5c4b832d{HTTP/1.1, (http/1.1)}{0.0.0.0:40609}
2021-08-26 17:31:37,849 [Listener at 127.0.0.1/35991] INFO  server.Server (Server.java:doStart(415)) - Started @8916ms
2021-08-26 17:31:37,849 [Listener at 127.0.0.1/35991] WARN  impl.MetricsSystemImpl (MetricsSystemImpl.java:register(279)) - Sink prometheus already exists!
2021-08-26 17:31:37,850 [Listener at 127.0.0.1/35991] INFO  http.BaseHttpServer (BaseHttpServer.java:updateConnectorAddress(329)) - HTTP server of hddsDatanode listening at http://0.0.0.0:40609
2021-08-26 17:31:37,850 [Listener at 127.0.0.1/35991] WARN  impl.MetricRegistriesImpl (MetricRegistriesImpl.java:addReporterRegistration(111)) - New reporters are added after registries were created. Some metrics will be missing from the reporter. Please add reporter before adding any new registry.
2021-08-26 17:31:37,850 [Listener at 127.0.0.1/35991] WARN  impl.MetricRegistriesImpl (MetricRegistriesImpl.java:addReporterRegistration(111)) - New reporters are added after registries were created. Some metrics will be missing from the reporter. Please add reporter before adding any new registry.
2021-08-26 17:31:37,850 [Listener at 127.0.0.1/35991] INFO  impl.MetricsSystemImpl (MetricsSystemImpl.java:init(158)) - HddsDatanode metrics system started (again)
2021-08-26 17:31:37,862 [org.apache.hadoop.util.JvmPauseMonitor$Monitor@46f3212b] INFO  util.JvmPauseMonitor (JvmPauseMonitor.java:run(188)) - Starting JVM pause monitor
2021-08-26 17:31:37,882 [Datanode State Machine Task Thread - 0] INFO  datanode.InitDatanodeState (InitDatanodeState.java:persistContainerDatanodeDetails(145)) - DatanodeDetails is persisted to /home/runner/work/ozone/ozone/hadoop-ozone/integration-test/target/test-dir/MiniOzoneClusterImpl-daa96565-427e-4fca-a993-08525edc6fa6/datanode-5/meta/datanode.id
2021-08-26 17:31:37,885 [Listener at 127.0.0.1/35991] INFO  ozone.HddsDatanodeService (HddsDatanodeService.java:start(234)) - HddsDatanodeService host:fv-az122-729.zf1tlrj3kn4expqppa1j4mpycf.xx.internal.cloudapp.net ip:10.1.0.42
2021-08-26 17:31:37,914 [Listener at 127.0.0.1/35991] INFO  upgrade.AbstractLayoutVersionManager (AbstractLayoutVersionManager.java:init(70)) - Initializing Layout version manager with metadata layout = SCM_HA (version = 2), software layout = SCM_HA (version = 2)
2021-08-26 17:31:37,951 [Listener at 127.0.0.1/35991] INFO  reflections.Reflections (Reflections.java:scan(232)) - Reflections took 36 ms to scan 7 urls, producing 120 keys and 275 values 
2021-08-26 17:31:37,956 [Listener at 127.0.0.1/35991] INFO  volume.HddsVolume (HddsVolume.java:<init>(120)) - Creating HddsVolume: /home/runner/work/ozone/ozone/hadoop-ozone/integration-test/target/test-dir/MiniOzoneClusterImpl-daa96565-427e-4fca-a993-08525edc6fa6/datanode-6/data-0/containers/hdds of storage type : DISK capacity : 9223372036854775807
2021-08-26 17:31:37,956 [Listener at 127.0.0.1/35991] INFO  volume.MutableVolumeSet (MutableVolumeSet.java:initializeVolumeSet(181)) - Added Volume : /home/runner/work/ozone/ozone/hadoop-ozone/integration-test/target/test-dir/MiniOzoneClusterImpl-daa96565-427e-4fca-a993-08525edc6fa6/datanode-6/data-0/containers/hdds to VolumeSet
2021-08-26 17:31:37,956 [Listener at 127.0.0.1/35991] INFO  volume.ThrottledAsyncChecker (ThrottledAsyncChecker.java:schedule(141)) - Scheduling a check for /home/runner/work/ozone/ozone/hadoop-ozone/integration-test/target/test-dir/MiniOzoneClusterImpl-daa96565-427e-4fca-a993-08525edc6fa6/datanode-6/data-0/containers/hdds
2021-08-26 17:31:37,962 [Listener at 127.0.0.1/35991] INFO  volume.StorageVolumeChecker (StorageVolumeChecker.java:checkAllVolumes(202)) - Scheduled health check for volume /home/runner/work/ozone/ozone/hadoop-ozone/integration-test/target/test-dir/MiniOzoneClusterImpl-daa96565-427e-4fca-a993-08525edc6fa6/datanode-6/data-0/containers/hdds
2021-08-26 17:31:37,976 [Listener at 127.0.0.1/35991] INFO  volume.MutableVolumeSet (MutableVolumeSet.java:initializeVolumeSet(181)) - Added Volume : /home/runner/work/ozone/ozone/hadoop-ozone/integration-test/target/test-dir/MiniOzoneClusterImpl-daa96565-427e-4fca-a993-08525edc6fa6/datanode-6/data/ratis to VolumeSet
2021-08-26 17:31:37,976 [Listener at 127.0.0.1/35991] INFO  volume.ThrottledAsyncChecker (ThrottledAsyncChecker.java:schedule(141)) - Scheduling a check for /home/runner/work/ozone/ozone/hadoop-ozone/integration-test/target/test-dir/MiniOzoneClusterImpl-daa96565-427e-4fca-a993-08525edc6fa6/datanode-6/data/ratis
2021-08-26 17:31:37,976 [Listener at 127.0.0.1/35991] INFO  volume.StorageVolumeChecker (StorageVolumeChecker.java:checkAllVolumes(202)) - Scheduled health check for volume /home/runner/work/ozone/ozone/hadoop-ozone/integration-test/target/test-dir/MiniOzoneClusterImpl-daa96565-427e-4fca-a993-08525edc6fa6/datanode-6/data/ratis
2021-08-26 17:31:37,988 [Listener at 127.0.0.1/35991] INFO  ozoneimpl.ContainerReader (ContainerReader.java:<init>(98)) - Running in upgrade mode:true
2021-08-26 17:31:37,988 [Thread-202] INFO  ozoneimpl.ContainerReader (ContainerReader.java:readVolume(142)) - Start to verify containers on volume /home/runner/work/ozone/ozone/hadoop-ozone/integration-test/target/test-dir/MiniOzoneClusterImpl-daa96565-427e-4fca-a993-08525edc6fa6/datanode-6/data-0/containers/hdds
2021-08-26 17:31:37,988 [Thread-202] INFO  ozoneimpl.ContainerReader (ContainerReader.java:readVolume(174)) - Finish verifying containers on volume /home/runner/work/ozone/ozone/hadoop-ozone/integration-test/target/test-dir/MiniOzoneClusterImpl-daa96565-427e-4fca-a993-08525edc6fa6/datanode-6/data-0/containers/hdds
2021-08-26 17:31:37,989 [Listener at 127.0.0.1/35991] INFO  ozoneimpl.OzoneContainer (OzoneContainer.java:buildContainerSet(237)) - Build ContainerSet costs 0s
2021-08-26 17:31:37,991 [Listener at 127.0.0.1/35991] INFO  server.RaftServer (ConfUtils.java:logGet(44)) - raft.rpc.type = GRPC (default)
2021-08-26 17:31:37,991 [Listener at 127.0.0.1/35991] INFO  grpc.GrpcFactory (GrpcFactory.java:checkPooledByteBufAllocatorUseCacheForAllThreads(48)) - PERFORMANCE WARNING: useCacheForAllThreads is true that may cause Netty to create a lot garbage objects and, as a result, trigger GC.
	It is recommended to disable useCacheForAllThreads by setting -Dorg.apache.ratis.thirdparty.io.netty.allocator.useCacheForAllThreads=false in command line.
2021-08-26 17:31:37,992 [Listener at 127.0.0.1/35991] INFO  grpc.GrpcConfigKeys (ConfUtils.java:logGet(44)) - raft.grpc.admin.port = 0 (custom)
2021-08-26 17:31:37,992 [Listener at 127.0.0.1/35991] INFO  grpc.GrpcConfigKeys (ConfUtils.java:logGet(44)) - raft.grpc.client.port = 0 (custom)
2021-08-26 17:31:37,992 [Listener at 127.0.0.1/35991] INFO  grpc.GrpcConfigKeys (ConfUtils.java:logGet(44)) - raft.grpc.server.port = 0 (default)
2021-08-26 17:31:37,992 [Listener at 127.0.0.1/35991] INFO  server.GrpcService (ConfUtils.java:logGet(44)) - raft.grpc.message.size.max = 32MB (=33554432) (custom)
2021-08-26 17:31:37,992 [Listener at 127.0.0.1/35991] INFO  server.RaftServerConfigKeys (ConfUtils.java:logGet(44)) - raft.server.log.appender.buffer.byte-limit = 33554432 (custom)
2021-08-26 17:31:37,992 [Listener at 127.0.0.1/35991] INFO  server.GrpcService (ConfUtils.java:logGet(44)) - raft.grpc.flow.control.window = 5MB (=5242880) (custom)
2021-08-26 17:31:37,992 [Listener at 127.0.0.1/35991] INFO  server.RaftServerConfigKeys (ConfUtils.java:logGet(44)) - raft.server.rpc.request.timeout = 3000ms (default)
2021-08-26 17:31:37,993 [Listener at 127.0.0.1/35991] INFO  impl.DataStreamServerImpl (ConfUtils.java:logGet(44)) - raft.datastream.type = DISABLED (default)
2021-08-26 17:31:37,993 [Listener at 127.0.0.1/35991] INFO  server.RaftServerConfigKeys (ConfUtils.java:logGet(44)) - raft.server.rpc.slowness.timeout = 300000ms (custom)
2021-08-26 17:31:37,993 [Listener at 127.0.0.1/35991] INFO  server.RaftServerConfigKeys (ConfUtils.java:logGet(44)) - raft.server.leaderelection.leader.step-down.wait-time = 10s (default)
2021-08-26 17:31:37,993 [Listener at 127.0.0.1/35991] INFO  server.RaftServerConfigKeys (ConfUtils.java:logGet(44)) - raft.server.storage.dir = [/home/runner/work/ozone/ozone/hadoop-ozone/integration-test/target/test-dir/MiniOzoneClusterImpl-daa96565-427e-4fca-a993-08525edc6fa6/datanode-6/data/ratis] (custom)
2021-08-26 17:31:37,997 [Listener at 127.0.0.1/35991] INFO  http.BaseHttpServer (BaseHttpServer.java:newHttpServer2BuilderForOzone(209)) - Starting Web-server for hddsDatanode at: http://0.0.0.0:0
2021-08-26 17:31:37,997 [Listener at 127.0.0.1/35991] INFO  http.BaseHttpServer (BaseHttpServer.java:<init>(107)) - Hadoop Security Enabled: false Ozone Security Enabled: false Ozone HTTP Security Enabled: false 
2021-08-26 17:31:37,998 [Listener at 127.0.0.1/35991] INFO  server.AuthenticationFilter (AuthenticationFilter.java:constructSecretProvider(240)) - Unable to initialize FileSignerSecretProvider, falling back to use random secrets.
2021-08-26 17:31:37,999 [Listener at 127.0.0.1/35991] WARN  http.HttpRequestLog (HttpRequestLog.java:getRequestLog(103)) - Jetty request log can only be enabled using Log4j
2021-08-26 17:31:38,000 [Listener at 127.0.0.1/35991] INFO  http.HttpServer2 (HttpServer2.java:addGlobalFilter(1030)) - Added global filter 'safety' (class=org.apache.hadoop.hdds.server.http.HttpServer2$QuotingInputFilter)
2021-08-26 17:31:38,001 [Listener at 127.0.0.1/35991] INFO  http.HttpServer2 (HttpServer2.java:addFilter(1006)) - Added filter static_user_filter (class=org.apache.hadoop.http.lib.StaticUserWebFilter$StaticUserFilter) to context hddsDatanode
2021-08-26 17:31:38,001 [Listener at 127.0.0.1/35991] INFO  http.HttpServer2 (HttpServer2.java:addFilter(1014)) - Added filter static_user_filter (class=org.apache.hadoop.http.lib.StaticUserWebFilter$StaticUserFilter) to context static
2021-08-26 17:31:38,001 [Listener at 127.0.0.1/35991] INFO  http.HttpServer2 (HttpServer2.java:addFilter(1014)) - Added filter static_user_filter (class=org.apache.hadoop.http.lib.StaticUserWebFilter$StaticUserFilter) to context logs
2021-08-26 17:31:38,001 [Listener at 127.0.0.1/35991] INFO  http.HttpServer2 (HttpServer2.java:bindListener(1249)) - Jetty bound to port 45955
2021-08-26 17:31:38,001 [Listener at 127.0.0.1/35991] INFO  server.Server (Server.java:doStart(375)) - jetty-9.4.43.v20210629; built: 2021-06-30T11:07:22.254Z; git: 526006ecfa3af7f1a27ef3a288e2bef7ea9dd7e8; jvm 1.8.0_292-b10
2021-08-26 17:31:38,007 [Listener at 127.0.0.1/35991] INFO  server.session (DefaultSessionIdManager.java:doStart(334)) - DefaultSessionIdManager workerName=node0
2021-08-26 17:31:38,007 [Listener at 127.0.0.1/35991] INFO  server.session (DefaultSessionIdManager.java:doStart(339)) - No SessionScavenger set, using defaults
2021-08-26 17:31:38,007 [Listener at 127.0.0.1/35991] INFO  server.session (HouseKeeper.java:startScavenging(132)) - node0 Scavenging every 600000ms
2021-08-26 17:31:38,008 [Listener at 127.0.0.1/35991] INFO  handler.ContextHandler (ContextHandler.java:doStart(915)) - Started o.e.j.s.ServletContextHandler@5e8ba172{logs,/logs,file:///home/runner/work/ozone/ozone/hadoop-ozone/integration-test/target/log,AVAILABLE}
2021-08-26 17:31:38,009 [Listener at 127.0.0.1/35991] INFO  handler.ContextHandler (ContextHandler.java:doStart(915)) - Started o.e.j.s.ServletContextHandler@2b1be81c{static,/static,jar:file:/home/runner/.m2/repository/org/apache/ozone/hdds-container-service/1.2.0-SNAPSHOT/hdds-container-service-1.2.0-SNAPSHOT.jar!/webapps/static,AVAILABLE}
2021-08-26 17:31:38,045 [Listener at 127.0.0.1/35991] INFO  handler.ContextHandler (ContextHandler.java:doStart(915)) - Started o.e.j.w.WebAppContext@416bc62e{hddsDatanode,/,file:///tmp/jetty-0_0_0_0-45955-hdds-container-service-1_2_0-SNAPSHOT_jar-_-any-8155557710462210537/webapp/,AVAILABLE}{jar:file:/home/runner/.m2/repository/org/apache/ozone/hdds-container-service/1.2.0-SNAPSHOT/hdds-container-service-1.2.0-SNAPSHOT.jar!/webapps/hddsDatanode}
2021-08-26 17:31:38,046 [Listener at 127.0.0.1/35991] INFO  server.AbstractConnector (AbstractConnector.java:doStart(331)) - Started ServerConnector@6a1ad730{HTTP/1.1, (http/1.1)}{0.0.0.0:45955}
2021-08-26 17:31:38,046 [Listener at 127.0.0.1/35991] INFO  server.Server (Server.java:doStart(415)) - Started @9114ms
2021-08-26 17:31:38,046 [Listener at 127.0.0.1/35991] WARN  impl.MetricsSystemImpl (MetricsSystemImpl.java:register(279)) - Sink prometheus already exists!
2021-08-26 17:31:38,047 [Listener at 127.0.0.1/35991] INFO  http.BaseHttpServer (BaseHttpServer.java:updateConnectorAddress(329)) - HTTP server of hddsDatanode listening at http://0.0.0.0:45955
2021-08-26 17:31:38,049 [Listener at 127.0.0.1/35991] INFO  ozone.MiniOzoneClusterImpl (MiniOzoneClusterImpl.java:lambda$waitForClusterToBeReady$0(235)) - Waiting for nodes to be ready. Got 0 of 7 DN Heartbeats.
2021-08-26 17:31:38,049 [Listener at 127.0.0.1/35991] INFO  ozone.MiniOzoneClusterImpl (MiniOzoneClusterImpl.java:lambda$waitForClusterToBeReady$0(238)) - Waiting for cluster to exit safe mode
2021-08-26 17:31:38,049 [Listener at 127.0.0.1/35991] INFO  ozone.MiniOzoneClusterImpl (MiniOzoneClusterImpl.java:lambda$waitForClusterToBeReady$0(240)) - SCM became leader
2021-08-26 17:31:38,052 [org.apache.hadoop.util.JvmPauseMonitor$Monitor@4e9e6917] INFO  util.JvmPauseMonitor (JvmPauseMonitor.java:run(188)) - Starting JVM pause monitor
2021-08-26 17:31:38,053 [Datanode State Machine Task Thread - 0] INFO  datanode.InitDatanodeState (InitDatanodeState.java:persistContainerDatanodeDetails(145)) - DatanodeDetails is persisted to /home/runner/work/ozone/ozone/hadoop-ozone/integration-test/target/test-dir/MiniOzoneClusterImpl-daa96565-427e-4fca-a993-08525edc6fa6/datanode-6/meta/datanode.id
2021-08-26 17:31:38,422 [EndpointStateMachine task thread for /0.0.0.0:43263 - 0 ] INFO  ozoneimpl.OzoneContainer (OzoneContainer.java:start(305)) - Attempting to start container services.
2021-08-26 17:31:38,424 [EndpointStateMachine task thread for /0.0.0.0:43263 - 0 ] INFO  ozoneimpl.OzoneContainer (OzoneContainer.java:startContainerScrub(250)) - Background container scanner has been disabled.
2021-08-26 17:31:38,426 [EndpointStateMachine task thread for /0.0.0.0:43263 - 0 ] INFO  replication.ReplicationServer (ReplicationServer.java:start(107)) - ReplicationServer is started using port 45165
2021-08-26 17:31:38,430 [EndpointStateMachine task thread for /0.0.0.0:43263 - 0 ] INFO  ratis.XceiverServerRatis (XceiverServerRatis.java:start(482)) - Starting XceiverServerRatis 648ce8fc-720e-401e-ac80-e1f8bda9cb96
2021-08-26 17:31:38,431 [EndpointStateMachine task thread for /0.0.0.0:43263 - 0 ] INFO  server.RaftServer (RaftServerProxy.java:lambda$start$5(374)) - 648ce8fc-720e-401e-ac80-e1f8bda9cb96: start RPC server
2021-08-26 17:31:38,437 [EndpointStateMachine task thread for /0.0.0.0:43263 - 0 ] INFO  server.GrpcService (GrpcService.java:startImpl(253)) - 648ce8fc-720e-401e-ac80-e1f8bda9cb96: GrpcService started, listening on 35647
2021-08-26 17:31:38,441 [EndpointStateMachine task thread for /0.0.0.0:43263 - 0 ] INFO  ratis.XceiverServerRatis (XceiverServerRatis.java:getRealPort(503)) - XceiverServerRatis 648ce8fc-720e-401e-ac80-e1f8bda9cb96 is started using port 35647 for RATIS
2021-08-26 17:31:38,441 [EndpointStateMachine task thread for /0.0.0.0:43263 - 0 ] INFO  ratis.XceiverServerRatis (XceiverServerRatis.java:getRealPort(503)) - XceiverServerRatis 648ce8fc-720e-401e-ac80-e1f8bda9cb96 is started using port 35647 for RATIS_ADMIN
2021-08-26 17:31:38,441 [EndpointStateMachine task thread for /0.0.0.0:43263 - 0 ] INFO  ratis.XceiverServerRatis (XceiverServerRatis.java:getRealPort(503)) - XceiverServerRatis 648ce8fc-720e-401e-ac80-e1f8bda9cb96 is started using port 35647 for RATIS_SERVER
2021-08-26 17:31:38,444 [EndpointStateMachine task thread for /0.0.0.0:43263 - 0 ] INFO  server.XceiverServerGrpc (XceiverServerGrpc.java:start(135)) - XceiverServerGrpc 648ce8fc-720e-401e-ac80-e1f8bda9cb96 is started using port 33527
2021-08-26 17:31:38,451 [org.apache.ratis.util.JvmPauseMonitor$$Lambda$531/1273545383@4ccdca9a] INFO  util.JvmPauseMonitor (JvmPauseMonitor.java:run(103)) - JvmPauseMonitor-648ce8fc-720e-401e-ac80-e1f8bda9cb96: Started
2021-08-26 17:31:38,694 [EndpointStateMachine task thread for /0.0.0.0:43263 - 0 ] INFO  ozoneimpl.OzoneContainer (OzoneContainer.java:start(305)) - Attempting to start container services.
2021-08-26 17:31:38,694 [EndpointStateMachine task thread for /0.0.0.0:43263 - 0 ] INFO  ozoneimpl.OzoneContainer (OzoneContainer.java:startContainerScrub(250)) - Background container scanner has been disabled.
2021-08-26 17:31:38,696 [EndpointStateMachine task thread for /0.0.0.0:43263 - 0 ] INFO  replication.ReplicationServer (ReplicationServer.java:start(107)) - ReplicationServer is started using port 36909
2021-08-26 17:31:38,697 [EndpointStateMachine task thread for /0.0.0.0:43263 - 0 ] INFO  ratis.XceiverServerRatis (XceiverServerRatis.java:start(482)) - Starting XceiverServerRatis 599d22f6-71b6-4f75-a803-0445b42d232b
2021-08-26 17:31:38,698 [EndpointStateMachine task thread for /0.0.0.0:43263 - 0 ] INFO  server.RaftServer (RaftServerProxy.java:lambda$start$5(374)) - 599d22f6-71b6-4f75-a803-0445b42d232b: start RPC server
2021-08-26 17:31:38,706 [EndpointStateMachine task thread for /0.0.0.0:43263 - 0 ] INFO  server.GrpcService (GrpcService.java:startImpl(253)) - 599d22f6-71b6-4f75-a803-0445b42d232b: GrpcService started, listening on 34993
2021-08-26 17:31:38,707 [EndpointStateMachine task thread for /0.0.0.0:43263 - 0 ] INFO  ratis.XceiverServerRatis (XceiverServerRatis.java:getRealPort(503)) - XceiverServerRatis 599d22f6-71b6-4f75-a803-0445b42d232b is started using port 34993 for RATIS
2021-08-26 17:31:38,707 [EndpointStateMachine task thread for /0.0.0.0:43263 - 0 ] INFO  ratis.XceiverServerRatis (XceiverServerRatis.java:getRealPort(503)) - XceiverServerRatis 599d22f6-71b6-4f75-a803-0445b42d232b is started using port 34993 for RATIS_ADMIN
2021-08-26 17:31:38,707 [EndpointStateMachine task thread for /0.0.0.0:43263 - 0 ] INFO  ratis.XceiverServerRatis (XceiverServerRatis.java:getRealPort(503)) - XceiverServerRatis 599d22f6-71b6-4f75-a803-0445b42d232b is started using port 34993 for RATIS_SERVER
2021-08-26 17:31:38,711 [org.apache.ratis.util.JvmPauseMonitor$$Lambda$531/1273545383@1bda774b] INFO  util.JvmPauseMonitor (JvmPauseMonitor.java:run(103)) - JvmPauseMonitor-599d22f6-71b6-4f75-a803-0445b42d232b: Started
2021-08-26 17:31:38,712 [EndpointStateMachine task thread for /0.0.0.0:43263 - 0 ] INFO  server.XceiverServerGrpc (XceiverServerGrpc.java:start(135)) - XceiverServerGrpc 599d22f6-71b6-4f75-a803-0445b42d232b is started using port 41961
2021-08-26 17:31:39,049 [Listener at 127.0.0.1/35991] INFO  ozone.MiniOzoneClusterImpl (MiniOzoneClusterImpl.java:lambda$waitForClusterToBeReady$0(235)) - Waiting for nodes to be ready. Got 0 of 7 DN Heartbeats.
2021-08-26 17:31:39,049 [Listener at 127.0.0.1/35991] INFO  ozone.MiniOzoneClusterImpl (MiniOzoneClusterImpl.java:lambda$waitForClusterToBeReady$0(238)) - Waiting for cluster to exit safe mode
2021-08-26 17:31:39,049 [Listener at 127.0.0.1/35991] INFO  ozone.MiniOzoneClusterImpl (MiniOzoneClusterImpl.java:lambda$waitForClusterToBeReady$0(240)) - SCM became leader
2021-08-26 17:31:39,246 [EndpointStateMachine task thread for /0.0.0.0:43263 - 0 ] INFO  ozoneimpl.OzoneContainer (OzoneContainer.java:start(305)) - Attempting to start container services.
2021-08-26 17:31:39,246 [EndpointStateMachine task thread for /0.0.0.0:43263 - 0 ] INFO  ozoneimpl.OzoneContainer (OzoneContainer.java:startContainerScrub(250)) - Background container scanner has been disabled.
2021-08-26 17:31:39,248 [EndpointStateMachine task thread for /0.0.0.0:43263 - 0 ] INFO  replication.ReplicationServer (ReplicationServer.java:start(107)) - ReplicationServer is started using port 39625
2021-08-26 17:31:39,248 [EndpointStateMachine task thread for /0.0.0.0:43263 - 0 ] INFO  ratis.XceiverServerRatis (XceiverServerRatis.java:start(482)) - Starting XceiverServerRatis 8937ce5d-1b80-47aa-9c38-ca8400d40bb7
2021-08-26 17:31:39,249 [EndpointStateMachine task thread for /0.0.0.0:43263 - 0 ] INFO  server.RaftServer (RaftServerProxy.java:lambda$start$5(374)) - 8937ce5d-1b80-47aa-9c38-ca8400d40bb7: start RPC server
2021-08-26 17:31:39,250 [EndpointStateMachine task thread for /0.0.0.0:43263 - 0 ] INFO  server.GrpcService (GrpcService.java:startImpl(253)) - 8937ce5d-1b80-47aa-9c38-ca8400d40bb7: GrpcService started, listening on 36751
2021-08-26 17:31:39,250 [EndpointStateMachine task thread for /0.0.0.0:43263 - 0 ] INFO  ratis.XceiverServerRatis (XceiverServerRatis.java:getRealPort(503)) - XceiverServerRatis 8937ce5d-1b80-47aa-9c38-ca8400d40bb7 is started using port 36751 for RATIS
2021-08-26 17:31:39,251 [EndpointStateMachine task thread for /0.0.0.0:43263 - 0 ] INFO  ratis.XceiverServerRatis (XceiverServerRatis.java:getRealPort(503)) - XceiverServerRatis 8937ce5d-1b80-47aa-9c38-ca8400d40bb7 is started using port 36751 for RATIS_ADMIN
2021-08-26 17:31:39,251 [EndpointStateMachine task thread for /0.0.0.0:43263 - 0 ] INFO  ratis.XceiverServerRatis (XceiverServerRatis.java:getRealPort(503)) - XceiverServerRatis 8937ce5d-1b80-47aa-9c38-ca8400d40bb7 is started using port 36751 for RATIS_SERVER
2021-08-26 17:31:39,251 [org.apache.ratis.util.JvmPauseMonitor$$Lambda$531/1273545383@40dcdbd8] INFO  util.JvmPauseMonitor (JvmPauseMonitor.java:run(103)) - JvmPauseMonitor-8937ce5d-1b80-47aa-9c38-ca8400d40bb7: Started
2021-08-26 17:31:39,252 [EndpointStateMachine task thread for /0.0.0.0:43263 - 0 ] INFO  server.XceiverServerGrpc (XceiverServerGrpc.java:start(135)) - XceiverServerGrpc 8937ce5d-1b80-47aa-9c38-ca8400d40bb7 is started using port 41941
2021-08-26 17:31:39,498 [EndpointStateMachine task thread for /0.0.0.0:43263 - 0 ] INFO  ozoneimpl.OzoneContainer (OzoneContainer.java:start(305)) - Attempting to start container services.
2021-08-26 17:31:39,499 [EndpointStateMachine task thread for /0.0.0.0:43263 - 0 ] INFO  ozoneimpl.OzoneContainer (OzoneContainer.java:startContainerScrub(250)) - Background container scanner has been disabled.
2021-08-26 17:31:39,501 [EndpointStateMachine task thread for /0.0.0.0:43263 - 0 ] INFO  replication.ReplicationServer (ReplicationServer.java:start(107)) - ReplicationServer is started using port 33083
2021-08-26 17:31:39,501 [EndpointStateMachine task thread for /0.0.0.0:43263 - 0 ] INFO  ratis.XceiverServerRatis (XceiverServerRatis.java:start(482)) - Starting XceiverServerRatis c4880b1a-f63f-4492-a9df-0d04f2bfbd12
2021-08-26 17:31:39,502 [EndpointStateMachine task thread for /0.0.0.0:43263 - 0 ] INFO  server.RaftServer (RaftServerProxy.java:lambda$start$5(374)) - c4880b1a-f63f-4492-a9df-0d04f2bfbd12: start RPC server
2021-08-26 17:31:39,504 [EndpointStateMachine task thread for /0.0.0.0:43263 - 0 ] INFO  server.GrpcService (GrpcService.java:startImpl(253)) - c4880b1a-f63f-4492-a9df-0d04f2bfbd12: GrpcService started, listening on 36835
2021-08-26 17:31:39,505 [EndpointStateMachine task thread for /0.0.0.0:43263 - 0 ] INFO  ratis.XceiverServerRatis (XceiverServerRatis.java:getRealPort(503)) - XceiverServerRatis c4880b1a-f63f-4492-a9df-0d04f2bfbd12 is started using port 36835 for RATIS
2021-08-26 17:31:39,505 [EndpointStateMachine task thread for /0.0.0.0:43263 - 0 ] INFO  ratis.XceiverServerRatis (XceiverServerRatis.java:getRealPort(503)) - XceiverServerRatis c4880b1a-f63f-4492-a9df-0d04f2bfbd12 is started using port 36835 for RATIS_ADMIN
2021-08-26 17:31:39,505 [EndpointStateMachine task thread for /0.0.0.0:43263 - 0 ] INFO  ratis.XceiverServerRatis (XceiverServerRatis.java:getRealPort(503)) - XceiverServerRatis c4880b1a-f63f-4492-a9df-0d04f2bfbd12 is started using port 36835 for RATIS_SERVER
2021-08-26 17:31:39,505 [org.apache.ratis.util.JvmPauseMonitor$$Lambda$531/1273545383@663a1053] INFO  util.JvmPauseMonitor (JvmPauseMonitor.java:run(103)) - JvmPauseMonitor-c4880b1a-f63f-4492-a9df-0d04f2bfbd12: Started
2021-08-26 17:31:39,506 [EndpointStateMachine task thread for /0.0.0.0:43263 - 0 ] INFO  server.XceiverServerGrpc (XceiverServerGrpc.java:start(135)) - XceiverServerGrpc c4880b1a-f63f-4492-a9df-0d04f2bfbd12 is started using port 32847
2021-08-26 17:31:39,689 [EndpointStateMachine task thread for /0.0.0.0:43263 - 0 ] INFO  ozoneimpl.OzoneContainer (OzoneContainer.java:start(305)) - Attempting to start container services.
2021-08-26 17:31:39,690 [EndpointStateMachine task thread for /0.0.0.0:43263 - 0 ] INFO  ozoneimpl.OzoneContainer (OzoneContainer.java:startContainerScrub(250)) - Background container scanner has been disabled.
2021-08-26 17:31:39,692 [EndpointStateMachine task thread for /0.0.0.0:43263 - 0 ] INFO  replication.ReplicationServer (ReplicationServer.java:start(107)) - ReplicationServer is started using port 36479
2021-08-26 17:31:39,693 [EndpointStateMachine task thread for /0.0.0.0:43263 - 0 ] INFO  ratis.XceiverServerRatis (XceiverServerRatis.java:start(482)) - Starting XceiverServerRatis 7ea02771-24eb-4f5a-8038-44a318ea5460
2021-08-26 17:31:39,693 [EndpointStateMachine task thread for /0.0.0.0:43263 - 0 ] INFO  server.RaftServer (RaftServerProxy.java:lambda$start$5(374)) - 7ea02771-24eb-4f5a-8038-44a318ea5460: start RPC server
2021-08-26 17:31:39,695 [EndpointStateMachine task thread for /0.0.0.0:43263 - 0 ] INFO  server.GrpcService (GrpcService.java:startImpl(253)) - 7ea02771-24eb-4f5a-8038-44a318ea5460: GrpcService started, listening on 37543
2021-08-26 17:31:39,695 [EndpointStateMachine task thread for /0.0.0.0:43263 - 0 ] INFO  ratis.XceiverServerRatis (XceiverServerRatis.java:getRealPort(503)) - XceiverServerRatis 7ea02771-24eb-4f5a-8038-44a318ea5460 is started using port 37543 for RATIS
2021-08-26 17:31:39,695 [EndpointStateMachine task thread for /0.0.0.0:43263 - 0 ] INFO  ratis.XceiverServerRatis (XceiverServerRatis.java:getRealPort(503)) - XceiverServerRatis 7ea02771-24eb-4f5a-8038-44a318ea5460 is started using port 37543 for RATIS_ADMIN
2021-08-26 17:31:39,695 [EndpointStateMachine task thread for /0.0.0.0:43263 - 0 ] INFO  ratis.XceiverServerRatis (XceiverServerRatis.java:getRealPort(503)) - XceiverServerRatis 7ea02771-24eb-4f5a-8038-44a318ea5460 is started using port 37543 for RATIS_SERVER
2021-08-26 17:31:39,701 [org.apache.ratis.util.JvmPauseMonitor$$Lambda$531/1273545383@789e5f3d] INFO  util.JvmPauseMonitor (JvmPauseMonitor.java:run(103)) - JvmPauseMonitor-7ea02771-24eb-4f5a-8038-44a318ea5460: Started
2021-08-26 17:31:39,701 [EndpointStateMachine task thread for /0.0.0.0:43263 - 0 ] INFO  server.XceiverServerGrpc (XceiverServerGrpc.java:start(135)) - XceiverServerGrpc 7ea02771-24eb-4f5a-8038-44a318ea5460 is started using port 33905
2021-08-26 17:31:39,868 [EndpointStateMachine task thread for /0.0.0.0:43263 - 0 ] INFO  ozoneimpl.OzoneContainer (OzoneContainer.java:start(305)) - Attempting to start container services.
2021-08-26 17:31:39,869 [EndpointStateMachine task thread for /0.0.0.0:43263 - 0 ] INFO  ozoneimpl.OzoneContainer (OzoneContainer.java:startContainerScrub(250)) - Background container scanner has been disabled.
2021-08-26 17:31:39,871 [EndpointStateMachine task thread for /0.0.0.0:43263 - 0 ] INFO  replication.ReplicationServer (ReplicationServer.java:start(107)) - ReplicationServer is started using port 38841
2021-08-26 17:31:39,875 [EndpointStateMachine task thread for /0.0.0.0:43263 - 0 ] INFO  ratis.XceiverServerRatis (XceiverServerRatis.java:start(482)) - Starting XceiverServerRatis caca0df6-f340-40f9-9fdf-acdee16ce07d
2021-08-26 17:31:39,876 [EndpointStateMachine task thread for /0.0.0.0:43263 - 0 ] INFO  server.RaftServer (RaftServerProxy.java:lambda$start$5(374)) - caca0df6-f340-40f9-9fdf-acdee16ce07d: start RPC server
2021-08-26 17:31:39,877 [EndpointStateMachine task thread for /0.0.0.0:43263 - 0 ] INFO  server.GrpcService (GrpcService.java:startImpl(253)) - caca0df6-f340-40f9-9fdf-acdee16ce07d: GrpcService started, listening on 39345
2021-08-26 17:31:39,879 [EndpointStateMachine task thread for /0.0.0.0:43263 - 0 ] INFO  ratis.XceiverServerRatis (XceiverServerRatis.java:getRealPort(503)) - XceiverServerRatis caca0df6-f340-40f9-9fdf-acdee16ce07d is started using port 39345 for RATIS
2021-08-26 17:31:39,879 [EndpointStateMachine task thread for /0.0.0.0:43263 - 0 ] INFO  ratis.XceiverServerRatis (XceiverServerRatis.java:getRealPort(503)) - XceiverServerRatis caca0df6-f340-40f9-9fdf-acdee16ce07d is started using port 39345 for RATIS_ADMIN
2021-08-26 17:31:39,879 [EndpointStateMachine task thread for /0.0.0.0:43263 - 0 ] INFO  ratis.XceiverServerRatis (XceiverServerRatis.java:getRealPort(503)) - XceiverServerRatis caca0df6-f340-40f9-9fdf-acdee16ce07d is started using port 39345 for RATIS_SERVER
2021-08-26 17:31:39,884 [EndpointStateMachine task thread for /0.0.0.0:43263 - 0 ] INFO  server.XceiverServerGrpc (XceiverServerGrpc.java:start(135)) - XceiverServerGrpc caca0df6-f340-40f9-9fdf-acdee16ce07d is started using port 43837
2021-08-26 17:31:39,885 [org.apache.ratis.util.JvmPauseMonitor$$Lambda$531/1273545383@785ffccd] INFO  util.JvmPauseMonitor (JvmPauseMonitor.java:run(103)) - JvmPauseMonitor-caca0df6-f340-40f9-9fdf-acdee16ce07d: Started
2021-08-26 17:31:40,050 [Listener at 127.0.0.1/35991] INFO  ozone.MiniOzoneClusterImpl (MiniOzoneClusterImpl.java:lambda$waitForClusterToBeReady$0(235)) - Waiting for nodes to be ready. Got 0 of 7 DN Heartbeats.
2021-08-26 17:31:40,050 [Listener at 127.0.0.1/35991] INFO  ozone.MiniOzoneClusterImpl (MiniOzoneClusterImpl.java:lambda$waitForClusterToBeReady$0(238)) - Waiting for cluster to exit safe mode
2021-08-26 17:31:40,050 [Listener at 127.0.0.1/35991] INFO  ozone.MiniOzoneClusterImpl (MiniOzoneClusterImpl.java:lambda$waitForClusterToBeReady$0(240)) - SCM became leader
2021-08-26 17:31:40,056 [EndpointStateMachine task thread for /0.0.0.0:43263 - 0 ] INFO  ozoneimpl.OzoneContainer (OzoneContainer.java:start(305)) - Attempting to start container services.
2021-08-26 17:31:40,056 [EndpointStateMachine task thread for /0.0.0.0:43263 - 0 ] INFO  ozoneimpl.OzoneContainer (OzoneContainer.java:startContainerScrub(250)) - Background container scanner has been disabled.
2021-08-26 17:31:40,061 [EndpointStateMachine task thread for /0.0.0.0:43263 - 0 ] INFO  replication.ReplicationServer (ReplicationServer.java:start(107)) - ReplicationServer is started using port 35701
2021-08-26 17:31:40,062 [EndpointStateMachine task thread for /0.0.0.0:43263 - 0 ] INFO  ratis.XceiverServerRatis (XceiverServerRatis.java:start(482)) - Starting XceiverServerRatis 65be39c6-5763-4636-a9b6-aaf36d3fe099
2021-08-26 17:31:40,069 [EndpointStateMachine task thread for /0.0.0.0:43263 - 0 ] INFO  server.RaftServer (RaftServerProxy.java:lambda$start$5(374)) - 65be39c6-5763-4636-a9b6-aaf36d3fe099: start RPC server
2021-08-26 17:31:40,071 [EndpointStateMachine task thread for /0.0.0.0:43263 - 0 ] INFO  server.GrpcService (GrpcService.java:startImpl(253)) - 65be39c6-5763-4636-a9b6-aaf36d3fe099: GrpcService started, listening on 44293
2021-08-26 17:31:40,071 [EndpointStateMachine task thread for /0.0.0.0:43263 - 0 ] INFO  ratis.XceiverServerRatis (XceiverServerRatis.java:getRealPort(503)) - XceiverServerRatis 65be39c6-5763-4636-a9b6-aaf36d3fe099 is started using port 44293 for RATIS
2021-08-26 17:31:40,071 [org.apache.ratis.util.JvmPauseMonitor$$Lambda$531/1273545383@479f25b6] INFO  util.JvmPauseMonitor (JvmPauseMonitor.java:run(103)) - JvmPauseMonitor-65be39c6-5763-4636-a9b6-aaf36d3fe099: Started
2021-08-26 17:31:40,071 [EndpointStateMachine task thread for /0.0.0.0:43263 - 0 ] INFO  ratis.XceiverServerRatis (XceiverServerRatis.java:getRealPort(503)) - XceiverServerRatis 65be39c6-5763-4636-a9b6-aaf36d3fe099 is started using port 44293 for RATIS_ADMIN
2021-08-26 17:31:40,071 [EndpointStateMachine task thread for /0.0.0.0:43263 - 0 ] INFO  ratis.XceiverServerRatis (XceiverServerRatis.java:getRealPort(503)) - XceiverServerRatis 65be39c6-5763-4636-a9b6-aaf36d3fe099 is started using port 44293 for RATIS_SERVER
2021-08-26 17:31:40,072 [EndpointStateMachine task thread for /0.0.0.0:43263 - 0 ] INFO  server.XceiverServerGrpc (XceiverServerGrpc.java:start(135)) - XceiverServerGrpc 65be39c6-5763-4636-a9b6-aaf36d3fe099 is started using port 36611
2021-08-26 17:31:40,413 [IPC Server handler 12 on default port 43263] INFO  net.NetworkTopologyImpl (NetworkTopologyImpl.java:add(112)) - Added a new node: /default-rack/648ce8fc-720e-401e-ac80-e1f8bda9cb96
2021-08-26 17:31:40,415 [IPC Server handler 12 on default port 43263] INFO  node.SCMNodeManager (SCMNodeManager.java:register(390)) - Registered Data node : 648ce8fc-720e-401e-ac80-e1f8bda9cb96{ip: 10.1.0.42, host: fv-az122-729.zf1tlrj3kn4expqppa1j4mpycf.xx.internal.cloudapp.net, ports: [REPLICATION=45165, RATIS=35647, RATIS_ADMIN=35647, RATIS_SERVER=35647, STANDALONE=33527], networkLocation: /default-rack, certSerialId: null, persistedOpState: null, persistedOpStateExpiryEpochSec: 0}
2021-08-26 17:31:40,420 [EventQueue-NewNodeForNewNodeHandler] INFO  pipeline.BackgroundPipelineCreator (BackgroundPipelineCreatorV2.java:notifyEventTriggered(285)) - trigger a one-shot run on RatisPipelineUtilsThread.
2021-08-26 17:31:40,431 [RatisPipelineUtilsThread - 0] INFO  pipeline.RatisPipelineProvider (RatisPipelineProvider.java:lambda$create$0(183)) - Sending CreatePipelineCommand for pipeline:PipelineID=54d415b5-08ab-4600-903e-bb297a2ce972 to datanode:648ce8fc-720e-401e-ac80-e1f8bda9cb96
2021-08-26 17:31:40,431 [EventQueue-NodeRegistrationContainerReportForDataNodeSafeModeRule] INFO  safemode.SCMSafeModeManager (DataNodeSafeModeRule.java:process(71)) - SCM in safe mode. 1 DataNodes registered, 3 required.
2021-08-26 17:31:40,439 [RatisPipelineUtilsThread - 0] INFO  pipeline.PipelineStateManager (PipelineStateManagerV2Impl.java:addPipeline(101)) - Created pipeline Pipeline[ Id: 54d415b5-08ab-4600-903e-bb297a2ce972, Nodes: 648ce8fc-720e-401e-ac80-e1f8bda9cb96{ip: 10.1.0.42, host: fv-az122-729.zf1tlrj3kn4expqppa1j4mpycf.xx.internal.cloudapp.net, ports: [REPLICATION=45165, RATIS=35647, RATIS_ADMIN=35647, RATIS_SERVER=35647, STANDALONE=33527], networkLocation: /default-rack, certSerialId: null, persistedOpState: IN_SERVICE, persistedOpStateExpiryEpochSec: 0}, ReplicationConfig: RATIS/ONE, State:ALLOCATED, leaderId:, CreationTimestamp2021-08-26T17:31:40.427Z[Etc/UTC]].
2021-08-26 17:31:40,443 [EventQueue-NodeRegistrationContainerReportForContainerSafeModeRule] INFO  safemode.SCMSafeModeManager (SCMSafeModeManager.java:validateSafeModeExitRules(204)) - ContainerSafeModeRule rule is successfully validated
2021-08-26 17:31:40,447 [EventQueue-PipelineReportForOneReplicaPipelineSafeModeRule] INFO  safemode.SCMSafeModeManager (SCMSafeModeManager.java:validateSafeModeExitRules(204)) - AtleastOneDatanodeReportedRule rule is successfully validated
2021-08-26 17:31:40,691 [IPC Server handler 18 on default port 43263] INFO  net.NetworkTopologyImpl (NetworkTopologyImpl.java:add(112)) - Added a new node: /default-rack/599d22f6-71b6-4f75-a803-0445b42d232b
2021-08-26 17:31:40,691 [IPC Server handler 18 on default port 43263] INFO  node.SCMNodeManager (SCMNodeManager.java:register(390)) - Registered Data node : 599d22f6-71b6-4f75-a803-0445b42d232b{ip: 10.1.0.42, host: fv-az122-729.zf1tlrj3kn4expqppa1j4mpycf.xx.internal.cloudapp.net, ports: [REPLICATION=36909, RATIS=34993, RATIS_ADMIN=34993, RATIS_SERVER=34993, STANDALONE=41961], networkLocation: /default-rack, certSerialId: null, persistedOpState: null, persistedOpStateExpiryEpochSec: 0}
2021-08-26 17:31:40,691 [EventQueue-NewNodeForNewNodeHandler] INFO  pipeline.BackgroundPipelineCreator (BackgroundPipelineCreatorV2.java:notifyEventTriggered(285)) - trigger a one-shot run on RatisPipelineUtilsThread.
2021-08-26 17:31:40,692 [EventQueue-NodeRegistrationContainerReportForDataNodeSafeModeRule] INFO  safemode.SCMSafeModeManager (DataNodeSafeModeRule.java:process(71)) - SCM in safe mode. 2 DataNodes registered, 3 required.
2021-08-26 17:31:40,693 [RatisPipelineUtilsThread - 0] INFO  pipeline.RatisPipelineProvider (RatisPipelineProvider.java:lambda$create$0(183)) - Sending CreatePipelineCommand for pipeline:PipelineID=6e219946-39fe-496d-b19f-5e6164caf897 to datanode:599d22f6-71b6-4f75-a803-0445b42d232b
2021-08-26 17:31:40,694 [RatisPipelineUtilsThread - 0] INFO  pipeline.PipelineStateManager (PipelineStateManagerV2Impl.java:addPipeline(101)) - Created pipeline Pipeline[ Id: 6e219946-39fe-496d-b19f-5e6164caf897, Nodes: 599d22f6-71b6-4f75-a803-0445b42d232b{ip: 10.1.0.42, host: fv-az122-729.zf1tlrj3kn4expqppa1j4mpycf.xx.internal.cloudapp.net, ports: [REPLICATION=36909, RATIS=34993, RATIS_ADMIN=34993, RATIS_SERVER=34993, STANDALONE=41961], networkLocation: /default-rack, certSerialId: null, persistedOpState: IN_SERVICE, persistedOpStateExpiryEpochSec: 0}, ReplicationConfig: RATIS/ONE, State:ALLOCATED, leaderId:, CreationTimestamp2021-08-26T17:31:40.693Z[Etc/UTC]].
2021-08-26 17:31:41,050 [Listener at 127.0.0.1/35991] INFO  ozone.MiniOzoneClusterImpl (MiniOzoneClusterImpl.java:lambda$waitForClusterToBeReady$0(235)) - Waiting for nodes to be ready. Got 2 of 7 DN Heartbeats.
2021-08-26 17:31:41,051 [Listener at 127.0.0.1/35991] INFO  ozone.MiniOzoneClusterImpl (MiniOzoneClusterImpl.java:lambda$waitForClusterToBeReady$0(238)) - Waiting for cluster to exit safe mode
2021-08-26 17:31:41,051 [Listener at 127.0.0.1/35991] INFO  ozone.MiniOzoneClusterImpl (MiniOzoneClusterImpl.java:lambda$waitForClusterToBeReady$0(240)) - SCM became leader
2021-08-26 17:31:41,245 [IPC Server handler 12 on default port 43263] INFO  net.NetworkTopologyImpl (NetworkTopologyImpl.java:add(112)) - Added a new node: /default-rack/8937ce5d-1b80-47aa-9c38-ca8400d40bb7
2021-08-26 17:31:41,245 [IPC Server handler 12 on default port 43263] INFO  node.SCMNodeManager (SCMNodeManager.java:register(390)) - Registered Data node : 8937ce5d-1b80-47aa-9c38-ca8400d40bb7{ip: 10.1.0.42, host: fv-az122-729.zf1tlrj3kn4expqppa1j4mpycf.xx.internal.cloudapp.net, ports: [REPLICATION=39625, RATIS=36751, RATIS_ADMIN=36751, RATIS_SERVER=36751, STANDALONE=41941], networkLocation: /default-rack, certSerialId: null, persistedOpState: null, persistedOpStateExpiryEpochSec: 0}
2021-08-26 17:31:41,246 [EventQueue-NewNodeForNewNodeHandler] INFO  pipeline.BackgroundPipelineCreator (BackgroundPipelineCreatorV2.java:notifyEventTriggered(285)) - trigger a one-shot run on RatisPipelineUtilsThread.
2021-08-26 17:31:41,248 [RatisPipelineUtilsThread - 0] INFO  pipeline.RatisPipelineProvider (RatisPipelineProvider.java:lambda$create$0(183)) - Sending CreatePipelineCommand for pipeline:PipelineID=a37504d4-25a6-4371-9534-68f50b55ee72 to datanode:8937ce5d-1b80-47aa-9c38-ca8400d40bb7
2021-08-26 17:31:41,249 [EventQueue-NodeRegistrationContainerReportForDataNodeSafeModeRule] INFO  safemode.SCMSafeModeManager (DataNodeSafeModeRule.java:process(71)) - SCM in safe mode. 3 DataNodes registered, 3 required.
2021-08-26 17:31:41,249 [EventQueue-NodeRegistrationContainerReportForDataNodeSafeModeRule] INFO  safemode.SCMSafeModeManager (SCMSafeModeManager.java:validateSafeModeExitRules(204)) - DataNodeSafeModeRule rule is successfully validated
2021-08-26 17:31:41,249 [EventQueue-NodeRegistrationContainerReportForDataNodeSafeModeRule] INFO  safemode.SCMSafeModeManager (SCMSafeModeManager.java:completePreCheck(233)) - All SCM safe mode pre check rules have passed
2021-08-26 17:31:41,249 [EventQueue-NodeRegistrationContainerReportForDataNodeSafeModeRule] WARN  events.EventQueue (EventQueue.java:fireEvent(194)) - No event handler registered for event TypedEvent{payloadType=SafeModeStatus, name='Safe mode status'}
2021-08-26 17:31:41,249 [EventQueue-NodeRegistrationContainerReportForDataNodeSafeModeRule] INFO  ha.SCMContext (SCMContext.java:updateSafeModeStatus(205)) - Update SafeModeStatus from SafeModeStatus{safeModeStatus=true, preCheckPassed=false} to SafeModeStatus{safeModeStatus=true, preCheckPassed=true}.
2021-08-26 17:31:41,249 [EventQueue-NodeRegistrationContainerReportForDataNodeSafeModeRule] INFO  pipeline.BackgroundPipelineCreator (BackgroundPipelineCreatorV2.java:notifyEventTriggered(285)) - trigger a one-shot run on RatisPipelineUtilsThread.
2021-08-26 17:31:41,249 [RatisPipelineUtilsThread - 0] INFO  pipeline.PipelineStateManager (PipelineStateManagerV2Impl.java:addPipeline(101)) - Created pipeline Pipeline[ Id: a37504d4-25a6-4371-9534-68f50b55ee72, Nodes: 8937ce5d-1b80-47aa-9c38-ca8400d40bb7{ip: 10.1.0.42, host: fv-az122-729.zf1tlrj3kn4expqppa1j4mpycf.xx.internal.cloudapp.net, ports: [REPLICATION=39625, RATIS=36751, RATIS_ADMIN=36751, RATIS_SERVER=36751, STANDALONE=41941], networkLocation: /default-rack, certSerialId: null, persistedOpState: IN_SERVICE, persistedOpStateExpiryEpochSec: 0}, ReplicationConfig: RATIS/ONE, State:ALLOCATED, leaderId:, CreationTimestamp2021-08-26T17:31:41.248Z[Etc/UTC]].
2021-08-26 17:31:41,252 [RatisPipelineUtilsThread - 0] INFO  pipeline.RatisPipelineProvider (RatisPipelineProvider.java:lambda$create$0(183)) - Sending CreatePipelineCommand for pipeline:PipelineID=1aabbb7e-a3ac-494e-966c-13d014e1ff78 to datanode:648ce8fc-720e-401e-ac80-e1f8bda9cb96
2021-08-26 17:31:41,252 [RatisPipelineUtilsThread - 0] INFO  pipeline.RatisPipelineProvider (RatisPipelineProvider.java:lambda$create$0(183)) - Sending CreatePipelineCommand for pipeline:PipelineID=1aabbb7e-a3ac-494e-966c-13d014e1ff78 to datanode:599d22f6-71b6-4f75-a803-0445b42d232b
2021-08-26 17:31:41,252 [RatisPipelineUtilsThread - 0] INFO  pipeline.RatisPipelineProvider (RatisPipelineProvider.java:lambda$create$0(183)) - Sending CreatePipelineCommand for pipeline:PipelineID=1aabbb7e-a3ac-494e-966c-13d014e1ff78 to datanode:8937ce5d-1b80-47aa-9c38-ca8400d40bb7
2021-08-26 17:31:41,253 [RatisPipelineUtilsThread - 0] INFO  pipeline.PipelineStateManager (PipelineStateManagerV2Impl.java:addPipeline(101)) - Created pipeline Pipeline[ Id: 1aabbb7e-a3ac-494e-966c-13d014e1ff78, Nodes: 648ce8fc-720e-401e-ac80-e1f8bda9cb96{ip: 10.1.0.42, host: fv-az122-729.zf1tlrj3kn4expqppa1j4mpycf.xx.internal.cloudapp.net, ports: [REPLICATION=45165, RATIS=35647, RATIS_ADMIN=35647, RATIS_SERVER=35647, STANDALONE=33527], networkLocation: /default-rack, certSerialId: null, persistedOpState: IN_SERVICE, persistedOpStateExpiryEpochSec: 0}599d22f6-71b6-4f75-a803-0445b42d232b{ip: 10.1.0.42, host: fv-az122-729.zf1tlrj3kn4expqppa1j4mpycf.xx.internal.cloudapp.net, ports: [REPLICATION=36909, RATIS=34993, RATIS_ADMIN=34993, RATIS_SERVER=34993, STANDALONE=41961], networkLocation: /default-rack, certSerialId: null, persistedOpState: IN_SERVICE, persistedOpStateExpiryEpochSec: 0}8937ce5d-1b80-47aa-9c38-ca8400d40bb7{ip: 10.1.0.42, host: fv-az122-729.zf1tlrj3kn4expqppa1j4mpycf.xx.internal.cloudapp.net, ports: [REPLICATION=39625, RATIS=36751, RATIS_ADMIN=36751, RATIS_SERVER=36751, STANDALONE=41941], networkLocation: /default-rack, certSerialId: null, persistedOpState: IN_SERVICE, persistedOpStateExpiryEpochSec: 0}, ReplicationConfig: RATIS/THREE, State:ALLOCATED, leaderId:, CreationTimestamp2021-08-26T17:31:41.252Z[Etc/UTC]].
2021-08-26 17:31:41,255 [RatisPipelineUtilsThread - 0] INFO  pipeline.RatisPipelineProvider (RatisPipelineProvider.java:lambda$create$0(183)) - Sending CreatePipelineCommand for pipeline:PipelineID=16e4fc05-efaa-4bb7-85d6-6cda7b53cb28 to datanode:8937ce5d-1b80-47aa-9c38-ca8400d40bb7
2021-08-26 17:31:41,255 [RatisPipelineUtilsThread - 0] INFO  pipeline.RatisPipelineProvider (RatisPipelineProvider.java:lambda$create$0(183)) - Sending CreatePipelineCommand for pipeline:PipelineID=16e4fc05-efaa-4bb7-85d6-6cda7b53cb28 to datanode:648ce8fc-720e-401e-ac80-e1f8bda9cb96
2021-08-26 17:31:41,255 [RatisPipelineUtilsThread - 0] INFO  pipeline.RatisPipelineProvider (RatisPipelineProvider.java:lambda$create$0(183)) - Sending CreatePipelineCommand for pipeline:PipelineID=16e4fc05-efaa-4bb7-85d6-6cda7b53cb28 to datanode:599d22f6-71b6-4f75-a803-0445b42d232b
2021-08-26 17:31:41,256 [RatisPipelineUtilsThread - 0] INFO  pipeline.PipelineStateManager (PipelineStateManagerV2Impl.java:addPipeline(101)) - Created pipeline Pipeline[ Id: 16e4fc05-efaa-4bb7-85d6-6cda7b53cb28, Nodes: 8937ce5d-1b80-47aa-9c38-ca8400d40bb7{ip: 10.1.0.42, host: fv-az122-729.zf1tlrj3kn4expqppa1j4mpycf.xx.internal.cloudapp.net, ports: [REPLICATION=39625, RATIS=36751, RATIS_ADMIN=36751, RATIS_SERVER=36751, STANDALONE=41941], networkLocation: /default-rack, certSerialId: null, persistedOpState: IN_SERVICE, persistedOpStateExpiryEpochSec: 0}648ce8fc-720e-401e-ac80-e1f8bda9cb96{ip: 10.1.0.42, host: fv-az122-729.zf1tlrj3kn4expqppa1j4mpycf.xx.internal.cloudapp.net, ports: [REPLICATION=45165, RATIS=35647, RATIS_ADMIN=35647, RATIS_SERVER=35647, STANDALONE=33527], networkLocation: /default-rack, certSerialId: null, persistedOpState: IN_SERVICE, persistedOpStateExpiryEpochSec: 0}599d22f6-71b6-4f75-a803-0445b42d232b{ip: 10.1.0.42, host: fv-az122-729.zf1tlrj3kn4expqppa1j4mpycf.xx.internal.cloudapp.net, ports: [REPLICATION=36909, RATIS=34993, RATIS_ADMIN=34993, RATIS_SERVER=34993, STANDALONE=41961], networkLocation: /default-rack, certSerialId: null, persistedOpState: IN_SERVICE, persistedOpStateExpiryEpochSec: 0}, ReplicationConfig: RATIS/THREE, State:ALLOCATED, leaderId:, CreationTimestamp2021-08-26T17:31:41.255Z[Etc/UTC]].
2021-08-26 17:31:41,256 [RatisPipelineUtilsThread - 0] INFO  pipeline.PipelineManagerImpl (PipelineManagerImpl.java:recordMetricsForPipeline(613)) - Pipeline: PipelineID=16e4fc05-efaa-4bb7-85d6-6cda7b53cb28 contains same datanodes as previous pipelines: PipelineID=1aabbb7e-a3ac-494e-966c-13d014e1ff78 nodeIds: 8937ce5d-1b80-47aa-9c38-ca8400d40bb7, 648ce8fc-720e-401e-ac80-e1f8bda9cb96, 599d22f6-71b6-4f75-a803-0445b42d232b
2021-08-26 17:31:41,496 [IPC Server handler 14 on default port 43263] INFO  net.NetworkTopologyImpl (NetworkTopologyImpl.java:add(112)) - Added a new node: /default-rack/c4880b1a-f63f-4492-a9df-0d04f2bfbd12
2021-08-26 17:31:41,497 [IPC Server handler 14 on default port 43263] INFO  node.SCMNodeManager (SCMNodeManager.java:register(390)) - Registered Data node : c4880b1a-f63f-4492-a9df-0d04f2bfbd12{ip: 10.1.0.42, host: fv-az122-729.zf1tlrj3kn4expqppa1j4mpycf.xx.internal.cloudapp.net, ports: [REPLICATION=33083, RATIS=36835, RATIS_ADMIN=36835, RATIS_SERVER=36835, STANDALONE=32847], networkLocation: /default-rack, certSerialId: null, persistedOpState: null, persistedOpStateExpiryEpochSec: 0}
2021-08-26 17:31:41,497 [EventQueue-NewNodeForNewNodeHandler] INFO  pipeline.BackgroundPipelineCreator (BackgroundPipelineCreatorV2.java:notifyEventTriggered(285)) - trigger a one-shot run on RatisPipelineUtilsThread.
2021-08-26 17:31:41,499 [RatisPipelineUtilsThread - 0] INFO  pipeline.RatisPipelineProvider (RatisPipelineProvider.java:lambda$create$0(183)) - Sending CreatePipelineCommand for pipeline:PipelineID=910e6ca5-972a-4122-95df-111f3325a230 to datanode:c4880b1a-f63f-4492-a9df-0d04f2bfbd12
2021-08-26 17:31:41,500 [RatisPipelineUtilsThread - 0] INFO  pipeline.PipelineStateManager (PipelineStateManagerV2Impl.java:addPipeline(101)) - Created pipeline Pipeline[ Id: 910e6ca5-972a-4122-95df-111f3325a230, Nodes: c4880b1a-f63f-4492-a9df-0d04f2bfbd12{ip: 10.1.0.42, host: fv-az122-729.zf1tlrj3kn4expqppa1j4mpycf.xx.internal.cloudapp.net, ports: [REPLICATION=33083, RATIS=36835, RATIS_ADMIN=36835, RATIS_SERVER=36835, STANDALONE=32847], networkLocation: /default-rack, certSerialId: null, persistedOpState: IN_SERVICE, persistedOpStateExpiryEpochSec: 0}, ReplicationConfig: RATIS/ONE, State:ALLOCATED, leaderId:, CreationTimestamp2021-08-26T17:31:41.499Z[Etc/UTC]].
2021-08-26 17:31:41,688 [IPC Server handler 19 on default port 43263] INFO  net.NetworkTopologyImpl (NetworkTopologyImpl.java:add(112)) - Added a new node: /default-rack/7ea02771-24eb-4f5a-8038-44a318ea5460
2021-08-26 17:31:41,688 [IPC Server handler 19 on default port 43263] INFO  node.SCMNodeManager (SCMNodeManager.java:register(390)) - Registered Data node : 7ea02771-24eb-4f5a-8038-44a318ea5460{ip: 10.1.0.42, host: fv-az122-729.zf1tlrj3kn4expqppa1j4mpycf.xx.internal.cloudapp.net, ports: [REPLICATION=36479, RATIS=37543, RATIS_ADMIN=37543, RATIS_SERVER=37543, STANDALONE=33905], networkLocation: /default-rack, certSerialId: null, persistedOpState: null, persistedOpStateExpiryEpochSec: 0}
2021-08-26 17:31:41,688 [EventQueue-NewNodeForNewNodeHandler] INFO  pipeline.BackgroundPipelineCreator (BackgroundPipelineCreatorV2.java:notifyEventTriggered(285)) - trigger a one-shot run on RatisPipelineUtilsThread.
2021-08-26 17:31:41,690 [RatisPipelineUtilsThread - 0] INFO  pipeline.RatisPipelineProvider (RatisPipelineProvider.java:lambda$create$0(183)) - Sending CreatePipelineCommand for pipeline:PipelineID=c70312f2-e64a-4b6e-85be-f0297e41a7c6 to datanode:7ea02771-24eb-4f5a-8038-44a318ea5460
2021-08-26 17:31:41,690 [RatisPipelineUtilsThread - 0] INFO  pipeline.PipelineStateManager (PipelineStateManagerV2Impl.java:addPipeline(101)) - Created pipeline Pipeline[ Id: c70312f2-e64a-4b6e-85be-f0297e41a7c6, Nodes: 7ea02771-24eb-4f5a-8038-44a318ea5460{ip: 10.1.0.42, host: fv-az122-729.zf1tlrj3kn4expqppa1j4mpycf.xx.internal.cloudapp.net, ports: [REPLICATION=36479, RATIS=37543, RATIS_ADMIN=37543, RATIS_SERVER=37543, STANDALONE=33905], networkLocation: /default-rack, certSerialId: null, persistedOpState: IN_SERVICE, persistedOpStateExpiryEpochSec: 0}, ReplicationConfig: RATIS/ONE, State:ALLOCATED, leaderId:, CreationTimestamp2021-08-26T17:31:41.690Z[Etc/UTC]].
2021-08-26 17:31:41,864 [IPC Server handler 16 on default port 43263] INFO  net.NetworkTopologyImpl (NetworkTopologyImpl.java:add(112)) - Added a new node: /default-rack/caca0df6-f340-40f9-9fdf-acdee16ce07d
2021-08-26 17:31:41,865 [IPC Server handler 16 on default port 43263] INFO  node.SCMNodeManager (SCMNodeManager.java:register(390)) - Registered Data node : caca0df6-f340-40f9-9fdf-acdee16ce07d{ip: 10.1.0.42, host: fv-az122-729.zf1tlrj3kn4expqppa1j4mpycf.xx.internal.cloudapp.net, ports: [REPLICATION=38841, RATIS=39345, RATIS_ADMIN=39345, RATIS_SERVER=39345, STANDALONE=43837], networkLocation: /default-rack, certSerialId: null, persistedOpState: null, persistedOpStateExpiryEpochSec: 0}
2021-08-26 17:31:41,865 [EventQueue-NewNodeForNewNodeHandler] INFO  pipeline.BackgroundPipelineCreator (BackgroundPipelineCreatorV2.java:notifyEventTriggered(285)) - trigger a one-shot run on RatisPipelineUtilsThread.
2021-08-26 17:31:41,866 [RatisPipelineUtilsThread - 0] INFO  pipeline.RatisPipelineProvider (RatisPipelineProvider.java:lambda$create$0(183)) - Sending CreatePipelineCommand for pipeline:PipelineID=5a801d72-4922-49cc-8fc9-4257e8bd3a71 to datanode:caca0df6-f340-40f9-9fdf-acdee16ce07d
2021-08-26 17:31:41,868 [RatisPipelineUtilsThread - 0] INFO  pipeline.PipelineStateManager (PipelineStateManagerV2Impl.java:addPipeline(101)) - Created pipeline Pipeline[ Id: 5a801d72-4922-49cc-8fc9-4257e8bd3a71, Nodes: caca0df6-f340-40f9-9fdf-acdee16ce07d{ip: 10.1.0.42, host: fv-az122-729.zf1tlrj3kn4expqppa1j4mpycf.xx.internal.cloudapp.net, ports: [REPLICATION=38841, RATIS=39345, RATIS_ADMIN=39345, RATIS_SERVER=39345, STANDALONE=43837], networkLocation: /default-rack, certSerialId: null, persistedOpState: IN_SERVICE, persistedOpStateExpiryEpochSec: 0}, ReplicationConfig: RATIS/ONE, State:ALLOCATED, leaderId:, CreationTimestamp2021-08-26T17:31:41.866Z[Etc/UTC]].
2021-08-26 17:31:41,868 [RatisPipelineUtilsThread - 0] INFO  pipeline.RatisPipelineProvider (RatisPipelineProvider.java:lambda$create$0(183)) - Sending CreatePipelineCommand for pipeline:PipelineID=cbd71701-9592-43b7-bb2a-5ed93a64e77f to datanode:c4880b1a-f63f-4492-a9df-0d04f2bfbd12
2021-08-26 17:31:41,868 [RatisPipelineUtilsThread - 0] INFO  pipeline.RatisPipelineProvider (RatisPipelineProvider.java:lambda$create$0(183)) - Sending CreatePipelineCommand for pipeline:PipelineID=cbd71701-9592-43b7-bb2a-5ed93a64e77f to datanode:caca0df6-f340-40f9-9fdf-acdee16ce07d
2021-08-26 17:31:41,868 [RatisPipelineUtilsThread - 0] INFO  pipeline.RatisPipelineProvider (RatisPipelineProvider.java:lambda$create$0(183)) - Sending CreatePipelineCommand for pipeline:PipelineID=cbd71701-9592-43b7-bb2a-5ed93a64e77f to datanode:7ea02771-24eb-4f5a-8038-44a318ea5460
2021-08-26 17:31:41,870 [RatisPipelineUtilsThread - 0] INFO  pipeline.PipelineStateManager (PipelineStateManagerV2Impl.java:addPipeline(101)) - Created pipeline Pipeline[ Id: cbd71701-9592-43b7-bb2a-5ed93a64e77f, Nodes: c4880b1a-f63f-4492-a9df-0d04f2bfbd12{ip: 10.1.0.42, host: fv-az122-729.zf1tlrj3kn4expqppa1j4mpycf.xx.internal.cloudapp.net, ports: [REPLICATION=33083, RATIS=36835, RATIS_ADMIN=36835, RATIS_SERVER=36835, STANDALONE=32847], networkLocation: /default-rack, certSerialId: null, persistedOpState: IN_SERVICE, persistedOpStateExpiryEpochSec: 0}caca0df6-f340-40f9-9fdf-acdee16ce07d{ip: 10.1.0.42, host: fv-az122-729.zf1tlrj3kn4expqppa1j4mpycf.xx.internal.cloudapp.net, ports: [REPLICATION=38841, RATIS=39345, RATIS_ADMIN=39345, RATIS_SERVER=39345, STANDALONE=43837], networkLocation: /default-rack, certSerialId: null, persistedOpState: IN_SERVICE, persistedOpStateExpiryEpochSec: 0}7ea02771-24eb-4f5a-8038-44a318ea5460{ip: 10.1.0.42, host: fv-az122-729.zf1tlrj3kn4expqppa1j4mpycf.xx.internal.cloudapp.net, ports: [REPLICATION=36479, RATIS=37543, RATIS_ADMIN=37543, RATIS_SERVER=37543, STANDALONE=33905], networkLocation: /default-rack, certSerialId: null, persistedOpState: IN_SERVICE, persistedOpStateExpiryEpochSec: 0}, ReplicationConfig: RATIS/THREE, State:ALLOCATED, leaderId:, CreationTimestamp2021-08-26T17:31:41.868Z[Etc/UTC]].
2021-08-26 17:31:41,871 [RatisPipelineUtilsThread - 0] INFO  pipeline.RatisPipelineProvider (RatisPipelineProvider.java:lambda$create$0(183)) - Sending CreatePipelineCommand for pipeline:PipelineID=9aeea41a-a5b7-4822-a628-581338ffe026 to datanode:7ea02771-24eb-4f5a-8038-44a318ea5460
2021-08-26 17:31:41,871 [RatisPipelineUtilsThread - 0] INFO  pipeline.RatisPipelineProvider (RatisPipelineProvider.java:lambda$create$0(183)) - Sending CreatePipelineCommand for pipeline:PipelineID=9aeea41a-a5b7-4822-a628-581338ffe026 to datanode:caca0df6-f340-40f9-9fdf-acdee16ce07d
2021-08-26 17:31:41,871 [RatisPipelineUtilsThread - 0] INFO  pipeline.RatisPipelineProvider (RatisPipelineProvider.java:lambda$create$0(183)) - Sending CreatePipelineCommand for pipeline:PipelineID=9aeea41a-a5b7-4822-a628-581338ffe026 to datanode:c4880b1a-f63f-4492-a9df-0d04f2bfbd12
2021-08-26 17:31:41,872 [RatisPipelineUtilsThread - 0] INFO  pipeline.PipelineStateManager (PipelineStateManagerV2Impl.java:addPipeline(101)) - Created pipeline Pipeline[ Id: 9aeea41a-a5b7-4822-a628-581338ffe026, Nodes: 7ea02771-24eb-4f5a-8038-44a318ea5460{ip: 10.1.0.42, host: fv-az122-729.zf1tlrj3kn4expqppa1j4mpycf.xx.internal.cloudapp.net, ports: [REPLICATION=36479, RATIS=37543, RATIS_ADMIN=37543, RATIS_SERVER=37543, STANDALONE=33905], networkLocation: /default-rack, certSerialId: null, persistedOpState: IN_SERVICE, persistedOpStateExpiryEpochSec: 0}caca0df6-f340-40f9-9fdf-acdee16ce07d{ip: 10.1.0.42, host: fv-az122-729.zf1tlrj3kn4expqppa1j4mpycf.xx.internal.cloudapp.net, ports: [REPLICATION=38841, RATIS=39345, RATIS_ADMIN=39345, RATIS_SERVER=39345, STANDALONE=43837], networkLocation: /default-rack, certSerialId: null, persistedOpState: IN_SERVICE, persistedOpStateExpiryEpochSec: 0}c4880b1a-f63f-4492-a9df-0d04f2bfbd12{ip: 10.1.0.42, host: fv-az122-729.zf1tlrj3kn4expqppa1j4mpycf.xx.internal.cloudapp.net, ports: [REPLICATION=33083, RATIS=36835, RATIS_ADMIN=36835, RATIS_SERVER=36835, STANDALONE=32847], networkLocation: /default-rack, certSerialId: null, persistedOpState: IN_SERVICE, persistedOpStateExpiryEpochSec: 0}, ReplicationConfig: RATIS/THREE, State:ALLOCATED, leaderId:, CreationTimestamp2021-08-26T17:31:41.871Z[Etc/UTC]].
2021-08-26 17:31:41,872 [RatisPipelineUtilsThread - 0] INFO  pipeline.PipelineManagerImpl (PipelineManagerImpl.java:recordMetricsForPipeline(613)) - Pipeline: PipelineID=9aeea41a-a5b7-4822-a628-581338ffe026 contains same datanodes as previous pipelines: PipelineID=cbd71701-9592-43b7-bb2a-5ed93a64e77f nodeIds: 7ea02771-24eb-4f5a-8038-44a318ea5460, caca0df6-f340-40f9-9fdf-acdee16ce07d, c4880b1a-f63f-4492-a9df-0d04f2bfbd12
2021-08-26 17:31:42,051 [Listener at 127.0.0.1/35991] INFO  ozone.MiniOzoneClusterImpl (MiniOzoneClusterImpl.java:lambda$waitForClusterToBeReady$0(235)) - Waiting for nodes to be ready. Got 6 of 7 DN Heartbeats.
2021-08-26 17:31:42,052 [Listener at 127.0.0.1/35991] INFO  ozone.MiniOzoneClusterImpl (MiniOzoneClusterImpl.java:lambda$waitForClusterToBeReady$0(238)) - Waiting for cluster to exit safe mode
2021-08-26 17:31:42,052 [Listener at 127.0.0.1/35991] INFO  ozone.MiniOzoneClusterImpl (MiniOzoneClusterImpl.java:lambda$waitForClusterToBeReady$0(240)) - SCM became leader
2021-08-26 17:31:42,054 [IPC Server handler 12 on default port 43263] INFO  net.NetworkTopologyImpl (NetworkTopologyImpl.java:add(112)) - Added a new node: /default-rack/65be39c6-5763-4636-a9b6-aaf36d3fe099
2021-08-26 17:31:42,054 [IPC Server handler 12 on default port 43263] INFO  node.SCMNodeManager (SCMNodeManager.java:register(390)) - Registered Data node : 65be39c6-5763-4636-a9b6-aaf36d3fe099{ip: 10.1.0.42, host: fv-az122-729.zf1tlrj3kn4expqppa1j4mpycf.xx.internal.cloudapp.net, ports: [REPLICATION=35701, RATIS=44293, RATIS_ADMIN=44293, RATIS_SERVER=44293, STANDALONE=36611], networkLocation: /default-rack, certSerialId: null, persistedOpState: null, persistedOpStateExpiryEpochSec: 0}
2021-08-26 17:31:42,054 [EventQueue-NewNodeForNewNodeHandler] INFO  pipeline.BackgroundPipelineCreator (BackgroundPipelineCreatorV2.java:notifyEventTriggered(285)) - trigger a one-shot run on RatisPipelineUtilsThread.
2021-08-26 17:31:42,055 [RatisPipelineUtilsThread - 0] INFO  pipeline.RatisPipelineProvider (RatisPipelineProvider.java:lambda$create$0(183)) - Sending CreatePipelineCommand for pipeline:PipelineID=a20983d8-2902-4668-8b1a-2f663ac5f006 to datanode:65be39c6-5763-4636-a9b6-aaf36d3fe099
2021-08-26 17:31:42,056 [RatisPipelineUtilsThread - 0] INFO  pipeline.PipelineStateManager (PipelineStateManagerV2Impl.java:addPipeline(101)) - Created pipeline Pipeline[ Id: a20983d8-2902-4668-8b1a-2f663ac5f006, Nodes: 65be39c6-5763-4636-a9b6-aaf36d3fe099{ip: 10.1.0.42, host: fv-az122-729.zf1tlrj3kn4expqppa1j4mpycf.xx.internal.cloudapp.net, ports: [REPLICATION=35701, RATIS=44293, RATIS_ADMIN=44293, RATIS_SERVER=44293, STANDALONE=36611], networkLocation: /default-rack, certSerialId: null, persistedOpState: IN_SERVICE, persistedOpStateExpiryEpochSec: 0}, ReplicationConfig: RATIS/ONE, State:ALLOCATED, leaderId:, CreationTimestamp2021-08-26T17:31:42.055Z[Etc/UTC]].
2021-08-26 17:31:43,052 [Listener at 127.0.0.1/35991] INFO  ozone.MiniOzoneClusterImpl (MiniOzoneClusterImpl.java:lambda$waitForClusterToBeReady$0(235)) - Nodes are ready. Got 7 of 7 DN Heartbeats.
2021-08-26 17:31:43,053 [Listener at 127.0.0.1/35991] INFO  ozone.MiniOzoneClusterImpl (MiniOzoneClusterImpl.java:lambda$waitForClusterToBeReady$0(238)) - Waiting for cluster to exit safe mode
2021-08-26 17:31:43,053 [Listener at 127.0.0.1/35991] INFO  ozone.MiniOzoneClusterImpl (MiniOzoneClusterImpl.java:lambda$waitForClusterToBeReady$0(240)) - SCM became leader
2021-08-26 17:31:43,386 [Command processor thread] INFO  server.RaftServer (RaftServerProxy.java:addNew(95)) - 648ce8fc-720e-401e-ac80-e1f8bda9cb96: addNew group-BB297A2CE972:[648ce8fc-720e-401e-ac80-e1f8bda9cb96|rpc:10.1.0.42:35647|priority:1] returns group-BB297A2CE972:java.util.concurrent.CompletableFuture@39aee4ff[Not completed]
2021-08-26 17:31:43,395 [pool-55-thread-1] INFO  server.RaftServer$Division (RaftServerImpl.java:<init>(181)) - 648ce8fc-720e-401e-ac80-e1f8bda9cb96: new RaftServerImpl for group-BB297A2CE972:[648ce8fc-720e-401e-ac80-e1f8bda9cb96|rpc:10.1.0.42:35647|priority:1] with ContainerStateMachine:uninitialized
2021-08-26 17:31:43,395 [pool-55-thread-1] INFO  server.RaftServerConfigKeys (ConfUtils.java:logGet(44)) - raft.server.rpc.timeout.min = 5s (custom)
2021-08-26 17:31:43,396 [pool-55-thread-1] INFO  server.RaftServerConfigKeys (ConfUtils.java:logGet(44)) - raft.server.rpc.timeout.max = 5200ms (custom)
2021-08-26 17:31:43,396 [pool-55-thread-1] INFO  server.RaftServerConfigKeys (ConfUtils.java:logGet(44)) - raft.server.rpc.sleep.time = 25ms (default)
2021-08-26 17:31:43,396 [pool-55-thread-1] INFO  server.RaftServerConfigKeys (ConfUtils.java:logGet(44)) - raft.server.rpc.slowness.timeout = 300000ms (custom)
2021-08-26 17:31:43,396 [pool-55-thread-1] INFO  server.RaftServerConfigKeys (ConfUtils.java:logGet(44)) - raft.server.leaderelection.leader.step-down.wait-time = 10s (default)
2021-08-26 17:31:43,396 [pool-55-thread-1] INFO  server.RaftServerConfigKeys (ConfUtils.java:logGet(44)) - raft.server.sleep.deviation.threshold = 300ms (default)
2021-08-26 17:31:43,396 [pool-55-thread-1] INFO  server.RaftServerConfigKeys (ConfUtils.java:logGet(44)) - raft.server.log.appender.install.snapshot.enabled = false (custom)
2021-08-26 17:31:43,396 [pool-55-thread-1] INFO  server.RaftServer$Division (ServerState.java:<init>(105)) - 648ce8fc-720e-401e-ac80-e1f8bda9cb96@group-BB297A2CE972: ConfigurationManager, init=-1: [648ce8fc-720e-401e-ac80-e1f8bda9cb96|rpc:10.1.0.42:35647|priority:1], old=null, confs=<EMPTY_MAP>
2021-08-26 17:31:43,396 [pool-55-thread-1] INFO  server.RaftServerConfigKeys (ConfUtils.java:logGet(44)) - raft.server.storage.dir = [/home/runner/work/ozone/ozone/hadoop-ozone/integration-test/target/test-dir/MiniOzoneClusterImpl-daa96565-427e-4fca-a993-08525edc6fa6/datanode-0/data/ratis] (custom)
2021-08-26 17:31:43,396 [pool-55-thread-1] INFO  server.RaftServerConfigKeys (ConfUtils.java:logGet(44)) - raft.server.log.corruption.policy = EXCEPTION (default)
2021-08-26 17:31:43,396 [pool-55-thread-1] INFO  server.RaftServerConfigKeys (ConfUtils.java:logGet(44)) - raft.server.storage.free-space.min = 0MB (=0) (default)
2021-08-26 17:31:43,397 [pool-55-thread-1] INFO  storage.RaftStorageDirectory (RaftStorageDirectoryImpl.java:analyzeStorage(135)) - The storage directory /home/runner/work/ozone/ozone/hadoop-ozone/integration-test/target/test-dir/MiniOzoneClusterImpl-daa96565-427e-4fca-a993-08525edc6fa6/datanode-0/data/ratis/54d415b5-08ab-4600-903e-bb297a2ce972 does not exist. Creating ...
2021-08-26 17:31:43,399 [pool-55-thread-1] INFO  storage.RaftStorageDirectory (RaftStorageDirectoryImpl.java:tryLock(230)) - Lock on /home/runner/work/ozone/ozone/hadoop-ozone/integration-test/target/test-dir/MiniOzoneClusterImpl-daa96565-427e-4fca-a993-08525edc6fa6/datanode-0/data/ratis/54d415b5-08ab-4600-903e-bb297a2ce972/in_use.lock acquired by nodename 21484@fv-az122-729
2021-08-26 17:31:43,401 [pool-55-thread-1] INFO  storage.RaftStorage (RaftStorageImpl.java:format(89)) - Storage directory /home/runner/work/ozone/ozone/hadoop-ozone/integration-test/target/test-dir/MiniOzoneClusterImpl-daa96565-427e-4fca-a993-08525edc6fa6/datanode-0/data/ratis/54d415b5-08ab-4600-903e-bb297a2ce972 has been successfully formatted.
2021-08-26 17:31:43,405 [pool-55-thread-1] INFO  ratis.ContainerStateMachine (ContainerStateMachine.java:loadSnapshot(224)) - group-BB297A2CE972: The snapshot info is null. Setting the last applied indexto:(t:0, i:~)
2021-08-26 17:31:43,405 [pool-55-thread-1] INFO  server.RaftServerConfigKeys (ConfUtils.java:logGet(44)) - raft.server.notification.no-leader.timeout = 300000ms (custom)
2021-08-26 17:31:43,405 [pool-55-thread-1] INFO  server.RaftServerConfigKeys (ConfUtils.java:logGet(44)) - raft.server.log.use.memory = false (default)
2021-08-26 17:31:43,406 [Datanode State Machine Thread - 0] WARN  statemachine.StateContext (StateContext.java:execute(621)) - No available thread in pool for past 1 seconds.
2021-08-26 17:31:43,406 [pool-55-thread-1] INFO  server.RaftServerConfigKeys (ConfUtils.java:logGet(44)) - raft.server.log.purge.gap = 1000000 (custom)
2021-08-26 17:31:43,406 [pool-55-thread-1] INFO  server.RaftServerConfigKeys (ConfUtils.java:logGet(44)) - raft.server.log.appender.buffer.byte-limit = 33554432 (custom)
2021-08-26 17:31:43,406 [pool-55-thread-1] INFO  server.RaftServerConfigKeys (ConfUtils.java:logGet(44)) - raft.server.log.segment.size.max = 1048576 (custom)
2021-08-26 17:31:43,408 [pool-55-thread-1] INFO  server.RaftServerConfigKeys (ConfUtils.java:logGet(44)) - raft.server.log.segment.cache.num.max = 2 (custom)
2021-08-26 17:31:43,408 [pool-55-thread-1] INFO  server.RaftServerConfigKeys (ConfUtils.java:logGet(44)) - raft.server.log.segment.cache.size.max = 200MB (=209715200) (default)
2021-08-26 17:31:43,408 [pool-55-thread-1] INFO  segmented.SegmentedRaftLogWorker (SegmentedRaftLogWorker.java:<init>(182)) - new 648ce8fc-720e-401e-ac80-e1f8bda9cb96@group-BB297A2CE972-SegmentedRaftLogWorker for RaftStorageImpl:Storage Directory /home/runner/work/ozone/ozone/hadoop-ozone/integration-test/target/test-dir/MiniOzoneClusterImpl-daa96565-427e-4fca-a993-08525edc6fa6/datanode-0/data/ratis/54d415b5-08ab-4600-903e-bb297a2ce972
2021-08-26 17:31:43,408 [pool-55-thread-1] INFO  server.RaftServerConfigKeys (ConfUtils.java:logGet(44)) - raft.server.log.queue.byte-limit = 2147483647 (custom)
2021-08-26 17:31:43,408 [pool-55-thread-1] INFO  server.RaftServerConfigKeys (ConfUtils.java:logGet(44)) - raft.server.log.queue.element-limit = 1024 (custom)
2021-08-26 17:31:43,408 [pool-55-thread-1] INFO  server.RaftServerConfigKeys (ConfUtils.java:logGet(44)) - raft.server.log.segment.size.max = 1048576 (custom)
2021-08-26 17:31:43,408 [pool-55-thread-1] INFO  server.RaftServerConfigKeys (ConfUtils.java:logGet(44)) - raft.server.log.preallocated.size = 16384 (custom)
2021-08-26 17:31:43,408 [pool-55-thread-1] INFO  server.RaftServerConfigKeys (ConfUtils.java:logGet(44)) - raft.server.log.force.sync.num = 128 (default)
2021-08-26 17:31:43,408 [pool-55-thread-1] INFO  server.RaftServerConfigKeys (ConfUtils.java:logGet(44)) - raft.server.log.statemachine.data.sync = true (default)
2021-08-26 17:31:43,408 [pool-55-thread-1] INFO  server.RaftServerConfigKeys (ConfUtils.java:logGet(44)) - raft.server.log.statemachine.data.sync.timeout = 10s (default)
2021-08-26 17:31:43,409 [pool-55-thread-1] INFO  server.RaftServerConfigKeys (ConfUtils.java:logGet(44)) - raft.server.log.statemachine.data.sync.timeout.retry = -1 (default)
2021-08-26 17:31:43,411 [pool-55-thread-1] INFO  server.RaftServerConfigKeys (ConfUtils.java:logGet(44)) - raft.server.log.write.buffer.size = 1048576 (custom)
2021-08-26 17:31:43,412 [pool-55-thread-1] INFO  server.RaftServerConfigKeys (ConfUtils.java:logGet(44)) - raft.server.log.statemachine.data.caching.enabled = true (custom)
2021-08-26 17:31:43,412 [pool-55-thread-1] INFO  segmented.SegmentedRaftLogWorker (SegmentedRaftLogWorker.java:lambda$new$0(133)) - 648ce8fc-720e-401e-ac80-e1f8bda9cb96@group-BB297A2CE972-SegmentedRaftLogWorker: flushIndex: setUnconditionally 0 -> -1
2021-08-26 17:31:43,413 [pool-55-thread-1] INFO  segmented.SegmentedRaftLogWorker (SegmentedRaftLogWorker.java:lambda$new$0(133)) - 648ce8fc-720e-401e-ac80-e1f8bda9cb96@group-BB297A2CE972-SegmentedRaftLogWorker: safeCacheEvictIndex: setUnconditionally 0 -> -1
2021-08-26 17:31:43,413 [pool-55-thread-1] INFO  server.RaftServerConfigKeys (ConfUtils.java:logGet(44)) - raft.server.snapshot.auto.trigger.enabled = true (custom)
2021-08-26 17:31:43,413 [pool-55-thread-1] INFO  server.RaftServerConfigKeys (ConfUtils.java:logGet(44)) - raft.server.snapshot.auto.trigger.threshold = 10000 (custom)
2021-08-26 17:31:43,413 [pool-55-thread-1] INFO  server.RaftServerConfigKeys (ConfUtils.java:logGet(44)) - raft.server.snapshot.retention.file.num = 5 (custom)
2021-08-26 17:31:43,413 [pool-55-thread-1] INFO  server.RaftServerConfigKeys (ConfUtils.java:logGet(44)) - raft.server.log.purge.upto.snapshot.index = false (default)
2021-08-26 17:31:43,413 [pool-55-thread-1] INFO  server.RaftServerConfigKeys (ConfUtils.java:logGet(44)) - raft.server.retrycache.expirytime = 600000ms (custom)
2021-08-26 17:31:43,413 [pool-55-thread-1] INFO  server.RaftServerConfigKeys (ConfUtils.java:logGet(44)) - raft.server.retrycache.statistics.expirytime = 100μs (default)
2021-08-26 17:31:43,417 [pool-55-thread-1] INFO  server.RaftServer$Division (RaftServerImpl.java:start(296)) - 648ce8fc-720e-401e-ac80-e1f8bda9cb96@group-BB297A2CE972: start as a follower, conf=-1: [648ce8fc-720e-401e-ac80-e1f8bda9cb96|rpc:10.1.0.42:35647|priority:1], old=null
2021-08-26 17:31:43,417 [pool-55-thread-1] INFO  server.RaftServer$Division (RaftServerImpl.java:setRole(285)) - 648ce8fc-720e-401e-ac80-e1f8bda9cb96@group-BB297A2CE972: changes role from      null to FOLLOWER at term 0 for startAsFollower
2021-08-26 17:31:43,417 [pool-55-thread-1] INFO  impl.RoleInfo (RoleInfo.java:updateAndGet(130)) - 648ce8fc-720e-401e-ac80-e1f8bda9cb96: start 648ce8fc-720e-401e-ac80-e1f8bda9cb96@group-BB297A2CE972-FollowerState
2021-08-26 17:31:43,423 [pool-55-thread-1] INFO  util.JmxRegister (JmxRegister.java:tryRegister(44)) - Successfully registered JMX Bean with object name Ratis:service=RaftServer,group=group-BB297A2CE972,id=648ce8fc-720e-401e-ac80-e1f8bda9cb96
2021-08-26 17:31:43,445 [EventQueue-PipelineReportForPipelineReportHandler] INFO  pipeline.PipelineManagerImpl (PipelineManagerImpl.java:openPipeline(282)) - Pipeline Pipeline[ Id: 54d415b5-08ab-4600-903e-bb297a2ce972, Nodes: 648ce8fc-720e-401e-ac80-e1f8bda9cb96{ip: 10.1.0.42, host: fv-az122-729.zf1tlrj3kn4expqppa1j4mpycf.xx.internal.cloudapp.net, ports: [REPLICATION=45165, RATIS=35647, RATIS_ADMIN=35647, RATIS_SERVER=35647, STANDALONE=33527], networkLocation: /default-rack, certSerialId: null, persistedOpState: IN_SERVICE, persistedOpStateExpiryEpochSec: 0}, ReplicationConfig: RATIS/ONE, State:ALLOCATED, leaderId:648ce8fc-720e-401e-ac80-e1f8bda9cb96, CreationTimestamp2021-08-26T17:31:40.427Z[Etc/UTC]] moved to OPEN state
2021-08-26 17:31:43,452 [Command processor thread] INFO  ratis.XceiverServerRatis (XceiverServerRatis.java:addGroup(763)) - Created group PipelineID=54d415b5-08ab-4600-903e-bb297a2ce972
2021-08-26 17:31:43,452 [EventQueue-OpenPipelineForHealthyPipelineSafeModeRule] INFO  safemode.SCMSafeModeManager (HealthyPipelineSafeModeRule.java:process(124)) - SCM in safe mode. Healthy pipelines reported count is 0, required healthy pipeline reported count is 1
2021-08-26 17:31:43,454 [Command processor thread] INFO  commandhandler.CreatePipelineCommandHandler (CreatePipelineCommandHandler.java:handle(106)) - Created Pipeline RATIS ONE PipelineID=54d415b5-08ab-4600-903e-bb297a2ce972.
2021-08-26 17:31:43,454 [Command processor thread] INFO  server.RaftServer (RaftServerProxy.java:addNew(95)) - 648ce8fc-720e-401e-ac80-e1f8bda9cb96: addNew group-13D014E1FF78:[648ce8fc-720e-401e-ac80-e1f8bda9cb96|rpc:10.1.0.42:35647|priority:1, 8937ce5d-1b80-47aa-9c38-ca8400d40bb7|rpc:10.1.0.42:36751|priority:0, 599d22f6-71b6-4f75-a803-0445b42d232b|rpc:10.1.0.42:34993|priority:0] returns group-13D014E1FF78:java.util.concurrent.CompletableFuture@2b1f7d05[Not completed]
2021-08-26 17:31:43,458 [pool-55-thread-1] INFO  server.RaftServer$Division (RaftServerImpl.java:<init>(181)) - 648ce8fc-720e-401e-ac80-e1f8bda9cb96: new RaftServerImpl for group-13D014E1FF78:[648ce8fc-720e-401e-ac80-e1f8bda9cb96|rpc:10.1.0.42:35647|priority:1, 8937ce5d-1b80-47aa-9c38-ca8400d40bb7|rpc:10.1.0.42:36751|priority:0, 599d22f6-71b6-4f75-a803-0445b42d232b|rpc:10.1.0.42:34993|priority:0] with ContainerStateMachine:uninitialized
2021-08-26 17:31:43,458 [pool-55-thread-1] INFO  server.RaftServerConfigKeys (ConfUtils.java:logGet(44)) - raft.server.rpc.timeout.min = 5s (custom)
2021-08-26 17:31:43,458 [pool-55-thread-1] INFO  server.RaftServerConfigKeys (ConfUtils.java:logGet(44)) - raft.server.rpc.timeout.max = 5200ms (custom)
2021-08-26 17:31:43,459 [pool-55-thread-1] INFO  server.RaftServerConfigKeys (ConfUtils.java:logGet(44)) - raft.server.rpc.sleep.time = 25ms (default)
2021-08-26 17:31:43,459 [pool-55-thread-1] INFO  server.RaftServerConfigKeys (ConfUtils.java:logGet(44)) - raft.server.rpc.slowness.timeout = 300000ms (custom)
2021-08-26 17:31:43,459 [pool-55-thread-1] INFO  server.RaftServerConfigKeys (ConfUtils.java:logGet(44)) - raft.server.leaderelection.leader.step-down.wait-time = 10s (default)
2021-08-26 17:31:43,459 [pool-55-thread-1] INFO  server.RaftServerConfigKeys (ConfUtils.java:logGet(44)) - raft.server.sleep.deviation.threshold = 300ms (default)
2021-08-26 17:31:43,459 [pool-55-thread-1] INFO  server.RaftServerConfigKeys (ConfUtils.java:logGet(44)) - raft.server.log.appender.install.snapshot.enabled = false (custom)
2021-08-26 17:31:43,459 [pool-55-thread-1] INFO  server.RaftServer$Division (ServerState.java:<init>(105)) - 648ce8fc-720e-401e-ac80-e1f8bda9cb96@group-13D014E1FF78: ConfigurationManager, init=-1: [648ce8fc-720e-401e-ac80-e1f8bda9cb96|rpc:10.1.0.42:35647|priority:1, 8937ce5d-1b80-47aa-9c38-ca8400d40bb7|rpc:10.1.0.42:36751|priority:0, 599d22f6-71b6-4f75-a803-0445b42d232b|rpc:10.1.0.42:34993|priority:0], old=null, confs=<EMPTY_MAP>
2021-08-26 17:31:43,459 [pool-55-thread-1] INFO  server.RaftServerConfigKeys (ConfUtils.java:logGet(44)) - raft.server.storage.dir = [/home/runner/work/ozone/ozone/hadoop-ozone/integration-test/target/test-dir/MiniOzoneClusterImpl-daa96565-427e-4fca-a993-08525edc6fa6/datanode-0/data/ratis] (custom)
2021-08-26 17:31:43,460 [pool-55-thread-1] INFO  server.RaftServerConfigKeys (ConfUtils.java:logGet(44)) - raft.server.log.corruption.policy = EXCEPTION (default)
2021-08-26 17:31:43,460 [pool-55-thread-1] INFO  server.RaftServerConfigKeys (ConfUtils.java:logGet(44)) - raft.server.storage.free-space.min = 0MB (=0) (default)
2021-08-26 17:31:43,460 [pool-55-thread-1] INFO  storage.RaftStorageDirectory (RaftStorageDirectoryImpl.java:analyzeStorage(135)) - The storage directory /home/runner/work/ozone/ozone/hadoop-ozone/integration-test/target/test-dir/MiniOzoneClusterImpl-daa96565-427e-4fca-a993-08525edc6fa6/datanode-0/data/ratis/1aabbb7e-a3ac-494e-966c-13d014e1ff78 does not exist. Creating ...
2021-08-26 17:31:43,462 [pool-55-thread-1] INFO  storage.RaftStorageDirectory (RaftStorageDirectoryImpl.java:tryLock(230)) - Lock on /home/runner/work/ozone/ozone/hadoop-ozone/integration-test/target/test-dir/MiniOzoneClusterImpl-daa96565-427e-4fca-a993-08525edc6fa6/datanode-0/data/ratis/1aabbb7e-a3ac-494e-966c-13d014e1ff78/in_use.lock acquired by nodename 21484@fv-az122-729
2021-08-26 17:31:43,467 [pool-55-thread-1] INFO  storage.RaftStorage (RaftStorageImpl.java:format(89)) - Storage directory /home/runner/work/ozone/ozone/hadoop-ozone/integration-test/target/test-dir/MiniOzoneClusterImpl-daa96565-427e-4fca-a993-08525edc6fa6/datanode-0/data/ratis/1aabbb7e-a3ac-494e-966c-13d014e1ff78 has been successfully formatted.
2021-08-26 17:31:43,468 [pool-55-thread-1] INFO  ratis.ContainerStateMachine (ContainerStateMachine.java:loadSnapshot(224)) - group-13D014E1FF78: The snapshot info is null. Setting the last applied indexto:(t:0, i:~)
2021-08-26 17:31:43,468 [pool-55-thread-1] INFO  server.RaftServerConfigKeys (ConfUtils.java:logGet(44)) - raft.server.notification.no-leader.timeout = 300000ms (custom)
2021-08-26 17:31:43,468 [pool-55-thread-1] INFO  server.RaftServerConfigKeys (ConfUtils.java:logGet(44)) - raft.server.log.use.memory = false (default)
2021-08-26 17:31:43,481 [pool-55-thread-1] INFO  server.RaftServerConfigKeys (ConfUtils.java:logGet(44)) - raft.server.log.purge.gap = 1000000 (custom)
2021-08-26 17:31:43,481 [pool-55-thread-1] INFO  server.RaftServerConfigKeys (ConfUtils.java:logGet(44)) - raft.server.log.appender.buffer.byte-limit = 33554432 (custom)
2021-08-26 17:31:43,482 [pool-55-thread-1] INFO  server.RaftServerConfigKeys (ConfUtils.java:logGet(44)) - raft.server.log.segment.size.max = 1048576 (custom)
2021-08-26 17:31:43,484 [EventQueue-OpenPipelineForHealthyPipelineSafeModeRule] INFO  safemode.SCMSafeModeManager (HealthyPipelineSafeModeRule.java:process(124)) - SCM in safe mode. Healthy pipelines reported count is 0, required healthy pipeline reported count is 1
2021-08-26 17:31:43,489 [pool-55-thread-1] INFO  server.RaftServerConfigKeys (ConfUtils.java:logGet(44)) - raft.server.log.segment.cache.num.max = 2 (custom)
2021-08-26 17:31:43,490 [pool-55-thread-1] INFO  server.RaftServerConfigKeys (ConfUtils.java:logGet(44)) - raft.server.log.segment.cache.size.max = 200MB (=209715200) (default)
2021-08-26 17:31:43,490 [pool-55-thread-1] INFO  segmented.SegmentedRaftLogWorker (SegmentedRaftLogWorker.java:<init>(182)) - new 648ce8fc-720e-401e-ac80-e1f8bda9cb96@group-13D014E1FF78-SegmentedRaftLogWorker for RaftStorageImpl:Storage Directory /home/runner/work/ozone/ozone/hadoop-ozone/integration-test/target/test-dir/MiniOzoneClusterImpl-daa96565-427e-4fca-a993-08525edc6fa6/datanode-0/data/ratis/1aabbb7e-a3ac-494e-966c-13d014e1ff78
2021-08-26 17:31:43,490 [pool-55-thread-1] INFO  server.RaftServerConfigKeys (ConfUtils.java:logGet(44)) - raft.server.log.queue.byte-limit = 2147483647 (custom)
2021-08-26 17:31:43,490 [pool-55-thread-1] INFO  server.RaftServerConfigKeys (ConfUtils.java:logGet(44)) - raft.server.log.queue.element-limit = 1024 (custom)
2021-08-26 17:31:43,490 [pool-55-thread-1] INFO  server.RaftServerConfigKeys (ConfUtils.java:logGet(44)) - raft.server.log.segment.size.max = 1048576 (custom)
2021-08-26 17:31:43,490 [pool-55-thread-1] INFO  server.RaftServerConfigKeys (ConfUtils.java:logGet(44)) - raft.server.log.preallocated.size = 16384 (custom)
2021-08-26 17:31:43,490 [pool-55-thread-1] INFO  server.RaftServerConfigKeys (ConfUtils.java:logGet(44)) - raft.server.log.force.sync.num = 128 (default)
2021-08-26 17:31:43,490 [pool-55-thread-1] INFO  server.RaftServerConfigKeys (ConfUtils.java:logGet(44)) - raft.server.log.statemachine.data.sync = true (default)
2021-08-26 17:31:43,490 [pool-55-thread-1] INFO  server.RaftServerConfigKeys (ConfUtils.java:logGet(44)) - raft.server.log.statemachine.data.sync.timeout = 10s (default)
2021-08-26 17:31:43,490 [pool-55-thread-1] INFO  server.RaftServerConfigKeys (ConfUtils.java:logGet(44)) - raft.server.log.statemachine.data.sync.timeout.retry = -1 (default)
2021-08-26 17:31:43,501 [pool-55-thread-1] INFO  server.RaftServerConfigKeys (ConfUtils.java:logGet(44)) - raft.server.log.write.buffer.size = 1048576 (custom)
2021-08-26 17:31:43,501 [pool-55-thread-1] INFO  server.RaftServerConfigKeys (ConfUtils.java:logGet(44)) - raft.server.log.statemachine.data.caching.enabled = true (custom)
2021-08-26 17:31:43,502 [pool-55-thread-1] INFO  segmented.SegmentedRaftLogWorker (SegmentedRaftLogWorker.java:lambda$new$0(133)) - 648ce8fc-720e-401e-ac80-e1f8bda9cb96@group-13D014E1FF78-SegmentedRaftLogWorker: flushIndex: setUnconditionally 0 -> -1
2021-08-26 17:31:43,502 [pool-55-thread-1] INFO  segmented.SegmentedRaftLogWorker (SegmentedRaftLogWorker.java:lambda$new$0(133)) - 648ce8fc-720e-401e-ac80-e1f8bda9cb96@group-13D014E1FF78-SegmentedRaftLogWorker: safeCacheEvictIndex: setUnconditionally 0 -> -1
2021-08-26 17:31:43,503 [pool-55-thread-1] INFO  server.RaftServerConfigKeys (ConfUtils.java:logGet(44)) - raft.server.snapshot.auto.trigger.enabled = true (custom)
2021-08-26 17:31:43,503 [pool-55-thread-1] INFO  server.RaftServerConfigKeys (ConfUtils.java:logGet(44)) - raft.server.snapshot.auto.trigger.threshold = 10000 (custom)
2021-08-26 17:31:43,503 [pool-55-thread-1] INFO  server.RaftServerConfigKeys (ConfUtils.java:logGet(44)) - raft.server.snapshot.retention.file.num = 5 (custom)
2021-08-26 17:31:43,503 [pool-55-thread-1] INFO  server.RaftServerConfigKeys (ConfUtils.java:logGet(44)) - raft.server.log.purge.upto.snapshot.index = false (default)
2021-08-26 17:31:43,504 [pool-55-thread-1] INFO  server.RaftServerConfigKeys (ConfUtils.java:logGet(44)) - raft.server.retrycache.expirytime = 600000ms (custom)
2021-08-26 17:31:43,504 [pool-55-thread-1] INFO  server.RaftServerConfigKeys (ConfUtils.java:logGet(44)) - raft.server.retrycache.statistics.expirytime = 100μs (default)
2021-08-26 17:31:43,507 [pool-55-thread-1] INFO  server.RaftServer$Division (RaftServerImpl.java:start(296)) - 648ce8fc-720e-401e-ac80-e1f8bda9cb96@group-13D014E1FF78: start as a follower, conf=-1: [648ce8fc-720e-401e-ac80-e1f8bda9cb96|rpc:10.1.0.42:35647|priority:1, 8937ce5d-1b80-47aa-9c38-ca8400d40bb7|rpc:10.1.0.42:36751|priority:0, 599d22f6-71b6-4f75-a803-0445b42d232b|rpc:10.1.0.42:34993|priority:0], old=null
2021-08-26 17:31:43,507 [pool-55-thread-1] INFO  server.RaftServer$Division (RaftServerImpl.java:setRole(285)) - 648ce8fc-720e-401e-ac80-e1f8bda9cb96@group-13D014E1FF78: changes role from      null to FOLLOWER at term 0 for startAsFollower
2021-08-26 17:31:43,507 [pool-55-thread-1] INFO  impl.RoleInfo (RoleInfo.java:updateAndGet(130)) - 648ce8fc-720e-401e-ac80-e1f8bda9cb96: start 648ce8fc-720e-401e-ac80-e1f8bda9cb96@group-13D014E1FF78-FollowerState
2021-08-26 17:31:43,511 [pool-55-thread-1] INFO  util.JmxRegister (JmxRegister.java:tryRegister(44)) - Successfully registered JMX Bean with object name Ratis:service=RaftServer,group=group-13D014E1FF78,id=648ce8fc-720e-401e-ac80-e1f8bda9cb96
2021-08-26 17:31:43,512 [Command processor thread] INFO  ratis.XceiverServerRatis (XceiverServerRatis.java:addGroup(763)) - Created group PipelineID=1aabbb7e-a3ac-494e-966c-13d014e1ff78
2021-08-26 17:31:43,704 [Command processor thread] INFO  server.RaftServer (RaftServerProxy.java:addNew(95)) - 599d22f6-71b6-4f75-a803-0445b42d232b: addNew group-5E6164CAF897:[599d22f6-71b6-4f75-a803-0445b42d232b|rpc:10.1.0.42:34993|priority:1] returns group-5E6164CAF897:java.util.concurrent.CompletableFuture@5d9f130d[Not completed]
2021-08-26 17:31:43,721 [pool-74-thread-1] INFO  server.RaftServer$Division (RaftServerImpl.java:<init>(181)) - 599d22f6-71b6-4f75-a803-0445b42d232b: new RaftServerImpl for group-5E6164CAF897:[599d22f6-71b6-4f75-a803-0445b42d232b|rpc:10.1.0.42:34993|priority:1] with ContainerStateMachine:uninitialized
2021-08-26 17:31:43,724 [pool-74-thread-1] INFO  server.RaftServerConfigKeys (ConfUtils.java:logGet(44)) - raft.server.rpc.timeout.min = 5s (custom)
2021-08-26 17:31:43,724 [pool-74-thread-1] INFO  server.RaftServerConfigKeys (ConfUtils.java:logGet(44)) - raft.server.rpc.timeout.max = 5200ms (custom)
2021-08-26 17:31:43,724 [pool-74-thread-1] INFO  server.RaftServerConfigKeys (ConfUtils.java:logGet(44)) - raft.server.rpc.sleep.time = 25ms (default)
2021-08-26 17:31:43,724 [pool-74-thread-1] INFO  server.RaftServerConfigKeys (ConfUtils.java:logGet(44)) - raft.server.rpc.slowness.timeout = 300000ms (custom)
2021-08-26 17:31:43,724 [pool-74-thread-1] INFO  server.RaftServerConfigKeys (ConfUtils.java:logGet(44)) - raft.server.leaderelection.leader.step-down.wait-time = 10s (default)
2021-08-26 17:31:43,724 [pool-74-thread-1] INFO  server.RaftServerConfigKeys (ConfUtils.java:logGet(44)) - raft.server.sleep.deviation.threshold = 300ms (default)
2021-08-26 17:31:43,724 [pool-74-thread-1] INFO  server.RaftServerConfigKeys (ConfUtils.java:logGet(44)) - raft.server.log.appender.install.snapshot.enabled = false (custom)
2021-08-26 17:31:43,724 [pool-74-thread-1] INFO  server.RaftServer$Division (ServerState.java:<init>(105)) - 599d22f6-71b6-4f75-a803-0445b42d232b@group-5E6164CAF897: ConfigurationManager, init=-1: [599d22f6-71b6-4f75-a803-0445b42d232b|rpc:10.1.0.42:34993|priority:1], old=null, confs=<EMPTY_MAP>
2021-08-26 17:31:43,727 [pool-74-thread-1] INFO  server.RaftServerConfigKeys (ConfUtils.java:logGet(44)) - raft.server.storage.dir = [/home/runner/work/ozone/ozone/hadoop-ozone/integration-test/target/test-dir/MiniOzoneClusterImpl-daa96565-427e-4fca-a993-08525edc6fa6/datanode-1/data/ratis] (custom)
2021-08-26 17:31:43,728 [pool-74-thread-1] INFO  server.RaftServerConfigKeys (ConfUtils.java:logGet(44)) - raft.server.log.corruption.policy = EXCEPTION (default)
2021-08-26 17:31:43,728 [pool-74-thread-1] INFO  server.RaftServerConfigKeys (ConfUtils.java:logGet(44)) - raft.server.storage.free-space.min = 0MB (=0) (default)
2021-08-26 17:31:43,728 [pool-74-thread-1] INFO  storage.RaftStorageDirectory (RaftStorageDirectoryImpl.java:analyzeStorage(135)) - The storage directory /home/runner/work/ozone/ozone/hadoop-ozone/integration-test/target/test-dir/MiniOzoneClusterImpl-daa96565-427e-4fca-a993-08525edc6fa6/datanode-1/data/ratis/6e219946-39fe-496d-b19f-5e6164caf897 does not exist. Creating ...
2021-08-26 17:31:43,749 [pool-74-thread-1] INFO  storage.RaftStorageDirectory (RaftStorageDirectoryImpl.java:tryLock(230)) - Lock on /home/runner/work/ozone/ozone/hadoop-ozone/integration-test/target/test-dir/MiniOzoneClusterImpl-daa96565-427e-4fca-a993-08525edc6fa6/datanode-1/data/ratis/6e219946-39fe-496d-b19f-5e6164caf897/in_use.lock acquired by nodename 21484@fv-az122-729
2021-08-26 17:31:43,752 [pool-74-thread-1] INFO  storage.RaftStorage (RaftStorageImpl.java:format(89)) - Storage directory /home/runner/work/ozone/ozone/hadoop-ozone/integration-test/target/test-dir/MiniOzoneClusterImpl-daa96565-427e-4fca-a993-08525edc6fa6/datanode-1/data/ratis/6e219946-39fe-496d-b19f-5e6164caf897 has been successfully formatted.
2021-08-26 17:31:43,754 [pool-74-thread-1] INFO  ratis.ContainerStateMachine (ContainerStateMachine.java:loadSnapshot(224)) - group-5E6164CAF897: The snapshot info is null. Setting the last applied indexto:(t:0, i:~)
2021-08-26 17:31:43,754 [pool-74-thread-1] INFO  server.RaftServerConfigKeys (ConfUtils.java:logGet(44)) - raft.server.notification.no-leader.timeout = 300000ms (custom)
2021-08-26 17:31:43,754 [pool-74-thread-1] INFO  server.RaftServerConfigKeys (ConfUtils.java:logGet(44)) - raft.server.log.use.memory = false (default)
2021-08-26 17:31:43,755 [pool-74-thread-1] INFO  server.RaftServerConfigKeys (ConfUtils.java:logGet(44)) - raft.server.log.purge.gap = 1000000 (custom)
2021-08-26 17:31:43,755 [pool-74-thread-1] INFO  server.RaftServerConfigKeys (ConfUtils.java:logGet(44)) - raft.server.log.appender.buffer.byte-limit = 33554432 (custom)
2021-08-26 17:31:43,755 [pool-74-thread-1] INFO  server.RaftServerConfigKeys (ConfUtils.java:logGet(44)) - raft.server.log.segment.size.max = 1048576 (custom)
2021-08-26 17:31:43,756 [pool-74-thread-1] INFO  server.RaftServerConfigKeys (ConfUtils.java:logGet(44)) - raft.server.log.segment.cache.num.max = 2 (custom)
2021-08-26 17:31:43,756 [pool-74-thread-1] INFO  server.RaftServerConfigKeys (ConfUtils.java:logGet(44)) - raft.server.log.segment.cache.size.max = 200MB (=209715200) (default)
2021-08-26 17:31:43,756 [pool-74-thread-1] INFO  segmented.SegmentedRaftLogWorker (SegmentedRaftLogWorker.java:<init>(182)) - new 599d22f6-71b6-4f75-a803-0445b42d232b@group-5E6164CAF897-SegmentedRaftLogWorker for RaftStorageImpl:Storage Directory /home/runner/work/ozone/ozone/hadoop-ozone/integration-test/target/test-dir/MiniOzoneClusterImpl-daa96565-427e-4fca-a993-08525edc6fa6/datanode-1/data/ratis/6e219946-39fe-496d-b19f-5e6164caf897
2021-08-26 17:31:43,756 [pool-74-thread-1] INFO  server.RaftServerConfigKeys (ConfUtils.java:logGet(44)) - raft.server.log.queue.byte-limit = 2147483647 (custom)
2021-08-26 17:31:43,756 [pool-74-thread-1] INFO  server.RaftServerConfigKeys (ConfUtils.java:logGet(44)) - raft.server.log.queue.element-limit = 1024 (custom)
2021-08-26 17:31:43,756 [pool-74-thread-1] INFO  server.RaftServerConfigKeys (ConfUtils.java:logGet(44)) - raft.server.log.segment.size.max = 1048576 (custom)
2021-08-26 17:31:43,756 [pool-74-thread-1] INFO  server.RaftServerConfigKeys (ConfUtils.java:logGet(44)) - raft.server.log.preallocated.size = 16384 (custom)
2021-08-26 17:31:43,756 [pool-74-thread-1] INFO  server.RaftServerConfigKeys (ConfUtils.java:logGet(44)) - raft.server.log.force.sync.num = 128 (default)
2021-08-26 17:31:43,756 [pool-74-thread-1] INFO  server.RaftServerConfigKeys (ConfUtils.java:logGet(44)) - raft.server.log.statemachine.data.sync = true (default)
2021-08-26 17:31:43,756 [pool-74-thread-1] INFO  server.RaftServerConfigKeys (ConfUtils.java:logGet(44)) - raft.server.log.statemachine.data.sync.timeout = 10s (default)
2021-08-26 17:31:43,756 [pool-74-thread-1] INFO  server.RaftServerConfigKeys (ConfUtils.java:logGet(44)) - raft.server.log.statemachine.data.sync.timeout.retry = -1 (default)
2021-08-26 17:31:43,758 [pool-74-thread-1] INFO  server.RaftServerConfigKeys (ConfUtils.java:logGet(44)) - raft.server.log.write.buffer.size = 1048576 (custom)
2021-08-26 17:31:43,759 [pool-74-thread-1] INFO  server.RaftServerConfigKeys (ConfUtils.java:logGet(44)) - raft.server.log.statemachine.data.caching.enabled = true (custom)
2021-08-26 17:31:43,759 [pool-74-thread-1] INFO  segmented.SegmentedRaftLogWorker (SegmentedRaftLogWorker.java:lambda$new$0(133)) - 599d22f6-71b6-4f75-a803-0445b42d232b@group-5E6164CAF897-SegmentedRaftLogWorker: flushIndex: setUnconditionally 0 -> -1
2021-08-26 17:31:43,760 [pool-74-thread-1] INFO  segmented.SegmentedRaftLogWorker (SegmentedRaftLogWorker.java:lambda$new$0(133)) - 599d22f6-71b6-4f75-a803-0445b42d232b@group-5E6164CAF897-SegmentedRaftLogWorker: safeCacheEvictIndex: setUnconditionally 0 -> -1
2021-08-26 17:31:43,760 [pool-74-thread-1] INFO  server.RaftServerConfigKeys (ConfUtils.java:logGet(44)) - raft.server.snapshot.auto.trigger.enabled = true (custom)
2021-08-26 17:31:43,760 [pool-74-thread-1] INFO  server.RaftServerConfigKeys (ConfUtils.java:logGet(44)) - raft.server.snapshot.auto.trigger.threshold = 10000 (custom)
2021-08-26 17:31:43,760 [pool-74-thread-1] INFO  server.RaftServerConfigKeys (ConfUtils.java:logGet(44)) - raft.server.snapshot.retention.file.num = 5 (custom)
2021-08-26 17:31:43,760 [pool-74-thread-1] INFO  server.RaftServerConfigKeys (ConfUtils.java:logGet(44)) - raft.server.log.purge.upto.snapshot.index = false (default)
2021-08-26 17:31:43,760 [pool-74-thread-1] INFO  server.RaftServerConfigKeys (ConfUtils.java:logGet(44)) - raft.server.retrycache.expirytime = 600000ms (custom)
2021-08-26 17:31:43,760 [pool-74-thread-1] INFO  server.RaftServerConfigKeys (ConfUtils.java:logGet(44)) - raft.server.retrycache.statistics.expirytime = 100μs (default)
2021-08-26 17:31:43,767 [EventQueue-PipelineReportForPipelineReportHandler] INFO  pipeline.PipelineManagerImpl (PipelineManagerImpl.java:openPipeline(282)) - Pipeline Pipeline[ Id: 6e219946-39fe-496d-b19f-5e6164caf897, Nodes: 599d22f6-71b6-4f75-a803-0445b42d232b{ip: 10.1.0.42, host: fv-az122-729.zf1tlrj3kn4expqppa1j4mpycf.xx.internal.cloudapp.net, ports: [REPLICATION=36909, RATIS=34993, RATIS_ADMIN=34993, RATIS_SERVER=34993, STANDALONE=41961], networkLocation: /default-rack, certSerialId: null, persistedOpState: IN_SERVICE, persistedOpStateExpiryEpochSec: 0}, ReplicationConfig: RATIS/ONE, State:ALLOCATED, leaderId:599d22f6-71b6-4f75-a803-0445b42d232b, CreationTimestamp2021-08-26T17:31:40.693Z[Etc/UTC]] moved to OPEN state
2021-08-26 17:31:43,767 [EventQueue-OpenPipelineForHealthyPipelineSafeModeRule] INFO  safemode.SCMSafeModeManager (HealthyPipelineSafeModeRule.java:process(124)) - SCM in safe mode. Healthy pipelines reported count is 0, required healthy pipeline reported count is 1
2021-08-26 17:31:43,770 [pool-74-thread-1] INFO  server.RaftServer$Division (RaftServerImpl.java:start(296)) - 599d22f6-71b6-4f75-a803-0445b42d232b@group-5E6164CAF897: start as a follower, conf=-1: [599d22f6-71b6-4f75-a803-0445b42d232b|rpc:10.1.0.42:34993|priority:1], old=null
2021-08-26 17:31:43,772 [pool-74-thread-1] INFO  server.RaftServer$Division (RaftServerImpl.java:setRole(285)) - 599d22f6-71b6-4f75-a803-0445b42d232b@group-5E6164CAF897: changes role from      null to FOLLOWER at term 0 for startAsFollower
2021-08-26 17:31:43,772 [pool-74-thread-1] INFO  impl.RoleInfo (RoleInfo.java:updateAndGet(130)) - 599d22f6-71b6-4f75-a803-0445b42d232b: start 599d22f6-71b6-4f75-a803-0445b42d232b@group-5E6164CAF897-FollowerState
2021-08-26 17:31:43,772 [pool-74-thread-1] INFO  util.JmxRegister (JmxRegister.java:tryRegister(44)) - Successfully registered JMX Bean with object name Ratis:service=RaftServer,group=group-5E6164CAF897,id=599d22f6-71b6-4f75-a803-0445b42d232b
2021-08-26 17:31:43,780 [Command processor thread] INFO  ratis.XceiverServerRatis (XceiverServerRatis.java:addGroup(763)) - Created group PipelineID=6e219946-39fe-496d-b19f-5e6164caf897
2021-08-26 17:31:43,780 [Command processor thread] INFO  commandhandler.CreatePipelineCommandHandler (CreatePipelineCommandHandler.java:handle(106)) - Created Pipeline RATIS ONE PipelineID=6e219946-39fe-496d-b19f-5e6164caf897.
2021-08-26 17:31:43,781 [Command processor thread] INFO  server.RaftServer (RaftServerProxy.java:addNew(95)) - 599d22f6-71b6-4f75-a803-0445b42d232b: addNew group-13D014E1FF78:[648ce8fc-720e-401e-ac80-e1f8bda9cb96|rpc:10.1.0.42:35647|priority:1, 8937ce5d-1b80-47aa-9c38-ca8400d40bb7|rpc:10.1.0.42:36751|priority:0, 599d22f6-71b6-4f75-a803-0445b42d232b|rpc:10.1.0.42:34993|priority:0] returns group-13D014E1FF78:java.util.concurrent.CompletableFuture@59a09c66[Not completed]
2021-08-26 17:31:43,782 [pool-74-thread-1] INFO  server.RaftServer$Division (RaftServerImpl.java:<init>(181)) - 599d22f6-71b6-4f75-a803-0445b42d232b: new RaftServerImpl for group-13D014E1FF78:[648ce8fc-720e-401e-ac80-e1f8bda9cb96|rpc:10.1.0.42:35647|priority:1, 8937ce5d-1b80-47aa-9c38-ca8400d40bb7|rpc:10.1.0.42:36751|priority:0, 599d22f6-71b6-4f75-a803-0445b42d232b|rpc:10.1.0.42:34993|priority:0] with ContainerStateMachine:uninitialized
2021-08-26 17:31:43,782 [pool-74-thread-1] INFO  server.RaftServerConfigKeys (ConfUtils.java:logGet(44)) - raft.server.rpc.timeout.min = 5s (custom)
2021-08-26 17:31:43,782 [pool-74-thread-1] INFO  server.RaftServerConfigKeys (ConfUtils.java:logGet(44)) - raft.server.rpc.timeout.max = 5200ms (custom)
2021-08-26 17:31:43,783 [pool-74-thread-1] INFO  server.RaftServerConfigKeys (ConfUtils.java:logGet(44)) - raft.server.rpc.sleep.time = 25ms (default)
2021-08-26 17:31:43,783 [pool-74-thread-1] INFO  server.RaftServerConfigKeys (ConfUtils.java:logGet(44)) - raft.server.rpc.slowness.timeout = 300000ms (custom)
2021-08-26 17:31:43,783 [pool-74-thread-1] INFO  server.RaftServerConfigKeys (ConfUtils.java:logGet(44)) - raft.server.leaderelection.leader.step-down.wait-time = 10s (default)
2021-08-26 17:31:43,783 [pool-74-thread-1] INFO  server.RaftServerConfigKeys (ConfUtils.java:logGet(44)) - raft.server.sleep.deviation.threshold = 300ms (default)
2021-08-26 17:31:43,783 [pool-74-thread-1] INFO  server.RaftServerConfigKeys (ConfUtils.java:logGet(44)) - raft.server.log.appender.install.snapshot.enabled = false (custom)
2021-08-26 17:31:43,783 [pool-74-thread-1] INFO  server.RaftServer$Division (ServerState.java:<init>(105)) - 599d22f6-71b6-4f75-a803-0445b42d232b@group-13D014E1FF78: ConfigurationManager, init=-1: [648ce8fc-720e-401e-ac80-e1f8bda9cb96|rpc:10.1.0.42:35647|priority:1, 8937ce5d-1b80-47aa-9c38-ca8400d40bb7|rpc:10.1.0.42:36751|priority:0, 599d22f6-71b6-4f75-a803-0445b42d232b|rpc:10.1.0.42:34993|priority:0], old=null, confs=<EMPTY_MAP>
2021-08-26 17:31:43,783 [pool-74-thread-1] INFO  server.RaftServerConfigKeys (ConfUtils.java:logGet(44)) - raft.server.storage.dir = [/home/runner/work/ozone/ozone/hadoop-ozone/integration-test/target/test-dir/MiniOzoneClusterImpl-daa96565-427e-4fca-a993-08525edc6fa6/datanode-1/data/ratis] (custom)
2021-08-26 17:31:43,783 [pool-74-thread-1] INFO  server.RaftServerConfigKeys (ConfUtils.java:logGet(44)) - raft.server.log.corruption.policy = EXCEPTION (default)
2021-08-26 17:31:43,784 [pool-74-thread-1] INFO  server.RaftServerConfigKeys (ConfUtils.java:logGet(44)) - raft.server.storage.free-space.min = 0MB (=0) (default)
2021-08-26 17:31:43,784 [pool-74-thread-1] INFO  storage.RaftStorageDirectory (RaftStorageDirectoryImpl.java:analyzeStorage(135)) - The storage directory /home/runner/work/ozone/ozone/hadoop-ozone/integration-test/target/test-dir/MiniOzoneClusterImpl-daa96565-427e-4fca-a993-08525edc6fa6/datanode-1/data/ratis/1aabbb7e-a3ac-494e-966c-13d014e1ff78 does not exist. Creating ...
2021-08-26 17:31:43,785 [pool-74-thread-1] INFO  storage.RaftStorageDirectory (RaftStorageDirectoryImpl.java:tryLock(230)) - Lock on /home/runner/work/ozone/ozone/hadoop-ozone/integration-test/target/test-dir/MiniOzoneClusterImpl-daa96565-427e-4fca-a993-08525edc6fa6/datanode-1/data/ratis/1aabbb7e-a3ac-494e-966c-13d014e1ff78/in_use.lock acquired by nodename 21484@fv-az122-729
2021-08-26 17:31:43,786 [pool-74-thread-1] INFO  storage.RaftStorage (RaftStorageImpl.java:format(89)) - Storage directory /home/runner/work/ozone/ozone/hadoop-ozone/integration-test/target/test-dir/MiniOzoneClusterImpl-daa96565-427e-4fca-a993-08525edc6fa6/datanode-1/data/ratis/1aabbb7e-a3ac-494e-966c-13d014e1ff78 has been successfully formatted.
2021-08-26 17:31:43,792 [Datanode State Machine Thread - 0] WARN  statemachine.StateContext (StateContext.java:execute(621)) - No available thread in pool for past 1 seconds.
2021-08-26 17:31:43,795 [EventQueue-OpenPipelineForHealthyPipelineSafeModeRule] INFO  safemode.SCMSafeModeManager (HealthyPipelineSafeModeRule.java:process(124)) - SCM in safe mode. Healthy pipelines reported count is 0, required healthy pipeline reported count is 1
2021-08-26 17:31:43,799 [pool-74-thread-1] INFO  ratis.ContainerStateMachine (ContainerStateMachine.java:loadSnapshot(224)) - group-13D014E1FF78: The snapshot info is null. Setting the last applied indexto:(t:0, i:~)
2021-08-26 17:31:43,799 [pool-74-thread-1] INFO  server.RaftServerConfigKeys (ConfUtils.java:logGet(44)) - raft.server.notification.no-leader.timeout = 300000ms (custom)
2021-08-26 17:31:43,800 [pool-74-thread-1] INFO  server.RaftServerConfigKeys (ConfUtils.java:logGet(44)) - raft.server.log.use.memory = false (default)
2021-08-26 17:31:43,800 [pool-74-thread-1] INFO  server.RaftServerConfigKeys (ConfUtils.java:logGet(44)) - raft.server.log.purge.gap = 1000000 (custom)
2021-08-26 17:31:43,800 [pool-74-thread-1] INFO  server.RaftServerConfigKeys (ConfUtils.java:logGet(44)) - raft.server.log.appender.buffer.byte-limit = 33554432 (custom)
2021-08-26 17:31:43,800 [pool-74-thread-1] INFO  server.RaftServerConfigKeys (ConfUtils.java:logGet(44)) - raft.server.log.segment.size.max = 1048576 (custom)
2021-08-26 17:31:43,801 [pool-74-thread-1] INFO  server.RaftServerConfigKeys (ConfUtils.java:logGet(44)) - raft.server.log.segment.cache.num.max = 2 (custom)
2021-08-26 17:31:43,801 [pool-74-thread-1] INFO  server.RaftServerConfigKeys (ConfUtils.java:logGet(44)) - raft.server.log.segment.cache.size.max = 200MB (=209715200) (default)
2021-08-26 17:31:43,801 [pool-74-thread-1] INFO  segmented.SegmentedRaftLogWorker (SegmentedRaftLogWorker.java:<init>(182)) - new 599d22f6-71b6-4f75-a803-0445b42d232b@group-13D014E1FF78-SegmentedRaftLogWorker for RaftStorageImpl:Storage Directory /home/runner/work/ozone/ozone/hadoop-ozone/integration-test/target/test-dir/MiniOzoneClusterImpl-daa96565-427e-4fca-a993-08525edc6fa6/datanode-1/data/ratis/1aabbb7e-a3ac-494e-966c-13d014e1ff78
2021-08-26 17:31:43,801 [pool-74-thread-1] INFO  server.RaftServerConfigKeys (ConfUtils.java:logGet(44)) - raft.server.log.queue.byte-limit = 2147483647 (custom)
2021-08-26 17:31:43,801 [pool-74-thread-1] INFO  server.RaftServerConfigKeys (ConfUtils.java:logGet(44)) - raft.server.log.queue.element-limit = 1024 (custom)
2021-08-26 17:31:43,801 [pool-74-thread-1] INFO  server.RaftServerConfigKeys (ConfUtils.java:logGet(44)) - raft.server.log.segment.size.max = 1048576 (custom)
2021-08-26 17:31:43,801 [pool-74-thread-1] INFO  server.RaftServerConfigKeys (ConfUtils.java:logGet(44)) - raft.server.log.preallocated.size = 16384 (custom)
2021-08-26 17:31:43,801 [pool-74-thread-1] INFO  server.RaftServerConfigKeys (ConfUtils.java:logGet(44)) - raft.server.log.force.sync.num = 128 (default)
2021-08-26 17:31:43,802 [pool-74-thread-1] INFO  server.RaftServerConfigKeys (ConfUtils.java:logGet(44)) - raft.server.log.statemachine.data.sync = true (default)
2021-08-26 17:31:43,802 [pool-74-thread-1] INFO  server.RaftServerConfigKeys (ConfUtils.java:logGet(44)) - raft.server.log.statemachine.data.sync.timeout = 10s (default)
2021-08-26 17:31:43,802 [pool-74-thread-1] INFO  server.RaftServerConfigKeys (ConfUtils.java:logGet(44)) - raft.server.log.statemachine.data.sync.timeout.retry = -1 (default)
2021-08-26 17:31:43,804 [pool-74-thread-1] INFO  server.RaftServerConfigKeys (ConfUtils.java:logGet(44)) - raft.server.log.write.buffer.size = 1048576 (custom)
2021-08-26 17:31:43,805 [pool-74-thread-1] INFO  server.RaftServerConfigKeys (ConfUtils.java:logGet(44)) - raft.server.log.statemachine.data.caching.enabled = true (custom)
2021-08-26 17:31:43,805 [pool-74-thread-1] INFO  segmented.SegmentedRaftLogWorker (SegmentedRaftLogWorker.java:lambda$new$0(133)) - 599d22f6-71b6-4f75-a803-0445b42d232b@group-13D014E1FF78-SegmentedRaftLogWorker: flushIndex: setUnconditionally 0 -> -1
2021-08-26 17:31:43,805 [pool-74-thread-1] INFO  segmented.SegmentedRaftLogWorker (SegmentedRaftLogWorker.java:lambda$new$0(133)) - 599d22f6-71b6-4f75-a803-0445b42d232b@group-13D014E1FF78-SegmentedRaftLogWorker: safeCacheEvictIndex: setUnconditionally 0 -> -1
2021-08-26 17:31:43,805 [pool-74-thread-1] INFO  server.RaftServerConfigKeys (ConfUtils.java:logGet(44)) - raft.server.snapshot.auto.trigger.enabled = true (custom)
2021-08-26 17:31:43,805 [pool-74-thread-1] INFO  server.RaftServerConfigKeys (ConfUtils.java:logGet(44)) - raft.server.snapshot.auto.trigger.threshold = 10000 (custom)
2021-08-26 17:31:43,805 [pool-74-thread-1] INFO  server.RaftServerConfigKeys (ConfUtils.java:logGet(44)) - raft.server.snapshot.retention.file.num = 5 (custom)
2021-08-26 17:31:43,805 [pool-74-thread-1] INFO  server.RaftServerConfigKeys (ConfUtils.java:logGet(44)) - raft.server.log.purge.upto.snapshot.index = false (default)
2021-08-26 17:31:43,806 [pool-74-thread-1] INFO  server.RaftServerConfigKeys (ConfUtils.java:logGet(44)) - raft.server.retrycache.expirytime = 600000ms (custom)
2021-08-26 17:31:43,806 [pool-74-thread-1] INFO  server.RaftServerConfigKeys (ConfUtils.java:logGet(44)) - raft.server.retrycache.statistics.expirytime = 100μs (default)
2021-08-26 17:31:43,811 [pool-74-thread-1] INFO  server.RaftServer$Division (RaftServerImpl.java:start(296)) - 599d22f6-71b6-4f75-a803-0445b42d232b@group-13D014E1FF78: start as a follower, conf=-1: [648ce8fc-720e-401e-ac80-e1f8bda9cb96|rpc:10.1.0.42:35647|priority:1, 8937ce5d-1b80-47aa-9c38-ca8400d40bb7|rpc:10.1.0.42:36751|priority:0, 599d22f6-71b6-4f75-a803-0445b42d232b|rpc:10.1.0.42:34993|priority:0], old=null
2021-08-26 17:31:43,811 [pool-74-thread-1] INFO  server.RaftServer$Division (RaftServerImpl.java:setRole(285)) - 599d22f6-71b6-4f75-a803-0445b42d232b@group-13D014E1FF78: changes role from      null to FOLLOWER at term 0 for startAsFollower
2021-08-26 17:31:43,811 [pool-74-thread-1] INFO  impl.RoleInfo (RoleInfo.java:updateAndGet(130)) - 599d22f6-71b6-4f75-a803-0445b42d232b: start 599d22f6-71b6-4f75-a803-0445b42d232b@group-13D014E1FF78-FollowerState
2021-08-26 17:31:43,811 [pool-74-thread-1] INFO  util.JmxRegister (JmxRegister.java:tryRegister(44)) - Successfully registered JMX Bean with object name Ratis:service=RaftServer,group=group-13D014E1FF78,id=599d22f6-71b6-4f75-a803-0445b42d232b
2021-08-26 17:31:43,812 [Command processor thread] INFO  ratis.XceiverServerRatis (XceiverServerRatis.java:addGroup(763)) - Created group PipelineID=1aabbb7e-a3ac-494e-966c-13d014e1ff78
2021-08-26 17:31:44,053 [Listener at 127.0.0.1/35991] INFO  ozone.MiniOzoneClusterImpl (MiniOzoneClusterImpl.java:lambda$waitForClusterToBeReady$0(235)) - Nodes are ready. Got 7 of 7 DN Heartbeats.
2021-08-26 17:31:44,053 [Listener at 127.0.0.1/35991] INFO  ozone.MiniOzoneClusterImpl (MiniOzoneClusterImpl.java:lambda$waitForClusterToBeReady$0(238)) - Waiting for cluster to exit safe mode
2021-08-26 17:31:44,053 [Listener at 127.0.0.1/35991] INFO  ozone.MiniOzoneClusterImpl (MiniOzoneClusterImpl.java:lambda$waitForClusterToBeReady$0(240)) - SCM became leader
2021-08-26 17:31:44,214 [grpc-default-executor-0] INFO  server.RaftServer (RaftServerProxy.java:addNew(95)) - 8937ce5d-1b80-47aa-9c38-ca8400d40bb7: addNew group-13D014E1FF78:[648ce8fc-720e-401e-ac80-e1f8bda9cb96|rpc:10.1.0.42:35647|dataStream:|priority:1, 8937ce5d-1b80-47aa-9c38-ca8400d40bb7|rpc:10.1.0.42:36751|dataStream:|priority:0, 599d22f6-71b6-4f75-a803-0445b42d232b|rpc:10.1.0.42:34993|dataStream:|priority:0] returns group-13D014E1FF78:java.util.concurrent.CompletableFuture@1e45024e[Not completed]
2021-08-26 17:31:44,223 [pool-93-thread-1] INFO  server.RaftServer$Division (RaftServerImpl.java:<init>(181)) - 8937ce5d-1b80-47aa-9c38-ca8400d40bb7: new RaftServerImpl for group-13D014E1FF78:[648ce8fc-720e-401e-ac80-e1f8bda9cb96|rpc:10.1.0.42:35647|dataStream:|priority:1, 8937ce5d-1b80-47aa-9c38-ca8400d40bb7|rpc:10.1.0.42:36751|dataStream:|priority:0, 599d22f6-71b6-4f75-a803-0445b42d232b|rpc:10.1.0.42:34993|dataStream:|priority:0] with ContainerStateMachine:uninitialized
2021-08-26 17:31:44,227 [pool-93-thread-1] INFO  server.RaftServerConfigKeys (ConfUtils.java:logGet(44)) - raft.server.rpc.timeout.min = 5s (custom)
2021-08-26 17:31:44,227 [pool-93-thread-1] INFO  server.RaftServerConfigKeys (ConfUtils.java:logGet(44)) - raft.server.rpc.timeout.max = 5200ms (custom)
2021-08-26 17:31:44,228 [pool-93-thread-1] INFO  server.RaftServerConfigKeys (ConfUtils.java:logGet(44)) - raft.server.rpc.sleep.time = 25ms (default)
2021-08-26 17:31:44,228 [pool-93-thread-1] INFO  server.RaftServerConfigKeys (ConfUtils.java:logGet(44)) - raft.server.rpc.slowness.timeout = 300000ms (custom)
2021-08-26 17:31:44,228 [pool-93-thread-1] INFO  server.RaftServerConfigKeys (ConfUtils.java:logGet(44)) - raft.server.leaderelection.leader.step-down.wait-time = 10s (default)
2021-08-26 17:31:44,228 [pool-93-thread-1] INFO  server.RaftServerConfigKeys (ConfUtils.java:logGet(44)) - raft.server.sleep.deviation.threshold = 300ms (default)
2021-08-26 17:31:44,228 [pool-93-thread-1] INFO  server.RaftServerConfigKeys (ConfUtils.java:logGet(44)) - raft.server.log.appender.install.snapshot.enabled = false (custom)
2021-08-26 17:31:44,228 [pool-93-thread-1] INFO  server.RaftServer$Division (ServerState.java:<init>(105)) - 8937ce5d-1b80-47aa-9c38-ca8400d40bb7@group-13D014E1FF78: ConfigurationManager, init=-1: [648ce8fc-720e-401e-ac80-e1f8bda9cb96|rpc:10.1.0.42:35647|dataStream:|priority:1, 8937ce5d-1b80-47aa-9c38-ca8400d40bb7|rpc:10.1.0.42:36751|dataStream:|priority:0, 599d22f6-71b6-4f75-a803-0445b42d232b|rpc:10.1.0.42:34993|dataStream:|priority:0], old=null, confs=<EMPTY_MAP>
2021-08-26 17:31:44,228 [pool-93-thread-1] INFO  server.RaftServerConfigKeys (ConfUtils.java:logGet(44)) - raft.server.storage.dir = [/home/runner/work/ozone/ozone/hadoop-ozone/integration-test/target/test-dir/MiniOzoneClusterImpl-daa96565-427e-4fca-a993-08525edc6fa6/datanode-2/data/ratis] (custom)
2021-08-26 17:31:44,228 [pool-93-thread-1] INFO  server.RaftServerConfigKeys (ConfUtils.java:logGet(44)) - raft.server.log.corruption.policy = EXCEPTION (default)
2021-08-26 17:31:44,228 [pool-93-thread-1] INFO  server.RaftServerConfigKeys (ConfUtils.java:logGet(44)) - raft.server.storage.free-space.min = 0MB (=0) (default)
2021-08-26 17:31:44,229 [pool-93-thread-1] INFO  storage.RaftStorageDirectory (RaftStorageDirectoryImpl.java:analyzeStorage(135)) - The storage directory /home/runner/work/ozone/ozone/hadoop-ozone/integration-test/target/test-dir/MiniOzoneClusterImpl-daa96565-427e-4fca-a993-08525edc6fa6/datanode-2/data/ratis/1aabbb7e-a3ac-494e-966c-13d014e1ff78 does not exist. Creating ...
2021-08-26 17:31:44,231 [pool-93-thread-1] INFO  storage.RaftStorageDirectory (RaftStorageDirectoryImpl.java:tryLock(230)) - Lock on /home/runner/work/ozone/ozone/hadoop-ozone/integration-test/target/test-dir/MiniOzoneClusterImpl-daa96565-427e-4fca-a993-08525edc6fa6/datanode-2/data/ratis/1aabbb7e-a3ac-494e-966c-13d014e1ff78/in_use.lock acquired by nodename 21484@fv-az122-729
2021-08-26 17:31:44,231 [Command processor thread] INFO  commandhandler.CreatePipelineCommandHandler (CreatePipelineCommandHandler.java:handle(106)) - Created Pipeline RATIS THREE PipelineID=1aabbb7e-a3ac-494e-966c-13d014e1ff78.
2021-08-26 17:31:44,232 [Command processor thread] INFO  server.RaftServer (RaftServerProxy.java:addNew(95)) - 599d22f6-71b6-4f75-a803-0445b42d232b: addNew group-6CDA7B53CB28:[648ce8fc-720e-401e-ac80-e1f8bda9cb96|rpc:10.1.0.42:35647|priority:0, 8937ce5d-1b80-47aa-9c38-ca8400d40bb7|rpc:10.1.0.42:36751|priority:0, 599d22f6-71b6-4f75-a803-0445b42d232b|rpc:10.1.0.42:34993|priority:1] returns group-6CDA7B53CB28:java.util.concurrent.CompletableFuture@26c0df9e[Not completed]
2021-08-26 17:31:44,232 [pool-74-thread-1] INFO  server.RaftServer$Division (RaftServerImpl.java:<init>(181)) - 599d22f6-71b6-4f75-a803-0445b42d232b: new RaftServerImpl for group-6CDA7B53CB28:[648ce8fc-720e-401e-ac80-e1f8bda9cb96|rpc:10.1.0.42:35647|priority:0, 8937ce5d-1b80-47aa-9c38-ca8400d40bb7|rpc:10.1.0.42:36751|priority:0, 599d22f6-71b6-4f75-a803-0445b42d232b|rpc:10.1.0.42:34993|priority:1] with ContainerStateMachine:uninitialized
2021-08-26 17:31:44,233 [pool-74-thread-1] INFO  server.RaftServerConfigKeys (ConfUtils.java:logGet(44)) - raft.server.rpc.timeout.min = 5s (custom)
2021-08-26 17:31:44,233 [pool-74-thread-1] INFO  server.RaftServerConfigKeys (ConfUtils.java:logGet(44)) - raft.server.rpc.timeout.max = 5200ms (custom)
2021-08-26 17:31:44,233 [pool-74-thread-1] INFO  server.RaftServerConfigKeys (ConfUtils.java:logGet(44)) - raft.server.rpc.sleep.time = 25ms (default)
2021-08-26 17:31:44,233 [pool-74-thread-1] INFO  server.RaftServerConfigKeys (ConfUtils.java:logGet(44)) - raft.server.rpc.slowness.timeout = 300000ms (custom)
2021-08-26 17:31:44,233 [pool-74-thread-1] INFO  server.RaftServerConfigKeys (ConfUtils.java:logGet(44)) - raft.server.leaderelection.leader.step-down.wait-time = 10s (default)
2021-08-26 17:31:44,233 [pool-74-thread-1] INFO  server.RaftServerConfigKeys (ConfUtils.java:logGet(44)) - raft.server.sleep.deviation.threshold = 300ms (default)
2021-08-26 17:31:44,233 [pool-74-thread-1] INFO  server.RaftServerConfigKeys (ConfUtils.java:logGet(44)) - raft.server.log.appender.install.snapshot.enabled = false (custom)
2021-08-26 17:31:44,233 [pool-74-thread-1] INFO  server.RaftServer$Division (ServerState.java:<init>(105)) - 599d22f6-71b6-4f75-a803-0445b42d232b@group-6CDA7B53CB28: ConfigurationManager, init=-1: [648ce8fc-720e-401e-ac80-e1f8bda9cb96|rpc:10.1.0.42:35647|priority:0, 8937ce5d-1b80-47aa-9c38-ca8400d40bb7|rpc:10.1.0.42:36751|priority:0, 599d22f6-71b6-4f75-a803-0445b42d232b|rpc:10.1.0.42:34993|priority:1], old=null, confs=<EMPTY_MAP>
2021-08-26 17:31:44,233 [pool-74-thread-1] INFO  server.RaftServerConfigKeys (ConfUtils.java:logGet(44)) - raft.server.storage.dir = [/home/runner/work/ozone/ozone/hadoop-ozone/integration-test/target/test-dir/MiniOzoneClusterImpl-daa96565-427e-4fca-a993-08525edc6fa6/datanode-1/data/ratis] (custom)
2021-08-26 17:31:44,233 [pool-74-thread-1] INFO  server.RaftServerConfigKeys (ConfUtils.java:logGet(44)) - raft.server.log.corruption.policy = EXCEPTION (default)
2021-08-26 17:31:44,234 [pool-74-thread-1] INFO  server.RaftServerConfigKeys (ConfUtils.java:logGet(44)) - raft.server.storage.free-space.min = 0MB (=0) (default)
2021-08-26 17:31:44,234 [pool-74-thread-1] INFO  storage.RaftStorageDirectory (RaftStorageDirectoryImpl.java:analyzeStorage(135)) - The storage directory /home/runner/work/ozone/ozone/hadoop-ozone/integration-test/target/test-dir/MiniOzoneClusterImpl-daa96565-427e-4fca-a993-08525edc6fa6/datanode-1/data/ratis/16e4fc05-efaa-4bb7-85d6-6cda7b53cb28 does not exist. Creating ...
2021-08-26 17:31:44,235 [pool-74-thread-1] INFO  storage.RaftStorageDirectory (RaftStorageDirectoryImpl.java:tryLock(230)) - Lock on /home/runner/work/ozone/ozone/hadoop-ozone/integration-test/target/test-dir/MiniOzoneClusterImpl-daa96565-427e-4fca-a993-08525edc6fa6/datanode-1/data/ratis/16e4fc05-efaa-4bb7-85d6-6cda7b53cb28/in_use.lock acquired by nodename 21484@fv-az122-729
2021-08-26 17:31:44,235 [pool-93-thread-1] INFO  storage.RaftStorage (RaftStorageImpl.java:format(89)) - Storage directory /home/runner/work/ozone/ozone/hadoop-ozone/integration-test/target/test-dir/MiniOzoneClusterImpl-daa96565-427e-4fca-a993-08525edc6fa6/datanode-2/data/ratis/1aabbb7e-a3ac-494e-966c-13d014e1ff78 has been successfully formatted.
2021-08-26 17:31:44,236 [pool-93-thread-1] INFO  ratis.ContainerStateMachine (ContainerStateMachine.java:loadSnapshot(224)) - group-13D014E1FF78: The snapshot info is null. Setting the last applied indexto:(t:0, i:~)
2021-08-26 17:31:44,237 [pool-93-thread-1] INFO  server.RaftServerConfigKeys (ConfUtils.java:logGet(44)) - raft.server.notification.no-leader.timeout = 300000ms (custom)
2021-08-26 17:31:44,237 [pool-93-thread-1] INFO  server.RaftServerConfigKeys (ConfUtils.java:logGet(44)) - raft.server.log.use.memory = false (default)
2021-08-26 17:31:44,237 [pool-93-thread-1] INFO  server.RaftServerConfigKeys (ConfUtils.java:logGet(44)) - raft.server.log.purge.gap = 1000000 (custom)
2021-08-26 17:31:44,237 [pool-93-thread-1] INFO  server.RaftServerConfigKeys (ConfUtils.java:logGet(44)) - raft.server.log.appender.buffer.byte-limit = 33554432 (custom)
2021-08-26 17:31:44,244 [pool-93-thread-1] INFO  server.RaftServerConfigKeys (ConfUtils.java:logGet(44)) - raft.server.log.segment.size.max = 1048576 (custom)
2021-08-26 17:31:44,237 [Datanode State Machine Thread - 0] WARN  statemachine.StateContext (StateContext.java:execute(621)) - No available thread in pool for past 1 seconds.
2021-08-26 17:31:44,244 [pool-93-thread-1] INFO  server.RaftServerConfigKeys (ConfUtils.java:logGet(44)) - raft.server.log.segment.cache.num.max = 2 (custom)
2021-08-26 17:31:44,244 [pool-93-thread-1] INFO  server.RaftServerConfigKeys (ConfUtils.java:logGet(44)) - raft.server.log.segment.cache.size.max = 200MB (=209715200) (default)
2021-08-26 17:31:44,244 [pool-93-thread-1] INFO  segmented.SegmentedRaftLogWorker (SegmentedRaftLogWorker.java:<init>(182)) - new 8937ce5d-1b80-47aa-9c38-ca8400d40bb7@group-13D014E1FF78-SegmentedRaftLogWorker for RaftStorageImpl:Storage Directory /home/runner/work/ozone/ozone/hadoop-ozone/integration-test/target/test-dir/MiniOzoneClusterImpl-daa96565-427e-4fca-a993-08525edc6fa6/datanode-2/data/ratis/1aabbb7e-a3ac-494e-966c-13d014e1ff78
2021-08-26 17:31:44,244 [pool-93-thread-1] INFO  server.RaftServerConfigKeys (ConfUtils.java:logGet(44)) - raft.server.log.queue.byte-limit = 2147483647 (custom)
2021-08-26 17:31:44,244 [pool-93-thread-1] INFO  server.RaftServerConfigKeys (ConfUtils.java:logGet(44)) - raft.server.log.queue.element-limit = 1024 (custom)
2021-08-26 17:31:44,245 [pool-93-thread-1] INFO  server.RaftServerConfigKeys (ConfUtils.java:logGet(44)) - raft.server.log.segment.size.max = 1048576 (custom)
2021-08-26 17:31:44,245 [pool-93-thread-1] INFO  server.RaftServerConfigKeys (ConfUtils.java:logGet(44)) - raft.server.log.preallocated.size = 16384 (custom)
2021-08-26 17:31:44,245 [pool-93-thread-1] INFO  server.RaftServerConfigKeys (ConfUtils.java:logGet(44)) - raft.server.log.force.sync.num = 128 (default)
2021-08-26 17:31:44,245 [pool-93-thread-1] INFO  server.RaftServerConfigKeys (ConfUtils.java:logGet(44)) - raft.server.log.statemachine.data.sync = true (default)
2021-08-26 17:31:44,245 [pool-93-thread-1] INFO  server.RaftServerConfigKeys (ConfUtils.java:logGet(44)) - raft.server.log.statemachine.data.sync.timeout = 10s (default)
2021-08-26 17:31:44,245 [pool-93-thread-1] INFO  server.RaftServerConfigKeys (ConfUtils.java:logGet(44)) - raft.server.log.statemachine.data.sync.timeout.retry = -1 (default)
2021-08-26 17:31:44,244 [Command processor thread] INFO  server.RaftServer (RaftServerProxy.java:addNew(95)) - 8937ce5d-1b80-47aa-9c38-ca8400d40bb7: addNew group-68F50B55EE72:[8937ce5d-1b80-47aa-9c38-ca8400d40bb7|rpc:10.1.0.42:36751|priority:1] returns group-68F50B55EE72:java.util.concurrent.CompletableFuture@232b54f4[Not completed]
2021-08-26 17:31:44,246 [pool-74-thread-1] INFO  storage.RaftStorage (RaftStorageImpl.java:format(89)) - Storage directory /home/runner/work/ozone/ozone/hadoop-ozone/integration-test/target/test-dir/MiniOzoneClusterImpl-daa96565-427e-4fca-a993-08525edc6fa6/datanode-1/data/ratis/16e4fc05-efaa-4bb7-85d6-6cda7b53cb28 has been successfully formatted.
2021-08-26 17:31:44,247 [pool-74-thread-1] INFO  ratis.ContainerStateMachine (ContainerStateMachine.java:loadSnapshot(224)) - group-6CDA7B53CB28: The snapshot info is null. Setting the last applied indexto:(t:0, i:~)
2021-08-26 17:31:44,247 [pool-74-thread-1] INFO  server.RaftServerConfigKeys (ConfUtils.java:logGet(44)) - raft.server.notification.no-leader.timeout = 300000ms (custom)
2021-08-26 17:31:44,247 [pool-74-thread-1] INFO  server.RaftServerConfigKeys (ConfUtils.java:logGet(44)) - raft.server.log.use.memory = false (default)
2021-08-26 17:31:44,248 [pool-74-thread-1] INFO  server.RaftServerConfigKeys (ConfUtils.java:logGet(44)) - raft.server.log.purge.gap = 1000000 (custom)
2021-08-26 17:31:44,248 [pool-74-thread-1] INFO  server.RaftServerConfigKeys (ConfUtils.java:logGet(44)) - raft.server.log.appender.buffer.byte-limit = 33554432 (custom)
2021-08-26 17:31:44,248 [pool-74-thread-1] INFO  server.RaftServerConfigKeys (ConfUtils.java:logGet(44)) - raft.server.log.segment.size.max = 1048576 (custom)
2021-08-26 17:31:44,250 [EventQueue-OpenPipelineForHealthyPipelineSafeModeRule] INFO  safemode.SCMSafeModeManager (HealthyPipelineSafeModeRule.java:process(124)) - SCM in safe mode. Healthy pipelines reported count is 0, required healthy pipeline reported count is 1
2021-08-26 17:31:44,255 [pool-74-thread-1] INFO  server.RaftServerConfigKeys (ConfUtils.java:logGet(44)) - raft.server.log.segment.cache.num.max = 2 (custom)
2021-08-26 17:31:44,255 [pool-74-thread-1] INFO  server.RaftServerConfigKeys (ConfUtils.java:logGet(44)) - raft.server.log.segment.cache.size.max = 200MB (=209715200) (default)
2021-08-26 17:31:44,256 [pool-74-thread-1] INFO  segmented.SegmentedRaftLogWorker (SegmentedRaftLogWorker.java:<init>(182)) - new 599d22f6-71b6-4f75-a803-0445b42d232b@group-6CDA7B53CB28-SegmentedRaftLogWorker for RaftStorageImpl:Storage Directory /home/runner/work/ozone/ozone/hadoop-ozone/integration-test/target/test-dir/MiniOzoneClusterImpl-daa96565-427e-4fca-a993-08525edc6fa6/datanode-1/data/ratis/16e4fc05-efaa-4bb7-85d6-6cda7b53cb28
2021-08-26 17:31:44,256 [pool-74-thread-1] INFO  server.RaftServerConfigKeys (ConfUtils.java:logGet(44)) - raft.server.log.queue.byte-limit = 2147483647 (custom)
2021-08-26 17:31:44,256 [pool-74-thread-1] INFO  server.RaftServerConfigKeys (ConfUtils.java:logGet(44)) - raft.server.log.queue.element-limit = 1024 (custom)
2021-08-26 17:31:44,256 [pool-74-thread-1] INFO  server.RaftServerConfigKeys (ConfUtils.java:logGet(44)) - raft.server.log.segment.size.max = 1048576 (custom)
2021-08-26 17:31:44,256 [pool-74-thread-1] INFO  server.RaftServerConfigKeys (ConfUtils.java:logGet(44)) - raft.server.log.preallocated.size = 16384 (custom)
2021-08-26 17:31:44,256 [pool-74-thread-1] INFO  server.RaftServerConfigKeys (ConfUtils.java:logGet(44)) - raft.server.log.force.sync.num = 128 (default)
2021-08-26 17:31:44,256 [pool-74-thread-1] INFO  server.RaftServerConfigKeys (ConfUtils.java:logGet(44)) - raft.server.log.statemachine.data.sync = true (default)
2021-08-26 17:31:44,256 [pool-74-thread-1] INFO  server.RaftServerConfigKeys (ConfUtils.java:logGet(44)) - raft.server.log.statemachine.data.sync.timeout = 10s (default)
2021-08-26 17:31:44,256 [pool-74-thread-1] INFO  server.RaftServerConfigKeys (ConfUtils.java:logGet(44)) - raft.server.log.statemachine.data.sync.timeout.retry = -1 (default)
2021-08-26 17:31:44,257 [pool-74-thread-1] INFO  server.RaftServerConfigKeys (ConfUtils.java:logGet(44)) - raft.server.log.write.buffer.size = 1048576 (custom)
2021-08-26 17:31:44,258 [pool-74-thread-1] INFO  server.RaftServerConfigKeys (ConfUtils.java:logGet(44)) - raft.server.log.statemachine.data.caching.enabled = true (custom)
2021-08-26 17:31:44,258 [pool-74-thread-1] INFO  segmented.SegmentedRaftLogWorker (SegmentedRaftLogWorker.java:lambda$new$0(133)) - 599d22f6-71b6-4f75-a803-0445b42d232b@group-6CDA7B53CB28-SegmentedRaftLogWorker: flushIndex: setUnconditionally 0 -> -1
2021-08-26 17:31:44,258 [pool-74-thread-1] INFO  segmented.SegmentedRaftLogWorker (SegmentedRaftLogWorker.java:lambda$new$0(133)) - 599d22f6-71b6-4f75-a803-0445b42d232b@group-6CDA7B53CB28-SegmentedRaftLogWorker: safeCacheEvictIndex: setUnconditionally 0 -> -1
2021-08-26 17:31:44,258 [pool-74-thread-1] INFO  server.RaftServerConfigKeys (ConfUtils.java:logGet(44)) - raft.server.snapshot.auto.trigger.enabled = true (custom)
2021-08-26 17:31:44,259 [pool-74-thread-1] INFO  server.RaftServerConfigKeys (ConfUtils.java:logGet(44)) - raft.server.snapshot.auto.trigger.threshold = 10000 (custom)
2021-08-26 17:31:44,259 [pool-74-thread-1] INFO  server.RaftServerConfigKeys (ConfUtils.java:logGet(44)) - raft.server.snapshot.retention.file.num = 5 (custom)
2021-08-26 17:31:44,259 [pool-74-thread-1] INFO  server.RaftServerConfigKeys (ConfUtils.java:logGet(44)) - raft.server.log.purge.upto.snapshot.index = false (default)
2021-08-26 17:31:44,259 [pool-74-thread-1] INFO  server.RaftServerConfigKeys (ConfUtils.java:logGet(44)) - raft.server.retrycache.expirytime = 600000ms (custom)
2021-08-26 17:31:44,259 [pool-74-thread-1] INFO  server.RaftServerConfigKeys (ConfUtils.java:logGet(44)) - raft.server.retrycache.statistics.expirytime = 100μs (default)
2021-08-26 17:31:44,260 [pool-93-thread-1] INFO  server.RaftServerConfigKeys (ConfUtils.java:logGet(44)) - raft.server.log.write.buffer.size = 1048576 (custom)
2021-08-26 17:31:44,260 [pool-93-thread-1] INFO  server.RaftServerConfigKeys (ConfUtils.java:logGet(44)) - raft.server.log.statemachine.data.caching.enabled = true (custom)
2021-08-26 17:31:44,260 [pool-93-thread-1] INFO  segmented.SegmentedRaftLogWorker (SegmentedRaftLogWorker.java:lambda$new$0(133)) - 8937ce5d-1b80-47aa-9c38-ca8400d40bb7@group-13D014E1FF78-SegmentedRaftLogWorker: flushIndex: setUnconditionally 0 -> -1
2021-08-26 17:31:44,261 [pool-93-thread-1] INFO  segmented.SegmentedRaftLogWorker (SegmentedRaftLogWorker.java:lambda$new$0(133)) - 8937ce5d-1b80-47aa-9c38-ca8400d40bb7@group-13D014E1FF78-SegmentedRaftLogWorker: safeCacheEvictIndex: setUnconditionally 0 -> -1
2021-08-26 17:31:44,261 [pool-74-thread-1] INFO  server.RaftServer$Division (RaftServerImpl.java:start(296)) - 599d22f6-71b6-4f75-a803-0445b42d232b@group-6CDA7B53CB28: start as a follower, conf=-1: [648ce8fc-720e-401e-ac80-e1f8bda9cb96|rpc:10.1.0.42:35647|priority:0, 8937ce5d-1b80-47aa-9c38-ca8400d40bb7|rpc:10.1.0.42:36751|priority:0, 599d22f6-71b6-4f75-a803-0445b42d232b|rpc:10.1.0.42:34993|priority:1], old=null
2021-08-26 17:31:44,261 [pool-74-thread-1] INFO  server.RaftServer$Division (RaftServerImpl.java:setRole(285)) - 599d22f6-71b6-4f75-a803-0445b42d232b@group-6CDA7B53CB28: changes role from      null to FOLLOWER at term 0 for startAsFollower
2021-08-26 17:31:44,262 [pool-74-thread-1] INFO  impl.RoleInfo (RoleInfo.java:updateAndGet(130)) - 599d22f6-71b6-4f75-a803-0445b42d232b: start 599d22f6-71b6-4f75-a803-0445b42d232b@group-6CDA7B53CB28-FollowerState
2021-08-26 17:31:44,262 [pool-93-thread-1] INFO  server.RaftServerConfigKeys (ConfUtils.java:logGet(44)) - raft.server.snapshot.auto.trigger.enabled = true (custom)
2021-08-26 17:31:44,262 [pool-93-thread-1] INFO  server.RaftServerConfigKeys (ConfUtils.java:logGet(44)) - raft.server.snapshot.auto.trigger.threshold = 10000 (custom)
2021-08-26 17:31:44,262 [pool-93-thread-1] INFO  server.RaftServerConfigKeys (ConfUtils.java:logGet(44)) - raft.server.snapshot.retention.file.num = 5 (custom)
2021-08-26 17:31:44,262 [pool-93-thread-1] INFO  server.RaftServerConfigKeys (ConfUtils.java:logGet(44)) - raft.server.log.purge.upto.snapshot.index = false (default)
2021-08-26 17:31:44,263 [pool-93-thread-1] INFO  server.RaftServerConfigKeys (ConfUtils.java:logGet(44)) - raft.server.retrycache.expirytime = 600000ms (custom)
2021-08-26 17:31:44,263 [pool-93-thread-1] INFO  server.RaftServerConfigKeys (ConfUtils.java:logGet(44)) - raft.server.retrycache.statistics.expirytime = 100μs (default)
2021-08-26 17:31:44,263 [pool-74-thread-1] INFO  util.JmxRegister (JmxRegister.java:tryRegister(44)) - Successfully registered JMX Bean with object name Ratis:service=RaftServer,group=group-6CDA7B53CB28,id=599d22f6-71b6-4f75-a803-0445b42d232b
2021-08-26 17:31:44,271 [pool-93-thread-1] INFO  server.RaftServer$Division (RaftServerImpl.java:<init>(181)) - 8937ce5d-1b80-47aa-9c38-ca8400d40bb7: new RaftServerImpl for group-68F50B55EE72:[8937ce5d-1b80-47aa-9c38-ca8400d40bb7|rpc:10.1.0.42:36751|priority:1] with ContainerStateMachine:uninitialized
2021-08-26 17:31:44,271 [pool-93-thread-1] INFO  server.RaftServerConfigKeys (ConfUtils.java:logGet(44)) - raft.server.rpc.timeout.min = 5s (custom)
2021-08-26 17:31:44,271 [pool-93-thread-1] INFO  server.RaftServerConfigKeys (ConfUtils.java:logGet(44)) - raft.server.rpc.timeout.max = 5200ms (custom)
2021-08-26 17:31:44,271 [pool-93-thread-1] INFO  server.RaftServerConfigKeys (ConfUtils.java:logGet(44)) - raft.server.rpc.sleep.time = 25ms (default)
2021-08-26 17:31:44,271 [pool-93-thread-1] INFO  server.RaftServerConfigKeys (ConfUtils.java:logGet(44)) - raft.server.rpc.slowness.timeout = 300000ms (custom)
2021-08-26 17:31:44,272 [pool-93-thread-1] INFO  server.RaftServerConfigKeys (ConfUtils.java:logGet(44)) - raft.server.leaderelection.leader.step-down.wait-time = 10s (default)
2021-08-26 17:31:44,272 [pool-93-thread-1] INFO  server.RaftServerConfigKeys (ConfUtils.java:logGet(44)) - raft.server.sleep.deviation.threshold = 300ms (default)
2021-08-26 17:31:44,272 [pool-93-thread-1] INFO  server.RaftServerConfigKeys (ConfUtils.java:logGet(44)) - raft.server.log.appender.install.snapshot.enabled = false (custom)
2021-08-26 17:31:44,272 [pool-93-thread-1] INFO  server.RaftServer$Division (ServerState.java:<init>(105)) - 8937ce5d-1b80-47aa-9c38-ca8400d40bb7@group-68F50B55EE72: ConfigurationManager, init=-1: [8937ce5d-1b80-47aa-9c38-ca8400d40bb7|rpc:10.1.0.42:36751|priority:1], old=null, confs=<EMPTY_MAP>
2021-08-26 17:31:44,272 [pool-93-thread-1] INFO  server.RaftServerConfigKeys (ConfUtils.java:logGet(44)) - raft.server.storage.dir = [/home/runner/work/ozone/ozone/hadoop-ozone/integration-test/target/test-dir/MiniOzoneClusterImpl-daa96565-427e-4fca-a993-08525edc6fa6/datanode-2/data/ratis] (custom)
2021-08-26 17:31:44,272 [pool-93-thread-1] INFO  server.RaftServerConfigKeys (ConfUtils.java:logGet(44)) - raft.server.log.corruption.policy = EXCEPTION (default)
2021-08-26 17:31:44,272 [pool-93-thread-1] INFO  server.RaftServerConfigKeys (ConfUtils.java:logGet(44)) - raft.server.storage.free-space.min = 0MB (=0) (default)
2021-08-26 17:31:44,272 [pool-93-thread-1] INFO  storage.RaftStorageDirectory (RaftStorageDirectoryImpl.java:analyzeStorage(135)) - The storage directory /home/runner/work/ozone/ozone/hadoop-ozone/integration-test/target/test-dir/MiniOzoneClusterImpl-daa96565-427e-4fca-a993-08525edc6fa6/datanode-2/data/ratis/a37504d4-25a6-4371-9534-68f50b55ee72 does not exist. Creating ...
2021-08-26 17:31:44,273 [Command processor thread] INFO  ratis.XceiverServerRatis (XceiverServerRatis.java:addGroup(763)) - Created group PipelineID=16e4fc05-efaa-4bb7-85d6-6cda7b53cb28
2021-08-26 17:31:44,273 [pool-93-thread-1] INFO  storage.RaftStorageDirectory (RaftStorageDirectoryImpl.java:tryLock(230)) - Lock on /home/runner/work/ozone/ozone/hadoop-ozone/integration-test/target/test-dir/MiniOzoneClusterImpl-daa96565-427e-4fca-a993-08525edc6fa6/datanode-2/data/ratis/a37504d4-25a6-4371-9534-68f50b55ee72/in_use.lock acquired by nodename 21484@fv-az122-729
2021-08-26 17:31:44,274 [pool-93-thread-1] INFO  storage.RaftStorage (RaftStorageImpl.java:format(89)) - Storage directory /home/runner/work/ozone/ozone/hadoop-ozone/integration-test/target/test-dir/MiniOzoneClusterImpl-daa96565-427e-4fca-a993-08525edc6fa6/datanode-2/data/ratis/a37504d4-25a6-4371-9534-68f50b55ee72 has been successfully formatted.
2021-08-26 17:31:44,275 [pool-93-thread-1] INFO  ratis.ContainerStateMachine (ContainerStateMachine.java:loadSnapshot(224)) - group-68F50B55EE72: The snapshot info is null. Setting the last applied indexto:(t:0, i:~)
2021-08-26 17:31:44,275 [pool-93-thread-1] INFO  server.RaftServerConfigKeys (ConfUtils.java:logGet(44)) - raft.server.notification.no-leader.timeout = 300000ms (custom)
2021-08-26 17:31:44,275 [pool-93-thread-1] INFO  server.RaftServerConfigKeys (ConfUtils.java:logGet(44)) - raft.server.log.use.memory = false (default)
2021-08-26 17:31:44,275 [pool-93-thread-1] INFO  server.RaftServerConfigKeys (ConfUtils.java:logGet(44)) - raft.server.log.purge.gap = 1000000 (custom)
2021-08-26 17:31:44,275 [pool-93-thread-1] INFO  server.RaftServerConfigKeys (ConfUtils.java:logGet(44)) - raft.server.log.appender.buffer.byte-limit = 33554432 (custom)
2021-08-26 17:31:44,276 [pool-93-thread-1] INFO  server.RaftServerConfigKeys (ConfUtils.java:logGet(44)) - raft.server.log.segment.size.max = 1048576 (custom)
2021-08-26 17:31:44,276 [pool-93-thread-1] INFO  server.RaftServerConfigKeys (ConfUtils.java:logGet(44)) - raft.server.log.segment.cache.num.max = 2 (custom)
2021-08-26 17:31:44,276 [pool-93-thread-1] INFO  server.RaftServerConfigKeys (ConfUtils.java:logGet(44)) - raft.server.log.segment.cache.size.max = 200MB (=209715200) (default)
2021-08-26 17:31:44,276 [pool-93-thread-1] INFO  segmented.SegmentedRaftLogWorker (SegmentedRaftLogWorker.java:<init>(182)) - new 8937ce5d-1b80-47aa-9c38-ca8400d40bb7@group-68F50B55EE72-SegmentedRaftLogWorker for RaftStorageImpl:Storage Directory /home/runner/work/ozone/ozone/hadoop-ozone/integration-test/target/test-dir/MiniOzoneClusterImpl-daa96565-427e-4fca-a993-08525edc6fa6/datanode-2/data/ratis/a37504d4-25a6-4371-9534-68f50b55ee72
2021-08-26 17:31:44,276 [pool-93-thread-1] INFO  server.RaftServerConfigKeys (ConfUtils.java:logGet(44)) - raft.server.log.queue.byte-limit = 2147483647 (custom)
2021-08-26 17:31:44,276 [pool-93-thread-1] INFO  server.RaftServerConfigKeys (ConfUtils.java:logGet(44)) - raft.server.log.queue.element-limit = 1024 (custom)
2021-08-26 17:31:44,276 [pool-93-thread-1] INFO  server.RaftServerConfigKeys (ConfUtils.java:logGet(44)) - raft.server.log.segment.size.max = 1048576 (custom)
2021-08-26 17:31:44,276 [pool-93-thread-1] INFO  server.RaftServerConfigKeys (ConfUtils.java:logGet(44)) - raft.server.log.preallocated.size = 16384 (custom)
2021-08-26 17:31:44,276 [pool-93-thread-1] INFO  server.RaftServerConfigKeys (ConfUtils.java:logGet(44)) - raft.server.log.force.sync.num = 128 (default)
2021-08-26 17:31:44,276 [pool-93-thread-1] INFO  server.RaftServerConfigKeys (ConfUtils.java:logGet(44)) - raft.server.log.statemachine.data.sync = true (default)
2021-08-26 17:31:44,277 [pool-93-thread-1] INFO  server.RaftServerConfigKeys (ConfUtils.java:logGet(44)) - raft.server.log.statemachine.data.sync.timeout = 10s (default)
2021-08-26 17:31:44,277 [pool-93-thread-1] INFO  server.RaftServerConfigKeys (ConfUtils.java:logGet(44)) - raft.server.log.statemachine.data.sync.timeout.retry = -1 (default)
2021-08-26 17:31:44,277 [Datanode State Machine Thread - 0] WARN  statemachine.StateContext (StateContext.java:execute(621)) - No available thread in pool for past 1 seconds.
2021-08-26 17:31:44,287 [EventQueue-PipelineReportForPipelineReportHandler] INFO  pipeline.PipelineManagerImpl (PipelineManagerImpl.java:openPipeline(282)) - Pipeline Pipeline[ Id: a37504d4-25a6-4371-9534-68f50b55ee72, Nodes: 8937ce5d-1b80-47aa-9c38-ca8400d40bb7{ip: 10.1.0.42, host: fv-az122-729.zf1tlrj3kn4expqppa1j4mpycf.xx.internal.cloudapp.net, ports: [REPLICATION=39625, RATIS=36751, RATIS_ADMIN=36751, RATIS_SERVER=36751, STANDALONE=41941], networkLocation: /default-rack, certSerialId: null, persistedOpState: IN_SERVICE, persistedOpStateExpiryEpochSec: 0}, ReplicationConfig: RATIS/ONE, State:ALLOCATED, leaderId:8937ce5d-1b80-47aa-9c38-ca8400d40bb7, CreationTimestamp2021-08-26T17:31:41.248Z[Etc/UTC]] moved to OPEN state
2021-08-26 17:31:44,288 [grpc-default-executor-0] INFO  server.RaftServer (RaftServerProxy.java:addNew(95)) - 8937ce5d-1b80-47aa-9c38-ca8400d40bb7: addNew group-6CDA7B53CB28:[648ce8fc-720e-401e-ac80-e1f8bda9cb96|rpc:10.1.0.42:35647|dataStream:|priority:0, 8937ce5d-1b80-47aa-9c38-ca8400d40bb7|rpc:10.1.0.42:36751|dataStream:|priority:0, 599d22f6-71b6-4f75-a803-0445b42d232b|rpc:10.1.0.42:34993|dataStream:|priority:1] returns group-6CDA7B53CB28:java.util.concurrent.CompletableFuture@4e33c991[Not completed]
2021-08-26 17:31:44,288 [EventQueue-OpenPipelineForHealthyPipelineSafeModeRule] INFO  safemode.SCMSafeModeManager (HealthyPipelineSafeModeRule.java:process(124)) - SCM in safe mode. Healthy pipelines reported count is 0, required healthy pipeline reported count is 1
2021-08-26 17:31:44,289 [pool-93-thread-1] INFO  server.RaftServerConfigKeys (ConfUtils.java:logGet(44)) - raft.server.log.write.buffer.size = 1048576 (custom)
2021-08-26 17:31:44,290 [pool-93-thread-1] INFO  server.RaftServerConfigKeys (ConfUtils.java:logGet(44)) - raft.server.log.statemachine.data.caching.enabled = true (custom)
2021-08-26 17:31:44,290 [pool-93-thread-1] INFO  segmented.SegmentedRaftLogWorker (SegmentedRaftLogWorker.java:lambda$new$0(133)) - 8937ce5d-1b80-47aa-9c38-ca8400d40bb7@group-68F50B55EE72-SegmentedRaftLogWorker: flushIndex: setUnconditionally 0 -> -1
2021-08-26 17:31:44,290 [pool-93-thread-1] INFO  segmented.SegmentedRaftLogWorker (SegmentedRaftLogWorker.java:lambda$new$0(133)) - 8937ce5d-1b80-47aa-9c38-ca8400d40bb7@group-68F50B55EE72-SegmentedRaftLogWorker: safeCacheEvictIndex: setUnconditionally 0 -> -1
2021-08-26 17:31:44,295 [pool-93-thread-1] INFO  server.RaftServerConfigKeys (ConfUtils.java:logGet(44)) - raft.server.snapshot.auto.trigger.enabled = true (custom)
2021-08-26 17:31:44,295 [pool-93-thread-1] INFO  server.RaftServerConfigKeys (ConfUtils.java:logGet(44)) - raft.server.snapshot.auto.trigger.threshold = 10000 (custom)
2021-08-26 17:31:44,295 [pool-93-thread-1] INFO  server.RaftServerConfigKeys (ConfUtils.java:logGet(44)) - raft.server.snapshot.retention.file.num = 5 (custom)
2021-08-26 17:31:44,295 [pool-93-thread-1] INFO  server.RaftServerConfigKeys (ConfUtils.java:logGet(44)) - raft.server.log.purge.upto.snapshot.index = false (default)
2021-08-26 17:31:44,296 [pool-93-thread-1] INFO  server.RaftServerConfigKeys (ConfUtils.java:logGet(44)) - raft.server.retrycache.expirytime = 600000ms (custom)
2021-08-26 17:31:44,296 [pool-93-thread-1] INFO  server.RaftServerConfigKeys (ConfUtils.java:logGet(44)) - raft.server.retrycache.statistics.expirytime = 100μs (default)
2021-08-26 17:31:44,297 [pool-93-thread-1] INFO  server.RaftServer$Division (RaftServerImpl.java:start(296)) - 8937ce5d-1b80-47aa-9c38-ca8400d40bb7@group-13D014E1FF78: start as a follower, conf=-1: [648ce8fc-720e-401e-ac80-e1f8bda9cb96|rpc:10.1.0.42:35647|dataStream:|priority:1, 8937ce5d-1b80-47aa-9c38-ca8400d40bb7|rpc:10.1.0.42:36751|dataStream:|priority:0, 599d22f6-71b6-4f75-a803-0445b42d232b|rpc:10.1.0.42:34993|dataStream:|priority:0], old=null
2021-08-26 17:31:44,297 [pool-93-thread-1] INFO  server.RaftServer$Division (RaftServerImpl.java:setRole(285)) - 8937ce5d-1b80-47aa-9c38-ca8400d40bb7@group-13D014E1FF78: changes role from      null to FOLLOWER at term 0 for startAsFollower
2021-08-26 17:31:44,297 [pool-93-thread-1] INFO  impl.RoleInfo (RoleInfo.java:updateAndGet(130)) - 8937ce5d-1b80-47aa-9c38-ca8400d40bb7: start 8937ce5d-1b80-47aa-9c38-ca8400d40bb7@group-13D014E1FF78-FollowerState
2021-08-26 17:31:44,298 [pool-93-thread-1] INFO  util.JmxRegister (JmxRegister.java:tryRegister(44)) - Successfully registered JMX Bean with object name Ratis:service=RaftServer,group=group-13D014E1FF78,id=8937ce5d-1b80-47aa-9c38-ca8400d40bb7
2021-08-26 17:31:44,304 [pool-93-thread-1] INFO  server.RaftServer$Division (RaftServerImpl.java:<init>(181)) - 8937ce5d-1b80-47aa-9c38-ca8400d40bb7: new RaftServerImpl for group-6CDA7B53CB28:[648ce8fc-720e-401e-ac80-e1f8bda9cb96|rpc:10.1.0.42:35647|dataStream:|priority:0, 8937ce5d-1b80-47aa-9c38-ca8400d40bb7|rpc:10.1.0.42:36751|dataStream:|priority:0, 599d22f6-71b6-4f75-a803-0445b42d232b|rpc:10.1.0.42:34993|dataStream:|priority:1] with ContainerStateMachine:uninitialized
2021-08-26 17:31:44,304 [pool-93-thread-1] INFO  server.RaftServerConfigKeys (ConfUtils.java:logGet(44)) - raft.server.rpc.timeout.min = 5s (custom)
2021-08-26 17:31:44,304 [pool-93-thread-1] INFO  server.RaftServerConfigKeys (ConfUtils.java:logGet(44)) - raft.server.rpc.timeout.max = 5200ms (custom)
2021-08-26 17:31:44,304 [pool-93-thread-1] INFO  server.RaftServerConfigKeys (ConfUtils.java:logGet(44)) - raft.server.rpc.sleep.time = 25ms (default)
2021-08-26 17:31:44,304 [pool-93-thread-1] INFO  server.RaftServerConfigKeys (ConfUtils.java:logGet(44)) - raft.server.rpc.slowness.timeout = 300000ms (custom)
2021-08-26 17:31:44,304 [pool-93-thread-1] INFO  server.RaftServerConfigKeys (ConfUtils.java:logGet(44)) - raft.server.leaderelection.leader.step-down.wait-time = 10s (default)
2021-08-26 17:31:44,304 [pool-93-thread-1] INFO  server.RaftServerConfigKeys (ConfUtils.java:logGet(44)) - raft.server.sleep.deviation.threshold = 300ms (default)
2021-08-26 17:31:44,305 [pool-93-thread-1] INFO  server.RaftServerConfigKeys (ConfUtils.java:logGet(44)) - raft.server.log.appender.install.snapshot.enabled = false (custom)
2021-08-26 17:31:44,305 [pool-93-thread-1] INFO  server.RaftServer$Division (ServerState.java:<init>(105)) - 8937ce5d-1b80-47aa-9c38-ca8400d40bb7@group-6CDA7B53CB28: ConfigurationManager, init=-1: [648ce8fc-720e-401e-ac80-e1f8bda9cb96|rpc:10.1.0.42:35647|dataStream:|priority:0, 8937ce5d-1b80-47aa-9c38-ca8400d40bb7|rpc:10.1.0.42:36751|dataStream:|priority:0, 599d22f6-71b6-4f75-a803-0445b42d232b|rpc:10.1.0.42:34993|dataStream:|priority:1], old=null, confs=<EMPTY_MAP>
2021-08-26 17:31:44,305 [pool-93-thread-1] INFO  server.RaftServerConfigKeys (ConfUtils.java:logGet(44)) - raft.server.storage.dir = [/home/runner/work/ozone/ozone/hadoop-ozone/integration-test/target/test-dir/MiniOzoneClusterImpl-daa96565-427e-4fca-a993-08525edc6fa6/datanode-2/data/ratis] (custom)
2021-08-26 17:31:44,305 [pool-93-thread-1] INFO  server.RaftServerConfigKeys (ConfUtils.java:logGet(44)) - raft.server.log.corruption.policy = EXCEPTION (default)
2021-08-26 17:31:44,305 [pool-93-thread-1] INFO  server.RaftServerConfigKeys (ConfUtils.java:logGet(44)) - raft.server.storage.free-space.min = 0MB (=0) (default)
2021-08-26 17:31:44,305 [pool-93-thread-1] INFO  storage.RaftStorageDirectory (RaftStorageDirectoryImpl.java:analyzeStorage(135)) - The storage directory /home/runner/work/ozone/ozone/hadoop-ozone/integration-test/target/test-dir/MiniOzoneClusterImpl-daa96565-427e-4fca-a993-08525edc6fa6/datanode-2/data/ratis/16e4fc05-efaa-4bb7-85d6-6cda7b53cb28 does not exist. Creating ...
2021-08-26 17:31:44,306 [pool-93-thread-1] INFO  storage.RaftStorageDirectory (RaftStorageDirectoryImpl.java:tryLock(230)) - Lock on /home/runner/work/ozone/ozone/hadoop-ozone/integration-test/target/test-dir/MiniOzoneClusterImpl-daa96565-427e-4fca-a993-08525edc6fa6/datanode-2/data/ratis/16e4fc05-efaa-4bb7-85d6-6cda7b53cb28/in_use.lock acquired by nodename 21484@fv-az122-729
2021-08-26 17:31:44,308 [pool-93-thread-1] INFO  storage.RaftStorage (RaftStorageImpl.java:format(89)) - Storage directory /home/runner/work/ozone/ozone/hadoop-ozone/integration-test/target/test-dir/MiniOzoneClusterImpl-daa96565-427e-4fca-a993-08525edc6fa6/datanode-2/data/ratis/16e4fc05-efaa-4bb7-85d6-6cda7b53cb28 has been successfully formatted.
2021-08-26 17:31:44,309 [Datanode State Machine Thread - 0] WARN  statemachine.StateContext (StateContext.java:execute(621)) - No available thread in pool for past 1 seconds.
2021-08-26 17:31:44,311 [EventQueue-OpenPipelineForHealthyPipelineSafeModeRule] INFO  safemode.SCMSafeModeManager (HealthyPipelineSafeModeRule.java:process(124)) - SCM in safe mode. Healthy pipelines reported count is 0, required healthy pipeline reported count is 1
2021-08-26 17:31:44,312 [pool-93-thread-1] INFO  ratis.ContainerStateMachine (ContainerStateMachine.java:loadSnapshot(224)) - group-6CDA7B53CB28: The snapshot info is null. Setting the last applied indexto:(t:0, i:~)
2021-08-26 17:31:44,312 [pool-93-thread-1] INFO  server.RaftServerConfigKeys (ConfUtils.java:logGet(44)) - raft.server.notification.no-leader.timeout = 300000ms (custom)
2021-08-26 17:31:44,313 [pool-93-thread-1] INFO  server.RaftServerConfigKeys (ConfUtils.java:logGet(44)) - raft.server.log.use.memory = false (default)
2021-08-26 17:31:44,313 [pool-93-thread-1] INFO  server.RaftServerConfigKeys (ConfUtils.java:logGet(44)) - raft.server.log.purge.gap = 1000000 (custom)
2021-08-26 17:31:44,313 [pool-93-thread-1] INFO  server.RaftServerConfigKeys (ConfUtils.java:logGet(44)) - raft.server.log.appender.buffer.byte-limit = 33554432 (custom)
2021-08-26 17:31:44,314 [pool-93-thread-1] INFO  server.RaftServerConfigKeys (ConfUtils.java:logGet(44)) - raft.server.log.segment.size.max = 1048576 (custom)
2021-08-26 17:31:44,314 [pool-93-thread-1] INFO  server.RaftServerConfigKeys (ConfUtils.java:logGet(44)) - raft.server.log.segment.cache.num.max = 2 (custom)
2021-08-26 17:31:44,314 [pool-93-thread-1] INFO  server.RaftServerConfigKeys (ConfUtils.java:logGet(44)) - raft.server.log.segment.cache.size.max = 200MB (=209715200) (default)
2021-08-26 17:31:44,314 [pool-93-thread-1] INFO  segmented.SegmentedRaftLogWorker (SegmentedRaftLogWorker.java:<init>(182)) - new 8937ce5d-1b80-47aa-9c38-ca8400d40bb7@group-6CDA7B53CB28-SegmentedRaftLogWorker for RaftStorageImpl:Storage Directory /home/runner/work/ozone/ozone/hadoop-ozone/integration-test/target/test-dir/MiniOzoneClusterImpl-daa96565-427e-4fca-a993-08525edc6fa6/datanode-2/data/ratis/16e4fc05-efaa-4bb7-85d6-6cda7b53cb28
2021-08-26 17:31:44,314 [pool-93-thread-1] INFO  server.RaftServerConfigKeys (ConfUtils.java:logGet(44)) - raft.server.log.queue.byte-limit = 2147483647 (custom)
2021-08-26 17:31:44,314 [pool-93-thread-1] INFO  server.RaftServerConfigKeys (ConfUtils.java:logGet(44)) - raft.server.log.queue.element-limit = 1024 (custom)
2021-08-26 17:31:44,314 [pool-93-thread-1] INFO  server.RaftServerConfigKeys (ConfUtils.java:logGet(44)) - raft.server.log.segment.size.max = 1048576 (custom)
2021-08-26 17:31:44,315 [pool-93-thread-1] INFO  server.RaftServerConfigKeys (ConfUtils.java:logGet(44)) - raft.server.log.preallocated.size = 16384 (custom)
2021-08-26 17:31:44,315 [pool-93-thread-1] INFO  server.RaftServerConfigKeys (ConfUtils.java:logGet(44)) - raft.server.log.force.sync.num = 128 (default)
2021-08-26 17:31:44,315 [pool-93-thread-1] INFO  server.RaftServerConfigKeys (ConfUtils.java:logGet(44)) - raft.server.log.statemachine.data.sync = true (default)
2021-08-26 17:31:44,315 [pool-93-thread-1] INFO  server.RaftServerConfigKeys (ConfUtils.java:logGet(44)) - raft.server.log.statemachine.data.sync.timeout = 10s (default)
2021-08-26 17:31:44,315 [pool-93-thread-1] INFO  server.RaftServerConfigKeys (ConfUtils.java:logGet(44)) - raft.server.log.statemachine.data.sync.timeout.retry = -1 (default)
2021-08-26 17:31:44,319 [pool-93-thread-1] INFO  server.RaftServerConfigKeys (ConfUtils.java:logGet(44)) - raft.server.log.write.buffer.size = 1048576 (custom)
2021-08-26 17:31:44,320 [pool-93-thread-1] INFO  server.RaftServerConfigKeys (ConfUtils.java:logGet(44)) - raft.server.log.statemachine.data.caching.enabled = true (custom)
2021-08-26 17:31:44,320 [pool-93-thread-1] INFO  segmented.SegmentedRaftLogWorker (SegmentedRaftLogWorker.java:lambda$new$0(133)) - 8937ce5d-1b80-47aa-9c38-ca8400d40bb7@group-6CDA7B53CB28-SegmentedRaftLogWorker: flushIndex: setUnconditionally 0 -> -1
2021-08-26 17:31:44,320 [pool-93-thread-1] INFO  segmented.SegmentedRaftLogWorker (SegmentedRaftLogWorker.java:lambda$new$0(133)) - 8937ce5d-1b80-47aa-9c38-ca8400d40bb7@group-6CDA7B53CB28-SegmentedRaftLogWorker: safeCacheEvictIndex: setUnconditionally 0 -> -1
2021-08-26 17:31:44,324 [pool-93-thread-1] INFO  server.RaftServerConfigKeys (ConfUtils.java:logGet(44)) - raft.server.snapshot.auto.trigger.enabled = true (custom)
2021-08-26 17:31:44,324 [pool-93-thread-1] INFO  server.RaftServerConfigKeys (ConfUtils.java:logGet(44)) - raft.server.snapshot.auto.trigger.threshold = 10000 (custom)
2021-08-26 17:31:44,324 [pool-93-thread-1] INFO  server.RaftServerConfigKeys (ConfUtils.java:logGet(44)) - raft.server.snapshot.retention.file.num = 5 (custom)
2021-08-26 17:31:44,324 [pool-93-thread-1] INFO  server.RaftServerConfigKeys (ConfUtils.java:logGet(44)) - raft.server.log.purge.upto.snapshot.index = false (default)
2021-08-26 17:31:44,324 [pool-93-thread-1] INFO  server.RaftServerConfigKeys (ConfUtils.java:logGet(44)) - raft.server.retrycache.expirytime = 600000ms (custom)
2021-08-26 17:31:44,324 [pool-93-thread-1] INFO  server.RaftServerConfigKeys (ConfUtils.java:logGet(44)) - raft.server.retrycache.statistics.expirytime = 100μs (default)
2021-08-26 17:31:44,326 [pool-93-thread-1] INFO  server.RaftServer$Division (RaftServerImpl.java:start(296)) - 8937ce5d-1b80-47aa-9c38-ca8400d40bb7@group-68F50B55EE72: start as a follower, conf=-1: [8937ce5d-1b80-47aa-9c38-ca8400d40bb7|rpc:10.1.0.42:36751|priority:1], old=null
2021-08-26 17:31:44,327 [pool-93-thread-1] INFO  server.RaftServer$Division (RaftServerImpl.java:setRole(285)) - 8937ce5d-1b80-47aa-9c38-ca8400d40bb7@group-68F50B55EE72: changes role from      null to FOLLOWER at term 0 for startAsFollower
2021-08-26 17:31:44,327 [pool-93-thread-1] INFO  impl.RoleInfo (RoleInfo.java:updateAndGet(130)) - 8937ce5d-1b80-47aa-9c38-ca8400d40bb7: start 8937ce5d-1b80-47aa-9c38-ca8400d40bb7@group-68F50B55EE72-FollowerState
2021-08-26 17:31:44,331 [pool-93-thread-1] INFO  util.JmxRegister (JmxRegister.java:tryRegister(44)) - Successfully registered JMX Bean with object name Ratis:service=RaftServer,group=group-68F50B55EE72,id=8937ce5d-1b80-47aa-9c38-ca8400d40bb7
2021-08-26 17:31:44,332 [pool-93-thread-1] INFO  server.RaftServer$Division (RaftServerImpl.java:start(296)) - 8937ce5d-1b80-47aa-9c38-ca8400d40bb7@group-6CDA7B53CB28: start as a follower, conf=-1: [648ce8fc-720e-401e-ac80-e1f8bda9cb96|rpc:10.1.0.42:35647|dataStream:|priority:0, 8937ce5d-1b80-47aa-9c38-ca8400d40bb7|rpc:10.1.0.42:36751|dataStream:|priority:0, 599d22f6-71b6-4f75-a803-0445b42d232b|rpc:10.1.0.42:34993|dataStream:|priority:1], old=null
2021-08-26 17:31:44,332 [pool-93-thread-1] INFO  server.RaftServer$Division (RaftServerImpl.java:setRole(285)) - 8937ce5d-1b80-47aa-9c38-ca8400d40bb7@group-6CDA7B53CB28: changes role from      null to FOLLOWER at term 0 for startAsFollower
2021-08-26 17:31:44,332 [pool-93-thread-1] INFO  impl.RoleInfo (RoleInfo.java:updateAndGet(130)) - 8937ce5d-1b80-47aa-9c38-ca8400d40bb7: start 8937ce5d-1b80-47aa-9c38-ca8400d40bb7@group-6CDA7B53CB28-FollowerState
2021-08-26 17:31:44,332 [Command processor thread] INFO  ratis.XceiverServerRatis (XceiverServerRatis.java:addGroup(763)) - Created group PipelineID=a37504d4-25a6-4371-9534-68f50b55ee72
2021-08-26 17:31:44,333 [pool-93-thread-1] INFO  util.JmxRegister (JmxRegister.java:tryRegister(44)) - Successfully registered JMX Bean with object name Ratis:service=RaftServer,group=group-6CDA7B53CB28,id=8937ce5d-1b80-47aa-9c38-ca8400d40bb7
2021-08-26 17:31:44,333 [Command processor thread] INFO  commandhandler.CreatePipelineCommandHandler (CreatePipelineCommandHandler.java:handle(106)) - Created Pipeline RATIS ONE PipelineID=a37504d4-25a6-4371-9534-68f50b55ee72.
2021-08-26 17:31:44,358 [Command processor thread] INFO  commandhandler.CreatePipelineCommandHandler (CreatePipelineCommandHandler.java:handle(106)) - Created Pipeline RATIS THREE PipelineID=1aabbb7e-a3ac-494e-966c-13d014e1ff78.
2021-08-26 17:31:44,359 [pool-55-thread-1] INFO  server.RaftServer$Division (RaftServerImpl.java:<init>(181)) - 648ce8fc-720e-401e-ac80-e1f8bda9cb96: new RaftServerImpl for group-6CDA7B53CB28:[648ce8fc-720e-401e-ac80-e1f8bda9cb96|rpc:10.1.0.42:35647|priority:0, 8937ce5d-1b80-47aa-9c38-ca8400d40bb7|rpc:10.1.0.42:36751|priority:0, 599d22f6-71b6-4f75-a803-0445b42d232b|rpc:10.1.0.42:34993|priority:1] with ContainerStateMachine:uninitialized
2021-08-26 17:31:44,359 [pool-55-thread-1] INFO  server.RaftServerConfigKeys (ConfUtils.java:logGet(44)) - raft.server.rpc.timeout.min = 5s (custom)
2021-08-26 17:31:44,359 [pool-55-thread-1] INFO  server.RaftServerConfigKeys (ConfUtils.java:logGet(44)) - raft.server.rpc.timeout.max = 5200ms (custom)
2021-08-26 17:31:44,359 [pool-55-thread-1] INFO  server.RaftServerConfigKeys (ConfUtils.java:logGet(44)) - raft.server.rpc.sleep.time = 25ms (default)
2021-08-26 17:31:44,359 [pool-55-thread-1] INFO  server.RaftServerConfigKeys (ConfUtils.java:logGet(44)) - raft.server.rpc.slowness.timeout = 300000ms (custom)
2021-08-26 17:31:44,359 [pool-55-thread-1] INFO  server.RaftServerConfigKeys (ConfUtils.java:logGet(44)) - raft.server.leaderelection.leader.step-down.wait-time = 10s (default)
2021-08-26 17:31:44,360 [pool-55-thread-1] INFO  server.RaftServerConfigKeys (ConfUtils.java:logGet(44)) - raft.server.sleep.deviation.threshold = 300ms (default)
2021-08-26 17:31:44,360 [pool-55-thread-1] INFO  server.RaftServerConfigKeys (ConfUtils.java:logGet(44)) - raft.server.log.appender.install.snapshot.enabled = false (custom)
2021-08-26 17:31:44,360 [Command processor thread] INFO  server.RaftServer (RaftServerProxy.java:addNew(95)) - 648ce8fc-720e-401e-ac80-e1f8bda9cb96: addNew group-6CDA7B53CB28:[648ce8fc-720e-401e-ac80-e1f8bda9cb96|rpc:10.1.0.42:35647|priority:0, 8937ce5d-1b80-47aa-9c38-ca8400d40bb7|rpc:10.1.0.42:36751|priority:0, 599d22f6-71b6-4f75-a803-0445b42d232b|rpc:10.1.0.42:34993|priority:1] returns group-6CDA7B53CB28:java.util.concurrent.CompletableFuture@33f42a86[Not completed]
2021-08-26 17:31:44,360 [pool-55-thread-1] INFO  server.RaftServer$Division (ServerState.java:<init>(105)) - 648ce8fc-720e-401e-ac80-e1f8bda9cb96@group-6CDA7B53CB28: ConfigurationManager, init=-1: [648ce8fc-720e-401e-ac80-e1f8bda9cb96|rpc:10.1.0.42:35647|priority:0, 8937ce5d-1b80-47aa-9c38-ca8400d40bb7|rpc:10.1.0.42:36751|priority:0, 599d22f6-71b6-4f75-a803-0445b42d232b|rpc:10.1.0.42:34993|priority:1], old=null, confs=<EMPTY_MAP>
2021-08-26 17:31:44,360 [pool-55-thread-1] INFO  server.RaftServerConfigKeys (ConfUtils.java:logGet(44)) - raft.server.storage.dir = [/home/runner/work/ozone/ozone/hadoop-ozone/integration-test/target/test-dir/MiniOzoneClusterImpl-daa96565-427e-4fca-a993-08525edc6fa6/datanode-0/data/ratis] (custom)
2021-08-26 17:31:44,360 [pool-55-thread-1] INFO  server.RaftServerConfigKeys (ConfUtils.java:logGet(44)) - raft.server.log.corruption.policy = EXCEPTION (default)
2021-08-26 17:31:44,360 [pool-55-thread-1] INFO  server.RaftServerConfigKeys (ConfUtils.java:logGet(44)) - raft.server.storage.free-space.min = 0MB (=0) (default)
2021-08-26 17:31:44,360 [pool-55-thread-1] INFO  storage.RaftStorageDirectory (RaftStorageDirectoryImpl.java:analyzeStorage(135)) - The storage directory /home/runner/work/ozone/ozone/hadoop-ozone/integration-test/target/test-dir/MiniOzoneClusterImpl-daa96565-427e-4fca-a993-08525edc6fa6/datanode-0/data/ratis/16e4fc05-efaa-4bb7-85d6-6cda7b53cb28 does not exist. Creating ...
2021-08-26 17:31:44,361 [pool-55-thread-1] INFO  storage.RaftStorageDirectory (RaftStorageDirectoryImpl.java:tryLock(230)) - Lock on /home/runner/work/ozone/ozone/hadoop-ozone/integration-test/target/test-dir/MiniOzoneClusterImpl-daa96565-427e-4fca-a993-08525edc6fa6/datanode-0/data/ratis/16e4fc05-efaa-4bb7-85d6-6cda7b53cb28/in_use.lock acquired by nodename 21484@fv-az122-729
2021-08-26 17:31:44,363 [pool-55-thread-1] INFO  storage.RaftStorage (RaftStorageImpl.java:format(89)) - Storage directory /home/runner/work/ozone/ozone/hadoop-ozone/integration-test/target/test-dir/MiniOzoneClusterImpl-daa96565-427e-4fca-a993-08525edc6fa6/datanode-0/data/ratis/16e4fc05-efaa-4bb7-85d6-6cda7b53cb28 has been successfully formatted.
2021-08-26 17:31:44,363 [pool-55-thread-1] INFO  ratis.ContainerStateMachine (ContainerStateMachine.java:loadSnapshot(224)) - group-6CDA7B53CB28: The snapshot info is null. Setting the last applied indexto:(t:0, i:~)
2021-08-26 17:31:44,364 [pool-55-thread-1] INFO  server.RaftServerConfigKeys (ConfUtils.java:logGet(44)) - raft.server.notification.no-leader.timeout = 300000ms (custom)
2021-08-26 17:31:44,364 [pool-55-thread-1] INFO  server.RaftServerConfigKeys (ConfUtils.java:logGet(44)) - raft.server.log.use.memory = false (default)
2021-08-26 17:31:44,364 [pool-55-thread-1] INFO  server.RaftServerConfigKeys (ConfUtils.java:logGet(44)) - raft.server.log.purge.gap = 1000000 (custom)
2021-08-26 17:31:44,364 [pool-55-thread-1] INFO  server.RaftServerConfigKeys (ConfUtils.java:logGet(44)) - raft.server.log.appender.buffer.byte-limit = 33554432 (custom)
2021-08-26 17:31:44,365 [pool-55-thread-1] INFO  server.RaftServerConfigKeys (ConfUtils.java:logGet(44)) - raft.server.log.segment.size.max = 1048576 (custom)
2021-08-26 17:31:44,365 [pool-55-thread-1] INFO  server.RaftServerConfigKeys (ConfUtils.java:logGet(44)) - raft.server.log.segment.cache.num.max = 2 (custom)
2021-08-26 17:31:44,366 [pool-55-thread-1] INFO  server.RaftServerConfigKeys (ConfUtils.java:logGet(44)) - raft.server.log.segment.cache.size.max = 200MB (=209715200) (default)
2021-08-26 17:31:44,366 [pool-55-thread-1] INFO  segmented.SegmentedRaftLogWorker (SegmentedRaftLogWorker.java:<init>(182)) - new 648ce8fc-720e-401e-ac80-e1f8bda9cb96@group-6CDA7B53CB28-SegmentedRaftLogWorker for RaftStorageImpl:Storage Directory /home/runner/work/ozone/ozone/hadoop-ozone/integration-test/target/test-dir/MiniOzoneClusterImpl-daa96565-427e-4fca-a993-08525edc6fa6/datanode-0/data/ratis/16e4fc05-efaa-4bb7-85d6-6cda7b53cb28
2021-08-26 17:31:44,368 [pool-55-thread-1] INFO  server.RaftServerConfigKeys (ConfUtils.java:logGet(44)) - raft.server.log.queue.byte-limit = 2147483647 (custom)
2021-08-26 17:31:44,368 [pool-55-thread-1] INFO  server.RaftServerConfigKeys (ConfUtils.java:logGet(44)) - raft.server.log.queue.element-limit = 1024 (custom)
2021-08-26 17:31:44,368 [pool-55-thread-1] INFO  server.RaftServerConfigKeys (ConfUtils.java:logGet(44)) - raft.server.log.segment.size.max = 1048576 (custom)
2021-08-26 17:31:44,368 [pool-55-thread-1] INFO  server.RaftServerConfigKeys (ConfUtils.java:logGet(44)) - raft.server.log.preallocated.size = 16384 (custom)
2021-08-26 17:31:44,368 [pool-55-thread-1] INFO  server.RaftServerConfigKeys (ConfUtils.java:logGet(44)) - raft.server.log.force.sync.num = 128 (default)
2021-08-26 17:31:44,368 [pool-55-thread-1] INFO  server.RaftServerConfigKeys (ConfUtils.java:logGet(44)) - raft.server.log.statemachine.data.sync = true (default)
2021-08-26 17:31:44,368 [pool-55-thread-1] INFO  server.RaftServerConfigKeys (ConfUtils.java:logGet(44)) - raft.server.log.statemachine.data.sync.timeout = 10s (default)
2021-08-26 17:31:44,368 [EventQueue-OpenPipelineForHealthyPipelineSafeModeRule] INFO  safemode.SCMSafeModeManager (HealthyPipelineSafeModeRule.java:process(124)) - SCM in safe mode. Healthy pipelines reported count is 0, required healthy pipeline reported count is 1
2021-08-26 17:31:44,369 [pool-55-thread-1] INFO  server.RaftServerConfigKeys (ConfUtils.java:logGet(44)) - raft.server.log.statemachine.data.sync.timeout.retry = -1 (default)
2021-08-26 17:31:44,378 [pool-55-thread-1] INFO  server.RaftServerConfigKeys (ConfUtils.java:logGet(44)) - raft.server.log.write.buffer.size = 1048576 (custom)
2021-08-26 17:31:44,379 [pool-55-thread-1] INFO  server.RaftServerConfigKeys (ConfUtils.java:logGet(44)) - raft.server.log.statemachine.data.caching.enabled = true (custom)
2021-08-26 17:31:44,379 [pool-55-thread-1] INFO  segmented.SegmentedRaftLogWorker (SegmentedRaftLogWorker.java:lambda$new$0(133)) - 648ce8fc-720e-401e-ac80-e1f8bda9cb96@group-6CDA7B53CB28-SegmentedRaftLogWorker: flushIndex: setUnconditionally 0 -> -1
2021-08-26 17:31:44,379 [pool-55-thread-1] INFO  segmented.SegmentedRaftLogWorker (SegmentedRaftLogWorker.java:lambda$new$0(133)) - 648ce8fc-720e-401e-ac80-e1f8bda9cb96@group-6CDA7B53CB28-SegmentedRaftLogWorker: safeCacheEvictIndex: setUnconditionally 0 -> -1
2021-08-26 17:31:44,383 [pool-55-thread-1] INFO  server.RaftServerConfigKeys (ConfUtils.java:logGet(44)) - raft.server.snapshot.auto.trigger.enabled = true (custom)
2021-08-26 17:31:44,383 [pool-55-thread-1] INFO  server.RaftServerConfigKeys (ConfUtils.java:logGet(44)) - raft.server.snapshot.auto.trigger.threshold = 10000 (custom)
2021-08-26 17:31:44,383 [pool-55-thread-1] INFO  server.RaftServerConfigKeys (ConfUtils.java:logGet(44)) - raft.server.snapshot.retention.file.num = 5 (custom)
2021-08-26 17:31:44,383 [pool-55-thread-1] INFO  server.RaftServerConfigKeys (ConfUtils.java:logGet(44)) - raft.server.log.purge.upto.snapshot.index = false (default)
2021-08-26 17:31:44,383 [pool-55-thread-1] INFO  server.RaftServerConfigKeys (ConfUtils.java:logGet(44)) - raft.server.retrycache.expirytime = 600000ms (custom)
2021-08-26 17:31:44,383 [pool-55-thread-1] INFO  server.RaftServerConfigKeys (ConfUtils.java:logGet(44)) - raft.server.retrycache.statistics.expirytime = 100μs (default)
2021-08-26 17:31:44,385 [pool-55-thread-1] INFO  server.RaftServer$Division (RaftServerImpl.java:start(296)) - 648ce8fc-720e-401e-ac80-e1f8bda9cb96@group-6CDA7B53CB28: start as a follower, conf=-1: [648ce8fc-720e-401e-ac80-e1f8bda9cb96|rpc:10.1.0.42:35647|priority:0, 8937ce5d-1b80-47aa-9c38-ca8400d40bb7|rpc:10.1.0.42:36751|priority:0, 599d22f6-71b6-4f75-a803-0445b42d232b|rpc:10.1.0.42:34993|priority:1], old=null
2021-08-26 17:31:44,385 [pool-55-thread-1] INFO  server.RaftServer$Division (RaftServerImpl.java:setRole(285)) - 648ce8fc-720e-401e-ac80-e1f8bda9cb96@group-6CDA7B53CB28: changes role from      null to FOLLOWER at term 0 for startAsFollower
2021-08-26 17:31:44,385 [pool-55-thread-1] INFO  impl.RoleInfo (RoleInfo.java:updateAndGet(130)) - 648ce8fc-720e-401e-ac80-e1f8bda9cb96: start 648ce8fc-720e-401e-ac80-e1f8bda9cb96@group-6CDA7B53CB28-FollowerState
2021-08-26 17:31:44,391 [pool-55-thread-1] INFO  util.JmxRegister (JmxRegister.java:tryRegister(44)) - Successfully registered JMX Bean with object name Ratis:service=RaftServer,group=group-6CDA7B53CB28,id=648ce8fc-720e-401e-ac80-e1f8bda9cb96
2021-08-26 17:31:44,398 [Command processor thread] INFO  ratis.XceiverServerRatis (XceiverServerRatis.java:addGroup(763)) - Created group PipelineID=16e4fc05-efaa-4bb7-85d6-6cda7b53cb28
2021-08-26 17:31:44,431 [Command processor thread] INFO  commandhandler.CreatePipelineCommandHandler (CreatePipelineCommandHandler.java:handle(106)) - Created Pipeline RATIS THREE PipelineID=16e4fc05-efaa-4bb7-85d6-6cda7b53cb28.
2021-08-26 17:31:44,452 [Command processor thread] INFO  commandhandler.CreatePipelineCommandHandler (CreatePipelineCommandHandler.java:handle(106)) - Created Pipeline RATIS THREE PipelineID=16e4fc05-efaa-4bb7-85d6-6cda7b53cb28.
2021-08-26 17:31:44,495 [Command processor thread] INFO  server.RaftServer (RaftServerProxy.java:addNew(95)) - c4880b1a-f63f-4492-a9df-0d04f2bfbd12: addNew group-111F3325A230:[c4880b1a-f63f-4492-a9df-0d04f2bfbd12|rpc:10.1.0.42:36835|priority:1] returns group-111F3325A230:java.util.concurrent.CompletableFuture@202c6cfb[Not completed]
2021-08-26 17:31:44,497 [pool-112-thread-1] INFO  server.RaftServer$Division (RaftServerImpl.java:<init>(181)) - c4880b1a-f63f-4492-a9df-0d04f2bfbd12: new RaftServerImpl for group-111F3325A230:[c4880b1a-f63f-4492-a9df-0d04f2bfbd12|rpc:10.1.0.42:36835|priority:1] with ContainerStateMachine:uninitialized
2021-08-26 17:31:44,501 [pool-112-thread-1] INFO  server.RaftServerConfigKeys (ConfUtils.java:logGet(44)) - raft.server.rpc.timeout.min = 5s (custom)
2021-08-26 17:31:44,501 [pool-112-thread-1] INFO  server.RaftServerConfigKeys (ConfUtils.java:logGet(44)) - raft.server.rpc.timeout.max = 5200ms (custom)
2021-08-26 17:31:44,501 [pool-112-thread-1] INFO  server.RaftServerConfigKeys (ConfUtils.java:logGet(44)) - raft.server.rpc.sleep.time = 25ms (default)
2021-08-26 17:31:44,501 [pool-112-thread-1] INFO  server.RaftServerConfigKeys (ConfUtils.java:logGet(44)) - raft.server.rpc.slowness.timeout = 300000ms (custom)
2021-08-26 17:31:44,501 [pool-112-thread-1] INFO  server.RaftServerConfigKeys (ConfUtils.java:logGet(44)) - raft.server.leaderelection.leader.step-down.wait-time = 10s (default)
2021-08-26 17:31:44,501 [pool-112-thread-1] INFO  server.RaftServerConfigKeys (ConfUtils.java:logGet(44)) - raft.server.sleep.deviation.threshold = 300ms (default)
2021-08-26 17:31:44,501 [pool-112-thread-1] INFO  server.RaftServerConfigKeys (ConfUtils.java:logGet(44)) - raft.server.log.appender.install.snapshot.enabled = false (custom)
2021-08-26 17:31:44,501 [pool-112-thread-1] INFO  server.RaftServer$Division (ServerState.java:<init>(105)) - c4880b1a-f63f-4492-a9df-0d04f2bfbd12@group-111F3325A230: ConfigurationManager, init=-1: [c4880b1a-f63f-4492-a9df-0d04f2bfbd12|rpc:10.1.0.42:36835|priority:1], old=null, confs=<EMPTY_MAP>
2021-08-26 17:31:44,501 [pool-112-thread-1] INFO  server.RaftServerConfigKeys (ConfUtils.java:logGet(44)) - raft.server.storage.dir = [/home/runner/work/ozone/ozone/hadoop-ozone/integration-test/target/test-dir/MiniOzoneClusterImpl-daa96565-427e-4fca-a993-08525edc6fa6/datanode-3/data/ratis] (custom)
2021-08-26 17:31:44,502 [pool-112-thread-1] INFO  server.RaftServerConfigKeys (ConfUtils.java:logGet(44)) - raft.server.log.corruption.policy = EXCEPTION (default)
2021-08-26 17:31:44,502 [pool-112-thread-1] INFO  server.RaftServerConfigKeys (ConfUtils.java:logGet(44)) - raft.server.storage.free-space.min = 0MB (=0) (default)
2021-08-26 17:31:44,502 [pool-112-thread-1] INFO  storage.RaftStorageDirectory (RaftStorageDirectoryImpl.java:analyzeStorage(135)) - The storage directory /home/runner/work/ozone/ozone/hadoop-ozone/integration-test/target/test-dir/MiniOzoneClusterImpl-daa96565-427e-4fca-a993-08525edc6fa6/datanode-3/data/ratis/910e6ca5-972a-4122-95df-111f3325a230 does not exist. Creating ...
2021-08-26 17:31:44,503 [pool-112-thread-1] INFO  storage.RaftStorageDirectory (RaftStorageDirectoryImpl.java:tryLock(230)) - Lock on /home/runner/work/ozone/ozone/hadoop-ozone/integration-test/target/test-dir/MiniOzoneClusterImpl-daa96565-427e-4fca-a993-08525edc6fa6/datanode-3/data/ratis/910e6ca5-972a-4122-95df-111f3325a230/in_use.lock acquired by nodename 21484@fv-az122-729
2021-08-26 17:31:44,504 [pool-112-thread-1] INFO  storage.RaftStorage (RaftStorageImpl.java:format(89)) - Storage directory /home/runner/work/ozone/ozone/hadoop-ozone/integration-test/target/test-dir/MiniOzoneClusterImpl-daa96565-427e-4fca-a993-08525edc6fa6/datanode-3/data/ratis/910e6ca5-972a-4122-95df-111f3325a230 has been successfully formatted.
2021-08-26 17:31:44,505 [pool-112-thread-1] INFO  ratis.ContainerStateMachine (ContainerStateMachine.java:loadSnapshot(224)) - group-111F3325A230: The snapshot info is null. Setting the last applied indexto:(t:0, i:~)
2021-08-26 17:31:44,505 [pool-112-thread-1] INFO  server.RaftServerConfigKeys (ConfUtils.java:logGet(44)) - raft.server.notification.no-leader.timeout = 300000ms (custom)
2021-08-26 17:31:44,506 [pool-112-thread-1] INFO  server.RaftServerConfigKeys (ConfUtils.java:logGet(44)) - raft.server.log.use.memory = false (default)
2021-08-26 17:31:44,506 [pool-112-thread-1] INFO  server.RaftServerConfigKeys (ConfUtils.java:logGet(44)) - raft.server.log.purge.gap = 1000000 (custom)
2021-08-26 17:31:44,506 [pool-112-thread-1] INFO  server.RaftServerConfigKeys (ConfUtils.java:logGet(44)) - raft.server.log.appender.buffer.byte-limit = 33554432 (custom)
2021-08-26 17:31:44,507 [EventQueue-PipelineReportForPipelineReportHandler] INFO  pipeline.PipelineManagerImpl (PipelineManagerImpl.java:openPipeline(282)) - Pipeline Pipeline[ Id: 910e6ca5-972a-4122-95df-111f3325a230, Nodes: c4880b1a-f63f-4492-a9df-0d04f2bfbd12{ip: 10.1.0.42, host: fv-az122-729.zf1tlrj3kn4expqppa1j4mpycf.xx.internal.cloudapp.net, ports: [REPLICATION=33083, RATIS=36835, RATIS_ADMIN=36835, RATIS_SERVER=36835, STANDALONE=32847], networkLocation: /default-rack, certSerialId: null, persistedOpState: IN_SERVICE, persistedOpStateExpiryEpochSec: 0}, ReplicationConfig: RATIS/ONE, State:ALLOCATED, leaderId:c4880b1a-f63f-4492-a9df-0d04f2bfbd12, CreationTimestamp2021-08-26T17:31:41.499Z[Etc/UTC]] moved to OPEN state
2021-08-26 17:31:44,507 [EventQueue-OpenPipelineForHealthyPipelineSafeModeRule] INFO  safemode.SCMSafeModeManager (HealthyPipelineSafeModeRule.java:process(124)) - SCM in safe mode. Healthy pipelines reported count is 0, required healthy pipeline reported count is 1
2021-08-26 17:31:44,507 [pool-112-thread-1] INFO  server.RaftServerConfigKeys (ConfUtils.java:logGet(44)) - raft.server.log.segment.size.max = 1048576 (custom)
2021-08-26 17:31:44,510 [pool-112-thread-1] INFO  server.RaftServerConfigKeys (ConfUtils.java:logGet(44)) - raft.server.log.segment.cache.num.max = 2 (custom)
2021-08-26 17:31:44,510 [pool-112-thread-1] INFO  server.RaftServerConfigKeys (ConfUtils.java:logGet(44)) - raft.server.log.segment.cache.size.max = 200MB (=209715200) (default)
2021-08-26 17:31:44,510 [pool-112-thread-1] INFO  segmented.SegmentedRaftLogWorker (SegmentedRaftLogWorker.java:<init>(182)) - new c4880b1a-f63f-4492-a9df-0d04f2bfbd12@group-111F3325A230-SegmentedRaftLogWorker for RaftStorageImpl:Storage Directory /home/runner/work/ozone/ozone/hadoop-ozone/integration-test/target/test-dir/MiniOzoneClusterImpl-daa96565-427e-4fca-a993-08525edc6fa6/datanode-3/data/ratis/910e6ca5-972a-4122-95df-111f3325a230
2021-08-26 17:31:44,510 [pool-112-thread-1] INFO  server.RaftServerConfigKeys (ConfUtils.java:logGet(44)) - raft.server.log.queue.byte-limit = 2147483647 (custom)
2021-08-26 17:31:44,511 [pool-112-thread-1] INFO  server.RaftServerConfigKeys (ConfUtils.java:logGet(44)) - raft.server.log.queue.element-limit = 1024 (custom)
2021-08-26 17:31:44,512 [pool-112-thread-1] INFO  server.RaftServerConfigKeys (ConfUtils.java:logGet(44)) - raft.server.log.segment.size.max = 1048576 (custom)
2021-08-26 17:31:44,513 [pool-112-thread-1] INFO  server.RaftServerConfigKeys (ConfUtils.java:logGet(44)) - raft.server.log.preallocated.size = 16384 (custom)
2021-08-26 17:31:44,513 [pool-112-thread-1] INFO  server.RaftServerConfigKeys (ConfUtils.java:logGet(44)) - raft.server.log.force.sync.num = 128 (default)
2021-08-26 17:31:44,513 [pool-112-thread-1] INFO  server.RaftServerConfigKeys (ConfUtils.java:logGet(44)) - raft.server.log.statemachine.data.sync = true (default)
2021-08-26 17:31:44,513 [pool-112-thread-1] INFO  server.RaftServerConfigKeys (ConfUtils.java:logGet(44)) - raft.server.log.statemachine.data.sync.timeout = 10s (default)
2021-08-26 17:31:44,513 [pool-112-thread-1] INFO  server.RaftServerConfigKeys (ConfUtils.java:logGet(44)) - raft.server.log.statemachine.data.sync.timeout.retry = -1 (default)
2021-08-26 17:31:44,514 [pool-112-thread-1] INFO  server.RaftServerConfigKeys (ConfUtils.java:logGet(44)) - raft.server.log.write.buffer.size = 1048576 (custom)
2021-08-26 17:31:44,515 [pool-112-thread-1] INFO  server.RaftServerConfigKeys (ConfUtils.java:logGet(44)) - raft.server.log.statemachine.data.caching.enabled = true (custom)
2021-08-26 17:31:44,515 [pool-112-thread-1] INFO  segmented.SegmentedRaftLogWorker (SegmentedRaftLogWorker.java:lambda$new$0(133)) - c4880b1a-f63f-4492-a9df-0d04f2bfbd12@group-111F3325A230-SegmentedRaftLogWorker: flushIndex: setUnconditionally 0 -> -1
2021-08-26 17:31:44,516 [pool-112-thread-1] INFO  segmented.SegmentedRaftLogWorker (SegmentedRaftLogWorker.java:lambda$new$0(133)) - c4880b1a-f63f-4492-a9df-0d04f2bfbd12@group-111F3325A230-SegmentedRaftLogWorker: safeCacheEvictIndex: setUnconditionally 0 -> -1
2021-08-26 17:31:44,520 [pool-112-thread-1] INFO  server.RaftServerConfigKeys (ConfUtils.java:logGet(44)) - raft.server.snapshot.auto.trigger.enabled = true (custom)
2021-08-26 17:31:44,521 [pool-112-thread-1] INFO  server.RaftServerConfigKeys (ConfUtils.java:logGet(44)) - raft.server.snapshot.auto.trigger.threshold = 10000 (custom)
2021-08-26 17:31:44,521 [pool-112-thread-1] INFO  server.RaftServerConfigKeys (ConfUtils.java:logGet(44)) - raft.server.snapshot.retention.file.num = 5 (custom)
2021-08-26 17:31:44,521 [pool-112-thread-1] INFO  server.RaftServerConfigKeys (ConfUtils.java:logGet(44)) - raft.server.log.purge.upto.snapshot.index = false (default)
2021-08-26 17:31:44,521 [pool-112-thread-1] INFO  server.RaftServerConfigKeys (ConfUtils.java:logGet(44)) - raft.server.retrycache.expirytime = 600000ms (custom)
2021-08-26 17:31:44,521 [pool-112-thread-1] INFO  server.RaftServerConfigKeys (ConfUtils.java:logGet(44)) - raft.server.retrycache.statistics.expirytime = 100μs (default)
2021-08-26 17:31:44,523 [pool-112-thread-1] INFO  server.RaftServer$Division (RaftServerImpl.java:start(296)) - c4880b1a-f63f-4492-a9df-0d04f2bfbd12@group-111F3325A230: start as a follower, conf=-1: [c4880b1a-f63f-4492-a9df-0d04f2bfbd12|rpc:10.1.0.42:36835|priority:1], old=null
2021-08-26 17:31:44,523 [pool-112-thread-1] INFO  server.RaftServer$Division (RaftServerImpl.java:setRole(285)) - c4880b1a-f63f-4492-a9df-0d04f2bfbd12@group-111F3325A230: changes role from      null to FOLLOWER at term 0 for startAsFollower
2021-08-26 17:31:44,523 [pool-112-thread-1] INFO  impl.RoleInfo (RoleInfo.java:updateAndGet(130)) - c4880b1a-f63f-4492-a9df-0d04f2bfbd12: start c4880b1a-f63f-4492-a9df-0d04f2bfbd12@group-111F3325A230-FollowerState
2021-08-26 17:31:44,523 [pool-112-thread-1] INFO  util.JmxRegister (JmxRegister.java:tryRegister(44)) - Successfully registered JMX Bean with object name Ratis:service=RaftServer,group=group-111F3325A230,id=c4880b1a-f63f-4492-a9df-0d04f2bfbd12
2021-08-26 17:31:44,524 [Command processor thread] INFO  ratis.XceiverServerRatis (XceiverServerRatis.java:addGroup(763)) - Created group PipelineID=910e6ca5-972a-4122-95df-111f3325a230
2021-08-26 17:31:44,524 [Command processor thread] INFO  commandhandler.CreatePipelineCommandHandler (CreatePipelineCommandHandler.java:handle(106)) - Created Pipeline RATIS ONE PipelineID=910e6ca5-972a-4122-95df-111f3325a230.
2021-08-26 17:31:44,524 [Command processor thread] INFO  server.RaftServer (RaftServerProxy.java:addNew(95)) - c4880b1a-f63f-4492-a9df-0d04f2bfbd12: addNew group-5ED93A64E77F:[c4880b1a-f63f-4492-a9df-0d04f2bfbd12|rpc:10.1.0.42:36835|priority:0, caca0df6-f340-40f9-9fdf-acdee16ce07d|rpc:10.1.0.42:39345|priority:0, 7ea02771-24eb-4f5a-8038-44a318ea5460|rpc:10.1.0.42:37543|priority:1] returns group-5ED93A64E77F:java.util.concurrent.CompletableFuture@2413fc26[Not completed]
2021-08-26 17:31:44,525 [pool-112-thread-1] INFO  server.RaftServer$Division (RaftServerImpl.java:<init>(181)) - c4880b1a-f63f-4492-a9df-0d04f2bfbd12: new RaftServerImpl for group-5ED93A64E77F:[c4880b1a-f63f-4492-a9df-0d04f2bfbd12|rpc:10.1.0.42:36835|priority:0, caca0df6-f340-40f9-9fdf-acdee16ce07d|rpc:10.1.0.42:39345|priority:0, 7ea02771-24eb-4f5a-8038-44a318ea5460|rpc:10.1.0.42:37543|priority:1] with ContainerStateMachine:uninitialized
2021-08-26 17:31:44,525 [pool-112-thread-1] INFO  server.RaftServerConfigKeys (ConfUtils.java:logGet(44)) - raft.server.rpc.timeout.min = 5s (custom)
2021-08-26 17:31:44,525 [pool-112-thread-1] INFO  server.RaftServerConfigKeys (ConfUtils.java:logGet(44)) - raft.server.rpc.timeout.max = 5200ms (custom)
2021-08-26 17:31:44,526 [pool-112-thread-1] INFO  server.RaftServerConfigKeys (ConfUtils.java:logGet(44)) - raft.server.rpc.sleep.time = 25ms (default)
2021-08-26 17:31:44,526 [pool-112-thread-1] INFO  server.RaftServerConfigKeys (ConfUtils.java:logGet(44)) - raft.server.rpc.slowness.timeout = 300000ms (custom)
2021-08-26 17:31:44,526 [pool-112-thread-1] INFO  server.RaftServerConfigKeys (ConfUtils.java:logGet(44)) - raft.server.leaderelection.leader.step-down.wait-time = 10s (default)
2021-08-26 17:31:44,526 [pool-112-thread-1] INFO  server.RaftServerConfigKeys (ConfUtils.java:logGet(44)) - raft.server.sleep.deviation.threshold = 300ms (default)
2021-08-26 17:31:44,526 [pool-112-thread-1] INFO  server.RaftServerConfigKeys (ConfUtils.java:logGet(44)) - raft.server.log.appender.install.snapshot.enabled = false (custom)
2021-08-26 17:31:44,526 [pool-112-thread-1] INFO  server.RaftServer$Division (ServerState.java:<init>(105)) - c4880b1a-f63f-4492-a9df-0d04f2bfbd12@group-5ED93A64E77F: ConfigurationManager, init=-1: [c4880b1a-f63f-4492-a9df-0d04f2bfbd12|rpc:10.1.0.42:36835|priority:0, caca0df6-f340-40f9-9fdf-acdee16ce07d|rpc:10.1.0.42:39345|priority:0, 7ea02771-24eb-4f5a-8038-44a318ea5460|rpc:10.1.0.42:37543|priority:1], old=null, confs=<EMPTY_MAP>
2021-08-26 17:31:44,526 [pool-112-thread-1] INFO  server.RaftServerConfigKeys (ConfUtils.java:logGet(44)) - raft.server.storage.dir = [/home/runner/work/ozone/ozone/hadoop-ozone/integration-test/target/test-dir/MiniOzoneClusterImpl-daa96565-427e-4fca-a993-08525edc6fa6/datanode-3/data/ratis] (custom)
2021-08-26 17:31:44,526 [pool-112-thread-1] INFO  server.RaftServerConfigKeys (ConfUtils.java:logGet(44)) - raft.server.log.corruption.policy = EXCEPTION (default)
2021-08-26 17:31:44,526 [pool-112-thread-1] INFO  server.RaftServerConfigKeys (ConfUtils.java:logGet(44)) - raft.server.storage.free-space.min = 0MB (=0) (default)
2021-08-26 17:31:44,526 [pool-112-thread-1] INFO  storage.RaftStorageDirectory (RaftStorageDirectoryImpl.java:analyzeStorage(135)) - The storage directory /home/runner/work/ozone/ozone/hadoop-ozone/integration-test/target/test-dir/MiniOzoneClusterImpl-daa96565-427e-4fca-a993-08525edc6fa6/datanode-3/data/ratis/cbd71701-9592-43b7-bb2a-5ed93a64e77f does not exist. Creating ...
2021-08-26 17:31:44,527 [pool-112-thread-1] INFO  storage.RaftStorageDirectory (RaftStorageDirectoryImpl.java:tryLock(230)) - Lock on /home/runner/work/ozone/ozone/hadoop-ozone/integration-test/target/test-dir/MiniOzoneClusterImpl-daa96565-427e-4fca-a993-08525edc6fa6/datanode-3/data/ratis/cbd71701-9592-43b7-bb2a-5ed93a64e77f/in_use.lock acquired by nodename 21484@fv-az122-729
2021-08-26 17:31:44,528 [pool-112-thread-1] INFO  storage.RaftStorage (RaftStorageImpl.java:format(89)) - Storage directory /home/runner/work/ozone/ozone/hadoop-ozone/integration-test/target/test-dir/MiniOzoneClusterImpl-daa96565-427e-4fca-a993-08525edc6fa6/datanode-3/data/ratis/cbd71701-9592-43b7-bb2a-5ed93a64e77f has been successfully formatted.
2021-08-26 17:31:44,528 [pool-112-thread-1] INFO  ratis.ContainerStateMachine (ContainerStateMachine.java:loadSnapshot(224)) - group-5ED93A64E77F: The snapshot info is null. Setting the last applied indexto:(t:0, i:~)
2021-08-26 17:31:44,528 [Datanode State Machine Thread - 0] WARN  statemachine.StateContext (StateContext.java:execute(621)) - No available thread in pool for past 1 seconds.
2021-08-26 17:31:44,528 [pool-112-thread-1] INFO  server.RaftServerConfigKeys (ConfUtils.java:logGet(44)) - raft.server.notification.no-leader.timeout = 300000ms (custom)
2021-08-26 17:31:44,529 [pool-112-thread-1] INFO  server.RaftServerConfigKeys (ConfUtils.java:logGet(44)) - raft.server.log.use.memory = false (default)
2021-08-26 17:31:44,529 [pool-112-thread-1] INFO  server.RaftServerConfigKeys (ConfUtils.java:logGet(44)) - raft.server.log.purge.gap = 1000000 (custom)
2021-08-26 17:31:44,529 [pool-112-thread-1] INFO  server.RaftServerConfigKeys (ConfUtils.java:logGet(44)) - raft.server.log.appender.buffer.byte-limit = 33554432 (custom)
2021-08-26 17:31:44,530 [EventQueue-OpenPipelineForHealthyPipelineSafeModeRule] INFO  safemode.SCMSafeModeManager (HealthyPipelineSafeModeRule.java:process(124)) - SCM in safe mode. Healthy pipelines reported count is 0, required healthy pipeline reported count is 1
2021-08-26 17:31:44,535 [pool-112-thread-1] INFO  server.RaftServerConfigKeys (ConfUtils.java:logGet(44)) - raft.server.log.segment.size.max = 1048576 (custom)
2021-08-26 17:31:44,536 [pool-112-thread-1] INFO  server.RaftServerConfigKeys (ConfUtils.java:logGet(44)) - raft.server.log.segment.cache.num.max = 2 (custom)
2021-08-26 17:31:44,536 [pool-112-thread-1] INFO  server.RaftServerConfigKeys (ConfUtils.java:logGet(44)) - raft.server.log.segment.cache.size.max = 200MB (=209715200) (default)
2021-08-26 17:31:44,536 [pool-112-thread-1] INFO  segmented.SegmentedRaftLogWorker (SegmentedRaftLogWorker.java:<init>(182)) - new c4880b1a-f63f-4492-a9df-0d04f2bfbd12@group-5ED93A64E77F-SegmentedRaftLogWorker for RaftStorageImpl:Storage Directory /home/runner/work/ozone/ozone/hadoop-ozone/integration-test/target/test-dir/MiniOzoneClusterImpl-daa96565-427e-4fca-a993-08525edc6fa6/datanode-3/data/ratis/cbd71701-9592-43b7-bb2a-5ed93a64e77f
2021-08-26 17:31:44,536 [pool-112-thread-1] INFO  server.RaftServerConfigKeys (ConfUtils.java:logGet(44)) - raft.server.log.queue.byte-limit = 2147483647 (custom)
2021-08-26 17:31:44,536 [pool-112-thread-1] INFO  server.RaftServerConfigKeys (ConfUtils.java:logGet(44)) - raft.server.log.queue.element-limit = 1024 (custom)
2021-08-26 17:31:44,536 [pool-112-thread-1] INFO  server.RaftServerConfigKeys (ConfUtils.java:logGet(44)) - raft.server.log.segment.size.max = 1048576 (custom)
2021-08-26 17:31:44,536 [pool-112-thread-1] INFO  server.RaftServerConfigKeys (ConfUtils.java:logGet(44)) - raft.server.log.preallocated.size = 16384 (custom)
2021-08-26 17:31:44,536 [pool-112-thread-1] INFO  server.RaftServerConfigKeys (ConfUtils.java:logGet(44)) - raft.server.log.force.sync.num = 128 (default)
2021-08-26 17:31:44,537 [pool-112-thread-1] INFO  server.RaftServerConfigKeys (ConfUtils.java:logGet(44)) - raft.server.log.statemachine.data.sync = true (default)
2021-08-26 17:31:44,537 [pool-112-thread-1] INFO  server.RaftServerConfigKeys (ConfUtils.java:logGet(44)) - raft.server.log.statemachine.data.sync.timeout = 10s (default)
2021-08-26 17:31:44,537 [pool-112-thread-1] INFO  server.RaftServerConfigKeys (ConfUtils.java:logGet(44)) - raft.server.log.statemachine.data.sync.timeout.retry = -1 (default)
2021-08-26 17:31:44,538 [pool-112-thread-1] INFO  server.RaftServerConfigKeys (ConfUtils.java:logGet(44)) - raft.server.log.write.buffer.size = 1048576 (custom)
2021-08-26 17:31:44,540 [pool-112-thread-1] INFO  server.RaftServerConfigKeys (ConfUtils.java:logGet(44)) - raft.server.log.statemachine.data.caching.enabled = true (custom)
2021-08-26 17:31:44,540 [pool-112-thread-1] INFO  segmented.SegmentedRaftLogWorker (SegmentedRaftLogWorker.java:lambda$new$0(133)) - c4880b1a-f63f-4492-a9df-0d04f2bfbd12@group-5ED93A64E77F-SegmentedRaftLogWorker: flushIndex: setUnconditionally 0 -> -1
2021-08-26 17:31:44,540 [pool-112-thread-1] INFO  segmented.SegmentedRaftLogWorker (SegmentedRaftLogWorker.java:lambda$new$0(133)) - c4880b1a-f63f-4492-a9df-0d04f2bfbd12@group-5ED93A64E77F-SegmentedRaftLogWorker: safeCacheEvictIndex: setUnconditionally 0 -> -1
2021-08-26 17:31:44,540 [pool-112-thread-1] INFO  server.RaftServerConfigKeys (ConfUtils.java:logGet(44)) - raft.server.snapshot.auto.trigger.enabled = true (custom)
2021-08-26 17:31:44,540 [pool-112-thread-1] INFO  server.RaftServerConfigKeys (ConfUtils.java:logGet(44)) - raft.server.snapshot.auto.trigger.threshold = 10000 (custom)
2021-08-26 17:31:44,540 [pool-112-thread-1] INFO  server.RaftServerConfigKeys (ConfUtils.java:logGet(44)) - raft.server.snapshot.retention.file.num = 5 (custom)
2021-08-26 17:31:44,541 [pool-112-thread-1] INFO  server.RaftServerConfigKeys (ConfUtils.java:logGet(44)) - raft.server.log.purge.upto.snapshot.index = false (default)
2021-08-26 17:31:44,541 [pool-112-thread-1] INFO  server.RaftServerConfigKeys (ConfUtils.java:logGet(44)) - raft.server.retrycache.expirytime = 600000ms (custom)
2021-08-26 17:31:44,541 [pool-112-thread-1] INFO  server.RaftServerConfigKeys (ConfUtils.java:logGet(44)) - raft.server.retrycache.statistics.expirytime = 100μs (default)
2021-08-26 17:31:44,542 [pool-112-thread-1] INFO  server.RaftServer$Division (RaftServerImpl.java:start(296)) - c4880b1a-f63f-4492-a9df-0d04f2bfbd12@group-5ED93A64E77F: start as a follower, conf=-1: [c4880b1a-f63f-4492-a9df-0d04f2bfbd12|rpc:10.1.0.42:36835|priority:0, caca0df6-f340-40f9-9fdf-acdee16ce07d|rpc:10.1.0.42:39345|priority:0, 7ea02771-24eb-4f5a-8038-44a318ea5460|rpc:10.1.0.42:37543|priority:1], old=null
2021-08-26 17:31:44,542 [pool-112-thread-1] INFO  server.RaftServer$Division (RaftServerImpl.java:setRole(285)) - c4880b1a-f63f-4492-a9df-0d04f2bfbd12@group-5ED93A64E77F: changes role from      null to FOLLOWER at term 0 for startAsFollower
2021-08-26 17:31:44,542 [pool-112-thread-1] INFO  impl.RoleInfo (RoleInfo.java:updateAndGet(130)) - c4880b1a-f63f-4492-a9df-0d04f2bfbd12: start c4880b1a-f63f-4492-a9df-0d04f2bfbd12@group-5ED93A64E77F-FollowerState
2021-08-26 17:31:44,542 [pool-112-thread-1] INFO  util.JmxRegister (JmxRegister.java:tryRegister(44)) - Successfully registered JMX Bean with object name Ratis:service=RaftServer,group=group-5ED93A64E77F,id=c4880b1a-f63f-4492-a9df-0d04f2bfbd12
2021-08-26 17:31:44,544 [Command processor thread] INFO  ratis.XceiverServerRatis (XceiverServerRatis.java:addGroup(763)) - Created group PipelineID=cbd71701-9592-43b7-bb2a-5ed93a64e77f
2021-08-26 17:31:44,563 [grpc-default-executor-0] INFO  server.RaftServer (RaftServerProxy.java:addNew(95)) - caca0df6-f340-40f9-9fdf-acdee16ce07d: addNew group-5ED93A64E77F:[c4880b1a-f63f-4492-a9df-0d04f2bfbd12|rpc:10.1.0.42:36835|dataStream:|priority:0, caca0df6-f340-40f9-9fdf-acdee16ce07d|rpc:10.1.0.42:39345|dataStream:|priority:0, 7ea02771-24eb-4f5a-8038-44a318ea5460|rpc:10.1.0.42:37543|dataStream:|priority:1] returns group-5ED93A64E77F:java.util.concurrent.CompletableFuture@25666624[Not completed]
2021-08-26 17:31:44,564 [pool-150-thread-1] INFO  server.RaftServer$Division (RaftServerImpl.java:<init>(181)) - caca0df6-f340-40f9-9fdf-acdee16ce07d: new RaftServerImpl for group-5ED93A64E77F:[c4880b1a-f63f-4492-a9df-0d04f2bfbd12|rpc:10.1.0.42:36835|dataStream:|priority:0, caca0df6-f340-40f9-9fdf-acdee16ce07d|rpc:10.1.0.42:39345|dataStream:|priority:0, 7ea02771-24eb-4f5a-8038-44a318ea5460|rpc:10.1.0.42:37543|dataStream:|priority:1] with ContainerStateMachine:uninitialized
2021-08-26 17:31:44,564 [pool-150-thread-1] INFO  server.RaftServerConfigKeys (ConfUtils.java:logGet(44)) - raft.server.rpc.timeout.min = 5s (custom)
2021-08-26 17:31:44,564 [pool-150-thread-1] INFO  server.RaftServerConfigKeys (ConfUtils.java:logGet(44)) - raft.server.rpc.timeout.max = 5200ms (custom)
2021-08-26 17:31:44,564 [pool-150-thread-1] INFO  server.RaftServerConfigKeys (ConfUtils.java:logGet(44)) - raft.server.rpc.sleep.time = 25ms (default)
2021-08-26 17:31:44,565 [pool-150-thread-1] INFO  server.RaftServerConfigKeys (ConfUtils.java:logGet(44)) - raft.server.rpc.slowness.timeout = 300000ms (custom)
2021-08-26 17:31:44,565 [pool-150-thread-1] INFO  server.RaftServerConfigKeys (ConfUtils.java:logGet(44)) - raft.server.leaderelection.leader.step-down.wait-time = 10s (default)
2021-08-26 17:31:44,565 [pool-150-thread-1] INFO  server.RaftServerConfigKeys (ConfUtils.java:logGet(44)) - raft.server.sleep.deviation.threshold = 300ms (default)
2021-08-26 17:31:44,565 [pool-150-thread-1] INFO  server.RaftServerConfigKeys (ConfUtils.java:logGet(44)) - raft.server.log.appender.install.snapshot.enabled = false (custom)
2021-08-26 17:31:44,565 [pool-150-thread-1] INFO  server.RaftServer$Division (ServerState.java:<init>(105)) - caca0df6-f340-40f9-9fdf-acdee16ce07d@group-5ED93A64E77F: ConfigurationManager, init=-1: [c4880b1a-f63f-4492-a9df-0d04f2bfbd12|rpc:10.1.0.42:36835|dataStream:|priority:0, caca0df6-f340-40f9-9fdf-acdee16ce07d|rpc:10.1.0.42:39345|dataStream:|priority:0, 7ea02771-24eb-4f5a-8038-44a318ea5460|rpc:10.1.0.42:37543|dataStream:|priority:1], old=null, confs=<EMPTY_MAP>
2021-08-26 17:31:44,565 [pool-150-thread-1] INFO  server.RaftServerConfigKeys (ConfUtils.java:logGet(44)) - raft.server.storage.dir = [/home/runner/work/ozone/ozone/hadoop-ozone/integration-test/target/test-dir/MiniOzoneClusterImpl-daa96565-427e-4fca-a993-08525edc6fa6/datanode-5/data/ratis] (custom)
2021-08-26 17:31:44,565 [pool-150-thread-1] INFO  server.RaftServerConfigKeys (ConfUtils.java:logGet(44)) - raft.server.log.corruption.policy = EXCEPTION (default)
2021-08-26 17:31:44,565 [pool-150-thread-1] INFO  server.RaftServerConfigKeys (ConfUtils.java:logGet(44)) - raft.server.storage.free-space.min = 0MB (=0) (default)
2021-08-26 17:31:44,565 [pool-150-thread-1] INFO  storage.RaftStorageDirectory (RaftStorageDirectoryImpl.java:analyzeStorage(135)) - The storage directory /home/runner/work/ozone/ozone/hadoop-ozone/integration-test/target/test-dir/MiniOzoneClusterImpl-daa96565-427e-4fca-a993-08525edc6fa6/datanode-5/data/ratis/cbd71701-9592-43b7-bb2a-5ed93a64e77f does not exist. Creating ...
2021-08-26 17:31:44,566 [pool-150-thread-1] INFO  storage.RaftStorageDirectory (RaftStorageDirectoryImpl.java:tryLock(230)) - Lock on /home/runner/work/ozone/ozone/hadoop-ozone/integration-test/target/test-dir/MiniOzoneClusterImpl-daa96565-427e-4fca-a993-08525edc6fa6/datanode-5/data/ratis/cbd71701-9592-43b7-bb2a-5ed93a64e77f/in_use.lock acquired by nodename 21484@fv-az122-729
2021-08-26 17:31:44,568 [pool-150-thread-1] INFO  storage.RaftStorage (RaftStorageImpl.java:format(89)) - Storage directory /home/runner/work/ozone/ozone/hadoop-ozone/integration-test/target/test-dir/MiniOzoneClusterImpl-daa96565-427e-4fca-a993-08525edc6fa6/datanode-5/data/ratis/cbd71701-9592-43b7-bb2a-5ed93a64e77f has been successfully formatted.
2021-08-26 17:31:44,573 [pool-150-thread-1] INFO  ratis.ContainerStateMachine (ContainerStateMachine.java:loadSnapshot(224)) - group-5ED93A64E77F: The snapshot info is null. Setting the last applied indexto:(t:0, i:~)
2021-08-26 17:31:44,574 [pool-150-thread-1] INFO  server.RaftServerConfigKeys (ConfUtils.java:logGet(44)) - raft.server.notification.no-leader.timeout = 300000ms (custom)
2021-08-26 17:31:44,574 [pool-150-thread-1] INFO  server.RaftServerConfigKeys (ConfUtils.java:logGet(44)) - raft.server.log.use.memory = false (default)
2021-08-26 17:31:44,574 [pool-150-thread-1] INFO  server.RaftServerConfigKeys (ConfUtils.java:logGet(44)) - raft.server.log.purge.gap = 1000000 (custom)
2021-08-26 17:31:44,574 [pool-150-thread-1] INFO  server.RaftServerConfigKeys (ConfUtils.java:logGet(44)) - raft.server.log.appender.buffer.byte-limit = 33554432 (custom)
2021-08-26 17:31:44,577 [pool-150-thread-1] INFO  server.RaftServerConfigKeys (ConfUtils.java:logGet(44)) - raft.server.log.segment.size.max = 1048576 (custom)
2021-08-26 17:31:44,578 [pool-150-thread-1] INFO  server.RaftServerConfigKeys (ConfUtils.java:logGet(44)) - raft.server.log.segment.cache.num.max = 2 (custom)
2021-08-26 17:31:44,578 [pool-150-thread-1] INFO  server.RaftServerConfigKeys (ConfUtils.java:logGet(44)) - raft.server.log.segment.cache.size.max = 200MB (=209715200) (default)
2021-08-26 17:31:44,578 [pool-150-thread-1] INFO  segmented.SegmentedRaftLogWorker (SegmentedRaftLogWorker.java:<init>(182)) - new caca0df6-f340-40f9-9fdf-acdee16ce07d@group-5ED93A64E77F-SegmentedRaftLogWorker for RaftStorageImpl:Storage Directory /home/runner/work/ozone/ozone/hadoop-ozone/integration-test/target/test-dir/MiniOzoneClusterImpl-daa96565-427e-4fca-a993-08525edc6fa6/datanode-5/data/ratis/cbd71701-9592-43b7-bb2a-5ed93a64e77f
2021-08-26 17:31:44,578 [pool-150-thread-1] INFO  server.RaftServerConfigKeys (ConfUtils.java:logGet(44)) - raft.server.log.queue.byte-limit = 2147483647 (custom)
2021-08-26 17:31:44,578 [pool-150-thread-1] INFO  server.RaftServerConfigKeys (ConfUtils.java:logGet(44)) - raft.server.log.queue.element-limit = 1024 (custom)
2021-08-26 17:31:44,578 [pool-150-thread-1] INFO  server.RaftServerConfigKeys (ConfUtils.java:logGet(44)) - raft.server.log.segment.size.max = 1048576 (custom)
2021-08-26 17:31:44,578 [pool-150-thread-1] INFO  server.RaftServerConfigKeys (ConfUtils.java:logGet(44)) - raft.server.log.preallocated.size = 16384 (custom)
2021-08-26 17:31:44,579 [pool-150-thread-1] INFO  server.RaftServerConfigKeys (ConfUtils.java:logGet(44)) - raft.server.log.force.sync.num = 128 (default)
2021-08-26 17:31:44,579 [pool-150-thread-1] INFO  server.RaftServerConfigKeys (ConfUtils.java:logGet(44)) - raft.server.log.statemachine.data.sync = true (default)
2021-08-26 17:31:44,579 [pool-150-thread-1] INFO  server.RaftServerConfigKeys (ConfUtils.java:logGet(44)) - raft.server.log.statemachine.data.sync.timeout = 10s (default)
2021-08-26 17:31:44,579 [pool-150-thread-1] INFO  server.RaftServerConfigKeys (ConfUtils.java:logGet(44)) - raft.server.log.statemachine.data.sync.timeout.retry = -1 (default)
2021-08-26 17:31:44,580 [pool-150-thread-1] INFO  server.RaftServerConfigKeys (ConfUtils.java:logGet(44)) - raft.server.log.write.buffer.size = 1048576 (custom)
2021-08-26 17:31:44,582 [pool-150-thread-1] INFO  server.RaftServerConfigKeys (ConfUtils.java:logGet(44)) - raft.server.log.statemachine.data.caching.enabled = true (custom)
2021-08-26 17:31:44,583 [pool-150-thread-1] INFO  segmented.SegmentedRaftLogWorker (SegmentedRaftLogWorker.java:lambda$new$0(133)) - caca0df6-f340-40f9-9fdf-acdee16ce07d@group-5ED93A64E77F-SegmentedRaftLogWorker: flushIndex: setUnconditionally 0 -> -1
2021-08-26 17:31:44,583 [pool-150-thread-1] INFO  segmented.SegmentedRaftLogWorker (SegmentedRaftLogWorker.java:lambda$new$0(133)) - caca0df6-f340-40f9-9fdf-acdee16ce07d@group-5ED93A64E77F-SegmentedRaftLogWorker: safeCacheEvictIndex: setUnconditionally 0 -> -1
2021-08-26 17:31:44,583 [pool-150-thread-1] INFO  server.RaftServerConfigKeys (ConfUtils.java:logGet(44)) - raft.server.snapshot.auto.trigger.enabled = true (custom)
2021-08-26 17:31:44,583 [pool-150-thread-1] INFO  server.RaftServerConfigKeys (ConfUtils.java:logGet(44)) - raft.server.snapshot.auto.trigger.threshold = 10000 (custom)
2021-08-26 17:31:44,583 [pool-150-thread-1] INFO  server.RaftServerConfigKeys (ConfUtils.java:logGet(44)) - raft.server.snapshot.retention.file.num = 5 (custom)
2021-08-26 17:31:44,583 [pool-150-thread-1] INFO  server.RaftServerConfigKeys (ConfUtils.java:logGet(44)) - raft.server.log.purge.upto.snapshot.index = false (default)
2021-08-26 17:31:44,583 [pool-150-thread-1] INFO  server.RaftServerConfigKeys (ConfUtils.java:logGet(44)) - raft.server.retrycache.expirytime = 600000ms (custom)
2021-08-26 17:31:44,583 [pool-150-thread-1] INFO  server.RaftServerConfigKeys (ConfUtils.java:logGet(44)) - raft.server.retrycache.statistics.expirytime = 100μs (default)
2021-08-26 17:31:44,585 [pool-150-thread-1] INFO  server.RaftServer$Division (RaftServerImpl.java:start(296)) - caca0df6-f340-40f9-9fdf-acdee16ce07d@group-5ED93A64E77F: start as a follower, conf=-1: [c4880b1a-f63f-4492-a9df-0d04f2bfbd12|rpc:10.1.0.42:36835|dataStream:|priority:0, caca0df6-f340-40f9-9fdf-acdee16ce07d|rpc:10.1.0.42:39345|dataStream:|priority:0, 7ea02771-24eb-4f5a-8038-44a318ea5460|rpc:10.1.0.42:37543|dataStream:|priority:1], old=null
2021-08-26 17:31:44,585 [pool-150-thread-1] INFO  server.RaftServer$Division (RaftServerImpl.java:setRole(285)) - caca0df6-f340-40f9-9fdf-acdee16ce07d@group-5ED93A64E77F: changes role from      null to FOLLOWER at term 0 for startAsFollower
2021-08-26 17:31:44,585 [pool-150-thread-1] INFO  impl.RoleInfo (RoleInfo.java:updateAndGet(130)) - caca0df6-f340-40f9-9fdf-acdee16ce07d: start caca0df6-f340-40f9-9fdf-acdee16ce07d@group-5ED93A64E77F-FollowerState
2021-08-26 17:31:44,586 [pool-150-thread-1] INFO  util.JmxRegister (JmxRegister.java:tryRegister(44)) - Successfully registered JMX Bean with object name Ratis:service=RaftServer,group=group-5ED93A64E77F,id=caca0df6-f340-40f9-9fdf-acdee16ce07d
2021-08-26 17:31:44,602 [grpc-default-executor-0] INFO  server.RaftServer (RaftServerProxy.java:addNew(95)) - 7ea02771-24eb-4f5a-8038-44a318ea5460: addNew group-5ED93A64E77F:[c4880b1a-f63f-4492-a9df-0d04f2bfbd12|rpc:10.1.0.42:36835|dataStream:|priority:0, caca0df6-f340-40f9-9fdf-acdee16ce07d|rpc:10.1.0.42:39345|dataStream:|priority:0, 7ea02771-24eb-4f5a-8038-44a318ea5460|rpc:10.1.0.42:37543|dataStream:|priority:1] returns group-5ED93A64E77F:java.util.concurrent.CompletableFuture@42b30d45[Not completed]
2021-08-26 17:31:44,604 [pool-131-thread-1] INFO  server.RaftServer$Division (RaftServerImpl.java:<init>(181)) - 7ea02771-24eb-4f5a-8038-44a318ea5460: new RaftServerImpl for group-5ED93A64E77F:[c4880b1a-f63f-4492-a9df-0d04f2bfbd12|rpc:10.1.0.42:36835|dataStream:|priority:0, caca0df6-f340-40f9-9fdf-acdee16ce07d|rpc:10.1.0.42:39345|dataStream:|priority:0, 7ea02771-24eb-4f5a-8038-44a318ea5460|rpc:10.1.0.42:37543|dataStream:|priority:1] with ContainerStateMachine:uninitialized
2021-08-26 17:31:44,604 [pool-131-thread-1] INFO  server.RaftServerConfigKeys (ConfUtils.java:logGet(44)) - raft.server.rpc.timeout.min = 5s (custom)
2021-08-26 17:31:44,604 [pool-131-thread-1] INFO  server.RaftServerConfigKeys (ConfUtils.java:logGet(44)) - raft.server.rpc.timeout.max = 5200ms (custom)
2021-08-26 17:31:44,604 [pool-131-thread-1] INFO  server.RaftServerConfigKeys (ConfUtils.java:logGet(44)) - raft.server.rpc.sleep.time = 25ms (default)
2021-08-26 17:31:44,604 [pool-131-thread-1] INFO  server.RaftServerConfigKeys (ConfUtils.java:logGet(44)) - raft.server.rpc.slowness.timeout = 300000ms (custom)
2021-08-26 17:31:44,604 [pool-131-thread-1] INFO  server.RaftServerConfigKeys (ConfUtils.java:logGet(44)) - raft.server.leaderelection.leader.step-down.wait-time = 10s (default)
2021-08-26 17:31:44,604 [pool-131-thread-1] INFO  server.RaftServerConfigKeys (ConfUtils.java:logGet(44)) - raft.server.sleep.deviation.threshold = 300ms (default)
2021-08-26 17:31:44,604 [pool-131-thread-1] INFO  server.RaftServerConfigKeys (ConfUtils.java:logGet(44)) - raft.server.log.appender.install.snapshot.enabled = false (custom)
2021-08-26 17:31:44,605 [pool-131-thread-1] INFO  server.RaftServer$Division (ServerState.java:<init>(105)) - 7ea02771-24eb-4f5a-8038-44a318ea5460@group-5ED93A64E77F: ConfigurationManager, init=-1: [c4880b1a-f63f-4492-a9df-0d04f2bfbd12|rpc:10.1.0.42:36835|dataStream:|priority:0, caca0df6-f340-40f9-9fdf-acdee16ce07d|rpc:10.1.0.42:39345|dataStream:|priority:0, 7ea02771-24eb-4f5a-8038-44a318ea5460|rpc:10.1.0.42:37543|dataStream:|priority:1], old=null, confs=<EMPTY_MAP>
2021-08-26 17:31:44,605 [pool-131-thread-1] INFO  server.RaftServerConfigKeys (ConfUtils.java:logGet(44)) - raft.server.storage.dir = [/home/runner/work/ozone/ozone/hadoop-ozone/integration-test/target/test-dir/MiniOzoneClusterImpl-daa96565-427e-4fca-a993-08525edc6fa6/datanode-4/data/ratis] (custom)
2021-08-26 17:31:44,605 [pool-131-thread-1] INFO  server.RaftServerConfigKeys (ConfUtils.java:logGet(44)) - raft.server.log.corruption.policy = EXCEPTION (default)
2021-08-26 17:31:44,605 [pool-131-thread-1] INFO  server.RaftServerConfigKeys (ConfUtils.java:logGet(44)) - raft.server.storage.free-space.min = 0MB (=0) (default)
2021-08-26 17:31:44,605 [pool-131-thread-1] INFO  storage.RaftStorageDirectory (RaftStorageDirectoryImpl.java:analyzeStorage(135)) - The storage directory /home/runner/work/ozone/ozone/hadoop-ozone/integration-test/target/test-dir/MiniOzoneClusterImpl-daa96565-427e-4fca-a993-08525edc6fa6/datanode-4/data/ratis/cbd71701-9592-43b7-bb2a-5ed93a64e77f does not exist. Creating ...
2021-08-26 17:31:44,606 [pool-131-thread-1] INFO  storage.RaftStorageDirectory (RaftStorageDirectoryImpl.java:tryLock(230)) - Lock on /home/runner/work/ozone/ozone/hadoop-ozone/integration-test/target/test-dir/MiniOzoneClusterImpl-daa96565-427e-4fca-a993-08525edc6fa6/datanode-4/data/ratis/cbd71701-9592-43b7-bb2a-5ed93a64e77f/in_use.lock acquired by nodename 21484@fv-az122-729
2021-08-26 17:31:44,608 [pool-131-thread-1] INFO  storage.RaftStorage (RaftStorageImpl.java:format(89)) - Storage directory /home/runner/work/ozone/ozone/hadoop-ozone/integration-test/target/test-dir/MiniOzoneClusterImpl-daa96565-427e-4fca-a993-08525edc6fa6/datanode-4/data/ratis/cbd71701-9592-43b7-bb2a-5ed93a64e77f has been successfully formatted.
2021-08-26 17:31:44,609 [pool-131-thread-1] INFO  ratis.ContainerStateMachine (ContainerStateMachine.java:loadSnapshot(224)) - group-5ED93A64E77F: The snapshot info is null. Setting the last applied indexto:(t:0, i:~)
2021-08-26 17:31:44,611 [pool-131-thread-1] INFO  server.RaftServerConfigKeys (ConfUtils.java:logGet(44)) - raft.server.notification.no-leader.timeout = 300000ms (custom)
2021-08-26 17:31:44,611 [pool-131-thread-1] INFO  server.RaftServerConfigKeys (ConfUtils.java:logGet(44)) - raft.server.log.use.memory = false (default)
2021-08-26 17:31:44,611 [pool-131-thread-1] INFO  server.RaftServerConfigKeys (ConfUtils.java:logGet(44)) - raft.server.log.purge.gap = 1000000 (custom)
2021-08-26 17:31:44,611 [pool-131-thread-1] INFO  server.RaftServerConfigKeys (ConfUtils.java:logGet(44)) - raft.server.log.appender.buffer.byte-limit = 33554432 (custom)
2021-08-26 17:31:44,611 [pool-131-thread-1] INFO  server.RaftServerConfigKeys (ConfUtils.java:logGet(44)) - raft.server.log.segment.size.max = 1048576 (custom)
2021-08-26 17:31:44,611 [pool-131-thread-1] INFO  server.RaftServerConfigKeys (ConfUtils.java:logGet(44)) - raft.server.log.segment.cache.num.max = 2 (custom)
2021-08-26 17:31:44,611 [pool-131-thread-1] INFO  server.RaftServerConfigKeys (ConfUtils.java:logGet(44)) - raft.server.log.segment.cache.size.max = 200MB (=209715200) (default)
2021-08-26 17:31:44,612 [pool-131-thread-1] INFO  segmented.SegmentedRaftLogWorker (SegmentedRaftLogWorker.java:<init>(182)) - new 7ea02771-24eb-4f5a-8038-44a318ea5460@group-5ED93A64E77F-SegmentedRaftLogWorker for RaftStorageImpl:Storage Directory /home/runner/work/ozone/ozone/hadoop-ozone/integration-test/target/test-dir/MiniOzoneClusterImpl-daa96565-427e-4fca-a993-08525edc6fa6/datanode-4/data/ratis/cbd71701-9592-43b7-bb2a-5ed93a64e77f
2021-08-26 17:31:44,612 [pool-131-thread-1] INFO  server.RaftServerConfigKeys (ConfUtils.java:logGet(44)) - raft.server.log.queue.byte-limit = 2147483647 (custom)
2021-08-26 17:31:44,612 [pool-131-thread-1] INFO  server.RaftServerConfigKeys (ConfUtils.java:logGet(44)) - raft.server.log.queue.element-limit = 1024 (custom)
2021-08-26 17:31:44,612 [pool-131-thread-1] INFO  server.RaftServerConfigKeys (ConfUtils.java:logGet(44)) - raft.server.log.segment.size.max = 1048576 (custom)
2021-08-26 17:31:44,612 [pool-131-thread-1] INFO  server.RaftServerConfigKeys (ConfUtils.java:logGet(44)) - raft.server.log.preallocated.size = 16384 (custom)
2021-08-26 17:31:44,612 [pool-131-thread-1] INFO  server.RaftServerConfigKeys (ConfUtils.java:logGet(44)) - raft.server.log.force.sync.num = 128 (default)
2021-08-26 17:31:44,613 [pool-131-thread-1] INFO  server.RaftServerConfigKeys (ConfUtils.java:logGet(44)) - raft.server.log.statemachine.data.sync = true (default)
2021-08-26 17:31:44,613 [pool-131-thread-1] INFO  server.RaftServerConfigKeys (ConfUtils.java:logGet(44)) - raft.server.log.statemachine.data.sync.timeout = 10s (default)
2021-08-26 17:31:44,613 [pool-131-thread-1] INFO  server.RaftServerConfigKeys (ConfUtils.java:logGet(44)) - raft.server.log.statemachine.data.sync.timeout.retry = -1 (default)
2021-08-26 17:31:44,614 [pool-131-thread-1] INFO  server.RaftServerConfigKeys (ConfUtils.java:logGet(44)) - raft.server.log.write.buffer.size = 1048576 (custom)
2021-08-26 17:31:44,615 [pool-131-thread-1] INFO  server.RaftServerConfigKeys (ConfUtils.java:logGet(44)) - raft.server.log.statemachine.data.caching.enabled = true (custom)
2021-08-26 17:31:44,615 [pool-131-thread-1] INFO  segmented.SegmentedRaftLogWorker (SegmentedRaftLogWorker.java:lambda$new$0(133)) - 7ea02771-24eb-4f5a-8038-44a318ea5460@group-5ED93A64E77F-SegmentedRaftLogWorker: flushIndex: setUnconditionally 0 -> -1
2021-08-26 17:31:44,615 [pool-131-thread-1] INFO  segmented.SegmentedRaftLogWorker (SegmentedRaftLogWorker.java:lambda$new$0(133)) - 7ea02771-24eb-4f5a-8038-44a318ea5460@group-5ED93A64E77F-SegmentedRaftLogWorker: safeCacheEvictIndex: setUnconditionally 0 -> -1
2021-08-26 17:31:44,615 [pool-131-thread-1] INFO  server.RaftServerConfigKeys (ConfUtils.java:logGet(44)) - raft.server.snapshot.auto.trigger.enabled = true (custom)
2021-08-26 17:31:44,616 [pool-131-thread-1] INFO  server.RaftServerConfigKeys (ConfUtils.java:logGet(44)) - raft.server.snapshot.auto.trigger.threshold = 10000 (custom)
2021-08-26 17:31:44,616 [pool-131-thread-1] INFO  server.RaftServerConfigKeys (ConfUtils.java:logGet(44)) - raft.server.snapshot.retention.file.num = 5 (custom)
2021-08-26 17:31:44,616 [pool-131-thread-1] INFO  server.RaftServerConfigKeys (ConfUtils.java:logGet(44)) - raft.server.log.purge.upto.snapshot.index = false (default)
2021-08-26 17:31:44,616 [pool-131-thread-1] INFO  server.RaftServerConfigKeys (ConfUtils.java:logGet(44)) - raft.server.retrycache.expirytime = 600000ms (custom)
2021-08-26 17:31:44,616 [pool-131-thread-1] INFO  server.RaftServerConfigKeys (ConfUtils.java:logGet(44)) - raft.server.retrycache.statistics.expirytime = 100μs (default)
2021-08-26 17:31:44,617 [pool-131-thread-1] INFO  server.RaftServer$Division (RaftServerImpl.java:start(296)) - 7ea02771-24eb-4f5a-8038-44a318ea5460@group-5ED93A64E77F: start as a follower, conf=-1: [c4880b1a-f63f-4492-a9df-0d04f2bfbd12|rpc:10.1.0.42:36835|dataStream:|priority:0, caca0df6-f340-40f9-9fdf-acdee16ce07d|rpc:10.1.0.42:39345|dataStream:|priority:0, 7ea02771-24eb-4f5a-8038-44a318ea5460|rpc:10.1.0.42:37543|dataStream:|priority:1], old=null
2021-08-26 17:31:44,617 [pool-131-thread-1] INFO  server.RaftServer$Division (RaftServerImpl.java:setRole(285)) - 7ea02771-24eb-4f5a-8038-44a318ea5460@group-5ED93A64E77F: changes role from      null to FOLLOWER at term 0 for startAsFollower
2021-08-26 17:31:44,617 [pool-131-thread-1] INFO  impl.RoleInfo (RoleInfo.java:updateAndGet(130)) - 7ea02771-24eb-4f5a-8038-44a318ea5460: start 7ea02771-24eb-4f5a-8038-44a318ea5460@group-5ED93A64E77F-FollowerState
2021-08-26 17:31:44,618 [pool-131-thread-1] INFO  util.JmxRegister (JmxRegister.java:tryRegister(44)) - Successfully registered JMX Bean with object name Ratis:service=RaftServer,group=group-5ED93A64E77F,id=7ea02771-24eb-4f5a-8038-44a318ea5460
2021-08-26 17:31:44,624 [Command processor thread] INFO  commandhandler.CreatePipelineCommandHandler (CreatePipelineCommandHandler.java:handle(106)) - Created Pipeline RATIS THREE PipelineID=cbd71701-9592-43b7-bb2a-5ed93a64e77f.
2021-08-26 17:31:44,624 [Command processor thread] INFO  server.RaftServer (RaftServerProxy.java:addNew(95)) - c4880b1a-f63f-4492-a9df-0d04f2bfbd12: addNew group-581338FFE026:[c4880b1a-f63f-4492-a9df-0d04f2bfbd12|rpc:10.1.0.42:36835|priority:0, caca0df6-f340-40f9-9fdf-acdee16ce07d|rpc:10.1.0.42:39345|priority:1, 7ea02771-24eb-4f5a-8038-44a318ea5460|rpc:10.1.0.42:37543|priority:0] returns group-581338FFE026:java.util.concurrent.CompletableFuture@239e495a[Not completed]
2021-08-26 17:31:44,625 [pool-112-thread-1] INFO  server.RaftServer$Division (RaftServerImpl.java:<init>(181)) - c4880b1a-f63f-4492-a9df-0d04f2bfbd12: new RaftServerImpl for group-581338FFE026:[c4880b1a-f63f-4492-a9df-0d04f2bfbd12|rpc:10.1.0.42:36835|priority:0, caca0df6-f340-40f9-9fdf-acdee16ce07d|rpc:10.1.0.42:39345|priority:1, 7ea02771-24eb-4f5a-8038-44a318ea5460|rpc:10.1.0.42:37543|priority:0] with ContainerStateMachine:uninitialized
2021-08-26 17:31:44,625 [pool-112-thread-1] INFO  server.RaftServerConfigKeys (ConfUtils.java:logGet(44)) - raft.server.rpc.timeout.min = 5s (custom)
2021-08-26 17:31:44,625 [pool-112-thread-1] INFO  server.RaftServerConfigKeys (ConfUtils.java:logGet(44)) - raft.server.rpc.timeout.max = 5200ms (custom)
2021-08-26 17:31:44,626 [pool-112-thread-1] INFO  server.RaftServerConfigKeys (ConfUtils.java:logGet(44)) - raft.server.rpc.sleep.time = 25ms (default)
2021-08-26 17:31:44,626 [pool-112-thread-1] INFO  server.RaftServerConfigKeys (ConfUtils.java:logGet(44)) - raft.server.rpc.slowness.timeout = 300000ms (custom)
2021-08-26 17:31:44,626 [pool-112-thread-1] INFO  server.RaftServerConfigKeys (ConfUtils.java:logGet(44)) - raft.server.leaderelection.leader.step-down.wait-time = 10s (default)
2021-08-26 17:31:44,626 [pool-112-thread-1] INFO  server.RaftServerConfigKeys (ConfUtils.java:logGet(44)) - raft.server.sleep.deviation.threshold = 300ms (default)
2021-08-26 17:31:44,626 [pool-112-thread-1] INFO  server.RaftServerConfigKeys (ConfUtils.java:logGet(44)) - raft.server.log.appender.install.snapshot.enabled = false (custom)
2021-08-26 17:31:44,626 [pool-112-thread-1] INFO  server.RaftServer$Division (ServerState.java:<init>(105)) - c4880b1a-f63f-4492-a9df-0d04f2bfbd12@group-581338FFE026: ConfigurationManager, init=-1: [c4880b1a-f63f-4492-a9df-0d04f2bfbd12|rpc:10.1.0.42:36835|priority:0, caca0df6-f340-40f9-9fdf-acdee16ce07d|rpc:10.1.0.42:39345|priority:1, 7ea02771-24eb-4f5a-8038-44a318ea5460|rpc:10.1.0.42:37543|priority:0], old=null, confs=<EMPTY_MAP>
2021-08-26 17:31:44,626 [pool-112-thread-1] INFO  server.RaftServerConfigKeys (ConfUtils.java:logGet(44)) - raft.server.storage.dir = [/home/runner/work/ozone/ozone/hadoop-ozone/integration-test/target/test-dir/MiniOzoneClusterImpl-daa96565-427e-4fca-a993-08525edc6fa6/datanode-3/data/ratis] (custom)
2021-08-26 17:31:44,626 [pool-112-thread-1] INFO  server.RaftServerConfigKeys (ConfUtils.java:logGet(44)) - raft.server.log.corruption.policy = EXCEPTION (default)
2021-08-26 17:31:44,626 [pool-112-thread-1] INFO  server.RaftServerConfigKeys (ConfUtils.java:logGet(44)) - raft.server.storage.free-space.min = 0MB (=0) (default)
2021-08-26 17:31:44,626 [pool-112-thread-1] INFO  storage.RaftStorageDirectory (RaftStorageDirectoryImpl.java:analyzeStorage(135)) - The storage directory /home/runner/work/ozone/ozone/hadoop-ozone/integration-test/target/test-dir/MiniOzoneClusterImpl-daa96565-427e-4fca-a993-08525edc6fa6/datanode-3/data/ratis/9aeea41a-a5b7-4822-a628-581338ffe026 does not exist. Creating ...
2021-08-26 17:31:44,628 [pool-112-thread-1] INFO  storage.RaftStorageDirectory (RaftStorageDirectoryImpl.java:tryLock(230)) - Lock on /home/runner/work/ozone/ozone/hadoop-ozone/integration-test/target/test-dir/MiniOzoneClusterImpl-daa96565-427e-4fca-a993-08525edc6fa6/datanode-3/data/ratis/9aeea41a-a5b7-4822-a628-581338ffe026/in_use.lock acquired by nodename 21484@fv-az122-729
2021-08-26 17:31:44,629 [pool-112-thread-1] INFO  storage.RaftStorage (RaftStorageImpl.java:format(89)) - Storage directory /home/runner/work/ozone/ozone/hadoop-ozone/integration-test/target/test-dir/MiniOzoneClusterImpl-daa96565-427e-4fca-a993-08525edc6fa6/datanode-3/data/ratis/9aeea41a-a5b7-4822-a628-581338ffe026 has been successfully formatted.
2021-08-26 17:31:44,630 [pool-112-thread-1] INFO  ratis.ContainerStateMachine (ContainerStateMachine.java:loadSnapshot(224)) - group-581338FFE026: The snapshot info is null. Setting the last applied indexto:(t:0, i:~)
2021-08-26 17:31:44,630 [pool-112-thread-1] INFO  server.RaftServerConfigKeys (ConfUtils.java:logGet(44)) - raft.server.notification.no-leader.timeout = 300000ms (custom)
2021-08-26 17:31:44,630 [pool-112-thread-1] INFO  server.RaftServerConfigKeys (ConfUtils.java:logGet(44)) - raft.server.log.use.memory = false (default)
2021-08-26 17:31:44,630 [pool-112-thread-1] INFO  server.RaftServerConfigKeys (ConfUtils.java:logGet(44)) - raft.server.log.purge.gap = 1000000 (custom)
2021-08-26 17:31:44,630 [pool-112-thread-1] INFO  server.RaftServerConfigKeys (ConfUtils.java:logGet(44)) - raft.server.log.appender.buffer.byte-limit = 33554432 (custom)
2021-08-26 17:31:44,631 [EventQueue-OpenPipelineForHealthyPipelineSafeModeRule] INFO  safemode.SCMSafeModeManager (HealthyPipelineSafeModeRule.java:process(124)) - SCM in safe mode. Healthy pipelines reported count is 0, required healthy pipeline reported count is 1
2021-08-26 17:31:44,631 [pool-112-thread-1] INFO  server.RaftServerConfigKeys (ConfUtils.java:logGet(44)) - raft.server.log.segment.size.max = 1048576 (custom)
2021-08-26 17:31:44,632 [pool-112-thread-1] INFO  server.RaftServerConfigKeys (ConfUtils.java:logGet(44)) - raft.server.log.segment.cache.num.max = 2 (custom)
2021-08-26 17:31:44,632 [pool-112-thread-1] INFO  server.RaftServerConfigKeys (ConfUtils.java:logGet(44)) - raft.server.log.segment.cache.size.max = 200MB (=209715200) (default)
2021-08-26 17:31:44,633 [pool-112-thread-1] INFO  segmented.SegmentedRaftLogWorker (SegmentedRaftLogWorker.java:<init>(182)) - new c4880b1a-f63f-4492-a9df-0d04f2bfbd12@group-581338FFE026-SegmentedRaftLogWorker for RaftStorageImpl:Storage Directory /home/runner/work/ozone/ozone/hadoop-ozone/integration-test/target/test-dir/MiniOzoneClusterImpl-daa96565-427e-4fca-a993-08525edc6fa6/datanode-3/data/ratis/9aeea41a-a5b7-4822-a628-581338ffe026
2021-08-26 17:31:44,633 [pool-112-thread-1] INFO  server.RaftServerConfigKeys (ConfUtils.java:logGet(44)) - raft.server.log.queue.byte-limit = 2147483647 (custom)
2021-08-26 17:31:44,633 [pool-112-thread-1] INFO  server.RaftServerConfigKeys (ConfUtils.java:logGet(44)) - raft.server.log.queue.element-limit = 1024 (custom)
2021-08-26 17:31:44,633 [pool-112-thread-1] INFO  server.RaftServerConfigKeys (ConfUtils.java:logGet(44)) - raft.server.log.segment.size.max = 1048576 (custom)
2021-08-26 17:31:44,633 [pool-112-thread-1] INFO  server.RaftServerConfigKeys (ConfUtils.java:logGet(44)) - raft.server.log.preallocated.size = 16384 (custom)
2021-08-26 17:31:44,634 [pool-112-thread-1] INFO  server.RaftServerConfigKeys (ConfUtils.java:logGet(44)) - raft.server.log.force.sync.num = 128 (default)
2021-08-26 17:31:44,634 [pool-112-thread-1] INFO  server.RaftServerConfigKeys (ConfUtils.java:logGet(44)) - raft.server.log.statemachine.data.sync = true (default)
2021-08-26 17:31:44,634 [pool-112-thread-1] INFO  server.RaftServerConfigKeys (ConfUtils.java:logGet(44)) - raft.server.log.statemachine.data.sync.timeout = 10s (default)
2021-08-26 17:31:44,634 [pool-112-thread-1] INFO  server.RaftServerConfigKeys (ConfUtils.java:logGet(44)) - raft.server.log.statemachine.data.sync.timeout.retry = -1 (default)
2021-08-26 17:31:44,637 [pool-112-thread-1] INFO  server.RaftServerConfigKeys (ConfUtils.java:logGet(44)) - raft.server.log.write.buffer.size = 1048576 (custom)
2021-08-26 17:31:44,637 [pool-112-thread-1] INFO  server.RaftServerConfigKeys (ConfUtils.java:logGet(44)) - raft.server.log.statemachine.data.caching.enabled = true (custom)
2021-08-26 17:31:44,638 [pool-112-thread-1] INFO  segmented.SegmentedRaftLogWorker (SegmentedRaftLogWorker.java:lambda$new$0(133)) - c4880b1a-f63f-4492-a9df-0d04f2bfbd12@group-581338FFE026-SegmentedRaftLogWorker: flushIndex: setUnconditionally 0 -> -1
2021-08-26 17:31:44,638 [pool-112-thread-1] INFO  segmented.SegmentedRaftLogWorker (SegmentedRaftLogWorker.java:lambda$new$0(133)) - c4880b1a-f63f-4492-a9df-0d04f2bfbd12@group-581338FFE026-SegmentedRaftLogWorker: safeCacheEvictIndex: setUnconditionally 0 -> -1
2021-08-26 17:31:44,638 [pool-112-thread-1] INFO  server.RaftServerConfigKeys (ConfUtils.java:logGet(44)) - raft.server.snapshot.auto.trigger.enabled = true (custom)
2021-08-26 17:31:44,638 [pool-112-thread-1] INFO  server.RaftServerConfigKeys (ConfUtils.java:logGet(44)) - raft.server.snapshot.auto.trigger.threshold = 10000 (custom)
2021-08-26 17:31:44,638 [pool-112-thread-1] INFO  server.RaftServerConfigKeys (ConfUtils.java:logGet(44)) - raft.server.snapshot.retention.file.num = 5 (custom)
2021-08-26 17:31:44,638 [pool-112-thread-1] INFO  server.RaftServerConfigKeys (ConfUtils.java:logGet(44)) - raft.server.log.purge.upto.snapshot.index = false (default)
2021-08-26 17:31:44,638 [pool-112-thread-1] INFO  server.RaftServerConfigKeys (ConfUtils.java:logGet(44)) - raft.server.retrycache.expirytime = 600000ms (custom)
2021-08-26 17:31:44,638 [pool-112-thread-1] INFO  server.RaftServerConfigKeys (ConfUtils.java:logGet(44)) - raft.server.retrycache.statistics.expirytime = 100μs (default)
2021-08-26 17:31:44,639 [pool-112-thread-1] INFO  server.RaftServer$Division (RaftServerImpl.java:start(296)) - c4880b1a-f63f-4492-a9df-0d04f2bfbd12@group-581338FFE026: start as a follower, conf=-1: [c4880b1a-f63f-4492-a9df-0d04f2bfbd12|rpc:10.1.0.42:36835|priority:0, caca0df6-f340-40f9-9fdf-acdee16ce07d|rpc:10.1.0.42:39345|priority:1, 7ea02771-24eb-4f5a-8038-44a318ea5460|rpc:10.1.0.42:37543|priority:0], old=null
2021-08-26 17:31:44,639 [pool-112-thread-1] INFO  server.RaftServer$Division (RaftServerImpl.java:setRole(285)) - c4880b1a-f63f-4492-a9df-0d04f2bfbd12@group-581338FFE026: changes role from      null to FOLLOWER at term 0 for startAsFollower
2021-08-26 17:31:44,639 [pool-112-thread-1] INFO  impl.RoleInfo (RoleInfo.java:updateAndGet(130)) - c4880b1a-f63f-4492-a9df-0d04f2bfbd12: start c4880b1a-f63f-4492-a9df-0d04f2bfbd12@group-581338FFE026-FollowerState
2021-08-26 17:31:44,641 [pool-112-thread-1] INFO  util.JmxRegister (JmxRegister.java:tryRegister(44)) - Successfully registered JMX Bean with object name Ratis:service=RaftServer,group=group-581338FFE026,id=c4880b1a-f63f-4492-a9df-0d04f2bfbd12
2021-08-26 17:31:44,642 [Command processor thread] INFO  ratis.XceiverServerRatis (XceiverServerRatis.java:addGroup(763)) - Created group PipelineID=9aeea41a-a5b7-4822-a628-581338ffe026
2021-08-26 17:31:44,653 [grpc-default-executor-0] INFO  server.RaftServer (RaftServerProxy.java:addNew(95)) - 7ea02771-24eb-4f5a-8038-44a318ea5460: addNew group-581338FFE026:[c4880b1a-f63f-4492-a9df-0d04f2bfbd12|rpc:10.1.0.42:36835|dataStream:|priority:0, caca0df6-f340-40f9-9fdf-acdee16ce07d|rpc:10.1.0.42:39345|dataStream:|priority:1, 7ea02771-24eb-4f5a-8038-44a318ea5460|rpc:10.1.0.42:37543|dataStream:|priority:0] returns group-581338FFE026:java.util.concurrent.CompletableFuture@3cde544e[Not completed]
2021-08-26 17:31:44,653 [pool-131-thread-1] INFO  server.RaftServer$Division (RaftServerImpl.java:<init>(181)) - 7ea02771-24eb-4f5a-8038-44a318ea5460: new RaftServerImpl for group-581338FFE026:[c4880b1a-f63f-4492-a9df-0d04f2bfbd12|rpc:10.1.0.42:36835|dataStream:|priority:0, caca0df6-f340-40f9-9fdf-acdee16ce07d|rpc:10.1.0.42:39345|dataStream:|priority:1, 7ea02771-24eb-4f5a-8038-44a318ea5460|rpc:10.1.0.42:37543|dataStream:|priority:0] with ContainerStateMachine:uninitialized
2021-08-26 17:31:44,653 [pool-131-thread-1] INFO  server.RaftServerConfigKeys (ConfUtils.java:logGet(44)) - raft.server.rpc.timeout.min = 5s (custom)
2021-08-26 17:31:44,654 [pool-131-thread-1] INFO  server.RaftServerConfigKeys (ConfUtils.java:logGet(44)) - raft.server.rpc.timeout.max = 5200ms (custom)
2021-08-26 17:31:44,654 [pool-131-thread-1] INFO  server.RaftServerConfigKeys (ConfUtils.java:logGet(44)) - raft.server.rpc.sleep.time = 25ms (default)
2021-08-26 17:31:44,654 [pool-131-thread-1] INFO  server.RaftServerConfigKeys (ConfUtils.java:logGet(44)) - raft.server.rpc.slowness.timeout = 300000ms (custom)
2021-08-26 17:31:44,654 [pool-131-thread-1] INFO  server.RaftServerConfigKeys (ConfUtils.java:logGet(44)) - raft.server.leaderelection.leader.step-down.wait-time = 10s (default)
2021-08-26 17:31:44,654 [pool-131-thread-1] INFO  server.RaftServerConfigKeys (ConfUtils.java:logGet(44)) - raft.server.sleep.deviation.threshold = 300ms (default)
2021-08-26 17:31:44,654 [pool-131-thread-1] INFO  server.RaftServerConfigKeys (ConfUtils.java:logGet(44)) - raft.server.log.appender.install.snapshot.enabled = false (custom)
2021-08-26 17:31:44,654 [pool-131-thread-1] INFO  server.RaftServer$Division (ServerState.java:<init>(105)) - 7ea02771-24eb-4f5a-8038-44a318ea5460@group-581338FFE026: ConfigurationManager, init=-1: [c4880b1a-f63f-4492-a9df-0d04f2bfbd12|rpc:10.1.0.42:36835|dataStream:|priority:0, caca0df6-f340-40f9-9fdf-acdee16ce07d|rpc:10.1.0.42:39345|dataStream:|priority:1, 7ea02771-24eb-4f5a-8038-44a318ea5460|rpc:10.1.0.42:37543|dataStream:|priority:0], old=null, confs=<EMPTY_MAP>
2021-08-26 17:31:44,654 [pool-131-thread-1] INFO  server.RaftServerConfigKeys (ConfUtils.java:logGet(44)) - raft.server.storage.dir = [/home/runner/work/ozone/ozone/hadoop-ozone/integration-test/target/test-dir/MiniOzoneClusterImpl-daa96565-427e-4fca-a993-08525edc6fa6/datanode-4/data/ratis] (custom)
2021-08-26 17:31:44,654 [pool-131-thread-1] INFO  server.RaftServerConfigKeys (ConfUtils.java:logGet(44)) - raft.server.log.corruption.policy = EXCEPTION (default)
2021-08-26 17:31:44,654 [pool-131-thread-1] INFO  server.RaftServerConfigKeys (ConfUtils.java:logGet(44)) - raft.server.storage.free-space.min = 0MB (=0) (default)
2021-08-26 17:31:44,654 [pool-131-thread-1] INFO  storage.RaftStorageDirectory (RaftStorageDirectoryImpl.java:analyzeStorage(135)) - The storage directory /home/runner/work/ozone/ozone/hadoop-ozone/integration-test/target/test-dir/MiniOzoneClusterImpl-daa96565-427e-4fca-a993-08525edc6fa6/datanode-4/data/ratis/9aeea41a-a5b7-4822-a628-581338ffe026 does not exist. Creating ...
2021-08-26 17:31:44,656 [pool-131-thread-1] INFO  storage.RaftStorageDirectory (RaftStorageDirectoryImpl.java:tryLock(230)) - Lock on /home/runner/work/ozone/ozone/hadoop-ozone/integration-test/target/test-dir/MiniOzoneClusterImpl-daa96565-427e-4fca-a993-08525edc6fa6/datanode-4/data/ratis/9aeea41a-a5b7-4822-a628-581338ffe026/in_use.lock acquired by nodename 21484@fv-az122-729
2021-08-26 17:31:44,657 [pool-131-thread-1] INFO  storage.RaftStorage (RaftStorageImpl.java:format(89)) - Storage directory /home/runner/work/ozone/ozone/hadoop-ozone/integration-test/target/test-dir/MiniOzoneClusterImpl-daa96565-427e-4fca-a993-08525edc6fa6/datanode-4/data/ratis/9aeea41a-a5b7-4822-a628-581338ffe026 has been successfully formatted.
2021-08-26 17:31:44,658 [Datanode State Machine Thread - 0] WARN  statemachine.StateContext (StateContext.java:execute(621)) - No available thread in pool for past 1 seconds.
2021-08-26 17:31:44,658 [pool-131-thread-1] INFO  ratis.ContainerStateMachine (ContainerStateMachine.java:loadSnapshot(224)) - group-581338FFE026: The snapshot info is null. Setting the last applied indexto:(t:0, i:~)
2021-08-26 17:31:44,658 [pool-131-thread-1] INFO  server.RaftServerConfigKeys (ConfUtils.java:logGet(44)) - raft.server.notification.no-leader.timeout = 300000ms (custom)
2021-08-26 17:31:44,658 [pool-131-thread-1] INFO  server.RaftServerConfigKeys (ConfUtils.java:logGet(44)) - raft.server.log.use.memory = false (default)
2021-08-26 17:31:44,659 [pool-131-thread-1] INFO  server.RaftServerConfigKeys (ConfUtils.java:logGet(44)) - raft.server.log.purge.gap = 1000000 (custom)
2021-08-26 17:31:44,659 [pool-131-thread-1] INFO  server.RaftServerConfigKeys (ConfUtils.java:logGet(44)) - raft.server.log.appender.buffer.byte-limit = 33554432 (custom)
2021-08-26 17:31:44,659 [pool-131-thread-1] INFO  server.RaftServerConfigKeys (ConfUtils.java:logGet(44)) - raft.server.log.segment.size.max = 1048576 (custom)
2021-08-26 17:31:44,659 [pool-131-thread-1] INFO  server.RaftServerConfigKeys (ConfUtils.java:logGet(44)) - raft.server.log.segment.cache.num.max = 2 (custom)
2021-08-26 17:31:44,659 [pool-131-thread-1] INFO  server.RaftServerConfigKeys (ConfUtils.java:logGet(44)) - raft.server.log.segment.cache.size.max = 200MB (=209715200) (default)
2021-08-26 17:31:44,660 [pool-131-thread-1] INFO  segmented.SegmentedRaftLogWorker (SegmentedRaftLogWorker.java:<init>(182)) - new 7ea02771-24eb-4f5a-8038-44a318ea5460@group-581338FFE026-SegmentedRaftLogWorker for RaftStorageImpl:Storage Directory /home/runner/work/ozone/ozone/hadoop-ozone/integration-test/target/test-dir/MiniOzoneClusterImpl-daa96565-427e-4fca-a993-08525edc6fa6/datanode-4/data/ratis/9aeea41a-a5b7-4822-a628-581338ffe026
2021-08-26 17:31:44,660 [pool-131-thread-1] INFO  server.RaftServerConfigKeys (ConfUtils.java:logGet(44)) - raft.server.log.queue.byte-limit = 2147483647 (custom)
2021-08-26 17:31:44,660 [pool-131-thread-1] INFO  server.RaftServerConfigKeys (ConfUtils.java:logGet(44)) - raft.server.log.queue.element-limit = 1024 (custom)
2021-08-26 17:31:44,660 [pool-131-thread-1] INFO  server.RaftServerConfigKeys (ConfUtils.java:logGet(44)) - raft.server.log.segment.size.max = 1048576 (custom)
2021-08-26 17:31:44,660 [pool-131-thread-1] INFO  server.RaftServerConfigKeys (ConfUtils.java:logGet(44)) - raft.server.log.preallocated.size = 16384 (custom)
2021-08-26 17:31:44,660 [pool-131-thread-1] INFO  server.RaftServerConfigKeys (ConfUtils.java:logGet(44)) - raft.server.log.force.sync.num = 128 (default)
2021-08-26 17:31:44,660 [pool-131-thread-1] INFO  server.RaftServerConfigKeys (ConfUtils.java:logGet(44)) - raft.server.log.statemachine.data.sync = true (default)
2021-08-26 17:31:44,660 [pool-131-thread-1] INFO  server.RaftServerConfigKeys (ConfUtils.java:logGet(44)) - raft.server.log.statemachine.data.sync.timeout = 10s (default)
2021-08-26 17:31:44,660 [pool-131-thread-1] INFO  server.RaftServerConfigKeys (ConfUtils.java:logGet(44)) - raft.server.log.statemachine.data.sync.timeout.retry = -1 (default)
2021-08-26 17:31:44,661 [pool-131-thread-1] INFO  server.RaftServerConfigKeys (ConfUtils.java:logGet(44)) - raft.server.log.write.buffer.size = 1048576 (custom)
2021-08-26 17:31:44,662 [pool-131-thread-1] INFO  server.RaftServerConfigKeys (ConfUtils.java:logGet(44)) - raft.server.log.statemachine.data.caching.enabled = true (custom)
2021-08-26 17:31:44,662 [pool-131-thread-1] INFO  segmented.SegmentedRaftLogWorker (SegmentedRaftLogWorker.java:lambda$new$0(133)) - 7ea02771-24eb-4f5a-8038-44a318ea5460@group-581338FFE026-SegmentedRaftLogWorker: flushIndex: setUnconditionally 0 -> -1
2021-08-26 17:31:44,662 [pool-131-thread-1] INFO  segmented.SegmentedRaftLogWorker (SegmentedRaftLogWorker.java:lambda$new$0(133)) - 7ea02771-24eb-4f5a-8038-44a318ea5460@group-581338FFE026-SegmentedRaftLogWorker: safeCacheEvictIndex: setUnconditionally 0 -> -1
2021-08-26 17:31:44,662 [pool-131-thread-1] INFO  server.RaftServerConfigKeys (ConfUtils.java:logGet(44)) - raft.server.snapshot.auto.trigger.enabled = true (custom)
2021-08-26 17:31:44,662 [pool-131-thread-1] INFO  server.RaftServerConfigKeys (ConfUtils.java:logGet(44)) - raft.server.snapshot.auto.trigger.threshold = 10000 (custom)
2021-08-26 17:31:44,662 [pool-131-thread-1] INFO  server.RaftServerConfigKeys (ConfUtils.java:logGet(44)) - raft.server.snapshot.retention.file.num = 5 (custom)
2021-08-26 17:31:44,662 [pool-131-thread-1] INFO  server.RaftServerConfigKeys (ConfUtils.java:logGet(44)) - raft.server.log.purge.upto.snapshot.index = false (default)
2021-08-26 17:31:44,662 [pool-131-thread-1] INFO  server.RaftServerConfigKeys (ConfUtils.java:logGet(44)) - raft.server.retrycache.expirytime = 600000ms (custom)
2021-08-26 17:31:44,662 [pool-131-thread-1] INFO  server.RaftServerConfigKeys (ConfUtils.java:logGet(44)) - raft.server.retrycache.statistics.expirytime = 100μs (default)
2021-08-26 17:31:44,664 [pool-131-thread-1] INFO  server.RaftServer$Division (RaftServerImpl.java:start(296)) - 7ea02771-24eb-4f5a-8038-44a318ea5460@group-581338FFE026: start as a follower, conf=-1: [c4880b1a-f63f-4492-a9df-0d04f2bfbd12|rpc:10.1.0.42:36835|dataStream:|priority:0, caca0df6-f340-40f9-9fdf-acdee16ce07d|rpc:10.1.0.42:39345|dataStream:|priority:1, 7ea02771-24eb-4f5a-8038-44a318ea5460|rpc:10.1.0.42:37543|dataStream:|priority:0], old=null
2021-08-26 17:31:44,664 [pool-131-thread-1] INFO  server.RaftServer$Division (RaftServerImpl.java:setRole(285)) - 7ea02771-24eb-4f5a-8038-44a318ea5460@group-581338FFE026: changes role from      null to FOLLOWER at term 0 for startAsFollower
2021-08-26 17:31:44,664 [pool-131-thread-1] INFO  impl.RoleInfo (RoleInfo.java:updateAndGet(130)) - 7ea02771-24eb-4f5a-8038-44a318ea5460: start 7ea02771-24eb-4f5a-8038-44a318ea5460@group-581338FFE026-FollowerState
2021-08-26 17:31:44,664 [pool-131-thread-1] INFO  util.JmxRegister (JmxRegister.java:tryRegister(44)) - Successfully registered JMX Bean with object name Ratis:service=RaftServer,group=group-581338FFE026,id=7ea02771-24eb-4f5a-8038-44a318ea5460
2021-08-26 17:31:44,675 [grpc-default-executor-0] INFO  server.RaftServer (RaftServerProxy.java:addNew(95)) - caca0df6-f340-40f9-9fdf-acdee16ce07d: addNew group-581338FFE026:[c4880b1a-f63f-4492-a9df-0d04f2bfbd12|rpc:10.1.0.42:36835|dataStream:|priority:0, caca0df6-f340-40f9-9fdf-acdee16ce07d|rpc:10.1.0.42:39345|dataStream:|priority:1, 7ea02771-24eb-4f5a-8038-44a318ea5460|rpc:10.1.0.42:37543|dataStream:|priority:0] returns group-581338FFE026:java.util.concurrent.CompletableFuture@32b84752[Not completed]
2021-08-26 17:31:44,676 [pool-150-thread-1] INFO  server.RaftServer$Division (RaftServerImpl.java:<init>(181)) - caca0df6-f340-40f9-9fdf-acdee16ce07d: new RaftServerImpl for group-581338FFE026:[c4880b1a-f63f-4492-a9df-0d04f2bfbd12|rpc:10.1.0.42:36835|dataStream:|priority:0, caca0df6-f340-40f9-9fdf-acdee16ce07d|rpc:10.1.0.42:39345|dataStream:|priority:1, 7ea02771-24eb-4f5a-8038-44a318ea5460|rpc:10.1.0.42:37543|dataStream:|priority:0] with ContainerStateMachine:uninitialized
2021-08-26 17:31:44,676 [pool-150-thread-1] INFO  server.RaftServerConfigKeys (ConfUtils.java:logGet(44)) - raft.server.rpc.timeout.min = 5s (custom)
2021-08-26 17:31:44,676 [pool-150-thread-1] INFO  server.RaftServerConfigKeys (ConfUtils.java:logGet(44)) - raft.server.rpc.timeout.max = 5200ms (custom)
2021-08-26 17:31:44,676 [pool-150-thread-1] INFO  server.RaftServerConfigKeys (ConfUtils.java:logGet(44)) - raft.server.rpc.sleep.time = 25ms (default)
2021-08-26 17:31:44,676 [pool-150-thread-1] INFO  server.RaftServerConfigKeys (ConfUtils.java:logGet(44)) - raft.server.rpc.slowness.timeout = 300000ms (custom)
2021-08-26 17:31:44,676 [pool-150-thread-1] INFO  server.RaftServerConfigKeys (ConfUtils.java:logGet(44)) - raft.server.leaderelection.leader.step-down.wait-time = 10s (default)
2021-08-26 17:31:44,677 [pool-150-thread-1] INFO  server.RaftServerConfigKeys (ConfUtils.java:logGet(44)) - raft.server.sleep.deviation.threshold = 300ms (default)
2021-08-26 17:31:44,677 [pool-150-thread-1] INFO  server.RaftServerConfigKeys (ConfUtils.java:logGet(44)) - raft.server.log.appender.install.snapshot.enabled = false (custom)
2021-08-26 17:31:44,677 [pool-150-thread-1] INFO  server.RaftServer$Division (ServerState.java:<init>(105)) - caca0df6-f340-40f9-9fdf-acdee16ce07d@group-581338FFE026: ConfigurationManager, init=-1: [c4880b1a-f63f-4492-a9df-0d04f2bfbd12|rpc:10.1.0.42:36835|dataStream:|priority:0, caca0df6-f340-40f9-9fdf-acdee16ce07d|rpc:10.1.0.42:39345|dataStream:|priority:1, 7ea02771-24eb-4f5a-8038-44a318ea5460|rpc:10.1.0.42:37543|dataStream:|priority:0], old=null, confs=<EMPTY_MAP>
2021-08-26 17:31:44,677 [pool-150-thread-1] INFO  server.RaftServerConfigKeys (ConfUtils.java:logGet(44)) - raft.server.storage.dir = [/home/runner/work/ozone/ozone/hadoop-ozone/integration-test/target/test-dir/MiniOzoneClusterImpl-daa96565-427e-4fca-a993-08525edc6fa6/datanode-5/data/ratis] (custom)
2021-08-26 17:31:44,677 [pool-150-thread-1] INFO  server.RaftServerConfigKeys (ConfUtils.java:logGet(44)) - raft.server.log.corruption.policy = EXCEPTION (default)
2021-08-26 17:31:44,677 [pool-150-thread-1] INFO  server.RaftServerConfigKeys (ConfUtils.java:logGet(44)) - raft.server.storage.free-space.min = 0MB (=0) (default)
2021-08-26 17:31:44,677 [pool-150-thread-1] INFO  storage.RaftStorageDirectory (RaftStorageDirectoryImpl.java:analyzeStorage(135)) - The storage directory /home/runner/work/ozone/ozone/hadoop-ozone/integration-test/target/test-dir/MiniOzoneClusterImpl-daa96565-427e-4fca-a993-08525edc6fa6/datanode-5/data/ratis/9aeea41a-a5b7-4822-a628-581338ffe026 does not exist. Creating ...
2021-08-26 17:31:44,678 [pool-150-thread-1] INFO  storage.RaftStorageDirectory (RaftStorageDirectoryImpl.java:tryLock(230)) - Lock on /home/runner/work/ozone/ozone/hadoop-ozone/integration-test/target/test-dir/MiniOzoneClusterImpl-daa96565-427e-4fca-a993-08525edc6fa6/datanode-5/data/ratis/9aeea41a-a5b7-4822-a628-581338ffe026/in_use.lock acquired by nodename 21484@fv-az122-729
2021-08-26 17:31:44,679 [pool-150-thread-1] INFO  storage.RaftStorage (RaftStorageImpl.java:format(89)) - Storage directory /home/runner/work/ozone/ozone/hadoop-ozone/integration-test/target/test-dir/MiniOzoneClusterImpl-daa96565-427e-4fca-a993-08525edc6fa6/datanode-5/data/ratis/9aeea41a-a5b7-4822-a628-581338ffe026 has been successfully formatted.
2021-08-26 17:31:44,679 [pool-150-thread-1] INFO  ratis.ContainerStateMachine (ContainerStateMachine.java:loadSnapshot(224)) - group-581338FFE026: The snapshot info is null. Setting the last applied indexto:(t:0, i:~)
2021-08-26 17:31:44,679 [pool-150-thread-1] INFO  server.RaftServerConfigKeys (ConfUtils.java:logGet(44)) - raft.server.notification.no-leader.timeout = 300000ms (custom)
2021-08-26 17:31:44,680 [pool-150-thread-1] INFO  server.RaftServerConfigKeys (ConfUtils.java:logGet(44)) - raft.server.log.use.memory = false (default)
2021-08-26 17:31:44,680 [pool-150-thread-1] INFO  server.RaftServerConfigKeys (ConfUtils.java:logGet(44)) - raft.server.log.purge.gap = 1000000 (custom)
2021-08-26 17:31:44,680 [pool-150-thread-1] INFO  server.RaftServerConfigKeys (ConfUtils.java:logGet(44)) - raft.server.log.appender.buffer.byte-limit = 33554432 (custom)
2021-08-26 17:31:44,680 [pool-150-thread-1] INFO  server.RaftServerConfigKeys (ConfUtils.java:logGet(44)) - raft.server.log.segment.size.max = 1048576 (custom)
2021-08-26 17:31:44,680 [pool-150-thread-1] INFO  server.RaftServerConfigKeys (ConfUtils.java:logGet(44)) - raft.server.log.segment.cache.num.max = 2 (custom)
2021-08-26 17:31:44,680 [pool-150-thread-1] INFO  server.RaftServerConfigKeys (ConfUtils.java:logGet(44)) - raft.server.log.segment.cache.size.max = 200MB (=209715200) (default)
2021-08-26 17:31:44,680 [pool-150-thread-1] INFO  segmented.SegmentedRaftLogWorker (SegmentedRaftLogWorker.java:<init>(182)) - new caca0df6-f340-40f9-9fdf-acdee16ce07d@group-581338FFE026-SegmentedRaftLogWorker for RaftStorageImpl:Storage Directory /home/runner/work/ozone/ozone/hadoop-ozone/integration-test/target/test-dir/MiniOzoneClusterImpl-daa96565-427e-4fca-a993-08525edc6fa6/datanode-5/data/ratis/9aeea41a-a5b7-4822-a628-581338ffe026
2021-08-26 17:31:44,680 [pool-150-thread-1] INFO  server.RaftServerConfigKeys (ConfUtils.java:logGet(44)) - raft.server.log.queue.byte-limit = 2147483647 (custom)
2021-08-26 17:31:44,680 [pool-150-thread-1] INFO  server.RaftServerConfigKeys (ConfUtils.java:logGet(44)) - raft.server.log.queue.element-limit = 1024 (custom)
2021-08-26 17:31:44,680 [pool-150-thread-1] INFO  server.RaftServerConfigKeys (ConfUtils.java:logGet(44)) - raft.server.log.segment.size.max = 1048576 (custom)
2021-08-26 17:31:44,681 [pool-150-thread-1] INFO  server.RaftServerConfigKeys (ConfUtils.java:logGet(44)) - raft.server.log.preallocated.size = 16384 (custom)
2021-08-26 17:31:44,681 [pool-150-thread-1] INFO  server.RaftServerConfigKeys (ConfUtils.java:logGet(44)) - raft.server.log.force.sync.num = 128 (default)
2021-08-26 17:31:44,681 [pool-150-thread-1] INFO  server.RaftServerConfigKeys (ConfUtils.java:logGet(44)) - raft.server.log.statemachine.data.sync = true (default)
2021-08-26 17:31:44,681 [pool-150-thread-1] INFO  server.RaftServerConfigKeys (ConfUtils.java:logGet(44)) - raft.server.log.statemachine.data.sync.timeout = 10s (default)
2021-08-26 17:31:44,681 [pool-150-thread-1] INFO  server.RaftServerConfigKeys (ConfUtils.java:logGet(44)) - raft.server.log.statemachine.data.sync.timeout.retry = -1 (default)
2021-08-26 17:31:44,682 [pool-150-thread-1] INFO  server.RaftServerConfigKeys (ConfUtils.java:logGet(44)) - raft.server.log.write.buffer.size = 1048576 (custom)
2021-08-26 17:31:44,682 [pool-150-thread-1] INFO  server.RaftServerConfigKeys (ConfUtils.java:logGet(44)) - raft.server.log.statemachine.data.caching.enabled = true (custom)
2021-08-26 17:31:44,683 [pool-150-thread-1] INFO  segmented.SegmentedRaftLogWorker (SegmentedRaftLogWorker.java:lambda$new$0(133)) - caca0df6-f340-40f9-9fdf-acdee16ce07d@group-581338FFE026-SegmentedRaftLogWorker: flushIndex: setUnconditionally 0 -> -1
2021-08-26 17:31:44,683 [pool-150-thread-1] INFO  segmented.SegmentedRaftLogWorker (SegmentedRaftLogWorker.java:lambda$new$0(133)) - caca0df6-f340-40f9-9fdf-acdee16ce07d@group-581338FFE026-SegmentedRaftLogWorker: safeCacheEvictIndex: setUnconditionally 0 -> -1
2021-08-26 17:31:44,683 [pool-150-thread-1] INFO  server.RaftServerConfigKeys (ConfUtils.java:logGet(44)) - raft.server.snapshot.auto.trigger.enabled = true (custom)
2021-08-26 17:31:44,683 [pool-150-thread-1] INFO  server.RaftServerConfigKeys (ConfUtils.java:logGet(44)) - raft.server.snapshot.auto.trigger.threshold = 10000 (custom)
2021-08-26 17:31:44,683 [Datanode State Machine Thread - 0] WARN  statemachine.StateContext (StateContext.java:execute(621)) - No available thread in pool for past 1 seconds.
2021-08-26 17:31:44,683 [pool-150-thread-1] INFO  server.RaftServerConfigKeys (ConfUtils.java:logGet(44)) - raft.server.snapshot.retention.file.num = 5 (custom)
2021-08-26 17:31:44,683 [pool-150-thread-1] INFO  server.RaftServerConfigKeys (ConfUtils.java:logGet(44)) - raft.server.log.purge.upto.snapshot.index = false (default)
2021-08-26 17:31:44,683 [pool-150-thread-1] INFO  server.RaftServerConfigKeys (ConfUtils.java:logGet(44)) - raft.server.retrycache.expirytime = 600000ms (custom)
2021-08-26 17:31:44,683 [pool-150-thread-1] INFO  server.RaftServerConfigKeys (ConfUtils.java:logGet(44)) - raft.server.retrycache.statistics.expirytime = 100μs (default)
2021-08-26 17:31:44,685 [Command processor thread] INFO  server.RaftServer (RaftServerProxy.java:addNew(95)) - 7ea02771-24eb-4f5a-8038-44a318ea5460: addNew group-F0297E41A7C6:[7ea02771-24eb-4f5a-8038-44a318ea5460|rpc:10.1.0.42:37543|priority:1] returns group-F0297E41A7C6:java.util.concurrent.CompletableFuture@247b3bc7[Not completed]
2021-08-26 17:31:44,686 [pool-131-thread-1] INFO  server.RaftServer$Division (RaftServerImpl.java:<init>(181)) - 7ea02771-24eb-4f5a-8038-44a318ea5460: new RaftServerImpl for group-F0297E41A7C6:[7ea02771-24eb-4f5a-8038-44a318ea5460|rpc:10.1.0.42:37543|priority:1] with ContainerStateMachine:uninitialized
2021-08-26 17:31:44,686 [pool-131-thread-1] INFO  server.RaftServerConfigKeys (ConfUtils.java:logGet(44)) - raft.server.rpc.timeout.min = 5s (custom)
2021-08-26 17:31:44,686 [pool-131-thread-1] INFO  server.RaftServerConfigKeys (ConfUtils.java:logGet(44)) - raft.server.rpc.timeout.max = 5200ms (custom)
2021-08-26 17:31:44,686 [pool-131-thread-1] INFO  server.RaftServerConfigKeys (ConfUtils.java:logGet(44)) - raft.server.rpc.sleep.time = 25ms (default)
2021-08-26 17:31:44,686 [pool-131-thread-1] INFO  server.RaftServerConfigKeys (ConfUtils.java:logGet(44)) - raft.server.rpc.slowness.timeout = 300000ms (custom)
2021-08-26 17:31:44,686 [pool-131-thread-1] INFO  server.RaftServerConfigKeys (ConfUtils.java:logGet(44)) - raft.server.leaderelection.leader.step-down.wait-time = 10s (default)
2021-08-26 17:31:44,686 [pool-131-thread-1] INFO  server.RaftServerConfigKeys (ConfUtils.java:logGet(44)) - raft.server.sleep.deviation.threshold = 300ms (default)
2021-08-26 17:31:44,686 [pool-131-thread-1] INFO  server.RaftServerConfigKeys (ConfUtils.java:logGet(44)) - raft.server.log.appender.install.snapshot.enabled = false (custom)
2021-08-26 17:31:44,686 [pool-131-thread-1] INFO  server.RaftServer$Division (ServerState.java:<init>(105)) - 7ea02771-24eb-4f5a-8038-44a318ea5460@group-F0297E41A7C6: ConfigurationManager, init=-1: [7ea02771-24eb-4f5a-8038-44a318ea5460|rpc:10.1.0.42:37543|priority:1], old=null, confs=<EMPTY_MAP>
2021-08-26 17:31:44,686 [pool-131-thread-1] INFO  server.RaftServerConfigKeys (ConfUtils.java:logGet(44)) - raft.server.storage.dir = [/home/runner/work/ozone/ozone/hadoop-ozone/integration-test/target/test-dir/MiniOzoneClusterImpl-daa96565-427e-4fca-a993-08525edc6fa6/datanode-4/data/ratis] (custom)
2021-08-26 17:31:44,686 [pool-131-thread-1] INFO  server.RaftServerConfigKeys (ConfUtils.java:logGet(44)) - raft.server.log.corruption.policy = EXCEPTION (default)
2021-08-26 17:31:44,686 [pool-131-thread-1] INFO  server.RaftServerConfigKeys (ConfUtils.java:logGet(44)) - raft.server.storage.free-space.min = 0MB (=0) (default)
2021-08-26 17:31:44,686 [pool-131-thread-1] INFO  storage.RaftStorageDirectory (RaftStorageDirectoryImpl.java:analyzeStorage(135)) - The storage directory /home/runner/work/ozone/ozone/hadoop-ozone/integration-test/target/test-dir/MiniOzoneClusterImpl-daa96565-427e-4fca-a993-08525edc6fa6/datanode-4/data/ratis/c70312f2-e64a-4b6e-85be-f0297e41a7c6 does not exist. Creating ...
2021-08-26 17:31:44,687 [pool-131-thread-1] INFO  storage.RaftStorageDirectory (RaftStorageDirectoryImpl.java:tryLock(230)) - Lock on /home/runner/work/ozone/ozone/hadoop-ozone/integration-test/target/test-dir/MiniOzoneClusterImpl-daa96565-427e-4fca-a993-08525edc6fa6/datanode-4/data/ratis/c70312f2-e64a-4b6e-85be-f0297e41a7c6/in_use.lock acquired by nodename 21484@fv-az122-729
2021-08-26 17:31:44,688 [pool-131-thread-1] INFO  storage.RaftStorage (RaftStorageImpl.java:format(89)) - Storage directory /home/runner/work/ozone/ozone/hadoop-ozone/integration-test/target/test-dir/MiniOzoneClusterImpl-daa96565-427e-4fca-a993-08525edc6fa6/datanode-4/data/ratis/c70312f2-e64a-4b6e-85be-f0297e41a7c6 has been successfully formatted.
2021-08-26 17:31:44,689 [pool-131-thread-1] INFO  ratis.ContainerStateMachine (ContainerStateMachine.java:loadSnapshot(224)) - group-F0297E41A7C6: The snapshot info is null. Setting the last applied indexto:(t:0, i:~)
2021-08-26 17:31:44,689 [Datanode State Machine Thread - 0] WARN  statemachine.StateContext (StateContext.java:execute(621)) - No available thread in pool for past 1 seconds.
2021-08-26 17:31:44,689 [pool-131-thread-1] INFO  server.RaftServerConfigKeys (ConfUtils.java:logGet(44)) - raft.server.notification.no-leader.timeout = 300000ms (custom)
2021-08-26 17:31:44,689 [pool-131-thread-1] INFO  server.RaftServerConfigKeys (ConfUtils.java:logGet(44)) - raft.server.log.use.memory = false (default)
2021-08-26 17:31:44,690 [EventQueue-PipelineReportForPipelineReportHandler] INFO  pipeline.PipelineManagerImpl (PipelineManagerImpl.java:openPipeline(282)) - Pipeline Pipeline[ Id: c70312f2-e64a-4b6e-85be-f0297e41a7c6, Nodes: 7ea02771-24eb-4f5a-8038-44a318ea5460{ip: 10.1.0.42, host: fv-az122-729.zf1tlrj3kn4expqppa1j4mpycf.xx.internal.cloudapp.net, ports: [REPLICATION=36479, RATIS=37543, RATIS_ADMIN=37543, RATIS_SERVER=37543, STANDALONE=33905], networkLocation: /default-rack, certSerialId: null, persistedOpState: IN_SERVICE, persistedOpStateExpiryEpochSec: 0}, ReplicationConfig: RATIS/ONE, State:ALLOCATED, leaderId:7ea02771-24eb-4f5a-8038-44a318ea5460, CreationTimestamp2021-08-26T17:31:41.690Z[Etc/UTC]] moved to OPEN state
2021-08-26 17:31:44,690 [EventQueue-OpenPipelineForHealthyPipelineSafeModeRule] INFO  safemode.SCMSafeModeManager (HealthyPipelineSafeModeRule.java:process(124)) - SCM in safe mode. Healthy pipelines reported count is 0, required healthy pipeline reported count is 1
2021-08-26 17:31:44,690 [pool-131-thread-1] INFO  server.RaftServerConfigKeys (ConfUtils.java:logGet(44)) - raft.server.log.purge.gap = 1000000 (custom)
2021-08-26 17:31:44,699 [pool-131-thread-1] INFO  server.RaftServerConfigKeys (ConfUtils.java:logGet(44)) - raft.server.log.appender.buffer.byte-limit = 33554432 (custom)
2021-08-26 17:31:44,699 [pool-131-thread-1] INFO  server.RaftServerConfigKeys (ConfUtils.java:logGet(44)) - raft.server.log.segment.size.max = 1048576 (custom)
2021-08-26 17:31:44,700 [pool-131-thread-1] INFO  server.RaftServerConfigKeys (ConfUtils.java:logGet(44)) - raft.server.log.segment.cache.num.max = 2 (custom)
2021-08-26 17:31:44,700 [pool-131-thread-1] INFO  server.RaftServerConfigKeys (ConfUtils.java:logGet(44)) - raft.server.log.segment.cache.size.max = 200MB (=209715200) (default)
2021-08-26 17:31:44,700 [pool-131-thread-1] INFO  segmented.SegmentedRaftLogWorker (SegmentedRaftLogWorker.java:<init>(182)) - new 7ea02771-24eb-4f5a-8038-44a318ea5460@group-F0297E41A7C6-SegmentedRaftLogWorker for RaftStorageImpl:Storage Directory /home/runner/work/ozone/ozone/hadoop-ozone/integration-test/target/test-dir/MiniOzoneClusterImpl-daa96565-427e-4fca-a993-08525edc6fa6/datanode-4/data/ratis/c70312f2-e64a-4b6e-85be-f0297e41a7c6
2021-08-26 17:31:44,700 [pool-131-thread-1] INFO  server.RaftServerConfigKeys (ConfUtils.java:logGet(44)) - raft.server.log.queue.byte-limit = 2147483647 (custom)
2021-08-26 17:31:44,700 [pool-131-thread-1] INFO  server.RaftServerConfigKeys (ConfUtils.java:logGet(44)) - raft.server.log.queue.element-limit = 1024 (custom)
2021-08-26 17:31:44,700 [pool-131-thread-1] INFO  server.RaftServerConfigKeys (ConfUtils.java:logGet(44)) - raft.server.log.segment.size.max = 1048576 (custom)
2021-08-26 17:31:44,700 [pool-131-thread-1] INFO  server.RaftServerConfigKeys (ConfUtils.java:logGet(44)) - raft.server.log.preallocated.size = 16384 (custom)
2021-08-26 17:31:44,700 [pool-131-thread-1] INFO  server.RaftServerConfigKeys (ConfUtils.java:logGet(44)) - raft.server.log.force.sync.num = 128 (default)
2021-08-26 17:31:44,700 [pool-131-thread-1] INFO  server.RaftServerConfigKeys (ConfUtils.java:logGet(44)) - raft.server.log.statemachine.data.sync = true (default)
2021-08-26 17:31:44,700 [pool-131-thread-1] INFO  server.RaftServerConfigKeys (ConfUtils.java:logGet(44)) - raft.server.log.statemachine.data.sync.timeout = 10s (default)
2021-08-26 17:31:44,701 [pool-131-thread-1] INFO  server.RaftServerConfigKeys (ConfUtils.java:logGet(44)) - raft.server.log.statemachine.data.sync.timeout.retry = -1 (default)
2021-08-26 17:31:44,702 [pool-131-thread-1] INFO  server.RaftServerConfigKeys (ConfUtils.java:logGet(44)) - raft.server.log.write.buffer.size = 1048576 (custom)
2021-08-26 17:31:44,702 [pool-131-thread-1] INFO  server.RaftServerConfigKeys (ConfUtils.java:logGet(44)) - raft.server.log.statemachine.data.caching.enabled = true (custom)
2021-08-26 17:31:44,703 [pool-131-thread-1] INFO  segmented.SegmentedRaftLogWorker (SegmentedRaftLogWorker.java:lambda$new$0(133)) - 7ea02771-24eb-4f5a-8038-44a318ea5460@group-F0297E41A7C6-SegmentedRaftLogWorker: flushIndex: setUnconditionally 0 -> -1
2021-08-26 17:31:44,703 [pool-131-thread-1] INFO  segmented.SegmentedRaftLogWorker (SegmentedRaftLogWorker.java:lambda$new$0(133)) - 7ea02771-24eb-4f5a-8038-44a318ea5460@group-F0297E41A7C6-SegmentedRaftLogWorker: safeCacheEvictIndex: setUnconditionally 0 -> -1
2021-08-26 17:31:44,691 [pool-150-thread-1] INFO  server.RaftServer$Division (RaftServerImpl.java:start(296)) - caca0df6-f340-40f9-9fdf-acdee16ce07d@group-581338FFE026: start as a follower, conf=-1: [c4880b1a-f63f-4492-a9df-0d04f2bfbd12|rpc:10.1.0.42:36835|dataStream:|priority:0, caca0df6-f340-40f9-9fdf-acdee16ce07d|rpc:10.1.0.42:39345|dataStream:|priority:1, 7ea02771-24eb-4f5a-8038-44a318ea5460|rpc:10.1.0.42:37543|dataStream:|priority:0], old=null
2021-08-26 17:31:44,703 [pool-150-thread-1] INFO  server.RaftServer$Division (RaftServerImpl.java:setRole(285)) - caca0df6-f340-40f9-9fdf-acdee16ce07d@group-581338FFE026: changes role from      null to FOLLOWER at term 0 for startAsFollower
2021-08-26 17:31:44,703 [pool-131-thread-1] INFO  server.RaftServerConfigKeys (ConfUtils.java:logGet(44)) - raft.server.snapshot.auto.trigger.enabled = true (custom)
2021-08-26 17:31:44,703 [pool-131-thread-1] INFO  server.RaftServerConfigKeys (ConfUtils.java:logGet(44)) - raft.server.snapshot.auto.trigger.threshold = 10000 (custom)
2021-08-26 17:31:44,703 [pool-131-thread-1] INFO  server.RaftServerConfigKeys (ConfUtils.java:logGet(44)) - raft.server.snapshot.retention.file.num = 5 (custom)
2021-08-26 17:31:44,703 [pool-131-thread-1] INFO  server.RaftServerConfigKeys (ConfUtils.java:logGet(44)) - raft.server.log.purge.upto.snapshot.index = false (default)
2021-08-26 17:31:44,703 [pool-131-thread-1] INFO  server.RaftServerConfigKeys (ConfUtils.java:logGet(44)) - raft.server.retrycache.expirytime = 600000ms (custom)
2021-08-26 17:31:44,703 [pool-131-thread-1] INFO  server.RaftServerConfigKeys (ConfUtils.java:logGet(44)) - raft.server.retrycache.statistics.expirytime = 100μs (default)
2021-08-26 17:31:44,705 [pool-150-thread-1] INFO  impl.RoleInfo (RoleInfo.java:updateAndGet(130)) - caca0df6-f340-40f9-9fdf-acdee16ce07d: start caca0df6-f340-40f9-9fdf-acdee16ce07d@group-581338FFE026-FollowerState
2021-08-26 17:31:44,705 [pool-131-thread-1] INFO  server.RaftServer$Division (RaftServerImpl.java:start(296)) - 7ea02771-24eb-4f5a-8038-44a318ea5460@group-F0297E41A7C6: start as a follower, conf=-1: [7ea02771-24eb-4f5a-8038-44a318ea5460|rpc:10.1.0.42:37543|priority:1], old=null
2021-08-26 17:31:44,705 [pool-131-thread-1] INFO  server.RaftServer$Division (RaftServerImpl.java:setRole(285)) - 7ea02771-24eb-4f5a-8038-44a318ea5460@group-F0297E41A7C6: changes role from      null to FOLLOWER at term 0 for startAsFollower
2021-08-26 17:31:44,706 [pool-150-thread-1] INFO  util.JmxRegister (JmxRegister.java:tryRegister(44)) - Successfully registered JMX Bean with object name Ratis:service=RaftServer,group=group-581338FFE026,id=caca0df6-f340-40f9-9fdf-acdee16ce07d
2021-08-26 17:31:44,707 [pool-131-thread-1] INFO  impl.RoleInfo (RoleInfo.java:updateAndGet(130)) - 7ea02771-24eb-4f5a-8038-44a318ea5460: start 7ea02771-24eb-4f5a-8038-44a318ea5460@group-F0297E41A7C6-FollowerState
2021-08-26 17:31:44,708 [pool-131-thread-1] INFO  util.JmxRegister (JmxRegister.java:tryRegister(44)) - Successfully registered JMX Bean with object name Ratis:service=RaftServer,group=group-F0297E41A7C6,id=7ea02771-24eb-4f5a-8038-44a318ea5460
2021-08-26 17:31:44,711 [Command processor thread] INFO  ratis.XceiverServerRatis (XceiverServerRatis.java:addGroup(763)) - Created group PipelineID=c70312f2-e64a-4b6e-85be-f0297e41a7c6
2021-08-26 17:31:44,711 [Command processor thread] INFO  commandhandler.CreatePipelineCommandHandler (CreatePipelineCommandHandler.java:handle(106)) - Created Pipeline RATIS ONE PipelineID=c70312f2-e64a-4b6e-85be-f0297e41a7c6.
2021-08-26 17:31:44,714 [Command processor thread] INFO  commandhandler.CreatePipelineCommandHandler (CreatePipelineCommandHandler.java:handle(106)) - Created Pipeline RATIS THREE PipelineID=9aeea41a-a5b7-4822-a628-581338ffe026.
2021-08-26 17:31:44,862 [Command processor thread] INFO  server.RaftServer (RaftServerProxy.java:addNew(95)) - caca0df6-f340-40f9-9fdf-acdee16ce07d: addNew group-4257E8BD3A71:[caca0df6-f340-40f9-9fdf-acdee16ce07d|rpc:10.1.0.42:39345|priority:1] returns group-4257E8BD3A71:java.util.concurrent.CompletableFuture@3a19038d[Not completed]
2021-08-26 17:31:44,862 [pool-150-thread-1] INFO  server.RaftServer$Division (RaftServerImpl.java:<init>(181)) - caca0df6-f340-40f9-9fdf-acdee16ce07d: new RaftServerImpl for group-4257E8BD3A71:[caca0df6-f340-40f9-9fdf-acdee16ce07d|rpc:10.1.0.42:39345|priority:1] with ContainerStateMachine:uninitialized
2021-08-26 17:31:44,863 [pool-150-thread-1] INFO  server.RaftServerConfigKeys (ConfUtils.java:logGet(44)) - raft.server.rpc.timeout.min = 5s (custom)
2021-08-26 17:31:44,863 [pool-150-thread-1] INFO  server.RaftServerConfigKeys (ConfUtils.java:logGet(44)) - raft.server.rpc.timeout.max = 5200ms (custom)
2021-08-26 17:31:44,863 [pool-150-thread-1] INFO  server.RaftServerConfigKeys (ConfUtils.java:logGet(44)) - raft.server.rpc.sleep.time = 25ms (default)
2021-08-26 17:31:44,863 [pool-150-thread-1] INFO  server.RaftServerConfigKeys (ConfUtils.java:logGet(44)) - raft.server.rpc.slowness.timeout = 300000ms (custom)
2021-08-26 17:31:44,863 [pool-150-thread-1] INFO  server.RaftServerConfigKeys (ConfUtils.java:logGet(44)) - raft.server.leaderelection.leader.step-down.wait-time = 10s (default)
2021-08-26 17:31:44,863 [pool-150-thread-1] INFO  server.RaftServerConfigKeys (ConfUtils.java:logGet(44)) - raft.server.sleep.deviation.threshold = 300ms (default)
2021-08-26 17:31:44,863 [pool-150-thread-1] INFO  server.RaftServerConfigKeys (ConfUtils.java:logGet(44)) - raft.server.log.appender.install.snapshot.enabled = false (custom)
2021-08-26 17:31:44,863 [pool-150-thread-1] INFO  server.RaftServer$Division (ServerState.java:<init>(105)) - caca0df6-f340-40f9-9fdf-acdee16ce07d@group-4257E8BD3A71: ConfigurationManager, init=-1: [caca0df6-f340-40f9-9fdf-acdee16ce07d|rpc:10.1.0.42:39345|priority:1], old=null, confs=<EMPTY_MAP>
2021-08-26 17:31:44,863 [pool-150-thread-1] INFO  server.RaftServerConfigKeys (ConfUtils.java:logGet(44)) - raft.server.storage.dir = [/home/runner/work/ozone/ozone/hadoop-ozone/integration-test/target/test-dir/MiniOzoneClusterImpl-daa96565-427e-4fca-a993-08525edc6fa6/datanode-5/data/ratis] (custom)
2021-08-26 17:31:44,863 [pool-150-thread-1] INFO  server.RaftServerConfigKeys (ConfUtils.java:logGet(44)) - raft.server.log.corruption.policy = EXCEPTION (default)
2021-08-26 17:31:44,863 [pool-150-thread-1] INFO  server.RaftServerConfigKeys (ConfUtils.java:logGet(44)) - raft.server.storage.free-space.min = 0MB (=0) (default)
2021-08-26 17:31:44,864 [pool-150-thread-1] INFO  storage.RaftStorageDirectory (RaftStorageDirectoryImpl.java:analyzeStorage(135)) - The storage directory /home/runner/work/ozone/ozone/hadoop-ozone/integration-test/target/test-dir/MiniOzoneClusterImpl-daa96565-427e-4fca-a993-08525edc6fa6/datanode-5/data/ratis/5a801d72-4922-49cc-8fc9-4257e8bd3a71 does not exist. Creating ...
2021-08-26 17:31:44,864 [pool-150-thread-1] INFO  storage.RaftStorageDirectory (RaftStorageDirectoryImpl.java:tryLock(230)) - Lock on /home/runner/work/ozone/ozone/hadoop-ozone/integration-test/target/test-dir/MiniOzoneClusterImpl-daa96565-427e-4fca-a993-08525edc6fa6/datanode-5/data/ratis/5a801d72-4922-49cc-8fc9-4257e8bd3a71/in_use.lock acquired by nodename 21484@fv-az122-729
2021-08-26 17:31:44,866 [pool-150-thread-1] INFO  storage.RaftStorage (RaftStorageImpl.java:format(89)) - Storage directory /home/runner/work/ozone/ozone/hadoop-ozone/integration-test/target/test-dir/MiniOzoneClusterImpl-daa96565-427e-4fca-a993-08525edc6fa6/datanode-5/data/ratis/5a801d72-4922-49cc-8fc9-4257e8bd3a71 has been successfully formatted.
2021-08-26 17:31:44,867 [pool-150-thread-1] INFO  ratis.ContainerStateMachine (ContainerStateMachine.java:loadSnapshot(224)) - group-4257E8BD3A71: The snapshot info is null. Setting the last applied indexto:(t:0, i:~)
2021-08-26 17:31:44,867 [pool-150-thread-1] INFO  server.RaftServerConfigKeys (ConfUtils.java:logGet(44)) - raft.server.notification.no-leader.timeout = 300000ms (custom)
2021-08-26 17:31:44,867 [pool-150-thread-1] INFO  server.RaftServerConfigKeys (ConfUtils.java:logGet(44)) - raft.server.log.use.memory = false (default)
2021-08-26 17:31:44,867 [pool-150-thread-1] INFO  server.RaftServerConfigKeys (ConfUtils.java:logGet(44)) - raft.server.log.purge.gap = 1000000 (custom)
2021-08-26 17:31:44,867 [EventQueue-PipelineReportForPipelineReportHandler] INFO  pipeline.PipelineManagerImpl (PipelineManagerImpl.java:openPipeline(282)) - Pipeline Pipeline[ Id: 5a801d72-4922-49cc-8fc9-4257e8bd3a71, Nodes: caca0df6-f340-40f9-9fdf-acdee16ce07d{ip: 10.1.0.42, host: fv-az122-729.zf1tlrj3kn4expqppa1j4mpycf.xx.internal.cloudapp.net, ports: [REPLICATION=38841, RATIS=39345, RATIS_ADMIN=39345, RATIS_SERVER=39345, STANDALONE=43837], networkLocation: /default-rack, certSerialId: null, persistedOpState: IN_SERVICE, persistedOpStateExpiryEpochSec: 0}, ReplicationConfig: RATIS/ONE, State:ALLOCATED, leaderId:caca0df6-f340-40f9-9fdf-acdee16ce07d, CreationTimestamp2021-08-26T17:31:41.866Z[Etc/UTC]] moved to OPEN state
2021-08-26 17:31:44,868 [EventQueue-OpenPipelineForHealthyPipelineSafeModeRule] INFO  safemode.SCMSafeModeManager (HealthyPipelineSafeModeRule.java:process(124)) - SCM in safe mode. Healthy pipelines reported count is 0, required healthy pipeline reported count is 1
2021-08-26 17:31:44,868 [pool-150-thread-1] INFO  server.RaftServerConfigKeys (ConfUtils.java:logGet(44)) - raft.server.log.appender.buffer.byte-limit = 33554432 (custom)
2021-08-26 17:31:44,869 [pool-150-thread-1] INFO  server.RaftServerConfigKeys (ConfUtils.java:logGet(44)) - raft.server.log.segment.size.max = 1048576 (custom)
2021-08-26 17:31:44,870 [pool-150-thread-1] INFO  server.RaftServerConfigKeys (ConfUtils.java:logGet(44)) - raft.server.log.segment.cache.num.max = 2 (custom)
2021-08-26 17:31:44,870 [pool-150-thread-1] INFO  server.RaftServerConfigKeys (ConfUtils.java:logGet(44)) - raft.server.log.segment.cache.size.max = 200MB (=209715200) (default)
2021-08-26 17:31:44,870 [pool-150-thread-1] INFO  segmented.SegmentedRaftLogWorker (SegmentedRaftLogWorker.java:<init>(182)) - new caca0df6-f340-40f9-9fdf-acdee16ce07d@group-4257E8BD3A71-SegmentedRaftLogWorker for RaftStorageImpl:Storage Directory /home/runner/work/ozone/ozone/hadoop-ozone/integration-test/target/test-dir/MiniOzoneClusterImpl-daa96565-427e-4fca-a993-08525edc6fa6/datanode-5/data/ratis/5a801d72-4922-49cc-8fc9-4257e8bd3a71
2021-08-26 17:31:44,870 [pool-150-thread-1] INFO  server.RaftServerConfigKeys (ConfUtils.java:logGet(44)) - raft.server.log.queue.byte-limit = 2147483647 (custom)
2021-08-26 17:31:44,870 [pool-150-thread-1] INFO  server.RaftServerConfigKeys (ConfUtils.java:logGet(44)) - raft.server.log.queue.element-limit = 1024 (custom)
2021-08-26 17:31:44,870 [pool-150-thread-1] INFO  server.RaftServerConfigKeys (ConfUtils.java:logGet(44)) - raft.server.log.segment.size.max = 1048576 (custom)
2021-08-26 17:31:44,870 [pool-150-thread-1] INFO  server.RaftServerConfigKeys (ConfUtils.java:logGet(44)) - raft.server.log.preallocated.size = 16384 (custom)
2021-08-26 17:31:44,870 [pool-150-thread-1] INFO  server.RaftServerConfigKeys (ConfUtils.java:logGet(44)) - raft.server.log.force.sync.num = 128 (default)
2021-08-26 17:31:44,870 [pool-150-thread-1] INFO  server.RaftServerConfigKeys (ConfUtils.java:logGet(44)) - raft.server.log.statemachine.data.sync = true (default)
2021-08-26 17:31:44,870 [pool-150-thread-1] INFO  server.RaftServerConfigKeys (ConfUtils.java:logGet(44)) - raft.server.log.statemachine.data.sync.timeout = 10s (default)
2021-08-26 17:31:44,870 [pool-150-thread-1] INFO  server.RaftServerConfigKeys (ConfUtils.java:logGet(44)) - raft.server.log.statemachine.data.sync.timeout.retry = -1 (default)
2021-08-26 17:31:44,871 [pool-150-thread-1] INFO  server.RaftServerConfigKeys (ConfUtils.java:logGet(44)) - raft.server.log.write.buffer.size = 1048576 (custom)
2021-08-26 17:31:44,872 [pool-150-thread-1] INFO  server.RaftServerConfigKeys (ConfUtils.java:logGet(44)) - raft.server.log.statemachine.data.caching.enabled = true (custom)
2021-08-26 17:31:44,872 [pool-150-thread-1] INFO  segmented.SegmentedRaftLogWorker (SegmentedRaftLogWorker.java:lambda$new$0(133)) - caca0df6-f340-40f9-9fdf-acdee16ce07d@group-4257E8BD3A71-SegmentedRaftLogWorker: flushIndex: setUnconditionally 0 -> -1
2021-08-26 17:31:44,872 [pool-150-thread-1] INFO  segmented.SegmentedRaftLogWorker (SegmentedRaftLogWorker.java:lambda$new$0(133)) - caca0df6-f340-40f9-9fdf-acdee16ce07d@group-4257E8BD3A71-SegmentedRaftLogWorker: safeCacheEvictIndex: setUnconditionally 0 -> -1
2021-08-26 17:31:44,872 [pool-150-thread-1] INFO  server.RaftServerConfigKeys (ConfUtils.java:logGet(44)) - raft.server.snapshot.auto.trigger.enabled = true (custom)
2021-08-26 17:31:44,872 [pool-150-thread-1] INFO  server.RaftServerConfigKeys (ConfUtils.java:logGet(44)) - raft.server.snapshot.auto.trigger.threshold = 10000 (custom)
2021-08-26 17:31:44,873 [pool-150-thread-1] INFO  server.RaftServerConfigKeys (ConfUtils.java:logGet(44)) - raft.server.snapshot.retention.file.num = 5 (custom)
2021-08-26 17:31:44,873 [pool-150-thread-1] INFO  server.RaftServerConfigKeys (ConfUtils.java:logGet(44)) - raft.server.log.purge.upto.snapshot.index = false (default)
2021-08-26 17:31:44,873 [pool-150-thread-1] INFO  server.RaftServerConfigKeys (ConfUtils.java:logGet(44)) - raft.server.retrycache.expirytime = 600000ms (custom)
2021-08-26 17:31:44,873 [pool-150-thread-1] INFO  server.RaftServerConfigKeys (ConfUtils.java:logGet(44)) - raft.server.retrycache.statistics.expirytime = 100μs (default)
2021-08-26 17:31:44,874 [pool-150-thread-1] INFO  server.RaftServer$Division (RaftServerImpl.java:start(296)) - caca0df6-f340-40f9-9fdf-acdee16ce07d@group-4257E8BD3A71: start as a follower, conf=-1: [caca0df6-f340-40f9-9fdf-acdee16ce07d|rpc:10.1.0.42:39345|priority:1], old=null
2021-08-26 17:31:44,874 [pool-150-thread-1] INFO  server.RaftServer$Division (RaftServerImpl.java:setRole(285)) - caca0df6-f340-40f9-9fdf-acdee16ce07d@group-4257E8BD3A71: changes role from      null to FOLLOWER at term 0 for startAsFollower
2021-08-26 17:31:44,874 [pool-150-thread-1] INFO  impl.RoleInfo (RoleInfo.java:updateAndGet(130)) - caca0df6-f340-40f9-9fdf-acdee16ce07d: start caca0df6-f340-40f9-9fdf-acdee16ce07d@group-4257E8BD3A71-FollowerState
2021-08-26 17:31:44,874 [pool-150-thread-1] INFO  util.JmxRegister (JmxRegister.java:tryRegister(44)) - Successfully registered JMX Bean with object name Ratis:service=RaftServer,group=group-4257E8BD3A71,id=caca0df6-f340-40f9-9fdf-acdee16ce07d
2021-08-26 17:31:44,875 [Command processor thread] INFO  ratis.XceiverServerRatis (XceiverServerRatis.java:addGroup(763)) - Created group PipelineID=5a801d72-4922-49cc-8fc9-4257e8bd3a71
2021-08-26 17:31:44,875 [Command processor thread] INFO  commandhandler.CreatePipelineCommandHandler (CreatePipelineCommandHandler.java:handle(106)) - Created Pipeline RATIS ONE PipelineID=5a801d72-4922-49cc-8fc9-4257e8bd3a71.
2021-08-26 17:31:45,053 [Command processor thread] INFO  server.RaftServer (RaftServerProxy.java:addNew(95)) - 65be39c6-5763-4636-a9b6-aaf36d3fe099: addNew group-2F663AC5F006:[65be39c6-5763-4636-a9b6-aaf36d3fe099|rpc:10.1.0.42:44293|priority:1] returns group-2F663AC5F006:java.util.concurrent.CompletableFuture@ccf4c79[Not completed]
2021-08-26 17:31:45,054 [Listener at 127.0.0.1/35991] INFO  ozone.MiniOzoneClusterImpl (MiniOzoneClusterImpl.java:lambda$waitForClusterToBeReady$0(235)) - Nodes are ready. Got 7 of 7 DN Heartbeats.
2021-08-26 17:31:45,054 [Listener at 127.0.0.1/35991] INFO  ozone.MiniOzoneClusterImpl (MiniOzoneClusterImpl.java:lambda$waitForClusterToBeReady$0(238)) - Waiting for cluster to exit safe mode
2021-08-26 17:31:45,054 [Listener at 127.0.0.1/35991] INFO  ozone.MiniOzoneClusterImpl (MiniOzoneClusterImpl.java:lambda$waitForClusterToBeReady$0(240)) - SCM became leader
2021-08-26 17:31:45,055 [pool-169-thread-1] INFO  server.RaftServer$Division (RaftServerImpl.java:<init>(181)) - 65be39c6-5763-4636-a9b6-aaf36d3fe099: new RaftServerImpl for group-2F663AC5F006:[65be39c6-5763-4636-a9b6-aaf36d3fe099|rpc:10.1.0.42:44293|priority:1] with ContainerStateMachine:uninitialized
2021-08-26 17:31:45,055 [pool-169-thread-1] INFO  server.RaftServerConfigKeys (ConfUtils.java:logGet(44)) - raft.server.rpc.timeout.min = 5s (custom)
2021-08-26 17:31:45,055 [pool-169-thread-1] INFO  server.RaftServerConfigKeys (ConfUtils.java:logGet(44)) - raft.server.rpc.timeout.max = 5200ms (custom)
2021-08-26 17:31:45,055 [pool-169-thread-1] INFO  server.RaftServerConfigKeys (ConfUtils.java:logGet(44)) - raft.server.rpc.sleep.time = 25ms (default)
2021-08-26 17:31:45,055 [pool-169-thread-1] INFO  server.RaftServerConfigKeys (ConfUtils.java:logGet(44)) - raft.server.rpc.slowness.timeout = 300000ms (custom)
2021-08-26 17:31:45,056 [pool-169-thread-1] INFO  server.RaftServerConfigKeys (ConfUtils.java:logGet(44)) - raft.server.leaderelection.leader.step-down.wait-time = 10s (default)
2021-08-26 17:31:45,056 [pool-169-thread-1] INFO  server.RaftServerConfigKeys (ConfUtils.java:logGet(44)) - raft.server.sleep.deviation.threshold = 300ms (default)
2021-08-26 17:31:45,056 [pool-169-thread-1] INFO  server.RaftServerConfigKeys (ConfUtils.java:logGet(44)) - raft.server.log.appender.install.snapshot.enabled = false (custom)
2021-08-26 17:31:45,056 [pool-169-thread-1] INFO  server.RaftServer$Division (ServerState.java:<init>(105)) - 65be39c6-5763-4636-a9b6-aaf36d3fe099@group-2F663AC5F006: ConfigurationManager, init=-1: [65be39c6-5763-4636-a9b6-aaf36d3fe099|rpc:10.1.0.42:44293|priority:1], old=null, confs=<EMPTY_MAP>
2021-08-26 17:31:45,056 [pool-169-thread-1] INFO  server.RaftServerConfigKeys (ConfUtils.java:logGet(44)) - raft.server.storage.dir = [/home/runner/work/ozone/ozone/hadoop-ozone/integration-test/target/test-dir/MiniOzoneClusterImpl-daa96565-427e-4fca-a993-08525edc6fa6/datanode-6/data/ratis] (custom)
2021-08-26 17:31:45,056 [pool-169-thread-1] INFO  server.RaftServerConfigKeys (ConfUtils.java:logGet(44)) - raft.server.log.corruption.policy = EXCEPTION (default)
2021-08-26 17:31:45,056 [pool-169-thread-1] INFO  server.RaftServerConfigKeys (ConfUtils.java:logGet(44)) - raft.server.storage.free-space.min = 0MB (=0) (default)
2021-08-26 17:31:45,056 [pool-169-thread-1] INFO  storage.RaftStorageDirectory (RaftStorageDirectoryImpl.java:analyzeStorage(135)) - The storage directory /home/runner/work/ozone/ozone/hadoop-ozone/integration-test/target/test-dir/MiniOzoneClusterImpl-daa96565-427e-4fca-a993-08525edc6fa6/datanode-6/data/ratis/a20983d8-2902-4668-8b1a-2f663ac5f006 does not exist. Creating ...
2021-08-26 17:31:45,057 [pool-169-thread-1] INFO  storage.RaftStorageDirectory (RaftStorageDirectoryImpl.java:tryLock(230)) - Lock on /home/runner/work/ozone/ozone/hadoop-ozone/integration-test/target/test-dir/MiniOzoneClusterImpl-daa96565-427e-4fca-a993-08525edc6fa6/datanode-6/data/ratis/a20983d8-2902-4668-8b1a-2f663ac5f006/in_use.lock acquired by nodename 21484@fv-az122-729
2021-08-26 17:31:45,061 [pool-169-thread-1] INFO  storage.RaftStorage (RaftStorageImpl.java:format(89)) - Storage directory /home/runner/work/ozone/ozone/hadoop-ozone/integration-test/target/test-dir/MiniOzoneClusterImpl-daa96565-427e-4fca-a993-08525edc6fa6/datanode-6/data/ratis/a20983d8-2902-4668-8b1a-2f663ac5f006 has been successfully formatted.
2021-08-26 17:31:45,061 [pool-169-thread-1] INFO  ratis.ContainerStateMachine (ContainerStateMachine.java:loadSnapshot(224)) - group-2F663AC5F006: The snapshot info is null. Setting the last applied indexto:(t:0, i:~)
2021-08-26 17:31:45,062 [pool-169-thread-1] INFO  server.RaftServerConfigKeys (ConfUtils.java:logGet(44)) - raft.server.notification.no-leader.timeout = 300000ms (custom)
2021-08-26 17:31:45,062 [pool-169-thread-1] INFO  server.RaftServerConfigKeys (ConfUtils.java:logGet(44)) - raft.server.log.use.memory = false (default)
2021-08-26 17:31:45,062 [pool-169-thread-1] INFO  server.RaftServerConfigKeys (ConfUtils.java:logGet(44)) - raft.server.log.purge.gap = 1000000 (custom)
2021-08-26 17:31:45,062 [pool-169-thread-1] INFO  server.RaftServerConfigKeys (ConfUtils.java:logGet(44)) - raft.server.log.appender.buffer.byte-limit = 33554432 (custom)
2021-08-26 17:31:45,063 [EventQueue-PipelineReportForPipelineReportHandler] INFO  pipeline.PipelineManagerImpl (PipelineManagerImpl.java:openPipeline(282)) - Pipeline Pipeline[ Id: a20983d8-2902-4668-8b1a-2f663ac5f006, Nodes: 65be39c6-5763-4636-a9b6-aaf36d3fe099{ip: 10.1.0.42, host: fv-az122-729.zf1tlrj3kn4expqppa1j4mpycf.xx.internal.cloudapp.net, ports: [REPLICATION=35701, RATIS=44293, RATIS_ADMIN=44293, RATIS_SERVER=44293, STANDALONE=36611], networkLocation: /default-rack, certSerialId: null, persistedOpState: IN_SERVICE, persistedOpStateExpiryEpochSec: 0}, ReplicationConfig: RATIS/ONE, State:ALLOCATED, leaderId:65be39c6-5763-4636-a9b6-aaf36d3fe099, CreationTimestamp2021-08-26T17:31:42.055Z[Etc/UTC]] moved to OPEN state
2021-08-26 17:31:45,063 [pool-169-thread-1] INFO  server.RaftServerConfigKeys (ConfUtils.java:logGet(44)) - raft.server.log.segment.size.max = 1048576 (custom)
2021-08-26 17:31:45,063 [EventQueue-OpenPipelineForHealthyPipelineSafeModeRule] INFO  safemode.SCMSafeModeManager (HealthyPipelineSafeModeRule.java:process(124)) - SCM in safe mode. Healthy pipelines reported count is 0, required healthy pipeline reported count is 1
2021-08-26 17:31:45,062 [Datanode State Machine Thread - 0] WARN  statemachine.StateContext (StateContext.java:execute(621)) - No available thread in pool for past 1 seconds.
2021-08-26 17:31:45,064 [pool-169-thread-1] INFO  server.RaftServerConfigKeys (ConfUtils.java:logGet(44)) - raft.server.log.segment.cache.num.max = 2 (custom)
2021-08-26 17:31:45,066 [pool-169-thread-1] INFO  server.RaftServerConfigKeys (ConfUtils.java:logGet(44)) - raft.server.log.segment.cache.size.max = 200MB (=209715200) (default)
2021-08-26 17:31:45,067 [pool-169-thread-1] INFO  segmented.SegmentedRaftLogWorker (SegmentedRaftLogWorker.java:<init>(182)) - new 65be39c6-5763-4636-a9b6-aaf36d3fe099@group-2F663AC5F006-SegmentedRaftLogWorker for RaftStorageImpl:Storage Directory /home/runner/work/ozone/ozone/hadoop-ozone/integration-test/target/test-dir/MiniOzoneClusterImpl-daa96565-427e-4fca-a993-08525edc6fa6/datanode-6/data/ratis/a20983d8-2902-4668-8b1a-2f663ac5f006
2021-08-26 17:31:45,067 [pool-169-thread-1] INFO  server.RaftServerConfigKeys (ConfUtils.java:logGet(44)) - raft.server.log.queue.byte-limit = 2147483647 (custom)
2021-08-26 17:31:45,067 [pool-169-thread-1] INFO  server.RaftServerConfigKeys (ConfUtils.java:logGet(44)) - raft.server.log.queue.element-limit = 1024 (custom)
2021-08-26 17:31:45,067 [pool-169-thread-1] INFO  server.RaftServerConfigKeys (ConfUtils.java:logGet(44)) - raft.server.log.segment.size.max = 1048576 (custom)
2021-08-26 17:31:45,067 [pool-169-thread-1] INFO  server.RaftServerConfigKeys (ConfUtils.java:logGet(44)) - raft.server.log.preallocated.size = 16384 (custom)
2021-08-26 17:31:45,067 [pool-169-thread-1] INFO  server.RaftServerConfigKeys (ConfUtils.java:logGet(44)) - raft.server.log.force.sync.num = 128 (default)
2021-08-26 17:31:45,067 [pool-169-thread-1] INFO  server.RaftServerConfigKeys (ConfUtils.java:logGet(44)) - raft.server.log.statemachine.data.sync = true (default)
2021-08-26 17:31:45,067 [pool-169-thread-1] INFO  server.RaftServerConfigKeys (ConfUtils.java:logGet(44)) - raft.server.log.statemachine.data.sync.timeout = 10s (default)
2021-08-26 17:31:45,067 [pool-169-thread-1] INFO  server.RaftServerConfigKeys (ConfUtils.java:logGet(44)) - raft.server.log.statemachine.data.sync.timeout.retry = -1 (default)
2021-08-26 17:31:45,068 [pool-169-thread-1] INFO  server.RaftServerConfigKeys (ConfUtils.java:logGet(44)) - raft.server.log.write.buffer.size = 1048576 (custom)
2021-08-26 17:31:45,069 [pool-169-thread-1] INFO  server.RaftServerConfigKeys (ConfUtils.java:logGet(44)) - raft.server.log.statemachine.data.caching.enabled = true (custom)
2021-08-26 17:31:45,069 [pool-169-thread-1] INFO  segmented.SegmentedRaftLogWorker (SegmentedRaftLogWorker.java:lambda$new$0(133)) - 65be39c6-5763-4636-a9b6-aaf36d3fe099@group-2F663AC5F006-SegmentedRaftLogWorker: flushIndex: setUnconditionally 0 -> -1
2021-08-26 17:31:45,069 [pool-169-thread-1] INFO  segmented.SegmentedRaftLogWorker (SegmentedRaftLogWorker.java:lambda$new$0(133)) - 65be39c6-5763-4636-a9b6-aaf36d3fe099@group-2F663AC5F006-SegmentedRaftLogWorker: safeCacheEvictIndex: setUnconditionally 0 -> -1
2021-08-26 17:31:45,069 [pool-169-thread-1] INFO  server.RaftServerConfigKeys (ConfUtils.java:logGet(44)) - raft.server.snapshot.auto.trigger.enabled = true (custom)
2021-08-26 17:31:45,069 [pool-169-thread-1] INFO  server.RaftServerConfigKeys (ConfUtils.java:logGet(44)) - raft.server.snapshot.auto.trigger.threshold = 10000 (custom)
2021-08-26 17:31:45,069 [pool-169-thread-1] INFO  server.RaftServerConfigKeys (ConfUtils.java:logGet(44)) - raft.server.snapshot.retention.file.num = 5 (custom)
2021-08-26 17:31:45,070 [pool-169-thread-1] INFO  server.RaftServerConfigKeys (ConfUtils.java:logGet(44)) - raft.server.log.purge.upto.snapshot.index = false (default)
2021-08-26 17:31:45,070 [pool-169-thread-1] INFO  server.RaftServerConfigKeys (ConfUtils.java:logGet(44)) - raft.server.retrycache.expirytime = 600000ms (custom)
2021-08-26 17:31:45,070 [pool-169-thread-1] INFO  server.RaftServerConfigKeys (ConfUtils.java:logGet(44)) - raft.server.retrycache.statistics.expirytime = 100μs (default)
2021-08-26 17:31:45,072 [pool-169-thread-1] INFO  server.RaftServer$Division (RaftServerImpl.java:start(296)) - 65be39c6-5763-4636-a9b6-aaf36d3fe099@group-2F663AC5F006: start as a follower, conf=-1: [65be39c6-5763-4636-a9b6-aaf36d3fe099|rpc:10.1.0.42:44293|priority:1], old=null
2021-08-26 17:31:45,072 [pool-169-thread-1] INFO  server.RaftServer$Division (RaftServerImpl.java:setRole(285)) - 65be39c6-5763-4636-a9b6-aaf36d3fe099@group-2F663AC5F006: changes role from      null to FOLLOWER at term 0 for startAsFollower
2021-08-26 17:31:45,072 [pool-169-thread-1] INFO  impl.RoleInfo (RoleInfo.java:updateAndGet(130)) - 65be39c6-5763-4636-a9b6-aaf36d3fe099: start 65be39c6-5763-4636-a9b6-aaf36d3fe099@group-2F663AC5F006-FollowerState
2021-08-26 17:31:45,074 [pool-169-thread-1] INFO  util.JmxRegister (JmxRegister.java:tryRegister(44)) - Successfully registered JMX Bean with object name Ratis:service=RaftServer,group=group-2F663AC5F006,id=65be39c6-5763-4636-a9b6-aaf36d3fe099
2021-08-26 17:31:45,076 [Command processor thread] INFO  ratis.XceiverServerRatis (XceiverServerRatis.java:addGroup(763)) - Created group PipelineID=a20983d8-2902-4668-8b1a-2f663ac5f006
2021-08-26 17:31:45,076 [Command processor thread] INFO  commandhandler.CreatePipelineCommandHandler (CreatePipelineCommandHandler.java:handle(106)) - Created Pipeline RATIS ONE PipelineID=a20983d8-2902-4668-8b1a-2f663ac5f006.
2021-08-26 17:31:46,054 [Listener at 127.0.0.1/35991] INFO  ozone.MiniOzoneClusterImpl (MiniOzoneClusterImpl.java:lambda$waitForClusterToBeReady$0(235)) - Nodes are ready. Got 7 of 7 DN Heartbeats.
2021-08-26 17:31:46,054 [Listener at 127.0.0.1/35991] INFO  ozone.MiniOzoneClusterImpl (MiniOzoneClusterImpl.java:lambda$waitForClusterToBeReady$0(238)) - Waiting for cluster to exit safe mode
2021-08-26 17:31:46,054 [Listener at 127.0.0.1/35991] INFO  ozone.MiniOzoneClusterImpl (MiniOzoneClusterImpl.java:lambda$waitForClusterToBeReady$0(240)) - SCM became leader
2021-08-26 17:31:47,055 [Listener at 127.0.0.1/35991] INFO  ozone.MiniOzoneClusterImpl (MiniOzoneClusterImpl.java:lambda$waitForClusterToBeReady$0(235)) - Nodes are ready. Got 7 of 7 DN Heartbeats.
2021-08-26 17:31:47,055 [Listener at 127.0.0.1/35991] INFO  ozone.MiniOzoneClusterImpl (MiniOzoneClusterImpl.java:lambda$waitForClusterToBeReady$0(238)) - Waiting for cluster to exit safe mode
2021-08-26 17:31:47,055 [Listener at 127.0.0.1/35991] INFO  ozone.MiniOzoneClusterImpl (MiniOzoneClusterImpl.java:lambda$waitForClusterToBeReady$0(240)) - SCM became leader
2021-08-26 17:31:48,055 [Listener at 127.0.0.1/35991] INFO  ozone.MiniOzoneClusterImpl (MiniOzoneClusterImpl.java:lambda$waitForClusterToBeReady$0(235)) - Nodes are ready. Got 7 of 7 DN Heartbeats.
2021-08-26 17:31:48,055 [Listener at 127.0.0.1/35991] INFO  ozone.MiniOzoneClusterImpl (MiniOzoneClusterImpl.java:lambda$waitForClusterToBeReady$0(238)) - Waiting for cluster to exit safe mode
2021-08-26 17:31:48,056 [Listener at 127.0.0.1/35991] INFO  ozone.MiniOzoneClusterImpl (MiniOzoneClusterImpl.java:lambda$waitForClusterToBeReady$0(240)) - SCM became leader
2021-08-26 17:31:48,536 [648ce8fc-720e-401e-ac80-e1f8bda9cb96@group-13D014E1FF78-FollowerState] INFO  impl.FollowerState (FollowerState.java:run(134)) - 648ce8fc-720e-401e-ac80-e1f8bda9cb96@group-13D014E1FF78-FollowerState: change to CANDIDATE, lastRpcElapsedTime:5029206752ns, electionTimeout:5025ms
2021-08-26 17:31:48,536 [648ce8fc-720e-401e-ac80-e1f8bda9cb96@group-13D014E1FF78-FollowerState] INFO  impl.RoleInfo (RoleInfo.java:shutdownFollowerState(108)) - 648ce8fc-720e-401e-ac80-e1f8bda9cb96: shutdown 648ce8fc-720e-401e-ac80-e1f8bda9cb96@group-13D014E1FF78-FollowerState
2021-08-26 17:31:48,536 [648ce8fc-720e-401e-ac80-e1f8bda9cb96@group-13D014E1FF78-FollowerState] INFO  server.RaftServer$Division (RaftServerImpl.java:setRole(285)) - 648ce8fc-720e-401e-ac80-e1f8bda9cb96@group-13D014E1FF78: changes role from  FOLLOWER to CANDIDATE at term 0 for changeToCandidate
2021-08-26 17:31:48,537 [648ce8fc-720e-401e-ac80-e1f8bda9cb96@group-13D014E1FF78-FollowerState] INFO  server.RaftServerConfigKeys (ConfUtils.java:logGet(44)) - raft.server.leaderelection.pre-vote = false (custom)
2021-08-26 17:31:48,537 [648ce8fc-720e-401e-ac80-e1f8bda9cb96@group-13D014E1FF78-FollowerState] INFO  impl.RoleInfo (RoleInfo.java:updateAndGet(130)) - 648ce8fc-720e-401e-ac80-e1f8bda9cb96: start 648ce8fc-720e-401e-ac80-e1f8bda9cb96@group-13D014E1FF78-LeaderElection2
2021-08-26 17:31:48,539 [648ce8fc-720e-401e-ac80-e1f8bda9cb96@group-13D014E1FF78-LeaderElection2] INFO  impl.LeaderElection (LeaderElection.java:askForVotes(306)) - 648ce8fc-720e-401e-ac80-e1f8bda9cb96@group-13D014E1FF78-LeaderElection2 ELECTION round 0: submit vote requests at term 1 for -1: [648ce8fc-720e-401e-ac80-e1f8bda9cb96|rpc:10.1.0.42:35647|priority:1, 8937ce5d-1b80-47aa-9c38-ca8400d40bb7|rpc:10.1.0.42:36751|priority:0, 599d22f6-71b6-4f75-a803-0445b42d232b|rpc:10.1.0.42:34993|priority:0], old=null
2021-08-26 17:31:48,565 [648ce8fc-720e-401e-ac80-e1f8bda9cb96@group-BB297A2CE972-FollowerState] INFO  impl.FollowerState (FollowerState.java:run(134)) - 648ce8fc-720e-401e-ac80-e1f8bda9cb96@group-BB297A2CE972-FollowerState: change to CANDIDATE, lastRpcElapsedTime:5148191291ns, electionTimeout:5134ms
2021-08-26 17:31:48,566 [648ce8fc-720e-401e-ac80-e1f8bda9cb96@group-BB297A2CE972-FollowerState] INFO  impl.RoleInfo (RoleInfo.java:shutdownFollowerState(108)) - 648ce8fc-720e-401e-ac80-e1f8bda9cb96: shutdown 648ce8fc-720e-401e-ac80-e1f8bda9cb96@group-BB297A2CE972-FollowerState
2021-08-26 17:31:48,566 [648ce8fc-720e-401e-ac80-e1f8bda9cb96@group-BB297A2CE972-FollowerState] INFO  server.RaftServer$Division (RaftServerImpl.java:setRole(285)) - 648ce8fc-720e-401e-ac80-e1f8bda9cb96@group-BB297A2CE972: changes role from  FOLLOWER to CANDIDATE at term 0 for changeToCandidate
2021-08-26 17:31:48,566 [648ce8fc-720e-401e-ac80-e1f8bda9cb96@group-BB297A2CE972-FollowerState] INFO  server.RaftServerConfigKeys (ConfUtils.java:logGet(44)) - raft.server.leaderelection.pre-vote = false (custom)
2021-08-26 17:31:48,566 [648ce8fc-720e-401e-ac80-e1f8bda9cb96@group-BB297A2CE972-FollowerState] INFO  impl.RoleInfo (RoleInfo.java:updateAndGet(130)) - 648ce8fc-720e-401e-ac80-e1f8bda9cb96: start 648ce8fc-720e-401e-ac80-e1f8bda9cb96@group-BB297A2CE972-LeaderElection3
2021-08-26 17:31:48,574 [grpc-default-executor-0] INFO  server.RaftServer$Division (RaftServerImpl.java:requestVote(1043)) - 599d22f6-71b6-4f75-a803-0445b42d232b@group-13D014E1FF78: receive requestVote(ELECTION, 648ce8fc-720e-401e-ac80-e1f8bda9cb96, group-13D014E1FF78, 1, (t:0, i:0))
2021-08-26 17:31:48,577 [grpc-default-executor-0] INFO  impl.VoteContext (VoteContext.java:log(48)) - 599d22f6-71b6-4f75-a803-0445b42d232b@group-13D014E1FF78-FOLLOWER: accept ELECTION from 648ce8fc-720e-401e-ac80-e1f8bda9cb96: our priority 0 <= candidate's priority 1
2021-08-26 17:31:48,577 [grpc-default-executor-0] INFO  server.RaftServer$Division (RaftServerImpl.java:setRole(285)) - 599d22f6-71b6-4f75-a803-0445b42d232b@group-13D014E1FF78: changes role from  FOLLOWER to FOLLOWER at term 1 for candidate:648ce8fc-720e-401e-ac80-e1f8bda9cb96
2021-08-26 17:31:48,577 [grpc-default-executor-0] INFO  impl.RoleInfo (RoleInfo.java:shutdownFollowerState(108)) - 599d22f6-71b6-4f75-a803-0445b42d232b: shutdown 599d22f6-71b6-4f75-a803-0445b42d232b@group-13D014E1FF78-FollowerState
2021-08-26 17:31:48,577 [grpc-default-executor-0] INFO  impl.RoleInfo (RoleInfo.java:updateAndGet(130)) - 599d22f6-71b6-4f75-a803-0445b42d232b: start 599d22f6-71b6-4f75-a803-0445b42d232b@group-13D014E1FF78-FollowerState
2021-08-26 17:31:48,578 [599d22f6-71b6-4f75-a803-0445b42d232b@group-13D014E1FF78-FollowerState] INFO  impl.FollowerState (FollowerState.java:run(143)) - 599d22f6-71b6-4f75-a803-0445b42d232b@group-13D014E1FF78-FollowerState was interrupted: {}
java.lang.InterruptedException: sleep interrupted
	at java.lang.Thread.sleep(Native Method)
	at java.lang.Thread.sleep(Thread.java:340)
	at java.util.concurrent.TimeUnit.sleep(TimeUnit.java:386)
	at org.apache.ratis.util.TimeDuration.sleep(TimeDuration.java:324)
	at org.apache.ratis.util.TimeDuration.sleep(TimeDuration.java:309)
	at org.apache.ratis.server.impl.FollowerState.run(FollowerState.java:118)
2021-08-26 17:31:48,579 [grpc-default-executor-1] INFO  server.RaftServer$Division (RaftServerImpl.java:requestVote(1043)) - 8937ce5d-1b80-47aa-9c38-ca8400d40bb7@group-13D014E1FF78: receive requestVote(ELECTION, 648ce8fc-720e-401e-ac80-e1f8bda9cb96, group-13D014E1FF78, 1, (t:0, i:0))
2021-08-26 17:31:48,579 [grpc-default-executor-1] INFO  impl.VoteContext (VoteContext.java:log(48)) - 8937ce5d-1b80-47aa-9c38-ca8400d40bb7@group-13D014E1FF78-FOLLOWER: accept ELECTION from 648ce8fc-720e-401e-ac80-e1f8bda9cb96: our priority 0 <= candidate's priority 1
2021-08-26 17:31:48,581 [grpc-default-executor-1] INFO  server.RaftServer$Division (RaftServerImpl.java:setRole(285)) - 8937ce5d-1b80-47aa-9c38-ca8400d40bb7@group-13D014E1FF78: changes role from  FOLLOWER to FOLLOWER at term 1 for candidate:648ce8fc-720e-401e-ac80-e1f8bda9cb96
2021-08-26 17:31:48,581 [grpc-default-executor-1] INFO  impl.RoleInfo (RoleInfo.java:shutdownFollowerState(108)) - 8937ce5d-1b80-47aa-9c38-ca8400d40bb7: shutdown 8937ce5d-1b80-47aa-9c38-ca8400d40bb7@group-13D014E1FF78-FollowerState
2021-08-26 17:31:48,581 [grpc-default-executor-1] INFO  impl.RoleInfo (RoleInfo.java:updateAndGet(130)) - 8937ce5d-1b80-47aa-9c38-ca8400d40bb7: start 8937ce5d-1b80-47aa-9c38-ca8400d40bb7@group-13D014E1FF78-FollowerState
2021-08-26 17:31:48,582 [8937ce5d-1b80-47aa-9c38-ca8400d40bb7@group-13D014E1FF78-FollowerState] INFO  impl.FollowerState (FollowerState.java:run(143)) - 8937ce5d-1b80-47aa-9c38-ca8400d40bb7@group-13D014E1FF78-FollowerState was interrupted: {}
java.lang.InterruptedException: sleep interrupted
	at java.lang.Thread.sleep(Native Method)
	at java.lang.Thread.sleep(Thread.java:340)
	at java.util.concurrent.TimeUnit.sleep(TimeUnit.java:386)
	at org.apache.ratis.util.TimeDuration.sleep(TimeDuration.java:324)
	at org.apache.ratis.util.TimeDuration.sleep(TimeDuration.java:309)
	at org.apache.ratis.server.impl.FollowerState.run(FollowerState.java:118)
2021-08-26 17:31:48,592 [648ce8fc-720e-401e-ac80-e1f8bda9cb96@group-BB297A2CE972-LeaderElection3] INFO  impl.LeaderElection (LeaderElection.java:askForVotes(306)) - 648ce8fc-720e-401e-ac80-e1f8bda9cb96@group-BB297A2CE972-LeaderElection3 ELECTION round 0: submit vote requests at term 1 for -1: [648ce8fc-720e-401e-ac80-e1f8bda9cb96|rpc:10.1.0.42:35647|priority:1], old=null
2021-08-26 17:31:48,592 [648ce8fc-720e-401e-ac80-e1f8bda9cb96@group-BB297A2CE972-LeaderElection3] INFO  impl.LeaderElection (LeaderElection.java:askForVotes(308)) - 648ce8fc-720e-401e-ac80-e1f8bda9cb96@group-BB297A2CE972-LeaderElection3 ELECTION round 0: result PASSED (term=1)
2021-08-26 17:31:48,592 [648ce8fc-720e-401e-ac80-e1f8bda9cb96@group-BB297A2CE972-LeaderElection3] INFO  impl.RoleInfo (RoleInfo.java:shutdownLeaderElection(121)) - 648ce8fc-720e-401e-ac80-e1f8bda9cb96: shutdown 648ce8fc-720e-401e-ac80-e1f8bda9cb96@group-BB297A2CE972-LeaderElection3
2021-08-26 17:31:48,592 [648ce8fc-720e-401e-ac80-e1f8bda9cb96@group-BB297A2CE972-LeaderElection3] INFO  server.RaftServer$Division (RaftServerImpl.java:setRole(285)) - 648ce8fc-720e-401e-ac80-e1f8bda9cb96@group-BB297A2CE972: changes role from CANDIDATE to LEADER at term 1 for changeToLeader
2021-08-26 17:31:48,593 [648ce8fc-720e-401e-ac80-e1f8bda9cb96@group-BB297A2CE972-LeaderElection3] INFO  ratis.XceiverServerRatis (XceiverServerRatis.java:handleLeaderChangedNotification(861)) - Leader change notification received for group: group-BB297A2CE972 with new leaderId: 648ce8fc-720e-401e-ac80-e1f8bda9cb96
2021-08-26 17:31:48,593 [648ce8fc-720e-401e-ac80-e1f8bda9cb96@group-BB297A2CE972-LeaderElection3] INFO  server.RaftServer$Division (ServerState.java:setLeader(285)) - 648ce8fc-720e-401e-ac80-e1f8bda9cb96@group-BB297A2CE972: change Leader from null to 648ce8fc-720e-401e-ac80-e1f8bda9cb96 at term 1 for becomeLeader, leader elected after 5187ms
2021-08-26 17:31:48,593 [648ce8fc-720e-401e-ac80-e1f8bda9cb96@group-BB297A2CE972-LeaderElection3] INFO  server.RaftServerConfigKeys (ConfUtils.java:logGet(44)) - raft.server.staging.catchup.gap = 1000 (default)
2021-08-26 17:31:48,595 [EventQueue-OpenPipelineForHealthyPipelineSafeModeRule] INFO  safemode.SCMSafeModeManager (HealthyPipelineSafeModeRule.java:process(124)) - SCM in safe mode. Healthy pipelines reported count is 0, required healthy pipeline reported count is 1
2021-08-26 17:31:48,595 [648ce8fc-720e-401e-ac80-e1f8bda9cb96@group-BB297A2CE972-LeaderElection3] INFO  server.RaftServerConfigKeys (ConfUtils.java:logGet(44)) - raft.server.write.element-limit = 1024 (custom)
2021-08-26 17:31:48,597 [648ce8fc-720e-401e-ac80-e1f8bda9cb96@group-BB297A2CE972-LeaderElection3] INFO  server.RaftServerConfigKeys (ConfUtils.java:logGet(44)) - raft.server.write.byte-limit = 1024 M (=1073741824) (custom)
2021-08-26 17:31:48,597 [grpc-default-executor-1] INFO  server.RaftServer$Division (RaftServerImpl.java:requestVote(1075)) - 8937ce5d-1b80-47aa-9c38-ca8400d40bb7@group-13D014E1FF78 replies to ELECTION vote request: 648ce8fc-720e-401e-ac80-e1f8bda9cb96<-8937ce5d-1b80-47aa-9c38-ca8400d40bb7#0:OK-t1. Peer's state: 8937ce5d-1b80-47aa-9c38-ca8400d40bb7@group-13D014E1FF78:t1, leader=null, voted=648ce8fc-720e-401e-ac80-e1f8bda9cb96, raftlog=8937ce5d-1b80-47aa-9c38-ca8400d40bb7@group-13D014E1FF78-SegmentedRaftLog:OPENED:c-1,f-1,i0, conf=-1: [648ce8fc-720e-401e-ac80-e1f8bda9cb96|rpc:10.1.0.42:35647|dataStream:|priority:1, 8937ce5d-1b80-47aa-9c38-ca8400d40bb7|rpc:10.1.0.42:36751|dataStream:|priority:0, 599d22f6-71b6-4f75-a803-0445b42d232b|rpc:10.1.0.42:34993|dataStream:|priority:0], old=null
2021-08-26 17:31:48,597 [648ce8fc-720e-401e-ac80-e1f8bda9cb96@group-BB297A2CE972-LeaderElection3] INFO  server.RaftServerConfigKeys (ConfUtils.java:logGet(44)) - raft.server.watch.timeout = 3000ms (custom)
2021-08-26 17:31:48,599 [648ce8fc-720e-401e-ac80-e1f8bda9cb96@group-BB297A2CE972-LeaderElection3] INFO  server.RaftServerConfigKeys (ConfUtils.java:logGet(44)) - raft.server.watch.timeout.denomination = 1s (default)
2021-08-26 17:31:48,599 [648ce8fc-720e-401e-ac80-e1f8bda9cb96@group-BB297A2CE972-LeaderElection3] INFO  server.RaftServerConfigKeys (ConfUtils.java:logGet(44)) - raft.server.watch.element-limit = 65536 (default)
2021-08-26 17:31:48,599 [648ce8fc-720e-401e-ac80-e1f8bda9cb96@group-BB297A2CE972-LeaderElection3] INFO  impl.RoleInfo (RoleInfo.java:updateAndGet(130)) - 648ce8fc-720e-401e-ac80-e1f8bda9cb96: start 648ce8fc-720e-401e-ac80-e1f8bda9cb96@group-BB297A2CE972-LeaderStateImpl
2021-08-26 17:31:48,599 [648ce8fc-720e-401e-ac80-e1f8bda9cb96@group-BB297A2CE972-LeaderElection3] INFO  segmented.SegmentedRaftLogWorker (SegmentedRaftLogWorker.java:startLogSegment(394)) - 648ce8fc-720e-401e-ac80-e1f8bda9cb96@group-BB297A2CE972-SegmentedRaftLogWorker: Starting segment from index:0
2021-08-26 17:31:48,600 [grpc-default-executor-0] INFO  server.RaftServer$Division (RaftServerImpl.java:requestVote(1075)) - 599d22f6-71b6-4f75-a803-0445b42d232b@group-13D014E1FF78 replies to ELECTION vote request: 648ce8fc-720e-401e-ac80-e1f8bda9cb96<-599d22f6-71b6-4f75-a803-0445b42d232b#0:OK-t1. Peer's state: 599d22f6-71b6-4f75-a803-0445b42d232b@group-13D014E1FF78:t1, leader=null, voted=648ce8fc-720e-401e-ac80-e1f8bda9cb96, raftlog=599d22f6-71b6-4f75-a803-0445b42d232b@group-13D014E1FF78-SegmentedRaftLog:OPENED:c-1,f-1,i0, conf=-1: [648ce8fc-720e-401e-ac80-e1f8bda9cb96|rpc:10.1.0.42:35647|priority:1, 8937ce5d-1b80-47aa-9c38-ca8400d40bb7|rpc:10.1.0.42:36751|priority:0, 599d22f6-71b6-4f75-a803-0445b42d232b|rpc:10.1.0.42:34993|priority:0], old=null
2021-08-26 17:31:48,607 [648ce8fc-720e-401e-ac80-e1f8bda9cb96@group-BB297A2CE972-LeaderElection3] INFO  server.RaftServer$Division (ServerState.java:setRaftConf(387)) - 648ce8fc-720e-401e-ac80-e1f8bda9cb96@group-BB297A2CE972: set configuration 0: [648ce8fc-720e-401e-ac80-e1f8bda9cb96|rpc:10.1.0.42:35647|dataStream:|priority:1], old=null
2021-08-26 17:31:48,608 [648ce8fc-720e-401e-ac80-e1f8bda9cb96@group-13D014E1FF78-LeaderElection2] INFO  impl.LeaderElection (LeaderElection.java:logAndReturn(89)) - 648ce8fc-720e-401e-ac80-e1f8bda9cb96@group-13D014E1FF78-LeaderElection2: ELECTION PASSED received 1 response(s) and 0 exception(s):
2021-08-26 17:31:48,609 [648ce8fc-720e-401e-ac80-e1f8bda9cb96@group-13D014E1FF78-LeaderElection2] INFO  impl.LeaderElection (LeaderElection.java:logAndReturn(93)) -   Response 0: 648ce8fc-720e-401e-ac80-e1f8bda9cb96<-8937ce5d-1b80-47aa-9c38-ca8400d40bb7#0:OK-t1
2021-08-26 17:31:48,610 [648ce8fc-720e-401e-ac80-e1f8bda9cb96@group-13D014E1FF78-LeaderElection2] INFO  impl.LeaderElection (LeaderElection.java:askForVotes(308)) - 648ce8fc-720e-401e-ac80-e1f8bda9cb96@group-13D014E1FF78-LeaderElection2 ELECTION round 0: result PASSED
2021-08-26 17:31:48,610 [648ce8fc-720e-401e-ac80-e1f8bda9cb96@group-13D014E1FF78-LeaderElection2] INFO  impl.RoleInfo (RoleInfo.java:shutdownLeaderElection(121)) - 648ce8fc-720e-401e-ac80-e1f8bda9cb96: shutdown 648ce8fc-720e-401e-ac80-e1f8bda9cb96@group-13D014E1FF78-LeaderElection2
2021-08-26 17:31:48,610 [648ce8fc-720e-401e-ac80-e1f8bda9cb96@group-13D014E1FF78-LeaderElection2] INFO  server.RaftServer$Division (RaftServerImpl.java:setRole(285)) - 648ce8fc-720e-401e-ac80-e1f8bda9cb96@group-13D014E1FF78: changes role from CANDIDATE to LEADER at term 1 for changeToLeader
2021-08-26 17:31:48,610 [648ce8fc-720e-401e-ac80-e1f8bda9cb96@group-13D014E1FF78-LeaderElection2] INFO  ratis.XceiverServerRatis (XceiverServerRatis.java:handleLeaderChangedNotification(861)) - Leader change notification received for group: group-13D014E1FF78 with new leaderId: 648ce8fc-720e-401e-ac80-e1f8bda9cb96
2021-08-26 17:31:48,609 [648ce8fc-720e-401e-ac80-e1f8bda9cb96@group-BB297A2CE972-SegmentedRaftLogWorker] INFO  segmented.SegmentedRaftLogWorker (SegmentedRaftLogWorker.java:execute(601)) - 648ce8fc-720e-401e-ac80-e1f8bda9cb96@group-BB297A2CE972-SegmentedRaftLogWorker: created new log segment /home/runner/work/ozone/ozone/hadoop-ozone/integration-test/target/test-dir/MiniOzoneClusterImpl-daa96565-427e-4fca-a993-08525edc6fa6/datanode-0/data/ratis/54d415b5-08ab-4600-903e-bb297a2ce972/current/log_inprogress_0
2021-08-26 17:31:48,612 [648ce8fc-720e-401e-ac80-e1f8bda9cb96@group-13D014E1FF78-LeaderElection2] INFO  server.RaftServer$Division (ServerState.java:setLeader(285)) - 648ce8fc-720e-401e-ac80-e1f8bda9cb96@group-13D014E1FF78: change Leader from null to 648ce8fc-720e-401e-ac80-e1f8bda9cb96 at term 1 for becomeLeader, leader elected after 5142ms
2021-08-26 17:31:48,613 [648ce8fc-720e-401e-ac80-e1f8bda9cb96@group-13D014E1FF78-LeaderElection2] INFO  server.RaftServerConfigKeys (ConfUtils.java:logGet(44)) - raft.server.staging.catchup.gap = 1000 (default)
2021-08-26 17:31:48,613 [Datanode State Machine Thread - 0] WARN  statemachine.StateContext (StateContext.java:execute(621)) - No available thread in pool for past 1 seconds.
2021-08-26 17:31:48,613 [648ce8fc-720e-401e-ac80-e1f8bda9cb96@group-13D014E1FF78-LeaderElection2] INFO  server.RaftServerConfigKeys (ConfUtils.java:logGet(44)) - raft.server.write.element-limit = 1024 (custom)
2021-08-26 17:31:48,613 [648ce8fc-720e-401e-ac80-e1f8bda9cb96@group-13D014E1FF78-LeaderElection2] INFO  server.RaftServerConfigKeys (ConfUtils.java:logGet(44)) - raft.server.write.byte-limit = 1024 M (=1073741824) (custom)
2021-08-26 17:31:48,613 [648ce8fc-720e-401e-ac80-e1f8bda9cb96@group-13D014E1FF78-LeaderElection2] INFO  server.RaftServerConfigKeys (ConfUtils.java:logGet(44)) - raft.server.watch.timeout = 3000ms (custom)
2021-08-26 17:31:48,613 [648ce8fc-720e-401e-ac80-e1f8bda9cb96@group-13D014E1FF78-LeaderElection2] INFO  server.RaftServerConfigKeys (ConfUtils.java:logGet(44)) - raft.server.watch.timeout.denomination = 1s (default)
2021-08-26 17:31:48,613 [648ce8fc-720e-401e-ac80-e1f8bda9cb96@group-13D014E1FF78-LeaderElection2] INFO  server.RaftServerConfigKeys (ConfUtils.java:logGet(44)) - raft.server.watch.element-limit = 65536 (default)
2021-08-26 17:31:48,617 [EventQueue-PipelineReportForPipelineReportHandler] INFO  pipeline.PipelineManagerImpl (PipelineManagerImpl.java:openPipeline(282)) - Pipeline Pipeline[ Id: 1aabbb7e-a3ac-494e-966c-13d014e1ff78, Nodes: 648ce8fc-720e-401e-ac80-e1f8bda9cb96{ip: 10.1.0.42, host: fv-az122-729.zf1tlrj3kn4expqppa1j4mpycf.xx.internal.cloudapp.net, ports: [REPLICATION=45165, RATIS=35647, RATIS_ADMIN=35647, RATIS_SERVER=35647, STANDALONE=33527], networkLocation: /default-rack, certSerialId: null, persistedOpState: IN_SERVICE, persistedOpStateExpiryEpochSec: 0}599d22f6-71b6-4f75-a803-0445b42d232b{ip: 10.1.0.42, host: fv-az122-729.zf1tlrj3kn4expqppa1j4mpycf.xx.internal.cloudapp.net, ports: [REPLICATION=36909, RATIS=34993, RATIS_ADMIN=34993, RATIS_SERVER=34993, STANDALONE=41961], networkLocation: /default-rack, certSerialId: null, persistedOpState: IN_SERVICE, persistedOpStateExpiryEpochSec: 0}8937ce5d-1b80-47aa-9c38-ca8400d40bb7{ip: 10.1.0.42, host: fv-az122-729.zf1tlrj3kn4expqppa1j4mpycf.xx.internal.cloudapp.net, ports: [REPLICATION=39625, RATIS=36751, RATIS_ADMIN=36751, RATIS_SERVER=36751, STANDALONE=41941], networkLocation: /default-rack, certSerialId: null, persistedOpState: IN_SERVICE, persistedOpStateExpiryEpochSec: 0}, ReplicationConfig: RATIS/THREE, State:ALLOCATED, leaderId:648ce8fc-720e-401e-ac80-e1f8bda9cb96, CreationTimestamp2021-08-26T17:31:41.252Z[Etc/UTC]] moved to OPEN state
2021-08-26 17:31:48,617 [EventQueue-OpenPipelineForHealthyPipelineSafeModeRule] INFO  safemode.SCMSafeModeManager (HealthyPipelineSafeModeRule.java:process(124)) - SCM in safe mode. Healthy pipelines reported count is 1, required healthy pipeline reported count is 1
2021-08-26 17:31:48,617 [EventQueue-OpenPipelineForHealthyPipelineSafeModeRule] INFO  safemode.SCMSafeModeManager (SCMSafeModeManager.java:validateSafeModeExitRules(204)) - HealthyPipelineSafeModeRule rule is successfully validated
2021-08-26 17:31:48,618 [EventQueue-OpenPipelineForHealthyPipelineSafeModeRule] INFO  safemode.SCMSafeModeManager (SCMSafeModeManager.java:validateSafeModeExitRules(219)) - ScmSafeModeManager, all rules are successfully validated
2021-08-26 17:31:48,618 [EventQueue-OpenPipelineForHealthyPipelineSafeModeRule] INFO  safemode.SCMSafeModeManager (SCMSafeModeManager.java:exitSafeMode(248)) - SCM exiting safe mode.
2021-08-26 17:31:48,618 [EventQueue-OpenPipelineForHealthyPipelineSafeModeRule] WARN  events.EventQueue (EventQueue.java:fireEvent(194)) - No event handler registered for event TypedEvent{payloadType=SafeModeStatus, name='Safe mode status'}
2021-08-26 17:31:48,618 [EventQueue-OpenPipelineForHealthyPipelineSafeModeRule] INFO  ha.SCMContext (SCMContext.java:updateSafeModeStatus(205)) - Update SafeModeStatus from SafeModeStatus{safeModeStatus=true, preCheckPassed=true} to SafeModeStatus{safeModeStatus=false, preCheckPassed=true}.
2021-08-26 17:31:48,618 [EventQueue-OpenPipelineForHealthyPipelineSafeModeRule] INFO  pipeline.BackgroundPipelineCreator (BackgroundPipelineCreatorV2.java:notifyStatusChanged(264)) - Service BackgroundPipelineCreator transitions to RUNNING.
2021-08-26 17:31:48,618 [EventQueue-OpenPipelineForHealthyPipelineSafeModeRule] INFO  container.ReplicationManager (ReplicationManager.java:notifyStatusChanged(1722)) - Service ReplicationManager transitions to RUNNING.
2021-08-26 17:31:48,622 [648ce8fc-720e-401e-ac80-e1f8bda9cb96@group-13D014E1FF78-LeaderElection2] INFO  server.RaftServerConfigKeys (ConfUtils.java:logGet(44)) - raft.server.log.appender.snapshot.chunk.size.max = 16MB (=16777216) (default)
2021-08-26 17:31:48,623 [648ce8fc-720e-401e-ac80-e1f8bda9cb96@group-13D014E1FF78-LeaderElection2] INFO  server.RaftServerConfigKeys (ConfUtils.java:logGet(44)) - raft.server.log.appender.buffer.byte-limit = 33554432 (custom)
2021-08-26 17:31:48,623 [648ce8fc-720e-401e-ac80-e1f8bda9cb96@group-13D014E1FF78-LeaderElection2] INFO  server.RaftServerConfigKeys (ConfUtils.java:logGet(44)) - raft.server.log.appender.buffer.element-limit = 1 (custom)
2021-08-26 17:31:48,626 [648ce8fc-720e-401e-ac80-e1f8bda9cb96@group-13D014E1FF78-LeaderElection2] INFO  grpc.GrpcConfigKeys (ConfUtils.java:logGet(44)) - raft.grpc.server.leader.outstanding.appends.max = 128 (default)
2021-08-26 17:31:48,627 [648ce8fc-720e-401e-ac80-e1f8bda9cb96@group-13D014E1FF78-LeaderElection2] INFO  server.RaftServerConfigKeys (ConfUtils.java:logGet(44)) - raft.server.rpc.request.timeout = 3000ms (default)
2021-08-26 17:31:48,627 [648ce8fc-720e-401e-ac80-e1f8bda9cb96@group-13D014E1FF78-LeaderElection2] INFO  server.RaftServerConfigKeys (ConfUtils.java:logGet(44)) - raft.server.log.appender.install.snapshot.enabled = false (custom)
2021-08-26 17:31:48,633 [648ce8fc-720e-401e-ac80-e1f8bda9cb96@group-13D014E1FF78-LeaderElection2] INFO  server.RaftServerConfigKeys (ConfUtils.java:logGet(44)) - raft.server.log.appender.snapshot.chunk.size.max = 16MB (=16777216) (default)
2021-08-26 17:31:48,633 [648ce8fc-720e-401e-ac80-e1f8bda9cb96@group-13D014E1FF78-LeaderElection2] INFO  server.RaftServerConfigKeys (ConfUtils.java:logGet(44)) - raft.server.log.appender.buffer.byte-limit = 33554432 (custom)
2021-08-26 17:31:48,633 [648ce8fc-720e-401e-ac80-e1f8bda9cb96@group-13D014E1FF78-LeaderElection2] INFO  server.RaftServerConfigKeys (ConfUtils.java:logGet(44)) - raft.server.log.appender.buffer.element-limit = 1 (custom)
2021-08-26 17:31:48,633 [648ce8fc-720e-401e-ac80-e1f8bda9cb96@group-13D014E1FF78-LeaderElection2] INFO  grpc.GrpcConfigKeys (ConfUtils.java:logGet(44)) - raft.grpc.server.leader.outstanding.appends.max = 128 (default)
2021-08-26 17:31:48,634 [648ce8fc-720e-401e-ac80-e1f8bda9cb96@group-13D014E1FF78-LeaderElection2] INFO  server.RaftServerConfigKeys (ConfUtils.java:logGet(44)) - raft.server.rpc.request.timeout = 3000ms (default)
2021-08-26 17:31:48,634 [648ce8fc-720e-401e-ac80-e1f8bda9cb96@group-13D014E1FF78-LeaderElection2] INFO  server.RaftServerConfigKeys (ConfUtils.java:logGet(44)) - raft.server.log.appender.install.snapshot.enabled = false (custom)
2021-08-26 17:31:48,638 [648ce8fc-720e-401e-ac80-e1f8bda9cb96@group-13D014E1FF78-LeaderElection2] INFO  impl.RoleInfo (RoleInfo.java:updateAndGet(130)) - 648ce8fc-720e-401e-ac80-e1f8bda9cb96: start 648ce8fc-720e-401e-ac80-e1f8bda9cb96@group-13D014E1FF78-LeaderStateImpl
2021-08-26 17:31:48,638 [648ce8fc-720e-401e-ac80-e1f8bda9cb96@group-13D014E1FF78-LeaderElection2] INFO  segmented.SegmentedRaftLogWorker (SegmentedRaftLogWorker.java:startLogSegment(394)) - 648ce8fc-720e-401e-ac80-e1f8bda9cb96@group-13D014E1FF78-SegmentedRaftLogWorker: Starting segment from index:0
2021-08-26 17:31:48,639 [648ce8fc-720e-401e-ac80-e1f8bda9cb96@group-13D014E1FF78-SegmentedRaftLogWorker] INFO  segmented.SegmentedRaftLogWorker (SegmentedRaftLogWorker.java:execute(601)) - 648ce8fc-720e-401e-ac80-e1f8bda9cb96@group-13D014E1FF78-SegmentedRaftLogWorker: created new log segment /home/runner/work/ozone/ozone/hadoop-ozone/integration-test/target/test-dir/MiniOzoneClusterImpl-daa96565-427e-4fca-a993-08525edc6fa6/datanode-0/data/ratis/1aabbb7e-a3ac-494e-966c-13d014e1ff78/current/log_inprogress_0
2021-08-26 17:31:48,644 [648ce8fc-720e-401e-ac80-e1f8bda9cb96@group-13D014E1FF78-LeaderElection2] INFO  server.RaftServer$Division (ServerState.java:setRaftConf(387)) - 648ce8fc-720e-401e-ac80-e1f8bda9cb96@group-13D014E1FF78: set configuration 0: [648ce8fc-720e-401e-ac80-e1f8bda9cb96|rpc:10.1.0.42:35647|dataStream:|priority:1, 8937ce5d-1b80-47aa-9c38-ca8400d40bb7|rpc:10.1.0.42:36751|dataStream:|priority:0, 599d22f6-71b6-4f75-a803-0445b42d232b|rpc:10.1.0.42:34993|dataStream:|priority:0], old=null
2021-08-26 17:31:48,665 [grpc-default-executor-1] INFO  ratis.XceiverServerRatis (XceiverServerRatis.java:handleLeaderChangedNotification(861)) - Leader change notification received for group: group-13D014E1FF78 with new leaderId: 648ce8fc-720e-401e-ac80-e1f8bda9cb96
2021-08-26 17:31:48,666 [grpc-default-executor-1] INFO  server.RaftServer$Division (ServerState.java:setLeader(285)) - 8937ce5d-1b80-47aa-9c38-ca8400d40bb7@group-13D014E1FF78: change Leader from null to 648ce8fc-720e-401e-ac80-e1f8bda9cb96 at term 1 for appendEntries, leader elected after 4428ms
2021-08-26 17:31:48,669 [grpc-default-executor-0] INFO  ratis.XceiverServerRatis (XceiverServerRatis.java:handleLeaderChangedNotification(861)) - Leader change notification received for group: group-13D014E1FF78 with new leaderId: 648ce8fc-720e-401e-ac80-e1f8bda9cb96
2021-08-26 17:31:48,669 [grpc-default-executor-0] INFO  server.RaftServer$Division (ServerState.java:setLeader(285)) - 599d22f6-71b6-4f75-a803-0445b42d232b@group-13D014E1FF78: change Leader from null to 648ce8fc-720e-401e-ac80-e1f8bda9cb96 at term 1 for appendEntries, leader elected after 4869ms
2021-08-26 17:31:48,689 [grpc-default-executor-0] INFO  server.RaftServer$Division (ServerState.java:setRaftConf(387)) - 599d22f6-71b6-4f75-a803-0445b42d232b@group-13D014E1FF78: set configuration 0: [648ce8fc-720e-401e-ac80-e1f8bda9cb96|rpc:10.1.0.42:35647|dataStream:|priority:1, 8937ce5d-1b80-47aa-9c38-ca8400d40bb7|rpc:10.1.0.42:36751|dataStream:|priority:0, 599d22f6-71b6-4f75-a803-0445b42d232b|rpc:10.1.0.42:34993|dataStream:|priority:0], old=null
2021-08-26 17:31:48,689 [grpc-default-executor-0] INFO  segmented.SegmentedRaftLogWorker (SegmentedRaftLogWorker.java:startLogSegment(394)) - 599d22f6-71b6-4f75-a803-0445b42d232b@group-13D014E1FF78-SegmentedRaftLogWorker: Starting segment from index:0
2021-08-26 17:31:48,693 [grpc-default-executor-1] INFO  server.RaftServer$Division (ServerState.java:setRaftConf(387)) - 8937ce5d-1b80-47aa-9c38-ca8400d40bb7@group-13D014E1FF78: set configuration 0: [648ce8fc-720e-401e-ac80-e1f8bda9cb96|rpc:10.1.0.42:35647|dataStream:|priority:1, 8937ce5d-1b80-47aa-9c38-ca8400d40bb7|rpc:10.1.0.42:36751|dataStream:|priority:0, 599d22f6-71b6-4f75-a803-0445b42d232b|rpc:10.1.0.42:34993|dataStream:|priority:0], old=null
2021-08-26 17:31:48,693 [grpc-default-executor-1] INFO  segmented.SegmentedRaftLogWorker (SegmentedRaftLogWorker.java:startLogSegment(394)) - 8937ce5d-1b80-47aa-9c38-ca8400d40bb7@group-13D014E1FF78-SegmentedRaftLogWorker: Starting segment from index:0
2021-08-26 17:31:48,699 [8937ce5d-1b80-47aa-9c38-ca8400d40bb7@group-13D014E1FF78-SegmentedRaftLogWorker] INFO  segmented.SegmentedRaftLogWorker (SegmentedRaftLogWorker.java:execute(601)) - 8937ce5d-1b80-47aa-9c38-ca8400d40bb7@group-13D014E1FF78-SegmentedRaftLogWorker: created new log segment /home/runner/work/ozone/ozone/hadoop-ozone/integration-test/target/test-dir/MiniOzoneClusterImpl-daa96565-427e-4fca-a993-08525edc6fa6/datanode-2/data/ratis/1aabbb7e-a3ac-494e-966c-13d014e1ff78/current/log_inprogress_0
2021-08-26 17:31:48,710 [599d22f6-71b6-4f75-a803-0445b42d232b@group-13D014E1FF78-SegmentedRaftLogWorker] INFO  segmented.SegmentedRaftLogWorker (SegmentedRaftLogWorker.java:execute(601)) - 599d22f6-71b6-4f75-a803-0445b42d232b@group-13D014E1FF78-SegmentedRaftLogWorker: created new log segment /home/runner/work/ozone/ozone/hadoop-ozone/integration-test/target/test-dir/MiniOzoneClusterImpl-daa96565-427e-4fca-a993-08525edc6fa6/datanode-1/data/ratis/1aabbb7e-a3ac-494e-966c-13d014e1ff78/current/log_inprogress_0
2021-08-26 17:31:48,850 [599d22f6-71b6-4f75-a803-0445b42d232b@group-5E6164CAF897-FollowerState] INFO  impl.FollowerState (FollowerState.java:run(134)) - 599d22f6-71b6-4f75-a803-0445b42d232b@group-5E6164CAF897-FollowerState: change to CANDIDATE, lastRpcElapsedTime:5078652169ns, electionTimeout:5078ms
2021-08-26 17:31:48,851 [599d22f6-71b6-4f75-a803-0445b42d232b@group-5E6164CAF897-FollowerState] INFO  impl.RoleInfo (RoleInfo.java:shutdownFollowerState(108)) - 599d22f6-71b6-4f75-a803-0445b42d232b: shutdown 599d22f6-71b6-4f75-a803-0445b42d232b@group-5E6164CAF897-FollowerState
2021-08-26 17:31:48,851 [599d22f6-71b6-4f75-a803-0445b42d232b@group-5E6164CAF897-FollowerState] INFO  server.RaftServer$Division (RaftServerImpl.java:setRole(285)) - 599d22f6-71b6-4f75-a803-0445b42d232b@group-5E6164CAF897: changes role from  FOLLOWER to CANDIDATE at term 0 for changeToCandidate
2021-08-26 17:31:48,851 [599d22f6-71b6-4f75-a803-0445b42d232b@group-5E6164CAF897-FollowerState] INFO  server.RaftServerConfigKeys (ConfUtils.java:logGet(44)) - raft.server.leaderelection.pre-vote = false (custom)
2021-08-26 17:31:48,851 [599d22f6-71b6-4f75-a803-0445b42d232b@group-5E6164CAF897-FollowerState] INFO  impl.RoleInfo (RoleInfo.java:updateAndGet(130)) - 599d22f6-71b6-4f75-a803-0445b42d232b: start 599d22f6-71b6-4f75-a803-0445b42d232b@group-5E6164CAF897-LeaderElection4
2021-08-26 17:31:48,855 [599d22f6-71b6-4f75-a803-0445b42d232b@group-5E6164CAF897-LeaderElection4] INFO  impl.LeaderElection (LeaderElection.java:askForVotes(306)) - 599d22f6-71b6-4f75-a803-0445b42d232b@group-5E6164CAF897-LeaderElection4 ELECTION round 0: submit vote requests at term 1 for -1: [599d22f6-71b6-4f75-a803-0445b42d232b|rpc:10.1.0.42:34993|priority:1], old=null
2021-08-26 17:31:48,855 [599d22f6-71b6-4f75-a803-0445b42d232b@group-5E6164CAF897-LeaderElection4] INFO  impl.LeaderElection (LeaderElection.java:askForVotes(308)) - 599d22f6-71b6-4f75-a803-0445b42d232b@group-5E6164CAF897-LeaderElection4 ELECTION round 0: result PASSED (term=1)
2021-08-26 17:31:48,855 [599d22f6-71b6-4f75-a803-0445b42d232b@group-5E6164CAF897-LeaderElection4] INFO  impl.RoleInfo (RoleInfo.java:shutdownLeaderElection(121)) - 599d22f6-71b6-4f75-a803-0445b42d232b: shutdown 599d22f6-71b6-4f75-a803-0445b42d232b@group-5E6164CAF897-LeaderElection4
2021-08-26 17:31:48,855 [599d22f6-71b6-4f75-a803-0445b42d232b@group-5E6164CAF897-LeaderElection4] INFO  server.RaftServer$Division (RaftServerImpl.java:setRole(285)) - 599d22f6-71b6-4f75-a803-0445b42d232b@group-5E6164CAF897: changes role from CANDIDATE to LEADER at term 1 for changeToLeader
2021-08-26 17:31:48,855 [599d22f6-71b6-4f75-a803-0445b42d232b@group-5E6164CAF897-LeaderElection4] INFO  ratis.XceiverServerRatis (XceiverServerRatis.java:handleLeaderChangedNotification(861)) - Leader change notification received for group: group-5E6164CAF897 with new leaderId: 599d22f6-71b6-4f75-a803-0445b42d232b
2021-08-26 17:31:48,855 [599d22f6-71b6-4f75-a803-0445b42d232b@group-5E6164CAF897-LeaderElection4] INFO  server.RaftServer$Division (ServerState.java:setLeader(285)) - 599d22f6-71b6-4f75-a803-0445b42d232b@group-5E6164CAF897: change Leader from null to 599d22f6-71b6-4f75-a803-0445b42d232b at term 1 for becomeLeader, leader elected after 5100ms
2021-08-26 17:31:48,855 [599d22f6-71b6-4f75-a803-0445b42d232b@group-5E6164CAF897-LeaderElection4] INFO  server.RaftServerConfigKeys (ConfUtils.java:logGet(44)) - raft.server.staging.catchup.gap = 1000 (default)
2021-08-26 17:31:48,855 [Datanode State Machine Thread - 0] WARN  statemachine.StateContext (StateContext.java:execute(621)) - No available thread in pool for past 1 seconds.
2021-08-26 17:31:48,859 [599d22f6-71b6-4f75-a803-0445b42d232b@group-5E6164CAF897-LeaderElection4] INFO  server.RaftServerConfigKeys (ConfUtils.java:logGet(44)) - raft.server.write.element-limit = 1024 (custom)
2021-08-26 17:31:48,859 [599d22f6-71b6-4f75-a803-0445b42d232b@group-5E6164CAF897-LeaderElection4] INFO  server.RaftServerConfigKeys (ConfUtils.java:logGet(44)) - raft.server.write.byte-limit = 1024 M (=1073741824) (custom)
2021-08-26 17:31:48,859 [599d22f6-71b6-4f75-a803-0445b42d232b@group-5E6164CAF897-LeaderElection4] INFO  server.RaftServerConfigKeys (ConfUtils.java:logGet(44)) - raft.server.watch.timeout = 3000ms (custom)
2021-08-26 17:31:48,859 [599d22f6-71b6-4f75-a803-0445b42d232b@group-5E6164CAF897-LeaderElection4] INFO  server.RaftServerConfigKeys (ConfUtils.java:logGet(44)) - raft.server.watch.timeout.denomination = 1s (default)
2021-08-26 17:31:48,859 [599d22f6-71b6-4f75-a803-0445b42d232b@group-5E6164CAF897-LeaderElection4] INFO  server.RaftServerConfigKeys (ConfUtils.java:logGet(44)) - raft.server.watch.element-limit = 65536 (default)
2021-08-26 17:31:48,860 [599d22f6-71b6-4f75-a803-0445b42d232b@group-5E6164CAF897-LeaderElection4] INFO  impl.RoleInfo (RoleInfo.java:updateAndGet(130)) - 599d22f6-71b6-4f75-a803-0445b42d232b: start 599d22f6-71b6-4f75-a803-0445b42d232b@group-5E6164CAF897-LeaderStateImpl
2021-08-26 17:31:48,860 [599d22f6-71b6-4f75-a803-0445b42d232b@group-5E6164CAF897-LeaderElection4] INFO  segmented.SegmentedRaftLogWorker (SegmentedRaftLogWorker.java:startLogSegment(394)) - 599d22f6-71b6-4f75-a803-0445b42d232b@group-5E6164CAF897-SegmentedRaftLogWorker: Starting segment from index:0
2021-08-26 17:31:48,867 [599d22f6-71b6-4f75-a803-0445b42d232b@group-5E6164CAF897-LeaderElection4] INFO  server.RaftServer$Division (ServerState.java:setRaftConf(387)) - 599d22f6-71b6-4f75-a803-0445b42d232b@group-5E6164CAF897: set configuration 0: [599d22f6-71b6-4f75-a803-0445b42d232b|rpc:10.1.0.42:34993|dataStream:|priority:1], old=null
2021-08-26 17:31:48,867 [599d22f6-71b6-4f75-a803-0445b42d232b@group-5E6164CAF897-SegmentedRaftLogWorker] INFO  segmented.SegmentedRaftLogWorker (SegmentedRaftLogWorker.java:execute(601)) - 599d22f6-71b6-4f75-a803-0445b42d232b@group-5E6164CAF897-SegmentedRaftLogWorker: created new log segment /home/runner/work/ozone/ozone/hadoop-ozone/integration-test/target/test-dir/MiniOzoneClusterImpl-daa96565-427e-4fca-a993-08525edc6fa6/datanode-1/data/ratis/6e219946-39fe-496d-b19f-5e6164caf897/current/log_inprogress_0
2021-08-26 17:31:49,056 [Listener at 127.0.0.1/35991] INFO  ozone.MiniOzoneClusterImpl (MiniOzoneClusterImpl.java:lambda$waitForClusterToBeReady$0(235)) - Nodes are ready. Got 7 of 7 DN Heartbeats.
2021-08-26 17:31:49,056 [Listener at 127.0.0.1/35991] INFO  ozone.MiniOzoneClusterImpl (MiniOzoneClusterImpl.java:lambda$waitForClusterToBeReady$0(238)) - Cluster exits safe mode
2021-08-26 17:31:49,056 [Listener at 127.0.0.1/35991] INFO  ozone.MiniOzoneClusterImpl (MiniOzoneClusterImpl.java:lambda$waitForClusterToBeReady$0(240)) - SCM became leader
2021-08-26 17:31:49,358 [599d22f6-71b6-4f75-a803-0445b42d232b@group-6CDA7B53CB28-FollowerState] INFO  impl.FollowerState (FollowerState.java:run(134)) - 599d22f6-71b6-4f75-a803-0445b42d232b@group-6CDA7B53CB28-FollowerState: change to CANDIDATE, lastRpcElapsedTime:5096078977ns, electionTimeout:5089ms
2021-08-26 17:31:49,358 [599d22f6-71b6-4f75-a803-0445b42d232b@group-6CDA7B53CB28-FollowerState] INFO  impl.RoleInfo (RoleInfo.java:shutdownFollowerState(108)) - 599d22f6-71b6-4f75-a803-0445b42d232b: shutdown 599d22f6-71b6-4f75-a803-0445b42d232b@group-6CDA7B53CB28-FollowerState
2021-08-26 17:31:49,358 [599d22f6-71b6-4f75-a803-0445b42d232b@group-6CDA7B53CB28-FollowerState] INFO  server.RaftServer$Division (RaftServerImpl.java:setRole(285)) - 599d22f6-71b6-4f75-a803-0445b42d232b@group-6CDA7B53CB28: changes role from  FOLLOWER to CANDIDATE at term 0 for changeToCandidate
2021-08-26 17:31:49,358 [599d22f6-71b6-4f75-a803-0445b42d232b@group-6CDA7B53CB28-FollowerState] INFO  server.RaftServerConfigKeys (ConfUtils.java:logGet(44)) - raft.server.leaderelection.pre-vote = false (custom)
2021-08-26 17:31:49,358 [599d22f6-71b6-4f75-a803-0445b42d232b@group-6CDA7B53CB28-FollowerState] INFO  impl.RoleInfo (RoleInfo.java:updateAndGet(130)) - 599d22f6-71b6-4f75-a803-0445b42d232b: start 599d22f6-71b6-4f75-a803-0445b42d232b@group-6CDA7B53CB28-LeaderElection5
2021-08-26 17:31:49,370 [599d22f6-71b6-4f75-a803-0445b42d232b@group-6CDA7B53CB28-LeaderElection5] INFO  impl.LeaderElection (LeaderElection.java:askForVotes(306)) - 599d22f6-71b6-4f75-a803-0445b42d232b@group-6CDA7B53CB28-LeaderElection5 ELECTION round 0: submit vote requests at term 1 for -1: [648ce8fc-720e-401e-ac80-e1f8bda9cb96|rpc:10.1.0.42:35647|priority:0, 8937ce5d-1b80-47aa-9c38-ca8400d40bb7|rpc:10.1.0.42:36751|priority:0, 599d22f6-71b6-4f75-a803-0445b42d232b|rpc:10.1.0.42:34993|priority:1], old=null
2021-08-26 17:31:49,382 [grpc-default-executor-3] INFO  server.RaftServer$Division (RaftServerImpl.java:requestVote(1043)) - 648ce8fc-720e-401e-ac80-e1f8bda9cb96@group-6CDA7B53CB28: receive requestVote(ELECTION, 599d22f6-71b6-4f75-a803-0445b42d232b, group-6CDA7B53CB28, 1, (t:0, i:0))
2021-08-26 17:31:49,382 [grpc-default-executor-3] INFO  impl.VoteContext (VoteContext.java:log(48)) - 648ce8fc-720e-401e-ac80-e1f8bda9cb96@group-6CDA7B53CB28-FOLLOWER: accept ELECTION from 599d22f6-71b6-4f75-a803-0445b42d232b: our priority 0 <= candidate's priority 1
2021-08-26 17:31:49,382 [grpc-default-executor-3] INFO  server.RaftServer$Division (RaftServerImpl.java:setRole(285)) - 648ce8fc-720e-401e-ac80-e1f8bda9cb96@group-6CDA7B53CB28: changes role from  FOLLOWER to FOLLOWER at term 1 for candidate:599d22f6-71b6-4f75-a803-0445b42d232b
2021-08-26 17:31:49,382 [grpc-default-executor-3] INFO  impl.RoleInfo (RoleInfo.java:shutdownFollowerState(108)) - 648ce8fc-720e-401e-ac80-e1f8bda9cb96: shutdown 648ce8fc-720e-401e-ac80-e1f8bda9cb96@group-6CDA7B53CB28-FollowerState
2021-08-26 17:31:49,382 [grpc-default-executor-3] INFO  impl.RoleInfo (RoleInfo.java:updateAndGet(130)) - 648ce8fc-720e-401e-ac80-e1f8bda9cb96: start 648ce8fc-720e-401e-ac80-e1f8bda9cb96@group-6CDA7B53CB28-FollowerState
2021-08-26 17:31:49,382 [648ce8fc-720e-401e-ac80-e1f8bda9cb96@group-6CDA7B53CB28-FollowerState] INFO  impl.FollowerState (FollowerState.java:run(143)) - 648ce8fc-720e-401e-ac80-e1f8bda9cb96@group-6CDA7B53CB28-FollowerState was interrupted: {}
java.lang.InterruptedException: sleep interrupted
	at java.lang.Thread.sleep(Native Method)
	at java.lang.Thread.sleep(Thread.java:340)
	at java.util.concurrent.TimeUnit.sleep(TimeUnit.java:386)
	at org.apache.ratis.util.TimeDuration.sleep(TimeDuration.java:324)
	at org.apache.ratis.util.TimeDuration.sleep(TimeDuration.java:309)
	at org.apache.ratis.server.impl.FollowerState.run(FollowerState.java:118)
2021-08-26 17:31:49,389 [grpc-default-executor-3] INFO  server.RaftServer$Division (RaftServerImpl.java:requestVote(1075)) - 648ce8fc-720e-401e-ac80-e1f8bda9cb96@group-6CDA7B53CB28 replies to ELECTION vote request: 599d22f6-71b6-4f75-a803-0445b42d232b<-648ce8fc-720e-401e-ac80-e1f8bda9cb96#0:OK-t1. Peer's state: 648ce8fc-720e-401e-ac80-e1f8bda9cb96@group-6CDA7B53CB28:t1, leader=null, voted=599d22f6-71b6-4f75-a803-0445b42d232b, raftlog=648ce8fc-720e-401e-ac80-e1f8bda9cb96@group-6CDA7B53CB28-SegmentedRaftLog:OPENED:c-1,f-1,i0, conf=-1: [648ce8fc-720e-401e-ac80-e1f8bda9cb96|rpc:10.1.0.42:35647|priority:0, 8937ce5d-1b80-47aa-9c38-ca8400d40bb7|rpc:10.1.0.42:36751|priority:0, 599d22f6-71b6-4f75-a803-0445b42d232b|rpc:10.1.0.42:34993|priority:1], old=null
2021-08-26 17:31:49,395 [599d22f6-71b6-4f75-a803-0445b42d232b@group-6CDA7B53CB28-LeaderElection5] INFO  impl.LeaderElection (LeaderElection.java:logAndReturn(89)) - 599d22f6-71b6-4f75-a803-0445b42d232b@group-6CDA7B53CB28-LeaderElection5: ELECTION PASSED received 1 response(s) and 0 exception(s):
2021-08-26 17:31:49,395 [599d22f6-71b6-4f75-a803-0445b42d232b@group-6CDA7B53CB28-LeaderElection5] INFO  impl.LeaderElection (LeaderElection.java:logAndReturn(93)) -   Response 0: 599d22f6-71b6-4f75-a803-0445b42d232b<-648ce8fc-720e-401e-ac80-e1f8bda9cb96#0:OK-t1
2021-08-26 17:31:49,395 [599d22f6-71b6-4f75-a803-0445b42d232b@group-6CDA7B53CB28-LeaderElection5] INFO  impl.LeaderElection (LeaderElection.java:askForVotes(308)) - 599d22f6-71b6-4f75-a803-0445b42d232b@group-6CDA7B53CB28-LeaderElection5 ELECTION round 0: result PASSED
2021-08-26 17:31:49,395 [599d22f6-71b6-4f75-a803-0445b42d232b@group-6CDA7B53CB28-LeaderElection5] INFO  impl.RoleInfo (RoleInfo.java:shutdownLeaderElection(121)) - 599d22f6-71b6-4f75-a803-0445b42d232b: shutdown 599d22f6-71b6-4f75-a803-0445b42d232b@group-6CDA7B53CB28-LeaderElection5
2021-08-26 17:31:49,396 [599d22f6-71b6-4f75-a803-0445b42d232b@group-6CDA7B53CB28-LeaderElection5] INFO  server.RaftServer$Division (RaftServerImpl.java:setRole(285)) - 599d22f6-71b6-4f75-a803-0445b42d232b@group-6CDA7B53CB28: changes role from CANDIDATE to LEADER at term 1 for changeToLeader
2021-08-26 17:31:49,396 [599d22f6-71b6-4f75-a803-0445b42d232b@group-6CDA7B53CB28-LeaderElection5] INFO  ratis.XceiverServerRatis (XceiverServerRatis.java:handleLeaderChangedNotification(861)) - Leader change notification received for group: group-6CDA7B53CB28 with new leaderId: 599d22f6-71b6-4f75-a803-0445b42d232b
2021-08-26 17:31:49,396 [599d22f6-71b6-4f75-a803-0445b42d232b@group-6CDA7B53CB28-LeaderElection5] INFO  server.RaftServer$Division (ServerState.java:setLeader(285)) - 599d22f6-71b6-4f75-a803-0445b42d232b@group-6CDA7B53CB28: change Leader from null to 599d22f6-71b6-4f75-a803-0445b42d232b at term 1 for becomeLeader, leader elected after 5148ms
2021-08-26 17:31:49,396 [599d22f6-71b6-4f75-a803-0445b42d232b@group-6CDA7B53CB28-LeaderElection5] INFO  server.RaftServerConfigKeys (ConfUtils.java:logGet(44)) - raft.server.staging.catchup.gap = 1000 (default)
2021-08-26 17:31:49,396 [599d22f6-71b6-4f75-a803-0445b42d232b@group-6CDA7B53CB28-LeaderElection5] INFO  server.RaftServerConfigKeys (ConfUtils.java:logGet(44)) - raft.server.write.element-limit = 1024 (custom)
2021-08-26 17:31:49,396 [599d22f6-71b6-4f75-a803-0445b42d232b@group-6CDA7B53CB28-LeaderElection5] INFO  server.RaftServerConfigKeys (ConfUtils.java:logGet(44)) - raft.server.write.byte-limit = 1024 M (=1073741824) (custom)
2021-08-26 17:31:49,396 [599d22f6-71b6-4f75-a803-0445b42d232b@group-6CDA7B53CB28-LeaderElection5] INFO  server.RaftServerConfigKeys (ConfUtils.java:logGet(44)) - raft.server.watch.timeout = 3000ms (custom)
2021-08-26 17:31:49,397 [599d22f6-71b6-4f75-a803-0445b42d232b@group-6CDA7B53CB28-LeaderElection5] INFO  server.RaftServerConfigKeys (ConfUtils.java:logGet(44)) - raft.server.watch.timeout.denomination = 1s (default)
2021-08-26 17:31:49,397 [599d22f6-71b6-4f75-a803-0445b42d232b@group-6CDA7B53CB28-LeaderElection5] INFO  server.RaftServerConfigKeys (ConfUtils.java:logGet(44)) - raft.server.watch.element-limit = 65536 (default)
2021-08-26 17:31:49,397 [599d22f6-71b6-4f75-a803-0445b42d232b@group-6CDA7B53CB28-LeaderElection5] INFO  server.RaftServerConfigKeys (ConfUtils.java:logGet(44)) - raft.server.log.appender.snapshot.chunk.size.max = 16MB (=16777216) (default)
2021-08-26 17:31:49,397 [599d22f6-71b6-4f75-a803-0445b42d232b@group-6CDA7B53CB28-LeaderElection5] INFO  server.RaftServerConfigKeys (ConfUtils.java:logGet(44)) - raft.server.log.appender.buffer.byte-limit = 33554432 (custom)
2021-08-26 17:31:49,397 [599d22f6-71b6-4f75-a803-0445b42d232b@group-6CDA7B53CB28-LeaderElection5] INFO  server.RaftServerConfigKeys (ConfUtils.java:logGet(44)) - raft.server.log.appender.buffer.element-limit = 1 (custom)
2021-08-26 17:31:49,397 [599d22f6-71b6-4f75-a803-0445b42d232b@group-6CDA7B53CB28-LeaderElection5] INFO  grpc.GrpcConfigKeys (ConfUtils.java:logGet(44)) - raft.grpc.server.leader.outstanding.appends.max = 128 (default)
2021-08-26 17:31:49,398 [599d22f6-71b6-4f75-a803-0445b42d232b@group-6CDA7B53CB28-LeaderElection5] INFO  server.RaftServerConfigKeys (ConfUtils.java:logGet(44)) - raft.server.rpc.request.timeout = 3000ms (default)
2021-08-26 17:31:49,398 [599d22f6-71b6-4f75-a803-0445b42d232b@group-6CDA7B53CB28-LeaderElection5] INFO  server.RaftServerConfigKeys (ConfUtils.java:logGet(44)) - raft.server.log.appender.install.snapshot.enabled = false (custom)
2021-08-26 17:31:49,399 [599d22f6-71b6-4f75-a803-0445b42d232b@group-6CDA7B53CB28-LeaderElection5] INFO  server.RaftServerConfigKeys (ConfUtils.java:logGet(44)) - raft.server.log.appender.snapshot.chunk.size.max = 16MB (=16777216) (default)
2021-08-26 17:31:49,399 [599d22f6-71b6-4f75-a803-0445b42d232b@group-6CDA7B53CB28-LeaderElection5] INFO  server.RaftServerConfigKeys (ConfUtils.java:logGet(44)) - raft.server.log.appender.buffer.byte-limit = 33554432 (custom)
2021-08-26 17:31:49,400 [599d22f6-71b6-4f75-a803-0445b42d232b@group-6CDA7B53CB28-LeaderElection5] INFO  server.RaftServerConfigKeys (ConfUtils.java:logGet(44)) - raft.server.log.appender.buffer.element-limit = 1 (custom)
2021-08-26 17:31:49,400 [599d22f6-71b6-4f75-a803-0445b42d232b@group-6CDA7B53CB28-LeaderElection5] INFO  grpc.GrpcConfigKeys (ConfUtils.java:logGet(44)) - raft.grpc.server.leader.outstanding.appends.max = 128 (default)
2021-08-26 17:31:49,400 [599d22f6-71b6-4f75-a803-0445b42d232b@group-6CDA7B53CB28-LeaderElection5] INFO  server.RaftServerConfigKeys (ConfUtils.java:logGet(44)) - raft.server.rpc.request.timeout = 3000ms (default)
2021-08-26 17:31:49,400 [599d22f6-71b6-4f75-a803-0445b42d232b@group-6CDA7B53CB28-LeaderElection5] INFO  server.RaftServerConfigKeys (ConfUtils.java:logGet(44)) - raft.server.log.appender.install.snapshot.enabled = false (custom)
2021-08-26 17:31:49,401 [599d22f6-71b6-4f75-a803-0445b42d232b@group-6CDA7B53CB28-LeaderElection5] INFO  impl.RoleInfo (RoleInfo.java:updateAndGet(130)) - 599d22f6-71b6-4f75-a803-0445b42d232b: start 599d22f6-71b6-4f75-a803-0445b42d232b@group-6CDA7B53CB28-LeaderStateImpl
2021-08-26 17:31:49,401 [599d22f6-71b6-4f75-a803-0445b42d232b@group-6CDA7B53CB28-LeaderElection5] INFO  segmented.SegmentedRaftLogWorker (SegmentedRaftLogWorker.java:startLogSegment(394)) - 599d22f6-71b6-4f75-a803-0445b42d232b@group-6CDA7B53CB28-SegmentedRaftLogWorker: Starting segment from index:0
2021-08-26 17:31:49,402 [599d22f6-71b6-4f75-a803-0445b42d232b@group-6CDA7B53CB28-SegmentedRaftLogWorker] INFO  segmented.SegmentedRaftLogWorker (SegmentedRaftLogWorker.java:execute(601)) - 599d22f6-71b6-4f75-a803-0445b42d232b@group-6CDA7B53CB28-SegmentedRaftLogWorker: created new log segment /home/runner/work/ozone/ozone/hadoop-ozone/integration-test/target/test-dir/MiniOzoneClusterImpl-daa96565-427e-4fca-a993-08525edc6fa6/datanode-1/data/ratis/16e4fc05-efaa-4bb7-85d6-6cda7b53cb28/current/log_inprogress_0
2021-08-26 17:31:49,408 [Datanode State Machine Thread - 0] WARN  statemachine.StateContext (StateContext.java:execute(621)) - No available thread in pool for past 1 seconds.
2021-08-26 17:31:49,421 [599d22f6-71b6-4f75-a803-0445b42d232b@group-6CDA7B53CB28-LeaderElection5] INFO  server.RaftServer$Division (ServerState.java:setRaftConf(387)) - 599d22f6-71b6-4f75-a803-0445b42d232b@group-6CDA7B53CB28: set configuration 0: [648ce8fc-720e-401e-ac80-e1f8bda9cb96|rpc:10.1.0.42:35647|dataStream:|priority:0, 8937ce5d-1b80-47aa-9c38-ca8400d40bb7|rpc:10.1.0.42:36751|dataStream:|priority:0, 599d22f6-71b6-4f75-a803-0445b42d232b|rpc:10.1.0.42:34993|dataStream:|priority:1], old=null
2021-08-26 17:31:49,425 [EventQueue-PipelineReportForPipelineReportHandler] INFO  pipeline.PipelineManagerImpl (PipelineManagerImpl.java:openPipeline(282)) - Pipeline Pipeline[ Id: 16e4fc05-efaa-4bb7-85d6-6cda7b53cb28, Nodes: 8937ce5d-1b80-47aa-9c38-ca8400d40bb7{ip: 10.1.0.42, host: fv-az122-729.zf1tlrj3kn4expqppa1j4mpycf.xx.internal.cloudapp.net, ports: [REPLICATION=39625, RATIS=36751, RATIS_ADMIN=36751, RATIS_SERVER=36751, STANDALONE=41941], networkLocation: /default-rack, certSerialId: null, persistedOpState: IN_SERVICE, persistedOpStateExpiryEpochSec: 0}648ce8fc-720e-401e-ac80-e1f8bda9cb96{ip: 10.1.0.42, host: fv-az122-729.zf1tlrj3kn4expqppa1j4mpycf.xx.internal.cloudapp.net, ports: [REPLICATION=45165, RATIS=35647, RATIS_ADMIN=35647, RATIS_SERVER=35647, STANDALONE=33527], networkLocation: /default-rack, certSerialId: null, persistedOpState: IN_SERVICE, persistedOpStateExpiryEpochSec: 0}599d22f6-71b6-4f75-a803-0445b42d232b{ip: 10.1.0.42, host: fv-az122-729.zf1tlrj3kn4expqppa1j4mpycf.xx.internal.cloudapp.net, ports: [REPLICATION=36909, RATIS=34993, RATIS_ADMIN=34993, RATIS_SERVER=34993, STANDALONE=41961], networkLocation: /default-rack, certSerialId: null, persistedOpState: IN_SERVICE, persistedOpStateExpiryEpochSec: 0}, ReplicationConfig: RATIS/THREE, State:ALLOCATED, leaderId:599d22f6-71b6-4f75-a803-0445b42d232b, CreationTimestamp2021-08-26T17:31:41.255Z[Etc/UTC]] moved to OPEN state
2021-08-26 17:31:49,440 [grpc-default-executor-0] INFO  ratis.XceiverServerRatis (XceiverServerRatis.java:handleLeaderChangedNotification(861)) - Leader change notification received for group: group-6CDA7B53CB28 with new leaderId: 599d22f6-71b6-4f75-a803-0445b42d232b
2021-08-26 17:31:49,440 [grpc-default-executor-0] INFO  server.RaftServer$Division (ServerState.java:setLeader(285)) - 648ce8fc-720e-401e-ac80-e1f8bda9cb96@group-6CDA7B53CB28: change Leader from null to 599d22f6-71b6-4f75-a803-0445b42d232b at term 1 for appendEntries, leader elected after 5076ms
2021-08-26 17:31:49,445 [grpc-default-executor-0] INFO  server.RaftServer$Division (ServerState.java:setRaftConf(387)) - 648ce8fc-720e-401e-ac80-e1f8bda9cb96@group-6CDA7B53CB28: set configuration 0: [648ce8fc-720e-401e-ac80-e1f8bda9cb96|rpc:10.1.0.42:35647|dataStream:|priority:0, 8937ce5d-1b80-47aa-9c38-ca8400d40bb7|rpc:10.1.0.42:36751|dataStream:|priority:0, 599d22f6-71b6-4f75-a803-0445b42d232b|rpc:10.1.0.42:34993|dataStream:|priority:1], old=null
2021-08-26 17:31:49,445 [grpc-default-executor-0] INFO  segmented.SegmentedRaftLogWorker (SegmentedRaftLogWorker.java:startLogSegment(394)) - 648ce8fc-720e-401e-ac80-e1f8bda9cb96@group-6CDA7B53CB28-SegmentedRaftLogWorker: Starting segment from index:0
2021-08-26 17:31:49,446 [grpc-default-executor-2] INFO  server.RaftServer$Division (RaftServerImpl.java:requestVote(1043)) - 8937ce5d-1b80-47aa-9c38-ca8400d40bb7@group-6CDA7B53CB28: receive requestVote(ELECTION, 599d22f6-71b6-4f75-a803-0445b42d232b, group-6CDA7B53CB28, 1, (t:0, i:0))
2021-08-26 17:31:49,447 [grpc-default-executor-2] INFO  impl.VoteContext (VoteContext.java:log(48)) - 8937ce5d-1b80-47aa-9c38-ca8400d40bb7@group-6CDA7B53CB28-FOLLOWER: accept ELECTION from 599d22f6-71b6-4f75-a803-0445b42d232b: our priority 0 <= candidate's priority 1
2021-08-26 17:31:49,447 [648ce8fc-720e-401e-ac80-e1f8bda9cb96@group-6CDA7B53CB28-SegmentedRaftLogWorker] INFO  segmented.SegmentedRaftLogWorker (SegmentedRaftLogWorker.java:execute(601)) - 648ce8fc-720e-401e-ac80-e1f8bda9cb96@group-6CDA7B53CB28-SegmentedRaftLogWorker: created new log segment /home/runner/work/ozone/ozone/hadoop-ozone/integration-test/target/test-dir/MiniOzoneClusterImpl-daa96565-427e-4fca-a993-08525edc6fa6/datanode-0/data/ratis/16e4fc05-efaa-4bb7-85d6-6cda7b53cb28/current/log_inprogress_0
2021-08-26 17:31:49,447 [grpc-default-executor-2] INFO  server.RaftServer$Division (RaftServerImpl.java:setRole(285)) - 8937ce5d-1b80-47aa-9c38-ca8400d40bb7@group-6CDA7B53CB28: changes role from  FOLLOWER to FOLLOWER at term 1 for candidate:599d22f6-71b6-4f75-a803-0445b42d232b
2021-08-26 17:31:49,447 [grpc-default-executor-2] INFO  impl.RoleInfo (RoleInfo.java:shutdownFollowerState(108)) - 8937ce5d-1b80-47aa-9c38-ca8400d40bb7: shutdown 8937ce5d-1b80-47aa-9c38-ca8400d40bb7@group-6CDA7B53CB28-FollowerState
2021-08-26 17:31:49,447 [grpc-default-executor-2] INFO  impl.RoleInfo (RoleInfo.java:updateAndGet(130)) - 8937ce5d-1b80-47aa-9c38-ca8400d40bb7: start 8937ce5d-1b80-47aa-9c38-ca8400d40bb7@group-6CDA7B53CB28-FollowerState
2021-08-26 17:31:49,447 [8937ce5d-1b80-47aa-9c38-ca8400d40bb7@group-6CDA7B53CB28-FollowerState] INFO  impl.FollowerState (FollowerState.java:run(143)) - 8937ce5d-1b80-47aa-9c38-ca8400d40bb7@group-6CDA7B53CB28-FollowerState was interrupted: {}
java.lang.InterruptedException: sleep interrupted
	at java.lang.Thread.sleep(Native Method)
	at java.lang.Thread.sleep(Thread.java:340)
	at java.util.concurrent.TimeUnit.sleep(TimeUnit.java:386)
	at org.apache.ratis.util.TimeDuration.sleep(TimeDuration.java:324)
	at org.apache.ratis.util.TimeDuration.sleep(TimeDuration.java:309)
	at org.apache.ratis.server.impl.FollowerState.run(FollowerState.java:118)
2021-08-26 17:31:49,449 [grpc-default-executor-2] INFO  server.RaftServer$Division (RaftServerImpl.java:requestVote(1075)) - 8937ce5d-1b80-47aa-9c38-ca8400d40bb7@group-6CDA7B53CB28 replies to ELECTION vote request: 599d22f6-71b6-4f75-a803-0445b42d232b<-8937ce5d-1b80-47aa-9c38-ca8400d40bb7#0:OK-t1. Peer's state: 8937ce5d-1b80-47aa-9c38-ca8400d40bb7@group-6CDA7B53CB28:t1, leader=null, voted=599d22f6-71b6-4f75-a803-0445b42d232b, raftlog=8937ce5d-1b80-47aa-9c38-ca8400d40bb7@group-6CDA7B53CB28-SegmentedRaftLog:OPENED:c-1,f-1,i0, conf=-1: [648ce8fc-720e-401e-ac80-e1f8bda9cb96|rpc:10.1.0.42:35647|dataStream:|priority:0, 8937ce5d-1b80-47aa-9c38-ca8400d40bb7|rpc:10.1.0.42:36751|dataStream:|priority:0, 599d22f6-71b6-4f75-a803-0445b42d232b|rpc:10.1.0.42:34993|dataStream:|priority:1], old=null
2021-08-26 17:31:49,472 [grpc-default-executor-2] INFO  ratis.XceiverServerRatis (XceiverServerRatis.java:handleLeaderChangedNotification(861)) - Leader change notification received for group: group-6CDA7B53CB28 with new leaderId: 599d22f6-71b6-4f75-a803-0445b42d232b
2021-08-26 17:31:49,472 [grpc-default-executor-2] INFO  server.RaftServer$Division (ServerState.java:setLeader(285)) - 8937ce5d-1b80-47aa-9c38-ca8400d40bb7@group-6CDA7B53CB28: change Leader from null to 599d22f6-71b6-4f75-a803-0445b42d232b at term 1 for appendEntries, leader elected after 5159ms
2021-08-26 17:31:49,477 [grpc-default-executor-2] INFO  server.RaftServer$Division (ServerState.java:setRaftConf(387)) - 8937ce5d-1b80-47aa-9c38-ca8400d40bb7@group-6CDA7B53CB28: set configuration 0: [648ce8fc-720e-401e-ac80-e1f8bda9cb96|rpc:10.1.0.42:35647|dataStream:|priority:0, 8937ce5d-1b80-47aa-9c38-ca8400d40bb7|rpc:10.1.0.42:36751|dataStream:|priority:0, 599d22f6-71b6-4f75-a803-0445b42d232b|rpc:10.1.0.42:34993|dataStream:|priority:1], old=null
2021-08-26 17:31:49,477 [grpc-default-executor-2] INFO  segmented.SegmentedRaftLogWorker (SegmentedRaftLogWorker.java:startLogSegment(394)) - 8937ce5d-1b80-47aa-9c38-ca8400d40bb7@group-6CDA7B53CB28-SegmentedRaftLogWorker: Starting segment from index:0
2021-08-26 17:31:49,479 [8937ce5d-1b80-47aa-9c38-ca8400d40bb7@group-6CDA7B53CB28-SegmentedRaftLogWorker] INFO  segmented.SegmentedRaftLogWorker (SegmentedRaftLogWorker.java:execute(601)) - 8937ce5d-1b80-47aa-9c38-ca8400d40bb7@group-6CDA7B53CB28-SegmentedRaftLogWorker: created new log segment /home/runner/work/ozone/ozone/hadoop-ozone/integration-test/target/test-dir/MiniOzoneClusterImpl-daa96565-427e-4fca-a993-08525edc6fa6/datanode-2/data/ratis/16e4fc05-efaa-4bb7-85d6-6cda7b53cb28/current/log_inprogress_0
2021-08-26 17:31:49,533 [8937ce5d-1b80-47aa-9c38-ca8400d40bb7@group-68F50B55EE72-FollowerState] INFO  impl.FollowerState (FollowerState.java:run(134)) - 8937ce5d-1b80-47aa-9c38-ca8400d40bb7@group-68F50B55EE72-FollowerState: change to CANDIDATE, lastRpcElapsedTime:5206807914ns, electionTimeout:5198ms
2021-08-26 17:31:49,534 [8937ce5d-1b80-47aa-9c38-ca8400d40bb7@group-68F50B55EE72-FollowerState] INFO  impl.RoleInfo (RoleInfo.java:shutdownFollowerState(108)) - 8937ce5d-1b80-47aa-9c38-ca8400d40bb7: shutdown 8937ce5d-1b80-47aa-9c38-ca8400d40bb7@group-68F50B55EE72-FollowerState
2021-08-26 17:31:49,534 [8937ce5d-1b80-47aa-9c38-ca8400d40bb7@group-68F50B55EE72-FollowerState] INFO  server.RaftServer$Division (RaftServerImpl.java:setRole(285)) - 8937ce5d-1b80-47aa-9c38-ca8400d40bb7@group-68F50B55EE72: changes role from  FOLLOWER to CANDIDATE at term 0 for changeToCandidate
2021-08-26 17:31:49,534 [8937ce5d-1b80-47aa-9c38-ca8400d40bb7@group-68F50B55EE72-FollowerState] INFO  server.RaftServerConfigKeys (ConfUtils.java:logGet(44)) - raft.server.leaderelection.pre-vote = false (custom)
2021-08-26 17:31:49,535 [8937ce5d-1b80-47aa-9c38-ca8400d40bb7@group-68F50B55EE72-FollowerState] INFO  impl.RoleInfo (RoleInfo.java:updateAndGet(130)) - 8937ce5d-1b80-47aa-9c38-ca8400d40bb7: start 8937ce5d-1b80-47aa-9c38-ca8400d40bb7@group-68F50B55EE72-LeaderElection6
2021-08-26 17:31:49,548 [8937ce5d-1b80-47aa-9c38-ca8400d40bb7@group-68F50B55EE72-LeaderElection6] INFO  impl.LeaderElection (LeaderElection.java:askForVotes(306)) - 8937ce5d-1b80-47aa-9c38-ca8400d40bb7@group-68F50B55EE72-LeaderElection6 ELECTION round 0: submit vote requests at term 1 for -1: [8937ce5d-1b80-47aa-9c38-ca8400d40bb7|rpc:10.1.0.42:36751|priority:1], old=null
2021-08-26 17:31:49,548 [8937ce5d-1b80-47aa-9c38-ca8400d40bb7@group-68F50B55EE72-LeaderElection6] INFO  impl.LeaderElection (LeaderElection.java:askForVotes(308)) - 8937ce5d-1b80-47aa-9c38-ca8400d40bb7@group-68F50B55EE72-LeaderElection6 ELECTION round 0: result PASSED (term=1)
2021-08-26 17:31:49,549 [8937ce5d-1b80-47aa-9c38-ca8400d40bb7@group-68F50B55EE72-LeaderElection6] INFO  impl.RoleInfo (RoleInfo.java:shutdownLeaderElection(121)) - 8937ce5d-1b80-47aa-9c38-ca8400d40bb7: shutdown 8937ce5d-1b80-47aa-9c38-ca8400d40bb7@group-68F50B55EE72-LeaderElection6
2021-08-26 17:31:49,549 [8937ce5d-1b80-47aa-9c38-ca8400d40bb7@group-68F50B55EE72-LeaderElection6] INFO  server.RaftServer$Division (RaftServerImpl.java:setRole(285)) - 8937ce5d-1b80-47aa-9c38-ca8400d40bb7@group-68F50B55EE72: changes role from CANDIDATE to LEADER at term 1 for changeToLeader
2021-08-26 17:31:49,549 [8937ce5d-1b80-47aa-9c38-ca8400d40bb7@group-68F50B55EE72-LeaderElection6] INFO  ratis.XceiverServerRatis (XceiverServerRatis.java:handleLeaderChangedNotification(861)) - Leader change notification received for group: group-68F50B55EE72 with new leaderId: 8937ce5d-1b80-47aa-9c38-ca8400d40bb7
2021-08-26 17:31:49,549 [8937ce5d-1b80-47aa-9c38-ca8400d40bb7@group-68F50B55EE72-LeaderElection6] INFO  server.RaftServer$Division (ServerState.java:setLeader(285)) - 8937ce5d-1b80-47aa-9c38-ca8400d40bb7@group-68F50B55EE72: change Leader from null to 8937ce5d-1b80-47aa-9c38-ca8400d40bb7 at term 1 for becomeLeader, leader elected after 5273ms
2021-08-26 17:31:49,549 [8937ce5d-1b80-47aa-9c38-ca8400d40bb7@group-68F50B55EE72-LeaderElection6] INFO  server.RaftServerConfigKeys (ConfUtils.java:logGet(44)) - raft.server.staging.catchup.gap = 1000 (default)
2021-08-26 17:31:49,549 [Datanode State Machine Thread - 0] WARN  statemachine.StateContext (StateContext.java:execute(621)) - No available thread in pool for past 1 seconds.
2021-08-26 17:31:49,549 [8937ce5d-1b80-47aa-9c38-ca8400d40bb7@group-68F50B55EE72-LeaderElection6] INFO  server.RaftServerConfigKeys (ConfUtils.java:logGet(44)) - raft.server.write.element-limit = 1024 (custom)
2021-08-26 17:31:49,550 [8937ce5d-1b80-47aa-9c38-ca8400d40bb7@group-68F50B55EE72-LeaderElection6] INFO  server.RaftServerConfigKeys (ConfUtils.java:logGet(44)) - raft.server.write.byte-limit = 1024 M (=1073741824) (custom)
2021-08-26 17:31:49,551 [8937ce5d-1b80-47aa-9c38-ca8400d40bb7@group-68F50B55EE72-LeaderElection6] INFO  server.RaftServerConfigKeys (ConfUtils.java:logGet(44)) - raft.server.watch.timeout = 3000ms (custom)
2021-08-26 17:31:49,552 [8937ce5d-1b80-47aa-9c38-ca8400d40bb7@group-68F50B55EE72-LeaderElection6] INFO  server.RaftServerConfigKeys (ConfUtils.java:logGet(44)) - raft.server.watch.timeout.denomination = 1s (default)
2021-08-26 17:31:49,552 [8937ce5d-1b80-47aa-9c38-ca8400d40bb7@group-68F50B55EE72-LeaderElection6] INFO  server.RaftServerConfigKeys (ConfUtils.java:logGet(44)) - raft.server.watch.element-limit = 65536 (default)
2021-08-26 17:31:49,552 [8937ce5d-1b80-47aa-9c38-ca8400d40bb7@group-68F50B55EE72-LeaderElection6] INFO  impl.RoleInfo (RoleInfo.java:updateAndGet(130)) - 8937ce5d-1b80-47aa-9c38-ca8400d40bb7: start 8937ce5d-1b80-47aa-9c38-ca8400d40bb7@group-68F50B55EE72-LeaderStateImpl
2021-08-26 17:31:49,553 [8937ce5d-1b80-47aa-9c38-ca8400d40bb7@group-68F50B55EE72-LeaderElection6] INFO  segmented.SegmentedRaftLogWorker (SegmentedRaftLogWorker.java:startLogSegment(394)) - 8937ce5d-1b80-47aa-9c38-ca8400d40bb7@group-68F50B55EE72-SegmentedRaftLogWorker: Starting segment from index:0
2021-08-26 17:31:49,554 [8937ce5d-1b80-47aa-9c38-ca8400d40bb7@group-68F50B55EE72-SegmentedRaftLogWorker] INFO  segmented.SegmentedRaftLogWorker (SegmentedRaftLogWorker.java:execute(601)) - 8937ce5d-1b80-47aa-9c38-ca8400d40bb7@group-68F50B55EE72-SegmentedRaftLogWorker: created new log segment /home/runner/work/ozone/ozone/hadoop-ozone/integration-test/target/test-dir/MiniOzoneClusterImpl-daa96565-427e-4fca-a993-08525edc6fa6/datanode-2/data/ratis/a37504d4-25a6-4371-9534-68f50b55ee72/current/log_inprogress_0
2021-08-26 17:31:49,559 [8937ce5d-1b80-47aa-9c38-ca8400d40bb7@group-68F50B55EE72-LeaderElection6] INFO  server.RaftServer$Division (ServerState.java:setRaftConf(387)) - 8937ce5d-1b80-47aa-9c38-ca8400d40bb7@group-68F50B55EE72: set configuration 0: [8937ce5d-1b80-47aa-9c38-ca8400d40bb7|rpc:10.1.0.42:36751|dataStream:|priority:1], old=null
2021-08-26 17:31:49,594 [caca0df6-f340-40f9-9fdf-acdee16ce07d@group-5ED93A64E77F-FollowerState] INFO  impl.FollowerState (FollowerState.java:run(134)) - caca0df6-f340-40f9-9fdf-acdee16ce07d@group-5ED93A64E77F-FollowerState: change to CANDIDATE, lastRpcElapsedTime:5008799249ns, electionTimeout:5007ms
2021-08-26 17:31:49,594 [caca0df6-f340-40f9-9fdf-acdee16ce07d@group-5ED93A64E77F-FollowerState] INFO  impl.RoleInfo (RoleInfo.java:shutdownFollowerState(108)) - caca0df6-f340-40f9-9fdf-acdee16ce07d: shutdown caca0df6-f340-40f9-9fdf-acdee16ce07d@group-5ED93A64E77F-FollowerState
2021-08-26 17:31:49,594 [caca0df6-f340-40f9-9fdf-acdee16ce07d@group-5ED93A64E77F-FollowerState] INFO  server.RaftServer$Division (RaftServerImpl.java:setRole(285)) - caca0df6-f340-40f9-9fdf-acdee16ce07d@group-5ED93A64E77F: changes role from  FOLLOWER to CANDIDATE at term 0 for changeToCandidate
2021-08-26 17:31:49,597 [caca0df6-f340-40f9-9fdf-acdee16ce07d@group-5ED93A64E77F-FollowerState] INFO  server.RaftServerConfigKeys (ConfUtils.java:logGet(44)) - raft.server.leaderelection.pre-vote = false (custom)
2021-08-26 17:31:49,597 [caca0df6-f340-40f9-9fdf-acdee16ce07d@group-5ED93A64E77F-FollowerState] INFO  impl.RoleInfo (RoleInfo.java:updateAndGet(130)) - caca0df6-f340-40f9-9fdf-acdee16ce07d: start caca0df6-f340-40f9-9fdf-acdee16ce07d@group-5ED93A64E77F-LeaderElection7
2021-08-26 17:31:49,605 [c4880b1a-f63f-4492-a9df-0d04f2bfbd12@group-111F3325A230-FollowerState] INFO  impl.FollowerState (FollowerState.java:run(134)) - c4880b1a-f63f-4492-a9df-0d04f2bfbd12@group-111F3325A230-FollowerState: change to CANDIDATE, lastRpcElapsedTime:5082479374ns, electionTimeout:5082ms
2021-08-26 17:31:49,606 [c4880b1a-f63f-4492-a9df-0d04f2bfbd12@group-111F3325A230-FollowerState] INFO  impl.RoleInfo (RoleInfo.java:shutdownFollowerState(108)) - c4880b1a-f63f-4492-a9df-0d04f2bfbd12: shutdown c4880b1a-f63f-4492-a9df-0d04f2bfbd12@group-111F3325A230-FollowerState
2021-08-26 17:31:49,606 [c4880b1a-f63f-4492-a9df-0d04f2bfbd12@group-111F3325A230-FollowerState] INFO  server.RaftServer$Division (RaftServerImpl.java:setRole(285)) - c4880b1a-f63f-4492-a9df-0d04f2bfbd12@group-111F3325A230: changes role from  FOLLOWER to CANDIDATE at term 0 for changeToCandidate
2021-08-26 17:31:49,608 [c4880b1a-f63f-4492-a9df-0d04f2bfbd12@group-111F3325A230-FollowerState] INFO  server.RaftServerConfigKeys (ConfUtils.java:logGet(44)) - raft.server.leaderelection.pre-vote = false (custom)
2021-08-26 17:31:49,608 [c4880b1a-f63f-4492-a9df-0d04f2bfbd12@group-111F3325A230-FollowerState] INFO  impl.RoleInfo (RoleInfo.java:updateAndGet(130)) - c4880b1a-f63f-4492-a9df-0d04f2bfbd12: start c4880b1a-f63f-4492-a9df-0d04f2bfbd12@group-111F3325A230-LeaderElection8
2021-08-26 17:31:49,612 [caca0df6-f340-40f9-9fdf-acdee16ce07d@group-5ED93A64E77F-LeaderElection7] INFO  impl.LeaderElection (LeaderElection.java:askForVotes(306)) - caca0df6-f340-40f9-9fdf-acdee16ce07d@group-5ED93A64E77F-LeaderElection7 ELECTION round 0: submit vote requests at term 1 for -1: [c4880b1a-f63f-4492-a9df-0d04f2bfbd12|rpc:10.1.0.42:36835|dataStream:|priority:0, caca0df6-f340-40f9-9fdf-acdee16ce07d|rpc:10.1.0.42:39345|dataStream:|priority:0, 7ea02771-24eb-4f5a-8038-44a318ea5460|rpc:10.1.0.42:37543|dataStream:|priority:1], old=null
2021-08-26 17:31:49,621 [c4880b1a-f63f-4492-a9df-0d04f2bfbd12@group-111F3325A230-LeaderElection8] INFO  impl.LeaderElection (LeaderElection.java:askForVotes(306)) - c4880b1a-f63f-4492-a9df-0d04f2bfbd12@group-111F3325A230-LeaderElection8 ELECTION round 0: submit vote requests at term 1 for -1: [c4880b1a-f63f-4492-a9df-0d04f2bfbd12|rpc:10.1.0.42:36835|priority:1], old=null
2021-08-26 17:31:49,621 [c4880b1a-f63f-4492-a9df-0d04f2bfbd12@group-111F3325A230-LeaderElection8] INFO  impl.LeaderElection (LeaderElection.java:askForVotes(308)) - c4880b1a-f63f-4492-a9df-0d04f2bfbd12@group-111F3325A230-LeaderElection8 ELECTION round 0: result PASSED (term=1)
2021-08-26 17:31:49,621 [c4880b1a-f63f-4492-a9df-0d04f2bfbd12@group-111F3325A230-LeaderElection8] INFO  impl.RoleInfo (RoleInfo.java:shutdownLeaderElection(121)) - c4880b1a-f63f-4492-a9df-0d04f2bfbd12: shutdown c4880b1a-f63f-4492-a9df-0d04f2bfbd12@group-111F3325A230-LeaderElection8
2021-08-26 17:31:49,621 [c4880b1a-f63f-4492-a9df-0d04f2bfbd12@group-111F3325A230-LeaderElection8] INFO  server.RaftServer$Division (RaftServerImpl.java:setRole(285)) - c4880b1a-f63f-4492-a9df-0d04f2bfbd12@group-111F3325A230: changes role from CANDIDATE to LEADER at term 1 for changeToLeader
2021-08-26 17:31:49,621 [c4880b1a-f63f-4492-a9df-0d04f2bfbd12@group-111F3325A230-LeaderElection8] INFO  ratis.XceiverServerRatis (XceiverServerRatis.java:handleLeaderChangedNotification(861)) - Leader change notification received for group: group-111F3325A230 with new leaderId: c4880b1a-f63f-4492-a9df-0d04f2bfbd12
2021-08-26 17:31:49,621 [c4880b1a-f63f-4492-a9df-0d04f2bfbd12@group-111F3325A230-LeaderElection8] INFO  server.RaftServer$Division (ServerState.java:setLeader(285)) - c4880b1a-f63f-4492-a9df-0d04f2bfbd12@group-111F3325A230: change Leader from null to c4880b1a-f63f-4492-a9df-0d04f2bfbd12 at term 1 for becomeLeader, leader elected after 5115ms
2021-08-26 17:31:49,621 [c4880b1a-f63f-4492-a9df-0d04f2bfbd12@group-111F3325A230-LeaderElection8] INFO  server.RaftServerConfigKeys (ConfUtils.java:logGet(44)) - raft.server.staging.catchup.gap = 1000 (default)
2021-08-26 17:31:49,622 [c4880b1a-f63f-4492-a9df-0d04f2bfbd12@group-111F3325A230-LeaderElection8] INFO  server.RaftServerConfigKeys (ConfUtils.java:logGet(44)) - raft.server.write.element-limit = 1024 (custom)
2021-08-26 17:31:49,622 [c4880b1a-f63f-4492-a9df-0d04f2bfbd12@group-111F3325A230-LeaderElection8] INFO  server.RaftServerConfigKeys (ConfUtils.java:logGet(44)) - raft.server.write.byte-limit = 1024 M (=1073741824) (custom)
2021-08-26 17:31:49,622 [Datanode State Machine Thread - 0] WARN  statemachine.StateContext (StateContext.java:execute(621)) - No available thread in pool for past 1 seconds.
2021-08-26 17:31:49,622 [c4880b1a-f63f-4492-a9df-0d04f2bfbd12@group-111F3325A230-LeaderElection8] INFO  server.RaftServerConfigKeys (ConfUtils.java:logGet(44)) - raft.server.watch.timeout = 3000ms (custom)
2021-08-26 17:31:49,624 [c4880b1a-f63f-4492-a9df-0d04f2bfbd12@group-111F3325A230-LeaderElection8] INFO  server.RaftServerConfigKeys (ConfUtils.java:logGet(44)) - raft.server.watch.timeout.denomination = 1s (default)
2021-08-26 17:31:49,624 [c4880b1a-f63f-4492-a9df-0d04f2bfbd12@group-111F3325A230-LeaderElection8] INFO  server.RaftServerConfigKeys (ConfUtils.java:logGet(44)) - raft.server.watch.element-limit = 65536 (default)
2021-08-26 17:31:49,624 [c4880b1a-f63f-4492-a9df-0d04f2bfbd12@group-111F3325A230-LeaderElection8] INFO  impl.RoleInfo (RoleInfo.java:updateAndGet(130)) - c4880b1a-f63f-4492-a9df-0d04f2bfbd12: start c4880b1a-f63f-4492-a9df-0d04f2bfbd12@group-111F3325A230-LeaderStateImpl
2021-08-26 17:31:49,625 [c4880b1a-f63f-4492-a9df-0d04f2bfbd12@group-111F3325A230-LeaderElection8] INFO  segmented.SegmentedRaftLogWorker (SegmentedRaftLogWorker.java:startLogSegment(394)) - c4880b1a-f63f-4492-a9df-0d04f2bfbd12@group-111F3325A230-SegmentedRaftLogWorker: Starting segment from index:0
2021-08-26 17:31:49,625 [7ea02771-24eb-4f5a-8038-44a318ea5460@group-5ED93A64E77F-FollowerState] INFO  impl.FollowerState (FollowerState.java:run(134)) - 7ea02771-24eb-4f5a-8038-44a318ea5460@group-5ED93A64E77F-FollowerState: change to CANDIDATE, lastRpcElapsedTime:5007981049ns, electionTimeout:5007ms
2021-08-26 17:31:49,626 [7ea02771-24eb-4f5a-8038-44a318ea5460@group-5ED93A64E77F-FollowerState] INFO  impl.RoleInfo (RoleInfo.java:shutdownFollowerState(108)) - 7ea02771-24eb-4f5a-8038-44a318ea5460: shutdown 7ea02771-24eb-4f5a-8038-44a318ea5460@group-5ED93A64E77F-FollowerState
2021-08-26 17:31:49,626 [7ea02771-24eb-4f5a-8038-44a318ea5460@group-5ED93A64E77F-FollowerState] INFO  server.RaftServer$Division (RaftServerImpl.java:setRole(285)) - 7ea02771-24eb-4f5a-8038-44a318ea5460@group-5ED93A64E77F: changes role from  FOLLOWER to CANDIDATE at term 0 for changeToCandidate
2021-08-26 17:31:49,626 [c4880b1a-f63f-4492-a9df-0d04f2bfbd12@group-111F3325A230-SegmentedRaftLogWorker] INFO  segmented.SegmentedRaftLogWorker (SegmentedRaftLogWorker.java:execute(601)) - c4880b1a-f63f-4492-a9df-0d04f2bfbd12@group-111F3325A230-SegmentedRaftLogWorker: created new log segment /home/runner/work/ozone/ozone/hadoop-ozone/integration-test/target/test-dir/MiniOzoneClusterImpl-daa96565-427e-4fca-a993-08525edc6fa6/datanode-3/data/ratis/910e6ca5-972a-4122-95df-111f3325a230/current/log_inprogress_0
2021-08-26 17:31:49,631 [c4880b1a-f63f-4492-a9df-0d04f2bfbd12@group-111F3325A230-LeaderElection8] INFO  server.RaftServer$Division (ServerState.java:setRaftConf(387)) - c4880b1a-f63f-4492-a9df-0d04f2bfbd12@group-111F3325A230: set configuration 0: [c4880b1a-f63f-4492-a9df-0d04f2bfbd12|rpc:10.1.0.42:36835|dataStream:|priority:1], old=null
2021-08-26 17:31:49,632 [7ea02771-24eb-4f5a-8038-44a318ea5460@group-5ED93A64E77F-FollowerState] INFO  server.RaftServerConfigKeys (ConfUtils.java:logGet(44)) - raft.server.leaderelection.pre-vote = false (custom)
2021-08-26 17:31:49,632 [7ea02771-24eb-4f5a-8038-44a318ea5460@group-5ED93A64E77F-FollowerState] INFO  impl.RoleInfo (RoleInfo.java:updateAndGet(130)) - 7ea02771-24eb-4f5a-8038-44a318ea5460: start 7ea02771-24eb-4f5a-8038-44a318ea5460@group-5ED93A64E77F-LeaderElection9
2021-08-26 17:31:49,647 [grpc-default-executor-0] INFO  server.RaftServer$Division (RaftServerImpl.java:requestVote(1043)) - 7ea02771-24eb-4f5a-8038-44a318ea5460@group-5ED93A64E77F: receive requestVote(ELECTION, caca0df6-f340-40f9-9fdf-acdee16ce07d, group-5ED93A64E77F, 1, (t:0, i:0))
2021-08-26 17:31:49,648 [grpc-default-executor-2] INFO  server.RaftServer$Division (RaftServerImpl.java:requestVote(1043)) - c4880b1a-f63f-4492-a9df-0d04f2bfbd12@group-5ED93A64E77F: receive requestVote(ELECTION, caca0df6-f340-40f9-9fdf-acdee16ce07d, group-5ED93A64E77F, 1, (t:0, i:0))
2021-08-26 17:31:49,648 [grpc-default-executor-2] INFO  impl.VoteContext (VoteContext.java:log(48)) - c4880b1a-f63f-4492-a9df-0d04f2bfbd12@group-5ED93A64E77F-FOLLOWER: accept ELECTION from caca0df6-f340-40f9-9fdf-acdee16ce07d: our priority 0 <= candidate's priority 0
2021-08-26 17:31:49,648 [grpc-default-executor-2] INFO  server.RaftServer$Division (RaftServerImpl.java:setRole(285)) - c4880b1a-f63f-4492-a9df-0d04f2bfbd12@group-5ED93A64E77F: changes role from  FOLLOWER to FOLLOWER at term 1 for candidate:caca0df6-f340-40f9-9fdf-acdee16ce07d
2021-08-26 17:31:49,648 [grpc-default-executor-2] INFO  impl.RoleInfo (RoleInfo.java:shutdownFollowerState(108)) - c4880b1a-f63f-4492-a9df-0d04f2bfbd12: shutdown c4880b1a-f63f-4492-a9df-0d04f2bfbd12@group-5ED93A64E77F-FollowerState
2021-08-26 17:31:49,648 [grpc-default-executor-2] INFO  impl.RoleInfo (RoleInfo.java:updateAndGet(130)) - c4880b1a-f63f-4492-a9df-0d04f2bfbd12: start c4880b1a-f63f-4492-a9df-0d04f2bfbd12@group-5ED93A64E77F-FollowerState
2021-08-26 17:31:49,648 [c4880b1a-f63f-4492-a9df-0d04f2bfbd12@group-5ED93A64E77F-FollowerState] INFO  impl.FollowerState (FollowerState.java:run(143)) - c4880b1a-f63f-4492-a9df-0d04f2bfbd12@group-5ED93A64E77F-FollowerState was interrupted: {}
java.lang.InterruptedException: sleep interrupted
	at java.lang.Thread.sleep(Native Method)
	at java.lang.Thread.sleep(Thread.java:340)
	at java.util.concurrent.TimeUnit.sleep(TimeUnit.java:386)
	at org.apache.ratis.util.TimeDuration.sleep(TimeDuration.java:324)
	at org.apache.ratis.util.TimeDuration.sleep(TimeDuration.java:309)
	at org.apache.ratis.server.impl.FollowerState.run(FollowerState.java:118)
2021-08-26 17:31:49,650 [grpc-default-executor-2] INFO  server.RaftServer$Division (RaftServerImpl.java:requestVote(1075)) - c4880b1a-f63f-4492-a9df-0d04f2bfbd12@group-5ED93A64E77F replies to ELECTION vote request: caca0df6-f340-40f9-9fdf-acdee16ce07d<-c4880b1a-f63f-4492-a9df-0d04f2bfbd12#0:OK-t1. Peer's state: c4880b1a-f63f-4492-a9df-0d04f2bfbd12@group-5ED93A64E77F:t1, leader=null, voted=caca0df6-f340-40f9-9fdf-acdee16ce07d, raftlog=c4880b1a-f63f-4492-a9df-0d04f2bfbd12@group-5ED93A64E77F-SegmentedRaftLog:OPENED:c-1,f-1,i0, conf=-1: [c4880b1a-f63f-4492-a9df-0d04f2bfbd12|rpc:10.1.0.42:36835|priority:0, caca0df6-f340-40f9-9fdf-acdee16ce07d|rpc:10.1.0.42:39345|priority:0, 7ea02771-24eb-4f5a-8038-44a318ea5460|rpc:10.1.0.42:37543|priority:1], old=null
2021-08-26 17:31:49,656 [grpc-default-executor-0] INFO  impl.VoteContext (VoteContext.java:log(48)) - 7ea02771-24eb-4f5a-8038-44a318ea5460@group-5ED93A64E77F-CANDIDATE: reject ELECTION from caca0df6-f340-40f9-9fdf-acdee16ce07d: already has voted for 7ea02771-24eb-4f5a-8038-44a318ea5460 at current term 1
2021-08-26 17:31:49,656 [grpc-default-executor-0] INFO  server.RaftServer$Division (RaftServerImpl.java:requestVote(1075)) - 7ea02771-24eb-4f5a-8038-44a318ea5460@group-5ED93A64E77F replies to ELECTION vote request: caca0df6-f340-40f9-9fdf-acdee16ce07d<-7ea02771-24eb-4f5a-8038-44a318ea5460#0:FAIL-t1. Peer's state: 7ea02771-24eb-4f5a-8038-44a318ea5460@group-5ED93A64E77F:t1, leader=null, voted=7ea02771-24eb-4f5a-8038-44a318ea5460, raftlog=7ea02771-24eb-4f5a-8038-44a318ea5460@group-5ED93A64E77F-SegmentedRaftLog:OPENED:c-1,f-1,i0, conf=-1: [c4880b1a-f63f-4492-a9df-0d04f2bfbd12|rpc:10.1.0.42:36835|dataStream:|priority:0, caca0df6-f340-40f9-9fdf-acdee16ce07d|rpc:10.1.0.42:39345|dataStream:|priority:0, 7ea02771-24eb-4f5a-8038-44a318ea5460|rpc:10.1.0.42:37543|dataStream:|priority:1], old=null
2021-08-26 17:31:49,658 [caca0df6-f340-40f9-9fdf-acdee16ce07d@group-5ED93A64E77F-LeaderElection7] INFO  impl.LeaderElection (LeaderElection.java:logAndReturn(89)) - caca0df6-f340-40f9-9fdf-acdee16ce07d@group-5ED93A64E77F-LeaderElection7: ELECTION REJECTED received 2 response(s) and 0 exception(s):
2021-08-26 17:31:49,658 [caca0df6-f340-40f9-9fdf-acdee16ce07d@group-5ED93A64E77F-LeaderElection7] INFO  impl.LeaderElection (LeaderElection.java:logAndReturn(93)) -   Response 0: caca0df6-f340-40f9-9fdf-acdee16ce07d<-c4880b1a-f63f-4492-a9df-0d04f2bfbd12#0:OK-t1
2021-08-26 17:31:49,658 [caca0df6-f340-40f9-9fdf-acdee16ce07d@group-5ED93A64E77F-LeaderElection7] INFO  impl.LeaderElection (LeaderElection.java:logAndReturn(93)) -   Response 1: caca0df6-f340-40f9-9fdf-acdee16ce07d<-7ea02771-24eb-4f5a-8038-44a318ea5460#0:FAIL-t1
2021-08-26 17:31:49,658 [7ea02771-24eb-4f5a-8038-44a318ea5460@group-5ED93A64E77F-LeaderElection9] INFO  impl.LeaderElection (LeaderElection.java:askForVotes(306)) - 7ea02771-24eb-4f5a-8038-44a318ea5460@group-5ED93A64E77F-LeaderElection9 ELECTION round 0: submit vote requests at term 1 for -1: [c4880b1a-f63f-4492-a9df-0d04f2bfbd12|rpc:10.1.0.42:36835|dataStream:|priority:0, caca0df6-f340-40f9-9fdf-acdee16ce07d|rpc:10.1.0.42:39345|dataStream:|priority:0, 7ea02771-24eb-4f5a-8038-44a318ea5460|rpc:10.1.0.42:37543|dataStream:|priority:1], old=null
2021-08-26 17:31:49,658 [caca0df6-f340-40f9-9fdf-acdee16ce07d@group-5ED93A64E77F-LeaderElection7] INFO  impl.LeaderElection (LeaderElection.java:askForVotes(308)) - caca0df6-f340-40f9-9fdf-acdee16ce07d@group-5ED93A64E77F-LeaderElection7 ELECTION round 0: result REJECTED
2021-08-26 17:31:49,659 [caca0df6-f340-40f9-9fdf-acdee16ce07d@group-5ED93A64E77F-LeaderElection7] INFO  server.RaftServer$Division (RaftServerImpl.java:setRole(285)) - caca0df6-f340-40f9-9fdf-acdee16ce07d@group-5ED93A64E77F: changes role from CANDIDATE to FOLLOWER at term 1 for REJECTED
2021-08-26 17:31:49,659 [caca0df6-f340-40f9-9fdf-acdee16ce07d@group-5ED93A64E77F-LeaderElection7] INFO  impl.RoleInfo (RoleInfo.java:shutdownLeaderElection(121)) - caca0df6-f340-40f9-9fdf-acdee16ce07d: shutdown caca0df6-f340-40f9-9fdf-acdee16ce07d@group-5ED93A64E77F-LeaderElection7
2021-08-26 17:31:49,663 [Listener at 127.0.0.1/35991] INFO  rpc.RpcClient (RpcClient.java:createVolume(342)) - Creating Volume: testblockoutputstream, with runner as owner and space quota set to -1 bytes, counts quota set to -1
2021-08-26 17:31:49,667 [caca0df6-f340-40f9-9fdf-acdee16ce07d@group-5ED93A64E77F-LeaderElection7] INFO  impl.RoleInfo (RoleInfo.java:updateAndGet(130)) - caca0df6-f340-40f9-9fdf-acdee16ce07d: start caca0df6-f340-40f9-9fdf-acdee16ce07d@group-5ED93A64E77F-FollowerState
2021-08-26 17:31:49,689 [grpc-default-executor-2] INFO  server.RaftServer$Division (RaftServerImpl.java:requestVote(1043)) - c4880b1a-f63f-4492-a9df-0d04f2bfbd12@group-5ED93A64E77F: receive requestVote(ELECTION, 7ea02771-24eb-4f5a-8038-44a318ea5460, group-5ED93A64E77F, 1, (t:0, i:0))
2021-08-26 17:31:49,689 [grpc-default-executor-2] INFO  impl.VoteContext (VoteContext.java:log(48)) - c4880b1a-f63f-4492-a9df-0d04f2bfbd12@group-5ED93A64E77F-FOLLOWER: reject ELECTION from 7ea02771-24eb-4f5a-8038-44a318ea5460: already has voted for caca0df6-f340-40f9-9fdf-acdee16ce07d at current term 1
2021-08-26 17:31:49,690 [grpc-default-executor-2] INFO  server.RaftServer$Division (RaftServerImpl.java:requestVote(1075)) - c4880b1a-f63f-4492-a9df-0d04f2bfbd12@group-5ED93A64E77F replies to ELECTION vote request: 7ea02771-24eb-4f5a-8038-44a318ea5460<-c4880b1a-f63f-4492-a9df-0d04f2bfbd12#0:FAIL-t1. Peer's state: c4880b1a-f63f-4492-a9df-0d04f2bfbd12@group-5ED93A64E77F:t1, leader=null, voted=caca0df6-f340-40f9-9fdf-acdee16ce07d, raftlog=c4880b1a-f63f-4492-a9df-0d04f2bfbd12@group-5ED93A64E77F-SegmentedRaftLog:OPENED:c-1,f-1,i0, conf=-1: [c4880b1a-f63f-4492-a9df-0d04f2bfbd12|rpc:10.1.0.42:36835|priority:0, caca0df6-f340-40f9-9fdf-acdee16ce07d|rpc:10.1.0.42:39345|priority:0, 7ea02771-24eb-4f5a-8038-44a318ea5460|rpc:10.1.0.42:37543|priority:1], old=null
2021-08-26 17:31:49,691 [grpc-default-executor-0] INFO  server.RaftServer$Division (RaftServerImpl.java:requestVote(1043)) - caca0df6-f340-40f9-9fdf-acdee16ce07d@group-5ED93A64E77F: receive requestVote(ELECTION, 7ea02771-24eb-4f5a-8038-44a318ea5460, group-5ED93A64E77F, 1, (t:0, i:0))
2021-08-26 17:31:49,691 [grpc-default-executor-0] INFO  impl.VoteContext (VoteContext.java:log(48)) - caca0df6-f340-40f9-9fdf-acdee16ce07d@group-5ED93A64E77F-FOLLOWER: reject ELECTION from 7ea02771-24eb-4f5a-8038-44a318ea5460: already has voted for caca0df6-f340-40f9-9fdf-acdee16ce07d at current term 1
2021-08-26 17:31:49,691 [grpc-default-executor-0] INFO  server.RaftServer$Division (RaftServerImpl.java:requestVote(1075)) - caca0df6-f340-40f9-9fdf-acdee16ce07d@group-5ED93A64E77F replies to ELECTION vote request: 7ea02771-24eb-4f5a-8038-44a318ea5460<-caca0df6-f340-40f9-9fdf-acdee16ce07d#0:FAIL-t1. Peer's state: caca0df6-f340-40f9-9fdf-acdee16ce07d@group-5ED93A64E77F:t1, leader=null, voted=caca0df6-f340-40f9-9fdf-acdee16ce07d, raftlog=caca0df6-f340-40f9-9fdf-acdee16ce07d@group-5ED93A64E77F-SegmentedRaftLog:OPENED:c-1,f-1,i0, conf=-1: [c4880b1a-f63f-4492-a9df-0d04f2bfbd12|rpc:10.1.0.42:36835|dataStream:|priority:0, caca0df6-f340-40f9-9fdf-acdee16ce07d|rpc:10.1.0.42:39345|dataStream:|priority:0, 7ea02771-24eb-4f5a-8038-44a318ea5460|rpc:10.1.0.42:37543|dataStream:|priority:1], old=null
2021-08-26 17:31:49,697 [7ea02771-24eb-4f5a-8038-44a318ea5460@group-5ED93A64E77F-LeaderElection9] INFO  impl.LeaderElection (LeaderElection.java:logAndReturn(89)) - 7ea02771-24eb-4f5a-8038-44a318ea5460@group-5ED93A64E77F-LeaderElection9: ELECTION REJECTED received 2 response(s) and 0 exception(s):
2021-08-26 17:31:49,697 [7ea02771-24eb-4f5a-8038-44a318ea5460@group-5ED93A64E77F-LeaderElection9] INFO  impl.LeaderElection (LeaderElection.java:logAndReturn(93)) -   Response 0: 7ea02771-24eb-4f5a-8038-44a318ea5460<-c4880b1a-f63f-4492-a9df-0d04f2bfbd12#0:FAIL-t1
2021-08-26 17:31:49,697 [7ea02771-24eb-4f5a-8038-44a318ea5460@group-5ED93A64E77F-LeaderElection9] INFO  impl.LeaderElection (LeaderElection.java:logAndReturn(93)) -   Response 1: 7ea02771-24eb-4f5a-8038-44a318ea5460<-caca0df6-f340-40f9-9fdf-acdee16ce07d#0:FAIL-t1
2021-08-26 17:31:49,698 [7ea02771-24eb-4f5a-8038-44a318ea5460@group-5ED93A64E77F-LeaderElection9] INFO  impl.LeaderElection (LeaderElection.java:askForVotes(308)) - 7ea02771-24eb-4f5a-8038-44a318ea5460@group-5ED93A64E77F-LeaderElection9 ELECTION round 0: result REJECTED
2021-08-26 17:31:49,698 [7ea02771-24eb-4f5a-8038-44a318ea5460@group-5ED93A64E77F-LeaderElection9] INFO  server.RaftServer$Division (RaftServerImpl.java:setRole(285)) - 7ea02771-24eb-4f5a-8038-44a318ea5460@group-5ED93A64E77F: changes role from CANDIDATE to FOLLOWER at term 1 for REJECTED
2021-08-26 17:31:49,698 [7ea02771-24eb-4f5a-8038-44a318ea5460@group-5ED93A64E77F-LeaderElection9] INFO  impl.RoleInfo (RoleInfo.java:shutdownLeaderElection(121)) - 7ea02771-24eb-4f5a-8038-44a318ea5460: shutdown 7ea02771-24eb-4f5a-8038-44a318ea5460@group-5ED93A64E77F-LeaderElection9
2021-08-26 17:31:49,698 [7ea02771-24eb-4f5a-8038-44a318ea5460@group-5ED93A64E77F-LeaderElection9] INFO  impl.RoleInfo (RoleInfo.java:updateAndGet(130)) - 7ea02771-24eb-4f5a-8038-44a318ea5460: start 7ea02771-24eb-4f5a-8038-44a318ea5460@group-5ED93A64E77F-FollowerState
2021-08-26 17:31:49,743 [OM StateMachine ApplyTransaction Thread - 0] INFO  volume.OMVolumeCreateRequest (OMVolumeCreateRequest.java:validateAndUpdateCache(195)) - created volume:testblockoutputstream for user:runner
2021-08-26 17:31:49,756 [c4880b1a-f63f-4492-a9df-0d04f2bfbd12@group-581338FFE026-FollowerState] INFO  impl.FollowerState (FollowerState.java:run(134)) - c4880b1a-f63f-4492-a9df-0d04f2bfbd12@group-581338FFE026-FollowerState: change to CANDIDATE, lastRpcElapsedTime:5116168386ns, electionTimeout:5108ms
2021-08-26 17:31:49,756 [c4880b1a-f63f-4492-a9df-0d04f2bfbd12@group-581338FFE026-FollowerState] INFO  impl.RoleInfo (RoleInfo.java:shutdownFollowerState(108)) - c4880b1a-f63f-4492-a9df-0d04f2bfbd12: shutdown c4880b1a-f63f-4492-a9df-0d04f2bfbd12@group-581338FFE026-FollowerState
2021-08-26 17:31:49,756 [c4880b1a-f63f-4492-a9df-0d04f2bfbd12@group-581338FFE026-FollowerState] INFO  server.RaftServer$Division (RaftServerImpl.java:setRole(285)) - c4880b1a-f63f-4492-a9df-0d04f2bfbd12@group-581338FFE026: changes role from  FOLLOWER to CANDIDATE at term 0 for changeToCandidate
2021-08-26 17:31:49,756 [c4880b1a-f63f-4492-a9df-0d04f2bfbd12@group-581338FFE026-FollowerState] INFO  server.RaftServerConfigKeys (ConfUtils.java:logGet(44)) - raft.server.leaderelection.pre-vote = false (custom)
2021-08-26 17:31:49,756 [c4880b1a-f63f-4492-a9df-0d04f2bfbd12@group-581338FFE026-FollowerState] INFO  impl.RoleInfo (RoleInfo.java:updateAndGet(130)) - c4880b1a-f63f-4492-a9df-0d04f2bfbd12: start c4880b1a-f63f-4492-a9df-0d04f2bfbd12@group-581338FFE026-LeaderElection10
2021-08-26 17:31:49,761 [7ea02771-24eb-4f5a-8038-44a318ea5460@group-F0297E41A7C6-FollowerState] INFO  impl.FollowerState (FollowerState.java:run(134)) - 7ea02771-24eb-4f5a-8038-44a318ea5460@group-F0297E41A7C6-FollowerState: change to CANDIDATE, lastRpcElapsedTime:5054575165ns, electionTimeout:5046ms
2021-08-26 17:31:49,761 [7ea02771-24eb-4f5a-8038-44a318ea5460@group-F0297E41A7C6-FollowerState] INFO  impl.RoleInfo (RoleInfo.java:shutdownFollowerState(108)) - 7ea02771-24eb-4f5a-8038-44a318ea5460: shutdown 7ea02771-24eb-4f5a-8038-44a318ea5460@group-F0297E41A7C6-FollowerState
2021-08-26 17:31:49,761 [7ea02771-24eb-4f5a-8038-44a318ea5460@group-F0297E41A7C6-FollowerState] INFO  server.RaftServer$Division (RaftServerImpl.java:setRole(285)) - 7ea02771-24eb-4f5a-8038-44a318ea5460@group-F0297E41A7C6: changes role from  FOLLOWER to CANDIDATE at term 0 for changeToCandidate
2021-08-26 17:31:49,762 [7ea02771-24eb-4f5a-8038-44a318ea5460@group-F0297E41A7C6-FollowerState] INFO  server.RaftServerConfigKeys (ConfUtils.java:logGet(44)) - raft.server.leaderelection.pre-vote = false (custom)
2021-08-26 17:31:49,762 [7ea02771-24eb-4f5a-8038-44a318ea5460@group-F0297E41A7C6-FollowerState] INFO  impl.RoleInfo (RoleInfo.java:updateAndGet(130)) - 7ea02771-24eb-4f5a-8038-44a318ea5460: start 7ea02771-24eb-4f5a-8038-44a318ea5460@group-F0297E41A7C6-LeaderElection11
2021-08-26 17:31:49,774 [c4880b1a-f63f-4492-a9df-0d04f2bfbd12@group-581338FFE026-LeaderElection10] INFO  impl.LeaderElection (LeaderElection.java:askForVotes(306)) - c4880b1a-f63f-4492-a9df-0d04f2bfbd12@group-581338FFE026-LeaderElection10 ELECTION round 0: submit vote requests at term 1 for -1: [c4880b1a-f63f-4492-a9df-0d04f2bfbd12|rpc:10.1.0.42:36835|priority:0, caca0df6-f340-40f9-9fdf-acdee16ce07d|rpc:10.1.0.42:39345|priority:1, 7ea02771-24eb-4f5a-8038-44a318ea5460|rpc:10.1.0.42:37543|priority:0], old=null
2021-08-26 17:31:49,785 [Listener at 127.0.0.1/35991] INFO  rpc.RpcClient (RpcClient.java:createBucket(502)) - Creating Bucket: testblockoutputstream/testblockoutputstream, with Versioning false and Storage Type set to DISK and Encryption set to false 
2021-08-26 17:31:49,793 [7ea02771-24eb-4f5a-8038-44a318ea5460@group-F0297E41A7C6-LeaderElection11] INFO  impl.LeaderElection (LeaderElection.java:askForVotes(306)) - 7ea02771-24eb-4f5a-8038-44a318ea5460@group-F0297E41A7C6-LeaderElection11 ELECTION round 0: submit vote requests at term 1 for -1: [7ea02771-24eb-4f5a-8038-44a318ea5460|rpc:10.1.0.42:37543|priority:1], old=null
2021-08-26 17:31:49,793 [7ea02771-24eb-4f5a-8038-44a318ea5460@group-F0297E41A7C6-LeaderElection11] INFO  impl.LeaderElection (LeaderElection.java:askForVotes(308)) - 7ea02771-24eb-4f5a-8038-44a318ea5460@group-F0297E41A7C6-LeaderElection11 ELECTION round 0: result PASSED (term=1)
2021-08-26 17:31:49,793 [7ea02771-24eb-4f5a-8038-44a318ea5460@group-F0297E41A7C6-LeaderElection11] INFO  impl.RoleInfo (RoleInfo.java:shutdownLeaderElection(121)) - 7ea02771-24eb-4f5a-8038-44a318ea5460: shutdown 7ea02771-24eb-4f5a-8038-44a318ea5460@group-F0297E41A7C6-LeaderElection11
2021-08-26 17:31:49,793 [7ea02771-24eb-4f5a-8038-44a318ea5460@group-F0297E41A7C6-LeaderElection11] INFO  server.RaftServer$Division (RaftServerImpl.java:setRole(285)) - 7ea02771-24eb-4f5a-8038-44a318ea5460@group-F0297E41A7C6: changes role from CANDIDATE to LEADER at term 1 for changeToLeader
2021-08-26 17:31:49,793 [7ea02771-24eb-4f5a-8038-44a318ea5460@group-F0297E41A7C6-LeaderElection11] INFO  ratis.XceiverServerRatis (XceiverServerRatis.java:handleLeaderChangedNotification(861)) - Leader change notification received for group: group-F0297E41A7C6 with new leaderId: 7ea02771-24eb-4f5a-8038-44a318ea5460
2021-08-26 17:31:49,793 [7ea02771-24eb-4f5a-8038-44a318ea5460@group-F0297E41A7C6-LeaderElection11] INFO  server.RaftServer$Division (ServerState.java:setLeader(285)) - 7ea02771-24eb-4f5a-8038-44a318ea5460@group-F0297E41A7C6: change Leader from null to 7ea02771-24eb-4f5a-8038-44a318ea5460 at term 1 for becomeLeader, leader elected after 5104ms
2021-08-26 17:31:49,793 [7ea02771-24eb-4f5a-8038-44a318ea5460@group-581338FFE026-FollowerState] INFO  impl.FollowerState (FollowerState.java:run(134)) - 7ea02771-24eb-4f5a-8038-44a318ea5460@group-581338FFE026-FollowerState: change to CANDIDATE, lastRpcElapsedTime:5129302190ns, electionTimeout:5128ms
2021-08-26 17:31:49,793 [7ea02771-24eb-4f5a-8038-44a318ea5460@group-F0297E41A7C6-LeaderElection11] INFO  server.RaftServerConfigKeys (ConfUtils.java:logGet(44)) - raft.server.staging.catchup.gap = 1000 (default)
2021-08-26 17:31:49,793 [7ea02771-24eb-4f5a-8038-44a318ea5460@group-581338FFE026-FollowerState] INFO  impl.RoleInfo (RoleInfo.java:shutdownFollowerState(108)) - 7ea02771-24eb-4f5a-8038-44a318ea5460: shutdown 7ea02771-24eb-4f5a-8038-44a318ea5460@group-581338FFE026-FollowerState
2021-08-26 17:31:49,793 [7ea02771-24eb-4f5a-8038-44a318ea5460@group-581338FFE026-FollowerState] INFO  server.RaftServer$Division (RaftServerImpl.java:setRole(285)) - 7ea02771-24eb-4f5a-8038-44a318ea5460@group-581338FFE026: changes role from  FOLLOWER to CANDIDATE at term 0 for changeToCandidate
2021-08-26 17:31:49,793 [7ea02771-24eb-4f5a-8038-44a318ea5460@group-F0297E41A7C6-LeaderElection11] INFO  server.RaftServerConfigKeys (ConfUtils.java:logGet(44)) - raft.server.write.element-limit = 1024 (custom)
2021-08-26 17:31:49,793 [7ea02771-24eb-4f5a-8038-44a318ea5460@group-581338FFE026-FollowerState] INFO  server.RaftServerConfigKeys (ConfUtils.java:logGet(44)) - raft.server.leaderelection.pre-vote = false (custom)
2021-08-26 17:31:49,793 [7ea02771-24eb-4f5a-8038-44a318ea5460@group-F0297E41A7C6-LeaderElection11] INFO  server.RaftServerConfigKeys (ConfUtils.java:logGet(44)) - raft.server.write.byte-limit = 1024 M (=1073741824) (custom)
2021-08-26 17:31:49,793 [7ea02771-24eb-4f5a-8038-44a318ea5460@group-581338FFE026-FollowerState] INFO  impl.RoleInfo (RoleInfo.java:updateAndGet(130)) - 7ea02771-24eb-4f5a-8038-44a318ea5460: start 7ea02771-24eb-4f5a-8038-44a318ea5460@group-581338FFE026-LeaderElection12
2021-08-26 17:31:49,794 [7ea02771-24eb-4f5a-8038-44a318ea5460@group-F0297E41A7C6-LeaderElection11] INFO  server.RaftServerConfigKeys (ConfUtils.java:logGet(44)) - raft.server.watch.timeout = 3000ms (custom)
2021-08-26 17:31:49,794 [Datanode State Machine Thread - 0] WARN  statemachine.StateContext (StateContext.java:execute(621)) - No available thread in pool for past 1 seconds.
2021-08-26 17:31:49,794 [7ea02771-24eb-4f5a-8038-44a318ea5460@group-F0297E41A7C6-LeaderElection11] INFO  server.RaftServerConfigKeys (ConfUtils.java:logGet(44)) - raft.server.watch.timeout.denomination = 1s (default)
2021-08-26 17:31:49,794 [7ea02771-24eb-4f5a-8038-44a318ea5460@group-F0297E41A7C6-LeaderElection11] INFO  server.RaftServerConfigKeys (ConfUtils.java:logGet(44)) - raft.server.watch.element-limit = 65536 (default)
2021-08-26 17:31:49,794 [7ea02771-24eb-4f5a-8038-44a318ea5460@group-F0297E41A7C6-LeaderElection11] INFO  impl.RoleInfo (RoleInfo.java:updateAndGet(130)) - 7ea02771-24eb-4f5a-8038-44a318ea5460: start 7ea02771-24eb-4f5a-8038-44a318ea5460@group-F0297E41A7C6-LeaderStateImpl
2021-08-26 17:31:49,794 [7ea02771-24eb-4f5a-8038-44a318ea5460@group-F0297E41A7C6-LeaderElection11] INFO  segmented.SegmentedRaftLogWorker (SegmentedRaftLogWorker.java:startLogSegment(394)) - 7ea02771-24eb-4f5a-8038-44a318ea5460@group-F0297E41A7C6-SegmentedRaftLogWorker: Starting segment from index:0
2021-08-26 17:31:49,800 [grpc-default-executor-0] INFO  server.RaftServer$Division (RaftServerImpl.java:requestVote(1043)) - caca0df6-f340-40f9-9fdf-acdee16ce07d@group-581338FFE026: receive requestVote(ELECTION, c4880b1a-f63f-4492-a9df-0d04f2bfbd12, group-581338FFE026, 1, (t:0, i:0))
2021-08-26 17:31:49,800 [grpc-default-executor-0] INFO  impl.VoteContext (VoteContext.java:log(48)) - caca0df6-f340-40f9-9fdf-acdee16ce07d@group-581338FFE026-FOLLOWER: reject ELECTION from c4880b1a-f63f-4492-a9df-0d04f2bfbd12: our priority 1 > candidate's priority 0
2021-08-26 17:31:49,801 [grpc-default-executor-0] INFO  server.RaftServer$Division (RaftServerImpl.java:setRole(285)) - caca0df6-f340-40f9-9fdf-acdee16ce07d@group-581338FFE026: changes role from  FOLLOWER to FOLLOWER at term 1 for candidate:c4880b1a-f63f-4492-a9df-0d04f2bfbd12
2021-08-26 17:31:49,801 [grpc-default-executor-0] INFO  impl.RoleInfo (RoleInfo.java:shutdownFollowerState(108)) - caca0df6-f340-40f9-9fdf-acdee16ce07d: shutdown caca0df6-f340-40f9-9fdf-acdee16ce07d@group-581338FFE026-FollowerState
2021-08-26 17:31:49,803 [7ea02771-24eb-4f5a-8038-44a318ea5460@group-F0297E41A7C6-LeaderElection11] INFO  server.RaftServer$Division (ServerState.java:setRaftConf(387)) - 7ea02771-24eb-4f5a-8038-44a318ea5460@group-F0297E41A7C6: set configuration 0: [7ea02771-24eb-4f5a-8038-44a318ea5460|rpc:10.1.0.42:37543|dataStream:|priority:1], old=null
2021-08-26 17:31:49,805 [7ea02771-24eb-4f5a-8038-44a318ea5460@group-F0297E41A7C6-SegmentedRaftLogWorker] INFO  segmented.SegmentedRaftLogWorker (SegmentedRaftLogWorker.java:execute(601)) - 7ea02771-24eb-4f5a-8038-44a318ea5460@group-F0297E41A7C6-SegmentedRaftLogWorker: created new log segment /home/runner/work/ozone/ozone/hadoop-ozone/integration-test/target/test-dir/MiniOzoneClusterImpl-daa96565-427e-4fca-a993-08525edc6fa6/datanode-4/data/ratis/c70312f2-e64a-4b6e-85be-f0297e41a7c6/current/log_inprogress_0
2021-08-26 17:31:49,806 [grpc-default-executor-0] INFO  impl.RoleInfo (RoleInfo.java:updateAndGet(130)) - caca0df6-f340-40f9-9fdf-acdee16ce07d: start caca0df6-f340-40f9-9fdf-acdee16ce07d@group-581338FFE026-FollowerState
2021-08-26 17:31:49,806 [caca0df6-f340-40f9-9fdf-acdee16ce07d@group-581338FFE026-FollowerState] INFO  impl.FollowerState (FollowerState.java:run(143)) - caca0df6-f340-40f9-9fdf-acdee16ce07d@group-581338FFE026-FollowerState was interrupted: {}
java.lang.InterruptedException: sleep interrupted
	at java.lang.Thread.sleep(Native Method)
	at java.lang.Thread.sleep(Thread.java:340)
	at java.util.concurrent.TimeUnit.sleep(TimeUnit.java:386)
	at org.apache.ratis.util.TimeDuration.sleep(TimeDuration.java:324)
	at org.apache.ratis.util.TimeDuration.sleep(TimeDuration.java:309)
	at org.apache.ratis.server.impl.FollowerState.run(FollowerState.java:118)
2021-08-26 17:31:49,808 [7ea02771-24eb-4f5a-8038-44a318ea5460@group-581338FFE026-LeaderElection12] INFO  impl.LeaderElection (LeaderElection.java:askForVotes(306)) - 7ea02771-24eb-4f5a-8038-44a318ea5460@group-581338FFE026-LeaderElection12 ELECTION round 0: submit vote requests at term 1 for -1: [c4880b1a-f63f-4492-a9df-0d04f2bfbd12|rpc:10.1.0.42:36835|dataStream:|priority:0, caca0df6-f340-40f9-9fdf-acdee16ce07d|rpc:10.1.0.42:39345|dataStream:|priority:1, 7ea02771-24eb-4f5a-8038-44a318ea5460|rpc:10.1.0.42:37543|dataStream:|priority:0], old=null
2021-08-26 17:31:49,813 [grpc-default-executor-0] INFO  server.RaftServer$Division (RaftServerImpl.java:requestVote(1075)) - caca0df6-f340-40f9-9fdf-acdee16ce07d@group-581338FFE026 replies to ELECTION vote request: c4880b1a-f63f-4492-a9df-0d04f2bfbd12<-caca0df6-f340-40f9-9fdf-acdee16ce07d#0:FAIL-t1. Peer's state: caca0df6-f340-40f9-9fdf-acdee16ce07d@group-581338FFE026:t1, leader=null, voted=null, raftlog=caca0df6-f340-40f9-9fdf-acdee16ce07d@group-581338FFE026-SegmentedRaftLog:OPENED:c-1,f-1,i0, conf=-1: [c4880b1a-f63f-4492-a9df-0d04f2bfbd12|rpc:10.1.0.42:36835|dataStream:|priority:0, caca0df6-f340-40f9-9fdf-acdee16ce07d|rpc:10.1.0.42:39345|dataStream:|priority:1, 7ea02771-24eb-4f5a-8038-44a318ea5460|rpc:10.1.0.42:37543|dataStream:|priority:0], old=null
2021-08-26 17:31:49,822 [c4880b1a-f63f-4492-a9df-0d04f2bfbd12@group-581338FFE026-LeaderElection10] INFO  impl.LeaderElection (LeaderElection.java:logAndReturn(89)) - c4880b1a-f63f-4492-a9df-0d04f2bfbd12@group-581338FFE026-LeaderElection10: ELECTION REJECTED received 1 response(s) and 0 exception(s):
2021-08-26 17:31:49,823 [c4880b1a-f63f-4492-a9df-0d04f2bfbd12@group-581338FFE026-LeaderElection10] INFO  impl.LeaderElection (LeaderElection.java:logAndReturn(93)) -   Response 0: c4880b1a-f63f-4492-a9df-0d04f2bfbd12<-caca0df6-f340-40f9-9fdf-acdee16ce07d#0:FAIL-t1
2021-08-26 17:31:49,823 [c4880b1a-f63f-4492-a9df-0d04f2bfbd12@group-581338FFE026-LeaderElection10] INFO  impl.LeaderElection (LeaderElection.java:askForVotes(308)) - c4880b1a-f63f-4492-a9df-0d04f2bfbd12@group-581338FFE026-LeaderElection10 ELECTION round 0: result REJECTED
2021-08-26 17:31:49,823 [c4880b1a-f63f-4492-a9df-0d04f2bfbd12@group-581338FFE026-LeaderElection10] INFO  server.RaftServer$Division (RaftServerImpl.java:setRole(285)) - c4880b1a-f63f-4492-a9df-0d04f2bfbd12@group-581338FFE026: changes role from CANDIDATE to FOLLOWER at term 1 for REJECTED
2021-08-26 17:31:49,823 [c4880b1a-f63f-4492-a9df-0d04f2bfbd12@group-581338FFE026-LeaderElection10] INFO  impl.RoleInfo (RoleInfo.java:shutdownLeaderElection(121)) - c4880b1a-f63f-4492-a9df-0d04f2bfbd12: shutdown c4880b1a-f63f-4492-a9df-0d04f2bfbd12@group-581338FFE026-LeaderElection10
2021-08-26 17:31:49,823 [c4880b1a-f63f-4492-a9df-0d04f2bfbd12@group-581338FFE026-LeaderElection10] INFO  impl.RoleInfo (RoleInfo.java:updateAndGet(130)) - c4880b1a-f63f-4492-a9df-0d04f2bfbd12: start c4880b1a-f63f-4492-a9df-0d04f2bfbd12@group-581338FFE026-FollowerState
2021-08-26 17:31:49,836 [grpc-default-executor-2] INFO  server.RaftServer$Division (RaftServerImpl.java:requestVote(1043)) - c4880b1a-f63f-4492-a9df-0d04f2bfbd12@group-581338FFE026: receive requestVote(ELECTION, 7ea02771-24eb-4f5a-8038-44a318ea5460, group-581338FFE026, 1, (t:0, i:0))
2021-08-26 17:31:49,837 [grpc-default-executor-2] INFO  impl.VoteContext (VoteContext.java:log(48)) - c4880b1a-f63f-4492-a9df-0d04f2bfbd12@group-581338FFE026-FOLLOWER: reject ELECTION from 7ea02771-24eb-4f5a-8038-44a318ea5460: already has voted for c4880b1a-f63f-4492-a9df-0d04f2bfbd12 at current term 1
2021-08-26 17:31:49,837 [grpc-default-executor-2] INFO  server.RaftServer$Division (RaftServerImpl.java:requestVote(1075)) - c4880b1a-f63f-4492-a9df-0d04f2bfbd12@group-581338FFE026 replies to ELECTION vote request: 7ea02771-24eb-4f5a-8038-44a318ea5460<-c4880b1a-f63f-4492-a9df-0d04f2bfbd12#0:FAIL-t1. Peer's state: c4880b1a-f63f-4492-a9df-0d04f2bfbd12@group-581338FFE026:t1, leader=null, voted=c4880b1a-f63f-4492-a9df-0d04f2bfbd12, raftlog=c4880b1a-f63f-4492-a9df-0d04f2bfbd12@group-581338FFE026-SegmentedRaftLog:OPENED:c-1,f-1,i0, conf=-1: [c4880b1a-f63f-4492-a9df-0d04f2bfbd12|rpc:10.1.0.42:36835|priority:0, caca0df6-f340-40f9-9fdf-acdee16ce07d|rpc:10.1.0.42:39345|priority:1, 7ea02771-24eb-4f5a-8038-44a318ea5460|rpc:10.1.0.42:37543|priority:0], old=null
2021-08-26 17:31:49,836 [grpc-default-executor-0] INFO  server.RaftServer$Division (RaftServerImpl.java:requestVote(1043)) - 7ea02771-24eb-4f5a-8038-44a318ea5460@group-581338FFE026: receive requestVote(ELECTION, c4880b1a-f63f-4492-a9df-0d04f2bfbd12, group-581338FFE026, 1, (t:0, i:0))
2021-08-26 17:31:49,838 [grpc-default-executor-0] INFO  impl.VoteContext (VoteContext.java:log(48)) - 7ea02771-24eb-4f5a-8038-44a318ea5460@group-581338FFE026-CANDIDATE: reject ELECTION from c4880b1a-f63f-4492-a9df-0d04f2bfbd12: already has voted for 7ea02771-24eb-4f5a-8038-44a318ea5460 at current term 1
2021-08-26 17:31:49,838 [grpc-default-executor-0] INFO  server.RaftServer$Division (RaftServerImpl.java:requestVote(1075)) - 7ea02771-24eb-4f5a-8038-44a318ea5460@group-581338FFE026 replies to ELECTION vote request: c4880b1a-f63f-4492-a9df-0d04f2bfbd12<-7ea02771-24eb-4f5a-8038-44a318ea5460#0:FAIL-t1. Peer's state: 7ea02771-24eb-4f5a-8038-44a318ea5460@group-581338FFE026:t1, leader=null, voted=7ea02771-24eb-4f5a-8038-44a318ea5460, raftlog=7ea02771-24eb-4f5a-8038-44a318ea5460@group-581338FFE026-SegmentedRaftLog:OPENED:c-1,f-1,i0, conf=-1: [c4880b1a-f63f-4492-a9df-0d04f2bfbd12|rpc:10.1.0.42:36835|dataStream:|priority:0, caca0df6-f340-40f9-9fdf-acdee16ce07d|rpc:10.1.0.42:39345|dataStream:|priority:1, 7ea02771-24eb-4f5a-8038-44a318ea5460|rpc:10.1.0.42:37543|dataStream:|priority:0], old=null
2021-08-26 17:31:49,841 [grpc-default-executor-1] INFO  server.RaftServer$Division (RaftServerImpl.java:requestVote(1043)) - caca0df6-f340-40f9-9fdf-acdee16ce07d@group-581338FFE026: receive requestVote(ELECTION, 7ea02771-24eb-4f5a-8038-44a318ea5460, group-581338FFE026, 1, (t:0, i:0))
2021-08-26 17:31:49,843 [grpc-default-executor-1] INFO  impl.VoteContext (VoteContext.java:log(48)) - caca0df6-f340-40f9-9fdf-acdee16ce07d@group-581338FFE026-FOLLOWER: reject ELECTION from 7ea02771-24eb-4f5a-8038-44a318ea5460: our priority 1 > candidate's priority 0
2021-08-26 17:31:49,843 [grpc-default-executor-1] INFO  server.RaftServer$Division (RaftServerImpl.java:setRole(285)) - caca0df6-f340-40f9-9fdf-acdee16ce07d@group-581338FFE026: changes role from  FOLLOWER to FOLLOWER at term 1 for candidate:7ea02771-24eb-4f5a-8038-44a318ea5460
2021-08-26 17:31:49,843 [grpc-default-executor-1] INFO  impl.RoleInfo (RoleInfo.java:shutdownFollowerState(108)) - caca0df6-f340-40f9-9fdf-acdee16ce07d: shutdown caca0df6-f340-40f9-9fdf-acdee16ce07d@group-581338FFE026-FollowerState
2021-08-26 17:31:49,843 [grpc-default-executor-1] INFO  impl.RoleInfo (RoleInfo.java:updateAndGet(130)) - caca0df6-f340-40f9-9fdf-acdee16ce07d: start caca0df6-f340-40f9-9fdf-acdee16ce07d@group-581338FFE026-FollowerState
2021-08-26 17:31:49,843 [caca0df6-f340-40f9-9fdf-acdee16ce07d@group-581338FFE026-FollowerState] INFO  impl.FollowerState (FollowerState.java:run(143)) - caca0df6-f340-40f9-9fdf-acdee16ce07d@group-581338FFE026-FollowerState was interrupted: {}
java.lang.InterruptedException: sleep interrupted
	at java.lang.Thread.sleep(Native Method)
	at java.lang.Thread.sleep(Thread.java:340)
	at java.util.concurrent.TimeUnit.sleep(TimeUnit.java:386)
	at org.apache.ratis.util.TimeDuration.sleep(TimeDuration.java:324)
	at org.apache.ratis.util.TimeDuration.sleep(TimeDuration.java:309)
	at org.apache.ratis.server.impl.FollowerState.run(FollowerState.java:118)
2021-08-26 17:31:49,847 [grpc-default-executor-1] INFO  server.RaftServer$Division (RaftServerImpl.java:requestVote(1075)) - caca0df6-f340-40f9-9fdf-acdee16ce07d@group-581338FFE026 replies to ELECTION vote request: 7ea02771-24eb-4f5a-8038-44a318ea5460<-caca0df6-f340-40f9-9fdf-acdee16ce07d#0:FAIL-t1. Peer's state: caca0df6-f340-40f9-9fdf-acdee16ce07d@group-581338FFE026:t1, leader=null, voted=null, raftlog=caca0df6-f340-40f9-9fdf-acdee16ce07d@group-581338FFE026-SegmentedRaftLog:OPENED:c-1,f-1,i0, conf=-1: [c4880b1a-f63f-4492-a9df-0d04f2bfbd12|rpc:10.1.0.42:36835|dataStream:|priority:0, caca0df6-f340-40f9-9fdf-acdee16ce07d|rpc:10.1.0.42:39345|dataStream:|priority:1, 7ea02771-24eb-4f5a-8038-44a318ea5460|rpc:10.1.0.42:37543|dataStream:|priority:0], old=null
2021-08-26 17:31:49,855 [7ea02771-24eb-4f5a-8038-44a318ea5460@group-581338FFE026-LeaderElection12] INFO  impl.LeaderElection (LeaderElection.java:logAndReturn(89)) - 7ea02771-24eb-4f5a-8038-44a318ea5460@group-581338FFE026-LeaderElection12: ELECTION REJECTED received 2 response(s) and 0 exception(s):
2021-08-26 17:31:49,855 [7ea02771-24eb-4f5a-8038-44a318ea5460@group-581338FFE026-LeaderElection12] INFO  impl.LeaderElection (LeaderElection.java:logAndReturn(93)) -   Response 0: 7ea02771-24eb-4f5a-8038-44a318ea5460<-c4880b1a-f63f-4492-a9df-0d04f2bfbd12#0:FAIL-t1
2021-08-26 17:31:49,855 [7ea02771-24eb-4f5a-8038-44a318ea5460@group-581338FFE026-LeaderElection12] INFO  impl.LeaderElection (LeaderElection.java:logAndReturn(93)) -   Response 1: 7ea02771-24eb-4f5a-8038-44a318ea5460<-caca0df6-f340-40f9-9fdf-acdee16ce07d#0:FAIL-t1
2021-08-26 17:31:49,855 [7ea02771-24eb-4f5a-8038-44a318ea5460@group-581338FFE026-LeaderElection12] INFO  impl.LeaderElection (LeaderElection.java:askForVotes(308)) - 7ea02771-24eb-4f5a-8038-44a318ea5460@group-581338FFE026-LeaderElection12 ELECTION round 0: result REJECTED
2021-08-26 17:31:49,855 [7ea02771-24eb-4f5a-8038-44a318ea5460@group-581338FFE026-LeaderElection12] INFO  server.RaftServer$Division (RaftServerImpl.java:setRole(285)) - 7ea02771-24eb-4f5a-8038-44a318ea5460@group-581338FFE026: changes role from CANDIDATE to FOLLOWER at term 1 for REJECTED
2021-08-26 17:31:49,855 [7ea02771-24eb-4f5a-8038-44a318ea5460@group-581338FFE026-LeaderElection12] INFO  impl.RoleInfo (RoleInfo.java:shutdownLeaderElection(121)) - 7ea02771-24eb-4f5a-8038-44a318ea5460: shutdown 7ea02771-24eb-4f5a-8038-44a318ea5460@group-581338FFE026-LeaderElection12
2021-08-26 17:31:49,855 [7ea02771-24eb-4f5a-8038-44a318ea5460@group-581338FFE026-LeaderElection12] INFO  impl.RoleInfo (RoleInfo.java:updateAndGet(130)) - 7ea02771-24eb-4f5a-8038-44a318ea5460: start 7ea02771-24eb-4f5a-8038-44a318ea5460@group-581338FFE026-FollowerState
2021-08-26 17:31:49,882 [IPC Server handler 0 on default port 35177] INFO  ha.SequenceIdGenerator (SequenceIdGenerator.java:getNextId(127)) - Allocate a batch for containerId, change lastId from 0 to 1000.
2021-08-26 17:31:49,892 [IPC Server handler 0 on default port 35177] WARN  ha.SequenceIdGenerator (SequenceIdGenerator.java:allocateBatch(234)) - Failed to allocate a batch for localId, expected lastId is 0, actual lastId is 107544261427200000.
2021-08-26 17:31:49,892 [IPC Server handler 0 on default port 35177] INFO  ha.SequenceIdGenerator (SequenceIdGenerator.java:getNextId(127)) - Allocate a batch for localId, change lastId from 107544261427200000 to 107544261427201000.
2021-08-26 17:31:49,968 [Listener at 127.0.0.1/35991] INFO  impl.MetricsSystemImpl (MetricsSystemImpl.java:init(158)) - XceiverClientMetrics metrics system started (again)
2021-08-26 17:31:50,058 [caca0df6-f340-40f9-9fdf-acdee16ce07d@group-4257E8BD3A71-FollowerState] INFO  impl.FollowerState (FollowerState.java:run(134)) - caca0df6-f340-40f9-9fdf-acdee16ce07d@group-4257E8BD3A71-FollowerState: change to CANDIDATE, lastRpcElapsedTime:5183883109ns, electionTimeout:5183ms
2021-08-26 17:31:50,058 [caca0df6-f340-40f9-9fdf-acdee16ce07d@group-4257E8BD3A71-FollowerState] INFO  impl.RoleInfo (RoleInfo.java:shutdownFollowerState(108)) - caca0df6-f340-40f9-9fdf-acdee16ce07d: shutdown caca0df6-f340-40f9-9fdf-acdee16ce07d@group-4257E8BD3A71-FollowerState
2021-08-26 17:31:50,058 [caca0df6-f340-40f9-9fdf-acdee16ce07d@group-4257E8BD3A71-FollowerState] INFO  server.RaftServer$Division (RaftServerImpl.java:setRole(285)) - caca0df6-f340-40f9-9fdf-acdee16ce07d@group-4257E8BD3A71: changes role from  FOLLOWER to CANDIDATE at term 0 for changeToCandidate
2021-08-26 17:31:50,058 [caca0df6-f340-40f9-9fdf-acdee16ce07d@group-4257E8BD3A71-FollowerState] INFO  server.RaftServerConfigKeys (ConfUtils.java:logGet(44)) - raft.server.leaderelection.pre-vote = false (custom)
2021-08-26 17:31:50,058 [caca0df6-f340-40f9-9fdf-acdee16ce07d@group-4257E8BD3A71-FollowerState] INFO  impl.RoleInfo (RoleInfo.java:updateAndGet(130)) - caca0df6-f340-40f9-9fdf-acdee16ce07d: start caca0df6-f340-40f9-9fdf-acdee16ce07d@group-4257E8BD3A71-LeaderElection13
2021-08-26 17:31:50,064 [caca0df6-f340-40f9-9fdf-acdee16ce07d@group-4257E8BD3A71-LeaderElection13] INFO  impl.LeaderElection (LeaderElection.java:askForVotes(306)) - caca0df6-f340-40f9-9fdf-acdee16ce07d@group-4257E8BD3A71-LeaderElection13 ELECTION round 0: submit vote requests at term 1 for -1: [caca0df6-f340-40f9-9fdf-acdee16ce07d|rpc:10.1.0.42:39345|priority:1], old=null
2021-08-26 17:31:50,064 [caca0df6-f340-40f9-9fdf-acdee16ce07d@group-4257E8BD3A71-LeaderElection13] INFO  impl.LeaderElection (LeaderElection.java:askForVotes(308)) - caca0df6-f340-40f9-9fdf-acdee16ce07d@group-4257E8BD3A71-LeaderElection13 ELECTION round 0: result PASSED (term=1)
2021-08-26 17:31:50,064 [caca0df6-f340-40f9-9fdf-acdee16ce07d@group-4257E8BD3A71-LeaderElection13] INFO  impl.RoleInfo (RoleInfo.java:shutdownLeaderElection(121)) - caca0df6-f340-40f9-9fdf-acdee16ce07d: shutdown caca0df6-f340-40f9-9fdf-acdee16ce07d@group-4257E8BD3A71-LeaderElection13
2021-08-26 17:31:50,064 [caca0df6-f340-40f9-9fdf-acdee16ce07d@group-4257E8BD3A71-LeaderElection13] INFO  server.RaftServer$Division (RaftServerImpl.java:setRole(285)) - caca0df6-f340-40f9-9fdf-acdee16ce07d@group-4257E8BD3A71: changes role from CANDIDATE to LEADER at term 1 for changeToLeader
2021-08-26 17:31:50,064 [caca0df6-f340-40f9-9fdf-acdee16ce07d@group-4257E8BD3A71-LeaderElection13] INFO  ratis.XceiverServerRatis (XceiverServerRatis.java:handleLeaderChangedNotification(861)) - Leader change notification received for group: group-4257E8BD3A71 with new leaderId: caca0df6-f340-40f9-9fdf-acdee16ce07d
2021-08-26 17:31:50,067 [caca0df6-f340-40f9-9fdf-acdee16ce07d@group-4257E8BD3A71-LeaderElection13] INFO  server.RaftServer$Division (ServerState.java:setLeader(285)) - caca0df6-f340-40f9-9fdf-acdee16ce07d@group-4257E8BD3A71: change Leader from null to caca0df6-f340-40f9-9fdf-acdee16ce07d at term 1 for becomeLeader, leader elected after 5197ms
2021-08-26 17:31:50,068 [caca0df6-f340-40f9-9fdf-acdee16ce07d@group-4257E8BD3A71-LeaderElection13] INFO  server.RaftServerConfigKeys (ConfUtils.java:logGet(44)) - raft.server.staging.catchup.gap = 1000 (default)
2021-08-26 17:31:50,069 [caca0df6-f340-40f9-9fdf-acdee16ce07d@group-4257E8BD3A71-LeaderElection13] INFO  server.RaftServerConfigKeys (ConfUtils.java:logGet(44)) - raft.server.write.element-limit = 1024 (custom)
2021-08-26 17:31:50,069 [caca0df6-f340-40f9-9fdf-acdee16ce07d@group-4257E8BD3A71-LeaderElection13] INFO  server.RaftServerConfigKeys (ConfUtils.java:logGet(44)) - raft.server.write.byte-limit = 1024 M (=1073741824) (custom)
2021-08-26 17:31:50,069 [caca0df6-f340-40f9-9fdf-acdee16ce07d@group-4257E8BD3A71-LeaderElection13] INFO  server.RaftServerConfigKeys (ConfUtils.java:logGet(44)) - raft.server.watch.timeout = 3000ms (custom)
2021-08-26 17:31:50,070 [caca0df6-f340-40f9-9fdf-acdee16ce07d@group-4257E8BD3A71-LeaderElection13] INFO  server.RaftServerConfigKeys (ConfUtils.java:logGet(44)) - raft.server.watch.timeout.denomination = 1s (default)
2021-08-26 17:31:50,070 [caca0df6-f340-40f9-9fdf-acdee16ce07d@group-4257E8BD3A71-LeaderElection13] INFO  server.RaftServerConfigKeys (ConfUtils.java:logGet(44)) - raft.server.watch.element-limit = 65536 (default)
2021-08-26 17:31:50,070 [caca0df6-f340-40f9-9fdf-acdee16ce07d@group-4257E8BD3A71-LeaderElection13] INFO  impl.RoleInfo (RoleInfo.java:updateAndGet(130)) - caca0df6-f340-40f9-9fdf-acdee16ce07d: start caca0df6-f340-40f9-9fdf-acdee16ce07d@group-4257E8BD3A71-LeaderStateImpl
2021-08-26 17:31:50,070 [caca0df6-f340-40f9-9fdf-acdee16ce07d@group-4257E8BD3A71-LeaderElection13] INFO  segmented.SegmentedRaftLogWorker (SegmentedRaftLogWorker.java:startLogSegment(394)) - caca0df6-f340-40f9-9fdf-acdee16ce07d@group-4257E8BD3A71-SegmentedRaftLogWorker: Starting segment from index:0
2021-08-26 17:31:50,073 [caca0df6-f340-40f9-9fdf-acdee16ce07d@group-4257E8BD3A71-SegmentedRaftLogWorker] INFO  segmented.SegmentedRaftLogWorker (SegmentedRaftLogWorker.java:execute(601)) - caca0df6-f340-40f9-9fdf-acdee16ce07d@group-4257E8BD3A71-SegmentedRaftLogWorker: created new log segment /home/runner/work/ozone/ozone/hadoop-ozone/integration-test/target/test-dir/MiniOzoneClusterImpl-daa96565-427e-4fca-a993-08525edc6fa6/datanode-5/data/ratis/5a801d72-4922-49cc-8fc9-4257e8bd3a71/current/log_inprogress_0
2021-08-26 17:31:50,079 [caca0df6-f340-40f9-9fdf-acdee16ce07d@group-4257E8BD3A71-LeaderElection13] INFO  server.RaftServer$Division (ServerState.java:setRaftConf(387)) - caca0df6-f340-40f9-9fdf-acdee16ce07d@group-4257E8BD3A71: set configuration 0: [caca0df6-f340-40f9-9fdf-acdee16ce07d|rpc:10.1.0.42:39345|dataStream:|priority:1], old=null
2021-08-26 17:31:50,088 [65be39c6-5763-4636-a9b6-aaf36d3fe099@group-2F663AC5F006-FollowerState] INFO  impl.FollowerState (FollowerState.java:run(134)) - 65be39c6-5763-4636-a9b6-aaf36d3fe099@group-2F663AC5F006-FollowerState: change to CANDIDATE, lastRpcElapsedTime:5016119554ns, electionTimeout:5014ms
2021-08-26 17:31:50,088 [65be39c6-5763-4636-a9b6-aaf36d3fe099@group-2F663AC5F006-FollowerState] INFO  impl.RoleInfo (RoleInfo.java:shutdownFollowerState(108)) - 65be39c6-5763-4636-a9b6-aaf36d3fe099: shutdown 65be39c6-5763-4636-a9b6-aaf36d3fe099@group-2F663AC5F006-FollowerState
2021-08-26 17:31:50,088 [65be39c6-5763-4636-a9b6-aaf36d3fe099@group-2F663AC5F006-FollowerState] INFO  server.RaftServer$Division (RaftServerImpl.java:setRole(285)) - 65be39c6-5763-4636-a9b6-aaf36d3fe099@group-2F663AC5F006: changes role from  FOLLOWER to CANDIDATE at term 0 for changeToCandidate
2021-08-26 17:31:50,094 [65be39c6-5763-4636-a9b6-aaf36d3fe099@group-2F663AC5F006-FollowerState] INFO  server.RaftServerConfigKeys (ConfUtils.java:logGet(44)) - raft.server.leaderelection.pre-vote = false (custom)
2021-08-26 17:31:50,094 [65be39c6-5763-4636-a9b6-aaf36d3fe099@group-2F663AC5F006-FollowerState] INFO  impl.RoleInfo (RoleInfo.java:updateAndGet(130)) - 65be39c6-5763-4636-a9b6-aaf36d3fe099: start 65be39c6-5763-4636-a9b6-aaf36d3fe099@group-2F663AC5F006-LeaderElection14
2021-08-26 17:31:50,104 [65be39c6-5763-4636-a9b6-aaf36d3fe099@group-2F663AC5F006-LeaderElection14] INFO  impl.LeaderElection (LeaderElection.java:askForVotes(306)) - 65be39c6-5763-4636-a9b6-aaf36d3fe099@group-2F663AC5F006-LeaderElection14 ELECTION round 0: submit vote requests at term 1 for -1: [65be39c6-5763-4636-a9b6-aaf36d3fe099|rpc:10.1.0.42:44293|priority:1], old=null
2021-08-26 17:31:50,104 [65be39c6-5763-4636-a9b6-aaf36d3fe099@group-2F663AC5F006-LeaderElection14] INFO  impl.LeaderElection (LeaderElection.java:askForVotes(308)) - 65be39c6-5763-4636-a9b6-aaf36d3fe099@group-2F663AC5F006-LeaderElection14 ELECTION round 0: result PASSED (term=1)
2021-08-26 17:31:50,104 [65be39c6-5763-4636-a9b6-aaf36d3fe099@group-2F663AC5F006-LeaderElection14] INFO  impl.RoleInfo (RoleInfo.java:shutdownLeaderElection(121)) - 65be39c6-5763-4636-a9b6-aaf36d3fe099: shutdown 65be39c6-5763-4636-a9b6-aaf36d3fe099@group-2F663AC5F006-LeaderElection14
2021-08-26 17:31:50,105 [65be39c6-5763-4636-a9b6-aaf36d3fe099@group-2F663AC5F006-LeaderElection14] INFO  server.RaftServer$Division (RaftServerImpl.java:setRole(285)) - 65be39c6-5763-4636-a9b6-aaf36d3fe099@group-2F663AC5F006: changes role from CANDIDATE to LEADER at term 1 for changeToLeader
2021-08-26 17:31:50,105 [65be39c6-5763-4636-a9b6-aaf36d3fe099@group-2F663AC5F006-LeaderElection14] INFO  ratis.XceiverServerRatis (XceiverServerRatis.java:handleLeaderChangedNotification(861)) - Leader change notification received for group: group-2F663AC5F006 with new leaderId: 65be39c6-5763-4636-a9b6-aaf36d3fe099
2021-08-26 17:31:50,105 [65be39c6-5763-4636-a9b6-aaf36d3fe099@group-2F663AC5F006-LeaderElection14] INFO  server.RaftServer$Division (ServerState.java:setLeader(285)) - 65be39c6-5763-4636-a9b6-aaf36d3fe099@group-2F663AC5F006: change Leader from null to 65be39c6-5763-4636-a9b6-aaf36d3fe099 at term 1 for becomeLeader, leader elected after 5042ms
2021-08-26 17:31:50,105 [65be39c6-5763-4636-a9b6-aaf36d3fe099@group-2F663AC5F006-LeaderElection14] INFO  server.RaftServerConfigKeys (ConfUtils.java:logGet(44)) - raft.server.staging.catchup.gap = 1000 (default)
2021-08-26 17:31:50,105 [Datanode State Machine Thread - 0] WARN  statemachine.StateContext (StateContext.java:execute(621)) - No available thread in pool for past 1 seconds.
2021-08-26 17:31:50,105 [65be39c6-5763-4636-a9b6-aaf36d3fe099@group-2F663AC5F006-LeaderElection14] INFO  server.RaftServerConfigKeys (ConfUtils.java:logGet(44)) - raft.server.write.element-limit = 1024 (custom)
2021-08-26 17:31:50,105 [65be39c6-5763-4636-a9b6-aaf36d3fe099@group-2F663AC5F006-LeaderElection14] INFO  server.RaftServerConfigKeys (ConfUtils.java:logGet(44)) - raft.server.write.byte-limit = 1024 M (=1073741824) (custom)
2021-08-26 17:31:50,106 [65be39c6-5763-4636-a9b6-aaf36d3fe099@group-2F663AC5F006-LeaderElection14] INFO  server.RaftServerConfigKeys (ConfUtils.java:logGet(44)) - raft.server.watch.timeout = 3000ms (custom)
2021-08-26 17:31:50,106 [65be39c6-5763-4636-a9b6-aaf36d3fe099@group-2F663AC5F006-LeaderElection14] INFO  server.RaftServerConfigKeys (ConfUtils.java:logGet(44)) - raft.server.watch.timeout.denomination = 1s (default)
2021-08-26 17:31:50,106 [65be39c6-5763-4636-a9b6-aaf36d3fe099@group-2F663AC5F006-LeaderElection14] INFO  server.RaftServerConfigKeys (ConfUtils.java:logGet(44)) - raft.server.watch.element-limit = 65536 (default)
2021-08-26 17:31:50,107 [65be39c6-5763-4636-a9b6-aaf36d3fe099@group-2F663AC5F006-LeaderElection14] INFO  impl.RoleInfo (RoleInfo.java:updateAndGet(130)) - 65be39c6-5763-4636-a9b6-aaf36d3fe099: start 65be39c6-5763-4636-a9b6-aaf36d3fe099@group-2F663AC5F006-LeaderStateImpl
2021-08-26 17:31:50,107 [65be39c6-5763-4636-a9b6-aaf36d3fe099@group-2F663AC5F006-LeaderElection14] INFO  segmented.SegmentedRaftLogWorker (SegmentedRaftLogWorker.java:startLogSegment(394)) - 65be39c6-5763-4636-a9b6-aaf36d3fe099@group-2F663AC5F006-SegmentedRaftLogWorker: Starting segment from index:0
2021-08-26 17:31:50,109 [65be39c6-5763-4636-a9b6-aaf36d3fe099@group-2F663AC5F006-SegmentedRaftLogWorker] INFO  segmented.SegmentedRaftLogWorker (SegmentedRaftLogWorker.java:execute(601)) - 65be39c6-5763-4636-a9b6-aaf36d3fe099@group-2F663AC5F006-SegmentedRaftLogWorker: created new log segment /home/runner/work/ozone/ozone/hadoop-ozone/integration-test/target/test-dir/MiniOzoneClusterImpl-daa96565-427e-4fca-a993-08525edc6fa6/datanode-6/data/ratis/a20983d8-2902-4668-8b1a-2f663ac5f006/current/log_inprogress_0
2021-08-26 17:31:50,134 [65be39c6-5763-4636-a9b6-aaf36d3fe099@group-2F663AC5F006-LeaderElection14] INFO  server.RaftServer$Division (ServerState.java:setRaftConf(387)) - 65be39c6-5763-4636-a9b6-aaf36d3fe099@group-2F663AC5F006: set configuration 0: [65be39c6-5763-4636-a9b6-aaf36d3fe099|rpc:10.1.0.42:44293|dataStream:|priority:1], old=null
2021-08-26 17:31:50,325 [Datanode State Machine Thread - 0] WARN  statemachine.StateContext (StateContext.java:execute(621)) - No available thread in pool for past 1 seconds.
2021-08-26 17:31:50,326 [Datanode State Machine Thread - 0] WARN  statemachine.StateContext (StateContext.java:execute(621)) - No available thread in pool for past 1 seconds.
2021-08-26 17:31:50,335 [Datanode State Machine Thread - 0] WARN  statemachine.StateContext (StateContext.java:execute(621)) - No available thread in pool for past 1 seconds.
2021-08-26 17:31:51,335 [Datanode State Machine Thread - 0] INFO  statemachine.DatanodeStateMachine (DatanodeStateMachine.java:lambda$startDaemon$0(457)) - Ozone container server started.
2021-08-26 17:31:54,809 [caca0df6-f340-40f9-9fdf-acdee16ce07d@group-5ED93A64E77F-FollowerState] INFO  impl.FollowerState (FollowerState.java:run(134)) - caca0df6-f340-40f9-9fdf-acdee16ce07d@group-5ED93A64E77F-FollowerState: change to CANDIDATE, lastRpcElapsedTime:5141881715ns, electionTimeout:5130ms
2021-08-26 17:31:54,809 [caca0df6-f340-40f9-9fdf-acdee16ce07d@group-5ED93A64E77F-FollowerState] INFO  impl.RoleInfo (RoleInfo.java:shutdownFollowerState(108)) - caca0df6-f340-40f9-9fdf-acdee16ce07d: shutdown caca0df6-f340-40f9-9fdf-acdee16ce07d@group-5ED93A64E77F-FollowerState
2021-08-26 17:31:54,810 [caca0df6-f340-40f9-9fdf-acdee16ce07d@group-5ED93A64E77F-FollowerState] INFO  server.RaftServer$Division (RaftServerImpl.java:setRole(285)) - caca0df6-f340-40f9-9fdf-acdee16ce07d@group-5ED93A64E77F: changes role from  FOLLOWER to CANDIDATE at term 1 for changeToCandidate
2021-08-26 17:31:54,810 [caca0df6-f340-40f9-9fdf-acdee16ce07d@group-5ED93A64E77F-FollowerState] INFO  server.RaftServerConfigKeys (ConfUtils.java:logGet(44)) - raft.server.leaderelection.pre-vote = false (custom)
2021-08-26 17:31:54,810 [caca0df6-f340-40f9-9fdf-acdee16ce07d@group-5ED93A64E77F-FollowerState] INFO  impl.RoleInfo (RoleInfo.java:updateAndGet(130)) - caca0df6-f340-40f9-9fdf-acdee16ce07d: start caca0df6-f340-40f9-9fdf-acdee16ce07d@group-5ED93A64E77F-LeaderElection15
2021-08-26 17:31:54,812 [caca0df6-f340-40f9-9fdf-acdee16ce07d@group-5ED93A64E77F-LeaderElection15] INFO  impl.LeaderElection (LeaderElection.java:askForVotes(306)) - caca0df6-f340-40f9-9fdf-acdee16ce07d@group-5ED93A64E77F-LeaderElection15 ELECTION round 0: submit vote requests at term 2 for -1: [c4880b1a-f63f-4492-a9df-0d04f2bfbd12|rpc:10.1.0.42:36835|dataStream:|priority:0, caca0df6-f340-40f9-9fdf-acdee16ce07d|rpc:10.1.0.42:39345|dataStream:|priority:0, 7ea02771-24eb-4f5a-8038-44a318ea5460|rpc:10.1.0.42:37543|dataStream:|priority:1], old=null
2021-08-26 17:31:54,816 [grpc-default-executor-2] INFO  server.RaftServer$Division (RaftServerImpl.java:requestVote(1043)) - 7ea02771-24eb-4f5a-8038-44a318ea5460@group-5ED93A64E77F: receive requestVote(ELECTION, caca0df6-f340-40f9-9fdf-acdee16ce07d, group-5ED93A64E77F, 2, (t:0, i:0))
2021-08-26 17:31:54,816 [grpc-default-executor-2] INFO  impl.VoteContext (VoteContext.java:log(48)) - 7ea02771-24eb-4f5a-8038-44a318ea5460@group-5ED93A64E77F-FOLLOWER: reject ELECTION from caca0df6-f340-40f9-9fdf-acdee16ce07d: our priority 1 > candidate's priority 0
2021-08-26 17:31:54,816 [grpc-default-executor-2] INFO  server.RaftServer$Division (RaftServerImpl.java:setRole(285)) - 7ea02771-24eb-4f5a-8038-44a318ea5460@group-5ED93A64E77F: changes role from  FOLLOWER to FOLLOWER at term 2 for candidate:caca0df6-f340-40f9-9fdf-acdee16ce07d
2021-08-26 17:31:54,818 [grpc-default-executor-2] INFO  impl.RoleInfo (RoleInfo.java:shutdownFollowerState(108)) - 7ea02771-24eb-4f5a-8038-44a318ea5460: shutdown 7ea02771-24eb-4f5a-8038-44a318ea5460@group-5ED93A64E77F-FollowerState
2021-08-26 17:31:54,818 [grpc-default-executor-2] INFO  impl.RoleInfo (RoleInfo.java:updateAndGet(130)) - 7ea02771-24eb-4f5a-8038-44a318ea5460: start 7ea02771-24eb-4f5a-8038-44a318ea5460@group-5ED93A64E77F-FollowerState
2021-08-26 17:31:54,818 [7ea02771-24eb-4f5a-8038-44a318ea5460@group-5ED93A64E77F-FollowerState] INFO  impl.FollowerState (FollowerState.java:run(143)) - 7ea02771-24eb-4f5a-8038-44a318ea5460@group-5ED93A64E77F-FollowerState was interrupted: {}
java.lang.InterruptedException: sleep interrupted
	at java.lang.Thread.sleep(Native Method)
	at java.lang.Thread.sleep(Thread.java:340)
	at java.util.concurrent.TimeUnit.sleep(TimeUnit.java:386)
	at org.apache.ratis.util.TimeDuration.sleep(TimeDuration.java:324)
	at org.apache.ratis.util.TimeDuration.sleep(TimeDuration.java:309)
	at org.apache.ratis.server.impl.FollowerState.run(FollowerState.java:118)
2021-08-26 17:31:54,824 [grpc-default-executor-2] INFO  server.RaftServer$Division (RaftServerImpl.java:requestVote(1075)) - 7ea02771-24eb-4f5a-8038-44a318ea5460@group-5ED93A64E77F replies to ELECTION vote request: caca0df6-f340-40f9-9fdf-acdee16ce07d<-7ea02771-24eb-4f5a-8038-44a318ea5460#0:FAIL-t2. Peer's state: 7ea02771-24eb-4f5a-8038-44a318ea5460@group-5ED93A64E77F:t2, leader=null, voted=null, raftlog=7ea02771-24eb-4f5a-8038-44a318ea5460@group-5ED93A64E77F-SegmentedRaftLog:OPENED:c-1,f-1,i0, conf=-1: [c4880b1a-f63f-4492-a9df-0d04f2bfbd12|rpc:10.1.0.42:36835|dataStream:|priority:0, caca0df6-f340-40f9-9fdf-acdee16ce07d|rpc:10.1.0.42:39345|dataStream:|priority:0, 7ea02771-24eb-4f5a-8038-44a318ea5460|rpc:10.1.0.42:37543|dataStream:|priority:1], old=null
2021-08-26 17:31:54,825 [grpc-default-executor-1] INFO  server.RaftServer$Division (RaftServerImpl.java:requestVote(1043)) - c4880b1a-f63f-4492-a9df-0d04f2bfbd12@group-5ED93A64E77F: receive requestVote(ELECTION, caca0df6-f340-40f9-9fdf-acdee16ce07d, group-5ED93A64E77F, 2, (t:0, i:0))
2021-08-26 17:31:54,826 [grpc-default-executor-1] INFO  impl.VoteContext (VoteContext.java:log(48)) - c4880b1a-f63f-4492-a9df-0d04f2bfbd12@group-5ED93A64E77F-FOLLOWER: accept ELECTION from caca0df6-f340-40f9-9fdf-acdee16ce07d: our priority 0 <= candidate's priority 0
2021-08-26 17:31:54,826 [grpc-default-executor-1] INFO  server.RaftServer$Division (RaftServerImpl.java:setRole(285)) - c4880b1a-f63f-4492-a9df-0d04f2bfbd12@group-5ED93A64E77F: changes role from  FOLLOWER to FOLLOWER at term 2 for candidate:caca0df6-f340-40f9-9fdf-acdee16ce07d
2021-08-26 17:31:54,826 [grpc-default-executor-1] INFO  impl.RoleInfo (RoleInfo.java:shutdownFollowerState(108)) - c4880b1a-f63f-4492-a9df-0d04f2bfbd12: shutdown c4880b1a-f63f-4492-a9df-0d04f2bfbd12@group-5ED93A64E77F-FollowerState
2021-08-26 17:31:54,826 [grpc-default-executor-1] INFO  impl.RoleInfo (RoleInfo.java:updateAndGet(130)) - c4880b1a-f63f-4492-a9df-0d04f2bfbd12: start c4880b1a-f63f-4492-a9df-0d04f2bfbd12@group-5ED93A64E77F-FollowerState
2021-08-26 17:31:54,826 [c4880b1a-f63f-4492-a9df-0d04f2bfbd12@group-5ED93A64E77F-FollowerState] INFO  impl.FollowerState (FollowerState.java:run(143)) - c4880b1a-f63f-4492-a9df-0d04f2bfbd12@group-5ED93A64E77F-FollowerState was interrupted: {}
java.lang.InterruptedException: sleep interrupted
	at java.lang.Thread.sleep(Native Method)
	at java.lang.Thread.sleep(Thread.java:340)
	at java.util.concurrent.TimeUnit.sleep(TimeUnit.java:386)
	at org.apache.ratis.util.TimeDuration.sleep(TimeDuration.java:324)
	at org.apache.ratis.util.TimeDuration.sleep(TimeDuration.java:309)
	at org.apache.ratis.server.impl.FollowerState.run(FollowerState.java:118)
2021-08-26 17:31:54,832 [caca0df6-f340-40f9-9fdf-acdee16ce07d@group-5ED93A64E77F-LeaderElection15] INFO  impl.LeaderElection (LeaderElection.java:logAndReturn(89)) - caca0df6-f340-40f9-9fdf-acdee16ce07d@group-5ED93A64E77F-LeaderElection15: ELECTION REJECTED received 1 response(s) and 0 exception(s):
2021-08-26 17:31:54,832 [caca0df6-f340-40f9-9fdf-acdee16ce07d@group-5ED93A64E77F-LeaderElection15] INFO  impl.LeaderElection (LeaderElection.java:logAndReturn(93)) -   Response 0: caca0df6-f340-40f9-9fdf-acdee16ce07d<-7ea02771-24eb-4f5a-8038-44a318ea5460#0:FAIL-t2
2021-08-26 17:31:54,832 [caca0df6-f340-40f9-9fdf-acdee16ce07d@group-5ED93A64E77F-LeaderElection15] INFO  impl.LeaderElection (LeaderElection.java:askForVotes(308)) - caca0df6-f340-40f9-9fdf-acdee16ce07d@group-5ED93A64E77F-LeaderElection15 ELECTION round 0: result REJECTED
2021-08-26 17:31:54,832 [caca0df6-f340-40f9-9fdf-acdee16ce07d@group-5ED93A64E77F-LeaderElection15] INFO  server.RaftServer$Division (RaftServerImpl.java:setRole(285)) - caca0df6-f340-40f9-9fdf-acdee16ce07d@group-5ED93A64E77F: changes role from CANDIDATE to FOLLOWER at term 2 for REJECTED
2021-08-26 17:31:54,833 [caca0df6-f340-40f9-9fdf-acdee16ce07d@group-5ED93A64E77F-LeaderElection15] INFO  impl.RoleInfo (RoleInfo.java:shutdownLeaderElection(121)) - caca0df6-f340-40f9-9fdf-acdee16ce07d: shutdown caca0df6-f340-40f9-9fdf-acdee16ce07d@group-5ED93A64E77F-LeaderElection15
2021-08-26 17:31:54,833 [caca0df6-f340-40f9-9fdf-acdee16ce07d@group-5ED93A64E77F-LeaderElection15] INFO  impl.RoleInfo (RoleInfo.java:updateAndGet(130)) - caca0df6-f340-40f9-9fdf-acdee16ce07d: start caca0df6-f340-40f9-9fdf-acdee16ce07d@group-5ED93A64E77F-FollowerState
2021-08-26 17:31:54,833 [grpc-default-executor-1] INFO  server.RaftServer$Division (RaftServerImpl.java:requestVote(1075)) - c4880b1a-f63f-4492-a9df-0d04f2bfbd12@group-5ED93A64E77F replies to ELECTION vote request: caca0df6-f340-40f9-9fdf-acdee16ce07d<-c4880b1a-f63f-4492-a9df-0d04f2bfbd12#0:OK-t2. Peer's state: c4880b1a-f63f-4492-a9df-0d04f2bfbd12@group-5ED93A64E77F:t2, leader=null, voted=caca0df6-f340-40f9-9fdf-acdee16ce07d, raftlog=c4880b1a-f63f-4492-a9df-0d04f2bfbd12@group-5ED93A64E77F-SegmentedRaftLog:OPENED:c-1,f-1,i0, conf=-1: [c4880b1a-f63f-4492-a9df-0d04f2bfbd12|rpc:10.1.0.42:36835|priority:0, caca0df6-f340-40f9-9fdf-acdee16ce07d|rpc:10.1.0.42:39345|priority:0, 7ea02771-24eb-4f5a-8038-44a318ea5460|rpc:10.1.0.42:37543|priority:1], old=null
2021-08-26 17:31:54,985 [c4880b1a-f63f-4492-a9df-0d04f2bfbd12@group-581338FFE026-FollowerState] INFO  impl.FollowerState (FollowerState.java:run(134)) - c4880b1a-f63f-4492-a9df-0d04f2bfbd12@group-581338FFE026-FollowerState: change to CANDIDATE, lastRpcElapsedTime:5162440622ns, electionTimeout:5150ms
2021-08-26 17:31:54,985 [c4880b1a-f63f-4492-a9df-0d04f2bfbd12@group-581338FFE026-FollowerState] INFO  impl.RoleInfo (RoleInfo.java:shutdownFollowerState(108)) - c4880b1a-f63f-4492-a9df-0d04f2bfbd12: shutdown c4880b1a-f63f-4492-a9df-0d04f2bfbd12@group-581338FFE026-FollowerState
2021-08-26 17:31:54,986 [c4880b1a-f63f-4492-a9df-0d04f2bfbd12@group-581338FFE026-FollowerState] INFO  server.RaftServer$Division (RaftServerImpl.java:setRole(285)) - c4880b1a-f63f-4492-a9df-0d04f2bfbd12@group-581338FFE026: changes role from  FOLLOWER to CANDIDATE at term 1 for changeToCandidate
2021-08-26 17:31:54,986 [c4880b1a-f63f-4492-a9df-0d04f2bfbd12@group-581338FFE026-FollowerState] INFO  server.RaftServerConfigKeys (ConfUtils.java:logGet(44)) - raft.server.leaderelection.pre-vote = false (custom)
2021-08-26 17:31:54,986 [c4880b1a-f63f-4492-a9df-0d04f2bfbd12@group-581338FFE026-FollowerState] INFO  impl.RoleInfo (RoleInfo.java:updateAndGet(130)) - c4880b1a-f63f-4492-a9df-0d04f2bfbd12: start c4880b1a-f63f-4492-a9df-0d04f2bfbd12@group-581338FFE026-LeaderElection16
2021-08-26 17:31:54,988 [c4880b1a-f63f-4492-a9df-0d04f2bfbd12@group-581338FFE026-LeaderElection16] INFO  impl.LeaderElection (LeaderElection.java:askForVotes(306)) - c4880b1a-f63f-4492-a9df-0d04f2bfbd12@group-581338FFE026-LeaderElection16 ELECTION round 0: submit vote requests at term 2 for -1: [c4880b1a-f63f-4492-a9df-0d04f2bfbd12|rpc:10.1.0.42:36835|priority:0, caca0df6-f340-40f9-9fdf-acdee16ce07d|rpc:10.1.0.42:39345|priority:1, 7ea02771-24eb-4f5a-8038-44a318ea5460|rpc:10.1.0.42:37543|priority:0], old=null
2021-08-26 17:31:54,995 [grpc-default-executor-1] INFO  server.RaftServer$Division (RaftServerImpl.java:requestVote(1043)) - caca0df6-f340-40f9-9fdf-acdee16ce07d@group-581338FFE026: receive requestVote(ELECTION, c4880b1a-f63f-4492-a9df-0d04f2bfbd12, group-581338FFE026, 2, (t:0, i:0))
2021-08-26 17:31:54,996 [grpc-default-executor-1] INFO  impl.VoteContext (VoteContext.java:log(48)) - caca0df6-f340-40f9-9fdf-acdee16ce07d@group-581338FFE026-FOLLOWER: reject ELECTION from c4880b1a-f63f-4492-a9df-0d04f2bfbd12: our priority 1 > candidate's priority 0
2021-08-26 17:31:54,996 [grpc-default-executor-2] INFO  server.RaftServer$Division (RaftServerImpl.java:requestVote(1043)) - 7ea02771-24eb-4f5a-8038-44a318ea5460@group-581338FFE026: receive requestVote(ELECTION, c4880b1a-f63f-4492-a9df-0d04f2bfbd12, group-581338FFE026, 2, (t:0, i:0))
2021-08-26 17:31:54,996 [grpc-default-executor-2] INFO  impl.VoteContext (VoteContext.java:log(48)) - 7ea02771-24eb-4f5a-8038-44a318ea5460@group-581338FFE026-FOLLOWER: accept ELECTION from c4880b1a-f63f-4492-a9df-0d04f2bfbd12: our priority 0 <= candidate's priority 0
2021-08-26 17:31:54,996 [grpc-default-executor-1] INFO  server.RaftServer$Division (RaftServerImpl.java:setRole(285)) - caca0df6-f340-40f9-9fdf-acdee16ce07d@group-581338FFE026: changes role from  FOLLOWER to FOLLOWER at term 2 for candidate:c4880b1a-f63f-4492-a9df-0d04f2bfbd12
2021-08-26 17:31:54,996 [grpc-default-executor-1] INFO  impl.RoleInfo (RoleInfo.java:shutdownFollowerState(108)) - caca0df6-f340-40f9-9fdf-acdee16ce07d: shutdown caca0df6-f340-40f9-9fdf-acdee16ce07d@group-581338FFE026-FollowerState
2021-08-26 17:31:54,996 [grpc-default-executor-1] INFO  impl.RoleInfo (RoleInfo.java:updateAndGet(130)) - caca0df6-f340-40f9-9fdf-acdee16ce07d: start caca0df6-f340-40f9-9fdf-acdee16ce07d@group-581338FFE026-FollowerState
2021-08-26 17:31:54,996 [grpc-default-executor-2] INFO  server.RaftServer$Division (RaftServerImpl.java:setRole(285)) - 7ea02771-24eb-4f5a-8038-44a318ea5460@group-581338FFE026: changes role from  FOLLOWER to FOLLOWER at term 2 for candidate:c4880b1a-f63f-4492-a9df-0d04f2bfbd12
2021-08-26 17:31:54,996 [grpc-default-executor-2] INFO  impl.RoleInfo (RoleInfo.java:shutdownFollowerState(108)) - 7ea02771-24eb-4f5a-8038-44a318ea5460: shutdown 7ea02771-24eb-4f5a-8038-44a318ea5460@group-581338FFE026-FollowerState
2021-08-26 17:31:54,996 [caca0df6-f340-40f9-9fdf-acdee16ce07d@group-581338FFE026-FollowerState] INFO  impl.FollowerState (FollowerState.java:run(143)) - caca0df6-f340-40f9-9fdf-acdee16ce07d@group-581338FFE026-FollowerState was interrupted: {}
java.lang.InterruptedException: sleep interrupted
	at java.lang.Thread.sleep(Native Method)
	at java.lang.Thread.sleep(Thread.java:340)
	at java.util.concurrent.TimeUnit.sleep(TimeUnit.java:386)
	at org.apache.ratis.util.TimeDuration.sleep(TimeDuration.java:324)
	at org.apache.ratis.util.TimeDuration.sleep(TimeDuration.java:309)
	at org.apache.ratis.server.impl.FollowerState.run(FollowerState.java:118)
2021-08-26 17:31:54,997 [7ea02771-24eb-4f5a-8038-44a318ea5460@group-581338FFE026-FollowerState] INFO  impl.FollowerState (FollowerState.java:run(127)) - 7ea02771-24eb-4f5a-8038-44a318ea5460@group-581338FFE026-FollowerState: Stopping now (isRunning? false, isFollower? true)
2021-08-26 17:31:54,999 [grpc-default-executor-2] INFO  impl.RoleInfo (RoleInfo.java:updateAndGet(130)) - 7ea02771-24eb-4f5a-8038-44a318ea5460: start 7ea02771-24eb-4f5a-8038-44a318ea5460@group-581338FFE026-FollowerState
2021-08-26 17:31:55,001 [grpc-default-executor-1] INFO  server.RaftServer$Division (RaftServerImpl.java:requestVote(1075)) - caca0df6-f340-40f9-9fdf-acdee16ce07d@group-581338FFE026 replies to ELECTION vote request: c4880b1a-f63f-4492-a9df-0d04f2bfbd12<-caca0df6-f340-40f9-9fdf-acdee16ce07d#0:FAIL-t2. Peer's state: caca0df6-f340-40f9-9fdf-acdee16ce07d@group-581338FFE026:t2, leader=null, voted=null, raftlog=caca0df6-f340-40f9-9fdf-acdee16ce07d@group-581338FFE026-SegmentedRaftLog:OPENED:c-1,f-1,i0, conf=-1: [c4880b1a-f63f-4492-a9df-0d04f2bfbd12|rpc:10.1.0.42:36835|dataStream:|priority:0, caca0df6-f340-40f9-9fdf-acdee16ce07d|rpc:10.1.0.42:39345|dataStream:|priority:1, 7ea02771-24eb-4f5a-8038-44a318ea5460|rpc:10.1.0.42:37543|dataStream:|priority:0], old=null
2021-08-26 17:31:55,002 [c4880b1a-f63f-4492-a9df-0d04f2bfbd12@group-581338FFE026-LeaderElection16] INFO  impl.LeaderElection (LeaderElection.java:logAndReturn(89)) - c4880b1a-f63f-4492-a9df-0d04f2bfbd12@group-581338FFE026-LeaderElection16: ELECTION REJECTED received 1 response(s) and 0 exception(s):
2021-08-26 17:31:55,002 [c4880b1a-f63f-4492-a9df-0d04f2bfbd12@group-581338FFE026-LeaderElection16] INFO  impl.LeaderElection (LeaderElection.java:logAndReturn(93)) -   Response 0: c4880b1a-f63f-4492-a9df-0d04f2bfbd12<-caca0df6-f340-40f9-9fdf-acdee16ce07d#0:FAIL-t2
2021-08-26 17:31:55,002 [c4880b1a-f63f-4492-a9df-0d04f2bfbd12@group-581338FFE026-LeaderElection16] INFO  impl.LeaderElection (LeaderElection.java:askForVotes(308)) - c4880b1a-f63f-4492-a9df-0d04f2bfbd12@group-581338FFE026-LeaderElection16 ELECTION round 0: result REJECTED
2021-08-26 17:31:55,003 [c4880b1a-f63f-4492-a9df-0d04f2bfbd12@group-581338FFE026-LeaderElection16] INFO  server.RaftServer$Division (RaftServerImpl.java:setRole(285)) - c4880b1a-f63f-4492-a9df-0d04f2bfbd12@group-581338FFE026: changes role from CANDIDATE to FOLLOWER at term 2 for REJECTED
2021-08-26 17:31:55,003 [c4880b1a-f63f-4492-a9df-0d04f2bfbd12@group-581338FFE026-LeaderElection16] INFO  impl.RoleInfo (RoleInfo.java:shutdownLeaderElection(121)) - c4880b1a-f63f-4492-a9df-0d04f2bfbd12: shutdown c4880b1a-f63f-4492-a9df-0d04f2bfbd12@group-581338FFE026-LeaderElection16
2021-08-26 17:31:55,003 [c4880b1a-f63f-4492-a9df-0d04f2bfbd12@group-581338FFE026-LeaderElection16] INFO  impl.RoleInfo (RoleInfo.java:updateAndGet(130)) - c4880b1a-f63f-4492-a9df-0d04f2bfbd12: start c4880b1a-f63f-4492-a9df-0d04f2bfbd12@group-581338FFE026-FollowerState
2021-08-26 17:31:55,003 [grpc-default-executor-2] INFO  server.RaftServer$Division (RaftServerImpl.java:requestVote(1075)) - 7ea02771-24eb-4f5a-8038-44a318ea5460@group-581338FFE026 replies to ELECTION vote request: c4880b1a-f63f-4492-a9df-0d04f2bfbd12<-7ea02771-24eb-4f5a-8038-44a318ea5460#0:OK-t2. Peer's state: 7ea02771-24eb-4f5a-8038-44a318ea5460@group-581338FFE026:t2, leader=null, voted=c4880b1a-f63f-4492-a9df-0d04f2bfbd12, raftlog=7ea02771-24eb-4f5a-8038-44a318ea5460@group-581338FFE026-SegmentedRaftLog:OPENED:c-1,f-1,i0, conf=-1: [c4880b1a-f63f-4492-a9df-0d04f2bfbd12|rpc:10.1.0.42:36835|dataStream:|priority:0, caca0df6-f340-40f9-9fdf-acdee16ce07d|rpc:10.1.0.42:39345|dataStream:|priority:1, 7ea02771-24eb-4f5a-8038-44a318ea5460|rpc:10.1.0.42:37543|dataStream:|priority:0], old=null
2021-08-26 17:31:55,552 [Listener at 127.0.0.1/35991] INFO  ozoneimpl.OzoneContainer (OzoneContainer.java:stop(326)) - Attempting to stop container services.
2021-08-26 17:31:55,554 [Listener at 127.0.0.1/35991] INFO  server.RaftServer (RaftServerProxy.java:lambda$close$6(391)) - 8937ce5d-1b80-47aa-9c38-ca8400d40bb7: close
2021-08-26 17:31:55,555 [ForkJoinPool.commonPool-worker-0] INFO  server.RaftServer$Division (RaftServerImpl.java:lambda$close$4(407)) - 8937ce5d-1b80-47aa-9c38-ca8400d40bb7@group-6CDA7B53CB28: shutdown
2021-08-26 17:31:55,555 [Listener at 127.0.0.1/35991] INFO  server.RaftServer$Division (RaftServerImpl.java:lambda$close$4(407)) - 8937ce5d-1b80-47aa-9c38-ca8400d40bb7@group-68F50B55EE72: shutdown
2021-08-26 17:31:55,557 [Listener at 127.0.0.1/35991] INFO  util.JmxRegister (JmxRegister.java:unregister(73)) - Successfully un-registered JMX Bean with object name Ratis:service=RaftServer,group=group-68F50B55EE72,id=8937ce5d-1b80-47aa-9c38-ca8400d40bb7
2021-08-26 17:31:55,557 [Listener at 127.0.0.1/35991] INFO  impl.RoleInfo (RoleInfo.java:shutdownLeaderState(91)) - 8937ce5d-1b80-47aa-9c38-ca8400d40bb7: shutdown 8937ce5d-1b80-47aa-9c38-ca8400d40bb7@group-68F50B55EE72-LeaderStateImpl
2021-08-26 17:31:55,558 [Listener at 127.0.0.1/35991] INFO  impl.PendingRequests (PendingRequests.java:sendNotLeaderResponses(282)) - 8937ce5d-1b80-47aa-9c38-ca8400d40bb7@group-68F50B55EE72-PendingRequests: sendNotLeaderResponses
2021-08-26 17:31:55,559 [Listener at 127.0.0.1/35991] INFO  impl.StateMachineUpdater (StateMachineUpdater.java:stopAndJoin(149)) - 8937ce5d-1b80-47aa-9c38-ca8400d40bb7@group-68F50B55EE72-StateMachineUpdater: set stopIndex = 0
2021-08-26 17:31:55,557 [ForkJoinPool.commonPool-worker-0] INFO  util.JmxRegister (JmxRegister.java:unregister(73)) - Successfully un-registered JMX Bean with object name Ratis:service=RaftServer,group=group-6CDA7B53CB28,id=8937ce5d-1b80-47aa-9c38-ca8400d40bb7
2021-08-26 17:31:55,560 [ForkJoinPool.commonPool-worker-0] INFO  impl.RoleInfo (RoleInfo.java:shutdownFollowerState(108)) - 8937ce5d-1b80-47aa-9c38-ca8400d40bb7: shutdown 8937ce5d-1b80-47aa-9c38-ca8400d40bb7@group-6CDA7B53CB28-FollowerState
2021-08-26 17:31:55,560 [8937ce5d-1b80-47aa-9c38-ca8400d40bb7@group-68F50B55EE72-StateMachineUpdater] INFO  ratis.ContainerStateMachine (ContainerStateMachine.java:takeSnapshot(292)) - group-68F50B55EE72: Taking a snapshot at:(t:1, i:0) file /home/runner/work/ozone/ozone/hadoop-ozone/integration-test/target/test-dir/MiniOzoneClusterImpl-daa96565-427e-4fca-a993-08525edc6fa6/datanode-2/data/ratis/a37504d4-25a6-4371-9534-68f50b55ee72/sm/snapshot.1_0
2021-08-26 17:31:55,560 [8937ce5d-1b80-47aa-9c38-ca8400d40bb7@group-6CDA7B53CB28-StateMachineUpdater] INFO  ratis.ContainerStateMachine (ContainerStateMachine.java:takeSnapshot(292)) - group-6CDA7B53CB28: Taking a snapshot at:(t:1, i:16) file /home/runner/work/ozone/ozone/hadoop-ozone/integration-test/target/test-dir/MiniOzoneClusterImpl-daa96565-427e-4fca-a993-08525edc6fa6/datanode-2/data/ratis/16e4fc05-efaa-4bb7-85d6-6cda7b53cb28/sm/snapshot.1_16
2021-08-26 17:31:55,560 [8937ce5d-1b80-47aa-9c38-ca8400d40bb7@group-6CDA7B53CB28-FollowerState] INFO  impl.FollowerState (FollowerState.java:run(143)) - 8937ce5d-1b80-47aa-9c38-ca8400d40bb7@group-6CDA7B53CB28-FollowerState was interrupted: {}
java.lang.InterruptedException: sleep interrupted
	at java.lang.Thread.sleep(Native Method)
	at java.lang.Thread.sleep(Thread.java:340)
	at java.util.concurrent.TimeUnit.sleep(TimeUnit.java:386)
	at org.apache.ratis.util.TimeDuration.sleep(TimeDuration.java:324)
	at org.apache.ratis.util.TimeDuration.sleep(TimeDuration.java:309)
	at org.apache.ratis.server.impl.FollowerState.run(FollowerState.java:118)
2021-08-26 17:31:55,560 [ForkJoinPool.commonPool-worker-0] INFO  impl.StateMachineUpdater (StateMachineUpdater.java:stopAndJoin(149)) - 8937ce5d-1b80-47aa-9c38-ca8400d40bb7@group-6CDA7B53CB28-StateMachineUpdater: set stopIndex = 16
2021-08-26 17:31:55,588 [8937ce5d-1b80-47aa-9c38-ca8400d40bb7@group-68F50B55EE72-StateMachineUpdater] INFO  ratis.ContainerStateMachine (ContainerStateMachine.java:takeSnapshot(303)) - group-68F50B55EE72: Finished taking a snapshot at:(t:1, i:0) file:/home/runner/work/ozone/ozone/hadoop-ozone/integration-test/target/test-dir/MiniOzoneClusterImpl-daa96565-427e-4fca-a993-08525edc6fa6/datanode-2/data/ratis/a37504d4-25a6-4371-9534-68f50b55ee72/sm/snapshot.1_0 took: 28 ms
2021-08-26 17:31:55,589 [8937ce5d-1b80-47aa-9c38-ca8400d40bb7@group-68F50B55EE72-StateMachineUpdater] INFO  impl.StateMachineUpdater (StateMachineUpdater.java:takeSnapshot(281)) - 8937ce5d-1b80-47aa-9c38-ca8400d40bb7@group-68F50B55EE72-StateMachineUpdater: Took a snapshot at index 0
2021-08-26 17:31:55,589 [8937ce5d-1b80-47aa-9c38-ca8400d40bb7@group-68F50B55EE72-StateMachineUpdater] INFO  impl.StateMachineUpdater (StateMachineUpdater.java:lambda$new$0(89)) - 8937ce5d-1b80-47aa-9c38-ca8400d40bb7@group-68F50B55EE72-StateMachineUpdater: snapshotIndex: updateIncreasingly -1 -> 0
2021-08-26 17:31:55,592 [8937ce5d-1b80-47aa-9c38-ca8400d40bb7@group-6CDA7B53CB28-StateMachineUpdater] INFO  ratis.ContainerStateMachine (ContainerStateMachine.java:takeSnapshot(303)) - group-6CDA7B53CB28: Finished taking a snapshot at:(t:1, i:16) file:/home/runner/work/ozone/ozone/hadoop-ozone/integration-test/target/test-dir/MiniOzoneClusterImpl-daa96565-427e-4fca-a993-08525edc6fa6/datanode-2/data/ratis/16e4fc05-efaa-4bb7-85d6-6cda7b53cb28/sm/snapshot.1_16 took: 32 ms
2021-08-26 17:31:55,593 [8937ce5d-1b80-47aa-9c38-ca8400d40bb7@group-6CDA7B53CB28-StateMachineUpdater] INFO  impl.StateMachineUpdater (StateMachineUpdater.java:takeSnapshot(281)) - 8937ce5d-1b80-47aa-9c38-ca8400d40bb7@group-6CDA7B53CB28-StateMachineUpdater: Took a snapshot at index 16
2021-08-26 17:31:55,594 [8937ce5d-1b80-47aa-9c38-ca8400d40bb7@group-6CDA7B53CB28-StateMachineUpdater] INFO  impl.StateMachineUpdater (StateMachineUpdater.java:lambda$new$0(89)) - 8937ce5d-1b80-47aa-9c38-ca8400d40bb7@group-6CDA7B53CB28-StateMachineUpdater: snapshotIndex: updateIncreasingly -1 -> 16
2021-08-26 17:31:55,594 [Listener at 127.0.0.1/35991] INFO  server.RaftServer$Division (ServerState.java:close(419)) - 8937ce5d-1b80-47aa-9c38-ca8400d40bb7@group-68F50B55EE72: closes. applyIndex: 0
2021-08-26 17:31:55,596 [ForkJoinPool.commonPool-worker-0] INFO  server.RaftServer$Division (ServerState.java:close(419)) - 8937ce5d-1b80-47aa-9c38-ca8400d40bb7@group-6CDA7B53CB28: closes. applyIndex: 16
2021-08-26 17:31:55,596 [8937ce5d-1b80-47aa-9c38-ca8400d40bb7@group-68F50B55EE72-SegmentedRaftLogWorker] INFO  segmented.SegmentedRaftLogWorker (SegmentedRaftLogWorker.java:run(327)) - 8937ce5d-1b80-47aa-9c38-ca8400d40bb7@group-68F50B55EE72-SegmentedRaftLogWorker was interrupted, exiting. There are 0 tasks remaining in the queue.
2021-08-26 17:31:55,596 [8937ce5d-1b80-47aa-9c38-ca8400d40bb7@group-6CDA7B53CB28-SegmentedRaftLogWorker] INFO  segmented.SegmentedRaftLogWorker (SegmentedRaftLogWorker.java:run(327)) - 8937ce5d-1b80-47aa-9c38-ca8400d40bb7@group-6CDA7B53CB28-SegmentedRaftLogWorker was interrupted, exiting. There are 0 tasks remaining in the queue.
2021-08-26 17:31:55,597 [ForkJoinPool.commonPool-worker-0] INFO  segmented.SegmentedRaftLogWorker (SegmentedRaftLogWorker.java:close(237)) - 8937ce5d-1b80-47aa-9c38-ca8400d40bb7@group-6CDA7B53CB28-SegmentedRaftLogWorker close()
2021-08-26 17:31:55,598 [Listener at 127.0.0.1/35991] INFO  segmented.SegmentedRaftLogWorker (SegmentedRaftLogWorker.java:close(237)) - 8937ce5d-1b80-47aa-9c38-ca8400d40bb7@group-68F50B55EE72-SegmentedRaftLogWorker close()
2021-08-26 17:31:55,599 [Listener at 127.0.0.1/35991] INFO  server.RaftServer$Division (RaftServerImpl.java:lambda$close$4(407)) - 8937ce5d-1b80-47aa-9c38-ca8400d40bb7@group-13D014E1FF78: shutdown
2021-08-26 17:31:55,599 [Listener at 127.0.0.1/35991] INFO  util.JmxRegister (JmxRegister.java:unregister(73)) - Successfully un-registered JMX Bean with object name Ratis:service=RaftServer,group=group-13D014E1FF78,id=8937ce5d-1b80-47aa-9c38-ca8400d40bb7
2021-08-26 17:31:55,599 [Listener at 127.0.0.1/35991] INFO  impl.RoleInfo (RoleInfo.java:shutdownFollowerState(108)) - 8937ce5d-1b80-47aa-9c38-ca8400d40bb7: shutdown 8937ce5d-1b80-47aa-9c38-ca8400d40bb7@group-13D014E1FF78-FollowerState
2021-08-26 17:31:55,599 [8937ce5d-1b80-47aa-9c38-ca8400d40bb7@group-13D014E1FF78-FollowerState] INFO  impl.FollowerState (FollowerState.java:run(143)) - 8937ce5d-1b80-47aa-9c38-ca8400d40bb7@group-13D014E1FF78-FollowerState was interrupted: {}
java.lang.InterruptedException: sleep interrupted
	at java.lang.Thread.sleep(Native Method)
	at java.lang.Thread.sleep(Thread.java:340)
	at java.util.concurrent.TimeUnit.sleep(TimeUnit.java:386)
	at org.apache.ratis.util.TimeDuration.sleep(TimeDuration.java:324)
	at org.apache.ratis.util.TimeDuration.sleep(TimeDuration.java:309)
	at org.apache.ratis.server.impl.FollowerState.run(FollowerState.java:118)
2021-08-26 17:31:55,600 [8937ce5d-1b80-47aa-9c38-ca8400d40bb7@group-13D014E1FF78-StateMachineUpdater] INFO  ratis.ContainerStateMachine (ContainerStateMachine.java:takeSnapshot(292)) - group-13D014E1FF78: Taking a snapshot at:(t:1, i:0) file /home/runner/work/ozone/ozone/hadoop-ozone/integration-test/target/test-dir/MiniOzoneClusterImpl-daa96565-427e-4fca-a993-08525edc6fa6/datanode-2/data/ratis/1aabbb7e-a3ac-494e-966c-13d014e1ff78/sm/snapshot.1_0
2021-08-26 17:31:55,600 [Listener at 127.0.0.1/35991] INFO  impl.StateMachineUpdater (StateMachineUpdater.java:stopAndJoin(149)) - 8937ce5d-1b80-47aa-9c38-ca8400d40bb7@group-13D014E1FF78-StateMachineUpdater: set stopIndex = 0
2021-08-26 17:31:55,601 [8937ce5d-1b80-47aa-9c38-ca8400d40bb7@group-13D014E1FF78-StateMachineUpdater] INFO  ratis.ContainerStateMachine (ContainerStateMachine.java:takeSnapshot(303)) - group-13D014E1FF78: Finished taking a snapshot at:(t:1, i:0) file:/home/runner/work/ozone/ozone/hadoop-ozone/integration-test/target/test-dir/MiniOzoneClusterImpl-daa96565-427e-4fca-a993-08525edc6fa6/datanode-2/data/ratis/1aabbb7e-a3ac-494e-966c-13d014e1ff78/sm/snapshot.1_0 took: 1 ms
2021-08-26 17:31:55,601 [8937ce5d-1b80-47aa-9c38-ca8400d40bb7@group-13D014E1FF78-StateMachineUpdater] INFO  impl.StateMachineUpdater (StateMachineUpdater.java:takeSnapshot(281)) - 8937ce5d-1b80-47aa-9c38-ca8400d40bb7@group-13D014E1FF78-StateMachineUpdater: Took a snapshot at index 0
2021-08-26 17:31:55,601 [8937ce5d-1b80-47aa-9c38-ca8400d40bb7@group-13D014E1FF78-StateMachineUpdater] INFO  impl.StateMachineUpdater (StateMachineUpdater.java:lambda$new$0(89)) - 8937ce5d-1b80-47aa-9c38-ca8400d40bb7@group-13D014E1FF78-StateMachineUpdater: snapshotIndex: updateIncreasingly -1 -> 0
2021-08-26 17:31:55,601 [Listener at 127.0.0.1/35991] INFO  server.RaftServer$Division (ServerState.java:close(419)) - 8937ce5d-1b80-47aa-9c38-ca8400d40bb7@group-13D014E1FF78: closes. applyIndex: 0
2021-08-26 17:31:55,601 [8937ce5d-1b80-47aa-9c38-ca8400d40bb7@group-13D014E1FF78-SegmentedRaftLogWorker] INFO  segmented.SegmentedRaftLogWorker (SegmentedRaftLogWorker.java:run(327)) - 8937ce5d-1b80-47aa-9c38-ca8400d40bb7@group-13D014E1FF78-SegmentedRaftLogWorker was interrupted, exiting. There are 0 tasks remaining in the queue.
2021-08-26 17:31:55,602 [Listener at 127.0.0.1/35991] INFO  segmented.SegmentedRaftLogWorker (SegmentedRaftLogWorker.java:close(237)) - 8937ce5d-1b80-47aa-9c38-ca8400d40bb7@group-13D014E1FF78-SegmentedRaftLogWorker close()
2021-08-26 17:31:55,604 [Listener at 127.0.0.1/35991] INFO  server.GrpcService (GrpcService.java:closeImpl(262)) - 8937ce5d-1b80-47aa-9c38-ca8400d40bb7: shutdown server with port 36751 now
2021-08-26 17:31:55,609 [grpc-default-executor-1] WARN  server.GrpcServerProtocolService (LogUtils.java:warn(122)) - 8937ce5d-1b80-47aa-9c38-ca8400d40bb7: installSnapshot onError, lastRequest: 648ce8fc-720e-401e-ac80-e1f8bda9cb96->8937ce5d-1b80-47aa-9c38-ca8400d40bb7#1-t1,previous=(t:0, i:0),leaderCommit=0,initializing? true,entries: size=1, first=(t:1, i:0), CONFIGURATIONENTRY: org.apache.ratis.thirdparty.io.grpc.StatusRuntimeException: CANCELLED: client cancelled
2021-08-26 17:31:55,613 [grpc-default-executor-3] WARN  server.GrpcServerProtocolService (LogUtils.java:warn(122)) - 8937ce5d-1b80-47aa-9c38-ca8400d40bb7: installSnapshot onError, lastRequest: 599d22f6-71b6-4f75-a803-0445b42d232b->8937ce5d-1b80-47aa-9c38-ca8400d40bb7#41-t1,previous=(t:1, i:15),leaderCommit=14,initializing? true,entries: size=1, first=(t:1, i:16), METADATAENTRY(c:14): org.apache.ratis.thirdparty.io.grpc.StatusRuntimeException: CANCELLED: client cancelled
2021-08-26 17:31:55,613 [grpc-default-executor-2] WARN  server.GrpcLogAppender (LogUtils.java:warn(122)) - 648ce8fc-720e-401e-ac80-e1f8bda9cb96@group-13D014E1FF78->8937ce5d-1b80-47aa-9c38-ca8400d40bb7-AppendLogResponseHandler: Failed appendEntries: org.apache.ratis.thirdparty.io.grpc.StatusRuntimeException: CANCELLED: HTTP/2 error code: CANCEL
Received Rst Stream
2021-08-26 17:31:55,614 [Listener at 127.0.0.1/35991] INFO  server.GrpcService (GrpcService.java:closeImpl(271)) - 8937ce5d-1b80-47aa-9c38-ca8400d40bb7: shutdown server with port 36751 successfully
2021-08-26 17:31:55,619 [grpc-default-executor-2] WARN  server.GrpcLogAppender (GrpcLogAppender.java:resetClient(111)) - 648ce8fc-720e-401e-ac80-e1f8bda9cb96@group-13D014E1FF78->8937ce5d-1b80-47aa-9c38-ca8400d40bb7-GrpcLogAppender: Leader has not got in touch with Follower 648ce8fc-720e-401e-ac80-e1f8bda9cb96@group-13D014E1FF78->8937ce5d-1b80-47aa-9c38-ca8400d40bb7(c0,m0,n1, attendVote=true, lastRpcSendTime=1893, lastRpcResponseTime=1891) yet, just keep nextIndex unchanged and retry.
2021-08-26 17:31:55,613 [grpc-default-executor-1] WARN  server.GrpcLogAppender (LogUtils.java:warn(122)) - 599d22f6-71b6-4f75-a803-0445b42d232b@group-6CDA7B53CB28->8937ce5d-1b80-47aa-9c38-ca8400d40bb7-AppendLogResponseHandler: Failed appendEntries: org.apache.ratis.thirdparty.io.grpc.StatusRuntimeException: CANCELLED: HTTP/2 error code: CANCEL
Received Rst Stream
2021-08-26 17:31:55,620 [grpc-default-executor-1] INFO  leader.FollowerInfo (FollowerInfoImpl.java:lambda$new$0(46)) - 599d22f6-71b6-4f75-a803-0445b42d232b@group-6CDA7B53CB28->8937ce5d-1b80-47aa-9c38-ca8400d40bb7: nextIndex: updateUnconditionally 17 -> 16
2021-08-26 17:31:55,628 [org.apache.ratis.util.JvmPauseMonitor$$Lambda$531/1273545383@40dcdbd8] INFO  util.JvmPauseMonitor (JvmPauseMonitor.java:run(109)) - JvmPauseMonitor-8937ce5d-1b80-47aa-9c38-ca8400d40bb7: Stopped
2021-08-26 17:31:55,639 [Listener at 127.0.0.1/35991] INFO  utils.BackgroundService (BackgroundService.java:shutdown(132)) - Shutting down service BlockDeletingService
2021-08-26 17:31:55,651 [grpc-default-executor-1] WARN  server.GrpcLogAppender (LogUtils.java:warn(122)) - 599d22f6-71b6-4f75-a803-0445b42d232b@group-6CDA7B53CB28->8937ce5d-1b80-47aa-9c38-ca8400d40bb7-AppendLogResponseHandler: Failed appendEntries: org.apache.ratis.thirdparty.io.grpc.StatusRuntimeException: UNAVAILABLE: io exception
2021-08-26 17:31:55,651 [grpc-default-executor-1] INFO  leader.FollowerInfo (FollowerInfoImpl.java:lambda$new$0(46)) - 599d22f6-71b6-4f75-a803-0445b42d232b@group-6CDA7B53CB28->8937ce5d-1b80-47aa-9c38-ca8400d40bb7: nextIndex: updateUnconditionally 17 -> 16
2021-08-26 17:31:56,239 [grpc-default-executor-1] WARN  server.GrpcLogAppender (LogUtils.java:warn(122)) - 648ce8fc-720e-401e-ac80-e1f8bda9cb96@group-13D014E1FF78->8937ce5d-1b80-47aa-9c38-ca8400d40bb7-AppendLogResponseHandler: Failed appendEntries: org.apache.ratis.thirdparty.io.grpc.StatusRuntimeException: UNAVAILABLE: io exception
2021-08-26 17:31:56,240 [grpc-default-executor-1] WARN  server.GrpcLogAppender (GrpcLogAppender.java:resetClient(111)) - 648ce8fc-720e-401e-ac80-e1f8bda9cb96@group-13D014E1FF78->8937ce5d-1b80-47aa-9c38-ca8400d40bb7-GrpcLogAppender: Leader has not got in touch with Follower 648ce8fc-720e-401e-ac80-e1f8bda9cb96@group-13D014E1FF78->8937ce5d-1b80-47aa-9c38-ca8400d40bb7(c0,m0,n1, attendVote=true, lastRpcSendTime=0, lastRpcResponseTime=2512) yet, just keep nextIndex unchanged and retry.
2021-08-26 17:31:58,126 [grpc-default-executor-1] WARN  server.GrpcLogAppender (LogUtils.java:warn(122)) - 599d22f6-71b6-4f75-a803-0445b42d232b@group-6CDA7B53CB28->8937ce5d-1b80-47aa-9c38-ca8400d40bb7-AppendLogResponseHandler: Failed appendEntries: org.apache.ratis.thirdparty.io.grpc.StatusRuntimeException: UNAVAILABLE: io exception
2021-08-26 17:31:58,128 [grpc-default-executor-1] INFO  leader.FollowerInfo (FollowerInfoImpl.java:lambda$new$0(46)) - 599d22f6-71b6-4f75-a803-0445b42d232b@group-6CDA7B53CB28->8937ce5d-1b80-47aa-9c38-ca8400d40bb7: nextIndex: updateUnconditionally 17 -> 16
2021-08-26 17:31:58,648 [Listener at 127.0.0.1/35991] INFO  statemachine.DatanodeStateMachine (DatanodeStateMachine.java:stopDaemon(515)) - Ozone container server stopped.
2021-08-26 17:31:58,651 [Listener at 127.0.0.1/35991] INFO  handler.ContextHandler (ContextHandler.java:doStop(1153)) - Stopped o.e.j.w.WebAppContext@9ca1ba1{hddsDatanode,/,null,STOPPED}{jar:file:/home/runner/.m2/repository/org/apache/ozone/hdds-container-service/1.2.0-SNAPSHOT/hdds-container-service-1.2.0-SNAPSHOT.jar!/webapps/hddsDatanode}
2021-08-26 17:31:58,662 [Listener at 127.0.0.1/35991] INFO  server.AbstractConnector (AbstractConnector.java:doStop(381)) - Stopped ServerConnector@5baf7506{HTTP/1.1, (http/1.1)}{0.0.0.0:0}
2021-08-26 17:31:58,662 [Listener at 127.0.0.1/35991] INFO  server.session (HouseKeeper.java:stopScavenging(149)) - node0 Stopped scavenging
2021-08-26 17:31:58,662 [Listener at 127.0.0.1/35991] INFO  handler.ContextHandler (ContextHandler.java:doStop(1153)) - Stopped o.e.j.s.ServletContextHandler@41a67eb7{static,/static,jar:file:/home/runner/.m2/repository/org/apache/ozone/hdds-container-service/1.2.0-SNAPSHOT/hdds-container-service-1.2.0-SNAPSHOT.jar!/webapps/static,STOPPED}
2021-08-26 17:31:58,662 [Listener at 127.0.0.1/35991] INFO  handler.ContextHandler (ContextHandler.java:doStop(1153)) - Stopped o.e.j.s.ServletContextHandler@772b8464{logs,/logs,file:///home/runner/work/ozone/ozone/hadoop-ozone/integration-test/target/log,STOPPED}
2021-08-26 17:31:58,740 [grpc-default-executor-2] WARN  server.GrpcLogAppender (LogUtils.java:warn(122)) - 648ce8fc-720e-401e-ac80-e1f8bda9cb96@group-13D014E1FF78->8937ce5d-1b80-47aa-9c38-ca8400d40bb7-AppendLogResponseHandler: Failed appendEntries: org.apache.ratis.thirdparty.io.grpc.StatusRuntimeException: UNAVAILABLE: io exception
2021-08-26 17:31:58,742 [grpc-default-executor-2] WARN  server.GrpcLogAppender (GrpcLogAppender.java:resetClient(111)) - 648ce8fc-720e-401e-ac80-e1f8bda9cb96@group-13D014E1FF78->8937ce5d-1b80-47aa-9c38-ca8400d40bb7-GrpcLogAppender: Leader has not got in touch with Follower 648ce8fc-720e-401e-ac80-e1f8bda9cb96@group-13D014E1FF78->8937ce5d-1b80-47aa-9c38-ca8400d40bb7(c0,m0,n1, attendVote=true, lastRpcSendTime=2502, lastRpcResponseTime=5014) yet, just keep nextIndex unchanged and retry.
2021-08-26 17:31:59,332 [Datanode State Machine Thread - 0] INFO  statemachine.DatanodeStateMachine (DatanodeStateMachine.java:lambda$startDaemon$0(457)) - Ozone container server started.
2021-08-26 17:31:59,850 [caca0df6-f340-40f9-9fdf-acdee16ce07d@group-5ED93A64E77F-FollowerState] INFO  impl.FollowerState (FollowerState.java:run(134)) - caca0df6-f340-40f9-9fdf-acdee16ce07d@group-5ED93A64E77F-FollowerState: change to CANDIDATE, lastRpcElapsedTime:5017436594ns, electionTimeout:5014ms
2021-08-26 17:31:59,850 [caca0df6-f340-40f9-9fdf-acdee16ce07d@group-5ED93A64E77F-FollowerState] INFO  impl.RoleInfo (RoleInfo.java:shutdownFollowerState(108)) - caca0df6-f340-40f9-9fdf-acdee16ce07d: shutdown caca0df6-f340-40f9-9fdf-acdee16ce07d@group-5ED93A64E77F-FollowerState
2021-08-26 17:31:59,850 [caca0df6-f340-40f9-9fdf-acdee16ce07d@group-5ED93A64E77F-FollowerState] INFO  server.RaftServer$Division (RaftServerImpl.java:setRole(285)) - caca0df6-f340-40f9-9fdf-acdee16ce07d@group-5ED93A64E77F: changes role from  FOLLOWER to CANDIDATE at term 2 for changeToCandidate
2021-08-26 17:31:59,850 [caca0df6-f340-40f9-9fdf-acdee16ce07d@group-5ED93A64E77F-FollowerState] INFO  server.RaftServerConfigKeys (ConfUtils.java:logGet(44)) - raft.server.leaderelection.pre-vote = false (custom)
2021-08-26 17:31:59,850 [caca0df6-f340-40f9-9fdf-acdee16ce07d@group-5ED93A64E77F-FollowerState] INFO  impl.RoleInfo (RoleInfo.java:updateAndGet(130)) - caca0df6-f340-40f9-9fdf-acdee16ce07d: start caca0df6-f340-40f9-9fdf-acdee16ce07d@group-5ED93A64E77F-LeaderElection17
2021-08-26 17:31:59,866 [caca0df6-f340-40f9-9fdf-acdee16ce07d@group-5ED93A64E77F-LeaderElection17] INFO  impl.LeaderElection (LeaderElection.java:askForVotes(306)) - caca0df6-f340-40f9-9fdf-acdee16ce07d@group-5ED93A64E77F-LeaderElection17 ELECTION round 0: submit vote requests at term 3 for -1: [c4880b1a-f63f-4492-a9df-0d04f2bfbd12|rpc:10.1.0.42:36835|dataStream:|priority:0, caca0df6-f340-40f9-9fdf-acdee16ce07d|rpc:10.1.0.42:39345|dataStream:|priority:0, 7ea02771-24eb-4f5a-8038-44a318ea5460|rpc:10.1.0.42:37543|dataStream:|priority:1], old=null
2021-08-26 17:31:59,892 [grpc-default-executor-1] INFO  server.RaftServer$Division (RaftServerImpl.java:requestVote(1043)) - c4880b1a-f63f-4492-a9df-0d04f2bfbd12@group-5ED93A64E77F: receive requestVote(ELECTION, caca0df6-f340-40f9-9fdf-acdee16ce07d, group-5ED93A64E77F, 3, (t:0, i:0))
2021-08-26 17:31:59,892 [grpc-default-executor-1] INFO  impl.VoteContext (VoteContext.java:log(48)) - c4880b1a-f63f-4492-a9df-0d04f2bfbd12@group-5ED93A64E77F-FOLLOWER: accept ELECTION from caca0df6-f340-40f9-9fdf-acdee16ce07d: our priority 0 <= candidate's priority 0
2021-08-26 17:31:59,892 [grpc-default-executor-1] INFO  server.RaftServer$Division (RaftServerImpl.java:setRole(285)) - c4880b1a-f63f-4492-a9df-0d04f2bfbd12@group-5ED93A64E77F: changes role from  FOLLOWER to FOLLOWER at term 3 for candidate:caca0df6-f340-40f9-9fdf-acdee16ce07d
2021-08-26 17:31:59,892 [grpc-default-executor-1] INFO  impl.RoleInfo (RoleInfo.java:shutdownFollowerState(108)) - c4880b1a-f63f-4492-a9df-0d04f2bfbd12: shutdown c4880b1a-f63f-4492-a9df-0d04f2bfbd12@group-5ED93A64E77F-FollowerState
2021-08-26 17:31:59,893 [grpc-default-executor-1] INFO  impl.RoleInfo (RoleInfo.java:updateAndGet(130)) - c4880b1a-f63f-4492-a9df-0d04f2bfbd12: start c4880b1a-f63f-4492-a9df-0d04f2bfbd12@group-5ED93A64E77F-FollowerState
2021-08-26 17:31:59,893 [c4880b1a-f63f-4492-a9df-0d04f2bfbd12@group-5ED93A64E77F-FollowerState] INFO  impl.FollowerState (FollowerState.java:run(143)) - c4880b1a-f63f-4492-a9df-0d04f2bfbd12@group-5ED93A64E77F-FollowerState was interrupted: {}
java.lang.InterruptedException: sleep interrupted
	at java.lang.Thread.sleep(Native Method)
	at java.lang.Thread.sleep(Thread.java:340)
	at java.util.concurrent.TimeUnit.sleep(TimeUnit.java:386)
	at org.apache.ratis.util.TimeDuration.sleep(TimeDuration.java:324)
	at org.apache.ratis.util.TimeDuration.sleep(TimeDuration.java:309)
	at org.apache.ratis.server.impl.FollowerState.run(FollowerState.java:118)
2021-08-26 17:31:59,902 [grpc-default-executor-1] INFO  server.RaftServer$Division (RaftServerImpl.java:requestVote(1075)) - c4880b1a-f63f-4492-a9df-0d04f2bfbd12@group-5ED93A64E77F replies to ELECTION vote request: caca0df6-f340-40f9-9fdf-acdee16ce07d<-c4880b1a-f63f-4492-a9df-0d04f2bfbd12#0:OK-t3. Peer's state: c4880b1a-f63f-4492-a9df-0d04f2bfbd12@group-5ED93A64E77F:t3, leader=null, voted=caca0df6-f340-40f9-9fdf-acdee16ce07d, raftlog=c4880b1a-f63f-4492-a9df-0d04f2bfbd12@group-5ED93A64E77F-SegmentedRaftLog:OPENED:c-1,f-1,i0, conf=-1: [c4880b1a-f63f-4492-a9df-0d04f2bfbd12|rpc:10.1.0.42:36835|priority:0, caca0df6-f340-40f9-9fdf-acdee16ce07d|rpc:10.1.0.42:39345|priority:0, 7ea02771-24eb-4f5a-8038-44a318ea5460|rpc:10.1.0.42:37543|priority:1], old=null
2021-08-26 17:31:59,910 [grpc-default-executor-2] INFO  server.RaftServer$Division (RaftServerImpl.java:requestVote(1043)) - 7ea02771-24eb-4f5a-8038-44a318ea5460@group-5ED93A64E77F: receive requestVote(ELECTION, caca0df6-f340-40f9-9fdf-acdee16ce07d, group-5ED93A64E77F, 3, (t:0, i:0))
2021-08-26 17:31:59,917 [grpc-default-executor-2] INFO  impl.VoteContext (VoteContext.java:log(48)) - 7ea02771-24eb-4f5a-8038-44a318ea5460@group-5ED93A64E77F-FOLLOWER: reject ELECTION from caca0df6-f340-40f9-9fdf-acdee16ce07d: our priority 1 > candidate's priority 0
2021-08-26 17:31:59,918 [grpc-default-executor-2] INFO  server.RaftServer$Division (RaftServerImpl.java:setRole(285)) - 7ea02771-24eb-4f5a-8038-44a318ea5460@group-5ED93A64E77F: changes role from  FOLLOWER to FOLLOWER at term 3 for candidate:caca0df6-f340-40f9-9fdf-acdee16ce07d
2021-08-26 17:31:59,918 [grpc-default-executor-2] INFO  impl.RoleInfo (RoleInfo.java:shutdownFollowerState(108)) - 7ea02771-24eb-4f5a-8038-44a318ea5460: shutdown 7ea02771-24eb-4f5a-8038-44a318ea5460@group-5ED93A64E77F-FollowerState
2021-08-26 17:31:59,918 [grpc-default-executor-2] INFO  impl.RoleInfo (RoleInfo.java:updateAndGet(130)) - 7ea02771-24eb-4f5a-8038-44a318ea5460: start 7ea02771-24eb-4f5a-8038-44a318ea5460@group-5ED93A64E77F-FollowerState
2021-08-26 17:31:59,918 [7ea02771-24eb-4f5a-8038-44a318ea5460@group-5ED93A64E77F-FollowerState] INFO  impl.FollowerState (FollowerState.java:run(143)) - 7ea02771-24eb-4f5a-8038-44a318ea5460@group-5ED93A64E77F-FollowerState was interrupted: {}
java.lang.InterruptedException: sleep interrupted
	at java.lang.Thread.sleep(Native Method)
	at java.lang.Thread.sleep(Thread.java:340)
	at java.util.concurrent.TimeUnit.sleep(TimeUnit.java:386)
	at org.apache.ratis.util.TimeDuration.sleep(TimeDuration.java:324)
	at org.apache.ratis.util.TimeDuration.sleep(TimeDuration.java:309)
	at org.apache.ratis.server.impl.FollowerState.run(FollowerState.java:118)
2021-08-26 17:31:59,926 [grpc-default-executor-2] INFO  server.RaftServer$Division (RaftServerImpl.java:requestVote(1075)) - 7ea02771-24eb-4f5a-8038-44a318ea5460@group-5ED93A64E77F replies to ELECTION vote request: caca0df6-f340-40f9-9fdf-acdee16ce07d<-7ea02771-24eb-4f5a-8038-44a318ea5460#0:FAIL-t3. Peer's state: 7ea02771-24eb-4f5a-8038-44a318ea5460@group-5ED93A64E77F:t3, leader=null, voted=null, raftlog=7ea02771-24eb-4f5a-8038-44a318ea5460@group-5ED93A64E77F-SegmentedRaftLog:OPENED:c-1,f-1,i0, conf=-1: [c4880b1a-f63f-4492-a9df-0d04f2bfbd12|rpc:10.1.0.42:36835|dataStream:|priority:0, caca0df6-f340-40f9-9fdf-acdee16ce07d|rpc:10.1.0.42:39345|dataStream:|priority:0, 7ea02771-24eb-4f5a-8038-44a318ea5460|rpc:10.1.0.42:37543|dataStream:|priority:1], old=null
2021-08-26 17:31:59,927 [caca0df6-f340-40f9-9fdf-acdee16ce07d@group-5ED93A64E77F-LeaderElection17] INFO  impl.LeaderElection (LeaderElection.java:logAndReturn(89)) - caca0df6-f340-40f9-9fdf-acdee16ce07d@group-5ED93A64E77F-LeaderElection17: ELECTION REJECTED received 2 response(s) and 0 exception(s):
2021-08-26 17:31:59,927 [caca0df6-f340-40f9-9fdf-acdee16ce07d@group-5ED93A64E77F-LeaderElection17] INFO  impl.LeaderElection (LeaderElection.java:logAndReturn(93)) -   Response 0: caca0df6-f340-40f9-9fdf-acdee16ce07d<-c4880b1a-f63f-4492-a9df-0d04f2bfbd12#0:OK-t3
2021-08-26 17:31:59,927 [caca0df6-f340-40f9-9fdf-acdee16ce07d@group-5ED93A64E77F-LeaderElection17] INFO  impl.LeaderElection (LeaderElection.java:logAndReturn(93)) -   Response 1: caca0df6-f340-40f9-9fdf-acdee16ce07d<-7ea02771-24eb-4f5a-8038-44a318ea5460#0:FAIL-t3
2021-08-26 17:31:59,927 [caca0df6-f340-40f9-9fdf-acdee16ce07d@group-5ED93A64E77F-LeaderElection17] INFO  impl.LeaderElection (LeaderElection.java:askForVotes(308)) - caca0df6-f340-40f9-9fdf-acdee16ce07d@group-5ED93A64E77F-LeaderElection17 ELECTION round 0: result REJECTED
2021-08-26 17:31:59,927 [caca0df6-f340-40f9-9fdf-acdee16ce07d@group-5ED93A64E77F-LeaderElection17] INFO  server.RaftServer$Division (RaftServerImpl.java:setRole(285)) - caca0df6-f340-40f9-9fdf-acdee16ce07d@group-5ED93A64E77F: changes role from CANDIDATE to FOLLOWER at term 3 for REJECTED
2021-08-26 17:31:59,927 [caca0df6-f340-40f9-9fdf-acdee16ce07d@group-5ED93A64E77F-LeaderElection17] INFO  impl.RoleInfo (RoleInfo.java:shutdownLeaderElection(121)) - caca0df6-f340-40f9-9fdf-acdee16ce07d: shutdown caca0df6-f340-40f9-9fdf-acdee16ce07d@group-5ED93A64E77F-LeaderElection17
2021-08-26 17:31:59,928 [caca0df6-f340-40f9-9fdf-acdee16ce07d@group-5ED93A64E77F-LeaderElection17] INFO  impl.RoleInfo (RoleInfo.java:updateAndGet(130)) - caca0df6-f340-40f9-9fdf-acdee16ce07d: start caca0df6-f340-40f9-9fdf-acdee16ce07d@group-5ED93A64E77F-FollowerState
2021-08-26 17:32:00,021 [c4880b1a-f63f-4492-a9df-0d04f2bfbd12@group-581338FFE026-FollowerState] INFO  impl.FollowerState (FollowerState.java:run(134)) - c4880b1a-f63f-4492-a9df-0d04f2bfbd12@group-581338FFE026-FollowerState: change to CANDIDATE, lastRpcElapsedTime:5017636095ns, electionTimeout:5015ms
2021-08-26 17:32:00,026 [c4880b1a-f63f-4492-a9df-0d04f2bfbd12@group-581338FFE026-FollowerState] INFO  impl.RoleInfo (RoleInfo.java:shutdownFollowerState(108)) - c4880b1a-f63f-4492-a9df-0d04f2bfbd12: shutdown c4880b1a-f63f-4492-a9df-0d04f2bfbd12@group-581338FFE026-FollowerState
2021-08-26 17:32:00,026 [c4880b1a-f63f-4492-a9df-0d04f2bfbd12@group-581338FFE026-FollowerState] INFO  server.RaftServer$Division (RaftServerImpl.java:setRole(285)) - c4880b1a-f63f-4492-a9df-0d04f2bfbd12@group-581338FFE026: changes role from  FOLLOWER to CANDIDATE at term 2 for changeToCandidate
2021-08-26 17:32:00,026 [c4880b1a-f63f-4492-a9df-0d04f2bfbd12@group-581338FFE026-FollowerState] INFO  server.RaftServerConfigKeys (ConfUtils.java:logGet(44)) - raft.server.leaderelection.pre-vote = false (custom)
2021-08-26 17:32:00,026 [c4880b1a-f63f-4492-a9df-0d04f2bfbd12@group-581338FFE026-FollowerState] INFO  impl.RoleInfo (RoleInfo.java:updateAndGet(130)) - c4880b1a-f63f-4492-a9df-0d04f2bfbd12: start c4880b1a-f63f-4492-a9df-0d04f2bfbd12@group-581338FFE026-LeaderElection18
2021-08-26 17:32:00,035 [c4880b1a-f63f-4492-a9df-0d04f2bfbd12@group-581338FFE026-LeaderElection18] INFO  impl.LeaderElection (LeaderElection.java:askForVotes(306)) - c4880b1a-f63f-4492-a9df-0d04f2bfbd12@group-581338FFE026-LeaderElection18 ELECTION round 0: submit vote requests at term 3 for -1: [c4880b1a-f63f-4492-a9df-0d04f2bfbd12|rpc:10.1.0.42:36835|priority:0, caca0df6-f340-40f9-9fdf-acdee16ce07d|rpc:10.1.0.42:39345|priority:1, 7ea02771-24eb-4f5a-8038-44a318ea5460|rpc:10.1.0.42:37543|priority:0], old=null
2021-08-26 17:32:00,060 [grpc-default-executor-2] INFO  server.RaftServer$Division (RaftServerImpl.java:requestVote(1043)) - caca0df6-f340-40f9-9fdf-acdee16ce07d@group-581338FFE026: receive requestVote(ELECTION, c4880b1a-f63f-4492-a9df-0d04f2bfbd12, group-581338FFE026, 3, (t:0, i:0))
2021-08-26 17:32:00,060 [grpc-default-executor-2] INFO  impl.VoteContext (VoteContext.java:log(48)) - caca0df6-f340-40f9-9fdf-acdee16ce07d@group-581338FFE026-FOLLOWER: reject ELECTION from c4880b1a-f63f-4492-a9df-0d04f2bfbd12: our priority 1 > candidate's priority 0
2021-08-26 17:32:00,060 [grpc-default-executor-2] INFO  server.RaftServer$Division (RaftServerImpl.java:setRole(285)) - caca0df6-f340-40f9-9fdf-acdee16ce07d@group-581338FFE026: changes role from  FOLLOWER to FOLLOWER at term 3 for candidate:c4880b1a-f63f-4492-a9df-0d04f2bfbd12
2021-08-26 17:32:00,060 [grpc-default-executor-2] INFO  impl.RoleInfo (RoleInfo.java:shutdownFollowerState(108)) - caca0df6-f340-40f9-9fdf-acdee16ce07d: shutdown caca0df6-f340-40f9-9fdf-acdee16ce07d@group-581338FFE026-FollowerState
2021-08-26 17:32:00,060 [grpc-default-executor-2] INFO  impl.RoleInfo (RoleInfo.java:updateAndGet(130)) - caca0df6-f340-40f9-9fdf-acdee16ce07d: start caca0df6-f340-40f9-9fdf-acdee16ce07d@group-581338FFE026-FollowerState
2021-08-26 17:32:00,061 [caca0df6-f340-40f9-9fdf-acdee16ce07d@group-581338FFE026-FollowerState] INFO  impl.FollowerState (FollowerState.java:run(143)) - caca0df6-f340-40f9-9fdf-acdee16ce07d@group-581338FFE026-FollowerState was interrupted: {}
java.lang.InterruptedException: sleep interrupted
	at java.lang.Thread.sleep(Native Method)
	at java.lang.Thread.sleep(Thread.java:340)
	at java.util.concurrent.TimeUnit.sleep(TimeUnit.java:386)
	at org.apache.ratis.util.TimeDuration.sleep(TimeDuration.java:324)
	at org.apache.ratis.util.TimeDuration.sleep(TimeDuration.java:309)
	at org.apache.ratis.server.impl.FollowerState.run(FollowerState.java:118)
2021-08-26 17:32:00,063 [grpc-default-executor-2] INFO  server.RaftServer$Division (RaftServerImpl.java:requestVote(1075)) - caca0df6-f340-40f9-9fdf-acdee16ce07d@group-581338FFE026 replies to ELECTION vote request: c4880b1a-f63f-4492-a9df-0d04f2bfbd12<-caca0df6-f340-40f9-9fdf-acdee16ce07d#0:FAIL-t3. Peer's state: caca0df6-f340-40f9-9fdf-acdee16ce07d@group-581338FFE026:t3, leader=null, voted=null, raftlog=caca0df6-f340-40f9-9fdf-acdee16ce07d@group-581338FFE026-SegmentedRaftLog:OPENED:c-1,f-1,i0, conf=-1: [c4880b1a-f63f-4492-a9df-0d04f2bfbd12|rpc:10.1.0.42:36835|dataStream:|priority:0, caca0df6-f340-40f9-9fdf-acdee16ce07d|rpc:10.1.0.42:39345|dataStream:|priority:1, 7ea02771-24eb-4f5a-8038-44a318ea5460|rpc:10.1.0.42:37543|dataStream:|priority:0], old=null
2021-08-26 17:32:00,067 [c4880b1a-f63f-4492-a9df-0d04f2bfbd12@group-581338FFE026-LeaderElection18] INFO  impl.LeaderElection (LeaderElection.java:logAndReturn(89)) - c4880b1a-f63f-4492-a9df-0d04f2bfbd12@group-581338FFE026-LeaderElection18: ELECTION REJECTED received 1 response(s) and 0 exception(s):
2021-08-26 17:32:00,067 [c4880b1a-f63f-4492-a9df-0d04f2bfbd12@group-581338FFE026-LeaderElection18] INFO  impl.LeaderElection (LeaderElection.java:logAndReturn(93)) -   Response 0: c4880b1a-f63f-4492-a9df-0d04f2bfbd12<-caca0df6-f340-40f9-9fdf-acdee16ce07d#0:FAIL-t3
2021-08-26 17:32:00,067 [c4880b1a-f63f-4492-a9df-0d04f2bfbd12@group-581338FFE026-LeaderElection18] INFO  impl.LeaderElection (LeaderElection.java:askForVotes(308)) - c4880b1a-f63f-4492-a9df-0d04f2bfbd12@group-581338FFE026-LeaderElection18 ELECTION round 0: result REJECTED
2021-08-26 17:32:00,067 [c4880b1a-f63f-4492-a9df-0d04f2bfbd12@group-581338FFE026-LeaderElection18] INFO  server.RaftServer$Division (RaftServerImpl.java:setRole(285)) - c4880b1a-f63f-4492-a9df-0d04f2bfbd12@group-581338FFE026: changes role from CANDIDATE to FOLLOWER at term 3 for REJECTED
2021-08-26 17:32:00,067 [c4880b1a-f63f-4492-a9df-0d04f2bfbd12@group-581338FFE026-LeaderElection18] INFO  impl.RoleInfo (RoleInfo.java:shutdownLeaderElection(121)) - c4880b1a-f63f-4492-a9df-0d04f2bfbd12: shutdown c4880b1a-f63f-4492-a9df-0d04f2bfbd12@group-581338FFE026-LeaderElection18
2021-08-26 17:32:00,067 [c4880b1a-f63f-4492-a9df-0d04f2bfbd12@group-581338FFE026-LeaderElection18] INFO  impl.RoleInfo (RoleInfo.java:updateAndGet(130)) - c4880b1a-f63f-4492-a9df-0d04f2bfbd12: start c4880b1a-f63f-4492-a9df-0d04f2bfbd12@group-581338FFE026-FollowerState
2021-08-26 17:32:00,080 [grpc-default-executor-2] INFO  server.RaftServer$Division (RaftServerImpl.java:requestVote(1043)) - 7ea02771-24eb-4f5a-8038-44a318ea5460@group-581338FFE026: receive requestVote(ELECTION, c4880b1a-f63f-4492-a9df-0d04f2bfbd12, group-581338FFE026, 3, (t:0, i:0))
2021-08-26 17:32:00,080 [grpc-default-executor-2] INFO  impl.VoteContext (VoteContext.java:log(48)) - 7ea02771-24eb-4f5a-8038-44a318ea5460@group-581338FFE026-FOLLOWER: accept ELECTION from c4880b1a-f63f-4492-a9df-0d04f2bfbd12: our priority 0 <= candidate's priority 0
2021-08-26 17:32:00,081 [grpc-default-executor-2] INFO  server.RaftServer$Division (RaftServerImpl.java:setRole(285)) - 7ea02771-24eb-4f5a-8038-44a318ea5460@group-581338FFE026: changes role from  FOLLOWER to FOLLOWER at term 3 for candidate:c4880b1a-f63f-4492-a9df-0d04f2bfbd12
2021-08-26 17:32:00,081 [grpc-default-executor-2] INFO  impl.RoleInfo (RoleInfo.java:shutdownFollowerState(108)) - 7ea02771-24eb-4f5a-8038-44a318ea5460: shutdown 7ea02771-24eb-4f5a-8038-44a318ea5460@group-581338FFE026-FollowerState
2021-08-26 17:32:00,081 [grpc-default-executor-2] INFO  impl.RoleInfo (RoleInfo.java:updateAndGet(130)) - 7ea02771-24eb-4f5a-8038-44a318ea5460: start 7ea02771-24eb-4f5a-8038-44a318ea5460@group-581338FFE026-FollowerState
2021-08-26 17:32:00,081 [7ea02771-24eb-4f5a-8038-44a318ea5460@group-581338FFE026-FollowerState] INFO  impl.FollowerState (FollowerState.java:run(143)) - 7ea02771-24eb-4f5a-8038-44a318ea5460@group-581338FFE026-FollowerState was interrupted: {}
java.lang.InterruptedException: sleep interrupted
	at java.lang.Thread.sleep(Native Method)
	at java.lang.Thread.sleep(Thread.java:340)
	at java.util.concurrent.TimeUnit.sleep(TimeUnit.java:386)
	at org.apache.ratis.util.TimeDuration.sleep(TimeDuration.java:324)
	at org.apache.ratis.util.TimeDuration.sleep(TimeDuration.java:309)
	at org.apache.ratis.server.impl.FollowerState.run(FollowerState.java:118)
2021-08-26 17:32:00,087 [grpc-default-executor-2] INFO  server.RaftServer$Division (RaftServerImpl.java:requestVote(1075)) - 7ea02771-24eb-4f5a-8038-44a318ea5460@group-581338FFE026 replies to ELECTION vote request: c4880b1a-f63f-4492-a9df-0d04f2bfbd12<-7ea02771-24eb-4f5a-8038-44a318ea5460#0:OK-t3. Peer's state: 7ea02771-24eb-4f5a-8038-44a318ea5460@group-581338FFE026:t3, leader=null, voted=c4880b1a-f63f-4492-a9df-0d04f2bfbd12, raftlog=7ea02771-24eb-4f5a-8038-44a318ea5460@group-581338FFE026-SegmentedRaftLog:OPENED:c-1,f-1,i0, conf=-1: [c4880b1a-f63f-4492-a9df-0d04f2bfbd12|rpc:10.1.0.42:36835|dataStream:|priority:0, caca0df6-f340-40f9-9fdf-acdee16ce07d|rpc:10.1.0.42:39345|dataStream:|priority:1, 7ea02771-24eb-4f5a-8038-44a318ea5460|rpc:10.1.0.42:37543|dataStream:|priority:0], old=null
2021-08-26 17:32:00,423 [EventQueue-StaleNodeForStaleNodeHandler] INFO  node.StaleNodeHandler (StaleNodeHandler.java:onMessage(58)) - Datanode 8937ce5d-1b80-47aa-9c38-ca8400d40bb7{ip: 10.1.0.42, host: fv-az122-729.zf1tlrj3kn4expqppa1j4mpycf.xx.internal.cloudapp.net, ports: [REPLICATION=39625, RATIS=36751, RATIS_ADMIN=36751, RATIS_SERVER=36751, STANDALONE=41941], networkLocation: /default-rack, certSerialId: null, persistedOpState: IN_SERVICE, persistedOpStateExpiryEpochSec: 0} moved to stale state. Finalizing its pipelines [PipelineID=a37504d4-25a6-4371-9534-68f50b55ee72, PipelineID=1aabbb7e-a3ac-494e-966c-13d014e1ff78, PipelineID=16e4fc05-efaa-4bb7-85d6-6cda7b53cb28]
2021-08-26 17:32:00,424 [EventQueue-StaleNodeForStaleNodeHandler] INFO  pipeline.PipelineManagerImpl (PipelineManagerImpl.java:closePipeline(342)) - Pipeline Pipeline[ Id: a37504d4-25a6-4371-9534-68f50b55ee72, Nodes: 8937ce5d-1b80-47aa-9c38-ca8400d40bb7{ip: 10.1.0.42, host: fv-az122-729.zf1tlrj3kn4expqppa1j4mpycf.xx.internal.cloudapp.net, ports: [REPLICATION=39625, RATIS=36751, RATIS_ADMIN=36751, RATIS_SERVER=36751, STANDALONE=41941], networkLocation: /default-rack, certSerialId: null, persistedOpState: IN_SERVICE, persistedOpStateExpiryEpochSec: 0}, ReplicationConfig: RATIS/ONE, State:OPEN, leaderId:8937ce5d-1b80-47aa-9c38-ca8400d40bb7, CreationTimestamp2021-08-26T17:31:41.248Z[Etc/UTC]] moved to CLOSED state
2021-08-26 17:32:00,425 [EventQueue-StaleNodeForStaleNodeHandler] INFO  pipeline.PipelineManagerImpl (PipelineManagerImpl.java:closePipeline(342)) - Pipeline Pipeline[ Id: 1aabbb7e-a3ac-494e-966c-13d014e1ff78, Nodes: 648ce8fc-720e-401e-ac80-e1f8bda9cb96{ip: 10.1.0.42, host: fv-az122-729.zf1tlrj3kn4expqppa1j4mpycf.xx.internal.cloudapp.net, ports: [REPLICATION=45165, RATIS=35647, RATIS_ADMIN=35647, RATIS_SERVER=35647, STANDALONE=33527], networkLocation: /default-rack, certSerialId: null, persistedOpState: IN_SERVICE, persistedOpStateExpiryEpochSec: 0}599d22f6-71b6-4f75-a803-0445b42d232b{ip: 10.1.0.42, host: fv-az122-729.zf1tlrj3kn4expqppa1j4mpycf.xx.internal.cloudapp.net, ports: [REPLICATION=36909, RATIS=34993, RATIS_ADMIN=34993, RATIS_SERVER=34993, STANDALONE=41961], networkLocation: /default-rack, certSerialId: null, persistedOpState: IN_SERVICE, persistedOpStateExpiryEpochSec: 0}8937ce5d-1b80-47aa-9c38-ca8400d40bb7{ip: 10.1.0.42, host: fv-az122-729.zf1tlrj3kn4expqppa1j4mpycf.xx.internal.cloudapp.net, ports: [REPLICATION=39625, RATIS=36751, RATIS_ADMIN=36751, RATIS_SERVER=36751, STANDALONE=41941], networkLocation: /default-rack, certSerialId: null, persistedOpState: IN_SERVICE, persistedOpStateExpiryEpochSec: 0}, ReplicationConfig: RATIS/THREE, State:OPEN, leaderId:648ce8fc-720e-401e-ac80-e1f8bda9cb96, CreationTimestamp2021-08-26T17:31:41.252Z[Etc/UTC]] moved to CLOSED state
2021-08-26 17:32:00,425 [EventQueue-StaleNodeForStaleNodeHandler] INFO  pipeline.PipelineManagerImpl (PipelineManagerImpl.java:closePipeline(342)) - Pipeline Pipeline[ Id: 16e4fc05-efaa-4bb7-85d6-6cda7b53cb28, Nodes: 8937ce5d-1b80-47aa-9c38-ca8400d40bb7{ip: 10.1.0.42, host: fv-az122-729.zf1tlrj3kn4expqppa1j4mpycf.xx.internal.cloudapp.net, ports: [REPLICATION=39625, RATIS=36751, RATIS_ADMIN=36751, RATIS_SERVER=36751, STANDALONE=41941], networkLocation: /default-rack, certSerialId: null, persistedOpState: IN_SERVICE, persistedOpStateExpiryEpochSec: 0}648ce8fc-720e-401e-ac80-e1f8bda9cb96{ip: 10.1.0.42, host: fv-az122-729.zf1tlrj3kn4expqppa1j4mpycf.xx.internal.cloudapp.net, ports: [REPLICATION=45165, RATIS=35647, RATIS_ADMIN=35647, RATIS_SERVER=35647, STANDALONE=33527], networkLocation: /default-rack, certSerialId: null, persistedOpState: IN_SERVICE, persistedOpStateExpiryEpochSec: 0}599d22f6-71b6-4f75-a803-0445b42d232b{ip: 10.1.0.42, host: fv-az122-729.zf1tlrj3kn4expqppa1j4mpycf.xx.internal.cloudapp.net, ports: [REPLICATION=36909, RATIS=34993, RATIS_ADMIN=34993, RATIS_SERVER=34993, STANDALONE=41961], networkLocation: /default-rack, certSerialId: null, persistedOpState: IN_SERVICE, persistedOpStateExpiryEpochSec: 0}, ReplicationConfig: RATIS/THREE, State:OPEN, leaderId:599d22f6-71b6-4f75-a803-0445b42d232b, CreationTimestamp2021-08-26T17:31:41.255Z[Etc/UTC]] moved to CLOSED state
2021-08-26 17:32:00,439 [EventQueue-CloseContainerForCloseContainerEventHandler] INFO  container.CloseContainerEventHandler (CloseContainerEventHandler.java:onMessage(69)) - Close container Event triggered for container : #1
2021-08-26 17:32:00,627 [grpc-default-executor-2] WARN  server.GrpcLogAppender (LogUtils.java:warn(122)) - 599d22f6-71b6-4f75-a803-0445b42d232b@group-6CDA7B53CB28->8937ce5d-1b80-47aa-9c38-ca8400d40bb7-AppendLogResponseHandler: Failed appendEntries: org.apache.ratis.thirdparty.io.grpc.StatusRuntimeException: UNAVAILABLE: io exception
2021-08-26 17:32:00,628 [grpc-default-executor-2] INFO  leader.FollowerInfo (FollowerInfoImpl.java:lambda$new$0(46)) - 599d22f6-71b6-4f75-a803-0445b42d232b@group-6CDA7B53CB28->8937ce5d-1b80-47aa-9c38-ca8400d40bb7: nextIndex: updateUnconditionally 17 -> 16
2021-08-26 17:32:01,243 [grpc-default-executor-2] WARN  server.GrpcLogAppender (LogUtils.java:warn(122)) - 648ce8fc-720e-401e-ac80-e1f8bda9cb96@group-13D014E1FF78->8937ce5d-1b80-47aa-9c38-ca8400d40bb7-AppendLogResponseHandler: Failed appendEntries: org.apache.ratis.thirdparty.io.grpc.StatusRuntimeException: UNAVAILABLE: io exception
2021-08-26 17:32:01,244 [grpc-default-executor-2] WARN  server.GrpcLogAppender (GrpcLogAppender.java:resetClient(111)) - 648ce8fc-720e-401e-ac80-e1f8bda9cb96@group-13D014E1FF78->8937ce5d-1b80-47aa-9c38-ca8400d40bb7-GrpcLogAppender: Leader has not got in touch with Follower 648ce8fc-720e-401e-ac80-e1f8bda9cb96@group-13D014E1FF78->8937ce5d-1b80-47aa-9c38-ca8400d40bb7(c0,m0,n1, attendVote=true, lastRpcSendTime=2501, lastRpcResponseTime=7517) yet, just keep nextIndex unchanged and retry.
2021-08-26 17:32:02,345 [Datanode State Machine Thread - 0] WARN  statemachine.StateContext (StateContext.java:execute(621)) - No available thread in pool for past 1 seconds.
2021-08-26 17:32:02,346 [grpc-default-executor-1] WARN  server.GrpcLogAppender (LogUtils.java:warn(122)) - 599d22f6-71b6-4f75-a803-0445b42d232b@group-6CDA7B53CB28->8937ce5d-1b80-47aa-9c38-ca8400d40bb7-AppendLogResponseHandler: Failed appendEntries: org.apache.ratis.thirdparty.io.grpc.StatusRuntimeException: UNAVAILABLE: io exception
2021-08-26 17:32:02,346 [grpc-default-executor-1] INFO  leader.FollowerInfo (FollowerInfoImpl.java:lambda$new$0(46)) - 599d22f6-71b6-4f75-a803-0445b42d232b@group-6CDA7B53CB28->8937ce5d-1b80-47aa-9c38-ca8400d40bb7: nextIndex: updateUnconditionally 17 -> 16
2021-08-26 17:32:02,359 [grpc-default-executor-1] WARN  server.GrpcLogAppender (LogUtils.java:warn(122)) - 599d22f6-71b6-4f75-a803-0445b42d232b@group-6CDA7B53CB28->8937ce5d-1b80-47aa-9c38-ca8400d40bb7-AppendLogResponseHandler: Failed appendEntries: org.apache.ratis.thirdparty.io.grpc.StatusRuntimeException: UNAVAILABLE: io exception
2021-08-26 17:32:02,360 [grpc-default-executor-1] INFO  leader.FollowerInfo (FollowerInfoImpl.java:lambda$new$0(46)) - 599d22f6-71b6-4f75-a803-0445b42d232b@group-6CDA7B53CB28->8937ce5d-1b80-47aa-9c38-ca8400d40bb7: nextIndex: updateUnconditionally 17 -> 16
2021-08-26 17:32:02,373 [pool-182-thread-9] INFO  keyvalue.KeyValueContainer (KeyValueContainer.java:flushAndSyncDB(397)) - Container 1 is synced with bcsId 14.
2021-08-26 17:32:02,374 [pool-182-thread-9] INFO  keyvalue.KeyValueContainer (KeyValueContainer.java:flushAndSyncDB(397)) - Container 1 is synced with bcsId 14.
2021-08-26 17:32:02,379 [grpc-default-executor-1] WARN  server.GrpcLogAppender (LogUtils.java:warn(122)) - 599d22f6-71b6-4f75-a803-0445b42d232b@group-6CDA7B53CB28->8937ce5d-1b80-47aa-9c38-ca8400d40bb7-AppendLogResponseHandler: Failed appendEntries: org.apache.ratis.thirdparty.io.grpc.StatusRuntimeException: UNAVAILABLE: io exception
2021-08-26 17:32:02,379 [grpc-default-executor-1] INFO  leader.FollowerInfo (FollowerInfoImpl.java:lambda$new$0(46)) - 599d22f6-71b6-4f75-a803-0445b42d232b@group-6CDA7B53CB28->8937ce5d-1b80-47aa-9c38-ca8400d40bb7: nextIndex: updateUnconditionally 17 -> 16
2021-08-26 17:32:02,387 [pool-182-thread-9] INFO  keyvalue.KeyValueContainer (KeyValueContainer.java:close(334)) - Container 1 is closed with bcsId 14.
2021-08-26 17:32:02,388 [Datanode State Machine Thread - 0] WARN  statemachine.StateContext (StateContext.java:execute(621)) - No available thread in pool for past 1 seconds.
2021-08-26 17:32:02,389 [EventQueue-IncrementalContainerReportForIncrementalContainerReportHandler] INFO  container.IncrementalContainerReportHandler (AbstractContainerReportHandler.java:updateContainerState(223)) - Moving container #1 to CLOSED state, datanode 599d22f6-71b6-4f75-a803-0445b42d232b{ip: 10.1.0.42, host: fv-az122-729.zf1tlrj3kn4expqppa1j4mpycf.xx.internal.cloudapp.net, ports: [REPLICATION=36909, RATIS=34993, RATIS_ADMIN=34993, RATIS_SERVER=34993, STANDALONE=41961], networkLocation: /default-rack, certSerialId: null, persistedOpState: IN_SERVICE, persistedOpStateExpiryEpochSec: 0} reported CLOSED replica.
2021-08-26 17:32:02,390 [pool-185-thread-9] INFO  keyvalue.KeyValueContainer (KeyValueContainer.java:flushAndSyncDB(397)) - Container 1 is synced with bcsId 14.
2021-08-26 17:32:02,394 [pool-185-thread-9] INFO  keyvalue.KeyValueContainer (KeyValueContainer.java:flushAndSyncDB(397)) - Container 1 is synced with bcsId 14.
2021-08-26 17:32:02,397 [pool-185-thread-9] INFO  keyvalue.KeyValueContainer (KeyValueContainer.java:close(334)) - Container 1 is closed with bcsId 14.
2021-08-26 17:32:03,665 [Listener at 127.0.0.1/35991] INFO  ozoneimpl.OzoneContainer (OzoneContainer.java:stop(326)) - Attempting to stop container services.
2021-08-26 17:32:03,669 [Listener at 127.0.0.1/35991] INFO  server.RaftServer (RaftServerProxy.java:lambda$close$6(391)) - 648ce8fc-720e-401e-ac80-e1f8bda9cb96: close
2021-08-26 17:32:03,674 [Listener at 127.0.0.1/35991] INFO  server.RaftServer$Division (RaftServerImpl.java:lambda$close$4(407)) - 648ce8fc-720e-401e-ac80-e1f8bda9cb96@group-13D014E1FF78: shutdown
2021-08-26 17:32:03,675 [Listener at 127.0.0.1/35991] INFO  util.JmxRegister (JmxRegister.java:unregister(73)) - Successfully un-registered JMX Bean with object name Ratis:service=RaftServer,group=group-13D014E1FF78,id=648ce8fc-720e-401e-ac80-e1f8bda9cb96
2021-08-26 17:32:03,675 [Listener at 127.0.0.1/35991] INFO  impl.RoleInfo (RoleInfo.java:shutdownLeaderState(91)) - 648ce8fc-720e-401e-ac80-e1f8bda9cb96: shutdown 648ce8fc-720e-401e-ac80-e1f8bda9cb96@group-13D014E1FF78-LeaderStateImpl
2021-08-26 17:32:03,675 [Listener at 127.0.0.1/35991] INFO  impl.PendingRequests (PendingRequests.java:sendNotLeaderResponses(282)) - 648ce8fc-720e-401e-ac80-e1f8bda9cb96@group-13D014E1FF78-PendingRequests: sendNotLeaderResponses
2021-08-26 17:32:03,675 [ForkJoinPool.commonPool-worker-1] INFO  server.RaftServer$Division (RaftServerImpl.java:lambda$close$4(407)) - 648ce8fc-720e-401e-ac80-e1f8bda9cb96@group-6CDA7B53CB28: shutdown
2021-08-26 17:32:03,676 [Listener at 127.0.0.1/35991] INFO  impl.StateMachineUpdater (StateMachineUpdater.java:stopAndJoin(149)) - 648ce8fc-720e-401e-ac80-e1f8bda9cb96@group-13D014E1FF78-StateMachineUpdater: set stopIndex = 0
2021-08-26 17:32:03,676 [648ce8fc-720e-401e-ac80-e1f8bda9cb96@group-13D014E1FF78-StateMachineUpdater] INFO  ratis.ContainerStateMachine (ContainerStateMachine.java:takeSnapshot(292)) - group-13D014E1FF78: Taking a snapshot at:(t:1, i:0) file /home/runner/work/ozone/ozone/hadoop-ozone/integration-test/target/test-dir/MiniOzoneClusterImpl-daa96565-427e-4fca-a993-08525edc6fa6/datanode-0/data/ratis/1aabbb7e-a3ac-494e-966c-13d014e1ff78/sm/snapshot.1_0
2021-08-26 17:32:03,677 [648ce8fc-720e-401e-ac80-e1f8bda9cb96@group-13D014E1FF78-StateMachineUpdater] INFO  ratis.ContainerStateMachine (ContainerStateMachine.java:takeSnapshot(303)) - group-13D014E1FF78: Finished taking a snapshot at:(t:1, i:0) file:/home/runner/work/ozone/ozone/hadoop-ozone/integration-test/target/test-dir/MiniOzoneClusterImpl-daa96565-427e-4fca-a993-08525edc6fa6/datanode-0/data/ratis/1aabbb7e-a3ac-494e-966c-13d014e1ff78/sm/snapshot.1_0 took: 1 ms
2021-08-26 17:32:03,677 [648ce8fc-720e-401e-ac80-e1f8bda9cb96@group-13D014E1FF78-StateMachineUpdater] INFO  impl.StateMachineUpdater (StateMachineUpdater.java:takeSnapshot(281)) - 648ce8fc-720e-401e-ac80-e1f8bda9cb96@group-13D014E1FF78-StateMachineUpdater: Took a snapshot at index 0
2021-08-26 17:32:03,677 [648ce8fc-720e-401e-ac80-e1f8bda9cb96@group-13D014E1FF78-StateMachineUpdater] INFO  impl.StateMachineUpdater (StateMachineUpdater.java:lambda$new$0(89)) - 648ce8fc-720e-401e-ac80-e1f8bda9cb96@group-13D014E1FF78-StateMachineUpdater: snapshotIndex: updateIncreasingly -1 -> 0
2021-08-26 17:32:03,678 [Listener at 127.0.0.1/35991] INFO  server.RaftServer$Division (ServerState.java:close(419)) - 648ce8fc-720e-401e-ac80-e1f8bda9cb96@group-13D014E1FF78: closes. applyIndex: 0
2021-08-26 17:32:03,678 [ForkJoinPool.commonPool-worker-1] INFO  util.JmxRegister (JmxRegister.java:unregister(73)) - Successfully un-registered JMX Bean with object name Ratis:service=RaftServer,group=group-6CDA7B53CB28,id=648ce8fc-720e-401e-ac80-e1f8bda9cb96
2021-08-26 17:32:03,679 [ForkJoinPool.commonPool-worker-1] INFO  impl.RoleInfo (RoleInfo.java:shutdownFollowerState(108)) - 648ce8fc-720e-401e-ac80-e1f8bda9cb96: shutdown 648ce8fc-720e-401e-ac80-e1f8bda9cb96@group-6CDA7B53CB28-FollowerState
2021-08-26 17:32:03,679 [648ce8fc-720e-401e-ac80-e1f8bda9cb96@group-6CDA7B53CB28-FollowerState] INFO  impl.FollowerState (FollowerState.java:run(143)) - 648ce8fc-720e-401e-ac80-e1f8bda9cb96@group-6CDA7B53CB28-FollowerState was interrupted: {}
java.lang.InterruptedException: sleep interrupted
	at java.lang.Thread.sleep(Native Method)
	at java.lang.Thread.sleep(Thread.java:340)
	at java.util.concurrent.TimeUnit.sleep(TimeUnit.java:386)
	at org.apache.ratis.util.TimeDuration.sleep(TimeDuration.java:324)
	at org.apache.ratis.util.TimeDuration.sleep(TimeDuration.java:309)
	at org.apache.ratis.server.impl.FollowerState.run(FollowerState.java:118)
2021-08-26 17:32:03,679 [648ce8fc-720e-401e-ac80-e1f8bda9cb96@group-6CDA7B53CB28-StateMachineUpdater] INFO  ratis.ContainerStateMachine (ContainerStateMachine.java:takeSnapshot(292)) - group-6CDA7B53CB28: Taking a snapshot at:(t:1, i:17) file /home/runner/work/ozone/ozone/hadoop-ozone/integration-test/target/test-dir/MiniOzoneClusterImpl-daa96565-427e-4fca-a993-08525edc6fa6/datanode-0/data/ratis/16e4fc05-efaa-4bb7-85d6-6cda7b53cb28/sm/snapshot.1_17
2021-08-26 17:32:03,679 [ForkJoinPool.commonPool-worker-1] INFO  impl.StateMachineUpdater (StateMachineUpdater.java:stopAndJoin(149)) - 648ce8fc-720e-401e-ac80-e1f8bda9cb96@group-6CDA7B53CB28-StateMachineUpdater: set stopIndex = 17
2021-08-26 17:32:03,686 [648ce8fc-720e-401e-ac80-e1f8bda9cb96@group-13D014E1FF78-SegmentedRaftLogWorker] INFO  segmented.SegmentedRaftLogWorker (SegmentedRaftLogWorker.java:run(327)) - 648ce8fc-720e-401e-ac80-e1f8bda9cb96@group-13D014E1FF78-SegmentedRaftLogWorker was interrupted, exiting. There are 0 tasks remaining in the queue.
2021-08-26 17:32:03,686 [648ce8fc-720e-401e-ac80-e1f8bda9cb96@group-13D014E1FF78->599d22f6-71b6-4f75-a803-0445b42d232b-GrpcLogAppender-LogAppenderDaemon] WARN  server.GrpcLogAppender (GrpcLogAppender.java:mayWait(175)) - 648ce8fc-720e-401e-ac80-e1f8bda9cb96@group-13D014E1FF78->599d22f6-71b6-4f75-a803-0445b42d232b-GrpcLogAppender: Wait interrupted by java.lang.InterruptedException
2021-08-26 17:32:03,688 [grpc-default-executor-1] INFO  server.GrpcServerProtocolService (GrpcServerProtocolService.java:onCompleted(140)) - 599d22f6-71b6-4f75-a803-0445b42d232b: Completed APPEND_ENTRIES, lastRequest: 648ce8fc-720e-401e-ac80-e1f8bda9cb96->599d22f6-71b6-4f75-a803-0445b42d232b#1-t1,previous=(t:0, i:0),leaderCommit=0,initializing? true,entries: size=1, first=(t:1, i:0), CONFIGURATIONENTRY
2021-08-26 17:32:03,688 [648ce8fc-720e-401e-ac80-e1f8bda9cb96@group-6CDA7B53CB28-StateMachineUpdater] INFO  ratis.ContainerStateMachine (ContainerStateMachine.java:takeSnapshot(303)) - group-6CDA7B53CB28: Finished taking a snapshot at:(t:1, i:17) file:/home/runner/work/ozone/ozone/hadoop-ozone/integration-test/target/test-dir/MiniOzoneClusterImpl-daa96565-427e-4fca-a993-08525edc6fa6/datanode-0/data/ratis/16e4fc05-efaa-4bb7-85d6-6cda7b53cb28/sm/snapshot.1_17 took: 9 ms
2021-08-26 17:32:03,688 [648ce8fc-720e-401e-ac80-e1f8bda9cb96@group-6CDA7B53CB28-StateMachineUpdater] INFO  impl.StateMachineUpdater (StateMachineUpdater.java:takeSnapshot(281)) - 648ce8fc-720e-401e-ac80-e1f8bda9cb96@group-6CDA7B53CB28-StateMachineUpdater: Took a snapshot at index 17
2021-08-26 17:32:03,688 [648ce8fc-720e-401e-ac80-e1f8bda9cb96@group-6CDA7B53CB28-StateMachineUpdater] INFO  impl.StateMachineUpdater (StateMachineUpdater.java:lambda$new$0(89)) - 648ce8fc-720e-401e-ac80-e1f8bda9cb96@group-6CDA7B53CB28-StateMachineUpdater: snapshotIndex: updateIncreasingly -1 -> 17
2021-08-26 17:32:03,689 [grpc-default-executor-2] INFO  server.GrpcLogAppender (GrpcLogAppender.java:onCompleted(344)) - 648ce8fc-720e-401e-ac80-e1f8bda9cb96@group-13D014E1FF78->599d22f6-71b6-4f75-a803-0445b42d232b-AppendLogResponseHandler: follower responses appendEntries COMPLETED
2021-08-26 17:32:03,689 [grpc-default-executor-2] INFO  leader.FollowerInfo (FollowerInfoImpl.java:lambda$new$0(46)) - 648ce8fc-720e-401e-ac80-e1f8bda9cb96@group-13D014E1FF78->599d22f6-71b6-4f75-a803-0445b42d232b: nextIndex: updateUnconditionally 1 -> 0
2021-08-26 17:32:03,692 [Listener at 127.0.0.1/35991] INFO  segmented.SegmentedRaftLogWorker (SegmentedRaftLogWorker.java:close(237)) - 648ce8fc-720e-401e-ac80-e1f8bda9cb96@group-13D014E1FF78-SegmentedRaftLogWorker close()
2021-08-26 17:32:03,692 [ForkJoinPool.commonPool-worker-1] INFO  server.RaftServer$Division (ServerState.java:close(419)) - 648ce8fc-720e-401e-ac80-e1f8bda9cb96@group-6CDA7B53CB28: closes. applyIndex: 17
2021-08-26 17:32:03,693 [648ce8fc-720e-401e-ac80-e1f8bda9cb96@group-6CDA7B53CB28-SegmentedRaftLogWorker] INFO  segmented.SegmentedRaftLogWorker (SegmentedRaftLogWorker.java:run(327)) - 648ce8fc-720e-401e-ac80-e1f8bda9cb96@group-6CDA7B53CB28-SegmentedRaftLogWorker was interrupted, exiting. There are 0 tasks remaining in the queue.
2021-08-26 17:32:03,694 [Listener at 127.0.0.1/35991] INFO  server.RaftServer$Division (RaftServerImpl.java:lambda$close$4(407)) - 648ce8fc-720e-401e-ac80-e1f8bda9cb96@group-BB297A2CE972: shutdown
2021-08-26 17:32:03,694 [Listener at 127.0.0.1/35991] INFO  util.JmxRegister (JmxRegister.java:unregister(73)) - Successfully un-registered JMX Bean with object name Ratis:service=RaftServer,group=group-BB297A2CE972,id=648ce8fc-720e-401e-ac80-e1f8bda9cb96
2021-08-26 17:32:03,694 [Listener at 127.0.0.1/35991] INFO  impl.RoleInfo (RoleInfo.java:shutdownLeaderState(91)) - 648ce8fc-720e-401e-ac80-e1f8bda9cb96: shutdown 648ce8fc-720e-401e-ac80-e1f8bda9cb96@group-BB297A2CE972-LeaderStateImpl
2021-08-26 17:32:03,694 [Listener at 127.0.0.1/35991] INFO  impl.PendingRequests (PendingRequests.java:sendNotLeaderResponses(282)) - 648ce8fc-720e-401e-ac80-e1f8bda9cb96@group-BB297A2CE972-PendingRequests: sendNotLeaderResponses
2021-08-26 17:32:03,695 [Listener at 127.0.0.1/35991] INFO  impl.StateMachineUpdater (StateMachineUpdater.java:stopAndJoin(149)) - 648ce8fc-720e-401e-ac80-e1f8bda9cb96@group-BB297A2CE972-StateMachineUpdater: set stopIndex = 0
2021-08-26 17:32:03,695 [648ce8fc-720e-401e-ac80-e1f8bda9cb96@group-BB297A2CE972-StateMachineUpdater] INFO  ratis.ContainerStateMachine (ContainerStateMachine.java:takeSnapshot(292)) - group-BB297A2CE972: Taking a snapshot at:(t:1, i:0) file /home/runner/work/ozone/ozone/hadoop-ozone/integration-test/target/test-dir/MiniOzoneClusterImpl-daa96565-427e-4fca-a993-08525edc6fa6/datanode-0/data/ratis/54d415b5-08ab-4600-903e-bb297a2ce972/sm/snapshot.1_0
2021-08-26 17:32:03,699 [648ce8fc-720e-401e-ac80-e1f8bda9cb96@group-BB297A2CE972-StateMachineUpdater] INFO  ratis.ContainerStateMachine (ContainerStateMachine.java:takeSnapshot(303)) - group-BB297A2CE972: Finished taking a snapshot at:(t:1, i:0) file:/home/runner/work/ozone/ozone/hadoop-ozone/integration-test/target/test-dir/MiniOzoneClusterImpl-daa96565-427e-4fca-a993-08525edc6fa6/datanode-0/data/ratis/54d415b5-08ab-4600-903e-bb297a2ce972/sm/snapshot.1_0 took: 4 ms
2021-08-26 17:32:03,699 [648ce8fc-720e-401e-ac80-e1f8bda9cb96@group-BB297A2CE972-StateMachineUpdater] INFO  impl.StateMachineUpdater (StateMachineUpdater.java:takeSnapshot(281)) - 648ce8fc-720e-401e-ac80-e1f8bda9cb96@group-BB297A2CE972-StateMachineUpdater: Took a snapshot at index 0
2021-08-26 17:32:03,699 [648ce8fc-720e-401e-ac80-e1f8bda9cb96@group-BB297A2CE972-StateMachineUpdater] INFO  impl.StateMachineUpdater (StateMachineUpdater.java:lambda$new$0(89)) - 648ce8fc-720e-401e-ac80-e1f8bda9cb96@group-BB297A2CE972-StateMachineUpdater: snapshotIndex: updateIncreasingly -1 -> 0
2021-08-26 17:32:03,700 [Listener at 127.0.0.1/35991] INFO  server.RaftServer$Division (ServerState.java:close(419)) - 648ce8fc-720e-401e-ac80-e1f8bda9cb96@group-BB297A2CE972: closes. applyIndex: 0
2021-08-26 17:32:03,700 [648ce8fc-720e-401e-ac80-e1f8bda9cb96@group-BB297A2CE972-SegmentedRaftLogWorker] INFO  segmented.SegmentedRaftLogWorker (SegmentedRaftLogWorker.java:run(327)) - 648ce8fc-720e-401e-ac80-e1f8bda9cb96@group-BB297A2CE972-SegmentedRaftLogWorker was interrupted, exiting. There are 0 tasks remaining in the queue.
2021-08-26 17:32:03,703 [ForkJoinPool.commonPool-worker-1] INFO  segmented.SegmentedRaftLogWorker (SegmentedRaftLogWorker.java:close(237)) - 648ce8fc-720e-401e-ac80-e1f8bda9cb96@group-6CDA7B53CB28-SegmentedRaftLogWorker close()
2021-08-26 17:32:03,704 [Listener at 127.0.0.1/35991] INFO  segmented.SegmentedRaftLogWorker (SegmentedRaftLogWorker.java:close(237)) - 648ce8fc-720e-401e-ac80-e1f8bda9cb96@group-BB297A2CE972-SegmentedRaftLogWorker close()
2021-08-26 17:32:03,706 [Listener at 127.0.0.1/35991] INFO  server.GrpcService (GrpcService.java:closeImpl(262)) - 648ce8fc-720e-401e-ac80-e1f8bda9cb96: shutdown server with port 35647 now
2021-08-26 17:32:03,708 [grpc-default-executor-2] WARN  server.GrpcServerProtocolService (LogUtils.java:warn(122)) - 648ce8fc-720e-401e-ac80-e1f8bda9cb96: installSnapshot onError, lastRequest: 599d22f6-71b6-4f75-a803-0445b42d232b->648ce8fc-720e-401e-ac80-e1f8bda9cb96#303-t1,previous=(t:1, i:17),leaderCommit=17,initializing? true,entries: size=1, first=(t:1, i:18), METADATAENTRY(c:17): org.apache.ratis.thirdparty.io.grpc.StatusRuntimeException: CANCELLED: client cancelled
2021-08-26 17:32:03,709 [grpc-default-executor-1] WARN  server.GrpcLogAppender (LogUtils.java:warn(122)) - 599d22f6-71b6-4f75-a803-0445b42d232b@group-6CDA7B53CB28->648ce8fc-720e-401e-ac80-e1f8bda9cb96-AppendLogResponseHandler: Failed appendEntries: org.apache.ratis.thirdparty.io.grpc.StatusRuntimeException: CANCELLED: HTTP/2 error code: CANCEL
Received Rst Stream
2021-08-26 17:32:03,709 [grpc-default-executor-1] INFO  leader.FollowerInfo (FollowerInfoImpl.java:lambda$new$0(46)) - 599d22f6-71b6-4f75-a803-0445b42d232b@group-6CDA7B53CB28->648ce8fc-720e-401e-ac80-e1f8bda9cb96: nextIndex: updateUnconditionally 19 -> 18
2021-08-26 17:32:03,711 [grpc-default-executor-3] WARN  server.GrpcLogAppender (LogUtils.java:warn(122)) - 599d22f6-71b6-4f75-a803-0445b42d232b@group-6CDA7B53CB28->648ce8fc-720e-401e-ac80-e1f8bda9cb96-AppendLogResponseHandler: Failed appendEntries: org.apache.ratis.thirdparty.io.grpc.StatusRuntimeException: UNAVAILABLE: io exception
2021-08-26 17:32:03,711 [grpc-default-executor-3] INFO  leader.FollowerInfo (FollowerInfoImpl.java:lambda$new$0(46)) - 599d22f6-71b6-4f75-a803-0445b42d232b@group-6CDA7B53CB28->648ce8fc-720e-401e-ac80-e1f8bda9cb96: nextIndex: updateUnconditionally 19 -> 18
2021-08-26 17:32:03,722 [Listener at 127.0.0.1/35991] INFO  server.GrpcService (GrpcService.java:closeImpl(271)) - 648ce8fc-720e-401e-ac80-e1f8bda9cb96: shutdown server with port 35647 successfully
2021-08-26 17:32:03,722 [org.apache.ratis.util.JvmPauseMonitor$$Lambda$531/1273545383@4ccdca9a] INFO  util.JvmPauseMonitor (JvmPauseMonitor.java:run(109)) - JvmPauseMonitor-648ce8fc-720e-401e-ac80-e1f8bda9cb96: Stopped
2021-08-26 17:32:03,723 [Listener at 127.0.0.1/35991] INFO  utils.BackgroundService (BackgroundService.java:shutdown(132)) - Shutting down service BlockDeletingService
2021-08-26 17:32:04,879 [grpc-default-executor-2] WARN  server.GrpcLogAppender (LogUtils.java:warn(122)) - 599d22f6-71b6-4f75-a803-0445b42d232b@group-6CDA7B53CB28->8937ce5d-1b80-47aa-9c38-ca8400d40bb7-AppendLogResponseHandler: Failed appendEntries: org.apache.ratis.thirdparty.io.grpc.StatusRuntimeException: UNAVAILABLE: io exception
2021-08-26 17:32:04,880 [grpc-default-executor-2] INFO  leader.FollowerInfo (FollowerInfoImpl.java:lambda$new$0(46)) - 599d22f6-71b6-4f75-a803-0445b42d232b@group-6CDA7B53CB28->8937ce5d-1b80-47aa-9c38-ca8400d40bb7: nextIndex: updateUnconditionally 17 -> 16
2021-08-26 17:32:04,916 [c4880b1a-f63f-4492-a9df-0d04f2bfbd12@group-5ED93A64E77F-FollowerState] INFO  impl.FollowerState (FollowerState.java:run(134)) - c4880b1a-f63f-4492-a9df-0d04f2bfbd12@group-5ED93A64E77F-FollowerState: change to CANDIDATE, lastRpcElapsedTime:5014509513ns, electionTimeout:5001ms
2021-08-26 17:32:04,917 [c4880b1a-f63f-4492-a9df-0d04f2bfbd12@group-5ED93A64E77F-FollowerState] INFO  impl.RoleInfo (RoleInfo.java:shutdownFollowerState(108)) - c4880b1a-f63f-4492-a9df-0d04f2bfbd12: shutdown c4880b1a-f63f-4492-a9df-0d04f2bfbd12@group-5ED93A64E77F-FollowerState
2021-08-26 17:32:04,917 [c4880b1a-f63f-4492-a9df-0d04f2bfbd12@group-5ED93A64E77F-FollowerState] INFO  server.RaftServer$Division (RaftServerImpl.java:setRole(285)) - c4880b1a-f63f-4492-a9df-0d04f2bfbd12@group-5ED93A64E77F: changes role from  FOLLOWER to CANDIDATE at term 3 for changeToCandidate
2021-08-26 17:32:04,917 [c4880b1a-f63f-4492-a9df-0d04f2bfbd12@group-5ED93A64E77F-FollowerState] INFO  server.RaftServerConfigKeys (ConfUtils.java:logGet(44)) - raft.server.leaderelection.pre-vote = false (custom)
2021-08-26 17:32:04,917 [c4880b1a-f63f-4492-a9df-0d04f2bfbd12@group-5ED93A64E77F-FollowerState] INFO  impl.RoleInfo (RoleInfo.java:updateAndGet(130)) - c4880b1a-f63f-4492-a9df-0d04f2bfbd12: start c4880b1a-f63f-4492-a9df-0d04f2bfbd12@group-5ED93A64E77F-LeaderElection19
2021-08-26 17:32:04,926 [c4880b1a-f63f-4492-a9df-0d04f2bfbd12@group-5ED93A64E77F-LeaderElection19] INFO  impl.LeaderElection (LeaderElection.java:askForVotes(306)) - c4880b1a-f63f-4492-a9df-0d04f2bfbd12@group-5ED93A64E77F-LeaderElection19 ELECTION round 0: submit vote requests at term 4 for -1: [c4880b1a-f63f-4492-a9df-0d04f2bfbd12|rpc:10.1.0.42:36835|priority:0, caca0df6-f340-40f9-9fdf-acdee16ce07d|rpc:10.1.0.42:39345|priority:0, 7ea02771-24eb-4f5a-8038-44a318ea5460|rpc:10.1.0.42:37543|priority:1], old=null
2021-08-26 17:32:04,937 [grpc-default-executor-2] INFO  server.RaftServer$Division (RaftServerImpl.java:requestVote(1043)) - caca0df6-f340-40f9-9fdf-acdee16ce07d@group-5ED93A64E77F: receive requestVote(ELECTION, c4880b1a-f63f-4492-a9df-0d04f2bfbd12, group-5ED93A64E77F, 4, (t:0, i:0))
2021-08-26 17:32:04,938 [grpc-default-executor-2] INFO  impl.VoteContext (VoteContext.java:log(48)) - caca0df6-f340-40f9-9fdf-acdee16ce07d@group-5ED93A64E77F-FOLLOWER: accept ELECTION from c4880b1a-f63f-4492-a9df-0d04f2bfbd12: our priority 0 <= candidate's priority 0
2021-08-26 17:32:04,938 [grpc-default-executor-2] INFO  server.RaftServer$Division (RaftServerImpl.java:setRole(285)) - caca0df6-f340-40f9-9fdf-acdee16ce07d@group-5ED93A64E77F: changes role from  FOLLOWER to FOLLOWER at term 4 for candidate:c4880b1a-f63f-4492-a9df-0d04f2bfbd12
2021-08-26 17:32:04,938 [grpc-default-executor-2] INFO  impl.RoleInfo (RoleInfo.java:shutdownFollowerState(108)) - caca0df6-f340-40f9-9fdf-acdee16ce07d: shutdown caca0df6-f340-40f9-9fdf-acdee16ce07d@group-5ED93A64E77F-FollowerState
2021-08-26 17:32:04,938 [grpc-default-executor-2] INFO  impl.RoleInfo (RoleInfo.java:updateAndGet(130)) - caca0df6-f340-40f9-9fdf-acdee16ce07d: start caca0df6-f340-40f9-9fdf-acdee16ce07d@group-5ED93A64E77F-FollowerState
2021-08-26 17:32:04,938 [caca0df6-f340-40f9-9fdf-acdee16ce07d@group-5ED93A64E77F-FollowerState] INFO  impl.FollowerState (FollowerState.java:run(143)) - caca0df6-f340-40f9-9fdf-acdee16ce07d@group-5ED93A64E77F-FollowerState was interrupted: {}
java.lang.InterruptedException: sleep interrupted
	at java.lang.Thread.sleep(Native Method)
	at java.lang.Thread.sleep(Thread.java:340)
	at java.util.concurrent.TimeUnit.sleep(TimeUnit.java:386)
	at org.apache.ratis.util.TimeDuration.sleep(TimeDuration.java:324)
	at org.apache.ratis.util.TimeDuration.sleep(TimeDuration.java:309)
	at org.apache.ratis.server.impl.FollowerState.run(FollowerState.java:118)
2021-08-26 17:32:04,945 [7ea02771-24eb-4f5a-8038-44a318ea5460@group-5ED93A64E77F-FollowerState] INFO  impl.FollowerState (FollowerState.java:run(134)) - 7ea02771-24eb-4f5a-8038-44a318ea5460@group-5ED93A64E77F-FollowerState: change to CANDIDATE, lastRpcElapsedTime:5027185817ns, electionTimeout:5006ms
2021-08-26 17:32:04,945 [7ea02771-24eb-4f5a-8038-44a318ea5460@group-5ED93A64E77F-FollowerState] INFO  impl.RoleInfo (RoleInfo.java:shutdownFollowerState(108)) - 7ea02771-24eb-4f5a-8038-44a318ea5460: shutdown 7ea02771-24eb-4f5a-8038-44a318ea5460@group-5ED93A64E77F-FollowerState
2021-08-26 17:32:04,945 [7ea02771-24eb-4f5a-8038-44a318ea5460@group-5ED93A64E77F-FollowerState] INFO  server.RaftServer$Division (RaftServerImpl.java:setRole(285)) - 7ea02771-24eb-4f5a-8038-44a318ea5460@group-5ED93A64E77F: changes role from  FOLLOWER to CANDIDATE at term 3 for changeToCandidate
2021-08-26 17:32:04,945 [7ea02771-24eb-4f5a-8038-44a318ea5460@group-5ED93A64E77F-FollowerState] INFO  server.RaftServerConfigKeys (ConfUtils.java:logGet(44)) - raft.server.leaderelection.pre-vote = false (custom)
2021-08-26 17:32:04,945 [7ea02771-24eb-4f5a-8038-44a318ea5460@group-5ED93A64E77F-FollowerState] INFO  impl.RoleInfo (RoleInfo.java:updateAndGet(130)) - 7ea02771-24eb-4f5a-8038-44a318ea5460: start 7ea02771-24eb-4f5a-8038-44a318ea5460@group-5ED93A64E77F-LeaderElection20
2021-08-26 17:32:04,948 [grpc-default-executor-2] INFO  server.RaftServer$Division (RaftServerImpl.java:requestVote(1075)) - caca0df6-f340-40f9-9fdf-acdee16ce07d@group-5ED93A64E77F replies to ELECTION vote request: c4880b1a-f63f-4492-a9df-0d04f2bfbd12<-caca0df6-f340-40f9-9fdf-acdee16ce07d#0:OK-t4. Peer's state: caca0df6-f340-40f9-9fdf-acdee16ce07d@group-5ED93A64E77F:t4, leader=null, voted=c4880b1a-f63f-4492-a9df-0d04f2bfbd12, raftlog=caca0df6-f340-40f9-9fdf-acdee16ce07d@group-5ED93A64E77F-SegmentedRaftLog:OPENED:c-1,f-1,i0, conf=-1: [c4880b1a-f63f-4492-a9df-0d04f2bfbd12|rpc:10.1.0.42:36835|dataStream:|priority:0, caca0df6-f340-40f9-9fdf-acdee16ce07d|rpc:10.1.0.42:39345|dataStream:|priority:0, 7ea02771-24eb-4f5a-8038-44a318ea5460|rpc:10.1.0.42:37543|dataStream:|priority:1], old=null
2021-08-26 17:32:04,952 [7ea02771-24eb-4f5a-8038-44a318ea5460@group-5ED93A64E77F-LeaderElection20] INFO  impl.LeaderElection (LeaderElection.java:askForVotes(306)) - 7ea02771-24eb-4f5a-8038-44a318ea5460@group-5ED93A64E77F-LeaderElection20 ELECTION round 0: submit vote requests at term 4 for -1: [c4880b1a-f63f-4492-a9df-0d04f2bfbd12|rpc:10.1.0.42:36835|dataStream:|priority:0, caca0df6-f340-40f9-9fdf-acdee16ce07d|rpc:10.1.0.42:39345|dataStream:|priority:0, 7ea02771-24eb-4f5a-8038-44a318ea5460|rpc:10.1.0.42:37543|dataStream:|priority:1], old=null
2021-08-26 17:32:04,952 [grpc-default-executor-2] INFO  server.RaftServer$Division (RaftServerImpl.java:requestVote(1043)) - 7ea02771-24eb-4f5a-8038-44a318ea5460@group-5ED93A64E77F: receive requestVote(ELECTION, c4880b1a-f63f-4492-a9df-0d04f2bfbd12, group-5ED93A64E77F, 4, (t:0, i:0))
2021-08-26 17:32:04,952 [grpc-default-executor-2] INFO  impl.VoteContext (VoteContext.java:log(48)) - 7ea02771-24eb-4f5a-8038-44a318ea5460@group-5ED93A64E77F-CANDIDATE: reject ELECTION from c4880b1a-f63f-4492-a9df-0d04f2bfbd12: already has voted for 7ea02771-24eb-4f5a-8038-44a318ea5460 at current term 4
2021-08-26 17:32:04,952 [grpc-default-executor-2] INFO  server.RaftServer$Division (RaftServerImpl.java:requestVote(1075)) - 7ea02771-24eb-4f5a-8038-44a318ea5460@group-5ED93A64E77F replies to ELECTION vote request: c4880b1a-f63f-4492-a9df-0d04f2bfbd12<-7ea02771-24eb-4f5a-8038-44a318ea5460#0:FAIL-t4. Peer's state: 7ea02771-24eb-4f5a-8038-44a318ea5460@group-5ED93A64E77F:t4, leader=null, voted=7ea02771-24eb-4f5a-8038-44a318ea5460, raftlog=7ea02771-24eb-4f5a-8038-44a318ea5460@group-5ED93A64E77F-SegmentedRaftLog:OPENED:c-1,f-1,i0, conf=-1: [c4880b1a-f63f-4492-a9df-0d04f2bfbd12|rpc:10.1.0.42:36835|dataStream:|priority:0, caca0df6-f340-40f9-9fdf-acdee16ce07d|rpc:10.1.0.42:39345|dataStream:|priority:0, 7ea02771-24eb-4f5a-8038-44a318ea5460|rpc:10.1.0.42:37543|dataStream:|priority:1], old=null
2021-08-26 17:32:04,964 [grpc-default-executor-2] INFO  server.RaftServer$Division (RaftServerImpl.java:requestVote(1043)) - c4880b1a-f63f-4492-a9df-0d04f2bfbd12@group-5ED93A64E77F: receive requestVote(ELECTION, 7ea02771-24eb-4f5a-8038-44a318ea5460, group-5ED93A64E77F, 4, (t:0, i:0))
2021-08-26 17:32:04,964 [grpc-default-executor-2] INFO  impl.VoteContext (VoteContext.java:log(48)) - c4880b1a-f63f-4492-a9df-0d04f2bfbd12@group-5ED93A64E77F-CANDIDATE: reject ELECTION from 7ea02771-24eb-4f5a-8038-44a318ea5460: already has voted for c4880b1a-f63f-4492-a9df-0d04f2bfbd12 at current term 4
2021-08-26 17:32:04,964 [c4880b1a-f63f-4492-a9df-0d04f2bfbd12@group-5ED93A64E77F-LeaderElection19] INFO  impl.LeaderElection (LeaderElection.java:logAndReturn(89)) - c4880b1a-f63f-4492-a9df-0d04f2bfbd12@group-5ED93A64E77F-LeaderElection19: ELECTION REJECTED received 2 response(s) and 0 exception(s):
2021-08-26 17:32:04,964 [c4880b1a-f63f-4492-a9df-0d04f2bfbd12@group-5ED93A64E77F-LeaderElection19] INFO  impl.LeaderElection (LeaderElection.java:logAndReturn(93)) -   Response 0: c4880b1a-f63f-4492-a9df-0d04f2bfbd12<-caca0df6-f340-40f9-9fdf-acdee16ce07d#0:OK-t4
2021-08-26 17:32:04,964 [grpc-default-executor-2] INFO  server.RaftServer$Division (RaftServerImpl.java:requestVote(1075)) - c4880b1a-f63f-4492-a9df-0d04f2bfbd12@group-5ED93A64E77F replies to ELECTION vote request: 7ea02771-24eb-4f5a-8038-44a318ea5460<-c4880b1a-f63f-4492-a9df-0d04f2bfbd12#0:FAIL-t4. Peer's state: c4880b1a-f63f-4492-a9df-0d04f2bfbd12@group-5ED93A64E77F:t4, leader=null, voted=c4880b1a-f63f-4492-a9df-0d04f2bfbd12, raftlog=c4880b1a-f63f-4492-a9df-0d04f2bfbd12@group-5ED93A64E77F-SegmentedRaftLog:OPENED:c-1,f-1,i0, conf=-1: [c4880b1a-f63f-4492-a9df-0d04f2bfbd12|rpc:10.1.0.42:36835|priority:0, caca0df6-f340-40f9-9fdf-acdee16ce07d|rpc:10.1.0.42:39345|priority:0, 7ea02771-24eb-4f5a-8038-44a318ea5460|rpc:10.1.0.42:37543|priority:1], old=null
2021-08-26 17:32:04,964 [c4880b1a-f63f-4492-a9df-0d04f2bfbd12@group-5ED93A64E77F-LeaderElection19] INFO  impl.LeaderElection (LeaderElection.java:logAndReturn(93)) -   Response 1: c4880b1a-f63f-4492-a9df-0d04f2bfbd12<-7ea02771-24eb-4f5a-8038-44a318ea5460#0:FAIL-t4
2021-08-26 17:32:04,965 [c4880b1a-f63f-4492-a9df-0d04f2bfbd12@group-5ED93A64E77F-LeaderElection19] INFO  impl.LeaderElection (LeaderElection.java:askForVotes(308)) - c4880b1a-f63f-4492-a9df-0d04f2bfbd12@group-5ED93A64E77F-LeaderElection19 ELECTION round 0: result REJECTED
2021-08-26 17:32:04,965 [c4880b1a-f63f-4492-a9df-0d04f2bfbd12@group-5ED93A64E77F-LeaderElection19] INFO  server.RaftServer$Division (RaftServerImpl.java:setRole(285)) - c4880b1a-f63f-4492-a9df-0d04f2bfbd12@group-5ED93A64E77F: changes role from CANDIDATE to FOLLOWER at term 4 for REJECTED
2021-08-26 17:32:04,965 [c4880b1a-f63f-4492-a9df-0d04f2bfbd12@group-5ED93A64E77F-LeaderElection19] INFO  impl.RoleInfo (RoleInfo.java:shutdownLeaderElection(121)) - c4880b1a-f63f-4492-a9df-0d04f2bfbd12: shutdown c4880b1a-f63f-4492-a9df-0d04f2bfbd12@group-5ED93A64E77F-LeaderElection19
2021-08-26 17:32:04,965 [c4880b1a-f63f-4492-a9df-0d04f2bfbd12@group-5ED93A64E77F-LeaderElection19] INFO  impl.RoleInfo (RoleInfo.java:updateAndGet(130)) - c4880b1a-f63f-4492-a9df-0d04f2bfbd12: start c4880b1a-f63f-4492-a9df-0d04f2bfbd12@group-5ED93A64E77F-FollowerState
2021-08-26 17:32:04,976 [grpc-default-executor-2] INFO  server.RaftServer$Division (RaftServerImpl.java:requestVote(1043)) - caca0df6-f340-40f9-9fdf-acdee16ce07d@group-5ED93A64E77F: receive requestVote(ELECTION, 7ea02771-24eb-4f5a-8038-44a318ea5460, group-5ED93A64E77F, 4, (t:0, i:0))
2021-08-26 17:32:04,976 [grpc-default-executor-2] INFO  impl.VoteContext (VoteContext.java:log(48)) - caca0df6-f340-40f9-9fdf-acdee16ce07d@group-5ED93A64E77F-FOLLOWER: reject ELECTION from 7ea02771-24eb-4f5a-8038-44a318ea5460: already has voted for c4880b1a-f63f-4492-a9df-0d04f2bfbd12 at current term 4
2021-08-26 17:32:04,976 [grpc-default-executor-2] INFO  server.RaftServer$Division (RaftServerImpl.java:requestVote(1075)) - caca0df6-f340-40f9-9fdf-acdee16ce07d@group-5ED93A64E77F replies to ELECTION vote request: 7ea02771-24eb-4f5a-8038-44a318ea5460<-caca0df6-f340-40f9-9fdf-acdee16ce07d#0:FAIL-t4. Peer's state: caca0df6-f340-40f9-9fdf-acdee16ce07d@group-5ED93A64E77F:t4, leader=null, voted=c4880b1a-f63f-4492-a9df-0d04f2bfbd12, raftlog=caca0df6-f340-40f9-9fdf-acdee16ce07d@group-5ED93A64E77F-SegmentedRaftLog:OPENED:c-1,f-1,i0, conf=-1: [c4880b1a-f63f-4492-a9df-0d04f2bfbd12|rpc:10.1.0.42:36835|dataStream:|priority:0, caca0df6-f340-40f9-9fdf-acdee16ce07d|rpc:10.1.0.42:39345|dataStream:|priority:0, 7ea02771-24eb-4f5a-8038-44a318ea5460|rpc:10.1.0.42:37543|dataStream:|priority:1], old=null
2021-08-26 17:32:04,988 [7ea02771-24eb-4f5a-8038-44a318ea5460@group-5ED93A64E77F-LeaderElection20] INFO  impl.LeaderElection (LeaderElection.java:logAndReturn(89)) - 7ea02771-24eb-4f5a-8038-44a318ea5460@group-5ED93A64E77F-LeaderElection20: ELECTION REJECTED received 2 response(s) and 0 exception(s):
2021-08-26 17:32:04,988 [7ea02771-24eb-4f5a-8038-44a318ea5460@group-5ED93A64E77F-LeaderElection20] INFO  impl.LeaderElection (LeaderElection.java:logAndReturn(93)) -   Response 0: 7ea02771-24eb-4f5a-8038-44a318ea5460<-c4880b1a-f63f-4492-a9df-0d04f2bfbd12#0:FAIL-t4
2021-08-26 17:32:04,988 [7ea02771-24eb-4f5a-8038-44a318ea5460@group-5ED93A64E77F-LeaderElection20] INFO  impl.LeaderElection (LeaderElection.java:logAndReturn(93)) -   Response 1: 7ea02771-24eb-4f5a-8038-44a318ea5460<-caca0df6-f340-40f9-9fdf-acdee16ce07d#0:FAIL-t4
2021-08-26 17:32:04,988 [7ea02771-24eb-4f5a-8038-44a318ea5460@group-5ED93A64E77F-LeaderElection20] INFO  impl.LeaderElection (LeaderElection.java:askForVotes(308)) - 7ea02771-24eb-4f5a-8038-44a318ea5460@group-5ED93A64E77F-LeaderElection20 ELECTION round 0: result REJECTED
2021-08-26 17:32:04,988 [7ea02771-24eb-4f5a-8038-44a318ea5460@group-5ED93A64E77F-LeaderElection20] INFO  server.RaftServer$Division (RaftServerImpl.java:setRole(285)) - 7ea02771-24eb-4f5a-8038-44a318ea5460@group-5ED93A64E77F: changes role from CANDIDATE to FOLLOWER at term 4 for REJECTED
2021-08-26 17:32:04,988 [7ea02771-24eb-4f5a-8038-44a318ea5460@group-5ED93A64E77F-LeaderElection20] INFO  impl.RoleInfo (RoleInfo.java:shutdownLeaderElection(121)) - 7ea02771-24eb-4f5a-8038-44a318ea5460: shutdown 7ea02771-24eb-4f5a-8038-44a318ea5460@group-5ED93A64E77F-LeaderElection20
2021-08-26 17:32:04,988 [7ea02771-24eb-4f5a-8038-44a318ea5460@group-5ED93A64E77F-LeaderElection20] INFO  impl.RoleInfo (RoleInfo.java:updateAndGet(130)) - 7ea02771-24eb-4f5a-8038-44a318ea5460: start 7ea02771-24eb-4f5a-8038-44a318ea5460@group-5ED93A64E77F-FollowerState
2021-08-26 17:32:05,126 [c4880b1a-f63f-4492-a9df-0d04f2bfbd12@group-581338FFE026-FollowerState] INFO  impl.FollowerState (FollowerState.java:run(134)) - c4880b1a-f63f-4492-a9df-0d04f2bfbd12@group-581338FFE026-FollowerState: change to CANDIDATE, lastRpcElapsedTime:5058712329ns, electionTimeout:5040ms
2021-08-26 17:32:05,126 [c4880b1a-f63f-4492-a9df-0d04f2bfbd12@group-581338FFE026-FollowerState] INFO  impl.RoleInfo (RoleInfo.java:shutdownFollowerState(108)) - c4880b1a-f63f-4492-a9df-0d04f2bfbd12: shutdown c4880b1a-f63f-4492-a9df-0d04f2bfbd12@group-581338FFE026-FollowerState
2021-08-26 17:32:05,126 [c4880b1a-f63f-4492-a9df-0d04f2bfbd12@group-581338FFE026-FollowerState] INFO  server.RaftServer$Division (RaftServerImpl.java:setRole(285)) - c4880b1a-f63f-4492-a9df-0d04f2bfbd12@group-581338FFE026: changes role from  FOLLOWER to CANDIDATE at term 3 for changeToCandidate
2021-08-26 17:32:05,126 [c4880b1a-f63f-4492-a9df-0d04f2bfbd12@group-581338FFE026-FollowerState] INFO  server.RaftServerConfigKeys (ConfUtils.java:logGet(44)) - raft.server.leaderelection.pre-vote = false (custom)
2021-08-26 17:32:05,126 [c4880b1a-f63f-4492-a9df-0d04f2bfbd12@group-581338FFE026-FollowerState] INFO  impl.RoleInfo (RoleInfo.java:updateAndGet(130)) - c4880b1a-f63f-4492-a9df-0d04f2bfbd12: start c4880b1a-f63f-4492-a9df-0d04f2bfbd12@group-581338FFE026-LeaderElection21
2021-08-26 17:32:05,134 [c4880b1a-f63f-4492-a9df-0d04f2bfbd12@group-581338FFE026-LeaderElection21] INFO  impl.LeaderElection (LeaderElection.java:askForVotes(306)) - c4880b1a-f63f-4492-a9df-0d04f2bfbd12@group-581338FFE026-LeaderElection21 ELECTION round 0: submit vote requests at term 4 for -1: [c4880b1a-f63f-4492-a9df-0d04f2bfbd12|rpc:10.1.0.42:36835|priority:0, caca0df6-f340-40f9-9fdf-acdee16ce07d|rpc:10.1.0.42:39345|priority:1, 7ea02771-24eb-4f5a-8038-44a318ea5460|rpc:10.1.0.42:37543|priority:0], old=null
2021-08-26 17:32:05,150 [grpc-default-executor-2] INFO  server.RaftServer$Division (RaftServerImpl.java:requestVote(1043)) - caca0df6-f340-40f9-9fdf-acdee16ce07d@group-581338FFE026: receive requestVote(ELECTION, c4880b1a-f63f-4492-a9df-0d04f2bfbd12, group-581338FFE026, 4, (t:0, i:0))
2021-08-26 17:32:05,150 [grpc-default-executor-2] INFO  impl.VoteContext (VoteContext.java:log(48)) - caca0df6-f340-40f9-9fdf-acdee16ce07d@group-581338FFE026-FOLLOWER: reject ELECTION from c4880b1a-f63f-4492-a9df-0d04f2bfbd12: our priority 1 > candidate's priority 0
2021-08-26 17:32:05,150 [grpc-default-executor-2] INFO  server.RaftServer$Division (RaftServerImpl.java:setRole(285)) - caca0df6-f340-40f9-9fdf-acdee16ce07d@group-581338FFE026: changes role from  FOLLOWER to FOLLOWER at term 4 for candidate:c4880b1a-f63f-4492-a9df-0d04f2bfbd12
2021-08-26 17:32:05,150 [grpc-default-executor-2] INFO  impl.RoleInfo (RoleInfo.java:shutdownFollowerState(108)) - caca0df6-f340-40f9-9fdf-acdee16ce07d: shutdown caca0df6-f340-40f9-9fdf-acdee16ce07d@group-581338FFE026-FollowerState
2021-08-26 17:32:05,150 [grpc-default-executor-2] INFO  impl.RoleInfo (RoleInfo.java:updateAndGet(130)) - caca0df6-f340-40f9-9fdf-acdee16ce07d: start caca0df6-f340-40f9-9fdf-acdee16ce07d@group-581338FFE026-FollowerState
2021-08-26 17:32:05,150 [caca0df6-f340-40f9-9fdf-acdee16ce07d@group-581338FFE026-FollowerState] INFO  impl.FollowerState (FollowerState.java:run(143)) - caca0df6-f340-40f9-9fdf-acdee16ce07d@group-581338FFE026-FollowerState was interrupted: {}
java.lang.InterruptedException: sleep interrupted
	at java.lang.Thread.sleep(Native Method)
	at java.lang.Thread.sleep(Thread.java:340)
	at java.util.concurrent.TimeUnit.sleep(TimeUnit.java:386)
	at org.apache.ratis.util.TimeDuration.sleep(TimeDuration.java:324)
	at org.apache.ratis.util.TimeDuration.sleep(TimeDuration.java:309)
	at org.apache.ratis.server.impl.FollowerState.run(FollowerState.java:118)
2021-08-26 17:32:05,151 [grpc-default-executor-3] INFO  server.RaftServer$Division (RaftServerImpl.java:requestVote(1043)) - 7ea02771-24eb-4f5a-8038-44a318ea5460@group-581338FFE026: receive requestVote(ELECTION, c4880b1a-f63f-4492-a9df-0d04f2bfbd12, group-581338FFE026, 4, (t:0, i:0))
2021-08-26 17:32:05,151 [grpc-default-executor-3] INFO  impl.VoteContext (VoteContext.java:log(48)) - 7ea02771-24eb-4f5a-8038-44a318ea5460@group-581338FFE026-FOLLOWER: accept ELECTION from c4880b1a-f63f-4492-a9df-0d04f2bfbd12: our priority 0 <= candidate's priority 0
2021-08-26 17:32:05,151 [grpc-default-executor-3] INFO  server.RaftServer$Division (RaftServerImpl.java:setRole(285)) - 7ea02771-24eb-4f5a-8038-44a318ea5460@group-581338FFE026: changes role from  FOLLOWER to FOLLOWER at term 4 for candidate:c4880b1a-f63f-4492-a9df-0d04f2bfbd12
2021-08-26 17:32:05,151 [grpc-default-executor-3] INFO  impl.RoleInfo (RoleInfo.java:shutdownFollowerState(108)) - 7ea02771-24eb-4f5a-8038-44a318ea5460: shutdown 7ea02771-24eb-4f5a-8038-44a318ea5460@group-581338FFE026-FollowerState
2021-08-26 17:32:05,153 [7ea02771-24eb-4f5a-8038-44a318ea5460@group-581338FFE026-FollowerState] INFO  impl.FollowerState (FollowerState.java:run(143)) - 7ea02771-24eb-4f5a-8038-44a318ea5460@group-581338FFE026-FollowerState was interrupted: {}
java.lang.InterruptedException: sleep interrupted
	at java.lang.Thread.sleep(Native Method)
	at java.lang.Thread.sleep(Thread.java:340)
	at java.util.concurrent.TimeUnit.sleep(TimeUnit.java:386)
	at org.apache.ratis.util.TimeDuration.sleep(TimeDuration.java:324)
	at org.apache.ratis.util.TimeDuration.sleep(TimeDuration.java:309)
	at org.apache.ratis.server.impl.FollowerState.run(FollowerState.java:118)
2021-08-26 17:32:05,155 [grpc-default-executor-3] INFO  impl.RoleInfo (RoleInfo.java:updateAndGet(130)) - 7ea02771-24eb-4f5a-8038-44a318ea5460: start 7ea02771-24eb-4f5a-8038-44a318ea5460@group-581338FFE026-FollowerState
2021-08-26 17:32:05,157 [grpc-default-executor-2] INFO  server.RaftServer$Division (RaftServerImpl.java:requestVote(1075)) - caca0df6-f340-40f9-9fdf-acdee16ce07d@group-581338FFE026 replies to ELECTION vote request: c4880b1a-f63f-4492-a9df-0d04f2bfbd12<-caca0df6-f340-40f9-9fdf-acdee16ce07d#0:FAIL-t4. Peer's state: caca0df6-f340-40f9-9fdf-acdee16ce07d@group-581338FFE026:t4, leader=null, voted=null, raftlog=caca0df6-f340-40f9-9fdf-acdee16ce07d@group-581338FFE026-SegmentedRaftLog:OPENED:c-1,f-1,i0, conf=-1: [c4880b1a-f63f-4492-a9df-0d04f2bfbd12|rpc:10.1.0.42:36835|dataStream:|priority:0, caca0df6-f340-40f9-9fdf-acdee16ce07d|rpc:10.1.0.42:39345|dataStream:|priority:1, 7ea02771-24eb-4f5a-8038-44a318ea5460|rpc:10.1.0.42:37543|dataStream:|priority:0], old=null
2021-08-26 17:32:05,163 [c4880b1a-f63f-4492-a9df-0d04f2bfbd12@group-581338FFE026-LeaderElection21] INFO  impl.LeaderElection (LeaderElection.java:logAndReturn(89)) - c4880b1a-f63f-4492-a9df-0d04f2bfbd12@group-581338FFE026-LeaderElection21: ELECTION REJECTED received 1 response(s) and 0 exception(s):
2021-08-26 17:32:05,163 [c4880b1a-f63f-4492-a9df-0d04f2bfbd12@group-581338FFE026-LeaderElection21] INFO  impl.LeaderElection (LeaderElection.java:logAndReturn(93)) -   Response 0: c4880b1a-f63f-4492-a9df-0d04f2bfbd12<-caca0df6-f340-40f9-9fdf-acdee16ce07d#0:FAIL-t4
2021-08-26 17:32:05,163 [grpc-default-executor-3] INFO  server.RaftServer$Division (RaftServerImpl.java:requestVote(1075)) - 7ea02771-24eb-4f5a-8038-44a318ea5460@group-581338FFE026 replies to ELECTION vote request: c4880b1a-f63f-4492-a9df-0d04f2bfbd12<-7ea02771-24eb-4f5a-8038-44a318ea5460#0:OK-t4. Peer's state: 7ea02771-24eb-4f5a-8038-44a318ea5460@group-581338FFE026:t4, leader=null, voted=c4880b1a-f63f-4492-a9df-0d04f2bfbd12, raftlog=7ea02771-24eb-4f5a-8038-44a318ea5460@group-581338FFE026-SegmentedRaftLog:OPENED:c-1,f-1,i0, conf=-1: [c4880b1a-f63f-4492-a9df-0d04f2bfbd12|rpc:10.1.0.42:36835|dataStream:|priority:0, caca0df6-f340-40f9-9fdf-acdee16ce07d|rpc:10.1.0.42:39345|dataStream:|priority:1, 7ea02771-24eb-4f5a-8038-44a318ea5460|rpc:10.1.0.42:37543|dataStream:|priority:0], old=null
2021-08-26 17:32:05,163 [c4880b1a-f63f-4492-a9df-0d04f2bfbd12@group-581338FFE026-LeaderElection21] INFO  impl.LeaderElection (LeaderElection.java:askForVotes(308)) - c4880b1a-f63f-4492-a9df-0d04f2bfbd12@group-581338FFE026-LeaderElection21 ELECTION round 0: result REJECTED
2021-08-26 17:32:05,164 [c4880b1a-f63f-4492-a9df-0d04f2bfbd12@group-581338FFE026-LeaderElection21] INFO  server.RaftServer$Division (RaftServerImpl.java:setRole(285)) - c4880b1a-f63f-4492-a9df-0d04f2bfbd12@group-581338FFE026: changes role from CANDIDATE to FOLLOWER at term 4 for REJECTED
2021-08-26 17:32:05,164 [c4880b1a-f63f-4492-a9df-0d04f2bfbd12@group-581338FFE026-LeaderElection21] INFO  impl.RoleInfo (RoleInfo.java:shutdownLeaderElection(121)) - c4880b1a-f63f-4492-a9df-0d04f2bfbd12: shutdown c4880b1a-f63f-4492-a9df-0d04f2bfbd12@group-581338FFE026-LeaderElection21
2021-08-26 17:32:05,164 [c4880b1a-f63f-4492-a9df-0d04f2bfbd12@group-581338FFE026-LeaderElection21] INFO  impl.RoleInfo (RoleInfo.java:updateAndGet(130)) - c4880b1a-f63f-4492-a9df-0d04f2bfbd12: start c4880b1a-f63f-4492-a9df-0d04f2bfbd12@group-581338FFE026-FollowerState
2021-08-26 17:32:06,211 [grpc-default-executor-3] WARN  server.GrpcLogAppender (LogUtils.java:warn(122)) - 599d22f6-71b6-4f75-a803-0445b42d232b@group-6CDA7B53CB28->648ce8fc-720e-401e-ac80-e1f8bda9cb96-AppendLogResponseHandler: Failed appendEntries: org.apache.ratis.thirdparty.io.grpc.StatusRuntimeException: UNAVAILABLE: io exception
2021-08-26 17:32:06,212 [grpc-default-executor-3] INFO  leader.FollowerInfo (FollowerInfoImpl.java:lambda$new$0(46)) - 599d22f6-71b6-4f75-a803-0445b42d232b@group-6CDA7B53CB28->648ce8fc-720e-401e-ac80-e1f8bda9cb96: nextIndex: updateUnconditionally 19 -> 18
2021-08-26 17:32:06,729 [Listener at 127.0.0.1/35991] INFO  statemachine.DatanodeStateMachine (DatanodeStateMachine.java:stopDaemon(515)) - Ozone container server stopped.
2021-08-26 17:32:06,729 [Listener at 127.0.0.1/35991] INFO  handler.ContextHandler (ContextHandler.java:doStop(1153)) - Stopped o.e.j.w.WebAppContext@392ea84a{hddsDatanode,/,null,STOPPED}{jar:file:/home/runner/.m2/repository/org/apache/ozone/hdds-container-service/1.2.0-SNAPSHOT/hdds-container-service-1.2.0-SNAPSHOT.jar!/webapps/hddsDatanode}
2021-08-26 17:32:06,730 [Listener at 127.0.0.1/35991] INFO  server.AbstractConnector (AbstractConnector.java:doStop(381)) - Stopped ServerConnector@4c29a896{HTTP/1.1, (http/1.1)}{0.0.0.0:0}
2021-08-26 17:32:06,730 [Listener at 127.0.0.1/35991] INFO  server.session (HouseKeeper.java:stopScavenging(149)) - node0 Stopped scavenging
2021-08-26 17:32:06,730 [Listener at 127.0.0.1/35991] INFO  handler.ContextHandler (ContextHandler.java:doStop(1153)) - Stopped o.e.j.s.ServletContextHandler@29f0bbe{static,/static,jar:file:/home/runner/.m2/repository/org/apache/ozone/hdds-container-service/1.2.0-SNAPSHOT/hdds-container-service-1.2.0-SNAPSHOT.jar!/webapps/static,STOPPED}
2021-08-26 17:32:06,731 [Listener at 127.0.0.1/35991] INFO  handler.ContextHandler (ContextHandler.java:doStop(1153)) - Stopped o.e.j.s.ServletContextHandler@185ee96c{logs,/logs,file:///home/runner/work/ozone/ozone/hadoop-ozone/integration-test/target/log,STOPPED}
17:32:06.737 [grpc-default-executor-3] ERROR DNAudit - user=null | ip=null | op=WRITE_CHUNK {blockData=conID: 1 locID: 107544261427200001 bcsId: 14} | ret=FAILURE
org.apache.hadoop.hdds.scm.container.common.helpers.ContainerNotOpenException: Container 1 in CLOSED state
	at org.apache.hadoop.ozone.container.common.impl.HddsDispatcher.validateContainerCommand(HddsDispatcher.java:480) ~[hdds-container-service-1.2.0-SNAPSHOT.jar:?]
	at org.apache.hadoop.ozone.container.common.transport.server.ratis.ContainerStateMachine.startTransaction(ContainerStateMachine.java:318) ~[hdds-container-service-1.2.0-SNAPSHOT.jar:?]
	at org.apache.ratis.server.impl.RaftServerImpl.submitClientRequestAsync(RaftServerImpl.java:794) ~[ratis-server-2.1.0-03f3b68-SNAPSHOT.jar:2.1.0-03f3b68-SNAPSHOT]
	at org.apache.ratis.server.impl.RaftServerProxy.lambda$submitClientRequestAsync$9(RaftServerProxy.java:417) ~[ratis-server-2.1.0-03f3b68-SNAPSHOT.jar:2.1.0-03f3b68-SNAPSHOT]
	at org.apache.ratis.server.impl.RaftServerProxy.lambda$null$7(RaftServerProxy.java:412) ~[ratis-server-2.1.0-03f3b68-SNAPSHOT.jar:2.1.0-03f3b68-SNAPSHOT]
	at org.apache.ratis.util.JavaUtils.callAsUnchecked(JavaUtils.java:115) ~[ratis-common-2.1.0-03f3b68-SNAPSHOT.jar:2.1.0-03f3b68-SNAPSHOT]
	at org.apache.ratis.server.impl.RaftServerProxy.lambda$submitRequest$8(RaftServerProxy.java:412) ~[ratis-server-2.1.0-03f3b68-SNAPSHOT.jar:2.1.0-03f3b68-SNAPSHOT]
	at java.util.concurrent.CompletableFuture.uniComposeStage(CompletableFuture.java:995) ~[?:1.8.0_292]
	at java.util.concurrent.CompletableFuture.thenCompose(CompletableFuture.java:2137) ~[?:1.8.0_292]
	at org.apache.ratis.server.impl.RaftServerProxy.submitRequest(RaftServerProxy.java:411) ~[ratis-server-2.1.0-03f3b68-SNAPSHOT.jar:2.1.0-03f3b68-SNAPSHOT]
	at org.apache.ratis.server.impl.RaftServerProxy.submitClientRequestAsync(RaftServerProxy.java:417) ~[ratis-server-2.1.0-03f3b68-SNAPSHOT.jar:2.1.0-03f3b68-SNAPSHOT]
	at org.apache.ratis.grpc.client.GrpcClientProtocolService$RequestStreamObserver.processClientRequest(GrpcClientProtocolService.java:222) ~[ratis-grpc-2.1.0-03f3b68-SNAPSHOT.jar:2.1.0-03f3b68-SNAPSHOT]
	at org.apache.ratis.grpc.client.GrpcClientProtocolService$OrderedRequestStreamObserver.processClientRequest(GrpcClientProtocolService.java:328) ~[ratis-grpc-2.1.0-03f3b68-SNAPSHOT.jar:2.1.0-03f3b68-SNAPSHOT]
	at org.apache.ratis.util.SlidingWindow$Server.processRequestsFromHead(SlidingWindow.java:431) [ratis-common-2.1.0-03f3b68-SNAPSHOT.jar:2.1.0-03f3b68-SNAPSHOT]
	at org.apache.ratis.util.SlidingWindow$Server.receivedRequest(SlidingWindow.java:423) [ratis-common-2.1.0-03f3b68-SNAPSHOT.jar:2.1.0-03f3b68-SNAPSHOT]
	at org.apache.ratis.grpc.client.GrpcClientProtocolService$OrderedRequestStreamObserver.processClientRequest(GrpcClientProtocolService.java:352) [ratis-grpc-2.1.0-03f3b68-SNAPSHOT.jar:2.1.0-03f3b68-SNAPSHOT]
	at org.apache.ratis.grpc.client.GrpcClientProtocolService$RequestStreamObserver.onNext(GrpcClientProtocolService.java:242) [ratis-grpc-2.1.0-03f3b68-SNAPSHOT.jar:2.1.0-03f3b68-SNAPSHOT]
	at org.apache.ratis.grpc.client.GrpcClientProtocolService$RequestStreamObserver.onNext(GrpcClientProtocolService.java:165) [ratis-grpc-2.1.0-03f3b68-SNAPSHOT.jar:2.1.0-03f3b68-SNAPSHOT]
	at org.apache.ratis.thirdparty.io.grpc.stub.ServerCalls$StreamingServerCallHandler$StreamingServerCallListener.onMessage(ServerCalls.java:255) [ratis-thirdparty-misc-0.7.0.jar:0.7.0]
	at org.apache.ratis.thirdparty.io.grpc.ForwardingServerCallListener.onMessage(ForwardingServerCallListener.java:33) [ratis-thirdparty-misc-0.7.0.jar:0.7.0]
	at org.apache.ratis.thirdparty.io.grpc.internal.ServerCallImpl$ServerStreamListenerImpl.messagesAvailableInternal(ServerCallImpl.java:309) [ratis-thirdparty-misc-0.7.0.jar:0.7.0]
	at org.apache.ratis.thirdparty.io.grpc.internal.ServerCallImpl$ServerStreamListenerImpl.messagesAvailable(ServerCallImpl.java:292) [ratis-thirdparty-misc-0.7.0.jar:0.7.0]
	at org.apache.ratis.thirdparty.io.grpc.internal.ServerImpl$JumpToApplicationThreadServerStreamListener$1MessagesAvailable.runInContext(ServerImpl.java:782) [ratis-thirdparty-misc-0.7.0.jar:0.7.0]
	at org.apache.ratis.thirdparty.io.grpc.internal.ContextRunnable.run(ContextRunnable.java:37) [ratis-thirdparty-misc-0.7.0.jar:0.7.0]
	at org.apache.ratis.thirdparty.io.grpc.internal.SerializingExecutor.run(SerializingExecutor.java:123) [ratis-thirdparty-misc-0.7.0.jar:0.7.0]
	at java.util.concurrent.ThreadPoolExecutor.runWorker(ThreadPoolExecutor.java:1149) [?:1.8.0_292]
	at java.util.concurrent.ThreadPoolExecutor$Worker.run(ThreadPoolExecutor.java:624) [?:1.8.0_292]
	at java.lang.Thread.run(Thread.java:748) [?:1.8.0_292]
17:32:06.777 [grpc-default-executor-3] ERROR DNAudit - user=null | ip=null | op=WRITE_CHUNK {blockData=conID: 1 locID: 107544261427200001 bcsId: 14} | ret=FAILURE
org.apache.hadoop.hdds.scm.container.common.helpers.ContainerNotOpenException: Container 1 in CLOSED state
	at org.apache.hadoop.ozone.container.common.impl.HddsDispatcher.validateContainerCommand(HddsDispatcher.java:480) ~[hdds-container-service-1.2.0-SNAPSHOT.jar:?]
	at org.apache.hadoop.ozone.container.common.transport.server.ratis.ContainerStateMachine.startTransaction(ContainerStateMachine.java:318) ~[hdds-container-service-1.2.0-SNAPSHOT.jar:?]
	at org.apache.ratis.server.impl.RaftServerImpl.submitClientRequestAsync(RaftServerImpl.java:794) ~[ratis-server-2.1.0-03f3b68-SNAPSHOT.jar:2.1.0-03f3b68-SNAPSHOT]
	at org.apache.ratis.server.impl.RaftServerProxy.lambda$submitClientRequestAsync$9(RaftServerProxy.java:417) ~[ratis-server-2.1.0-03f3b68-SNAPSHOT.jar:2.1.0-03f3b68-SNAPSHOT]
	at org.apache.ratis.server.impl.RaftServerProxy.lambda$null$7(RaftServerProxy.java:412) ~[ratis-server-2.1.0-03f3b68-SNAPSHOT.jar:2.1.0-03f3b68-SNAPSHOT]
	at org.apache.ratis.util.JavaUtils.callAsUnchecked(JavaUtils.java:115) ~[ratis-common-2.1.0-03f3b68-SNAPSHOT.jar:2.1.0-03f3b68-SNAPSHOT]
	at org.apache.ratis.server.impl.RaftServerProxy.lambda$submitRequest$8(RaftServerProxy.java:412) ~[ratis-server-2.1.0-03f3b68-SNAPSHOT.jar:2.1.0-03f3b68-SNAPSHOT]
	at java.util.concurrent.CompletableFuture.uniComposeStage(CompletableFuture.java:995) ~[?:1.8.0_292]
	at java.util.concurrent.CompletableFuture.thenCompose(CompletableFuture.java:2137) ~[?:1.8.0_292]
	at org.apache.ratis.server.impl.RaftServerProxy.submitRequest(RaftServerProxy.java:411) ~[ratis-server-2.1.0-03f3b68-SNAPSHOT.jar:2.1.0-03f3b68-SNAPSHOT]
	at org.apache.ratis.server.impl.RaftServerProxy.submitClientRequestAsync(RaftServerProxy.java:417) ~[ratis-server-2.1.0-03f3b68-SNAPSHOT.jar:2.1.0-03f3b68-SNAPSHOT]
	at org.apache.ratis.grpc.client.GrpcClientProtocolService$RequestStreamObserver.processClientRequest(GrpcClientProtocolService.java:222) ~[ratis-grpc-2.1.0-03f3b68-SNAPSHOT.jar:2.1.0-03f3b68-SNAPSHOT]
	at org.apache.ratis.grpc.client.GrpcClientProtocolService$OrderedRequestStreamObserver.processClientRequest(GrpcClientProtocolService.java:328) ~[ratis-grpc-2.1.0-03f3b68-SNAPSHOT.jar:2.1.0-03f3b68-SNAPSHOT]
	at org.apache.ratis.util.SlidingWindow$Server.processRequestsFromHead(SlidingWindow.java:431) [ratis-common-2.1.0-03f3b68-SNAPSHOT.jar:2.1.0-03f3b68-SNAPSHOT]
	at org.apache.ratis.util.SlidingWindow$Server.receivedRequest(SlidingWindow.java:423) [ratis-common-2.1.0-03f3b68-SNAPSHOT.jar:2.1.0-03f3b68-SNAPSHOT]
	at org.apache.ratis.grpc.client.GrpcClientProtocolService$OrderedRequestStreamObserver.processClientRequest(GrpcClientProtocolService.java:352) [ratis-grpc-2.1.0-03f3b68-SNAPSHOT.jar:2.1.0-03f3b68-SNAPSHOT]
	at org.apache.ratis.grpc.client.GrpcClientProtocolService$RequestStreamObserver.onNext(GrpcClientProtocolService.java:242) [ratis-grpc-2.1.0-03f3b68-SNAPSHOT.jar:2.1.0-03f3b68-SNAPSHOT]
	at org.apache.ratis.grpc.client.GrpcClientProtocolService$RequestStreamObserver.onNext(GrpcClientProtocolService.java:165) [ratis-grpc-2.1.0-03f3b68-SNAPSHOT.jar:2.1.0-03f3b68-SNAPSHOT]
	at org.apache.ratis.thirdparty.io.grpc.stub.ServerCalls$StreamingServerCallHandler$StreamingServerCallListener.onMessage(ServerCalls.java:255) [ratis-thirdparty-misc-0.7.0.jar:0.7.0]
	at org.apache.ratis.thirdparty.io.grpc.ForwardingServerCallListener.onMessage(ForwardingServerCallListener.java:33) [ratis-thirdparty-misc-0.7.0.jar:0.7.0]
	at org.apache.ratis.thirdparty.io.grpc.internal.ServerCallImpl$ServerStreamListenerImpl.messagesAvailableInternal(ServerCallImpl.java:309) [ratis-thirdparty-misc-0.7.0.jar:0.7.0]
	at org.apache.ratis.thirdparty.io.grpc.internal.ServerCallImpl$ServerStreamListenerImpl.messagesAvailable(ServerCallImpl.java:292) [ratis-thirdparty-misc-0.7.0.jar:0.7.0]
	at org.apache.ratis.thirdparty.io.grpc.internal.ServerImpl$JumpToApplicationThreadServerStreamListener$1MessagesAvailable.runInContext(ServerImpl.java:782) [ratis-thirdparty-misc-0.7.0.jar:0.7.0]
	at org.apache.ratis.thirdparty.io.grpc.internal.ContextRunnable.run(ContextRunnable.java:37) [ratis-thirdparty-misc-0.7.0.jar:0.7.0]
	at org.apache.ratis.thirdparty.io.grpc.internal.SerializingExecutor.run(SerializingExecutor.java:123) [ratis-thirdparty-misc-0.7.0.jar:0.7.0]
	at java.util.concurrent.ThreadPoolExecutor.runWorker(ThreadPoolExecutor.java:1149) [?:1.8.0_292]
	at java.util.concurrent.ThreadPoolExecutor$Worker.run(ThreadPoolExecutor.java:624) [?:1.8.0_292]
	at java.lang.Thread.run(Thread.java:748) [?:1.8.0_292]
17:32:06.807 [grpc-default-executor-3] ERROR DNAudit - user=null | ip=null | op=PUT_BLOCK {blockData=[blockId=conID: 1 locID: 107544261427200001 bcsId: 0, size=650]} | ret=FAILURE
org.apache.hadoop.hdds.scm.container.common.helpers.ContainerNotOpenException: Container 1 in CLOSED state
	at org.apache.hadoop.ozone.container.common.impl.HddsDispatcher.validateContainerCommand(HddsDispatcher.java:480) ~[hdds-container-service-1.2.0-SNAPSHOT.jar:?]
	at org.apache.hadoop.ozone.container.common.transport.server.ratis.ContainerStateMachine.startTransaction(ContainerStateMachine.java:318) ~[hdds-container-service-1.2.0-SNAPSHOT.jar:?]
	at org.apache.ratis.server.impl.RaftServerImpl.submitClientRequestAsync(RaftServerImpl.java:794) ~[ratis-server-2.1.0-03f3b68-SNAPSHOT.jar:2.1.0-03f3b68-SNAPSHOT]
	at org.apache.ratis.server.impl.RaftServerProxy.lambda$submitClientRequestAsync$9(RaftServerProxy.java:417) ~[ratis-server-2.1.0-03f3b68-SNAPSHOT.jar:2.1.0-03f3b68-SNAPSHOT]
	at org.apache.ratis.server.impl.RaftServerProxy.lambda$null$7(RaftServerProxy.java:412) ~[ratis-server-2.1.0-03f3b68-SNAPSHOT.jar:2.1.0-03f3b68-SNAPSHOT]
	at org.apache.ratis.util.JavaUtils.callAsUnchecked(JavaUtils.java:115) ~[ratis-common-2.1.0-03f3b68-SNAPSHOT.jar:2.1.0-03f3b68-SNAPSHOT]
	at org.apache.ratis.server.impl.RaftServerProxy.lambda$submitRequest$8(RaftServerProxy.java:412) ~[ratis-server-2.1.0-03f3b68-SNAPSHOT.jar:2.1.0-03f3b68-SNAPSHOT]
	at java.util.concurrent.CompletableFuture.uniComposeStage(CompletableFuture.java:995) ~[?:1.8.0_292]
	at java.util.concurrent.CompletableFuture.thenCompose(CompletableFuture.java:2137) ~[?:1.8.0_292]
	at org.apache.ratis.server.impl.RaftServerProxy.submitRequest(RaftServerProxy.java:411) ~[ratis-server-2.1.0-03f3b68-SNAPSHOT.jar:2.1.0-03f3b68-SNAPSHOT]
	at org.apache.ratis.server.impl.RaftServerProxy.submitClientRequestAsync(RaftServerProxy.java:417) ~[ratis-server-2.1.0-03f3b68-SNAPSHOT.jar:2.1.0-03f3b68-SNAPSHOT]
	at org.apache.ratis.grpc.client.GrpcClientProtocolService$RequestStreamObserver.processClientRequest(GrpcClientProtocolService.java:222) ~[ratis-grpc-2.1.0-03f3b68-SNAPSHOT.jar:2.1.0-03f3b68-SNAPSHOT]
	at org.apache.ratis.grpc.client.GrpcClientProtocolService$OrderedRequestStreamObserver.processClientRequest(GrpcClientProtocolService.java:328) ~[ratis-grpc-2.1.0-03f3b68-SNAPSHOT.jar:2.1.0-03f3b68-SNAPSHOT]
	at org.apache.ratis.util.SlidingWindow$Server.processRequestsFromHead(SlidingWindow.java:431) [ratis-common-2.1.0-03f3b68-SNAPSHOT.jar:2.1.0-03f3b68-SNAPSHOT]
	at org.apache.ratis.util.SlidingWindow$Server.receivedRequest(SlidingWindow.java:423) [ratis-common-2.1.0-03f3b68-SNAPSHOT.jar:2.1.0-03f3b68-SNAPSHOT]
	at org.apache.ratis.grpc.client.GrpcClientProtocolService$OrderedRequestStreamObserver.processClientRequest(GrpcClientProtocolService.java:352) [ratis-grpc-2.1.0-03f3b68-SNAPSHOT.jar:2.1.0-03f3b68-SNAPSHOT]
	at org.apache.ratis.grpc.client.GrpcClientProtocolService$RequestStreamObserver.onNext(GrpcClientProtocolService.java:242) [ratis-grpc-2.1.0-03f3b68-SNAPSHOT.jar:2.1.0-03f3b68-SNAPSHOT]
	at org.apache.ratis.grpc.client.GrpcClientProtocolService$RequestStreamObserver.onNext(GrpcClientProtocolService.java:165) [ratis-grpc-2.1.0-03f3b68-SNAPSHOT.jar:2.1.0-03f3b68-SNAPSHOT]
	at org.apache.ratis.thirdparty.io.grpc.stub.ServerCalls$StreamingServerCallHandler$StreamingServerCallListener.onMessage(ServerCalls.java:255) [ratis-thirdparty-misc-0.7.0.jar:0.7.0]
	at org.apache.ratis.thirdparty.io.grpc.ForwardingServerCallListener.onMessage(ForwardingServerCallListener.java:33) [ratis-thirdparty-misc-0.7.0.jar:0.7.0]
	at org.apache.ratis.thirdparty.io.grpc.internal.ServerCallImpl$ServerStreamListenerImpl.messagesAvailableInternal(ServerCallImpl.java:309) [ratis-thirdparty-misc-0.7.0.jar:0.7.0]
	at org.apache.ratis.thirdparty.io.grpc.internal.ServerCallImpl$ServerStreamListenerImpl.messagesAvailable(ServerCallImpl.java:292) [ratis-thirdparty-misc-0.7.0.jar:0.7.0]
	at org.apache.ratis.thirdparty.io.grpc.internal.ServerImpl$JumpToApplicationThreadServerStreamListener$1MessagesAvailable.runInContext(ServerImpl.java:782) [ratis-thirdparty-misc-0.7.0.jar:0.7.0]
	at org.apache.ratis.thirdparty.io.grpc.internal.ContextRunnable.run(ContextRunnable.java:37) [ratis-thirdparty-misc-0.7.0.jar:0.7.0]
	at org.apache.ratis.thirdparty.io.grpc.internal.SerializingExecutor.run(SerializingExecutor.java:123) [ratis-thirdparty-misc-0.7.0.jar:0.7.0]
	at java.util.concurrent.ThreadPoolExecutor.runWorker(ThreadPoolExecutor.java:1149) [?:1.8.0_292]
	at java.util.concurrent.ThreadPoolExecutor$Worker.run(ThreadPoolExecutor.java:624) [?:1.8.0_292]
	at java.lang.Thread.run(Thread.java:748) [?:1.8.0_292]
17:32:06.819 [grpc-default-executor-3] ERROR DNAudit - user=null | ip=null | op=WRITE_CHUNK {blockData=conID: 1 locID: 107544261427200001 bcsId: 14} | ret=FAILURE
org.apache.hadoop.hdds.scm.container.common.helpers.ContainerNotOpenException: Container 1 in CLOSED state
	at org.apache.hadoop.ozone.container.common.impl.HddsDispatcher.validateContainerCommand(HddsDispatcher.java:480) ~[hdds-container-service-1.2.0-SNAPSHOT.jar:?]
	at org.apache.hadoop.ozone.container.common.transport.server.ratis.ContainerStateMachine.startTransaction(ContainerStateMachine.java:318) ~[hdds-container-service-1.2.0-SNAPSHOT.jar:?]
	at org.apache.ratis.server.impl.RaftServerImpl.submitClientRequestAsync(RaftServerImpl.java:794) ~[ratis-server-2.1.0-03f3b68-SNAPSHOT.jar:2.1.0-03f3b68-SNAPSHOT]
	at org.apache.ratis.server.impl.RaftServerProxy.lambda$submitClientRequestAsync$9(RaftServerProxy.java:417) ~[ratis-server-2.1.0-03f3b68-SNAPSHOT.jar:2.1.0-03f3b68-SNAPSHOT]
	at org.apache.ratis.server.impl.RaftServerProxy.lambda$null$7(RaftServerProxy.java:412) ~[ratis-server-2.1.0-03f3b68-SNAPSHOT.jar:2.1.0-03f3b68-SNAPSHOT]
	at org.apache.ratis.util.JavaUtils.callAsUnchecked(JavaUtils.java:115) ~[ratis-common-2.1.0-03f3b68-SNAPSHOT.jar:2.1.0-03f3b68-SNAPSHOT]
	at org.apache.ratis.server.impl.RaftServerProxy.lambda$submitRequest$8(RaftServerProxy.java:412) ~[ratis-server-2.1.0-03f3b68-SNAPSHOT.jar:2.1.0-03f3b68-SNAPSHOT]
	at java.util.concurrent.CompletableFuture.uniComposeStage(CompletableFuture.java:995) ~[?:1.8.0_292]
	at java.util.concurrent.CompletableFuture.thenCompose(CompletableFuture.java:2137) ~[?:1.8.0_292]
	at org.apache.ratis.server.impl.RaftServerProxy.submitRequest(RaftServerProxy.java:411) ~[ratis-server-2.1.0-03f3b68-SNAPSHOT.jar:2.1.0-03f3b68-SNAPSHOT]
	at org.apache.ratis.server.impl.RaftServerProxy.submitClientRequestAsync(RaftServerProxy.java:417) ~[ratis-server-2.1.0-03f3b68-SNAPSHOT.jar:2.1.0-03f3b68-SNAPSHOT]
	at org.apache.ratis.grpc.client.GrpcClientProtocolService$RequestStreamObserver.processClientRequest(GrpcClientProtocolService.java:222) ~[ratis-grpc-2.1.0-03f3b68-SNAPSHOT.jar:2.1.0-03f3b68-SNAPSHOT]
	at org.apache.ratis.grpc.client.GrpcClientProtocolService$OrderedRequestStreamObserver.processClientRequest(GrpcClientProtocolService.java:328) ~[ratis-grpc-2.1.0-03f3b68-SNAPSHOT.jar:2.1.0-03f3b68-SNAPSHOT]
	at org.apache.ratis.util.SlidingWindow$Server.processRequestsFromHead(SlidingWindow.java:431) [ratis-common-2.1.0-03f3b68-SNAPSHOT.jar:2.1.0-03f3b68-SNAPSHOT]
	at org.apache.ratis.util.SlidingWindow$Server.receivedRequest(SlidingWindow.java:423) [ratis-common-2.1.0-03f3b68-SNAPSHOT.jar:2.1.0-03f3b68-SNAPSHOT]
	at org.apache.ratis.grpc.client.GrpcClientProtocolService$OrderedRequestStreamObserver.processClientRequest(GrpcClientProtocolService.java:352) [ratis-grpc-2.1.0-03f3b68-SNAPSHOT.jar:2.1.0-03f3b68-SNAPSHOT]
	at org.apache.ratis.grpc.client.GrpcClientProtocolService$RequestStreamObserver.onNext(GrpcClientProtocolService.java:242) [ratis-grpc-2.1.0-03f3b68-SNAPSHOT.jar:2.1.0-03f3b68-SNAPSHOT]
	at org.apache.ratis.grpc.client.GrpcClientProtocolService$RequestStreamObserver.onNext(GrpcClientProtocolService.java:165) [ratis-grpc-2.1.0-03f3b68-SNAPSHOT.jar:2.1.0-03f3b68-SNAPSHOT]
	at org.apache.ratis.thirdparty.io.grpc.stub.ServerCalls$StreamingServerCallHandler$StreamingServerCallListener.onMessage(ServerCalls.java:255) [ratis-thirdparty-misc-0.7.0.jar:0.7.0]
	at org.apache.ratis.thirdparty.io.grpc.ForwardingServerCallListener.onMessage(ForwardingServerCallListener.java:33) [ratis-thirdparty-misc-0.7.0.jar:0.7.0]
	at org.apache.ratis.thirdparty.io.grpc.internal.ServerCallImpl$ServerStreamListenerImpl.messagesAvailableInternal(ServerCallImpl.java:309) [ratis-thirdparty-misc-0.7.0.jar:0.7.0]
	at org.apache.ratis.thirdparty.io.grpc.internal.ServerCallImpl$ServerStreamListenerImpl.messagesAvailable(ServerCallImpl.java:292) [ratis-thirdparty-misc-0.7.0.jar:0.7.0]
	at org.apache.ratis.thirdparty.io.grpc.internal.ServerImpl$JumpToApplicationThreadServerStreamListener$1MessagesAvailable.runInContext(ServerImpl.java:782) [ratis-thirdparty-misc-0.7.0.jar:0.7.0]
	at org.apache.ratis.thirdparty.io.grpc.internal.ContextRunnable.run(ContextRunnable.java:37) [ratis-thirdparty-misc-0.7.0.jar:0.7.0]
	at org.apache.ratis.thirdparty.io.grpc.internal.SerializingExecutor.run(SerializingExecutor.java:123) [ratis-thirdparty-misc-0.7.0.jar:0.7.0]
	at java.util.concurrent.ThreadPoolExecutor.runWorker(ThreadPoolExecutor.java:1149) [?:1.8.0_292]
	at java.util.concurrent.ThreadPoolExecutor$Worker.run(ThreadPoolExecutor.java:624) [?:1.8.0_292]
	at java.lang.Thread.run(Thread.java:748) [?:1.8.0_292]
17:32:06.827 [grpc-default-executor-3] ERROR DNAudit - user=null | ip=null | op=WRITE_CHUNK {blockData=conID: 1 locID: 107544261427200001 bcsId: 14} | ret=FAILURE
org.apache.hadoop.hdds.scm.container.common.helpers.ContainerNotOpenException: Container 1 in CLOSED state
	at org.apache.hadoop.ozone.container.common.impl.HddsDispatcher.validateContainerCommand(HddsDispatcher.java:480) ~[hdds-container-service-1.2.0-SNAPSHOT.jar:?]
	at org.apache.hadoop.ozone.container.common.transport.server.ratis.ContainerStateMachine.startTransaction(ContainerStateMachine.java:318) ~[hdds-container-service-1.2.0-SNAPSHOT.jar:?]
	at org.apache.ratis.server.impl.RaftServerImpl.submitClientRequestAsync(RaftServerImpl.java:794) ~[ratis-server-2.1.0-03f3b68-SNAPSHOT.jar:2.1.0-03f3b68-SNAPSHOT]
	at org.apache.ratis.server.impl.RaftServerProxy.lambda$submitClientRequestAsync$9(RaftServerProxy.java:417) ~[ratis-server-2.1.0-03f3b68-SNAPSHOT.jar:2.1.0-03f3b68-SNAPSHOT]
	at org.apache.ratis.server.impl.RaftServerProxy.lambda$null$7(RaftServerProxy.java:412) ~[ratis-server-2.1.0-03f3b68-SNAPSHOT.jar:2.1.0-03f3b68-SNAPSHOT]
	at org.apache.ratis.util.JavaUtils.callAsUnchecked(JavaUtils.java:115) ~[ratis-common-2.1.0-03f3b68-SNAPSHOT.jar:2.1.0-03f3b68-SNAPSHOT]
	at org.apache.ratis.server.impl.RaftServerProxy.lambda$submitRequest$8(RaftServerProxy.java:412) ~[ratis-server-2.1.0-03f3b68-SNAPSHOT.jar:2.1.0-03f3b68-SNAPSHOT]
	at java.util.concurrent.CompletableFuture.uniComposeStage(CompletableFuture.java:995) ~[?:1.8.0_292]
	at java.util.concurrent.CompletableFuture.thenCompose(CompletableFuture.java:2137) ~[?:1.8.0_292]
	at org.apache.ratis.server.impl.RaftServerProxy.submitRequest(RaftServerProxy.java:411) ~[ratis-server-2.1.0-03f3b68-SNAPSHOT.jar:2.1.0-03f3b68-SNAPSHOT]
	at org.apache.ratis.server.impl.RaftServerProxy.submitClientRequestAsync(RaftServerProxy.java:417) ~[ratis-server-2.1.0-03f3b68-SNAPSHOT.jar:2.1.0-03f3b68-SNAPSHOT]
	at org.apache.ratis.grpc.client.GrpcClientProtocolService$RequestStreamObserver.processClientRequest(GrpcClientProtocolService.java:222) ~[ratis-grpc-2.1.0-03f3b68-SNAPSHOT.jar:2.1.0-03f3b68-SNAPSHOT]
	at org.apache.ratis.grpc.client.GrpcClientProtocolService$OrderedRequestStreamObserver.processClientRequest(GrpcClientProtocolService.java:328) ~[ratis-grpc-2.1.0-03f3b68-SNAPSHOT.jar:2.1.0-03f3b68-SNAPSHOT]
	at org.apache.ratis.util.SlidingWindow$Server.processRequestsFromHead(SlidingWindow.java:431) [ratis-common-2.1.0-03f3b68-SNAPSHOT.jar:2.1.0-03f3b68-SNAPSHOT]
	at org.apache.ratis.util.SlidingWindow$Server.receivedRequest(SlidingWindow.java:423) [ratis-common-2.1.0-03f3b68-SNAPSHOT.jar:2.1.0-03f3b68-SNAPSHOT]
	at org.apache.ratis.grpc.client.GrpcClientProtocolService$OrderedRequestStreamObserver.processClientRequest(GrpcClientProtocolService.java:352) [ratis-grpc-2.1.0-03f3b68-SNAPSHOT.jar:2.1.0-03f3b68-SNAPSHOT]
	at org.apache.ratis.grpc.client.GrpcClientProtocolService$RequestStreamObserver.onNext(GrpcClientProtocolService.java:242) [ratis-grpc-2.1.0-03f3b68-SNAPSHOT.jar:2.1.0-03f3b68-SNAPSHOT]
	at org.apache.ratis.grpc.client.GrpcClientProtocolService$RequestStreamObserver.onNext(GrpcClientProtocolService.java:165) [ratis-grpc-2.1.0-03f3b68-SNAPSHOT.jar:2.1.0-03f3b68-SNAPSHOT]
	at org.apache.ratis.thirdparty.io.grpc.stub.ServerCalls$StreamingServerCallHandler$StreamingServerCallListener.onMessage(ServerCalls.java:255) [ratis-thirdparty-misc-0.7.0.jar:0.7.0]
	at org.apache.ratis.thirdparty.io.grpc.ForwardingServerCallListener.onMessage(ForwardingServerCallListener.java:33) [ratis-thirdparty-misc-0.7.0.jar:0.7.0]
	at org.apache.ratis.thirdparty.io.grpc.internal.ServerCallImpl$ServerStreamListenerImpl.messagesAvailableInternal(ServerCallImpl.java:309) [ratis-thirdparty-misc-0.7.0.jar:0.7.0]
	at org.apache.ratis.thirdparty.io.grpc.internal.ServerCallImpl$ServerStreamListenerImpl.messagesAvailable(ServerCallImpl.java:292) [ratis-thirdparty-misc-0.7.0.jar:0.7.0]
	at org.apache.ratis.thirdparty.io.grpc.internal.ServerImpl$JumpToApplicationThreadServerStreamListener$1MessagesAvailable.runInContext(ServerImpl.java:782) [ratis-thirdparty-misc-0.7.0.jar:0.7.0]
	at org.apache.ratis.thirdparty.io.grpc.internal.ContextRunnable.run(ContextRunnable.java:37) [ratis-thirdparty-misc-0.7.0.jar:0.7.0]
	at org.apache.ratis.thirdparty.io.grpc.internal.SerializingExecutor.run(SerializingExecutor.java:123) [ratis-thirdparty-misc-0.7.0.jar:0.7.0]
	at java.util.concurrent.ThreadPoolExecutor.runWorker(ThreadPoolExecutor.java:1149) [?:1.8.0_292]
	at java.util.concurrent.ThreadPoolExecutor$Worker.run(ThreadPoolExecutor.java:624) [?:1.8.0_292]
	at java.lang.Thread.run(Thread.java:748) [?:1.8.0_292]
17:32:06.851 [grpc-default-executor-3] ERROR DNAudit - user=null | ip=null | op=PUT_BLOCK {blockData=[blockId=conID: 1 locID: 107544261427200001 bcsId: 0, size=800]} | ret=FAILURE
org.apache.hadoop.hdds.scm.container.common.helpers.ContainerNotOpenException: Container 1 in CLOSED state
	at org.apache.hadoop.ozone.container.common.impl.HddsDispatcher.validateContainerCommand(HddsDispatcher.java:480) ~[hdds-container-service-1.2.0-SNAPSHOT.jar:?]
	at org.apache.hadoop.ozone.container.common.transport.server.ratis.ContainerStateMachine.startTransaction(ContainerStateMachine.java:318) ~[hdds-container-service-1.2.0-SNAPSHOT.jar:?]
	at org.apache.ratis.server.impl.RaftServerImpl.submitClientRequestAsync(RaftServerImpl.java:794) ~[ratis-server-2.1.0-03f3b68-SNAPSHOT.jar:2.1.0-03f3b68-SNAPSHOT]
	at org.apache.ratis.server.impl.RaftServerProxy.lambda$submitClientRequestAsync$9(RaftServerProxy.java:417) ~[ratis-server-2.1.0-03f3b68-SNAPSHOT.jar:2.1.0-03f3b68-SNAPSHOT]
	at org.apache.ratis.server.impl.RaftServerProxy.lambda$null$7(RaftServerProxy.java:412) ~[ratis-server-2.1.0-03f3b68-SNAPSHOT.jar:2.1.0-03f3b68-SNAPSHOT]
	at org.apache.ratis.util.JavaUtils.callAsUnchecked(JavaUtils.java:115) ~[ratis-common-2.1.0-03f3b68-SNAPSHOT.jar:2.1.0-03f3b68-SNAPSHOT]
	at org.apache.ratis.server.impl.RaftServerProxy.lambda$submitRequest$8(RaftServerProxy.java:412) ~[ratis-server-2.1.0-03f3b68-SNAPSHOT.jar:2.1.0-03f3b68-SNAPSHOT]
	at java.util.concurrent.CompletableFuture.uniComposeStage(CompletableFuture.java:995) ~[?:1.8.0_292]
	at java.util.concurrent.CompletableFuture.thenCompose(CompletableFuture.java:2137) ~[?:1.8.0_292]
	at org.apache.ratis.server.impl.RaftServerProxy.submitRequest(RaftServerProxy.java:411) ~[ratis-server-2.1.0-03f3b68-SNAPSHOT.jar:2.1.0-03f3b68-SNAPSHOT]
	at org.apache.ratis.server.impl.RaftServerProxy.submitClientRequestAsync(RaftServerProxy.java:417) ~[ratis-server-2.1.0-03f3b68-SNAPSHOT.jar:2.1.0-03f3b68-SNAPSHOT]
	at org.apache.ratis.grpc.client.GrpcClientProtocolService$RequestStreamObserver.processClientRequest(GrpcClientProtocolService.java:222) ~[ratis-grpc-2.1.0-03f3b68-SNAPSHOT.jar:2.1.0-03f3b68-SNAPSHOT]
	at org.apache.ratis.grpc.client.GrpcClientProtocolService$OrderedRequestStreamObserver.processClientRequest(GrpcClientProtocolService.java:328) ~[ratis-grpc-2.1.0-03f3b68-SNAPSHOT.jar:2.1.0-03f3b68-SNAPSHOT]
	at org.apache.ratis.util.SlidingWindow$Server.processRequestsFromHead(SlidingWindow.java:431) [ratis-common-2.1.0-03f3b68-SNAPSHOT.jar:2.1.0-03f3b68-SNAPSHOT]
	at org.apache.ratis.util.SlidingWindow$Server.receivedRequest(SlidingWindow.java:423) [ratis-common-2.1.0-03f3b68-SNAPSHOT.jar:2.1.0-03f3b68-SNAPSHOT]
	at org.apache.ratis.grpc.client.GrpcClientProtocolService$OrderedRequestStreamObserver.processClientRequest(GrpcClientProtocolService.java:352) [ratis-grpc-2.1.0-03f3b68-SNAPSHOT.jar:2.1.0-03f3b68-SNAPSHOT]
	at org.apache.ratis.grpc.client.GrpcClientProtocolService$RequestStreamObserver.onNext(GrpcClientProtocolService.java:242) [ratis-grpc-2.1.0-03f3b68-SNAPSHOT.jar:2.1.0-03f3b68-SNAPSHOT]
	at org.apache.ratis.grpc.client.GrpcClientProtocolService$RequestStreamObserver.onNext(GrpcClientProtocolService.java:165) [ratis-grpc-2.1.0-03f3b68-SNAPSHOT.jar:2.1.0-03f3b68-SNAPSHOT]
	at org.apache.ratis.thirdparty.io.grpc.stub.ServerCalls$StreamingServerCallHandler$StreamingServerCallListener.onMessage(ServerCalls.java:255) [ratis-thirdparty-misc-0.7.0.jar:0.7.0]
	at org.apache.ratis.thirdparty.io.grpc.ForwardingServerCallListener.onMessage(ForwardingServerCallListener.java:33) [ratis-thirdparty-misc-0.7.0.jar:0.7.0]
	at org.apache.ratis.thirdparty.io.grpc.internal.ServerCallImpl$ServerStreamListenerImpl.messagesAvailableInternal(ServerCallImpl.java:309) [ratis-thirdparty-misc-0.7.0.jar:0.7.0]
	at org.apache.ratis.thirdparty.io.grpc.internal.ServerCallImpl$ServerStreamListenerImpl.messagesAvailable(ServerCallImpl.java:292) [ratis-thirdparty-misc-0.7.0.jar:0.7.0]
	at org.apache.ratis.thirdparty.io.grpc.internal.ServerImpl$JumpToApplicationThreadServerStreamListener$1MessagesAvailable.runInContext(ServerImpl.java:782) [ratis-thirdparty-misc-0.7.0.jar:0.7.0]
	at org.apache.ratis.thirdparty.io.grpc.internal.ContextRunnable.run(ContextRunnable.java:37) [ratis-thirdparty-misc-0.7.0.jar:0.7.0]
	at org.apache.ratis.thirdparty.io.grpc.internal.SerializingExecutor.run(SerializingExecutor.java:123) [ratis-thirdparty-misc-0.7.0.jar:0.7.0]
	at java.util.concurrent.ThreadPoolExecutor.runWorker(ThreadPoolExecutor.java:1149) [?:1.8.0_292]
	at java.util.concurrent.ThreadPoolExecutor$Worker.run(ThreadPoolExecutor.java:624) [?:1.8.0_292]
	at java.lang.Thread.run(Thread.java:748) [?:1.8.0_292]
2021-08-26 17:32:06,887 [IPC Server handler 0 on default port 35177] INFO  pipeline.RatisPipelineProvider (RatisPipelineProvider.java:lambda$create$0(183)) - Sending CreatePipelineCommand for pipeline:PipelineID=24500981-3e75-4b3a-860b-3d642af02082 to datanode:65be39c6-5763-4636-a9b6-aaf36d3fe099
2021-08-26 17:32:06,887 [IPC Server handler 0 on default port 35177] INFO  pipeline.RatisPipelineProvider (RatisPipelineProvider.java:lambda$create$0(183)) - Sending CreatePipelineCommand for pipeline:PipelineID=24500981-3e75-4b3a-860b-3d642af02082 to datanode:599d22f6-71b6-4f75-a803-0445b42d232b
2021-08-26 17:32:06,888 [IPC Server handler 0 on default port 35177] INFO  pipeline.RatisPipelineProvider (RatisPipelineProvider.java:lambda$create$0(183)) - Sending CreatePipelineCommand for pipeline:PipelineID=24500981-3e75-4b3a-860b-3d642af02082 to datanode:648ce8fc-720e-401e-ac80-e1f8bda9cb96
2021-08-26 17:32:06,888 [IPC Server handler 0 on default port 35177] INFO  pipeline.PipelineStateManager (PipelineStateManagerV2Impl.java:addPipeline(101)) - Created pipeline Pipeline[ Id: 24500981-3e75-4b3a-860b-3d642af02082, Nodes: 65be39c6-5763-4636-a9b6-aaf36d3fe099{ip: 10.1.0.42, host: fv-az122-729.zf1tlrj3kn4expqppa1j4mpycf.xx.internal.cloudapp.net, ports: [REPLICATION=35701, RATIS=44293, RATIS_ADMIN=44293, RATIS_SERVER=44293, STANDALONE=36611], networkLocation: /default-rack, certSerialId: null, persistedOpState: IN_SERVICE, persistedOpStateExpiryEpochSec: 0}599d22f6-71b6-4f75-a803-0445b42d232b{ip: 10.1.0.42, host: fv-az122-729.zf1tlrj3kn4expqppa1j4mpycf.xx.internal.cloudapp.net, ports: [REPLICATION=36909, RATIS=34993, RATIS_ADMIN=34993, RATIS_SERVER=34993, STANDALONE=41961], networkLocation: /default-rack, certSerialId: null, persistedOpState: IN_SERVICE, persistedOpStateExpiryEpochSec: 0}648ce8fc-720e-401e-ac80-e1f8bda9cb96{ip: 10.1.0.42, host: fv-az122-729.zf1tlrj3kn4expqppa1j4mpycf.xx.internal.cloudapp.net, ports: [REPLICATION=45165, RATIS=35647, RATIS_ADMIN=35647, RATIS_SERVER=35647, STANDALONE=33527], networkLocation: /default-rack, certSerialId: null, persistedOpState: IN_SERVICE, persistedOpStateExpiryEpochSec: 0}, ReplicationConfig: RATIS/THREE, State:ALLOCATED, leaderId:, CreationTimestamp2021-08-26T17:32:06.887Z[Etc/UTC]].
2021-08-26 17:32:07,380 [grpc-default-executor-3] WARN  server.GrpcLogAppender (LogUtils.java:warn(122)) - 599d22f6-71b6-4f75-a803-0445b42d232b@group-6CDA7B53CB28->8937ce5d-1b80-47aa-9c38-ca8400d40bb7-AppendLogResponseHandler: Failed appendEntries: org.apache.ratis.thirdparty.io.grpc.StatusRuntimeException: UNAVAILABLE: io exception
2021-08-26 17:32:07,381 [grpc-default-executor-3] INFO  leader.FollowerInfo (FollowerInfoImpl.java:lambda$new$0(46)) - 599d22f6-71b6-4f75-a803-0445b42d232b@group-6CDA7B53CB28->8937ce5d-1b80-47aa-9c38-ca8400d40bb7: nextIndex: updateUnconditionally 17 -> 16
2021-08-26 17:32:07,579 [599d22f6-71b6-4f75-a803-0445b42d232b@group-6CDA7B53CB28-LeaderStateImpl] WARN  server.RaftServer$Division (LeaderStateImpl.java:checkLeadership(944)) - 599d22f6-71b6-4f75-a803-0445b42d232b@group-6CDA7B53CB28-LeaderStateImpl: Lost leadership on term: 1. Election timeout: 5200ms. In charge for: 18183ms. Conf: 0: [648ce8fc-720e-401e-ac80-e1f8bda9cb96|rpc:10.1.0.42:35647|dataStream:|priority:0, 8937ce5d-1b80-47aa-9c38-ca8400d40bb7|rpc:10.1.0.42:36751|dataStream:|priority:0, 599d22f6-71b6-4f75-a803-0445b42d232b|rpc:10.1.0.42:34993|dataStream:|priority:1], old=null
2021-08-26 17:32:07,581 [599d22f6-71b6-4f75-a803-0445b42d232b@group-6CDA7B53CB28-LeaderStateImpl] WARN  server.RaftServer$Division (LeaderStateImpl.java:lambda$checkLeadership$15(948)) - Follower 599d22f6-71b6-4f75-a803-0445b42d232b@group-6CDA7B53CB28->648ce8fc-720e-401e-ac80-e1f8bda9cb96(c17,m18,n18, attendVote=true, lastRpcSendTime=1370, lastRpcResponseTime=5203)
2021-08-26 17:32:07,581 [599d22f6-71b6-4f75-a803-0445b42d232b@group-6CDA7B53CB28-LeaderStateImpl] WARN  server.RaftServer$Division (LeaderStateImpl.java:lambda$checkLeadership$15(948)) - Follower 599d22f6-71b6-4f75-a803-0445b42d232b@group-6CDA7B53CB28->8937ce5d-1b80-47aa-9c38-ca8400d40bb7(c16,m16,n16, attendVote=true, lastRpcSendTime=200, lastRpcResponseTime=12050)
2021-08-26 17:32:07,581 [599d22f6-71b6-4f75-a803-0445b42d232b@group-6CDA7B53CB28-LeaderStateImpl] INFO  server.RaftServer$Division (RaftServerImpl.java:setRole(285)) - 599d22f6-71b6-4f75-a803-0445b42d232b@group-6CDA7B53CB28: changes role from    LEADER to FOLLOWER at term 1 for StepDownReason:LOST_MAJORITY_HEARTBEATS
2021-08-26 17:32:07,581 [599d22f6-71b6-4f75-a803-0445b42d232b@group-6CDA7B53CB28-LeaderStateImpl] INFO  impl.RoleInfo (RoleInfo.java:shutdownLeaderState(91)) - 599d22f6-71b6-4f75-a803-0445b42d232b: shutdown 599d22f6-71b6-4f75-a803-0445b42d232b@group-6CDA7B53CB28-LeaderStateImpl
2021-08-26 17:32:07,582 [599d22f6-71b6-4f75-a803-0445b42d232b@group-6CDA7B53CB28->8937ce5d-1b80-47aa-9c38-ca8400d40bb7-GrpcLogAppender-LogAppenderDaemon] WARN  server.GrpcLogAppender (GrpcLogAppender.java:mayWait(175)) - 599d22f6-71b6-4f75-a803-0445b42d232b@group-6CDA7B53CB28->8937ce5d-1b80-47aa-9c38-ca8400d40bb7-GrpcLogAppender: Wait interrupted by java.lang.InterruptedException
2021-08-26 17:32:07,583 [599d22f6-71b6-4f75-a803-0445b42d232b@group-6CDA7B53CB28->648ce8fc-720e-401e-ac80-e1f8bda9cb96-GrpcLogAppender-LogAppenderDaemon] WARN  server.GrpcLogAppender (GrpcLogAppender.java:mayWait(175)) - 599d22f6-71b6-4f75-a803-0445b42d232b@group-6CDA7B53CB28->648ce8fc-720e-401e-ac80-e1f8bda9cb96-GrpcLogAppender: Wait interrupted by java.lang.InterruptedException
2021-08-26 17:32:07,582 [599d22f6-71b6-4f75-a803-0445b42d232b@group-6CDA7B53CB28-LeaderStateImpl] INFO  impl.PendingRequests (PendingRequests.java:sendNotLeaderResponses(282)) - 599d22f6-71b6-4f75-a803-0445b42d232b@group-6CDA7B53CB28-PendingRequests: sendNotLeaderResponses
2021-08-26 17:32:07,588 [599d22f6-71b6-4f75-a803-0445b42d232b@group-6CDA7B53CB28-LeaderStateImpl] INFO  impl.RoleInfo (RoleInfo.java:updateAndGet(130)) - 599d22f6-71b6-4f75-a803-0445b42d232b: start 599d22f6-71b6-4f75-a803-0445b42d232b@group-6CDA7B53CB28-FollowerState
2021-08-26 17:32:08,343 [EventQueue-StaleNodeForStaleNodeHandler] INFO  node.StaleNodeHandler (StaleNodeHandler.java:onMessage(58)) - Datanode 648ce8fc-720e-401e-ac80-e1f8bda9cb96{ip: 10.1.0.42, host: fv-az122-729.zf1tlrj3kn4expqppa1j4mpycf.xx.internal.cloudapp.net, ports: [REPLICATION=45165, RATIS=35647, RATIS_ADMIN=35647, RATIS_SERVER=35647, STANDALONE=33527], networkLocation: /default-rack, certSerialId: null, persistedOpState: IN_SERVICE, persistedOpStateExpiryEpochSec: 0} moved to stale state. Finalizing its pipelines [PipelineID=1aabbb7e-a3ac-494e-966c-13d014e1ff78, PipelineID=54d415b5-08ab-4600-903e-bb297a2ce972, PipelineID=24500981-3e75-4b3a-860b-3d642af02082, PipelineID=16e4fc05-efaa-4bb7-85d6-6cda7b53cb28]
2021-08-26 17:32:08,344 [EventQueue-StaleNodeForStaleNodeHandler] INFO  pipeline.PipelineManagerImpl (PipelineManagerImpl.java:closePipeline(342)) - Pipeline Pipeline[ Id: 54d415b5-08ab-4600-903e-bb297a2ce972, Nodes: 648ce8fc-720e-401e-ac80-e1f8bda9cb96{ip: 10.1.0.42, host: fv-az122-729.zf1tlrj3kn4expqppa1j4mpycf.xx.internal.cloudapp.net, ports: [REPLICATION=45165, RATIS=35647, RATIS_ADMIN=35647, RATIS_SERVER=35647, STANDALONE=33527], networkLocation: /default-rack, certSerialId: null, persistedOpState: IN_SERVICE, persistedOpStateExpiryEpochSec: 0}, ReplicationConfig: RATIS/ONE, State:OPEN, leaderId:648ce8fc-720e-401e-ac80-e1f8bda9cb96, CreationTimestamp2021-08-26T17:31:40.427Z[Etc/UTC]] moved to CLOSED state
2021-08-26 17:32:08,345 [EventQueue-StaleNodeForStaleNodeHandler] INFO  pipeline.PipelineManagerImpl (PipelineManagerImpl.java:closePipeline(342)) - Pipeline Pipeline[ Id: 24500981-3e75-4b3a-860b-3d642af02082, Nodes: 65be39c6-5763-4636-a9b6-aaf36d3fe099{ip: 10.1.0.42, host: fv-az122-729.zf1tlrj3kn4expqppa1j4mpycf.xx.internal.cloudapp.net, ports: [REPLICATION=35701, RATIS=44293, RATIS_ADMIN=44293, RATIS_SERVER=44293, STANDALONE=36611], networkLocation: /default-rack, certSerialId: null, persistedOpState: IN_SERVICE, persistedOpStateExpiryEpochSec: 0}599d22f6-71b6-4f75-a803-0445b42d232b{ip: 10.1.0.42, host: fv-az122-729.zf1tlrj3kn4expqppa1j4mpycf.xx.internal.cloudapp.net, ports: [REPLICATION=36909, RATIS=34993, RATIS_ADMIN=34993, RATIS_SERVER=34993, STANDALONE=41961], networkLocation: /default-rack, certSerialId: null, persistedOpState: IN_SERVICE, persistedOpStateExpiryEpochSec: 0}648ce8fc-720e-401e-ac80-e1f8bda9cb96{ip: 10.1.0.42, host: fv-az122-729.zf1tlrj3kn4expqppa1j4mpycf.xx.internal.cloudapp.net, ports: [REPLICATION=45165, RATIS=35647, RATIS_ADMIN=35647, RATIS_SERVER=35647, STANDALONE=33527], networkLocation: /default-rack, certSerialId: null, persistedOpState: IN_SERVICE, persistedOpStateExpiryEpochSec: 0}, ReplicationConfig: RATIS/THREE, State:ALLOCATED, leaderId:, CreationTimestamp2021-08-26T17:32:06.887Z[Etc/UTC]] moved to CLOSED state
2021-08-26 17:32:09,116 [Command processor thread] INFO  server.RaftServer (RaftServerProxy.java:addNew(95)) - 65be39c6-5763-4636-a9b6-aaf36d3fe099: addNew group-3D642AF02082:[648ce8fc-720e-401e-ac80-e1f8bda9cb96|rpc:10.1.0.42:35647|priority:1, 65be39c6-5763-4636-a9b6-aaf36d3fe099|rpc:10.1.0.42:44293|priority:0, 599d22f6-71b6-4f75-a803-0445b42d232b|rpc:10.1.0.42:34993|priority:0] returns group-3D642AF02082:java.util.concurrent.CompletableFuture@8f0c938[Not completed]
2021-08-26 17:32:09,117 [pool-169-thread-1] INFO  server.RaftServer$Division (RaftServerImpl.java:<init>(181)) - 65be39c6-5763-4636-a9b6-aaf36d3fe099: new RaftServerImpl for group-3D642AF02082:[648ce8fc-720e-401e-ac80-e1f8bda9cb96|rpc:10.1.0.42:35647|priority:1, 65be39c6-5763-4636-a9b6-aaf36d3fe099|rpc:10.1.0.42:44293|priority:0, 599d22f6-71b6-4f75-a803-0445b42d232b|rpc:10.1.0.42:34993|priority:0] with ContainerStateMachine:uninitialized
2021-08-26 17:32:09,118 [pool-169-thread-1] INFO  server.RaftServerConfigKeys (ConfUtils.java:logGet(44)) - raft.server.rpc.timeout.min = 5s (custom)
2021-08-26 17:32:09,118 [pool-169-thread-1] INFO  server.RaftServerConfigKeys (ConfUtils.java:logGet(44)) - raft.server.rpc.timeout.max = 5200ms (custom)
2021-08-26 17:32:09,118 [pool-169-thread-1] INFO  server.RaftServerConfigKeys (ConfUtils.java:logGet(44)) - raft.server.rpc.sleep.time = 25ms (default)
2021-08-26 17:32:09,118 [pool-169-thread-1] INFO  server.RaftServerConfigKeys (ConfUtils.java:logGet(44)) - raft.server.rpc.slowness.timeout = 300000ms (custom)
2021-08-26 17:32:09,118 [pool-169-thread-1] INFO  server.RaftServerConfigKeys (ConfUtils.java:logGet(44)) - raft.server.leaderelection.leader.step-down.wait-time = 10s (default)
2021-08-26 17:32:09,118 [pool-169-thread-1] INFO  server.RaftServerConfigKeys (ConfUtils.java:logGet(44)) - raft.server.sleep.deviation.threshold = 300ms (default)
2021-08-26 17:32:09,118 [pool-169-thread-1] INFO  server.RaftServerConfigKeys (ConfUtils.java:logGet(44)) - raft.server.log.appender.install.snapshot.enabled = false (custom)
2021-08-26 17:32:09,118 [pool-169-thread-1] INFO  server.RaftServer$Division (ServerState.java:<init>(105)) - 65be39c6-5763-4636-a9b6-aaf36d3fe099@group-3D642AF02082: ConfigurationManager, init=-1: [648ce8fc-720e-401e-ac80-e1f8bda9cb96|rpc:10.1.0.42:35647|priority:1, 65be39c6-5763-4636-a9b6-aaf36d3fe099|rpc:10.1.0.42:44293|priority:0, 599d22f6-71b6-4f75-a803-0445b42d232b|rpc:10.1.0.42:34993|priority:0], old=null, confs=<EMPTY_MAP>
2021-08-26 17:32:09,118 [pool-169-thread-1] INFO  server.RaftServerConfigKeys (ConfUtils.java:logGet(44)) - raft.server.storage.dir = [/home/runner/work/ozone/ozone/hadoop-ozone/integration-test/target/test-dir/MiniOzoneClusterImpl-daa96565-427e-4fca-a993-08525edc6fa6/datanode-6/data/ratis] (custom)
2021-08-26 17:32:09,119 [pool-169-thread-1] INFO  server.RaftServerConfigKeys (ConfUtils.java:logGet(44)) - raft.server.log.corruption.policy = EXCEPTION (default)
2021-08-26 17:32:09,119 [pool-169-thread-1] INFO  server.RaftServerConfigKeys (ConfUtils.java:logGet(44)) - raft.server.storage.free-space.min = 0MB (=0) (default)
2021-08-26 17:32:09,119 [pool-169-thread-1] INFO  storage.RaftStorageDirectory (RaftStorageDirectoryImpl.java:analyzeStorage(135)) - The storage directory /home/runner/work/ozone/ozone/hadoop-ozone/integration-test/target/test-dir/MiniOzoneClusterImpl-daa96565-427e-4fca-a993-08525edc6fa6/datanode-6/data/ratis/24500981-3e75-4b3a-860b-3d642af02082 does not exist. Creating ...
2021-08-26 17:32:09,120 [599d22f6-71b6-4f75-a803-0445b42d232b@group-13D014E1FF78-FollowerState] INFO  impl.FollowerState (FollowerState.java:run(134)) - 599d22f6-71b6-4f75-a803-0445b42d232b@group-13D014E1FF78-FollowerState: change to CANDIDATE, lastRpcElapsedTime:7859826302ns, electionTimeout:5048ms
2021-08-26 17:32:09,120 [599d22f6-71b6-4f75-a803-0445b42d232b@group-13D014E1FF78-FollowerState] INFO  impl.RoleInfo (RoleInfo.java:shutdownFollowerState(108)) - 599d22f6-71b6-4f75-a803-0445b42d232b: shutdown 599d22f6-71b6-4f75-a803-0445b42d232b@group-13D014E1FF78-FollowerState
2021-08-26 17:32:09,120 [599d22f6-71b6-4f75-a803-0445b42d232b@group-13D014E1FF78-FollowerState] INFO  server.RaftServer$Division (RaftServerImpl.java:setRole(285)) - 599d22f6-71b6-4f75-a803-0445b42d232b@group-13D014E1FF78: changes role from  FOLLOWER to CANDIDATE at term 1 for changeToCandidate
2021-08-26 17:32:09,120 [599d22f6-71b6-4f75-a803-0445b42d232b@group-13D014E1FF78-FollowerState] INFO  server.RaftServerConfigKeys (ConfUtils.java:logGet(44)) - raft.server.leaderelection.pre-vote = false (custom)
2021-08-26 17:32:09,120 [599d22f6-71b6-4f75-a803-0445b42d232b@group-13D014E1FF78-FollowerState] INFO  impl.RoleInfo (RoleInfo.java:updateAndGet(130)) - 599d22f6-71b6-4f75-a803-0445b42d232b: start 599d22f6-71b6-4f75-a803-0445b42d232b@group-13D014E1FF78-LeaderElection22
2021-08-26 17:32:09,122 [pool-169-thread-1] INFO  storage.RaftStorageDirectory (RaftStorageDirectoryImpl.java:tryLock(230)) - Lock on /home/runner/work/ozone/ozone/hadoop-ozone/integration-test/target/test-dir/MiniOzoneClusterImpl-daa96565-427e-4fca-a993-08525edc6fa6/datanode-6/data/ratis/24500981-3e75-4b3a-860b-3d642af02082/in_use.lock acquired by nodename 21484@fv-az122-729
2021-08-26 17:32:09,123 [pool-169-thread-1] INFO  storage.RaftStorage (RaftStorageImpl.java:format(89)) - Storage directory /home/runner/work/ozone/ozone/hadoop-ozone/integration-test/target/test-dir/MiniOzoneClusterImpl-daa96565-427e-4fca-a993-08525edc6fa6/datanode-6/data/ratis/24500981-3e75-4b3a-860b-3d642af02082 has been successfully formatted.
2021-08-26 17:32:09,127 [pool-169-thread-1] INFO  ratis.ContainerStateMachine (ContainerStateMachine.java:loadSnapshot(224)) - group-3D642AF02082: The snapshot info is null. Setting the last applied indexto:(t:0, i:~)
2021-08-26 17:32:09,127 [Datanode State Machine Thread - 0] WARN  statemachine.StateContext (StateContext.java:execute(621)) - No available thread in pool for past 1 seconds.
2021-08-26 17:32:09,127 [pool-169-thread-1] INFO  server.RaftServerConfigKeys (ConfUtils.java:logGet(44)) - raft.server.notification.no-leader.timeout = 300000ms (custom)
2021-08-26 17:32:09,128 [pool-169-thread-1] INFO  server.RaftServerConfigKeys (ConfUtils.java:logGet(44)) - raft.server.log.use.memory = false (default)
2021-08-26 17:32:09,128 [pool-169-thread-1] INFO  server.RaftServerConfigKeys (ConfUtils.java:logGet(44)) - raft.server.log.purge.gap = 1000000 (custom)
2021-08-26 17:32:09,128 [pool-169-thread-1] INFO  server.RaftServerConfigKeys (ConfUtils.java:logGet(44)) - raft.server.log.appender.buffer.byte-limit = 33554432 (custom)
2021-08-26 17:32:09,128 [pool-169-thread-1] INFO  server.RaftServerConfigKeys (ConfUtils.java:logGet(44)) - raft.server.log.segment.size.max = 1048576 (custom)
2021-08-26 17:32:09,129 [pool-169-thread-1] INFO  server.RaftServerConfigKeys (ConfUtils.java:logGet(44)) - raft.server.log.segment.cache.num.max = 2 (custom)
2021-08-26 17:32:09,129 [pool-169-thread-1] INFO  server.RaftServerConfigKeys (ConfUtils.java:logGet(44)) - raft.server.log.segment.cache.size.max = 200MB (=209715200) (default)
2021-08-26 17:32:09,129 [pool-169-thread-1] INFO  segmented.SegmentedRaftLogWorker (SegmentedRaftLogWorker.java:<init>(182)) - new 65be39c6-5763-4636-a9b6-aaf36d3fe099@group-3D642AF02082-SegmentedRaftLogWorker for RaftStorageImpl:Storage Directory /home/runner/work/ozone/ozone/hadoop-ozone/integration-test/target/test-dir/MiniOzoneClusterImpl-daa96565-427e-4fca-a993-08525edc6fa6/datanode-6/data/ratis/24500981-3e75-4b3a-860b-3d642af02082
2021-08-26 17:32:09,129 [pool-169-thread-1] INFO  server.RaftServerConfigKeys (ConfUtils.java:logGet(44)) - raft.server.log.queue.byte-limit = 2147483647 (custom)
2021-08-26 17:32:09,129 [pool-169-thread-1] INFO  server.RaftServerConfigKeys (ConfUtils.java:logGet(44)) - raft.server.log.queue.element-limit = 1024 (custom)
2021-08-26 17:32:09,129 [pool-169-thread-1] INFO  server.RaftServerConfigKeys (ConfUtils.java:logGet(44)) - raft.server.log.segment.size.max = 1048576 (custom)
2021-08-26 17:32:09,129 [pool-169-thread-1] INFO  server.RaftServerConfigKeys (ConfUtils.java:logGet(44)) - raft.server.log.preallocated.size = 16384 (custom)
2021-08-26 17:32:09,129 [pool-169-thread-1] INFO  server.RaftServerConfigKeys (ConfUtils.java:logGet(44)) - raft.server.log.force.sync.num = 128 (default)
2021-08-26 17:32:09,129 [pool-169-thread-1] INFO  server.RaftServerConfigKeys (ConfUtils.java:logGet(44)) - raft.server.log.statemachine.data.sync = true (default)
2021-08-26 17:32:09,129 [pool-169-thread-1] INFO  server.RaftServerConfigKeys (ConfUtils.java:logGet(44)) - raft.server.log.statemachine.data.sync.timeout = 10s (default)
2021-08-26 17:32:09,130 [pool-169-thread-1] INFO  server.RaftServerConfigKeys (ConfUtils.java:logGet(44)) - raft.server.log.statemachine.data.sync.timeout.retry = -1 (default)
2021-08-26 17:32:09,130 [pool-169-thread-1] INFO  server.RaftServerConfigKeys (ConfUtils.java:logGet(44)) - raft.server.log.write.buffer.size = 1048576 (custom)
2021-08-26 17:32:09,131 [599d22f6-71b6-4f75-a803-0445b42d232b@group-13D014E1FF78-LeaderElection22] INFO  server.RaftServer$Division (ServerState.java:setLeader(285)) - 599d22f6-71b6-4f75-a803-0445b42d232b@group-13D014E1FF78: change Leader from 648ce8fc-720e-401e-ac80-e1f8bda9cb96 to null at term 1 for ELECTION
2021-08-26 17:32:09,131 [pool-169-thread-1] INFO  server.RaftServerConfigKeys (ConfUtils.java:logGet(44)) - raft.server.log.statemachine.data.caching.enabled = true (custom)
2021-08-26 17:32:09,132 [pool-169-thread-1] INFO  segmented.SegmentedRaftLogWorker (SegmentedRaftLogWorker.java:lambda$new$0(133)) - 65be39c6-5763-4636-a9b6-aaf36d3fe099@group-3D642AF02082-SegmentedRaftLogWorker: flushIndex: setUnconditionally 0 -> -1
2021-08-26 17:32:09,132 [pool-169-thread-1] INFO  segmented.SegmentedRaftLogWorker (SegmentedRaftLogWorker.java:lambda$new$0(133)) - 65be39c6-5763-4636-a9b6-aaf36d3fe099@group-3D642AF02082-SegmentedRaftLogWorker: safeCacheEvictIndex: setUnconditionally 0 -> -1
2021-08-26 17:32:09,133 [599d22f6-71b6-4f75-a803-0445b42d232b@group-13D014E1FF78-LeaderElection22] INFO  impl.LeaderElection (LeaderElection.java:askForVotes(306)) - 599d22f6-71b6-4f75-a803-0445b42d232b@group-13D014E1FF78-LeaderElection22 ELECTION round 0: submit vote requests at term 2 for 0: [648ce8fc-720e-401e-ac80-e1f8bda9cb96|rpc:10.1.0.42:35647|dataStream:|priority:1, 8937ce5d-1b80-47aa-9c38-ca8400d40bb7|rpc:10.1.0.42:36751|dataStream:|priority:0, 599d22f6-71b6-4f75-a803-0445b42d232b|rpc:10.1.0.42:34993|dataStream:|priority:0], old=null
2021-08-26 17:32:09,139 [pool-169-thread-1] INFO  server.RaftServerConfigKeys (ConfUtils.java:logGet(44)) - raft.server.snapshot.auto.trigger.enabled = true (custom)
2021-08-26 17:32:09,139 [pool-169-thread-1] INFO  server.RaftServerConfigKeys (ConfUtils.java:logGet(44)) - raft.server.snapshot.auto.trigger.threshold = 10000 (custom)
2021-08-26 17:32:09,139 [pool-169-thread-1] INFO  server.RaftServerConfigKeys (ConfUtils.java:logGet(44)) - raft.server.snapshot.retention.file.num = 5 (custom)
2021-08-26 17:32:09,139 [pool-169-thread-1] INFO  server.RaftServerConfigKeys (ConfUtils.java:logGet(44)) - raft.server.log.purge.upto.snapshot.index = false (default)
2021-08-26 17:32:09,147 [pool-169-thread-1] INFO  server.RaftServerConfigKeys (ConfUtils.java:logGet(44)) - raft.server.retrycache.expirytime = 600000ms (custom)
2021-08-26 17:32:09,147 [pool-169-thread-1] INFO  server.RaftServerConfigKeys (ConfUtils.java:logGet(44)) - raft.server.retrycache.statistics.expirytime = 100μs (default)
2021-08-26 17:32:09,148 [pool-169-thread-1] INFO  server.RaftServer$Division (RaftServerImpl.java:start(296)) - 65be39c6-5763-4636-a9b6-aaf36d3fe099@group-3D642AF02082: start as a follower, conf=-1: [648ce8fc-720e-401e-ac80-e1f8bda9cb96|rpc:10.1.0.42:35647|priority:1, 65be39c6-5763-4636-a9b6-aaf36d3fe099|rpc:10.1.0.42:44293|priority:0, 599d22f6-71b6-4f75-a803-0445b42d232b|rpc:10.1.0.42:34993|priority:0], old=null
2021-08-26 17:32:09,148 [pool-169-thread-1] INFO  server.RaftServer$Division (RaftServerImpl.java:setRole(285)) - 65be39c6-5763-4636-a9b6-aaf36d3fe099@group-3D642AF02082: changes role from      null to FOLLOWER at term 0 for startAsFollower
2021-08-26 17:32:09,152 [pool-169-thread-1] INFO  impl.RoleInfo (RoleInfo.java:updateAndGet(130)) - 65be39c6-5763-4636-a9b6-aaf36d3fe099: start 65be39c6-5763-4636-a9b6-aaf36d3fe099@group-3D642AF02082-FollowerState
2021-08-26 17:32:09,152 [599d22f6-71b6-4f75-a803-0445b42d232b@group-13D014E1FF78-LeaderElection22] INFO  impl.LeaderElection (LogUtils.java:infoOrTrace(137)) - 599d22f6-71b6-4f75-a803-0445b42d232b@group-13D014E1FF78-LeaderElection22 got exception when requesting votes: java.util.concurrent.ExecutionException: org.apache.ratis.thirdparty.io.grpc.StatusRuntimeException: UNAVAILABLE: io exception
2021-08-26 17:32:09,153 [599d22f6-71b6-4f75-a803-0445b42d232b@group-13D014E1FF78-LeaderElection22] INFO  impl.LeaderElection (LogUtils.java:infoOrTrace(137)) - 599d22f6-71b6-4f75-a803-0445b42d232b@group-13D014E1FF78-LeaderElection22 got exception when requesting votes: java.util.concurrent.ExecutionException: org.apache.ratis.thirdparty.io.grpc.StatusRuntimeException: UNAVAILABLE: io exception
2021-08-26 17:32:09,153 [599d22f6-71b6-4f75-a803-0445b42d232b@group-13D014E1FF78-LeaderElection22] INFO  impl.LeaderElection (LeaderElection.java:logAndReturn(89)) - 599d22f6-71b6-4f75-a803-0445b42d232b@group-13D014E1FF78-LeaderElection22: ELECTION REJECTED received 0 response(s) and 2 exception(s):
2021-08-26 17:32:09,153 [599d22f6-71b6-4f75-a803-0445b42d232b@group-13D014E1FF78-LeaderElection22] INFO  impl.LeaderElection (LogUtils.java:infoOrTrace(137)) -   Exception 0: java.util.concurrent.ExecutionException: org.apache.ratis.thirdparty.io.grpc.StatusRuntimeException: UNAVAILABLE: io exception
2021-08-26 17:32:09,153 [599d22f6-71b6-4f75-a803-0445b42d232b@group-13D014E1FF78-LeaderElection22] INFO  impl.LeaderElection (LogUtils.java:infoOrTrace(137)) -   Exception 1: java.util.concurrent.ExecutionException: org.apache.ratis.thirdparty.io.grpc.StatusRuntimeException: UNAVAILABLE: io exception
2021-08-26 17:32:09,154 [599d22f6-71b6-4f75-a803-0445b42d232b@group-13D014E1FF78-LeaderElection22] INFO  impl.LeaderElection (LeaderElection.java:askForVotes(308)) - 599d22f6-71b6-4f75-a803-0445b42d232b@group-13D014E1FF78-LeaderElection22 ELECTION round 0: result REJECTED
2021-08-26 17:32:09,154 [599d22f6-71b6-4f75-a803-0445b42d232b@group-13D014E1FF78-LeaderElection22] INFO  server.RaftServer$Division (RaftServerImpl.java:setRole(285)) - 599d22f6-71b6-4f75-a803-0445b42d232b@group-13D014E1FF78: changes role from CANDIDATE to FOLLOWER at term 2 for REJECTED
2021-08-26 17:32:09,154 [599d22f6-71b6-4f75-a803-0445b42d232b@group-13D014E1FF78-LeaderElection22] INFO  impl.RoleInfo (RoleInfo.java:shutdownLeaderElection(121)) - 599d22f6-71b6-4f75-a803-0445b42d232b: shutdown 599d22f6-71b6-4f75-a803-0445b42d232b@group-13D014E1FF78-LeaderElection22
2021-08-26 17:32:09,154 [pool-169-thread-1] INFO  util.JmxRegister (JmxRegister.java:tryRegister(44)) - Successfully registered JMX Bean with object name Ratis:service=RaftServer,group=group-3D642AF02082,id=65be39c6-5763-4636-a9b6-aaf36d3fe099
2021-08-26 17:32:09,154 [599d22f6-71b6-4f75-a803-0445b42d232b@group-13D014E1FF78-LeaderElection22] INFO  impl.RoleInfo (RoleInfo.java:updateAndGet(130)) - 599d22f6-71b6-4f75-a803-0445b42d232b: start 599d22f6-71b6-4f75-a803-0445b42d232b@group-13D014E1FF78-FollowerState
2021-08-26 17:32:09,158 [Command processor thread] INFO  ratis.XceiverServerRatis (XceiverServerRatis.java:addGroup(763)) - Created group PipelineID=24500981-3e75-4b3a-860b-3d642af02082
2021-08-26 17:32:09,172 [grpc-default-executor-2] INFO  server.RaftServer (RaftServerProxy.java:addNew(95)) - 599d22f6-71b6-4f75-a803-0445b42d232b: addNew group-3D642AF02082:[648ce8fc-720e-401e-ac80-e1f8bda9cb96|rpc:10.1.0.42:35647|dataStream:|priority:1, 65be39c6-5763-4636-a9b6-aaf36d3fe099|rpc:10.1.0.42:44293|dataStream:|priority:0, 599d22f6-71b6-4f75-a803-0445b42d232b|rpc:10.1.0.42:34993|dataStream:|priority:0] returns group-3D642AF02082:java.util.concurrent.CompletableFuture@32edb3c[Not completed]
2021-08-26 17:32:09,176 [pool-74-thread-1] INFO  server.RaftServer$Division (RaftServerImpl.java:<init>(181)) - 599d22f6-71b6-4f75-a803-0445b42d232b: new RaftServerImpl for group-3D642AF02082:[648ce8fc-720e-401e-ac80-e1f8bda9cb96|rpc:10.1.0.42:35647|dataStream:|priority:1, 65be39c6-5763-4636-a9b6-aaf36d3fe099|rpc:10.1.0.42:44293|dataStream:|priority:0, 599d22f6-71b6-4f75-a803-0445b42d232b|rpc:10.1.0.42:34993|dataStream:|priority:0] with ContainerStateMachine:uninitialized
2021-08-26 17:32:09,176 [pool-74-thread-1] INFO  server.RaftServerConfigKeys (ConfUtils.java:logGet(44)) - raft.server.rpc.timeout.min = 5s (custom)
2021-08-26 17:32:09,176 [pool-74-thread-1] INFO  server.RaftServerConfigKeys (ConfUtils.java:logGet(44)) - raft.server.rpc.timeout.max = 5200ms (custom)
2021-08-26 17:32:09,176 [pool-74-thread-1] INFO  server.RaftServerConfigKeys (ConfUtils.java:logGet(44)) - raft.server.rpc.sleep.time = 25ms (default)
2021-08-26 17:32:09,176 [pool-74-thread-1] INFO  server.RaftServerConfigKeys (ConfUtils.java:logGet(44)) - raft.server.rpc.slowness.timeout = 300000ms (custom)
2021-08-26 17:32:09,176 [pool-74-thread-1] INFO  server.RaftServerConfigKeys (ConfUtils.java:logGet(44)) - raft.server.leaderelection.leader.step-down.wait-time = 10s (default)
2021-08-26 17:32:09,177 [pool-74-thread-1] INFO  server.RaftServerConfigKeys (ConfUtils.java:logGet(44)) - raft.server.sleep.deviation.threshold = 300ms (default)
2021-08-26 17:32:09,177 [pool-74-thread-1] INFO  server.RaftServerConfigKeys (ConfUtils.java:logGet(44)) - raft.server.log.appender.install.snapshot.enabled = false (custom)
2021-08-26 17:32:09,177 [pool-74-thread-1] INFO  server.RaftServer$Division (ServerState.java:<init>(105)) - 599d22f6-71b6-4f75-a803-0445b42d232b@group-3D642AF02082: ConfigurationManager, init=-1: [648ce8fc-720e-401e-ac80-e1f8bda9cb96|rpc:10.1.0.42:35647|dataStream:|priority:1, 65be39c6-5763-4636-a9b6-aaf36d3fe099|rpc:10.1.0.42:44293|dataStream:|priority:0, 599d22f6-71b6-4f75-a803-0445b42d232b|rpc:10.1.0.42:34993|dataStream:|priority:0], old=null, confs=<EMPTY_MAP>
2021-08-26 17:32:09,177 [pool-74-thread-1] INFO  server.RaftServerConfigKeys (ConfUtils.java:logGet(44)) - raft.server.storage.dir = [/home/runner/work/ozone/ozone/hadoop-ozone/integration-test/target/test-dir/MiniOzoneClusterImpl-daa96565-427e-4fca-a993-08525edc6fa6/datanode-1/data/ratis] (custom)
2021-08-26 17:32:09,177 [pool-74-thread-1] INFO  server.RaftServerConfigKeys (ConfUtils.java:logGet(44)) - raft.server.log.corruption.policy = EXCEPTION (default)
2021-08-26 17:32:09,177 [pool-74-thread-1] INFO  server.RaftServerConfigKeys (ConfUtils.java:logGet(44)) - raft.server.storage.free-space.min = 0MB (=0) (default)
2021-08-26 17:32:09,177 [pool-74-thread-1] INFO  storage.RaftStorageDirectory (RaftStorageDirectoryImpl.java:analyzeStorage(135)) - The storage directory /home/runner/work/ozone/ozone/hadoop-ozone/integration-test/target/test-dir/MiniOzoneClusterImpl-daa96565-427e-4fca-a993-08525edc6fa6/datanode-1/data/ratis/24500981-3e75-4b3a-860b-3d642af02082 does not exist. Creating ...
2021-08-26 17:32:09,182 [pool-74-thread-1] INFO  storage.RaftStorageDirectory (RaftStorageDirectoryImpl.java:tryLock(230)) - Lock on /home/runner/work/ozone/ozone/hadoop-ozone/integration-test/target/test-dir/MiniOzoneClusterImpl-daa96565-427e-4fca-a993-08525edc6fa6/datanode-1/data/ratis/24500981-3e75-4b3a-860b-3d642af02082/in_use.lock acquired by nodename 21484@fv-az122-729
2021-08-26 17:32:09,183 [pool-74-thread-1] INFO  storage.RaftStorage (RaftStorageImpl.java:format(89)) - Storage directory /home/runner/work/ozone/ozone/hadoop-ozone/integration-test/target/test-dir/MiniOzoneClusterImpl-daa96565-427e-4fca-a993-08525edc6fa6/datanode-1/data/ratis/24500981-3e75-4b3a-860b-3d642af02082 has been successfully formatted.
2021-08-26 17:32:09,183 [pool-74-thread-1] INFO  ratis.ContainerStateMachine (ContainerStateMachine.java:loadSnapshot(224)) - group-3D642AF02082: The snapshot info is null. Setting the last applied indexto:(t:0, i:~)
2021-08-26 17:32:09,184 [pool-74-thread-1] INFO  server.RaftServerConfigKeys (ConfUtils.java:logGet(44)) - raft.server.notification.no-leader.timeout = 300000ms (custom)
2021-08-26 17:32:09,184 [pool-74-thread-1] INFO  server.RaftServerConfigKeys (ConfUtils.java:logGet(44)) - raft.server.log.use.memory = false (default)
2021-08-26 17:32:09,184 [pool-74-thread-1] INFO  server.RaftServerConfigKeys (ConfUtils.java:logGet(44)) - raft.server.log.purge.gap = 1000000 (custom)
2021-08-26 17:32:09,184 [pool-74-thread-1] INFO  server.RaftServerConfigKeys (ConfUtils.java:logGet(44)) - raft.server.log.appender.buffer.byte-limit = 33554432 (custom)
2021-08-26 17:32:09,184 [pool-74-thread-1] INFO  server.RaftServerConfigKeys (ConfUtils.java:logGet(44)) - raft.server.log.segment.size.max = 1048576 (custom)
2021-08-26 17:32:09,184 [Datanode State Machine Thread - 0] WARN  statemachine.StateContext (StateContext.java:execute(621)) - No available thread in pool for past 1 seconds.
2021-08-26 17:32:09,184 [pool-74-thread-1] INFO  server.RaftServerConfigKeys (ConfUtils.java:logGet(44)) - raft.server.log.segment.cache.num.max = 2 (custom)
2021-08-26 17:32:09,184 [pool-74-thread-1] INFO  server.RaftServerConfigKeys (ConfUtils.java:logGet(44)) - raft.server.log.segment.cache.size.max = 200MB (=209715200) (default)
2021-08-26 17:32:09,185 [pool-74-thread-1] INFO  segmented.SegmentedRaftLogWorker (SegmentedRaftLogWorker.java:<init>(182)) - new 599d22f6-71b6-4f75-a803-0445b42d232b@group-3D642AF02082-SegmentedRaftLogWorker for RaftStorageImpl:Storage Directory /home/runner/work/ozone/ozone/hadoop-ozone/integration-test/target/test-dir/MiniOzoneClusterImpl-daa96565-427e-4fca-a993-08525edc6fa6/datanode-1/data/ratis/24500981-3e75-4b3a-860b-3d642af02082
2021-08-26 17:32:09,185 [pool-74-thread-1] INFO  server.RaftServerConfigKeys (ConfUtils.java:logGet(44)) - raft.server.log.queue.byte-limit = 2147483647 (custom)
2021-08-26 17:32:09,185 [pool-74-thread-1] INFO  server.RaftServerConfigKeys (ConfUtils.java:logGet(44)) - raft.server.log.queue.element-limit = 1024 (custom)
2021-08-26 17:32:09,185 [pool-74-thread-1] INFO  server.RaftServerConfigKeys (ConfUtils.java:logGet(44)) - raft.server.log.segment.size.max = 1048576 (custom)
2021-08-26 17:32:09,185 [pool-74-thread-1] INFO  server.RaftServerConfigKeys (ConfUtils.java:logGet(44)) - raft.server.log.preallocated.size = 16384 (custom)
2021-08-26 17:32:09,185 [pool-74-thread-1] INFO  server.RaftServerConfigKeys (ConfUtils.java:logGet(44)) - raft.server.log.force.sync.num = 128 (default)
2021-08-26 17:32:09,185 [pool-74-thread-1] INFO  server.RaftServerConfigKeys (ConfUtils.java:logGet(44)) - raft.server.log.statemachine.data.sync = true (default)
2021-08-26 17:32:09,185 [pool-74-thread-1] INFO  server.RaftServerConfigKeys (ConfUtils.java:logGet(44)) - raft.server.log.statemachine.data.sync.timeout = 10s (default)
2021-08-26 17:32:09,185 [pool-74-thread-1] INFO  server.RaftServerConfigKeys (ConfUtils.java:logGet(44)) - raft.server.log.statemachine.data.sync.timeout.retry = -1 (default)
2021-08-26 17:32:09,187 [pool-74-thread-1] INFO  server.RaftServerConfigKeys (ConfUtils.java:logGet(44)) - raft.server.log.write.buffer.size = 1048576 (custom)
2021-08-26 17:32:09,187 [pool-74-thread-1] INFO  server.RaftServerConfigKeys (ConfUtils.java:logGet(44)) - raft.server.log.statemachine.data.caching.enabled = true (custom)
2021-08-26 17:32:09,188 [pool-74-thread-1] INFO  segmented.SegmentedRaftLogWorker (SegmentedRaftLogWorker.java:lambda$new$0(133)) - 599d22f6-71b6-4f75-a803-0445b42d232b@group-3D642AF02082-SegmentedRaftLogWorker: flushIndex: setUnconditionally 0 -> -1
2021-08-26 17:32:09,188 [pool-74-thread-1] INFO  segmented.SegmentedRaftLogWorker (SegmentedRaftLogWorker.java:lambda$new$0(133)) - 599d22f6-71b6-4f75-a803-0445b42d232b@group-3D642AF02082-SegmentedRaftLogWorker: safeCacheEvictIndex: setUnconditionally 0 -> -1
2021-08-26 17:32:09,189 [pool-74-thread-1] INFO  server.RaftServerConfigKeys (ConfUtils.java:logGet(44)) - raft.server.snapshot.auto.trigger.enabled = true (custom)
2021-08-26 17:32:09,189 [pool-74-thread-1] INFO  server.RaftServerConfigKeys (ConfUtils.java:logGet(44)) - raft.server.snapshot.auto.trigger.threshold = 10000 (custom)
2021-08-26 17:32:09,189 [pool-74-thread-1] INFO  server.RaftServerConfigKeys (ConfUtils.java:logGet(44)) - raft.server.snapshot.retention.file.num = 5 (custom)
2021-08-26 17:32:09,189 [pool-74-thread-1] INFO  server.RaftServerConfigKeys (ConfUtils.java:logGet(44)) - raft.server.log.purge.upto.snapshot.index = false (default)
2021-08-26 17:32:09,189 [pool-74-thread-1] INFO  server.RaftServerConfigKeys (ConfUtils.java:logGet(44)) - raft.server.retrycache.expirytime = 600000ms (custom)
2021-08-26 17:32:09,189 [pool-74-thread-1] INFO  server.RaftServerConfigKeys (ConfUtils.java:logGet(44)) - raft.server.retrycache.statistics.expirytime = 100μs (default)
2021-08-26 17:32:09,190 [pool-74-thread-1] INFO  server.RaftServer$Division (RaftServerImpl.java:start(296)) - 599d22f6-71b6-4f75-a803-0445b42d232b@group-3D642AF02082: start as a follower, conf=-1: [648ce8fc-720e-401e-ac80-e1f8bda9cb96|rpc:10.1.0.42:35647|dataStream:|priority:1, 65be39c6-5763-4636-a9b6-aaf36d3fe099|rpc:10.1.0.42:44293|dataStream:|priority:0, 599d22f6-71b6-4f75-a803-0445b42d232b|rpc:10.1.0.42:34993|dataStream:|priority:0], old=null
2021-08-26 17:32:09,190 [pool-74-thread-1] INFO  server.RaftServer$Division (RaftServerImpl.java:setRole(285)) - 599d22f6-71b6-4f75-a803-0445b42d232b@group-3D642AF02082: changes role from      null to FOLLOWER at term 0 for startAsFollower
2021-08-26 17:32:09,190 [pool-74-thread-1] INFO  impl.RoleInfo (RoleInfo.java:updateAndGet(130)) - 599d22f6-71b6-4f75-a803-0445b42d232b: start 599d22f6-71b6-4f75-a803-0445b42d232b@group-3D642AF02082-FollowerState
2021-08-26 17:32:09,192 [pool-74-thread-1] INFO  util.JmxRegister (JmxRegister.java:tryRegister(44)) - Successfully registered JMX Bean with object name Ratis:service=RaftServer,group=group-3D642AF02082,id=599d22f6-71b6-4f75-a803-0445b42d232b
2021-08-26 17:32:09,222 [Command processor thread] WARN  commandhandler.CreatePipelineCommandHandler (CreatePipelineCommandHandler.java:lambda$handle$1(103)) - Add group failed for 648ce8fc-720e-401e-ac80-e1f8bda9cb96{ip: 10.1.0.42, host: fv-az122-729.zf1tlrj3kn4expqppa1j4mpycf.xx.internal.cloudapp.net, ports: [REPLICATION=45165, RATIS=35647, RATIS_ADMIN=35647, RATIS_SERVER=35647, STANDALONE=33527], networkLocation: /default-rack, certSerialId: null, persistedOpState: IN_SERVICE, persistedOpStateExpiryEpochSec: 0}
java.io.IOException: org.apache.ratis.thirdparty.io.grpc.StatusRuntimeException: UNAVAILABLE: io exception
	at org.apache.ratis.grpc.GrpcUtil.unwrapException(GrpcUtil.java:92)
	at org.apache.ratis.grpc.client.GrpcClientProtocolClient.blockingCall(GrpcClientProtocolClient.java:218)
	at org.apache.ratis.grpc.client.GrpcClientProtocolClient.groupAdd(GrpcClientProtocolClient.java:179)
	at org.apache.ratis.grpc.client.GrpcClientRpc.sendRequest(GrpcClientRpc.java:96)
	at org.apache.ratis.client.impl.BlockingImpl.sendRequest(BlockingImpl.java:130)
	at org.apache.ratis.client.impl.GroupManagementImpl.add(GroupManagementImpl.java:51)
	at org.apache.hadoop.ozone.container.common.statemachine.commandhandler.CreatePipelineCommandHandler.lambda$handle$1(CreatePipelineCommandHandler.java:99)
	at java.util.stream.ForEachOps$ForEachOp$OfRef.accept(ForEachOps.java:183)
	at java.util.stream.ReferencePipeline$2$1.accept(ReferencePipeline.java:175)
	at java.util.ArrayList$ArrayListSpliterator.forEachRemaining(ArrayList.java:1384)
	at java.util.stream.AbstractPipeline.copyInto(AbstractPipeline.java:482)
	at java.util.stream.AbstractPipeline.wrapAndCopyInto(AbstractPipeline.java:472)
	at java.util.stream.ForEachOps$ForEachOp.evaluateSequential(ForEachOps.java:150)
	at java.util.stream.ForEachOps$ForEachOp$OfRef.evaluateSequential(ForEachOps.java:173)
	at java.util.stream.AbstractPipeline.evaluate(AbstractPipeline.java:234)
	at java.util.stream.ReferencePipeline.forEach(ReferencePipeline.java:485)
	at org.apache.hadoop.ozone.container.common.statemachine.commandhandler.CreatePipelineCommandHandler.handle(CreatePipelineCommandHandler.java:95)
	at org.apache.hadoop.ozone.container.common.statemachine.commandhandler.CommandDispatcher.handle(CommandDispatcher.java:99)
	at org.apache.hadoop.ozone.container.common.statemachine.DatanodeStateMachine.lambda$initCommandHandlerThread$2(DatanodeStateMachine.java:556)
	at java.lang.Thread.run(Thread.java:748)
Caused by: org.apache.ratis.thirdparty.io.grpc.StatusRuntimeException: UNAVAILABLE: io exception
	at org.apache.ratis.thirdparty.io.grpc.stub.ClientCalls.toStatusRuntimeException(ClientCalls.java:262)
	at org.apache.ratis.thirdparty.io.grpc.stub.ClientCalls.getUnchecked(ClientCalls.java:243)
	at org.apache.ratis.thirdparty.io.grpc.stub.ClientCalls.blockingUnaryCall(ClientCalls.java:156)
	at org.apache.ratis.proto.grpc.AdminProtocolServiceGrpc$AdminProtocolServiceBlockingStub.groupManagement(AdminProtocolServiceGrpc.java:413)
	at org.apache.ratis.grpc.client.GrpcClientProtocolClient.lambda$groupAdd$5(GrpcClientProtocolClient.java:181)
	at org.apache.ratis.grpc.client.GrpcClientProtocolClient.blockingCall(GrpcClientProtocolClient.java:216)
	... 18 more
Caused by: org.apache.ratis.thirdparty.io.netty.channel.AbstractChannel$AnnotatedConnectException: finishConnect(..) failed: Connection refused: /10.1.0.42:35647
Caused by: java.net.ConnectException: finishConnect(..) failed: Connection refused
	at org.apache.ratis.thirdparty.io.netty.channel.unix.Errors.newConnectException0(Errors.java:155)
	at org.apache.ratis.thirdparty.io.netty.channel.unix.Errors.handleConnectErrno(Errors.java:128)
	at org.apache.ratis.thirdparty.io.netty.channel.unix.Socket.finishConnect(Socket.java:278)
	at org.apache.ratis.thirdparty.io.netty.channel.epoll.AbstractEpollChannel$AbstractEpollUnsafe.doFinishConnect(AbstractEpollChannel.java:710)
	at org.apache.ratis.thirdparty.io.netty.channel.epoll.AbstractEpollChannel$AbstractEpollUnsafe.finishConnect(AbstractEpollChannel.java:687)
	at org.apache.ratis.thirdparty.io.netty.channel.epoll.AbstractEpollChannel$AbstractEpollUnsafe.epollOutReady(AbstractEpollChannel.java:567)
	at org.apache.ratis.thirdparty.io.netty.channel.epoll.EpollEventLoop.processReady(EpollEventLoop.java:470)
	at org.apache.ratis.thirdparty.io.netty.channel.epoll.EpollEventLoop.run(EpollEventLoop.java:378)
	at org.apache.ratis.thirdparty.io.netty.util.concurrent.SingleThreadEventExecutor$4.run(SingleThreadEventExecutor.java:989)
	at org.apache.ratis.thirdparty.io.netty.util.internal.ThreadExecutorMap$2.run(ThreadExecutorMap.java:74)
	at org.apache.ratis.thirdparty.io.netty.util.concurrent.FastThreadLocalRunnable.run(FastThreadLocalRunnable.java:30)
	at java.lang.Thread.run(Thread.java:748)
2021-08-26 17:32:09,239 [Command processor thread] INFO  commandhandler.CreatePipelineCommandHandler (CreatePipelineCommandHandler.java:handle(106)) - Created Pipeline RATIS THREE PipelineID=24500981-3e75-4b3a-860b-3d642af02082.
2021-08-26 17:32:10,017 [7ea02771-24eb-4f5a-8038-44a318ea5460@group-5ED93A64E77F-FollowerState] INFO  impl.FollowerState (FollowerState.java:run(134)) - 7ea02771-24eb-4f5a-8038-44a318ea5460@group-5ED93A64E77F-FollowerState: change to CANDIDATE, lastRpcElapsedTime:5029156538ns, electionTimeout:5023ms
2021-08-26 17:32:10,018 [7ea02771-24eb-4f5a-8038-44a318ea5460@group-5ED93A64E77F-FollowerState] INFO  impl.RoleInfo (RoleInfo.java:shutdownFollowerState(108)) - 7ea02771-24eb-4f5a-8038-44a318ea5460: shutdown 7ea02771-24eb-4f5a-8038-44a318ea5460@group-5ED93A64E77F-FollowerState
2021-08-26 17:32:10,018 [7ea02771-24eb-4f5a-8038-44a318ea5460@group-5ED93A64E77F-FollowerState] INFO  server.RaftServer$Division (RaftServerImpl.java:setRole(285)) - 7ea02771-24eb-4f5a-8038-44a318ea5460@group-5ED93A64E77F: changes role from  FOLLOWER to CANDIDATE at term 4 for changeToCandidate
2021-08-26 17:32:10,018 [7ea02771-24eb-4f5a-8038-44a318ea5460@group-5ED93A64E77F-FollowerState] INFO  server.RaftServerConfigKeys (ConfUtils.java:logGet(44)) - raft.server.leaderelection.pre-vote = false (custom)
2021-08-26 17:32:10,018 [7ea02771-24eb-4f5a-8038-44a318ea5460@group-5ED93A64E77F-FollowerState] INFO  impl.RoleInfo (RoleInfo.java:updateAndGet(130)) - 7ea02771-24eb-4f5a-8038-44a318ea5460: start 7ea02771-24eb-4f5a-8038-44a318ea5460@group-5ED93A64E77F-LeaderElection23
2021-08-26 17:32:10,029 [7ea02771-24eb-4f5a-8038-44a318ea5460@group-5ED93A64E77F-LeaderElection23] INFO  impl.LeaderElection (LeaderElection.java:askForVotes(306)) - 7ea02771-24eb-4f5a-8038-44a318ea5460@group-5ED93A64E77F-LeaderElection23 ELECTION round 0: submit vote requests at term 5 for -1: [c4880b1a-f63f-4492-a9df-0d04f2bfbd12|rpc:10.1.0.42:36835|dataStream:|priority:0, caca0df6-f340-40f9-9fdf-acdee16ce07d|rpc:10.1.0.42:39345|dataStream:|priority:0, 7ea02771-24eb-4f5a-8038-44a318ea5460|rpc:10.1.0.42:37543|dataStream:|priority:1], old=null
2021-08-26 17:32:10,038 [grpc-default-executor-2] INFO  server.RaftServer$Division (RaftServerImpl.java:requestVote(1043)) - caca0df6-f340-40f9-9fdf-acdee16ce07d@group-5ED93A64E77F: receive requestVote(ELECTION, 7ea02771-24eb-4f5a-8038-44a318ea5460, group-5ED93A64E77F, 5, (t:0, i:0))
2021-08-26 17:32:10,039 [grpc-default-executor-2] INFO  impl.VoteContext (VoteContext.java:log(48)) - caca0df6-f340-40f9-9fdf-acdee16ce07d@group-5ED93A64E77F-FOLLOWER: accept ELECTION from 7ea02771-24eb-4f5a-8038-44a318ea5460: our priority 0 <= candidate's priority 1
2021-08-26 17:32:10,039 [grpc-default-executor-2] INFO  server.RaftServer$Division (RaftServerImpl.java:setRole(285)) - caca0df6-f340-40f9-9fdf-acdee16ce07d@group-5ED93A64E77F: changes role from  FOLLOWER to FOLLOWER at term 5 for candidate:7ea02771-24eb-4f5a-8038-44a318ea5460
2021-08-26 17:32:10,039 [grpc-default-executor-2] INFO  impl.RoleInfo (RoleInfo.java:shutdownFollowerState(108)) - caca0df6-f340-40f9-9fdf-acdee16ce07d: shutdown caca0df6-f340-40f9-9fdf-acdee16ce07d@group-5ED93A64E77F-FollowerState
2021-08-26 17:32:10,039 [grpc-default-executor-2] INFO  impl.RoleInfo (RoleInfo.java:updateAndGet(130)) - caca0df6-f340-40f9-9fdf-acdee16ce07d: start caca0df6-f340-40f9-9fdf-acdee16ce07d@group-5ED93A64E77F-FollowerState
2021-08-26 17:32:10,039 [caca0df6-f340-40f9-9fdf-acdee16ce07d@group-5ED93A64E77F-FollowerState] INFO  impl.FollowerState (FollowerState.java:run(143)) - caca0df6-f340-40f9-9fdf-acdee16ce07d@group-5ED93A64E77F-FollowerState was interrupted: {}
java.lang.InterruptedException: sleep interrupted
	at java.lang.Thread.sleep(Native Method)
	at java.lang.Thread.sleep(Thread.java:340)
	at java.util.concurrent.TimeUnit.sleep(TimeUnit.java:386)
	at org.apache.ratis.util.TimeDuration.sleep(TimeDuration.java:324)
	at org.apache.ratis.util.TimeDuration.sleep(TimeDuration.java:309)
	at org.apache.ratis.server.impl.FollowerState.run(FollowerState.java:118)
2021-08-26 17:32:10,049 [grpc-default-executor-2] INFO  server.RaftServer$Division (RaftServerImpl.java:requestVote(1075)) - caca0df6-f340-40f9-9fdf-acdee16ce07d@group-5ED93A64E77F replies to ELECTION vote request: 7ea02771-24eb-4f5a-8038-44a318ea5460<-caca0df6-f340-40f9-9fdf-acdee16ce07d#0:OK-t5. Peer's state: caca0df6-f340-40f9-9fdf-acdee16ce07d@group-5ED93A64E77F:t5, leader=null, voted=7ea02771-24eb-4f5a-8038-44a318ea5460, raftlog=caca0df6-f340-40f9-9fdf-acdee16ce07d@group-5ED93A64E77F-SegmentedRaftLog:OPENED:c-1,f-1,i0, conf=-1: [c4880b1a-f63f-4492-a9df-0d04f2bfbd12|rpc:10.1.0.42:36835|dataStream:|priority:0, caca0df6-f340-40f9-9fdf-acdee16ce07d|rpc:10.1.0.42:39345|dataStream:|priority:0, 7ea02771-24eb-4f5a-8038-44a318ea5460|rpc:10.1.0.42:37543|dataStream:|priority:1], old=null
2021-08-26 17:32:10,051 [7ea02771-24eb-4f5a-8038-44a318ea5460@group-5ED93A64E77F-LeaderElection23] INFO  impl.LeaderElection (LeaderElection.java:logAndReturn(89)) - 7ea02771-24eb-4f5a-8038-44a318ea5460@group-5ED93A64E77F-LeaderElection23: ELECTION PASSED received 1 response(s) and 0 exception(s):
2021-08-26 17:32:10,051 [7ea02771-24eb-4f5a-8038-44a318ea5460@group-5ED93A64E77F-LeaderElection23] INFO  impl.LeaderElection (LeaderElection.java:logAndReturn(93)) -   Response 0: 7ea02771-24eb-4f5a-8038-44a318ea5460<-caca0df6-f340-40f9-9fdf-acdee16ce07d#0:OK-t5
2021-08-26 17:32:10,051 [7ea02771-24eb-4f5a-8038-44a318ea5460@group-5ED93A64E77F-LeaderElection23] INFO  impl.LeaderElection (LeaderElection.java:askForVotes(308)) - 7ea02771-24eb-4f5a-8038-44a318ea5460@group-5ED93A64E77F-LeaderElection23 ELECTION round 0: result PASSED
2021-08-26 17:32:10,051 [7ea02771-24eb-4f5a-8038-44a318ea5460@group-5ED93A64E77F-LeaderElection23] INFO  impl.RoleInfo (RoleInfo.java:shutdownLeaderElection(121)) - 7ea02771-24eb-4f5a-8038-44a318ea5460: shutdown 7ea02771-24eb-4f5a-8038-44a318ea5460@group-5ED93A64E77F-LeaderElection23
2021-08-26 17:32:10,051 [7ea02771-24eb-4f5a-8038-44a318ea5460@group-5ED93A64E77F-LeaderElection23] INFO  server.RaftServer$Division (RaftServerImpl.java:setRole(285)) - 7ea02771-24eb-4f5a-8038-44a318ea5460@group-5ED93A64E77F: changes role from CANDIDATE to LEADER at term 5 for changeToLeader
2021-08-26 17:32:10,051 [7ea02771-24eb-4f5a-8038-44a318ea5460@group-5ED93A64E77F-LeaderElection23] INFO  ratis.XceiverServerRatis (XceiverServerRatis.java:handleLeaderChangedNotification(861)) - Leader change notification received for group: group-5ED93A64E77F with new leaderId: 7ea02771-24eb-4f5a-8038-44a318ea5460
2021-08-26 17:32:10,052 [7ea02771-24eb-4f5a-8038-44a318ea5460@group-5ED93A64E77F-LeaderElection23] INFO  server.RaftServer$Division (ServerState.java:setLeader(285)) - 7ea02771-24eb-4f5a-8038-44a318ea5460@group-5ED93A64E77F: change Leader from null to 7ea02771-24eb-4f5a-8038-44a318ea5460 at term 5 for becomeLeader, leader elected after 25442ms
2021-08-26 17:32:10,052 [7ea02771-24eb-4f5a-8038-44a318ea5460@group-5ED93A64E77F-LeaderElection23] INFO  server.RaftServerConfigKeys (ConfUtils.java:logGet(44)) - raft.server.staging.catchup.gap = 1000 (default)
2021-08-26 17:32:10,052 [7ea02771-24eb-4f5a-8038-44a318ea5460@group-5ED93A64E77F-LeaderElection23] INFO  server.RaftServerConfigKeys (ConfUtils.java:logGet(44)) - raft.server.write.element-limit = 1024 (custom)
2021-08-26 17:32:10,052 [7ea02771-24eb-4f5a-8038-44a318ea5460@group-5ED93A64E77F-LeaderElection23] INFO  server.RaftServerConfigKeys (ConfUtils.java:logGet(44)) - raft.server.write.byte-limit = 1024 M (=1073741824) (custom)
2021-08-26 17:32:10,052 [grpc-default-executor-3] INFO  server.RaftServer$Division (RaftServerImpl.java:requestVote(1043)) - c4880b1a-f63f-4492-a9df-0d04f2bfbd12@group-5ED93A64E77F: receive requestVote(ELECTION, 7ea02771-24eb-4f5a-8038-44a318ea5460, group-5ED93A64E77F, 5, (t:0, i:0))
2021-08-26 17:32:10,052 [grpc-default-executor-3] INFO  impl.VoteContext (VoteContext.java:log(48)) - c4880b1a-f63f-4492-a9df-0d04f2bfbd12@group-5ED93A64E77F-FOLLOWER: accept ELECTION from 7ea02771-24eb-4f5a-8038-44a318ea5460: our priority 0 <= candidate's priority 1
2021-08-26 17:32:10,052 [7ea02771-24eb-4f5a-8038-44a318ea5460@group-5ED93A64E77F-LeaderElection23] INFO  server.RaftServerConfigKeys (ConfUtils.java:logGet(44)) - raft.server.watch.timeout = 3000ms (custom)
2021-08-26 17:32:10,052 [grpc-default-executor-3] INFO  server.RaftServer$Division (RaftServerImpl.java:setRole(285)) - c4880b1a-f63f-4492-a9df-0d04f2bfbd12@group-5ED93A64E77F: changes role from  FOLLOWER to FOLLOWER at term 5 for candidate:7ea02771-24eb-4f5a-8038-44a318ea5460
2021-08-26 17:32:10,053 [grpc-default-executor-3] INFO  impl.RoleInfo (RoleInfo.java:shutdownFollowerState(108)) - c4880b1a-f63f-4492-a9df-0d04f2bfbd12: shutdown c4880b1a-f63f-4492-a9df-0d04f2bfbd12@group-5ED93A64E77F-FollowerState
2021-08-26 17:32:10,053 [grpc-default-executor-3] INFO  impl.RoleInfo (RoleInfo.java:updateAndGet(130)) - c4880b1a-f63f-4492-a9df-0d04f2bfbd12: start c4880b1a-f63f-4492-a9df-0d04f2bfbd12@group-5ED93A64E77F-FollowerState
2021-08-26 17:32:10,053 [Datanode State Machine Thread - 0] WARN  statemachine.StateContext (StateContext.java:execute(621)) - No available thread in pool for past 1 seconds.
2021-08-26 17:32:10,053 [c4880b1a-f63f-4492-a9df-0d04f2bfbd12@group-5ED93A64E77F-FollowerState] INFO  impl.FollowerState (FollowerState.java:run(143)) - c4880b1a-f63f-4492-a9df-0d04f2bfbd12@group-5ED93A64E77F-FollowerState was interrupted: {}
java.lang.InterruptedException: sleep interrupted
	at java.lang.Thread.sleep(Native Method)
	at java.lang.Thread.sleep(Thread.java:340)
	at java.util.concurrent.TimeUnit.sleep(TimeUnit.java:386)
	at org.apache.ratis.util.TimeDuration.sleep(TimeDuration.java:324)
	at org.apache.ratis.util.TimeDuration.sleep(TimeDuration.java:309)
	at org.apache.ratis.server.impl.FollowerState.run(FollowerState.java:118)
2021-08-26 17:32:10,052 [7ea02771-24eb-4f5a-8038-44a318ea5460@group-5ED93A64E77F-LeaderElection23] INFO  server.RaftServerConfigKeys (ConfUtils.java:logGet(44)) - raft.server.watch.timeout.denomination = 1s (default)
2021-08-26 17:32:10,053 [7ea02771-24eb-4f5a-8038-44a318ea5460@group-5ED93A64E77F-LeaderElection23] INFO  server.RaftServerConfigKeys (ConfUtils.java:logGet(44)) - raft.server.watch.element-limit = 65536 (default)
2021-08-26 17:32:10,053 [7ea02771-24eb-4f5a-8038-44a318ea5460@group-5ED93A64E77F-LeaderElection23] INFO  server.RaftServerConfigKeys (ConfUtils.java:logGet(44)) - raft.server.log.appender.snapshot.chunk.size.max = 16MB (=16777216) (default)
2021-08-26 17:32:10,054 [7ea02771-24eb-4f5a-8038-44a318ea5460@group-5ED93A64E77F-LeaderElection23] INFO  server.RaftServerConfigKeys (ConfUtils.java:logGet(44)) - raft.server.log.appender.buffer.byte-limit = 33554432 (custom)
2021-08-26 17:32:10,054 [7ea02771-24eb-4f5a-8038-44a318ea5460@group-5ED93A64E77F-LeaderElection23] INFO  server.RaftServerConfigKeys (ConfUtils.java:logGet(44)) - raft.server.log.appender.buffer.element-limit = 1 (custom)
2021-08-26 17:32:10,054 [EventQueue-PipelineReportForPipelineReportHandler] INFO  pipeline.PipelineManagerImpl (PipelineManagerImpl.java:openPipeline(282)) - Pipeline Pipeline[ Id: cbd71701-9592-43b7-bb2a-5ed93a64e77f, Nodes: c4880b1a-f63f-4492-a9df-0d04f2bfbd12{ip: 10.1.0.42, host: fv-az122-729.zf1tlrj3kn4expqppa1j4mpycf.xx.internal.cloudapp.net, ports: [REPLICATION=33083, RATIS=36835, RATIS_ADMIN=36835, RATIS_SERVER=36835, STANDALONE=32847], networkLocation: /default-rack, certSerialId: null, persistedOpState: IN_SERVICE, persistedOpStateExpiryEpochSec: 0}caca0df6-f340-40f9-9fdf-acdee16ce07d{ip: 10.1.0.42, host: fv-az122-729.zf1tlrj3kn4expqppa1j4mpycf.xx.internal.cloudapp.net, ports: [REPLICATION=38841, RATIS=39345, RATIS_ADMIN=39345, RATIS_SERVER=39345, STANDALONE=43837], networkLocation: /default-rack, certSerialId: null, persistedOpState: IN_SERVICE, persistedOpStateExpiryEpochSec: 0}7ea02771-24eb-4f5a-8038-44a318ea5460{ip: 10.1.0.42, host: fv-az122-729.zf1tlrj3kn4expqppa1j4mpycf.xx.internal.cloudapp.net, ports: [REPLICATION=36479, RATIS=37543, RATIS_ADMIN=37543, RATIS_SERVER=37543, STANDALONE=33905], networkLocation: /default-rack, certSerialId: null, persistedOpState: IN_SERVICE, persistedOpStateExpiryEpochSec: 0}, ReplicationConfig: RATIS/THREE, State:ALLOCATED, leaderId:7ea02771-24eb-4f5a-8038-44a318ea5460, CreationTimestamp2021-08-26T17:31:41.868Z[Etc/UTC]] moved to OPEN state
2021-08-26 17:32:10,059 [7ea02771-24eb-4f5a-8038-44a318ea5460@group-5ED93A64E77F-LeaderElection23] INFO  grpc.GrpcConfigKeys (ConfUtils.java:logGet(44)) - raft.grpc.server.leader.outstanding.appends.max = 128 (default)
2021-08-26 17:32:10,059 [7ea02771-24eb-4f5a-8038-44a318ea5460@group-5ED93A64E77F-LeaderElection23] INFO  server.RaftServerConfigKeys (ConfUtils.java:logGet(44)) - raft.server.rpc.request.timeout = 3000ms (default)
2021-08-26 17:32:10,060 [7ea02771-24eb-4f5a-8038-44a318ea5460@group-5ED93A64E77F-LeaderElection23] INFO  server.RaftServerConfigKeys (ConfUtils.java:logGet(44)) - raft.server.log.appender.install.snapshot.enabled = false (custom)
2021-08-26 17:32:10,060 [7ea02771-24eb-4f5a-8038-44a318ea5460@group-5ED93A64E77F-LeaderElection23] INFO  server.RaftServerConfigKeys (ConfUtils.java:logGet(44)) - raft.server.log.appender.snapshot.chunk.size.max = 16MB (=16777216) (default)
2021-08-26 17:32:10,061 [7ea02771-24eb-4f5a-8038-44a318ea5460@group-5ED93A64E77F-LeaderElection23] INFO  server.RaftServerConfigKeys (ConfUtils.java:logGet(44)) - raft.server.log.appender.buffer.byte-limit = 33554432 (custom)
2021-08-26 17:32:10,061 [7ea02771-24eb-4f5a-8038-44a318ea5460@group-5ED93A64E77F-LeaderElection23] INFO  server.RaftServerConfigKeys (ConfUtils.java:logGet(44)) - raft.server.log.appender.buffer.element-limit = 1 (custom)
2021-08-26 17:32:10,061 [7ea02771-24eb-4f5a-8038-44a318ea5460@group-5ED93A64E77F-LeaderElection23] INFO  grpc.GrpcConfigKeys (ConfUtils.java:logGet(44)) - raft.grpc.server.leader.outstanding.appends.max = 128 (default)
2021-08-26 17:32:10,061 [7ea02771-24eb-4f5a-8038-44a318ea5460@group-5ED93A64E77F-LeaderElection23] INFO  server.RaftServerConfigKeys (ConfUtils.java:logGet(44)) - raft.server.rpc.request.timeout = 3000ms (default)
2021-08-26 17:32:10,061 [7ea02771-24eb-4f5a-8038-44a318ea5460@group-5ED93A64E77F-LeaderElection23] INFO  server.RaftServerConfigKeys (ConfUtils.java:logGet(44)) - raft.server.log.appender.install.snapshot.enabled = false (custom)
2021-08-26 17:32:10,062 [7ea02771-24eb-4f5a-8038-44a318ea5460@group-5ED93A64E77F-LeaderElection23] INFO  impl.RoleInfo (RoleInfo.java:updateAndGet(130)) - 7ea02771-24eb-4f5a-8038-44a318ea5460: start 7ea02771-24eb-4f5a-8038-44a318ea5460@group-5ED93A64E77F-LeaderStateImpl
2021-08-26 17:32:10,068 [7ea02771-24eb-4f5a-8038-44a318ea5460@group-5ED93A64E77F-LeaderElection23] INFO  segmented.SegmentedRaftLogWorker (SegmentedRaftLogWorker.java:startLogSegment(394)) - 7ea02771-24eb-4f5a-8038-44a318ea5460@group-5ED93A64E77F-SegmentedRaftLogWorker: Starting segment from index:0
2021-08-26 17:32:10,068 [grpc-default-executor-3] INFO  server.RaftServer$Division (RaftServerImpl.java:requestVote(1075)) - c4880b1a-f63f-4492-a9df-0d04f2bfbd12@group-5ED93A64E77F replies to ELECTION vote request: 7ea02771-24eb-4f5a-8038-44a318ea5460<-c4880b1a-f63f-4492-a9df-0d04f2bfbd12#0:OK-t5. Peer's state: c4880b1a-f63f-4492-a9df-0d04f2bfbd12@group-5ED93A64E77F:t5, leader=null, voted=7ea02771-24eb-4f5a-8038-44a318ea5460, raftlog=c4880b1a-f63f-4492-a9df-0d04f2bfbd12@group-5ED93A64E77F-SegmentedRaftLog:OPENED:c-1,f-1,i0, conf=-1: [c4880b1a-f63f-4492-a9df-0d04f2bfbd12|rpc:10.1.0.42:36835|priority:0, caca0df6-f340-40f9-9fdf-acdee16ce07d|rpc:10.1.0.42:39345|priority:0, 7ea02771-24eb-4f5a-8038-44a318ea5460|rpc:10.1.0.42:37543|priority:1], old=null
2021-08-26 17:32:10,069 [7ea02771-24eb-4f5a-8038-44a318ea5460@group-5ED93A64E77F-SegmentedRaftLogWorker] INFO  segmented.SegmentedRaftLogWorker (SegmentedRaftLogWorker.java:execute(601)) - 7ea02771-24eb-4f5a-8038-44a318ea5460@group-5ED93A64E77F-SegmentedRaftLogWorker: created new log segment /home/runner/work/ozone/ozone/hadoop-ozone/integration-test/target/test-dir/MiniOzoneClusterImpl-daa96565-427e-4fca-a993-08525edc6fa6/datanode-4/data/ratis/cbd71701-9592-43b7-bb2a-5ed93a64e77f/current/log_inprogress_0
2021-08-26 17:32:10,082 [grpc-default-executor-2] INFO  ratis.XceiverServerRatis (XceiverServerRatis.java:handleLeaderChangedNotification(861)) - Leader change notification received for group: group-5ED93A64E77F with new leaderId: 7ea02771-24eb-4f5a-8038-44a318ea5460
2021-08-26 17:32:10,082 [grpc-default-executor-2] INFO  server.RaftServer$Division (ServerState.java:setLeader(285)) - c4880b1a-f63f-4492-a9df-0d04f2bfbd12@group-5ED93A64E77F: change Leader from null to 7ea02771-24eb-4f5a-8038-44a318ea5460 at term 5 for appendEntries, leader elected after 25553ms
2021-08-26 17:32:10,094 [7ea02771-24eb-4f5a-8038-44a318ea5460@group-5ED93A64E77F-LeaderElection23] INFO  server.RaftServer$Division (ServerState.java:setRaftConf(387)) - 7ea02771-24eb-4f5a-8038-44a318ea5460@group-5ED93A64E77F: set configuration 0: [c4880b1a-f63f-4492-a9df-0d04f2bfbd12|rpc:10.1.0.42:36835|dataStream:|priority:0, caca0df6-f340-40f9-9fdf-acdee16ce07d|rpc:10.1.0.42:39345|dataStream:|priority:0, 7ea02771-24eb-4f5a-8038-44a318ea5460|rpc:10.1.0.42:37543|dataStream:|priority:1], old=null
2021-08-26 17:32:10,101 [grpc-default-executor-3] INFO  ratis.XceiverServerRatis (XceiverServerRatis.java:handleLeaderChangedNotification(861)) - Leader change notification received for group: group-5ED93A64E77F with new leaderId: 7ea02771-24eb-4f5a-8038-44a318ea5460
2021-08-26 17:32:10,101 [grpc-default-executor-3] INFO  server.RaftServer$Division (ServerState.java:setLeader(285)) - caca0df6-f340-40f9-9fdf-acdee16ce07d@group-5ED93A64E77F: change Leader from null to 7ea02771-24eb-4f5a-8038-44a318ea5460 at term 5 for appendEntries, leader elected after 25527ms
2021-08-26 17:32:10,116 [grpc-default-executor-2] INFO  server.RaftServer$Division (ServerState.java:setRaftConf(387)) - c4880b1a-f63f-4492-a9df-0d04f2bfbd12@group-5ED93A64E77F: set configuration 0: [c4880b1a-f63f-4492-a9df-0d04f2bfbd12|rpc:10.1.0.42:36835|dataStream:|priority:0, caca0df6-f340-40f9-9fdf-acdee16ce07d|rpc:10.1.0.42:39345|dataStream:|priority:0, 7ea02771-24eb-4f5a-8038-44a318ea5460|rpc:10.1.0.42:37543|dataStream:|priority:1], old=null
2021-08-26 17:32:10,116 [grpc-default-executor-2] INFO  segmented.SegmentedRaftLogWorker (SegmentedRaftLogWorker.java:startLogSegment(394)) - c4880b1a-f63f-4492-a9df-0d04f2bfbd12@group-5ED93A64E77F-SegmentedRaftLogWorker: Starting segment from index:0
2021-08-26 17:32:10,116 [grpc-default-executor-3] INFO  server.RaftServer$Division (ServerState.java:setRaftConf(387)) - caca0df6-f340-40f9-9fdf-acdee16ce07d@group-5ED93A64E77F: set configuration 0: [c4880b1a-f63f-4492-a9df-0d04f2bfbd12|rpc:10.1.0.42:36835|dataStream:|priority:0, caca0df6-f340-40f9-9fdf-acdee16ce07d|rpc:10.1.0.42:39345|dataStream:|priority:0, 7ea02771-24eb-4f5a-8038-44a318ea5460|rpc:10.1.0.42:37543|dataStream:|priority:1], old=null
2021-08-26 17:32:10,117 [grpc-default-executor-3] INFO  segmented.SegmentedRaftLogWorker (SegmentedRaftLogWorker.java:startLogSegment(394)) - caca0df6-f340-40f9-9fdf-acdee16ce07d@group-5ED93A64E77F-SegmentedRaftLogWorker: Starting segment from index:0
2021-08-26 17:32:10,117 [c4880b1a-f63f-4492-a9df-0d04f2bfbd12@group-5ED93A64E77F-SegmentedRaftLogWorker] INFO  segmented.SegmentedRaftLogWorker (SegmentedRaftLogWorker.java:execute(601)) - c4880b1a-f63f-4492-a9df-0d04f2bfbd12@group-5ED93A64E77F-SegmentedRaftLogWorker: created new log segment /home/runner/work/ozone/ozone/hadoop-ozone/integration-test/target/test-dir/MiniOzoneClusterImpl-daa96565-427e-4fca-a993-08525edc6fa6/datanode-3/data/ratis/cbd71701-9592-43b7-bb2a-5ed93a64e77f/current/log_inprogress_0
2021-08-26 17:32:10,118 [caca0df6-f340-40f9-9fdf-acdee16ce07d@group-5ED93A64E77F-SegmentedRaftLogWorker] INFO  segmented.SegmentedRaftLogWorker (SegmentedRaftLogWorker.java:execute(601)) - caca0df6-f340-40f9-9fdf-acdee16ce07d@group-5ED93A64E77F-SegmentedRaftLogWorker: created new log segment /home/runner/work/ozone/ozone/hadoop-ozone/integration-test/target/test-dir/MiniOzoneClusterImpl-daa96565-427e-4fca-a993-08525edc6fa6/datanode-5/data/ratis/cbd71701-9592-43b7-bb2a-5ed93a64e77f/current/log_inprogress_0
2021-08-26 17:32:10,304 [c4880b1a-f63f-4492-a9df-0d04f2bfbd12@group-581338FFE026-FollowerState] INFO  impl.FollowerState (FollowerState.java:run(134)) - c4880b1a-f63f-4492-a9df-0d04f2bfbd12@group-581338FFE026-FollowerState: change to CANDIDATE, lastRpcElapsedTime:5140316178ns, electionTimeout:5131ms
2021-08-26 17:32:10,305 [c4880b1a-f63f-4492-a9df-0d04f2bfbd12@group-581338FFE026-FollowerState] INFO  impl.RoleInfo (RoleInfo.java:shutdownFollowerState(108)) - c4880b1a-f63f-4492-a9df-0d04f2bfbd12: shutdown c4880b1a-f63f-4492-a9df-0d04f2bfbd12@group-581338FFE026-FollowerState
2021-08-26 17:32:10,305 [c4880b1a-f63f-4492-a9df-0d04f2bfbd12@group-581338FFE026-FollowerState] INFO  server.RaftServer$Division (RaftServerImpl.java:setRole(285)) - c4880b1a-f63f-4492-a9df-0d04f2bfbd12@group-581338FFE026: changes role from  FOLLOWER to CANDIDATE at term 4 for changeToCandidate
2021-08-26 17:32:10,305 [c4880b1a-f63f-4492-a9df-0d04f2bfbd12@group-581338FFE026-FollowerState] INFO  server.RaftServerConfigKeys (ConfUtils.java:logGet(44)) - raft.server.leaderelection.pre-vote = false (custom)
2021-08-26 17:32:10,305 [c4880b1a-f63f-4492-a9df-0d04f2bfbd12@group-581338FFE026-FollowerState] INFO  impl.RoleInfo (RoleInfo.java:updateAndGet(130)) - c4880b1a-f63f-4492-a9df-0d04f2bfbd12: start c4880b1a-f63f-4492-a9df-0d04f2bfbd12@group-581338FFE026-LeaderElection24
2021-08-26 17:32:10,315 [c4880b1a-f63f-4492-a9df-0d04f2bfbd12@group-581338FFE026-LeaderElection24] INFO  impl.LeaderElection (LeaderElection.java:askForVotes(306)) - c4880b1a-f63f-4492-a9df-0d04f2bfbd12@group-581338FFE026-LeaderElection24 ELECTION round 0: submit vote requests at term 5 for -1: [c4880b1a-f63f-4492-a9df-0d04f2bfbd12|rpc:10.1.0.42:36835|priority:0, caca0df6-f340-40f9-9fdf-acdee16ce07d|rpc:10.1.0.42:39345|priority:1, 7ea02771-24eb-4f5a-8038-44a318ea5460|rpc:10.1.0.42:37543|priority:0], old=null
2021-08-26 17:32:10,320 [grpc-default-executor-2] INFO  server.RaftServer$Division (RaftServerImpl.java:requestVote(1043)) - caca0df6-f340-40f9-9fdf-acdee16ce07d@group-581338FFE026: receive requestVote(ELECTION, c4880b1a-f63f-4492-a9df-0d04f2bfbd12, group-581338FFE026, 5, (t:0, i:0))
2021-08-26 17:32:10,320 [grpc-default-executor-2] INFO  impl.VoteContext (VoteContext.java:log(48)) - caca0df6-f340-40f9-9fdf-acdee16ce07d@group-581338FFE026-FOLLOWER: reject ELECTION from c4880b1a-f63f-4492-a9df-0d04f2bfbd12: our priority 1 > candidate's priority 0
2021-08-26 17:32:10,320 [grpc-default-executor-2] INFO  server.RaftServer$Division (RaftServerImpl.java:setRole(285)) - caca0df6-f340-40f9-9fdf-acdee16ce07d@group-581338FFE026: changes role from  FOLLOWER to FOLLOWER at term 5 for candidate:c4880b1a-f63f-4492-a9df-0d04f2bfbd12
2021-08-26 17:32:10,320 [grpc-default-executor-2] INFO  impl.RoleInfo (RoleInfo.java:shutdownFollowerState(108)) - caca0df6-f340-40f9-9fdf-acdee16ce07d: shutdown caca0df6-f340-40f9-9fdf-acdee16ce07d@group-581338FFE026-FollowerState
2021-08-26 17:32:10,321 [grpc-default-executor-2] INFO  impl.RoleInfo (RoleInfo.java:updateAndGet(130)) - caca0df6-f340-40f9-9fdf-acdee16ce07d: start caca0df6-f340-40f9-9fdf-acdee16ce07d@group-581338FFE026-FollowerState
2021-08-26 17:32:10,322 [caca0df6-f340-40f9-9fdf-acdee16ce07d@group-581338FFE026-FollowerState] INFO  impl.FollowerState (FollowerState.java:run(143)) - caca0df6-f340-40f9-9fdf-acdee16ce07d@group-581338FFE026-FollowerState was interrupted: {}
java.lang.InterruptedException: sleep interrupted
	at java.lang.Thread.sleep(Native Method)
	at java.lang.Thread.sleep(Thread.java:340)
	at java.util.concurrent.TimeUnit.sleep(TimeUnit.java:386)
	at org.apache.ratis.util.TimeDuration.sleep(TimeDuration.java:324)
	at org.apache.ratis.util.TimeDuration.sleep(TimeDuration.java:309)
	at org.apache.ratis.server.impl.FollowerState.run(FollowerState.java:118)
2021-08-26 17:32:10,325 [grpc-default-executor-3] INFO  server.RaftServer$Division (RaftServerImpl.java:requestVote(1043)) - 7ea02771-24eb-4f5a-8038-44a318ea5460@group-581338FFE026: receive requestVote(ELECTION, c4880b1a-f63f-4492-a9df-0d04f2bfbd12, group-581338FFE026, 5, (t:0, i:0))
2021-08-26 17:32:10,325 [grpc-default-executor-3] INFO  impl.VoteContext (VoteContext.java:log(48)) - 7ea02771-24eb-4f5a-8038-44a318ea5460@group-581338FFE026-FOLLOWER: accept ELECTION from c4880b1a-f63f-4492-a9df-0d04f2bfbd12: our priority 0 <= candidate's priority 0
2021-08-26 17:32:10,326 [grpc-default-executor-3] INFO  server.RaftServer$Division (RaftServerImpl.java:setRole(285)) - 7ea02771-24eb-4f5a-8038-44a318ea5460@group-581338FFE026: changes role from  FOLLOWER to FOLLOWER at term 5 for candidate:c4880b1a-f63f-4492-a9df-0d04f2bfbd12
2021-08-26 17:32:10,326 [grpc-default-executor-3] INFO  impl.RoleInfo (RoleInfo.java:shutdownFollowerState(108)) - 7ea02771-24eb-4f5a-8038-44a318ea5460: shutdown 7ea02771-24eb-4f5a-8038-44a318ea5460@group-581338FFE026-FollowerState
2021-08-26 17:32:10,333 [grpc-default-executor-3] INFO  impl.RoleInfo (RoleInfo.java:updateAndGet(130)) - 7ea02771-24eb-4f5a-8038-44a318ea5460: start 7ea02771-24eb-4f5a-8038-44a318ea5460@group-581338FFE026-FollowerState
2021-08-26 17:32:10,334 [grpc-default-executor-2] INFO  server.RaftServer$Division (RaftServerImpl.java:requestVote(1075)) - caca0df6-f340-40f9-9fdf-acdee16ce07d@group-581338FFE026 replies to ELECTION vote request: c4880b1a-f63f-4492-a9df-0d04f2bfbd12<-caca0df6-f340-40f9-9fdf-acdee16ce07d#0:FAIL-t5. Peer's state: caca0df6-f340-40f9-9fdf-acdee16ce07d@group-581338FFE026:t5, leader=null, voted=null, raftlog=caca0df6-f340-40f9-9fdf-acdee16ce07d@group-581338FFE026-SegmentedRaftLog:OPENED:c-1,f-1,i0, conf=-1: [c4880b1a-f63f-4492-a9df-0d04f2bfbd12|rpc:10.1.0.42:36835|dataStream:|priority:0, caca0df6-f340-40f9-9fdf-acdee16ce07d|rpc:10.1.0.42:39345|dataStream:|priority:1, 7ea02771-24eb-4f5a-8038-44a318ea5460|rpc:10.1.0.42:37543|dataStream:|priority:0], old=null
2021-08-26 17:32:10,335 [7ea02771-24eb-4f5a-8038-44a318ea5460@group-581338FFE026-FollowerState] INFO  impl.FollowerState (FollowerState.java:run(143)) - 7ea02771-24eb-4f5a-8038-44a318ea5460@group-581338FFE026-FollowerState was interrupted: {}
java.lang.InterruptedException: sleep interrupted
	at java.lang.Thread.sleep(Native Method)
	at java.lang.Thread.sleep(Thread.java:340)
	at java.util.concurrent.TimeUnit.sleep(TimeUnit.java:386)
	at org.apache.ratis.util.TimeDuration.sleep(TimeDuration.java:324)
	at org.apache.ratis.util.TimeDuration.sleep(TimeDuration.java:309)
	at org.apache.ratis.server.impl.FollowerState.run(FollowerState.java:118)
2021-08-26 17:32:10,342 [grpc-default-executor-3] INFO  server.RaftServer$Division (RaftServerImpl.java:requestVote(1075)) - 7ea02771-24eb-4f5a-8038-44a318ea5460@group-581338FFE026 replies to ELECTION vote request: c4880b1a-f63f-4492-a9df-0d04f2bfbd12<-7ea02771-24eb-4f5a-8038-44a318ea5460#0:OK-t5. Peer's state: 7ea02771-24eb-4f5a-8038-44a318ea5460@group-581338FFE026:t5, leader=null, voted=c4880b1a-f63f-4492-a9df-0d04f2bfbd12, raftlog=7ea02771-24eb-4f5a-8038-44a318ea5460@group-581338FFE026-SegmentedRaftLog:OPENED:c-1,f-1,i0, conf=-1: [c4880b1a-f63f-4492-a9df-0d04f2bfbd12|rpc:10.1.0.42:36835|dataStream:|priority:0, caca0df6-f340-40f9-9fdf-acdee16ce07d|rpc:10.1.0.42:39345|dataStream:|priority:1, 7ea02771-24eb-4f5a-8038-44a318ea5460|rpc:10.1.0.42:37543|dataStream:|priority:0], old=null
2021-08-26 17:32:10,342 [c4880b1a-f63f-4492-a9df-0d04f2bfbd12@group-581338FFE026-LeaderElection24] INFO  impl.LeaderElection (LeaderElection.java:logAndReturn(89)) - c4880b1a-f63f-4492-a9df-0d04f2bfbd12@group-581338FFE026-LeaderElection24: ELECTION REJECTED received 1 response(s) and 0 exception(s):
2021-08-26 17:32:10,343 [c4880b1a-f63f-4492-a9df-0d04f2bfbd12@group-581338FFE026-LeaderElection24] INFO  impl.LeaderElection (LeaderElection.java:logAndReturn(93)) -   Response 0: c4880b1a-f63f-4492-a9df-0d04f2bfbd12<-caca0df6-f340-40f9-9fdf-acdee16ce07d#0:FAIL-t5
2021-08-26 17:32:10,343 [c4880b1a-f63f-4492-a9df-0d04f2bfbd12@group-581338FFE026-LeaderElection24] INFO  impl.LeaderElection (LeaderElection.java:askForVotes(308)) - c4880b1a-f63f-4492-a9df-0d04f2bfbd12@group-581338FFE026-LeaderElection24 ELECTION round 0: result REJECTED
2021-08-26 17:32:10,343 [c4880b1a-f63f-4492-a9df-0d04f2bfbd12@group-581338FFE026-LeaderElection24] INFO  server.RaftServer$Division (RaftServerImpl.java:setRole(285)) - c4880b1a-f63f-4492-a9df-0d04f2bfbd12@group-581338FFE026: changes role from CANDIDATE to FOLLOWER at term 5 for REJECTED
2021-08-26 17:32:10,343 [c4880b1a-f63f-4492-a9df-0d04f2bfbd12@group-581338FFE026-LeaderElection24] INFO  impl.RoleInfo (RoleInfo.java:shutdownLeaderElection(121)) - c4880b1a-f63f-4492-a9df-0d04f2bfbd12: shutdown c4880b1a-f63f-4492-a9df-0d04f2bfbd12@group-581338FFE026-LeaderElection24
2021-08-26 17:32:10,343 [c4880b1a-f63f-4492-a9df-0d04f2bfbd12@group-581338FFE026-LeaderElection24] INFO  impl.RoleInfo (RoleInfo.java:updateAndGet(130)) - c4880b1a-f63f-4492-a9df-0d04f2bfbd12: start c4880b1a-f63f-4492-a9df-0d04f2bfbd12@group-581338FFE026-FollowerState
2021-08-26 17:32:10,354 [EventQueue-DeadNodeForDeadNodeHandler] INFO  node.DeadNodeHandler (DeadNodeHandler.java:onMessage(80)) - A dead datanode is detected. 8937ce5d-1b80-47aa-9c38-ca8400d40bb7{ip: 10.1.0.42, host: fv-az122-729.zf1tlrj3kn4expqppa1j4mpycf.xx.internal.cloudapp.net, ports: [REPLICATION=39625, RATIS=36751, RATIS_ADMIN=36751, RATIS_SERVER=36751, STANDALONE=41941], networkLocation: /default-rack, certSerialId: null, persistedOpState: IN_SERVICE, persistedOpStateExpiryEpochSec: 0}
2021-08-26 17:32:10,355 [EventQueue-DeadNodeForDeadNodeHandler] INFO  pipeline.RatisPipelineProvider (RatisPipelineProvider.java:lambda$close$1(222)) - Send pipeline:PipelineID=a37504d4-25a6-4371-9534-68f50b55ee72 close command to datanode 8937ce5d-1b80-47aa-9c38-ca8400d40bb7
2021-08-26 17:32:10,356 [EventQueue-DeadNodeForDeadNodeHandler] INFO  pipeline.PipelineStateManager (PipelineStateManagerV2Impl.java:removePipeline(211)) - Pipeline Pipeline[ Id: a37504d4-25a6-4371-9534-68f50b55ee72, Nodes: 8937ce5d-1b80-47aa-9c38-ca8400d40bb7{ip: 10.1.0.42, host: fv-az122-729.zf1tlrj3kn4expqppa1j4mpycf.xx.internal.cloudapp.net, ports: [REPLICATION=39625, RATIS=36751, RATIS_ADMIN=36751, RATIS_SERVER=36751, STANDALONE=41941], networkLocation: /default-rack, certSerialId: null, persistedOpState: IN_SERVICE, persistedOpStateExpiryEpochSec: 0}, ReplicationConfig: RATIS/ONE, State:CLOSED, leaderId:8937ce5d-1b80-47aa-9c38-ca8400d40bb7, CreationTimestamp2021-08-26T17:31:41.248Z[Etc/UTC]] removed.
2021-08-26 17:32:10,358 [EventQueue-DeadNodeForDeadNodeHandler] INFO  pipeline.RatisPipelineProvider (RatisPipelineProvider.java:lambda$close$1(222)) - Send pipeline:PipelineID=1aabbb7e-a3ac-494e-966c-13d014e1ff78 close command to datanode 648ce8fc-720e-401e-ac80-e1f8bda9cb96
2021-08-26 17:32:10,358 [EventQueue-DeadNodeForDeadNodeHandler] INFO  pipeline.RatisPipelineProvider (RatisPipelineProvider.java:lambda$close$1(222)) - Send pipeline:PipelineID=1aabbb7e-a3ac-494e-966c-13d014e1ff78 close command to datanode 599d22f6-71b6-4f75-a803-0445b42d232b
2021-08-26 17:32:10,358 [EventQueue-DeadNodeForDeadNodeHandler] INFO  pipeline.RatisPipelineProvider (RatisPipelineProvider.java:lambda$close$1(222)) - Send pipeline:PipelineID=1aabbb7e-a3ac-494e-966c-13d014e1ff78 close command to datanode 8937ce5d-1b80-47aa-9c38-ca8400d40bb7
2021-08-26 17:32:10,358 [EventQueue-DeadNodeForDeadNodeHandler] INFO  pipeline.PipelineStateManager (PipelineStateManagerV2Impl.java:removePipeline(211)) - Pipeline Pipeline[ Id: 1aabbb7e-a3ac-494e-966c-13d014e1ff78, Nodes: 648ce8fc-720e-401e-ac80-e1f8bda9cb96{ip: 10.1.0.42, host: fv-az122-729.zf1tlrj3kn4expqppa1j4mpycf.xx.internal.cloudapp.net, ports: [REPLICATION=45165, RATIS=35647, RATIS_ADMIN=35647, RATIS_SERVER=35647, STANDALONE=33527], networkLocation: /default-rack, certSerialId: null, persistedOpState: IN_SERVICE, persistedOpStateExpiryEpochSec: 0}599d22f6-71b6-4f75-a803-0445b42d232b{ip: 10.1.0.42, host: fv-az122-729.zf1tlrj3kn4expqppa1j4mpycf.xx.internal.cloudapp.net, ports: [REPLICATION=36909, RATIS=34993, RATIS_ADMIN=34993, RATIS_SERVER=34993, STANDALONE=41961], networkLocation: /default-rack, certSerialId: null, persistedOpState: IN_SERVICE, persistedOpStateExpiryEpochSec: 0}8937ce5d-1b80-47aa-9c38-ca8400d40bb7{ip: 10.1.0.42, host: fv-az122-729.zf1tlrj3kn4expqppa1j4mpycf.xx.internal.cloudapp.net, ports: [REPLICATION=39625, RATIS=36751, RATIS_ADMIN=36751, RATIS_SERVER=36751, STANDALONE=41941], networkLocation: /default-rack, certSerialId: null, persistedOpState: IN_SERVICE, persistedOpStateExpiryEpochSec: 0}, ReplicationConfig: RATIS/THREE, State:CLOSED, leaderId:648ce8fc-720e-401e-ac80-e1f8bda9cb96, CreationTimestamp2021-08-26T17:31:41.252Z[Etc/UTC]] removed.
2021-08-26 17:32:10,358 [EventQueue-DeadNodeForDeadNodeHandler] INFO  pipeline.RatisPipelineProvider (RatisPipelineProvider.java:lambda$close$1(222)) - Send pipeline:PipelineID=16e4fc05-efaa-4bb7-85d6-6cda7b53cb28 close command to datanode 8937ce5d-1b80-47aa-9c38-ca8400d40bb7
2021-08-26 17:32:10,358 [EventQueue-DeadNodeForDeadNodeHandler] INFO  pipeline.RatisPipelineProvider (RatisPipelineProvider.java:lambda$close$1(222)) - Send pipeline:PipelineID=16e4fc05-efaa-4bb7-85d6-6cda7b53cb28 close command to datanode 648ce8fc-720e-401e-ac80-e1f8bda9cb96
2021-08-26 17:32:10,363 [EventQueue-DeadNodeForDeadNodeHandler] INFO  pipeline.RatisPipelineProvider (RatisPipelineProvider.java:lambda$close$1(222)) - Send pipeline:PipelineID=16e4fc05-efaa-4bb7-85d6-6cda7b53cb28 close command to datanode 599d22f6-71b6-4f75-a803-0445b42d232b
2021-08-26 17:32:10,363 [EventQueue-DeadNodeForDeadNodeHandler] INFO  pipeline.PipelineStateManager (PipelineStateManagerV2Impl.java:removePipeline(211)) - Pipeline Pipeline[ Id: 16e4fc05-efaa-4bb7-85d6-6cda7b53cb28, Nodes: 8937ce5d-1b80-47aa-9c38-ca8400d40bb7{ip: 10.1.0.42, host: fv-az122-729.zf1tlrj3kn4expqppa1j4mpycf.xx.internal.cloudapp.net, ports: [REPLICATION=39625, RATIS=36751, RATIS_ADMIN=36751, RATIS_SERVER=36751, STANDALONE=41941], networkLocation: /default-rack, certSerialId: null, persistedOpState: IN_SERVICE, persistedOpStateExpiryEpochSec: 0}648ce8fc-720e-401e-ac80-e1f8bda9cb96{ip: 10.1.0.42, host: fv-az122-729.zf1tlrj3kn4expqppa1j4mpycf.xx.internal.cloudapp.net, ports: [REPLICATION=45165, RATIS=35647, RATIS_ADMIN=35647, RATIS_SERVER=35647, STANDALONE=33527], networkLocation: /default-rack, certSerialId: null, persistedOpState: IN_SERVICE, persistedOpStateExpiryEpochSec: 0}599d22f6-71b6-4f75-a803-0445b42d232b{ip: 10.1.0.42, host: fv-az122-729.zf1tlrj3kn4expqppa1j4mpycf.xx.internal.cloudapp.net, ports: [REPLICATION=36909, RATIS=34993, RATIS_ADMIN=34993, RATIS_SERVER=34993, STANDALONE=41961], networkLocation: /default-rack, certSerialId: null, persistedOpState: IN_SERVICE, persistedOpStateExpiryEpochSec: 0}, ReplicationConfig: RATIS/THREE, State:CLOSED, leaderId:599d22f6-71b6-4f75-a803-0445b42d232b, CreationTimestamp2021-08-26T17:31:41.255Z[Etc/UTC]] removed.
2021-08-26 17:32:10,366 [EventQueue-DeadNodeForDeadNodeHandler] INFO  net.NetworkTopologyImpl (NetworkTopologyImpl.java:remove(137)) - Removed a node: /default-rack/8937ce5d-1b80-47aa-9c38-ca8400d40bb7
2021-08-26 17:32:12,185 [Command processor thread] INFO  server.RaftServer (RaftServerProxy.java:remove(106)) - 599d22f6-71b6-4f75-a803-0445b42d232b: remove  FOLLOWER 599d22f6-71b6-4f75-a803-0445b42d232b@group-13D014E1FF78:t2, leader=null, voted=599d22f6-71b6-4f75-a803-0445b42d232b, raftlog=599d22f6-71b6-4f75-a803-0445b42d232b@group-13D014E1FF78-SegmentedRaftLog:OPENED:c0,f0,i0, conf=0: [648ce8fc-720e-401e-ac80-e1f8bda9cb96|rpc:10.1.0.42:35647|dataStream:|priority:1, 8937ce5d-1b80-47aa-9c38-ca8400d40bb7|rpc:10.1.0.42:36751|dataStream:|priority:0, 599d22f6-71b6-4f75-a803-0445b42d232b|rpc:10.1.0.42:34993|dataStream:|priority:0], old=null RUNNING
2021-08-26 17:32:12,187 [Command processor thread] INFO  server.RaftServer$Division (RaftServerImpl.java:lambda$close$4(407)) - 599d22f6-71b6-4f75-a803-0445b42d232b@group-13D014E1FF78: shutdown
2021-08-26 17:32:12,188 [Command processor thread] INFO  util.JmxRegister (JmxRegister.java:unregister(73)) - Successfully un-registered JMX Bean with object name Ratis:service=RaftServer,group=group-13D014E1FF78,id=599d22f6-71b6-4f75-a803-0445b42d232b
2021-08-26 17:32:12,188 [Command processor thread] INFO  impl.RoleInfo (RoleInfo.java:shutdownFollowerState(108)) - 599d22f6-71b6-4f75-a803-0445b42d232b: shutdown 599d22f6-71b6-4f75-a803-0445b42d232b@group-13D014E1FF78-FollowerState
2021-08-26 17:32:12,189 [599d22f6-71b6-4f75-a803-0445b42d232b@group-13D014E1FF78-StateMachineUpdater] INFO  ratis.ContainerStateMachine (ContainerStateMachine.java:takeSnapshot(292)) - group-13D014E1FF78: Taking a snapshot at:(t:1, i:0) file /home/runner/work/ozone/ozone/hadoop-ozone/integration-test/target/test-dir/MiniOzoneClusterImpl-daa96565-427e-4fca-a993-08525edc6fa6/datanode-1/data/ratis/1aabbb7e-a3ac-494e-966c-13d014e1ff78/sm/snapshot.1_0
2021-08-26 17:32:12,189 [Command processor thread] INFO  impl.StateMachineUpdater (StateMachineUpdater.java:stopAndJoin(149)) - 599d22f6-71b6-4f75-a803-0445b42d232b@group-13D014E1FF78-StateMachineUpdater: set stopIndex = 0
2021-08-26 17:32:12,189 [599d22f6-71b6-4f75-a803-0445b42d232b@group-13D014E1FF78-FollowerState] INFO  impl.FollowerState (FollowerState.java:run(143)) - 599d22f6-71b6-4f75-a803-0445b42d232b@group-13D014E1FF78-FollowerState was interrupted: {}
java.lang.InterruptedException: sleep interrupted
	at java.lang.Thread.sleep(Native Method)
	at java.lang.Thread.sleep(Thread.java:340)
	at java.util.concurrent.TimeUnit.sleep(TimeUnit.java:386)
	at org.apache.ratis.util.TimeDuration.sleep(TimeDuration.java:324)
	at org.apache.ratis.util.TimeDuration.sleep(TimeDuration.java:309)
	at org.apache.ratis.server.impl.FollowerState.run(FollowerState.java:118)
2021-08-26 17:32:12,190 [599d22f6-71b6-4f75-a803-0445b42d232b@group-13D014E1FF78-StateMachineUpdater] INFO  ratis.ContainerStateMachine (ContainerStateMachine.java:takeSnapshot(303)) - group-13D014E1FF78: Finished taking a snapshot at:(t:1, i:0) file:/home/runner/work/ozone/ozone/hadoop-ozone/integration-test/target/test-dir/MiniOzoneClusterImpl-daa96565-427e-4fca-a993-08525edc6fa6/datanode-1/data/ratis/1aabbb7e-a3ac-494e-966c-13d014e1ff78/sm/snapshot.1_0 took: 1 ms
2021-08-26 17:32:12,190 [599d22f6-71b6-4f75-a803-0445b42d232b@group-13D014E1FF78-StateMachineUpdater] INFO  impl.StateMachineUpdater (StateMachineUpdater.java:takeSnapshot(281)) - 599d22f6-71b6-4f75-a803-0445b42d232b@group-13D014E1FF78-StateMachineUpdater: Took a snapshot at index 0
2021-08-26 17:32:12,191 [599d22f6-71b6-4f75-a803-0445b42d232b@group-13D014E1FF78-StateMachineUpdater] INFO  impl.StateMachineUpdater (StateMachineUpdater.java:lambda$new$0(89)) - 599d22f6-71b6-4f75-a803-0445b42d232b@group-13D014E1FF78-StateMachineUpdater: snapshotIndex: updateIncreasingly -1 -> 0
2021-08-26 17:32:12,192 [Command processor thread] INFO  server.RaftServer$Division (ServerState.java:close(419)) - 599d22f6-71b6-4f75-a803-0445b42d232b@group-13D014E1FF78: closes. applyIndex: 0
2021-08-26 17:32:12,192 [599d22f6-71b6-4f75-a803-0445b42d232b@group-13D014E1FF78-SegmentedRaftLogWorker] INFO  segmented.SegmentedRaftLogWorker (SegmentedRaftLogWorker.java:run(327)) - 599d22f6-71b6-4f75-a803-0445b42d232b@group-13D014E1FF78-SegmentedRaftLogWorker was interrupted, exiting. There are 0 tasks remaining in the queue.
2021-08-26 17:32:12,193 [Command processor thread] INFO  segmented.SegmentedRaftLogWorker (SegmentedRaftLogWorker.java:close(237)) - 599d22f6-71b6-4f75-a803-0445b42d232b@group-13D014E1FF78-SegmentedRaftLogWorker close()
2021-08-26 17:32:12,198 [Command processor thread] INFO  server.RaftServer$Division (RaftServerImpl.java:groupRemove(377)) - 599d22f6-71b6-4f75-a803-0445b42d232b@group-13D014E1FF78: Succeed to remove RaftStorageDirectory Storage Directory /home/runner/work/ozone/ozone/hadoop-ozone/integration-test/target/test-dir/MiniOzoneClusterImpl-daa96565-427e-4fca-a993-08525edc6fa6/datanode-1/data/ratis/1aabbb7e-a3ac-494e-966c-13d014e1ff78
2021-08-26 17:32:12,199 [Command processor thread] INFO  commandhandler.ClosePipelineCommandHandler (ClosePipelineCommandHandler.java:handle(75)) - Close Pipeline PipelineID=1aabbb7e-a3ac-494e-966c-13d014e1ff78 command on datanode 599d22f6-71b6-4f75-a803-0445b42d232b.
2021-08-26 17:32:12,199 [Command processor thread] INFO  server.RaftServer (RaftServerProxy.java:remove(106)) - 599d22f6-71b6-4f75-a803-0445b42d232b: remove  FOLLOWER 599d22f6-71b6-4f75-a803-0445b42d232b@group-6CDA7B53CB28:t1, leader=599d22f6-71b6-4f75-a803-0445b42d232b, voted=599d22f6-71b6-4f75-a803-0445b42d232b, raftlog=599d22f6-71b6-4f75-a803-0445b42d232b@group-6CDA7B53CB28-SegmentedRaftLog:OPENED:c18,f18,i18, conf=0: [648ce8fc-720e-401e-ac80-e1f8bda9cb96|rpc:10.1.0.42:35647|dataStream:|priority:0, 8937ce5d-1b80-47aa-9c38-ca8400d40bb7|rpc:10.1.0.42:36751|dataStream:|priority:0, 599d22f6-71b6-4f75-a803-0445b42d232b|rpc:10.1.0.42:34993|dataStream:|priority:1], old=null RUNNING
2021-08-26 17:32:12,199 [Command processor thread] INFO  server.RaftServer$Division (RaftServerImpl.java:lambda$close$4(407)) - 599d22f6-71b6-4f75-a803-0445b42d232b@group-6CDA7B53CB28: shutdown
2021-08-26 17:32:12,200 [Command processor thread] INFO  util.JmxRegister (JmxRegister.java:unregister(73)) - Successfully un-registered JMX Bean with object name Ratis:service=RaftServer,group=group-6CDA7B53CB28,id=599d22f6-71b6-4f75-a803-0445b42d232b
2021-08-26 17:32:12,200 [Command processor thread] INFO  impl.RoleInfo (RoleInfo.java:shutdownFollowerState(108)) - 599d22f6-71b6-4f75-a803-0445b42d232b: shutdown 599d22f6-71b6-4f75-a803-0445b42d232b@group-6CDA7B53CB28-FollowerState
2021-08-26 17:32:12,200 [599d22f6-71b6-4f75-a803-0445b42d232b@group-6CDA7B53CB28-StateMachineUpdater] INFO  ratis.ContainerStateMachine (ContainerStateMachine.java:takeSnapshot(292)) - group-6CDA7B53CB28: Taking a snapshot at:(t:1, i:18) file /home/runner/work/ozone/ozone/hadoop-ozone/integration-test/target/test-dir/MiniOzoneClusterImpl-daa96565-427e-4fca-a993-08525edc6fa6/datanode-1/data/ratis/16e4fc05-efaa-4bb7-85d6-6cda7b53cb28/sm/snapshot.1_18
2021-08-26 17:32:12,200 [599d22f6-71b6-4f75-a803-0445b42d232b@group-6CDA7B53CB28-FollowerState] INFO  impl.FollowerState (FollowerState.java:run(143)) - 599d22f6-71b6-4f75-a803-0445b42d232b@group-6CDA7B53CB28-FollowerState was interrupted: {}
java.lang.InterruptedException: sleep interrupted
	at java.lang.Thread.sleep(Native Method)
	at java.lang.Thread.sleep(Thread.java:340)
	at java.util.concurrent.TimeUnit.sleep(TimeUnit.java:386)
	at org.apache.ratis.util.TimeDuration.sleep(TimeDuration.java:324)
	at org.apache.ratis.util.TimeDuration.sleep(TimeDuration.java:309)
	at org.apache.ratis.server.impl.FollowerState.run(FollowerState.java:118)
2021-08-26 17:32:12,205 [Command processor thread] INFO  impl.StateMachineUpdater (StateMachineUpdater.java:stopAndJoin(149)) - 599d22f6-71b6-4f75-a803-0445b42d232b@group-6CDA7B53CB28-StateMachineUpdater: set stopIndex = 18
2021-08-26 17:32:12,206 [599d22f6-71b6-4f75-a803-0445b42d232b@group-6CDA7B53CB28-StateMachineUpdater] INFO  ratis.ContainerStateMachine (ContainerStateMachine.java:takeSnapshot(303)) - group-6CDA7B53CB28: Finished taking a snapshot at:(t:1, i:18) file:/home/runner/work/ozone/ozone/hadoop-ozone/integration-test/target/test-dir/MiniOzoneClusterImpl-daa96565-427e-4fca-a993-08525edc6fa6/datanode-1/data/ratis/16e4fc05-efaa-4bb7-85d6-6cda7b53cb28/sm/snapshot.1_18 took: 5 ms
2021-08-26 17:32:12,207 [599d22f6-71b6-4f75-a803-0445b42d232b@group-6CDA7B53CB28-StateMachineUpdater] INFO  impl.StateMachineUpdater (StateMachineUpdater.java:takeSnapshot(281)) - 599d22f6-71b6-4f75-a803-0445b42d232b@group-6CDA7B53CB28-StateMachineUpdater: Took a snapshot at index 18
2021-08-26 17:32:12,208 [599d22f6-71b6-4f75-a803-0445b42d232b@group-6CDA7B53CB28-StateMachineUpdater] INFO  impl.StateMachineUpdater (StateMachineUpdater.java:lambda$new$0(89)) - 599d22f6-71b6-4f75-a803-0445b42d232b@group-6CDA7B53CB28-StateMachineUpdater: snapshotIndex: updateIncreasingly -1 -> 18
2021-08-26 17:32:12,209 [Command processor thread] INFO  server.RaftServer$Division (ServerState.java:close(419)) - 599d22f6-71b6-4f75-a803-0445b42d232b@group-6CDA7B53CB28: closes. applyIndex: 18
2021-08-26 17:32:12,210 [599d22f6-71b6-4f75-a803-0445b42d232b@group-6CDA7B53CB28-SegmentedRaftLogWorker] INFO  segmented.SegmentedRaftLogWorker (SegmentedRaftLogWorker.java:run(327)) - 599d22f6-71b6-4f75-a803-0445b42d232b@group-6CDA7B53CB28-SegmentedRaftLogWorker was interrupted, exiting. There are 0 tasks remaining in the queue.
2021-08-26 17:32:12,211 [Command processor thread] INFO  segmented.SegmentedRaftLogWorker (SegmentedRaftLogWorker.java:close(237)) - 599d22f6-71b6-4f75-a803-0445b42d232b@group-6CDA7B53CB28-SegmentedRaftLogWorker close()
2021-08-26 17:32:12,214 [Command processor thread] INFO  server.RaftServer$Division (RaftServerImpl.java:groupRemove(377)) - 599d22f6-71b6-4f75-a803-0445b42d232b@group-6CDA7B53CB28: Succeed to remove RaftStorageDirectory Storage Directory /home/runner/work/ozone/ozone/hadoop-ozone/integration-test/target/test-dir/MiniOzoneClusterImpl-daa96565-427e-4fca-a993-08525edc6fa6/datanode-1/data/ratis/16e4fc05-efaa-4bb7-85d6-6cda7b53cb28
2021-08-26 17:32:12,214 [Command processor thread] INFO  commandhandler.ClosePipelineCommandHandler (ClosePipelineCommandHandler.java:handle(75)) - Close Pipeline PipelineID=16e4fc05-efaa-4bb7-85d6-6cda7b53cb28 command on datanode 599d22f6-71b6-4f75-a803-0445b42d232b.
2021-08-26 17:32:14,160 [65be39c6-5763-4636-a9b6-aaf36d3fe099@group-3D642AF02082-FollowerState] INFO  impl.FollowerState (FollowerState.java:run(134)) - 65be39c6-5763-4636-a9b6-aaf36d3fe099@group-3D642AF02082-FollowerState: change to CANDIDATE, lastRpcElapsedTime:5007618646ns, electionTimeout:5005ms
2021-08-26 17:32:14,160 [65be39c6-5763-4636-a9b6-aaf36d3fe099@group-3D642AF02082-FollowerState] INFO  impl.RoleInfo (RoleInfo.java:shutdownFollowerState(108)) - 65be39c6-5763-4636-a9b6-aaf36d3fe099: shutdown 65be39c6-5763-4636-a9b6-aaf36d3fe099@group-3D642AF02082-FollowerState
2021-08-26 17:32:14,160 [65be39c6-5763-4636-a9b6-aaf36d3fe099@group-3D642AF02082-FollowerState] INFO  server.RaftServer$Division (RaftServerImpl.java:setRole(285)) - 65be39c6-5763-4636-a9b6-aaf36d3fe099@group-3D642AF02082: changes role from  FOLLOWER to CANDIDATE at term 0 for changeToCandidate
2021-08-26 17:32:14,160 [65be39c6-5763-4636-a9b6-aaf36d3fe099@group-3D642AF02082-FollowerState] INFO  server.RaftServerConfigKeys (ConfUtils.java:logGet(44)) - raft.server.leaderelection.pre-vote = false (custom)
2021-08-26 17:32:14,160 [65be39c6-5763-4636-a9b6-aaf36d3fe099@group-3D642AF02082-FollowerState] INFO  impl.RoleInfo (RoleInfo.java:updateAndGet(130)) - 65be39c6-5763-4636-a9b6-aaf36d3fe099: start 65be39c6-5763-4636-a9b6-aaf36d3fe099@group-3D642AF02082-LeaderElection25
2021-08-26 17:32:14,172 [65be39c6-5763-4636-a9b6-aaf36d3fe099@group-3D642AF02082-LeaderElection25] INFO  impl.LeaderElection (LeaderElection.java:askForVotes(306)) - 65be39c6-5763-4636-a9b6-aaf36d3fe099@group-3D642AF02082-LeaderElection25 ELECTION round 0: submit vote requests at term 1 for -1: [648ce8fc-720e-401e-ac80-e1f8bda9cb96|rpc:10.1.0.42:35647|priority:1, 65be39c6-5763-4636-a9b6-aaf36d3fe099|rpc:10.1.0.42:44293|priority:0, 599d22f6-71b6-4f75-a803-0445b42d232b|rpc:10.1.0.42:34993|priority:0], old=null
2021-08-26 17:32:14,194 [65be39c6-5763-4636-a9b6-aaf36d3fe099@group-3D642AF02082-LeaderElection25] INFO  impl.LeaderElection (LogUtils.java:infoOrTrace(137)) - 65be39c6-5763-4636-a9b6-aaf36d3fe099@group-3D642AF02082-LeaderElection25 got exception when requesting votes: java.util.concurrent.ExecutionException: org.apache.ratis.thirdparty.io.grpc.StatusRuntimeException: UNAVAILABLE: io exception
2021-08-26 17:32:14,200 [grpc-default-executor-2] INFO  server.RaftServer$Division (RaftServerImpl.java:requestVote(1043)) - 599d22f6-71b6-4f75-a803-0445b42d232b@group-3D642AF02082: receive requestVote(ELECTION, 65be39c6-5763-4636-a9b6-aaf36d3fe099, group-3D642AF02082, 1, (t:0, i:0))
2021-08-26 17:32:14,201 [grpc-default-executor-2] INFO  impl.VoteContext (VoteContext.java:log(48)) - 599d22f6-71b6-4f75-a803-0445b42d232b@group-3D642AF02082-FOLLOWER: accept ELECTION from 65be39c6-5763-4636-a9b6-aaf36d3fe099: our priority 0 <= candidate's priority 0
2021-08-26 17:32:14,201 [grpc-default-executor-2] INFO  server.RaftServer$Division (RaftServerImpl.java:setRole(285)) - 599d22f6-71b6-4f75-a803-0445b42d232b@group-3D642AF02082: changes role from  FOLLOWER to FOLLOWER at term 1 for candidate:65be39c6-5763-4636-a9b6-aaf36d3fe099
2021-08-26 17:32:14,201 [grpc-default-executor-2] INFO  impl.RoleInfo (RoleInfo.java:shutdownFollowerState(108)) - 599d22f6-71b6-4f75-a803-0445b42d232b: shutdown 599d22f6-71b6-4f75-a803-0445b42d232b@group-3D642AF02082-FollowerState
2021-08-26 17:32:14,201 [grpc-default-executor-2] INFO  impl.RoleInfo (RoleInfo.java:updateAndGet(130)) - 599d22f6-71b6-4f75-a803-0445b42d232b: start 599d22f6-71b6-4f75-a803-0445b42d232b@group-3D642AF02082-FollowerState
2021-08-26 17:32:14,201 [599d22f6-71b6-4f75-a803-0445b42d232b@group-3D642AF02082-FollowerState] INFO  impl.FollowerState (FollowerState.java:run(143)) - 599d22f6-71b6-4f75-a803-0445b42d232b@group-3D642AF02082-FollowerState was interrupted: {}
java.lang.InterruptedException: sleep interrupted
	at java.lang.Thread.sleep(Native Method)
	at java.lang.Thread.sleep(Thread.java:340)
	at java.util.concurrent.TimeUnit.sleep(TimeUnit.java:386)
	at org.apache.ratis.util.TimeDuration.sleep(TimeDuration.java:324)
	at org.apache.ratis.util.TimeDuration.sleep(TimeDuration.java:309)
	at org.apache.ratis.server.impl.FollowerState.run(FollowerState.java:118)
2021-08-26 17:32:14,203 [grpc-default-executor-2] INFO  server.RaftServer$Division (RaftServerImpl.java:requestVote(1075)) - 599d22f6-71b6-4f75-a803-0445b42d232b@group-3D642AF02082 replies to ELECTION vote request: 65be39c6-5763-4636-a9b6-aaf36d3fe099<-599d22f6-71b6-4f75-a803-0445b42d232b#0:OK-t1. Peer's state: 599d22f6-71b6-4f75-a803-0445b42d232b@group-3D642AF02082:t1, leader=null, voted=65be39c6-5763-4636-a9b6-aaf36d3fe099, raftlog=599d22f6-71b6-4f75-a803-0445b42d232b@group-3D642AF02082-SegmentedRaftLog:OPENED:c-1,f-1,i0, conf=-1: [648ce8fc-720e-401e-ac80-e1f8bda9cb96|rpc:10.1.0.42:35647|dataStream:|priority:1, 65be39c6-5763-4636-a9b6-aaf36d3fe099|rpc:10.1.0.42:44293|dataStream:|priority:0, 599d22f6-71b6-4f75-a803-0445b42d232b|rpc:10.1.0.42:34993|dataStream:|priority:0], old=null
2021-08-26 17:32:14,206 [65be39c6-5763-4636-a9b6-aaf36d3fe099@group-3D642AF02082-LeaderElection25] INFO  impl.LeaderElection (LeaderElection.java:logAndReturn(89)) - 65be39c6-5763-4636-a9b6-aaf36d3fe099@group-3D642AF02082-LeaderElection25: ELECTION PASSED received 1 response(s) and 1 exception(s):
2021-08-26 17:32:14,206 [65be39c6-5763-4636-a9b6-aaf36d3fe099@group-3D642AF02082-LeaderElection25] INFO  impl.LeaderElection (LeaderElection.java:logAndReturn(93)) -   Response 0: 65be39c6-5763-4636-a9b6-aaf36d3fe099<-599d22f6-71b6-4f75-a803-0445b42d232b#0:OK-t1
2021-08-26 17:32:14,206 [65be39c6-5763-4636-a9b6-aaf36d3fe099@group-3D642AF02082-LeaderElection25] INFO  impl.LeaderElection (LogUtils.java:infoOrTrace(137)) -   Exception 1: java.util.concurrent.ExecutionException: org.apache.ratis.thirdparty.io.grpc.StatusRuntimeException: UNAVAILABLE: io exception
2021-08-26 17:32:14,206 [65be39c6-5763-4636-a9b6-aaf36d3fe099@group-3D642AF02082-LeaderElection25] INFO  impl.LeaderElection (LeaderElection.java:askForVotes(308)) - 65be39c6-5763-4636-a9b6-aaf36d3fe099@group-3D642AF02082-LeaderElection25 ELECTION round 0: result PASSED
2021-08-26 17:32:14,206 [65be39c6-5763-4636-a9b6-aaf36d3fe099@group-3D642AF02082-LeaderElection25] INFO  impl.RoleInfo (RoleInfo.java:shutdownLeaderElection(121)) - 65be39c6-5763-4636-a9b6-aaf36d3fe099: shutdown 65be39c6-5763-4636-a9b6-aaf36d3fe099@group-3D642AF02082-LeaderElection25
2021-08-26 17:32:14,207 [65be39c6-5763-4636-a9b6-aaf36d3fe099@group-3D642AF02082-LeaderElection25] INFO  server.RaftServer$Division (RaftServerImpl.java:setRole(285)) - 65be39c6-5763-4636-a9b6-aaf36d3fe099@group-3D642AF02082: changes role from CANDIDATE to LEADER at term 1 for changeToLeader
2021-08-26 17:32:14,207 [65be39c6-5763-4636-a9b6-aaf36d3fe099@group-3D642AF02082-LeaderElection25] INFO  ratis.XceiverServerRatis (XceiverServerRatis.java:handleLeaderChangedNotification(861)) - Leader change notification received for group: group-3D642AF02082 with new leaderId: 65be39c6-5763-4636-a9b6-aaf36d3fe099
2021-08-26 17:32:14,207 [65be39c6-5763-4636-a9b6-aaf36d3fe099@group-3D642AF02082-LeaderElection25] INFO  server.RaftServer$Division (ServerState.java:setLeader(285)) - 65be39c6-5763-4636-a9b6-aaf36d3fe099@group-3D642AF02082: change Leader from null to 65be39c6-5763-4636-a9b6-aaf36d3fe099 at term 1 for becomeLeader, leader elected after 5079ms
2021-08-26 17:32:14,207 [65be39c6-5763-4636-a9b6-aaf36d3fe099@group-3D642AF02082-LeaderElection25] INFO  server.RaftServerConfigKeys (ConfUtils.java:logGet(44)) - raft.server.staging.catchup.gap = 1000 (default)
2021-08-26 17:32:14,207 [65be39c6-5763-4636-a9b6-aaf36d3fe099@group-3D642AF02082-LeaderElection25] INFO  server.RaftServerConfigKeys (ConfUtils.java:logGet(44)) - raft.server.write.element-limit = 1024 (custom)
2021-08-26 17:32:14,207 [65be39c6-5763-4636-a9b6-aaf36d3fe099@group-3D642AF02082-LeaderElection25] INFO  server.RaftServerConfigKeys (ConfUtils.java:logGet(44)) - raft.server.write.byte-limit = 1024 M (=1073741824) (custom)
2021-08-26 17:32:14,208 [65be39c6-5763-4636-a9b6-aaf36d3fe099@group-3D642AF02082-LeaderElection25] INFO  server.RaftServerConfigKeys (ConfUtils.java:logGet(44)) - raft.server.watch.timeout = 3000ms (custom)
2021-08-26 17:32:14,208 [65be39c6-5763-4636-a9b6-aaf36d3fe099@group-3D642AF02082-LeaderElection25] INFO  server.RaftServerConfigKeys (ConfUtils.java:logGet(44)) - raft.server.watch.timeout.denomination = 1s (default)
2021-08-26 17:32:14,208 [65be39c6-5763-4636-a9b6-aaf36d3fe099@group-3D642AF02082-LeaderElection25] INFO  server.RaftServerConfigKeys (ConfUtils.java:logGet(44)) - raft.server.watch.element-limit = 65536 (default)
2021-08-26 17:32:14,208 [65be39c6-5763-4636-a9b6-aaf36d3fe099@group-3D642AF02082-LeaderElection25] INFO  server.RaftServerConfigKeys (ConfUtils.java:logGet(44)) - raft.server.log.appender.snapshot.chunk.size.max = 16MB (=16777216) (default)
2021-08-26 17:32:14,208 [65be39c6-5763-4636-a9b6-aaf36d3fe099@group-3D642AF02082-LeaderElection25] INFO  server.RaftServerConfigKeys (ConfUtils.java:logGet(44)) - raft.server.log.appender.buffer.byte-limit = 33554432 (custom)
2021-08-26 17:32:14,208 [65be39c6-5763-4636-a9b6-aaf36d3fe099@group-3D642AF02082-LeaderElection25] INFO  server.RaftServerConfigKeys (ConfUtils.java:logGet(44)) - raft.server.log.appender.buffer.element-limit = 1 (custom)
2021-08-26 17:32:14,208 [65be39c6-5763-4636-a9b6-aaf36d3fe099@group-3D642AF02082-LeaderElection25] INFO  grpc.GrpcConfigKeys (ConfUtils.java:logGet(44)) - raft.grpc.server.leader.outstanding.appends.max = 128 (default)
2021-08-26 17:32:14,208 [65be39c6-5763-4636-a9b6-aaf36d3fe099@group-3D642AF02082-LeaderElection25] INFO  server.RaftServerConfigKeys (ConfUtils.java:logGet(44)) - raft.server.rpc.request.timeout = 3000ms (default)
2021-08-26 17:32:14,208 [65be39c6-5763-4636-a9b6-aaf36d3fe099@group-3D642AF02082-LeaderElection25] INFO  server.RaftServerConfigKeys (ConfUtils.java:logGet(44)) - raft.server.log.appender.install.snapshot.enabled = false (custom)
2021-08-26 17:32:14,209 [65be39c6-5763-4636-a9b6-aaf36d3fe099@group-3D642AF02082-LeaderElection25] INFO  server.RaftServerConfigKeys (ConfUtils.java:logGet(44)) - raft.server.log.appender.snapshot.chunk.size.max = 16MB (=16777216) (default)
2021-08-26 17:32:14,209 [65be39c6-5763-4636-a9b6-aaf36d3fe099@group-3D642AF02082-LeaderElection25] INFO  server.RaftServerConfigKeys (ConfUtils.java:logGet(44)) - raft.server.log.appender.buffer.byte-limit = 33554432 (custom)
2021-08-26 17:32:14,209 [65be39c6-5763-4636-a9b6-aaf36d3fe099@group-3D642AF02082-LeaderElection25] INFO  server.RaftServerConfigKeys (ConfUtils.java:logGet(44)) - raft.server.log.appender.buffer.element-limit = 1 (custom)
2021-08-26 17:32:14,209 [65be39c6-5763-4636-a9b6-aaf36d3fe099@group-3D642AF02082-LeaderElection25] INFO  grpc.GrpcConfigKeys (ConfUtils.java:logGet(44)) - raft.grpc.server.leader.outstanding.appends.max = 128 (default)
2021-08-26 17:32:14,209 [65be39c6-5763-4636-a9b6-aaf36d3fe099@group-3D642AF02082-LeaderElection25] INFO  server.RaftServerConfigKeys (ConfUtils.java:logGet(44)) - raft.server.rpc.request.timeout = 3000ms (default)
2021-08-26 17:32:14,209 [65be39c6-5763-4636-a9b6-aaf36d3fe099@group-3D642AF02082-LeaderElection25] INFO  server.RaftServerConfigKeys (ConfUtils.java:logGet(44)) - raft.server.log.appender.install.snapshot.enabled = false (custom)
2021-08-26 17:32:14,210 [65be39c6-5763-4636-a9b6-aaf36d3fe099@group-3D642AF02082-LeaderElection25] INFO  impl.RoleInfo (RoleInfo.java:updateAndGet(130)) - 65be39c6-5763-4636-a9b6-aaf36d3fe099: start 65be39c6-5763-4636-a9b6-aaf36d3fe099@group-3D642AF02082-LeaderStateImpl
2021-08-26 17:32:14,210 [65be39c6-5763-4636-a9b6-aaf36d3fe099@group-3D642AF02082-LeaderElection25] INFO  segmented.SegmentedRaftLogWorker (SegmentedRaftLogWorker.java:startLogSegment(394)) - 65be39c6-5763-4636-a9b6-aaf36d3fe099@group-3D642AF02082-SegmentedRaftLogWorker: Starting segment from index:0
2021-08-26 17:32:14,211 [Datanode State Machine Thread - 0] WARN  statemachine.StateContext (StateContext.java:execute(621)) - No available thread in pool for past 1 seconds.
2021-08-26 17:32:14,212 [65be39c6-5763-4636-a9b6-aaf36d3fe099@group-3D642AF02082-SegmentedRaftLogWorker] INFO  segmented.SegmentedRaftLogWorker (SegmentedRaftLogWorker.java:execute(601)) - 65be39c6-5763-4636-a9b6-aaf36d3fe099@group-3D642AF02082-SegmentedRaftLogWorker: created new log segment /home/runner/work/ozone/ozone/hadoop-ozone/integration-test/target/test-dir/MiniOzoneClusterImpl-daa96565-427e-4fca-a993-08525edc6fa6/datanode-6/data/ratis/24500981-3e75-4b3a-860b-3d642af02082/current/log_inprogress_0
2021-08-26 17:32:14,221 [grpc-default-executor-2] WARN  server.GrpcLogAppender (LogUtils.java:warn(122)) - 65be39c6-5763-4636-a9b6-aaf36d3fe099@group-3D642AF02082->648ce8fc-720e-401e-ac80-e1f8bda9cb96-AppendLogResponseHandler: Failed appendEntries: org.apache.ratis.thirdparty.io.grpc.StatusRuntimeException: UNAVAILABLE: io exception
2021-08-26 17:32:14,232 [grpc-default-executor-2] WARN  server.GrpcLogAppender (GrpcLogAppender.java:resetClient(111)) - 65be39c6-5763-4636-a9b6-aaf36d3fe099@group-3D642AF02082->648ce8fc-720e-401e-ac80-e1f8bda9cb96-GrpcLogAppender: Leader has not got in touch with Follower 65be39c6-5763-4636-a9b6-aaf36d3fe099@group-3D642AF02082->648ce8fc-720e-401e-ac80-e1f8bda9cb96(c-1,m0,n1, attendVote=true, lastRpcSendTime=10, lastRpcResponseTime=5223) yet, just keep nextIndex unchanged and retry.
2021-08-26 17:32:14,239 [65be39c6-5763-4636-a9b6-aaf36d3fe099@group-3D642AF02082-LeaderElection25] INFO  server.RaftServer$Division (ServerState.java:setRaftConf(387)) - 65be39c6-5763-4636-a9b6-aaf36d3fe099@group-3D642AF02082: set configuration 0: [648ce8fc-720e-401e-ac80-e1f8bda9cb96|rpc:10.1.0.42:35647|dataStream:|priority:1, 65be39c6-5763-4636-a9b6-aaf36d3fe099|rpc:10.1.0.42:44293|dataStream:|priority:0, 599d22f6-71b6-4f75-a803-0445b42d232b|rpc:10.1.0.42:34993|dataStream:|priority:0], old=null
2021-08-26 17:32:14,246 [grpc-default-executor-2] INFO  ratis.XceiverServerRatis (XceiverServerRatis.java:handleLeaderChangedNotification(861)) - Leader change notification received for group: group-3D642AF02082 with new leaderId: 65be39c6-5763-4636-a9b6-aaf36d3fe099
2021-08-26 17:32:14,246 [grpc-default-executor-2] INFO  server.RaftServer$Division (ServerState.java:setLeader(285)) - 599d22f6-71b6-4f75-a803-0445b42d232b@group-3D642AF02082: change Leader from null to 65be39c6-5763-4636-a9b6-aaf36d3fe099 at term 1 for appendEntries, leader elected after 5061ms
2021-08-26 17:32:14,272 [grpc-default-executor-2] INFO  server.RaftServer$Division (ServerState.java:setRaftConf(387)) - 599d22f6-71b6-4f75-a803-0445b42d232b@group-3D642AF02082: set configuration 0: [648ce8fc-720e-401e-ac80-e1f8bda9cb96|rpc:10.1.0.42:35647|dataStream:|priority:1, 65be39c6-5763-4636-a9b6-aaf36d3fe099|rpc:10.1.0.42:44293|dataStream:|priority:0, 599d22f6-71b6-4f75-a803-0445b42d232b|rpc:10.1.0.42:34993|dataStream:|priority:0], old=null
2021-08-26 17:32:14,272 [grpc-default-executor-2] INFO  segmented.SegmentedRaftLogWorker (SegmentedRaftLogWorker.java:startLogSegment(394)) - 599d22f6-71b6-4f75-a803-0445b42d232b@group-3D642AF02082-SegmentedRaftLogWorker: Starting segment from index:0
2021-08-26 17:32:14,283 [599d22f6-71b6-4f75-a803-0445b42d232b@group-3D642AF02082-SegmentedRaftLogWorker] INFO  segmented.SegmentedRaftLogWorker (SegmentedRaftLogWorker.java:execute(601)) - 599d22f6-71b6-4f75-a803-0445b42d232b@group-3D642AF02082-SegmentedRaftLogWorker: created new log segment /home/runner/work/ozone/ozone/hadoop-ozone/integration-test/target/test-dir/MiniOzoneClusterImpl-daa96565-427e-4fca-a993-08525edc6fa6/datanode-1/data/ratis/24500981-3e75-4b3a-860b-3d642af02082/current/log_inprogress_0
2021-08-26 17:32:15,420 [caca0df6-f340-40f9-9fdf-acdee16ce07d@group-581338FFE026-FollowerState] INFO  impl.FollowerState (FollowerState.java:run(134)) - caca0df6-f340-40f9-9fdf-acdee16ce07d@group-581338FFE026-FollowerState: change to CANDIDATE, lastRpcElapsedTime:5098822283ns, electionTimeout:5085ms
2021-08-26 17:32:15,421 [caca0df6-f340-40f9-9fdf-acdee16ce07d@group-581338FFE026-FollowerState] INFO  impl.RoleInfo (RoleInfo.java:shutdownFollowerState(108)) - caca0df6-f340-40f9-9fdf-acdee16ce07d: shutdown caca0df6-f340-40f9-9fdf-acdee16ce07d@group-581338FFE026-FollowerState
2021-08-26 17:32:15,421 [caca0df6-f340-40f9-9fdf-acdee16ce07d@group-581338FFE026-FollowerState] INFO  server.RaftServer$Division (RaftServerImpl.java:setRole(285)) - caca0df6-f340-40f9-9fdf-acdee16ce07d@group-581338FFE026: changes role from  FOLLOWER to CANDIDATE at term 5 for changeToCandidate
2021-08-26 17:32:15,421 [caca0df6-f340-40f9-9fdf-acdee16ce07d@group-581338FFE026-FollowerState] INFO  server.RaftServerConfigKeys (ConfUtils.java:logGet(44)) - raft.server.leaderelection.pre-vote = false (custom)
2021-08-26 17:32:15,421 [caca0df6-f340-40f9-9fdf-acdee16ce07d@group-581338FFE026-FollowerState] INFO  impl.RoleInfo (RoleInfo.java:updateAndGet(130)) - caca0df6-f340-40f9-9fdf-acdee16ce07d: start caca0df6-f340-40f9-9fdf-acdee16ce07d@group-581338FFE026-LeaderElection26
2021-08-26 17:32:15,435 [caca0df6-f340-40f9-9fdf-acdee16ce07d@group-581338FFE026-LeaderElection26] INFO  impl.LeaderElection (LeaderElection.java:askForVotes(306)) - caca0df6-f340-40f9-9fdf-acdee16ce07d@group-581338FFE026-LeaderElection26 ELECTION round 0: submit vote requests at term 6 for -1: [c4880b1a-f63f-4492-a9df-0d04f2bfbd12|rpc:10.1.0.42:36835|dataStream:|priority:0, caca0df6-f340-40f9-9fdf-acdee16ce07d|rpc:10.1.0.42:39345|dataStream:|priority:1, 7ea02771-24eb-4f5a-8038-44a318ea5460|rpc:10.1.0.42:37543|dataStream:|priority:0], old=null
2021-08-26 17:32:15,440 [c4880b1a-f63f-4492-a9df-0d04f2bfbd12@group-581338FFE026-FollowerState] INFO  impl.FollowerState (FollowerState.java:run(134)) - c4880b1a-f63f-4492-a9df-0d04f2bfbd12@group-581338FFE026-FollowerState: change to CANDIDATE, lastRpcElapsedTime:5097242382ns, electionTimeout:5089ms
2021-08-26 17:32:15,440 [c4880b1a-f63f-4492-a9df-0d04f2bfbd12@group-581338FFE026-FollowerState] INFO  impl.RoleInfo (RoleInfo.java:shutdownFollowerState(108)) - c4880b1a-f63f-4492-a9df-0d04f2bfbd12: shutdown c4880b1a-f63f-4492-a9df-0d04f2bfbd12@group-581338FFE026-FollowerState
2021-08-26 17:32:15,440 [c4880b1a-f63f-4492-a9df-0d04f2bfbd12@group-581338FFE026-FollowerState] INFO  server.RaftServer$Division (RaftServerImpl.java:setRole(285)) - c4880b1a-f63f-4492-a9df-0d04f2bfbd12@group-581338FFE026: changes role from  FOLLOWER to CANDIDATE at term 5 for changeToCandidate
2021-08-26 17:32:15,447 [grpc-default-executor-3] INFO  server.RaftServer$Division (RaftServerImpl.java:requestVote(1043)) - c4880b1a-f63f-4492-a9df-0d04f2bfbd12@group-581338FFE026: receive requestVote(ELECTION, caca0df6-f340-40f9-9fdf-acdee16ce07d, group-581338FFE026, 6, (t:0, i:0))
2021-08-26 17:32:15,450 [c4880b1a-f63f-4492-a9df-0d04f2bfbd12@group-581338FFE026-FollowerState] INFO  server.RaftServerConfigKeys (ConfUtils.java:logGet(44)) - raft.server.leaderelection.pre-vote = false (custom)
2021-08-26 17:32:15,450 [c4880b1a-f63f-4492-a9df-0d04f2bfbd12@group-581338FFE026-FollowerState] INFO  impl.RoleInfo (RoleInfo.java:updateAndGet(130)) - c4880b1a-f63f-4492-a9df-0d04f2bfbd12: start c4880b1a-f63f-4492-a9df-0d04f2bfbd12@group-581338FFE026-LeaderElection27
2021-08-26 17:32:15,455 [grpc-default-executor-2] INFO  server.RaftServer$Division (RaftServerImpl.java:requestVote(1043)) - 7ea02771-24eb-4f5a-8038-44a318ea5460@group-581338FFE026: receive requestVote(ELECTION, caca0df6-f340-40f9-9fdf-acdee16ce07d, group-581338FFE026, 6, (t:0, i:0))
2021-08-26 17:32:15,455 [grpc-default-executor-2] INFO  impl.VoteContext (VoteContext.java:log(48)) - 7ea02771-24eb-4f5a-8038-44a318ea5460@group-581338FFE026-FOLLOWER: accept ELECTION from caca0df6-f340-40f9-9fdf-acdee16ce07d: our priority 0 <= candidate's priority 1
2021-08-26 17:32:15,455 [grpc-default-executor-2] INFO  server.RaftServer$Division (RaftServerImpl.java:setRole(285)) - 7ea02771-24eb-4f5a-8038-44a318ea5460@group-581338FFE026: changes role from  FOLLOWER to FOLLOWER at term 6 for candidate:caca0df6-f340-40f9-9fdf-acdee16ce07d
2021-08-26 17:32:15,455 [grpc-default-executor-2] INFO  impl.RoleInfo (RoleInfo.java:shutdownFollowerState(108)) - 7ea02771-24eb-4f5a-8038-44a318ea5460: shutdown 7ea02771-24eb-4f5a-8038-44a318ea5460@group-581338FFE026-FollowerState
2021-08-26 17:32:15,459 [grpc-default-executor-2] INFO  impl.RoleInfo (RoleInfo.java:updateAndGet(130)) - 7ea02771-24eb-4f5a-8038-44a318ea5460: start 7ea02771-24eb-4f5a-8038-44a318ea5460@group-581338FFE026-FollowerState
2021-08-26 17:32:15,460 [grpc-default-executor-3] INFO  impl.VoteContext (VoteContext.java:log(48)) - c4880b1a-f63f-4492-a9df-0d04f2bfbd12@group-581338FFE026-CANDIDATE: accept ELECTION from caca0df6-f340-40f9-9fdf-acdee16ce07d: our priority 0 <= candidate's priority 1
2021-08-26 17:32:15,460 [7ea02771-24eb-4f5a-8038-44a318ea5460@group-581338FFE026-FollowerState] INFO  impl.FollowerState (FollowerState.java:run(143)) - 7ea02771-24eb-4f5a-8038-44a318ea5460@group-581338FFE026-FollowerState was interrupted: {}
java.lang.InterruptedException: sleep interrupted
	at java.lang.Thread.sleep(Native Method)
	at java.lang.Thread.sleep(Thread.java:340)
	at java.util.concurrent.TimeUnit.sleep(TimeUnit.java:386)
	at org.apache.ratis.util.TimeDuration.sleep(TimeDuration.java:324)
	at org.apache.ratis.util.TimeDuration.sleep(TimeDuration.java:309)
	at org.apache.ratis.server.impl.FollowerState.run(FollowerState.java:118)
2021-08-26 17:32:15,460 [grpc-default-executor-3] INFO  server.RaftServer$Division (RaftServerImpl.java:setRole(285)) - c4880b1a-f63f-4492-a9df-0d04f2bfbd12@group-581338FFE026: changes role from CANDIDATE to FOLLOWER at term 6 for candidate:caca0df6-f340-40f9-9fdf-acdee16ce07d
2021-08-26 17:32:15,460 [grpc-default-executor-3] INFO  impl.RoleInfo (RoleInfo.java:shutdownLeaderElection(121)) - c4880b1a-f63f-4492-a9df-0d04f2bfbd12: shutdown c4880b1a-f63f-4492-a9df-0d04f2bfbd12@group-581338FFE026-LeaderElection27
2021-08-26 17:32:15,466 [grpc-default-executor-3] INFO  impl.RoleInfo (RoleInfo.java:updateAndGet(130)) - c4880b1a-f63f-4492-a9df-0d04f2bfbd12: start c4880b1a-f63f-4492-a9df-0d04f2bfbd12@group-581338FFE026-FollowerState
2021-08-26 17:32:15,468 [grpc-default-executor-2] INFO  server.RaftServer$Division (RaftServerImpl.java:requestVote(1075)) - 7ea02771-24eb-4f5a-8038-44a318ea5460@group-581338FFE026 replies to ELECTION vote request: caca0df6-f340-40f9-9fdf-acdee16ce07d<-7ea02771-24eb-4f5a-8038-44a318ea5460#0:OK-t6. Peer's state: 7ea02771-24eb-4f5a-8038-44a318ea5460@group-581338FFE026:t6, leader=null, voted=caca0df6-f340-40f9-9fdf-acdee16ce07d, raftlog=7ea02771-24eb-4f5a-8038-44a318ea5460@group-581338FFE026-SegmentedRaftLog:OPENED:c-1,f-1,i0, conf=-1: [c4880b1a-f63f-4492-a9df-0d04f2bfbd12|rpc:10.1.0.42:36835|dataStream:|priority:0, caca0df6-f340-40f9-9fdf-acdee16ce07d|rpc:10.1.0.42:39345|dataStream:|priority:1, 7ea02771-24eb-4f5a-8038-44a318ea5460|rpc:10.1.0.42:37543|dataStream:|priority:0], old=null
2021-08-26 17:32:15,471 [caca0df6-f340-40f9-9fdf-acdee16ce07d@group-581338FFE026-LeaderElection26] INFO  impl.LeaderElection (LeaderElection.java:logAndReturn(89)) - caca0df6-f340-40f9-9fdf-acdee16ce07d@group-581338FFE026-LeaderElection26: ELECTION PASSED received 1 response(s) and 0 exception(s):
2021-08-26 17:32:15,471 [caca0df6-f340-40f9-9fdf-acdee16ce07d@group-581338FFE026-LeaderElection26] INFO  impl.LeaderElection (LeaderElection.java:logAndReturn(93)) -   Response 0: caca0df6-f340-40f9-9fdf-acdee16ce07d<-7ea02771-24eb-4f5a-8038-44a318ea5460#0:OK-t6
2021-08-26 17:32:15,471 [caca0df6-f340-40f9-9fdf-acdee16ce07d@group-581338FFE026-LeaderElection26] INFO  impl.LeaderElection (LeaderElection.java:askForVotes(308)) - caca0df6-f340-40f9-9fdf-acdee16ce07d@group-581338FFE026-LeaderElection26 ELECTION round 0: result PASSED
2021-08-26 17:32:15,471 [caca0df6-f340-40f9-9fdf-acdee16ce07d@group-581338FFE026-LeaderElection26] INFO  impl.RoleInfo (RoleInfo.java:shutdownLeaderElection(121)) - caca0df6-f340-40f9-9fdf-acdee16ce07d: shutdown caca0df6-f340-40f9-9fdf-acdee16ce07d@group-581338FFE026-LeaderElection26
2021-08-26 17:32:15,471 [caca0df6-f340-40f9-9fdf-acdee16ce07d@group-581338FFE026-LeaderElection26] INFO  server.RaftServer$Division (RaftServerImpl.java:setRole(285)) - caca0df6-f340-40f9-9fdf-acdee16ce07d@group-581338FFE026: changes role from CANDIDATE to LEADER at term 6 for changeToLeader
2021-08-26 17:32:15,471 [caca0df6-f340-40f9-9fdf-acdee16ce07d@group-581338FFE026-LeaderElection26] INFO  ratis.XceiverServerRatis (XceiverServerRatis.java:handleLeaderChangedNotification(861)) - Leader change notification received for group: group-581338FFE026 with new leaderId: caca0df6-f340-40f9-9fdf-acdee16ce07d
2021-08-26 17:32:15,472 [caca0df6-f340-40f9-9fdf-acdee16ce07d@group-581338FFE026-LeaderElection26] INFO  server.RaftServer$Division (ServerState.java:setLeader(285)) - caca0df6-f340-40f9-9fdf-acdee16ce07d@group-581338FFE026: change Leader from null to caca0df6-f340-40f9-9fdf-acdee16ce07d at term 6 for becomeLeader, leader elected after 30791ms
2021-08-26 17:32:15,472 [caca0df6-f340-40f9-9fdf-acdee16ce07d@group-581338FFE026-LeaderElection26] INFO  server.RaftServerConfigKeys (ConfUtils.java:logGet(44)) - raft.server.staging.catchup.gap = 1000 (default)
2021-08-26 17:32:15,472 [caca0df6-f340-40f9-9fdf-acdee16ce07d@group-581338FFE026-LeaderElection26] INFO  server.RaftServerConfigKeys (ConfUtils.java:logGet(44)) - raft.server.write.element-limit = 1024 (custom)
2021-08-26 17:32:15,472 [caca0df6-f340-40f9-9fdf-acdee16ce07d@group-581338FFE026-LeaderElection26] INFO  server.RaftServerConfigKeys (ConfUtils.java:logGet(44)) - raft.server.write.byte-limit = 1024 M (=1073741824) (custom)
2021-08-26 17:32:15,472 [caca0df6-f340-40f9-9fdf-acdee16ce07d@group-581338FFE026-LeaderElection26] INFO  server.RaftServerConfigKeys (ConfUtils.java:logGet(44)) - raft.server.watch.timeout = 3000ms (custom)
2021-08-26 17:32:15,472 [caca0df6-f340-40f9-9fdf-acdee16ce07d@group-581338FFE026-LeaderElection26] INFO  server.RaftServerConfigKeys (ConfUtils.java:logGet(44)) - raft.server.watch.timeout.denomination = 1s (default)
2021-08-26 17:32:15,472 [caca0df6-f340-40f9-9fdf-acdee16ce07d@group-581338FFE026-LeaderElection26] INFO  server.RaftServerConfigKeys (ConfUtils.java:logGet(44)) - raft.server.watch.element-limit = 65536 (default)
2021-08-26 17:32:15,473 [caca0df6-f340-40f9-9fdf-acdee16ce07d@group-581338FFE026-LeaderElection26] INFO  server.RaftServerConfigKeys (ConfUtils.java:logGet(44)) - raft.server.log.appender.snapshot.chunk.size.max = 16MB (=16777216) (default)
2021-08-26 17:32:15,473 [caca0df6-f340-40f9-9fdf-acdee16ce07d@group-581338FFE026-LeaderElection26] INFO  server.RaftServerConfigKeys (ConfUtils.java:logGet(44)) - raft.server.log.appender.buffer.byte-limit = 33554432 (custom)
2021-08-26 17:32:15,473 [caca0df6-f340-40f9-9fdf-acdee16ce07d@group-581338FFE026-LeaderElection26] INFO  server.RaftServerConfigKeys (ConfUtils.java:logGet(44)) - raft.server.log.appender.buffer.element-limit = 1 (custom)
2021-08-26 17:32:15,473 [caca0df6-f340-40f9-9fdf-acdee16ce07d@group-581338FFE026-LeaderElection26] INFO  grpc.GrpcConfigKeys (ConfUtils.java:logGet(44)) - raft.grpc.server.leader.outstanding.appends.max = 128 (default)
2021-08-26 17:32:15,473 [caca0df6-f340-40f9-9fdf-acdee16ce07d@group-581338FFE026-LeaderElection26] INFO  server.RaftServerConfigKeys (ConfUtils.java:logGet(44)) - raft.server.rpc.request.timeout = 3000ms (default)
2021-08-26 17:32:15,473 [caca0df6-f340-40f9-9fdf-acdee16ce07d@group-581338FFE026-LeaderElection26] INFO  server.RaftServerConfigKeys (ConfUtils.java:logGet(44)) - raft.server.log.appender.install.snapshot.enabled = false (custom)
2021-08-26 17:32:15,474 [caca0df6-f340-40f9-9fdf-acdee16ce07d@group-581338FFE026-LeaderElection26] INFO  server.RaftServerConfigKeys (ConfUtils.java:logGet(44)) - raft.server.log.appender.snapshot.chunk.size.max = 16MB (=16777216) (default)
2021-08-26 17:32:15,474 [caca0df6-f340-40f9-9fdf-acdee16ce07d@group-581338FFE026-LeaderElection26] INFO  server.RaftServerConfigKeys (ConfUtils.java:logGet(44)) - raft.server.log.appender.buffer.byte-limit = 33554432 (custom)
2021-08-26 17:32:15,474 [caca0df6-f340-40f9-9fdf-acdee16ce07d@group-581338FFE026-LeaderElection26] INFO  server.RaftServerConfigKeys (ConfUtils.java:logGet(44)) - raft.server.log.appender.buffer.element-limit = 1 (custom)
2021-08-26 17:32:15,474 [caca0df6-f340-40f9-9fdf-acdee16ce07d@group-581338FFE026-LeaderElection26] INFO  grpc.GrpcConfigKeys (ConfUtils.java:logGet(44)) - raft.grpc.server.leader.outstanding.appends.max = 128 (default)
2021-08-26 17:32:15,474 [caca0df6-f340-40f9-9fdf-acdee16ce07d@group-581338FFE026-LeaderElection26] INFO  server.RaftServerConfigKeys (ConfUtils.java:logGet(44)) - raft.server.rpc.request.timeout = 3000ms (default)
2021-08-26 17:32:15,474 [caca0df6-f340-40f9-9fdf-acdee16ce07d@group-581338FFE026-LeaderElection26] INFO  server.RaftServerConfigKeys (ConfUtils.java:logGet(44)) - raft.server.log.appender.install.snapshot.enabled = false (custom)
2021-08-26 17:32:15,476 [grpc-default-executor-3] INFO  server.RaftServer$Division (RaftServerImpl.java:requestVote(1075)) - c4880b1a-f63f-4492-a9df-0d04f2bfbd12@group-581338FFE026 replies to ELECTION vote request: caca0df6-f340-40f9-9fdf-acdee16ce07d<-c4880b1a-f63f-4492-a9df-0d04f2bfbd12#0:OK-t6. Peer's state: c4880b1a-f63f-4492-a9df-0d04f2bfbd12@group-581338FFE026:t6, leader=null, voted=caca0df6-f340-40f9-9fdf-acdee16ce07d, raftlog=c4880b1a-f63f-4492-a9df-0d04f2bfbd12@group-581338FFE026-SegmentedRaftLog:OPENED:c-1,f-1,i0, conf=-1: [c4880b1a-f63f-4492-a9df-0d04f2bfbd12|rpc:10.1.0.42:36835|priority:0, caca0df6-f340-40f9-9fdf-acdee16ce07d|rpc:10.1.0.42:39345|priority:1, 7ea02771-24eb-4f5a-8038-44a318ea5460|rpc:10.1.0.42:37543|priority:0], old=null
2021-08-26 17:32:15,478 [caca0df6-f340-40f9-9fdf-acdee16ce07d@group-581338FFE026-LeaderElection26] INFO  impl.RoleInfo (RoleInfo.java:updateAndGet(130)) - caca0df6-f340-40f9-9fdf-acdee16ce07d: start caca0df6-f340-40f9-9fdf-acdee16ce07d@group-581338FFE026-LeaderStateImpl
2021-08-26 17:32:15,478 [caca0df6-f340-40f9-9fdf-acdee16ce07d@group-581338FFE026-LeaderElection26] INFO  segmented.SegmentedRaftLogWorker (SegmentedRaftLogWorker.java:startLogSegment(394)) - caca0df6-f340-40f9-9fdf-acdee16ce07d@group-581338FFE026-SegmentedRaftLogWorker: Starting segment from index:0
2021-08-26 17:32:15,481 [Datanode State Machine Thread - 0] WARN  statemachine.StateContext (StateContext.java:execute(621)) - No available thread in pool for past 1 seconds.
2021-08-26 17:32:15,480 [EventQueue-PipelineReportForPipelineReportHandler] INFO  pipeline.PipelineManagerImpl (PipelineManagerImpl.java:openPipeline(282)) - Pipeline Pipeline[ Id: 9aeea41a-a5b7-4822-a628-581338ffe026, Nodes: 7ea02771-24eb-4f5a-8038-44a318ea5460{ip: 10.1.0.42, host: fv-az122-729.zf1tlrj3kn4expqppa1j4mpycf.xx.internal.cloudapp.net, ports: [REPLICATION=36479, RATIS=37543, RATIS_ADMIN=37543, RATIS_SERVER=37543, STANDALONE=33905], networkLocation: /default-rack, certSerialId: null, persistedOpState: IN_SERVICE, persistedOpStateExpiryEpochSec: 0}caca0df6-f340-40f9-9fdf-acdee16ce07d{ip: 10.1.0.42, host: fv-az122-729.zf1tlrj3kn4expqppa1j4mpycf.xx.internal.cloudapp.net, ports: [REPLICATION=38841, RATIS=39345, RATIS_ADMIN=39345, RATIS_SERVER=39345, STANDALONE=43837], networkLocation: /default-rack, certSerialId: null, persistedOpState: IN_SERVICE, persistedOpStateExpiryEpochSec: 0}c4880b1a-f63f-4492-a9df-0d04f2bfbd12{ip: 10.1.0.42, host: fv-az122-729.zf1tlrj3kn4expqppa1j4mpycf.xx.internal.cloudapp.net, ports: [REPLICATION=33083, RATIS=36835, RATIS_ADMIN=36835, RATIS_SERVER=36835, STANDALONE=32847], networkLocation: /default-rack, certSerialId: null, persistedOpState: IN_SERVICE, persistedOpStateExpiryEpochSec: 0}, ReplicationConfig: RATIS/THREE, State:ALLOCATED, leaderId:caca0df6-f340-40f9-9fdf-acdee16ce07d, CreationTimestamp2021-08-26T17:31:41.871Z[Etc/UTC]] moved to OPEN state
2021-08-26 17:32:15,485 [caca0df6-f340-40f9-9fdf-acdee16ce07d@group-581338FFE026-SegmentedRaftLogWorker] INFO  segmented.SegmentedRaftLogWorker (SegmentedRaftLogWorker.java:execute(601)) - caca0df6-f340-40f9-9fdf-acdee16ce07d@group-581338FFE026-SegmentedRaftLogWorker: created new log segment /home/runner/work/ozone/ozone/hadoop-ozone/integration-test/target/test-dir/MiniOzoneClusterImpl-daa96565-427e-4fca-a993-08525edc6fa6/datanode-5/data/ratis/9aeea41a-a5b7-4822-a628-581338ffe026/current/log_inprogress_0
2021-08-26 17:32:15,491 [grpc-default-executor-3] INFO  ratis.XceiverServerRatis (XceiverServerRatis.java:handleLeaderChangedNotification(861)) - Leader change notification received for group: group-581338FFE026 with new leaderId: caca0df6-f340-40f9-9fdf-acdee16ce07d
2021-08-26 17:32:15,491 [grpc-default-executor-3] INFO  server.RaftServer$Division (ServerState.java:setLeader(285)) - c4880b1a-f63f-4492-a9df-0d04f2bfbd12@group-581338FFE026: change Leader from null to caca0df6-f340-40f9-9fdf-acdee16ce07d at term 6 for appendEntries, leader elected after 30861ms
2021-08-26 17:32:15,501 [caca0df6-f340-40f9-9fdf-acdee16ce07d@group-581338FFE026-LeaderElection26] INFO  server.RaftServer$Division (ServerState.java:setRaftConf(387)) - caca0df6-f340-40f9-9fdf-acdee16ce07d@group-581338FFE026: set configuration 0: [c4880b1a-f63f-4492-a9df-0d04f2bfbd12|rpc:10.1.0.42:36835|dataStream:|priority:0, caca0df6-f340-40f9-9fdf-acdee16ce07d|rpc:10.1.0.42:39345|dataStream:|priority:1, 7ea02771-24eb-4f5a-8038-44a318ea5460|rpc:10.1.0.42:37543|dataStream:|priority:0], old=null
2021-08-26 17:32:15,508 [grpc-default-executor-3] INFO  server.RaftServer$Division (ServerState.java:setRaftConf(387)) - c4880b1a-f63f-4492-a9df-0d04f2bfbd12@group-581338FFE026: set configuration 0: [c4880b1a-f63f-4492-a9df-0d04f2bfbd12|rpc:10.1.0.42:36835|dataStream:|priority:0, caca0df6-f340-40f9-9fdf-acdee16ce07d|rpc:10.1.0.42:39345|dataStream:|priority:1, 7ea02771-24eb-4f5a-8038-44a318ea5460|rpc:10.1.0.42:37543|dataStream:|priority:0], old=null
2021-08-26 17:32:15,511 [grpc-default-executor-1] INFO  ratis.XceiverServerRatis (XceiverServerRatis.java:handleLeaderChangedNotification(861)) - Leader change notification received for group: group-581338FFE026 with new leaderId: caca0df6-f340-40f9-9fdf-acdee16ce07d
2021-08-26 17:32:15,511 [grpc-default-executor-1] INFO  server.RaftServer$Division (ServerState.java:setLeader(285)) - 7ea02771-24eb-4f5a-8038-44a318ea5460@group-581338FFE026: change Leader from null to caca0df6-f340-40f9-9fdf-acdee16ce07d at term 6 for appendEntries, leader elected after 30852ms
2021-08-26 17:32:15,513 [grpc-default-executor-3] INFO  segmented.SegmentedRaftLogWorker (SegmentedRaftLogWorker.java:startLogSegment(394)) - c4880b1a-f63f-4492-a9df-0d04f2bfbd12@group-581338FFE026-SegmentedRaftLogWorker: Starting segment from index:0
2021-08-26 17:32:15,517 [grpc-default-executor-1] INFO  server.RaftServer$Division (ServerState.java:setRaftConf(387)) - 7ea02771-24eb-4f5a-8038-44a318ea5460@group-581338FFE026: set configuration 0: [c4880b1a-f63f-4492-a9df-0d04f2bfbd12|rpc:10.1.0.42:36835|dataStream:|priority:0, caca0df6-f340-40f9-9fdf-acdee16ce07d|rpc:10.1.0.42:39345|dataStream:|priority:1, 7ea02771-24eb-4f5a-8038-44a318ea5460|rpc:10.1.0.42:37543|dataStream:|priority:0], old=null
2021-08-26 17:32:15,517 [grpc-default-executor-1] INFO  segmented.SegmentedRaftLogWorker (SegmentedRaftLogWorker.java:startLogSegment(394)) - 7ea02771-24eb-4f5a-8038-44a318ea5460@group-581338FFE026-SegmentedRaftLogWorker: Starting segment from index:0
2021-08-26 17:32:15,519 [c4880b1a-f63f-4492-a9df-0d04f2bfbd12@group-581338FFE026-SegmentedRaftLogWorker] INFO  segmented.SegmentedRaftLogWorker (SegmentedRaftLogWorker.java:execute(601)) - c4880b1a-f63f-4492-a9df-0d04f2bfbd12@group-581338FFE026-SegmentedRaftLogWorker: created new log segment /home/runner/work/ozone/ozone/hadoop-ozone/integration-test/target/test-dir/MiniOzoneClusterImpl-daa96565-427e-4fca-a993-08525edc6fa6/datanode-3/data/ratis/9aeea41a-a5b7-4822-a628-581338ffe026/current/log_inprogress_0
2021-08-26 17:32:15,530 [7ea02771-24eb-4f5a-8038-44a318ea5460@group-581338FFE026-SegmentedRaftLogWorker] INFO  segmented.SegmentedRaftLogWorker (SegmentedRaftLogWorker.java:execute(601)) - 7ea02771-24eb-4f5a-8038-44a318ea5460@group-581338FFE026-SegmentedRaftLogWorker: created new log segment /home/runner/work/ozone/ozone/hadoop-ozone/integration-test/target/test-dir/MiniOzoneClusterImpl-daa96565-427e-4fca-a993-08525edc6fa6/datanode-4/data/ratis/9aeea41a-a5b7-4822-a628-581338ffe026/current/log_inprogress_0
2021-08-26 17:32:16,722 [grpc-default-executor-1] WARN  server.GrpcLogAppender (LogUtils.java:warn(122)) - 65be39c6-5763-4636-a9b6-aaf36d3fe099@group-3D642AF02082->648ce8fc-720e-401e-ac80-e1f8bda9cb96-AppendLogResponseHandler: Failed appendEntries: org.apache.ratis.thirdparty.io.grpc.StatusRuntimeException: UNAVAILABLE: io exception
2021-08-26 17:32:16,723 [grpc-default-executor-1] WARN  server.GrpcLogAppender (GrpcLogAppender.java:resetClient(111)) - 65be39c6-5763-4636-a9b6-aaf36d3fe099@group-3D642AF02082->648ce8fc-720e-401e-ac80-e1f8bda9cb96-GrpcLogAppender: Leader has not got in touch with Follower 65be39c6-5763-4636-a9b6-aaf36d3fe099@group-3D642AF02082->648ce8fc-720e-401e-ac80-e1f8bda9cb96(c-1,m0,n1, attendVote=true, lastRpcSendTime=1, lastRpcResponseTime=7715) yet, just keep nextIndex unchanged and retry.
2021-08-26 17:32:18,395 [EventQueue-DeadNodeForDeadNodeHandler] INFO  node.DeadNodeHandler (DeadNodeHandler.java:onMessage(80)) - A dead datanode is detected. 648ce8fc-720e-401e-ac80-e1f8bda9cb96{ip: 10.1.0.42, host: fv-az122-729.zf1tlrj3kn4expqppa1j4mpycf.xx.internal.cloudapp.net, ports: [REPLICATION=45165, RATIS=35647, RATIS_ADMIN=35647, RATIS_SERVER=35647, STANDALONE=33527], networkLocation: /default-rack, certSerialId: null, persistedOpState: IN_SERVICE, persistedOpStateExpiryEpochSec: 0}
2021-08-26 17:32:18,395 [EventQueue-DeadNodeForDeadNodeHandler] INFO  pipeline.RatisPipelineProvider (RatisPipelineProvider.java:lambda$close$1(222)) - Send pipeline:PipelineID=54d415b5-08ab-4600-903e-bb297a2ce972 close command to datanode 648ce8fc-720e-401e-ac80-e1f8bda9cb96
2021-08-26 17:32:18,396 [EventQueue-DeadNodeForDeadNodeHandler] INFO  pipeline.PipelineStateManager (PipelineStateManagerV2Impl.java:removePipeline(211)) - Pipeline Pipeline[ Id: 54d415b5-08ab-4600-903e-bb297a2ce972, Nodes: 648ce8fc-720e-401e-ac80-e1f8bda9cb96{ip: 10.1.0.42, host: fv-az122-729.zf1tlrj3kn4expqppa1j4mpycf.xx.internal.cloudapp.net, ports: [REPLICATION=45165, RATIS=35647, RATIS_ADMIN=35647, RATIS_SERVER=35647, STANDALONE=33527], networkLocation: /default-rack, certSerialId: null, persistedOpState: IN_SERVICE, persistedOpStateExpiryEpochSec: 0}, ReplicationConfig: RATIS/ONE, State:CLOSED, leaderId:648ce8fc-720e-401e-ac80-e1f8bda9cb96, CreationTimestamp2021-08-26T17:31:40.427Z[Etc/UTC]] removed.
2021-08-26 17:32:18,396 [EventQueue-DeadNodeForDeadNodeHandler] INFO  pipeline.RatisPipelineProvider (RatisPipelineProvider.java:lambda$close$1(222)) - Send pipeline:PipelineID=24500981-3e75-4b3a-860b-3d642af02082 close command to datanode 65be39c6-5763-4636-a9b6-aaf36d3fe099
2021-08-26 17:32:18,396 [EventQueue-DeadNodeForDeadNodeHandler] INFO  pipeline.RatisPipelineProvider (RatisPipelineProvider.java:lambda$close$1(222)) - Send pipeline:PipelineID=24500981-3e75-4b3a-860b-3d642af02082 close command to datanode 599d22f6-71b6-4f75-a803-0445b42d232b
2021-08-26 17:32:18,396 [EventQueue-DeadNodeForDeadNodeHandler] INFO  pipeline.RatisPipelineProvider (RatisPipelineProvider.java:lambda$close$1(222)) - Send pipeline:PipelineID=24500981-3e75-4b3a-860b-3d642af02082 close command to datanode 648ce8fc-720e-401e-ac80-e1f8bda9cb96
2021-08-26 17:32:18,397 [EventQueue-DeadNodeForDeadNodeHandler] INFO  pipeline.PipelineStateManager (PipelineStateManagerV2Impl.java:removePipeline(211)) - Pipeline Pipeline[ Id: 24500981-3e75-4b3a-860b-3d642af02082, Nodes: 65be39c6-5763-4636-a9b6-aaf36d3fe099{ip: 10.1.0.42, host: fv-az122-729.zf1tlrj3kn4expqppa1j4mpycf.xx.internal.cloudapp.net, ports: [REPLICATION=35701, RATIS=44293, RATIS_ADMIN=44293, RATIS_SERVER=44293, STANDALONE=36611], networkLocation: /default-rack, certSerialId: null, persistedOpState: IN_SERVICE, persistedOpStateExpiryEpochSec: 0}599d22f6-71b6-4f75-a803-0445b42d232b{ip: 10.1.0.42, host: fv-az122-729.zf1tlrj3kn4expqppa1j4mpycf.xx.internal.cloudapp.net, ports: [REPLICATION=36909, RATIS=34993, RATIS_ADMIN=34993, RATIS_SERVER=34993, STANDALONE=41961], networkLocation: /default-rack, certSerialId: null, persistedOpState: IN_SERVICE, persistedOpStateExpiryEpochSec: 0}648ce8fc-720e-401e-ac80-e1f8bda9cb96{ip: 10.1.0.42, host: fv-az122-729.zf1tlrj3kn4expqppa1j4mpycf.xx.internal.cloudapp.net, ports: [REPLICATION=45165, RATIS=35647, RATIS_ADMIN=35647, RATIS_SERVER=35647, STANDALONE=33527], networkLocation: /default-rack, certSerialId: null, persistedOpState: IN_SERVICE, persistedOpStateExpiryEpochSec: 0}, ReplicationConfig: RATIS/THREE, State:CLOSED, leaderId:65be39c6-5763-4636-a9b6-aaf36d3fe099, CreationTimestamp2021-08-26T17:32:06.887Z[Etc/UTC]] removed.
2021-08-26 17:32:18,397 [EventQueue-DeadNodeForDeadNodeHandler] INFO  net.NetworkTopologyImpl (NetworkTopologyImpl.java:remove(137)) - Removed a node: /default-rack/648ce8fc-720e-401e-ac80-e1f8bda9cb96
2021-08-26 17:32:18,424 [IPC Server handler 0 on default port 35177] WARN  pipeline.WritableRatisContainerProvider (WritableRatisContainerProvider.java:getContainer(125)) - Pipeline creation failed for repConfig RATIS/THREE Datanodes may be used up.
org.apache.hadoop.hdds.scm.pipeline.PipelineNotFoundException: Pipeline PipelineID=24500981-3e75-4b3a-860b-3d642af02082 cannot be found
	at org.apache.hadoop.hdds.scm.pipeline.PipelineManagerImpl.waitPipelineReady(PipelineManagerImpl.java:480)
	at org.apache.hadoop.hdds.scm.pipeline.WritableRatisContainerProvider.getContainer(WritableRatisContainerProvider.java:122)
	at org.apache.hadoop.hdds.scm.pipeline.WritableContainerFactory.getContainer(WritableContainerFactory.java:52)
	at org.apache.hadoop.hdds.scm.block.BlockManagerImpl.allocateBlock(BlockManagerImpl.java:176)
	at org.apache.hadoop.hdds.scm.server.SCMBlockProtocolServer.allocateBlock(SCMBlockProtocolServer.java:194)
	at org.apache.hadoop.hdds.scm.protocol.ScmBlockLocationProtocolServerSideTranslatorPB.allocateScmBlock(ScmBlockLocationProtocolServerSideTranslatorPB.java:180)
	at org.apache.hadoop.hdds.scm.protocol.ScmBlockLocationProtocolServerSideTranslatorPB.processMessage(ScmBlockLocationProtocolServerSideTranslatorPB.java:130)
	at org.apache.hadoop.hdds.server.OzoneProtocolMessageDispatcher.processRequest(OzoneProtocolMessageDispatcher.java:87)
	at org.apache.hadoop.hdds.scm.protocol.ScmBlockLocationProtocolServerSideTranslatorPB.send(ScmBlockLocationProtocolServerSideTranslatorPB.java:112)
	at org.apache.hadoop.hdds.protocol.proto.ScmBlockLocationProtocolProtos$ScmBlockLocationProtocolService$2.callBlockingMethod(ScmBlockLocationProtocolProtos.java:13937)
	at org.apache.hadoop.ipc.ProtobufRpcEngine$Server.processCall(ProtobufRpcEngine.java:466)
	at org.apache.hadoop.ipc.ProtobufRpcEngine2$Server$ProtoBufRpcInvoker.call(ProtobufRpcEngine2.java:574)
	at org.apache.hadoop.ipc.ProtobufRpcEngine2$Server$ProtoBufRpcInvoker.call(ProtobufRpcEngine2.java:552)
	at org.apache.hadoop.ipc.RPC$Server.call(RPC.java:1093)
	at org.apache.hadoop.ipc.Server$RpcCall.run(Server.java:1035)
	at org.apache.hadoop.ipc.Server$RpcCall.run(Server.java:963)
	at java.security.AccessController.doPrivileged(Native Method)
	at javax.security.auth.Subject.doAs(Subject.java:422)
	at org.apache.hadoop.security.UserGroupInformation.doAs(UserGroupInformation.java:1878)
	at org.apache.hadoop.ipc.Server$Handler.run(Server.java:2966)
2021-08-26 17:32:18,425 [IPC Server handler 0 on default port 35177] ERROR pipeline.WritableRatisContainerProvider (WritableRatisContainerProvider.java:getContainer(164)) - Unable to allocate a block for the size: 800, repConfig: RATIS/THREE
2021-08-26 17:32:18,425 [IPC Server handler 0 on default port 35177] ERROR block.BlockManagerImpl (BlockManagerImpl.java:allocateBlock(184)) - Unable to allocate a block for the size: 800, replicationConfig: RATIS/THREE
2021-08-26 17:32:18,434 [Listener at 127.0.0.1/35991] INFO  ozone.MiniOzoneClusterImpl (MiniOzoneClusterImpl.java:shutdown(453)) - Shutting down the Mini Ozone Cluster
2021-08-26 17:32:18,435 [Listener at 127.0.0.1/35991] INFO  ozone.MiniOzoneClusterImpl (MiniOzoneClusterImpl.java:stop(468)) - Stopping the Mini Ozone Cluster
2021-08-26 17:32:18,435 [Listener at 127.0.0.1/35991] INFO  ozone.MiniOzoneClusterImpl (MiniOzoneClusterImpl.java:stopOM(550)) - Stopping the OzoneManager
2021-08-26 17:32:18,435 [Listener at 127.0.0.1/35991] INFO  om.OzoneManager (OzoneManager.java:stop(1632)) - Stopping Ozone Manager
2021-08-26 17:32:18,435 [Listener at 127.0.0.1/35991] INFO  ipc.Server (Server.java:stop(3414)) - Stopping server on 35991
2021-08-26 17:32:18,444 [IPC Server listener on 0] INFO  ipc.Server (Server.java:run(1376)) - Stopping IPC Server listener on 0
2021-08-26 17:32:18,445 [IPC Server Responder] INFO  ipc.Server (Server.java:run(1512)) - Stopping IPC Server Responder
2021-08-26 17:32:18,462 [Listener at 127.0.0.1/35991] INFO  server.RaftServer (RaftServerProxy.java:lambda$close$6(391)) - om1: close
2021-08-26 17:32:18,462 [Listener at 127.0.0.1/35991] INFO  server.RaftServer$Division (RaftServerImpl.java:lambda$close$4(407)) - om1@group-C5BA1605619E: shutdown
2021-08-26 17:32:18,462 [Listener at 127.0.0.1/35991] INFO  util.JmxRegister (JmxRegister.java:unregister(73)) - Successfully un-registered JMX Bean with object name Ratis:service=RaftServer,group=group-C5BA1605619E,id=om1
2021-08-26 17:32:18,463 [Listener at 127.0.0.1/35991] INFO  impl.RoleInfo (RoleInfo.java:shutdownLeaderState(91)) - om1: shutdown om1@group-C5BA1605619E-LeaderStateImpl
2021-08-26 17:32:18,463 [Listener at 127.0.0.1/35991] INFO  impl.PendingRequests (PendingRequests.java:sendNotLeaderResponses(282)) - om1@group-C5BA1605619E-PendingRequests: sendNotLeaderResponses
2021-08-26 17:32:18,465 [om1@group-C5BA1605619E-StateMachineUpdater] INFO  ratis.OzoneManagerStateMachine (OzoneManagerStateMachine.java:takeSnapshot(417)) - Current Snapshot Index (t:1, i:6)
2021-08-26 17:32:18,466 [om1@group-C5BA1605619E-StateMachineUpdater] INFO  impl.StateMachineUpdater (StateMachineUpdater.java:takeSnapshot(281)) - om1@group-C5BA1605619E-StateMachineUpdater: Took a snapshot at index 6
2021-08-26 17:32:18,466 [om1@group-C5BA1605619E-StateMachineUpdater] INFO  impl.StateMachineUpdater (StateMachineUpdater.java:lambda$new$0(89)) - om1@group-C5BA1605619E-StateMachineUpdater: snapshotIndex: updateIncreasingly -1 -> 6
2021-08-26 17:32:18,466 [om1@group-C5BA1605619E-StateMachineUpdater] INFO  ratis.OzoneManagerStateMachine (OzoneManagerStateMachine.java:close(471)) - StateMachine has shutdown. Shutdown OzoneManager if not already shutdown.
2021-08-26 17:32:18,467 [Listener at 127.0.0.1/35991] INFO  impl.StateMachineUpdater (StateMachineUpdater.java:stopAndJoin(149)) - om1@group-C5BA1605619E-StateMachineUpdater: set stopIndex = 6
2021-08-26 17:32:18,467 [Listener at 127.0.0.1/35991] INFO  server.RaftServer$Division (ServerState.java:close(419)) - om1@group-C5BA1605619E: closes. applyIndex: 6
2021-08-26 17:32:18,467 [om1@group-C5BA1605619E-SegmentedRaftLogWorker] INFO  segmented.SegmentedRaftLogWorker (SegmentedRaftLogWorker.java:run(327)) - om1@group-C5BA1605619E-SegmentedRaftLogWorker was interrupted, exiting. There are 0 tasks remaining in the queue.
2021-08-26 17:32:18,468 [Listener at 127.0.0.1/35991] INFO  segmented.SegmentedRaftLogWorker (SegmentedRaftLogWorker.java:close(237)) - om1@group-C5BA1605619E-SegmentedRaftLogWorker close()
2021-08-26 17:32:18,472 [Listener at 127.0.0.1/35991] INFO  server.GrpcService (GrpcService.java:closeImpl(262)) - om1: shutdown server with port 9872 now
2021-08-26 17:32:18,473 [Listener at 127.0.0.1/35991] INFO  server.GrpcService (GrpcService.java:closeImpl(271)) - om1: shutdown server with port 9872 successfully
2021-08-26 17:32:18,473 [org.apache.ratis.util.JvmPauseMonitor$$Lambda$531/1273545383@b47b0db] INFO  util.JvmPauseMonitor (JvmPauseMonitor.java:run(109)) - JvmPauseMonitor-om1: Stopped
2021-08-26 17:32:18,473 [Listener at 127.0.0.1/35991] INFO  ratis.OzoneManagerDoubleBuffer (OzoneManagerDoubleBuffer.java:stop(437)) - Stopping OMDoubleBuffer flush thread
2021-08-26 17:32:18,473 [OMDoubleBufferFlushThread] INFO  ratis.OzoneManagerDoubleBuffer (OzoneManagerDoubleBuffer.java:flushTransactions(356)) - OMDoubleBuffer flush thread OMDoubleBufferFlushThread is interrupted and will exit. OMDoubleBufferFlushThread
2021-08-26 17:32:18,477 [Listener at 127.0.0.1/35991] INFO  utils.BackgroundService (BackgroundService.java:shutdown(132)) - Shutting down service KeyDeletingService
2021-08-26 17:32:18,484 [Listener at 127.0.0.1/35991] INFO  handler.ContextHandler (ContextHandler.java:doStop(1153)) - Stopped o.e.j.w.WebAppContext@2d238372{ozoneManager,/,null,STOPPED}{file:/home/runner/work/ozone/ozone/hadoop-ozone/integration-test/target/test-classes/webapps/ozoneManager}
2021-08-26 17:32:18,485 [Listener at 127.0.0.1/35991] INFO  server.AbstractConnector (AbstractConnector.java:doStop(381)) - Stopped ServerConnector@5d0916d1{HTTP/1.1, (http/1.1)}{0.0.0.0:0}
2021-08-26 17:32:18,485 [Listener at 127.0.0.1/35991] INFO  server.session (HouseKeeper.java:stopScavenging(149)) - node0 Stopped scavenging
2021-08-26 17:32:18,486 [Listener at 127.0.0.1/35991] INFO  handler.ContextHandler (ContextHandler.java:doStop(1153)) - Stopped o.e.j.s.ServletContextHandler@6bdfde34{static,/static,file:///home/runner/work/ozone/ozone/hadoop-ozone/integration-test/target/test-classes/webapps/static,STOPPED}
2021-08-26 17:32:18,486 [Listener at 127.0.0.1/35991] INFO  handler.ContextHandler (ContextHandler.java:doStop(1153)) - Stopped o.e.j.s.ServletContextHandler@2e1b97f0{logs,/logs,file:///home/runner/work/ozone/ozone/hadoop-ozone/integration-test/target/log,STOPPED}
2021-08-26 17:32:18,494 [Listener at 127.0.0.1/35991] INFO  ozone.MiniOzoneClusterImpl (MiniOzoneClusterImpl.java:stopDatanodes(527)) - Stopping the HddsDatanodes
2021-08-26 17:32:19,058 [Datanode State Machine Thread - 0] INFO  statemachine.DatanodeStateMachine (DatanodeStateMachine.java:lambda$startDaemon$0(457)) - Ozone container server started.
2021-08-26 17:32:19,195 [Datanode State Machine Thread - 0] INFO  statemachine.DatanodeStateMachine (DatanodeStateMachine.java:lambda$startDaemon$0(457)) - Ozone container server started.
2021-08-26 17:32:19,222 [grpc-default-executor-3] WARN  server.GrpcLogAppender (LogUtils.java:warn(122)) - 65be39c6-5763-4636-a9b6-aaf36d3fe099@group-3D642AF02082->648ce8fc-720e-401e-ac80-e1f8bda9cb96-AppendLogResponseHandler: Failed appendEntries: org.apache.ratis.thirdparty.io.grpc.StatusRuntimeException: UNAVAILABLE: io exception
2021-08-26 17:32:19,223 [grpc-default-executor-3] WARN  server.GrpcLogAppender (GrpcLogAppender.java:resetClient(111)) - 65be39c6-5763-4636-a9b6-aaf36d3fe099@group-3D642AF02082->648ce8fc-720e-401e-ac80-e1f8bda9cb96-GrpcLogAppender: Leader has not got in touch with Follower 65be39c6-5763-4636-a9b6-aaf36d3fe099@group-3D642AF02082->648ce8fc-720e-401e-ac80-e1f8bda9cb96(c-1,m0,n1, attendVote=true, lastRpcSendTime=0, lastRpcResponseTime=10215) yet, just keep nextIndex unchanged and retry.
2021-08-26 17:32:19,472 [65be39c6-5763-4636-a9b6-aaf36d3fe099@group-3D642AF02082-LeaderStateImpl] INFO  server.RaftServer$Division (LeaderStateImpl.java:yieldLeaderToHigherPriorityPeer(900)) - 65be39c6-5763-4636-a9b6-aaf36d3fe099@group-3D642AF02082-LeaderStateImpl send StartLeaderElectionRequest to follower:648ce8fc-720e-401e-ac80-e1f8bda9cb96 on term:1 because follower's priority:1 is higher than leader's:0 and follower's lastEntry index:0 catch up with leader's:0
2021-08-26 17:32:20,215 [Command processor thread] INFO  server.RaftServer (RaftServerProxy.java:remove(106)) - 65be39c6-5763-4636-a9b6-aaf36d3fe099: remove    LEADER 65be39c6-5763-4636-a9b6-aaf36d3fe099@group-3D642AF02082:t1, leader=65be39c6-5763-4636-a9b6-aaf36d3fe099, voted=65be39c6-5763-4636-a9b6-aaf36d3fe099, raftlog=65be39c6-5763-4636-a9b6-aaf36d3fe099@group-3D642AF02082-SegmentedRaftLog:OPENED:c0,f0,i0, conf=0: [648ce8fc-720e-401e-ac80-e1f8bda9cb96|rpc:10.1.0.42:35647|dataStream:|priority:1, 65be39c6-5763-4636-a9b6-aaf36d3fe099|rpc:10.1.0.42:44293|dataStream:|priority:0, 599d22f6-71b6-4f75-a803-0445b42d232b|rpc:10.1.0.42:34993|dataStream:|priority:0], old=null RUNNING
2021-08-26 17:32:20,215 [Command processor thread] INFO  server.RaftServer$Division (RaftServerImpl.java:lambda$close$4(407)) - 65be39c6-5763-4636-a9b6-aaf36d3fe099@group-3D642AF02082: shutdown
2021-08-26 17:32:20,215 [Command processor thread] INFO  util.JmxRegister (JmxRegister.java:unregister(73)) - Successfully un-registered JMX Bean with object name Ratis:service=RaftServer,group=group-3D642AF02082,id=65be39c6-5763-4636-a9b6-aaf36d3fe099
2021-08-26 17:32:20,215 [Command processor thread] INFO  impl.RoleInfo (RoleInfo.java:shutdownLeaderState(91)) - 65be39c6-5763-4636-a9b6-aaf36d3fe099: shutdown 65be39c6-5763-4636-a9b6-aaf36d3fe099@group-3D642AF02082-LeaderStateImpl
2021-08-26 17:32:20,215 [Command processor thread] INFO  impl.PendingRequests (PendingRequests.java:sendNotLeaderResponses(282)) - 65be39c6-5763-4636-a9b6-aaf36d3fe099@group-3D642AF02082-PendingRequests: sendNotLeaderResponses
2021-08-26 17:32:20,215 [65be39c6-5763-4636-a9b6-aaf36d3fe099@group-3D642AF02082->599d22f6-71b6-4f75-a803-0445b42d232b-GrpcLogAppender-LogAppenderDaemon] WARN  server.GrpcLogAppender (GrpcLogAppender.java:mayWait(175)) - 65be39c6-5763-4636-a9b6-aaf36d3fe099@group-3D642AF02082->599d22f6-71b6-4f75-a803-0445b42d232b-GrpcLogAppender: Wait interrupted by java.lang.InterruptedException
2021-08-26 17:32:20,216 [Command processor thread] INFO  impl.StateMachineUpdater (StateMachineUpdater.java:stopAndJoin(149)) - 65be39c6-5763-4636-a9b6-aaf36d3fe099@group-3D642AF02082-StateMachineUpdater: set stopIndex = 0
2021-08-26 17:32:20,216 [grpc-default-executor-3] INFO  server.GrpcServerProtocolService (GrpcServerProtocolService.java:onCompleted(140)) - 599d22f6-71b6-4f75-a803-0445b42d232b: Completed APPEND_ENTRIES, lastRequest: 65be39c6-5763-4636-a9b6-aaf36d3fe099->599d22f6-71b6-4f75-a803-0445b42d232b#1-t1,previous=(t:0, i:0),leaderCommit=0,initializing? true,entries: size=1, first=(t:1, i:0), CONFIGURATIONENTRY
2021-08-26 17:32:20,216 [65be39c6-5763-4636-a9b6-aaf36d3fe099@group-3D642AF02082-StateMachineUpdater] INFO  ratis.ContainerStateMachine (ContainerStateMachine.java:takeSnapshot(292)) - group-3D642AF02082: Taking a snapshot at:(t:1, i:0) file /home/runner/work/ozone/ozone/hadoop-ozone/integration-test/target/test-dir/MiniOzoneClusterImpl-daa96565-427e-4fca-a993-08525edc6fa6/datanode-6/data/ratis/24500981-3e75-4b3a-860b-3d642af02082/sm/snapshot.1_0
2021-08-26 17:32:20,218 [65be39c6-5763-4636-a9b6-aaf36d3fe099@group-3D642AF02082-StateMachineUpdater] INFO  ratis.ContainerStateMachine (ContainerStateMachine.java:takeSnapshot(303)) - group-3D642AF02082: Finished taking a snapshot at:(t:1, i:0) file:/home/runner/work/ozone/ozone/hadoop-ozone/integration-test/target/test-dir/MiniOzoneClusterImpl-daa96565-427e-4fca-a993-08525edc6fa6/datanode-6/data/ratis/24500981-3e75-4b3a-860b-3d642af02082/sm/snapshot.1_0 took: 2 ms
2021-08-26 17:32:20,218 [65be39c6-5763-4636-a9b6-aaf36d3fe099@group-3D642AF02082-StateMachineUpdater] INFO  impl.StateMachineUpdater (StateMachineUpdater.java:takeSnapshot(281)) - 65be39c6-5763-4636-a9b6-aaf36d3fe099@group-3D642AF02082-StateMachineUpdater: Took a snapshot at index 0
2021-08-26 17:32:20,218 [65be39c6-5763-4636-a9b6-aaf36d3fe099@group-3D642AF02082-StateMachineUpdater] INFO  impl.StateMachineUpdater (StateMachineUpdater.java:lambda$new$0(89)) - 65be39c6-5763-4636-a9b6-aaf36d3fe099@group-3D642AF02082-StateMachineUpdater: snapshotIndex: updateIncreasingly -1 -> 0
2021-08-26 17:32:20,219 [Command processor thread] INFO  server.RaftServer$Division (ServerState.java:close(419)) - 65be39c6-5763-4636-a9b6-aaf36d3fe099@group-3D642AF02082: closes. applyIndex: 0
2021-08-26 17:32:20,219 [65be39c6-5763-4636-a9b6-aaf36d3fe099@group-3D642AF02082-SegmentedRaftLogWorker] INFO  segmented.SegmentedRaftLogWorker (SegmentedRaftLogWorker.java:run(327)) - 65be39c6-5763-4636-a9b6-aaf36d3fe099@group-3D642AF02082-SegmentedRaftLogWorker was interrupted, exiting. There are 0 tasks remaining in the queue.
2021-08-26 17:32:20,220 [Command processor thread] INFO  segmented.SegmentedRaftLogWorker (SegmentedRaftLogWorker.java:close(237)) - 65be39c6-5763-4636-a9b6-aaf36d3fe099@group-3D642AF02082-SegmentedRaftLogWorker close()
2021-08-26 17:32:20,223 [grpc-default-executor-3] INFO  server.GrpcLogAppender (GrpcLogAppender.java:onCompleted(344)) - 65be39c6-5763-4636-a9b6-aaf36d3fe099@group-3D642AF02082->599d22f6-71b6-4f75-a803-0445b42d232b-AppendLogResponseHandler: follower responses appendEntries COMPLETED
2021-08-26 17:32:20,223 [grpc-default-executor-3] INFO  leader.FollowerInfo (FollowerInfoImpl.java:lambda$new$0(46)) - 65be39c6-5763-4636-a9b6-aaf36d3fe099@group-3D642AF02082->599d22f6-71b6-4f75-a803-0445b42d232b: nextIndex: updateUnconditionally 1 -> 0
2021-08-26 17:32:20,223 [Command processor thread] INFO  server.RaftServer$Division (RaftServerImpl.java:groupRemove(377)) - 65be39c6-5763-4636-a9b6-aaf36d3fe099@group-3D642AF02082: Succeed to remove RaftStorageDirectory Storage Directory /home/runner/work/ozone/ozone/hadoop-ozone/integration-test/target/test-dir/MiniOzoneClusterImpl-daa96565-427e-4fca-a993-08525edc6fa6/datanode-6/data/ratis/24500981-3e75-4b3a-860b-3d642af02082
2021-08-26 17:32:20,224 [Command processor thread] INFO  commandhandler.ClosePipelineCommandHandler (ClosePipelineCommandHandler.java:handle(75)) - Close Pipeline PipelineID=24500981-3e75-4b3a-860b-3d642af02082 command on datanode 65be39c6-5763-4636-a9b6-aaf36d3fe099.
2021-08-26 17:32:23,502 [Listener at 127.0.0.1/35991] INFO  ozoneimpl.OzoneContainer (OzoneContainer.java:stop(326)) - Attempting to stop container services.
2021-08-26 17:32:23,503 [ForkJoinPool.commonPool-worker-0] INFO  ozoneimpl.OzoneContainer (OzoneContainer.java:stop(326)) - Attempting to stop container services.
2021-08-26 17:32:23,503 [ForkJoinPool.commonPool-worker-0] INFO  server.RaftServer (RaftServerProxy.java:lambda$close$6(391)) - 599d22f6-71b6-4f75-a803-0445b42d232b: close
2021-08-26 17:32:23,503 [ForkJoinPool.commonPool-worker-0] INFO  server.RaftServer$Division (RaftServerImpl.java:lambda$close$4(407)) - 599d22f6-71b6-4f75-a803-0445b42d232b@group-3D642AF02082: shutdown
2021-08-26 17:32:23,503 [ForkJoinPool.commonPool-worker-0] INFO  util.JmxRegister (JmxRegister.java:unregister(73)) - Successfully un-registered JMX Bean with object name Ratis:service=RaftServer,group=group-3D642AF02082,id=599d22f6-71b6-4f75-a803-0445b42d232b
2021-08-26 17:32:23,503 [ForkJoinPool.commonPool-worker-0] INFO  impl.RoleInfo (RoleInfo.java:shutdownFollowerState(108)) - 599d22f6-71b6-4f75-a803-0445b42d232b: shutdown 599d22f6-71b6-4f75-a803-0445b42d232b@group-3D642AF02082-FollowerState
2021-08-26 17:32:23,503 [ForkJoinPool.commonPool-worker-0] INFO  impl.StateMachineUpdater (StateMachineUpdater.java:stopAndJoin(149)) - 599d22f6-71b6-4f75-a803-0445b42d232b@group-3D642AF02082-StateMachineUpdater: set stopIndex = 0
2021-08-26 17:32:23,504 [599d22f6-71b6-4f75-a803-0445b42d232b@group-3D642AF02082-StateMachineUpdater] INFO  ratis.ContainerStateMachine (ContainerStateMachine.java:takeSnapshot(292)) - group-3D642AF02082: Taking a snapshot at:(t:1, i:0) file /home/runner/work/ozone/ozone/hadoop-ozone/integration-test/target/test-dir/MiniOzoneClusterImpl-daa96565-427e-4fca-a993-08525edc6fa6/datanode-1/data/ratis/24500981-3e75-4b3a-860b-3d642af02082/sm/snapshot.1_0
2021-08-26 17:32:23,504 [Listener at 127.0.0.1/35991] INFO  server.RaftServer (RaftServerProxy.java:lambda$close$6(391)) - 7ea02771-24eb-4f5a-8038-44a318ea5460: close
2021-08-26 17:32:23,504 [Listener at 127.0.0.1/35991] INFO  server.RaftServer$Division (RaftServerImpl.java:lambda$close$4(407)) - 7ea02771-24eb-4f5a-8038-44a318ea5460@group-581338FFE026: shutdown
2021-08-26 17:32:23,505 [Listener at 127.0.0.1/35991] INFO  util.JmxRegister (JmxRegister.java:unregister(73)) - Successfully un-registered JMX Bean with object name Ratis:service=RaftServer,group=group-581338FFE026,id=7ea02771-24eb-4f5a-8038-44a318ea5460
2021-08-26 17:32:23,505 [Listener at 127.0.0.1/35991] INFO  impl.RoleInfo (RoleInfo.java:shutdownFollowerState(108)) - 7ea02771-24eb-4f5a-8038-44a318ea5460: shutdown 7ea02771-24eb-4f5a-8038-44a318ea5460@group-581338FFE026-FollowerState
2021-08-26 17:32:23,505 [Listener at 127.0.0.1/35991] INFO  impl.StateMachineUpdater (StateMachineUpdater.java:stopAndJoin(149)) - 7ea02771-24eb-4f5a-8038-44a318ea5460@group-581338FFE026-StateMachineUpdater: set stopIndex = 0
2021-08-26 17:32:23,506 [7ea02771-24eb-4f5a-8038-44a318ea5460@group-581338FFE026-StateMachineUpdater] INFO  ratis.ContainerStateMachine (ContainerStateMachine.java:takeSnapshot(292)) - group-581338FFE026: Taking a snapshot at:(t:6, i:0) file /home/runner/work/ozone/ozone/hadoop-ozone/integration-test/target/test-dir/MiniOzoneClusterImpl-daa96565-427e-4fca-a993-08525edc6fa6/datanode-4/data/ratis/9aeea41a-a5b7-4822-a628-581338ffe026/sm/snapshot.6_0
2021-08-26 17:32:23,505 [599d22f6-71b6-4f75-a803-0445b42d232b@group-3D642AF02082-FollowerState] INFO  impl.FollowerState (FollowerState.java:run(143)) - 599d22f6-71b6-4f75-a803-0445b42d232b@group-3D642AF02082-FollowerState was interrupted: {}
java.lang.InterruptedException: sleep interrupted
	at java.lang.Thread.sleep(Native Method)
	at java.lang.Thread.sleep(Thread.java:340)
	at java.util.concurrent.TimeUnit.sleep(TimeUnit.java:386)
	at org.apache.ratis.util.TimeDuration.sleep(TimeDuration.java:324)
	at org.apache.ratis.util.TimeDuration.sleep(TimeDuration.java:309)
	at org.apache.ratis.server.impl.FollowerState.run(FollowerState.java:118)
2021-08-26 17:32:23,505 [7ea02771-24eb-4f5a-8038-44a318ea5460@group-581338FFE026-FollowerState] INFO  impl.FollowerState (FollowerState.java:run(143)) - 7ea02771-24eb-4f5a-8038-44a318ea5460@group-581338FFE026-FollowerState was interrupted: {}
java.lang.InterruptedException: sleep interrupted
	at java.lang.Thread.sleep(Native Method)
	at java.lang.Thread.sleep(Thread.java:340)
	at java.util.concurrent.TimeUnit.sleep(TimeUnit.java:386)
	at org.apache.ratis.util.TimeDuration.sleep(TimeDuration.java:324)
	at org.apache.ratis.util.TimeDuration.sleep(TimeDuration.java:309)
	at org.apache.ratis.server.impl.FollowerState.run(FollowerState.java:118)
2021-08-26 17:32:23,505 [599d22f6-71b6-4f75-a803-0445b42d232b@group-3D642AF02082-StateMachineUpdater] INFO  ratis.ContainerStateMachine (ContainerStateMachine.java:takeSnapshot(303)) - group-3D642AF02082: Finished taking a snapshot at:(t:1, i:0) file:/home/runner/work/ozone/ozone/hadoop-ozone/integration-test/target/test-dir/MiniOzoneClusterImpl-daa96565-427e-4fca-a993-08525edc6fa6/datanode-1/data/ratis/24500981-3e75-4b3a-860b-3d642af02082/sm/snapshot.1_0 took: 1 ms
2021-08-26 17:32:23,506 [7ea02771-24eb-4f5a-8038-44a318ea5460@group-581338FFE026-StateMachineUpdater] INFO  ratis.ContainerStateMachine (ContainerStateMachine.java:takeSnapshot(303)) - group-581338FFE026: Finished taking a snapshot at:(t:6, i:0) file:/home/runner/work/ozone/ozone/hadoop-ozone/integration-test/target/test-dir/MiniOzoneClusterImpl-daa96565-427e-4fca-a993-08525edc6fa6/datanode-4/data/ratis/9aeea41a-a5b7-4822-a628-581338ffe026/sm/snapshot.6_0 took: 0 ms
2021-08-26 17:32:23,506 [599d22f6-71b6-4f75-a803-0445b42d232b@group-3D642AF02082-StateMachineUpdater] INFO  impl.StateMachineUpdater (StateMachineUpdater.java:takeSnapshot(281)) - 599d22f6-71b6-4f75-a803-0445b42d232b@group-3D642AF02082-StateMachineUpdater: Took a snapshot at index 0
2021-08-26 17:32:23,507 [7ea02771-24eb-4f5a-8038-44a318ea5460@group-581338FFE026-StateMachineUpdater] INFO  impl.StateMachineUpdater (StateMachineUpdater.java:takeSnapshot(281)) - 7ea02771-24eb-4f5a-8038-44a318ea5460@group-581338FFE026-StateMachineUpdater: Took a snapshot at index 0
2021-08-26 17:32:23,507 [7ea02771-24eb-4f5a-8038-44a318ea5460@group-581338FFE026-StateMachineUpdater] INFO  impl.StateMachineUpdater (StateMachineUpdater.java:lambda$new$0(89)) - 7ea02771-24eb-4f5a-8038-44a318ea5460@group-581338FFE026-StateMachineUpdater: snapshotIndex: updateIncreasingly -1 -> 0
2021-08-26 17:32:23,507 [599d22f6-71b6-4f75-a803-0445b42d232b@group-3D642AF02082-StateMachineUpdater] INFO  impl.StateMachineUpdater (StateMachineUpdater.java:lambda$new$0(89)) - 599d22f6-71b6-4f75-a803-0445b42d232b@group-3D642AF02082-StateMachineUpdater: snapshotIndex: updateIncreasingly -1 -> 0
2021-08-26 17:32:23,507 [ForkJoinPool.commonPool-worker-0] INFO  server.RaftServer$Division (ServerState.java:close(419)) - 599d22f6-71b6-4f75-a803-0445b42d232b@group-3D642AF02082: closes. applyIndex: 0
2021-08-26 17:32:23,507 [Listener at 127.0.0.1/35991] INFO  server.RaftServer$Division (ServerState.java:close(419)) - 7ea02771-24eb-4f5a-8038-44a318ea5460@group-581338FFE026: closes. applyIndex: 0
2021-08-26 17:32:23,507 [599d22f6-71b6-4f75-a803-0445b42d232b@group-3D642AF02082-SegmentedRaftLogWorker] INFO  segmented.SegmentedRaftLogWorker (SegmentedRaftLogWorker.java:run(327)) - 599d22f6-71b6-4f75-a803-0445b42d232b@group-3D642AF02082-SegmentedRaftLogWorker was interrupted, exiting. There are 0 tasks remaining in the queue.
2021-08-26 17:32:23,507 [7ea02771-24eb-4f5a-8038-44a318ea5460@group-581338FFE026-SegmentedRaftLogWorker] INFO  segmented.SegmentedRaftLogWorker (SegmentedRaftLogWorker.java:run(327)) - 7ea02771-24eb-4f5a-8038-44a318ea5460@group-581338FFE026-SegmentedRaftLogWorker was interrupted, exiting. There are 0 tasks remaining in the queue.
2021-08-26 17:32:23,508 [ForkJoinPool.commonPool-worker-0] INFO  segmented.SegmentedRaftLogWorker (SegmentedRaftLogWorker.java:close(237)) - 599d22f6-71b6-4f75-a803-0445b42d232b@group-3D642AF02082-SegmentedRaftLogWorker close()
2021-08-26 17:32:23,508 [Listener at 127.0.0.1/35991] INFO  segmented.SegmentedRaftLogWorker (SegmentedRaftLogWorker.java:close(237)) - 7ea02771-24eb-4f5a-8038-44a318ea5460@group-581338FFE026-SegmentedRaftLogWorker close()
2021-08-26 17:32:23,509 [ForkJoinPool.commonPool-worker-0] INFO  server.RaftServer$Division (RaftServerImpl.java:lambda$close$4(407)) - 599d22f6-71b6-4f75-a803-0445b42d232b@group-5E6164CAF897: shutdown
2021-08-26 17:32:23,510 [ForkJoinPool.commonPool-worker-0] INFO  util.JmxRegister (JmxRegister.java:unregister(73)) - Successfully un-registered JMX Bean with object name Ratis:service=RaftServer,group=group-5E6164CAF897,id=599d22f6-71b6-4f75-a803-0445b42d232b
2021-08-26 17:32:23,510 [ForkJoinPool.commonPool-worker-0] INFO  impl.RoleInfo (RoleInfo.java:shutdownLeaderState(91)) - 599d22f6-71b6-4f75-a803-0445b42d232b: shutdown 599d22f6-71b6-4f75-a803-0445b42d232b@group-5E6164CAF897-LeaderStateImpl
2021-08-26 17:32:23,510 [ForkJoinPool.commonPool-worker-0] INFO  impl.PendingRequests (PendingRequests.java:sendNotLeaderResponses(282)) - 599d22f6-71b6-4f75-a803-0445b42d232b@group-5E6164CAF897-PendingRequests: sendNotLeaderResponses
2021-08-26 17:32:23,511 [ForkJoinPool.commonPool-worker-0] INFO  impl.StateMachineUpdater (StateMachineUpdater.java:stopAndJoin(149)) - 599d22f6-71b6-4f75-a803-0445b42d232b@group-5E6164CAF897-StateMachineUpdater: set stopIndex = 0
2021-08-26 17:32:23,510 [Listener at 127.0.0.1/35991] INFO  server.RaftServer$Division (RaftServerImpl.java:lambda$close$4(407)) - 7ea02771-24eb-4f5a-8038-44a318ea5460@group-F0297E41A7C6: shutdown
2021-08-26 17:32:23,511 [Listener at 127.0.0.1/35991] INFO  util.JmxRegister (JmxRegister.java:unregister(73)) - Successfully un-registered JMX Bean with object name Ratis:service=RaftServer,group=group-F0297E41A7C6,id=7ea02771-24eb-4f5a-8038-44a318ea5460
2021-08-26 17:32:23,511 [Listener at 127.0.0.1/35991] INFO  impl.RoleInfo (RoleInfo.java:shutdownLeaderState(91)) - 7ea02771-24eb-4f5a-8038-44a318ea5460: shutdown 7ea02771-24eb-4f5a-8038-44a318ea5460@group-F0297E41A7C6-LeaderStateImpl
2021-08-26 17:32:23,511 [599d22f6-71b6-4f75-a803-0445b42d232b@group-5E6164CAF897-StateMachineUpdater] INFO  ratis.ContainerStateMachine (ContainerStateMachine.java:takeSnapshot(292)) - group-5E6164CAF897: Taking a snapshot at:(t:1, i:0) file /home/runner/work/ozone/ozone/hadoop-ozone/integration-test/target/test-dir/MiniOzoneClusterImpl-daa96565-427e-4fca-a993-08525edc6fa6/datanode-1/data/ratis/6e219946-39fe-496d-b19f-5e6164caf897/sm/snapshot.1_0
2021-08-26 17:32:23,511 [Listener at 127.0.0.1/35991] INFO  impl.PendingRequests (PendingRequests.java:sendNotLeaderResponses(282)) - 7ea02771-24eb-4f5a-8038-44a318ea5460@group-F0297E41A7C6-PendingRequests: sendNotLeaderResponses
2021-08-26 17:32:23,512 [Listener at 127.0.0.1/35991] INFO  impl.StateMachineUpdater (StateMachineUpdater.java:stopAndJoin(149)) - 7ea02771-24eb-4f5a-8038-44a318ea5460@group-F0297E41A7C6-StateMachineUpdater: set stopIndex = 0
2021-08-26 17:32:23,512 [599d22f6-71b6-4f75-a803-0445b42d232b@group-5E6164CAF897-StateMachineUpdater] INFO  ratis.ContainerStateMachine (ContainerStateMachine.java:takeSnapshot(303)) - group-5E6164CAF897: Finished taking a snapshot at:(t:1, i:0) file:/home/runner/work/ozone/ozone/hadoop-ozone/integration-test/target/test-dir/MiniOzoneClusterImpl-daa96565-427e-4fca-a993-08525edc6fa6/datanode-1/data/ratis/6e219946-39fe-496d-b19f-5e6164caf897/sm/snapshot.1_0 took: 1 ms
2021-08-26 17:32:23,512 [599d22f6-71b6-4f75-a803-0445b42d232b@group-5E6164CAF897-StateMachineUpdater] INFO  impl.StateMachineUpdater (StateMachineUpdater.java:takeSnapshot(281)) - 599d22f6-71b6-4f75-a803-0445b42d232b@group-5E6164CAF897-StateMachineUpdater: Took a snapshot at index 0
2021-08-26 17:32:23,513 [599d22f6-71b6-4f75-a803-0445b42d232b@group-5E6164CAF897-StateMachineUpdater] INFO  impl.StateMachineUpdater (StateMachineUpdater.java:lambda$new$0(89)) - 599d22f6-71b6-4f75-a803-0445b42d232b@group-5E6164CAF897-StateMachineUpdater: snapshotIndex: updateIncreasingly -1 -> 0
2021-08-26 17:32:23,512 [7ea02771-24eb-4f5a-8038-44a318ea5460@group-F0297E41A7C6-StateMachineUpdater] INFO  ratis.ContainerStateMachine (ContainerStateMachine.java:takeSnapshot(292)) - group-F0297E41A7C6: Taking a snapshot at:(t:1, i:0) file /home/runner/work/ozone/ozone/hadoop-ozone/integration-test/target/test-dir/MiniOzoneClusterImpl-daa96565-427e-4fca-a993-08525edc6fa6/datanode-4/data/ratis/c70312f2-e64a-4b6e-85be-f0297e41a7c6/sm/snapshot.1_0
2021-08-26 17:32:23,513 [ForkJoinPool.commonPool-worker-0] INFO  server.RaftServer$Division (ServerState.java:close(419)) - 599d22f6-71b6-4f75-a803-0445b42d232b@group-5E6164CAF897: closes. applyIndex: 0
2021-08-26 17:32:23,513 [599d22f6-71b6-4f75-a803-0445b42d232b@group-5E6164CAF897-SegmentedRaftLogWorker] INFO  segmented.SegmentedRaftLogWorker (SegmentedRaftLogWorker.java:run(327)) - 599d22f6-71b6-4f75-a803-0445b42d232b@group-5E6164CAF897-SegmentedRaftLogWorker was interrupted, exiting. There are 0 tasks remaining in the queue.
2021-08-26 17:32:23,513 [ForkJoinPool.commonPool-worker-0] INFO  segmented.SegmentedRaftLogWorker (SegmentedRaftLogWorker.java:close(237)) - 599d22f6-71b6-4f75-a803-0445b42d232b@group-5E6164CAF897-SegmentedRaftLogWorker close()
2021-08-26 17:32:23,514 [7ea02771-24eb-4f5a-8038-44a318ea5460@group-F0297E41A7C6-StateMachineUpdater] INFO  ratis.ContainerStateMachine (ContainerStateMachine.java:takeSnapshot(303)) - group-F0297E41A7C6: Finished taking a snapshot at:(t:1, i:0) file:/home/runner/work/ozone/ozone/hadoop-ozone/integration-test/target/test-dir/MiniOzoneClusterImpl-daa96565-427e-4fca-a993-08525edc6fa6/datanode-4/data/ratis/c70312f2-e64a-4b6e-85be-f0297e41a7c6/sm/snapshot.1_0 took: 2 ms
2021-08-26 17:32:23,514 [7ea02771-24eb-4f5a-8038-44a318ea5460@group-F0297E41A7C6-StateMachineUpdater] INFO  impl.StateMachineUpdater (StateMachineUpdater.java:takeSnapshot(281)) - 7ea02771-24eb-4f5a-8038-44a318ea5460@group-F0297E41A7C6-StateMachineUpdater: Took a snapshot at index 0
2021-08-26 17:32:23,514 [7ea02771-24eb-4f5a-8038-44a318ea5460@group-F0297E41A7C6-StateMachineUpdater] INFO  impl.StateMachineUpdater (StateMachineUpdater.java:lambda$new$0(89)) - 7ea02771-24eb-4f5a-8038-44a318ea5460@group-F0297E41A7C6-StateMachineUpdater: snapshotIndex: updateIncreasingly -1 -> 0
2021-08-26 17:32:23,519 [ForkJoinPool.commonPool-worker-0] INFO  server.GrpcService (GrpcService.java:closeImpl(262)) - 599d22f6-71b6-4f75-a803-0445b42d232b: shutdown server with port 34993 now
2021-08-26 17:32:23,520 [Listener at 127.0.0.1/35991] INFO  server.RaftServer$Division (ServerState.java:close(419)) - 7ea02771-24eb-4f5a-8038-44a318ea5460@group-F0297E41A7C6: closes. applyIndex: 0
2021-08-26 17:32:23,524 [ForkJoinPool.commonPool-worker-0] INFO  server.GrpcService (GrpcService.java:closeImpl(271)) - 599d22f6-71b6-4f75-a803-0445b42d232b: shutdown server with port 34993 successfully
2021-08-26 17:32:23,524 [7ea02771-24eb-4f5a-8038-44a318ea5460@group-F0297E41A7C6-SegmentedRaftLogWorker] INFO  segmented.SegmentedRaftLogWorker (SegmentedRaftLogWorker.java:run(327)) - 7ea02771-24eb-4f5a-8038-44a318ea5460@group-F0297E41A7C6-SegmentedRaftLogWorker was interrupted, exiting. There are 0 tasks remaining in the queue.
2021-08-26 17:32:23,524 [org.apache.ratis.util.JvmPauseMonitor$$Lambda$531/1273545383@1bda774b] INFO  util.JvmPauseMonitor (JvmPauseMonitor.java:run(109)) - JvmPauseMonitor-599d22f6-71b6-4f75-a803-0445b42d232b: Stopped
2021-08-26 17:32:23,525 [grpc-default-executor-3] WARN  client.GrpcClientProtocolService (LogUtils.java:warn(122)) - 1-UnorderedRequestStreamObserver1: onError: org.apache.ratis.thirdparty.io.grpc.StatusRuntimeException: CANCELLED: client cancelled
2021-08-26 17:32:23,525 [Listener at 127.0.0.1/35991] INFO  segmented.SegmentedRaftLogWorker (SegmentedRaftLogWorker.java:close(237)) - 7ea02771-24eb-4f5a-8038-44a318ea5460@group-F0297E41A7C6-SegmentedRaftLogWorker close()
2021-08-26 17:32:23,528 [Listener at 127.0.0.1/35991] INFO  server.RaftServer$Division (RaftServerImpl.java:lambda$close$4(407)) - 7ea02771-24eb-4f5a-8038-44a318ea5460@group-5ED93A64E77F: shutdown
2021-08-26 17:32:23,528 [Listener at 127.0.0.1/35991] INFO  util.JmxRegister (JmxRegister.java:unregister(73)) - Successfully un-registered JMX Bean with object name Ratis:service=RaftServer,group=group-5ED93A64E77F,id=7ea02771-24eb-4f5a-8038-44a318ea5460
2021-08-26 17:32:23,528 [Listener at 127.0.0.1/35991] INFO  impl.RoleInfo (RoleInfo.java:shutdownLeaderState(91)) - 7ea02771-24eb-4f5a-8038-44a318ea5460: shutdown 7ea02771-24eb-4f5a-8038-44a318ea5460@group-5ED93A64E77F-LeaderStateImpl
2021-08-26 17:32:23,528 [7ea02771-24eb-4f5a-8038-44a318ea5460@group-5ED93A64E77F->c4880b1a-f63f-4492-a9df-0d04f2bfbd12-GrpcLogAppender-LogAppenderDaemon] WARN  server.GrpcLogAppender (GrpcLogAppender.java:mayWait(175)) - 7ea02771-24eb-4f5a-8038-44a318ea5460@group-5ED93A64E77F->c4880b1a-f63f-4492-a9df-0d04f2bfbd12-GrpcLogAppender: Wait interrupted by java.lang.InterruptedException
2021-08-26 17:32:23,528 [Listener at 127.0.0.1/35991] INFO  impl.PendingRequests (PendingRequests.java:sendNotLeaderResponses(282)) - 7ea02771-24eb-4f5a-8038-44a318ea5460@group-5ED93A64E77F-PendingRequests: sendNotLeaderResponses
2021-08-26 17:32:23,529 [grpc-default-executor-3] INFO  server.GrpcServerProtocolService (GrpcServerProtocolService.java:onCompleted(140)) - c4880b1a-f63f-4492-a9df-0d04f2bfbd12: Completed APPEND_ENTRIES, lastRequest: 7ea02771-24eb-4f5a-8038-44a318ea5460->c4880b1a-f63f-4492-a9df-0d04f2bfbd12#1-t5,previous=(t:0, i:0),leaderCommit=0,initializing? true,entries: size=1, first=(t:5, i:0), CONFIGURATIONENTRY
2021-08-26 17:32:23,529 [7ea02771-24eb-4f5a-8038-44a318ea5460@group-5ED93A64E77F->caca0df6-f340-40f9-9fdf-acdee16ce07d-GrpcLogAppender-LogAppenderDaemon] WARN  server.GrpcLogAppender (GrpcLogAppender.java:mayWait(175)) - 7ea02771-24eb-4f5a-8038-44a318ea5460@group-5ED93A64E77F->caca0df6-f340-40f9-9fdf-acdee16ce07d-GrpcLogAppender: Wait interrupted by java.lang.InterruptedException
2021-08-26 17:32:23,530 [grpc-default-executor-2] INFO  server.GrpcLogAppender (GrpcLogAppender.java:onCompleted(344)) - 7ea02771-24eb-4f5a-8038-44a318ea5460@group-5ED93A64E77F->c4880b1a-f63f-4492-a9df-0d04f2bfbd12-AppendLogResponseHandler: follower responses appendEntries COMPLETED
2021-08-26 17:32:23,530 [grpc-default-executor-2] INFO  leader.FollowerInfo (FollowerInfoImpl.java:lambda$new$0(46)) - 7ea02771-24eb-4f5a-8038-44a318ea5460@group-5ED93A64E77F->c4880b1a-f63f-4492-a9df-0d04f2bfbd12: nextIndex: updateUnconditionally 1 -> 0
2021-08-26 17:32:23,531 [grpc-default-executor-2] INFO  server.GrpcServerProtocolService (GrpcServerProtocolService.java:onCompleted(140)) - caca0df6-f340-40f9-9fdf-acdee16ce07d: Completed APPEND_ENTRIES, lastRequest: 7ea02771-24eb-4f5a-8038-44a318ea5460->caca0df6-f340-40f9-9fdf-acdee16ce07d#1-t5,previous=(t:0, i:0),leaderCommit=0,initializing? true,entries: size=1, first=(t:5, i:0), CONFIGURATIONENTRY
2021-08-26 17:32:23,531 [grpc-default-executor-3] INFO  server.GrpcLogAppender (GrpcLogAppender.java:onCompleted(344)) - 7ea02771-24eb-4f5a-8038-44a318ea5460@group-5ED93A64E77F->caca0df6-f340-40f9-9fdf-acdee16ce07d-AppendLogResponseHandler: follower responses appendEntries COMPLETED
2021-08-26 17:32:23,531 [grpc-default-executor-3] INFO  leader.FollowerInfo (FollowerInfoImpl.java:lambda$new$0(46)) - 7ea02771-24eb-4f5a-8038-44a318ea5460@group-5ED93A64E77F->caca0df6-f340-40f9-9fdf-acdee16ce07d: nextIndex: updateUnconditionally 1 -> 0
2021-08-26 17:32:23,532 [7ea02771-24eb-4f5a-8038-44a318ea5460@group-5ED93A64E77F-StateMachineUpdater] INFO  ratis.ContainerStateMachine (ContainerStateMachine.java:takeSnapshot(292)) - group-5ED93A64E77F: Taking a snapshot at:(t:5, i:0) file /home/runner/work/ozone/ozone/hadoop-ozone/integration-test/target/test-dir/MiniOzoneClusterImpl-daa96565-427e-4fca-a993-08525edc6fa6/datanode-4/data/ratis/cbd71701-9592-43b7-bb2a-5ed93a64e77f/sm/snapshot.5_0
2021-08-26 17:32:23,532 [Listener at 127.0.0.1/35991] INFO  impl.StateMachineUpdater (StateMachineUpdater.java:stopAndJoin(149)) - 7ea02771-24eb-4f5a-8038-44a318ea5460@group-5ED93A64E77F-StateMachineUpdater: set stopIndex = 0
2021-08-26 17:32:23,534 [7ea02771-24eb-4f5a-8038-44a318ea5460@group-5ED93A64E77F-StateMachineUpdater] INFO  ratis.ContainerStateMachine (ContainerStateMachine.java:takeSnapshot(303)) - group-5ED93A64E77F: Finished taking a snapshot at:(t:5, i:0) file:/home/runner/work/ozone/ozone/hadoop-ozone/integration-test/target/test-dir/MiniOzoneClusterImpl-daa96565-427e-4fca-a993-08525edc6fa6/datanode-4/data/ratis/cbd71701-9592-43b7-bb2a-5ed93a64e77f/sm/snapshot.5_0 took: 2 ms
2021-08-26 17:32:23,534 [7ea02771-24eb-4f5a-8038-44a318ea5460@group-5ED93A64E77F-StateMachineUpdater] INFO  impl.StateMachineUpdater (StateMachineUpdater.java:takeSnapshot(281)) - 7ea02771-24eb-4f5a-8038-44a318ea5460@group-5ED93A64E77F-StateMachineUpdater: Took a snapshot at index 0
2021-08-26 17:32:23,534 [7ea02771-24eb-4f5a-8038-44a318ea5460@group-5ED93A64E77F-StateMachineUpdater] INFO  impl.StateMachineUpdater (StateMachineUpdater.java:lambda$new$0(89)) - 7ea02771-24eb-4f5a-8038-44a318ea5460@group-5ED93A64E77F-StateMachineUpdater: snapshotIndex: updateIncreasingly -1 -> 0
2021-08-26 17:32:23,534 [Listener at 127.0.0.1/35991] INFO  server.RaftServer$Division (ServerState.java:close(419)) - 7ea02771-24eb-4f5a-8038-44a318ea5460@group-5ED93A64E77F: closes. applyIndex: 0
2021-08-26 17:32:23,534 [ForkJoinPool.commonPool-worker-0] INFO  utils.BackgroundService (BackgroundService.java:shutdown(132)) - Shutting down service BlockDeletingService
2021-08-26 17:32:23,534 [7ea02771-24eb-4f5a-8038-44a318ea5460@group-5ED93A64E77F-SegmentedRaftLogWorker] INFO  segmented.SegmentedRaftLogWorker (SegmentedRaftLogWorker.java:run(327)) - 7ea02771-24eb-4f5a-8038-44a318ea5460@group-5ED93A64E77F-SegmentedRaftLogWorker was interrupted, exiting. There are 0 tasks remaining in the queue.
2021-08-26 17:32:23,535 [Listener at 127.0.0.1/35991] INFO  segmented.SegmentedRaftLogWorker (SegmentedRaftLogWorker.java:close(237)) - 7ea02771-24eb-4f5a-8038-44a318ea5460@group-5ED93A64E77F-SegmentedRaftLogWorker close()
2021-08-26 17:32:23,536 [Listener at 127.0.0.1/35991] INFO  server.GrpcService (GrpcService.java:closeImpl(262)) - 7ea02771-24eb-4f5a-8038-44a318ea5460: shutdown server with port 37543 now
2021-08-26 17:32:23,545 [grpc-default-executor-3] WARN  server.GrpcServerProtocolService (LogUtils.java:warn(122)) - 7ea02771-24eb-4f5a-8038-44a318ea5460: installSnapshot onError, lastRequest: caca0df6-f340-40f9-9fdf-acdee16ce07d->7ea02771-24eb-4f5a-8038-44a318ea5460#1-t6,previous=(t:0, i:0),leaderCommit=-1,initializing? true,entries: size=1, first=(t:6, i:0), CONFIGURATIONENTRY: org.apache.ratis.thirdparty.io.grpc.StatusRuntimeException: CANCELLED: client cancelled
2021-08-26 17:32:23,550 [grpc-default-executor-1] WARN  server.GrpcLogAppender (LogUtils.java:warn(122)) - caca0df6-f340-40f9-9fdf-acdee16ce07d@group-581338FFE026->7ea02771-24eb-4f5a-8038-44a318ea5460-AppendLogResponseHandler: Failed appendEntries: org.apache.ratis.thirdparty.io.grpc.StatusRuntimeException: CANCELLED: HTTP/2 error code: CANCEL
Received Rst Stream
2021-08-26 17:32:23,550 [grpc-default-executor-1] WARN  server.GrpcLogAppender (GrpcLogAppender.java:resetClient(111)) - caca0df6-f340-40f9-9fdf-acdee16ce07d@group-581338FFE026->7ea02771-24eb-4f5a-8038-44a318ea5460-GrpcLogAppender: Leader has not got in touch with Follower caca0df6-f340-40f9-9fdf-acdee16ce07d@group-581338FFE026->7ea02771-24eb-4f5a-8038-44a318ea5460(c0,m0,n1, attendVote=true, lastRpcSendTime=472, lastRpcResponseTime=462) yet, just keep nextIndex unchanged and retry.
2021-08-26 17:32:23,564 [Listener at 127.0.0.1/35991] INFO  server.GrpcService (GrpcService.java:closeImpl(271)) - 7ea02771-24eb-4f5a-8038-44a318ea5460: shutdown server with port 37543 successfully
2021-08-26 17:32:23,565 [org.apache.ratis.util.JvmPauseMonitor$$Lambda$531/1273545383@789e5f3d] INFO  util.JvmPauseMonitor (JvmPauseMonitor.java:run(109)) - JvmPauseMonitor-7ea02771-24eb-4f5a-8038-44a318ea5460: Stopped
2021-08-26 17:32:23,566 [Listener at 127.0.0.1/35991] INFO  utils.BackgroundService (BackgroundService.java:shutdown(132)) - Shutting down service BlockDeletingService
2021-08-26 17:32:25,593 [grpc-default-executor-2] WARN  server.GrpcLogAppender (LogUtils.java:warn(122)) - caca0df6-f340-40f9-9fdf-acdee16ce07d@group-581338FFE026->7ea02771-24eb-4f5a-8038-44a318ea5460-AppendLogResponseHandler: Failed appendEntries: org.apache.ratis.thirdparty.io.grpc.StatusRuntimeException: UNAVAILABLE: io exception
2021-08-26 17:32:25,594 [grpc-default-executor-2] WARN  server.GrpcLogAppender (GrpcLogAppender.java:resetClient(111)) - caca0df6-f340-40f9-9fdf-acdee16ce07d@group-581338FFE026->7ea02771-24eb-4f5a-8038-44a318ea5460-GrpcLogAppender: Leader has not got in touch with Follower caca0df6-f340-40f9-9fdf-acdee16ce07d@group-581338FFE026->7ea02771-24eb-4f5a-8038-44a318ea5460(c0,m0,n1, attendVote=true, lastRpcSendTime=2516, lastRpcResponseTime=2505) yet, just keep nextIndex unchanged and retry.
2021-08-26 17:32:26,565 [ForkJoinPool.commonPool-worker-0] INFO  statemachine.DatanodeStateMachine (DatanodeStateMachine.java:stopDaemon(515)) - Ozone container server stopped.
2021-08-26 17:32:26,568 [ForkJoinPool.commonPool-worker-0] INFO  handler.ContextHandler (ContextHandler.java:doStop(1153)) - Stopped o.e.j.w.WebAppContext@4923429c{hddsDatanode,/,null,STOPPED}{jar:file:/home/runner/.m2/repository/org/apache/ozone/hdds-container-service/1.2.0-SNAPSHOT/hdds-container-service-1.2.0-SNAPSHOT.jar!/webapps/hddsDatanode}
2021-08-26 17:32:26,572 [Listener at 127.0.0.1/35991] INFO  statemachine.DatanodeStateMachine (DatanodeStateMachine.java:stopDaemon(515)) - Ozone container server stopped.
2021-08-26 17:32:26,573 [Listener at 127.0.0.1/35991] INFO  handler.ContextHandler (ContextHandler.java:doStop(1153)) - Stopped o.e.j.w.WebAppContext@4ffd1321{hddsDatanode,/,null,STOPPED}{jar:file:/home/runner/.m2/repository/org/apache/ozone/hdds-container-service/1.2.0-SNAPSHOT/hdds-container-service-1.2.0-SNAPSHOT.jar!/webapps/hddsDatanode}
2021-08-26 17:32:26,575 [Listener at 127.0.0.1/35991] INFO  server.AbstractConnector (AbstractConnector.java:doStop(381)) - Stopped ServerConnector@61cfff35{HTTP/1.1, (http/1.1)}{0.0.0.0:0}
2021-08-26 17:32:26,575 [Listener at 127.0.0.1/35991] INFO  server.session (HouseKeeper.java:stopScavenging(149)) - node0 Stopped scavenging
2021-08-26 17:32:26,575 [Listener at 127.0.0.1/35991] INFO  handler.ContextHandler (ContextHandler.java:doStop(1153)) - Stopped o.e.j.s.ServletContextHandler@45691af2{static,/static,jar:file:/home/runner/.m2/repository/org/apache/ozone/hdds-container-service/1.2.0-SNAPSHOT/hdds-container-service-1.2.0-SNAPSHOT.jar!/webapps/static,STOPPED}
2021-08-26 17:32:26,575 [Listener at 127.0.0.1/35991] INFO  handler.ContextHandler (ContextHandler.java:doStop(1153)) - Stopped o.e.j.s.ServletContextHandler@2fc2a3e9{logs,/logs,file:///home/runner/work/ozone/ozone/hadoop-ozone/integration-test/target/log,STOPPED}
2021-08-26 17:32:26,574 [ForkJoinPool.commonPool-worker-0] INFO  server.AbstractConnector (AbstractConnector.java:doStop(381)) - Stopped ServerConnector@73fb51bb{HTTP/1.1, (http/1.1)}{0.0.0.0:0}
2021-08-26 17:32:26,577 [ForkJoinPool.commonPool-worker-0] INFO  server.session (HouseKeeper.java:stopScavenging(149)) - node0 Stopped scavenging
2021-08-26 17:32:26,578 [ForkJoinPool.commonPool-worker-0] INFO  handler.ContextHandler (ContextHandler.java:doStop(1153)) - Stopped o.e.j.s.ServletContextHandler@11447b93{static,/static,jar:file:/home/runner/.m2/repository/org/apache/ozone/hdds-container-service/1.2.0-SNAPSHOT/hdds-container-service-1.2.0-SNAPSHOT.jar!/webapps/static,STOPPED}
2021-08-26 17:32:26,579 [ForkJoinPool.commonPool-worker-0] INFO  handler.ContextHandler (ContextHandler.java:doStop(1153)) - Stopped o.e.j.s.ServletContextHandler@50a01061{logs,/logs,file:///home/runner/work/ozone/ozone/hadoop-ozone/integration-test/target/log,STOPPED}
2021-08-26 17:32:26,641 [Datanode State Machine Thread - 0] INFO  statemachine.DatanodeStateMachine (DatanodeStateMachine.java:lambda$startDaemon$0(457)) - Ozone container server started.
2021-08-26 17:32:27,219 [Datanode State Machine Thread - 0] INFO  statemachine.DatanodeStateMachine (DatanodeStateMachine.java:lambda$startDaemon$0(457)) - Ozone container server started.
2021-08-26 17:32:28,095 [grpc-default-executor-1] WARN  server.GrpcLogAppender (LogUtils.java:warn(122)) - caca0df6-f340-40f9-9fdf-acdee16ce07d@group-581338FFE026->7ea02771-24eb-4f5a-8038-44a318ea5460-AppendLogResponseHandler: Failed appendEntries: org.apache.ratis.thirdparty.io.grpc.StatusRuntimeException: UNAVAILABLE: io exception
2021-08-26 17:32:28,096 [grpc-default-executor-1] WARN  server.GrpcLogAppender (GrpcLogAppender.java:resetClient(111)) - caca0df6-f340-40f9-9fdf-acdee16ce07d@group-581338FFE026->7ea02771-24eb-4f5a-8038-44a318ea5460-GrpcLogAppender: Leader has not got in touch with Follower caca0df6-f340-40f9-9fdf-acdee16ce07d@group-581338FFE026->7ea02771-24eb-4f5a-8038-44a318ea5460(c0,m0,n1, attendVote=true, lastRpcSendTime=2501, lastRpcResponseTime=5007) yet, just keep nextIndex unchanged and retry.
2021-08-26 17:32:28,131 [EventQueue-StaleNodeForStaleNodeHandler] INFO  node.StaleNodeHandler (StaleNodeHandler.java:onMessage(58)) - Datanode 7ea02771-24eb-4f5a-8038-44a318ea5460{ip: 10.1.0.42, host: fv-az122-729.zf1tlrj3kn4expqppa1j4mpycf.xx.internal.cloudapp.net, ports: [REPLICATION=36479, RATIS=37543, RATIS_ADMIN=37543, RATIS_SERVER=37543, STANDALONE=33905], networkLocation: /default-rack, certSerialId: null, persistedOpState: IN_SERVICE, persistedOpStateExpiryEpochSec: 0} moved to stale state. Finalizing its pipelines [PipelineID=9aeea41a-a5b7-4822-a628-581338ffe026, PipelineID=c70312f2-e64a-4b6e-85be-f0297e41a7c6, PipelineID=cbd71701-9592-43b7-bb2a-5ed93a64e77f]
2021-08-26 17:32:28,137 [EventQueue-StaleNodeForStaleNodeHandler] INFO  pipeline.PipelineManagerImpl (PipelineManagerImpl.java:closePipeline(342)) - Pipeline Pipeline[ Id: 9aeea41a-a5b7-4822-a628-581338ffe026, Nodes: 7ea02771-24eb-4f5a-8038-44a318ea5460{ip: 10.1.0.42, host: fv-az122-729.zf1tlrj3kn4expqppa1j4mpycf.xx.internal.cloudapp.net, ports: [REPLICATION=36479, RATIS=37543, RATIS_ADMIN=37543, RATIS_SERVER=37543, STANDALONE=33905], networkLocation: /default-rack, certSerialId: null, persistedOpState: IN_SERVICE, persistedOpStateExpiryEpochSec: 0}caca0df6-f340-40f9-9fdf-acdee16ce07d{ip: 10.1.0.42, host: fv-az122-729.zf1tlrj3kn4expqppa1j4mpycf.xx.internal.cloudapp.net, ports: [REPLICATION=38841, RATIS=39345, RATIS_ADMIN=39345, RATIS_SERVER=39345, STANDALONE=43837], networkLocation: /default-rack, certSerialId: null, persistedOpState: IN_SERVICE, persistedOpStateExpiryEpochSec: 0}c4880b1a-f63f-4492-a9df-0d04f2bfbd12{ip: 10.1.0.42, host: fv-az122-729.zf1tlrj3kn4expqppa1j4mpycf.xx.internal.cloudapp.net, ports: [REPLICATION=33083, RATIS=36835, RATIS_ADMIN=36835, RATIS_SERVER=36835, STANDALONE=32847], networkLocation: /default-rack, certSerialId: null, persistedOpState: IN_SERVICE, persistedOpStateExpiryEpochSec: 0}, ReplicationConfig: RATIS/THREE, State:OPEN, leaderId:caca0df6-f340-40f9-9fdf-acdee16ce07d, CreationTimestamp2021-08-26T17:31:41.871Z[Etc/UTC]] moved to CLOSED state
2021-08-26 17:32:28,137 [EventQueue-StaleNodeForStaleNodeHandler] INFO  pipeline.PipelineManagerImpl (PipelineManagerImpl.java:closePipeline(342)) - Pipeline Pipeline[ Id: c70312f2-e64a-4b6e-85be-f0297e41a7c6, Nodes: 7ea02771-24eb-4f5a-8038-44a318ea5460{ip: 10.1.0.42, host: fv-az122-729.zf1tlrj3kn4expqppa1j4mpycf.xx.internal.cloudapp.net, ports: [REPLICATION=36479, RATIS=37543, RATIS_ADMIN=37543, RATIS_SERVER=37543, STANDALONE=33905], networkLocation: /default-rack, certSerialId: null, persistedOpState: IN_SERVICE, persistedOpStateExpiryEpochSec: 0}, ReplicationConfig: RATIS/ONE, State:OPEN, leaderId:7ea02771-24eb-4f5a-8038-44a318ea5460, CreationTimestamp2021-08-26T17:31:41.690Z[Etc/UTC]] moved to CLOSED state
2021-08-26 17:32:28,138 [EventQueue-StaleNodeForStaleNodeHandler] INFO  pipeline.PipelineManagerImpl (PipelineManagerImpl.java:closePipeline(342)) - Pipeline Pipeline[ Id: cbd71701-9592-43b7-bb2a-5ed93a64e77f, Nodes: c4880b1a-f63f-4492-a9df-0d04f2bfbd12{ip: 10.1.0.42, host: fv-az122-729.zf1tlrj3kn4expqppa1j4mpycf.xx.internal.cloudapp.net, ports: [REPLICATION=33083, RATIS=36835, RATIS_ADMIN=36835, RATIS_SERVER=36835, STANDALONE=32847], networkLocation: /default-rack, certSerialId: null, persistedOpState: IN_SERVICE, persistedOpStateExpiryEpochSec: 0}caca0df6-f340-40f9-9fdf-acdee16ce07d{ip: 10.1.0.42, host: fv-az122-729.zf1tlrj3kn4expqppa1j4mpycf.xx.internal.cloudapp.net, ports: [REPLICATION=38841, RATIS=39345, RATIS_ADMIN=39345, RATIS_SERVER=39345, STANDALONE=43837], networkLocation: /default-rack, certSerialId: null, persistedOpState: IN_SERVICE, persistedOpStateExpiryEpochSec: 0}7ea02771-24eb-4f5a-8038-44a318ea5460{ip: 10.1.0.42, host: fv-az122-729.zf1tlrj3kn4expqppa1j4mpycf.xx.internal.cloudapp.net, ports: [REPLICATION=36479, RATIS=37543, RATIS_ADMIN=37543, RATIS_SERVER=37543, STANDALONE=33905], networkLocation: /default-rack, certSerialId: null, persistedOpState: IN_SERVICE, persistedOpStateExpiryEpochSec: 0}, ReplicationConfig: RATIS/THREE, State:OPEN, leaderId:7ea02771-24eb-4f5a-8038-44a318ea5460, CreationTimestamp2021-08-26T17:31:41.868Z[Etc/UTC]] moved to CLOSED state
2021-08-26 17:32:28,232 [EventQueue-StaleNodeForStaleNodeHandler] INFO  node.StaleNodeHandler (StaleNodeHandler.java:onMessage(58)) - Datanode 599d22f6-71b6-4f75-a803-0445b42d232b{ip: 10.1.0.42, host: fv-az122-729.zf1tlrj3kn4expqppa1j4mpycf.xx.internal.cloudapp.net, ports: [REPLICATION=36909, RATIS=34993, RATIS_ADMIN=34993, RATIS_SERVER=34993, STANDALONE=41961], networkLocation: /default-rack, certSerialId: null, persistedOpState: IN_SERVICE, persistedOpStateExpiryEpochSec: 0} moved to stale state. Finalizing its pipelines [PipelineID=6e219946-39fe-496d-b19f-5e6164caf897]
2021-08-26 17:32:28,232 [EventQueue-StaleNodeForStaleNodeHandler] INFO  pipeline.PipelineManagerImpl (PipelineManagerImpl.java:closePipeline(342)) - Pipeline Pipeline[ Id: 6e219946-39fe-496d-b19f-5e6164caf897, Nodes: 599d22f6-71b6-4f75-a803-0445b42d232b{ip: 10.1.0.42, host: fv-az122-729.zf1tlrj3kn4expqppa1j4mpycf.xx.internal.cloudapp.net, ports: [REPLICATION=36909, RATIS=34993, RATIS_ADMIN=34993, RATIS_SERVER=34993, STANDALONE=41961], networkLocation: /default-rack, certSerialId: null, persistedOpState: IN_SERVICE, persistedOpStateExpiryEpochSec: 0}, ReplicationConfig: RATIS/ONE, State:OPEN, leaderId:599d22f6-71b6-4f75-a803-0445b42d232b, CreationTimestamp2021-08-26T17:31:40.693Z[Etc/UTC]] moved to CLOSED state
2021-08-26 17:32:30,175 [c4880b1a-f63f-4492-a9df-0d04f2bfbd12@group-5ED93A64E77F-FollowerState] INFO  impl.FollowerState (FollowerState.java:run(134)) - c4880b1a-f63f-4492-a9df-0d04f2bfbd12@group-5ED93A64E77F-FollowerState: change to CANDIDATE, lastRpcElapsedTime:7473930587ns, electionTimeout:5068ms
2021-08-26 17:32:30,175 [c4880b1a-f63f-4492-a9df-0d04f2bfbd12@group-5ED93A64E77F-FollowerState] INFO  impl.RoleInfo (RoleInfo.java:shutdownFollowerState(108)) - c4880b1a-f63f-4492-a9df-0d04f2bfbd12: shutdown c4880b1a-f63f-4492-a9df-0d04f2bfbd12@group-5ED93A64E77F-FollowerState
2021-08-26 17:32:30,175 [c4880b1a-f63f-4492-a9df-0d04f2bfbd12@group-5ED93A64E77F-FollowerState] INFO  server.RaftServer$Division (RaftServerImpl.java:setRole(285)) - c4880b1a-f63f-4492-a9df-0d04f2bfbd12@group-5ED93A64E77F: changes role from  FOLLOWER to CANDIDATE at term 5 for changeToCandidate
2021-08-26 17:32:30,175 [c4880b1a-f63f-4492-a9df-0d04f2bfbd12@group-5ED93A64E77F-FollowerState] INFO  server.RaftServerConfigKeys (ConfUtils.java:logGet(44)) - raft.server.leaderelection.pre-vote = false (custom)
2021-08-26 17:32:30,176 [c4880b1a-f63f-4492-a9df-0d04f2bfbd12@group-5ED93A64E77F-FollowerState] INFO  impl.RoleInfo (RoleInfo.java:updateAndGet(130)) - c4880b1a-f63f-4492-a9df-0d04f2bfbd12: start c4880b1a-f63f-4492-a9df-0d04f2bfbd12@group-5ED93A64E77F-LeaderElection28
2021-08-26 17:32:30,185 [c4880b1a-f63f-4492-a9df-0d04f2bfbd12@group-5ED93A64E77F-LeaderElection28] INFO  server.RaftServer$Division (ServerState.java:setLeader(285)) - c4880b1a-f63f-4492-a9df-0d04f2bfbd12@group-5ED93A64E77F: change Leader from 7ea02771-24eb-4f5a-8038-44a318ea5460 to null at term 5 for ELECTION
2021-08-26 17:32:30,187 [caca0df6-f340-40f9-9fdf-acdee16ce07d@group-5ED93A64E77F-FollowerState] INFO  impl.FollowerState (FollowerState.java:run(134)) - caca0df6-f340-40f9-9fdf-acdee16ce07d@group-5ED93A64E77F-FollowerState: change to CANDIDATE, lastRpcElapsedTime:7493566993ns, electionTimeout:5065ms
2021-08-26 17:32:30,187 [caca0df6-f340-40f9-9fdf-acdee16ce07d@group-5ED93A64E77F-FollowerState] INFO  impl.RoleInfo (RoleInfo.java:shutdownFollowerState(108)) - caca0df6-f340-40f9-9fdf-acdee16ce07d: shutdown caca0df6-f340-40f9-9fdf-acdee16ce07d@group-5ED93A64E77F-FollowerState
2021-08-26 17:32:30,187 [caca0df6-f340-40f9-9fdf-acdee16ce07d@group-5ED93A64E77F-FollowerState] INFO  server.RaftServer$Division (RaftServerImpl.java:setRole(285)) - caca0df6-f340-40f9-9fdf-acdee16ce07d@group-5ED93A64E77F: changes role from  FOLLOWER to CANDIDATE at term 5 for changeToCandidate
2021-08-26 17:32:30,187 [caca0df6-f340-40f9-9fdf-acdee16ce07d@group-5ED93A64E77F-FollowerState] INFO  server.RaftServerConfigKeys (ConfUtils.java:logGet(44)) - raft.server.leaderelection.pre-vote = false (custom)
2021-08-26 17:32:30,187 [caca0df6-f340-40f9-9fdf-acdee16ce07d@group-5ED93A64E77F-FollowerState] INFO  impl.RoleInfo (RoleInfo.java:updateAndGet(130)) - caca0df6-f340-40f9-9fdf-acdee16ce07d: start caca0df6-f340-40f9-9fdf-acdee16ce07d@group-5ED93A64E77F-LeaderElection29
2021-08-26 17:32:30,189 [c4880b1a-f63f-4492-a9df-0d04f2bfbd12@group-5ED93A64E77F-LeaderElection28] INFO  impl.LeaderElection (LeaderElection.java:askForVotes(306)) - c4880b1a-f63f-4492-a9df-0d04f2bfbd12@group-5ED93A64E77F-LeaderElection28 ELECTION round 0: submit vote requests at term 6 for 0: [c4880b1a-f63f-4492-a9df-0d04f2bfbd12|rpc:10.1.0.42:36835|dataStream:|priority:0, caca0df6-f340-40f9-9fdf-acdee16ce07d|rpc:10.1.0.42:39345|dataStream:|priority:0, 7ea02771-24eb-4f5a-8038-44a318ea5460|rpc:10.1.0.42:37543|dataStream:|priority:1], old=null
2021-08-26 17:32:30,203 [caca0df6-f340-40f9-9fdf-acdee16ce07d@group-5ED93A64E77F-LeaderElection29] INFO  server.RaftServer$Division (ServerState.java:setLeader(285)) - caca0df6-f340-40f9-9fdf-acdee16ce07d@group-5ED93A64E77F: change Leader from 7ea02771-24eb-4f5a-8038-44a318ea5460 to null at term 5 for ELECTION
2021-08-26 17:32:30,209 [grpc-default-executor-2] INFO  server.RaftServer$Division (RaftServerImpl.java:requestVote(1043)) - caca0df6-f340-40f9-9fdf-acdee16ce07d@group-5ED93A64E77F: receive requestVote(ELECTION, c4880b1a-f63f-4492-a9df-0d04f2bfbd12, group-5ED93A64E77F, 6, (t:5, i:0))
2021-08-26 17:32:30,210 [grpc-default-executor-2] INFO  impl.VoteContext (VoteContext.java:log(48)) - caca0df6-f340-40f9-9fdf-acdee16ce07d@group-5ED93A64E77F-CANDIDATE: reject ELECTION from c4880b1a-f63f-4492-a9df-0d04f2bfbd12: already has voted for caca0df6-f340-40f9-9fdf-acdee16ce07d at current term 6
2021-08-26 17:32:30,210 [grpc-default-executor-2] INFO  server.RaftServer$Division (RaftServerImpl.java:requestVote(1075)) - caca0df6-f340-40f9-9fdf-acdee16ce07d@group-5ED93A64E77F replies to ELECTION vote request: c4880b1a-f63f-4492-a9df-0d04f2bfbd12<-caca0df6-f340-40f9-9fdf-acdee16ce07d#0:FAIL-t6. Peer's state: caca0df6-f340-40f9-9fdf-acdee16ce07d@group-5ED93A64E77F:t6, leader=null, voted=caca0df6-f340-40f9-9fdf-acdee16ce07d, raftlog=caca0df6-f340-40f9-9fdf-acdee16ce07d@group-5ED93A64E77F-SegmentedRaftLog:OPENED:c0,f0,i0, conf=0: [c4880b1a-f63f-4492-a9df-0d04f2bfbd12|rpc:10.1.0.42:36835|dataStream:|priority:0, caca0df6-f340-40f9-9fdf-acdee16ce07d|rpc:10.1.0.42:39345|dataStream:|priority:0, 7ea02771-24eb-4f5a-8038-44a318ea5460|rpc:10.1.0.42:37543|dataStream:|priority:1], old=null
2021-08-26 17:32:30,215 [caca0df6-f340-40f9-9fdf-acdee16ce07d@group-5ED93A64E77F-LeaderElection29] INFO  impl.LeaderElection (LeaderElection.java:askForVotes(306)) - caca0df6-f340-40f9-9fdf-acdee16ce07d@group-5ED93A64E77F-LeaderElection29 ELECTION round 0: submit vote requests at term 6 for 0: [c4880b1a-f63f-4492-a9df-0d04f2bfbd12|rpc:10.1.0.42:36835|dataStream:|priority:0, caca0df6-f340-40f9-9fdf-acdee16ce07d|rpc:10.1.0.42:39345|dataStream:|priority:0, 7ea02771-24eb-4f5a-8038-44a318ea5460|rpc:10.1.0.42:37543|dataStream:|priority:1], old=null
2021-08-26 17:32:30,233 [grpc-default-executor-2] INFO  server.RaftServer$Division (RaftServerImpl.java:requestVote(1043)) - c4880b1a-f63f-4492-a9df-0d04f2bfbd12@group-5ED93A64E77F: receive requestVote(ELECTION, caca0df6-f340-40f9-9fdf-acdee16ce07d, group-5ED93A64E77F, 6, (t:5, i:0))
2021-08-26 17:32:30,234 [grpc-default-executor-2] INFO  impl.VoteContext (VoteContext.java:log(48)) - c4880b1a-f63f-4492-a9df-0d04f2bfbd12@group-5ED93A64E77F-CANDIDATE: reject ELECTION from caca0df6-f340-40f9-9fdf-acdee16ce07d: already has voted for c4880b1a-f63f-4492-a9df-0d04f2bfbd12 at current term 6
2021-08-26 17:32:30,234 [grpc-default-executor-2] INFO  server.RaftServer$Division (RaftServerImpl.java:requestVote(1075)) - c4880b1a-f63f-4492-a9df-0d04f2bfbd12@group-5ED93A64E77F replies to ELECTION vote request: caca0df6-f340-40f9-9fdf-acdee16ce07d<-c4880b1a-f63f-4492-a9df-0d04f2bfbd12#0:FAIL-t6. Peer's state: c4880b1a-f63f-4492-a9df-0d04f2bfbd12@group-5ED93A64E77F:t6, leader=null, voted=c4880b1a-f63f-4492-a9df-0d04f2bfbd12, raftlog=c4880b1a-f63f-4492-a9df-0d04f2bfbd12@group-5ED93A64E77F-SegmentedRaftLog:OPENED:c0,f0,i0, conf=0: [c4880b1a-f63f-4492-a9df-0d04f2bfbd12|rpc:10.1.0.42:36835|dataStream:|priority:0, caca0df6-f340-40f9-9fdf-acdee16ce07d|rpc:10.1.0.42:39345|dataStream:|priority:0, 7ea02771-24eb-4f5a-8038-44a318ea5460|rpc:10.1.0.42:37543|dataStream:|priority:1], old=null
2021-08-26 17:32:30,237 [c4880b1a-f63f-4492-a9df-0d04f2bfbd12@group-5ED93A64E77F-LeaderElection28] INFO  impl.LeaderElection (LogUtils.java:infoOrTrace(137)) - c4880b1a-f63f-4492-a9df-0d04f2bfbd12@group-5ED93A64E77F-LeaderElection28 got exception when requesting votes: java.util.concurrent.ExecutionException: org.apache.ratis.thirdparty.io.grpc.StatusRuntimeException: UNAVAILABLE: io exception
2021-08-26 17:32:30,237 [c4880b1a-f63f-4492-a9df-0d04f2bfbd12@group-5ED93A64E77F-LeaderElection28] INFO  impl.LeaderElection (LeaderElection.java:logAndReturn(89)) - c4880b1a-f63f-4492-a9df-0d04f2bfbd12@group-5ED93A64E77F-LeaderElection28: ELECTION REJECTED received 1 response(s) and 1 exception(s):
2021-08-26 17:32:30,237 [c4880b1a-f63f-4492-a9df-0d04f2bfbd12@group-5ED93A64E77F-LeaderElection28] INFO  impl.LeaderElection (LeaderElection.java:logAndReturn(93)) -   Response 0: c4880b1a-f63f-4492-a9df-0d04f2bfbd12<-caca0df6-f340-40f9-9fdf-acdee16ce07d#0:FAIL-t6
2021-08-26 17:32:30,237 [c4880b1a-f63f-4492-a9df-0d04f2bfbd12@group-5ED93A64E77F-LeaderElection28] INFO  impl.LeaderElection (LogUtils.java:infoOrTrace(137)) -   Exception 1: java.util.concurrent.ExecutionException: org.apache.ratis.thirdparty.io.grpc.StatusRuntimeException: UNAVAILABLE: io exception
2021-08-26 17:32:30,237 [c4880b1a-f63f-4492-a9df-0d04f2bfbd12@group-5ED93A64E77F-LeaderElection28] INFO  impl.LeaderElection (LeaderElection.java:askForVotes(308)) - c4880b1a-f63f-4492-a9df-0d04f2bfbd12@group-5ED93A64E77F-LeaderElection28 ELECTION round 0: result REJECTED
2021-08-26 17:32:30,237 [c4880b1a-f63f-4492-a9df-0d04f2bfbd12@group-5ED93A64E77F-LeaderElection28] INFO  server.RaftServer$Division (RaftServerImpl.java:setRole(285)) - c4880b1a-f63f-4492-a9df-0d04f2bfbd12@group-5ED93A64E77F: changes role from CANDIDATE to FOLLOWER at term 6 for REJECTED
2021-08-26 17:32:30,237 [c4880b1a-f63f-4492-a9df-0d04f2bfbd12@group-5ED93A64E77F-LeaderElection28] INFO  impl.RoleInfo (RoleInfo.java:shutdownLeaderElection(121)) - c4880b1a-f63f-4492-a9df-0d04f2bfbd12: shutdown c4880b1a-f63f-4492-a9df-0d04f2bfbd12@group-5ED93A64E77F-LeaderElection28
2021-08-26 17:32:30,237 [c4880b1a-f63f-4492-a9df-0d04f2bfbd12@group-5ED93A64E77F-LeaderElection28] INFO  impl.RoleInfo (RoleInfo.java:updateAndGet(130)) - c4880b1a-f63f-4492-a9df-0d04f2bfbd12: start c4880b1a-f63f-4492-a9df-0d04f2bfbd12@group-5ED93A64E77F-FollowerState
2021-08-26 17:32:30,243 [caca0df6-f340-40f9-9fdf-acdee16ce07d@group-5ED93A64E77F-LeaderElection29] INFO  impl.LeaderElection (LogUtils.java:infoOrTrace(137)) - caca0df6-f340-40f9-9fdf-acdee16ce07d@group-5ED93A64E77F-LeaderElection29 got exception when requesting votes: java.util.concurrent.ExecutionException: org.apache.ratis.thirdparty.io.grpc.StatusRuntimeException: UNAVAILABLE: io exception
2021-08-26 17:32:30,243 [caca0df6-f340-40f9-9fdf-acdee16ce07d@group-5ED93A64E77F-LeaderElection29] INFO  impl.LeaderElection (LeaderElection.java:logAndReturn(89)) - caca0df6-f340-40f9-9fdf-acdee16ce07d@group-5ED93A64E77F-LeaderElection29: ELECTION REJECTED received 1 response(s) and 1 exception(s):
2021-08-26 17:32:30,243 [caca0df6-f340-40f9-9fdf-acdee16ce07d@group-5ED93A64E77F-LeaderElection29] INFO  impl.LeaderElection (LeaderElection.java:logAndReturn(93)) -   Response 0: caca0df6-f340-40f9-9fdf-acdee16ce07d<-c4880b1a-f63f-4492-a9df-0d04f2bfbd12#0:FAIL-t6
2021-08-26 17:32:30,243 [caca0df6-f340-40f9-9fdf-acdee16ce07d@group-5ED93A64E77F-LeaderElection29] INFO  impl.LeaderElection (LogUtils.java:infoOrTrace(137)) -   Exception 1: java.util.concurrent.ExecutionException: org.apache.ratis.thirdparty.io.grpc.StatusRuntimeException: UNAVAILABLE: io exception
2021-08-26 17:32:30,243 [caca0df6-f340-40f9-9fdf-acdee16ce07d@group-5ED93A64E77F-LeaderElection29] INFO  impl.LeaderElection (LeaderElection.java:askForVotes(308)) - caca0df6-f340-40f9-9fdf-acdee16ce07d@group-5ED93A64E77F-LeaderElection29 ELECTION round 0: result REJECTED
2021-08-26 17:32:30,244 [caca0df6-f340-40f9-9fdf-acdee16ce07d@group-5ED93A64E77F-LeaderElection29] INFO  server.RaftServer$Division (RaftServerImpl.java:setRole(285)) - caca0df6-f340-40f9-9fdf-acdee16ce07d@group-5ED93A64E77F: changes role from CANDIDATE to FOLLOWER at term 6 for REJECTED
2021-08-26 17:32:30,244 [caca0df6-f340-40f9-9fdf-acdee16ce07d@group-5ED93A64E77F-LeaderElection29] INFO  impl.RoleInfo (RoleInfo.java:shutdownLeaderElection(121)) - caca0df6-f340-40f9-9fdf-acdee16ce07d: shutdown caca0df6-f340-40f9-9fdf-acdee16ce07d@group-5ED93A64E77F-LeaderElection29
2021-08-26 17:32:30,244 [caca0df6-f340-40f9-9fdf-acdee16ce07d@group-5ED93A64E77F-LeaderElection29] INFO  impl.RoleInfo (RoleInfo.java:updateAndGet(130)) - caca0df6-f340-40f9-9fdf-acdee16ce07d: start caca0df6-f340-40f9-9fdf-acdee16ce07d@group-5ED93A64E77F-FollowerState
2021-08-26 17:32:30,607 [grpc-default-executor-2] WARN  server.GrpcLogAppender (LogUtils.java:warn(122)) - caca0df6-f340-40f9-9fdf-acdee16ce07d@group-581338FFE026->7ea02771-24eb-4f5a-8038-44a318ea5460-AppendLogResponseHandler: Failed appendEntries: org.apache.ratis.thirdparty.io.grpc.StatusRuntimeException: UNAVAILABLE: io exception
2021-08-26 17:32:30,608 [grpc-default-executor-2] WARN  server.GrpcLogAppender (GrpcLogAppender.java:resetClient(111)) - caca0df6-f340-40f9-9fdf-acdee16ce07d@group-581338FFE026->7ea02771-24eb-4f5a-8038-44a318ea5460-GrpcLogAppender: Leader has not got in touch with Follower caca0df6-f340-40f9-9fdf-acdee16ce07d@group-581338FFE026->7ea02771-24eb-4f5a-8038-44a318ea5460(c0,m0,n1, attendVote=true, lastRpcSendTime=2505, lastRpcResponseTime=7519) yet, just keep nextIndex unchanged and retry.
2021-08-26 17:32:31,581 [Listener at 127.0.0.1/35991] INFO  ozoneimpl.OzoneContainer (OzoneContainer.java:stop(326)) - Attempting to stop container services.
2021-08-26 17:32:31,582 [Listener at 127.0.0.1/35991] INFO  server.RaftServer (RaftServerProxy.java:lambda$close$6(391)) - c4880b1a-f63f-4492-a9df-0d04f2bfbd12: close
2021-08-26 17:32:31,582 [Listener at 127.0.0.1/35991] INFO  server.RaftServer$Division (RaftServerImpl.java:lambda$close$4(407)) - c4880b1a-f63f-4492-a9df-0d04f2bfbd12@group-581338FFE026: shutdown
2021-08-26 17:32:31,582 [Listener at 127.0.0.1/35991] INFO  util.JmxRegister (JmxRegister.java:unregister(73)) - Successfully un-registered JMX Bean with object name Ratis:service=RaftServer,group=group-581338FFE026,id=c4880b1a-f63f-4492-a9df-0d04f2bfbd12
2021-08-26 17:32:31,583 [Listener at 127.0.0.1/35991] INFO  impl.RoleInfo (RoleInfo.java:shutdownFollowerState(108)) - c4880b1a-f63f-4492-a9df-0d04f2bfbd12: shutdown c4880b1a-f63f-4492-a9df-0d04f2bfbd12@group-581338FFE026-FollowerState
2021-08-26 17:32:31,583 [Listener at 127.0.0.1/35991] INFO  impl.StateMachineUpdater (StateMachineUpdater.java:stopAndJoin(149)) - c4880b1a-f63f-4492-a9df-0d04f2bfbd12@group-581338FFE026-StateMachineUpdater: set stopIndex = 0
2021-08-26 17:32:31,583 [c4880b1a-f63f-4492-a9df-0d04f2bfbd12@group-581338FFE026-FollowerState] INFO  impl.FollowerState (FollowerState.java:run(143)) - c4880b1a-f63f-4492-a9df-0d04f2bfbd12@group-581338FFE026-FollowerState was interrupted: {}
java.lang.InterruptedException: sleep interrupted
	at java.lang.Thread.sleep(Native Method)
	at java.lang.Thread.sleep(Thread.java:340)
	at java.util.concurrent.TimeUnit.sleep(TimeUnit.java:386)
	at org.apache.ratis.util.TimeDuration.sleep(TimeDuration.java:324)
	at org.apache.ratis.util.TimeDuration.sleep(TimeDuration.java:309)
	at org.apache.ratis.server.impl.FollowerState.run(FollowerState.java:118)
2021-08-26 17:32:31,583 [ForkJoinPool.commonPool-worker-0] INFO  ozoneimpl.OzoneContainer (OzoneContainer.java:stop(326)) - Attempting to stop container services.
2021-08-26 17:32:31,583 [c4880b1a-f63f-4492-a9df-0d04f2bfbd12@group-581338FFE026-StateMachineUpdater] INFO  ratis.ContainerStateMachine (ContainerStateMachine.java:takeSnapshot(292)) - group-581338FFE026: Taking a snapshot at:(t:6, i:0) file /home/runner/work/ozone/ozone/hadoop-ozone/integration-test/target/test-dir/MiniOzoneClusterImpl-daa96565-427e-4fca-a993-08525edc6fa6/datanode-3/data/ratis/9aeea41a-a5b7-4822-a628-581338ffe026/sm/snapshot.6_0
2021-08-26 17:32:31,584 [ForkJoinPool.commonPool-worker-0] INFO  server.RaftServer (RaftServerProxy.java:lambda$close$6(391)) - 65be39c6-5763-4636-a9b6-aaf36d3fe099: close
2021-08-26 17:32:31,584 [ForkJoinPool.commonPool-worker-0] INFO  server.RaftServer$Division (RaftServerImpl.java:lambda$close$4(407)) - 65be39c6-5763-4636-a9b6-aaf36d3fe099@group-2F663AC5F006: shutdown
2021-08-26 17:32:31,585 [ForkJoinPool.commonPool-worker-0] INFO  util.JmxRegister (JmxRegister.java:unregister(73)) - Successfully un-registered JMX Bean with object name Ratis:service=RaftServer,group=group-2F663AC5F006,id=65be39c6-5763-4636-a9b6-aaf36d3fe099
2021-08-26 17:32:31,585 [ForkJoinPool.commonPool-worker-0] INFO  impl.RoleInfo (RoleInfo.java:shutdownLeaderState(91)) - 65be39c6-5763-4636-a9b6-aaf36d3fe099: shutdown 65be39c6-5763-4636-a9b6-aaf36d3fe099@group-2F663AC5F006-LeaderStateImpl
2021-08-26 17:32:31,585 [ForkJoinPool.commonPool-worker-0] INFO  impl.PendingRequests (PendingRequests.java:sendNotLeaderResponses(282)) - 65be39c6-5763-4636-a9b6-aaf36d3fe099@group-2F663AC5F006-PendingRequests: sendNotLeaderResponses
2021-08-26 17:32:31,585 [ForkJoinPool.commonPool-worker-0] INFO  impl.StateMachineUpdater (StateMachineUpdater.java:stopAndJoin(149)) - 65be39c6-5763-4636-a9b6-aaf36d3fe099@group-2F663AC5F006-StateMachineUpdater: set stopIndex = 0
2021-08-26 17:32:31,586 [c4880b1a-f63f-4492-a9df-0d04f2bfbd12@group-581338FFE026-StateMachineUpdater] INFO  ratis.ContainerStateMachine (ContainerStateMachine.java:takeSnapshot(303)) - group-581338FFE026: Finished taking a snapshot at:(t:6, i:0) file:/home/runner/work/ozone/ozone/hadoop-ozone/integration-test/target/test-dir/MiniOzoneClusterImpl-daa96565-427e-4fca-a993-08525edc6fa6/datanode-3/data/ratis/9aeea41a-a5b7-4822-a628-581338ffe026/sm/snapshot.6_0 took: 3 ms
2021-08-26 17:32:31,586 [c4880b1a-f63f-4492-a9df-0d04f2bfbd12@group-581338FFE026-StateMachineUpdater] INFO  impl.StateMachineUpdater (StateMachineUpdater.java:takeSnapshot(281)) - c4880b1a-f63f-4492-a9df-0d04f2bfbd12@group-581338FFE026-StateMachineUpdater: Took a snapshot at index 0
2021-08-26 17:32:31,586 [c4880b1a-f63f-4492-a9df-0d04f2bfbd12@group-581338FFE026-StateMachineUpdater] INFO  impl.StateMachineUpdater (StateMachineUpdater.java:lambda$new$0(89)) - c4880b1a-f63f-4492-a9df-0d04f2bfbd12@group-581338FFE026-StateMachineUpdater: snapshotIndex: updateIncreasingly -1 -> 0
2021-08-26 17:32:31,586 [Listener at 127.0.0.1/35991] INFO  server.RaftServer$Division (ServerState.java:close(419)) - c4880b1a-f63f-4492-a9df-0d04f2bfbd12@group-581338FFE026: closes. applyIndex: 0
2021-08-26 17:32:31,586 [c4880b1a-f63f-4492-a9df-0d04f2bfbd12@group-581338FFE026-SegmentedRaftLogWorker] INFO  segmented.SegmentedRaftLogWorker (SegmentedRaftLogWorker.java:run(327)) - c4880b1a-f63f-4492-a9df-0d04f2bfbd12@group-581338FFE026-SegmentedRaftLogWorker was interrupted, exiting. There are 0 tasks remaining in the queue.
2021-08-26 17:32:31,587 [Listener at 127.0.0.1/35991] INFO  segmented.SegmentedRaftLogWorker (SegmentedRaftLogWorker.java:close(237)) - c4880b1a-f63f-4492-a9df-0d04f2bfbd12@group-581338FFE026-SegmentedRaftLogWorker close()
2021-08-26 17:32:31,587 [65be39c6-5763-4636-a9b6-aaf36d3fe099@group-2F663AC5F006-StateMachineUpdater] INFO  ratis.ContainerStateMachine (ContainerStateMachine.java:takeSnapshot(292)) - group-2F663AC5F006: Taking a snapshot at:(t:1, i:0) file /home/runner/work/ozone/ozone/hadoop-ozone/integration-test/target/test-dir/MiniOzoneClusterImpl-daa96565-427e-4fca-a993-08525edc6fa6/datanode-6/data/ratis/a20983d8-2902-4668-8b1a-2f663ac5f006/sm/snapshot.1_0
2021-08-26 17:32:31,592 [Listener at 127.0.0.1/35991] INFO  server.RaftServer$Division (RaftServerImpl.java:lambda$close$4(407)) - c4880b1a-f63f-4492-a9df-0d04f2bfbd12@group-111F3325A230: shutdown
2021-08-26 17:32:31,601 [Listener at 127.0.0.1/35991] INFO  util.JmxRegister (JmxRegister.java:unregister(73)) - Successfully un-registered JMX Bean with object name Ratis:service=RaftServer,group=group-111F3325A230,id=c4880b1a-f63f-4492-a9df-0d04f2bfbd12
2021-08-26 17:32:31,601 [Listener at 127.0.0.1/35991] INFO  impl.RoleInfo (RoleInfo.java:shutdownLeaderState(91)) - c4880b1a-f63f-4492-a9df-0d04f2bfbd12: shutdown c4880b1a-f63f-4492-a9df-0d04f2bfbd12@group-111F3325A230-LeaderStateImpl
2021-08-26 17:32:31,601 [65be39c6-5763-4636-a9b6-aaf36d3fe099@group-2F663AC5F006-StateMachineUpdater] INFO  ratis.ContainerStateMachine (ContainerStateMachine.java:takeSnapshot(303)) - group-2F663AC5F006: Finished taking a snapshot at:(t:1, i:0) file:/home/runner/work/ozone/ozone/hadoop-ozone/integration-test/target/test-dir/MiniOzoneClusterImpl-daa96565-427e-4fca-a993-08525edc6fa6/datanode-6/data/ratis/a20983d8-2902-4668-8b1a-2f663ac5f006/sm/snapshot.1_0 took: 14 ms
2021-08-26 17:32:31,601 [65be39c6-5763-4636-a9b6-aaf36d3fe099@group-2F663AC5F006-StateMachineUpdater] INFO  impl.StateMachineUpdater (StateMachineUpdater.java:takeSnapshot(281)) - 65be39c6-5763-4636-a9b6-aaf36d3fe099@group-2F663AC5F006-StateMachineUpdater: Took a snapshot at index 0
2021-08-26 17:32:31,601 [65be39c6-5763-4636-a9b6-aaf36d3fe099@group-2F663AC5F006-StateMachineUpdater] INFO  impl.StateMachineUpdater (StateMachineUpdater.java:lambda$new$0(89)) - 65be39c6-5763-4636-a9b6-aaf36d3fe099@group-2F663AC5F006-StateMachineUpdater: snapshotIndex: updateIncreasingly -1 -> 0
2021-08-26 17:32:31,602 [ForkJoinPool.commonPool-worker-0] INFO  server.RaftServer$Division (ServerState.java:close(419)) - 65be39c6-5763-4636-a9b6-aaf36d3fe099@group-2F663AC5F006: closes. applyIndex: 0
2021-08-26 17:32:31,602 [65be39c6-5763-4636-a9b6-aaf36d3fe099@group-2F663AC5F006-SegmentedRaftLogWorker] INFO  segmented.SegmentedRaftLogWorker (SegmentedRaftLogWorker.java:run(327)) - 65be39c6-5763-4636-a9b6-aaf36d3fe099@group-2F663AC5F006-SegmentedRaftLogWorker was interrupted, exiting. There are 0 tasks remaining in the queue.
2021-08-26 17:32:31,602 [ForkJoinPool.commonPool-worker-0] INFO  segmented.SegmentedRaftLogWorker (SegmentedRaftLogWorker.java:close(237)) - 65be39c6-5763-4636-a9b6-aaf36d3fe099@group-2F663AC5F006-SegmentedRaftLogWorker close()
2021-08-26 17:32:31,603 [ForkJoinPool.commonPool-worker-0] INFO  server.GrpcService (GrpcService.java:closeImpl(262)) - 65be39c6-5763-4636-a9b6-aaf36d3fe099: shutdown server with port 44293 now
2021-08-26 17:32:31,603 [Listener at 127.0.0.1/35991] INFO  impl.PendingRequests (PendingRequests.java:sendNotLeaderResponses(282)) - c4880b1a-f63f-4492-a9df-0d04f2bfbd12@group-111F3325A230-PendingRequests: sendNotLeaderResponses
2021-08-26 17:32:31,619 [Listener at 127.0.0.1/35991] INFO  impl.StateMachineUpdater (StateMachineUpdater.java:stopAndJoin(149)) - c4880b1a-f63f-4492-a9df-0d04f2bfbd12@group-111F3325A230-StateMachineUpdater: set stopIndex = 0
2021-08-26 17:32:31,620 [c4880b1a-f63f-4492-a9df-0d04f2bfbd12@group-111F3325A230-StateMachineUpdater] INFO  ratis.ContainerStateMachine (ContainerStateMachine.java:takeSnapshot(292)) - group-111F3325A230: Taking a snapshot at:(t:1, i:0) file /home/runner/work/ozone/ozone/hadoop-ozone/integration-test/target/test-dir/MiniOzoneClusterImpl-daa96565-427e-4fca-a993-08525edc6fa6/datanode-3/data/ratis/910e6ca5-972a-4122-95df-111f3325a230/sm/snapshot.1_0
2021-08-26 17:32:31,611 [ForkJoinPool.commonPool-worker-0] INFO  server.GrpcService (GrpcService.java:closeImpl(271)) - 65be39c6-5763-4636-a9b6-aaf36d3fe099: shutdown server with port 44293 successfully
2021-08-26 17:32:31,620 [org.apache.ratis.util.JvmPauseMonitor$$Lambda$531/1273545383@479f25b6] INFO  util.JvmPauseMonitor (JvmPauseMonitor.java:run(109)) - JvmPauseMonitor-65be39c6-5763-4636-a9b6-aaf36d3fe099: Stopped
2021-08-26 17:32:31,628 [ForkJoinPool.commonPool-worker-0] INFO  utils.BackgroundService (BackgroundService.java:shutdown(132)) - Shutting down service BlockDeletingService
2021-08-26 17:32:31,631 [c4880b1a-f63f-4492-a9df-0d04f2bfbd12@group-111F3325A230-StateMachineUpdater] INFO  ratis.ContainerStateMachine (ContainerStateMachine.java:takeSnapshot(303)) - group-111F3325A230: Finished taking a snapshot at:(t:1, i:0) file:/home/runner/work/ozone/ozone/hadoop-ozone/integration-test/target/test-dir/MiniOzoneClusterImpl-daa96565-427e-4fca-a993-08525edc6fa6/datanode-3/data/ratis/910e6ca5-972a-4122-95df-111f3325a230/sm/snapshot.1_0 took: 11 ms
2021-08-26 17:32:31,631 [c4880b1a-f63f-4492-a9df-0d04f2bfbd12@group-111F3325A230-StateMachineUpdater] INFO  impl.StateMachineUpdater (StateMachineUpdater.java:takeSnapshot(281)) - c4880b1a-f63f-4492-a9df-0d04f2bfbd12@group-111F3325A230-StateMachineUpdater: Took a snapshot at index 0
2021-08-26 17:32:31,631 [c4880b1a-f63f-4492-a9df-0d04f2bfbd12@group-111F3325A230-StateMachineUpdater] INFO  impl.StateMachineUpdater (StateMachineUpdater.java:lambda$new$0(89)) - c4880b1a-f63f-4492-a9df-0d04f2bfbd12@group-111F3325A230-StateMachineUpdater: snapshotIndex: updateIncreasingly -1 -> 0
2021-08-26 17:32:31,632 [Listener at 127.0.0.1/35991] INFO  server.RaftServer$Division (ServerState.java:close(419)) - c4880b1a-f63f-4492-a9df-0d04f2bfbd12@group-111F3325A230: closes. applyIndex: 0
2021-08-26 17:32:31,632 [c4880b1a-f63f-4492-a9df-0d04f2bfbd12@group-111F3325A230-SegmentedRaftLogWorker] INFO  segmented.SegmentedRaftLogWorker (SegmentedRaftLogWorker.java:run(327)) - c4880b1a-f63f-4492-a9df-0d04f2bfbd12@group-111F3325A230-SegmentedRaftLogWorker was interrupted, exiting. There are 0 tasks remaining in the queue.
2021-08-26 17:32:31,632 [Listener at 127.0.0.1/35991] INFO  segmented.SegmentedRaftLogWorker (SegmentedRaftLogWorker.java:close(237)) - c4880b1a-f63f-4492-a9df-0d04f2bfbd12@group-111F3325A230-SegmentedRaftLogWorker close()
2021-08-26 17:32:31,663 [Listener at 127.0.0.1/35991] INFO  server.RaftServer$Division (RaftServerImpl.java:lambda$close$4(407)) - c4880b1a-f63f-4492-a9df-0d04f2bfbd12@group-5ED93A64E77F: shutdown
2021-08-26 17:32:31,664 [Listener at 127.0.0.1/35991] INFO  util.JmxRegister (JmxRegister.java:unregister(73)) - Successfully un-registered JMX Bean with object name Ratis:service=RaftServer,group=group-5ED93A64E77F,id=c4880b1a-f63f-4492-a9df-0d04f2bfbd12
2021-08-26 17:32:31,664 [Listener at 127.0.0.1/35991] INFO  impl.RoleInfo (RoleInfo.java:shutdownFollowerState(108)) - c4880b1a-f63f-4492-a9df-0d04f2bfbd12: shutdown c4880b1a-f63f-4492-a9df-0d04f2bfbd12@group-5ED93A64E77F-FollowerState
2021-08-26 17:32:31,664 [Listener at 127.0.0.1/35991] INFO  impl.StateMachineUpdater (StateMachineUpdater.java:stopAndJoin(149)) - c4880b1a-f63f-4492-a9df-0d04f2bfbd12@group-5ED93A64E77F-StateMachineUpdater: set stopIndex = 0
2021-08-26 17:32:31,664 [c4880b1a-f63f-4492-a9df-0d04f2bfbd12@group-5ED93A64E77F-FollowerState] INFO  impl.FollowerState (FollowerState.java:run(143)) - c4880b1a-f63f-4492-a9df-0d04f2bfbd12@group-5ED93A64E77F-FollowerState was interrupted: {}
java.lang.InterruptedException: sleep interrupted
	at java.lang.Thread.sleep(Native Method)
	at java.lang.Thread.sleep(Thread.java:340)
	at java.util.concurrent.TimeUnit.sleep(TimeUnit.java:386)
	at org.apache.ratis.util.TimeDuration.sleep(TimeDuration.java:324)
	at org.apache.ratis.util.TimeDuration.sleep(TimeDuration.java:309)
	at org.apache.ratis.server.impl.FollowerState.run(FollowerState.java:118)
2021-08-26 17:32:31,664 [c4880b1a-f63f-4492-a9df-0d04f2bfbd12@group-5ED93A64E77F-StateMachineUpdater] INFO  ratis.ContainerStateMachine (ContainerStateMachine.java:takeSnapshot(292)) - group-5ED93A64E77F: Taking a snapshot at:(t:5, i:0) file /home/runner/work/ozone/ozone/hadoop-ozone/integration-test/target/test-dir/MiniOzoneClusterImpl-daa96565-427e-4fca-a993-08525edc6fa6/datanode-3/data/ratis/cbd71701-9592-43b7-bb2a-5ed93a64e77f/sm/snapshot.5_0
2021-08-26 17:32:31,683 [c4880b1a-f63f-4492-a9df-0d04f2bfbd12@group-5ED93A64E77F-StateMachineUpdater] INFO  ratis.ContainerStateMachine (ContainerStateMachine.java:takeSnapshot(303)) - group-5ED93A64E77F: Finished taking a snapshot at:(t:5, i:0) file:/home/runner/work/ozone/ozone/hadoop-ozone/integration-test/target/test-dir/MiniOzoneClusterImpl-daa96565-427e-4fca-a993-08525edc6fa6/datanode-3/data/ratis/cbd71701-9592-43b7-bb2a-5ed93a64e77f/sm/snapshot.5_0 took: 19 ms
2021-08-26 17:32:31,683 [c4880b1a-f63f-4492-a9df-0d04f2bfbd12@group-5ED93A64E77F-StateMachineUpdater] INFO  impl.StateMachineUpdater (StateMachineUpdater.java:takeSnapshot(281)) - c4880b1a-f63f-4492-a9df-0d04f2bfbd12@group-5ED93A64E77F-StateMachineUpdater: Took a snapshot at index 0
2021-08-26 17:32:31,683 [c4880b1a-f63f-4492-a9df-0d04f2bfbd12@group-5ED93A64E77F-StateMachineUpdater] INFO  impl.StateMachineUpdater (StateMachineUpdater.java:lambda$new$0(89)) - c4880b1a-f63f-4492-a9df-0d04f2bfbd12@group-5ED93A64E77F-StateMachineUpdater: snapshotIndex: updateIncreasingly -1 -> 0
2021-08-26 17:32:31,684 [Listener at 127.0.0.1/35991] INFO  server.RaftServer$Division (ServerState.java:close(419)) - c4880b1a-f63f-4492-a9df-0d04f2bfbd12@group-5ED93A64E77F: closes. applyIndex: 0
2021-08-26 17:32:31,684 [c4880b1a-f63f-4492-a9df-0d04f2bfbd12@group-5ED93A64E77F-SegmentedRaftLogWorker] INFO  segmented.SegmentedRaftLogWorker (SegmentedRaftLogWorker.java:run(327)) - c4880b1a-f63f-4492-a9df-0d04f2bfbd12@group-5ED93A64E77F-SegmentedRaftLogWorker was interrupted, exiting. There are 0 tasks remaining in the queue.
2021-08-26 17:32:31,684 [Listener at 127.0.0.1/35991] INFO  segmented.SegmentedRaftLogWorker (SegmentedRaftLogWorker.java:close(237)) - c4880b1a-f63f-4492-a9df-0d04f2bfbd12@group-5ED93A64E77F-SegmentedRaftLogWorker close()
2021-08-26 17:32:31,693 [Listener at 127.0.0.1/35991] INFO  server.GrpcService (GrpcService.java:closeImpl(262)) - c4880b1a-f63f-4492-a9df-0d04f2bfbd12: shutdown server with port 36835 now
2021-08-26 17:32:31,699 [grpc-default-executor-1] WARN  server.GrpcServerProtocolService (LogUtils.java:warn(122)) - c4880b1a-f63f-4492-a9df-0d04f2bfbd12: installSnapshot onError, lastRequest: caca0df6-f340-40f9-9fdf-acdee16ce07d->c4880b1a-f63f-4492-a9df-0d04f2bfbd12#1-t6,previous=(t:0, i:0),leaderCommit=-1,initializing? true,entries: size=1, first=(t:6, i:0), CONFIGURATIONENTRY: org.apache.ratis.thirdparty.io.grpc.StatusRuntimeException: CANCELLED: client cancelled
2021-08-26 17:32:31,700 [grpc-default-executor-1] WARN  server.GrpcLogAppender (LogUtils.java:warn(122)) - caca0df6-f340-40f9-9fdf-acdee16ce07d@group-581338FFE026->c4880b1a-f63f-4492-a9df-0d04f2bfbd12-AppendLogResponseHandler: Failed appendEntries: org.apache.ratis.thirdparty.io.grpc.StatusRuntimeException: CANCELLED: HTTP/2 error code: CANCEL
Received Rst Stream
2021-08-26 17:32:31,701 [grpc-default-executor-1] WARN  server.GrpcLogAppender (GrpcLogAppender.java:resetClient(111)) - caca0df6-f340-40f9-9fdf-acdee16ce07d@group-581338FFE026->c4880b1a-f63f-4492-a9df-0d04f2bfbd12-GrpcLogAppender: Leader has not got in touch with Follower caca0df6-f340-40f9-9fdf-acdee16ce07d@group-581338FFE026->c4880b1a-f63f-4492-a9df-0d04f2bfbd12(c0,m0,n1, attendVote=true, lastRpcSendTime=1092, lastRpcResponseTime=1071) yet, just keep nextIndex unchanged and retry.
2021-08-26 17:32:31,750 [Listener at 127.0.0.1/35991] INFO  server.GrpcService (GrpcService.java:closeImpl(271)) - c4880b1a-f63f-4492-a9df-0d04f2bfbd12: shutdown server with port 36835 successfully
2021-08-26 17:32:31,750 [org.apache.ratis.util.JvmPauseMonitor$$Lambda$531/1273545383@663a1053] INFO  util.JvmPauseMonitor (JvmPauseMonitor.java:run(109)) - JvmPauseMonitor-c4880b1a-f63f-4492-a9df-0d04f2bfbd12: Stopped
2021-08-26 17:32:31,751 [Listener at 127.0.0.1/35991] INFO  utils.BackgroundService (BackgroundService.java:shutdown(132)) - Shutting down service BlockDeletingService
2021-08-26 17:32:33,116 [grpc-default-executor-1] WARN  server.GrpcLogAppender (LogUtils.java:warn(122)) - caca0df6-f340-40f9-9fdf-acdee16ce07d@group-581338FFE026->7ea02771-24eb-4f5a-8038-44a318ea5460-AppendLogResponseHandler: Failed appendEntries: org.apache.ratis.thirdparty.io.grpc.StatusRuntimeException: UNAVAILABLE: io exception
2021-08-26 17:32:33,117 [grpc-default-executor-1] WARN  server.GrpcLogAppender (GrpcLogAppender.java:resetClient(111)) - caca0df6-f340-40f9-9fdf-acdee16ce07d@group-581338FFE026->7ea02771-24eb-4f5a-8038-44a318ea5460-GrpcLogAppender: Leader has not got in touch with Follower caca0df6-f340-40f9-9fdf-acdee16ce07d@group-581338FFE026->7ea02771-24eb-4f5a-8038-44a318ea5460(c0,m0,n1, attendVote=true, lastRpcSendTime=2501, lastRpcResponseTime=10029) yet, just keep nextIndex unchanged and retry.
2021-08-26 17:32:33,131 [grpc-default-executor-2] WARN  server.GrpcLogAppender (LogUtils.java:warn(122)) - caca0df6-f340-40f9-9fdf-acdee16ce07d@group-581338FFE026->c4880b1a-f63f-4492-a9df-0d04f2bfbd12-AppendLogResponseHandler: Failed appendEntries: org.apache.ratis.thirdparty.io.grpc.StatusRuntimeException: UNAVAILABLE: io exception
2021-08-26 17:32:33,132 [grpc-default-executor-2] WARN  server.GrpcLogAppender (GrpcLogAppender.java:resetClient(111)) - caca0df6-f340-40f9-9fdf-acdee16ce07d@group-581338FFE026->c4880b1a-f63f-4492-a9df-0d04f2bfbd12-GrpcLogAppender: Leader has not got in touch with Follower caca0df6-f340-40f9-9fdf-acdee16ce07d@group-581338FFE026->c4880b1a-f63f-4492-a9df-0d04f2bfbd12(c0,m0,n1, attendVote=true, lastRpcSendTime=1, lastRpcResponseTime=2502) yet, just keep nextIndex unchanged and retry.
2021-08-26 17:32:34,693 [ForkJoinPool.commonPool-worker-0] INFO  statemachine.DatanodeStateMachine (DatanodeStateMachine.java:stopDaemon(515)) - Ozone container server stopped.
2021-08-26 17:32:34,703 [ForkJoinPool.commonPool-worker-0] INFO  handler.ContextHandler (ContextHandler.java:doStop(1153)) - Stopped o.e.j.w.WebAppContext@416bc62e{hddsDatanode,/,null,STOPPED}{jar:file:/home/runner/.m2/repository/org/apache/ozone/hdds-container-service/1.2.0-SNAPSHOT/hdds-container-service-1.2.0-SNAPSHOT.jar!/webapps/hddsDatanode}
2021-08-26 17:32:34,709 [ForkJoinPool.commonPool-worker-0] INFO  server.AbstractConnector (AbstractConnector.java:doStop(381)) - Stopped ServerConnector@6a1ad730{HTTP/1.1, (http/1.1)}{0.0.0.0:0}
2021-08-26 17:32:34,709 [ForkJoinPool.commonPool-worker-0] INFO  server.session (HouseKeeper.java:stopScavenging(149)) - node0 Stopped scavenging
2021-08-26 17:32:34,711 [ForkJoinPool.commonPool-worker-0] INFO  handler.ContextHandler (ContextHandler.java:doStop(1153)) - Stopped o.e.j.s.ServletContextHandler@2b1be81c{static,/static,jar:file:/home/runner/.m2/repository/org/apache/ozone/hdds-container-service/1.2.0-SNAPSHOT/hdds-container-service-1.2.0-SNAPSHOT.jar!/webapps/static,STOPPED}
2021-08-26 17:32:34,737 [ForkJoinPool.commonPool-worker-0] INFO  handler.ContextHandler (ContextHandler.java:doStop(1153)) - Stopped o.e.j.s.ServletContextHandler@5e8ba172{logs,/logs,file:///home/runner/work/ozone/ozone/hadoop-ozone/integration-test/target/log,STOPPED}
2021-08-26 17:32:34,788 [Listener at 127.0.0.1/35991] INFO  statemachine.DatanodeStateMachine (DatanodeStateMachine.java:stopDaemon(515)) - Ozone container server stopped.
2021-08-26 17:32:34,789 [Listener at 127.0.0.1/35991] INFO  handler.ContextHandler (ContextHandler.java:doStop(1153)) - Stopped o.e.j.w.WebAppContext@6383d1e0{hddsDatanode,/,null,STOPPED}{jar:file:/home/runner/.m2/repository/org/apache/ozone/hdds-container-service/1.2.0-SNAPSHOT/hdds-container-service-1.2.0-SNAPSHOT.jar!/webapps/hddsDatanode}
2021-08-26 17:32:34,795 [Listener at 127.0.0.1/35991] INFO  server.AbstractConnector (AbstractConnector.java:doStop(381)) - Stopped ServerConnector@29b5b602{HTTP/1.1, (http/1.1)}{0.0.0.0:0}
2021-08-26 17:32:34,796 [Listener at 127.0.0.1/35991] INFO  server.session (HouseKeeper.java:stopScavenging(149)) - node0 Stopped scavenging
2021-08-26 17:32:34,796 [Listener at 127.0.0.1/35991] INFO  handler.ContextHandler (ContextHandler.java:doStop(1153)) - Stopped o.e.j.s.ServletContextHandler@1ea3b687{static,/static,jar:file:/home/runner/.m2/repository/org/apache/ozone/hdds-container-service/1.2.0-SNAPSHOT/hdds-container-service-1.2.0-SNAPSHOT.jar!/webapps/static,STOPPED}
2021-08-26 17:32:34,796 [Listener at 127.0.0.1/35991] INFO  handler.ContextHandler (ContextHandler.java:doStop(1153)) - Stopped o.e.j.s.ServletContextHandler@53209fe{logs,/logs,file:///home/runner/work/ozone/ozone/hadoop-ozone/integration-test/target/log,STOPPED}
2021-08-26 17:32:35,416 [caca0df6-f340-40f9-9fdf-acdee16ce07d@group-5ED93A64E77F-FollowerState] INFO  impl.FollowerState (FollowerState.java:run(134)) - caca0df6-f340-40f9-9fdf-acdee16ce07d@group-5ED93A64E77F-FollowerState: change to CANDIDATE, lastRpcElapsedTime:5172376883ns, electionTimeout:5168ms
2021-08-26 17:32:35,416 [caca0df6-f340-40f9-9fdf-acdee16ce07d@group-5ED93A64E77F-FollowerState] INFO  impl.RoleInfo (RoleInfo.java:shutdownFollowerState(108)) - caca0df6-f340-40f9-9fdf-acdee16ce07d: shutdown caca0df6-f340-40f9-9fdf-acdee16ce07d@group-5ED93A64E77F-FollowerState
2021-08-26 17:32:35,416 [caca0df6-f340-40f9-9fdf-acdee16ce07d@group-5ED93A64E77F-FollowerState] INFO  server.RaftServer$Division (RaftServerImpl.java:setRole(285)) - caca0df6-f340-40f9-9fdf-acdee16ce07d@group-5ED93A64E77F: changes role from  FOLLOWER to CANDIDATE at term 6 for changeToCandidate
2021-08-26 17:32:35,416 [caca0df6-f340-40f9-9fdf-acdee16ce07d@group-5ED93A64E77F-FollowerState] INFO  server.RaftServerConfigKeys (ConfUtils.java:logGet(44)) - raft.server.leaderelection.pre-vote = false (custom)
2021-08-26 17:32:35,416 [caca0df6-f340-40f9-9fdf-acdee16ce07d@group-5ED93A64E77F-FollowerState] INFO  impl.RoleInfo (RoleInfo.java:updateAndGet(130)) - caca0df6-f340-40f9-9fdf-acdee16ce07d: start caca0df6-f340-40f9-9fdf-acdee16ce07d@group-5ED93A64E77F-LeaderElection30
2021-08-26 17:32:35,453 [caca0df6-f340-40f9-9fdf-acdee16ce07d@group-5ED93A64E77F-LeaderElection30] INFO  impl.LeaderElection (LeaderElection.java:askForVotes(306)) - caca0df6-f340-40f9-9fdf-acdee16ce07d@group-5ED93A64E77F-LeaderElection30 ELECTION round 0: submit vote requests at term 7 for 0: [c4880b1a-f63f-4492-a9df-0d04f2bfbd12|rpc:10.1.0.42:36835|dataStream:|priority:0, caca0df6-f340-40f9-9fdf-acdee16ce07d|rpc:10.1.0.42:39345|dataStream:|priority:0, 7ea02771-24eb-4f5a-8038-44a318ea5460|rpc:10.1.0.42:37543|dataStream:|priority:1], old=null
2021-08-26 17:32:35,483 [Datanode State Machine Thread - 0] INFO  statemachine.DatanodeStateMachine (DatanodeStateMachine.java:lambda$startDaemon$0(457)) - Ozone container server started.
2021-08-26 17:32:35,496 [caca0df6-f340-40f9-9fdf-acdee16ce07d@group-5ED93A64E77F-LeaderElection30] INFO  impl.LeaderElection (LogUtils.java:infoOrTrace(137)) - caca0df6-f340-40f9-9fdf-acdee16ce07d@group-5ED93A64E77F-LeaderElection30 got exception when requesting votes: java.util.concurrent.ExecutionException: org.apache.ratis.thirdparty.io.grpc.StatusRuntimeException: UNAVAILABLE: io exception
2021-08-26 17:32:35,497 [caca0df6-f340-40f9-9fdf-acdee16ce07d@group-5ED93A64E77F-LeaderElection30] INFO  impl.LeaderElection (LogUtils.java:infoOrTrace(137)) - caca0df6-f340-40f9-9fdf-acdee16ce07d@group-5ED93A64E77F-LeaderElection30 got exception when requesting votes: java.util.concurrent.ExecutionException: org.apache.ratis.thirdparty.io.grpc.StatusRuntimeException: UNAVAILABLE: io exception
2021-08-26 17:32:35,497 [caca0df6-f340-40f9-9fdf-acdee16ce07d@group-5ED93A64E77F-LeaderElection30] INFO  impl.LeaderElection (LeaderElection.java:logAndReturn(89)) - caca0df6-f340-40f9-9fdf-acdee16ce07d@group-5ED93A64E77F-LeaderElection30: ELECTION REJECTED received 0 response(s) and 2 exception(s):
2021-08-26 17:32:35,497 [caca0df6-f340-40f9-9fdf-acdee16ce07d@group-5ED93A64E77F-LeaderElection30] INFO  impl.LeaderElection (LogUtils.java:infoOrTrace(137)) -   Exception 0: java.util.concurrent.ExecutionException: org.apache.ratis.thirdparty.io.grpc.StatusRuntimeException: UNAVAILABLE: io exception
2021-08-26 17:32:35,497 [caca0df6-f340-40f9-9fdf-acdee16ce07d@group-5ED93A64E77F-LeaderElection30] INFO  impl.LeaderElection (LogUtils.java:infoOrTrace(137)) -   Exception 1: java.util.concurrent.ExecutionException: org.apache.ratis.thirdparty.io.grpc.StatusRuntimeException: UNAVAILABLE: io exception
2021-08-26 17:32:35,497 [caca0df6-f340-40f9-9fdf-acdee16ce07d@group-5ED93A64E77F-LeaderElection30] INFO  impl.LeaderElection (LeaderElection.java:askForVotes(308)) - caca0df6-f340-40f9-9fdf-acdee16ce07d@group-5ED93A64E77F-LeaderElection30 ELECTION round 0: result REJECTED
2021-08-26 17:32:35,497 [caca0df6-f340-40f9-9fdf-acdee16ce07d@group-5ED93A64E77F-LeaderElection30] INFO  server.RaftServer$Division (RaftServerImpl.java:setRole(285)) - caca0df6-f340-40f9-9fdf-acdee16ce07d@group-5ED93A64E77F: changes role from CANDIDATE to FOLLOWER at term 7 for REJECTED
2021-08-26 17:32:35,497 [caca0df6-f340-40f9-9fdf-acdee16ce07d@group-5ED93A64E77F-LeaderElection30] INFO  impl.RoleInfo (RoleInfo.java:shutdownLeaderElection(121)) - caca0df6-f340-40f9-9fdf-acdee16ce07d: shutdown caca0df6-f340-40f9-9fdf-acdee16ce07d@group-5ED93A64E77F-LeaderElection30
2021-08-26 17:32:35,498 [caca0df6-f340-40f9-9fdf-acdee16ce07d@group-5ED93A64E77F-LeaderElection30] INFO  impl.RoleInfo (RoleInfo.java:updateAndGet(130)) - caca0df6-f340-40f9-9fdf-acdee16ce07d: start caca0df6-f340-40f9-9fdf-acdee16ce07d@group-5ED93A64E77F-FollowerState
2021-08-26 17:32:35,618 [grpc-default-executor-2] WARN  server.GrpcLogAppender (LogUtils.java:warn(122)) - caca0df6-f340-40f9-9fdf-acdee16ce07d@group-581338FFE026->7ea02771-24eb-4f5a-8038-44a318ea5460-AppendLogResponseHandler: Failed appendEntries: org.apache.ratis.thirdparty.io.grpc.StatusRuntimeException: UNAVAILABLE: io exception
2021-08-26 17:32:35,619 [grpc-default-executor-2] WARN  server.GrpcLogAppender (GrpcLogAppender.java:resetClient(111)) - caca0df6-f340-40f9-9fdf-acdee16ce07d@group-581338FFE026->7ea02771-24eb-4f5a-8038-44a318ea5460-GrpcLogAppender: Leader has not got in touch with Follower caca0df6-f340-40f9-9fdf-acdee16ce07d@group-581338FFE026->7ea02771-24eb-4f5a-8038-44a318ea5460(c0,m0,n1, attendVote=true, lastRpcSendTime=0, lastRpcResponseTime=12531) yet, just keep nextIndex unchanged and retry.
2021-08-26 17:32:35,656 [grpc-default-executor-2] WARN  server.GrpcLogAppender (LogUtils.java:warn(122)) - caca0df6-f340-40f9-9fdf-acdee16ce07d@group-581338FFE026->c4880b1a-f63f-4492-a9df-0d04f2bfbd12-AppendLogResponseHandler: Failed appendEntries: org.apache.ratis.thirdparty.io.grpc.StatusRuntimeException: UNAVAILABLE: io exception
2021-08-26 17:32:35,657 [grpc-default-executor-2] WARN  server.GrpcLogAppender (GrpcLogAppender.java:resetClient(111)) - caca0df6-f340-40f9-9fdf-acdee16ce07d@group-581338FFE026->c4880b1a-f63f-4492-a9df-0d04f2bfbd12-GrpcLogAppender: Leader has not got in touch with Follower caca0df6-f340-40f9-9fdf-acdee16ce07d@group-581338FFE026->c4880b1a-f63f-4492-a9df-0d04f2bfbd12(c0,m0,n1, attendVote=true, lastRpcSendTime=2525, lastRpcResponseTime=5026) yet, just keep nextIndex unchanged and retry.
2021-08-26 17:32:35,672 [EventQueue-StaleNodeForStaleNodeHandler] INFO  node.StaleNodeHandler (StaleNodeHandler.java:onMessage(58)) - Datanode c4880b1a-f63f-4492-a9df-0d04f2bfbd12{ip: 10.1.0.42, host: fv-az122-729.zf1tlrj3kn4expqppa1j4mpycf.xx.internal.cloudapp.net, ports: [REPLICATION=33083, RATIS=36835, RATIS_ADMIN=36835, RATIS_SERVER=36835, STANDALONE=32847], networkLocation: /default-rack, certSerialId: null, persistedOpState: IN_SERVICE, persistedOpStateExpiryEpochSec: 0} moved to stale state. Finalizing its pipelines [PipelineID=9aeea41a-a5b7-4822-a628-581338ffe026, PipelineID=910e6ca5-972a-4122-95df-111f3325a230, PipelineID=cbd71701-9592-43b7-bb2a-5ed93a64e77f]
2021-08-26 17:32:35,672 [EventQueue-StaleNodeForStaleNodeHandler] INFO  pipeline.PipelineManagerImpl (PipelineManagerImpl.java:closePipeline(342)) - Pipeline Pipeline[ Id: 910e6ca5-972a-4122-95df-111f3325a230, Nodes: c4880b1a-f63f-4492-a9df-0d04f2bfbd12{ip: 10.1.0.42, host: fv-az122-729.zf1tlrj3kn4expqppa1j4mpycf.xx.internal.cloudapp.net, ports: [REPLICATION=33083, RATIS=36835, RATIS_ADMIN=36835, RATIS_SERVER=36835, STANDALONE=32847], networkLocation: /default-rack, certSerialId: null, persistedOpState: IN_SERVICE, persistedOpStateExpiryEpochSec: 0}, ReplicationConfig: RATIS/ONE, State:OPEN, leaderId:c4880b1a-f63f-4492-a9df-0d04f2bfbd12, CreationTimestamp2021-08-26T17:31:41.499Z[Etc/UTC]] moved to CLOSED state
2021-08-26 17:32:36,275 [EventQueue-StaleNodeForStaleNodeHandler] INFO  node.StaleNodeHandler (StaleNodeHandler.java:onMessage(58)) - Datanode 65be39c6-5763-4636-a9b6-aaf36d3fe099{ip: 10.1.0.42, host: fv-az122-729.zf1tlrj3kn4expqppa1j4mpycf.xx.internal.cloudapp.net, ports: [REPLICATION=35701, RATIS=44293, RATIS_ADMIN=44293, RATIS_SERVER=44293, STANDALONE=36611], networkLocation: /default-rack, certSerialId: null, persistedOpState: IN_SERVICE, persistedOpStateExpiryEpochSec: 0} moved to stale state. Finalizing its pipelines [PipelineID=a20983d8-2902-4668-8b1a-2f663ac5f006]
2021-08-26 17:32:36,276 [EventQueue-StaleNodeForStaleNodeHandler] INFO  pipeline.PipelineManagerImpl (PipelineManagerImpl.java:closePipeline(342)) - Pipeline Pipeline[ Id: a20983d8-2902-4668-8b1a-2f663ac5f006, Nodes: 65be39c6-5763-4636-a9b6-aaf36d3fe099{ip: 10.1.0.42, host: fv-az122-729.zf1tlrj3kn4expqppa1j4mpycf.xx.internal.cloudapp.net, ports: [REPLICATION=35701, RATIS=44293, RATIS_ADMIN=44293, RATIS_SERVER=44293, STANDALONE=36611], networkLocation: /default-rack, certSerialId: null, persistedOpState: IN_SERVICE, persistedOpStateExpiryEpochSec: 0}, ReplicationConfig: RATIS/ONE, State:OPEN, leaderId:65be39c6-5763-4636-a9b6-aaf36d3fe099, CreationTimestamp2021-08-26T17:31:42.055Z[Etc/UTC]] moved to CLOSED state
2021-08-26 17:32:36,314 [caca0df6-f340-40f9-9fdf-acdee16ce07d@group-581338FFE026-LeaderStateImpl] WARN  server.RaftServer$Division (LeaderStateImpl.java:checkLeadership(944)) - caca0df6-f340-40f9-9fdf-acdee16ce07d@group-581338FFE026-LeaderStateImpl: Lost leadership on term: 6. Election timeout: 5200ms. In charge for: 20842ms. Conf: 0: [c4880b1a-f63f-4492-a9df-0d04f2bfbd12|rpc:10.1.0.42:36835|dataStream:|priority:0, caca0df6-f340-40f9-9fdf-acdee16ce07d|rpc:10.1.0.42:39345|dataStream:|priority:1, 7ea02771-24eb-4f5a-8038-44a318ea5460|rpc:10.1.0.42:37543|dataStream:|priority:0], old=null
2021-08-26 17:32:36,314 [caca0df6-f340-40f9-9fdf-acdee16ce07d@group-581338FFE026-LeaderStateImpl] WARN  server.RaftServer$Division (LeaderStateImpl.java:lambda$checkLeadership$15(948)) - Follower caca0df6-f340-40f9-9fdf-acdee16ce07d@group-581338FFE026->c4880b1a-f63f-4492-a9df-0d04f2bfbd12(c0,m0,n1, attendVote=true, lastRpcSendTime=656, lastRpcResponseTime=5684)
2021-08-26 17:32:36,314 [caca0df6-f340-40f9-9fdf-acdee16ce07d@group-581338FFE026-LeaderStateImpl] WARN  server.RaftServer$Division (LeaderStateImpl.java:lambda$checkLeadership$15(948)) - Follower caca0df6-f340-40f9-9fdf-acdee16ce07d@group-581338FFE026->7ea02771-24eb-4f5a-8038-44a318ea5460(c0,m0,n1, attendVote=true, lastRpcSendTime=695, lastRpcResponseTime=13226)
2021-08-26 17:32:36,314 [caca0df6-f340-40f9-9fdf-acdee16ce07d@group-581338FFE026-LeaderStateImpl] INFO  server.RaftServer$Division (RaftServerImpl.java:setRole(285)) - caca0df6-f340-40f9-9fdf-acdee16ce07d@group-581338FFE026: changes role from    LEADER to FOLLOWER at term 6 for StepDownReason:LOST_MAJORITY_HEARTBEATS
2021-08-26 17:32:36,314 [caca0df6-f340-40f9-9fdf-acdee16ce07d@group-581338FFE026-LeaderStateImpl] INFO  impl.RoleInfo (RoleInfo.java:shutdownLeaderState(91)) - caca0df6-f340-40f9-9fdf-acdee16ce07d: shutdown caca0df6-f340-40f9-9fdf-acdee16ce07d@group-581338FFE026-LeaderStateImpl
2021-08-26 17:32:36,315 [caca0df6-f340-40f9-9fdf-acdee16ce07d@group-581338FFE026-LeaderStateImpl] INFO  impl.PendingRequests (PendingRequests.java:sendNotLeaderResponses(282)) - caca0df6-f340-40f9-9fdf-acdee16ce07d@group-581338FFE026-PendingRequests: sendNotLeaderResponses
2021-08-26 17:32:36,315 [caca0df6-f340-40f9-9fdf-acdee16ce07d@group-581338FFE026-LeaderStateImpl] INFO  impl.RoleInfo (RoleInfo.java:updateAndGet(130)) - caca0df6-f340-40f9-9fdf-acdee16ce07d: start caca0df6-f340-40f9-9fdf-acdee16ce07d@group-581338FFE026-FollowerState
2021-08-26 17:32:38,078 [EventQueue-DeadNodeForDeadNodeHandler] INFO  node.DeadNodeHandler (DeadNodeHandler.java:onMessage(80)) - A dead datanode is detected. 7ea02771-24eb-4f5a-8038-44a318ea5460{ip: 10.1.0.42, host: fv-az122-729.zf1tlrj3kn4expqppa1j4mpycf.xx.internal.cloudapp.net, ports: [REPLICATION=36479, RATIS=37543, RATIS_ADMIN=37543, RATIS_SERVER=37543, STANDALONE=33905], networkLocation: /default-rack, certSerialId: null, persistedOpState: IN_SERVICE, persistedOpStateExpiryEpochSec: 0}
2021-08-26 17:32:38,078 [EventQueue-DeadNodeForDeadNodeHandler] INFO  pipeline.RatisPipelineProvider (RatisPipelineProvider.java:lambda$close$1(222)) - Send pipeline:PipelineID=9aeea41a-a5b7-4822-a628-581338ffe026 close command to datanode 7ea02771-24eb-4f5a-8038-44a318ea5460
2021-08-26 17:32:38,078 [EventQueue-DeadNodeForDeadNodeHandler] INFO  pipeline.RatisPipelineProvider (RatisPipelineProvider.java:lambda$close$1(222)) - Send pipeline:PipelineID=9aeea41a-a5b7-4822-a628-581338ffe026 close command to datanode caca0df6-f340-40f9-9fdf-acdee16ce07d
2021-08-26 17:32:38,079 [EventQueue-DeadNodeForDeadNodeHandler] INFO  pipeline.RatisPipelineProvider (RatisPipelineProvider.java:lambda$close$1(222)) - Send pipeline:PipelineID=9aeea41a-a5b7-4822-a628-581338ffe026 close command to datanode c4880b1a-f63f-4492-a9df-0d04f2bfbd12
2021-08-26 17:32:38,079 [EventQueue-DeadNodeForDeadNodeHandler] INFO  pipeline.PipelineStateManager (PipelineStateManagerV2Impl.java:removePipeline(211)) - Pipeline Pipeline[ Id: 9aeea41a-a5b7-4822-a628-581338ffe026, Nodes: 7ea02771-24eb-4f5a-8038-44a318ea5460{ip: 10.1.0.42, host: fv-az122-729.zf1tlrj3kn4expqppa1j4mpycf.xx.internal.cloudapp.net, ports: [REPLICATION=36479, RATIS=37543, RATIS_ADMIN=37543, RATIS_SERVER=37543, STANDALONE=33905], networkLocation: /default-rack, certSerialId: null, persistedOpState: IN_SERVICE, persistedOpStateExpiryEpochSec: 0}caca0df6-f340-40f9-9fdf-acdee16ce07d{ip: 10.1.0.42, host: fv-az122-729.zf1tlrj3kn4expqppa1j4mpycf.xx.internal.cloudapp.net, ports: [REPLICATION=38841, RATIS=39345, RATIS_ADMIN=39345, RATIS_SERVER=39345, STANDALONE=43837], networkLocation: /default-rack, certSerialId: null, persistedOpState: IN_SERVICE, persistedOpStateExpiryEpochSec: 0}c4880b1a-f63f-4492-a9df-0d04f2bfbd12{ip: 10.1.0.42, host: fv-az122-729.zf1tlrj3kn4expqppa1j4mpycf.xx.internal.cloudapp.net, ports: [REPLICATION=33083, RATIS=36835, RATIS_ADMIN=36835, RATIS_SERVER=36835, STANDALONE=32847], networkLocation: /default-rack, certSerialId: null, persistedOpState: IN_SERVICE, persistedOpStateExpiryEpochSec: 0}, ReplicationConfig: RATIS/THREE, State:CLOSED, leaderId:caca0df6-f340-40f9-9fdf-acdee16ce07d, CreationTimestamp2021-08-26T17:31:41.871Z[Etc/UTC]] removed.
2021-08-26 17:32:38,079 [EventQueue-DeadNodeForDeadNodeHandler] INFO  pipeline.RatisPipelineProvider (RatisPipelineProvider.java:lambda$close$1(222)) - Send pipeline:PipelineID=c70312f2-e64a-4b6e-85be-f0297e41a7c6 close command to datanode 7ea02771-24eb-4f5a-8038-44a318ea5460
2021-08-26 17:32:38,079 [EventQueue-DeadNodeForDeadNodeHandler] INFO  pipeline.PipelineStateManager (PipelineStateManagerV2Impl.java:removePipeline(211)) - Pipeline Pipeline[ Id: c70312f2-e64a-4b6e-85be-f0297e41a7c6, Nodes: 7ea02771-24eb-4f5a-8038-44a318ea5460{ip: 10.1.0.42, host: fv-az122-729.zf1tlrj3kn4expqppa1j4mpycf.xx.internal.cloudapp.net, ports: [REPLICATION=36479, RATIS=37543, RATIS_ADMIN=37543, RATIS_SERVER=37543, STANDALONE=33905], networkLocation: /default-rack, certSerialId: null, persistedOpState: IN_SERVICE, persistedOpStateExpiryEpochSec: 0}, ReplicationConfig: RATIS/ONE, State:CLOSED, leaderId:7ea02771-24eb-4f5a-8038-44a318ea5460, CreationTimestamp2021-08-26T17:31:41.690Z[Etc/UTC]] removed.
2021-08-26 17:32:38,079 [EventQueue-DeadNodeForDeadNodeHandler] INFO  pipeline.RatisPipelineProvider (RatisPipelineProvider.java:lambda$close$1(222)) - Send pipeline:PipelineID=cbd71701-9592-43b7-bb2a-5ed93a64e77f close command to datanode c4880b1a-f63f-4492-a9df-0d04f2bfbd12
2021-08-26 17:32:38,079 [EventQueue-DeadNodeForDeadNodeHandler] INFO  pipeline.RatisPipelineProvider (RatisPipelineProvider.java:lambda$close$1(222)) - Send pipeline:PipelineID=cbd71701-9592-43b7-bb2a-5ed93a64e77f close command to datanode caca0df6-f340-40f9-9fdf-acdee16ce07d
2021-08-26 17:32:38,079 [EventQueue-DeadNodeForDeadNodeHandler] INFO  pipeline.RatisPipelineProvider (RatisPipelineProvider.java:lambda$close$1(222)) - Send pipeline:PipelineID=cbd71701-9592-43b7-bb2a-5ed93a64e77f close command to datanode 7ea02771-24eb-4f5a-8038-44a318ea5460
2021-08-26 17:32:38,080 [EventQueue-DeadNodeForDeadNodeHandler] INFO  pipeline.PipelineStateManager (PipelineStateManagerV2Impl.java:removePipeline(211)) - Pipeline Pipeline[ Id: cbd71701-9592-43b7-bb2a-5ed93a64e77f, Nodes: c4880b1a-f63f-4492-a9df-0d04f2bfbd12{ip: 10.1.0.42, host: fv-az122-729.zf1tlrj3kn4expqppa1j4mpycf.xx.internal.cloudapp.net, ports: [REPLICATION=33083, RATIS=36835, RATIS_ADMIN=36835, RATIS_SERVER=36835, STANDALONE=32847], networkLocation: /default-rack, certSerialId: null, persistedOpState: IN_SERVICE, persistedOpStateExpiryEpochSec: 0}caca0df6-f340-40f9-9fdf-acdee16ce07d{ip: 10.1.0.42, host: fv-az122-729.zf1tlrj3kn4expqppa1j4mpycf.xx.internal.cloudapp.net, ports: [REPLICATION=38841, RATIS=39345, RATIS_ADMIN=39345, RATIS_SERVER=39345, STANDALONE=43837], networkLocation: /default-rack, certSerialId: null, persistedOpState: IN_SERVICE, persistedOpStateExpiryEpochSec: 0}7ea02771-24eb-4f5a-8038-44a318ea5460{ip: 10.1.0.42, host: fv-az122-729.zf1tlrj3kn4expqppa1j4mpycf.xx.internal.cloudapp.net, ports: [REPLICATION=36479, RATIS=37543, RATIS_ADMIN=37543, RATIS_SERVER=37543, STANDALONE=33905], networkLocation: /default-rack, certSerialId: null, persistedOpState: IN_SERVICE, persistedOpStateExpiryEpochSec: 0}, ReplicationConfig: RATIS/THREE, State:CLOSED, leaderId:7ea02771-24eb-4f5a-8038-44a318ea5460, CreationTimestamp2021-08-26T17:31:41.868Z[Etc/UTC]] removed.
2021-08-26 17:32:38,080 [EventQueue-DeadNodeForDeadNodeHandler] INFO  net.NetworkTopologyImpl (NetworkTopologyImpl.java:remove(137)) - Removed a node: /default-rack/7ea02771-24eb-4f5a-8038-44a318ea5460
2021-08-26 17:32:38,278 [EventQueue-DeadNodeForDeadNodeHandler] INFO  node.DeadNodeHandler (DeadNodeHandler.java:onMessage(80)) - A dead datanode is detected. 599d22f6-71b6-4f75-a803-0445b42d232b{ip: 10.1.0.42, host: fv-az122-729.zf1tlrj3kn4expqppa1j4mpycf.xx.internal.cloudapp.net, ports: [REPLICATION=36909, RATIS=34993, RATIS_ADMIN=34993, RATIS_SERVER=34993, STANDALONE=41961], networkLocation: /default-rack, certSerialId: null, persistedOpState: IN_SERVICE, persistedOpStateExpiryEpochSec: 0}
2021-08-26 17:32:38,279 [EventQueue-DeadNodeForDeadNodeHandler] INFO  pipeline.RatisPipelineProvider (RatisPipelineProvider.java:lambda$close$1(222)) - Send pipeline:PipelineID=6e219946-39fe-496d-b19f-5e6164caf897 close command to datanode 599d22f6-71b6-4f75-a803-0445b42d232b
2021-08-26 17:32:38,279 [EventQueue-DeadNodeForDeadNodeHandler] INFO  pipeline.PipelineStateManager (PipelineStateManagerV2Impl.java:removePipeline(211)) - Pipeline Pipeline[ Id: 6e219946-39fe-496d-b19f-5e6164caf897, Nodes: 599d22f6-71b6-4f75-a803-0445b42d232b{ip: 10.1.0.42, host: fv-az122-729.zf1tlrj3kn4expqppa1j4mpycf.xx.internal.cloudapp.net, ports: [REPLICATION=36909, RATIS=34993, RATIS_ADMIN=34993, RATIS_SERVER=34993, STANDALONE=41961], networkLocation: /default-rack, certSerialId: null, persistedOpState: IN_SERVICE, persistedOpStateExpiryEpochSec: 0}, ReplicationConfig: RATIS/ONE, State:CLOSED, leaderId:599d22f6-71b6-4f75-a803-0445b42d232b, CreationTimestamp2021-08-26T17:31:40.693Z[Etc/UTC]] removed.
2021-08-26 17:32:38,279 [EventQueue-DeadNodeForDeadNodeHandler] INFO  net.NetworkTopologyImpl (NetworkTopologyImpl.java:remove(137)) - Removed a node: /default-rack/599d22f6-71b6-4f75-a803-0445b42d232b
2021-08-26 17:32:39,752 [ForkJoinPool.commonPool-worker-0] INFO  ozoneimpl.OzoneContainer (OzoneContainer.java:stop(326)) - Attempting to stop container services.
2021-08-26 17:32:39,753 [ForkJoinPool.commonPool-worker-0] INFO  server.RaftServer (RaftServerProxy.java:lambda$close$6(391)) - caca0df6-f340-40f9-9fdf-acdee16ce07d: close
2021-08-26 17:32:39,753 [ForkJoinPool.commonPool-worker-0] INFO  server.RaftServer$Division (RaftServerImpl.java:lambda$close$4(407)) - caca0df6-f340-40f9-9fdf-acdee16ce07d@group-581338FFE026: shutdown
2021-08-26 17:32:39,753 [ForkJoinPool.commonPool-worker-0] INFO  util.JmxRegister (JmxRegister.java:unregister(73)) - Successfully un-registered JMX Bean with object name Ratis:service=RaftServer,group=group-581338FFE026,id=caca0df6-f340-40f9-9fdf-acdee16ce07d
2021-08-26 17:32:39,753 [ForkJoinPool.commonPool-worker-0] INFO  impl.RoleInfo (RoleInfo.java:shutdownFollowerState(108)) - caca0df6-f340-40f9-9fdf-acdee16ce07d: shutdown caca0df6-f340-40f9-9fdf-acdee16ce07d@group-581338FFE026-FollowerState
2021-08-26 17:32:39,753 [ForkJoinPool.commonPool-worker-0] INFO  impl.StateMachineUpdater (StateMachineUpdater.java:stopAndJoin(149)) - caca0df6-f340-40f9-9fdf-acdee16ce07d@group-581338FFE026-StateMachineUpdater: set stopIndex = 0
2021-08-26 17:32:39,754 [caca0df6-f340-40f9-9fdf-acdee16ce07d@group-581338FFE026-StateMachineUpdater] INFO  ratis.ContainerStateMachine (ContainerStateMachine.java:takeSnapshot(292)) - group-581338FFE026: Taking a snapshot at:(t:6, i:0) file /home/runner/work/ozone/ozone/hadoop-ozone/integration-test/target/test-dir/MiniOzoneClusterImpl-daa96565-427e-4fca-a993-08525edc6fa6/datanode-5/data/ratis/9aeea41a-a5b7-4822-a628-581338ffe026/sm/snapshot.6_0
2021-08-26 17:32:39,753 [caca0df6-f340-40f9-9fdf-acdee16ce07d@group-581338FFE026-FollowerState] INFO  impl.FollowerState (FollowerState.java:run(143)) - caca0df6-f340-40f9-9fdf-acdee16ce07d@group-581338FFE026-FollowerState was interrupted: {}
java.lang.InterruptedException: sleep interrupted
	at java.lang.Thread.sleep(Native Method)
	at java.lang.Thread.sleep(Thread.java:340)
	at java.util.concurrent.TimeUnit.sleep(TimeUnit.java:386)
	at org.apache.ratis.util.TimeDuration.sleep(TimeDuration.java:324)
	at org.apache.ratis.util.TimeDuration.sleep(TimeDuration.java:309)
	at org.apache.ratis.server.impl.FollowerState.run(FollowerState.java:118)
2021-08-26 17:32:39,755 [caca0df6-f340-40f9-9fdf-acdee16ce07d@group-581338FFE026-StateMachineUpdater] INFO  ratis.ContainerStateMachine (ContainerStateMachine.java:takeSnapshot(303)) - group-581338FFE026: Finished taking a snapshot at:(t:6, i:0) file:/home/runner/work/ozone/ozone/hadoop-ozone/integration-test/target/test-dir/MiniOzoneClusterImpl-daa96565-427e-4fca-a993-08525edc6fa6/datanode-5/data/ratis/9aeea41a-a5b7-4822-a628-581338ffe026/sm/snapshot.6_0 took: 1 ms
2021-08-26 17:32:39,755 [caca0df6-f340-40f9-9fdf-acdee16ce07d@group-581338FFE026-StateMachineUpdater] INFO  impl.StateMachineUpdater (StateMachineUpdater.java:takeSnapshot(281)) - caca0df6-f340-40f9-9fdf-acdee16ce07d@group-581338FFE026-StateMachineUpdater: Took a snapshot at index 0
2021-08-26 17:32:39,755 [caca0df6-f340-40f9-9fdf-acdee16ce07d@group-581338FFE026-StateMachineUpdater] INFO  impl.StateMachineUpdater (StateMachineUpdater.java:lambda$new$0(89)) - caca0df6-f340-40f9-9fdf-acdee16ce07d@group-581338FFE026-StateMachineUpdater: snapshotIndex: updateIncreasingly -1 -> 0
2021-08-26 17:32:39,757 [ForkJoinPool.commonPool-worker-0] INFO  server.RaftServer$Division (ServerState.java:close(419)) - caca0df6-f340-40f9-9fdf-acdee16ce07d@group-581338FFE026: closes. applyIndex: 0
2021-08-26 17:32:39,757 [caca0df6-f340-40f9-9fdf-acdee16ce07d@group-581338FFE026-SegmentedRaftLogWorker] INFO  segmented.SegmentedRaftLogWorker (SegmentedRaftLogWorker.java:run(327)) - caca0df6-f340-40f9-9fdf-acdee16ce07d@group-581338FFE026-SegmentedRaftLogWorker was interrupted, exiting. There are 0 tasks remaining in the queue.
2021-08-26 17:32:39,757 [ForkJoinPool.commonPool-worker-0] INFO  segmented.SegmentedRaftLogWorker (SegmentedRaftLogWorker.java:close(237)) - caca0df6-f340-40f9-9fdf-acdee16ce07d@group-581338FFE026-SegmentedRaftLogWorker close()
2021-08-26 17:32:39,759 [ForkJoinPool.commonPool-worker-0] INFO  server.RaftServer$Division (RaftServerImpl.java:lambda$close$4(407)) - caca0df6-f340-40f9-9fdf-acdee16ce07d@group-5ED93A64E77F: shutdown
2021-08-26 17:32:39,759 [ForkJoinPool.commonPool-worker-0] INFO  util.JmxRegister (JmxRegister.java:unregister(73)) - Successfully un-registered JMX Bean with object name Ratis:service=RaftServer,group=group-5ED93A64E77F,id=caca0df6-f340-40f9-9fdf-acdee16ce07d
2021-08-26 17:32:39,759 [ForkJoinPool.commonPool-worker-0] INFO  impl.RoleInfo (RoleInfo.java:shutdownFollowerState(108)) - caca0df6-f340-40f9-9fdf-acdee16ce07d: shutdown caca0df6-f340-40f9-9fdf-acdee16ce07d@group-5ED93A64E77F-FollowerState
2021-08-26 17:32:39,759 [ForkJoinPool.commonPool-worker-0] INFO  impl.StateMachineUpdater (StateMachineUpdater.java:stopAndJoin(149)) - caca0df6-f340-40f9-9fdf-acdee16ce07d@group-5ED93A64E77F-StateMachineUpdater: set stopIndex = 0
2021-08-26 17:32:39,760 [caca0df6-f340-40f9-9fdf-acdee16ce07d@group-5ED93A64E77F-StateMachineUpdater] INFO  ratis.ContainerStateMachine (ContainerStateMachine.java:takeSnapshot(292)) - group-5ED93A64E77F: Taking a snapshot at:(t:5, i:0) file /home/runner/work/ozone/ozone/hadoop-ozone/integration-test/target/test-dir/MiniOzoneClusterImpl-daa96565-427e-4fca-a993-08525edc6fa6/datanode-5/data/ratis/cbd71701-9592-43b7-bb2a-5ed93a64e77f/sm/snapshot.5_0
2021-08-26 17:32:39,760 [caca0df6-f340-40f9-9fdf-acdee16ce07d@group-5ED93A64E77F-FollowerState] INFO  impl.FollowerState (FollowerState.java:run(143)) - caca0df6-f340-40f9-9fdf-acdee16ce07d@group-5ED93A64E77F-FollowerState was interrupted: {}
java.lang.InterruptedException: sleep interrupted
	at java.lang.Thread.sleep(Native Method)
	at java.lang.Thread.sleep(Thread.java:340)
	at java.util.concurrent.TimeUnit.sleep(TimeUnit.java:386)
	at org.apache.ratis.util.TimeDuration.sleep(TimeDuration.java:324)
	at org.apache.ratis.util.TimeDuration.sleep(TimeDuration.java:309)
	at org.apache.ratis.server.impl.FollowerState.run(FollowerState.java:118)
2021-08-26 17:32:39,761 [caca0df6-f340-40f9-9fdf-acdee16ce07d@group-5ED93A64E77F-StateMachineUpdater] INFO  ratis.ContainerStateMachine (ContainerStateMachine.java:takeSnapshot(303)) - group-5ED93A64E77F: Finished taking a snapshot at:(t:5, i:0) file:/home/runner/work/ozone/ozone/hadoop-ozone/integration-test/target/test-dir/MiniOzoneClusterImpl-daa96565-427e-4fca-a993-08525edc6fa6/datanode-5/data/ratis/cbd71701-9592-43b7-bb2a-5ed93a64e77f/sm/snapshot.5_0 took: 1 ms
2021-08-26 17:32:39,761 [caca0df6-f340-40f9-9fdf-acdee16ce07d@group-5ED93A64E77F-StateMachineUpdater] INFO  impl.StateMachineUpdater (StateMachineUpdater.java:takeSnapshot(281)) - caca0df6-f340-40f9-9fdf-acdee16ce07d@group-5ED93A64E77F-StateMachineUpdater: Took a snapshot at index 0
2021-08-26 17:32:39,761 [caca0df6-f340-40f9-9fdf-acdee16ce07d@group-5ED93A64E77F-StateMachineUpdater] INFO  impl.StateMachineUpdater (StateMachineUpdater.java:lambda$new$0(89)) - caca0df6-f340-40f9-9fdf-acdee16ce07d@group-5ED93A64E77F-StateMachineUpdater: snapshotIndex: updateIncreasingly -1 -> 0
2021-08-26 17:32:39,761 [ForkJoinPool.commonPool-worker-0] INFO  server.RaftServer$Division (ServerState.java:close(419)) - caca0df6-f340-40f9-9fdf-acdee16ce07d@group-5ED93A64E77F: closes. applyIndex: 0
2021-08-26 17:32:39,761 [caca0df6-f340-40f9-9fdf-acdee16ce07d@group-5ED93A64E77F-SegmentedRaftLogWorker] INFO  segmented.SegmentedRaftLogWorker (SegmentedRaftLogWorker.java:run(327)) - caca0df6-f340-40f9-9fdf-acdee16ce07d@group-5ED93A64E77F-SegmentedRaftLogWorker was interrupted, exiting. There are 0 tasks remaining in the queue.
2021-08-26 17:32:39,761 [ForkJoinPool.commonPool-worker-0] INFO  segmented.SegmentedRaftLogWorker (SegmentedRaftLogWorker.java:close(237)) - caca0df6-f340-40f9-9fdf-acdee16ce07d@group-5ED93A64E77F-SegmentedRaftLogWorker close()
2021-08-26 17:32:39,762 [ForkJoinPool.commonPool-worker-0] INFO  server.RaftServer$Division (RaftServerImpl.java:lambda$close$4(407)) - caca0df6-f340-40f9-9fdf-acdee16ce07d@group-4257E8BD3A71: shutdown
2021-08-26 17:32:39,762 [ForkJoinPool.commonPool-worker-0] INFO  util.JmxRegister (JmxRegister.java:unregister(73)) - Successfully un-registered JMX Bean with object name Ratis:service=RaftServer,group=group-4257E8BD3A71,id=caca0df6-f340-40f9-9fdf-acdee16ce07d
2021-08-26 17:32:39,762 [ForkJoinPool.commonPool-worker-0] INFO  impl.RoleInfo (RoleInfo.java:shutdownLeaderState(91)) - caca0df6-f340-40f9-9fdf-acdee16ce07d: shutdown caca0df6-f340-40f9-9fdf-acdee16ce07d@group-4257E8BD3A71-LeaderStateImpl
2021-08-26 17:32:39,762 [ForkJoinPool.commonPool-worker-0] INFO  impl.PendingRequests (PendingRequests.java:sendNotLeaderResponses(282)) - caca0df6-f340-40f9-9fdf-acdee16ce07d@group-4257E8BD3A71-PendingRequests: sendNotLeaderResponses
2021-08-26 17:32:39,763 [caca0df6-f340-40f9-9fdf-acdee16ce07d@group-4257E8BD3A71-StateMachineUpdater] INFO  ratis.ContainerStateMachine (ContainerStateMachine.java:takeSnapshot(292)) - group-4257E8BD3A71: Taking a snapshot at:(t:1, i:0) file /home/runner/work/ozone/ozone/hadoop-ozone/integration-test/target/test-dir/MiniOzoneClusterImpl-daa96565-427e-4fca-a993-08525edc6fa6/datanode-5/data/ratis/5a801d72-4922-49cc-8fc9-4257e8bd3a71/sm/snapshot.1_0
2021-08-26 17:32:39,763 [ForkJoinPool.commonPool-worker-0] INFO  impl.StateMachineUpdater (StateMachineUpdater.java:stopAndJoin(149)) - caca0df6-f340-40f9-9fdf-acdee16ce07d@group-4257E8BD3A71-StateMachineUpdater: set stopIndex = 0
2021-08-26 17:32:39,764 [caca0df6-f340-40f9-9fdf-acdee16ce07d@group-4257E8BD3A71-StateMachineUpdater] INFO  ratis.ContainerStateMachine (ContainerStateMachine.java:takeSnapshot(303)) - group-4257E8BD3A71: Finished taking a snapshot at:(t:1, i:0) file:/home/runner/work/ozone/ozone/hadoop-ozone/integration-test/target/test-dir/MiniOzoneClusterImpl-daa96565-427e-4fca-a993-08525edc6fa6/datanode-5/data/ratis/5a801d72-4922-49cc-8fc9-4257e8bd3a71/sm/snapshot.1_0 took: 1 ms
2021-08-26 17:32:39,764 [caca0df6-f340-40f9-9fdf-acdee16ce07d@group-4257E8BD3A71-StateMachineUpdater] INFO  impl.StateMachineUpdater (StateMachineUpdater.java:takeSnapshot(281)) - caca0df6-f340-40f9-9fdf-acdee16ce07d@group-4257E8BD3A71-StateMachineUpdater: Took a snapshot at index 0
2021-08-26 17:32:39,764 [caca0df6-f340-40f9-9fdf-acdee16ce07d@group-4257E8BD3A71-StateMachineUpdater] INFO  impl.StateMachineUpdater (StateMachineUpdater.java:lambda$new$0(89)) - caca0df6-f340-40f9-9fdf-acdee16ce07d@group-4257E8BD3A71-StateMachineUpdater: snapshotIndex: updateIncreasingly -1 -> 0
2021-08-26 17:32:39,764 [ForkJoinPool.commonPool-worker-0] INFO  server.RaftServer$Division (ServerState.java:close(419)) - caca0df6-f340-40f9-9fdf-acdee16ce07d@group-4257E8BD3A71: closes. applyIndex: 0
2021-08-26 17:32:39,764 [caca0df6-f340-40f9-9fdf-acdee16ce07d@group-4257E8BD3A71-SegmentedRaftLogWorker] INFO  segmented.SegmentedRaftLogWorker (SegmentedRaftLogWorker.java:run(327)) - caca0df6-f340-40f9-9fdf-acdee16ce07d@group-4257E8BD3A71-SegmentedRaftLogWorker was interrupted, exiting. There are 0 tasks remaining in the queue.
2021-08-26 17:32:39,765 [ForkJoinPool.commonPool-worker-0] INFO  segmented.SegmentedRaftLogWorker (SegmentedRaftLogWorker.java:close(237)) - caca0df6-f340-40f9-9fdf-acdee16ce07d@group-4257E8BD3A71-SegmentedRaftLogWorker close()
2021-08-26 17:32:39,765 [ForkJoinPool.commonPool-worker-0] INFO  server.GrpcService (GrpcService.java:closeImpl(262)) - caca0df6-f340-40f9-9fdf-acdee16ce07d: shutdown server with port 39345 now
2021-08-26 17:32:39,773 [ForkJoinPool.commonPool-worker-0] INFO  server.GrpcService (GrpcService.java:closeImpl(271)) - caca0df6-f340-40f9-9fdf-acdee16ce07d: shutdown server with port 39345 successfully
2021-08-26 17:32:39,773 [org.apache.ratis.util.JvmPauseMonitor$$Lambda$531/1273545383@785ffccd] INFO  util.JvmPauseMonitor (JvmPauseMonitor.java:run(109)) - JvmPauseMonitor-caca0df6-f340-40f9-9fdf-acdee16ce07d: Stopped
2021-08-26 17:32:39,783 [ForkJoinPool.commonPool-worker-0] INFO  utils.BackgroundService (BackgroundService.java:shutdown(132)) - Shutting down service BlockDeletingService
2021-08-26 17:32:42,784 [ForkJoinPool.commonPool-worker-0] INFO  statemachine.DatanodeStateMachine (DatanodeStateMachine.java:stopDaemon(515)) - Ozone container server stopped.
2021-08-26 17:32:42,791 [ForkJoinPool.commonPool-worker-0] INFO  handler.ContextHandler (ContextHandler.java:doStop(1153)) - Stopped o.e.j.w.WebAppContext@420b2603{hddsDatanode,/,null,STOPPED}{jar:file:/home/runner/.m2/repository/org/apache/ozone/hdds-container-service/1.2.0-SNAPSHOT/hdds-container-service-1.2.0-SNAPSHOT.jar!/webapps/hddsDatanode}
2021-08-26 17:32:42,793 [ForkJoinPool.commonPool-worker-0] INFO  server.AbstractConnector (AbstractConnector.java:doStop(381)) - Stopped ServerConnector@5c4b832d{HTTP/1.1, (http/1.1)}{0.0.0.0:0}
2021-08-26 17:32:42,793 [ForkJoinPool.commonPool-worker-0] INFO  server.session (HouseKeeper.java:stopScavenging(149)) - node0 Stopped scavenging
2021-08-26 17:32:42,794 [ForkJoinPool.commonPool-worker-0] INFO  handler.ContextHandler (ContextHandler.java:doStop(1153)) - Stopped o.e.j.s.ServletContextHandler@1bef21e2{static,/static,jar:file:/home/runner/.m2/repository/org/apache/ozone/hdds-container-service/1.2.0-SNAPSHOT/hdds-container-service-1.2.0-SNAPSHOT.jar!/webapps/static,STOPPED}
2021-08-26 17:32:42,794 [ForkJoinPool.commonPool-worker-0] INFO  handler.ContextHandler (ContextHandler.java:doStop(1153)) - Stopped o.e.j.s.ServletContextHandler@76a88e67{logs,/logs,file:///home/runner/work/ozone/ozone/hadoop-ozone/integration-test/target/log,STOPPED}
2021-08-26 17:32:42,795 [Listener at 127.0.0.1/35991] INFO  ozone.MiniOzoneClusterImpl (MiniOzoneClusterImpl.java:stopSCM(542)) - Stopping the StorageContainerManager
2021-08-26 17:32:42,795 [Listener at 127.0.0.1/35991] INFO  server.StorageContainerManager (StorageContainerManager.java:stop(1349)) - Stopping Container Balancer service.
2021-08-26 17:32:42,796 [Listener at 127.0.0.1/35991] INFO  balancer.ContainerBalancer (ContainerBalancer.java:stop(721)) - Container Balancer is not running.
2021-08-26 17:32:42,796 [Listener at 127.0.0.1/35991] INFO  server.StorageContainerManager (StorageContainerManager.java:stop(1356)) - Stopping Replication Manager Service.
2021-08-26 17:32:42,796 [Listener at 127.0.0.1/35991] INFO  container.ReplicationManager (ReplicationManager.java:stop(338)) - Stopping Replication Monitor Thread.
2021-08-26 17:32:42,796 [Listener at 127.0.0.1/35991] INFO  server.StorageContainerManager (StorageContainerManager.java:stop(1363)) - Stopping the Datanode Admin Monitor.
2021-08-26 17:32:42,796 [Listener at 127.0.0.1/35991] INFO  server.StorageContainerManager (StorageContainerManager.java:stop(1370)) - Stopping Lease Manager of the command watchers
2021-08-26 17:32:42,796 [Listener at 127.0.0.1/35991] INFO  server.StorageContainerManager (StorageContainerManager.java:stop(1377)) - Stopping datanode service RPC server
2021-08-26 17:32:42,796 [Listener at 127.0.0.1/35991] INFO  server.SCMDatanodeProtocolServer (SCMDatanodeProtocolServer.java:stop(389)) - Stopping the RPC server for DataNodes
2021-08-26 17:32:42,796 [Listener at 127.0.0.1/35991] INFO  ipc.Server (Server.java:stop(3414)) - Stopping server on 43263
2021-08-26 17:32:42,800 [IPC Server Responder] INFO  ipc.Server (Server.java:run(1512)) - Stopping IPC Server Responder
2021-08-26 17:32:42,801 [IPC Server listener on 0] INFO  ipc.Server (Server.java:run(1376)) - Stopping IPC Server listener on 0
2021-08-26 17:32:42,803 [SCM Heartbeat Processing Thread - 0] WARN  node.NodeStateManager (NodeStateManager.java:scheduleNextHealthCheck(799)) - Current Thread is interrupted, shutting down HB processing thread for Node Manager.
2021-08-26 17:32:42,803 [Listener at 127.0.0.1/35991] INFO  server.StorageContainerManager (StorageContainerManager.java:stop(1385)) - Stopping block service RPC server
2021-08-26 17:32:42,803 [Listener at 127.0.0.1/35991] INFO  server.SCMBlockProtocolServer (SCMBlockProtocolServer.java:stop(160)) - Stopping the RPC server for Block Protocol
2021-08-26 17:32:42,803 [Listener at 127.0.0.1/35991] INFO  ipc.Server (Server.java:stop(3414)) - Stopping server on 35177
2021-08-26 17:32:42,806 [IPC Server Responder] INFO  ipc.Server (Server.java:run(1512)) - Stopping IPC Server Responder
2021-08-26 17:32:42,806 [Listener at 127.0.0.1/35991] INFO  server.StorageContainerManager (StorageContainerManager.java:stop(1392)) - Stopping the StorageContainerLocationProtocol RPC server
2021-08-26 17:32:42,806 [Listener at 127.0.0.1/35991] INFO  server.SCMClientProtocolServer (SCMClientProtocolServer.java:stop(173)) - Stopping the RPC server for Client Protocol
2021-08-26 17:32:42,806 [Listener at 127.0.0.1/35991] INFO  ipc.Server (Server.java:stop(3414)) - Stopping server on 33099
2021-08-26 17:32:42,806 [IPC Server listener on 0] INFO  ipc.Server (Server.java:run(1376)) - Stopping IPC Server listener on 0
2021-08-26 17:32:42,808 [IPC Server Responder] INFO  ipc.Server (Server.java:run(1512)) - Stopping IPC Server Responder
2021-08-26 17:32:42,808 [Listener at 127.0.0.1/35991] INFO  server.StorageContainerManager (StorageContainerManager.java:stop(1399)) - Stopping Storage Container Manager HTTP server.
2021-08-26 17:32:42,809 [IPC Server listener on 0] INFO  ipc.Server (Server.java:run(1376)) - Stopping IPC Server listener on 0
2021-08-26 17:32:42,809 [Listener at 127.0.0.1/35991] INFO  handler.ContextHandler (ContextHandler.java:doStop(1153)) - Stopped o.e.j.w.WebAppContext@10abeae0{scm,/,null,STOPPED}{file:/home/runner/work/ozone/ozone/hadoop-ozone/integration-test/target/test-classes/webapps/scm}
2021-08-26 17:32:42,810 [Listener at 127.0.0.1/35991] INFO  server.AbstractConnector (AbstractConnector.java:doStop(381)) - Stopped ServerConnector@7bd8e0d1{HTTP/1.1, (http/1.1)}{0.0.0.0:0}
2021-08-26 17:32:42,810 [Listener at 127.0.0.1/35991] INFO  server.session (HouseKeeper.java:stopScavenging(149)) - node0 Stopped scavenging
2021-08-26 17:32:42,810 [Listener at 127.0.0.1/35991] INFO  handler.ContextHandler (ContextHandler.java:doStop(1153)) - Stopped o.e.j.s.ServletContextHandler@1b83f90{static,/static,file:///home/runner/work/ozone/ozone/hadoop-ozone/integration-test/target/test-classes/webapps/static,STOPPED}
2021-08-26 17:32:42,810 [Listener at 127.0.0.1/35991] INFO  handler.ContextHandler (ContextHandler.java:doStop(1153)) - Stopped o.e.j.s.ServletContextHandler@2e727b77{logs,/logs,file:///home/runner/work/ozone/ozone/hadoop-ozone/integration-test/target/log,STOPPED}
2021-08-26 17:32:42,814 [Listener at 127.0.0.1/35991] INFO  server.StorageContainerManager (StorageContainerManager.java:stop(1410)) - Stopping Block Manager Service.
2021-08-26 17:32:42,814 [Listener at 127.0.0.1/35991] INFO  utils.BackgroundService (BackgroundService.java:shutdown(132)) - Shutting down service SCMBlockDeletingService
2021-08-26 17:32:42,814 [Listener at 127.0.0.1/35991] INFO  utils.BackgroundService (BackgroundService.java:shutdown(132)) - Shutting down service SCMBlockDeletingService
2021-08-26 17:32:42,815 [Listener at 127.0.0.1/35991] INFO  server.StorageContainerManager (StorageContainerManager.java:stop(1437)) - Stopping SCM Event Queue.
2021-08-26 17:32:42,823 [Listener at 127.0.0.1/35991] INFO  server.StorageContainerManager (StorageContainerManager.java:stop(1448)) - Stopping SCM HA services.
2021-08-26 17:32:42,823 [Listener at 127.0.0.1/35991] INFO  pipeline.BackgroundPipelineCreator (BackgroundPipelineCreatorV2.java:stop(158)) - Stopping RatisPipelineUtilsThread.
2021-08-26 17:32:42,824 [Listener at 127.0.0.1/35991] INFO  server.StorageContainerManager (StorageContainerManager.java:stop(1458)) - Stopping SCM MetadataStore.
2021-08-26 17:32:42,825 [Listener at 127.0.0.1/35991] INFO  impl.MetricsSystemImpl (MetricsSystemImpl.java:stop(210)) - Stopping XceiverClientMetrics metrics system...
2021-08-26 17:32:42,862 [prometheus] INFO  impl.MetricsSinkAdapter (MetricsSinkAdapter.java:publishMetricsFromQueue(141)) - prometheus thread interrupted.
2021-08-26 17:32:42,863 [Listener at 127.0.0.1/35991] INFO  impl.MetricsSystemImpl (MetricsSystemImpl.java:stop(216)) - XceiverClientMetrics metrics system stopped.
]]></system-out>
  </testcase>
  <testcase name="testDatanodeFailureWithPreAllocation" classname="org.apache.hadoop.ozone.client.rpc.TestBlockOutputStreamWithFailures" time="110.373"/>
  <testcase name="testDatanodeFailureWithSingleNodeRatis" classname="org.apache.hadoop.ozone.client.rpc.TestBlockOutputStreamWithFailures" time="102.021"/>
  <testcase name="testWatchForCommitWithSingleNodeRatis" classname="org.apache.hadoop.ozone.client.rpc.TestBlockOutputStreamWithFailures" time="57.457"/>
  <testcase name="testWatchForCommitDatanodeFailure" classname="org.apache.hadoop.ozone.client.rpc.TestBlockOutputStreamWithFailures" time="66.028"/>
  <testcase name="testFailureWithPrimeSizedData" classname="org.apache.hadoop.ozone.client.rpc.TestBlockOutputStreamWithFailures" time="64.85"/>
  <testcase name="testWatchForCommitWithCloseContainerException" classname="org.apache.hadoop.ozone.client.rpc.TestBlockOutputStreamWithFailures" time="52.004"/>
  <testcase name="testExceptionDuringClose" classname="org.apache.hadoop.ozone.client.rpc.TestBlockOutputStreamWithFailures" time="53.038"/>
</testsuite>