<?xml version="1.0" encoding="UTF-8"?>
<testsuite xmlns:xsi="http://www.w3.org/2001/XMLSchema-instance" xsi:noNamespaceSchemaLocation="https://maven.apache.org/surefire/maven-surefire-plugin/xsd/surefire-test-report.xsd" name="org.apache.hadoop.ozone.client.rpc.TestWatchForCommit" time="211.398" tests="4" errors="1" skipped="0" failures="0">
  <properties>
    <property name="awt.toolkit" value="sun.awt.X11.XToolkit"/>
    <property name="file.encoding.pkg" value="sun.io"/>
    <property name="java.specification.version" value="1.8"/>
    <property name="sun.cpu.isalist" value=""/>
    <property name="sun.jnu.encoding" value="ANSI_X3.4-1968"/>
    <property name="java.class.path" value="/github/workspace/mnt/ozone/hadoop-ozone/integration-test/target/test-classes:/github/workspace/mnt/ozone/hadoop-ozone/integration-test/target/classes:/home/user/.m2/repository/org/apache/hadoop/hadoop-ozone-common/0.6.0-SNAPSHOT/hadoop-ozone-common-0.6.0-SNAPSHOT.jar:/home/user/.m2/repository/org/apache/commons/commons-compress/1.4.1/commons-compress-1.4.1.jar:/home/user/.m2/repository/org/tukaani/xz/1.0/xz-1.0.jar:/home/user/.m2/repository/org/apache/hadoop/hadoop-hdds-common/0.6.0-SNAPSHOT/hadoop-hdds-common-0.6.0-SNAPSHOT.jar:/home/user/.m2/repository/org/apache/hadoop/hadoop-hdds-hadoop-dependency-client/0.6.0-SNAPSHOT/hadoop-hdds-hadoop-dependency-client-0.6.0-SNAPSHOT.jar:/home/user/.m2/repository/info/picocli/picocli/3.9.6/picocli-3.9.6.jar:/home/user/.m2/repository/com/fasterxml/jackson/core/jackson-annotations/2.10.3/jackson-annotations-2.10.3.jar:/home/user/.m2/repository/javax/annotation/javax.annotation-api/1.2/javax.annotation-api-1.2.jar:/home/user/.m2/repository/org/apache/ratis/ratis-server/0.6.0-6ab75ae-SNAPSHOT/ratis-server-0.6.0-6ab75ae-SNAPSHOT.jar:/home/user/.m2/repository/org/apache/ratis/ratis-client/0.6.0-6ab75ae-SNAPSHOT/ratis-client-0.6.0-6ab75ae-SNAPSHOT.jar:/home/user/.m2/repository/org/apache/ratis/ratis-metrics/0.6.0-6ab75ae-SNAPSHOT/ratis-metrics-0.6.0-6ab75ae-SNAPSHOT.jar:/home/user/.m2/repository/org/apache/ratis/ratis-netty/0.6.0-6ab75ae-SNAPSHOT/ratis-netty-0.6.0-6ab75ae-SNAPSHOT.jar:/home/user/.m2/repository/org/apache/ratis/ratis-grpc/0.6.0-6ab75ae-SNAPSHOT/ratis-grpc-0.6.0-6ab75ae-SNAPSHOT.jar:/home/user/.m2/repository/org/apache/logging/log4j/log4j-api/2.11.0/log4j-api-2.11.0.jar:/home/user/.m2/repository/org/apache/logging/log4j/log4j-core/2.11.0/log4j-core-2.11.0.jar:/home/user/.m2/repository/com/lmax/disruptor/3.4.2/disruptor-3.4.2.jar:/home/user/.m2/repository/org/apache/commons/commons-pool2/2.6.0/commons-pool2-2.6.0.jar:/home/user/.m2/repository/org/bouncycastle/bcpkix-jdk15on/1.60/bcpkix-jdk15on-1.60.jar:/home/user/.m2/repository/commons-validator/commons-validator/1.6/commons-validator-1.6.jar:/home/user/.m2/repository/commons-digester/commons-digester/1.8.1/commons-digester-1.8.1.jar:/home/user/.m2/repository/io/jaegertracing/jaeger-client/1.2.0/jaeger-client-1.2.0.jar:/home/user/.m2/repository/io/jaegertracing/jaeger-thrift/1.2.0/jaeger-thrift-1.2.0.jar:/home/user/.m2/repository/org/apache/thrift/libthrift/0.13.0/libthrift-0.13.0.jar:/home/user/.m2/repository/com/squareup/okhttp3/okhttp/4.2.2/okhttp-4.2.2.jar:/home/user/.m2/repository/com/squareup/okio/okio/2.2.2/okio-2.2.2.jar:/home/user/.m2/repository/org/jetbrains/kotlin/kotlin-stdlib/1.3.50/kotlin-stdlib-1.3.50.jar:/home/user/.m2/repository/org/jetbrains/kotlin/kotlin-stdlib-common/1.3.50/kotlin-stdlib-common-1.3.50.jar:/home/user/.m2/repository/org/jetbrains/annotations/13.0/annotations-13.0.jar:/home/user/.m2/repository/io/jaegertracing/jaeger-core/1.2.0/jaeger-core-1.2.0.jar:/home/user/.m2/repository/io/jaegertracing/jaeger-tracerresolver/1.2.0/jaeger-tracerresolver-1.2.0.jar:/home/user/.m2/repository/io/opentracing/contrib/opentracing-tracerresolver/0.1.8/opentracing-tracerresolver-0.1.8.jar:/home/user/.m2/repository/io/opentracing/opentracing-util/0.33.0/opentracing-util-0.33.0.jar:/home/user/.m2/repository/io/opentracing/opentracing-api/0.33.0/opentracing-api-0.33.0.jar:/home/user/.m2/repository/io/opentracing/opentracing-noop/0.33.0/opentracing-noop-0.33.0.jar:/home/user/.m2/repository/org/apache/hadoop/hadoop-hdds-client/0.6.0-SNAPSHOT/hadoop-hdds-client-0.6.0-SNAPSHOT.jar:/home/user/.m2/repository/org/apache/hadoop/hadoop-ozone-interface-client/0.6.0-SNAPSHOT/hadoop-ozone-interface-client-0.6.0-SNAPSHOT.jar:/home/user/.m2/repository/org/apache/hadoop/hadoop-hdds-test-utils/0.6.0-SNAPSHOT/hadoop-hdds-test-utils-0.6.0-SNAPSHOT.jar:/home/user/.m2/repository/com/google/guava/guava/28.2-jre/guava-28.2-jre.jar:/home/user/.m2/repository/com/google/guava/failureaccess/1.0.1/failureaccess-1.0.1.jar:/home/user/.m2/repository/com/google/guava/listenablefuture/9999.0-empty-to-avoid-conflict-with-guava/listenablefuture-9999.0-empty-to-avoid-conflict-with-guava.jar:/home/user/.m2/repository/com/google/code/findbugs/jsr305/3.0.0/jsr305-3.0.0.jar:/home/user/.m2/repository/org/checkerframework/checker-qual/2.10.0/checker-qual-2.10.0.jar:/home/user/.m2/repository/com/google/errorprone/error_prone_annotations/2.2.0/error_prone_annotations-2.2.0.jar:/home/user/.m2/repository/com/google/j2objc/j2objc-annotations/1.3/j2objc-annotations-1.3.jar:/home/user/.m2/repository/commons-io/commons-io/2.5/commons-io-2.5.jar:/home/user/.m2/repository/commons-logging/commons-logging/1.2/commons-logging-1.2.jar:/home/user/.m2/repository/log4j/log4j/1.2.17/log4j-1.2.17.jar:/home/user/.m2/repository/org/slf4j/slf4j-api/1.7.25/slf4j-api-1.7.25.jar:/home/user/.m2/repository/org/apache/hadoop/hadoop-hdds-server-scm/0.6.0-SNAPSHOT/hadoop-hdds-server-scm-0.6.0-SNAPSHOT.jar:/home/user/.m2/repository/org/apache/hadoop/hadoop-hdds-container-service/0.6.0-SNAPSHOT/hadoop-hdds-container-service-0.6.0-SNAPSHOT.jar:/home/user/.m2/repository/org/apache/hadoop/hadoop-hdds-hadoop-dependency-server/0.6.0-SNAPSHOT/hadoop-hdds-hadoop-dependency-server-0.6.0-SNAPSHOT.jar:/home/user/.m2/repository/org/apache/hadoop/hadoop-hdds-server-framework/0.6.0-SNAPSHOT/hadoop-hdds-server-framework-0.6.0-SNAPSHOT.jar:/home/user/.m2/repository/org/apache/hadoop/hadoop-hdds-interface-server/0.6.0-SNAPSHOT/hadoop-hdds-interface-server-0.6.0-SNAPSHOT.jar:/home/user/.m2/repository/org/apache/hadoop/hadoop-hdds-interface-admin/0.6.0-SNAPSHOT/hadoop-hdds-interface-admin-0.6.0-SNAPSHOT.jar:/home/user/.m2/repository/org/rocksdb/rocksdbjni/6.8.1/rocksdbjni-6.8.1.jar:/home/user/.m2/repository/io/prometheus/simpleclient_dropwizard/0.7.0/simpleclient_dropwizard-0.7.0.jar:/home/user/.m2/repository/io/prometheus/simpleclient/0.7.0/simpleclient-0.7.0.jar:/home/user/.m2/repository/io/prometheus/simpleclient_common/0.7.0/simpleclient_common-0.7.0.jar:/home/user/.m2/repository/com/fasterxml/jackson/datatype/jackson-datatype-jsr310/2.10.3/jackson-datatype-jsr310-2.10.3.jar:/home/user/.m2/repository/org/apache/hadoop/hadoop-hdds-docs/0.6.0-SNAPSHOT/hadoop-hdds-docs-0.6.0-SNAPSHOT.jar:/home/user/.m2/repository/io/dropwizard/metrics/metrics-core/3.2.4/metrics-core-3.2.4.jar:/home/user/.m2/repository/org/apache/hadoop/hadoop-hdfs-client/3.2.1/hadoop-hdfs-client-3.2.1.jar:/home/user/.m2/repository/org/bouncycastle/bcprov-jdk15on/1.60/bcprov-jdk15on-1.60.jar:/home/user/.m2/repository/org/apache/hadoop/hadoop-ozone-ozone-manager/0.6.0-SNAPSHOT/hadoop-ozone-ozone-manager-0.6.0-SNAPSHOT.jar:/home/user/.m2/repository/org/apache/hadoop/hadoop-hdds-interface-client/0.6.0-SNAPSHOT/hadoop-hdds-interface-client-0.6.0-SNAPSHOT.jar:/home/user/.m2/repository/org/apache/ratis/ratis-thirdparty-misc/0.4.0/ratis-thirdparty-misc-0.4.0.jar:/home/user/.m2/repository/org/apache/hadoop/hadoop-minikdc/3.2.1/hadoop-minikdc-3.2.1.jar:/home/user/.m2/repository/org/apache/kerby/kerb-simplekdc/1.0.1/kerb-simplekdc-1.0.1.jar:/home/user/.m2/repository/org/apache/kerby/kerb-client/1.0.1/kerb-client-1.0.1.jar:/home/user/.m2/repository/org/apache/kerby/kerby-config/1.0.1/kerby-config-1.0.1.jar:/home/user/.m2/repository/org/apache/kerby/kerb-core/1.0.1/kerb-core-1.0.1.jar:/home/user/.m2/repository/org/apache/kerby/kerby-pkix/1.0.1/kerby-pkix-1.0.1.jar:/home/user/.m2/repository/org/apache/kerby/kerby-asn1/1.0.1/kerby-asn1-1.0.1.jar:/home/user/.m2/repository/org/apache/kerby/kerby-util/1.0.1/kerby-util-1.0.1.jar:/home/user/.m2/repository/org/apache/kerby/kerb-common/1.0.1/kerb-common-1.0.1.jar:/home/user/.m2/repository/org/apache/kerby/kerb-crypto/1.0.1/kerb-crypto-1.0.1.jar:/home/user/.m2/repository/org/apache/kerby/kerb-util/1.0.1/kerb-util-1.0.1.jar:/home/user/.m2/repository/org/apache/kerby/token-provider/1.0.1/token-provider-1.0.1.jar:/home/user/.m2/repository/org/apache/kerby/kerb-admin/1.0.1/kerb-admin-1.0.1.jar:/home/user/.m2/repository/org/apache/kerby/kerb-server/1.0.1/kerb-server-1.0.1.jar:/home/user/.m2/repository/org/apache/kerby/kerb-identity/1.0.1/kerb-identity-1.0.1.jar:/home/user/.m2/repository/org/apache/kerby/kerby-xdr/1.0.1/kerby-xdr-1.0.1.jar:/home/user/.m2/repository/org/slf4j/slf4j-log4j12/1.7.25/slf4j-log4j12-1.7.25.jar:/home/user/.m2/repository/org/apache/hadoop/hadoop-ozone-s3gateway/0.6.0-SNAPSHOT/hadoop-ozone-s3gateway-0.6.0-SNAPSHOT.jar:/home/user/.m2/repository/org/jboss/weld/servlet/weld-servlet/2.4.7.Final/weld-servlet-2.4.7.Final.jar:/home/user/.m2/repository/org/glassfish/jersey/containers/jersey-container-servlet-core/2.27/jersey-container-servlet-core-2.27.jar:/home/user/.m2/repository/org/glassfish/hk2/external/javax.inject/2.5.0-b42/javax.inject-2.5.0-b42.jar:/home/user/.m2/repository/org/glassfish/jersey/core/jersey-common/2.27/jersey-common-2.27.jar:/home/user/.m2/repository/org/glassfish/hk2/osgi-resource-locator/1.0.1/osgi-resource-locator-1.0.1.jar:/home/user/.m2/repository/javax/ws/rs/javax.ws.rs-api/2.1/javax.ws.rs-api-2.1.jar:/home/user/.m2/repository/org/glassfish/jersey/ext/cdi/jersey-cdi1x/2.27/jersey-cdi1x-2.27.jar:/home/user/.m2/repository/org/glassfish/jersey/inject/jersey-hk2/2.27/jersey-hk2-2.27.jar:/home/user/.m2/repository/org/glassfish/hk2/hk2-locator/2.5.0-b42/hk2-locator-2.5.0-b42.jar:/home/user/.m2/repository/org/javassist/javassist/3.22.0-CR2/javassist-3.22.0-CR2.jar:/home/user/.m2/repository/org/glassfish/hk2/hk2-api/2.5.0/hk2-api-2.5.0.jar:/home/user/.m2/repository/org/glassfish/hk2/external/jakarta.inject/2.5.0/jakarta.inject-2.5.0.jar:/home/user/.m2/repository/org/glassfish/hk2/hk2-utils/2.5.0/hk2-utils-2.5.0.jar:/home/user/.m2/repository/jakarta/annotation/jakarta.annotation-api/1.3.4/jakarta.annotation-api-1.3.4.jar:/home/user/.m2/repository/org/glassfish/hk2/external/aopalliance-repackaged/2.5.0/aopalliance-repackaged-2.5.0.jar:/home/user/.m2/repository/com/fasterxml/jackson/dataformat/jackson-dataformat-xml/2.10.3/jackson-dataformat-xml-2.10.3.jar:/home/user/.m2/repository/com/fasterxml/jackson/core/jackson-core/2.10.3/jackson-core-2.10.3.jar:/home/user/.m2/repository/com/fasterxml/jackson/module/jackson-module-jaxb-annotations/2.10.3/jackson-module-jaxb-annotations-2.10.3.jar:/home/user/.m2/repository/jakarta/xml/bind/jakarta.xml.bind-api/2.3.2/jakarta.xml.bind-api-2.3.2.jar:/home/user/.m2/repository/jakarta/activation/jakarta.activation-api/1.2.1/jakarta.activation-api-1.2.1.jar:/home/user/.m2/repository/org/codehaus/woodstox/stax2-api/3.1.4/stax2-api-3.1.4.jar:/home/user/.m2/repository/com/fasterxml/woodstox/woodstox-core/5.0.3/woodstox-core-5.0.3.jar:/home/user/.m2/repository/javax/enterprise/cdi-api/1.2/cdi-api-1.2.jar:/home/user/.m2/repository/javax/el/javax.el-api/3.0.0/javax.el-api-3.0.0.jar:/home/user/.m2/repository/javax/interceptor/javax.interceptor-api/1.2/javax.interceptor-api-1.2.jar:/home/user/.m2/repository/javax/inject/javax.inject/1/javax.inject-1.jar:/home/user/.m2/repository/com/sun/xml/bind/jaxb-impl/2.3.0.1/jaxb-impl-2.3.0.1.jar:/home/user/.m2/repository/com/sun/xml/bind/jaxb-core/2.3.0.1/jaxb-core-2.3.0.1.jar:/home/user/.m2/repository/javax/xml/bind/jaxb-api/2.3.0/jaxb-api-2.3.0.jar:/home/user/.m2/repository/javax/activation/activation/1.1.1/activation-1.1.1.jar:/home/user/.m2/repository/org/apache/hadoop/hadoop-ozone-csi/0.6.0-SNAPSHOT/hadoop-ozone-csi-0.6.0-SNAPSHOT.jar:/home/user/.m2/repository/com/google/protobuf/protobuf-java-util/3.11.0/protobuf-java-util-3.11.0.jar:/home/user/.m2/repository/com/google/code/gson/gson/2.2.4/gson-2.2.4.jar:/home/user/.m2/repository/org/apache/hadoop/hadoop-hdds-config/0.6.0-SNAPSHOT/hadoop-hdds-config-0.6.0-SNAPSHOT.jar:/home/user/.m2/repository/com/google/protobuf/protobuf-java/2.5.0/protobuf-java-2.5.0.jar:/home/user/.m2/repository/io/grpc/grpc-netty/1.29.0/grpc-netty-1.29.0.jar:/home/user/.m2/repository/io/grpc/grpc-core/1.29.0/grpc-core-1.29.0.jar:/home/user/.m2/repository/com/google/android/annotations/4.1.1.4/annotations-4.1.1.4.jar:/home/user/.m2/repository/io/perfmark/perfmark-api/0.19.0/perfmark-api-0.19.0.jar:/home/user/.m2/repository/io/netty/netty-codec-http2/4.1.48.Final/netty-codec-http2-4.1.48.Final.jar:/home/user/.m2/repository/io/netty/netty-codec/4.1.48.Final/netty-codec-4.1.48.Final.jar:/home/user/.m2/repository/io/netty/netty-handler/4.1.48.Final/netty-handler-4.1.48.Final.jar:/home/user/.m2/repository/io/netty/netty-codec-http/4.1.48.Final/netty-codec-http-4.1.48.Final.jar:/home/user/.m2/repository/io/netty/netty-handler-proxy/4.1.48.Final/netty-handler-proxy-4.1.48.Final.jar:/home/user/.m2/repository/io/netty/netty-codec-socks/4.1.48.Final/netty-codec-socks-4.1.48.Final.jar:/home/user/.m2/repository/io/netty/netty-transport-native-epoll/4.1.48.Final/netty-transport-native-epoll-4.1.48.Final.jar:/home/user/.m2/repository/io/netty/netty-common/4.1.48.Final/netty-common-4.1.48.Final.jar:/home/user/.m2/repository/io/netty/netty-buffer/4.1.48.Final/netty-buffer-4.1.48.Final.jar:/home/user/.m2/repository/io/netty/netty-transport/4.1.48.Final/netty-transport-4.1.48.Final.jar:/home/user/.m2/repository/io/netty/netty-resolver/4.1.48.Final/netty-resolver-4.1.48.Final.jar:/home/user/.m2/repository/io/netty/netty-transport-native-unix-common/4.1.48.Final/netty-transport-native-unix-common-4.1.48.Final.jar:/home/user/.m2/repository/io/grpc/grpc-protobuf/1.29.0/grpc-protobuf-1.29.0.jar:/home/user/.m2/repository/io/grpc/grpc-api/1.29.0/grpc-api-1.29.0.jar:/home/user/.m2/repository/io/grpc/grpc-context/1.29.0/grpc-context-1.29.0.jar:/home/user/.m2/repository/org/codehaus/mojo/animal-sniffer-annotations/1.18/animal-sniffer-annotations-1.18.jar:/home/user/.m2/repository/com/google/api/grpc/proto-google-common-protos/1.17.0/proto-google-common-protos-1.17.0.jar:/home/user/.m2/repository/io/grpc/grpc-protobuf-lite/1.29.0/grpc-protobuf-lite-1.29.0.jar:/home/user/.m2/repository/io/grpc/grpc-stub/1.29.0/grpc-stub-1.29.0.jar:/home/user/.m2/repository/org/apache/hadoop/hadoop-ozone-recon/0.6.0-SNAPSHOT/hadoop-ozone-recon-0.6.0-SNAPSHOT.jar:/home/user/.m2/repository/org/apache/hadoop/hadoop-ozone-reconcodegen/0.6.0-SNAPSHOT/hadoop-ozone-reconcodegen-0.6.0-SNAPSHOT.jar:/home/user/.m2/repository/com/google/inject/extensions/guice-multibindings/4.0/guice-multibindings-4.0.jar:/home/user/.m2/repository/com/google/inject/guice/4.0/guice-4.0.jar:/home/user/.m2/repository/aopalliance/aopalliance/1.0/aopalliance-1.0.jar:/home/user/.m2/repository/com/google/inject/extensions/guice-assistedinject/4.0/guice-assistedinject-4.0.jar:/home/user/.m2/repository/com/google/inject/extensions/guice-servlet/4.0/guice-servlet-4.0.jar:/home/user/.m2/repository/org/glassfish/jersey/containers/jersey-container-servlet/2.27/jersey-container-servlet-2.27.jar:/home/user/.m2/repository/org/glassfish/hk2/guice-bridge/2.5.0/guice-bridge-2.5.0.jar:/home/user/.m2/repository/org/glassfish/jersey/core/jersey-server/2.27/jersey-server-2.27.jar:/home/user/.m2/repository/org/glassfish/jersey/core/jersey-client/2.27/jersey-client-2.27.jar:/home/user/.m2/repository/org/glassfish/jersey/media/jersey-media-jaxb/2.27/jersey-media-jaxb-2.27.jar:/home/user/.m2/repository/javax/validation/validation-api/1.1.0.Final/validation-api-1.1.0.Final.jar:/home/user/.m2/repository/org/glassfish/jersey/media/jersey-media-json-jackson/2.27/jersey-media-json-jackson-2.27.jar:/home/user/.m2/repository/org/glassfish/jersey/ext/jersey-entity-filtering/2.27/jersey-entity-filtering-2.27.jar:/home/user/.m2/repository/org/jooq/jooq/3.11.10/jooq-3.11.10.jar:/home/user/.m2/repository/org/jooq/jooq-meta/3.11.10/jooq-meta-3.11.10.jar:/home/user/.m2/repository/org/jooq/jooq-codegen/3.11.10/jooq-codegen-3.11.10.jar:/home/user/.m2/repository/com/jolbox/bonecp/0.8.0.RELEASE/bonecp-0.8.0.RELEASE.jar:/home/user/.m2/repository/org/apache/derby/derby/10.14.2.0/derby-10.14.2.0.jar:/home/user/.m2/repository/org/xerial/sqlite-jdbc/3.25.2/sqlite-jdbc-3.25.2.jar:/home/user/.m2/repository/org/springframework/spring-jdbc/5.2.5.RELEASE/spring-jdbc-5.2.5.RELEASE.jar:/home/user/.m2/repository/org/springframework/spring-beans/5.2.5.RELEASE/spring-beans-5.2.5.RELEASE.jar:/home/user/.m2/repository/org/springframework/spring-core/5.2.5.RELEASE/spring-core-5.2.5.RELEASE.jar:/home/user/.m2/repository/org/springframework/spring-jcl/5.2.5.RELEASE/spring-jcl-5.2.5.RELEASE.jar:/home/user/.m2/repository/org/springframework/spring-tx/5.2.5.RELEASE/spring-tx-5.2.5.RELEASE.jar:/home/user/.m2/repository/org/apache/hadoop/hadoop-ozone-client/0.6.0-SNAPSHOT/hadoop-ozone-client-0.6.0-SNAPSHOT.jar:/home/user/.m2/repository/org/apache/hadoop/hadoop-ozone-filesystem/0.6.0-SNAPSHOT/hadoop-ozone-filesystem-0.6.0-SNAPSHOT.jar:/home/user/.m2/repository/org/apache/hadoop/hadoop-ozone-filesystem-common/0.6.0-SNAPSHOT/hadoop-ozone-filesystem-common-0.6.0-SNAPSHOT.jar:/home/user/.m2/repository/org/apache/hadoop/hadoop-ozone-tools/0.6.0-SNAPSHOT/hadoop-ozone-tools-0.6.0-SNAPSHOT.jar:/home/user/.m2/repository/org/apache/hadoop/hadoop-hdfs/3.2.1/hadoop-hdfs-3.2.1.jar:/home/user/.m2/repository/org/apache/ratis/ratis-tools/0.6.0-6ab75ae-SNAPSHOT/ratis-tools-0.6.0-6ab75ae-SNAPSHOT.jar:/home/user/.m2/repository/org/apache/ratis/ratis-proto/0.6.0-6ab75ae-SNAPSHOT/ratis-proto-0.6.0-6ab75ae-SNAPSHOT.jar:/home/user/.m2/repository/org/apache/ratis/ratis-common/0.6.0-6ab75ae-SNAPSHOT/ratis-common-0.6.0-6ab75ae-SNAPSHOT.jar:/home/user/.m2/repository/com/amazonaws/aws-java-sdk-core/1.11.615/aws-java-sdk-core-1.11.615.jar:/home/user/.m2/repository/org/apache/httpcomponents/httpclient/4.5.2/httpclient-4.5.2.jar:/home/user/.m2/repository/org/apache/httpcomponents/httpcore/4.4.4/httpcore-4.4.4.jar:/home/user/.m2/repository/software/amazon/ion/ion-java/1.0.2/ion-java-1.0.2.jar:/home/user/.m2/repository/com/fasterxml/jackson/dataformat/jackson-dataformat-cbor/2.10.3/jackson-dataformat-cbor-2.10.3.jar:/home/user/.m2/repository/joda-time/joda-time/2.8.1/joda-time-2.8.1.jar:/home/user/.m2/repository/com/amazonaws/aws-java-sdk-s3/1.11.615/aws-java-sdk-s3-1.11.615.jar:/home/user/.m2/repository/com/amazonaws/aws-java-sdk-kms/1.11.615/aws-java-sdk-kms-1.11.615.jar:/home/user/.m2/repository/com/amazonaws/jmespath-java/1.11.615/jmespath-java-1.11.615.jar:/home/user/.m2/repository/org/apache/hadoop/hadoop-hdds-tools/0.6.0-SNAPSHOT/hadoop-hdds-tools-0.6.0-SNAPSHOT.jar:/home/user/.m2/repository/commons-cli/commons-cli/1.2/commons-cli-1.2.jar:/home/user/.m2/repository/org/apache/commons/commons-lang3/3.7/commons-lang3-3.7.jar:/home/user/.m2/repository/org/apache/hadoop/hadoop-ozone-ozone-manager/0.6.0-SNAPSHOT/hadoop-ozone-ozone-manager-0.6.0-SNAPSHOT-tests.jar:/home/user/.m2/repository/junit/junit/4.11/junit-4.11.jar:/home/user/.m2/repository/org/hamcrest/hamcrest-core/1.3/hamcrest-core-1.3.jar:/home/user/.m2/repository/org/openjdk/jmh/jmh-core/1.19/jmh-core-1.19.jar:/home/user/.m2/repository/net/sf/jopt-simple/jopt-simple/4.6/jopt-simple-4.6.jar:/home/user/.m2/repository/org/apache/commons/commons-math3/3.1.1/commons-math3-3.1.1.jar:/home/user/.m2/repository/org/openjdk/jmh/jmh-generator-annprocess/1.19/jmh-generator-annprocess-1.19.jar:/home/user/.m2/repository/org/mockito/mockito-all/1.8.5/mockito-all-1.8.5.jar:/home/user/.m2/repository/org/apache/hadoop/hadoop-kms/3.2.1/hadoop-kms-3.2.1.jar:/home/user/.m2/repository/org/apache/hadoop/hadoop-auth/3.2.1/hadoop-auth-3.2.1.jar:/home/user/.m2/repository/com/nimbusds/nimbus-jose-jwt/7.9/nimbus-jose-jwt-7.9.jar:/home/user/.m2/repository/com/github/stephenc/jcip/jcip-annotations/1.0-1/jcip-annotations-1.0-1.jar:/home/user/.m2/repository/net/minidev/json-smart/2.3/json-smart-2.3.jar:/home/user/.m2/repository/net/minidev/accessors-smart/1.2/accessors-smart-1.2.jar:/home/user/.m2/repository/org/ow2/asm/asm/5.0.4/asm-5.0.4.jar:/home/user/.m2/repository/org/apache/zookeeper/zookeeper/3.4.13/zookeeper-3.4.13.jar:/home/user/.m2/repository/org/apache/yetus/audience-annotations/0.5.0/audience-annotations-0.5.0.jar:/home/user/.m2/repository/org/apache/curator/curator-framework/2.13.0/curator-framework-2.13.0.jar:/home/user/.m2/repository/com/sun/jersey/jersey-core/1.19/jersey-core-1.19.jar:/home/user/.m2/repository/javax/ws/rs/jsr311-api/1.1.1/jsr311-api-1.1.1.jar:/home/user/.m2/repository/com/sun/jersey/jersey-server/1.19/jersey-server-1.19.jar:/home/user/.m2/repository/javax/servlet/javax.servlet-api/3.1.0/javax.servlet-api-3.1.0.jar:/home/user/.m2/repository/org/eclipse/jetty/jetty-server/9.4.26.v20200117/jetty-server-9.4.26.v20200117.jar:/home/user/.m2/repository/org/eclipse/jetty/jetty-http/9.4.26.v20200117/jetty-http-9.4.26.v20200117.jar:/home/user/.m2/repository/org/eclipse/jetty/jetty-io/9.4.26.v20200117/jetty-io-9.4.26.v20200117.jar:/home/user/.m2/repository/org/eclipse/jetty/jetty-webapp/9.4.26.v20200117/jetty-webapp-9.4.26.v20200117.jar:/home/user/.m2/repository/org/eclipse/jetty/jetty-xml/9.4.26.v20200117/jetty-xml-9.4.26.v20200117.jar:/home/user/.m2/repository/org/eclipse/jetty/jetty-servlet/9.4.26.v20200117/jetty-servlet-9.4.26.v20200117.jar:/home/user/.m2/repository/org/eclipse/jetty/jetty-security/9.4.26.v20200117/jetty-security-9.4.26.v20200117.jar:/home/user/.m2/repository/org/apache/hadoop/hadoop-common/3.2.1/hadoop-common-3.2.1.jar:/home/user/.m2/repository/commons-net/commons-net/3.6/commons-net-3.6.jar:/home/user/.m2/repository/commons-collections/commons-collections/3.2.2/commons-collections-3.2.2.jar:/home/user/.m2/repository/com/sun/jersey/jersey-servlet/1.19/jersey-servlet-1.19.jar:/home/user/.m2/repository/com/sun/jersey/jersey-json/1.19/jersey-json-1.19.jar:/home/user/.m2/repository/org/codehaus/jettison/jettison/1.1/jettison-1.1.jar:/home/user/.m2/repository/org/codehaus/jackson/jackson-jaxrs/1.9.2/jackson-jaxrs-1.9.2.jar:/home/user/.m2/repository/org/codehaus/jackson/jackson-xc/1.9.2/jackson-xc-1.9.2.jar:/home/user/.m2/repository/commons-beanutils/commons-beanutils/1.9.4/commons-beanutils-1.9.4.jar:/home/user/.m2/repository/org/apache/commons/commons-configuration2/2.1.1/commons-configuration2-2.1.1.jar:/home/user/.m2/repository/org/apache/commons/commons-text/1.4/commons-text-1.4.jar:/home/user/.m2/repository/com/google/re2j/re2j/1.1/re2j-1.1.jar:/home/user/.m2/repository/com/jcraft/jsch/0.1.54/jsch-0.1.54.jar:/home/user/.m2/repository/org/apache/curator/curator-client/2.13.0/curator-client-2.13.0.jar:/home/user/.m2/repository/org/apache/curator/curator-recipes/2.13.0/curator-recipes-2.13.0.jar:/home/user/.m2/repository/dnsjava/dnsjava/2.1.7/dnsjava-2.1.7.jar:/home/user/.m2/repository/org/slf4j/jul-to-slf4j/1.7.25/jul-to-slf4j-1.7.25.jar:/home/user/.m2/repository/org/eclipse/jetty/jetty-util/9.4.26.v20200117/jetty-util-9.4.26.v20200117.jar:/home/user/.m2/repository/com/fasterxml/jackson/core/jackson-databind/2.10.3/jackson-databind-2.10.3.jar:/home/user/.m2/repository/org/apache/hadoop/hadoop-kms/3.2.1/hadoop-kms-3.2.1-tests.jar:/home/user/.m2/repository/org/apache/hadoop/hadoop-hdds-server-scm/0.6.0-SNAPSHOT/hadoop-hdds-server-scm-0.6.0-SNAPSHOT-tests.jar:/home/user/.m2/repository/org/apache/hadoop/hadoop-hdds-container-service/0.6.0-SNAPSHOT/hadoop-hdds-container-service-0.6.0-SNAPSHOT-tests.jar:/home/user/.m2/repository/org/apache/hadoop/hadoop-hdds-common/0.6.0-SNAPSHOT/hadoop-hdds-common-0.6.0-SNAPSHOT-tests.jar:/home/user/.m2/repository/org/yaml/snakeyaml/1.16/snakeyaml-1.16.jar:/home/user/.m2/repository/org/apache/hadoop/hadoop-hdds-hadoop-dependency-test/0.6.0-SNAPSHOT/hadoop-hdds-hadoop-dependency-test-0.6.0-SNAPSHOT.jar:/home/user/.m2/repository/org/apache/hadoop/hadoop-common/3.2.1/hadoop-common-3.2.1-tests.jar:/home/user/.m2/repository/javax/servlet/jsp/jsp-api/2.1/jsp-api-2.1.jar:/home/user/.m2/repository/org/apache/hadoop/hadoop-hdfs/3.2.1/hadoop-hdfs-3.2.1-tests.jar:/home/user/.m2/repository/org/eclipse/jetty/jetty-util-ajax/9.4.26.v20200117/jetty-util-ajax-9.4.26.v20200117.jar:/home/user/.m2/repository/commons-codec/commons-codec/1.11/commons-codec-1.11.jar:/home/user/.m2/repository/commons-daemon/commons-daemon/1.0.13/commons-daemon-1.0.13.jar:/home/user/.m2/repository/io/netty/netty/3.10.5.Final/netty-3.10.5.Final.jar:/home/user/.m2/repository/io/netty/netty-all/4.1.48.Final/netty-all-4.1.48.Final.jar:/home/user/.m2/repository/org/apache/htrace/htrace-core4/4.1.0-incubating/htrace-core4-4.1.0-incubating.jar:/home/user/.m2/repository/org/fusesource/leveldbjni/leveldbjni-all/1.8/leveldbjni-all-1.8.jar:/home/user/.m2/repository/org/apache/hadoop/hadoop-distcp/3.2.1/hadoop-distcp-3.2.1.jar:/home/user/.m2/repository/org/apache/hadoop/hadoop-mapreduce-client-jobclient/3.2.1/hadoop-mapreduce-client-jobclient-3.2.1.jar:/home/user/.m2/repository/org/apache/hadoop/hadoop-mapreduce-client-common/3.2.1/hadoop-mapreduce-client-common-3.2.1.jar:/home/user/.m2/repository/org/apache/hadoop/hadoop-yarn-common/3.2.1/hadoop-yarn-common-3.2.1.jar:/home/user/.m2/repository/org/apache/hadoop/hadoop-yarn-api/3.2.1/hadoop-yarn-api-3.2.1.jar:/home/user/.m2/repository/com/sun/jersey/jersey-client/1.19/jersey-client-1.19.jar:/home/user/.m2/repository/com/sun/jersey/contribs/jersey-guice/1.19/jersey-guice-1.19.jar:/home/user/.m2/repository/com/fasterxml/jackson/jaxrs/jackson-jaxrs-json-provider/2.10.3/jackson-jaxrs-json-provider-2.10.3.jar:/home/user/.m2/repository/com/fasterxml/jackson/jaxrs/jackson-jaxrs-base/2.10.3/jackson-jaxrs-base-2.10.3.jar:/home/user/.m2/repository/org/apache/hadoop/hadoop-yarn-client/3.2.1/hadoop-yarn-client-3.2.1.jar:/home/user/.m2/repository/org/apache/hadoop/hadoop-mapreduce-client-core/3.2.1/hadoop-mapreduce-client-core-3.2.1.jar:/home/user/.m2/repository/org/apache/avro/avro/1.7.7/avro-1.7.7.jar:/home/user/.m2/repository/org/codehaus/jackson/jackson-core-asl/1.9.13/jackson-core-asl-1.9.13.jar:/home/user/.m2/repository/org/codehaus/jackson/jackson-mapper-asl/1.9.13/jackson-mapper-asl-1.9.13.jar:/home/user/.m2/repository/com/thoughtworks/paranamer/paranamer/2.3/paranamer-2.3.jar:/home/user/.m2/repository/org/xerial/snappy/snappy-java/1.0.5/snappy-java-1.0.5.jar:/home/user/.m2/repository/org/apache/hadoop/hadoop-annotations/3.2.1/hadoop-annotations-3.2.1.jar:/usr/lib/jvm/java-1.8.0-openjdk-1.8.0.232.b09-0.el7_7.x86_64/jre/../lib/tools.jar:/home/user/.m2/repository/org/apache/hadoop/hadoop-distcp/3.2.1/hadoop-distcp-3.2.1-tests.jar:"/>
    <property name="java.vm.vendor" value="Oracle Corporation"/>
    <property name="sun.arch.data.model" value="64"/>
    <property name="test.build.dir" value="/github/workspace/mnt/ozone/hadoop-ozone/integration-test/target/test-dir"/>
    <property name="test.cache.data" value=""/>
    <property name="java.vendor.url" value="http://java.oracle.com/"/>
    <property name="user.timezone" value=""/>
    <property name="java.vm.specification.version" value="1.8"/>
    <property name="os.name" value="Linux"/>
    <property name="test.build.data" value="/github/workspace/mnt/ozone/hadoop-ozone/integration-test/target/test-dir"/>
    <property name="user.country" value="US"/>
    <property name="sun.java.launcher" value="SUN_STANDARD"/>
    <property name="sun.boot.library.path" value="/usr/lib/jvm/java-1.8.0-openjdk-1.8.0.232.b09-0.el7_7.x86_64/jre/lib/amd64"/>
    <property name="sun.java.command" value="/github/workspace/mnt/ozone/hadoop-ozone/integration-test/target/surefire/surefirebooter3209128724848117287.jar /github/workspace/mnt/ozone/hadoop-ozone/integration-test/target/surefire 2020-07-02T19-24-56_737-jvmRun1 surefire1187706724919730268tmp surefire_141572127967008955813tmp"/>
    <property name="surefire.test.class.path" value="/github/workspace/mnt/ozone/hadoop-ozone/integration-test/target/test-classes:/github/workspace/mnt/ozone/hadoop-ozone/integration-test/target/classes:/home/user/.m2/repository/org/apache/hadoop/hadoop-ozone-common/0.6.0-SNAPSHOT/hadoop-ozone-common-0.6.0-SNAPSHOT.jar:/home/user/.m2/repository/org/apache/commons/commons-compress/1.4.1/commons-compress-1.4.1.jar:/home/user/.m2/repository/org/tukaani/xz/1.0/xz-1.0.jar:/home/user/.m2/repository/org/apache/hadoop/hadoop-hdds-common/0.6.0-SNAPSHOT/hadoop-hdds-common-0.6.0-SNAPSHOT.jar:/home/user/.m2/repository/org/apache/hadoop/hadoop-hdds-hadoop-dependency-client/0.6.0-SNAPSHOT/hadoop-hdds-hadoop-dependency-client-0.6.0-SNAPSHOT.jar:/home/user/.m2/repository/info/picocli/picocli/3.9.6/picocli-3.9.6.jar:/home/user/.m2/repository/com/fasterxml/jackson/core/jackson-annotations/2.10.3/jackson-annotations-2.10.3.jar:/home/user/.m2/repository/javax/annotation/javax.annotation-api/1.2/javax.annotation-api-1.2.jar:/home/user/.m2/repository/org/apache/ratis/ratis-server/0.6.0-6ab75ae-SNAPSHOT/ratis-server-0.6.0-6ab75ae-SNAPSHOT.jar:/home/user/.m2/repository/org/apache/ratis/ratis-client/0.6.0-6ab75ae-SNAPSHOT/ratis-client-0.6.0-6ab75ae-SNAPSHOT.jar:/home/user/.m2/repository/org/apache/ratis/ratis-metrics/0.6.0-6ab75ae-SNAPSHOT/ratis-metrics-0.6.0-6ab75ae-SNAPSHOT.jar:/home/user/.m2/repository/org/apache/ratis/ratis-netty/0.6.0-6ab75ae-SNAPSHOT/ratis-netty-0.6.0-6ab75ae-SNAPSHOT.jar:/home/user/.m2/repository/org/apache/ratis/ratis-grpc/0.6.0-6ab75ae-SNAPSHOT/ratis-grpc-0.6.0-6ab75ae-SNAPSHOT.jar:/home/user/.m2/repository/org/apache/logging/log4j/log4j-api/2.11.0/log4j-api-2.11.0.jar:/home/user/.m2/repository/org/apache/logging/log4j/log4j-core/2.11.0/log4j-core-2.11.0.jar:/home/user/.m2/repository/com/lmax/disruptor/3.4.2/disruptor-3.4.2.jar:/home/user/.m2/repository/org/apache/commons/commons-pool2/2.6.0/commons-pool2-2.6.0.jar:/home/user/.m2/repository/org/bouncycastle/bcpkix-jdk15on/1.60/bcpkix-jdk15on-1.60.jar:/home/user/.m2/repository/commons-validator/commons-validator/1.6/commons-validator-1.6.jar:/home/user/.m2/repository/commons-digester/commons-digester/1.8.1/commons-digester-1.8.1.jar:/home/user/.m2/repository/io/jaegertracing/jaeger-client/1.2.0/jaeger-client-1.2.0.jar:/home/user/.m2/repository/io/jaegertracing/jaeger-thrift/1.2.0/jaeger-thrift-1.2.0.jar:/home/user/.m2/repository/org/apache/thrift/libthrift/0.13.0/libthrift-0.13.0.jar:/home/user/.m2/repository/com/squareup/okhttp3/okhttp/4.2.2/okhttp-4.2.2.jar:/home/user/.m2/repository/com/squareup/okio/okio/2.2.2/okio-2.2.2.jar:/home/user/.m2/repository/org/jetbrains/kotlin/kotlin-stdlib/1.3.50/kotlin-stdlib-1.3.50.jar:/home/user/.m2/repository/org/jetbrains/kotlin/kotlin-stdlib-common/1.3.50/kotlin-stdlib-common-1.3.50.jar:/home/user/.m2/repository/org/jetbrains/annotations/13.0/annotations-13.0.jar:/home/user/.m2/repository/io/jaegertracing/jaeger-core/1.2.0/jaeger-core-1.2.0.jar:/home/user/.m2/repository/io/jaegertracing/jaeger-tracerresolver/1.2.0/jaeger-tracerresolver-1.2.0.jar:/home/user/.m2/repository/io/opentracing/contrib/opentracing-tracerresolver/0.1.8/opentracing-tracerresolver-0.1.8.jar:/home/user/.m2/repository/io/opentracing/opentracing-util/0.33.0/opentracing-util-0.33.0.jar:/home/user/.m2/repository/io/opentracing/opentracing-api/0.33.0/opentracing-api-0.33.0.jar:/home/user/.m2/repository/io/opentracing/opentracing-noop/0.33.0/opentracing-noop-0.33.0.jar:/home/user/.m2/repository/org/apache/hadoop/hadoop-hdds-client/0.6.0-SNAPSHOT/hadoop-hdds-client-0.6.0-SNAPSHOT.jar:/home/user/.m2/repository/org/apache/hadoop/hadoop-ozone-interface-client/0.6.0-SNAPSHOT/hadoop-ozone-interface-client-0.6.0-SNAPSHOT.jar:/home/user/.m2/repository/org/apache/hadoop/hadoop-hdds-test-utils/0.6.0-SNAPSHOT/hadoop-hdds-test-utils-0.6.0-SNAPSHOT.jar:/home/user/.m2/repository/com/google/guava/guava/28.2-jre/guava-28.2-jre.jar:/home/user/.m2/repository/com/google/guava/failureaccess/1.0.1/failureaccess-1.0.1.jar:/home/user/.m2/repository/com/google/guava/listenablefuture/9999.0-empty-to-avoid-conflict-with-guava/listenablefuture-9999.0-empty-to-avoid-conflict-with-guava.jar:/home/user/.m2/repository/com/google/code/findbugs/jsr305/3.0.0/jsr305-3.0.0.jar:/home/user/.m2/repository/org/checkerframework/checker-qual/2.10.0/checker-qual-2.10.0.jar:/home/user/.m2/repository/com/google/errorprone/error_prone_annotations/2.2.0/error_prone_annotations-2.2.0.jar:/home/user/.m2/repository/com/google/j2objc/j2objc-annotations/1.3/j2objc-annotations-1.3.jar:/home/user/.m2/repository/commons-io/commons-io/2.5/commons-io-2.5.jar:/home/user/.m2/repository/commons-logging/commons-logging/1.2/commons-logging-1.2.jar:/home/user/.m2/repository/log4j/log4j/1.2.17/log4j-1.2.17.jar:/home/user/.m2/repository/org/slf4j/slf4j-api/1.7.25/slf4j-api-1.7.25.jar:/home/user/.m2/repository/org/apache/hadoop/hadoop-hdds-server-scm/0.6.0-SNAPSHOT/hadoop-hdds-server-scm-0.6.0-SNAPSHOT.jar:/home/user/.m2/repository/org/apache/hadoop/hadoop-hdds-container-service/0.6.0-SNAPSHOT/hadoop-hdds-container-service-0.6.0-SNAPSHOT.jar:/home/user/.m2/repository/org/apache/hadoop/hadoop-hdds-hadoop-dependency-server/0.6.0-SNAPSHOT/hadoop-hdds-hadoop-dependency-server-0.6.0-SNAPSHOT.jar:/home/user/.m2/repository/org/apache/hadoop/hadoop-hdds-server-framework/0.6.0-SNAPSHOT/hadoop-hdds-server-framework-0.6.0-SNAPSHOT.jar:/home/user/.m2/repository/org/apache/hadoop/hadoop-hdds-interface-server/0.6.0-SNAPSHOT/hadoop-hdds-interface-server-0.6.0-SNAPSHOT.jar:/home/user/.m2/repository/org/apache/hadoop/hadoop-hdds-interface-admin/0.6.0-SNAPSHOT/hadoop-hdds-interface-admin-0.6.0-SNAPSHOT.jar:/home/user/.m2/repository/org/rocksdb/rocksdbjni/6.8.1/rocksdbjni-6.8.1.jar:/home/user/.m2/repository/io/prometheus/simpleclient_dropwizard/0.7.0/simpleclient_dropwizard-0.7.0.jar:/home/user/.m2/repository/io/prometheus/simpleclient/0.7.0/simpleclient-0.7.0.jar:/home/user/.m2/repository/io/prometheus/simpleclient_common/0.7.0/simpleclient_common-0.7.0.jar:/home/user/.m2/repository/com/fasterxml/jackson/datatype/jackson-datatype-jsr310/2.10.3/jackson-datatype-jsr310-2.10.3.jar:/home/user/.m2/repository/org/apache/hadoop/hadoop-hdds-docs/0.6.0-SNAPSHOT/hadoop-hdds-docs-0.6.0-SNAPSHOT.jar:/home/user/.m2/repository/io/dropwizard/metrics/metrics-core/3.2.4/metrics-core-3.2.4.jar:/home/user/.m2/repository/org/apache/hadoop/hadoop-hdfs-client/3.2.1/hadoop-hdfs-client-3.2.1.jar:/home/user/.m2/repository/org/bouncycastle/bcprov-jdk15on/1.60/bcprov-jdk15on-1.60.jar:/home/user/.m2/repository/org/apache/hadoop/hadoop-ozone-ozone-manager/0.6.0-SNAPSHOT/hadoop-ozone-ozone-manager-0.6.0-SNAPSHOT.jar:/home/user/.m2/repository/org/apache/hadoop/hadoop-hdds-interface-client/0.6.0-SNAPSHOT/hadoop-hdds-interface-client-0.6.0-SNAPSHOT.jar:/home/user/.m2/repository/org/apache/ratis/ratis-thirdparty-misc/0.4.0/ratis-thirdparty-misc-0.4.0.jar:/home/user/.m2/repository/org/apache/hadoop/hadoop-minikdc/3.2.1/hadoop-minikdc-3.2.1.jar:/home/user/.m2/repository/org/apache/kerby/kerb-simplekdc/1.0.1/kerb-simplekdc-1.0.1.jar:/home/user/.m2/repository/org/apache/kerby/kerb-client/1.0.1/kerb-client-1.0.1.jar:/home/user/.m2/repository/org/apache/kerby/kerby-config/1.0.1/kerby-config-1.0.1.jar:/home/user/.m2/repository/org/apache/kerby/kerb-core/1.0.1/kerb-core-1.0.1.jar:/home/user/.m2/repository/org/apache/kerby/kerby-pkix/1.0.1/kerby-pkix-1.0.1.jar:/home/user/.m2/repository/org/apache/kerby/kerby-asn1/1.0.1/kerby-asn1-1.0.1.jar:/home/user/.m2/repository/org/apache/kerby/kerby-util/1.0.1/kerby-util-1.0.1.jar:/home/user/.m2/repository/org/apache/kerby/kerb-common/1.0.1/kerb-common-1.0.1.jar:/home/user/.m2/repository/org/apache/kerby/kerb-crypto/1.0.1/kerb-crypto-1.0.1.jar:/home/user/.m2/repository/org/apache/kerby/kerb-util/1.0.1/kerb-util-1.0.1.jar:/home/user/.m2/repository/org/apache/kerby/token-provider/1.0.1/token-provider-1.0.1.jar:/home/user/.m2/repository/org/apache/kerby/kerb-admin/1.0.1/kerb-admin-1.0.1.jar:/home/user/.m2/repository/org/apache/kerby/kerb-server/1.0.1/kerb-server-1.0.1.jar:/home/user/.m2/repository/org/apache/kerby/kerb-identity/1.0.1/kerb-identity-1.0.1.jar:/home/user/.m2/repository/org/apache/kerby/kerby-xdr/1.0.1/kerby-xdr-1.0.1.jar:/home/user/.m2/repository/org/slf4j/slf4j-log4j12/1.7.25/slf4j-log4j12-1.7.25.jar:/home/user/.m2/repository/org/apache/hadoop/hadoop-ozone-s3gateway/0.6.0-SNAPSHOT/hadoop-ozone-s3gateway-0.6.0-SNAPSHOT.jar:/home/user/.m2/repository/org/jboss/weld/servlet/weld-servlet/2.4.7.Final/weld-servlet-2.4.7.Final.jar:/home/user/.m2/repository/org/glassfish/jersey/containers/jersey-container-servlet-core/2.27/jersey-container-servlet-core-2.27.jar:/home/user/.m2/repository/org/glassfish/hk2/external/javax.inject/2.5.0-b42/javax.inject-2.5.0-b42.jar:/home/user/.m2/repository/org/glassfish/jersey/core/jersey-common/2.27/jersey-common-2.27.jar:/home/user/.m2/repository/org/glassfish/hk2/osgi-resource-locator/1.0.1/osgi-resource-locator-1.0.1.jar:/home/user/.m2/repository/javax/ws/rs/javax.ws.rs-api/2.1/javax.ws.rs-api-2.1.jar:/home/user/.m2/repository/org/glassfish/jersey/ext/cdi/jersey-cdi1x/2.27/jersey-cdi1x-2.27.jar:/home/user/.m2/repository/org/glassfish/jersey/inject/jersey-hk2/2.27/jersey-hk2-2.27.jar:/home/user/.m2/repository/org/glassfish/hk2/hk2-locator/2.5.0-b42/hk2-locator-2.5.0-b42.jar:/home/user/.m2/repository/org/javassist/javassist/3.22.0-CR2/javassist-3.22.0-CR2.jar:/home/user/.m2/repository/org/glassfish/hk2/hk2-api/2.5.0/hk2-api-2.5.0.jar:/home/user/.m2/repository/org/glassfish/hk2/external/jakarta.inject/2.5.0/jakarta.inject-2.5.0.jar:/home/user/.m2/repository/org/glassfish/hk2/hk2-utils/2.5.0/hk2-utils-2.5.0.jar:/home/user/.m2/repository/jakarta/annotation/jakarta.annotation-api/1.3.4/jakarta.annotation-api-1.3.4.jar:/home/user/.m2/repository/org/glassfish/hk2/external/aopalliance-repackaged/2.5.0/aopalliance-repackaged-2.5.0.jar:/home/user/.m2/repository/com/fasterxml/jackson/dataformat/jackson-dataformat-xml/2.10.3/jackson-dataformat-xml-2.10.3.jar:/home/user/.m2/repository/com/fasterxml/jackson/core/jackson-core/2.10.3/jackson-core-2.10.3.jar:/home/user/.m2/repository/com/fasterxml/jackson/module/jackson-module-jaxb-annotations/2.10.3/jackson-module-jaxb-annotations-2.10.3.jar:/home/user/.m2/repository/jakarta/xml/bind/jakarta.xml.bind-api/2.3.2/jakarta.xml.bind-api-2.3.2.jar:/home/user/.m2/repository/jakarta/activation/jakarta.activation-api/1.2.1/jakarta.activation-api-1.2.1.jar:/home/user/.m2/repository/org/codehaus/woodstox/stax2-api/3.1.4/stax2-api-3.1.4.jar:/home/user/.m2/repository/com/fasterxml/woodstox/woodstox-core/5.0.3/woodstox-core-5.0.3.jar:/home/user/.m2/repository/javax/enterprise/cdi-api/1.2/cdi-api-1.2.jar:/home/user/.m2/repository/javax/el/javax.el-api/3.0.0/javax.el-api-3.0.0.jar:/home/user/.m2/repository/javax/interceptor/javax.interceptor-api/1.2/javax.interceptor-api-1.2.jar:/home/user/.m2/repository/javax/inject/javax.inject/1/javax.inject-1.jar:/home/user/.m2/repository/com/sun/xml/bind/jaxb-impl/2.3.0.1/jaxb-impl-2.3.0.1.jar:/home/user/.m2/repository/com/sun/xml/bind/jaxb-core/2.3.0.1/jaxb-core-2.3.0.1.jar:/home/user/.m2/repository/javax/xml/bind/jaxb-api/2.3.0/jaxb-api-2.3.0.jar:/home/user/.m2/repository/javax/activation/activation/1.1.1/activation-1.1.1.jar:/home/user/.m2/repository/org/apache/hadoop/hadoop-ozone-csi/0.6.0-SNAPSHOT/hadoop-ozone-csi-0.6.0-SNAPSHOT.jar:/home/user/.m2/repository/com/google/protobuf/protobuf-java-util/3.11.0/protobuf-java-util-3.11.0.jar:/home/user/.m2/repository/com/google/code/gson/gson/2.2.4/gson-2.2.4.jar:/home/user/.m2/repository/org/apache/hadoop/hadoop-hdds-config/0.6.0-SNAPSHOT/hadoop-hdds-config-0.6.0-SNAPSHOT.jar:/home/user/.m2/repository/com/google/protobuf/protobuf-java/2.5.0/protobuf-java-2.5.0.jar:/home/user/.m2/repository/io/grpc/grpc-netty/1.29.0/grpc-netty-1.29.0.jar:/home/user/.m2/repository/io/grpc/grpc-core/1.29.0/grpc-core-1.29.0.jar:/home/user/.m2/repository/com/google/android/annotations/4.1.1.4/annotations-4.1.1.4.jar:/home/user/.m2/repository/io/perfmark/perfmark-api/0.19.0/perfmark-api-0.19.0.jar:/home/user/.m2/repository/io/netty/netty-codec-http2/4.1.48.Final/netty-codec-http2-4.1.48.Final.jar:/home/user/.m2/repository/io/netty/netty-codec/4.1.48.Final/netty-codec-4.1.48.Final.jar:/home/user/.m2/repository/io/netty/netty-handler/4.1.48.Final/netty-handler-4.1.48.Final.jar:/home/user/.m2/repository/io/netty/netty-codec-http/4.1.48.Final/netty-codec-http-4.1.48.Final.jar:/home/user/.m2/repository/io/netty/netty-handler-proxy/4.1.48.Final/netty-handler-proxy-4.1.48.Final.jar:/home/user/.m2/repository/io/netty/netty-codec-socks/4.1.48.Final/netty-codec-socks-4.1.48.Final.jar:/home/user/.m2/repository/io/netty/netty-transport-native-epoll/4.1.48.Final/netty-transport-native-epoll-4.1.48.Final.jar:/home/user/.m2/repository/io/netty/netty-common/4.1.48.Final/netty-common-4.1.48.Final.jar:/home/user/.m2/repository/io/netty/netty-buffer/4.1.48.Final/netty-buffer-4.1.48.Final.jar:/home/user/.m2/repository/io/netty/netty-transport/4.1.48.Final/netty-transport-4.1.48.Final.jar:/home/user/.m2/repository/io/netty/netty-resolver/4.1.48.Final/netty-resolver-4.1.48.Final.jar:/home/user/.m2/repository/io/netty/netty-transport-native-unix-common/4.1.48.Final/netty-transport-native-unix-common-4.1.48.Final.jar:/home/user/.m2/repository/io/grpc/grpc-protobuf/1.29.0/grpc-protobuf-1.29.0.jar:/home/user/.m2/repository/io/grpc/grpc-api/1.29.0/grpc-api-1.29.0.jar:/home/user/.m2/repository/io/grpc/grpc-context/1.29.0/grpc-context-1.29.0.jar:/home/user/.m2/repository/org/codehaus/mojo/animal-sniffer-annotations/1.18/animal-sniffer-annotations-1.18.jar:/home/user/.m2/repository/com/google/api/grpc/proto-google-common-protos/1.17.0/proto-google-common-protos-1.17.0.jar:/home/user/.m2/repository/io/grpc/grpc-protobuf-lite/1.29.0/grpc-protobuf-lite-1.29.0.jar:/home/user/.m2/repository/io/grpc/grpc-stub/1.29.0/grpc-stub-1.29.0.jar:/home/user/.m2/repository/org/apache/hadoop/hadoop-ozone-recon/0.6.0-SNAPSHOT/hadoop-ozone-recon-0.6.0-SNAPSHOT.jar:/home/user/.m2/repository/org/apache/hadoop/hadoop-ozone-reconcodegen/0.6.0-SNAPSHOT/hadoop-ozone-reconcodegen-0.6.0-SNAPSHOT.jar:/home/user/.m2/repository/com/google/inject/extensions/guice-multibindings/4.0/guice-multibindings-4.0.jar:/home/user/.m2/repository/com/google/inject/guice/4.0/guice-4.0.jar:/home/user/.m2/repository/aopalliance/aopalliance/1.0/aopalliance-1.0.jar:/home/user/.m2/repository/com/google/inject/extensions/guice-assistedinject/4.0/guice-assistedinject-4.0.jar:/home/user/.m2/repository/com/google/inject/extensions/guice-servlet/4.0/guice-servlet-4.0.jar:/home/user/.m2/repository/org/glassfish/jersey/containers/jersey-container-servlet/2.27/jersey-container-servlet-2.27.jar:/home/user/.m2/repository/org/glassfish/hk2/guice-bridge/2.5.0/guice-bridge-2.5.0.jar:/home/user/.m2/repository/org/glassfish/jersey/core/jersey-server/2.27/jersey-server-2.27.jar:/home/user/.m2/repository/org/glassfish/jersey/core/jersey-client/2.27/jersey-client-2.27.jar:/home/user/.m2/repository/org/glassfish/jersey/media/jersey-media-jaxb/2.27/jersey-media-jaxb-2.27.jar:/home/user/.m2/repository/javax/validation/validation-api/1.1.0.Final/validation-api-1.1.0.Final.jar:/home/user/.m2/repository/org/glassfish/jersey/media/jersey-media-json-jackson/2.27/jersey-media-json-jackson-2.27.jar:/home/user/.m2/repository/org/glassfish/jersey/ext/jersey-entity-filtering/2.27/jersey-entity-filtering-2.27.jar:/home/user/.m2/repository/org/jooq/jooq/3.11.10/jooq-3.11.10.jar:/home/user/.m2/repository/org/jooq/jooq-meta/3.11.10/jooq-meta-3.11.10.jar:/home/user/.m2/repository/org/jooq/jooq-codegen/3.11.10/jooq-codegen-3.11.10.jar:/home/user/.m2/repository/com/jolbox/bonecp/0.8.0.RELEASE/bonecp-0.8.0.RELEASE.jar:/home/user/.m2/repository/org/apache/derby/derby/10.14.2.0/derby-10.14.2.0.jar:/home/user/.m2/repository/org/xerial/sqlite-jdbc/3.25.2/sqlite-jdbc-3.25.2.jar:/home/user/.m2/repository/org/springframework/spring-jdbc/5.2.5.RELEASE/spring-jdbc-5.2.5.RELEASE.jar:/home/user/.m2/repository/org/springframework/spring-beans/5.2.5.RELEASE/spring-beans-5.2.5.RELEASE.jar:/home/user/.m2/repository/org/springframework/spring-core/5.2.5.RELEASE/spring-core-5.2.5.RELEASE.jar:/home/user/.m2/repository/org/springframework/spring-jcl/5.2.5.RELEASE/spring-jcl-5.2.5.RELEASE.jar:/home/user/.m2/repository/org/springframework/spring-tx/5.2.5.RELEASE/spring-tx-5.2.5.RELEASE.jar:/home/user/.m2/repository/org/apache/hadoop/hadoop-ozone-client/0.6.0-SNAPSHOT/hadoop-ozone-client-0.6.0-SNAPSHOT.jar:/home/user/.m2/repository/org/apache/hadoop/hadoop-ozone-filesystem/0.6.0-SNAPSHOT/hadoop-ozone-filesystem-0.6.0-SNAPSHOT.jar:/home/user/.m2/repository/org/apache/hadoop/hadoop-ozone-filesystem-common/0.6.0-SNAPSHOT/hadoop-ozone-filesystem-common-0.6.0-SNAPSHOT.jar:/home/user/.m2/repository/org/apache/hadoop/hadoop-ozone-tools/0.6.0-SNAPSHOT/hadoop-ozone-tools-0.6.0-SNAPSHOT.jar:/home/user/.m2/repository/org/apache/hadoop/hadoop-hdfs/3.2.1/hadoop-hdfs-3.2.1.jar:/home/user/.m2/repository/org/apache/ratis/ratis-tools/0.6.0-6ab75ae-SNAPSHOT/ratis-tools-0.6.0-6ab75ae-SNAPSHOT.jar:/home/user/.m2/repository/org/apache/ratis/ratis-proto/0.6.0-6ab75ae-SNAPSHOT/ratis-proto-0.6.0-6ab75ae-SNAPSHOT.jar:/home/user/.m2/repository/org/apache/ratis/ratis-common/0.6.0-6ab75ae-SNAPSHOT/ratis-common-0.6.0-6ab75ae-SNAPSHOT.jar:/home/user/.m2/repository/com/amazonaws/aws-java-sdk-core/1.11.615/aws-java-sdk-core-1.11.615.jar:/home/user/.m2/repository/org/apache/httpcomponents/httpclient/4.5.2/httpclient-4.5.2.jar:/home/user/.m2/repository/org/apache/httpcomponents/httpcore/4.4.4/httpcore-4.4.4.jar:/home/user/.m2/repository/software/amazon/ion/ion-java/1.0.2/ion-java-1.0.2.jar:/home/user/.m2/repository/com/fasterxml/jackson/dataformat/jackson-dataformat-cbor/2.10.3/jackson-dataformat-cbor-2.10.3.jar:/home/user/.m2/repository/joda-time/joda-time/2.8.1/joda-time-2.8.1.jar:/home/user/.m2/repository/com/amazonaws/aws-java-sdk-s3/1.11.615/aws-java-sdk-s3-1.11.615.jar:/home/user/.m2/repository/com/amazonaws/aws-java-sdk-kms/1.11.615/aws-java-sdk-kms-1.11.615.jar:/home/user/.m2/repository/com/amazonaws/jmespath-java/1.11.615/jmespath-java-1.11.615.jar:/home/user/.m2/repository/org/apache/hadoop/hadoop-hdds-tools/0.6.0-SNAPSHOT/hadoop-hdds-tools-0.6.0-SNAPSHOT.jar:/home/user/.m2/repository/commons-cli/commons-cli/1.2/commons-cli-1.2.jar:/home/user/.m2/repository/org/apache/commons/commons-lang3/3.7/commons-lang3-3.7.jar:/home/user/.m2/repository/org/apache/hadoop/hadoop-ozone-ozone-manager/0.6.0-SNAPSHOT/hadoop-ozone-ozone-manager-0.6.0-SNAPSHOT-tests.jar:/home/user/.m2/repository/junit/junit/4.11/junit-4.11.jar:/home/user/.m2/repository/org/hamcrest/hamcrest-core/1.3/hamcrest-core-1.3.jar:/home/user/.m2/repository/org/openjdk/jmh/jmh-core/1.19/jmh-core-1.19.jar:/home/user/.m2/repository/net/sf/jopt-simple/jopt-simple/4.6/jopt-simple-4.6.jar:/home/user/.m2/repository/org/apache/commons/commons-math3/3.1.1/commons-math3-3.1.1.jar:/home/user/.m2/repository/org/openjdk/jmh/jmh-generator-annprocess/1.19/jmh-generator-annprocess-1.19.jar:/home/user/.m2/repository/org/mockito/mockito-all/1.8.5/mockito-all-1.8.5.jar:/home/user/.m2/repository/org/apache/hadoop/hadoop-kms/3.2.1/hadoop-kms-3.2.1.jar:/home/user/.m2/repository/org/apache/hadoop/hadoop-auth/3.2.1/hadoop-auth-3.2.1.jar:/home/user/.m2/repository/com/nimbusds/nimbus-jose-jwt/7.9/nimbus-jose-jwt-7.9.jar:/home/user/.m2/repository/com/github/stephenc/jcip/jcip-annotations/1.0-1/jcip-annotations-1.0-1.jar:/home/user/.m2/repository/net/minidev/json-smart/2.3/json-smart-2.3.jar:/home/user/.m2/repository/net/minidev/accessors-smart/1.2/accessors-smart-1.2.jar:/home/user/.m2/repository/org/ow2/asm/asm/5.0.4/asm-5.0.4.jar:/home/user/.m2/repository/org/apache/zookeeper/zookeeper/3.4.13/zookeeper-3.4.13.jar:/home/user/.m2/repository/org/apache/yetus/audience-annotations/0.5.0/audience-annotations-0.5.0.jar:/home/user/.m2/repository/org/apache/curator/curator-framework/2.13.0/curator-framework-2.13.0.jar:/home/user/.m2/repository/com/sun/jersey/jersey-core/1.19/jersey-core-1.19.jar:/home/user/.m2/repository/javax/ws/rs/jsr311-api/1.1.1/jsr311-api-1.1.1.jar:/home/user/.m2/repository/com/sun/jersey/jersey-server/1.19/jersey-server-1.19.jar:/home/user/.m2/repository/javax/servlet/javax.servlet-api/3.1.0/javax.servlet-api-3.1.0.jar:/home/user/.m2/repository/org/eclipse/jetty/jetty-server/9.4.26.v20200117/jetty-server-9.4.26.v20200117.jar:/home/user/.m2/repository/org/eclipse/jetty/jetty-http/9.4.26.v20200117/jetty-http-9.4.26.v20200117.jar:/home/user/.m2/repository/org/eclipse/jetty/jetty-io/9.4.26.v20200117/jetty-io-9.4.26.v20200117.jar:/home/user/.m2/repository/org/eclipse/jetty/jetty-webapp/9.4.26.v20200117/jetty-webapp-9.4.26.v20200117.jar:/home/user/.m2/repository/org/eclipse/jetty/jetty-xml/9.4.26.v20200117/jetty-xml-9.4.26.v20200117.jar:/home/user/.m2/repository/org/eclipse/jetty/jetty-servlet/9.4.26.v20200117/jetty-servlet-9.4.26.v20200117.jar:/home/user/.m2/repository/org/eclipse/jetty/jetty-security/9.4.26.v20200117/jetty-security-9.4.26.v20200117.jar:/home/user/.m2/repository/org/apache/hadoop/hadoop-common/3.2.1/hadoop-common-3.2.1.jar:/home/user/.m2/repository/commons-net/commons-net/3.6/commons-net-3.6.jar:/home/user/.m2/repository/commons-collections/commons-collections/3.2.2/commons-collections-3.2.2.jar:/home/user/.m2/repository/com/sun/jersey/jersey-servlet/1.19/jersey-servlet-1.19.jar:/home/user/.m2/repository/com/sun/jersey/jersey-json/1.19/jersey-json-1.19.jar:/home/user/.m2/repository/org/codehaus/jettison/jettison/1.1/jettison-1.1.jar:/home/user/.m2/repository/org/codehaus/jackson/jackson-jaxrs/1.9.2/jackson-jaxrs-1.9.2.jar:/home/user/.m2/repository/org/codehaus/jackson/jackson-xc/1.9.2/jackson-xc-1.9.2.jar:/home/user/.m2/repository/commons-beanutils/commons-beanutils/1.9.4/commons-beanutils-1.9.4.jar:/home/user/.m2/repository/org/apache/commons/commons-configuration2/2.1.1/commons-configuration2-2.1.1.jar:/home/user/.m2/repository/org/apache/commons/commons-text/1.4/commons-text-1.4.jar:/home/user/.m2/repository/com/google/re2j/re2j/1.1/re2j-1.1.jar:/home/user/.m2/repository/com/jcraft/jsch/0.1.54/jsch-0.1.54.jar:/home/user/.m2/repository/org/apache/curator/curator-client/2.13.0/curator-client-2.13.0.jar:/home/user/.m2/repository/org/apache/curator/curator-recipes/2.13.0/curator-recipes-2.13.0.jar:/home/user/.m2/repository/dnsjava/dnsjava/2.1.7/dnsjava-2.1.7.jar:/home/user/.m2/repository/org/slf4j/jul-to-slf4j/1.7.25/jul-to-slf4j-1.7.25.jar:/home/user/.m2/repository/org/eclipse/jetty/jetty-util/9.4.26.v20200117/jetty-util-9.4.26.v20200117.jar:/home/user/.m2/repository/com/fasterxml/jackson/core/jackson-databind/2.10.3/jackson-databind-2.10.3.jar:/home/user/.m2/repository/org/apache/hadoop/hadoop-kms/3.2.1/hadoop-kms-3.2.1-tests.jar:/home/user/.m2/repository/org/apache/hadoop/hadoop-hdds-server-scm/0.6.0-SNAPSHOT/hadoop-hdds-server-scm-0.6.0-SNAPSHOT-tests.jar:/home/user/.m2/repository/org/apache/hadoop/hadoop-hdds-container-service/0.6.0-SNAPSHOT/hadoop-hdds-container-service-0.6.0-SNAPSHOT-tests.jar:/home/user/.m2/repository/org/apache/hadoop/hadoop-hdds-common/0.6.0-SNAPSHOT/hadoop-hdds-common-0.6.0-SNAPSHOT-tests.jar:/home/user/.m2/repository/org/yaml/snakeyaml/1.16/snakeyaml-1.16.jar:/home/user/.m2/repository/org/apache/hadoop/hadoop-hdds-hadoop-dependency-test/0.6.0-SNAPSHOT/hadoop-hdds-hadoop-dependency-test-0.6.0-SNAPSHOT.jar:/home/user/.m2/repository/org/apache/hadoop/hadoop-common/3.2.1/hadoop-common-3.2.1-tests.jar:/home/user/.m2/repository/javax/servlet/jsp/jsp-api/2.1/jsp-api-2.1.jar:/home/user/.m2/repository/org/apache/hadoop/hadoop-hdfs/3.2.1/hadoop-hdfs-3.2.1-tests.jar:/home/user/.m2/repository/org/eclipse/jetty/jetty-util-ajax/9.4.26.v20200117/jetty-util-ajax-9.4.26.v20200117.jar:/home/user/.m2/repository/commons-codec/commons-codec/1.11/commons-codec-1.11.jar:/home/user/.m2/repository/commons-daemon/commons-daemon/1.0.13/commons-daemon-1.0.13.jar:/home/user/.m2/repository/io/netty/netty/3.10.5.Final/netty-3.10.5.Final.jar:/home/user/.m2/repository/io/netty/netty-all/4.1.48.Final/netty-all-4.1.48.Final.jar:/home/user/.m2/repository/org/apache/htrace/htrace-core4/4.1.0-incubating/htrace-core4-4.1.0-incubating.jar:/home/user/.m2/repository/org/fusesource/leveldbjni/leveldbjni-all/1.8/leveldbjni-all-1.8.jar:/home/user/.m2/repository/org/apache/hadoop/hadoop-distcp/3.2.1/hadoop-distcp-3.2.1.jar:/home/user/.m2/repository/org/apache/hadoop/hadoop-mapreduce-client-jobclient/3.2.1/hadoop-mapreduce-client-jobclient-3.2.1.jar:/home/user/.m2/repository/org/apache/hadoop/hadoop-mapreduce-client-common/3.2.1/hadoop-mapreduce-client-common-3.2.1.jar:/home/user/.m2/repository/org/apache/hadoop/hadoop-yarn-common/3.2.1/hadoop-yarn-common-3.2.1.jar:/home/user/.m2/repository/org/apache/hadoop/hadoop-yarn-api/3.2.1/hadoop-yarn-api-3.2.1.jar:/home/user/.m2/repository/com/sun/jersey/jersey-client/1.19/jersey-client-1.19.jar:/home/user/.m2/repository/com/sun/jersey/contribs/jersey-guice/1.19/jersey-guice-1.19.jar:/home/user/.m2/repository/com/fasterxml/jackson/jaxrs/jackson-jaxrs-json-provider/2.10.3/jackson-jaxrs-json-provider-2.10.3.jar:/home/user/.m2/repository/com/fasterxml/jackson/jaxrs/jackson-jaxrs-base/2.10.3/jackson-jaxrs-base-2.10.3.jar:/home/user/.m2/repository/org/apache/hadoop/hadoop-yarn-client/3.2.1/hadoop-yarn-client-3.2.1.jar:/home/user/.m2/repository/org/apache/hadoop/hadoop-mapreduce-client-core/3.2.1/hadoop-mapreduce-client-core-3.2.1.jar:/home/user/.m2/repository/org/apache/avro/avro/1.7.7/avro-1.7.7.jar:/home/user/.m2/repository/org/codehaus/jackson/jackson-core-asl/1.9.13/jackson-core-asl-1.9.13.jar:/home/user/.m2/repository/org/codehaus/jackson/jackson-mapper-asl/1.9.13/jackson-mapper-asl-1.9.13.jar:/home/user/.m2/repository/com/thoughtworks/paranamer/paranamer/2.3/paranamer-2.3.jar:/home/user/.m2/repository/org/xerial/snappy/snappy-java/1.0.5/snappy-java-1.0.5.jar:/home/user/.m2/repository/org/apache/hadoop/hadoop-annotations/3.2.1/hadoop-annotations-3.2.1.jar:/usr/lib/jvm/java-1.8.0-openjdk-1.8.0.232.b09-0.el7_7.x86_64/jre/../lib/tools.jar:/home/user/.m2/repository/org/apache/hadoop/hadoop-distcp/3.2.1/hadoop-distcp-3.2.1-tests.jar:"/>
    <property name="sun.cpu.endian" value="little"/>
    <property name="user.home" value="/home/user"/>
    <property name="user.language" value="en"/>
    <property name="java.specification.vendor" value="Oracle Corporation"/>
    <property name="java.home" value="/usr/lib/jvm/java-1.8.0-openjdk-1.8.0.232.b09-0.el7_7.x86_64/jre"/>
    <property name="java.security.krb5.conf" value="/github/workspace/mnt/ozone/hadoop-ozone/integration-test/target/test-classes/krb5.conf"/>
    <property name="basedir" value="/github/workspace/mnt/ozone/hadoop-ozone/integration-test"/>
    <property name="file.separator" value="/"/>
    <property name="line.separator" value="&#10;"/>
    <property name="java.vm.specification.vendor" value="Oracle Corporation"/>
    <property name="java.specification.name" value="Java Platform API Specification"/>
    <property name="java.awt.graphicsenv" value="sun.awt.X11GraphicsEnvironment"/>
    <property name="skip.installnpx" value="true"/>
    <property name="surefire.real.class.path" value="/github/workspace/mnt/ozone/hadoop-ozone/integration-test/target/surefire/surefirebooter3209128724848117287.jar:/home/user/.m2/repository/org/jacoco/org.jacoco.agent/0.8.5/org.jacoco.agent-0.8.5-runtime.jar"/>
    <property name="hadoop.log.dir" value="/github/workspace/mnt/ozone/hadoop-ozone/integration-test/target/log"/>
    <property name="sun.boot.class.path" value="/usr/lib/jvm/java-1.8.0-openjdk-1.8.0.232.b09-0.el7_7.x86_64/jre/lib/resources.jar:/usr/lib/jvm/java-1.8.0-openjdk-1.8.0.232.b09-0.el7_7.x86_64/jre/lib/rt.jar:/usr/lib/jvm/java-1.8.0-openjdk-1.8.0.232.b09-0.el7_7.x86_64/jre/lib/sunrsasign.jar:/usr/lib/jvm/java-1.8.0-openjdk-1.8.0.232.b09-0.el7_7.x86_64/jre/lib/jsse.jar:/usr/lib/jvm/java-1.8.0-openjdk-1.8.0.232.b09-0.el7_7.x86_64/jre/lib/jce.jar:/usr/lib/jvm/java-1.8.0-openjdk-1.8.0.232.b09-0.el7_7.x86_64/jre/lib/charsets.jar:/usr/lib/jvm/java-1.8.0-openjdk-1.8.0.232.b09-0.el7_7.x86_64/jre/lib/jfr.jar:/usr/lib/jvm/java-1.8.0-openjdk-1.8.0.232.b09-0.el7_7.x86_64/jre/classes"/>
    <property name="sun.management.compiler" value="HotSpot 64-Bit Tiered Compilers"/>
    <property name="skip.npx" value="true"/>
    <property name="java.runtime.version" value="1.8.0_232-b09"/>
    <property name="java.net.preferIPv4Stack" value="true"/>
    <property name="user.name" value="jenkins1001"/>
    <property name="path.separator" value=":"/>
    <property name="java.security.egd" value="file:///dev/urandom"/>
    <property name="os.version" value="5.3.0-1031-azure"/>
    <property name="java.endorsed.dirs" value="/usr/lib/jvm/java-1.8.0-openjdk-1.8.0.232.b09-0.el7_7.x86_64/jre/lib/endorsed"/>
    <property name="java.runtime.name" value="OpenJDK Runtime Environment"/>
    <property name="file.encoding" value="ANSI_X3.4-1968"/>
    <property name="java.vm.name" value="OpenJDK 64-Bit Server VM"/>
    <property name="test.build.webapps" value=""/>
    <property name="localRepository" value="/home/user/.m2/repository"/>
    <property name="java.vendor.url.bug" value="http://bugreport.sun.com/bugreport/"/>
    <property name="java.io.tmpdir" value="/tmp"/>
    <property name="require.test.libhadoop" value=""/>
    <property name="java.version" value="1.8.0_232"/>
    <property name="user.dir" value="/github/workspace/mnt/ozone/hadoop-ozone/integration-test"/>
    <property name="os.arch" value="amd64"/>
    <property name="java.vm.specification.name" value="Java Virtual Machine Specification"/>
    <property name="test.build.classes" value="/github/workspace/mnt/ozone/hadoop-ozone/integration-test/target/test-classes"/>
    <property name="java.awt.printerjob" value="sun.print.PSPrinterJob"/>
    <property name="sun.os.patch.level" value="unknown"/>
    <property name="hadoop.tmp.dir" value="/github/workspace/mnt/ozone/hadoop-ozone/integration-test/target/tmp"/>
    <property name="java.library.path" value="/usr/lib:/usr/java/packages/lib/amd64:/usr/lib64:/lib64:/lib:/usr/lib"/>
    <property name="java.vm.info" value="mixed mode"/>
    <property name="java.vendor" value="Oracle Corporation"/>
    <property name="java.vm.version" value="25.232-b09"/>
    <property name="java.ext.dirs" value="/usr/lib/jvm/java-1.8.0-openjdk-1.8.0.232.b09-0.el7_7.x86_64/jre/lib/ext:/usr/java/packages/lib/ext"/>
    <property name="sun.io.unicode.encoding" value="UnicodeLittle"/>
    <property name="java.class.version" value="52.0"/>
  </properties>
  <testcase name="testWatchForCommitWithKeyWrite" classname="org.apache.hadoop.ozone.client.rpc.TestWatchForCommit" time="66.444"/>
  <testcase name="testWatchForCommitForRetryfailure" classname="org.apache.hadoop.ozone.client.rpc.TestWatchForCommit" time="68.146"/>
  <testcase name="testWatchForCommitForGroupMismatchException" classname="org.apache.hadoop.ozone.client.rpc.TestWatchForCommit" time="38.386"/>
  <testcase name="test2WayCommitForTimeoutException" classname="org.apache.hadoop.ozone.client.rpc.TestWatchForCommit" time="38.313">
    <error message="e1aceb7c-da99-4a3c-9205-ba6aed5f5e4d: group-18AB17D9DAF3 not found." type="org.apache.ratis.protocol.GroupMismatchException">org.apache.ratis.protocol.GroupMismatchException: e1aceb7c-da99-4a3c-9205-ba6aed5f5e4d: group-18AB17D9DAF3 not found.
	at org.apache.ratis.server.impl.RaftServerProxy$ImplMap.get(RaftServerProxy.java:127)
	at org.apache.ratis.server.impl.RaftServerProxy.getImplFuture(RaftServerProxy.java:274)
	at org.apache.ratis.server.impl.RaftServerProxy.getImpl(RaftServerProxy.java:283)
	at org.apache.hadoop.ozone.container.ContainerTestHelper.getRaftServerImpl(ContainerTestHelper.java:593)
	at org.apache.hadoop.ozone.container.ContainerTestHelper.isRatisFollower(ContainerTestHelper.java:608)
	at org.apache.hadoop.ozone.client.rpc.TestWatchForCommit.test2WayCommitForTimeoutException(TestWatchForCommit.java:300)
	at sun.reflect.NativeMethodAccessorImpl.invoke0(Native Method)
	at sun.reflect.NativeMethodAccessorImpl.invoke(NativeMethodAccessorImpl.java:62)
	at sun.reflect.DelegatingMethodAccessorImpl.invoke(DelegatingMethodAccessorImpl.java:43)
	at java.lang.reflect.Method.invoke(Method.java:498)
	at org.junit.runners.model.FrameworkMethod$1.runReflectiveCall(FrameworkMethod.java:47)
	at org.junit.internal.runners.model.ReflectiveCallable.run(ReflectiveCallable.java:12)
	at org.junit.runners.model.FrameworkMethod.invokeExplosively(FrameworkMethod.java:44)
	at org.junit.internal.runners.statements.InvokeMethod.evaluate(InvokeMethod.java:17)
	at org.junit.internal.runners.statements.RunBefores.evaluate(RunBefores.java:26)
	at org.junit.internal.runners.statements.RunAfters.evaluate(RunAfters.java:27)
	at org.junit.runners.ParentRunner.runLeaf(ParentRunner.java:271)
	at org.junit.runners.BlockJUnit4ClassRunner.runChild(BlockJUnit4ClassRunner.java:70)
	at org.junit.runners.BlockJUnit4ClassRunner.runChild(BlockJUnit4ClassRunner.java:50)
	at org.junit.runners.ParentRunner$3.run(ParentRunner.java:238)
	at org.junit.runners.ParentRunner$1.schedule(ParentRunner.java:63)
	at org.junit.runners.ParentRunner.runChildren(ParentRunner.java:236)
	at org.junit.runners.ParentRunner.access$000(ParentRunner.java:53)
	at org.junit.runners.ParentRunner$2.evaluate(ParentRunner.java:229)
	at org.junit.runners.ParentRunner.run(ParentRunner.java:309)
	at org.apache.maven.surefire.junit4.JUnit4Provider.execute(JUnit4Provider.java:365)
	at org.apache.maven.surefire.junit4.JUnit4Provider.executeWithRerun(JUnit4Provider.java:273)
	at org.apache.maven.surefire.junit4.JUnit4Provider.executeTestSet(JUnit4Provider.java:238)
	at org.apache.maven.surefire.junit4.JUnit4Provider.invoke(JUnit4Provider.java:159)
	at org.apache.maven.surefire.booter.ForkedBooter.invokeProviderInSameClassLoader(ForkedBooter.java:384)
	at org.apache.maven.surefire.booter.ForkedBooter.runSuitesInProcess(ForkedBooter.java:345)
	at org.apache.maven.surefire.booter.ForkedBooter.execute(ForkedBooter.java:126)
	at org.apache.maven.surefire.booter.ForkedBooter.main(ForkedBooter.java:418)
</error>
    <system-out><![CDATA[2020-07-02 19:47:31,975 [Listener at 127.0.0.1/46363] WARN  server.ServerUtils (ServerUtils.java:getScmDbDir(148)) - ozone.scm.db.dirs is not configured. We recommend adding this setting. Falling back to ozone.metadata.dirs instead.
2020-07-02 19:47:31,977 [Listener at 127.0.0.1/46363] WARN  server.ServerUtils (ServerUtils.java:getScmDbDir(148)) - ozone.scm.db.dirs is not configured. We recommend adding this setting. Falling back to ozone.metadata.dirs instead.
2020-07-02 19:47:31,977 [Listener at 127.0.0.1/46363] WARN  db.DBStoreBuilder (DBStoreBuilder.java:createDBStoreBuilder(277)) - ozone.scm.db.dirs is not configured. We recommend adding this setting. Falling back to ozone.metadata.dirs instead.
2020-07-02 19:47:32,018 [Listener at 127.0.0.1/46363] INFO  net.NodeSchemaLoader (NodeSchemaLoader.java:loadSchemaFromFile(126)) - Loading file from sun.misc.CompoundEnumeration@3a848bb1
2020-07-02 19:47:32,018 [Listener at 127.0.0.1/46363] INFO  net.NodeSchemaLoader (NodeSchemaLoader.java:loadSchema(172)) - Loading network topology layer schema file
2020-07-02 19:47:32,021 [Listener at 127.0.0.1/46363] INFO  node.SCMNodeManager (SCMNodeManager.java:<init>(116)) - Entering startup safe mode.
2020-07-02 19:47:32,022 [Listener at 127.0.0.1/46363] INFO  algorithms.ContainerPlacementPolicyFactory (ContainerPlacementPolicyFactory.java:getPolicy(60)) - Create container placement policy of type org.apache.hadoop.hdds.scm.container.placement.algorithms.SCMContainerPlacementRandom
2020-07-02 19:47:32,022 [Listener at 127.0.0.1/46363] INFO  pipeline.SCMPipelineManager (SCMPipelineManager.java:initializePipelineState(158)) - No pipeline exists in current db
2020-07-02 19:47:32,023 [Listener at 127.0.0.1/46363] INFO  safemode.HealthyPipelineSafeModeRule (HealthyPipelineSafeModeRule.java:<init>(89)) - Total pipeline count is 0, healthy pipeline threshold count is 0
2020-07-02 19:47:32,023 [Listener at 127.0.0.1/46363] INFO  safemode.OneReplicaPipelineSafeModeRule (OneReplicaPipelineSafeModeRule.java:<init>(79)) - Total pipeline count is 0, pipeline's with at least one datanode reported threshold count is 0
2020-07-02 19:47:32,025 [Listener at 127.0.0.1/46363] INFO  ipc.CallQueueManager (CallQueueManager.java:<init>(84)) - Using callQueue: class java.util.concurrent.LinkedBlockingQueue, queueCapacity: 2000, scheduler: class org.apache.hadoop.ipc.DefaultRpcScheduler, ipcBackoff: false.
2020-07-02 19:47:32,028 [RatisPipelineUtilsThread] ERROR pipeline.SCMPipelineManager (SCMPipelineManager.java:createPipeline(222)) - Failed to create pipeline of type RATIS and factor ONE. Exception: Cannot create pipeline of factor 1 using 0 nodes. Used 0 nodes. Healthy nodes 0
2020-07-02 19:47:32,029 [Socket Reader #1 for port 0] INFO  ipc.Server (Server.java:run(1219)) - Starting Socket Reader #1 for port 0
2020-07-02 19:47:32,030 [Listener at 0.0.0.0/44525] INFO  ipc.CallQueueManager (CallQueueManager.java:<init>(84)) - Using callQueue: class java.util.concurrent.LinkedBlockingQueue, queueCapacity: 2000, scheduler: class org.apache.hadoop.ipc.DefaultRpcScheduler, ipcBackoff: false.
2020-07-02 19:47:32,030 [Socket Reader #1 for port 0] INFO  ipc.Server (Server.java:run(1219)) - Starting Socket Reader #1 for port 0
2020-07-02 19:47:32,031 [Listener at 0.0.0.0/36283] INFO  ipc.CallQueueManager (CallQueueManager.java:<init>(84)) - Using callQueue: class java.util.concurrent.LinkedBlockingQueue, queueCapacity: 2000, scheduler: class org.apache.hadoop.ipc.DefaultRpcScheduler, ipcBackoff: false.
2020-07-02 19:47:32,033 [Socket Reader #1 for port 0] INFO  ipc.Server (Server.java:run(1219)) - Starting Socket Reader #1 for port 0
2020-07-02 19:47:32,036 [Listener at 0.0.0.0/45077] INFO  http.BaseHttpServer (BaseHttpServer.java:newHttpServer2BuilderForOzone(207)) - Starting Web-server for scm at: http://0.0.0.0:0
2020-07-02 19:47:32,036 [Listener at 0.0.0.0/45077] INFO  http.BaseHttpServer (BaseHttpServer.java:<init>(106)) - Hadoop Security Enabled: false Ozone Security Enabled: false Ozone HTTP Security Enabled: false 
2020-07-02 19:47:32,037 [Listener at 0.0.0.0/45077] INFO  server.AuthenticationFilter (AuthenticationFilter.java:constructSecretProvider(240)) - Unable to initialize FileSignerSecretProvider, falling back to use random secrets.
2020-07-02 19:47:32,037 [Listener at 0.0.0.0/45077] WARN  http.HttpRequestLog (HttpRequestLog.java:getRequestLog(103)) - Jetty request log can only be enabled using Log4j
2020-07-02 19:47:32,038 [Listener at 0.0.0.0/45077] INFO  http.HttpServer2 (HttpServer2.java:addGlobalFilter(998)) - Added global filter 'safety' (class=org.apache.hadoop.hdds.server.http.HttpServer2$QuotingInputFilter)
2020-07-02 19:47:32,039 [Listener at 0.0.0.0/45077] INFO  http.HttpServer2 (HttpServer2.java:addFilter(974)) - Added filter static_user_filter (class=org.apache.hadoop.http.lib.StaticUserWebFilter$StaticUserFilter) to context scm
2020-07-02 19:47:32,039 [Listener at 0.0.0.0/45077] INFO  http.HttpServer2 (HttpServer2.java:addFilter(982)) - Added filter static_user_filter (class=org.apache.hadoop.http.lib.StaticUserWebFilter$StaticUserFilter) to context static
2020-07-02 19:47:32,039 [Listener at 0.0.0.0/45077] INFO  http.HttpServer2 (HttpServer2.java:addFilter(982)) - Added filter static_user_filter (class=org.apache.hadoop.http.lib.StaticUserWebFilter$StaticUserFilter) to context logs
2020-07-02 19:47:32,043 [Listener at 0.0.0.0/45077] INFO  server.StorageContainerManager (StorageContainerManager.java:start(782)) - StorageContainerLocationProtocol RPC server is listening at /0.0.0.0:45077
2020-07-02 19:47:32,044 [Listener at 0.0.0.0/45077] WARN  impl.MetricsConfig (MetricsConfig.java:loadFirst(134)) - Cannot locate configuration: tried hadoop-metrics2-storagecontainermanager.properties,hadoop-metrics2.properties
2020-07-02 19:47:32,045 [Listener at 0.0.0.0/45077] INFO  impl.MetricsSystemImpl (MetricsSystemImpl.java:startTimer(374)) - Scheduled Metric snapshot period at 10 second(s).
2020-07-02 19:47:32,045 [Listener at 0.0.0.0/45077] INFO  impl.MetricsSystemImpl (MetricsSystemImpl.java:start(191)) - StorageContainerManager metrics system started
2020-07-02 19:47:32,074 [Listener at 0.0.0.0/45077] WARN  impl.MetricsSystemImpl (MetricsSystemImpl.java:register(276)) - Sink prometheus already exists!
2020-07-02 19:47:32,078 [Listener at 0.0.0.0/45077] INFO  server.SCMClientProtocolServer (SCMClientProtocolServer.java:start(156)) - RPC server for Client  is listening at /0.0.0.0:45077
2020-07-02 19:47:32,082 [IPC Server listener on 0] INFO  ipc.Server (Server.java:run(1298)) - IPC Server listener on 0: starting
2020-07-02 19:47:32,095 [Listener at 0.0.0.0/45077] INFO  server.StorageContainerManager (StorageContainerManager.java:start(794)) - ScmBlockLocationProtocol RPC server is listening at /0.0.0.0:36283
2020-07-02 19:47:32,095 [Listener at 0.0.0.0/45077] INFO  server.SCMBlockProtocolServer (SCMBlockProtocolServer.java:start(149)) - RPC server for Block Protocol is listening at /0.0.0.0:36283
2020-07-02 19:47:32,095 [IPC Server Responder] INFO  ipc.Server (Server.java:run(1460)) - IPC Server Responder: starting
2020-07-02 19:47:32,096 [IPC Server listener on 0] INFO  ipc.Server (Server.java:run(1298)) - IPC Server listener on 0: starting
2020-07-02 19:47:32,098 [Listener at 0.0.0.0/45077] INFO  server.StorageContainerManager (StorageContainerManager.java:start(800)) - ScmDatanodeProtocl RPC server is listening at /0.0.0.0:44525
2020-07-02 19:47:32,098 [Listener at 0.0.0.0/45077] INFO  server.SCMDatanodeProtocolServer (SCMDatanodeProtocolServer.java:start(172)) - RPC server for DataNodes is listening at /0.0.0.0:44525
2020-07-02 19:47:32,098 [IPC Server Responder] INFO  ipc.Server (Server.java:run(1460)) - IPC Server Responder: starting
2020-07-02 19:47:32,098 [IPC Server listener on 0] INFO  ipc.Server (Server.java:run(1298)) - IPC Server listener on 0: starting
2020-07-02 19:47:32,100 [Listener at 0.0.0.0/45077] INFO  http.HttpServer2 (HttpServer2.java:bindListener(1216)) - Jetty bound to port 33151
2020-07-02 19:47:32,100 [Listener at 0.0.0.0/45077] INFO  server.Server (Server.java:doStart(359)) - jetty-9.4.26.v20200117; built: 2020-01-17T12:35:33.676Z; git: 7b38981d25d14afb4a12ff1f2596756144edf695; jvm 1.8.0_232-b09
2020-07-02 19:47:32,102 [Listener at 0.0.0.0/45077] INFO  server.session (DefaultSessionIdManager.java:doStart(333)) - DefaultSessionIdManager workerName=node0
2020-07-02 19:47:32,102 [Listener at 0.0.0.0/45077] INFO  server.session (DefaultSessionIdManager.java:doStart(338)) - No SessionScavenger set, using defaults
2020-07-02 19:47:32,102 [Listener at 0.0.0.0/45077] INFO  server.session (HouseKeeper.java:startScavenging(140)) - node0 Scavenging every 660000ms
2020-07-02 19:47:32,103 [Listener at 0.0.0.0/45077] INFO  handler.ContextHandler (ContextHandler.java:doStart(825)) - Started o.e.j.s.ServletContextHandler@786a4eb2{logs,/logs,file:///github/workspace/mnt/ozone/hadoop-ozone/integration-test/target/log,AVAILABLE}
2020-07-02 19:47:32,103 [Listener at 0.0.0.0/45077] INFO  handler.ContextHandler (ContextHandler.java:doStart(825)) - Started o.e.j.s.ServletContextHandler@2fe235b4{static,/static,file:///github/workspace/mnt/ozone/hadoop-ozone/integration-test/target/test-classes/webapps/static,AVAILABLE}
2020-07-02 19:47:32,108 [IPC Server Responder] INFO  ipc.Server (Server.java:run(1460)) - IPC Server Responder: starting
2020-07-02 19:47:32,109 [Listener at 0.0.0.0/45077] INFO  handler.ContextHandler (ContextHandler.java:doStart(825)) - Started o.e.j.w.WebAppContext@2511ddb7{scm,/,file:///github/workspace/mnt/ozone/hadoop-ozone/integration-test/target/test-classes/webapps/scm/,AVAILABLE}{file:/github/workspace/mnt/ozone/hadoop-ozone/integration-test/target/test-classes/webapps/scm}
2020-07-02 19:47:32,110 [Listener at 0.0.0.0/45077] INFO  server.AbstractConnector (AbstractConnector.java:doStart(330)) - Started ServerConnector@22ce83d6{HTTP/1.1,[http/1.1]}{0.0.0.0:33151}
2020-07-02 19:47:32,110 [Listener at 0.0.0.0/45077] INFO  server.Server (Server.java:doStart(399)) - Started @173850ms
2020-07-02 19:47:32,111 [Listener at 0.0.0.0/45077] WARN  impl.MetricsSystemImpl (MetricsSystemImpl.java:register(276)) - Sink prometheus already exists!
2020-07-02 19:47:32,113 [Listener at 0.0.0.0/45077] INFO  http.BaseHttpServer (BaseHttpServer.java:updateConnectorAddress(327)) - HTTP server of scm listening at http://0.0.0.0:33151
2020-07-02 19:47:32,114 [Listener at 0.0.0.0/45077] WARN  server.ServerUtils (ServerUtils.java:getDBPath(225)) - ozone.om.db.dirs is not configured. We recommend adding this setting. Falling back to ozone.metadata.dirs instead.
2020-07-02 19:47:32,116 [Listener at 0.0.0.0/45077] INFO  ha.OMHANodeDetails (OMHANodeDetails.java:loadOMHAConfig(104)) - ozone.om.internal.service.id is not defined, falling back to ozone.om.service.ids to find serviceID for OzoneManager if it is HA enabled cluster
2020-07-02 19:47:32,116 [Listener at 0.0.0.0/45077] INFO  ha.OMHANodeDetails (OMHANodeDetails.java:loadOMHAConfig(213)) - Configuration either no ozone.om.address set. Falling back to the default OM address /127.0.0.1:0
2020-07-02 19:47:32,116 [Listener at 0.0.0.0/45077] INFO  ha.OMHANodeDetails (OMHANodeDetails.java:getOMNodeDetails(241)) - OM Service ID is not set. Setting it to the default ID: omServiceIdDefault
2020-07-02 19:47:32,116 [Listener at 0.0.0.0/45077] WARN  server.ServerUtils (ServerUtils.java:getDBPath(225)) - ozone.om.db.dirs is not configured. We recommend adding this setting. Falling back to ozone.metadata.dirs instead.
2020-07-02 19:47:32,117 [Listener at 0.0.0.0/45077] WARN  server.ServerUtils (ServerUtils.java:getDBPath(225)) - ozone.om.db.dirs is not configured. We recommend adding this setting. Falling back to ozone.metadata.dirs instead.
2020-07-02 19:47:32,122 [org.apache.hadoop.util.JvmPauseMonitor$Monitor@142c0c3e] INFO  util.JvmPauseMonitor (JvmPauseMonitor.java:run(188)) - Starting JVM pause monitor
2020-07-02 19:47:32,126 [Listener at 0.0.0.0/45077] WARN  server.ServerUtils (ServerUtils.java:getDBPath(225)) - ozone.om.db.dirs is not configured. We recommend adding this setting. Falling back to ozone.metadata.dirs instead.
2020-07-02 19:47:32,185 [Listener at 0.0.0.0/45077] INFO  ipc.CallQueueManager (CallQueueManager.java:<init>(84)) - Using callQueue: class java.util.concurrent.LinkedBlockingQueue, queueCapacity: 2000, scheduler: class org.apache.hadoop.ipc.DefaultRpcScheduler, ipcBackoff: false.
2020-07-02 19:47:32,185 [Socket Reader #1 for port 0] INFO  ipc.Server (Server.java:run(1219)) - Starting Socket Reader #1 for port 0
2020-07-02 19:47:32,204 [Listener at 127.0.0.1/43161] INFO  impl.MetricsSystemImpl (MetricsSystemImpl.java:init(158)) - OzoneManager metrics system started (again)
2020-07-02 19:47:32,204 [Listener at 127.0.0.1/43161] INFO  om.OzoneManager (OzoneManager.java:start(1083)) - OzoneManager RPC server is listening at localhost/127.0.0.1:43161
2020-07-02 19:47:32,205 [IPC Server Responder] INFO  ipc.Server (Server.java:run(1460)) - IPC Server Responder: starting
2020-07-02 19:47:32,210 [IPC Server listener on 0] INFO  ipc.Server (Server.java:run(1298)) - IPC Server listener on 0: starting
2020-07-02 19:47:32,224 [Listener at 127.0.0.1/43161] INFO  http.BaseHttpServer (BaseHttpServer.java:newHttpServer2BuilderForOzone(207)) - Starting Web-server for ozoneManager at: http://0.0.0.0:0
2020-07-02 19:47:32,224 [Listener at 127.0.0.1/43161] INFO  http.BaseHttpServer (BaseHttpServer.java:<init>(106)) - Hadoop Security Enabled: false Ozone Security Enabled: false Ozone HTTP Security Enabled: false 
2020-07-02 19:47:32,225 [Listener at 127.0.0.1/43161] INFO  server.AuthenticationFilter (AuthenticationFilter.java:constructSecretProvider(240)) - Unable to initialize FileSignerSecretProvider, falling back to use random secrets.
2020-07-02 19:47:32,225 [Listener at 127.0.0.1/43161] WARN  http.HttpRequestLog (HttpRequestLog.java:getRequestLog(103)) - Jetty request log can only be enabled using Log4j
2020-07-02 19:47:32,226 [Listener at 127.0.0.1/43161] INFO  http.HttpServer2 (HttpServer2.java:addGlobalFilter(998)) - Added global filter 'safety' (class=org.apache.hadoop.hdds.server.http.HttpServer2$QuotingInputFilter)
2020-07-02 19:47:32,226 [Listener at 127.0.0.1/43161] INFO  http.HttpServer2 (HttpServer2.java:addFilter(974)) - Added filter static_user_filter (class=org.apache.hadoop.http.lib.StaticUserWebFilter$StaticUserFilter) to context ozoneManager
2020-07-02 19:47:32,227 [Listener at 127.0.0.1/43161] INFO  http.HttpServer2 (HttpServer2.java:addFilter(982)) - Added filter static_user_filter (class=org.apache.hadoop.http.lib.StaticUserWebFilter$StaticUserFilter) to context logs
2020-07-02 19:47:32,227 [Listener at 127.0.0.1/43161] INFO  http.HttpServer2 (HttpServer2.java:addFilter(982)) - Added filter static_user_filter (class=org.apache.hadoop.http.lib.StaticUserWebFilter$StaticUserFilter) to context static
2020-07-02 19:47:32,227 [Listener at 127.0.0.1/43161] INFO  http.HttpServer2 (HttpServer2.java:bindListener(1216)) - Jetty bound to port 36635
2020-07-02 19:47:32,227 [Listener at 127.0.0.1/43161] INFO  server.Server (Server.java:doStart(359)) - jetty-9.4.26.v20200117; built: 2020-01-17T12:35:33.676Z; git: 7b38981d25d14afb4a12ff1f2596756144edf695; jvm 1.8.0_232-b09
2020-07-02 19:47:32,229 [Listener at 127.0.0.1/43161] INFO  server.session (DefaultSessionIdManager.java:doStart(333)) - DefaultSessionIdManager workerName=node0
2020-07-02 19:47:32,229 [Listener at 127.0.0.1/43161] INFO  server.session (DefaultSessionIdManager.java:doStart(338)) - No SessionScavenger set, using defaults
2020-07-02 19:47:32,229 [Listener at 127.0.0.1/43161] INFO  server.session (HouseKeeper.java:startScavenging(140)) - node0 Scavenging every 600000ms
2020-07-02 19:47:32,230 [Listener at 127.0.0.1/43161] INFO  handler.ContextHandler (ContextHandler.java:doStart(825)) - Started o.e.j.s.ServletContextHandler@784df46e{logs,/logs,file:///github/workspace/mnt/ozone/hadoop-ozone/integration-test/target/log,AVAILABLE}
2020-07-02 19:47:32,230 [Listener at 127.0.0.1/43161] INFO  handler.ContextHandler (ContextHandler.java:doStart(825)) - Started o.e.j.s.ServletContextHandler@6277551c{static,/static,file:///github/workspace/mnt/ozone/hadoop-ozone/integration-test/target/test-classes/webapps/static,AVAILABLE}
2020-07-02 19:47:32,235 [Listener at 127.0.0.1/43161] INFO  handler.ContextHandler (ContextHandler.java:doStart(825)) - Started o.e.j.w.WebAppContext@2eb3e87c{ozoneManager,/,file:///github/workspace/mnt/ozone/hadoop-ozone/integration-test/target/test-classes/webapps/ozoneManager/,AVAILABLE}{file:/github/workspace/mnt/ozone/hadoop-ozone/integration-test/target/test-classes/webapps/ozoneManager}
2020-07-02 19:47:32,236 [Listener at 127.0.0.1/43161] INFO  server.AbstractConnector (AbstractConnector.java:doStart(330)) - Started ServerConnector@155c2a47{HTTP/1.1,[http/1.1]}{0.0.0.0:36635}
2020-07-02 19:47:32,236 [Listener at 127.0.0.1/43161] INFO  server.Server (Server.java:doStart(399)) - Started @173975ms
2020-07-02 19:47:32,236 [Listener at 127.0.0.1/43161] WARN  impl.MetricsSystemImpl (MetricsSystemImpl.java:register(276)) - Sink prometheus already exists!
2020-07-02 19:47:32,238 [Listener at 127.0.0.1/43161] INFO  http.BaseHttpServer (BaseHttpServer.java:updateConnectorAddress(327)) - HTTP server of ozoneManager listening at http://0.0.0.0:36635
2020-07-02 19:47:32,246 [org.apache.hadoop.util.JvmPauseMonitor$Monitor@3f79660e] INFO  util.JvmPauseMonitor (JvmPauseMonitor.java:run(188)) - Starting JVM pause monitor
2020-07-02 19:47:32,252 [Listener at 127.0.0.1/43161] INFO  impl.MetricsSystemImpl (MetricsSystemImpl.java:init(158)) - HddsDatanode metrics system started (again)
2020-07-02 19:47:32,253 [Listener at 127.0.0.1/43161] INFO  ozone.HddsDatanodeService (HddsDatanodeService.java:start(197)) - HddsDatanodeService host:88424e9b97c1 ip:172.17.0.2
2020-07-02 19:47:32,253 [Listener at 127.0.0.1/43161] INFO  volume.HddsVolume (HddsVolume.java:<init>(176)) - Creating Volume: /github/workspace/mnt/ozone/hadoop-ozone/integration-test/target/test-dir/MiniOzoneClusterImpl-47077420-a86b-4566-b2ce-9fb6a30396ee/datanode-0/data-0/containers/hdds of storage type : DISK and capacity : 9223372036854775807
2020-07-02 19:47:32,254 [Listener at 127.0.0.1/43161] INFO  volume.MutableVolumeSet (MutableVolumeSet.java:initializeVolumeSet(181)) - Added Volume : /github/workspace/mnt/ozone/hadoop-ozone/integration-test/target/test-dir/MiniOzoneClusterImpl-47077420-a86b-4566-b2ce-9fb6a30396ee/datanode-0/data-0/containers/hdds to VolumeSet
2020-07-02 19:47:32,254 [Listener at 127.0.0.1/43161] INFO  volume.ThrottledAsyncChecker (ThrottledAsyncChecker.java:schedule(141)) - Scheduling a check for /github/workspace/mnt/ozone/hadoop-ozone/integration-test/target/test-dir/MiniOzoneClusterImpl-47077420-a86b-4566-b2ce-9fb6a30396ee/datanode-0/data-0/containers/hdds
2020-07-02 19:47:32,254 [Listener at 127.0.0.1/43161] INFO  volume.HddsVolumeChecker (HddsVolumeChecker.java:checkAllVolumes(200)) - Scheduled health check for volume /github/workspace/mnt/ozone/hadoop-ozone/integration-test/target/test-dir/MiniOzoneClusterImpl-47077420-a86b-4566-b2ce-9fb6a30396ee/datanode-0/data-0/containers/hdds
2020-07-02 19:47:32,269 [Listener at 127.0.0.1/43161] INFO  impl.RaftServerProxy (ConfUtils.java:logGet(44)) - raft.rpc.type = GRPC (default)
2020-07-02 19:47:32,269 [Listener at 127.0.0.1/43161] INFO  grpc.GrpcFactory (GrpcFactory.java:checkPooledByteBufAllocatorUseCacheForAllThreads(45)) - PERFORMANCE WARNING: useCacheForAllThreads is true that may cause Netty to create a lot garbage objects and, as a result, trigger GC.
	It is recommended to disable useCacheForAllThreads by setting -Dorg.apache.ratis.thirdparty.io.netty.allocator.useCacheForAllThreads=false in command line.
2020-07-02 19:47:32,269 [Listener at 127.0.0.1/43161] INFO  grpc.GrpcConfigKeys (ConfUtils.java:logGet(44)) - raft.grpc.server.port = 0 (default)
2020-07-02 19:47:32,269 [Listener at 127.0.0.1/43161] INFO  server.GrpcService (ConfUtils.java:logGet(44)) - raft.grpc.message.size.max = 32MB (=33554432) (custom)
2020-07-02 19:47:32,269 [Listener at 127.0.0.1/43161] INFO  server.RaftServerConfigKeys (ConfUtils.java:logGet(44)) - raft.server.log.appender.buffer.byte-limit = 33554432 (custom)
2020-07-02 19:47:32,269 [Listener at 127.0.0.1/43161] INFO  server.GrpcService (ConfUtils.java:logGet(44)) - raft.grpc.flow.control.window = 5MB (=5242880) (custom)
2020-07-02 19:47:32,269 [Listener at 127.0.0.1/43161] INFO  server.RaftServerConfigKeys (ConfUtils.java:logGet(44)) - raft.server.rpc.request.timeout = 3000ms (default)
2020-07-02 19:47:32,271 [Listener at 127.0.0.1/43161] INFO  server.RaftServerConfigKeys (ConfUtils.java:logGet(44)) - raft.server.storage.dir = [/github/workspace/mnt/ozone/hadoop-ozone/integration-test/target/test-dir/MiniOzoneClusterImpl-47077420-a86b-4566-b2ce-9fb6a30396ee/datanode-0/data/ratis] (custom)
2020-07-02 19:47:32,275 [Listener at 127.0.0.1/43161] INFO  http.BaseHttpServer (BaseHttpServer.java:newHttpServer2BuilderForOzone(207)) - Starting Web-server for hddsDatanode at: http://0.0.0.0:0
2020-07-02 19:47:32,275 [Listener at 127.0.0.1/43161] INFO  http.BaseHttpServer (BaseHttpServer.java:<init>(106)) - Hadoop Security Enabled: false Ozone Security Enabled: false Ozone HTTP Security Enabled: false 
2020-07-02 19:47:32,276 [Listener at 127.0.0.1/43161] INFO  server.AuthenticationFilter (AuthenticationFilter.java:constructSecretProvider(240)) - Unable to initialize FileSignerSecretProvider, falling back to use random secrets.
2020-07-02 19:47:32,276 [Listener at 127.0.0.1/43161] WARN  http.HttpRequestLog (HttpRequestLog.java:getRequestLog(103)) - Jetty request log can only be enabled using Log4j
2020-07-02 19:47:32,277 [Listener at 127.0.0.1/43161] INFO  http.HttpServer2 (HttpServer2.java:addGlobalFilter(998)) - Added global filter 'safety' (class=org.apache.hadoop.hdds.server.http.HttpServer2$QuotingInputFilter)
2020-07-02 19:47:32,277 [Listener at 127.0.0.1/43161] INFO  http.HttpServer2 (HttpServer2.java:addFilter(974)) - Added filter static_user_filter (class=org.apache.hadoop.http.lib.StaticUserWebFilter$StaticUserFilter) to context hddsDatanode
2020-07-02 19:47:32,277 [Listener at 127.0.0.1/43161] INFO  http.HttpServer2 (HttpServer2.java:addFilter(982)) - Added filter static_user_filter (class=org.apache.hadoop.http.lib.StaticUserWebFilter$StaticUserFilter) to context logs
2020-07-02 19:47:32,277 [Listener at 127.0.0.1/43161] INFO  http.HttpServer2 (HttpServer2.java:addFilter(982)) - Added filter static_user_filter (class=org.apache.hadoop.http.lib.StaticUserWebFilter$StaticUserFilter) to context static
2020-07-02 19:47:32,278 [Listener at 127.0.0.1/43161] INFO  http.HttpServer2 (HttpServer2.java:bindListener(1216)) - Jetty bound to port 39479
2020-07-02 19:47:32,278 [Listener at 127.0.0.1/43161] INFO  server.Server (Server.java:doStart(359)) - jetty-9.4.26.v20200117; built: 2020-01-17T12:35:33.676Z; git: 7b38981d25d14afb4a12ff1f2596756144edf695; jvm 1.8.0_232-b09
2020-07-02 19:47:32,285 [Listener at 127.0.0.1/43161] INFO  server.session (DefaultSessionIdManager.java:doStart(333)) - DefaultSessionIdManager workerName=node0
2020-07-02 19:47:32,285 [Listener at 127.0.0.1/43161] INFO  server.session (DefaultSessionIdManager.java:doStart(338)) - No SessionScavenger set, using defaults
2020-07-02 19:47:32,285 [Listener at 127.0.0.1/43161] INFO  server.session (HouseKeeper.java:startScavenging(140)) - node0 Scavenging every 600000ms
2020-07-02 19:47:32,285 [Listener at 127.0.0.1/43161] INFO  handler.ContextHandler (ContextHandler.java:doStart(825)) - Started o.e.j.s.ServletContextHandler@48b745af{logs,/logs,file:///github/workspace/mnt/ozone/hadoop-ozone/integration-test/target/log,AVAILABLE}
2020-07-02 19:47:32,286 [Listener at 127.0.0.1/43161] INFO  handler.ContextHandler (ContextHandler.java:doStart(825)) - Started o.e.j.s.ServletContextHandler@1b36701c{static,/static,jar:file:/home/user/.m2/repository/org/apache/hadoop/hadoop-hdds-container-service/0.6.0-SNAPSHOT/hadoop-hdds-container-service-0.6.0-SNAPSHOT.jar!/webapps/static,AVAILABLE}
2020-07-02 19:47:32,301 [Listener at 127.0.0.1/43161] INFO  handler.ContextHandler (ContextHandler.java:doStart(825)) - Started o.e.j.w.WebAppContext@505f8cf{hddsDatanode,/,file:///tmp/jetty-0_0_0_0-39479-hadoop-hdds-container-service-0_6_0-SNAPSHOT_jar-_-any-8008797918610790968.dir/webapp/,AVAILABLE}{jar:file:/home/user/.m2/repository/org/apache/hadoop/hadoop-hdds-container-service/0.6.0-SNAPSHOT/hadoop-hdds-container-service-0.6.0-SNAPSHOT.jar!/webapps/hddsDatanode}
2020-07-02 19:47:32,302 [Listener at 127.0.0.1/43161] INFO  server.AbstractConnector (AbstractConnector.java:doStart(330)) - Started ServerConnector@2fcc4d13{HTTP/1.1,[http/1.1]}{0.0.0.0:39479}
2020-07-02 19:47:32,302 [Listener at 127.0.0.1/43161] INFO  server.Server (Server.java:doStart(399)) - Started @174041ms
2020-07-02 19:47:32,302 [Listener at 127.0.0.1/43161] WARN  impl.MetricsSystemImpl (MetricsSystemImpl.java:register(276)) - Sink prometheus already exists!
2020-07-02 19:47:32,305 [Listener at 127.0.0.1/43161] INFO  http.BaseHttpServer (BaseHttpServer.java:updateConnectorAddress(327)) - HTTP server of hddsDatanode listening at http://0.0.0.0:39479
2020-07-02 19:47:32,305 [Listener at 127.0.0.1/43161] INFO  impl.MetricsSystemImpl (MetricsSystemImpl.java:init(158)) - HddsDatanode metrics system started (again)
2020-07-02 19:47:32,306 [Listener at 127.0.0.1/43161] INFO  ozone.HddsDatanodeService (HddsDatanodeService.java:start(197)) - HddsDatanodeService host:88424e9b97c1 ip:172.17.0.2
2020-07-02 19:47:32,310 [org.apache.hadoop.util.JvmPauseMonitor$Monitor@27880bf2] INFO  util.JvmPauseMonitor (JvmPauseMonitor.java:run(188)) - Starting JVM pause monitor
2020-07-02 19:47:32,311 [Datanode State Machine Thread - 0] INFO  datanode.InitDatanodeState (InitDatanodeState.java:persistContainerDatanodeDetails(145)) - DatanodeDetails is persisted to /github/workspace/mnt/ozone/hadoop-ozone/integration-test/target/test-dir/MiniOzoneClusterImpl-47077420-a86b-4566-b2ce-9fb6a30396ee/datanode-0/meta/datanode.id
2020-07-02 19:47:32,311 [Listener at 127.0.0.1/43161] INFO  volume.HddsVolume (HddsVolume.java:<init>(176)) - Creating Volume: /github/workspace/mnt/ozone/hadoop-ozone/integration-test/target/test-dir/MiniOzoneClusterImpl-47077420-a86b-4566-b2ce-9fb6a30396ee/datanode-1/data-0/containers/hdds of storage type : DISK and capacity : 9223372036854775807
2020-07-02 19:47:32,311 [Listener at 127.0.0.1/43161] INFO  volume.MutableVolumeSet (MutableVolumeSet.java:initializeVolumeSet(181)) - Added Volume : /github/workspace/mnt/ozone/hadoop-ozone/integration-test/target/test-dir/MiniOzoneClusterImpl-47077420-a86b-4566-b2ce-9fb6a30396ee/datanode-1/data-0/containers/hdds to VolumeSet
2020-07-02 19:47:32,311 [Listener at 127.0.0.1/43161] INFO  volume.ThrottledAsyncChecker (ThrottledAsyncChecker.java:schedule(141)) - Scheduling a check for /github/workspace/mnt/ozone/hadoop-ozone/integration-test/target/test-dir/MiniOzoneClusterImpl-47077420-a86b-4566-b2ce-9fb6a30396ee/datanode-1/data-0/containers/hdds
2020-07-02 19:47:32,312 [Listener at 127.0.0.1/43161] INFO  volume.HddsVolumeChecker (HddsVolumeChecker.java:checkAllVolumes(200)) - Scheduled health check for volume /github/workspace/mnt/ozone/hadoop-ozone/integration-test/target/test-dir/MiniOzoneClusterImpl-47077420-a86b-4566-b2ce-9fb6a30396ee/datanode-1/data-0/containers/hdds
2020-07-02 19:47:32,325 [Listener at 127.0.0.1/43161] INFO  impl.RaftServerProxy (ConfUtils.java:logGet(44)) - raft.rpc.type = GRPC (default)
2020-07-02 19:47:32,326 [Listener at 127.0.0.1/43161] INFO  grpc.GrpcFactory (GrpcFactory.java:checkPooledByteBufAllocatorUseCacheForAllThreads(45)) - PERFORMANCE WARNING: useCacheForAllThreads is true that may cause Netty to create a lot garbage objects and, as a result, trigger GC.
	It is recommended to disable useCacheForAllThreads by setting -Dorg.apache.ratis.thirdparty.io.netty.allocator.useCacheForAllThreads=false in command line.
2020-07-02 19:47:32,326 [Listener at 127.0.0.1/43161] INFO  grpc.GrpcConfigKeys (ConfUtils.java:logGet(44)) - raft.grpc.server.port = 0 (default)
2020-07-02 19:47:32,326 [Listener at 127.0.0.1/43161] INFO  server.GrpcService (ConfUtils.java:logGet(44)) - raft.grpc.message.size.max = 32MB (=33554432) (custom)
2020-07-02 19:47:32,326 [Listener at 127.0.0.1/43161] INFO  server.RaftServerConfigKeys (ConfUtils.java:logGet(44)) - raft.server.log.appender.buffer.byte-limit = 33554432 (custom)
2020-07-02 19:47:32,326 [Listener at 127.0.0.1/43161] INFO  server.GrpcService (ConfUtils.java:logGet(44)) - raft.grpc.flow.control.window = 5MB (=5242880) (custom)
2020-07-02 19:47:32,326 [Listener at 127.0.0.1/43161] INFO  server.RaftServerConfigKeys (ConfUtils.java:logGet(44)) - raft.server.rpc.request.timeout = 3000ms (default)
2020-07-02 19:47:32,327 [Listener at 127.0.0.1/43161] INFO  server.RaftServerConfigKeys (ConfUtils.java:logGet(44)) - raft.server.storage.dir = [/github/workspace/mnt/ozone/hadoop-ozone/integration-test/target/test-dir/MiniOzoneClusterImpl-47077420-a86b-4566-b2ce-9fb6a30396ee/datanode-1/data/ratis] (custom)
2020-07-02 19:47:32,331 [Listener at 127.0.0.1/43161] INFO  http.BaseHttpServer (BaseHttpServer.java:newHttpServer2BuilderForOzone(207)) - Starting Web-server for hddsDatanode at: http://0.0.0.0:0
2020-07-02 19:47:32,331 [Listener at 127.0.0.1/43161] INFO  http.BaseHttpServer (BaseHttpServer.java:<init>(106)) - Hadoop Security Enabled: false Ozone Security Enabled: false Ozone HTTP Security Enabled: false 
2020-07-02 19:47:32,331 [Listener at 127.0.0.1/43161] INFO  server.AuthenticationFilter (AuthenticationFilter.java:constructSecretProvider(240)) - Unable to initialize FileSignerSecretProvider, falling back to use random secrets.
2020-07-02 19:47:32,332 [Listener at 127.0.0.1/43161] WARN  http.HttpRequestLog (HttpRequestLog.java:getRequestLog(103)) - Jetty request log can only be enabled using Log4j
2020-07-02 19:47:32,332 [Listener at 127.0.0.1/43161] INFO  http.HttpServer2 (HttpServer2.java:addGlobalFilter(998)) - Added global filter 'safety' (class=org.apache.hadoop.hdds.server.http.HttpServer2$QuotingInputFilter)
2020-07-02 19:47:32,333 [Listener at 127.0.0.1/43161] INFO  http.HttpServer2 (HttpServer2.java:addFilter(974)) - Added filter static_user_filter (class=org.apache.hadoop.http.lib.StaticUserWebFilter$StaticUserFilter) to context hddsDatanode
2020-07-02 19:47:32,333 [Listener at 127.0.0.1/43161] INFO  http.HttpServer2 (HttpServer2.java:addFilter(982)) - Added filter static_user_filter (class=org.apache.hadoop.http.lib.StaticUserWebFilter$StaticUserFilter) to context logs
2020-07-02 19:47:32,333 [Listener at 127.0.0.1/43161] INFO  http.HttpServer2 (HttpServer2.java:addFilter(982)) - Added filter static_user_filter (class=org.apache.hadoop.http.lib.StaticUserWebFilter$StaticUserFilter) to context static
2020-07-02 19:47:32,333 [Listener at 127.0.0.1/43161] INFO  http.HttpServer2 (HttpServer2.java:bindListener(1216)) - Jetty bound to port 37951
2020-07-02 19:47:32,334 [Listener at 127.0.0.1/43161] INFO  server.Server (Server.java:doStart(359)) - jetty-9.4.26.v20200117; built: 2020-01-17T12:35:33.676Z; git: 7b38981d25d14afb4a12ff1f2596756144edf695; jvm 1.8.0_232-b09
2020-07-02 19:47:32,335 [Listener at 127.0.0.1/43161] INFO  server.session (DefaultSessionIdManager.java:doStart(333)) - DefaultSessionIdManager workerName=node0
2020-07-02 19:47:32,335 [Listener at 127.0.0.1/43161] INFO  server.session (DefaultSessionIdManager.java:doStart(338)) - No SessionScavenger set, using defaults
2020-07-02 19:47:32,335 [Listener at 127.0.0.1/43161] INFO  server.session (HouseKeeper.java:startScavenging(140)) - node0 Scavenging every 600000ms
2020-07-02 19:47:32,336 [Listener at 127.0.0.1/43161] INFO  handler.ContextHandler (ContextHandler.java:doStart(825)) - Started o.e.j.s.ServletContextHandler@c2b7028{logs,/logs,file:///github/workspace/mnt/ozone/hadoop-ozone/integration-test/target/log,AVAILABLE}
2020-07-02 19:47:32,336 [Listener at 127.0.0.1/43161] INFO  handler.ContextHandler (ContextHandler.java:doStart(825)) - Started o.e.j.s.ServletContextHandler@668f0ee{static,/static,jar:file:/home/user/.m2/repository/org/apache/hadoop/hadoop-hdds-container-service/0.6.0-SNAPSHOT/hadoop-hdds-container-service-0.6.0-SNAPSHOT.jar!/webapps/static,AVAILABLE}
2020-07-02 19:47:32,351 [Listener at 127.0.0.1/43161] INFO  handler.ContextHandler (ContextHandler.java:doStart(825)) - Started o.e.j.w.WebAppContext@664d4ee1{hddsDatanode,/,file:///tmp/jetty-0_0_0_0-37951-hadoop-hdds-container-service-0_6_0-SNAPSHOT_jar-_-any-2890678435757703344.dir/webapp/,AVAILABLE}{jar:file:/home/user/.m2/repository/org/apache/hadoop/hadoop-hdds-container-service/0.6.0-SNAPSHOT/hadoop-hdds-container-service-0.6.0-SNAPSHOT.jar!/webapps/hddsDatanode}
2020-07-02 19:47:32,353 [Listener at 127.0.0.1/43161] INFO  server.AbstractConnector (AbstractConnector.java:doStart(330)) - Started ServerConnector@70595d2a{HTTP/1.1,[http/1.1]}{0.0.0.0:37951}
2020-07-02 19:47:32,353 [Listener at 127.0.0.1/43161] INFO  server.Server (Server.java:doStart(399)) - Started @174092ms
2020-07-02 19:47:32,353 [Listener at 127.0.0.1/43161] WARN  impl.MetricsSystemImpl (MetricsSystemImpl.java:register(276)) - Sink prometheus already exists!
2020-07-02 19:47:32,355 [Listener at 127.0.0.1/43161] INFO  http.BaseHttpServer (BaseHttpServer.java:updateConnectorAddress(327)) - HTTP server of hddsDatanode listening at http://0.0.0.0:37951
2020-07-02 19:47:32,356 [Listener at 127.0.0.1/43161] INFO  impl.MetricsSystemImpl (MetricsSystemImpl.java:init(158)) - HddsDatanode metrics system started (again)
2020-07-02 19:47:32,357 [Listener at 127.0.0.1/43161] INFO  ozone.HddsDatanodeService (HddsDatanodeService.java:start(197)) - HddsDatanodeService host:88424e9b97c1 ip:172.17.0.2
2020-07-02 19:47:32,357 [org.apache.hadoop.util.JvmPauseMonitor$Monitor@74831770] INFO  util.JvmPauseMonitor (JvmPauseMonitor.java:run(188)) - Starting JVM pause monitor
2020-07-02 19:47:32,358 [Listener at 127.0.0.1/43161] INFO  volume.HddsVolume (HddsVolume.java:<init>(176)) - Creating Volume: /github/workspace/mnt/ozone/hadoop-ozone/integration-test/target/test-dir/MiniOzoneClusterImpl-47077420-a86b-4566-b2ce-9fb6a30396ee/datanode-2/data-0/containers/hdds of storage type : DISK and capacity : 9223372036854775807
2020-07-02 19:47:32,358 [Listener at 127.0.0.1/43161] INFO  volume.MutableVolumeSet (MutableVolumeSet.java:initializeVolumeSet(181)) - Added Volume : /github/workspace/mnt/ozone/hadoop-ozone/integration-test/target/test-dir/MiniOzoneClusterImpl-47077420-a86b-4566-b2ce-9fb6a30396ee/datanode-2/data-0/containers/hdds to VolumeSet
2020-07-02 19:47:32,358 [Listener at 127.0.0.1/43161] INFO  volume.ThrottledAsyncChecker (ThrottledAsyncChecker.java:schedule(141)) - Scheduling a check for /github/workspace/mnt/ozone/hadoop-ozone/integration-test/target/test-dir/MiniOzoneClusterImpl-47077420-a86b-4566-b2ce-9fb6a30396ee/datanode-2/data-0/containers/hdds
2020-07-02 19:47:32,358 [Datanode State Machine Thread - 0] INFO  datanode.InitDatanodeState (InitDatanodeState.java:persistContainerDatanodeDetails(145)) - DatanodeDetails is persisted to /github/workspace/mnt/ozone/hadoop-ozone/integration-test/target/test-dir/MiniOzoneClusterImpl-47077420-a86b-4566-b2ce-9fb6a30396ee/datanode-1/meta/datanode.id
2020-07-02 19:47:32,358 [Listener at 127.0.0.1/43161] INFO  volume.HddsVolumeChecker (HddsVolumeChecker.java:checkAllVolumes(200)) - Scheduled health check for volume /github/workspace/mnt/ozone/hadoop-ozone/integration-test/target/test-dir/MiniOzoneClusterImpl-47077420-a86b-4566-b2ce-9fb6a30396ee/datanode-2/data-0/containers/hdds
2020-07-02 19:47:32,375 [Listener at 127.0.0.1/43161] INFO  impl.RaftServerProxy (ConfUtils.java:logGet(44)) - raft.rpc.type = GRPC (default)
2020-07-02 19:47:32,376 [Listener at 127.0.0.1/43161] INFO  grpc.GrpcFactory (GrpcFactory.java:checkPooledByteBufAllocatorUseCacheForAllThreads(45)) - PERFORMANCE WARNING: useCacheForAllThreads is true that may cause Netty to create a lot garbage objects and, as a result, trigger GC.
	It is recommended to disable useCacheForAllThreads by setting -Dorg.apache.ratis.thirdparty.io.netty.allocator.useCacheForAllThreads=false in command line.
2020-07-02 19:47:32,376 [Listener at 127.0.0.1/43161] INFO  grpc.GrpcConfigKeys (ConfUtils.java:logGet(44)) - raft.grpc.server.port = 0 (default)
2020-07-02 19:47:32,376 [Listener at 127.0.0.1/43161] INFO  server.GrpcService (ConfUtils.java:logGet(44)) - raft.grpc.message.size.max = 32MB (=33554432) (custom)
2020-07-02 19:47:32,376 [Listener at 127.0.0.1/43161] INFO  server.RaftServerConfigKeys (ConfUtils.java:logGet(44)) - raft.server.log.appender.buffer.byte-limit = 33554432 (custom)
2020-07-02 19:47:32,376 [Listener at 127.0.0.1/43161] INFO  server.GrpcService (ConfUtils.java:logGet(44)) - raft.grpc.flow.control.window = 5MB (=5242880) (custom)
2020-07-02 19:47:32,376 [Listener at 127.0.0.1/43161] INFO  server.RaftServerConfigKeys (ConfUtils.java:logGet(44)) - raft.server.rpc.request.timeout = 3000ms (default)
2020-07-02 19:47:32,377 [Listener at 127.0.0.1/43161] INFO  server.RaftServerConfigKeys (ConfUtils.java:logGet(44)) - raft.server.storage.dir = [/github/workspace/mnt/ozone/hadoop-ozone/integration-test/target/test-dir/MiniOzoneClusterImpl-47077420-a86b-4566-b2ce-9fb6a30396ee/datanode-2/data/ratis] (custom)
2020-07-02 19:47:32,380 [Listener at 127.0.0.1/43161] INFO  http.BaseHttpServer (BaseHttpServer.java:newHttpServer2BuilderForOzone(207)) - Starting Web-server for hddsDatanode at: http://0.0.0.0:0
2020-07-02 19:47:32,380 [Listener at 127.0.0.1/43161] INFO  http.BaseHttpServer (BaseHttpServer.java:<init>(106)) - Hadoop Security Enabled: false Ozone Security Enabled: false Ozone HTTP Security Enabled: false 
2020-07-02 19:47:32,381 [Listener at 127.0.0.1/43161] INFO  server.AuthenticationFilter (AuthenticationFilter.java:constructSecretProvider(240)) - Unable to initialize FileSignerSecretProvider, falling back to use random secrets.
2020-07-02 19:47:32,381 [Listener at 127.0.0.1/43161] WARN  http.HttpRequestLog (HttpRequestLog.java:getRequestLog(103)) - Jetty request log can only be enabled using Log4j
2020-07-02 19:47:32,382 [Listener at 127.0.0.1/43161] INFO  http.HttpServer2 (HttpServer2.java:addGlobalFilter(998)) - Added global filter 'safety' (class=org.apache.hadoop.hdds.server.http.HttpServer2$QuotingInputFilter)
2020-07-02 19:47:32,382 [Listener at 127.0.0.1/43161] INFO  http.HttpServer2 (HttpServer2.java:addFilter(974)) - Added filter static_user_filter (class=org.apache.hadoop.http.lib.StaticUserWebFilter$StaticUserFilter) to context hddsDatanode
2020-07-02 19:47:32,383 [Listener at 127.0.0.1/43161] INFO  http.HttpServer2 (HttpServer2.java:addFilter(982)) - Added filter static_user_filter (class=org.apache.hadoop.http.lib.StaticUserWebFilter$StaticUserFilter) to context logs
2020-07-02 19:47:32,383 [Listener at 127.0.0.1/43161] INFO  http.HttpServer2 (HttpServer2.java:addFilter(982)) - Added filter static_user_filter (class=org.apache.hadoop.http.lib.StaticUserWebFilter$StaticUserFilter) to context static
2020-07-02 19:47:32,383 [Listener at 127.0.0.1/43161] INFO  http.HttpServer2 (HttpServer2.java:bindListener(1216)) - Jetty bound to port 36541
2020-07-02 19:47:32,383 [Listener at 127.0.0.1/43161] INFO  server.Server (Server.java:doStart(359)) - jetty-9.4.26.v20200117; built: 2020-01-17T12:35:33.676Z; git: 7b38981d25d14afb4a12ff1f2596756144edf695; jvm 1.8.0_232-b09
2020-07-02 19:47:32,384 [Listener at 127.0.0.1/43161] INFO  server.session (DefaultSessionIdManager.java:doStart(333)) - DefaultSessionIdManager workerName=node0
2020-07-02 19:47:32,385 [Listener at 127.0.0.1/43161] INFO  server.session (DefaultSessionIdManager.java:doStart(338)) - No SessionScavenger set, using defaults
2020-07-02 19:47:32,385 [Listener at 127.0.0.1/43161] INFO  server.session (HouseKeeper.java:startScavenging(140)) - node0 Scavenging every 600000ms
2020-07-02 19:47:32,385 [Listener at 127.0.0.1/43161] INFO  handler.ContextHandler (ContextHandler.java:doStart(825)) - Started o.e.j.s.ServletContextHandler@1d51de61{logs,/logs,file:///github/workspace/mnt/ozone/hadoop-ozone/integration-test/target/log,AVAILABLE}
2020-07-02 19:47:32,385 [Listener at 127.0.0.1/43161] INFO  handler.ContextHandler (ContextHandler.java:doStart(825)) - Started o.e.j.s.ServletContextHandler@6bb37a5{static,/static,jar:file:/home/user/.m2/repository/org/apache/hadoop/hadoop-hdds-container-service/0.6.0-SNAPSHOT/hadoop-hdds-container-service-0.6.0-SNAPSHOT.jar!/webapps/static,AVAILABLE}
2020-07-02 19:47:32,400 [Listener at 127.0.0.1/43161] INFO  handler.ContextHandler (ContextHandler.java:doStart(825)) - Started o.e.j.w.WebAppContext@622168f7{hddsDatanode,/,file:///tmp/jetty-0_0_0_0-36541-hadoop-hdds-container-service-0_6_0-SNAPSHOT_jar-_-any-2940860643913611236.dir/webapp/,AVAILABLE}{jar:file:/home/user/.m2/repository/org/apache/hadoop/hadoop-hdds-container-service/0.6.0-SNAPSHOT/hadoop-hdds-container-service-0.6.0-SNAPSHOT.jar!/webapps/hddsDatanode}
2020-07-02 19:47:32,401 [Listener at 127.0.0.1/43161] INFO  server.AbstractConnector (AbstractConnector.java:doStart(330)) - Started ServerConnector@ee1493e{HTTP/1.1,[http/1.1]}{0.0.0.0:36541}
2020-07-02 19:47:32,401 [Listener at 127.0.0.1/43161] INFO  server.Server (Server.java:doStart(399)) - Started @174141ms
2020-07-02 19:47:32,401 [Listener at 127.0.0.1/43161] WARN  impl.MetricsSystemImpl (MetricsSystemImpl.java:register(276)) - Sink prometheus already exists!
2020-07-02 19:47:32,404 [Listener at 127.0.0.1/43161] INFO  http.BaseHttpServer (BaseHttpServer.java:updateConnectorAddress(327)) - HTTP server of hddsDatanode listening at http://0.0.0.0:36541
2020-07-02 19:47:32,404 [Listener at 127.0.0.1/43161] INFO  impl.MetricsSystemImpl (MetricsSystemImpl.java:init(158)) - HddsDatanode metrics system started (again)
2020-07-02 19:47:32,405 [Listener at 127.0.0.1/43161] INFO  ozone.HddsDatanodeService (HddsDatanodeService.java:start(197)) - HddsDatanodeService host:88424e9b97c1 ip:172.17.0.2
2020-07-02 19:47:32,406 [org.apache.hadoop.util.JvmPauseMonitor$Monitor@6411adbc] INFO  util.JvmPauseMonitor (JvmPauseMonitor.java:run(188)) - Starting JVM pause monitor
2020-07-02 19:47:32,406 [Listener at 127.0.0.1/43161] INFO  volume.HddsVolume (HddsVolume.java:<init>(176)) - Creating Volume: /github/workspace/mnt/ozone/hadoop-ozone/integration-test/target/test-dir/MiniOzoneClusterImpl-47077420-a86b-4566-b2ce-9fb6a30396ee/datanode-3/data-0/containers/hdds of storage type : DISK and capacity : 9223372036854775807
2020-07-02 19:47:32,406 [Listener at 127.0.0.1/43161] INFO  volume.MutableVolumeSet (MutableVolumeSet.java:initializeVolumeSet(181)) - Added Volume : /github/workspace/mnt/ozone/hadoop-ozone/integration-test/target/test-dir/MiniOzoneClusterImpl-47077420-a86b-4566-b2ce-9fb6a30396ee/datanode-3/data-0/containers/hdds to VolumeSet
2020-07-02 19:47:32,407 [Datanode State Machine Thread - 0] INFO  datanode.InitDatanodeState (InitDatanodeState.java:persistContainerDatanodeDetails(145)) - DatanodeDetails is persisted to /github/workspace/mnt/ozone/hadoop-ozone/integration-test/target/test-dir/MiniOzoneClusterImpl-47077420-a86b-4566-b2ce-9fb6a30396ee/datanode-2/meta/datanode.id
2020-07-02 19:47:32,407 [Listener at 127.0.0.1/43161] INFO  volume.ThrottledAsyncChecker (ThrottledAsyncChecker.java:schedule(141)) - Scheduling a check for /github/workspace/mnt/ozone/hadoop-ozone/integration-test/target/test-dir/MiniOzoneClusterImpl-47077420-a86b-4566-b2ce-9fb6a30396ee/datanode-3/data-0/containers/hdds
2020-07-02 19:47:32,408 [Listener at 127.0.0.1/43161] INFO  volume.HddsVolumeChecker (HddsVolumeChecker.java:checkAllVolumes(200)) - Scheduled health check for volume /github/workspace/mnt/ozone/hadoop-ozone/integration-test/target/test-dir/MiniOzoneClusterImpl-47077420-a86b-4566-b2ce-9fb6a30396ee/datanode-3/data-0/containers/hdds
2020-07-02 19:47:32,423 [Listener at 127.0.0.1/43161] INFO  impl.RaftServerProxy (ConfUtils.java:logGet(44)) - raft.rpc.type = GRPC (default)
2020-07-02 19:47:32,423 [Listener at 127.0.0.1/43161] INFO  grpc.GrpcFactory (GrpcFactory.java:checkPooledByteBufAllocatorUseCacheForAllThreads(45)) - PERFORMANCE WARNING: useCacheForAllThreads is true that may cause Netty to create a lot garbage objects and, as a result, trigger GC.
	It is recommended to disable useCacheForAllThreads by setting -Dorg.apache.ratis.thirdparty.io.netty.allocator.useCacheForAllThreads=false in command line.
2020-07-02 19:47:32,423 [Listener at 127.0.0.1/43161] INFO  grpc.GrpcConfigKeys (ConfUtils.java:logGet(44)) - raft.grpc.server.port = 0 (default)
2020-07-02 19:47:32,424 [Listener at 127.0.0.1/43161] INFO  server.GrpcService (ConfUtils.java:logGet(44)) - raft.grpc.message.size.max = 32MB (=33554432) (custom)
2020-07-02 19:47:32,424 [Listener at 127.0.0.1/43161] INFO  server.RaftServerConfigKeys (ConfUtils.java:logGet(44)) - raft.server.log.appender.buffer.byte-limit = 33554432 (custom)
2020-07-02 19:47:32,424 [Listener at 127.0.0.1/43161] INFO  server.GrpcService (ConfUtils.java:logGet(44)) - raft.grpc.flow.control.window = 5MB (=5242880) (custom)
2020-07-02 19:47:32,424 [Listener at 127.0.0.1/43161] INFO  server.RaftServerConfigKeys (ConfUtils.java:logGet(44)) - raft.server.rpc.request.timeout = 3000ms (default)
2020-07-02 19:47:32,425 [Listener at 127.0.0.1/43161] INFO  server.RaftServerConfigKeys (ConfUtils.java:logGet(44)) - raft.server.storage.dir = [/github/workspace/mnt/ozone/hadoop-ozone/integration-test/target/test-dir/MiniOzoneClusterImpl-47077420-a86b-4566-b2ce-9fb6a30396ee/datanode-3/data/ratis] (custom)
2020-07-02 19:47:32,429 [Listener at 127.0.0.1/43161] INFO  http.BaseHttpServer (BaseHttpServer.java:newHttpServer2BuilderForOzone(207)) - Starting Web-server for hddsDatanode at: http://0.0.0.0:0
2020-07-02 19:47:32,429 [Listener at 127.0.0.1/43161] INFO  http.BaseHttpServer (BaseHttpServer.java:<init>(106)) - Hadoop Security Enabled: false Ozone Security Enabled: false Ozone HTTP Security Enabled: false 
2020-07-02 19:47:32,429 [Listener at 127.0.0.1/43161] INFO  server.AuthenticationFilter (AuthenticationFilter.java:constructSecretProvider(240)) - Unable to initialize FileSignerSecretProvider, falling back to use random secrets.
2020-07-02 19:47:32,434 [Listener at 127.0.0.1/43161] WARN  http.HttpRequestLog (HttpRequestLog.java:getRequestLog(103)) - Jetty request log can only be enabled using Log4j
2020-07-02 19:47:32,434 [Listener at 127.0.0.1/43161] INFO  http.HttpServer2 (HttpServer2.java:addGlobalFilter(998)) - Added global filter 'safety' (class=org.apache.hadoop.hdds.server.http.HttpServer2$QuotingInputFilter)
2020-07-02 19:47:32,435 [Listener at 127.0.0.1/43161] INFO  http.HttpServer2 (HttpServer2.java:addFilter(974)) - Added filter static_user_filter (class=org.apache.hadoop.http.lib.StaticUserWebFilter$StaticUserFilter) to context hddsDatanode
2020-07-02 19:47:32,435 [Listener at 127.0.0.1/43161] INFO  http.HttpServer2 (HttpServer2.java:addFilter(982)) - Added filter static_user_filter (class=org.apache.hadoop.http.lib.StaticUserWebFilter$StaticUserFilter) to context static
2020-07-02 19:47:32,435 [Listener at 127.0.0.1/43161] INFO  http.HttpServer2 (HttpServer2.java:addFilter(982)) - Added filter static_user_filter (class=org.apache.hadoop.http.lib.StaticUserWebFilter$StaticUserFilter) to context logs
2020-07-02 19:47:32,436 [Listener at 127.0.0.1/43161] INFO  http.HttpServer2 (HttpServer2.java:bindListener(1216)) - Jetty bound to port 45907
2020-07-02 19:47:32,436 [Listener at 127.0.0.1/43161] INFO  server.Server (Server.java:doStart(359)) - jetty-9.4.26.v20200117; built: 2020-01-17T12:35:33.676Z; git: 7b38981d25d14afb4a12ff1f2596756144edf695; jvm 1.8.0_232-b09
2020-07-02 19:47:32,437 [Listener at 127.0.0.1/43161] INFO  server.session (DefaultSessionIdManager.java:doStart(333)) - DefaultSessionIdManager workerName=node0
2020-07-02 19:47:32,437 [Listener at 127.0.0.1/43161] INFO  server.session (DefaultSessionIdManager.java:doStart(338)) - No SessionScavenger set, using defaults
2020-07-02 19:47:32,437 [Listener at 127.0.0.1/43161] INFO  server.session (HouseKeeper.java:startScavenging(140)) - node0 Scavenging every 600000ms
2020-07-02 19:47:32,438 [Listener at 127.0.0.1/43161] INFO  handler.ContextHandler (ContextHandler.java:doStart(825)) - Started o.e.j.s.ServletContextHandler@7f25d1d3{logs,/logs,file:///github/workspace/mnt/ozone/hadoop-ozone/integration-test/target/log,AVAILABLE}
2020-07-02 19:47:32,438 [Listener at 127.0.0.1/43161] INFO  handler.ContextHandler (ContextHandler.java:doStart(825)) - Started o.e.j.s.ServletContextHandler@4c57acc5{static,/static,jar:file:/home/user/.m2/repository/org/apache/hadoop/hadoop-hdds-container-service/0.6.0-SNAPSHOT/hadoop-hdds-container-service-0.6.0-SNAPSHOT.jar!/webapps/static,AVAILABLE}
2020-07-02 19:47:32,455 [Listener at 127.0.0.1/43161] INFO  handler.ContextHandler (ContextHandler.java:doStart(825)) - Started o.e.j.w.WebAppContext@38a36f64{hddsDatanode,/,file:///tmp/jetty-0_0_0_0-45907-hadoop-hdds-container-service-0_6_0-SNAPSHOT_jar-_-any-17984436966400365.dir/webapp/,AVAILABLE}{jar:file:/home/user/.m2/repository/org/apache/hadoop/hadoop-hdds-container-service/0.6.0-SNAPSHOT/hadoop-hdds-container-service-0.6.0-SNAPSHOT.jar!/webapps/hddsDatanode}
2020-07-02 19:47:32,456 [Listener at 127.0.0.1/43161] INFO  server.AbstractConnector (AbstractConnector.java:doStart(330)) - Started ServerConnector@6da2a7be{HTTP/1.1,[http/1.1]}{0.0.0.0:45907}
2020-07-02 19:47:32,456 [Listener at 127.0.0.1/43161] INFO  server.Server (Server.java:doStart(399)) - Started @174195ms
2020-07-02 19:47:32,456 [Listener at 127.0.0.1/43161] WARN  impl.MetricsSystemImpl (MetricsSystemImpl.java:register(276)) - Sink prometheus already exists!
2020-07-02 19:47:32,458 [Listener at 127.0.0.1/43161] INFO  http.BaseHttpServer (BaseHttpServer.java:updateConnectorAddress(327)) - HTTP server of hddsDatanode listening at http://0.0.0.0:45907
2020-07-02 19:47:32,458 [Listener at 127.0.0.1/43161] INFO  impl.MetricsSystemImpl (MetricsSystemImpl.java:init(158)) - HddsDatanode metrics system started (again)
2020-07-02 19:47:32,460 [Listener at 127.0.0.1/43161] INFO  ozone.HddsDatanodeService (HddsDatanodeService.java:start(197)) - HddsDatanodeService host:88424e9b97c1 ip:172.17.0.2
2020-07-02 19:47:32,463 [org.apache.hadoop.util.JvmPauseMonitor$Monitor@5613efd0] INFO  util.JvmPauseMonitor (JvmPauseMonitor.java:run(188)) - Starting JVM pause monitor
2020-07-02 19:47:32,464 [Datanode State Machine Thread - 0] INFO  datanode.InitDatanodeState (InitDatanodeState.java:persistContainerDatanodeDetails(145)) - DatanodeDetails is persisted to /github/workspace/mnt/ozone/hadoop-ozone/integration-test/target/test-dir/MiniOzoneClusterImpl-47077420-a86b-4566-b2ce-9fb6a30396ee/datanode-3/meta/datanode.id
2020-07-02 19:47:32,465 [Listener at 127.0.0.1/43161] INFO  volume.HddsVolume (HddsVolume.java:<init>(176)) - Creating Volume: /github/workspace/mnt/ozone/hadoop-ozone/integration-test/target/test-dir/MiniOzoneClusterImpl-47077420-a86b-4566-b2ce-9fb6a30396ee/datanode-4/data-0/containers/hdds of storage type : DISK and capacity : 9223372036854775807
2020-07-02 19:47:32,465 [Listener at 127.0.0.1/43161] INFO  volume.MutableVolumeSet (MutableVolumeSet.java:initializeVolumeSet(181)) - Added Volume : /github/workspace/mnt/ozone/hadoop-ozone/integration-test/target/test-dir/MiniOzoneClusterImpl-47077420-a86b-4566-b2ce-9fb6a30396ee/datanode-4/data-0/containers/hdds to VolumeSet
2020-07-02 19:47:32,466 [Listener at 127.0.0.1/43161] INFO  volume.ThrottledAsyncChecker (ThrottledAsyncChecker.java:schedule(141)) - Scheduling a check for /github/workspace/mnt/ozone/hadoop-ozone/integration-test/target/test-dir/MiniOzoneClusterImpl-47077420-a86b-4566-b2ce-9fb6a30396ee/datanode-4/data-0/containers/hdds
2020-07-02 19:47:32,466 [Listener at 127.0.0.1/43161] INFO  volume.HddsVolumeChecker (HddsVolumeChecker.java:checkAllVolumes(200)) - Scheduled health check for volume /github/workspace/mnt/ozone/hadoop-ozone/integration-test/target/test-dir/MiniOzoneClusterImpl-47077420-a86b-4566-b2ce-9fb6a30396ee/datanode-4/data-0/containers/hdds
2020-07-02 19:47:32,480 [Listener at 127.0.0.1/43161] INFO  impl.RaftServerProxy (ConfUtils.java:logGet(44)) - raft.rpc.type = GRPC (default)
2020-07-02 19:47:32,480 [Listener at 127.0.0.1/43161] INFO  grpc.GrpcFactory (GrpcFactory.java:checkPooledByteBufAllocatorUseCacheForAllThreads(45)) - PERFORMANCE WARNING: useCacheForAllThreads is true that may cause Netty to create a lot garbage objects and, as a result, trigger GC.
	It is recommended to disable useCacheForAllThreads by setting -Dorg.apache.ratis.thirdparty.io.netty.allocator.useCacheForAllThreads=false in command line.
2020-07-02 19:47:32,480 [Listener at 127.0.0.1/43161] INFO  grpc.GrpcConfigKeys (ConfUtils.java:logGet(44)) - raft.grpc.server.port = 0 (default)
2020-07-02 19:47:32,480 [Listener at 127.0.0.1/43161] INFO  server.GrpcService (ConfUtils.java:logGet(44)) - raft.grpc.message.size.max = 32MB (=33554432) (custom)
2020-07-02 19:47:32,480 [Listener at 127.0.0.1/43161] INFO  server.RaftServerConfigKeys (ConfUtils.java:logGet(44)) - raft.server.log.appender.buffer.byte-limit = 33554432 (custom)
2020-07-02 19:47:32,481 [Listener at 127.0.0.1/43161] INFO  server.GrpcService (ConfUtils.java:logGet(44)) - raft.grpc.flow.control.window = 5MB (=5242880) (custom)
2020-07-02 19:47:32,481 [Listener at 127.0.0.1/43161] INFO  server.RaftServerConfigKeys (ConfUtils.java:logGet(44)) - raft.server.rpc.request.timeout = 3000ms (default)
2020-07-02 19:47:32,481 [Listener at 127.0.0.1/43161] INFO  server.RaftServerConfigKeys (ConfUtils.java:logGet(44)) - raft.server.storage.dir = [/github/workspace/mnt/ozone/hadoop-ozone/integration-test/target/test-dir/MiniOzoneClusterImpl-47077420-a86b-4566-b2ce-9fb6a30396ee/datanode-4/data/ratis] (custom)
2020-07-02 19:47:32,485 [Listener at 127.0.0.1/43161] INFO  http.BaseHttpServer (BaseHttpServer.java:newHttpServer2BuilderForOzone(207)) - Starting Web-server for hddsDatanode at: http://0.0.0.0:0
2020-07-02 19:47:32,485 [Listener at 127.0.0.1/43161] INFO  http.BaseHttpServer (BaseHttpServer.java:<init>(106)) - Hadoop Security Enabled: false Ozone Security Enabled: false Ozone HTTP Security Enabled: false 
2020-07-02 19:47:32,485 [Listener at 127.0.0.1/43161] INFO  server.AuthenticationFilter (AuthenticationFilter.java:constructSecretProvider(240)) - Unable to initialize FileSignerSecretProvider, falling back to use random secrets.
2020-07-02 19:47:32,486 [Listener at 127.0.0.1/43161] WARN  http.HttpRequestLog (HttpRequestLog.java:getRequestLog(103)) - Jetty request log can only be enabled using Log4j
2020-07-02 19:47:32,486 [Listener at 127.0.0.1/43161] INFO  http.HttpServer2 (HttpServer2.java:addGlobalFilter(998)) - Added global filter 'safety' (class=org.apache.hadoop.hdds.server.http.HttpServer2$QuotingInputFilter)
2020-07-02 19:47:32,487 [Listener at 127.0.0.1/43161] INFO  http.HttpServer2 (HttpServer2.java:addFilter(974)) - Added filter static_user_filter (class=org.apache.hadoop.http.lib.StaticUserWebFilter$StaticUserFilter) to context hddsDatanode
2020-07-02 19:47:32,487 [Listener at 127.0.0.1/43161] INFO  http.HttpServer2 (HttpServer2.java:addFilter(982)) - Added filter static_user_filter (class=org.apache.hadoop.http.lib.StaticUserWebFilter$StaticUserFilter) to context static
2020-07-02 19:47:32,487 [Listener at 127.0.0.1/43161] INFO  http.HttpServer2 (HttpServer2.java:addFilter(982)) - Added filter static_user_filter (class=org.apache.hadoop.http.lib.StaticUserWebFilter$StaticUserFilter) to context logs
2020-07-02 19:47:32,487 [Listener at 127.0.0.1/43161] INFO  http.HttpServer2 (HttpServer2.java:bindListener(1216)) - Jetty bound to port 34967
2020-07-02 19:47:32,487 [Listener at 127.0.0.1/43161] INFO  server.Server (Server.java:doStart(359)) - jetty-9.4.26.v20200117; built: 2020-01-17T12:35:33.676Z; git: 7b38981d25d14afb4a12ff1f2596756144edf695; jvm 1.8.0_232-b09
2020-07-02 19:47:32,488 [Listener at 127.0.0.1/43161] INFO  server.session (DefaultSessionIdManager.java:doStart(333)) - DefaultSessionIdManager workerName=node0
2020-07-02 19:47:32,489 [Listener at 127.0.0.1/43161] INFO  server.session (DefaultSessionIdManager.java:doStart(338)) - No SessionScavenger set, using defaults
2020-07-02 19:47:32,489 [Listener at 127.0.0.1/43161] INFO  server.session (HouseKeeper.java:startScavenging(140)) - node0 Scavenging every 600000ms
2020-07-02 19:47:32,489 [Listener at 127.0.0.1/43161] INFO  handler.ContextHandler (ContextHandler.java:doStart(825)) - Started o.e.j.s.ServletContextHandler@6212695e{logs,/logs,file:///github/workspace/mnt/ozone/hadoop-ozone/integration-test/target/log,AVAILABLE}
2020-07-02 19:47:32,489 [Listener at 127.0.0.1/43161] INFO  handler.ContextHandler (ContextHandler.java:doStart(825)) - Started o.e.j.s.ServletContextHandler@6a5cb26f{static,/static,jar:file:/home/user/.m2/repository/org/apache/hadoop/hadoop-hdds-container-service/0.6.0-SNAPSHOT/hadoop-hdds-container-service-0.6.0-SNAPSHOT.jar!/webapps/static,AVAILABLE}
2020-07-02 19:47:32,504 [Listener at 127.0.0.1/43161] INFO  handler.ContextHandler (ContextHandler.java:doStart(825)) - Started o.e.j.w.WebAppContext@703f29b0{hddsDatanode,/,file:///tmp/jetty-0_0_0_0-34967-hadoop-hdds-container-service-0_6_0-SNAPSHOT_jar-_-any-4921138405291302441.dir/webapp/,AVAILABLE}{jar:file:/home/user/.m2/repository/org/apache/hadoop/hadoop-hdds-container-service/0.6.0-SNAPSHOT/hadoop-hdds-container-service-0.6.0-SNAPSHOT.jar!/webapps/hddsDatanode}
2020-07-02 19:47:32,505 [Listener at 127.0.0.1/43161] INFO  server.AbstractConnector (AbstractConnector.java:doStart(330)) - Started ServerConnector@57679860{HTTP/1.1,[http/1.1]}{0.0.0.0:34967}
2020-07-02 19:47:32,506 [Listener at 127.0.0.1/43161] INFO  server.Server (Server.java:doStart(399)) - Started @174245ms
2020-07-02 19:47:32,506 [Listener at 127.0.0.1/43161] WARN  impl.MetricsSystemImpl (MetricsSystemImpl.java:register(276)) - Sink prometheus already exists!
2020-07-02 19:47:32,508 [Listener at 127.0.0.1/43161] INFO  http.BaseHttpServer (BaseHttpServer.java:updateConnectorAddress(327)) - HTTP server of hddsDatanode listening at http://0.0.0.0:34967
2020-07-02 19:47:32,509 [Listener at 127.0.0.1/43161] INFO  impl.MetricsSystemImpl (MetricsSystemImpl.java:init(158)) - HddsDatanode metrics system started (again)
2020-07-02 19:47:32,510 [Listener at 127.0.0.1/43161] INFO  ozone.HddsDatanodeService (HddsDatanodeService.java:start(197)) - HddsDatanodeService host:88424e9b97c1 ip:172.17.0.2
2020-07-02 19:47:32,511 [Listener at 127.0.0.1/43161] INFO  volume.HddsVolume (HddsVolume.java:<init>(176)) - Creating Volume: /github/workspace/mnt/ozone/hadoop-ozone/integration-test/target/test-dir/MiniOzoneClusterImpl-47077420-a86b-4566-b2ce-9fb6a30396ee/datanode-5/data-0/containers/hdds of storage type : DISK and capacity : 9223372036854775807
2020-07-02 19:47:32,511 [Listener at 127.0.0.1/43161] INFO  volume.MutableVolumeSet (MutableVolumeSet.java:initializeVolumeSet(181)) - Added Volume : /github/workspace/mnt/ozone/hadoop-ozone/integration-test/target/test-dir/MiniOzoneClusterImpl-47077420-a86b-4566-b2ce-9fb6a30396ee/datanode-5/data-0/containers/hdds to VolumeSet
2020-07-02 19:47:32,511 [Listener at 127.0.0.1/43161] INFO  volume.ThrottledAsyncChecker (ThrottledAsyncChecker.java:schedule(141)) - Scheduling a check for /github/workspace/mnt/ozone/hadoop-ozone/integration-test/target/test-dir/MiniOzoneClusterImpl-47077420-a86b-4566-b2ce-9fb6a30396ee/datanode-5/data-0/containers/hdds
2020-07-02 19:47:32,512 [Listener at 127.0.0.1/43161] INFO  volume.HddsVolumeChecker (HddsVolumeChecker.java:checkAllVolumes(200)) - Scheduled health check for volume /github/workspace/mnt/ozone/hadoop-ozone/integration-test/target/test-dir/MiniOzoneClusterImpl-47077420-a86b-4566-b2ce-9fb6a30396ee/datanode-5/data-0/containers/hdds
2020-07-02 19:47:32,522 [org.apache.hadoop.util.JvmPauseMonitor$Monitor@3ae40f43] INFO  util.JvmPauseMonitor (JvmPauseMonitor.java:run(188)) - Starting JVM pause monitor
2020-07-02 19:47:32,524 [Listener at 127.0.0.1/43161] INFO  impl.RaftServerProxy (ConfUtils.java:logGet(44)) - raft.rpc.type = GRPC (default)
2020-07-02 19:47:32,525 [Listener at 127.0.0.1/43161] INFO  grpc.GrpcFactory (GrpcFactory.java:checkPooledByteBufAllocatorUseCacheForAllThreads(45)) - PERFORMANCE WARNING: useCacheForAllThreads is true that may cause Netty to create a lot garbage objects and, as a result, trigger GC.
	It is recommended to disable useCacheForAllThreads by setting -Dorg.apache.ratis.thirdparty.io.netty.allocator.useCacheForAllThreads=false in command line.
2020-07-02 19:47:32,525 [Listener at 127.0.0.1/43161] INFO  grpc.GrpcConfigKeys (ConfUtils.java:logGet(44)) - raft.grpc.server.port = 0 (default)
2020-07-02 19:47:32,525 [Listener at 127.0.0.1/43161] INFO  server.GrpcService (ConfUtils.java:logGet(44)) - raft.grpc.message.size.max = 32MB (=33554432) (custom)
2020-07-02 19:47:32,525 [Listener at 127.0.0.1/43161] INFO  server.RaftServerConfigKeys (ConfUtils.java:logGet(44)) - raft.server.log.appender.buffer.byte-limit = 33554432 (custom)
2020-07-02 19:47:32,525 [Listener at 127.0.0.1/43161] INFO  server.GrpcService (ConfUtils.java:logGet(44)) - raft.grpc.flow.control.window = 5MB (=5242880) (custom)
2020-07-02 19:47:32,525 [Listener at 127.0.0.1/43161] INFO  server.RaftServerConfigKeys (ConfUtils.java:logGet(44)) - raft.server.rpc.request.timeout = 3000ms (default)
2020-07-02 19:47:32,526 [Listener at 127.0.0.1/43161] INFO  server.RaftServerConfigKeys (ConfUtils.java:logGet(44)) - raft.server.storage.dir = [/github/workspace/mnt/ozone/hadoop-ozone/integration-test/target/test-dir/MiniOzoneClusterImpl-47077420-a86b-4566-b2ce-9fb6a30396ee/datanode-5/data/ratis] (custom)
2020-07-02 19:47:32,528 [Datanode State Machine Thread - 0] INFO  datanode.InitDatanodeState (InitDatanodeState.java:persistContainerDatanodeDetails(145)) - DatanodeDetails is persisted to /github/workspace/mnt/ozone/hadoop-ozone/integration-test/target/test-dir/MiniOzoneClusterImpl-47077420-a86b-4566-b2ce-9fb6a30396ee/datanode-4/meta/datanode.id
2020-07-02 19:47:32,529 [Listener at 127.0.0.1/43161] INFO  http.BaseHttpServer (BaseHttpServer.java:newHttpServer2BuilderForOzone(207)) - Starting Web-server for hddsDatanode at: http://0.0.0.0:0
2020-07-02 19:47:32,529 [Listener at 127.0.0.1/43161] INFO  http.BaseHttpServer (BaseHttpServer.java:<init>(106)) - Hadoop Security Enabled: false Ozone Security Enabled: false Ozone HTTP Security Enabled: false 
2020-07-02 19:47:32,530 [Listener at 127.0.0.1/43161] INFO  server.AuthenticationFilter (AuthenticationFilter.java:constructSecretProvider(240)) - Unable to initialize FileSignerSecretProvider, falling back to use random secrets.
2020-07-02 19:47:32,530 [Listener at 127.0.0.1/43161] WARN  http.HttpRequestLog (HttpRequestLog.java:getRequestLog(103)) - Jetty request log can only be enabled using Log4j
2020-07-02 19:47:32,531 [Listener at 127.0.0.1/43161] INFO  http.HttpServer2 (HttpServer2.java:addGlobalFilter(998)) - Added global filter 'safety' (class=org.apache.hadoop.hdds.server.http.HttpServer2$QuotingInputFilter)
2020-07-02 19:47:32,532 [Listener at 127.0.0.1/43161] INFO  http.HttpServer2 (HttpServer2.java:addFilter(974)) - Added filter static_user_filter (class=org.apache.hadoop.http.lib.StaticUserWebFilter$StaticUserFilter) to context hddsDatanode
2020-07-02 19:47:32,532 [Listener at 127.0.0.1/43161] INFO  http.HttpServer2 (HttpServer2.java:addFilter(982)) - Added filter static_user_filter (class=org.apache.hadoop.http.lib.StaticUserWebFilter$StaticUserFilter) to context static
2020-07-02 19:47:32,532 [Listener at 127.0.0.1/43161] INFO  http.HttpServer2 (HttpServer2.java:addFilter(982)) - Added filter static_user_filter (class=org.apache.hadoop.http.lib.StaticUserWebFilter$StaticUserFilter) to context logs
2020-07-02 19:47:32,532 [Listener at 127.0.0.1/43161] INFO  http.HttpServer2 (HttpServer2.java:bindListener(1216)) - Jetty bound to port 34063
2020-07-02 19:47:32,532 [Listener at 127.0.0.1/43161] INFO  server.Server (Server.java:doStart(359)) - jetty-9.4.26.v20200117; built: 2020-01-17T12:35:33.676Z; git: 7b38981d25d14afb4a12ff1f2596756144edf695; jvm 1.8.0_232-b09
2020-07-02 19:47:32,533 [Listener at 127.0.0.1/43161] INFO  server.session (DefaultSessionIdManager.java:doStart(333)) - DefaultSessionIdManager workerName=node0
2020-07-02 19:47:32,534 [Listener at 127.0.0.1/43161] INFO  server.session (DefaultSessionIdManager.java:doStart(338)) - No SessionScavenger set, using defaults
2020-07-02 19:47:32,534 [Listener at 127.0.0.1/43161] INFO  server.session (HouseKeeper.java:startScavenging(140)) - node0 Scavenging every 660000ms
2020-07-02 19:47:32,534 [Listener at 127.0.0.1/43161] INFO  handler.ContextHandler (ContextHandler.java:doStart(825)) - Started o.e.j.s.ServletContextHandler@5d642e46{logs,/logs,file:///github/workspace/mnt/ozone/hadoop-ozone/integration-test/target/log,AVAILABLE}
2020-07-02 19:47:32,534 [Listener at 127.0.0.1/43161] INFO  handler.ContextHandler (ContextHandler.java:doStart(825)) - Started o.e.j.s.ServletContextHandler@2da8cbb9{static,/static,jar:file:/home/user/.m2/repository/org/apache/hadoop/hadoop-hdds-container-service/0.6.0-SNAPSHOT/hadoop-hdds-container-service-0.6.0-SNAPSHOT.jar!/webapps/static,AVAILABLE}
2020-07-02 19:47:32,550 [Listener at 127.0.0.1/43161] INFO  handler.ContextHandler (ContextHandler.java:doStart(825)) - Started o.e.j.w.WebAppContext@51f7265b{hddsDatanode,/,file:///tmp/jetty-0_0_0_0-34063-hadoop-hdds-container-service-0_6_0-SNAPSHOT_jar-_-any-354794364755623300.dir/webapp/,AVAILABLE}{jar:file:/home/user/.m2/repository/org/apache/hadoop/hadoop-hdds-container-service/0.6.0-SNAPSHOT/hadoop-hdds-container-service-0.6.0-SNAPSHOT.jar!/webapps/hddsDatanode}
2020-07-02 19:47:32,552 [Listener at 127.0.0.1/43161] INFO  server.AbstractConnector (AbstractConnector.java:doStart(330)) - Started ServerConnector@1b6bb1bd{HTTP/1.1,[http/1.1]}{0.0.0.0:34063}
2020-07-02 19:47:32,552 [Listener at 127.0.0.1/43161] INFO  server.Server (Server.java:doStart(399)) - Started @174291ms
2020-07-02 19:47:32,552 [Listener at 127.0.0.1/43161] WARN  impl.MetricsSystemImpl (MetricsSystemImpl.java:register(276)) - Sink prometheus already exists!
2020-07-02 19:47:32,555 [Listener at 127.0.0.1/43161] INFO  http.BaseHttpServer (BaseHttpServer.java:updateConnectorAddress(327)) - HTTP server of hddsDatanode listening at http://0.0.0.0:34063
2020-07-02 19:47:32,555 [Listener at 127.0.0.1/43161] INFO  impl.MetricsSystemImpl (MetricsSystemImpl.java:init(158)) - HddsDatanode metrics system started (again)
2020-07-02 19:47:32,566 [org.apache.hadoop.util.JvmPauseMonitor$Monitor@4af2b6d6] INFO  util.JvmPauseMonitor (JvmPauseMonitor.java:run(188)) - Starting JVM pause monitor
2020-07-02 19:47:32,571 [Listener at 127.0.0.1/43161] INFO  ozone.HddsDatanodeService (HddsDatanodeService.java:start(197)) - HddsDatanodeService host:88424e9b97c1 ip:172.17.0.2
2020-07-02 19:47:32,574 [Datanode State Machine Thread - 0] INFO  datanode.InitDatanodeState (InitDatanodeState.java:persistContainerDatanodeDetails(145)) - DatanodeDetails is persisted to /github/workspace/mnt/ozone/hadoop-ozone/integration-test/target/test-dir/MiniOzoneClusterImpl-47077420-a86b-4566-b2ce-9fb6a30396ee/datanode-5/meta/datanode.id
2020-07-02 19:47:32,576 [Listener at 127.0.0.1/43161] INFO  volume.HddsVolume (HddsVolume.java:<init>(176)) - Creating Volume: /github/workspace/mnt/ozone/hadoop-ozone/integration-test/target/test-dir/MiniOzoneClusterImpl-47077420-a86b-4566-b2ce-9fb6a30396ee/datanode-6/data-0/containers/hdds of storage type : DISK and capacity : 9223372036854775807
2020-07-02 19:47:32,576 [Listener at 127.0.0.1/43161] INFO  volume.MutableVolumeSet (MutableVolumeSet.java:initializeVolumeSet(181)) - Added Volume : /github/workspace/mnt/ozone/hadoop-ozone/integration-test/target/test-dir/MiniOzoneClusterImpl-47077420-a86b-4566-b2ce-9fb6a30396ee/datanode-6/data-0/containers/hdds to VolumeSet
2020-07-02 19:47:32,576 [Listener at 127.0.0.1/43161] INFO  volume.ThrottledAsyncChecker (ThrottledAsyncChecker.java:schedule(141)) - Scheduling a check for /github/workspace/mnt/ozone/hadoop-ozone/integration-test/target/test-dir/MiniOzoneClusterImpl-47077420-a86b-4566-b2ce-9fb6a30396ee/datanode-6/data-0/containers/hdds
2020-07-02 19:47:32,577 [Listener at 127.0.0.1/43161] INFO  volume.HddsVolumeChecker (HddsVolumeChecker.java:checkAllVolumes(200)) - Scheduled health check for volume /github/workspace/mnt/ozone/hadoop-ozone/integration-test/target/test-dir/MiniOzoneClusterImpl-47077420-a86b-4566-b2ce-9fb6a30396ee/datanode-6/data-0/containers/hdds
2020-07-02 19:47:32,590 [Listener at 127.0.0.1/43161] INFO  impl.RaftServerProxy (ConfUtils.java:logGet(44)) - raft.rpc.type = GRPC (default)
2020-07-02 19:47:32,590 [Listener at 127.0.0.1/43161] INFO  grpc.GrpcFactory (GrpcFactory.java:checkPooledByteBufAllocatorUseCacheForAllThreads(45)) - PERFORMANCE WARNING: useCacheForAllThreads is true that may cause Netty to create a lot garbage objects and, as a result, trigger GC.
	It is recommended to disable useCacheForAllThreads by setting -Dorg.apache.ratis.thirdparty.io.netty.allocator.useCacheForAllThreads=false in command line.
2020-07-02 19:47:32,591 [Listener at 127.0.0.1/43161] INFO  grpc.GrpcConfigKeys (ConfUtils.java:logGet(44)) - raft.grpc.server.port = 0 (default)
2020-07-02 19:47:32,591 [Listener at 127.0.0.1/43161] INFO  server.GrpcService (ConfUtils.java:logGet(44)) - raft.grpc.message.size.max = 32MB (=33554432) (custom)
2020-07-02 19:47:32,591 [Listener at 127.0.0.1/43161] INFO  server.RaftServerConfigKeys (ConfUtils.java:logGet(44)) - raft.server.log.appender.buffer.byte-limit = 33554432 (custom)
2020-07-02 19:47:32,591 [Listener at 127.0.0.1/43161] INFO  server.GrpcService (ConfUtils.java:logGet(44)) - raft.grpc.flow.control.window = 5MB (=5242880) (custom)
2020-07-02 19:47:32,591 [Listener at 127.0.0.1/43161] INFO  server.RaftServerConfigKeys (ConfUtils.java:logGet(44)) - raft.server.rpc.request.timeout = 3000ms (default)
2020-07-02 19:47:32,592 [Listener at 127.0.0.1/43161] INFO  server.RaftServerConfigKeys (ConfUtils.java:logGet(44)) - raft.server.storage.dir = [/github/workspace/mnt/ozone/hadoop-ozone/integration-test/target/test-dir/MiniOzoneClusterImpl-47077420-a86b-4566-b2ce-9fb6a30396ee/datanode-6/data/ratis] (custom)
2020-07-02 19:47:32,595 [Listener at 127.0.0.1/43161] INFO  http.BaseHttpServer (BaseHttpServer.java:newHttpServer2BuilderForOzone(207)) - Starting Web-server for hddsDatanode at: http://0.0.0.0:0
2020-07-02 19:47:32,596 [Listener at 127.0.0.1/43161] INFO  http.BaseHttpServer (BaseHttpServer.java:<init>(106)) - Hadoop Security Enabled: false Ozone Security Enabled: false Ozone HTTP Security Enabled: false 
2020-07-02 19:47:32,599 [Listener at 127.0.0.1/43161] INFO  server.AuthenticationFilter (AuthenticationFilter.java:constructSecretProvider(240)) - Unable to initialize FileSignerSecretProvider, falling back to use random secrets.
2020-07-02 19:47:32,599 [Listener at 127.0.0.1/43161] WARN  http.HttpRequestLog (HttpRequestLog.java:getRequestLog(103)) - Jetty request log can only be enabled using Log4j
2020-07-02 19:47:32,599 [Listener at 127.0.0.1/43161] INFO  http.HttpServer2 (HttpServer2.java:addGlobalFilter(998)) - Added global filter 'safety' (class=org.apache.hadoop.hdds.server.http.HttpServer2$QuotingInputFilter)
2020-07-02 19:47:32,600 [Listener at 127.0.0.1/43161] INFO  http.HttpServer2 (HttpServer2.java:addFilter(974)) - Added filter static_user_filter (class=org.apache.hadoop.http.lib.StaticUserWebFilter$StaticUserFilter) to context hddsDatanode
2020-07-02 19:47:32,600 [Listener at 127.0.0.1/43161] INFO  http.HttpServer2 (HttpServer2.java:addFilter(982)) - Added filter static_user_filter (class=org.apache.hadoop.http.lib.StaticUserWebFilter$StaticUserFilter) to context static
2020-07-02 19:47:32,600 [Listener at 127.0.0.1/43161] INFO  http.HttpServer2 (HttpServer2.java:addFilter(982)) - Added filter static_user_filter (class=org.apache.hadoop.http.lib.StaticUserWebFilter$StaticUserFilter) to context logs
2020-07-02 19:47:32,600 [Listener at 127.0.0.1/43161] INFO  http.HttpServer2 (HttpServer2.java:bindListener(1216)) - Jetty bound to port 39679
2020-07-02 19:47:32,601 [Listener at 127.0.0.1/43161] INFO  server.Server (Server.java:doStart(359)) - jetty-9.4.26.v20200117; built: 2020-01-17T12:35:33.676Z; git: 7b38981d25d14afb4a12ff1f2596756144edf695; jvm 1.8.0_232-b09
2020-07-02 19:47:32,602 [Listener at 127.0.0.1/43161] INFO  server.session (DefaultSessionIdManager.java:doStart(333)) - DefaultSessionIdManager workerName=node0
2020-07-02 19:47:32,602 [Listener at 127.0.0.1/43161] INFO  server.session (DefaultSessionIdManager.java:doStart(338)) - No SessionScavenger set, using defaults
2020-07-02 19:47:32,602 [Listener at 127.0.0.1/43161] INFO  server.session (HouseKeeper.java:startScavenging(140)) - node0 Scavenging every 660000ms
2020-07-02 19:47:32,603 [Listener at 127.0.0.1/43161] INFO  handler.ContextHandler (ContextHandler.java:doStart(825)) - Started o.e.j.s.ServletContextHandler@549eeaa3{logs,/logs,file:///github/workspace/mnt/ozone/hadoop-ozone/integration-test/target/log,AVAILABLE}
2020-07-02 19:47:32,603 [Listener at 127.0.0.1/43161] INFO  handler.ContextHandler (ContextHandler.java:doStart(825)) - Started o.e.j.s.ServletContextHandler@19a13874{static,/static,jar:file:/home/user/.m2/repository/org/apache/hadoop/hadoop-hdds-container-service/0.6.0-SNAPSHOT/hadoop-hdds-container-service-0.6.0-SNAPSHOT.jar!/webapps/static,AVAILABLE}
2020-07-02 19:47:32,618 [Listener at 127.0.0.1/43161] INFO  handler.ContextHandler (ContextHandler.java:doStart(825)) - Started o.e.j.w.WebAppContext@21ff56e7{hddsDatanode,/,file:///tmp/jetty-0_0_0_0-39679-hadoop-hdds-container-service-0_6_0-SNAPSHOT_jar-_-any-2488400757286258647.dir/webapp/,AVAILABLE}{jar:file:/home/user/.m2/repository/org/apache/hadoop/hadoop-hdds-container-service/0.6.0-SNAPSHOT/hadoop-hdds-container-service-0.6.0-SNAPSHOT.jar!/webapps/hddsDatanode}
2020-07-02 19:47:32,620 [Listener at 127.0.0.1/43161] INFO  server.AbstractConnector (AbstractConnector.java:doStart(330)) - Started ServerConnector@48f359e4{HTTP/1.1,[http/1.1]}{0.0.0.0:39679}
2020-07-02 19:47:32,620 [Listener at 127.0.0.1/43161] INFO  server.Server (Server.java:doStart(399)) - Started @174359ms
2020-07-02 19:47:32,620 [Listener at 127.0.0.1/43161] WARN  impl.MetricsSystemImpl (MetricsSystemImpl.java:register(276)) - Sink prometheus already exists!
2020-07-02 19:47:32,622 [Listener at 127.0.0.1/43161] INFO  http.BaseHttpServer (BaseHttpServer.java:updateConnectorAddress(327)) - HTTP server of hddsDatanode listening at http://0.0.0.0:39679
2020-07-02 19:47:32,626 [Listener at 127.0.0.1/43161] INFO  impl.MetricsSystemImpl (MetricsSystemImpl.java:init(158)) - HddsDatanode metrics system started (again)
2020-07-02 19:47:32,627 [Listener at 127.0.0.1/43161] INFO  ozone.HddsDatanodeService (HddsDatanodeService.java:start(197)) - HddsDatanodeService host:88424e9b97c1 ip:172.17.0.2
2020-07-02 19:47:32,628 [Listener at 127.0.0.1/43161] INFO  volume.HddsVolume (HddsVolume.java:<init>(176)) - Creating Volume: /github/workspace/mnt/ozone/hadoop-ozone/integration-test/target/test-dir/MiniOzoneClusterImpl-47077420-a86b-4566-b2ce-9fb6a30396ee/datanode-7/data-0/containers/hdds of storage type : DISK and capacity : 9223372036854775807
2020-07-02 19:47:32,628 [Listener at 127.0.0.1/43161] INFO  volume.MutableVolumeSet (MutableVolumeSet.java:initializeVolumeSet(181)) - Added Volume : /github/workspace/mnt/ozone/hadoop-ozone/integration-test/target/test-dir/MiniOzoneClusterImpl-47077420-a86b-4566-b2ce-9fb6a30396ee/datanode-7/data-0/containers/hdds to VolumeSet
2020-07-02 19:47:32,628 [Listener at 127.0.0.1/43161] INFO  volume.ThrottledAsyncChecker (ThrottledAsyncChecker.java:schedule(141)) - Scheduling a check for /github/workspace/mnt/ozone/hadoop-ozone/integration-test/target/test-dir/MiniOzoneClusterImpl-47077420-a86b-4566-b2ce-9fb6a30396ee/datanode-7/data-0/containers/hdds
2020-07-02 19:47:32,629 [Listener at 127.0.0.1/43161] INFO  volume.HddsVolumeChecker (HddsVolumeChecker.java:checkAllVolumes(200)) - Scheduled health check for volume /github/workspace/mnt/ozone/hadoop-ozone/integration-test/target/test-dir/MiniOzoneClusterImpl-47077420-a86b-4566-b2ce-9fb6a30396ee/datanode-7/data-0/containers/hdds
2020-07-02 19:47:32,638 [org.apache.hadoop.util.JvmPauseMonitor$Monitor@393d2585] INFO  util.JvmPauseMonitor (JvmPauseMonitor.java:run(188)) - Starting JVM pause monitor
2020-07-02 19:47:32,639 [Datanode State Machine Thread - 0] INFO  datanode.InitDatanodeState (InitDatanodeState.java:persistContainerDatanodeDetails(145)) - DatanodeDetails is persisted to /github/workspace/mnt/ozone/hadoop-ozone/integration-test/target/test-dir/MiniOzoneClusterImpl-47077420-a86b-4566-b2ce-9fb6a30396ee/datanode-6/meta/datanode.id
2020-07-02 19:47:32,642 [Listener at 127.0.0.1/43161] INFO  impl.RaftServerProxy (ConfUtils.java:logGet(44)) - raft.rpc.type = GRPC (default)
2020-07-02 19:47:32,642 [Listener at 127.0.0.1/43161] INFO  grpc.GrpcFactory (GrpcFactory.java:checkPooledByteBufAllocatorUseCacheForAllThreads(45)) - PERFORMANCE WARNING: useCacheForAllThreads is true that may cause Netty to create a lot garbage objects and, as a result, trigger GC.
	It is recommended to disable useCacheForAllThreads by setting -Dorg.apache.ratis.thirdparty.io.netty.allocator.useCacheForAllThreads=false in command line.
2020-07-02 19:47:32,642 [Listener at 127.0.0.1/43161] INFO  grpc.GrpcConfigKeys (ConfUtils.java:logGet(44)) - raft.grpc.server.port = 0 (default)
2020-07-02 19:47:32,642 [Listener at 127.0.0.1/43161] INFO  server.GrpcService (ConfUtils.java:logGet(44)) - raft.grpc.message.size.max = 32MB (=33554432) (custom)
2020-07-02 19:47:32,643 [Listener at 127.0.0.1/43161] INFO  server.RaftServerConfigKeys (ConfUtils.java:logGet(44)) - raft.server.log.appender.buffer.byte-limit = 33554432 (custom)
2020-07-02 19:47:32,643 [Listener at 127.0.0.1/43161] INFO  server.GrpcService (ConfUtils.java:logGet(44)) - raft.grpc.flow.control.window = 5MB (=5242880) (custom)
2020-07-02 19:47:32,643 [Listener at 127.0.0.1/43161] INFO  server.RaftServerConfigKeys (ConfUtils.java:logGet(44)) - raft.server.rpc.request.timeout = 3000ms (default)
2020-07-02 19:47:32,644 [Listener at 127.0.0.1/43161] INFO  server.RaftServerConfigKeys (ConfUtils.java:logGet(44)) - raft.server.storage.dir = [/github/workspace/mnt/ozone/hadoop-ozone/integration-test/target/test-dir/MiniOzoneClusterImpl-47077420-a86b-4566-b2ce-9fb6a30396ee/datanode-7/data/ratis] (custom)
2020-07-02 19:47:32,647 [Listener at 127.0.0.1/43161] INFO  http.BaseHttpServer (BaseHttpServer.java:newHttpServer2BuilderForOzone(207)) - Starting Web-server for hddsDatanode at: http://0.0.0.0:0
2020-07-02 19:47:32,647 [Listener at 127.0.0.1/43161] INFO  http.BaseHttpServer (BaseHttpServer.java:<init>(106)) - Hadoop Security Enabled: false Ozone Security Enabled: false Ozone HTTP Security Enabled: false 
2020-07-02 19:47:32,648 [Listener at 127.0.0.1/43161] INFO  server.AuthenticationFilter (AuthenticationFilter.java:constructSecretProvider(240)) - Unable to initialize FileSignerSecretProvider, falling back to use random secrets.
2020-07-02 19:47:32,648 [Listener at 127.0.0.1/43161] WARN  http.HttpRequestLog (HttpRequestLog.java:getRequestLog(103)) - Jetty request log can only be enabled using Log4j
2020-07-02 19:47:32,649 [Listener at 127.0.0.1/43161] INFO  http.HttpServer2 (HttpServer2.java:addGlobalFilter(998)) - Added global filter 'safety' (class=org.apache.hadoop.hdds.server.http.HttpServer2$QuotingInputFilter)
2020-07-02 19:47:32,649 [Listener at 127.0.0.1/43161] INFO  http.HttpServer2 (HttpServer2.java:addFilter(974)) - Added filter static_user_filter (class=org.apache.hadoop.http.lib.StaticUserWebFilter$StaticUserFilter) to context hddsDatanode
2020-07-02 19:47:32,649 [Listener at 127.0.0.1/43161] INFO  http.HttpServer2 (HttpServer2.java:addFilter(982)) - Added filter static_user_filter (class=org.apache.hadoop.http.lib.StaticUserWebFilter$StaticUserFilter) to context logs
2020-07-02 19:47:32,649 [Listener at 127.0.0.1/43161] INFO  http.HttpServer2 (HttpServer2.java:addFilter(982)) - Added filter static_user_filter (class=org.apache.hadoop.http.lib.StaticUserWebFilter$StaticUserFilter) to context static
2020-07-02 19:47:32,650 [Listener at 127.0.0.1/43161] INFO  http.HttpServer2 (HttpServer2.java:bindListener(1216)) - Jetty bound to port 42709
2020-07-02 19:47:32,651 [Listener at 127.0.0.1/43161] INFO  server.Server (Server.java:doStart(359)) - jetty-9.4.26.v20200117; built: 2020-01-17T12:35:33.676Z; git: 7b38981d25d14afb4a12ff1f2596756144edf695; jvm 1.8.0_232-b09
2020-07-02 19:47:32,655 [Listener at 127.0.0.1/43161] INFO  server.session (DefaultSessionIdManager.java:doStart(333)) - DefaultSessionIdManager workerName=node0
2020-07-02 19:47:32,655 [Listener at 127.0.0.1/43161] INFO  server.session (DefaultSessionIdManager.java:doStart(338)) - No SessionScavenger set, using defaults
2020-07-02 19:47:32,655 [Listener at 127.0.0.1/43161] INFO  server.session (HouseKeeper.java:startScavenging(140)) - node0 Scavenging every 600000ms
2020-07-02 19:47:32,656 [Listener at 127.0.0.1/43161] INFO  handler.ContextHandler (ContextHandler.java:doStart(825)) - Started o.e.j.s.ServletContextHandler@87852fb{logs,/logs,file:///github/workspace/mnt/ozone/hadoop-ozone/integration-test/target/log,AVAILABLE}
2020-07-02 19:47:32,656 [Listener at 127.0.0.1/43161] INFO  handler.ContextHandler (ContextHandler.java:doStart(825)) - Started o.e.j.s.ServletContextHandler@24e2d0d1{static,/static,jar:file:/home/user/.m2/repository/org/apache/hadoop/hadoop-hdds-container-service/0.6.0-SNAPSHOT/hadoop-hdds-container-service-0.6.0-SNAPSHOT.jar!/webapps/static,AVAILABLE}
2020-07-02 19:47:32,672 [Listener at 127.0.0.1/43161] INFO  handler.ContextHandler (ContextHandler.java:doStart(825)) - Started o.e.j.w.WebAppContext@316a03cf{hddsDatanode,/,file:///tmp/jetty-0_0_0_0-42709-hadoop-hdds-container-service-0_6_0-SNAPSHOT_jar-_-any-3816276954803960130.dir/webapp/,AVAILABLE}{jar:file:/home/user/.m2/repository/org/apache/hadoop/hadoop-hdds-container-service/0.6.0-SNAPSHOT/hadoop-hdds-container-service-0.6.0-SNAPSHOT.jar!/webapps/hddsDatanode}
2020-07-02 19:47:32,674 [Listener at 127.0.0.1/43161] INFO  server.AbstractConnector (AbstractConnector.java:doStart(330)) - Started ServerConnector@7a82be85{HTTP/1.1,[http/1.1]}{0.0.0.0:42709}
2020-07-02 19:47:32,674 [Listener at 127.0.0.1/43161] INFO  server.Server (Server.java:doStart(399)) - Started @174413ms
2020-07-02 19:47:32,674 [Listener at 127.0.0.1/43161] WARN  impl.MetricsSystemImpl (MetricsSystemImpl.java:register(276)) - Sink prometheus already exists!
2020-07-02 19:47:32,676 [Listener at 127.0.0.1/43161] INFO  http.BaseHttpServer (BaseHttpServer.java:updateConnectorAddress(327)) - HTTP server of hddsDatanode listening at http://0.0.0.0:42709
2020-07-02 19:47:32,677 [Listener at 127.0.0.1/43161] INFO  impl.MetricsSystemImpl (MetricsSystemImpl.java:init(158)) - HddsDatanode metrics system started (again)
2020-07-02 19:47:32,678 [Listener at 127.0.0.1/43161] INFO  ozone.HddsDatanodeService (HddsDatanodeService.java:start(197)) - HddsDatanodeService host:88424e9b97c1 ip:172.17.0.2
2020-07-02 19:47:32,679 [org.apache.hadoop.util.JvmPauseMonitor$Monitor@5302a5ab] INFO  util.JvmPauseMonitor (JvmPauseMonitor.java:run(188)) - Starting JVM pause monitor
2020-07-02 19:47:32,679 [Listener at 127.0.0.1/43161] INFO  volume.HddsVolume (HddsVolume.java:<init>(176)) - Creating Volume: /github/workspace/mnt/ozone/hadoop-ozone/integration-test/target/test-dir/MiniOzoneClusterImpl-47077420-a86b-4566-b2ce-9fb6a30396ee/datanode-8/data-0/containers/hdds of storage type : DISK and capacity : 9223372036854775807
2020-07-02 19:47:32,680 [Datanode State Machine Thread - 0] INFO  datanode.InitDatanodeState (InitDatanodeState.java:persistContainerDatanodeDetails(145)) - DatanodeDetails is persisted to /github/workspace/mnt/ozone/hadoop-ozone/integration-test/target/test-dir/MiniOzoneClusterImpl-47077420-a86b-4566-b2ce-9fb6a30396ee/datanode-7/meta/datanode.id
2020-07-02 19:47:32,680 [Listener at 127.0.0.1/43161] INFO  volume.MutableVolumeSet (MutableVolumeSet.java:initializeVolumeSet(181)) - Added Volume : /github/workspace/mnt/ozone/hadoop-ozone/integration-test/target/test-dir/MiniOzoneClusterImpl-47077420-a86b-4566-b2ce-9fb6a30396ee/datanode-8/data-0/containers/hdds to VolumeSet
2020-07-02 19:47:32,680 [Listener at 127.0.0.1/43161] INFO  volume.ThrottledAsyncChecker (ThrottledAsyncChecker.java:schedule(141)) - Scheduling a check for /github/workspace/mnt/ozone/hadoop-ozone/integration-test/target/test-dir/MiniOzoneClusterImpl-47077420-a86b-4566-b2ce-9fb6a30396ee/datanode-8/data-0/containers/hdds
2020-07-02 19:47:32,680 [Listener at 127.0.0.1/43161] INFO  volume.HddsVolumeChecker (HddsVolumeChecker.java:checkAllVolumes(200)) - Scheduled health check for volume /github/workspace/mnt/ozone/hadoop-ozone/integration-test/target/test-dir/MiniOzoneClusterImpl-47077420-a86b-4566-b2ce-9fb6a30396ee/datanode-8/data-0/containers/hdds
2020-07-02 19:47:32,693 [Listener at 127.0.0.1/43161] INFO  impl.RaftServerProxy (ConfUtils.java:logGet(44)) - raft.rpc.type = GRPC (default)
2020-07-02 19:47:32,693 [Listener at 127.0.0.1/43161] INFO  grpc.GrpcFactory (GrpcFactory.java:checkPooledByteBufAllocatorUseCacheForAllThreads(45)) - PERFORMANCE WARNING: useCacheForAllThreads is true that may cause Netty to create a lot garbage objects and, as a result, trigger GC.
	It is recommended to disable useCacheForAllThreads by setting -Dorg.apache.ratis.thirdparty.io.netty.allocator.useCacheForAllThreads=false in command line.
2020-07-02 19:47:32,693 [Listener at 127.0.0.1/43161] INFO  grpc.GrpcConfigKeys (ConfUtils.java:logGet(44)) - raft.grpc.server.port = 0 (default)
2020-07-02 19:47:32,693 [Listener at 127.0.0.1/43161] INFO  server.GrpcService (ConfUtils.java:logGet(44)) - raft.grpc.message.size.max = 32MB (=33554432) (custom)
2020-07-02 19:47:32,694 [Listener at 127.0.0.1/43161] INFO  server.RaftServerConfigKeys (ConfUtils.java:logGet(44)) - raft.server.log.appender.buffer.byte-limit = 33554432 (custom)
2020-07-02 19:47:32,694 [Listener at 127.0.0.1/43161] INFO  server.GrpcService (ConfUtils.java:logGet(44)) - raft.grpc.flow.control.window = 5MB (=5242880) (custom)
2020-07-02 19:47:32,694 [Listener at 127.0.0.1/43161] INFO  server.RaftServerConfigKeys (ConfUtils.java:logGet(44)) - raft.server.rpc.request.timeout = 3000ms (default)
2020-07-02 19:47:32,694 [Listener at 127.0.0.1/43161] INFO  server.RaftServerConfigKeys (ConfUtils.java:logGet(44)) - raft.server.storage.dir = [/github/workspace/mnt/ozone/hadoop-ozone/integration-test/target/test-dir/MiniOzoneClusterImpl-47077420-a86b-4566-b2ce-9fb6a30396ee/datanode-8/data/ratis] (custom)
2020-07-02 19:47:32,698 [Listener at 127.0.0.1/43161] INFO  http.BaseHttpServer (BaseHttpServer.java:newHttpServer2BuilderForOzone(207)) - Starting Web-server for hddsDatanode at: http://0.0.0.0:0
2020-07-02 19:47:32,698 [Listener at 127.0.0.1/43161] INFO  http.BaseHttpServer (BaseHttpServer.java:<init>(106)) - Hadoop Security Enabled: false Ozone Security Enabled: false Ozone HTTP Security Enabled: false 
2020-07-02 19:47:32,699 [Listener at 127.0.0.1/43161] INFO  server.AuthenticationFilter (AuthenticationFilter.java:constructSecretProvider(240)) - Unable to initialize FileSignerSecretProvider, falling back to use random secrets.
2020-07-02 19:47:32,699 [Listener at 127.0.0.1/43161] WARN  http.HttpRequestLog (HttpRequestLog.java:getRequestLog(103)) - Jetty request log can only be enabled using Log4j
2020-07-02 19:47:32,699 [Listener at 127.0.0.1/43161] INFO  http.HttpServer2 (HttpServer2.java:addGlobalFilter(998)) - Added global filter 'safety' (class=org.apache.hadoop.hdds.server.http.HttpServer2$QuotingInputFilter)
2020-07-02 19:47:32,700 [Listener at 127.0.0.1/43161] INFO  http.HttpServer2 (HttpServer2.java:addFilter(974)) - Added filter static_user_filter (class=org.apache.hadoop.http.lib.StaticUserWebFilter$StaticUserFilter) to context hddsDatanode
2020-07-02 19:47:32,700 [Listener at 127.0.0.1/43161] INFO  http.HttpServer2 (HttpServer2.java:addFilter(982)) - Added filter static_user_filter (class=org.apache.hadoop.http.lib.StaticUserWebFilter$StaticUserFilter) to context logs
2020-07-02 19:47:32,700 [Listener at 127.0.0.1/43161] INFO  http.HttpServer2 (HttpServer2.java:addFilter(982)) - Added filter static_user_filter (class=org.apache.hadoop.http.lib.StaticUserWebFilter$StaticUserFilter) to context static
2020-07-02 19:47:32,700 [Listener at 127.0.0.1/43161] INFO  http.HttpServer2 (HttpServer2.java:bindListener(1216)) - Jetty bound to port 36603
2020-07-02 19:47:32,701 [Listener at 127.0.0.1/43161] INFO  server.Server (Server.java:doStart(359)) - jetty-9.4.26.v20200117; built: 2020-01-17T12:35:33.676Z; git: 7b38981d25d14afb4a12ff1f2596756144edf695; jvm 1.8.0_232-b09
2020-07-02 19:47:32,702 [Listener at 127.0.0.1/43161] INFO  server.session (DefaultSessionIdManager.java:doStart(333)) - DefaultSessionIdManager workerName=node0
2020-07-02 19:47:32,702 [Listener at 127.0.0.1/43161] INFO  server.session (DefaultSessionIdManager.java:doStart(338)) - No SessionScavenger set, using defaults
2020-07-02 19:47:32,702 [Listener at 127.0.0.1/43161] INFO  server.session (HouseKeeper.java:startScavenging(140)) - node0 Scavenging every 660000ms
2020-07-02 19:47:32,702 [Listener at 127.0.0.1/43161] INFO  handler.ContextHandler (ContextHandler.java:doStart(825)) - Started o.e.j.s.ServletContextHandler@37ca8b4c{logs,/logs,file:///github/workspace/mnt/ozone/hadoop-ozone/integration-test/target/log,AVAILABLE}
2020-07-02 19:47:32,703 [Listener at 127.0.0.1/43161] INFO  handler.ContextHandler (ContextHandler.java:doStart(825)) - Started o.e.j.s.ServletContextHandler@708a0150{static,/static,jar:file:/home/user/.m2/repository/org/apache/hadoop/hadoop-hdds-container-service/0.6.0-SNAPSHOT/hadoop-hdds-container-service-0.6.0-SNAPSHOT.jar!/webapps/static,AVAILABLE}
2020-07-02 19:47:32,720 [Listener at 127.0.0.1/43161] INFO  handler.ContextHandler (ContextHandler.java:doStart(825)) - Started o.e.j.w.WebAppContext@399b9537{hddsDatanode,/,file:///tmp/jetty-0_0_0_0-36603-hadoop-hdds-container-service-0_6_0-SNAPSHOT_jar-_-any-2476994507211406534.dir/webapp/,AVAILABLE}{jar:file:/home/user/.m2/repository/org/apache/hadoop/hadoop-hdds-container-service/0.6.0-SNAPSHOT/hadoop-hdds-container-service-0.6.0-SNAPSHOT.jar!/webapps/hddsDatanode}
2020-07-02 19:47:32,721 [Listener at 127.0.0.1/43161] INFO  server.AbstractConnector (AbstractConnector.java:doStart(330)) - Started ServerConnector@646599c6{HTTP/1.1,[http/1.1]}{0.0.0.0:36603}
2020-07-02 19:47:32,721 [Listener at 127.0.0.1/43161] INFO  server.Server (Server.java:doStart(399)) - Started @174460ms
2020-07-02 19:47:32,721 [Listener at 127.0.0.1/43161] WARN  impl.MetricsSystemImpl (MetricsSystemImpl.java:register(276)) - Sink prometheus already exists!
2020-07-02 19:47:32,725 [Listener at 127.0.0.1/43161] INFO  http.BaseHttpServer (BaseHttpServer.java:updateConnectorAddress(327)) - HTTP server of hddsDatanode listening at http://0.0.0.0:36603
2020-07-02 19:47:32,725 [Listener at 127.0.0.1/43161] INFO  ozone.MiniOzoneClusterImpl (MiniOzoneClusterImpl.java:lambda$waitForClusterToBeReady$0(177)) - Waiting for nodes to be ready. Got 0 of 9 DN Heartbeats.
2020-07-02 19:47:32,725 [Listener at 127.0.0.1/43161] INFO  ozone.MiniOzoneClusterImpl (MiniOzoneClusterImpl.java:lambda$waitForClusterToBeReady$0(180)) - Waiting for cluster to exit safe mode
2020-07-02 19:47:32,730 [org.apache.hadoop.util.JvmPauseMonitor$Monitor@5d03dfe3] INFO  util.JvmPauseMonitor (JvmPauseMonitor.java:run(188)) - Starting JVM pause monitor
2020-07-02 19:47:32,731 [Datanode State Machine Thread - 0] INFO  datanode.InitDatanodeState (InitDatanodeState.java:persistContainerDatanodeDetails(145)) - DatanodeDetails is persisted to /github/workspace/mnt/ozone/hadoop-ozone/integration-test/target/test-dir/MiniOzoneClusterImpl-47077420-a86b-4566-b2ce-9fb6a30396ee/datanode-8/meta/datanode.id
2020-07-02 19:47:33,725 [Listener at 127.0.0.1/43161] INFO  ozone.MiniOzoneClusterImpl (MiniOzoneClusterImpl.java:lambda$waitForClusterToBeReady$0(177)) - Waiting for nodes to be ready. Got 0 of 9 DN Heartbeats.
2020-07-02 19:47:33,726 [Listener at 127.0.0.1/43161] INFO  ozone.MiniOzoneClusterImpl (MiniOzoneClusterImpl.java:lambda$waitForClusterToBeReady$0(180)) - Waiting for cluster to exit safe mode
2020-07-02 19:47:34,315 [Datanode State Machine Thread - 0] INFO  ozoneimpl.OzoneContainer (OzoneContainer.java:start(232)) - Attempting to start container services.
2020-07-02 19:47:34,315 [Datanode State Machine Thread - 0] INFO  ozoneimpl.OzoneContainer (OzoneContainer.java:startContainerScrub(196)) - Background container scanner has been disabled.
2020-07-02 19:47:34,315 [Datanode State Machine Thread - 0] INFO  ratis.XceiverServerRatis (XceiverServerRatis.java:start(425)) - Starting XceiverServerRatis e1aceb7c-da99-4a3c-9205-ba6aed5f5e4d at port 0
2020-07-02 19:47:34,316 [Datanode State Machine Thread - 0] INFO  impl.RaftServerProxy (RaftServerProxy.java:lambda$start$3(304)) - e1aceb7c-da99-4a3c-9205-ba6aed5f5e4d: start RPC server
2020-07-02 19:47:34,317 [Datanode State Machine Thread - 0] INFO  server.GrpcService (GrpcService.java:startImpl(160)) - e1aceb7c-da99-4a3c-9205-ba6aed5f5e4d: GrpcService started, listening on 0.0.0.0/0.0.0.0:39317
2020-07-02 19:47:34,317 [Datanode State Machine Thread - 0] INFO  ratis.XceiverServerRatis (XceiverServerRatis.java:start(437)) - XceiverServerRatis e1aceb7c-da99-4a3c-9205-ba6aed5f5e4d is started using port 39317
2020-07-02 19:47:34,320 [Datanode State Machine Thread - 0] INFO  server.XceiverServerGrpc (XceiverServerGrpc.java:start(145)) - XceiverServerGrpc e1aceb7c-da99-4a3c-9205-ba6aed5f5e4d is started using port 44361
2020-07-02 19:47:34,359 [Datanode State Machine Thread - 0] INFO  ozoneimpl.OzoneContainer (OzoneContainer.java:start(232)) - Attempting to start container services.
2020-07-02 19:47:34,360 [Datanode State Machine Thread - 0] INFO  ozoneimpl.OzoneContainer (OzoneContainer.java:startContainerScrub(196)) - Background container scanner has been disabled.
2020-07-02 19:47:34,360 [Datanode State Machine Thread - 0] INFO  ratis.XceiverServerRatis (XceiverServerRatis.java:start(425)) - Starting XceiverServerRatis 624bc23a-26d8-413d-a9ad-b038ba4eb8c0 at port 0
2020-07-02 19:47:34,360 [Datanode State Machine Thread - 0] INFO  impl.RaftServerProxy (RaftServerProxy.java:lambda$start$3(304)) - 624bc23a-26d8-413d-a9ad-b038ba4eb8c0: start RPC server
2020-07-02 19:47:34,361 [Datanode State Machine Thread - 0] INFO  server.GrpcService (GrpcService.java:startImpl(160)) - 624bc23a-26d8-413d-a9ad-b038ba4eb8c0: GrpcService started, listening on 0.0.0.0/0.0.0.0:32845
2020-07-02 19:47:34,361 [Datanode State Machine Thread - 0] INFO  ratis.XceiverServerRatis (XceiverServerRatis.java:start(437)) - XceiverServerRatis 624bc23a-26d8-413d-a9ad-b038ba4eb8c0 is started using port 32845
2020-07-02 19:47:34,362 [Datanode State Machine Thread - 0] INFO  server.XceiverServerGrpc (XceiverServerGrpc.java:start(145)) - XceiverServerGrpc 624bc23a-26d8-413d-a9ad-b038ba4eb8c0 is started using port 39711
2020-07-02 19:47:34,408 [Datanode State Machine Thread - 0] INFO  ozoneimpl.OzoneContainer (OzoneContainer.java:start(232)) - Attempting to start container services.
2020-07-02 19:47:34,408 [Datanode State Machine Thread - 0] INFO  ozoneimpl.OzoneContainer (OzoneContainer.java:startContainerScrub(196)) - Background container scanner has been disabled.
2020-07-02 19:47:34,408 [Datanode State Machine Thread - 0] INFO  ratis.XceiverServerRatis (XceiverServerRatis.java:start(425)) - Starting XceiverServerRatis 7640c2d1-a09c-4516-81ed-c198f8abcf65 at port 0
2020-07-02 19:47:34,409 [Datanode State Machine Thread - 0] INFO  impl.RaftServerProxy (RaftServerProxy.java:lambda$start$3(304)) - 7640c2d1-a09c-4516-81ed-c198f8abcf65: start RPC server
2020-07-02 19:47:34,413 [Datanode State Machine Thread - 0] INFO  server.GrpcService (GrpcService.java:startImpl(160)) - 7640c2d1-a09c-4516-81ed-c198f8abcf65: GrpcService started, listening on 0.0.0.0/0.0.0.0:40749
2020-07-02 19:47:34,413 [Datanode State Machine Thread - 0] INFO  ratis.XceiverServerRatis (XceiverServerRatis.java:start(437)) - XceiverServerRatis 7640c2d1-a09c-4516-81ed-c198f8abcf65 is started using port 40749
2020-07-02 19:47:34,414 [Datanode State Machine Thread - 0] INFO  server.XceiverServerGrpc (XceiverServerGrpc.java:start(145)) - XceiverServerGrpc 7640c2d1-a09c-4516-81ed-c198f8abcf65 is started using port 37381
2020-07-02 19:47:34,466 [Datanode State Machine Thread - 0] INFO  ozoneimpl.OzoneContainer (OzoneContainer.java:start(232)) - Attempting to start container services.
2020-07-02 19:47:34,466 [Datanode State Machine Thread - 0] INFO  ozoneimpl.OzoneContainer (OzoneContainer.java:startContainerScrub(196)) - Background container scanner has been disabled.
2020-07-02 19:47:34,466 [Datanode State Machine Thread - 0] INFO  ratis.XceiverServerRatis (XceiverServerRatis.java:start(425)) - Starting XceiverServerRatis 31b30001-c6bc-41c4-8b5d-b541ce032758 at port 0
2020-07-02 19:47:34,466 [Datanode State Machine Thread - 0] INFO  impl.RaftServerProxy (RaftServerProxy.java:lambda$start$3(304)) - 31b30001-c6bc-41c4-8b5d-b541ce032758: start RPC server
2020-07-02 19:47:34,467 [Datanode State Machine Thread - 0] INFO  server.GrpcService (GrpcService.java:startImpl(160)) - 31b30001-c6bc-41c4-8b5d-b541ce032758: GrpcService started, listening on 0.0.0.0/0.0.0.0:41537
2020-07-02 19:47:34,467 [Datanode State Machine Thread - 0] INFO  ratis.XceiverServerRatis (XceiverServerRatis.java:start(437)) - XceiverServerRatis 31b30001-c6bc-41c4-8b5d-b541ce032758 is started using port 41537
2020-07-02 19:47:34,467 [Datanode State Machine Thread - 0] INFO  server.XceiverServerGrpc (XceiverServerGrpc.java:start(145)) - XceiverServerGrpc 31b30001-c6bc-41c4-8b5d-b541ce032758 is started using port 44955
2020-07-02 19:47:34,525 [Datanode State Machine Thread - 0] INFO  ozoneimpl.OzoneContainer (OzoneContainer.java:start(232)) - Attempting to start container services.
2020-07-02 19:47:34,525 [Datanode State Machine Thread - 0] INFO  ozoneimpl.OzoneContainer (OzoneContainer.java:startContainerScrub(196)) - Background container scanner has been disabled.
2020-07-02 19:47:34,525 [Datanode State Machine Thread - 0] INFO  ratis.XceiverServerRatis (XceiverServerRatis.java:start(425)) - Starting XceiverServerRatis 9477b405-238c-48d3-b137-1691fefbdcbe at port 0
2020-07-02 19:47:34,526 [Datanode State Machine Thread - 0] INFO  impl.RaftServerProxy (RaftServerProxy.java:lambda$start$3(304)) - 9477b405-238c-48d3-b137-1691fefbdcbe: start RPC server
2020-07-02 19:47:34,526 [Datanode State Machine Thread - 0] INFO  server.GrpcService (GrpcService.java:startImpl(160)) - 9477b405-238c-48d3-b137-1691fefbdcbe: GrpcService started, listening on 0.0.0.0/0.0.0.0:37669
2020-07-02 19:47:34,526 [Datanode State Machine Thread - 0] INFO  ratis.XceiverServerRatis (XceiverServerRatis.java:start(437)) - XceiverServerRatis 9477b405-238c-48d3-b137-1691fefbdcbe is started using port 37669
2020-07-02 19:47:34,527 [Datanode State Machine Thread - 0] INFO  server.XceiverServerGrpc (XceiverServerGrpc.java:start(145)) - XceiverServerGrpc 9477b405-238c-48d3-b137-1691fefbdcbe is started using port 35677
2020-07-02 19:47:34,568 [Datanode State Machine Thread - 0] INFO  ozoneimpl.OzoneContainer (OzoneContainer.java:start(232)) - Attempting to start container services.
2020-07-02 19:47:34,568 [Datanode State Machine Thread - 0] INFO  ozoneimpl.OzoneContainer (OzoneContainer.java:startContainerScrub(196)) - Background container scanner has been disabled.
2020-07-02 19:47:34,568 [Datanode State Machine Thread - 0] INFO  ratis.XceiverServerRatis (XceiverServerRatis.java:start(425)) - Starting XceiverServerRatis 0b60331c-5e1c-4a80-9807-96a116b38597 at port 0
2020-07-02 19:47:34,569 [Datanode State Machine Thread - 0] INFO  impl.RaftServerProxy (RaftServerProxy.java:lambda$start$3(304)) - 0b60331c-5e1c-4a80-9807-96a116b38597: start RPC server
2020-07-02 19:47:34,569 [Datanode State Machine Thread - 0] INFO  server.GrpcService (GrpcService.java:startImpl(160)) - 0b60331c-5e1c-4a80-9807-96a116b38597: GrpcService started, listening on 0.0.0.0/0.0.0.0:39379
2020-07-02 19:47:34,570 [Datanode State Machine Thread - 0] INFO  ratis.XceiverServerRatis (XceiverServerRatis.java:start(437)) - XceiverServerRatis 0b60331c-5e1c-4a80-9807-96a116b38597 is started using port 39379
2020-07-02 19:47:34,570 [Datanode State Machine Thread - 0] INFO  server.XceiverServerGrpc (XceiverServerGrpc.java:start(145)) - XceiverServerGrpc 0b60331c-5e1c-4a80-9807-96a116b38597 is started using port 46435
2020-07-02 19:47:34,640 [Datanode State Machine Thread - 0] INFO  ozoneimpl.OzoneContainer (OzoneContainer.java:start(232)) - Attempting to start container services.
2020-07-02 19:47:34,640 [Datanode State Machine Thread - 0] INFO  ozoneimpl.OzoneContainer (OzoneContainer.java:startContainerScrub(196)) - Background container scanner has been disabled.
2020-07-02 19:47:34,640 [Datanode State Machine Thread - 0] INFO  ratis.XceiverServerRatis (XceiverServerRatis.java:start(425)) - Starting XceiverServerRatis 6062bcc3-a1a5-437e-9952-fd12f6666483 at port 0
2020-07-02 19:47:34,642 [Datanode State Machine Thread - 0] INFO  impl.RaftServerProxy (RaftServerProxy.java:lambda$start$3(304)) - 6062bcc3-a1a5-437e-9952-fd12f6666483: start RPC server
2020-07-02 19:47:34,643 [Datanode State Machine Thread - 0] INFO  server.GrpcService (GrpcService.java:startImpl(160)) - 6062bcc3-a1a5-437e-9952-fd12f6666483: GrpcService started, listening on 0.0.0.0/0.0.0.0:46571
2020-07-02 19:47:34,643 [Datanode State Machine Thread - 0] INFO  ratis.XceiverServerRatis (XceiverServerRatis.java:start(437)) - XceiverServerRatis 6062bcc3-a1a5-437e-9952-fd12f6666483 is started using port 46571
2020-07-02 19:47:34,643 [Datanode State Machine Thread - 0] INFO  server.XceiverServerGrpc (XceiverServerGrpc.java:start(145)) - XceiverServerGrpc 6062bcc3-a1a5-437e-9952-fd12f6666483 is started using port 44431
2020-07-02 19:47:34,681 [Datanode State Machine Thread - 0] INFO  ozoneimpl.OzoneContainer (OzoneContainer.java:start(232)) - Attempting to start container services.
2020-07-02 19:47:34,681 [Datanode State Machine Thread - 0] INFO  ozoneimpl.OzoneContainer (OzoneContainer.java:startContainerScrub(196)) - Background container scanner has been disabled.
2020-07-02 19:47:34,681 [Datanode State Machine Thread - 0] INFO  ratis.XceiverServerRatis (XceiverServerRatis.java:start(425)) - Starting XceiverServerRatis 5d2a92cb-0156-45c5-8f38-b4fa24aa5737 at port 0
2020-07-02 19:47:34,682 [Datanode State Machine Thread - 0] INFO  impl.RaftServerProxy (RaftServerProxy.java:lambda$start$3(304)) - 5d2a92cb-0156-45c5-8f38-b4fa24aa5737: start RPC server
2020-07-02 19:47:34,683 [Datanode State Machine Thread - 0] INFO  server.GrpcService (GrpcService.java:startImpl(160)) - 5d2a92cb-0156-45c5-8f38-b4fa24aa5737: GrpcService started, listening on 0.0.0.0/0.0.0.0:40131
2020-07-02 19:47:34,683 [Datanode State Machine Thread - 0] INFO  ratis.XceiverServerRatis (XceiverServerRatis.java:start(437)) - XceiverServerRatis 5d2a92cb-0156-45c5-8f38-b4fa24aa5737 is started using port 40131
2020-07-02 19:47:34,683 [Datanode State Machine Thread - 0] INFO  server.XceiverServerGrpc (XceiverServerGrpc.java:start(145)) - XceiverServerGrpc 5d2a92cb-0156-45c5-8f38-b4fa24aa5737 is started using port 40669
2020-07-02 19:47:34,726 [Listener at 127.0.0.1/43161] INFO  ozone.MiniOzoneClusterImpl (MiniOzoneClusterImpl.java:lambda$waitForClusterToBeReady$0(177)) - Waiting for nodes to be ready. Got 0 of 9 DN Heartbeats.
2020-07-02 19:47:34,726 [Listener at 127.0.0.1/43161] INFO  ozone.MiniOzoneClusterImpl (MiniOzoneClusterImpl.java:lambda$waitForClusterToBeReady$0(180)) - Waiting for cluster to exit safe mode
2020-07-02 19:47:34,732 [Datanode State Machine Thread - 0] INFO  ozoneimpl.OzoneContainer (OzoneContainer.java:start(232)) - Attempting to start container services.
2020-07-02 19:47:34,732 [Datanode State Machine Thread - 0] INFO  ozoneimpl.OzoneContainer (OzoneContainer.java:startContainerScrub(196)) - Background container scanner has been disabled.
2020-07-02 19:47:34,732 [Datanode State Machine Thread - 0] INFO  ratis.XceiverServerRatis (XceiverServerRatis.java:start(425)) - Starting XceiverServerRatis 8ae206a5-f320-4eda-b157-0f223831448f at port 0
2020-07-02 19:47:34,733 [Datanode State Machine Thread - 0] INFO  impl.RaftServerProxy (RaftServerProxy.java:lambda$start$3(304)) - 8ae206a5-f320-4eda-b157-0f223831448f: start RPC server
2020-07-02 19:47:34,734 [Datanode State Machine Thread - 0] INFO  server.GrpcService (GrpcService.java:startImpl(160)) - 8ae206a5-f320-4eda-b157-0f223831448f: GrpcService started, listening on 0.0.0.0/0.0.0.0:43091
2020-07-02 19:47:34,734 [Datanode State Machine Thread - 0] INFO  ratis.XceiverServerRatis (XceiverServerRatis.java:start(437)) - XceiverServerRatis 8ae206a5-f320-4eda-b157-0f223831448f is started using port 43091
2020-07-02 19:47:34,734 [Datanode State Machine Thread - 0] INFO  server.XceiverServerGrpc (XceiverServerGrpc.java:start(145)) - XceiverServerGrpc 8ae206a5-f320-4eda-b157-0f223831448f is started using port 37015
2020-07-02 19:47:35,726 [Listener at 127.0.0.1/43161] INFO  ozone.MiniOzoneClusterImpl (MiniOzoneClusterImpl.java:lambda$waitForClusterToBeReady$0(177)) - Waiting for nodes to be ready. Got 0 of 9 DN Heartbeats.
2020-07-02 19:47:35,726 [Listener at 127.0.0.1/43161] INFO  ozone.MiniOzoneClusterImpl (MiniOzoneClusterImpl.java:lambda$waitForClusterToBeReady$0(180)) - Waiting for cluster to exit safe mode
2020-07-02 19:47:36,314 [IPC Server handler 0 on default port 44525] INFO  net.NetworkTopology (NetworkTopologyImpl.java:add(111)) - Added a new node: /default-rack/e1aceb7c-da99-4a3c-9205-ba6aed5f5e4d
2020-07-02 19:47:36,314 [IPC Server handler 0 on default port 44525] INFO  node.SCMNodeManager (SCMNodeManager.java:register(268)) - Registered Data node : e1aceb7c-da99-4a3c-9205-ba6aed5f5e4d{ip: 172.17.0.2, host: 88424e9b97c1, networkLocation: /default-rack, certSerialId: null}
2020-07-02 19:47:36,315 [RatisPipelineUtilsThread] INFO  pipeline.RatisPipelineProvider (RatisPipelineProvider.java:lambda$create$0(138)) - Sending CreatePipelineCommand for pipeline:PipelineID=e1e348c9-494d-46d9-80f4-9cdea6a4f643 to datanode:e1aceb7c-da99-4a3c-9205-ba6aed5f5e4d
2020-07-02 19:47:36,315 [EventQueue-NodeRegistrationContainerReportForContainerSafeModeRule] INFO  safemode.SCMSafeModeManager (SCMSafeModeManager.java:validateSafeModeExitRules(214)) - ContainerSafeModeRule rule is successfully validated
2020-07-02 19:47:36,316 [RatisPipelineUtilsThread] INFO  pipeline.PipelineStateManager (PipelineStateManager.java:addPipeline(54)) - Created pipeline Pipeline[ Id: e1e348c9-494d-46d9-80f4-9cdea6a4f643, Nodes: e1aceb7c-da99-4a3c-9205-ba6aed5f5e4d{ip: 172.17.0.2, host: 88424e9b97c1, networkLocation: /default-rack, certSerialId: null}, Type:RATIS, Factor:ONE, State:ALLOCATED, leaderId:, CreationTimestamp2020-07-02T19:47:36.315Z]
2020-07-02 19:47:36,316 [RatisPipelineUtilsThread] ERROR pipeline.SCMPipelineManager (SCMPipelineManager.java:createPipeline(222)) - Failed to create pipeline of type RATIS and factor ONE. Exception: Cannot create pipeline of factor 1 using 0 nodes. Used 1 nodes. Healthy nodes 1
2020-07-02 19:47:36,317 [EventQueue-NodeRegistrationContainerReportForDataNodeSafeModeRule] INFO  safemode.SCMSafeModeManager (DataNodeSafeModeRule.java:process(71)) - SCM in safe mode. 1 DataNodes registered, 1 required.
2020-07-02 19:47:36,318 [EventQueue-NodeRegistrationContainerReportForDataNodeSafeModeRule] INFO  safemode.SCMSafeModeManager (SCMSafeModeManager.java:validateSafeModeExitRules(214)) - DataNodeSafeModeRule rule is successfully validated
2020-07-02 19:47:36,318 [EventQueue-NodeRegistrationContainerReportForDataNodeSafeModeRule] INFO  safemode.SCMSafeModeManager (SCMSafeModeManager.java:completePreCheck(242)) - All SCM safe mode pre check rules have passed
2020-07-02 19:47:36,319 [RatisPipelineUtilsThread] ERROR pipeline.SCMPipelineManager (SCMPipelineManager.java:createPipeline(222)) - Failed to create pipeline of type RATIS and factor ONE. Exception: Cannot create pipeline of factor 1 using 0 nodes. Used 1 nodes. Healthy nodes 1
2020-07-02 19:47:36,319 [RatisPipelineUtilsThread] WARN  pipeline.PipelinePlacementPolicy (PipelinePlacementPolicy.java:filterViableNodes(133)) - Pipeline creation failed due to no sufficient healthy datanodes. Required 3. Found 1.
2020-07-02 19:47:36,319 [RatisPipelineUtilsThread] ERROR pipeline.SCMPipelineManager (SCMPipelineManager.java:createPipeline(222)) - Failed to create pipeline of type RATIS and factor THREE. Exception: Pipeline creation failed due to no sufficient healthy datanodes. Required 3. Found 1.
2020-07-02 19:47:36,358 [IPC Server handler 1 on default port 44525] INFO  net.NetworkTopology (NetworkTopologyImpl.java:add(111)) - Added a new node: /default-rack/624bc23a-26d8-413d-a9ad-b038ba4eb8c0
2020-07-02 19:47:36,358 [IPC Server handler 1 on default port 44525] INFO  node.SCMNodeManager (SCMNodeManager.java:register(268)) - Registered Data node : 624bc23a-26d8-413d-a9ad-b038ba4eb8c0{ip: 172.17.0.2, host: 88424e9b97c1, networkLocation: /default-rack, certSerialId: null}
2020-07-02 19:47:36,358 [RatisPipelineUtilsThread] INFO  pipeline.RatisPipelineProvider (RatisPipelineProvider.java:lambda$create$0(138)) - Sending CreatePipelineCommand for pipeline:PipelineID=fb4d5b25-8439-4da5-9b16-44088af90764 to datanode:624bc23a-26d8-413d-a9ad-b038ba4eb8c0
2020-07-02 19:47:36,358 [RatisPipelineUtilsThread] INFO  pipeline.PipelineStateManager (PipelineStateManager.java:addPipeline(54)) - Created pipeline Pipeline[ Id: fb4d5b25-8439-4da5-9b16-44088af90764, Nodes: 624bc23a-26d8-413d-a9ad-b038ba4eb8c0{ip: 172.17.0.2, host: 88424e9b97c1, networkLocation: /default-rack, certSerialId: null}, Type:RATIS, Factor:ONE, State:ALLOCATED, leaderId:, CreationTimestamp2020-07-02T19:47:36.358Z]
2020-07-02 19:47:36,359 [RatisPipelineUtilsThread] ERROR pipeline.SCMPipelineManager (SCMPipelineManager.java:createPipeline(222)) - Failed to create pipeline of type RATIS and factor ONE. Exception: Cannot create pipeline of factor 1 using 0 nodes. Used 2 nodes. Healthy nodes 2
2020-07-02 19:47:36,359 [RatisPipelineUtilsThread] WARN  pipeline.PipelinePlacementPolicy (PipelinePlacementPolicy.java:filterViableNodes(133)) - Pipeline creation failed due to no sufficient healthy datanodes. Required 3. Found 2.
2020-07-02 19:47:36,359 [RatisPipelineUtilsThread] ERROR pipeline.SCMPipelineManager (SCMPipelineManager.java:createPipeline(222)) - Failed to create pipeline of type RATIS and factor THREE. Exception: Pipeline creation failed due to no sufficient healthy datanodes. Required 3. Found 2.
2020-07-02 19:47:36,359 [EventQueue-NodeRegistrationContainerReportForContainerSafeModeRule] INFO  safemode.SCMSafeModeManager (SCMSafeModeManager.java:validateSafeModeExitRules(214)) - ContainerSafeModeRule rule is successfully validated
2020-07-02 19:47:36,359 [EventQueue-NodeRegistrationContainerReportForDataNodeSafeModeRule] INFO  safemode.SCMSafeModeManager (SCMSafeModeManager.java:validateSafeModeExitRules(214)) - DataNodeSafeModeRule rule is successfully validated
2020-07-02 19:47:36,407 [IPC Server handler 2 on default port 44525] INFO  net.NetworkTopology (NetworkTopologyImpl.java:add(111)) - Added a new node: /default-rack/7640c2d1-a09c-4516-81ed-c198f8abcf65
2020-07-02 19:47:36,407 [IPC Server handler 2 on default port 44525] INFO  node.SCMNodeManager (SCMNodeManager.java:register(268)) - Registered Data node : 7640c2d1-a09c-4516-81ed-c198f8abcf65{ip: 172.17.0.2, host: 88424e9b97c1, networkLocation: /default-rack, certSerialId: null}
2020-07-02 19:47:36,407 [RatisPipelineUtilsThread] INFO  pipeline.RatisPipelineProvider (RatisPipelineProvider.java:lambda$create$0(138)) - Sending CreatePipelineCommand for pipeline:PipelineID=c54d6f14-a798-45d2-b75c-d6532dce90d3 to datanode:7640c2d1-a09c-4516-81ed-c198f8abcf65
2020-07-02 19:47:36,407 [RatisPipelineUtilsThread] INFO  pipeline.PipelineStateManager (PipelineStateManager.java:addPipeline(54)) - Created pipeline Pipeline[ Id: c54d6f14-a798-45d2-b75c-d6532dce90d3, Nodes: 7640c2d1-a09c-4516-81ed-c198f8abcf65{ip: 172.17.0.2, host: 88424e9b97c1, networkLocation: /default-rack, certSerialId: null}, Type:RATIS, Factor:ONE, State:ALLOCATED, leaderId:, CreationTimestamp2020-07-02T19:47:36.407Z]
2020-07-02 19:47:36,408 [RatisPipelineUtilsThread] ERROR pipeline.SCMPipelineManager (SCMPipelineManager.java:createPipeline(222)) - Failed to create pipeline of type RATIS and factor ONE. Exception: Cannot create pipeline of factor 1 using 0 nodes. Used 3 nodes. Healthy nodes 3
2020-07-02 19:47:36,408 [RatisPipelineUtilsThread] INFO  pipeline.RatisPipelineProvider (RatisPipelineProvider.java:lambda$create$0(138)) - Sending CreatePipelineCommand for pipeline:PipelineID=89fa634c-6c32-4d85-96f8-ada67adc91ac to datanode:7640c2d1-a09c-4516-81ed-c198f8abcf65
2020-07-02 19:47:36,408 [RatisPipelineUtilsThread] INFO  pipeline.RatisPipelineProvider (RatisPipelineProvider.java:lambda$create$0(138)) - Sending CreatePipelineCommand for pipeline:PipelineID=89fa634c-6c32-4d85-96f8-ada67adc91ac to datanode:e1aceb7c-da99-4a3c-9205-ba6aed5f5e4d
2020-07-02 19:47:36,408 [RatisPipelineUtilsThread] INFO  pipeline.RatisPipelineProvider (RatisPipelineProvider.java:lambda$create$0(138)) - Sending CreatePipelineCommand for pipeline:PipelineID=89fa634c-6c32-4d85-96f8-ada67adc91ac to datanode:624bc23a-26d8-413d-a9ad-b038ba4eb8c0
2020-07-02 19:47:36,408 [RatisPipelineUtilsThread] INFO  pipeline.PipelineStateManager (PipelineStateManager.java:addPipeline(54)) - Created pipeline Pipeline[ Id: 89fa634c-6c32-4d85-96f8-ada67adc91ac, Nodes: 7640c2d1-a09c-4516-81ed-c198f8abcf65{ip: 172.17.0.2, host: 88424e9b97c1, networkLocation: /default-rack, certSerialId: null}e1aceb7c-da99-4a3c-9205-ba6aed5f5e4d{ip: 172.17.0.2, host: 88424e9b97c1, networkLocation: /default-rack, certSerialId: null}624bc23a-26d8-413d-a9ad-b038ba4eb8c0{ip: 172.17.0.2, host: 88424e9b97c1, networkLocation: /default-rack, certSerialId: null}, Type:RATIS, Factor:THREE, State:ALLOCATED, leaderId:, CreationTimestamp2020-07-02T19:47:36.408Z]
2020-07-02 19:47:36,408 [RatisPipelineUtilsThread] ERROR pipeline.SCMPipelineManager (SCMPipelineManager.java:createPipeline(222)) - Failed to create pipeline of type RATIS and factor THREE. Exception: Pipeline creation failed because nodes are engaged in other pipelines and every node can only be engaged in max 2 pipelines. Required 3. Found 0
2020-07-02 19:47:36,408 [EventQueue-NodeRegistrationContainerReportForContainerSafeModeRule] INFO  safemode.SCMSafeModeManager (SCMSafeModeManager.java:validateSafeModeExitRules(214)) - ContainerSafeModeRule rule is successfully validated
2020-07-02 19:47:36,411 [EventQueue-NodeRegistrationContainerReportForDataNodeSafeModeRule] INFO  safemode.SCMSafeModeManager (SCMSafeModeManager.java:validateSafeModeExitRules(214)) - DataNodeSafeModeRule rule is successfully validated
2020-07-02 19:47:36,465 [IPC Server handler 3 on default port 44525] INFO  net.NetworkTopology (NetworkTopologyImpl.java:add(111)) - Added a new node: /default-rack/31b30001-c6bc-41c4-8b5d-b541ce032758
2020-07-02 19:47:36,465 [IPC Server handler 3 on default port 44525] INFO  node.SCMNodeManager (SCMNodeManager.java:register(268)) - Registered Data node : 31b30001-c6bc-41c4-8b5d-b541ce032758{ip: 172.17.0.2, host: 88424e9b97c1, networkLocation: /default-rack, certSerialId: null}
2020-07-02 19:47:36,465 [EventQueue-NodeRegistrationContainerReportForContainerSafeModeRule] INFO  safemode.SCMSafeModeManager (SCMSafeModeManager.java:validateSafeModeExitRules(214)) - ContainerSafeModeRule rule is successfully validated
2020-07-02 19:47:36,465 [RatisPipelineUtilsThread] INFO  pipeline.RatisPipelineProvider (RatisPipelineProvider.java:lambda$create$0(138)) - Sending CreatePipelineCommand for pipeline:PipelineID=e06c2e9d-4eec-4731-9028-b81f1d24982b to datanode:31b30001-c6bc-41c4-8b5d-b541ce032758
2020-07-02 19:47:36,465 [RatisPipelineUtilsThread] INFO  pipeline.PipelineStateManager (PipelineStateManager.java:addPipeline(54)) - Created pipeline Pipeline[ Id: e06c2e9d-4eec-4731-9028-b81f1d24982b, Nodes: 31b30001-c6bc-41c4-8b5d-b541ce032758{ip: 172.17.0.2, host: 88424e9b97c1, networkLocation: /default-rack, certSerialId: null}, Type:RATIS, Factor:ONE, State:ALLOCATED, leaderId:, CreationTimestamp2020-07-02T19:47:36.465Z]
2020-07-02 19:47:36,466 [RatisPipelineUtilsThread] ERROR pipeline.SCMPipelineManager (SCMPipelineManager.java:createPipeline(222)) - Failed to create pipeline of type RATIS and factor ONE. Exception: Cannot create pipeline of factor 1 using 0 nodes. Used 4 nodes. Healthy nodes 4
2020-07-02 19:47:36,466 [RatisPipelineUtilsThread] ERROR pipeline.SCMPipelineManager (SCMPipelineManager.java:createPipeline(222)) - Failed to create pipeline of type RATIS and factor THREE. Exception: Pipeline creation failed because nodes are engaged in other pipelines and every node can only be engaged in max 2 pipelines. Required 3. Found 1
2020-07-02 19:47:36,466 [EventQueue-NodeRegistrationContainerReportForDataNodeSafeModeRule] INFO  safemode.SCMSafeModeManager (SCMSafeModeManager.java:validateSafeModeExitRules(214)) - DataNodeSafeModeRule rule is successfully validated
2020-07-02 19:47:36,523 [IPC Server handler 4 on default port 44525] INFO  net.NetworkTopology (NetworkTopologyImpl.java:add(111)) - Added a new node: /default-rack/9477b405-238c-48d3-b137-1691fefbdcbe
2020-07-02 19:47:36,523 [IPC Server handler 4 on default port 44525] INFO  node.SCMNodeManager (SCMNodeManager.java:register(268)) - Registered Data node : 9477b405-238c-48d3-b137-1691fefbdcbe{ip: 172.17.0.2, host: 88424e9b97c1, networkLocation: /default-rack, certSerialId: null}
2020-07-02 19:47:36,523 [RatisPipelineUtilsThread] INFO  pipeline.RatisPipelineProvider (RatisPipelineProvider.java:lambda$create$0(138)) - Sending CreatePipelineCommand for pipeline:PipelineID=cdcab39c-fac5-4f85-9da5-798a781614cd to datanode:9477b405-238c-48d3-b137-1691fefbdcbe
2020-07-02 19:47:36,524 [EventQueue-NodeRegistrationContainerReportForContainerSafeModeRule] INFO  safemode.SCMSafeModeManager (SCMSafeModeManager.java:validateSafeModeExitRules(214)) - ContainerSafeModeRule rule is successfully validated
2020-07-02 19:47:36,524 [EventQueue-NodeRegistrationContainerReportForDataNodeSafeModeRule] INFO  safemode.SCMSafeModeManager (SCMSafeModeManager.java:validateSafeModeExitRules(214)) - DataNodeSafeModeRule rule is successfully validated
2020-07-02 19:47:36,524 [RatisPipelineUtilsThread] INFO  pipeline.PipelineStateManager (PipelineStateManager.java:addPipeline(54)) - Created pipeline Pipeline[ Id: cdcab39c-fac5-4f85-9da5-798a781614cd, Nodes: 9477b405-238c-48d3-b137-1691fefbdcbe{ip: 172.17.0.2, host: 88424e9b97c1, networkLocation: /default-rack, certSerialId: null}, Type:RATIS, Factor:ONE, State:ALLOCATED, leaderId:, CreationTimestamp2020-07-02T19:47:36.523Z]
2020-07-02 19:47:36,525 [RatisPipelineUtilsThread] ERROR pipeline.SCMPipelineManager (SCMPipelineManager.java:createPipeline(222)) - Failed to create pipeline of type RATIS and factor ONE. Exception: Cannot create pipeline of factor 1 using 0 nodes. Used 5 nodes. Healthy nodes 5
2020-07-02 19:47:36,525 [RatisPipelineUtilsThread] ERROR pipeline.SCMPipelineManager (SCMPipelineManager.java:createPipeline(222)) - Failed to create pipeline of type RATIS and factor THREE. Exception: Pipeline creation failed because nodes are engaged in other pipelines and every node can only be engaged in max 2 pipelines. Required 3. Found 2
2020-07-02 19:47:36,566 [IPC Server handler 5 on default port 44525] INFO  net.NetworkTopology (NetworkTopologyImpl.java:add(111)) - Added a new node: /default-rack/0b60331c-5e1c-4a80-9807-96a116b38597
2020-07-02 19:47:36,567 [IPC Server handler 5 on default port 44525] INFO  node.SCMNodeManager (SCMNodeManager.java:register(268)) - Registered Data node : 0b60331c-5e1c-4a80-9807-96a116b38597{ip: 172.17.0.2, host: 88424e9b97c1, networkLocation: /default-rack, certSerialId: null}
2020-07-02 19:47:36,567 [EventQueue-NodeRegistrationContainerReportForContainerSafeModeRule] INFO  safemode.SCMSafeModeManager (SCMSafeModeManager.java:validateSafeModeExitRules(214)) - ContainerSafeModeRule rule is successfully validated
2020-07-02 19:47:36,567 [RatisPipelineUtilsThread] INFO  pipeline.RatisPipelineProvider (RatisPipelineProvider.java:lambda$create$0(138)) - Sending CreatePipelineCommand for pipeline:PipelineID=3d3c6625-0cd0-46ed-8c9a-70a00d5d2c38 to datanode:0b60331c-5e1c-4a80-9807-96a116b38597
2020-07-02 19:47:36,567 [RatisPipelineUtilsThread] INFO  pipeline.PipelineStateManager (PipelineStateManager.java:addPipeline(54)) - Created pipeline Pipeline[ Id: 3d3c6625-0cd0-46ed-8c9a-70a00d5d2c38, Nodes: 0b60331c-5e1c-4a80-9807-96a116b38597{ip: 172.17.0.2, host: 88424e9b97c1, networkLocation: /default-rack, certSerialId: null}, Type:RATIS, Factor:ONE, State:ALLOCATED, leaderId:, CreationTimestamp2020-07-02T19:47:36.567Z]
2020-07-02 19:47:36,567 [RatisPipelineUtilsThread] ERROR pipeline.SCMPipelineManager (SCMPipelineManager.java:createPipeline(222)) - Failed to create pipeline of type RATIS and factor ONE. Exception: Cannot create pipeline of factor 1 using 0 nodes. Used 6 nodes. Healthy nodes 6
2020-07-02 19:47:36,567 [EventQueue-NodeRegistrationContainerReportForDataNodeSafeModeRule] INFO  safemode.SCMSafeModeManager (SCMSafeModeManager.java:validateSafeModeExitRules(214)) - DataNodeSafeModeRule rule is successfully validated
2020-07-02 19:47:36,568 [RatisPipelineUtilsThread] INFO  pipeline.RatisPipelineProvider (RatisPipelineProvider.java:lambda$create$0(138)) - Sending CreatePipelineCommand for pipeline:PipelineID=23897b69-0af8-43ef-a6fd-18ab17d9daf3 to datanode:0b60331c-5e1c-4a80-9807-96a116b38597
2020-07-02 19:47:36,568 [RatisPipelineUtilsThread] INFO  pipeline.RatisPipelineProvider (RatisPipelineProvider.java:lambda$create$0(138)) - Sending CreatePipelineCommand for pipeline:PipelineID=23897b69-0af8-43ef-a6fd-18ab17d9daf3 to datanode:31b30001-c6bc-41c4-8b5d-b541ce032758
2020-07-02 19:47:36,568 [RatisPipelineUtilsThread] INFO  pipeline.RatisPipelineProvider (RatisPipelineProvider.java:lambda$create$0(138)) - Sending CreatePipelineCommand for pipeline:PipelineID=23897b69-0af8-43ef-a6fd-18ab17d9daf3 to datanode:9477b405-238c-48d3-b137-1691fefbdcbe
2020-07-02 19:47:36,568 [RatisPipelineUtilsThread] INFO  pipeline.PipelineStateManager (PipelineStateManager.java:addPipeline(54)) - Created pipeline Pipeline[ Id: 23897b69-0af8-43ef-a6fd-18ab17d9daf3, Nodes: 0b60331c-5e1c-4a80-9807-96a116b38597{ip: 172.17.0.2, host: 88424e9b97c1, networkLocation: /default-rack, certSerialId: null}31b30001-c6bc-41c4-8b5d-b541ce032758{ip: 172.17.0.2, host: 88424e9b97c1, networkLocation: /default-rack, certSerialId: null}9477b405-238c-48d3-b137-1691fefbdcbe{ip: 172.17.0.2, host: 88424e9b97c1, networkLocation: /default-rack, certSerialId: null}, Type:RATIS, Factor:THREE, State:ALLOCATED, leaderId:, CreationTimestamp2020-07-02T19:47:36.568Z]
2020-07-02 19:47:36,569 [RatisPipelineUtilsThread] ERROR pipeline.SCMPipelineManager (SCMPipelineManager.java:createPipeline(222)) - Failed to create pipeline of type RATIS and factor THREE. Exception: Pipeline creation failed because nodes are engaged in other pipelines and every node can only be engaged in max 2 pipelines. Required 3. Found 0
2020-07-02 19:47:36,639 [IPC Server handler 6 on default port 44525] INFO  net.NetworkTopology (NetworkTopologyImpl.java:add(111)) - Added a new node: /default-rack/6062bcc3-a1a5-437e-9952-fd12f6666483
2020-07-02 19:47:36,640 [IPC Server handler 6 on default port 44525] INFO  node.SCMNodeManager (SCMNodeManager.java:register(268)) - Registered Data node : 6062bcc3-a1a5-437e-9952-fd12f6666483{ip: 172.17.0.2, host: 88424e9b97c1, networkLocation: /default-rack, certSerialId: null}
2020-07-02 19:47:36,640 [EventQueue-NodeRegistrationContainerReportForContainerSafeModeRule] INFO  safemode.SCMSafeModeManager (SCMSafeModeManager.java:validateSafeModeExitRules(214)) - ContainerSafeModeRule rule is successfully validated
2020-07-02 19:47:36,641 [EventQueue-NodeRegistrationContainerReportForDataNodeSafeModeRule] INFO  safemode.SCMSafeModeManager (SCMSafeModeManager.java:validateSafeModeExitRules(214)) - DataNodeSafeModeRule rule is successfully validated
2020-07-02 19:47:36,641 [RatisPipelineUtilsThread] INFO  pipeline.RatisPipelineProvider (RatisPipelineProvider.java:lambda$create$0(138)) - Sending CreatePipelineCommand for pipeline:PipelineID=012271bb-4c2a-4002-a0e9-573d656793f0 to datanode:6062bcc3-a1a5-437e-9952-fd12f6666483
2020-07-02 19:47:36,641 [RatisPipelineUtilsThread] INFO  pipeline.PipelineStateManager (PipelineStateManager.java:addPipeline(54)) - Created pipeline Pipeline[ Id: 012271bb-4c2a-4002-a0e9-573d656793f0, Nodes: 6062bcc3-a1a5-437e-9952-fd12f6666483{ip: 172.17.0.2, host: 88424e9b97c1, networkLocation: /default-rack, certSerialId: null}, Type:RATIS, Factor:ONE, State:ALLOCATED, leaderId:, CreationTimestamp2020-07-02T19:47:36.641Z]
2020-07-02 19:47:36,642 [RatisPipelineUtilsThread] ERROR pipeline.SCMPipelineManager (SCMPipelineManager.java:createPipeline(222)) - Failed to create pipeline of type RATIS and factor ONE. Exception: Cannot create pipeline of factor 1 using 0 nodes. Used 7 nodes. Healthy nodes 7
2020-07-02 19:47:36,642 [RatisPipelineUtilsThread] ERROR pipeline.SCMPipelineManager (SCMPipelineManager.java:createPipeline(222)) - Failed to create pipeline of type RATIS and factor THREE. Exception: Pipeline creation failed because nodes are engaged in other pipelines and every node can only be engaged in max 2 pipelines. Required 3. Found 1
2020-07-02 19:47:36,679 [IPC Server handler 7 on default port 44525] INFO  net.NetworkTopology (NetworkTopologyImpl.java:add(111)) - Added a new node: /default-rack/5d2a92cb-0156-45c5-8f38-b4fa24aa5737
2020-07-02 19:47:36,679 [IPC Server handler 7 on default port 44525] INFO  node.SCMNodeManager (SCMNodeManager.java:register(268)) - Registered Data node : 5d2a92cb-0156-45c5-8f38-b4fa24aa5737{ip: 172.17.0.2, host: 88424e9b97c1, networkLocation: /default-rack, certSerialId: null}
2020-07-02 19:47:36,680 [EventQueue-NodeRegistrationContainerReportForDataNodeSafeModeRule] INFO  safemode.SCMSafeModeManager (SCMSafeModeManager.java:validateSafeModeExitRules(214)) - DataNodeSafeModeRule rule is successfully validated
2020-07-02 19:47:36,680 [RatisPipelineUtilsThread] INFO  pipeline.RatisPipelineProvider (RatisPipelineProvider.java:lambda$create$0(138)) - Sending CreatePipelineCommand for pipeline:PipelineID=fc260bf0-23f5-4dcd-af18-bc4ea3bc68ea to datanode:5d2a92cb-0156-45c5-8f38-b4fa24aa5737
2020-07-02 19:47:36,680 [EventQueue-NodeRegistrationContainerReportForContainerSafeModeRule] INFO  safemode.SCMSafeModeManager (SCMSafeModeManager.java:validateSafeModeExitRules(214)) - ContainerSafeModeRule rule is successfully validated
2020-07-02 19:47:36,680 [RatisPipelineUtilsThread] INFO  pipeline.PipelineStateManager (PipelineStateManager.java:addPipeline(54)) - Created pipeline Pipeline[ Id: fc260bf0-23f5-4dcd-af18-bc4ea3bc68ea, Nodes: 5d2a92cb-0156-45c5-8f38-b4fa24aa5737{ip: 172.17.0.2, host: 88424e9b97c1, networkLocation: /default-rack, certSerialId: null}, Type:RATIS, Factor:ONE, State:ALLOCATED, leaderId:, CreationTimestamp2020-07-02T19:47:36.680Z]
2020-07-02 19:47:36,681 [RatisPipelineUtilsThread] ERROR pipeline.SCMPipelineManager (SCMPipelineManager.java:createPipeline(222)) - Failed to create pipeline of type RATIS and factor ONE. Exception: Cannot create pipeline of factor 1 using 0 nodes. Used 8 nodes. Healthy nodes 8
2020-07-02 19:47:36,681 [RatisPipelineUtilsThread] ERROR pipeline.SCMPipelineManager (SCMPipelineManager.java:createPipeline(222)) - Failed to create pipeline of type RATIS and factor THREE. Exception: Pipeline creation failed because nodes are engaged in other pipelines and every node can only be engaged in max 2 pipelines. Required 3. Found 2
2020-07-02 19:47:36,727 [Listener at 127.0.0.1/43161] INFO  ozone.MiniOzoneClusterImpl (MiniOzoneClusterImpl.java:lambda$waitForClusterToBeReady$0(177)) - Waiting for nodes to be ready. Got 8 of 9 DN Heartbeats.
2020-07-02 19:47:36,727 [Listener at 127.0.0.1/43161] INFO  ozone.MiniOzoneClusterImpl (MiniOzoneClusterImpl.java:lambda$waitForClusterToBeReady$0(180)) - Waiting for cluster to exit safe mode
2020-07-02 19:47:36,731 [IPC Server handler 8 on default port 44525] INFO  net.NetworkTopology (NetworkTopologyImpl.java:add(111)) - Added a new node: /default-rack/8ae206a5-f320-4eda-b157-0f223831448f
2020-07-02 19:47:36,731 [IPC Server handler 8 on default port 44525] INFO  node.SCMNodeManager (SCMNodeManager.java:register(268)) - Registered Data node : 8ae206a5-f320-4eda-b157-0f223831448f{ip: 172.17.0.2, host: 88424e9b97c1, networkLocation: /default-rack, certSerialId: null}
2020-07-02 19:47:36,731 [RatisPipelineUtilsThread] INFO  pipeline.RatisPipelineProvider (RatisPipelineProvider.java:lambda$create$0(138)) - Sending CreatePipelineCommand for pipeline:PipelineID=59930e45-aea4-41c0-9109-6a0ca2acc8f8 to datanode:8ae206a5-f320-4eda-b157-0f223831448f
2020-07-02 19:47:36,731 [EventQueue-NodeRegistrationContainerReportForDataNodeSafeModeRule] INFO  safemode.SCMSafeModeManager (SCMSafeModeManager.java:validateSafeModeExitRules(214)) - DataNodeSafeModeRule rule is successfully validated
2020-07-02 19:47:36,731 [RatisPipelineUtilsThread] INFO  pipeline.PipelineStateManager (PipelineStateManager.java:addPipeline(54)) - Created pipeline Pipeline[ Id: 59930e45-aea4-41c0-9109-6a0ca2acc8f8, Nodes: 8ae206a5-f320-4eda-b157-0f223831448f{ip: 172.17.0.2, host: 88424e9b97c1, networkLocation: /default-rack, certSerialId: null}, Type:RATIS, Factor:ONE, State:ALLOCATED, leaderId:, CreationTimestamp2020-07-02T19:47:36.731Z]
2020-07-02 19:47:36,731 [EventQueue-NodeRegistrationContainerReportForContainerSafeModeRule] INFO  safemode.SCMSafeModeManager (SCMSafeModeManager.java:validateSafeModeExitRules(214)) - ContainerSafeModeRule rule is successfully validated
2020-07-02 19:47:36,732 [RatisPipelineUtilsThread] ERROR pipeline.SCMPipelineManager (SCMPipelineManager.java:createPipeline(222)) - Failed to create pipeline of type RATIS and factor ONE. Exception: Cannot create pipeline of factor 1 using 0 nodes. Used 9 nodes. Healthy nodes 9
2020-07-02 19:47:36,732 [RatisPipelineUtilsThread] INFO  pipeline.RatisPipelineProvider (RatisPipelineProvider.java:lambda$create$0(138)) - Sending CreatePipelineCommand for pipeline:PipelineID=918e4bec-9774-43bd-a7e6-54aed5796201 to datanode:8ae206a5-f320-4eda-b157-0f223831448f
2020-07-02 19:47:36,732 [RatisPipelineUtilsThread] INFO  pipeline.RatisPipelineProvider (RatisPipelineProvider.java:lambda$create$0(138)) - Sending CreatePipelineCommand for pipeline:PipelineID=918e4bec-9774-43bd-a7e6-54aed5796201 to datanode:5d2a92cb-0156-45c5-8f38-b4fa24aa5737
2020-07-02 19:47:36,732 [RatisPipelineUtilsThread] INFO  pipeline.RatisPipelineProvider (RatisPipelineProvider.java:lambda$create$0(138)) - Sending CreatePipelineCommand for pipeline:PipelineID=918e4bec-9774-43bd-a7e6-54aed5796201 to datanode:6062bcc3-a1a5-437e-9952-fd12f6666483
2020-07-02 19:47:36,732 [RatisPipelineUtilsThread] INFO  pipeline.PipelineStateManager (PipelineStateManager.java:addPipeline(54)) - Created pipeline Pipeline[ Id: 918e4bec-9774-43bd-a7e6-54aed5796201, Nodes: 8ae206a5-f320-4eda-b157-0f223831448f{ip: 172.17.0.2, host: 88424e9b97c1, networkLocation: /default-rack, certSerialId: null}5d2a92cb-0156-45c5-8f38-b4fa24aa5737{ip: 172.17.0.2, host: 88424e9b97c1, networkLocation: /default-rack, certSerialId: null}6062bcc3-a1a5-437e-9952-fd12f6666483{ip: 172.17.0.2, host: 88424e9b97c1, networkLocation: /default-rack, certSerialId: null}, Type:RATIS, Factor:THREE, State:ALLOCATED, leaderId:, CreationTimestamp2020-07-02T19:47:36.732Z]
2020-07-02 19:47:36,733 [RatisPipelineUtilsThread] ERROR pipeline.SCMPipelineManager (SCMPipelineManager.java:createPipeline(222)) - Failed to create pipeline of type RATIS and factor THREE. Exception: Pipeline creation failed because nodes are engaged in other pipelines and every node can only be engaged in max 2 pipelines. Required 3. Found 0
2020-07-02 19:47:37,727 [Listener at 127.0.0.1/43161] INFO  ozone.MiniOzoneClusterImpl (MiniOzoneClusterImpl.java:lambda$waitForClusterToBeReady$0(177)) - Nodes are ready. Got 9 of 9 DN Heartbeats.
2020-07-02 19:47:37,728 [Listener at 127.0.0.1/43161] INFO  ozone.MiniOzoneClusterImpl (MiniOzoneClusterImpl.java:lambda$waitForClusterToBeReady$0(180)) - Waiting for cluster to exit safe mode
2020-07-02 19:47:38,729 [Listener at 127.0.0.1/43161] INFO  ozone.MiniOzoneClusterImpl (MiniOzoneClusterImpl.java:lambda$waitForClusterToBeReady$0(177)) - Nodes are ready. Got 9 of 9 DN Heartbeats.
2020-07-02 19:47:38,729 [Listener at 127.0.0.1/43161] INFO  ozone.MiniOzoneClusterImpl (MiniOzoneClusterImpl.java:lambda$waitForClusterToBeReady$0(180)) - Waiting for cluster to exit safe mode
2020-07-02 19:47:39,313 [Command processor thread] INFO  impl.RaftServerProxy (RaftServerProxy.java:addNew(89)) - e1aceb7c-da99-4a3c-9205-ba6aed5f5e4d: addNew group-9CDEA6A4F643:[e1aceb7c-da99-4a3c-9205-ba6aed5f5e4d:172.17.0.2:39317] returns group-9CDEA6A4F643:java.util.concurrent.CompletableFuture@1d8332a[Not completed]
2020-07-02 19:47:39,313 [pool-502-thread-1] INFO  impl.RaftServerImpl (RaftServerImpl.java:<init>(99)) - e1aceb7c-da99-4a3c-9205-ba6aed5f5e4d: new RaftServerImpl for group-9CDEA6A4F643:[e1aceb7c-da99-4a3c-9205-ba6aed5f5e4d:172.17.0.2:39317] with ContainerStateMachine:uninitialized
2020-07-02 19:47:39,314 [pool-502-thread-1] INFO  server.RaftServerConfigKeys (ConfUtils.java:logGet(44)) - raft.server.rpc.timeout.min = 5s (custom)
2020-07-02 19:47:39,314 [pool-502-thread-1] INFO  server.RaftServerConfigKeys (ConfUtils.java:logGet(44)) - raft.server.rpc.timeout.max = 5200ms (custom)
2020-07-02 19:47:39,314 [pool-502-thread-1] INFO  server.RaftServerConfigKeys (ConfUtils.java:logGet(44)) - raft.server.rpcslowness.timeout = 300000ms (custom)
2020-07-02 19:47:39,314 [pool-502-thread-1] INFO  server.RaftServerConfigKeys (ConfUtils.java:logGet(44)) - raft.server.sleep.deviation.threshold = 300 (default)
2020-07-02 19:47:39,314 [pool-502-thread-1] INFO  server.RaftServerConfigKeys (ConfUtils.java:logGet(44)) - raft.server.log.appender.install.snapshot.enabled = false (custom)
2020-07-02 19:47:39,314 [pool-502-thread-1] INFO  impl.RaftServerImpl (ServerState.java:<init>(103)) - e1aceb7c-da99-4a3c-9205-ba6aed5f5e4d@group-9CDEA6A4F643: ConfigurationManager, init=-1: [e1aceb7c-da99-4a3c-9205-ba6aed5f5e4d:172.17.0.2:39317], old=null, confs=<EMPTY_MAP>
2020-07-02 19:47:39,314 [pool-502-thread-1] INFO  server.RaftServerConfigKeys (ConfUtils.java:logGet(44)) - raft.server.storage.dir = [/github/workspace/mnt/ozone/hadoop-ozone/integration-test/target/test-dir/MiniOzoneClusterImpl-47077420-a86b-4566-b2ce-9fb6a30396ee/datanode-0/data/ratis] (custom)
2020-07-02 19:47:39,314 [pool-502-thread-1] INFO  server.RaftServerConfigKeys (ConfUtils.java:logGet(44)) - raft.server.log.corruption.policy = EXCEPTION (default)
2020-07-02 19:47:39,314 [pool-502-thread-1] INFO  storage.RaftStorageDirectory (RaftStorageDirectory.java:analyzeStorage(261)) - The storage directory /github/workspace/mnt/ozone/hadoop-ozone/integration-test/target/test-dir/MiniOzoneClusterImpl-47077420-a86b-4566-b2ce-9fb6a30396ee/datanode-0/data/ratis/e1e348c9-494d-46d9-80f4-9cdea6a4f643 does not exist. Creating ...
2020-07-02 19:47:39,316 [pool-502-thread-1] INFO  storage.RaftStorageDirectory (RaftStorageDirectory.java:tryLock(343)) - Lock on /github/workspace/mnt/ozone/hadoop-ozone/integration-test/target/test-dir/MiniOzoneClusterImpl-47077420-a86b-4566-b2ce-9fb6a30396ee/datanode-0/data/ratis/e1e348c9-494d-46d9-80f4-9cdea6a4f643/in_use.lock acquired by nodename 20513@88424e9b97c1
2020-07-02 19:47:39,317 [pool-502-thread-1] INFO  storage.RaftStorage (RaftStorage.java:format(84)) - Storage directory /github/workspace/mnt/ozone/hadoop-ozone/integration-test/target/test-dir/MiniOzoneClusterImpl-47077420-a86b-4566-b2ce-9fb6a30396ee/datanode-0/data/ratis/e1e348c9-494d-46d9-80f4-9cdea6a4f643 has been successfully formatted.
2020-07-02 19:47:39,318 [pool-502-thread-1] INFO  ratis.ContainerStateMachine (ContainerStateMachine.java:loadSnapshot(225)) - group-9CDEA6A4F643: The snapshot info is null. Setting the last applied indexto:(t:0, i:~)
2020-07-02 19:47:39,318 [pool-502-thread-1] INFO  server.RaftServerConfigKeys (ConfUtils.java:logGet(44)) - raft.server.notification.no-leader.timeout = 60s (default)
2020-07-02 19:47:39,318 [pool-502-thread-1] INFO  server.RaftServerConfigKeys (ConfUtils.java:logGet(44)) - raft.server.log.use.memory = false (default)
2020-07-02 19:47:39,318 [pool-502-thread-1] INFO  server.RaftServerConfigKeys (ConfUtils.java:logGet(44)) - raft.server.log.purge.gap = 1000000 (custom)
2020-07-02 19:47:39,318 [pool-502-thread-1] INFO  server.RaftServerConfigKeys (ConfUtils.java:logGet(44)) - raft.server.log.appender.buffer.byte-limit = 33554432 (custom)
2020-07-02 19:47:39,318 [pool-502-thread-1] INFO  server.RaftServerConfigKeys (ConfUtils.java:logGet(44)) - raft.server.log.segment.size.max = 1048576 (custom)
2020-07-02 19:47:39,318 [EventQueue-PipelineReportForPipelineReportHandler] INFO  pipeline.PipelineStateManager (PipelineStateManager.java:openPipeline(131)) - Pipeline Pipeline[ Id: e1e348c9-494d-46d9-80f4-9cdea6a4f643, Nodes: e1aceb7c-da99-4a3c-9205-ba6aed5f5e4d{ip: 172.17.0.2, host: 88424e9b97c1, networkLocation: /default-rack, certSerialId: null}, Type:RATIS, Factor:ONE, State:ALLOCATED, leaderId:e1aceb7c-da99-4a3c-9205-ba6aed5f5e4d, CreationTimestamp2020-07-02T19:47:36.315Z] moved to OPEN state
2020-07-02 19:47:39,318 [pool-502-thread-1] INFO  metrics.RatisMetrics (RatisMetrics.java:lambda$create$0(36)) - Creating Metrics Registry : ratis.log_worker.e1aceb7c-da99-4a3c-9205-ba6aed5f5e4d@group-9CDEA6A4F643
2020-07-02 19:47:39,319 [pool-502-thread-1] INFO  server.RaftServerConfigKeys (ConfUtils.java:logGet(44)) - raft.server.log.segment.cache.num.max = 2 (custom)
2020-07-02 19:47:39,319 [pool-502-thread-1] INFO  segmented.SegmentedRaftLogWorker (SegmentedRaftLogWorker.java:<init>(180)) - new e1aceb7c-da99-4a3c-9205-ba6aed5f5e4d@group-9CDEA6A4F643-SegmentedRaftLogWorker for RaftStorage:Storage Directory /github/workspace/mnt/ozone/hadoop-ozone/integration-test/target/test-dir/MiniOzoneClusterImpl-47077420-a86b-4566-b2ce-9fb6a30396ee/datanode-0/data/ratis/e1e348c9-494d-46d9-80f4-9cdea6a4f643
2020-07-02 19:47:39,319 [pool-502-thread-1] INFO  server.RaftServerConfigKeys (ConfUtils.java:logGet(44)) - raft.server.log.queue.byte-limit = 2147483647 (custom)
2020-07-02 19:47:39,320 [pool-502-thread-1] INFO  server.RaftServerConfigKeys (ConfUtils.java:logGet(44)) - raft.server.log.queue.element-limit = 1024 (custom)
2020-07-02 19:47:39,320 [pool-502-thread-1] INFO  server.RaftServerConfigKeys (ConfUtils.java:logGet(44)) - raft.server.log.segment.size.max = 1048576 (custom)
2020-07-02 19:47:39,320 [pool-502-thread-1] INFO  server.RaftServerConfigKeys (ConfUtils.java:logGet(44)) - raft.server.log.preallocated.size = 16384 (custom)
2020-07-02 19:47:39,320 [pool-502-thread-1] INFO  server.RaftServerConfigKeys (ConfUtils.java:logGet(44)) - raft.server.log.write.buffer.size = 1048576 (custom)
2020-07-02 19:47:39,320 [pool-502-thread-1] INFO  server.RaftServerConfigKeys (ConfUtils.java:logGet(44)) - raft.server.log.force.sync.num = 128 (default)
2020-07-02 19:47:39,320 [pool-502-thread-1] INFO  server.RaftServerConfigKeys (ConfUtils.java:logGet(44)) - raft.server.log.statemachine.data.sync = true (default)
2020-07-02 19:47:39,321 [pool-502-thread-1] INFO  server.RaftServerConfigKeys (ConfUtils.java:logGet(44)) - raft.server.log.statemachine.data.sync.timeout = 10s (default)
2020-07-02 19:47:39,321 [pool-502-thread-1] INFO  server.RaftServerConfigKeys (ConfUtils.java:logGet(44)) - raft.server.log.statemachine.data.sync.timeout.retry = -1 (default)
2020-07-02 19:47:39,319 [EventQueue-OpenPipelineForHealthyPipelineSafeModeRule] INFO  safemode.SCMSafeModeManager (HealthyPipelineSafeModeRule.java:process(129)) - SCM in safe mode. Healthy pipelines reported count is 0, required healthy pipeline reported count is 1
2020-07-02 19:47:39,323 [pool-502-thread-1] INFO  server.RaftServerConfigKeys (ConfUtils.java:logGet(44)) - raft.server.log.statemachine.data.caching.enabled = true (custom)
2020-07-02 19:47:39,323 [pool-502-thread-1] INFO  segmented.SegmentedRaftLogWorker (SegmentedRaftLogWorker.java:lambda$new$0(129)) - e1aceb7c-da99-4a3c-9205-ba6aed5f5e4d@group-9CDEA6A4F643-SegmentedRaftLogWorker: flushIndex: setUnconditionally 0 -> -1
2020-07-02 19:47:39,323 [pool-502-thread-1] INFO  segmented.SegmentedRaftLogWorker (SegmentedRaftLogWorker.java:lambda$new$0(129)) - e1aceb7c-da99-4a3c-9205-ba6aed5f5e4d@group-9CDEA6A4F643-SegmentedRaftLogWorker: safeCacheEvictIndex: setUnconditionally 0 -> -1
2020-07-02 19:47:39,323 [EventQueue-OpenPipelineForOneReplicaPipelineSafeModeRule] INFO  safemode.SCMSafeModeManager (SCMSafeModeManager.java:validateSafeModeExitRules(214)) - AtleastOneDatanodeReportedRule rule is successfully validated
2020-07-02 19:47:39,324 [pool-502-thread-1] INFO  server.RaftServerConfigKeys (ConfUtils.java:logGet(44)) - raft.server.snapshot.auto.trigger.enabled = true (custom)
2020-07-02 19:47:39,324 [pool-502-thread-1] INFO  server.RaftServerConfigKeys (ConfUtils.java:logGet(44)) - raft.server.snapshot.auto.trigger.threshold = 10000 (custom)
2020-07-02 19:47:39,324 [pool-502-thread-1] INFO  server.RaftServerConfigKeys (ConfUtils.java:logGet(44)) - raft.server.snapshot.retention.file.num = 5 (custom)
2020-07-02 19:47:39,324 [pool-502-thread-1] INFO  server.RaftServerConfigKeys (ConfUtils.java:logGet(44)) - raft.server.log.purge.upto.snapshot.index = false (default)
2020-07-02 19:47:39,324 [pool-502-thread-1] INFO  server.RaftServerConfigKeys (ConfUtils.java:logGet(44)) - raft.server.retrycache.expirytime = 600000ms (custom)
2020-07-02 19:47:39,324 [pool-502-thread-1] INFO  metrics.RatisMetrics (RatisMetrics.java:lambda$create$0(36)) - Creating Metrics Registry : ratis.leader_election.e1aceb7c-da99-4a3c-9205-ba6aed5f5e4d@group-9CDEA6A4F643
2020-07-02 19:47:39,325 [pool-502-thread-1] INFO  metrics.RatisMetrics (RatisMetrics.java:lambda$create$0(36)) - Creating Metrics Registry : ratis.server.e1aceb7c-da99-4a3c-9205-ba6aed5f5e4d@group-9CDEA6A4F643
2020-07-02 19:47:39,326 [pool-502-thread-1] INFO  impl.RaftServerImpl (RaftServerImpl.java:start(186)) - e1aceb7c-da99-4a3c-9205-ba6aed5f5e4d@group-9CDEA6A4F643: start as a follower, conf=-1: [e1aceb7c-da99-4a3c-9205-ba6aed5f5e4d:172.17.0.2:39317], old=null
2020-07-02 19:47:39,326 [pool-502-thread-1] INFO  impl.RaftServerImpl (RaftServerImpl.java:setRole(175)) - e1aceb7c-da99-4a3c-9205-ba6aed5f5e4d@group-9CDEA6A4F643: changes role from      null to FOLLOWER at term 0 for startAsFollower
2020-07-02 19:47:39,326 [pool-502-thread-1] INFO  impl.RoleInfo (RoleInfo.java:updateAndGet(143)) - e1aceb7c-da99-4a3c-9205-ba6aed5f5e4d: start FollowerState
2020-07-02 19:47:39,326 [pool-502-thread-1] INFO  util.JmxRegister (JmxRegister.java:tryRegister(44)) - Successfully registered JMX Bean with object name Ratis:service=RaftServer,group=group-9CDEA6A4F643,id=e1aceb7c-da99-4a3c-9205-ba6aed5f5e4d
2020-07-02 19:47:39,327 [pool-502-thread-1] INFO  metrics.RatisMetrics (RatisMetrics.java:lambda$create$0(36)) - Creating Metrics Registry : ratis.state_machine.e1aceb7c-da99-4a3c-9205-ba6aed5f5e4d@group-9CDEA6A4F643
2020-07-02 19:47:39,327 [Command processor thread] INFO  commandhandler.CreatePipelineCommandHandler (CreatePipelineCommandHandler.java:handle(109)) - Created Pipeline RATIS ONE #id: "e1e348c9-494d-46d9-80f4-9cdea6a4f643"
uuid128 {
  mostSigBits: -2169810566107019559
  leastSigBits: -9154519662444874173
}
.
2020-07-02 19:47:39,328 [Command processor thread] INFO  impl.RaftServerProxy (RaftServerProxy.java:addNew(89)) - e1aceb7c-da99-4a3c-9205-ba6aed5f5e4d: addNew group-ADA67ADC91AC:[7640c2d1-a09c-4516-81ed-c198f8abcf65:172.17.0.2:40749, e1aceb7c-da99-4a3c-9205-ba6aed5f5e4d:172.17.0.2:39317, 624bc23a-26d8-413d-a9ad-b038ba4eb8c0:172.17.0.2:32845] returns group-ADA67ADC91AC:java.util.concurrent.CompletableFuture@5e7a7c9[Not completed]
2020-07-02 19:47:39,331 [pool-502-thread-1] INFO  impl.RaftServerImpl (RaftServerImpl.java:<init>(99)) - e1aceb7c-da99-4a3c-9205-ba6aed5f5e4d: new RaftServerImpl for group-ADA67ADC91AC:[7640c2d1-a09c-4516-81ed-c198f8abcf65:172.17.0.2:40749, e1aceb7c-da99-4a3c-9205-ba6aed5f5e4d:172.17.0.2:39317, 624bc23a-26d8-413d-a9ad-b038ba4eb8c0:172.17.0.2:32845] with ContainerStateMachine:uninitialized
2020-07-02 19:47:39,331 [pool-502-thread-1] INFO  server.RaftServerConfigKeys (ConfUtils.java:logGet(44)) - raft.server.rpc.timeout.min = 5s (custom)
2020-07-02 19:47:39,331 [pool-502-thread-1] INFO  server.RaftServerConfigKeys (ConfUtils.java:logGet(44)) - raft.server.rpc.timeout.max = 5200ms (custom)
2020-07-02 19:47:39,331 [pool-502-thread-1] INFO  server.RaftServerConfigKeys (ConfUtils.java:logGet(44)) - raft.server.rpcslowness.timeout = 300000ms (custom)
2020-07-02 19:47:39,331 [pool-502-thread-1] INFO  server.RaftServerConfigKeys (ConfUtils.java:logGet(44)) - raft.server.sleep.deviation.threshold = 300 (default)
2020-07-02 19:47:39,331 [pool-502-thread-1] INFO  server.RaftServerConfigKeys (ConfUtils.java:logGet(44)) - raft.server.log.appender.install.snapshot.enabled = false (custom)
2020-07-02 19:47:39,331 [pool-502-thread-1] INFO  impl.RaftServerImpl (ServerState.java:<init>(103)) - e1aceb7c-da99-4a3c-9205-ba6aed5f5e4d@group-ADA67ADC91AC: ConfigurationManager, init=-1: [7640c2d1-a09c-4516-81ed-c198f8abcf65:172.17.0.2:40749, e1aceb7c-da99-4a3c-9205-ba6aed5f5e4d:172.17.0.2:39317, 624bc23a-26d8-413d-a9ad-b038ba4eb8c0:172.17.0.2:32845], old=null, confs=<EMPTY_MAP>
2020-07-02 19:47:39,332 [pool-502-thread-1] INFO  server.RaftServerConfigKeys (ConfUtils.java:logGet(44)) - raft.server.storage.dir = [/github/workspace/mnt/ozone/hadoop-ozone/integration-test/target/test-dir/MiniOzoneClusterImpl-47077420-a86b-4566-b2ce-9fb6a30396ee/datanode-0/data/ratis] (custom)
2020-07-02 19:47:39,332 [pool-502-thread-1] INFO  server.RaftServerConfigKeys (ConfUtils.java:logGet(44)) - raft.server.log.corruption.policy = EXCEPTION (default)
2020-07-02 19:47:39,332 [pool-502-thread-1] INFO  storage.RaftStorageDirectory (RaftStorageDirectory.java:analyzeStorage(261)) - The storage directory /github/workspace/mnt/ozone/hadoop-ozone/integration-test/target/test-dir/MiniOzoneClusterImpl-47077420-a86b-4566-b2ce-9fb6a30396ee/datanode-0/data/ratis/89fa634c-6c32-4d85-96f8-ada67adc91ac does not exist. Creating ...
2020-07-02 19:47:39,333 [pool-502-thread-1] INFO  storage.RaftStorageDirectory (RaftStorageDirectory.java:tryLock(343)) - Lock on /github/workspace/mnt/ozone/hadoop-ozone/integration-test/target/test-dir/MiniOzoneClusterImpl-47077420-a86b-4566-b2ce-9fb6a30396ee/datanode-0/data/ratis/89fa634c-6c32-4d85-96f8-ada67adc91ac/in_use.lock acquired by nodename 20513@88424e9b97c1
2020-07-02 19:47:39,334 [pool-502-thread-1] INFO  storage.RaftStorage (RaftStorage.java:format(84)) - Storage directory /github/workspace/mnt/ozone/hadoop-ozone/integration-test/target/test-dir/MiniOzoneClusterImpl-47077420-a86b-4566-b2ce-9fb6a30396ee/datanode-0/data/ratis/89fa634c-6c32-4d85-96f8-ada67adc91ac has been successfully formatted.
2020-07-02 19:47:39,334 [pool-502-thread-1] INFO  ratis.ContainerStateMachine (ContainerStateMachine.java:loadSnapshot(225)) - group-ADA67ADC91AC: The snapshot info is null. Setting the last applied indexto:(t:0, i:~)
2020-07-02 19:47:39,334 [pool-502-thread-1] INFO  server.RaftServerConfigKeys (ConfUtils.java:logGet(44)) - raft.server.notification.no-leader.timeout = 60s (default)
2020-07-02 19:47:39,334 [pool-502-thread-1] INFO  server.RaftServerConfigKeys (ConfUtils.java:logGet(44)) - raft.server.log.use.memory = false (default)
2020-07-02 19:47:39,334 [pool-502-thread-1] INFO  server.RaftServerConfigKeys (ConfUtils.java:logGet(44)) - raft.server.log.purge.gap = 1000000 (custom)
2020-07-02 19:47:39,335 [pool-502-thread-1] INFO  server.RaftServerConfigKeys (ConfUtils.java:logGet(44)) - raft.server.log.appender.buffer.byte-limit = 33554432 (custom)
2020-07-02 19:47:39,335 [pool-502-thread-1] INFO  server.RaftServerConfigKeys (ConfUtils.java:logGet(44)) - raft.server.log.segment.size.max = 1048576 (custom)
2020-07-02 19:47:39,335 [pool-502-thread-1] INFO  metrics.RatisMetrics (RatisMetrics.java:lambda$create$0(36)) - Creating Metrics Registry : ratis.log_worker.e1aceb7c-da99-4a3c-9205-ba6aed5f5e4d@group-ADA67ADC91AC
2020-07-02 19:47:39,335 [pool-502-thread-1] INFO  server.RaftServerConfigKeys (ConfUtils.java:logGet(44)) - raft.server.log.segment.cache.num.max = 2 (custom)
2020-07-02 19:47:39,335 [pool-502-thread-1] INFO  segmented.SegmentedRaftLogWorker (SegmentedRaftLogWorker.java:<init>(180)) - new e1aceb7c-da99-4a3c-9205-ba6aed5f5e4d@group-ADA67ADC91AC-SegmentedRaftLogWorker for RaftStorage:Storage Directory /github/workspace/mnt/ozone/hadoop-ozone/integration-test/target/test-dir/MiniOzoneClusterImpl-47077420-a86b-4566-b2ce-9fb6a30396ee/datanode-0/data/ratis/89fa634c-6c32-4d85-96f8-ada67adc91ac
2020-07-02 19:47:39,335 [pool-502-thread-1] INFO  server.RaftServerConfigKeys (ConfUtils.java:logGet(44)) - raft.server.log.queue.byte-limit = 2147483647 (custom)
2020-07-02 19:47:39,335 [pool-502-thread-1] INFO  server.RaftServerConfigKeys (ConfUtils.java:logGet(44)) - raft.server.log.queue.element-limit = 1024 (custom)
2020-07-02 19:47:39,335 [pool-502-thread-1] INFO  server.RaftServerConfigKeys (ConfUtils.java:logGet(44)) - raft.server.log.segment.size.max = 1048576 (custom)
2020-07-02 19:47:39,335 [pool-502-thread-1] INFO  server.RaftServerConfigKeys (ConfUtils.java:logGet(44)) - raft.server.log.preallocated.size = 16384 (custom)
2020-07-02 19:47:39,335 [pool-502-thread-1] INFO  server.RaftServerConfigKeys (ConfUtils.java:logGet(44)) - raft.server.log.write.buffer.size = 1048576 (custom)
2020-07-02 19:47:39,335 [pool-502-thread-1] INFO  server.RaftServerConfigKeys (ConfUtils.java:logGet(44)) - raft.server.log.force.sync.num = 128 (default)
2020-07-02 19:47:39,335 [pool-502-thread-1] INFO  server.RaftServerConfigKeys (ConfUtils.java:logGet(44)) - raft.server.log.statemachine.data.sync = true (default)
2020-07-02 19:47:39,335 [pool-502-thread-1] INFO  server.RaftServerConfigKeys (ConfUtils.java:logGet(44)) - raft.server.log.statemachine.data.sync.timeout = 10s (default)
2020-07-02 19:47:39,335 [pool-502-thread-1] INFO  server.RaftServerConfigKeys (ConfUtils.java:logGet(44)) - raft.server.log.statemachine.data.sync.timeout.retry = -1 (default)
2020-07-02 19:47:39,338 [pool-502-thread-1] INFO  server.RaftServerConfigKeys (ConfUtils.java:logGet(44)) - raft.server.log.statemachine.data.caching.enabled = true (custom)
2020-07-02 19:47:39,338 [pool-502-thread-1] INFO  segmented.SegmentedRaftLogWorker (SegmentedRaftLogWorker.java:lambda$new$0(129)) - e1aceb7c-da99-4a3c-9205-ba6aed5f5e4d@group-ADA67ADC91AC-SegmentedRaftLogWorker: flushIndex: setUnconditionally 0 -> -1
2020-07-02 19:47:39,338 [pool-502-thread-1] INFO  segmented.SegmentedRaftLogWorker (SegmentedRaftLogWorker.java:lambda$new$0(129)) - e1aceb7c-da99-4a3c-9205-ba6aed5f5e4d@group-ADA67ADC91AC-SegmentedRaftLogWorker: safeCacheEvictIndex: setUnconditionally 0 -> -1
2020-07-02 19:47:39,338 [pool-502-thread-1] INFO  server.RaftServerConfigKeys (ConfUtils.java:logGet(44)) - raft.server.snapshot.auto.trigger.enabled = true (custom)
2020-07-02 19:47:39,339 [pool-502-thread-1] INFO  server.RaftServerConfigKeys (ConfUtils.java:logGet(44)) - raft.server.snapshot.auto.trigger.threshold = 10000 (custom)
2020-07-02 19:47:39,339 [pool-502-thread-1] INFO  server.RaftServerConfigKeys (ConfUtils.java:logGet(44)) - raft.server.snapshot.retention.file.num = 5 (custom)
2020-07-02 19:47:39,339 [pool-502-thread-1] INFO  server.RaftServerConfigKeys (ConfUtils.java:logGet(44)) - raft.server.log.purge.upto.snapshot.index = false (default)
2020-07-02 19:47:39,339 [pool-502-thread-1] INFO  server.RaftServerConfigKeys (ConfUtils.java:logGet(44)) - raft.server.retrycache.expirytime = 600000ms (custom)
2020-07-02 19:47:39,339 [pool-502-thread-1] INFO  metrics.RatisMetrics (RatisMetrics.java:lambda$create$0(36)) - Creating Metrics Registry : ratis.leader_election.e1aceb7c-da99-4a3c-9205-ba6aed5f5e4d@group-ADA67ADC91AC
2020-07-02 19:47:39,339 [pool-502-thread-1] INFO  metrics.RatisMetrics (RatisMetrics.java:lambda$create$0(36)) - Creating Metrics Registry : ratis.server.e1aceb7c-da99-4a3c-9205-ba6aed5f5e4d@group-ADA67ADC91AC
2020-07-02 19:47:39,341 [pool-502-thread-1] INFO  impl.RaftServerImpl (RaftServerImpl.java:start(186)) - e1aceb7c-da99-4a3c-9205-ba6aed5f5e4d@group-ADA67ADC91AC: start as a follower, conf=-1: [7640c2d1-a09c-4516-81ed-c198f8abcf65:172.17.0.2:40749, e1aceb7c-da99-4a3c-9205-ba6aed5f5e4d:172.17.0.2:39317, 624bc23a-26d8-413d-a9ad-b038ba4eb8c0:172.17.0.2:32845], old=null
2020-07-02 19:47:39,341 [pool-502-thread-1] INFO  impl.RaftServerImpl (RaftServerImpl.java:setRole(175)) - e1aceb7c-da99-4a3c-9205-ba6aed5f5e4d@group-ADA67ADC91AC: changes role from      null to FOLLOWER at term 0 for startAsFollower
2020-07-02 19:47:39,341 [pool-502-thread-1] INFO  impl.RoleInfo (RoleInfo.java:updateAndGet(143)) - e1aceb7c-da99-4a3c-9205-ba6aed5f5e4d: start FollowerState
2020-07-02 19:47:39,341 [pool-502-thread-1] INFO  util.JmxRegister (JmxRegister.java:tryRegister(44)) - Successfully registered JMX Bean with object name Ratis:service=RaftServer,group=group-ADA67ADC91AC,id=e1aceb7c-da99-4a3c-9205-ba6aed5f5e4d
2020-07-02 19:47:39,341 [pool-502-thread-1] INFO  metrics.RatisMetrics (RatisMetrics.java:lambda$create$0(36)) - Creating Metrics Registry : ratis.state_machine.e1aceb7c-da99-4a3c-9205-ba6aed5f5e4d@group-ADA67ADC91AC
2020-07-02 19:47:39,349 [grpc-default-executor-2] INFO  impl.RaftServerProxy (RaftServerProxy.java:addNew(89)) - 7640c2d1-a09c-4516-81ed-c198f8abcf65: addNew group-ADA67ADC91AC:[7640c2d1-a09c-4516-81ed-c198f8abcf65:172.17.0.2:40749, e1aceb7c-da99-4a3c-9205-ba6aed5f5e4d:172.17.0.2:39317, 624bc23a-26d8-413d-a9ad-b038ba4eb8c0:172.17.0.2:32845] returns group-ADA67ADC91AC:java.util.concurrent.CompletableFuture@1cced5aa[Not completed]
2020-07-02 19:47:39,350 [pool-532-thread-1] INFO  impl.RaftServerImpl (RaftServerImpl.java:<init>(99)) - 7640c2d1-a09c-4516-81ed-c198f8abcf65: new RaftServerImpl for group-ADA67ADC91AC:[7640c2d1-a09c-4516-81ed-c198f8abcf65:172.17.0.2:40749, e1aceb7c-da99-4a3c-9205-ba6aed5f5e4d:172.17.0.2:39317, 624bc23a-26d8-413d-a9ad-b038ba4eb8c0:172.17.0.2:32845] with ContainerStateMachine:uninitialized
2020-07-02 19:47:39,350 [pool-532-thread-1] INFO  server.RaftServerConfigKeys (ConfUtils.java:logGet(44)) - raft.server.rpc.timeout.min = 5s (custom)
2020-07-02 19:47:39,350 [pool-532-thread-1] INFO  server.RaftServerConfigKeys (ConfUtils.java:logGet(44)) - raft.server.rpc.timeout.max = 5200ms (custom)
2020-07-02 19:47:39,350 [pool-532-thread-1] INFO  server.RaftServerConfigKeys (ConfUtils.java:logGet(44)) - raft.server.rpcslowness.timeout = 300000ms (custom)
2020-07-02 19:47:39,350 [pool-532-thread-1] INFO  server.RaftServerConfigKeys (ConfUtils.java:logGet(44)) - raft.server.sleep.deviation.threshold = 300 (default)
2020-07-02 19:47:39,350 [pool-532-thread-1] INFO  server.RaftServerConfigKeys (ConfUtils.java:logGet(44)) - raft.server.log.appender.install.snapshot.enabled = false (custom)
2020-07-02 19:47:39,350 [pool-532-thread-1] INFO  impl.RaftServerImpl (ServerState.java:<init>(103)) - 7640c2d1-a09c-4516-81ed-c198f8abcf65@group-ADA67ADC91AC: ConfigurationManager, init=-1: [7640c2d1-a09c-4516-81ed-c198f8abcf65:172.17.0.2:40749, e1aceb7c-da99-4a3c-9205-ba6aed5f5e4d:172.17.0.2:39317, 624bc23a-26d8-413d-a9ad-b038ba4eb8c0:172.17.0.2:32845], old=null, confs=<EMPTY_MAP>
2020-07-02 19:47:39,351 [pool-532-thread-1] INFO  server.RaftServerConfigKeys (ConfUtils.java:logGet(44)) - raft.server.storage.dir = [/github/workspace/mnt/ozone/hadoop-ozone/integration-test/target/test-dir/MiniOzoneClusterImpl-47077420-a86b-4566-b2ce-9fb6a30396ee/datanode-2/data/ratis] (custom)
2020-07-02 19:47:39,351 [pool-532-thread-1] INFO  server.RaftServerConfigKeys (ConfUtils.java:logGet(44)) - raft.server.log.corruption.policy = EXCEPTION (default)
2020-07-02 19:47:39,351 [pool-532-thread-1] INFO  storage.RaftStorageDirectory (RaftStorageDirectory.java:analyzeStorage(261)) - The storage directory /github/workspace/mnt/ozone/hadoop-ozone/integration-test/target/test-dir/MiniOzoneClusterImpl-47077420-a86b-4566-b2ce-9fb6a30396ee/datanode-2/data/ratis/89fa634c-6c32-4d85-96f8-ada67adc91ac does not exist. Creating ...
2020-07-02 19:47:39,352 [pool-532-thread-1] INFO  storage.RaftStorageDirectory (RaftStorageDirectory.java:tryLock(343)) - Lock on /github/workspace/mnt/ozone/hadoop-ozone/integration-test/target/test-dir/MiniOzoneClusterImpl-47077420-a86b-4566-b2ce-9fb6a30396ee/datanode-2/data/ratis/89fa634c-6c32-4d85-96f8-ada67adc91ac/in_use.lock acquired by nodename 20513@88424e9b97c1
2020-07-02 19:47:39,353 [pool-532-thread-1] INFO  storage.RaftStorage (RaftStorage.java:format(84)) - Storage directory /github/workspace/mnt/ozone/hadoop-ozone/integration-test/target/test-dir/MiniOzoneClusterImpl-47077420-a86b-4566-b2ce-9fb6a30396ee/datanode-2/data/ratis/89fa634c-6c32-4d85-96f8-ada67adc91ac has been successfully formatted.
2020-07-02 19:47:39,354 [pool-532-thread-1] INFO  ratis.ContainerStateMachine (ContainerStateMachine.java:loadSnapshot(225)) - group-ADA67ADC91AC: The snapshot info is null. Setting the last applied indexto:(t:0, i:~)
2020-07-02 19:47:39,354 [pool-532-thread-1] INFO  server.RaftServerConfigKeys (ConfUtils.java:logGet(44)) - raft.server.notification.no-leader.timeout = 60s (default)
2020-07-02 19:47:39,354 [pool-532-thread-1] INFO  server.RaftServerConfigKeys (ConfUtils.java:logGet(44)) - raft.server.log.use.memory = false (default)
2020-07-02 19:47:39,354 [pool-532-thread-1] INFO  server.RaftServerConfigKeys (ConfUtils.java:logGet(44)) - raft.server.log.purge.gap = 1000000 (custom)
2020-07-02 19:47:39,354 [pool-532-thread-1] INFO  server.RaftServerConfigKeys (ConfUtils.java:logGet(44)) - raft.server.log.appender.buffer.byte-limit = 33554432 (custom)
2020-07-02 19:47:39,354 [pool-532-thread-1] INFO  server.RaftServerConfigKeys (ConfUtils.java:logGet(44)) - raft.server.log.segment.size.max = 1048576 (custom)
2020-07-02 19:47:39,354 [pool-532-thread-1] INFO  metrics.RatisMetrics (RatisMetrics.java:lambda$create$0(36)) - Creating Metrics Registry : ratis.log_worker.7640c2d1-a09c-4516-81ed-c198f8abcf65@group-ADA67ADC91AC
2020-07-02 19:47:39,355 [pool-532-thread-1] INFO  server.RaftServerConfigKeys (ConfUtils.java:logGet(44)) - raft.server.log.segment.cache.num.max = 2 (custom)
2020-07-02 19:47:39,355 [pool-532-thread-1] INFO  segmented.SegmentedRaftLogWorker (SegmentedRaftLogWorker.java:<init>(180)) - new 7640c2d1-a09c-4516-81ed-c198f8abcf65@group-ADA67ADC91AC-SegmentedRaftLogWorker for RaftStorage:Storage Directory /github/workspace/mnt/ozone/hadoop-ozone/integration-test/target/test-dir/MiniOzoneClusterImpl-47077420-a86b-4566-b2ce-9fb6a30396ee/datanode-2/data/ratis/89fa634c-6c32-4d85-96f8-ada67adc91ac
2020-07-02 19:47:39,355 [pool-532-thread-1] INFO  server.RaftServerConfigKeys (ConfUtils.java:logGet(44)) - raft.server.log.queue.byte-limit = 2147483647 (custom)
2020-07-02 19:47:39,355 [pool-532-thread-1] INFO  server.RaftServerConfigKeys (ConfUtils.java:logGet(44)) - raft.server.log.queue.element-limit = 1024 (custom)
2020-07-02 19:47:39,355 [pool-532-thread-1] INFO  server.RaftServerConfigKeys (ConfUtils.java:logGet(44)) - raft.server.log.segment.size.max = 1048576 (custom)
2020-07-02 19:47:39,355 [pool-532-thread-1] INFO  server.RaftServerConfigKeys (ConfUtils.java:logGet(44)) - raft.server.log.preallocated.size = 16384 (custom)
2020-07-02 19:47:39,355 [pool-532-thread-1] INFO  server.RaftServerConfigKeys (ConfUtils.java:logGet(44)) - raft.server.log.write.buffer.size = 1048576 (custom)
2020-07-02 19:47:39,355 [pool-532-thread-1] INFO  server.RaftServerConfigKeys (ConfUtils.java:logGet(44)) - raft.server.log.force.sync.num = 128 (default)
2020-07-02 19:47:39,355 [pool-532-thread-1] INFO  server.RaftServerConfigKeys (ConfUtils.java:logGet(44)) - raft.server.log.statemachine.data.sync = true (default)
2020-07-02 19:47:39,355 [pool-532-thread-1] INFO  server.RaftServerConfigKeys (ConfUtils.java:logGet(44)) - raft.server.log.statemachine.data.sync.timeout = 10s (default)
2020-07-02 19:47:39,355 [pool-532-thread-1] INFO  server.RaftServerConfigKeys (ConfUtils.java:logGet(44)) - raft.server.log.statemachine.data.sync.timeout.retry = -1 (default)
2020-07-02 19:47:39,357 [pool-532-thread-1] INFO  server.RaftServerConfigKeys (ConfUtils.java:logGet(44)) - raft.server.log.statemachine.data.caching.enabled = true (custom)
2020-07-02 19:47:39,358 [pool-532-thread-1] INFO  segmented.SegmentedRaftLogWorker (SegmentedRaftLogWorker.java:lambda$new$0(129)) - 7640c2d1-a09c-4516-81ed-c198f8abcf65@group-ADA67ADC91AC-SegmentedRaftLogWorker: flushIndex: setUnconditionally 0 -> -1
2020-07-02 19:47:39,358 [pool-532-thread-1] INFO  segmented.SegmentedRaftLogWorker (SegmentedRaftLogWorker.java:lambda$new$0(129)) - 7640c2d1-a09c-4516-81ed-c198f8abcf65@group-ADA67ADC91AC-SegmentedRaftLogWorker: safeCacheEvictIndex: setUnconditionally 0 -> -1
2020-07-02 19:47:39,359 [Command processor thread] INFO  impl.RaftServerProxy (RaftServerProxy.java:addNew(89)) - 624bc23a-26d8-413d-a9ad-b038ba4eb8c0: addNew group-44088AF90764:[624bc23a-26d8-413d-a9ad-b038ba4eb8c0:172.17.0.2:32845] returns group-44088AF90764:java.util.concurrent.CompletableFuture@7541e9e1[Not completed]
2020-07-02 19:47:39,359 [pool-532-thread-1] INFO  server.RaftServerConfigKeys (ConfUtils.java:logGet(44)) - raft.server.snapshot.auto.trigger.enabled = true (custom)
2020-07-02 19:47:39,359 [pool-532-thread-1] INFO  server.RaftServerConfigKeys (ConfUtils.java:logGet(44)) - raft.server.snapshot.auto.trigger.threshold = 10000 (custom)
2020-07-02 19:47:39,359 [pool-532-thread-1] INFO  server.RaftServerConfigKeys (ConfUtils.java:logGet(44)) - raft.server.snapshot.retention.file.num = 5 (custom)
2020-07-02 19:47:39,359 [pool-532-thread-1] INFO  server.RaftServerConfigKeys (ConfUtils.java:logGet(44)) - raft.server.log.purge.upto.snapshot.index = false (default)
2020-07-02 19:47:39,359 [pool-532-thread-1] INFO  server.RaftServerConfigKeys (ConfUtils.java:logGet(44)) - raft.server.retrycache.expirytime = 600000ms (custom)
2020-07-02 19:47:39,359 [pool-532-thread-1] INFO  metrics.RatisMetrics (RatisMetrics.java:lambda$create$0(36)) - Creating Metrics Registry : ratis.leader_election.7640c2d1-a09c-4516-81ed-c198f8abcf65@group-ADA67ADC91AC
2020-07-02 19:47:39,359 [pool-532-thread-1] INFO  metrics.RatisMetrics (RatisMetrics.java:lambda$create$0(36)) - Creating Metrics Registry : ratis.server.7640c2d1-a09c-4516-81ed-c198f8abcf65@group-ADA67ADC91AC
2020-07-02 19:47:39,359 [pool-517-thread-1] INFO  impl.RaftServerImpl (RaftServerImpl.java:<init>(99)) - 624bc23a-26d8-413d-a9ad-b038ba4eb8c0: new RaftServerImpl for group-44088AF90764:[624bc23a-26d8-413d-a9ad-b038ba4eb8c0:172.17.0.2:32845] with ContainerStateMachine:uninitialized
2020-07-02 19:47:39,360 [pool-517-thread-1] INFO  server.RaftServerConfigKeys (ConfUtils.java:logGet(44)) - raft.server.rpc.timeout.min = 5s (custom)
2020-07-02 19:47:39,360 [pool-517-thread-1] INFO  server.RaftServerConfigKeys (ConfUtils.java:logGet(44)) - raft.server.rpc.timeout.max = 5200ms (custom)
2020-07-02 19:47:39,360 [pool-517-thread-1] INFO  server.RaftServerConfigKeys (ConfUtils.java:logGet(44)) - raft.server.rpcslowness.timeout = 300000ms (custom)
2020-07-02 19:47:39,360 [pool-517-thread-1] INFO  server.RaftServerConfigKeys (ConfUtils.java:logGet(44)) - raft.server.sleep.deviation.threshold = 300 (default)
2020-07-02 19:47:39,360 [pool-517-thread-1] INFO  server.RaftServerConfigKeys (ConfUtils.java:logGet(44)) - raft.server.log.appender.install.snapshot.enabled = false (custom)
2020-07-02 19:47:39,360 [pool-517-thread-1] INFO  impl.RaftServerImpl (ServerState.java:<init>(103)) - 624bc23a-26d8-413d-a9ad-b038ba4eb8c0@group-44088AF90764: ConfigurationManager, init=-1: [624bc23a-26d8-413d-a9ad-b038ba4eb8c0:172.17.0.2:32845], old=null, confs=<EMPTY_MAP>
2020-07-02 19:47:39,360 [pool-517-thread-1] INFO  server.RaftServerConfigKeys (ConfUtils.java:logGet(44)) - raft.server.storage.dir = [/github/workspace/mnt/ozone/hadoop-ozone/integration-test/target/test-dir/MiniOzoneClusterImpl-47077420-a86b-4566-b2ce-9fb6a30396ee/datanode-1/data/ratis] (custom)
2020-07-02 19:47:39,360 [pool-517-thread-1] INFO  server.RaftServerConfigKeys (ConfUtils.java:logGet(44)) - raft.server.log.corruption.policy = EXCEPTION (default)
2020-07-02 19:47:39,360 [pool-517-thread-1] INFO  storage.RaftStorageDirectory (RaftStorageDirectory.java:analyzeStorage(261)) - The storage directory /github/workspace/mnt/ozone/hadoop-ozone/integration-test/target/test-dir/MiniOzoneClusterImpl-47077420-a86b-4566-b2ce-9fb6a30396ee/datanode-1/data/ratis/fb4d5b25-8439-4da5-9b16-44088af90764 does not exist. Creating ...
2020-07-02 19:47:39,361 [pool-532-thread-1] INFO  impl.RaftServerImpl (RaftServerImpl.java:start(186)) - 7640c2d1-a09c-4516-81ed-c198f8abcf65@group-ADA67ADC91AC: start as a follower, conf=-1: [7640c2d1-a09c-4516-81ed-c198f8abcf65:172.17.0.2:40749, e1aceb7c-da99-4a3c-9205-ba6aed5f5e4d:172.17.0.2:39317, 624bc23a-26d8-413d-a9ad-b038ba4eb8c0:172.17.0.2:32845], old=null
2020-07-02 19:47:39,361 [pool-532-thread-1] INFO  impl.RaftServerImpl (RaftServerImpl.java:setRole(175)) - 7640c2d1-a09c-4516-81ed-c198f8abcf65@group-ADA67ADC91AC: changes role from      null to FOLLOWER at term 0 for startAsFollower
2020-07-02 19:47:39,361 [pool-532-thread-1] INFO  impl.RoleInfo (RoleInfo.java:updateAndGet(143)) - 7640c2d1-a09c-4516-81ed-c198f8abcf65: start FollowerState
2020-07-02 19:47:39,361 [pool-517-thread-1] INFO  storage.RaftStorageDirectory (RaftStorageDirectory.java:tryLock(343)) - Lock on /github/workspace/mnt/ozone/hadoop-ozone/integration-test/target/test-dir/MiniOzoneClusterImpl-47077420-a86b-4566-b2ce-9fb6a30396ee/datanode-1/data/ratis/fb4d5b25-8439-4da5-9b16-44088af90764/in_use.lock acquired by nodename 20513@88424e9b97c1
2020-07-02 19:47:39,362 [pool-532-thread-1] INFO  util.JmxRegister (JmxRegister.java:tryRegister(44)) - Successfully registered JMX Bean with object name Ratis:service=RaftServer,group=group-ADA67ADC91AC,id=7640c2d1-a09c-4516-81ed-c198f8abcf65
2020-07-02 19:47:39,362 [pool-532-thread-1] INFO  metrics.RatisMetrics (RatisMetrics.java:lambda$create$0(36)) - Creating Metrics Registry : ratis.state_machine.7640c2d1-a09c-4516-81ed-c198f8abcf65@group-ADA67ADC91AC
2020-07-02 19:47:39,362 [pool-517-thread-1] INFO  storage.RaftStorage (RaftStorage.java:format(84)) - Storage directory /github/workspace/mnt/ozone/hadoop-ozone/integration-test/target/test-dir/MiniOzoneClusterImpl-47077420-a86b-4566-b2ce-9fb6a30396ee/datanode-1/data/ratis/fb4d5b25-8439-4da5-9b16-44088af90764 has been successfully formatted.
2020-07-02 19:47:39,363 [pool-517-thread-1] INFO  ratis.ContainerStateMachine (ContainerStateMachine.java:loadSnapshot(225)) - group-44088AF90764: The snapshot info is null. Setting the last applied indexto:(t:0, i:~)
2020-07-02 19:47:39,363 [pool-517-thread-1] INFO  server.RaftServerConfigKeys (ConfUtils.java:logGet(44)) - raft.server.notification.no-leader.timeout = 60s (default)
2020-07-02 19:47:39,363 [pool-517-thread-1] INFO  server.RaftServerConfigKeys (ConfUtils.java:logGet(44)) - raft.server.log.use.memory = false (default)
2020-07-02 19:47:39,363 [EventQueue-PipelineReportForPipelineReportHandler] INFO  pipeline.PipelineStateManager (PipelineStateManager.java:openPipeline(131)) - Pipeline Pipeline[ Id: fb4d5b25-8439-4da5-9b16-44088af90764, Nodes: 624bc23a-26d8-413d-a9ad-b038ba4eb8c0{ip: 172.17.0.2, host: 88424e9b97c1, networkLocation: /default-rack, certSerialId: null}, Type:RATIS, Factor:ONE, State:ALLOCATED, leaderId:624bc23a-26d8-413d-a9ad-b038ba4eb8c0, CreationTimestamp2020-07-02T19:47:36.358Z] moved to OPEN state
2020-07-02 19:47:39,363 [pool-517-thread-1] INFO  server.RaftServerConfigKeys (ConfUtils.java:logGet(44)) - raft.server.log.purge.gap = 1000000 (custom)
2020-07-02 19:47:39,363 [EventQueue-OpenPipelineForOneReplicaPipelineSafeModeRule] INFO  safemode.SCMSafeModeManager (SCMSafeModeManager.java:validateSafeModeExitRules(214)) - AtleastOneDatanodeReportedRule rule is successfully validated
2020-07-02 19:47:39,363 [EventQueue-OpenPipelineForHealthyPipelineSafeModeRule] INFO  safemode.SCMSafeModeManager (HealthyPipelineSafeModeRule.java:process(129)) - SCM in safe mode. Healthy pipelines reported count is 0, required healthy pipeline reported count is 1
2020-07-02 19:47:39,369 [pool-517-thread-1] INFO  server.RaftServerConfigKeys (ConfUtils.java:logGet(44)) - raft.server.log.appender.buffer.byte-limit = 33554432 (custom)
2020-07-02 19:47:39,369 [pool-517-thread-1] INFO  server.RaftServerConfigKeys (ConfUtils.java:logGet(44)) - raft.server.log.segment.size.max = 1048576 (custom)
2020-07-02 19:47:39,369 [pool-517-thread-1] INFO  metrics.RatisMetrics (RatisMetrics.java:lambda$create$0(36)) - Creating Metrics Registry : ratis.log_worker.624bc23a-26d8-413d-a9ad-b038ba4eb8c0@group-44088AF90764
2020-07-02 19:47:39,369 [pool-517-thread-1] INFO  server.RaftServerConfigKeys (ConfUtils.java:logGet(44)) - raft.server.log.segment.cache.num.max = 2 (custom)
2020-07-02 19:47:39,369 [pool-517-thread-1] INFO  segmented.SegmentedRaftLogWorker (SegmentedRaftLogWorker.java:<init>(180)) - new 624bc23a-26d8-413d-a9ad-b038ba4eb8c0@group-44088AF90764-SegmentedRaftLogWorker for RaftStorage:Storage Directory /github/workspace/mnt/ozone/hadoop-ozone/integration-test/target/test-dir/MiniOzoneClusterImpl-47077420-a86b-4566-b2ce-9fb6a30396ee/datanode-1/data/ratis/fb4d5b25-8439-4da5-9b16-44088af90764
2020-07-02 19:47:39,369 [pool-517-thread-1] INFO  server.RaftServerConfigKeys (ConfUtils.java:logGet(44)) - raft.server.log.queue.byte-limit = 2147483647 (custom)
2020-07-02 19:47:39,369 [pool-517-thread-1] INFO  server.RaftServerConfigKeys (ConfUtils.java:logGet(44)) - raft.server.log.queue.element-limit = 1024 (custom)
2020-07-02 19:47:39,369 [pool-517-thread-1] INFO  server.RaftServerConfigKeys (ConfUtils.java:logGet(44)) - raft.server.log.segment.size.max = 1048576 (custom)
2020-07-02 19:47:39,369 [pool-517-thread-1] INFO  server.RaftServerConfigKeys (ConfUtils.java:logGet(44)) - raft.server.log.preallocated.size = 16384 (custom)
2020-07-02 19:47:39,369 [pool-517-thread-1] INFO  server.RaftServerConfigKeys (ConfUtils.java:logGet(44)) - raft.server.log.write.buffer.size = 1048576 (custom)
2020-07-02 19:47:39,369 [pool-517-thread-1] INFO  server.RaftServerConfigKeys (ConfUtils.java:logGet(44)) - raft.server.log.force.sync.num = 128 (default)
2020-07-02 19:47:39,370 [pool-517-thread-1] INFO  server.RaftServerConfigKeys (ConfUtils.java:logGet(44)) - raft.server.log.statemachine.data.sync = true (default)
2020-07-02 19:47:39,370 [pool-517-thread-1] INFO  server.RaftServerConfigKeys (ConfUtils.java:logGet(44)) - raft.server.log.statemachine.data.sync.timeout = 10s (default)
2020-07-02 19:47:39,370 [pool-517-thread-1] INFO  server.RaftServerConfigKeys (ConfUtils.java:logGet(44)) - raft.server.log.statemachine.data.sync.timeout.retry = -1 (default)
2020-07-02 19:47:39,374 [grpc-default-executor-2] INFO  impl.RaftServerProxy (RaftServerProxy.java:addNew(89)) - 624bc23a-26d8-413d-a9ad-b038ba4eb8c0: addNew group-ADA67ADC91AC:[7640c2d1-a09c-4516-81ed-c198f8abcf65:172.17.0.2:40749, e1aceb7c-da99-4a3c-9205-ba6aed5f5e4d:172.17.0.2:39317, 624bc23a-26d8-413d-a9ad-b038ba4eb8c0:172.17.0.2:32845] returns group-ADA67ADC91AC:java.util.concurrent.CompletableFuture@113a1f5b[Not completed]
2020-07-02 19:47:39,375 [pool-517-thread-1] INFO  server.RaftServerConfigKeys (ConfUtils.java:logGet(44)) - raft.server.log.statemachine.data.caching.enabled = true (custom)
2020-07-02 19:47:39,376 [pool-517-thread-1] INFO  segmented.SegmentedRaftLogWorker (SegmentedRaftLogWorker.java:lambda$new$0(129)) - 624bc23a-26d8-413d-a9ad-b038ba4eb8c0@group-44088AF90764-SegmentedRaftLogWorker: flushIndex: setUnconditionally 0 -> -1
2020-07-02 19:47:39,376 [pool-517-thread-1] INFO  segmented.SegmentedRaftLogWorker (SegmentedRaftLogWorker.java:lambda$new$0(129)) - 624bc23a-26d8-413d-a9ad-b038ba4eb8c0@group-44088AF90764-SegmentedRaftLogWorker: safeCacheEvictIndex: setUnconditionally 0 -> -1
2020-07-02 19:47:39,382 [pool-517-thread-1] INFO  server.RaftServerConfigKeys (ConfUtils.java:logGet(44)) - raft.server.snapshot.auto.trigger.enabled = true (custom)
2020-07-02 19:47:39,382 [pool-517-thread-1] INFO  server.RaftServerConfigKeys (ConfUtils.java:logGet(44)) - raft.server.snapshot.auto.trigger.threshold = 10000 (custom)
2020-07-02 19:47:39,382 [pool-517-thread-1] INFO  server.RaftServerConfigKeys (ConfUtils.java:logGet(44)) - raft.server.snapshot.retention.file.num = 5 (custom)
2020-07-02 19:47:39,382 [pool-517-thread-1] INFO  server.RaftServerConfigKeys (ConfUtils.java:logGet(44)) - raft.server.log.purge.upto.snapshot.index = false (default)
2020-07-02 19:47:39,382 [pool-517-thread-1] INFO  server.RaftServerConfigKeys (ConfUtils.java:logGet(44)) - raft.server.retrycache.expirytime = 600000ms (custom)
2020-07-02 19:47:39,382 [pool-517-thread-1] INFO  metrics.RatisMetrics (RatisMetrics.java:lambda$create$0(36)) - Creating Metrics Registry : ratis.leader_election.624bc23a-26d8-413d-a9ad-b038ba4eb8c0@group-44088AF90764
2020-07-02 19:47:39,382 [pool-517-thread-1] INFO  metrics.RatisMetrics (RatisMetrics.java:lambda$create$0(36)) - Creating Metrics Registry : ratis.server.624bc23a-26d8-413d-a9ad-b038ba4eb8c0@group-44088AF90764
2020-07-02 19:47:39,384 [pool-517-thread-1] INFO  impl.RaftServerImpl (RaftServerImpl.java:<init>(99)) - 624bc23a-26d8-413d-a9ad-b038ba4eb8c0: new RaftServerImpl for group-ADA67ADC91AC:[7640c2d1-a09c-4516-81ed-c198f8abcf65:172.17.0.2:40749, e1aceb7c-da99-4a3c-9205-ba6aed5f5e4d:172.17.0.2:39317, 624bc23a-26d8-413d-a9ad-b038ba4eb8c0:172.17.0.2:32845] with ContainerStateMachine:uninitialized
2020-07-02 19:47:39,384 [pool-517-thread-1] INFO  server.RaftServerConfigKeys (ConfUtils.java:logGet(44)) - raft.server.rpc.timeout.min = 5s (custom)
2020-07-02 19:47:39,385 [pool-517-thread-1] INFO  server.RaftServerConfigKeys (ConfUtils.java:logGet(44)) - raft.server.rpc.timeout.max = 5200ms (custom)
2020-07-02 19:47:39,385 [pool-517-thread-1] INFO  server.RaftServerConfigKeys (ConfUtils.java:logGet(44)) - raft.server.rpcslowness.timeout = 300000ms (custom)
2020-07-02 19:47:39,385 [pool-517-thread-1] INFO  server.RaftServerConfigKeys (ConfUtils.java:logGet(44)) - raft.server.sleep.deviation.threshold = 300 (default)
2020-07-02 19:47:39,385 [pool-517-thread-1] INFO  server.RaftServerConfigKeys (ConfUtils.java:logGet(44)) - raft.server.log.appender.install.snapshot.enabled = false (custom)
2020-07-02 19:47:39,385 [pool-517-thread-1] INFO  impl.RaftServerImpl (ServerState.java:<init>(103)) - 624bc23a-26d8-413d-a9ad-b038ba4eb8c0@group-ADA67ADC91AC: ConfigurationManager, init=-1: [7640c2d1-a09c-4516-81ed-c198f8abcf65:172.17.0.2:40749, e1aceb7c-da99-4a3c-9205-ba6aed5f5e4d:172.17.0.2:39317, 624bc23a-26d8-413d-a9ad-b038ba4eb8c0:172.17.0.2:32845], old=null, confs=<EMPTY_MAP>
2020-07-02 19:47:39,385 [pool-517-thread-1] INFO  server.RaftServerConfigKeys (ConfUtils.java:logGet(44)) - raft.server.storage.dir = [/github/workspace/mnt/ozone/hadoop-ozone/integration-test/target/test-dir/MiniOzoneClusterImpl-47077420-a86b-4566-b2ce-9fb6a30396ee/datanode-1/data/ratis] (custom)
2020-07-02 19:47:39,385 [pool-517-thread-1] INFO  server.RaftServerConfigKeys (ConfUtils.java:logGet(44)) - raft.server.log.corruption.policy = EXCEPTION (default)
2020-07-02 19:47:39,385 [pool-517-thread-1] INFO  storage.RaftStorageDirectory (RaftStorageDirectory.java:analyzeStorage(261)) - The storage directory /github/workspace/mnt/ozone/hadoop-ozone/integration-test/target/test-dir/MiniOzoneClusterImpl-47077420-a86b-4566-b2ce-9fb6a30396ee/datanode-1/data/ratis/89fa634c-6c32-4d85-96f8-ada67adc91ac does not exist. Creating ...
2020-07-02 19:47:39,386 [pool-517-thread-1] INFO  storage.RaftStorageDirectory (RaftStorageDirectory.java:tryLock(343)) - Lock on /github/workspace/mnt/ozone/hadoop-ozone/integration-test/target/test-dir/MiniOzoneClusterImpl-47077420-a86b-4566-b2ce-9fb6a30396ee/datanode-1/data/ratis/89fa634c-6c32-4d85-96f8-ada67adc91ac/in_use.lock acquired by nodename 20513@88424e9b97c1
2020-07-02 19:47:39,388 [pool-517-thread-1] INFO  storage.RaftStorage (RaftStorage.java:format(84)) - Storage directory /github/workspace/mnt/ozone/hadoop-ozone/integration-test/target/test-dir/MiniOzoneClusterImpl-47077420-a86b-4566-b2ce-9fb6a30396ee/datanode-1/data/ratis/89fa634c-6c32-4d85-96f8-ada67adc91ac has been successfully formatted.
2020-07-02 19:47:39,388 [pool-517-thread-1] INFO  ratis.ContainerStateMachine (ContainerStateMachine.java:loadSnapshot(225)) - group-ADA67ADC91AC: The snapshot info is null. Setting the last applied indexto:(t:0, i:~)
2020-07-02 19:47:39,389 [pool-517-thread-1] INFO  server.RaftServerConfigKeys (ConfUtils.java:logGet(44)) - raft.server.notification.no-leader.timeout = 60s (default)
2020-07-02 19:47:39,389 [pool-517-thread-1] INFO  server.RaftServerConfigKeys (ConfUtils.java:logGet(44)) - raft.server.log.use.memory = false (default)
2020-07-02 19:47:39,389 [pool-517-thread-1] INFO  server.RaftServerConfigKeys (ConfUtils.java:logGet(44)) - raft.server.log.purge.gap = 1000000 (custom)
2020-07-02 19:47:39,389 [pool-517-thread-1] INFO  server.RaftServerConfigKeys (ConfUtils.java:logGet(44)) - raft.server.log.appender.buffer.byte-limit = 33554432 (custom)
2020-07-02 19:47:39,389 [pool-517-thread-1] INFO  server.RaftServerConfigKeys (ConfUtils.java:logGet(44)) - raft.server.log.segment.size.max = 1048576 (custom)
2020-07-02 19:47:39,389 [pool-517-thread-1] INFO  metrics.RatisMetrics (RatisMetrics.java:lambda$create$0(36)) - Creating Metrics Registry : ratis.log_worker.624bc23a-26d8-413d-a9ad-b038ba4eb8c0@group-ADA67ADC91AC
2020-07-02 19:47:39,390 [pool-517-thread-1] INFO  server.RaftServerConfigKeys (ConfUtils.java:logGet(44)) - raft.server.log.segment.cache.num.max = 2 (custom)
2020-07-02 19:47:39,390 [pool-517-thread-1] INFO  segmented.SegmentedRaftLogWorker (SegmentedRaftLogWorker.java:<init>(180)) - new 624bc23a-26d8-413d-a9ad-b038ba4eb8c0@group-ADA67ADC91AC-SegmentedRaftLogWorker for RaftStorage:Storage Directory /github/workspace/mnt/ozone/hadoop-ozone/integration-test/target/test-dir/MiniOzoneClusterImpl-47077420-a86b-4566-b2ce-9fb6a30396ee/datanode-1/data/ratis/89fa634c-6c32-4d85-96f8-ada67adc91ac
2020-07-02 19:47:39,390 [pool-517-thread-1] INFO  server.RaftServerConfigKeys (ConfUtils.java:logGet(44)) - raft.server.log.queue.byte-limit = 2147483647 (custom)
2020-07-02 19:47:39,390 [pool-517-thread-1] INFO  server.RaftServerConfigKeys (ConfUtils.java:logGet(44)) - raft.server.log.queue.element-limit = 1024 (custom)
2020-07-02 19:47:39,390 [pool-517-thread-1] INFO  server.RaftServerConfigKeys (ConfUtils.java:logGet(44)) - raft.server.log.segment.size.max = 1048576 (custom)
2020-07-02 19:47:39,390 [pool-517-thread-1] INFO  server.RaftServerConfigKeys (ConfUtils.java:logGet(44)) - raft.server.log.preallocated.size = 16384 (custom)
2020-07-02 19:47:39,390 [pool-517-thread-1] INFO  server.RaftServerConfigKeys (ConfUtils.java:logGet(44)) - raft.server.log.write.buffer.size = 1048576 (custom)
2020-07-02 19:47:39,390 [pool-517-thread-1] INFO  server.RaftServerConfigKeys (ConfUtils.java:logGet(44)) - raft.server.log.force.sync.num = 128 (default)
2020-07-02 19:47:39,391 [pool-517-thread-1] INFO  server.RaftServerConfigKeys (ConfUtils.java:logGet(44)) - raft.server.log.statemachine.data.sync = true (default)
2020-07-02 19:47:39,391 [pool-517-thread-1] INFO  server.RaftServerConfigKeys (ConfUtils.java:logGet(44)) - raft.server.log.statemachine.data.sync.timeout = 10s (default)
2020-07-02 19:47:39,391 [pool-517-thread-1] INFO  server.RaftServerConfigKeys (ConfUtils.java:logGet(44)) - raft.server.log.statemachine.data.sync.timeout.retry = -1 (default)
2020-07-02 19:47:39,393 [pool-517-thread-1] INFO  server.RaftServerConfigKeys (ConfUtils.java:logGet(44)) - raft.server.log.statemachine.data.caching.enabled = true (custom)
2020-07-02 19:47:39,393 [pool-517-thread-1] INFO  segmented.SegmentedRaftLogWorker (SegmentedRaftLogWorker.java:lambda$new$0(129)) - 624bc23a-26d8-413d-a9ad-b038ba4eb8c0@group-ADA67ADC91AC-SegmentedRaftLogWorker: flushIndex: setUnconditionally 0 -> -1
2020-07-02 19:47:39,393 [pool-517-thread-1] INFO  segmented.SegmentedRaftLogWorker (SegmentedRaftLogWorker.java:lambda$new$0(129)) - 624bc23a-26d8-413d-a9ad-b038ba4eb8c0@group-ADA67ADC91AC-SegmentedRaftLogWorker: safeCacheEvictIndex: setUnconditionally 0 -> -1
2020-07-02 19:47:39,394 [pool-517-thread-1] INFO  server.RaftServerConfigKeys (ConfUtils.java:logGet(44)) - raft.server.snapshot.auto.trigger.enabled = true (custom)
2020-07-02 19:47:39,394 [pool-517-thread-1] INFO  server.RaftServerConfigKeys (ConfUtils.java:logGet(44)) - raft.server.snapshot.auto.trigger.threshold = 10000 (custom)
2020-07-02 19:47:39,394 [pool-517-thread-1] INFO  server.RaftServerConfigKeys (ConfUtils.java:logGet(44)) - raft.server.snapshot.retention.file.num = 5 (custom)
2020-07-02 19:47:39,394 [pool-517-thread-1] INFO  server.RaftServerConfigKeys (ConfUtils.java:logGet(44)) - raft.server.log.purge.upto.snapshot.index = false (default)
2020-07-02 19:47:39,394 [pool-517-thread-1] INFO  server.RaftServerConfigKeys (ConfUtils.java:logGet(44)) - raft.server.retrycache.expirytime = 600000ms (custom)
2020-07-02 19:47:39,394 [pool-517-thread-1] INFO  metrics.RatisMetrics (RatisMetrics.java:lambda$create$0(36)) - Creating Metrics Registry : ratis.leader_election.624bc23a-26d8-413d-a9ad-b038ba4eb8c0@group-ADA67ADC91AC
2020-07-02 19:47:39,395 [pool-517-thread-1] INFO  metrics.RatisMetrics (RatisMetrics.java:lambda$create$0(36)) - Creating Metrics Registry : ratis.server.624bc23a-26d8-413d-a9ad-b038ba4eb8c0@group-ADA67ADC91AC
2020-07-02 19:47:39,396 [pool-517-thread-1] INFO  impl.RaftServerImpl (RaftServerImpl.java:start(186)) - 624bc23a-26d8-413d-a9ad-b038ba4eb8c0@group-44088AF90764: start as a follower, conf=-1: [624bc23a-26d8-413d-a9ad-b038ba4eb8c0:172.17.0.2:32845], old=null
2020-07-02 19:47:39,396 [pool-517-thread-1] INFO  impl.RaftServerImpl (RaftServerImpl.java:setRole(175)) - 624bc23a-26d8-413d-a9ad-b038ba4eb8c0@group-44088AF90764: changes role from      null to FOLLOWER at term 0 for startAsFollower
2020-07-02 19:47:39,396 [pool-517-thread-1] INFO  impl.RoleInfo (RoleInfo.java:updateAndGet(143)) - 624bc23a-26d8-413d-a9ad-b038ba4eb8c0: start FollowerState
2020-07-02 19:47:39,397 [pool-517-thread-1] INFO  util.JmxRegister (JmxRegister.java:tryRegister(44)) - Successfully registered JMX Bean with object name Ratis:service=RaftServer,group=group-44088AF90764,id=624bc23a-26d8-413d-a9ad-b038ba4eb8c0
2020-07-02 19:47:39,397 [pool-517-thread-1] INFO  metrics.RatisMetrics (RatisMetrics.java:lambda$create$0(36)) - Creating Metrics Registry : ratis.state_machine.624bc23a-26d8-413d-a9ad-b038ba4eb8c0@group-44088AF90764
2020-07-02 19:47:39,398 [pool-517-thread-1] INFO  impl.RaftServerImpl (RaftServerImpl.java:start(186)) - 624bc23a-26d8-413d-a9ad-b038ba4eb8c0@group-ADA67ADC91AC: start as a follower, conf=-1: [7640c2d1-a09c-4516-81ed-c198f8abcf65:172.17.0.2:40749, e1aceb7c-da99-4a3c-9205-ba6aed5f5e4d:172.17.0.2:39317, 624bc23a-26d8-413d-a9ad-b038ba4eb8c0:172.17.0.2:32845], old=null
2020-07-02 19:47:39,398 [pool-517-thread-1] INFO  impl.RaftServerImpl (RaftServerImpl.java:setRole(175)) - 624bc23a-26d8-413d-a9ad-b038ba4eb8c0@group-ADA67ADC91AC: changes role from      null to FOLLOWER at term 0 for startAsFollower
2020-07-02 19:47:39,398 [Command processor thread] INFO  commandhandler.CreatePipelineCommandHandler (CreatePipelineCommandHandler.java:handle(109)) - Created Pipeline RATIS ONE #id: "fb4d5b25-8439-4da5-9b16-44088af90764"
uuid128 {
  mostSigBits: -338514180292653659
  leastSigBits: -7271549744861083804
}
.
2020-07-02 19:47:39,398 [pool-517-thread-1] INFO  impl.RoleInfo (RoleInfo.java:updateAndGet(143)) - 624bc23a-26d8-413d-a9ad-b038ba4eb8c0: start FollowerState
2020-07-02 19:47:39,398 [pool-517-thread-1] INFO  util.JmxRegister (JmxRegister.java:tryRegister(44)) - Successfully registered JMX Bean with object name Ratis:service=RaftServer,group=group-ADA67ADC91AC,id=624bc23a-26d8-413d-a9ad-b038ba4eb8c0
2020-07-02 19:47:39,398 [pool-517-thread-1] INFO  metrics.RatisMetrics (RatisMetrics.java:lambda$create$0(36)) - Creating Metrics Registry : ratis.state_machine.624bc23a-26d8-413d-a9ad-b038ba4eb8c0@group-ADA67ADC91AC
2020-07-02 19:47:39,401 [Command processor thread] INFO  commandhandler.CreatePipelineCommandHandler (CreatePipelineCommandHandler.java:handle(109)) - Created Pipeline RATIS THREE #id: "89fa634c-6c32-4d85-96f8-ada67adc91ac"
uuid128 {
  mostSigBits: -8504375766451860091
  leastSigBits: -7568108243258666580
}
.
2020-07-02 19:47:39,406 [Command processor thread] INFO  impl.RaftServerProxy (RaftServerProxy.java:addNew(89)) - 7640c2d1-a09c-4516-81ed-c198f8abcf65: addNew group-D6532DCE90D3:[7640c2d1-a09c-4516-81ed-c198f8abcf65:172.17.0.2:40749] returns group-D6532DCE90D3:java.util.concurrent.CompletableFuture@4b6ac00b[Not completed]
2020-07-02 19:47:39,407 [pool-532-thread-1] INFO  impl.RaftServerImpl (RaftServerImpl.java:<init>(99)) - 7640c2d1-a09c-4516-81ed-c198f8abcf65: new RaftServerImpl for group-D6532DCE90D3:[7640c2d1-a09c-4516-81ed-c198f8abcf65:172.17.0.2:40749] with ContainerStateMachine:uninitialized
2020-07-02 19:47:39,407 [pool-532-thread-1] INFO  server.RaftServerConfigKeys (ConfUtils.java:logGet(44)) - raft.server.rpc.timeout.min = 5s (custom)
2020-07-02 19:47:39,407 [pool-532-thread-1] INFO  server.RaftServerConfigKeys (ConfUtils.java:logGet(44)) - raft.server.rpc.timeout.max = 5200ms (custom)
2020-07-02 19:47:39,407 [pool-532-thread-1] INFO  server.RaftServerConfigKeys (ConfUtils.java:logGet(44)) - raft.server.rpcslowness.timeout = 300000ms (custom)
2020-07-02 19:47:39,407 [pool-532-thread-1] INFO  server.RaftServerConfigKeys (ConfUtils.java:logGet(44)) - raft.server.sleep.deviation.threshold = 300 (default)
2020-07-02 19:47:39,407 [pool-532-thread-1] INFO  server.RaftServerConfigKeys (ConfUtils.java:logGet(44)) - raft.server.log.appender.install.snapshot.enabled = false (custom)
2020-07-02 19:47:39,407 [pool-532-thread-1] INFO  impl.RaftServerImpl (ServerState.java:<init>(103)) - 7640c2d1-a09c-4516-81ed-c198f8abcf65@group-D6532DCE90D3: ConfigurationManager, init=-1: [7640c2d1-a09c-4516-81ed-c198f8abcf65:172.17.0.2:40749], old=null, confs=<EMPTY_MAP>
2020-07-02 19:47:39,407 [pool-532-thread-1] INFO  server.RaftServerConfigKeys (ConfUtils.java:logGet(44)) - raft.server.storage.dir = [/github/workspace/mnt/ozone/hadoop-ozone/integration-test/target/test-dir/MiniOzoneClusterImpl-47077420-a86b-4566-b2ce-9fb6a30396ee/datanode-2/data/ratis] (custom)
2020-07-02 19:47:39,407 [pool-532-thread-1] INFO  server.RaftServerConfigKeys (ConfUtils.java:logGet(44)) - raft.server.log.corruption.policy = EXCEPTION (default)
2020-07-02 19:47:39,407 [pool-532-thread-1] INFO  storage.RaftStorageDirectory (RaftStorageDirectory.java:analyzeStorage(261)) - The storage directory /github/workspace/mnt/ozone/hadoop-ozone/integration-test/target/test-dir/MiniOzoneClusterImpl-47077420-a86b-4566-b2ce-9fb6a30396ee/datanode-2/data/ratis/c54d6f14-a798-45d2-b75c-d6532dce90d3 does not exist. Creating ...
2020-07-02 19:47:39,408 [pool-532-thread-1] INFO  storage.RaftStorageDirectory (RaftStorageDirectory.java:tryLock(343)) - Lock on /github/workspace/mnt/ozone/hadoop-ozone/integration-test/target/test-dir/MiniOzoneClusterImpl-47077420-a86b-4566-b2ce-9fb6a30396ee/datanode-2/data/ratis/c54d6f14-a798-45d2-b75c-d6532dce90d3/in_use.lock acquired by nodename 20513@88424e9b97c1
2020-07-02 19:47:39,409 [pool-532-thread-1] INFO  storage.RaftStorage (RaftStorage.java:format(84)) - Storage directory /github/workspace/mnt/ozone/hadoop-ozone/integration-test/target/test-dir/MiniOzoneClusterImpl-47077420-a86b-4566-b2ce-9fb6a30396ee/datanode-2/data/ratis/c54d6f14-a798-45d2-b75c-d6532dce90d3 has been successfully formatted.
2020-07-02 19:47:39,410 [pool-532-thread-1] INFO  ratis.ContainerStateMachine (ContainerStateMachine.java:loadSnapshot(225)) - group-D6532DCE90D3: The snapshot info is null. Setting the last applied indexto:(t:0, i:~)
2020-07-02 19:47:39,410 [pool-532-thread-1] INFO  server.RaftServerConfigKeys (ConfUtils.java:logGet(44)) - raft.server.notification.no-leader.timeout = 60s (default)
2020-07-02 19:47:39,410 [pool-532-thread-1] INFO  server.RaftServerConfigKeys (ConfUtils.java:logGet(44)) - raft.server.log.use.memory = false (default)
2020-07-02 19:47:39,410 [pool-532-thread-1] INFO  server.RaftServerConfigKeys (ConfUtils.java:logGet(44)) - raft.server.log.purge.gap = 1000000 (custom)
2020-07-02 19:47:39,410 [pool-532-thread-1] INFO  server.RaftServerConfigKeys (ConfUtils.java:logGet(44)) - raft.server.log.appender.buffer.byte-limit = 33554432 (custom)
2020-07-02 19:47:39,410 [EventQueue-PipelineReportForPipelineReportHandler] INFO  pipeline.PipelineStateManager (PipelineStateManager.java:openPipeline(131)) - Pipeline Pipeline[ Id: c54d6f14-a798-45d2-b75c-d6532dce90d3, Nodes: 7640c2d1-a09c-4516-81ed-c198f8abcf65{ip: 172.17.0.2, host: 88424e9b97c1, networkLocation: /default-rack, certSerialId: null}, Type:RATIS, Factor:ONE, State:ALLOCATED, leaderId:7640c2d1-a09c-4516-81ed-c198f8abcf65, CreationTimestamp2020-07-02T19:47:36.407Z] moved to OPEN state
2020-07-02 19:47:39,410 [EventQueue-OpenPipelineForHealthyPipelineSafeModeRule] INFO  safemode.SCMSafeModeManager (HealthyPipelineSafeModeRule.java:process(129)) - SCM in safe mode. Healthy pipelines reported count is 0, required healthy pipeline reported count is 1
2020-07-02 19:47:39,410 [EventQueue-OpenPipelineForOneReplicaPipelineSafeModeRule] INFO  safemode.SCMSafeModeManager (SCMSafeModeManager.java:validateSafeModeExitRules(214)) - AtleastOneDatanodeReportedRule rule is successfully validated
2020-07-02 19:47:39,410 [pool-532-thread-1] INFO  server.RaftServerConfigKeys (ConfUtils.java:logGet(44)) - raft.server.log.segment.size.max = 1048576 (custom)
2020-07-02 19:47:39,411 [pool-532-thread-1] INFO  metrics.RatisMetrics (RatisMetrics.java:lambda$create$0(36)) - Creating Metrics Registry : ratis.log_worker.7640c2d1-a09c-4516-81ed-c198f8abcf65@group-D6532DCE90D3
2020-07-02 19:47:39,411 [pool-532-thread-1] INFO  server.RaftServerConfigKeys (ConfUtils.java:logGet(44)) - raft.server.log.segment.cache.num.max = 2 (custom)
2020-07-02 19:47:39,411 [pool-532-thread-1] INFO  segmented.SegmentedRaftLogWorker (SegmentedRaftLogWorker.java:<init>(180)) - new 7640c2d1-a09c-4516-81ed-c198f8abcf65@group-D6532DCE90D3-SegmentedRaftLogWorker for RaftStorage:Storage Directory /github/workspace/mnt/ozone/hadoop-ozone/integration-test/target/test-dir/MiniOzoneClusterImpl-47077420-a86b-4566-b2ce-9fb6a30396ee/datanode-2/data/ratis/c54d6f14-a798-45d2-b75c-d6532dce90d3
2020-07-02 19:47:39,411 [pool-532-thread-1] INFO  server.RaftServerConfigKeys (ConfUtils.java:logGet(44)) - raft.server.log.queue.byte-limit = 2147483647 (custom)
2020-07-02 19:47:39,411 [pool-532-thread-1] INFO  server.RaftServerConfigKeys (ConfUtils.java:logGet(44)) - raft.server.log.queue.element-limit = 1024 (custom)
2020-07-02 19:47:39,411 [pool-532-thread-1] INFO  server.RaftServerConfigKeys (ConfUtils.java:logGet(44)) - raft.server.log.segment.size.max = 1048576 (custom)
2020-07-02 19:47:39,411 [pool-532-thread-1] INFO  server.RaftServerConfigKeys (ConfUtils.java:logGet(44)) - raft.server.log.preallocated.size = 16384 (custom)
2020-07-02 19:47:39,411 [pool-532-thread-1] INFO  server.RaftServerConfigKeys (ConfUtils.java:logGet(44)) - raft.server.log.write.buffer.size = 1048576 (custom)
2020-07-02 19:47:39,411 [pool-532-thread-1] INFO  server.RaftServerConfigKeys (ConfUtils.java:logGet(44)) - raft.server.log.force.sync.num = 128 (default)
2020-07-02 19:47:39,411 [pool-532-thread-1] INFO  server.RaftServerConfigKeys (ConfUtils.java:logGet(44)) - raft.server.log.statemachine.data.sync = true (default)
2020-07-02 19:47:39,411 [pool-532-thread-1] INFO  server.RaftServerConfigKeys (ConfUtils.java:logGet(44)) - raft.server.log.statemachine.data.sync.timeout = 10s (default)
2020-07-02 19:47:39,411 [pool-532-thread-1] INFO  server.RaftServerConfigKeys (ConfUtils.java:logGet(44)) - raft.server.log.statemachine.data.sync.timeout.retry = -1 (default)
2020-07-02 19:47:39,413 [pool-532-thread-1] INFO  server.RaftServerConfigKeys (ConfUtils.java:logGet(44)) - raft.server.log.statemachine.data.caching.enabled = true (custom)
2020-07-02 19:47:39,413 [pool-532-thread-1] INFO  segmented.SegmentedRaftLogWorker (SegmentedRaftLogWorker.java:lambda$new$0(129)) - 7640c2d1-a09c-4516-81ed-c198f8abcf65@group-D6532DCE90D3-SegmentedRaftLogWorker: flushIndex: setUnconditionally 0 -> -1
2020-07-02 19:47:39,413 [pool-532-thread-1] INFO  segmented.SegmentedRaftLogWorker (SegmentedRaftLogWorker.java:lambda$new$0(129)) - 7640c2d1-a09c-4516-81ed-c198f8abcf65@group-D6532DCE90D3-SegmentedRaftLogWorker: safeCacheEvictIndex: setUnconditionally 0 -> -1
2020-07-02 19:47:39,414 [pool-532-thread-1] INFO  server.RaftServerConfigKeys (ConfUtils.java:logGet(44)) - raft.server.snapshot.auto.trigger.enabled = true (custom)
2020-07-02 19:47:39,414 [pool-532-thread-1] INFO  server.RaftServerConfigKeys (ConfUtils.java:logGet(44)) - raft.server.snapshot.auto.trigger.threshold = 10000 (custom)
2020-07-02 19:47:39,414 [pool-532-thread-1] INFO  server.RaftServerConfigKeys (ConfUtils.java:logGet(44)) - raft.server.snapshot.retention.file.num = 5 (custom)
2020-07-02 19:47:39,414 [pool-532-thread-1] INFO  server.RaftServerConfigKeys (ConfUtils.java:logGet(44)) - raft.server.log.purge.upto.snapshot.index = false (default)
2020-07-02 19:47:39,414 [pool-532-thread-1] INFO  server.RaftServerConfigKeys (ConfUtils.java:logGet(44)) - raft.server.retrycache.expirytime = 600000ms (custom)
2020-07-02 19:47:39,414 [pool-532-thread-1] INFO  metrics.RatisMetrics (RatisMetrics.java:lambda$create$0(36)) - Creating Metrics Registry : ratis.leader_election.7640c2d1-a09c-4516-81ed-c198f8abcf65@group-D6532DCE90D3
2020-07-02 19:47:39,414 [pool-532-thread-1] INFO  metrics.RatisMetrics (RatisMetrics.java:lambda$create$0(36)) - Creating Metrics Registry : ratis.server.7640c2d1-a09c-4516-81ed-c198f8abcf65@group-D6532DCE90D3
2020-07-02 19:47:39,416 [pool-532-thread-1] INFO  impl.RaftServerImpl (RaftServerImpl.java:start(186)) - 7640c2d1-a09c-4516-81ed-c198f8abcf65@group-D6532DCE90D3: start as a follower, conf=-1: [7640c2d1-a09c-4516-81ed-c198f8abcf65:172.17.0.2:40749], old=null
2020-07-02 19:47:39,416 [pool-532-thread-1] INFO  impl.RaftServerImpl (RaftServerImpl.java:setRole(175)) - 7640c2d1-a09c-4516-81ed-c198f8abcf65@group-D6532DCE90D3: changes role from      null to FOLLOWER at term 0 for startAsFollower
2020-07-02 19:47:39,416 [pool-532-thread-1] INFO  impl.RoleInfo (RoleInfo.java:updateAndGet(143)) - 7640c2d1-a09c-4516-81ed-c198f8abcf65: start FollowerState
2020-07-02 19:47:39,416 [pool-532-thread-1] INFO  util.JmxRegister (JmxRegister.java:tryRegister(44)) - Successfully registered JMX Bean with object name Ratis:service=RaftServer,group=group-D6532DCE90D3,id=7640c2d1-a09c-4516-81ed-c198f8abcf65
2020-07-02 19:47:39,416 [pool-532-thread-1] INFO  metrics.RatisMetrics (RatisMetrics.java:lambda$create$0(36)) - Creating Metrics Registry : ratis.state_machine.7640c2d1-a09c-4516-81ed-c198f8abcf65@group-D6532DCE90D3
2020-07-02 19:47:39,426 [Command processor thread] INFO  commandhandler.CreatePipelineCommandHandler (CreatePipelineCommandHandler.java:handle(109)) - Created Pipeline RATIS ONE #id: "c54d6f14-a798-45d2-b75c-d6532dce90d3"
uuid128 {
  mostSigBits: -4229602340529224238
  leastSigBits: -5234073014172217133
}
.
2020-07-02 19:47:39,465 [Command processor thread] INFO  impl.RaftServerProxy (RaftServerProxy.java:addNew(89)) - 31b30001-c6bc-41c4-8b5d-b541ce032758: addNew group-B81F1D24982B:[31b30001-c6bc-41c4-8b5d-b541ce032758:172.17.0.2:41537] returns group-B81F1D24982B:java.util.concurrent.CompletableFuture@15387ef2[Not completed]
2020-07-02 19:47:39,467 [pool-547-thread-1] INFO  impl.RaftServerImpl (RaftServerImpl.java:<init>(99)) - 31b30001-c6bc-41c4-8b5d-b541ce032758: new RaftServerImpl for group-B81F1D24982B:[31b30001-c6bc-41c4-8b5d-b541ce032758:172.17.0.2:41537] with ContainerStateMachine:uninitialized
2020-07-02 19:47:39,467 [pool-547-thread-1] INFO  server.RaftServerConfigKeys (ConfUtils.java:logGet(44)) - raft.server.rpc.timeout.min = 5s (custom)
2020-07-02 19:47:39,467 [pool-547-thread-1] INFO  server.RaftServerConfigKeys (ConfUtils.java:logGet(44)) - raft.server.rpc.timeout.max = 5200ms (custom)
2020-07-02 19:47:39,467 [pool-547-thread-1] INFO  server.RaftServerConfigKeys (ConfUtils.java:logGet(44)) - raft.server.rpcslowness.timeout = 300000ms (custom)
2020-07-02 19:47:39,467 [pool-547-thread-1] INFO  server.RaftServerConfigKeys (ConfUtils.java:logGet(44)) - raft.server.sleep.deviation.threshold = 300 (default)
2020-07-02 19:47:39,467 [pool-547-thread-1] INFO  server.RaftServerConfigKeys (ConfUtils.java:logGet(44)) - raft.server.log.appender.install.snapshot.enabled = false (custom)
2020-07-02 19:47:39,467 [pool-547-thread-1] INFO  impl.RaftServerImpl (ServerState.java:<init>(103)) - 31b30001-c6bc-41c4-8b5d-b541ce032758@group-B81F1D24982B: ConfigurationManager, init=-1: [31b30001-c6bc-41c4-8b5d-b541ce032758:172.17.0.2:41537], old=null, confs=<EMPTY_MAP>
2020-07-02 19:47:39,468 [pool-547-thread-1] INFO  server.RaftServerConfigKeys (ConfUtils.java:logGet(44)) - raft.server.storage.dir = [/github/workspace/mnt/ozone/hadoop-ozone/integration-test/target/test-dir/MiniOzoneClusterImpl-47077420-a86b-4566-b2ce-9fb6a30396ee/datanode-3/data/ratis] (custom)
2020-07-02 19:47:39,468 [pool-547-thread-1] INFO  server.RaftServerConfigKeys (ConfUtils.java:logGet(44)) - raft.server.log.corruption.policy = EXCEPTION (default)
2020-07-02 19:47:39,468 [pool-547-thread-1] INFO  storage.RaftStorageDirectory (RaftStorageDirectory.java:analyzeStorage(261)) - The storage directory /github/workspace/mnt/ozone/hadoop-ozone/integration-test/target/test-dir/MiniOzoneClusterImpl-47077420-a86b-4566-b2ce-9fb6a30396ee/datanode-3/data/ratis/e06c2e9d-4eec-4731-9028-b81f1d24982b does not exist. Creating ...
2020-07-02 19:47:39,469 [pool-547-thread-1] INFO  storage.RaftStorageDirectory (RaftStorageDirectory.java:tryLock(343)) - Lock on /github/workspace/mnt/ozone/hadoop-ozone/integration-test/target/test-dir/MiniOzoneClusterImpl-47077420-a86b-4566-b2ce-9fb6a30396ee/datanode-3/data/ratis/e06c2e9d-4eec-4731-9028-b81f1d24982b/in_use.lock acquired by nodename 20513@88424e9b97c1
2020-07-02 19:47:39,470 [pool-547-thread-1] INFO  storage.RaftStorage (RaftStorage.java:format(84)) - Storage directory /github/workspace/mnt/ozone/hadoop-ozone/integration-test/target/test-dir/MiniOzoneClusterImpl-47077420-a86b-4566-b2ce-9fb6a30396ee/datanode-3/data/ratis/e06c2e9d-4eec-4731-9028-b81f1d24982b has been successfully formatted.
2020-07-02 19:47:39,471 [pool-547-thread-1] INFO  ratis.ContainerStateMachine (ContainerStateMachine.java:loadSnapshot(225)) - group-B81F1D24982B: The snapshot info is null. Setting the last applied indexto:(t:0, i:~)
2020-07-02 19:47:39,471 [pool-547-thread-1] INFO  server.RaftServerConfigKeys (ConfUtils.java:logGet(44)) - raft.server.notification.no-leader.timeout = 60s (default)
2020-07-02 19:47:39,471 [pool-547-thread-1] INFO  server.RaftServerConfigKeys (ConfUtils.java:logGet(44)) - raft.server.log.use.memory = false (default)
2020-07-02 19:47:39,471 [pool-547-thread-1] INFO  server.RaftServerConfigKeys (ConfUtils.java:logGet(44)) - raft.server.log.purge.gap = 1000000 (custom)
2020-07-02 19:47:39,471 [pool-547-thread-1] INFO  server.RaftServerConfigKeys (ConfUtils.java:logGet(44)) - raft.server.log.appender.buffer.byte-limit = 33554432 (custom)
2020-07-02 19:47:39,471 [pool-547-thread-1] INFO  server.RaftServerConfigKeys (ConfUtils.java:logGet(44)) - raft.server.log.segment.size.max = 1048576 (custom)
2020-07-02 19:47:39,471 [pool-547-thread-1] INFO  metrics.RatisMetrics (RatisMetrics.java:lambda$create$0(36)) - Creating Metrics Registry : ratis.log_worker.31b30001-c6bc-41c4-8b5d-b541ce032758@group-B81F1D24982B
2020-07-02 19:47:39,472 [EventQueue-PipelineReportForPipelineReportHandler] INFO  pipeline.PipelineStateManager (PipelineStateManager.java:openPipeline(131)) - Pipeline Pipeline[ Id: e06c2e9d-4eec-4731-9028-b81f1d24982b, Nodes: 31b30001-c6bc-41c4-8b5d-b541ce032758{ip: 172.17.0.2, host: 88424e9b97c1, networkLocation: /default-rack, certSerialId: null}, Type:RATIS, Factor:ONE, State:ALLOCATED, leaderId:31b30001-c6bc-41c4-8b5d-b541ce032758, CreationTimestamp2020-07-02T19:47:36.465Z] moved to OPEN state
2020-07-02 19:47:39,472 [pool-547-thread-1] INFO  server.RaftServerConfigKeys (ConfUtils.java:logGet(44)) - raft.server.log.segment.cache.num.max = 2 (custom)
2020-07-02 19:47:39,472 [EventQueue-OpenPipelineForHealthyPipelineSafeModeRule] INFO  safemode.SCMSafeModeManager (HealthyPipelineSafeModeRule.java:process(129)) - SCM in safe mode. Healthy pipelines reported count is 0, required healthy pipeline reported count is 1
2020-07-02 19:47:39,472 [EventQueue-OpenPipelineForOneReplicaPipelineSafeModeRule] INFO  safemode.SCMSafeModeManager (SCMSafeModeManager.java:validateSafeModeExitRules(214)) - AtleastOneDatanodeReportedRule rule is successfully validated
2020-07-02 19:47:39,472 [pool-547-thread-1] INFO  segmented.SegmentedRaftLogWorker (SegmentedRaftLogWorker.java:<init>(180)) - new 31b30001-c6bc-41c4-8b5d-b541ce032758@group-B81F1D24982B-SegmentedRaftLogWorker for RaftStorage:Storage Directory /github/workspace/mnt/ozone/hadoop-ozone/integration-test/target/test-dir/MiniOzoneClusterImpl-47077420-a86b-4566-b2ce-9fb6a30396ee/datanode-3/data/ratis/e06c2e9d-4eec-4731-9028-b81f1d24982b
2020-07-02 19:47:39,472 [pool-547-thread-1] INFO  server.RaftServerConfigKeys (ConfUtils.java:logGet(44)) - raft.server.log.queue.byte-limit = 2147483647 (custom)
2020-07-02 19:47:39,472 [pool-547-thread-1] INFO  server.RaftServerConfigKeys (ConfUtils.java:logGet(44)) - raft.server.log.queue.element-limit = 1024 (custom)
2020-07-02 19:47:39,472 [pool-547-thread-1] INFO  server.RaftServerConfigKeys (ConfUtils.java:logGet(44)) - raft.server.log.segment.size.max = 1048576 (custom)
2020-07-02 19:47:39,472 [pool-547-thread-1] INFO  server.RaftServerConfigKeys (ConfUtils.java:logGet(44)) - raft.server.log.preallocated.size = 16384 (custom)
2020-07-02 19:47:39,472 [pool-547-thread-1] INFO  server.RaftServerConfigKeys (ConfUtils.java:logGet(44)) - raft.server.log.write.buffer.size = 1048576 (custom)
2020-07-02 19:47:39,472 [pool-547-thread-1] INFO  server.RaftServerConfigKeys (ConfUtils.java:logGet(44)) - raft.server.log.force.sync.num = 128 (default)
2020-07-02 19:47:39,472 [pool-547-thread-1] INFO  server.RaftServerConfigKeys (ConfUtils.java:logGet(44)) - raft.server.log.statemachine.data.sync = true (default)
2020-07-02 19:47:39,472 [pool-547-thread-1] INFO  server.RaftServerConfigKeys (ConfUtils.java:logGet(44)) - raft.server.log.statemachine.data.sync.timeout = 10s (default)
2020-07-02 19:47:39,472 [pool-547-thread-1] INFO  server.RaftServerConfigKeys (ConfUtils.java:logGet(44)) - raft.server.log.statemachine.data.sync.timeout.retry = -1 (default)
2020-07-02 19:47:39,475 [pool-547-thread-1] INFO  server.RaftServerConfigKeys (ConfUtils.java:logGet(44)) - raft.server.log.statemachine.data.caching.enabled = true (custom)
2020-07-02 19:47:39,475 [pool-547-thread-1] INFO  segmented.SegmentedRaftLogWorker (SegmentedRaftLogWorker.java:lambda$new$0(129)) - 31b30001-c6bc-41c4-8b5d-b541ce032758@group-B81F1D24982B-SegmentedRaftLogWorker: flushIndex: setUnconditionally 0 -> -1
2020-07-02 19:47:39,475 [pool-547-thread-1] INFO  segmented.SegmentedRaftLogWorker (SegmentedRaftLogWorker.java:lambda$new$0(129)) - 31b30001-c6bc-41c4-8b5d-b541ce032758@group-B81F1D24982B-SegmentedRaftLogWorker: safeCacheEvictIndex: setUnconditionally 0 -> -1
2020-07-02 19:47:39,475 [pool-547-thread-1] INFO  server.RaftServerConfigKeys (ConfUtils.java:logGet(44)) - raft.server.snapshot.auto.trigger.enabled = true (custom)
2020-07-02 19:47:39,475 [pool-547-thread-1] INFO  server.RaftServerConfigKeys (ConfUtils.java:logGet(44)) - raft.server.snapshot.auto.trigger.threshold = 10000 (custom)
2020-07-02 19:47:39,475 [pool-547-thread-1] INFO  server.RaftServerConfigKeys (ConfUtils.java:logGet(44)) - raft.server.snapshot.retention.file.num = 5 (custom)
2020-07-02 19:47:39,475 [pool-547-thread-1] INFO  server.RaftServerConfigKeys (ConfUtils.java:logGet(44)) - raft.server.log.purge.upto.snapshot.index = false (default)
2020-07-02 19:47:39,475 [pool-547-thread-1] INFO  server.RaftServerConfigKeys (ConfUtils.java:logGet(44)) - raft.server.retrycache.expirytime = 600000ms (custom)
2020-07-02 19:47:39,475 [pool-547-thread-1] INFO  metrics.RatisMetrics (RatisMetrics.java:lambda$create$0(36)) - Creating Metrics Registry : ratis.leader_election.31b30001-c6bc-41c4-8b5d-b541ce032758@group-B81F1D24982B
2020-07-02 19:47:39,476 [pool-547-thread-1] INFO  metrics.RatisMetrics (RatisMetrics.java:lambda$create$0(36)) - Creating Metrics Registry : ratis.server.31b30001-c6bc-41c4-8b5d-b541ce032758@group-B81F1D24982B
2020-07-02 19:47:39,477 [pool-547-thread-1] INFO  impl.RaftServerImpl (RaftServerImpl.java:start(186)) - 31b30001-c6bc-41c4-8b5d-b541ce032758@group-B81F1D24982B: start as a follower, conf=-1: [31b30001-c6bc-41c4-8b5d-b541ce032758:172.17.0.2:41537], old=null
2020-07-02 19:47:39,477 [pool-547-thread-1] INFO  impl.RaftServerImpl (RaftServerImpl.java:setRole(175)) - 31b30001-c6bc-41c4-8b5d-b541ce032758@group-B81F1D24982B: changes role from      null to FOLLOWER at term 0 for startAsFollower
2020-07-02 19:47:39,477 [pool-547-thread-1] INFO  impl.RoleInfo (RoleInfo.java:updateAndGet(143)) - 31b30001-c6bc-41c4-8b5d-b541ce032758: start FollowerState
2020-07-02 19:47:39,478 [pool-547-thread-1] INFO  util.JmxRegister (JmxRegister.java:tryRegister(44)) - Successfully registered JMX Bean with object name Ratis:service=RaftServer,group=group-B81F1D24982B,id=31b30001-c6bc-41c4-8b5d-b541ce032758
2020-07-02 19:47:39,478 [pool-547-thread-1] INFO  metrics.RatisMetrics (RatisMetrics.java:lambda$create$0(36)) - Creating Metrics Registry : ratis.state_machine.31b30001-c6bc-41c4-8b5d-b541ce032758@group-B81F1D24982B
2020-07-02 19:47:39,479 [Command processor thread] INFO  commandhandler.CreatePipelineCommandHandler (CreatePipelineCommandHandler.java:handle(109)) - Created Pipeline RATIS ONE #id: "e06c2e9d-4eec-4731-9028-b81f1d24982b"
uuid128 {
  mostSigBits: -2275392458560092367
  leastSigBits: -8058989089407068117
}
.
2020-07-02 19:47:39,479 [Command processor thread] INFO  impl.RaftServerProxy (RaftServerProxy.java:addNew(89)) - 31b30001-c6bc-41c4-8b5d-b541ce032758: addNew group-18AB17D9DAF3:[0b60331c-5e1c-4a80-9807-96a116b38597:172.17.0.2:39379, 31b30001-c6bc-41c4-8b5d-b541ce032758:172.17.0.2:41537, 9477b405-238c-48d3-b137-1691fefbdcbe:172.17.0.2:37669] returns group-18AB17D9DAF3:java.util.concurrent.CompletableFuture@1107e88d[Not completed]
2020-07-02 19:47:39,479 [pool-547-thread-1] INFO  impl.RaftServerImpl (RaftServerImpl.java:<init>(99)) - 31b30001-c6bc-41c4-8b5d-b541ce032758: new RaftServerImpl for group-18AB17D9DAF3:[0b60331c-5e1c-4a80-9807-96a116b38597:172.17.0.2:39379, 31b30001-c6bc-41c4-8b5d-b541ce032758:172.17.0.2:41537, 9477b405-238c-48d3-b137-1691fefbdcbe:172.17.0.2:37669] with ContainerStateMachine:uninitialized
2020-07-02 19:47:39,479 [pool-547-thread-1] INFO  server.RaftServerConfigKeys (ConfUtils.java:logGet(44)) - raft.server.rpc.timeout.min = 5s (custom)
2020-07-02 19:47:39,480 [pool-547-thread-1] INFO  server.RaftServerConfigKeys (ConfUtils.java:logGet(44)) - raft.server.rpc.timeout.max = 5200ms (custom)
2020-07-02 19:47:39,480 [pool-547-thread-1] INFO  server.RaftServerConfigKeys (ConfUtils.java:logGet(44)) - raft.server.rpcslowness.timeout = 300000ms (custom)
2020-07-02 19:47:39,480 [pool-547-thread-1] INFO  server.RaftServerConfigKeys (ConfUtils.java:logGet(44)) - raft.server.sleep.deviation.threshold = 300 (default)
2020-07-02 19:47:39,480 [pool-547-thread-1] INFO  server.RaftServerConfigKeys (ConfUtils.java:logGet(44)) - raft.server.log.appender.install.snapshot.enabled = false (custom)
2020-07-02 19:47:39,480 [pool-547-thread-1] INFO  impl.RaftServerImpl (ServerState.java:<init>(103)) - 31b30001-c6bc-41c4-8b5d-b541ce032758@group-18AB17D9DAF3: ConfigurationManager, init=-1: [0b60331c-5e1c-4a80-9807-96a116b38597:172.17.0.2:39379, 31b30001-c6bc-41c4-8b5d-b541ce032758:172.17.0.2:41537, 9477b405-238c-48d3-b137-1691fefbdcbe:172.17.0.2:37669], old=null, confs=<EMPTY_MAP>
2020-07-02 19:47:39,480 [pool-547-thread-1] INFO  server.RaftServerConfigKeys (ConfUtils.java:logGet(44)) - raft.server.storage.dir = [/github/workspace/mnt/ozone/hadoop-ozone/integration-test/target/test-dir/MiniOzoneClusterImpl-47077420-a86b-4566-b2ce-9fb6a30396ee/datanode-3/data/ratis] (custom)
2020-07-02 19:47:39,480 [pool-547-thread-1] INFO  server.RaftServerConfigKeys (ConfUtils.java:logGet(44)) - raft.server.log.corruption.policy = EXCEPTION (default)
2020-07-02 19:47:39,480 [pool-547-thread-1] INFO  storage.RaftStorageDirectory (RaftStorageDirectory.java:analyzeStorage(261)) - The storage directory /github/workspace/mnt/ozone/hadoop-ozone/integration-test/target/test-dir/MiniOzoneClusterImpl-47077420-a86b-4566-b2ce-9fb6a30396ee/datanode-3/data/ratis/23897b69-0af8-43ef-a6fd-18ab17d9daf3 does not exist. Creating ...
2020-07-02 19:47:39,481 [pool-547-thread-1] INFO  storage.RaftStorageDirectory (RaftStorageDirectory.java:tryLock(343)) - Lock on /github/workspace/mnt/ozone/hadoop-ozone/integration-test/target/test-dir/MiniOzoneClusterImpl-47077420-a86b-4566-b2ce-9fb6a30396ee/datanode-3/data/ratis/23897b69-0af8-43ef-a6fd-18ab17d9daf3/in_use.lock acquired by nodename 20513@88424e9b97c1
2020-07-02 19:47:39,482 [pool-547-thread-1] INFO  storage.RaftStorage (RaftStorage.java:format(84)) - Storage directory /github/workspace/mnt/ozone/hadoop-ozone/integration-test/target/test-dir/MiniOzoneClusterImpl-47077420-a86b-4566-b2ce-9fb6a30396ee/datanode-3/data/ratis/23897b69-0af8-43ef-a6fd-18ab17d9daf3 has been successfully formatted.
2020-07-02 19:47:39,482 [pool-547-thread-1] INFO  ratis.ContainerStateMachine (ContainerStateMachine.java:loadSnapshot(225)) - group-18AB17D9DAF3: The snapshot info is null. Setting the last applied indexto:(t:0, i:~)
2020-07-02 19:47:39,482 [pool-547-thread-1] INFO  server.RaftServerConfigKeys (ConfUtils.java:logGet(44)) - raft.server.notification.no-leader.timeout = 60s (default)
2020-07-02 19:47:39,482 [pool-547-thread-1] INFO  server.RaftServerConfigKeys (ConfUtils.java:logGet(44)) - raft.server.log.use.memory = false (default)
2020-07-02 19:47:39,482 [pool-547-thread-1] INFO  server.RaftServerConfigKeys (ConfUtils.java:logGet(44)) - raft.server.log.purge.gap = 1000000 (custom)
2020-07-02 19:47:39,482 [pool-547-thread-1] INFO  server.RaftServerConfigKeys (ConfUtils.java:logGet(44)) - raft.server.log.appender.buffer.byte-limit = 33554432 (custom)
2020-07-02 19:47:39,482 [pool-547-thread-1] INFO  server.RaftServerConfigKeys (ConfUtils.java:logGet(44)) - raft.server.log.segment.size.max = 1048576 (custom)
2020-07-02 19:47:39,483 [pool-547-thread-1] INFO  metrics.RatisMetrics (RatisMetrics.java:lambda$create$0(36)) - Creating Metrics Registry : ratis.log_worker.31b30001-c6bc-41c4-8b5d-b541ce032758@group-18AB17D9DAF3
2020-07-02 19:47:39,483 [pool-547-thread-1] INFO  server.RaftServerConfigKeys (ConfUtils.java:logGet(44)) - raft.server.log.segment.cache.num.max = 2 (custom)
2020-07-02 19:47:39,483 [pool-547-thread-1] INFO  segmented.SegmentedRaftLogWorker (SegmentedRaftLogWorker.java:<init>(180)) - new 31b30001-c6bc-41c4-8b5d-b541ce032758@group-18AB17D9DAF3-SegmentedRaftLogWorker for RaftStorage:Storage Directory /github/workspace/mnt/ozone/hadoop-ozone/integration-test/target/test-dir/MiniOzoneClusterImpl-47077420-a86b-4566-b2ce-9fb6a30396ee/datanode-3/data/ratis/23897b69-0af8-43ef-a6fd-18ab17d9daf3
2020-07-02 19:47:39,483 [pool-547-thread-1] INFO  server.RaftServerConfigKeys (ConfUtils.java:logGet(44)) - raft.server.log.queue.byte-limit = 2147483647 (custom)
2020-07-02 19:47:39,483 [pool-547-thread-1] INFO  server.RaftServerConfigKeys (ConfUtils.java:logGet(44)) - raft.server.log.queue.element-limit = 1024 (custom)
2020-07-02 19:47:39,483 [pool-547-thread-1] INFO  server.RaftServerConfigKeys (ConfUtils.java:logGet(44)) - raft.server.log.segment.size.max = 1048576 (custom)
2020-07-02 19:47:39,483 [pool-547-thread-1] INFO  server.RaftServerConfigKeys (ConfUtils.java:logGet(44)) - raft.server.log.preallocated.size = 16384 (custom)
2020-07-02 19:47:39,483 [pool-547-thread-1] INFO  server.RaftServerConfigKeys (ConfUtils.java:logGet(44)) - raft.server.log.write.buffer.size = 1048576 (custom)
2020-07-02 19:47:39,483 [pool-547-thread-1] INFO  server.RaftServerConfigKeys (ConfUtils.java:logGet(44)) - raft.server.log.force.sync.num = 128 (default)
2020-07-02 19:47:39,483 [pool-547-thread-1] INFO  server.RaftServerConfigKeys (ConfUtils.java:logGet(44)) - raft.server.log.statemachine.data.sync = true (default)
2020-07-02 19:47:39,483 [pool-547-thread-1] INFO  server.RaftServerConfigKeys (ConfUtils.java:logGet(44)) - raft.server.log.statemachine.data.sync.timeout = 10s (default)
2020-07-02 19:47:39,483 [pool-547-thread-1] INFO  server.RaftServerConfigKeys (ConfUtils.java:logGet(44)) - raft.server.log.statemachine.data.sync.timeout.retry = -1 (default)
2020-07-02 19:47:39,486 [pool-547-thread-1] INFO  server.RaftServerConfigKeys (ConfUtils.java:logGet(44)) - raft.server.log.statemachine.data.caching.enabled = true (custom)
2020-07-02 19:47:39,486 [pool-547-thread-1] INFO  segmented.SegmentedRaftLogWorker (SegmentedRaftLogWorker.java:lambda$new$0(129)) - 31b30001-c6bc-41c4-8b5d-b541ce032758@group-18AB17D9DAF3-SegmentedRaftLogWorker: flushIndex: setUnconditionally 0 -> -1
2020-07-02 19:47:39,486 [pool-547-thread-1] INFO  segmented.SegmentedRaftLogWorker (SegmentedRaftLogWorker.java:lambda$new$0(129)) - 31b30001-c6bc-41c4-8b5d-b541ce032758@group-18AB17D9DAF3-SegmentedRaftLogWorker: safeCacheEvictIndex: setUnconditionally 0 -> -1
2020-07-02 19:47:39,486 [pool-547-thread-1] INFO  server.RaftServerConfigKeys (ConfUtils.java:logGet(44)) - raft.server.snapshot.auto.trigger.enabled = true (custom)
2020-07-02 19:47:39,486 [pool-547-thread-1] INFO  server.RaftServerConfigKeys (ConfUtils.java:logGet(44)) - raft.server.snapshot.auto.trigger.threshold = 10000 (custom)
2020-07-02 19:47:39,486 [pool-547-thread-1] INFO  server.RaftServerConfigKeys (ConfUtils.java:logGet(44)) - raft.server.snapshot.retention.file.num = 5 (custom)
2020-07-02 19:47:39,486 [pool-547-thread-1] INFO  server.RaftServerConfigKeys (ConfUtils.java:logGet(44)) - raft.server.log.purge.upto.snapshot.index = false (default)
2020-07-02 19:47:39,486 [pool-547-thread-1] INFO  server.RaftServerConfigKeys (ConfUtils.java:logGet(44)) - raft.server.retrycache.expirytime = 600000ms (custom)
2020-07-02 19:47:39,486 [pool-547-thread-1] INFO  metrics.RatisMetrics (RatisMetrics.java:lambda$create$0(36)) - Creating Metrics Registry : ratis.leader_election.31b30001-c6bc-41c4-8b5d-b541ce032758@group-18AB17D9DAF3
2020-07-02 19:47:39,487 [pool-547-thread-1] INFO  metrics.RatisMetrics (RatisMetrics.java:lambda$create$0(36)) - Creating Metrics Registry : ratis.server.31b30001-c6bc-41c4-8b5d-b541ce032758@group-18AB17D9DAF3
2020-07-02 19:47:39,489 [pool-547-thread-1] INFO  impl.RaftServerImpl (RaftServerImpl.java:start(186)) - 31b30001-c6bc-41c4-8b5d-b541ce032758@group-18AB17D9DAF3: start as a follower, conf=-1: [0b60331c-5e1c-4a80-9807-96a116b38597:172.17.0.2:39379, 31b30001-c6bc-41c4-8b5d-b541ce032758:172.17.0.2:41537, 9477b405-238c-48d3-b137-1691fefbdcbe:172.17.0.2:37669], old=null
2020-07-02 19:47:39,489 [pool-547-thread-1] INFO  impl.RaftServerImpl (RaftServerImpl.java:setRole(175)) - 31b30001-c6bc-41c4-8b5d-b541ce032758@group-18AB17D9DAF3: changes role from      null to FOLLOWER at term 0 for startAsFollower
2020-07-02 19:47:39,489 [pool-547-thread-1] INFO  impl.RoleInfo (RoleInfo.java:updateAndGet(143)) - 31b30001-c6bc-41c4-8b5d-b541ce032758: start FollowerState
2020-07-02 19:47:39,489 [pool-547-thread-1] INFO  util.JmxRegister (JmxRegister.java:tryRegister(44)) - Successfully registered JMX Bean with object name Ratis:service=RaftServer,group=group-18AB17D9DAF3,id=31b30001-c6bc-41c4-8b5d-b541ce032758
2020-07-02 19:47:39,489 [pool-547-thread-1] INFO  metrics.RatisMetrics (RatisMetrics.java:lambda$create$0(36)) - Creating Metrics Registry : ratis.state_machine.31b30001-c6bc-41c4-8b5d-b541ce032758@group-18AB17D9DAF3
2020-07-02 19:47:39,497 [grpc-default-executor-2] INFO  impl.RaftServerProxy (RaftServerProxy.java:addNew(89)) - 0b60331c-5e1c-4a80-9807-96a116b38597: addNew group-18AB17D9DAF3:[0b60331c-5e1c-4a80-9807-96a116b38597:172.17.0.2:39379, 31b30001-c6bc-41c4-8b5d-b541ce032758:172.17.0.2:41537, 9477b405-238c-48d3-b137-1691fefbdcbe:172.17.0.2:37669] returns group-18AB17D9DAF3:java.util.concurrent.CompletableFuture@e99c68f[Not completed]
2020-07-02 19:47:39,498 [pool-577-thread-1] INFO  impl.RaftServerImpl (RaftServerImpl.java:<init>(99)) - 0b60331c-5e1c-4a80-9807-96a116b38597: new RaftServerImpl for group-18AB17D9DAF3:[0b60331c-5e1c-4a80-9807-96a116b38597:172.17.0.2:39379, 31b30001-c6bc-41c4-8b5d-b541ce032758:172.17.0.2:41537, 9477b405-238c-48d3-b137-1691fefbdcbe:172.17.0.2:37669] with ContainerStateMachine:uninitialized
2020-07-02 19:47:39,498 [pool-577-thread-1] INFO  server.RaftServerConfigKeys (ConfUtils.java:logGet(44)) - raft.server.rpc.timeout.min = 5s (custom)
2020-07-02 19:47:39,498 [pool-577-thread-1] INFO  server.RaftServerConfigKeys (ConfUtils.java:logGet(44)) - raft.server.rpc.timeout.max = 5200ms (custom)
2020-07-02 19:47:39,498 [pool-577-thread-1] INFO  server.RaftServerConfigKeys (ConfUtils.java:logGet(44)) - raft.server.rpcslowness.timeout = 300000ms (custom)
2020-07-02 19:47:39,498 [pool-577-thread-1] INFO  server.RaftServerConfigKeys (ConfUtils.java:logGet(44)) - raft.server.sleep.deviation.threshold = 300 (default)
2020-07-02 19:47:39,498 [pool-577-thread-1] INFO  server.RaftServerConfigKeys (ConfUtils.java:logGet(44)) - raft.server.log.appender.install.snapshot.enabled = false (custom)
2020-07-02 19:47:39,498 [pool-577-thread-1] INFO  impl.RaftServerImpl (ServerState.java:<init>(103)) - 0b60331c-5e1c-4a80-9807-96a116b38597@group-18AB17D9DAF3: ConfigurationManager, init=-1: [0b60331c-5e1c-4a80-9807-96a116b38597:172.17.0.2:39379, 31b30001-c6bc-41c4-8b5d-b541ce032758:172.17.0.2:41537, 9477b405-238c-48d3-b137-1691fefbdcbe:172.17.0.2:37669], old=null, confs=<EMPTY_MAP>
2020-07-02 19:47:39,498 [pool-577-thread-1] INFO  server.RaftServerConfigKeys (ConfUtils.java:logGet(44)) - raft.server.storage.dir = [/github/workspace/mnt/ozone/hadoop-ozone/integration-test/target/test-dir/MiniOzoneClusterImpl-47077420-a86b-4566-b2ce-9fb6a30396ee/datanode-5/data/ratis] (custom)
2020-07-02 19:47:39,499 [pool-577-thread-1] INFO  server.RaftServerConfigKeys (ConfUtils.java:logGet(44)) - raft.server.log.corruption.policy = EXCEPTION (default)
2020-07-02 19:47:39,499 [pool-577-thread-1] INFO  storage.RaftStorageDirectory (RaftStorageDirectory.java:analyzeStorage(261)) - The storage directory /github/workspace/mnt/ozone/hadoop-ozone/integration-test/target/test-dir/MiniOzoneClusterImpl-47077420-a86b-4566-b2ce-9fb6a30396ee/datanode-5/data/ratis/23897b69-0af8-43ef-a6fd-18ab17d9daf3 does not exist. Creating ...
2020-07-02 19:47:39,500 [pool-577-thread-1] INFO  storage.RaftStorageDirectory (RaftStorageDirectory.java:tryLock(343)) - Lock on /github/workspace/mnt/ozone/hadoop-ozone/integration-test/target/test-dir/MiniOzoneClusterImpl-47077420-a86b-4566-b2ce-9fb6a30396ee/datanode-5/data/ratis/23897b69-0af8-43ef-a6fd-18ab17d9daf3/in_use.lock acquired by nodename 20513@88424e9b97c1
2020-07-02 19:47:39,500 [pool-577-thread-1] INFO  storage.RaftStorage (RaftStorage.java:format(84)) - Storage directory /github/workspace/mnt/ozone/hadoop-ozone/integration-test/target/test-dir/MiniOzoneClusterImpl-47077420-a86b-4566-b2ce-9fb6a30396ee/datanode-5/data/ratis/23897b69-0af8-43ef-a6fd-18ab17d9daf3 has been successfully formatted.
2020-07-02 19:47:39,501 [pool-577-thread-1] INFO  ratis.ContainerStateMachine (ContainerStateMachine.java:loadSnapshot(225)) - group-18AB17D9DAF3: The snapshot info is null. Setting the last applied indexto:(t:0, i:~)
2020-07-02 19:47:39,501 [pool-577-thread-1] INFO  server.RaftServerConfigKeys (ConfUtils.java:logGet(44)) - raft.server.notification.no-leader.timeout = 60s (default)
2020-07-02 19:47:39,501 [pool-577-thread-1] INFO  server.RaftServerConfigKeys (ConfUtils.java:logGet(44)) - raft.server.log.use.memory = false (default)
2020-07-02 19:47:39,501 [pool-577-thread-1] INFO  server.RaftServerConfigKeys (ConfUtils.java:logGet(44)) - raft.server.log.purge.gap = 1000000 (custom)
2020-07-02 19:47:39,501 [pool-577-thread-1] INFO  server.RaftServerConfigKeys (ConfUtils.java:logGet(44)) - raft.server.log.appender.buffer.byte-limit = 33554432 (custom)
2020-07-02 19:47:39,501 [pool-577-thread-1] INFO  server.RaftServerConfigKeys (ConfUtils.java:logGet(44)) - raft.server.log.segment.size.max = 1048576 (custom)
2020-07-02 19:47:39,502 [pool-577-thread-1] INFO  metrics.RatisMetrics (RatisMetrics.java:lambda$create$0(36)) - Creating Metrics Registry : ratis.log_worker.0b60331c-5e1c-4a80-9807-96a116b38597@group-18AB17D9DAF3
2020-07-02 19:47:39,502 [pool-577-thread-1] INFO  server.RaftServerConfigKeys (ConfUtils.java:logGet(44)) - raft.server.log.segment.cache.num.max = 2 (custom)
2020-07-02 19:47:39,502 [pool-577-thread-1] INFO  segmented.SegmentedRaftLogWorker (SegmentedRaftLogWorker.java:<init>(180)) - new 0b60331c-5e1c-4a80-9807-96a116b38597@group-18AB17D9DAF3-SegmentedRaftLogWorker for RaftStorage:Storage Directory /github/workspace/mnt/ozone/hadoop-ozone/integration-test/target/test-dir/MiniOzoneClusterImpl-47077420-a86b-4566-b2ce-9fb6a30396ee/datanode-5/data/ratis/23897b69-0af8-43ef-a6fd-18ab17d9daf3
2020-07-02 19:47:39,502 [pool-577-thread-1] INFO  server.RaftServerConfigKeys (ConfUtils.java:logGet(44)) - raft.server.log.queue.byte-limit = 2147483647 (custom)
2020-07-02 19:47:39,502 [pool-577-thread-1] INFO  server.RaftServerConfigKeys (ConfUtils.java:logGet(44)) - raft.server.log.queue.element-limit = 1024 (custom)
2020-07-02 19:47:39,502 [pool-577-thread-1] INFO  server.RaftServerConfigKeys (ConfUtils.java:logGet(44)) - raft.server.log.segment.size.max = 1048576 (custom)
2020-07-02 19:47:39,502 [pool-577-thread-1] INFO  server.RaftServerConfigKeys (ConfUtils.java:logGet(44)) - raft.server.log.preallocated.size = 16384 (custom)
2020-07-02 19:47:39,502 [pool-577-thread-1] INFO  server.RaftServerConfigKeys (ConfUtils.java:logGet(44)) - raft.server.log.write.buffer.size = 1048576 (custom)
2020-07-02 19:47:39,503 [pool-577-thread-1] INFO  server.RaftServerConfigKeys (ConfUtils.java:logGet(44)) - raft.server.log.force.sync.num = 128 (default)
2020-07-02 19:47:39,503 [pool-577-thread-1] INFO  server.RaftServerConfigKeys (ConfUtils.java:logGet(44)) - raft.server.log.statemachine.data.sync = true (default)
2020-07-02 19:47:39,503 [pool-577-thread-1] INFO  server.RaftServerConfigKeys (ConfUtils.java:logGet(44)) - raft.server.log.statemachine.data.sync.timeout = 10s (default)
2020-07-02 19:47:39,503 [pool-577-thread-1] INFO  server.RaftServerConfigKeys (ConfUtils.java:logGet(44)) - raft.server.log.statemachine.data.sync.timeout.retry = -1 (default)
2020-07-02 19:47:39,505 [pool-577-thread-1] INFO  server.RaftServerConfigKeys (ConfUtils.java:logGet(44)) - raft.server.log.statemachine.data.caching.enabled = true (custom)
2020-07-02 19:47:39,506 [pool-577-thread-1] INFO  segmented.SegmentedRaftLogWorker (SegmentedRaftLogWorker.java:lambda$new$0(129)) - 0b60331c-5e1c-4a80-9807-96a116b38597@group-18AB17D9DAF3-SegmentedRaftLogWorker: flushIndex: setUnconditionally 0 -> -1
2020-07-02 19:47:39,506 [pool-577-thread-1] INFO  segmented.SegmentedRaftLogWorker (SegmentedRaftLogWorker.java:lambda$new$0(129)) - 0b60331c-5e1c-4a80-9807-96a116b38597@group-18AB17D9DAF3-SegmentedRaftLogWorker: safeCacheEvictIndex: setUnconditionally 0 -> -1
2020-07-02 19:47:39,507 [pool-577-thread-1] INFO  server.RaftServerConfigKeys (ConfUtils.java:logGet(44)) - raft.server.snapshot.auto.trigger.enabled = true (custom)
2020-07-02 19:47:39,507 [pool-577-thread-1] INFO  server.RaftServerConfigKeys (ConfUtils.java:logGet(44)) - raft.server.snapshot.auto.trigger.threshold = 10000 (custom)
2020-07-02 19:47:39,507 [pool-577-thread-1] INFO  server.RaftServerConfigKeys (ConfUtils.java:logGet(44)) - raft.server.snapshot.retention.file.num = 5 (custom)
2020-07-02 19:47:39,507 [pool-577-thread-1] INFO  server.RaftServerConfigKeys (ConfUtils.java:logGet(44)) - raft.server.log.purge.upto.snapshot.index = false (default)
2020-07-02 19:47:39,507 [pool-577-thread-1] INFO  server.RaftServerConfigKeys (ConfUtils.java:logGet(44)) - raft.server.retrycache.expirytime = 600000ms (custom)
2020-07-02 19:47:39,507 [pool-577-thread-1] INFO  metrics.RatisMetrics (RatisMetrics.java:lambda$create$0(36)) - Creating Metrics Registry : ratis.leader_election.0b60331c-5e1c-4a80-9807-96a116b38597@group-18AB17D9DAF3
2020-07-02 19:47:39,508 [pool-577-thread-1] INFO  metrics.RatisMetrics (RatisMetrics.java:lambda$create$0(36)) - Creating Metrics Registry : ratis.server.0b60331c-5e1c-4a80-9807-96a116b38597@group-18AB17D9DAF3
2020-07-02 19:47:39,509 [pool-577-thread-1] INFO  impl.RaftServerImpl (RaftServerImpl.java:start(186)) - 0b60331c-5e1c-4a80-9807-96a116b38597@group-18AB17D9DAF3: start as a follower, conf=-1: [0b60331c-5e1c-4a80-9807-96a116b38597:172.17.0.2:39379, 31b30001-c6bc-41c4-8b5d-b541ce032758:172.17.0.2:41537, 9477b405-238c-48d3-b137-1691fefbdcbe:172.17.0.2:37669], old=null
2020-07-02 19:47:39,509 [pool-577-thread-1] INFO  impl.RaftServerImpl (RaftServerImpl.java:setRole(175)) - 0b60331c-5e1c-4a80-9807-96a116b38597@group-18AB17D9DAF3: changes role from      null to FOLLOWER at term 0 for startAsFollower
2020-07-02 19:47:39,509 [pool-577-thread-1] INFO  impl.RoleInfo (RoleInfo.java:updateAndGet(143)) - 0b60331c-5e1c-4a80-9807-96a116b38597: start FollowerState
2020-07-02 19:47:39,510 [pool-577-thread-1] INFO  util.JmxRegister (JmxRegister.java:tryRegister(44)) - Successfully registered JMX Bean with object name Ratis:service=RaftServer,group=group-18AB17D9DAF3,id=0b60331c-5e1c-4a80-9807-96a116b38597
2020-07-02 19:47:39,510 [pool-577-thread-1] INFO  metrics.RatisMetrics (RatisMetrics.java:lambda$create$0(36)) - Creating Metrics Registry : ratis.state_machine.0b60331c-5e1c-4a80-9807-96a116b38597@group-18AB17D9DAF3
2020-07-02 19:47:39,519 [grpc-default-executor-2] INFO  impl.RaftServerProxy (RaftServerProxy.java:addNew(89)) - 9477b405-238c-48d3-b137-1691fefbdcbe: addNew group-18AB17D9DAF3:[0b60331c-5e1c-4a80-9807-96a116b38597:172.17.0.2:39379, 31b30001-c6bc-41c4-8b5d-b541ce032758:172.17.0.2:41537, 9477b405-238c-48d3-b137-1691fefbdcbe:172.17.0.2:37669] returns group-18AB17D9DAF3:java.util.concurrent.CompletableFuture@9700b7c[Not completed]
2020-07-02 19:47:39,519 [pool-562-thread-1] INFO  impl.RaftServerImpl (RaftServerImpl.java:<init>(99)) - 9477b405-238c-48d3-b137-1691fefbdcbe: new RaftServerImpl for group-18AB17D9DAF3:[0b60331c-5e1c-4a80-9807-96a116b38597:172.17.0.2:39379, 31b30001-c6bc-41c4-8b5d-b541ce032758:172.17.0.2:41537, 9477b405-238c-48d3-b137-1691fefbdcbe:172.17.0.2:37669] with ContainerStateMachine:uninitialized
2020-07-02 19:47:39,519 [pool-562-thread-1] INFO  server.RaftServerConfigKeys (ConfUtils.java:logGet(44)) - raft.server.rpc.timeout.min = 5s (custom)
2020-07-02 19:47:39,519 [pool-562-thread-1] INFO  server.RaftServerConfigKeys (ConfUtils.java:logGet(44)) - raft.server.rpc.timeout.max = 5200ms (custom)
2020-07-02 19:47:39,519 [pool-562-thread-1] INFO  server.RaftServerConfigKeys (ConfUtils.java:logGet(44)) - raft.server.rpcslowness.timeout = 300000ms (custom)
2020-07-02 19:47:39,519 [pool-562-thread-1] INFO  server.RaftServerConfigKeys (ConfUtils.java:logGet(44)) - raft.server.sleep.deviation.threshold = 300 (default)
2020-07-02 19:47:39,519 [pool-562-thread-1] INFO  server.RaftServerConfigKeys (ConfUtils.java:logGet(44)) - raft.server.log.appender.install.snapshot.enabled = false (custom)
2020-07-02 19:47:39,520 [pool-562-thread-1] INFO  impl.RaftServerImpl (ServerState.java:<init>(103)) - 9477b405-238c-48d3-b137-1691fefbdcbe@group-18AB17D9DAF3: ConfigurationManager, init=-1: [0b60331c-5e1c-4a80-9807-96a116b38597:172.17.0.2:39379, 31b30001-c6bc-41c4-8b5d-b541ce032758:172.17.0.2:41537, 9477b405-238c-48d3-b137-1691fefbdcbe:172.17.0.2:37669], old=null, confs=<EMPTY_MAP>
2020-07-02 19:47:39,520 [pool-562-thread-1] INFO  server.RaftServerConfigKeys (ConfUtils.java:logGet(44)) - raft.server.storage.dir = [/github/workspace/mnt/ozone/hadoop-ozone/integration-test/target/test-dir/MiniOzoneClusterImpl-47077420-a86b-4566-b2ce-9fb6a30396ee/datanode-4/data/ratis] (custom)
2020-07-02 19:47:39,520 [pool-562-thread-1] INFO  server.RaftServerConfigKeys (ConfUtils.java:logGet(44)) - raft.server.log.corruption.policy = EXCEPTION (default)
2020-07-02 19:47:39,520 [pool-562-thread-1] INFO  storage.RaftStorageDirectory (RaftStorageDirectory.java:analyzeStorage(261)) - The storage directory /github/workspace/mnt/ozone/hadoop-ozone/integration-test/target/test-dir/MiniOzoneClusterImpl-47077420-a86b-4566-b2ce-9fb6a30396ee/datanode-4/data/ratis/23897b69-0af8-43ef-a6fd-18ab17d9daf3 does not exist. Creating ...
2020-07-02 19:47:39,521 [pool-562-thread-1] INFO  storage.RaftStorageDirectory (RaftStorageDirectory.java:tryLock(343)) - Lock on /github/workspace/mnt/ozone/hadoop-ozone/integration-test/target/test-dir/MiniOzoneClusterImpl-47077420-a86b-4566-b2ce-9fb6a30396ee/datanode-4/data/ratis/23897b69-0af8-43ef-a6fd-18ab17d9daf3/in_use.lock acquired by nodename 20513@88424e9b97c1
2020-07-02 19:47:39,522 [Command processor thread] INFO  impl.RaftServerProxy (RaftServerProxy.java:addNew(89)) - 9477b405-238c-48d3-b137-1691fefbdcbe: addNew group-798A781614CD:[9477b405-238c-48d3-b137-1691fefbdcbe:172.17.0.2:37669] returns group-798A781614CD:java.util.concurrent.CompletableFuture@158d59a6[Not completed]
2020-07-02 19:47:39,522 [pool-562-thread-1] INFO  storage.RaftStorage (RaftStorage.java:format(84)) - Storage directory /github/workspace/mnt/ozone/hadoop-ozone/integration-test/target/test-dir/MiniOzoneClusterImpl-47077420-a86b-4566-b2ce-9fb6a30396ee/datanode-4/data/ratis/23897b69-0af8-43ef-a6fd-18ab17d9daf3 has been successfully formatted.
2020-07-02 19:47:39,523 [pool-562-thread-1] INFO  ratis.ContainerStateMachine (ContainerStateMachine.java:loadSnapshot(225)) - group-18AB17D9DAF3: The snapshot info is null. Setting the last applied indexto:(t:0, i:~)
2020-07-02 19:47:39,523 [pool-562-thread-1] INFO  server.RaftServerConfigKeys (ConfUtils.java:logGet(44)) - raft.server.notification.no-leader.timeout = 60s (default)
2020-07-02 19:47:39,523 [pool-562-thread-1] INFO  server.RaftServerConfigKeys (ConfUtils.java:logGet(44)) - raft.server.log.use.memory = false (default)
2020-07-02 19:47:39,523 [pool-562-thread-1] INFO  server.RaftServerConfigKeys (ConfUtils.java:logGet(44)) - raft.server.log.purge.gap = 1000000 (custom)
2020-07-02 19:47:39,524 [pool-562-thread-1] INFO  server.RaftServerConfigKeys (ConfUtils.java:logGet(44)) - raft.server.log.appender.buffer.byte-limit = 33554432 (custom)
2020-07-02 19:47:39,524 [pool-562-thread-1] INFO  server.RaftServerConfigKeys (ConfUtils.java:logGet(44)) - raft.server.log.segment.size.max = 1048576 (custom)
2020-07-02 19:47:39,524 [pool-562-thread-1] INFO  metrics.RatisMetrics (RatisMetrics.java:lambda$create$0(36)) - Creating Metrics Registry : ratis.log_worker.9477b405-238c-48d3-b137-1691fefbdcbe@group-18AB17D9DAF3
2020-07-02 19:47:39,524 [pool-562-thread-1] INFO  server.RaftServerConfigKeys (ConfUtils.java:logGet(44)) - raft.server.log.segment.cache.num.max = 2 (custom)
2020-07-02 19:47:39,524 [pool-562-thread-1] INFO  segmented.SegmentedRaftLogWorker (SegmentedRaftLogWorker.java:<init>(180)) - new 9477b405-238c-48d3-b137-1691fefbdcbe@group-18AB17D9DAF3-SegmentedRaftLogWorker for RaftStorage:Storage Directory /github/workspace/mnt/ozone/hadoop-ozone/integration-test/target/test-dir/MiniOzoneClusterImpl-47077420-a86b-4566-b2ce-9fb6a30396ee/datanode-4/data/ratis/23897b69-0af8-43ef-a6fd-18ab17d9daf3
2020-07-02 19:47:39,524 [pool-562-thread-1] INFO  server.RaftServerConfigKeys (ConfUtils.java:logGet(44)) - raft.server.log.queue.byte-limit = 2147483647 (custom)
2020-07-02 19:47:39,524 [pool-562-thread-1] INFO  server.RaftServerConfigKeys (ConfUtils.java:logGet(44)) - raft.server.log.queue.element-limit = 1024 (custom)
2020-07-02 19:47:39,524 [pool-562-thread-1] INFO  server.RaftServerConfigKeys (ConfUtils.java:logGet(44)) - raft.server.log.segment.size.max = 1048576 (custom)
2020-07-02 19:47:39,524 [pool-562-thread-1] INFO  server.RaftServerConfigKeys (ConfUtils.java:logGet(44)) - raft.server.log.preallocated.size = 16384 (custom)
2020-07-02 19:47:39,524 [pool-562-thread-1] INFO  server.RaftServerConfigKeys (ConfUtils.java:logGet(44)) - raft.server.log.write.buffer.size = 1048576 (custom)
2020-07-02 19:47:39,524 [pool-562-thread-1] INFO  server.RaftServerConfigKeys (ConfUtils.java:logGet(44)) - raft.server.log.force.sync.num = 128 (default)
2020-07-02 19:47:39,525 [pool-562-thread-1] INFO  server.RaftServerConfigKeys (ConfUtils.java:logGet(44)) - raft.server.log.statemachine.data.sync = true (default)
2020-07-02 19:47:39,526 [pool-562-thread-1] INFO  server.RaftServerConfigKeys (ConfUtils.java:logGet(44)) - raft.server.log.statemachine.data.sync.timeout = 10s (default)
2020-07-02 19:47:39,526 [EventQueue-PipelineReportForPipelineReportHandler] INFO  pipeline.PipelineStateManager (PipelineStateManager.java:openPipeline(131)) - Pipeline Pipeline[ Id: cdcab39c-fac5-4f85-9da5-798a781614cd, Nodes: 9477b405-238c-48d3-b137-1691fefbdcbe{ip: 172.17.0.2, host: 88424e9b97c1, networkLocation: /default-rack, certSerialId: null}, Type:RATIS, Factor:ONE, State:ALLOCATED, leaderId:9477b405-238c-48d3-b137-1691fefbdcbe, CreationTimestamp2020-07-02T19:47:36.523Z] moved to OPEN state
2020-07-02 19:47:39,526 [pool-562-thread-1] INFO  server.RaftServerConfigKeys (ConfUtils.java:logGet(44)) - raft.server.log.statemachine.data.sync.timeout.retry = -1 (default)
2020-07-02 19:47:39,526 [EventQueue-OpenPipelineForHealthyPipelineSafeModeRule] INFO  safemode.SCMSafeModeManager (HealthyPipelineSafeModeRule.java:process(129)) - SCM in safe mode. Healthy pipelines reported count is 0, required healthy pipeline reported count is 1
2020-07-02 19:47:39,526 [EventQueue-OpenPipelineForOneReplicaPipelineSafeModeRule] INFO  safemode.SCMSafeModeManager (SCMSafeModeManager.java:validateSafeModeExitRules(214)) - AtleastOneDatanodeReportedRule rule is successfully validated
2020-07-02 19:47:39,531 [pool-562-thread-1] INFO  server.RaftServerConfigKeys (ConfUtils.java:logGet(44)) - raft.server.log.statemachine.data.caching.enabled = true (custom)
2020-07-02 19:47:39,532 [pool-562-thread-1] INFO  segmented.SegmentedRaftLogWorker (SegmentedRaftLogWorker.java:lambda$new$0(129)) - 9477b405-238c-48d3-b137-1691fefbdcbe@group-18AB17D9DAF3-SegmentedRaftLogWorker: flushIndex: setUnconditionally 0 -> -1
2020-07-02 19:47:39,532 [pool-562-thread-1] INFO  segmented.SegmentedRaftLogWorker (SegmentedRaftLogWorker.java:lambda$new$0(129)) - 9477b405-238c-48d3-b137-1691fefbdcbe@group-18AB17D9DAF3-SegmentedRaftLogWorker: safeCacheEvictIndex: setUnconditionally 0 -> -1
2020-07-02 19:47:39,532 [pool-562-thread-1] INFO  server.RaftServerConfigKeys (ConfUtils.java:logGet(44)) - raft.server.snapshot.auto.trigger.enabled = true (custom)
2020-07-02 19:47:39,532 [pool-562-thread-1] INFO  server.RaftServerConfigKeys (ConfUtils.java:logGet(44)) - raft.server.snapshot.auto.trigger.threshold = 10000 (custom)
2020-07-02 19:47:39,532 [pool-562-thread-1] INFO  server.RaftServerConfigKeys (ConfUtils.java:logGet(44)) - raft.server.snapshot.retention.file.num = 5 (custom)
2020-07-02 19:47:39,532 [pool-562-thread-1] INFO  server.RaftServerConfigKeys (ConfUtils.java:logGet(44)) - raft.server.log.purge.upto.snapshot.index = false (default)
2020-07-02 19:47:39,532 [pool-562-thread-1] INFO  server.RaftServerConfigKeys (ConfUtils.java:logGet(44)) - raft.server.retrycache.expirytime = 600000ms (custom)
2020-07-02 19:47:39,532 [pool-562-thread-1] INFO  metrics.RatisMetrics (RatisMetrics.java:lambda$create$0(36)) - Creating Metrics Registry : ratis.leader_election.9477b405-238c-48d3-b137-1691fefbdcbe@group-18AB17D9DAF3
2020-07-02 19:47:39,533 [pool-562-thread-1] INFO  metrics.RatisMetrics (RatisMetrics.java:lambda$create$0(36)) - Creating Metrics Registry : ratis.server.9477b405-238c-48d3-b137-1691fefbdcbe@group-18AB17D9DAF3
2020-07-02 19:47:39,535 [pool-562-thread-1] INFO  impl.RaftServerImpl (RaftServerImpl.java:<init>(99)) - 9477b405-238c-48d3-b137-1691fefbdcbe: new RaftServerImpl for group-798A781614CD:[9477b405-238c-48d3-b137-1691fefbdcbe:172.17.0.2:37669] with ContainerStateMachine:uninitialized
2020-07-02 19:47:39,535 [pool-562-thread-1] INFO  server.RaftServerConfigKeys (ConfUtils.java:logGet(44)) - raft.server.rpc.timeout.min = 5s (custom)
2020-07-02 19:47:39,535 [pool-562-thread-1] INFO  server.RaftServerConfigKeys (ConfUtils.java:logGet(44)) - raft.server.rpc.timeout.max = 5200ms (custom)
2020-07-02 19:47:39,535 [pool-562-thread-1] INFO  server.RaftServerConfigKeys (ConfUtils.java:logGet(44)) - raft.server.rpcslowness.timeout = 300000ms (custom)
2020-07-02 19:47:39,535 [pool-562-thread-1] INFO  server.RaftServerConfigKeys (ConfUtils.java:logGet(44)) - raft.server.sleep.deviation.threshold = 300 (default)
2020-07-02 19:47:39,535 [pool-562-thread-1] INFO  server.RaftServerConfigKeys (ConfUtils.java:logGet(44)) - raft.server.log.appender.install.snapshot.enabled = false (custom)
2020-07-02 19:47:39,535 [pool-562-thread-1] INFO  impl.RaftServerImpl (ServerState.java:<init>(103)) - 9477b405-238c-48d3-b137-1691fefbdcbe@group-798A781614CD: ConfigurationManager, init=-1: [9477b405-238c-48d3-b137-1691fefbdcbe:172.17.0.2:37669], old=null, confs=<EMPTY_MAP>
2020-07-02 19:47:39,535 [pool-562-thread-1] INFO  server.RaftServerConfigKeys (ConfUtils.java:logGet(44)) - raft.server.storage.dir = [/github/workspace/mnt/ozone/hadoop-ozone/integration-test/target/test-dir/MiniOzoneClusterImpl-47077420-a86b-4566-b2ce-9fb6a30396ee/datanode-4/data/ratis] (custom)
2020-07-02 19:47:39,535 [pool-562-thread-1] INFO  server.RaftServerConfigKeys (ConfUtils.java:logGet(44)) - raft.server.log.corruption.policy = EXCEPTION (default)
2020-07-02 19:47:39,535 [pool-562-thread-1] INFO  storage.RaftStorageDirectory (RaftStorageDirectory.java:analyzeStorage(261)) - The storage directory /github/workspace/mnt/ozone/hadoop-ozone/integration-test/target/test-dir/MiniOzoneClusterImpl-47077420-a86b-4566-b2ce-9fb6a30396ee/datanode-4/data/ratis/cdcab39c-fac5-4f85-9da5-798a781614cd does not exist. Creating ...
2020-07-02 19:47:39,536 [pool-562-thread-1] INFO  storage.RaftStorageDirectory (RaftStorageDirectory.java:tryLock(343)) - Lock on /github/workspace/mnt/ozone/hadoop-ozone/integration-test/target/test-dir/MiniOzoneClusterImpl-47077420-a86b-4566-b2ce-9fb6a30396ee/datanode-4/data/ratis/cdcab39c-fac5-4f85-9da5-798a781614cd/in_use.lock acquired by nodename 20513@88424e9b97c1
2020-07-02 19:47:39,538 [pool-562-thread-1] INFO  storage.RaftStorage (RaftStorage.java:format(84)) - Storage directory /github/workspace/mnt/ozone/hadoop-ozone/integration-test/target/test-dir/MiniOzoneClusterImpl-47077420-a86b-4566-b2ce-9fb6a30396ee/datanode-4/data/ratis/cdcab39c-fac5-4f85-9da5-798a781614cd has been successfully formatted.
2020-07-02 19:47:39,538 [pool-562-thread-1] INFO  ratis.ContainerStateMachine (ContainerStateMachine.java:loadSnapshot(225)) - group-798A781614CD: The snapshot info is null. Setting the last applied indexto:(t:0, i:~)
2020-07-02 19:47:39,538 [pool-562-thread-1] INFO  server.RaftServerConfigKeys (ConfUtils.java:logGet(44)) - raft.server.notification.no-leader.timeout = 60s (default)
2020-07-02 19:47:39,538 [pool-562-thread-1] INFO  server.RaftServerConfigKeys (ConfUtils.java:logGet(44)) - raft.server.log.use.memory = false (default)
2020-07-02 19:47:39,538 [pool-562-thread-1] INFO  server.RaftServerConfigKeys (ConfUtils.java:logGet(44)) - raft.server.log.purge.gap = 1000000 (custom)
2020-07-02 19:47:39,538 [pool-562-thread-1] INFO  server.RaftServerConfigKeys (ConfUtils.java:logGet(44)) - raft.server.log.appender.buffer.byte-limit = 33554432 (custom)
2020-07-02 19:47:39,538 [pool-562-thread-1] INFO  server.RaftServerConfigKeys (ConfUtils.java:logGet(44)) - raft.server.log.segment.size.max = 1048576 (custom)
2020-07-02 19:47:39,538 [pool-562-thread-1] INFO  metrics.RatisMetrics (RatisMetrics.java:lambda$create$0(36)) - Creating Metrics Registry : ratis.log_worker.9477b405-238c-48d3-b137-1691fefbdcbe@group-798A781614CD
2020-07-02 19:47:39,539 [pool-562-thread-1] INFO  server.RaftServerConfigKeys (ConfUtils.java:logGet(44)) - raft.server.log.segment.cache.num.max = 2 (custom)
2020-07-02 19:47:39,539 [pool-562-thread-1] INFO  segmented.SegmentedRaftLogWorker (SegmentedRaftLogWorker.java:<init>(180)) - new 9477b405-238c-48d3-b137-1691fefbdcbe@group-798A781614CD-SegmentedRaftLogWorker for RaftStorage:Storage Directory /github/workspace/mnt/ozone/hadoop-ozone/integration-test/target/test-dir/MiniOzoneClusterImpl-47077420-a86b-4566-b2ce-9fb6a30396ee/datanode-4/data/ratis/cdcab39c-fac5-4f85-9da5-798a781614cd
2020-07-02 19:47:39,539 [pool-562-thread-1] INFO  server.RaftServerConfigKeys (ConfUtils.java:logGet(44)) - raft.server.log.queue.byte-limit = 2147483647 (custom)
2020-07-02 19:47:39,539 [pool-562-thread-1] INFO  server.RaftServerConfigKeys (ConfUtils.java:logGet(44)) - raft.server.log.queue.element-limit = 1024 (custom)
2020-07-02 19:47:39,539 [pool-562-thread-1] INFO  server.RaftServerConfigKeys (ConfUtils.java:logGet(44)) - raft.server.log.segment.size.max = 1048576 (custom)
2020-07-02 19:47:39,539 [pool-562-thread-1] INFO  server.RaftServerConfigKeys (ConfUtils.java:logGet(44)) - raft.server.log.preallocated.size = 16384 (custom)
2020-07-02 19:47:39,539 [pool-562-thread-1] INFO  server.RaftServerConfigKeys (ConfUtils.java:logGet(44)) - raft.server.log.write.buffer.size = 1048576 (custom)
2020-07-02 19:47:39,540 [pool-562-thread-1] INFO  server.RaftServerConfigKeys (ConfUtils.java:logGet(44)) - raft.server.log.force.sync.num = 128 (default)
2020-07-02 19:47:39,540 [pool-562-thread-1] INFO  server.RaftServerConfigKeys (ConfUtils.java:logGet(44)) - raft.server.log.statemachine.data.sync = true (default)
2020-07-02 19:47:39,540 [pool-562-thread-1] INFO  server.RaftServerConfigKeys (ConfUtils.java:logGet(44)) - raft.server.log.statemachine.data.sync.timeout = 10s (default)
2020-07-02 19:47:39,540 [pool-562-thread-1] INFO  server.RaftServerConfigKeys (ConfUtils.java:logGet(44)) - raft.server.log.statemachine.data.sync.timeout.retry = -1 (default)
2020-07-02 19:47:39,542 [pool-562-thread-1] INFO  server.RaftServerConfigKeys (ConfUtils.java:logGet(44)) - raft.server.log.statemachine.data.caching.enabled = true (custom)
2020-07-02 19:47:39,542 [pool-562-thread-1] INFO  segmented.SegmentedRaftLogWorker (SegmentedRaftLogWorker.java:lambda$new$0(129)) - 9477b405-238c-48d3-b137-1691fefbdcbe@group-798A781614CD-SegmentedRaftLogWorker: flushIndex: setUnconditionally 0 -> -1
2020-07-02 19:47:39,543 [pool-562-thread-1] INFO  segmented.SegmentedRaftLogWorker (SegmentedRaftLogWorker.java:lambda$new$0(129)) - 9477b405-238c-48d3-b137-1691fefbdcbe@group-798A781614CD-SegmentedRaftLogWorker: safeCacheEvictIndex: setUnconditionally 0 -> -1
2020-07-02 19:47:39,543 [pool-562-thread-1] INFO  server.RaftServerConfigKeys (ConfUtils.java:logGet(44)) - raft.server.snapshot.auto.trigger.enabled = true (custom)
2020-07-02 19:47:39,543 [pool-562-thread-1] INFO  server.RaftServerConfigKeys (ConfUtils.java:logGet(44)) - raft.server.snapshot.auto.trigger.threshold = 10000 (custom)
2020-07-02 19:47:39,543 [pool-562-thread-1] INFO  server.RaftServerConfigKeys (ConfUtils.java:logGet(44)) - raft.server.snapshot.retention.file.num = 5 (custom)
2020-07-02 19:47:39,543 [pool-562-thread-1] INFO  server.RaftServerConfigKeys (ConfUtils.java:logGet(44)) - raft.server.log.purge.upto.snapshot.index = false (default)
2020-07-02 19:47:39,543 [pool-562-thread-1] INFO  server.RaftServerConfigKeys (ConfUtils.java:logGet(44)) - raft.server.retrycache.expirytime = 600000ms (custom)
2020-07-02 19:47:39,543 [pool-562-thread-1] INFO  metrics.RatisMetrics (RatisMetrics.java:lambda$create$0(36)) - Creating Metrics Registry : ratis.leader_election.9477b405-238c-48d3-b137-1691fefbdcbe@group-798A781614CD
2020-07-02 19:47:39,544 [pool-562-thread-1] INFO  metrics.RatisMetrics (RatisMetrics.java:lambda$create$0(36)) - Creating Metrics Registry : ratis.server.9477b405-238c-48d3-b137-1691fefbdcbe@group-798A781614CD
2020-07-02 19:47:39,545 [pool-562-thread-1] INFO  impl.RaftServerImpl (RaftServerImpl.java:start(186)) - 9477b405-238c-48d3-b137-1691fefbdcbe@group-18AB17D9DAF3: start as a follower, conf=-1: [0b60331c-5e1c-4a80-9807-96a116b38597:172.17.0.2:39379, 31b30001-c6bc-41c4-8b5d-b541ce032758:172.17.0.2:41537, 9477b405-238c-48d3-b137-1691fefbdcbe:172.17.0.2:37669], old=null
2020-07-02 19:47:39,545 [pool-562-thread-1] INFO  impl.RaftServerImpl (RaftServerImpl.java:setRole(175)) - 9477b405-238c-48d3-b137-1691fefbdcbe@group-18AB17D9DAF3: changes role from      null to FOLLOWER at term 0 for startAsFollower
2020-07-02 19:47:39,545 [pool-562-thread-1] INFO  impl.RoleInfo (RoleInfo.java:updateAndGet(143)) - 9477b405-238c-48d3-b137-1691fefbdcbe: start FollowerState
2020-07-02 19:47:39,545 [pool-562-thread-1] INFO  util.JmxRegister (JmxRegister.java:tryRegister(44)) - Successfully registered JMX Bean with object name Ratis:service=RaftServer,group=group-18AB17D9DAF3,id=9477b405-238c-48d3-b137-1691fefbdcbe
2020-07-02 19:47:39,546 [pool-562-thread-1] INFO  metrics.RatisMetrics (RatisMetrics.java:lambda$create$0(36)) - Creating Metrics Registry : ratis.state_machine.9477b405-238c-48d3-b137-1691fefbdcbe@group-18AB17D9DAF3
2020-07-02 19:47:39,547 [pool-562-thread-1] INFO  impl.RaftServerImpl (RaftServerImpl.java:start(186)) - 9477b405-238c-48d3-b137-1691fefbdcbe@group-798A781614CD: start as a follower, conf=-1: [9477b405-238c-48d3-b137-1691fefbdcbe:172.17.0.2:37669], old=null
2020-07-02 19:47:39,547 [pool-562-thread-1] INFO  impl.RaftServerImpl (RaftServerImpl.java:setRole(175)) - 9477b405-238c-48d3-b137-1691fefbdcbe@group-798A781614CD: changes role from      null to FOLLOWER at term 0 for startAsFollower
2020-07-02 19:47:39,547 [pool-562-thread-1] INFO  impl.RoleInfo (RoleInfo.java:updateAndGet(143)) - 9477b405-238c-48d3-b137-1691fefbdcbe: start FollowerState
2020-07-02 19:47:39,550 [pool-562-thread-1] INFO  util.JmxRegister (JmxRegister.java:tryRegister(44)) - Successfully registered JMX Bean with object name Ratis:service=RaftServer,group=group-798A781614CD,id=9477b405-238c-48d3-b137-1691fefbdcbe
2020-07-02 19:47:39,550 [pool-562-thread-1] INFO  metrics.RatisMetrics (RatisMetrics.java:lambda$create$0(36)) - Creating Metrics Registry : ratis.state_machine.9477b405-238c-48d3-b137-1691fefbdcbe@group-798A781614CD
2020-07-02 19:47:39,554 [Command processor thread] INFO  commandhandler.CreatePipelineCommandHandler (CreatePipelineCommandHandler.java:handle(109)) - Created Pipeline RATIS ONE #id: "cdcab39c-fac5-4f85-9da5-798a781614cd"
uuid128 {
  mostSigBits: -3617881863835267195
  leastSigBits: -7087124802970446643
}
.
2020-07-02 19:47:39,564 [Command processor thread] INFO  commandhandler.CreatePipelineCommandHandler (CreatePipelineCommandHandler.java:handle(109)) - Created Pipeline RATIS THREE #id: "23897b69-0af8-43ef-a6fd-18ab17d9daf3"
uuid128 {
  mostSigBits: 2560713554222662639
  leastSigBits: -6413943171187090701
}
.
2020-07-02 19:47:39,566 [Command processor thread] INFO  impl.RaftServerProxy (RaftServerProxy.java:addNew(89)) - 0b60331c-5e1c-4a80-9807-96a116b38597: addNew group-70A00D5D2C38:[0b60331c-5e1c-4a80-9807-96a116b38597:172.17.0.2:39379] returns group-70A00D5D2C38:java.util.concurrent.CompletableFuture@71718448[Not completed]
2020-07-02 19:47:39,567 [pool-577-thread-1] INFO  impl.RaftServerImpl (RaftServerImpl.java:<init>(99)) - 0b60331c-5e1c-4a80-9807-96a116b38597: new RaftServerImpl for group-70A00D5D2C38:[0b60331c-5e1c-4a80-9807-96a116b38597:172.17.0.2:39379] with ContainerStateMachine:uninitialized
2020-07-02 19:47:39,567 [pool-577-thread-1] INFO  server.RaftServerConfigKeys (ConfUtils.java:logGet(44)) - raft.server.rpc.timeout.min = 5s (custom)
2020-07-02 19:47:39,567 [pool-577-thread-1] INFO  server.RaftServerConfigKeys (ConfUtils.java:logGet(44)) - raft.server.rpc.timeout.max = 5200ms (custom)
2020-07-02 19:47:39,567 [pool-577-thread-1] INFO  server.RaftServerConfigKeys (ConfUtils.java:logGet(44)) - raft.server.rpcslowness.timeout = 300000ms (custom)
2020-07-02 19:47:39,567 [pool-577-thread-1] INFO  server.RaftServerConfigKeys (ConfUtils.java:logGet(44)) - raft.server.sleep.deviation.threshold = 300 (default)
2020-07-02 19:47:39,567 [pool-577-thread-1] INFO  server.RaftServerConfigKeys (ConfUtils.java:logGet(44)) - raft.server.log.appender.install.snapshot.enabled = false (custom)
2020-07-02 19:47:39,567 [pool-577-thread-1] INFO  impl.RaftServerImpl (ServerState.java:<init>(103)) - 0b60331c-5e1c-4a80-9807-96a116b38597@group-70A00D5D2C38: ConfigurationManager, init=-1: [0b60331c-5e1c-4a80-9807-96a116b38597:172.17.0.2:39379], old=null, confs=<EMPTY_MAP>
2020-07-02 19:47:39,567 [pool-577-thread-1] INFO  server.RaftServerConfigKeys (ConfUtils.java:logGet(44)) - raft.server.storage.dir = [/github/workspace/mnt/ozone/hadoop-ozone/integration-test/target/test-dir/MiniOzoneClusterImpl-47077420-a86b-4566-b2ce-9fb6a30396ee/datanode-5/data/ratis] (custom)
2020-07-02 19:47:39,567 [pool-577-thread-1] INFO  server.RaftServerConfigKeys (ConfUtils.java:logGet(44)) - raft.server.log.corruption.policy = EXCEPTION (default)
2020-07-02 19:47:39,568 [pool-577-thread-1] INFO  storage.RaftStorageDirectory (RaftStorageDirectory.java:analyzeStorage(261)) - The storage directory /github/workspace/mnt/ozone/hadoop-ozone/integration-test/target/test-dir/MiniOzoneClusterImpl-47077420-a86b-4566-b2ce-9fb6a30396ee/datanode-5/data/ratis/3d3c6625-0cd0-46ed-8c9a-70a00d5d2c38 does not exist. Creating ...
2020-07-02 19:47:39,569 [pool-577-thread-1] INFO  storage.RaftStorageDirectory (RaftStorageDirectory.java:tryLock(343)) - Lock on /github/workspace/mnt/ozone/hadoop-ozone/integration-test/target/test-dir/MiniOzoneClusterImpl-47077420-a86b-4566-b2ce-9fb6a30396ee/datanode-5/data/ratis/3d3c6625-0cd0-46ed-8c9a-70a00d5d2c38/in_use.lock acquired by nodename 20513@88424e9b97c1
2020-07-02 19:47:39,570 [pool-577-thread-1] INFO  storage.RaftStorage (RaftStorage.java:format(84)) - Storage directory /github/workspace/mnt/ozone/hadoop-ozone/integration-test/target/test-dir/MiniOzoneClusterImpl-47077420-a86b-4566-b2ce-9fb6a30396ee/datanode-5/data/ratis/3d3c6625-0cd0-46ed-8c9a-70a00d5d2c38 has been successfully formatted.
2020-07-02 19:47:39,570 [pool-577-thread-1] INFO  ratis.ContainerStateMachine (ContainerStateMachine.java:loadSnapshot(225)) - group-70A00D5D2C38: The snapshot info is null. Setting the last applied indexto:(t:0, i:~)
2020-07-02 19:47:39,570 [pool-577-thread-1] INFO  server.RaftServerConfigKeys (ConfUtils.java:logGet(44)) - raft.server.notification.no-leader.timeout = 60s (default)
2020-07-02 19:47:39,570 [pool-577-thread-1] INFO  server.RaftServerConfigKeys (ConfUtils.java:logGet(44)) - raft.server.log.use.memory = false (default)
2020-07-02 19:47:39,570 [pool-577-thread-1] INFO  server.RaftServerConfigKeys (ConfUtils.java:logGet(44)) - raft.server.log.purge.gap = 1000000 (custom)
2020-07-02 19:47:39,570 [pool-577-thread-1] INFO  server.RaftServerConfigKeys (ConfUtils.java:logGet(44)) - raft.server.log.appender.buffer.byte-limit = 33554432 (custom)
2020-07-02 19:47:39,570 [pool-577-thread-1] INFO  server.RaftServerConfigKeys (ConfUtils.java:logGet(44)) - raft.server.log.segment.size.max = 1048576 (custom)
2020-07-02 19:47:39,571 [pool-577-thread-1] INFO  metrics.RatisMetrics (RatisMetrics.java:lambda$create$0(36)) - Creating Metrics Registry : ratis.log_worker.0b60331c-5e1c-4a80-9807-96a116b38597@group-70A00D5D2C38
2020-07-02 19:47:39,571 [EventQueue-PipelineReportForPipelineReportHandler] INFO  pipeline.PipelineStateManager (PipelineStateManager.java:openPipeline(131)) - Pipeline Pipeline[ Id: 3d3c6625-0cd0-46ed-8c9a-70a00d5d2c38, Nodes: 0b60331c-5e1c-4a80-9807-96a116b38597{ip: 172.17.0.2, host: 88424e9b97c1, networkLocation: /default-rack, certSerialId: null}, Type:RATIS, Factor:ONE, State:ALLOCATED, leaderId:0b60331c-5e1c-4a80-9807-96a116b38597, CreationTimestamp2020-07-02T19:47:36.567Z] moved to OPEN state
2020-07-02 19:47:39,571 [pool-577-thread-1] INFO  server.RaftServerConfigKeys (ConfUtils.java:logGet(44)) - raft.server.log.segment.cache.num.max = 2 (custom)
2020-07-02 19:47:39,571 [EventQueue-OpenPipelineForOneReplicaPipelineSafeModeRule] INFO  safemode.SCMSafeModeManager (SCMSafeModeManager.java:validateSafeModeExitRules(214)) - AtleastOneDatanodeReportedRule rule is successfully validated
2020-07-02 19:47:39,571 [EventQueue-OpenPipelineForHealthyPipelineSafeModeRule] INFO  safemode.SCMSafeModeManager (HealthyPipelineSafeModeRule.java:process(129)) - SCM in safe mode. Healthy pipelines reported count is 0, required healthy pipeline reported count is 1
2020-07-02 19:47:39,571 [pool-577-thread-1] INFO  segmented.SegmentedRaftLogWorker (SegmentedRaftLogWorker.java:<init>(180)) - new 0b60331c-5e1c-4a80-9807-96a116b38597@group-70A00D5D2C38-SegmentedRaftLogWorker for RaftStorage:Storage Directory /github/workspace/mnt/ozone/hadoop-ozone/integration-test/target/test-dir/MiniOzoneClusterImpl-47077420-a86b-4566-b2ce-9fb6a30396ee/datanode-5/data/ratis/3d3c6625-0cd0-46ed-8c9a-70a00d5d2c38
2020-07-02 19:47:39,571 [pool-577-thread-1] INFO  server.RaftServerConfigKeys (ConfUtils.java:logGet(44)) - raft.server.log.queue.byte-limit = 2147483647 (custom)
2020-07-02 19:47:39,571 [pool-577-thread-1] INFO  server.RaftServerConfigKeys (ConfUtils.java:logGet(44)) - raft.server.log.queue.element-limit = 1024 (custom)
2020-07-02 19:47:39,571 [pool-577-thread-1] INFO  server.RaftServerConfigKeys (ConfUtils.java:logGet(44)) - raft.server.log.segment.size.max = 1048576 (custom)
2020-07-02 19:47:39,571 [pool-577-thread-1] INFO  server.RaftServerConfigKeys (ConfUtils.java:logGet(44)) - raft.server.log.preallocated.size = 16384 (custom)
2020-07-02 19:47:39,571 [pool-577-thread-1] INFO  server.RaftServerConfigKeys (ConfUtils.java:logGet(44)) - raft.server.log.write.buffer.size = 1048576 (custom)
2020-07-02 19:47:39,571 [pool-577-thread-1] INFO  server.RaftServerConfigKeys (ConfUtils.java:logGet(44)) - raft.server.log.force.sync.num = 128 (default)
2020-07-02 19:47:39,571 [pool-577-thread-1] INFO  server.RaftServerConfigKeys (ConfUtils.java:logGet(44)) - raft.server.log.statemachine.data.sync = true (default)
2020-07-02 19:47:39,572 [pool-577-thread-1] INFO  server.RaftServerConfigKeys (ConfUtils.java:logGet(44)) - raft.server.log.statemachine.data.sync.timeout = 10s (default)
2020-07-02 19:47:39,572 [pool-577-thread-1] INFO  server.RaftServerConfigKeys (ConfUtils.java:logGet(44)) - raft.server.log.statemachine.data.sync.timeout.retry = -1 (default)
2020-07-02 19:47:39,574 [pool-577-thread-1] INFO  server.RaftServerConfigKeys (ConfUtils.java:logGet(44)) - raft.server.log.statemachine.data.caching.enabled = true (custom)
2020-07-02 19:47:39,574 [pool-577-thread-1] INFO  segmented.SegmentedRaftLogWorker (SegmentedRaftLogWorker.java:lambda$new$0(129)) - 0b60331c-5e1c-4a80-9807-96a116b38597@group-70A00D5D2C38-SegmentedRaftLogWorker: flushIndex: setUnconditionally 0 -> -1
2020-07-02 19:47:39,574 [pool-577-thread-1] INFO  segmented.SegmentedRaftLogWorker (SegmentedRaftLogWorker.java:lambda$new$0(129)) - 0b60331c-5e1c-4a80-9807-96a116b38597@group-70A00D5D2C38-SegmentedRaftLogWorker: safeCacheEvictIndex: setUnconditionally 0 -> -1
2020-07-02 19:47:39,578 [pool-577-thread-1] INFO  server.RaftServerConfigKeys (ConfUtils.java:logGet(44)) - raft.server.snapshot.auto.trigger.enabled = true (custom)
2020-07-02 19:47:39,578 [pool-577-thread-1] INFO  server.RaftServerConfigKeys (ConfUtils.java:logGet(44)) - raft.server.snapshot.auto.trigger.threshold = 10000 (custom)
2020-07-02 19:47:39,578 [pool-577-thread-1] INFO  server.RaftServerConfigKeys (ConfUtils.java:logGet(44)) - raft.server.snapshot.retention.file.num = 5 (custom)
2020-07-02 19:47:39,578 [pool-577-thread-1] INFO  server.RaftServerConfigKeys (ConfUtils.java:logGet(44)) - raft.server.log.purge.upto.snapshot.index = false (default)
2020-07-02 19:47:39,578 [pool-577-thread-1] INFO  server.RaftServerConfigKeys (ConfUtils.java:logGet(44)) - raft.server.retrycache.expirytime = 600000ms (custom)
2020-07-02 19:47:39,578 [pool-577-thread-1] INFO  metrics.RatisMetrics (RatisMetrics.java:lambda$create$0(36)) - Creating Metrics Registry : ratis.leader_election.0b60331c-5e1c-4a80-9807-96a116b38597@group-70A00D5D2C38
2020-07-02 19:47:39,579 [pool-577-thread-1] INFO  metrics.RatisMetrics (RatisMetrics.java:lambda$create$0(36)) - Creating Metrics Registry : ratis.server.0b60331c-5e1c-4a80-9807-96a116b38597@group-70A00D5D2C38
2020-07-02 19:47:39,581 [pool-577-thread-1] INFO  impl.RaftServerImpl (RaftServerImpl.java:start(186)) - 0b60331c-5e1c-4a80-9807-96a116b38597@group-70A00D5D2C38: start as a follower, conf=-1: [0b60331c-5e1c-4a80-9807-96a116b38597:172.17.0.2:39379], old=null
2020-07-02 19:47:39,581 [pool-577-thread-1] INFO  impl.RaftServerImpl (RaftServerImpl.java:setRole(175)) - 0b60331c-5e1c-4a80-9807-96a116b38597@group-70A00D5D2C38: changes role from      null to FOLLOWER at term 0 for startAsFollower
2020-07-02 19:47:39,581 [pool-577-thread-1] INFO  impl.RoleInfo (RoleInfo.java:updateAndGet(143)) - 0b60331c-5e1c-4a80-9807-96a116b38597: start FollowerState
2020-07-02 19:47:39,581 [pool-577-thread-1] INFO  util.JmxRegister (JmxRegister.java:tryRegister(44)) - Successfully registered JMX Bean with object name Ratis:service=RaftServer,group=group-70A00D5D2C38,id=0b60331c-5e1c-4a80-9807-96a116b38597
2020-07-02 19:47:39,581 [pool-577-thread-1] INFO  metrics.RatisMetrics (RatisMetrics.java:lambda$create$0(36)) - Creating Metrics Registry : ratis.state_machine.0b60331c-5e1c-4a80-9807-96a116b38597@group-70A00D5D2C38
2020-07-02 19:47:39,582 [Command processor thread] INFO  commandhandler.CreatePipelineCommandHandler (CreatePipelineCommandHandler.java:handle(109)) - Created Pipeline RATIS ONE #id: "3d3c6625-0cd0-46ed-8c9a-70a00d5d2c38"
uuid128 {
  mostSigBits: 4412514044231042797
  leastSigBits: -8315209929264911304
}
.
2020-07-02 19:47:39,640 [Command processor thread] INFO  impl.RaftServerProxy (RaftServerProxy.java:addNew(89)) - 6062bcc3-a1a5-437e-9952-fd12f6666483: addNew group-573D656793F0:[6062bcc3-a1a5-437e-9952-fd12f6666483:172.17.0.2:46571] returns group-573D656793F0:java.util.concurrent.CompletableFuture@f2cf3f[Not completed]
2020-07-02 19:47:39,641 [pool-592-thread-1] INFO  impl.RaftServerImpl (RaftServerImpl.java:<init>(99)) - 6062bcc3-a1a5-437e-9952-fd12f6666483: new RaftServerImpl for group-573D656793F0:[6062bcc3-a1a5-437e-9952-fd12f6666483:172.17.0.2:46571] with ContainerStateMachine:uninitialized
2020-07-02 19:47:39,641 [pool-592-thread-1] INFO  server.RaftServerConfigKeys (ConfUtils.java:logGet(44)) - raft.server.rpc.timeout.min = 5s (custom)
2020-07-02 19:47:39,641 [pool-592-thread-1] INFO  server.RaftServerConfigKeys (ConfUtils.java:logGet(44)) - raft.server.rpc.timeout.max = 5200ms (custom)
2020-07-02 19:47:39,641 [pool-592-thread-1] INFO  server.RaftServerConfigKeys (ConfUtils.java:logGet(44)) - raft.server.rpcslowness.timeout = 300000ms (custom)
2020-07-02 19:47:39,641 [pool-592-thread-1] INFO  server.RaftServerConfigKeys (ConfUtils.java:logGet(44)) - raft.server.sleep.deviation.threshold = 300 (default)
2020-07-02 19:47:39,641 [pool-592-thread-1] INFO  server.RaftServerConfigKeys (ConfUtils.java:logGet(44)) - raft.server.log.appender.install.snapshot.enabled = false (custom)
2020-07-02 19:47:39,641 [pool-592-thread-1] INFO  impl.RaftServerImpl (ServerState.java:<init>(103)) - 6062bcc3-a1a5-437e-9952-fd12f6666483@group-573D656793F0: ConfigurationManager, init=-1: [6062bcc3-a1a5-437e-9952-fd12f6666483:172.17.0.2:46571], old=null, confs=<EMPTY_MAP>
2020-07-02 19:47:39,642 [pool-592-thread-1] INFO  server.RaftServerConfigKeys (ConfUtils.java:logGet(44)) - raft.server.storage.dir = [/github/workspace/mnt/ozone/hadoop-ozone/integration-test/target/test-dir/MiniOzoneClusterImpl-47077420-a86b-4566-b2ce-9fb6a30396ee/datanode-6/data/ratis] (custom)
2020-07-02 19:47:39,642 [pool-592-thread-1] INFO  server.RaftServerConfigKeys (ConfUtils.java:logGet(44)) - raft.server.log.corruption.policy = EXCEPTION (default)
2020-07-02 19:47:39,643 [pool-592-thread-1] INFO  storage.RaftStorageDirectory (RaftStorageDirectory.java:analyzeStorage(261)) - The storage directory /github/workspace/mnt/ozone/hadoop-ozone/integration-test/target/test-dir/MiniOzoneClusterImpl-47077420-a86b-4566-b2ce-9fb6a30396ee/datanode-6/data/ratis/012271bb-4c2a-4002-a0e9-573d656793f0 does not exist. Creating ...
2020-07-02 19:47:39,645 [pool-592-thread-1] INFO  storage.RaftStorageDirectory (RaftStorageDirectory.java:tryLock(343)) - Lock on /github/workspace/mnt/ozone/hadoop-ozone/integration-test/target/test-dir/MiniOzoneClusterImpl-47077420-a86b-4566-b2ce-9fb6a30396ee/datanode-6/data/ratis/012271bb-4c2a-4002-a0e9-573d656793f0/in_use.lock acquired by nodename 20513@88424e9b97c1
2020-07-02 19:47:39,646 [pool-592-thread-1] INFO  storage.RaftStorage (RaftStorage.java:format(84)) - Storage directory /github/workspace/mnt/ozone/hadoop-ozone/integration-test/target/test-dir/MiniOzoneClusterImpl-47077420-a86b-4566-b2ce-9fb6a30396ee/datanode-6/data/ratis/012271bb-4c2a-4002-a0e9-573d656793f0 has been successfully formatted.
2020-07-02 19:47:39,647 [pool-592-thread-1] INFO  ratis.ContainerStateMachine (ContainerStateMachine.java:loadSnapshot(225)) - group-573D656793F0: The snapshot info is null. Setting the last applied indexto:(t:0, i:~)
2020-07-02 19:47:39,647 [pool-592-thread-1] INFO  server.RaftServerConfigKeys (ConfUtils.java:logGet(44)) - raft.server.notification.no-leader.timeout = 60s (default)
2020-07-02 19:47:39,647 [pool-592-thread-1] INFO  server.RaftServerConfigKeys (ConfUtils.java:logGet(44)) - raft.server.log.use.memory = false (default)
2020-07-02 19:47:39,647 [pool-592-thread-1] INFO  server.RaftServerConfigKeys (ConfUtils.java:logGet(44)) - raft.server.log.purge.gap = 1000000 (custom)
2020-07-02 19:47:39,648 [pool-592-thread-1] INFO  server.RaftServerConfigKeys (ConfUtils.java:logGet(44)) - raft.server.log.appender.buffer.byte-limit = 33554432 (custom)
2020-07-02 19:47:39,648 [pool-592-thread-1] INFO  server.RaftServerConfigKeys (ConfUtils.java:logGet(44)) - raft.server.log.segment.size.max = 1048576 (custom)
2020-07-02 19:47:39,648 [pool-592-thread-1] INFO  metrics.RatisMetrics (RatisMetrics.java:lambda$create$0(36)) - Creating Metrics Registry : ratis.log_worker.6062bcc3-a1a5-437e-9952-fd12f6666483@group-573D656793F0
2020-07-02 19:47:39,648 [EventQueue-PipelineReportForPipelineReportHandler] INFO  pipeline.PipelineStateManager (PipelineStateManager.java:openPipeline(131)) - Pipeline Pipeline[ Id: 012271bb-4c2a-4002-a0e9-573d656793f0, Nodes: 6062bcc3-a1a5-437e-9952-fd12f6666483{ip: 172.17.0.2, host: 88424e9b97c1, networkLocation: /default-rack, certSerialId: null}, Type:RATIS, Factor:ONE, State:ALLOCATED, leaderId:6062bcc3-a1a5-437e-9952-fd12f6666483, CreationTimestamp2020-07-02T19:47:36.641Z] moved to OPEN state
2020-07-02 19:47:39,648 [EventQueue-OpenPipelineForHealthyPipelineSafeModeRule] INFO  safemode.SCMSafeModeManager (HealthyPipelineSafeModeRule.java:process(129)) - SCM in safe mode. Healthy pipelines reported count is 0, required healthy pipeline reported count is 1
2020-07-02 19:47:39,648 [EventQueue-OpenPipelineForOneReplicaPipelineSafeModeRule] INFO  safemode.SCMSafeModeManager (SCMSafeModeManager.java:validateSafeModeExitRules(214)) - AtleastOneDatanodeReportedRule rule is successfully validated
2020-07-02 19:47:39,648 [pool-592-thread-1] INFO  server.RaftServerConfigKeys (ConfUtils.java:logGet(44)) - raft.server.log.segment.cache.num.max = 2 (custom)
2020-07-02 19:47:39,648 [pool-592-thread-1] INFO  segmented.SegmentedRaftLogWorker (SegmentedRaftLogWorker.java:<init>(180)) - new 6062bcc3-a1a5-437e-9952-fd12f6666483@group-573D656793F0-SegmentedRaftLogWorker for RaftStorage:Storage Directory /github/workspace/mnt/ozone/hadoop-ozone/integration-test/target/test-dir/MiniOzoneClusterImpl-47077420-a86b-4566-b2ce-9fb6a30396ee/datanode-6/data/ratis/012271bb-4c2a-4002-a0e9-573d656793f0
2020-07-02 19:47:39,648 [pool-592-thread-1] INFO  server.RaftServerConfigKeys (ConfUtils.java:logGet(44)) - raft.server.log.queue.byte-limit = 2147483647 (custom)
2020-07-02 19:47:39,648 [pool-592-thread-1] INFO  server.RaftServerConfigKeys (ConfUtils.java:logGet(44)) - raft.server.log.queue.element-limit = 1024 (custom)
2020-07-02 19:47:39,648 [pool-592-thread-1] INFO  server.RaftServerConfigKeys (ConfUtils.java:logGet(44)) - raft.server.log.segment.size.max = 1048576 (custom)
2020-07-02 19:47:39,648 [pool-592-thread-1] INFO  server.RaftServerConfigKeys (ConfUtils.java:logGet(44)) - raft.server.log.preallocated.size = 16384 (custom)
2020-07-02 19:47:39,648 [pool-592-thread-1] INFO  server.RaftServerConfigKeys (ConfUtils.java:logGet(44)) - raft.server.log.write.buffer.size = 1048576 (custom)
2020-07-02 19:47:39,649 [pool-592-thread-1] INFO  server.RaftServerConfigKeys (ConfUtils.java:logGet(44)) - raft.server.log.force.sync.num = 128 (default)
2020-07-02 19:47:39,649 [pool-592-thread-1] INFO  server.RaftServerConfigKeys (ConfUtils.java:logGet(44)) - raft.server.log.statemachine.data.sync = true (default)
2020-07-02 19:47:39,649 [pool-592-thread-1] INFO  server.RaftServerConfigKeys (ConfUtils.java:logGet(44)) - raft.server.log.statemachine.data.sync.timeout = 10s (default)
2020-07-02 19:47:39,649 [pool-592-thread-1] INFO  server.RaftServerConfigKeys (ConfUtils.java:logGet(44)) - raft.server.log.statemachine.data.sync.timeout.retry = -1 (default)
2020-07-02 19:47:39,651 [pool-592-thread-1] INFO  server.RaftServerConfigKeys (ConfUtils.java:logGet(44)) - raft.server.log.statemachine.data.caching.enabled = true (custom)
2020-07-02 19:47:39,651 [pool-592-thread-1] INFO  segmented.SegmentedRaftLogWorker (SegmentedRaftLogWorker.java:lambda$new$0(129)) - 6062bcc3-a1a5-437e-9952-fd12f6666483@group-573D656793F0-SegmentedRaftLogWorker: flushIndex: setUnconditionally 0 -> -1
2020-07-02 19:47:39,651 [pool-592-thread-1] INFO  segmented.SegmentedRaftLogWorker (SegmentedRaftLogWorker.java:lambda$new$0(129)) - 6062bcc3-a1a5-437e-9952-fd12f6666483@group-573D656793F0-SegmentedRaftLogWorker: safeCacheEvictIndex: setUnconditionally 0 -> -1
2020-07-02 19:47:39,652 [pool-592-thread-1] INFO  server.RaftServerConfigKeys (ConfUtils.java:logGet(44)) - raft.server.snapshot.auto.trigger.enabled = true (custom)
2020-07-02 19:47:39,652 [pool-592-thread-1] INFO  server.RaftServerConfigKeys (ConfUtils.java:logGet(44)) - raft.server.snapshot.auto.trigger.threshold = 10000 (custom)
2020-07-02 19:47:39,652 [pool-592-thread-1] INFO  server.RaftServerConfigKeys (ConfUtils.java:logGet(44)) - raft.server.snapshot.retention.file.num = 5 (custom)
2020-07-02 19:47:39,652 [pool-592-thread-1] INFO  server.RaftServerConfigKeys (ConfUtils.java:logGet(44)) - raft.server.log.purge.upto.snapshot.index = false (default)
2020-07-02 19:47:39,652 [pool-592-thread-1] INFO  server.RaftServerConfigKeys (ConfUtils.java:logGet(44)) - raft.server.retrycache.expirytime = 600000ms (custom)
2020-07-02 19:47:39,652 [pool-592-thread-1] INFO  metrics.RatisMetrics (RatisMetrics.java:lambda$create$0(36)) - Creating Metrics Registry : ratis.leader_election.6062bcc3-a1a5-437e-9952-fd12f6666483@group-573D656793F0
2020-07-02 19:47:39,653 [pool-592-thread-1] INFO  metrics.RatisMetrics (RatisMetrics.java:lambda$create$0(36)) - Creating Metrics Registry : ratis.server.6062bcc3-a1a5-437e-9952-fd12f6666483@group-573D656793F0
2020-07-02 19:47:39,654 [pool-592-thread-1] INFO  impl.RaftServerImpl (RaftServerImpl.java:start(186)) - 6062bcc3-a1a5-437e-9952-fd12f6666483@group-573D656793F0: start as a follower, conf=-1: [6062bcc3-a1a5-437e-9952-fd12f6666483:172.17.0.2:46571], old=null
2020-07-02 19:47:39,654 [pool-592-thread-1] INFO  impl.RaftServerImpl (RaftServerImpl.java:setRole(175)) - 6062bcc3-a1a5-437e-9952-fd12f6666483@group-573D656793F0: changes role from      null to FOLLOWER at term 0 for startAsFollower
2020-07-02 19:47:39,654 [pool-592-thread-1] INFO  impl.RoleInfo (RoleInfo.java:updateAndGet(143)) - 6062bcc3-a1a5-437e-9952-fd12f6666483: start FollowerState
2020-07-02 19:47:39,654 [pool-592-thread-1] INFO  util.JmxRegister (JmxRegister.java:tryRegister(44)) - Successfully registered JMX Bean with object name Ratis:service=RaftServer,group=group-573D656793F0,id=6062bcc3-a1a5-437e-9952-fd12f6666483
2020-07-02 19:47:39,654 [pool-592-thread-1] INFO  metrics.RatisMetrics (RatisMetrics.java:lambda$create$0(36)) - Creating Metrics Registry : ratis.state_machine.6062bcc3-a1a5-437e-9952-fd12f6666483@group-573D656793F0
2020-07-02 19:47:39,655 [Command processor thread] INFO  commandhandler.CreatePipelineCommandHandler (CreatePipelineCommandHandler.java:handle(109)) - Created Pipeline RATIS ONE #id: "012271bb-4c2a-4002-a0e9-573d656793f0"
uuid128 {
  mostSigBits: 81752792496750594
  leastSigBits: -6851849436861590544
}
.
2020-07-02 19:47:39,655 [Command processor thread] INFO  impl.RaftServerProxy (RaftServerProxy.java:addNew(89)) - 6062bcc3-a1a5-437e-9952-fd12f6666483: addNew group-54AED5796201:[8ae206a5-f320-4eda-b157-0f223831448f:172.17.0.2:43091, 6062bcc3-a1a5-437e-9952-fd12f6666483:172.17.0.2:46571, 5d2a92cb-0156-45c5-8f38-b4fa24aa5737:172.17.0.2:40131] returns group-54AED5796201:java.util.concurrent.CompletableFuture@4cd4bf9[Not completed]
2020-07-02 19:47:39,656 [pool-592-thread-1] INFO  impl.RaftServerImpl (RaftServerImpl.java:<init>(99)) - 6062bcc3-a1a5-437e-9952-fd12f6666483: new RaftServerImpl for group-54AED5796201:[8ae206a5-f320-4eda-b157-0f223831448f:172.17.0.2:43091, 6062bcc3-a1a5-437e-9952-fd12f6666483:172.17.0.2:46571, 5d2a92cb-0156-45c5-8f38-b4fa24aa5737:172.17.0.2:40131] with ContainerStateMachine:uninitialized
2020-07-02 19:47:39,656 [pool-592-thread-1] INFO  server.RaftServerConfigKeys (ConfUtils.java:logGet(44)) - raft.server.rpc.timeout.min = 5s (custom)
2020-07-02 19:47:39,656 [pool-592-thread-1] INFO  server.RaftServerConfigKeys (ConfUtils.java:logGet(44)) - raft.server.rpc.timeout.max = 5200ms (custom)
2020-07-02 19:47:39,656 [pool-592-thread-1] INFO  server.RaftServerConfigKeys (ConfUtils.java:logGet(44)) - raft.server.rpcslowness.timeout = 300000ms (custom)
2020-07-02 19:47:39,656 [pool-592-thread-1] INFO  server.RaftServerConfigKeys (ConfUtils.java:logGet(44)) - raft.server.sleep.deviation.threshold = 300 (default)
2020-07-02 19:47:39,656 [pool-592-thread-1] INFO  server.RaftServerConfigKeys (ConfUtils.java:logGet(44)) - raft.server.log.appender.install.snapshot.enabled = false (custom)
2020-07-02 19:47:39,656 [pool-592-thread-1] INFO  impl.RaftServerImpl (ServerState.java:<init>(103)) - 6062bcc3-a1a5-437e-9952-fd12f6666483@group-54AED5796201: ConfigurationManager, init=-1: [8ae206a5-f320-4eda-b157-0f223831448f:172.17.0.2:43091, 6062bcc3-a1a5-437e-9952-fd12f6666483:172.17.0.2:46571, 5d2a92cb-0156-45c5-8f38-b4fa24aa5737:172.17.0.2:40131], old=null, confs=<EMPTY_MAP>
2020-07-02 19:47:39,656 [pool-592-thread-1] INFO  server.RaftServerConfigKeys (ConfUtils.java:logGet(44)) - raft.server.storage.dir = [/github/workspace/mnt/ozone/hadoop-ozone/integration-test/target/test-dir/MiniOzoneClusterImpl-47077420-a86b-4566-b2ce-9fb6a30396ee/datanode-6/data/ratis] (custom)
2020-07-02 19:47:39,656 [pool-592-thread-1] INFO  server.RaftServerConfigKeys (ConfUtils.java:logGet(44)) - raft.server.log.corruption.policy = EXCEPTION (default)
2020-07-02 19:47:39,657 [pool-592-thread-1] INFO  storage.RaftStorageDirectory (RaftStorageDirectory.java:analyzeStorage(261)) - The storage directory /github/workspace/mnt/ozone/hadoop-ozone/integration-test/target/test-dir/MiniOzoneClusterImpl-47077420-a86b-4566-b2ce-9fb6a30396ee/datanode-6/data/ratis/918e4bec-9774-43bd-a7e6-54aed5796201 does not exist. Creating ...
2020-07-02 19:47:39,657 [pool-592-thread-1] INFO  storage.RaftStorageDirectory (RaftStorageDirectory.java:tryLock(343)) - Lock on /github/workspace/mnt/ozone/hadoop-ozone/integration-test/target/test-dir/MiniOzoneClusterImpl-47077420-a86b-4566-b2ce-9fb6a30396ee/datanode-6/data/ratis/918e4bec-9774-43bd-a7e6-54aed5796201/in_use.lock acquired by nodename 20513@88424e9b97c1
2020-07-02 19:47:39,659 [pool-592-thread-1] INFO  storage.RaftStorage (RaftStorage.java:format(84)) - Storage directory /github/workspace/mnt/ozone/hadoop-ozone/integration-test/target/test-dir/MiniOzoneClusterImpl-47077420-a86b-4566-b2ce-9fb6a30396ee/datanode-6/data/ratis/918e4bec-9774-43bd-a7e6-54aed5796201 has been successfully formatted.
2020-07-02 19:47:39,659 [pool-592-thread-1] INFO  ratis.ContainerStateMachine (ContainerStateMachine.java:loadSnapshot(225)) - group-54AED5796201: The snapshot info is null. Setting the last applied indexto:(t:0, i:~)
2020-07-02 19:47:39,659 [pool-592-thread-1] INFO  server.RaftServerConfigKeys (ConfUtils.java:logGet(44)) - raft.server.notification.no-leader.timeout = 60s (default)
2020-07-02 19:47:39,660 [pool-592-thread-1] INFO  server.RaftServerConfigKeys (ConfUtils.java:logGet(44)) - raft.server.log.use.memory = false (default)
2020-07-02 19:47:39,660 [pool-592-thread-1] INFO  server.RaftServerConfigKeys (ConfUtils.java:logGet(44)) - raft.server.log.purge.gap = 1000000 (custom)
2020-07-02 19:47:39,660 [pool-592-thread-1] INFO  server.RaftServerConfigKeys (ConfUtils.java:logGet(44)) - raft.server.log.appender.buffer.byte-limit = 33554432 (custom)
2020-07-02 19:47:39,660 [pool-592-thread-1] INFO  server.RaftServerConfigKeys (ConfUtils.java:logGet(44)) - raft.server.log.segment.size.max = 1048576 (custom)
2020-07-02 19:47:39,660 [pool-592-thread-1] INFO  metrics.RatisMetrics (RatisMetrics.java:lambda$create$0(36)) - Creating Metrics Registry : ratis.log_worker.6062bcc3-a1a5-437e-9952-fd12f6666483@group-54AED5796201
2020-07-02 19:47:39,660 [pool-592-thread-1] INFO  server.RaftServerConfigKeys (ConfUtils.java:logGet(44)) - raft.server.log.segment.cache.num.max = 2 (custom)
2020-07-02 19:47:39,660 [pool-592-thread-1] INFO  segmented.SegmentedRaftLogWorker (SegmentedRaftLogWorker.java:<init>(180)) - new 6062bcc3-a1a5-437e-9952-fd12f6666483@group-54AED5796201-SegmentedRaftLogWorker for RaftStorage:Storage Directory /github/workspace/mnt/ozone/hadoop-ozone/integration-test/target/test-dir/MiniOzoneClusterImpl-47077420-a86b-4566-b2ce-9fb6a30396ee/datanode-6/data/ratis/918e4bec-9774-43bd-a7e6-54aed5796201
2020-07-02 19:47:39,660 [pool-592-thread-1] INFO  server.RaftServerConfigKeys (ConfUtils.java:logGet(44)) - raft.server.log.queue.byte-limit = 2147483647 (custom)
2020-07-02 19:47:39,660 [pool-592-thread-1] INFO  server.RaftServerConfigKeys (ConfUtils.java:logGet(44)) - raft.server.log.queue.element-limit = 1024 (custom)
2020-07-02 19:47:39,660 [pool-592-thread-1] INFO  server.RaftServerConfigKeys (ConfUtils.java:logGet(44)) - raft.server.log.segment.size.max = 1048576 (custom)
2020-07-02 19:47:39,660 [pool-592-thread-1] INFO  server.RaftServerConfigKeys (ConfUtils.java:logGet(44)) - raft.server.log.preallocated.size = 16384 (custom)
2020-07-02 19:47:39,661 [pool-592-thread-1] INFO  server.RaftServerConfigKeys (ConfUtils.java:logGet(44)) - raft.server.log.write.buffer.size = 1048576 (custom)
2020-07-02 19:47:39,661 [pool-592-thread-1] INFO  server.RaftServerConfigKeys (ConfUtils.java:logGet(44)) - raft.server.log.force.sync.num = 128 (default)
2020-07-02 19:47:39,661 [pool-592-thread-1] INFO  server.RaftServerConfigKeys (ConfUtils.java:logGet(44)) - raft.server.log.statemachine.data.sync = true (default)
2020-07-02 19:47:39,661 [pool-592-thread-1] INFO  server.RaftServerConfigKeys (ConfUtils.java:logGet(44)) - raft.server.log.statemachine.data.sync.timeout = 10s (default)
2020-07-02 19:47:39,661 [pool-592-thread-1] INFO  server.RaftServerConfigKeys (ConfUtils.java:logGet(44)) - raft.server.log.statemachine.data.sync.timeout.retry = -1 (default)
2020-07-02 19:47:39,663 [pool-592-thread-1] INFO  server.RaftServerConfigKeys (ConfUtils.java:logGet(44)) - raft.server.log.statemachine.data.caching.enabled = true (custom)
2020-07-02 19:47:39,663 [pool-592-thread-1] INFO  segmented.SegmentedRaftLogWorker (SegmentedRaftLogWorker.java:lambda$new$0(129)) - 6062bcc3-a1a5-437e-9952-fd12f6666483@group-54AED5796201-SegmentedRaftLogWorker: flushIndex: setUnconditionally 0 -> -1
2020-07-02 19:47:39,663 [pool-592-thread-1] INFO  segmented.SegmentedRaftLogWorker (SegmentedRaftLogWorker.java:lambda$new$0(129)) - 6062bcc3-a1a5-437e-9952-fd12f6666483@group-54AED5796201-SegmentedRaftLogWorker: safeCacheEvictIndex: setUnconditionally 0 -> -1
2020-07-02 19:47:39,663 [pool-592-thread-1] INFO  server.RaftServerConfigKeys (ConfUtils.java:logGet(44)) - raft.server.snapshot.auto.trigger.enabled = true (custom)
2020-07-02 19:47:39,663 [pool-592-thread-1] INFO  server.RaftServerConfigKeys (ConfUtils.java:logGet(44)) - raft.server.snapshot.auto.trigger.threshold = 10000 (custom)
2020-07-02 19:47:39,663 [pool-592-thread-1] INFO  server.RaftServerConfigKeys (ConfUtils.java:logGet(44)) - raft.server.snapshot.retention.file.num = 5 (custom)
2020-07-02 19:47:39,663 [pool-592-thread-1] INFO  server.RaftServerConfigKeys (ConfUtils.java:logGet(44)) - raft.server.log.purge.upto.snapshot.index = false (default)
2020-07-02 19:47:39,664 [pool-592-thread-1] INFO  server.RaftServerConfigKeys (ConfUtils.java:logGet(44)) - raft.server.retrycache.expirytime = 600000ms (custom)
2020-07-02 19:47:39,664 [pool-592-thread-1] INFO  metrics.RatisMetrics (RatisMetrics.java:lambda$create$0(36)) - Creating Metrics Registry : ratis.leader_election.6062bcc3-a1a5-437e-9952-fd12f6666483@group-54AED5796201
2020-07-02 19:47:39,664 [pool-592-thread-1] INFO  metrics.RatisMetrics (RatisMetrics.java:lambda$create$0(36)) - Creating Metrics Registry : ratis.server.6062bcc3-a1a5-437e-9952-fd12f6666483@group-54AED5796201
2020-07-02 19:47:39,666 [pool-592-thread-1] INFO  impl.RaftServerImpl (RaftServerImpl.java:start(186)) - 6062bcc3-a1a5-437e-9952-fd12f6666483@group-54AED5796201: start as a follower, conf=-1: [8ae206a5-f320-4eda-b157-0f223831448f:172.17.0.2:43091, 6062bcc3-a1a5-437e-9952-fd12f6666483:172.17.0.2:46571, 5d2a92cb-0156-45c5-8f38-b4fa24aa5737:172.17.0.2:40131], old=null
2020-07-02 19:47:39,666 [pool-592-thread-1] INFO  impl.RaftServerImpl (RaftServerImpl.java:setRole(175)) - 6062bcc3-a1a5-437e-9952-fd12f6666483@group-54AED5796201: changes role from      null to FOLLOWER at term 0 for startAsFollower
2020-07-02 19:47:39,666 [pool-592-thread-1] INFO  impl.RoleInfo (RoleInfo.java:updateAndGet(143)) - 6062bcc3-a1a5-437e-9952-fd12f6666483: start FollowerState
2020-07-02 19:47:39,667 [pool-592-thread-1] INFO  util.JmxRegister (JmxRegister.java:tryRegister(44)) - Successfully registered JMX Bean with object name Ratis:service=RaftServer,group=group-54AED5796201,id=6062bcc3-a1a5-437e-9952-fd12f6666483
2020-07-02 19:47:39,667 [pool-592-thread-1] INFO  metrics.RatisMetrics (RatisMetrics.java:lambda$create$0(36)) - Creating Metrics Registry : ratis.state_machine.6062bcc3-a1a5-437e-9952-fd12f6666483@group-54AED5796201
2020-07-02 19:47:39,677 [grpc-default-executor-2] INFO  impl.RaftServerProxy (RaftServerProxy.java:addNew(89)) - 8ae206a5-f320-4eda-b157-0f223831448f: addNew group-54AED5796201:[8ae206a5-f320-4eda-b157-0f223831448f:172.17.0.2:43091, 6062bcc3-a1a5-437e-9952-fd12f6666483:172.17.0.2:46571, 5d2a92cb-0156-45c5-8f38-b4fa24aa5737:172.17.0.2:40131] returns group-54AED5796201:java.util.concurrent.CompletableFuture@2c0949e1[Not completed]
2020-07-02 19:47:39,678 [pool-622-thread-1] INFO  impl.RaftServerImpl (RaftServerImpl.java:<init>(99)) - 8ae206a5-f320-4eda-b157-0f223831448f: new RaftServerImpl for group-54AED5796201:[8ae206a5-f320-4eda-b157-0f223831448f:172.17.0.2:43091, 6062bcc3-a1a5-437e-9952-fd12f6666483:172.17.0.2:46571, 5d2a92cb-0156-45c5-8f38-b4fa24aa5737:172.17.0.2:40131] with ContainerStateMachine:uninitialized
2020-07-02 19:47:39,678 [pool-622-thread-1] INFO  server.RaftServerConfigKeys (ConfUtils.java:logGet(44)) - raft.server.rpc.timeout.min = 5s (custom)
2020-07-02 19:47:39,678 [pool-622-thread-1] INFO  server.RaftServerConfigKeys (ConfUtils.java:logGet(44)) - raft.server.rpc.timeout.max = 5200ms (custom)
2020-07-02 19:47:39,678 [pool-622-thread-1] INFO  server.RaftServerConfigKeys (ConfUtils.java:logGet(44)) - raft.server.rpcslowness.timeout = 300000ms (custom)
2020-07-02 19:47:39,678 [pool-622-thread-1] INFO  server.RaftServerConfigKeys (ConfUtils.java:logGet(44)) - raft.server.sleep.deviation.threshold = 300 (default)
2020-07-02 19:47:39,678 [pool-622-thread-1] INFO  server.RaftServerConfigKeys (ConfUtils.java:logGet(44)) - raft.server.log.appender.install.snapshot.enabled = false (custom)
2020-07-02 19:47:39,678 [pool-622-thread-1] INFO  impl.RaftServerImpl (ServerState.java:<init>(103)) - 8ae206a5-f320-4eda-b157-0f223831448f@group-54AED5796201: ConfigurationManager, init=-1: [8ae206a5-f320-4eda-b157-0f223831448f:172.17.0.2:43091, 6062bcc3-a1a5-437e-9952-fd12f6666483:172.17.0.2:46571, 5d2a92cb-0156-45c5-8f38-b4fa24aa5737:172.17.0.2:40131], old=null, confs=<EMPTY_MAP>
2020-07-02 19:47:39,678 [pool-622-thread-1] INFO  server.RaftServerConfigKeys (ConfUtils.java:logGet(44)) - raft.server.storage.dir = [/github/workspace/mnt/ozone/hadoop-ozone/integration-test/target/test-dir/MiniOzoneClusterImpl-47077420-a86b-4566-b2ce-9fb6a30396ee/datanode-8/data/ratis] (custom)
2020-07-02 19:47:39,678 [pool-622-thread-1] INFO  server.RaftServerConfigKeys (ConfUtils.java:logGet(44)) - raft.server.log.corruption.policy = EXCEPTION (default)
2020-07-02 19:47:39,679 [pool-622-thread-1] INFO  storage.RaftStorageDirectory (RaftStorageDirectory.java:analyzeStorage(261)) - The storage directory /github/workspace/mnt/ozone/hadoop-ozone/integration-test/target/test-dir/MiniOzoneClusterImpl-47077420-a86b-4566-b2ce-9fb6a30396ee/datanode-8/data/ratis/918e4bec-9774-43bd-a7e6-54aed5796201 does not exist. Creating ...
2020-07-02 19:47:39,680 [Command processor thread] INFO  impl.RaftServerProxy (RaftServerProxy.java:addNew(89)) - 5d2a92cb-0156-45c5-8f38-b4fa24aa5737: addNew group-BC4EA3BC68EA:[5d2a92cb-0156-45c5-8f38-b4fa24aa5737:172.17.0.2:40131] returns group-BC4EA3BC68EA:java.util.concurrent.CompletableFuture@3cd86a1e[Not completed]
2020-07-02 19:47:39,680 [pool-622-thread-1] INFO  storage.RaftStorageDirectory (RaftStorageDirectory.java:tryLock(343)) - Lock on /github/workspace/mnt/ozone/hadoop-ozone/integration-test/target/test-dir/MiniOzoneClusterImpl-47077420-a86b-4566-b2ce-9fb6a30396ee/datanode-8/data/ratis/918e4bec-9774-43bd-a7e6-54aed5796201/in_use.lock acquired by nodename 20513@88424e9b97c1
2020-07-02 19:47:39,682 [pool-607-thread-1] INFO  impl.RaftServerImpl (RaftServerImpl.java:<init>(99)) - 5d2a92cb-0156-45c5-8f38-b4fa24aa5737: new RaftServerImpl for group-BC4EA3BC68EA:[5d2a92cb-0156-45c5-8f38-b4fa24aa5737:172.17.0.2:40131] with ContainerStateMachine:uninitialized
2020-07-02 19:47:39,683 [pool-607-thread-1] INFO  server.RaftServerConfigKeys (ConfUtils.java:logGet(44)) - raft.server.rpc.timeout.min = 5s (custom)
2020-07-02 19:47:39,683 [pool-607-thread-1] INFO  server.RaftServerConfigKeys (ConfUtils.java:logGet(44)) - raft.server.rpc.timeout.max = 5200ms (custom)
2020-07-02 19:47:39,683 [pool-607-thread-1] INFO  server.RaftServerConfigKeys (ConfUtils.java:logGet(44)) - raft.server.rpcslowness.timeout = 300000ms (custom)
2020-07-02 19:47:39,683 [pool-607-thread-1] INFO  server.RaftServerConfigKeys (ConfUtils.java:logGet(44)) - raft.server.sleep.deviation.threshold = 300 (default)
2020-07-02 19:47:39,683 [pool-607-thread-1] INFO  server.RaftServerConfigKeys (ConfUtils.java:logGet(44)) - raft.server.log.appender.install.snapshot.enabled = false (custom)
2020-07-02 19:47:39,683 [pool-607-thread-1] INFO  impl.RaftServerImpl (ServerState.java:<init>(103)) - 5d2a92cb-0156-45c5-8f38-b4fa24aa5737@group-BC4EA3BC68EA: ConfigurationManager, init=-1: [5d2a92cb-0156-45c5-8f38-b4fa24aa5737:172.17.0.2:40131], old=null, confs=<EMPTY_MAP>
2020-07-02 19:47:39,683 [pool-607-thread-1] INFO  server.RaftServerConfigKeys (ConfUtils.java:logGet(44)) - raft.server.storage.dir = [/github/workspace/mnt/ozone/hadoop-ozone/integration-test/target/test-dir/MiniOzoneClusterImpl-47077420-a86b-4566-b2ce-9fb6a30396ee/datanode-7/data/ratis] (custom)
2020-07-02 19:47:39,683 [pool-622-thread-1] INFO  storage.RaftStorage (RaftStorage.java:format(84)) - Storage directory /github/workspace/mnt/ozone/hadoop-ozone/integration-test/target/test-dir/MiniOzoneClusterImpl-47077420-a86b-4566-b2ce-9fb6a30396ee/datanode-8/data/ratis/918e4bec-9774-43bd-a7e6-54aed5796201 has been successfully formatted.
2020-07-02 19:47:39,684 [pool-607-thread-1] INFO  server.RaftServerConfigKeys (ConfUtils.java:logGet(44)) - raft.server.log.corruption.policy = EXCEPTION (default)
2020-07-02 19:47:39,684 [pool-607-thread-1] INFO  storage.RaftStorageDirectory (RaftStorageDirectory.java:analyzeStorage(261)) - The storage directory /github/workspace/mnt/ozone/hadoop-ozone/integration-test/target/test-dir/MiniOzoneClusterImpl-47077420-a86b-4566-b2ce-9fb6a30396ee/datanode-7/data/ratis/fc260bf0-23f5-4dcd-af18-bc4ea3bc68ea does not exist. Creating ...
2020-07-02 19:47:39,684 [pool-622-thread-1] INFO  ratis.ContainerStateMachine (ContainerStateMachine.java:loadSnapshot(225)) - group-54AED5796201: The snapshot info is null. Setting the last applied indexto:(t:0, i:~)
2020-07-02 19:47:39,685 [pool-622-thread-1] INFO  server.RaftServerConfigKeys (ConfUtils.java:logGet(44)) - raft.server.notification.no-leader.timeout = 60s (default)
2020-07-02 19:47:39,685 [pool-622-thread-1] INFO  server.RaftServerConfigKeys (ConfUtils.java:logGet(44)) - raft.server.log.use.memory = false (default)
2020-07-02 19:47:39,685 [pool-622-thread-1] INFO  server.RaftServerConfigKeys (ConfUtils.java:logGet(44)) - raft.server.log.purge.gap = 1000000 (custom)
2020-07-02 19:47:39,685 [pool-622-thread-1] INFO  server.RaftServerConfigKeys (ConfUtils.java:logGet(44)) - raft.server.log.appender.buffer.byte-limit = 33554432 (custom)
2020-07-02 19:47:39,685 [pool-622-thread-1] INFO  server.RaftServerConfigKeys (ConfUtils.java:logGet(44)) - raft.server.log.segment.size.max = 1048576 (custom)
2020-07-02 19:47:39,685 [pool-622-thread-1] INFO  metrics.RatisMetrics (RatisMetrics.java:lambda$create$0(36)) - Creating Metrics Registry : ratis.log_worker.8ae206a5-f320-4eda-b157-0f223831448f@group-54AED5796201
2020-07-02 19:47:39,685 [pool-622-thread-1] INFO  server.RaftServerConfigKeys (ConfUtils.java:logGet(44)) - raft.server.log.segment.cache.num.max = 2 (custom)
2020-07-02 19:47:39,685 [pool-622-thread-1] INFO  segmented.SegmentedRaftLogWorker (SegmentedRaftLogWorker.java:<init>(180)) - new 8ae206a5-f320-4eda-b157-0f223831448f@group-54AED5796201-SegmentedRaftLogWorker for RaftStorage:Storage Directory /github/workspace/mnt/ozone/hadoop-ozone/integration-test/target/test-dir/MiniOzoneClusterImpl-47077420-a86b-4566-b2ce-9fb6a30396ee/datanode-8/data/ratis/918e4bec-9774-43bd-a7e6-54aed5796201
2020-07-02 19:47:39,686 [pool-622-thread-1] INFO  server.RaftServerConfigKeys (ConfUtils.java:logGet(44)) - raft.server.log.queue.byte-limit = 2147483647 (custom)
2020-07-02 19:47:39,686 [pool-622-thread-1] INFO  server.RaftServerConfigKeys (ConfUtils.java:logGet(44)) - raft.server.log.queue.element-limit = 1024 (custom)
2020-07-02 19:47:39,686 [pool-622-thread-1] INFO  server.RaftServerConfigKeys (ConfUtils.java:logGet(44)) - raft.server.log.segment.size.max = 1048576 (custom)
2020-07-02 19:47:39,686 [pool-622-thread-1] INFO  server.RaftServerConfigKeys (ConfUtils.java:logGet(44)) - raft.server.log.preallocated.size = 16384 (custom)
2020-07-02 19:47:39,686 [pool-622-thread-1] INFO  server.RaftServerConfigKeys (ConfUtils.java:logGet(44)) - raft.server.log.write.buffer.size = 1048576 (custom)
2020-07-02 19:47:39,686 [pool-607-thread-1] INFO  storage.RaftStorageDirectory (RaftStorageDirectory.java:tryLock(343)) - Lock on /github/workspace/mnt/ozone/hadoop-ozone/integration-test/target/test-dir/MiniOzoneClusterImpl-47077420-a86b-4566-b2ce-9fb6a30396ee/datanode-7/data/ratis/fc260bf0-23f5-4dcd-af18-bc4ea3bc68ea/in_use.lock acquired by nodename 20513@88424e9b97c1
2020-07-02 19:47:39,686 [pool-622-thread-1] INFO  server.RaftServerConfigKeys (ConfUtils.java:logGet(44)) - raft.server.log.force.sync.num = 128 (default)
2020-07-02 19:47:39,686 [pool-622-thread-1] INFO  server.RaftServerConfigKeys (ConfUtils.java:logGet(44)) - raft.server.log.statemachine.data.sync = true (default)
2020-07-02 19:47:39,686 [pool-622-thread-1] INFO  server.RaftServerConfigKeys (ConfUtils.java:logGet(44)) - raft.server.log.statemachine.data.sync.timeout = 10s (default)
2020-07-02 19:47:39,687 [pool-622-thread-1] INFO  server.RaftServerConfigKeys (ConfUtils.java:logGet(44)) - raft.server.log.statemachine.data.sync.timeout.retry = -1 (default)
2020-07-02 19:47:39,688 [pool-607-thread-1] INFO  storage.RaftStorage (RaftStorage.java:format(84)) - Storage directory /github/workspace/mnt/ozone/hadoop-ozone/integration-test/target/test-dir/MiniOzoneClusterImpl-47077420-a86b-4566-b2ce-9fb6a30396ee/datanode-7/data/ratis/fc260bf0-23f5-4dcd-af18-bc4ea3bc68ea has been successfully formatted.
2020-07-02 19:47:39,690 [pool-607-thread-1] INFO  ratis.ContainerStateMachine (ContainerStateMachine.java:loadSnapshot(225)) - group-BC4EA3BC68EA: The snapshot info is null. Setting the last applied indexto:(t:0, i:~)
2020-07-02 19:47:39,692 [pool-607-thread-1] INFO  server.RaftServerConfigKeys (ConfUtils.java:logGet(44)) - raft.server.notification.no-leader.timeout = 60s (default)
2020-07-02 19:47:39,692 [pool-607-thread-1] INFO  server.RaftServerConfigKeys (ConfUtils.java:logGet(44)) - raft.server.log.use.memory = false (default)
2020-07-02 19:47:39,692 [pool-607-thread-1] INFO  server.RaftServerConfigKeys (ConfUtils.java:logGet(44)) - raft.server.log.purge.gap = 1000000 (custom)
2020-07-02 19:47:39,692 [pool-607-thread-1] INFO  server.RaftServerConfigKeys (ConfUtils.java:logGet(44)) - raft.server.log.appender.buffer.byte-limit = 33554432 (custom)
2020-07-02 19:47:39,692 [pool-607-thread-1] INFO  server.RaftServerConfigKeys (ConfUtils.java:logGet(44)) - raft.server.log.segment.size.max = 1048576 (custom)
2020-07-02 19:47:39,692 [pool-607-thread-1] INFO  metrics.RatisMetrics (RatisMetrics.java:lambda$create$0(36)) - Creating Metrics Registry : ratis.log_worker.5d2a92cb-0156-45c5-8f38-b4fa24aa5737@group-BC4EA3BC68EA
2020-07-02 19:47:39,692 [pool-607-thread-1] INFO  server.RaftServerConfigKeys (ConfUtils.java:logGet(44)) - raft.server.log.segment.cache.num.max = 2 (custom)
2020-07-02 19:47:39,692 [pool-607-thread-1] INFO  segmented.SegmentedRaftLogWorker (SegmentedRaftLogWorker.java:<init>(180)) - new 5d2a92cb-0156-45c5-8f38-b4fa24aa5737@group-BC4EA3BC68EA-SegmentedRaftLogWorker for RaftStorage:Storage Directory /github/workspace/mnt/ozone/hadoop-ozone/integration-test/target/test-dir/MiniOzoneClusterImpl-47077420-a86b-4566-b2ce-9fb6a30396ee/datanode-7/data/ratis/fc260bf0-23f5-4dcd-af18-bc4ea3bc68ea
2020-07-02 19:47:39,692 [pool-607-thread-1] INFO  server.RaftServerConfigKeys (ConfUtils.java:logGet(44)) - raft.server.log.queue.byte-limit = 2147483647 (custom)
2020-07-02 19:47:39,692 [pool-607-thread-1] INFO  server.RaftServerConfigKeys (ConfUtils.java:logGet(44)) - raft.server.log.queue.element-limit = 1024 (custom)
2020-07-02 19:47:39,692 [pool-607-thread-1] INFO  server.RaftServerConfigKeys (ConfUtils.java:logGet(44)) - raft.server.log.segment.size.max = 1048576 (custom)
2020-07-02 19:47:39,693 [pool-607-thread-1] INFO  server.RaftServerConfigKeys (ConfUtils.java:logGet(44)) - raft.server.log.preallocated.size = 16384 (custom)
2020-07-02 19:47:39,693 [pool-607-thread-1] INFO  server.RaftServerConfigKeys (ConfUtils.java:logGet(44)) - raft.server.log.write.buffer.size = 1048576 (custom)
2020-07-02 19:47:39,693 [pool-607-thread-1] INFO  server.RaftServerConfigKeys (ConfUtils.java:logGet(44)) - raft.server.log.force.sync.num = 128 (default)
2020-07-02 19:47:39,693 [pool-607-thread-1] INFO  server.RaftServerConfigKeys (ConfUtils.java:logGet(44)) - raft.server.log.statemachine.data.sync = true (default)
2020-07-02 19:47:39,693 [pool-607-thread-1] INFO  server.RaftServerConfigKeys (ConfUtils.java:logGet(44)) - raft.server.log.statemachine.data.sync.timeout = 10s (default)
2020-07-02 19:47:39,693 [pool-607-thread-1] INFO  server.RaftServerConfigKeys (ConfUtils.java:logGet(44)) - raft.server.log.statemachine.data.sync.timeout.retry = -1 (default)
2020-07-02 19:47:39,695 [pool-607-thread-1] INFO  server.RaftServerConfigKeys (ConfUtils.java:logGet(44)) - raft.server.log.statemachine.data.caching.enabled = true (custom)
2020-07-02 19:47:39,695 [pool-607-thread-1] INFO  segmented.SegmentedRaftLogWorker (SegmentedRaftLogWorker.java:lambda$new$0(129)) - 5d2a92cb-0156-45c5-8f38-b4fa24aa5737@group-BC4EA3BC68EA-SegmentedRaftLogWorker: flushIndex: setUnconditionally 0 -> -1
2020-07-02 19:47:39,695 [pool-607-thread-1] INFO  segmented.SegmentedRaftLogWorker (SegmentedRaftLogWorker.java:lambda$new$0(129)) - 5d2a92cb-0156-45c5-8f38-b4fa24aa5737@group-BC4EA3BC68EA-SegmentedRaftLogWorker: safeCacheEvictIndex: setUnconditionally 0 -> -1
2020-07-02 19:47:39,696 [pool-607-thread-1] INFO  server.RaftServerConfigKeys (ConfUtils.java:logGet(44)) - raft.server.snapshot.auto.trigger.enabled = true (custom)
2020-07-02 19:47:39,696 [pool-607-thread-1] INFO  server.RaftServerConfigKeys (ConfUtils.java:logGet(44)) - raft.server.snapshot.auto.trigger.threshold = 10000 (custom)
2020-07-02 19:47:39,696 [pool-607-thread-1] INFO  server.RaftServerConfigKeys (ConfUtils.java:logGet(44)) - raft.server.snapshot.retention.file.num = 5 (custom)
2020-07-02 19:47:39,696 [pool-607-thread-1] INFO  server.RaftServerConfigKeys (ConfUtils.java:logGet(44)) - raft.server.log.purge.upto.snapshot.index = false (default)
2020-07-02 19:47:39,696 [pool-607-thread-1] INFO  server.RaftServerConfigKeys (ConfUtils.java:logGet(44)) - raft.server.retrycache.expirytime = 600000ms (custom)
2020-07-02 19:47:39,696 [pool-607-thread-1] INFO  metrics.RatisMetrics (RatisMetrics.java:lambda$create$0(36)) - Creating Metrics Registry : ratis.leader_election.5d2a92cb-0156-45c5-8f38-b4fa24aa5737@group-BC4EA3BC68EA
2020-07-02 19:47:39,696 [pool-607-thread-1] INFO  metrics.RatisMetrics (RatisMetrics.java:lambda$create$0(36)) - Creating Metrics Registry : ratis.server.5d2a92cb-0156-45c5-8f38-b4fa24aa5737@group-BC4EA3BC68EA
2020-07-02 19:47:39,698 [pool-607-thread-1] INFO  impl.RaftServerImpl (RaftServerImpl.java:start(186)) - 5d2a92cb-0156-45c5-8f38-b4fa24aa5737@group-BC4EA3BC68EA: start as a follower, conf=-1: [5d2a92cb-0156-45c5-8f38-b4fa24aa5737:172.17.0.2:40131], old=null
2020-07-02 19:47:39,698 [pool-607-thread-1] INFO  impl.RaftServerImpl (RaftServerImpl.java:setRole(175)) - 5d2a92cb-0156-45c5-8f38-b4fa24aa5737@group-BC4EA3BC68EA: changes role from      null to FOLLOWER at term 0 for startAsFollower
2020-07-02 19:47:39,698 [pool-607-thread-1] INFO  impl.RoleInfo (RoleInfo.java:updateAndGet(143)) - 5d2a92cb-0156-45c5-8f38-b4fa24aa5737: start FollowerState
2020-07-02 19:47:39,698 [pool-607-thread-1] INFO  util.JmxRegister (JmxRegister.java:tryRegister(44)) - Successfully registered JMX Bean with object name Ratis:service=RaftServer,group=group-BC4EA3BC68EA,id=5d2a92cb-0156-45c5-8f38-b4fa24aa5737
2020-07-02 19:47:39,698 [pool-607-thread-1] INFO  metrics.RatisMetrics (RatisMetrics.java:lambda$create$0(36)) - Creating Metrics Registry : ratis.state_machine.5d2a92cb-0156-45c5-8f38-b4fa24aa5737@group-BC4EA3BC68EA
2020-07-02 19:47:39,699 [Command processor thread] INFO  commandhandler.CreatePipelineCommandHandler (CreatePipelineCommandHandler.java:handle(109)) - Created Pipeline RATIS ONE #id: "fc260bf0-23f5-4dcd-af18-bc4ea3bc68ea"
uuid128 {
  mostSigBits: -277521201013371443
  leastSigBits: -5829702671690602262
}
.
2020-07-02 19:47:39,692 [pool-622-thread-1] INFO  server.RaftServerConfigKeys (ConfUtils.java:logGet(44)) - raft.server.log.statemachine.data.caching.enabled = true (custom)
2020-07-02 19:47:39,691 [EventQueue-PipelineReportForPipelineReportHandler] INFO  pipeline.PipelineStateManager (PipelineStateManager.java:openPipeline(131)) - Pipeline Pipeline[ Id: fc260bf0-23f5-4dcd-af18-bc4ea3bc68ea, Nodes: 5d2a92cb-0156-45c5-8f38-b4fa24aa5737{ip: 172.17.0.2, host: 88424e9b97c1, networkLocation: /default-rack, certSerialId: null}, Type:RATIS, Factor:ONE, State:ALLOCATED, leaderId:5d2a92cb-0156-45c5-8f38-b4fa24aa5737, CreationTimestamp2020-07-02T19:47:36.680Z] moved to OPEN state
2020-07-02 19:47:39,700 [pool-607-thread-1] INFO  impl.RaftServerImpl (RaftServerImpl.java:<init>(99)) - 5d2a92cb-0156-45c5-8f38-b4fa24aa5737: new RaftServerImpl for group-54AED5796201:[8ae206a5-f320-4eda-b157-0f223831448f:172.17.0.2:43091, 6062bcc3-a1a5-437e-9952-fd12f6666483:172.17.0.2:46571, 5d2a92cb-0156-45c5-8f38-b4fa24aa5737:172.17.0.2:40131] with ContainerStateMachine:uninitialized
2020-07-02 19:47:39,701 [pool-607-thread-1] INFO  server.RaftServerConfigKeys (ConfUtils.java:logGet(44)) - raft.server.rpc.timeout.min = 5s (custom)
2020-07-02 19:47:39,701 [pool-607-thread-1] INFO  server.RaftServerConfigKeys (ConfUtils.java:logGet(44)) - raft.server.rpc.timeout.max = 5200ms (custom)
2020-07-02 19:47:39,701 [pool-607-thread-1] INFO  server.RaftServerConfigKeys (ConfUtils.java:logGet(44)) - raft.server.rpcslowness.timeout = 300000ms (custom)
2020-07-02 19:47:39,701 [pool-607-thread-1] INFO  server.RaftServerConfigKeys (ConfUtils.java:logGet(44)) - raft.server.sleep.deviation.threshold = 300 (default)
2020-07-02 19:47:39,701 [pool-607-thread-1] INFO  server.RaftServerConfigKeys (ConfUtils.java:logGet(44)) - raft.server.log.appender.install.snapshot.enabled = false (custom)
2020-07-02 19:47:39,701 [pool-607-thread-1] INFO  impl.RaftServerImpl (ServerState.java:<init>(103)) - 5d2a92cb-0156-45c5-8f38-b4fa24aa5737@group-54AED5796201: ConfigurationManager, init=-1: [8ae206a5-f320-4eda-b157-0f223831448f:172.17.0.2:43091, 6062bcc3-a1a5-437e-9952-fd12f6666483:172.17.0.2:46571, 5d2a92cb-0156-45c5-8f38-b4fa24aa5737:172.17.0.2:40131], old=null, confs=<EMPTY_MAP>
2020-07-02 19:47:39,701 [pool-607-thread-1] INFO  server.RaftServerConfigKeys (ConfUtils.java:logGet(44)) - raft.server.storage.dir = [/github/workspace/mnt/ozone/hadoop-ozone/integration-test/target/test-dir/MiniOzoneClusterImpl-47077420-a86b-4566-b2ce-9fb6a30396ee/datanode-7/data/ratis] (custom)
2020-07-02 19:47:39,701 [pool-607-thread-1] INFO  server.RaftServerConfigKeys (ConfUtils.java:logGet(44)) - raft.server.log.corruption.policy = EXCEPTION (default)
2020-07-02 19:47:39,701 [pool-607-thread-1] INFO  storage.RaftStorageDirectory (RaftStorageDirectory.java:analyzeStorage(261)) - The storage directory /github/workspace/mnt/ozone/hadoop-ozone/integration-test/target/test-dir/MiniOzoneClusterImpl-47077420-a86b-4566-b2ce-9fb6a30396ee/datanode-7/data/ratis/918e4bec-9774-43bd-a7e6-54aed5796201 does not exist. Creating ...
2020-07-02 19:47:39,702 [EventQueue-OpenPipelineForOneReplicaPipelineSafeModeRule] INFO  safemode.SCMSafeModeManager (SCMSafeModeManager.java:validateSafeModeExitRules(214)) - AtleastOneDatanodeReportedRule rule is successfully validated
2020-07-02 19:47:39,702 [EventQueue-OpenPipelineForHealthyPipelineSafeModeRule] INFO  safemode.SCMSafeModeManager (HealthyPipelineSafeModeRule.java:process(129)) - SCM in safe mode. Healthy pipelines reported count is 0, required healthy pipeline reported count is 1
2020-07-02 19:47:39,699 [Command processor thread] INFO  impl.RaftServerProxy (RaftServerProxy.java:addNew(89)) - 5d2a92cb-0156-45c5-8f38-b4fa24aa5737: addNew group-54AED5796201:[8ae206a5-f320-4eda-b157-0f223831448f:172.17.0.2:43091, 6062bcc3-a1a5-437e-9952-fd12f6666483:172.17.0.2:46571, 5d2a92cb-0156-45c5-8f38-b4fa24aa5737:172.17.0.2:40131] returns group-54AED5796201:java.util.concurrent.CompletableFuture@38e7f95d[Not completed]
2020-07-02 19:47:39,701 [pool-622-thread-1] INFO  segmented.SegmentedRaftLogWorker (SegmentedRaftLogWorker.java:lambda$new$0(129)) - 8ae206a5-f320-4eda-b157-0f223831448f@group-54AED5796201-SegmentedRaftLogWorker: flushIndex: setUnconditionally 0 -> -1
2020-07-02 19:47:39,702 [pool-622-thread-1] INFO  segmented.SegmentedRaftLogWorker (SegmentedRaftLogWorker.java:lambda$new$0(129)) - 8ae206a5-f320-4eda-b157-0f223831448f@group-54AED5796201-SegmentedRaftLogWorker: safeCacheEvictIndex: setUnconditionally 0 -> -1
2020-07-02 19:47:39,702 [pool-622-thread-1] INFO  server.RaftServerConfigKeys (ConfUtils.java:logGet(44)) - raft.server.snapshot.auto.trigger.enabled = true (custom)
2020-07-02 19:47:39,702 [pool-607-thread-1] INFO  storage.RaftStorageDirectory (RaftStorageDirectory.java:tryLock(343)) - Lock on /github/workspace/mnt/ozone/hadoop-ozone/integration-test/target/test-dir/MiniOzoneClusterImpl-47077420-a86b-4566-b2ce-9fb6a30396ee/datanode-7/data/ratis/918e4bec-9774-43bd-a7e6-54aed5796201/in_use.lock acquired by nodename 20513@88424e9b97c1
2020-07-02 19:47:39,703 [pool-622-thread-1] INFO  server.RaftServerConfigKeys (ConfUtils.java:logGet(44)) - raft.server.snapshot.auto.trigger.threshold = 10000 (custom)
2020-07-02 19:47:39,703 [pool-622-thread-1] INFO  server.RaftServerConfigKeys (ConfUtils.java:logGet(44)) - raft.server.snapshot.retention.file.num = 5 (custom)
2020-07-02 19:47:39,703 [pool-622-thread-1] INFO  server.RaftServerConfigKeys (ConfUtils.java:logGet(44)) - raft.server.log.purge.upto.snapshot.index = false (default)
2020-07-02 19:47:39,703 [pool-622-thread-1] INFO  server.RaftServerConfigKeys (ConfUtils.java:logGet(44)) - raft.server.retrycache.expirytime = 600000ms (custom)
2020-07-02 19:47:39,703 [pool-622-thread-1] INFO  metrics.RatisMetrics (RatisMetrics.java:lambda$create$0(36)) - Creating Metrics Registry : ratis.leader_election.8ae206a5-f320-4eda-b157-0f223831448f@group-54AED5796201
2020-07-02 19:47:39,704 [pool-607-thread-1] INFO  storage.RaftStorage (RaftStorage.java:format(84)) - Storage directory /github/workspace/mnt/ozone/hadoop-ozone/integration-test/target/test-dir/MiniOzoneClusterImpl-47077420-a86b-4566-b2ce-9fb6a30396ee/datanode-7/data/ratis/918e4bec-9774-43bd-a7e6-54aed5796201 has been successfully formatted.
2020-07-02 19:47:39,704 [pool-607-thread-1] INFO  ratis.ContainerStateMachine (ContainerStateMachine.java:loadSnapshot(225)) - group-54AED5796201: The snapshot info is null. Setting the last applied indexto:(t:0, i:~)
2020-07-02 19:47:39,704 [pool-607-thread-1] INFO  server.RaftServerConfigKeys (ConfUtils.java:logGet(44)) - raft.server.notification.no-leader.timeout = 60s (default)
2020-07-02 19:47:39,704 [pool-607-thread-1] INFO  server.RaftServerConfigKeys (ConfUtils.java:logGet(44)) - raft.server.log.use.memory = false (default)
2020-07-02 19:47:39,704 [pool-607-thread-1] INFO  server.RaftServerConfigKeys (ConfUtils.java:logGet(44)) - raft.server.log.purge.gap = 1000000 (custom)
2020-07-02 19:47:39,704 [pool-607-thread-1] INFO  server.RaftServerConfigKeys (ConfUtils.java:logGet(44)) - raft.server.log.appender.buffer.byte-limit = 33554432 (custom)
2020-07-02 19:47:39,704 [pool-607-thread-1] INFO  server.RaftServerConfigKeys (ConfUtils.java:logGet(44)) - raft.server.log.segment.size.max = 1048576 (custom)
2020-07-02 19:47:39,704 [pool-607-thread-1] INFO  metrics.RatisMetrics (RatisMetrics.java:lambda$create$0(36)) - Creating Metrics Registry : ratis.log_worker.5d2a92cb-0156-45c5-8f38-b4fa24aa5737@group-54AED5796201
2020-07-02 19:47:39,704 [pool-607-thread-1] INFO  server.RaftServerConfigKeys (ConfUtils.java:logGet(44)) - raft.server.log.segment.cache.num.max = 2 (custom)
2020-07-02 19:47:39,704 [pool-607-thread-1] INFO  segmented.SegmentedRaftLogWorker (SegmentedRaftLogWorker.java:<init>(180)) - new 5d2a92cb-0156-45c5-8f38-b4fa24aa5737@group-54AED5796201-SegmentedRaftLogWorker for RaftStorage:Storage Directory /github/workspace/mnt/ozone/hadoop-ozone/integration-test/target/test-dir/MiniOzoneClusterImpl-47077420-a86b-4566-b2ce-9fb6a30396ee/datanode-7/data/ratis/918e4bec-9774-43bd-a7e6-54aed5796201
2020-07-02 19:47:39,704 [pool-607-thread-1] INFO  server.RaftServerConfigKeys (ConfUtils.java:logGet(44)) - raft.server.log.queue.byte-limit = 2147483647 (custom)
2020-07-02 19:47:39,704 [pool-607-thread-1] INFO  server.RaftServerConfigKeys (ConfUtils.java:logGet(44)) - raft.server.log.queue.element-limit = 1024 (custom)
2020-07-02 19:47:39,704 [pool-607-thread-1] INFO  server.RaftServerConfigKeys (ConfUtils.java:logGet(44)) - raft.server.log.segment.size.max = 1048576 (custom)
2020-07-02 19:47:39,704 [pool-607-thread-1] INFO  server.RaftServerConfigKeys (ConfUtils.java:logGet(44)) - raft.server.log.preallocated.size = 16384 (custom)
2020-07-02 19:47:39,704 [pool-607-thread-1] INFO  server.RaftServerConfigKeys (ConfUtils.java:logGet(44)) - raft.server.log.write.buffer.size = 1048576 (custom)
2020-07-02 19:47:39,705 [pool-607-thread-1] INFO  server.RaftServerConfigKeys (ConfUtils.java:logGet(44)) - raft.server.log.force.sync.num = 128 (default)
2020-07-02 19:47:39,705 [pool-607-thread-1] INFO  server.RaftServerConfigKeys (ConfUtils.java:logGet(44)) - raft.server.log.statemachine.data.sync = true (default)
2020-07-02 19:47:39,705 [pool-607-thread-1] INFO  server.RaftServerConfigKeys (ConfUtils.java:logGet(44)) - raft.server.log.statemachine.data.sync.timeout = 10s (default)
2020-07-02 19:47:39,705 [pool-607-thread-1] INFO  server.RaftServerConfigKeys (ConfUtils.java:logGet(44)) - raft.server.log.statemachine.data.sync.timeout.retry = -1 (default)
2020-07-02 19:47:39,706 [pool-622-thread-1] INFO  metrics.RatisMetrics (RatisMetrics.java:lambda$create$0(36)) - Creating Metrics Registry : ratis.server.8ae206a5-f320-4eda-b157-0f223831448f@group-54AED5796201
2020-07-02 19:47:39,717 [pool-622-thread-1] INFO  impl.RaftServerImpl (RaftServerImpl.java:start(186)) - 8ae206a5-f320-4eda-b157-0f223831448f@group-54AED5796201: start as a follower, conf=-1: [8ae206a5-f320-4eda-b157-0f223831448f:172.17.0.2:43091, 6062bcc3-a1a5-437e-9952-fd12f6666483:172.17.0.2:46571, 5d2a92cb-0156-45c5-8f38-b4fa24aa5737:172.17.0.2:40131], old=null
2020-07-02 19:47:39,717 [pool-622-thread-1] INFO  impl.RaftServerImpl (RaftServerImpl.java:setRole(175)) - 8ae206a5-f320-4eda-b157-0f223831448f@group-54AED5796201: changes role from      null to FOLLOWER at term 0 for startAsFollower
2020-07-02 19:47:39,717 [pool-622-thread-1] INFO  impl.RoleInfo (RoleInfo.java:updateAndGet(143)) - 8ae206a5-f320-4eda-b157-0f223831448f: start FollowerState
2020-07-02 19:47:39,718 [pool-622-thread-1] INFO  util.JmxRegister (JmxRegister.java:tryRegister(44)) - Successfully registered JMX Bean with object name Ratis:service=RaftServer,group=group-54AED5796201,id=8ae206a5-f320-4eda-b157-0f223831448f
2020-07-02 19:47:39,718 [pool-622-thread-1] INFO  metrics.RatisMetrics (RatisMetrics.java:lambda$create$0(36)) - Creating Metrics Registry : ratis.state_machine.8ae206a5-f320-4eda-b157-0f223831448f@group-54AED5796201
2020-07-02 19:47:39,718 [pool-607-thread-1] INFO  server.RaftServerConfigKeys (ConfUtils.java:logGet(44)) - raft.server.log.statemachine.data.caching.enabled = true (custom)
2020-07-02 19:47:39,718 [pool-607-thread-1] INFO  segmented.SegmentedRaftLogWorker (SegmentedRaftLogWorker.java:lambda$new$0(129)) - 5d2a92cb-0156-45c5-8f38-b4fa24aa5737@group-54AED5796201-SegmentedRaftLogWorker: flushIndex: setUnconditionally 0 -> -1
2020-07-02 19:47:39,718 [pool-607-thread-1] INFO  segmented.SegmentedRaftLogWorker (SegmentedRaftLogWorker.java:lambda$new$0(129)) - 5d2a92cb-0156-45c5-8f38-b4fa24aa5737@group-54AED5796201-SegmentedRaftLogWorker: safeCacheEvictIndex: setUnconditionally 0 -> -1
2020-07-02 19:47:39,719 [pool-607-thread-1] INFO  server.RaftServerConfigKeys (ConfUtils.java:logGet(44)) - raft.server.snapshot.auto.trigger.enabled = true (custom)
2020-07-02 19:47:39,719 [pool-607-thread-1] INFO  server.RaftServerConfigKeys (ConfUtils.java:logGet(44)) - raft.server.snapshot.auto.trigger.threshold = 10000 (custom)
2020-07-02 19:47:39,719 [pool-607-thread-1] INFO  server.RaftServerConfigKeys (ConfUtils.java:logGet(44)) - raft.server.snapshot.retention.file.num = 5 (custom)
2020-07-02 19:47:39,719 [pool-607-thread-1] INFO  server.RaftServerConfigKeys (ConfUtils.java:logGet(44)) - raft.server.log.purge.upto.snapshot.index = false (default)
2020-07-02 19:47:39,719 [pool-607-thread-1] INFO  server.RaftServerConfigKeys (ConfUtils.java:logGet(44)) - raft.server.retrycache.expirytime = 600000ms (custom)
2020-07-02 19:47:39,719 [pool-607-thread-1] INFO  metrics.RatisMetrics (RatisMetrics.java:lambda$create$0(36)) - Creating Metrics Registry : ratis.leader_election.5d2a92cb-0156-45c5-8f38-b4fa24aa5737@group-54AED5796201
2020-07-02 19:47:39,720 [pool-607-thread-1] INFO  metrics.RatisMetrics (RatisMetrics.java:lambda$create$0(36)) - Creating Metrics Registry : ratis.server.5d2a92cb-0156-45c5-8f38-b4fa24aa5737@group-54AED5796201
2020-07-02 19:47:39,721 [pool-607-thread-1] INFO  impl.RaftServerImpl (RaftServerImpl.java:start(186)) - 5d2a92cb-0156-45c5-8f38-b4fa24aa5737@group-54AED5796201: start as a follower, conf=-1: [8ae206a5-f320-4eda-b157-0f223831448f:172.17.0.2:43091, 6062bcc3-a1a5-437e-9952-fd12f6666483:172.17.0.2:46571, 5d2a92cb-0156-45c5-8f38-b4fa24aa5737:172.17.0.2:40131], old=null
2020-07-02 19:47:39,721 [pool-607-thread-1] INFO  impl.RaftServerImpl (RaftServerImpl.java:setRole(175)) - 5d2a92cb-0156-45c5-8f38-b4fa24aa5737@group-54AED5796201: changes role from      null to FOLLOWER at term 0 for startAsFollower
2020-07-02 19:47:39,721 [pool-607-thread-1] INFO  impl.RoleInfo (RoleInfo.java:updateAndGet(143)) - 5d2a92cb-0156-45c5-8f38-b4fa24aa5737: start FollowerState
2020-07-02 19:47:39,722 [pool-607-thread-1] INFO  util.JmxRegister (JmxRegister.java:tryRegister(44)) - Successfully registered JMX Bean with object name Ratis:service=RaftServer,group=group-54AED5796201,id=5d2a92cb-0156-45c5-8f38-b4fa24aa5737
2020-07-02 19:47:39,722 [pool-607-thread-1] INFO  metrics.RatisMetrics (RatisMetrics.java:lambda$create$0(36)) - Creating Metrics Registry : ratis.state_machine.5d2a92cb-0156-45c5-8f38-b4fa24aa5737@group-54AED5796201
2020-07-02 19:47:39,731 [Command processor thread] INFO  impl.RaftServerProxy (RaftServerProxy.java:addNew(89)) - 8ae206a5-f320-4eda-b157-0f223831448f: addNew group-6A0CA2ACC8F8:[8ae206a5-f320-4eda-b157-0f223831448f:172.17.0.2:43091] returns group-6A0CA2ACC8F8:java.util.concurrent.CompletableFuture@76dcb3f5[Not completed]
2020-07-02 19:47:39,731 [pool-622-thread-1] INFO  impl.RaftServerImpl (RaftServerImpl.java:<init>(99)) - 8ae206a5-f320-4eda-b157-0f223831448f: new RaftServerImpl for group-6A0CA2ACC8F8:[8ae206a5-f320-4eda-b157-0f223831448f:172.17.0.2:43091] with ContainerStateMachine:uninitialized
2020-07-02 19:47:39,731 [pool-622-thread-1] INFO  server.RaftServerConfigKeys (ConfUtils.java:logGet(44)) - raft.server.rpc.timeout.min = 5s (custom)
2020-07-02 19:47:39,731 [pool-622-thread-1] INFO  server.RaftServerConfigKeys (ConfUtils.java:logGet(44)) - raft.server.rpc.timeout.max = 5200ms (custom)
2020-07-02 19:47:39,731 [pool-622-thread-1] INFO  server.RaftServerConfigKeys (ConfUtils.java:logGet(44)) - raft.server.rpcslowness.timeout = 300000ms (custom)
2020-07-02 19:47:39,731 [pool-622-thread-1] INFO  server.RaftServerConfigKeys (ConfUtils.java:logGet(44)) - raft.server.sleep.deviation.threshold = 300 (default)
2020-07-02 19:47:39,731 [pool-622-thread-1] INFO  server.RaftServerConfigKeys (ConfUtils.java:logGet(44)) - raft.server.log.appender.install.snapshot.enabled = false (custom)
2020-07-02 19:47:39,731 [pool-622-thread-1] INFO  impl.RaftServerImpl (ServerState.java:<init>(103)) - 8ae206a5-f320-4eda-b157-0f223831448f@group-6A0CA2ACC8F8: ConfigurationManager, init=-1: [8ae206a5-f320-4eda-b157-0f223831448f:172.17.0.2:43091], old=null, confs=<EMPTY_MAP>
2020-07-02 19:47:39,731 [pool-622-thread-1] INFO  server.RaftServerConfigKeys (ConfUtils.java:logGet(44)) - raft.server.storage.dir = [/github/workspace/mnt/ozone/hadoop-ozone/integration-test/target/test-dir/MiniOzoneClusterImpl-47077420-a86b-4566-b2ce-9fb6a30396ee/datanode-8/data/ratis] (custom)
2020-07-02 19:47:39,732 [pool-622-thread-1] INFO  server.RaftServerConfigKeys (ConfUtils.java:logGet(44)) - raft.server.log.corruption.policy = EXCEPTION (default)
2020-07-02 19:47:39,732 [pool-622-thread-1] INFO  storage.RaftStorageDirectory (RaftStorageDirectory.java:analyzeStorage(261)) - The storage directory /github/workspace/mnt/ozone/hadoop-ozone/integration-test/target/test-dir/MiniOzoneClusterImpl-47077420-a86b-4566-b2ce-9fb6a30396ee/datanode-8/data/ratis/59930e45-aea4-41c0-9109-6a0ca2acc8f8 does not exist. Creating ...
2020-07-02 19:47:39,737 [pool-622-thread-1] INFO  storage.RaftStorageDirectory (RaftStorageDirectory.java:tryLock(343)) - Lock on /github/workspace/mnt/ozone/hadoop-ozone/integration-test/target/test-dir/MiniOzoneClusterImpl-47077420-a86b-4566-b2ce-9fb6a30396ee/datanode-8/data/ratis/59930e45-aea4-41c0-9109-6a0ca2acc8f8/in_use.lock acquired by nodename 20513@88424e9b97c1
2020-07-02 19:47:39,738 [pool-622-thread-1] INFO  storage.RaftStorage (RaftStorage.java:format(84)) - Storage directory /github/workspace/mnt/ozone/hadoop-ozone/integration-test/target/test-dir/MiniOzoneClusterImpl-47077420-a86b-4566-b2ce-9fb6a30396ee/datanode-8/data/ratis/59930e45-aea4-41c0-9109-6a0ca2acc8f8 has been successfully formatted.
2020-07-02 19:47:39,739 [pool-622-thread-1] INFO  ratis.ContainerStateMachine (ContainerStateMachine.java:loadSnapshot(225)) - group-6A0CA2ACC8F8: The snapshot info is null. Setting the last applied indexto:(t:0, i:~)
2020-07-02 19:47:39,739 [pool-622-thread-1] INFO  server.RaftServerConfigKeys (ConfUtils.java:logGet(44)) - raft.server.notification.no-leader.timeout = 60s (default)
2020-07-02 19:47:39,739 [pool-622-thread-1] INFO  server.RaftServerConfigKeys (ConfUtils.java:logGet(44)) - raft.server.log.use.memory = false (default)
2020-07-02 19:47:39,739 [pool-622-thread-1] INFO  server.RaftServerConfigKeys (ConfUtils.java:logGet(44)) - raft.server.log.purge.gap = 1000000 (custom)
2020-07-02 19:47:39,739 [pool-622-thread-1] INFO  server.RaftServerConfigKeys (ConfUtils.java:logGet(44)) - raft.server.log.appender.buffer.byte-limit = 33554432 (custom)
2020-07-02 19:47:39,739 [pool-622-thread-1] INFO  server.RaftServerConfigKeys (ConfUtils.java:logGet(44)) - raft.server.log.segment.size.max = 1048576 (custom)
2020-07-02 19:47:39,739 [pool-622-thread-1] INFO  metrics.RatisMetrics (RatisMetrics.java:lambda$create$0(36)) - Creating Metrics Registry : ratis.log_worker.8ae206a5-f320-4eda-b157-0f223831448f@group-6A0CA2ACC8F8
2020-07-02 19:47:39,739 [pool-622-thread-1] INFO  server.RaftServerConfigKeys (ConfUtils.java:logGet(44)) - raft.server.log.segment.cache.num.max = 2 (custom)
2020-07-02 19:47:39,740 [pool-622-thread-1] INFO  segmented.SegmentedRaftLogWorker (SegmentedRaftLogWorker.java:<init>(180)) - new 8ae206a5-f320-4eda-b157-0f223831448f@group-6A0CA2ACC8F8-SegmentedRaftLogWorker for RaftStorage:Storage Directory /github/workspace/mnt/ozone/hadoop-ozone/integration-test/target/test-dir/MiniOzoneClusterImpl-47077420-a86b-4566-b2ce-9fb6a30396ee/datanode-8/data/ratis/59930e45-aea4-41c0-9109-6a0ca2acc8f8
2020-07-02 19:47:39,740 [pool-622-thread-1] INFO  server.RaftServerConfigKeys (ConfUtils.java:logGet(44)) - raft.server.log.queue.byte-limit = 2147483647 (custom)
2020-07-02 19:47:39,740 [pool-622-thread-1] INFO  server.RaftServerConfigKeys (ConfUtils.java:logGet(44)) - raft.server.log.queue.element-limit = 1024 (custom)
2020-07-02 19:47:39,740 [pool-622-thread-1] INFO  server.RaftServerConfigKeys (ConfUtils.java:logGet(44)) - raft.server.log.segment.size.max = 1048576 (custom)
2020-07-02 19:47:39,740 [pool-622-thread-1] INFO  server.RaftServerConfigKeys (ConfUtils.java:logGet(44)) - raft.server.log.preallocated.size = 16384 (custom)
2020-07-02 19:47:39,740 [pool-622-thread-1] INFO  server.RaftServerConfigKeys (ConfUtils.java:logGet(44)) - raft.server.log.write.buffer.size = 1048576 (custom)
2020-07-02 19:47:39,740 [pool-622-thread-1] INFO  server.RaftServerConfigKeys (ConfUtils.java:logGet(44)) - raft.server.log.force.sync.num = 128 (default)
2020-07-02 19:47:39,740 [pool-622-thread-1] INFO  server.RaftServerConfigKeys (ConfUtils.java:logGet(44)) - raft.server.log.statemachine.data.sync = true (default)
2020-07-02 19:47:39,740 [pool-622-thread-1] INFO  server.RaftServerConfigKeys (ConfUtils.java:logGet(44)) - raft.server.log.statemachine.data.sync.timeout = 10s (default)
2020-07-02 19:47:39,740 [pool-622-thread-1] INFO  server.RaftServerConfigKeys (ConfUtils.java:logGet(44)) - raft.server.log.statemachine.data.sync.timeout.retry = -1 (default)
2020-07-02 19:47:39,742 [pool-622-thread-1] INFO  server.RaftServerConfigKeys (ConfUtils.java:logGet(44)) - raft.server.log.statemachine.data.caching.enabled = true (custom)
2020-07-02 19:47:39,742 [EventQueue-PipelineReportForPipelineReportHandler] INFO  pipeline.PipelineStateManager (PipelineStateManager.java:openPipeline(131)) - Pipeline Pipeline[ Id: 59930e45-aea4-41c0-9109-6a0ca2acc8f8, Nodes: 8ae206a5-f320-4eda-b157-0f223831448f{ip: 172.17.0.2, host: 88424e9b97c1, networkLocation: /default-rack, certSerialId: null}, Type:RATIS, Factor:ONE, State:ALLOCATED, leaderId:8ae206a5-f320-4eda-b157-0f223831448f, CreationTimestamp2020-07-02T19:47:36.731Z] moved to OPEN state
2020-07-02 19:47:39,742 [Listener at 127.0.0.1/43161] INFO  ozone.MiniOzoneClusterImpl (MiniOzoneClusterImpl.java:lambda$waitForClusterToBeReady$0(177)) - Nodes are ready. Got 9 of 9 DN Heartbeats.
2020-07-02 19:47:39,743 [Listener at 127.0.0.1/43161] INFO  ozone.MiniOzoneClusterImpl (MiniOzoneClusterImpl.java:lambda$waitForClusterToBeReady$0(180)) - Waiting for cluster to exit safe mode
2020-07-02 19:47:39,743 [pool-622-thread-1] INFO  segmented.SegmentedRaftLogWorker (SegmentedRaftLogWorker.java:lambda$new$0(129)) - 8ae206a5-f320-4eda-b157-0f223831448f@group-6A0CA2ACC8F8-SegmentedRaftLogWorker: flushIndex: setUnconditionally 0 -> -1
2020-07-02 19:47:39,743 [pool-622-thread-1] INFO  segmented.SegmentedRaftLogWorker (SegmentedRaftLogWorker.java:lambda$new$0(129)) - 8ae206a5-f320-4eda-b157-0f223831448f@group-6A0CA2ACC8F8-SegmentedRaftLogWorker: safeCacheEvictIndex: setUnconditionally 0 -> -1
2020-07-02 19:47:39,746 [EventQueue-OpenPipelineForOneReplicaPipelineSafeModeRule] INFO  safemode.SCMSafeModeManager (SCMSafeModeManager.java:validateSafeModeExitRules(214)) - AtleastOneDatanodeReportedRule rule is successfully validated
2020-07-02 19:47:39,746 [EventQueue-OpenPipelineForHealthyPipelineSafeModeRule] INFO  safemode.SCMSafeModeManager (HealthyPipelineSafeModeRule.java:process(129)) - SCM in safe mode. Healthy pipelines reported count is 0, required healthy pipeline reported count is 1
2020-07-02 19:47:39,755 [pool-622-thread-1] INFO  server.RaftServerConfigKeys (ConfUtils.java:logGet(44)) - raft.server.snapshot.auto.trigger.enabled = true (custom)
2020-07-02 19:47:39,755 [pool-622-thread-1] INFO  server.RaftServerConfigKeys (ConfUtils.java:logGet(44)) - raft.server.snapshot.auto.trigger.threshold = 10000 (custom)
2020-07-02 19:47:39,755 [pool-622-thread-1] INFO  server.RaftServerConfigKeys (ConfUtils.java:logGet(44)) - raft.server.snapshot.retention.file.num = 5 (custom)
2020-07-02 19:47:39,755 [pool-622-thread-1] INFO  server.RaftServerConfigKeys (ConfUtils.java:logGet(44)) - raft.server.log.purge.upto.snapshot.index = false (default)
2020-07-02 19:47:39,755 [pool-622-thread-1] INFO  server.RaftServerConfigKeys (ConfUtils.java:logGet(44)) - raft.server.retrycache.expirytime = 600000ms (custom)
2020-07-02 19:47:39,755 [pool-622-thread-1] INFO  metrics.RatisMetrics (RatisMetrics.java:lambda$create$0(36)) - Creating Metrics Registry : ratis.leader_election.8ae206a5-f320-4eda-b157-0f223831448f@group-6A0CA2ACC8F8
2020-07-02 19:47:39,756 [pool-622-thread-1] INFO  metrics.RatisMetrics (RatisMetrics.java:lambda$create$0(36)) - Creating Metrics Registry : ratis.server.8ae206a5-f320-4eda-b157-0f223831448f@group-6A0CA2ACC8F8
2020-07-02 19:47:39,757 [pool-622-thread-1] INFO  impl.RaftServerImpl (RaftServerImpl.java:start(186)) - 8ae206a5-f320-4eda-b157-0f223831448f@group-6A0CA2ACC8F8: start as a follower, conf=-1: [8ae206a5-f320-4eda-b157-0f223831448f:172.17.0.2:43091], old=null
2020-07-02 19:47:39,757 [pool-622-thread-1] INFO  impl.RaftServerImpl (RaftServerImpl.java:setRole(175)) - 8ae206a5-f320-4eda-b157-0f223831448f@group-6A0CA2ACC8F8: changes role from      null to FOLLOWER at term 0 for startAsFollower
2020-07-02 19:47:39,757 [pool-622-thread-1] INFO  impl.RoleInfo (RoleInfo.java:updateAndGet(143)) - 8ae206a5-f320-4eda-b157-0f223831448f: start FollowerState
2020-07-02 19:47:39,758 [pool-622-thread-1] INFO  util.JmxRegister (JmxRegister.java:tryRegister(44)) - Successfully registered JMX Bean with object name Ratis:service=RaftServer,group=group-6A0CA2ACC8F8,id=8ae206a5-f320-4eda-b157-0f223831448f
2020-07-02 19:47:39,758 [pool-622-thread-1] INFO  metrics.RatisMetrics (RatisMetrics.java:lambda$create$0(36)) - Creating Metrics Registry : ratis.state_machine.8ae206a5-f320-4eda-b157-0f223831448f@group-6A0CA2ACC8F8
2020-07-02 19:47:39,759 [Command processor thread] INFO  commandhandler.CreatePipelineCommandHandler (CreatePipelineCommandHandler.java:handle(109)) - Created Pipeline RATIS ONE #id: "59930e45-aea4-41c0-9109-6a0ca2acc8f8"
uuid128 {
  mostSigBits: 6454518383397585344
  leastSigBits: -7995743060918220552
}
.
2020-07-02 19:47:39,777 [Command processor thread] INFO  commandhandler.CreatePipelineCommandHandler (CreatePipelineCommandHandler.java:handle(109)) - Created Pipeline RATIS THREE #id: "918e4bec-9774-43bd-a7e6-54aed5796201"
uuid128 {
  mostSigBits: -7958340011991743555
  leastSigBits: -6348293514849590783
}
.
2020-07-02 19:47:39,822 [Command processor thread] INFO  commandhandler.CreatePipelineCommandHandler (CreatePipelineCommandHandler.java:handle(109)) - Created Pipeline RATIS THREE #id: "918e4bec-9774-43bd-a7e6-54aed5796201"
uuid128 {
  mostSigBits: -7958340011991743555
  leastSigBits: -6348293514849590783
}
.
2020-07-02 19:47:40,743 [Listener at 127.0.0.1/43161] INFO  ozone.MiniOzoneClusterImpl (MiniOzoneClusterImpl.java:lambda$waitForClusterToBeReady$0(177)) - Nodes are ready. Got 9 of 9 DN Heartbeats.
2020-07-02 19:47:40,743 [Listener at 127.0.0.1/43161] INFO  ozone.MiniOzoneClusterImpl (MiniOzoneClusterImpl.java:lambda$waitForClusterToBeReady$0(180)) - Waiting for cluster to exit safe mode
2020-07-02 19:47:41,744 [Listener at 127.0.0.1/43161] INFO  ozone.MiniOzoneClusterImpl (MiniOzoneClusterImpl.java:lambda$waitForClusterToBeReady$0(177)) - Nodes are ready. Got 9 of 9 DN Heartbeats.
2020-07-02 19:47:41,744 [Listener at 127.0.0.1/43161] INFO  ozone.MiniOzoneClusterImpl (MiniOzoneClusterImpl.java:lambda$waitForClusterToBeReady$0(180)) - Waiting for cluster to exit safe mode
2020-07-02 19:47:42,744 [Listener at 127.0.0.1/43161] INFO  ozone.MiniOzoneClusterImpl (MiniOzoneClusterImpl.java:lambda$waitForClusterToBeReady$0(177)) - Nodes are ready. Got 9 of 9 DN Heartbeats.
2020-07-02 19:47:42,744 [Listener at 127.0.0.1/43161] INFO  ozone.MiniOzoneClusterImpl (MiniOzoneClusterImpl.java:lambda$waitForClusterToBeReady$0(180)) - Waiting for cluster to exit safe mode
2020-07-02 19:47:43,745 [Listener at 127.0.0.1/43161] INFO  ozone.MiniOzoneClusterImpl (MiniOzoneClusterImpl.java:lambda$waitForClusterToBeReady$0(177)) - Nodes are ready. Got 9 of 9 DN Heartbeats.
2020-07-02 19:47:43,745 [Listener at 127.0.0.1/43161] INFO  ozone.MiniOzoneClusterImpl (MiniOzoneClusterImpl.java:lambda$waitForClusterToBeReady$0(180)) - Waiting for cluster to exit safe mode
2020-07-02 19:47:44,377 [Thread-1704] INFO  impl.FollowerState (FollowerState.java:run(108)) - e1aceb7c-da99-4a3c-9205-ba6aed5f5e4d@group-9CDEA6A4F643-FollowerState: change to CANDIDATE, lastRpcTime:5050ms, electionTimeout:5050ms
2020-07-02 19:47:44,377 [Thread-1704] INFO  impl.RoleInfo (RoleInfo.java:shutdownFollowerState(121)) - e1aceb7c-da99-4a3c-9205-ba6aed5f5e4d: shutdown FollowerState
2020-07-02 19:47:44,377 [Thread-1704] INFO  impl.RaftServerImpl (RaftServerImpl.java:setRole(175)) - e1aceb7c-da99-4a3c-9205-ba6aed5f5e4d@group-9CDEA6A4F643: changes role from  FOLLOWER to CANDIDATE at term 0 for changeToCandidate
2020-07-02 19:47:44,377 [Thread-1704] INFO  impl.RoleInfo (RoleInfo.java:updateAndGet(143)) - e1aceb7c-da99-4a3c-9205-ba6aed5f5e4d: start LeaderElection
2020-07-02 19:47:44,384 [e1aceb7c-da99-4a3c-9205-ba6aed5f5e4d@group-9CDEA6A4F643-LeaderElection51] INFO  impl.LeaderElection (LeaderElection.java:askForVotes(206)) - e1aceb7c-da99-4a3c-9205-ba6aed5f5e4d@group-9CDEA6A4F643-LeaderElection51: begin an election at term 1 for -1: [e1aceb7c-da99-4a3c-9205-ba6aed5f5e4d:172.17.0.2:39317], old=null
2020-07-02 19:47:44,384 [e1aceb7c-da99-4a3c-9205-ba6aed5f5e4d@group-9CDEA6A4F643-LeaderElection51] INFO  impl.RoleInfo (RoleInfo.java:shutdownLeaderElection(134)) - e1aceb7c-da99-4a3c-9205-ba6aed5f5e4d: shutdown LeaderElection
2020-07-02 19:47:44,384 [e1aceb7c-da99-4a3c-9205-ba6aed5f5e4d@group-9CDEA6A4F643-LeaderElection51] INFO  impl.RaftServerImpl (RaftServerImpl.java:setRole(175)) - e1aceb7c-da99-4a3c-9205-ba6aed5f5e4d@group-9CDEA6A4F643: changes role from CANDIDATE to LEADER at term 1 for changeToLeader
2020-07-02 19:47:44,384 [e1aceb7c-da99-4a3c-9205-ba6aed5f5e4d@group-9CDEA6A4F643-LeaderElection51] INFO  ratis.XceiverServerRatis (XceiverServerRatis.java:handleLeaderChangedNotification(762)) - Leader change notification received for group: group-9CDEA6A4F643 with new leaderId: e1aceb7c-da99-4a3c-9205-ba6aed5f5e4d
2020-07-02 19:47:44,384 [e1aceb7c-da99-4a3c-9205-ba6aed5f5e4d@group-9CDEA6A4F643-LeaderElection51] INFO  impl.RaftServerImpl (ServerState.java:setLeader(255)) - e1aceb7c-da99-4a3c-9205-ba6aed5f5e4d@group-9CDEA6A4F643: change Leader from null to e1aceb7c-da99-4a3c-9205-ba6aed5f5e4d at term 1 for becomeLeader, leader elected after 5066ms
2020-07-02 19:47:44,384 [e1aceb7c-da99-4a3c-9205-ba6aed5f5e4d@group-9CDEA6A4F643-LeaderElection51] INFO  server.RaftServerConfigKeys (ConfUtils.java:logGet(44)) - raft.server.staging.catchup.gap = 1000 (default)
2020-07-02 19:47:44,384 [e1aceb7c-da99-4a3c-9205-ba6aed5f5e4d@group-9CDEA6A4F643-LeaderElection51] INFO  server.RaftServerConfigKeys (ConfUtils.java:logGet(44)) - raft.server.rpc.sleep.time = 25ms (default)
2020-07-02 19:47:44,385 [e1aceb7c-da99-4a3c-9205-ba6aed5f5e4d@group-9CDEA6A4F643-LeaderElection51] INFO  metrics.RatisMetrics (RatisMetrics.java:lambda$create$0(36)) - Creating Metrics Registry : ratis.log_appender.e1aceb7c-da99-4a3c-9205-ba6aed5f5e4d@group-9CDEA6A4F643
2020-07-02 19:47:44,385 [e1aceb7c-da99-4a3c-9205-ba6aed5f5e4d@group-9CDEA6A4F643-LeaderElection51] INFO  server.RaftServerConfigKeys (ConfUtils.java:logGet(44)) - raft.server.write.element-limit = 1024 (custom)
2020-07-02 19:47:44,385 [e1aceb7c-da99-4a3c-9205-ba6aed5f5e4d@group-9CDEA6A4F643-LeaderElection51] INFO  server.RaftServerConfigKeys (ConfUtils.java:logGet(44)) - raft.server.write.byte-limit = 1073741824 (custom)
2020-07-02 19:47:44,386 [e1aceb7c-da99-4a3c-9205-ba6aed5f5e4d@group-9CDEA6A4F643-LeaderElection51] INFO  server.RaftServerConfigKeys (ConfUtils.java:logGet(44)) - raft.server.watch.timeout = 3000ms (custom)
2020-07-02 19:47:44,386 [e1aceb7c-da99-4a3c-9205-ba6aed5f5e4d@group-9CDEA6A4F643-LeaderElection51] INFO  server.RaftServerConfigKeys (ConfUtils.java:logGet(44)) - raft.server.watch.timeout.denomination = 1s (default)
2020-07-02 19:47:44,386 [e1aceb7c-da99-4a3c-9205-ba6aed5f5e4d@group-9CDEA6A4F643-LeaderElection51] INFO  server.RaftServerConfigKeys (ConfUtils.java:logGet(44)) - raft.server.watch.element-limit = 65536 (default)
2020-07-02 19:47:44,386 [e1aceb7c-da99-4a3c-9205-ba6aed5f5e4d@group-9CDEA6A4F643-LeaderElection51] INFO  impl.RoleInfo (RoleInfo.java:updateAndGet(143)) - e1aceb7c-da99-4a3c-9205-ba6aed5f5e4d: start LeaderState
2020-07-02 19:47:44,387 [e1aceb7c-da99-4a3c-9205-ba6aed5f5e4d@group-9CDEA6A4F643-LeaderElection51] INFO  segmented.SegmentedRaftLogWorker (SegmentedRaftLogWorker.java:startLogSegment(397)) - e1aceb7c-da99-4a3c-9205-ba6aed5f5e4d@group-9CDEA6A4F643-SegmentedRaftLogWorker: Starting segment from index:0
2020-07-02 19:47:44,387 [e1aceb7c-da99-4a3c-9205-ba6aed5f5e4d@group-9CDEA6A4F643-LeaderElection51] INFO  impl.RaftServerImpl (ServerState.java:setRaftConf(356)) - e1aceb7c-da99-4a3c-9205-ba6aed5f5e4d@group-9CDEA6A4F643: set configuration 0: [e1aceb7c-da99-4a3c-9205-ba6aed5f5e4d:172.17.0.2:39317], old=null at 0
2020-07-02 19:47:44,388 [e1aceb7c-da99-4a3c-9205-ba6aed5f5e4d@group-9CDEA6A4F643-SegmentedRaftLogWorker] INFO  segmented.SegmentedRaftLogWorker (SegmentedRaftLogWorker.java:execute(596)) - e1aceb7c-da99-4a3c-9205-ba6aed5f5e4d@group-9CDEA6A4F643-SegmentedRaftLogWorker: created new log segment /github/workspace/mnt/ozone/hadoop-ozone/integration-test/target/test-dir/MiniOzoneClusterImpl-47077420-a86b-4566-b2ce-9fb6a30396ee/datanode-0/data/ratis/e1e348c9-494d-46d9-80f4-9cdea6a4f643/current/log_inprogress_0
2020-07-02 19:47:44,480 [Thread-1718] INFO  impl.FollowerState (FollowerState.java:run(108)) - 31b30001-c6bc-41c4-8b5d-b541ce032758@group-B81F1D24982B-FollowerState: change to CANDIDATE, lastRpcTime:5002ms, electionTimeout:5002ms
2020-07-02 19:47:44,480 [Thread-1718] INFO  impl.RoleInfo (RoleInfo.java:shutdownFollowerState(121)) - 31b30001-c6bc-41c4-8b5d-b541ce032758: shutdown FollowerState
2020-07-02 19:47:44,481 [Thread-1718] INFO  impl.RaftServerImpl (RaftServerImpl.java:setRole(175)) - 31b30001-c6bc-41c4-8b5d-b541ce032758@group-B81F1D24982B: changes role from  FOLLOWER to CANDIDATE at term 0 for changeToCandidate
2020-07-02 19:47:44,481 [Thread-1718] INFO  impl.RoleInfo (RoleInfo.java:updateAndGet(143)) - 31b30001-c6bc-41c4-8b5d-b541ce032758: start LeaderElection
2020-07-02 19:47:44,482 [Thread-1706] INFO  impl.FollowerState (FollowerState.java:run(108)) - e1aceb7c-da99-4a3c-9205-ba6aed5f5e4d@group-ADA67ADC91AC-FollowerState: change to CANDIDATE, lastRpcTime:5141ms, electionTimeout:5141ms
2020-07-02 19:47:44,483 [Thread-1706] INFO  impl.RoleInfo (RoleInfo.java:shutdownFollowerState(121)) - e1aceb7c-da99-4a3c-9205-ba6aed5f5e4d: shutdown FollowerState
2020-07-02 19:47:44,483 [Thread-1706] INFO  impl.RaftServerImpl (RaftServerImpl.java:setRole(175)) - e1aceb7c-da99-4a3c-9205-ba6aed5f5e4d@group-ADA67ADC91AC: changes role from  FOLLOWER to CANDIDATE at term 0 for changeToCandidate
2020-07-02 19:47:44,483 [Thread-1706] INFO  impl.RoleInfo (RoleInfo.java:updateAndGet(143)) - e1aceb7c-da99-4a3c-9205-ba6aed5f5e4d: start LeaderElection
2020-07-02 19:47:44,487 [Thread-1708] INFO  impl.FollowerState (FollowerState.java:run(108)) - 7640c2d1-a09c-4516-81ed-c198f8abcf65@group-ADA67ADC91AC-FollowerState: change to CANDIDATE, lastRpcTime:5125ms, electionTimeout:5122ms
2020-07-02 19:47:44,488 [31b30001-c6bc-41c4-8b5d-b541ce032758@group-B81F1D24982B-LeaderElection52] INFO  impl.LeaderElection (LeaderElection.java:askForVotes(206)) - 31b30001-c6bc-41c4-8b5d-b541ce032758@group-B81F1D24982B-LeaderElection52: begin an election at term 1 for -1: [31b30001-c6bc-41c4-8b5d-b541ce032758:172.17.0.2:41537], old=null
2020-07-02 19:47:44,488 [31b30001-c6bc-41c4-8b5d-b541ce032758@group-B81F1D24982B-LeaderElection52] INFO  impl.RoleInfo (RoleInfo.java:shutdownLeaderElection(134)) - 31b30001-c6bc-41c4-8b5d-b541ce032758: shutdown LeaderElection
2020-07-02 19:47:44,488 [Thread-1708] INFO  impl.RoleInfo (RoleInfo.java:shutdownFollowerState(121)) - 7640c2d1-a09c-4516-81ed-c198f8abcf65: shutdown FollowerState
2020-07-02 19:47:44,488 [31b30001-c6bc-41c4-8b5d-b541ce032758@group-B81F1D24982B-LeaderElection52] INFO  impl.RaftServerImpl (RaftServerImpl.java:setRole(175)) - 31b30001-c6bc-41c4-8b5d-b541ce032758@group-B81F1D24982B: changes role from CANDIDATE to LEADER at term 1 for changeToLeader
2020-07-02 19:47:44,488 [Thread-1708] INFO  impl.RaftServerImpl (RaftServerImpl.java:setRole(175)) - 7640c2d1-a09c-4516-81ed-c198f8abcf65@group-ADA67ADC91AC: changes role from  FOLLOWER to CANDIDATE at term 0 for changeToCandidate
2020-07-02 19:47:44,488 [31b30001-c6bc-41c4-8b5d-b541ce032758@group-B81F1D24982B-LeaderElection52] INFO  ratis.XceiverServerRatis (XceiverServerRatis.java:handleLeaderChangedNotification(762)) - Leader change notification received for group: group-B81F1D24982B with new leaderId: 31b30001-c6bc-41c4-8b5d-b541ce032758
2020-07-02 19:47:44,488 [Thread-1708] INFO  impl.RoleInfo (RoleInfo.java:updateAndGet(143)) - 7640c2d1-a09c-4516-81ed-c198f8abcf65: start LeaderElection
2020-07-02 19:47:44,488 [31b30001-c6bc-41c4-8b5d-b541ce032758@group-B81F1D24982B-LeaderElection52] INFO  impl.RaftServerImpl (ServerState.java:setLeader(255)) - 31b30001-c6bc-41c4-8b5d-b541ce032758@group-B81F1D24982B: change Leader from null to 31b30001-c6bc-41c4-8b5d-b541ce032758 at term 1 for becomeLeader, leader elected after 5016ms
2020-07-02 19:47:44,488 [31b30001-c6bc-41c4-8b5d-b541ce032758@group-B81F1D24982B-LeaderElection52] INFO  server.RaftServerConfigKeys (ConfUtils.java:logGet(44)) - raft.server.staging.catchup.gap = 1000 (default)
2020-07-02 19:47:44,488 [31b30001-c6bc-41c4-8b5d-b541ce032758@group-B81F1D24982B-LeaderElection52] INFO  server.RaftServerConfigKeys (ConfUtils.java:logGet(44)) - raft.server.rpc.sleep.time = 25ms (default)
2020-07-02 19:47:44,488 [31b30001-c6bc-41c4-8b5d-b541ce032758@group-B81F1D24982B-LeaderElection52] INFO  metrics.RatisMetrics (RatisMetrics.java:lambda$create$0(36)) - Creating Metrics Registry : ratis.log_appender.31b30001-c6bc-41c4-8b5d-b541ce032758@group-B81F1D24982B
2020-07-02 19:47:44,489 [31b30001-c6bc-41c4-8b5d-b541ce032758@group-B81F1D24982B-LeaderElection52] INFO  server.RaftServerConfigKeys (ConfUtils.java:logGet(44)) - raft.server.write.element-limit = 1024 (custom)
2020-07-02 19:47:44,489 [31b30001-c6bc-41c4-8b5d-b541ce032758@group-B81F1D24982B-LeaderElection52] INFO  server.RaftServerConfigKeys (ConfUtils.java:logGet(44)) - raft.server.write.byte-limit = 1073741824 (custom)
2020-07-02 19:47:44,489 [31b30001-c6bc-41c4-8b5d-b541ce032758@group-B81F1D24982B-LeaderElection52] INFO  server.RaftServerConfigKeys (ConfUtils.java:logGet(44)) - raft.server.watch.timeout = 3000ms (custom)
2020-07-02 19:47:44,489 [31b30001-c6bc-41c4-8b5d-b541ce032758@group-B81F1D24982B-LeaderElection52] INFO  server.RaftServerConfigKeys (ConfUtils.java:logGet(44)) - raft.server.watch.timeout.denomination = 1s (default)
2020-07-02 19:47:44,489 [31b30001-c6bc-41c4-8b5d-b541ce032758@group-B81F1D24982B-LeaderElection52] INFO  server.RaftServerConfigKeys (ConfUtils.java:logGet(44)) - raft.server.watch.element-limit = 65536 (default)
2020-07-02 19:47:44,490 [31b30001-c6bc-41c4-8b5d-b541ce032758@group-B81F1D24982B-LeaderElection52] INFO  impl.RoleInfo (RoleInfo.java:updateAndGet(143)) - 31b30001-c6bc-41c4-8b5d-b541ce032758: start LeaderState
2020-07-02 19:47:44,492 [31b30001-c6bc-41c4-8b5d-b541ce032758@group-B81F1D24982B-LeaderElection52] INFO  segmented.SegmentedRaftLogWorker (SegmentedRaftLogWorker.java:startLogSegment(397)) - 31b30001-c6bc-41c4-8b5d-b541ce032758@group-B81F1D24982B-SegmentedRaftLogWorker: Starting segment from index:0
2020-07-02 19:47:44,492 [7640c2d1-a09c-4516-81ed-c198f8abcf65@group-ADA67ADC91AC-LeaderElection54] INFO  impl.LeaderElection (LeaderElection.java:askForVotes(206)) - 7640c2d1-a09c-4516-81ed-c198f8abcf65@group-ADA67ADC91AC-LeaderElection54: begin an election at term 1 for -1: [7640c2d1-a09c-4516-81ed-c198f8abcf65:172.17.0.2:40749, e1aceb7c-da99-4a3c-9205-ba6aed5f5e4d:172.17.0.2:39317, 624bc23a-26d8-413d-a9ad-b038ba4eb8c0:172.17.0.2:32845], old=null
2020-07-02 19:47:44,492 [e1aceb7c-da99-4a3c-9205-ba6aed5f5e4d@group-ADA67ADC91AC-LeaderElection53] INFO  impl.LeaderElection (LeaderElection.java:askForVotes(206)) - e1aceb7c-da99-4a3c-9205-ba6aed5f5e4d@group-ADA67ADC91AC-LeaderElection53: begin an election at term 1 for -1: [7640c2d1-a09c-4516-81ed-c198f8abcf65:172.17.0.2:40749, e1aceb7c-da99-4a3c-9205-ba6aed5f5e4d:172.17.0.2:39317, 624bc23a-26d8-413d-a9ad-b038ba4eb8c0:172.17.0.2:32845], old=null
2020-07-02 19:47:44,493 [31b30001-c6bc-41c4-8b5d-b541ce032758@group-B81F1D24982B-SegmentedRaftLogWorker] INFO  segmented.SegmentedRaftLogWorker (SegmentedRaftLogWorker.java:execute(596)) - 31b30001-c6bc-41c4-8b5d-b541ce032758@group-B81F1D24982B-SegmentedRaftLogWorker: created new log segment /github/workspace/mnt/ozone/hadoop-ozone/integration-test/target/test-dir/MiniOzoneClusterImpl-47077420-a86b-4566-b2ce-9fb6a30396ee/datanode-3/data/ratis/e06c2e9d-4eec-4731-9028-b81f1d24982b/current/log_inprogress_0
2020-07-02 19:47:44,494 [31b30001-c6bc-41c4-8b5d-b541ce032758@group-B81F1D24982B-LeaderElection52] INFO  impl.RaftServerImpl (ServerState.java:setRaftConf(356)) - 31b30001-c6bc-41c4-8b5d-b541ce032758@group-B81F1D24982B: set configuration 0: [31b30001-c6bc-41c4-8b5d-b541ce032758:172.17.0.2:41537], old=null at 0
2020-07-02 19:47:44,564 [Thread-1716] INFO  impl.FollowerState (FollowerState.java:run(108)) - 7640c2d1-a09c-4516-81ed-c198f8abcf65@group-D6532DCE90D3-FollowerState: change to CANDIDATE, lastRpcTime:5147ms, electionTimeout:5119ms
2020-07-02 19:47:44,582 [Thread-1716] INFO  impl.RoleInfo (RoleInfo.java:shutdownFollowerState(121)) - 7640c2d1-a09c-4516-81ed-c198f8abcf65: shutdown FollowerState
2020-07-02 19:47:44,582 [Thread-1716] INFO  impl.RaftServerImpl (RaftServerImpl.java:setRole(175)) - 7640c2d1-a09c-4516-81ed-c198f8abcf65@group-D6532DCE90D3: changes role from  FOLLOWER to CANDIDATE at term 0 for changeToCandidate
2020-07-02 19:47:44,582 [Thread-1716] INFO  impl.RoleInfo (RoleInfo.java:updateAndGet(143)) - 7640c2d1-a09c-4516-81ed-c198f8abcf65: start LeaderElection
2020-07-02 19:47:44,581 [Thread-1713] INFO  impl.FollowerState (FollowerState.java:run(108)) - 624bc23a-26d8-413d-a9ad-b038ba4eb8c0@group-ADA67ADC91AC-FollowerState: change to CANDIDATE, lastRpcTime:5182ms, electionTimeout:5182ms
2020-07-02 19:47:44,583 [Thread-1713] INFO  impl.RoleInfo (RoleInfo.java:shutdownFollowerState(121)) - 624bc23a-26d8-413d-a9ad-b038ba4eb8c0: shutdown FollowerState
2020-07-02 19:47:44,583 [Thread-1713] INFO  impl.RaftServerImpl (RaftServerImpl.java:setRole(175)) - 624bc23a-26d8-413d-a9ad-b038ba4eb8c0@group-ADA67ADC91AC: changes role from  FOLLOWER to CANDIDATE at term 0 for changeToCandidate
2020-07-02 19:47:44,576 [Thread-1712] INFO  impl.FollowerState (FollowerState.java:run(108)) - 624bc23a-26d8-413d-a9ad-b038ba4eb8c0@group-44088AF90764-FollowerState: change to CANDIDATE, lastRpcTime:5179ms, electionTimeout:5170ms
2020-07-02 19:47:44,583 [Thread-1712] INFO  impl.RoleInfo (RoleInfo.java:shutdownFollowerState(121)) - 624bc23a-26d8-413d-a9ad-b038ba4eb8c0: shutdown FollowerState
2020-07-02 19:47:44,583 [Thread-1712] INFO  impl.RaftServerImpl (RaftServerImpl.java:setRole(175)) - 624bc23a-26d8-413d-a9ad-b038ba4eb8c0@group-44088AF90764: changes role from  FOLLOWER to CANDIDATE at term 0 for changeToCandidate
2020-07-02 19:47:44,583 [grpc-default-executor-8] DEBUG impl.RaftServerImpl (RaftServerImpl.java:requestVote(821)) - e1aceb7c-da99-4a3c-9205-ba6aed5f5e4d@group-ADA67ADC91AC: receive requestVote(7640c2d1-a09c-4516-81ed-c198f8abcf65, group-ADA67ADC91AC, 1, (t:0, i:0))
2020-07-02 19:47:44,583 [grpc-default-executor-8] DEBUG impl.RaftServerImpl (RaftServerImpl.java:requestVote(853)) - e1aceb7c-da99-4a3c-9205-ba6aed5f5e4d@group-ADA67ADC91AC replies to vote request: 7640c2d1-a09c-4516-81ed-c198f8abcf65<-e1aceb7c-da99-4a3c-9205-ba6aed5f5e4d#0:FAIL-t1. Peer's state: e1aceb7c-da99-4a3c-9205-ba6aed5f5e4d@group-ADA67ADC91AC:t1, leader=null, voted=e1aceb7c-da99-4a3c-9205-ba6aed5f5e4d, raftlog=e1aceb7c-da99-4a3c-9205-ba6aed5f5e4d@group-ADA67ADC91AC-SegmentedRaftLog:OPENED:c-1,f-1,i0, conf=-1: [7640c2d1-a09c-4516-81ed-c198f8abcf65:172.17.0.2:40749, e1aceb7c-da99-4a3c-9205-ba6aed5f5e4d:172.17.0.2:39317, 624bc23a-26d8-413d-a9ad-b038ba4eb8c0:172.17.0.2:32845], old=null
2020-07-02 19:47:44,586 [Thread-1712] INFO  impl.RoleInfo (RoleInfo.java:updateAndGet(143)) - 624bc23a-26d8-413d-a9ad-b038ba4eb8c0: start LeaderElection
2020-07-02 19:47:44,590 [Thread-1713] INFO  impl.RoleInfo (RoleInfo.java:updateAndGet(143)) - 624bc23a-26d8-413d-a9ad-b038ba4eb8c0: start LeaderElection
2020-07-02 19:47:44,600 [grpc-default-executor-8] DEBUG impl.RaftServerImpl (RaftServerImpl.java:requestVote(821)) - 7640c2d1-a09c-4516-81ed-c198f8abcf65@group-ADA67ADC91AC: receive requestVote(e1aceb7c-da99-4a3c-9205-ba6aed5f5e4d, group-ADA67ADC91AC, 1, (t:0, i:0))
2020-07-02 19:47:44,603 [grpc-default-executor-8] DEBUG impl.RaftServerImpl (RaftServerImpl.java:requestVote(853)) - 7640c2d1-a09c-4516-81ed-c198f8abcf65@group-ADA67ADC91AC replies to vote request: e1aceb7c-da99-4a3c-9205-ba6aed5f5e4d<-7640c2d1-a09c-4516-81ed-c198f8abcf65#0:FAIL-t1. Peer's state: 7640c2d1-a09c-4516-81ed-c198f8abcf65@group-ADA67ADC91AC:t1, leader=null, voted=7640c2d1-a09c-4516-81ed-c198f8abcf65, raftlog=7640c2d1-a09c-4516-81ed-c198f8abcf65@group-ADA67ADC91AC-SegmentedRaftLog:OPENED:c-1,f-1,i0, conf=-1: [7640c2d1-a09c-4516-81ed-c198f8abcf65:172.17.0.2:40749, e1aceb7c-da99-4a3c-9205-ba6aed5f5e4d:172.17.0.2:39317, 624bc23a-26d8-413d-a9ad-b038ba4eb8c0:172.17.0.2:32845], old=null
2020-07-02 19:47:44,601 [624bc23a-26d8-413d-a9ad-b038ba4eb8c0@group-ADA67ADC91AC-LeaderElection56] INFO  impl.LeaderElection (LeaderElection.java:askForVotes(206)) - 624bc23a-26d8-413d-a9ad-b038ba4eb8c0@group-ADA67ADC91AC-LeaderElection56: begin an election at term 1 for -1: [7640c2d1-a09c-4516-81ed-c198f8abcf65:172.17.0.2:40749, e1aceb7c-da99-4a3c-9205-ba6aed5f5e4d:172.17.0.2:39317, 624bc23a-26d8-413d-a9ad-b038ba4eb8c0:172.17.0.2:32845], old=null
2020-07-02 19:47:44,601 [grpc-default-executor-2] DEBUG impl.RaftServerImpl (RaftServerImpl.java:requestVote(821)) - 624bc23a-26d8-413d-a9ad-b038ba4eb8c0@group-ADA67ADC91AC: receive requestVote(e1aceb7c-da99-4a3c-9205-ba6aed5f5e4d, group-ADA67ADC91AC, 1, (t:0, i:0))
2020-07-02 19:47:44,609 [grpc-default-executor-2] DEBUG impl.RaftServerImpl (RaftServerImpl.java:requestVote(853)) - 624bc23a-26d8-413d-a9ad-b038ba4eb8c0@group-ADA67ADC91AC replies to vote request: e1aceb7c-da99-4a3c-9205-ba6aed5f5e4d<-624bc23a-26d8-413d-a9ad-b038ba4eb8c0#0:FAIL-t1. Peer's state: 624bc23a-26d8-413d-a9ad-b038ba4eb8c0@group-ADA67ADC91AC:t1, leader=null, voted=624bc23a-26d8-413d-a9ad-b038ba4eb8c0, raftlog=624bc23a-26d8-413d-a9ad-b038ba4eb8c0@group-ADA67ADC91AC-SegmentedRaftLog:OPENED:c-1,f-1,i0, conf=-1: [7640c2d1-a09c-4516-81ed-c198f8abcf65:172.17.0.2:40749, e1aceb7c-da99-4a3c-9205-ba6aed5f5e4d:172.17.0.2:39317, 624bc23a-26d8-413d-a9ad-b038ba4eb8c0:172.17.0.2:32845], old=null
2020-07-02 19:47:44,607 [7640c2d1-a09c-4516-81ed-c198f8abcf65@group-D6532DCE90D3-LeaderElection55] INFO  impl.LeaderElection (LeaderElection.java:askForVotes(206)) - 7640c2d1-a09c-4516-81ed-c198f8abcf65@group-D6532DCE90D3-LeaderElection55: begin an election at term 1 for -1: [7640c2d1-a09c-4516-81ed-c198f8abcf65:172.17.0.2:40749], old=null
2020-07-02 19:47:44,610 [7640c2d1-a09c-4516-81ed-c198f8abcf65@group-D6532DCE90D3-LeaderElection55] INFO  impl.RoleInfo (RoleInfo.java:shutdownLeaderElection(134)) - 7640c2d1-a09c-4516-81ed-c198f8abcf65: shutdown LeaderElection
2020-07-02 19:47:44,610 [7640c2d1-a09c-4516-81ed-c198f8abcf65@group-D6532DCE90D3-LeaderElection55] INFO  impl.RaftServerImpl (RaftServerImpl.java:setRole(175)) - 7640c2d1-a09c-4516-81ed-c198f8abcf65@group-D6532DCE90D3: changes role from CANDIDATE to LEADER at term 1 for changeToLeader
2020-07-02 19:47:44,611 [7640c2d1-a09c-4516-81ed-c198f8abcf65@group-D6532DCE90D3-LeaderElection55] INFO  ratis.XceiverServerRatis (XceiverServerRatis.java:handleLeaderChangedNotification(762)) - Leader change notification received for group: group-D6532DCE90D3 with new leaderId: 7640c2d1-a09c-4516-81ed-c198f8abcf65
2020-07-02 19:47:44,611 [7640c2d1-a09c-4516-81ed-c198f8abcf65@group-D6532DCE90D3-LeaderElection55] INFO  impl.RaftServerImpl (ServerState.java:setLeader(255)) - 7640c2d1-a09c-4516-81ed-c198f8abcf65@group-D6532DCE90D3: change Leader from null to 7640c2d1-a09c-4516-81ed-c198f8abcf65 at term 1 for becomeLeader, leader elected after 5200ms
2020-07-02 19:47:44,611 [7640c2d1-a09c-4516-81ed-c198f8abcf65@group-D6532DCE90D3-LeaderElection55] INFO  server.RaftServerConfigKeys (ConfUtils.java:logGet(44)) - raft.server.staging.catchup.gap = 1000 (default)
2020-07-02 19:47:44,611 [7640c2d1-a09c-4516-81ed-c198f8abcf65@group-D6532DCE90D3-LeaderElection55] INFO  server.RaftServerConfigKeys (ConfUtils.java:logGet(44)) - raft.server.rpc.sleep.time = 25ms (default)
2020-07-02 19:47:44,611 [7640c2d1-a09c-4516-81ed-c198f8abcf65@group-D6532DCE90D3-LeaderElection55] INFO  metrics.RatisMetrics (RatisMetrics.java:lambda$create$0(36)) - Creating Metrics Registry : ratis.log_appender.7640c2d1-a09c-4516-81ed-c198f8abcf65@group-D6532DCE90D3
2020-07-02 19:47:44,611 [7640c2d1-a09c-4516-81ed-c198f8abcf65@group-D6532DCE90D3-LeaderElection55] INFO  server.RaftServerConfigKeys (ConfUtils.java:logGet(44)) - raft.server.write.element-limit = 1024 (custom)
2020-07-02 19:47:44,611 [7640c2d1-a09c-4516-81ed-c198f8abcf65@group-D6532DCE90D3-LeaderElection55] INFO  server.RaftServerConfigKeys (ConfUtils.java:logGet(44)) - raft.server.write.byte-limit = 1073741824 (custom)
2020-07-02 19:47:44,612 [7640c2d1-a09c-4516-81ed-c198f8abcf65@group-D6532DCE90D3-LeaderElection55] INFO  server.RaftServerConfigKeys (ConfUtils.java:logGet(44)) - raft.server.watch.timeout = 3000ms (custom)
2020-07-02 19:47:44,612 [7640c2d1-a09c-4516-81ed-c198f8abcf65@group-D6532DCE90D3-LeaderElection55] INFO  server.RaftServerConfigKeys (ConfUtils.java:logGet(44)) - raft.server.watch.timeout.denomination = 1s (default)
2020-07-02 19:47:44,612 [7640c2d1-a09c-4516-81ed-c198f8abcf65@group-D6532DCE90D3-LeaderElection55] INFO  server.RaftServerConfigKeys (ConfUtils.java:logGet(44)) - raft.server.watch.element-limit = 65536 (default)
2020-07-02 19:47:44,612 [7640c2d1-a09c-4516-81ed-c198f8abcf65@group-D6532DCE90D3-LeaderElection55] INFO  impl.RoleInfo (RoleInfo.java:updateAndGet(143)) - 7640c2d1-a09c-4516-81ed-c198f8abcf65: start LeaderState
2020-07-02 19:47:44,612 [7640c2d1-a09c-4516-81ed-c198f8abcf65@group-D6532DCE90D3-LeaderElection55] INFO  segmented.SegmentedRaftLogWorker (SegmentedRaftLogWorker.java:startLogSegment(397)) - 7640c2d1-a09c-4516-81ed-c198f8abcf65@group-D6532DCE90D3-SegmentedRaftLogWorker: Starting segment from index:0
2020-07-02 19:47:44,610 [grpc-default-executor-7] DEBUG impl.RaftServerImpl (RaftServerImpl.java:requestVote(821)) - 624bc23a-26d8-413d-a9ad-b038ba4eb8c0@group-ADA67ADC91AC: receive requestVote(7640c2d1-a09c-4516-81ed-c198f8abcf65, group-ADA67ADC91AC, 1, (t:0, i:0))
2020-07-02 19:47:44,618 [grpc-default-executor-7] DEBUG impl.RaftServerImpl (RaftServerImpl.java:requestVote(853)) - 624bc23a-26d8-413d-a9ad-b038ba4eb8c0@group-ADA67ADC91AC replies to vote request: 7640c2d1-a09c-4516-81ed-c198f8abcf65<-624bc23a-26d8-413d-a9ad-b038ba4eb8c0#0:FAIL-t1. Peer's state: 624bc23a-26d8-413d-a9ad-b038ba4eb8c0@group-ADA67ADC91AC:t1, leader=null, voted=624bc23a-26d8-413d-a9ad-b038ba4eb8c0, raftlog=624bc23a-26d8-413d-a9ad-b038ba4eb8c0@group-ADA67ADC91AC-SegmentedRaftLog:OPENED:c-1,f-1,i0, conf=-1: [7640c2d1-a09c-4516-81ed-c198f8abcf65:172.17.0.2:40749, e1aceb7c-da99-4a3c-9205-ba6aed5f5e4d:172.17.0.2:39317, 624bc23a-26d8-413d-a9ad-b038ba4eb8c0:172.17.0.2:32845], old=null
2020-07-02 19:47:44,616 [624bc23a-26d8-413d-a9ad-b038ba4eb8c0@group-44088AF90764-LeaderElection57] INFO  impl.LeaderElection (LeaderElection.java:askForVotes(206)) - 624bc23a-26d8-413d-a9ad-b038ba4eb8c0@group-44088AF90764-LeaderElection57: begin an election at term 1 for -1: [624bc23a-26d8-413d-a9ad-b038ba4eb8c0:172.17.0.2:32845], old=null
2020-07-02 19:47:44,620 [624bc23a-26d8-413d-a9ad-b038ba4eb8c0@group-44088AF90764-LeaderElection57] INFO  impl.RoleInfo (RoleInfo.java:shutdownLeaderElection(134)) - 624bc23a-26d8-413d-a9ad-b038ba4eb8c0: shutdown LeaderElection
2020-07-02 19:47:44,614 [7640c2d1-a09c-4516-81ed-c198f8abcf65@group-D6532DCE90D3-SegmentedRaftLogWorker] INFO  segmented.SegmentedRaftLogWorker (SegmentedRaftLogWorker.java:execute(596)) - 7640c2d1-a09c-4516-81ed-c198f8abcf65@group-D6532DCE90D3-SegmentedRaftLogWorker: created new log segment /github/workspace/mnt/ozone/hadoop-ozone/integration-test/target/test-dir/MiniOzoneClusterImpl-47077420-a86b-4566-b2ce-9fb6a30396ee/datanode-2/data/ratis/c54d6f14-a798-45d2-b75c-d6532dce90d3/current/log_inprogress_0
2020-07-02 19:47:44,622 [7640c2d1-a09c-4516-81ed-c198f8abcf65@group-ADA67ADC91AC-LeaderElection54] INFO  impl.LeaderElection (LeaderElection.java:logAndReturn(61)) - 7640c2d1-a09c-4516-81ed-c198f8abcf65@group-ADA67ADC91AC-LeaderElection54: Election REJECTED; received 2 response(s) [7640c2d1-a09c-4516-81ed-c198f8abcf65<-e1aceb7c-da99-4a3c-9205-ba6aed5f5e4d#0:FAIL-t1, 7640c2d1-a09c-4516-81ed-c198f8abcf65<-624bc23a-26d8-413d-a9ad-b038ba4eb8c0#0:FAIL-t1] and 0 exception(s); 7640c2d1-a09c-4516-81ed-c198f8abcf65@group-ADA67ADC91AC:t1, leader=null, voted=7640c2d1-a09c-4516-81ed-c198f8abcf65, raftlog=7640c2d1-a09c-4516-81ed-c198f8abcf65@group-ADA67ADC91AC-SegmentedRaftLog:OPENED:c-1,f-1,i0, conf=-1: [7640c2d1-a09c-4516-81ed-c198f8abcf65:172.17.0.2:40749, e1aceb7c-da99-4a3c-9205-ba6aed5f5e4d:172.17.0.2:39317, 624bc23a-26d8-413d-a9ad-b038ba4eb8c0:172.17.0.2:32845], old=null
2020-07-02 19:47:44,613 [7640c2d1-a09c-4516-81ed-c198f8abcf65@group-D6532DCE90D3-LeaderElection55] INFO  impl.RaftServerImpl (ServerState.java:setRaftConf(356)) - 7640c2d1-a09c-4516-81ed-c198f8abcf65@group-D6532DCE90D3: set configuration 0: [7640c2d1-a09c-4516-81ed-c198f8abcf65:172.17.0.2:40749], old=null at 0
2020-07-02 19:47:44,622 [7640c2d1-a09c-4516-81ed-c198f8abcf65@group-ADA67ADC91AC-LeaderElection54] INFO  impl.RaftServerImpl (RaftServerImpl.java:setRole(175)) - 7640c2d1-a09c-4516-81ed-c198f8abcf65@group-ADA67ADC91AC: changes role from CANDIDATE to FOLLOWER at term 1 for DISCOVERED_A_NEW_TERM
2020-07-02 19:47:44,620 [624bc23a-26d8-413d-a9ad-b038ba4eb8c0@group-44088AF90764-LeaderElection57] INFO  impl.RaftServerImpl (RaftServerImpl.java:setRole(175)) - 624bc23a-26d8-413d-a9ad-b038ba4eb8c0@group-44088AF90764: changes role from CANDIDATE to LEADER at term 1 for changeToLeader
2020-07-02 19:47:44,624 [624bc23a-26d8-413d-a9ad-b038ba4eb8c0@group-44088AF90764-LeaderElection57] INFO  ratis.XceiverServerRatis (XceiverServerRatis.java:handleLeaderChangedNotification(762)) - Leader change notification received for group: group-44088AF90764 with new leaderId: 624bc23a-26d8-413d-a9ad-b038ba4eb8c0
2020-07-02 19:47:44,624 [624bc23a-26d8-413d-a9ad-b038ba4eb8c0@group-44088AF90764-LeaderElection57] INFO  impl.RaftServerImpl (ServerState.java:setLeader(255)) - 624bc23a-26d8-413d-a9ad-b038ba4eb8c0@group-44088AF90764: change Leader from null to 624bc23a-26d8-413d-a9ad-b038ba4eb8c0 at term 1 for becomeLeader, leader elected after 5261ms
2020-07-02 19:47:44,624 [624bc23a-26d8-413d-a9ad-b038ba4eb8c0@group-44088AF90764-LeaderElection57] INFO  server.RaftServerConfigKeys (ConfUtils.java:logGet(44)) - raft.server.staging.catchup.gap = 1000 (default)
2020-07-02 19:47:44,624 [624bc23a-26d8-413d-a9ad-b038ba4eb8c0@group-44088AF90764-LeaderElection57] INFO  server.RaftServerConfigKeys (ConfUtils.java:logGet(44)) - raft.server.rpc.sleep.time = 25ms (default)
2020-07-02 19:47:44,624 [624bc23a-26d8-413d-a9ad-b038ba4eb8c0@group-44088AF90764-LeaderElection57] INFO  metrics.RatisMetrics (RatisMetrics.java:lambda$create$0(36)) - Creating Metrics Registry : ratis.log_appender.624bc23a-26d8-413d-a9ad-b038ba4eb8c0@group-44088AF90764
2020-07-02 19:47:44,624 [624bc23a-26d8-413d-a9ad-b038ba4eb8c0@group-44088AF90764-LeaderElection57] INFO  server.RaftServerConfigKeys (ConfUtils.java:logGet(44)) - raft.server.write.element-limit = 1024 (custom)
2020-07-02 19:47:44,624 [624bc23a-26d8-413d-a9ad-b038ba4eb8c0@group-44088AF90764-LeaderElection57] INFO  server.RaftServerConfigKeys (ConfUtils.java:logGet(44)) - raft.server.write.byte-limit = 1073741824 (custom)
2020-07-02 19:47:44,620 [e1aceb7c-da99-4a3c-9205-ba6aed5f5e4d@group-ADA67ADC91AC-LeaderElection53] INFO  impl.LeaderElection (LeaderElection.java:logAndReturn(61)) - e1aceb7c-da99-4a3c-9205-ba6aed5f5e4d@group-ADA67ADC91AC-LeaderElection53: Election REJECTED; received 2 response(s) [e1aceb7c-da99-4a3c-9205-ba6aed5f5e4d<-7640c2d1-a09c-4516-81ed-c198f8abcf65#0:FAIL-t1, e1aceb7c-da99-4a3c-9205-ba6aed5f5e4d<-624bc23a-26d8-413d-a9ad-b038ba4eb8c0#0:FAIL-t1] and 0 exception(s); e1aceb7c-da99-4a3c-9205-ba6aed5f5e4d@group-ADA67ADC91AC:t1, leader=null, voted=e1aceb7c-da99-4a3c-9205-ba6aed5f5e4d, raftlog=e1aceb7c-da99-4a3c-9205-ba6aed5f5e4d@group-ADA67ADC91AC-SegmentedRaftLog:OPENED:c-1,f-1,i0, conf=-1: [7640c2d1-a09c-4516-81ed-c198f8abcf65:172.17.0.2:40749, e1aceb7c-da99-4a3c-9205-ba6aed5f5e4d:172.17.0.2:39317, 624bc23a-26d8-413d-a9ad-b038ba4eb8c0:172.17.0.2:32845], old=null
2020-07-02 19:47:44,625 [e1aceb7c-da99-4a3c-9205-ba6aed5f5e4d@group-ADA67ADC91AC-LeaderElection53] INFO  impl.RaftServerImpl (RaftServerImpl.java:setRole(175)) - e1aceb7c-da99-4a3c-9205-ba6aed5f5e4d@group-ADA67ADC91AC: changes role from CANDIDATE to FOLLOWER at term 1 for DISCOVERED_A_NEW_TERM
2020-07-02 19:47:44,625 [e1aceb7c-da99-4a3c-9205-ba6aed5f5e4d@group-ADA67ADC91AC-LeaderElection53] INFO  impl.RoleInfo (RoleInfo.java:shutdownLeaderElection(134)) - e1aceb7c-da99-4a3c-9205-ba6aed5f5e4d: shutdown LeaderElection
2020-07-02 19:47:44,625 [e1aceb7c-da99-4a3c-9205-ba6aed5f5e4d@group-ADA67ADC91AC-LeaderElection53] INFO  impl.RoleInfo (RoleInfo.java:updateAndGet(143)) - e1aceb7c-da99-4a3c-9205-ba6aed5f5e4d: start FollowerState
2020-07-02 19:47:44,625 [624bc23a-26d8-413d-a9ad-b038ba4eb8c0@group-44088AF90764-LeaderElection57] INFO  server.RaftServerConfigKeys (ConfUtils.java:logGet(44)) - raft.server.watch.timeout = 3000ms (custom)
2020-07-02 19:47:44,630 [grpc-default-executor-7] DEBUG impl.RaftServerImpl (RaftServerImpl.java:requestVote(821)) - e1aceb7c-da99-4a3c-9205-ba6aed5f5e4d@group-ADA67ADC91AC: receive requestVote(624bc23a-26d8-413d-a9ad-b038ba4eb8c0, group-ADA67ADC91AC, 1, (t:0, i:0))
2020-07-02 19:47:44,630 [grpc-default-executor-7] DEBUG impl.RaftServerImpl (RaftServerImpl.java:requestVote(853)) - e1aceb7c-da99-4a3c-9205-ba6aed5f5e4d@group-ADA67ADC91AC replies to vote request: 624bc23a-26d8-413d-a9ad-b038ba4eb8c0<-e1aceb7c-da99-4a3c-9205-ba6aed5f5e4d#0:FAIL-t1. Peer's state: e1aceb7c-da99-4a3c-9205-ba6aed5f5e4d@group-ADA67ADC91AC:t1, leader=null, voted=e1aceb7c-da99-4a3c-9205-ba6aed5f5e4d, raftlog=e1aceb7c-da99-4a3c-9205-ba6aed5f5e4d@group-ADA67ADC91AC-SegmentedRaftLog:OPENED:c-1,f-1,i0, conf=-1: [7640c2d1-a09c-4516-81ed-c198f8abcf65:172.17.0.2:40749, e1aceb7c-da99-4a3c-9205-ba6aed5f5e4d:172.17.0.2:39317, 624bc23a-26d8-413d-a9ad-b038ba4eb8c0:172.17.0.2:32845], old=null
2020-07-02 19:47:44,624 [7640c2d1-a09c-4516-81ed-c198f8abcf65@group-ADA67ADC91AC-LeaderElection54] INFO  impl.RoleInfo (RoleInfo.java:shutdownLeaderElection(134)) - 7640c2d1-a09c-4516-81ed-c198f8abcf65: shutdown LeaderElection
2020-07-02 19:47:44,630 [7640c2d1-a09c-4516-81ed-c198f8abcf65@group-ADA67ADC91AC-LeaderElection54] INFO  impl.RoleInfo (RoleInfo.java:updateAndGet(143)) - 7640c2d1-a09c-4516-81ed-c198f8abcf65: start FollowerState
2020-07-02 19:47:44,630 [624bc23a-26d8-413d-a9ad-b038ba4eb8c0@group-44088AF90764-LeaderElection57] INFO  server.RaftServerConfigKeys (ConfUtils.java:logGet(44)) - raft.server.watch.timeout.denomination = 1s (default)
2020-07-02 19:47:44,631 [624bc23a-26d8-413d-a9ad-b038ba4eb8c0@group-44088AF90764-LeaderElection57] INFO  server.RaftServerConfigKeys (ConfUtils.java:logGet(44)) - raft.server.watch.element-limit = 65536 (default)
2020-07-02 19:47:44,631 [624bc23a-26d8-413d-a9ad-b038ba4eb8c0@group-44088AF90764-LeaderElection57] INFO  impl.RoleInfo (RoleInfo.java:updateAndGet(143)) - 624bc23a-26d8-413d-a9ad-b038ba4eb8c0: start LeaderState
2020-07-02 19:47:44,631 [624bc23a-26d8-413d-a9ad-b038ba4eb8c0@group-44088AF90764-LeaderElection57] INFO  segmented.SegmentedRaftLogWorker (SegmentedRaftLogWorker.java:startLogSegment(397)) - 624bc23a-26d8-413d-a9ad-b038ba4eb8c0@group-44088AF90764-SegmentedRaftLogWorker: Starting segment from index:0
2020-07-02 19:47:44,633 [624bc23a-26d8-413d-a9ad-b038ba4eb8c0@group-44088AF90764-SegmentedRaftLogWorker] INFO  segmented.SegmentedRaftLogWorker (SegmentedRaftLogWorker.java:execute(596)) - 624bc23a-26d8-413d-a9ad-b038ba4eb8c0@group-44088AF90764-SegmentedRaftLogWorker: created new log segment /github/workspace/mnt/ozone/hadoop-ozone/integration-test/target/test-dir/MiniOzoneClusterImpl-47077420-a86b-4566-b2ce-9fb6a30396ee/datanode-1/data/ratis/fb4d5b25-8439-4da5-9b16-44088af90764/current/log_inprogress_0
2020-07-02 19:47:44,634 [624bc23a-26d8-413d-a9ad-b038ba4eb8c0@group-44088AF90764-LeaderElection57] INFO  impl.RaftServerImpl (ServerState.java:setRaftConf(356)) - 624bc23a-26d8-413d-a9ad-b038ba4eb8c0@group-44088AF90764: set configuration 0: [624bc23a-26d8-413d-a9ad-b038ba4eb8c0:172.17.0.2:32845], old=null at 0
2020-07-02 19:47:44,634 [Thread-1720] INFO  impl.FollowerState (FollowerState.java:run(108)) - 31b30001-c6bc-41c4-8b5d-b541ce032758@group-18AB17D9DAF3-FollowerState: change to CANDIDATE, lastRpcTime:5145ms, electionTimeout:5140ms
2020-07-02 19:47:44,639 [Thread-1720] INFO  impl.RoleInfo (RoleInfo.java:shutdownFollowerState(121)) - 31b30001-c6bc-41c4-8b5d-b541ce032758: shutdown FollowerState
2020-07-02 19:47:44,639 [Thread-1720] INFO  impl.RaftServerImpl (RaftServerImpl.java:setRole(175)) - 31b30001-c6bc-41c4-8b5d-b541ce032758@group-18AB17D9DAF3: changes role from  FOLLOWER to CANDIDATE at term 0 for changeToCandidate
2020-07-02 19:47:44,639 [Thread-1720] INFO  impl.RoleInfo (RoleInfo.java:updateAndGet(143)) - 31b30001-c6bc-41c4-8b5d-b541ce032758: start LeaderElection
2020-07-02 19:47:44,638 [grpc-default-executor-7] DEBUG impl.RaftServerImpl (RaftServerImpl.java:requestVote(821)) - 7640c2d1-a09c-4516-81ed-c198f8abcf65@group-ADA67ADC91AC: receive requestVote(624bc23a-26d8-413d-a9ad-b038ba4eb8c0, group-ADA67ADC91AC, 1, (t:0, i:0))
2020-07-02 19:47:44,639 [grpc-default-executor-7] DEBUG impl.RaftServerImpl (RaftServerImpl.java:requestVote(853)) - 7640c2d1-a09c-4516-81ed-c198f8abcf65@group-ADA67ADC91AC replies to vote request: 624bc23a-26d8-413d-a9ad-b038ba4eb8c0<-7640c2d1-a09c-4516-81ed-c198f8abcf65#0:FAIL-t1. Peer's state: 7640c2d1-a09c-4516-81ed-c198f8abcf65@group-ADA67ADC91AC:t1, leader=null, voted=7640c2d1-a09c-4516-81ed-c198f8abcf65, raftlog=7640c2d1-a09c-4516-81ed-c198f8abcf65@group-ADA67ADC91AC-SegmentedRaftLog:OPENED:c-1,f-1,i0, conf=-1: [7640c2d1-a09c-4516-81ed-c198f8abcf65:172.17.0.2:40749, e1aceb7c-da99-4a3c-9205-ba6aed5f5e4d:172.17.0.2:39317, 624bc23a-26d8-413d-a9ad-b038ba4eb8c0:172.17.0.2:32845], old=null
2020-07-02 19:47:44,642 [624bc23a-26d8-413d-a9ad-b038ba4eb8c0@group-ADA67ADC91AC-LeaderElection56] INFO  impl.LeaderElection (LeaderElection.java:logAndReturn(61)) - 624bc23a-26d8-413d-a9ad-b038ba4eb8c0@group-ADA67ADC91AC-LeaderElection56: Election REJECTED; received 2 response(s) [624bc23a-26d8-413d-a9ad-b038ba4eb8c0<-7640c2d1-a09c-4516-81ed-c198f8abcf65#0:FAIL-t1, 624bc23a-26d8-413d-a9ad-b038ba4eb8c0<-e1aceb7c-da99-4a3c-9205-ba6aed5f5e4d#0:FAIL-t1] and 0 exception(s); 624bc23a-26d8-413d-a9ad-b038ba4eb8c0@group-ADA67ADC91AC:t1, leader=null, voted=624bc23a-26d8-413d-a9ad-b038ba4eb8c0, raftlog=624bc23a-26d8-413d-a9ad-b038ba4eb8c0@group-ADA67ADC91AC-SegmentedRaftLog:OPENED:c-1,f-1,i0, conf=-1: [7640c2d1-a09c-4516-81ed-c198f8abcf65:172.17.0.2:40749, e1aceb7c-da99-4a3c-9205-ba6aed5f5e4d:172.17.0.2:39317, 624bc23a-26d8-413d-a9ad-b038ba4eb8c0:172.17.0.2:32845], old=null
2020-07-02 19:47:44,642 [624bc23a-26d8-413d-a9ad-b038ba4eb8c0@group-ADA67ADC91AC-LeaderElection56] INFO  impl.RaftServerImpl (RaftServerImpl.java:setRole(175)) - 624bc23a-26d8-413d-a9ad-b038ba4eb8c0@group-ADA67ADC91AC: changes role from CANDIDATE to FOLLOWER at term 1 for DISCOVERED_A_NEW_TERM
2020-07-02 19:47:44,642 [624bc23a-26d8-413d-a9ad-b038ba4eb8c0@group-ADA67ADC91AC-LeaderElection56] INFO  impl.RoleInfo (RoleInfo.java:shutdownLeaderElection(134)) - 624bc23a-26d8-413d-a9ad-b038ba4eb8c0: shutdown LeaderElection
2020-07-02 19:47:44,642 [624bc23a-26d8-413d-a9ad-b038ba4eb8c0@group-ADA67ADC91AC-LeaderElection56] INFO  impl.RoleInfo (RoleInfo.java:updateAndGet(143)) - 624bc23a-26d8-413d-a9ad-b038ba4eb8c0: start FollowerState
2020-07-02 19:47:44,643 [31b30001-c6bc-41c4-8b5d-b541ce032758@group-18AB17D9DAF3-LeaderElection58] INFO  impl.LeaderElection (LeaderElection.java:askForVotes(206)) - 31b30001-c6bc-41c4-8b5d-b541ce032758@group-18AB17D9DAF3-LeaderElection58: begin an election at term 1 for -1: [0b60331c-5e1c-4a80-9807-96a116b38597:172.17.0.2:39379, 31b30001-c6bc-41c4-8b5d-b541ce032758:172.17.0.2:41537, 9477b405-238c-48d3-b137-1691fefbdcbe:172.17.0.2:37669], old=null
2020-07-02 19:47:44,650 [grpc-default-executor-7] DEBUG impl.RaftServerImpl (RaftServerImpl.java:requestVote(821)) - 0b60331c-5e1c-4a80-9807-96a116b38597@group-18AB17D9DAF3: receive requestVote(31b30001-c6bc-41c4-8b5d-b541ce032758, group-18AB17D9DAF3, 1, (t:0, i:0))
2020-07-02 19:47:44,651 [grpc-default-executor-7] INFO  impl.RaftServerImpl (RaftServerImpl.java:setRole(175)) - 0b60331c-5e1c-4a80-9807-96a116b38597@group-18AB17D9DAF3: changes role from  FOLLOWER to FOLLOWER at term 1 for recognizeCandidate:31b30001-c6bc-41c4-8b5d-b541ce032758
2020-07-02 19:47:44,651 [grpc-default-executor-7] INFO  impl.RoleInfo (RoleInfo.java:shutdownFollowerState(121)) - 0b60331c-5e1c-4a80-9807-96a116b38597: shutdown FollowerState
2020-07-02 19:47:44,652 [grpc-default-executor-7] INFO  impl.RoleInfo (RoleInfo.java:updateAndGet(143)) - 0b60331c-5e1c-4a80-9807-96a116b38597: start FollowerState
2020-07-02 19:47:44,652 [Thread-1722] INFO  impl.FollowerState (FollowerState.java:run(117)) - 0b60331c-5e1c-4a80-9807-96a116b38597@group-18AB17D9DAF3-FollowerState was interrupted: java.lang.InterruptedException: sleep interrupted
2020-07-02 19:47:44,653 [grpc-default-executor-7] DEBUG impl.RaftServerImpl (RaftServerImpl.java:requestVote(853)) - 0b60331c-5e1c-4a80-9807-96a116b38597@group-18AB17D9DAF3 replies to vote request: 31b30001-c6bc-41c4-8b5d-b541ce032758<-0b60331c-5e1c-4a80-9807-96a116b38597#0:OK-t1. Peer's state: 0b60331c-5e1c-4a80-9807-96a116b38597@group-18AB17D9DAF3:t1, leader=null, voted=31b30001-c6bc-41c4-8b5d-b541ce032758, raftlog=0b60331c-5e1c-4a80-9807-96a116b38597@group-18AB17D9DAF3-SegmentedRaftLog:OPENED:c-1,f-1,i0, conf=-1: [0b60331c-5e1c-4a80-9807-96a116b38597:172.17.0.2:39379, 31b30001-c6bc-41c4-8b5d-b541ce032758:172.17.0.2:41537, 9477b405-238c-48d3-b137-1691fefbdcbe:172.17.0.2:37669], old=null
2020-07-02 19:47:44,658 [grpc-default-executor-7] DEBUG impl.RaftServerImpl (RaftServerImpl.java:requestVote(821)) - 9477b405-238c-48d3-b137-1691fefbdcbe@group-18AB17D9DAF3: receive requestVote(31b30001-c6bc-41c4-8b5d-b541ce032758, group-18AB17D9DAF3, 1, (t:0, i:0))
2020-07-02 19:47:44,659 [grpc-default-executor-7] INFO  impl.RaftServerImpl (RaftServerImpl.java:setRole(175)) - 9477b405-238c-48d3-b137-1691fefbdcbe@group-18AB17D9DAF3: changes role from  FOLLOWER to FOLLOWER at term 1 for recognizeCandidate:31b30001-c6bc-41c4-8b5d-b541ce032758
2020-07-02 19:47:44,659 [grpc-default-executor-7] INFO  impl.RoleInfo (RoleInfo.java:shutdownFollowerState(121)) - 9477b405-238c-48d3-b137-1691fefbdcbe: shutdown FollowerState
2020-07-02 19:47:44,659 [grpc-default-executor-7] INFO  impl.RoleInfo (RoleInfo.java:updateAndGet(143)) - 9477b405-238c-48d3-b137-1691fefbdcbe: start FollowerState
2020-07-02 19:47:44,659 [Thread-1726] INFO  impl.FollowerState (FollowerState.java:run(117)) - 9477b405-238c-48d3-b137-1691fefbdcbe@group-18AB17D9DAF3-FollowerState was interrupted: java.lang.InterruptedException: sleep interrupted
2020-07-02 19:47:44,659 [31b30001-c6bc-41c4-8b5d-b541ce032758@group-18AB17D9DAF3-LeaderElection58] INFO  impl.LeaderElection (LeaderElection.java:logAndReturn(61)) - 31b30001-c6bc-41c4-8b5d-b541ce032758@group-18AB17D9DAF3-LeaderElection58: Election PASSED; received 1 response(s) [31b30001-c6bc-41c4-8b5d-b541ce032758<-0b60331c-5e1c-4a80-9807-96a116b38597#0:OK-t1] and 0 exception(s); 31b30001-c6bc-41c4-8b5d-b541ce032758@group-18AB17D9DAF3:t1, leader=null, voted=31b30001-c6bc-41c4-8b5d-b541ce032758, raftlog=31b30001-c6bc-41c4-8b5d-b541ce032758@group-18AB17D9DAF3-SegmentedRaftLog:OPENED:c-1,f-1,i0, conf=-1: [0b60331c-5e1c-4a80-9807-96a116b38597:172.17.0.2:39379, 31b30001-c6bc-41c4-8b5d-b541ce032758:172.17.0.2:41537, 9477b405-238c-48d3-b137-1691fefbdcbe:172.17.0.2:37669], old=null
2020-07-02 19:47:44,666 [31b30001-c6bc-41c4-8b5d-b541ce032758@group-18AB17D9DAF3-LeaderElection58] INFO  impl.RoleInfo (RoleInfo.java:shutdownLeaderElection(134)) - 31b30001-c6bc-41c4-8b5d-b541ce032758: shutdown LeaderElection
2020-07-02 19:47:44,666 [31b30001-c6bc-41c4-8b5d-b541ce032758@group-18AB17D9DAF3-LeaderElection58] INFO  impl.RaftServerImpl (RaftServerImpl.java:setRole(175)) - 31b30001-c6bc-41c4-8b5d-b541ce032758@group-18AB17D9DAF3: changes role from CANDIDATE to LEADER at term 1 for changeToLeader
2020-07-02 19:47:44,666 [31b30001-c6bc-41c4-8b5d-b541ce032758@group-18AB17D9DAF3-LeaderElection58] INFO  ratis.XceiverServerRatis (XceiverServerRatis.java:handleLeaderChangedNotification(762)) - Leader change notification received for group: group-18AB17D9DAF3 with new leaderId: 31b30001-c6bc-41c4-8b5d-b541ce032758
2020-07-02 19:47:44,666 [31b30001-c6bc-41c4-8b5d-b541ce032758@group-18AB17D9DAF3-LeaderElection58] INFO  impl.RaftServerImpl (ServerState.java:setLeader(255)) - 31b30001-c6bc-41c4-8b5d-b541ce032758@group-18AB17D9DAF3: change Leader from null to 31b30001-c6bc-41c4-8b5d-b541ce032758 at term 1 for becomeLeader, leader elected after 5183ms
2020-07-02 19:47:44,666 [31b30001-c6bc-41c4-8b5d-b541ce032758@group-18AB17D9DAF3-LeaderElection58] INFO  server.RaftServerConfigKeys (ConfUtils.java:logGet(44)) - raft.server.staging.catchup.gap = 1000 (default)
2020-07-02 19:47:44,666 [31b30001-c6bc-41c4-8b5d-b541ce032758@group-18AB17D9DAF3-LeaderElection58] INFO  server.RaftServerConfigKeys (ConfUtils.java:logGet(44)) - raft.server.rpc.sleep.time = 25ms (default)
2020-07-02 19:47:44,666 [31b30001-c6bc-41c4-8b5d-b541ce032758@group-18AB17D9DAF3-LeaderElection58] INFO  metrics.RatisMetrics (RatisMetrics.java:lambda$create$0(36)) - Creating Metrics Registry : ratis.log_appender.31b30001-c6bc-41c4-8b5d-b541ce032758@group-18AB17D9DAF3
2020-07-02 19:47:44,667 [31b30001-c6bc-41c4-8b5d-b541ce032758@group-18AB17D9DAF3-LeaderElection58] INFO  server.RaftServerConfigKeys (ConfUtils.java:logGet(44)) - raft.server.write.element-limit = 1024 (custom)
2020-07-02 19:47:44,667 [31b30001-c6bc-41c4-8b5d-b541ce032758@group-18AB17D9DAF3-LeaderElection58] INFO  server.RaftServerConfigKeys (ConfUtils.java:logGet(44)) - raft.server.write.byte-limit = 1073741824 (custom)
2020-07-02 19:47:44,667 [31b30001-c6bc-41c4-8b5d-b541ce032758@group-18AB17D9DAF3-LeaderElection58] INFO  server.RaftServerConfigKeys (ConfUtils.java:logGet(44)) - raft.server.watch.timeout = 3000ms (custom)
2020-07-02 19:47:44,667 [31b30001-c6bc-41c4-8b5d-b541ce032758@group-18AB17D9DAF3-LeaderElection58] INFO  server.RaftServerConfigKeys (ConfUtils.java:logGet(44)) - raft.server.watch.timeout.denomination = 1s (default)
2020-07-02 19:47:44,667 [31b30001-c6bc-41c4-8b5d-b541ce032758@group-18AB17D9DAF3-LeaderElection58] INFO  server.RaftServerConfigKeys (ConfUtils.java:logGet(44)) - raft.server.watch.element-limit = 65536 (default)
2020-07-02 19:47:44,667 [31b30001-c6bc-41c4-8b5d-b541ce032758@group-18AB17D9DAF3-LeaderElection58] INFO  server.RaftServerConfigKeys (ConfUtils.java:logGet(44)) - raft.server.log.appender.snapshot.chunk.size.max = 16MB (=16777216) (default)
2020-07-02 19:47:44,668 [31b30001-c6bc-41c4-8b5d-b541ce032758@group-18AB17D9DAF3-LeaderElection58] INFO  server.RaftServerConfigKeys (ConfUtils.java:logGet(44)) - raft.server.log.appender.buffer.byte-limit = 33554432 (custom)
2020-07-02 19:47:44,668 [31b30001-c6bc-41c4-8b5d-b541ce032758@group-18AB17D9DAF3-LeaderElection58] INFO  server.RaftServerConfigKeys (ConfUtils.java:logGet(44)) - raft.server.log.appender.buffer.element-limit = 1 (custom)
2020-07-02 19:47:44,668 [31b30001-c6bc-41c4-8b5d-b541ce032758@group-18AB17D9DAF3-LeaderElection58] INFO  grpc.GrpcConfigKeys (ConfUtils.java:logGet(44)) - raft.grpc.server.leader.outstanding.appends.max = 128 (default)
2020-07-02 19:47:44,668 [31b30001-c6bc-41c4-8b5d-b541ce032758@group-18AB17D9DAF3-LeaderElection58] INFO  server.RaftServerConfigKeys (ConfUtils.java:logGet(44)) - raft.server.rpc.request.timeout = 3000ms (default)
2020-07-02 19:47:44,668 [31b30001-c6bc-41c4-8b5d-b541ce032758@group-18AB17D9DAF3-LeaderElection58] INFO  server.RaftServerConfigKeys (ConfUtils.java:logGet(44)) - raft.server.log.appender.install.snapshot.enabled = false (custom)
2020-07-02 19:47:44,668 [31b30001-c6bc-41c4-8b5d-b541ce032758@group-18AB17D9DAF3-LeaderElection58] INFO  metrics.RatisMetrics (RatisMetrics.java:lambda$create$0(36)) - Creating Metrics Registry : ratis_grpc.log_appender.31b30001-c6bc-41c4-8b5d-b541ce032758@group-18AB17D9DAF3
2020-07-02 19:47:44,669 [31b30001-c6bc-41c4-8b5d-b541ce032758@group-18AB17D9DAF3-LeaderElection58] INFO  server.RaftServerConfigKeys (ConfUtils.java:logGet(44)) - raft.server.log.appender.snapshot.chunk.size.max = 16MB (=16777216) (default)
2020-07-02 19:47:44,670 [31b30001-c6bc-41c4-8b5d-b541ce032758@group-18AB17D9DAF3-LeaderElection58] INFO  server.RaftServerConfigKeys (ConfUtils.java:logGet(44)) - raft.server.log.appender.buffer.byte-limit = 33554432 (custom)
2020-07-02 19:47:44,666 [grpc-default-executor-7] DEBUG impl.RaftServerImpl (RaftServerImpl.java:requestVote(853)) - 9477b405-238c-48d3-b137-1691fefbdcbe@group-18AB17D9DAF3 replies to vote request: 31b30001-c6bc-41c4-8b5d-b541ce032758<-9477b405-238c-48d3-b137-1691fefbdcbe#0:OK-t1. Peer's state: 9477b405-238c-48d3-b137-1691fefbdcbe@group-18AB17D9DAF3:t1, leader=null, voted=31b30001-c6bc-41c4-8b5d-b541ce032758, raftlog=9477b405-238c-48d3-b137-1691fefbdcbe@group-18AB17D9DAF3-SegmentedRaftLog:OPENED:c-1,f-1,i0, conf=-1: [0b60331c-5e1c-4a80-9807-96a116b38597:172.17.0.2:39379, 31b30001-c6bc-41c4-8b5d-b541ce032758:172.17.0.2:41537, 9477b405-238c-48d3-b137-1691fefbdcbe:172.17.0.2:37669], old=null
2020-07-02 19:47:44,670 [31b30001-c6bc-41c4-8b5d-b541ce032758@group-18AB17D9DAF3-LeaderElection58] INFO  server.RaftServerConfigKeys (ConfUtils.java:logGet(44)) - raft.server.log.appender.buffer.element-limit = 1 (custom)
2020-07-02 19:47:44,671 [31b30001-c6bc-41c4-8b5d-b541ce032758@group-18AB17D9DAF3-LeaderElection58] INFO  grpc.GrpcConfigKeys (ConfUtils.java:logGet(44)) - raft.grpc.server.leader.outstanding.appends.max = 128 (default)
2020-07-02 19:47:44,671 [31b30001-c6bc-41c4-8b5d-b541ce032758@group-18AB17D9DAF3-LeaderElection58] INFO  server.RaftServerConfigKeys (ConfUtils.java:logGet(44)) - raft.server.rpc.request.timeout = 3000ms (default)
2020-07-02 19:47:44,671 [31b30001-c6bc-41c4-8b5d-b541ce032758@group-18AB17D9DAF3-LeaderElection58] INFO  server.RaftServerConfigKeys (ConfUtils.java:logGet(44)) - raft.server.log.appender.install.snapshot.enabled = false (custom)
2020-07-02 19:47:44,672 [EventQueue-PipelineReportForPipelineReportHandler] INFO  pipeline.PipelineStateManager (PipelineStateManager.java:openPipeline(131)) - Pipeline Pipeline[ Id: 23897b69-0af8-43ef-a6fd-18ab17d9daf3, Nodes: 0b60331c-5e1c-4a80-9807-96a116b38597{ip: 172.17.0.2, host: 88424e9b97c1, networkLocation: /default-rack, certSerialId: null}31b30001-c6bc-41c4-8b5d-b541ce032758{ip: 172.17.0.2, host: 88424e9b97c1, networkLocation: /default-rack, certSerialId: null}9477b405-238c-48d3-b137-1691fefbdcbe{ip: 172.17.0.2, host: 88424e9b97c1, networkLocation: /default-rack, certSerialId: null}, Type:RATIS, Factor:THREE, State:ALLOCATED, leaderId:31b30001-c6bc-41c4-8b5d-b541ce032758, CreationTimestamp2020-07-02T19:47:36.568Z] moved to OPEN state
2020-07-02 19:47:44,674 [EventQueue-OpenPipelineForHealthyPipelineSafeModeRule] INFO  safemode.SCMSafeModeManager (HealthyPipelineSafeModeRule.java:process(129)) - SCM in safe mode. Healthy pipelines reported count is 1, required healthy pipeline reported count is 1
2020-07-02 19:47:44,674 [EventQueue-OpenPipelineForHealthyPipelineSafeModeRule] INFO  safemode.SCMSafeModeManager (SCMSafeModeManager.java:validateSafeModeExitRules(214)) - HealthyPipelineSafeModeRule rule is successfully validated
2020-07-02 19:47:44,674 [EventQueue-OpenPipelineForHealthyPipelineSafeModeRule] INFO  safemode.SCMSafeModeManager (SCMSafeModeManager.java:validateSafeModeExitRules(228)) - ScmSafeModeManager, all rules are successfully validated
2020-07-02 19:47:44,674 [EventQueue-OpenPipelineForHealthyPipelineSafeModeRule] INFO  safemode.SCMSafeModeManager (SCMSafeModeManager.java:exitSafeMode(257)) - SCM exiting safe mode.
2020-07-02 19:47:44,673 [31b30001-c6bc-41c4-8b5d-b541ce032758@group-18AB17D9DAF3-LeaderElection58] INFO  impl.RoleInfo (RoleInfo.java:updateAndGet(143)) - 31b30001-c6bc-41c4-8b5d-b541ce032758: start LeaderState
2020-07-02 19:47:44,679 [31b30001-c6bc-41c4-8b5d-b541ce032758@group-18AB17D9DAF3-LeaderElection58] INFO  segmented.SegmentedRaftLogWorker (SegmentedRaftLogWorker.java:startLogSegment(397)) - 31b30001-c6bc-41c4-8b5d-b541ce032758@group-18AB17D9DAF3-SegmentedRaftLogWorker: Starting segment from index:0
2020-07-02 19:47:44,680 [31b30001-c6bc-41c4-8b5d-b541ce032758@group-18AB17D9DAF3-LeaderElection58] INFO  impl.RaftServerImpl (ServerState.java:setRaftConf(356)) - 31b30001-c6bc-41c4-8b5d-b541ce032758@group-18AB17D9DAF3: set configuration 0: [0b60331c-5e1c-4a80-9807-96a116b38597:172.17.0.2:39379, 31b30001-c6bc-41c4-8b5d-b541ce032758:172.17.0.2:41537, 9477b405-238c-48d3-b137-1691fefbdcbe:172.17.0.2:37669], old=null at 0
2020-07-02 19:47:44,680 [31b30001-c6bc-41c4-8b5d-b541ce032758@group-18AB17D9DAF3-SegmentedRaftLogWorker] INFO  segmented.SegmentedRaftLogWorker (SegmentedRaftLogWorker.java:execute(596)) - 31b30001-c6bc-41c4-8b5d-b541ce032758@group-18AB17D9DAF3-SegmentedRaftLogWorker: created new log segment /github/workspace/mnt/ozone/hadoop-ozone/integration-test/target/test-dir/MiniOzoneClusterImpl-47077420-a86b-4566-b2ce-9fb6a30396ee/datanode-3/data/ratis/23897b69-0af8-43ef-a6fd-18ab17d9daf3/current/log_inprogress_0
2020-07-02 19:47:44,684 [grpc-default-executor-7] INFO  ratis.XceiverServerRatis (XceiverServerRatis.java:handleLeaderChangedNotification(762)) - Leader change notification received for group: group-18AB17D9DAF3 with new leaderId: 31b30001-c6bc-41c4-8b5d-b541ce032758
2020-07-02 19:47:44,684 [grpc-default-executor-7] INFO  impl.RaftServerImpl (ServerState.java:setLeader(255)) - 0b60331c-5e1c-4a80-9807-96a116b38597@group-18AB17D9DAF3: change Leader from null to 31b30001-c6bc-41c4-8b5d-b541ce032758 at term 1 for appendEntries, leader elected after 5182ms
2020-07-02 19:47:44,689 [grpc-default-executor-7] DEBUG impl.RaftServerImpl (RaftServerImpl.java:logAppendEntries(928)) - 0b60331c-5e1c-4a80-9807-96a116b38597@group-18AB17D9DAF3: receive appendEntries(31b30001-c6bc-41c4-8b5d-b541ce032758, 1, null, -1, false, commits[31b30001-c6bc-41c4-8b5d-b541ce032758:c-1, 0b60331c-5e1c-4a80-9807-96a116b38597:c-1, 9477b405-238c-48d3-b137-1691fefbdcbe:c-1], entries: (t:1, i:0), CONFIGURATIONENTRY
2020-07-02 19:47:44,691 [grpc-default-executor-8] INFO  ratis.XceiverServerRatis (XceiverServerRatis.java:handleLeaderChangedNotification(762)) - Leader change notification received for group: group-18AB17D9DAF3 with new leaderId: 31b30001-c6bc-41c4-8b5d-b541ce032758
2020-07-02 19:47:44,691 [grpc-default-executor-8] INFO  impl.RaftServerImpl (ServerState.java:setLeader(255)) - 9477b405-238c-48d3-b137-1691fefbdcbe@group-18AB17D9DAF3: change Leader from null to 31b30001-c6bc-41c4-8b5d-b541ce032758 at term 1 for appendEntries, leader elected after 5167ms
2020-07-02 19:47:44,691 [grpc-default-executor-7] INFO  impl.RaftServerImpl (ServerState.java:setRaftConf(356)) - 0b60331c-5e1c-4a80-9807-96a116b38597@group-18AB17D9DAF3: set configuration 0: [0b60331c-5e1c-4a80-9807-96a116b38597:172.17.0.2:39379, 31b30001-c6bc-41c4-8b5d-b541ce032758:172.17.0.2:41537, 9477b405-238c-48d3-b137-1691fefbdcbe:172.17.0.2:37669], old=null at 0
2020-07-02 19:47:44,692 [grpc-default-executor-7] INFO  segmented.SegmentedRaftLogWorker (SegmentedRaftLogWorker.java:startLogSegment(397)) - 0b60331c-5e1c-4a80-9807-96a116b38597@group-18AB17D9DAF3-SegmentedRaftLogWorker: Starting segment from index:0
2020-07-02 19:47:44,693 [grpc-default-executor-7] DEBUG impl.RaftServerImpl (RaftServerImpl.java:logAppendEntries(928)) - 9477b405-238c-48d3-b137-1691fefbdcbe@group-18AB17D9DAF3: receive appendEntries(31b30001-c6bc-41c4-8b5d-b541ce032758, 1, null, -1, false, commits[31b30001-c6bc-41c4-8b5d-b541ce032758:c-1, 0b60331c-5e1c-4a80-9807-96a116b38597:c-1, 9477b405-238c-48d3-b137-1691fefbdcbe:c-1], entries: (t:1, i:0), CONFIGURATIONENTRY
2020-07-02 19:47:44,693 [grpc-default-executor-7] INFO  impl.RaftServerImpl (ServerState.java:setRaftConf(356)) - 9477b405-238c-48d3-b137-1691fefbdcbe@group-18AB17D9DAF3: set configuration 0: [0b60331c-5e1c-4a80-9807-96a116b38597:172.17.0.2:39379, 31b30001-c6bc-41c4-8b5d-b541ce032758:172.17.0.2:41537, 9477b405-238c-48d3-b137-1691fefbdcbe:172.17.0.2:37669], old=null at 0
2020-07-02 19:47:44,694 [grpc-default-executor-8] DEBUG server.GrpcLogAppender (GrpcLogAppender.java:onNext(257)) - 31b30001-c6bc-41c4-8b5d-b541ce032758@group-18AB17D9DAF3->0b60331c-5e1c-4a80-9807-96a116b38597-AppendLogResponseHandler: received the first reply 31b30001-c6bc-41c4-8b5d-b541ce032758<-0b60331c-5e1c-4a80-9807-96a116b38597#0:OK,SUCCESS,nextIndex:0,term:1,followerCommit:-1, request=AppendEntriesRequest:cid=0,entriesCount=0,lastEntry=null
2020-07-02 19:47:44,694 [0b60331c-5e1c-4a80-9807-96a116b38597@group-18AB17D9DAF3-SegmentedRaftLogWorker] INFO  segmented.SegmentedRaftLogWorker (SegmentedRaftLogWorker.java:execute(596)) - 0b60331c-5e1c-4a80-9807-96a116b38597@group-18AB17D9DAF3-SegmentedRaftLogWorker: created new log segment /github/workspace/mnt/ozone/hadoop-ozone/integration-test/target/test-dir/MiniOzoneClusterImpl-47077420-a86b-4566-b2ce-9fb6a30396ee/datanode-5/data/ratis/23897b69-0af8-43ef-a6fd-18ab17d9daf3/current/log_inprogress_0
2020-07-02 19:47:44,694 [grpc-default-executor-7] INFO  segmented.SegmentedRaftLogWorker (SegmentedRaftLogWorker.java:startLogSegment(397)) - 9477b405-238c-48d3-b137-1691fefbdcbe@group-18AB17D9DAF3-SegmentedRaftLogWorker: Starting segment from index:0
2020-07-02 19:47:44,697 [9477b405-238c-48d3-b137-1691fefbdcbe@group-18AB17D9DAF3-SegmentedRaftLogWorker] INFO  segmented.SegmentedRaftLogWorker (SegmentedRaftLogWorker.java:execute(596)) - 9477b405-238c-48d3-b137-1691fefbdcbe@group-18AB17D9DAF3-SegmentedRaftLogWorker: created new log segment /github/workspace/mnt/ozone/hadoop-ozone/integration-test/target/test-dir/MiniOzoneClusterImpl-47077420-a86b-4566-b2ce-9fb6a30396ee/datanode-4/data/ratis/23897b69-0af8-43ef-a6fd-18ab17d9daf3/current/log_inprogress_0
2020-07-02 19:47:44,698 [grpc-default-executor-8] DEBUG server.GrpcLogAppender (GrpcLogAppender.java:onNext(257)) - 31b30001-c6bc-41c4-8b5d-b541ce032758@group-18AB17D9DAF3->9477b405-238c-48d3-b137-1691fefbdcbe-AppendLogResponseHandler: received the first reply 31b30001-c6bc-41c4-8b5d-b541ce032758<-9477b405-238c-48d3-b137-1691fefbdcbe#0:OK,SUCCESS,nextIndex:1,term:1,followerCommit:-1, request=AppendEntriesRequest:cid=0,entriesCount=0,lastEntry=null
2020-07-02 19:47:44,702 [Thread-1779] DEBUG impl.RaftServerImpl (RaftServerImpl.java:logAppendEntries(928)) - 0b60331c-5e1c-4a80-9807-96a116b38597@group-18AB17D9DAF3: succeeded to handle AppendEntries. Reply: 31b30001-c6bc-41c4-8b5d-b541ce032758<-0b60331c-5e1c-4a80-9807-96a116b38597#1:OK,SUCCESS,nextIndex:1,term:1,followerCommit:-1
2020-07-02 19:47:44,703 [Thread-1780] DEBUG impl.RaftServerImpl (RaftServerImpl.java:logAppendEntries(928)) - 9477b405-238c-48d3-b137-1691fefbdcbe@group-18AB17D9DAF3: succeeded to handle AppendEntries. Reply: 31b30001-c6bc-41c4-8b5d-b541ce032758<-9477b405-238c-48d3-b137-1691fefbdcbe#1:OK,SUCCESS,nextIndex:1,term:1,followerCommit:-1
2020-07-02 19:47:44,703 [grpc-default-executor-7] DEBUG server.GrpcLogAppender (GrpcLogAppender.java:onNext(257)) - 31b30001-c6bc-41c4-8b5d-b541ce032758@group-18AB17D9DAF3->9477b405-238c-48d3-b137-1691fefbdcbe-AppendLogResponseHandler: received a reply 31b30001-c6bc-41c4-8b5d-b541ce032758<-9477b405-238c-48d3-b137-1691fefbdcbe#1:OK,SUCCESS,nextIndex:1,term:1,followerCommit:-1, request=AppendEntriesRequest:cid=1,entriesCount=1,lastEntry=(t:1, i:0)
2020-07-02 19:47:44,704 [grpc-default-executor-8] DEBUG server.GrpcLogAppender (GrpcLogAppender.java:onNext(257)) - 31b30001-c6bc-41c4-8b5d-b541ce032758@group-18AB17D9DAF3->0b60331c-5e1c-4a80-9807-96a116b38597-AppendLogResponseHandler: received a reply 31b30001-c6bc-41c4-8b5d-b541ce032758<-0b60331c-5e1c-4a80-9807-96a116b38597#1:OK,SUCCESS,nextIndex:1,term:1,followerCommit:-1, request=AppendEntriesRequest:cid=1,entriesCount=1,lastEntry=(t:1, i:0)
2020-07-02 19:47:44,717 [Thread-1730] INFO  impl.FollowerState (FollowerState.java:run(108)) - 0b60331c-5e1c-4a80-9807-96a116b38597@group-70A00D5D2C38-FollowerState: change to CANDIDATE, lastRpcTime:5136ms, electionTimeout:5135ms
2020-07-02 19:47:44,717 [Thread-1730] INFO  impl.RoleInfo (RoleInfo.java:shutdownFollowerState(121)) - 0b60331c-5e1c-4a80-9807-96a116b38597: shutdown FollowerState
2020-07-02 19:47:44,717 [Thread-1730] INFO  impl.RaftServerImpl (RaftServerImpl.java:setRole(175)) - 0b60331c-5e1c-4a80-9807-96a116b38597@group-70A00D5D2C38: changes role from  FOLLOWER to CANDIDATE at term 0 for changeToCandidate
2020-07-02 19:47:44,717 [Thread-1730] INFO  impl.RoleInfo (RoleInfo.java:updateAndGet(143)) - 0b60331c-5e1c-4a80-9807-96a116b38597: start LeaderElection
2020-07-02 19:47:44,721 [0b60331c-5e1c-4a80-9807-96a116b38597@group-70A00D5D2C38-LeaderElection59] INFO  impl.LeaderElection (LeaderElection.java:askForVotes(206)) - 0b60331c-5e1c-4a80-9807-96a116b38597@group-70A00D5D2C38-LeaderElection59: begin an election at term 1 for -1: [0b60331c-5e1c-4a80-9807-96a116b38597:172.17.0.2:39379], old=null
2020-07-02 19:47:44,721 [0b60331c-5e1c-4a80-9807-96a116b38597@group-70A00D5D2C38-LeaderElection59] INFO  impl.RoleInfo (RoleInfo.java:shutdownLeaderElection(134)) - 0b60331c-5e1c-4a80-9807-96a116b38597: shutdown LeaderElection
2020-07-02 19:47:44,721 [0b60331c-5e1c-4a80-9807-96a116b38597@group-70A00D5D2C38-LeaderElection59] INFO  impl.RaftServerImpl (RaftServerImpl.java:setRole(175)) - 0b60331c-5e1c-4a80-9807-96a116b38597@group-70A00D5D2C38: changes role from CANDIDATE to LEADER at term 1 for changeToLeader
2020-07-02 19:47:44,721 [0b60331c-5e1c-4a80-9807-96a116b38597@group-70A00D5D2C38-LeaderElection59] INFO  ratis.XceiverServerRatis (XceiverServerRatis.java:handleLeaderChangedNotification(762)) - Leader change notification received for group: group-70A00D5D2C38 with new leaderId: 0b60331c-5e1c-4a80-9807-96a116b38597
2020-07-02 19:47:44,721 [0b60331c-5e1c-4a80-9807-96a116b38597@group-70A00D5D2C38-LeaderElection59] INFO  impl.RaftServerImpl (ServerState.java:setLeader(255)) - 0b60331c-5e1c-4a80-9807-96a116b38597@group-70A00D5D2C38: change Leader from null to 0b60331c-5e1c-4a80-9807-96a116b38597 at term 1 for becomeLeader, leader elected after 5150ms
2020-07-02 19:47:44,721 [0b60331c-5e1c-4a80-9807-96a116b38597@group-70A00D5D2C38-LeaderElection59] INFO  server.RaftServerConfigKeys (ConfUtils.java:logGet(44)) - raft.server.staging.catchup.gap = 1000 (default)
2020-07-02 19:47:44,721 [0b60331c-5e1c-4a80-9807-96a116b38597@group-70A00D5D2C38-LeaderElection59] INFO  server.RaftServerConfigKeys (ConfUtils.java:logGet(44)) - raft.server.rpc.sleep.time = 25ms (default)
2020-07-02 19:47:44,721 [0b60331c-5e1c-4a80-9807-96a116b38597@group-70A00D5D2C38-LeaderElection59] INFO  metrics.RatisMetrics (RatisMetrics.java:lambda$create$0(36)) - Creating Metrics Registry : ratis.log_appender.0b60331c-5e1c-4a80-9807-96a116b38597@group-70A00D5D2C38
2020-07-02 19:47:44,722 [0b60331c-5e1c-4a80-9807-96a116b38597@group-70A00D5D2C38-LeaderElection59] INFO  server.RaftServerConfigKeys (ConfUtils.java:logGet(44)) - raft.server.write.element-limit = 1024 (custom)
2020-07-02 19:47:44,722 [0b60331c-5e1c-4a80-9807-96a116b38597@group-70A00D5D2C38-LeaderElection59] INFO  server.RaftServerConfigKeys (ConfUtils.java:logGet(44)) - raft.server.write.byte-limit = 1073741824 (custom)
2020-07-02 19:47:44,722 [0b60331c-5e1c-4a80-9807-96a116b38597@group-70A00D5D2C38-LeaderElection59] INFO  server.RaftServerConfigKeys (ConfUtils.java:logGet(44)) - raft.server.watch.timeout = 3000ms (custom)
2020-07-02 19:47:44,722 [0b60331c-5e1c-4a80-9807-96a116b38597@group-70A00D5D2C38-LeaderElection59] INFO  server.RaftServerConfigKeys (ConfUtils.java:logGet(44)) - raft.server.watch.timeout.denomination = 1s (default)
2020-07-02 19:47:44,722 [0b60331c-5e1c-4a80-9807-96a116b38597@group-70A00D5D2C38-LeaderElection59] INFO  server.RaftServerConfigKeys (ConfUtils.java:logGet(44)) - raft.server.watch.element-limit = 65536 (default)
2020-07-02 19:47:44,723 [0b60331c-5e1c-4a80-9807-96a116b38597@group-70A00D5D2C38-LeaderElection59] INFO  impl.RoleInfo (RoleInfo.java:updateAndGet(143)) - 0b60331c-5e1c-4a80-9807-96a116b38597: start LeaderState
2020-07-02 19:47:44,723 [0b60331c-5e1c-4a80-9807-96a116b38597@group-70A00D5D2C38-LeaderElection59] INFO  segmented.SegmentedRaftLogWorker (SegmentedRaftLogWorker.java:startLogSegment(397)) - 0b60331c-5e1c-4a80-9807-96a116b38597@group-70A00D5D2C38-SegmentedRaftLogWorker: Starting segment from index:0
2020-07-02 19:47:44,724 [0b60331c-5e1c-4a80-9807-96a116b38597@group-70A00D5D2C38-LeaderElection59] INFO  impl.RaftServerImpl (ServerState.java:setRaftConf(356)) - 0b60331c-5e1c-4a80-9807-96a116b38597@group-70A00D5D2C38: set configuration 0: [0b60331c-5e1c-4a80-9807-96a116b38597:172.17.0.2:39379], old=null at 0
2020-07-02 19:47:44,724 [0b60331c-5e1c-4a80-9807-96a116b38597@group-70A00D5D2C38-SegmentedRaftLogWorker] INFO  segmented.SegmentedRaftLogWorker (SegmentedRaftLogWorker.java:execute(596)) - 0b60331c-5e1c-4a80-9807-96a116b38597@group-70A00D5D2C38-SegmentedRaftLogWorker: created new log segment /github/workspace/mnt/ozone/hadoop-ozone/integration-test/target/test-dir/MiniOzoneClusterImpl-47077420-a86b-4566-b2ce-9fb6a30396ee/datanode-5/data/ratis/3d3c6625-0cd0-46ed-8c9a-70a00d5d2c38/current/log_inprogress_0
2020-07-02 19:47:44,735 [Thread-1728] INFO  impl.FollowerState (FollowerState.java:run(108)) - 9477b405-238c-48d3-b137-1691fefbdcbe@group-798A781614CD-FollowerState: change to CANDIDATE, lastRpcTime:5188ms, electionTimeout:5184ms
2020-07-02 19:47:44,735 [Thread-1728] INFO  impl.RoleInfo (RoleInfo.java:shutdownFollowerState(121)) - 9477b405-238c-48d3-b137-1691fefbdcbe: shutdown FollowerState
2020-07-02 19:47:44,735 [Thread-1728] INFO  impl.RaftServerImpl (RaftServerImpl.java:setRole(175)) - 9477b405-238c-48d3-b137-1691fefbdcbe@group-798A781614CD: changes role from  FOLLOWER to CANDIDATE at term 0 for changeToCandidate
2020-07-02 19:47:44,735 [Thread-1728] INFO  impl.RoleInfo (RoleInfo.java:updateAndGet(143)) - 9477b405-238c-48d3-b137-1691fefbdcbe: start LeaderElection
2020-07-02 19:47:44,741 [9477b405-238c-48d3-b137-1691fefbdcbe@group-798A781614CD-LeaderElection60] INFO  impl.LeaderElection (LeaderElection.java:askForVotes(206)) - 9477b405-238c-48d3-b137-1691fefbdcbe@group-798A781614CD-LeaderElection60: begin an election at term 1 for -1: [9477b405-238c-48d3-b137-1691fefbdcbe:172.17.0.2:37669], old=null
2020-07-02 19:47:44,741 [9477b405-238c-48d3-b137-1691fefbdcbe@group-798A781614CD-LeaderElection60] INFO  impl.RoleInfo (RoleInfo.java:shutdownLeaderElection(134)) - 9477b405-238c-48d3-b137-1691fefbdcbe: shutdown LeaderElection
2020-07-02 19:47:44,741 [9477b405-238c-48d3-b137-1691fefbdcbe@group-798A781614CD-LeaderElection60] INFO  impl.RaftServerImpl (RaftServerImpl.java:setRole(175)) - 9477b405-238c-48d3-b137-1691fefbdcbe@group-798A781614CD: changes role from CANDIDATE to LEADER at term 1 for changeToLeader
2020-07-02 19:47:44,741 [9477b405-238c-48d3-b137-1691fefbdcbe@group-798A781614CD-LeaderElection60] INFO  ratis.XceiverServerRatis (XceiverServerRatis.java:handleLeaderChangedNotification(762)) - Leader change notification received for group: group-798A781614CD with new leaderId: 9477b405-238c-48d3-b137-1691fefbdcbe
2020-07-02 19:47:44,741 [9477b405-238c-48d3-b137-1691fefbdcbe@group-798A781614CD-LeaderElection60] INFO  impl.RaftServerImpl (ServerState.java:setLeader(255)) - 9477b405-238c-48d3-b137-1691fefbdcbe@group-798A781614CD: change Leader from null to 9477b405-238c-48d3-b137-1691fefbdcbe at term 1 for becomeLeader, leader elected after 5203ms
2020-07-02 19:47:44,741 [9477b405-238c-48d3-b137-1691fefbdcbe@group-798A781614CD-LeaderElection60] INFO  server.RaftServerConfigKeys (ConfUtils.java:logGet(44)) - raft.server.staging.catchup.gap = 1000 (default)
2020-07-02 19:47:44,742 [9477b405-238c-48d3-b137-1691fefbdcbe@group-798A781614CD-LeaderElection60] INFO  server.RaftServerConfigKeys (ConfUtils.java:logGet(44)) - raft.server.rpc.sleep.time = 25ms (default)
2020-07-02 19:47:44,742 [9477b405-238c-48d3-b137-1691fefbdcbe@group-798A781614CD-LeaderElection60] INFO  metrics.RatisMetrics (RatisMetrics.java:lambda$create$0(36)) - Creating Metrics Registry : ratis.log_appender.9477b405-238c-48d3-b137-1691fefbdcbe@group-798A781614CD
2020-07-02 19:47:44,742 [9477b405-238c-48d3-b137-1691fefbdcbe@group-798A781614CD-LeaderElection60] INFO  server.RaftServerConfigKeys (ConfUtils.java:logGet(44)) - raft.server.write.element-limit = 1024 (custom)
2020-07-02 19:47:44,742 [9477b405-238c-48d3-b137-1691fefbdcbe@group-798A781614CD-LeaderElection60] INFO  server.RaftServerConfigKeys (ConfUtils.java:logGet(44)) - raft.server.write.byte-limit = 1073741824 (custom)
2020-07-02 19:47:44,743 [9477b405-238c-48d3-b137-1691fefbdcbe@group-798A781614CD-LeaderElection60] INFO  server.RaftServerConfigKeys (ConfUtils.java:logGet(44)) - raft.server.watch.timeout = 3000ms (custom)
2020-07-02 19:47:44,743 [9477b405-238c-48d3-b137-1691fefbdcbe@group-798A781614CD-LeaderElection60] INFO  server.RaftServerConfigKeys (ConfUtils.java:logGet(44)) - raft.server.watch.timeout.denomination = 1s (default)
2020-07-02 19:47:44,743 [9477b405-238c-48d3-b137-1691fefbdcbe@group-798A781614CD-LeaderElection60] INFO  server.RaftServerConfigKeys (ConfUtils.java:logGet(44)) - raft.server.watch.element-limit = 65536 (default)
2020-07-02 19:47:44,743 [9477b405-238c-48d3-b137-1691fefbdcbe@group-798A781614CD-LeaderElection60] INFO  impl.RoleInfo (RoleInfo.java:updateAndGet(143)) - 9477b405-238c-48d3-b137-1691fefbdcbe: start LeaderState
2020-07-02 19:47:44,744 [9477b405-238c-48d3-b137-1691fefbdcbe@group-798A781614CD-LeaderElection60] INFO  segmented.SegmentedRaftLogWorker (SegmentedRaftLogWorker.java:startLogSegment(397)) - 9477b405-238c-48d3-b137-1691fefbdcbe@group-798A781614CD-SegmentedRaftLogWorker: Starting segment from index:0
2020-07-02 19:47:44,745 [9477b405-238c-48d3-b137-1691fefbdcbe@group-798A781614CD-LeaderElection60] INFO  impl.RaftServerImpl (ServerState.java:setRaftConf(356)) - 9477b405-238c-48d3-b137-1691fefbdcbe@group-798A781614CD: set configuration 0: [9477b405-238c-48d3-b137-1691fefbdcbe:172.17.0.2:37669], old=null at 0
2020-07-02 19:47:44,745 [Listener at 127.0.0.1/43161] INFO  ozone.MiniOzoneClusterImpl (MiniOzoneClusterImpl.java:lambda$waitForClusterToBeReady$0(177)) - Nodes are ready. Got 9 of 9 DN Heartbeats.
2020-07-02 19:47:44,745 [Listener at 127.0.0.1/43161] INFO  ozone.MiniOzoneClusterImpl (MiniOzoneClusterImpl.java:lambda$waitForClusterToBeReady$0(180)) - Cluster exits safe mode
2020-07-02 19:47:44,746 [9477b405-238c-48d3-b137-1691fefbdcbe@group-798A781614CD-SegmentedRaftLogWorker] INFO  segmented.SegmentedRaftLogWorker (SegmentedRaftLogWorker.java:execute(596)) - 9477b405-238c-48d3-b137-1691fefbdcbe@group-798A781614CD-SegmentedRaftLogWorker: created new log segment /github/workspace/mnt/ozone/hadoop-ozone/integration-test/target/test-dir/MiniOzoneClusterImpl-47077420-a86b-4566-b2ce-9fb6a30396ee/datanode-4/data/ratis/cdcab39c-fac5-4f85-9da5-798a781614cd/current/log_inprogress_0
2020-07-02 19:47:44,756 [Listener at 127.0.0.1/43161] INFO  rpc.RpcClient (RpcClient.java:createVolume(313)) - Creating Volume: watchforcommithandlingtest, with jenkins1001 as owner.
2020-07-02 19:47:44,757 [IPC Server handler 6 on default port 43161] INFO  volume.OMVolumeCreateRequest (OMVolumeCreateRequest.java:validateAndUpdateCache(208)) - created volume:watchforcommithandlingtest for user:jenkins1001
2020-07-02 19:47:44,762 [Listener at 127.0.0.1/43161] INFO  rpc.RpcClient (RpcClient.java:createBucket(456)) - Creating Bucket: watchforcommithandlingtest/watchforcommithandlingtest, with Versioning false and Storage Type set to DISK and Encryption set to false 
2020-07-02 19:47:44,764 [Listener at 127.0.0.1/43161] INFO  ozone.MiniOzoneClusterImpl (MiniOzoneClusterImpl.java:getStorageContainerLocationClient(289)) - Creating StorageContainerLocationProtocol RPC client with address /0.0.0.0:45077
2020-07-02 19:47:44,774 [grpc-default-executor-8] DEBUG impl.RaftServerImpl (RaftServerImpl.java:submitClientRequestAsync(575)) - 31b30001-c6bc-41c4-8b5d-b541ce032758@group-18AB17D9DAF3: receive client request(RaftClientRequest:client-12C77BAA10D5->31b30001-c6bc-41c4-8b5d-b541ce032758@group-18AB17D9DAF3, cid=77, seq=1*, Watch(0), Message:<EMPTY>)
2020-07-02 19:47:44,774 [grpc-default-executor-8] DEBUG impl.RaftServerImpl (LeaderState.java:addWatchReqeust(353)) - 31b30001-c6bc-41c4-8b5d-b541ce032758@group-18AB17D9DAF3-LeaderState: addWatchRequest RaftClientRequest:client-12C77BAA10D5->31b30001-c6bc-41c4-8b5d-b541ce032758@group-18AB17D9DAF3, cid=77, seq=1*, Watch(0), Message:<EMPTY>
2020-07-02 19:47:44,784 [Thread-1744] INFO  impl.FollowerState (FollowerState.java:run(108)) - 8ae206a5-f320-4eda-b157-0f223831448f@group-6A0CA2ACC8F8-FollowerState: change to CANDIDATE, lastRpcTime:5026ms, electionTimeout:5024ms
2020-07-02 19:47:44,784 [Thread-1744] INFO  impl.RoleInfo (RoleInfo.java:shutdownFollowerState(121)) - 8ae206a5-f320-4eda-b157-0f223831448f: shutdown FollowerState
2020-07-02 19:47:44,784 [Thread-1744] INFO  impl.RaftServerImpl (RaftServerImpl.java:setRole(175)) - 8ae206a5-f320-4eda-b157-0f223831448f@group-6A0CA2ACC8F8: changes role from  FOLLOWER to CANDIDATE at term 0 for changeToCandidate
2020-07-02 19:47:44,784 [Thread-1744] INFO  impl.RoleInfo (RoleInfo.java:updateAndGet(143)) - 8ae206a5-f320-4eda-b157-0f223831448f: start LeaderElection
2020-07-02 19:47:44,786 [grpc-default-executor-8] DEBUG impl.RaftServerImpl (RaftServerImpl.java:submitClientRequestAsync(575)) - 31b30001-c6bc-41c4-8b5d-b541ce032758@group-18AB17D9DAF3: receive client request(RaftClientRequest:client-12C77BAA10D5->31b30001-c6bc-41c4-8b5d-b541ce032758@group-18AB17D9DAF3, cid=78, seq=2, RW, Message:0000002e080112001801...(size=50))
2020-07-02 19:47:44,787 [grpc-default-executor-8] DEBUG impl.RaftServerImpl (LeaderState.java:addPendingRequest(335)) - 31b30001-c6bc-41c4-8b5d-b541ce032758@group-18AB17D9DAF3-LeaderState: addPendingRequest at RaftClientRequest:client-12C77BAA10D5->31b30001-c6bc-41c4-8b5d-b541ce032758@group-18AB17D9DAF3, cid=78, seq=2, RW, Message:0000002e080112001801...(size=50), entry=(t:1, i:1), STATEMACHINELOGENTRY, client-12C77BAA10D5, cid=78
2020-07-02 19:47:44,788 [grpc-default-executor-8] DEBUG impl.RaftServerImpl (RaftServerImpl.java:logAppendEntries(928)) - 9477b405-238c-48d3-b137-1691fefbdcbe@group-18AB17D9DAF3: receive appendEntries(31b30001-c6bc-41c4-8b5d-b541ce032758, 1, (t:1, i:0), 0, false, commits[31b30001-c6bc-41c4-8b5d-b541ce032758:c0, 0b60331c-5e1c-4a80-9807-96a116b38597:c-1, 9477b405-238c-48d3-b137-1691fefbdcbe:c-1], entries: (t:1, i:1), STATEMACHINELOGENTRY, client-12C77BAA10D5, cid=78
2020-07-02 19:47:44,788 [grpc-default-executor-8] DEBUG impl.RaftServerImpl (RaftServerImpl.java:logAppendEntries(928)) - 0b60331c-5e1c-4a80-9807-96a116b38597@group-18AB17D9DAF3: receive appendEntries(31b30001-c6bc-41c4-8b5d-b541ce032758, 1, (t:1, i:0), 0, false, commits[31b30001-c6bc-41c4-8b5d-b541ce032758:c0, 0b60331c-5e1c-4a80-9807-96a116b38597:c-1, 9477b405-238c-48d3-b137-1691fefbdcbe:c-1], entries: (t:1, i:1), STATEMACHINELOGENTRY, client-12C77BAA10D5, cid=78
2020-07-02 19:47:44,789 [Thread-1789] DEBUG impl.RaftServerImpl (RaftServerImpl.java:logAppendEntries(928)) - 9477b405-238c-48d3-b137-1691fefbdcbe@group-18AB17D9DAF3: succeeded to handle AppendEntries. Reply: 31b30001-c6bc-41c4-8b5d-b541ce032758<-9477b405-238c-48d3-b137-1691fefbdcbe#2:OK,SUCCESS,nextIndex:2,term:1,followerCommit:0
2020-07-02 19:47:44,790 [grpc-default-executor-8] DEBUG server.GrpcLogAppender (GrpcLogAppender.java:onNext(257)) - 31b30001-c6bc-41c4-8b5d-b541ce032758@group-18AB17D9DAF3->9477b405-238c-48d3-b137-1691fefbdcbe-AppendLogResponseHandler: received a reply 31b30001-c6bc-41c4-8b5d-b541ce032758<-9477b405-238c-48d3-b137-1691fefbdcbe#2:OK,SUCCESS,nextIndex:2,term:1,followerCommit:0, request=AppendEntriesRequest:cid=2,entriesCount=1,lastEntry=(t:1, i:1)
2020-07-02 19:47:44,791 [grpc-default-executor-8] DEBUG impl.RaftServerImpl (RaftServerImpl.java:logAppendEntries(928)) - 0b60331c-5e1c-4a80-9807-96a116b38597@group-18AB17D9DAF3: receive appendEntries(31b30001-c6bc-41c4-8b5d-b541ce032758, 1, (t:1, i:1), 1, false, commits[31b30001-c6bc-41c4-8b5d-b541ce032758:c1, 0b60331c-5e1c-4a80-9807-96a116b38597:c-1, 9477b405-238c-48d3-b137-1691fefbdcbe:c0], entries: (t:1, i:2), METADATAENTRY(c:1)
2020-07-02 19:47:44,791 [Thread-1734] INFO  impl.FollowerState (FollowerState.java:run(108)) - 6062bcc3-a1a5-437e-9952-fd12f6666483@group-54AED5796201-FollowerState: change to CANDIDATE, lastRpcTime:5124ms, electionTimeout:5124ms
2020-07-02 19:47:44,791 [Thread-1734] INFO  impl.RoleInfo (RoleInfo.java:shutdownFollowerState(121)) - 6062bcc3-a1a5-437e-9952-fd12f6666483: shutdown FollowerState
2020-07-02 19:47:44,791 [Thread-1734] INFO  impl.RaftServerImpl (RaftServerImpl.java:setRole(175)) - 6062bcc3-a1a5-437e-9952-fd12f6666483@group-54AED5796201: changes role from  FOLLOWER to CANDIDATE at term 0 for changeToCandidate
2020-07-02 19:47:44,792 [grpc-default-executor-8] DEBUG impl.RaftServerImpl (RaftServerImpl.java:logAppendEntries(928)) - 9477b405-238c-48d3-b137-1691fefbdcbe@group-18AB17D9DAF3: receive appendEntries(31b30001-c6bc-41c4-8b5d-b541ce032758, 1, (t:1, i:1), 1, false, commits[31b30001-c6bc-41c4-8b5d-b541ce032758:c1, 0b60331c-5e1c-4a80-9807-96a116b38597:c-1, 9477b405-238c-48d3-b137-1691fefbdcbe:c0], entries: (t:1, i:2), METADATAENTRY(c:1)
2020-07-02 19:47:44,793 [Thread-1734] INFO  impl.RoleInfo (RoleInfo.java:updateAndGet(143)) - 6062bcc3-a1a5-437e-9952-fd12f6666483: start LeaderElection
2020-07-02 19:47:44,794 [Thread-1790] DEBUG impl.RaftServerImpl (RaftServerImpl.java:logAppendEntries(928)) - 0b60331c-5e1c-4a80-9807-96a116b38597@group-18AB17D9DAF3: succeeded to handle AppendEntries. Reply: 31b30001-c6bc-41c4-8b5d-b541ce032758<-0b60331c-5e1c-4a80-9807-96a116b38597#2:OK,SUCCESS,nextIndex:2,term:1,followerCommit:0
2020-07-02 19:47:44,794 [grpc-default-executor-8] DEBUG server.GrpcLogAppender (GrpcLogAppender.java:onNext(257)) - 31b30001-c6bc-41c4-8b5d-b541ce032758@group-18AB17D9DAF3->0b60331c-5e1c-4a80-9807-96a116b38597-AppendLogResponseHandler: received a reply 31b30001-c6bc-41c4-8b5d-b541ce032758<-0b60331c-5e1c-4a80-9807-96a116b38597#2:OK,SUCCESS,nextIndex:2,term:1,followerCommit:0, request=AppendEntriesRequest:cid=2,entriesCount=1,lastEntry=(t:1, i:1)
2020-07-02 19:47:44,797 [Thread-1793] DEBUG impl.RaftServerImpl (RaftServerImpl.java:logAppendEntries(928)) - 9477b405-238c-48d3-b137-1691fefbdcbe@group-18AB17D9DAF3: succeeded to handle AppendEntries. Reply: 31b30001-c6bc-41c4-8b5d-b541ce032758<-9477b405-238c-48d3-b137-1691fefbdcbe#3:OK,SUCCESS,nextIndex:3,term:1,followerCommit:1
2020-07-02 19:47:44,798 [grpc-default-executor-8] DEBUG server.GrpcLogAppender (GrpcLogAppender.java:onNext(257)) - 31b30001-c6bc-41c4-8b5d-b541ce032758@group-18AB17D9DAF3->9477b405-238c-48d3-b137-1691fefbdcbe-AppendLogResponseHandler: received a reply 31b30001-c6bc-41c4-8b5d-b541ce032758<-9477b405-238c-48d3-b137-1691fefbdcbe#3:OK,SUCCESS,nextIndex:3,term:1,followerCommit:1, request=AppendEntriesRequest:cid=3,entriesCount=1,lastEntry=(t:1, i:2)
2020-07-02 19:47:44,799 [Thread-1738] INFO  impl.FollowerState (FollowerState.java:run(108)) - 8ae206a5-f320-4eda-b157-0f223831448f@group-54AED5796201-FollowerState: change to CANDIDATE, lastRpcTime:5081ms, electionTimeout:5080ms
2020-07-02 19:47:44,799 [Thread-1738] INFO  impl.RoleInfo (RoleInfo.java:shutdownFollowerState(121)) - 8ae206a5-f320-4eda-b157-0f223831448f: shutdown FollowerState
2020-07-02 19:47:44,799 [Thread-1738] INFO  impl.RaftServerImpl (RaftServerImpl.java:setRole(175)) - 8ae206a5-f320-4eda-b157-0f223831448f@group-54AED5796201: changes role from  FOLLOWER to CANDIDATE at term 0 for changeToCandidate
2020-07-02 19:47:44,803 [Thread-1738] INFO  impl.RoleInfo (RoleInfo.java:updateAndGet(143)) - 8ae206a5-f320-4eda-b157-0f223831448f: start LeaderElection
2020-07-02 19:47:44,804 [8ae206a5-f320-4eda-b157-0f223831448f@group-6A0CA2ACC8F8-LeaderElection61] INFO  impl.LeaderElection (LeaderElection.java:askForVotes(206)) - 8ae206a5-f320-4eda-b157-0f223831448f@group-6A0CA2ACC8F8-LeaderElection61: begin an election at term 1 for -1: [8ae206a5-f320-4eda-b157-0f223831448f:172.17.0.2:43091], old=null
2020-07-02 19:47:44,804 [8ae206a5-f320-4eda-b157-0f223831448f@group-6A0CA2ACC8F8-LeaderElection61] INFO  impl.RoleInfo (RoleInfo.java:shutdownLeaderElection(134)) - 8ae206a5-f320-4eda-b157-0f223831448f: shutdown LeaderElection
2020-07-02 19:47:44,804 [8ae206a5-f320-4eda-b157-0f223831448f@group-6A0CA2ACC8F8-LeaderElection61] INFO  impl.RaftServerImpl (RaftServerImpl.java:setRole(175)) - 8ae206a5-f320-4eda-b157-0f223831448f@group-6A0CA2ACC8F8: changes role from CANDIDATE to LEADER at term 1 for changeToLeader
2020-07-02 19:47:44,804 [8ae206a5-f320-4eda-b157-0f223831448f@group-6A0CA2ACC8F8-LeaderElection61] INFO  ratis.XceiverServerRatis (XceiverServerRatis.java:handleLeaderChangedNotification(762)) - Leader change notification received for group: group-6A0CA2ACC8F8 with new leaderId: 8ae206a5-f320-4eda-b157-0f223831448f
2020-07-02 19:47:44,806 [Thread-1794] DEBUG impl.RaftServerImpl (RaftServerImpl.java:logAppendEntries(928)) - 0b60331c-5e1c-4a80-9807-96a116b38597@group-18AB17D9DAF3: succeeded to handle AppendEntries. Reply: 31b30001-c6bc-41c4-8b5d-b541ce032758<-0b60331c-5e1c-4a80-9807-96a116b38597#3:OK,SUCCESS,nextIndex:3,term:1,followerCommit:1
2020-07-02 19:47:44,808 [8ae206a5-f320-4eda-b157-0f223831448f@group-6A0CA2ACC8F8-LeaderElection61] INFO  impl.RaftServerImpl (ServerState.java:setLeader(255)) - 8ae206a5-f320-4eda-b157-0f223831448f@group-6A0CA2ACC8F8: change Leader from null to 8ae206a5-f320-4eda-b157-0f223831448f at term 1 for becomeLeader, leader elected after 5065ms
2020-07-02 19:47:44,813 [8ae206a5-f320-4eda-b157-0f223831448f@group-6A0CA2ACC8F8-LeaderElection61] INFO  server.RaftServerConfigKeys (ConfUtils.java:logGet(44)) - raft.server.staging.catchup.gap = 1000 (default)
2020-07-02 19:47:44,813 [8ae206a5-f320-4eda-b157-0f223831448f@group-6A0CA2ACC8F8-LeaderElection61] INFO  server.RaftServerConfigKeys (ConfUtils.java:logGet(44)) - raft.server.rpc.sleep.time = 25ms (default)
2020-07-02 19:47:44,813 [8ae206a5-f320-4eda-b157-0f223831448f@group-6A0CA2ACC8F8-LeaderElection61] INFO  metrics.RatisMetrics (RatisMetrics.java:lambda$create$0(36)) - Creating Metrics Registry : ratis.log_appender.8ae206a5-f320-4eda-b157-0f223831448f@group-6A0CA2ACC8F8
2020-07-02 19:47:44,813 [8ae206a5-f320-4eda-b157-0f223831448f@group-54AED5796201-LeaderElection63] INFO  impl.LeaderElection (LeaderElection.java:askForVotes(206)) - 8ae206a5-f320-4eda-b157-0f223831448f@group-54AED5796201-LeaderElection63: begin an election at term 1 for -1: [8ae206a5-f320-4eda-b157-0f223831448f:172.17.0.2:43091, 6062bcc3-a1a5-437e-9952-fd12f6666483:172.17.0.2:46571, 5d2a92cb-0156-45c5-8f38-b4fa24aa5737:172.17.0.2:40131], old=null
2020-07-02 19:47:44,814 [grpc-default-executor-8] DEBUG server.GrpcLogAppender (GrpcLogAppender.java:onNext(257)) - 31b30001-c6bc-41c4-8b5d-b541ce032758@group-18AB17D9DAF3->0b60331c-5e1c-4a80-9807-96a116b38597-AppendLogResponseHandler: received a reply 31b30001-c6bc-41c4-8b5d-b541ce032758<-0b60331c-5e1c-4a80-9807-96a116b38597#3:OK,SUCCESS,nextIndex:3,term:1,followerCommit:1, request=AppendEntriesRequest:cid=3,entriesCount=1,lastEntry=(t:1, i:2)
2020-07-02 19:47:44,814 [6062bcc3-a1a5-437e-9952-fd12f6666483@group-54AED5796201-LeaderElection62] INFO  impl.LeaderElection (LeaderElection.java:askForVotes(206)) - 6062bcc3-a1a5-437e-9952-fd12f6666483@group-54AED5796201-LeaderElection62: begin an election at term 1 for -1: [8ae206a5-f320-4eda-b157-0f223831448f:172.17.0.2:43091, 6062bcc3-a1a5-437e-9952-fd12f6666483:172.17.0.2:46571, 5d2a92cb-0156-45c5-8f38-b4fa24aa5737:172.17.0.2:40131], old=null
2020-07-02 19:47:44,814 [8ae206a5-f320-4eda-b157-0f223831448f@group-6A0CA2ACC8F8-LeaderElection61] INFO  server.RaftServerConfigKeys (ConfUtils.java:logGet(44)) - raft.server.write.element-limit = 1024 (custom)
2020-07-02 19:47:44,814 [8ae206a5-f320-4eda-b157-0f223831448f@group-6A0CA2ACC8F8-LeaderElection61] INFO  server.RaftServerConfigKeys (ConfUtils.java:logGet(44)) - raft.server.write.byte-limit = 1073741824 (custom)
2020-07-02 19:47:44,815 [8ae206a5-f320-4eda-b157-0f223831448f@group-6A0CA2ACC8F8-LeaderElection61] INFO  server.RaftServerConfigKeys (ConfUtils.java:logGet(44)) - raft.server.watch.timeout = 3000ms (custom)
2020-07-02 19:47:44,815 [8ae206a5-f320-4eda-b157-0f223831448f@group-6A0CA2ACC8F8-LeaderElection61] INFO  server.RaftServerConfigKeys (ConfUtils.java:logGet(44)) - raft.server.watch.timeout.denomination = 1s (default)
2020-07-02 19:47:44,815 [8ae206a5-f320-4eda-b157-0f223831448f@group-6A0CA2ACC8F8-LeaderElection61] INFO  server.RaftServerConfigKeys (ConfUtils.java:logGet(44)) - raft.server.watch.element-limit = 65536 (default)
2020-07-02 19:47:44,815 [8ae206a5-f320-4eda-b157-0f223831448f@group-6A0CA2ACC8F8-LeaderElection61] INFO  impl.RoleInfo (RoleInfo.java:updateAndGet(143)) - 8ae206a5-f320-4eda-b157-0f223831448f: start LeaderState
2020-07-02 19:47:44,815 [8ae206a5-f320-4eda-b157-0f223831448f@group-6A0CA2ACC8F8-LeaderElection61] INFO  segmented.SegmentedRaftLogWorker (SegmentedRaftLogWorker.java:startLogSegment(397)) - 8ae206a5-f320-4eda-b157-0f223831448f@group-6A0CA2ACC8F8-SegmentedRaftLogWorker: Starting segment from index:0
2020-07-02 19:47:44,826 [Thread-1732] INFO  impl.FollowerState (FollowerState.java:run(108)) - 6062bcc3-a1a5-437e-9952-fd12f6666483@group-573D656793F0-FollowerState: change to CANDIDATE, lastRpcTime:5171ms, electionTimeout:5170ms
2020-07-02 19:47:44,826 [Thread-1732] INFO  impl.RoleInfo (RoleInfo.java:shutdownFollowerState(121)) - 6062bcc3-a1a5-437e-9952-fd12f6666483: shutdown FollowerState
2020-07-02 19:47:44,827 [8ae206a5-f320-4eda-b157-0f223831448f@group-6A0CA2ACC8F8-SegmentedRaftLogWorker] INFO  segmented.SegmentedRaftLogWorker (SegmentedRaftLogWorker.java:execute(596)) - 8ae206a5-f320-4eda-b157-0f223831448f@group-6A0CA2ACC8F8-SegmentedRaftLogWorker: created new log segment /github/workspace/mnt/ozone/hadoop-ozone/integration-test/target/test-dir/MiniOzoneClusterImpl-47077420-a86b-4566-b2ce-9fb6a30396ee/datanode-8/data/ratis/59930e45-aea4-41c0-9109-6a0ca2acc8f8/current/log_inprogress_0
2020-07-02 19:47:44,827 [Thread-1732] INFO  impl.RaftServerImpl (RaftServerImpl.java:setRole(175)) - 6062bcc3-a1a5-437e-9952-fd12f6666483@group-573D656793F0: changes role from  FOLLOWER to CANDIDATE at term 0 for changeToCandidate
2020-07-02 19:47:44,829 [8ae206a5-f320-4eda-b157-0f223831448f@group-6A0CA2ACC8F8-LeaderElection61] INFO  impl.RaftServerImpl (ServerState.java:setRaftConf(356)) - 8ae206a5-f320-4eda-b157-0f223831448f@group-6A0CA2ACC8F8: set configuration 0: [8ae206a5-f320-4eda-b157-0f223831448f:172.17.0.2:43091], old=null at 0
2020-07-02 19:47:44,829 [Thread-1732] INFO  impl.RoleInfo (RoleInfo.java:updateAndGet(143)) - 6062bcc3-a1a5-437e-9952-fd12f6666483: start LeaderElection
2020-07-02 19:47:44,844 [Thread-1736] INFO  impl.FollowerState (FollowerState.java:run(108)) - 5d2a92cb-0156-45c5-8f38-b4fa24aa5737@group-BC4EA3BC68EA-FollowerState: change to CANDIDATE, lastRpcTime:5146ms, electionTimeout:5145ms
2020-07-02 19:47:44,844 [Thread-1736] INFO  impl.RoleInfo (RoleInfo.java:shutdownFollowerState(121)) - 5d2a92cb-0156-45c5-8f38-b4fa24aa5737: shutdown FollowerState
2020-07-02 19:47:44,845 [Thread-1736] INFO  impl.RaftServerImpl (RaftServerImpl.java:setRole(175)) - 5d2a92cb-0156-45c5-8f38-b4fa24aa5737@group-BC4EA3BC68EA: changes role from  FOLLOWER to CANDIDATE at term 0 for changeToCandidate
2020-07-02 19:47:44,850 [Thread-1736] INFO  impl.RoleInfo (RoleInfo.java:updateAndGet(143)) - 5d2a92cb-0156-45c5-8f38-b4fa24aa5737: start LeaderElection
2020-07-02 19:47:44,852 [grpc-default-executor-8] DEBUG impl.RaftServerImpl (RaftServerImpl.java:requestVote(821)) - 6062bcc3-a1a5-437e-9952-fd12f6666483@group-54AED5796201: receive requestVote(8ae206a5-f320-4eda-b157-0f223831448f, group-54AED5796201, 1, (t:0, i:0))
2020-07-02 19:47:44,852 [grpc-default-executor-8] DEBUG impl.RaftServerImpl (RaftServerImpl.java:requestVote(853)) - 6062bcc3-a1a5-437e-9952-fd12f6666483@group-54AED5796201 replies to vote request: 8ae206a5-f320-4eda-b157-0f223831448f<-6062bcc3-a1a5-437e-9952-fd12f6666483#0:FAIL-t1. Peer's state: 6062bcc3-a1a5-437e-9952-fd12f6666483@group-54AED5796201:t1, leader=null, voted=6062bcc3-a1a5-437e-9952-fd12f6666483, raftlog=6062bcc3-a1a5-437e-9952-fd12f6666483@group-54AED5796201-SegmentedRaftLog:OPENED:c-1,f-1,i0, conf=-1: [8ae206a5-f320-4eda-b157-0f223831448f:172.17.0.2:43091, 6062bcc3-a1a5-437e-9952-fd12f6666483:172.17.0.2:46571, 5d2a92cb-0156-45c5-8f38-b4fa24aa5737:172.17.0.2:40131], old=null
2020-07-02 19:47:44,855 [grpc-default-executor-2] DEBUG impl.RaftServerImpl (RaftServerImpl.java:requestVote(821)) - 8ae206a5-f320-4eda-b157-0f223831448f@group-54AED5796201: receive requestVote(6062bcc3-a1a5-437e-9952-fd12f6666483, group-54AED5796201, 1, (t:0, i:0))
2020-07-02 19:47:44,855 [grpc-default-executor-2] DEBUG impl.RaftServerImpl (RaftServerImpl.java:requestVote(853)) - 8ae206a5-f320-4eda-b157-0f223831448f@group-54AED5796201 replies to vote request: 6062bcc3-a1a5-437e-9952-fd12f6666483<-8ae206a5-f320-4eda-b157-0f223831448f#0:FAIL-t1. Peer's state: 8ae206a5-f320-4eda-b157-0f223831448f@group-54AED5796201:t1, leader=null, voted=8ae206a5-f320-4eda-b157-0f223831448f, raftlog=8ae206a5-f320-4eda-b157-0f223831448f@group-54AED5796201-SegmentedRaftLog:OPENED:c-1,f-1,i0, conf=-1: [8ae206a5-f320-4eda-b157-0f223831448f:172.17.0.2:43091, 6062bcc3-a1a5-437e-9952-fd12f6666483:172.17.0.2:46571, 5d2a92cb-0156-45c5-8f38-b4fa24aa5737:172.17.0.2:40131], old=null
2020-07-02 19:47:44,859 [6062bcc3-a1a5-437e-9952-fd12f6666483@group-573D656793F0-LeaderElection64] INFO  impl.LeaderElection (LeaderElection.java:askForVotes(206)) - 6062bcc3-a1a5-437e-9952-fd12f6666483@group-573D656793F0-LeaderElection64: begin an election at term 1 for -1: [6062bcc3-a1a5-437e-9952-fd12f6666483:172.17.0.2:46571], old=null
2020-07-02 19:47:44,861 [6062bcc3-a1a5-437e-9952-fd12f6666483@group-573D656793F0-LeaderElection64] INFO  impl.RoleInfo (RoleInfo.java:shutdownLeaderElection(134)) - 6062bcc3-a1a5-437e-9952-fd12f6666483: shutdown LeaderElection
2020-07-02 19:47:44,861 [6062bcc3-a1a5-437e-9952-fd12f6666483@group-573D656793F0-LeaderElection64] INFO  impl.RaftServerImpl (RaftServerImpl.java:setRole(175)) - 6062bcc3-a1a5-437e-9952-fd12f6666483@group-573D656793F0: changes role from CANDIDATE to LEADER at term 1 for changeToLeader
2020-07-02 19:47:44,861 [6062bcc3-a1a5-437e-9952-fd12f6666483@group-573D656793F0-LeaderElection64] INFO  ratis.XceiverServerRatis (XceiverServerRatis.java:handleLeaderChangedNotification(762)) - Leader change notification received for group: group-573D656793F0 with new leaderId: 6062bcc3-a1a5-437e-9952-fd12f6666483
2020-07-02 19:47:44,861 [6062bcc3-a1a5-437e-9952-fd12f6666483@group-573D656793F0-LeaderElection64] INFO  impl.RaftServerImpl (ServerState.java:setLeader(255)) - 6062bcc3-a1a5-437e-9952-fd12f6666483@group-573D656793F0: change Leader from null to 6062bcc3-a1a5-437e-9952-fd12f6666483 at term 1 for becomeLeader, leader elected after 5213ms
2020-07-02 19:47:44,861 [6062bcc3-a1a5-437e-9952-fd12f6666483@group-573D656793F0-LeaderElection64] INFO  server.RaftServerConfigKeys (ConfUtils.java:logGet(44)) - raft.server.staging.catchup.gap = 1000 (default)
2020-07-02 19:47:44,861 [6062bcc3-a1a5-437e-9952-fd12f6666483@group-573D656793F0-LeaderElection64] INFO  server.RaftServerConfigKeys (ConfUtils.java:logGet(44)) - raft.server.rpc.sleep.time = 25ms (default)
2020-07-02 19:47:44,861 [6062bcc3-a1a5-437e-9952-fd12f6666483@group-573D656793F0-LeaderElection64] INFO  metrics.RatisMetrics (RatisMetrics.java:lambda$create$0(36)) - Creating Metrics Registry : ratis.log_appender.6062bcc3-a1a5-437e-9952-fd12f6666483@group-573D656793F0
2020-07-02 19:47:44,862 [6062bcc3-a1a5-437e-9952-fd12f6666483@group-573D656793F0-LeaderElection64] INFO  server.RaftServerConfigKeys (ConfUtils.java:logGet(44)) - raft.server.write.element-limit = 1024 (custom)
2020-07-02 19:47:44,862 [6062bcc3-a1a5-437e-9952-fd12f6666483@group-573D656793F0-LeaderElection64] INFO  server.RaftServerConfigKeys (ConfUtils.java:logGet(44)) - raft.server.write.byte-limit = 1073741824 (custom)
2020-07-02 19:47:44,862 [6062bcc3-a1a5-437e-9952-fd12f6666483@group-573D656793F0-LeaderElection64] INFO  server.RaftServerConfigKeys (ConfUtils.java:logGet(44)) - raft.server.watch.timeout = 3000ms (custom)
2020-07-02 19:47:44,862 [6062bcc3-a1a5-437e-9952-fd12f6666483@group-573D656793F0-LeaderElection64] INFO  server.RaftServerConfigKeys (ConfUtils.java:logGet(44)) - raft.server.watch.timeout.denomination = 1s (default)
2020-07-02 19:47:44,862 [6062bcc3-a1a5-437e-9952-fd12f6666483@group-573D656793F0-LeaderElection64] INFO  server.RaftServerConfigKeys (ConfUtils.java:logGet(44)) - raft.server.watch.element-limit = 65536 (default)
2020-07-02 19:47:44,862 [6062bcc3-a1a5-437e-9952-fd12f6666483@group-573D656793F0-LeaderElection64] INFO  impl.RoleInfo (RoleInfo.java:updateAndGet(143)) - 6062bcc3-a1a5-437e-9952-fd12f6666483: start LeaderState
2020-07-02 19:47:44,863 [6062bcc3-a1a5-437e-9952-fd12f6666483@group-573D656793F0-LeaderElection64] INFO  segmented.SegmentedRaftLogWorker (SegmentedRaftLogWorker.java:startLogSegment(397)) - 6062bcc3-a1a5-437e-9952-fd12f6666483@group-573D656793F0-SegmentedRaftLogWorker: Starting segment from index:0
2020-07-02 19:47:44,861 [grpc-default-executor-2] DEBUG impl.RaftServerImpl (RaftServerImpl.java:requestVote(821)) - 5d2a92cb-0156-45c5-8f38-b4fa24aa5737@group-54AED5796201: receive requestVote(8ae206a5-f320-4eda-b157-0f223831448f, group-54AED5796201, 1, (t:0, i:0))
2020-07-02 19:47:44,861 [Listener at 127.0.0.1/43161] INFO  ozone.MiniOzoneClusterImpl (MiniOzoneClusterImpl.java:shutdown(387)) - Shutting down the Mini Ozone Cluster
2020-07-02 19:47:44,873 [Listener at 127.0.0.1/43161] INFO  ozone.MiniOzoneClusterImpl (MiniOzoneClusterImpl.java:stop(402)) - Stopping the Mini Ozone Cluster
2020-07-02 19:47:44,873 [Listener at 127.0.0.1/43161] INFO  ozone.MiniOzoneClusterImpl (MiniOzoneClusterImpl.java:stopOM(484)) - Stopping the OzoneManager
2020-07-02 19:47:44,873 [Listener at 127.0.0.1/43161] INFO  ipc.Server (Server.java:stop(3359)) - Stopping server on 43161
2020-07-02 19:47:44,859 [5d2a92cb-0156-45c5-8f38-b4fa24aa5737@group-BC4EA3BC68EA-LeaderElection65] INFO  impl.LeaderElection (LeaderElection.java:askForVotes(206)) - 5d2a92cb-0156-45c5-8f38-b4fa24aa5737@group-BC4EA3BC68EA-LeaderElection65: begin an election at term 1 for -1: [5d2a92cb-0156-45c5-8f38-b4fa24aa5737:172.17.0.2:40131], old=null
2020-07-02 19:47:44,873 [5d2a92cb-0156-45c5-8f38-b4fa24aa5737@group-BC4EA3BC68EA-LeaderElection65] INFO  impl.RoleInfo (RoleInfo.java:shutdownLeaderElection(134)) - 5d2a92cb-0156-45c5-8f38-b4fa24aa5737: shutdown LeaderElection
2020-07-02 19:47:44,873 [5d2a92cb-0156-45c5-8f38-b4fa24aa5737@group-BC4EA3BC68EA-LeaderElection65] INFO  impl.RaftServerImpl (RaftServerImpl.java:setRole(175)) - 5d2a92cb-0156-45c5-8f38-b4fa24aa5737@group-BC4EA3BC68EA: changes role from CANDIDATE to LEADER at term 1 for changeToLeader
2020-07-02 19:47:44,873 [5d2a92cb-0156-45c5-8f38-b4fa24aa5737@group-BC4EA3BC68EA-LeaderElection65] INFO  ratis.XceiverServerRatis (XceiverServerRatis.java:handleLeaderChangedNotification(762)) - Leader change notification received for group: group-BC4EA3BC68EA with new leaderId: 5d2a92cb-0156-45c5-8f38-b4fa24aa5737
2020-07-02 19:47:44,872 [grpc-default-executor-2] INFO  impl.RaftServerImpl (RaftServerImpl.java:setRole(175)) - 5d2a92cb-0156-45c5-8f38-b4fa24aa5737@group-54AED5796201: changes role from  FOLLOWER to FOLLOWER at term 1 for recognizeCandidate:8ae206a5-f320-4eda-b157-0f223831448f
2020-07-02 19:47:44,873 [grpc-default-executor-2] INFO  impl.RoleInfo (RoleInfo.java:shutdownFollowerState(121)) - 5d2a92cb-0156-45c5-8f38-b4fa24aa5737: shutdown FollowerState
2020-07-02 19:47:44,873 [grpc-default-executor-2] INFO  impl.RoleInfo (RoleInfo.java:updateAndGet(143)) - 5d2a92cb-0156-45c5-8f38-b4fa24aa5737: start FollowerState
2020-07-02 19:47:44,872 [grpc-default-executor-8] DEBUG impl.RaftServerImpl (RaftServerImpl.java:requestVote(821)) - 5d2a92cb-0156-45c5-8f38-b4fa24aa5737@group-54AED5796201: receive requestVote(6062bcc3-a1a5-437e-9952-fd12f6666483, group-54AED5796201, 1, (t:0, i:0))
2020-07-02 19:47:44,866 [6062bcc3-a1a5-437e-9952-fd12f6666483@group-573D656793F0-LeaderElection64] INFO  impl.RaftServerImpl (ServerState.java:setRaftConf(356)) - 6062bcc3-a1a5-437e-9952-fd12f6666483@group-573D656793F0: set configuration 0: [6062bcc3-a1a5-437e-9952-fd12f6666483:172.17.0.2:46571], old=null at 0
2020-07-02 19:47:44,873 [Thread-1741] INFO  impl.FollowerState (FollowerState.java:run(117)) - 5d2a92cb-0156-45c5-8f38-b4fa24aa5737@group-54AED5796201-FollowerState was interrupted: java.lang.InterruptedException: sleep interrupted
2020-07-02 19:47:44,864 [6062bcc3-a1a5-437e-9952-fd12f6666483@group-573D656793F0-SegmentedRaftLogWorker] INFO  segmented.SegmentedRaftLogWorker (SegmentedRaftLogWorker.java:execute(596)) - 6062bcc3-a1a5-437e-9952-fd12f6666483@group-573D656793F0-SegmentedRaftLogWorker: created new log segment /github/workspace/mnt/ozone/hadoop-ozone/integration-test/target/test-dir/MiniOzoneClusterImpl-47077420-a86b-4566-b2ce-9fb6a30396ee/datanode-6/data/ratis/012271bb-4c2a-4002-a0e9-573d656793f0/current/log_inprogress_0
2020-07-02 19:47:44,873 [5d2a92cb-0156-45c5-8f38-b4fa24aa5737@group-BC4EA3BC68EA-LeaderElection65] INFO  impl.RaftServerImpl (ServerState.java:setLeader(255)) - 5d2a92cb-0156-45c5-8f38-b4fa24aa5737@group-BC4EA3BC68EA: change Leader from null to 5d2a92cb-0156-45c5-8f38-b4fa24aa5737 at term 1 for becomeLeader, leader elected after 5181ms
2020-07-02 19:47:44,874 [5d2a92cb-0156-45c5-8f38-b4fa24aa5737@group-BC4EA3BC68EA-LeaderElection65] INFO  server.RaftServerConfigKeys (ConfUtils.java:logGet(44)) - raft.server.staging.catchup.gap = 1000 (default)
2020-07-02 19:47:44,874 [5d2a92cb-0156-45c5-8f38-b4fa24aa5737@group-BC4EA3BC68EA-LeaderElection65] INFO  server.RaftServerConfigKeys (ConfUtils.java:logGet(44)) - raft.server.rpc.sleep.time = 25ms (default)
2020-07-02 19:47:44,874 [5d2a92cb-0156-45c5-8f38-b4fa24aa5737@group-BC4EA3BC68EA-LeaderElection65] INFO  metrics.RatisMetrics (RatisMetrics.java:lambda$create$0(36)) - Creating Metrics Registry : ratis.log_appender.5d2a92cb-0156-45c5-8f38-b4fa24aa5737@group-BC4EA3BC68EA
2020-07-02 19:47:44,874 [5d2a92cb-0156-45c5-8f38-b4fa24aa5737@group-BC4EA3BC68EA-LeaderElection65] INFO  server.RaftServerConfigKeys (ConfUtils.java:logGet(44)) - raft.server.write.element-limit = 1024 (custom)
2020-07-02 19:47:44,874 [5d2a92cb-0156-45c5-8f38-b4fa24aa5737@group-BC4EA3BC68EA-LeaderElection65] INFO  server.RaftServerConfigKeys (ConfUtils.java:logGet(44)) - raft.server.write.byte-limit = 1073741824 (custom)
2020-07-02 19:47:44,878 [grpc-default-executor-2] DEBUG impl.RaftServerImpl (RaftServerImpl.java:requestVote(853)) - 5d2a92cb-0156-45c5-8f38-b4fa24aa5737@group-54AED5796201 replies to vote request: 8ae206a5-f320-4eda-b157-0f223831448f<-5d2a92cb-0156-45c5-8f38-b4fa24aa5737#0:OK-t1. Peer's state: 5d2a92cb-0156-45c5-8f38-b4fa24aa5737@group-54AED5796201:t1, leader=null, voted=8ae206a5-f320-4eda-b157-0f223831448f, raftlog=5d2a92cb-0156-45c5-8f38-b4fa24aa5737@group-54AED5796201-SegmentedRaftLog:OPENED:c-1,f-1,i0, conf=-1: [8ae206a5-f320-4eda-b157-0f223831448f:172.17.0.2:43091, 6062bcc3-a1a5-437e-9952-fd12f6666483:172.17.0.2:46571, 5d2a92cb-0156-45c5-8f38-b4fa24aa5737:172.17.0.2:40131], old=null
2020-07-02 19:47:44,878 [5d2a92cb-0156-45c5-8f38-b4fa24aa5737@group-BC4EA3BC68EA-LeaderElection65] INFO  server.RaftServerConfigKeys (ConfUtils.java:logGet(44)) - raft.server.watch.timeout = 3000ms (custom)
2020-07-02 19:47:44,878 [5d2a92cb-0156-45c5-8f38-b4fa24aa5737@group-BC4EA3BC68EA-LeaderElection65] INFO  server.RaftServerConfigKeys (ConfUtils.java:logGet(44)) - raft.server.watch.timeout.denomination = 1s (default)
2020-07-02 19:47:44,878 [5d2a92cb-0156-45c5-8f38-b4fa24aa5737@group-BC4EA3BC68EA-LeaderElection65] INFO  server.RaftServerConfigKeys (ConfUtils.java:logGet(44)) - raft.server.watch.element-limit = 65536 (default)
2020-07-02 19:47:44,878 [5d2a92cb-0156-45c5-8f38-b4fa24aa5737@group-BC4EA3BC68EA-LeaderElection65] INFO  impl.RoleInfo (RoleInfo.java:updateAndGet(143)) - 5d2a92cb-0156-45c5-8f38-b4fa24aa5737: start LeaderState
2020-07-02 19:47:44,880 [5d2a92cb-0156-45c5-8f38-b4fa24aa5737@group-BC4EA3BC68EA-LeaderElection65] INFO  segmented.SegmentedRaftLogWorker (SegmentedRaftLogWorker.java:startLogSegment(397)) - 5d2a92cb-0156-45c5-8f38-b4fa24aa5737@group-BC4EA3BC68EA-SegmentedRaftLogWorker: Starting segment from index:0
2020-07-02 19:47:44,880 [5d2a92cb-0156-45c5-8f38-b4fa24aa5737@group-BC4EA3BC68EA-LeaderElection65] INFO  impl.RaftServerImpl (ServerState.java:setRaftConf(356)) - 5d2a92cb-0156-45c5-8f38-b4fa24aa5737@group-BC4EA3BC68EA: set configuration 0: [5d2a92cb-0156-45c5-8f38-b4fa24aa5737:172.17.0.2:40131], old=null at 0
2020-07-02 19:47:44,881 [grpc-default-executor-8] DEBUG impl.RaftServerImpl (RaftServerImpl.java:requestVote(853)) - 5d2a92cb-0156-45c5-8f38-b4fa24aa5737@group-54AED5796201 replies to vote request: 6062bcc3-a1a5-437e-9952-fd12f6666483<-5d2a92cb-0156-45c5-8f38-b4fa24aa5737#0:FAIL-t1. Peer's state: 5d2a92cb-0156-45c5-8f38-b4fa24aa5737@group-54AED5796201:t1, leader=null, voted=8ae206a5-f320-4eda-b157-0f223831448f, raftlog=5d2a92cb-0156-45c5-8f38-b4fa24aa5737@group-54AED5796201-SegmentedRaftLog:OPENED:c-1,f-1,i0, conf=-1: [8ae206a5-f320-4eda-b157-0f223831448f:172.17.0.2:43091, 6062bcc3-a1a5-437e-9952-fd12f6666483:172.17.0.2:46571, 5d2a92cb-0156-45c5-8f38-b4fa24aa5737:172.17.0.2:40131], old=null
2020-07-02 19:47:44,882 [8ae206a5-f320-4eda-b157-0f223831448f@group-54AED5796201-LeaderElection63] INFO  impl.LeaderElection (LeaderElection.java:logAndReturn(61)) - 8ae206a5-f320-4eda-b157-0f223831448f@group-54AED5796201-LeaderElection63: Election PASSED; received 2 response(s) [8ae206a5-f320-4eda-b157-0f223831448f<-6062bcc3-a1a5-437e-9952-fd12f6666483#0:FAIL-t1, 8ae206a5-f320-4eda-b157-0f223831448f<-5d2a92cb-0156-45c5-8f38-b4fa24aa5737#0:OK-t1] and 0 exception(s); 8ae206a5-f320-4eda-b157-0f223831448f@group-54AED5796201:t1, leader=null, voted=8ae206a5-f320-4eda-b157-0f223831448f, raftlog=8ae206a5-f320-4eda-b157-0f223831448f@group-54AED5796201-SegmentedRaftLog:OPENED:c-1,f-1,i0, conf=-1: [8ae206a5-f320-4eda-b157-0f223831448f:172.17.0.2:43091, 6062bcc3-a1a5-437e-9952-fd12f6666483:172.17.0.2:46571, 5d2a92cb-0156-45c5-8f38-b4fa24aa5737:172.17.0.2:40131], old=null
2020-07-02 19:47:44,882 [8ae206a5-f320-4eda-b157-0f223831448f@group-54AED5796201-LeaderElection63] INFO  impl.RoleInfo (RoleInfo.java:shutdownLeaderElection(134)) - 8ae206a5-f320-4eda-b157-0f223831448f: shutdown LeaderElection
2020-07-02 19:47:44,882 [8ae206a5-f320-4eda-b157-0f223831448f@group-54AED5796201-LeaderElection63] INFO  impl.RaftServerImpl (RaftServerImpl.java:setRole(175)) - 8ae206a5-f320-4eda-b157-0f223831448f@group-54AED5796201: changes role from CANDIDATE to LEADER at term 1 for changeToLeader
2020-07-02 19:47:44,882 [8ae206a5-f320-4eda-b157-0f223831448f@group-54AED5796201-LeaderElection63] INFO  ratis.XceiverServerRatis (XceiverServerRatis.java:handleLeaderChangedNotification(762)) - Leader change notification received for group: group-54AED5796201 with new leaderId: 8ae206a5-f320-4eda-b157-0f223831448f
2020-07-02 19:47:44,882 [8ae206a5-f320-4eda-b157-0f223831448f@group-54AED5796201-LeaderElection63] INFO  impl.RaftServerImpl (ServerState.java:setLeader(255)) - 8ae206a5-f320-4eda-b157-0f223831448f@group-54AED5796201: change Leader from null to 8ae206a5-f320-4eda-b157-0f223831448f at term 1 for becomeLeader, leader elected after 5197ms
2020-07-02 19:47:44,882 [8ae206a5-f320-4eda-b157-0f223831448f@group-54AED5796201-LeaderElection63] INFO  server.RaftServerConfigKeys (ConfUtils.java:logGet(44)) - raft.server.staging.catchup.gap = 1000 (default)
2020-07-02 19:47:44,882 [8ae206a5-f320-4eda-b157-0f223831448f@group-54AED5796201-LeaderElection63] INFO  server.RaftServerConfigKeys (ConfUtils.java:logGet(44)) - raft.server.rpc.sleep.time = 25ms (default)
2020-07-02 19:47:44,882 [8ae206a5-f320-4eda-b157-0f223831448f@group-54AED5796201-LeaderElection63] INFO  metrics.RatisMetrics (RatisMetrics.java:lambda$create$0(36)) - Creating Metrics Registry : ratis.log_appender.8ae206a5-f320-4eda-b157-0f223831448f@group-54AED5796201
2020-07-02 19:47:44,882 [5d2a92cb-0156-45c5-8f38-b4fa24aa5737@group-BC4EA3BC68EA-SegmentedRaftLogWorker] INFO  segmented.SegmentedRaftLogWorker (SegmentedRaftLogWorker.java:execute(596)) - 5d2a92cb-0156-45c5-8f38-b4fa24aa5737@group-BC4EA3BC68EA-SegmentedRaftLogWorker: created new log segment /github/workspace/mnt/ozone/hadoop-ozone/integration-test/target/test-dir/MiniOzoneClusterImpl-47077420-a86b-4566-b2ce-9fb6a30396ee/datanode-7/data/ratis/fc260bf0-23f5-4dcd-af18-bc4ea3bc68ea/current/log_inprogress_0
2020-07-02 19:47:44,881 [Listener at 127.0.0.1/43161] INFO  ratis.OzoneManagerDoubleBuffer (OzoneManagerDoubleBuffer.java:stop(458)) - Stopping OMDoubleBuffer flush thread
2020-07-02 19:47:44,881 [IPC Server Responder] INFO  ipc.Server (Server.java:run(1465)) - Stopping IPC Server Responder
2020-07-02 19:47:44,881 [IPC Server listener on 0] INFO  ipc.Server (Server.java:run(1330)) - Stopping IPC Server listener on 0
2020-07-02 19:47:44,886 [6062bcc3-a1a5-437e-9952-fd12f6666483@group-54AED5796201-LeaderElection62] INFO  impl.LeaderElection (LeaderElection.java:logAndReturn(61)) - 6062bcc3-a1a5-437e-9952-fd12f6666483@group-54AED5796201-LeaderElection62: Election REJECTED; received 2 response(s) [6062bcc3-a1a5-437e-9952-fd12f6666483<-8ae206a5-f320-4eda-b157-0f223831448f#0:FAIL-t1, 6062bcc3-a1a5-437e-9952-fd12f6666483<-5d2a92cb-0156-45c5-8f38-b4fa24aa5737#0:FAIL-t1] and 0 exception(s); 6062bcc3-a1a5-437e-9952-fd12f6666483@group-54AED5796201:t1, leader=null, voted=6062bcc3-a1a5-437e-9952-fd12f6666483, raftlog=6062bcc3-a1a5-437e-9952-fd12f6666483@group-54AED5796201-SegmentedRaftLog:OPENED:c-1,f-1,i0, conf=-1: [8ae206a5-f320-4eda-b157-0f223831448f:172.17.0.2:43091, 6062bcc3-a1a5-437e-9952-fd12f6666483:172.17.0.2:46571, 5d2a92cb-0156-45c5-8f38-b4fa24aa5737:172.17.0.2:40131], old=null
2020-07-02 19:47:44,887 [6062bcc3-a1a5-437e-9952-fd12f6666483@group-54AED5796201-LeaderElection62] INFO  impl.RaftServerImpl (RaftServerImpl.java:setRole(175)) - 6062bcc3-a1a5-437e-9952-fd12f6666483@group-54AED5796201: changes role from CANDIDATE to FOLLOWER at term 1 for DISCOVERED_A_NEW_TERM
2020-07-02 19:47:44,887 [6062bcc3-a1a5-437e-9952-fd12f6666483@group-54AED5796201-LeaderElection62] INFO  impl.RoleInfo (RoleInfo.java:shutdownLeaderElection(134)) - 6062bcc3-a1a5-437e-9952-fd12f6666483: shutdown LeaderElection
2020-07-02 19:47:44,887 [6062bcc3-a1a5-437e-9952-fd12f6666483@group-54AED5796201-LeaderElection62] INFO  impl.RoleInfo (RoleInfo.java:updateAndGet(143)) - 6062bcc3-a1a5-437e-9952-fd12f6666483: start FollowerState
2020-07-02 19:47:44,887 [OMDoubleBufferFlushThread] INFO  ratis.OzoneManagerDoubleBuffer (OzoneManagerDoubleBuffer.java:flushTransactions(357)) - OMDoubleBuffer flush thread OMDoubleBufferFlushThread is interrupted and will exit. OMDoubleBufferFlushThread
2020-07-02 19:47:44,886 [EventQueue-PipelineReportForPipelineReportHandler] INFO  pipeline.PipelineStateManager (PipelineStateManager.java:openPipeline(131)) - Pipeline Pipeline[ Id: 918e4bec-9774-43bd-a7e6-54aed5796201, Nodes: 8ae206a5-f320-4eda-b157-0f223831448f{ip: 172.17.0.2, host: 88424e9b97c1, networkLocation: /default-rack, certSerialId: null}5d2a92cb-0156-45c5-8f38-b4fa24aa5737{ip: 172.17.0.2, host: 88424e9b97c1, networkLocation: /default-rack, certSerialId: null}6062bcc3-a1a5-437e-9952-fd12f6666483{ip: 172.17.0.2, host: 88424e9b97c1, networkLocation: /default-rack, certSerialId: null}, Type:RATIS, Factor:THREE, State:ALLOCATED, leaderId:8ae206a5-f320-4eda-b157-0f223831448f, CreationTimestamp2020-07-02T19:47:36.732Z] moved to OPEN state
2020-07-02 19:47:44,890 [Listener at 127.0.0.1/43161] INFO  utils.BackgroundService (BackgroundService.java:shutdown(157)) - Shutting down service KeyDeletingService
2020-07-02 19:47:44,888 [8ae206a5-f320-4eda-b157-0f223831448f@group-54AED5796201-LeaderElection63] INFO  server.RaftServerConfigKeys (ConfUtils.java:logGet(44)) - raft.server.write.element-limit = 1024 (custom)
2020-07-02 19:47:44,893 [8ae206a5-f320-4eda-b157-0f223831448f@group-54AED5796201-LeaderElection63] INFO  server.RaftServerConfigKeys (ConfUtils.java:logGet(44)) - raft.server.write.byte-limit = 1073741824 (custom)
2020-07-02 19:47:44,893 [8ae206a5-f320-4eda-b157-0f223831448f@group-54AED5796201-LeaderElection63] INFO  server.RaftServerConfigKeys (ConfUtils.java:logGet(44)) - raft.server.watch.timeout = 3000ms (custom)
2020-07-02 19:47:44,893 [8ae206a5-f320-4eda-b157-0f223831448f@group-54AED5796201-LeaderElection63] INFO  server.RaftServerConfigKeys (ConfUtils.java:logGet(44)) - raft.server.watch.timeout.denomination = 1s (default)
2020-07-02 19:47:44,893 [8ae206a5-f320-4eda-b157-0f223831448f@group-54AED5796201-LeaderElection63] INFO  server.RaftServerConfigKeys (ConfUtils.java:logGet(44)) - raft.server.watch.element-limit = 65536 (default)
2020-07-02 19:47:44,893 [8ae206a5-f320-4eda-b157-0f223831448f@group-54AED5796201-LeaderElection63] INFO  server.RaftServerConfigKeys (ConfUtils.java:logGet(44)) - raft.server.log.appender.snapshot.chunk.size.max = 16MB (=16777216) (default)
2020-07-02 19:47:44,893 [8ae206a5-f320-4eda-b157-0f223831448f@group-54AED5796201-LeaderElection63] INFO  server.RaftServerConfigKeys (ConfUtils.java:logGet(44)) - raft.server.log.appender.buffer.byte-limit = 33554432 (custom)
2020-07-02 19:47:44,893 [8ae206a5-f320-4eda-b157-0f223831448f@group-54AED5796201-LeaderElection63] INFO  server.RaftServerConfigKeys (ConfUtils.java:logGet(44)) - raft.server.log.appender.buffer.element-limit = 1 (custom)
2020-07-02 19:47:44,894 [8ae206a5-f320-4eda-b157-0f223831448f@group-54AED5796201-LeaderElection63] INFO  grpc.GrpcConfigKeys (ConfUtils.java:logGet(44)) - raft.grpc.server.leader.outstanding.appends.max = 128 (default)
2020-07-02 19:47:44,894 [8ae206a5-f320-4eda-b157-0f223831448f@group-54AED5796201-LeaderElection63] INFO  server.RaftServerConfigKeys (ConfUtils.java:logGet(44)) - raft.server.rpc.request.timeout = 3000ms (default)
2020-07-02 19:47:44,894 [8ae206a5-f320-4eda-b157-0f223831448f@group-54AED5796201-LeaderElection63] INFO  server.RaftServerConfigKeys (ConfUtils.java:logGet(44)) - raft.server.log.appender.install.snapshot.enabled = false (custom)
2020-07-02 19:47:44,894 [8ae206a5-f320-4eda-b157-0f223831448f@group-54AED5796201-LeaderElection63] INFO  metrics.RatisMetrics (RatisMetrics.java:lambda$create$0(36)) - Creating Metrics Registry : ratis_grpc.log_appender.8ae206a5-f320-4eda-b157-0f223831448f@group-54AED5796201
2020-07-02 19:47:44,896 [8ae206a5-f320-4eda-b157-0f223831448f@group-54AED5796201-LeaderElection63] INFO  server.RaftServerConfigKeys (ConfUtils.java:logGet(44)) - raft.server.log.appender.snapshot.chunk.size.max = 16MB (=16777216) (default)
2020-07-02 19:47:44,896 [8ae206a5-f320-4eda-b157-0f223831448f@group-54AED5796201-LeaderElection63] INFO  server.RaftServerConfigKeys (ConfUtils.java:logGet(44)) - raft.server.log.appender.buffer.byte-limit = 33554432 (custom)
2020-07-02 19:47:44,896 [8ae206a5-f320-4eda-b157-0f223831448f@group-54AED5796201-LeaderElection63] INFO  server.RaftServerConfigKeys (ConfUtils.java:logGet(44)) - raft.server.log.appender.buffer.element-limit = 1 (custom)
2020-07-02 19:47:44,896 [8ae206a5-f320-4eda-b157-0f223831448f@group-54AED5796201-LeaderElection63] INFO  grpc.GrpcConfigKeys (ConfUtils.java:logGet(44)) - raft.grpc.server.leader.outstanding.appends.max = 128 (default)
2020-07-02 19:47:44,896 [8ae206a5-f320-4eda-b157-0f223831448f@group-54AED5796201-LeaderElection63] INFO  server.RaftServerConfigKeys (ConfUtils.java:logGet(44)) - raft.server.rpc.request.timeout = 3000ms (default)
2020-07-02 19:47:44,896 [8ae206a5-f320-4eda-b157-0f223831448f@group-54AED5796201-LeaderElection63] INFO  server.RaftServerConfigKeys (ConfUtils.java:logGet(44)) - raft.server.log.appender.install.snapshot.enabled = false (custom)
2020-07-02 19:47:44,897 [8ae206a5-f320-4eda-b157-0f223831448f@group-54AED5796201-LeaderElection63] INFO  impl.RoleInfo (RoleInfo.java:updateAndGet(143)) - 8ae206a5-f320-4eda-b157-0f223831448f: start LeaderState
2020-07-02 19:47:44,898 [8ae206a5-f320-4eda-b157-0f223831448f@group-54AED5796201-LeaderElection63] INFO  segmented.SegmentedRaftLogWorker (SegmentedRaftLogWorker.java:startLogSegment(397)) - 8ae206a5-f320-4eda-b157-0f223831448f@group-54AED5796201-SegmentedRaftLogWorker: Starting segment from index:0
2020-07-02 19:47:44,892 [Listener at 127.0.0.1/43161] INFO  handler.ContextHandler (ContextHandler.java:doStop(1016)) - Stopped o.e.j.w.WebAppContext@2eb3e87c{ozoneManager,/,null,UNAVAILABLE}{file:/github/workspace/mnt/ozone/hadoop-ozone/integration-test/target/test-classes/webapps/ozoneManager}
2020-07-02 19:47:44,899 [8ae206a5-f320-4eda-b157-0f223831448f@group-54AED5796201-SegmentedRaftLogWorker] INFO  segmented.SegmentedRaftLogWorker (SegmentedRaftLogWorker.java:execute(596)) - 8ae206a5-f320-4eda-b157-0f223831448f@group-54AED5796201-SegmentedRaftLogWorker: created new log segment /github/workspace/mnt/ozone/hadoop-ozone/integration-test/target/test-dir/MiniOzoneClusterImpl-47077420-a86b-4566-b2ce-9fb6a30396ee/datanode-8/data/ratis/918e4bec-9774-43bd-a7e6-54aed5796201/current/log_inprogress_0
2020-07-02 19:47:44,902 [Listener at 127.0.0.1/43161] INFO  server.AbstractConnector (AbstractConnector.java:doStop(380)) - Stopped ServerConnector@155c2a47{HTTP/1.1,[http/1.1]}{0.0.0.0:0}
2020-07-02 19:47:44,902 [Listener at 127.0.0.1/43161] INFO  server.session (HouseKeeper.java:stopScavenging(158)) - node0 Stopped scavenging
2020-07-02 19:47:44,902 [Listener at 127.0.0.1/43161] INFO  handler.ContextHandler (ContextHandler.java:doStop(1016)) - Stopped o.e.j.s.ServletContextHandler@6277551c{static,/static,file:///github/workspace/mnt/ozone/hadoop-ozone/integration-test/target/test-classes/webapps/static,UNAVAILABLE}
2020-07-02 19:47:44,902 [Listener at 127.0.0.1/43161] INFO  handler.ContextHandler (ContextHandler.java:doStop(1016)) - Stopped o.e.j.s.ServletContextHandler@784df46e{logs,/logs,file:///github/workspace/mnt/ozone/hadoop-ozone/integration-test/target/log,UNAVAILABLE}
2020-07-02 19:47:44,905 [Listener at 127.0.0.1/43161] INFO  ozone.MiniOzoneClusterImpl (MiniOzoneClusterImpl.java:stopDatanodes(461)) - Stopping the HddsDatanodes
2020-07-02 19:47:44,908 [8ae206a5-f320-4eda-b157-0f223831448f@group-54AED5796201-LeaderElection63] INFO  impl.RaftServerImpl (ServerState.java:setRaftConf(356)) - 8ae206a5-f320-4eda-b157-0f223831448f@group-54AED5796201: set configuration 0: [8ae206a5-f320-4eda-b157-0f223831448f:172.17.0.2:43091, 6062bcc3-a1a5-437e-9952-fd12f6666483:172.17.0.2:46571, 5d2a92cb-0156-45c5-8f38-b4fa24aa5737:172.17.0.2:40131], old=null at 0
2020-07-02 19:47:44,911 [grpc-default-executor-2] INFO  ratis.XceiverServerRatis (XceiverServerRatis.java:handleLeaderChangedNotification(762)) - Leader change notification received for group: group-54AED5796201 with new leaderId: 8ae206a5-f320-4eda-b157-0f223831448f
2020-07-02 19:47:44,911 [grpc-default-executor-2] INFO  impl.RaftServerImpl (ServerState.java:setLeader(255)) - 6062bcc3-a1a5-437e-9952-fd12f6666483@group-54AED5796201: change Leader from null to 8ae206a5-f320-4eda-b157-0f223831448f at term 1 for appendEntries, leader elected after 5251ms
2020-07-02 19:47:44,915 [grpc-default-executor-2] DEBUG impl.RaftServerImpl (RaftServerImpl.java:logAppendEntries(928)) - 6062bcc3-a1a5-437e-9952-fd12f6666483@group-54AED5796201: receive appendEntries(8ae206a5-f320-4eda-b157-0f223831448f, 1, null, -1, false, commits[8ae206a5-f320-4eda-b157-0f223831448f:c-1, 6062bcc3-a1a5-437e-9952-fd12f6666483:c-1, 5d2a92cb-0156-45c5-8f38-b4fa24aa5737:c-1], entries: (t:1, i:0), CONFIGURATIONENTRY
2020-07-02 19:47:44,916 [grpc-default-executor-8] DEBUG server.GrpcLogAppender (GrpcLogAppender.java:onNext(257)) - 8ae206a5-f320-4eda-b157-0f223831448f@group-54AED5796201->6062bcc3-a1a5-437e-9952-fd12f6666483-AppendLogResponseHandler: received the first reply 8ae206a5-f320-4eda-b157-0f223831448f<-6062bcc3-a1a5-437e-9952-fd12f6666483#0:OK,SUCCESS,nextIndex:0,term:1,followerCommit:-1, request=AppendEntriesRequest:cid=0,entriesCount=0,lastEntry=null
2020-07-02 19:47:44,917 [grpc-default-executor-2] INFO  impl.RaftServerImpl (ServerState.java:setRaftConf(356)) - 6062bcc3-a1a5-437e-9952-fd12f6666483@group-54AED5796201: set configuration 0: [8ae206a5-f320-4eda-b157-0f223831448f:172.17.0.2:43091, 6062bcc3-a1a5-437e-9952-fd12f6666483:172.17.0.2:46571, 5d2a92cb-0156-45c5-8f38-b4fa24aa5737:172.17.0.2:40131], old=null at 0
2020-07-02 19:47:44,920 [grpc-default-executor-2] INFO  segmented.SegmentedRaftLogWorker (SegmentedRaftLogWorker.java:startLogSegment(397)) - 6062bcc3-a1a5-437e-9952-fd12f6666483@group-54AED5796201-SegmentedRaftLogWorker: Starting segment from index:0
2020-07-02 19:47:44,920 [grpc-default-executor-0] INFO  ratis.XceiverServerRatis (XceiverServerRatis.java:handleLeaderChangedNotification(762)) - Leader change notification received for group: group-54AED5796201 with new leaderId: 8ae206a5-f320-4eda-b157-0f223831448f
2020-07-02 19:47:44,920 [grpc-default-executor-0] INFO  impl.RaftServerImpl (ServerState.java:setLeader(255)) - 5d2a92cb-0156-45c5-8f38-b4fa24aa5737@group-54AED5796201: change Leader from null to 8ae206a5-f320-4eda-b157-0f223831448f at term 1 for appendEntries, leader elected after 5215ms
2020-07-02 19:47:44,921 [grpc-default-executor-0] DEBUG impl.RaftServerImpl (RaftServerImpl.java:logAppendEntries(928)) - 5d2a92cb-0156-45c5-8f38-b4fa24aa5737@group-54AED5796201: receive appendEntries(8ae206a5-f320-4eda-b157-0f223831448f, 1, null, 0, false, commits[8ae206a5-f320-4eda-b157-0f223831448f:c0, 6062bcc3-a1a5-437e-9952-fd12f6666483:c-1, 5d2a92cb-0156-45c5-8f38-b4fa24aa5737:c-1], entries: (t:1, i:0), CONFIGURATIONENTRY
2020-07-02 19:47:44,921 [grpc-default-executor-0] INFO  impl.RaftServerImpl (ServerState.java:setRaftConf(356)) - 5d2a92cb-0156-45c5-8f38-b4fa24aa5737@group-54AED5796201: set configuration 0: [8ae206a5-f320-4eda-b157-0f223831448f:172.17.0.2:43091, 6062bcc3-a1a5-437e-9952-fd12f6666483:172.17.0.2:46571, 5d2a92cb-0156-45c5-8f38-b4fa24aa5737:172.17.0.2:40131], old=null at 0
2020-07-02 19:47:44,922 [grpc-default-executor-0] INFO  segmented.SegmentedRaftLogWorker (SegmentedRaftLogWorker.java:startLogSegment(397)) - 5d2a92cb-0156-45c5-8f38-b4fa24aa5737@group-54AED5796201-SegmentedRaftLogWorker: Starting segment from index:0
2020-07-02 19:47:44,921 [6062bcc3-a1a5-437e-9952-fd12f6666483@group-54AED5796201-SegmentedRaftLogWorker] INFO  segmented.SegmentedRaftLogWorker (SegmentedRaftLogWorker.java:execute(596)) - 6062bcc3-a1a5-437e-9952-fd12f6666483@group-54AED5796201-SegmentedRaftLogWorker: created new log segment /github/workspace/mnt/ozone/hadoop-ozone/integration-test/target/test-dir/MiniOzoneClusterImpl-47077420-a86b-4566-b2ce-9fb6a30396ee/datanode-6/data/ratis/918e4bec-9774-43bd-a7e6-54aed5796201/current/log_inprogress_0
2020-07-02 19:47:44,924 [5d2a92cb-0156-45c5-8f38-b4fa24aa5737@group-54AED5796201-SegmentedRaftLogWorker] INFO  segmented.SegmentedRaftLogWorker (SegmentedRaftLogWorker.java:execute(596)) - 5d2a92cb-0156-45c5-8f38-b4fa24aa5737@group-54AED5796201-SegmentedRaftLogWorker: created new log segment /github/workspace/mnt/ozone/hadoop-ozone/integration-test/target/test-dir/MiniOzoneClusterImpl-47077420-a86b-4566-b2ce-9fb6a30396ee/datanode-7/data/ratis/918e4bec-9774-43bd-a7e6-54aed5796201/current/log_inprogress_0
2020-07-02 19:47:44,925 [grpc-default-executor-0] DEBUG server.GrpcLogAppender (GrpcLogAppender.java:onNext(257)) - 8ae206a5-f320-4eda-b157-0f223831448f@group-54AED5796201->5d2a92cb-0156-45c5-8f38-b4fa24aa5737-AppendLogResponseHandler: received the first reply 8ae206a5-f320-4eda-b157-0f223831448f<-5d2a92cb-0156-45c5-8f38-b4fa24aa5737#0:OK,SUCCESS,nextIndex:1,term:1,followerCommit:-1, request=AppendEntriesRequest:cid=0,entriesCount=0,lastEntry=null
2020-07-02 19:47:44,926 [Thread-1816] DEBUG impl.RaftServerImpl (RaftServerImpl.java:logAppendEntries(928)) - 6062bcc3-a1a5-437e-9952-fd12f6666483@group-54AED5796201: succeeded to handle AppendEntries. Reply: 8ae206a5-f320-4eda-b157-0f223831448f<-6062bcc3-a1a5-437e-9952-fd12f6666483#1:OK,SUCCESS,nextIndex:1,term:1,followerCommit:-1
2020-07-02 19:47:44,926 [grpc-default-executor-0] DEBUG server.GrpcLogAppender (GrpcLogAppender.java:onNext(257)) - 8ae206a5-f320-4eda-b157-0f223831448f@group-54AED5796201->6062bcc3-a1a5-437e-9952-fd12f6666483-AppendLogResponseHandler: received a reply 8ae206a5-f320-4eda-b157-0f223831448f<-6062bcc3-a1a5-437e-9952-fd12f6666483#1:OK,SUCCESS,nextIndex:1,term:1,followerCommit:-1, request=AppendEntriesRequest:cid=1,entriesCount=1,lastEntry=(t:1, i:0)
2020-07-02 19:47:44,927 [Thread-1817] DEBUG impl.RaftServerImpl (RaftServerImpl.java:logAppendEntries(928)) - 5d2a92cb-0156-45c5-8f38-b4fa24aa5737@group-54AED5796201: succeeded to handle AppendEntries. Reply: 8ae206a5-f320-4eda-b157-0f223831448f<-5d2a92cb-0156-45c5-8f38-b4fa24aa5737#1:OK,SUCCESS,nextIndex:1,term:1,followerCommit:0
2020-07-02 19:47:44,927 [grpc-default-executor-0] DEBUG server.GrpcLogAppender (GrpcLogAppender.java:onNext(257)) - 8ae206a5-f320-4eda-b157-0f223831448f@group-54AED5796201->5d2a92cb-0156-45c5-8f38-b4fa24aa5737-AppendLogResponseHandler: received a reply 8ae206a5-f320-4eda-b157-0f223831448f<-5d2a92cb-0156-45c5-8f38-b4fa24aa5737#1:OK,SUCCESS,nextIndex:1,term:1,followerCommit:0, request=AppendEntriesRequest:cid=1,entriesCount=1,lastEntry=(t:1, i:0)
2020-07-02 19:47:45,612 [Datanode State Machine Thread - 0] INFO  statemachine.DatanodeStateMachine (DatanodeStateMachine.java:lambda$startDaemon$0(380)) - Ozone container server started.
2020-07-02 19:47:45,840 [Datanode State Machine Thread - 0] INFO  statemachine.DatanodeStateMachine (DatanodeStateMachine.java:lambda$startDaemon$0(380)) - Ozone container server started.
2020-07-02 19:47:47,302 [grpc-default-executor-0] DEBUG server.GrpcLogAppender (GrpcLogAppender.java:onNext(257)) - 31b30001-c6bc-41c4-8b5d-b541ce032758@group-18AB17D9DAF3->9477b405-238c-48d3-b137-1691fefbdcbe-AppendLogResponseHandler: received a reply 31b30001-c6bc-41c4-8b5d-b541ce032758<-9477b405-238c-48d3-b137-1691fefbdcbe#4:OK,SUCCESS,nextIndex:3,term:1,followerCommit:2, request=AppendEntriesRequest:cid=4,entriesCount=0,lastEntry=null
2020-07-02 19:47:47,316 [grpc-default-executor-0] DEBUG server.GrpcLogAppender (GrpcLogAppender.java:onNext(257)) - 31b30001-c6bc-41c4-8b5d-b541ce032758@group-18AB17D9DAF3->0b60331c-5e1c-4a80-9807-96a116b38597-AppendLogResponseHandler: received a reply 31b30001-c6bc-41c4-8b5d-b541ce032758<-0b60331c-5e1c-4a80-9807-96a116b38597#4:OK,SUCCESS,nextIndex:3,term:1,followerCommit:2, request=AppendEntriesRequest:cid=4,entriesCount=0,lastEntry=null
2020-07-02 19:47:47,429 [grpc-default-executor-0] DEBUG server.GrpcLogAppender (GrpcLogAppender.java:onNext(257)) - 8ae206a5-f320-4eda-b157-0f223831448f@group-54AED5796201->5d2a92cb-0156-45c5-8f38-b4fa24aa5737-AppendLogResponseHandler: received a reply 8ae206a5-f320-4eda-b157-0f223831448f<-5d2a92cb-0156-45c5-8f38-b4fa24aa5737#2:OK,SUCCESS,nextIndex:1,term:1,followerCommit:0, request=AppendEntriesRequest:cid=2,entriesCount=0,lastEntry=null
2020-07-02 19:47:47,430 [grpc-default-executor-0] DEBUG server.GrpcLogAppender (GrpcLogAppender.java:onNext(257)) - 8ae206a5-f320-4eda-b157-0f223831448f@group-54AED5796201->6062bcc3-a1a5-437e-9952-fd12f6666483-AppendLogResponseHandler: received a reply 8ae206a5-f320-4eda-b157-0f223831448f<-6062bcc3-a1a5-437e-9952-fd12f6666483#2:OK,SUCCESS,nextIndex:1,term:1,followerCommit:0, request=AppendEntriesRequest:cid=2,entriesCount=0,lastEntry=null
2020-07-02 19:47:47,680 [EventQueue-Delayed safe mode statusForReplicationManager] INFO  container.ReplicationManager (ReplicationManager.java:start(177)) - Starting Replication Monitor Thread.
2020-07-02 19:47:47,682 [ReplicationMonitor] INFO  container.ReplicationManager (ReplicationManager.java:run(241)) - Replication Monitor Thread took 1 milliseconds for processing 1 containers.
2020-07-02 19:47:49,665 [Thread-1767] INFO  impl.FollowerState (FollowerState.java:run(108)) - 624bc23a-26d8-413d-a9ad-b038ba4eb8c0@group-ADA67ADC91AC-FollowerState: change to CANDIDATE, lastRpcTime:5022ms, electionTimeout:5022ms
2020-07-02 19:47:49,665 [Thread-1767] INFO  impl.RoleInfo (RoleInfo.java:shutdownFollowerState(121)) - 624bc23a-26d8-413d-a9ad-b038ba4eb8c0: shutdown FollowerState
2020-07-02 19:47:49,665 [Thread-1767] INFO  impl.RaftServerImpl (RaftServerImpl.java:setRole(175)) - 624bc23a-26d8-413d-a9ad-b038ba4eb8c0@group-ADA67ADC91AC: changes role from  FOLLOWER to CANDIDATE at term 1 for changeToCandidate
2020-07-02 19:47:49,665 [Thread-1767] INFO  impl.RoleInfo (RoleInfo.java:updateAndGet(143)) - 624bc23a-26d8-413d-a9ad-b038ba4eb8c0: start LeaderElection
2020-07-02 19:47:49,670 [624bc23a-26d8-413d-a9ad-b038ba4eb8c0@group-ADA67ADC91AC-LeaderElection66] INFO  impl.LeaderElection (LeaderElection.java:askForVotes(206)) - 624bc23a-26d8-413d-a9ad-b038ba4eb8c0@group-ADA67ADC91AC-LeaderElection66: begin an election at term 2 for -1: [7640c2d1-a09c-4516-81ed-c198f8abcf65:172.17.0.2:40749, e1aceb7c-da99-4a3c-9205-ba6aed5f5e4d:172.17.0.2:39317, 624bc23a-26d8-413d-a9ad-b038ba4eb8c0:172.17.0.2:32845], old=null
2020-07-02 19:47:49,679 [grpc-default-executor-2] DEBUG impl.RaftServerImpl (RaftServerImpl.java:requestVote(821)) - e1aceb7c-da99-4a3c-9205-ba6aed5f5e4d@group-ADA67ADC91AC: receive requestVote(624bc23a-26d8-413d-a9ad-b038ba4eb8c0, group-ADA67ADC91AC, 2, (t:0, i:0))
2020-07-02 19:47:49,679 [grpc-default-executor-2] INFO  impl.RaftServerImpl (RaftServerImpl.java:setRole(175)) - e1aceb7c-da99-4a3c-9205-ba6aed5f5e4d@group-ADA67ADC91AC: changes role from  FOLLOWER to FOLLOWER at term 2 for recognizeCandidate:624bc23a-26d8-413d-a9ad-b038ba4eb8c0
2020-07-02 19:47:49,679 [grpc-default-executor-2] INFO  impl.RoleInfo (RoleInfo.java:shutdownFollowerState(121)) - e1aceb7c-da99-4a3c-9205-ba6aed5f5e4d: shutdown FollowerState
2020-07-02 19:47:49,679 [grpc-default-executor-2] INFO  impl.RoleInfo (RoleInfo.java:updateAndGet(143)) - e1aceb7c-da99-4a3c-9205-ba6aed5f5e4d: start FollowerState
2020-07-02 19:47:49,679 [Thread-1764] INFO  impl.FollowerState (FollowerState.java:run(117)) - e1aceb7c-da99-4a3c-9205-ba6aed5f5e4d@group-ADA67ADC91AC-FollowerState was interrupted: java.lang.InterruptedException: sleep interrupted
2020-07-02 19:47:49,680 [grpc-default-executor-0] DEBUG impl.RaftServerImpl (RaftServerImpl.java:requestVote(821)) - 7640c2d1-a09c-4516-81ed-c198f8abcf65@group-ADA67ADC91AC: receive requestVote(624bc23a-26d8-413d-a9ad-b038ba4eb8c0, group-ADA67ADC91AC, 2, (t:0, i:0))
2020-07-02 19:47:49,680 [grpc-default-executor-0] INFO  impl.RaftServerImpl (RaftServerImpl.java:setRole(175)) - 7640c2d1-a09c-4516-81ed-c198f8abcf65@group-ADA67ADC91AC: changes role from  FOLLOWER to FOLLOWER at term 2 for recognizeCandidate:624bc23a-26d8-413d-a9ad-b038ba4eb8c0
2020-07-02 19:47:49,680 [grpc-default-executor-0] INFO  impl.RoleInfo (RoleInfo.java:shutdownFollowerState(121)) - 7640c2d1-a09c-4516-81ed-c198f8abcf65: shutdown FollowerState
2020-07-02 19:47:49,680 [grpc-default-executor-0] INFO  impl.RoleInfo (RoleInfo.java:updateAndGet(143)) - 7640c2d1-a09c-4516-81ed-c198f8abcf65: start FollowerState
2020-07-02 19:47:49,680 [Thread-1765] INFO  impl.FollowerState (FollowerState.java:run(117)) - 7640c2d1-a09c-4516-81ed-c198f8abcf65@group-ADA67ADC91AC-FollowerState was interrupted: java.lang.InterruptedException: sleep interrupted
2020-07-02 19:47:49,681 [grpc-default-executor-2] DEBUG impl.RaftServerImpl (RaftServerImpl.java:requestVote(853)) - e1aceb7c-da99-4a3c-9205-ba6aed5f5e4d@group-ADA67ADC91AC replies to vote request: 624bc23a-26d8-413d-a9ad-b038ba4eb8c0<-e1aceb7c-da99-4a3c-9205-ba6aed5f5e4d#0:OK-t2. Peer's state: e1aceb7c-da99-4a3c-9205-ba6aed5f5e4d@group-ADA67ADC91AC:t2, leader=null, voted=624bc23a-26d8-413d-a9ad-b038ba4eb8c0, raftlog=e1aceb7c-da99-4a3c-9205-ba6aed5f5e4d@group-ADA67ADC91AC-SegmentedRaftLog:OPENED:c-1,f-1,i0, conf=-1: [7640c2d1-a09c-4516-81ed-c198f8abcf65:172.17.0.2:40749, e1aceb7c-da99-4a3c-9205-ba6aed5f5e4d:172.17.0.2:39317, 624bc23a-26d8-413d-a9ad-b038ba4eb8c0:172.17.0.2:32845], old=null
2020-07-02 19:47:49,682 [624bc23a-26d8-413d-a9ad-b038ba4eb8c0@group-ADA67ADC91AC-LeaderElection66] INFO  impl.LeaderElection (LeaderElection.java:logAndReturn(61)) - 624bc23a-26d8-413d-a9ad-b038ba4eb8c0@group-ADA67ADC91AC-LeaderElection66: Election PASSED; received 1 response(s) [624bc23a-26d8-413d-a9ad-b038ba4eb8c0<-e1aceb7c-da99-4a3c-9205-ba6aed5f5e4d#0:OK-t2] and 0 exception(s); 624bc23a-26d8-413d-a9ad-b038ba4eb8c0@group-ADA67ADC91AC:t2, leader=null, voted=624bc23a-26d8-413d-a9ad-b038ba4eb8c0, raftlog=624bc23a-26d8-413d-a9ad-b038ba4eb8c0@group-ADA67ADC91AC-SegmentedRaftLog:OPENED:c-1,f-1,i0, conf=-1: [7640c2d1-a09c-4516-81ed-c198f8abcf65:172.17.0.2:40749, e1aceb7c-da99-4a3c-9205-ba6aed5f5e4d:172.17.0.2:39317, 624bc23a-26d8-413d-a9ad-b038ba4eb8c0:172.17.0.2:32845], old=null
2020-07-02 19:47:49,682 [grpc-default-executor-0] DEBUG impl.RaftServerImpl (RaftServerImpl.java:requestVote(853)) - 7640c2d1-a09c-4516-81ed-c198f8abcf65@group-ADA67ADC91AC replies to vote request: 624bc23a-26d8-413d-a9ad-b038ba4eb8c0<-7640c2d1-a09c-4516-81ed-c198f8abcf65#0:OK-t2. Peer's state: 7640c2d1-a09c-4516-81ed-c198f8abcf65@group-ADA67ADC91AC:t2, leader=null, voted=624bc23a-26d8-413d-a9ad-b038ba4eb8c0, raftlog=7640c2d1-a09c-4516-81ed-c198f8abcf65@group-ADA67ADC91AC-SegmentedRaftLog:OPENED:c-1,f-1,i0, conf=-1: [7640c2d1-a09c-4516-81ed-c198f8abcf65:172.17.0.2:40749, e1aceb7c-da99-4a3c-9205-ba6aed5f5e4d:172.17.0.2:39317, 624bc23a-26d8-413d-a9ad-b038ba4eb8c0:172.17.0.2:32845], old=null
2020-07-02 19:47:49,682 [624bc23a-26d8-413d-a9ad-b038ba4eb8c0@group-ADA67ADC91AC-LeaderElection66] INFO  impl.RoleInfo (RoleInfo.java:shutdownLeaderElection(134)) - 624bc23a-26d8-413d-a9ad-b038ba4eb8c0: shutdown LeaderElection
2020-07-02 19:47:49,683 [624bc23a-26d8-413d-a9ad-b038ba4eb8c0@group-ADA67ADC91AC-LeaderElection66] INFO  impl.RaftServerImpl (RaftServerImpl.java:setRole(175)) - 624bc23a-26d8-413d-a9ad-b038ba4eb8c0@group-ADA67ADC91AC: changes role from CANDIDATE to LEADER at term 2 for changeToLeader
2020-07-02 19:47:49,683 [624bc23a-26d8-413d-a9ad-b038ba4eb8c0@group-ADA67ADC91AC-LeaderElection66] INFO  ratis.XceiverServerRatis (XceiverServerRatis.java:handleLeaderChangedNotification(762)) - Leader change notification received for group: group-ADA67ADC91AC with new leaderId: 624bc23a-26d8-413d-a9ad-b038ba4eb8c0
2020-07-02 19:47:49,684 [624bc23a-26d8-413d-a9ad-b038ba4eb8c0@group-ADA67ADC91AC-LeaderElection66] INFO  impl.RaftServerImpl (ServerState.java:setLeader(255)) - 624bc23a-26d8-413d-a9ad-b038ba4eb8c0@group-ADA67ADC91AC: change Leader from null to 624bc23a-26d8-413d-a9ad-b038ba4eb8c0 at term 2 for becomeLeader, leader elected after 10294ms
2020-07-02 19:47:49,684 [624bc23a-26d8-413d-a9ad-b038ba4eb8c0@group-ADA67ADC91AC-LeaderElection66] INFO  server.RaftServerConfigKeys (ConfUtils.java:logGet(44)) - raft.server.staging.catchup.gap = 1000 (default)
2020-07-02 19:47:49,684 [624bc23a-26d8-413d-a9ad-b038ba4eb8c0@group-ADA67ADC91AC-LeaderElection66] INFO  server.RaftServerConfigKeys (ConfUtils.java:logGet(44)) - raft.server.rpc.sleep.time = 25ms (default)
2020-07-02 19:47:49,684 [624bc23a-26d8-413d-a9ad-b038ba4eb8c0@group-ADA67ADC91AC-LeaderElection66] INFO  metrics.RatisMetrics (RatisMetrics.java:lambda$create$0(36)) - Creating Metrics Registry : ratis.log_appender.624bc23a-26d8-413d-a9ad-b038ba4eb8c0@group-ADA67ADC91AC
2020-07-02 19:47:49,684 [624bc23a-26d8-413d-a9ad-b038ba4eb8c0@group-ADA67ADC91AC-LeaderElection66] INFO  server.RaftServerConfigKeys (ConfUtils.java:logGet(44)) - raft.server.write.element-limit = 1024 (custom)
2020-07-02 19:47:49,684 [624bc23a-26d8-413d-a9ad-b038ba4eb8c0@group-ADA67ADC91AC-LeaderElection66] INFO  server.RaftServerConfigKeys (ConfUtils.java:logGet(44)) - raft.server.write.byte-limit = 1073741824 (custom)
2020-07-02 19:47:49,685 [624bc23a-26d8-413d-a9ad-b038ba4eb8c0@group-ADA67ADC91AC-LeaderElection66] INFO  server.RaftServerConfigKeys (ConfUtils.java:logGet(44)) - raft.server.watch.timeout = 3000ms (custom)
2020-07-02 19:47:49,685 [624bc23a-26d8-413d-a9ad-b038ba4eb8c0@group-ADA67ADC91AC-LeaderElection66] INFO  server.RaftServerConfigKeys (ConfUtils.java:logGet(44)) - raft.server.watch.timeout.denomination = 1s (default)
2020-07-02 19:47:49,685 [624bc23a-26d8-413d-a9ad-b038ba4eb8c0@group-ADA67ADC91AC-LeaderElection66] INFO  server.RaftServerConfigKeys (ConfUtils.java:logGet(44)) - raft.server.watch.element-limit = 65536 (default)
2020-07-02 19:47:49,685 [624bc23a-26d8-413d-a9ad-b038ba4eb8c0@group-ADA67ADC91AC-LeaderElection66] INFO  server.RaftServerConfigKeys (ConfUtils.java:logGet(44)) - raft.server.log.appender.snapshot.chunk.size.max = 16MB (=16777216) (default)
2020-07-02 19:47:49,685 [624bc23a-26d8-413d-a9ad-b038ba4eb8c0@group-ADA67ADC91AC-LeaderElection66] INFO  server.RaftServerConfigKeys (ConfUtils.java:logGet(44)) - raft.server.log.appender.buffer.byte-limit = 33554432 (custom)
2020-07-02 19:47:49,685 [624bc23a-26d8-413d-a9ad-b038ba4eb8c0@group-ADA67ADC91AC-LeaderElection66] INFO  server.RaftServerConfigKeys (ConfUtils.java:logGet(44)) - raft.server.log.appender.buffer.element-limit = 1 (custom)
2020-07-02 19:47:49,685 [624bc23a-26d8-413d-a9ad-b038ba4eb8c0@group-ADA67ADC91AC-LeaderElection66] INFO  grpc.GrpcConfigKeys (ConfUtils.java:logGet(44)) - raft.grpc.server.leader.outstanding.appends.max = 128 (default)
2020-07-02 19:47:49,685 [624bc23a-26d8-413d-a9ad-b038ba4eb8c0@group-ADA67ADC91AC-LeaderElection66] INFO  server.RaftServerConfigKeys (ConfUtils.java:logGet(44)) - raft.server.rpc.request.timeout = 3000ms (default)
2020-07-02 19:47:49,685 [624bc23a-26d8-413d-a9ad-b038ba4eb8c0@group-ADA67ADC91AC-LeaderElection66] INFO  server.RaftServerConfigKeys (ConfUtils.java:logGet(44)) - raft.server.log.appender.install.snapshot.enabled = false (custom)
2020-07-02 19:47:49,685 [624bc23a-26d8-413d-a9ad-b038ba4eb8c0@group-ADA67ADC91AC-LeaderElection66] INFO  metrics.RatisMetrics (RatisMetrics.java:lambda$create$0(36)) - Creating Metrics Registry : ratis_grpc.log_appender.624bc23a-26d8-413d-a9ad-b038ba4eb8c0@group-ADA67ADC91AC
2020-07-02 19:47:49,687 [624bc23a-26d8-413d-a9ad-b038ba4eb8c0@group-ADA67ADC91AC-LeaderElection66] INFO  server.RaftServerConfigKeys (ConfUtils.java:logGet(44)) - raft.server.log.appender.snapshot.chunk.size.max = 16MB (=16777216) (default)
2020-07-02 19:47:49,687 [624bc23a-26d8-413d-a9ad-b038ba4eb8c0@group-ADA67ADC91AC-LeaderElection66] INFO  server.RaftServerConfigKeys (ConfUtils.java:logGet(44)) - raft.server.log.appender.buffer.byte-limit = 33554432 (custom)
2020-07-02 19:47:49,687 [624bc23a-26d8-413d-a9ad-b038ba4eb8c0@group-ADA67ADC91AC-LeaderElection66] INFO  server.RaftServerConfigKeys (ConfUtils.java:logGet(44)) - raft.server.log.appender.buffer.element-limit = 1 (custom)
2020-07-02 19:47:49,687 [624bc23a-26d8-413d-a9ad-b038ba4eb8c0@group-ADA67ADC91AC-LeaderElection66] INFO  grpc.GrpcConfigKeys (ConfUtils.java:logGet(44)) - raft.grpc.server.leader.outstanding.appends.max = 128 (default)
2020-07-02 19:47:49,688 [624bc23a-26d8-413d-a9ad-b038ba4eb8c0@group-ADA67ADC91AC-LeaderElection66] INFO  server.RaftServerConfigKeys (ConfUtils.java:logGet(44)) - raft.server.rpc.request.timeout = 3000ms (default)
2020-07-02 19:47:49,688 [624bc23a-26d8-413d-a9ad-b038ba4eb8c0@group-ADA67ADC91AC-LeaderElection66] INFO  server.RaftServerConfigKeys (ConfUtils.java:logGet(44)) - raft.server.log.appender.install.snapshot.enabled = false (custom)
2020-07-02 19:47:49,689 [624bc23a-26d8-413d-a9ad-b038ba4eb8c0@group-ADA67ADC91AC-LeaderElection66] INFO  impl.RoleInfo (RoleInfo.java:updateAndGet(143)) - 624bc23a-26d8-413d-a9ad-b038ba4eb8c0: start LeaderState
2020-07-02 19:47:49,690 [EventQueue-PipelineReportForPipelineReportHandler] INFO  pipeline.PipelineStateManager (PipelineStateManager.java:openPipeline(131)) - Pipeline Pipeline[ Id: 89fa634c-6c32-4d85-96f8-ada67adc91ac, Nodes: 7640c2d1-a09c-4516-81ed-c198f8abcf65{ip: 172.17.0.2, host: 88424e9b97c1, networkLocation: /default-rack, certSerialId: null}e1aceb7c-da99-4a3c-9205-ba6aed5f5e4d{ip: 172.17.0.2, host: 88424e9b97c1, networkLocation: /default-rack, certSerialId: null}624bc23a-26d8-413d-a9ad-b038ba4eb8c0{ip: 172.17.0.2, host: 88424e9b97c1, networkLocation: /default-rack, certSerialId: null}, Type:RATIS, Factor:THREE, State:ALLOCATED, leaderId:624bc23a-26d8-413d-a9ad-b038ba4eb8c0, CreationTimestamp2020-07-02T19:47:36.408Z] moved to OPEN state
2020-07-02 19:47:49,690 [624bc23a-26d8-413d-a9ad-b038ba4eb8c0@group-ADA67ADC91AC-LeaderElection66] INFO  segmented.SegmentedRaftLogWorker (SegmentedRaftLogWorker.java:startLogSegment(397)) - 624bc23a-26d8-413d-a9ad-b038ba4eb8c0@group-ADA67ADC91AC-SegmentedRaftLogWorker: Starting segment from index:0
2020-07-02 19:47:49,692 [624bc23a-26d8-413d-a9ad-b038ba4eb8c0@group-ADA67ADC91AC-LeaderElection66] INFO  impl.RaftServerImpl (ServerState.java:setRaftConf(356)) - 624bc23a-26d8-413d-a9ad-b038ba4eb8c0@group-ADA67ADC91AC: set configuration 0: [7640c2d1-a09c-4516-81ed-c198f8abcf65:172.17.0.2:40749, e1aceb7c-da99-4a3c-9205-ba6aed5f5e4d:172.17.0.2:39317, 624bc23a-26d8-413d-a9ad-b038ba4eb8c0:172.17.0.2:32845], old=null at 0
2020-07-02 19:47:49,692 [624bc23a-26d8-413d-a9ad-b038ba4eb8c0@group-ADA67ADC91AC-SegmentedRaftLogWorker] INFO  segmented.SegmentedRaftLogWorker (SegmentedRaftLogWorker.java:execute(596)) - 624bc23a-26d8-413d-a9ad-b038ba4eb8c0@group-ADA67ADC91AC-SegmentedRaftLogWorker: created new log segment /github/workspace/mnt/ozone/hadoop-ozone/integration-test/target/test-dir/MiniOzoneClusterImpl-47077420-a86b-4566-b2ce-9fb6a30396ee/datanode-1/data/ratis/89fa634c-6c32-4d85-96f8-ada67adc91ac/current/log_inprogress_0
2020-07-02 19:47:49,706 [grpc-default-executor-2] INFO  ratis.XceiverServerRatis (XceiverServerRatis.java:handleLeaderChangedNotification(762)) - Leader change notification received for group: group-ADA67ADC91AC with new leaderId: 624bc23a-26d8-413d-a9ad-b038ba4eb8c0
2020-07-02 19:47:49,707 [grpc-default-executor-2] INFO  impl.RaftServerImpl (ServerState.java:setLeader(255)) - e1aceb7c-da99-4a3c-9205-ba6aed5f5e4d@group-ADA67ADC91AC: change Leader from null to 624bc23a-26d8-413d-a9ad-b038ba4eb8c0 at term 2 for appendEntries, leader elected after 10372ms
2020-07-02 19:47:49,708 [grpc-default-executor-8] INFO  ratis.XceiverServerRatis (XceiverServerRatis.java:handleLeaderChangedNotification(762)) - Leader change notification received for group: group-ADA67ADC91AC with new leaderId: 624bc23a-26d8-413d-a9ad-b038ba4eb8c0
2020-07-02 19:47:49,708 [grpc-default-executor-8] INFO  impl.RaftServerImpl (ServerState.java:setLeader(255)) - 7640c2d1-a09c-4516-81ed-c198f8abcf65@group-ADA67ADC91AC: change Leader from null to 624bc23a-26d8-413d-a9ad-b038ba4eb8c0 at term 2 for appendEntries, leader elected after 10354ms
2020-07-02 19:47:49,718 [grpc-default-executor-0] DEBUG server.GrpcLogAppender (GrpcLogAppender.java:onNext(257)) - 624bc23a-26d8-413d-a9ad-b038ba4eb8c0@group-ADA67ADC91AC->7640c2d1-a09c-4516-81ed-c198f8abcf65-AppendLogResponseHandler: received the first reply 624bc23a-26d8-413d-a9ad-b038ba4eb8c0<-7640c2d1-a09c-4516-81ed-c198f8abcf65#0:OK,SUCCESS,nextIndex:0,term:2,followerCommit:-1, request=AppendEntriesRequest:cid=0,entriesCount=0,lastEntry=null
2020-07-02 19:47:49,718 [grpc-default-executor-8] DEBUG impl.RaftServerImpl (RaftServerImpl.java:logAppendEntries(928)) - 7640c2d1-a09c-4516-81ed-c198f8abcf65@group-ADA67ADC91AC: receive appendEntries(624bc23a-26d8-413d-a9ad-b038ba4eb8c0, 2, null, 0, false, commits[624bc23a-26d8-413d-a9ad-b038ba4eb8c0:c0, 7640c2d1-a09c-4516-81ed-c198f8abcf65:c-1, e1aceb7c-da99-4a3c-9205-ba6aed5f5e4d:c-1], entries: (t:2, i:0), CONFIGURATIONENTRY
2020-07-02 19:47:49,718 [grpc-default-executor-2] DEBUG server.GrpcLogAppender (GrpcLogAppender.java:onNext(257)) - 624bc23a-26d8-413d-a9ad-b038ba4eb8c0@group-ADA67ADC91AC->e1aceb7c-da99-4a3c-9205-ba6aed5f5e4d-AppendLogResponseHandler: received the first reply 624bc23a-26d8-413d-a9ad-b038ba4eb8c0<-e1aceb7c-da99-4a3c-9205-ba6aed5f5e4d#0:OK,SUCCESS,nextIndex:0,term:2,followerCommit:-1, request=AppendEntriesRequest:cid=0,entriesCount=0,lastEntry=null
2020-07-02 19:47:49,720 [grpc-default-executor-8] INFO  impl.RaftServerImpl (ServerState.java:setRaftConf(356)) - 7640c2d1-a09c-4516-81ed-c198f8abcf65@group-ADA67ADC91AC: set configuration 0: [7640c2d1-a09c-4516-81ed-c198f8abcf65:172.17.0.2:40749, e1aceb7c-da99-4a3c-9205-ba6aed5f5e4d:172.17.0.2:39317, 624bc23a-26d8-413d-a9ad-b038ba4eb8c0:172.17.0.2:32845], old=null at 0
2020-07-02 19:47:49,720 [grpc-default-executor-8] INFO  segmented.SegmentedRaftLogWorker (SegmentedRaftLogWorker.java:startLogSegment(397)) - 7640c2d1-a09c-4516-81ed-c198f8abcf65@group-ADA67ADC91AC-SegmentedRaftLogWorker: Starting segment from index:0
2020-07-02 19:47:49,722 [7640c2d1-a09c-4516-81ed-c198f8abcf65@group-ADA67ADC91AC-SegmentedRaftLogWorker] INFO  segmented.SegmentedRaftLogWorker (SegmentedRaftLogWorker.java:execute(596)) - 7640c2d1-a09c-4516-81ed-c198f8abcf65@group-ADA67ADC91AC-SegmentedRaftLogWorker: created new log segment /github/workspace/mnt/ozone/hadoop-ozone/integration-test/target/test-dir/MiniOzoneClusterImpl-47077420-a86b-4566-b2ce-9fb6a30396ee/datanode-2/data/ratis/89fa634c-6c32-4d85-96f8-ada67adc91ac/current/log_inprogress_0
2020-07-02 19:47:49,723 [grpc-default-executor-2] DEBUG impl.RaftServerImpl (RaftServerImpl.java:logAppendEntries(928)) - e1aceb7c-da99-4a3c-9205-ba6aed5f5e4d@group-ADA67ADC91AC: receive appendEntries(624bc23a-26d8-413d-a9ad-b038ba4eb8c0, 2, null, 0, false, commits[624bc23a-26d8-413d-a9ad-b038ba4eb8c0:c0, 7640c2d1-a09c-4516-81ed-c198f8abcf65:c-1, e1aceb7c-da99-4a3c-9205-ba6aed5f5e4d:c-1], entries: (t:2, i:0), CONFIGURATIONENTRY
2020-07-02 19:47:49,723 [grpc-default-executor-2] INFO  impl.RaftServerImpl (ServerState.java:setRaftConf(356)) - e1aceb7c-da99-4a3c-9205-ba6aed5f5e4d@group-ADA67ADC91AC: set configuration 0: [7640c2d1-a09c-4516-81ed-c198f8abcf65:172.17.0.2:40749, e1aceb7c-da99-4a3c-9205-ba6aed5f5e4d:172.17.0.2:39317, 624bc23a-26d8-413d-a9ad-b038ba4eb8c0:172.17.0.2:32845], old=null at 0
2020-07-02 19:47:49,724 [grpc-default-executor-2] INFO  segmented.SegmentedRaftLogWorker (SegmentedRaftLogWorker.java:startLogSegment(397)) - e1aceb7c-da99-4a3c-9205-ba6aed5f5e4d@group-ADA67ADC91AC-SegmentedRaftLogWorker: Starting segment from index:0
2020-07-02 19:47:49,725 [e1aceb7c-da99-4a3c-9205-ba6aed5f5e4d@group-ADA67ADC91AC-SegmentedRaftLogWorker] INFO  segmented.SegmentedRaftLogWorker (SegmentedRaftLogWorker.java:execute(596)) - e1aceb7c-da99-4a3c-9205-ba6aed5f5e4d@group-ADA67ADC91AC-SegmentedRaftLogWorker: created new log segment /github/workspace/mnt/ozone/hadoop-ozone/integration-test/target/test-dir/MiniOzoneClusterImpl-47077420-a86b-4566-b2ce-9fb6a30396ee/datanode-0/data/ratis/89fa634c-6c32-4d85-96f8-ada67adc91ac/current/log_inprogress_0
2020-07-02 19:47:49,729 [Thread-1834] DEBUG impl.RaftServerImpl (RaftServerImpl.java:logAppendEntries(928)) - e1aceb7c-da99-4a3c-9205-ba6aed5f5e4d@group-ADA67ADC91AC: succeeded to handle AppendEntries. Reply: 624bc23a-26d8-413d-a9ad-b038ba4eb8c0<-e1aceb7c-da99-4a3c-9205-ba6aed5f5e4d#1:OK,SUCCESS,nextIndex:1,term:2,followerCommit:0
2020-07-02 19:47:49,731 [grpc-default-executor-2] DEBUG server.GrpcLogAppender (GrpcLogAppender.java:onNext(257)) - 624bc23a-26d8-413d-a9ad-b038ba4eb8c0@group-ADA67ADC91AC->e1aceb7c-da99-4a3c-9205-ba6aed5f5e4d-AppendLogResponseHandler: received a reply 624bc23a-26d8-413d-a9ad-b038ba4eb8c0<-e1aceb7c-da99-4a3c-9205-ba6aed5f5e4d#1:OK,SUCCESS,nextIndex:1,term:2,followerCommit:0, request=AppendEntriesRequest:cid=1,entriesCount=1,lastEntry=(t:2, i:0)
2020-07-02 19:47:49,731 [Thread-1833] DEBUG impl.RaftServerImpl (RaftServerImpl.java:logAppendEntries(928)) - 7640c2d1-a09c-4516-81ed-c198f8abcf65@group-ADA67ADC91AC: succeeded to handle AppendEntries. Reply: 624bc23a-26d8-413d-a9ad-b038ba4eb8c0<-7640c2d1-a09c-4516-81ed-c198f8abcf65#1:OK,SUCCESS,nextIndex:1,term:2,followerCommit:0
2020-07-02 19:47:49,732 [grpc-default-executor-2] DEBUG server.GrpcLogAppender (GrpcLogAppender.java:onNext(257)) - 624bc23a-26d8-413d-a9ad-b038ba4eb8c0@group-ADA67ADC91AC->7640c2d1-a09c-4516-81ed-c198f8abcf65-AppendLogResponseHandler: received a reply 624bc23a-26d8-413d-a9ad-b038ba4eb8c0<-7640c2d1-a09c-4516-81ed-c198f8abcf65#1:OK,SUCCESS,nextIndex:1,term:2,followerCommit:0, request=AppendEntriesRequest:cid=1,entriesCount=1,lastEntry=(t:2, i:0)
2020-07-02 19:47:49,804 [grpc-default-executor-2] DEBUG server.GrpcLogAppender (GrpcLogAppender.java:onNext(257)) - 31b30001-c6bc-41c4-8b5d-b541ce032758@group-18AB17D9DAF3->9477b405-238c-48d3-b137-1691fefbdcbe-AppendLogResponseHandler: received a reply 31b30001-c6bc-41c4-8b5d-b541ce032758<-9477b405-238c-48d3-b137-1691fefbdcbe#5:OK,SUCCESS,nextIndex:3,term:1,followerCommit:2, request=AppendEntriesRequest:cid=5,entriesCount=0,lastEntry=null
2020-07-02 19:47:49,818 [grpc-default-executor-2] DEBUG server.GrpcLogAppender (GrpcLogAppender.java:onNext(257)) - 31b30001-c6bc-41c4-8b5d-b541ce032758@group-18AB17D9DAF3->0b60331c-5e1c-4a80-9807-96a116b38597-AppendLogResponseHandler: received a reply 31b30001-c6bc-41c4-8b5d-b541ce032758<-0b60331c-5e1c-4a80-9807-96a116b38597#5:OK,SUCCESS,nextIndex:3,term:1,followerCommit:2, request=AppendEntriesRequest:cid=5,entriesCount=0,lastEntry=null
2020-07-02 19:47:49,909 [ForkJoinPool.commonPool-worker-1] INFO  ozoneimpl.OzoneContainer (OzoneContainer.java:stop(246)) - Attempting to stop container services.
2020-07-02 19:47:49,909 [Listener at 127.0.0.1/43161] INFO  ozoneimpl.OzoneContainer (OzoneContainer.java:stop(246)) - Attempting to stop container services.
2020-07-02 19:47:49,909 [ForkJoinPool.commonPool-worker-1] INFO  impl.RaftServerProxy (RaftServerProxy.java:lambda$close$4(319)) - 7640c2d1-a09c-4516-81ed-c198f8abcf65: close
2020-07-02 19:47:49,909 [Listener at 127.0.0.1/43161] INFO  impl.RaftServerProxy (RaftServerProxy.java:lambda$close$4(319)) - 9477b405-238c-48d3-b137-1691fefbdcbe: close
2020-07-02 19:47:49,909 [ForkJoinPool.commonPool-worker-1] INFO  impl.RaftServerImpl (RaftServerImpl.java:lambda$shutdown$3(252)) - 7640c2d1-a09c-4516-81ed-c198f8abcf65@group-D6532DCE90D3: shutdown
2020-07-02 19:47:49,910 [ForkJoinPool.commonPool-worker-1] INFO  util.JmxRegister (JmxRegister.java:unregister(73)) - Successfully un-registered JMX Bean with object name Ratis:service=RaftServer,group=group-D6532DCE90D3,id=7640c2d1-a09c-4516-81ed-c198f8abcf65
2020-07-02 19:47:49,910 [ForkJoinPool.commonPool-worker-1] INFO  impl.RoleInfo (RoleInfo.java:shutdownLeaderState(104)) - 7640c2d1-a09c-4516-81ed-c198f8abcf65: shutdown LeaderState
2020-07-02 19:47:49,910 [Listener at 127.0.0.1/43161] INFO  impl.RaftServerImpl (RaftServerImpl.java:lambda$shutdown$3(252)) - 9477b405-238c-48d3-b137-1691fefbdcbe@group-798A781614CD: shutdown
2020-07-02 19:47:49,910 [Listener at 127.0.0.1/43161] INFO  util.JmxRegister (JmxRegister.java:unregister(73)) - Successfully un-registered JMX Bean with object name Ratis:service=RaftServer,group=group-798A781614CD,id=9477b405-238c-48d3-b137-1691fefbdcbe
2020-07-02 19:47:49,910 [Listener at 127.0.0.1/43161] INFO  impl.RoleInfo (RoleInfo.java:shutdownLeaderState(104)) - 9477b405-238c-48d3-b137-1691fefbdcbe: shutdown LeaderState
2020-07-02 19:47:49,910 [ForkJoinPool.commonPool-worker-1] INFO  impl.PendingRequests (PendingRequests.java:sendNotLeaderResponses(249)) - 7640c2d1-a09c-4516-81ed-c198f8abcf65@group-D6532DCE90D3-PendingRequests: sendNotLeaderResponses
2020-07-02 19:47:49,911 [ForkJoinPool.commonPool-worker-1] INFO  metrics.RatisMetrics (RatisMetrics.java:unregister(43)) - Unregistering Metrics Registry : ratis.log_appender.7640c2d1-a09c-4516-81ed-c198f8abcf65@group-D6532DCE90D3
2020-07-02 19:47:49,911 [Listener at 127.0.0.1/43161] INFO  impl.PendingRequests (PendingRequests.java:sendNotLeaderResponses(249)) - 9477b405-238c-48d3-b137-1691fefbdcbe@group-798A781614CD-PendingRequests: sendNotLeaderResponses
2020-07-02 19:47:49,911 [Listener at 127.0.0.1/43161] INFO  metrics.RatisMetrics (RatisMetrics.java:unregister(43)) - Unregistering Metrics Registry : ratis.log_appender.9477b405-238c-48d3-b137-1691fefbdcbe@group-798A781614CD
2020-07-02 19:47:49,911 [ForkJoinPool.commonPool-worker-1] INFO  metrics.RatisMetrics (RatisMetrics.java:unregister(43)) - Unregistering Metrics Registry : ratis.server.7640c2d1-a09c-4516-81ed-c198f8abcf65@group-D6532DCE90D3
2020-07-02 19:47:49,911 [Listener at 127.0.0.1/43161] INFO  metrics.RatisMetrics (RatisMetrics.java:unregister(43)) - Unregistering Metrics Registry : ratis.server.9477b405-238c-48d3-b137-1691fefbdcbe@group-798A781614CD
2020-07-02 19:47:49,912 [ForkJoinPool.commonPool-worker-1] INFO  impl.StateMachineUpdater (StateMachineUpdater.java:stopAndJoin(142)) - 7640c2d1-a09c-4516-81ed-c198f8abcf65@group-D6532DCE90D3-StateMachineUpdater: set stopIndex = 0
2020-07-02 19:47:49,913 [7640c2d1-a09c-4516-81ed-c198f8abcf65@group-D6532DCE90D3-StateMachineUpdater] INFO  ratis.ContainerStateMachine (ContainerStateMachine.java:takeSnapshot(293)) - group-D6532DCE90D3: Taking a snapshot at:(t:1, i:0) file /github/workspace/mnt/ozone/hadoop-ozone/integration-test/target/test-dir/MiniOzoneClusterImpl-47077420-a86b-4566-b2ce-9fb6a30396ee/datanode-2/data/ratis/c54d6f14-a798-45d2-b75c-d6532dce90d3/sm/snapshot.1_0
2020-07-02 19:47:49,913 [Listener at 127.0.0.1/43161] INFO  impl.StateMachineUpdater (StateMachineUpdater.java:stopAndJoin(142)) - 9477b405-238c-48d3-b137-1691fefbdcbe@group-798A781614CD-StateMachineUpdater: set stopIndex = 0
2020-07-02 19:47:49,914 [9477b405-238c-48d3-b137-1691fefbdcbe@group-798A781614CD-StateMachineUpdater] INFO  ratis.ContainerStateMachine (ContainerStateMachine.java:takeSnapshot(293)) - group-798A781614CD: Taking a snapshot at:(t:1, i:0) file /github/workspace/mnt/ozone/hadoop-ozone/integration-test/target/test-dir/MiniOzoneClusterImpl-47077420-a86b-4566-b2ce-9fb6a30396ee/datanode-4/data/ratis/cdcab39c-fac5-4f85-9da5-798a781614cd/sm/snapshot.1_0
2020-07-02 19:47:49,914 [7640c2d1-a09c-4516-81ed-c198f8abcf65@group-D6532DCE90D3-StateMachineUpdater] INFO  ratis.ContainerStateMachine (ContainerStateMachine.java:takeSnapshot(304)) - group-D6532DCE90D3: Finished taking a snapshot at:(t:1, i:0) file:/github/workspace/mnt/ozone/hadoop-ozone/integration-test/target/test-dir/MiniOzoneClusterImpl-47077420-a86b-4566-b2ce-9fb6a30396ee/datanode-2/data/ratis/c54d6f14-a798-45d2-b75c-d6532dce90d3/sm/snapshot.1_0 time:1
2020-07-02 19:47:49,914 [7640c2d1-a09c-4516-81ed-c198f8abcf65@group-D6532DCE90D3-StateMachineUpdater] INFO  impl.StateMachineUpdater (StateMachineUpdater.java:takeSnapshot(277)) - 7640c2d1-a09c-4516-81ed-c198f8abcf65@group-D6532DCE90D3-StateMachineUpdater: Took a snapshot at index 0
2020-07-02 19:47:49,914 [7640c2d1-a09c-4516-81ed-c198f8abcf65@group-D6532DCE90D3-StateMachineUpdater] INFO  impl.StateMachineUpdater (StateMachineUpdater.java:lambda$new$0(87)) - 7640c2d1-a09c-4516-81ed-c198f8abcf65@group-D6532DCE90D3-StateMachineUpdater: snapshotIndex: updateIncreasingly -1 -> 0
2020-07-02 19:47:49,914 [7640c2d1-a09c-4516-81ed-c198f8abcf65@group-D6532DCE90D3-StateMachineUpdater] INFO  metrics.RatisMetrics (RatisMetrics.java:unregister(43)) - Unregistering Metrics Registry : ratis.state_machine.7640c2d1-a09c-4516-81ed-c198f8abcf65@group-D6532DCE90D3
2020-07-02 19:47:49,914 [9477b405-238c-48d3-b137-1691fefbdcbe@group-798A781614CD-StateMachineUpdater] INFO  ratis.ContainerStateMachine (ContainerStateMachine.java:takeSnapshot(304)) - group-798A781614CD: Finished taking a snapshot at:(t:1, i:0) file:/github/workspace/mnt/ozone/hadoop-ozone/integration-test/target/test-dir/MiniOzoneClusterImpl-47077420-a86b-4566-b2ce-9fb6a30396ee/datanode-4/data/ratis/cdcab39c-fac5-4f85-9da5-798a781614cd/sm/snapshot.1_0 time:0
2020-07-02 19:47:49,914 [ForkJoinPool.commonPool-worker-1] INFO  impl.RaftServerImpl (ServerState.java:close(387)) - 7640c2d1-a09c-4516-81ed-c198f8abcf65@group-D6532DCE90D3: closes. applyIndex: 0
2020-07-02 19:47:49,915 [9477b405-238c-48d3-b137-1691fefbdcbe@group-798A781614CD-StateMachineUpdater] INFO  impl.StateMachineUpdater (StateMachineUpdater.java:takeSnapshot(277)) - 9477b405-238c-48d3-b137-1691fefbdcbe@group-798A781614CD-StateMachineUpdater: Took a snapshot at index 0
2020-07-02 19:47:49,915 [9477b405-238c-48d3-b137-1691fefbdcbe@group-798A781614CD-StateMachineUpdater] INFO  impl.StateMachineUpdater (StateMachineUpdater.java:lambda$new$0(87)) - 9477b405-238c-48d3-b137-1691fefbdcbe@group-798A781614CD-StateMachineUpdater: snapshotIndex: updateIncreasingly -1 -> 0
2020-07-02 19:47:49,915 [7640c2d1-a09c-4516-81ed-c198f8abcf65@group-D6532DCE90D3-SegmentedRaftLogWorker] INFO  segmented.SegmentedRaftLogWorker (SegmentedRaftLogWorker.java:run(327)) - 7640c2d1-a09c-4516-81ed-c198f8abcf65@group-D6532DCE90D3-SegmentedRaftLogWorker was interrupted, exiting. There are 0 tasks remaining in the queue.
2020-07-02 19:47:49,915 [9477b405-238c-48d3-b137-1691fefbdcbe@group-798A781614CD-StateMachineUpdater] INFO  metrics.RatisMetrics (RatisMetrics.java:unregister(43)) - Unregistering Metrics Registry : ratis.state_machine.9477b405-238c-48d3-b137-1691fefbdcbe@group-798A781614CD
2020-07-02 19:47:49,916 [ForkJoinPool.commonPool-worker-1] INFO  segmented.SegmentedRaftLogWorker (SegmentedRaftLogWorker.java:close(234)) - 7640c2d1-a09c-4516-81ed-c198f8abcf65@group-D6532DCE90D3-SegmentedRaftLogWorker close()
2020-07-02 19:47:49,916 [Listener at 127.0.0.1/43161] INFO  impl.RaftServerImpl (ServerState.java:close(387)) - 9477b405-238c-48d3-b137-1691fefbdcbe@group-798A781614CD: closes. applyIndex: 0
2020-07-02 19:47:49,918 [ForkJoinPool.commonPool-worker-1] INFO  metrics.RatisMetrics (RatisMetrics.java:unregister(43)) - Unregistering Metrics Registry : ratis.log_worker.7640c2d1-a09c-4516-81ed-c198f8abcf65@group-D6532DCE90D3
2020-07-02 19:47:49,918 [9477b405-238c-48d3-b137-1691fefbdcbe@group-798A781614CD-SegmentedRaftLogWorker] INFO  segmented.SegmentedRaftLogWorker (SegmentedRaftLogWorker.java:run(327)) - 9477b405-238c-48d3-b137-1691fefbdcbe@group-798A781614CD-SegmentedRaftLogWorker was interrupted, exiting. There are 0 tasks remaining in the queue.
2020-07-02 19:47:49,919 [ForkJoinPool.commonPool-worker-1] INFO  metrics.RatisMetrics (RatisMetrics.java:unregister(43)) - Unregistering Metrics Registry : ratis.leader_election.7640c2d1-a09c-4516-81ed-c198f8abcf65@group-D6532DCE90D3
2020-07-02 19:47:49,926 [ForkJoinPool.commonPool-worker-1] INFO  metrics.RatisMetrics (RatisMetrics.java:unregister(43)) - Unregistering Metrics Registry : ratis.server.7640c2d1-a09c-4516-81ed-c198f8abcf65@group-D6532DCE90D3
2020-07-02 19:47:49,926 [ForkJoinPool.commonPool-worker-1] INFO  impl.RaftServerImpl (RaftServerImpl.java:lambda$shutdown$3(252)) - 7640c2d1-a09c-4516-81ed-c198f8abcf65@group-ADA67ADC91AC: shutdown
2020-07-02 19:47:49,926 [ForkJoinPool.commonPool-worker-1] INFO  util.JmxRegister (JmxRegister.java:unregister(73)) - Successfully un-registered JMX Bean with object name Ratis:service=RaftServer,group=group-ADA67ADC91AC,id=7640c2d1-a09c-4516-81ed-c198f8abcf65
2020-07-02 19:47:49,926 [ForkJoinPool.commonPool-worker-1] INFO  impl.RoleInfo (RoleInfo.java:shutdownFollowerState(121)) - 7640c2d1-a09c-4516-81ed-c198f8abcf65: shutdown FollowerState
2020-07-02 19:47:49,927 [ForkJoinPool.commonPool-worker-1] INFO  impl.StateMachineUpdater (StateMachineUpdater.java:stopAndJoin(142)) - 7640c2d1-a09c-4516-81ed-c198f8abcf65@group-ADA67ADC91AC-StateMachineUpdater: set stopIndex = 0
2020-07-02 19:47:49,927 [7640c2d1-a09c-4516-81ed-c198f8abcf65@group-ADA67ADC91AC-StateMachineUpdater] INFO  ratis.ContainerStateMachine (ContainerStateMachine.java:takeSnapshot(293)) - group-ADA67ADC91AC: Taking a snapshot at:(t:2, i:0) file /github/workspace/mnt/ozone/hadoop-ozone/integration-test/target/test-dir/MiniOzoneClusterImpl-47077420-a86b-4566-b2ce-9fb6a30396ee/datanode-2/data/ratis/89fa634c-6c32-4d85-96f8-ada67adc91ac/sm/snapshot.2_0
2020-07-02 19:47:49,926 [Listener at 127.0.0.1/43161] INFO  segmented.SegmentedRaftLogWorker (SegmentedRaftLogWorker.java:close(234)) - 9477b405-238c-48d3-b137-1691fefbdcbe@group-798A781614CD-SegmentedRaftLogWorker close()
2020-07-02 19:47:49,927 [Thread-1827] INFO  impl.FollowerState (FollowerState.java:run(117)) - 7640c2d1-a09c-4516-81ed-c198f8abcf65@group-ADA67ADC91AC-FollowerState was interrupted: java.lang.InterruptedException: sleep interrupted
2020-07-02 19:47:49,928 [Listener at 127.0.0.1/43161] INFO  metrics.RatisMetrics (RatisMetrics.java:unregister(43)) - Unregistering Metrics Registry : ratis.log_worker.9477b405-238c-48d3-b137-1691fefbdcbe@group-798A781614CD
2020-07-02 19:47:49,928 [7640c2d1-a09c-4516-81ed-c198f8abcf65@group-ADA67ADC91AC-StateMachineUpdater] INFO  ratis.ContainerStateMachine (ContainerStateMachine.java:takeSnapshot(304)) - group-ADA67ADC91AC: Finished taking a snapshot at:(t:2, i:0) file:/github/workspace/mnt/ozone/hadoop-ozone/integration-test/target/test-dir/MiniOzoneClusterImpl-47077420-a86b-4566-b2ce-9fb6a30396ee/datanode-2/data/ratis/89fa634c-6c32-4d85-96f8-ada67adc91ac/sm/snapshot.2_0 time:1
2020-07-02 19:47:49,929 [Listener at 127.0.0.1/43161] INFO  metrics.RatisMetrics (RatisMetrics.java:unregister(43)) - Unregistering Metrics Registry : ratis.leader_election.9477b405-238c-48d3-b137-1691fefbdcbe@group-798A781614CD
2020-07-02 19:47:49,929 [Listener at 127.0.0.1/43161] INFO  metrics.RatisMetrics (RatisMetrics.java:unregister(43)) - Unregistering Metrics Registry : ratis.server.9477b405-238c-48d3-b137-1691fefbdcbe@group-798A781614CD
2020-07-02 19:47:49,929 [Listener at 127.0.0.1/43161] INFO  impl.RaftServerImpl (RaftServerImpl.java:lambda$shutdown$3(252)) - 9477b405-238c-48d3-b137-1691fefbdcbe@group-18AB17D9DAF3: shutdown
2020-07-02 19:47:49,929 [Listener at 127.0.0.1/43161] INFO  util.JmxRegister (JmxRegister.java:unregister(73)) - Successfully un-registered JMX Bean with object name Ratis:service=RaftServer,group=group-18AB17D9DAF3,id=9477b405-238c-48d3-b137-1691fefbdcbe
2020-07-02 19:47:49,929 [Listener at 127.0.0.1/43161] INFO  impl.RoleInfo (RoleInfo.java:shutdownFollowerState(121)) - 9477b405-238c-48d3-b137-1691fefbdcbe: shutdown FollowerState
2020-07-02 19:47:49,929 [Thread-1771] INFO  impl.FollowerState (FollowerState.java:run(117)) - 9477b405-238c-48d3-b137-1691fefbdcbe@group-18AB17D9DAF3-FollowerState was interrupted: java.lang.InterruptedException: sleep interrupted
2020-07-02 19:47:49,930 [9477b405-238c-48d3-b137-1691fefbdcbe@group-18AB17D9DAF3-StateMachineUpdater] INFO  ratis.ContainerStateMachine (ContainerStateMachine.java:takeSnapshot(293)) - group-18AB17D9DAF3: Taking a snapshot at:(t:1, i:2) file /github/workspace/mnt/ozone/hadoop-ozone/integration-test/target/test-dir/MiniOzoneClusterImpl-47077420-a86b-4566-b2ce-9fb6a30396ee/datanode-4/data/ratis/23897b69-0af8-43ef-a6fd-18ab17d9daf3/sm/snapshot.1_2
2020-07-02 19:47:49,930 [Listener at 127.0.0.1/43161] INFO  impl.StateMachineUpdater (StateMachineUpdater.java:stopAndJoin(142)) - 9477b405-238c-48d3-b137-1691fefbdcbe@group-18AB17D9DAF3-StateMachineUpdater: set stopIndex = 2
2020-07-02 19:47:49,929 [7640c2d1-a09c-4516-81ed-c198f8abcf65@group-ADA67ADC91AC-StateMachineUpdater] INFO  impl.StateMachineUpdater (StateMachineUpdater.java:takeSnapshot(277)) - 7640c2d1-a09c-4516-81ed-c198f8abcf65@group-ADA67ADC91AC-StateMachineUpdater: Took a snapshot at index 0
2020-07-02 19:47:49,930 [7640c2d1-a09c-4516-81ed-c198f8abcf65@group-ADA67ADC91AC-StateMachineUpdater] INFO  impl.StateMachineUpdater (StateMachineUpdater.java:lambda$new$0(87)) - 7640c2d1-a09c-4516-81ed-c198f8abcf65@group-ADA67ADC91AC-StateMachineUpdater: snapshotIndex: updateIncreasingly -1 -> 0
2020-07-02 19:47:49,930 [7640c2d1-a09c-4516-81ed-c198f8abcf65@group-ADA67ADC91AC-StateMachineUpdater] INFO  metrics.RatisMetrics (RatisMetrics.java:unregister(43)) - Unregistering Metrics Registry : ratis.state_machine.7640c2d1-a09c-4516-81ed-c198f8abcf65@group-ADA67ADC91AC
2020-07-02 19:47:49,930 [ForkJoinPool.commonPool-worker-1] INFO  impl.RaftServerImpl (ServerState.java:close(387)) - 7640c2d1-a09c-4516-81ed-c198f8abcf65@group-ADA67ADC91AC: closes. applyIndex: 0
2020-07-02 19:47:49,931 [7640c2d1-a09c-4516-81ed-c198f8abcf65@group-ADA67ADC91AC-SegmentedRaftLogWorker] INFO  segmented.SegmentedRaftLogWorker (SegmentedRaftLogWorker.java:run(327)) - 7640c2d1-a09c-4516-81ed-c198f8abcf65@group-ADA67ADC91AC-SegmentedRaftLogWorker was interrupted, exiting. There are 0 tasks remaining in the queue.
2020-07-02 19:47:49,931 [9477b405-238c-48d3-b137-1691fefbdcbe@group-18AB17D9DAF3-StateMachineUpdater] INFO  ratis.ContainerStateMachine (ContainerStateMachine.java:takeSnapshot(304)) - group-18AB17D9DAF3: Finished taking a snapshot at:(t:1, i:2) file:/github/workspace/mnt/ozone/hadoop-ozone/integration-test/target/test-dir/MiniOzoneClusterImpl-47077420-a86b-4566-b2ce-9fb6a30396ee/datanode-4/data/ratis/23897b69-0af8-43ef-a6fd-18ab17d9daf3/sm/snapshot.1_2 time:1
2020-07-02 19:47:49,931 [9477b405-238c-48d3-b137-1691fefbdcbe@group-18AB17D9DAF3-StateMachineUpdater] INFO  impl.StateMachineUpdater (StateMachineUpdater.java:takeSnapshot(277)) - 9477b405-238c-48d3-b137-1691fefbdcbe@group-18AB17D9DAF3-StateMachineUpdater: Took a snapshot at index 2
2020-07-02 19:47:49,931 [9477b405-238c-48d3-b137-1691fefbdcbe@group-18AB17D9DAF3-StateMachineUpdater] INFO  impl.StateMachineUpdater (StateMachineUpdater.java:lambda$new$0(87)) - 9477b405-238c-48d3-b137-1691fefbdcbe@group-18AB17D9DAF3-StateMachineUpdater: snapshotIndex: updateIncreasingly -1 -> 2
2020-07-02 19:47:49,938 [9477b405-238c-48d3-b137-1691fefbdcbe@group-18AB17D9DAF3-StateMachineUpdater] INFO  metrics.RatisMetrics (RatisMetrics.java:unregister(43)) - Unregistering Metrics Registry : ratis.state_machine.9477b405-238c-48d3-b137-1691fefbdcbe@group-18AB17D9DAF3
2020-07-02 19:47:49,938 [ForkJoinPool.commonPool-worker-1] INFO  segmented.SegmentedRaftLogWorker (SegmentedRaftLogWorker.java:close(234)) - 7640c2d1-a09c-4516-81ed-c198f8abcf65@group-ADA67ADC91AC-SegmentedRaftLogWorker close()
2020-07-02 19:47:49,938 [Listener at 127.0.0.1/43161] INFO  impl.RaftServerImpl (ServerState.java:close(387)) - 9477b405-238c-48d3-b137-1691fefbdcbe@group-18AB17D9DAF3: closes. applyIndex: 2
2020-07-02 19:47:49,939 [9477b405-238c-48d3-b137-1691fefbdcbe@group-18AB17D9DAF3-SegmentedRaftLogWorker] INFO  segmented.SegmentedRaftLogWorker (SegmentedRaftLogWorker.java:run(327)) - 9477b405-238c-48d3-b137-1691fefbdcbe@group-18AB17D9DAF3-SegmentedRaftLogWorker was interrupted, exiting. There are 0 tasks remaining in the queue.
2020-07-02 19:47:49,940 [Listener at 127.0.0.1/43161] INFO  segmented.SegmentedRaftLogWorker (SegmentedRaftLogWorker.java:close(234)) - 9477b405-238c-48d3-b137-1691fefbdcbe@group-18AB17D9DAF3-SegmentedRaftLogWorker close()
2020-07-02 19:47:49,940 [ForkJoinPool.commonPool-worker-1] INFO  metrics.RatisMetrics (RatisMetrics.java:unregister(43)) - Unregistering Metrics Registry : ratis.log_worker.7640c2d1-a09c-4516-81ed-c198f8abcf65@group-ADA67ADC91AC
2020-07-02 19:47:49,940 [ForkJoinPool.commonPool-worker-1] INFO  metrics.RatisMetrics (RatisMetrics.java:unregister(43)) - Unregistering Metrics Registry : ratis.leader_election.7640c2d1-a09c-4516-81ed-c198f8abcf65@group-ADA67ADC91AC
2020-07-02 19:47:49,941 [ForkJoinPool.commonPool-worker-1] INFO  metrics.RatisMetrics (RatisMetrics.java:unregister(43)) - Unregistering Metrics Registry : ratis.server.7640c2d1-a09c-4516-81ed-c198f8abcf65@group-ADA67ADC91AC
2020-07-02 19:47:49,941 [grpc-default-executor-2] DEBUG server.GrpcLogAppender (GrpcLogAppender.java:onNext(257)) - 8ae206a5-f320-4eda-b157-0f223831448f@group-54AED5796201->6062bcc3-a1a5-437e-9952-fd12f6666483-AppendLogResponseHandler: received a reply 8ae206a5-f320-4eda-b157-0f223831448f<-6062bcc3-a1a5-437e-9952-fd12f6666483#3:OK,SUCCESS,nextIndex:1,term:1,followerCommit:0, request=AppendEntriesRequest:cid=3,entriesCount=0,lastEntry=null
2020-07-02 19:47:49,941 [ForkJoinPool.commonPool-worker-1] INFO  server.GrpcService (GrpcService.java:closeImpl(166)) - 7640c2d1-a09c-4516-81ed-c198f8abcf65: shutdown server with port 40749 now
2020-07-02 19:47:49,941 [Listener at 127.0.0.1/43161] INFO  metrics.RatisMetrics (RatisMetrics.java:unregister(43)) - Unregistering Metrics Registry : ratis.log_worker.9477b405-238c-48d3-b137-1691fefbdcbe@group-18AB17D9DAF3
2020-07-02 19:47:49,941 [Listener at 127.0.0.1/43161] INFO  metrics.RatisMetrics (RatisMetrics.java:unregister(43)) - Unregistering Metrics Registry : ratis.leader_election.9477b405-238c-48d3-b137-1691fefbdcbe@group-18AB17D9DAF3
2020-07-02 19:47:49,942 [Listener at 127.0.0.1/43161] INFO  metrics.RatisMetrics (RatisMetrics.java:unregister(43)) - Unregistering Metrics Registry : ratis.server.9477b405-238c-48d3-b137-1691fefbdcbe@group-18AB17D9DAF3
2020-07-02 19:47:49,942 [Listener at 127.0.0.1/43161] INFO  server.GrpcService (GrpcService.java:closeImpl(166)) - 9477b405-238c-48d3-b137-1691fefbdcbe: shutdown server with port 37669 now
2020-07-02 19:47:49,943 [grpc-default-executor-8] WARN  server.GrpcServerProtocolService (LogUtils.java:warn(122)) - 7640c2d1-a09c-4516-81ed-c198f8abcf65: installSnapshot onError, lastRequest: 624bc23a-26d8-413d-a9ad-b038ba4eb8c0->7640c2d1-a09c-4516-81ed-c198f8abcf65#1-t2, previous=(t:0, i:0), leaderCommit=0, initializing? false, entries: size=1, first=(t:2, i:0), CONFIGURATIONENTRY: org.apache.ratis.thirdparty.io.grpc.StatusRuntimeException: CANCELLED: cancelled before receiving half close
2020-07-02 19:47:49,944 [grpc-default-executor-0] WARN  server.GrpcLogAppender (LogUtils.java:warn(122)) - 624bc23a-26d8-413d-a9ad-b038ba4eb8c0@group-ADA67ADC91AC->7640c2d1-a09c-4516-81ed-c198f8abcf65-AppendLogResponseHandler: Failed appendEntries: org.apache.ratis.thirdparty.io.grpc.StatusRuntimeException: CANCELLED: HTTP/2 error code: CANCEL
Received Rst Stream
2020-07-02 19:47:49,944 [grpc-default-executor-0] INFO  impl.FollowerInfo (FollowerInfo.java:lambda$new$0(51)) - 624bc23a-26d8-413d-a9ad-b038ba4eb8c0@group-ADA67ADC91AC->7640c2d1-a09c-4516-81ed-c198f8abcf65: nextIndex: updateUnconditionally 1 -> 0
2020-07-02 19:47:49,945 [grpc-default-executor-8] WARN  server.GrpcServerProtocolService (LogUtils.java:warn(122)) - 9477b405-238c-48d3-b137-1691fefbdcbe: installSnapshot onError, lastRequest: 31b30001-c6bc-41c4-8b5d-b541ce032758->9477b405-238c-48d3-b137-1691fefbdcbe#3-t1, previous=(t:1, i:1), leaderCommit=1, initializing? false, entries: size=1, first=(t:1, i:2), METADATAENTRY(c:1): org.apache.ratis.thirdparty.io.grpc.StatusRuntimeException: CANCELLED: cancelled before receiving half close
2020-07-02 19:47:49,945 [Listener at 127.0.0.1/43161] INFO  server.GrpcService (GrpcService.java:closeImpl(174)) - 9477b405-238c-48d3-b137-1691fefbdcbe: shutdown server with port 37669 successfully
2020-07-02 19:47:49,945 [grpc-default-executor-7] WARN  server.GrpcLogAppender (LogUtils.java:warn(122)) - 31b30001-c6bc-41c4-8b5d-b541ce032758@group-18AB17D9DAF3->9477b405-238c-48d3-b137-1691fefbdcbe-AppendLogResponseHandler: Failed appendEntries: org.apache.ratis.thirdparty.io.grpc.StatusRuntimeException: CANCELLED: HTTP/2 error code: CANCEL
Received Rst Stream
2020-07-02 19:47:49,947 [grpc-default-executor-7] INFO  impl.FollowerInfo (FollowerInfo.java:lambda$new$0(51)) - 31b30001-c6bc-41c4-8b5d-b541ce032758@group-18AB17D9DAF3->9477b405-238c-48d3-b137-1691fefbdcbe: nextIndex: updateUnconditionally 3 -> 2
2020-07-02 19:47:49,947 [Listener at 127.0.0.1/43161] INFO  utils.BackgroundService (BackgroundService.java:shutdown(157)) - Shutting down service BlockDeletingService
2020-07-02 19:47:49,948 [ForkJoinPool.commonPool-worker-1] INFO  server.GrpcService (GrpcService.java:closeImpl(174)) - 7640c2d1-a09c-4516-81ed-c198f8abcf65: shutdown server with port 40749 successfully
2020-07-02 19:47:49,950 [ForkJoinPool.commonPool-worker-1] INFO  utils.BackgroundService (BackgroundService.java:shutdown(157)) - Shutting down service BlockDeletingService
2020-07-02 19:47:49,953 [grpc-default-executor-0] DEBUG server.GrpcLogAppender (GrpcLogAppender.java:onNext(257)) - 8ae206a5-f320-4eda-b157-0f223831448f@group-54AED5796201->5d2a92cb-0156-45c5-8f38-b4fa24aa5737-AppendLogResponseHandler: received a reply 8ae206a5-f320-4eda-b157-0f223831448f<-5d2a92cb-0156-45c5-8f38-b4fa24aa5737#3:OK,SUCCESS,nextIndex:1,term:1,followerCommit:0, request=AppendEntriesRequest:cid=3,entriesCount=0,lastEntry=null
2020-07-02 19:47:49,954 [ForkJoinPool.commonPool-worker-1] INFO  statemachine.DatanodeStateMachine (DatanodeStateMachine.java:stopDaemon(428)) - Ozone container server stopped.
2020-07-02 19:47:49,955 [Listener at 127.0.0.1/43161] INFO  statemachine.DatanodeStateMachine (DatanodeStateMachine.java:stopDaemon(428)) - Ozone container server stopped.
2020-07-02 19:47:49,956 [ForkJoinPool.commonPool-worker-1] INFO  handler.ContextHandler (ContextHandler.java:doStop(1016)) - Stopped o.e.j.w.WebAppContext@622168f7{hddsDatanode,/,null,UNAVAILABLE}{jar:file:/home/user/.m2/repository/org/apache/hadoop/hadoop-hdds-container-service/0.6.0-SNAPSHOT/hadoop-hdds-container-service-0.6.0-SNAPSHOT.jar!/webapps/hddsDatanode}
2020-07-02 19:47:49,957 [ForkJoinPool.commonPool-worker-1] INFO  server.AbstractConnector (AbstractConnector.java:doStop(380)) - Stopped ServerConnector@ee1493e{HTTP/1.1,[http/1.1]}{0.0.0.0:0}
2020-07-02 19:47:49,957 [ForkJoinPool.commonPool-worker-1] INFO  server.session (HouseKeeper.java:stopScavenging(158)) - node0 Stopped scavenging
2020-07-02 19:47:49,957 [Listener at 127.0.0.1/43161] INFO  handler.ContextHandler (ContextHandler.java:doStop(1016)) - Stopped o.e.j.w.WebAppContext@703f29b0{hddsDatanode,/,null,UNAVAILABLE}{jar:file:/home/user/.m2/repository/org/apache/hadoop/hadoop-hdds-container-service/0.6.0-SNAPSHOT/hadoop-hdds-container-service-0.6.0-SNAPSHOT.jar!/webapps/hddsDatanode}
2020-07-02 19:47:49,958 [ForkJoinPool.commonPool-worker-1] INFO  handler.ContextHandler (ContextHandler.java:doStop(1016)) - Stopped o.e.j.s.ServletContextHandler@6bb37a5{static,/static,jar:file:/home/user/.m2/repository/org/apache/hadoop/hadoop-hdds-container-service/0.6.0-SNAPSHOT/hadoop-hdds-container-service-0.6.0-SNAPSHOT.jar!/webapps/static,UNAVAILABLE}
2020-07-02 19:47:49,959 [ForkJoinPool.commonPool-worker-1] INFO  handler.ContextHandler (ContextHandler.java:doStop(1016)) - Stopped o.e.j.s.ServletContextHandler@1d51de61{logs,/logs,file:///github/workspace/mnt/ozone/hadoop-ozone/integration-test/target/log,UNAVAILABLE}
2020-07-02 19:47:49,959 [Listener at 127.0.0.1/43161] INFO  server.AbstractConnector (AbstractConnector.java:doStop(380)) - Stopped ServerConnector@57679860{HTTP/1.1,[http/1.1]}{0.0.0.0:0}
2020-07-02 19:47:49,959 [Listener at 127.0.0.1/43161] INFO  server.session (HouseKeeper.java:stopScavenging(158)) - node0 Stopped scavenging
2020-07-02 19:47:49,960 [Listener at 127.0.0.1/43161] INFO  handler.ContextHandler (ContextHandler.java:doStop(1016)) - Stopped o.e.j.s.ServletContextHandler@6a5cb26f{static,/static,jar:file:/home/user/.m2/repository/org/apache/hadoop/hadoop-hdds-container-service/0.6.0-SNAPSHOT/hadoop-hdds-container-service-0.6.0-SNAPSHOT.jar!/webapps/static,UNAVAILABLE}
2020-07-02 19:47:49,960 [Listener at 127.0.0.1/43161] INFO  handler.ContextHandler (ContextHandler.java:doStop(1016)) - Stopped o.e.j.s.ServletContextHandler@6212695e{logs,/logs,file:///github/workspace/mnt/ozone/hadoop-ozone/integration-test/target/log,UNAVAILABLE}
2020-07-02 19:47:50,842 [Datanode State Machine Thread - 0] INFO  statemachine.DatanodeStateMachine (DatanodeStateMachine.java:lambda$startDaemon$0(380)) - Ozone container server started.
2020-07-02 19:47:50,852 [Datanode State Machine Thread - 0] INFO  statemachine.DatanodeStateMachine (DatanodeStateMachine.java:lambda$startDaemon$0(380)) - Ozone container server started.
2020-07-02 19:47:52,234 [grpc-default-executor-0] DEBUG server.GrpcLogAppender (GrpcLogAppender.java:onNext(257)) - 624bc23a-26d8-413d-a9ad-b038ba4eb8c0@group-ADA67ADC91AC->e1aceb7c-da99-4a3c-9205-ba6aed5f5e4d-AppendLogResponseHandler: received a reply 624bc23a-26d8-413d-a9ad-b038ba4eb8c0<-e1aceb7c-da99-4a3c-9205-ba6aed5f5e4d#2:OK,SUCCESS,nextIndex:1,term:2,followerCommit:0, request=AppendEntriesRequest:cid=2,entriesCount=0,lastEntry=null
2020-07-02 19:47:52,236 [grpc-default-executor-0] WARN  server.GrpcLogAppender (LogUtils.java:warn(122)) - 624bc23a-26d8-413d-a9ad-b038ba4eb8c0@group-ADA67ADC91AC->7640c2d1-a09c-4516-81ed-c198f8abcf65-AppendLogResponseHandler: Failed appendEntries: org.apache.ratis.thirdparty.io.grpc.StatusRuntimeException: UNAVAILABLE: io exception
2020-07-02 19:47:52,238 [grpc-default-executor-0] INFO  impl.FollowerInfo (FollowerInfo.java:lambda$new$0(51)) - 624bc23a-26d8-413d-a9ad-b038ba4eb8c0@group-ADA67ADC91AC->7640c2d1-a09c-4516-81ed-c198f8abcf65: nextIndex: updateUnconditionally 1 -> 0
2020-07-02 19:47:52,307 [grpc-default-executor-7] WARN  server.GrpcLogAppender (LogUtils.java:warn(122)) - 31b30001-c6bc-41c4-8b5d-b541ce032758@group-18AB17D9DAF3->9477b405-238c-48d3-b137-1691fefbdcbe-AppendLogResponseHandler: Failed appendEntries: org.apache.ratis.thirdparty.io.grpc.StatusRuntimeException: UNAVAILABLE: io exception
2020-07-02 19:47:52,308 [grpc-default-executor-7] INFO  impl.FollowerInfo (FollowerInfo.java:lambda$new$0(51)) - 31b30001-c6bc-41c4-8b5d-b541ce032758@group-18AB17D9DAF3->9477b405-238c-48d3-b137-1691fefbdcbe: nextIndex: updateUnconditionally 3 -> 2
2020-07-02 19:47:52,319 [grpc-default-executor-7] DEBUG server.GrpcLogAppender (GrpcLogAppender.java:onNext(257)) - 31b30001-c6bc-41c4-8b5d-b541ce032758@group-18AB17D9DAF3->0b60331c-5e1c-4a80-9807-96a116b38597-AppendLogResponseHandler: received a reply 31b30001-c6bc-41c4-8b5d-b541ce032758<-0b60331c-5e1c-4a80-9807-96a116b38597#6:OK,SUCCESS,nextIndex:3,term:1,followerCommit:2, request=AppendEntriesRequest:cid=6,entriesCount=0,lastEntry=null
2020-07-02 19:47:52,442 [grpc-default-executor-7] DEBUG server.GrpcLogAppender (GrpcLogAppender.java:onNext(257)) - 8ae206a5-f320-4eda-b157-0f223831448f@group-54AED5796201->6062bcc3-a1a5-437e-9952-fd12f6666483-AppendLogResponseHandler: received a reply 8ae206a5-f320-4eda-b157-0f223831448f<-6062bcc3-a1a5-437e-9952-fd12f6666483#4:OK,SUCCESS,nextIndex:1,term:1,followerCommit:0, request=AppendEntriesRequest:cid=4,entriesCount=0,lastEntry=null
2020-07-02 19:47:52,454 [grpc-default-executor-7] DEBUG server.GrpcLogAppender (GrpcLogAppender.java:onNext(257)) - 8ae206a5-f320-4eda-b157-0f223831448f@group-54AED5796201->5d2a92cb-0156-45c5-8f38-b4fa24aa5737-AppendLogResponseHandler: received a reply 8ae206a5-f320-4eda-b157-0f223831448f<-5d2a92cb-0156-45c5-8f38-b4fa24aa5737#4:OK,SUCCESS,nextIndex:1,term:1,followerCommit:0, request=AppendEntriesRequest:cid=4,entriesCount=0,lastEntry=null
2020-07-02 19:47:54,738 [grpc-default-executor-2] WARN  server.GrpcLogAppender (LogUtils.java:warn(122)) - 624bc23a-26d8-413d-a9ad-b038ba4eb8c0@group-ADA67ADC91AC->7640c2d1-a09c-4516-81ed-c198f8abcf65-AppendLogResponseHandler: Failed appendEntries: org.apache.ratis.thirdparty.io.grpc.StatusRuntimeException: UNAVAILABLE: io exception
2020-07-02 19:47:54,741 [grpc-default-executor-2] INFO  impl.FollowerInfo (FollowerInfo.java:lambda$new$0(51)) - 624bc23a-26d8-413d-a9ad-b038ba4eb8c0@group-ADA67ADC91AC->7640c2d1-a09c-4516-81ed-c198f8abcf65: nextIndex: updateUnconditionally 1 -> 0
2020-07-02 19:47:54,742 [grpc-default-executor-2] DEBUG server.GrpcLogAppender (GrpcLogAppender.java:onNext(257)) - 624bc23a-26d8-413d-a9ad-b038ba4eb8c0@group-ADA67ADC91AC->e1aceb7c-da99-4a3c-9205-ba6aed5f5e4d-AppendLogResponseHandler: received a reply 624bc23a-26d8-413d-a9ad-b038ba4eb8c0<-e1aceb7c-da99-4a3c-9205-ba6aed5f5e4d#3:OK,SUCCESS,nextIndex:1,term:2,followerCommit:0, request=AppendEntriesRequest:cid=3,entriesCount=0,lastEntry=null
2020-07-02 19:47:54,809 [grpc-default-executor-7] WARN  server.GrpcLogAppender (LogUtils.java:warn(122)) - 31b30001-c6bc-41c4-8b5d-b541ce032758@group-18AB17D9DAF3->9477b405-238c-48d3-b137-1691fefbdcbe-AppendLogResponseHandler: Failed appendEntries: org.apache.ratis.thirdparty.io.grpc.StatusRuntimeException: UNAVAILABLE: io exception
2020-07-02 19:47:54,810 [grpc-default-executor-7] INFO  impl.FollowerInfo (FollowerInfo.java:lambda$new$0(51)) - 31b30001-c6bc-41c4-8b5d-b541ce032758@group-18AB17D9DAF3->9477b405-238c-48d3-b137-1691fefbdcbe: nextIndex: updateUnconditionally 3 -> 2
2020-07-02 19:47:54,821 [grpc-default-executor-7] DEBUG server.GrpcLogAppender (GrpcLogAppender.java:onNext(257)) - 31b30001-c6bc-41c4-8b5d-b541ce032758@group-18AB17D9DAF3->0b60331c-5e1c-4a80-9807-96a116b38597-AppendLogResponseHandler: received a reply 31b30001-c6bc-41c4-8b5d-b541ce032758<-0b60331c-5e1c-4a80-9807-96a116b38597#7:OK,SUCCESS,nextIndex:3,term:1,followerCommit:2, request=AppendEntriesRequest:cid=7,entriesCount=0,lastEntry=null
2020-07-02 19:47:54,946 [grpc-default-executor-7] DEBUG server.GrpcLogAppender (GrpcLogAppender.java:onNext(257)) - 8ae206a5-f320-4eda-b157-0f223831448f@group-54AED5796201->6062bcc3-a1a5-437e-9952-fd12f6666483-AppendLogResponseHandler: received a reply 8ae206a5-f320-4eda-b157-0f223831448f<-6062bcc3-a1a5-437e-9952-fd12f6666483#5:OK,SUCCESS,nextIndex:1,term:1,followerCommit:0, request=AppendEntriesRequest:cid=5,entriesCount=0,lastEntry=null
2020-07-02 19:47:54,955 [grpc-default-executor-7] DEBUG server.GrpcLogAppender (GrpcLogAppender.java:onNext(257)) - 8ae206a5-f320-4eda-b157-0f223831448f@group-54AED5796201->5d2a92cb-0156-45c5-8f38-b4fa24aa5737-AppendLogResponseHandler: received a reply 8ae206a5-f320-4eda-b157-0f223831448f<-5d2a92cb-0156-45c5-8f38-b4fa24aa5737#5:OK,SUCCESS,nextIndex:1,term:1,followerCommit:0, request=AppendEntriesRequest:cid=5,entriesCount=0,lastEntry=null
2020-07-02 19:47:54,960 [ForkJoinPool.commonPool-worker-1] INFO  ozoneimpl.OzoneContainer (OzoneContainer.java:stop(246)) - Attempting to stop container services.
2020-07-02 19:47:54,960 [ForkJoinPool.commonPool-worker-1] INFO  impl.RaftServerProxy (RaftServerProxy.java:lambda$close$4(319)) - 31b30001-c6bc-41c4-8b5d-b541ce032758: close
2020-07-02 19:47:54,961 [ForkJoinPool.commonPool-worker-1] INFO  impl.RaftServerImpl (RaftServerImpl.java:lambda$shutdown$3(252)) - 31b30001-c6bc-41c4-8b5d-b541ce032758@group-B81F1D24982B: shutdown
2020-07-02 19:47:54,961 [ForkJoinPool.commonPool-worker-1] INFO  util.JmxRegister (JmxRegister.java:unregister(73)) - Successfully un-registered JMX Bean with object name Ratis:service=RaftServer,group=group-B81F1D24982B,id=31b30001-c6bc-41c4-8b5d-b541ce032758
2020-07-02 19:47:54,961 [ForkJoinPool.commonPool-worker-1] INFO  impl.RoleInfo (RoleInfo.java:shutdownLeaderState(104)) - 31b30001-c6bc-41c4-8b5d-b541ce032758: shutdown LeaderState
2020-07-02 19:47:54,961 [ForkJoinPool.commonPool-worker-1] INFO  impl.PendingRequests (PendingRequests.java:sendNotLeaderResponses(249)) - 31b30001-c6bc-41c4-8b5d-b541ce032758@group-B81F1D24982B-PendingRequests: sendNotLeaderResponses
2020-07-02 19:47:54,961 [ForkJoinPool.commonPool-worker-1] INFO  metrics.RatisMetrics (RatisMetrics.java:unregister(43)) - Unregistering Metrics Registry : ratis.log_appender.31b30001-c6bc-41c4-8b5d-b541ce032758@group-B81F1D24982B
2020-07-02 19:47:54,961 [ForkJoinPool.commonPool-worker-1] INFO  metrics.RatisMetrics (RatisMetrics.java:unregister(43)) - Unregistering Metrics Registry : ratis.server.31b30001-c6bc-41c4-8b5d-b541ce032758@group-B81F1D24982B
2020-07-02 19:47:54,962 [ForkJoinPool.commonPool-worker-1] INFO  impl.StateMachineUpdater (StateMachineUpdater.java:stopAndJoin(142)) - 31b30001-c6bc-41c4-8b5d-b541ce032758@group-B81F1D24982B-StateMachineUpdater: set stopIndex = 0
2020-07-02 19:47:54,962 [Listener at 127.0.0.1/43161] INFO  ozoneimpl.OzoneContainer (OzoneContainer.java:stop(246)) - Attempting to stop container services.
2020-07-02 19:47:54,962 [31b30001-c6bc-41c4-8b5d-b541ce032758@group-B81F1D24982B-StateMachineUpdater] INFO  ratis.ContainerStateMachine (ContainerStateMachine.java:takeSnapshot(293)) - group-B81F1D24982B: Taking a snapshot at:(t:1, i:0) file /github/workspace/mnt/ozone/hadoop-ozone/integration-test/target/test-dir/MiniOzoneClusterImpl-47077420-a86b-4566-b2ce-9fb6a30396ee/datanode-3/data/ratis/e06c2e9d-4eec-4731-9028-b81f1d24982b/sm/snapshot.1_0
2020-07-02 19:47:54,963 [Listener at 127.0.0.1/43161] INFO  impl.RaftServerProxy (RaftServerProxy.java:lambda$close$4(319)) - 0b60331c-5e1c-4a80-9807-96a116b38597: close
2020-07-02 19:47:54,963 [Listener at 127.0.0.1/43161] INFO  impl.RaftServerImpl (RaftServerImpl.java:lambda$shutdown$3(252)) - 0b60331c-5e1c-4a80-9807-96a116b38597@group-18AB17D9DAF3: shutdown
2020-07-02 19:47:54,963 [Listener at 127.0.0.1/43161] INFO  util.JmxRegister (JmxRegister.java:unregister(73)) - Successfully un-registered JMX Bean with object name Ratis:service=RaftServer,group=group-18AB17D9DAF3,id=0b60331c-5e1c-4a80-9807-96a116b38597
2020-07-02 19:47:54,963 [Listener at 127.0.0.1/43161] INFO  impl.RoleInfo (RoleInfo.java:shutdownFollowerState(121)) - 0b60331c-5e1c-4a80-9807-96a116b38597: shutdown FollowerState
2020-07-02 19:47:54,964 [Listener at 127.0.0.1/43161] INFO  impl.StateMachineUpdater (StateMachineUpdater.java:stopAndJoin(142)) - 0b60331c-5e1c-4a80-9807-96a116b38597@group-18AB17D9DAF3-StateMachineUpdater: set stopIndex = 2
2020-07-02 19:47:54,964 [0b60331c-5e1c-4a80-9807-96a116b38597@group-18AB17D9DAF3-StateMachineUpdater] INFO  ratis.ContainerStateMachine (ContainerStateMachine.java:takeSnapshot(293)) - group-18AB17D9DAF3: Taking a snapshot at:(t:1, i:2) file /github/workspace/mnt/ozone/hadoop-ozone/integration-test/target/test-dir/MiniOzoneClusterImpl-47077420-a86b-4566-b2ce-9fb6a30396ee/datanode-5/data/ratis/23897b69-0af8-43ef-a6fd-18ab17d9daf3/sm/snapshot.1_2
2020-07-02 19:47:54,964 [Thread-1770] INFO  impl.FollowerState (FollowerState.java:run(117)) - 0b60331c-5e1c-4a80-9807-96a116b38597@group-18AB17D9DAF3-FollowerState was interrupted: java.lang.InterruptedException: sleep interrupted
2020-07-02 19:47:54,964 [31b30001-c6bc-41c4-8b5d-b541ce032758@group-B81F1D24982B-StateMachineUpdater] INFO  ratis.ContainerStateMachine (ContainerStateMachine.java:takeSnapshot(304)) - group-B81F1D24982B: Finished taking a snapshot at:(t:1, i:0) file:/github/workspace/mnt/ozone/hadoop-ozone/integration-test/target/test-dir/MiniOzoneClusterImpl-47077420-a86b-4566-b2ce-9fb6a30396ee/datanode-3/data/ratis/e06c2e9d-4eec-4731-9028-b81f1d24982b/sm/snapshot.1_0 time:2
2020-07-02 19:47:54,965 [31b30001-c6bc-41c4-8b5d-b541ce032758@group-B81F1D24982B-StateMachineUpdater] INFO  impl.StateMachineUpdater (StateMachineUpdater.java:takeSnapshot(277)) - 31b30001-c6bc-41c4-8b5d-b541ce032758@group-B81F1D24982B-StateMachineUpdater: Took a snapshot at index 0
2020-07-02 19:47:54,965 [31b30001-c6bc-41c4-8b5d-b541ce032758@group-B81F1D24982B-StateMachineUpdater] INFO  impl.StateMachineUpdater (StateMachineUpdater.java:lambda$new$0(87)) - 31b30001-c6bc-41c4-8b5d-b541ce032758@group-B81F1D24982B-StateMachineUpdater: snapshotIndex: updateIncreasingly -1 -> 0
2020-07-02 19:47:54,965 [31b30001-c6bc-41c4-8b5d-b541ce032758@group-B81F1D24982B-StateMachineUpdater] INFO  metrics.RatisMetrics (RatisMetrics.java:unregister(43)) - Unregistering Metrics Registry : ratis.state_machine.31b30001-c6bc-41c4-8b5d-b541ce032758@group-B81F1D24982B
2020-07-02 19:47:54,965 [ForkJoinPool.commonPool-worker-1] INFO  impl.RaftServerImpl (ServerState.java:close(387)) - 31b30001-c6bc-41c4-8b5d-b541ce032758@group-B81F1D24982B: closes. applyIndex: 0
2020-07-02 19:47:54,965 [31b30001-c6bc-41c4-8b5d-b541ce032758@group-B81F1D24982B-SegmentedRaftLogWorker] INFO  segmented.SegmentedRaftLogWorker (SegmentedRaftLogWorker.java:run(327)) - 31b30001-c6bc-41c4-8b5d-b541ce032758@group-B81F1D24982B-SegmentedRaftLogWorker was interrupted, exiting. There are 0 tasks remaining in the queue.
2020-07-02 19:47:54,965 [0b60331c-5e1c-4a80-9807-96a116b38597@group-18AB17D9DAF3-StateMachineUpdater] INFO  ratis.ContainerStateMachine (ContainerStateMachine.java:takeSnapshot(304)) - group-18AB17D9DAF3: Finished taking a snapshot at:(t:1, i:2) file:/github/workspace/mnt/ozone/hadoop-ozone/integration-test/target/test-dir/MiniOzoneClusterImpl-47077420-a86b-4566-b2ce-9fb6a30396ee/datanode-5/data/ratis/23897b69-0af8-43ef-a6fd-18ab17d9daf3/sm/snapshot.1_2 time:2
2020-07-02 19:47:54,966 [0b60331c-5e1c-4a80-9807-96a116b38597@group-18AB17D9DAF3-StateMachineUpdater] INFO  impl.StateMachineUpdater (StateMachineUpdater.java:takeSnapshot(277)) - 0b60331c-5e1c-4a80-9807-96a116b38597@group-18AB17D9DAF3-StateMachineUpdater: Took a snapshot at index 2
2020-07-02 19:47:54,966 [0b60331c-5e1c-4a80-9807-96a116b38597@group-18AB17D9DAF3-StateMachineUpdater] INFO  impl.StateMachineUpdater (StateMachineUpdater.java:lambda$new$0(87)) - 0b60331c-5e1c-4a80-9807-96a116b38597@group-18AB17D9DAF3-StateMachineUpdater: snapshotIndex: updateIncreasingly -1 -> 2
2020-07-02 19:47:54,966 [0b60331c-5e1c-4a80-9807-96a116b38597@group-18AB17D9DAF3-StateMachineUpdater] INFO  metrics.RatisMetrics (RatisMetrics.java:unregister(43)) - Unregistering Metrics Registry : ratis.state_machine.0b60331c-5e1c-4a80-9807-96a116b38597@group-18AB17D9DAF3
2020-07-02 19:47:54,966 [Listener at 127.0.0.1/43161] INFO  impl.RaftServerImpl (ServerState.java:close(387)) - 0b60331c-5e1c-4a80-9807-96a116b38597@group-18AB17D9DAF3: closes. applyIndex: 2
2020-07-02 19:47:54,967 [ForkJoinPool.commonPool-worker-1] INFO  segmented.SegmentedRaftLogWorker (SegmentedRaftLogWorker.java:close(234)) - 31b30001-c6bc-41c4-8b5d-b541ce032758@group-B81F1D24982B-SegmentedRaftLogWorker close()
2020-07-02 19:47:54,967 [0b60331c-5e1c-4a80-9807-96a116b38597@group-18AB17D9DAF3-SegmentedRaftLogWorker] INFO  segmented.SegmentedRaftLogWorker (SegmentedRaftLogWorker.java:run(327)) - 0b60331c-5e1c-4a80-9807-96a116b38597@group-18AB17D9DAF3-SegmentedRaftLogWorker was interrupted, exiting. There are 0 tasks remaining in the queue.
2020-07-02 19:47:54,969 [ForkJoinPool.commonPool-worker-1] INFO  metrics.RatisMetrics (RatisMetrics.java:unregister(43)) - Unregistering Metrics Registry : ratis.log_worker.31b30001-c6bc-41c4-8b5d-b541ce032758@group-B81F1D24982B
2020-07-02 19:47:54,969 [Listener at 127.0.0.1/43161] INFO  segmented.SegmentedRaftLogWorker (SegmentedRaftLogWorker.java:close(234)) - 0b60331c-5e1c-4a80-9807-96a116b38597@group-18AB17D9DAF3-SegmentedRaftLogWorker close()
2020-07-02 19:47:54,969 [ForkJoinPool.commonPool-worker-1] INFO  metrics.RatisMetrics (RatisMetrics.java:unregister(43)) - Unregistering Metrics Registry : ratis.leader_election.31b30001-c6bc-41c4-8b5d-b541ce032758@group-B81F1D24982B
2020-07-02 19:47:54,970 [Listener at 127.0.0.1/43161] INFO  metrics.RatisMetrics (RatisMetrics.java:unregister(43)) - Unregistering Metrics Registry : ratis.log_worker.0b60331c-5e1c-4a80-9807-96a116b38597@group-18AB17D9DAF3
2020-07-02 19:47:54,971 [ForkJoinPool.commonPool-worker-1] INFO  metrics.RatisMetrics (RatisMetrics.java:unregister(43)) - Unregistering Metrics Registry : ratis.server.31b30001-c6bc-41c4-8b5d-b541ce032758@group-B81F1D24982B
2020-07-02 19:47:54,971 [Listener at 127.0.0.1/43161] INFO  metrics.RatisMetrics (RatisMetrics.java:unregister(43)) - Unregistering Metrics Registry : ratis.leader_election.0b60331c-5e1c-4a80-9807-96a116b38597@group-18AB17D9DAF3
2020-07-02 19:47:54,971 [Listener at 127.0.0.1/43161] INFO  metrics.RatisMetrics (RatisMetrics.java:unregister(43)) - Unregistering Metrics Registry : ratis.server.0b60331c-5e1c-4a80-9807-96a116b38597@group-18AB17D9DAF3
2020-07-02 19:47:54,971 [Listener at 127.0.0.1/43161] INFO  impl.RaftServerImpl (RaftServerImpl.java:lambda$shutdown$3(252)) - 0b60331c-5e1c-4a80-9807-96a116b38597@group-70A00D5D2C38: shutdown
2020-07-02 19:47:54,972 [Listener at 127.0.0.1/43161] INFO  util.JmxRegister (JmxRegister.java:unregister(73)) - Successfully un-registered JMX Bean with object name Ratis:service=RaftServer,group=group-70A00D5D2C38,id=0b60331c-5e1c-4a80-9807-96a116b38597
2020-07-02 19:47:54,972 [Listener at 127.0.0.1/43161] INFO  impl.RoleInfo (RoleInfo.java:shutdownLeaderState(104)) - 0b60331c-5e1c-4a80-9807-96a116b38597: shutdown LeaderState
2020-07-02 19:47:54,972 [ForkJoinPool.commonPool-worker-1] INFO  impl.RaftServerImpl (RaftServerImpl.java:lambda$shutdown$3(252)) - 31b30001-c6bc-41c4-8b5d-b541ce032758@group-18AB17D9DAF3: shutdown
2020-07-02 19:47:54,972 [ForkJoinPool.commonPool-worker-1] INFO  util.JmxRegister (JmxRegister.java:unregister(73)) - Successfully un-registered JMX Bean with object name Ratis:service=RaftServer,group=group-18AB17D9DAF3,id=31b30001-c6bc-41c4-8b5d-b541ce032758
2020-07-02 19:47:54,973 [ForkJoinPool.commonPool-worker-1] INFO  impl.RoleInfo (RoleInfo.java:shutdownLeaderState(104)) - 31b30001-c6bc-41c4-8b5d-b541ce032758: shutdown LeaderState
2020-07-02 19:47:54,973 [ForkJoinPool.commonPool-worker-1] INFO  metrics.RatisMetrics (RatisMetrics.java:unregister(43)) - Unregistering Metrics Registry : ratis_grpc.log_appender.31b30001-c6bc-41c4-8b5d-b541ce032758@group-18AB17D9DAF3
2020-07-02 19:47:54,972 [Listener at 127.0.0.1/43161] INFO  impl.PendingRequests (PendingRequests.java:sendNotLeaderResponses(249)) - 0b60331c-5e1c-4a80-9807-96a116b38597@group-70A00D5D2C38-PendingRequests: sendNotLeaderResponses
2020-07-02 19:47:54,973 [Listener at 127.0.0.1/43161] INFO  metrics.RatisMetrics (RatisMetrics.java:unregister(43)) - Unregistering Metrics Registry : ratis.log_appender.0b60331c-5e1c-4a80-9807-96a116b38597@group-70A00D5D2C38
2020-07-02 19:47:54,974 [org.apache.ratis.server.impl.LogAppender$AppenderDaemon$$Lambda$430/1410499104@93b01c9] WARN  server.GrpcLogAppender (GrpcLogAppender.java:mayWait(153)) - 31b30001-c6bc-41c4-8b5d-b541ce032758@group-18AB17D9DAF3->0b60331c-5e1c-4a80-9807-96a116b38597-GrpcLogAppender: Wait interrupted by java.lang.InterruptedException
2020-07-02 19:47:54,974 [ForkJoinPool.commonPool-worker-1] INFO  metrics.RatisMetrics (RatisMetrics.java:unregister(43)) - Unregistering Metrics Registry : ratis_grpc.log_appender.31b30001-c6bc-41c4-8b5d-b541ce032758@group-18AB17D9DAF3
2020-07-02 19:47:54,974 [grpc-default-executor-7] INFO  server.GrpcServerProtocolService (GrpcServerProtocolService.java:onCompleted(138)) - 0b60331c-5e1c-4a80-9807-96a116b38597: Completed APPEND_ENTRIES, lastRequest: 31b30001-c6bc-41c4-8b5d-b541ce032758->0b60331c-5e1c-4a80-9807-96a116b38597#3-t1, previous=(t:1, i:1), leaderCommit=1, initializing? false, entries: size=1, first=(t:1, i:2), METADATAENTRY(c:1)
2020-07-02 19:47:54,975 [grpc-default-executor-2] INFO  server.GrpcLogAppender (GrpcLogAppender.java:onCompleted(319)) - 31b30001-c6bc-41c4-8b5d-b541ce032758@group-18AB17D9DAF3->0b60331c-5e1c-4a80-9807-96a116b38597-AppendLogResponseHandler: follower responses appendEntries COMPLETED
2020-07-02 19:47:54,974 [Listener at 127.0.0.1/43161] INFO  metrics.RatisMetrics (RatisMetrics.java:unregister(43)) - Unregistering Metrics Registry : ratis.server.0b60331c-5e1c-4a80-9807-96a116b38597@group-70A00D5D2C38
2020-07-02 19:47:54,977 [grpc-default-executor-2] INFO  impl.FollowerInfo (FollowerInfo.java:lambda$new$0(51)) - 31b30001-c6bc-41c4-8b5d-b541ce032758@group-18AB17D9DAF3->0b60331c-5e1c-4a80-9807-96a116b38597: nextIndex: updateUnconditionally 3 -> 2
2020-07-02 19:47:54,976 [ForkJoinPool.commonPool-worker-1] INFO  impl.PendingRequests (PendingRequests.java:sendNotLeaderResponses(249)) - 31b30001-c6bc-41c4-8b5d-b541ce032758@group-18AB17D9DAF3-PendingRequests: sendNotLeaderResponses
2020-07-02 19:47:54,976 [org.apache.ratis.server.impl.LogAppender$AppenderDaemon$$Lambda$430/1410499104@583bb2d9] WARN  server.GrpcLogAppender (GrpcLogAppender.java:mayWait(153)) - 31b30001-c6bc-41c4-8b5d-b541ce032758@group-18AB17D9DAF3->9477b405-238c-48d3-b137-1691fefbdcbe-GrpcLogAppender: Wait interrupted by java.lang.InterruptedException
2020-07-02 19:47:54,984 [ForkJoinPool.commonPool-worker-1] INFO  metrics.RatisMetrics (RatisMetrics.java:unregister(43)) - Unregistering Metrics Registry : ratis.log_appender.31b30001-c6bc-41c4-8b5d-b541ce032758@group-18AB17D9DAF3
2020-07-02 19:47:54,985 [ForkJoinPool.commonPool-worker-1] INFO  metrics.RatisMetrics (RatisMetrics.java:unregister(43)) - Unregistering Metrics Registry : ratis.server.31b30001-c6bc-41c4-8b5d-b541ce032758@group-18AB17D9DAF3
2020-07-02 19:47:54,985 [ForkJoinPool.commonPool-worker-1] INFO  impl.StateMachineUpdater (StateMachineUpdater.java:stopAndJoin(142)) - 31b30001-c6bc-41c4-8b5d-b541ce032758@group-18AB17D9DAF3-StateMachineUpdater: set stopIndex = 2
2020-07-02 19:47:54,986 [31b30001-c6bc-41c4-8b5d-b541ce032758@group-18AB17D9DAF3-StateMachineUpdater] INFO  ratis.ContainerStateMachine (ContainerStateMachine.java:takeSnapshot(293)) - group-18AB17D9DAF3: Taking a snapshot at:(t:1, i:2) file /github/workspace/mnt/ozone/hadoop-ozone/integration-test/target/test-dir/MiniOzoneClusterImpl-47077420-a86b-4566-b2ce-9fb6a30396ee/datanode-3/data/ratis/23897b69-0af8-43ef-a6fd-18ab17d9daf3/sm/snapshot.1_2
2020-07-02 19:47:54,988 [31b30001-c6bc-41c4-8b5d-b541ce032758@group-18AB17D9DAF3-StateMachineUpdater] INFO  ratis.ContainerStateMachine (ContainerStateMachine.java:takeSnapshot(304)) - group-18AB17D9DAF3: Finished taking a snapshot at:(t:1, i:2) file:/github/workspace/mnt/ozone/hadoop-ozone/integration-test/target/test-dir/MiniOzoneClusterImpl-47077420-a86b-4566-b2ce-9fb6a30396ee/datanode-3/data/ratis/23897b69-0af8-43ef-a6fd-18ab17d9daf3/sm/snapshot.1_2 time:2
2020-07-02 19:47:54,988 [31b30001-c6bc-41c4-8b5d-b541ce032758@group-18AB17D9DAF3-StateMachineUpdater] INFO  impl.StateMachineUpdater (StateMachineUpdater.java:takeSnapshot(277)) - 31b30001-c6bc-41c4-8b5d-b541ce032758@group-18AB17D9DAF3-StateMachineUpdater: Took a snapshot at index 2
2020-07-02 19:47:54,988 [31b30001-c6bc-41c4-8b5d-b541ce032758@group-18AB17D9DAF3-StateMachineUpdater] INFO  impl.StateMachineUpdater (StateMachineUpdater.java:lambda$new$0(87)) - 31b30001-c6bc-41c4-8b5d-b541ce032758@group-18AB17D9DAF3-StateMachineUpdater: snapshotIndex: updateIncreasingly -1 -> 2
2020-07-02 19:47:54,989 [31b30001-c6bc-41c4-8b5d-b541ce032758@group-18AB17D9DAF3-StateMachineUpdater] INFO  metrics.RatisMetrics (RatisMetrics.java:unregister(43)) - Unregistering Metrics Registry : ratis.state_machine.31b30001-c6bc-41c4-8b5d-b541ce032758@group-18AB17D9DAF3
2020-07-02 19:47:54,989 [ForkJoinPool.commonPool-worker-1] INFO  impl.RaftServerImpl (ServerState.java:close(387)) - 31b30001-c6bc-41c4-8b5d-b541ce032758@group-18AB17D9DAF3: closes. applyIndex: 2
2020-07-02 19:47:54,989 [31b30001-c6bc-41c4-8b5d-b541ce032758@group-18AB17D9DAF3-SegmentedRaftLogWorker] INFO  segmented.SegmentedRaftLogWorker (SegmentedRaftLogWorker.java:run(327)) - 31b30001-c6bc-41c4-8b5d-b541ce032758@group-18AB17D9DAF3-SegmentedRaftLogWorker was interrupted, exiting. There are 0 tasks remaining in the queue.
2020-07-02 19:47:54,990 [ForkJoinPool.commonPool-worker-1] INFO  segmented.SegmentedRaftLogWorker (SegmentedRaftLogWorker.java:close(234)) - 31b30001-c6bc-41c4-8b5d-b541ce032758@group-18AB17D9DAF3-SegmentedRaftLogWorker close()
2020-07-02 19:47:54,991 [ForkJoinPool.commonPool-worker-1] INFO  metrics.RatisMetrics (RatisMetrics.java:unregister(43)) - Unregistering Metrics Registry : ratis.log_worker.31b30001-c6bc-41c4-8b5d-b541ce032758@group-18AB17D9DAF3
2020-07-02 19:47:54,991 [ForkJoinPool.commonPool-worker-1] INFO  metrics.RatisMetrics (RatisMetrics.java:unregister(43)) - Unregistering Metrics Registry : ratis.leader_election.31b30001-c6bc-41c4-8b5d-b541ce032758@group-18AB17D9DAF3
2020-07-02 19:47:54,991 [ForkJoinPool.commonPool-worker-1] INFO  metrics.RatisMetrics (RatisMetrics.java:unregister(43)) - Unregistering Metrics Registry : ratis.server.31b30001-c6bc-41c4-8b5d-b541ce032758@group-18AB17D9DAF3
2020-07-02 19:47:54,991 [ForkJoinPool.commonPool-worker-1] INFO  server.GrpcService (GrpcService.java:closeImpl(166)) - 31b30001-c6bc-41c4-8b5d-b541ce032758: shutdown server with port 41537 now
2020-07-02 19:47:54,992 [ForkJoinPool.commonPool-worker-1] INFO  server.GrpcService (GrpcService.java:closeImpl(174)) - 31b30001-c6bc-41c4-8b5d-b541ce032758: shutdown server with port 41537 successfully
2020-07-02 19:47:54,999 [ForkJoinPool.commonPool-worker-1] INFO  utils.BackgroundService (BackgroundService.java:shutdown(157)) - Shutting down service BlockDeletingService
2020-07-02 19:47:55,000 [0b60331c-5e1c-4a80-9807-96a116b38597@group-70A00D5D2C38-StateMachineUpdater] INFO  ratis.ContainerStateMachine (ContainerStateMachine.java:takeSnapshot(293)) - group-70A00D5D2C38: Taking a snapshot at:(t:1, i:0) file /github/workspace/mnt/ozone/hadoop-ozone/integration-test/target/test-dir/MiniOzoneClusterImpl-47077420-a86b-4566-b2ce-9fb6a30396ee/datanode-5/data/ratis/3d3c6625-0cd0-46ed-8c9a-70a00d5d2c38/sm/snapshot.1_0
2020-07-02 19:47:55,000 [Listener at 127.0.0.1/43161] INFO  impl.StateMachineUpdater (StateMachineUpdater.java:stopAndJoin(142)) - 0b60331c-5e1c-4a80-9807-96a116b38597@group-70A00D5D2C38-StateMachineUpdater: set stopIndex = 0
2020-07-02 19:47:55,001 [0b60331c-5e1c-4a80-9807-96a116b38597@group-70A00D5D2C38-StateMachineUpdater] INFO  ratis.ContainerStateMachine (ContainerStateMachine.java:takeSnapshot(304)) - group-70A00D5D2C38: Finished taking a snapshot at:(t:1, i:0) file:/github/workspace/mnt/ozone/hadoop-ozone/integration-test/target/test-dir/MiniOzoneClusterImpl-47077420-a86b-4566-b2ce-9fb6a30396ee/datanode-5/data/ratis/3d3c6625-0cd0-46ed-8c9a-70a00d5d2c38/sm/snapshot.1_0 time:1
2020-07-02 19:47:55,009 [ForkJoinPool.commonPool-worker-1] INFO  statemachine.DatanodeStateMachine (DatanodeStateMachine.java:stopDaemon(428)) - Ozone container server stopped.
2020-07-02 19:47:55,010 [0b60331c-5e1c-4a80-9807-96a116b38597@group-70A00D5D2C38-StateMachineUpdater] INFO  impl.StateMachineUpdater (StateMachineUpdater.java:takeSnapshot(277)) - 0b60331c-5e1c-4a80-9807-96a116b38597@group-70A00D5D2C38-StateMachineUpdater: Took a snapshot at index 0
2020-07-02 19:47:55,010 [0b60331c-5e1c-4a80-9807-96a116b38597@group-70A00D5D2C38-StateMachineUpdater] INFO  impl.StateMachineUpdater (StateMachineUpdater.java:lambda$new$0(87)) - 0b60331c-5e1c-4a80-9807-96a116b38597@group-70A00D5D2C38-StateMachineUpdater: snapshotIndex: updateIncreasingly -1 -> 0
2020-07-02 19:47:55,010 [0b60331c-5e1c-4a80-9807-96a116b38597@group-70A00D5D2C38-StateMachineUpdater] INFO  metrics.RatisMetrics (RatisMetrics.java:unregister(43)) - Unregistering Metrics Registry : ratis.state_machine.0b60331c-5e1c-4a80-9807-96a116b38597@group-70A00D5D2C38
2020-07-02 19:47:55,010 [Listener at 127.0.0.1/43161] INFO  impl.RaftServerImpl (ServerState.java:close(387)) - 0b60331c-5e1c-4a80-9807-96a116b38597@group-70A00D5D2C38: closes. applyIndex: 0
2020-07-02 19:47:55,012 [0b60331c-5e1c-4a80-9807-96a116b38597@group-70A00D5D2C38-SegmentedRaftLogWorker] INFO  segmented.SegmentedRaftLogWorker (SegmentedRaftLogWorker.java:run(327)) - 0b60331c-5e1c-4a80-9807-96a116b38597@group-70A00D5D2C38-SegmentedRaftLogWorker was interrupted, exiting. There are 0 tasks remaining in the queue.
2020-07-02 19:47:55,012 [ForkJoinPool.commonPool-worker-1] INFO  handler.ContextHandler (ContextHandler.java:doStop(1016)) - Stopped o.e.j.w.WebAppContext@38a36f64{hddsDatanode,/,null,UNAVAILABLE}{jar:file:/home/user/.m2/repository/org/apache/hadoop/hadoop-hdds-container-service/0.6.0-SNAPSHOT/hadoop-hdds-container-service-0.6.0-SNAPSHOT.jar!/webapps/hddsDatanode}
2020-07-02 19:47:55,013 [Listener at 127.0.0.1/43161] INFO  segmented.SegmentedRaftLogWorker (SegmentedRaftLogWorker.java:close(234)) - 0b60331c-5e1c-4a80-9807-96a116b38597@group-70A00D5D2C38-SegmentedRaftLogWorker close()
2020-07-02 19:47:55,014 [Listener at 127.0.0.1/43161] INFO  metrics.RatisMetrics (RatisMetrics.java:unregister(43)) - Unregistering Metrics Registry : ratis.log_worker.0b60331c-5e1c-4a80-9807-96a116b38597@group-70A00D5D2C38
2020-07-02 19:47:55,014 [Listener at 127.0.0.1/43161] INFO  metrics.RatisMetrics (RatisMetrics.java:unregister(43)) - Unregistering Metrics Registry : ratis.leader_election.0b60331c-5e1c-4a80-9807-96a116b38597@group-70A00D5D2C38
2020-07-02 19:47:55,014 [Listener at 127.0.0.1/43161] INFO  metrics.RatisMetrics (RatisMetrics.java:unregister(43)) - Unregistering Metrics Registry : ratis.server.0b60331c-5e1c-4a80-9807-96a116b38597@group-70A00D5D2C38
2020-07-02 19:47:55,014 [Listener at 127.0.0.1/43161] INFO  server.GrpcService (GrpcService.java:closeImpl(166)) - 0b60331c-5e1c-4a80-9807-96a116b38597: shutdown server with port 39379 now
2020-07-02 19:47:55,015 [ForkJoinPool.commonPool-worker-1] INFO  server.AbstractConnector (AbstractConnector.java:doStop(380)) - Stopped ServerConnector@6da2a7be{HTTP/1.1,[http/1.1]}{0.0.0.0:0}
2020-07-02 19:47:55,015 [ForkJoinPool.commonPool-worker-1] INFO  server.session (HouseKeeper.java:stopScavenging(158)) - node0 Stopped scavenging
2020-07-02 19:47:55,016 [ForkJoinPool.commonPool-worker-1] INFO  handler.ContextHandler (ContextHandler.java:doStop(1016)) - Stopped o.e.j.s.ServletContextHandler@4c57acc5{static,/static,jar:file:/home/user/.m2/repository/org/apache/hadoop/hadoop-hdds-container-service/0.6.0-SNAPSHOT/hadoop-hdds-container-service-0.6.0-SNAPSHOT.jar!/webapps/static,UNAVAILABLE}
2020-07-02 19:47:55,016 [Listener at 127.0.0.1/43161] INFO  server.GrpcService (GrpcService.java:closeImpl(174)) - 0b60331c-5e1c-4a80-9807-96a116b38597: shutdown server with port 39379 successfully
2020-07-02 19:47:55,017 [Listener at 127.0.0.1/43161] INFO  utils.BackgroundService (BackgroundService.java:shutdown(157)) - Shutting down service BlockDeletingService
2020-07-02 19:47:55,018 [ForkJoinPool.commonPool-worker-1] INFO  handler.ContextHandler (ContextHandler.java:doStop(1016)) - Stopped o.e.j.s.ServletContextHandler@7f25d1d3{logs,/logs,file:///github/workspace/mnt/ozone/hadoop-ozone/integration-test/target/log,UNAVAILABLE}
2020-07-02 19:47:55,020 [Listener at 127.0.0.1/43161] INFO  statemachine.DatanodeStateMachine (DatanodeStateMachine.java:stopDaemon(428)) - Ozone container server stopped.
2020-07-02 19:47:55,020 [Listener at 127.0.0.1/43161] INFO  handler.ContextHandler (ContextHandler.java:doStop(1016)) - Stopped o.e.j.w.WebAppContext@51f7265b{hddsDatanode,/,null,UNAVAILABLE}{jar:file:/home/user/.m2/repository/org/apache/hadoop/hadoop-hdds-container-service/0.6.0-SNAPSHOT/hadoop-hdds-container-service-0.6.0-SNAPSHOT.jar!/webapps/hddsDatanode}
2020-07-02 19:47:55,021 [Listener at 127.0.0.1/43161] INFO  server.AbstractConnector (AbstractConnector.java:doStop(380)) - Stopped ServerConnector@1b6bb1bd{HTTP/1.1,[http/1.1]}{0.0.0.0:0}
2020-07-02 19:47:55,022 [Listener at 127.0.0.1/43161] INFO  server.session (HouseKeeper.java:stopScavenging(158)) - node0 Stopped scavenging
2020-07-02 19:47:55,022 [Listener at 127.0.0.1/43161] INFO  handler.ContextHandler (ContextHandler.java:doStop(1016)) - Stopped o.e.j.s.ServletContextHandler@2da8cbb9{static,/static,jar:file:/home/user/.m2/repository/org/apache/hadoop/hadoop-hdds-container-service/0.6.0-SNAPSHOT/hadoop-hdds-container-service-0.6.0-SNAPSHOT.jar!/webapps/static,UNAVAILABLE}
2020-07-02 19:47:55,022 [Listener at 127.0.0.1/43161] INFO  handler.ContextHandler (ContextHandler.java:doStop(1016)) - Stopped o.e.j.s.ServletContextHandler@5d642e46{logs,/logs,file:///github/workspace/mnt/ozone/hadoop-ozone/integration-test/target/log,UNAVAILABLE}
2020-07-02 19:47:55,384 [Datanode State Machine Thread - 0] INFO  statemachine.DatanodeStateMachine (DatanodeStateMachine.java:lambda$startDaemon$0(380)) - Ozone container server started.
2020-07-02 19:47:55,874 [Datanode State Machine Thread - 0] INFO  statemachine.DatanodeStateMachine (DatanodeStateMachine.java:lambda$startDaemon$0(380)) - Ozone container server started.
2020-07-02 19:47:57,240 [grpc-default-executor-7] WARN  server.GrpcLogAppender (LogUtils.java:warn(122)) - 624bc23a-26d8-413d-a9ad-b038ba4eb8c0@group-ADA67ADC91AC->7640c2d1-a09c-4516-81ed-c198f8abcf65-AppendLogResponseHandler: Failed appendEntries: org.apache.ratis.thirdparty.io.grpc.StatusRuntimeException: UNAVAILABLE: io exception
2020-07-02 19:47:57,241 [grpc-default-executor-7] INFO  impl.FollowerInfo (FollowerInfo.java:lambda$new$0(51)) - 624bc23a-26d8-413d-a9ad-b038ba4eb8c0@group-ADA67ADC91AC->7640c2d1-a09c-4516-81ed-c198f8abcf65: nextIndex: updateUnconditionally 1 -> 0
2020-07-02 19:47:57,246 [grpc-default-executor-7] DEBUG server.GrpcLogAppender (GrpcLogAppender.java:onNext(257)) - 624bc23a-26d8-413d-a9ad-b038ba4eb8c0@group-ADA67ADC91AC->e1aceb7c-da99-4a3c-9205-ba6aed5f5e4d-AppendLogResponseHandler: received a reply 624bc23a-26d8-413d-a9ad-b038ba4eb8c0<-e1aceb7c-da99-4a3c-9205-ba6aed5f5e4d#4:OK,SUCCESS,nextIndex:1,term:2,followerCommit:0, request=AppendEntriesRequest:cid=4,entriesCount=0,lastEntry=null
2020-07-02 19:47:57,448 [grpc-default-executor-7] DEBUG server.GrpcLogAppender (GrpcLogAppender.java:onNext(257)) - 8ae206a5-f320-4eda-b157-0f223831448f@group-54AED5796201->6062bcc3-a1a5-437e-9952-fd12f6666483-AppendLogResponseHandler: received a reply 8ae206a5-f320-4eda-b157-0f223831448f<-6062bcc3-a1a5-437e-9952-fd12f6666483#6:OK,SUCCESS,nextIndex:1,term:1,followerCommit:0, request=AppendEntriesRequest:cid=6,entriesCount=0,lastEntry=null
2020-07-02 19:47:57,457 [grpc-default-executor-7] DEBUG server.GrpcLogAppender (GrpcLogAppender.java:onNext(257)) - 8ae206a5-f320-4eda-b157-0f223831448f@group-54AED5796201->5d2a92cb-0156-45c5-8f38-b4fa24aa5737-AppendLogResponseHandler: received a reply 8ae206a5-f320-4eda-b157-0f223831448f<-5d2a92cb-0156-45c5-8f38-b4fa24aa5737#6:OK,SUCCESS,nextIndex:1,term:1,followerCommit:0, request=AppendEntriesRequest:cid=6,entriesCount=0,lastEntry=null
2020-07-02 19:47:59,742 [grpc-default-executor-2] WARN  server.GrpcLogAppender (LogUtils.java:warn(122)) - 624bc23a-26d8-413d-a9ad-b038ba4eb8c0@group-ADA67ADC91AC->7640c2d1-a09c-4516-81ed-c198f8abcf65-AppendLogResponseHandler: Failed appendEntries: org.apache.ratis.thirdparty.io.grpc.StatusRuntimeException: UNAVAILABLE: io exception
2020-07-02 19:47:59,743 [grpc-default-executor-2] INFO  impl.FollowerInfo (FollowerInfo.java:lambda$new$0(51)) - 624bc23a-26d8-413d-a9ad-b038ba4eb8c0@group-ADA67ADC91AC->7640c2d1-a09c-4516-81ed-c198f8abcf65: nextIndex: updateUnconditionally 1 -> 0
2020-07-02 19:47:59,748 [grpc-default-executor-2] DEBUG server.GrpcLogAppender (GrpcLogAppender.java:onNext(257)) - 624bc23a-26d8-413d-a9ad-b038ba4eb8c0@group-ADA67ADC91AC->e1aceb7c-da99-4a3c-9205-ba6aed5f5e4d-AppendLogResponseHandler: received a reply 624bc23a-26d8-413d-a9ad-b038ba4eb8c0<-e1aceb7c-da99-4a3c-9205-ba6aed5f5e4d#5:OK,SUCCESS,nextIndex:1,term:2,followerCommit:0, request=AppendEntriesRequest:cid=5,entriesCount=0,lastEntry=null
2020-07-02 19:47:59,950 [grpc-default-executor-2] DEBUG server.GrpcLogAppender (GrpcLogAppender.java:onNext(257)) - 8ae206a5-f320-4eda-b157-0f223831448f@group-54AED5796201->6062bcc3-a1a5-437e-9952-fd12f6666483-AppendLogResponseHandler: received a reply 8ae206a5-f320-4eda-b157-0f223831448f<-6062bcc3-a1a5-437e-9952-fd12f6666483#7:OK,SUCCESS,nextIndex:1,term:1,followerCommit:0, request=AppendEntriesRequest:cid=7,entriesCount=0,lastEntry=null
2020-07-02 19:47:59,958 [grpc-default-executor-2] DEBUG server.GrpcLogAppender (GrpcLogAppender.java:onNext(257)) - 8ae206a5-f320-4eda-b157-0f223831448f@group-54AED5796201->5d2a92cb-0156-45c5-8f38-b4fa24aa5737-AppendLogResponseHandler: received a reply 8ae206a5-f320-4eda-b157-0f223831448f<-5d2a92cb-0156-45c5-8f38-b4fa24aa5737#7:OK,SUCCESS,nextIndex:1,term:1,followerCommit:0, request=AppendEntriesRequest:cid=7,entriesCount=0,lastEntry=null
2020-07-02 19:48:00,022 [ForkJoinPool.commonPool-worker-1] INFO  ozoneimpl.OzoneContainer (OzoneContainer.java:stop(246)) - Attempting to stop container services.
2020-07-02 19:48:00,022 [ForkJoinPool.commonPool-worker-1] INFO  impl.RaftServerProxy (RaftServerProxy.java:lambda$close$4(319)) - e1aceb7c-da99-4a3c-9205-ba6aed5f5e4d: close
2020-07-02 19:48:00,022 [ForkJoinPool.commonPool-worker-1] INFO  impl.RaftServerImpl (RaftServerImpl.java:lambda$shutdown$3(252)) - e1aceb7c-da99-4a3c-9205-ba6aed5f5e4d@group-9CDEA6A4F643: shutdown
2020-07-02 19:48:00,022 [ForkJoinPool.commonPool-worker-1] INFO  util.JmxRegister (JmxRegister.java:unregister(73)) - Successfully un-registered JMX Bean with object name Ratis:service=RaftServer,group=group-9CDEA6A4F643,id=e1aceb7c-da99-4a3c-9205-ba6aed5f5e4d
2020-07-02 19:48:00,023 [ForkJoinPool.commonPool-worker-1] INFO  impl.RoleInfo (RoleInfo.java:shutdownLeaderState(104)) - e1aceb7c-da99-4a3c-9205-ba6aed5f5e4d: shutdown LeaderState
2020-07-02 19:48:00,023 [ForkJoinPool.commonPool-worker-1] INFO  impl.PendingRequests (PendingRequests.java:sendNotLeaderResponses(249)) - e1aceb7c-da99-4a3c-9205-ba6aed5f5e4d@group-9CDEA6A4F643-PendingRequests: sendNotLeaderResponses
2020-07-02 19:48:00,023 [ForkJoinPool.commonPool-worker-1] INFO  metrics.RatisMetrics (RatisMetrics.java:unregister(43)) - Unregistering Metrics Registry : ratis.log_appender.e1aceb7c-da99-4a3c-9205-ba6aed5f5e4d@group-9CDEA6A4F643
2020-07-02 19:48:00,023 [ForkJoinPool.commonPool-worker-1] INFO  metrics.RatisMetrics (RatisMetrics.java:unregister(43)) - Unregistering Metrics Registry : ratis.server.e1aceb7c-da99-4a3c-9205-ba6aed5f5e4d@group-9CDEA6A4F643
2020-07-02 19:48:00,024 [ForkJoinPool.commonPool-worker-1] INFO  impl.StateMachineUpdater (StateMachineUpdater.java:stopAndJoin(142)) - e1aceb7c-da99-4a3c-9205-ba6aed5f5e4d@group-9CDEA6A4F643-StateMachineUpdater: set stopIndex = 0
2020-07-02 19:48:00,024 [Listener at 127.0.0.1/43161] INFO  ozoneimpl.OzoneContainer (OzoneContainer.java:stop(246)) - Attempting to stop container services.
2020-07-02 19:48:00,025 [e1aceb7c-da99-4a3c-9205-ba6aed5f5e4d@group-9CDEA6A4F643-StateMachineUpdater] INFO  ratis.ContainerStateMachine (ContainerStateMachine.java:takeSnapshot(293)) - group-9CDEA6A4F643: Taking a snapshot at:(t:1, i:0) file /github/workspace/mnt/ozone/hadoop-ozone/integration-test/target/test-dir/MiniOzoneClusterImpl-47077420-a86b-4566-b2ce-9fb6a30396ee/datanode-0/data/ratis/e1e348c9-494d-46d9-80f4-9cdea6a4f643/sm/snapshot.1_0
2020-07-02 19:48:00,026 [e1aceb7c-da99-4a3c-9205-ba6aed5f5e4d@group-9CDEA6A4F643-StateMachineUpdater] INFO  ratis.ContainerStateMachine (ContainerStateMachine.java:takeSnapshot(304)) - group-9CDEA6A4F643: Finished taking a snapshot at:(t:1, i:0) file:/github/workspace/mnt/ozone/hadoop-ozone/integration-test/target/test-dir/MiniOzoneClusterImpl-47077420-a86b-4566-b2ce-9fb6a30396ee/datanode-0/data/ratis/e1e348c9-494d-46d9-80f4-9cdea6a4f643/sm/snapshot.1_0 time:1
2020-07-02 19:48:00,026 [e1aceb7c-da99-4a3c-9205-ba6aed5f5e4d@group-9CDEA6A4F643-StateMachineUpdater] INFO  impl.StateMachineUpdater (StateMachineUpdater.java:takeSnapshot(277)) - e1aceb7c-da99-4a3c-9205-ba6aed5f5e4d@group-9CDEA6A4F643-StateMachineUpdater: Took a snapshot at index 0
2020-07-02 19:48:00,026 [e1aceb7c-da99-4a3c-9205-ba6aed5f5e4d@group-9CDEA6A4F643-StateMachineUpdater] INFO  impl.StateMachineUpdater (StateMachineUpdater.java:lambda$new$0(87)) - e1aceb7c-da99-4a3c-9205-ba6aed5f5e4d@group-9CDEA6A4F643-StateMachineUpdater: snapshotIndex: updateIncreasingly -1 -> 0
2020-07-02 19:48:00,026 [e1aceb7c-da99-4a3c-9205-ba6aed5f5e4d@group-9CDEA6A4F643-StateMachineUpdater] INFO  metrics.RatisMetrics (RatisMetrics.java:unregister(43)) - Unregistering Metrics Registry : ratis.state_machine.e1aceb7c-da99-4a3c-9205-ba6aed5f5e4d@group-9CDEA6A4F643
2020-07-02 19:48:00,028 [Listener at 127.0.0.1/43161] INFO  impl.RaftServerProxy (RaftServerProxy.java:lambda$close$4(319)) - 5d2a92cb-0156-45c5-8f38-b4fa24aa5737: close
2020-07-02 19:48:00,028 [Listener at 127.0.0.1/43161] INFO  impl.RaftServerImpl (RaftServerImpl.java:lambda$shutdown$3(252)) - 5d2a92cb-0156-45c5-8f38-b4fa24aa5737@group-54AED5796201: shutdown
2020-07-02 19:48:00,028 [ForkJoinPool.commonPool-worker-1] INFO  impl.RaftServerImpl (ServerState.java:close(387)) - e1aceb7c-da99-4a3c-9205-ba6aed5f5e4d@group-9CDEA6A4F643: closes. applyIndex: 0
2020-07-02 19:48:00,028 [Listener at 127.0.0.1/43161] INFO  util.JmxRegister (JmxRegister.java:unregister(73)) - Successfully un-registered JMX Bean with object name Ratis:service=RaftServer,group=group-54AED5796201,id=5d2a92cb-0156-45c5-8f38-b4fa24aa5737
2020-07-02 19:48:00,029 [Listener at 127.0.0.1/43161] INFO  impl.RoleInfo (RoleInfo.java:shutdownFollowerState(121)) - 5d2a92cb-0156-45c5-8f38-b4fa24aa5737: shutdown FollowerState
2020-07-02 19:48:00,029 [Listener at 127.0.0.1/43161] INFO  impl.StateMachineUpdater (StateMachineUpdater.java:stopAndJoin(142)) - 5d2a92cb-0156-45c5-8f38-b4fa24aa5737@group-54AED5796201-StateMachineUpdater: set stopIndex = 0
2020-07-02 19:48:00,029 [Thread-1808] INFO  impl.FollowerState (FollowerState.java:run(117)) - 5d2a92cb-0156-45c5-8f38-b4fa24aa5737@group-54AED5796201-FollowerState was interrupted: java.lang.InterruptedException: sleep interrupted
2020-07-02 19:48:00,029 [e1aceb7c-da99-4a3c-9205-ba6aed5f5e4d@group-9CDEA6A4F643-SegmentedRaftLogWorker] INFO  segmented.SegmentedRaftLogWorker (SegmentedRaftLogWorker.java:run(327)) - e1aceb7c-da99-4a3c-9205-ba6aed5f5e4d@group-9CDEA6A4F643-SegmentedRaftLogWorker was interrupted, exiting. There are 0 tasks remaining in the queue.
2020-07-02 19:48:00,029 [5d2a92cb-0156-45c5-8f38-b4fa24aa5737@group-54AED5796201-StateMachineUpdater] INFO  ratis.ContainerStateMachine (ContainerStateMachine.java:takeSnapshot(293)) - group-54AED5796201: Taking a snapshot at:(t:1, i:0) file /github/workspace/mnt/ozone/hadoop-ozone/integration-test/target/test-dir/MiniOzoneClusterImpl-47077420-a86b-4566-b2ce-9fb6a30396ee/datanode-7/data/ratis/918e4bec-9774-43bd-a7e6-54aed5796201/sm/snapshot.1_0
2020-07-02 19:48:00,030 [5d2a92cb-0156-45c5-8f38-b4fa24aa5737@group-54AED5796201-StateMachineUpdater] INFO  ratis.ContainerStateMachine (ContainerStateMachine.java:takeSnapshot(304)) - group-54AED5796201: Finished taking a snapshot at:(t:1, i:0) file:/github/workspace/mnt/ozone/hadoop-ozone/integration-test/target/test-dir/MiniOzoneClusterImpl-47077420-a86b-4566-b2ce-9fb6a30396ee/datanode-7/data/ratis/918e4bec-9774-43bd-a7e6-54aed5796201/sm/snapshot.1_0 time:1
2020-07-02 19:48:00,030 [ForkJoinPool.commonPool-worker-1] INFO  segmented.SegmentedRaftLogWorker (SegmentedRaftLogWorker.java:close(234)) - e1aceb7c-da99-4a3c-9205-ba6aed5f5e4d@group-9CDEA6A4F643-SegmentedRaftLogWorker close()
2020-07-02 19:48:00,030 [5d2a92cb-0156-45c5-8f38-b4fa24aa5737@group-54AED5796201-StateMachineUpdater] INFO  impl.StateMachineUpdater (StateMachineUpdater.java:takeSnapshot(277)) - 5d2a92cb-0156-45c5-8f38-b4fa24aa5737@group-54AED5796201-StateMachineUpdater: Took a snapshot at index 0
2020-07-02 19:48:00,031 [5d2a92cb-0156-45c5-8f38-b4fa24aa5737@group-54AED5796201-StateMachineUpdater] INFO  impl.StateMachineUpdater (StateMachineUpdater.java:lambda$new$0(87)) - 5d2a92cb-0156-45c5-8f38-b4fa24aa5737@group-54AED5796201-StateMachineUpdater: snapshotIndex: updateIncreasingly -1 -> 0
2020-07-02 19:48:00,031 [5d2a92cb-0156-45c5-8f38-b4fa24aa5737@group-54AED5796201-StateMachineUpdater] INFO  metrics.RatisMetrics (RatisMetrics.java:unregister(43)) - Unregistering Metrics Registry : ratis.state_machine.5d2a92cb-0156-45c5-8f38-b4fa24aa5737@group-54AED5796201
2020-07-02 19:48:00,031 [Listener at 127.0.0.1/43161] INFO  impl.RaftServerImpl (ServerState.java:close(387)) - 5d2a92cb-0156-45c5-8f38-b4fa24aa5737@group-54AED5796201: closes. applyIndex: 0
2020-07-02 19:48:00,032 [5d2a92cb-0156-45c5-8f38-b4fa24aa5737@group-54AED5796201-SegmentedRaftLogWorker] INFO  segmented.SegmentedRaftLogWorker (SegmentedRaftLogWorker.java:run(327)) - 5d2a92cb-0156-45c5-8f38-b4fa24aa5737@group-54AED5796201-SegmentedRaftLogWorker was interrupted, exiting. There are 0 tasks remaining in the queue.
2020-07-02 19:48:00,032 [Listener at 127.0.0.1/43161] INFO  segmented.SegmentedRaftLogWorker (SegmentedRaftLogWorker.java:close(234)) - 5d2a92cb-0156-45c5-8f38-b4fa24aa5737@group-54AED5796201-SegmentedRaftLogWorker close()
2020-07-02 19:48:00,034 [ForkJoinPool.commonPool-worker-1] INFO  metrics.RatisMetrics (RatisMetrics.java:unregister(43)) - Unregistering Metrics Registry : ratis.log_worker.e1aceb7c-da99-4a3c-9205-ba6aed5f5e4d@group-9CDEA6A4F643
2020-07-02 19:48:00,035 [ForkJoinPool.commonPool-worker-1] INFO  metrics.RatisMetrics (RatisMetrics.java:unregister(43)) - Unregistering Metrics Registry : ratis.leader_election.e1aceb7c-da99-4a3c-9205-ba6aed5f5e4d@group-9CDEA6A4F643
2020-07-02 19:48:00,035 [ForkJoinPool.commonPool-worker-1] INFO  metrics.RatisMetrics (RatisMetrics.java:unregister(43)) - Unregistering Metrics Registry : ratis.server.e1aceb7c-da99-4a3c-9205-ba6aed5f5e4d@group-9CDEA6A4F643
2020-07-02 19:48:00,035 [ForkJoinPool.commonPool-worker-1] INFO  impl.RaftServerImpl (RaftServerImpl.java:lambda$shutdown$3(252)) - e1aceb7c-da99-4a3c-9205-ba6aed5f5e4d@group-ADA67ADC91AC: shutdown
2020-07-02 19:48:00,035 [Listener at 127.0.0.1/43161] INFO  metrics.RatisMetrics (RatisMetrics.java:unregister(43)) - Unregistering Metrics Registry : ratis.log_worker.5d2a92cb-0156-45c5-8f38-b4fa24aa5737@group-54AED5796201
2020-07-02 19:48:00,035 [ForkJoinPool.commonPool-worker-1] INFO  util.JmxRegister (JmxRegister.java:unregister(73)) - Successfully un-registered JMX Bean with object name Ratis:service=RaftServer,group=group-ADA67ADC91AC,id=e1aceb7c-da99-4a3c-9205-ba6aed5f5e4d
2020-07-02 19:48:00,035 [ForkJoinPool.commonPool-worker-1] INFO  impl.RoleInfo (RoleInfo.java:shutdownFollowerState(121)) - e1aceb7c-da99-4a3c-9205-ba6aed5f5e4d: shutdown FollowerState
2020-07-02 19:48:00,035 [Thread-1826] INFO  impl.FollowerState (FollowerState.java:run(117)) - e1aceb7c-da99-4a3c-9205-ba6aed5f5e4d@group-ADA67ADC91AC-FollowerState was interrupted: java.lang.InterruptedException: sleep interrupted
2020-07-02 19:48:00,035 [Listener at 127.0.0.1/43161] INFO  metrics.RatisMetrics (RatisMetrics.java:unregister(43)) - Unregistering Metrics Registry : ratis.leader_election.5d2a92cb-0156-45c5-8f38-b4fa24aa5737@group-54AED5796201
2020-07-02 19:48:00,036 [Listener at 127.0.0.1/43161] INFO  metrics.RatisMetrics (RatisMetrics.java:unregister(43)) - Unregistering Metrics Registry : ratis.server.5d2a92cb-0156-45c5-8f38-b4fa24aa5737@group-54AED5796201
2020-07-02 19:48:00,036 [ForkJoinPool.commonPool-worker-1] INFO  impl.StateMachineUpdater (StateMachineUpdater.java:stopAndJoin(142)) - e1aceb7c-da99-4a3c-9205-ba6aed5f5e4d@group-ADA67ADC91AC-StateMachineUpdater: set stopIndex = 0
2020-07-02 19:48:00,036 [e1aceb7c-da99-4a3c-9205-ba6aed5f5e4d@group-ADA67ADC91AC-StateMachineUpdater] INFO  ratis.ContainerStateMachine (ContainerStateMachine.java:takeSnapshot(293)) - group-ADA67ADC91AC: Taking a snapshot at:(t:2, i:0) file /github/workspace/mnt/ozone/hadoop-ozone/integration-test/target/test-dir/MiniOzoneClusterImpl-47077420-a86b-4566-b2ce-9fb6a30396ee/datanode-0/data/ratis/89fa634c-6c32-4d85-96f8-ada67adc91ac/sm/snapshot.2_0
2020-07-02 19:48:00,036 [Listener at 127.0.0.1/43161] INFO  impl.RaftServerImpl (RaftServerImpl.java:lambda$shutdown$3(252)) - 5d2a92cb-0156-45c5-8f38-b4fa24aa5737@group-BC4EA3BC68EA: shutdown
2020-07-02 19:48:00,037 [Listener at 127.0.0.1/43161] INFO  util.JmxRegister (JmxRegister.java:unregister(73)) - Successfully un-registered JMX Bean with object name Ratis:service=RaftServer,group=group-BC4EA3BC68EA,id=5d2a92cb-0156-45c5-8f38-b4fa24aa5737
2020-07-02 19:48:00,037 [Listener at 127.0.0.1/43161] INFO  impl.RoleInfo (RoleInfo.java:shutdownLeaderState(104)) - 5d2a92cb-0156-45c5-8f38-b4fa24aa5737: shutdown LeaderState
2020-07-02 19:48:00,037 [e1aceb7c-da99-4a3c-9205-ba6aed5f5e4d@group-ADA67ADC91AC-StateMachineUpdater] INFO  ratis.ContainerStateMachine (ContainerStateMachine.java:takeSnapshot(304)) - group-ADA67ADC91AC: Finished taking a snapshot at:(t:2, i:0) file:/github/workspace/mnt/ozone/hadoop-ozone/integration-test/target/test-dir/MiniOzoneClusterImpl-47077420-a86b-4566-b2ce-9fb6a30396ee/datanode-0/data/ratis/89fa634c-6c32-4d85-96f8-ada67adc91ac/sm/snapshot.2_0 time:1
2020-07-02 19:48:00,037 [e1aceb7c-da99-4a3c-9205-ba6aed5f5e4d@group-ADA67ADC91AC-StateMachineUpdater] INFO  impl.StateMachineUpdater (StateMachineUpdater.java:takeSnapshot(277)) - e1aceb7c-da99-4a3c-9205-ba6aed5f5e4d@group-ADA67ADC91AC-StateMachineUpdater: Took a snapshot at index 0
2020-07-02 19:48:00,037 [e1aceb7c-da99-4a3c-9205-ba6aed5f5e4d@group-ADA67ADC91AC-StateMachineUpdater] INFO  impl.StateMachineUpdater (StateMachineUpdater.java:lambda$new$0(87)) - e1aceb7c-da99-4a3c-9205-ba6aed5f5e4d@group-ADA67ADC91AC-StateMachineUpdater: snapshotIndex: updateIncreasingly -1 -> 0
2020-07-02 19:48:00,037 [e1aceb7c-da99-4a3c-9205-ba6aed5f5e4d@group-ADA67ADC91AC-StateMachineUpdater] INFO  metrics.RatisMetrics (RatisMetrics.java:unregister(43)) - Unregistering Metrics Registry : ratis.state_machine.e1aceb7c-da99-4a3c-9205-ba6aed5f5e4d@group-ADA67ADC91AC
2020-07-02 19:48:00,038 [ForkJoinPool.commonPool-worker-1] INFO  impl.RaftServerImpl (ServerState.java:close(387)) - e1aceb7c-da99-4a3c-9205-ba6aed5f5e4d@group-ADA67ADC91AC: closes. applyIndex: 0
2020-07-02 19:48:00,038 [Listener at 127.0.0.1/43161] INFO  impl.PendingRequests (PendingRequests.java:sendNotLeaderResponses(249)) - 5d2a92cb-0156-45c5-8f38-b4fa24aa5737@group-BC4EA3BC68EA-PendingRequests: sendNotLeaderResponses
2020-07-02 19:48:00,038 [e1aceb7c-da99-4a3c-9205-ba6aed5f5e4d@group-ADA67ADC91AC-SegmentedRaftLogWorker] INFO  segmented.SegmentedRaftLogWorker (SegmentedRaftLogWorker.java:run(327)) - e1aceb7c-da99-4a3c-9205-ba6aed5f5e4d@group-ADA67ADC91AC-SegmentedRaftLogWorker was interrupted, exiting. There are 0 tasks remaining in the queue.
2020-07-02 19:48:00,038 [Listener at 127.0.0.1/43161] INFO  metrics.RatisMetrics (RatisMetrics.java:unregister(43)) - Unregistering Metrics Registry : ratis.log_appender.5d2a92cb-0156-45c5-8f38-b4fa24aa5737@group-BC4EA3BC68EA
2020-07-02 19:48:00,038 [ForkJoinPool.commonPool-worker-1] INFO  segmented.SegmentedRaftLogWorker (SegmentedRaftLogWorker.java:close(234)) - e1aceb7c-da99-4a3c-9205-ba6aed5f5e4d@group-ADA67ADC91AC-SegmentedRaftLogWorker close()
2020-07-02 19:48:00,038 [Listener at 127.0.0.1/43161] INFO  metrics.RatisMetrics (RatisMetrics.java:unregister(43)) - Unregistering Metrics Registry : ratis.server.5d2a92cb-0156-45c5-8f38-b4fa24aa5737@group-BC4EA3BC68EA
2020-07-02 19:48:00,039 [Listener at 127.0.0.1/43161] INFO  impl.StateMachineUpdater (StateMachineUpdater.java:stopAndJoin(142)) - 5d2a92cb-0156-45c5-8f38-b4fa24aa5737@group-BC4EA3BC68EA-StateMachineUpdater: set stopIndex = 0
2020-07-02 19:48:00,040 [5d2a92cb-0156-45c5-8f38-b4fa24aa5737@group-BC4EA3BC68EA-StateMachineUpdater] INFO  ratis.ContainerStateMachine (ContainerStateMachine.java:takeSnapshot(293)) - group-BC4EA3BC68EA: Taking a snapshot at:(t:1, i:0) file /github/workspace/mnt/ozone/hadoop-ozone/integration-test/target/test-dir/MiniOzoneClusterImpl-47077420-a86b-4566-b2ce-9fb6a30396ee/datanode-7/data/ratis/fc260bf0-23f5-4dcd-af18-bc4ea3bc68ea/sm/snapshot.1_0
2020-07-02 19:48:00,040 [ForkJoinPool.commonPool-worker-1] INFO  metrics.RatisMetrics (RatisMetrics.java:unregister(43)) - Unregistering Metrics Registry : ratis.log_worker.e1aceb7c-da99-4a3c-9205-ba6aed5f5e4d@group-ADA67ADC91AC
2020-07-02 19:48:00,040 [ForkJoinPool.commonPool-worker-1] INFO  metrics.RatisMetrics (RatisMetrics.java:unregister(43)) - Unregistering Metrics Registry : ratis.leader_election.e1aceb7c-da99-4a3c-9205-ba6aed5f5e4d@group-ADA67ADC91AC
2020-07-02 19:48:00,040 [ForkJoinPool.commonPool-worker-1] INFO  metrics.RatisMetrics (RatisMetrics.java:unregister(43)) - Unregistering Metrics Registry : ratis.server.e1aceb7c-da99-4a3c-9205-ba6aed5f5e4d@group-ADA67ADC91AC
2020-07-02 19:48:00,040 [5d2a92cb-0156-45c5-8f38-b4fa24aa5737@group-BC4EA3BC68EA-StateMachineUpdater] INFO  ratis.ContainerStateMachine (ContainerStateMachine.java:takeSnapshot(304)) - group-BC4EA3BC68EA: Finished taking a snapshot at:(t:1, i:0) file:/github/workspace/mnt/ozone/hadoop-ozone/integration-test/target/test-dir/MiniOzoneClusterImpl-47077420-a86b-4566-b2ce-9fb6a30396ee/datanode-7/data/ratis/fc260bf0-23f5-4dcd-af18-bc4ea3bc68ea/sm/snapshot.1_0 time:1
2020-07-02 19:48:00,041 [5d2a92cb-0156-45c5-8f38-b4fa24aa5737@group-BC4EA3BC68EA-StateMachineUpdater] INFO  impl.StateMachineUpdater (StateMachineUpdater.java:takeSnapshot(277)) - 5d2a92cb-0156-45c5-8f38-b4fa24aa5737@group-BC4EA3BC68EA-StateMachineUpdater: Took a snapshot at index 0
2020-07-02 19:48:00,041 [5d2a92cb-0156-45c5-8f38-b4fa24aa5737@group-BC4EA3BC68EA-StateMachineUpdater] INFO  impl.StateMachineUpdater (StateMachineUpdater.java:lambda$new$0(87)) - 5d2a92cb-0156-45c5-8f38-b4fa24aa5737@group-BC4EA3BC68EA-StateMachineUpdater: snapshotIndex: updateIncreasingly -1 -> 0
2020-07-02 19:48:00,041 [5d2a92cb-0156-45c5-8f38-b4fa24aa5737@group-BC4EA3BC68EA-StateMachineUpdater] INFO  metrics.RatisMetrics (RatisMetrics.java:unregister(43)) - Unregistering Metrics Registry : ratis.state_machine.5d2a92cb-0156-45c5-8f38-b4fa24aa5737@group-BC4EA3BC68EA
2020-07-02 19:48:00,041 [Listener at 127.0.0.1/43161] INFO  impl.RaftServerImpl (ServerState.java:close(387)) - 5d2a92cb-0156-45c5-8f38-b4fa24aa5737@group-BC4EA3BC68EA: closes. applyIndex: 0
2020-07-02 19:48:00,041 [ForkJoinPool.commonPool-worker-1] INFO  server.GrpcService (GrpcService.java:closeImpl(166)) - e1aceb7c-da99-4a3c-9205-ba6aed5f5e4d: shutdown server with port 39317 now
2020-07-02 19:48:00,041 [5d2a92cb-0156-45c5-8f38-b4fa24aa5737@group-BC4EA3BC68EA-SegmentedRaftLogWorker] INFO  segmented.SegmentedRaftLogWorker (SegmentedRaftLogWorker.java:run(327)) - 5d2a92cb-0156-45c5-8f38-b4fa24aa5737@group-BC4EA3BC68EA-SegmentedRaftLogWorker was interrupted, exiting. There are 0 tasks remaining in the queue.
2020-07-02 19:48:00,042 [Listener at 127.0.0.1/43161] INFO  segmented.SegmentedRaftLogWorker (SegmentedRaftLogWorker.java:close(234)) - 5d2a92cb-0156-45c5-8f38-b4fa24aa5737@group-BC4EA3BC68EA-SegmentedRaftLogWorker close()
2020-07-02 19:48:00,043 [ForkJoinPool.commonPool-worker-1] INFO  server.GrpcService (GrpcService.java:closeImpl(174)) - e1aceb7c-da99-4a3c-9205-ba6aed5f5e4d: shutdown server with port 39317 successfully
2020-07-02 19:48:00,043 [grpc-default-executor-0] WARN  server.GrpcLogAppender (LogUtils.java:warn(122)) - 624bc23a-26d8-413d-a9ad-b038ba4eb8c0@group-ADA67ADC91AC->e1aceb7c-da99-4a3c-9205-ba6aed5f5e4d-AppendLogResponseHandler: Failed appendEntries: org.apache.ratis.thirdparty.io.grpc.StatusRuntimeException: CANCELLED: HTTP/2 error code: CANCEL
Received Rst Stream
2020-07-02 19:48:00,046 [grpc-default-executor-0] INFO  impl.FollowerInfo (FollowerInfo.java:lambda$new$0(51)) - 624bc23a-26d8-413d-a9ad-b038ba4eb8c0@group-ADA67ADC91AC->e1aceb7c-da99-4a3c-9205-ba6aed5f5e4d: nextIndex: updateUnconditionally 1 -> 0
2020-07-02 19:48:00,043 [grpc-default-executor-7] WARN  server.GrpcServerProtocolService (LogUtils.java:warn(122)) - e1aceb7c-da99-4a3c-9205-ba6aed5f5e4d: installSnapshot onError, lastRequest: 624bc23a-26d8-413d-a9ad-b038ba4eb8c0->e1aceb7c-da99-4a3c-9205-ba6aed5f5e4d#1-t2, previous=(t:0, i:0), leaderCommit=0, initializing? false, entries: size=1, first=(t:2, i:0), CONFIGURATIONENTRY: org.apache.ratis.thirdparty.io.grpc.StatusRuntimeException: CANCELLED: cancelled before receiving half close
2020-07-02 19:48:00,045 [Listener at 127.0.0.1/43161] INFO  metrics.RatisMetrics (RatisMetrics.java:unregister(43)) - Unregistering Metrics Registry : ratis.log_worker.5d2a92cb-0156-45c5-8f38-b4fa24aa5737@group-BC4EA3BC68EA
2020-07-02 19:48:00,052 [Listener at 127.0.0.1/43161] INFO  metrics.RatisMetrics (RatisMetrics.java:unregister(43)) - Unregistering Metrics Registry : ratis.leader_election.5d2a92cb-0156-45c5-8f38-b4fa24aa5737@group-BC4EA3BC68EA
2020-07-02 19:48:00,052 [Listener at 127.0.0.1/43161] INFO  metrics.RatisMetrics (RatisMetrics.java:unregister(43)) - Unregistering Metrics Registry : ratis.server.5d2a92cb-0156-45c5-8f38-b4fa24aa5737@group-BC4EA3BC68EA
2020-07-02 19:48:00,052 [Listener at 127.0.0.1/43161] INFO  server.GrpcService (GrpcService.java:closeImpl(166)) - 5d2a92cb-0156-45c5-8f38-b4fa24aa5737: shutdown server with port 40131 now
2020-07-02 19:48:00,051 [ForkJoinPool.commonPool-worker-1] INFO  utils.BackgroundService (BackgroundService.java:shutdown(157)) - Shutting down service BlockDeletingService
2020-07-02 19:48:00,054 [Listener at 127.0.0.1/43161] INFO  server.GrpcService (GrpcService.java:closeImpl(174)) - 5d2a92cb-0156-45c5-8f38-b4fa24aa5737: shutdown server with port 40131 successfully
2020-07-02 19:48:00,054 [grpc-default-executor-2] WARN  server.GrpcLogAppender (LogUtils.java:warn(122)) - 8ae206a5-f320-4eda-b157-0f223831448f@group-54AED5796201->5d2a92cb-0156-45c5-8f38-b4fa24aa5737-AppendLogResponseHandler: Failed appendEntries: org.apache.ratis.thirdparty.io.grpc.StatusRuntimeException: CANCELLED: HTTP/2 error code: CANCEL
Received Rst Stream
2020-07-02 19:48:00,054 [grpc-default-executor-0] WARN  server.GrpcServerProtocolService (LogUtils.java:warn(122)) - 5d2a92cb-0156-45c5-8f38-b4fa24aa5737: installSnapshot onError, lastRequest: 8ae206a5-f320-4eda-b157-0f223831448f->5d2a92cb-0156-45c5-8f38-b4fa24aa5737#1-t1, previous=(t:0, i:0), leaderCommit=0, initializing? false, entries: size=1, first=(t:1, i:0), CONFIGURATIONENTRY: org.apache.ratis.thirdparty.io.grpc.StatusRuntimeException: CANCELLED: cancelled before receiving half close
2020-07-02 19:48:00,055 [Listener at 127.0.0.1/43161] INFO  utils.BackgroundService (BackgroundService.java:shutdown(157)) - Shutting down service BlockDeletingService
2020-07-02 19:48:00,055 [grpc-default-executor-2] INFO  impl.FollowerInfo (FollowerInfo.java:lambda$new$0(51)) - 8ae206a5-f320-4eda-b157-0f223831448f@group-54AED5796201->5d2a92cb-0156-45c5-8f38-b4fa24aa5737: nextIndex: updateUnconditionally 1 -> 0
2020-07-02 19:48:00,059 [ForkJoinPool.commonPool-worker-1] INFO  statemachine.DatanodeStateMachine (DatanodeStateMachine.java:stopDaemon(428)) - Ozone container server stopped.
2020-07-02 19:48:00,059 [Listener at 127.0.0.1/43161] INFO  statemachine.DatanodeStateMachine (DatanodeStateMachine.java:stopDaemon(428)) - Ozone container server stopped.
2020-07-02 19:48:00,059 [Listener at 127.0.0.1/43161] INFO  handler.ContextHandler (ContextHandler.java:doStop(1016)) - Stopped o.e.j.w.WebAppContext@316a03cf{hddsDatanode,/,null,UNAVAILABLE}{jar:file:/home/user/.m2/repository/org/apache/hadoop/hadoop-hdds-container-service/0.6.0-SNAPSHOT/hadoop-hdds-container-service-0.6.0-SNAPSHOT.jar!/webapps/hddsDatanode}
2020-07-02 19:48:00,060 [Listener at 127.0.0.1/43161] INFO  server.AbstractConnector (AbstractConnector.java:doStop(380)) - Stopped ServerConnector@7a82be85{HTTP/1.1,[http/1.1]}{0.0.0.0:0}
2020-07-02 19:48:00,060 [Listener at 127.0.0.1/43161] INFO  server.session (HouseKeeper.java:stopScavenging(158)) - node0 Stopped scavenging
2020-07-02 19:48:00,060 [Listener at 127.0.0.1/43161] INFO  handler.ContextHandler (ContextHandler.java:doStop(1016)) - Stopped o.e.j.s.ServletContextHandler@24e2d0d1{static,/static,jar:file:/home/user/.m2/repository/org/apache/hadoop/hadoop-hdds-container-service/0.6.0-SNAPSHOT/hadoop-hdds-container-service-0.6.0-SNAPSHOT.jar!/webapps/static,UNAVAILABLE}
2020-07-02 19:48:00,061 [Listener at 127.0.0.1/43161] INFO  handler.ContextHandler (ContextHandler.java:doStop(1016)) - Stopped o.e.j.s.ServletContextHandler@87852fb{logs,/logs,file:///github/workspace/mnt/ozone/hadoop-ozone/integration-test/target/log,UNAVAILABLE}
2020-07-02 19:48:00,063 [ForkJoinPool.commonPool-worker-1] INFO  handler.ContextHandler (ContextHandler.java:doStop(1016)) - Stopped o.e.j.w.WebAppContext@505f8cf{hddsDatanode,/,null,UNAVAILABLE}{jar:file:/home/user/.m2/repository/org/apache/hadoop/hadoop-hdds-container-service/0.6.0-SNAPSHOT/hadoop-hdds-container-service-0.6.0-SNAPSHOT.jar!/webapps/hddsDatanode}
2020-07-02 19:48:00,064 [ForkJoinPool.commonPool-worker-1] INFO  server.AbstractConnector (AbstractConnector.java:doStop(380)) - Stopped ServerConnector@2fcc4d13{HTTP/1.1,[http/1.1]}{0.0.0.0:0}
2020-07-02 19:48:00,064 [ForkJoinPool.commonPool-worker-1] INFO  server.session (HouseKeeper.java:stopScavenging(158)) - node0 Stopped scavenging
2020-07-02 19:48:00,067 [ForkJoinPool.commonPool-worker-1] INFO  handler.ContextHandler (ContextHandler.java:doStop(1016)) - Stopped o.e.j.s.ServletContextHandler@1b36701c{static,/static,jar:file:/home/user/.m2/repository/org/apache/hadoop/hadoop-hdds-container-service/0.6.0-SNAPSHOT/hadoop-hdds-container-service-0.6.0-SNAPSHOT.jar!/webapps/static,UNAVAILABLE}
2020-07-02 19:48:00,068 [ForkJoinPool.commonPool-worker-1] INFO  handler.ContextHandler (ContextHandler.java:doStop(1016)) - Stopped o.e.j.s.ServletContextHandler@48b745af{logs,/logs,file:///github/workspace/mnt/ozone/hadoop-ozone/integration-test/target/log,UNAVAILABLE}
2020-07-02 19:48:00,684 [Datanode State Machine Thread - 0] INFO  statemachine.DatanodeStateMachine (DatanodeStateMachine.java:lambda$startDaemon$0(380)) - Ozone container server started.
2020-07-02 19:48:00,886 [Datanode State Machine Thread - 0] INFO  statemachine.DatanodeStateMachine (DatanodeStateMachine.java:lambda$startDaemon$0(380)) - Ozone container server started.
2020-07-02 19:48:02,243 [grpc-default-executor-2] WARN  server.GrpcLogAppender (LogUtils.java:warn(122)) - 624bc23a-26d8-413d-a9ad-b038ba4eb8c0@group-ADA67ADC91AC->7640c2d1-a09c-4516-81ed-c198f8abcf65-AppendLogResponseHandler: Failed appendEntries: org.apache.ratis.thirdparty.io.grpc.StatusRuntimeException: UNAVAILABLE: io exception
2020-07-02 19:48:02,244 [grpc-default-executor-2] INFO  impl.FollowerInfo (FollowerInfo.java:lambda$new$0(51)) - 624bc23a-26d8-413d-a9ad-b038ba4eb8c0@group-ADA67ADC91AC->7640c2d1-a09c-4516-81ed-c198f8abcf65: nextIndex: updateUnconditionally 1 -> 0
2020-07-02 19:48:02,250 [grpc-default-executor-7] WARN  server.GrpcLogAppender (LogUtils.java:warn(122)) - 624bc23a-26d8-413d-a9ad-b038ba4eb8c0@group-ADA67ADC91AC->e1aceb7c-da99-4a3c-9205-ba6aed5f5e4d-AppendLogResponseHandler: Failed appendEntries: org.apache.ratis.thirdparty.io.grpc.StatusRuntimeException: UNAVAILABLE: io exception
2020-07-02 19:48:02,251 [grpc-default-executor-7] INFO  impl.FollowerInfo (FollowerInfo.java:lambda$new$0(51)) - 624bc23a-26d8-413d-a9ad-b038ba4eb8c0@group-ADA67ADC91AC->e1aceb7c-da99-4a3c-9205-ba6aed5f5e4d: nextIndex: updateUnconditionally 1 -> 0
2020-07-02 19:48:02,453 [grpc-default-executor-7] DEBUG server.GrpcLogAppender (GrpcLogAppender.java:onNext(257)) - 8ae206a5-f320-4eda-b157-0f223831448f@group-54AED5796201->6062bcc3-a1a5-437e-9952-fd12f6666483-AppendLogResponseHandler: received a reply 8ae206a5-f320-4eda-b157-0f223831448f<-6062bcc3-a1a5-437e-9952-fd12f6666483#8:OK,SUCCESS,nextIndex:1,term:1,followerCommit:0, request=AppendEntriesRequest:cid=8,entriesCount=0,lastEntry=null
2020-07-02 19:48:02,461 [grpc-default-executor-2] WARN  server.GrpcLogAppender (LogUtils.java:warn(122)) - 8ae206a5-f320-4eda-b157-0f223831448f@group-54AED5796201->5d2a92cb-0156-45c5-8f38-b4fa24aa5737-AppendLogResponseHandler: Failed appendEntries: org.apache.ratis.thirdparty.io.grpc.StatusRuntimeException: UNAVAILABLE: io exception
2020-07-02 19:48:02,462 [grpc-default-executor-2] INFO  impl.FollowerInfo (FollowerInfo.java:lambda$new$0(51)) - 8ae206a5-f320-4eda-b157-0f223831448f@group-54AED5796201->5d2a92cb-0156-45c5-8f38-b4fa24aa5737: nextIndex: updateUnconditionally 1 -> 0
2020-07-02 19:48:04,745 [grpc-default-executor-7] WARN  server.GrpcLogAppender (LogUtils.java:warn(122)) - 624bc23a-26d8-413d-a9ad-b038ba4eb8c0@group-ADA67ADC91AC->7640c2d1-a09c-4516-81ed-c198f8abcf65-AppendLogResponseHandler: Failed appendEntries: org.apache.ratis.thirdparty.io.grpc.StatusRuntimeException: UNAVAILABLE: io exception
2020-07-02 19:48:04,746 [grpc-default-executor-7] INFO  impl.FollowerInfo (FollowerInfo.java:lambda$new$0(51)) - 624bc23a-26d8-413d-a9ad-b038ba4eb8c0@group-ADA67ADC91AC->7640c2d1-a09c-4516-81ed-c198f8abcf65: nextIndex: updateUnconditionally 1 -> 0
2020-07-02 19:48:04,752 [grpc-default-executor-2] WARN  server.GrpcLogAppender (LogUtils.java:warn(122)) - 624bc23a-26d8-413d-a9ad-b038ba4eb8c0@group-ADA67ADC91AC->e1aceb7c-da99-4a3c-9205-ba6aed5f5e4d-AppendLogResponseHandler: Failed appendEntries: org.apache.ratis.thirdparty.io.grpc.StatusRuntimeException: UNAVAILABLE: io exception
2020-07-02 19:48:04,753 [grpc-default-executor-2] INFO  impl.FollowerInfo (FollowerInfo.java:lambda$new$0(51)) - 624bc23a-26d8-413d-a9ad-b038ba4eb8c0@group-ADA67ADC91AC->e1aceb7c-da99-4a3c-9205-ba6aed5f5e4d: nextIndex: updateUnconditionally 1 -> 0
2020-07-02 19:48:04,955 [grpc-default-executor-2] DEBUG server.GrpcLogAppender (GrpcLogAppender.java:onNext(257)) - 8ae206a5-f320-4eda-b157-0f223831448f@group-54AED5796201->6062bcc3-a1a5-437e-9952-fd12f6666483-AppendLogResponseHandler: received a reply 8ae206a5-f320-4eda-b157-0f223831448f<-6062bcc3-a1a5-437e-9952-fd12f6666483#9:OK,SUCCESS,nextIndex:1,term:1,followerCommit:0, request=AppendEntriesRequest:cid=9,entriesCount=0,lastEntry=null
2020-07-02 19:48:04,963 [grpc-default-executor-7] WARN  server.GrpcLogAppender (LogUtils.java:warn(122)) - 8ae206a5-f320-4eda-b157-0f223831448f@group-54AED5796201->5d2a92cb-0156-45c5-8f38-b4fa24aa5737-AppendLogResponseHandler: Failed appendEntries: org.apache.ratis.thirdparty.io.grpc.StatusRuntimeException: UNAVAILABLE: io exception
2020-07-02 19:48:04,964 [grpc-default-executor-7] INFO  impl.FollowerInfo (FollowerInfo.java:lambda$new$0(51)) - 8ae206a5-f320-4eda-b157-0f223831448f@group-54AED5796201->5d2a92cb-0156-45c5-8f38-b4fa24aa5737: nextIndex: updateUnconditionally 1 -> 0
2020-07-02 19:48:05,063 [Listener at 127.0.0.1/43161] INFO  ozoneimpl.OzoneContainer (OzoneContainer.java:stop(246)) - Attempting to stop container services.
2020-07-02 19:48:05,064 [Listener at 127.0.0.1/43161] INFO  impl.RaftServerProxy (RaftServerProxy.java:lambda$close$4(319)) - 8ae206a5-f320-4eda-b157-0f223831448f: close
2020-07-02 19:48:05,064 [Listener at 127.0.0.1/43161] INFO  impl.RaftServerImpl (RaftServerImpl.java:lambda$shutdown$3(252)) - 8ae206a5-f320-4eda-b157-0f223831448f@group-6A0CA2ACC8F8: shutdown
2020-07-02 19:48:05,064 [Listener at 127.0.0.1/43161] INFO  util.JmxRegister (JmxRegister.java:unregister(73)) - Successfully un-registered JMX Bean with object name Ratis:service=RaftServer,group=group-6A0CA2ACC8F8,id=8ae206a5-f320-4eda-b157-0f223831448f
2020-07-02 19:48:05,065 [Listener at 127.0.0.1/43161] INFO  impl.RoleInfo (RoleInfo.java:shutdownLeaderState(104)) - 8ae206a5-f320-4eda-b157-0f223831448f: shutdown LeaderState
2020-07-02 19:48:05,065 [Listener at 127.0.0.1/43161] INFO  impl.PendingRequests (PendingRequests.java:sendNotLeaderResponses(249)) - 8ae206a5-f320-4eda-b157-0f223831448f@group-6A0CA2ACC8F8-PendingRequests: sendNotLeaderResponses
2020-07-02 19:48:05,065 [Listener at 127.0.0.1/43161] INFO  metrics.RatisMetrics (RatisMetrics.java:unregister(43)) - Unregistering Metrics Registry : ratis.log_appender.8ae206a5-f320-4eda-b157-0f223831448f@group-6A0CA2ACC8F8
2020-07-02 19:48:05,065 [Listener at 127.0.0.1/43161] INFO  metrics.RatisMetrics (RatisMetrics.java:unregister(43)) - Unregistering Metrics Registry : ratis.server.8ae206a5-f320-4eda-b157-0f223831448f@group-6A0CA2ACC8F8
2020-07-02 19:48:05,066 [Listener at 127.0.0.1/43161] INFO  impl.StateMachineUpdater (StateMachineUpdater.java:stopAndJoin(142)) - 8ae206a5-f320-4eda-b157-0f223831448f@group-6A0CA2ACC8F8-StateMachineUpdater: set stopIndex = 0
2020-07-02 19:48:05,067 [8ae206a5-f320-4eda-b157-0f223831448f@group-6A0CA2ACC8F8-StateMachineUpdater] INFO  ratis.ContainerStateMachine (ContainerStateMachine.java:takeSnapshot(293)) - group-6A0CA2ACC8F8: Taking a snapshot at:(t:1, i:0) file /github/workspace/mnt/ozone/hadoop-ozone/integration-test/target/test-dir/MiniOzoneClusterImpl-47077420-a86b-4566-b2ce-9fb6a30396ee/datanode-8/data/ratis/59930e45-aea4-41c0-9109-6a0ca2acc8f8/sm/snapshot.1_0
2020-07-02 19:48:05,067 [8ae206a5-f320-4eda-b157-0f223831448f@group-6A0CA2ACC8F8-StateMachineUpdater] INFO  ratis.ContainerStateMachine (ContainerStateMachine.java:takeSnapshot(304)) - group-6A0CA2ACC8F8: Finished taking a snapshot at:(t:1, i:0) file:/github/workspace/mnt/ozone/hadoop-ozone/integration-test/target/test-dir/MiniOzoneClusterImpl-47077420-a86b-4566-b2ce-9fb6a30396ee/datanode-8/data/ratis/59930e45-aea4-41c0-9109-6a0ca2acc8f8/sm/snapshot.1_0 time:0
2020-07-02 19:48:05,068 [8ae206a5-f320-4eda-b157-0f223831448f@group-6A0CA2ACC8F8-StateMachineUpdater] INFO  impl.StateMachineUpdater (StateMachineUpdater.java:takeSnapshot(277)) - 8ae206a5-f320-4eda-b157-0f223831448f@group-6A0CA2ACC8F8-StateMachineUpdater: Took a snapshot at index 0
2020-07-02 19:48:05,068 [8ae206a5-f320-4eda-b157-0f223831448f@group-6A0CA2ACC8F8-StateMachineUpdater] INFO  impl.StateMachineUpdater (StateMachineUpdater.java:lambda$new$0(87)) - 8ae206a5-f320-4eda-b157-0f223831448f@group-6A0CA2ACC8F8-StateMachineUpdater: snapshotIndex: updateIncreasingly -1 -> 0
2020-07-02 19:48:05,068 [8ae206a5-f320-4eda-b157-0f223831448f@group-6A0CA2ACC8F8-StateMachineUpdater] INFO  metrics.RatisMetrics (RatisMetrics.java:unregister(43)) - Unregistering Metrics Registry : ratis.state_machine.8ae206a5-f320-4eda-b157-0f223831448f@group-6A0CA2ACC8F8
2020-07-02 19:48:05,068 [Listener at 127.0.0.1/43161] INFO  impl.RaftServerImpl (ServerState.java:close(387)) - 8ae206a5-f320-4eda-b157-0f223831448f@group-6A0CA2ACC8F8: closes. applyIndex: 0
2020-07-02 19:48:05,068 [8ae206a5-f320-4eda-b157-0f223831448f@group-6A0CA2ACC8F8-SegmentedRaftLogWorker] INFO  segmented.SegmentedRaftLogWorker (SegmentedRaftLogWorker.java:run(327)) - 8ae206a5-f320-4eda-b157-0f223831448f@group-6A0CA2ACC8F8-SegmentedRaftLogWorker was interrupted, exiting. There are 0 tasks remaining in the queue.
2020-07-02 19:48:05,068 [Listener at 127.0.0.1/43161] INFO  segmented.SegmentedRaftLogWorker (SegmentedRaftLogWorker.java:close(234)) - 8ae206a5-f320-4eda-b157-0f223831448f@group-6A0CA2ACC8F8-SegmentedRaftLogWorker close()
2020-07-02 19:48:05,069 [Listener at 127.0.0.1/43161] INFO  metrics.RatisMetrics (RatisMetrics.java:unregister(43)) - Unregistering Metrics Registry : ratis.log_worker.8ae206a5-f320-4eda-b157-0f223831448f@group-6A0CA2ACC8F8
2020-07-02 19:48:05,069 [Listener at 127.0.0.1/43161] INFO  metrics.RatisMetrics (RatisMetrics.java:unregister(43)) - Unregistering Metrics Registry : ratis.leader_election.8ae206a5-f320-4eda-b157-0f223831448f@group-6A0CA2ACC8F8
2020-07-02 19:48:05,070 [Listener at 127.0.0.1/43161] INFO  metrics.RatisMetrics (RatisMetrics.java:unregister(43)) - Unregistering Metrics Registry : ratis.server.8ae206a5-f320-4eda-b157-0f223831448f@group-6A0CA2ACC8F8
2020-07-02 19:48:05,070 [Listener at 127.0.0.1/43161] INFO  impl.RaftServerImpl (RaftServerImpl.java:lambda$shutdown$3(252)) - 8ae206a5-f320-4eda-b157-0f223831448f@group-54AED5796201: shutdown
2020-07-02 19:48:05,070 [Listener at 127.0.0.1/43161] INFO  util.JmxRegister (JmxRegister.java:unregister(73)) - Successfully un-registered JMX Bean with object name Ratis:service=RaftServer,group=group-54AED5796201,id=8ae206a5-f320-4eda-b157-0f223831448f
2020-07-02 19:48:05,070 [ForkJoinPool.commonPool-worker-1] INFO  ozoneimpl.OzoneContainer (OzoneContainer.java:stop(246)) - Attempting to stop container services.
2020-07-02 19:48:05,070 [ForkJoinPool.commonPool-worker-1] INFO  impl.RaftServerProxy (RaftServerProxy.java:lambda$close$4(319)) - 624bc23a-26d8-413d-a9ad-b038ba4eb8c0: close
2020-07-02 19:48:05,070 [ForkJoinPool.commonPool-worker-1] INFO  impl.RaftServerImpl (RaftServerImpl.java:lambda$shutdown$3(252)) - 624bc23a-26d8-413d-a9ad-b038ba4eb8c0@group-44088AF90764: shutdown
2020-07-02 19:48:05,070 [Listener at 127.0.0.1/43161] INFO  impl.RoleInfo (RoleInfo.java:shutdownLeaderState(104)) - 8ae206a5-f320-4eda-b157-0f223831448f: shutdown LeaderState
2020-07-02 19:48:05,071 [Listener at 127.0.0.1/43161] INFO  metrics.RatisMetrics (RatisMetrics.java:unregister(43)) - Unregistering Metrics Registry : ratis_grpc.log_appender.8ae206a5-f320-4eda-b157-0f223831448f@group-54AED5796201
2020-07-02 19:48:05,070 [ForkJoinPool.commonPool-worker-1] INFO  util.JmxRegister (JmxRegister.java:unregister(73)) - Successfully un-registered JMX Bean with object name Ratis:service=RaftServer,group=group-44088AF90764,id=624bc23a-26d8-413d-a9ad-b038ba4eb8c0
2020-07-02 19:48:05,071 [ForkJoinPool.commonPool-worker-1] INFO  impl.RoleInfo (RoleInfo.java:shutdownLeaderState(104)) - 624bc23a-26d8-413d-a9ad-b038ba4eb8c0: shutdown LeaderState
2020-07-02 19:48:05,071 [ForkJoinPool.commonPool-worker-1] INFO  impl.PendingRequests (PendingRequests.java:sendNotLeaderResponses(249)) - 624bc23a-26d8-413d-a9ad-b038ba4eb8c0@group-44088AF90764-PendingRequests: sendNotLeaderResponses
2020-07-02 19:48:05,071 [ForkJoinPool.commonPool-worker-1] INFO  metrics.RatisMetrics (RatisMetrics.java:unregister(43)) - Unregistering Metrics Registry : ratis.log_appender.624bc23a-26d8-413d-a9ad-b038ba4eb8c0@group-44088AF90764
2020-07-02 19:48:05,071 [ForkJoinPool.commonPool-worker-1] INFO  metrics.RatisMetrics (RatisMetrics.java:unregister(43)) - Unregistering Metrics Registry : ratis.server.624bc23a-26d8-413d-a9ad-b038ba4eb8c0@group-44088AF90764
2020-07-02 19:48:05,072 [ForkJoinPool.commonPool-worker-1] INFO  impl.StateMachineUpdater (StateMachineUpdater.java:stopAndJoin(142)) - 624bc23a-26d8-413d-a9ad-b038ba4eb8c0@group-44088AF90764-StateMachineUpdater: set stopIndex = 0
2020-07-02 19:48:05,073 [624bc23a-26d8-413d-a9ad-b038ba4eb8c0@group-44088AF90764-StateMachineUpdater] INFO  ratis.ContainerStateMachine (ContainerStateMachine.java:takeSnapshot(293)) - group-44088AF90764: Taking a snapshot at:(t:1, i:0) file /github/workspace/mnt/ozone/hadoop-ozone/integration-test/target/test-dir/MiniOzoneClusterImpl-47077420-a86b-4566-b2ce-9fb6a30396ee/datanode-1/data/ratis/fb4d5b25-8439-4da5-9b16-44088af90764/sm/snapshot.1_0
2020-07-02 19:48:05,073 [org.apache.ratis.server.impl.LogAppender$AppenderDaemon$$Lambda$430/1410499104@57e7f67a] WARN  server.GrpcLogAppender (GrpcLogAppender.java:mayWait(153)) - 8ae206a5-f320-4eda-b157-0f223831448f@group-54AED5796201->6062bcc3-a1a5-437e-9952-fd12f6666483-GrpcLogAppender: Wait interrupted by java.lang.InterruptedException
2020-07-02 19:48:05,074 [Listener at 127.0.0.1/43161] INFO  metrics.RatisMetrics (RatisMetrics.java:unregister(43)) - Unregistering Metrics Registry : ratis_grpc.log_appender.8ae206a5-f320-4eda-b157-0f223831448f@group-54AED5796201
2020-07-02 19:48:05,074 [grpc-default-executor-7] INFO  server.GrpcServerProtocolService (GrpcServerProtocolService.java:onCompleted(138)) - 6062bcc3-a1a5-437e-9952-fd12f6666483: Completed APPEND_ENTRIES, lastRequest: 8ae206a5-f320-4eda-b157-0f223831448f->6062bcc3-a1a5-437e-9952-fd12f6666483#1-t1, previous=(t:0, i:0), leaderCommit=-1, initializing? false, entries: size=1, first=(t:1, i:0), CONFIGURATIONENTRY
2020-07-02 19:48:05,074 [624bc23a-26d8-413d-a9ad-b038ba4eb8c0@group-44088AF90764-StateMachineUpdater] INFO  ratis.ContainerStateMachine (ContainerStateMachine.java:takeSnapshot(304)) - group-44088AF90764: Finished taking a snapshot at:(t:1, i:0) file:/github/workspace/mnt/ozone/hadoop-ozone/integration-test/target/test-dir/MiniOzoneClusterImpl-47077420-a86b-4566-b2ce-9fb6a30396ee/datanode-1/data/ratis/fb4d5b25-8439-4da5-9b16-44088af90764/sm/snapshot.1_0 time:1
2020-07-02 19:48:05,074 [624bc23a-26d8-413d-a9ad-b038ba4eb8c0@group-44088AF90764-StateMachineUpdater] INFO  impl.StateMachineUpdater (StateMachineUpdater.java:takeSnapshot(277)) - 624bc23a-26d8-413d-a9ad-b038ba4eb8c0@group-44088AF90764-StateMachineUpdater: Took a snapshot at index 0
2020-07-02 19:48:05,074 [624bc23a-26d8-413d-a9ad-b038ba4eb8c0@group-44088AF90764-StateMachineUpdater] INFO  impl.StateMachineUpdater (StateMachineUpdater.java:lambda$new$0(87)) - 624bc23a-26d8-413d-a9ad-b038ba4eb8c0@group-44088AF90764-StateMachineUpdater: snapshotIndex: updateIncreasingly -1 -> 0
2020-07-02 19:48:05,075 [624bc23a-26d8-413d-a9ad-b038ba4eb8c0@group-44088AF90764-StateMachineUpdater] INFO  metrics.RatisMetrics (RatisMetrics.java:unregister(43)) - Unregistering Metrics Registry : ratis.state_machine.624bc23a-26d8-413d-a9ad-b038ba4eb8c0@group-44088AF90764
2020-07-02 19:48:05,075 [grpc-default-executor-2] INFO  server.GrpcLogAppender (GrpcLogAppender.java:onCompleted(319)) - 8ae206a5-f320-4eda-b157-0f223831448f@group-54AED5796201->6062bcc3-a1a5-437e-9952-fd12f6666483-AppendLogResponseHandler: follower responses appendEntries COMPLETED
2020-07-02 19:48:05,076 [ForkJoinPool.commonPool-worker-1] INFO  impl.RaftServerImpl (ServerState.java:close(387)) - 624bc23a-26d8-413d-a9ad-b038ba4eb8c0@group-44088AF90764: closes. applyIndex: 0
2020-07-02 19:48:05,076 [grpc-default-executor-2] INFO  impl.FollowerInfo (FollowerInfo.java:lambda$new$0(51)) - 8ae206a5-f320-4eda-b157-0f223831448f@group-54AED5796201->6062bcc3-a1a5-437e-9952-fd12f6666483: nextIndex: updateUnconditionally 1 -> 0
2020-07-02 19:48:05,076 [624bc23a-26d8-413d-a9ad-b038ba4eb8c0@group-44088AF90764-SegmentedRaftLogWorker] INFO  segmented.SegmentedRaftLogWorker (SegmentedRaftLogWorker.java:run(327)) - 624bc23a-26d8-413d-a9ad-b038ba4eb8c0@group-44088AF90764-SegmentedRaftLogWorker was interrupted, exiting. There are 0 tasks remaining in the queue.
2020-07-02 19:48:05,077 [ForkJoinPool.commonPool-worker-1] INFO  segmented.SegmentedRaftLogWorker (SegmentedRaftLogWorker.java:close(234)) - 624bc23a-26d8-413d-a9ad-b038ba4eb8c0@group-44088AF90764-SegmentedRaftLogWorker close()
2020-07-02 19:48:05,077 [Listener at 127.0.0.1/43161] INFO  impl.PendingRequests (PendingRequests.java:sendNotLeaderResponses(249)) - 8ae206a5-f320-4eda-b157-0f223831448f@group-54AED5796201-PendingRequests: sendNotLeaderResponses
2020-07-02 19:48:05,078 [Listener at 127.0.0.1/43161] INFO  metrics.RatisMetrics (RatisMetrics.java:unregister(43)) - Unregistering Metrics Registry : ratis.log_appender.8ae206a5-f320-4eda-b157-0f223831448f@group-54AED5796201
2020-07-02 19:48:05,078 [org.apache.ratis.server.impl.LogAppender$AppenderDaemon$$Lambda$430/1410499104@6c336a77] WARN  server.GrpcLogAppender (GrpcLogAppender.java:mayWait(153)) - 8ae206a5-f320-4eda-b157-0f223831448f@group-54AED5796201->5d2a92cb-0156-45c5-8f38-b4fa24aa5737-GrpcLogAppender: Wait interrupted by java.lang.InterruptedException
2020-07-02 19:48:05,078 [Listener at 127.0.0.1/43161] INFO  metrics.RatisMetrics (RatisMetrics.java:unregister(43)) - Unregistering Metrics Registry : ratis.server.8ae206a5-f320-4eda-b157-0f223831448f@group-54AED5796201
2020-07-02 19:48:05,078 [ForkJoinPool.commonPool-worker-1] INFO  metrics.RatisMetrics (RatisMetrics.java:unregister(43)) - Unregistering Metrics Registry : ratis.log_worker.624bc23a-26d8-413d-a9ad-b038ba4eb8c0@group-44088AF90764
2020-07-02 19:48:05,078 [ForkJoinPool.commonPool-worker-1] INFO  metrics.RatisMetrics (RatisMetrics.java:unregister(43)) - Unregistering Metrics Registry : ratis.leader_election.624bc23a-26d8-413d-a9ad-b038ba4eb8c0@group-44088AF90764
2020-07-02 19:48:05,078 [ForkJoinPool.commonPool-worker-1] INFO  metrics.RatisMetrics (RatisMetrics.java:unregister(43)) - Unregistering Metrics Registry : ratis.server.624bc23a-26d8-413d-a9ad-b038ba4eb8c0@group-44088AF90764
2020-07-02 19:48:05,078 [ForkJoinPool.commonPool-worker-1] INFO  impl.RaftServerImpl (RaftServerImpl.java:lambda$shutdown$3(252)) - 624bc23a-26d8-413d-a9ad-b038ba4eb8c0@group-ADA67ADC91AC: shutdown
2020-07-02 19:48:05,078 [ForkJoinPool.commonPool-worker-1] INFO  util.JmxRegister (JmxRegister.java:unregister(73)) - Successfully un-registered JMX Bean with object name Ratis:service=RaftServer,group=group-ADA67ADC91AC,id=624bc23a-26d8-413d-a9ad-b038ba4eb8c0
2020-07-02 19:48:05,079 [ForkJoinPool.commonPool-worker-1] INFO  impl.RoleInfo (RoleInfo.java:shutdownLeaderState(104)) - 624bc23a-26d8-413d-a9ad-b038ba4eb8c0: shutdown LeaderState
2020-07-02 19:48:05,079 [ForkJoinPool.commonPool-worker-1] INFO  metrics.RatisMetrics (RatisMetrics.java:unregister(43)) - Unregistering Metrics Registry : ratis_grpc.log_appender.624bc23a-26d8-413d-a9ad-b038ba4eb8c0@group-ADA67ADC91AC
2020-07-02 19:48:05,079 [ForkJoinPool.commonPool-worker-1] INFO  metrics.RatisMetrics (RatisMetrics.java:unregister(43)) - Unregistering Metrics Registry : ratis_grpc.log_appender.624bc23a-26d8-413d-a9ad-b038ba4eb8c0@group-ADA67ADC91AC
2020-07-02 19:48:05,079 [org.apache.ratis.server.impl.LogAppender$AppenderDaemon$$Lambda$430/1410499104@1d77d837] WARN  server.GrpcLogAppender (GrpcLogAppender.java:mayWait(153)) - 624bc23a-26d8-413d-a9ad-b038ba4eb8c0@group-ADA67ADC91AC->7640c2d1-a09c-4516-81ed-c198f8abcf65-GrpcLogAppender: Wait interrupted by java.lang.InterruptedException
2020-07-02 19:48:05,080 [ForkJoinPool.commonPool-worker-1] INFO  impl.PendingRequests (PendingRequests.java:sendNotLeaderResponses(249)) - 624bc23a-26d8-413d-a9ad-b038ba4eb8c0@group-ADA67ADC91AC-PendingRequests: sendNotLeaderResponses
2020-07-02 19:48:05,080 [org.apache.ratis.server.impl.LogAppender$AppenderDaemon$$Lambda$430/1410499104@390b04f9] WARN  server.GrpcLogAppender (GrpcLogAppender.java:mayWait(153)) - 624bc23a-26d8-413d-a9ad-b038ba4eb8c0@group-ADA67ADC91AC->e1aceb7c-da99-4a3c-9205-ba6aed5f5e4d-GrpcLogAppender: Wait interrupted by java.lang.InterruptedException
2020-07-02 19:48:05,080 [ForkJoinPool.commonPool-worker-1] INFO  metrics.RatisMetrics (RatisMetrics.java:unregister(43)) - Unregistering Metrics Registry : ratis.log_appender.624bc23a-26d8-413d-a9ad-b038ba4eb8c0@group-ADA67ADC91AC
2020-07-02 19:48:05,080 [ForkJoinPool.commonPool-worker-1] INFO  metrics.RatisMetrics (RatisMetrics.java:unregister(43)) - Unregistering Metrics Registry : ratis.server.624bc23a-26d8-413d-a9ad-b038ba4eb8c0@group-ADA67ADC91AC
2020-07-02 19:48:05,081 [624bc23a-26d8-413d-a9ad-b038ba4eb8c0@group-ADA67ADC91AC-StateMachineUpdater] INFO  ratis.ContainerStateMachine (ContainerStateMachine.java:takeSnapshot(293)) - group-ADA67ADC91AC: Taking a snapshot at:(t:2, i:0) file /github/workspace/mnt/ozone/hadoop-ozone/integration-test/target/test-dir/MiniOzoneClusterImpl-47077420-a86b-4566-b2ce-9fb6a30396ee/datanode-1/data/ratis/89fa634c-6c32-4d85-96f8-ada67adc91ac/sm/snapshot.2_0
2020-07-02 19:48:05,081 [ForkJoinPool.commonPool-worker-1] INFO  impl.StateMachineUpdater (StateMachineUpdater.java:stopAndJoin(142)) - 624bc23a-26d8-413d-a9ad-b038ba4eb8c0@group-ADA67ADC91AC-StateMachineUpdater: set stopIndex = 0
2020-07-02 19:48:05,082 [624bc23a-26d8-413d-a9ad-b038ba4eb8c0@group-ADA67ADC91AC-StateMachineUpdater] INFO  ratis.ContainerStateMachine (ContainerStateMachine.java:takeSnapshot(304)) - group-ADA67ADC91AC: Finished taking a snapshot at:(t:2, i:0) file:/github/workspace/mnt/ozone/hadoop-ozone/integration-test/target/test-dir/MiniOzoneClusterImpl-47077420-a86b-4566-b2ce-9fb6a30396ee/datanode-1/data/ratis/89fa634c-6c32-4d85-96f8-ada67adc91ac/sm/snapshot.2_0 time:1
2020-07-02 19:48:05,082 [624bc23a-26d8-413d-a9ad-b038ba4eb8c0@group-ADA67ADC91AC-StateMachineUpdater] INFO  impl.StateMachineUpdater (StateMachineUpdater.java:takeSnapshot(277)) - 624bc23a-26d8-413d-a9ad-b038ba4eb8c0@group-ADA67ADC91AC-StateMachineUpdater: Took a snapshot at index 0
2020-07-02 19:48:05,082 [624bc23a-26d8-413d-a9ad-b038ba4eb8c0@group-ADA67ADC91AC-StateMachineUpdater] INFO  impl.StateMachineUpdater (StateMachineUpdater.java:lambda$new$0(87)) - 624bc23a-26d8-413d-a9ad-b038ba4eb8c0@group-ADA67ADC91AC-StateMachineUpdater: snapshotIndex: updateIncreasingly -1 -> 0
2020-07-02 19:48:05,082 [624bc23a-26d8-413d-a9ad-b038ba4eb8c0@group-ADA67ADC91AC-StateMachineUpdater] INFO  metrics.RatisMetrics (RatisMetrics.java:unregister(43)) - Unregistering Metrics Registry : ratis.state_machine.624bc23a-26d8-413d-a9ad-b038ba4eb8c0@group-ADA67ADC91AC
2020-07-02 19:48:05,082 [ForkJoinPool.commonPool-worker-1] INFO  impl.RaftServerImpl (ServerState.java:close(387)) - 624bc23a-26d8-413d-a9ad-b038ba4eb8c0@group-ADA67ADC91AC: closes. applyIndex: 0
2020-07-02 19:48:05,082 [624bc23a-26d8-413d-a9ad-b038ba4eb8c0@group-ADA67ADC91AC-SegmentedRaftLogWorker] INFO  segmented.SegmentedRaftLogWorker (SegmentedRaftLogWorker.java:run(327)) - 624bc23a-26d8-413d-a9ad-b038ba4eb8c0@group-ADA67ADC91AC-SegmentedRaftLogWorker was interrupted, exiting. There are 0 tasks remaining in the queue.
2020-07-02 19:48:05,083 [ForkJoinPool.commonPool-worker-1] INFO  segmented.SegmentedRaftLogWorker (SegmentedRaftLogWorker.java:close(234)) - 624bc23a-26d8-413d-a9ad-b038ba4eb8c0@group-ADA67ADC91AC-SegmentedRaftLogWorker close()
2020-07-02 19:48:05,083 [ForkJoinPool.commonPool-worker-1] INFO  metrics.RatisMetrics (RatisMetrics.java:unregister(43)) - Unregistering Metrics Registry : ratis.log_worker.624bc23a-26d8-413d-a9ad-b038ba4eb8c0@group-ADA67ADC91AC
2020-07-02 19:48:05,083 [ForkJoinPool.commonPool-worker-1] INFO  metrics.RatisMetrics (RatisMetrics.java:unregister(43)) - Unregistering Metrics Registry : ratis.leader_election.624bc23a-26d8-413d-a9ad-b038ba4eb8c0@group-ADA67ADC91AC
2020-07-02 19:48:05,083 [ForkJoinPool.commonPool-worker-1] INFO  metrics.RatisMetrics (RatisMetrics.java:unregister(43)) - Unregistering Metrics Registry : ratis.server.624bc23a-26d8-413d-a9ad-b038ba4eb8c0@group-ADA67ADC91AC
2020-07-02 19:48:05,084 [ForkJoinPool.commonPool-worker-1] INFO  server.GrpcService (GrpcService.java:closeImpl(166)) - 624bc23a-26d8-413d-a9ad-b038ba4eb8c0: shutdown server with port 32845 now
2020-07-02 19:48:05,084 [Listener at 127.0.0.1/43161] INFO  impl.StateMachineUpdater (StateMachineUpdater.java:stopAndJoin(142)) - 8ae206a5-f320-4eda-b157-0f223831448f@group-54AED5796201-StateMachineUpdater: set stopIndex = 0
2020-07-02 19:48:05,084 [ForkJoinPool.commonPool-worker-1] INFO  server.GrpcService (GrpcService.java:closeImpl(174)) - 624bc23a-26d8-413d-a9ad-b038ba4eb8c0: shutdown server with port 32845 successfully
2020-07-02 19:48:05,085 [8ae206a5-f320-4eda-b157-0f223831448f@group-54AED5796201-StateMachineUpdater] INFO  ratis.ContainerStateMachine (ContainerStateMachine.java:takeSnapshot(293)) - group-54AED5796201: Taking a snapshot at:(t:1, i:0) file /github/workspace/mnt/ozone/hadoop-ozone/integration-test/target/test-dir/MiniOzoneClusterImpl-47077420-a86b-4566-b2ce-9fb6a30396ee/datanode-8/data/ratis/918e4bec-9774-43bd-a7e6-54aed5796201/sm/snapshot.1_0
2020-07-02 19:48:05,086 [8ae206a5-f320-4eda-b157-0f223831448f@group-54AED5796201-StateMachineUpdater] INFO  ratis.ContainerStateMachine (ContainerStateMachine.java:takeSnapshot(304)) - group-54AED5796201: Finished taking a snapshot at:(t:1, i:0) file:/github/workspace/mnt/ozone/hadoop-ozone/integration-test/target/test-dir/MiniOzoneClusterImpl-47077420-a86b-4566-b2ce-9fb6a30396ee/datanode-8/data/ratis/918e4bec-9774-43bd-a7e6-54aed5796201/sm/snapshot.1_0 time:1
2020-07-02 19:48:05,086 [ForkJoinPool.commonPool-worker-1] INFO  utils.BackgroundService (BackgroundService.java:shutdown(157)) - Shutting down service BlockDeletingService
2020-07-02 19:48:05,086 [8ae206a5-f320-4eda-b157-0f223831448f@group-54AED5796201-StateMachineUpdater] INFO  impl.StateMachineUpdater (StateMachineUpdater.java:takeSnapshot(277)) - 8ae206a5-f320-4eda-b157-0f223831448f@group-54AED5796201-StateMachineUpdater: Took a snapshot at index 0
2020-07-02 19:48:05,086 [8ae206a5-f320-4eda-b157-0f223831448f@group-54AED5796201-StateMachineUpdater] INFO  impl.StateMachineUpdater (StateMachineUpdater.java:lambda$new$0(87)) - 8ae206a5-f320-4eda-b157-0f223831448f@group-54AED5796201-StateMachineUpdater: snapshotIndex: updateIncreasingly -1 -> 0
2020-07-02 19:48:05,086 [8ae206a5-f320-4eda-b157-0f223831448f@group-54AED5796201-StateMachineUpdater] INFO  metrics.RatisMetrics (RatisMetrics.java:unregister(43)) - Unregistering Metrics Registry : ratis.state_machine.8ae206a5-f320-4eda-b157-0f223831448f@group-54AED5796201
2020-07-02 19:48:05,086 [Listener at 127.0.0.1/43161] INFO  impl.RaftServerImpl (ServerState.java:close(387)) - 8ae206a5-f320-4eda-b157-0f223831448f@group-54AED5796201: closes. applyIndex: 0
2020-07-02 19:48:05,086 [8ae206a5-f320-4eda-b157-0f223831448f@group-54AED5796201-SegmentedRaftLogWorker] INFO  segmented.SegmentedRaftLogWorker (SegmentedRaftLogWorker.java:run(327)) - 8ae206a5-f320-4eda-b157-0f223831448f@group-54AED5796201-SegmentedRaftLogWorker was interrupted, exiting. There are 0 tasks remaining in the queue.
2020-07-02 19:48:05,087 [Listener at 127.0.0.1/43161] INFO  segmented.SegmentedRaftLogWorker (SegmentedRaftLogWorker.java:close(234)) - 8ae206a5-f320-4eda-b157-0f223831448f@group-54AED5796201-SegmentedRaftLogWorker close()
2020-07-02 19:48:05,088 [ForkJoinPool.commonPool-worker-1] INFO  statemachine.DatanodeStateMachine (DatanodeStateMachine.java:stopDaemon(428)) - Ozone container server stopped.
2020-07-02 19:48:05,088 [Listener at 127.0.0.1/43161] INFO  metrics.RatisMetrics (RatisMetrics.java:unregister(43)) - Unregistering Metrics Registry : ratis.log_worker.8ae206a5-f320-4eda-b157-0f223831448f@group-54AED5796201
2020-07-02 19:48:05,090 [Listener at 127.0.0.1/43161] INFO  metrics.RatisMetrics (RatisMetrics.java:unregister(43)) - Unregistering Metrics Registry : ratis.leader_election.8ae206a5-f320-4eda-b157-0f223831448f@group-54AED5796201
2020-07-02 19:48:05,090 [Listener at 127.0.0.1/43161] INFO  metrics.RatisMetrics (RatisMetrics.java:unregister(43)) - Unregistering Metrics Registry : ratis.server.8ae206a5-f320-4eda-b157-0f223831448f@group-54AED5796201
2020-07-02 19:48:05,091 [Listener at 127.0.0.1/43161] INFO  server.GrpcService (GrpcService.java:closeImpl(166)) - 8ae206a5-f320-4eda-b157-0f223831448f: shutdown server with port 43091 now
2020-07-02 19:48:05,090 [ForkJoinPool.commonPool-worker-1] INFO  handler.ContextHandler (ContextHandler.java:doStop(1016)) - Stopped o.e.j.w.WebAppContext@664d4ee1{hddsDatanode,/,null,UNAVAILABLE}{jar:file:/home/user/.m2/repository/org/apache/hadoop/hadoop-hdds-container-service/0.6.0-SNAPSHOT/hadoop-hdds-container-service-0.6.0-SNAPSHOT.jar!/webapps/hddsDatanode}
2020-07-02 19:48:05,091 [Listener at 127.0.0.1/43161] INFO  server.GrpcService (GrpcService.java:closeImpl(174)) - 8ae206a5-f320-4eda-b157-0f223831448f: shutdown server with port 43091 successfully
2020-07-02 19:48:05,092 [Listener at 127.0.0.1/43161] INFO  utils.BackgroundService (BackgroundService.java:shutdown(157)) - Shutting down service BlockDeletingService
2020-07-02 19:48:05,095 [Listener at 127.0.0.1/43161] INFO  statemachine.DatanodeStateMachine (DatanodeStateMachine.java:stopDaemon(428)) - Ozone container server stopped.
2020-07-02 19:48:05,095 [ForkJoinPool.commonPool-worker-1] INFO  server.AbstractConnector (AbstractConnector.java:doStop(380)) - Stopped ServerConnector@70595d2a{HTTP/1.1,[http/1.1]}{0.0.0.0:0}
2020-07-02 19:48:05,095 [ForkJoinPool.commonPool-worker-1] INFO  server.session (HouseKeeper.java:stopScavenging(158)) - node0 Stopped scavenging
2020-07-02 19:48:05,096 [Listener at 127.0.0.1/43161] INFO  handler.ContextHandler (ContextHandler.java:doStop(1016)) - Stopped o.e.j.w.WebAppContext@399b9537{hddsDatanode,/,null,UNAVAILABLE}{jar:file:/home/user/.m2/repository/org/apache/hadoop/hadoop-hdds-container-service/0.6.0-SNAPSHOT/hadoop-hdds-container-service-0.6.0-SNAPSHOT.jar!/webapps/hddsDatanode}
2020-07-02 19:48:05,097 [Listener at 127.0.0.1/43161] INFO  server.AbstractConnector (AbstractConnector.java:doStop(380)) - Stopped ServerConnector@646599c6{HTTP/1.1,[http/1.1]}{0.0.0.0:0}
2020-07-02 19:48:05,097 [Listener at 127.0.0.1/43161] INFO  server.session (HouseKeeper.java:stopScavenging(158)) - node0 Stopped scavenging
2020-07-02 19:48:05,097 [Listener at 127.0.0.1/43161] INFO  handler.ContextHandler (ContextHandler.java:doStop(1016)) - Stopped o.e.j.s.ServletContextHandler@708a0150{static,/static,jar:file:/home/user/.m2/repository/org/apache/hadoop/hadoop-hdds-container-service/0.6.0-SNAPSHOT/hadoop-hdds-container-service-0.6.0-SNAPSHOT.jar!/webapps/static,UNAVAILABLE}
2020-07-02 19:48:05,097 [Listener at 127.0.0.1/43161] INFO  handler.ContextHandler (ContextHandler.java:doStop(1016)) - Stopped o.e.j.s.ServletContextHandler@37ca8b4c{logs,/logs,file:///github/workspace/mnt/ozone/hadoop-ozone/integration-test/target/log,UNAVAILABLE}
2020-07-02 19:48:05,098 [ForkJoinPool.commonPool-worker-1] INFO  handler.ContextHandler (ContextHandler.java:doStop(1016)) - Stopped o.e.j.s.ServletContextHandler@668f0ee{static,/static,jar:file:/home/user/.m2/repository/org/apache/hadoop/hadoop-hdds-container-service/0.6.0-SNAPSHOT/hadoop-hdds-container-service-0.6.0-SNAPSHOT.jar!/webapps/static,UNAVAILABLE}
2020-07-02 19:48:05,101 [ForkJoinPool.commonPool-worker-1] INFO  handler.ContextHandler (ContextHandler.java:doStop(1016)) - Stopped o.e.j.s.ServletContextHandler@c2b7028{logs,/logs,file:///github/workspace/mnt/ozone/hadoop-ozone/integration-test/target/log,UNAVAILABLE}
2020-07-02 19:48:05,865 [Datanode State Machine Thread - 0] INFO  statemachine.DatanodeStateMachine (DatanodeStateMachine.java:lambda$startDaemon$0(380)) - Ozone container server started.
2020-07-02 19:48:10,099 [Listener at 127.0.0.1/43161] INFO  ozoneimpl.OzoneContainer (OzoneContainer.java:stop(246)) - Attempting to stop container services.
2020-07-02 19:48:10,099 [Listener at 127.0.0.1/43161] INFO  impl.RaftServerProxy (RaftServerProxy.java:lambda$close$4(319)) - 6062bcc3-a1a5-437e-9952-fd12f6666483: close
2020-07-02 19:48:10,100 [Listener at 127.0.0.1/43161] INFO  impl.RaftServerImpl (RaftServerImpl.java:lambda$shutdown$3(252)) - 6062bcc3-a1a5-437e-9952-fd12f6666483@group-573D656793F0: shutdown
2020-07-02 19:48:10,100 [Listener at 127.0.0.1/43161] INFO  util.JmxRegister (JmxRegister.java:unregister(73)) - Successfully un-registered JMX Bean with object name Ratis:service=RaftServer,group=group-573D656793F0,id=6062bcc3-a1a5-437e-9952-fd12f6666483
2020-07-02 19:48:10,100 [ForkJoinPool.commonPool-worker-0] INFO  impl.RaftServerImpl (RaftServerImpl.java:lambda$shutdown$3(252)) - 6062bcc3-a1a5-437e-9952-fd12f6666483@group-54AED5796201: shutdown
2020-07-02 19:48:10,101 [ForkJoinPool.commonPool-worker-0] INFO  util.JmxRegister (JmxRegister.java:unregister(73)) - Successfully un-registered JMX Bean with object name Ratis:service=RaftServer,group=group-54AED5796201,id=6062bcc3-a1a5-437e-9952-fd12f6666483
2020-07-02 19:48:10,101 [ForkJoinPool.commonPool-worker-0] INFO  impl.RoleInfo (RoleInfo.java:shutdownFollowerState(121)) - 6062bcc3-a1a5-437e-9952-fd12f6666483: shutdown FollowerState
2020-07-02 19:48:10,100 [Listener at 127.0.0.1/43161] INFO  impl.RoleInfo (RoleInfo.java:shutdownLeaderState(104)) - 6062bcc3-a1a5-437e-9952-fd12f6666483: shutdown LeaderState
2020-07-02 19:48:10,101 [6062bcc3-a1a5-437e-9952-fd12f6666483@group-54AED5796201-StateMachineUpdater] INFO  ratis.ContainerStateMachine (ContainerStateMachine.java:takeSnapshot(293)) - group-54AED5796201: Taking a snapshot at:(t:1, i:0) file /github/workspace/mnt/ozone/hadoop-ozone/integration-test/target/test-dir/MiniOzoneClusterImpl-47077420-a86b-4566-b2ce-9fb6a30396ee/datanode-6/data/ratis/918e4bec-9774-43bd-a7e6-54aed5796201/sm/snapshot.1_0
2020-07-02 19:48:10,101 [ForkJoinPool.commonPool-worker-0] INFO  impl.StateMachineUpdater (StateMachineUpdater.java:stopAndJoin(142)) - 6062bcc3-a1a5-437e-9952-fd12f6666483@group-54AED5796201-StateMachineUpdater: set stopIndex = 0
2020-07-02 19:48:10,101 [Thread-1811] INFO  impl.FollowerState (FollowerState.java:run(117)) - 6062bcc3-a1a5-437e-9952-fd12f6666483@group-54AED5796201-FollowerState was interrupted: java.lang.InterruptedException: sleep interrupted
2020-07-02 19:48:10,102 [Listener at 127.0.0.1/43161] INFO  impl.PendingRequests (PendingRequests.java:sendNotLeaderResponses(249)) - 6062bcc3-a1a5-437e-9952-fd12f6666483@group-573D656793F0-PendingRequests: sendNotLeaderResponses
2020-07-02 19:48:10,103 [6062bcc3-a1a5-437e-9952-fd12f6666483@group-54AED5796201-StateMachineUpdater] INFO  ratis.ContainerStateMachine (ContainerStateMachine.java:takeSnapshot(304)) - group-54AED5796201: Finished taking a snapshot at:(t:1, i:0) file:/github/workspace/mnt/ozone/hadoop-ozone/integration-test/target/test-dir/MiniOzoneClusterImpl-47077420-a86b-4566-b2ce-9fb6a30396ee/datanode-6/data/ratis/918e4bec-9774-43bd-a7e6-54aed5796201/sm/snapshot.1_0 time:2
2020-07-02 19:48:10,103 [6062bcc3-a1a5-437e-9952-fd12f6666483@group-54AED5796201-StateMachineUpdater] INFO  impl.StateMachineUpdater (StateMachineUpdater.java:takeSnapshot(277)) - 6062bcc3-a1a5-437e-9952-fd12f6666483@group-54AED5796201-StateMachineUpdater: Took a snapshot at index 0
2020-07-02 19:48:10,104 [6062bcc3-a1a5-437e-9952-fd12f6666483@group-54AED5796201-StateMachineUpdater] INFO  impl.StateMachineUpdater (StateMachineUpdater.java:lambda$new$0(87)) - 6062bcc3-a1a5-437e-9952-fd12f6666483@group-54AED5796201-StateMachineUpdater: snapshotIndex: updateIncreasingly -1 -> 0
2020-07-02 19:48:10,104 [6062bcc3-a1a5-437e-9952-fd12f6666483@group-54AED5796201-StateMachineUpdater] INFO  metrics.RatisMetrics (RatisMetrics.java:unregister(43)) - Unregistering Metrics Registry : ratis.state_machine.6062bcc3-a1a5-437e-9952-fd12f6666483@group-54AED5796201
2020-07-02 19:48:10,104 [ForkJoinPool.commonPool-worker-0] INFO  impl.RaftServerImpl (ServerState.java:close(387)) - 6062bcc3-a1a5-437e-9952-fd12f6666483@group-54AED5796201: closes. applyIndex: 0
2020-07-02 19:48:10,104 [6062bcc3-a1a5-437e-9952-fd12f6666483@group-54AED5796201-SegmentedRaftLogWorker] INFO  segmented.SegmentedRaftLogWorker (SegmentedRaftLogWorker.java:run(327)) - 6062bcc3-a1a5-437e-9952-fd12f6666483@group-54AED5796201-SegmentedRaftLogWorker was interrupted, exiting. There are 0 tasks remaining in the queue.
2020-07-02 19:48:10,104 [ForkJoinPool.commonPool-worker-0] INFO  segmented.SegmentedRaftLogWorker (SegmentedRaftLogWorker.java:close(234)) - 6062bcc3-a1a5-437e-9952-fd12f6666483@group-54AED5796201-SegmentedRaftLogWorker close()
2020-07-02 19:48:10,104 [Listener at 127.0.0.1/43161] INFO  metrics.RatisMetrics (RatisMetrics.java:unregister(43)) - Unregistering Metrics Registry : ratis.log_appender.6062bcc3-a1a5-437e-9952-fd12f6666483@group-573D656793F0
2020-07-02 19:48:10,105 [ForkJoinPool.commonPool-worker-0] INFO  metrics.RatisMetrics (RatisMetrics.java:unregister(43)) - Unregistering Metrics Registry : ratis.log_worker.6062bcc3-a1a5-437e-9952-fd12f6666483@group-54AED5796201
2020-07-02 19:48:10,105 [ForkJoinPool.commonPool-worker-0] INFO  metrics.RatisMetrics (RatisMetrics.java:unregister(43)) - Unregistering Metrics Registry : ratis.leader_election.6062bcc3-a1a5-437e-9952-fd12f6666483@group-54AED5796201
2020-07-02 19:48:10,105 [ForkJoinPool.commonPool-worker-0] INFO  metrics.RatisMetrics (RatisMetrics.java:unregister(43)) - Unregistering Metrics Registry : ratis.server.6062bcc3-a1a5-437e-9952-fd12f6666483@group-54AED5796201
2020-07-02 19:48:10,105 [Listener at 127.0.0.1/43161] INFO  metrics.RatisMetrics (RatisMetrics.java:unregister(43)) - Unregistering Metrics Registry : ratis.server.6062bcc3-a1a5-437e-9952-fd12f6666483@group-573D656793F0
2020-07-02 19:48:10,107 [Listener at 127.0.0.1/43161] INFO  impl.StateMachineUpdater (StateMachineUpdater.java:stopAndJoin(142)) - 6062bcc3-a1a5-437e-9952-fd12f6666483@group-573D656793F0-StateMachineUpdater: set stopIndex = 0
2020-07-02 19:48:10,107 [6062bcc3-a1a5-437e-9952-fd12f6666483@group-573D656793F0-StateMachineUpdater] INFO  ratis.ContainerStateMachine (ContainerStateMachine.java:takeSnapshot(293)) - group-573D656793F0: Taking a snapshot at:(t:1, i:0) file /github/workspace/mnt/ozone/hadoop-ozone/integration-test/target/test-dir/MiniOzoneClusterImpl-47077420-a86b-4566-b2ce-9fb6a30396ee/datanode-6/data/ratis/012271bb-4c2a-4002-a0e9-573d656793f0/sm/snapshot.1_0
2020-07-02 19:48:10,108 [6062bcc3-a1a5-437e-9952-fd12f6666483@group-573D656793F0-StateMachineUpdater] INFO  ratis.ContainerStateMachine (ContainerStateMachine.java:takeSnapshot(304)) - group-573D656793F0: Finished taking a snapshot at:(t:1, i:0) file:/github/workspace/mnt/ozone/hadoop-ozone/integration-test/target/test-dir/MiniOzoneClusterImpl-47077420-a86b-4566-b2ce-9fb6a30396ee/datanode-6/data/ratis/012271bb-4c2a-4002-a0e9-573d656793f0/sm/snapshot.1_0 time:1
2020-07-02 19:48:10,108 [6062bcc3-a1a5-437e-9952-fd12f6666483@group-573D656793F0-StateMachineUpdater] INFO  impl.StateMachineUpdater (StateMachineUpdater.java:takeSnapshot(277)) - 6062bcc3-a1a5-437e-9952-fd12f6666483@group-573D656793F0-StateMachineUpdater: Took a snapshot at index 0
2020-07-02 19:48:10,108 [6062bcc3-a1a5-437e-9952-fd12f6666483@group-573D656793F0-StateMachineUpdater] INFO  impl.StateMachineUpdater (StateMachineUpdater.java:lambda$new$0(87)) - 6062bcc3-a1a5-437e-9952-fd12f6666483@group-573D656793F0-StateMachineUpdater: snapshotIndex: updateIncreasingly -1 -> 0
2020-07-02 19:48:10,108 [6062bcc3-a1a5-437e-9952-fd12f6666483@group-573D656793F0-StateMachineUpdater] INFO  metrics.RatisMetrics (RatisMetrics.java:unregister(43)) - Unregistering Metrics Registry : ratis.state_machine.6062bcc3-a1a5-437e-9952-fd12f6666483@group-573D656793F0
2020-07-02 19:48:10,108 [Listener at 127.0.0.1/43161] INFO  impl.RaftServerImpl (ServerState.java:close(387)) - 6062bcc3-a1a5-437e-9952-fd12f6666483@group-573D656793F0: closes. applyIndex: 0
2020-07-02 19:48:10,109 [6062bcc3-a1a5-437e-9952-fd12f6666483@group-573D656793F0-SegmentedRaftLogWorker] INFO  segmented.SegmentedRaftLogWorker (SegmentedRaftLogWorker.java:run(327)) - 6062bcc3-a1a5-437e-9952-fd12f6666483@group-573D656793F0-SegmentedRaftLogWorker was interrupted, exiting. There are 0 tasks remaining in the queue.
2020-07-02 19:48:10,109 [Listener at 127.0.0.1/43161] INFO  segmented.SegmentedRaftLogWorker (SegmentedRaftLogWorker.java:close(234)) - 6062bcc3-a1a5-437e-9952-fd12f6666483@group-573D656793F0-SegmentedRaftLogWorker close()
2020-07-02 19:48:10,109 [Listener at 127.0.0.1/43161] INFO  metrics.RatisMetrics (RatisMetrics.java:unregister(43)) - Unregistering Metrics Registry : ratis.log_worker.6062bcc3-a1a5-437e-9952-fd12f6666483@group-573D656793F0
2020-07-02 19:48:10,109 [Listener at 127.0.0.1/43161] INFO  metrics.RatisMetrics (RatisMetrics.java:unregister(43)) - Unregistering Metrics Registry : ratis.leader_election.6062bcc3-a1a5-437e-9952-fd12f6666483@group-573D656793F0
2020-07-02 19:48:10,110 [Listener at 127.0.0.1/43161] INFO  metrics.RatisMetrics (RatisMetrics.java:unregister(43)) - Unregistering Metrics Registry : ratis.server.6062bcc3-a1a5-437e-9952-fd12f6666483@group-573D656793F0
2020-07-02 19:48:10,110 [Listener at 127.0.0.1/43161] INFO  server.GrpcService (GrpcService.java:closeImpl(166)) - 6062bcc3-a1a5-437e-9952-fd12f6666483: shutdown server with port 46571 now
2020-07-02 19:48:10,111 [Listener at 127.0.0.1/43161] INFO  server.GrpcService (GrpcService.java:closeImpl(174)) - 6062bcc3-a1a5-437e-9952-fd12f6666483: shutdown server with port 46571 successfully
2020-07-02 19:48:10,111 [Listener at 127.0.0.1/43161] INFO  utils.BackgroundService (BackgroundService.java:shutdown(157)) - Shutting down service BlockDeletingService
2020-07-02 19:48:10,112 [Listener at 127.0.0.1/43161] INFO  statemachine.DatanodeStateMachine (DatanodeStateMachine.java:stopDaemon(428)) - Ozone container server stopped.
2020-07-02 19:48:10,114 [Listener at 127.0.0.1/43161] INFO  handler.ContextHandler (ContextHandler.java:doStop(1016)) - Stopped o.e.j.w.WebAppContext@21ff56e7{hddsDatanode,/,null,UNAVAILABLE}{jar:file:/home/user/.m2/repository/org/apache/hadoop/hadoop-hdds-container-service/0.6.0-SNAPSHOT/hadoop-hdds-container-service-0.6.0-SNAPSHOT.jar!/webapps/hddsDatanode}
2020-07-02 19:48:10,118 [Listener at 127.0.0.1/43161] INFO  server.AbstractConnector (AbstractConnector.java:doStop(380)) - Stopped ServerConnector@48f359e4{HTTP/1.1,[http/1.1]}{0.0.0.0:0}
2020-07-02 19:48:10,119 [Listener at 127.0.0.1/43161] INFO  server.session (HouseKeeper.java:stopScavenging(158)) - node0 Stopped scavenging
2020-07-02 19:48:10,119 [Listener at 127.0.0.1/43161] INFO  handler.ContextHandler (ContextHandler.java:doStop(1016)) - Stopped o.e.j.s.ServletContextHandler@19a13874{static,/static,jar:file:/home/user/.m2/repository/org/apache/hadoop/hadoop-hdds-container-service/0.6.0-SNAPSHOT/hadoop-hdds-container-service-0.6.0-SNAPSHOT.jar!/webapps/static,UNAVAILABLE}
2020-07-02 19:48:10,121 [Listener at 127.0.0.1/43161] INFO  handler.ContextHandler (ContextHandler.java:doStop(1016)) - Stopped o.e.j.s.ServletContextHandler@549eeaa3{logs,/logs,file:///github/workspace/mnt/ozone/hadoop-ozone/integration-test/target/log,UNAVAILABLE}
2020-07-02 19:48:10,122 [Listener at 127.0.0.1/43161] INFO  ozone.MiniOzoneClusterImpl (MiniOzoneClusterImpl.java:stopSCM(476)) - Stopping the StorageContainerManager
2020-07-02 19:48:10,122 [Listener at 127.0.0.1/43161] INFO  server.StorageContainerManager (StorageContainerManager.java:stop(825)) - Stopping Replication Manager Service.
2020-07-02 19:48:10,122 [Listener at 127.0.0.1/43161] INFO  container.ReplicationManager (ReplicationManager.java:stop(218)) - Stopping Replication Monitor Thread.
2020-07-02 19:48:10,122 [Listener at 127.0.0.1/43161] INFO  server.StorageContainerManager (StorageContainerManager.java:stop(832)) - Stopping Lease Manager of the command watchers
2020-07-02 19:48:10,122 [Listener at 127.0.0.1/43161] INFO  server.StorageContainerManager (StorageContainerManager.java:stop(839)) - Stopping datanode service RPC server
2020-07-02 19:48:10,122 [CommandWatcher-LeaseManager#LeaseMonitor] ERROR lease.LeaseManager (LeaseManager.java:run(238)) - Execution was interrupted 
java.lang.InterruptedException: sleep interrupted
	at java.lang.Thread.sleep(Native Method)
	at org.apache.hadoop.ozone.lease.LeaseManager$LeaseMonitor.run(LeaseManager.java:234)
	at java.lang.Thread.run(Thread.java:748)
2020-07-02 19:48:10,123 [Listener at 127.0.0.1/43161] INFO  server.SCMDatanodeProtocolServer (SCMDatanodeProtocolServer.java:stop(361)) - Stopping the RPC server for DataNodes
2020-07-02 19:48:10,123 [Listener at 127.0.0.1/43161] INFO  ipc.Server (Server.java:stop(3359)) - Stopping server on 44525
2020-07-02 19:48:10,123 [IPC Server listener on 0] INFO  ipc.Server (Server.java:run(1330)) - Stopping IPC Server listener on 0
2020-07-02 19:48:10,126 [IPC Server Responder] INFO  ipc.Server (Server.java:run(1465)) - Stopping IPC Server Responder
2020-07-02 19:48:10,222 [SCM Heartbeat Processing Thread - 0] WARN  node.NodeStateManager (NodeStateManager.java:scheduleNextHealthCheck(661)) - Current Thread is interrupted, shutting down HB processing thread for Node Manager.
2020-07-02 19:48:10,222 [Listener at 127.0.0.1/43161] INFO  server.StorageContainerManager (StorageContainerManager.java:stop(847)) - Stopping block service RPC server
2020-07-02 19:48:10,222 [Listener at 127.0.0.1/43161] INFO  server.SCMBlockProtocolServer (SCMBlockProtocolServer.java:stop(158)) - Stopping the RPC server for Block Protocol
2020-07-02 19:48:10,222 [Listener at 127.0.0.1/43161] INFO  ipc.Server (Server.java:stop(3359)) - Stopping server on 36283
2020-07-02 19:48:10,224 [IPC Server listener on 0] INFO  ipc.Server (Server.java:run(1330)) - Stopping IPC Server listener on 0
2020-07-02 19:48:10,225 [IPC Server Responder] INFO  ipc.Server (Server.java:run(1465)) - Stopping IPC Server Responder
2020-07-02 19:48:10,225 [Listener at 127.0.0.1/43161] INFO  server.StorageContainerManager (StorageContainerManager.java:stop(854)) - Stopping the StorageContainerLocationProtocol RPC server
2020-07-02 19:48:10,225 [Listener at 127.0.0.1/43161] INFO  server.SCMClientProtocolServer (SCMClientProtocolServer.java:stop(165)) - Stopping the RPC server for Client Protocol
2020-07-02 19:48:10,225 [Listener at 127.0.0.1/43161] INFO  ipc.Server (Server.java:stop(3359)) - Stopping server on 45077
2020-07-02 19:48:10,226 [IPC Server listener on 0] INFO  ipc.Server (Server.java:run(1330)) - Stopping IPC Server listener on 0
2020-07-02 19:48:10,228 [IPC Server Responder] INFO  ipc.Server (Server.java:run(1465)) - Stopping IPC Server Responder
2020-07-02 19:48:10,228 [Listener at 127.0.0.1/43161] INFO  server.StorageContainerManager (StorageContainerManager.java:stop(861)) - Stopping Storage Container Manager HTTP server.
2020-07-02 19:48:10,228 [Listener at 127.0.0.1/43161] INFO  handler.ContextHandler (ContextHandler.java:doStop(1016)) - Stopped o.e.j.w.WebAppContext@2511ddb7{scm,/,null,UNAVAILABLE}{file:/github/workspace/mnt/ozone/hadoop-ozone/integration-test/target/test-classes/webapps/scm}
2020-07-02 19:48:10,229 [Listener at 127.0.0.1/43161] INFO  server.AbstractConnector (AbstractConnector.java:doStop(380)) - Stopped ServerConnector@22ce83d6{HTTP/1.1,[http/1.1]}{0.0.0.0:0}
2020-07-02 19:48:10,229 [Listener at 127.0.0.1/43161] INFO  server.session (HouseKeeper.java:stopScavenging(158)) - node0 Stopped scavenging
2020-07-02 19:48:10,229 [Listener at 127.0.0.1/43161] INFO  handler.ContextHandler (ContextHandler.java:doStop(1016)) - Stopped o.e.j.s.ServletContextHandler@2fe235b4{static,/static,file:///github/workspace/mnt/ozone/hadoop-ozone/integration-test/target/test-classes/webapps/static,UNAVAILABLE}
2020-07-02 19:48:10,229 [Listener at 127.0.0.1/43161] INFO  handler.ContextHandler (ContextHandler.java:doStop(1016)) - Stopped o.e.j.s.ServletContextHandler@786a4eb2{logs,/logs,file:///github/workspace/mnt/ozone/hadoop-ozone/integration-test/target/log,UNAVAILABLE}
2020-07-02 19:48:10,230 [Listener at 127.0.0.1/43161] INFO  server.StorageContainerManager (StorageContainerManager.java:stop(872)) - Stopping Block Manager Service.
2020-07-02 19:48:10,230 [Listener at 127.0.0.1/43161] INFO  utils.BackgroundService (BackgroundService.java:shutdown(157)) - Shutting down service SCMBlockDeletingService
2020-07-02 19:48:10,230 [Listener at 127.0.0.1/43161] INFO  utils.BackgroundService (BackgroundService.java:shutdown(157)) - Shutting down service SCMBlockDeletingService
2020-07-02 19:48:10,231 [Listener at 127.0.0.1/43161] INFO  server.StorageContainerManager (StorageContainerManager.java:stop(897)) - Stopping SCM Event Queue.
2020-07-02 19:48:10,235 [Listener at 127.0.0.1/43161] INFO  impl.MetricsSystemImpl (MetricsSystemImpl.java:stop(210)) - Stopping HddsDatanode metrics system...
2020-07-02 19:48:10,245 [Listener at 127.0.0.1/43161] INFO  impl.MetricsSystemImpl (MetricsSystemImpl.java:stop(216)) - HddsDatanode metrics system stopped.
]]></system-out>
    <system-err><![CDATA[Jul 02, 2020 7:47:44 PM org.apache.ratis.thirdparty.io.grpc.internal.ManagedChannelOrphanWrapper$ManagedChannelReference cleanQueue
SEVERE: *~*~*~ Channel ManagedChannelImpl{logId=650, target=172.17.0.2:36731} was not shutdown properly!!! ~*~*~*
    Make sure to call shutdown()/shutdownNow() and wait until awaitTermination() returns true.
java.lang.RuntimeException: ManagedChannel allocation site
	at org.apache.ratis.thirdparty.io.grpc.internal.ManagedChannelOrphanWrapper$ManagedChannelReference.<init>(ManagedChannelOrphanWrapper.java:94)
	at org.apache.ratis.thirdparty.io.grpc.internal.ManagedChannelOrphanWrapper.<init>(ManagedChannelOrphanWrapper.java:52)
	at org.apache.ratis.thirdparty.io.grpc.internal.ManagedChannelOrphanWrapper.<init>(ManagedChannelOrphanWrapper.java:43)
	at org.apache.ratis.thirdparty.io.grpc.internal.AbstractManagedChannelImplBuilder.build(AbstractManagedChannelImplBuilder.java:518)
	at org.apache.ratis.grpc.client.GrpcClientProtocolClient.<init>(GrpcClientProtocolClient.java:129)
	at org.apache.ratis.grpc.client.GrpcClientRpc.lambda$new$0(GrpcClientRpc.java:55)
	at org.apache.ratis.util.PeerProxyMap$PeerAndProxy.lambda$getProxy$0(PeerProxyMap.java:62)
	at org.apache.ratis.util.LifeCycle.startAndTransition(LifeCycle.java:214)
	at org.apache.ratis.util.PeerProxyMap$PeerAndProxy.getProxy(PeerProxyMap.java:61)
	at org.apache.ratis.util.PeerProxyMap.getProxy(PeerProxyMap.java:109)
	at org.apache.ratis.grpc.client.GrpcClientRpc.sendRequestAsync(GrpcClientRpc.java:66)
	at org.apache.ratis.client.impl.OrderedAsync.sendRequest(OrderedAsync.java:233)
	at org.apache.ratis.client.impl.OrderedAsync.sendRequestWithRetry(OrderedAsync.java:187)
	at org.apache.ratis.util.SlidingWindow$Client.sendOrDelayRequest(SlidingWindow.java:278)
	at org.apache.ratis.util.SlidingWindow$Client.submitNewRequest(SlidingWindow.java:257)
	at org.apache.ratis.client.impl.OrderedAsync.send(OrderedAsync.java:168)
	at org.apache.ratis.client.impl.OrderedAsync.newInstance(OrderedAsync.java:117)
	at org.apache.ratis.client.impl.RaftClientImpl.lambda$new$0(RaftClientImpl.java:127)
	at org.apache.ratis.util.MemoizedSupplier.get(MemoizedSupplier.java:62)
	at org.apache.ratis.client.impl.RaftClientImpl.getOrderedAsync(RaftClientImpl.java:150)
	at org.apache.ratis.client.impl.RaftClientImpl.sendAsync(RaftClientImpl.java:188)
	at org.apache.ratis.client.impl.RaftClientImpl.sendAsync(RaftClientImpl.java:160)
	at org.apache.hadoop.hdds.scm.XceiverClientRatis.lambda$sendRequestAsync$3(XceiverClientRatis.java:224)
	at org.apache.hadoop.hdds.tracing.TracingUtil.executeInNewSpan(TracingUtil.java:159)
	at org.apache.hadoop.hdds.scm.XceiverClientRatis.sendRequestAsync(XceiverClientRatis.java:209)
	at org.apache.hadoop.hdds.scm.XceiverClientRatis.sendCommandAsync(XceiverClientRatis.java:305)
	at org.apache.hadoop.ozone.client.rpc.TestWatchForCommit.testWatchForCommitForGroupMismatchException(TestWatchForCommit.java:335)
	at sun.reflect.NativeMethodAccessorImpl.invoke0(Native Method)
	at sun.reflect.NativeMethodAccessorImpl.invoke(NativeMethodAccessorImpl.java:62)
	at sun.reflect.DelegatingMethodAccessorImpl.invoke(DelegatingMethodAccessorImpl.java:43)
	at java.lang.reflect.Method.invoke(Method.java:498)
	at org.junit.runners.model.FrameworkMethod$1.runReflectiveCall(FrameworkMethod.java:47)
	at org.junit.internal.runners.model.ReflectiveCallable.run(ReflectiveCallable.java:12)
	at org.junit.runners.model.FrameworkMethod.invokeExplosively(FrameworkMethod.java:44)
	at org.junit.internal.runners.statements.InvokeMethod.evaluate(InvokeMethod.java:17)
	at org.junit.internal.runners.statements.RunBefores.evaluate(RunBefores.java:26)
	at org.junit.internal.runners.statements.RunAfters.evaluate(RunAfters.java:27)
	at org.junit.runners.ParentRunner.runLeaf(ParentRunner.java:271)
	at org.junit.runners.BlockJUnit4ClassRunner.runChild(BlockJUnit4ClassRunner.java:70)
	at org.junit.runners.BlockJUnit4ClassRunner.runChild(BlockJUnit4ClassRunner.java:50)
	at org.junit.runners.ParentRunner$3.run(ParentRunner.java:238)
	at org.junit.runners.ParentRunner$1.schedule(ParentRunner.java:63)
	at org.junit.runners.ParentRunner.runChildren(ParentRunner.java:236)
	at org.junit.runners.ParentRunner.access$000(ParentRunner.java:53)
	at org.junit.runners.ParentRunner$2.evaluate(ParentRunner.java:229)
	at org.junit.runners.ParentRunner.run(ParentRunner.java:309)
	at org.apache.maven.surefire.junit4.JUnit4Provider.execute(JUnit4Provider.java:365)
	at org.apache.maven.surefire.junit4.JUnit4Provider.executeWithRerun(JUnit4Provider.java:273)
	at org.apache.maven.surefire.junit4.JUnit4Provider.executeTestSet(JUnit4Provider.java:238)
	at org.apache.maven.surefire.junit4.JUnit4Provider.invoke(JUnit4Provider.java:159)
	at org.apache.maven.surefire.booter.ForkedBooter.invokeProviderInSameClassLoader(ForkedBooter.java:384)
	at org.apache.maven.surefire.booter.ForkedBooter.runSuitesInProcess(ForkedBooter.java:345)
	at org.apache.maven.surefire.booter.ForkedBooter.execute(ForkedBooter.java:126)
	at org.apache.maven.surefire.booter.ForkedBooter.main(ForkedBooter.java:418)

]]></system-err>
  </testcase>
</testsuite>