<?xml version="1.0" encoding="UTF-8"?>
<testsuite xmlns:xsi="http://www.w3.org/2001/XMLSchema-instance" xsi:noNamespaceSchemaLocation="https://maven.apache.org/surefire/maven-surefire-plugin/xsd/surefire-test-report.xsd" version="3.0.2" name="org.apache.hadoop.ozone.client.rpc.TestContainerStateMachineFailures" time="126.188" tests="6" errors="0" skipped="0" failures="1">
  <properties>
    <property name="java.specification.version" value="21"/>
    <property name="sun.jnu.encoding" value="UTF-8"/>
    <property name="java.class.path" value="/home/runner/work/ozone/ozone/hadoop-ozone/integration-test/target/test-classes:/home/runner/work/ozone/ozone/hadoop-ozone/integration-test/target/classes:/home/runner/.m2/repository/ch/qos/reload4j/reload4j/1.2.26/reload4j-1.2.26.jar:/home/runner/.m2/repository/com/fasterxml/jackson/core/jackson-core/2.16.2/jackson-core-2.16.2.jar:/home/runner/.m2/repository/com/fasterxml/jackson/core/jackson-databind/2.16.2/jackson-databind-2.16.2.jar:/home/runner/.m2/repository/com/fasterxml/jackson/core/jackson-annotations/2.16.2/jackson-annotations-2.16.2.jar:/home/runner/.m2/repository/com/github/stephenc/jcip/jcip-annotations/1.0-1/jcip-annotations-1.0-1.jar:/home/runner/.m2/repository/com/google/guava/guava/32.1.3-jre/guava-32.1.3-jre.jar:/home/runner/.m2/repository/com/google/guava/failureaccess/1.0.1/failureaccess-1.0.1.jar:/home/runner/.m2/repository/com/google/guava/listenablefuture/9999.0-empty-to-avoid-conflict-with-guava/listenablefuture-9999.0-empty-to-avoid-conflict-with-guava.jar:/home/runner/.m2/repository/org/checkerframework/checker-qual/3.37.0/checker-qual-3.37.0.jar:/home/runner/.m2/repository/com/google/errorprone/error_prone_annotations/2.29.2/error_prone_annotations-2.29.2.jar:/home/runner/.m2/repository/com/google/j2objc/j2objc-annotations/2.8/j2objc-annotations-2.8.jar:/home/runner/.m2/repository/com/google/protobuf/protobuf-java/2.5.0/protobuf-java-2.5.0.jar:/home/runner/.m2/repository/com/squareup/okhttp3/okhttp/4.12.0/okhttp-4.12.0.jar:/home/runner/.m2/repository/com/squareup/okio/okio/3.6.0/okio-3.6.0.jar:/home/runner/.m2/repository/com/squareup/okio/okio-jvm/3.6.0/okio-jvm-3.6.0.jar:/home/runner/.m2/repository/org/jetbrains/kotlin/kotlin-stdlib-common/1.9.25/kotlin-stdlib-common-1.9.25.jar:/home/runner/.m2/repository/org/jetbrains/kotlin/kotlin-stdlib-jdk8/1.9.25/kotlin-stdlib-jdk8-1.9.25.jar:/home/runner/.m2/repository/org/jetbrains/kotlin/kotlin-stdlib/1.9.25/kotlin-stdlib-1.9.25.jar:/home/runner/.m2/repository/org/jetbrains/annotations/13.0/annotations-13.0.jar:/home/runner/.m2/repository/org/jetbrains/kotlin/kotlin-stdlib-jdk7/1.9.25/kotlin-stdlib-jdk7-1.9.25.jar:/home/runner/.m2/repository/commons-codec/commons-codec/1.18.0/commons-codec-1.18.0.jar:/home/runner/.m2/repository/commons-io/commons-io/2.18.0/commons-io-2.18.0.jar:/home/runner/.m2/repository/commons-validator/commons-validator/1.6/commons-validator-1.6.jar:/home/runner/.m2/repository/commons-beanutils/commons-beanutils/1.11.0/commons-beanutils-1.11.0.jar:/home/runner/.m2/repository/commons-digester/commons-digester/1.8.1/commons-digester-1.8.1.jar:/home/runner/.m2/repository/commons-collections/commons-collections/3.2.2/commons-collections-3.2.2.jar:/home/runner/.m2/repository/info/picocli/picocli/4.7.7/picocli-4.7.7.jar:/home/runner/.m2/repository/jakarta/annotation/jakarta.annotation-api/2.1.1/jakarta.annotation-api-2.1.1.jar:/home/runner/.m2/repository/jakarta/xml/bind/jakarta.xml.bind-api/2.3.3/jakarta.xml.bind-api-2.3.3.jar:/home/runner/.m2/repository/jakarta/activation/jakarta.activation-api/1.2.2/jakarta.activation-api-1.2.2.jar:/home/runner/.m2/repository/javax/servlet/javax.servlet-api/3.1.0/javax.servlet-api-3.1.0.jar:/home/runner/.m2/repository/javax/ws/rs/jsr311-api/1.1.1/jsr311-api-1.1.1.jar:/home/runner/.m2/repository/org/apache/commons/commons-compress/1.27.1/commons-compress-1.27.1.jar:/home/runner/.m2/repository/org/apache/commons/commons-lang3/3.17.0/commons-lang3-3.17.0.jar:/home/runner/.m2/repository/org/apache/commons/commons-text/1.13.1/commons-text-1.13.1.jar:/home/runner/.m2/repository/org/apache/hadoop/hadoop-auth/3.4.1/hadoop-auth-3.4.1.jar:/home/runner/.m2/repository/com/nimbusds/nimbus-jose-jwt/9.40/nimbus-jose-jwt-9.40.jar:/home/runner/.m2/repository/io/dropwizard/metrics/metrics-core/3.2.6/metrics-core-3.2.6.jar:/home/runner/.m2/repository/org/apache/kerby/kerb-core/1.0.1/kerb-core-1.0.1.jar:/home/runner/.m2/repository/org/apache/kerby/kerby-pkix/1.0.1/kerby-pkix-1.0.1.jar:/home/runner/.m2/repository/org/apache/kerby/kerby-asn1/1.0.1/kerby-asn1-1.0.1.jar:/home/runner/.m2/repository/org/apache/kerby/kerb-util/1.0.1/kerb-util-1.0.1.jar:/home/runner/.m2/repository/org/apache/kerby/kerby-config/1.0.1/kerby-config-1.0.1.jar:/home/runner/.m2/repository/org/apache/kerby/kerb-crypto/1.0.1/kerb-crypto-1.0.1.jar:/home/runner/.m2/repository/org/apache/hadoop/thirdparty/hadoop-shaded-guava/1.3.0/hadoop-shaded-guava-1.3.0.jar:/home/runner/.m2/repository/org/apache/hadoop/hadoop-common/3.4.1/hadoop-common-3.4.1.jar:/home/runner/.m2/repository/org/apache/hadoop/thirdparty/hadoop-shaded-protobuf_3_25/1.4.0/hadoop-shaded-protobuf_3_25-1.4.0.jar:/home/runner/.m2/repository/org/apache/hadoop/hadoop-annotations/3.4.1/hadoop-annotations-3.4.1.jar:/home/runner/.m2/repository/commons-cli/commons-cli/1.8.0/commons-cli-1.8.0.jar:/home/runner/.m2/repository/commons-net/commons-net/3.11.1/commons-net-3.11.1.jar:/home/runner/.m2/repository/org/eclipse/jetty/jetty-server/9.4.57.v20241219/jetty-server-9.4.57.v20241219.jar:/home/runner/.m2/repository/org/eclipse/jetty/jetty-io/9.4.57.v20241219/jetty-io-9.4.57.v20241219.jar:/home/runner/.m2/repository/org/eclipse/jetty/jetty-util/9.4.57.v20241219/jetty-util-9.4.57.v20241219.jar:/home/runner/.m2/repository/org/eclipse/jetty/jetty-servlet/9.4.57.v20241219/jetty-servlet-9.4.57.v20241219.jar:/home/runner/.m2/repository/org/eclipse/jetty/jetty-security/9.4.57.v20241219/jetty-security-9.4.57.v20241219.jar:/home/runner/.m2/repository/org/eclipse/jetty/jetty-webapp/9.4.57.v20241219/jetty-webapp-9.4.57.v20241219.jar:/home/runner/.m2/repository/org/eclipse/jetty/jetty-xml/9.4.57.v20241219/jetty-xml-9.4.57.v20241219.jar:/home/runner/.m2/repository/javax/servlet/jsp/jsp-api/2.1/jsp-api-2.1.jar:/home/runner/.m2/repository/org/codehaus/jettison/jettison/1.5.4/jettison-1.5.4.jar:/home/runner/.m2/repository/org/apache/commons/commons-configuration2/2.12.0/commons-configuration2-2.12.0.jar:/home/runner/.m2/repository/com/google/re2j/re2j/1.7/re2j-1.7.jar:/home/runner/.m2/repository/com/google/code/gson/gson/2.10.1/gson-2.10.1.jar:/home/runner/.m2/repository/com/jcraft/jsch/0.1.55/jsch-0.1.55.jar:/home/runner/.m2/repository/io/netty/netty-handler/4.1.119.Final/netty-handler-4.1.119.Final.jar:/home/runner/.m2/repository/io/netty/netty-resolver/4.1.119.Final/netty-resolver-4.1.119.Final.jar:/home/runner/.m2/repository/io/netty/netty-transport-native-epoll/4.1.119.Final/netty-transport-native-epoll-4.1.119.Final.jar:/home/runner/.m2/repository/org/bouncycastle/bcprov-jdk18on/1.81/bcprov-jdk18on-1.81.jar:/home/runner/.m2/repository/org/codehaus/woodstox/stax2-api/4.2.1/stax2-api-4.2.1.jar:/home/runner/.m2/repository/com/fasterxml/woodstox/woodstox-core/5.4.0/woodstox-core-5.4.0.jar:/home/runner/.m2/repository/dnsjava/dnsjava/3.6.1/dnsjava-3.6.1.jar:/home/runner/.m2/repository/org/apache/hadoop/hadoop-common/3.4.1/hadoop-common-3.4.1-tests.jar:/home/runner/.m2/repository/org/apache/commons/commons-math3/3.6.1/commons-math3-3.6.1.jar:/home/runner/.m2/repository/com/sun/jersey/jersey-core/1.19.4/jersey-core-1.19.4.jar:/home/runner/.m2/repository/com/sun/jersey/jersey-servlet/1.19.4/jersey-servlet-1.19.4.jar:/home/runner/.m2/repository/com/github/pjfanning/jersey-json/1.22.0/jersey-json-1.22.0.jar:/home/runner/.m2/repository/com/sun/xml/bind/jaxb-impl/2.2.3-1/jaxb-impl-2.2.3-1.jar:/home/runner/.m2/repository/com/sun/jersey/jersey-server/1.19.4/jersey-server-1.19.4.jar:/home/runner/.m2/repository/org/slf4j/slf4j-reload4j/2.0.17/slf4j-reload4j-2.0.17.jar:/home/runner/.m2/repository/org/apache/avro/avro/1.9.2/avro-1.9.2.jar:/home/runner/.m2/repository/org/apache/curator/curator-client/4.2.0/curator-client-4.2.0.jar:/home/runner/.m2/repository/org/apache/curator/curator-recipes/5.2.0/curator-recipes-5.2.0.jar:/home/runner/.m2/repository/org/apache/curator/curator-framework/4.2.0/curator-framework-4.2.0.jar:/home/runner/.m2/repository/com/google/code/findbugs/jsr305/3.0.2/jsr305-3.0.2.jar:/home/runner/.m2/repository/org/apache/zookeeper/zookeeper/3.8.4/zookeeper-3.8.4.jar:/home/runner/.m2/repository/org/apache/zookeeper/zookeeper-jute/3.8.4/zookeeper-jute-3.8.4.jar:/home/runner/.m2/repository/org/apache/yetus/audience-annotations/0.12.0/audience-annotations-0.12.0.jar:/home/runner/.m2/repository/org/xerial/snappy/snappy-java/1.1.10.7/snappy-java-1.1.10.7.jar:/home/runner/.m2/repository/org/apache/hadoop/hadoop-distcp/3.4.1/hadoop-distcp-3.4.1.jar:/home/runner/.m2/repository/org/apache/hadoop/hadoop-distcp/3.4.1/hadoop-distcp-3.4.1-tests.jar:/home/runner/.m2/repository/org/apache/hadoop/hadoop-hdfs/3.4.1/hadoop-hdfs-3.4.1.jar:/home/runner/.m2/repository/org/eclipse/jetty/jetty-util-ajax/9.4.57.v20241219/jetty-util-ajax-9.4.57.v20241219.jar:/home/runner/.m2/repository/commons-daemon/commons-daemon/1.4.0/commons-daemon-1.4.0.jar:/home/runner/.m2/repository/org/apache/hadoop/hadoop-hdfs/3.4.1/hadoop-hdfs-3.4.1-tests.jar:/home/runner/.m2/repository/io/netty/netty-all/4.1.119.Final/netty-all-4.1.119.Final.jar:/home/runner/.m2/repository/io/netty/netty-codec-dns/4.1.119.Final/netty-codec-dns-4.1.119.Final.jar:/home/runner/.m2/repository/io/netty/netty-codec-haproxy/4.1.119.Final/netty-codec-haproxy-4.1.119.Final.jar:/home/runner/.m2/repository/io/netty/netty-codec-http/4.1.119.Final/netty-codec-http-4.1.119.Final.jar:/home/runner/.m2/repository/io/netty/netty-codec-memcache/4.1.119.Final/netty-codec-memcache-4.1.119.Final.jar:/home/runner/.m2/repository/io/netty/netty-codec-mqtt/4.1.119.Final/netty-codec-mqtt-4.1.119.Final.jar:/home/runner/.m2/repository/io/netty/netty-codec-redis/4.1.119.Final/netty-codec-redis-4.1.119.Final.jar:/home/runner/.m2/repository/io/netty/netty-codec-smtp/4.1.119.Final/netty-codec-smtp-4.1.119.Final.jar:/home/runner/.m2/repository/io/netty/netty-codec-socks/4.1.119.Final/netty-codec-socks-4.1.119.Final.jar:/home/runner/.m2/repository/io/netty/netty-codec-stomp/4.1.119.Final/netty-codec-stomp-4.1.119.Final.jar:/home/runner/.m2/repository/io/netty/netty-codec-xml/4.1.119.Final/netty-codec-xml-4.1.119.Final.jar:/home/runner/.m2/repository/io/netty/netty-handler-ssl-ocsp/4.1.119.Final/netty-handler-ssl-ocsp-4.1.119.Final.jar:/home/runner/.m2/repository/io/netty/netty-resolver-dns/4.1.119.Final/netty-resolver-dns-4.1.119.Final.jar:/home/runner/.m2/repository/io/netty/netty-transport-rxtx/4.1.119.Final/netty-transport-rxtx-4.1.119.Final.jar:/home/runner/.m2/repository/io/netty/netty-transport-sctp/4.1.119.Final/netty-transport-sctp-4.1.119.Final.jar:/home/runner/.m2/repository/io/netty/netty-transport-udt/4.1.119.Final/netty-transport-udt-4.1.119.Final.jar:/home/runner/.m2/repository/io/netty/netty-transport-classes-kqueue/4.1.119.Final/netty-transport-classes-kqueue-4.1.119.Final.jar:/home/runner/.m2/repository/io/netty/netty-resolver-dns-classes-macos/4.1.119.Final/netty-resolver-dns-classes-macos-4.1.119.Final.jar:/home/runner/.m2/repository/io/netty/netty-transport-native-epoll/4.1.119.Final/netty-transport-native-epoll-4.1.119.Final-linux-aarch_64.jar:/home/runner/.m2/repository/io/netty/netty-transport-native-epoll/4.1.119.Final/netty-transport-native-epoll-4.1.119.Final-linux-riscv64.jar:/home/runner/.m2/repository/io/netty/netty-transport-native-kqueue/4.1.119.Final/netty-transport-native-kqueue-4.1.119.Final-osx-x86_64.jar:/home/runner/.m2/repository/io/netty/netty-transport-native-kqueue/4.1.119.Final/netty-transport-native-kqueue-4.1.119.Final-osx-aarch_64.jar:/home/runner/.m2/repository/io/netty/netty-resolver-dns-native-macos/4.1.119.Final/netty-resolver-dns-native-macos-4.1.119.Final-osx-x86_64.jar:/home/runner/.m2/repository/io/netty/netty-resolver-dns-native-macos/4.1.119.Final/netty-resolver-dns-native-macos-4.1.119.Final-osx-aarch_64.jar:/home/runner/.m2/repository/org/fusesource/leveldbjni/leveldbjni-all/1.8/leveldbjni-all-1.8.jar:/home/runner/.m2/repository/org/apache/hadoop/hadoop-hdfs-client/3.4.1/hadoop-hdfs-client-3.4.1.jar:/home/runner/.m2/repository/org/apache/hadoop/hadoop-kms/3.4.1/hadoop-kms-3.4.1.jar:/home/runner/.m2/repository/org/apache/hadoop/hadoop-kms/3.4.1/hadoop-kms-3.4.1-tests.jar:/home/runner/.m2/repository/org/apache/hadoop/hadoop-mapreduce-client-core/3.4.1/hadoop-mapreduce-client-core-3.4.1.jar:/home/runner/.m2/repository/org/apache/hadoop/hadoop-yarn-client/3.4.1/hadoop-yarn-client-3.4.1.jar:/home/runner/.m2/repository/org/eclipse/jetty/websocket/websocket-client/9.4.53.v20231009/websocket-client-9.4.53.v20231009.jar:/home/runner/.m2/repository/org/eclipse/jetty/jetty-client/9.4.57.v20241219/jetty-client-9.4.57.v20241219.jar:/home/runner/.m2/repository/org/eclipse/jetty/websocket/websocket-common/9.4.53.v20231009/websocket-common-9.4.53.v20231009.jar:/home/runner/.m2/repository/org/eclipse/jetty/websocket/websocket-api/9.4.53.v20231009/websocket-api-9.4.53.v20231009.jar:/home/runner/.m2/repository/org/apache/hadoop/hadoop-yarn-api/3.4.1/hadoop-yarn-api-3.4.1.jar:/home/runner/.m2/repository/org/apache/hadoop/hadoop-yarn-common/3.4.1/hadoop-yarn-common-3.4.1.jar:/home/runner/.m2/repository/javax/xml/bind/jaxb-api/2.2.11/jaxb-api-2.2.11.jar:/home/runner/.m2/repository/com/sun/jersey/contribs/jersey-guice/1.19.4/jersey-guice-1.19.4.jar:/home/runner/.m2/repository/com/fasterxml/jackson/module/jackson-module-jaxb-annotations/2.16.2/jackson-module-jaxb-annotations-2.16.2.jar:/home/runner/.m2/repository/com/fasterxml/jackson/jaxrs/jackson-jaxrs-json-provider/2.16.2/jackson-jaxrs-json-provider-2.16.2.jar:/home/runner/.m2/repository/com/google/inject/extensions/guice-servlet/6.0.0/guice-servlet-6.0.0.jar:/home/runner/.m2/repository/org/apache/hadoop/hadoop-mapreduce-client-jobclient/3.4.1/hadoop-mapreduce-client-jobclient-3.4.1.jar:/home/runner/.m2/repository/org/apache/hadoop/hadoop-mapreduce-client-common/3.4.1/hadoop-mapreduce-client-common-3.4.1.jar:/home/runner/.m2/repository/org/apache/hadoop/hadoop-minikdc/3.4.1/hadoop-minikdc-3.4.1.jar:/home/runner/.m2/repository/org/apache/kerby/kerb-simplekdc/2.0.3/kerb-simplekdc-2.0.3.jar:/home/runner/.m2/repository/org/apache/kerby/kerb-client/2.0.3/kerb-client-2.0.3.jar:/home/runner/.m2/repository/org/apache/kerby/kerb-common/2.0.3/kerb-common-2.0.3.jar:/home/runner/.m2/repository/org/apache/kerby/token-provider/2.0.3/token-provider-2.0.3.jar:/home/runner/.m2/repository/org/apache/kerby/kerb-admin/2.0.3/kerb-admin-2.0.3.jar:/home/runner/.m2/repository/org/apache/kerby/kerb-server/2.0.3/kerb-server-2.0.3.jar:/home/runner/.m2/repository/org/apache/kerby/kerb-identity/2.0.3/kerb-identity-2.0.3.jar:/home/runner/.m2/repository/org/apache/kerby/kerby-xdr/2.0.3/kerby-xdr-2.0.3.jar:/home/runner/.m2/repository/junit/junit/4.13.2/junit-4.13.2.jar:/home/runner/.m2/repository/org/hamcrest/hamcrest-core/1.3/hamcrest-core-1.3.jar:/home/runner/.m2/repository/org/apache/httpcomponents/httpclient/4.5.14/httpclient-4.5.14.jar:/home/runner/.m2/repository/org/apache/httpcomponents/httpcore/4.4.16/httpcore-4.4.16.jar:/home/runner/.m2/repository/org/apache/kerby/kerby-util/1.0.1/kerby-util-1.0.1.jar:/home/runner/work/ozone/ozone/hadoop-hdds/client/target/hdds-client-2.1.0-SNAPSHOT.jar:/home/runner/.m2/repository/io/opentracing/opentracing-api/0.33.0/opentracing-api-0.33.0.jar:/home/runner/.m2/repository/io/opentracing/opentracing-util/0.33.0/opentracing-util-0.33.0.jar:/home/runner/.m2/repository/io/opentracing/opentracing-noop/0.33.0/opentracing-noop-0.33.0.jar:/home/runner/work/ozone/ozone/hadoop-hdds/erasurecode/target/hdds-erasurecode-2.1.0-SNAPSHOT.jar:/home/runner/work/ozone/ozone/hadoop-hdds/common/target/hdds-common-2.1.0-SNAPSHOT.jar:/home/runner/.m2/repository/com/fasterxml/jackson/datatype/jackson-datatype-jsr310/2.16.2/jackson-datatype-jsr310-2.16.2.jar:/home/runner/.m2/repository/io/jaegertracing/jaeger-core/1.8.1/jaeger-core-1.8.1.jar:/home/runner/.m2/repository/org/apache/ratis/ratis-netty/3.2.0/ratis-netty-3.2.0.jar:/home/runner/.m2/repository/org/yaml/snakeyaml/2.0/snakeyaml-2.0.jar:/home/runner/.m2/repository/io/jaegertracing/jaeger-client/1.8.1/jaeger-client-1.8.1.jar:/home/runner/.m2/repository/io/jaegertracing/jaeger-thrift/1.8.1/jaeger-thrift-1.8.1.jar:/home/runner/.m2/repository/org/apache/thrift/libthrift/0.15.0/libthrift-0.15.0.jar:/home/runner/.m2/repository/io/jaegertracing/jaeger-tracerresolver/1.8.1/jaeger-tracerresolver-1.8.1.jar:/home/runner/.m2/repository/io/opentracing/contrib/opentracing-tracerresolver/0.1.8/opentracing-tracerresolver-0.1.8.jar:/home/runner/.m2/repository/org/apache/ratis/ratis-metrics-dropwizard3/3.2.0/ratis-metrics-dropwizard3-3.2.0.jar:/home/runner/.m2/repository/org/slf4j/jcl-over-slf4j/2.0.17/jcl-over-slf4j-2.0.17.jar:/home/runner/work/ozone/ozone/hadoop-hdds/common/target/hdds-common-2.1.0-SNAPSHOT-tests.jar:/home/runner/work/ozone/ozone/hadoop-hdds/config/target/hdds-config-2.1.0-SNAPSHOT.jar:/home/runner/work/ozone/ozone/hadoop-hdds/container-service/target/hdds-container-service-2.1.0-SNAPSHOT.jar:/home/runner/.m2/repository/io/netty/netty-buffer/4.1.119.Final/netty-buffer-4.1.119.Final.jar:/home/runner/.m2/repository/io/netty/netty-codec/4.1.119.Final/netty-codec-4.1.119.Final.jar:/home/runner/.m2/repository/io/netty/netty-common/4.1.119.Final/netty-common-4.1.119.Final.jar:/home/runner/.m2/repository/io/netty/netty-transport/4.1.119.Final/netty-transport-4.1.119.Final.jar:/home/runner/.m2/repository/org/apache/logging/log4j/log4j-api/2.25.0/log4j-api-2.25.0.jar:/home/runner/.m2/repository/com/github/luben/zstd-jni/1.5.7-4/zstd-jni-1.5.7-4.jar:/home/runner/.m2/repository/log4j/apache-log4j-extras/1.2.17/apache-log4j-extras-1.2.17.jar:/home/runner/.m2/repository/org/glassfish/jaxb/jaxb-runtime/2.3.9/jaxb-runtime-2.3.9.jar:/home/runner/.m2/repository/org/glassfish/jaxb/txw2/2.3.9/txw2-2.3.9.jar:/home/runner/.m2/repository/com/sun/istack/istack-commons-runtime/3.0.12/istack-commons-runtime-3.0.12.jar:/home/runner/.m2/repository/com/sun/activation/jakarta.activation/1.2.2/jakarta.activation-1.2.2.jar:/home/runner/work/ozone/ozone/hadoop-hdds/container-service/target/hdds-container-service-2.1.0-SNAPSHOT-tests.jar:/home/runner/work/ozone/ozone/hadoop-hdds/interface-admin/target/hdds-interface-admin-2.1.0-SNAPSHOT.jar:/home/runner/work/ozone/ozone/hadoop-hdds/interface-client/target/hdds-interface-client-2.1.0-SNAPSHOT.jar:/home/runner/work/ozone/ozone/hadoop-hdds/interface-server/target/hdds-interface-server-2.1.0-SNAPSHOT.jar:/home/runner/work/ozone/ozone/hadoop-hdds/managed-rocksdb/target/hdds-managed-rocksdb-2.1.0-SNAPSHOT.jar:/home/runner/work/ozone/ozone/hadoop-hdds/rocks-native/target/hdds-rocks-native-2.1.0-SNAPSHOT.jar:/home/runner/work/ozone/ozone/hadoop-hdds/framework/target/hdds-server-framework-2.1.0-SNAPSHOT.jar:/home/runner/.m2/repository/com/github/jnr/jnr-constants/0.10.4/jnr-constants-0.10.4.jar:/home/runner/.m2/repository/com/github/jnr/jnr-posix/3.1.20/jnr-posix-3.1.20.jar:/home/runner/.m2/repository/com/github/jnr/jnr-ffi/2.2.17/jnr-ffi-2.2.17.jar:/home/runner/.m2/repository/com/github/jnr/jffi/1.3.13/jffi-1.3.13.jar:/home/runner/.m2/repository/com/github/jnr/jffi/1.3.13/jffi-1.3.13-native.jar:/home/runner/.m2/repository/org/ow2/asm/asm/9.7.1/asm-9.7.1.jar:/home/runner/.m2/repository/org/ow2/asm/asm-commons/9.7.1/asm-commons-9.7.1.jar:/home/runner/.m2/repository/org/ow2/asm/asm-analysis/9.7.1/asm-analysis-9.7.1.jar:/home/runner/.m2/repository/org/ow2/asm/asm-tree/9.7.1/asm-tree-9.7.1.jar:/home/runner/.m2/repository/org/ow2/asm/asm-util/9.7.1/asm-util-9.7.1.jar:/home/runner/.m2/repository/com/github/jnr/jnr-a64asm/1.0.0/jnr-a64asm-1.0.0.jar:/home/runner/.m2/repository/com/github/jnr/jnr-x86asm/1.0.2/jnr-x86asm-1.0.2.jar:/home/runner/.m2/repository/commons-fileupload/commons-fileupload/1.5/commons-fileupload-1.5.jar:/home/runner/.m2/repository/io/grpc/grpc-api/1.71.0/grpc-api-1.71.0.jar:/home/runner/.m2/repository/io/prometheus/simpleclient/0.16.0/simpleclient-0.16.0.jar:/home/runner/.m2/repository/io/prometheus/simpleclient_common/0.16.0/simpleclient_common-0.16.0.jar:/home/runner/.m2/repository/io/prometheus/simpleclient_dropwizard/0.16.0/simpleclient_dropwizard-0.16.0.jar:/home/runner/.m2/repository/jakarta/ws/rs/jakarta.ws.rs-api/2.1.6/jakarta.ws.rs-api-2.1.6.jar:/home/runner/.m2/repository/org/eclipse/jetty/jetty-http/9.4.57.v20241219/jetty-http-9.4.57.v20241219.jar:/home/runner/.m2/repository/org/glassfish/jersey/containers/jersey-container-servlet-core/2.47/jersey-container-servlet-core-2.47.jar:/home/runner/.m2/repository/org/glassfish/jersey/core/jersey-server/2.47/jersey-server-2.47.jar:/home/runner/.m2/repository/org/glassfish/jersey/core/jersey-client/2.47/jersey-client-2.47.jar:/home/runner/.m2/repository/com/lmax/disruptor/3.4.4/disruptor-3.4.4.jar:/home/runner/.m2/repository/org/apache/logging/log4j/log4j-core/2.25.0/log4j-core-2.25.0.jar:/home/runner/work/ozone/ozone/hadoop-hdds/framework/target/hdds-server-framework-2.1.0-SNAPSHOT-tests.jar:/home/runner/work/ozone/ozone/hadoop-hdds/server-scm/target/hdds-server-scm-2.1.0-SNAPSHOT.jar:/home/runner/work/ozone/ozone/hadoop-hdds/server-scm/target/hdds-server-scm-2.1.0-SNAPSHOT-tests.jar:/home/runner/work/ozone/ozone/hadoop-hdds/test-utils/target/hdds-test-utils-2.1.0-SNAPSHOT-tests.jar:/home/runner/work/ozone/ozone/hadoop-ozone/cli-admin/target/ozone-cli-admin-2.1.0-SNAPSHOT.jar:/home/runner/work/ozone/ozone/hadoop-ozone/cli-shell/target/ozone-cli-shell-2.1.0-SNAPSHOT.jar:/home/runner/.m2/repository/info/picocli/picocli-shell-jline3/4.7.7/picocli-shell-jline3-4.7.7.jar:/home/runner/.m2/repository/org/jline/jline/3.30.4/jline-3.30.4.jar:/home/runner/work/ozone/ozone/hadoop-ozone/client/target/ozone-client-2.1.0-SNAPSHOT.jar:/home/runner/work/ozone/ozone/hadoop-ozone/common/target/ozone-common-2.1.0-SNAPSHOT.jar:/home/runner/.m2/repository/io/grpc/grpc-netty/1.71.0/grpc-netty-1.71.0.jar:/home/runner/.m2/repository/org/codehaus/mojo/animal-sniffer-annotations/1.24/animal-sniffer-annotations-1.24.jar:/home/runner/.m2/repository/io/grpc/grpc-core/1.71.0/grpc-core-1.71.0.jar:/home/runner/.m2/repository/com/google/android/annotations/4.1.1.4/annotations-4.1.1.4.jar:/home/runner/.m2/repository/io/grpc/grpc-context/1.71.0/grpc-context-1.71.0.jar:/home/runner/.m2/repository/io/perfmark/perfmark-api/0.27.0/perfmark-api-0.27.0.jar:/home/runner/.m2/repository/io/grpc/grpc-util/1.71.0/grpc-util-1.71.0.jar:/home/runner/.m2/repository/io/netty/netty-codec-http2/4.1.119.Final/netty-codec-http2-4.1.119.Final.jar:/home/runner/.m2/repository/io/netty/netty-handler-proxy/4.1.119.Final/netty-handler-proxy-4.1.119.Final.jar:/home/runner/.m2/repository/io/netty/netty-tcnative-boringssl-static/2.0.70.Final/netty-tcnative-boringssl-static-2.0.70.Final.jar:/home/runner/.m2/repository/io/netty/netty-tcnative-classes/2.0.70.Final/netty-tcnative-classes-2.0.70.Final.jar:/home/runner/.m2/repository/io/netty/netty-tcnative-boringssl-static/2.0.70.Final/netty-tcnative-boringssl-static-2.0.70.Final-linux-x86_64.jar:/home/runner/.m2/repository/io/netty/netty-tcnative-boringssl-static/2.0.70.Final/netty-tcnative-boringssl-static-2.0.70.Final-linux-aarch_64.jar:/home/runner/.m2/repository/io/netty/netty-tcnative-boringssl-static/2.0.70.Final/netty-tcnative-boringssl-static-2.0.70.Final-osx-x86_64.jar:/home/runner/.m2/repository/io/netty/netty-tcnative-boringssl-static/2.0.70.Final/netty-tcnative-boringssl-static-2.0.70.Final-osx-aarch_64.jar:/home/runner/.m2/repository/io/netty/netty-tcnative-boringssl-static/2.0.70.Final/netty-tcnative-boringssl-static-2.0.70.Final-windows-x86_64.jar:/home/runner/work/ozone/ozone/hadoop-ozone/csi/target/ozone-csi-2.1.0-SNAPSHOT.jar:/home/runner/.m2/repository/io/grpc/grpc-protobuf/1.71.0/grpc-protobuf-1.71.0.jar:/home/runner/.m2/repository/com/google/api/grpc/proto-google-common-protos/2.51.0/proto-google-common-protos-2.51.0.jar:/home/runner/.m2/repository/io/grpc/grpc-protobuf-lite/1.71.0/grpc-protobuf-lite-1.71.0.jar:/home/runner/.m2/repository/io/grpc/grpc-stub/1.71.0/grpc-stub-1.71.0.jar:/home/runner/.m2/repository/io/netty/netty-transport-classes-epoll/4.1.119.Final/netty-transport-classes-epoll-4.1.119.Final.jar:/home/runner/.m2/repository/io/netty/netty-transport-native-unix-common/4.1.119.Final/netty-transport-native-unix-common-4.1.119.Final.jar:/home/runner/.m2/repository/io/netty/netty-transport-native-epoll/4.1.119.Final/netty-transport-native-epoll-4.1.119.Final-linux-x86_64.jar:/home/runner/work/ozone/ozone/hadoop-ozone/ozonefs/target/ozone-filesystem-2.1.0-SNAPSHOT.jar:/home/runner/work/ozone/ozone/hadoop-ozone/ozonefs-common/target/ozone-filesystem-common-2.1.0-SNAPSHOT.jar:/home/runner/work/ozone/ozone/hadoop-ozone/freon/target/ozone-freon-2.1.0-SNAPSHOT.jar:/home/runner/.m2/repository/com/amazonaws/aws-java-sdk-core/1.12.661/aws-java-sdk-core-1.12.661.jar:/home/runner/.m2/repository/com/fasterxml/jackson/dataformat/jackson-dataformat-cbor/2.16.2/jackson-dataformat-cbor-2.16.2.jar:/home/runner/.m2/repository/joda-time/joda-time/2.12.7/joda-time-2.12.7.jar:/home/runner/.m2/repository/com/amazonaws/aws-java-sdk-s3/1.12.661/aws-java-sdk-s3-1.12.661.jar:/home/runner/.m2/repository/com/amazonaws/aws-java-sdk-kms/1.12.661/aws-java-sdk-kms-1.12.661.jar:/home/runner/.m2/repository/com/amazonaws/jmespath-java/1.12.661/jmespath-java-1.12.661.jar:/home/runner/work/ozone/ozone/hadoop-ozone/interface-client/target/ozone-interface-client-2.1.0-SNAPSHOT.jar:/home/runner/work/ozone/ozone/hadoop-ozone/interface-storage/target/ozone-interface-storage-2.1.0-SNAPSHOT.jar:/home/runner/work/ozone/ozone/hadoop-ozone/ozone-manager/target/ozone-manager-2.1.0-SNAPSHOT.jar:/home/runner/.m2/repository/com/sun/jersey/jersey-client/1.19.4/jersey-client-1.19.4.jar:/home/runner/.m2/repository/org/apache/ranger/ranger-plugins-common/2.6.0/ranger-plugins-common-2.6.0.jar:/home/runner/.m2/repository/com/fasterxml/jackson/jaxrs/jackson-jaxrs-base/2.16.2/jackson-jaxrs-base-2.16.2.jar:/home/runner/.m2/repository/com/kstruct/gethostname4j/1.0.0/gethostname4j-1.0.0.jar:/home/runner/.m2/repository/commons-lang/commons-lang/2.6/commons-lang-2.6.jar:/home/runner/.m2/repository/net/java/dev/jna/jna/5.2.0/jna-5.2.0.jar:/home/runner/.m2/repository/net/java/dev/jna/jna-platform/5.2.0/jna-platform-5.2.0.jar:/home/runner/.m2/repository/org/apache/ranger/ranger-plugin-classloader/2.6.0/ranger-plugin-classloader-2.6.0.jar:/home/runner/.m2/repository/org/apache/ranger/ranger-plugins-audit/2.6.0/ranger-plugins-audit-2.6.0.jar:/home/runner/.m2/repository/com/amazonaws/aws-java-sdk-logs/1.12.765/aws-java-sdk-logs-1.12.765.jar:/home/runner/.m2/repository/com/carrotsearch/hppc/0.8.0/hppc-0.8.0.jar:/home/runner/.m2/repository/io/airlift/aircompressor/0.27/aircompressor-0.27.jar:/home/runner/.m2/repository/org/apache/httpcomponents/httpasyncclient/4.1.4/httpasyncclient-4.1.4.jar:/home/runner/.m2/repository/org/apache/httpcomponents/httpcore-nio/4.4.16/httpcore-nio-4.4.16.jar:/home/runner/.m2/repository/org/apache/httpcomponents/httpmime/4.5.13/httpmime-4.5.13.jar:/home/runner/.m2/repository/org/apache/orc/orc-core/1.5.8/orc-core-1.5.8.jar:/home/runner/.m2/repository/org/apache/orc/orc-shims/1.5.8/orc-shims-1.5.8.jar:/home/runner/.m2/repository/org/apache/ranger/ranger-plugins-cred/2.6.0/ranger-plugins-cred-2.6.0.jar:/home/runner/.m2/repository/org/aspectj/aspectjrt/1.9.7/aspectjrt-1.9.7.jar:/home/runner/work/ozone/ozone/hadoop-ozone/ozone-manager/target/ozone-manager-2.1.0-SNAPSHOT-tests.jar:/home/runner/work/ozone/ozone/hadoop-ozone/mini-cluster/target/ozone-mini-cluster-2.1.0-SNAPSHOT.jar:/home/runner/work/ozone/ozone/hadoop-ozone/recon/target/ozone-recon-2.1.0-SNAPSHOT.jar:/home/runner/.m2/repository/aopalliance/aopalliance/1.0/aopalliance-1.0.jar:/home/runner/.m2/repository/com/google/inject/guice/6.0.0/guice-6.0.0.jar:/home/runner/.m2/repository/jakarta/inject/jakarta.inject-api/2.0.1/jakarta.inject-api-2.0.1.jar:/home/runner/.m2/repository/com/jolbox/bonecp/0.8.0.RELEASE/bonecp-0.8.0.RELEASE.jar:/home/runner/.m2/repository/jakarta/validation/jakarta.validation-api/2.0.2/jakarta.validation-api-2.0.2.jar:/home/runner/.m2/repository/javax/annotation/javax.annotation-api/1.3.2/javax.annotation-api-1.3.2.jar:/home/runner/.m2/repository/javax/inject/javax.inject/1/javax.inject-1.jar:/home/runner/.m2/repository/org/apache/derby/derby/10.14.2.0/derby-10.14.2.0.jar:/home/runner/.m2/repository/org/glassfish/hk2/guice-bridge/2.6.1/guice-bridge-2.6.1.jar:/home/runner/.m2/repository/org/glassfish/hk2/hk2-api/2.6.1/hk2-api-2.6.1.jar:/home/runner/.m2/repository/org/glassfish/hk2/hk2-utils/2.6.1/hk2-utils-2.6.1.jar:/home/runner/.m2/repository/org/glassfish/hk2/external/aopalliance-repackaged/2.6.1/aopalliance-repackaged-2.6.1.jar:/home/runner/.m2/repository/org/glassfish/jersey/core/jersey-common/2.47/jersey-common-2.47.jar:/home/runner/.m2/repository/org/glassfish/hk2/osgi-resource-locator/1.0.3/osgi-resource-locator-1.0.3.jar:/home/runner/.m2/repository/org/jooq/jooq/3.11.10/jooq-3.11.10.jar:/home/runner/.m2/repository/org/springframework/spring-core/5.3.39/spring-core-5.3.39.jar:/home/runner/.m2/repository/org/springframework/spring-jdbc/5.3.39/spring-jdbc-5.3.39.jar:/home/runner/.m2/repository/org/springframework/spring-beans/5.3.39/spring-beans-5.3.39.jar:/home/runner/.m2/repository/org/springframework/spring-tx/5.3.39/spring-tx-5.3.39.jar:/home/runner/.m2/repository/org/xerial/sqlite-jdbc/3.50.2.0/sqlite-jdbc-3.50.2.0.jar:/home/runner/.m2/repository/com/google/inject/extensions/guice-assistedinject/6.0.0/guice-assistedinject-6.0.0.jar:/home/runner/.m2/repository/org/glassfish/hk2/external/jakarta.inject/2.6.1/jakarta.inject-2.6.1.jar:/home/runner/.m2/repository/org/glassfish/jersey/inject/jersey-hk2/2.47/jersey-hk2-2.47.jar:/home/runner/.m2/repository/org/glassfish/hk2/hk2-locator/2.6.1/hk2-locator-2.6.1.jar:/home/runner/.m2/repository/org/glassfish/jersey/media/jersey-media-jaxb/2.47/jersey-media-jaxb-2.47.jar:/home/runner/.m2/repository/org/glassfish/jersey/media/jersey-media-json-jackson/2.47/jersey-media-json-jackson-2.47.jar:/home/runner/.m2/repository/org/glassfish/jersey/ext/jersey-entity-filtering/2.47/jersey-entity-filtering-2.47.jar:/home/runner/work/ozone/ozone/hadoop-ozone/recon-codegen/target/ozone-reconcodegen-2.1.0-SNAPSHOT.jar:/home/runner/.m2/repository/org/jooq/jooq-codegen/3.11.10/jooq-codegen-3.11.10.jar:/home/runner/.m2/repository/org/jooq/jooq-meta/3.11.10/jooq-meta-3.11.10.jar:/home/runner/work/ozone/ozone/hadoop-ozone/s3gateway/target/ozone-s3gateway-2.1.0-SNAPSHOT.jar:/home/runner/work/ozone/ozone/hadoop-ozone/tools/target/ozone-tools-2.1.0-SNAPSHOT.jar:/home/runner/.m2/repository/com/github/vlsi/mxgraph/jgraphx/3.9.12/jgraphx-3.9.12.jar:/home/runner/.m2/repository/org/apache/ratis/ratis-shell/3.2.0/ratis-shell-3.2.0.jar:/home/runner/.m2/repository/org/apache/ratis/ratis-tools/3.2.0/ratis-tools-3.2.0.jar:/home/runner/.m2/repository/org/jgrapht/jgrapht-core/1.4.0/jgrapht-core-1.4.0.jar:/home/runner/.m2/repository/org/jheaps/jheaps/0.11/jheaps-0.11.jar:/home/runner/.m2/repository/org/jgrapht/jgrapht-ext/1.4.0/jgrapht-ext-1.4.0.jar:/home/runner/work/ozone/ozone/hadoop-hdds/rocksdb-checkpoint-differ/target/rocksdb-checkpoint-differ-2.1.0-SNAPSHOT.jar:/home/runner/.m2/repository/org/apache/ranger/ranger-intg/2.6.0/ranger-intg-2.6.0.jar:/home/runner/.m2/repository/org/apache/ratis/ratis-client/3.2.0/ratis-client-3.2.0.jar:/home/runner/.m2/repository/org/apache/ratis/ratis-common/3.2.0/ratis-common-3.2.0.jar:/home/runner/.m2/repository/org/apache/ratis/ratis-grpc/3.2.0/ratis-grpc-3.2.0.jar:/home/runner/.m2/repository/org/apache/ratis/ratis-metrics-api/3.2.0/ratis-metrics-api-3.2.0.jar:/home/runner/.m2/repository/org/apache/ratis/ratis-proto/3.2.0/ratis-proto-3.2.0.jar:/home/runner/.m2/repository/org/apache/ratis/ratis-server/3.2.0/ratis-server-3.2.0.jar:/home/runner/.m2/repository/org/apache/ratis/ratis-server-api/3.2.0/ratis-server-api-3.2.0.jar:/home/runner/.m2/repository/org/apache/ratis/ratis-thirdparty-misc/1.0.9/ratis-thirdparty-misc-1.0.9.jar:/home/runner/.m2/repository/org/bouncycastle/bcpkix-jdk18on/1.81/bcpkix-jdk18on-1.81.jar:/home/runner/.m2/repository/org/bouncycastle/bcutil-jdk18on/1.81/bcutil-jdk18on-1.81.jar:/home/runner/.m2/repository/org/hamcrest/hamcrest/2.2/hamcrest-2.2.jar:/home/runner/.m2/repository/org/reflections/reflections/0.10.2/reflections-0.10.2.jar:/home/runner/.m2/repository/org/javassist/javassist/3.30.2-GA/javassist-3.30.2-GA.jar:/home/runner/.m2/repository/org/rocksdb/rocksdbjni/7.7.3/rocksdbjni-7.7.3.jar:/home/runner/.m2/repository/org/slf4j/jul-to-slf4j/2.0.17/jul-to-slf4j-2.0.17.jar:/home/runner/.m2/repository/org/slf4j/slf4j-api/2.0.17/slf4j-api-2.0.17.jar:/home/runner/.m2/repository/org/assertj/assertj-core/3.27.3/assertj-core-3.27.3.jar:/home/runner/.m2/repository/net/bytebuddy/byte-buddy/1.15.11/byte-buddy-1.15.11.jar:/home/runner/.m2/repository/org/junit/jupiter/junit-jupiter-api/5.13.3/junit-jupiter-api-5.13.3.jar:/home/runner/.m2/repository/org/opentest4j/opentest4j/1.3.0/opentest4j-1.3.0.jar:/home/runner/.m2/repository/org/junit/platform/junit-platform-commons/1.13.3/junit-platform-commons-1.13.3.jar:/home/runner/.m2/repository/org/apiguardian/apiguardian-api/1.1.2/apiguardian-api-1.1.2.jar:/home/runner/.m2/repository/org/junit/jupiter/junit-jupiter-params/5.13.3/junit-jupiter-params-5.13.3.jar:/home/runner/.m2/repository/org/mockito/mockito-core/4.11.0/mockito-core-4.11.0.jar:/home/runner/.m2/repository/net/bytebuddy/byte-buddy-agent/1.12.19/byte-buddy-agent-1.12.19.jar:/home/runner/.m2/repository/org/objenesis/objenesis/3.3/objenesis-3.3.jar:/home/runner/.m2/repository/org/mockito/mockito-inline/4.11.0/mockito-inline-4.11.0.jar:/home/runner/.m2/repository/org/mockito/mockito-junit-jupiter/4.11.0/mockito-junit-jupiter-4.11.0.jar:/home/runner/work/ozone/ozone/hadoop-ozone/integration-test/target/gradle-enterprise/test-listeners.jar:"/>
    <property name="java.vm.vendor" value="Eclipse Adoptium"/>
    <property name="sun.arch.data.model" value="64"/>
    <property name="test.build.dir" value="/home/runner/work/ozone/ozone/hadoop-ozone/integration-test/target/test-dir"/>
    <property name="test.cache.data" value=""/>
    <property name="java.vendor.url" value="https://adoptium.net/"/>
    <property name="user.timezone" value="Etc/UTC"/>
    <property name="maven-surefire-plugin.argLineAccessArgs" value=" --add-opens java.management/com.sun.jmx.mbeanserver=ALL-UNNAMED --add-exports java.management/com.sun.jmx.mbeanserver=ALL-UNNAMED --add-opens java.base/java.nio=ALL-UNNAMED --add-opens java.base/java.lang=ALL-UNNAMED --add-opens java.base/java.lang.reflect=ALL-UNNAMED"/>
    <property name="os.name" value="Linux"/>
    <property name="java.vm.specification.version" value="21"/>
    <property name="test.build.data" value="/home/runner/work/ozone/ozone/hadoop-ozone/integration-test/target/test-dir"/>
    <property name="sun.java.launcher" value="SUN_STANDARD"/>
    <property name="sun.boot.library.path" value="/usr/lib/jvm/temurin-21-jdk-amd64/lib"/>
    <property name="sun.java.command" value="/home/runner/work/ozone/ozone/hadoop-ozone/integration-test/target/surefire/surefirebooter-20250714145446365_155.jar /home/runner/work/ozone/ozone/hadoop-ozone/integration-test/target/surefire 2025-07-14T14-50-43_297-jvmRun1 surefire-20250714145446365_153tmp surefire_24-20250714145446365_154tmp"/>
    <property name="jdk.debug" value="release"/>
    <property name="native.lib.tmp.dir" value="/tmp"/>
    <property name="surefire.test.class.path" value="/home/runner/work/ozone/ozone/hadoop-ozone/integration-test/target/test-classes:/home/runner/work/ozone/ozone/hadoop-ozone/integration-test/target/classes:/home/runner/.m2/repository/ch/qos/reload4j/reload4j/1.2.26/reload4j-1.2.26.jar:/home/runner/.m2/repository/com/fasterxml/jackson/core/jackson-core/2.16.2/jackson-core-2.16.2.jar:/home/runner/.m2/repository/com/fasterxml/jackson/core/jackson-databind/2.16.2/jackson-databind-2.16.2.jar:/home/runner/.m2/repository/com/fasterxml/jackson/core/jackson-annotations/2.16.2/jackson-annotations-2.16.2.jar:/home/runner/.m2/repository/com/github/stephenc/jcip/jcip-annotations/1.0-1/jcip-annotations-1.0-1.jar:/home/runner/.m2/repository/com/google/guava/guava/32.1.3-jre/guava-32.1.3-jre.jar:/home/runner/.m2/repository/com/google/guava/failureaccess/1.0.1/failureaccess-1.0.1.jar:/home/runner/.m2/repository/com/google/guava/listenablefuture/9999.0-empty-to-avoid-conflict-with-guava/listenablefuture-9999.0-empty-to-avoid-conflict-with-guava.jar:/home/runner/.m2/repository/org/checkerframework/checker-qual/3.37.0/checker-qual-3.37.0.jar:/home/runner/.m2/repository/com/google/errorprone/error_prone_annotations/2.29.2/error_prone_annotations-2.29.2.jar:/home/runner/.m2/repository/com/google/j2objc/j2objc-annotations/2.8/j2objc-annotations-2.8.jar:/home/runner/.m2/repository/com/google/protobuf/protobuf-java/2.5.0/protobuf-java-2.5.0.jar:/home/runner/.m2/repository/com/squareup/okhttp3/okhttp/4.12.0/okhttp-4.12.0.jar:/home/runner/.m2/repository/com/squareup/okio/okio/3.6.0/okio-3.6.0.jar:/home/runner/.m2/repository/com/squareup/okio/okio-jvm/3.6.0/okio-jvm-3.6.0.jar:/home/runner/.m2/repository/org/jetbrains/kotlin/kotlin-stdlib-common/1.9.25/kotlin-stdlib-common-1.9.25.jar:/home/runner/.m2/repository/org/jetbrains/kotlin/kotlin-stdlib-jdk8/1.9.25/kotlin-stdlib-jdk8-1.9.25.jar:/home/runner/.m2/repository/org/jetbrains/kotlin/kotlin-stdlib/1.9.25/kotlin-stdlib-1.9.25.jar:/home/runner/.m2/repository/org/jetbrains/annotations/13.0/annotations-13.0.jar:/home/runner/.m2/repository/org/jetbrains/kotlin/kotlin-stdlib-jdk7/1.9.25/kotlin-stdlib-jdk7-1.9.25.jar:/home/runner/.m2/repository/commons-codec/commons-codec/1.18.0/commons-codec-1.18.0.jar:/home/runner/.m2/repository/commons-io/commons-io/2.18.0/commons-io-2.18.0.jar:/home/runner/.m2/repository/commons-validator/commons-validator/1.6/commons-validator-1.6.jar:/home/runner/.m2/repository/commons-beanutils/commons-beanutils/1.11.0/commons-beanutils-1.11.0.jar:/home/runner/.m2/repository/commons-digester/commons-digester/1.8.1/commons-digester-1.8.1.jar:/home/runner/.m2/repository/commons-collections/commons-collections/3.2.2/commons-collections-3.2.2.jar:/home/runner/.m2/repository/info/picocli/picocli/4.7.7/picocli-4.7.7.jar:/home/runner/.m2/repository/jakarta/annotation/jakarta.annotation-api/2.1.1/jakarta.annotation-api-2.1.1.jar:/home/runner/.m2/repository/jakarta/xml/bind/jakarta.xml.bind-api/2.3.3/jakarta.xml.bind-api-2.3.3.jar:/home/runner/.m2/repository/jakarta/activation/jakarta.activation-api/1.2.2/jakarta.activation-api-1.2.2.jar:/home/runner/.m2/repository/javax/servlet/javax.servlet-api/3.1.0/javax.servlet-api-3.1.0.jar:/home/runner/.m2/repository/javax/ws/rs/jsr311-api/1.1.1/jsr311-api-1.1.1.jar:/home/runner/.m2/repository/org/apache/commons/commons-compress/1.27.1/commons-compress-1.27.1.jar:/home/runner/.m2/repository/org/apache/commons/commons-lang3/3.17.0/commons-lang3-3.17.0.jar:/home/runner/.m2/repository/org/apache/commons/commons-text/1.13.1/commons-text-1.13.1.jar:/home/runner/.m2/repository/org/apache/hadoop/hadoop-auth/3.4.1/hadoop-auth-3.4.1.jar:/home/runner/.m2/repository/com/nimbusds/nimbus-jose-jwt/9.40/nimbus-jose-jwt-9.40.jar:/home/runner/.m2/repository/io/dropwizard/metrics/metrics-core/3.2.6/metrics-core-3.2.6.jar:/home/runner/.m2/repository/org/apache/kerby/kerb-core/1.0.1/kerb-core-1.0.1.jar:/home/runner/.m2/repository/org/apache/kerby/kerby-pkix/1.0.1/kerby-pkix-1.0.1.jar:/home/runner/.m2/repository/org/apache/kerby/kerby-asn1/1.0.1/kerby-asn1-1.0.1.jar:/home/runner/.m2/repository/org/apache/kerby/kerb-util/1.0.1/kerb-util-1.0.1.jar:/home/runner/.m2/repository/org/apache/kerby/kerby-config/1.0.1/kerby-config-1.0.1.jar:/home/runner/.m2/repository/org/apache/kerby/kerb-crypto/1.0.1/kerb-crypto-1.0.1.jar:/home/runner/.m2/repository/org/apache/hadoop/thirdparty/hadoop-shaded-guava/1.3.0/hadoop-shaded-guava-1.3.0.jar:/home/runner/.m2/repository/org/apache/hadoop/hadoop-common/3.4.1/hadoop-common-3.4.1.jar:/home/runner/.m2/repository/org/apache/hadoop/thirdparty/hadoop-shaded-protobuf_3_25/1.4.0/hadoop-shaded-protobuf_3_25-1.4.0.jar:/home/runner/.m2/repository/org/apache/hadoop/hadoop-annotations/3.4.1/hadoop-annotations-3.4.1.jar:/home/runner/.m2/repository/commons-cli/commons-cli/1.8.0/commons-cli-1.8.0.jar:/home/runner/.m2/repository/commons-net/commons-net/3.11.1/commons-net-3.11.1.jar:/home/runner/.m2/repository/org/eclipse/jetty/jetty-server/9.4.57.v20241219/jetty-server-9.4.57.v20241219.jar:/home/runner/.m2/repository/org/eclipse/jetty/jetty-io/9.4.57.v20241219/jetty-io-9.4.57.v20241219.jar:/home/runner/.m2/repository/org/eclipse/jetty/jetty-util/9.4.57.v20241219/jetty-util-9.4.57.v20241219.jar:/home/runner/.m2/repository/org/eclipse/jetty/jetty-servlet/9.4.57.v20241219/jetty-servlet-9.4.57.v20241219.jar:/home/runner/.m2/repository/org/eclipse/jetty/jetty-security/9.4.57.v20241219/jetty-security-9.4.57.v20241219.jar:/home/runner/.m2/repository/org/eclipse/jetty/jetty-webapp/9.4.57.v20241219/jetty-webapp-9.4.57.v20241219.jar:/home/runner/.m2/repository/org/eclipse/jetty/jetty-xml/9.4.57.v20241219/jetty-xml-9.4.57.v20241219.jar:/home/runner/.m2/repository/javax/servlet/jsp/jsp-api/2.1/jsp-api-2.1.jar:/home/runner/.m2/repository/org/codehaus/jettison/jettison/1.5.4/jettison-1.5.4.jar:/home/runner/.m2/repository/org/apache/commons/commons-configuration2/2.12.0/commons-configuration2-2.12.0.jar:/home/runner/.m2/repository/com/google/re2j/re2j/1.7/re2j-1.7.jar:/home/runner/.m2/repository/com/google/code/gson/gson/2.10.1/gson-2.10.1.jar:/home/runner/.m2/repository/com/jcraft/jsch/0.1.55/jsch-0.1.55.jar:/home/runner/.m2/repository/io/netty/netty-handler/4.1.119.Final/netty-handler-4.1.119.Final.jar:/home/runner/.m2/repository/io/netty/netty-resolver/4.1.119.Final/netty-resolver-4.1.119.Final.jar:/home/runner/.m2/repository/io/netty/netty-transport-native-epoll/4.1.119.Final/netty-transport-native-epoll-4.1.119.Final.jar:/home/runner/.m2/repository/org/bouncycastle/bcprov-jdk18on/1.81/bcprov-jdk18on-1.81.jar:/home/runner/.m2/repository/org/codehaus/woodstox/stax2-api/4.2.1/stax2-api-4.2.1.jar:/home/runner/.m2/repository/com/fasterxml/woodstox/woodstox-core/5.4.0/woodstox-core-5.4.0.jar:/home/runner/.m2/repository/dnsjava/dnsjava/3.6.1/dnsjava-3.6.1.jar:/home/runner/.m2/repository/org/apache/hadoop/hadoop-common/3.4.1/hadoop-common-3.4.1-tests.jar:/home/runner/.m2/repository/org/apache/commons/commons-math3/3.6.1/commons-math3-3.6.1.jar:/home/runner/.m2/repository/com/sun/jersey/jersey-core/1.19.4/jersey-core-1.19.4.jar:/home/runner/.m2/repository/com/sun/jersey/jersey-servlet/1.19.4/jersey-servlet-1.19.4.jar:/home/runner/.m2/repository/com/github/pjfanning/jersey-json/1.22.0/jersey-json-1.22.0.jar:/home/runner/.m2/repository/com/sun/xml/bind/jaxb-impl/2.2.3-1/jaxb-impl-2.2.3-1.jar:/home/runner/.m2/repository/com/sun/jersey/jersey-server/1.19.4/jersey-server-1.19.4.jar:/home/runner/.m2/repository/org/slf4j/slf4j-reload4j/2.0.17/slf4j-reload4j-2.0.17.jar:/home/runner/.m2/repository/org/apache/avro/avro/1.9.2/avro-1.9.2.jar:/home/runner/.m2/repository/org/apache/curator/curator-client/4.2.0/curator-client-4.2.0.jar:/home/runner/.m2/repository/org/apache/curator/curator-recipes/5.2.0/curator-recipes-5.2.0.jar:/home/runner/.m2/repository/org/apache/curator/curator-framework/4.2.0/curator-framework-4.2.0.jar:/home/runner/.m2/repository/com/google/code/findbugs/jsr305/3.0.2/jsr305-3.0.2.jar:/home/runner/.m2/repository/org/apache/zookeeper/zookeeper/3.8.4/zookeeper-3.8.4.jar:/home/runner/.m2/repository/org/apache/zookeeper/zookeeper-jute/3.8.4/zookeeper-jute-3.8.4.jar:/home/runner/.m2/repository/org/apache/yetus/audience-annotations/0.12.0/audience-annotations-0.12.0.jar:/home/runner/.m2/repository/org/xerial/snappy/snappy-java/1.1.10.7/snappy-java-1.1.10.7.jar:/home/runner/.m2/repository/org/apache/hadoop/hadoop-distcp/3.4.1/hadoop-distcp-3.4.1.jar:/home/runner/.m2/repository/org/apache/hadoop/hadoop-distcp/3.4.1/hadoop-distcp-3.4.1-tests.jar:/home/runner/.m2/repository/org/apache/hadoop/hadoop-hdfs/3.4.1/hadoop-hdfs-3.4.1.jar:/home/runner/.m2/repository/org/eclipse/jetty/jetty-util-ajax/9.4.57.v20241219/jetty-util-ajax-9.4.57.v20241219.jar:/home/runner/.m2/repository/commons-daemon/commons-daemon/1.4.0/commons-daemon-1.4.0.jar:/home/runner/.m2/repository/org/apache/hadoop/hadoop-hdfs/3.4.1/hadoop-hdfs-3.4.1-tests.jar:/home/runner/.m2/repository/io/netty/netty-all/4.1.119.Final/netty-all-4.1.119.Final.jar:/home/runner/.m2/repository/io/netty/netty-codec-dns/4.1.119.Final/netty-codec-dns-4.1.119.Final.jar:/home/runner/.m2/repository/io/netty/netty-codec-haproxy/4.1.119.Final/netty-codec-haproxy-4.1.119.Final.jar:/home/runner/.m2/repository/io/netty/netty-codec-http/4.1.119.Final/netty-codec-http-4.1.119.Final.jar:/home/runner/.m2/repository/io/netty/netty-codec-memcache/4.1.119.Final/netty-codec-memcache-4.1.119.Final.jar:/home/runner/.m2/repository/io/netty/netty-codec-mqtt/4.1.119.Final/netty-codec-mqtt-4.1.119.Final.jar:/home/runner/.m2/repository/io/netty/netty-codec-redis/4.1.119.Final/netty-codec-redis-4.1.119.Final.jar:/home/runner/.m2/repository/io/netty/netty-codec-smtp/4.1.119.Final/netty-codec-smtp-4.1.119.Final.jar:/home/runner/.m2/repository/io/netty/netty-codec-socks/4.1.119.Final/netty-codec-socks-4.1.119.Final.jar:/home/runner/.m2/repository/io/netty/netty-codec-stomp/4.1.119.Final/netty-codec-stomp-4.1.119.Final.jar:/home/runner/.m2/repository/io/netty/netty-codec-xml/4.1.119.Final/netty-codec-xml-4.1.119.Final.jar:/home/runner/.m2/repository/io/netty/netty-handler-ssl-ocsp/4.1.119.Final/netty-handler-ssl-ocsp-4.1.119.Final.jar:/home/runner/.m2/repository/io/netty/netty-resolver-dns/4.1.119.Final/netty-resolver-dns-4.1.119.Final.jar:/home/runner/.m2/repository/io/netty/netty-transport-rxtx/4.1.119.Final/netty-transport-rxtx-4.1.119.Final.jar:/home/runner/.m2/repository/io/netty/netty-transport-sctp/4.1.119.Final/netty-transport-sctp-4.1.119.Final.jar:/home/runner/.m2/repository/io/netty/netty-transport-udt/4.1.119.Final/netty-transport-udt-4.1.119.Final.jar:/home/runner/.m2/repository/io/netty/netty-transport-classes-kqueue/4.1.119.Final/netty-transport-classes-kqueue-4.1.119.Final.jar:/home/runner/.m2/repository/io/netty/netty-resolver-dns-classes-macos/4.1.119.Final/netty-resolver-dns-classes-macos-4.1.119.Final.jar:/home/runner/.m2/repository/io/netty/netty-transport-native-epoll/4.1.119.Final/netty-transport-native-epoll-4.1.119.Final-linux-aarch_64.jar:/home/runner/.m2/repository/io/netty/netty-transport-native-epoll/4.1.119.Final/netty-transport-native-epoll-4.1.119.Final-linux-riscv64.jar:/home/runner/.m2/repository/io/netty/netty-transport-native-kqueue/4.1.119.Final/netty-transport-native-kqueue-4.1.119.Final-osx-x86_64.jar:/home/runner/.m2/repository/io/netty/netty-transport-native-kqueue/4.1.119.Final/netty-transport-native-kqueue-4.1.119.Final-osx-aarch_64.jar:/home/runner/.m2/repository/io/netty/netty-resolver-dns-native-macos/4.1.119.Final/netty-resolver-dns-native-macos-4.1.119.Final-osx-x86_64.jar:/home/runner/.m2/repository/io/netty/netty-resolver-dns-native-macos/4.1.119.Final/netty-resolver-dns-native-macos-4.1.119.Final-osx-aarch_64.jar:/home/runner/.m2/repository/org/fusesource/leveldbjni/leveldbjni-all/1.8/leveldbjni-all-1.8.jar:/home/runner/.m2/repository/org/apache/hadoop/hadoop-hdfs-client/3.4.1/hadoop-hdfs-client-3.4.1.jar:/home/runner/.m2/repository/org/apache/hadoop/hadoop-kms/3.4.1/hadoop-kms-3.4.1.jar:/home/runner/.m2/repository/org/apache/hadoop/hadoop-kms/3.4.1/hadoop-kms-3.4.1-tests.jar:/home/runner/.m2/repository/org/apache/hadoop/hadoop-mapreduce-client-core/3.4.1/hadoop-mapreduce-client-core-3.4.1.jar:/home/runner/.m2/repository/org/apache/hadoop/hadoop-yarn-client/3.4.1/hadoop-yarn-client-3.4.1.jar:/home/runner/.m2/repository/org/eclipse/jetty/websocket/websocket-client/9.4.53.v20231009/websocket-client-9.4.53.v20231009.jar:/home/runner/.m2/repository/org/eclipse/jetty/jetty-client/9.4.57.v20241219/jetty-client-9.4.57.v20241219.jar:/home/runner/.m2/repository/org/eclipse/jetty/websocket/websocket-common/9.4.53.v20231009/websocket-common-9.4.53.v20231009.jar:/home/runner/.m2/repository/org/eclipse/jetty/websocket/websocket-api/9.4.53.v20231009/websocket-api-9.4.53.v20231009.jar:/home/runner/.m2/repository/org/apache/hadoop/hadoop-yarn-api/3.4.1/hadoop-yarn-api-3.4.1.jar:/home/runner/.m2/repository/org/apache/hadoop/hadoop-yarn-common/3.4.1/hadoop-yarn-common-3.4.1.jar:/home/runner/.m2/repository/javax/xml/bind/jaxb-api/2.2.11/jaxb-api-2.2.11.jar:/home/runner/.m2/repository/com/sun/jersey/contribs/jersey-guice/1.19.4/jersey-guice-1.19.4.jar:/home/runner/.m2/repository/com/fasterxml/jackson/module/jackson-module-jaxb-annotations/2.16.2/jackson-module-jaxb-annotations-2.16.2.jar:/home/runner/.m2/repository/com/fasterxml/jackson/jaxrs/jackson-jaxrs-json-provider/2.16.2/jackson-jaxrs-json-provider-2.16.2.jar:/home/runner/.m2/repository/com/google/inject/extensions/guice-servlet/6.0.0/guice-servlet-6.0.0.jar:/home/runner/.m2/repository/org/apache/hadoop/hadoop-mapreduce-client-jobclient/3.4.1/hadoop-mapreduce-client-jobclient-3.4.1.jar:/home/runner/.m2/repository/org/apache/hadoop/hadoop-mapreduce-client-common/3.4.1/hadoop-mapreduce-client-common-3.4.1.jar:/home/runner/.m2/repository/org/apache/hadoop/hadoop-minikdc/3.4.1/hadoop-minikdc-3.4.1.jar:/home/runner/.m2/repository/org/apache/kerby/kerb-simplekdc/2.0.3/kerb-simplekdc-2.0.3.jar:/home/runner/.m2/repository/org/apache/kerby/kerb-client/2.0.3/kerb-client-2.0.3.jar:/home/runner/.m2/repository/org/apache/kerby/kerb-common/2.0.3/kerb-common-2.0.3.jar:/home/runner/.m2/repository/org/apache/kerby/token-provider/2.0.3/token-provider-2.0.3.jar:/home/runner/.m2/repository/org/apache/kerby/kerb-admin/2.0.3/kerb-admin-2.0.3.jar:/home/runner/.m2/repository/org/apache/kerby/kerb-server/2.0.3/kerb-server-2.0.3.jar:/home/runner/.m2/repository/org/apache/kerby/kerb-identity/2.0.3/kerb-identity-2.0.3.jar:/home/runner/.m2/repository/org/apache/kerby/kerby-xdr/2.0.3/kerby-xdr-2.0.3.jar:/home/runner/.m2/repository/junit/junit/4.13.2/junit-4.13.2.jar:/home/runner/.m2/repository/org/hamcrest/hamcrest-core/1.3/hamcrest-core-1.3.jar:/home/runner/.m2/repository/org/apache/httpcomponents/httpclient/4.5.14/httpclient-4.5.14.jar:/home/runner/.m2/repository/org/apache/httpcomponents/httpcore/4.4.16/httpcore-4.4.16.jar:/home/runner/.m2/repository/org/apache/kerby/kerby-util/1.0.1/kerby-util-1.0.1.jar:/home/runner/work/ozone/ozone/hadoop-hdds/client/target/hdds-client-2.1.0-SNAPSHOT.jar:/home/runner/.m2/repository/io/opentracing/opentracing-api/0.33.0/opentracing-api-0.33.0.jar:/home/runner/.m2/repository/io/opentracing/opentracing-util/0.33.0/opentracing-util-0.33.0.jar:/home/runner/.m2/repository/io/opentracing/opentracing-noop/0.33.0/opentracing-noop-0.33.0.jar:/home/runner/work/ozone/ozone/hadoop-hdds/erasurecode/target/hdds-erasurecode-2.1.0-SNAPSHOT.jar:/home/runner/work/ozone/ozone/hadoop-hdds/common/target/hdds-common-2.1.0-SNAPSHOT.jar:/home/runner/.m2/repository/com/fasterxml/jackson/datatype/jackson-datatype-jsr310/2.16.2/jackson-datatype-jsr310-2.16.2.jar:/home/runner/.m2/repository/io/jaegertracing/jaeger-core/1.8.1/jaeger-core-1.8.1.jar:/home/runner/.m2/repository/org/apache/ratis/ratis-netty/3.2.0/ratis-netty-3.2.0.jar:/home/runner/.m2/repository/org/yaml/snakeyaml/2.0/snakeyaml-2.0.jar:/home/runner/.m2/repository/io/jaegertracing/jaeger-client/1.8.1/jaeger-client-1.8.1.jar:/home/runner/.m2/repository/io/jaegertracing/jaeger-thrift/1.8.1/jaeger-thrift-1.8.1.jar:/home/runner/.m2/repository/org/apache/thrift/libthrift/0.15.0/libthrift-0.15.0.jar:/home/runner/.m2/repository/io/jaegertracing/jaeger-tracerresolver/1.8.1/jaeger-tracerresolver-1.8.1.jar:/home/runner/.m2/repository/io/opentracing/contrib/opentracing-tracerresolver/0.1.8/opentracing-tracerresolver-0.1.8.jar:/home/runner/.m2/repository/org/apache/ratis/ratis-metrics-dropwizard3/3.2.0/ratis-metrics-dropwizard3-3.2.0.jar:/home/runner/.m2/repository/org/slf4j/jcl-over-slf4j/2.0.17/jcl-over-slf4j-2.0.17.jar:/home/runner/work/ozone/ozone/hadoop-hdds/common/target/hdds-common-2.1.0-SNAPSHOT-tests.jar:/home/runner/work/ozone/ozone/hadoop-hdds/config/target/hdds-config-2.1.0-SNAPSHOT.jar:/home/runner/work/ozone/ozone/hadoop-hdds/container-service/target/hdds-container-service-2.1.0-SNAPSHOT.jar:/home/runner/.m2/repository/io/netty/netty-buffer/4.1.119.Final/netty-buffer-4.1.119.Final.jar:/home/runner/.m2/repository/io/netty/netty-codec/4.1.119.Final/netty-codec-4.1.119.Final.jar:/home/runner/.m2/repository/io/netty/netty-common/4.1.119.Final/netty-common-4.1.119.Final.jar:/home/runner/.m2/repository/io/netty/netty-transport/4.1.119.Final/netty-transport-4.1.119.Final.jar:/home/runner/.m2/repository/org/apache/logging/log4j/log4j-api/2.25.0/log4j-api-2.25.0.jar:/home/runner/.m2/repository/com/github/luben/zstd-jni/1.5.7-4/zstd-jni-1.5.7-4.jar:/home/runner/.m2/repository/log4j/apache-log4j-extras/1.2.17/apache-log4j-extras-1.2.17.jar:/home/runner/.m2/repository/org/glassfish/jaxb/jaxb-runtime/2.3.9/jaxb-runtime-2.3.9.jar:/home/runner/.m2/repository/org/glassfish/jaxb/txw2/2.3.9/txw2-2.3.9.jar:/home/runner/.m2/repository/com/sun/istack/istack-commons-runtime/3.0.12/istack-commons-runtime-3.0.12.jar:/home/runner/.m2/repository/com/sun/activation/jakarta.activation/1.2.2/jakarta.activation-1.2.2.jar:/home/runner/work/ozone/ozone/hadoop-hdds/container-service/target/hdds-container-service-2.1.0-SNAPSHOT-tests.jar:/home/runner/work/ozone/ozone/hadoop-hdds/interface-admin/target/hdds-interface-admin-2.1.0-SNAPSHOT.jar:/home/runner/work/ozone/ozone/hadoop-hdds/interface-client/target/hdds-interface-client-2.1.0-SNAPSHOT.jar:/home/runner/work/ozone/ozone/hadoop-hdds/interface-server/target/hdds-interface-server-2.1.0-SNAPSHOT.jar:/home/runner/work/ozone/ozone/hadoop-hdds/managed-rocksdb/target/hdds-managed-rocksdb-2.1.0-SNAPSHOT.jar:/home/runner/work/ozone/ozone/hadoop-hdds/rocks-native/target/hdds-rocks-native-2.1.0-SNAPSHOT.jar:/home/runner/work/ozone/ozone/hadoop-hdds/framework/target/hdds-server-framework-2.1.0-SNAPSHOT.jar:/home/runner/.m2/repository/com/github/jnr/jnr-constants/0.10.4/jnr-constants-0.10.4.jar:/home/runner/.m2/repository/com/github/jnr/jnr-posix/3.1.20/jnr-posix-3.1.20.jar:/home/runner/.m2/repository/com/github/jnr/jnr-ffi/2.2.17/jnr-ffi-2.2.17.jar:/home/runner/.m2/repository/com/github/jnr/jffi/1.3.13/jffi-1.3.13.jar:/home/runner/.m2/repository/com/github/jnr/jffi/1.3.13/jffi-1.3.13-native.jar:/home/runner/.m2/repository/org/ow2/asm/asm/9.7.1/asm-9.7.1.jar:/home/runner/.m2/repository/org/ow2/asm/asm-commons/9.7.1/asm-commons-9.7.1.jar:/home/runner/.m2/repository/org/ow2/asm/asm-analysis/9.7.1/asm-analysis-9.7.1.jar:/home/runner/.m2/repository/org/ow2/asm/asm-tree/9.7.1/asm-tree-9.7.1.jar:/home/runner/.m2/repository/org/ow2/asm/asm-util/9.7.1/asm-util-9.7.1.jar:/home/runner/.m2/repository/com/github/jnr/jnr-a64asm/1.0.0/jnr-a64asm-1.0.0.jar:/home/runner/.m2/repository/com/github/jnr/jnr-x86asm/1.0.2/jnr-x86asm-1.0.2.jar:/home/runner/.m2/repository/commons-fileupload/commons-fileupload/1.5/commons-fileupload-1.5.jar:/home/runner/.m2/repository/io/grpc/grpc-api/1.71.0/grpc-api-1.71.0.jar:/home/runner/.m2/repository/io/prometheus/simpleclient/0.16.0/simpleclient-0.16.0.jar:/home/runner/.m2/repository/io/prometheus/simpleclient_common/0.16.0/simpleclient_common-0.16.0.jar:/home/runner/.m2/repository/io/prometheus/simpleclient_dropwizard/0.16.0/simpleclient_dropwizard-0.16.0.jar:/home/runner/.m2/repository/jakarta/ws/rs/jakarta.ws.rs-api/2.1.6/jakarta.ws.rs-api-2.1.6.jar:/home/runner/.m2/repository/org/eclipse/jetty/jetty-http/9.4.57.v20241219/jetty-http-9.4.57.v20241219.jar:/home/runner/.m2/repository/org/glassfish/jersey/containers/jersey-container-servlet-core/2.47/jersey-container-servlet-core-2.47.jar:/home/runner/.m2/repository/org/glassfish/jersey/core/jersey-server/2.47/jersey-server-2.47.jar:/home/runner/.m2/repository/org/glassfish/jersey/core/jersey-client/2.47/jersey-client-2.47.jar:/home/runner/.m2/repository/com/lmax/disruptor/3.4.4/disruptor-3.4.4.jar:/home/runner/.m2/repository/org/apache/logging/log4j/log4j-core/2.25.0/log4j-core-2.25.0.jar:/home/runner/work/ozone/ozone/hadoop-hdds/framework/target/hdds-server-framework-2.1.0-SNAPSHOT-tests.jar:/home/runner/work/ozone/ozone/hadoop-hdds/server-scm/target/hdds-server-scm-2.1.0-SNAPSHOT.jar:/home/runner/work/ozone/ozone/hadoop-hdds/server-scm/target/hdds-server-scm-2.1.0-SNAPSHOT-tests.jar:/home/runner/work/ozone/ozone/hadoop-hdds/test-utils/target/hdds-test-utils-2.1.0-SNAPSHOT-tests.jar:/home/runner/work/ozone/ozone/hadoop-ozone/cli-admin/target/ozone-cli-admin-2.1.0-SNAPSHOT.jar:/home/runner/work/ozone/ozone/hadoop-ozone/cli-shell/target/ozone-cli-shell-2.1.0-SNAPSHOT.jar:/home/runner/.m2/repository/info/picocli/picocli-shell-jline3/4.7.7/picocli-shell-jline3-4.7.7.jar:/home/runner/.m2/repository/org/jline/jline/3.30.4/jline-3.30.4.jar:/home/runner/work/ozone/ozone/hadoop-ozone/client/target/ozone-client-2.1.0-SNAPSHOT.jar:/home/runner/work/ozone/ozone/hadoop-ozone/common/target/ozone-common-2.1.0-SNAPSHOT.jar:/home/runner/.m2/repository/io/grpc/grpc-netty/1.71.0/grpc-netty-1.71.0.jar:/home/runner/.m2/repository/org/codehaus/mojo/animal-sniffer-annotations/1.24/animal-sniffer-annotations-1.24.jar:/home/runner/.m2/repository/io/grpc/grpc-core/1.71.0/grpc-core-1.71.0.jar:/home/runner/.m2/repository/com/google/android/annotations/4.1.1.4/annotations-4.1.1.4.jar:/home/runner/.m2/repository/io/grpc/grpc-context/1.71.0/grpc-context-1.71.0.jar:/home/runner/.m2/repository/io/perfmark/perfmark-api/0.27.0/perfmark-api-0.27.0.jar:/home/runner/.m2/repository/io/grpc/grpc-util/1.71.0/grpc-util-1.71.0.jar:/home/runner/.m2/repository/io/netty/netty-codec-http2/4.1.119.Final/netty-codec-http2-4.1.119.Final.jar:/home/runner/.m2/repository/io/netty/netty-handler-proxy/4.1.119.Final/netty-handler-proxy-4.1.119.Final.jar:/home/runner/.m2/repository/io/netty/netty-tcnative-boringssl-static/2.0.70.Final/netty-tcnative-boringssl-static-2.0.70.Final.jar:/home/runner/.m2/repository/io/netty/netty-tcnative-classes/2.0.70.Final/netty-tcnative-classes-2.0.70.Final.jar:/home/runner/.m2/repository/io/netty/netty-tcnative-boringssl-static/2.0.70.Final/netty-tcnative-boringssl-static-2.0.70.Final-linux-x86_64.jar:/home/runner/.m2/repository/io/netty/netty-tcnative-boringssl-static/2.0.70.Final/netty-tcnative-boringssl-static-2.0.70.Final-linux-aarch_64.jar:/home/runner/.m2/repository/io/netty/netty-tcnative-boringssl-static/2.0.70.Final/netty-tcnative-boringssl-static-2.0.70.Final-osx-x86_64.jar:/home/runner/.m2/repository/io/netty/netty-tcnative-boringssl-static/2.0.70.Final/netty-tcnative-boringssl-static-2.0.70.Final-osx-aarch_64.jar:/home/runner/.m2/repository/io/netty/netty-tcnative-boringssl-static/2.0.70.Final/netty-tcnative-boringssl-static-2.0.70.Final-windows-x86_64.jar:/home/runner/work/ozone/ozone/hadoop-ozone/csi/target/ozone-csi-2.1.0-SNAPSHOT.jar:/home/runner/.m2/repository/io/grpc/grpc-protobuf/1.71.0/grpc-protobuf-1.71.0.jar:/home/runner/.m2/repository/com/google/api/grpc/proto-google-common-protos/2.51.0/proto-google-common-protos-2.51.0.jar:/home/runner/.m2/repository/io/grpc/grpc-protobuf-lite/1.71.0/grpc-protobuf-lite-1.71.0.jar:/home/runner/.m2/repository/io/grpc/grpc-stub/1.71.0/grpc-stub-1.71.0.jar:/home/runner/.m2/repository/io/netty/netty-transport-classes-epoll/4.1.119.Final/netty-transport-classes-epoll-4.1.119.Final.jar:/home/runner/.m2/repository/io/netty/netty-transport-native-unix-common/4.1.119.Final/netty-transport-native-unix-common-4.1.119.Final.jar:/home/runner/.m2/repository/io/netty/netty-transport-native-epoll/4.1.119.Final/netty-transport-native-epoll-4.1.119.Final-linux-x86_64.jar:/home/runner/work/ozone/ozone/hadoop-ozone/ozonefs/target/ozone-filesystem-2.1.0-SNAPSHOT.jar:/home/runner/work/ozone/ozone/hadoop-ozone/ozonefs-common/target/ozone-filesystem-common-2.1.0-SNAPSHOT.jar:/home/runner/work/ozone/ozone/hadoop-ozone/freon/target/ozone-freon-2.1.0-SNAPSHOT.jar:/home/runner/.m2/repository/com/amazonaws/aws-java-sdk-core/1.12.661/aws-java-sdk-core-1.12.661.jar:/home/runner/.m2/repository/com/fasterxml/jackson/dataformat/jackson-dataformat-cbor/2.16.2/jackson-dataformat-cbor-2.16.2.jar:/home/runner/.m2/repository/joda-time/joda-time/2.12.7/joda-time-2.12.7.jar:/home/runner/.m2/repository/com/amazonaws/aws-java-sdk-s3/1.12.661/aws-java-sdk-s3-1.12.661.jar:/home/runner/.m2/repository/com/amazonaws/aws-java-sdk-kms/1.12.661/aws-java-sdk-kms-1.12.661.jar:/home/runner/.m2/repository/com/amazonaws/jmespath-java/1.12.661/jmespath-java-1.12.661.jar:/home/runner/work/ozone/ozone/hadoop-ozone/interface-client/target/ozone-interface-client-2.1.0-SNAPSHOT.jar:/home/runner/work/ozone/ozone/hadoop-ozone/interface-storage/target/ozone-interface-storage-2.1.0-SNAPSHOT.jar:/home/runner/work/ozone/ozone/hadoop-ozone/ozone-manager/target/ozone-manager-2.1.0-SNAPSHOT.jar:/home/runner/.m2/repository/com/sun/jersey/jersey-client/1.19.4/jersey-client-1.19.4.jar:/home/runner/.m2/repository/org/apache/ranger/ranger-plugins-common/2.6.0/ranger-plugins-common-2.6.0.jar:/home/runner/.m2/repository/com/fasterxml/jackson/jaxrs/jackson-jaxrs-base/2.16.2/jackson-jaxrs-base-2.16.2.jar:/home/runner/.m2/repository/com/kstruct/gethostname4j/1.0.0/gethostname4j-1.0.0.jar:/home/runner/.m2/repository/commons-lang/commons-lang/2.6/commons-lang-2.6.jar:/home/runner/.m2/repository/net/java/dev/jna/jna/5.2.0/jna-5.2.0.jar:/home/runner/.m2/repository/net/java/dev/jna/jna-platform/5.2.0/jna-platform-5.2.0.jar:/home/runner/.m2/repository/org/apache/ranger/ranger-plugin-classloader/2.6.0/ranger-plugin-classloader-2.6.0.jar:/home/runner/.m2/repository/org/apache/ranger/ranger-plugins-audit/2.6.0/ranger-plugins-audit-2.6.0.jar:/home/runner/.m2/repository/com/amazonaws/aws-java-sdk-logs/1.12.765/aws-java-sdk-logs-1.12.765.jar:/home/runner/.m2/repository/com/carrotsearch/hppc/0.8.0/hppc-0.8.0.jar:/home/runner/.m2/repository/io/airlift/aircompressor/0.27/aircompressor-0.27.jar:/home/runner/.m2/repository/org/apache/httpcomponents/httpasyncclient/4.1.4/httpasyncclient-4.1.4.jar:/home/runner/.m2/repository/org/apache/httpcomponents/httpcore-nio/4.4.16/httpcore-nio-4.4.16.jar:/home/runner/.m2/repository/org/apache/httpcomponents/httpmime/4.5.13/httpmime-4.5.13.jar:/home/runner/.m2/repository/org/apache/orc/orc-core/1.5.8/orc-core-1.5.8.jar:/home/runner/.m2/repository/org/apache/orc/orc-shims/1.5.8/orc-shims-1.5.8.jar:/home/runner/.m2/repository/org/apache/ranger/ranger-plugins-cred/2.6.0/ranger-plugins-cred-2.6.0.jar:/home/runner/.m2/repository/org/aspectj/aspectjrt/1.9.7/aspectjrt-1.9.7.jar:/home/runner/work/ozone/ozone/hadoop-ozone/ozone-manager/target/ozone-manager-2.1.0-SNAPSHOT-tests.jar:/home/runner/work/ozone/ozone/hadoop-ozone/mini-cluster/target/ozone-mini-cluster-2.1.0-SNAPSHOT.jar:/home/runner/work/ozone/ozone/hadoop-ozone/recon/target/ozone-recon-2.1.0-SNAPSHOT.jar:/home/runner/.m2/repository/aopalliance/aopalliance/1.0/aopalliance-1.0.jar:/home/runner/.m2/repository/com/google/inject/guice/6.0.0/guice-6.0.0.jar:/home/runner/.m2/repository/jakarta/inject/jakarta.inject-api/2.0.1/jakarta.inject-api-2.0.1.jar:/home/runner/.m2/repository/com/jolbox/bonecp/0.8.0.RELEASE/bonecp-0.8.0.RELEASE.jar:/home/runner/.m2/repository/jakarta/validation/jakarta.validation-api/2.0.2/jakarta.validation-api-2.0.2.jar:/home/runner/.m2/repository/javax/annotation/javax.annotation-api/1.3.2/javax.annotation-api-1.3.2.jar:/home/runner/.m2/repository/javax/inject/javax.inject/1/javax.inject-1.jar:/home/runner/.m2/repository/org/apache/derby/derby/10.14.2.0/derby-10.14.2.0.jar:/home/runner/.m2/repository/org/glassfish/hk2/guice-bridge/2.6.1/guice-bridge-2.6.1.jar:/home/runner/.m2/repository/org/glassfish/hk2/hk2-api/2.6.1/hk2-api-2.6.1.jar:/home/runner/.m2/repository/org/glassfish/hk2/hk2-utils/2.6.1/hk2-utils-2.6.1.jar:/home/runner/.m2/repository/org/glassfish/hk2/external/aopalliance-repackaged/2.6.1/aopalliance-repackaged-2.6.1.jar:/home/runner/.m2/repository/org/glassfish/jersey/core/jersey-common/2.47/jersey-common-2.47.jar:/home/runner/.m2/repository/org/glassfish/hk2/osgi-resource-locator/1.0.3/osgi-resource-locator-1.0.3.jar:/home/runner/.m2/repository/org/jooq/jooq/3.11.10/jooq-3.11.10.jar:/home/runner/.m2/repository/org/springframework/spring-core/5.3.39/spring-core-5.3.39.jar:/home/runner/.m2/repository/org/springframework/spring-jdbc/5.3.39/spring-jdbc-5.3.39.jar:/home/runner/.m2/repository/org/springframework/spring-beans/5.3.39/spring-beans-5.3.39.jar:/home/runner/.m2/repository/org/springframework/spring-tx/5.3.39/spring-tx-5.3.39.jar:/home/runner/.m2/repository/org/xerial/sqlite-jdbc/3.50.2.0/sqlite-jdbc-3.50.2.0.jar:/home/runner/.m2/repository/com/google/inject/extensions/guice-assistedinject/6.0.0/guice-assistedinject-6.0.0.jar:/home/runner/.m2/repository/org/glassfish/hk2/external/jakarta.inject/2.6.1/jakarta.inject-2.6.1.jar:/home/runner/.m2/repository/org/glassfish/jersey/inject/jersey-hk2/2.47/jersey-hk2-2.47.jar:/home/runner/.m2/repository/org/glassfish/hk2/hk2-locator/2.6.1/hk2-locator-2.6.1.jar:/home/runner/.m2/repository/org/glassfish/jersey/media/jersey-media-jaxb/2.47/jersey-media-jaxb-2.47.jar:/home/runner/.m2/repository/org/glassfish/jersey/media/jersey-media-json-jackson/2.47/jersey-media-json-jackson-2.47.jar:/home/runner/.m2/repository/org/glassfish/jersey/ext/jersey-entity-filtering/2.47/jersey-entity-filtering-2.47.jar:/home/runner/work/ozone/ozone/hadoop-ozone/recon-codegen/target/ozone-reconcodegen-2.1.0-SNAPSHOT.jar:/home/runner/.m2/repository/org/jooq/jooq-codegen/3.11.10/jooq-codegen-3.11.10.jar:/home/runner/.m2/repository/org/jooq/jooq-meta/3.11.10/jooq-meta-3.11.10.jar:/home/runner/work/ozone/ozone/hadoop-ozone/s3gateway/target/ozone-s3gateway-2.1.0-SNAPSHOT.jar:/home/runner/work/ozone/ozone/hadoop-ozone/tools/target/ozone-tools-2.1.0-SNAPSHOT.jar:/home/runner/.m2/repository/com/github/vlsi/mxgraph/jgraphx/3.9.12/jgraphx-3.9.12.jar:/home/runner/.m2/repository/org/apache/ratis/ratis-shell/3.2.0/ratis-shell-3.2.0.jar:/home/runner/.m2/repository/org/apache/ratis/ratis-tools/3.2.0/ratis-tools-3.2.0.jar:/home/runner/.m2/repository/org/jgrapht/jgrapht-core/1.4.0/jgrapht-core-1.4.0.jar:/home/runner/.m2/repository/org/jheaps/jheaps/0.11/jheaps-0.11.jar:/home/runner/.m2/repository/org/jgrapht/jgrapht-ext/1.4.0/jgrapht-ext-1.4.0.jar:/home/runner/work/ozone/ozone/hadoop-hdds/rocksdb-checkpoint-differ/target/rocksdb-checkpoint-differ-2.1.0-SNAPSHOT.jar:/home/runner/.m2/repository/org/apache/ranger/ranger-intg/2.6.0/ranger-intg-2.6.0.jar:/home/runner/.m2/repository/org/apache/ratis/ratis-client/3.2.0/ratis-client-3.2.0.jar:/home/runner/.m2/repository/org/apache/ratis/ratis-common/3.2.0/ratis-common-3.2.0.jar:/home/runner/.m2/repository/org/apache/ratis/ratis-grpc/3.2.0/ratis-grpc-3.2.0.jar:/home/runner/.m2/repository/org/apache/ratis/ratis-metrics-api/3.2.0/ratis-metrics-api-3.2.0.jar:/home/runner/.m2/repository/org/apache/ratis/ratis-proto/3.2.0/ratis-proto-3.2.0.jar:/home/runner/.m2/repository/org/apache/ratis/ratis-server/3.2.0/ratis-server-3.2.0.jar:/home/runner/.m2/repository/org/apache/ratis/ratis-server-api/3.2.0/ratis-server-api-3.2.0.jar:/home/runner/.m2/repository/org/apache/ratis/ratis-thirdparty-misc/1.0.9/ratis-thirdparty-misc-1.0.9.jar:/home/runner/.m2/repository/org/bouncycastle/bcpkix-jdk18on/1.81/bcpkix-jdk18on-1.81.jar:/home/runner/.m2/repository/org/bouncycastle/bcutil-jdk18on/1.81/bcutil-jdk18on-1.81.jar:/home/runner/.m2/repository/org/hamcrest/hamcrest/2.2/hamcrest-2.2.jar:/home/runner/.m2/repository/org/reflections/reflections/0.10.2/reflections-0.10.2.jar:/home/runner/.m2/repository/org/javassist/javassist/3.30.2-GA/javassist-3.30.2-GA.jar:/home/runner/.m2/repository/org/rocksdb/rocksdbjni/7.7.3/rocksdbjni-7.7.3.jar:/home/runner/.m2/repository/org/slf4j/jul-to-slf4j/2.0.17/jul-to-slf4j-2.0.17.jar:/home/runner/.m2/repository/org/slf4j/slf4j-api/2.0.17/slf4j-api-2.0.17.jar:/home/runner/.m2/repository/org/assertj/assertj-core/3.27.3/assertj-core-3.27.3.jar:/home/runner/.m2/repository/net/bytebuddy/byte-buddy/1.15.11/byte-buddy-1.15.11.jar:/home/runner/.m2/repository/org/junit/jupiter/junit-jupiter-api/5.13.3/junit-jupiter-api-5.13.3.jar:/home/runner/.m2/repository/org/opentest4j/opentest4j/1.3.0/opentest4j-1.3.0.jar:/home/runner/.m2/repository/org/junit/platform/junit-platform-commons/1.13.3/junit-platform-commons-1.13.3.jar:/home/runner/.m2/repository/org/apiguardian/apiguardian-api/1.1.2/apiguardian-api-1.1.2.jar:/home/runner/.m2/repository/org/junit/jupiter/junit-jupiter-params/5.13.3/junit-jupiter-params-5.13.3.jar:/home/runner/.m2/repository/org/mockito/mockito-core/4.11.0/mockito-core-4.11.0.jar:/home/runner/.m2/repository/net/bytebuddy/byte-buddy-agent/1.12.19/byte-buddy-agent-1.12.19.jar:/home/runner/.m2/repository/org/objenesis/objenesis/3.3/objenesis-3.3.jar:/home/runner/.m2/repository/org/mockito/mockito-inline/4.11.0/mockito-inline-4.11.0.jar:/home/runner/.m2/repository/org/mockito/mockito-junit-jupiter/4.11.0/mockito-junit-jupiter-4.11.0.jar:/home/runner/work/ozone/ozone/hadoop-ozone/integration-test/target/gradle-enterprise/test-listeners.jar:"/>
    <property name="sun.cpu.endian" value="little"/>
    <property name="user.home" value="/home/runner"/>
    <property name="user.language" value="en"/>
    <property name="java.specification.vendor" value="Oracle Corporation"/>
    <property name="skipRecon" value="true"/>
    <property name="java.version.date" value="2025-04-15"/>
    <property name="java.home" value="/usr/lib/jvm/temurin-21-jdk-amd64"/>
    <property name="java.security.krb5.conf" value="/home/runner/work/ozone/ozone/hadoop-ozone/integration-test/target/test-classes/krb5.conf"/>
    <property name="file.separator" value="/"/>
    <property name="basedir" value="/home/runner/work/ozone/ozone/hadoop-ozone/integration-test"/>
    <property name="java.vm.compressedOopsMode" value="Zero based"/>
    <property name="line.separator" value="&#10;"/>
    <property name="java.vm.specification.vendor" value="Oracle Corporation"/>
    <property name="java.specification.name" value="Java Platform API Specification"/>
    <property name="surefire.real.class.path" value="/home/runner/work/ozone/ozone/hadoop-ozone/integration-test/target/surefire/surefirebooter-20250714145446365_155.jar"/>
    <property name="hadoop.log.dir" value="/home/runner/work/ozone/ozone/hadoop-ozone/integration-test/target/log"/>
    <property name="sun.management.compiler" value="HotSpot 64-Bit Tiered Compilers"/>
    <property name="skipShade" value="true"/>
    <property name="java.runtime.version" value="21.0.7+6-LTS"/>
    <property name="user.name" value="runner"/>
    <property name="java.net.preferIPv4Stack" value="true"/>
    <property name="stdout.encoding" value="UTF-8"/>
    <property name="path.separator" value=":"/>
    <property name="java.security.egd" value="file:///dev/urandom"/>
    <property name="os.version" value="6.11.0-1018-azure"/>
    <property name="java.runtime.name" value="OpenJDK Runtime Environment"/>
    <property name="com.gradle.maven.scan.extension.test.listener.junitplatform.NestedExecutionSafeDelegatingTestExecutionListener" value="6d167f58"/>
    <property name="file.encoding" value="UTF-8"/>
    <property name="java.vm.name" value="OpenJDK 64-Bit Server VM"/>
    <property name="rocks_tools_native" value="true"/>
    <property name="java.vendor.version" value="Temurin-21.0.7+6"/>
    <property name="test.build.webapps" value=""/>
    <property name="develocity.listener.surefire.forkId" value="1"/>
    <property name="localRepository" value="/home/runner/.m2/repository"/>
    <property name="java.vendor.url.bug" value="https://github.com/adoptium/adoptium-support/issues"/>
    <property name="jetty.git.hash" value="df524e6b29271c2e09ba9aea83c18dc9db464a31"/>
    <property name="java.io.tmpdir" value="/tmp"/>
    <property name="require.test.libhadoop" value=""/>
    <property name="java.version" value="21.0.7"/>
    <property name="user.dir" value="/home/runner/work/ozone/ozone/hadoop-ozone/integration-test"/>
    <property name="os.arch" value="amd64"/>
    <property name="java.vm.specification.name" value="Java Virtual Machine Specification"/>
    <property name="test.build.classes" value="/home/runner/work/ozone/ozone/hadoop-ozone/integration-test/target/test-classes"/>
    <property name="org.apache.ratis.thirdparty.io.netty.allocator.useCacheForAllThreads" value="false"/>
    <property name="native.encoding" value="UTF-8"/>
    <property name="hadoop.tmp.dir" value="/home/runner/work/ozone/ozone/hadoop-ozone/integration-test/target/tmp"/>
    <property name="java.library.path" value="/usr/java/packages/lib:/usr/lib64:/lib64:/lib:/usr/lib"/>
    <property name="java.vm.info" value="mixed mode, sharing"/>
    <property name="stderr.encoding" value="UTF-8"/>
    <property name="java.vendor" value="Eclipse Adoptium"/>
    <property name="java.vm.version" value="21.0.7+6-LTS"/>
    <property name="sun.io.unicode.encoding" value="UnicodeLittle"/>
    <property name="develocity.listener.port" value="45359"/>
    <property name="java.class.version" value="65.0"/>
  </properties>
  <testcase name="testContainerStateMachineCloseOnMissingPipeline" classname="org.apache.hadoop.ozone.client.rpc.TestContainerStateMachineFailures" time="2.453">
    <system-out><![CDATA[2025-07-14 14:59:51,688 [main] WARN  server.ServerUtils (ServerUtils.java:getScmDbDir(138)) - ozone.scm.db.dirs is not configured. We recommend adding this setting. Falling back to ozone.metadata.dirs instead.
2025-07-14 14:59:51,924 [main] INFO  reflections.Reflections (Reflections.java:scan(219)) - Reflections took 207 ms to scan 7 urls, producing 168 keys and 373 values
2025-07-14 14:59:52,045 [main] INFO  ha.SCMHANodeDetails (SCMHANodeDetails.java:loadSCMHAConfig(162)) - ServiceID for StorageContainerManager is null
2025-07-14 14:59:52,045 [main] INFO  ha.SCMHANodeDetails (SCMHANodeDetails.java:loadSCMHAConfig(166)) - ozone.scm.default.service.id is not defined, falling back to ozone.scm.service.ids to find serviceID for StorageContainerManager if it is HA enabled cluster
2025-07-14 14:59:52,190 [main] INFO  server.RaftServerConfigKeys (ConfUtils.java:logGet(62)) - raft.server.log.appender.buffer.byte-limit = 4194304 (custom)
2025-07-14 14:59:52,212 [main] INFO  server.RaftServer (ConfUtils.java:logGet(62)) - raft.rpc.type = GRPC (default)
2025-07-14 14:59:52,265 [main] INFO  grpc.GrpcConfigKeys (ConfUtils.java:logFallback(69)) - raft.grpc.admin.host = null (fallback to raft.grpc.server.host)
2025-07-14 14:59:52,266 [main] INFO  grpc.GrpcConfigKeys (ConfUtils.java:logFallback(69)) - raft.grpc.admin.port = 15004 (fallback to raft.grpc.server.port)
2025-07-14 14:59:52,266 [main] INFO  grpc.GrpcConfigKeys (ConfUtils.java:logFallback(69)) - raft.grpc.client.host = null (fallback to raft.grpc.server.host)
2025-07-14 14:59:52,267 [main] INFO  grpc.GrpcConfigKeys (ConfUtils.java:logFallback(69)) - raft.grpc.client.port = 15004 (fallback to raft.grpc.server.port)
2025-07-14 14:59:52,267 [main] INFO  grpc.GrpcConfigKeys (ConfUtils.java:logGet(62)) - raft.grpc.server.port = 15004 (custom)
2025-07-14 14:59:52,268 [main] INFO  server.GrpcServicesImpl (ConfUtils.java:logGet(62)) - raft.grpc.message.size.max = 5242880 (custom)
2025-07-14 14:59:52,268 [main] INFO  server.GrpcServicesImpl (ConfUtils.java:logGet(62)) - raft.grpc.flow.control.window = 1MB (=1048576) (default)
2025-07-14 14:59:52,269 [main] INFO  server.RaftServerConfigKeys (ConfUtils.java:logGet(62)) - raft.server.rpc.request.timeout = 30000ms (custom)
2025-07-14 14:59:52,274 [main] INFO  grpc.GrpcConfigKeys (ConfUtils.java:logGet(62)) - raft.grpc.server.heartbeat.channel = true (default)
2025-07-14 14:59:52,274 [main] INFO  server.RaftServerConfigKeys (ConfUtils.java:logGet(62)) - raft.server.log.appender.buffer.byte-limit = 4194304 (custom)
2025-07-14 14:59:52,277 [main] INFO  grpc.GrpcConfigKeys (ConfUtils.java:logGet(62)) - raft.grpc.server.async.request.thread.pool.cached = true (default)
2025-07-14 14:59:52,277 [main] INFO  grpc.GrpcConfigKeys (ConfUtils.java:logGet(62)) - raft.grpc.server.async.request.thread.pool.size = 32 (default)
2025-07-14 14:59:52,480 [main] INFO  impl.DataStreamServerImpl (ConfUtils.java:logGet(62)) - raft.datastream.type = DISABLED (default)
2025-07-14 14:59:52,482 [main] INFO  server.RaftServerConfigKeys (ConfUtils.java:logGet(62)) - raft.server.sleep.deviation.threshold = 300ms (default)
2025-07-14 14:59:52,483 [main] INFO  server.RaftServerConfigKeys (ConfUtils.java:logGet(62)) - raft.server.close.threshold = 60s (default)
2025-07-14 14:59:52,483 [main] INFO  server.RaftServerConfigKeys (ConfUtils.java:logGet(62)) - raft.server.leaderelection.leader.step-down.wait-time = 10s (default)
2025-07-14 14:59:52,487 [main] INFO  server.RaftServerConfigKeys (ConfUtils.java:logGet(62)) - raft.server.storage.dir = [/home/runner/work/ozone/ozone/hadoop-ozone/integration-test/target/test-dir/MiniOzoneClusterImpl-aaa7dc72-7fbf-48e0-acc5-129182712624/ozone-meta/scm-ha] (custom)
2025-07-14 14:59:52,488 [main] INFO  server.RaftServerConfigKeys (ConfUtils.java:logGet(62)) - raft.server.threadpool.proxy.cached = true (default)
2025-07-14 14:59:52,489 [main] INFO  server.RaftServerConfigKeys (ConfUtils.java:logGet(62)) - raft.server.threadpool.proxy.size = 0 (default)
2025-07-14 14:59:52,495 [main] INFO  server.RaftServer (RaftServerProxy.java:addNew(105)) - e9aa665b-a6cb-4a48-961e-4c04ffb0bb5a: addNew group-129182712624:[e9aa665b-a6cb-4a48-961e-4c04ffb0bb5a|localhost:15004] returns group-129182712624:java.util.concurrent.CompletableFuture@2e766822[Not completed]
2025-07-14 14:59:52,514 [e9aa665b-a6cb-4a48-961e-4c04ffb0bb5a-groupManagement] INFO  server.RaftServer$Division (RaftServerImpl.java:<init>(268)) - e9aa665b-a6cb-4a48-961e-4c04ffb0bb5a: new RaftServerImpl for group-129182712624:[e9aa665b-a6cb-4a48-961e-4c04ffb0bb5a|localhost:15004] with SCMStateMachine:uninitialized
2025-07-14 14:59:52,515 [e9aa665b-a6cb-4a48-961e-4c04ffb0bb5a-groupManagement] INFO  server.RaftServerConfigKeys (ConfUtils.java:logGet(62)) - raft.server.rpc.timeout.min = 5000ms (custom)
2025-07-14 14:59:52,516 [e9aa665b-a6cb-4a48-961e-4c04ffb0bb5a-groupManagement] INFO  server.RaftServerConfigKeys (ConfUtils.java:logGet(62)) - raft.server.rpc.timeout.max = 5200ms (custom)
2025-07-14 14:59:52,516 [e9aa665b-a6cb-4a48-961e-4c04ffb0bb5a-groupManagement] INFO  server.RaftServerConfigKeys (ConfUtils.java:logGet(62)) - raft.server.rpc.sleep.time = 25ms (default)
2025-07-14 14:59:52,516 [e9aa665b-a6cb-4a48-961e-4c04ffb0bb5a-groupManagement] INFO  server.RaftServerConfigKeys (ConfUtils.java:logGet(62)) - raft.server.rpc.slowness.timeout = 120000ms (custom)
2025-07-14 14:59:52,517 [e9aa665b-a6cb-4a48-961e-4c04ffb0bb5a-groupManagement] INFO  server.RaftServerConfigKeys (ConfUtils.java:logGet(62)) - raft.server.leaderelection.member.majority-add = false (default)
2025-07-14 14:59:52,522 [e9aa665b-a6cb-4a48-961e-4c04ffb0bb5a-groupManagement] INFO  server.RaftServer$Division (ServerState.java:<init>(114)) - e9aa665b-a6cb-4a48-961e-4c04ffb0bb5a@group-129182712624: ConfigurationManager, init=conf: {index: -1, cur=peers:[e9aa665b-a6cb-4a48-961e-4c04ffb0bb5a|localhost:15004]|listeners:[], old=null}, confs=<EMPTY_MAP>
2025-07-14 14:59:52,527 [e9aa665b-a6cb-4a48-961e-4c04ffb0bb5a-groupManagement] INFO  server.RaftServerConfigKeys (ConfUtils.java:logGet(62)) - raft.server.notification.no-leader.timeout = 60s (default)
2025-07-14 14:59:52,529 [e9aa665b-a6cb-4a48-961e-4c04ffb0bb5a-groupManagement] INFO  server.RaftServerConfigKeys (ConfUtils.java:logGet(62)) - raft.server.read.timeout = 10s (default)
2025-07-14 14:59:52,532 [e9aa665b-a6cb-4a48-961e-4c04ffb0bb5a-groupManagement] INFO  server.RaftServerConfigKeys (ConfUtils.java:logGet(62)) - raft.server.retrycache.expirytime = 60000ms (default)
2025-07-14 14:59:52,532 [e9aa665b-a6cb-4a48-961e-4c04ffb0bb5a-groupManagement] INFO  server.RaftServerConfigKeys (ConfUtils.java:logGet(62)) - raft.server.retrycache.statistics.expirytime = 100ms (default)
2025-07-14 14:59:52,550 [e9aa665b-a6cb-4a48-961e-4c04ffb0bb5a-groupManagement] INFO  server.RaftServerConfigKeys (ConfUtils.java:logGet(62)) - raft.server.read.option = DEFAULT (default)
2025-07-14 14:59:52,551 [e9aa665b-a6cb-4a48-961e-4c04ffb0bb5a-groupManagement] INFO  server.RaftServerConfigKeys (ConfUtils.java:logGet(62)) - raft.server.read.read-after-write-consistent.write-index-cache.expiry-time = 60s (default)
2025-07-14 14:59:52,719 [e9aa665b-a6cb-4a48-961e-4c04ffb0bb5a-groupManagement] INFO  server.RaftServerConfigKeys (ConfUtils.java:logGet(62)) - raft.server.log.appender.install.snapshot.enabled = false (custom)
2025-07-14 14:59:52,721 [e9aa665b-a6cb-4a48-961e-4c04ffb0bb5a-groupManagement] INFO  server.RaftServerConfigKeys (ConfUtils.java:logGet(62)) - raft.server.threadpool.server.cached = true (default)
2025-07-14 14:59:52,721 [e9aa665b-a6cb-4a48-961e-4c04ffb0bb5a-groupManagement] INFO  server.RaftServerConfigKeys (ConfUtils.java:logGet(62)) - raft.server.threadpool.server.size = 0 (default)
2025-07-14 14:59:52,722 [e9aa665b-a6cb-4a48-961e-4c04ffb0bb5a-groupManagement] INFO  server.RaftServerConfigKeys (ConfUtils.java:logGet(62)) - raft.server.threadpool.client.cached = true (default)
2025-07-14 14:59:52,722 [e9aa665b-a6cb-4a48-961e-4c04ffb0bb5a-groupManagement] INFO  server.RaftServerConfigKeys (ConfUtils.java:logGet(62)) - raft.server.threadpool.client.size = 0 (default)
2025-07-14 14:59:52,725 [e9aa665b-a6cb-4a48-961e-4c04ffb0bb5a-impl-thread1] INFO  server.RaftServerConfigKeys (ConfUtils.java:logGet(62)) - raft.server.storage.free-space.min = 0MB (=0) (default)
2025-07-14 14:59:52,725 [e9aa665b-a6cb-4a48-961e-4c04ffb0bb5a-impl-thread1] INFO  server.RaftServerConfigKeys (ConfUtils.java:logGet(62)) - raft.server.log.corruption.policy = EXCEPTION (default)
2025-07-14 14:59:52,733 [e9aa665b-a6cb-4a48-961e-4c04ffb0bb5a-impl-thread1] INFO  storage.RaftStorageDirectory (RaftStorageDirectoryImpl.java:analyzeStorage(138)) - The storage directory /home/runner/work/ozone/ozone/hadoop-ozone/integration-test/target/test-dir/MiniOzoneClusterImpl-aaa7dc72-7fbf-48e0-acc5-129182712624/ozone-meta/scm-ha/aaa7dc72-7fbf-48e0-acc5-129182712624 does not exist. Creating ...
2025-07-14 14:59:52,737 [e9aa665b-a6cb-4a48-961e-4c04ffb0bb5a-impl-thread1] INFO  storage.RaftStorageDirectory (RaftStorageDirectoryImpl.java:tryLock(229)) - Lock on /home/runner/work/ozone/ozone/hadoop-ozone/integration-test/target/test-dir/MiniOzoneClusterImpl-aaa7dc72-7fbf-48e0-acc5-129182712624/ozone-meta/scm-ha/aaa7dc72-7fbf-48e0-acc5-129182712624/in_use.lock acquired by nodename 18082@localhost
2025-07-14 14:59:52,743 [e9aa665b-a6cb-4a48-961e-4c04ffb0bb5a-impl-thread1] INFO  storage.RaftStorage (RaftStorageImpl.java:format(98)) - Storage directory /home/runner/work/ozone/ozone/hadoop-ozone/integration-test/target/test-dir/MiniOzoneClusterImpl-aaa7dc72-7fbf-48e0-acc5-129182712624/ozone-meta/scm-ha/aaa7dc72-7fbf-48e0-acc5-129182712624 has been successfully formatted.
2025-07-14 14:59:52,744 [e9aa665b-a6cb-4a48-961e-4c04ffb0bb5a-impl-thread1] INFO  ha.SCMStateMachine (SCMStateMachine.java:lambda$initialize$0(135)) - e9aa665b-a6cb-4a48-961e-4c04ffb0bb5a: initialize group-129182712624
2025-07-14 14:59:52,746 [e9aa665b-a6cb-4a48-961e-4c04ffb0bb5a-impl-thread1] INFO  server.RaftServerConfigKeys (ConfUtils.java:logGet(62)) - raft.server.log.use.memory = false (default)
2025-07-14 14:59:52,752 [e9aa665b-a6cb-4a48-961e-4c04ffb0bb5a-impl-thread1] INFO  server.RaftServerConfigKeys (ConfUtils.java:logGet(62)) - raft.server.log.purge.gap = 1000000 (custom)
2025-07-14 14:59:52,752 [e9aa665b-a6cb-4a48-961e-4c04ffb0bb5a-impl-thread1] INFO  server.RaftServerConfigKeys (ConfUtils.java:logGet(62)) - raft.server.log.appender.buffer.byte-limit = 4194304 (custom)
2025-07-14 14:59:52,754 [e9aa665b-a6cb-4a48-961e-4c04ffb0bb5a-impl-thread1] INFO  server.RaftServerConfigKeys (ConfUtils.java:logGet(62)) - raft.server.log.statemachine.data.read.timeout = 1000ms (default)
2025-07-14 14:59:52,754 [e9aa665b-a6cb-4a48-961e-4c04ffb0bb5a-impl-thread1] INFO  server.RaftServerConfigKeys (ConfUtils.java:logGet(62)) - raft.server.log.purge.preservation.log.num = 0 (default)
2025-07-14 14:59:52,757 [e9aa665b-a6cb-4a48-961e-4c04ffb0bb5a-impl-thread1] INFO  server.RaftServerConfigKeys (ConfUtils.java:logGet(62)) - raft.server.log.segment.size.max = 4194304 (custom)
2025-07-14 14:59:52,761 [e9aa665b-a6cb-4a48-961e-4c04ffb0bb5a-impl-thread1] INFO  server.RaftServerConfigKeys (ConfUtils.java:logGet(62)) - raft.server.log.segment.cache.num.max = 2 (custom)
2025-07-14 14:59:52,762 [e9aa665b-a6cb-4a48-961e-4c04ffb0bb5a-impl-thread1] INFO  server.RaftServerConfigKeys (ConfUtils.java:logGet(62)) - raft.server.log.segment.cache.size.max = 200MB (=209715200) (default)
2025-07-14 14:59:52,762 [e9aa665b-a6cb-4a48-961e-4c04ffb0bb5a-impl-thread1] INFO  server.RaftServerConfigKeys (ConfUtils.java:logGet(62)) - raft.server.log.appender.buffer.byte-limit = 4194304 (custom)
2025-07-14 14:59:52,764 [e9aa665b-a6cb-4a48-961e-4c04ffb0bb5a-impl-thread1] INFO  util.AwaitToRun (AwaitToRun.java:start(81)) - Thread[#39,e9aa665b-a6cb-4a48-961e-4c04ffb0bb5a@group-129182712624-cacheEviction-AwaitToRun,5,main] started
2025-07-14 14:59:52,767 [e9aa665b-a6cb-4a48-961e-4c04ffb0bb5a-impl-thread1] INFO  segmented.SegmentedRaftLogWorker (SegmentedRaftLogWorker.java:<init>(190)) - new e9aa665b-a6cb-4a48-961e-4c04ffb0bb5a@group-129182712624-SegmentedRaftLogWorker for RaftStorageImpl:Storage Directory /home/runner/work/ozone/ozone/hadoop-ozone/integration-test/target/test-dir/MiniOzoneClusterImpl-aaa7dc72-7fbf-48e0-acc5-129182712624/ozone-meta/scm-ha/aaa7dc72-7fbf-48e0-acc5-129182712624
2025-07-14 14:59:52,767 [e9aa665b-a6cb-4a48-961e-4c04ffb0bb5a-impl-thread1] INFO  server.RaftServerConfigKeys (ConfUtils.java:logGet(62)) - raft.server.log.queue.byte-limit = 64MB (=67108864) (default)
2025-07-14 14:59:52,767 [e9aa665b-a6cb-4a48-961e-4c04ffb0bb5a-impl-thread1] INFO  server.RaftServerConfigKeys (ConfUtils.java:logGet(62)) - raft.server.log.queue.element-limit = 4096 (default)
2025-07-14 14:59:52,769 [e9aa665b-a6cb-4a48-961e-4c04ffb0bb5a-impl-thread1] INFO  server.RaftServerConfigKeys (ConfUtils.java:logGet(62)) - raft.server.log.segment.size.max = 4194304 (custom)
2025-07-14 14:59:52,769 [e9aa665b-a6cb-4a48-961e-4c04ffb0bb5a-impl-thread1] INFO  server.RaftServerConfigKeys (ConfUtils.java:logGet(62)) - raft.server.log.preallocated.size = 4194304 (custom)
2025-07-14 14:59:52,770 [e9aa665b-a6cb-4a48-961e-4c04ffb0bb5a-impl-thread1] INFO  server.RaftServerConfigKeys (ConfUtils.java:logGet(62)) - raft.server.log.force.sync.num = 128 (default)
2025-07-14 14:59:52,771 [e9aa665b-a6cb-4a48-961e-4c04ffb0bb5a-impl-thread1] INFO  server.RaftServerConfigKeys (ConfUtils.java:logGet(62)) - raft.server.log.statemachine.data.sync = true (default)
2025-07-14 14:59:52,771 [e9aa665b-a6cb-4a48-961e-4c04ffb0bb5a-impl-thread1] INFO  server.RaftServerConfigKeys (ConfUtils.java:logGet(62)) - raft.server.log.statemachine.data.sync.timeout = 10s (default)
2025-07-14 14:59:52,772 [e9aa665b-a6cb-4a48-961e-4c04ffb0bb5a-impl-thread1] INFO  server.RaftServerConfigKeys (ConfUtils.java:logGet(62)) - raft.server.log.statemachine.data.sync.timeout.retry = -1 (default)
2025-07-14 14:59:52,773 [e9aa665b-a6cb-4a48-961e-4c04ffb0bb5a-impl-thread1] INFO  server.RaftServerConfigKeys (ConfUtils.java:logGet(62)) - raft.server.log.write.buffer.size = 4194312 (custom)
2025-07-14 14:59:52,775 [e9aa665b-a6cb-4a48-961e-4c04ffb0bb5a-impl-thread1] INFO  server.RaftServerConfigKeys (ConfUtils.java:logGet(62)) - raft.server.log.appender.buffer.byte-limit = 4194304 (custom)
2025-07-14 14:59:52,776 [e9aa665b-a6cb-4a48-961e-4c04ffb0bb5a-impl-thread1] INFO  server.RaftServerConfigKeys (ConfUtils.java:logGet(62)) - raft.server.log.unsafe-flush.enabled = false (default)
2025-07-14 14:59:52,776 [e9aa665b-a6cb-4a48-961e-4c04ffb0bb5a-impl-thread1] INFO  server.RaftServerConfigKeys (ConfUtils.java:logGet(62)) - raft.server.log.async-flush.enabled = false (default)
2025-07-14 14:59:52,776 [e9aa665b-a6cb-4a48-961e-4c04ffb0bb5a-impl-thread1] INFO  server.RaftServerConfigKeys (ConfUtils.java:logGet(62)) - raft.server.log.statemachine.data.caching.enabled = false (default)
2025-07-14 14:59:52,781 [e9aa665b-a6cb-4a48-961e-4c04ffb0bb5a-impl-thread1] INFO  segmented.SegmentedRaftLogWorker (SegmentedRaftLogWorker.java:lambda$new$0(141)) - e9aa665b-a6cb-4a48-961e-4c04ffb0bb5a@group-129182712624-SegmentedRaftLogWorker: flushIndex: setUnconditionally 0 -> -1
2025-07-14 14:59:52,781 [e9aa665b-a6cb-4a48-961e-4c04ffb0bb5a-impl-thread1] INFO  segmented.SegmentedRaftLogWorker (SegmentedRaftLogWorker.java:lambda$new$0(141)) - e9aa665b-a6cb-4a48-961e-4c04ffb0bb5a@group-129182712624-SegmentedRaftLogWorker: safeCacheEvictIndex: setUnconditionally 0 -> -1
2025-07-14 14:59:52,783 [e9aa665b-a6cb-4a48-961e-4c04ffb0bb5a-impl-thread1] INFO  server.RaftServer$Division (RaftServerImpl.java:start(405)) - e9aa665b-a6cb-4a48-961e-4c04ffb0bb5a@group-129182712624: start as a follower, conf=conf: {index: -1, cur=peers:[e9aa665b-a6cb-4a48-961e-4c04ffb0bb5a|localhost:15004]|listeners:[], old=null}
2025-07-14 14:59:52,783 [e9aa665b-a6cb-4a48-961e-4c04ffb0bb5a-impl-thread1] INFO  server.RaftServer$Division (RaftServerImpl.java:setRole(392)) - e9aa665b-a6cb-4a48-961e-4c04ffb0bb5a@group-129182712624: changes role from      null to FOLLOWER at term 0 for startAsFollower
2025-07-14 14:59:52,784 [e9aa665b-a6cb-4a48-961e-4c04ffb0bb5a-impl-thread1] INFO  impl.RoleInfo (RoleInfo.java:updateAndGet(148)) - e9aa665b-a6cb-4a48-961e-4c04ffb0bb5a: start e9aa665b-a6cb-4a48-961e-4c04ffb0bb5a@group-129182712624-FollowerState
2025-07-14 14:59:52,785 [e9aa665b-a6cb-4a48-961e-4c04ffb0bb5a@group-129182712624-FollowerState] INFO  server.RaftServerConfigKeys (ConfUtils.java:logGet(62)) - raft.server.rpc.first-election.timeout.min = 1000ms (custom)
2025-07-14 14:59:52,786 [e9aa665b-a6cb-4a48-961e-4c04ffb0bb5a@group-129182712624-FollowerState] INFO  server.RaftServerConfigKeys (ConfUtils.java:logGet(62)) - raft.server.rpc.first-election.timeout.max = 1200ms (custom)
2025-07-14 14:59:52,787 [e9aa665b-a6cb-4a48-961e-4c04ffb0bb5a-impl-thread1] INFO  util.JmxRegister (JmxRegister.java:tryRegister(44)) - Successfully registered JMX Bean with object name Ratis:service=RaftServer,group=group-129182712624,id=e9aa665b-a6cb-4a48-961e-4c04ffb0bb5a
2025-07-14 14:59:52,788 [e9aa665b-a6cb-4a48-961e-4c04ffb0bb5a-impl-thread1] INFO  util.JmxRegister (JmxRegister.java:register(58)) - register mxBean class org.apache.ratis.server.impl.RaftServerJmxAdapter as Ratis:service=RaftServer,group=group-129182712624,id=e9aa665b-a6cb-4a48-961e-4c04ffb0bb5a
2025-07-14 14:59:52,789 [e9aa665b-a6cb-4a48-961e-4c04ffb0bb5a-impl-thread1] INFO  server.RaftServerConfigKeys (ConfUtils.java:logGet(62)) - raft.server.snapshot.trigger-when-stop.enabled = true (default)
2025-07-14 14:59:52,789 [e9aa665b-a6cb-4a48-961e-4c04ffb0bb5a-impl-thread1] INFO  server.RaftServerConfigKeys (ConfUtils.java:logGet(62)) - raft.server.snapshot.trigger-when-remove.enabled = true (default)
2025-07-14 14:59:52,790 [e9aa665b-a6cb-4a48-961e-4c04ffb0bb5a-impl-thread1] INFO  server.RaftServerConfigKeys (ConfUtils.java:logGet(62)) - raft.server.snapshot.auto.trigger.enabled = true (custom)
2025-07-14 14:59:52,790 [e9aa665b-a6cb-4a48-961e-4c04ffb0bb5a-impl-thread1] INFO  server.RaftServerConfigKeys (ConfUtils.java:logGet(62)) - raft.server.snapshot.auto.trigger.threshold = 1000 (custom)
2025-07-14 14:59:52,791 [e9aa665b-a6cb-4a48-961e-4c04ffb0bb5a-impl-thread1] INFO  server.RaftServerConfigKeys (ConfUtils.java:logGet(62)) - raft.server.snapshot.retention.file.num = -1 (default)
2025-07-14 14:59:52,791 [e9aa665b-a6cb-4a48-961e-4c04ffb0bb5a-impl-thread1] INFO  server.RaftServerConfigKeys (ConfUtils.java:logGet(62)) - raft.server.log.purge.upto.snapshot.index = false (default)
2025-07-14 14:59:52,794 [e9aa665b-a6cb-4a48-961e-4c04ffb0bb5a-impl-thread1] INFO  server.RaftServer$Division (RaftServerImpl.java:start(419)) - e9aa665b-a6cb-4a48-961e-4c04ffb0bb5a@group-129182712624: Successfully started.
2025-07-14 14:59:52,795 [main] INFO  server.RaftServer (RaftServerProxy.java:startImpl(412)) - e9aa665b-a6cb-4a48-961e-4c04ffb0bb5a: start RPC server
2025-07-14 14:59:52,830 [main] INFO  server.GrpcServicesImpl (GrpcServicesImpl.java:startImpl(346)) - e9aa665b-a6cb-4a48-961e-4c04ffb0bb5a: GrpcServicesImpl started, listening on 15004
2025-07-14 14:59:52,832 [JvmPauseMonitor0] INFO  util.JvmPauseMonitor (JvmPauseMonitor.java:run(146)) - JvmPauseMonitor-e9aa665b-a6cb-4a48-961e-4c04ffb0bb5a: Started
2025-07-14 14:59:53,815 [e9aa665b-a6cb-4a48-961e-4c04ffb0bb5a@group-129182712624-FollowerState] INFO  impl.FollowerState (FollowerState.java:runImpl(161)) - e9aa665b-a6cb-4a48-961e-4c04ffb0bb5a@group-129182712624-FollowerState: change to CANDIDATE, lastRpcElapsedTime:1030644201ns, electionTimeout:1028ms
2025-07-14 14:59:53,815 [e9aa665b-a6cb-4a48-961e-4c04ffb0bb5a@group-129182712624-FollowerState] INFO  impl.RoleInfo (RoleInfo.java:shutdownFollowerState(121)) - e9aa665b-a6cb-4a48-961e-4c04ffb0bb5a: shutdown e9aa665b-a6cb-4a48-961e-4c04ffb0bb5a@group-129182712624-FollowerState
2025-07-14 14:59:53,816 [e9aa665b-a6cb-4a48-961e-4c04ffb0bb5a@group-129182712624-FollowerState] INFO  server.RaftServer$Division (RaftServerImpl.java:setRole(392)) - e9aa665b-a6cb-4a48-961e-4c04ffb0bb5a@group-129182712624: changes role from  FOLLOWER to CANDIDATE at term 0 for changeToCandidate
2025-07-14 14:59:53,818 [e9aa665b-a6cb-4a48-961e-4c04ffb0bb5a@group-129182712624-FollowerState] INFO  server.RaftServerConfigKeys (ConfUtils.java:logGet(62)) - raft.server.leaderelection.pre-vote = true (default)
2025-07-14 14:59:53,818 [e9aa665b-a6cb-4a48-961e-4c04ffb0bb5a@group-129182712624-FollowerState] INFO  impl.RoleInfo (RoleInfo.java:updateAndGet(148)) - e9aa665b-a6cb-4a48-961e-4c04ffb0bb5a: start e9aa665b-a6cb-4a48-961e-4c04ffb0bb5a@group-129182712624-LeaderElection1
2025-07-14 14:59:53,820 [e9aa665b-a6cb-4a48-961e-4c04ffb0bb5a@group-129182712624-LeaderElection1] INFO  impl.LeaderElection (LeaderElection.java:askForVotes(448)) - e9aa665b-a6cb-4a48-961e-4c04ffb0bb5a@group-129182712624-LeaderElection1 PRE_VOTE round 0: submit vote requests at term 0 for conf: {index: -1, cur=peers:[e9aa665b-a6cb-4a48-961e-4c04ffb0bb5a|localhost:15004]|listeners:[], old=null}
2025-07-14 14:59:53,821 [e9aa665b-a6cb-4a48-961e-4c04ffb0bb5a@group-129182712624-LeaderElection1] INFO  impl.LeaderElection (LeaderElection.java:askForVotes(450)) - e9aa665b-a6cb-4a48-961e-4c04ffb0bb5a@group-129182712624-LeaderElection1 PRE_VOTE round 0: result PASSED (term=0)
2025-07-14 14:59:53,824 [e9aa665b-a6cb-4a48-961e-4c04ffb0bb5a@group-129182712624-LeaderElection1] INFO  impl.LeaderElection (LeaderElection.java:askForVotes(448)) - e9aa665b-a6cb-4a48-961e-4c04ffb0bb5a@group-129182712624-LeaderElection1 ELECTION round 0: submit vote requests at term 1 for conf: {index: -1, cur=peers:[e9aa665b-a6cb-4a48-961e-4c04ffb0bb5a|localhost:15004]|listeners:[], old=null}
2025-07-14 14:59:53,824 [e9aa665b-a6cb-4a48-961e-4c04ffb0bb5a@group-129182712624-LeaderElection1] INFO  impl.LeaderElection (LeaderElection.java:askForVotes(450)) - e9aa665b-a6cb-4a48-961e-4c04ffb0bb5a@group-129182712624-LeaderElection1 ELECTION round 0: result PASSED (term=1)
2025-07-14 14:59:53,824 [e9aa665b-a6cb-4a48-961e-4c04ffb0bb5a@group-129182712624-LeaderElection1] INFO  impl.RoleInfo (RoleInfo.java:shutdownLeaderElection(141)) - e9aa665b-a6cb-4a48-961e-4c04ffb0bb5a: shutdown e9aa665b-a6cb-4a48-961e-4c04ffb0bb5a@group-129182712624-LeaderElection1
2025-07-14 14:59:53,824 [e9aa665b-a6cb-4a48-961e-4c04ffb0bb5a@group-129182712624-LeaderElection1] INFO  server.RaftServer$Division (RaftServerImpl.java:setRole(392)) - e9aa665b-a6cb-4a48-961e-4c04ffb0bb5a@group-129182712624: changes role from CANDIDATE to LEADER at term 1 for changeToLeader
2025-07-14 14:59:53,828 [e9aa665b-a6cb-4a48-961e-4c04ffb0bb5a@group-129182712624-LeaderElection1] INFO  server.RaftServerConfigKeys (ConfUtils.java:logGet(62)) - raft.server.staging.catchup.gap = 1000 (default)
2025-07-14 14:59:53,828 [e9aa665b-a6cb-4a48-961e-4c04ffb0bb5a@group-129182712624-LeaderElection1] INFO  server.RaftServerConfigKeys (ConfUtils.java:logFallback(69)) - raft.server.staging.timeout = 15600ms (fallback to raft.server.rpc.timeout.max)
2025-07-14 14:59:53,830 [e9aa665b-a6cb-4a48-961e-4c04ffb0bb5a@group-129182712624-LeaderElection1] INFO  server.RaftServerConfigKeys (ConfUtils.java:logGet(62)) - raft.server.write.element-limit = 4096 (default)
2025-07-14 14:59:53,831 [e9aa665b-a6cb-4a48-961e-4c04ffb0bb5a@group-129182712624-LeaderElection1] INFO  server.RaftServerConfigKeys (ConfUtils.java:logGet(62)) - raft.server.write.byte-limit = 64MB (=67108864) (default)
2025-07-14 14:59:53,833 [e9aa665b-a6cb-4a48-961e-4c04ffb0bb5a@group-129182712624-LeaderElection1] INFO  server.RaftServerConfigKeys (ConfUtils.java:logGet(62)) - raft.server.watch.timeout = 10s (default)
2025-07-14 14:59:53,833 [e9aa665b-a6cb-4a48-961e-4c04ffb0bb5a@group-129182712624-LeaderElection1] INFO  server.RaftServerConfigKeys (ConfUtils.java:logGet(62)) - raft.server.watch.timeout.denomination = 1s (default)
2025-07-14 14:59:53,834 [e9aa665b-a6cb-4a48-961e-4c04ffb0bb5a@group-129182712624-LeaderElection1] INFO  server.RaftServerConfigKeys (ConfUtils.java:logGet(62)) - raft.server.watch.element-limit = 65536 (default)
2025-07-14 14:59:53,839 [e9aa665b-a6cb-4a48-961e-4c04ffb0bb5a@group-129182712624-LeaderElection1] INFO  server.RaftServerConfigKeys (ConfUtils.java:logGet(62)) - raft.server.read.leader.lease.enabled = false (default)
2025-07-14 14:59:53,840 [e9aa665b-a6cb-4a48-961e-4c04ffb0bb5a@group-129182712624-LeaderElection1] INFO  server.RaftServerConfigKeys (ConfUtils.java:logGet(62)) - raft.server.read.leader.lease.timeout.ratio = 0.9 (default)
2025-07-14 14:59:53,840 [e9aa665b-a6cb-4a48-961e-4c04ffb0bb5a@group-129182712624-LeaderElection1] INFO  server.RaftServerConfigKeys (ConfUtils.java:logGet(62)) - raft.server.log.log-metadata.enabled = false (custom)
2025-07-14 14:59:53,841 [e9aa665b-a6cb-4a48-961e-4c04ffb0bb5a@group-129182712624-LeaderElection1] INFO  server.RaftServerConfigKeys (ConfUtils.java:logGet(62)) - raft.server.write.follower.gap.ratio.max = -1.0 (default)
2025-07-14 14:59:53,842 [e9aa665b-a6cb-4a48-961e-4c04ffb0bb5a@group-129182712624-LeaderElection1] INFO  impl.RoleInfo (RoleInfo.java:updateAndGet(148)) - e9aa665b-a6cb-4a48-961e-4c04ffb0bb5a: start e9aa665b-a6cb-4a48-961e-4c04ffb0bb5a@group-129182712624-LeaderStateImpl
2025-07-14 14:59:53,843 [e9aa665b-a6cb-4a48-961e-4c04ffb0bb5a@group-129182712624-LeaderElection1] INFO  server.RaftServer$Division (RaftServerImpl.java:setFirstElection(576)) - e9aa665b-a6cb-4a48-961e-4c04ffb0bb5a@group-129182712624: set firstElectionSinceStartup to false for becomeLeader
2025-07-14 14:59:53,843 [e9aa665b-a6cb-4a48-961e-4c04ffb0bb5a@group-129182712624-LeaderElection1] INFO  server.RaftServer$Division (ServerState.java:setLeader(272)) - e9aa665b-a6cb-4a48-961e-4c04ffb0bb5a@group-129182712624: change Leader from null to e9aa665b-a6cb-4a48-961e-4c04ffb0bb5a at term 1 for becomeLeader, leader elected after 1316ms
2025-07-14 14:59:53,858 [e9aa665b-a6cb-4a48-961e-4c04ffb0bb5a@group-129182712624-LeaderElection1] INFO  segmented.SegmentedRaftLogWorker (SegmentedRaftLogWorker.java:startLogSegment(440)) - e9aa665b-a6cb-4a48-961e-4c04ffb0bb5a@group-129182712624-SegmentedRaftLogWorker: Starting segment from index:0
2025-07-14 14:59:53,873 [e9aa665b-a6cb-4a48-961e-4c04ffb0bb5a@group-129182712624-LeaderElection1] INFO  server.RaftServer$Division (ServerState.java:setRaftConf(386)) - e9aa665b-a6cb-4a48-961e-4c04ffb0bb5a@group-129182712624: set configuration conf: {index: 0, cur=peers:[e9aa665b-a6cb-4a48-961e-4c04ffb0bb5a|localhost:15004]|listeners:[], old=null}
2025-07-14 14:59:53,881 [e9aa665b-a6cb-4a48-961e-4c04ffb0bb5a@group-129182712624-SegmentedRaftLogWorker] INFO  segmented.BufferedWriteChannel (BufferedWriteChannel.java:open(61)) - open log_inprogress_0 at position 0
2025-07-14 14:59:53,891 [e9aa665b-a6cb-4a48-961e-4c04ffb0bb5a@group-129182712624-SegmentedRaftLogWorker] INFO  segmented.SegmentedRaftLogWorker (SegmentedRaftLogWorker.java:execute(647)) - e9aa665b-a6cb-4a48-961e-4c04ffb0bb5a@group-129182712624-SegmentedRaftLogWorker: created new log segment /home/runner/work/ozone/ozone/hadoop-ozone/integration-test/target/test-dir/MiniOzoneClusterImpl-aaa7dc72-7fbf-48e0-acc5-129182712624/ozone-meta/scm-ha/aaa7dc72-7fbf-48e0-acc5-129182712624/current/log_inprogress_0
2025-07-14 14:59:53,899 [e9aa665b-a6cb-4a48-961e-4c04ffb0bb5a@group-129182712624-StateMachineUpdater] INFO  server.RaftServer$Division (LeaderStateImpl.java:checkStartIndex(309)) - Leader e9aa665b-a6cb-4a48-961e-4c04ffb0bb5a@group-129182712624-LeaderStateImpl is ready since appliedIndex == startIndex == 0
2025-07-14 14:59:54,833 [main] INFO  server.RaftServer (RaftServerProxy.java:lambda$close$9(422)) - e9aa665b-a6cb-4a48-961e-4c04ffb0bb5a: close
2025-07-14 14:59:54,835 [main] INFO  server.GrpcServicesImpl (GrpcServicesImpl.java:closeImpl(355)) - e9aa665b-a6cb-4a48-961e-4c04ffb0bb5a: shutdown server GrpcServerProtocolService now
2025-07-14 14:59:54,835 [e9aa665b-a6cb-4a48-961e-4c04ffb0bb5a-impl-thread1] INFO  server.RaftServer$Division (RaftServerImpl.java:lambda$close$1(527)) - e9aa665b-a6cb-4a48-961e-4c04ffb0bb5a@group-129182712624: shutdown
2025-07-14 14:59:54,835 [e9aa665b-a6cb-4a48-961e-4c04ffb0bb5a-impl-thread1] INFO  util.JmxRegister (JmxRegister.java:unregister(74)) - Successfully un-registered JMX Bean with object name Ratis:service=RaftServer,group=group-129182712624,id=e9aa665b-a6cb-4a48-961e-4c04ffb0bb5a
2025-07-14 14:59:54,836 [e9aa665b-a6cb-4a48-961e-4c04ffb0bb5a-impl-thread1] INFO  impl.RoleInfo (RoleInfo.java:shutdownLeaderState(103)) - e9aa665b-a6cb-4a48-961e-4c04ffb0bb5a: shutdown e9aa665b-a6cb-4a48-961e-4c04ffb0bb5a@group-129182712624-LeaderStateImpl
2025-07-14 14:59:54,839 [e9aa665b-a6cb-4a48-961e-4c04ffb0bb5a-impl-thread1] INFO  impl.PendingRequests (PendingRequests.java:sendNotLeaderResponses(287)) - e9aa665b-a6cb-4a48-961e-4c04ffb0bb5a@group-129182712624-PendingRequests: sendNotLeaderResponses
2025-07-14 14:59:54,841 [main] INFO  server.GrpcServicesImpl (GrpcServicesImpl.java:closeImpl(364)) - e9aa665b-a6cb-4a48-961e-4c04ffb0bb5a: shutdown server GrpcServerProtocolService successfully
2025-07-14 14:59:54,842 [e9aa665b-a6cb-4a48-961e-4c04ffb0bb5a-impl-thread1] INFO  impl.StateMachineUpdater (StateMachineUpdater.java:stopAndJoin(163)) - e9aa665b-a6cb-4a48-961e-4c04ffb0bb5a@group-129182712624-StateMachineUpdater: set stopIndex = 0
2025-07-14 14:59:54,843 [e9aa665b-a6cb-4a48-961e-4c04ffb0bb5a@group-129182712624-StateMachineUpdater] INFO  impl.StateMachineUpdater (StateMachineUpdater.java:takeSnapshot(307)) - e9aa665b-a6cb-4a48-961e-4c04ffb0bb5a@group-129182712624-StateMachineUpdater: Took a snapshot at index 0
2025-07-14 14:59:54,843 [e9aa665b-a6cb-4a48-961e-4c04ffb0bb5a@group-129182712624-StateMachineUpdater] INFO  impl.StateMachineUpdater (StateMachineUpdater.java:lambda$new$0(101)) - e9aa665b-a6cb-4a48-961e-4c04ffb0bb5a@group-129182712624-StateMachineUpdater: snapshotIndex: updateIncreasingly -1 -> 0
2025-07-14 14:59:54,844 [e9aa665b-a6cb-4a48-961e-4c04ffb0bb5a@group-129182712624-StateMachineUpdater] INFO  impl.StateMachineUpdater (StateMachineUpdater.java:stop(140)) - e9aa665b-a6cb-4a48-961e-4c04ffb0bb5a@group-129182712624-StateMachineUpdater: closing SCMStateMachine, lastApplied=(t:1, i:0)
2025-07-14 14:59:54,845 [e9aa665b-a6cb-4a48-961e-4c04ffb0bb5a@group-129182712624-cacheEviction-AwaitToRun] INFO  util.AwaitToRun (AwaitToRun.java:run(49)) - e9aa665b-a6cb-4a48-961e-4c04ffb0bb5a@group-129182712624-cacheEviction-AwaitToRun-AwaitForSignal is interrupted
2025-07-14 14:59:54,896 [e9aa665b-a6cb-4a48-961e-4c04ffb0bb5a-impl-thread1] INFO  segmented.SegmentedRaftLogWorker (SegmentedRaftLogWorker.java:close(254)) - e9aa665b-a6cb-4a48-961e-4c04ffb0bb5a@group-129182712624-SegmentedRaftLogWorker close()
2025-07-14 14:59:54,901 [JvmPauseMonitor0] INFO  util.JvmPauseMonitor (JvmPauseMonitor.java:run(152)) - JvmPauseMonitor-e9aa665b-a6cb-4a48-961e-4c04ffb0bb5a: Stopped
2025-07-14 14:59:54,937 [main] WARN  server.ServerUtils (ServerUtils.java:getScmDbDir(138)) - ozone.scm.db.dirs is not configured. We recommend adding this setting. Falling back to ozone.metadata.dirs instead.
2025-07-14 14:59:54,939 [main] INFO  ha.SCMHANodeDetails (SCMHANodeDetails.java:loadSCMHAConfig(162)) - ServiceID for StorageContainerManager is null
2025-07-14 14:59:54,939 [main] INFO  ha.SCMHANodeDetails (SCMHANodeDetails.java:loadSCMHAConfig(166)) - ozone.scm.default.service.id is not defined, falling back to ozone.scm.service.ids to find serviceID for StorageContainerManager if it is HA enabled cluster
2025-07-14 14:59:55,395 [main] WARN  utils.HAUtils (HAUtils.java:getMetaDir(312)) - ozone.scm.db.dirs is not configured. We recommend adding this setting. Falling back to ozone.metadata.dirs instead.
2025-07-14 14:59:55,493 [main] WARN  db.DBStoreBuilder (DBStoreBuilder.java:getDBDirPath(158)) - ozone.scm.db.dirs is not configured. We recommend adding this setting. Falling back to ozone.metadata.dirs instead.
2025-07-14 14:59:55,675 [main] INFO  net.NodeSchemaLoader (NodeSchemaLoader.java:loadSchemaFromFile(128)) - Loading schema from [jar:file:/home/runner/work/ozone/ozone/hadoop-hdds/common/target/hdds-common-2.1.0-SNAPSHOT.jar!/network-topology-default.xml]
2025-07-14 14:59:55,676 [main] INFO  net.NodeSchemaLoader (NodeSchemaLoader.java:loadSchema(175)) - Loading network topology layer schema file
2025-07-14 14:59:55,774 [main] INFO  ha.SCMRatisServerImpl (SCMRatisServerImpl.java:<init>(100)) - starting Raft server for scm:e9aa665b-a6cb-4a48-961e-4c04ffb0bb5a
2025-07-14 14:59:55,777 [main] INFO  server.RaftServerConfigKeys (ConfUtils.java:logGet(62)) - raft.server.log.appender.buffer.byte-limit = 4194304 (custom)
2025-07-14 14:59:55,780 [main] INFO  grpc.GrpcConfigKeys (ConfUtils.java:logFallback(69)) - raft.grpc.admin.host = null (fallback to raft.grpc.server.host)
2025-07-14 14:59:55,780 [main] INFO  grpc.GrpcConfigKeys (ConfUtils.java:logFallback(69)) - raft.grpc.admin.port = 15004 (fallback to raft.grpc.server.port)
2025-07-14 14:59:55,780 [main] INFO  grpc.GrpcConfigKeys (ConfUtils.java:logFallback(69)) - raft.grpc.client.host = null (fallback to raft.grpc.server.host)
2025-07-14 14:59:55,780 [main] INFO  grpc.GrpcConfigKeys (ConfUtils.java:logFallback(69)) - raft.grpc.client.port = 15004 (fallback to raft.grpc.server.port)
2025-07-14 14:59:55,781 [main] INFO  server.GrpcServicesImpl (ConfUtils.java:logGet(62)) - raft.grpc.message.size.max = 5242880 (custom)
2025-07-14 14:59:55,781 [main] INFO  server.RaftServerConfigKeys (ConfUtils.java:logGet(62)) - raft.server.log.appender.buffer.byte-limit = 4194304 (custom)
2025-07-14 14:59:55,783 [e9aa665b-a6cb-4a48-961e-4c04ffb0bb5a-impl-thread1] INFO  server.RaftServer (RaftServerProxy.java:initGroupDir(270)) - e9aa665b-a6cb-4a48-961e-4c04ffb0bb5a: found a subdirectory /home/runner/work/ozone/ozone/hadoop-ozone/integration-test/target/test-dir/MiniOzoneClusterImpl-aaa7dc72-7fbf-48e0-acc5-129182712624/ozone-meta/scm-ha/aaa7dc72-7fbf-48e0-acc5-129182712624
2025-07-14 14:59:55,784 [main] INFO  server.RaftServer (RaftServerProxy.java:addNew(105)) - e9aa665b-a6cb-4a48-961e-4c04ffb0bb5a: addNew group-129182712624:[] returns group-129182712624:java.util.concurrent.CompletableFuture@65e4cb84[Not completed]
2025-07-14 14:59:55,786 [e9aa665b-a6cb-4a48-961e-4c04ffb0bb5a-groupManagement] INFO  server.RaftServer$Division (RaftServerImpl.java:<init>(268)) - e9aa665b-a6cb-4a48-961e-4c04ffb0bb5a: new RaftServerImpl for group-129182712624:[] with SCMStateMachine:uninitialized
2025-07-14 14:59:55,787 [e9aa665b-a6cb-4a48-961e-4c04ffb0bb5a-groupManagement] INFO  server.RaftServer$Division (ServerState.java:<init>(114)) - e9aa665b-a6cb-4a48-961e-4c04ffb0bb5a@group-129182712624: ConfigurationManager, init=conf: {index: -1, cur=peers:[]|listeners:[], old=null}, confs=<EMPTY_MAP>
2025-07-14 14:59:55,796 [main] INFO  ha.SCMSnapshotProvider (SCMSnapshotProvider.java:<init>(61)) - Initializing SCM Snapshot Provider
2025-07-14 14:59:55,796 [main] WARN  server.ServerUtils (ServerUtils.java:getDefaultRatisDirectory(304)) - Storage directory for Ratis is not configured. It is a good idea to map this to an SSD disk. Falling back to ozone.metadata.dirs
2025-07-14 14:59:55,797 [main] WARN  ha.SCMHAUtils (SCMHAUtils.java:getSCMRatisSnapshotDirectory(120)) - SCM snapshot dir is not configured. Falling back to ozone.metadata.dirs config
2025-07-14 14:59:55,822 [main] INFO  upgrade.AbstractLayoutVersionManager (AbstractLayoutVersionManager.java:init(80)) - Initializing Layout version manager with metadata layout = HBASE_SUPPORT (version = 8), software layout = HBASE_SUPPORT (version = 8)
2025-07-14 14:59:55,849 [main] INFO  ha.SequenceIdGenerator (SequenceIdGenerator.java:upgradeToSequenceId(353)) - upgrade localId to 115816896921600000
2025-07-14 14:59:55,850 [main] INFO  ha.SequenceIdGenerator (SequenceIdGenerator.java:upgradeToSequenceId(363)) - upgrade delTxnId to 0
2025-07-14 14:59:55,857 [main] INFO  ha.SequenceIdGenerator (SequenceIdGenerator.java:upgradeToSequenceId(379)) - upgrade containerId to 0
2025-07-14 14:59:55,860 [main] INFO  ha.SequenceIdGenerator (SequenceIdGenerator.java:upgradeToCertificateSequenceId(414)) - upgrade CertificateId to 2
2025-07-14 14:59:55,861 [main] INFO  ha.SequenceIdGenerator (SequenceIdGenerator.java:<init>(231)) - Init the HA SequenceIdGenerator.
2025-07-14 14:59:55,912 [main] INFO  node.SCMNodeManager (SCMNodeManager.java:<init>(180)) - Entering startup safe mode.
2025-07-14 14:59:55,923 [main] INFO  algorithms.ContainerPlacementPolicyFactory (ContainerPlacementPolicyFactory.java:getPolicyInternal(83)) - Create container placement policy of type org.apache.hadoop.hdds.scm.container.placement.algorithms.SCMContainerPlacementRackAware
2025-07-14 14:59:55,928 [main] INFO  algorithms.ContainerPlacementPolicyFactory (ContainerPlacementPolicyFactory.java:getPolicyInternal(83)) - Create container placement policy of type org.apache.hadoop.hdds.scm.container.placement.algorithms.SCMContainerPlacementRackScatter
2025-07-14 14:59:55,936 [main] INFO  pipeline.PipelineStateManagerImpl (PipelineStateManagerImpl.java:initialize(75)) - No pipeline exists in current db
2025-07-14 14:59:55,949 [main] INFO  algorithms.LeaderChoosePolicyFactory (LeaderChoosePolicyFactory.java:getPolicy(55)) - Create leader choose policy of type org.apache.hadoop.hdds.scm.pipeline.leader.choose.algorithms.MinLeaderCountChoosePolicy
2025-07-14 14:59:55,950 [main] INFO  algorithms.ContainerPlacementPolicyFactory (ContainerPlacementPolicyFactory.java:getPolicyInternal(83)) - Create container placement policy of type org.apache.hadoop.hdds.scm.container.placement.algorithms.SCMContainerPlacementRackScatter
2025-07-14 14:59:55,957 [main] INFO  ha.SCMServiceManager (SCMServiceManager.java:register(42)) - Registering service BackgroundPipelineCreator.
2025-07-14 14:59:55,957 [main] INFO  pipeline.BackgroundPipelineCreator (BackgroundPipelineCreator.java:start(126)) - Starting RatisPipelineUtilsThread.
2025-07-14 14:59:55,959 [main] INFO  BackgroundPipelineScrubber (BackgroundSCMService.java:start(64)) - Starting BackgroundPipelineScrubber Service.
2025-07-14 14:59:55,960 [main] INFO  ha.SCMServiceManager (SCMServiceManager.java:register(42)) - Registering service BackgroundPipelineScrubber.
2025-07-14 14:59:55,966 [main] INFO  ExpiredContainerReplicaOpScrubber (BackgroundSCMService.java:start(64)) - Starting ExpiredContainerReplicaOpScrubber Service.
2025-07-14 14:59:55,967 [main] INFO  ha.SCMServiceManager (SCMServiceManager.java:register(42)) - Registering service ExpiredContainerReplicaOpScrubber.
2025-07-14 14:59:55,992 [main] INFO  algorithms.PipelineChoosePolicyFactory (PipelineChoosePolicyFactory.java:createPipelineChoosePolicyFromClass(78)) - Create pipeline choose policy of type org.apache.hadoop.hdds.scm.pipeline.choose.algorithms.RandomPipelineChoosePolicy
2025-07-14 14:59:55,993 [main] INFO  algorithms.PipelineChoosePolicyFactory (PipelineChoosePolicyFactory.java:createPipelineChoosePolicyFromClass(78)) - Create pipeline choose policy of type org.apache.hadoop.hdds.scm.pipeline.choose.algorithms.RandomPipelineChoosePolicy
2025-07-14 14:59:56,023 [main] INFO  ha.SCMServiceManager (SCMServiceManager.java:register(42)) - Registering service SCMBlockDeletingService.
2025-07-14 14:59:56,078 [main] INFO  replication.ReplicationManager (ReplicationManager.java:start(285)) - Starting Replication Monitor Thread.
2025-07-14 14:59:56,080 [main] INFO  ha.SCMServiceManager (SCMServiceManager.java:register(42)) - Registering service ReplicationManager.
2025-07-14 14:59:56,089 [main] INFO  safemode.RatisContainerSafeModeRule (RatisContainerSafeModeRule.java:initializeRule(160)) - Refreshed Containers with one replica threshold count 0.
2025-07-14 14:59:56,090 [main] INFO  safemode.ECContainerSafeModeRule (ECContainerSafeModeRule.java:initializeRule(204)) - Refreshed Containers with ec n replica threshold count 0.
2025-07-14 14:59:56,095 [main] INFO  safemode.HealthyPipelineSafeModeRule (HealthyPipelineSafeModeRule.java:initializeRule(232)) - Total pipeline count is 0, healthy pipeline threshold count is 1
2025-07-14 14:59:56,096 [main] INFO  safemode.OneReplicaPipelineSafeModeRule (OneReplicaPipelineSafeModeRule.java:initializeRule(190)) - Total pipeline count is 0, pipeline's with at least one datanode reported threshold count is 0
2025-07-14 14:59:56,153 [main] INFO  server.StorageContainerManager (StorageContainerManager.java:<init>(433)) - SCM start with adminUsers: [admin, runner]
2025-07-14 14:59:56,384 [main] INFO  audit.AuditLogger (AuditLogger.java:refreshDebugCmdSet(133)) - Refresh DebugCmdSet for SCMAudit to [].
2025-07-14 14:59:56,406 [main] INFO  ipc.CallQueueManager (CallQueueManager.java:<init>(93)) - Using callQueue: class java.util.concurrent.LinkedBlockingQueue, queueCapacity: 10000, scheduler: class org.apache.hadoop.ipc.DefaultRpcScheduler, ipcBackoff: false, ipcFailOver: false.
2025-07-14 14:59:56,431 [main] INFO  ipc.Server (Server.java:<init>(1438)) - Listener at 0.0.0.0:15002
2025-07-14 14:59:56,432 [Socket Reader #1 for port 15002] INFO  ipc.Server (Server.java:run(1474)) - Starting Socket Reader #1 for port 15002
2025-07-14 14:59:56,433 [Socket Reader #2 for port 15002] INFO  ipc.Server (Server.java:run(1474)) - Starting Socket Reader #2 for port 15002
2025-07-14 14:59:56,433 [Socket Reader #3 for port 15002] INFO  ipc.Server (Server.java:run(1474)) - Starting Socket Reader #3 for port 15002
2025-07-14 14:59:56,434 [Socket Reader #4 for port 15002] INFO  ipc.Server (Server.java:run(1474)) - Starting Socket Reader #4 for port 15002
2025-07-14 14:59:56,435 [Socket Reader #5 for port 15002] INFO  ipc.Server (Server.java:run(1474)) - Starting Socket Reader #5 for port 15002
2025-07-14 14:59:56,436 [Socket Reader #6 for port 15002] INFO  ipc.Server (Server.java:run(1474)) - Starting Socket Reader #6 for port 15002
2025-07-14 14:59:56,436 [Socket Reader #7 for port 15002] INFO  ipc.Server (Server.java:run(1474)) - Starting Socket Reader #7 for port 15002
2025-07-14 14:59:56,437 [Socket Reader #8 for port 15002] INFO  ipc.Server (Server.java:run(1474)) - Starting Socket Reader #8 for port 15002
2025-07-14 14:59:56,438 [Socket Reader #9 for port 15002] INFO  ipc.Server (Server.java:run(1474)) - Starting Socket Reader #9 for port 15002
2025-07-14 14:59:56,438 [Socket Reader #10 for port 15002] INFO  ipc.Server (Server.java:run(1474)) - Starting Socket Reader #10 for port 15002
2025-07-14 14:59:56,479 [main] INFO  audit.AuditLogger (AuditLogger.java:refreshDebugCmdSet(133)) - Refresh DebugCmdSet for SCMAudit to [].
2025-07-14 14:59:56,485 [main] INFO  ipc.CallQueueManager (CallQueueManager.java:<init>(93)) - Using callQueue: class java.util.concurrent.LinkedBlockingQueue, queueCapacity: 10000, scheduler: class org.apache.hadoop.ipc.DefaultRpcScheduler, ipcBackoff: false, ipcFailOver: false.
2025-07-14 14:59:56,485 [main] INFO  ipc.Server (Server.java:<init>(1438)) - Listener at 0.0.0.0:15001
2025-07-14 14:59:56,486 [Socket Reader #1 for port 15001] INFO  ipc.Server (Server.java:run(1474)) - Starting Socket Reader #1 for port 15001
2025-07-14 14:59:56,486 [Socket Reader #2 for port 15001] INFO  ipc.Server (Server.java:run(1474)) - Starting Socket Reader #2 for port 15001
2025-07-14 14:59:56,487 [Socket Reader #3 for port 15001] INFO  ipc.Server (Server.java:run(1474)) - Starting Socket Reader #3 for port 15001
2025-07-14 14:59:56,487 [Socket Reader #4 for port 15001] INFO  ipc.Server (Server.java:run(1474)) - Starting Socket Reader #4 for port 15001
2025-07-14 14:59:56,487 [Socket Reader #5 for port 15001] INFO  ipc.Server (Server.java:run(1474)) - Starting Socket Reader #5 for port 15001
2025-07-14 14:59:56,487 [Socket Reader #6 for port 15001] INFO  ipc.Server (Server.java:run(1474)) - Starting Socket Reader #6 for port 15001
2025-07-14 14:59:56,488 [Socket Reader #7 for port 15001] INFO  ipc.Server (Server.java:run(1474)) - Starting Socket Reader #7 for port 15001
2025-07-14 14:59:56,488 [Socket Reader #8 for port 15001] INFO  ipc.Server (Server.java:run(1474)) - Starting Socket Reader #8 for port 15001
2025-07-14 14:59:56,489 [Socket Reader #10 for port 15001] INFO  ipc.Server (Server.java:run(1474)) - Starting Socket Reader #10 for port 15001
2025-07-14 14:59:56,489 [Socket Reader #9 for port 15001] INFO  ipc.Server (Server.java:run(1474)) - Starting Socket Reader #9 for port 15001
2025-07-14 14:59:56,520 [main] INFO  audit.AuditLogger (AuditLogger.java:refreshDebugCmdSet(133)) - Refresh DebugCmdSet for SCMAudit to [].
2025-07-14 14:59:56,538 [main] INFO  ipc.CallQueueManager (CallQueueManager.java:<init>(93)) - Using callQueue: class java.util.concurrent.LinkedBlockingQueue, queueCapacity: 10000, scheduler: class org.apache.hadoop.ipc.DefaultRpcScheduler, ipcBackoff: false, ipcFailOver: false.
2025-07-14 14:59:56,539 [main] INFO  ipc.Server (Server.java:<init>(1438)) - Listener at 0.0.0.0:15000
2025-07-14 14:59:56,540 [Socket Reader #1 for port 15000] INFO  ipc.Server (Server.java:run(1474)) - Starting Socket Reader #1 for port 15000
2025-07-14 14:59:56,540 [Socket Reader #2 for port 15000] INFO  ipc.Server (Server.java:run(1474)) - Starting Socket Reader #2 for port 15000
2025-07-14 14:59:56,540 [Socket Reader #3 for port 15000] INFO  ipc.Server (Server.java:run(1474)) - Starting Socket Reader #3 for port 15000
2025-07-14 14:59:56,541 [Socket Reader #4 for port 15000] INFO  ipc.Server (Server.java:run(1474)) - Starting Socket Reader #4 for port 15000
2025-07-14 14:59:56,542 [Socket Reader #5 for port 15000] INFO  ipc.Server (Server.java:run(1474)) - Starting Socket Reader #5 for port 15000
2025-07-14 14:59:56,542 [Socket Reader #6 for port 15000] INFO  ipc.Server (Server.java:run(1474)) - Starting Socket Reader #6 for port 15000
2025-07-14 14:59:56,542 [Socket Reader #7 for port 15000] INFO  ipc.Server (Server.java:run(1474)) - Starting Socket Reader #7 for port 15000
2025-07-14 14:59:56,542 [Socket Reader #8 for port 15000] INFO  ipc.Server (Server.java:run(1474)) - Starting Socket Reader #8 for port 15000
2025-07-14 14:59:56,543 [Socket Reader #9 for port 15000] INFO  ipc.Server (Server.java:run(1474)) - Starting Socket Reader #9 for port 15000
2025-07-14 14:59:56,543 [Socket Reader #10 for port 15000] INFO  ipc.Server (Server.java:run(1474)) - Starting Socket Reader #10 for port 15000
2025-07-14 14:59:56,590 [main] INFO  ha.SCMServiceManager (SCMServiceManager.java:register(42)) - Registering service ContainerBalancer.
2025-07-14 14:59:56,590 [main] INFO  ha.SCMContext (SCMContext.java:updateSafeModeStatus(224)) - Update SafeModeStatus from SafeModeStatus{safeModeStatus=true, preCheckPassed=false} to SafeModeStatus{safeModeStatus=true, preCheckPassed=false}.
2025-07-14 14:59:56,598 [main] INFO  server.StorageContainerManager (StorageContainerManager.java:start(1513)) - StorageContainerLocationProtocol RPC server is listening at /0.0.0.0:15000
2025-07-14 14:59:56,599 [main] INFO  ha.SCMRatisServerImpl (SCMRatisServerImpl.java:start(203)) - starting ratis server 0.0.0.0:15004
2025-07-14 14:59:56,600 [e9aa665b-a6cb-4a48-961e-4c04ffb0bb5a-impl-thread1] INFO  storage.RaftStorageDirectory (RaftStorageDirectoryImpl.java:tryLock(229)) - Lock on /home/runner/work/ozone/ozone/hadoop-ozone/integration-test/target/test-dir/MiniOzoneClusterImpl-aaa7dc72-7fbf-48e0-acc5-129182712624/ozone-meta/scm-ha/aaa7dc72-7fbf-48e0-acc5-129182712624/in_use.lock acquired by nodename 18082@localhost
2025-07-14 14:59:56,601 [e9aa665b-a6cb-4a48-961e-4c04ffb0bb5a-impl-thread1] INFO  storage.RaftStorage (RaftStorageImpl.java:analyzeAndRecoverStorage(118)) - Read RaftStorageMetadata{term=1, votedFor=e9aa665b-a6cb-4a48-961e-4c04ffb0bb5a} from /home/runner/work/ozone/ozone/hadoop-ozone/integration-test/target/test-dir/MiniOzoneClusterImpl-aaa7dc72-7fbf-48e0-acc5-129182712624/ozone-meta/scm-ha/aaa7dc72-7fbf-48e0-acc5-129182712624/current/raft-meta
2025-07-14 14:59:56,604 [e9aa665b-a6cb-4a48-961e-4c04ffb0bb5a-impl-thread1] INFO  server.RaftServer$Division (ServerState.java:setRaftConf(386)) - e9aa665b-a6cb-4a48-961e-4c04ffb0bb5a@group-129182712624: set configuration conf: {index: 0, cur=peers:[e9aa665b-a6cb-4a48-961e-4c04ffb0bb5a|localhost:15004]|listeners:[], old=null}
2025-07-14 14:59:56,604 [e9aa665b-a6cb-4a48-961e-4c04ffb0bb5a-impl-thread1] INFO  ha.SCMStateMachine (SCMStateMachine.java:lambda$initialize$0(135)) - e9aa665b-a6cb-4a48-961e-4c04ffb0bb5a: initialize group-129182712624
2025-07-14 14:59:56,604 [e9aa665b-a6cb-4a48-961e-4c04ffb0bb5a-impl-thread1] INFO  server.RaftServerConfigKeys (ConfUtils.java:logGet(62)) - raft.server.log.appender.buffer.byte-limit = 4194304 (custom)
2025-07-14 14:59:56,606 [e9aa665b-a6cb-4a48-961e-4c04ffb0bb5a-impl-thread1] INFO  server.RaftServerConfigKeys (ConfUtils.java:logGet(62)) - raft.server.log.segment.size.max = 4194304 (custom)
2025-07-14 14:59:56,607 [e9aa665b-a6cb-4a48-961e-4c04ffb0bb5a-impl-thread1] INFO  server.RaftServerConfigKeys (ConfUtils.java:logGet(62)) - raft.server.log.appender.buffer.byte-limit = 4194304 (custom)
2025-07-14 14:59:56,607 [e9aa665b-a6cb-4a48-961e-4c04ffb0bb5a-impl-thread1] INFO  util.AwaitToRun (AwaitToRun.java:start(81)) - Thread[#112,e9aa665b-a6cb-4a48-961e-4c04ffb0bb5a@group-129182712624-cacheEviction-AwaitToRun,5,main] started
2025-07-14 14:59:56,607 [e9aa665b-a6cb-4a48-961e-4c04ffb0bb5a-impl-thread1] INFO  segmented.SegmentedRaftLogWorker (SegmentedRaftLogWorker.java:<init>(190)) - new e9aa665b-a6cb-4a48-961e-4c04ffb0bb5a@group-129182712624-SegmentedRaftLogWorker for RaftStorageImpl:Storage Directory /home/runner/work/ozone/ozone/hadoop-ozone/integration-test/target/test-dir/MiniOzoneClusterImpl-aaa7dc72-7fbf-48e0-acc5-129182712624/ozone-meta/scm-ha/aaa7dc72-7fbf-48e0-acc5-129182712624
2025-07-14 14:59:56,608 [e9aa665b-a6cb-4a48-961e-4c04ffb0bb5a-impl-thread1] INFO  server.RaftServerConfigKeys (ConfUtils.java:logGet(62)) - raft.server.log.segment.size.max = 4194304 (custom)
2025-07-14 14:59:56,608 [e9aa665b-a6cb-4a48-961e-4c04ffb0bb5a-impl-thread1] INFO  server.RaftServerConfigKeys (ConfUtils.java:logGet(62)) - raft.server.log.preallocated.size = 4194304 (custom)
2025-07-14 14:59:56,608 [e9aa665b-a6cb-4a48-961e-4c04ffb0bb5a-impl-thread1] INFO  server.RaftServerConfigKeys (ConfUtils.java:logGet(62)) - raft.server.log.write.buffer.size = 4194312 (custom)
2025-07-14 14:59:56,609 [e9aa665b-a6cb-4a48-961e-4c04ffb0bb5a-impl-thread1] INFO  server.RaftServerConfigKeys (ConfUtils.java:logGet(62)) - raft.server.log.appender.buffer.byte-limit = 4194304 (custom)
2025-07-14 14:59:56,614 [e9aa665b-a6cb-4a48-961e-4c04ffb0bb5a-impl-thread1] INFO  server.RaftServer$Division (ServerState.java:setRaftConf(386)) - e9aa665b-a6cb-4a48-961e-4c04ffb0bb5a@group-129182712624: set configuration conf: {index: 0, cur=peers:[e9aa665b-a6cb-4a48-961e-4c04ffb0bb5a|localhost:15004]|listeners:[], old=null}
2025-07-14 14:59:56,614 [e9aa665b-a6cb-4a48-961e-4c04ffb0bb5a-impl-thread1] INFO  segmented.LogSegment (LogSegment.java:loadSegment(171)) - Successfully read 1 entries from segment file /home/runner/work/ozone/ozone/hadoop-ozone/integration-test/target/test-dir/MiniOzoneClusterImpl-aaa7dc72-7fbf-48e0-acc5-129182712624/ozone-meta/scm-ha/aaa7dc72-7fbf-48e0-acc5-129182712624/current/log_inprogress_0
2025-07-14 14:59:56,614 [e9aa665b-a6cb-4a48-961e-4c04ffb0bb5a-impl-thread1] INFO  segmented.SegmentedRaftLogWorker (SegmentedRaftLogWorker.java:lambda$new$0(141)) - e9aa665b-a6cb-4a48-961e-4c04ffb0bb5a@group-129182712624-SegmentedRaftLogWorker: safeCacheEvictIndex: setUnconditionally 0 -> -1
2025-07-14 14:59:56,615 [e9aa665b-a6cb-4a48-961e-4c04ffb0bb5a-impl-thread1] INFO  segmented.BufferedWriteChannel (BufferedWriteChannel.java:open(61)) - open log_inprogress_0 (append) at position 76
2025-07-14 14:59:56,616 [e9aa665b-a6cb-4a48-961e-4c04ffb0bb5a-impl-thread1] INFO  server.RaftServer$Division (RaftServerImpl.java:start(405)) - e9aa665b-a6cb-4a48-961e-4c04ffb0bb5a@group-129182712624: start as a follower, conf=conf: {index: 0, cur=peers:[e9aa665b-a6cb-4a48-961e-4c04ffb0bb5a|localhost:15004]|listeners:[], old=null}
2025-07-14 14:59:56,616 [e9aa665b-a6cb-4a48-961e-4c04ffb0bb5a-impl-thread1] INFO  server.RaftServer$Division (RaftServerImpl.java:setRole(392)) - e9aa665b-a6cb-4a48-961e-4c04ffb0bb5a@group-129182712624: changes role from      null to FOLLOWER at term 1 for startAsFollower
2025-07-14 14:59:56,616 [e9aa665b-a6cb-4a48-961e-4c04ffb0bb5a-impl-thread1] INFO  impl.RoleInfo (RoleInfo.java:updateAndGet(148)) - e9aa665b-a6cb-4a48-961e-4c04ffb0bb5a: start e9aa665b-a6cb-4a48-961e-4c04ffb0bb5a@group-129182712624-FollowerState
2025-07-14 14:59:56,618 [e9aa665b-a6cb-4a48-961e-4c04ffb0bb5a-impl-thread1] INFO  util.JmxRegister (JmxRegister.java:tryRegister(44)) - Successfully registered JMX Bean with object name Ratis:service=RaftServer,group=group-129182712624,id=e9aa665b-a6cb-4a48-961e-4c04ffb0bb5a
2025-07-14 14:59:56,618 [e9aa665b-a6cb-4a48-961e-4c04ffb0bb5a-impl-thread1] INFO  util.JmxRegister (JmxRegister.java:register(58)) - register mxBean class org.apache.ratis.server.impl.RaftServerJmxAdapter as Ratis:service=RaftServer,group=group-129182712624,id=e9aa665b-a6cb-4a48-961e-4c04ffb0bb5a
2025-07-14 14:59:56,621 [e9aa665b-a6cb-4a48-961e-4c04ffb0bb5a-impl-thread1] INFO  server.RaftServer$Division (RaftServerImpl.java:start(419)) - e9aa665b-a6cb-4a48-961e-4c04ffb0bb5a@group-129182712624: Successfully started.
2025-07-14 14:59:56,622 [main] INFO  server.RaftServer (RaftServerProxy.java:startImpl(412)) - e9aa665b-a6cb-4a48-961e-4c04ffb0bb5a: start RPC server
2025-07-14 14:59:56,623 [main] INFO  server.GrpcServicesImpl (GrpcServicesImpl.java:startImpl(346)) - e9aa665b-a6cb-4a48-961e-4c04ffb0bb5a: GrpcServicesImpl started, listening on 15004
2025-07-14 14:59:56,626 [JvmPauseMonitor1] INFO  util.JvmPauseMonitor (JvmPauseMonitor.java:run(146)) - JvmPauseMonitor-e9aa665b-a6cb-4a48-961e-4c04ffb0bb5a: Started
2025-07-14 14:59:56,635 [main] INFO  ha.SCMHAManagerImpl (SCMHAManagerImpl.java:start(131)) -  scm role is FOLLOWER peers [e9aa665b-a6cb-4a48-961e-4c04ffb0bb5a|localhost:15004]
2025-07-14 14:59:56,636 [main] INFO  ha.InterSCMGrpcService (InterSCMGrpcProtocolService.java:start(98)) - Starting SCM Grpc Service at port 15005
2025-07-14 14:59:56,637 [main] INFO  SCMHATransactionMonitor (BackgroundSCMService.java:start(64)) - Starting SCMHATransactionMonitor Service.
2025-07-14 14:59:56,639 [main] INFO  ha.SCMServiceManager (SCMServiceManager.java:register(42)) - Registering service SCMHATransactionMonitor.
2025-07-14 14:59:56,639 [main] INFO  SCMHATransactionMonitor (BackgroundSCMService.java:start(61)) - SCMHATransactionMonitor Service is already running, skip start.
2025-07-14 14:59:56,681 [main] WARN  impl.MetricsConfig (MetricsConfig.java:loadFirst(138)) - Cannot locate configuration: tried hadoop-metrics2-storagecontainermanager.properties,hadoop-metrics2.properties
2025-07-14 14:59:56,689 [main] INFO  impl.MetricsSystemImpl (MetricsSystemImpl.java:startTimer(378)) - Scheduled Metric snapshot period at 10 second(s).
2025-07-14 14:59:56,689 [main] INFO  impl.MetricsSystemImpl (MetricsSystemImpl.java:start(191)) - StorageContainerManager metrics system started
2025-07-14 14:59:56,826 [main] INFO  server.SCMClientProtocolServer (SCMClientProtocolServer.java:start(209)) - RPC server for Client  is listening at /0.0.0.0:15000
2025-07-14 14:59:56,827 [IPC Server Responder] INFO  ipc.Server (Server.java:run(1713)) - IPC Server Responder: starting
2025-07-14 14:59:56,827 [IPC Server listener on 15000] INFO  ipc.Server (Server.java:run(1553)) - IPC Server listener on 15000: starting
2025-07-14 14:59:56,844 [main] INFO  server.StorageContainerManager (StorageContainerManager.java:start(1526)) - ScmBlockLocationProtocol RPC server is listening at /0.0.0.0:15001
2025-07-14 14:59:56,845 [main] INFO  server.SCMBlockProtocolServer (SCMBlockProtocolServer.java:start(166)) - RPC server for Block Protocol is listening at /0.0.0.0:15001
2025-07-14 14:59:56,845 [IPC Server Responder] INFO  ipc.Server (Server.java:run(1713)) - IPC Server Responder: starting
2025-07-14 14:59:56,845 [IPC Server listener on 15001] INFO  ipc.Server (Server.java:run(1553)) - IPC Server listener on 15001: starting
2025-07-14 14:59:56,862 [main] INFO  utils.BackgroundService (BackgroundService.java:start(118)) - Starting service SCMBlockDeletingService with interval 60000 milliseconds
2025-07-14 14:59:56,872 [main] INFO  http.BaseHttpServer (BaseHttpServer.java:newHttpServer2BuilderForOzone(229)) - Starting Web-server for scm at: http://0.0.0.0:15003
2025-07-14 14:59:56,872 [main] INFO  http.BaseHttpServer (BaseHttpServer.java:<init>(107)) - Hadoop Security Enabled: false Ozone Security Enabled: false Ozone HTTP Security Enabled: false 
2025-07-14 14:59:56,886 [main] INFO  util.log (Log.java:initialized(170)) - Logging initialized @6450ms to org.eclipse.jetty.util.log.Slf4jLog
2025-07-14 14:59:56,947 [main] WARN  server.AuthenticationFilter (AuthenticationFilter.java:constructSecretProvider(240)) - Unable to initialize FileSignerSecretProvider, falling back to use random secrets. Reason: Could not read signature secret file: /home/runner/hadoop-http-auth-signature-secret
2025-07-14 14:59:56,966 [main] INFO  http.HttpServer2 (HttpServer2.java:addGlobalFilter(1042)) - Added global filter 'safety' (class=org.apache.hadoop.hdds.server.http.HttpServer2$QuotingInputFilter)
2025-07-14 14:59:56,968 [main] INFO  http.HttpServer2 (HttpServer2.java:addFilter(1018)) - Added filter static_user_filter (class=org.apache.hadoop.http.lib.StaticUserWebFilter$StaticUserFilter) to context scm
2025-07-14 14:59:56,968 [main] INFO  http.HttpServer2 (HttpServer2.java:addFilter(1026)) - Added filter static_user_filter (class=org.apache.hadoop.http.lib.StaticUserWebFilter$StaticUserFilter) to context static
2025-07-14 14:59:56,968 [main] INFO  http.HttpServer2 (HttpServer2.java:addFilter(1026)) - Added filter static_user_filter (class=org.apache.hadoop.http.lib.StaticUserWebFilter$StaticUserFilter) to context logs
2025-07-14 14:59:56,989 [main] INFO  http.BaseHttpServer (BaseHttpServer.java:<init>(195)) - HTTP server of scm uses base directory /home/runner/work/ozone/ozone/hadoop-ozone/integration-test/target/test-dir/MiniOzoneClusterImpl-aaa7dc72-7fbf-48e0-acc5-129182712624/ozone-meta/webserver
2025-07-14 14:59:56,990 [main] INFO  http.HttpServer2 (HttpServer2.java:bindListener(1242)) - Jetty bound to port 15003
2025-07-14 14:59:56,991 [main] INFO  server.Server (Server.java:doStart(375)) - jetty-9.4.57.v20241219; built: 2025-01-08T21:24:30.412Z; git: df524e6b29271c2e09ba9aea83c18dc9db464a31; jvm 21.0.7+6-LTS
2025-07-14 14:59:57,009 [main] INFO  server.session (DefaultSessionIdManager.java:doStart(334)) - DefaultSessionIdManager workerName=node0
2025-07-14 14:59:57,010 [main] INFO  server.session (DefaultSessionIdManager.java:doStart(339)) - No SessionScavenger set, using defaults
2025-07-14 14:59:57,011 [main] INFO  server.session (HouseKeeper.java:startScavenging(132)) - node0 Scavenging every 660000ms
2025-07-14 14:59:57,019 [main] INFO  handler.ContextHandler (ContextHandler.java:doStart(921)) - Started o.e.j.s.ServletContextHandler@5776a9f8{logs,/logs,file:///home/runner/work/ozone/ozone/hadoop-ozone/integration-test/target/log,AVAILABLE}
2025-07-14 14:59:57,020 [main] INFO  handler.ContextHandler (ContextHandler.java:doStart(921)) - Started o.e.j.s.ServletContextHandler@2c750b69{static,/static,file:///home/runner/work/ozone/ozone/hadoop-ozone/integration-test/target/test-classes/webapps/static,AVAILABLE}
2025-07-14 14:59:57,052 [main] INFO  handler.ContextHandler (ContextHandler.java:doStart(921)) - Started o.e.j.w.WebAppContext@2f2a5064{scm,/,file:///home/runner/work/ozone/ozone/hadoop-ozone/integration-test/target/test-classes/webapps/scm/,AVAILABLE}{file:/home/runner/work/ozone/ozone/hadoop-ozone/integration-test/target/test-classes/webapps/scm}
2025-07-14 14:59:57,056 [main] INFO  server.AbstractConnector (AbstractConnector.java:doStart(333)) - Started ServerConnector@2cdd156b{HTTP/1.1, (http/1.1)}{0.0.0.0:15003}
2025-07-14 14:59:57,056 [main] INFO  server.Server (Server.java:doStart(415)) - Started @6620ms
2025-07-14 14:59:57,058 [main] INFO  impl.MetricsSinkAdapter (MetricsSinkAdapter.java:start(204)) - Sink prometheus started
2025-07-14 14:59:57,058 [main] INFO  impl.MetricsSystemImpl (MetricsSystemImpl.java:registerSink(305)) - Registered sink prometheus
2025-07-14 14:59:57,059 [main] INFO  http.BaseHttpServer (BaseHttpServer.java:updateConnectorAddress(359)) - HTTP server of scm listening at http://localhost:15003
2025-07-14 14:59:57,065 [main] WARN  server.ServerUtils (ServerUtils.java:getDBPath(292)) - ozone.om.db.dirs is not configured. We recommend adding this setting. Falling back to ozone.metadata.dirs instead.
2025-07-14 14:59:57,120 [main] INFO  audit.AuditLogger (AuditLogger.java:refreshDebugCmdSet(133)) - Refresh DebugCmdSet for OMAudit to [].
2025-07-14 14:59:57,136 [main] INFO  audit.AuditLogger (AuditLogger.java:refreshDebugCmdSet(133)) - Refresh DebugCmdSet for OMSystemAudit to [].
2025-07-14 14:59:57,174 [main] INFO  ha.OMHANodeDetails (OMHANodeDetails.java:loadOMHAConfig(113)) - ozone.om.internal.service.id is not defined, falling back to ozone.om.service.ids to find serviceID for OzoneManager if it is HA enabled cluster
2025-07-14 14:59:57,178 [main] INFO  ha.OMHANodeDetails (OMHANodeDetails.java:loadOMHAConfig(224)) - Configuration does not have ozone.om.address set. Falling back to the default OM address /127.0.0.1:15006
2025-07-14 14:59:57,178 [main] INFO  ha.OMHANodeDetails (OMHANodeDetails.java:getOMNodeDetailsForNonHA(252)) - OM Service ID is not set. Setting it to the default ID: omServiceIdDefault
2025-07-14 14:59:57,178 [main] INFO  ha.OMHANodeDetails (OMHANodeDetails.java:getOMNodeDetailsForNonHA(259)) - OM Node ID is not set. Setting it to the default ID: om1
2025-07-14 14:59:57,182 [main] WARN  server.ServerUtils (ServerUtils.java:getDBPath(292)) - ozone.om.db.dirs is not configured. We recommend adding this setting. Falling back to ozone.metadata.dirs instead.
2025-07-14 14:59:57,186 [main] INFO  upgrade.AbstractLayoutVersionManager (AbstractLayoutVersionManager.java:init(80)) - Initializing Layout version manager with metadata layout = DELEGATION_TOKEN_SYMMETRIC_SIGN (version = 8), software layout = DELEGATION_TOKEN_SYMMETRIC_SIGN (version = 8)
2025-07-14 14:59:57,293 [main] INFO  reflections.Reflections (Reflections.java:scan(219)) - Reflections took 106 ms to scan 2 urls, producing 211 keys and 622 values
2025-07-14 14:59:57,306 [main] INFO  upgrade.OMLayoutVersionManager (OMLayoutVersionManager.java:lambda$0(110)) - Skipping Upgrade Action QuotaRepairUpgradeAction since it has been finalized.
2025-07-14 14:59:57,307 [main] INFO  upgrade.OMLayoutVersionManager (OMLayoutVersionManager.java:lambda$0(110)) - Skipping Upgrade Action MockOmUpgradeAction since it has been finalized.
2025-07-14 14:59:57,309 [main] WARN  server.ServerUtils (ServerUtils.java:getDBPath(292)) - ozone.om.db.dirs is not configured. We recommend adding this setting. Falling back to ozone.metadata.dirs instead.
2025-07-14 14:59:57,314 [main] INFO  om.OzoneManager (OzoneManager.java:setReplicationFromConfig(4648)) - Set default replication in OM: RATIS/3 -> RATIS/THREE
2025-07-14 14:59:57,319 [main] INFO  proxy.SCMContainerLocationFailoverProxyProvider (SCMFailoverProxyProviderBase.java:<init>(120)) - Created fail-over proxy for protocol StorageContainerLocationProtocolPB with 1 nodes: [nodeId=scmNodeId,nodeAddress=/0.0.0.0:15000]
2025-07-14 14:59:57,345 [main] INFO  proxy.SCMBlockLocationFailoverProxyProvider (SCMFailoverProxyProviderBase.java:<init>(120)) - Created fail-over proxy for protocol ScmBlockLocationProtocolPB with 1 nodes: [nodeId=scmNodeId,nodeAddress=/0.0.0.0:15001]
2025-07-14 14:59:57,358 [main] INFO  proxy.SCMBlockLocationFailoverProxyProvider (SCMFailoverProxyProviderBase.java:<init>(120)) - Created fail-over proxy for protocol ScmBlockLocationProtocolPB with 1 nodes: [nodeId=scmNodeId,nodeAddress=/0.0.0.0:15001]
2025-07-14 14:59:57,766 [e9aa665b-a6cb-4a48-961e-4c04ffb0bb5a@group-129182712624-FollowerState] INFO  impl.FollowerState (FollowerState.java:runImpl(161)) - e9aa665b-a6cb-4a48-961e-4c04ffb0bb5a@group-129182712624-FollowerState: change to CANDIDATE, lastRpcElapsedTime:1150005141ns, electionTimeout:1149ms
2025-07-14 14:59:57,767 [e9aa665b-a6cb-4a48-961e-4c04ffb0bb5a@group-129182712624-FollowerState] INFO  impl.RoleInfo (RoleInfo.java:shutdownFollowerState(121)) - e9aa665b-a6cb-4a48-961e-4c04ffb0bb5a: shutdown e9aa665b-a6cb-4a48-961e-4c04ffb0bb5a@group-129182712624-FollowerState
2025-07-14 14:59:57,767 [e9aa665b-a6cb-4a48-961e-4c04ffb0bb5a@group-129182712624-FollowerState] INFO  server.RaftServer$Division (RaftServerImpl.java:setRole(392)) - e9aa665b-a6cb-4a48-961e-4c04ffb0bb5a@group-129182712624: changes role from  FOLLOWER to CANDIDATE at term 1 for changeToCandidate
2025-07-14 14:59:57,767 [e9aa665b-a6cb-4a48-961e-4c04ffb0bb5a@group-129182712624-FollowerState] INFO  impl.RoleInfo (RoleInfo.java:updateAndGet(148)) - e9aa665b-a6cb-4a48-961e-4c04ffb0bb5a: start e9aa665b-a6cb-4a48-961e-4c04ffb0bb5a@group-129182712624-LeaderElection2
2025-07-14 14:59:57,768 [e9aa665b-a6cb-4a48-961e-4c04ffb0bb5a@group-129182712624-LeaderElection2] INFO  impl.LeaderElection (LeaderElection.java:askForVotes(448)) - e9aa665b-a6cb-4a48-961e-4c04ffb0bb5a@group-129182712624-LeaderElection2 PRE_VOTE round 0: submit vote requests at term 1 for conf: {index: 0, cur=peers:[e9aa665b-a6cb-4a48-961e-4c04ffb0bb5a|localhost:15004]|listeners:[], old=null}
2025-07-14 14:59:57,768 [e9aa665b-a6cb-4a48-961e-4c04ffb0bb5a@group-129182712624-LeaderElection2] INFO  impl.LeaderElection (LeaderElection.java:askForVotes(450)) - e9aa665b-a6cb-4a48-961e-4c04ffb0bb5a@group-129182712624-LeaderElection2 PRE_VOTE round 0: result PASSED (term=1)
2025-07-14 14:59:57,770 [e9aa665b-a6cb-4a48-961e-4c04ffb0bb5a@group-129182712624-LeaderElection2] INFO  impl.LeaderElection (LeaderElection.java:askForVotes(448)) - e9aa665b-a6cb-4a48-961e-4c04ffb0bb5a@group-129182712624-LeaderElection2 ELECTION round 0: submit vote requests at term 2 for conf: {index: 0, cur=peers:[e9aa665b-a6cb-4a48-961e-4c04ffb0bb5a|localhost:15004]|listeners:[], old=null}
2025-07-14 14:59:57,770 [e9aa665b-a6cb-4a48-961e-4c04ffb0bb5a@group-129182712624-LeaderElection2] INFO  impl.LeaderElection (LeaderElection.java:askForVotes(450)) - e9aa665b-a6cb-4a48-961e-4c04ffb0bb5a@group-129182712624-LeaderElection2 ELECTION round 0: result PASSED (term=2)
2025-07-14 14:59:57,770 [e9aa665b-a6cb-4a48-961e-4c04ffb0bb5a@group-129182712624-LeaderElection2] INFO  impl.RoleInfo (RoleInfo.java:shutdownLeaderElection(141)) - e9aa665b-a6cb-4a48-961e-4c04ffb0bb5a: shutdown e9aa665b-a6cb-4a48-961e-4c04ffb0bb5a@group-129182712624-LeaderElection2
2025-07-14 14:59:57,770 [e9aa665b-a6cb-4a48-961e-4c04ffb0bb5a@group-129182712624-LeaderElection2] INFO  server.RaftServer$Division (RaftServerImpl.java:setRole(392)) - e9aa665b-a6cb-4a48-961e-4c04ffb0bb5a@group-129182712624: changes role from CANDIDATE to LEADER at term 2 for changeToLeader
2025-07-14 14:59:57,770 [e9aa665b-a6cb-4a48-961e-4c04ffb0bb5a@group-129182712624-LeaderElection2] INFO  server.RaftServerConfigKeys (ConfUtils.java:logFallback(69)) - raft.server.staging.timeout = 15600ms (fallback to raft.server.rpc.timeout.max)
2025-07-14 14:59:57,772 [e9aa665b-a6cb-4a48-961e-4c04ffb0bb5a@group-129182712624-LeaderElection2] INFO  impl.RoleInfo (RoleInfo.java:updateAndGet(148)) - e9aa665b-a6cb-4a48-961e-4c04ffb0bb5a: start e9aa665b-a6cb-4a48-961e-4c04ffb0bb5a@group-129182712624-LeaderStateImpl
2025-07-14 14:59:57,772 [e9aa665b-a6cb-4a48-961e-4c04ffb0bb5a@group-129182712624-LeaderElection2] INFO  server.RaftServer$Division (RaftServerImpl.java:setFirstElection(576)) - e9aa665b-a6cb-4a48-961e-4c04ffb0bb5a@group-129182712624: set firstElectionSinceStartup to false for becomeLeader
2025-07-14 14:59:57,772 [e9aa665b-a6cb-4a48-961e-4c04ffb0bb5a@group-129182712624-LeaderElection2] INFO  ha.SCMStateMachine (SCMStateMachine.java:notifyLeaderChanged(293)) - current SCM becomes leader of term 2.
2025-07-14 14:59:57,772 [e9aa665b-a6cb-4a48-961e-4c04ffb0bb5a@group-129182712624-LeaderElection2] INFO  ha.SCMContext (SCMContext.java:updateLeaderAndTerm(95)) - update <isLeader,term> from <false,0> to <true,2>
2025-07-14 14:59:57,774 [e9aa665b-a6cb-4a48-961e-4c04ffb0bb5a@group-129182712624-LeaderElection2] INFO  server.RaftServer$Division (ServerState.java:setLeader(272)) - e9aa665b-a6cb-4a48-961e-4c04ffb0bb5a@group-129182712624: change Leader from null to e9aa665b-a6cb-4a48-961e-4c04ffb0bb5a at term 2 for becomeLeader, leader elected after 1985ms
2025-07-14 14:59:57,775 [e9aa665b-a6cb-4a48-961e-4c04ffb0bb5a@group-129182712624-LeaderElection2] INFO  segmented.SegmentedRaftLogWorker (SegmentedRaftLogWorker.java:rollLogSegment(445)) - e9aa665b-a6cb-4a48-961e-4c04ffb0bb5a@group-129182712624-SegmentedRaftLogWorker: Rolling segment log-0_0 to index:0
2025-07-14 14:59:57,776 [e9aa665b-a6cb-4a48-961e-4c04ffb0bb5a@group-129182712624-LeaderElection2] INFO  server.RaftServer$Division (ServerState.java:setRaftConf(386)) - e9aa665b-a6cb-4a48-961e-4c04ffb0bb5a@group-129182712624: set configuration conf: {index: 1, cur=peers:[e9aa665b-a6cb-4a48-961e-4c04ffb0bb5a|localhost:15004]|listeners:[], old=null}
2025-07-14 14:59:57,776 [e9aa665b-a6cb-4a48-961e-4c04ffb0bb5a@group-129182712624-SegmentedRaftLogWorker] INFO  segmented.SegmentedRaftLogWorker (SegmentedRaftLogWorker.java:execute(604)) - e9aa665b-a6cb-4a48-961e-4c04ffb0bb5a@group-129182712624-SegmentedRaftLogWorker: Rolled log segment from /home/runner/work/ozone/ozone/hadoop-ozone/integration-test/target/test-dir/MiniOzoneClusterImpl-aaa7dc72-7fbf-48e0-acc5-129182712624/ozone-meta/scm-ha/aaa7dc72-7fbf-48e0-acc5-129182712624/current/log_inprogress_0 to /home/runner/work/ozone/ozone/hadoop-ozone/integration-test/target/test-dir/MiniOzoneClusterImpl-aaa7dc72-7fbf-48e0-acc5-129182712624/ozone-meta/scm-ha/aaa7dc72-7fbf-48e0-acc5-129182712624/current/log_0-0
2025-07-14 14:59:57,778 [e9aa665b-a6cb-4a48-961e-4c04ffb0bb5a@group-129182712624-SegmentedRaftLogWorker] INFO  segmented.BufferedWriteChannel (BufferedWriteChannel.java:open(61)) - open log_inprogress_1 at position 0
2025-07-14 14:59:57,787 [e9aa665b-a6cb-4a48-961e-4c04ffb0bb5a@group-129182712624-SegmentedRaftLogWorker] INFO  segmented.SegmentedRaftLogWorker (SegmentedRaftLogWorker.java:execute(647)) - e9aa665b-a6cb-4a48-961e-4c04ffb0bb5a@group-129182712624-SegmentedRaftLogWorker: created new log segment /home/runner/work/ozone/ozone/hadoop-ozone/integration-test/target/test-dir/MiniOzoneClusterImpl-aaa7dc72-7fbf-48e0-acc5-129182712624/ozone-meta/scm-ha/aaa7dc72-7fbf-48e0-acc5-129182712624/current/log_inprogress_1
2025-07-14 14:59:57,790 [e9aa665b-a6cb-4a48-961e-4c04ffb0bb5a@group-129182712624-StateMachineUpdater] INFO  server.RaftServer$Division (LeaderStateImpl.java:checkStartIndex(309)) - Leader e9aa665b-a6cb-4a48-961e-4c04ffb0bb5a@group-129182712624-LeaderStateImpl is ready since appliedIndex == startIndex == 1
2025-07-14 14:59:57,790 [e9aa665b-a6cb-4a48-961e-4c04ffb0bb5a@group-129182712624-StateMachineUpdater] INFO  ha.SCMContext (SCMContext.java:setLeaderReady(122)) - update <isLeaderReady> from <false> to <true>
2025-07-14 14:59:57,790 [e9aa665b-a6cb-4a48-961e-4c04ffb0bb5a@group-129182712624-StateMachineUpdater] INFO  pipeline.BackgroundPipelineCreator (BackgroundPipelineCreator.java:notifyStatusChanged(268)) - Service BackgroundPipelineCreator transitions to RUNNING.
2025-07-14 14:59:57,791 [e9aa665b-a6cb-4a48-961e-4c04ffb0bb5a@group-129182712624-StateMachineUpdater] INFO  safemode.RatisContainerSafeModeRule (RatisContainerSafeModeRule.java:initializeRule(160)) - Refreshed Containers with one replica threshold count 0.
2025-07-14 14:59:57,792 [e9aa665b-a6cb-4a48-961e-4c04ffb0bb5a@group-129182712624-StateMachineUpdater] INFO  safemode.HealthyPipelineSafeModeRule (HealthyPipelineSafeModeRule.java:initializeRule(228)) - Refreshed total pipeline count is 0, healthy pipeline threshold count is 1
2025-07-14 14:59:57,792 [e9aa665b-a6cb-4a48-961e-4c04ffb0bb5a@group-129182712624-StateMachineUpdater] INFO  safemode.ECContainerSafeModeRule (ECContainerSafeModeRule.java:initializeRule(204)) - Refreshed Containers with ec n replica threshold count 0.
2025-07-14 14:59:57,792 [e9aa665b-a6cb-4a48-961e-4c04ffb0bb5a@group-129182712624-StateMachineUpdater] INFO  safemode.OneReplicaPipelineSafeModeRule (OneReplicaPipelineSafeModeRule.java:initializeRule(186)) - Refreshed Total pipeline count is 0, pipeline's with at least one datanode reported threshold count is 0
2025-07-14 14:59:57,792 [e9aa665b-a6cb-4a48-961e-4c04ffb0bb5a@group-129182712624-StateMachineUpdater] INFO  server.SCMDatanodeProtocolServer (SCMDatanodeProtocolServer.java:start(195)) - ScmDatanodeProtocol RPC server for DataNodes is listening at /0.0.0.0:15002
2025-07-14 14:59:57,793 [IPC Server Responder] INFO  ipc.Server (Server.java:run(1713)) - IPC Server Responder: starting
2025-07-14 14:59:57,793 [IPC Server listener on 15002] INFO  ipc.Server (Server.java:run(1553)) - IPC Server listener on 15002: starting
2025-07-14 14:59:59,537 [main] INFO  om.OzoneManager (OzoneManager.java:<init>(681)) - OM start with adminUsers: [admin, runner]
2025-07-14 14:59:59,560 [main] WARN  server.ServerUtils (ServerUtils.java:getDBPath(292)) - ozone.om.db.dirs is not configured. We recommend adding this setting. Falling back to ozone.metadata.dirs instead.
2025-07-14 14:59:59,667 [main] INFO  utils.NativeLibraryLoader (NativeLibraryLoader.java:loadLibrary(120)) - Loading Library: ozone_rocksdb_tools
2025-07-14 14:59:59,959 [main] INFO  om.OzoneManager (OzoneManager.java:instantiateServices(925)) - S3 Multi-Tenancy is disabled
2025-07-14 14:59:59,980 [main] INFO  om.OmSnapshotManager (OmSnapshotManager.java:<init>(190)) - Ozone filesystem snapshot feature is enabled.
2025-07-14 14:59:59,989 [main] WARN  server.ServerUtils (ServerUtils.java:getDBPath(292)) - ozone.om.snapshot.diff.db.dir is not configured. We recommend adding this setting. Falling back to ozone.metadata.dirs instead.
2025-07-14 15:00:00,029 [main] INFO  utils.BackgroundService (BackgroundService.java:start(118)) - Starting service SnapshotDiffCleanupService with interval 60000 milliseconds
2025-07-14 15:00:00,080 [main] INFO  om.OzoneManager (OzoneManager.java:addS3GVolumeToDB(4706)) - Created Volume s3v With Owner runner required for S3Gateway operations.
2025-07-14 15:00:00,128 [main] WARN  server.ServerUtils (ServerUtils.java:getDefaultRatisDirectory(304)) - Storage directory for Ratis is not configured. It is a good idea to map this to an SSD disk. Falling back to ozone.metadata.dirs
2025-07-14 15:00:00,128 [main] WARN  utils.OzoneManagerRatisUtils (OzoneManagerRatisUtils.java:getOMRatisSnapshotDirectory(488)) - ozone.om.ratis.snapshot.dir is not configured. Falling back to ozone.metadata.dirs config
2025-07-14 15:00:00,132 [main] WARN  dropwizard3.Dm3MetricRegistriesImpl (Dm3MetricRegistriesImpl.java:addReporterRegistration(114)) - New reporters are added after registries were created. Some metrics will be missing from the reporter. Please add reporter before adding any new registry.
2025-07-14 15:00:00,132 [main] WARN  dropwizard3.Dm3MetricRegistriesImpl (Dm3MetricRegistriesImpl.java:addReporterRegistration(114)) - New reporters are added after registries were created. Some metrics will be missing from the reporter. Please add reporter before adding any new registry.
2025-07-14 15:00:00,133 [main] WARN  server.ServerUtils (ServerUtils.java:getDefaultRatisDirectory(304)) - Storage directory for Ratis is not configured. It is a good idea to map this to an SSD disk. Falling back to ozone.metadata.dirs
2025-07-14 15:00:00,133 [main] INFO  server.RaftServerConfigKeys (ConfUtils.java:logGet(62)) - raft.server.log.appender.buffer.byte-limit = 4194304 (custom)
2025-07-14 15:00:00,136 [main] INFO  ratis.OzoneManagerRatisServer (OzoneManagerRatisServer.java:<init>(167)) - Instantiating OM Ratis server with groupID: omServiceIdDefault and peers: localhost:15009
2025-07-14 15:00:00,139 [main] INFO  ratis.OzoneManagerStateMachine (OzoneManagerStateMachine.java:loadSnapshotInfoFromDB(618)) - TransactionInfo not found in OM DB.
2025-07-14 15:00:00,170 [main] INFO  grpc.GrpcConfigKeys (ConfUtils.java:logFallback(69)) - raft.grpc.admin.host = null (fallback to raft.grpc.server.host)
2025-07-14 15:00:00,171 [main] INFO  grpc.GrpcConfigKeys (ConfUtils.java:logFallback(69)) - raft.grpc.admin.port = 15009 (fallback to raft.grpc.server.port)
2025-07-14 15:00:00,171 [main] INFO  grpc.GrpcConfigKeys (ConfUtils.java:logFallback(69)) - raft.grpc.client.host = null (fallback to raft.grpc.server.host)
2025-07-14 15:00:00,171 [main] INFO  grpc.GrpcConfigKeys (ConfUtils.java:logFallback(69)) - raft.grpc.client.port = 15009 (fallback to raft.grpc.server.port)
2025-07-14 15:00:00,171 [main] INFO  grpc.GrpcConfigKeys (ConfUtils.java:logGet(62)) - raft.grpc.server.port = 15009 (custom)
2025-07-14 15:00:00,171 [main] INFO  server.GrpcServicesImpl (ConfUtils.java:logGet(62)) - raft.grpc.message.size.max = 5242880 (custom)
2025-07-14 15:00:00,172 [main] INFO  server.RaftServerConfigKeys (ConfUtils.java:logGet(62)) - raft.server.rpc.request.timeout = 3000ms (default)
2025-07-14 15:00:00,172 [main] INFO  server.RaftServerConfigKeys (ConfUtils.java:logGet(62)) - raft.server.log.appender.buffer.byte-limit = 4194304 (custom)
2025-07-14 15:00:00,173 [main] INFO  server.RaftServerConfigKeys (ConfUtils.java:logGet(62)) - raft.server.storage.dir = [/home/runner/work/ozone/ozone/hadoop-ozone/integration-test/target/test-dir/MiniOzoneClusterImpl-aaa7dc72-7fbf-48e0-acc5-129182712624/ozone-meta/ratis] (custom)
2025-07-14 15:00:00,174 [main] INFO  server.RaftServer (RaftServerProxy.java:addNew(105)) - om1: addNew group-C5BA1605619E:[om1|localhost:15009] returns group-C5BA1605619E:java.util.concurrent.CompletableFuture@13bea51d[Not completed]
2025-07-14 15:00:00,174 [main] INFO  om.OzoneManager (OzoneManager.java:initializeRatisServer(2336)) - OzoneManager Ratis server initialized at port 15009
2025-07-14 15:00:00,174 [om1-groupManagement] INFO  server.RaftServer$Division (RaftServerImpl.java:<init>(268)) - om1: new RaftServerImpl for group-C5BA1605619E:[om1|localhost:15009] with OzoneManagerStateMachine:uninitialized
2025-07-14 15:00:00,175 [om1-groupManagement] INFO  server.RaftServerConfigKeys (ConfUtils.java:logGet(62)) - raft.server.rpc.timeout.min = 1s (custom)
2025-07-14 15:00:00,175 [om1-groupManagement] INFO  server.RaftServerConfigKeys (ConfUtils.java:logGet(62)) - raft.server.rpc.timeout.max = 1200ms (custom)
2025-07-14 15:00:00,175 [om1-groupManagement] INFO  server.RaftServer$Division (ServerState.java:<init>(114)) - om1@group-C5BA1605619E: ConfigurationManager, init=conf: {index: -1, cur=peers:[om1|localhost:15009]|listeners:[], old=null}, confs=<EMPTY_MAP>
2025-07-14 15:00:00,176 [om1-groupManagement] INFO  server.RaftServerConfigKeys (ConfUtils.java:logGet(62)) - raft.server.notification.no-leader.timeout = 120s (custom)
2025-07-14 15:00:00,176 [om1-groupManagement] INFO  server.RaftServerConfigKeys (ConfUtils.java:logGet(62)) - raft.server.retrycache.expirytime = 300s (custom)
2025-07-14 15:00:00,182 [main] INFO  om.OzoneManager (OzoneManager.java:getRpcServer(1388)) - Creating RPC Server
2025-07-14 15:00:01,148 [main] INFO  reflections.Reflections (Reflections.java:scan(219)) - Reflections took 931 ms to scan 24 urls, producing 60 keys and 7739 values
2025-07-14 15:00:01,277 [main] INFO  ipc.CallQueueManager (CallQueueManager.java:<init>(93)) - Using callQueue: class java.util.concurrent.LinkedBlockingQueue, queueCapacity: 2000, scheduler: class org.apache.hadoop.ipc.DefaultRpcScheduler, ipcBackoff: false, ipcFailOver: false.
2025-07-14 15:00:01,278 [main] INFO  ipc.Server (Server.java:<init>(1438)) - Listener at 127.0.0.1:15006
2025-07-14 15:00:01,279 [Socket Reader #1 for port 15006] INFO  ipc.Server (Server.java:run(1474)) - Starting Socket Reader #1 for port 15006
2025-07-14 15:00:01,279 [Socket Reader #3 for port 15006] INFO  ipc.Server (Server.java:run(1474)) - Starting Socket Reader #3 for port 15006
2025-07-14 15:00:01,280 [Socket Reader #4 for port 15006] INFO  ipc.Server (Server.java:run(1474)) - Starting Socket Reader #4 for port 15006
2025-07-14 15:00:01,280 [Socket Reader #2 for port 15006] INFO  ipc.Server (Server.java:run(1474)) - Starting Socket Reader #2 for port 15006
2025-07-14 15:00:01,280 [Socket Reader #5 for port 15006] INFO  ipc.Server (Server.java:run(1474)) - Starting Socket Reader #5 for port 15006
2025-07-14 15:00:01,280 [Socket Reader #6 for port 15006] INFO  ipc.Server (Server.java:run(1474)) - Starting Socket Reader #6 for port 15006
2025-07-14 15:00:01,281 [Socket Reader #8 for port 15006] INFO  ipc.Server (Server.java:run(1474)) - Starting Socket Reader #8 for port 15006
2025-07-14 15:00:01,280 [Socket Reader #7 for port 15006] INFO  ipc.Server (Server.java:run(1474)) - Starting Socket Reader #7 for port 15006
2025-07-14 15:00:01,282 [Socket Reader #9 for port 15006] INFO  ipc.Server (Server.java:run(1474)) - Starting Socket Reader #9 for port 15006
2025-07-14 15:00:01,282 [Socket Reader #10 for port 15006] INFO  ipc.Server (Server.java:run(1474)) - Starting Socket Reader #10 for port 15006
2025-07-14 15:00:01,303 [main] INFO  impl.MetricsSystemImpl (MetricsSystemImpl.java:init(158)) - OzoneManager metrics system started (again)
2025-07-14 15:00:01,317 [main] INFO  om.OzoneManager (OzoneManager.java:start(1820)) - OzoneManager RPC server is listening at localhost/127.0.0.1:15006
2025-07-14 15:00:01,317 [main] INFO  ratis.OzoneManagerRatisServer (OzoneManagerRatisServer.java:start(628)) - Starting OzoneManagerRatisServer om1 at port 15009
2025-07-14 15:00:01,318 [om1-impl-thread1] INFO  storage.RaftStorageDirectory (RaftStorageDirectoryImpl.java:analyzeStorage(138)) - The storage directory /home/runner/work/ozone/ozone/hadoop-ozone/integration-test/target/test-dir/MiniOzoneClusterImpl-aaa7dc72-7fbf-48e0-acc5-129182712624/ozone-meta/ratis/bf265839-605b-3f16-9796-c5ba1605619e does not exist. Creating ...
2025-07-14 15:00:01,319 [om1-impl-thread1] INFO  storage.RaftStorageDirectory (RaftStorageDirectoryImpl.java:tryLock(229)) - Lock on /home/runner/work/ozone/ozone/hadoop-ozone/integration-test/target/test-dir/MiniOzoneClusterImpl-aaa7dc72-7fbf-48e0-acc5-129182712624/ozone-meta/ratis/bf265839-605b-3f16-9796-c5ba1605619e/in_use.lock acquired by nodename 18082@localhost
2025-07-14 15:00:01,320 [om1-impl-thread1] INFO  storage.RaftStorage (RaftStorageImpl.java:format(98)) - Storage directory /home/runner/work/ozone/ozone/hadoop-ozone/integration-test/target/test-dir/MiniOzoneClusterImpl-aaa7dc72-7fbf-48e0-acc5-129182712624/ozone-meta/ratis/bf265839-605b-3f16-9796-c5ba1605619e has been successfully formatted.
2025-07-14 15:00:01,320 [om1-impl-thread1] INFO  ratis.OzoneManagerStateMachine (OzoneManagerStateMachine.java:lambda$0(138)) - om1: initialize group-C5BA1605619E with <INITIAL_VALUE>
2025-07-14 15:00:01,321 [om1-impl-thread1] INFO  server.RaftServerConfigKeys (ConfUtils.java:logGet(62)) - raft.server.log.appender.buffer.byte-limit = 4194304 (custom)
2025-07-14 15:00:01,323 [om1-impl-thread1] INFO  server.RaftServerConfigKeys (ConfUtils.java:logGet(62)) - raft.server.log.segment.size.max = 4194304 (custom)
2025-07-14 15:00:01,323 [om1-impl-thread1] INFO  server.RaftServerConfigKeys (ConfUtils.java:logGet(62)) - raft.server.log.appender.buffer.byte-limit = 4194304 (custom)
2025-07-14 15:00:01,324 [om1-impl-thread1] INFO  util.AwaitToRun (AwaitToRun.java:start(81)) - Thread[#462,om1@group-C5BA1605619E-cacheEviction-AwaitToRun,5,main] started
2025-07-14 15:00:01,324 [om1-impl-thread1] INFO  segmented.SegmentedRaftLogWorker (SegmentedRaftLogWorker.java:<init>(190)) - new om1@group-C5BA1605619E-SegmentedRaftLogWorker for RaftStorageImpl:Storage Directory /home/runner/work/ozone/ozone/hadoop-ozone/integration-test/target/test-dir/MiniOzoneClusterImpl-aaa7dc72-7fbf-48e0-acc5-129182712624/ozone-meta/ratis/bf265839-605b-3f16-9796-c5ba1605619e
2025-07-14 15:00:01,324 [om1-impl-thread1] INFO  server.RaftServerConfigKeys (ConfUtils.java:logGet(62)) - raft.server.log.segment.size.max = 4194304 (custom)
2025-07-14 15:00:01,324 [om1-impl-thread1] INFO  server.RaftServerConfigKeys (ConfUtils.java:logGet(62)) - raft.server.log.preallocated.size = 4194304 (custom)
2025-07-14 15:00:01,325 [om1-impl-thread1] INFO  server.RaftServerConfigKeys (ConfUtils.java:logGet(62)) - raft.server.log.write.buffer.size = 4194312 (custom)
2025-07-14 15:00:01,326 [om1-impl-thread1] INFO  server.RaftServerConfigKeys (ConfUtils.java:logGet(62)) - raft.server.log.appender.buffer.byte-limit = 4194304 (custom)
2025-07-14 15:00:01,326 [om1-impl-thread1] INFO  segmented.SegmentedRaftLogWorker (SegmentedRaftLogWorker.java:lambda$new$0(141)) - om1@group-C5BA1605619E-SegmentedRaftLogWorker: flushIndex: setUnconditionally 0 -> -1
2025-07-14 15:00:01,327 [om1-impl-thread1] INFO  segmented.SegmentedRaftLogWorker (SegmentedRaftLogWorker.java:lambda$new$0(141)) - om1@group-C5BA1605619E-SegmentedRaftLogWorker: safeCacheEvictIndex: setUnconditionally 0 -> -1
2025-07-14 15:00:01,327 [om1-impl-thread1] INFO  server.RaftServer$Division (RaftServerImpl.java:start(405)) - om1@group-C5BA1605619E: start as a follower, conf=conf: {index: -1, cur=peers:[om1|localhost:15009]|listeners:[], old=null}
2025-07-14 15:00:01,327 [om1-impl-thread1] INFO  server.RaftServer$Division (RaftServerImpl.java:setRole(392)) - om1@group-C5BA1605619E: changes role from      null to FOLLOWER at term 0 for startAsFollower
2025-07-14 15:00:01,327 [om1-impl-thread1] INFO  impl.RoleInfo (RoleInfo.java:updateAndGet(148)) - om1: start om1@group-C5BA1605619E-FollowerState
2025-07-14 15:00:01,328 [om1@group-C5BA1605619E-FollowerState] INFO  server.RaftServerConfigKeys (ConfUtils.java:logFallback(69)) - raft.server.rpc.first-election.timeout.min = 1s (fallback to raft.server.rpc.timeout.min)
2025-07-14 15:00:01,328 [om1-impl-thread1] INFO  util.JmxRegister (JmxRegister.java:tryRegister(44)) - Successfully registered JMX Bean with object name Ratis:service=RaftServer,group=group-C5BA1605619E,id=om1
2025-07-14 15:00:01,328 [om1@group-C5BA1605619E-FollowerState] INFO  server.RaftServerConfigKeys (ConfUtils.java:logFallback(69)) - raft.server.rpc.first-election.timeout.max = 1200ms (fallback to raft.server.rpc.timeout.max)
2025-07-14 15:00:01,328 [om1-impl-thread1] INFO  util.JmxRegister (JmxRegister.java:register(58)) - register mxBean class org.apache.ratis.server.impl.RaftServerJmxAdapter as Ratis:service=RaftServer,group=group-C5BA1605619E,id=om1
2025-07-14 15:00:01,328 [om1-impl-thread1] INFO  server.RaftServerConfigKeys (ConfUtils.java:logGet(62)) - raft.server.snapshot.auto.trigger.threshold = 400000 (default)
2025-07-14 15:00:01,328 [om1-impl-thread1] INFO  server.RaftServerConfigKeys (ConfUtils.java:logGet(62)) - raft.server.log.purge.upto.snapshot.index = true (custom)
2025-07-14 15:00:01,329 [om1-impl-thread1] INFO  server.RaftServer$Division (RaftServerImpl.java:start(419)) - om1@group-C5BA1605619E: Successfully started.
2025-07-14 15:00:01,329 [main] INFO  server.RaftServer (RaftServerProxy.java:startImpl(412)) - om1: start RPC server
2025-07-14 15:00:01,330 [main] INFO  server.GrpcServicesImpl (GrpcServicesImpl.java:startImpl(346)) - om1: GrpcServicesImpl started, listening on 15009
2025-07-14 15:00:01,331 [main] INFO  om.OzoneManager (OzoneManager.java:start(1835)) - Version File has different layout version (8) than OM DB (null). That is expected if this OM has never been finalized to a newer layout version.
2025-07-14 15:00:01,331 [JvmPauseMonitor2] INFO  util.JvmPauseMonitor (JvmPauseMonitor.java:run(146)) - JvmPauseMonitor-om1: Started
2025-07-14 15:00:01,343 [main] INFO  client.ScmTopologyClient (ScmTopologyClient.java:start(70)) - Initial network topology fetched from SCM: /.
2025-07-14 15:00:01,343 [main] INFO  net.NodeSchemaLoader (NodeSchemaLoader.java:loadSchemaFromFile(128)) - Loading schema from [jar:file:/home/runner/work/ozone/ozone/hadoop-hdds/common/target/hdds-common-2.1.0-SNAPSHOT.jar!/network-topology-default.xml]
2025-07-14 15:00:01,344 [main] INFO  net.NodeSchemaLoader (NodeSchemaLoader.java:loadSchema(175)) - Loading network topology layer schema file
2025-07-14 15:00:01,350 [main] INFO  utils.BackgroundService (BackgroundService.java:start(118)) - Starting service KeyDeletingService with interval 60000 milliseconds
2025-07-14 15:00:01,353 [main] INFO  utils.BackgroundService (BackgroundService.java:start(118)) - Starting service DirectoryDeletingService with interval 120000 milliseconds
2025-07-14 15:00:01,354 [main] INFO  utils.BackgroundService (BackgroundService.java:start(118)) - Starting service OpenKeyCleanupService with interval 86400000 milliseconds
2025-07-14 15:00:01,356 [main] INFO  utils.BackgroundService (BackgroundService.java:start(118)) - Starting service SstFilteringService with interval 60000 milliseconds
2025-07-14 15:00:01,359 [main] INFO  utils.BackgroundService (BackgroundService.java:start(118)) - Starting service SnapshotDeletingService with interval 30000 milliseconds
2025-07-14 15:00:01,359 [main] INFO  utils.BackgroundService (BackgroundService.java:start(118)) - Starting service MultipartUploadCleanupService with interval 86400000 milliseconds
2025-07-14 15:00:01,362 [main] INFO  http.BaseHttpServer (BaseHttpServer.java:newHttpServer2BuilderForOzone(229)) - Starting Web-server for ozoneManager at: http://0.0.0.0:15007
2025-07-14 15:00:01,362 [main] INFO  http.BaseHttpServer (BaseHttpServer.java:<init>(107)) - Hadoop Security Enabled: false Ozone Security Enabled: false Ozone HTTP Security Enabled: false 
2025-07-14 15:00:01,363 [main] WARN  server.AuthenticationFilter (AuthenticationFilter.java:constructSecretProvider(240)) - Unable to initialize FileSignerSecretProvider, falling back to use random secrets. Reason: Could not read signature secret file: /home/runner/hadoop-http-auth-signature-secret
2025-07-14 15:00:01,366 [main] INFO  http.HttpServer2 (HttpServer2.java:addGlobalFilter(1042)) - Added global filter 'safety' (class=org.apache.hadoop.hdds.server.http.HttpServer2$QuotingInputFilter)
2025-07-14 15:00:01,367 [main] INFO  http.HttpServer2 (HttpServer2.java:addFilter(1018)) - Added filter static_user_filter (class=org.apache.hadoop.http.lib.StaticUserWebFilter$StaticUserFilter) to context ozoneManager
2025-07-14 15:00:01,367 [main] INFO  http.HttpServer2 (HttpServer2.java:addFilter(1026)) - Added filter static_user_filter (class=org.apache.hadoop.http.lib.StaticUserWebFilter$StaticUserFilter) to context static
2025-07-14 15:00:01,367 [main] INFO  http.HttpServer2 (HttpServer2.java:addFilter(1026)) - Added filter static_user_filter (class=org.apache.hadoop.http.lib.StaticUserWebFilter$StaticUserFilter) to context logs
2025-07-14 15:00:01,368 [main] INFO  http.BaseHttpServer (BaseHttpServer.java:<init>(195)) - HTTP server of ozoneManager uses base directory /home/runner/work/ozone/ozone/hadoop-ozone/integration-test/target/test-dir/MiniOzoneClusterImpl-aaa7dc72-7fbf-48e0-acc5-129182712624/ozone-meta/webserver
2025-07-14 15:00:01,371 [main] INFO  http.HttpServer2 (HttpServer2.java:bindListener(1242)) - Jetty bound to port 15007
2025-07-14 15:00:01,371 [main] INFO  server.Server (Server.java:doStart(375)) - jetty-9.4.57.v20241219; built: 2025-01-08T21:24:30.412Z; git: df524e6b29271c2e09ba9aea83c18dc9db464a31; jvm 21.0.7+6-LTS
2025-07-14 15:00:01,373 [main] INFO  server.session (DefaultSessionIdManager.java:doStart(334)) - DefaultSessionIdManager workerName=node0
2025-07-14 15:00:01,374 [main] INFO  server.session (DefaultSessionIdManager.java:doStart(339)) - No SessionScavenger set, using defaults
2025-07-14 15:00:01,374 [main] INFO  server.session (HouseKeeper.java:startScavenging(132)) - node0 Scavenging every 660000ms
2025-07-14 15:00:01,376 [main] INFO  handler.ContextHandler (ContextHandler.java:doStart(921)) - Started o.e.j.s.ServletContextHandler@6e0b851e{logs,/logs,file:///home/runner/work/ozone/ozone/hadoop-ozone/integration-test/target/log,AVAILABLE}
2025-07-14 15:00:01,377 [main] INFO  handler.ContextHandler (ContextHandler.java:doStart(921)) - Started o.e.j.s.ServletContextHandler@1d6f8bad{static,/static,file:///home/runner/work/ozone/ozone/hadoop-ozone/integration-test/target/test-classes/webapps/static,AVAILABLE}
2025-07-14 15:00:01,391 [main] INFO  handler.ContextHandler (ContextHandler.java:doStart(921)) - Started o.e.j.w.WebAppContext@6e0576da{ozoneManager,/,file:///home/runner/work/ozone/ozone/hadoop-ozone/integration-test/target/test-classes/webapps/ozoneManager/,AVAILABLE}{file:/home/runner/work/ozone/ozone/hadoop-ozone/integration-test/target/test-classes/webapps/ozoneManager}
2025-07-14 15:00:01,392 [main] INFO  server.AbstractConnector (AbstractConnector.java:doStart(333)) - Started ServerConnector@58c4d427{HTTP/1.1, (http/1.1)}{0.0.0.0:15007}
2025-07-14 15:00:01,392 [main] INFO  server.Server (Server.java:doStart(415)) - Started @10956ms
2025-07-14 15:00:01,393 [main] WARN  impl.MetricsSystemImpl (MetricsSystemImpl.java:register(279)) - Sink prometheus already exists!
2025-07-14 15:00:01,393 [main] INFO  http.BaseHttpServer (BaseHttpServer.java:updateConnectorAddress(359)) - HTTP server of ozoneManager listening at http://localhost:15007
2025-07-14 15:00:01,393 [IPC Server Responder] INFO  ipc.Server (Server.java:run(1713)) - IPC Server Responder: starting
2025-07-14 15:00:01,394 [IPC Server listener on 15006] INFO  ipc.Server (Server.java:run(1553)) - IPC Server listener on 15006: starting
2025-07-14 15:00:01,398 [main] INFO  om.OzoneManager (OzoneManager.java:startTrashEmptier(2290)) - Trash Interval set to 0. Files deleted won't move to trash
2025-07-14 15:00:01,410 [main] INFO  db.CodecBuffer (CodecBuffer.java:set(85)) - Successfully set constructor to LeakDetector::newCodecBuffer: org.apache.hadoop.hdds.utils.db.CodecBuffer$$Lambda/0x00007f80507b5758@7fba1751
2025-07-14 15:00:01,489 [main] WARN  dropwizard3.Dm3MetricRegistriesImpl (Dm3MetricRegistriesImpl.java:addReporterRegistration(114)) - New reporters are added after registries were created. Some metrics will be missing from the reporter. Please add reporter before adding any new registry.
2025-07-14 15:00:01,490 [main] WARN  dropwizard3.Dm3MetricRegistriesImpl (Dm3MetricRegistriesImpl.java:addReporterRegistration(114)) - New reporters are added after registries were created. Some metrics will be missing from the reporter. Please add reporter before adding any new registry.
2025-07-14 15:00:01,490 [main] INFO  impl.MetricsSystemImpl (MetricsSystemImpl.java:init(158)) - HddsDatanode metrics system started (again)
2025-07-14 15:00:01,510 [main] INFO  protocol.DatanodeDetails (DatanodeDetails.java:validateDatanodeIpAddress(199)) - Updating IP address of datanode 311b5faf-4d73-479d-9d03-a3296c64f810(localhost/null) to 127.0.0.1
2025-07-14 15:00:01,511 [main] INFO  ozone.HddsDatanodeService (HddsDatanodeService.java:start(236)) - HddsDatanodeService 311b5faf-4d73-479d-9d03-a3296c64f810(localhost/127.0.0.1)
2025-07-14 15:00:01,516 [main] INFO  upgrade.AbstractLayoutVersionManager (AbstractLayoutVersionManager.java:init(80)) - Initializing Layout version manager with metadata layout = HBASE_SUPPORT (version = 8), software layout = HBASE_SUPPORT (version = 8)
2025-07-14 15:00:01,518 [main] INFO  statemachine.DatanodeStateMachine (DatanodeStateMachine.java:getEndPointTaskThreadPoolSize(305)) - Datanode State Machine Task Thread Pool size 2
2025-07-14 15:00:01,561 [main] INFO  volume.HddsVolume (HddsVolume.java:<init>(162)) - HddsVolume: { id=DS-ed4401e3-b184-40b5-b4e9-07dfc4842049 dir=/home/runner/work/ozone/ozone/hadoop-ozone/integration-test/target/test-dir/MiniOzoneClusterImpl-aaa7dc72-7fbf-48e0-acc5-129182712624/ozone-meta/datanode-1/data-0/hdds type=DISK capacity=9222449699674390527 used=0 available=9222449699674390527 minFree=9222450130714624 committed=0 }
2025-07-14 15:00:01,561 [main] INFO  volume.MutableVolumeSet (MutableVolumeSet.java:initializeVolumeSet(167)) - Added Volume : /home/runner/work/ozone/ozone/hadoop-ozone/integration-test/target/test-dir/MiniOzoneClusterImpl-aaa7dc72-7fbf-48e0-acc5-129182712624/ozone-meta/datanode-1/data-0/hdds to VolumeSet
2025-07-14 15:00:01,564 [main] INFO  volume.MutableVolumeSet (MutableVolumeSet.java:initializeVolumeSet(167)) - Added Volume : /home/runner/work/ozone/ozone/hadoop-ozone/integration-test/target/test-dir/MiniOzoneClusterImpl-aaa7dc72-7fbf-48e0-acc5-129182712624/ozone-meta/datanode-1/ratis to VolumeSet
2025-07-14 15:00:01,567 [main] INFO  ozoneimpl.OzoneContainer (HddsVolumeUtil.java:loadAllHddsVolumeDbStore(102)) - Load 1 volumes DbStore cost: 1ms
2025-07-14 15:00:01,569 [main] WARN  db.DBStoreBuilder (DBStoreBuilder.java:getDBDirPath(158)) - ozone.scm.datanode.id.dir is not configured. We recommend adding this setting. Falling back to ozone.metadata.dirs instead.
2025-07-14 15:00:01,572 [main] WARN  db.DBStoreBuilder (DBStoreBuilder.java:getDBDirPath(158)) - ozone.scm.datanode.id.dir is not configured. We recommend adding this setting. Falling back to ozone.metadata.dirs instead.
2025-07-14 15:00:01,611 [main] INFO  impl.FilePerChunkStrategy (FilePerChunkStrategy.java:<init>(79)) - ozone.chunk.read.mapped.buffer.max.count is load with 0
2025-07-14 15:00:01,614 [main] INFO  impl.FilePerBlockStrategy (FilePerBlockStrategy.java:<init>(88)) - ozone.chunk.read.mapped.buffer.max.count is load with 0
2025-07-14 15:00:01,647 [main] INFO  audit.AuditLogger (AuditLogger.java:refreshDebugCmdSet(133)) - Refresh DebugCmdSet for DNAudit to [].
2025-07-14 15:00:01,669 [main] INFO  server.RaftServerConfigKeys (ConfUtils.java:logGet(62)) - raft.server.log.appender.buffer.byte-limit = 33554432 (custom)
2025-07-14 15:00:01,678 [main] INFO  grpc.GrpcConfigKeys (ConfUtils.java:logFallback(69)) - raft.grpc.admin.host = null (fallback to raft.grpc.server.host)
2025-07-14 15:00:01,679 [main] INFO  grpc.GrpcConfigKeys (ConfUtils.java:logGet(62)) - raft.grpc.admin.port = 15014 (custom)
2025-07-14 15:00:01,679 [main] INFO  grpc.GrpcConfigKeys (ConfUtils.java:logFallback(69)) - raft.grpc.client.host = null (fallback to raft.grpc.server.host)
2025-07-14 15:00:01,679 [main] INFO  grpc.GrpcConfigKeys (ConfUtils.java:logGet(62)) - raft.grpc.client.port = 15013 (custom)
2025-07-14 15:00:01,679 [main] INFO  grpc.GrpcConfigKeys (ConfUtils.java:logGet(62)) - raft.grpc.server.port = 15015 (custom)
2025-07-14 15:00:01,679 [main] INFO  server.GrpcServicesImpl (ConfUtils.java:logGet(62)) - raft.grpc.message.size.max = 34603008 (custom)
2025-07-14 15:00:01,679 [main] INFO  server.GrpcServicesImpl (ConfUtils.java:logGet(62)) - raft.grpc.flow.control.window = 5MB (=5242880) (custom)
2025-07-14 15:00:01,680 [main] INFO  server.RaftServerConfigKeys (ConfUtils.java:logGet(62)) - raft.server.log.appender.buffer.byte-limit = 33554432 (custom)
2025-07-14 15:00:01,681 [main] INFO  impl.DataStreamServerImpl (ConfUtils.java:logGet(62)) - raft.datastream.type = NETTY (custom)
2025-07-14 15:00:01,690 [main] INFO  server.RaftServerConfigKeys (ConfUtils.java:logGet(62)) - raft.server.data-stream.async.request.thread.pool.cached = false (default)
2025-07-14 15:00:01,691 [main] INFO  server.RaftServerConfigKeys (ConfUtils.java:logGet(62)) - raft.server.data-stream.async.request.thread.pool.size = 20 (custom)
2025-07-14 15:00:01,691 [main] INFO  server.RaftServerConfigKeys (ConfUtils.java:logGet(62)) - raft.server.data-stream.async.write.thread.pool.size = 16 (default)
2025-07-14 15:00:01,693 [main] INFO  netty.NettyConfigKeys$DataStream (ConfUtils.java:logGet(62)) - raft.netty.dataStream.server.channel.inactive.grace-period = 10min (default)
2025-07-14 15:00:01,693 [main] INFO  server.RaftServerConfigKeys (ConfUtils.java:logGet(62)) - raft.server.data-stream.client.pool.size = 10 (default)
2025-07-14 15:00:01,694 [main] INFO  netty.NettyConfigKeys$DataStream (ConfUtils.java:logGet(62)) - raft.netty.dataStream.server.use-epoll = true (default)
2025-07-14 15:00:01,695 [main] INFO  netty.NettyConfigKeys$DataStream (ConfUtils.java:logGet(62)) - raft.netty.dataStream.server.boss-group.size = 0 (default)
2025-07-14 15:00:01,695 [main] INFO  netty.NettyUtils (NettyUtils.java:newEventLoopGroup(74)) - Create EpollEventLoopGroup for 311b5faf-4d73-479d-9d03-a3296c64f810-NettyServerStreamRpc-bossGroup; Thread size is 0.
2025-07-14 15:00:01,696 [main] INFO  netty.NettyConfigKeys$DataStream (ConfUtils.java:logGet(62)) - raft.netty.dataStream.server.worker-group.size = 0 (default)
2025-07-14 15:00:01,696 [main] INFO  netty.NettyUtils (NettyUtils.java:newEventLoopGroup(74)) - Create EpollEventLoopGroup for 311b5faf-4d73-479d-9d03-a3296c64f810-NettyServerStreamRpc-workerGroup; Thread size is 0.
2025-07-14 15:00:01,698 [main] INFO  netty.NettyConfigKeys$DataStream (ConfUtils.java:logGet(62)) - raft.netty.dataStream.port = 15016 (custom)
2025-07-14 15:00:01,702 [main] INFO  server.RaftServerConfigKeys (ConfUtils.java:logGet(62)) - raft.server.storage.dir = [/home/runner/work/ozone/ozone/hadoop-ozone/integration-test/target/test-dir/MiniOzoneClusterImpl-aaa7dc72-7fbf-48e0-acc5-129182712624/ozone-meta/datanode-1/ratis] (custom)
2025-07-14 15:00:01,702 [311b5faf-4d73-479d-9d03-a3296c64f810-impl-thread1] INFO  server.RaftServer (RaftServerProxy.java:initGroupDir(270)) - 311b5faf-4d73-479d-9d03-a3296c64f810: found a subdirectory /home/runner/work/ozone/ozone/hadoop-ozone/integration-test/target/test-dir/MiniOzoneClusterImpl-aaa7dc72-7fbf-48e0-acc5-129182712624/ozone-meta/datanode-1/ratis/tmp
2025-07-14 15:00:01,703 [311b5faf-4d73-479d-9d03-a3296c64f810-impl-thread1] INFO  server.RaftServer (RaftServerProxy.java:initGroupDir(275)) - 311b5faf-4d73-479d-9d03-a3296c64f810: The directory /home/runner/work/ozone/ozone/hadoop-ozone/integration-test/target/test-dir/MiniOzoneClusterImpl-aaa7dc72-7fbf-48e0-acc5-129182712624/ozone-meta/datanode-1/ratis/tmp is not a group directory; ignoring it. 
2025-07-14 15:00:01,705 [main] INFO  replication.ReplicationServer (ReplicationServer.java:<init>(84)) - Initializing replication server with thread count = 10 queue length = 4096
2025-07-14 15:00:01,711 [311b5faf-4d73-479d-9d03-a3296c64f810-NettyServerStreamRpc-bossGroup--thread1] INFO  logging.LoggingHandler (AbstractInternalLogger.java:log(148)) - [id: 0x7c1056e9] REGISTERED
2025-07-14 15:00:01,711 [311b5faf-4d73-479d-9d03-a3296c64f810-NettyServerStreamRpc-bossGroup--thread1] INFO  logging.LoggingHandler (AbstractInternalLogger.java:log(148)) - [id: 0x7c1056e9] BIND: 0.0.0.0/0.0.0.0:15016
2025-07-14 15:00:01,712 [311b5faf-4d73-479d-9d03-a3296c64f810-NettyServerStreamRpc-bossGroup--thread1] INFO  logging.LoggingHandler (AbstractInternalLogger.java:log(148)) - [id: 0x7c1056e9, L:/0.0.0.0:15016] ACTIVE
2025-07-14 15:00:01,724 [main] INFO  server.XceiverServerGrpc (XceiverServerGrpc.java:<init>(130)) - GrpcServer channel type EpollServerSocketChannel
2025-07-14 15:00:01,756 [main] INFO  replication.ReplicationSupervisor (ReplicationSupervisor.java:build(169)) - Initializing replication supervisor with thread count = 10
2025-07-14 15:00:01,757 [main] INFO  replication.ReplicationSupervisor (ReplicationSupervisor.java:nodeStateUpdated(358)) - Node state updated to IN_SERVICE, scaling executor pool size to 10
2025-07-14 15:00:01,771 [main] INFO  lib.Interns (Interns.java:removeEldestEntry(50)) - Metrics intern cache overflow at 2011 for MetricsSystem={MetricsSystem=MetricsInfoImpl{name=MetricsSystem, description=MetricsSystem}, MetricsSystem record=MetricsInfoImpl{name=MetricsSystem, description=MetricsSystem record}}
2025-07-14 15:00:01,797 [main] INFO  http.BaseHttpServer (BaseHttpServer.java:newHttpServer2BuilderForOzone(229)) - Starting Web-server for hddsDatanode at: http://0.0.0.0:15010
2025-07-14 15:00:01,798 [main] INFO  http.BaseHttpServer (BaseHttpServer.java:<init>(107)) - Hadoop Security Enabled: false Ozone Security Enabled: false Ozone HTTP Security Enabled: false 
2025-07-14 15:00:01,800 [main] WARN  server.AuthenticationFilter (AuthenticationFilter.java:constructSecretProvider(240)) - Unable to initialize FileSignerSecretProvider, falling back to use random secrets. Reason: Could not read signature secret file: /home/runner/hadoop-http-auth-signature-secret
2025-07-14 15:00:01,803 [main] INFO  http.HttpServer2 (HttpServer2.java:addGlobalFilter(1042)) - Added global filter 'safety' (class=org.apache.hadoop.hdds.server.http.HttpServer2$QuotingInputFilter)
2025-07-14 15:00:01,805 [main] INFO  http.HttpServer2 (HttpServer2.java:addFilter(1018)) - Added filter static_user_filter (class=org.apache.hadoop.http.lib.StaticUserWebFilter$StaticUserFilter) to context hddsDatanode
2025-07-14 15:00:01,805 [main] INFO  http.HttpServer2 (HttpServer2.java:addFilter(1026)) - Added filter static_user_filter (class=org.apache.hadoop.http.lib.StaticUserWebFilter$StaticUserFilter) to context logs
2025-07-14 15:00:01,805 [main] INFO  http.HttpServer2 (HttpServer2.java:addFilter(1026)) - Added filter static_user_filter (class=org.apache.hadoop.http.lib.StaticUserWebFilter$StaticUserFilter) to context static
2025-07-14 15:00:01,806 [main] INFO  http.BaseHttpServer (BaseHttpServer.java:<init>(195)) - HTTP server of hddsDatanode uses base directory /home/runner/work/ozone/ozone/hadoop-ozone/integration-test/target/test-dir/MiniOzoneClusterImpl-aaa7dc72-7fbf-48e0-acc5-129182712624/ozone-meta/datanode-1/meta/webserver
2025-07-14 15:00:01,806 [main] INFO  http.HttpServer2 (HttpServer2.java:bindListener(1242)) - Jetty bound to port 15010
2025-07-14 15:00:01,807 [main] INFO  server.Server (Server.java:doStart(375)) - jetty-9.4.57.v20241219; built: 2025-01-08T21:24:30.412Z; git: df524e6b29271c2e09ba9aea83c18dc9db464a31; jvm 21.0.7+6-LTS
2025-07-14 15:00:01,810 [main] INFO  server.session (DefaultSessionIdManager.java:doStart(334)) - DefaultSessionIdManager workerName=node0
2025-07-14 15:00:01,810 [main] INFO  server.session (DefaultSessionIdManager.java:doStart(339)) - No SessionScavenger set, using defaults
2025-07-14 15:00:01,810 [main] INFO  server.session (HouseKeeper.java:startScavenging(132)) - node0 Scavenging every 660000ms
2025-07-14 15:00:01,811 [main] INFO  handler.ContextHandler (ContextHandler.java:doStart(921)) - Started o.e.j.s.ServletContextHandler@43cb630d{logs,/logs,file:///home/runner/work/ozone/ozone/hadoop-ozone/integration-test/target/log,AVAILABLE}
2025-07-14 15:00:01,812 [main] INFO  handler.ContextHandler (ContextHandler.java:doStart(921)) - Started o.e.j.s.ServletContextHandler@1c43b31d{static,/static,jar:file:/home/runner/work/ozone/ozone/hadoop-hdds/container-service/target/hdds-container-service-2.1.0-SNAPSHOT.jar!/webapps/static,AVAILABLE}
2025-07-14 15:00:01,992 [main] INFO  handler.ContextHandler (ContextHandler.java:doStart(921)) - Started o.e.j.w.WebAppContext@89cef1a{hddsDatanode,/,file:///home/runner/work/ozone/ozone/hadoop-ozone/integration-test/target/test-dir/MiniOzoneClusterImpl-aaa7dc72-7fbf-48e0-acc5-129182712624/ozone-meta/datanode-1/meta/webserver/jetty-0_0_0_0-15010-hdds-container-service-2_1_0-SNAPSHOT_jar-_-any-11781097226434279638/webapp/,AVAILABLE}{jar:file:/home/runner/work/ozone/ozone/hadoop-hdds/container-service/target/hdds-container-service-2.1.0-SNAPSHOT.jar!/webapps/hddsDatanode}
2025-07-14 15:00:01,993 [main] INFO  server.AbstractConnector (AbstractConnector.java:doStart(333)) - Started ServerConnector@5bf54c2c{HTTP/1.1, (http/1.1)}{0.0.0.0:15010}
2025-07-14 15:00:01,993 [main] INFO  server.Server (Server.java:doStart(415)) - Started @11557ms
2025-07-14 15:00:01,993 [main] WARN  impl.MetricsSystemImpl (MetricsSystemImpl.java:register(279)) - Sink prometheus already exists!
2025-07-14 15:00:01,994 [main] INFO  http.BaseHttpServer (BaseHttpServer.java:updateConnectorAddress(359)) - HTTP server of hddsDatanode listening at http://localhost:15010
2025-07-14 15:00:01,997 [main] INFO  ipc.CallQueueManager (CallQueueManager.java:<init>(93)) - Using callQueue: class java.util.concurrent.LinkedBlockingQueue, queueCapacity: 1000, scheduler: class org.apache.hadoop.ipc.DefaultRpcScheduler, ipcBackoff: false, ipcFailOver: false.
2025-07-14 15:00:01,997 [main] INFO  ipc.Server (Server.java:<init>(1438)) - Listener at 0.0.0.0:15011
2025-07-14 15:00:01,998 [Socket Reader #2 for port 15011] INFO  ipc.Server (Server.java:run(1474)) - Starting Socket Reader #2 for port 15011
2025-07-14 15:00:01,998 [Socket Reader #1 for port 15011] INFO  ipc.Server (Server.java:run(1474)) - Starting Socket Reader #1 for port 15011
2025-07-14 15:00:01,998 [Socket Reader #4 for port 15011] INFO  ipc.Server (Server.java:run(1474)) - Starting Socket Reader #4 for port 15011
2025-07-14 15:00:01,998 [Socket Reader #3 for port 15011] INFO  ipc.Server (Server.java:run(1474)) - Starting Socket Reader #3 for port 15011
2025-07-14 15:00:01,999 [Socket Reader #5 for port 15011] INFO  ipc.Server (Server.java:run(1474)) - Starting Socket Reader #5 for port 15011
2025-07-14 15:00:01,999 [Socket Reader #6 for port 15011] INFO  ipc.Server (Server.java:run(1474)) - Starting Socket Reader #6 for port 15011
2025-07-14 15:00:01,999 [Socket Reader #7 for port 15011] INFO  ipc.Server (Server.java:run(1474)) - Starting Socket Reader #7 for port 15011
2025-07-14 15:00:01,999 [Socket Reader #8 for port 15011] INFO  ipc.Server (Server.java:run(1474)) - Starting Socket Reader #8 for port 15011
2025-07-14 15:00:01,999 [Socket Reader #9 for port 15011] INFO  ipc.Server (Server.java:run(1474)) - Starting Socket Reader #9 for port 15011
2025-07-14 15:00:01,999 [Socket Reader #10 for port 15011] INFO  ipc.Server (Server.java:run(1474)) - Starting Socket Reader #10 for port 15011
2025-07-14 15:00:02,002 [main] INFO  ozone.HddsDatanodeService (HddsDatanodeService.java:start(333)) - Datanode start with admins: [admin, runner]
2025-07-14 15:00:02,002 [main] INFO  ozone.HddsDatanodeClientProtocolServer (HddsDatanodeClientProtocolServer.java:start(76)) - RPC server for Client /0.0.0.0:15011
2025-07-14 15:00:02,002 [IPC Server Responder] INFO  ipc.Server (Server.java:run(1713)) - IPC Server Responder: starting
2025-07-14 15:00:02,002 [IPC Server listener on 15011] INFO  ipc.Server (Server.java:run(1553)) - IPC Server listener on 15011: starting
2025-07-14 15:00:02,004 [main] WARN  dropwizard3.Dm3MetricRegistriesImpl (Dm3MetricRegistriesImpl.java:addReporterRegistration(114)) - New reporters are added after registries were created. Some metrics will be missing from the reporter. Please add reporter before adding any new registry.
2025-07-14 15:00:02,005 [main] WARN  dropwizard3.Dm3MetricRegistriesImpl (Dm3MetricRegistriesImpl.java:addReporterRegistration(114)) - New reporters are added after registries were created. Some metrics will be missing from the reporter. Please add reporter before adding any new registry.
2025-07-14 15:00:02,005 [main] INFO  impl.MetricsSystemImpl (MetricsSystemImpl.java:init(158)) - HddsDatanode metrics system started (again)
2025-07-14 15:00:02,008 [311b5faf-4d73-479d-9d03-a3296c64f810-DatanodeStateMachineDaemonThread] INFO  statemachine.DatanodeStateMachine (DatanodeStateMachine.java:startStateMachineThread(347)) - Ozone container server started.
2025-07-14 15:00:02,022 [main] INFO  protocol.DatanodeDetails (DatanodeDetails.java:validateDatanodeIpAddress(199)) - Updating IP address of datanode 0f2a098c-ed74-48ca-a55f-ceee6161c687(localhost/null) to 127.0.0.1
2025-07-14 15:00:02,022 [main] INFO  ozone.HddsDatanodeService (HddsDatanodeService.java:start(236)) - HddsDatanodeService 0f2a098c-ed74-48ca-a55f-ceee6161c687(localhost/127.0.0.1)
2025-07-14 15:00:02,025 [main] INFO  upgrade.AbstractLayoutVersionManager (AbstractLayoutVersionManager.java:init(80)) - Initializing Layout version manager with metadata layout = HBASE_SUPPORT (version = 8), software layout = HBASE_SUPPORT (version = 8)
2025-07-14 15:00:02,026 [main] INFO  statemachine.DatanodeStateMachine (DatanodeStateMachine.java:getEndPointTaskThreadPoolSize(305)) - Datanode State Machine Task Thread Pool size 2
2025-07-14 15:00:02,031 [main] INFO  volume.HddsVolume (HddsVolume.java:<init>(162)) - HddsVolume: { id=DS-d07f7608-7710-4532-8819-402b1ad01018 dir=/home/runner/work/ozone/ozone/hadoop-ozone/integration-test/target/test-dir/MiniOzoneClusterImpl-aaa7dc72-7fbf-48e0-acc5-129182712624/ozone-meta/datanode-2/data-0/hdds type=DISK capacity=9222449699674390527 used=0 available=9222449699674390527 minFree=9222450130714624 committed=0 }
2025-07-14 15:00:02,031 [main] INFO  volume.MutableVolumeSet (MutableVolumeSet.java:initializeVolumeSet(167)) - Added Volume : /home/runner/work/ozone/ozone/hadoop-ozone/integration-test/target/test-dir/MiniOzoneClusterImpl-aaa7dc72-7fbf-48e0-acc5-129182712624/ozone-meta/datanode-2/data-0/hdds to VolumeSet
2025-07-14 15:00:02,033 [main] INFO  volume.MutableVolumeSet (MutableVolumeSet.java:initializeVolumeSet(167)) - Added Volume : /home/runner/work/ozone/ozone/hadoop-ozone/integration-test/target/test-dir/MiniOzoneClusterImpl-aaa7dc72-7fbf-48e0-acc5-129182712624/ozone-meta/datanode-2/ratis to VolumeSet
2025-07-14 15:00:02,034 [main] INFO  ozoneimpl.OzoneContainer (HddsVolumeUtil.java:loadAllHddsVolumeDbStore(102)) - Load 1 volumes DbStore cost: 1ms
2025-07-14 15:00:02,035 [main] WARN  db.DBStoreBuilder (DBStoreBuilder.java:getDBDirPath(158)) - ozone.scm.datanode.id.dir is not configured. We recommend adding this setting. Falling back to ozone.metadata.dirs instead.
2025-07-14 15:00:02,036 [main] WARN  db.DBStoreBuilder (DBStoreBuilder.java:getDBDirPath(158)) - ozone.scm.datanode.id.dir is not configured. We recommend adding this setting. Falling back to ozone.metadata.dirs instead.
2025-07-14 15:00:02,055 [main] INFO  impl.FilePerChunkStrategy (FilePerChunkStrategy.java:<init>(79)) - ozone.chunk.read.mapped.buffer.max.count is load with 0
2025-07-14 15:00:02,056 [main] INFO  impl.FilePerBlockStrategy (FilePerBlockStrategy.java:<init>(88)) - ozone.chunk.read.mapped.buffer.max.count is load with 0
2025-07-14 15:00:02,057 [main] INFO  server.RaftServerConfigKeys (ConfUtils.java:logGet(62)) - raft.server.log.appender.buffer.byte-limit = 33554432 (custom)
2025-07-14 15:00:02,059 [main] INFO  grpc.GrpcConfigKeys (ConfUtils.java:logFallback(69)) - raft.grpc.admin.host = null (fallback to raft.grpc.server.host)
2025-07-14 15:00:02,059 [main] INFO  grpc.GrpcConfigKeys (ConfUtils.java:logGet(62)) - raft.grpc.admin.port = 15022 (custom)
2025-07-14 15:00:02,059 [main] INFO  grpc.GrpcConfigKeys (ConfUtils.java:logFallback(69)) - raft.grpc.client.host = null (fallback to raft.grpc.server.host)
2025-07-14 15:00:02,060 [main] INFO  grpc.GrpcConfigKeys (ConfUtils.java:logGet(62)) - raft.grpc.client.port = 15021 (custom)
2025-07-14 15:00:02,060 [main] INFO  grpc.GrpcConfigKeys (ConfUtils.java:logGet(62)) - raft.grpc.server.port = 15023 (custom)
2025-07-14 15:00:02,060 [main] INFO  server.GrpcServicesImpl (ConfUtils.java:logGet(62)) - raft.grpc.message.size.max = 34603008 (custom)
2025-07-14 15:00:02,060 [main] INFO  server.GrpcServicesImpl (ConfUtils.java:logGet(62)) - raft.grpc.flow.control.window = 5MB (=5242880) (custom)
2025-07-14 15:00:02,060 [main] INFO  server.RaftServerConfigKeys (ConfUtils.java:logGet(62)) - raft.server.log.appender.buffer.byte-limit = 33554432 (custom)
2025-07-14 15:00:02,062 [main] INFO  netty.NettyUtils (NettyUtils.java:newEventLoopGroup(74)) - Create EpollEventLoopGroup for 0f2a098c-ed74-48ca-a55f-ceee6161c687-NettyServerStreamRpc-bossGroup; Thread size is 0.
2025-07-14 15:00:02,063 [main] INFO  netty.NettyUtils (NettyUtils.java:newEventLoopGroup(74)) - Create EpollEventLoopGroup for 0f2a098c-ed74-48ca-a55f-ceee6161c687-NettyServerStreamRpc-workerGroup; Thread size is 0.
2025-07-14 15:00:02,063 [main] INFO  netty.NettyConfigKeys$DataStream (ConfUtils.java:logGet(62)) - raft.netty.dataStream.port = 15024 (custom)
2025-07-14 15:00:02,065 [main] INFO  server.RaftServerConfigKeys (ConfUtils.java:logGet(62)) - raft.server.storage.dir = [/home/runner/work/ozone/ozone/hadoop-ozone/integration-test/target/test-dir/MiniOzoneClusterImpl-aaa7dc72-7fbf-48e0-acc5-129182712624/ozone-meta/datanode-2/ratis] (custom)
2025-07-14 15:00:02,065 [0f2a098c-ed74-48ca-a55f-ceee6161c687-NettyServerStreamRpc-bossGroup--thread1] INFO  logging.LoggingHandler (AbstractInternalLogger.java:log(148)) - [id: 0x7cf4d45a] REGISTERED
2025-07-14 15:00:02,065 [0f2a098c-ed74-48ca-a55f-ceee6161c687-NettyServerStreamRpc-bossGroup--thread1] INFO  logging.LoggingHandler (AbstractInternalLogger.java:log(148)) - [id: 0x7cf4d45a] BIND: 0.0.0.0/0.0.0.0:15024
2025-07-14 15:00:02,065 [0f2a098c-ed74-48ca-a55f-ceee6161c687-NettyServerStreamRpc-bossGroup--thread1] INFO  logging.LoggingHandler (AbstractInternalLogger.java:log(148)) - [id: 0x7cf4d45a, L:/0.0.0.0:15024] ACTIVE
2025-07-14 15:00:02,067 [0f2a098c-ed74-48ca-a55f-ceee6161c687-impl-thread1] INFO  server.RaftServer (RaftServerProxy.java:initGroupDir(270)) - 0f2a098c-ed74-48ca-a55f-ceee6161c687: found a subdirectory /home/runner/work/ozone/ozone/hadoop-ozone/integration-test/target/test-dir/MiniOzoneClusterImpl-aaa7dc72-7fbf-48e0-acc5-129182712624/ozone-meta/datanode-2/ratis/tmp
2025-07-14 15:00:02,067 [0f2a098c-ed74-48ca-a55f-ceee6161c687-impl-thread1] INFO  server.RaftServer (RaftServerProxy.java:initGroupDir(275)) - 0f2a098c-ed74-48ca-a55f-ceee6161c687: The directory /home/runner/work/ozone/ozone/hadoop-ozone/integration-test/target/test-dir/MiniOzoneClusterImpl-aaa7dc72-7fbf-48e0-acc5-129182712624/ozone-meta/datanode-2/ratis/tmp is not a group directory; ignoring it. 
2025-07-14 15:00:02,067 [main] INFO  replication.ReplicationServer (ReplicationServer.java:<init>(84)) - Initializing replication server with thread count = 10 queue length = 4096
2025-07-14 15:00:02,070 [main] INFO  server.XceiverServerGrpc (XceiverServerGrpc.java:<init>(130)) - GrpcServer channel type EpollServerSocketChannel
2025-07-14 15:00:02,074 [main] INFO  replication.ReplicationSupervisor (ReplicationSupervisor.java:build(169)) - Initializing replication supervisor with thread count = 10
2025-07-14 15:00:02,074 [311b5faf-4d73-479d-9d03-a3296c64f810-DatanodeStateMachineTaskThread-0] INFO  datanode.InitDatanodeState (InitDatanodeState.java:persistContainerDatanodeDetails(139)) - DatanodeDetails is persisted to /home/runner/work/ozone/ozone/hadoop-ozone/integration-test/target/test-dir/MiniOzoneClusterImpl-aaa7dc72-7fbf-48e0-acc5-129182712624/ozone-meta/datanode-1/meta/datanode.id
2025-07-14 15:00:02,075 [main] INFO  replication.ReplicationSupervisor (ReplicationSupervisor.java:nodeStateUpdated(358)) - Node state updated to IN_SERVICE, scaling executor pool size to 10
2025-07-14 15:00:02,080 [main] INFO  http.BaseHttpServer (BaseHttpServer.java:newHttpServer2BuilderForOzone(229)) - Starting Web-server for hddsDatanode at: http://0.0.0.0:15018
2025-07-14 15:00:02,081 [main] INFO  http.BaseHttpServer (BaseHttpServer.java:<init>(107)) - Hadoop Security Enabled: false Ozone Security Enabled: false Ozone HTTP Security Enabled: false 
2025-07-14 15:00:02,083 [main] WARN  server.AuthenticationFilter (AuthenticationFilter.java:constructSecretProvider(240)) - Unable to initialize FileSignerSecretProvider, falling back to use random secrets. Reason: Could not read signature secret file: /home/runner/hadoop-http-auth-signature-secret
2025-07-14 15:00:02,085 [main] INFO  http.HttpServer2 (HttpServer2.java:addGlobalFilter(1042)) - Added global filter 'safety' (class=org.apache.hadoop.hdds.server.http.HttpServer2$QuotingInputFilter)
2025-07-14 15:00:02,087 [main] INFO  http.HttpServer2 (HttpServer2.java:addFilter(1018)) - Added filter static_user_filter (class=org.apache.hadoop.http.lib.StaticUserWebFilter$StaticUserFilter) to context hddsDatanode
2025-07-14 15:00:02,087 [main] INFO  http.HttpServer2 (HttpServer2.java:addFilter(1026)) - Added filter static_user_filter (class=org.apache.hadoop.http.lib.StaticUserWebFilter$StaticUserFilter) to context static
2025-07-14 15:00:02,087 [main] INFO  http.HttpServer2 (HttpServer2.java:addFilter(1026)) - Added filter static_user_filter (class=org.apache.hadoop.http.lib.StaticUserWebFilter$StaticUserFilter) to context logs
2025-07-14 15:00:02,088 [main] INFO  http.BaseHttpServer (BaseHttpServer.java:<init>(195)) - HTTP server of hddsDatanode uses base directory /home/runner/work/ozone/ozone/hadoop-ozone/integration-test/target/test-dir/MiniOzoneClusterImpl-aaa7dc72-7fbf-48e0-acc5-129182712624/ozone-meta/datanode-2/meta/webserver
2025-07-14 15:00:02,088 [main] INFO  http.HttpServer2 (HttpServer2.java:bindListener(1242)) - Jetty bound to port 15018
2025-07-14 15:00:02,088 [main] INFO  server.Server (Server.java:doStart(375)) - jetty-9.4.57.v20241219; built: 2025-01-08T21:24:30.412Z; git: df524e6b29271c2e09ba9aea83c18dc9db464a31; jvm 21.0.7+6-LTS
2025-07-14 15:00:02,091 [main] INFO  server.session (DefaultSessionIdManager.java:doStart(334)) - DefaultSessionIdManager workerName=node0
2025-07-14 15:00:02,091 [main] INFO  server.session (DefaultSessionIdManager.java:doStart(339)) - No SessionScavenger set, using defaults
2025-07-14 15:00:02,091 [main] INFO  server.session (HouseKeeper.java:startScavenging(132)) - node0 Scavenging every 600000ms
2025-07-14 15:00:02,092 [main] INFO  handler.ContextHandler (ContextHandler.java:doStart(921)) - Started o.e.j.s.ServletContextHandler@590db06a{logs,/logs,file:///home/runner/work/ozone/ozone/hadoop-ozone/integration-test/target/log,AVAILABLE}
2025-07-14 15:00:02,092 [main] INFO  handler.ContextHandler (ContextHandler.java:doStart(921)) - Started o.e.j.s.ServletContextHandler@28647ac7{static,/static,jar:file:/home/runner/work/ozone/ozone/hadoop-hdds/container-service/target/hdds-container-service-2.1.0-SNAPSHOT.jar!/webapps/static,AVAILABLE}
2025-07-14 15:00:02,252 [main] INFO  handler.ContextHandler (ContextHandler.java:doStart(921)) - Started o.e.j.w.WebAppContext@61018d1c{hddsDatanode,/,file:///home/runner/work/ozone/ozone/hadoop-ozone/integration-test/target/test-dir/MiniOzoneClusterImpl-aaa7dc72-7fbf-48e0-acc5-129182712624/ozone-meta/datanode-2/meta/webserver/jetty-0_0_0_0-15018-hdds-container-service-2_1_0-SNAPSHOT_jar-_-any-10248945400587470691/webapp/,AVAILABLE}{jar:file:/home/runner/work/ozone/ozone/hadoop-hdds/container-service/target/hdds-container-service-2.1.0-SNAPSHOT.jar!/webapps/hddsDatanode}
2025-07-14 15:00:02,253 [main] INFO  server.AbstractConnector (AbstractConnector.java:doStart(333)) - Started ServerConnector@3ac2300f{HTTP/1.1, (http/1.1)}{0.0.0.0:15018}
2025-07-14 15:00:02,253 [main] INFO  server.Server (Server.java:doStart(415)) - Started @11817ms
2025-07-14 15:00:02,253 [main] WARN  impl.MetricsSystemImpl (MetricsSystemImpl.java:register(279)) - Sink prometheus already exists!
2025-07-14 15:00:02,254 [main] INFO  http.BaseHttpServer (BaseHttpServer.java:updateConnectorAddress(359)) - HTTP server of hddsDatanode listening at http://localhost:15018
2025-07-14 15:00:02,254 [main] INFO  ipc.CallQueueManager (CallQueueManager.java:<init>(93)) - Using callQueue: class java.util.concurrent.LinkedBlockingQueue, queueCapacity: 1000, scheduler: class org.apache.hadoop.ipc.DefaultRpcScheduler, ipcBackoff: false, ipcFailOver: false.
2025-07-14 15:00:02,254 [main] INFO  ipc.Server (Server.java:<init>(1438)) - Listener at 0.0.0.0:15019
2025-07-14 15:00:02,255 [Socket Reader #1 for port 15019] INFO  ipc.Server (Server.java:run(1474)) - Starting Socket Reader #1 for port 15019
2025-07-14 15:00:02,255 [Socket Reader #2 for port 15019] INFO  ipc.Server (Server.java:run(1474)) - Starting Socket Reader #2 for port 15019
2025-07-14 15:00:02,255 [Socket Reader #3 for port 15019] INFO  ipc.Server (Server.java:run(1474)) - Starting Socket Reader #3 for port 15019
2025-07-14 15:00:02,255 [Socket Reader #4 for port 15019] INFO  ipc.Server (Server.java:run(1474)) - Starting Socket Reader #4 for port 15019
2025-07-14 15:00:02,256 [Socket Reader #5 for port 15019] INFO  ipc.Server (Server.java:run(1474)) - Starting Socket Reader #5 for port 15019
2025-07-14 15:00:02,256 [Socket Reader #6 for port 15019] INFO  ipc.Server (Server.java:run(1474)) - Starting Socket Reader #6 for port 15019
2025-07-14 15:00:02,256 [Socket Reader #7 for port 15019] INFO  ipc.Server (Server.java:run(1474)) - Starting Socket Reader #7 for port 15019
2025-07-14 15:00:02,256 [Socket Reader #8 for port 15019] INFO  ipc.Server (Server.java:run(1474)) - Starting Socket Reader #8 for port 15019
2025-07-14 15:00:02,256 [Socket Reader #9 for port 15019] INFO  ipc.Server (Server.java:run(1474)) - Starting Socket Reader #9 for port 15019
2025-07-14 15:00:02,256 [Socket Reader #10 for port 15019] INFO  ipc.Server (Server.java:run(1474)) - Starting Socket Reader #10 for port 15019
2025-07-14 15:00:02,259 [main] INFO  ozone.HddsDatanodeService (HddsDatanodeService.java:start(333)) - Datanode start with admins: [admin, runner]
2025-07-14 15:00:02,259 [main] INFO  ozone.HddsDatanodeClientProtocolServer (HddsDatanodeClientProtocolServer.java:start(76)) - RPC server for Client /0.0.0.0:15019
2025-07-14 15:00:02,259 [IPC Server Responder] INFO  ipc.Server (Server.java:run(1713)) - IPC Server Responder: starting
2025-07-14 15:00:02,260 [IPC Server listener on 15019] INFO  ipc.Server (Server.java:run(1553)) - IPC Server listener on 15019: starting
2025-07-14 15:00:02,261 [main] WARN  dropwizard3.Dm3MetricRegistriesImpl (Dm3MetricRegistriesImpl.java:addReporterRegistration(114)) - New reporters are added after registries were created. Some metrics will be missing from the reporter. Please add reporter before adding any new registry.
2025-07-14 15:00:02,262 [main] WARN  dropwizard3.Dm3MetricRegistriesImpl (Dm3MetricRegistriesImpl.java:addReporterRegistration(114)) - New reporters are added after registries were created. Some metrics will be missing from the reporter. Please add reporter before adding any new registry.
2025-07-14 15:00:02,262 [main] INFO  impl.MetricsSystemImpl (MetricsSystemImpl.java:init(158)) - HddsDatanode metrics system started (again)
2025-07-14 15:00:02,263 [0f2a098c-ed74-48ca-a55f-ceee6161c687-DatanodeStateMachineDaemonThread] INFO  statemachine.DatanodeStateMachine (DatanodeStateMachine.java:startStateMachineThread(347)) - Ozone container server started.
2025-07-14 15:00:02,268 [0f2a098c-ed74-48ca-a55f-ceee6161c687-DatanodeStateMachineTaskThread-0] INFO  datanode.InitDatanodeState (InitDatanodeState.java:persistContainerDatanodeDetails(139)) - DatanodeDetails is persisted to /home/runner/work/ozone/ozone/hadoop-ozone/integration-test/target/test-dir/MiniOzoneClusterImpl-aaa7dc72-7fbf-48e0-acc5-129182712624/ozone-meta/datanode-2/meta/datanode.id
2025-07-14 15:00:02,279 [main] INFO  protocol.DatanodeDetails (DatanodeDetails.java:validateDatanodeIpAddress(199)) - Updating IP address of datanode b5acb6b3-ef2b-41db-9bfa-77a47d0ca582(localhost/null) to 127.0.0.1
2025-07-14 15:00:02,279 [main] INFO  ozone.HddsDatanodeService (HddsDatanodeService.java:start(236)) - HddsDatanodeService b5acb6b3-ef2b-41db-9bfa-77a47d0ca582(localhost/127.0.0.1)
2025-07-14 15:00:02,282 [main] INFO  upgrade.AbstractLayoutVersionManager (AbstractLayoutVersionManager.java:init(80)) - Initializing Layout version manager with metadata layout = HBASE_SUPPORT (version = 8), software layout = HBASE_SUPPORT (version = 8)
2025-07-14 15:00:02,282 [main] INFO  statemachine.DatanodeStateMachine (DatanodeStateMachine.java:getEndPointTaskThreadPoolSize(305)) - Datanode State Machine Task Thread Pool size 2
2025-07-14 15:00:02,286 [main] INFO  volume.HddsVolume (HddsVolume.java:<init>(162)) - HddsVolume: { id=DS-f71b9c22-5903-4152-95d8-fd1aa78ac2e4 dir=/home/runner/work/ozone/ozone/hadoop-ozone/integration-test/target/test-dir/MiniOzoneClusterImpl-aaa7dc72-7fbf-48e0-acc5-129182712624/ozone-meta/datanode-3/data-0/hdds type=DISK capacity=9222449699674390527 used=0 available=9222449699674390527 minFree=9222450130714624 committed=0 }
2025-07-14 15:00:02,287 [main] INFO  volume.MutableVolumeSet (MutableVolumeSet.java:initializeVolumeSet(167)) - Added Volume : /home/runner/work/ozone/ozone/hadoop-ozone/integration-test/target/test-dir/MiniOzoneClusterImpl-aaa7dc72-7fbf-48e0-acc5-129182712624/ozone-meta/datanode-3/data-0/hdds to VolumeSet
2025-07-14 15:00:02,288 [main] INFO  volume.MutableVolumeSet (MutableVolumeSet.java:initializeVolumeSet(167)) - Added Volume : /home/runner/work/ozone/ozone/hadoop-ozone/integration-test/target/test-dir/MiniOzoneClusterImpl-aaa7dc72-7fbf-48e0-acc5-129182712624/ozone-meta/datanode-3/ratis to VolumeSet
2025-07-14 15:00:02,289 [main] INFO  ozoneimpl.OzoneContainer (HddsVolumeUtil.java:loadAllHddsVolumeDbStore(102)) - Load 1 volumes DbStore cost: 0ms
2025-07-14 15:00:02,290 [main] WARN  db.DBStoreBuilder (DBStoreBuilder.java:getDBDirPath(158)) - ozone.scm.datanode.id.dir is not configured. We recommend adding this setting. Falling back to ozone.metadata.dirs instead.
2025-07-14 15:00:02,291 [main] WARN  db.DBStoreBuilder (DBStoreBuilder.java:getDBDirPath(158)) - ozone.scm.datanode.id.dir is not configured. We recommend adding this setting. Falling back to ozone.metadata.dirs instead.
2025-07-14 15:00:02,306 [main] INFO  impl.FilePerChunkStrategy (FilePerChunkStrategy.java:<init>(79)) - ozone.chunk.read.mapped.buffer.max.count is load with 0
2025-07-14 15:00:02,307 [main] INFO  impl.FilePerBlockStrategy (FilePerBlockStrategy.java:<init>(88)) - ozone.chunk.read.mapped.buffer.max.count is load with 0
2025-07-14 15:00:02,308 [main] INFO  server.RaftServerConfigKeys (ConfUtils.java:logGet(62)) - raft.server.log.appender.buffer.byte-limit = 33554432 (custom)
2025-07-14 15:00:02,310 [main] INFO  grpc.GrpcConfigKeys (ConfUtils.java:logFallback(69)) - raft.grpc.admin.host = null (fallback to raft.grpc.server.host)
2025-07-14 15:00:02,310 [main] INFO  grpc.GrpcConfigKeys (ConfUtils.java:logGet(62)) - raft.grpc.admin.port = 15030 (custom)
2025-07-14 15:00:02,310 [main] INFO  grpc.GrpcConfigKeys (ConfUtils.java:logFallback(69)) - raft.grpc.client.host = null (fallback to raft.grpc.server.host)
2025-07-14 15:00:02,311 [main] INFO  grpc.GrpcConfigKeys (ConfUtils.java:logGet(62)) - raft.grpc.client.port = 15029 (custom)
2025-07-14 15:00:02,311 [main] INFO  grpc.GrpcConfigKeys (ConfUtils.java:logGet(62)) - raft.grpc.server.port = 15031 (custom)
2025-07-14 15:00:02,311 [main] INFO  server.GrpcServicesImpl (ConfUtils.java:logGet(62)) - raft.grpc.message.size.max = 34603008 (custom)
2025-07-14 15:00:02,311 [main] INFO  server.GrpcServicesImpl (ConfUtils.java:logGet(62)) - raft.grpc.flow.control.window = 5MB (=5242880) (custom)
2025-07-14 15:00:02,311 [main] INFO  server.RaftServerConfigKeys (ConfUtils.java:logGet(62)) - raft.server.log.appender.buffer.byte-limit = 33554432 (custom)
2025-07-14 15:00:02,313 [main] INFO  netty.NettyUtils (NettyUtils.java:newEventLoopGroup(74)) - Create EpollEventLoopGroup for b5acb6b3-ef2b-41db-9bfa-77a47d0ca582-NettyServerStreamRpc-bossGroup; Thread size is 0.
2025-07-14 15:00:02,314 [main] INFO  netty.NettyUtils (NettyUtils.java:newEventLoopGroup(74)) - Create EpollEventLoopGroup for b5acb6b3-ef2b-41db-9bfa-77a47d0ca582-NettyServerStreamRpc-workerGroup; Thread size is 0.
2025-07-14 15:00:02,315 [main] INFO  netty.NettyConfigKeys$DataStream (ConfUtils.java:logGet(62)) - raft.netty.dataStream.port = 15032 (custom)
2025-07-14 15:00:02,315 [main] INFO  server.RaftServerConfigKeys (ConfUtils.java:logGet(62)) - raft.server.storage.dir = [/home/runner/work/ozone/ozone/hadoop-ozone/integration-test/target/test-dir/MiniOzoneClusterImpl-aaa7dc72-7fbf-48e0-acc5-129182712624/ozone-meta/datanode-3/ratis] (custom)
2025-07-14 15:00:02,316 [b5acb6b3-ef2b-41db-9bfa-77a47d0ca582-NettyServerStreamRpc-bossGroup--thread1] INFO  logging.LoggingHandler (AbstractInternalLogger.java:log(148)) - [id: 0x208d77a0] REGISTERED
2025-07-14 15:00:02,316 [b5acb6b3-ef2b-41db-9bfa-77a47d0ca582-NettyServerStreamRpc-bossGroup--thread1] INFO  logging.LoggingHandler (AbstractInternalLogger.java:log(148)) - [id: 0x208d77a0] BIND: 0.0.0.0/0.0.0.0:15032
2025-07-14 15:00:02,316 [b5acb6b3-ef2b-41db-9bfa-77a47d0ca582-impl-thread1] INFO  server.RaftServer (RaftServerProxy.java:initGroupDir(270)) - b5acb6b3-ef2b-41db-9bfa-77a47d0ca582: found a subdirectory /home/runner/work/ozone/ozone/hadoop-ozone/integration-test/target/test-dir/MiniOzoneClusterImpl-aaa7dc72-7fbf-48e0-acc5-129182712624/ozone-meta/datanode-3/ratis/tmp
2025-07-14 15:00:02,316 [b5acb6b3-ef2b-41db-9bfa-77a47d0ca582-impl-thread1] INFO  server.RaftServer (RaftServerProxy.java:initGroupDir(275)) - b5acb6b3-ef2b-41db-9bfa-77a47d0ca582: The directory /home/runner/work/ozone/ozone/hadoop-ozone/integration-test/target/test-dir/MiniOzoneClusterImpl-aaa7dc72-7fbf-48e0-acc5-129182712624/ozone-meta/datanode-3/ratis/tmp is not a group directory; ignoring it. 
2025-07-14 15:00:02,316 [b5acb6b3-ef2b-41db-9bfa-77a47d0ca582-NettyServerStreamRpc-bossGroup--thread1] INFO  logging.LoggingHandler (AbstractInternalLogger.java:log(148)) - [id: 0x208d77a0, L:/0.0.0.0:15032] ACTIVE
2025-07-14 15:00:02,316 [main] INFO  replication.ReplicationServer (ReplicationServer.java:<init>(84)) - Initializing replication server with thread count = 10 queue length = 4096
2025-07-14 15:00:02,318 [main] INFO  server.XceiverServerGrpc (XceiverServerGrpc.java:<init>(130)) - GrpcServer channel type EpollServerSocketChannel
2025-07-14 15:00:02,320 [main] INFO  replication.ReplicationSupervisor (ReplicationSupervisor.java:build(169)) - Initializing replication supervisor with thread count = 10
2025-07-14 15:00:02,320 [main] INFO  replication.ReplicationSupervisor (ReplicationSupervisor.java:nodeStateUpdated(358)) - Node state updated to IN_SERVICE, scaling executor pool size to 10
2025-07-14 15:00:02,323 [main] INFO  http.BaseHttpServer (BaseHttpServer.java:newHttpServer2BuilderForOzone(229)) - Starting Web-server for hddsDatanode at: http://0.0.0.0:15026
2025-07-14 15:00:02,324 [main] INFO  http.BaseHttpServer (BaseHttpServer.java:<init>(107)) - Hadoop Security Enabled: false Ozone Security Enabled: false Ozone HTTP Security Enabled: false 
2025-07-14 15:00:02,325 [main] WARN  server.AuthenticationFilter (AuthenticationFilter.java:constructSecretProvider(240)) - Unable to initialize FileSignerSecretProvider, falling back to use random secrets. Reason: Could not read signature secret file: /home/runner/hadoop-http-auth-signature-secret
2025-07-14 15:00:02,328 [main] INFO  http.HttpServer2 (HttpServer2.java:addGlobalFilter(1042)) - Added global filter 'safety' (class=org.apache.hadoop.hdds.server.http.HttpServer2$QuotingInputFilter)
2025-07-14 15:00:02,329 [main] INFO  http.HttpServer2 (HttpServer2.java:addFilter(1018)) - Added filter static_user_filter (class=org.apache.hadoop.http.lib.StaticUserWebFilter$StaticUserFilter) to context hddsDatanode
2025-07-14 15:00:02,329 [main] INFO  http.HttpServer2 (HttpServer2.java:addFilter(1026)) - Added filter static_user_filter (class=org.apache.hadoop.http.lib.StaticUserWebFilter$StaticUserFilter) to context static
2025-07-14 15:00:02,330 [main] INFO  http.HttpServer2 (HttpServer2.java:addFilter(1026)) - Added filter static_user_filter (class=org.apache.hadoop.http.lib.StaticUserWebFilter$StaticUserFilter) to context logs
2025-07-14 15:00:02,330 [main] INFO  http.BaseHttpServer (BaseHttpServer.java:<init>(195)) - HTTP server of hddsDatanode uses base directory /home/runner/work/ozone/ozone/hadoop-ozone/integration-test/target/test-dir/MiniOzoneClusterImpl-aaa7dc72-7fbf-48e0-acc5-129182712624/ozone-meta/datanode-3/meta/webserver
2025-07-14 15:00:02,331 [main] INFO  http.HttpServer2 (HttpServer2.java:bindListener(1242)) - Jetty bound to port 15026
2025-07-14 15:00:02,331 [main] INFO  server.Server (Server.java:doStart(375)) - jetty-9.4.57.v20241219; built: 2025-01-08T21:24:30.412Z; git: df524e6b29271c2e09ba9aea83c18dc9db464a31; jvm 21.0.7+6-LTS
2025-07-14 15:00:02,332 [main] INFO  server.session (DefaultSessionIdManager.java:doStart(334)) - DefaultSessionIdManager workerName=node0
2025-07-14 15:00:02,332 [main] INFO  server.session (DefaultSessionIdManager.java:doStart(339)) - No SessionScavenger set, using defaults
2025-07-14 15:00:02,333 [main] INFO  server.session (HouseKeeper.java:startScavenging(132)) - node0 Scavenging every 660000ms
2025-07-14 15:00:02,333 [main] INFO  handler.ContextHandler (ContextHandler.java:doStart(921)) - Started o.e.j.s.ServletContextHandler@1768c0b3{logs,/logs,file:///home/runner/work/ozone/ozone/hadoop-ozone/integration-test/target/log,AVAILABLE}
2025-07-14 15:00:02,334 [main] INFO  handler.ContextHandler (ContextHandler.java:doStart(921)) - Started o.e.j.s.ServletContextHandler@3afbbcf{static,/static,jar:file:/home/runner/work/ozone/ozone/hadoop-hdds/container-service/target/hdds-container-service-2.1.0-SNAPSHOT.jar!/webapps/static,AVAILABLE}
2025-07-14 15:00:02,446 [om1@group-C5BA1605619E-FollowerState] INFO  impl.FollowerState (FollowerState.java:runImpl(161)) - om1@group-C5BA1605619E-FollowerState: change to CANDIDATE, lastRpcElapsedTime:1118803368ns, electionTimeout:1118ms
2025-07-14 15:00:02,446 [om1@group-C5BA1605619E-FollowerState] INFO  impl.RoleInfo (RoleInfo.java:shutdownFollowerState(121)) - om1: shutdown om1@group-C5BA1605619E-FollowerState
2025-07-14 15:00:02,446 [om1@group-C5BA1605619E-FollowerState] INFO  server.RaftServer$Division (RaftServerImpl.java:setRole(392)) - om1@group-C5BA1605619E: changes role from  FOLLOWER to CANDIDATE at term 0 for changeToCandidate
2025-07-14 15:00:02,447 [om1@group-C5BA1605619E-FollowerState] INFO  impl.RoleInfo (RoleInfo.java:updateAndGet(148)) - om1: start om1@group-C5BA1605619E-LeaderElection3
2025-07-14 15:00:02,447 [om1@group-C5BA1605619E-LeaderElection3] INFO  impl.LeaderElection (LeaderElection.java:askForVotes(448)) - om1@group-C5BA1605619E-LeaderElection3 PRE_VOTE round 0: submit vote requests at term 0 for conf: {index: -1, cur=peers:[om1|localhost:15009]|listeners:[], old=null}
2025-07-14 15:00:02,447 [om1@group-C5BA1605619E-LeaderElection3] INFO  impl.LeaderElection (LeaderElection.java:askForVotes(450)) - om1@group-C5BA1605619E-LeaderElection3 PRE_VOTE round 0: result PASSED (term=0)
2025-07-14 15:00:02,449 [om1@group-C5BA1605619E-LeaderElection3] INFO  impl.LeaderElection (LeaderElection.java:askForVotes(448)) - om1@group-C5BA1605619E-LeaderElection3 ELECTION round 0: submit vote requests at term 1 for conf: {index: -1, cur=peers:[om1|localhost:15009]|listeners:[], old=null}
2025-07-14 15:00:02,449 [om1@group-C5BA1605619E-LeaderElection3] INFO  impl.LeaderElection (LeaderElection.java:askForVotes(450)) - om1@group-C5BA1605619E-LeaderElection3 ELECTION round 0: result PASSED (term=1)
2025-07-14 15:00:02,449 [om1@group-C5BA1605619E-LeaderElection3] INFO  impl.RoleInfo (RoleInfo.java:shutdownLeaderElection(141)) - om1: shutdown om1@group-C5BA1605619E-LeaderElection3
2025-07-14 15:00:02,449 [om1@group-C5BA1605619E-LeaderElection3] INFO  server.RaftServer$Division (RaftServerImpl.java:setRole(392)) - om1@group-C5BA1605619E: changes role from CANDIDATE to LEADER at term 1 for changeToLeader
2025-07-14 15:00:02,449 [om1@group-C5BA1605619E-LeaderElection3] INFO  server.RaftServerConfigKeys (ConfUtils.java:logFallback(69)) - raft.server.staging.timeout = 3600ms (fallback to raft.server.rpc.timeout.max)
2025-07-14 15:00:02,451 [om1@group-C5BA1605619E-LeaderElection3] INFO  impl.RoleInfo (RoleInfo.java:updateAndGet(148)) - om1: start om1@group-C5BA1605619E-LeaderStateImpl
2025-07-14 15:00:02,451 [om1@group-C5BA1605619E-LeaderElection3] INFO  server.RaftServer$Division (RaftServerImpl.java:setFirstElection(576)) - om1@group-C5BA1605619E: set firstElectionSinceStartup to false for becomeLeader
2025-07-14 15:00:02,453 [om1@group-C5BA1605619E-LeaderElection3] INFO  ratis.OzoneManagerStateMachine (OzoneManagerStateMachine.java:notifyLeaderChanged(174)) - om1@group-C5BA1605619E: leader changed to om1
2025-07-14 15:00:02,453 [om1@group-C5BA1605619E-LeaderElection3] INFO  server.RaftServer$Division (ServerState.java:setLeader(272)) - om1@group-C5BA1605619E: change Leader from null to om1 at term 1 for becomeLeader, leader elected after 2275ms
2025-07-14 15:00:02,454 [om1@group-C5BA1605619E-LeaderElection3] INFO  segmented.SegmentedRaftLogWorker (SegmentedRaftLogWorker.java:startLogSegment(440)) - om1@group-C5BA1605619E-SegmentedRaftLogWorker: Starting segment from index:0
2025-07-14 15:00:02,454 [om1@group-C5BA1605619E-LeaderElection3] INFO  server.RaftServer$Division (ServerState.java:setRaftConf(386)) - om1@group-C5BA1605619E: set configuration conf: {index: 0, cur=peers:[om1|localhost:15009]|listeners:[], old=null}
2025-07-14 15:00:02,455 [om1@group-C5BA1605619E-SegmentedRaftLogWorker] INFO  segmented.BufferedWriteChannel (BufferedWriteChannel.java:open(61)) - open log_inprogress_0 at position 0
2025-07-14 15:00:02,463 [om1@group-C5BA1605619E-SegmentedRaftLogWorker] INFO  segmented.SegmentedRaftLogWorker (SegmentedRaftLogWorker.java:execute(647)) - om1@group-C5BA1605619E-SegmentedRaftLogWorker: created new log segment /home/runner/work/ozone/ozone/hadoop-ozone/integration-test/target/test-dir/MiniOzoneClusterImpl-aaa7dc72-7fbf-48e0-acc5-129182712624/ozone-meta/ratis/bf265839-605b-3f16-9796-c5ba1605619e/current/log_inprogress_0
2025-07-14 15:00:02,465 [om1@group-C5BA1605619E-StateMachineUpdater] INFO  ratis.OzoneManagerStateMachine (OzoneManagerStateMachine.java:notifyConfigurationChanged(236)) - notifyConfigurationChanged from Ratis: term=1, index=0, New Peer list: om1(localhost:15009)
2025-07-14 15:00:02,465 [om1@group-C5BA1605619E-StateMachineUpdater] INFO  server.RaftServer$Division (LeaderStateImpl.java:checkStartIndex(309)) - Leader om1@group-C5BA1605619E-LeaderStateImpl is ready since appliedIndex == startIndex == 0
2025-07-14 15:00:02,489 [main] INFO  handler.ContextHandler (ContextHandler.java:doStart(921)) - Started o.e.j.w.WebAppContext@4de665b7{hddsDatanode,/,file:///home/runner/work/ozone/ozone/hadoop-ozone/integration-test/target/test-dir/MiniOzoneClusterImpl-aaa7dc72-7fbf-48e0-acc5-129182712624/ozone-meta/datanode-3/meta/webserver/jetty-0_0_0_0-15026-hdds-container-service-2_1_0-SNAPSHOT_jar-_-any-6818902312376259666/webapp/,AVAILABLE}{jar:file:/home/runner/work/ozone/ozone/hadoop-hdds/container-service/target/hdds-container-service-2.1.0-SNAPSHOT.jar!/webapps/hddsDatanode}
2025-07-14 15:00:02,490 [main] INFO  server.AbstractConnector (AbstractConnector.java:doStart(333)) - Started ServerConnector@464cbc59{HTTP/1.1, (http/1.1)}{0.0.0.0:15026}
2025-07-14 15:00:02,490 [main] INFO  server.Server (Server.java:doStart(415)) - Started @12054ms
2025-07-14 15:00:02,491 [main] WARN  impl.MetricsSystemImpl (MetricsSystemImpl.java:register(279)) - Sink prometheus already exists!
2025-07-14 15:00:02,491 [main] INFO  http.BaseHttpServer (BaseHttpServer.java:updateConnectorAddress(359)) - HTTP server of hddsDatanode listening at http://localhost:15026
2025-07-14 15:00:02,491 [main] INFO  ipc.CallQueueManager (CallQueueManager.java:<init>(93)) - Using callQueue: class java.util.concurrent.LinkedBlockingQueue, queueCapacity: 1000, scheduler: class org.apache.hadoop.ipc.DefaultRpcScheduler, ipcBackoff: false, ipcFailOver: false.
2025-07-14 15:00:02,491 [main] INFO  ipc.Server (Server.java:<init>(1438)) - Listener at 0.0.0.0:15027
2025-07-14 15:00:02,492 [Socket Reader #1 for port 15027] INFO  ipc.Server (Server.java:run(1474)) - Starting Socket Reader #1 for port 15027
2025-07-14 15:00:02,492 [Socket Reader #2 for port 15027] INFO  ipc.Server (Server.java:run(1474)) - Starting Socket Reader #2 for port 15027
2025-07-14 15:00:02,492 [Socket Reader #3 for port 15027] INFO  ipc.Server (Server.java:run(1474)) - Starting Socket Reader #3 for port 15027
2025-07-14 15:00:02,492 [Socket Reader #4 for port 15027] INFO  ipc.Server (Server.java:run(1474)) - Starting Socket Reader #4 for port 15027
2025-07-14 15:00:02,493 [Socket Reader #5 for port 15027] INFO  ipc.Server (Server.java:run(1474)) - Starting Socket Reader #5 for port 15027
2025-07-14 15:00:02,493 [Socket Reader #6 for port 15027] INFO  ipc.Server (Server.java:run(1474)) - Starting Socket Reader #6 for port 15027
2025-07-14 15:00:02,493 [Socket Reader #7 for port 15027] INFO  ipc.Server (Server.java:run(1474)) - Starting Socket Reader #7 for port 15027
2025-07-14 15:00:02,493 [Socket Reader #8 for port 15027] INFO  ipc.Server (Server.java:run(1474)) - Starting Socket Reader #8 for port 15027
2025-07-14 15:00:02,493 [Socket Reader #9 for port 15027] INFO  ipc.Server (Server.java:run(1474)) - Starting Socket Reader #9 for port 15027
2025-07-14 15:00:02,493 [Socket Reader #10 for port 15027] INFO  ipc.Server (Server.java:run(1474)) - Starting Socket Reader #10 for port 15027
2025-07-14 15:00:02,496 [main] INFO  ozone.HddsDatanodeService (HddsDatanodeService.java:start(333)) - Datanode start with admins: [admin, runner]
2025-07-14 15:00:02,496 [main] INFO  ozone.HddsDatanodeClientProtocolServer (HddsDatanodeClientProtocolServer.java:start(76)) - RPC server for Client /0.0.0.0:15027
2025-07-14 15:00:02,496 [IPC Server Responder] INFO  ipc.Server (Server.java:run(1713)) - IPC Server Responder: starting
2025-07-14 15:00:02,497 [IPC Server listener on 15027] INFO  ipc.Server (Server.java:run(1553)) - IPC Server listener on 15027: starting
2025-07-14 15:00:02,499 [main] WARN  dropwizard3.Dm3MetricRegistriesImpl (Dm3MetricRegistriesImpl.java:addReporterRegistration(114)) - New reporters are added after registries were created. Some metrics will be missing from the reporter. Please add reporter before adding any new registry.
2025-07-14 15:00:02,499 [main] WARN  dropwizard3.Dm3MetricRegistriesImpl (Dm3MetricRegistriesImpl.java:addReporterRegistration(114)) - New reporters are added after registries were created. Some metrics will be missing from the reporter. Please add reporter before adding any new registry.
2025-07-14 15:00:02,499 [main] INFO  impl.MetricsSystemImpl (MetricsSystemImpl.java:init(158)) - HddsDatanode metrics system started (again)
2025-07-14 15:00:02,501 [b5acb6b3-ef2b-41db-9bfa-77a47d0ca582-DatanodeStateMachineDaemonThread] INFO  statemachine.DatanodeStateMachine (DatanodeStateMachine.java:startStateMachineThread(347)) - Ozone container server started.
2025-07-14 15:00:02,508 [b5acb6b3-ef2b-41db-9bfa-77a47d0ca582-DatanodeStateMachineTaskThread-0] INFO  datanode.InitDatanodeState (InitDatanodeState.java:persistContainerDatanodeDetails(139)) - DatanodeDetails is persisted to /home/runner/work/ozone/ozone/hadoop-ozone/integration-test/target/test-dir/MiniOzoneClusterImpl-aaa7dc72-7fbf-48e0-acc5-129182712624/ozone-meta/datanode-3/meta/datanode.id
2025-07-14 15:00:02,526 [main] INFO  protocol.DatanodeDetails (DatanodeDetails.java:validateDatanodeIpAddress(199)) - Updating IP address of datanode a505560f-c589-4eb5-89aa-a89970ae9358(localhost/null) to 127.0.0.1
2025-07-14 15:00:02,526 [main] INFO  ozone.HddsDatanodeService (HddsDatanodeService.java:start(236)) - HddsDatanodeService a505560f-c589-4eb5-89aa-a89970ae9358(localhost/127.0.0.1)
2025-07-14 15:00:02,529 [main] INFO  upgrade.AbstractLayoutVersionManager (AbstractLayoutVersionManager.java:init(80)) - Initializing Layout version manager with metadata layout = HBASE_SUPPORT (version = 8), software layout = HBASE_SUPPORT (version = 8)
2025-07-14 15:00:02,530 [main] INFO  statemachine.DatanodeStateMachine (DatanodeStateMachine.java:getEndPointTaskThreadPoolSize(305)) - Datanode State Machine Task Thread Pool size 2
2025-07-14 15:00:02,534 [main] INFO  volume.HddsVolume (HddsVolume.java:<init>(162)) - HddsVolume: { id=DS-6d2d21de-81cc-451b-b87a-9300bb464416 dir=/home/runner/work/ozone/ozone/hadoop-ozone/integration-test/target/test-dir/MiniOzoneClusterImpl-aaa7dc72-7fbf-48e0-acc5-129182712624/ozone-meta/datanode-4/data-0/hdds type=DISK capacity=9222449699674390527 used=0 available=9222449699674390527 minFree=9222450130714624 committed=0 }
2025-07-14 15:00:02,534 [main] INFO  volume.MutableVolumeSet (MutableVolumeSet.java:initializeVolumeSet(167)) - Added Volume : /home/runner/work/ozone/ozone/hadoop-ozone/integration-test/target/test-dir/MiniOzoneClusterImpl-aaa7dc72-7fbf-48e0-acc5-129182712624/ozone-meta/datanode-4/data-0/hdds to VolumeSet
2025-07-14 15:00:02,536 [main] INFO  volume.MutableVolumeSet (MutableVolumeSet.java:initializeVolumeSet(167)) - Added Volume : /home/runner/work/ozone/ozone/hadoop-ozone/integration-test/target/test-dir/MiniOzoneClusterImpl-aaa7dc72-7fbf-48e0-acc5-129182712624/ozone-meta/datanode-4/ratis to VolumeSet
2025-07-14 15:00:02,537 [main] INFO  ozoneimpl.OzoneContainer (HddsVolumeUtil.java:loadAllHddsVolumeDbStore(102)) - Load 1 volumes DbStore cost: 1ms
2025-07-14 15:00:02,538 [main] WARN  db.DBStoreBuilder (DBStoreBuilder.java:getDBDirPath(158)) - ozone.scm.datanode.id.dir is not configured. We recommend adding this setting. Falling back to ozone.metadata.dirs instead.
2025-07-14 15:00:02,539 [main] WARN  db.DBStoreBuilder (DBStoreBuilder.java:getDBDirPath(158)) - ozone.scm.datanode.id.dir is not configured. We recommend adding this setting. Falling back to ozone.metadata.dirs instead.
2025-07-14 15:00:02,554 [main] INFO  impl.FilePerChunkStrategy (FilePerChunkStrategy.java:<init>(79)) - ozone.chunk.read.mapped.buffer.max.count is load with 0
2025-07-14 15:00:02,554 [main] INFO  impl.FilePerBlockStrategy (FilePerBlockStrategy.java:<init>(88)) - ozone.chunk.read.mapped.buffer.max.count is load with 0
2025-07-14 15:00:02,555 [main] INFO  server.RaftServerConfigKeys (ConfUtils.java:logGet(62)) - raft.server.log.appender.buffer.byte-limit = 33554432 (custom)
2025-07-14 15:00:02,557 [main] INFO  grpc.GrpcConfigKeys (ConfUtils.java:logFallback(69)) - raft.grpc.admin.host = null (fallback to raft.grpc.server.host)
2025-07-14 15:00:02,557 [main] INFO  grpc.GrpcConfigKeys (ConfUtils.java:logGet(62)) - raft.grpc.admin.port = 15038 (custom)
2025-07-14 15:00:02,558 [main] INFO  grpc.GrpcConfigKeys (ConfUtils.java:logFallback(69)) - raft.grpc.client.host = null (fallback to raft.grpc.server.host)
2025-07-14 15:00:02,558 [main] INFO  grpc.GrpcConfigKeys (ConfUtils.java:logGet(62)) - raft.grpc.client.port = 15037 (custom)
2025-07-14 15:00:02,558 [main] INFO  grpc.GrpcConfigKeys (ConfUtils.java:logGet(62)) - raft.grpc.server.port = 15039 (custom)
2025-07-14 15:00:02,558 [main] INFO  server.GrpcServicesImpl (ConfUtils.java:logGet(62)) - raft.grpc.message.size.max = 34603008 (custom)
2025-07-14 15:00:02,558 [main] INFO  server.GrpcServicesImpl (ConfUtils.java:logGet(62)) - raft.grpc.flow.control.window = 5MB (=5242880) (custom)
2025-07-14 15:00:02,558 [main] INFO  server.RaftServerConfigKeys (ConfUtils.java:logGet(62)) - raft.server.log.appender.buffer.byte-limit = 33554432 (custom)
2025-07-14 15:00:02,560 [main] INFO  netty.NettyUtils (NettyUtils.java:newEventLoopGroup(74)) - Create EpollEventLoopGroup for a505560f-c589-4eb5-89aa-a89970ae9358-NettyServerStreamRpc-bossGroup; Thread size is 0.
2025-07-14 15:00:02,561 [main] INFO  netty.NettyUtils (NettyUtils.java:newEventLoopGroup(74)) - Create EpollEventLoopGroup for a505560f-c589-4eb5-89aa-a89970ae9358-NettyServerStreamRpc-workerGroup; Thread size is 0.
2025-07-14 15:00:02,562 [main] INFO  netty.NettyConfigKeys$DataStream (ConfUtils.java:logGet(62)) - raft.netty.dataStream.port = 15040 (custom)
2025-07-14 15:00:02,563 [main] INFO  server.RaftServerConfigKeys (ConfUtils.java:logGet(62)) - raft.server.storage.dir = [/home/runner/work/ozone/ozone/hadoop-ozone/integration-test/target/test-dir/MiniOzoneClusterImpl-aaa7dc72-7fbf-48e0-acc5-129182712624/ozone-meta/datanode-4/ratis] (custom)
2025-07-14 15:00:02,564 [a505560f-c589-4eb5-89aa-a89970ae9358-NettyServerStreamRpc-bossGroup--thread1] INFO  logging.LoggingHandler (AbstractInternalLogger.java:log(148)) - [id: 0x1da51a65] REGISTERED
2025-07-14 15:00:02,564 [a505560f-c589-4eb5-89aa-a89970ae9358-NettyServerStreamRpc-bossGroup--thread1] INFO  logging.LoggingHandler (AbstractInternalLogger.java:log(148)) - [id: 0x1da51a65] BIND: 0.0.0.0/0.0.0.0:15040
2025-07-14 15:00:02,565 [a505560f-c589-4eb5-89aa-a89970ae9358-impl-thread1] INFO  server.RaftServer (RaftServerProxy.java:initGroupDir(270)) - a505560f-c589-4eb5-89aa-a89970ae9358: found a subdirectory /home/runner/work/ozone/ozone/hadoop-ozone/integration-test/target/test-dir/MiniOzoneClusterImpl-aaa7dc72-7fbf-48e0-acc5-129182712624/ozone-meta/datanode-4/ratis/tmp
2025-07-14 15:00:02,565 [a505560f-c589-4eb5-89aa-a89970ae9358-impl-thread1] INFO  server.RaftServer (RaftServerProxy.java:initGroupDir(275)) - a505560f-c589-4eb5-89aa-a89970ae9358: The directory /home/runner/work/ozone/ozone/hadoop-ozone/integration-test/target/test-dir/MiniOzoneClusterImpl-aaa7dc72-7fbf-48e0-acc5-129182712624/ozone-meta/datanode-4/ratis/tmp is not a group directory; ignoring it. 
2025-07-14 15:00:02,565 [a505560f-c589-4eb5-89aa-a89970ae9358-NettyServerStreamRpc-bossGroup--thread1] INFO  logging.LoggingHandler (AbstractInternalLogger.java:log(148)) - [id: 0x1da51a65, L:/0.0.0.0:15040] ACTIVE
2025-07-14 15:00:02,565 [main] INFO  replication.ReplicationServer (ReplicationServer.java:<init>(84)) - Initializing replication server with thread count = 10 queue length = 4096
2025-07-14 15:00:02,567 [main] INFO  server.XceiverServerGrpc (XceiverServerGrpc.java:<init>(130)) - GrpcServer channel type EpollServerSocketChannel
2025-07-14 15:00:02,570 [main] INFO  replication.ReplicationSupervisor (ReplicationSupervisor.java:build(169)) - Initializing replication supervisor with thread count = 10
2025-07-14 15:00:02,570 [main] INFO  replication.ReplicationSupervisor (ReplicationSupervisor.java:nodeStateUpdated(358)) - Node state updated to IN_SERVICE, scaling executor pool size to 10
2025-07-14 15:00:02,575 [main] INFO  http.BaseHttpServer (BaseHttpServer.java:newHttpServer2BuilderForOzone(229)) - Starting Web-server for hddsDatanode at: http://0.0.0.0:15034
2025-07-14 15:00:02,575 [main] INFO  http.BaseHttpServer (BaseHttpServer.java:<init>(107)) - Hadoop Security Enabled: false Ozone Security Enabled: false Ozone HTTP Security Enabled: false 
2025-07-14 15:00:02,578 [main] WARN  server.AuthenticationFilter (AuthenticationFilter.java:constructSecretProvider(240)) - Unable to initialize FileSignerSecretProvider, falling back to use random secrets. Reason: Could not read signature secret file: /home/runner/hadoop-http-auth-signature-secret
2025-07-14 15:00:02,580 [main] INFO  http.HttpServer2 (HttpServer2.java:addGlobalFilter(1042)) - Added global filter 'safety' (class=org.apache.hadoop.hdds.server.http.HttpServer2$QuotingInputFilter)
2025-07-14 15:00:02,582 [main] INFO  http.HttpServer2 (HttpServer2.java:addFilter(1018)) - Added filter static_user_filter (class=org.apache.hadoop.http.lib.StaticUserWebFilter$StaticUserFilter) to context hddsDatanode
2025-07-14 15:00:02,582 [main] INFO  http.HttpServer2 (HttpServer2.java:addFilter(1026)) - Added filter static_user_filter (class=org.apache.hadoop.http.lib.StaticUserWebFilter$StaticUserFilter) to context logs
2025-07-14 15:00:02,582 [main] INFO  http.HttpServer2 (HttpServer2.java:addFilter(1026)) - Added filter static_user_filter (class=org.apache.hadoop.http.lib.StaticUserWebFilter$StaticUserFilter) to context static
2025-07-14 15:00:02,583 [main] INFO  http.BaseHttpServer (BaseHttpServer.java:<init>(195)) - HTTP server of hddsDatanode uses base directory /home/runner/work/ozone/ozone/hadoop-ozone/integration-test/target/test-dir/MiniOzoneClusterImpl-aaa7dc72-7fbf-48e0-acc5-129182712624/ozone-meta/datanode-4/meta/webserver
2025-07-14 15:00:02,583 [main] INFO  http.HttpServer2 (HttpServer2.java:bindListener(1242)) - Jetty bound to port 15034
2025-07-14 15:00:02,583 [main] INFO  server.Server (Server.java:doStart(375)) - jetty-9.4.57.v20241219; built: 2025-01-08T21:24:30.412Z; git: df524e6b29271c2e09ba9aea83c18dc9db464a31; jvm 21.0.7+6-LTS
2025-07-14 15:00:02,587 [main] INFO  server.session (DefaultSessionIdManager.java:doStart(334)) - DefaultSessionIdManager workerName=node0
2025-07-14 15:00:02,587 [main] INFO  server.session (DefaultSessionIdManager.java:doStart(339)) - No SessionScavenger set, using defaults
2025-07-14 15:00:02,587 [main] INFO  server.session (HouseKeeper.java:startScavenging(132)) - node0 Scavenging every 600000ms
2025-07-14 15:00:02,588 [main] INFO  handler.ContextHandler (ContextHandler.java:doStart(921)) - Started o.e.j.s.ServletContextHandler@466eddc6{logs,/logs,file:///home/runner/work/ozone/ozone/hadoop-ozone/integration-test/target/log,AVAILABLE}
2025-07-14 15:00:02,589 [main] INFO  handler.ContextHandler (ContextHandler.java:doStart(921)) - Started o.e.j.s.ServletContextHandler@650c9a94{static,/static,jar:file:/home/runner/work/ozone/ozone/hadoop-hdds/container-service/target/hdds-container-service-2.1.0-SNAPSHOT.jar!/webapps/static,AVAILABLE}
2025-07-14 15:00:02,624 [311b5faf-4d73-479d-9d03-a3296c64f810-EndpointStateMachineTaskThread-/0.0.0.0:15002-0 ] INFO  utils.DatanodeStoreCache (DatanodeStoreCache.java:addDB(70)) - Added db /home/runner/work/ozone/ozone/hadoop-ozone/integration-test/target/test-dir/MiniOzoneClusterImpl-aaa7dc72-7fbf-48e0-acc5-129182712624/ozone-meta/datanode-1/data-0/hdds/aaa7dc72-7fbf-48e0-acc5-129182712624/DS-1b72afe3-2307-48a1-83ad-7a97c97707d1/container.db to cache
2025-07-14 15:00:02,624 [311b5faf-4d73-479d-9d03-a3296c64f810-EndpointStateMachineTaskThread-/0.0.0.0:15002-0 ] INFO  volume.HddsVolume (HddsVolume.java:createDbStore(575)) - SchemaV3 db is created and loaded at /home/runner/work/ozone/ozone/hadoop-ozone/integration-test/target/test-dir/MiniOzoneClusterImpl-aaa7dc72-7fbf-48e0-acc5-129182712624/ozone-meta/datanode-1/data-0/hdds/aaa7dc72-7fbf-48e0-acc5-129182712624/DS-1b72afe3-2307-48a1-83ad-7a97c97707d1/container.db for volume DS-1b72afe3-2307-48a1-83ad-7a97c97707d1
2025-07-14 15:00:02,634 [311b5faf-4d73-479d-9d03-a3296c64f810-ContainerReader-0] INFO  ozoneimpl.ContainerReader (ContainerReader.java:readVolume(144)) - Start to verify containers on volume /home/runner/work/ozone/ozone/hadoop-ozone/integration-test/target/test-dir/MiniOzoneClusterImpl-aaa7dc72-7fbf-48e0-acc5-129182712624/ozone-meta/datanode-1/data-0/hdds
2025-07-14 15:00:02,634 [311b5faf-4d73-479d-9d03-a3296c64f810-ContainerReader-0] INFO  ozoneimpl.ContainerReader (ContainerReader.java:readVolume(174)) - Finish verifying containers on volume /home/runner/work/ozone/ozone/hadoop-ozone/integration-test/target/test-dir/MiniOzoneClusterImpl-aaa7dc72-7fbf-48e0-acc5-129182712624/ozone-meta/datanode-1/data-0/hdds
2025-07-14 15:00:02,635 [311b5faf-4d73-479d-9d03-a3296c64f810-EndpointStateMachineTaskThread-/0.0.0.0:15002-0 ] INFO  ozoneimpl.OzoneContainer (OzoneContainer.java:buildContainerSet(370)) - Build ContainerSet costs 0s
2025-07-14 15:00:02,636 [311b5faf-4d73-479d-9d03-a3296c64f810-EndpointStateMachineTaskThread-/0.0.0.0:15002-0 ] INFO  volume.ThrottledAsyncChecker (ThrottledAsyncChecker.java:schedule(138)) - Scheduling a check for /home/runner/work/ozone/ozone/hadoop-ozone/integration-test/target/test-dir/MiniOzoneClusterImpl-aaa7dc72-7fbf-48e0-acc5-129182712624/ozone-meta/datanode-1/data-0/hdds
2025-07-14 15:00:02,641 [311b5faf-4d73-479d-9d03-a3296c64f810-EndpointStateMachineTaskThread-/0.0.0.0:15002-0 ] INFO  volume.StorageVolumeChecker (StorageVolumeChecker.java:checkAllVolumes(215)) - Scheduled health check for volume /home/runner/work/ozone/ozone/hadoop-ozone/integration-test/target/test-dir/MiniOzoneClusterImpl-aaa7dc72-7fbf-48e0-acc5-129182712624/ozone-meta/datanode-1/data-0/hdds
2025-07-14 15:00:02,648 [311b5faf-4d73-479d-9d03-a3296c64f810-EndpointStateMachineTaskThread-/0.0.0.0:15002-0 ] INFO  volume.ThrottledAsyncChecker (ThrottledAsyncChecker.java:schedule(138)) - Scheduling a check for /home/runner/work/ozone/ozone/hadoop-ozone/integration-test/target/test-dir/MiniOzoneClusterImpl-aaa7dc72-7fbf-48e0-acc5-129182712624/ozone-meta/datanode-1/ratis
2025-07-14 15:00:02,649 [311b5faf-4d73-479d-9d03-a3296c64f810-EndpointStateMachineTaskThread-/0.0.0.0:15002-0 ] INFO  volume.StorageVolumeChecker (StorageVolumeChecker.java:checkAllVolumes(215)) - Scheduled health check for volume /home/runner/work/ozone/ozone/hadoop-ozone/integration-test/target/test-dir/MiniOzoneClusterImpl-aaa7dc72-7fbf-48e0-acc5-129182712624/ozone-meta/datanode-1/ratis
2025-07-14 15:00:02,650 [311b5faf-4d73-479d-9d03-a3296c64f810-EndpointStateMachineTaskThread-/0.0.0.0:15002-0 ] INFO  ozoneimpl.OzoneContainer (OzoneContainer.java:start(520)) - Attempting to start container services.
2025-07-14 15:00:02,655 [ContainerMetadataScanner] INFO  ozoneimpl.AbstractBackgroundContainerScanner (AbstractBackgroundContainerScanner.java:runIteration(89)) - Completed an iteration in 0 minutes. Number of iterations (since the data-node restart) : 1, Number of containers scanned in this iteration : 0, Number of unhealthy containers found in this iteration : 0
2025-07-14 15:00:02,659 [ContainerDataScanner(/home/runner/work/ozone/ozone/hadoop-ozone/integration-test/target/test-dir/MiniOzoneClusterImpl-aaa7dc72-7fbf-48e0-acc5-129182712624/ozone-meta/datanode-1/data-0/hdds)] INFO  ozoneimpl.AbstractBackgroundContainerScanner (AbstractBackgroundContainerScanner.java:runIteration(89)) - Completed an iteration in 0 minutes. Number of iterations (since the data-node restart) : 1, Number of containers scanned in this iteration : 0, Number of unhealthy containers found in this iteration : 0
2025-07-14 15:00:02,661 [311b5faf-4d73-479d-9d03-a3296c64f810-EndpointStateMachineTaskThread-/0.0.0.0:15002-0 ] INFO  replication.ReplicationServer (ReplicationServer.java:start(137)) - ReplicationServer is started using port 15017
2025-07-14 15:00:02,662 [311b5faf-4d73-479d-9d03-a3296c64f810-EndpointStateMachineTaskThread-/0.0.0.0:15002-0 ] INFO  ratis.XceiverServerRatis (XceiverServerRatis.java:start(559)) - Starting XceiverServerRatis(311b5faf-4d73-479d-9d03-a3296c64f810)
2025-07-14 15:00:02,664 [311b5faf-4d73-479d-9d03-a3296c64f810-EndpointStateMachineTaskThread-/0.0.0.0:15002-0 ] INFO  server.RaftServer (RaftServerProxy.java:startImpl(412)) - 311b5faf-4d73-479d-9d03-a3296c64f810: start RPC server
2025-07-14 15:00:02,664 [311b5faf-4d73-479d-9d03-a3296c64f810-EndpointStateMachineTaskThread-/0.0.0.0:15002-0 ] INFO  server.GrpcServicesImpl (GrpcServicesImpl.java:startImpl(346)) - 311b5faf-4d73-479d-9d03-a3296c64f810: GrpcServicesImpl started, listening on 15013
2025-07-14 15:00:02,665 [311b5faf-4d73-479d-9d03-a3296c64f810-EndpointStateMachineTaskThread-/0.0.0.0:15002-0 ] INFO  server.GrpcServicesImpl (GrpcServicesImpl.java:startImpl(346)) - 311b5faf-4d73-479d-9d03-a3296c64f810: GrpcServicesImpl started, listening on 15015
2025-07-14 15:00:02,666 [311b5faf-4d73-479d-9d03-a3296c64f810-EndpointStateMachineTaskThread-/0.0.0.0:15002-0 ] INFO  server.GrpcServicesImpl (GrpcServicesImpl.java:startImpl(346)) - 311b5faf-4d73-479d-9d03-a3296c64f810: GrpcServicesImpl started, listening on 15014
2025-07-14 15:00:02,666 [311b5faf-4d73-479d-9d03-a3296c64f810-EndpointStateMachineTaskThread-/0.0.0.0:15002-0 ] INFO  ratis.XceiverServerRatis (XceiverServerRatis.java:getRealPort(586)) - XceiverServerRatis(311b5faf-4d73-479d-9d03-a3296c64f810) is started using port RATIS=15013
2025-07-14 15:00:02,666 [311b5faf-4d73-479d-9d03-a3296c64f810-EndpointStateMachineTaskThread-/0.0.0.0:15002-0 ] INFO  ratis.XceiverServerRatis (XceiverServerRatis.java:getRealPort(586)) - XceiverServerRatis(311b5faf-4d73-479d-9d03-a3296c64f810) is started using port RATIS_ADMIN=15014
2025-07-14 15:00:02,666 [311b5faf-4d73-479d-9d03-a3296c64f810-EndpointStateMachineTaskThread-/0.0.0.0:15002-0 ] INFO  ratis.XceiverServerRatis (XceiverServerRatis.java:getRealPort(586)) - XceiverServerRatis(311b5faf-4d73-479d-9d03-a3296c64f810) is started using port RATIS_SERVER=15015
2025-07-14 15:00:02,666 [JvmPauseMonitor3] INFO  util.JvmPauseMonitor (JvmPauseMonitor.java:run(146)) - JvmPauseMonitor-311b5faf-4d73-479d-9d03-a3296c64f810: Started
2025-07-14 15:00:02,666 [311b5faf-4d73-479d-9d03-a3296c64f810-EndpointStateMachineTaskThread-/0.0.0.0:15002-0 ] INFO  ratis.XceiverServerRatis (XceiverServerRatis.java:getRealPort(586)) - XceiverServerRatis(311b5faf-4d73-479d-9d03-a3296c64f810) is started using port RATIS_DATASTREAM=15016
2025-07-14 15:00:02,667 [311b5faf-4d73-479d-9d03-a3296c64f810-EndpointStateMachineTaskThread-/0.0.0.0:15002-0 ] INFO  utils.BackgroundService (BackgroundService.java:start(118)) - Starting service BlockDeletingService with interval 60000 milliseconds
2025-07-14 15:00:02,668 [311b5faf-4d73-479d-9d03-a3296c64f810-EndpointStateMachineTaskThread-/0.0.0.0:15002-0 ] INFO  utils.BackgroundService (BackgroundService.java:start(118)) - Starting service StaleRecoveringContainerScrubbingService with interval 60000 milliseconds
2025-07-14 15:00:02,749 [main] INFO  handler.ContextHandler (ContextHandler.java:doStart(921)) - Started o.e.j.w.WebAppContext@355a4108{hddsDatanode,/,file:///home/runner/work/ozone/ozone/hadoop-ozone/integration-test/target/test-dir/MiniOzoneClusterImpl-aaa7dc72-7fbf-48e0-acc5-129182712624/ozone-meta/datanode-4/meta/webserver/jetty-0_0_0_0-15034-hdds-container-service-2_1_0-SNAPSHOT_jar-_-any-5612928438430883166/webapp/,AVAILABLE}{jar:file:/home/runner/work/ozone/ozone/hadoop-hdds/container-service/target/hdds-container-service-2.1.0-SNAPSHOT.jar!/webapps/hddsDatanode}
2025-07-14 15:00:02,750 [main] INFO  server.AbstractConnector (AbstractConnector.java:doStart(333)) - Started ServerConnector@471a163a{HTTP/1.1, (http/1.1)}{0.0.0.0:15034}
2025-07-14 15:00:02,750 [main] INFO  server.Server (Server.java:doStart(415)) - Started @12314ms
2025-07-14 15:00:02,750 [main] WARN  impl.MetricsSystemImpl (MetricsSystemImpl.java:register(279)) - Sink prometheus already exists!
2025-07-14 15:00:02,751 [main] INFO  http.BaseHttpServer (BaseHttpServer.java:updateConnectorAddress(359)) - HTTP server of hddsDatanode listening at http://localhost:15034
2025-07-14 15:00:02,751 [main] INFO  ipc.CallQueueManager (CallQueueManager.java:<init>(93)) - Using callQueue: class java.util.concurrent.LinkedBlockingQueue, queueCapacity: 1000, scheduler: class org.apache.hadoop.ipc.DefaultRpcScheduler, ipcBackoff: false, ipcFailOver: false.
2025-07-14 15:00:02,751 [main] INFO  ipc.Server (Server.java:<init>(1438)) - Listener at 0.0.0.0:15035
2025-07-14 15:00:02,752 [Socket Reader #1 for port 15035] INFO  ipc.Server (Server.java:run(1474)) - Starting Socket Reader #1 for port 15035
2025-07-14 15:00:02,752 [Socket Reader #2 for port 15035] INFO  ipc.Server (Server.java:run(1474)) - Starting Socket Reader #2 for port 15035
2025-07-14 15:00:02,752 [Socket Reader #3 for port 15035] INFO  ipc.Server (Server.java:run(1474)) - Starting Socket Reader #3 for port 15035
2025-07-14 15:00:02,752 [Socket Reader #4 for port 15035] INFO  ipc.Server (Server.java:run(1474)) - Starting Socket Reader #4 for port 15035
2025-07-14 15:00:02,753 [Socket Reader #5 for port 15035] INFO  ipc.Server (Server.java:run(1474)) - Starting Socket Reader #5 for port 15035
2025-07-14 15:00:02,753 [Socket Reader #6 for port 15035] INFO  ipc.Server (Server.java:run(1474)) - Starting Socket Reader #6 for port 15035
2025-07-14 15:00:02,753 [Socket Reader #7 for port 15035] INFO  ipc.Server (Server.java:run(1474)) - Starting Socket Reader #7 for port 15035
2025-07-14 15:00:02,753 [Socket Reader #8 for port 15035] INFO  ipc.Server (Server.java:run(1474)) - Starting Socket Reader #8 for port 15035
2025-07-14 15:00:02,753 [Socket Reader #9 for port 15035] INFO  ipc.Server (Server.java:run(1474)) - Starting Socket Reader #9 for port 15035
2025-07-14 15:00:02,754 [Socket Reader #10 for port 15035] INFO  ipc.Server (Server.java:run(1474)) - Starting Socket Reader #10 for port 15035
2025-07-14 15:00:02,756 [main] INFO  ozone.HddsDatanodeService (HddsDatanodeService.java:start(333)) - Datanode start with admins: [admin, runner]
2025-07-14 15:00:02,756 [main] INFO  ozone.HddsDatanodeClientProtocolServer (HddsDatanodeClientProtocolServer.java:start(76)) - RPC server for Client /0.0.0.0:15035
2025-07-14 15:00:02,756 [IPC Server Responder] INFO  ipc.Server (Server.java:run(1713)) - IPC Server Responder: starting
2025-07-14 15:00:02,756 [IPC Server listener on 15035] INFO  ipc.Server (Server.java:run(1553)) - IPC Server listener on 15035: starting
2025-07-14 15:00:02,758 [main] WARN  dropwizard3.Dm3MetricRegistriesImpl (Dm3MetricRegistriesImpl.java:addReporterRegistration(114)) - New reporters are added after registries were created. Some metrics will be missing from the reporter. Please add reporter before adding any new registry.
2025-07-14 15:00:02,758 [main] WARN  dropwizard3.Dm3MetricRegistriesImpl (Dm3MetricRegistriesImpl.java:addReporterRegistration(114)) - New reporters are added after registries were created. Some metrics will be missing from the reporter. Please add reporter before adding any new registry.
2025-07-14 15:00:02,758 [main] INFO  impl.MetricsSystemImpl (MetricsSystemImpl.java:init(158)) - HddsDatanode metrics system started (again)
2025-07-14 15:00:02,759 [a505560f-c589-4eb5-89aa-a89970ae9358-DatanodeStateMachineDaemonThread] INFO  statemachine.DatanodeStateMachine (DatanodeStateMachine.java:startStateMachineThread(347)) - Ozone container server started.
2025-07-14 15:00:02,764 [a505560f-c589-4eb5-89aa-a89970ae9358-DatanodeStateMachineTaskThread-0] INFO  datanode.InitDatanodeState (InitDatanodeState.java:persistContainerDatanodeDetails(139)) - DatanodeDetails is persisted to /home/runner/work/ozone/ozone/hadoop-ozone/integration-test/target/test-dir/MiniOzoneClusterImpl-aaa7dc72-7fbf-48e0-acc5-129182712624/ozone-meta/datanode-4/meta/datanode.id
2025-07-14 15:00:02,779 [main] INFO  protocol.DatanodeDetails (DatanodeDetails.java:validateDatanodeIpAddress(199)) - Updating IP address of datanode 77d16558-8a68-4655-9235-107e22ba3c38(localhost/null) to 127.0.0.1
2025-07-14 15:00:02,779 [main] INFO  ozone.HddsDatanodeService (HddsDatanodeService.java:start(236)) - HddsDatanodeService 77d16558-8a68-4655-9235-107e22ba3c38(localhost/127.0.0.1)
2025-07-14 15:00:02,782 [main] INFO  upgrade.AbstractLayoutVersionManager (AbstractLayoutVersionManager.java:init(80)) - Initializing Layout version manager with metadata layout = HBASE_SUPPORT (version = 8), software layout = HBASE_SUPPORT (version = 8)
2025-07-14 15:00:02,783 [main] INFO  statemachine.DatanodeStateMachine (DatanodeStateMachine.java:getEndPointTaskThreadPoolSize(305)) - Datanode State Machine Task Thread Pool size 2
2025-07-14 15:00:02,787 [main] INFO  volume.HddsVolume (HddsVolume.java:<init>(162)) - HddsVolume: { id=DS-02822c01-170a-4f5b-9efb-42cca7ba066d dir=/home/runner/work/ozone/ozone/hadoop-ozone/integration-test/target/test-dir/MiniOzoneClusterImpl-aaa7dc72-7fbf-48e0-acc5-129182712624/ozone-meta/datanode-5/data-0/hdds type=DISK capacity=9222449699674390527 used=0 available=9222449699674390527 minFree=9222450130714624 committed=0 }
2025-07-14 15:00:02,787 [main] INFO  volume.MutableVolumeSet (MutableVolumeSet.java:initializeVolumeSet(167)) - Added Volume : /home/runner/work/ozone/ozone/hadoop-ozone/integration-test/target/test-dir/MiniOzoneClusterImpl-aaa7dc72-7fbf-48e0-acc5-129182712624/ozone-meta/datanode-5/data-0/hdds to VolumeSet
2025-07-14 15:00:02,789 [main] INFO  volume.MutableVolumeSet (MutableVolumeSet.java:initializeVolumeSet(167)) - Added Volume : /home/runner/work/ozone/ozone/hadoop-ozone/integration-test/target/test-dir/MiniOzoneClusterImpl-aaa7dc72-7fbf-48e0-acc5-129182712624/ozone-meta/datanode-5/ratis to VolumeSet
2025-07-14 15:00:02,795 [main] INFO  ozoneimpl.OzoneContainer (HddsVolumeUtil.java:loadAllHddsVolumeDbStore(102)) - Load 1 volumes DbStore cost: 0ms
2025-07-14 15:00:02,796 [main] WARN  db.DBStoreBuilder (DBStoreBuilder.java:getDBDirPath(158)) - ozone.scm.datanode.id.dir is not configured. We recommend adding this setting. Falling back to ozone.metadata.dirs instead.
2025-07-14 15:00:02,797 [main] WARN  db.DBStoreBuilder (DBStoreBuilder.java:getDBDirPath(158)) - ozone.scm.datanode.id.dir is not configured. We recommend adding this setting. Falling back to ozone.metadata.dirs instead.
2025-07-14 15:00:02,811 [0f2a098c-ed74-48ca-a55f-ceee6161c687-EndpointStateMachineTaskThread-/0.0.0.0:15002-0 ] INFO  utils.DatanodeStoreCache (DatanodeStoreCache.java:addDB(70)) - Added db /home/runner/work/ozone/ozone/hadoop-ozone/integration-test/target/test-dir/MiniOzoneClusterImpl-aaa7dc72-7fbf-48e0-acc5-129182712624/ozone-meta/datanode-2/data-0/hdds/aaa7dc72-7fbf-48e0-acc5-129182712624/DS-7e2cb485-faa9-4751-816e-e115e9c6d5d6/container.db to cache
2025-07-14 15:00:02,811 [0f2a098c-ed74-48ca-a55f-ceee6161c687-EndpointStateMachineTaskThread-/0.0.0.0:15002-0 ] INFO  volume.HddsVolume (HddsVolume.java:createDbStore(575)) - SchemaV3 db is created and loaded at /home/runner/work/ozone/ozone/hadoop-ozone/integration-test/target/test-dir/MiniOzoneClusterImpl-aaa7dc72-7fbf-48e0-acc5-129182712624/ozone-meta/datanode-2/data-0/hdds/aaa7dc72-7fbf-48e0-acc5-129182712624/DS-7e2cb485-faa9-4751-816e-e115e9c6d5d6/container.db for volume DS-7e2cb485-faa9-4751-816e-e115e9c6d5d6
2025-07-14 15:00:02,814 [main] INFO  impl.FilePerChunkStrategy (FilePerChunkStrategy.java:<init>(79)) - ozone.chunk.read.mapped.buffer.max.count is load with 0
2025-07-14 15:00:02,815 [main] INFO  impl.FilePerBlockStrategy (FilePerBlockStrategy.java:<init>(88)) - ozone.chunk.read.mapped.buffer.max.count is load with 0
2025-07-14 15:00:02,816 [main] INFO  server.RaftServerConfigKeys (ConfUtils.java:logGet(62)) - raft.server.log.appender.buffer.byte-limit = 33554432 (custom)
2025-07-14 15:00:02,818 [main] INFO  grpc.GrpcConfigKeys (ConfUtils.java:logFallback(69)) - raft.grpc.admin.host = null (fallback to raft.grpc.server.host)
2025-07-14 15:00:02,818 [main] INFO  grpc.GrpcConfigKeys (ConfUtils.java:logGet(62)) - raft.grpc.admin.port = 15046 (custom)
2025-07-14 15:00:02,818 [main] INFO  grpc.GrpcConfigKeys (ConfUtils.java:logFallback(69)) - raft.grpc.client.host = null (fallback to raft.grpc.server.host)
2025-07-14 15:00:02,819 [main] INFO  grpc.GrpcConfigKeys (ConfUtils.java:logGet(62)) - raft.grpc.client.port = 15045 (custom)
2025-07-14 15:00:02,819 [main] INFO  grpc.GrpcConfigKeys (ConfUtils.java:logGet(62)) - raft.grpc.server.port = 15047 (custom)
2025-07-14 15:00:02,819 [main] INFO  server.GrpcServicesImpl (ConfUtils.java:logGet(62)) - raft.grpc.message.size.max = 34603008 (custom)
2025-07-14 15:00:02,819 [main] INFO  server.GrpcServicesImpl (ConfUtils.java:logGet(62)) - raft.grpc.flow.control.window = 5MB (=5242880) (custom)
2025-07-14 15:00:02,819 [main] INFO  server.RaftServerConfigKeys (ConfUtils.java:logGet(62)) - raft.server.log.appender.buffer.byte-limit = 33554432 (custom)
2025-07-14 15:00:02,819 [0f2a098c-ed74-48ca-a55f-ceee6161c687-ContainerReader-0] INFO  ozoneimpl.ContainerReader (ContainerReader.java:readVolume(144)) - Start to verify containers on volume /home/runner/work/ozone/ozone/hadoop-ozone/integration-test/target/test-dir/MiniOzoneClusterImpl-aaa7dc72-7fbf-48e0-acc5-129182712624/ozone-meta/datanode-2/data-0/hdds
2025-07-14 15:00:02,819 [0f2a098c-ed74-48ca-a55f-ceee6161c687-ContainerReader-0] INFO  ozoneimpl.ContainerReader (ContainerReader.java:readVolume(174)) - Finish verifying containers on volume /home/runner/work/ozone/ozone/hadoop-ozone/integration-test/target/test-dir/MiniOzoneClusterImpl-aaa7dc72-7fbf-48e0-acc5-129182712624/ozone-meta/datanode-2/data-0/hdds
2025-07-14 15:00:02,820 [0f2a098c-ed74-48ca-a55f-ceee6161c687-EndpointStateMachineTaskThread-/0.0.0.0:15002-0 ] INFO  ozoneimpl.OzoneContainer (OzoneContainer.java:buildContainerSet(370)) - Build ContainerSet costs 0s
2025-07-14 15:00:02,821 [main] INFO  netty.NettyUtils (NettyUtils.java:newEventLoopGroup(74)) - Create EpollEventLoopGroup for 77d16558-8a68-4655-9235-107e22ba3c38-NettyServerStreamRpc-bossGroup; Thread size is 0.
2025-07-14 15:00:02,821 [0f2a098c-ed74-48ca-a55f-ceee6161c687-EndpointStateMachineTaskThread-/0.0.0.0:15002-0 ] INFO  volume.ThrottledAsyncChecker (ThrottledAsyncChecker.java:schedule(138)) - Scheduling a check for /home/runner/work/ozone/ozone/hadoop-ozone/integration-test/target/test-dir/MiniOzoneClusterImpl-aaa7dc72-7fbf-48e0-acc5-129182712624/ozone-meta/datanode-2/data-0/hdds
2025-07-14 15:00:02,822 [main] INFO  netty.NettyUtils (NettyUtils.java:newEventLoopGroup(74)) - Create EpollEventLoopGroup for 77d16558-8a68-4655-9235-107e22ba3c38-NettyServerStreamRpc-workerGroup; Thread size is 0.
2025-07-14 15:00:02,823 [main] INFO  netty.NettyConfigKeys$DataStream (ConfUtils.java:logGet(62)) - raft.netty.dataStream.port = 15048 (custom)
2025-07-14 15:00:02,823 [0f2a098c-ed74-48ca-a55f-ceee6161c687-EndpointStateMachineTaskThread-/0.0.0.0:15002-0 ] INFO  volume.StorageVolumeChecker (StorageVolumeChecker.java:checkAllVolumes(215)) - Scheduled health check for volume /home/runner/work/ozone/ozone/hadoop-ozone/integration-test/target/test-dir/MiniOzoneClusterImpl-aaa7dc72-7fbf-48e0-acc5-129182712624/ozone-meta/datanode-2/data-0/hdds
2025-07-14 15:00:02,824 [main] INFO  server.RaftServerConfigKeys (ConfUtils.java:logGet(62)) - raft.server.storage.dir = [/home/runner/work/ozone/ozone/hadoop-ozone/integration-test/target/test-dir/MiniOzoneClusterImpl-aaa7dc72-7fbf-48e0-acc5-129182712624/ozone-meta/datanode-5/ratis] (custom)
2025-07-14 15:00:02,824 [77d16558-8a68-4655-9235-107e22ba3c38-NettyServerStreamRpc-bossGroup--thread1] INFO  logging.LoggingHandler (AbstractInternalLogger.java:log(148)) - [id: 0xcc23789f] REGISTERED
2025-07-14 15:00:02,825 [77d16558-8a68-4655-9235-107e22ba3c38-NettyServerStreamRpc-bossGroup--thread1] INFO  logging.LoggingHandler (AbstractInternalLogger.java:log(148)) - [id: 0xcc23789f] BIND: 0.0.0.0/0.0.0.0:15048
2025-07-14 15:00:02,825 [77d16558-8a68-4655-9235-107e22ba3c38-NettyServerStreamRpc-bossGroup--thread1] INFO  logging.LoggingHandler (AbstractInternalLogger.java:log(148)) - [id: 0xcc23789f, L:/0.0.0.0:15048] ACTIVE
2025-07-14 15:00:02,825 [77d16558-8a68-4655-9235-107e22ba3c38-impl-thread1] INFO  server.RaftServer (RaftServerProxy.java:initGroupDir(270)) - 77d16558-8a68-4655-9235-107e22ba3c38: found a subdirectory /home/runner/work/ozone/ozone/hadoop-ozone/integration-test/target/test-dir/MiniOzoneClusterImpl-aaa7dc72-7fbf-48e0-acc5-129182712624/ozone-meta/datanode-5/ratis/tmp
2025-07-14 15:00:02,825 [77d16558-8a68-4655-9235-107e22ba3c38-impl-thread1] INFO  server.RaftServer (RaftServerProxy.java:initGroupDir(275)) - 77d16558-8a68-4655-9235-107e22ba3c38: The directory /home/runner/work/ozone/ozone/hadoop-ozone/integration-test/target/test-dir/MiniOzoneClusterImpl-aaa7dc72-7fbf-48e0-acc5-129182712624/ozone-meta/datanode-5/ratis/tmp is not a group directory; ignoring it. 
2025-07-14 15:00:02,825 [main] INFO  replication.ReplicationServer (ReplicationServer.java:<init>(84)) - Initializing replication server with thread count = 10 queue length = 4096
2025-07-14 15:00:02,827 [main] INFO  server.XceiverServerGrpc (XceiverServerGrpc.java:<init>(130)) - GrpcServer channel type EpollServerSocketChannel
2025-07-14 15:00:02,829 [main] INFO  replication.ReplicationSupervisor (ReplicationSupervisor.java:build(169)) - Initializing replication supervisor with thread count = 10
2025-07-14 15:00:02,829 [main] INFO  replication.ReplicationSupervisor (ReplicationSupervisor.java:nodeStateUpdated(358)) - Node state updated to IN_SERVICE, scaling executor pool size to 10
2025-07-14 15:00:02,829 [0f2a098c-ed74-48ca-a55f-ceee6161c687-EndpointStateMachineTaskThread-/0.0.0.0:15002-0 ] INFO  volume.ThrottledAsyncChecker (ThrottledAsyncChecker.java:schedule(138)) - Scheduling a check for /home/runner/work/ozone/ozone/hadoop-ozone/integration-test/target/test-dir/MiniOzoneClusterImpl-aaa7dc72-7fbf-48e0-acc5-129182712624/ozone-meta/datanode-2/ratis
2025-07-14 15:00:02,830 [0f2a098c-ed74-48ca-a55f-ceee6161c687-EndpointStateMachineTaskThread-/0.0.0.0:15002-0 ] INFO  volume.StorageVolumeChecker (StorageVolumeChecker.java:checkAllVolumes(215)) - Scheduled health check for volume /home/runner/work/ozone/ozone/hadoop-ozone/integration-test/target/test-dir/MiniOzoneClusterImpl-aaa7dc72-7fbf-48e0-acc5-129182712624/ozone-meta/datanode-2/ratis
2025-07-14 15:00:02,831 [0f2a098c-ed74-48ca-a55f-ceee6161c687-EndpointStateMachineTaskThread-/0.0.0.0:15002-0 ] INFO  ozoneimpl.OzoneContainer (OzoneContainer.java:start(520)) - Attempting to start container services.
2025-07-14 15:00:02,832 [ContainerMetadataScanner] INFO  ozoneimpl.AbstractBackgroundContainerScanner (AbstractBackgroundContainerScanner.java:runIteration(89)) - Completed an iteration in 0 minutes. Number of iterations (since the data-node restart) : 1, Number of containers scanned in this iteration : 0, Number of unhealthy containers found in this iteration : 0
2025-07-14 15:00:02,834 [main] INFO  http.BaseHttpServer (BaseHttpServer.java:newHttpServer2BuilderForOzone(229)) - Starting Web-server for hddsDatanode at: http://0.0.0.0:15042
2025-07-14 15:00:02,834 [main] INFO  http.BaseHttpServer (BaseHttpServer.java:<init>(107)) - Hadoop Security Enabled: false Ozone Security Enabled: false Ozone HTTP Security Enabled: false 
2025-07-14 15:00:02,835 [ContainerDataScanner(/home/runner/work/ozone/ozone/hadoop-ozone/integration-test/target/test-dir/MiniOzoneClusterImpl-aaa7dc72-7fbf-48e0-acc5-129182712624/ozone-meta/datanode-2/data-0/hdds)] INFO  ozoneimpl.AbstractBackgroundContainerScanner (AbstractBackgroundContainerScanner.java:runIteration(89)) - Completed an iteration in 0 minutes. Number of iterations (since the data-node restart) : 1, Number of containers scanned in this iteration : 0, Number of unhealthy containers found in this iteration : 0
2025-07-14 15:00:02,836 [0f2a098c-ed74-48ca-a55f-ceee6161c687-EndpointStateMachineTaskThread-/0.0.0.0:15002-0 ] INFO  replication.ReplicationServer (ReplicationServer.java:start(137)) - ReplicationServer is started using port 15025
2025-07-14 15:00:02,837 [0f2a098c-ed74-48ca-a55f-ceee6161c687-EndpointStateMachineTaskThread-/0.0.0.0:15002-0 ] INFO  ratis.XceiverServerRatis (XceiverServerRatis.java:start(559)) - Starting XceiverServerRatis(0f2a098c-ed74-48ca-a55f-ceee6161c687)
2025-07-14 15:00:02,837 [main] WARN  server.AuthenticationFilter (AuthenticationFilter.java:constructSecretProvider(240)) - Unable to initialize FileSignerSecretProvider, falling back to use random secrets. Reason: Could not read signature secret file: /home/runner/hadoop-http-auth-signature-secret
2025-07-14 15:00:02,839 [0f2a098c-ed74-48ca-a55f-ceee6161c687-EndpointStateMachineTaskThread-/0.0.0.0:15002-0 ] INFO  server.RaftServer (RaftServerProxy.java:startImpl(412)) - 0f2a098c-ed74-48ca-a55f-ceee6161c687: start RPC server
2025-07-14 15:00:02,840 [0f2a098c-ed74-48ca-a55f-ceee6161c687-EndpointStateMachineTaskThread-/0.0.0.0:15002-0 ] INFO  server.GrpcServicesImpl (GrpcServicesImpl.java:startImpl(346)) - 0f2a098c-ed74-48ca-a55f-ceee6161c687: GrpcServicesImpl started, listening on 15021
2025-07-14 15:00:02,841 [0f2a098c-ed74-48ca-a55f-ceee6161c687-EndpointStateMachineTaskThread-/0.0.0.0:15002-0 ] INFO  server.GrpcServicesImpl (GrpcServicesImpl.java:startImpl(346)) - 0f2a098c-ed74-48ca-a55f-ceee6161c687: GrpcServicesImpl started, listening on 15023
2025-07-14 15:00:02,841 [0f2a098c-ed74-48ca-a55f-ceee6161c687-EndpointStateMachineTaskThread-/0.0.0.0:15002-0 ] INFO  server.GrpcServicesImpl (GrpcServicesImpl.java:startImpl(346)) - 0f2a098c-ed74-48ca-a55f-ceee6161c687: GrpcServicesImpl started, listening on 15022
2025-07-14 15:00:02,841 [main] INFO  http.HttpServer2 (HttpServer2.java:addGlobalFilter(1042)) - Added global filter 'safety' (class=org.apache.hadoop.hdds.server.http.HttpServer2$QuotingInputFilter)
2025-07-14 15:00:02,843 [main] INFO  http.HttpServer2 (HttpServer2.java:addFilter(1018)) - Added filter static_user_filter (class=org.apache.hadoop.http.lib.StaticUserWebFilter$StaticUserFilter) to context hddsDatanode
2025-07-14 15:00:02,843 [main] INFO  http.HttpServer2 (HttpServer2.java:addFilter(1026)) - Added filter static_user_filter (class=org.apache.hadoop.http.lib.StaticUserWebFilter$StaticUserFilter) to context static
2025-07-14 15:00:02,843 [main] INFO  http.HttpServer2 (HttpServer2.java:addFilter(1026)) - Added filter static_user_filter (class=org.apache.hadoop.http.lib.StaticUserWebFilter$StaticUserFilter) to context logs
2025-07-14 15:00:02,843 [0f2a098c-ed74-48ca-a55f-ceee6161c687-EndpointStateMachineTaskThread-/0.0.0.0:15002-0 ] INFO  ratis.XceiverServerRatis (XceiverServerRatis.java:getRealPort(586)) - XceiverServerRatis(0f2a098c-ed74-48ca-a55f-ceee6161c687) is started using port RATIS=15021
2025-07-14 15:00:02,843 [0f2a098c-ed74-48ca-a55f-ceee6161c687-EndpointStateMachineTaskThread-/0.0.0.0:15002-0 ] INFO  ratis.XceiverServerRatis (XceiverServerRatis.java:getRealPort(586)) - XceiverServerRatis(0f2a098c-ed74-48ca-a55f-ceee6161c687) is started using port RATIS_ADMIN=15022
2025-07-14 15:00:02,844 [main] INFO  http.BaseHttpServer (BaseHttpServer.java:<init>(195)) - HTTP server of hddsDatanode uses base directory /home/runner/work/ozone/ozone/hadoop-ozone/integration-test/target/test-dir/MiniOzoneClusterImpl-aaa7dc72-7fbf-48e0-acc5-129182712624/ozone-meta/datanode-5/meta/webserver
2025-07-14 15:00:02,844 [JvmPauseMonitor4] INFO  util.JvmPauseMonitor (JvmPauseMonitor.java:run(146)) - JvmPauseMonitor-0f2a098c-ed74-48ca-a55f-ceee6161c687: Started
2025-07-14 15:00:02,844 [main] INFO  http.HttpServer2 (HttpServer2.java:bindListener(1242)) - Jetty bound to port 15042
2025-07-14 15:00:02,844 [main] INFO  server.Server (Server.java:doStart(375)) - jetty-9.4.57.v20241219; built: 2025-01-08T21:24:30.412Z; git: df524e6b29271c2e09ba9aea83c18dc9db464a31; jvm 21.0.7+6-LTS
2025-07-14 15:00:02,844 [0f2a098c-ed74-48ca-a55f-ceee6161c687-EndpointStateMachineTaskThread-/0.0.0.0:15002-0 ] INFO  ratis.XceiverServerRatis (XceiverServerRatis.java:getRealPort(586)) - XceiverServerRatis(0f2a098c-ed74-48ca-a55f-ceee6161c687) is started using port RATIS_SERVER=15023
2025-07-14 15:00:02,844 [0f2a098c-ed74-48ca-a55f-ceee6161c687-EndpointStateMachineTaskThread-/0.0.0.0:15002-0 ] INFO  ratis.XceiverServerRatis (XceiverServerRatis.java:getRealPort(586)) - XceiverServerRatis(0f2a098c-ed74-48ca-a55f-ceee6161c687) is started using port RATIS_DATASTREAM=15024
2025-07-14 15:00:02,846 [0f2a098c-ed74-48ca-a55f-ceee6161c687-EndpointStateMachineTaskThread-/0.0.0.0:15002-0 ] INFO  utils.BackgroundService (BackgroundService.java:start(118)) - Starting service BlockDeletingService with interval 60000 milliseconds
2025-07-14 15:00:02,847 [0f2a098c-ed74-48ca-a55f-ceee6161c687-EndpointStateMachineTaskThread-/0.0.0.0:15002-0 ] INFO  utils.BackgroundService (BackgroundService.java:start(118)) - Starting service StaleRecoveringContainerScrubbingService with interval 60000 milliseconds
2025-07-14 15:00:02,848 [main] INFO  server.session (DefaultSessionIdManager.java:doStart(334)) - DefaultSessionIdManager workerName=node0
2025-07-14 15:00:02,849 [main] INFO  server.session (DefaultSessionIdManager.java:doStart(339)) - No SessionScavenger set, using defaults
2025-07-14 15:00:02,849 [main] INFO  server.session (HouseKeeper.java:startScavenging(132)) - node0 Scavenging every 600000ms
2025-07-14 15:00:02,850 [main] INFO  handler.ContextHandler (ContextHandler.java:doStart(921)) - Started o.e.j.s.ServletContextHandler@43caeb40{logs,/logs,file:///home/runner/work/ozone/ozone/hadoop-ozone/integration-test/target/log,AVAILABLE}
2025-07-14 15:00:02,851 [main] INFO  handler.ContextHandler (ContextHandler.java:doStart(921)) - Started o.e.j.s.ServletContextHandler@19d27f04{static,/static,jar:file:/home/runner/work/ozone/ozone/hadoop-hdds/container-service/target/hdds-container-service-2.1.0-SNAPSHOT.jar!/webapps/static,AVAILABLE}
2025-07-14 15:00:03,011 [main] INFO  handler.ContextHandler (ContextHandler.java:doStart(921)) - Started o.e.j.w.WebAppContext@1e7c3465{hddsDatanode,/,file:///home/runner/work/ozone/ozone/hadoop-ozone/integration-test/target/test-dir/MiniOzoneClusterImpl-aaa7dc72-7fbf-48e0-acc5-129182712624/ozone-meta/datanode-5/meta/webserver/jetty-0_0_0_0-15042-hdds-container-service-2_1_0-SNAPSHOT_jar-_-any-7939614264455347335/webapp/,AVAILABLE}{jar:file:/home/runner/work/ozone/ozone/hadoop-hdds/container-service/target/hdds-container-service-2.1.0-SNAPSHOT.jar!/webapps/hddsDatanode}
2025-07-14 15:00:03,023 [main] INFO  server.AbstractConnector (AbstractConnector.java:doStart(333)) - Started ServerConnector@1167b1a{HTTP/1.1, (http/1.1)}{0.0.0.0:15042}
2025-07-14 15:00:03,024 [main] INFO  server.Server (Server.java:doStart(415)) - Started @12587ms
2025-07-14 15:00:03,024 [main] WARN  impl.MetricsSystemImpl (MetricsSystemImpl.java:register(279)) - Sink prometheus already exists!
2025-07-14 15:00:03,024 [main] INFO  http.BaseHttpServer (BaseHttpServer.java:updateConnectorAddress(359)) - HTTP server of hddsDatanode listening at http://localhost:15042
2025-07-14 15:00:03,025 [main] INFO  ipc.CallQueueManager (CallQueueManager.java:<init>(93)) - Using callQueue: class java.util.concurrent.LinkedBlockingQueue, queueCapacity: 1000, scheduler: class org.apache.hadoop.ipc.DefaultRpcScheduler, ipcBackoff: false, ipcFailOver: false.
2025-07-14 15:00:03,026 [main] INFO  ipc.Server (Server.java:<init>(1438)) - Listener at 0.0.0.0:15043
2025-07-14 15:00:03,027 [Socket Reader #1 for port 15043] INFO  ipc.Server (Server.java:run(1474)) - Starting Socket Reader #1 for port 15043
2025-07-14 15:00:03,029 [Socket Reader #2 for port 15043] INFO  ipc.Server (Server.java:run(1474)) - Starting Socket Reader #2 for port 15043
2025-07-14 15:00:03,030 [Socket Reader #3 for port 15043] INFO  ipc.Server (Server.java:run(1474)) - Starting Socket Reader #3 for port 15043
2025-07-14 15:00:03,033 [Socket Reader #4 for port 15043] INFO  ipc.Server (Server.java:run(1474)) - Starting Socket Reader #4 for port 15043
2025-07-14 15:00:03,034 [Socket Reader #5 for port 15043] INFO  ipc.Server (Server.java:run(1474)) - Starting Socket Reader #5 for port 15043
2025-07-14 15:00:03,035 [Socket Reader #6 for port 15043] INFO  ipc.Server (Server.java:run(1474)) - Starting Socket Reader #6 for port 15043
2025-07-14 15:00:03,037 [Socket Reader #8 for port 15043] INFO  ipc.Server (Server.java:run(1474)) - Starting Socket Reader #8 for port 15043
2025-07-14 15:00:03,037 [Socket Reader #7 for port 15043] INFO  ipc.Server (Server.java:run(1474)) - Starting Socket Reader #7 for port 15043
2025-07-14 15:00:03,038 [Socket Reader #9 for port 15043] INFO  ipc.Server (Server.java:run(1474)) - Starting Socket Reader #9 for port 15043
2025-07-14 15:00:03,039 [Socket Reader #10 for port 15043] INFO  ipc.Server (Server.java:run(1474)) - Starting Socket Reader #10 for port 15043
2025-07-14 15:00:03,043 [main] INFO  ozone.HddsDatanodeService (HddsDatanodeService.java:start(333)) - Datanode start with admins: [admin, runner]
2025-07-14 15:00:03,044 [main] INFO  ozone.HddsDatanodeClientProtocolServer (HddsDatanodeClientProtocolServer.java:start(76)) - RPC server for Client /0.0.0.0:15043
2025-07-14 15:00:03,045 [IPC Server Responder] INFO  ipc.Server (Server.java:run(1713)) - IPC Server Responder: starting
2025-07-14 15:00:03,046 [IPC Server listener on 15043] INFO  ipc.Server (Server.java:run(1553)) - IPC Server listener on 15043: starting
2025-07-14 15:00:03,049 [IPC Server handler 8 on default port 15002] INFO  net.NetworkTopologyImpl (NetworkTopologyImpl.java:add(133)) - Added a new node: /default-rack/311b5faf-4d73-479d-9d03-a3296c64f810
2025-07-14 15:00:03,052 [IPC Server handler 8 on default port 15002] INFO  node.SCMNodeManager (SCMNodeManager.java:register(423)) - Registered datanode: 311b5faf-4d73-479d-9d03-a3296c64f810{ip: 127.0.0.1, host: localhost, ports: [HTTP=15010, CLIENT_RPC=15011, REPLICATION=15017, RATIS=15013, RATIS_ADMIN=15014, RATIS_SERVER=15015, RATIS_DATASTREAM=15016, STANDALONE=15012], networkLocation: /default-rack, certSerialId: null, persistedOpState: null, persistedOpStateExpiryEpochSec: 0}
2025-07-14 15:00:03,054 [main] WARN  dropwizard3.Dm3MetricRegistriesImpl (Dm3MetricRegistriesImpl.java:addReporterRegistration(114)) - New reporters are added after registries were created. Some metrics will be missing from the reporter. Please add reporter before adding any new registry.
2025-07-14 15:00:03,055 [main] WARN  dropwizard3.Dm3MetricRegistriesImpl (Dm3MetricRegistriesImpl.java:addReporterRegistration(114)) - New reporters are added after registries were created. Some metrics will be missing from the reporter. Please add reporter before adding any new registry.
2025-07-14 15:00:03,056 [main] INFO  impl.MetricsSystemImpl (MetricsSystemImpl.java:init(158)) - HddsDatanode metrics system started (again)
2025-07-14 15:00:03,059 [EventQueue-NewNodeForNewNodeHandler] INFO  pipeline.BackgroundPipelineCreator (BackgroundPipelineCreator.java:notifyEventTriggered(290)) - trigger a one-shot run on RatisPipelineUtilsThread.
2025-07-14 15:00:03,062 [77d16558-8a68-4655-9235-107e22ba3c38-DatanodeStateMachineDaemonThread] INFO  statemachine.DatanodeStateMachine (DatanodeStateMachine.java:startStateMachineThread(347)) - Ozone container server started.
2025-07-14 15:00:03,062 [EventQueue-NodeRegistrationContainerReportForDataNodeSafeModeRule] INFO  safemode.SCMSafeModeManager (DataNodeSafeModeRule.java:process(80)) - SCM in safe mode. 1 DataNodes registered, 3 required.
2025-07-14 15:00:03,065 [EventQueue-ContainerRegistrationReportForECContainerSafeModeRule] INFO  safemode.SCMSafeModeManager (SCMSafeModeManager.java:validateSafeModeExitRules(138)) - ECContainerSafeModeRule rule is successfully validated
2025-07-14 15:00:03,066 [EventQueue-ContainerRegistrationReportForRatisContainerSafeModeRule] INFO  safemode.SCMSafeModeManager (SCMSafeModeManager.java:validateSafeModeExitRules(138)) - RatisContainerSafeModeRule rule is successfully validated
2025-07-14 15:00:03,068 [EventQueue-PipelineReportForOneReplicaPipelineSafeModeRule] INFO  safemode.SCMSafeModeManager (SCMSafeModeManager.java:validateSafeModeExitRules(138)) - AtleastOneDatanodeReportedRule rule is successfully validated
2025-07-14 15:00:03,073 [77d16558-8a68-4655-9235-107e22ba3c38-DatanodeStateMachineTaskThread-0] INFO  datanode.InitDatanodeState (InitDatanodeState.java:persistContainerDatanodeDetails(139)) - DatanodeDetails is persisted to /home/runner/work/ozone/ozone/hadoop-ozone/integration-test/target/test-dir/MiniOzoneClusterImpl-aaa7dc72-7fbf-48e0-acc5-129182712624/ozone-meta/datanode-5/meta/datanode.id
2025-07-14 15:00:03,073 [RatisPipelineUtilsThread-0] INFO  pipeline.RatisPipelineProvider (RatisPipelineProvider.java:lambda$create$0(208)) - Sending CreatePipelineCommand for pipeline:Pipeline-f573dc9d-c2a1-4800-8bce-76182951ae04 to datanode:311b5faf-4d73-479d-9d03-a3296c64f810(localhost/127.0.0.1)
2025-07-14 15:00:03,082 [b5acb6b3-ef2b-41db-9bfa-77a47d0ca582-EndpointStateMachineTaskThread-/0.0.0.0:15002-0 ] INFO  utils.DatanodeStoreCache (DatanodeStoreCache.java:addDB(70)) - Added db /home/runner/work/ozone/ozone/hadoop-ozone/integration-test/target/test-dir/MiniOzoneClusterImpl-aaa7dc72-7fbf-48e0-acc5-129182712624/ozone-meta/datanode-3/data-0/hdds/aaa7dc72-7fbf-48e0-acc5-129182712624/DS-081a95e9-8ace-4695-9ef3-18b60e55d8b2/container.db to cache
2025-07-14 15:00:03,082 [b5acb6b3-ef2b-41db-9bfa-77a47d0ca582-EndpointStateMachineTaskThread-/0.0.0.0:15002-0 ] INFO  volume.HddsVolume (HddsVolume.java:createDbStore(575)) - SchemaV3 db is created and loaded at /home/runner/work/ozone/ozone/hadoop-ozone/integration-test/target/test-dir/MiniOzoneClusterImpl-aaa7dc72-7fbf-48e0-acc5-129182712624/ozone-meta/datanode-3/data-0/hdds/aaa7dc72-7fbf-48e0-acc5-129182712624/DS-081a95e9-8ace-4695-9ef3-18b60e55d8b2/container.db for volume DS-081a95e9-8ace-4695-9ef3-18b60e55d8b2
2025-07-14 15:00:03,088 [main] INFO  protocol.DatanodeDetails (DatanodeDetails.java:validateDatanodeIpAddress(199)) - Updating IP address of datanode 52f0bf1a-a22c-4dfc-83f0-dd23f5b60a86(localhost/null) to 127.0.0.1
2025-07-14 15:00:03,088 [main] INFO  ozone.HddsDatanodeService (HddsDatanodeService.java:start(236)) - HddsDatanodeService 52f0bf1a-a22c-4dfc-83f0-dd23f5b60a86(localhost/127.0.0.1)
2025-07-14 15:00:03,090 [b5acb6b3-ef2b-41db-9bfa-77a47d0ca582-ContainerReader-0] INFO  ozoneimpl.ContainerReader (ContainerReader.java:readVolume(144)) - Start to verify containers on volume /home/runner/work/ozone/ozone/hadoop-ozone/integration-test/target/test-dir/MiniOzoneClusterImpl-aaa7dc72-7fbf-48e0-acc5-129182712624/ozone-meta/datanode-3/data-0/hdds
2025-07-14 15:00:03,090 [b5acb6b3-ef2b-41db-9bfa-77a47d0ca582-ContainerReader-0] INFO  ozoneimpl.ContainerReader (ContainerReader.java:readVolume(174)) - Finish verifying containers on volume /home/runner/work/ozone/ozone/hadoop-ozone/integration-test/target/test-dir/MiniOzoneClusterImpl-aaa7dc72-7fbf-48e0-acc5-129182712624/ozone-meta/datanode-3/data-0/hdds
2025-07-14 15:00:03,091 [main] INFO  upgrade.AbstractLayoutVersionManager (AbstractLayoutVersionManager.java:init(80)) - Initializing Layout version manager with metadata layout = HBASE_SUPPORT (version = 8), software layout = HBASE_SUPPORT (version = 8)
2025-07-14 15:00:03,092 [main] INFO  statemachine.DatanodeStateMachine (DatanodeStateMachine.java:getEndPointTaskThreadPoolSize(305)) - Datanode State Machine Task Thread Pool size 2
2025-07-14 15:00:03,092 [b5acb6b3-ef2b-41db-9bfa-77a47d0ca582-EndpointStateMachineTaskThread-/0.0.0.0:15002-0 ] INFO  ozoneimpl.OzoneContainer (OzoneContainer.java:buildContainerSet(370)) - Build ContainerSet costs 0s
2025-07-14 15:00:03,095 [b5acb6b3-ef2b-41db-9bfa-77a47d0ca582-EndpointStateMachineTaskThread-/0.0.0.0:15002-0 ] INFO  volume.ThrottledAsyncChecker (ThrottledAsyncChecker.java:schedule(138)) - Scheduling a check for /home/runner/work/ozone/ozone/hadoop-ozone/integration-test/target/test-dir/MiniOzoneClusterImpl-aaa7dc72-7fbf-48e0-acc5-129182712624/ozone-meta/datanode-3/data-0/hdds
2025-07-14 15:00:03,097 [main] INFO  volume.HddsVolume (HddsVolume.java:<init>(162)) - HddsVolume: { id=DS-531d08d5-38c9-42dd-9531-b1a6cfd0d200 dir=/home/runner/work/ozone/ozone/hadoop-ozone/integration-test/target/test-dir/MiniOzoneClusterImpl-aaa7dc72-7fbf-48e0-acc5-129182712624/ozone-meta/datanode-6/data-0/hdds type=DISK capacity=9222449699674390527 used=0 available=9222449699674390527 minFree=9222450130714624 committed=0 }
2025-07-14 15:00:03,097 [main] INFO  volume.MutableVolumeSet (MutableVolumeSet.java:initializeVolumeSet(167)) - Added Volume : /home/runner/work/ozone/ozone/hadoop-ozone/integration-test/target/test-dir/MiniOzoneClusterImpl-aaa7dc72-7fbf-48e0-acc5-129182712624/ozone-meta/datanode-6/data-0/hdds to VolumeSet
2025-07-14 15:00:03,098 [b5acb6b3-ef2b-41db-9bfa-77a47d0ca582-EndpointStateMachineTaskThread-/0.0.0.0:15002-0 ] INFO  volume.StorageVolumeChecker (StorageVolumeChecker.java:checkAllVolumes(215)) - Scheduled health check for volume /home/runner/work/ozone/ozone/hadoop-ozone/integration-test/target/test-dir/MiniOzoneClusterImpl-aaa7dc72-7fbf-48e0-acc5-129182712624/ozone-meta/datanode-3/data-0/hdds
2025-07-14 15:00:03,100 [main] INFO  volume.MutableVolumeSet (MutableVolumeSet.java:initializeVolumeSet(167)) - Added Volume : /home/runner/work/ozone/ozone/hadoop-ozone/integration-test/target/test-dir/MiniOzoneClusterImpl-aaa7dc72-7fbf-48e0-acc5-129182712624/ozone-meta/datanode-6/ratis to VolumeSet
2025-07-14 15:00:03,101 [main] INFO  ozoneimpl.OzoneContainer (HddsVolumeUtil.java:loadAllHddsVolumeDbStore(102)) - Load 1 volumes DbStore cost: 0ms
2025-07-14 15:00:03,102 [main] WARN  db.DBStoreBuilder (DBStoreBuilder.java:getDBDirPath(158)) - ozone.scm.datanode.id.dir is not configured. We recommend adding this setting. Falling back to ozone.metadata.dirs instead.
2025-07-14 15:00:03,104 [main] WARN  db.DBStoreBuilder (DBStoreBuilder.java:getDBDirPath(158)) - ozone.scm.datanode.id.dir is not configured. We recommend adding this setting. Falling back to ozone.metadata.dirs instead.
2025-07-14 15:00:03,105 [b5acb6b3-ef2b-41db-9bfa-77a47d0ca582-EndpointStateMachineTaskThread-/0.0.0.0:15002-0 ] INFO  volume.ThrottledAsyncChecker (ThrottledAsyncChecker.java:schedule(138)) - Scheduling a check for /home/runner/work/ozone/ozone/hadoop-ozone/integration-test/target/test-dir/MiniOzoneClusterImpl-aaa7dc72-7fbf-48e0-acc5-129182712624/ozone-meta/datanode-3/ratis
2025-07-14 15:00:03,105 [b5acb6b3-ef2b-41db-9bfa-77a47d0ca582-EndpointStateMachineTaskThread-/0.0.0.0:15002-0 ] INFO  volume.StorageVolumeChecker (StorageVolumeChecker.java:checkAllVolumes(215)) - Scheduled health check for volume /home/runner/work/ozone/ozone/hadoop-ozone/integration-test/target/test-dir/MiniOzoneClusterImpl-aaa7dc72-7fbf-48e0-acc5-129182712624/ozone-meta/datanode-3/ratis
2025-07-14 15:00:03,107 [b5acb6b3-ef2b-41db-9bfa-77a47d0ca582-EndpointStateMachineTaskThread-/0.0.0.0:15002-0 ] INFO  ozoneimpl.OzoneContainer (OzoneContainer.java:start(520)) - Attempting to start container services.
2025-07-14 15:00:03,109 [ContainerMetadataScanner] INFO  ozoneimpl.AbstractBackgroundContainerScanner (AbstractBackgroundContainerScanner.java:runIteration(89)) - Completed an iteration in 0 minutes. Number of iterations (since the data-node restart) : 1, Number of containers scanned in this iteration : 0, Number of unhealthy containers found in this iteration : 0
2025-07-14 15:00:03,111 [ContainerDataScanner(/home/runner/work/ozone/ozone/hadoop-ozone/integration-test/target/test-dir/MiniOzoneClusterImpl-aaa7dc72-7fbf-48e0-acc5-129182712624/ozone-meta/datanode-3/data-0/hdds)] INFO  ozoneimpl.AbstractBackgroundContainerScanner (AbstractBackgroundContainerScanner.java:runIteration(89)) - Completed an iteration in 0 minutes. Number of iterations (since the data-node restart) : 1, Number of containers scanned in this iteration : 0, Number of unhealthy containers found in this iteration : 0
2025-07-14 15:00:03,113 [b5acb6b3-ef2b-41db-9bfa-77a47d0ca582-EndpointStateMachineTaskThread-/0.0.0.0:15002-0 ] INFO  replication.ReplicationServer (ReplicationServer.java:start(137)) - ReplicationServer is started using port 15033
2025-07-14 15:00:03,113 [b5acb6b3-ef2b-41db-9bfa-77a47d0ca582-EndpointStateMachineTaskThread-/0.0.0.0:15002-0 ] INFO  ratis.XceiverServerRatis (XceiverServerRatis.java:start(559)) - Starting XceiverServerRatis(b5acb6b3-ef2b-41db-9bfa-77a47d0ca582)
2025-07-14 15:00:03,117 [b5acb6b3-ef2b-41db-9bfa-77a47d0ca582-EndpointStateMachineTaskThread-/0.0.0.0:15002-0 ] INFO  server.RaftServer (RaftServerProxy.java:startImpl(412)) - b5acb6b3-ef2b-41db-9bfa-77a47d0ca582: start RPC server
2025-07-14 15:00:03,119 [b5acb6b3-ef2b-41db-9bfa-77a47d0ca582-EndpointStateMachineTaskThread-/0.0.0.0:15002-0 ] INFO  server.GrpcServicesImpl (GrpcServicesImpl.java:startImpl(346)) - b5acb6b3-ef2b-41db-9bfa-77a47d0ca582: GrpcServicesImpl started, listening on 15029
2025-07-14 15:00:03,120 [b5acb6b3-ef2b-41db-9bfa-77a47d0ca582-EndpointStateMachineTaskThread-/0.0.0.0:15002-0 ] INFO  server.GrpcServicesImpl (GrpcServicesImpl.java:startImpl(346)) - b5acb6b3-ef2b-41db-9bfa-77a47d0ca582: GrpcServicesImpl started, listening on 15031
2025-07-14 15:00:03,121 [b5acb6b3-ef2b-41db-9bfa-77a47d0ca582-EndpointStateMachineTaskThread-/0.0.0.0:15002-0 ] INFO  server.GrpcServicesImpl (GrpcServicesImpl.java:startImpl(346)) - b5acb6b3-ef2b-41db-9bfa-77a47d0ca582: GrpcServicesImpl started, listening on 15030
2025-07-14 15:00:03,122 [JvmPauseMonitor5] INFO  util.JvmPauseMonitor (JvmPauseMonitor.java:run(146)) - JvmPauseMonitor-b5acb6b3-ef2b-41db-9bfa-77a47d0ca582: Started
2025-07-14 15:00:03,122 [b5acb6b3-ef2b-41db-9bfa-77a47d0ca582-EndpointStateMachineTaskThread-/0.0.0.0:15002-0 ] INFO  ratis.XceiverServerRatis (XceiverServerRatis.java:getRealPort(586)) - XceiverServerRatis(b5acb6b3-ef2b-41db-9bfa-77a47d0ca582) is started using port RATIS=15029
2025-07-14 15:00:03,122 [b5acb6b3-ef2b-41db-9bfa-77a47d0ca582-EndpointStateMachineTaskThread-/0.0.0.0:15002-0 ] INFO  ratis.XceiverServerRatis (XceiverServerRatis.java:getRealPort(586)) - XceiverServerRatis(b5acb6b3-ef2b-41db-9bfa-77a47d0ca582) is started using port RATIS_ADMIN=15030
2025-07-14 15:00:03,122 [b5acb6b3-ef2b-41db-9bfa-77a47d0ca582-EndpointStateMachineTaskThread-/0.0.0.0:15002-0 ] INFO  ratis.XceiverServerRatis (XceiverServerRatis.java:getRealPort(586)) - XceiverServerRatis(b5acb6b3-ef2b-41db-9bfa-77a47d0ca582) is started using port RATIS_SERVER=15031
2025-07-14 15:00:03,122 [b5acb6b3-ef2b-41db-9bfa-77a47d0ca582-EndpointStateMachineTaskThread-/0.0.0.0:15002-0 ] INFO  ratis.XceiverServerRatis (XceiverServerRatis.java:getRealPort(586)) - XceiverServerRatis(b5acb6b3-ef2b-41db-9bfa-77a47d0ca582) is started using port RATIS_DATASTREAM=15032
2025-07-14 15:00:03,124 [b5acb6b3-ef2b-41db-9bfa-77a47d0ca582-EndpointStateMachineTaskThread-/0.0.0.0:15002-0 ] INFO  utils.BackgroundService (BackgroundService.java:start(118)) - Starting service BlockDeletingService with interval 60000 milliseconds
2025-07-14 15:00:03,125 [b5acb6b3-ef2b-41db-9bfa-77a47d0ca582-EndpointStateMachineTaskThread-/0.0.0.0:15002-0 ] INFO  utils.BackgroundService (BackgroundService.java:start(118)) - Starting service StaleRecoveringContainerScrubbingService with interval 60000 milliseconds
2025-07-14 15:00:03,130 [main] INFO  impl.FilePerChunkStrategy (FilePerChunkStrategy.java:<init>(79)) - ozone.chunk.read.mapped.buffer.max.count is load with 0
2025-07-14 15:00:03,130 [main] INFO  impl.FilePerBlockStrategy (FilePerBlockStrategy.java:<init>(88)) - ozone.chunk.read.mapped.buffer.max.count is load with 0
2025-07-14 15:00:03,131 [main] INFO  server.RaftServerConfigKeys (ConfUtils.java:logGet(62)) - raft.server.log.appender.buffer.byte-limit = 33554432 (custom)
2025-07-14 15:00:03,133 [main] INFO  grpc.GrpcConfigKeys (ConfUtils.java:logFallback(69)) - raft.grpc.admin.host = null (fallback to raft.grpc.server.host)
2025-07-14 15:00:03,133 [main] INFO  grpc.GrpcConfigKeys (ConfUtils.java:logGet(62)) - raft.grpc.admin.port = 15054 (custom)
2025-07-14 15:00:03,133 [main] INFO  grpc.GrpcConfigKeys (ConfUtils.java:logFallback(69)) - raft.grpc.client.host = null (fallback to raft.grpc.server.host)
2025-07-14 15:00:03,133 [main] INFO  grpc.GrpcConfigKeys (ConfUtils.java:logGet(62)) - raft.grpc.client.port = 15053 (custom)
2025-07-14 15:00:03,133 [main] INFO  grpc.GrpcConfigKeys (ConfUtils.java:logGet(62)) - raft.grpc.server.port = 15055 (custom)
2025-07-14 15:00:03,134 [main] INFO  server.GrpcServicesImpl (ConfUtils.java:logGet(62)) - raft.grpc.message.size.max = 34603008 (custom)
2025-07-14 15:00:03,134 [main] INFO  server.GrpcServicesImpl (ConfUtils.java:logGet(62)) - raft.grpc.flow.control.window = 5MB (=5242880) (custom)
2025-07-14 15:00:03,134 [main] INFO  server.RaftServerConfigKeys (ConfUtils.java:logGet(62)) - raft.server.log.appender.buffer.byte-limit = 33554432 (custom)
2025-07-14 15:00:03,137 [main] INFO  netty.NettyUtils (NettyUtils.java:newEventLoopGroup(74)) - Create EpollEventLoopGroup for 52f0bf1a-a22c-4dfc-83f0-dd23f5b60a86-NettyServerStreamRpc-bossGroup; Thread size is 0.
2025-07-14 15:00:03,137 [main] INFO  netty.NettyUtils (NettyUtils.java:newEventLoopGroup(74)) - Create EpollEventLoopGroup for 52f0bf1a-a22c-4dfc-83f0-dd23f5b60a86-NettyServerStreamRpc-workerGroup; Thread size is 0.
2025-07-14 15:00:03,138 [main] INFO  netty.NettyConfigKeys$DataStream (ConfUtils.java:logGet(62)) - raft.netty.dataStream.port = 15056 (custom)
2025-07-14 15:00:03,139 [52f0bf1a-a22c-4dfc-83f0-dd23f5b60a86-NettyServerStreamRpc-bossGroup--thread1] INFO  logging.LoggingHandler (AbstractInternalLogger.java:log(148)) - [id: 0x1bc34138] REGISTERED
2025-07-14 15:00:03,139 [main] INFO  server.RaftServerConfigKeys (ConfUtils.java:logGet(62)) - raft.server.storage.dir = [/home/runner/work/ozone/ozone/hadoop-ozone/integration-test/target/test-dir/MiniOzoneClusterImpl-aaa7dc72-7fbf-48e0-acc5-129182712624/ozone-meta/datanode-6/ratis] (custom)
2025-07-14 15:00:03,140 [52f0bf1a-a22c-4dfc-83f0-dd23f5b60a86-NettyServerStreamRpc-bossGroup--thread1] INFO  logging.LoggingHandler (AbstractInternalLogger.java:log(148)) - [id: 0x1bc34138] BIND: 0.0.0.0/0.0.0.0:15056
2025-07-14 15:00:03,140 [52f0bf1a-a22c-4dfc-83f0-dd23f5b60a86-NettyServerStreamRpc-bossGroup--thread1] INFO  logging.LoggingHandler (AbstractInternalLogger.java:log(148)) - [id: 0x1bc34138, L:/0.0.0.0:15056] ACTIVE
2025-07-14 15:00:03,141 [52f0bf1a-a22c-4dfc-83f0-dd23f5b60a86-impl-thread1] INFO  server.RaftServer (RaftServerProxy.java:initGroupDir(270)) - 52f0bf1a-a22c-4dfc-83f0-dd23f5b60a86: found a subdirectory /home/runner/work/ozone/ozone/hadoop-ozone/integration-test/target/test-dir/MiniOzoneClusterImpl-aaa7dc72-7fbf-48e0-acc5-129182712624/ozone-meta/datanode-6/ratis/tmp
2025-07-14 15:00:03,142 [52f0bf1a-a22c-4dfc-83f0-dd23f5b60a86-impl-thread1] INFO  server.RaftServer (RaftServerProxy.java:initGroupDir(275)) - 52f0bf1a-a22c-4dfc-83f0-dd23f5b60a86: The directory /home/runner/work/ozone/ozone/hadoop-ozone/integration-test/target/test-dir/MiniOzoneClusterImpl-aaa7dc72-7fbf-48e0-acc5-129182712624/ozone-meta/datanode-6/ratis/tmp is not a group directory; ignoring it. 
2025-07-14 15:00:03,142 [main] INFO  replication.ReplicationServer (ReplicationServer.java:<init>(84)) - Initializing replication server with thread count = 10 queue length = 4096
2025-07-14 15:00:03,143 [main] INFO  server.XceiverServerGrpc (XceiverServerGrpc.java:<init>(130)) - GrpcServer channel type EpollServerSocketChannel
2025-07-14 15:00:03,145 [main] INFO  replication.ReplicationSupervisor (ReplicationSupervisor.java:build(169)) - Initializing replication supervisor with thread count = 10
2025-07-14 15:00:03,145 [main] INFO  replication.ReplicationSupervisor (ReplicationSupervisor.java:nodeStateUpdated(358)) - Node state updated to IN_SERVICE, scaling executor pool size to 10
2025-07-14 15:00:03,149 [main] INFO  http.BaseHttpServer (BaseHttpServer.java:newHttpServer2BuilderForOzone(229)) - Starting Web-server for hddsDatanode at: http://0.0.0.0:15050
2025-07-14 15:00:03,149 [main] INFO  http.BaseHttpServer (BaseHttpServer.java:<init>(107)) - Hadoop Security Enabled: false Ozone Security Enabled: false Ozone HTTP Security Enabled: false 
2025-07-14 15:00:03,151 [main] WARN  server.AuthenticationFilter (AuthenticationFilter.java:constructSecretProvider(240)) - Unable to initialize FileSignerSecretProvider, falling back to use random secrets. Reason: Could not read signature secret file: /home/runner/hadoop-http-auth-signature-secret
2025-07-14 15:00:03,154 [main] INFO  http.HttpServer2 (HttpServer2.java:addGlobalFilter(1042)) - Added global filter 'safety' (class=org.apache.hadoop.hdds.server.http.HttpServer2$QuotingInputFilter)
2025-07-14 15:00:03,155 [main] INFO  http.HttpServer2 (HttpServer2.java:addFilter(1018)) - Added filter static_user_filter (class=org.apache.hadoop.http.lib.StaticUserWebFilter$StaticUserFilter) to context hddsDatanode
2025-07-14 15:00:03,155 [main] INFO  http.HttpServer2 (HttpServer2.java:addFilter(1026)) - Added filter static_user_filter (class=org.apache.hadoop.http.lib.StaticUserWebFilter$StaticUserFilter) to context logs
2025-07-14 15:00:03,156 [main] INFO  http.HttpServer2 (HttpServer2.java:addFilter(1026)) - Added filter static_user_filter (class=org.apache.hadoop.http.lib.StaticUserWebFilter$StaticUserFilter) to context static
2025-07-14 15:00:03,157 [main] INFO  http.BaseHttpServer (BaseHttpServer.java:<init>(195)) - HTTP server of hddsDatanode uses base directory /home/runner/work/ozone/ozone/hadoop-ozone/integration-test/target/test-dir/MiniOzoneClusterImpl-aaa7dc72-7fbf-48e0-acc5-129182712624/ozone-meta/datanode-6/meta/webserver
2025-07-14 15:00:03,157 [main] INFO  http.HttpServer2 (HttpServer2.java:bindListener(1242)) - Jetty bound to port 15050
2025-07-14 15:00:03,157 [main] INFO  server.Server (Server.java:doStart(375)) - jetty-9.4.57.v20241219; built: 2025-01-08T21:24:30.412Z; git: df524e6b29271c2e09ba9aea83c18dc9db464a31; jvm 21.0.7+6-LTS
2025-07-14 15:00:03,161 [main] INFO  server.session (DefaultSessionIdManager.java:doStart(334)) - DefaultSessionIdManager workerName=node0
2025-07-14 15:00:03,161 [main] INFO  server.session (DefaultSessionIdManager.java:doStart(339)) - No SessionScavenger set, using defaults
2025-07-14 15:00:03,162 [main] INFO  server.session (HouseKeeper.java:startScavenging(132)) - node0 Scavenging every 600000ms
2025-07-14 15:00:03,163 [main] INFO  handler.ContextHandler (ContextHandler.java:doStart(921)) - Started o.e.j.s.ServletContextHandler@25cf767e{logs,/logs,file:///home/runner/work/ozone/ozone/hadoop-ozone/integration-test/target/log,AVAILABLE}
2025-07-14 15:00:03,164 [main] INFO  handler.ContextHandler (ContextHandler.java:doStart(921)) - Started o.e.j.s.ServletContextHandler@60b03429{static,/static,jar:file:/home/runner/work/ozone/ozone/hadoop-hdds/container-service/target/hdds-container-service-2.1.0-SNAPSHOT.jar!/webapps/static,AVAILABLE}
2025-07-14 15:00:03,167 [e9aa665b-a6cb-4a48-961e-4c04ffb0bb5a@group-129182712624-StateMachineUpdater] INFO  safemode.SCMSafeModeManager (SCMSafeModeManager.java:validateSafeModeExitRules(138)) - RatisContainerSafeModeRule rule is successfully validated
2025-07-14 15:00:03,167 [e9aa665b-a6cb-4a48-961e-4c04ffb0bb5a@group-129182712624-StateMachineUpdater] INFO  safemode.HealthyPipelineSafeModeRule (HealthyPipelineSafeModeRule.java:initializeRule(228)) - Refreshed total pipeline count is 0, healthy pipeline threshold count is 1
2025-07-14 15:00:03,167 [e9aa665b-a6cb-4a48-961e-4c04ffb0bb5a@group-129182712624-StateMachineUpdater] INFO  safemode.SCMSafeModeManager (SCMSafeModeManager.java:validateSafeModeExitRules(138)) - ECContainerSafeModeRule rule is successfully validated
2025-07-14 15:00:03,167 [e9aa665b-a6cb-4a48-961e-4c04ffb0bb5a@group-129182712624-StateMachineUpdater] INFO  safemode.SCMSafeModeManager (SCMSafeModeManager.java:validateSafeModeExitRules(138)) - AtleastOneDatanodeReportedRule rule is successfully validated
2025-07-14 15:00:03,171 [RatisPipelineUtilsThread-0] INFO  pipeline.BackgroundPipelineCreator (BackgroundPipelineCreator.java:createPipelines(246)) - Created new pipeline Pipeline{ Id: f573dc9d-c2a1-4800-8bce-76182951ae04, Nodes: [ {311b5faf-4d73-479d-9d03-a3296c64f810(localhost/127.0.0.1), ReplicaIndex: 0},], ReplicationConfig: RATIS/ONE, State:ALLOCATED, leaderId:, CreationTimestamp2025-07-14T15:00:03.069765304Z[Etc/UTC]}
2025-07-14 15:00:03,266 [IPC Server handler 17 on default port 15002] INFO  net.NetworkTopologyImpl (NetworkTopologyImpl.java:add(133)) - Added a new node: /default-rack/0f2a098c-ed74-48ca-a55f-ceee6161c687
2025-07-14 15:00:03,267 [IPC Server handler 17 on default port 15002] INFO  node.SCMNodeManager (SCMNodeManager.java:register(423)) - Registered datanode: 0f2a098c-ed74-48ca-a55f-ceee6161c687{ip: 127.0.0.1, host: localhost, ports: [HTTP=15018, CLIENT_RPC=15019, REPLICATION=15025, RATIS=15021, RATIS_ADMIN=15022, RATIS_SERVER=15023, RATIS_DATASTREAM=15024, STANDALONE=15020], networkLocation: /default-rack, certSerialId: null, persistedOpState: null, persistedOpStateExpiryEpochSec: 0}
2025-07-14 15:00:03,267 [EventQueue-NodeRegistrationContainerReportForDataNodeSafeModeRule] INFO  safemode.SCMSafeModeManager (DataNodeSafeModeRule.java:process(80)) - SCM in safe mode. 2 DataNodes registered, 3 required.
2025-07-14 15:00:03,267 [EventQueue-PipelineReportForOneReplicaPipelineSafeModeRule] INFO  safemode.SCMSafeModeManager (SCMSafeModeManager.java:validateSafeModeExitRules(138)) - AtleastOneDatanodeReportedRule rule is successfully validated
2025-07-14 15:00:03,267 [EventQueue-ContainerRegistrationReportForECContainerSafeModeRule] INFO  safemode.SCMSafeModeManager (SCMSafeModeManager.java:validateSafeModeExitRules(138)) - ECContainerSafeModeRule rule is successfully validated
2025-07-14 15:00:03,267 [EventQueue-ContainerRegistrationReportForRatisContainerSafeModeRule] INFO  safemode.SCMSafeModeManager (SCMSafeModeManager.java:validateSafeModeExitRules(138)) - RatisContainerSafeModeRule rule is successfully validated
2025-07-14 15:00:03,268 [EventQueue-NewNodeForNewNodeHandler] INFO  pipeline.BackgroundPipelineCreator (BackgroundPipelineCreator.java:notifyEventTriggered(290)) - trigger a one-shot run on RatisPipelineUtilsThread.
2025-07-14 15:00:03,269 [RatisPipelineUtilsThread-0] INFO  pipeline.RatisPipelineProvider (RatisPipelineProvider.java:lambda$create$0(208)) - Sending CreatePipelineCommand for pipeline:Pipeline-46be4211-4322-4319-944a-9154c3440bb2 to datanode:0f2a098c-ed74-48ca-a55f-ceee6161c687(localhost/127.0.0.1)
2025-07-14 15:00:03,272 [e9aa665b-a6cb-4a48-961e-4c04ffb0bb5a@group-129182712624-StateMachineUpdater] INFO  safemode.SCMSafeModeManager (SCMSafeModeManager.java:validateSafeModeExitRules(138)) - RatisContainerSafeModeRule rule is successfully validated
2025-07-14 15:00:03,272 [e9aa665b-a6cb-4a48-961e-4c04ffb0bb5a@group-129182712624-StateMachineUpdater] INFO  safemode.HealthyPipelineSafeModeRule (HealthyPipelineSafeModeRule.java:initializeRule(228)) - Refreshed total pipeline count is 0, healthy pipeline threshold count is 1
2025-07-14 15:00:03,272 [e9aa665b-a6cb-4a48-961e-4c04ffb0bb5a@group-129182712624-StateMachineUpdater] INFO  safemode.SCMSafeModeManager (SCMSafeModeManager.java:validateSafeModeExitRules(138)) - ECContainerSafeModeRule rule is successfully validated
2025-07-14 15:00:03,273 [e9aa665b-a6cb-4a48-961e-4c04ffb0bb5a@group-129182712624-StateMachineUpdater] INFO  safemode.SCMSafeModeManager (SCMSafeModeManager.java:validateSafeModeExitRules(138)) - AtleastOneDatanodeReportedRule rule is successfully validated
2025-07-14 15:00:03,273 [RatisPipelineUtilsThread-0] INFO  pipeline.BackgroundPipelineCreator (BackgroundPipelineCreator.java:createPipelines(246)) - Created new pipeline Pipeline{ Id: 46be4211-4322-4319-944a-9154c3440bb2, Nodes: [ {0f2a098c-ed74-48ca-a55f-ceee6161c687(localhost/127.0.0.1), ReplicaIndex: 0},], ReplicationConfig: RATIS/ONE, State:ALLOCATED, leaderId:, CreationTimestamp2025-07-14T15:00:03.269152369Z[Etc/UTC]}
2025-07-14 15:00:03,304 [a505560f-c589-4eb5-89aa-a89970ae9358-EndpointStateMachineTaskThread-/0.0.0.0:15002-0 ] INFO  utils.DatanodeStoreCache (DatanodeStoreCache.java:addDB(70)) - Added db /home/runner/work/ozone/ozone/hadoop-ozone/integration-test/target/test-dir/MiniOzoneClusterImpl-aaa7dc72-7fbf-48e0-acc5-129182712624/ozone-meta/datanode-4/data-0/hdds/aaa7dc72-7fbf-48e0-acc5-129182712624/DS-74c62da7-997c-45b9-a898-b5435ee7265f/container.db to cache
2025-07-14 15:00:03,304 [a505560f-c589-4eb5-89aa-a89970ae9358-EndpointStateMachineTaskThread-/0.0.0.0:15002-0 ] INFO  volume.HddsVolume (HddsVolume.java:createDbStore(575)) - SchemaV3 db is created and loaded at /home/runner/work/ozone/ozone/hadoop-ozone/integration-test/target/test-dir/MiniOzoneClusterImpl-aaa7dc72-7fbf-48e0-acc5-129182712624/ozone-meta/datanode-4/data-0/hdds/aaa7dc72-7fbf-48e0-acc5-129182712624/DS-74c62da7-997c-45b9-a898-b5435ee7265f/container.db for volume DS-74c62da7-997c-45b9-a898-b5435ee7265f
2025-07-14 15:00:03,308 [a505560f-c589-4eb5-89aa-a89970ae9358-ContainerReader-0] INFO  ozoneimpl.ContainerReader (ContainerReader.java:readVolume(144)) - Start to verify containers on volume /home/runner/work/ozone/ozone/hadoop-ozone/integration-test/target/test-dir/MiniOzoneClusterImpl-aaa7dc72-7fbf-48e0-acc5-129182712624/ozone-meta/datanode-4/data-0/hdds
2025-07-14 15:00:03,308 [a505560f-c589-4eb5-89aa-a89970ae9358-ContainerReader-0] INFO  ozoneimpl.ContainerReader (ContainerReader.java:readVolume(174)) - Finish verifying containers on volume /home/runner/work/ozone/ozone/hadoop-ozone/integration-test/target/test-dir/MiniOzoneClusterImpl-aaa7dc72-7fbf-48e0-acc5-129182712624/ozone-meta/datanode-4/data-0/hdds
2025-07-14 15:00:03,308 [a505560f-c589-4eb5-89aa-a89970ae9358-EndpointStateMachineTaskThread-/0.0.0.0:15002-0 ] INFO  ozoneimpl.OzoneContainer (OzoneContainer.java:buildContainerSet(370)) - Build ContainerSet costs 0s
2025-07-14 15:00:03,309 [a505560f-c589-4eb5-89aa-a89970ae9358-EndpointStateMachineTaskThread-/0.0.0.0:15002-0 ] INFO  volume.ThrottledAsyncChecker (ThrottledAsyncChecker.java:schedule(138)) - Scheduling a check for /home/runner/work/ozone/ozone/hadoop-ozone/integration-test/target/test-dir/MiniOzoneClusterImpl-aaa7dc72-7fbf-48e0-acc5-129182712624/ozone-meta/datanode-4/data-0/hdds
2025-07-14 15:00:03,309 [a505560f-c589-4eb5-89aa-a89970ae9358-EndpointStateMachineTaskThread-/0.0.0.0:15002-0 ] INFO  volume.StorageVolumeChecker (StorageVolumeChecker.java:checkAllVolumes(215)) - Scheduled health check for volume /home/runner/work/ozone/ozone/hadoop-ozone/integration-test/target/test-dir/MiniOzoneClusterImpl-aaa7dc72-7fbf-48e0-acc5-129182712624/ozone-meta/datanode-4/data-0/hdds
2025-07-14 15:00:03,313 [a505560f-c589-4eb5-89aa-a89970ae9358-EndpointStateMachineTaskThread-/0.0.0.0:15002-0 ] INFO  volume.ThrottledAsyncChecker (ThrottledAsyncChecker.java:schedule(138)) - Scheduling a check for /home/runner/work/ozone/ozone/hadoop-ozone/integration-test/target/test-dir/MiniOzoneClusterImpl-aaa7dc72-7fbf-48e0-acc5-129182712624/ozone-meta/datanode-4/ratis
2025-07-14 15:00:03,313 [a505560f-c589-4eb5-89aa-a89970ae9358-EndpointStateMachineTaskThread-/0.0.0.0:15002-0 ] INFO  volume.StorageVolumeChecker (StorageVolumeChecker.java:checkAllVolumes(215)) - Scheduled health check for volume /home/runner/work/ozone/ozone/hadoop-ozone/integration-test/target/test-dir/MiniOzoneClusterImpl-aaa7dc72-7fbf-48e0-acc5-129182712624/ozone-meta/datanode-4/ratis
2025-07-14 15:00:03,314 [a505560f-c589-4eb5-89aa-a89970ae9358-EndpointStateMachineTaskThread-/0.0.0.0:15002-0 ] INFO  ozoneimpl.OzoneContainer (OzoneContainer.java:start(520)) - Attempting to start container services.
2025-07-14 15:00:03,315 [ContainerMetadataScanner] INFO  ozoneimpl.AbstractBackgroundContainerScanner (AbstractBackgroundContainerScanner.java:runIteration(89)) - Completed an iteration in 0 minutes. Number of iterations (since the data-node restart) : 1, Number of containers scanned in this iteration : 0, Number of unhealthy containers found in this iteration : 0
2025-07-14 15:00:03,315 [ContainerDataScanner(/home/runner/work/ozone/ozone/hadoop-ozone/integration-test/target/test-dir/MiniOzoneClusterImpl-aaa7dc72-7fbf-48e0-acc5-129182712624/ozone-meta/datanode-4/data-0/hdds)] INFO  ozoneimpl.AbstractBackgroundContainerScanner (AbstractBackgroundContainerScanner.java:runIteration(89)) - Completed an iteration in 0 minutes. Number of iterations (since the data-node restart) : 1, Number of containers scanned in this iteration : 0, Number of unhealthy containers found in this iteration : 0
2025-07-14 15:00:03,316 [a505560f-c589-4eb5-89aa-a89970ae9358-EndpointStateMachineTaskThread-/0.0.0.0:15002-0 ] INFO  replication.ReplicationServer (ReplicationServer.java:start(137)) - ReplicationServer is started using port 15041
2025-07-14 15:00:03,316 [a505560f-c589-4eb5-89aa-a89970ae9358-EndpointStateMachineTaskThread-/0.0.0.0:15002-0 ] INFO  ratis.XceiverServerRatis (XceiverServerRatis.java:start(559)) - Starting XceiverServerRatis(a505560f-c589-4eb5-89aa-a89970ae9358)
2025-07-14 15:00:03,317 [a505560f-c589-4eb5-89aa-a89970ae9358-EndpointStateMachineTaskThread-/0.0.0.0:15002-0 ] INFO  server.RaftServer (RaftServerProxy.java:startImpl(412)) - a505560f-c589-4eb5-89aa-a89970ae9358: start RPC server
2025-07-14 15:00:03,318 [a505560f-c589-4eb5-89aa-a89970ae9358-EndpointStateMachineTaskThread-/0.0.0.0:15002-0 ] INFO  server.GrpcServicesImpl (GrpcServicesImpl.java:startImpl(346)) - a505560f-c589-4eb5-89aa-a89970ae9358: GrpcServicesImpl started, listening on 15037
2025-07-14 15:00:03,318 [a505560f-c589-4eb5-89aa-a89970ae9358-EndpointStateMachineTaskThread-/0.0.0.0:15002-0 ] INFO  server.GrpcServicesImpl (GrpcServicesImpl.java:startImpl(346)) - a505560f-c589-4eb5-89aa-a89970ae9358: GrpcServicesImpl started, listening on 15039
2025-07-14 15:00:03,319 [a505560f-c589-4eb5-89aa-a89970ae9358-EndpointStateMachineTaskThread-/0.0.0.0:15002-0 ] INFO  server.GrpcServicesImpl (GrpcServicesImpl.java:startImpl(346)) - a505560f-c589-4eb5-89aa-a89970ae9358: GrpcServicesImpl started, listening on 15038
2025-07-14 15:00:03,319 [a505560f-c589-4eb5-89aa-a89970ae9358-EndpointStateMachineTaskThread-/0.0.0.0:15002-0 ] INFO  ratis.XceiverServerRatis (XceiverServerRatis.java:getRealPort(586)) - XceiverServerRatis(a505560f-c589-4eb5-89aa-a89970ae9358) is started using port RATIS=15037
2025-07-14 15:00:03,319 [JvmPauseMonitor6] INFO  util.JvmPauseMonitor (JvmPauseMonitor.java:run(146)) - JvmPauseMonitor-a505560f-c589-4eb5-89aa-a89970ae9358: Started
2025-07-14 15:00:03,319 [a505560f-c589-4eb5-89aa-a89970ae9358-EndpointStateMachineTaskThread-/0.0.0.0:15002-0 ] INFO  ratis.XceiverServerRatis (XceiverServerRatis.java:getRealPort(586)) - XceiverServerRatis(a505560f-c589-4eb5-89aa-a89970ae9358) is started using port RATIS_ADMIN=15038
2025-07-14 15:00:03,319 [a505560f-c589-4eb5-89aa-a89970ae9358-EndpointStateMachineTaskThread-/0.0.0.0:15002-0 ] INFO  ratis.XceiverServerRatis (XceiverServerRatis.java:getRealPort(586)) - XceiverServerRatis(a505560f-c589-4eb5-89aa-a89970ae9358) is started using port RATIS_SERVER=15039
2025-07-14 15:00:03,319 [a505560f-c589-4eb5-89aa-a89970ae9358-EndpointStateMachineTaskThread-/0.0.0.0:15002-0 ] INFO  ratis.XceiverServerRatis (XceiverServerRatis.java:getRealPort(586)) - XceiverServerRatis(a505560f-c589-4eb5-89aa-a89970ae9358) is started using port RATIS_DATASTREAM=15040
2025-07-14 15:00:03,320 [a505560f-c589-4eb5-89aa-a89970ae9358-EndpointStateMachineTaskThread-/0.0.0.0:15002-0 ] INFO  utils.BackgroundService (BackgroundService.java:start(118)) - Starting service BlockDeletingService with interval 60000 milliseconds
2025-07-14 15:00:03,320 [a505560f-c589-4eb5-89aa-a89970ae9358-EndpointStateMachineTaskThread-/0.0.0.0:15002-0 ] INFO  utils.BackgroundService (BackgroundService.java:start(118)) - Starting service StaleRecoveringContainerScrubbingService with interval 60000 milliseconds
2025-07-14 15:00:03,337 [main] INFO  handler.ContextHandler (ContextHandler.java:doStart(921)) - Started o.e.j.w.WebAppContext@459a9bb2{hddsDatanode,/,file:///home/runner/work/ozone/ozone/hadoop-ozone/integration-test/target/test-dir/MiniOzoneClusterImpl-aaa7dc72-7fbf-48e0-acc5-129182712624/ozone-meta/datanode-6/meta/webserver/jetty-0_0_0_0-15050-hdds-container-service-2_1_0-SNAPSHOT_jar-_-any-10850283850891661289/webapp/,AVAILABLE}{jar:file:/home/runner/work/ozone/ozone/hadoop-hdds/container-service/target/hdds-container-service-2.1.0-SNAPSHOT.jar!/webapps/hddsDatanode}
2025-07-14 15:00:03,338 [main] INFO  server.AbstractConnector (AbstractConnector.java:doStart(333)) - Started ServerConnector@37685102{HTTP/1.1, (http/1.1)}{0.0.0.0:15050}
2025-07-14 15:00:03,338 [main] INFO  server.Server (Server.java:doStart(415)) - Started @12902ms
2025-07-14 15:00:03,338 [main] WARN  impl.MetricsSystemImpl (MetricsSystemImpl.java:register(279)) - Sink prometheus already exists!
2025-07-14 15:00:03,338 [main] INFO  http.BaseHttpServer (BaseHttpServer.java:updateConnectorAddress(359)) - HTTP server of hddsDatanode listening at http://localhost:15050
2025-07-14 15:00:03,339 [main] INFO  ipc.CallQueueManager (CallQueueManager.java:<init>(93)) - Using callQueue: class java.util.concurrent.LinkedBlockingQueue, queueCapacity: 1000, scheduler: class org.apache.hadoop.ipc.DefaultRpcScheduler, ipcBackoff: false, ipcFailOver: false.
2025-07-14 15:00:03,339 [main] INFO  ipc.Server (Server.java:<init>(1438)) - Listener at 0.0.0.0:15051
2025-07-14 15:00:03,340 [Socket Reader #1 for port 15051] INFO  ipc.Server (Server.java:run(1474)) - Starting Socket Reader #1 for port 15051
2025-07-14 15:00:03,340 [Socket Reader #2 for port 15051] INFO  ipc.Server (Server.java:run(1474)) - Starting Socket Reader #2 for port 15051
2025-07-14 15:00:03,340 [Socket Reader #3 for port 15051] INFO  ipc.Server (Server.java:run(1474)) - Starting Socket Reader #3 for port 15051
2025-07-14 15:00:03,340 [Socket Reader #4 for port 15051] INFO  ipc.Server (Server.java:run(1474)) - Starting Socket Reader #4 for port 15051
2025-07-14 15:00:03,340 [Socket Reader #5 for port 15051] INFO  ipc.Server (Server.java:run(1474)) - Starting Socket Reader #5 for port 15051
2025-07-14 15:00:03,340 [Socket Reader #6 for port 15051] INFO  ipc.Server (Server.java:run(1474)) - Starting Socket Reader #6 for port 15051
2025-07-14 15:00:03,341 [Socket Reader #7 for port 15051] INFO  ipc.Server (Server.java:run(1474)) - Starting Socket Reader #7 for port 15051
2025-07-14 15:00:03,341 [Socket Reader #8 for port 15051] INFO  ipc.Server (Server.java:run(1474)) - Starting Socket Reader #8 for port 15051
2025-07-14 15:00:03,341 [Socket Reader #9 for port 15051] INFO  ipc.Server (Server.java:run(1474)) - Starting Socket Reader #9 for port 15051
2025-07-14 15:00:03,341 [Socket Reader #10 for port 15051] INFO  ipc.Server (Server.java:run(1474)) - Starting Socket Reader #10 for port 15051
2025-07-14 15:00:03,343 [main] INFO  ozone.HddsDatanodeService (HddsDatanodeService.java:start(333)) - Datanode start with admins: [admin, runner]
2025-07-14 15:00:03,343 [main] INFO  ozone.HddsDatanodeClientProtocolServer (HddsDatanodeClientProtocolServer.java:start(76)) - RPC server for Client /0.0.0.0:15051
2025-07-14 15:00:03,343 [IPC Server Responder] INFO  ipc.Server (Server.java:run(1713)) - IPC Server Responder: starting
2025-07-14 15:00:03,344 [IPC Server listener on 15051] INFO  ipc.Server (Server.java:run(1553)) - IPC Server listener on 15051: starting
2025-07-14 15:00:03,345 [main] WARN  dropwizard3.Dm3MetricRegistriesImpl (Dm3MetricRegistriesImpl.java:addReporterRegistration(114)) - New reporters are added after registries were created. Some metrics will be missing from the reporter. Please add reporter before adding any new registry.
2025-07-14 15:00:03,345 [main] WARN  dropwizard3.Dm3MetricRegistriesImpl (Dm3MetricRegistriesImpl.java:addReporterRegistration(114)) - New reporters are added after registries were created. Some metrics will be missing from the reporter. Please add reporter before adding any new registry.
2025-07-14 15:00:03,345 [main] INFO  impl.MetricsSystemImpl (MetricsSystemImpl.java:init(158)) - HddsDatanode metrics system started (again)
2025-07-14 15:00:03,346 [52f0bf1a-a22c-4dfc-83f0-dd23f5b60a86-DatanodeStateMachineDaemonThread] INFO  statemachine.DatanodeStateMachine (DatanodeStateMachine.java:startStateMachineThread(347)) - Ozone container server started.
2025-07-14 15:00:03,351 [52f0bf1a-a22c-4dfc-83f0-dd23f5b60a86-DatanodeStateMachineTaskThread-0] INFO  datanode.InitDatanodeState (InitDatanodeState.java:persistContainerDatanodeDetails(139)) - DatanodeDetails is persisted to /home/runner/work/ozone/ozone/hadoop-ozone/integration-test/target/test-dir/MiniOzoneClusterImpl-aaa7dc72-7fbf-48e0-acc5-129182712624/ozone-meta/datanode-6/meta/datanode.id
2025-07-14 15:00:03,364 [main] INFO  protocol.DatanodeDetails (DatanodeDetails.java:validateDatanodeIpAddress(199)) - Updating IP address of datanode ac481237-f71e-4eeb-9120-a6c52bf83f13(localhost/null) to 127.0.0.1
2025-07-14 15:00:03,365 [main] INFO  ozone.HddsDatanodeService (HddsDatanodeService.java:start(236)) - HddsDatanodeService ac481237-f71e-4eeb-9120-a6c52bf83f13(localhost/127.0.0.1)
2025-07-14 15:00:03,367 [main] INFO  upgrade.AbstractLayoutVersionManager (AbstractLayoutVersionManager.java:init(80)) - Initializing Layout version manager with metadata layout = HBASE_SUPPORT (version = 8), software layout = HBASE_SUPPORT (version = 8)
2025-07-14 15:00:03,367 [main] INFO  statemachine.DatanodeStateMachine (DatanodeStateMachine.java:getEndPointTaskThreadPoolSize(305)) - Datanode State Machine Task Thread Pool size 2
2025-07-14 15:00:03,370 [main] INFO  volume.HddsVolume (HddsVolume.java:<init>(162)) - HddsVolume: { id=DS-b474defb-cd22-4adc-9755-708bfa2a4ba9 dir=/home/runner/work/ozone/ozone/hadoop-ozone/integration-test/target/test-dir/MiniOzoneClusterImpl-aaa7dc72-7fbf-48e0-acc5-129182712624/ozone-meta/datanode-7/data-0/hdds type=DISK capacity=9222449699674390527 used=0 available=9222449699674390527 minFree=9222450130714624 committed=0 }
2025-07-14 15:00:03,370 [main] INFO  volume.MutableVolumeSet (MutableVolumeSet.java:initializeVolumeSet(167)) - Added Volume : /home/runner/work/ozone/ozone/hadoop-ozone/integration-test/target/test-dir/MiniOzoneClusterImpl-aaa7dc72-7fbf-48e0-acc5-129182712624/ozone-meta/datanode-7/data-0/hdds to VolumeSet
2025-07-14 15:00:03,371 [main] INFO  volume.MutableVolumeSet (MutableVolumeSet.java:initializeVolumeSet(167)) - Added Volume : /home/runner/work/ozone/ozone/hadoop-ozone/integration-test/target/test-dir/MiniOzoneClusterImpl-aaa7dc72-7fbf-48e0-acc5-129182712624/ozone-meta/datanode-7/ratis to VolumeSet
2025-07-14 15:00:03,372 [main] INFO  ozoneimpl.OzoneContainer (HddsVolumeUtil.java:loadAllHddsVolumeDbStore(102)) - Load 1 volumes DbStore cost: 0ms
2025-07-14 15:00:03,372 [main] WARN  db.DBStoreBuilder (DBStoreBuilder.java:getDBDirPath(158)) - ozone.scm.datanode.id.dir is not configured. We recommend adding this setting. Falling back to ozone.metadata.dirs instead.
2025-07-14 15:00:03,373 [main] WARN  db.DBStoreBuilder (DBStoreBuilder.java:getDBDirPath(158)) - ozone.scm.datanode.id.dir is not configured. We recommend adding this setting. Falling back to ozone.metadata.dirs instead.
2025-07-14 15:00:03,388 [main] INFO  impl.FilePerChunkStrategy (FilePerChunkStrategy.java:<init>(79)) - ozone.chunk.read.mapped.buffer.max.count is load with 0
2025-07-14 15:00:03,388 [main] INFO  impl.FilePerBlockStrategy (FilePerBlockStrategy.java:<init>(88)) - ozone.chunk.read.mapped.buffer.max.count is load with 0
2025-07-14 15:00:03,389 [main] INFO  server.RaftServerConfigKeys (ConfUtils.java:logGet(62)) - raft.server.log.appender.buffer.byte-limit = 33554432 (custom)
2025-07-14 15:00:03,391 [main] INFO  grpc.GrpcConfigKeys (ConfUtils.java:logFallback(69)) - raft.grpc.admin.host = null (fallback to raft.grpc.server.host)
2025-07-14 15:00:03,391 [main] INFO  grpc.GrpcConfigKeys (ConfUtils.java:logGet(62)) - raft.grpc.admin.port = 15062 (custom)
2025-07-14 15:00:03,392 [main] INFO  grpc.GrpcConfigKeys (ConfUtils.java:logFallback(69)) - raft.grpc.client.host = null (fallback to raft.grpc.server.host)
2025-07-14 15:00:03,392 [main] INFO  grpc.GrpcConfigKeys (ConfUtils.java:logGet(62)) - raft.grpc.client.port = 15061 (custom)
2025-07-14 15:00:03,392 [main] INFO  grpc.GrpcConfigKeys (ConfUtils.java:logGet(62)) - raft.grpc.server.port = 15063 (custom)
2025-07-14 15:00:03,392 [main] INFO  server.GrpcServicesImpl (ConfUtils.java:logGet(62)) - raft.grpc.message.size.max = 34603008 (custom)
2025-07-14 15:00:03,392 [main] INFO  server.GrpcServicesImpl (ConfUtils.java:logGet(62)) - raft.grpc.flow.control.window = 5MB (=5242880) (custom)
2025-07-14 15:00:03,392 [main] INFO  server.RaftServerConfigKeys (ConfUtils.java:logGet(62)) - raft.server.log.appender.buffer.byte-limit = 33554432 (custom)
2025-07-14 15:00:03,394 [main] INFO  netty.NettyUtils (NettyUtils.java:newEventLoopGroup(74)) - Create EpollEventLoopGroup for ac481237-f71e-4eeb-9120-a6c52bf83f13-NettyServerStreamRpc-bossGroup; Thread size is 0.
2025-07-14 15:00:03,394 [main] INFO  netty.NettyUtils (NettyUtils.java:newEventLoopGroup(74)) - Create EpollEventLoopGroup for ac481237-f71e-4eeb-9120-a6c52bf83f13-NettyServerStreamRpc-workerGroup; Thread size is 0.
2025-07-14 15:00:03,395 [main] INFO  netty.NettyConfigKeys$DataStream (ConfUtils.java:logGet(62)) - raft.netty.dataStream.port = 15064 (custom)
2025-07-14 15:00:03,396 [main] INFO  server.RaftServerConfigKeys (ConfUtils.java:logGet(62)) - raft.server.storage.dir = [/home/runner/work/ozone/ozone/hadoop-ozone/integration-test/target/test-dir/MiniOzoneClusterImpl-aaa7dc72-7fbf-48e0-acc5-129182712624/ozone-meta/datanode-7/ratis] (custom)
2025-07-14 15:00:03,396 [ac481237-f71e-4eeb-9120-a6c52bf83f13-NettyServerStreamRpc-bossGroup--thread1] INFO  logging.LoggingHandler (AbstractInternalLogger.java:log(148)) - [id: 0xc9da59a5] REGISTERED
2025-07-14 15:00:03,396 [ac481237-f71e-4eeb-9120-a6c52bf83f13-NettyServerStreamRpc-bossGroup--thread1] INFO  logging.LoggingHandler (AbstractInternalLogger.java:log(148)) - [id: 0xc9da59a5] BIND: 0.0.0.0/0.0.0.0:15064
2025-07-14 15:00:03,396 [ac481237-f71e-4eeb-9120-a6c52bf83f13-NettyServerStreamRpc-bossGroup--thread1] INFO  logging.LoggingHandler (AbstractInternalLogger.java:log(148)) - [id: 0xc9da59a5, L:/0.0.0.0:15064] ACTIVE
2025-07-14 15:00:03,396 [ac481237-f71e-4eeb-9120-a6c52bf83f13-impl-thread1] INFO  server.RaftServer (RaftServerProxy.java:initGroupDir(270)) - ac481237-f71e-4eeb-9120-a6c52bf83f13: found a subdirectory /home/runner/work/ozone/ozone/hadoop-ozone/integration-test/target/test-dir/MiniOzoneClusterImpl-aaa7dc72-7fbf-48e0-acc5-129182712624/ozone-meta/datanode-7/ratis/tmp
2025-07-14 15:00:03,396 [ac481237-f71e-4eeb-9120-a6c52bf83f13-impl-thread1] INFO  server.RaftServer (RaftServerProxy.java:initGroupDir(275)) - ac481237-f71e-4eeb-9120-a6c52bf83f13: The directory /home/runner/work/ozone/ozone/hadoop-ozone/integration-test/target/test-dir/MiniOzoneClusterImpl-aaa7dc72-7fbf-48e0-acc5-129182712624/ozone-meta/datanode-7/ratis/tmp is not a group directory; ignoring it. 
2025-07-14 15:00:03,397 [main] INFO  replication.ReplicationServer (ReplicationServer.java:<init>(84)) - Initializing replication server with thread count = 10 queue length = 4096
2025-07-14 15:00:03,398 [main] INFO  server.XceiverServerGrpc (XceiverServerGrpc.java:<init>(130)) - GrpcServer channel type EpollServerSocketChannel
2025-07-14 15:00:03,404 [main] INFO  replication.ReplicationSupervisor (ReplicationSupervisor.java:build(169)) - Initializing replication supervisor with thread count = 10
2025-07-14 15:00:03,404 [main] INFO  replication.ReplicationSupervisor (ReplicationSupervisor.java:nodeStateUpdated(358)) - Node state updated to IN_SERVICE, scaling executor pool size to 10
2025-07-14 15:00:03,408 [main] INFO  http.BaseHttpServer (BaseHttpServer.java:newHttpServer2BuilderForOzone(229)) - Starting Web-server for hddsDatanode at: http://0.0.0.0:15058
2025-07-14 15:00:03,408 [main] INFO  http.BaseHttpServer (BaseHttpServer.java:<init>(107)) - Hadoop Security Enabled: false Ozone Security Enabled: false Ozone HTTP Security Enabled: false 
2025-07-14 15:00:03,410 [main] WARN  server.AuthenticationFilter (AuthenticationFilter.java:constructSecretProvider(240)) - Unable to initialize FileSignerSecretProvider, falling back to use random secrets. Reason: Could not read signature secret file: /home/runner/hadoop-http-auth-signature-secret
2025-07-14 15:00:03,413 [main] INFO  http.HttpServer2 (HttpServer2.java:addGlobalFilter(1042)) - Added global filter 'safety' (class=org.apache.hadoop.hdds.server.http.HttpServer2$QuotingInputFilter)
2025-07-14 15:00:03,414 [main] INFO  http.HttpServer2 (HttpServer2.java:addFilter(1018)) - Added filter static_user_filter (class=org.apache.hadoop.http.lib.StaticUserWebFilter$StaticUserFilter) to context hddsDatanode
2025-07-14 15:00:03,414 [main] INFO  http.HttpServer2 (HttpServer2.java:addFilter(1026)) - Added filter static_user_filter (class=org.apache.hadoop.http.lib.StaticUserWebFilter$StaticUserFilter) to context static
2025-07-14 15:00:03,414 [main] INFO  http.HttpServer2 (HttpServer2.java:addFilter(1026)) - Added filter static_user_filter (class=org.apache.hadoop.http.lib.StaticUserWebFilter$StaticUserFilter) to context logs
2025-07-14 15:00:03,415 [main] INFO  http.BaseHttpServer (BaseHttpServer.java:<init>(195)) - HTTP server of hddsDatanode uses base directory /home/runner/work/ozone/ozone/hadoop-ozone/integration-test/target/test-dir/MiniOzoneClusterImpl-aaa7dc72-7fbf-48e0-acc5-129182712624/ozone-meta/datanode-7/meta/webserver
2025-07-14 15:00:03,415 [main] INFO  http.HttpServer2 (HttpServer2.java:bindListener(1242)) - Jetty bound to port 15058
2025-07-14 15:00:03,415 [main] INFO  server.Server (Server.java:doStart(375)) - jetty-9.4.57.v20241219; built: 2025-01-08T21:24:30.412Z; git: df524e6b29271c2e09ba9aea83c18dc9db464a31; jvm 21.0.7+6-LTS
2025-07-14 15:00:03,417 [main] INFO  server.session (DefaultSessionIdManager.java:doStart(334)) - DefaultSessionIdManager workerName=node0
2025-07-14 15:00:03,417 [main] INFO  server.session (DefaultSessionIdManager.java:doStart(339)) - No SessionScavenger set, using defaults
2025-07-14 15:00:03,417 [main] INFO  server.session (HouseKeeper.java:startScavenging(132)) - node0 Scavenging every 600000ms
2025-07-14 15:00:03,418 [main] INFO  handler.ContextHandler (ContextHandler.java:doStart(921)) - Started o.e.j.s.ServletContextHandler@1f974b5d{logs,/logs,file:///home/runner/work/ozone/ozone/hadoop-ozone/integration-test/target/log,AVAILABLE}
2025-07-14 15:00:03,418 [main] INFO  handler.ContextHandler (ContextHandler.java:doStart(921)) - Started o.e.j.s.ServletContextHandler@7fa20767{static,/static,jar:file:/home/runner/work/ozone/ozone/hadoop-hdds/container-service/target/hdds-container-service-2.1.0-SNAPSHOT.jar!/webapps/static,AVAILABLE}
2025-07-14 15:00:03,504 [IPC Server handler 4 on default port 15002] INFO  net.NetworkTopologyImpl (NetworkTopologyImpl.java:add(133)) - Added a new node: /default-rack/b5acb6b3-ef2b-41db-9bfa-77a47d0ca582
2025-07-14 15:00:03,504 [IPC Server handler 4 on default port 15002] INFO  node.SCMNodeManager (SCMNodeManager.java:register(423)) - Registered datanode: b5acb6b3-ef2b-41db-9bfa-77a47d0ca582{ip: 127.0.0.1, host: localhost, ports: [HTTP=15026, CLIENT_RPC=15027, REPLICATION=15033, RATIS=15029, RATIS_ADMIN=15030, RATIS_SERVER=15031, RATIS_DATASTREAM=15032, STANDALONE=15028], networkLocation: /default-rack, certSerialId: null, persistedOpState: null, persistedOpStateExpiryEpochSec: 0}
2025-07-14 15:00:03,504 [EventQueue-NodeRegistrationContainerReportForDataNodeSafeModeRule] INFO  safemode.SCMSafeModeManager (DataNodeSafeModeRule.java:process(80)) - SCM in safe mode. 3 DataNodes registered, 3 required.
2025-07-14 15:00:03,504 [EventQueue-NodeRegistrationContainerReportForDataNodeSafeModeRule] INFO  safemode.SCMSafeModeManager (SCMSafeModeManager.java:validateSafeModeExitRules(138)) - DataNodeSafeModeRule rule is successfully validated
2025-07-14 15:00:03,505 [EventQueue-NodeRegistrationContainerReportForDataNodeSafeModeRule] INFO  safemode.SCMSafeModeManager (SCMSafeModeManager.java:validateSafeModeExitRules(151)) - All SCM safe mode pre check rules have passed
2025-07-14 15:00:03,505 [EventQueue-NodeRegistrationContainerReportForDataNodeSafeModeRule] INFO  ha.SCMContext (SCMContext.java:updateSafeModeStatus(224)) - Update SafeModeStatus from SafeModeStatus{safeModeStatus=true, preCheckPassed=false} to SafeModeStatus{safeModeStatus=true, preCheckPassed=true}.
2025-07-14 15:00:03,505 [EventQueue-NewNodeForNewNodeHandler] INFO  pipeline.BackgroundPipelineCreator (BackgroundPipelineCreator.java:notifyEventTriggered(290)) - trigger a one-shot run on RatisPipelineUtilsThread.
2025-07-14 15:00:03,505 [EventQueue-NodeRegistrationContainerReportForDataNodeSafeModeRule] INFO  pipeline.BackgroundPipelineCreator (BackgroundPipelineCreator.java:notifyEventTriggered(290)) - trigger a one-shot run on RatisPipelineUtilsThread.
2025-07-14 15:00:03,505 [EventQueue-ContainerRegistrationReportForRatisContainerSafeModeRule] INFO  safemode.SCMSafeModeManager (SCMSafeModeManager.java:validateSafeModeExitRules(138)) - RatisContainerSafeModeRule rule is successfully validated
2025-07-14 15:00:03,505 [EventQueue-ContainerRegistrationReportForECContainerSafeModeRule] INFO  safemode.SCMSafeModeManager (SCMSafeModeManager.java:validateSafeModeExitRules(138)) - ECContainerSafeModeRule rule is successfully validated
2025-07-14 15:00:03,506 [EventQueue-PipelineReportForOneReplicaPipelineSafeModeRule] INFO  safemode.SCMSafeModeManager (SCMSafeModeManager.java:validateSafeModeExitRules(138)) - AtleastOneDatanodeReportedRule rule is successfully validated
2025-07-14 15:00:03,506 [RatisPipelineUtilsThread-0] INFO  pipeline.RatisPipelineProvider (RatisPipelineProvider.java:lambda$create$0(208)) - Sending CreatePipelineCommand for pipeline:Pipeline-89ab0972-d6e3-4095-ab77-c3c32ca5a066 to datanode:b5acb6b3-ef2b-41db-9bfa-77a47d0ca582(localhost/127.0.0.1)
2025-07-14 15:00:03,509 [e9aa665b-a6cb-4a48-961e-4c04ffb0bb5a@group-129182712624-StateMachineUpdater] INFO  safemode.SCMSafeModeManager (SCMSafeModeManager.java:validateSafeModeExitRules(138)) - DataNodeSafeModeRule rule is successfully validated
2025-07-14 15:00:03,509 [e9aa665b-a6cb-4a48-961e-4c04ffb0bb5a@group-129182712624-StateMachineUpdater] INFO  safemode.SCMSafeModeManager (SCMSafeModeManager.java:validateSafeModeExitRules(138)) - RatisContainerSafeModeRule rule is successfully validated
2025-07-14 15:00:03,509 [e9aa665b-a6cb-4a48-961e-4c04ffb0bb5a@group-129182712624-StateMachineUpdater] INFO  safemode.HealthyPipelineSafeModeRule (HealthyPipelineSafeModeRule.java:initializeRule(228)) - Refreshed total pipeline count is 0, healthy pipeline threshold count is 1
2025-07-14 15:00:03,510 [e9aa665b-a6cb-4a48-961e-4c04ffb0bb5a@group-129182712624-StateMachineUpdater] INFO  safemode.SCMSafeModeManager (SCMSafeModeManager.java:validateSafeModeExitRules(138)) - ECContainerSafeModeRule rule is successfully validated
2025-07-14 15:00:03,510 [e9aa665b-a6cb-4a48-961e-4c04ffb0bb5a@group-129182712624-StateMachineUpdater] INFO  safemode.SCMSafeModeManager (SCMSafeModeManager.java:validateSafeModeExitRules(138)) - AtleastOneDatanodeReportedRule rule is successfully validated
2025-07-14 15:00:03,510 [RatisPipelineUtilsThread-0] INFO  pipeline.BackgroundPipelineCreator (BackgroundPipelineCreator.java:createPipelines(246)) - Created new pipeline Pipeline{ Id: 89ab0972-d6e3-4095-ab77-c3c32ca5a066, Nodes: [ {b5acb6b3-ef2b-41db-9bfa-77a47d0ca582(localhost/127.0.0.1), ReplicaIndex: 0},], ReplicationConfig: RATIS/ONE, State:ALLOCATED, leaderId:, CreationTimestamp2025-07-14T15:00:03.506127825Z[Etc/UTC]}
2025-07-14 15:00:03,514 [RatisPipelineUtilsThread-0] INFO  pipeline.RatisPipelineProvider (RatisPipelineProvider.java:lambda$create$0(208)) - Sending CreatePipelineCommand for pipeline:Pipeline-1f04c3d8-3493-4c0a-ae6a-25edcef96557 to datanode:b5acb6b3-ef2b-41db-9bfa-77a47d0ca582(localhost/127.0.0.1)
2025-07-14 15:00:03,514 [RatisPipelineUtilsThread-0] INFO  pipeline.RatisPipelineProvider (RatisPipelineProvider.java:lambda$create$0(208)) - Sending CreatePipelineCommand for pipeline:Pipeline-1f04c3d8-3493-4c0a-ae6a-25edcef96557 to datanode:311b5faf-4d73-479d-9d03-a3296c64f810(localhost/127.0.0.1)
2025-07-14 15:00:03,515 [RatisPipelineUtilsThread-0] INFO  pipeline.RatisPipelineProvider (RatisPipelineProvider.java:lambda$create$0(208)) - Sending CreatePipelineCommand for pipeline:Pipeline-1f04c3d8-3493-4c0a-ae6a-25edcef96557 to datanode:0f2a098c-ed74-48ca-a55f-ceee6161c687(localhost/127.0.0.1)
2025-07-14 15:00:03,519 [e9aa665b-a6cb-4a48-961e-4c04ffb0bb5a@group-129182712624-StateMachineUpdater] INFO  safemode.SCMSafeModeManager (SCMSafeModeManager.java:validateSafeModeExitRules(138)) - DataNodeSafeModeRule rule is successfully validated
2025-07-14 15:00:03,519 [e9aa665b-a6cb-4a48-961e-4c04ffb0bb5a@group-129182712624-StateMachineUpdater] INFO  safemode.SCMSafeModeManager (SCMSafeModeManager.java:validateSafeModeExitRules(138)) - RatisContainerSafeModeRule rule is successfully validated
2025-07-14 15:00:03,519 [e9aa665b-a6cb-4a48-961e-4c04ffb0bb5a@group-129182712624-StateMachineUpdater] INFO  safemode.HealthyPipelineSafeModeRule (HealthyPipelineSafeModeRule.java:initializeRule(228)) - Refreshed total pipeline count is 0, healthy pipeline threshold count is 1
2025-07-14 15:00:03,519 [e9aa665b-a6cb-4a48-961e-4c04ffb0bb5a@group-129182712624-StateMachineUpdater] INFO  safemode.SCMSafeModeManager (SCMSafeModeManager.java:validateSafeModeExitRules(138)) - ECContainerSafeModeRule rule is successfully validated
2025-07-14 15:00:03,519 [e9aa665b-a6cb-4a48-961e-4c04ffb0bb5a@group-129182712624-StateMachineUpdater] INFO  safemode.SCMSafeModeManager (SCMSafeModeManager.java:validateSafeModeExitRules(138)) - AtleastOneDatanodeReportedRule rule is successfully validated
2025-07-14 15:00:03,520 [RatisPipelineUtilsThread-0] INFO  pipeline.BackgroundPipelineCreator (BackgroundPipelineCreator.java:createPipelines(246)) - Created new pipeline Pipeline{ Id: 1f04c3d8-3493-4c0a-ae6a-25edcef96557, Nodes: [ {b5acb6b3-ef2b-41db-9bfa-77a47d0ca582(localhost/127.0.0.1), ReplicaIndex: 0}, {311b5faf-4d73-479d-9d03-a3296c64f810(localhost/127.0.0.1), ReplicaIndex: 0}, {0f2a098c-ed74-48ca-a55f-ceee6161c687(localhost/127.0.0.1), ReplicaIndex: 0},], ReplicationConfig: RATIS/THREE, State:ALLOCATED, leaderId:, CreationTimestamp2025-07-14T15:00:03.514533360Z[Etc/UTC]}
2025-07-14 15:00:03,521 [RatisPipelineUtilsThread-0] INFO  pipeline.RatisPipelineProvider (RatisPipelineProvider.java:lambda$create$0(208)) - Sending CreatePipelineCommand for pipeline:Pipeline-b5e3c89b-aaaa-44fc-9b61-a15d2ad9ff5a to datanode:311b5faf-4d73-479d-9d03-a3296c64f810(localhost/127.0.0.1)
2025-07-14 15:00:03,521 [RatisPipelineUtilsThread-0] INFO  pipeline.RatisPipelineProvider (RatisPipelineProvider.java:lambda$create$0(208)) - Sending CreatePipelineCommand for pipeline:Pipeline-b5e3c89b-aaaa-44fc-9b61-a15d2ad9ff5a to datanode:0f2a098c-ed74-48ca-a55f-ceee6161c687(localhost/127.0.0.1)
2025-07-14 15:00:03,521 [RatisPipelineUtilsThread-0] INFO  pipeline.RatisPipelineProvider (RatisPipelineProvider.java:lambda$create$0(208)) - Sending CreatePipelineCommand for pipeline:Pipeline-b5e3c89b-aaaa-44fc-9b61-a15d2ad9ff5a to datanode:b5acb6b3-ef2b-41db-9bfa-77a47d0ca582(localhost/127.0.0.1)
2025-07-14 15:00:03,526 [e9aa665b-a6cb-4a48-961e-4c04ffb0bb5a@group-129182712624-StateMachineUpdater] INFO  safemode.SCMSafeModeManager (SCMSafeModeManager.java:validateSafeModeExitRules(138)) - DataNodeSafeModeRule rule is successfully validated
2025-07-14 15:00:03,526 [EventQueue-PipelineReportForOneReplicaPipelineSafeModeRule] INFO  safemode.SCMSafeModeManager (SCMSafeModeManager.java:validateSafeModeExitRules(138)) - AtleastOneDatanodeReportedRule rule is successfully validated
2025-07-14 15:00:03,527 [e9aa665b-a6cb-4a48-961e-4c04ffb0bb5a@group-129182712624-StateMachineUpdater] INFO  safemode.SCMSafeModeManager (SCMSafeModeManager.java:validateSafeModeExitRules(138)) - RatisContainerSafeModeRule rule is successfully validated
2025-07-14 15:00:03,527 [e9aa665b-a6cb-4a48-961e-4c04ffb0bb5a@group-129182712624-StateMachineUpdater] INFO  safemode.HealthyPipelineSafeModeRule (HealthyPipelineSafeModeRule.java:initializeRule(228)) - Refreshed total pipeline count is 0, healthy pipeline threshold count is 1
2025-07-14 15:00:03,527 [e9aa665b-a6cb-4a48-961e-4c04ffb0bb5a@group-129182712624-StateMachineUpdater] INFO  safemode.SCMSafeModeManager (SCMSafeModeManager.java:validateSafeModeExitRules(138)) - ECContainerSafeModeRule rule is successfully validated
2025-07-14 15:00:03,527 [e9aa665b-a6cb-4a48-961e-4c04ffb0bb5a@group-129182712624-StateMachineUpdater] INFO  safemode.SCMSafeModeManager (SCMSafeModeManager.java:validateSafeModeExitRules(138)) - AtleastOneDatanodeReportedRule rule is successfully validated
2025-07-14 15:00:03,528 [RatisPipelineUtilsThread-0] INFO  pipeline.PipelineManagerImpl (PipelineManagerImpl.java:recordMetricsForPipeline(922)) - Pipeline-b5e3c89b-aaaa-44fc-9b61-a15d2ad9ff5a and Pipeline-1f04c3d8-3493-4c0a-ae6a-25edcef96557 have exactly the same set of datanodes: [311b5faf-4d73-479d-9d03-a3296c64f810(localhost/127.0.0.1), 0f2a098c-ed74-48ca-a55f-ceee6161c687(localhost/127.0.0.1), b5acb6b3-ef2b-41db-9bfa-77a47d0ca582(localhost/127.0.0.1)]
2025-07-14 15:00:03,528 [RatisPipelineUtilsThread-0] INFO  pipeline.BackgroundPipelineCreator (BackgroundPipelineCreator.java:createPipelines(246)) - Created new pipeline Pipeline{ Id: b5e3c89b-aaaa-44fc-9b61-a15d2ad9ff5a, Nodes: [ {311b5faf-4d73-479d-9d03-a3296c64f810(localhost/127.0.0.1), ReplicaIndex: 0}, {0f2a098c-ed74-48ca-a55f-ceee6161c687(localhost/127.0.0.1), ReplicaIndex: 0}, {b5acb6b3-ef2b-41db-9bfa-77a47d0ca582(localhost/127.0.0.1), ReplicaIndex: 0},], ReplicationConfig: RATIS/THREE, State:ALLOCATED, leaderId:, CreationTimestamp2025-07-14T15:00:03.521670008Z[Etc/UTC]}
2025-07-14 15:00:03,583 [main] INFO  handler.ContextHandler (ContextHandler.java:doStart(921)) - Started o.e.j.w.WebAppContext@56be1b09{hddsDatanode,/,file:///home/runner/work/ozone/ozone/hadoop-ozone/integration-test/target/test-dir/MiniOzoneClusterImpl-aaa7dc72-7fbf-48e0-acc5-129182712624/ozone-meta/datanode-7/meta/webserver/jetty-0_0_0_0-15058-hdds-container-service-2_1_0-SNAPSHOT_jar-_-any-16125710661196757790/webapp/,AVAILABLE}{jar:file:/home/runner/work/ozone/ozone/hadoop-hdds/container-service/target/hdds-container-service-2.1.0-SNAPSHOT.jar!/webapps/hddsDatanode}
2025-07-14 15:00:03,585 [main] INFO  server.AbstractConnector (AbstractConnector.java:doStart(333)) - Started ServerConnector@886a0f5{HTTP/1.1, (http/1.1)}{0.0.0.0:15058}
2025-07-14 15:00:03,588 [main] INFO  server.Server (Server.java:doStart(415)) - Started @13151ms
2025-07-14 15:00:03,588 [main] WARN  impl.MetricsSystemImpl (MetricsSystemImpl.java:register(279)) - Sink prometheus already exists!
2025-07-14 15:00:03,588 [main] INFO  http.BaseHttpServer (BaseHttpServer.java:updateConnectorAddress(359)) - HTTP server of hddsDatanode listening at http://localhost:15058
2025-07-14 15:00:03,588 [main] INFO  ipc.CallQueueManager (CallQueueManager.java:<init>(93)) - Using callQueue: class java.util.concurrent.LinkedBlockingQueue, queueCapacity: 1000, scheduler: class org.apache.hadoop.ipc.DefaultRpcScheduler, ipcBackoff: false, ipcFailOver: false.
2025-07-14 15:00:03,589 [main] INFO  ipc.Server (Server.java:<init>(1438)) - Listener at 0.0.0.0:15059
2025-07-14 15:00:03,589 [Socket Reader #1 for port 15059] INFO  ipc.Server (Server.java:run(1474)) - Starting Socket Reader #1 for port 15059
2025-07-14 15:00:03,590 [Socket Reader #2 for port 15059] INFO  ipc.Server (Server.java:run(1474)) - Starting Socket Reader #2 for port 15059
2025-07-14 15:00:03,590 [Socket Reader #3 for port 15059] INFO  ipc.Server (Server.java:run(1474)) - Starting Socket Reader #3 for port 15059
2025-07-14 15:00:03,590 [Socket Reader #5 for port 15059] INFO  ipc.Server (Server.java:run(1474)) - Starting Socket Reader #5 for port 15059
2025-07-14 15:00:03,590 [Socket Reader #4 for port 15059] INFO  ipc.Server (Server.java:run(1474)) - Starting Socket Reader #4 for port 15059
2025-07-14 15:00:03,591 [Socket Reader #6 for port 15059] INFO  ipc.Server (Server.java:run(1474)) - Starting Socket Reader #6 for port 15059
2025-07-14 15:00:03,591 [Socket Reader #7 for port 15059] INFO  ipc.Server (Server.java:run(1474)) - Starting Socket Reader #7 for port 15059
2025-07-14 15:00:03,592 [Socket Reader #8 for port 15059] INFO  ipc.Server (Server.java:run(1474)) - Starting Socket Reader #8 for port 15059
2025-07-14 15:00:03,593 [Socket Reader #9 for port 15059] INFO  ipc.Server (Server.java:run(1474)) - Starting Socket Reader #9 for port 15059
2025-07-14 15:00:03,593 [Socket Reader #10 for port 15059] INFO  ipc.Server (Server.java:run(1474)) - Starting Socket Reader #10 for port 15059
2025-07-14 15:00:03,599 [main] INFO  ozone.HddsDatanodeService (HddsDatanodeService.java:start(333)) - Datanode start with admins: [admin, runner]
2025-07-14 15:00:03,599 [main] INFO  ozone.HddsDatanodeClientProtocolServer (HddsDatanodeClientProtocolServer.java:start(76)) - RPC server for Client /0.0.0.0:15059
2025-07-14 15:00:03,600 [IPC Server Responder] INFO  ipc.Server (Server.java:run(1713)) - IPC Server Responder: starting
2025-07-14 15:00:03,601 [IPC Server listener on 15059] INFO  ipc.Server (Server.java:run(1553)) - IPC Server listener on 15059: starting
2025-07-14 15:00:03,610 [main] WARN  dropwizard3.Dm3MetricRegistriesImpl (Dm3MetricRegistriesImpl.java:addReporterRegistration(114)) - New reporters are added after registries were created. Some metrics will be missing from the reporter. Please add reporter before adding any new registry.
2025-07-14 15:00:03,610 [main] WARN  dropwizard3.Dm3MetricRegistriesImpl (Dm3MetricRegistriesImpl.java:addReporterRegistration(114)) - New reporters are added after registries were created. Some metrics will be missing from the reporter. Please add reporter before adding any new registry.
2025-07-14 15:00:03,611 [main] INFO  impl.MetricsSystemImpl (MetricsSystemImpl.java:init(158)) - HddsDatanode metrics system started (again)
2025-07-14 15:00:03,613 [ac481237-f71e-4eeb-9120-a6c52bf83f13-DatanodeStateMachineDaemonThread] INFO  statemachine.DatanodeStateMachine (DatanodeStateMachine.java:startStateMachineThread(347)) - Ozone container server started.
2025-07-14 15:00:03,620 [ac481237-f71e-4eeb-9120-a6c52bf83f13-DatanodeStateMachineTaskThread-0] INFO  datanode.InitDatanodeState (InitDatanodeState.java:persistContainerDatanodeDetails(139)) - DatanodeDetails is persisted to /home/runner/work/ozone/ozone/hadoop-ozone/integration-test/target/test-dir/MiniOzoneClusterImpl-aaa7dc72-7fbf-48e0-acc5-129182712624/ozone-meta/datanode-7/meta/datanode.id
2025-07-14 15:00:03,634 [77d16558-8a68-4655-9235-107e22ba3c38-EndpointStateMachineTaskThread-/0.0.0.0:15002-0 ] INFO  utils.DatanodeStoreCache (DatanodeStoreCache.java:addDB(70)) - Added db /home/runner/work/ozone/ozone/hadoop-ozone/integration-test/target/test-dir/MiniOzoneClusterImpl-aaa7dc72-7fbf-48e0-acc5-129182712624/ozone-meta/datanode-5/data-0/hdds/aaa7dc72-7fbf-48e0-acc5-129182712624/DS-dfb635b0-3326-4919-a5b2-5e973005a264/container.db to cache
2025-07-14 15:00:03,634 [77d16558-8a68-4655-9235-107e22ba3c38-EndpointStateMachineTaskThread-/0.0.0.0:15002-0 ] INFO  volume.HddsVolume (HddsVolume.java:createDbStore(575)) - SchemaV3 db is created and loaded at /home/runner/work/ozone/ozone/hadoop-ozone/integration-test/target/test-dir/MiniOzoneClusterImpl-aaa7dc72-7fbf-48e0-acc5-129182712624/ozone-meta/datanode-5/data-0/hdds/aaa7dc72-7fbf-48e0-acc5-129182712624/DS-dfb635b0-3326-4919-a5b2-5e973005a264/container.db for volume DS-dfb635b0-3326-4919-a5b2-5e973005a264
2025-07-14 15:00:03,635 [main] INFO  protocol.DatanodeDetails (DatanodeDetails.java:validateDatanodeIpAddress(199)) - Updating IP address of datanode 89a738d3-0145-4b42-8b1b-b5be9f604b49(localhost/null) to 127.0.0.1
2025-07-14 15:00:03,635 [main] INFO  ozone.HddsDatanodeService (HddsDatanodeService.java:start(236)) - HddsDatanodeService 89a738d3-0145-4b42-8b1b-b5be9f604b49(localhost/127.0.0.1)
2025-07-14 15:00:03,638 [main] INFO  upgrade.AbstractLayoutVersionManager (AbstractLayoutVersionManager.java:init(80)) - Initializing Layout version manager with metadata layout = HBASE_SUPPORT (version = 8), software layout = HBASE_SUPPORT (version = 8)
2025-07-14 15:00:03,639 [main] INFO  statemachine.DatanodeStateMachine (DatanodeStateMachine.java:getEndPointTaskThreadPoolSize(305)) - Datanode State Machine Task Thread Pool size 2
2025-07-14 15:00:03,639 [77d16558-8a68-4655-9235-107e22ba3c38-ContainerReader-0] INFO  ozoneimpl.ContainerReader (ContainerReader.java:readVolume(144)) - Start to verify containers on volume /home/runner/work/ozone/ozone/hadoop-ozone/integration-test/target/test-dir/MiniOzoneClusterImpl-aaa7dc72-7fbf-48e0-acc5-129182712624/ozone-meta/datanode-5/data-0/hdds
2025-07-14 15:00:03,640 [77d16558-8a68-4655-9235-107e22ba3c38-ContainerReader-0] INFO  ozoneimpl.ContainerReader (ContainerReader.java:readVolume(174)) - Finish verifying containers on volume /home/runner/work/ozone/ozone/hadoop-ozone/integration-test/target/test-dir/MiniOzoneClusterImpl-aaa7dc72-7fbf-48e0-acc5-129182712624/ozone-meta/datanode-5/data-0/hdds
2025-07-14 15:00:03,640 [77d16558-8a68-4655-9235-107e22ba3c38-EndpointStateMachineTaskThread-/0.0.0.0:15002-0 ] INFO  ozoneimpl.OzoneContainer (OzoneContainer.java:buildContainerSet(370)) - Build ContainerSet costs 0s
2025-07-14 15:00:03,640 [77d16558-8a68-4655-9235-107e22ba3c38-EndpointStateMachineTaskThread-/0.0.0.0:15002-0 ] INFO  volume.ThrottledAsyncChecker (ThrottledAsyncChecker.java:schedule(138)) - Scheduling a check for /home/runner/work/ozone/ozone/hadoop-ozone/integration-test/target/test-dir/MiniOzoneClusterImpl-aaa7dc72-7fbf-48e0-acc5-129182712624/ozone-meta/datanode-5/data-0/hdds
2025-07-14 15:00:03,641 [77d16558-8a68-4655-9235-107e22ba3c38-EndpointStateMachineTaskThread-/0.0.0.0:15002-0 ] INFO  volume.StorageVolumeChecker (StorageVolumeChecker.java:checkAllVolumes(215)) - Scheduled health check for volume /home/runner/work/ozone/ozone/hadoop-ozone/integration-test/target/test-dir/MiniOzoneClusterImpl-aaa7dc72-7fbf-48e0-acc5-129182712624/ozone-meta/datanode-5/data-0/hdds
2025-07-14 15:00:03,642 [main] INFO  volume.HddsVolume (HddsVolume.java:<init>(162)) - HddsVolume: { id=DS-dc6b55c5-8539-443a-b820-26ab6cc73d5e dir=/home/runner/work/ozone/ozone/hadoop-ozone/integration-test/target/test-dir/MiniOzoneClusterImpl-aaa7dc72-7fbf-48e0-acc5-129182712624/ozone-meta/datanode-8/data-0/hdds type=DISK capacity=9222449699674390527 used=0 available=9222449699674390527 minFree=9222450130714624 committed=0 }
2025-07-14 15:00:03,643 [main] INFO  volume.MutableVolumeSet (MutableVolumeSet.java:initializeVolumeSet(167)) - Added Volume : /home/runner/work/ozone/ozone/hadoop-ozone/integration-test/target/test-dir/MiniOzoneClusterImpl-aaa7dc72-7fbf-48e0-acc5-129182712624/ozone-meta/datanode-8/data-0/hdds to VolumeSet
2025-07-14 15:00:03,644 [main] INFO  volume.MutableVolumeSet (MutableVolumeSet.java:initializeVolumeSet(167)) - Added Volume : /home/runner/work/ozone/ozone/hadoop-ozone/integration-test/target/test-dir/MiniOzoneClusterImpl-aaa7dc72-7fbf-48e0-acc5-129182712624/ozone-meta/datanode-8/ratis to VolumeSet
2025-07-14 15:00:03,645 [main] INFO  ozoneimpl.OzoneContainer (HddsVolumeUtil.java:loadAllHddsVolumeDbStore(102)) - Load 1 volumes DbStore cost: 0ms
2025-07-14 15:00:03,645 [main] WARN  db.DBStoreBuilder (DBStoreBuilder.java:getDBDirPath(158)) - ozone.scm.datanode.id.dir is not configured. We recommend adding this setting. Falling back to ozone.metadata.dirs instead.
2025-07-14 15:00:03,646 [main] WARN  db.DBStoreBuilder (DBStoreBuilder.java:getDBDirPath(158)) - ozone.scm.datanode.id.dir is not configured. We recommend adding this setting. Falling back to ozone.metadata.dirs instead.
2025-07-14 15:00:03,647 [77d16558-8a68-4655-9235-107e22ba3c38-EndpointStateMachineTaskThread-/0.0.0.0:15002-0 ] INFO  volume.ThrottledAsyncChecker (ThrottledAsyncChecker.java:schedule(138)) - Scheduling a check for /home/runner/work/ozone/ozone/hadoop-ozone/integration-test/target/test-dir/MiniOzoneClusterImpl-aaa7dc72-7fbf-48e0-acc5-129182712624/ozone-meta/datanode-5/ratis
2025-07-14 15:00:03,648 [77d16558-8a68-4655-9235-107e22ba3c38-EndpointStateMachineTaskThread-/0.0.0.0:15002-0 ] INFO  volume.StorageVolumeChecker (StorageVolumeChecker.java:checkAllVolumes(215)) - Scheduled health check for volume /home/runner/work/ozone/ozone/hadoop-ozone/integration-test/target/test-dir/MiniOzoneClusterImpl-aaa7dc72-7fbf-48e0-acc5-129182712624/ozone-meta/datanode-5/ratis
2025-07-14 15:00:03,648 [77d16558-8a68-4655-9235-107e22ba3c38-EndpointStateMachineTaskThread-/0.0.0.0:15002-0 ] INFO  ozoneimpl.OzoneContainer (OzoneContainer.java:start(520)) - Attempting to start container services.
2025-07-14 15:00:03,649 [ContainerMetadataScanner] INFO  ozoneimpl.AbstractBackgroundContainerScanner (AbstractBackgroundContainerScanner.java:runIteration(89)) - Completed an iteration in 0 minutes. Number of iterations (since the data-node restart) : 1, Number of containers scanned in this iteration : 0, Number of unhealthy containers found in this iteration : 0
2025-07-14 15:00:03,650 [ContainerDataScanner(/home/runner/work/ozone/ozone/hadoop-ozone/integration-test/target/test-dir/MiniOzoneClusterImpl-aaa7dc72-7fbf-48e0-acc5-129182712624/ozone-meta/datanode-5/data-0/hdds)] INFO  ozoneimpl.AbstractBackgroundContainerScanner (AbstractBackgroundContainerScanner.java:runIteration(89)) - Completed an iteration in 0 minutes. Number of iterations (since the data-node restart) : 1, Number of containers scanned in this iteration : 0, Number of unhealthy containers found in this iteration : 0
2025-07-14 15:00:03,651 [77d16558-8a68-4655-9235-107e22ba3c38-EndpointStateMachineTaskThread-/0.0.0.0:15002-0 ] INFO  replication.ReplicationServer (ReplicationServer.java:start(137)) - ReplicationServer is started using port 15049
2025-07-14 15:00:03,652 [77d16558-8a68-4655-9235-107e22ba3c38-EndpointStateMachineTaskThread-/0.0.0.0:15002-0 ] INFO  ratis.XceiverServerRatis (XceiverServerRatis.java:start(559)) - Starting XceiverServerRatis(77d16558-8a68-4655-9235-107e22ba3c38)
2025-07-14 15:00:03,654 [77d16558-8a68-4655-9235-107e22ba3c38-EndpointStateMachineTaskThread-/0.0.0.0:15002-0 ] INFO  server.RaftServer (RaftServerProxy.java:startImpl(412)) - 77d16558-8a68-4655-9235-107e22ba3c38: start RPC server
2025-07-14 15:00:03,655 [77d16558-8a68-4655-9235-107e22ba3c38-EndpointStateMachineTaskThread-/0.0.0.0:15002-0 ] INFO  server.GrpcServicesImpl (GrpcServicesImpl.java:startImpl(346)) - 77d16558-8a68-4655-9235-107e22ba3c38: GrpcServicesImpl started, listening on 15045
2025-07-14 15:00:03,655 [77d16558-8a68-4655-9235-107e22ba3c38-EndpointStateMachineTaskThread-/0.0.0.0:15002-0 ] INFO  server.GrpcServicesImpl (GrpcServicesImpl.java:startImpl(346)) - 77d16558-8a68-4655-9235-107e22ba3c38: GrpcServicesImpl started, listening on 15047
2025-07-14 15:00:03,656 [77d16558-8a68-4655-9235-107e22ba3c38-EndpointStateMachineTaskThread-/0.0.0.0:15002-0 ] INFO  server.GrpcServicesImpl (GrpcServicesImpl.java:startImpl(346)) - 77d16558-8a68-4655-9235-107e22ba3c38: GrpcServicesImpl started, listening on 15046
2025-07-14 15:00:03,656 [77d16558-8a68-4655-9235-107e22ba3c38-EndpointStateMachineTaskThread-/0.0.0.0:15002-0 ] INFO  ratis.XceiverServerRatis (XceiverServerRatis.java:getRealPort(586)) - XceiverServerRatis(77d16558-8a68-4655-9235-107e22ba3c38) is started using port RATIS=15045
2025-07-14 15:00:03,657 [77d16558-8a68-4655-9235-107e22ba3c38-EndpointStateMachineTaskThread-/0.0.0.0:15002-0 ] INFO  ratis.XceiverServerRatis (XceiverServerRatis.java:getRealPort(586)) - XceiverServerRatis(77d16558-8a68-4655-9235-107e22ba3c38) is started using port RATIS_ADMIN=15046
2025-07-14 15:00:03,657 [77d16558-8a68-4655-9235-107e22ba3c38-EndpointStateMachineTaskThread-/0.0.0.0:15002-0 ] INFO  ratis.XceiverServerRatis (XceiverServerRatis.java:getRealPort(586)) - XceiverServerRatis(77d16558-8a68-4655-9235-107e22ba3c38) is started using port RATIS_SERVER=15047
2025-07-14 15:00:03,657 [77d16558-8a68-4655-9235-107e22ba3c38-EndpointStateMachineTaskThread-/0.0.0.0:15002-0 ] INFO  ratis.XceiverServerRatis (XceiverServerRatis.java:getRealPort(586)) - XceiverServerRatis(77d16558-8a68-4655-9235-107e22ba3c38) is started using port RATIS_DATASTREAM=15048
2025-07-14 15:00:03,657 [JvmPauseMonitor7] INFO  util.JvmPauseMonitor (JvmPauseMonitor.java:run(146)) - JvmPauseMonitor-77d16558-8a68-4655-9235-107e22ba3c38: Started
2025-07-14 15:00:03,658 [77d16558-8a68-4655-9235-107e22ba3c38-EndpointStateMachineTaskThread-/0.0.0.0:15002-0 ] INFO  utils.BackgroundService (BackgroundService.java:start(118)) - Starting service BlockDeletingService with interval 60000 milliseconds
2025-07-14 15:00:03,658 [77d16558-8a68-4655-9235-107e22ba3c38-EndpointStateMachineTaskThread-/0.0.0.0:15002-0 ] INFO  utils.BackgroundService (BackgroundService.java:start(118)) - Starting service StaleRecoveringContainerScrubbingService with interval 60000 milliseconds
2025-07-14 15:00:03,664 [main] INFO  impl.FilePerChunkStrategy (FilePerChunkStrategy.java:<init>(79)) - ozone.chunk.read.mapped.buffer.max.count is load with 0
2025-07-14 15:00:03,664 [main] INFO  impl.FilePerBlockStrategy (FilePerBlockStrategy.java:<init>(88)) - ozone.chunk.read.mapped.buffer.max.count is load with 0
2025-07-14 15:00:03,665 [main] INFO  server.RaftServerConfigKeys (ConfUtils.java:logGet(62)) - raft.server.log.appender.buffer.byte-limit = 33554432 (custom)
2025-07-14 15:00:03,667 [main] INFO  grpc.GrpcConfigKeys (ConfUtils.java:logFallback(69)) - raft.grpc.admin.host = null (fallback to raft.grpc.server.host)
2025-07-14 15:00:03,667 [main] INFO  grpc.GrpcConfigKeys (ConfUtils.java:logGet(62)) - raft.grpc.admin.port = 15070 (custom)
2025-07-14 15:00:03,667 [main] INFO  grpc.GrpcConfigKeys (ConfUtils.java:logFallback(69)) - raft.grpc.client.host = null (fallback to raft.grpc.server.host)
2025-07-14 15:00:03,667 [main] INFO  grpc.GrpcConfigKeys (ConfUtils.java:logGet(62)) - raft.grpc.client.port = 15069 (custom)
2025-07-14 15:00:03,667 [main] INFO  grpc.GrpcConfigKeys (ConfUtils.java:logGet(62)) - raft.grpc.server.port = 15071 (custom)
2025-07-14 15:00:03,667 [main] INFO  server.GrpcServicesImpl (ConfUtils.java:logGet(62)) - raft.grpc.message.size.max = 34603008 (custom)
2025-07-14 15:00:03,667 [main] INFO  server.GrpcServicesImpl (ConfUtils.java:logGet(62)) - raft.grpc.flow.control.window = 5MB (=5242880) (custom)
2025-07-14 15:00:03,667 [main] INFO  server.RaftServerConfigKeys (ConfUtils.java:logGet(62)) - raft.server.log.appender.buffer.byte-limit = 33554432 (custom)
2025-07-14 15:00:03,670 [main] INFO  netty.NettyUtils (NettyUtils.java:newEventLoopGroup(74)) - Create EpollEventLoopGroup for 89a738d3-0145-4b42-8b1b-b5be9f604b49-NettyServerStreamRpc-bossGroup; Thread size is 0.
2025-07-14 15:00:03,670 [main] INFO  netty.NettyUtils (NettyUtils.java:newEventLoopGroup(74)) - Create EpollEventLoopGroup for 89a738d3-0145-4b42-8b1b-b5be9f604b49-NettyServerStreamRpc-workerGroup; Thread size is 0.
2025-07-14 15:00:03,671 [main] INFO  netty.NettyConfigKeys$DataStream (ConfUtils.java:logGet(62)) - raft.netty.dataStream.port = 15072 (custom)
2025-07-14 15:00:03,672 [main] INFO  server.RaftServerConfigKeys (ConfUtils.java:logGet(62)) - raft.server.storage.dir = [/home/runner/work/ozone/ozone/hadoop-ozone/integration-test/target/test-dir/MiniOzoneClusterImpl-aaa7dc72-7fbf-48e0-acc5-129182712624/ozone-meta/datanode-8/ratis] (custom)
2025-07-14 15:00:03,672 [89a738d3-0145-4b42-8b1b-b5be9f604b49-NettyServerStreamRpc-bossGroup--thread1] INFO  logging.LoggingHandler (AbstractInternalLogger.java:log(148)) - [id: 0x8d3507c1] REGISTERED
2025-07-14 15:00:03,672 [89a738d3-0145-4b42-8b1b-b5be9f604b49-NettyServerStreamRpc-bossGroup--thread1] INFO  logging.LoggingHandler (AbstractInternalLogger.java:log(148)) - [id: 0x8d3507c1] BIND: 0.0.0.0/0.0.0.0:15072
2025-07-14 15:00:03,673 [89a738d3-0145-4b42-8b1b-b5be9f604b49-NettyServerStreamRpc-bossGroup--thread1] INFO  logging.LoggingHandler (AbstractInternalLogger.java:log(148)) - [id: 0x8d3507c1, L:/0.0.0.0:15072] ACTIVE
2025-07-14 15:00:03,673 [89a738d3-0145-4b42-8b1b-b5be9f604b49-impl-thread1] INFO  server.RaftServer (RaftServerProxy.java:initGroupDir(270)) - 89a738d3-0145-4b42-8b1b-b5be9f604b49: found a subdirectory /home/runner/work/ozone/ozone/hadoop-ozone/integration-test/target/test-dir/MiniOzoneClusterImpl-aaa7dc72-7fbf-48e0-acc5-129182712624/ozone-meta/datanode-8/ratis/tmp
2025-07-14 15:00:03,673 [89a738d3-0145-4b42-8b1b-b5be9f604b49-impl-thread1] INFO  server.RaftServer (RaftServerProxy.java:initGroupDir(275)) - 89a738d3-0145-4b42-8b1b-b5be9f604b49: The directory /home/runner/work/ozone/ozone/hadoop-ozone/integration-test/target/test-dir/MiniOzoneClusterImpl-aaa7dc72-7fbf-48e0-acc5-129182712624/ozone-meta/datanode-8/ratis/tmp is not a group directory; ignoring it. 
2025-07-14 15:00:03,673 [main] INFO  replication.ReplicationServer (ReplicationServer.java:<init>(84)) - Initializing replication server with thread count = 10 queue length = 4096
2025-07-14 15:00:03,674 [main] INFO  server.XceiverServerGrpc (XceiverServerGrpc.java:<init>(130)) - GrpcServer channel type EpollServerSocketChannel
2025-07-14 15:00:03,676 [main] INFO  replication.ReplicationSupervisor (ReplicationSupervisor.java:build(169)) - Initializing replication supervisor with thread count = 10
2025-07-14 15:00:03,676 [main] INFO  replication.ReplicationSupervisor (ReplicationSupervisor.java:nodeStateUpdated(358)) - Node state updated to IN_SERVICE, scaling executor pool size to 10
2025-07-14 15:00:03,678 [main] INFO  http.BaseHttpServer (BaseHttpServer.java:newHttpServer2BuilderForOzone(229)) - Starting Web-server for hddsDatanode at: http://0.0.0.0:15066
2025-07-14 15:00:03,679 [main] INFO  http.BaseHttpServer (BaseHttpServer.java:<init>(107)) - Hadoop Security Enabled: false Ozone Security Enabled: false Ozone HTTP Security Enabled: false 
2025-07-14 15:00:03,680 [main] WARN  server.AuthenticationFilter (AuthenticationFilter.java:constructSecretProvider(240)) - Unable to initialize FileSignerSecretProvider, falling back to use random secrets. Reason: Could not read signature secret file: /home/runner/hadoop-http-auth-signature-secret
2025-07-14 15:00:03,682 [main] INFO  http.HttpServer2 (HttpServer2.java:addGlobalFilter(1042)) - Added global filter 'safety' (class=org.apache.hadoop.hdds.server.http.HttpServer2$QuotingInputFilter)
2025-07-14 15:00:03,683 [main] INFO  http.HttpServer2 (HttpServer2.java:addFilter(1018)) - Added filter static_user_filter (class=org.apache.hadoop.http.lib.StaticUserWebFilter$StaticUserFilter) to context hddsDatanode
2025-07-14 15:00:03,683 [main] INFO  http.HttpServer2 (HttpServer2.java:addFilter(1026)) - Added filter static_user_filter (class=org.apache.hadoop.http.lib.StaticUserWebFilter$StaticUserFilter) to context static
2025-07-14 15:00:03,683 [main] INFO  http.HttpServer2 (HttpServer2.java:addFilter(1026)) - Added filter static_user_filter (class=org.apache.hadoop.http.lib.StaticUserWebFilter$StaticUserFilter) to context logs
2025-07-14 15:00:03,684 [main] INFO  http.BaseHttpServer (BaseHttpServer.java:<init>(195)) - HTTP server of hddsDatanode uses base directory /home/runner/work/ozone/ozone/hadoop-ozone/integration-test/target/test-dir/MiniOzoneClusterImpl-aaa7dc72-7fbf-48e0-acc5-129182712624/ozone-meta/datanode-8/meta/webserver
2025-07-14 15:00:03,684 [main] INFO  http.HttpServer2 (HttpServer2.java:bindListener(1242)) - Jetty bound to port 15066
2025-07-14 15:00:03,684 [main] INFO  server.Server (Server.java:doStart(375)) - jetty-9.4.57.v20241219; built: 2025-01-08T21:24:30.412Z; git: df524e6b29271c2e09ba9aea83c18dc9db464a31; jvm 21.0.7+6-LTS
2025-07-14 15:00:03,686 [main] INFO  server.session (DefaultSessionIdManager.java:doStart(334)) - DefaultSessionIdManager workerName=node0
2025-07-14 15:00:03,686 [main] INFO  server.session (DefaultSessionIdManager.java:doStart(339)) - No SessionScavenger set, using defaults
2025-07-14 15:00:03,686 [main] INFO  server.session (HouseKeeper.java:startScavenging(132)) - node0 Scavenging every 660000ms
2025-07-14 15:00:03,687 [main] INFO  handler.ContextHandler (ContextHandler.java:doStart(921)) - Started o.e.j.s.ServletContextHandler@76d3e05b{logs,/logs,file:///home/runner/work/ozone/ozone/hadoop-ozone/integration-test/target/log,AVAILABLE}
2025-07-14 15:00:03,687 [main] INFO  handler.ContextHandler (ContextHandler.java:doStart(921)) - Started o.e.j.s.ServletContextHandler@2a372d63{static,/static,jar:file:/home/runner/work/ozone/ozone/hadoop-hdds/container-service/target/hdds-container-service-2.1.0-SNAPSHOT.jar!/webapps/static,AVAILABLE}
2025-07-14 15:00:03,762 [IPC Server handler 2 on default port 15002] INFO  net.NetworkTopologyImpl (NetworkTopologyImpl.java:add(133)) - Added a new node: /default-rack/a505560f-c589-4eb5-89aa-a89970ae9358
2025-07-14 15:00:03,762 [IPC Server handler 2 on default port 15002] INFO  node.SCMNodeManager (SCMNodeManager.java:register(423)) - Registered datanode: a505560f-c589-4eb5-89aa-a89970ae9358{ip: 127.0.0.1, host: localhost, ports: [HTTP=15034, CLIENT_RPC=15035, REPLICATION=15041, RATIS=15037, RATIS_ADMIN=15038, RATIS_SERVER=15039, RATIS_DATASTREAM=15040, STANDALONE=15036], networkLocation: /default-rack, certSerialId: null, persistedOpState: null, persistedOpStateExpiryEpochSec: 0}
2025-07-14 15:00:03,763 [EventQueue-NewNodeForNewNodeHandler] INFO  pipeline.BackgroundPipelineCreator (BackgroundPipelineCreator.java:notifyEventTriggered(290)) - trigger a one-shot run on RatisPipelineUtilsThread.
2025-07-14 15:00:03,763 [EventQueue-PipelineReportForOneReplicaPipelineSafeModeRule] INFO  safemode.SCMSafeModeManager (SCMSafeModeManager.java:validateSafeModeExitRules(138)) - AtleastOneDatanodeReportedRule rule is successfully validated
2025-07-14 15:00:03,763 [RatisPipelineUtilsThread-0] INFO  pipeline.RatisPipelineProvider (RatisPipelineProvider.java:lambda$create$0(208)) - Sending CreatePipelineCommand for pipeline:Pipeline-6f4bc581-d89b-4f68-a5e7-42c16328b7c0 to datanode:a505560f-c589-4eb5-89aa-a89970ae9358(localhost/127.0.0.1)
2025-07-14 15:00:03,763 [EventQueue-ContainerRegistrationReportForECContainerSafeModeRule] INFO  safemode.SCMSafeModeManager (SCMSafeModeManager.java:validateSafeModeExitRules(138)) - ECContainerSafeModeRule rule is successfully validated
2025-07-14 15:00:03,763 [EventQueue-ContainerRegistrationReportForRatisContainerSafeModeRule] INFO  safemode.SCMSafeModeManager (SCMSafeModeManager.java:validateSafeModeExitRules(138)) - RatisContainerSafeModeRule rule is successfully validated
2025-07-14 15:00:03,763 [EventQueue-NodeRegistrationContainerReportForDataNodeSafeModeRule] INFO  safemode.SCMSafeModeManager (SCMSafeModeManager.java:validateSafeModeExitRules(138)) - DataNodeSafeModeRule rule is successfully validated
2025-07-14 15:00:03,766 [EventQueue-PipelineReportForOneReplicaPipelineSafeModeRule] INFO  safemode.SCMSafeModeManager (SCMSafeModeManager.java:validateSafeModeExitRules(138)) - AtleastOneDatanodeReportedRule rule is successfully validated
2025-07-14 15:00:03,767 [e9aa665b-a6cb-4a48-961e-4c04ffb0bb5a@group-129182712624-StateMachineUpdater] INFO  safemode.SCMSafeModeManager (SCMSafeModeManager.java:validateSafeModeExitRules(138)) - DataNodeSafeModeRule rule is successfully validated
2025-07-14 15:00:03,767 [e9aa665b-a6cb-4a48-961e-4c04ffb0bb5a@group-129182712624-StateMachineUpdater] INFO  safemode.SCMSafeModeManager (SCMSafeModeManager.java:validateSafeModeExitRules(138)) - RatisContainerSafeModeRule rule is successfully validated
2025-07-14 15:00:03,767 [e9aa665b-a6cb-4a48-961e-4c04ffb0bb5a@group-129182712624-StateMachineUpdater] INFO  safemode.HealthyPipelineSafeModeRule (HealthyPipelineSafeModeRule.java:initializeRule(228)) - Refreshed total pipeline count is 0, healthy pipeline threshold count is 1
2025-07-14 15:00:03,767 [e9aa665b-a6cb-4a48-961e-4c04ffb0bb5a@group-129182712624-StateMachineUpdater] INFO  safemode.SCMSafeModeManager (SCMSafeModeManager.java:validateSafeModeExitRules(138)) - ECContainerSafeModeRule rule is successfully validated
2025-07-14 15:00:03,767 [e9aa665b-a6cb-4a48-961e-4c04ffb0bb5a@group-129182712624-StateMachineUpdater] INFO  safemode.SCMSafeModeManager (SCMSafeModeManager.java:validateSafeModeExitRules(138)) - AtleastOneDatanodeReportedRule rule is successfully validated
2025-07-14 15:00:03,767 [RatisPipelineUtilsThread-0] INFO  pipeline.BackgroundPipelineCreator (BackgroundPipelineCreator.java:createPipelines(246)) - Created new pipeline Pipeline{ Id: 6f4bc581-d89b-4f68-a5e7-42c16328b7c0, Nodes: [ {a505560f-c589-4eb5-89aa-a89970ae9358(localhost/127.0.0.1), ReplicaIndex: 0},], ReplicationConfig: RATIS/ONE, State:ALLOCATED, leaderId:, CreationTimestamp2025-07-14T15:00:03.763459314Z[Etc/UTC]}
2025-07-14 15:00:03,845 [main] INFO  handler.ContextHandler (ContextHandler.java:doStart(921)) - Started o.e.j.w.WebAppContext@87f336d{hddsDatanode,/,file:///home/runner/work/ozone/ozone/hadoop-ozone/integration-test/target/test-dir/MiniOzoneClusterImpl-aaa7dc72-7fbf-48e0-acc5-129182712624/ozone-meta/datanode-8/meta/webserver/jetty-0_0_0_0-15066-hdds-container-service-2_1_0-SNAPSHOT_jar-_-any-16786979108616268908/webapp/,AVAILABLE}{jar:file:/home/runner/work/ozone/ozone/hadoop-hdds/container-service/target/hdds-container-service-2.1.0-SNAPSHOT.jar!/webapps/hddsDatanode}
2025-07-14 15:00:03,845 [main] INFO  server.AbstractConnector (AbstractConnector.java:doStart(333)) - Started ServerConnector@4ad27667{HTTP/1.1, (http/1.1)}{0.0.0.0:15066}
2025-07-14 15:00:03,845 [main] INFO  server.Server (Server.java:doStart(415)) - Started @13409ms
2025-07-14 15:00:03,846 [main] WARN  impl.MetricsSystemImpl (MetricsSystemImpl.java:register(279)) - Sink prometheus already exists!
2025-07-14 15:00:03,846 [main] INFO  http.BaseHttpServer (BaseHttpServer.java:updateConnectorAddress(359)) - HTTP server of hddsDatanode listening at http://localhost:15066
2025-07-14 15:00:03,846 [main] INFO  ipc.CallQueueManager (CallQueueManager.java:<init>(93)) - Using callQueue: class java.util.concurrent.LinkedBlockingQueue, queueCapacity: 1000, scheduler: class org.apache.hadoop.ipc.DefaultRpcScheduler, ipcBackoff: false, ipcFailOver: false.
2025-07-14 15:00:03,846 [main] INFO  ipc.Server (Server.java:<init>(1438)) - Listener at 0.0.0.0:15067
2025-07-14 15:00:03,847 [Socket Reader #1 for port 15067] INFO  ipc.Server (Server.java:run(1474)) - Starting Socket Reader #1 for port 15067
2025-07-14 15:00:03,847 [Socket Reader #2 for port 15067] INFO  ipc.Server (Server.java:run(1474)) - Starting Socket Reader #2 for port 15067
2025-07-14 15:00:03,847 [Socket Reader #3 for port 15067] INFO  ipc.Server (Server.java:run(1474)) - Starting Socket Reader #3 for port 15067
2025-07-14 15:00:03,848 [Socket Reader #5 for port 15067] INFO  ipc.Server (Server.java:run(1474)) - Starting Socket Reader #5 for port 15067
2025-07-14 15:00:03,848 [Socket Reader #4 for port 15067] INFO  ipc.Server (Server.java:run(1474)) - Starting Socket Reader #4 for port 15067
2025-07-14 15:00:03,848 [Socket Reader #6 for port 15067] INFO  ipc.Server (Server.java:run(1474)) - Starting Socket Reader #6 for port 15067
2025-07-14 15:00:03,849 [Socket Reader #8 for port 15067] INFO  ipc.Server (Server.java:run(1474)) - Starting Socket Reader #8 for port 15067
2025-07-14 15:00:03,849 [Socket Reader #7 for port 15067] INFO  ipc.Server (Server.java:run(1474)) - Starting Socket Reader #7 for port 15067
2025-07-14 15:00:03,849 [Socket Reader #9 for port 15067] INFO  ipc.Server (Server.java:run(1474)) - Starting Socket Reader #9 for port 15067
2025-07-14 15:00:03,849 [Socket Reader #10 for port 15067] INFO  ipc.Server (Server.java:run(1474)) - Starting Socket Reader #10 for port 15067
2025-07-14 15:00:03,851 [main] INFO  ozone.HddsDatanodeService (HddsDatanodeService.java:start(333)) - Datanode start with admins: [admin, runner]
2025-07-14 15:00:03,851 [main] INFO  ozone.HddsDatanodeClientProtocolServer (HddsDatanodeClientProtocolServer.java:start(76)) - RPC server for Client /0.0.0.0:15067
2025-07-14 15:00:03,852 [IPC Server Responder] INFO  ipc.Server (Server.java:run(1713)) - IPC Server Responder: starting
2025-07-14 15:00:03,852 [IPC Server listener on 15067] INFO  ipc.Server (Server.java:run(1553)) - IPC Server listener on 15067: starting
2025-07-14 15:00:03,855 [main] WARN  dropwizard3.Dm3MetricRegistriesImpl (Dm3MetricRegistriesImpl.java:addReporterRegistration(114)) - New reporters are added after registries were created. Some metrics will be missing from the reporter. Please add reporter before adding any new registry.
2025-07-14 15:00:03,855 [main] WARN  dropwizard3.Dm3MetricRegistriesImpl (Dm3MetricRegistriesImpl.java:addReporterRegistration(114)) - New reporters are added after registries were created. Some metrics will be missing from the reporter. Please add reporter before adding any new registry.
2025-07-14 15:00:03,855 [main] INFO  impl.MetricsSystemImpl (MetricsSystemImpl.java:init(158)) - HddsDatanode metrics system started (again)
2025-07-14 15:00:03,856 [89a738d3-0145-4b42-8b1b-b5be9f604b49-DatanodeStateMachineDaemonThread] INFO  statemachine.DatanodeStateMachine (DatanodeStateMachine.java:startStateMachineThread(347)) - Ozone container server started.
2025-07-14 15:00:03,861 [89a738d3-0145-4b42-8b1b-b5be9f604b49-DatanodeStateMachineTaskThread-0] INFO  datanode.InitDatanodeState (InitDatanodeState.java:persistContainerDatanodeDetails(139)) - DatanodeDetails is persisted to /home/runner/work/ozone/ozone/hadoop-ozone/integration-test/target/test-dir/MiniOzoneClusterImpl-aaa7dc72-7fbf-48e0-acc5-129182712624/ozone-meta/datanode-8/meta/datanode.id
2025-07-14 15:00:03,878 [main] INFO  protocol.DatanodeDetails (DatanodeDetails.java:validateDatanodeIpAddress(199)) - Updating IP address of datanode 9eae2efb-1df6-4ce6-ae9d-8504348dafa1(localhost/null) to 127.0.0.1
2025-07-14 15:00:03,878 [main] INFO  ozone.HddsDatanodeService (HddsDatanodeService.java:start(236)) - HddsDatanodeService 9eae2efb-1df6-4ce6-ae9d-8504348dafa1(localhost/127.0.0.1)
2025-07-14 15:00:03,880 [main] INFO  upgrade.AbstractLayoutVersionManager (AbstractLayoutVersionManager.java:init(80)) - Initializing Layout version manager with metadata layout = HBASE_SUPPORT (version = 8), software layout = HBASE_SUPPORT (version = 8)
2025-07-14 15:00:03,881 [main] INFO  statemachine.DatanodeStateMachine (DatanodeStateMachine.java:getEndPointTaskThreadPoolSize(305)) - Datanode State Machine Task Thread Pool size 2
2025-07-14 15:00:03,884 [main] INFO  volume.HddsVolume (HddsVolume.java:<init>(162)) - HddsVolume: { id=DS-ad75ee56-e4db-48cc-8bf4-3c6f1fe67bbd dir=/home/runner/work/ozone/ozone/hadoop-ozone/integration-test/target/test-dir/MiniOzoneClusterImpl-aaa7dc72-7fbf-48e0-acc5-129182712624/ozone-meta/datanode-9/data-0/hdds type=DISK capacity=9222449699674390527 used=0 available=9222449699674390527 minFree=9222450130714624 committed=0 }
2025-07-14 15:00:03,884 [main] INFO  volume.MutableVolumeSet (MutableVolumeSet.java:initializeVolumeSet(167)) - Added Volume : /home/runner/work/ozone/ozone/hadoop-ozone/integration-test/target/test-dir/MiniOzoneClusterImpl-aaa7dc72-7fbf-48e0-acc5-129182712624/ozone-meta/datanode-9/data-0/hdds to VolumeSet
2025-07-14 15:00:03,885 [main] INFO  volume.MutableVolumeSet (MutableVolumeSet.java:initializeVolumeSet(167)) - Added Volume : /home/runner/work/ozone/ozone/hadoop-ozone/integration-test/target/test-dir/MiniOzoneClusterImpl-aaa7dc72-7fbf-48e0-acc5-129182712624/ozone-meta/datanode-9/ratis to VolumeSet
2025-07-14 15:00:03,886 [main] INFO  ozoneimpl.OzoneContainer (HddsVolumeUtil.java:loadAllHddsVolumeDbStore(102)) - Load 1 volumes DbStore cost: 1ms
2025-07-14 15:00:03,887 [main] WARN  db.DBStoreBuilder (DBStoreBuilder.java:getDBDirPath(158)) - ozone.scm.datanode.id.dir is not configured. We recommend adding this setting. Falling back to ozone.metadata.dirs instead.
2025-07-14 15:00:03,888 [main] WARN  db.DBStoreBuilder (DBStoreBuilder.java:getDBDirPath(158)) - ozone.scm.datanode.id.dir is not configured. We recommend adding this setting. Falling back to ozone.metadata.dirs instead.
2025-07-14 15:00:03,891 [52f0bf1a-a22c-4dfc-83f0-dd23f5b60a86-EndpointStateMachineTaskThread-/0.0.0.0:15002-0 ] INFO  utils.DatanodeStoreCache (DatanodeStoreCache.java:addDB(70)) - Added db /home/runner/work/ozone/ozone/hadoop-ozone/integration-test/target/test-dir/MiniOzoneClusterImpl-aaa7dc72-7fbf-48e0-acc5-129182712624/ozone-meta/datanode-6/data-0/hdds/aaa7dc72-7fbf-48e0-acc5-129182712624/DS-312fbd46-dbcd-4181-b1a2-72678cbe0860/container.db to cache
2025-07-14 15:00:03,892 [52f0bf1a-a22c-4dfc-83f0-dd23f5b60a86-EndpointStateMachineTaskThread-/0.0.0.0:15002-0 ] INFO  volume.HddsVolume (HddsVolume.java:createDbStore(575)) - SchemaV3 db is created and loaded at /home/runner/work/ozone/ozone/hadoop-ozone/integration-test/target/test-dir/MiniOzoneClusterImpl-aaa7dc72-7fbf-48e0-acc5-129182712624/ozone-meta/datanode-6/data-0/hdds/aaa7dc72-7fbf-48e0-acc5-129182712624/DS-312fbd46-dbcd-4181-b1a2-72678cbe0860/container.db for volume DS-312fbd46-dbcd-4181-b1a2-72678cbe0860
2025-07-14 15:00:03,895 [52f0bf1a-a22c-4dfc-83f0-dd23f5b60a86-ContainerReader-0] INFO  ozoneimpl.ContainerReader (ContainerReader.java:readVolume(144)) - Start to verify containers on volume /home/runner/work/ozone/ozone/hadoop-ozone/integration-test/target/test-dir/MiniOzoneClusterImpl-aaa7dc72-7fbf-48e0-acc5-129182712624/ozone-meta/datanode-6/data-0/hdds
2025-07-14 15:00:03,895 [52f0bf1a-a22c-4dfc-83f0-dd23f5b60a86-ContainerReader-0] INFO  ozoneimpl.ContainerReader (ContainerReader.java:readVolume(174)) - Finish verifying containers on volume /home/runner/work/ozone/ozone/hadoop-ozone/integration-test/target/test-dir/MiniOzoneClusterImpl-aaa7dc72-7fbf-48e0-acc5-129182712624/ozone-meta/datanode-6/data-0/hdds
2025-07-14 15:00:03,896 [52f0bf1a-a22c-4dfc-83f0-dd23f5b60a86-EndpointStateMachineTaskThread-/0.0.0.0:15002-0 ] INFO  ozoneimpl.OzoneContainer (OzoneContainer.java:buildContainerSet(370)) - Build ContainerSet costs 0s
2025-07-14 15:00:03,896 [52f0bf1a-a22c-4dfc-83f0-dd23f5b60a86-EndpointStateMachineTaskThread-/0.0.0.0:15002-0 ] INFO  volume.ThrottledAsyncChecker (ThrottledAsyncChecker.java:schedule(138)) - Scheduling a check for /home/runner/work/ozone/ozone/hadoop-ozone/integration-test/target/test-dir/MiniOzoneClusterImpl-aaa7dc72-7fbf-48e0-acc5-129182712624/ozone-meta/datanode-6/data-0/hdds
2025-07-14 15:00:03,897 [52f0bf1a-a22c-4dfc-83f0-dd23f5b60a86-EndpointStateMachineTaskThread-/0.0.0.0:15002-0 ] INFO  volume.StorageVolumeChecker (StorageVolumeChecker.java:checkAllVolumes(215)) - Scheduled health check for volume /home/runner/work/ozone/ozone/hadoop-ozone/integration-test/target/test-dir/MiniOzoneClusterImpl-aaa7dc72-7fbf-48e0-acc5-129182712624/ozone-meta/datanode-6/data-0/hdds
2025-07-14 15:00:03,901 [52f0bf1a-a22c-4dfc-83f0-dd23f5b60a86-EndpointStateMachineTaskThread-/0.0.0.0:15002-0 ] INFO  volume.ThrottledAsyncChecker (ThrottledAsyncChecker.java:schedule(138)) - Scheduling a check for /home/runner/work/ozone/ozone/hadoop-ozone/integration-test/target/test-dir/MiniOzoneClusterImpl-aaa7dc72-7fbf-48e0-acc5-129182712624/ozone-meta/datanode-6/ratis
2025-07-14 15:00:03,901 [52f0bf1a-a22c-4dfc-83f0-dd23f5b60a86-EndpointStateMachineTaskThread-/0.0.0.0:15002-0 ] INFO  volume.StorageVolumeChecker (StorageVolumeChecker.java:checkAllVolumes(215)) - Scheduled health check for volume /home/runner/work/ozone/ozone/hadoop-ozone/integration-test/target/test-dir/MiniOzoneClusterImpl-aaa7dc72-7fbf-48e0-acc5-129182712624/ozone-meta/datanode-6/ratis
2025-07-14 15:00:03,902 [52f0bf1a-a22c-4dfc-83f0-dd23f5b60a86-EndpointStateMachineTaskThread-/0.0.0.0:15002-0 ] INFO  ozoneimpl.OzoneContainer (OzoneContainer.java:start(520)) - Attempting to start container services.
2025-07-14 15:00:03,903 [ContainerMetadataScanner] INFO  ozoneimpl.AbstractBackgroundContainerScanner (AbstractBackgroundContainerScanner.java:runIteration(89)) - Completed an iteration in 0 minutes. Number of iterations (since the data-node restart) : 1, Number of containers scanned in this iteration : 0, Number of unhealthy containers found in this iteration : 0
2025-07-14 15:00:03,904 [ContainerDataScanner(/home/runner/work/ozone/ozone/hadoop-ozone/integration-test/target/test-dir/MiniOzoneClusterImpl-aaa7dc72-7fbf-48e0-acc5-129182712624/ozone-meta/datanode-6/data-0/hdds)] INFO  ozoneimpl.AbstractBackgroundContainerScanner (AbstractBackgroundContainerScanner.java:runIteration(89)) - Completed an iteration in 0 minutes. Number of iterations (since the data-node restart) : 1, Number of containers scanned in this iteration : 0, Number of unhealthy containers found in this iteration : 0
2025-07-14 15:00:03,904 [52f0bf1a-a22c-4dfc-83f0-dd23f5b60a86-EndpointStateMachineTaskThread-/0.0.0.0:15002-0 ] INFO  replication.ReplicationServer (ReplicationServer.java:start(137)) - ReplicationServer is started using port 15057
2025-07-14 15:00:03,905 [52f0bf1a-a22c-4dfc-83f0-dd23f5b60a86-EndpointStateMachineTaskThread-/0.0.0.0:15002-0 ] INFO  ratis.XceiverServerRatis (XceiverServerRatis.java:start(559)) - Starting XceiverServerRatis(52f0bf1a-a22c-4dfc-83f0-dd23f5b60a86)
2025-07-14 15:00:03,905 [52f0bf1a-a22c-4dfc-83f0-dd23f5b60a86-EndpointStateMachineTaskThread-/0.0.0.0:15002-0 ] INFO  server.RaftServer (RaftServerProxy.java:startImpl(412)) - 52f0bf1a-a22c-4dfc-83f0-dd23f5b60a86: start RPC server
2025-07-14 15:00:03,906 [52f0bf1a-a22c-4dfc-83f0-dd23f5b60a86-EndpointStateMachineTaskThread-/0.0.0.0:15002-0 ] INFO  server.GrpcServicesImpl (GrpcServicesImpl.java:startImpl(346)) - 52f0bf1a-a22c-4dfc-83f0-dd23f5b60a86: GrpcServicesImpl started, listening on 15053
2025-07-14 15:00:03,906 [52f0bf1a-a22c-4dfc-83f0-dd23f5b60a86-EndpointStateMachineTaskThread-/0.0.0.0:15002-0 ] INFO  server.GrpcServicesImpl (GrpcServicesImpl.java:startImpl(346)) - 52f0bf1a-a22c-4dfc-83f0-dd23f5b60a86: GrpcServicesImpl started, listening on 15055
2025-07-14 15:00:03,907 [52f0bf1a-a22c-4dfc-83f0-dd23f5b60a86-EndpointStateMachineTaskThread-/0.0.0.0:15002-0 ] INFO  server.GrpcServicesImpl (GrpcServicesImpl.java:startImpl(346)) - 52f0bf1a-a22c-4dfc-83f0-dd23f5b60a86: GrpcServicesImpl started, listening on 15054
2025-07-14 15:00:03,908 [52f0bf1a-a22c-4dfc-83f0-dd23f5b60a86-EndpointStateMachineTaskThread-/0.0.0.0:15002-0 ] INFO  ratis.XceiverServerRatis (XceiverServerRatis.java:getRealPort(586)) - XceiverServerRatis(52f0bf1a-a22c-4dfc-83f0-dd23f5b60a86) is started using port RATIS=15053
2025-07-14 15:00:03,908 [52f0bf1a-a22c-4dfc-83f0-dd23f5b60a86-EndpointStateMachineTaskThread-/0.0.0.0:15002-0 ] INFO  ratis.XceiverServerRatis (XceiverServerRatis.java:getRealPort(586)) - XceiverServerRatis(52f0bf1a-a22c-4dfc-83f0-dd23f5b60a86) is started using port RATIS_ADMIN=15054
2025-07-14 15:00:03,908 [52f0bf1a-a22c-4dfc-83f0-dd23f5b60a86-EndpointStateMachineTaskThread-/0.0.0.0:15002-0 ] INFO  ratis.XceiverServerRatis (XceiverServerRatis.java:getRealPort(586)) - XceiverServerRatis(52f0bf1a-a22c-4dfc-83f0-dd23f5b60a86) is started using port RATIS_SERVER=15055
2025-07-14 15:00:03,908 [52f0bf1a-a22c-4dfc-83f0-dd23f5b60a86-EndpointStateMachineTaskThread-/0.0.0.0:15002-0 ] INFO  ratis.XceiverServerRatis (XceiverServerRatis.java:getRealPort(586)) - XceiverServerRatis(52f0bf1a-a22c-4dfc-83f0-dd23f5b60a86) is started using port RATIS_DATASTREAM=15056
2025-07-14 15:00:03,908 [JvmPauseMonitor8] INFO  util.JvmPauseMonitor (JvmPauseMonitor.java:run(146)) - JvmPauseMonitor-52f0bf1a-a22c-4dfc-83f0-dd23f5b60a86: Started
2025-07-14 15:00:03,910 [main] INFO  impl.FilePerChunkStrategy (FilePerChunkStrategy.java:<init>(79)) - ozone.chunk.read.mapped.buffer.max.count is load with 0
2025-07-14 15:00:03,910 [main] INFO  impl.FilePerBlockStrategy (FilePerBlockStrategy.java:<init>(88)) - ozone.chunk.read.mapped.buffer.max.count is load with 0
2025-07-14 15:00:03,910 [52f0bf1a-a22c-4dfc-83f0-dd23f5b60a86-EndpointStateMachineTaskThread-/0.0.0.0:15002-0 ] INFO  utils.BackgroundService (BackgroundService.java:start(118)) - Starting service BlockDeletingService with interval 60000 milliseconds
2025-07-14 15:00:03,911 [main] INFO  server.RaftServerConfigKeys (ConfUtils.java:logGet(62)) - raft.server.log.appender.buffer.byte-limit = 33554432 (custom)
2025-07-14 15:00:03,912 [52f0bf1a-a22c-4dfc-83f0-dd23f5b60a86-EndpointStateMachineTaskThread-/0.0.0.0:15002-0 ] INFO  utils.BackgroundService (BackgroundService.java:start(118)) - Starting service StaleRecoveringContainerScrubbingService with interval 60000 milliseconds
2025-07-14 15:00:03,912 [EventQueue-PipelineReportForOneReplicaPipelineSafeModeRule] INFO  safemode.SCMSafeModeManager (SCMSafeModeManager.java:validateSafeModeExitRules(138)) - AtleastOneDatanodeReportedRule rule is successfully validated
2025-07-14 15:00:03,913 [main] INFO  grpc.GrpcConfigKeys (ConfUtils.java:logFallback(69)) - raft.grpc.admin.host = null (fallback to raft.grpc.server.host)
2025-07-14 15:00:03,913 [main] INFO  grpc.GrpcConfigKeys (ConfUtils.java:logGet(62)) - raft.grpc.admin.port = 15078 (custom)
2025-07-14 15:00:03,913 [main] INFO  grpc.GrpcConfigKeys (ConfUtils.java:logFallback(69)) - raft.grpc.client.host = null (fallback to raft.grpc.server.host)
2025-07-14 15:00:03,914 [main] INFO  grpc.GrpcConfigKeys (ConfUtils.java:logGet(62)) - raft.grpc.client.port = 15077 (custom)
2025-07-14 15:00:03,914 [main] INFO  grpc.GrpcConfigKeys (ConfUtils.java:logGet(62)) - raft.grpc.server.port = 15079 (custom)
2025-07-14 15:00:03,914 [main] INFO  server.GrpcServicesImpl (ConfUtils.java:logGet(62)) - raft.grpc.message.size.max = 34603008 (custom)
2025-07-14 15:00:03,914 [main] INFO  server.GrpcServicesImpl (ConfUtils.java:logGet(62)) - raft.grpc.flow.control.window = 5MB (=5242880) (custom)
2025-07-14 15:00:03,914 [main] INFO  server.RaftServerConfigKeys (ConfUtils.java:logGet(62)) - raft.server.log.appender.buffer.byte-limit = 33554432 (custom)
2025-07-14 15:00:03,916 [main] INFO  netty.NettyUtils (NettyUtils.java:newEventLoopGroup(74)) - Create EpollEventLoopGroup for 9eae2efb-1df6-4ce6-ae9d-8504348dafa1-NettyServerStreamRpc-bossGroup; Thread size is 0.
2025-07-14 15:00:03,917 [main] INFO  netty.NettyUtils (NettyUtils.java:newEventLoopGroup(74)) - Create EpollEventLoopGroup for 9eae2efb-1df6-4ce6-ae9d-8504348dafa1-NettyServerStreamRpc-workerGroup; Thread size is 0.
2025-07-14 15:00:03,918 [main] INFO  netty.NettyConfigKeys$DataStream (ConfUtils.java:logGet(62)) - raft.netty.dataStream.port = 15080 (custom)
2025-07-14 15:00:03,918 [main] INFO  server.RaftServerConfigKeys (ConfUtils.java:logGet(62)) - raft.server.storage.dir = [/home/runner/work/ozone/ozone/hadoop-ozone/integration-test/target/test-dir/MiniOzoneClusterImpl-aaa7dc72-7fbf-48e0-acc5-129182712624/ozone-meta/datanode-9/ratis] (custom)
2025-07-14 15:00:03,918 [9eae2efb-1df6-4ce6-ae9d-8504348dafa1-NettyServerStreamRpc-bossGroup--thread1] INFO  logging.LoggingHandler (AbstractInternalLogger.java:log(148)) - [id: 0xfb58b029] REGISTERED
2025-07-14 15:00:03,919 [9eae2efb-1df6-4ce6-ae9d-8504348dafa1-NettyServerStreamRpc-bossGroup--thread1] INFO  logging.LoggingHandler (AbstractInternalLogger.java:log(148)) - [id: 0xfb58b029] BIND: 0.0.0.0/0.0.0.0:15080
2025-07-14 15:00:03,919 [9eae2efb-1df6-4ce6-ae9d-8504348dafa1-NettyServerStreamRpc-bossGroup--thread1] INFO  logging.LoggingHandler (AbstractInternalLogger.java:log(148)) - [id: 0xfb58b029, L:/0.0.0.0:15080] ACTIVE
2025-07-14 15:00:03,919 [9eae2efb-1df6-4ce6-ae9d-8504348dafa1-impl-thread1] INFO  server.RaftServer (RaftServerProxy.java:initGroupDir(270)) - 9eae2efb-1df6-4ce6-ae9d-8504348dafa1: found a subdirectory /home/runner/work/ozone/ozone/hadoop-ozone/integration-test/target/test-dir/MiniOzoneClusterImpl-aaa7dc72-7fbf-48e0-acc5-129182712624/ozone-meta/datanode-9/ratis/tmp
2025-07-14 15:00:03,919 [9eae2efb-1df6-4ce6-ae9d-8504348dafa1-impl-thread1] INFO  server.RaftServer (RaftServerProxy.java:initGroupDir(275)) - 9eae2efb-1df6-4ce6-ae9d-8504348dafa1: The directory /home/runner/work/ozone/ozone/hadoop-ozone/integration-test/target/test-dir/MiniOzoneClusterImpl-aaa7dc72-7fbf-48e0-acc5-129182712624/ozone-meta/datanode-9/ratis/tmp is not a group directory; ignoring it. 
2025-07-14 15:00:03,920 [main] INFO  replication.ReplicationServer (ReplicationServer.java:<init>(84)) - Initializing replication server with thread count = 10 queue length = 4096
2025-07-14 15:00:03,921 [main] INFO  server.XceiverServerGrpc (XceiverServerGrpc.java:<init>(130)) - GrpcServer channel type EpollServerSocketChannel
2025-07-14 15:00:03,922 [main] INFO  replication.ReplicationSupervisor (ReplicationSupervisor.java:build(169)) - Initializing replication supervisor with thread count = 10
2025-07-14 15:00:03,922 [main] INFO  replication.ReplicationSupervisor (ReplicationSupervisor.java:nodeStateUpdated(358)) - Node state updated to IN_SERVICE, scaling executor pool size to 10
2025-07-14 15:00:03,925 [main] INFO  http.BaseHttpServer (BaseHttpServer.java:newHttpServer2BuilderForOzone(229)) - Starting Web-server for hddsDatanode at: http://0.0.0.0:15074
2025-07-14 15:00:03,925 [main] INFO  http.BaseHttpServer (BaseHttpServer.java:<init>(107)) - Hadoop Security Enabled: false Ozone Security Enabled: false Ozone HTTP Security Enabled: false 
2025-07-14 15:00:03,926 [main] WARN  server.AuthenticationFilter (AuthenticationFilter.java:constructSecretProvider(240)) - Unable to initialize FileSignerSecretProvider, falling back to use random secrets. Reason: Could not read signature secret file: /home/runner/hadoop-http-auth-signature-secret
2025-07-14 15:00:03,929 [main] INFO  http.HttpServer2 (HttpServer2.java:addGlobalFilter(1042)) - Added global filter 'safety' (class=org.apache.hadoop.hdds.server.http.HttpServer2$QuotingInputFilter)
2025-07-14 15:00:03,929 [main] INFO  http.HttpServer2 (HttpServer2.java:addFilter(1018)) - Added filter static_user_filter (class=org.apache.hadoop.http.lib.StaticUserWebFilter$StaticUserFilter) to context hddsDatanode
2025-07-14 15:00:03,929 [main] INFO  http.HttpServer2 (HttpServer2.java:addFilter(1026)) - Added filter static_user_filter (class=org.apache.hadoop.http.lib.StaticUserWebFilter$StaticUserFilter) to context static
2025-07-14 15:00:03,930 [main] INFO  http.HttpServer2 (HttpServer2.java:addFilter(1026)) - Added filter static_user_filter (class=org.apache.hadoop.http.lib.StaticUserWebFilter$StaticUserFilter) to context logs
2025-07-14 15:00:03,930 [main] INFO  http.BaseHttpServer (BaseHttpServer.java:<init>(195)) - HTTP server of hddsDatanode uses base directory /home/runner/work/ozone/ozone/hadoop-ozone/integration-test/target/test-dir/MiniOzoneClusterImpl-aaa7dc72-7fbf-48e0-acc5-129182712624/ozone-meta/datanode-9/meta/webserver
2025-07-14 15:00:03,930 [main] INFO  http.HttpServer2 (HttpServer2.java:bindListener(1242)) - Jetty bound to port 15074
2025-07-14 15:00:03,931 [main] INFO  server.Server (Server.java:doStart(375)) - jetty-9.4.57.v20241219; built: 2025-01-08T21:24:30.412Z; git: df524e6b29271c2e09ba9aea83c18dc9db464a31; jvm 21.0.7+6-LTS
2025-07-14 15:00:03,932 [main] INFO  server.session (DefaultSessionIdManager.java:doStart(334)) - DefaultSessionIdManager workerName=node0
2025-07-14 15:00:03,932 [main] INFO  server.session (DefaultSessionIdManager.java:doStart(339)) - No SessionScavenger set, using defaults
2025-07-14 15:00:03,932 [main] INFO  server.session (HouseKeeper.java:startScavenging(132)) - node0 Scavenging every 660000ms
2025-07-14 15:00:03,933 [main] INFO  handler.ContextHandler (ContextHandler.java:doStart(921)) - Started o.e.j.s.ServletContextHandler@4461c22{logs,/logs,file:///home/runner/work/ozone/ozone/hadoop-ozone/integration-test/target/log,AVAILABLE}
2025-07-14 15:00:03,933 [main] INFO  handler.ContextHandler (ContextHandler.java:doStart(921)) - Started o.e.j.s.ServletContextHandler@7498d9b9{static,/static,jar:file:/home/runner/work/ozone/ozone/hadoop-hdds/container-service/target/hdds-container-service-2.1.0-SNAPSHOT.jar!/webapps/static,AVAILABLE}
2025-07-14 15:00:03,965 [EventQueue-PipelineReportForOneReplicaPipelineSafeModeRule] INFO  safemode.SCMSafeModeManager (SCMSafeModeManager.java:validateSafeModeExitRules(138)) - AtleastOneDatanodeReportedRule rule is successfully validated
2025-07-14 15:00:04,004 [EventQueue-PipelineReportForOneReplicaPipelineSafeModeRule] INFO  safemode.SCMSafeModeManager (SCMSafeModeManager.java:validateSafeModeExitRules(138)) - AtleastOneDatanodeReportedRule rule is successfully validated
2025-07-14 15:00:04,066 [IPC Server handler 4 on default port 15002] INFO  net.NetworkTopologyImpl (NetworkTopologyImpl.java:add(133)) - Added a new node: /default-rack/77d16558-8a68-4655-9235-107e22ba3c38
2025-07-14 15:00:04,067 [IPC Server handler 4 on default port 15002] INFO  node.SCMNodeManager (SCMNodeManager.java:register(423)) - Registered datanode: 77d16558-8a68-4655-9235-107e22ba3c38{ip: 127.0.0.1, host: localhost, ports: [HTTP=15042, CLIENT_RPC=15043, REPLICATION=15049, RATIS=15045, RATIS_ADMIN=15046, RATIS_SERVER=15047, RATIS_DATASTREAM=15048, STANDALONE=15044], networkLocation: /default-rack, certSerialId: null, persistedOpState: null, persistedOpStateExpiryEpochSec: 0}
2025-07-14 15:00:04,067 [EventQueue-NewNodeForNewNodeHandler] INFO  pipeline.BackgroundPipelineCreator (BackgroundPipelineCreator.java:notifyEventTriggered(290)) - trigger a one-shot run on RatisPipelineUtilsThread.
2025-07-14 15:00:04,067 [EventQueue-ContainerRegistrationReportForECContainerSafeModeRule] INFO  safemode.SCMSafeModeManager (SCMSafeModeManager.java:validateSafeModeExitRules(138)) - ECContainerSafeModeRule rule is successfully validated
2025-07-14 15:00:04,068 [EventQueue-NodeRegistrationContainerReportForDataNodeSafeModeRule] INFO  safemode.SCMSafeModeManager (SCMSafeModeManager.java:validateSafeModeExitRules(138)) - DataNodeSafeModeRule rule is successfully validated
2025-07-14 15:00:04,068 [EventQueue-PipelineReportForOneReplicaPipelineSafeModeRule] INFO  safemode.SCMSafeModeManager (SCMSafeModeManager.java:validateSafeModeExitRules(138)) - AtleastOneDatanodeReportedRule rule is successfully validated
2025-07-14 15:00:04,068 [EventQueue-ContainerRegistrationReportForRatisContainerSafeModeRule] INFO  safemode.SCMSafeModeManager (SCMSafeModeManager.java:validateSafeModeExitRules(138)) - RatisContainerSafeModeRule rule is successfully validated
2025-07-14 15:00:04,069 [RatisPipelineUtilsThread-0] INFO  pipeline.RatisPipelineProvider (RatisPipelineProvider.java:lambda$create$0(208)) - Sending CreatePipelineCommand for pipeline:Pipeline-b9701521-b9b6-4d5a-884e-45415b6c399b to datanode:77d16558-8a68-4655-9235-107e22ba3c38(localhost/127.0.0.1)
2025-07-14 15:00:04,072 [e9aa665b-a6cb-4a48-961e-4c04ffb0bb5a@group-129182712624-StateMachineUpdater] INFO  safemode.SCMSafeModeManager (SCMSafeModeManager.java:validateSafeModeExitRules(138)) - DataNodeSafeModeRule rule is successfully validated
2025-07-14 15:00:04,073 [e9aa665b-a6cb-4a48-961e-4c04ffb0bb5a@group-129182712624-StateMachineUpdater] INFO  safemode.SCMSafeModeManager (SCMSafeModeManager.java:validateSafeModeExitRules(138)) - RatisContainerSafeModeRule rule is successfully validated
2025-07-14 15:00:04,073 [e9aa665b-a6cb-4a48-961e-4c04ffb0bb5a@group-129182712624-StateMachineUpdater] INFO  safemode.HealthyPipelineSafeModeRule (HealthyPipelineSafeModeRule.java:initializeRule(228)) - Refreshed total pipeline count is 0, healthy pipeline threshold count is 1
2025-07-14 15:00:04,074 [e9aa665b-a6cb-4a48-961e-4c04ffb0bb5a@group-129182712624-StateMachineUpdater] INFO  safemode.SCMSafeModeManager (SCMSafeModeManager.java:validateSafeModeExitRules(138)) - ECContainerSafeModeRule rule is successfully validated
2025-07-14 15:00:04,074 [e9aa665b-a6cb-4a48-961e-4c04ffb0bb5a@group-129182712624-StateMachineUpdater] INFO  safemode.SCMSafeModeManager (SCMSafeModeManager.java:validateSafeModeExitRules(138)) - AtleastOneDatanodeReportedRule rule is successfully validated
2025-07-14 15:00:04,074 [RatisPipelineUtilsThread-0] INFO  pipeline.BackgroundPipelineCreator (BackgroundPipelineCreator.java:createPipelines(246)) - Created new pipeline Pipeline{ Id: b9701521-b9b6-4d5a-884e-45415b6c399b, Nodes: [ {77d16558-8a68-4655-9235-107e22ba3c38(localhost/127.0.0.1), ReplicaIndex: 0},], ReplicationConfig: RATIS/ONE, State:ALLOCATED, leaderId:, CreationTimestamp2025-07-14T15:00:04.069210120Z[Etc/UTC]}
2025-07-14 15:00:04,089 [main] INFO  handler.ContextHandler (ContextHandler.java:doStart(921)) - Started o.e.j.w.WebAppContext@13de9510{hddsDatanode,/,file:///home/runner/work/ozone/ozone/hadoop-ozone/integration-test/target/test-dir/MiniOzoneClusterImpl-aaa7dc72-7fbf-48e0-acc5-129182712624/ozone-meta/datanode-9/meta/webserver/jetty-0_0_0_0-15074-hdds-container-service-2_1_0-SNAPSHOT_jar-_-any-11804000059976516810/webapp/,AVAILABLE}{jar:file:/home/runner/work/ozone/ozone/hadoop-hdds/container-service/target/hdds-container-service-2.1.0-SNAPSHOT.jar!/webapps/hddsDatanode}
2025-07-14 15:00:04,090 [main] INFO  server.AbstractConnector (AbstractConnector.java:doStart(333)) - Started ServerConnector@5c72de0e{HTTP/1.1, (http/1.1)}{0.0.0.0:15074}
2025-07-14 15:00:04,090 [main] INFO  server.Server (Server.java:doStart(415)) - Started @13654ms
2025-07-14 15:00:04,090 [main] WARN  impl.MetricsSystemImpl (MetricsSystemImpl.java:register(279)) - Sink prometheus already exists!
2025-07-14 15:00:04,090 [main] INFO  http.BaseHttpServer (BaseHttpServer.java:updateConnectorAddress(359)) - HTTP server of hddsDatanode listening at http://localhost:15074
2025-07-14 15:00:04,090 [main] INFO  ipc.CallQueueManager (CallQueueManager.java:<init>(93)) - Using callQueue: class java.util.concurrent.LinkedBlockingQueue, queueCapacity: 1000, scheduler: class org.apache.hadoop.ipc.DefaultRpcScheduler, ipcBackoff: false, ipcFailOver: false.
2025-07-14 15:00:04,091 [main] INFO  ipc.Server (Server.java:<init>(1438)) - Listener at 0.0.0.0:15075
2025-07-14 15:00:04,091 [Socket Reader #1 for port 15075] INFO  ipc.Server (Server.java:run(1474)) - Starting Socket Reader #1 for port 15075
2025-07-14 15:00:04,091 [Socket Reader #2 for port 15075] INFO  ipc.Server (Server.java:run(1474)) - Starting Socket Reader #2 for port 15075
2025-07-14 15:00:04,092 [Socket Reader #3 for port 15075] INFO  ipc.Server (Server.java:run(1474)) - Starting Socket Reader #3 for port 15075
2025-07-14 15:00:04,092 [Socket Reader #4 for port 15075] INFO  ipc.Server (Server.java:run(1474)) - Starting Socket Reader #4 for port 15075
2025-07-14 15:00:04,092 [Socket Reader #5 for port 15075] INFO  ipc.Server (Server.java:run(1474)) - Starting Socket Reader #5 for port 15075
2025-07-14 15:00:04,092 [Socket Reader #6 for port 15075] INFO  ipc.Server (Server.java:run(1474)) - Starting Socket Reader #6 for port 15075
2025-07-14 15:00:04,092 [Socket Reader #7 for port 15075] INFO  ipc.Server (Server.java:run(1474)) - Starting Socket Reader #7 for port 15075
2025-07-14 15:00:04,093 [Socket Reader #8 for port 15075] INFO  ipc.Server (Server.java:run(1474)) - Starting Socket Reader #8 for port 15075
2025-07-14 15:00:04,093 [Socket Reader #9 for port 15075] INFO  ipc.Server (Server.java:run(1474)) - Starting Socket Reader #9 for port 15075
2025-07-14 15:00:04,093 [Socket Reader #10 for port 15075] INFO  ipc.Server (Server.java:run(1474)) - Starting Socket Reader #10 for port 15075
2025-07-14 15:00:04,095 [main] INFO  ozone.HddsDatanodeService (HddsDatanodeService.java:start(333)) - Datanode start with admins: [admin, runner]
2025-07-14 15:00:04,095 [main] INFO  ozone.HddsDatanodeClientProtocolServer (HddsDatanodeClientProtocolServer.java:start(76)) - RPC server for Client /0.0.0.0:15075
2025-07-14 15:00:04,095 [IPC Server Responder] INFO  ipc.Server (Server.java:run(1713)) - IPC Server Responder: starting
2025-07-14 15:00:04,095 [IPC Server listener on 15075] INFO  ipc.Server (Server.java:run(1553)) - IPC Server listener on 15075: starting
2025-07-14 15:00:04,097 [main] WARN  dropwizard3.Dm3MetricRegistriesImpl (Dm3MetricRegistriesImpl.java:addReporterRegistration(114)) - New reporters are added after registries were created. Some metrics will be missing from the reporter. Please add reporter before adding any new registry.
2025-07-14 15:00:04,097 [main] WARN  dropwizard3.Dm3MetricRegistriesImpl (Dm3MetricRegistriesImpl.java:addReporterRegistration(114)) - New reporters are added after registries were created. Some metrics will be missing from the reporter. Please add reporter before adding any new registry.
2025-07-14 15:00:04,097 [main] INFO  impl.MetricsSystemImpl (MetricsSystemImpl.java:init(158)) - HddsDatanode metrics system started (again)
2025-07-14 15:00:04,099 [9eae2efb-1df6-4ce6-ae9d-8504348dafa1-DatanodeStateMachineDaemonThread] INFO  statemachine.DatanodeStateMachine (DatanodeStateMachine.java:startStateMachineThread(347)) - Ozone container server started.
2025-07-14 15:00:04,104 [9eae2efb-1df6-4ce6-ae9d-8504348dafa1-DatanodeStateMachineTaskThread-0] INFO  datanode.InitDatanodeState (InitDatanodeState.java:persistContainerDatanodeDetails(139)) - DatanodeDetails is persisted to /home/runner/work/ozone/ozone/hadoop-ozone/integration-test/target/test-dir/MiniOzoneClusterImpl-aaa7dc72-7fbf-48e0-acc5-129182712624/ozone-meta/datanode-9/meta/datanode.id
2025-07-14 15:00:04,110 [EventQueue-PipelineReportForOneReplicaPipelineSafeModeRule] INFO  safemode.SCMSafeModeManager (SCMSafeModeManager.java:validateSafeModeExitRules(138)) - AtleastOneDatanodeReportedRule rule is successfully validated
2025-07-14 15:00:04,121 [main] INFO  protocol.DatanodeDetails (DatanodeDetails.java:validateDatanodeIpAddress(199)) - Updating IP address of datanode 9eaddddd-9b57-463b-ae7a-e3a77c744c69(localhost/null) to 127.0.0.1
2025-07-14 15:00:04,122 [main] INFO  ozone.HddsDatanodeService (HddsDatanodeService.java:start(236)) - HddsDatanodeService 9eaddddd-9b57-463b-ae7a-e3a77c744c69(localhost/127.0.0.1)
2025-07-14 15:00:04,124 [main] INFO  upgrade.AbstractLayoutVersionManager (AbstractLayoutVersionManager.java:init(80)) - Initializing Layout version manager with metadata layout = HBASE_SUPPORT (version = 8), software layout = HBASE_SUPPORT (version = 8)
2025-07-14 15:00:04,125 [main] INFO  statemachine.DatanodeStateMachine (DatanodeStateMachine.java:getEndPointTaskThreadPoolSize(305)) - Datanode State Machine Task Thread Pool size 2
2025-07-14 15:00:04,128 [main] INFO  volume.HddsVolume (HddsVolume.java:<init>(162)) - HddsVolume: { id=DS-0f436102-8eb4-4bbc-840e-8b4f36848b45 dir=/home/runner/work/ozone/ozone/hadoop-ozone/integration-test/target/test-dir/MiniOzoneClusterImpl-aaa7dc72-7fbf-48e0-acc5-129182712624/ozone-meta/datanode-10/data-0/hdds type=DISK capacity=9222449699674390527 used=0 available=9222449699674390527 minFree=9222450130714624 committed=0 }
2025-07-14 15:00:04,128 [main] INFO  volume.MutableVolumeSet (MutableVolumeSet.java:initializeVolumeSet(167)) - Added Volume : /home/runner/work/ozone/ozone/hadoop-ozone/integration-test/target/test-dir/MiniOzoneClusterImpl-aaa7dc72-7fbf-48e0-acc5-129182712624/ozone-meta/datanode-10/data-0/hdds to VolumeSet
2025-07-14 15:00:04,130 [main] INFO  volume.MutableVolumeSet (MutableVolumeSet.java:initializeVolumeSet(167)) - Added Volume : /home/runner/work/ozone/ozone/hadoop-ozone/integration-test/target/test-dir/MiniOzoneClusterImpl-aaa7dc72-7fbf-48e0-acc5-129182712624/ozone-meta/datanode-10/ratis to VolumeSet
2025-07-14 15:00:04,131 [main] INFO  ozoneimpl.OzoneContainer (HddsVolumeUtil.java:loadAllHddsVolumeDbStore(102)) - Load 1 volumes DbStore cost: 0ms
2025-07-14 15:00:04,131 [main] WARN  db.DBStoreBuilder (DBStoreBuilder.java:getDBDirPath(158)) - ozone.scm.datanode.id.dir is not configured. We recommend adding this setting. Falling back to ozone.metadata.dirs instead.
2025-07-14 15:00:04,132 [main] WARN  db.DBStoreBuilder (DBStoreBuilder.java:getDBDirPath(158)) - ozone.scm.datanode.id.dir is not configured. We recommend adding this setting. Falling back to ozone.metadata.dirs instead.
2025-07-14 15:00:04,149 [main] INFO  impl.FilePerChunkStrategy (FilePerChunkStrategy.java:<init>(79)) - ozone.chunk.read.mapped.buffer.max.count is load with 0
2025-07-14 15:00:04,150 [main] INFO  impl.FilePerBlockStrategy (FilePerBlockStrategy.java:<init>(88)) - ozone.chunk.read.mapped.buffer.max.count is load with 0
2025-07-14 15:00:04,151 [main] INFO  server.RaftServerConfigKeys (ConfUtils.java:logGet(62)) - raft.server.log.appender.buffer.byte-limit = 33554432 (custom)
2025-07-14 15:00:04,152 [main] INFO  grpc.GrpcConfigKeys (ConfUtils.java:logFallback(69)) - raft.grpc.admin.host = null (fallback to raft.grpc.server.host)
2025-07-14 15:00:04,152 [main] INFO  grpc.GrpcConfigKeys (ConfUtils.java:logGet(62)) - raft.grpc.admin.port = 15086 (custom)
2025-07-14 15:00:04,152 [main] INFO  grpc.GrpcConfigKeys (ConfUtils.java:logFallback(69)) - raft.grpc.client.host = null (fallback to raft.grpc.server.host)
2025-07-14 15:00:04,152 [main] INFO  grpc.GrpcConfigKeys (ConfUtils.java:logGet(62)) - raft.grpc.client.port = 15085 (custom)
2025-07-14 15:00:04,152 [main] INFO  grpc.GrpcConfigKeys (ConfUtils.java:logGet(62)) - raft.grpc.server.port = 15087 (custom)
2025-07-14 15:00:04,153 [main] INFO  server.GrpcServicesImpl (ConfUtils.java:logGet(62)) - raft.grpc.message.size.max = 34603008 (custom)
2025-07-14 15:00:04,153 [main] INFO  server.GrpcServicesImpl (ConfUtils.java:logGet(62)) - raft.grpc.flow.control.window = 5MB (=5242880) (custom)
2025-07-14 15:00:04,153 [main] INFO  server.RaftServerConfigKeys (ConfUtils.java:logGet(62)) - raft.server.log.appender.buffer.byte-limit = 33554432 (custom)
2025-07-14 15:00:04,153 [ac481237-f71e-4eeb-9120-a6c52bf83f13-EndpointStateMachineTaskThread-/0.0.0.0:15002-0 ] INFO  utils.DatanodeStoreCache (DatanodeStoreCache.java:addDB(70)) - Added db /home/runner/work/ozone/ozone/hadoop-ozone/integration-test/target/test-dir/MiniOzoneClusterImpl-aaa7dc72-7fbf-48e0-acc5-129182712624/ozone-meta/datanode-7/data-0/hdds/aaa7dc72-7fbf-48e0-acc5-129182712624/DS-1c5aa974-0cec-494d-9938-8270a4c20b72/container.db to cache
2025-07-14 15:00:04,153 [ac481237-f71e-4eeb-9120-a6c52bf83f13-EndpointStateMachineTaskThread-/0.0.0.0:15002-0 ] INFO  volume.HddsVolume (HddsVolume.java:createDbStore(575)) - SchemaV3 db is created and loaded at /home/runner/work/ozone/ozone/hadoop-ozone/integration-test/target/test-dir/MiniOzoneClusterImpl-aaa7dc72-7fbf-48e0-acc5-129182712624/ozone-meta/datanode-7/data-0/hdds/aaa7dc72-7fbf-48e0-acc5-129182712624/DS-1c5aa974-0cec-494d-9938-8270a4c20b72/container.db for volume DS-1c5aa974-0cec-494d-9938-8270a4c20b72
2025-07-14 15:00:04,155 [main] INFO  netty.NettyUtils (NettyUtils.java:newEventLoopGroup(74)) - Create EpollEventLoopGroup for 9eaddddd-9b57-463b-ae7a-e3a77c744c69-NettyServerStreamRpc-bossGroup; Thread size is 0.
2025-07-14 15:00:04,156 [main] INFO  netty.NettyUtils (NettyUtils.java:newEventLoopGroup(74)) - Create EpollEventLoopGroup for 9eaddddd-9b57-463b-ae7a-e3a77c744c69-NettyServerStreamRpc-workerGroup; Thread size is 0.
2025-07-14 15:00:04,156 [ac481237-f71e-4eeb-9120-a6c52bf83f13-ContainerReader-0] INFO  ozoneimpl.ContainerReader (ContainerReader.java:readVolume(144)) - Start to verify containers on volume /home/runner/work/ozone/ozone/hadoop-ozone/integration-test/target/test-dir/MiniOzoneClusterImpl-aaa7dc72-7fbf-48e0-acc5-129182712624/ozone-meta/datanode-7/data-0/hdds
2025-07-14 15:00:04,156 [ac481237-f71e-4eeb-9120-a6c52bf83f13-ContainerReader-0] INFO  ozoneimpl.ContainerReader (ContainerReader.java:readVolume(174)) - Finish verifying containers on volume /home/runner/work/ozone/ozone/hadoop-ozone/integration-test/target/test-dir/MiniOzoneClusterImpl-aaa7dc72-7fbf-48e0-acc5-129182712624/ozone-meta/datanode-7/data-0/hdds
2025-07-14 15:00:04,156 [ac481237-f71e-4eeb-9120-a6c52bf83f13-EndpointStateMachineTaskThread-/0.0.0.0:15002-0 ] INFO  ozoneimpl.OzoneContainer (OzoneContainer.java:buildContainerSet(370)) - Build ContainerSet costs 0s
2025-07-14 15:00:04,156 [main] INFO  netty.NettyConfigKeys$DataStream (ConfUtils.java:logGet(62)) - raft.netty.dataStream.port = 15088 (custom)
2025-07-14 15:00:04,156 [ac481237-f71e-4eeb-9120-a6c52bf83f13-EndpointStateMachineTaskThread-/0.0.0.0:15002-0 ] INFO  volume.ThrottledAsyncChecker (ThrottledAsyncChecker.java:schedule(138)) - Scheduling a check for /home/runner/work/ozone/ozone/hadoop-ozone/integration-test/target/test-dir/MiniOzoneClusterImpl-aaa7dc72-7fbf-48e0-acc5-129182712624/ozone-meta/datanode-7/data-0/hdds
2025-07-14 15:00:04,157 [main] INFO  server.RaftServerConfigKeys (ConfUtils.java:logGet(62)) - raft.server.storage.dir = [/home/runner/work/ozone/ozone/hadoop-ozone/integration-test/target/test-dir/MiniOzoneClusterImpl-aaa7dc72-7fbf-48e0-acc5-129182712624/ozone-meta/datanode-10/ratis] (custom)
2025-07-14 15:00:04,157 [ac481237-f71e-4eeb-9120-a6c52bf83f13-EndpointStateMachineTaskThread-/0.0.0.0:15002-0 ] INFO  volume.StorageVolumeChecker (StorageVolumeChecker.java:checkAllVolumes(215)) - Scheduled health check for volume /home/runner/work/ozone/ozone/hadoop-ozone/integration-test/target/test-dir/MiniOzoneClusterImpl-aaa7dc72-7fbf-48e0-acc5-129182712624/ozone-meta/datanode-7/data-0/hdds
2025-07-14 15:00:04,157 [9eaddddd-9b57-463b-ae7a-e3a77c744c69-NettyServerStreamRpc-bossGroup--thread1] INFO  logging.LoggingHandler (AbstractInternalLogger.java:log(148)) - [id: 0x9cfa2d13] REGISTERED
2025-07-14 15:00:04,158 [9eaddddd-9b57-463b-ae7a-e3a77c744c69-NettyServerStreamRpc-bossGroup--thread1] INFO  logging.LoggingHandler (AbstractInternalLogger.java:log(148)) - [id: 0x9cfa2d13] BIND: 0.0.0.0/0.0.0.0:15088
2025-07-14 15:00:04,158 [9eaddddd-9b57-463b-ae7a-e3a77c744c69-NettyServerStreamRpc-bossGroup--thread1] INFO  logging.LoggingHandler (AbstractInternalLogger.java:log(148)) - [id: 0x9cfa2d13, L:/0.0.0.0:15088] ACTIVE
2025-07-14 15:00:04,158 [9eaddddd-9b57-463b-ae7a-e3a77c744c69-impl-thread1] INFO  server.RaftServer (RaftServerProxy.java:initGroupDir(270)) - 9eaddddd-9b57-463b-ae7a-e3a77c744c69: found a subdirectory /home/runner/work/ozone/ozone/hadoop-ozone/integration-test/target/test-dir/MiniOzoneClusterImpl-aaa7dc72-7fbf-48e0-acc5-129182712624/ozone-meta/datanode-10/ratis/tmp
2025-07-14 15:00:04,158 [9eaddddd-9b57-463b-ae7a-e3a77c744c69-impl-thread1] INFO  server.RaftServer (RaftServerProxy.java:initGroupDir(275)) - 9eaddddd-9b57-463b-ae7a-e3a77c744c69: The directory /home/runner/work/ozone/ozone/hadoop-ozone/integration-test/target/test-dir/MiniOzoneClusterImpl-aaa7dc72-7fbf-48e0-acc5-129182712624/ozone-meta/datanode-10/ratis/tmp is not a group directory; ignoring it. 
2025-07-14 15:00:04,158 [main] INFO  replication.ReplicationServer (ReplicationServer.java:<init>(84)) - Initializing replication server with thread count = 10 queue length = 4096
2025-07-14 15:00:04,159 [main] INFO  server.XceiverServerGrpc (XceiverServerGrpc.java:<init>(130)) - GrpcServer channel type EpollServerSocketChannel
2025-07-14 15:00:04,160 [ac481237-f71e-4eeb-9120-a6c52bf83f13-EndpointStateMachineTaskThread-/0.0.0.0:15002-0 ] INFO  volume.ThrottledAsyncChecker (ThrottledAsyncChecker.java:schedule(138)) - Scheduling a check for /home/runner/work/ozone/ozone/hadoop-ozone/integration-test/target/test-dir/MiniOzoneClusterImpl-aaa7dc72-7fbf-48e0-acc5-129182712624/ozone-meta/datanode-7/ratis
2025-07-14 15:00:04,160 [ac481237-f71e-4eeb-9120-a6c52bf83f13-EndpointStateMachineTaskThread-/0.0.0.0:15002-0 ] INFO  volume.StorageVolumeChecker (StorageVolumeChecker.java:checkAllVolumes(215)) - Scheduled health check for volume /home/runner/work/ozone/ozone/hadoop-ozone/integration-test/target/test-dir/MiniOzoneClusterImpl-aaa7dc72-7fbf-48e0-acc5-129182712624/ozone-meta/datanode-7/ratis
2025-07-14 15:00:04,161 [main] INFO  replication.ReplicationSupervisor (ReplicationSupervisor.java:build(169)) - Initializing replication supervisor with thread count = 10
2025-07-14 15:00:04,161 [main] INFO  replication.ReplicationSupervisor (ReplicationSupervisor.java:nodeStateUpdated(358)) - Node state updated to IN_SERVICE, scaling executor pool size to 10
2025-07-14 15:00:04,161 [ac481237-f71e-4eeb-9120-a6c52bf83f13-EndpointStateMachineTaskThread-/0.0.0.0:15002-0 ] INFO  ozoneimpl.OzoneContainer (OzoneContainer.java:start(520)) - Attempting to start container services.
2025-07-14 15:00:04,163 [ContainerMetadataScanner] INFO  ozoneimpl.AbstractBackgroundContainerScanner (AbstractBackgroundContainerScanner.java:runIteration(89)) - Completed an iteration in 0 minutes. Number of iterations (since the data-node restart) : 1, Number of containers scanned in this iteration : 0, Number of unhealthy containers found in this iteration : 0
2025-07-14 15:00:04,163 [ContainerDataScanner(/home/runner/work/ozone/ozone/hadoop-ozone/integration-test/target/test-dir/MiniOzoneClusterImpl-aaa7dc72-7fbf-48e0-acc5-129182712624/ozone-meta/datanode-7/data-0/hdds)] INFO  ozoneimpl.AbstractBackgroundContainerScanner (AbstractBackgroundContainerScanner.java:runIteration(89)) - Completed an iteration in 0 minutes. Number of iterations (since the data-node restart) : 1, Number of containers scanned in this iteration : 0, Number of unhealthy containers found in this iteration : 0
2025-07-14 15:00:04,163 [ac481237-f71e-4eeb-9120-a6c52bf83f13-EndpointStateMachineTaskThread-/0.0.0.0:15002-0 ] INFO  replication.ReplicationServer (ReplicationServer.java:start(137)) - ReplicationServer is started using port 15065
2025-07-14 15:00:04,163 [ac481237-f71e-4eeb-9120-a6c52bf83f13-EndpointStateMachineTaskThread-/0.0.0.0:15002-0 ] INFO  ratis.XceiverServerRatis (XceiverServerRatis.java:start(559)) - Starting XceiverServerRatis(ac481237-f71e-4eeb-9120-a6c52bf83f13)
2025-07-14 15:00:04,165 [main] INFO  http.BaseHttpServer (BaseHttpServer.java:newHttpServer2BuilderForOzone(229)) - Starting Web-server for hddsDatanode at: http://0.0.0.0:15082
2025-07-14 15:00:04,165 [main] INFO  http.BaseHttpServer (BaseHttpServer.java:<init>(107)) - Hadoop Security Enabled: false Ozone Security Enabled: false Ozone HTTP Security Enabled: false 
2025-07-14 15:00:04,166 [ac481237-f71e-4eeb-9120-a6c52bf83f13-EndpointStateMachineTaskThread-/0.0.0.0:15002-0 ] INFO  server.RaftServer (RaftServerProxy.java:startImpl(412)) - ac481237-f71e-4eeb-9120-a6c52bf83f13: start RPC server
2025-07-14 15:00:04,166 [ac481237-f71e-4eeb-9120-a6c52bf83f13-EndpointStateMachineTaskThread-/0.0.0.0:15002-0 ] INFO  server.GrpcServicesImpl (GrpcServicesImpl.java:startImpl(346)) - ac481237-f71e-4eeb-9120-a6c52bf83f13: GrpcServicesImpl started, listening on 15061
2025-07-14 15:00:04,167 [ac481237-f71e-4eeb-9120-a6c52bf83f13-EndpointStateMachineTaskThread-/0.0.0.0:15002-0 ] INFO  server.GrpcServicesImpl (GrpcServicesImpl.java:startImpl(346)) - ac481237-f71e-4eeb-9120-a6c52bf83f13: GrpcServicesImpl started, listening on 15063
2025-07-14 15:00:04,167 [ac481237-f71e-4eeb-9120-a6c52bf83f13-EndpointStateMachineTaskThread-/0.0.0.0:15002-0 ] INFO  server.GrpcServicesImpl (GrpcServicesImpl.java:startImpl(346)) - ac481237-f71e-4eeb-9120-a6c52bf83f13: GrpcServicesImpl started, listening on 15062
2025-07-14 15:00:04,167 [EventQueue-PipelineReportForOneReplicaPipelineSafeModeRule] INFO  safemode.SCMSafeModeManager (SCMSafeModeManager.java:validateSafeModeExitRules(138)) - AtleastOneDatanodeReportedRule rule is successfully validated
2025-07-14 15:00:04,168 [JvmPauseMonitor9] INFO  util.JvmPauseMonitor (JvmPauseMonitor.java:run(146)) - JvmPauseMonitor-ac481237-f71e-4eeb-9120-a6c52bf83f13: Started
2025-07-14 15:00:04,168 [ac481237-f71e-4eeb-9120-a6c52bf83f13-EndpointStateMachineTaskThread-/0.0.0.0:15002-0 ] INFO  ratis.XceiverServerRatis (XceiverServerRatis.java:getRealPort(586)) - XceiverServerRatis(ac481237-f71e-4eeb-9120-a6c52bf83f13) is started using port RATIS=15061
2025-07-14 15:00:04,168 [ac481237-f71e-4eeb-9120-a6c52bf83f13-EndpointStateMachineTaskThread-/0.0.0.0:15002-0 ] INFO  ratis.XceiverServerRatis (XceiverServerRatis.java:getRealPort(586)) - XceiverServerRatis(ac481237-f71e-4eeb-9120-a6c52bf83f13) is started using port RATIS_ADMIN=15062
2025-07-14 15:00:04,168 [ac481237-f71e-4eeb-9120-a6c52bf83f13-EndpointStateMachineTaskThread-/0.0.0.0:15002-0 ] INFO  ratis.XceiverServerRatis (XceiverServerRatis.java:getRealPort(586)) - XceiverServerRatis(ac481237-f71e-4eeb-9120-a6c52bf83f13) is started using port RATIS_SERVER=15063
2025-07-14 15:00:04,168 [ac481237-f71e-4eeb-9120-a6c52bf83f13-EndpointStateMachineTaskThread-/0.0.0.0:15002-0 ] INFO  ratis.XceiverServerRatis (XceiverServerRatis.java:getRealPort(586)) - XceiverServerRatis(ac481237-f71e-4eeb-9120-a6c52bf83f13) is started using port RATIS_DATASTREAM=15064
2025-07-14 15:00:04,168 [main] WARN  server.AuthenticationFilter (AuthenticationFilter.java:constructSecretProvider(240)) - Unable to initialize FileSignerSecretProvider, falling back to use random secrets. Reason: Could not read signature secret file: /home/runner/hadoop-http-auth-signature-secret
2025-07-14 15:00:04,170 [ac481237-f71e-4eeb-9120-a6c52bf83f13-EndpointStateMachineTaskThread-/0.0.0.0:15002-0 ] INFO  utils.BackgroundService (BackgroundService.java:start(118)) - Starting service BlockDeletingService with interval 60000 milliseconds
2025-07-14 15:00:04,170 [ac481237-f71e-4eeb-9120-a6c52bf83f13-EndpointStateMachineTaskThread-/0.0.0.0:15002-0 ] INFO  utils.BackgroundService (BackgroundService.java:start(118)) - Starting service StaleRecoveringContainerScrubbingService with interval 60000 milliseconds
2025-07-14 15:00:04,173 [main] INFO  http.HttpServer2 (HttpServer2.java:addGlobalFilter(1042)) - Added global filter 'safety' (class=org.apache.hadoop.hdds.server.http.HttpServer2$QuotingInputFilter)
2025-07-14 15:00:04,173 [main] INFO  http.HttpServer2 (HttpServer2.java:addFilter(1018)) - Added filter static_user_filter (class=org.apache.hadoop.http.lib.StaticUserWebFilter$StaticUserFilter) to context hddsDatanode
2025-07-14 15:00:04,174 [main] INFO  http.HttpServer2 (HttpServer2.java:addFilter(1026)) - Added filter static_user_filter (class=org.apache.hadoop.http.lib.StaticUserWebFilter$StaticUserFilter) to context logs
2025-07-14 15:00:04,174 [main] INFO  http.HttpServer2 (HttpServer2.java:addFilter(1026)) - Added filter static_user_filter (class=org.apache.hadoop.http.lib.StaticUserWebFilter$StaticUserFilter) to context static
2025-07-14 15:00:04,174 [main] INFO  http.BaseHttpServer (BaseHttpServer.java:<init>(195)) - HTTP server of hddsDatanode uses base directory /home/runner/work/ozone/ozone/hadoop-ozone/integration-test/target/test-dir/MiniOzoneClusterImpl-aaa7dc72-7fbf-48e0-acc5-129182712624/ozone-meta/datanode-10/meta/webserver
2025-07-14 15:00:04,174 [main] INFO  http.HttpServer2 (HttpServer2.java:bindListener(1242)) - Jetty bound to port 15082
2025-07-14 15:00:04,175 [main] INFO  server.Server (Server.java:doStart(375)) - jetty-9.4.57.v20241219; built: 2025-01-08T21:24:30.412Z; git: df524e6b29271c2e09ba9aea83c18dc9db464a31; jvm 21.0.7+6-LTS
2025-07-14 15:00:04,176 [main] INFO  server.session (DefaultSessionIdManager.java:doStart(334)) - DefaultSessionIdManager workerName=node0
2025-07-14 15:00:04,177 [main] INFO  server.session (DefaultSessionIdManager.java:doStart(339)) - No SessionScavenger set, using defaults
2025-07-14 15:00:04,177 [main] INFO  server.session (HouseKeeper.java:startScavenging(132)) - node0 Scavenging every 600000ms
2025-07-14 15:00:04,177 [main] INFO  handler.ContextHandler (ContextHandler.java:doStart(921)) - Started o.e.j.s.ServletContextHandler@7a2e996c{logs,/logs,file:///home/runner/work/ozone/ozone/hadoop-ozone/integration-test/target/log,AVAILABLE}
2025-07-14 15:00:04,178 [main] INFO  handler.ContextHandler (ContextHandler.java:doStart(921)) - Started o.e.j.s.ServletContextHandler@7fca1531{static,/static,jar:file:/home/runner/work/ozone/ozone/hadoop-hdds/container-service/target/hdds-container-service-2.1.0-SNAPSHOT.jar!/webapps/static,AVAILABLE}
2025-07-14 15:00:04,205 [EventQueue-PipelineReportForOneReplicaPipelineSafeModeRule] INFO  safemode.SCMSafeModeManager (SCMSafeModeManager.java:validateSafeModeExitRules(138)) - AtleastOneDatanodeReportedRule rule is successfully validated
2025-07-14 15:00:04,262 [EventQueue-PipelineReportForOneReplicaPipelineSafeModeRule] INFO  safemode.SCMSafeModeManager (SCMSafeModeManager.java:validateSafeModeExitRules(138)) - AtleastOneDatanodeReportedRule rule is successfully validated
2025-07-14 15:00:04,339 [main] INFO  handler.ContextHandler (ContextHandler.java:doStart(921)) - Started o.e.j.w.WebAppContext@65786553{hddsDatanode,/,file:///home/runner/work/ozone/ozone/hadoop-ozone/integration-test/target/test-dir/MiniOzoneClusterImpl-aaa7dc72-7fbf-48e0-acc5-129182712624/ozone-meta/datanode-10/meta/webserver/jetty-0_0_0_0-15082-hdds-container-service-2_1_0-SNAPSHOT_jar-_-any-11502838599038438890/webapp/,AVAILABLE}{jar:file:/home/runner/work/ozone/ozone/hadoop-hdds/container-service/target/hdds-container-service-2.1.0-SNAPSHOT.jar!/webapps/hddsDatanode}
2025-07-14 15:00:04,340 [main] INFO  server.AbstractConnector (AbstractConnector.java:doStart(333)) - Started ServerConnector@23ece5f3{HTTP/1.1, (http/1.1)}{0.0.0.0:15082}
2025-07-14 15:00:04,340 [main] INFO  server.Server (Server.java:doStart(415)) - Started @13904ms
2025-07-14 15:00:04,340 [main] WARN  impl.MetricsSystemImpl (MetricsSystemImpl.java:register(279)) - Sink prometheus already exists!
2025-07-14 15:00:04,340 [main] INFO  http.BaseHttpServer (BaseHttpServer.java:updateConnectorAddress(359)) - HTTP server of hddsDatanode listening at http://localhost:15082
2025-07-14 15:00:04,341 [main] INFO  ipc.CallQueueManager (CallQueueManager.java:<init>(93)) - Using callQueue: class java.util.concurrent.LinkedBlockingQueue, queueCapacity: 1000, scheduler: class org.apache.hadoop.ipc.DefaultRpcScheduler, ipcBackoff: false, ipcFailOver: false.
2025-07-14 15:00:04,341 [main] INFO  ipc.Server (Server.java:<init>(1438)) - Listener at 0.0.0.0:15083
2025-07-14 15:00:04,341 [Socket Reader #1 for port 15083] INFO  ipc.Server (Server.java:run(1474)) - Starting Socket Reader #1 for port 15083
2025-07-14 15:00:04,341 [Socket Reader #2 for port 15083] INFO  ipc.Server (Server.java:run(1474)) - Starting Socket Reader #2 for port 15083
2025-07-14 15:00:04,342 [Socket Reader #3 for port 15083] INFO  ipc.Server (Server.java:run(1474)) - Starting Socket Reader #3 for port 15083
2025-07-14 15:00:04,342 [Socket Reader #4 for port 15083] INFO  ipc.Server (Server.java:run(1474)) - Starting Socket Reader #4 for port 15083
2025-07-14 15:00:04,342 [Socket Reader #5 for port 15083] INFO  ipc.Server (Server.java:run(1474)) - Starting Socket Reader #5 for port 15083
2025-07-14 15:00:04,342 [Socket Reader #6 for port 15083] INFO  ipc.Server (Server.java:run(1474)) - Starting Socket Reader #6 for port 15083
2025-07-14 15:00:04,342 [Socket Reader #7 for port 15083] INFO  ipc.Server (Server.java:run(1474)) - Starting Socket Reader #7 for port 15083
2025-07-14 15:00:04,342 [Socket Reader #8 for port 15083] INFO  ipc.Server (Server.java:run(1474)) - Starting Socket Reader #8 for port 15083
2025-07-14 15:00:04,343 [Socket Reader #9 for port 15083] INFO  ipc.Server (Server.java:run(1474)) - Starting Socket Reader #9 for port 15083
2025-07-14 15:00:04,343 [Socket Reader #10 for port 15083] INFO  ipc.Server (Server.java:run(1474)) - Starting Socket Reader #10 for port 15083
2025-07-14 15:00:04,344 [main] INFO  ozone.HddsDatanodeService (HddsDatanodeService.java:start(333)) - Datanode start with admins: [admin, runner]
2025-07-14 15:00:04,345 [main] INFO  ozone.HddsDatanodeClientProtocolServer (HddsDatanodeClientProtocolServer.java:start(76)) - RPC server for Client /0.0.0.0:15083
2025-07-14 15:00:04,345 [IPC Server Responder] INFO  ipc.Server (Server.java:run(1713)) - IPC Server Responder: starting
2025-07-14 15:00:04,345 [IPC Server listener on 15083] INFO  ipc.Server (Server.java:run(1553)) - IPC Server listener on 15083: starting
2025-07-14 15:00:04,348 [9eaddddd-9b57-463b-ae7a-e3a77c744c69-DatanodeStateMachineDaemonThread] INFO  statemachine.DatanodeStateMachine (DatanodeStateMachine.java:startStateMachineThread(347)) - Ozone container server started.
2025-07-14 15:00:04,348 [IPC Server handler 29 on default port 15002] INFO  net.NetworkTopologyImpl (NetworkTopologyImpl.java:add(133)) - Added a new node: /default-rack/52f0bf1a-a22c-4dfc-83f0-dd23f5b60a86
2025-07-14 15:00:04,349 [IPC Server handler 29 on default port 15002] INFO  node.SCMNodeManager (SCMNodeManager.java:register(423)) - Registered datanode: 52f0bf1a-a22c-4dfc-83f0-dd23f5b60a86{ip: 127.0.0.1, host: localhost, ports: [HTTP=15050, CLIENT_RPC=15051, REPLICATION=15057, RATIS=15053, RATIS_ADMIN=15054, RATIS_SERVER=15055, RATIS_DATASTREAM=15056, STANDALONE=15052], networkLocation: /default-rack, certSerialId: null, persistedOpState: null, persistedOpStateExpiryEpochSec: 0}
2025-07-14 15:00:04,349 [EventQueue-PipelineReportForOneReplicaPipelineSafeModeRule] INFO  safemode.SCMSafeModeManager (SCMSafeModeManager.java:validateSafeModeExitRules(138)) - AtleastOneDatanodeReportedRule rule is successfully validated
2025-07-14 15:00:04,349 [EventQueue-ContainerRegistrationReportForECContainerSafeModeRule] INFO  safemode.SCMSafeModeManager (SCMSafeModeManager.java:validateSafeModeExitRules(138)) - ECContainerSafeModeRule rule is successfully validated
2025-07-14 15:00:04,349 [EventQueue-ContainerRegistrationReportForRatisContainerSafeModeRule] INFO  safemode.SCMSafeModeManager (SCMSafeModeManager.java:validateSafeModeExitRules(138)) - RatisContainerSafeModeRule rule is successfully validated
2025-07-14 15:00:04,349 [EventQueue-NodeRegistrationContainerReportForDataNodeSafeModeRule] INFO  safemode.SCMSafeModeManager (SCMSafeModeManager.java:validateSafeModeExitRules(138)) - DataNodeSafeModeRule rule is successfully validated
2025-07-14 15:00:04,350 [EventQueue-NewNodeForNewNodeHandler] INFO  pipeline.BackgroundPipelineCreator (BackgroundPipelineCreator.java:notifyEventTriggered(290)) - trigger a one-shot run on RatisPipelineUtilsThread.
2025-07-14 15:00:04,350 [RatisPipelineUtilsThread-0] INFO  pipeline.RatisPipelineProvider (RatisPipelineProvider.java:lambda$create$0(208)) - Sending CreatePipelineCommand for pipeline:Pipeline-ca12a5eb-3b33-4a0a-8a4c-2f337a05641a to datanode:52f0bf1a-a22c-4dfc-83f0-dd23f5b60a86(localhost/127.0.0.1)
2025-07-14 15:00:04,351 [main] INFO  ozone.MiniOzoneClusterImpl (MiniOzoneClusterImpl.java:lambda$waitForClusterToBeReady$0(173)) - Waiting for nodes to be ready. Got 6 of 10 DN Heartbeats.
2025-07-14 15:00:04,351 [main] INFO  ozone.MiniOzoneClusterImpl (MiniOzoneClusterImpl.java:lambda$waitForClusterToBeReady$0(176)) - Waiting for cluster to exit safe mode
2025-07-14 15:00:04,351 [main] INFO  ozone.MiniOzoneClusterImpl (MiniOzoneClusterImpl.java:lambda$waitForClusterToBeReady$0(178)) - SCM became leader
2025-07-14 15:00:04,352 [9eaddddd-9b57-463b-ae7a-e3a77c744c69-DatanodeStateMachineTaskThread-0] INFO  datanode.InitDatanodeState (InitDatanodeState.java:persistContainerDatanodeDetails(139)) - DatanodeDetails is persisted to /home/runner/work/ozone/ozone/hadoop-ozone/integration-test/target/test-dir/MiniOzoneClusterImpl-aaa7dc72-7fbf-48e0-acc5-129182712624/ozone-meta/datanode-10/meta/datanode.id
2025-07-14 15:00:04,353 [e9aa665b-a6cb-4a48-961e-4c04ffb0bb5a@group-129182712624-StateMachineUpdater] INFO  safemode.SCMSafeModeManager (SCMSafeModeManager.java:validateSafeModeExitRules(138)) - DataNodeSafeModeRule rule is successfully validated
2025-07-14 15:00:04,353 [e9aa665b-a6cb-4a48-961e-4c04ffb0bb5a@group-129182712624-StateMachineUpdater] INFO  safemode.SCMSafeModeManager (SCMSafeModeManager.java:validateSafeModeExitRules(138)) - RatisContainerSafeModeRule rule is successfully validated
2025-07-14 15:00:04,354 [e9aa665b-a6cb-4a48-961e-4c04ffb0bb5a@group-129182712624-StateMachineUpdater] INFO  safemode.HealthyPipelineSafeModeRule (HealthyPipelineSafeModeRule.java:initializeRule(228)) - Refreshed total pipeline count is 0, healthy pipeline threshold count is 1
2025-07-14 15:00:04,354 [e9aa665b-a6cb-4a48-961e-4c04ffb0bb5a@group-129182712624-StateMachineUpdater] INFO  safemode.SCMSafeModeManager (SCMSafeModeManager.java:validateSafeModeExitRules(138)) - ECContainerSafeModeRule rule is successfully validated
2025-07-14 15:00:04,354 [e9aa665b-a6cb-4a48-961e-4c04ffb0bb5a@group-129182712624-StateMachineUpdater] INFO  safemode.SCMSafeModeManager (SCMSafeModeManager.java:validateSafeModeExitRules(138)) - AtleastOneDatanodeReportedRule rule is successfully validated
2025-07-14 15:00:04,354 [RatisPipelineUtilsThread-0] INFO  pipeline.BackgroundPipelineCreator (BackgroundPipelineCreator.java:createPipelines(246)) - Created new pipeline Pipeline{ Id: ca12a5eb-3b33-4a0a-8a4c-2f337a05641a, Nodes: [ {52f0bf1a-a22c-4dfc-83f0-dd23f5b60a86(localhost/127.0.0.1), ReplicaIndex: 0},], ReplicationConfig: RATIS/ONE, State:ALLOCATED, leaderId:, CreationTimestamp2025-07-14T15:00:04.350529622Z[Etc/UTC]}
2025-07-14 15:00:04,355 [RatisPipelineUtilsThread-0] INFO  pipeline.RatisPipelineProvider (RatisPipelineProvider.java:lambda$create$0(208)) - Sending CreatePipelineCommand for pipeline:Pipeline-955d2a46-e184-48bd-86c8-b771f555dc8d to datanode:a505560f-c589-4eb5-89aa-a89970ae9358(localhost/127.0.0.1)
2025-07-14 15:00:04,355 [RatisPipelineUtilsThread-0] INFO  pipeline.RatisPipelineProvider (RatisPipelineProvider.java:lambda$create$0(208)) - Sending CreatePipelineCommand for pipeline:Pipeline-955d2a46-e184-48bd-86c8-b771f555dc8d to datanode:52f0bf1a-a22c-4dfc-83f0-dd23f5b60a86(localhost/127.0.0.1)
2025-07-14 15:00:04,355 [RatisPipelineUtilsThread-0] INFO  pipeline.RatisPipelineProvider (RatisPipelineProvider.java:lambda$create$0(208)) - Sending CreatePipelineCommand for pipeline:Pipeline-955d2a46-e184-48bd-86c8-b771f555dc8d to datanode:77d16558-8a68-4655-9235-107e22ba3c38(localhost/127.0.0.1)
2025-07-14 15:00:04,357 [e9aa665b-a6cb-4a48-961e-4c04ffb0bb5a@group-129182712624-StateMachineUpdater] INFO  safemode.SCMSafeModeManager (SCMSafeModeManager.java:validateSafeModeExitRules(138)) - DataNodeSafeModeRule rule is successfully validated
2025-07-14 15:00:04,357 [e9aa665b-a6cb-4a48-961e-4c04ffb0bb5a@group-129182712624-StateMachineUpdater] INFO  safemode.SCMSafeModeManager (SCMSafeModeManager.java:validateSafeModeExitRules(138)) - RatisContainerSafeModeRule rule is successfully validated
2025-07-14 15:00:04,357 [e9aa665b-a6cb-4a48-961e-4c04ffb0bb5a@group-129182712624-StateMachineUpdater] INFO  safemode.HealthyPipelineSafeModeRule (HealthyPipelineSafeModeRule.java:initializeRule(228)) - Refreshed total pipeline count is 0, healthy pipeline threshold count is 1
2025-07-14 15:00:04,357 [e9aa665b-a6cb-4a48-961e-4c04ffb0bb5a@group-129182712624-StateMachineUpdater] INFO  safemode.SCMSafeModeManager (SCMSafeModeManager.java:validateSafeModeExitRules(138)) - ECContainerSafeModeRule rule is successfully validated
2025-07-14 15:00:04,357 [e9aa665b-a6cb-4a48-961e-4c04ffb0bb5a@group-129182712624-StateMachineUpdater] INFO  safemode.SCMSafeModeManager (SCMSafeModeManager.java:validateSafeModeExitRules(138)) - AtleastOneDatanodeReportedRule rule is successfully validated
2025-07-14 15:00:04,358 [RatisPipelineUtilsThread-0] INFO  pipeline.BackgroundPipelineCreator (BackgroundPipelineCreator.java:createPipelines(246)) - Created new pipeline Pipeline{ Id: 955d2a46-e184-48bd-86c8-b771f555dc8d, Nodes: [ {a505560f-c589-4eb5-89aa-a89970ae9358(localhost/127.0.0.1), ReplicaIndex: 0}, {52f0bf1a-a22c-4dfc-83f0-dd23f5b60a86(localhost/127.0.0.1), ReplicaIndex: 0}, {77d16558-8a68-4655-9235-107e22ba3c38(localhost/127.0.0.1), ReplicaIndex: 0},], ReplicationConfig: RATIS/THREE, State:ALLOCATED, leaderId:, CreationTimestamp2025-07-14T15:00:04.355006670Z[Etc/UTC]}
2025-07-14 15:00:04,359 [RatisPipelineUtilsThread-0] INFO  pipeline.RatisPipelineProvider (RatisPipelineProvider.java:lambda$create$0(208)) - Sending CreatePipelineCommand for pipeline:Pipeline-a63a7d38-be8c-449b-928f-66ea1a40b3a7 to datanode:52f0bf1a-a22c-4dfc-83f0-dd23f5b60a86(localhost/127.0.0.1)
2025-07-14 15:00:04,359 [RatisPipelineUtilsThread-0] INFO  pipeline.RatisPipelineProvider (RatisPipelineProvider.java:lambda$create$0(208)) - Sending CreatePipelineCommand for pipeline:Pipeline-a63a7d38-be8c-449b-928f-66ea1a40b3a7 to datanode:77d16558-8a68-4655-9235-107e22ba3c38(localhost/127.0.0.1)
2025-07-14 15:00:04,359 [RatisPipelineUtilsThread-0] INFO  pipeline.RatisPipelineProvider (RatisPipelineProvider.java:lambda$create$0(208)) - Sending CreatePipelineCommand for pipeline:Pipeline-a63a7d38-be8c-449b-928f-66ea1a40b3a7 to datanode:a505560f-c589-4eb5-89aa-a89970ae9358(localhost/127.0.0.1)
2025-07-14 15:00:04,361 [e9aa665b-a6cb-4a48-961e-4c04ffb0bb5a@group-129182712624-StateMachineUpdater] INFO  safemode.SCMSafeModeManager (SCMSafeModeManager.java:validateSafeModeExitRules(138)) - DataNodeSafeModeRule rule is successfully validated
2025-07-14 15:00:04,361 [e9aa665b-a6cb-4a48-961e-4c04ffb0bb5a@group-129182712624-StateMachineUpdater] INFO  safemode.SCMSafeModeManager (SCMSafeModeManager.java:validateSafeModeExitRules(138)) - RatisContainerSafeModeRule rule is successfully validated
2025-07-14 15:00:04,361 [e9aa665b-a6cb-4a48-961e-4c04ffb0bb5a@group-129182712624-StateMachineUpdater] INFO  safemode.HealthyPipelineSafeModeRule (HealthyPipelineSafeModeRule.java:initializeRule(228)) - Refreshed total pipeline count is 0, healthy pipeline threshold count is 1
2025-07-14 15:00:04,361 [e9aa665b-a6cb-4a48-961e-4c04ffb0bb5a@group-129182712624-StateMachineUpdater] INFO  safemode.SCMSafeModeManager (SCMSafeModeManager.java:validateSafeModeExitRules(138)) - ECContainerSafeModeRule rule is successfully validated
2025-07-14 15:00:04,361 [e9aa665b-a6cb-4a48-961e-4c04ffb0bb5a@group-129182712624-StateMachineUpdater] INFO  safemode.SCMSafeModeManager (SCMSafeModeManager.java:validateSafeModeExitRules(138)) - AtleastOneDatanodeReportedRule rule is successfully validated
2025-07-14 15:00:04,362 [RatisPipelineUtilsThread-0] INFO  pipeline.PipelineManagerImpl (PipelineManagerImpl.java:recordMetricsForPipeline(922)) - Pipeline-a63a7d38-be8c-449b-928f-66ea1a40b3a7 and Pipeline-955d2a46-e184-48bd-86c8-b771f555dc8d have exactly the same set of datanodes: [52f0bf1a-a22c-4dfc-83f0-dd23f5b60a86(localhost/127.0.0.1), 77d16558-8a68-4655-9235-107e22ba3c38(localhost/127.0.0.1), a505560f-c589-4eb5-89aa-a89970ae9358(localhost/127.0.0.1)]
2025-07-14 15:00:04,362 [RatisPipelineUtilsThread-0] INFO  pipeline.BackgroundPipelineCreator (BackgroundPipelineCreator.java:createPipelines(246)) - Created new pipeline Pipeline{ Id: a63a7d38-be8c-449b-928f-66ea1a40b3a7, Nodes: [ {52f0bf1a-a22c-4dfc-83f0-dd23f5b60a86(localhost/127.0.0.1), ReplicaIndex: 0}, {77d16558-8a68-4655-9235-107e22ba3c38(localhost/127.0.0.1), ReplicaIndex: 0}, {a505560f-c589-4eb5-89aa-a89970ae9358(localhost/127.0.0.1), ReplicaIndex: 0},], ReplicationConfig: RATIS/THREE, State:ALLOCATED, leaderId:, CreationTimestamp2025-07-14T15:00:04.359242900Z[Etc/UTC]}
2025-07-14 15:00:04,391 [89a738d3-0145-4b42-8b1b-b5be9f604b49-EndpointStateMachineTaskThread-/0.0.0.0:15002-0 ] INFO  utils.DatanodeStoreCache (DatanodeStoreCache.java:addDB(70)) - Added db /home/runner/work/ozone/ozone/hadoop-ozone/integration-test/target/test-dir/MiniOzoneClusterImpl-aaa7dc72-7fbf-48e0-acc5-129182712624/ozone-meta/datanode-8/data-0/hdds/aaa7dc72-7fbf-48e0-acc5-129182712624/DS-110da338-196d-4995-b436-65e1d6352642/container.db to cache
2025-07-14 15:00:04,392 [89a738d3-0145-4b42-8b1b-b5be9f604b49-EndpointStateMachineTaskThread-/0.0.0.0:15002-0 ] INFO  volume.HddsVolume (HddsVolume.java:createDbStore(575)) - SchemaV3 db is created and loaded at /home/runner/work/ozone/ozone/hadoop-ozone/integration-test/target/test-dir/MiniOzoneClusterImpl-aaa7dc72-7fbf-48e0-acc5-129182712624/ozone-meta/datanode-8/data-0/hdds/aaa7dc72-7fbf-48e0-acc5-129182712624/DS-110da338-196d-4995-b436-65e1d6352642/container.db for volume DS-110da338-196d-4995-b436-65e1d6352642
2025-07-14 15:00:04,394 [89a738d3-0145-4b42-8b1b-b5be9f604b49-ContainerReader-0] INFO  ozoneimpl.ContainerReader (ContainerReader.java:readVolume(144)) - Start to verify containers on volume /home/runner/work/ozone/ozone/hadoop-ozone/integration-test/target/test-dir/MiniOzoneClusterImpl-aaa7dc72-7fbf-48e0-acc5-129182712624/ozone-meta/datanode-8/data-0/hdds
2025-07-14 15:00:04,394 [89a738d3-0145-4b42-8b1b-b5be9f604b49-ContainerReader-0] INFO  ozoneimpl.ContainerReader (ContainerReader.java:readVolume(174)) - Finish verifying containers on volume /home/runner/work/ozone/ozone/hadoop-ozone/integration-test/target/test-dir/MiniOzoneClusterImpl-aaa7dc72-7fbf-48e0-acc5-129182712624/ozone-meta/datanode-8/data-0/hdds
2025-07-14 15:00:04,394 [89a738d3-0145-4b42-8b1b-b5be9f604b49-EndpointStateMachineTaskThread-/0.0.0.0:15002-0 ] INFO  ozoneimpl.OzoneContainer (OzoneContainer.java:buildContainerSet(370)) - Build ContainerSet costs 0s
2025-07-14 15:00:04,394 [89a738d3-0145-4b42-8b1b-b5be9f604b49-EndpointStateMachineTaskThread-/0.0.0.0:15002-0 ] INFO  volume.ThrottledAsyncChecker (ThrottledAsyncChecker.java:schedule(138)) - Scheduling a check for /home/runner/work/ozone/ozone/hadoop-ozone/integration-test/target/test-dir/MiniOzoneClusterImpl-aaa7dc72-7fbf-48e0-acc5-129182712624/ozone-meta/datanode-8/data-0/hdds
2025-07-14 15:00:04,395 [89a738d3-0145-4b42-8b1b-b5be9f604b49-EndpointStateMachineTaskThread-/0.0.0.0:15002-0 ] INFO  volume.StorageVolumeChecker (StorageVolumeChecker.java:checkAllVolumes(215)) - Scheduled health check for volume /home/runner/work/ozone/ozone/hadoop-ozone/integration-test/target/test-dir/MiniOzoneClusterImpl-aaa7dc72-7fbf-48e0-acc5-129182712624/ozone-meta/datanode-8/data-0/hdds
2025-07-14 15:00:04,398 [89a738d3-0145-4b42-8b1b-b5be9f604b49-EndpointStateMachineTaskThread-/0.0.0.0:15002-0 ] INFO  volume.ThrottledAsyncChecker (ThrottledAsyncChecker.java:schedule(138)) - Scheduling a check for /home/runner/work/ozone/ozone/hadoop-ozone/integration-test/target/test-dir/MiniOzoneClusterImpl-aaa7dc72-7fbf-48e0-acc5-129182712624/ozone-meta/datanode-8/ratis
2025-07-14 15:00:04,398 [89a738d3-0145-4b42-8b1b-b5be9f604b49-EndpointStateMachineTaskThread-/0.0.0.0:15002-0 ] INFO  volume.StorageVolumeChecker (StorageVolumeChecker.java:checkAllVolumes(215)) - Scheduled health check for volume /home/runner/work/ozone/ozone/hadoop-ozone/integration-test/target/test-dir/MiniOzoneClusterImpl-aaa7dc72-7fbf-48e0-acc5-129182712624/ozone-meta/datanode-8/ratis
2025-07-14 15:00:04,399 [89a738d3-0145-4b42-8b1b-b5be9f604b49-EndpointStateMachineTaskThread-/0.0.0.0:15002-0 ] INFO  ozoneimpl.OzoneContainer (OzoneContainer.java:start(520)) - Attempting to start container services.
2025-07-14 15:00:04,399 [ContainerMetadataScanner] INFO  ozoneimpl.AbstractBackgroundContainerScanner (AbstractBackgroundContainerScanner.java:runIteration(89)) - Completed an iteration in 0 minutes. Number of iterations (since the data-node restart) : 1, Number of containers scanned in this iteration : 0, Number of unhealthy containers found in this iteration : 0
2025-07-14 15:00:04,400 [ContainerDataScanner(/home/runner/work/ozone/ozone/hadoop-ozone/integration-test/target/test-dir/MiniOzoneClusterImpl-aaa7dc72-7fbf-48e0-acc5-129182712624/ozone-meta/datanode-8/data-0/hdds)] INFO  ozoneimpl.AbstractBackgroundContainerScanner (AbstractBackgroundContainerScanner.java:runIteration(89)) - Completed an iteration in 0 minutes. Number of iterations (since the data-node restart) : 1, Number of containers scanned in this iteration : 0, Number of unhealthy containers found in this iteration : 0
2025-07-14 15:00:04,400 [89a738d3-0145-4b42-8b1b-b5be9f604b49-EndpointStateMachineTaskThread-/0.0.0.0:15002-0 ] INFO  replication.ReplicationServer (ReplicationServer.java:start(137)) - ReplicationServer is started using port 15073
2025-07-14 15:00:04,400 [89a738d3-0145-4b42-8b1b-b5be9f604b49-EndpointStateMachineTaskThread-/0.0.0.0:15002-0 ] INFO  ratis.XceiverServerRatis (XceiverServerRatis.java:start(559)) - Starting XceiverServerRatis(89a738d3-0145-4b42-8b1b-b5be9f604b49)
2025-07-14 15:00:04,401 [89a738d3-0145-4b42-8b1b-b5be9f604b49-EndpointStateMachineTaskThread-/0.0.0.0:15002-0 ] INFO  server.RaftServer (RaftServerProxy.java:startImpl(412)) - 89a738d3-0145-4b42-8b1b-b5be9f604b49: start RPC server
2025-07-14 15:00:04,402 [89a738d3-0145-4b42-8b1b-b5be9f604b49-EndpointStateMachineTaskThread-/0.0.0.0:15002-0 ] INFO  server.GrpcServicesImpl (GrpcServicesImpl.java:startImpl(346)) - 89a738d3-0145-4b42-8b1b-b5be9f604b49: GrpcServicesImpl started, listening on 15069
2025-07-14 15:00:04,402 [89a738d3-0145-4b42-8b1b-b5be9f604b49-EndpointStateMachineTaskThread-/0.0.0.0:15002-0 ] INFO  server.GrpcServicesImpl (GrpcServicesImpl.java:startImpl(346)) - 89a738d3-0145-4b42-8b1b-b5be9f604b49: GrpcServicesImpl started, listening on 15071
2025-07-14 15:00:04,402 [89a738d3-0145-4b42-8b1b-b5be9f604b49-EndpointStateMachineTaskThread-/0.0.0.0:15002-0 ] INFO  server.GrpcServicesImpl (GrpcServicesImpl.java:startImpl(346)) - 89a738d3-0145-4b42-8b1b-b5be9f604b49: GrpcServicesImpl started, listening on 15070
2025-07-14 15:00:04,403 [89a738d3-0145-4b42-8b1b-b5be9f604b49-EndpointStateMachineTaskThread-/0.0.0.0:15002-0 ] INFO  ratis.XceiverServerRatis (XceiverServerRatis.java:getRealPort(586)) - XceiverServerRatis(89a738d3-0145-4b42-8b1b-b5be9f604b49) is started using port RATIS=15069
2025-07-14 15:00:04,403 [89a738d3-0145-4b42-8b1b-b5be9f604b49-EndpointStateMachineTaskThread-/0.0.0.0:15002-0 ] INFO  ratis.XceiverServerRatis (XceiverServerRatis.java:getRealPort(586)) - XceiverServerRatis(89a738d3-0145-4b42-8b1b-b5be9f604b49) is started using port RATIS_ADMIN=15070
2025-07-14 15:00:04,403 [89a738d3-0145-4b42-8b1b-b5be9f604b49-EndpointStateMachineTaskThread-/0.0.0.0:15002-0 ] INFO  ratis.XceiverServerRatis (XceiverServerRatis.java:getRealPort(586)) - XceiverServerRatis(89a738d3-0145-4b42-8b1b-b5be9f604b49) is started using port RATIS_SERVER=15071
2025-07-14 15:00:04,403 [89a738d3-0145-4b42-8b1b-b5be9f604b49-EndpointStateMachineTaskThread-/0.0.0.0:15002-0 ] INFO  ratis.XceiverServerRatis (XceiverServerRatis.java:getRealPort(586)) - XceiverServerRatis(89a738d3-0145-4b42-8b1b-b5be9f604b49) is started using port RATIS_DATASTREAM=15072
2025-07-14 15:00:04,403 [JvmPauseMonitor10] INFO  util.JvmPauseMonitor (JvmPauseMonitor.java:run(146)) - JvmPauseMonitor-89a738d3-0145-4b42-8b1b-b5be9f604b49: Started
2025-07-14 15:00:04,404 [89a738d3-0145-4b42-8b1b-b5be9f604b49-EndpointStateMachineTaskThread-/0.0.0.0:15002-0 ] INFO  utils.BackgroundService (BackgroundService.java:start(118)) - Starting service BlockDeletingService with interval 60000 milliseconds
2025-07-14 15:00:04,404 [89a738d3-0145-4b42-8b1b-b5be9f604b49-EndpointStateMachineTaskThread-/0.0.0.0:15002-0 ] INFO  utils.BackgroundService (BackgroundService.java:start(118)) - Starting service StaleRecoveringContainerScrubbingService with interval 60000 milliseconds
2025-07-14 15:00:04,461 [EventQueue-PipelineReportForOneReplicaPipelineSafeModeRule] INFO  safemode.SCMSafeModeManager (SCMSafeModeManager.java:validateSafeModeExitRules(138)) - AtleastOneDatanodeReportedRule rule is successfully validated
2025-07-14 15:00:04,509 [EventQueue-PipelineReportForOneReplicaPipelineSafeModeRule] INFO  safemode.SCMSafeModeManager (SCMSafeModeManager.java:validateSafeModeExitRules(138)) - AtleastOneDatanodeReportedRule rule is successfully validated
2025-07-14 15:00:04,564 [EventQueue-PipelineReportForOneReplicaPipelineSafeModeRule] INFO  safemode.SCMSafeModeManager (SCMSafeModeManager.java:validateSafeModeExitRules(138)) - AtleastOneDatanodeReportedRule rule is successfully validated
2025-07-14 15:00:04,566 [EventQueue-PipelineReportForOneReplicaPipelineSafeModeRule] INFO  safemode.SCMSafeModeManager (SCMSafeModeManager.java:validateSafeModeExitRules(138)) - AtleastOneDatanodeReportedRule rule is successfully validated
2025-07-14 15:00:04,604 [EventQueue-PipelineReportForOneReplicaPipelineSafeModeRule] INFO  safemode.SCMSafeModeManager (SCMSafeModeManager.java:validateSafeModeExitRules(138)) - AtleastOneDatanodeReportedRule rule is successfully validated
2025-07-14 15:00:04,614 [IPC Server handler 14 on default port 15002] INFO  net.NetworkTopologyImpl (NetworkTopologyImpl.java:add(133)) - Added a new node: /default-rack/ac481237-f71e-4eeb-9120-a6c52bf83f13
2025-07-14 15:00:04,614 [IPC Server handler 14 on default port 15002] INFO  node.SCMNodeManager (SCMNodeManager.java:register(423)) - Registered datanode: ac481237-f71e-4eeb-9120-a6c52bf83f13{ip: 127.0.0.1, host: localhost, ports: [HTTP=15058, CLIENT_RPC=15059, REPLICATION=15065, RATIS=15061, RATIS_ADMIN=15062, RATIS_SERVER=15063, RATIS_DATASTREAM=15064, STANDALONE=15060], networkLocation: /default-rack, certSerialId: null, persistedOpState: null, persistedOpStateExpiryEpochSec: 0}
2025-07-14 15:00:04,614 [EventQueue-NodeRegistrationContainerReportForDataNodeSafeModeRule] INFO  safemode.SCMSafeModeManager (SCMSafeModeManager.java:validateSafeModeExitRules(138)) - DataNodeSafeModeRule rule is successfully validated
2025-07-14 15:00:04,615 [EventQueue-ContainerRegistrationReportForRatisContainerSafeModeRule] INFO  safemode.SCMSafeModeManager (SCMSafeModeManager.java:validateSafeModeExitRules(138)) - RatisContainerSafeModeRule rule is successfully validated
2025-07-14 15:00:04,615 [EventQueue-ContainerRegistrationReportForECContainerSafeModeRule] INFO  safemode.SCMSafeModeManager (SCMSafeModeManager.java:validateSafeModeExitRules(138)) - ECContainerSafeModeRule rule is successfully validated
2025-07-14 15:00:04,615 [EventQueue-NewNodeForNewNodeHandler] INFO  pipeline.BackgroundPipelineCreator (BackgroundPipelineCreator.java:notifyEventTriggered(290)) - trigger a one-shot run on RatisPipelineUtilsThread.
2025-07-14 15:00:04,615 [EventQueue-PipelineReportForOneReplicaPipelineSafeModeRule] INFO  safemode.SCMSafeModeManager (SCMSafeModeManager.java:validateSafeModeExitRules(138)) - AtleastOneDatanodeReportedRule rule is successfully validated
2025-07-14 15:00:04,615 [RatisPipelineUtilsThread-0] INFO  pipeline.RatisPipelineProvider (RatisPipelineProvider.java:lambda$create$0(208)) - Sending CreatePipelineCommand for pipeline:Pipeline-5dcf474b-d097-4e8b-9813-c5adc75aadf5 to datanode:ac481237-f71e-4eeb-9120-a6c52bf83f13(localhost/127.0.0.1)
2025-07-14 15:00:04,618 [e9aa665b-a6cb-4a48-961e-4c04ffb0bb5a@group-129182712624-StateMachineUpdater] INFO  safemode.SCMSafeModeManager (SCMSafeModeManager.java:validateSafeModeExitRules(138)) - DataNodeSafeModeRule rule is successfully validated
2025-07-14 15:00:04,618 [e9aa665b-a6cb-4a48-961e-4c04ffb0bb5a@group-129182712624-StateMachineUpdater] INFO  safemode.SCMSafeModeManager (SCMSafeModeManager.java:validateSafeModeExitRules(138)) - RatisContainerSafeModeRule rule is successfully validated
2025-07-14 15:00:04,618 [e9aa665b-a6cb-4a48-961e-4c04ffb0bb5a@group-129182712624-StateMachineUpdater] INFO  safemode.HealthyPipelineSafeModeRule (HealthyPipelineSafeModeRule.java:initializeRule(228)) - Refreshed total pipeline count is 0, healthy pipeline threshold count is 1
2025-07-14 15:00:04,618 [e9aa665b-a6cb-4a48-961e-4c04ffb0bb5a@group-129182712624-StateMachineUpdater] INFO  safemode.SCMSafeModeManager (SCMSafeModeManager.java:validateSafeModeExitRules(138)) - ECContainerSafeModeRule rule is successfully validated
2025-07-14 15:00:04,618 [e9aa665b-a6cb-4a48-961e-4c04ffb0bb5a@group-129182712624-StateMachineUpdater] INFO  safemode.SCMSafeModeManager (SCMSafeModeManager.java:validateSafeModeExitRules(138)) - AtleastOneDatanodeReportedRule rule is successfully validated
2025-07-14 15:00:04,618 [RatisPipelineUtilsThread-0] INFO  pipeline.BackgroundPipelineCreator (BackgroundPipelineCreator.java:createPipelines(246)) - Created new pipeline Pipeline{ Id: 5dcf474b-d097-4e8b-9813-c5adc75aadf5, Nodes: [ {ac481237-f71e-4eeb-9120-a6c52bf83f13(localhost/127.0.0.1), ReplicaIndex: 0},], ReplicationConfig: RATIS/ONE, State:ALLOCATED, leaderId:, CreationTimestamp2025-07-14T15:00:04.615810605Z[Etc/UTC]}
2025-07-14 15:00:04,631 [9eae2efb-1df6-4ce6-ae9d-8504348dafa1-EndpointStateMachineTaskThread-/0.0.0.0:15002-0 ] INFO  utils.DatanodeStoreCache (DatanodeStoreCache.java:addDB(70)) - Added db /home/runner/work/ozone/ozone/hadoop-ozone/integration-test/target/test-dir/MiniOzoneClusterImpl-aaa7dc72-7fbf-48e0-acc5-129182712624/ozone-meta/datanode-9/data-0/hdds/aaa7dc72-7fbf-48e0-acc5-129182712624/DS-d19e303e-a8cb-4df6-b549-e2b33401de27/container.db to cache
2025-07-14 15:00:04,631 [9eae2efb-1df6-4ce6-ae9d-8504348dafa1-EndpointStateMachineTaskThread-/0.0.0.0:15002-0 ] INFO  volume.HddsVolume (HddsVolume.java:createDbStore(575)) - SchemaV3 db is created and loaded at /home/runner/work/ozone/ozone/hadoop-ozone/integration-test/target/test-dir/MiniOzoneClusterImpl-aaa7dc72-7fbf-48e0-acc5-129182712624/ozone-meta/datanode-9/data-0/hdds/aaa7dc72-7fbf-48e0-acc5-129182712624/DS-d19e303e-a8cb-4df6-b549-e2b33401de27/container.db for volume DS-d19e303e-a8cb-4df6-b549-e2b33401de27
2025-07-14 15:00:04,633 [9eae2efb-1df6-4ce6-ae9d-8504348dafa1-ContainerReader-0] INFO  ozoneimpl.ContainerReader (ContainerReader.java:readVolume(144)) - Start to verify containers on volume /home/runner/work/ozone/ozone/hadoop-ozone/integration-test/target/test-dir/MiniOzoneClusterImpl-aaa7dc72-7fbf-48e0-acc5-129182712624/ozone-meta/datanode-9/data-0/hdds
2025-07-14 15:00:04,633 [9eae2efb-1df6-4ce6-ae9d-8504348dafa1-ContainerReader-0] INFO  ozoneimpl.ContainerReader (ContainerReader.java:readVolume(174)) - Finish verifying containers on volume /home/runner/work/ozone/ozone/hadoop-ozone/integration-test/target/test-dir/MiniOzoneClusterImpl-aaa7dc72-7fbf-48e0-acc5-129182712624/ozone-meta/datanode-9/data-0/hdds
2025-07-14 15:00:04,634 [9eae2efb-1df6-4ce6-ae9d-8504348dafa1-EndpointStateMachineTaskThread-/0.0.0.0:15002-0 ] INFO  ozoneimpl.OzoneContainer (OzoneContainer.java:buildContainerSet(370)) - Build ContainerSet costs 0s
2025-07-14 15:00:04,634 [9eae2efb-1df6-4ce6-ae9d-8504348dafa1-EndpointStateMachineTaskThread-/0.0.0.0:15002-0 ] INFO  volume.ThrottledAsyncChecker (ThrottledAsyncChecker.java:schedule(138)) - Scheduling a check for /home/runner/work/ozone/ozone/hadoop-ozone/integration-test/target/test-dir/MiniOzoneClusterImpl-aaa7dc72-7fbf-48e0-acc5-129182712624/ozone-meta/datanode-9/data-0/hdds
2025-07-14 15:00:04,634 [9eae2efb-1df6-4ce6-ae9d-8504348dafa1-EndpointStateMachineTaskThread-/0.0.0.0:15002-0 ] INFO  volume.StorageVolumeChecker (StorageVolumeChecker.java:checkAllVolumes(215)) - Scheduled health check for volume /home/runner/work/ozone/ozone/hadoop-ozone/integration-test/target/test-dir/MiniOzoneClusterImpl-aaa7dc72-7fbf-48e0-acc5-129182712624/ozone-meta/datanode-9/data-0/hdds
2025-07-14 15:00:04,637 [9eae2efb-1df6-4ce6-ae9d-8504348dafa1-EndpointStateMachineTaskThread-/0.0.0.0:15002-0 ] INFO  volume.ThrottledAsyncChecker (ThrottledAsyncChecker.java:schedule(138)) - Scheduling a check for /home/runner/work/ozone/ozone/hadoop-ozone/integration-test/target/test-dir/MiniOzoneClusterImpl-aaa7dc72-7fbf-48e0-acc5-129182712624/ozone-meta/datanode-9/ratis
2025-07-14 15:00:04,637 [9eae2efb-1df6-4ce6-ae9d-8504348dafa1-EndpointStateMachineTaskThread-/0.0.0.0:15002-0 ] INFO  volume.StorageVolumeChecker (StorageVolumeChecker.java:checkAllVolumes(215)) - Scheduled health check for volume /home/runner/work/ozone/ozone/hadoop-ozone/integration-test/target/test-dir/MiniOzoneClusterImpl-aaa7dc72-7fbf-48e0-acc5-129182712624/ozone-meta/datanode-9/ratis
2025-07-14 15:00:04,638 [9eae2efb-1df6-4ce6-ae9d-8504348dafa1-EndpointStateMachineTaskThread-/0.0.0.0:15002-0 ] INFO  ozoneimpl.OzoneContainer (OzoneContainer.java:start(520)) - Attempting to start container services.
2025-07-14 15:00:04,639 [ContainerMetadataScanner] INFO  ozoneimpl.AbstractBackgroundContainerScanner (AbstractBackgroundContainerScanner.java:runIteration(89)) - Completed an iteration in 0 minutes. Number of iterations (since the data-node restart) : 1, Number of containers scanned in this iteration : 0, Number of unhealthy containers found in this iteration : 0
2025-07-14 15:00:04,639 [ContainerDataScanner(/home/runner/work/ozone/ozone/hadoop-ozone/integration-test/target/test-dir/MiniOzoneClusterImpl-aaa7dc72-7fbf-48e0-acc5-129182712624/ozone-meta/datanode-9/data-0/hdds)] INFO  ozoneimpl.AbstractBackgroundContainerScanner (AbstractBackgroundContainerScanner.java:runIteration(89)) - Completed an iteration in 0 minutes. Number of iterations (since the data-node restart) : 1, Number of containers scanned in this iteration : 0, Number of unhealthy containers found in this iteration : 0
2025-07-14 15:00:04,640 [9eae2efb-1df6-4ce6-ae9d-8504348dafa1-EndpointStateMachineTaskThread-/0.0.0.0:15002-0 ] INFO  replication.ReplicationServer (ReplicationServer.java:start(137)) - ReplicationServer is started using port 15081
2025-07-14 15:00:04,640 [9eae2efb-1df6-4ce6-ae9d-8504348dafa1-EndpointStateMachineTaskThread-/0.0.0.0:15002-0 ] INFO  ratis.XceiverServerRatis (XceiverServerRatis.java:start(559)) - Starting XceiverServerRatis(9eae2efb-1df6-4ce6-ae9d-8504348dafa1)
2025-07-14 15:00:04,641 [9eae2efb-1df6-4ce6-ae9d-8504348dafa1-EndpointStateMachineTaskThread-/0.0.0.0:15002-0 ] INFO  server.RaftServer (RaftServerProxy.java:startImpl(412)) - 9eae2efb-1df6-4ce6-ae9d-8504348dafa1: start RPC server
2025-07-14 15:00:04,641 [9eae2efb-1df6-4ce6-ae9d-8504348dafa1-EndpointStateMachineTaskThread-/0.0.0.0:15002-0 ] INFO  server.GrpcServicesImpl (GrpcServicesImpl.java:startImpl(346)) - 9eae2efb-1df6-4ce6-ae9d-8504348dafa1: GrpcServicesImpl started, listening on 15077
2025-07-14 15:00:04,642 [9eae2efb-1df6-4ce6-ae9d-8504348dafa1-EndpointStateMachineTaskThread-/0.0.0.0:15002-0 ] INFO  server.GrpcServicesImpl (GrpcServicesImpl.java:startImpl(346)) - 9eae2efb-1df6-4ce6-ae9d-8504348dafa1: GrpcServicesImpl started, listening on 15079
2025-07-14 15:00:04,642 [9eae2efb-1df6-4ce6-ae9d-8504348dafa1-EndpointStateMachineTaskThread-/0.0.0.0:15002-0 ] INFO  server.GrpcServicesImpl (GrpcServicesImpl.java:startImpl(346)) - 9eae2efb-1df6-4ce6-ae9d-8504348dafa1: GrpcServicesImpl started, listening on 15078
2025-07-14 15:00:04,642 [9eae2efb-1df6-4ce6-ae9d-8504348dafa1-EndpointStateMachineTaskThread-/0.0.0.0:15002-0 ] INFO  ratis.XceiverServerRatis (XceiverServerRatis.java:getRealPort(586)) - XceiverServerRatis(9eae2efb-1df6-4ce6-ae9d-8504348dafa1) is started using port RATIS=15077
2025-07-14 15:00:04,642 [9eae2efb-1df6-4ce6-ae9d-8504348dafa1-EndpointStateMachineTaskThread-/0.0.0.0:15002-0 ] INFO  ratis.XceiverServerRatis (XceiverServerRatis.java:getRealPort(586)) - XceiverServerRatis(9eae2efb-1df6-4ce6-ae9d-8504348dafa1) is started using port RATIS_ADMIN=15078
2025-07-14 15:00:04,642 [JvmPauseMonitor11] INFO  util.JvmPauseMonitor (JvmPauseMonitor.java:run(146)) - JvmPauseMonitor-9eae2efb-1df6-4ce6-ae9d-8504348dafa1: Started
2025-07-14 15:00:04,642 [9eae2efb-1df6-4ce6-ae9d-8504348dafa1-EndpointStateMachineTaskThread-/0.0.0.0:15002-0 ] INFO  ratis.XceiverServerRatis (XceiverServerRatis.java:getRealPort(586)) - XceiverServerRatis(9eae2efb-1df6-4ce6-ae9d-8504348dafa1) is started using port RATIS_SERVER=15079
2025-07-14 15:00:04,642 [9eae2efb-1df6-4ce6-ae9d-8504348dafa1-EndpointStateMachineTaskThread-/0.0.0.0:15002-0 ] INFO  ratis.XceiverServerRatis (XceiverServerRatis.java:getRealPort(586)) - XceiverServerRatis(9eae2efb-1df6-4ce6-ae9d-8504348dafa1) is started using port RATIS_DATASTREAM=15080
2025-07-14 15:00:04,643 [9eae2efb-1df6-4ce6-ae9d-8504348dafa1-EndpointStateMachineTaskThread-/0.0.0.0:15002-0 ] INFO  utils.BackgroundService (BackgroundService.java:start(118)) - Starting service BlockDeletingService with interval 60000 milliseconds
2025-07-14 15:00:04,643 [9eae2efb-1df6-4ce6-ae9d-8504348dafa1-EndpointStateMachineTaskThread-/0.0.0.0:15002-0 ] INFO  utils.BackgroundService (BackgroundService.java:start(118)) - Starting service StaleRecoveringContainerScrubbingService with interval 60000 milliseconds
2025-07-14 15:00:04,661 [EventQueue-PipelineReportForOneReplicaPipelineSafeModeRule] INFO  safemode.SCMSafeModeManager (SCMSafeModeManager.java:validateSafeModeExitRules(138)) - AtleastOneDatanodeReportedRule rule is successfully validated
2025-07-14 15:00:04,724 [311b5faf-4d73-479d-9d03-a3296c64f810-PipelineCommandHandlerThread-0] INFO  server.RaftServer (RaftServerProxy.java:addNew(105)) - 311b5faf-4d73-479d-9d03-a3296c64f810: addNew group-76182951AE04:[311b5faf-4d73-479d-9d03-a3296c64f810|127.0.0.1:15015] returns group-76182951AE04:java.util.concurrent.CompletableFuture@396b8425[Not completed]
2025-07-14 15:00:04,730 [311b5faf-4d73-479d-9d03-a3296c64f810-groupManagement] INFO  server.RaftServer$Division (RaftServerImpl.java:<init>(268)) - 311b5faf-4d73-479d-9d03-a3296c64f810: new RaftServerImpl for group-76182951AE04:[311b5faf-4d73-479d-9d03-a3296c64f810|127.0.0.1:15015] with ContainerStateMachine:uninitialized
2025-07-14 15:00:04,730 [311b5faf-4d73-479d-9d03-a3296c64f810-groupManagement] INFO  server.RaftServerConfigKeys (ConfUtils.java:logGet(62)) - raft.server.rpc.timeout.min = 5s (custom)
2025-07-14 15:00:04,730 [311b5faf-4d73-479d-9d03-a3296c64f810-groupManagement] INFO  server.RaftServerConfigKeys (ConfUtils.java:logGet(62)) - raft.server.rpc.timeout.max = 5200ms (custom)
2025-07-14 15:00:04,731 [311b5faf-4d73-479d-9d03-a3296c64f810-groupManagement] INFO  server.RaftServerConfigKeys (ConfUtils.java:logGet(62)) - raft.server.rpc.slowness.timeout = 300000ms (custom)
2025-07-14 15:00:04,731 [311b5faf-4d73-479d-9d03-a3296c64f810-groupManagement] INFO  server.RaftServer$Division (ServerState.java:<init>(114)) - 311b5faf-4d73-479d-9d03-a3296c64f810@group-76182951AE04: ConfigurationManager, init=conf: {index: -1, cur=peers:[311b5faf-4d73-479d-9d03-a3296c64f810|127.0.0.1:15015]|listeners:[], old=null}, confs=<EMPTY_MAP>
2025-07-14 15:00:04,731 [311b5faf-4d73-479d-9d03-a3296c64f810-groupManagement] INFO  server.RaftServerConfigKeys (ConfUtils.java:logGet(62)) - raft.server.notification.no-leader.timeout = 300000ms (custom)
2025-07-14 15:00:04,731 [311b5faf-4d73-479d-9d03-a3296c64f810-groupManagement] INFO  server.RaftServerConfigKeys (ConfUtils.java:logGet(62)) - raft.server.retrycache.expirytime = 600000ms (custom)
2025-07-14 15:00:04,743 [311b5faf-4d73-479d-9d03-a3296c64f810-groupManagement] INFO  server.RaftServerConfigKeys (ConfUtils.java:logGet(62)) - raft.server.storage.dir = [/home/runner/work/ozone/ozone/hadoop-ozone/integration-test/target/test-dir/MiniOzoneClusterImpl-aaa7dc72-7fbf-48e0-acc5-129182712624/ozone-meta/datanode-1/ratis] (custom)
2025-07-14 15:00:04,743 [311b5faf-4d73-479d-9d03-a3296c64f810-groupManagement] INFO  storage.RaftStorageDirectory (RaftStorageDirectoryImpl.java:analyzeStorage(138)) - The storage directory /home/runner/work/ozone/ozone/hadoop-ozone/integration-test/target/test-dir/MiniOzoneClusterImpl-aaa7dc72-7fbf-48e0-acc5-129182712624/ozone-meta/datanode-1/ratis/f573dc9d-c2a1-4800-8bce-76182951ae04 does not exist. Creating ...
2025-07-14 15:00:04,744 [311b5faf-4d73-479d-9d03-a3296c64f810-groupManagement] INFO  storage.RaftStorageDirectory (RaftStorageDirectoryImpl.java:tryLock(229)) - Lock on /home/runner/work/ozone/ozone/hadoop-ozone/integration-test/target/test-dir/MiniOzoneClusterImpl-aaa7dc72-7fbf-48e0-acc5-129182712624/ozone-meta/datanode-1/ratis/f573dc9d-c2a1-4800-8bce-76182951ae04/in_use.lock acquired by nodename 18082@localhost
2025-07-14 15:00:04,745 [311b5faf-4d73-479d-9d03-a3296c64f810-groupManagement] INFO  storage.RaftStorage (RaftStorageImpl.java:format(98)) - Storage directory /home/runner/work/ozone/ozone/hadoop-ozone/integration-test/target/test-dir/MiniOzoneClusterImpl-aaa7dc72-7fbf-48e0-acc5-129182712624/ozone-meta/datanode-1/ratis/f573dc9d-c2a1-4800-8bce-76182951ae04 has been successfully formatted.
2025-07-14 15:00:04,747 [311b5faf-4d73-479d-9d03-a3296c64f810-groupManagement] INFO  ratis.ContainerStateMachine (ContainerStateMachine.java:initialize(339)) - 311b5faf-4d73-479d-9d03-a3296c64f810: initialize group-76182951AE04
2025-07-14 15:00:04,747 [311b5faf-4d73-479d-9d03-a3296c64f810-groupManagement] INFO  ratis.ContainerStateMachine (ContainerStateMachine.java:loadSnapshot(347)) - group-76182951AE04: The snapshot info is null. Setting the last applied index to:<INITIAL_VALUE>
2025-07-14 15:00:04,747 [311b5faf-4d73-479d-9d03-a3296c64f810-groupManagement] INFO  server.RaftServerConfigKeys (ConfUtils.java:logGet(62)) - raft.server.log.appender.buffer.byte-limit = 33554432 (custom)
2025-07-14 15:00:04,751 [EventQueue-PipelineReportForOneReplicaPipelineSafeModeRule] INFO  safemode.SCMSafeModeManager (SCMSafeModeManager.java:validateSafeModeExitRules(138)) - AtleastOneDatanodeReportedRule rule is successfully validated
2025-07-14 15:00:04,751 [311b5faf-4d73-479d-9d03-a3296c64f810-groupManagement] INFO  server.RaftServerConfigKeys (ConfUtils.java:logGet(62)) - raft.server.log.segment.size.max = 67108864 (custom)
2025-07-14 15:00:04,752 [311b5faf-4d73-479d-9d03-a3296c64f810-groupManagement] INFO  server.RaftServerConfigKeys (ConfUtils.java:logGet(62)) - raft.server.log.appender.buffer.byte-limit = 33554432 (custom)
2025-07-14 15:00:04,752 [311b5faf-4d73-479d-9d03-a3296c64f810-groupManagement] INFO  util.AwaitToRun (AwaitToRun.java:start(81)) - Thread[#1149,311b5faf-4d73-479d-9d03-a3296c64f810@group-76182951AE04-cacheEviction-AwaitToRun,5,main] started
2025-07-14 15:00:04,752 [311b5faf-4d73-479d-9d03-a3296c64f810-groupManagement] INFO  segmented.SegmentedRaftLogWorker (SegmentedRaftLogWorker.java:<init>(190)) - new 311b5faf-4d73-479d-9d03-a3296c64f810@group-76182951AE04-SegmentedRaftLogWorker for RaftStorageImpl:Storage Directory /home/runner/work/ozone/ozone/hadoop-ozone/integration-test/target/test-dir/MiniOzoneClusterImpl-aaa7dc72-7fbf-48e0-acc5-129182712624/ozone-meta/datanode-1/ratis/f573dc9d-c2a1-4800-8bce-76182951ae04
2025-07-14 15:00:04,753 [311b5faf-4d73-479d-9d03-a3296c64f810-groupManagement] INFO  server.RaftServerConfigKeys (ConfUtils.java:logGet(62)) - raft.server.log.queue.byte-limit = 4294967296 (custom)
2025-07-14 15:00:04,753 [311b5faf-4d73-479d-9d03-a3296c64f810-groupManagement] INFO  server.RaftServerConfigKeys (ConfUtils.java:logGet(62)) - raft.server.log.queue.element-limit = 1024 (custom)
2025-07-14 15:00:04,753 [311b5faf-4d73-479d-9d03-a3296c64f810-groupManagement] INFO  server.RaftServerConfigKeys (ConfUtils.java:logGet(62)) - raft.server.log.segment.size.max = 67108864 (custom)
2025-07-14 15:00:04,753 [311b5faf-4d73-479d-9d03-a3296c64f810-groupManagement] INFO  server.RaftServerConfigKeys (ConfUtils.java:logGet(62)) - raft.server.log.preallocated.size = 4194304 (custom)
2025-07-14 15:00:04,753 [311b5faf-4d73-479d-9d03-a3296c64f810-groupManagement] INFO  server.RaftServerConfigKeys (ConfUtils.java:logGet(62)) - raft.server.log.statemachine.data.sync.timeout.retry = 30 (custom)
2025-07-14 15:00:04,754 [311b5faf-4d73-479d-9d03-a3296c64f810-groupManagement] INFO  server.RaftServerConfigKeys (ConfUtils.java:logGet(62)) - raft.server.log.write.buffer.size = 33554440 (custom)
2025-07-14 15:00:04,758 [e9aa665b-a6cb-4a48-961e-4c04ffb0bb5a@group-129182712624-StateMachineUpdater] INFO  safemode.SCMSafeModeManager (SCMSafeModeManager.java:validateSafeModeExitRules(138)) - DataNodeSafeModeRule rule is successfully validated
2025-07-14 15:00:04,758 [e9aa665b-a6cb-4a48-961e-4c04ffb0bb5a@group-129182712624-StateMachineUpdater] INFO  safemode.SCMSafeModeManager (SCMSafeModeManager.java:validateSafeModeExitRules(138)) - RatisContainerSafeModeRule rule is successfully validated
2025-07-14 15:00:04,758 [e9aa665b-a6cb-4a48-961e-4c04ffb0bb5a@group-129182712624-StateMachineUpdater] INFO  safemode.HealthyPipelineSafeModeRule (HealthyPipelineSafeModeRule.java:initializeRule(228)) - Refreshed total pipeline count is 0, healthy pipeline threshold count is 1
2025-07-14 15:00:04,758 [e9aa665b-a6cb-4a48-961e-4c04ffb0bb5a@group-129182712624-StateMachineUpdater] INFO  safemode.SCMSafeModeManager (SCMSafeModeManager.java:validateSafeModeExitRules(138)) - ECContainerSafeModeRule rule is successfully validated
2025-07-14 15:00:04,758 [e9aa665b-a6cb-4a48-961e-4c04ffb0bb5a@group-129182712624-StateMachineUpdater] INFO  safemode.SCMSafeModeManager (SCMSafeModeManager.java:validateSafeModeExitRules(138)) - AtleastOneDatanodeReportedRule rule is successfully validated
2025-07-14 15:00:04,759 [EventQueue-PipelineReportForPipelineReportHandler] INFO  pipeline.PipelineReportHandler (PipelineReportHandler.java:processPipelineReport(134)) - Opened pipeline Pipeline-f573dc9d-c2a1-4800-8bce-76182951ae04
2025-07-14 15:00:04,759 [311b5faf-4d73-479d-9d03-a3296c64f810-groupManagement] INFO  server.RaftServerConfigKeys (ConfUtils.java:logGet(62)) - raft.server.log.appender.buffer.byte-limit = 33554432 (custom)
2025-07-14 15:00:04,759 [311b5faf-4d73-479d-9d03-a3296c64f810-groupManagement] INFO  server.RaftServerConfigKeys (ConfUtils.java:logGet(62)) - raft.server.log.statemachine.data.caching.enabled = true (custom)
2025-07-14 15:00:04,760 [311b5faf-4d73-479d-9d03-a3296c64f810-groupManagement] INFO  segmented.SegmentedRaftLogWorker (SegmentedRaftLogWorker.java:lambda$new$0(141)) - 311b5faf-4d73-479d-9d03-a3296c64f810@group-76182951AE04-SegmentedRaftLogWorker: flushIndex: setUnconditionally 0 -> -1
2025-07-14 15:00:04,760 [311b5faf-4d73-479d-9d03-a3296c64f810-groupManagement] INFO  segmented.SegmentedRaftLogWorker (SegmentedRaftLogWorker.java:lambda$new$0(141)) - 311b5faf-4d73-479d-9d03-a3296c64f810@group-76182951AE04-SegmentedRaftLogWorker: safeCacheEvictIndex: setUnconditionally 0 -> -1
2025-07-14 15:00:04,760 [311b5faf-4d73-479d-9d03-a3296c64f810-groupManagement] INFO  server.RaftServer$Division (RaftServerImpl.java:start(405)) - 311b5faf-4d73-479d-9d03-a3296c64f810@group-76182951AE04: start as a follower, conf=conf: {index: -1, cur=peers:[311b5faf-4d73-479d-9d03-a3296c64f810|127.0.0.1:15015]|listeners:[], old=null}
2025-07-14 15:00:04,760 [311b5faf-4d73-479d-9d03-a3296c64f810-groupManagement] INFO  server.RaftServer$Division (RaftServerImpl.java:setRole(392)) - 311b5faf-4d73-479d-9d03-a3296c64f810@group-76182951AE04: changes role from      null to FOLLOWER at term 0 for startAsFollower
2025-07-14 15:00:04,760 [311b5faf-4d73-479d-9d03-a3296c64f810-groupManagement] INFO  impl.RoleInfo (RoleInfo.java:updateAndGet(148)) - 311b5faf-4d73-479d-9d03-a3296c64f810: start 311b5faf-4d73-479d-9d03-a3296c64f810@group-76182951AE04-FollowerState
2025-07-14 15:00:04,761 [311b5faf-4d73-479d-9d03-a3296c64f810-groupManagement] INFO  util.JmxRegister (JmxRegister.java:tryRegister(44)) - Successfully registered JMX Bean with object name Ratis:service=RaftServer,group=group-76182951AE04,id=311b5faf-4d73-479d-9d03-a3296c64f810
2025-07-14 15:00:04,761 [311b5faf-4d73-479d-9d03-a3296c64f810-groupManagement] INFO  util.JmxRegister (JmxRegister.java:register(58)) - register mxBean class org.apache.ratis.server.impl.RaftServerJmxAdapter as Ratis:service=RaftServer,group=group-76182951AE04,id=311b5faf-4d73-479d-9d03-a3296c64f810
2025-07-14 15:00:04,761 [311b5faf-4d73-479d-9d03-a3296c64f810-groupManagement] INFO  server.RaftServerConfigKeys (ConfUtils.java:logGet(62)) - raft.server.snapshot.auto.trigger.threshold = 1 (custom)
2025-07-14 15:00:04,761 [311b5faf-4d73-479d-9d03-a3296c64f810-groupManagement] INFO  server.RaftServerConfigKeys (ConfUtils.java:logGet(62)) - raft.server.snapshot.retention.file.num = 5 (custom)
2025-07-14 15:00:04,761 [311b5faf-4d73-479d-9d03-a3296c64f810-groupManagement] INFO  server.RaftServerConfigKeys (ConfUtils.java:logGet(62)) - raft.server.log.purge.upto.snapshot.index = false (default)
2025-07-14 15:00:04,762 [311b5faf-4d73-479d-9d03-a3296c64f810-groupManagement] INFO  server.RaftServer$Division (RaftServerImpl.java:start(419)) - 311b5faf-4d73-479d-9d03-a3296c64f810@group-76182951AE04: Successfully started.
2025-07-14 15:00:04,763 [311b5faf-4d73-479d-9d03-a3296c64f810-PipelineCommandHandlerThread-0] INFO  ratis.XceiverServerRatis (XceiverServerRatis.java:addGroup(843)) - Created group Pipeline-f573dc9d-c2a1-4800-8bce-76182951ae04
2025-07-14 15:00:04,765 [311b5faf-4d73-479d-9d03-a3296c64f810-PipelineCommandHandlerThread-0] INFO  commandhandler.CreatePipelineCommandHandler (CreatePipelineCommandHandler.java:lambda$handle$2(127)) - Created Pipeline RATIS ONE Pipeline-f573dc9d-c2a1-4800-8bce-76182951ae04.
2025-07-14 15:00:04,765 [311b5faf-4d73-479d-9d03-a3296c64f810-PipelineCommandHandlerThread-0] INFO  server.RaftServer (RaftServerProxy.java:addNew(105)) - 311b5faf-4d73-479d-9d03-a3296c64f810: addNew group-25EDCEF96557:[0f2a098c-ed74-48ca-a55f-ceee6161c687|127.0.0.1:15023, 311b5faf-4d73-479d-9d03-a3296c64f810|127.0.0.1:15015, b5acb6b3-ef2b-41db-9bfa-77a47d0ca582|127.0.0.1:15031] returns group-25EDCEF96557:java.util.concurrent.CompletableFuture@635574bb[Not completed]
2025-07-14 15:00:04,766 [EventQueue-PipelineReportForOneReplicaPipelineSafeModeRule] INFO  safemode.SCMSafeModeManager (SCMSafeModeManager.java:validateSafeModeExitRules(138)) - AtleastOneDatanodeReportedRule rule is successfully validated
2025-07-14 15:00:04,766 [EventQueue-PipelineReportForOneReplicaPipelineSafeModeRule] INFO  safemode.SCMSafeModeManager (SCMSafeModeManager.java:validateSafeModeExitRules(138)) - AtleastOneDatanodeReportedRule rule is successfully validated
2025-07-14 15:00:04,767 [311b5faf-4d73-479d-9d03-a3296c64f810-groupManagement] INFO  server.RaftServer$Division (RaftServerImpl.java:<init>(268)) - 311b5faf-4d73-479d-9d03-a3296c64f810: new RaftServerImpl for group-25EDCEF96557:[0f2a098c-ed74-48ca-a55f-ceee6161c687|127.0.0.1:15023, 311b5faf-4d73-479d-9d03-a3296c64f810|127.0.0.1:15015, b5acb6b3-ef2b-41db-9bfa-77a47d0ca582|127.0.0.1:15031] with ContainerStateMachine:uninitialized
2025-07-14 15:00:04,767 [311b5faf-4d73-479d-9d03-a3296c64f810-groupManagement] INFO  server.RaftServer$Division (ServerState.java:<init>(114)) - 311b5faf-4d73-479d-9d03-a3296c64f810@group-25EDCEF96557: ConfigurationManager, init=conf: {index: -1, cur=peers:[0f2a098c-ed74-48ca-a55f-ceee6161c687|127.0.0.1:15023, 311b5faf-4d73-479d-9d03-a3296c64f810|127.0.0.1:15015, b5acb6b3-ef2b-41db-9bfa-77a47d0ca582|127.0.0.1:15031]|listeners:[], old=null}, confs=<EMPTY_MAP>
2025-07-14 15:00:04,775 [311b5faf-4d73-479d-9d03-a3296c64f810-groupManagement] INFO  storage.RaftStorageDirectory (RaftStorageDirectoryImpl.java:analyzeStorage(138)) - The storage directory /home/runner/work/ozone/ozone/hadoop-ozone/integration-test/target/test-dir/MiniOzoneClusterImpl-aaa7dc72-7fbf-48e0-acc5-129182712624/ozone-meta/datanode-1/ratis/1f04c3d8-3493-4c0a-ae6a-25edcef96557 does not exist. Creating ...
2025-07-14 15:00:04,776 [311b5faf-4d73-479d-9d03-a3296c64f810-groupManagement] INFO  storage.RaftStorageDirectory (RaftStorageDirectoryImpl.java:tryLock(229)) - Lock on /home/runner/work/ozone/ozone/hadoop-ozone/integration-test/target/test-dir/MiniOzoneClusterImpl-aaa7dc72-7fbf-48e0-acc5-129182712624/ozone-meta/datanode-1/ratis/1f04c3d8-3493-4c0a-ae6a-25edcef96557/in_use.lock acquired by nodename 18082@localhost
2025-07-14 15:00:04,777 [311b5faf-4d73-479d-9d03-a3296c64f810-groupManagement] INFO  storage.RaftStorage (RaftStorageImpl.java:format(98)) - Storage directory /home/runner/work/ozone/ozone/hadoop-ozone/integration-test/target/test-dir/MiniOzoneClusterImpl-aaa7dc72-7fbf-48e0-acc5-129182712624/ozone-meta/datanode-1/ratis/1f04c3d8-3493-4c0a-ae6a-25edcef96557 has been successfully formatted.
2025-07-14 15:00:04,778 [311b5faf-4d73-479d-9d03-a3296c64f810-groupManagement] INFO  ratis.ContainerStateMachine (ContainerStateMachine.java:initialize(339)) - 311b5faf-4d73-479d-9d03-a3296c64f810: initialize group-25EDCEF96557
2025-07-14 15:00:04,779 [311b5faf-4d73-479d-9d03-a3296c64f810-groupManagement] INFO  ratis.ContainerStateMachine (ContainerStateMachine.java:loadSnapshot(347)) - group-25EDCEF96557: The snapshot info is null. Setting the last applied index to:<INITIAL_VALUE>
2025-07-14 15:00:04,780 [311b5faf-4d73-479d-9d03-a3296c64f810-groupManagement] INFO  server.RaftServerConfigKeys (ConfUtils.java:logGet(62)) - raft.server.log.appender.buffer.byte-limit = 33554432 (custom)
2025-07-14 15:00:04,780 [EventQueue-PipelineReportForOneReplicaPipelineSafeModeRule] INFO  safemode.SCMSafeModeManager (SCMSafeModeManager.java:validateSafeModeExitRules(138)) - AtleastOneDatanodeReportedRule rule is successfully validated
2025-07-14 15:00:04,783 [311b5faf-4d73-479d-9d03-a3296c64f810-groupManagement] INFO  server.RaftServerConfigKeys (ConfUtils.java:logGet(62)) - raft.server.log.segment.size.max = 67108864 (custom)
2025-07-14 15:00:04,784 [311b5faf-4d73-479d-9d03-a3296c64f810-groupManagement] INFO  server.RaftServerConfigKeys (ConfUtils.java:logGet(62)) - raft.server.log.appender.buffer.byte-limit = 33554432 (custom)
2025-07-14 15:00:04,784 [311b5faf-4d73-479d-9d03-a3296c64f810-groupManagement] INFO  util.AwaitToRun (AwaitToRun.java:start(81)) - Thread[#1154,311b5faf-4d73-479d-9d03-a3296c64f810@group-25EDCEF96557-cacheEviction-AwaitToRun,5,main] started
2025-07-14 15:00:04,785 [311b5faf-4d73-479d-9d03-a3296c64f810-groupManagement] INFO  segmented.SegmentedRaftLogWorker (SegmentedRaftLogWorker.java:<init>(190)) - new 311b5faf-4d73-479d-9d03-a3296c64f810@group-25EDCEF96557-SegmentedRaftLogWorker for RaftStorageImpl:Storage Directory /home/runner/work/ozone/ozone/hadoop-ozone/integration-test/target/test-dir/MiniOzoneClusterImpl-aaa7dc72-7fbf-48e0-acc5-129182712624/ozone-meta/datanode-1/ratis/1f04c3d8-3493-4c0a-ae6a-25edcef96557
2025-07-14 15:00:04,785 [311b5faf-4d73-479d-9d03-a3296c64f810-groupManagement] INFO  server.RaftServerConfigKeys (ConfUtils.java:logGet(62)) - raft.server.log.queue.byte-limit = 4294967296 (custom)
2025-07-14 15:00:04,785 [311b5faf-4d73-479d-9d03-a3296c64f810-groupManagement] INFO  server.RaftServerConfigKeys (ConfUtils.java:logGet(62)) - raft.server.log.segment.size.max = 67108864 (custom)
2025-07-14 15:00:04,785 [311b5faf-4d73-479d-9d03-a3296c64f810-groupManagement] INFO  server.RaftServerConfigKeys (ConfUtils.java:logGet(62)) - raft.server.log.preallocated.size = 4194304 (custom)
2025-07-14 15:00:04,786 [311b5faf-4d73-479d-9d03-a3296c64f810-groupManagement] INFO  server.RaftServerConfigKeys (ConfUtils.java:logGet(62)) - raft.server.log.write.buffer.size = 33554440 (custom)
2025-07-14 15:00:04,791 [311b5faf-4d73-479d-9d03-a3296c64f810-groupManagement] INFO  server.RaftServerConfigKeys (ConfUtils.java:logGet(62)) - raft.server.log.appender.buffer.byte-limit = 33554432 (custom)
2025-07-14 15:00:04,791 [311b5faf-4d73-479d-9d03-a3296c64f810-groupManagement] INFO  segmented.SegmentedRaftLogWorker (SegmentedRaftLogWorker.java:lambda$new$0(141)) - 311b5faf-4d73-479d-9d03-a3296c64f810@group-25EDCEF96557-SegmentedRaftLogWorker: flushIndex: setUnconditionally 0 -> -1
2025-07-14 15:00:04,791 [311b5faf-4d73-479d-9d03-a3296c64f810-groupManagement] INFO  segmented.SegmentedRaftLogWorker (SegmentedRaftLogWorker.java:lambda$new$0(141)) - 311b5faf-4d73-479d-9d03-a3296c64f810@group-25EDCEF96557-SegmentedRaftLogWorker: safeCacheEvictIndex: setUnconditionally 0 -> -1
2025-07-14 15:00:04,792 [311b5faf-4d73-479d-9d03-a3296c64f810-groupManagement] INFO  server.RaftServer$Division (RaftServerImpl.java:start(405)) - 311b5faf-4d73-479d-9d03-a3296c64f810@group-25EDCEF96557: start as a follower, conf=conf: {index: -1, cur=peers:[0f2a098c-ed74-48ca-a55f-ceee6161c687|127.0.0.1:15023, 311b5faf-4d73-479d-9d03-a3296c64f810|127.0.0.1:15015, b5acb6b3-ef2b-41db-9bfa-77a47d0ca582|127.0.0.1:15031]|listeners:[], old=null}
2025-07-14 15:00:04,792 [311b5faf-4d73-479d-9d03-a3296c64f810-groupManagement] INFO  server.RaftServer$Division (RaftServerImpl.java:setRole(392)) - 311b5faf-4d73-479d-9d03-a3296c64f810@group-25EDCEF96557: changes role from      null to FOLLOWER at term 0 for startAsFollower
2025-07-14 15:00:04,792 [311b5faf-4d73-479d-9d03-a3296c64f810-groupManagement] INFO  impl.RoleInfo (RoleInfo.java:updateAndGet(148)) - 311b5faf-4d73-479d-9d03-a3296c64f810: start 311b5faf-4d73-479d-9d03-a3296c64f810@group-25EDCEF96557-FollowerState
2025-07-14 15:00:04,792 [311b5faf-4d73-479d-9d03-a3296c64f810-groupManagement] INFO  util.JmxRegister (JmxRegister.java:tryRegister(44)) - Successfully registered JMX Bean with object name Ratis:service=RaftServer,group=group-25EDCEF96557,id=311b5faf-4d73-479d-9d03-a3296c64f810
2025-07-14 15:00:04,792 [311b5faf-4d73-479d-9d03-a3296c64f810-groupManagement] INFO  util.JmxRegister (JmxRegister.java:register(58)) - register mxBean class org.apache.ratis.server.impl.RaftServerJmxAdapter as Ratis:service=RaftServer,group=group-25EDCEF96557,id=311b5faf-4d73-479d-9d03-a3296c64f810
2025-07-14 15:00:04,793 [311b5faf-4d73-479d-9d03-a3296c64f810-groupManagement] INFO  server.RaftServer$Division (RaftServerImpl.java:start(419)) - 311b5faf-4d73-479d-9d03-a3296c64f810@group-25EDCEF96557: Successfully started.
2025-07-14 15:00:04,794 [311b5faf-4d73-479d-9d03-a3296c64f810-PipelineCommandHandlerThread-0] INFO  ratis.XceiverServerRatis (XceiverServerRatis.java:addGroup(843)) - Created group Pipeline-1f04c3d8-3493-4c0a-ae6a-25edcef96557
2025-07-14 15:00:04,804 [EventQueue-PipelineReportForOneReplicaPipelineSafeModeRule] INFO  safemode.SCMSafeModeManager (SCMSafeModeManager.java:validateSafeModeExitRules(138)) - AtleastOneDatanodeReportedRule rule is successfully validated
2025-07-14 15:00:04,848 [EventQueue-PipelineReportForOneReplicaPipelineSafeModeRule] INFO  safemode.SCMSafeModeManager (SCMSafeModeManager.java:validateSafeModeExitRules(138)) - AtleastOneDatanodeReportedRule rule is successfully validated
2025-07-14 15:00:04,859 [IPC Server handler 18 on default port 15002] INFO  net.NetworkTopologyImpl (NetworkTopologyImpl.java:add(133)) - Added a new node: /default-rack/89a738d3-0145-4b42-8b1b-b5be9f604b49
2025-07-14 15:00:04,860 [IPC Server handler 18 on default port 15002] INFO  node.SCMNodeManager (SCMNodeManager.java:register(423)) - Registered datanode: 89a738d3-0145-4b42-8b1b-b5be9f604b49{ip: 127.0.0.1, host: localhost, ports: [HTTP=15066, CLIENT_RPC=15067, REPLICATION=15073, RATIS=15069, RATIS_ADMIN=15070, RATIS_SERVER=15071, RATIS_DATASTREAM=15072, STANDALONE=15068], networkLocation: /default-rack, certSerialId: null, persistedOpState: null, persistedOpStateExpiryEpochSec: 0}
2025-07-14 15:00:04,860 [EventQueue-NodeRegistrationContainerReportForDataNodeSafeModeRule] INFO  safemode.SCMSafeModeManager (SCMSafeModeManager.java:validateSafeModeExitRules(138)) - DataNodeSafeModeRule rule is successfully validated
2025-07-14 15:00:04,860 [EventQueue-ContainerRegistrationReportForECContainerSafeModeRule] INFO  safemode.SCMSafeModeManager (SCMSafeModeManager.java:validateSafeModeExitRules(138)) - ECContainerSafeModeRule rule is successfully validated
2025-07-14 15:00:04,860 [EventQueue-ContainerRegistrationReportForRatisContainerSafeModeRule] INFO  safemode.SCMSafeModeManager (SCMSafeModeManager.java:validateSafeModeExitRules(138)) - RatisContainerSafeModeRule rule is successfully validated
2025-07-14 15:00:04,860 [EventQueue-NewNodeForNewNodeHandler] INFO  pipeline.BackgroundPipelineCreator (BackgroundPipelineCreator.java:notifyEventTriggered(290)) - trigger a one-shot run on RatisPipelineUtilsThread.
2025-07-14 15:00:04,861 [EventQueue-PipelineReportForOneReplicaPipelineSafeModeRule] INFO  safemode.SCMSafeModeManager (SCMSafeModeManager.java:validateSafeModeExitRules(138)) - AtleastOneDatanodeReportedRule rule is successfully validated
2025-07-14 15:00:04,862 [RatisPipelineUtilsThread-0] INFO  pipeline.RatisPipelineProvider (RatisPipelineProvider.java:lambda$create$0(208)) - Sending CreatePipelineCommand for pipeline:Pipeline-f488c666-a794-4a78-a9cd-24d8aeedcc70 to datanode:89a738d3-0145-4b42-8b1b-b5be9f604b49(localhost/127.0.0.1)
2025-07-14 15:00:04,868 [e9aa665b-a6cb-4a48-961e-4c04ffb0bb5a@group-129182712624-StateMachineUpdater] INFO  safemode.SCMSafeModeManager (SCMSafeModeManager.java:validateSafeModeExitRules(138)) - DataNodeSafeModeRule rule is successfully validated
2025-07-14 15:00:04,868 [e9aa665b-a6cb-4a48-961e-4c04ffb0bb5a@group-129182712624-StateMachineUpdater] INFO  safemode.SCMSafeModeManager (SCMSafeModeManager.java:validateSafeModeExitRules(138)) - RatisContainerSafeModeRule rule is successfully validated
2025-07-14 15:00:04,869 [e9aa665b-a6cb-4a48-961e-4c04ffb0bb5a@group-129182712624-StateMachineUpdater] INFO  safemode.HealthyPipelineSafeModeRule (HealthyPipelineSafeModeRule.java:initializeRule(228)) - Refreshed total pipeline count is 0, healthy pipeline threshold count is 1
2025-07-14 15:00:04,869 [e9aa665b-a6cb-4a48-961e-4c04ffb0bb5a@group-129182712624-StateMachineUpdater] INFO  safemode.SCMSafeModeManager (SCMSafeModeManager.java:validateSafeModeExitRules(138)) - ECContainerSafeModeRule rule is successfully validated
2025-07-14 15:00:04,869 [e9aa665b-a6cb-4a48-961e-4c04ffb0bb5a@group-129182712624-StateMachineUpdater] INFO  safemode.SCMSafeModeManager (SCMSafeModeManager.java:validateSafeModeExitRules(138)) - AtleastOneDatanodeReportedRule rule is successfully validated
2025-07-14 15:00:04,870 [RatisPipelineUtilsThread-0] INFO  pipeline.BackgroundPipelineCreator (BackgroundPipelineCreator.java:createPipelines(246)) - Created new pipeline Pipeline{ Id: f488c666-a794-4a78-a9cd-24d8aeedcc70, Nodes: [ {89a738d3-0145-4b42-8b1b-b5be9f604b49(localhost/127.0.0.1), ReplicaIndex: 0},], ReplicationConfig: RATIS/ONE, State:ALLOCATED, leaderId:, CreationTimestamp2025-07-14T15:00:04.862219915Z[Etc/UTC]}
2025-07-14 15:00:04,893 [9eaddddd-9b57-463b-ae7a-e3a77c744c69-EndpointStateMachineTaskThread-/0.0.0.0:15002-0 ] INFO  utils.DatanodeStoreCache (DatanodeStoreCache.java:addDB(70)) - Added db /home/runner/work/ozone/ozone/hadoop-ozone/integration-test/target/test-dir/MiniOzoneClusterImpl-aaa7dc72-7fbf-48e0-acc5-129182712624/ozone-meta/datanode-10/data-0/hdds/aaa7dc72-7fbf-48e0-acc5-129182712624/DS-35ca50df-ee81-4034-b3d5-0175393aaaec/container.db to cache
2025-07-14 15:00:04,893 [9eaddddd-9b57-463b-ae7a-e3a77c744c69-EndpointStateMachineTaskThread-/0.0.0.0:15002-0 ] INFO  volume.HddsVolume (HddsVolume.java:createDbStore(575)) - SchemaV3 db is created and loaded at /home/runner/work/ozone/ozone/hadoop-ozone/integration-test/target/test-dir/MiniOzoneClusterImpl-aaa7dc72-7fbf-48e0-acc5-129182712624/ozone-meta/datanode-10/data-0/hdds/aaa7dc72-7fbf-48e0-acc5-129182712624/DS-35ca50df-ee81-4034-b3d5-0175393aaaec/container.db for volume DS-35ca50df-ee81-4034-b3d5-0175393aaaec
2025-07-14 15:00:04,895 [9eaddddd-9b57-463b-ae7a-e3a77c744c69-ContainerReader-0] INFO  ozoneimpl.ContainerReader (ContainerReader.java:readVolume(144)) - Start to verify containers on volume /home/runner/work/ozone/ozone/hadoop-ozone/integration-test/target/test-dir/MiniOzoneClusterImpl-aaa7dc72-7fbf-48e0-acc5-129182712624/ozone-meta/datanode-10/data-0/hdds
2025-07-14 15:00:04,896 [9eaddddd-9b57-463b-ae7a-e3a77c744c69-ContainerReader-0] INFO  ozoneimpl.ContainerReader (ContainerReader.java:readVolume(174)) - Finish verifying containers on volume /home/runner/work/ozone/ozone/hadoop-ozone/integration-test/target/test-dir/MiniOzoneClusterImpl-aaa7dc72-7fbf-48e0-acc5-129182712624/ozone-meta/datanode-10/data-0/hdds
2025-07-14 15:00:04,896 [9eaddddd-9b57-463b-ae7a-e3a77c744c69-EndpointStateMachineTaskThread-/0.0.0.0:15002-0 ] INFO  ozoneimpl.OzoneContainer (OzoneContainer.java:buildContainerSet(370)) - Build ContainerSet costs 0s
2025-07-14 15:00:04,896 [9eaddddd-9b57-463b-ae7a-e3a77c744c69-EndpointStateMachineTaskThread-/0.0.0.0:15002-0 ] INFO  volume.ThrottledAsyncChecker (ThrottledAsyncChecker.java:schedule(138)) - Scheduling a check for /home/runner/work/ozone/ozone/hadoop-ozone/integration-test/target/test-dir/MiniOzoneClusterImpl-aaa7dc72-7fbf-48e0-acc5-129182712624/ozone-meta/datanode-10/data-0/hdds
2025-07-14 15:00:04,897 [9eaddddd-9b57-463b-ae7a-e3a77c744c69-EndpointStateMachineTaskThread-/0.0.0.0:15002-0 ] INFO  volume.StorageVolumeChecker (StorageVolumeChecker.java:checkAllVolumes(215)) - Scheduled health check for volume /home/runner/work/ozone/ozone/hadoop-ozone/integration-test/target/test-dir/MiniOzoneClusterImpl-aaa7dc72-7fbf-48e0-acc5-129182712624/ozone-meta/datanode-10/data-0/hdds
2025-07-14 15:00:04,900 [9eaddddd-9b57-463b-ae7a-e3a77c744c69-EndpointStateMachineTaskThread-/0.0.0.0:15002-0 ] INFO  volume.ThrottledAsyncChecker (ThrottledAsyncChecker.java:schedule(138)) - Scheduling a check for /home/runner/work/ozone/ozone/hadoop-ozone/integration-test/target/test-dir/MiniOzoneClusterImpl-aaa7dc72-7fbf-48e0-acc5-129182712624/ozone-meta/datanode-10/ratis
2025-07-14 15:00:04,901 [9eaddddd-9b57-463b-ae7a-e3a77c744c69-EndpointStateMachineTaskThread-/0.0.0.0:15002-0 ] INFO  volume.StorageVolumeChecker (StorageVolumeChecker.java:checkAllVolumes(215)) - Scheduled health check for volume /home/runner/work/ozone/ozone/hadoop-ozone/integration-test/target/test-dir/MiniOzoneClusterImpl-aaa7dc72-7fbf-48e0-acc5-129182712624/ozone-meta/datanode-10/ratis
2025-07-14 15:00:04,902 [9eaddddd-9b57-463b-ae7a-e3a77c744c69-EndpointStateMachineTaskThread-/0.0.0.0:15002-0 ] INFO  ozoneimpl.OzoneContainer (OzoneContainer.java:start(520)) - Attempting to start container services.
2025-07-14 15:00:04,902 [ContainerMetadataScanner] INFO  ozoneimpl.AbstractBackgroundContainerScanner (AbstractBackgroundContainerScanner.java:runIteration(89)) - Completed an iteration in 0 minutes. Number of iterations (since the data-node restart) : 1, Number of containers scanned in this iteration : 0, Number of unhealthy containers found in this iteration : 0
2025-07-14 15:00:04,903 [ContainerDataScanner(/home/runner/work/ozone/ozone/hadoop-ozone/integration-test/target/test-dir/MiniOzoneClusterImpl-aaa7dc72-7fbf-48e0-acc5-129182712624/ozone-meta/datanode-10/data-0/hdds)] INFO  ozoneimpl.AbstractBackgroundContainerScanner (AbstractBackgroundContainerScanner.java:runIteration(89)) - Completed an iteration in 0 minutes. Number of iterations (since the data-node restart) : 1, Number of containers scanned in this iteration : 0, Number of unhealthy containers found in this iteration : 0
2025-07-14 15:00:04,904 [9eaddddd-9b57-463b-ae7a-e3a77c744c69-EndpointStateMachineTaskThread-/0.0.0.0:15002-0 ] INFO  replication.ReplicationServer (ReplicationServer.java:start(137)) - ReplicationServer is started using port 15089
2025-07-14 15:00:04,904 [9eaddddd-9b57-463b-ae7a-e3a77c744c69-EndpointStateMachineTaskThread-/0.0.0.0:15002-0 ] INFO  ratis.XceiverServerRatis (XceiverServerRatis.java:start(559)) - Starting XceiverServerRatis(9eaddddd-9b57-463b-ae7a-e3a77c744c69)
2025-07-14 15:00:04,905 [9eaddddd-9b57-463b-ae7a-e3a77c744c69-EndpointStateMachineTaskThread-/0.0.0.0:15002-0 ] INFO  server.RaftServer (RaftServerProxy.java:startImpl(412)) - 9eaddddd-9b57-463b-ae7a-e3a77c744c69: start RPC server
2025-07-14 15:00:04,905 [9eaddddd-9b57-463b-ae7a-e3a77c744c69-EndpointStateMachineTaskThread-/0.0.0.0:15002-0 ] INFO  server.GrpcServicesImpl (GrpcServicesImpl.java:startImpl(346)) - 9eaddddd-9b57-463b-ae7a-e3a77c744c69: GrpcServicesImpl started, listening on 15085
2025-07-14 15:00:04,906 [9eaddddd-9b57-463b-ae7a-e3a77c744c69-EndpointStateMachineTaskThread-/0.0.0.0:15002-0 ] INFO  server.GrpcServicesImpl (GrpcServicesImpl.java:startImpl(346)) - 9eaddddd-9b57-463b-ae7a-e3a77c744c69: GrpcServicesImpl started, listening on 15087
2025-07-14 15:00:04,906 [9eaddddd-9b57-463b-ae7a-e3a77c744c69-EndpointStateMachineTaskThread-/0.0.0.0:15002-0 ] INFO  server.GrpcServicesImpl (GrpcServicesImpl.java:startImpl(346)) - 9eaddddd-9b57-463b-ae7a-e3a77c744c69: GrpcServicesImpl started, listening on 15086
2025-07-14 15:00:04,907 [9eaddddd-9b57-463b-ae7a-e3a77c744c69-EndpointStateMachineTaskThread-/0.0.0.0:15002-0 ] INFO  ratis.XceiverServerRatis (XceiverServerRatis.java:getRealPort(586)) - XceiverServerRatis(9eaddddd-9b57-463b-ae7a-e3a77c744c69) is started using port RATIS=15085
2025-07-14 15:00:04,907 [9eaddddd-9b57-463b-ae7a-e3a77c744c69-EndpointStateMachineTaskThread-/0.0.0.0:15002-0 ] INFO  ratis.XceiverServerRatis (XceiverServerRatis.java:getRealPort(586)) - XceiverServerRatis(9eaddddd-9b57-463b-ae7a-e3a77c744c69) is started using port RATIS_ADMIN=15086
2025-07-14 15:00:04,907 [9eaddddd-9b57-463b-ae7a-e3a77c744c69-EndpointStateMachineTaskThread-/0.0.0.0:15002-0 ] INFO  ratis.XceiverServerRatis (XceiverServerRatis.java:getRealPort(586)) - XceiverServerRatis(9eaddddd-9b57-463b-ae7a-e3a77c744c69) is started using port RATIS_SERVER=15087
2025-07-14 15:00:04,907 [9eaddddd-9b57-463b-ae7a-e3a77c744c69-EndpointStateMachineTaskThread-/0.0.0.0:15002-0 ] INFO  ratis.XceiverServerRatis (XceiverServerRatis.java:getRealPort(586)) - XceiverServerRatis(9eaddddd-9b57-463b-ae7a-e3a77c744c69) is started using port RATIS_DATASTREAM=15088
2025-07-14 15:00:04,907 [JvmPauseMonitor12] INFO  util.JvmPauseMonitor (JvmPauseMonitor.java:run(146)) - JvmPauseMonitor-9eaddddd-9b57-463b-ae7a-e3a77c744c69: Started
2025-07-14 15:00:04,908 [9eaddddd-9b57-463b-ae7a-e3a77c744c69-EndpointStateMachineTaskThread-/0.0.0.0:15002-0 ] INFO  utils.BackgroundService (BackgroundService.java:start(118)) - Starting service BlockDeletingService with interval 60000 milliseconds
2025-07-14 15:00:04,909 [9eaddddd-9b57-463b-ae7a-e3a77c744c69-EndpointStateMachineTaskThread-/0.0.0.0:15002-0 ] INFO  utils.BackgroundService (BackgroundService.java:start(118)) - Starting service StaleRecoveringContainerScrubbingService with interval 60000 milliseconds
2025-07-14 15:00:04,966 [0f2a098c-ed74-48ca-a55f-ceee6161c687-PipelineCommandHandlerThread-0] INFO  server.RaftServer (RaftServerProxy.java:addNew(105)) - 0f2a098c-ed74-48ca-a55f-ceee6161c687: addNew group-9154C3440BB2:[0f2a098c-ed74-48ca-a55f-ceee6161c687|127.0.0.1:15023] returns group-9154C3440BB2:java.util.concurrent.CompletableFuture@2dff12c9[Not completed]
2025-07-14 15:00:04,969 [0f2a098c-ed74-48ca-a55f-ceee6161c687-groupManagement] INFO  server.RaftServer$Division (RaftServerImpl.java:<init>(268)) - 0f2a098c-ed74-48ca-a55f-ceee6161c687: new RaftServerImpl for group-9154C3440BB2:[0f2a098c-ed74-48ca-a55f-ceee6161c687|127.0.0.1:15023] with ContainerStateMachine:uninitialized
2025-07-14 15:00:04,969 [0f2a098c-ed74-48ca-a55f-ceee6161c687-groupManagement] INFO  server.RaftServer$Division (ServerState.java:<init>(114)) - 0f2a098c-ed74-48ca-a55f-ceee6161c687@group-9154C3440BB2: ConfigurationManager, init=conf: {index: -1, cur=peers:[0f2a098c-ed74-48ca-a55f-ceee6161c687|127.0.0.1:15023]|listeners:[], old=null}, confs=<EMPTY_MAP>
2025-07-14 15:00:04,984 [0f2a098c-ed74-48ca-a55f-ceee6161c687-groupManagement] INFO  server.RaftServerConfigKeys (ConfUtils.java:logGet(62)) - raft.server.storage.dir = [/home/runner/work/ozone/ozone/hadoop-ozone/integration-test/target/test-dir/MiniOzoneClusterImpl-aaa7dc72-7fbf-48e0-acc5-129182712624/ozone-meta/datanode-2/ratis] (custom)
2025-07-14 15:00:04,985 [0f2a098c-ed74-48ca-a55f-ceee6161c687-groupManagement] INFO  storage.RaftStorageDirectory (RaftStorageDirectoryImpl.java:analyzeStorage(138)) - The storage directory /home/runner/work/ozone/ozone/hadoop-ozone/integration-test/target/test-dir/MiniOzoneClusterImpl-aaa7dc72-7fbf-48e0-acc5-129182712624/ozone-meta/datanode-2/ratis/46be4211-4322-4319-944a-9154c3440bb2 does not exist. Creating ...
2025-07-14 15:00:04,987 [0f2a098c-ed74-48ca-a55f-ceee6161c687-groupManagement] INFO  storage.RaftStorageDirectory (RaftStorageDirectoryImpl.java:tryLock(229)) - Lock on /home/runner/work/ozone/ozone/hadoop-ozone/integration-test/target/test-dir/MiniOzoneClusterImpl-aaa7dc72-7fbf-48e0-acc5-129182712624/ozone-meta/datanode-2/ratis/46be4211-4322-4319-944a-9154c3440bb2/in_use.lock acquired by nodename 18082@localhost
2025-07-14 15:00:04,989 [0f2a098c-ed74-48ca-a55f-ceee6161c687-groupManagement] INFO  storage.RaftStorage (RaftStorageImpl.java:format(98)) - Storage directory /home/runner/work/ozone/ozone/hadoop-ozone/integration-test/target/test-dir/MiniOzoneClusterImpl-aaa7dc72-7fbf-48e0-acc5-129182712624/ozone-meta/datanode-2/ratis/46be4211-4322-4319-944a-9154c3440bb2 has been successfully formatted.
2025-07-14 15:00:04,991 [0f2a098c-ed74-48ca-a55f-ceee6161c687-groupManagement] INFO  ratis.ContainerStateMachine (ContainerStateMachine.java:initialize(339)) - 0f2a098c-ed74-48ca-a55f-ceee6161c687: initialize group-9154C3440BB2
2025-07-14 15:00:04,991 [0f2a098c-ed74-48ca-a55f-ceee6161c687-groupManagement] INFO  ratis.ContainerStateMachine (ContainerStateMachine.java:loadSnapshot(347)) - group-9154C3440BB2: The snapshot info is null. Setting the last applied index to:<INITIAL_VALUE>
2025-07-14 15:00:04,992 [0f2a098c-ed74-48ca-a55f-ceee6161c687-groupManagement] INFO  server.RaftServerConfigKeys (ConfUtils.java:logGet(62)) - raft.server.log.appender.buffer.byte-limit = 33554432 (custom)
2025-07-14 15:00:04,994 [EventQueue-PipelineReportForOneReplicaPipelineSafeModeRule] INFO  safemode.SCMSafeModeManager (SCMSafeModeManager.java:validateSafeModeExitRules(138)) - AtleastOneDatanodeReportedRule rule is successfully validated
2025-07-14 15:00:04,997 [0f2a098c-ed74-48ca-a55f-ceee6161c687-groupManagement] INFO  server.RaftServerConfigKeys (ConfUtils.java:logGet(62)) - raft.server.log.segment.size.max = 67108864 (custom)
2025-07-14 15:00:04,999 [0f2a098c-ed74-48ca-a55f-ceee6161c687-groupManagement] INFO  server.RaftServerConfigKeys (ConfUtils.java:logGet(62)) - raft.server.log.appender.buffer.byte-limit = 33554432 (custom)
2025-07-14 15:00:04,999 [0f2a098c-ed74-48ca-a55f-ceee6161c687-groupManagement] INFO  util.AwaitToRun (AwaitToRun.java:start(81)) - Thread[#1182,0f2a098c-ed74-48ca-a55f-ceee6161c687@group-9154C3440BB2-cacheEviction-AwaitToRun,5,main] started
2025-07-14 15:00:04,999 [0f2a098c-ed74-48ca-a55f-ceee6161c687-groupManagement] INFO  segmented.SegmentedRaftLogWorker (SegmentedRaftLogWorker.java:<init>(190)) - new 0f2a098c-ed74-48ca-a55f-ceee6161c687@group-9154C3440BB2-SegmentedRaftLogWorker for RaftStorageImpl:Storage Directory /home/runner/work/ozone/ozone/hadoop-ozone/integration-test/target/test-dir/MiniOzoneClusterImpl-aaa7dc72-7fbf-48e0-acc5-129182712624/ozone-meta/datanode-2/ratis/46be4211-4322-4319-944a-9154c3440bb2
2025-07-14 15:00:04,999 [0f2a098c-ed74-48ca-a55f-ceee6161c687-groupManagement] INFO  server.RaftServerConfigKeys (ConfUtils.java:logGet(62)) - raft.server.log.queue.byte-limit = 4294967296 (custom)
2025-07-14 15:00:05,000 [0f2a098c-ed74-48ca-a55f-ceee6161c687-groupManagement] INFO  server.RaftServerConfigKeys (ConfUtils.java:logGet(62)) - raft.server.log.segment.size.max = 67108864 (custom)
2025-07-14 15:00:05,000 [0f2a098c-ed74-48ca-a55f-ceee6161c687-groupManagement] INFO  server.RaftServerConfigKeys (ConfUtils.java:logGet(62)) - raft.server.log.preallocated.size = 4194304 (custom)
2025-07-14 15:00:05,002 [0f2a098c-ed74-48ca-a55f-ceee6161c687-groupManagement] INFO  server.RaftServerConfigKeys (ConfUtils.java:logGet(62)) - raft.server.log.write.buffer.size = 33554440 (custom)
2025-07-14 15:00:05,002 [e9aa665b-a6cb-4a48-961e-4c04ffb0bb5a@group-129182712624-StateMachineUpdater] INFO  safemode.SCMSafeModeManager (SCMSafeModeManager.java:validateSafeModeExitRules(138)) - DataNodeSafeModeRule rule is successfully validated
2025-07-14 15:00:05,002 [e9aa665b-a6cb-4a48-961e-4c04ffb0bb5a@group-129182712624-StateMachineUpdater] INFO  safemode.SCMSafeModeManager (SCMSafeModeManager.java:validateSafeModeExitRules(138)) - RatisContainerSafeModeRule rule is successfully validated
2025-07-14 15:00:05,002 [e9aa665b-a6cb-4a48-961e-4c04ffb0bb5a@group-129182712624-StateMachineUpdater] INFO  safemode.HealthyPipelineSafeModeRule (HealthyPipelineSafeModeRule.java:initializeRule(228)) - Refreshed total pipeline count is 0, healthy pipeline threshold count is 1
2025-07-14 15:00:05,002 [e9aa665b-a6cb-4a48-961e-4c04ffb0bb5a@group-129182712624-StateMachineUpdater] INFO  safemode.SCMSafeModeManager (SCMSafeModeManager.java:validateSafeModeExitRules(138)) - ECContainerSafeModeRule rule is successfully validated
2025-07-14 15:00:05,002 [e9aa665b-a6cb-4a48-961e-4c04ffb0bb5a@group-129182712624-StateMachineUpdater] INFO  safemode.SCMSafeModeManager (SCMSafeModeManager.java:validateSafeModeExitRules(138)) - AtleastOneDatanodeReportedRule rule is successfully validated
2025-07-14 15:00:05,003 [EventQueue-PipelineReportForPipelineReportHandler] INFO  pipeline.PipelineReportHandler (PipelineReportHandler.java:processPipelineReport(134)) - Opened pipeline Pipeline-46be4211-4322-4319-944a-9154c3440bb2
2025-07-14 15:00:05,010 [0f2a098c-ed74-48ca-a55f-ceee6161c687-groupManagement] INFO  server.RaftServerConfigKeys (ConfUtils.java:logGet(62)) - raft.server.log.appender.buffer.byte-limit = 33554432 (custom)
2025-07-14 15:00:05,010 [0f2a098c-ed74-48ca-a55f-ceee6161c687-groupManagement] INFO  segmented.SegmentedRaftLogWorker (SegmentedRaftLogWorker.java:lambda$new$0(141)) - 0f2a098c-ed74-48ca-a55f-ceee6161c687@group-9154C3440BB2-SegmentedRaftLogWorker: flushIndex: setUnconditionally 0 -> -1
2025-07-14 15:00:05,010 [0f2a098c-ed74-48ca-a55f-ceee6161c687-groupManagement] INFO  segmented.SegmentedRaftLogWorker (SegmentedRaftLogWorker.java:lambda$new$0(141)) - 0f2a098c-ed74-48ca-a55f-ceee6161c687@group-9154C3440BB2-SegmentedRaftLogWorker: safeCacheEvictIndex: setUnconditionally 0 -> -1
2025-07-14 15:00:05,011 [0f2a098c-ed74-48ca-a55f-ceee6161c687-groupManagement] INFO  server.RaftServer$Division (RaftServerImpl.java:start(405)) - 0f2a098c-ed74-48ca-a55f-ceee6161c687@group-9154C3440BB2: start as a follower, conf=conf: {index: -1, cur=peers:[0f2a098c-ed74-48ca-a55f-ceee6161c687|127.0.0.1:15023]|listeners:[], old=null}
2025-07-14 15:00:05,011 [0f2a098c-ed74-48ca-a55f-ceee6161c687-groupManagement] INFO  server.RaftServer$Division (RaftServerImpl.java:setRole(392)) - 0f2a098c-ed74-48ca-a55f-ceee6161c687@group-9154C3440BB2: changes role from      null to FOLLOWER at term 0 for startAsFollower
2025-07-14 15:00:05,011 [0f2a098c-ed74-48ca-a55f-ceee6161c687-groupManagement] INFO  impl.RoleInfo (RoleInfo.java:updateAndGet(148)) - 0f2a098c-ed74-48ca-a55f-ceee6161c687: start 0f2a098c-ed74-48ca-a55f-ceee6161c687@group-9154C3440BB2-FollowerState
2025-07-14 15:00:05,012 [0f2a098c-ed74-48ca-a55f-ceee6161c687-groupManagement] INFO  util.JmxRegister (JmxRegister.java:tryRegister(44)) - Successfully registered JMX Bean with object name Ratis:service=RaftServer,group=group-9154C3440BB2,id=0f2a098c-ed74-48ca-a55f-ceee6161c687
2025-07-14 15:00:05,012 [0f2a098c-ed74-48ca-a55f-ceee6161c687-groupManagement] INFO  util.JmxRegister (JmxRegister.java:register(58)) - register mxBean class org.apache.ratis.server.impl.RaftServerJmxAdapter as Ratis:service=RaftServer,group=group-9154C3440BB2,id=0f2a098c-ed74-48ca-a55f-ceee6161c687
2025-07-14 15:00:05,013 [0f2a098c-ed74-48ca-a55f-ceee6161c687-groupManagement] INFO  server.RaftServer$Division (RaftServerImpl.java:start(419)) - 0f2a098c-ed74-48ca-a55f-ceee6161c687@group-9154C3440BB2: Successfully started.
2025-07-14 15:00:05,014 [0f2a098c-ed74-48ca-a55f-ceee6161c687-PipelineCommandHandlerThread-0] INFO  ratis.XceiverServerRatis (XceiverServerRatis.java:addGroup(843)) - Created group Pipeline-46be4211-4322-4319-944a-9154c3440bb2
2025-07-14 15:00:05,014 [0f2a098c-ed74-48ca-a55f-ceee6161c687-PipelineCommandHandlerThread-0] INFO  commandhandler.CreatePipelineCommandHandler (CreatePipelineCommandHandler.java:lambda$handle$2(127)) - Created Pipeline RATIS ONE Pipeline-46be4211-4322-4319-944a-9154c3440bb2.
2025-07-14 15:00:05,014 [0f2a098c-ed74-48ca-a55f-ceee6161c687-PipelineCommandHandlerThread-0] INFO  server.RaftServer (RaftServerProxy.java:addNew(105)) - 0f2a098c-ed74-48ca-a55f-ceee6161c687: addNew group-25EDCEF96557:[0f2a098c-ed74-48ca-a55f-ceee6161c687|127.0.0.1:15023, 311b5faf-4d73-479d-9d03-a3296c64f810|127.0.0.1:15015, b5acb6b3-ef2b-41db-9bfa-77a47d0ca582|127.0.0.1:15031] returns group-25EDCEF96557:java.util.concurrent.CompletableFuture@60e12e5e[Not completed]
2025-07-14 15:00:05,016 [0f2a098c-ed74-48ca-a55f-ceee6161c687-groupManagement] INFO  server.RaftServer$Division (RaftServerImpl.java:<init>(268)) - 0f2a098c-ed74-48ca-a55f-ceee6161c687: new RaftServerImpl for group-25EDCEF96557:[0f2a098c-ed74-48ca-a55f-ceee6161c687|127.0.0.1:15023, 311b5faf-4d73-479d-9d03-a3296c64f810|127.0.0.1:15015, b5acb6b3-ef2b-41db-9bfa-77a47d0ca582|127.0.0.1:15031] with ContainerStateMachine:uninitialized
2025-07-14 15:00:05,016 [0f2a098c-ed74-48ca-a55f-ceee6161c687-groupManagement] INFO  server.RaftServer$Division (ServerState.java:<init>(114)) - 0f2a098c-ed74-48ca-a55f-ceee6161c687@group-25EDCEF96557: ConfigurationManager, init=conf: {index: -1, cur=peers:[0f2a098c-ed74-48ca-a55f-ceee6161c687|127.0.0.1:15023, 311b5faf-4d73-479d-9d03-a3296c64f810|127.0.0.1:15015, b5acb6b3-ef2b-41db-9bfa-77a47d0ca582|127.0.0.1:15031]|listeners:[], old=null}, confs=<EMPTY_MAP>
2025-07-14 15:00:05,024 [0f2a098c-ed74-48ca-a55f-ceee6161c687-groupManagement] INFO  storage.RaftStorageDirectory (RaftStorageDirectoryImpl.java:analyzeStorage(138)) - The storage directory /home/runner/work/ozone/ozone/hadoop-ozone/integration-test/target/test-dir/MiniOzoneClusterImpl-aaa7dc72-7fbf-48e0-acc5-129182712624/ozone-meta/datanode-2/ratis/1f04c3d8-3493-4c0a-ae6a-25edcef96557 does not exist. Creating ...
2025-07-14 15:00:05,027 [0f2a098c-ed74-48ca-a55f-ceee6161c687-groupManagement] INFO  storage.RaftStorageDirectory (RaftStorageDirectoryImpl.java:tryLock(229)) - Lock on /home/runner/work/ozone/ozone/hadoop-ozone/integration-test/target/test-dir/MiniOzoneClusterImpl-aaa7dc72-7fbf-48e0-acc5-129182712624/ozone-meta/datanode-2/ratis/1f04c3d8-3493-4c0a-ae6a-25edcef96557/in_use.lock acquired by nodename 18082@localhost
2025-07-14 15:00:05,029 [0f2a098c-ed74-48ca-a55f-ceee6161c687-groupManagement] INFO  storage.RaftStorage (RaftStorageImpl.java:format(98)) - Storage directory /home/runner/work/ozone/ozone/hadoop-ozone/integration-test/target/test-dir/MiniOzoneClusterImpl-aaa7dc72-7fbf-48e0-acc5-129182712624/ozone-meta/datanode-2/ratis/1f04c3d8-3493-4c0a-ae6a-25edcef96557 has been successfully formatted.
2025-07-14 15:00:05,029 [0f2a098c-ed74-48ca-a55f-ceee6161c687-groupManagement] INFO  ratis.ContainerStateMachine (ContainerStateMachine.java:initialize(339)) - 0f2a098c-ed74-48ca-a55f-ceee6161c687: initialize group-25EDCEF96557
2025-07-14 15:00:05,030 [0f2a098c-ed74-48ca-a55f-ceee6161c687-groupManagement] INFO  ratis.ContainerStateMachine (ContainerStateMachine.java:loadSnapshot(347)) - group-25EDCEF96557: The snapshot info is null. Setting the last applied index to:<INITIAL_VALUE>
2025-07-14 15:00:05,031 [0f2a098c-ed74-48ca-a55f-ceee6161c687-groupManagement] INFO  server.RaftServerConfigKeys (ConfUtils.java:logGet(62)) - raft.server.log.appender.buffer.byte-limit = 33554432 (custom)
2025-07-14 15:00:05,033 [EventQueue-PipelineReportForOneReplicaPipelineSafeModeRule] INFO  safemode.SCMSafeModeManager (SCMSafeModeManager.java:validateSafeModeExitRules(138)) - AtleastOneDatanodeReportedRule rule is successfully validated
2025-07-14 15:00:05,037 [0f2a098c-ed74-48ca-a55f-ceee6161c687-groupManagement] INFO  server.RaftServerConfigKeys (ConfUtils.java:logGet(62)) - raft.server.log.segment.size.max = 67108864 (custom)
2025-07-14 15:00:05,039 [0f2a098c-ed74-48ca-a55f-ceee6161c687-groupManagement] INFO  server.RaftServerConfigKeys (ConfUtils.java:logGet(62)) - raft.server.log.appender.buffer.byte-limit = 33554432 (custom)
2025-07-14 15:00:05,040 [0f2a098c-ed74-48ca-a55f-ceee6161c687-groupManagement] INFO  util.AwaitToRun (AwaitToRun.java:start(81)) - Thread[#1187,0f2a098c-ed74-48ca-a55f-ceee6161c687@group-25EDCEF96557-cacheEviction-AwaitToRun,5,main] started
2025-07-14 15:00:05,040 [0f2a098c-ed74-48ca-a55f-ceee6161c687-groupManagement] INFO  segmented.SegmentedRaftLogWorker (SegmentedRaftLogWorker.java:<init>(190)) - new 0f2a098c-ed74-48ca-a55f-ceee6161c687@group-25EDCEF96557-SegmentedRaftLogWorker for RaftStorageImpl:Storage Directory /home/runner/work/ozone/ozone/hadoop-ozone/integration-test/target/test-dir/MiniOzoneClusterImpl-aaa7dc72-7fbf-48e0-acc5-129182712624/ozone-meta/datanode-2/ratis/1f04c3d8-3493-4c0a-ae6a-25edcef96557
2025-07-14 15:00:05,041 [0f2a098c-ed74-48ca-a55f-ceee6161c687-groupManagement] INFO  server.RaftServerConfigKeys (ConfUtils.java:logGet(62)) - raft.server.log.queue.byte-limit = 4294967296 (custom)
2025-07-14 15:00:05,041 [0f2a098c-ed74-48ca-a55f-ceee6161c687-groupManagement] INFO  server.RaftServerConfigKeys (ConfUtils.java:logGet(62)) - raft.server.log.segment.size.max = 67108864 (custom)
2025-07-14 15:00:05,041 [0f2a098c-ed74-48ca-a55f-ceee6161c687-groupManagement] INFO  server.RaftServerConfigKeys (ConfUtils.java:logGet(62)) - raft.server.log.preallocated.size = 4194304 (custom)
2025-07-14 15:00:05,041 [0f2a098c-ed74-48ca-a55f-ceee6161c687-groupManagement] INFO  server.RaftServerConfigKeys (ConfUtils.java:logGet(62)) - raft.server.log.write.buffer.size = 33554440 (custom)
2025-07-14 15:00:05,048 [0f2a098c-ed74-48ca-a55f-ceee6161c687-groupManagement] INFO  server.RaftServerConfigKeys (ConfUtils.java:logGet(62)) - raft.server.log.appender.buffer.byte-limit = 33554432 (custom)
2025-07-14 15:00:05,049 [0f2a098c-ed74-48ca-a55f-ceee6161c687-groupManagement] INFO  segmented.SegmentedRaftLogWorker (SegmentedRaftLogWorker.java:lambda$new$0(141)) - 0f2a098c-ed74-48ca-a55f-ceee6161c687@group-25EDCEF96557-SegmentedRaftLogWorker: flushIndex: setUnconditionally 0 -> -1
2025-07-14 15:00:05,049 [0f2a098c-ed74-48ca-a55f-ceee6161c687-groupManagement] INFO  segmented.SegmentedRaftLogWorker (SegmentedRaftLogWorker.java:lambda$new$0(141)) - 0f2a098c-ed74-48ca-a55f-ceee6161c687@group-25EDCEF96557-SegmentedRaftLogWorker: safeCacheEvictIndex: setUnconditionally 0 -> -1
2025-07-14 15:00:05,051 [0f2a098c-ed74-48ca-a55f-ceee6161c687-groupManagement] INFO  server.RaftServer$Division (RaftServerImpl.java:start(405)) - 0f2a098c-ed74-48ca-a55f-ceee6161c687@group-25EDCEF96557: start as a follower, conf=conf: {index: -1, cur=peers:[0f2a098c-ed74-48ca-a55f-ceee6161c687|127.0.0.1:15023, 311b5faf-4d73-479d-9d03-a3296c64f810|127.0.0.1:15015, b5acb6b3-ef2b-41db-9bfa-77a47d0ca582|127.0.0.1:15031]|listeners:[], old=null}
2025-07-14 15:00:05,051 [EventQueue-PipelineReportForOneReplicaPipelineSafeModeRule] INFO  safemode.SCMSafeModeManager (SCMSafeModeManager.java:validateSafeModeExitRules(138)) - AtleastOneDatanodeReportedRule rule is successfully validated
2025-07-14 15:00:05,051 [0f2a098c-ed74-48ca-a55f-ceee6161c687-groupManagement] INFO  server.RaftServer$Division (RaftServerImpl.java:setRole(392)) - 0f2a098c-ed74-48ca-a55f-ceee6161c687@group-25EDCEF96557: changes role from      null to FOLLOWER at term 0 for startAsFollower
2025-07-14 15:00:05,051 [0f2a098c-ed74-48ca-a55f-ceee6161c687-groupManagement] INFO  impl.RoleInfo (RoleInfo.java:updateAndGet(148)) - 0f2a098c-ed74-48ca-a55f-ceee6161c687: start 0f2a098c-ed74-48ca-a55f-ceee6161c687@group-25EDCEF96557-FollowerState
2025-07-14 15:00:05,053 [0f2a098c-ed74-48ca-a55f-ceee6161c687-groupManagement] INFO  util.JmxRegister (JmxRegister.java:tryRegister(44)) - Successfully registered JMX Bean with object name Ratis:service=RaftServer,group=group-25EDCEF96557,id=0f2a098c-ed74-48ca-a55f-ceee6161c687
2025-07-14 15:00:05,053 [0f2a098c-ed74-48ca-a55f-ceee6161c687-groupManagement] INFO  util.JmxRegister (JmxRegister.java:register(58)) - register mxBean class org.apache.ratis.server.impl.RaftServerJmxAdapter as Ratis:service=RaftServer,group=group-25EDCEF96557,id=0f2a098c-ed74-48ca-a55f-ceee6161c687
2025-07-14 15:00:05,055 [0f2a098c-ed74-48ca-a55f-ceee6161c687-groupManagement] INFO  server.RaftServer$Division (RaftServerImpl.java:start(419)) - 0f2a098c-ed74-48ca-a55f-ceee6161c687@group-25EDCEF96557: Successfully started.
2025-07-14 15:00:05,055 [0f2a098c-ed74-48ca-a55f-ceee6161c687-PipelineCommandHandlerThread-0] INFO  ratis.XceiverServerRatis (XceiverServerRatis.java:addGroup(843)) - Created group Pipeline-1f04c3d8-3493-4c0a-ae6a-25edcef96557
2025-07-14 15:00:05,062 [EventQueue-PipelineReportForOneReplicaPipelineSafeModeRule] INFO  safemode.SCMSafeModeManager (SCMSafeModeManager.java:validateSafeModeExitRules(138)) - AtleastOneDatanodeReportedRule rule is successfully validated
2025-07-14 15:00:05,101 [IPC Server handler 9 on default port 15002] INFO  net.NetworkTopologyImpl (NetworkTopologyImpl.java:add(133)) - Added a new node: /default-rack/9eae2efb-1df6-4ce6-ae9d-8504348dafa1
2025-07-14 15:00:05,102 [IPC Server handler 9 on default port 15002] INFO  node.SCMNodeManager (SCMNodeManager.java:register(423)) - Registered datanode: 9eae2efb-1df6-4ce6-ae9d-8504348dafa1{ip: 127.0.0.1, host: localhost, ports: [HTTP=15074, CLIENT_RPC=15075, REPLICATION=15081, RATIS=15077, RATIS_ADMIN=15078, RATIS_SERVER=15079, RATIS_DATASTREAM=15080, STANDALONE=15076], networkLocation: /default-rack, certSerialId: null, persistedOpState: null, persistedOpStateExpiryEpochSec: 0}
2025-07-14 15:00:05,102 [EventQueue-ContainerRegistrationReportForECContainerSafeModeRule] INFO  safemode.SCMSafeModeManager (SCMSafeModeManager.java:validateSafeModeExitRules(138)) - ECContainerSafeModeRule rule is successfully validated
2025-07-14 15:00:05,102 [EventQueue-PipelineReportForOneReplicaPipelineSafeModeRule] INFO  safemode.SCMSafeModeManager (SCMSafeModeManager.java:validateSafeModeExitRules(138)) - AtleastOneDatanodeReportedRule rule is successfully validated
2025-07-14 15:00:05,103 [EventQueue-NodeRegistrationContainerReportForDataNodeSafeModeRule] INFO  safemode.SCMSafeModeManager (SCMSafeModeManager.java:validateSafeModeExitRules(138)) - DataNodeSafeModeRule rule is successfully validated
2025-07-14 15:00:05,103 [EventQueue-ContainerRegistrationReportForRatisContainerSafeModeRule] INFO  safemode.SCMSafeModeManager (SCMSafeModeManager.java:validateSafeModeExitRules(138)) - RatisContainerSafeModeRule rule is successfully validated
2025-07-14 15:00:05,103 [EventQueue-NewNodeForNewNodeHandler] INFO  pipeline.BackgroundPipelineCreator (BackgroundPipelineCreator.java:notifyEventTriggered(290)) - trigger a one-shot run on RatisPipelineUtilsThread.
2025-07-14 15:00:05,105 [RatisPipelineUtilsThread-0] INFO  pipeline.RatisPipelineProvider (RatisPipelineProvider.java:lambda$create$0(208)) - Sending CreatePipelineCommand for pipeline:Pipeline-4a5e7772-23e0-4722-b0d9-31293bad332b to datanode:9eae2efb-1df6-4ce6-ae9d-8504348dafa1(localhost/127.0.0.1)
2025-07-14 15:00:05,108 [grpc-default-executor-0] INFO  server.RaftServer (RaftServerProxy.java:addNew(105)) - b5acb6b3-ef2b-41db-9bfa-77a47d0ca582: addNew group-25EDCEF96557:[0f2a098c-ed74-48ca-a55f-ceee6161c687|127.0.0.1:15023, 311b5faf-4d73-479d-9d03-a3296c64f810|127.0.0.1:15015, b5acb6b3-ef2b-41db-9bfa-77a47d0ca582|127.0.0.1:15031] returns group-25EDCEF96557:java.util.concurrent.CompletableFuture@1def180a[Not completed]
2025-07-14 15:00:05,110 [b5acb6b3-ef2b-41db-9bfa-77a47d0ca582-groupManagement] INFO  server.RaftServer$Division (RaftServerImpl.java:<init>(268)) - b5acb6b3-ef2b-41db-9bfa-77a47d0ca582: new RaftServerImpl for group-25EDCEF96557:[0f2a098c-ed74-48ca-a55f-ceee6161c687|127.0.0.1:15023, 311b5faf-4d73-479d-9d03-a3296c64f810|127.0.0.1:15015, b5acb6b3-ef2b-41db-9bfa-77a47d0ca582|127.0.0.1:15031] with ContainerStateMachine:uninitialized
2025-07-14 15:00:05,110 [b5acb6b3-ef2b-41db-9bfa-77a47d0ca582-groupManagement] INFO  server.RaftServer$Division (ServerState.java:<init>(114)) - b5acb6b3-ef2b-41db-9bfa-77a47d0ca582@group-25EDCEF96557: ConfigurationManager, init=conf: {index: -1, cur=peers:[0f2a098c-ed74-48ca-a55f-ceee6161c687|127.0.0.1:15023, 311b5faf-4d73-479d-9d03-a3296c64f810|127.0.0.1:15015, b5acb6b3-ef2b-41db-9bfa-77a47d0ca582|127.0.0.1:15031]|listeners:[], old=null}, confs=<EMPTY_MAP>
2025-07-14 15:00:05,111 [grpc-default-executor-1] WARN  server.GrpcAdminProtocolService (GrpcAdminProtocolService.java:lambda$groupManagement$1(53)) - Failed groupManagement: GROUPADD, GroupManagementRequest:client-B340FEDA5331->b5acb6b3-ef2b-41db-9bfa-77a47d0ca582@group-25EDCEF96557, cid=2, seq=null, RW, null, Add:group-25EDCEF96557:[0f2a098c-ed74-48ca-a55f-ceee6161c687|127.0.0.1:15023, 311b5faf-4d73-479d-9d03-a3296c64f810|127.0.0.1:15015, b5acb6b3-ef2b-41db-9bfa-77a47d0ca582|127.0.0.1:15031]
java.util.concurrent.CompletionException: org.apache.ratis.protocol.exceptions.AlreadyExistsException: b5acb6b3-ef2b-41db-9bfa-77a47d0ca582: Failed to add group-25EDCEF96557:[0f2a098c-ed74-48ca-a55f-ceee6161c687|127.0.0.1:15023, 311b5faf-4d73-479d-9d03-a3296c64f810|127.0.0.1:15015, b5acb6b3-ef2b-41db-9bfa-77a47d0ca582|127.0.0.1:15031] since the group already exists in the map.
	at java.base/java.util.concurrent.CompletableFuture.encodeThrowable(CompletableFuture.java:332)
	at java.base/java.util.concurrent.CompletableFuture.uniApplyNow(CompletableFuture.java:674)
	at java.base/java.util.concurrent.CompletableFuture.uniApplyStage(CompletableFuture.java:662)
	at java.base/java.util.concurrent.CompletableFuture.thenApplyAsync(CompletableFuture.java:2210)
	at org.apache.ratis.server.impl.RaftServerProxy.groupAddAsync(RaftServerProxy.java:513)
	at org.apache.ratis.server.impl.RaftServerProxy.groupManagementAsync(RaftServerProxy.java:495)
	at org.apache.ratis.grpc.server.GrpcAdminProtocolService.lambda$groupManagement$0(GrpcAdminProtocolService.java:51)
	at org.apache.ratis.grpc.GrpcUtil.asyncCall(GrpcUtil.java:172)
	at org.apache.ratis.grpc.server.GrpcAdminProtocolService.groupManagement(GrpcAdminProtocolService.java:51)
	at org.apache.ratis.proto.grpc.AdminProtocolServiceGrpc$MethodHandlers.invoke(AdminProtocolServiceGrpc.java:701)
	at org.apache.ratis.thirdparty.io.grpc.stub.ServerCalls$UnaryServerCallHandler$UnaryServerCallListener.onHalfClose(ServerCalls.java:182)
	at org.apache.ratis.thirdparty.io.grpc.internal.ServerCallImpl$ServerStreamListenerImpl.halfClosed(ServerCallImpl.java:356)
	at org.apache.ratis.thirdparty.io.grpc.internal.ServerImpl$JumpToApplicationThreadServerStreamListener$1HalfClosed.runInContext(ServerImpl.java:861)
	at org.apache.ratis.thirdparty.io.grpc.internal.ContextRunnable.run(ContextRunnable.java:37)
	at org.apache.ratis.thirdparty.io.grpc.internal.SerializingExecutor.run(SerializingExecutor.java:133)
	at java.base/java.util.concurrent.ThreadPoolExecutor.runWorker(ThreadPoolExecutor.java:1144)
	at java.base/java.util.concurrent.ThreadPoolExecutor$Worker.run(ThreadPoolExecutor.java:642)
	at java.base/java.lang.Thread.run(Thread.java:1583)
Caused by: org.apache.ratis.protocol.exceptions.AlreadyExistsException: b5acb6b3-ef2b-41db-9bfa-77a47d0ca582: Failed to add group-25EDCEF96557:[0f2a098c-ed74-48ca-a55f-ceee6161c687|127.0.0.1:15023, 311b5faf-4d73-479d-9d03-a3296c64f810|127.0.0.1:15015, b5acb6b3-ef2b-41db-9bfa-77a47d0ca582|127.0.0.1:15031] since the group already exists in the map.
	at org.apache.ratis.server.impl.RaftServerProxy$ImplMap.addNew(RaftServerProxy.java:99)
	at org.apache.ratis.server.impl.RaftServerProxy.groupAddAsync(RaftServerProxy.java:512)
	... 13 more
2025-07-14 15:00:05,111 [e9aa665b-a6cb-4a48-961e-4c04ffb0bb5a@group-129182712624-StateMachineUpdater] INFO  safemode.SCMSafeModeManager (SCMSafeModeManager.java:validateSafeModeExitRules(138)) - DataNodeSafeModeRule rule is successfully validated
2025-07-14 15:00:05,112 [e9aa665b-a6cb-4a48-961e-4c04ffb0bb5a@group-129182712624-StateMachineUpdater] INFO  safemode.SCMSafeModeManager (SCMSafeModeManager.java:validateSafeModeExitRules(138)) - RatisContainerSafeModeRule rule is successfully validated
2025-07-14 15:00:05,112 [e9aa665b-a6cb-4a48-961e-4c04ffb0bb5a@group-129182712624-StateMachineUpdater] INFO  safemode.HealthyPipelineSafeModeRule (HealthyPipelineSafeModeRule.java:initializeRule(228)) - Refreshed total pipeline count is 0, healthy pipeline threshold count is 1
2025-07-14 15:00:05,112 [e9aa665b-a6cb-4a48-961e-4c04ffb0bb5a@group-129182712624-StateMachineUpdater] INFO  safemode.SCMSafeModeManager (SCMSafeModeManager.java:validateSafeModeExitRules(138)) - ECContainerSafeModeRule rule is successfully validated
2025-07-14 15:00:05,112 [e9aa665b-a6cb-4a48-961e-4c04ffb0bb5a@group-129182712624-StateMachineUpdater] INFO  safemode.SCMSafeModeManager (SCMSafeModeManager.java:validateSafeModeExitRules(138)) - AtleastOneDatanodeReportedRule rule is successfully validated
2025-07-14 15:00:05,113 [RatisPipelineUtilsThread-0] INFO  pipeline.BackgroundPipelineCreator (BackgroundPipelineCreator.java:createPipelines(246)) - Created new pipeline Pipeline{ Id: 4a5e7772-23e0-4722-b0d9-31293bad332b, Nodes: [ {9eae2efb-1df6-4ce6-ae9d-8504348dafa1(localhost/127.0.0.1), ReplicaIndex: 0},], ReplicationConfig: RATIS/ONE, State:ALLOCATED, leaderId:, CreationTimestamp2025-07-14T15:00:05.105202046Z[Etc/UTC]}
2025-07-14 15:00:05,115 [RatisPipelineUtilsThread-0] INFO  pipeline.RatisPipelineProvider (RatisPipelineProvider.java:lambda$create$0(208)) - Sending CreatePipelineCommand for pipeline:Pipeline-9b2abbda-a599-4d5c-9f68-1aebb7792e6d to datanode:9eae2efb-1df6-4ce6-ae9d-8504348dafa1(localhost/127.0.0.1)
2025-07-14 15:00:05,115 [RatisPipelineUtilsThread-0] INFO  pipeline.RatisPipelineProvider (RatisPipelineProvider.java:lambda$create$0(208)) - Sending CreatePipelineCommand for pipeline:Pipeline-9b2abbda-a599-4d5c-9f68-1aebb7792e6d to datanode:ac481237-f71e-4eeb-9120-a6c52bf83f13(localhost/127.0.0.1)
2025-07-14 15:00:05,116 [RatisPipelineUtilsThread-0] INFO  pipeline.RatisPipelineProvider (RatisPipelineProvider.java:lambda$create$0(208)) - Sending CreatePipelineCommand for pipeline:Pipeline-9b2abbda-a599-4d5c-9f68-1aebb7792e6d to datanode:89a738d3-0145-4b42-8b1b-b5be9f604b49(localhost/127.0.0.1)
2025-07-14 15:00:05,120 [EventQueue-PipelineReportForOneReplicaPipelineSafeModeRule] INFO  safemode.SCMSafeModeManager (SCMSafeModeManager.java:validateSafeModeExitRules(138)) - AtleastOneDatanodeReportedRule rule is successfully validated
2025-07-14 15:00:05,123 [e9aa665b-a6cb-4a48-961e-4c04ffb0bb5a@group-129182712624-StateMachineUpdater] INFO  safemode.SCMSafeModeManager (SCMSafeModeManager.java:validateSafeModeExitRules(138)) - DataNodeSafeModeRule rule is successfully validated
2025-07-14 15:00:05,124 [e9aa665b-a6cb-4a48-961e-4c04ffb0bb5a@group-129182712624-StateMachineUpdater] INFO  safemode.SCMSafeModeManager (SCMSafeModeManager.java:validateSafeModeExitRules(138)) - RatisContainerSafeModeRule rule is successfully validated
2025-07-14 15:00:05,124 [e9aa665b-a6cb-4a48-961e-4c04ffb0bb5a@group-129182712624-StateMachineUpdater] INFO  safemode.HealthyPipelineSafeModeRule (HealthyPipelineSafeModeRule.java:initializeRule(228)) - Refreshed total pipeline count is 0, healthy pipeline threshold count is 1
2025-07-14 15:00:05,124 [e9aa665b-a6cb-4a48-961e-4c04ffb0bb5a@group-129182712624-StateMachineUpdater] INFO  safemode.SCMSafeModeManager (SCMSafeModeManager.java:validateSafeModeExitRules(138)) - ECContainerSafeModeRule rule is successfully validated
2025-07-14 15:00:05,124 [e9aa665b-a6cb-4a48-961e-4c04ffb0bb5a@group-129182712624-StateMachineUpdater] INFO  safemode.SCMSafeModeManager (SCMSafeModeManager.java:validateSafeModeExitRules(138)) - AtleastOneDatanodeReportedRule rule is successfully validated
2025-07-14 15:00:05,125 [RatisPipelineUtilsThread-0] INFO  pipeline.BackgroundPipelineCreator (BackgroundPipelineCreator.java:createPipelines(246)) - Created new pipeline Pipeline{ Id: 9b2abbda-a599-4d5c-9f68-1aebb7792e6d, Nodes: [ {9eae2efb-1df6-4ce6-ae9d-8504348dafa1(localhost/127.0.0.1), ReplicaIndex: 0}, {ac481237-f71e-4eeb-9120-a6c52bf83f13(localhost/127.0.0.1), ReplicaIndex: 0}, {89a738d3-0145-4b42-8b1b-b5be9f604b49(localhost/127.0.0.1), ReplicaIndex: 0},], ReplicationConfig: RATIS/THREE, State:ALLOCATED, leaderId:, CreationTimestamp2025-07-14T15:00:05.115643527Z[Etc/UTC]}
2025-07-14 15:00:05,127 [b5acb6b3-ef2b-41db-9bfa-77a47d0ca582-groupManagement] INFO  server.RaftServerConfigKeys (ConfUtils.java:logGet(62)) - raft.server.storage.dir = [/home/runner/work/ozone/ozone/hadoop-ozone/integration-test/target/test-dir/MiniOzoneClusterImpl-aaa7dc72-7fbf-48e0-acc5-129182712624/ozone-meta/datanode-3/ratis] (custom)
2025-07-14 15:00:05,127 [b5acb6b3-ef2b-41db-9bfa-77a47d0ca582-groupManagement] INFO  storage.RaftStorageDirectory (RaftStorageDirectoryImpl.java:analyzeStorage(138)) - The storage directory /home/runner/work/ozone/ozone/hadoop-ozone/integration-test/target/test-dir/MiniOzoneClusterImpl-aaa7dc72-7fbf-48e0-acc5-129182712624/ozone-meta/datanode-3/ratis/1f04c3d8-3493-4c0a-ae6a-25edcef96557 does not exist. Creating ...
2025-07-14 15:00:05,128 [RatisPipelineUtilsThread-0] INFO  pipeline.RatisPipelineProvider (RatisPipelineProvider.java:lambda$create$0(208)) - Sending CreatePipelineCommand for pipeline:Pipeline-2a96270d-5a4d-4083-9a90-eabb3b9fb711 to datanode:89a738d3-0145-4b42-8b1b-b5be9f604b49(localhost/127.0.0.1)
2025-07-14 15:00:05,128 [RatisPipelineUtilsThread-0] INFO  pipeline.RatisPipelineProvider (RatisPipelineProvider.java:lambda$create$0(208)) - Sending CreatePipelineCommand for pipeline:Pipeline-2a96270d-5a4d-4083-9a90-eabb3b9fb711 to datanode:9eae2efb-1df6-4ce6-ae9d-8504348dafa1(localhost/127.0.0.1)
2025-07-14 15:00:05,128 [RatisPipelineUtilsThread-0] INFO  pipeline.RatisPipelineProvider (RatisPipelineProvider.java:lambda$create$0(208)) - Sending CreatePipelineCommand for pipeline:Pipeline-2a96270d-5a4d-4083-9a90-eabb3b9fb711 to datanode:ac481237-f71e-4eeb-9120-a6c52bf83f13(localhost/127.0.0.1)
2025-07-14 15:00:05,129 [b5acb6b3-ef2b-41db-9bfa-77a47d0ca582-groupManagement] INFO  storage.RaftStorageDirectory (RaftStorageDirectoryImpl.java:tryLock(229)) - Lock on /home/runner/work/ozone/ozone/hadoop-ozone/integration-test/target/test-dir/MiniOzoneClusterImpl-aaa7dc72-7fbf-48e0-acc5-129182712624/ozone-meta/datanode-3/ratis/1f04c3d8-3493-4c0a-ae6a-25edcef96557/in_use.lock acquired by nodename 18082@localhost
2025-07-14 15:00:05,133 [b5acb6b3-ef2b-41db-9bfa-77a47d0ca582-groupManagement] INFO  storage.RaftStorage (RaftStorageImpl.java:format(98)) - Storage directory /home/runner/work/ozone/ozone/hadoop-ozone/integration-test/target/test-dir/MiniOzoneClusterImpl-aaa7dc72-7fbf-48e0-acc5-129182712624/ozone-meta/datanode-3/ratis/1f04c3d8-3493-4c0a-ae6a-25edcef96557 has been successfully formatted.
2025-07-14 15:00:05,133 [b5acb6b3-ef2b-41db-9bfa-77a47d0ca582-groupManagement] INFO  ratis.ContainerStateMachine (ContainerStateMachine.java:initialize(339)) - b5acb6b3-ef2b-41db-9bfa-77a47d0ca582: initialize group-25EDCEF96557
2025-07-14 15:00:05,133 [b5acb6b3-ef2b-41db-9bfa-77a47d0ca582-groupManagement] INFO  ratis.ContainerStateMachine (ContainerStateMachine.java:loadSnapshot(347)) - group-25EDCEF96557: The snapshot info is null. Setting the last applied index to:<INITIAL_VALUE>
2025-07-14 15:00:05,134 [b5acb6b3-ef2b-41db-9bfa-77a47d0ca582-groupManagement] INFO  server.RaftServerConfigKeys (ConfUtils.java:logGet(62)) - raft.server.log.appender.buffer.byte-limit = 33554432 (custom)
2025-07-14 15:00:05,138 [EventQueue-PipelineReportForOneReplicaPipelineSafeModeRule] INFO  safemode.SCMSafeModeManager (SCMSafeModeManager.java:validateSafeModeExitRules(138)) - AtleastOneDatanodeReportedRule rule is successfully validated
2025-07-14 15:00:05,139 [e9aa665b-a6cb-4a48-961e-4c04ffb0bb5a@group-129182712624-StateMachineUpdater] INFO  safemode.SCMSafeModeManager (SCMSafeModeManager.java:validateSafeModeExitRules(138)) - DataNodeSafeModeRule rule is successfully validated
2025-07-14 15:00:05,139 [e9aa665b-a6cb-4a48-961e-4c04ffb0bb5a@group-129182712624-StateMachineUpdater] INFO  safemode.SCMSafeModeManager (SCMSafeModeManager.java:validateSafeModeExitRules(138)) - RatisContainerSafeModeRule rule is successfully validated
2025-07-14 15:00:05,139 [e9aa665b-a6cb-4a48-961e-4c04ffb0bb5a@group-129182712624-StateMachineUpdater] INFO  safemode.HealthyPipelineSafeModeRule (HealthyPipelineSafeModeRule.java:initializeRule(228)) - Refreshed total pipeline count is 0, healthy pipeline threshold count is 1
2025-07-14 15:00:05,139 [e9aa665b-a6cb-4a48-961e-4c04ffb0bb5a@group-129182712624-StateMachineUpdater] INFO  safemode.SCMSafeModeManager (SCMSafeModeManager.java:validateSafeModeExitRules(138)) - ECContainerSafeModeRule rule is successfully validated
2025-07-14 15:00:05,139 [e9aa665b-a6cb-4a48-961e-4c04ffb0bb5a@group-129182712624-StateMachineUpdater] INFO  safemode.SCMSafeModeManager (SCMSafeModeManager.java:validateSafeModeExitRules(138)) - AtleastOneDatanodeReportedRule rule is successfully validated
2025-07-14 15:00:05,141 [RatisPipelineUtilsThread-0] INFO  pipeline.PipelineManagerImpl (PipelineManagerImpl.java:recordMetricsForPipeline(922)) - Pipeline-2a96270d-5a4d-4083-9a90-eabb3b9fb711 and Pipeline-9b2abbda-a599-4d5c-9f68-1aebb7792e6d have exactly the same set of datanodes: [89a738d3-0145-4b42-8b1b-b5be9f604b49(localhost/127.0.0.1), 9eae2efb-1df6-4ce6-ae9d-8504348dafa1(localhost/127.0.0.1), ac481237-f71e-4eeb-9120-a6c52bf83f13(localhost/127.0.0.1)]
2025-07-14 15:00:05,141 [RatisPipelineUtilsThread-0] INFO  pipeline.BackgroundPipelineCreator (BackgroundPipelineCreator.java:createPipelines(246)) - Created new pipeline Pipeline{ Id: 2a96270d-5a4d-4083-9a90-eabb3b9fb711, Nodes: [ {89a738d3-0145-4b42-8b1b-b5be9f604b49(localhost/127.0.0.1), ReplicaIndex: 0}, {9eae2efb-1df6-4ce6-ae9d-8504348dafa1(localhost/127.0.0.1), ReplicaIndex: 0}, {ac481237-f71e-4eeb-9120-a6c52bf83f13(localhost/127.0.0.1), ReplicaIndex: 0},], ReplicationConfig: RATIS/THREE, State:ALLOCATED, leaderId:, CreationTimestamp2025-07-14T15:00:05.128541269Z[Etc/UTC]}
2025-07-14 15:00:05,141 [b5acb6b3-ef2b-41db-9bfa-77a47d0ca582-groupManagement] INFO  server.RaftServerConfigKeys (ConfUtils.java:logGet(62)) - raft.server.log.segment.size.max = 67108864 (custom)
2025-07-14 15:00:05,143 [b5acb6b3-ef2b-41db-9bfa-77a47d0ca582-groupManagement] INFO  server.RaftServerConfigKeys (ConfUtils.java:logGet(62)) - raft.server.log.appender.buffer.byte-limit = 33554432 (custom)
2025-07-14 15:00:05,144 [b5acb6b3-ef2b-41db-9bfa-77a47d0ca582-groupManagement] INFO  util.AwaitToRun (AwaitToRun.java:start(81)) - Thread[#1193,b5acb6b3-ef2b-41db-9bfa-77a47d0ca582@group-25EDCEF96557-cacheEviction-AwaitToRun,5,main] started
2025-07-14 15:00:05,144 [b5acb6b3-ef2b-41db-9bfa-77a47d0ca582-groupManagement] INFO  segmented.SegmentedRaftLogWorker (SegmentedRaftLogWorker.java:<init>(190)) - new b5acb6b3-ef2b-41db-9bfa-77a47d0ca582@group-25EDCEF96557-SegmentedRaftLogWorker for RaftStorageImpl:Storage Directory /home/runner/work/ozone/ozone/hadoop-ozone/integration-test/target/test-dir/MiniOzoneClusterImpl-aaa7dc72-7fbf-48e0-acc5-129182712624/ozone-meta/datanode-3/ratis/1f04c3d8-3493-4c0a-ae6a-25edcef96557
2025-07-14 15:00:05,144 [b5acb6b3-ef2b-41db-9bfa-77a47d0ca582-groupManagement] INFO  server.RaftServerConfigKeys (ConfUtils.java:logGet(62)) - raft.server.log.queue.byte-limit = 4294967296 (custom)
2025-07-14 15:00:05,144 [b5acb6b3-ef2b-41db-9bfa-77a47d0ca582-groupManagement] INFO  server.RaftServerConfigKeys (ConfUtils.java:logGet(62)) - raft.server.log.segment.size.max = 67108864 (custom)
2025-07-14 15:00:05,144 [b5acb6b3-ef2b-41db-9bfa-77a47d0ca582-groupManagement] INFO  server.RaftServerConfigKeys (ConfUtils.java:logGet(62)) - raft.server.log.preallocated.size = 4194304 (custom)
2025-07-14 15:00:05,145 [b5acb6b3-ef2b-41db-9bfa-77a47d0ca582-groupManagement] INFO  server.RaftServerConfigKeys (ConfUtils.java:logGet(62)) - raft.server.log.write.buffer.size = 33554440 (custom)
2025-07-14 15:00:05,152 [b5acb6b3-ef2b-41db-9bfa-77a47d0ca582-groupManagement] INFO  server.RaftServerConfigKeys (ConfUtils.java:logGet(62)) - raft.server.log.appender.buffer.byte-limit = 33554432 (custom)
2025-07-14 15:00:05,152 [b5acb6b3-ef2b-41db-9bfa-77a47d0ca582-groupManagement] INFO  segmented.SegmentedRaftLogWorker (SegmentedRaftLogWorker.java:lambda$new$0(141)) - b5acb6b3-ef2b-41db-9bfa-77a47d0ca582@group-25EDCEF96557-SegmentedRaftLogWorker: flushIndex: setUnconditionally 0 -> -1
2025-07-14 15:00:05,152 [b5acb6b3-ef2b-41db-9bfa-77a47d0ca582-groupManagement] INFO  segmented.SegmentedRaftLogWorker (SegmentedRaftLogWorker.java:lambda$new$0(141)) - b5acb6b3-ef2b-41db-9bfa-77a47d0ca582@group-25EDCEF96557-SegmentedRaftLogWorker: safeCacheEvictIndex: setUnconditionally 0 -> -1
2025-07-14 15:00:05,153 [b5acb6b3-ef2b-41db-9bfa-77a47d0ca582-groupManagement] INFO  server.RaftServer$Division (RaftServerImpl.java:start(405)) - b5acb6b3-ef2b-41db-9bfa-77a47d0ca582@group-25EDCEF96557: start as a follower, conf=conf: {index: -1, cur=peers:[0f2a098c-ed74-48ca-a55f-ceee6161c687|127.0.0.1:15023, 311b5faf-4d73-479d-9d03-a3296c64f810|127.0.0.1:15015, b5acb6b3-ef2b-41db-9bfa-77a47d0ca582|127.0.0.1:15031]|listeners:[], old=null}
2025-07-14 15:00:05,153 [b5acb6b3-ef2b-41db-9bfa-77a47d0ca582-groupManagement] INFO  server.RaftServer$Division (RaftServerImpl.java:setRole(392)) - b5acb6b3-ef2b-41db-9bfa-77a47d0ca582@group-25EDCEF96557: changes role from      null to FOLLOWER at term 0 for startAsFollower
2025-07-14 15:00:05,154 [b5acb6b3-ef2b-41db-9bfa-77a47d0ca582-groupManagement] INFO  impl.RoleInfo (RoleInfo.java:updateAndGet(148)) - b5acb6b3-ef2b-41db-9bfa-77a47d0ca582: start b5acb6b3-ef2b-41db-9bfa-77a47d0ca582@group-25EDCEF96557-FollowerState
2025-07-14 15:00:05,154 [b5acb6b3-ef2b-41db-9bfa-77a47d0ca582-groupManagement] INFO  util.JmxRegister (JmxRegister.java:tryRegister(44)) - Successfully registered JMX Bean with object name Ratis:service=RaftServer,group=group-25EDCEF96557,id=b5acb6b3-ef2b-41db-9bfa-77a47d0ca582
2025-07-14 15:00:05,154 [b5acb6b3-ef2b-41db-9bfa-77a47d0ca582-groupManagement] INFO  util.JmxRegister (JmxRegister.java:register(58)) - register mxBean class org.apache.ratis.server.impl.RaftServerJmxAdapter as Ratis:service=RaftServer,group=group-25EDCEF96557,id=b5acb6b3-ef2b-41db-9bfa-77a47d0ca582
2025-07-14 15:00:05,156 [b5acb6b3-ef2b-41db-9bfa-77a47d0ca582-groupManagement] INFO  server.RaftServer$Division (RaftServerImpl.java:start(419)) - b5acb6b3-ef2b-41db-9bfa-77a47d0ca582@group-25EDCEF96557: Successfully started.
2025-07-14 15:00:05,166 [EventQueue-PipelineReportForOneReplicaPipelineSafeModeRule] INFO  safemode.SCMSafeModeManager (SCMSafeModeManager.java:validateSafeModeExitRules(138)) - AtleastOneDatanodeReportedRule rule is successfully validated
2025-07-14 15:00:05,174 [grpc-default-executor-1] WARN  server.GrpcAdminProtocolService (GrpcAdminProtocolService.java:lambda$groupManagement$1(53)) - Failed groupManagement: GROUPADD, GroupManagementRequest:client-057910CDB1B5->311b5faf-4d73-479d-9d03-a3296c64f810@group-25EDCEF96557, cid=3, seq=null, RW, null, Add:group-25EDCEF96557:[0f2a098c-ed74-48ca-a55f-ceee6161c687|127.0.0.1:15023, 311b5faf-4d73-479d-9d03-a3296c64f810|127.0.0.1:15015, b5acb6b3-ef2b-41db-9bfa-77a47d0ca582|127.0.0.1:15031]
java.util.concurrent.CompletionException: org.apache.ratis.protocol.exceptions.AlreadyExistsException: 311b5faf-4d73-479d-9d03-a3296c64f810: Failed to add group-25EDCEF96557:[0f2a098c-ed74-48ca-a55f-ceee6161c687|127.0.0.1:15023, 311b5faf-4d73-479d-9d03-a3296c64f810|127.0.0.1:15015, b5acb6b3-ef2b-41db-9bfa-77a47d0ca582|127.0.0.1:15031] since the group already exists in the map.
	at java.base/java.util.concurrent.CompletableFuture.encodeThrowable(CompletableFuture.java:332)
	at java.base/java.util.concurrent.CompletableFuture.uniApplyNow(CompletableFuture.java:674)
	at java.base/java.util.concurrent.CompletableFuture.uniApplyStage(CompletableFuture.java:662)
	at java.base/java.util.concurrent.CompletableFuture.thenApplyAsync(CompletableFuture.java:2210)
	at org.apache.ratis.server.impl.RaftServerProxy.groupAddAsync(RaftServerProxy.java:513)
	at org.apache.ratis.server.impl.RaftServerProxy.groupManagementAsync(RaftServerProxy.java:495)
	at org.apache.ratis.grpc.server.GrpcAdminProtocolService.lambda$groupManagement$0(GrpcAdminProtocolService.java:51)
	at org.apache.ratis.grpc.GrpcUtil.asyncCall(GrpcUtil.java:172)
	at org.apache.ratis.grpc.server.GrpcAdminProtocolService.groupManagement(GrpcAdminProtocolService.java:51)
	at org.apache.ratis.proto.grpc.AdminProtocolServiceGrpc$MethodHandlers.invoke(AdminProtocolServiceGrpc.java:701)
	at org.apache.ratis.thirdparty.io.grpc.stub.ServerCalls$UnaryServerCallHandler$UnaryServerCallListener.onHalfClose(ServerCalls.java:182)
	at org.apache.ratis.thirdparty.io.grpc.internal.ServerCallImpl$ServerStreamListenerImpl.halfClosed(ServerCallImpl.java:356)
	at org.apache.ratis.thirdparty.io.grpc.internal.ServerImpl$JumpToApplicationThreadServerStreamListener$1HalfClosed.runInContext(ServerImpl.java:861)
	at org.apache.ratis.thirdparty.io.grpc.internal.ContextRunnable.run(ContextRunnable.java:37)
	at org.apache.ratis.thirdparty.io.grpc.internal.SerializingExecutor.run(SerializingExecutor.java:133)
	at java.base/java.util.concurrent.ThreadPoolExecutor.runWorker(ThreadPoolExecutor.java:1144)
	at java.base/java.util.concurrent.ThreadPoolExecutor$Worker.run(ThreadPoolExecutor.java:642)
	at java.base/java.lang.Thread.run(Thread.java:1583)
Caused by: org.apache.ratis.protocol.exceptions.AlreadyExistsException: 311b5faf-4d73-479d-9d03-a3296c64f810: Failed to add group-25EDCEF96557:[0f2a098c-ed74-48ca-a55f-ceee6161c687|127.0.0.1:15023, 311b5faf-4d73-479d-9d03-a3296c64f810|127.0.0.1:15015, b5acb6b3-ef2b-41db-9bfa-77a47d0ca582|127.0.0.1:15031] since the group already exists in the map.
	at org.apache.ratis.server.impl.RaftServerProxy$ImplMap.addNew(RaftServerProxy.java:99)
	at org.apache.ratis.server.impl.RaftServerProxy.groupAddAsync(RaftServerProxy.java:512)
	... 13 more
2025-07-14 15:00:05,181 [EventQueue-PipelineReportForOneReplicaPipelineSafeModeRule] INFO  safemode.SCMSafeModeManager (SCMSafeModeManager.java:validateSafeModeExitRules(138)) - AtleastOneDatanodeReportedRule rule is successfully validated
2025-07-14 15:00:05,186 [0f2a098c-ed74-48ca-a55f-ceee6161c687-PipelineCommandHandlerThread-0] INFO  commandhandler.CreatePipelineCommandHandler (CreatePipelineCommandHandler.java:lambda$handle$2(127)) - Created Pipeline RATIS THREE Pipeline-1f04c3d8-3493-4c0a-ae6a-25edcef96557.
2025-07-14 15:00:05,186 [0f2a098c-ed74-48ca-a55f-ceee6161c687-PipelineCommandHandlerThread-0] INFO  server.RaftServer (RaftServerProxy.java:addNew(105)) - 0f2a098c-ed74-48ca-a55f-ceee6161c687: addNew group-A15D2AD9FF5A:[0f2a098c-ed74-48ca-a55f-ceee6161c687|127.0.0.1:15023, 311b5faf-4d73-479d-9d03-a3296c64f810|127.0.0.1:15015, b5acb6b3-ef2b-41db-9bfa-77a47d0ca582|127.0.0.1:15031] returns group-A15D2AD9FF5A:java.util.concurrent.CompletableFuture@d131fa2[Not completed]
2025-07-14 15:00:05,188 [0f2a098c-ed74-48ca-a55f-ceee6161c687-groupManagement] INFO  server.RaftServer$Division (RaftServerImpl.java:<init>(268)) - 0f2a098c-ed74-48ca-a55f-ceee6161c687: new RaftServerImpl for group-A15D2AD9FF5A:[0f2a098c-ed74-48ca-a55f-ceee6161c687|127.0.0.1:15023, 311b5faf-4d73-479d-9d03-a3296c64f810|127.0.0.1:15015, b5acb6b3-ef2b-41db-9bfa-77a47d0ca582|127.0.0.1:15031] with ContainerStateMachine:uninitialized
2025-07-14 15:00:05,188 [0f2a098c-ed74-48ca-a55f-ceee6161c687-groupManagement] INFO  server.RaftServer$Division (ServerState.java:<init>(114)) - 0f2a098c-ed74-48ca-a55f-ceee6161c687@group-A15D2AD9FF5A: ConfigurationManager, init=conf: {index: -1, cur=peers:[0f2a098c-ed74-48ca-a55f-ceee6161c687|127.0.0.1:15023, 311b5faf-4d73-479d-9d03-a3296c64f810|127.0.0.1:15015, b5acb6b3-ef2b-41db-9bfa-77a47d0ca582|127.0.0.1:15031]|listeners:[], old=null}, confs=<EMPTY_MAP>
2025-07-14 15:00:05,197 [0f2a098c-ed74-48ca-a55f-ceee6161c687-groupManagement] INFO  server.RaftServerConfigKeys (ConfUtils.java:logGet(62)) - raft.server.storage.dir = [/home/runner/work/ozone/ozone/hadoop-ozone/integration-test/target/test-dir/MiniOzoneClusterImpl-aaa7dc72-7fbf-48e0-acc5-129182712624/ozone-meta/datanode-2/ratis] (custom)
2025-07-14 15:00:05,198 [0f2a098c-ed74-48ca-a55f-ceee6161c687-groupManagement] INFO  storage.RaftStorageDirectory (RaftStorageDirectoryImpl.java:analyzeStorage(138)) - The storage directory /home/runner/work/ozone/ozone/hadoop-ozone/integration-test/target/test-dir/MiniOzoneClusterImpl-aaa7dc72-7fbf-48e0-acc5-129182712624/ozone-meta/datanode-2/ratis/b5e3c89b-aaaa-44fc-9b61-a15d2ad9ff5a does not exist. Creating ...
2025-07-14 15:00:05,198 [grpc-default-executor-1] WARN  server.GrpcAdminProtocolService (GrpcAdminProtocolService.java:lambda$groupManagement$1(53)) - Failed groupManagement: GROUPADD, GroupManagementRequest:client-5488D8039C62->0f2a098c-ed74-48ca-a55f-ceee6161c687@group-25EDCEF96557, cid=4, seq=null, RW, null, Add:group-25EDCEF96557:[0f2a098c-ed74-48ca-a55f-ceee6161c687|127.0.0.1:15023, 311b5faf-4d73-479d-9d03-a3296c64f810|127.0.0.1:15015, b5acb6b3-ef2b-41db-9bfa-77a47d0ca582|127.0.0.1:15031]
java.util.concurrent.CompletionException: org.apache.ratis.protocol.exceptions.AlreadyExistsException: 0f2a098c-ed74-48ca-a55f-ceee6161c687: Failed to add group-25EDCEF96557:[0f2a098c-ed74-48ca-a55f-ceee6161c687|127.0.0.1:15023, 311b5faf-4d73-479d-9d03-a3296c64f810|127.0.0.1:15015, b5acb6b3-ef2b-41db-9bfa-77a47d0ca582|127.0.0.1:15031] since the group already exists in the map.
	at java.base/java.util.concurrent.CompletableFuture.encodeThrowable(CompletableFuture.java:332)
	at java.base/java.util.concurrent.CompletableFuture.uniApplyNow(CompletableFuture.java:674)
	at java.base/java.util.concurrent.CompletableFuture.uniApplyStage(CompletableFuture.java:662)
	at java.base/java.util.concurrent.CompletableFuture.thenApplyAsync(CompletableFuture.java:2210)
	at org.apache.ratis.server.impl.RaftServerProxy.groupAddAsync(RaftServerProxy.java:513)
	at org.apache.ratis.server.impl.RaftServerProxy.groupManagementAsync(RaftServerProxy.java:495)
	at org.apache.ratis.grpc.server.GrpcAdminProtocolService.lambda$groupManagement$0(GrpcAdminProtocolService.java:51)
	at org.apache.ratis.grpc.GrpcUtil.asyncCall(GrpcUtil.java:172)
	at org.apache.ratis.grpc.server.GrpcAdminProtocolService.groupManagement(GrpcAdminProtocolService.java:51)
	at org.apache.ratis.proto.grpc.AdminProtocolServiceGrpc$MethodHandlers.invoke(AdminProtocolServiceGrpc.java:701)
	at org.apache.ratis.thirdparty.io.grpc.stub.ServerCalls$UnaryServerCallHandler$UnaryServerCallListener.onHalfClose(ServerCalls.java:182)
	at org.apache.ratis.thirdparty.io.grpc.internal.ServerCallImpl$ServerStreamListenerImpl.halfClosed(ServerCallImpl.java:356)
	at org.apache.ratis.thirdparty.io.grpc.internal.ServerImpl$JumpToApplicationThreadServerStreamListener$1HalfClosed.runInContext(ServerImpl.java:861)
	at org.apache.ratis.thirdparty.io.grpc.internal.ContextRunnable.run(ContextRunnable.java:37)
	at org.apache.ratis.thirdparty.io.grpc.internal.SerializingExecutor.run(SerializingExecutor.java:133)
	at java.base/java.util.concurrent.ThreadPoolExecutor.runWorker(ThreadPoolExecutor.java:1144)
	at java.base/java.util.concurrent.ThreadPoolExecutor$Worker.run(ThreadPoolExecutor.java:642)
	at java.base/java.lang.Thread.run(Thread.java:1583)
Caused by: org.apache.ratis.protocol.exceptions.AlreadyExistsException: 0f2a098c-ed74-48ca-a55f-ceee6161c687: Failed to add group-25EDCEF96557:[0f2a098c-ed74-48ca-a55f-ceee6161c687|127.0.0.1:15023, 311b5faf-4d73-479d-9d03-a3296c64f810|127.0.0.1:15015, b5acb6b3-ef2b-41db-9bfa-77a47d0ca582|127.0.0.1:15031] since the group already exists in the map.
	at org.apache.ratis.server.impl.RaftServerProxy$ImplMap.addNew(RaftServerProxy.java:99)
	at org.apache.ratis.server.impl.RaftServerProxy.groupAddAsync(RaftServerProxy.java:512)
	... 13 more
2025-07-14 15:00:05,199 [0f2a098c-ed74-48ca-a55f-ceee6161c687-groupManagement] INFO  storage.RaftStorageDirectory (RaftStorageDirectoryImpl.java:tryLock(229)) - Lock on /home/runner/work/ozone/ozone/hadoop-ozone/integration-test/target/test-dir/MiniOzoneClusterImpl-aaa7dc72-7fbf-48e0-acc5-129182712624/ozone-meta/datanode-2/ratis/b5e3c89b-aaaa-44fc-9b61-a15d2ad9ff5a/in_use.lock acquired by nodename 18082@localhost
2025-07-14 15:00:05,201 [0f2a098c-ed74-48ca-a55f-ceee6161c687-groupManagement] INFO  storage.RaftStorage (RaftStorageImpl.java:format(98)) - Storage directory /home/runner/work/ozone/ozone/hadoop-ozone/integration-test/target/test-dir/MiniOzoneClusterImpl-aaa7dc72-7fbf-48e0-acc5-129182712624/ozone-meta/datanode-2/ratis/b5e3c89b-aaaa-44fc-9b61-a15d2ad9ff5a has been successfully formatted.
2025-07-14 15:00:05,203 [0f2a098c-ed74-48ca-a55f-ceee6161c687-groupManagement] INFO  ratis.ContainerStateMachine (ContainerStateMachine.java:initialize(339)) - 0f2a098c-ed74-48ca-a55f-ceee6161c687: initialize group-A15D2AD9FF5A
2025-07-14 15:00:05,203 [0f2a098c-ed74-48ca-a55f-ceee6161c687-groupManagement] INFO  ratis.ContainerStateMachine (ContainerStateMachine.java:loadSnapshot(347)) - group-A15D2AD9FF5A: The snapshot info is null. Setting the last applied index to:<INITIAL_VALUE>
2025-07-14 15:00:05,203 [0f2a098c-ed74-48ca-a55f-ceee6161c687-groupManagement] INFO  server.RaftServerConfigKeys (ConfUtils.java:logGet(62)) - raft.server.log.appender.buffer.byte-limit = 33554432 (custom)
2025-07-14 15:00:05,204 [b5acb6b3-ef2b-41db-9bfa-77a47d0ca582-PipelineCommandHandlerThread-0] INFO  server.RaftServer (RaftServerProxy.java:addNew(105)) - b5acb6b3-ef2b-41db-9bfa-77a47d0ca582: addNew group-C3C32CA5A066:[b5acb6b3-ef2b-41db-9bfa-77a47d0ca582|127.0.0.1:15031] returns group-C3C32CA5A066:java.util.concurrent.CompletableFuture@2a87c150[Not completed]
2025-07-14 15:00:05,205 [EventQueue-PipelineReportForOneReplicaPipelineSafeModeRule] INFO  safemode.SCMSafeModeManager (SCMSafeModeManager.java:validateSafeModeExitRules(138)) - AtleastOneDatanodeReportedRule rule is successfully validated
2025-07-14 15:00:05,207 [b5acb6b3-ef2b-41db-9bfa-77a47d0ca582-groupManagement] INFO  server.RaftServer$Division (RaftServerImpl.java:<init>(268)) - b5acb6b3-ef2b-41db-9bfa-77a47d0ca582: new RaftServerImpl for group-C3C32CA5A066:[b5acb6b3-ef2b-41db-9bfa-77a47d0ca582|127.0.0.1:15031] with ContainerStateMachine:uninitialized
2025-07-14 15:00:05,208 [b5acb6b3-ef2b-41db-9bfa-77a47d0ca582-groupManagement] INFO  server.RaftServer$Division (ServerState.java:<init>(114)) - b5acb6b3-ef2b-41db-9bfa-77a47d0ca582@group-C3C32CA5A066: ConfigurationManager, init=conf: {index: -1, cur=peers:[b5acb6b3-ef2b-41db-9bfa-77a47d0ca582|127.0.0.1:15031]|listeners:[], old=null}, confs=<EMPTY_MAP>
2025-07-14 15:00:05,209 [0f2a098c-ed74-48ca-a55f-ceee6161c687-groupManagement] INFO  server.RaftServerConfigKeys (ConfUtils.java:logGet(62)) - raft.server.log.segment.size.max = 67108864 (custom)
2025-07-14 15:00:05,210 [0f2a098c-ed74-48ca-a55f-ceee6161c687-groupManagement] INFO  server.RaftServerConfigKeys (ConfUtils.java:logGet(62)) - raft.server.log.appender.buffer.byte-limit = 33554432 (custom)
2025-07-14 15:00:05,212 [0f2a098c-ed74-48ca-a55f-ceee6161c687-groupManagement] INFO  util.AwaitToRun (AwaitToRun.java:start(81)) - Thread[#1207,0f2a098c-ed74-48ca-a55f-ceee6161c687@group-A15D2AD9FF5A-cacheEviction-AwaitToRun,5,main] started
2025-07-14 15:00:05,212 [0f2a098c-ed74-48ca-a55f-ceee6161c687-groupManagement] INFO  segmented.SegmentedRaftLogWorker (SegmentedRaftLogWorker.java:<init>(190)) - new 0f2a098c-ed74-48ca-a55f-ceee6161c687@group-A15D2AD9FF5A-SegmentedRaftLogWorker for RaftStorageImpl:Storage Directory /home/runner/work/ozone/ozone/hadoop-ozone/integration-test/target/test-dir/MiniOzoneClusterImpl-aaa7dc72-7fbf-48e0-acc5-129182712624/ozone-meta/datanode-2/ratis/b5e3c89b-aaaa-44fc-9b61-a15d2ad9ff5a
2025-07-14 15:00:05,212 [0f2a098c-ed74-48ca-a55f-ceee6161c687-groupManagement] INFO  server.RaftServerConfigKeys (ConfUtils.java:logGet(62)) - raft.server.log.queue.byte-limit = 4294967296 (custom)
2025-07-14 15:00:05,212 [0f2a098c-ed74-48ca-a55f-ceee6161c687-groupManagement] INFO  server.RaftServerConfigKeys (ConfUtils.java:logGet(62)) - raft.server.log.segment.size.max = 67108864 (custom)
2025-07-14 15:00:05,212 [0f2a098c-ed74-48ca-a55f-ceee6161c687-groupManagement] INFO  server.RaftServerConfigKeys (ConfUtils.java:logGet(62)) - raft.server.log.preallocated.size = 4194304 (custom)
2025-07-14 15:00:05,213 [0f2a098c-ed74-48ca-a55f-ceee6161c687-groupManagement] INFO  server.RaftServerConfigKeys (ConfUtils.java:logGet(62)) - raft.server.log.write.buffer.size = 33554440 (custom)
2025-07-14 15:00:05,215 [311b5faf-4d73-479d-9d03-a3296c64f810-PipelineCommandHandlerThread-0] INFO  commandhandler.CreatePipelineCommandHandler (CreatePipelineCommandHandler.java:lambda$handle$2(127)) - Created Pipeline RATIS THREE Pipeline-1f04c3d8-3493-4c0a-ae6a-25edcef96557.
2025-07-14 15:00:05,215 [311b5faf-4d73-479d-9d03-a3296c64f810-PipelineCommandHandlerThread-0] INFO  server.RaftServer (RaftServerProxy.java:addNew(105)) - 311b5faf-4d73-479d-9d03-a3296c64f810: addNew group-A15D2AD9FF5A:[0f2a098c-ed74-48ca-a55f-ceee6161c687|127.0.0.1:15023, 311b5faf-4d73-479d-9d03-a3296c64f810|127.0.0.1:15015, b5acb6b3-ef2b-41db-9bfa-77a47d0ca582|127.0.0.1:15031] returns group-A15D2AD9FF5A:java.util.concurrent.CompletableFuture@72779d7b[Not completed]
2025-07-14 15:00:05,221 [311b5faf-4d73-479d-9d03-a3296c64f810-groupManagement] INFO  server.RaftServer$Division (RaftServerImpl.java:<init>(268)) - 311b5faf-4d73-479d-9d03-a3296c64f810: new RaftServerImpl for group-A15D2AD9FF5A:[0f2a098c-ed74-48ca-a55f-ceee6161c687|127.0.0.1:15023, 311b5faf-4d73-479d-9d03-a3296c64f810|127.0.0.1:15015, b5acb6b3-ef2b-41db-9bfa-77a47d0ca582|127.0.0.1:15031] with ContainerStateMachine:uninitialized
2025-07-14 15:00:05,221 [311b5faf-4d73-479d-9d03-a3296c64f810-groupManagement] INFO  server.RaftServer$Division (ServerState.java:<init>(114)) - 311b5faf-4d73-479d-9d03-a3296c64f810@group-A15D2AD9FF5A: ConfigurationManager, init=conf: {index: -1, cur=peers:[0f2a098c-ed74-48ca-a55f-ceee6161c687|127.0.0.1:15023, 311b5faf-4d73-479d-9d03-a3296c64f810|127.0.0.1:15015, b5acb6b3-ef2b-41db-9bfa-77a47d0ca582|127.0.0.1:15031]|listeners:[], old=null}, confs=<EMPTY_MAP>
2025-07-14 15:00:05,221 [0f2a098c-ed74-48ca-a55f-ceee6161c687-groupManagement] INFO  server.RaftServerConfigKeys (ConfUtils.java:logGet(62)) - raft.server.log.appender.buffer.byte-limit = 33554432 (custom)
2025-07-14 15:00:05,222 [0f2a098c-ed74-48ca-a55f-ceee6161c687-groupManagement] INFO  segmented.SegmentedRaftLogWorker (SegmentedRaftLogWorker.java:lambda$new$0(141)) - 0f2a098c-ed74-48ca-a55f-ceee6161c687@group-A15D2AD9FF5A-SegmentedRaftLogWorker: flushIndex: setUnconditionally 0 -> -1
2025-07-14 15:00:05,222 [0f2a098c-ed74-48ca-a55f-ceee6161c687-groupManagement] INFO  segmented.SegmentedRaftLogWorker (SegmentedRaftLogWorker.java:lambda$new$0(141)) - 0f2a098c-ed74-48ca-a55f-ceee6161c687@group-A15D2AD9FF5A-SegmentedRaftLogWorker: safeCacheEvictIndex: setUnconditionally 0 -> -1
2025-07-14 15:00:05,222 [0f2a098c-ed74-48ca-a55f-ceee6161c687-groupManagement] INFO  server.RaftServer$Division (RaftServerImpl.java:start(405)) - 0f2a098c-ed74-48ca-a55f-ceee6161c687@group-A15D2AD9FF5A: start as a follower, conf=conf: {index: -1, cur=peers:[0f2a098c-ed74-48ca-a55f-ceee6161c687|127.0.0.1:15023, 311b5faf-4d73-479d-9d03-a3296c64f810|127.0.0.1:15015, b5acb6b3-ef2b-41db-9bfa-77a47d0ca582|127.0.0.1:15031]|listeners:[], old=null}
2025-07-14 15:00:05,222 [0f2a098c-ed74-48ca-a55f-ceee6161c687-groupManagement] INFO  server.RaftServer$Division (RaftServerImpl.java:setRole(392)) - 0f2a098c-ed74-48ca-a55f-ceee6161c687@group-A15D2AD9FF5A: changes role from      null to FOLLOWER at term 0 for startAsFollower
2025-07-14 15:00:05,222 [0f2a098c-ed74-48ca-a55f-ceee6161c687-groupManagement] INFO  impl.RoleInfo (RoleInfo.java:updateAndGet(148)) - 0f2a098c-ed74-48ca-a55f-ceee6161c687: start 0f2a098c-ed74-48ca-a55f-ceee6161c687@group-A15D2AD9FF5A-FollowerState
2025-07-14 15:00:05,223 [b5acb6b3-ef2b-41db-9bfa-77a47d0ca582-groupManagement] INFO  server.RaftServerConfigKeys (ConfUtils.java:logGet(62)) - raft.server.storage.dir = [/home/runner/work/ozone/ozone/hadoop-ozone/integration-test/target/test-dir/MiniOzoneClusterImpl-aaa7dc72-7fbf-48e0-acc5-129182712624/ozone-meta/datanode-3/ratis] (custom)
2025-07-14 15:00:05,224 [b5acb6b3-ef2b-41db-9bfa-77a47d0ca582-groupManagement] INFO  storage.RaftStorageDirectory (RaftStorageDirectoryImpl.java:analyzeStorage(138)) - The storage directory /home/runner/work/ozone/ozone/hadoop-ozone/integration-test/target/test-dir/MiniOzoneClusterImpl-aaa7dc72-7fbf-48e0-acc5-129182712624/ozone-meta/datanode-3/ratis/89ab0972-d6e3-4095-ab77-c3c32ca5a066 does not exist. Creating ...
2025-07-14 15:00:05,224 [0f2a098c-ed74-48ca-a55f-ceee6161c687-groupManagement] INFO  util.JmxRegister (JmxRegister.java:tryRegister(44)) - Successfully registered JMX Bean with object name Ratis:service=RaftServer,group=group-A15D2AD9FF5A,id=0f2a098c-ed74-48ca-a55f-ceee6161c687
2025-07-14 15:00:05,225 [0f2a098c-ed74-48ca-a55f-ceee6161c687-groupManagement] INFO  util.JmxRegister (JmxRegister.java:register(58)) - register mxBean class org.apache.ratis.server.impl.RaftServerJmxAdapter as Ratis:service=RaftServer,group=group-A15D2AD9FF5A,id=0f2a098c-ed74-48ca-a55f-ceee6161c687
2025-07-14 15:00:05,226 [b5acb6b3-ef2b-41db-9bfa-77a47d0ca582-groupManagement] INFO  storage.RaftStorageDirectory (RaftStorageDirectoryImpl.java:tryLock(229)) - Lock on /home/runner/work/ozone/ozone/hadoop-ozone/integration-test/target/test-dir/MiniOzoneClusterImpl-aaa7dc72-7fbf-48e0-acc5-129182712624/ozone-meta/datanode-3/ratis/89ab0972-d6e3-4095-ab77-c3c32ca5a066/in_use.lock acquired by nodename 18082@localhost
2025-07-14 15:00:05,228 [b5acb6b3-ef2b-41db-9bfa-77a47d0ca582-groupManagement] INFO  storage.RaftStorage (RaftStorageImpl.java:format(98)) - Storage directory /home/runner/work/ozone/ozone/hadoop-ozone/integration-test/target/test-dir/MiniOzoneClusterImpl-aaa7dc72-7fbf-48e0-acc5-129182712624/ozone-meta/datanode-3/ratis/89ab0972-d6e3-4095-ab77-c3c32ca5a066 has been successfully formatted.
2025-07-14 15:00:05,228 [b5acb6b3-ef2b-41db-9bfa-77a47d0ca582-groupManagement] INFO  ratis.ContainerStateMachine (ContainerStateMachine.java:initialize(339)) - b5acb6b3-ef2b-41db-9bfa-77a47d0ca582: initialize group-C3C32CA5A066
2025-07-14 15:00:05,229 [b5acb6b3-ef2b-41db-9bfa-77a47d0ca582-groupManagement] INFO  ratis.ContainerStateMachine (ContainerStateMachine.java:loadSnapshot(347)) - group-C3C32CA5A066: The snapshot info is null. Setting the last applied index to:<INITIAL_VALUE>
2025-07-14 15:00:05,229 [b5acb6b3-ef2b-41db-9bfa-77a47d0ca582-groupManagement] INFO  server.RaftServerConfigKeys (ConfUtils.java:logGet(62)) - raft.server.log.appender.buffer.byte-limit = 33554432 (custom)
2025-07-14 15:00:05,230 [EventQueue-PipelineReportForOneReplicaPipelineSafeModeRule] INFO  safemode.SCMSafeModeManager (SCMSafeModeManager.java:validateSafeModeExitRules(138)) - AtleastOneDatanodeReportedRule rule is successfully validated
2025-07-14 15:00:05,232 [0f2a098c-ed74-48ca-a55f-ceee6161c687-groupManagement] INFO  server.RaftServer$Division (RaftServerImpl.java:start(419)) - 0f2a098c-ed74-48ca-a55f-ceee6161c687@group-A15D2AD9FF5A: Successfully started.
2025-07-14 15:00:05,233 [0f2a098c-ed74-48ca-a55f-ceee6161c687-PipelineCommandHandlerThread-0] INFO  ratis.XceiverServerRatis (XceiverServerRatis.java:addGroup(843)) - Created group Pipeline-b5e3c89b-aaaa-44fc-9b61-a15d2ad9ff5a
2025-07-14 15:00:05,235 [e9aa665b-a6cb-4a48-961e-4c04ffb0bb5a@group-129182712624-StateMachineUpdater] INFO  safemode.SCMSafeModeManager (SCMSafeModeManager.java:validateSafeModeExitRules(138)) - DataNodeSafeModeRule rule is successfully validated
2025-07-14 15:00:05,235 [e9aa665b-a6cb-4a48-961e-4c04ffb0bb5a@group-129182712624-StateMachineUpdater] INFO  safemode.SCMSafeModeManager (SCMSafeModeManager.java:validateSafeModeExitRules(138)) - RatisContainerSafeModeRule rule is successfully validated
2025-07-14 15:00:05,235 [e9aa665b-a6cb-4a48-961e-4c04ffb0bb5a@group-129182712624-StateMachineUpdater] INFO  safemode.HealthyPipelineSafeModeRule (HealthyPipelineSafeModeRule.java:initializeRule(228)) - Refreshed total pipeline count is 0, healthy pipeline threshold count is 1
2025-07-14 15:00:05,235 [e9aa665b-a6cb-4a48-961e-4c04ffb0bb5a@group-129182712624-StateMachineUpdater] INFO  safemode.SCMSafeModeManager (SCMSafeModeManager.java:validateSafeModeExitRules(138)) - ECContainerSafeModeRule rule is successfully validated
2025-07-14 15:00:05,235 [e9aa665b-a6cb-4a48-961e-4c04ffb0bb5a@group-129182712624-StateMachineUpdater] INFO  safemode.SCMSafeModeManager (SCMSafeModeManager.java:validateSafeModeExitRules(138)) - AtleastOneDatanodeReportedRule rule is successfully validated
2025-07-14 15:00:05,236 [EventQueue-PipelineReportForPipelineReportHandler] INFO  pipeline.PipelineReportHandler (PipelineReportHandler.java:processPipelineReport(134)) - Opened pipeline Pipeline-89ab0972-d6e3-4095-ab77-c3c32ca5a066
2025-07-14 15:00:05,236 [311b5faf-4d73-479d-9d03-a3296c64f810-groupManagement] INFO  server.RaftServerConfigKeys (ConfUtils.java:logGet(62)) - raft.server.storage.dir = [/home/runner/work/ozone/ozone/hadoop-ozone/integration-test/target/test-dir/MiniOzoneClusterImpl-aaa7dc72-7fbf-48e0-acc5-129182712624/ozone-meta/datanode-1/ratis] (custom)
2025-07-14 15:00:05,236 [311b5faf-4d73-479d-9d03-a3296c64f810-groupManagement] INFO  storage.RaftStorageDirectory (RaftStorageDirectoryImpl.java:analyzeStorage(138)) - The storage directory /home/runner/work/ozone/ozone/hadoop-ozone/integration-test/target/test-dir/MiniOzoneClusterImpl-aaa7dc72-7fbf-48e0-acc5-129182712624/ozone-meta/datanode-1/ratis/b5e3c89b-aaaa-44fc-9b61-a15d2ad9ff5a does not exist. Creating ...
2025-07-14 15:00:05,238 [b5acb6b3-ef2b-41db-9bfa-77a47d0ca582-groupManagement] INFO  server.RaftServerConfigKeys (ConfUtils.java:logGet(62)) - raft.server.log.segment.size.max = 67108864 (custom)
2025-07-14 15:00:05,239 [311b5faf-4d73-479d-9d03-a3296c64f810-groupManagement] INFO  storage.RaftStorageDirectory (RaftStorageDirectoryImpl.java:tryLock(229)) - Lock on /home/runner/work/ozone/ozone/hadoop-ozone/integration-test/target/test-dir/MiniOzoneClusterImpl-aaa7dc72-7fbf-48e0-acc5-129182712624/ozone-meta/datanode-1/ratis/b5e3c89b-aaaa-44fc-9b61-a15d2ad9ff5a/in_use.lock acquired by nodename 18082@localhost
2025-07-14 15:00:05,240 [311b5faf-4d73-479d-9d03-a3296c64f810-groupManagement] INFO  storage.RaftStorage (RaftStorageImpl.java:format(98)) - Storage directory /home/runner/work/ozone/ozone/hadoop-ozone/integration-test/target/test-dir/MiniOzoneClusterImpl-aaa7dc72-7fbf-48e0-acc5-129182712624/ozone-meta/datanode-1/ratis/b5e3c89b-aaaa-44fc-9b61-a15d2ad9ff5a has been successfully formatted.
2025-07-14 15:00:05,241 [311b5faf-4d73-479d-9d03-a3296c64f810-groupManagement] INFO  ratis.ContainerStateMachine (ContainerStateMachine.java:initialize(339)) - 311b5faf-4d73-479d-9d03-a3296c64f810: initialize group-A15D2AD9FF5A
2025-07-14 15:00:05,241 [b5acb6b3-ef2b-41db-9bfa-77a47d0ca582-groupManagement] INFO  server.RaftServerConfigKeys (ConfUtils.java:logGet(62)) - raft.server.log.appender.buffer.byte-limit = 33554432 (custom)
2025-07-14 15:00:05,242 [311b5faf-4d73-479d-9d03-a3296c64f810-groupManagement] INFO  ratis.ContainerStateMachine (ContainerStateMachine.java:loadSnapshot(347)) - group-A15D2AD9FF5A: The snapshot info is null. Setting the last applied index to:<INITIAL_VALUE>
2025-07-14 15:00:05,243 [311b5faf-4d73-479d-9d03-a3296c64f810-groupManagement] INFO  server.RaftServerConfigKeys (ConfUtils.java:logGet(62)) - raft.server.log.appender.buffer.byte-limit = 33554432 (custom)
2025-07-14 15:00:05,244 [EventQueue-PipelineReportForOneReplicaPipelineSafeModeRule] INFO  safemode.SCMSafeModeManager (SCMSafeModeManager.java:validateSafeModeExitRules(138)) - AtleastOneDatanodeReportedRule rule is successfully validated
2025-07-14 15:00:05,245 [b5acb6b3-ef2b-41db-9bfa-77a47d0ca582-groupManagement] INFO  util.AwaitToRun (AwaitToRun.java:start(81)) - Thread[#1214,b5acb6b3-ef2b-41db-9bfa-77a47d0ca582@group-C3C32CA5A066-cacheEviction-AwaitToRun,5,main] started
2025-07-14 15:00:05,246 [b5acb6b3-ef2b-41db-9bfa-77a47d0ca582-groupManagement] INFO  segmented.SegmentedRaftLogWorker (SegmentedRaftLogWorker.java:<init>(190)) - new b5acb6b3-ef2b-41db-9bfa-77a47d0ca582@group-C3C32CA5A066-SegmentedRaftLogWorker for RaftStorageImpl:Storage Directory /home/runner/work/ozone/ozone/hadoop-ozone/integration-test/target/test-dir/MiniOzoneClusterImpl-aaa7dc72-7fbf-48e0-acc5-129182712624/ozone-meta/datanode-3/ratis/89ab0972-d6e3-4095-ab77-c3c32ca5a066
2025-07-14 15:00:05,246 [b5acb6b3-ef2b-41db-9bfa-77a47d0ca582-groupManagement] INFO  server.RaftServerConfigKeys (ConfUtils.java:logGet(62)) - raft.server.log.queue.byte-limit = 4294967296 (custom)
2025-07-14 15:00:05,246 [b5acb6b3-ef2b-41db-9bfa-77a47d0ca582-groupManagement] INFO  server.RaftServerConfigKeys (ConfUtils.java:logGet(62)) - raft.server.log.segment.size.max = 67108864 (custom)
2025-07-14 15:00:05,246 [b5acb6b3-ef2b-41db-9bfa-77a47d0ca582-groupManagement] INFO  server.RaftServerConfigKeys (ConfUtils.java:logGet(62)) - raft.server.log.preallocated.size = 4194304 (custom)
2025-07-14 15:00:05,247 [b5acb6b3-ef2b-41db-9bfa-77a47d0ca582-groupManagement] INFO  server.RaftServerConfigKeys (ConfUtils.java:logGet(62)) - raft.server.log.write.buffer.size = 33554440 (custom)
2025-07-14 15:00:05,248 [grpc-default-executor-1] WARN  server.GrpcAdminProtocolService (GrpcAdminProtocolService.java:lambda$groupManagement$1(53)) - Failed groupManagement: GROUPADD, GroupManagementRequest:client-8E3B7FDDF330->311b5faf-4d73-479d-9d03-a3296c64f810@group-A15D2AD9FF5A, cid=5, seq=null, RW, null, Add:group-A15D2AD9FF5A:[0f2a098c-ed74-48ca-a55f-ceee6161c687|127.0.0.1:15023, 311b5faf-4d73-479d-9d03-a3296c64f810|127.0.0.1:15015, b5acb6b3-ef2b-41db-9bfa-77a47d0ca582|127.0.0.1:15031]
java.util.concurrent.CompletionException: org.apache.ratis.protocol.exceptions.AlreadyExistsException: 311b5faf-4d73-479d-9d03-a3296c64f810: Failed to add group-A15D2AD9FF5A:[0f2a098c-ed74-48ca-a55f-ceee6161c687|127.0.0.1:15023, 311b5faf-4d73-479d-9d03-a3296c64f810|127.0.0.1:15015, b5acb6b3-ef2b-41db-9bfa-77a47d0ca582|127.0.0.1:15031] since the group already exists in the map.
	at java.base/java.util.concurrent.CompletableFuture.encodeThrowable(CompletableFuture.java:332)
	at java.base/java.util.concurrent.CompletableFuture.uniApplyNow(CompletableFuture.java:674)
	at java.base/java.util.concurrent.CompletableFuture.uniApplyStage(CompletableFuture.java:662)
	at java.base/java.util.concurrent.CompletableFuture.thenApplyAsync(CompletableFuture.java:2210)
	at org.apache.ratis.server.impl.RaftServerProxy.groupAddAsync(RaftServerProxy.java:513)
	at org.apache.ratis.server.impl.RaftServerProxy.groupManagementAsync(RaftServerProxy.java:495)
	at org.apache.ratis.grpc.server.GrpcAdminProtocolService.lambda$groupManagement$0(GrpcAdminProtocolService.java:51)
	at org.apache.ratis.grpc.GrpcUtil.asyncCall(GrpcUtil.java:172)
	at org.apache.ratis.grpc.server.GrpcAdminProtocolService.groupManagement(GrpcAdminProtocolService.java:51)
	at org.apache.ratis.proto.grpc.AdminProtocolServiceGrpc$MethodHandlers.invoke(AdminProtocolServiceGrpc.java:701)
	at org.apache.ratis.thirdparty.io.grpc.stub.ServerCalls$UnaryServerCallHandler$UnaryServerCallListener.onHalfClose(ServerCalls.java:182)
	at org.apache.ratis.thirdparty.io.grpc.internal.ServerCallImpl$ServerStreamListenerImpl.halfClosed(ServerCallImpl.java:356)
	at org.apache.ratis.thirdparty.io.grpc.internal.ServerImpl$JumpToApplicationThreadServerStreamListener$1HalfClosed.runInContext(ServerImpl.java:861)
	at org.apache.ratis.thirdparty.io.grpc.internal.ContextRunnable.run(ContextRunnable.java:37)
	at org.apache.ratis.thirdparty.io.grpc.internal.SerializingExecutor.run(SerializingExecutor.java:133)
	at java.base/java.util.concurrent.ThreadPoolExecutor.runWorker(ThreadPoolExecutor.java:1144)
	at java.base/java.util.concurrent.ThreadPoolExecutor$Worker.run(ThreadPoolExecutor.java:642)
	at java.base/java.lang.Thread.run(Thread.java:1583)
Caused by: org.apache.ratis.protocol.exceptions.AlreadyExistsException: 311b5faf-4d73-479d-9d03-a3296c64f810: Failed to add group-A15D2AD9FF5A:[0f2a098c-ed74-48ca-a55f-ceee6161c687|127.0.0.1:15023, 311b5faf-4d73-479d-9d03-a3296c64f810|127.0.0.1:15015, b5acb6b3-ef2b-41db-9bfa-77a47d0ca582|127.0.0.1:15031] since the group already exists in the map.
	at org.apache.ratis.server.impl.RaftServerProxy$ImplMap.addNew(RaftServerProxy.java:99)
	at org.apache.ratis.server.impl.RaftServerProxy.groupAddAsync(RaftServerProxy.java:512)
	... 13 more
2025-07-14 15:00:05,249 [EventQueue-PipelineReportForOneReplicaPipelineSafeModeRule] INFO  safemode.SCMSafeModeManager (SCMSafeModeManager.java:validateSafeModeExitRules(138)) - AtleastOneDatanodeReportedRule rule is successfully validated
2025-07-14 15:00:05,249 [311b5faf-4d73-479d-9d03-a3296c64f810-groupManagement] INFO  server.RaftServerConfigKeys (ConfUtils.java:logGet(62)) - raft.server.log.segment.size.max = 67108864 (custom)
2025-07-14 15:00:05,251 [311b5faf-4d73-479d-9d03-a3296c64f810-groupManagement] INFO  server.RaftServerConfigKeys (ConfUtils.java:logGet(62)) - raft.server.log.appender.buffer.byte-limit = 33554432 (custom)
2025-07-14 15:00:05,252 [311b5faf-4d73-479d-9d03-a3296c64f810-groupManagement] INFO  util.AwaitToRun (AwaitToRun.java:start(81)) - Thread[#1215,311b5faf-4d73-479d-9d03-a3296c64f810@group-A15D2AD9FF5A-cacheEviction-AwaitToRun,5,main] started
2025-07-14 15:00:05,253 [311b5faf-4d73-479d-9d03-a3296c64f810-groupManagement] INFO  segmented.SegmentedRaftLogWorker (SegmentedRaftLogWorker.java:<init>(190)) - new 311b5faf-4d73-479d-9d03-a3296c64f810@group-A15D2AD9FF5A-SegmentedRaftLogWorker for RaftStorageImpl:Storage Directory /home/runner/work/ozone/ozone/hadoop-ozone/integration-test/target/test-dir/MiniOzoneClusterImpl-aaa7dc72-7fbf-48e0-acc5-129182712624/ozone-meta/datanode-1/ratis/b5e3c89b-aaaa-44fc-9b61-a15d2ad9ff5a
2025-07-14 15:00:05,253 [311b5faf-4d73-479d-9d03-a3296c64f810-groupManagement] INFO  server.RaftServerConfigKeys (ConfUtils.java:logGet(62)) - raft.server.log.queue.byte-limit = 4294967296 (custom)
2025-07-14 15:00:05,253 [311b5faf-4d73-479d-9d03-a3296c64f810-groupManagement] INFO  server.RaftServerConfigKeys (ConfUtils.java:logGet(62)) - raft.server.log.segment.size.max = 67108864 (custom)
2025-07-14 15:00:05,255 [311b5faf-4d73-479d-9d03-a3296c64f810-groupManagement] INFO  server.RaftServerConfigKeys (ConfUtils.java:logGet(62)) - raft.server.log.preallocated.size = 4194304 (custom)
2025-07-14 15:00:05,256 [311b5faf-4d73-479d-9d03-a3296c64f810-groupManagement] INFO  server.RaftServerConfigKeys (ConfUtils.java:logGet(62)) - raft.server.log.write.buffer.size = 33554440 (custom)
2025-07-14 15:00:05,257 [b5acb6b3-ef2b-41db-9bfa-77a47d0ca582-groupManagement] INFO  server.RaftServerConfigKeys (ConfUtils.java:logGet(62)) - raft.server.log.appender.buffer.byte-limit = 33554432 (custom)
2025-07-14 15:00:05,257 [b5acb6b3-ef2b-41db-9bfa-77a47d0ca582-groupManagement] INFO  segmented.SegmentedRaftLogWorker (SegmentedRaftLogWorker.java:lambda$new$0(141)) - b5acb6b3-ef2b-41db-9bfa-77a47d0ca582@group-C3C32CA5A066-SegmentedRaftLogWorker: flushIndex: setUnconditionally 0 -> -1
2025-07-14 15:00:05,257 [b5acb6b3-ef2b-41db-9bfa-77a47d0ca582-groupManagement] INFO  segmented.SegmentedRaftLogWorker (SegmentedRaftLogWorker.java:lambda$new$0(141)) - b5acb6b3-ef2b-41db-9bfa-77a47d0ca582@group-C3C32CA5A066-SegmentedRaftLogWorker: safeCacheEvictIndex: setUnconditionally 0 -> -1
2025-07-14 15:00:05,258 [b5acb6b3-ef2b-41db-9bfa-77a47d0ca582-groupManagement] INFO  server.RaftServer$Division (RaftServerImpl.java:start(405)) - b5acb6b3-ef2b-41db-9bfa-77a47d0ca582@group-C3C32CA5A066: start as a follower, conf=conf: {index: -1, cur=peers:[b5acb6b3-ef2b-41db-9bfa-77a47d0ca582|127.0.0.1:15031]|listeners:[], old=null}
2025-07-14 15:00:05,258 [b5acb6b3-ef2b-41db-9bfa-77a47d0ca582-groupManagement] INFO  server.RaftServer$Division (RaftServerImpl.java:setRole(392)) - b5acb6b3-ef2b-41db-9bfa-77a47d0ca582@group-C3C32CA5A066: changes role from      null to FOLLOWER at term 0 for startAsFollower
2025-07-14 15:00:05,258 [b5acb6b3-ef2b-41db-9bfa-77a47d0ca582-groupManagement] INFO  impl.RoleInfo (RoleInfo.java:updateAndGet(148)) - b5acb6b3-ef2b-41db-9bfa-77a47d0ca582: start b5acb6b3-ef2b-41db-9bfa-77a47d0ca582@group-C3C32CA5A066-FollowerState
2025-07-14 15:00:05,259 [b5acb6b3-ef2b-41db-9bfa-77a47d0ca582-groupManagement] INFO  util.JmxRegister (JmxRegister.java:tryRegister(44)) - Successfully registered JMX Bean with object name Ratis:service=RaftServer,group=group-C3C32CA5A066,id=b5acb6b3-ef2b-41db-9bfa-77a47d0ca582
2025-07-14 15:00:05,260 [b5acb6b3-ef2b-41db-9bfa-77a47d0ca582-groupManagement] INFO  util.JmxRegister (JmxRegister.java:register(58)) - register mxBean class org.apache.ratis.server.impl.RaftServerJmxAdapter as Ratis:service=RaftServer,group=group-C3C32CA5A066,id=b5acb6b3-ef2b-41db-9bfa-77a47d0ca582
2025-07-14 15:00:05,264 [a505560f-c589-4eb5-89aa-a89970ae9358-PipelineCommandHandlerThread-0] INFO  server.RaftServer (RaftServerProxy.java:addNew(105)) - a505560f-c589-4eb5-89aa-a89970ae9358: addNew group-42C16328B7C0:[a505560f-c589-4eb5-89aa-a89970ae9358|127.0.0.1:15039] returns group-42C16328B7C0:java.util.concurrent.CompletableFuture@4a82f83b[Not completed]
2025-07-14 15:00:05,266 [b5acb6b3-ef2b-41db-9bfa-77a47d0ca582-groupManagement] INFO  server.RaftServer$Division (RaftServerImpl.java:start(419)) - b5acb6b3-ef2b-41db-9bfa-77a47d0ca582@group-C3C32CA5A066: Successfully started.
2025-07-14 15:00:05,266 [EventQueue-PipelineReportForOneReplicaPipelineSafeModeRule] INFO  safemode.SCMSafeModeManager (SCMSafeModeManager.java:validateSafeModeExitRules(138)) - AtleastOneDatanodeReportedRule rule is successfully validated
2025-07-14 15:00:05,266 [b5acb6b3-ef2b-41db-9bfa-77a47d0ca582-PipelineCommandHandlerThread-0] INFO  ratis.XceiverServerRatis (XceiverServerRatis.java:addGroup(843)) - Created group Pipeline-89ab0972-d6e3-4095-ab77-c3c32ca5a066
2025-07-14 15:00:05,266 [b5acb6b3-ef2b-41db-9bfa-77a47d0ca582-PipelineCommandHandlerThread-0] INFO  commandhandler.CreatePipelineCommandHandler (CreatePipelineCommandHandler.java:lambda$handle$2(127)) - Created Pipeline RATIS ONE Pipeline-89ab0972-d6e3-4095-ab77-c3c32ca5a066.
2025-07-14 15:00:05,266 [b5acb6b3-ef2b-41db-9bfa-77a47d0ca582-PipelineCommandHandlerThread-0] INFO  server.RaftServer (RaftServerProxy.java:addNew(105)) - b5acb6b3-ef2b-41db-9bfa-77a47d0ca582: addNew group-A15D2AD9FF5A:[0f2a098c-ed74-48ca-a55f-ceee6161c687|127.0.0.1:15023, 311b5faf-4d73-479d-9d03-a3296c64f810|127.0.0.1:15015, b5acb6b3-ef2b-41db-9bfa-77a47d0ca582|127.0.0.1:15031] returns group-A15D2AD9FF5A:java.util.concurrent.CompletableFuture@24402a70[Not completed]
2025-07-14 15:00:05,267 [a505560f-c589-4eb5-89aa-a89970ae9358-groupManagement] INFO  server.RaftServer$Division (RaftServerImpl.java:<init>(268)) - a505560f-c589-4eb5-89aa-a89970ae9358: new RaftServerImpl for group-42C16328B7C0:[a505560f-c589-4eb5-89aa-a89970ae9358|127.0.0.1:15039] with ContainerStateMachine:uninitialized
2025-07-14 15:00:05,267 [a505560f-c589-4eb5-89aa-a89970ae9358-groupManagement] INFO  server.RaftServer$Division (ServerState.java:<init>(114)) - a505560f-c589-4eb5-89aa-a89970ae9358@group-42C16328B7C0: ConfigurationManager, init=conf: {index: -1, cur=peers:[a505560f-c589-4eb5-89aa-a89970ae9358|127.0.0.1:15039]|listeners:[], old=null}, confs=<EMPTY_MAP>
2025-07-14 15:00:05,269 [b5acb6b3-ef2b-41db-9bfa-77a47d0ca582-groupManagement] INFO  server.RaftServer$Division (RaftServerImpl.java:<init>(268)) - b5acb6b3-ef2b-41db-9bfa-77a47d0ca582: new RaftServerImpl for group-A15D2AD9FF5A:[0f2a098c-ed74-48ca-a55f-ceee6161c687|127.0.0.1:15023, 311b5faf-4d73-479d-9d03-a3296c64f810|127.0.0.1:15015, b5acb6b3-ef2b-41db-9bfa-77a47d0ca582|127.0.0.1:15031] with ContainerStateMachine:uninitialized
2025-07-14 15:00:05,270 [b5acb6b3-ef2b-41db-9bfa-77a47d0ca582-groupManagement] INFO  server.RaftServer$Division (ServerState.java:<init>(114)) - b5acb6b3-ef2b-41db-9bfa-77a47d0ca582@group-A15D2AD9FF5A: ConfigurationManager, init=conf: {index: -1, cur=peers:[0f2a098c-ed74-48ca-a55f-ceee6161c687|127.0.0.1:15023, 311b5faf-4d73-479d-9d03-a3296c64f810|127.0.0.1:15015, b5acb6b3-ef2b-41db-9bfa-77a47d0ca582|127.0.0.1:15031]|listeners:[], old=null}, confs=<EMPTY_MAP>
2025-07-14 15:00:05,273 [311b5faf-4d73-479d-9d03-a3296c64f810-groupManagement] INFO  server.RaftServerConfigKeys (ConfUtils.java:logGet(62)) - raft.server.log.appender.buffer.byte-limit = 33554432 (custom)
2025-07-14 15:00:05,274 [311b5faf-4d73-479d-9d03-a3296c64f810-groupManagement] INFO  segmented.SegmentedRaftLogWorker (SegmentedRaftLogWorker.java:lambda$new$0(141)) - 311b5faf-4d73-479d-9d03-a3296c64f810@group-A15D2AD9FF5A-SegmentedRaftLogWorker: flushIndex: setUnconditionally 0 -> -1
2025-07-14 15:00:05,274 [311b5faf-4d73-479d-9d03-a3296c64f810-groupManagement] INFO  segmented.SegmentedRaftLogWorker (SegmentedRaftLogWorker.java:lambda$new$0(141)) - 311b5faf-4d73-479d-9d03-a3296c64f810@group-A15D2AD9FF5A-SegmentedRaftLogWorker: safeCacheEvictIndex: setUnconditionally 0 -> -1
2025-07-14 15:00:05,275 [311b5faf-4d73-479d-9d03-a3296c64f810-groupManagement] INFO  server.RaftServer$Division (RaftServerImpl.java:start(405)) - 311b5faf-4d73-479d-9d03-a3296c64f810@group-A15D2AD9FF5A: start as a follower, conf=conf: {index: -1, cur=peers:[0f2a098c-ed74-48ca-a55f-ceee6161c687|127.0.0.1:15023, 311b5faf-4d73-479d-9d03-a3296c64f810|127.0.0.1:15015, b5acb6b3-ef2b-41db-9bfa-77a47d0ca582|127.0.0.1:15031]|listeners:[], old=null}
2025-07-14 15:00:05,276 [311b5faf-4d73-479d-9d03-a3296c64f810-groupManagement] INFO  server.RaftServer$Division (RaftServerImpl.java:setRole(392)) - 311b5faf-4d73-479d-9d03-a3296c64f810@group-A15D2AD9FF5A: changes role from      null to FOLLOWER at term 0 for startAsFollower
2025-07-14 15:00:05,276 [311b5faf-4d73-479d-9d03-a3296c64f810-groupManagement] INFO  impl.RoleInfo (RoleInfo.java:updateAndGet(148)) - 311b5faf-4d73-479d-9d03-a3296c64f810: start 311b5faf-4d73-479d-9d03-a3296c64f810@group-A15D2AD9FF5A-FollowerState
2025-07-14 15:00:05,277 [311b5faf-4d73-479d-9d03-a3296c64f810-groupManagement] INFO  util.JmxRegister (JmxRegister.java:tryRegister(44)) - Successfully registered JMX Bean with object name Ratis:service=RaftServer,group=group-A15D2AD9FF5A,id=311b5faf-4d73-479d-9d03-a3296c64f810
2025-07-14 15:00:05,277 [311b5faf-4d73-479d-9d03-a3296c64f810-groupManagement] INFO  util.JmxRegister (JmxRegister.java:register(58)) - register mxBean class org.apache.ratis.server.impl.RaftServerJmxAdapter as Ratis:service=RaftServer,group=group-A15D2AD9FF5A,id=311b5faf-4d73-479d-9d03-a3296c64f810
2025-07-14 15:00:05,283 [grpc-default-executor-1] WARN  server.GrpcAdminProtocolService (GrpcAdminProtocolService.java:lambda$groupManagement$1(53)) - Failed groupManagement: GROUPADD, GroupManagementRequest:client-791C4084D00E->b5acb6b3-ef2b-41db-9bfa-77a47d0ca582@group-A15D2AD9FF5A, cid=6, seq=null, RW, null, Add:group-A15D2AD9FF5A:[0f2a098c-ed74-48ca-a55f-ceee6161c687|127.0.0.1:15023, 311b5faf-4d73-479d-9d03-a3296c64f810|127.0.0.1:15015, b5acb6b3-ef2b-41db-9bfa-77a47d0ca582|127.0.0.1:15031]
java.util.concurrent.CompletionException: org.apache.ratis.protocol.exceptions.AlreadyExistsException: b5acb6b3-ef2b-41db-9bfa-77a47d0ca582: Failed to add group-A15D2AD9FF5A:[0f2a098c-ed74-48ca-a55f-ceee6161c687|127.0.0.1:15023, 311b5faf-4d73-479d-9d03-a3296c64f810|127.0.0.1:15015, b5acb6b3-ef2b-41db-9bfa-77a47d0ca582|127.0.0.1:15031] since the group already exists in the map.
	at java.base/java.util.concurrent.CompletableFuture.encodeThrowable(CompletableFuture.java:332)
	at java.base/java.util.concurrent.CompletableFuture.uniApplyNow(CompletableFuture.java:674)
	at java.base/java.util.concurrent.CompletableFuture.uniApplyStage(CompletableFuture.java:662)
	at java.base/java.util.concurrent.CompletableFuture.thenApplyAsync(CompletableFuture.java:2210)
	at org.apache.ratis.server.impl.RaftServerProxy.groupAddAsync(RaftServerProxy.java:513)
	at org.apache.ratis.server.impl.RaftServerProxy.groupManagementAsync(RaftServerProxy.java:495)
	at org.apache.ratis.grpc.server.GrpcAdminProtocolService.lambda$groupManagement$0(GrpcAdminProtocolService.java:51)
	at org.apache.ratis.grpc.GrpcUtil.asyncCall(GrpcUtil.java:172)
	at org.apache.ratis.grpc.server.GrpcAdminProtocolService.groupManagement(GrpcAdminProtocolService.java:51)
	at org.apache.ratis.proto.grpc.AdminProtocolServiceGrpc$MethodHandlers.invoke(AdminProtocolServiceGrpc.java:701)
	at org.apache.ratis.thirdparty.io.grpc.stub.ServerCalls$UnaryServerCallHandler$UnaryServerCallListener.onHalfClose(ServerCalls.java:182)
	at org.apache.ratis.thirdparty.io.grpc.internal.ServerCallImpl$ServerStreamListenerImpl.halfClosed(ServerCallImpl.java:356)
	at org.apache.ratis.thirdparty.io.grpc.internal.ServerImpl$JumpToApplicationThreadServerStreamListener$1HalfClosed.runInContext(ServerImpl.java:861)
	at org.apache.ratis.thirdparty.io.grpc.internal.ContextRunnable.run(ContextRunnable.java:37)
	at org.apache.ratis.thirdparty.io.grpc.internal.SerializingExecutor.run(SerializingExecutor.java:133)
	at java.base/java.util.concurrent.ThreadPoolExecutor.runWorker(ThreadPoolExecutor.java:1144)
	at java.base/java.util.concurrent.ThreadPoolExecutor$Worker.run(ThreadPoolExecutor.java:642)
	at java.base/java.lang.Thread.run(Thread.java:1583)
Caused by: org.apache.ratis.protocol.exceptions.AlreadyExistsException: b5acb6b3-ef2b-41db-9bfa-77a47d0ca582: Failed to add group-A15D2AD9FF5A:[0f2a098c-ed74-48ca-a55f-ceee6161c687|127.0.0.1:15023, 311b5faf-4d73-479d-9d03-a3296c64f810|127.0.0.1:15015, b5acb6b3-ef2b-41db-9bfa-77a47d0ca582|127.0.0.1:15031] since the group already exists in the map.
	at org.apache.ratis.server.impl.RaftServerProxy$ImplMap.addNew(RaftServerProxy.java:99)
	at org.apache.ratis.server.impl.RaftServerProxy.groupAddAsync(RaftServerProxy.java:512)
	... 13 more
2025-07-14 15:00:05,285 [311b5faf-4d73-479d-9d03-a3296c64f810-groupManagement] INFO  server.RaftServer$Division (RaftServerImpl.java:start(419)) - 311b5faf-4d73-479d-9d03-a3296c64f810@group-A15D2AD9FF5A: Successfully started.
2025-07-14 15:00:05,286 [311b5faf-4d73-479d-9d03-a3296c64f810-PipelineCommandHandlerThread-0] INFO  ratis.XceiverServerRatis (XceiverServerRatis.java:addGroup(843)) - Created group Pipeline-b5e3c89b-aaaa-44fc-9b61-a15d2ad9ff5a
2025-07-14 15:00:05,289 [a505560f-c589-4eb5-89aa-a89970ae9358-groupManagement] INFO  server.RaftServerConfigKeys (ConfUtils.java:logGet(62)) - raft.server.storage.dir = [/home/runner/work/ozone/ozone/hadoop-ozone/integration-test/target/test-dir/MiniOzoneClusterImpl-aaa7dc72-7fbf-48e0-acc5-129182712624/ozone-meta/datanode-4/ratis] (custom)
2025-07-14 15:00:05,289 [a505560f-c589-4eb5-89aa-a89970ae9358-groupManagement] INFO  storage.RaftStorageDirectory (RaftStorageDirectoryImpl.java:analyzeStorage(138)) - The storage directory /home/runner/work/ozone/ozone/hadoop-ozone/integration-test/target/test-dir/MiniOzoneClusterImpl-aaa7dc72-7fbf-48e0-acc5-129182712624/ozone-meta/datanode-4/ratis/6f4bc581-d89b-4f68-a5e7-42c16328b7c0 does not exist. Creating ...
2025-07-14 15:00:05,292 [b5acb6b3-ef2b-41db-9bfa-77a47d0ca582-groupManagement] INFO  server.RaftServerConfigKeys (ConfUtils.java:logGet(62)) - raft.server.storage.dir = [/home/runner/work/ozone/ozone/hadoop-ozone/integration-test/target/test-dir/MiniOzoneClusterImpl-aaa7dc72-7fbf-48e0-acc5-129182712624/ozone-meta/datanode-3/ratis] (custom)
2025-07-14 15:00:05,294 [a505560f-c589-4eb5-89aa-a89970ae9358-groupManagement] INFO  storage.RaftStorageDirectory (RaftStorageDirectoryImpl.java:tryLock(229)) - Lock on /home/runner/work/ozone/ozone/hadoop-ozone/integration-test/target/test-dir/MiniOzoneClusterImpl-aaa7dc72-7fbf-48e0-acc5-129182712624/ozone-meta/datanode-4/ratis/6f4bc581-d89b-4f68-a5e7-42c16328b7c0/in_use.lock acquired by nodename 18082@localhost
2025-07-14 15:00:05,295 [b5acb6b3-ef2b-41db-9bfa-77a47d0ca582-groupManagement] INFO  storage.RaftStorageDirectory (RaftStorageDirectoryImpl.java:analyzeStorage(138)) - The storage directory /home/runner/work/ozone/ozone/hadoop-ozone/integration-test/target/test-dir/MiniOzoneClusterImpl-aaa7dc72-7fbf-48e0-acc5-129182712624/ozone-meta/datanode-3/ratis/b5e3c89b-aaaa-44fc-9b61-a15d2ad9ff5a does not exist. Creating ...
2025-07-14 15:00:05,296 [0f2a098c-ed74-48ca-a55f-ceee6161c687-PipelineCommandHandlerThread-0] INFO  commandhandler.CreatePipelineCommandHandler (CreatePipelineCommandHandler.java:lambda$handle$2(127)) - Created Pipeline RATIS THREE Pipeline-b5e3c89b-aaaa-44fc-9b61-a15d2ad9ff5a.
2025-07-14 15:00:05,298 [a505560f-c589-4eb5-89aa-a89970ae9358-groupManagement] INFO  storage.RaftStorage (RaftStorageImpl.java:format(98)) - Storage directory /home/runner/work/ozone/ozone/hadoop-ozone/integration-test/target/test-dir/MiniOzoneClusterImpl-aaa7dc72-7fbf-48e0-acc5-129182712624/ozone-meta/datanode-4/ratis/6f4bc581-d89b-4f68-a5e7-42c16328b7c0 has been successfully formatted.
2025-07-14 15:00:05,298 [b5acb6b3-ef2b-41db-9bfa-77a47d0ca582-groupManagement] INFO  storage.RaftStorageDirectory (RaftStorageDirectoryImpl.java:tryLock(229)) - Lock on /home/runner/work/ozone/ozone/hadoop-ozone/integration-test/target/test-dir/MiniOzoneClusterImpl-aaa7dc72-7fbf-48e0-acc5-129182712624/ozone-meta/datanode-3/ratis/b5e3c89b-aaaa-44fc-9b61-a15d2ad9ff5a/in_use.lock acquired by nodename 18082@localhost
2025-07-14 15:00:05,299 [a505560f-c589-4eb5-89aa-a89970ae9358-groupManagement] INFO  ratis.ContainerStateMachine (ContainerStateMachine.java:initialize(339)) - a505560f-c589-4eb5-89aa-a89970ae9358: initialize group-42C16328B7C0
2025-07-14 15:00:05,299 [a505560f-c589-4eb5-89aa-a89970ae9358-groupManagement] INFO  ratis.ContainerStateMachine (ContainerStateMachine.java:loadSnapshot(347)) - group-42C16328B7C0: The snapshot info is null. Setting the last applied index to:<INITIAL_VALUE>
2025-07-14 15:00:05,299 [a505560f-c589-4eb5-89aa-a89970ae9358-groupManagement] INFO  server.RaftServerConfigKeys (ConfUtils.java:logGet(62)) - raft.server.log.appender.buffer.byte-limit = 33554432 (custom)
2025-07-14 15:00:05,302 [b5acb6b3-ef2b-41db-9bfa-77a47d0ca582-groupManagement] INFO  storage.RaftStorage (RaftStorageImpl.java:format(98)) - Storage directory /home/runner/work/ozone/ozone/hadoop-ozone/integration-test/target/test-dir/MiniOzoneClusterImpl-aaa7dc72-7fbf-48e0-acc5-129182712624/ozone-meta/datanode-3/ratis/b5e3c89b-aaaa-44fc-9b61-a15d2ad9ff5a has been successfully formatted.
2025-07-14 15:00:05,302 [b5acb6b3-ef2b-41db-9bfa-77a47d0ca582-groupManagement] INFO  ratis.ContainerStateMachine (ContainerStateMachine.java:initialize(339)) - b5acb6b3-ef2b-41db-9bfa-77a47d0ca582: initialize group-A15D2AD9FF5A
2025-07-14 15:00:05,302 [grpc-default-executor-1] WARN  server.GrpcAdminProtocolService (GrpcAdminProtocolService.java:lambda$groupManagement$1(53)) - Failed groupManagement: GROUPADD, GroupManagementRequest:client-CF39C2F5DD9F->0f2a098c-ed74-48ca-a55f-ceee6161c687@group-A15D2AD9FF5A, cid=7, seq=null, RW, null, Add:group-A15D2AD9FF5A:[0f2a098c-ed74-48ca-a55f-ceee6161c687|127.0.0.1:15023, 311b5faf-4d73-479d-9d03-a3296c64f810|127.0.0.1:15015, b5acb6b3-ef2b-41db-9bfa-77a47d0ca582|127.0.0.1:15031]
java.util.concurrent.CompletionException: org.apache.ratis.protocol.exceptions.AlreadyExistsException: 0f2a098c-ed74-48ca-a55f-ceee6161c687: Failed to add group-A15D2AD9FF5A:[0f2a098c-ed74-48ca-a55f-ceee6161c687|127.0.0.1:15023, 311b5faf-4d73-479d-9d03-a3296c64f810|127.0.0.1:15015, b5acb6b3-ef2b-41db-9bfa-77a47d0ca582|127.0.0.1:15031] since the group already exists in the map.
	at java.base/java.util.concurrent.CompletableFuture.encodeThrowable(CompletableFuture.java:332)
	at java.base/java.util.concurrent.CompletableFuture.uniApplyNow(CompletableFuture.java:674)
	at java.base/java.util.concurrent.CompletableFuture.uniApplyStage(CompletableFuture.java:662)
	at java.base/java.util.concurrent.CompletableFuture.thenApplyAsync(CompletableFuture.java:2210)
	at org.apache.ratis.server.impl.RaftServerProxy.groupAddAsync(RaftServerProxy.java:513)
	at org.apache.ratis.server.impl.RaftServerProxy.groupManagementAsync(RaftServerProxy.java:495)
	at org.apache.ratis.grpc.server.GrpcAdminProtocolService.lambda$groupManagement$0(GrpcAdminProtocolService.java:51)
	at org.apache.ratis.grpc.GrpcUtil.asyncCall(GrpcUtil.java:172)
	at org.apache.ratis.grpc.server.GrpcAdminProtocolService.groupManagement(GrpcAdminProtocolService.java:51)
	at org.apache.ratis.proto.grpc.AdminProtocolServiceGrpc$MethodHandlers.invoke(AdminProtocolServiceGrpc.java:701)
	at org.apache.ratis.thirdparty.io.grpc.stub.ServerCalls$UnaryServerCallHandler$UnaryServerCallListener.onHalfClose(ServerCalls.java:182)
	at org.apache.ratis.thirdparty.io.grpc.internal.ServerCallImpl$ServerStreamListenerImpl.halfClosed(ServerCallImpl.java:356)
	at org.apache.ratis.thirdparty.io.grpc.internal.ServerImpl$JumpToApplicationThreadServerStreamListener$1HalfClosed.runInContext(ServerImpl.java:861)
	at org.apache.ratis.thirdparty.io.grpc.internal.ContextRunnable.run(ContextRunnable.java:37)
	at org.apache.ratis.thirdparty.io.grpc.internal.SerializingExecutor.run(SerializingExecutor.java:133)
	at java.base/java.util.concurrent.ThreadPoolExecutor.runWorker(ThreadPoolExecutor.java:1144)
	at java.base/java.util.concurrent.ThreadPoolExecutor$Worker.run(ThreadPoolExecutor.java:642)
	at java.base/java.lang.Thread.run(Thread.java:1583)
Caused by: org.apache.ratis.protocol.exceptions.AlreadyExistsException: 0f2a098c-ed74-48ca-a55f-ceee6161c687: Failed to add group-A15D2AD9FF5A:[0f2a098c-ed74-48ca-a55f-ceee6161c687|127.0.0.1:15023, 311b5faf-4d73-479d-9d03-a3296c64f810|127.0.0.1:15015, b5acb6b3-ef2b-41db-9bfa-77a47d0ca582|127.0.0.1:15031] since the group already exists in the map.
	at org.apache.ratis.server.impl.RaftServerProxy$ImplMap.addNew(RaftServerProxy.java:99)
	at org.apache.ratis.server.impl.RaftServerProxy.groupAddAsync(RaftServerProxy.java:512)
	... 13 more
2025-07-14 15:00:05,302 [b5acb6b3-ef2b-41db-9bfa-77a47d0ca582-groupManagement] INFO  ratis.ContainerStateMachine (ContainerStateMachine.java:loadSnapshot(347)) - group-A15D2AD9FF5A: The snapshot info is null. Setting the last applied index to:<INITIAL_VALUE>
2025-07-14 15:00:05,303 [b5acb6b3-ef2b-41db-9bfa-77a47d0ca582-groupManagement] INFO  server.RaftServerConfigKeys (ConfUtils.java:logGet(62)) - raft.server.log.appender.buffer.byte-limit = 33554432 (custom)
2025-07-14 15:00:05,306 [a505560f-c589-4eb5-89aa-a89970ae9358-groupManagement] INFO  server.RaftServerConfigKeys (ConfUtils.java:logGet(62)) - raft.server.log.segment.size.max = 67108864 (custom)
2025-07-14 15:00:05,307 [EventQueue-PipelineReportForOneReplicaPipelineSafeModeRule] INFO  safemode.SCMSafeModeManager (SCMSafeModeManager.java:validateSafeModeExitRules(138)) - AtleastOneDatanodeReportedRule rule is successfully validated
2025-07-14 15:00:05,310 [e9aa665b-a6cb-4a48-961e-4c04ffb0bb5a@group-129182712624-StateMachineUpdater] INFO  safemode.SCMSafeModeManager (SCMSafeModeManager.java:validateSafeModeExitRules(138)) - DataNodeSafeModeRule rule is successfully validated
2025-07-14 15:00:05,310 [e9aa665b-a6cb-4a48-961e-4c04ffb0bb5a@group-129182712624-StateMachineUpdater] INFO  safemode.SCMSafeModeManager (SCMSafeModeManager.java:validateSafeModeExitRules(138)) - RatisContainerSafeModeRule rule is successfully validated
2025-07-14 15:00:05,311 [EventQueue-PipelineReportForOneReplicaPipelineSafeModeRule] INFO  safemode.SCMSafeModeManager (SCMSafeModeManager.java:validateSafeModeExitRules(138)) - AtleastOneDatanodeReportedRule rule is successfully validated
2025-07-14 15:00:05,312 [a505560f-c589-4eb5-89aa-a89970ae9358-groupManagement] INFO  server.RaftServerConfigKeys (ConfUtils.java:logGet(62)) - raft.server.log.appender.buffer.byte-limit = 33554432 (custom)
2025-07-14 15:00:05,312 [e9aa665b-a6cb-4a48-961e-4c04ffb0bb5a@group-129182712624-StateMachineUpdater] INFO  safemode.HealthyPipelineSafeModeRule (HealthyPipelineSafeModeRule.java:initializeRule(228)) - Refreshed total pipeline count is 0, healthy pipeline threshold count is 1
2025-07-14 15:00:05,312 [e9aa665b-a6cb-4a48-961e-4c04ffb0bb5a@group-129182712624-StateMachineUpdater] INFO  safemode.SCMSafeModeManager (SCMSafeModeManager.java:validateSafeModeExitRules(138)) - ECContainerSafeModeRule rule is successfully validated
2025-07-14 15:00:05,312 [e9aa665b-a6cb-4a48-961e-4c04ffb0bb5a@group-129182712624-StateMachineUpdater] INFO  safemode.SCMSafeModeManager (SCMSafeModeManager.java:validateSafeModeExitRules(138)) - AtleastOneDatanodeReportedRule rule is successfully validated
2025-07-14 15:00:05,312 [EventQueue-PipelineReportForPipelineReportHandler] INFO  pipeline.PipelineReportHandler (PipelineReportHandler.java:processPipelineReport(134)) - Opened pipeline Pipeline-6f4bc581-d89b-4f68-a5e7-42c16328b7c0
2025-07-14 15:00:05,314 [b5acb6b3-ef2b-41db-9bfa-77a47d0ca582-groupManagement] INFO  server.RaftServerConfigKeys (ConfUtils.java:logGet(62)) - raft.server.log.segment.size.max = 67108864 (custom)
2025-07-14 15:00:05,314 [a505560f-c589-4eb5-89aa-a89970ae9358-groupManagement] INFO  util.AwaitToRun (AwaitToRun.java:start(81)) - Thread[#1231,a505560f-c589-4eb5-89aa-a89970ae9358@group-42C16328B7C0-cacheEviction-AwaitToRun,5,main] started
2025-07-14 15:00:05,314 [a505560f-c589-4eb5-89aa-a89970ae9358-groupManagement] INFO  segmented.SegmentedRaftLogWorker (SegmentedRaftLogWorker.java:<init>(190)) - new a505560f-c589-4eb5-89aa-a89970ae9358@group-42C16328B7C0-SegmentedRaftLogWorker for RaftStorageImpl:Storage Directory /home/runner/work/ozone/ozone/hadoop-ozone/integration-test/target/test-dir/MiniOzoneClusterImpl-aaa7dc72-7fbf-48e0-acc5-129182712624/ozone-meta/datanode-4/ratis/6f4bc581-d89b-4f68-a5e7-42c16328b7c0
2025-07-14 15:00:05,314 [a505560f-c589-4eb5-89aa-a89970ae9358-groupManagement] INFO  server.RaftServerConfigKeys (ConfUtils.java:logGet(62)) - raft.server.log.queue.byte-limit = 4294967296 (custom)
2025-07-14 15:00:05,314 [a505560f-c589-4eb5-89aa-a89970ae9358-groupManagement] INFO  server.RaftServerConfigKeys (ConfUtils.java:logGet(62)) - raft.server.log.segment.size.max = 67108864 (custom)
2025-07-14 15:00:05,314 [a505560f-c589-4eb5-89aa-a89970ae9358-groupManagement] INFO  server.RaftServerConfigKeys (ConfUtils.java:logGet(62)) - raft.server.log.preallocated.size = 4194304 (custom)
2025-07-14 15:00:05,317 [EventQueue-PipelineReportForOneReplicaPipelineSafeModeRule] INFO  safemode.SCMSafeModeManager (SCMSafeModeManager.java:validateSafeModeExitRules(138)) - AtleastOneDatanodeReportedRule rule is successfully validated
2025-07-14 15:00:05,322 [b5acb6b3-ef2b-41db-9bfa-77a47d0ca582-groupManagement] INFO  server.RaftServerConfigKeys (ConfUtils.java:logGet(62)) - raft.server.log.appender.buffer.byte-limit = 33554432 (custom)
2025-07-14 15:00:05,322 [a505560f-c589-4eb5-89aa-a89970ae9358-groupManagement] INFO  server.RaftServerConfigKeys (ConfUtils.java:logGet(62)) - raft.server.log.write.buffer.size = 33554440 (custom)
2025-07-14 15:00:05,323 [b5acb6b3-ef2b-41db-9bfa-77a47d0ca582-groupManagement] INFO  util.AwaitToRun (AwaitToRun.java:start(81)) - Thread[#1234,b5acb6b3-ef2b-41db-9bfa-77a47d0ca582@group-A15D2AD9FF5A-cacheEviction-AwaitToRun,5,main] started
2025-07-14 15:00:05,324 [b5acb6b3-ef2b-41db-9bfa-77a47d0ca582-groupManagement] INFO  segmented.SegmentedRaftLogWorker (SegmentedRaftLogWorker.java:<init>(190)) - new b5acb6b3-ef2b-41db-9bfa-77a47d0ca582@group-A15D2AD9FF5A-SegmentedRaftLogWorker for RaftStorageImpl:Storage Directory /home/runner/work/ozone/ozone/hadoop-ozone/integration-test/target/test-dir/MiniOzoneClusterImpl-aaa7dc72-7fbf-48e0-acc5-129182712624/ozone-meta/datanode-3/ratis/b5e3c89b-aaaa-44fc-9b61-a15d2ad9ff5a
2025-07-14 15:00:05,324 [b5acb6b3-ef2b-41db-9bfa-77a47d0ca582-groupManagement] INFO  server.RaftServerConfigKeys (ConfUtils.java:logGet(62)) - raft.server.log.queue.byte-limit = 4294967296 (custom)
2025-07-14 15:00:05,324 [b5acb6b3-ef2b-41db-9bfa-77a47d0ca582-groupManagement] INFO  server.RaftServerConfigKeys (ConfUtils.java:logGet(62)) - raft.server.log.segment.size.max = 67108864 (custom)
2025-07-14 15:00:05,324 [b5acb6b3-ef2b-41db-9bfa-77a47d0ca582-groupManagement] INFO  server.RaftServerConfigKeys (ConfUtils.java:logGet(62)) - raft.server.log.preallocated.size = 4194304 (custom)
2025-07-14 15:00:05,324 [b5acb6b3-ef2b-41db-9bfa-77a47d0ca582-groupManagement] INFO  server.RaftServerConfigKeys (ConfUtils.java:logGet(62)) - raft.server.log.write.buffer.size = 33554440 (custom)
2025-07-14 15:00:05,329 [grpc-default-executor-1] WARN  server.GrpcAdminProtocolService (GrpcAdminProtocolService.java:lambda$groupManagement$1(53)) - Failed groupManagement: GROUPADD, GroupManagementRequest:client-384F45B0EA93->b5acb6b3-ef2b-41db-9bfa-77a47d0ca582@group-A15D2AD9FF5A, cid=8, seq=null, RW, null, Add:group-A15D2AD9FF5A:[0f2a098c-ed74-48ca-a55f-ceee6161c687|127.0.0.1:15023, 311b5faf-4d73-479d-9d03-a3296c64f810|127.0.0.1:15015, b5acb6b3-ef2b-41db-9bfa-77a47d0ca582|127.0.0.1:15031]
java.util.concurrent.CompletionException: org.apache.ratis.protocol.exceptions.AlreadyExistsException: b5acb6b3-ef2b-41db-9bfa-77a47d0ca582: Failed to add group-A15D2AD9FF5A:[0f2a098c-ed74-48ca-a55f-ceee6161c687|127.0.0.1:15023, 311b5faf-4d73-479d-9d03-a3296c64f810|127.0.0.1:15015, b5acb6b3-ef2b-41db-9bfa-77a47d0ca582|127.0.0.1:15031] since the group already exists in the map.
	at java.base/java.util.concurrent.CompletableFuture.encodeThrowable(CompletableFuture.java:332)
	at java.base/java.util.concurrent.CompletableFuture.uniApplyNow(CompletableFuture.java:674)
	at java.base/java.util.concurrent.CompletableFuture.uniApplyStage(CompletableFuture.java:662)
	at java.base/java.util.concurrent.CompletableFuture.thenApplyAsync(CompletableFuture.java:2210)
	at org.apache.ratis.server.impl.RaftServerProxy.groupAddAsync(RaftServerProxy.java:513)
	at org.apache.ratis.server.impl.RaftServerProxy.groupManagementAsync(RaftServerProxy.java:495)
	at org.apache.ratis.grpc.server.GrpcAdminProtocolService.lambda$groupManagement$0(GrpcAdminProtocolService.java:51)
	at org.apache.ratis.grpc.GrpcUtil.asyncCall(GrpcUtil.java:172)
	at org.apache.ratis.grpc.server.GrpcAdminProtocolService.groupManagement(GrpcAdminProtocolService.java:51)
	at org.apache.ratis.proto.grpc.AdminProtocolServiceGrpc$MethodHandlers.invoke(AdminProtocolServiceGrpc.java:701)
	at org.apache.ratis.thirdparty.io.grpc.stub.ServerCalls$UnaryServerCallHandler$UnaryServerCallListener.onHalfClose(ServerCalls.java:182)
	at org.apache.ratis.thirdparty.io.grpc.internal.ServerCallImpl$ServerStreamListenerImpl.halfClosed(ServerCallImpl.java:356)
	at org.apache.ratis.thirdparty.io.grpc.internal.ServerImpl$JumpToApplicationThreadServerStreamListener$1HalfClosed.runInContext(ServerImpl.java:861)
	at org.apache.ratis.thirdparty.io.grpc.internal.ContextRunnable.run(ContextRunnable.java:37)
	at org.apache.ratis.thirdparty.io.grpc.internal.SerializingExecutor.run(SerializingExecutor.java:133)
	at java.base/java.util.concurrent.ThreadPoolExecutor.runWorker(ThreadPoolExecutor.java:1144)
	at java.base/java.util.concurrent.ThreadPoolExecutor$Worker.run(ThreadPoolExecutor.java:642)
	at java.base/java.lang.Thread.run(Thread.java:1583)
Caused by: org.apache.ratis.protocol.exceptions.AlreadyExistsException: b5acb6b3-ef2b-41db-9bfa-77a47d0ca582: Failed to add group-A15D2AD9FF5A:[0f2a098c-ed74-48ca-a55f-ceee6161c687|127.0.0.1:15023, 311b5faf-4d73-479d-9d03-a3296c64f810|127.0.0.1:15015, b5acb6b3-ef2b-41db-9bfa-77a47d0ca582|127.0.0.1:15031] since the group already exists in the map.
	at org.apache.ratis.server.impl.RaftServerProxy$ImplMap.addNew(RaftServerProxy.java:99)
	at org.apache.ratis.server.impl.RaftServerProxy.groupAddAsync(RaftServerProxy.java:512)
	... 13 more
2025-07-14 15:00:05,332 [b5acb6b3-ef2b-41db-9bfa-77a47d0ca582-groupManagement] INFO  server.RaftServerConfigKeys (ConfUtils.java:logGet(62)) - raft.server.log.appender.buffer.byte-limit = 33554432 (custom)
2025-07-14 15:00:05,333 [b5acb6b3-ef2b-41db-9bfa-77a47d0ca582-groupManagement] INFO  segmented.SegmentedRaftLogWorker (SegmentedRaftLogWorker.java:lambda$new$0(141)) - b5acb6b3-ef2b-41db-9bfa-77a47d0ca582@group-A15D2AD9FF5A-SegmentedRaftLogWorker: flushIndex: setUnconditionally 0 -> -1
2025-07-14 15:00:05,333 [b5acb6b3-ef2b-41db-9bfa-77a47d0ca582-groupManagement] INFO  segmented.SegmentedRaftLogWorker (SegmentedRaftLogWorker.java:lambda$new$0(141)) - b5acb6b3-ef2b-41db-9bfa-77a47d0ca582@group-A15D2AD9FF5A-SegmentedRaftLogWorker: safeCacheEvictIndex: setUnconditionally 0 -> -1
2025-07-14 15:00:05,334 [b5acb6b3-ef2b-41db-9bfa-77a47d0ca582-groupManagement] INFO  server.RaftServer$Division (RaftServerImpl.java:start(405)) - b5acb6b3-ef2b-41db-9bfa-77a47d0ca582@group-A15D2AD9FF5A: start as a follower, conf=conf: {index: -1, cur=peers:[0f2a098c-ed74-48ca-a55f-ceee6161c687|127.0.0.1:15023, 311b5faf-4d73-479d-9d03-a3296c64f810|127.0.0.1:15015, b5acb6b3-ef2b-41db-9bfa-77a47d0ca582|127.0.0.1:15031]|listeners:[], old=null}
2025-07-14 15:00:05,335 [b5acb6b3-ef2b-41db-9bfa-77a47d0ca582-groupManagement] INFO  server.RaftServer$Division (RaftServerImpl.java:setRole(392)) - b5acb6b3-ef2b-41db-9bfa-77a47d0ca582@group-A15D2AD9FF5A: changes role from      null to FOLLOWER at term 0 for startAsFollower
2025-07-14 15:00:05,335 [b5acb6b3-ef2b-41db-9bfa-77a47d0ca582-groupManagement] INFO  impl.RoleInfo (RoleInfo.java:updateAndGet(148)) - b5acb6b3-ef2b-41db-9bfa-77a47d0ca582: start b5acb6b3-ef2b-41db-9bfa-77a47d0ca582@group-A15D2AD9FF5A-FollowerState
2025-07-14 15:00:05,336 [a505560f-c589-4eb5-89aa-a89970ae9358-groupManagement] INFO  server.RaftServerConfigKeys (ConfUtils.java:logGet(62)) - raft.server.log.appender.buffer.byte-limit = 33554432 (custom)
2025-07-14 15:00:05,336 [a505560f-c589-4eb5-89aa-a89970ae9358-groupManagement] INFO  segmented.SegmentedRaftLogWorker (SegmentedRaftLogWorker.java:lambda$new$0(141)) - a505560f-c589-4eb5-89aa-a89970ae9358@group-42C16328B7C0-SegmentedRaftLogWorker: flushIndex: setUnconditionally 0 -> -1
2025-07-14 15:00:05,336 [a505560f-c589-4eb5-89aa-a89970ae9358-groupManagement] INFO  segmented.SegmentedRaftLogWorker (SegmentedRaftLogWorker.java:lambda$new$0(141)) - a505560f-c589-4eb5-89aa-a89970ae9358@group-42C16328B7C0-SegmentedRaftLogWorker: safeCacheEvictIndex: setUnconditionally 0 -> -1
2025-07-14 15:00:05,336 [b5acb6b3-ef2b-41db-9bfa-77a47d0ca582-groupManagement] INFO  util.JmxRegister (JmxRegister.java:tryRegister(44)) - Successfully registered JMX Bean with object name Ratis:service=RaftServer,group=group-A15D2AD9FF5A,id=b5acb6b3-ef2b-41db-9bfa-77a47d0ca582
2025-07-14 15:00:05,337 [b5acb6b3-ef2b-41db-9bfa-77a47d0ca582-groupManagement] INFO  util.JmxRegister (JmxRegister.java:register(58)) - register mxBean class org.apache.ratis.server.impl.RaftServerJmxAdapter as Ratis:service=RaftServer,group=group-A15D2AD9FF5A,id=b5acb6b3-ef2b-41db-9bfa-77a47d0ca582
2025-07-14 15:00:05,338 [a505560f-c589-4eb5-89aa-a89970ae9358-groupManagement] INFO  server.RaftServer$Division (RaftServerImpl.java:start(405)) - a505560f-c589-4eb5-89aa-a89970ae9358@group-42C16328B7C0: start as a follower, conf=conf: {index: -1, cur=peers:[a505560f-c589-4eb5-89aa-a89970ae9358|127.0.0.1:15039]|listeners:[], old=null}
2025-07-14 15:00:05,338 [a505560f-c589-4eb5-89aa-a89970ae9358-groupManagement] INFO  server.RaftServer$Division (RaftServerImpl.java:setRole(392)) - a505560f-c589-4eb5-89aa-a89970ae9358@group-42C16328B7C0: changes role from      null to FOLLOWER at term 0 for startAsFollower
2025-07-14 15:00:05,338 [a505560f-c589-4eb5-89aa-a89970ae9358-groupManagement] INFO  impl.RoleInfo (RoleInfo.java:updateAndGet(148)) - a505560f-c589-4eb5-89aa-a89970ae9358: start a505560f-c589-4eb5-89aa-a89970ae9358@group-42C16328B7C0-FollowerState
2025-07-14 15:00:05,338 [a505560f-c589-4eb5-89aa-a89970ae9358-groupManagement] INFO  util.JmxRegister (JmxRegister.java:tryRegister(44)) - Successfully registered JMX Bean with object name Ratis:service=RaftServer,group=group-42C16328B7C0,id=a505560f-c589-4eb5-89aa-a89970ae9358
2025-07-14 15:00:05,339 [a505560f-c589-4eb5-89aa-a89970ae9358-groupManagement] INFO  util.JmxRegister (JmxRegister.java:register(58)) - register mxBean class org.apache.ratis.server.impl.RaftServerJmxAdapter as Ratis:service=RaftServer,group=group-42C16328B7C0,id=a505560f-c589-4eb5-89aa-a89970ae9358
2025-07-14 15:00:05,340 [a505560f-c589-4eb5-89aa-a89970ae9358-groupManagement] INFO  server.RaftServer$Division (RaftServerImpl.java:start(419)) - a505560f-c589-4eb5-89aa-a89970ae9358@group-42C16328B7C0: Successfully started.
2025-07-14 15:00:05,341 [a505560f-c589-4eb5-89aa-a89970ae9358-PipelineCommandHandlerThread-0] INFO  ratis.XceiverServerRatis (XceiverServerRatis.java:addGroup(843)) - Created group Pipeline-6f4bc581-d89b-4f68-a5e7-42c16328b7c0
2025-07-14 15:00:05,341 [a505560f-c589-4eb5-89aa-a89970ae9358-PipelineCommandHandlerThread-0] INFO  commandhandler.CreatePipelineCommandHandler (CreatePipelineCommandHandler.java:lambda$handle$2(127)) - Created Pipeline RATIS ONE Pipeline-6f4bc581-d89b-4f68-a5e7-42c16328b7c0.
2025-07-14 15:00:05,341 [b5acb6b3-ef2b-41db-9bfa-77a47d0ca582-groupManagement] INFO  server.RaftServer$Division (RaftServerImpl.java:start(419)) - b5acb6b3-ef2b-41db-9bfa-77a47d0ca582@group-A15D2AD9FF5A: Successfully started.
2025-07-14 15:00:05,341 [a505560f-c589-4eb5-89aa-a89970ae9358-PipelineCommandHandlerThread-0] INFO  server.RaftServer (RaftServerProxy.java:addNew(105)) - a505560f-c589-4eb5-89aa-a89970ae9358: addNew group-B771F555DC8D:[77d16558-8a68-4655-9235-107e22ba3c38|127.0.0.1:15047, 52f0bf1a-a22c-4dfc-83f0-dd23f5b60a86|127.0.0.1:15055, a505560f-c589-4eb5-89aa-a89970ae9358|127.0.0.1:15039] returns group-B771F555DC8D:java.util.concurrent.CompletableFuture@f590b40[Not completed]
2025-07-14 15:00:05,341 [b5acb6b3-ef2b-41db-9bfa-77a47d0ca582-PipelineCommandHandlerThread-0] INFO  ratis.XceiverServerRatis (XceiverServerRatis.java:addGroup(843)) - Created group Pipeline-b5e3c89b-aaaa-44fc-9b61-a15d2ad9ff5a
2025-07-14 15:00:05,343 [a505560f-c589-4eb5-89aa-a89970ae9358-groupManagement] INFO  server.RaftServer$Division (RaftServerImpl.java:<init>(268)) - a505560f-c589-4eb5-89aa-a89970ae9358: new RaftServerImpl for group-B771F555DC8D:[77d16558-8a68-4655-9235-107e22ba3c38|127.0.0.1:15047, 52f0bf1a-a22c-4dfc-83f0-dd23f5b60a86|127.0.0.1:15055, a505560f-c589-4eb5-89aa-a89970ae9358|127.0.0.1:15039] with ContainerStateMachine:uninitialized
2025-07-14 15:00:05,344 [311b5faf-4d73-479d-9d03-a3296c64f810-PipelineCommandHandlerThread-0] INFO  commandhandler.CreatePipelineCommandHandler (CreatePipelineCommandHandler.java:lambda$handle$2(127)) - Created Pipeline RATIS THREE Pipeline-b5e3c89b-aaaa-44fc-9b61-a15d2ad9ff5a.
2025-07-14 15:00:05,345 [a505560f-c589-4eb5-89aa-a89970ae9358-groupManagement] INFO  server.RaftServer$Division (ServerState.java:<init>(114)) - a505560f-c589-4eb5-89aa-a89970ae9358@group-B771F555DC8D: ConfigurationManager, init=conf: {index: -1, cur=peers:[77d16558-8a68-4655-9235-107e22ba3c38|127.0.0.1:15047, 52f0bf1a-a22c-4dfc-83f0-dd23f5b60a86|127.0.0.1:15055, a505560f-c589-4eb5-89aa-a89970ae9358|127.0.0.1:15039]|listeners:[], old=null}, confs=<EMPTY_MAP>
2025-07-14 15:00:05,353 [IPC Server handler 32 on default port 15002] INFO  net.NetworkTopologyImpl (NetworkTopologyImpl.java:add(133)) - Added a new node: /default-rack/9eaddddd-9b57-463b-ae7a-e3a77c744c69
2025-07-14 15:00:05,353 [IPC Server handler 32 on default port 15002] INFO  node.SCMNodeManager (SCMNodeManager.java:register(423)) - Registered datanode: 9eaddddd-9b57-463b-ae7a-e3a77c744c69{ip: 127.0.0.1, host: localhost, ports: [HTTP=15082, CLIENT_RPC=15083, REPLICATION=15089, RATIS=15085, RATIS_ADMIN=15086, RATIS_SERVER=15087, RATIS_DATASTREAM=15088, STANDALONE=15084], networkLocation: /default-rack, certSerialId: null, persistedOpState: null, persistedOpStateExpiryEpochSec: 0}
2025-07-14 15:00:05,353 [EventQueue-NewNodeForNewNodeHandler] INFO  pipeline.BackgroundPipelineCreator (BackgroundPipelineCreator.java:notifyEventTriggered(290)) - trigger a one-shot run on RatisPipelineUtilsThread.
2025-07-14 15:00:05,354 [EventQueue-ContainerRegistrationReportForECContainerSafeModeRule] INFO  safemode.SCMSafeModeManager (SCMSafeModeManager.java:validateSafeModeExitRules(138)) - ECContainerSafeModeRule rule is successfully validated
2025-07-14 15:00:05,354 [EventQueue-ContainerRegistrationReportForRatisContainerSafeModeRule] INFO  safemode.SCMSafeModeManager (SCMSafeModeManager.java:validateSafeModeExitRules(138)) - RatisContainerSafeModeRule rule is successfully validated
2025-07-14 15:00:05,354 [RatisPipelineUtilsThread-0] INFO  pipeline.RatisPipelineProvider (RatisPipelineProvider.java:lambda$create$0(208)) - Sending CreatePipelineCommand for pipeline:Pipeline-e4531615-3152-4076-828e-92aab85e7561 to datanode:9eaddddd-9b57-463b-ae7a-e3a77c744c69(localhost/127.0.0.1)
2025-07-14 15:00:05,355 [EventQueue-PipelineReportForOneReplicaPipelineSafeModeRule] INFO  safemode.SCMSafeModeManager (SCMSafeModeManager.java:validateSafeModeExitRules(138)) - AtleastOneDatanodeReportedRule rule is successfully validated
2025-07-14 15:00:05,355 [main] INFO  ozone.MiniOzoneClusterImpl (MiniOzoneClusterImpl.java:lambda$waitForClusterToBeReady$0(173)) - Nodes are ready. Got 10 of 10 DN Heartbeats.
2025-07-14 15:00:05,355 [main] INFO  ozone.MiniOzoneClusterImpl (MiniOzoneClusterImpl.java:lambda$waitForClusterToBeReady$0(176)) - Waiting for cluster to exit safe mode
2025-07-14 15:00:05,355 [main] INFO  ozone.MiniOzoneClusterImpl (MiniOzoneClusterImpl.java:lambda$waitForClusterToBeReady$0(178)) - SCM became leader
2025-07-14 15:00:05,356 [EventQueue-NodeRegistrationContainerReportForDataNodeSafeModeRule] INFO  safemode.SCMSafeModeManager (SCMSafeModeManager.java:validateSafeModeExitRules(138)) - DataNodeSafeModeRule rule is successfully validated
2025-07-14 15:00:05,357 [a505560f-c589-4eb5-89aa-a89970ae9358-groupManagement] INFO  server.RaftServerConfigKeys (ConfUtils.java:logGet(62)) - raft.server.storage.dir = [/home/runner/work/ozone/ozone/hadoop-ozone/integration-test/target/test-dir/MiniOzoneClusterImpl-aaa7dc72-7fbf-48e0-acc5-129182712624/ozone-meta/datanode-4/ratis] (custom)
2025-07-14 15:00:05,357 [a505560f-c589-4eb5-89aa-a89970ae9358-groupManagement] INFO  storage.RaftStorageDirectory (RaftStorageDirectoryImpl.java:analyzeStorage(138)) - The storage directory /home/runner/work/ozone/ozone/hadoop-ozone/integration-test/target/test-dir/MiniOzoneClusterImpl-aaa7dc72-7fbf-48e0-acc5-129182712624/ozone-meta/datanode-4/ratis/955d2a46-e184-48bd-86c8-b771f555dc8d does not exist. Creating ...
2025-07-14 15:00:05,359 [EventQueue-PipelineReportForOneReplicaPipelineSafeModeRule] INFO  safemode.SCMSafeModeManager (SCMSafeModeManager.java:validateSafeModeExitRules(138)) - AtleastOneDatanodeReportedRule rule is successfully validated
2025-07-14 15:00:05,360 [grpc-default-executor-1] WARN  server.GrpcAdminProtocolService (GrpcAdminProtocolService.java:lambda$groupManagement$1(53)) - Failed groupManagement: GROUPADD, GroupManagementRequest:client-6D6A3BDE63D9->311b5faf-4d73-479d-9d03-a3296c64f810@group-A15D2AD9FF5A, cid=9, seq=null, RW, null, Add:group-A15D2AD9FF5A:[0f2a098c-ed74-48ca-a55f-ceee6161c687|127.0.0.1:15023, 311b5faf-4d73-479d-9d03-a3296c64f810|127.0.0.1:15015, b5acb6b3-ef2b-41db-9bfa-77a47d0ca582|127.0.0.1:15031]
java.util.concurrent.CompletionException: org.apache.ratis.protocol.exceptions.AlreadyExistsException: 311b5faf-4d73-479d-9d03-a3296c64f810: Failed to add group-A15D2AD9FF5A:[0f2a098c-ed74-48ca-a55f-ceee6161c687|127.0.0.1:15023, 311b5faf-4d73-479d-9d03-a3296c64f810|127.0.0.1:15015, b5acb6b3-ef2b-41db-9bfa-77a47d0ca582|127.0.0.1:15031] since the group already exists in the map.
	at java.base/java.util.concurrent.CompletableFuture.encodeThrowable(CompletableFuture.java:332)
	at java.base/java.util.concurrent.CompletableFuture.uniApplyNow(CompletableFuture.java:674)
	at java.base/java.util.concurrent.CompletableFuture.uniApplyStage(CompletableFuture.java:662)
	at java.base/java.util.concurrent.CompletableFuture.thenApplyAsync(CompletableFuture.java:2210)
	at org.apache.ratis.server.impl.RaftServerProxy.groupAddAsync(RaftServerProxy.java:513)
	at org.apache.ratis.server.impl.RaftServerProxy.groupManagementAsync(RaftServerProxy.java:495)
	at org.apache.ratis.grpc.server.GrpcAdminProtocolService.lambda$groupManagement$0(GrpcAdminProtocolService.java:51)
	at org.apache.ratis.grpc.GrpcUtil.asyncCall(GrpcUtil.java:172)
	at org.apache.ratis.grpc.server.GrpcAdminProtocolService.groupManagement(GrpcAdminProtocolService.java:51)
	at org.apache.ratis.proto.grpc.AdminProtocolServiceGrpc$MethodHandlers.invoke(AdminProtocolServiceGrpc.java:701)
	at org.apache.ratis.thirdparty.io.grpc.stub.ServerCalls$UnaryServerCallHandler$UnaryServerCallListener.onHalfClose(ServerCalls.java:182)
	at org.apache.ratis.thirdparty.io.grpc.internal.ServerCallImpl$ServerStreamListenerImpl.halfClosed(ServerCallImpl.java:356)
	at org.apache.ratis.thirdparty.io.grpc.internal.ServerImpl$JumpToApplicationThreadServerStreamListener$1HalfClosed.runInContext(ServerImpl.java:861)
	at org.apache.ratis.thirdparty.io.grpc.internal.ContextRunnable.run(ContextRunnable.java:37)
	at org.apache.ratis.thirdparty.io.grpc.internal.SerializingExecutor.run(SerializingExecutor.java:133)
	at java.base/java.util.concurrent.ThreadPoolExecutor.runWorker(ThreadPoolExecutor.java:1144)
	at java.base/java.util.concurrent.ThreadPoolExecutor$Worker.run(ThreadPoolExecutor.java:642)
	at java.base/java.lang.Thread.run(Thread.java:1583)
Caused by: org.apache.ratis.protocol.exceptions.AlreadyExistsException: 311b5faf-4d73-479d-9d03-a3296c64f810: Failed to add group-A15D2AD9FF5A:[0f2a098c-ed74-48ca-a55f-ceee6161c687|127.0.0.1:15023, 311b5faf-4d73-479d-9d03-a3296c64f810|127.0.0.1:15015, b5acb6b3-ef2b-41db-9bfa-77a47d0ca582|127.0.0.1:15031] since the group already exists in the map.
	at org.apache.ratis.server.impl.RaftServerProxy$ImplMap.addNew(RaftServerProxy.java:99)
	at org.apache.ratis.server.impl.RaftServerProxy.groupAddAsync(RaftServerProxy.java:512)
	... 13 more
2025-07-14 15:00:05,361 [e9aa665b-a6cb-4a48-961e-4c04ffb0bb5a@group-129182712624-StateMachineUpdater] INFO  safemode.SCMSafeModeManager (SCMSafeModeManager.java:validateSafeModeExitRules(138)) - DataNodeSafeModeRule rule is successfully validated
2025-07-14 15:00:05,361 [e9aa665b-a6cb-4a48-961e-4c04ffb0bb5a@group-129182712624-StateMachineUpdater] INFO  safemode.SCMSafeModeManager (SCMSafeModeManager.java:validateSafeModeExitRules(138)) - RatisContainerSafeModeRule rule is successfully validated
2025-07-14 15:00:05,361 [e9aa665b-a6cb-4a48-961e-4c04ffb0bb5a@group-129182712624-StateMachineUpdater] INFO  safemode.HealthyPipelineSafeModeRule (HealthyPipelineSafeModeRule.java:initializeRule(228)) - Refreshed total pipeline count is 0, healthy pipeline threshold count is 1
2025-07-14 15:00:05,361 [e9aa665b-a6cb-4a48-961e-4c04ffb0bb5a@group-129182712624-StateMachineUpdater] INFO  safemode.SCMSafeModeManager (SCMSafeModeManager.java:validateSafeModeExitRules(138)) - ECContainerSafeModeRule rule is successfully validated
2025-07-14 15:00:05,361 [e9aa665b-a6cb-4a48-961e-4c04ffb0bb5a@group-129182712624-StateMachineUpdater] INFO  safemode.SCMSafeModeManager (SCMSafeModeManager.java:validateSafeModeExitRules(138)) - AtleastOneDatanodeReportedRule rule is successfully validated
2025-07-14 15:00:05,362 [RatisPipelineUtilsThread-0] INFO  pipeline.BackgroundPipelineCreator (BackgroundPipelineCreator.java:createPipelines(246)) - Created new pipeline Pipeline{ Id: e4531615-3152-4076-828e-92aab85e7561, Nodes: [ {9eaddddd-9b57-463b-ae7a-e3a77c744c69(localhost/127.0.0.1), ReplicaIndex: 0},], ReplicationConfig: RATIS/ONE, State:ALLOCATED, leaderId:, CreationTimestamp2025-07-14T15:00:05.354612460Z[Etc/UTC]}
2025-07-14 15:00:05,360 [a505560f-c589-4eb5-89aa-a89970ae9358-groupManagement] INFO  storage.RaftStorageDirectory (RaftStorageDirectoryImpl.java:tryLock(229)) - Lock on /home/runner/work/ozone/ozone/hadoop-ozone/integration-test/target/test-dir/MiniOzoneClusterImpl-aaa7dc72-7fbf-48e0-acc5-129182712624/ozone-meta/datanode-4/ratis/955d2a46-e184-48bd-86c8-b771f555dc8d/in_use.lock acquired by nodename 18082@localhost
2025-07-14 15:00:05,363 [a505560f-c589-4eb5-89aa-a89970ae9358-groupManagement] INFO  storage.RaftStorage (RaftStorageImpl.java:format(98)) - Storage directory /home/runner/work/ozone/ozone/hadoop-ozone/integration-test/target/test-dir/MiniOzoneClusterImpl-aaa7dc72-7fbf-48e0-acc5-129182712624/ozone-meta/datanode-4/ratis/955d2a46-e184-48bd-86c8-b771f555dc8d has been successfully formatted.
2025-07-14 15:00:05,365 [a505560f-c589-4eb5-89aa-a89970ae9358-groupManagement] INFO  ratis.ContainerStateMachine (ContainerStateMachine.java:initialize(339)) - a505560f-c589-4eb5-89aa-a89970ae9358: initialize group-B771F555DC8D
2025-07-14 15:00:05,365 [a505560f-c589-4eb5-89aa-a89970ae9358-groupManagement] INFO  ratis.ContainerStateMachine (ContainerStateMachine.java:loadSnapshot(347)) - group-B771F555DC8D: The snapshot info is null. Setting the last applied index to:<INITIAL_VALUE>
2025-07-14 15:00:05,365 [EventQueue-PipelineReportForOneReplicaPipelineSafeModeRule] INFO  safemode.SCMSafeModeManager (SCMSafeModeManager.java:validateSafeModeExitRules(138)) - AtleastOneDatanodeReportedRule rule is successfully validated
2025-07-14 15:00:05,366 [a505560f-c589-4eb5-89aa-a89970ae9358-groupManagement] INFO  server.RaftServerConfigKeys (ConfUtils.java:logGet(62)) - raft.server.log.appender.buffer.byte-limit = 33554432 (custom)
2025-07-14 15:00:05,368 [EventQueue-PipelineReportForOneReplicaPipelineSafeModeRule] INFO  safemode.SCMSafeModeManager (SCMSafeModeManager.java:validateSafeModeExitRules(138)) - AtleastOneDatanodeReportedRule rule is successfully validated
2025-07-14 15:00:05,368 [a505560f-c589-4eb5-89aa-a89970ae9358-groupManagement] INFO  server.RaftServerConfigKeys (ConfUtils.java:logGet(62)) - raft.server.log.segment.size.max = 67108864 (custom)
2025-07-14 15:00:05,369 [a505560f-c589-4eb5-89aa-a89970ae9358-groupManagement] INFO  server.RaftServerConfigKeys (ConfUtils.java:logGet(62)) - raft.server.log.appender.buffer.byte-limit = 33554432 (custom)
2025-07-14 15:00:05,369 [a505560f-c589-4eb5-89aa-a89970ae9358-groupManagement] INFO  util.AwaitToRun (AwaitToRun.java:start(81)) - Thread[#1244,a505560f-c589-4eb5-89aa-a89970ae9358@group-B771F555DC8D-cacheEviction-AwaitToRun,5,main] started
2025-07-14 15:00:05,369 [a505560f-c589-4eb5-89aa-a89970ae9358-groupManagement] INFO  segmented.SegmentedRaftLogWorker (SegmentedRaftLogWorker.java:<init>(190)) - new a505560f-c589-4eb5-89aa-a89970ae9358@group-B771F555DC8D-SegmentedRaftLogWorker for RaftStorageImpl:Storage Directory /home/runner/work/ozone/ozone/hadoop-ozone/integration-test/target/test-dir/MiniOzoneClusterImpl-aaa7dc72-7fbf-48e0-acc5-129182712624/ozone-meta/datanode-4/ratis/955d2a46-e184-48bd-86c8-b771f555dc8d
2025-07-14 15:00:05,369 [a505560f-c589-4eb5-89aa-a89970ae9358-groupManagement] INFO  server.RaftServerConfigKeys (ConfUtils.java:logGet(62)) - raft.server.log.queue.byte-limit = 4294967296 (custom)
2025-07-14 15:00:05,369 [a505560f-c589-4eb5-89aa-a89970ae9358-groupManagement] INFO  server.RaftServerConfigKeys (ConfUtils.java:logGet(62)) - raft.server.log.segment.size.max = 67108864 (custom)
2025-07-14 15:00:05,369 [a505560f-c589-4eb5-89aa-a89970ae9358-groupManagement] INFO  server.RaftServerConfigKeys (ConfUtils.java:logGet(62)) - raft.server.log.preallocated.size = 4194304 (custom)
2025-07-14 15:00:05,370 [a505560f-c589-4eb5-89aa-a89970ae9358-groupManagement] INFO  server.RaftServerConfigKeys (ConfUtils.java:logGet(62)) - raft.server.log.write.buffer.size = 33554440 (custom)
2025-07-14 15:00:05,378 [a505560f-c589-4eb5-89aa-a89970ae9358-groupManagement] INFO  server.RaftServerConfigKeys (ConfUtils.java:logGet(62)) - raft.server.log.appender.buffer.byte-limit = 33554432 (custom)
2025-07-14 15:00:05,379 [a505560f-c589-4eb5-89aa-a89970ae9358-groupManagement] INFO  segmented.SegmentedRaftLogWorker (SegmentedRaftLogWorker.java:lambda$new$0(141)) - a505560f-c589-4eb5-89aa-a89970ae9358@group-B771F555DC8D-SegmentedRaftLogWorker: flushIndex: setUnconditionally 0 -> -1
2025-07-14 15:00:05,379 [a505560f-c589-4eb5-89aa-a89970ae9358-groupManagement] INFO  segmented.SegmentedRaftLogWorker (SegmentedRaftLogWorker.java:lambda$new$0(141)) - a505560f-c589-4eb5-89aa-a89970ae9358@group-B771F555DC8D-SegmentedRaftLogWorker: safeCacheEvictIndex: setUnconditionally 0 -> -1
2025-07-14 15:00:05,385 [a505560f-c589-4eb5-89aa-a89970ae9358-groupManagement] INFO  server.RaftServer$Division (RaftServerImpl.java:start(405)) - a505560f-c589-4eb5-89aa-a89970ae9358@group-B771F555DC8D: start as a follower, conf=conf: {index: -1, cur=peers:[77d16558-8a68-4655-9235-107e22ba3c38|127.0.0.1:15047, 52f0bf1a-a22c-4dfc-83f0-dd23f5b60a86|127.0.0.1:15055, a505560f-c589-4eb5-89aa-a89970ae9358|127.0.0.1:15039]|listeners:[], old=null}
2025-07-14 15:00:05,385 [a505560f-c589-4eb5-89aa-a89970ae9358-groupManagement] INFO  server.RaftServer$Division (RaftServerImpl.java:setRole(392)) - a505560f-c589-4eb5-89aa-a89970ae9358@group-B771F555DC8D: changes role from      null to FOLLOWER at term 0 for startAsFollower
2025-07-14 15:00:05,385 [a505560f-c589-4eb5-89aa-a89970ae9358-groupManagement] INFO  impl.RoleInfo (RoleInfo.java:updateAndGet(148)) - a505560f-c589-4eb5-89aa-a89970ae9358: start a505560f-c589-4eb5-89aa-a89970ae9358@group-B771F555DC8D-FollowerState
2025-07-14 15:00:05,386 [a505560f-c589-4eb5-89aa-a89970ae9358-groupManagement] INFO  util.JmxRegister (JmxRegister.java:tryRegister(44)) - Successfully registered JMX Bean with object name Ratis:service=RaftServer,group=group-B771F555DC8D,id=a505560f-c589-4eb5-89aa-a89970ae9358
2025-07-14 15:00:05,386 [a505560f-c589-4eb5-89aa-a89970ae9358-groupManagement] INFO  util.JmxRegister (JmxRegister.java:register(58)) - register mxBean class org.apache.ratis.server.impl.RaftServerJmxAdapter as Ratis:service=RaftServer,group=group-B771F555DC8D,id=a505560f-c589-4eb5-89aa-a89970ae9358
2025-07-14 15:00:05,389 [a505560f-c589-4eb5-89aa-a89970ae9358-groupManagement] INFO  server.RaftServer$Division (RaftServerImpl.java:start(419)) - a505560f-c589-4eb5-89aa-a89970ae9358@group-B771F555DC8D: Successfully started.
2025-07-14 15:00:05,391 [a505560f-c589-4eb5-89aa-a89970ae9358-PipelineCommandHandlerThread-0] INFO  ratis.XceiverServerRatis (XceiverServerRatis.java:addGroup(843)) - Created group Pipeline-955d2a46-e184-48bd-86c8-b771f555dc8d
2025-07-14 15:00:05,394 [grpc-default-executor-1] WARN  server.GrpcAdminProtocolService (GrpcAdminProtocolService.java:lambda$groupManagement$1(53)) - Failed groupManagement: GROUPADD, GroupManagementRequest:client-1A551180D1ED->0f2a098c-ed74-48ca-a55f-ceee6161c687@group-A15D2AD9FF5A, cid=10, seq=null, RW, null, Add:group-A15D2AD9FF5A:[0f2a098c-ed74-48ca-a55f-ceee6161c687|127.0.0.1:15023, 311b5faf-4d73-479d-9d03-a3296c64f810|127.0.0.1:15015, b5acb6b3-ef2b-41db-9bfa-77a47d0ca582|127.0.0.1:15031]
java.util.concurrent.CompletionException: org.apache.ratis.protocol.exceptions.AlreadyExistsException: 0f2a098c-ed74-48ca-a55f-ceee6161c687: Failed to add group-A15D2AD9FF5A:[0f2a098c-ed74-48ca-a55f-ceee6161c687|127.0.0.1:15023, 311b5faf-4d73-479d-9d03-a3296c64f810|127.0.0.1:15015, b5acb6b3-ef2b-41db-9bfa-77a47d0ca582|127.0.0.1:15031] since the group already exists in the map.
	at java.base/java.util.concurrent.CompletableFuture.encodeThrowable(CompletableFuture.java:332)
	at java.base/java.util.concurrent.CompletableFuture.uniApplyNow(CompletableFuture.java:674)
	at java.base/java.util.concurrent.CompletableFuture.uniApplyStage(CompletableFuture.java:662)
	at java.base/java.util.concurrent.CompletableFuture.thenApplyAsync(CompletableFuture.java:2210)
	at org.apache.ratis.server.impl.RaftServerProxy.groupAddAsync(RaftServerProxy.java:513)
	at org.apache.ratis.server.impl.RaftServerProxy.groupManagementAsync(RaftServerProxy.java:495)
	at org.apache.ratis.grpc.server.GrpcAdminProtocolService.lambda$groupManagement$0(GrpcAdminProtocolService.java:51)
	at org.apache.ratis.grpc.GrpcUtil.asyncCall(GrpcUtil.java:172)
	at org.apache.ratis.grpc.server.GrpcAdminProtocolService.groupManagement(GrpcAdminProtocolService.java:51)
	at org.apache.ratis.proto.grpc.AdminProtocolServiceGrpc$MethodHandlers.invoke(AdminProtocolServiceGrpc.java:701)
	at org.apache.ratis.thirdparty.io.grpc.stub.ServerCalls$UnaryServerCallHandler$UnaryServerCallListener.onHalfClose(ServerCalls.java:182)
	at org.apache.ratis.thirdparty.io.grpc.internal.ServerCallImpl$ServerStreamListenerImpl.halfClosed(ServerCallImpl.java:356)
	at org.apache.ratis.thirdparty.io.grpc.internal.ServerImpl$JumpToApplicationThreadServerStreamListener$1HalfClosed.runInContext(ServerImpl.java:861)
	at org.apache.ratis.thirdparty.io.grpc.internal.ContextRunnable.run(ContextRunnable.java:37)
	at org.apache.ratis.thirdparty.io.grpc.internal.SerializingExecutor.run(SerializingExecutor.java:133)
	at java.base/java.util.concurrent.ThreadPoolExecutor.runWorker(ThreadPoolExecutor.java:1144)
	at java.base/java.util.concurrent.ThreadPoolExecutor$Worker.run(ThreadPoolExecutor.java:642)
	at java.base/java.lang.Thread.run(Thread.java:1583)
Caused by: org.apache.ratis.protocol.exceptions.AlreadyExistsException: 0f2a098c-ed74-48ca-a55f-ceee6161c687: Failed to add group-A15D2AD9FF5A:[0f2a098c-ed74-48ca-a55f-ceee6161c687|127.0.0.1:15023, 311b5faf-4d73-479d-9d03-a3296c64f810|127.0.0.1:15015, b5acb6b3-ef2b-41db-9bfa-77a47d0ca582|127.0.0.1:15031] since the group already exists in the map.
	at org.apache.ratis.server.impl.RaftServerProxy$ImplMap.addNew(RaftServerProxy.java:99)
	at org.apache.ratis.server.impl.RaftServerProxy.groupAddAsync(RaftServerProxy.java:512)
	... 13 more
2025-07-14 15:00:05,406 [b5acb6b3-ef2b-41db-9bfa-77a47d0ca582-PipelineCommandHandlerThread-0] INFO  commandhandler.CreatePipelineCommandHandler (CreatePipelineCommandHandler.java:lambda$handle$2(127)) - Created Pipeline RATIS THREE Pipeline-b5e3c89b-aaaa-44fc-9b61-a15d2ad9ff5a.
2025-07-14 15:00:05,409 [EventQueue-PipelineReportForOneReplicaPipelineSafeModeRule] INFO  safemode.SCMSafeModeManager (SCMSafeModeManager.java:validateSafeModeExitRules(138)) - AtleastOneDatanodeReportedRule rule is successfully validated
2025-07-14 15:00:05,410 [grpc-default-executor-1] INFO  server.RaftServer (RaftServerProxy.java:addNew(105)) - 52f0bf1a-a22c-4dfc-83f0-dd23f5b60a86: addNew group-B771F555DC8D:[77d16558-8a68-4655-9235-107e22ba3c38|127.0.0.1:15047, 52f0bf1a-a22c-4dfc-83f0-dd23f5b60a86|127.0.0.1:15055, a505560f-c589-4eb5-89aa-a89970ae9358|127.0.0.1:15039] returns group-B771F555DC8D:java.util.concurrent.CompletableFuture@5d44b934[Not completed]
2025-07-14 15:00:05,412 [52f0bf1a-a22c-4dfc-83f0-dd23f5b60a86-groupManagement] INFO  server.RaftServer$Division (RaftServerImpl.java:<init>(268)) - 52f0bf1a-a22c-4dfc-83f0-dd23f5b60a86: new RaftServerImpl for group-B771F555DC8D:[77d16558-8a68-4655-9235-107e22ba3c38|127.0.0.1:15047, 52f0bf1a-a22c-4dfc-83f0-dd23f5b60a86|127.0.0.1:15055, a505560f-c589-4eb5-89aa-a89970ae9358|127.0.0.1:15039] with ContainerStateMachine:uninitialized
2025-07-14 15:00:05,413 [52f0bf1a-a22c-4dfc-83f0-dd23f5b60a86-groupManagement] INFO  server.RaftServer$Division (ServerState.java:<init>(114)) - 52f0bf1a-a22c-4dfc-83f0-dd23f5b60a86@group-B771F555DC8D: ConfigurationManager, init=conf: {index: -1, cur=peers:[77d16558-8a68-4655-9235-107e22ba3c38|127.0.0.1:15047, 52f0bf1a-a22c-4dfc-83f0-dd23f5b60a86|127.0.0.1:15055, a505560f-c589-4eb5-89aa-a89970ae9358|127.0.0.1:15039]|listeners:[], old=null}, confs=<EMPTY_MAP>
2025-07-14 15:00:05,421 [52f0bf1a-a22c-4dfc-83f0-dd23f5b60a86-groupManagement] INFO  server.RaftServerConfigKeys (ConfUtils.java:logGet(62)) - raft.server.storage.dir = [/home/runner/work/ozone/ozone/hadoop-ozone/integration-test/target/test-dir/MiniOzoneClusterImpl-aaa7dc72-7fbf-48e0-acc5-129182712624/ozone-meta/datanode-6/ratis] (custom)
2025-07-14 15:00:05,422 [52f0bf1a-a22c-4dfc-83f0-dd23f5b60a86-groupManagement] INFO  storage.RaftStorageDirectory (RaftStorageDirectoryImpl.java:analyzeStorage(138)) - The storage directory /home/runner/work/ozone/ozone/hadoop-ozone/integration-test/target/test-dir/MiniOzoneClusterImpl-aaa7dc72-7fbf-48e0-acc5-129182712624/ozone-meta/datanode-6/ratis/955d2a46-e184-48bd-86c8-b771f555dc8d does not exist. Creating ...
2025-07-14 15:00:05,423 [52f0bf1a-a22c-4dfc-83f0-dd23f5b60a86-groupManagement] INFO  storage.RaftStorageDirectory (RaftStorageDirectoryImpl.java:tryLock(229)) - Lock on /home/runner/work/ozone/ozone/hadoop-ozone/integration-test/target/test-dir/MiniOzoneClusterImpl-aaa7dc72-7fbf-48e0-acc5-129182712624/ozone-meta/datanode-6/ratis/955d2a46-e184-48bd-86c8-b771f555dc8d/in_use.lock acquired by nodename 18082@localhost
2025-07-14 15:00:05,424 [52f0bf1a-a22c-4dfc-83f0-dd23f5b60a86-groupManagement] INFO  storage.RaftStorage (RaftStorageImpl.java:format(98)) - Storage directory /home/runner/work/ozone/ozone/hadoop-ozone/integration-test/target/test-dir/MiniOzoneClusterImpl-aaa7dc72-7fbf-48e0-acc5-129182712624/ozone-meta/datanode-6/ratis/955d2a46-e184-48bd-86c8-b771f555dc8d has been successfully formatted.
2025-07-14 15:00:05,424 [52f0bf1a-a22c-4dfc-83f0-dd23f5b60a86-groupManagement] INFO  ratis.ContainerStateMachine (ContainerStateMachine.java:initialize(339)) - 52f0bf1a-a22c-4dfc-83f0-dd23f5b60a86: initialize group-B771F555DC8D
2025-07-14 15:00:05,425 [52f0bf1a-a22c-4dfc-83f0-dd23f5b60a86-groupManagement] INFO  ratis.ContainerStateMachine (ContainerStateMachine.java:loadSnapshot(347)) - group-B771F555DC8D: The snapshot info is null. Setting the last applied index to:<INITIAL_VALUE>
2025-07-14 15:00:05,425 [52f0bf1a-a22c-4dfc-83f0-dd23f5b60a86-groupManagement] INFO  server.RaftServerConfigKeys (ConfUtils.java:logGet(62)) - raft.server.log.appender.buffer.byte-limit = 33554432 (custom)
2025-07-14 15:00:05,427 [EventQueue-PipelineReportForOneReplicaPipelineSafeModeRule] INFO  safemode.SCMSafeModeManager (SCMSafeModeManager.java:validateSafeModeExitRules(138)) - AtleastOneDatanodeReportedRule rule is successfully validated
2025-07-14 15:00:05,428 [52f0bf1a-a22c-4dfc-83f0-dd23f5b60a86-groupManagement] INFO  server.RaftServerConfigKeys (ConfUtils.java:logGet(62)) - raft.server.log.segment.size.max = 67108864 (custom)
2025-07-14 15:00:05,429 [52f0bf1a-a22c-4dfc-83f0-dd23f5b60a86-groupManagement] INFO  server.RaftServerConfigKeys (ConfUtils.java:logGet(62)) - raft.server.log.appender.buffer.byte-limit = 33554432 (custom)
2025-07-14 15:00:05,429 [52f0bf1a-a22c-4dfc-83f0-dd23f5b60a86-groupManagement] INFO  util.AwaitToRun (AwaitToRun.java:start(81)) - Thread[#1255,52f0bf1a-a22c-4dfc-83f0-dd23f5b60a86@group-B771F555DC8D-cacheEviction-AwaitToRun,5,main] started
2025-07-14 15:00:05,429 [52f0bf1a-a22c-4dfc-83f0-dd23f5b60a86-groupManagement] INFO  segmented.SegmentedRaftLogWorker (SegmentedRaftLogWorker.java:<init>(190)) - new 52f0bf1a-a22c-4dfc-83f0-dd23f5b60a86@group-B771F555DC8D-SegmentedRaftLogWorker for RaftStorageImpl:Storage Directory /home/runner/work/ozone/ozone/hadoop-ozone/integration-test/target/test-dir/MiniOzoneClusterImpl-aaa7dc72-7fbf-48e0-acc5-129182712624/ozone-meta/datanode-6/ratis/955d2a46-e184-48bd-86c8-b771f555dc8d
2025-07-14 15:00:05,429 [52f0bf1a-a22c-4dfc-83f0-dd23f5b60a86-groupManagement] INFO  server.RaftServerConfigKeys (ConfUtils.java:logGet(62)) - raft.server.log.queue.byte-limit = 4294967296 (custom)
2025-07-14 15:00:05,429 [52f0bf1a-a22c-4dfc-83f0-dd23f5b60a86-groupManagement] INFO  server.RaftServerConfigKeys (ConfUtils.java:logGet(62)) - raft.server.log.segment.size.max = 67108864 (custom)
2025-07-14 15:00:05,429 [52f0bf1a-a22c-4dfc-83f0-dd23f5b60a86-groupManagement] INFO  server.RaftServerConfigKeys (ConfUtils.java:logGet(62)) - raft.server.log.preallocated.size = 4194304 (custom)
2025-07-14 15:00:05,430 [52f0bf1a-a22c-4dfc-83f0-dd23f5b60a86-groupManagement] INFO  server.RaftServerConfigKeys (ConfUtils.java:logGet(62)) - raft.server.log.write.buffer.size = 33554440 (custom)
2025-07-14 15:00:05,435 [52f0bf1a-a22c-4dfc-83f0-dd23f5b60a86-groupManagement] INFO  server.RaftServerConfigKeys (ConfUtils.java:logGet(62)) - raft.server.log.appender.buffer.byte-limit = 33554432 (custom)
2025-07-14 15:00:05,435 [52f0bf1a-a22c-4dfc-83f0-dd23f5b60a86-groupManagement] INFO  segmented.SegmentedRaftLogWorker (SegmentedRaftLogWorker.java:lambda$new$0(141)) - 52f0bf1a-a22c-4dfc-83f0-dd23f5b60a86@group-B771F555DC8D-SegmentedRaftLogWorker: flushIndex: setUnconditionally 0 -> -1
2025-07-14 15:00:05,435 [52f0bf1a-a22c-4dfc-83f0-dd23f5b60a86-groupManagement] INFO  segmented.SegmentedRaftLogWorker (SegmentedRaftLogWorker.java:lambda$new$0(141)) - 52f0bf1a-a22c-4dfc-83f0-dd23f5b60a86@group-B771F555DC8D-SegmentedRaftLogWorker: safeCacheEvictIndex: setUnconditionally 0 -> -1
2025-07-14 15:00:05,436 [52f0bf1a-a22c-4dfc-83f0-dd23f5b60a86-groupManagement] INFO  server.RaftServer$Division (RaftServerImpl.java:start(405)) - 52f0bf1a-a22c-4dfc-83f0-dd23f5b60a86@group-B771F555DC8D: start as a follower, conf=conf: {index: -1, cur=peers:[77d16558-8a68-4655-9235-107e22ba3c38|127.0.0.1:15047, 52f0bf1a-a22c-4dfc-83f0-dd23f5b60a86|127.0.0.1:15055, a505560f-c589-4eb5-89aa-a89970ae9358|127.0.0.1:15039]|listeners:[], old=null}
2025-07-14 15:00:05,436 [52f0bf1a-a22c-4dfc-83f0-dd23f5b60a86-groupManagement] INFO  server.RaftServer$Division (RaftServerImpl.java:setRole(392)) - 52f0bf1a-a22c-4dfc-83f0-dd23f5b60a86@group-B771F555DC8D: changes role from      null to FOLLOWER at term 0 for startAsFollower
2025-07-14 15:00:05,436 [52f0bf1a-a22c-4dfc-83f0-dd23f5b60a86-groupManagement] INFO  impl.RoleInfo (RoleInfo.java:updateAndGet(148)) - 52f0bf1a-a22c-4dfc-83f0-dd23f5b60a86: start 52f0bf1a-a22c-4dfc-83f0-dd23f5b60a86@group-B771F555DC8D-FollowerState
2025-07-14 15:00:05,437 [52f0bf1a-a22c-4dfc-83f0-dd23f5b60a86-groupManagement] INFO  util.JmxRegister (JmxRegister.java:tryRegister(44)) - Successfully registered JMX Bean with object name Ratis:service=RaftServer,group=group-B771F555DC8D,id=52f0bf1a-a22c-4dfc-83f0-dd23f5b60a86
2025-07-14 15:00:05,437 [52f0bf1a-a22c-4dfc-83f0-dd23f5b60a86-groupManagement] INFO  util.JmxRegister (JmxRegister.java:register(58)) - register mxBean class org.apache.ratis.server.impl.RaftServerJmxAdapter as Ratis:service=RaftServer,group=group-B771F555DC8D,id=52f0bf1a-a22c-4dfc-83f0-dd23f5b60a86
2025-07-14 15:00:05,438 [52f0bf1a-a22c-4dfc-83f0-dd23f5b60a86-groupManagement] INFO  server.RaftServer$Division (RaftServerImpl.java:start(419)) - 52f0bf1a-a22c-4dfc-83f0-dd23f5b60a86@group-B771F555DC8D: Successfully started.
2025-07-14 15:00:05,453 [grpc-default-executor-1] INFO  server.RaftServer (RaftServerProxy.java:addNew(105)) - 77d16558-8a68-4655-9235-107e22ba3c38: addNew group-B771F555DC8D:[77d16558-8a68-4655-9235-107e22ba3c38|127.0.0.1:15047, 52f0bf1a-a22c-4dfc-83f0-dd23f5b60a86|127.0.0.1:15055, a505560f-c589-4eb5-89aa-a89970ae9358|127.0.0.1:15039] returns group-B771F555DC8D:java.util.concurrent.CompletableFuture@56d12e33[Not completed]
2025-07-14 15:00:05,454 [77d16558-8a68-4655-9235-107e22ba3c38-groupManagement] INFO  server.RaftServer$Division (RaftServerImpl.java:<init>(268)) - 77d16558-8a68-4655-9235-107e22ba3c38: new RaftServerImpl for group-B771F555DC8D:[77d16558-8a68-4655-9235-107e22ba3c38|127.0.0.1:15047, 52f0bf1a-a22c-4dfc-83f0-dd23f5b60a86|127.0.0.1:15055, a505560f-c589-4eb5-89aa-a89970ae9358|127.0.0.1:15039] with ContainerStateMachine:uninitialized
2025-07-14 15:00:05,455 [77d16558-8a68-4655-9235-107e22ba3c38-groupManagement] INFO  server.RaftServer$Division (ServerState.java:<init>(114)) - 77d16558-8a68-4655-9235-107e22ba3c38@group-B771F555DC8D: ConfigurationManager, init=conf: {index: -1, cur=peers:[77d16558-8a68-4655-9235-107e22ba3c38|127.0.0.1:15047, 52f0bf1a-a22c-4dfc-83f0-dd23f5b60a86|127.0.0.1:15055, a505560f-c589-4eb5-89aa-a89970ae9358|127.0.0.1:15039]|listeners:[], old=null}, confs=<EMPTY_MAP>
2025-07-14 15:00:05,462 [77d16558-8a68-4655-9235-107e22ba3c38-groupManagement] INFO  server.RaftServerConfigKeys (ConfUtils.java:logGet(62)) - raft.server.storage.dir = [/home/runner/work/ozone/ozone/hadoop-ozone/integration-test/target/test-dir/MiniOzoneClusterImpl-aaa7dc72-7fbf-48e0-acc5-129182712624/ozone-meta/datanode-5/ratis] (custom)
2025-07-14 15:00:05,462 [77d16558-8a68-4655-9235-107e22ba3c38-groupManagement] INFO  storage.RaftStorageDirectory (RaftStorageDirectoryImpl.java:analyzeStorage(138)) - The storage directory /home/runner/work/ozone/ozone/hadoop-ozone/integration-test/target/test-dir/MiniOzoneClusterImpl-aaa7dc72-7fbf-48e0-acc5-129182712624/ozone-meta/datanode-5/ratis/955d2a46-e184-48bd-86c8-b771f555dc8d does not exist. Creating ...
2025-07-14 15:00:05,463 [77d16558-8a68-4655-9235-107e22ba3c38-groupManagement] INFO  storage.RaftStorageDirectory (RaftStorageDirectoryImpl.java:tryLock(229)) - Lock on /home/runner/work/ozone/ozone/hadoop-ozone/integration-test/target/test-dir/MiniOzoneClusterImpl-aaa7dc72-7fbf-48e0-acc5-129182712624/ozone-meta/datanode-5/ratis/955d2a46-e184-48bd-86c8-b771f555dc8d/in_use.lock acquired by nodename 18082@localhost
2025-07-14 15:00:05,464 [77d16558-8a68-4655-9235-107e22ba3c38-groupManagement] INFO  storage.RaftStorage (RaftStorageImpl.java:format(98)) - Storage directory /home/runner/work/ozone/ozone/hadoop-ozone/integration-test/target/test-dir/MiniOzoneClusterImpl-aaa7dc72-7fbf-48e0-acc5-129182712624/ozone-meta/datanode-5/ratis/955d2a46-e184-48bd-86c8-b771f555dc8d has been successfully formatted.
2025-07-14 15:00:05,465 [77d16558-8a68-4655-9235-107e22ba3c38-groupManagement] INFO  ratis.ContainerStateMachine (ContainerStateMachine.java:initialize(339)) - 77d16558-8a68-4655-9235-107e22ba3c38: initialize group-B771F555DC8D
2025-07-14 15:00:05,465 [77d16558-8a68-4655-9235-107e22ba3c38-groupManagement] INFO  ratis.ContainerStateMachine (ContainerStateMachine.java:loadSnapshot(347)) - group-B771F555DC8D: The snapshot info is null. Setting the last applied index to:<INITIAL_VALUE>
2025-07-14 15:00:05,465 [77d16558-8a68-4655-9235-107e22ba3c38-groupManagement] INFO  server.RaftServerConfigKeys (ConfUtils.java:logGet(62)) - raft.server.log.appender.buffer.byte-limit = 33554432 (custom)
2025-07-14 15:00:05,468 [77d16558-8a68-4655-9235-107e22ba3c38-groupManagement] INFO  server.RaftServerConfigKeys (ConfUtils.java:logGet(62)) - raft.server.log.segment.size.max = 67108864 (custom)
2025-07-14 15:00:05,469 [77d16558-8a68-4655-9235-107e22ba3c38-groupManagement] INFO  server.RaftServerConfigKeys (ConfUtils.java:logGet(62)) - raft.server.log.appender.buffer.byte-limit = 33554432 (custom)
2025-07-14 15:00:05,469 [EventQueue-PipelineReportForOneReplicaPipelineSafeModeRule] INFO  safemode.SCMSafeModeManager (SCMSafeModeManager.java:validateSafeModeExitRules(138)) - AtleastOneDatanodeReportedRule rule is successfully validated
2025-07-14 15:00:05,469 [77d16558-8a68-4655-9235-107e22ba3c38-groupManagement] INFO  util.AwaitToRun (AwaitToRun.java:start(81)) - Thread[#1263,77d16558-8a68-4655-9235-107e22ba3c38@group-B771F555DC8D-cacheEviction-AwaitToRun,5,main] started
2025-07-14 15:00:05,469 [77d16558-8a68-4655-9235-107e22ba3c38-groupManagement] INFO  segmented.SegmentedRaftLogWorker (SegmentedRaftLogWorker.java:<init>(190)) - new 77d16558-8a68-4655-9235-107e22ba3c38@group-B771F555DC8D-SegmentedRaftLogWorker for RaftStorageImpl:Storage Directory /home/runner/work/ozone/ozone/hadoop-ozone/integration-test/target/test-dir/MiniOzoneClusterImpl-aaa7dc72-7fbf-48e0-acc5-129182712624/ozone-meta/datanode-5/ratis/955d2a46-e184-48bd-86c8-b771f555dc8d
2025-07-14 15:00:05,469 [77d16558-8a68-4655-9235-107e22ba3c38-groupManagement] INFO  server.RaftServerConfigKeys (ConfUtils.java:logGet(62)) - raft.server.log.queue.byte-limit = 4294967296 (custom)
2025-07-14 15:00:05,469 [77d16558-8a68-4655-9235-107e22ba3c38-groupManagement] INFO  server.RaftServerConfigKeys (ConfUtils.java:logGet(62)) - raft.server.log.segment.size.max = 67108864 (custom)
2025-07-14 15:00:05,469 [77d16558-8a68-4655-9235-107e22ba3c38-groupManagement] INFO  server.RaftServerConfigKeys (ConfUtils.java:logGet(62)) - raft.server.log.preallocated.size = 4194304 (custom)
2025-07-14 15:00:05,470 [77d16558-8a68-4655-9235-107e22ba3c38-groupManagement] INFO  server.RaftServerConfigKeys (ConfUtils.java:logGet(62)) - raft.server.log.write.buffer.size = 33554440 (custom)
2025-07-14 15:00:05,475 [77d16558-8a68-4655-9235-107e22ba3c38-groupManagement] INFO  server.RaftServerConfigKeys (ConfUtils.java:logGet(62)) - raft.server.log.appender.buffer.byte-limit = 33554432 (custom)
2025-07-14 15:00:05,476 [77d16558-8a68-4655-9235-107e22ba3c38-groupManagement] INFO  segmented.SegmentedRaftLogWorker (SegmentedRaftLogWorker.java:lambda$new$0(141)) - 77d16558-8a68-4655-9235-107e22ba3c38@group-B771F555DC8D-SegmentedRaftLogWorker: flushIndex: setUnconditionally 0 -> -1
2025-07-14 15:00:05,476 [77d16558-8a68-4655-9235-107e22ba3c38-groupManagement] INFO  segmented.SegmentedRaftLogWorker (SegmentedRaftLogWorker.java:lambda$new$0(141)) - 77d16558-8a68-4655-9235-107e22ba3c38@group-B771F555DC8D-SegmentedRaftLogWorker: safeCacheEvictIndex: setUnconditionally 0 -> -1
2025-07-14 15:00:05,476 [77d16558-8a68-4655-9235-107e22ba3c38-groupManagement] INFO  server.RaftServer$Division (RaftServerImpl.java:start(405)) - 77d16558-8a68-4655-9235-107e22ba3c38@group-B771F555DC8D: start as a follower, conf=conf: {index: -1, cur=peers:[77d16558-8a68-4655-9235-107e22ba3c38|127.0.0.1:15047, 52f0bf1a-a22c-4dfc-83f0-dd23f5b60a86|127.0.0.1:15055, a505560f-c589-4eb5-89aa-a89970ae9358|127.0.0.1:15039]|listeners:[], old=null}
2025-07-14 15:00:05,476 [77d16558-8a68-4655-9235-107e22ba3c38-groupManagement] INFO  server.RaftServer$Division (RaftServerImpl.java:setRole(392)) - 77d16558-8a68-4655-9235-107e22ba3c38@group-B771F555DC8D: changes role from      null to FOLLOWER at term 0 for startAsFollower
2025-07-14 15:00:05,476 [77d16558-8a68-4655-9235-107e22ba3c38-groupManagement] INFO  impl.RoleInfo (RoleInfo.java:updateAndGet(148)) - 77d16558-8a68-4655-9235-107e22ba3c38: start 77d16558-8a68-4655-9235-107e22ba3c38@group-B771F555DC8D-FollowerState
2025-07-14 15:00:05,477 [77d16558-8a68-4655-9235-107e22ba3c38-groupManagement] INFO  util.JmxRegister (JmxRegister.java:tryRegister(44)) - Successfully registered JMX Bean with object name Ratis:service=RaftServer,group=group-B771F555DC8D,id=77d16558-8a68-4655-9235-107e22ba3c38
2025-07-14 15:00:05,477 [77d16558-8a68-4655-9235-107e22ba3c38-groupManagement] INFO  util.JmxRegister (JmxRegister.java:register(58)) - register mxBean class org.apache.ratis.server.impl.RaftServerJmxAdapter as Ratis:service=RaftServer,group=group-B771F555DC8D,id=77d16558-8a68-4655-9235-107e22ba3c38
2025-07-14 15:00:05,478 [77d16558-8a68-4655-9235-107e22ba3c38-groupManagement] INFO  server.RaftServer$Division (RaftServerImpl.java:start(419)) - 77d16558-8a68-4655-9235-107e22ba3c38@group-B771F555DC8D: Successfully started.
2025-07-14 15:00:05,482 [a505560f-c589-4eb5-89aa-a89970ae9358-PipelineCommandHandlerThread-0] INFO  commandhandler.CreatePipelineCommandHandler (CreatePipelineCommandHandler.java:lambda$handle$2(127)) - Created Pipeline RATIS THREE Pipeline-955d2a46-e184-48bd-86c8-b771f555dc8d.
2025-07-14 15:00:05,482 [a505560f-c589-4eb5-89aa-a89970ae9358-PipelineCommandHandlerThread-0] INFO  server.RaftServer (RaftServerProxy.java:addNew(105)) - a505560f-c589-4eb5-89aa-a89970ae9358: addNew group-66EA1A40B3A7:[77d16558-8a68-4655-9235-107e22ba3c38|127.0.0.1:15047, 52f0bf1a-a22c-4dfc-83f0-dd23f5b60a86|127.0.0.1:15055, a505560f-c589-4eb5-89aa-a89970ae9358|127.0.0.1:15039] returns group-66EA1A40B3A7:java.util.concurrent.CompletableFuture@6bdc4a73[Not completed]
2025-07-14 15:00:05,484 [a505560f-c589-4eb5-89aa-a89970ae9358-groupManagement] INFO  server.RaftServer$Division (RaftServerImpl.java:<init>(268)) - a505560f-c589-4eb5-89aa-a89970ae9358: new RaftServerImpl for group-66EA1A40B3A7:[77d16558-8a68-4655-9235-107e22ba3c38|127.0.0.1:15047, 52f0bf1a-a22c-4dfc-83f0-dd23f5b60a86|127.0.0.1:15055, a505560f-c589-4eb5-89aa-a89970ae9358|127.0.0.1:15039] with ContainerStateMachine:uninitialized
2025-07-14 15:00:05,485 [a505560f-c589-4eb5-89aa-a89970ae9358-groupManagement] INFO  server.RaftServer$Division (ServerState.java:<init>(114)) - a505560f-c589-4eb5-89aa-a89970ae9358@group-66EA1A40B3A7: ConfigurationManager, init=conf: {index: -1, cur=peers:[77d16558-8a68-4655-9235-107e22ba3c38|127.0.0.1:15047, 52f0bf1a-a22c-4dfc-83f0-dd23f5b60a86|127.0.0.1:15055, a505560f-c589-4eb5-89aa-a89970ae9358|127.0.0.1:15039]|listeners:[], old=null}, confs=<EMPTY_MAP>
2025-07-14 15:00:05,491 [a505560f-c589-4eb5-89aa-a89970ae9358-groupManagement] INFO  server.RaftServerConfigKeys (ConfUtils.java:logGet(62)) - raft.server.storage.dir = [/home/runner/work/ozone/ozone/hadoop-ozone/integration-test/target/test-dir/MiniOzoneClusterImpl-aaa7dc72-7fbf-48e0-acc5-129182712624/ozone-meta/datanode-4/ratis] (custom)
2025-07-14 15:00:05,491 [a505560f-c589-4eb5-89aa-a89970ae9358-groupManagement] INFO  storage.RaftStorageDirectory (RaftStorageDirectoryImpl.java:analyzeStorage(138)) - The storage directory /home/runner/work/ozone/ozone/hadoop-ozone/integration-test/target/test-dir/MiniOzoneClusterImpl-aaa7dc72-7fbf-48e0-acc5-129182712624/ozone-meta/datanode-4/ratis/a63a7d38-be8c-449b-928f-66ea1a40b3a7 does not exist. Creating ...
2025-07-14 15:00:05,492 [a505560f-c589-4eb5-89aa-a89970ae9358-groupManagement] INFO  storage.RaftStorageDirectory (RaftStorageDirectoryImpl.java:tryLock(229)) - Lock on /home/runner/work/ozone/ozone/hadoop-ozone/integration-test/target/test-dir/MiniOzoneClusterImpl-aaa7dc72-7fbf-48e0-acc5-129182712624/ozone-meta/datanode-4/ratis/a63a7d38-be8c-449b-928f-66ea1a40b3a7/in_use.lock acquired by nodename 18082@localhost
2025-07-14 15:00:05,493 [a505560f-c589-4eb5-89aa-a89970ae9358-groupManagement] INFO  storage.RaftStorage (RaftStorageImpl.java:format(98)) - Storage directory /home/runner/work/ozone/ozone/hadoop-ozone/integration-test/target/test-dir/MiniOzoneClusterImpl-aaa7dc72-7fbf-48e0-acc5-129182712624/ozone-meta/datanode-4/ratis/a63a7d38-be8c-449b-928f-66ea1a40b3a7 has been successfully formatted.
2025-07-14 15:00:05,494 [a505560f-c589-4eb5-89aa-a89970ae9358-groupManagement] INFO  ratis.ContainerStateMachine (ContainerStateMachine.java:initialize(339)) - a505560f-c589-4eb5-89aa-a89970ae9358: initialize group-66EA1A40B3A7
2025-07-14 15:00:05,494 [a505560f-c589-4eb5-89aa-a89970ae9358-groupManagement] INFO  ratis.ContainerStateMachine (ContainerStateMachine.java:loadSnapshot(347)) - group-66EA1A40B3A7: The snapshot info is null. Setting the last applied index to:<INITIAL_VALUE>
2025-07-14 15:00:05,494 [a505560f-c589-4eb5-89aa-a89970ae9358-groupManagement] INFO  server.RaftServerConfigKeys (ConfUtils.java:logGet(62)) - raft.server.log.appender.buffer.byte-limit = 33554432 (custom)
2025-07-14 15:00:05,496 [EventQueue-PipelineReportForOneReplicaPipelineSafeModeRule] INFO  safemode.SCMSafeModeManager (SCMSafeModeManager.java:validateSafeModeExitRules(138)) - AtleastOneDatanodeReportedRule rule is successfully validated
2025-07-14 15:00:05,497 [a505560f-c589-4eb5-89aa-a89970ae9358-groupManagement] INFO  server.RaftServerConfigKeys (ConfUtils.java:logGet(62)) - raft.server.log.segment.size.max = 67108864 (custom)
2025-07-14 15:00:05,497 [a505560f-c589-4eb5-89aa-a89970ae9358-groupManagement] INFO  server.RaftServerConfigKeys (ConfUtils.java:logGet(62)) - raft.server.log.appender.buffer.byte-limit = 33554432 (custom)
2025-07-14 15:00:05,498 [a505560f-c589-4eb5-89aa-a89970ae9358-groupManagement] INFO  util.AwaitToRun (AwaitToRun.java:start(81)) - Thread[#1270,a505560f-c589-4eb5-89aa-a89970ae9358@group-66EA1A40B3A7-cacheEviction-AwaitToRun,5,main] started
2025-07-14 15:00:05,498 [a505560f-c589-4eb5-89aa-a89970ae9358-groupManagement] INFO  segmented.SegmentedRaftLogWorker (SegmentedRaftLogWorker.java:<init>(190)) - new a505560f-c589-4eb5-89aa-a89970ae9358@group-66EA1A40B3A7-SegmentedRaftLogWorker for RaftStorageImpl:Storage Directory /home/runner/work/ozone/ozone/hadoop-ozone/integration-test/target/test-dir/MiniOzoneClusterImpl-aaa7dc72-7fbf-48e0-acc5-129182712624/ozone-meta/datanode-4/ratis/a63a7d38-be8c-449b-928f-66ea1a40b3a7
2025-07-14 15:00:05,499 [a505560f-c589-4eb5-89aa-a89970ae9358-groupManagement] INFO  server.RaftServerConfigKeys (ConfUtils.java:logGet(62)) - raft.server.log.queue.byte-limit = 4294967296 (custom)
2025-07-14 15:00:05,499 [a505560f-c589-4eb5-89aa-a89970ae9358-groupManagement] INFO  server.RaftServerConfigKeys (ConfUtils.java:logGet(62)) - raft.server.log.segment.size.max = 67108864 (custom)
2025-07-14 15:00:05,499 [a505560f-c589-4eb5-89aa-a89970ae9358-groupManagement] INFO  server.RaftServerConfigKeys (ConfUtils.java:logGet(62)) - raft.server.log.preallocated.size = 4194304 (custom)
2025-07-14 15:00:05,499 [a505560f-c589-4eb5-89aa-a89970ae9358-groupManagement] INFO  server.RaftServerConfigKeys (ConfUtils.java:logGet(62)) - raft.server.log.write.buffer.size = 33554440 (custom)
2025-07-14 15:00:05,505 [a505560f-c589-4eb5-89aa-a89970ae9358-groupManagement] INFO  server.RaftServerConfigKeys (ConfUtils.java:logGet(62)) - raft.server.log.appender.buffer.byte-limit = 33554432 (custom)
2025-07-14 15:00:05,505 [a505560f-c589-4eb5-89aa-a89970ae9358-groupManagement] INFO  segmented.SegmentedRaftLogWorker (SegmentedRaftLogWorker.java:lambda$new$0(141)) - a505560f-c589-4eb5-89aa-a89970ae9358@group-66EA1A40B3A7-SegmentedRaftLogWorker: flushIndex: setUnconditionally 0 -> -1
2025-07-14 15:00:05,505 [a505560f-c589-4eb5-89aa-a89970ae9358-groupManagement] INFO  segmented.SegmentedRaftLogWorker (SegmentedRaftLogWorker.java:lambda$new$0(141)) - a505560f-c589-4eb5-89aa-a89970ae9358@group-66EA1A40B3A7-SegmentedRaftLogWorker: safeCacheEvictIndex: setUnconditionally 0 -> -1
2025-07-14 15:00:05,506 [a505560f-c589-4eb5-89aa-a89970ae9358-groupManagement] INFO  server.RaftServer$Division (RaftServerImpl.java:start(405)) - a505560f-c589-4eb5-89aa-a89970ae9358@group-66EA1A40B3A7: start as a follower, conf=conf: {index: -1, cur=peers:[77d16558-8a68-4655-9235-107e22ba3c38|127.0.0.1:15047, 52f0bf1a-a22c-4dfc-83f0-dd23f5b60a86|127.0.0.1:15055, a505560f-c589-4eb5-89aa-a89970ae9358|127.0.0.1:15039]|listeners:[], old=null}
2025-07-14 15:00:05,506 [a505560f-c589-4eb5-89aa-a89970ae9358-groupManagement] INFO  server.RaftServer$Division (RaftServerImpl.java:setRole(392)) - a505560f-c589-4eb5-89aa-a89970ae9358@group-66EA1A40B3A7: changes role from      null to FOLLOWER at term 0 for startAsFollower
2025-07-14 15:00:05,506 [a505560f-c589-4eb5-89aa-a89970ae9358-groupManagement] INFO  impl.RoleInfo (RoleInfo.java:updateAndGet(148)) - a505560f-c589-4eb5-89aa-a89970ae9358: start a505560f-c589-4eb5-89aa-a89970ae9358@group-66EA1A40B3A7-FollowerState
2025-07-14 15:00:05,506 [EventQueue-PipelineReportForOneReplicaPipelineSafeModeRule] INFO  safemode.SCMSafeModeManager (SCMSafeModeManager.java:validateSafeModeExitRules(138)) - AtleastOneDatanodeReportedRule rule is successfully validated
2025-07-14 15:00:05,506 [a505560f-c589-4eb5-89aa-a89970ae9358-groupManagement] INFO  util.JmxRegister (JmxRegister.java:tryRegister(44)) - Successfully registered JMX Bean with object name Ratis:service=RaftServer,group=group-66EA1A40B3A7,id=a505560f-c589-4eb5-89aa-a89970ae9358
2025-07-14 15:00:05,506 [a505560f-c589-4eb5-89aa-a89970ae9358-groupManagement] INFO  util.JmxRegister (JmxRegister.java:register(58)) - register mxBean class org.apache.ratis.server.impl.RaftServerJmxAdapter as Ratis:service=RaftServer,group=group-66EA1A40B3A7,id=a505560f-c589-4eb5-89aa-a89970ae9358
2025-07-14 15:00:05,508 [a505560f-c589-4eb5-89aa-a89970ae9358-groupManagement] INFO  server.RaftServer$Division (RaftServerImpl.java:start(419)) - a505560f-c589-4eb5-89aa-a89970ae9358@group-66EA1A40B3A7: Successfully started.
2025-07-14 15:00:05,508 [a505560f-c589-4eb5-89aa-a89970ae9358-PipelineCommandHandlerThread-0] INFO  ratis.XceiverServerRatis (XceiverServerRatis.java:addGroup(843)) - Created group Pipeline-a63a7d38-be8c-449b-928f-66ea1a40b3a7
2025-07-14 15:00:05,515 [EventQueue-PipelineReportForOneReplicaPipelineSafeModeRule] INFO  safemode.SCMSafeModeManager (SCMSafeModeManager.java:validateSafeModeExitRules(138)) - AtleastOneDatanodeReportedRule rule is successfully validated
2025-07-14 15:00:05,517 [grpc-default-executor-1] INFO  server.RaftServer (RaftServerProxy.java:addNew(105)) - 52f0bf1a-a22c-4dfc-83f0-dd23f5b60a86: addNew group-66EA1A40B3A7:[77d16558-8a68-4655-9235-107e22ba3c38|127.0.0.1:15047, 52f0bf1a-a22c-4dfc-83f0-dd23f5b60a86|127.0.0.1:15055, a505560f-c589-4eb5-89aa-a89970ae9358|127.0.0.1:15039] returns group-66EA1A40B3A7:java.util.concurrent.CompletableFuture@5f22fd70[Not completed]
2025-07-14 15:00:05,520 [52f0bf1a-a22c-4dfc-83f0-dd23f5b60a86-groupManagement] INFO  server.RaftServer$Division (RaftServerImpl.java:<init>(268)) - 52f0bf1a-a22c-4dfc-83f0-dd23f5b60a86: new RaftServerImpl for group-66EA1A40B3A7:[77d16558-8a68-4655-9235-107e22ba3c38|127.0.0.1:15047, 52f0bf1a-a22c-4dfc-83f0-dd23f5b60a86|127.0.0.1:15055, a505560f-c589-4eb5-89aa-a89970ae9358|127.0.0.1:15039] with ContainerStateMachine:uninitialized
2025-07-14 15:00:05,520 [52f0bf1a-a22c-4dfc-83f0-dd23f5b60a86-groupManagement] INFO  server.RaftServer$Division (ServerState.java:<init>(114)) - 52f0bf1a-a22c-4dfc-83f0-dd23f5b60a86@group-66EA1A40B3A7: ConfigurationManager, init=conf: {index: -1, cur=peers:[77d16558-8a68-4655-9235-107e22ba3c38|127.0.0.1:15047, 52f0bf1a-a22c-4dfc-83f0-dd23f5b60a86|127.0.0.1:15055, a505560f-c589-4eb5-89aa-a89970ae9358|127.0.0.1:15039]|listeners:[], old=null}, confs=<EMPTY_MAP>
2025-07-14 15:00:05,527 [52f0bf1a-a22c-4dfc-83f0-dd23f5b60a86-groupManagement] INFO  server.RaftServerConfigKeys (ConfUtils.java:logGet(62)) - raft.server.storage.dir = [/home/runner/work/ozone/ozone/hadoop-ozone/integration-test/target/test-dir/MiniOzoneClusterImpl-aaa7dc72-7fbf-48e0-acc5-129182712624/ozone-meta/datanode-6/ratis] (custom)
2025-07-14 15:00:05,528 [52f0bf1a-a22c-4dfc-83f0-dd23f5b60a86-groupManagement] INFO  storage.RaftStorageDirectory (RaftStorageDirectoryImpl.java:analyzeStorage(138)) - The storage directory /home/runner/work/ozone/ozone/hadoop-ozone/integration-test/target/test-dir/MiniOzoneClusterImpl-aaa7dc72-7fbf-48e0-acc5-129182712624/ozone-meta/datanode-6/ratis/a63a7d38-be8c-449b-928f-66ea1a40b3a7 does not exist. Creating ...
2025-07-14 15:00:05,529 [52f0bf1a-a22c-4dfc-83f0-dd23f5b60a86-groupManagement] INFO  storage.RaftStorageDirectory (RaftStorageDirectoryImpl.java:tryLock(229)) - Lock on /home/runner/work/ozone/ozone/hadoop-ozone/integration-test/target/test-dir/MiniOzoneClusterImpl-aaa7dc72-7fbf-48e0-acc5-129182712624/ozone-meta/datanode-6/ratis/a63a7d38-be8c-449b-928f-66ea1a40b3a7/in_use.lock acquired by nodename 18082@localhost
2025-07-14 15:00:05,531 [52f0bf1a-a22c-4dfc-83f0-dd23f5b60a86-groupManagement] INFO  storage.RaftStorage (RaftStorageImpl.java:format(98)) - Storage directory /home/runner/work/ozone/ozone/hadoop-ozone/integration-test/target/test-dir/MiniOzoneClusterImpl-aaa7dc72-7fbf-48e0-acc5-129182712624/ozone-meta/datanode-6/ratis/a63a7d38-be8c-449b-928f-66ea1a40b3a7 has been successfully formatted.
2025-07-14 15:00:05,531 [52f0bf1a-a22c-4dfc-83f0-dd23f5b60a86-groupManagement] INFO  ratis.ContainerStateMachine (ContainerStateMachine.java:initialize(339)) - 52f0bf1a-a22c-4dfc-83f0-dd23f5b60a86: initialize group-66EA1A40B3A7
2025-07-14 15:00:05,532 [52f0bf1a-a22c-4dfc-83f0-dd23f5b60a86-groupManagement] INFO  ratis.ContainerStateMachine (ContainerStateMachine.java:loadSnapshot(347)) - group-66EA1A40B3A7: The snapshot info is null. Setting the last applied index to:<INITIAL_VALUE>
2025-07-14 15:00:05,533 [52f0bf1a-a22c-4dfc-83f0-dd23f5b60a86-groupManagement] INFO  server.RaftServerConfigKeys (ConfUtils.java:logGet(62)) - raft.server.log.appender.buffer.byte-limit = 33554432 (custom)
2025-07-14 15:00:05,535 [EventQueue-PipelineReportForOneReplicaPipelineSafeModeRule] INFO  safemode.SCMSafeModeManager (SCMSafeModeManager.java:validateSafeModeExitRules(138)) - AtleastOneDatanodeReportedRule rule is successfully validated
2025-07-14 15:00:05,538 [52f0bf1a-a22c-4dfc-83f0-dd23f5b60a86-groupManagement] INFO  server.RaftServerConfigKeys (ConfUtils.java:logGet(62)) - raft.server.log.segment.size.max = 67108864 (custom)
2025-07-14 15:00:05,538 [52f0bf1a-a22c-4dfc-83f0-dd23f5b60a86-groupManagement] INFO  server.RaftServerConfigKeys (ConfUtils.java:logGet(62)) - raft.server.log.appender.buffer.byte-limit = 33554432 (custom)
2025-07-14 15:00:05,538 [52f0bf1a-a22c-4dfc-83f0-dd23f5b60a86-groupManagement] INFO  util.AwaitToRun (AwaitToRun.java:start(81)) - Thread[#1274,52f0bf1a-a22c-4dfc-83f0-dd23f5b60a86@group-66EA1A40B3A7-cacheEviction-AwaitToRun,5,main] started
2025-07-14 15:00:05,538 [52f0bf1a-a22c-4dfc-83f0-dd23f5b60a86-groupManagement] INFO  segmented.SegmentedRaftLogWorker (SegmentedRaftLogWorker.java:<init>(190)) - new 52f0bf1a-a22c-4dfc-83f0-dd23f5b60a86@group-66EA1A40B3A7-SegmentedRaftLogWorker for RaftStorageImpl:Storage Directory /home/runner/work/ozone/ozone/hadoop-ozone/integration-test/target/test-dir/MiniOzoneClusterImpl-aaa7dc72-7fbf-48e0-acc5-129182712624/ozone-meta/datanode-6/ratis/a63a7d38-be8c-449b-928f-66ea1a40b3a7
2025-07-14 15:00:05,539 [52f0bf1a-a22c-4dfc-83f0-dd23f5b60a86-groupManagement] INFO  server.RaftServerConfigKeys (ConfUtils.java:logGet(62)) - raft.server.log.queue.byte-limit = 4294967296 (custom)
2025-07-14 15:00:05,539 [52f0bf1a-a22c-4dfc-83f0-dd23f5b60a86-groupManagement] INFO  server.RaftServerConfigKeys (ConfUtils.java:logGet(62)) - raft.server.log.segment.size.max = 67108864 (custom)
2025-07-14 15:00:05,539 [52f0bf1a-a22c-4dfc-83f0-dd23f5b60a86-groupManagement] INFO  server.RaftServerConfigKeys (ConfUtils.java:logGet(62)) - raft.server.log.preallocated.size = 4194304 (custom)
2025-07-14 15:00:05,539 [52f0bf1a-a22c-4dfc-83f0-dd23f5b60a86-groupManagement] INFO  server.RaftServerConfigKeys (ConfUtils.java:logGet(62)) - raft.server.log.write.buffer.size = 33554440 (custom)
2025-07-14 15:00:05,545 [52f0bf1a-a22c-4dfc-83f0-dd23f5b60a86-groupManagement] INFO  server.RaftServerConfigKeys (ConfUtils.java:logGet(62)) - raft.server.log.appender.buffer.byte-limit = 33554432 (custom)
2025-07-14 15:00:05,545 [52f0bf1a-a22c-4dfc-83f0-dd23f5b60a86-groupManagement] INFO  segmented.SegmentedRaftLogWorker (SegmentedRaftLogWorker.java:lambda$new$0(141)) - 52f0bf1a-a22c-4dfc-83f0-dd23f5b60a86@group-66EA1A40B3A7-SegmentedRaftLogWorker: flushIndex: setUnconditionally 0 -> -1
2025-07-14 15:00:05,546 [52f0bf1a-a22c-4dfc-83f0-dd23f5b60a86-groupManagement] INFO  segmented.SegmentedRaftLogWorker (SegmentedRaftLogWorker.java:lambda$new$0(141)) - 52f0bf1a-a22c-4dfc-83f0-dd23f5b60a86@group-66EA1A40B3A7-SegmentedRaftLogWorker: safeCacheEvictIndex: setUnconditionally 0 -> -1
2025-07-14 15:00:05,546 [52f0bf1a-a22c-4dfc-83f0-dd23f5b60a86-groupManagement] INFO  server.RaftServer$Division (RaftServerImpl.java:start(405)) - 52f0bf1a-a22c-4dfc-83f0-dd23f5b60a86@group-66EA1A40B3A7: start as a follower, conf=conf: {index: -1, cur=peers:[77d16558-8a68-4655-9235-107e22ba3c38|127.0.0.1:15047, 52f0bf1a-a22c-4dfc-83f0-dd23f5b60a86|127.0.0.1:15055, a505560f-c589-4eb5-89aa-a89970ae9358|127.0.0.1:15039]|listeners:[], old=null}
2025-07-14 15:00:05,547 [52f0bf1a-a22c-4dfc-83f0-dd23f5b60a86-groupManagement] INFO  server.RaftServer$Division (RaftServerImpl.java:setRole(392)) - 52f0bf1a-a22c-4dfc-83f0-dd23f5b60a86@group-66EA1A40B3A7: changes role from      null to FOLLOWER at term 0 for startAsFollower
2025-07-14 15:00:05,547 [52f0bf1a-a22c-4dfc-83f0-dd23f5b60a86-groupManagement] INFO  impl.RoleInfo (RoleInfo.java:updateAndGet(148)) - 52f0bf1a-a22c-4dfc-83f0-dd23f5b60a86: start 52f0bf1a-a22c-4dfc-83f0-dd23f5b60a86@group-66EA1A40B3A7-FollowerState
2025-07-14 15:00:05,547 [52f0bf1a-a22c-4dfc-83f0-dd23f5b60a86-groupManagement] INFO  util.JmxRegister (JmxRegister.java:tryRegister(44)) - Successfully registered JMX Bean with object name Ratis:service=RaftServer,group=group-66EA1A40B3A7,id=52f0bf1a-a22c-4dfc-83f0-dd23f5b60a86
2025-07-14 15:00:05,547 [52f0bf1a-a22c-4dfc-83f0-dd23f5b60a86-groupManagement] INFO  util.JmxRegister (JmxRegister.java:register(58)) - register mxBean class org.apache.ratis.server.impl.RaftServerJmxAdapter as Ratis:service=RaftServer,group=group-66EA1A40B3A7,id=52f0bf1a-a22c-4dfc-83f0-dd23f5b60a86
2025-07-14 15:00:05,548 [52f0bf1a-a22c-4dfc-83f0-dd23f5b60a86-groupManagement] INFO  server.RaftServer$Division (RaftServerImpl.java:start(419)) - 52f0bf1a-a22c-4dfc-83f0-dd23f5b60a86@group-66EA1A40B3A7: Successfully started.
2025-07-14 15:00:05,563 [EventQueue-PipelineReportForOneReplicaPipelineSafeModeRule] INFO  safemode.SCMSafeModeManager (SCMSafeModeManager.java:validateSafeModeExitRules(138)) - AtleastOneDatanodeReportedRule rule is successfully validated
2025-07-14 15:00:05,567 [77d16558-8a68-4655-9235-107e22ba3c38-PipelineCommandHandlerThread-0] INFO  server.RaftServer (RaftServerProxy.java:addNew(105)) - 77d16558-8a68-4655-9235-107e22ba3c38: addNew group-45415B6C399B:[77d16558-8a68-4655-9235-107e22ba3c38|127.0.0.1:15047] returns group-45415B6C399B:java.util.concurrent.CompletableFuture@3f48a60a[Not completed]
2025-07-14 15:00:05,568 [77d16558-8a68-4655-9235-107e22ba3c38-groupManagement] INFO  server.RaftServer$Division (RaftServerImpl.java:<init>(268)) - 77d16558-8a68-4655-9235-107e22ba3c38: new RaftServerImpl for group-45415B6C399B:[77d16558-8a68-4655-9235-107e22ba3c38|127.0.0.1:15047] with ContainerStateMachine:uninitialized
2025-07-14 15:00:05,568 [77d16558-8a68-4655-9235-107e22ba3c38-groupManagement] INFO  server.RaftServer$Division (ServerState.java:<init>(114)) - 77d16558-8a68-4655-9235-107e22ba3c38@group-45415B6C399B: ConfigurationManager, init=conf: {index: -1, cur=peers:[77d16558-8a68-4655-9235-107e22ba3c38|127.0.0.1:15047]|listeners:[], old=null}, confs=<EMPTY_MAP>
2025-07-14 15:00:05,575 [grpc-default-executor-1] INFO  server.RaftServer (RaftServerProxy.java:addNew(105)) - 77d16558-8a68-4655-9235-107e22ba3c38: addNew group-66EA1A40B3A7:[77d16558-8a68-4655-9235-107e22ba3c38|127.0.0.1:15047, 52f0bf1a-a22c-4dfc-83f0-dd23f5b60a86|127.0.0.1:15055, a505560f-c589-4eb5-89aa-a89970ae9358|127.0.0.1:15039] returns group-66EA1A40B3A7:java.util.concurrent.CompletableFuture@3e33e195[Not completed]
2025-07-14 15:00:05,576 [77d16558-8a68-4655-9235-107e22ba3c38-groupManagement] INFO  server.RaftServer$Division (RaftServerImpl.java:<init>(268)) - 77d16558-8a68-4655-9235-107e22ba3c38: new RaftServerImpl for group-66EA1A40B3A7:[77d16558-8a68-4655-9235-107e22ba3c38|127.0.0.1:15047, 52f0bf1a-a22c-4dfc-83f0-dd23f5b60a86|127.0.0.1:15055, a505560f-c589-4eb5-89aa-a89970ae9358|127.0.0.1:15039] with ContainerStateMachine:uninitialized
2025-07-14 15:00:05,577 [77d16558-8a68-4655-9235-107e22ba3c38-groupManagement] INFO  server.RaftServer$Division (ServerState.java:<init>(114)) - 77d16558-8a68-4655-9235-107e22ba3c38@group-66EA1A40B3A7: ConfigurationManager, init=conf: {index: -1, cur=peers:[77d16558-8a68-4655-9235-107e22ba3c38|127.0.0.1:15047, 52f0bf1a-a22c-4dfc-83f0-dd23f5b60a86|127.0.0.1:15055, a505560f-c589-4eb5-89aa-a89970ae9358|127.0.0.1:15039]|listeners:[], old=null}, confs=<EMPTY_MAP>
2025-07-14 15:00:05,583 [77d16558-8a68-4655-9235-107e22ba3c38-groupManagement] INFO  server.RaftServerConfigKeys (ConfUtils.java:logGet(62)) - raft.server.storage.dir = [/home/runner/work/ozone/ozone/hadoop-ozone/integration-test/target/test-dir/MiniOzoneClusterImpl-aaa7dc72-7fbf-48e0-acc5-129182712624/ozone-meta/datanode-5/ratis] (custom)
2025-07-14 15:00:05,583 [77d16558-8a68-4655-9235-107e22ba3c38-groupManagement] INFO  storage.RaftStorageDirectory (RaftStorageDirectoryImpl.java:analyzeStorage(138)) - The storage directory /home/runner/work/ozone/ozone/hadoop-ozone/integration-test/target/test-dir/MiniOzoneClusterImpl-aaa7dc72-7fbf-48e0-acc5-129182712624/ozone-meta/datanode-5/ratis/b9701521-b9b6-4d5a-884e-45415b6c399b does not exist. Creating ...
2025-07-14 15:00:05,585 [77d16558-8a68-4655-9235-107e22ba3c38-groupManagement] INFO  storage.RaftStorageDirectory (RaftStorageDirectoryImpl.java:tryLock(229)) - Lock on /home/runner/work/ozone/ozone/hadoop-ozone/integration-test/target/test-dir/MiniOzoneClusterImpl-aaa7dc72-7fbf-48e0-acc5-129182712624/ozone-meta/datanode-5/ratis/b9701521-b9b6-4d5a-884e-45415b6c399b/in_use.lock acquired by nodename 18082@localhost
2025-07-14 15:00:05,586 [77d16558-8a68-4655-9235-107e22ba3c38-groupManagement] INFO  storage.RaftStorage (RaftStorageImpl.java:format(98)) - Storage directory /home/runner/work/ozone/ozone/hadoop-ozone/integration-test/target/test-dir/MiniOzoneClusterImpl-aaa7dc72-7fbf-48e0-acc5-129182712624/ozone-meta/datanode-5/ratis/b9701521-b9b6-4d5a-884e-45415b6c399b has been successfully formatted.
2025-07-14 15:00:05,586 [77d16558-8a68-4655-9235-107e22ba3c38-groupManagement] INFO  ratis.ContainerStateMachine (ContainerStateMachine.java:initialize(339)) - 77d16558-8a68-4655-9235-107e22ba3c38: initialize group-45415B6C399B
2025-07-14 15:00:05,586 [77d16558-8a68-4655-9235-107e22ba3c38-groupManagement] INFO  ratis.ContainerStateMachine (ContainerStateMachine.java:loadSnapshot(347)) - group-45415B6C399B: The snapshot info is null. Setting the last applied index to:<INITIAL_VALUE>
2025-07-14 15:00:05,586 [77d16558-8a68-4655-9235-107e22ba3c38-groupManagement] INFO  server.RaftServerConfigKeys (ConfUtils.java:logGet(62)) - raft.server.log.appender.buffer.byte-limit = 33554432 (custom)
2025-07-14 15:00:05,589 [EventQueue-PipelineReportForOneReplicaPipelineSafeModeRule] INFO  safemode.SCMSafeModeManager (SCMSafeModeManager.java:validateSafeModeExitRules(138)) - AtleastOneDatanodeReportedRule rule is successfully validated
2025-07-14 15:00:05,590 [77d16558-8a68-4655-9235-107e22ba3c38-groupManagement] INFO  server.RaftServerConfigKeys (ConfUtils.java:logGet(62)) - raft.server.log.segment.size.max = 67108864 (custom)
2025-07-14 15:00:05,590 [77d16558-8a68-4655-9235-107e22ba3c38-groupManagement] INFO  server.RaftServerConfigKeys (ConfUtils.java:logGet(62)) - raft.server.log.appender.buffer.byte-limit = 33554432 (custom)
2025-07-14 15:00:05,590 [77d16558-8a68-4655-9235-107e22ba3c38-groupManagement] INFO  util.AwaitToRun (AwaitToRun.java:start(81)) - Thread[#1282,77d16558-8a68-4655-9235-107e22ba3c38@group-45415B6C399B-cacheEviction-AwaitToRun,5,main] started
2025-07-14 15:00:05,590 [77d16558-8a68-4655-9235-107e22ba3c38-groupManagement] INFO  segmented.SegmentedRaftLogWorker (SegmentedRaftLogWorker.java:<init>(190)) - new 77d16558-8a68-4655-9235-107e22ba3c38@group-45415B6C399B-SegmentedRaftLogWorker for RaftStorageImpl:Storage Directory /home/runner/work/ozone/ozone/hadoop-ozone/integration-test/target/test-dir/MiniOzoneClusterImpl-aaa7dc72-7fbf-48e0-acc5-129182712624/ozone-meta/datanode-5/ratis/b9701521-b9b6-4d5a-884e-45415b6c399b
2025-07-14 15:00:05,590 [77d16558-8a68-4655-9235-107e22ba3c38-groupManagement] INFO  server.RaftServerConfigKeys (ConfUtils.java:logGet(62)) - raft.server.log.queue.byte-limit = 4294967296 (custom)
2025-07-14 15:00:05,591 [77d16558-8a68-4655-9235-107e22ba3c38-groupManagement] INFO  server.RaftServerConfigKeys (ConfUtils.java:logGet(62)) - raft.server.log.segment.size.max = 67108864 (custom)
2025-07-14 15:00:05,591 [77d16558-8a68-4655-9235-107e22ba3c38-groupManagement] INFO  server.RaftServerConfigKeys (ConfUtils.java:logGet(62)) - raft.server.log.preallocated.size = 4194304 (custom)
2025-07-14 15:00:05,591 [e9aa665b-a6cb-4a48-961e-4c04ffb0bb5a@group-129182712624-StateMachineUpdater] INFO  safemode.SCMSafeModeManager (SCMSafeModeManager.java:validateSafeModeExitRules(138)) - DataNodeSafeModeRule rule is successfully validated
2025-07-14 15:00:05,591 [e9aa665b-a6cb-4a48-961e-4c04ffb0bb5a@group-129182712624-StateMachineUpdater] INFO  safemode.SCMSafeModeManager (SCMSafeModeManager.java:validateSafeModeExitRules(138)) - RatisContainerSafeModeRule rule is successfully validated
2025-07-14 15:00:05,591 [e9aa665b-a6cb-4a48-961e-4c04ffb0bb5a@group-129182712624-StateMachineUpdater] INFO  safemode.HealthyPipelineSafeModeRule (HealthyPipelineSafeModeRule.java:initializeRule(228)) - Refreshed total pipeline count is 0, healthy pipeline threshold count is 1
2025-07-14 15:00:05,591 [e9aa665b-a6cb-4a48-961e-4c04ffb0bb5a@group-129182712624-StateMachineUpdater] INFO  safemode.SCMSafeModeManager (SCMSafeModeManager.java:validateSafeModeExitRules(138)) - ECContainerSafeModeRule rule is successfully validated
2025-07-14 15:00:05,591 [e9aa665b-a6cb-4a48-961e-4c04ffb0bb5a@group-129182712624-StateMachineUpdater] INFO  safemode.SCMSafeModeManager (SCMSafeModeManager.java:validateSafeModeExitRules(138)) - AtleastOneDatanodeReportedRule rule is successfully validated
2025-07-14 15:00:05,591 [77d16558-8a68-4655-9235-107e22ba3c38-groupManagement] INFO  server.RaftServerConfigKeys (ConfUtils.java:logGet(62)) - raft.server.log.write.buffer.size = 33554440 (custom)
2025-07-14 15:00:05,592 [EventQueue-PipelineReportForPipelineReportHandler] INFO  pipeline.PipelineReportHandler (PipelineReportHandler.java:processPipelineReport(134)) - Opened pipeline Pipeline-b9701521-b9b6-4d5a-884e-45415b6c399b
2025-07-14 15:00:05,597 [77d16558-8a68-4655-9235-107e22ba3c38-groupManagement] INFO  server.RaftServerConfigKeys (ConfUtils.java:logGet(62)) - raft.server.log.appender.buffer.byte-limit = 33554432 (custom)
2025-07-14 15:00:05,598 [77d16558-8a68-4655-9235-107e22ba3c38-groupManagement] INFO  segmented.SegmentedRaftLogWorker (SegmentedRaftLogWorker.java:lambda$new$0(141)) - 77d16558-8a68-4655-9235-107e22ba3c38@group-45415B6C399B-SegmentedRaftLogWorker: flushIndex: setUnconditionally 0 -> -1
2025-07-14 15:00:05,598 [77d16558-8a68-4655-9235-107e22ba3c38-groupManagement] INFO  segmented.SegmentedRaftLogWorker (SegmentedRaftLogWorker.java:lambda$new$0(141)) - 77d16558-8a68-4655-9235-107e22ba3c38@group-45415B6C399B-SegmentedRaftLogWorker: safeCacheEvictIndex: setUnconditionally 0 -> -1
2025-07-14 15:00:05,598 [77d16558-8a68-4655-9235-107e22ba3c38-groupManagement] INFO  server.RaftServer$Division (RaftServerImpl.java:start(405)) - 77d16558-8a68-4655-9235-107e22ba3c38@group-45415B6C399B: start as a follower, conf=conf: {index: -1, cur=peers:[77d16558-8a68-4655-9235-107e22ba3c38|127.0.0.1:15047]|listeners:[], old=null}
2025-07-14 15:00:05,598 [77d16558-8a68-4655-9235-107e22ba3c38-groupManagement] INFO  server.RaftServer$Division (RaftServerImpl.java:setRole(392)) - 77d16558-8a68-4655-9235-107e22ba3c38@group-45415B6C399B: changes role from      null to FOLLOWER at term 0 for startAsFollower
2025-07-14 15:00:05,598 [77d16558-8a68-4655-9235-107e22ba3c38-groupManagement] INFO  impl.RoleInfo (RoleInfo.java:updateAndGet(148)) - 77d16558-8a68-4655-9235-107e22ba3c38: start 77d16558-8a68-4655-9235-107e22ba3c38@group-45415B6C399B-FollowerState
2025-07-14 15:00:05,599 [77d16558-8a68-4655-9235-107e22ba3c38-groupManagement] INFO  util.JmxRegister (JmxRegister.java:tryRegister(44)) - Successfully registered JMX Bean with object name Ratis:service=RaftServer,group=group-45415B6C399B,id=77d16558-8a68-4655-9235-107e22ba3c38
2025-07-14 15:00:05,599 [77d16558-8a68-4655-9235-107e22ba3c38-groupManagement] INFO  util.JmxRegister (JmxRegister.java:register(58)) - register mxBean class org.apache.ratis.server.impl.RaftServerJmxAdapter as Ratis:service=RaftServer,group=group-45415B6C399B,id=77d16558-8a68-4655-9235-107e22ba3c38
2025-07-14 15:00:05,600 [77d16558-8a68-4655-9235-107e22ba3c38-groupManagement] INFO  server.RaftServer$Division (RaftServerImpl.java:start(419)) - 77d16558-8a68-4655-9235-107e22ba3c38@group-45415B6C399B: Successfully started.
2025-07-14 15:00:05,601 [77d16558-8a68-4655-9235-107e22ba3c38-groupManagement] INFO  storage.RaftStorageDirectory (RaftStorageDirectoryImpl.java:analyzeStorage(138)) - The storage directory /home/runner/work/ozone/ozone/hadoop-ozone/integration-test/target/test-dir/MiniOzoneClusterImpl-aaa7dc72-7fbf-48e0-acc5-129182712624/ozone-meta/datanode-5/ratis/a63a7d38-be8c-449b-928f-66ea1a40b3a7 does not exist. Creating ...
2025-07-14 15:00:05,601 [77d16558-8a68-4655-9235-107e22ba3c38-PipelineCommandHandlerThread-0] INFO  ratis.XceiverServerRatis (XceiverServerRatis.java:addGroup(843)) - Created group Pipeline-b9701521-b9b6-4d5a-884e-45415b6c399b
2025-07-14 15:00:05,601 [77d16558-8a68-4655-9235-107e22ba3c38-PipelineCommandHandlerThread-0] INFO  commandhandler.CreatePipelineCommandHandler (CreatePipelineCommandHandler.java:lambda$handle$2(127)) - Created Pipeline RATIS ONE Pipeline-b9701521-b9b6-4d5a-884e-45415b6c399b.
2025-07-14 15:00:05,602 [77d16558-8a68-4655-9235-107e22ba3c38-groupManagement] INFO  storage.RaftStorageDirectory (RaftStorageDirectoryImpl.java:tryLock(229)) - Lock on /home/runner/work/ozone/ozone/hadoop-ozone/integration-test/target/test-dir/MiniOzoneClusterImpl-aaa7dc72-7fbf-48e0-acc5-129182712624/ozone-meta/datanode-5/ratis/a63a7d38-be8c-449b-928f-66ea1a40b3a7/in_use.lock acquired by nodename 18082@localhost
2025-07-14 15:00:05,604 [77d16558-8a68-4655-9235-107e22ba3c38-groupManagement] INFO  storage.RaftStorage (RaftStorageImpl.java:format(98)) - Storage directory /home/runner/work/ozone/ozone/hadoop-ozone/integration-test/target/test-dir/MiniOzoneClusterImpl-aaa7dc72-7fbf-48e0-acc5-129182712624/ozone-meta/datanode-5/ratis/a63a7d38-be8c-449b-928f-66ea1a40b3a7 has been successfully formatted.
2025-07-14 15:00:05,605 [EventQueue-PipelineReportForOneReplicaPipelineSafeModeRule] INFO  safemode.SCMSafeModeManager (SCMSafeModeManager.java:validateSafeModeExitRules(138)) - AtleastOneDatanodeReportedRule rule is successfully validated
2025-07-14 15:00:05,605 [77d16558-8a68-4655-9235-107e22ba3c38-groupManagement] INFO  ratis.ContainerStateMachine (ContainerStateMachine.java:initialize(339)) - 77d16558-8a68-4655-9235-107e22ba3c38: initialize group-66EA1A40B3A7
2025-07-14 15:00:05,605 [77d16558-8a68-4655-9235-107e22ba3c38-groupManagement] INFO  ratis.ContainerStateMachine (ContainerStateMachine.java:loadSnapshot(347)) - group-66EA1A40B3A7: The snapshot info is null. Setting the last applied index to:<INITIAL_VALUE>
2025-07-14 15:00:05,605 [77d16558-8a68-4655-9235-107e22ba3c38-groupManagement] INFO  server.RaftServerConfigKeys (ConfUtils.java:logGet(62)) - raft.server.log.appender.buffer.byte-limit = 33554432 (custom)
2025-07-14 15:00:05,609 [EventQueue-PipelineReportForOneReplicaPipelineSafeModeRule] INFO  safemode.SCMSafeModeManager (SCMSafeModeManager.java:validateSafeModeExitRules(138)) - AtleastOneDatanodeReportedRule rule is successfully validated
2025-07-14 15:00:05,609 [EventQueue-PipelineReportForOneReplicaPipelineSafeModeRule] INFO  safemode.SCMSafeModeManager (SCMSafeModeManager.java:validateSafeModeExitRules(138)) - AtleastOneDatanodeReportedRule rule is successfully validated
2025-07-14 15:00:05,610 [77d16558-8a68-4655-9235-107e22ba3c38-groupManagement] INFO  server.RaftServerConfigKeys (ConfUtils.java:logGet(62)) - raft.server.log.segment.size.max = 67108864 (custom)
2025-07-14 15:00:05,611 [77d16558-8a68-4655-9235-107e22ba3c38-groupManagement] INFO  server.RaftServerConfigKeys (ConfUtils.java:logGet(62)) - raft.server.log.appender.buffer.byte-limit = 33554432 (custom)
2025-07-14 15:00:05,612 [77d16558-8a68-4655-9235-107e22ba3c38-groupManagement] INFO  util.AwaitToRun (AwaitToRun.java:start(81)) - Thread[#1286,77d16558-8a68-4655-9235-107e22ba3c38@group-66EA1A40B3A7-cacheEviction-AwaitToRun,5,main] started
2025-07-14 15:00:05,612 [77d16558-8a68-4655-9235-107e22ba3c38-groupManagement] INFO  segmented.SegmentedRaftLogWorker (SegmentedRaftLogWorker.java:<init>(190)) - new 77d16558-8a68-4655-9235-107e22ba3c38@group-66EA1A40B3A7-SegmentedRaftLogWorker for RaftStorageImpl:Storage Directory /home/runner/work/ozone/ozone/hadoop-ozone/integration-test/target/test-dir/MiniOzoneClusterImpl-aaa7dc72-7fbf-48e0-acc5-129182712624/ozone-meta/datanode-5/ratis/a63a7d38-be8c-449b-928f-66ea1a40b3a7
2025-07-14 15:00:05,612 [77d16558-8a68-4655-9235-107e22ba3c38-groupManagement] INFO  server.RaftServerConfigKeys (ConfUtils.java:logGet(62)) - raft.server.log.queue.byte-limit = 4294967296 (custom)
2025-07-14 15:00:05,612 [77d16558-8a68-4655-9235-107e22ba3c38-groupManagement] INFO  server.RaftServerConfigKeys (ConfUtils.java:logGet(62)) - raft.server.log.segment.size.max = 67108864 (custom)
2025-07-14 15:00:05,613 [77d16558-8a68-4655-9235-107e22ba3c38-groupManagement] INFO  server.RaftServerConfigKeys (ConfUtils.java:logGet(62)) - raft.server.log.preallocated.size = 4194304 (custom)
2025-07-14 15:00:05,613 [77d16558-8a68-4655-9235-107e22ba3c38-groupManagement] INFO  server.RaftServerConfigKeys (ConfUtils.java:logGet(62)) - raft.server.log.write.buffer.size = 33554440 (custom)
2025-07-14 15:00:05,619 [77d16558-8a68-4655-9235-107e22ba3c38-groupManagement] INFO  server.RaftServerConfigKeys (ConfUtils.java:logGet(62)) - raft.server.log.appender.buffer.byte-limit = 33554432 (custom)
2025-07-14 15:00:05,619 [77d16558-8a68-4655-9235-107e22ba3c38-groupManagement] INFO  segmented.SegmentedRaftLogWorker (SegmentedRaftLogWorker.java:lambda$new$0(141)) - 77d16558-8a68-4655-9235-107e22ba3c38@group-66EA1A40B3A7-SegmentedRaftLogWorker: flushIndex: setUnconditionally 0 -> -1
2025-07-14 15:00:05,619 [77d16558-8a68-4655-9235-107e22ba3c38-groupManagement] INFO  segmented.SegmentedRaftLogWorker (SegmentedRaftLogWorker.java:lambda$new$0(141)) - 77d16558-8a68-4655-9235-107e22ba3c38@group-66EA1A40B3A7-SegmentedRaftLogWorker: safeCacheEvictIndex: setUnconditionally 0 -> -1
2025-07-14 15:00:05,620 [77d16558-8a68-4655-9235-107e22ba3c38-groupManagement] INFO  server.RaftServer$Division (RaftServerImpl.java:start(405)) - 77d16558-8a68-4655-9235-107e22ba3c38@group-66EA1A40B3A7: start as a follower, conf=conf: {index: -1, cur=peers:[77d16558-8a68-4655-9235-107e22ba3c38|127.0.0.1:15047, 52f0bf1a-a22c-4dfc-83f0-dd23f5b60a86|127.0.0.1:15055, a505560f-c589-4eb5-89aa-a89970ae9358|127.0.0.1:15039]|listeners:[], old=null}
2025-07-14 15:00:05,620 [77d16558-8a68-4655-9235-107e22ba3c38-groupManagement] INFO  server.RaftServer$Division (RaftServerImpl.java:setRole(392)) - 77d16558-8a68-4655-9235-107e22ba3c38@group-66EA1A40B3A7: changes role from      null to FOLLOWER at term 0 for startAsFollower
2025-07-14 15:00:05,620 [77d16558-8a68-4655-9235-107e22ba3c38-groupManagement] INFO  impl.RoleInfo (RoleInfo.java:updateAndGet(148)) - 77d16558-8a68-4655-9235-107e22ba3c38: start 77d16558-8a68-4655-9235-107e22ba3c38@group-66EA1A40B3A7-FollowerState
2025-07-14 15:00:05,620 [77d16558-8a68-4655-9235-107e22ba3c38-groupManagement] INFO  util.JmxRegister (JmxRegister.java:tryRegister(44)) - Successfully registered JMX Bean with object name Ratis:service=RaftServer,group=group-66EA1A40B3A7,id=77d16558-8a68-4655-9235-107e22ba3c38
2025-07-14 15:00:05,621 [77d16558-8a68-4655-9235-107e22ba3c38-groupManagement] INFO  util.JmxRegister (JmxRegister.java:register(58)) - register mxBean class org.apache.ratis.server.impl.RaftServerJmxAdapter as Ratis:service=RaftServer,group=group-66EA1A40B3A7,id=77d16558-8a68-4655-9235-107e22ba3c38
2025-07-14 15:00:05,622 [77d16558-8a68-4655-9235-107e22ba3c38-groupManagement] INFO  server.RaftServer$Division (RaftServerImpl.java:start(419)) - 77d16558-8a68-4655-9235-107e22ba3c38@group-66EA1A40B3A7: Successfully started.
2025-07-14 15:00:05,626 [a505560f-c589-4eb5-89aa-a89970ae9358-PipelineCommandHandlerThread-0] INFO  commandhandler.CreatePipelineCommandHandler (CreatePipelineCommandHandler.java:lambda$handle$2(127)) - Created Pipeline RATIS THREE Pipeline-a63a7d38-be8c-449b-928f-66ea1a40b3a7.
2025-07-14 15:00:05,643 [EventQueue-PipelineReportForOneReplicaPipelineSafeModeRule] INFO  safemode.SCMSafeModeManager (SCMSafeModeManager.java:validateSafeModeExitRules(138)) - AtleastOneDatanodeReportedRule rule is successfully validated
2025-07-14 15:00:05,714 [EventQueue-PipelineReportForOneReplicaPipelineSafeModeRule] INFO  safemode.SCMSafeModeManager (SCMSafeModeManager.java:validateSafeModeExitRules(138)) - AtleastOneDatanodeReportedRule rule is successfully validated
2025-07-14 15:00:05,732 [EventQueue-PipelineReportForOneReplicaPipelineSafeModeRule] INFO  safemode.SCMSafeModeManager (SCMSafeModeManager.java:validateSafeModeExitRules(138)) - AtleastOneDatanodeReportedRule rule is successfully validated
2025-07-14 15:00:05,801 [EventQueue-PipelineReportForOneReplicaPipelineSafeModeRule] INFO  safemode.SCMSafeModeManager (SCMSafeModeManager.java:validateSafeModeExitRules(138)) - AtleastOneDatanodeReportedRule rule is successfully validated
2025-07-14 15:00:05,805 [EventQueue-PipelineReportForOneReplicaPipelineSafeModeRule] INFO  safemode.SCMSafeModeManager (SCMSafeModeManager.java:validateSafeModeExitRules(138)) - AtleastOneDatanodeReportedRule rule is successfully validated
2025-07-14 15:00:05,806 [EventQueue-PipelineReportForOneReplicaPipelineSafeModeRule] INFO  safemode.SCMSafeModeManager (SCMSafeModeManager.java:validateSafeModeExitRules(138)) - AtleastOneDatanodeReportedRule rule is successfully validated
2025-07-14 15:00:05,820 [311b5faf-4d73-479d-9d03-a3296c64f810@group-76182951AE04-FollowerState] INFO  impl.FollowerState (FollowerState.java:runImpl(161)) - 311b5faf-4d73-479d-9d03-a3296c64f810@group-76182951AE04-FollowerState: change to CANDIDATE, lastRpcElapsedTime:1059384979ns, electionTimeout:1059ms
2025-07-14 15:00:05,820 [311b5faf-4d73-479d-9d03-a3296c64f810@group-76182951AE04-FollowerState] INFO  impl.RoleInfo (RoleInfo.java:shutdownFollowerState(121)) - 311b5faf-4d73-479d-9d03-a3296c64f810: shutdown 311b5faf-4d73-479d-9d03-a3296c64f810@group-76182951AE04-FollowerState
2025-07-14 15:00:05,820 [311b5faf-4d73-479d-9d03-a3296c64f810@group-76182951AE04-FollowerState] INFO  server.RaftServer$Division (RaftServerImpl.java:setRole(392)) - 311b5faf-4d73-479d-9d03-a3296c64f810@group-76182951AE04: changes role from  FOLLOWER to CANDIDATE at term 0 for changeToCandidate
2025-07-14 15:00:05,820 [311b5faf-4d73-479d-9d03-a3296c64f810@group-76182951AE04-FollowerState] INFO  impl.RoleInfo (RoleInfo.java:updateAndGet(148)) - 311b5faf-4d73-479d-9d03-a3296c64f810: start 311b5faf-4d73-479d-9d03-a3296c64f810@group-76182951AE04-LeaderElection4
2025-07-14 15:00:05,820 [311b5faf-4d73-479d-9d03-a3296c64f810@group-76182951AE04-LeaderElection4] INFO  impl.LeaderElection (LeaderElection.java:askForVotes(448)) - 311b5faf-4d73-479d-9d03-a3296c64f810@group-76182951AE04-LeaderElection4 PRE_VOTE round 0: submit vote requests at term 0 for conf: {index: -1, cur=peers:[311b5faf-4d73-479d-9d03-a3296c64f810|127.0.0.1:15015]|listeners:[], old=null}
2025-07-14 15:00:05,821 [311b5faf-4d73-479d-9d03-a3296c64f810@group-76182951AE04-LeaderElection4] INFO  impl.LeaderElection (LeaderElection.java:askForVotes(450)) - 311b5faf-4d73-479d-9d03-a3296c64f810@group-76182951AE04-LeaderElection4 PRE_VOTE round 0: result PASSED (term=0)
2025-07-14 15:00:05,822 [311b5faf-4d73-479d-9d03-a3296c64f810@group-76182951AE04-LeaderElection4] INFO  impl.LeaderElection (LeaderElection.java:askForVotes(448)) - 311b5faf-4d73-479d-9d03-a3296c64f810@group-76182951AE04-LeaderElection4 ELECTION round 0: submit vote requests at term 1 for conf: {index: -1, cur=peers:[311b5faf-4d73-479d-9d03-a3296c64f810|127.0.0.1:15015]|listeners:[], old=null}
2025-07-14 15:00:05,822 [311b5faf-4d73-479d-9d03-a3296c64f810@group-76182951AE04-LeaderElection4] INFO  impl.LeaderElection (LeaderElection.java:askForVotes(450)) - 311b5faf-4d73-479d-9d03-a3296c64f810@group-76182951AE04-LeaderElection4 ELECTION round 0: result PASSED (term=1)
2025-07-14 15:00:05,822 [311b5faf-4d73-479d-9d03-a3296c64f810@group-76182951AE04-LeaderElection4] INFO  impl.RoleInfo (RoleInfo.java:shutdownLeaderElection(141)) - 311b5faf-4d73-479d-9d03-a3296c64f810: shutdown 311b5faf-4d73-479d-9d03-a3296c64f810@group-76182951AE04-LeaderElection4
2025-07-14 15:00:05,822 [311b5faf-4d73-479d-9d03-a3296c64f810@group-76182951AE04-LeaderElection4] INFO  server.RaftServer$Division (RaftServerImpl.java:setRole(392)) - 311b5faf-4d73-479d-9d03-a3296c64f810@group-76182951AE04: changes role from CANDIDATE to LEADER at term 1 for changeToLeader
2025-07-14 15:00:05,822 [311b5faf-4d73-479d-9d03-a3296c64f810@group-76182951AE04-LeaderElection4] INFO  server.RaftServerConfigKeys (ConfUtils.java:logFallback(69)) - raft.server.staging.timeout = 15600ms (fallback to raft.server.rpc.timeout.max)
2025-07-14 15:00:05,822 [311b5faf-4d73-479d-9d03-a3296c64f810@group-76182951AE04-LeaderElection4] INFO  server.RaftServerConfigKeys (ConfUtils.java:logGet(62)) - raft.server.write.element-limit = 1024 (custom)
2025-07-14 15:00:05,822 [311b5faf-4d73-479d-9d03-a3296c64f810@group-76182951AE04-LeaderElection4] INFO  server.RaftServerConfigKeys (ConfUtils.java:logGet(62)) - raft.server.write.byte-limit = 1024 M (=1073741824) (custom)
2025-07-14 15:00:05,823 [311b5faf-4d73-479d-9d03-a3296c64f810@group-76182951AE04-LeaderElection4] INFO  server.RaftServerConfigKeys (ConfUtils.java:logGet(62)) - raft.server.log.log-metadata.enabled = true (default)
2025-07-14 15:00:05,823 [311b5faf-4d73-479d-9d03-a3296c64f810@group-76182951AE04-LeaderElection4] INFO  impl.RoleInfo (RoleInfo.java:updateAndGet(148)) - 311b5faf-4d73-479d-9d03-a3296c64f810: start 311b5faf-4d73-479d-9d03-a3296c64f810@group-76182951AE04-LeaderStateImpl
2025-07-14 15:00:05,823 [311b5faf-4d73-479d-9d03-a3296c64f810@group-76182951AE04-LeaderElection4] INFO  server.RaftServer$Division (RaftServerImpl.java:setFirstElection(576)) - 311b5faf-4d73-479d-9d03-a3296c64f810@group-76182951AE04: set firstElectionSinceStartup to false for becomeLeader
2025-07-14 15:00:05,824 [311b5faf-4d73-479d-9d03-a3296c64f810@group-76182951AE04-LeaderElection4] INFO  ratis.XceiverServerRatis (XceiverServerRatis.java:handleLeaderChangedNotification(944)) - Leader change notification received for group: group-76182951AE04 with new leaderId: 311b5faf-4d73-479d-9d03-a3296c64f810
2025-07-14 15:00:05,824 [311b5faf-4d73-479d-9d03-a3296c64f810@group-76182951AE04-LeaderElection4] INFO  server.RaftServer$Division (ServerState.java:setLeader(272)) - 311b5faf-4d73-479d-9d03-a3296c64f810@group-76182951AE04: change Leader from null to 311b5faf-4d73-479d-9d03-a3296c64f810 at term 1 for becomeLeader, leader elected after 1092ms
2025-07-14 15:00:05,824 [311b5faf-4d73-479d-9d03-a3296c64f810@group-76182951AE04-LeaderElection4] INFO  segmented.SegmentedRaftLogWorker (SegmentedRaftLogWorker.java:startLogSegment(440)) - 311b5faf-4d73-479d-9d03-a3296c64f810@group-76182951AE04-SegmentedRaftLogWorker: Starting segment from index:0
2025-07-14 15:00:05,825 [311b5faf-4d73-479d-9d03-a3296c64f810@group-76182951AE04-LeaderElection4] INFO  server.RaftServer$Division (ServerState.java:setRaftConf(386)) - 311b5faf-4d73-479d-9d03-a3296c64f810@group-76182951AE04: set configuration conf: {index: 0, cur=peers:[311b5faf-4d73-479d-9d03-a3296c64f810|127.0.0.1:15015]|listeners:[], old=null}
2025-07-14 15:00:05,825 [311b5faf-4d73-479d-9d03-a3296c64f810@group-76182951AE04-SegmentedRaftLogWorker] INFO  segmented.BufferedWriteChannel (BufferedWriteChannel.java:open(61)) - open log_inprogress_0 at position 0
2025-07-14 15:00:05,827 [EventQueue-PipelineReportForOneReplicaPipelineSafeModeRule] INFO  safemode.SCMSafeModeManager (SCMSafeModeManager.java:validateSafeModeExitRules(138)) - AtleastOneDatanodeReportedRule rule is successfully validated
2025-07-14 15:00:05,834 [311b5faf-4d73-479d-9d03-a3296c64f810@group-76182951AE04-SegmentedRaftLogWorker] INFO  segmented.SegmentedRaftLogWorker (SegmentedRaftLogWorker.java:execute(647)) - 311b5faf-4d73-479d-9d03-a3296c64f810@group-76182951AE04-SegmentedRaftLogWorker: created new log segment /home/runner/work/ozone/ozone/hadoop-ozone/integration-test/target/test-dir/MiniOzoneClusterImpl-aaa7dc72-7fbf-48e0-acc5-129182712624/ozone-meta/datanode-1/ratis/f573dc9d-c2a1-4800-8bce-76182951ae04/current/log_inprogress_0
2025-07-14 15:00:05,837 [311b5faf-4d73-479d-9d03-a3296c64f810@group-76182951AE04-StateMachineUpdater] INFO  server.RaftServer$Division (LeaderStateImpl.java:checkStartIndex(309)) - Leader 311b5faf-4d73-479d-9d03-a3296c64f810@group-76182951AE04-LeaderStateImpl is ready since appliedIndex == startIndex == 0
2025-07-14 15:00:05,837 [311b5faf-4d73-479d-9d03-a3296c64f810@group-76182951AE04-StateMachineUpdater] INFO  ratis.ContainerStateMachine (ContainerStateMachine.java:takeSnapshot(427)) - group-76182951AE04: Taking a snapshot at:(t:1, i:0) file /home/runner/work/ozone/ozone/hadoop-ozone/integration-test/target/test-dir/MiniOzoneClusterImpl-aaa7dc72-7fbf-48e0-acc5-129182712624/ozone-meta/datanode-1/ratis/f573dc9d-c2a1-4800-8bce-76182951ae04/sm/snapshot.1_0
2025-07-14 15:00:05,851 [EventQueue-PipelineReportForOneReplicaPipelineSafeModeRule] INFO  safemode.SCMSafeModeManager (SCMSafeModeManager.java:validateSafeModeExitRules(138)) - AtleastOneDatanodeReportedRule rule is successfully validated
2025-07-14 15:00:05,896 [EventQueue-PipelineReportForOneReplicaPipelineSafeModeRule] INFO  safemode.SCMSafeModeManager (SCMSafeModeManager.java:validateSafeModeExitRules(138)) - AtleastOneDatanodeReportedRule rule is successfully validated
2025-07-14 15:00:05,907 [EventQueue-PipelineReportForOneReplicaPipelineSafeModeRule] INFO  safemode.SCMSafeModeManager (SCMSafeModeManager.java:validateSafeModeExitRules(138)) - AtleastOneDatanodeReportedRule rule is successfully validated
2025-07-14 15:00:05,916 [EventQueue-PipelineReportForOneReplicaPipelineSafeModeRule] INFO  safemode.SCMSafeModeManager (SCMSafeModeManager.java:validateSafeModeExitRules(138)) - AtleastOneDatanodeReportedRule rule is successfully validated
2025-07-14 15:00:05,925 [311b5faf-4d73-479d-9d03-a3296c64f810@group-76182951AE04-StateMachineUpdater] INFO  ratis.ContainerStateMachine (ContainerStateMachine.java:takeSnapshot(436)) - group-76182951AE04: Finished taking a snapshot at:(t:1, i:0) file:/home/runner/work/ozone/ozone/hadoop-ozone/integration-test/target/test-dir/MiniOzoneClusterImpl-aaa7dc72-7fbf-48e0-acc5-129182712624/ozone-meta/datanode-1/ratis/f573dc9d-c2a1-4800-8bce-76182951ae04/sm/snapshot.1_0 took: 88 ms
2025-07-14 15:00:05,926 [311b5faf-4d73-479d-9d03-a3296c64f810@group-76182951AE04-StateMachineUpdater] INFO  impl.StateMachineUpdater (StateMachineUpdater.java:takeSnapshot(307)) - 311b5faf-4d73-479d-9d03-a3296c64f810@group-76182951AE04-StateMachineUpdater: Took a snapshot at index 0
2025-07-14 15:00:05,926 [311b5faf-4d73-479d-9d03-a3296c64f810@group-76182951AE04-StateMachineUpdater] INFO  impl.StateMachineUpdater (StateMachineUpdater.java:lambda$new$0(101)) - 311b5faf-4d73-479d-9d03-a3296c64f810@group-76182951AE04-StateMachineUpdater: snapshotIndex: updateIncreasingly -1 -> 0
2025-07-14 15:00:05,933 [EventQueue-PipelineReportForOneReplicaPipelineSafeModeRule] INFO  safemode.SCMSafeModeManager (SCMSafeModeManager.java:validateSafeModeExitRules(138)) - AtleastOneDatanodeReportedRule rule is successfully validated
2025-07-14 15:00:05,935 [311b5faf-4d73-479d-9d03-a3296c64f810@group-25EDCEF96557-FollowerState] INFO  impl.FollowerState (FollowerState.java:runImpl(161)) - 311b5faf-4d73-479d-9d03-a3296c64f810@group-25EDCEF96557-FollowerState: change to CANDIDATE, lastRpcElapsedTime:1143453012ns, electionTimeout:1143ms
2025-07-14 15:00:05,935 [311b5faf-4d73-479d-9d03-a3296c64f810@group-25EDCEF96557-FollowerState] INFO  impl.RoleInfo (RoleInfo.java:shutdownFollowerState(121)) - 311b5faf-4d73-479d-9d03-a3296c64f810: shutdown 311b5faf-4d73-479d-9d03-a3296c64f810@group-25EDCEF96557-FollowerState
2025-07-14 15:00:05,935 [311b5faf-4d73-479d-9d03-a3296c64f810@group-25EDCEF96557-FollowerState] INFO  server.RaftServer$Division (RaftServerImpl.java:setRole(392)) - 311b5faf-4d73-479d-9d03-a3296c64f810@group-25EDCEF96557: changes role from  FOLLOWER to CANDIDATE at term 0 for changeToCandidate
2025-07-14 15:00:05,936 [311b5faf-4d73-479d-9d03-a3296c64f810@group-25EDCEF96557-FollowerState] INFO  impl.RoleInfo (RoleInfo.java:updateAndGet(148)) - 311b5faf-4d73-479d-9d03-a3296c64f810: start 311b5faf-4d73-479d-9d03-a3296c64f810@group-25EDCEF96557-LeaderElection5
2025-07-14 15:00:05,936 [311b5faf-4d73-479d-9d03-a3296c64f810@group-25EDCEF96557-LeaderElection5] INFO  impl.LeaderElection (LeaderElection.java:askForVotes(448)) - 311b5faf-4d73-479d-9d03-a3296c64f810@group-25EDCEF96557-LeaderElection5 PRE_VOTE round 0: submit vote requests at term 0 for conf: {index: -1, cur=peers:[0f2a098c-ed74-48ca-a55f-ceee6161c687|127.0.0.1:15023, 311b5faf-4d73-479d-9d03-a3296c64f810|127.0.0.1:15015, b5acb6b3-ef2b-41db-9bfa-77a47d0ca582|127.0.0.1:15031]|listeners:[], old=null}
2025-07-14 15:00:05,939 [311b5faf-4d73-479d-9d03-a3296c64f810@group-25EDCEF96557-LeaderElection5-1] INFO  server.GrpcServerProtocolClient (GrpcServerProtocolClient.java:<init>(65)) - Build channel for 0f2a098c-ed74-48ca-a55f-ceee6161c687|127.0.0.1:15023
2025-07-14 15:00:05,940 [311b5faf-4d73-479d-9d03-a3296c64f810@group-25EDCEF96557-LeaderElection5-2] INFO  server.GrpcServerProtocolClient (GrpcServerProtocolClient.java:<init>(65)) - Build channel for b5acb6b3-ef2b-41db-9bfa-77a47d0ca582|127.0.0.1:15031
2025-07-14 15:00:05,948 [grpc-default-executor-1] INFO  server.RaftServer$Division (RaftServerImpl.java:requestVote(1421)) - b5acb6b3-ef2b-41db-9bfa-77a47d0ca582@group-25EDCEF96557: receive requestVote(PRE_VOTE, 311b5faf-4d73-479d-9d03-a3296c64f810, group-25EDCEF96557, 0, <PROTO_DEFAULT>)
2025-07-14 15:00:05,949 [grpc-default-executor-0] INFO  server.RaftServer$Division (RaftServerImpl.java:requestVote(1421)) - 0f2a098c-ed74-48ca-a55f-ceee6161c687@group-25EDCEF96557: receive requestVote(PRE_VOTE, 311b5faf-4d73-479d-9d03-a3296c64f810, group-25EDCEF96557, 0, <PROTO_DEFAULT>)
2025-07-14 15:00:05,950 [grpc-default-executor-1] INFO  impl.VoteContext (VoteContext.java:log(49)) - b5acb6b3-ef2b-41db-9bfa-77a47d0ca582@group-25EDCEF96557-FOLLOWER: accept PRE_VOTE from 311b5faf-4d73-479d-9d03-a3296c64f810: our priority 0 <= candidate's priority 1
2025-07-14 15:00:05,951 [grpc-default-executor-0] INFO  impl.VoteContext (VoteContext.java:log(49)) - 0f2a098c-ed74-48ca-a55f-ceee6161c687@group-25EDCEF96557-FOLLOWER: accept PRE_VOTE from 311b5faf-4d73-479d-9d03-a3296c64f810: our priority 0 <= candidate's priority 1
2025-07-14 15:00:05,954 [grpc-default-executor-1] INFO  server.RaftServer$Division (RaftServerImpl.java:requestVote(1455)) - b5acb6b3-ef2b-41db-9bfa-77a47d0ca582@group-25EDCEF96557 replies to PRE_VOTE vote request: 311b5faf-4d73-479d-9d03-a3296c64f810<-b5acb6b3-ef2b-41db-9bfa-77a47d0ca582#0:OK-t0-last:<INITIAL_VALUE>. Peer's state: b5acb6b3-ef2b-41db-9bfa-77a47d0ca582@group-25EDCEF96557:t0, leader=null, voted=, raftlog=Memoized:b5acb6b3-ef2b-41db-9bfa-77a47d0ca582@group-25EDCEF96557-SegmentedRaftLog:OPENED:c-1:lastnull, conf=conf: {index: -1, cur=peers:[0f2a098c-ed74-48ca-a55f-ceee6161c687|127.0.0.1:15023, 311b5faf-4d73-479d-9d03-a3296c64f810|127.0.0.1:15015, b5acb6b3-ef2b-41db-9bfa-77a47d0ca582|127.0.0.1:15031]|listeners:[], old=null}
2025-07-14 15:00:05,954 [grpc-default-executor-0] INFO  server.RaftServer$Division (RaftServerImpl.java:requestVote(1455)) - 0f2a098c-ed74-48ca-a55f-ceee6161c687@group-25EDCEF96557 replies to PRE_VOTE vote request: 311b5faf-4d73-479d-9d03-a3296c64f810<-0f2a098c-ed74-48ca-a55f-ceee6161c687#0:OK-t0-last:<INITIAL_VALUE>. Peer's state: 0f2a098c-ed74-48ca-a55f-ceee6161c687@group-25EDCEF96557:t0, leader=null, voted=, raftlog=Memoized:0f2a098c-ed74-48ca-a55f-ceee6161c687@group-25EDCEF96557-SegmentedRaftLog:OPENED:c-1:lastnull, conf=conf: {index: -1, cur=peers:[0f2a098c-ed74-48ca-a55f-ceee6161c687|127.0.0.1:15023, 311b5faf-4d73-479d-9d03-a3296c64f810|127.0.0.1:15015, b5acb6b3-ef2b-41db-9bfa-77a47d0ca582|127.0.0.1:15031]|listeners:[], old=null}
2025-07-14 15:00:05,956 [311b5faf-4d73-479d-9d03-a3296c64f810@group-25EDCEF96557-LeaderElection5] INFO  impl.LeaderElection (LeaderElection.java:logAndReturn(206)) - 311b5faf-4d73-479d-9d03-a3296c64f810@group-25EDCEF96557-LeaderElection5: PRE_VOTE PASSED received 1 response(s) and 0 exception(s):
2025-07-14 15:00:05,957 [311b5faf-4d73-479d-9d03-a3296c64f810@group-25EDCEF96557-LeaderElection5] INFO  impl.LeaderElection (LeaderElection.java:logAndReturn(210)) -   Response 0: 311b5faf-4d73-479d-9d03-a3296c64f810<-b5acb6b3-ef2b-41db-9bfa-77a47d0ca582#0:OK-t0-last:<INITIAL_VALUE>
2025-07-14 15:00:05,957 [311b5faf-4d73-479d-9d03-a3296c64f810@group-25EDCEF96557-LeaderElection5] INFO  impl.LeaderElection (LeaderElection.java:askForVotes(450)) - 311b5faf-4d73-479d-9d03-a3296c64f810@group-25EDCEF96557-LeaderElection5 PRE_VOTE round 0: result PASSED
2025-07-14 15:00:05,959 [311b5faf-4d73-479d-9d03-a3296c64f810@group-25EDCEF96557-LeaderElection5] INFO  impl.LeaderElection (LeaderElection.java:askForVotes(448)) - 311b5faf-4d73-479d-9d03-a3296c64f810@group-25EDCEF96557-LeaderElection5 ELECTION round 0: submit vote requests at term 1 for conf: {index: -1, cur=peers:[0f2a098c-ed74-48ca-a55f-ceee6161c687|127.0.0.1:15023, 311b5faf-4d73-479d-9d03-a3296c64f810|127.0.0.1:15015, b5acb6b3-ef2b-41db-9bfa-77a47d0ca582|127.0.0.1:15031]|listeners:[], old=null}
2025-07-14 15:00:05,961 [grpc-default-executor-1] INFO  server.RaftServer$Division (RaftServerImpl.java:requestVote(1421)) - b5acb6b3-ef2b-41db-9bfa-77a47d0ca582@group-25EDCEF96557: receive requestVote(ELECTION, 311b5faf-4d73-479d-9d03-a3296c64f810, group-25EDCEF96557, 1, <PROTO_DEFAULT>)
2025-07-14 15:00:05,961 [grpc-default-executor-1] INFO  impl.VoteContext (VoteContext.java:log(49)) - b5acb6b3-ef2b-41db-9bfa-77a47d0ca582@group-25EDCEF96557-FOLLOWER: accept ELECTION from 311b5faf-4d73-479d-9d03-a3296c64f810: our priority 0 <= candidate's priority 1
2025-07-14 15:00:05,961 [grpc-default-executor-1] INFO  server.RaftServer$Division (RaftServerImpl.java:setRole(392)) - b5acb6b3-ef2b-41db-9bfa-77a47d0ca582@group-25EDCEF96557: changes role from  FOLLOWER to FOLLOWER at term 0 for candidate:311b5faf-4d73-479d-9d03-a3296c64f810
2025-07-14 15:00:05,961 [grpc-default-executor-1] INFO  impl.RoleInfo (RoleInfo.java:shutdownFollowerState(121)) - b5acb6b3-ef2b-41db-9bfa-77a47d0ca582: shutdown b5acb6b3-ef2b-41db-9bfa-77a47d0ca582@group-25EDCEF96557-FollowerState
2025-07-14 15:00:05,962 [grpc-default-executor-1] INFO  impl.RoleInfo (RoleInfo.java:updateAndGet(148)) - b5acb6b3-ef2b-41db-9bfa-77a47d0ca582: start b5acb6b3-ef2b-41db-9bfa-77a47d0ca582@group-25EDCEF96557-FollowerState
2025-07-14 15:00:05,963 [grpc-default-executor-1] INFO  server.RaftServer$Division (RaftServerImpl.java:setFirstElection(576)) - b5acb6b3-ef2b-41db-9bfa-77a47d0ca582@group-25EDCEF96557: set firstElectionSinceStartup to false for candidate:311b5faf-4d73-479d-9d03-a3296c64f810
2025-07-14 15:00:05,963 [b5acb6b3-ef2b-41db-9bfa-77a47d0ca582@group-25EDCEF96557-FollowerState] INFO  impl.FollowerState (FollowerState.java:runImpl(170)) - b5acb6b3-ef2b-41db-9bfa-77a47d0ca582@group-25EDCEF96557-FollowerState was interrupted
2025-07-14 15:00:05,963 [grpc-default-executor-0] INFO  server.RaftServer$Division (RaftServerImpl.java:requestVote(1421)) - 0f2a098c-ed74-48ca-a55f-ceee6161c687@group-25EDCEF96557: receive requestVote(ELECTION, 311b5faf-4d73-479d-9d03-a3296c64f810, group-25EDCEF96557, 1, <PROTO_DEFAULT>)
2025-07-14 15:00:05,964 [grpc-default-executor-0] INFO  impl.VoteContext (VoteContext.java:log(49)) - 0f2a098c-ed74-48ca-a55f-ceee6161c687@group-25EDCEF96557-FOLLOWER: accept ELECTION from 311b5faf-4d73-479d-9d03-a3296c64f810: our priority 0 <= candidate's priority 1
2025-07-14 15:00:05,964 [grpc-default-executor-0] INFO  server.RaftServer$Division (RaftServerImpl.java:setRole(392)) - 0f2a098c-ed74-48ca-a55f-ceee6161c687@group-25EDCEF96557: changes role from  FOLLOWER to FOLLOWER at term 0 for candidate:311b5faf-4d73-479d-9d03-a3296c64f810
2025-07-14 15:00:05,964 [grpc-default-executor-0] INFO  impl.RoleInfo (RoleInfo.java:shutdownFollowerState(121)) - 0f2a098c-ed74-48ca-a55f-ceee6161c687: shutdown 0f2a098c-ed74-48ca-a55f-ceee6161c687@group-25EDCEF96557-FollowerState
2025-07-14 15:00:05,964 [grpc-default-executor-0] INFO  impl.RoleInfo (RoleInfo.java:updateAndGet(148)) - 0f2a098c-ed74-48ca-a55f-ceee6161c687: start 0f2a098c-ed74-48ca-a55f-ceee6161c687@group-25EDCEF96557-FollowerState
2025-07-14 15:00:05,964 [0f2a098c-ed74-48ca-a55f-ceee6161c687@group-25EDCEF96557-FollowerState] INFO  impl.FollowerState (FollowerState.java:runImpl(170)) - 0f2a098c-ed74-48ca-a55f-ceee6161c687@group-25EDCEF96557-FollowerState was interrupted
2025-07-14 15:00:05,964 [grpc-default-executor-0] INFO  server.RaftServer$Division (RaftServerImpl.java:setFirstElection(576)) - 0f2a098c-ed74-48ca-a55f-ceee6161c687@group-25EDCEF96557: set firstElectionSinceStartup to false for candidate:311b5faf-4d73-479d-9d03-a3296c64f810
2025-07-14 15:00:05,966 [grpc-default-executor-0] INFO  server.RaftServer$Division (RaftServerImpl.java:requestVote(1455)) - 0f2a098c-ed74-48ca-a55f-ceee6161c687@group-25EDCEF96557 replies to ELECTION vote request: 311b5faf-4d73-479d-9d03-a3296c64f810<-0f2a098c-ed74-48ca-a55f-ceee6161c687#0:OK-t1-last:<INITIAL_VALUE>. Peer's state: 0f2a098c-ed74-48ca-a55f-ceee6161c687@group-25EDCEF96557:t1, leader=null, voted=311b5faf-4d73-479d-9d03-a3296c64f810, raftlog=Memoized:0f2a098c-ed74-48ca-a55f-ceee6161c687@group-25EDCEF96557-SegmentedRaftLog:OPENED:c-1:lastnull, conf=conf: {index: -1, cur=peers:[0f2a098c-ed74-48ca-a55f-ceee6161c687|127.0.0.1:15023, 311b5faf-4d73-479d-9d03-a3296c64f810|127.0.0.1:15015, b5acb6b3-ef2b-41db-9bfa-77a47d0ca582|127.0.0.1:15031]|listeners:[], old=null}
2025-07-14 15:00:05,967 [EventQueue-PipelineReportForOneReplicaPipelineSafeModeRule] INFO  safemode.SCMSafeModeManager (SCMSafeModeManager.java:validateSafeModeExitRules(138)) - AtleastOneDatanodeReportedRule rule is successfully validated
2025-07-14 15:00:05,967 [grpc-default-executor-1] INFO  server.RaftServer$Division (RaftServerImpl.java:requestVote(1455)) - b5acb6b3-ef2b-41db-9bfa-77a47d0ca582@group-25EDCEF96557 replies to ELECTION vote request: 311b5faf-4d73-479d-9d03-a3296c64f810<-b5acb6b3-ef2b-41db-9bfa-77a47d0ca582#0:OK-t1-last:<INITIAL_VALUE>. Peer's state: b5acb6b3-ef2b-41db-9bfa-77a47d0ca582@group-25EDCEF96557:t1, leader=null, voted=311b5faf-4d73-479d-9d03-a3296c64f810, raftlog=Memoized:b5acb6b3-ef2b-41db-9bfa-77a47d0ca582@group-25EDCEF96557-SegmentedRaftLog:OPENED:c-1:lastnull, conf=conf: {index: -1, cur=peers:[0f2a098c-ed74-48ca-a55f-ceee6161c687|127.0.0.1:15023, 311b5faf-4d73-479d-9d03-a3296c64f810|127.0.0.1:15015, b5acb6b3-ef2b-41db-9bfa-77a47d0ca582|127.0.0.1:15031]|listeners:[], old=null}
2025-07-14 15:00:05,968 [311b5faf-4d73-479d-9d03-a3296c64f810@group-25EDCEF96557-LeaderElection5] INFO  impl.LeaderElection (LeaderElection.java:logAndReturn(206)) - 311b5faf-4d73-479d-9d03-a3296c64f810@group-25EDCEF96557-LeaderElection5: ELECTION PASSED received 1 response(s) and 0 exception(s):
2025-07-14 15:00:05,968 [311b5faf-4d73-479d-9d03-a3296c64f810@group-25EDCEF96557-LeaderElection5] INFO  impl.LeaderElection (LeaderElection.java:logAndReturn(210)) -   Response 0: 311b5faf-4d73-479d-9d03-a3296c64f810<-0f2a098c-ed74-48ca-a55f-ceee6161c687#0:OK-t1-last:<INITIAL_VALUE>
2025-07-14 15:00:05,968 [311b5faf-4d73-479d-9d03-a3296c64f810@group-25EDCEF96557-LeaderElection5] INFO  impl.LeaderElection (LeaderElection.java:askForVotes(450)) - 311b5faf-4d73-479d-9d03-a3296c64f810@group-25EDCEF96557-LeaderElection5 ELECTION round 0: result PASSED
2025-07-14 15:00:05,968 [311b5faf-4d73-479d-9d03-a3296c64f810@group-25EDCEF96557-LeaderElection5] INFO  impl.RoleInfo (RoleInfo.java:shutdownLeaderElection(141)) - 311b5faf-4d73-479d-9d03-a3296c64f810: shutdown 311b5faf-4d73-479d-9d03-a3296c64f810@group-25EDCEF96557-LeaderElection5
2025-07-14 15:00:05,968 [311b5faf-4d73-479d-9d03-a3296c64f810@group-25EDCEF96557-LeaderElection5] INFO  server.RaftServer$Division (RaftServerImpl.java:setRole(392)) - 311b5faf-4d73-479d-9d03-a3296c64f810@group-25EDCEF96557: changes role from CANDIDATE to LEADER at term 1 for changeToLeader
2025-07-14 15:00:05,968 [311b5faf-4d73-479d-9d03-a3296c64f810@group-25EDCEF96557-LeaderElection5] INFO  server.RaftServerConfigKeys (ConfUtils.java:logFallback(69)) - raft.server.staging.timeout = 15600ms (fallback to raft.server.rpc.timeout.max)
2025-07-14 15:00:05,969 [311b5faf-4d73-479d-9d03-a3296c64f810@group-25EDCEF96557-LeaderElection5] INFO  server.RaftServerConfigKeys (ConfUtils.java:logGet(62)) - raft.server.write.byte-limit = 1024 M (=1073741824) (custom)
2025-07-14 15:00:05,977 [311b5faf-4d73-479d-9d03-a3296c64f810@group-25EDCEF96557-LeaderElection5] INFO  server.RaftServerConfigKeys (ConfUtils.java:logGet(62)) - raft.server.log.appender.snapshot.chunk.size.max = 16MB (=16777216) (default)
2025-07-14 15:00:05,977 [311b5faf-4d73-479d-9d03-a3296c64f810@group-25EDCEF96557-LeaderElection5] INFO  server.RaftServerConfigKeys (ConfUtils.java:logGet(62)) - raft.server.log.appender.buffer.byte-limit = 33554432 (custom)
2025-07-14 15:00:05,977 [311b5faf-4d73-479d-9d03-a3296c64f810@group-25EDCEF96557-LeaderElection5] INFO  server.RaftServerConfigKeys (ConfUtils.java:logGet(62)) - raft.server.log.appender.buffer.element-limit = 1024 (custom)
2025-07-14 15:00:05,978 [311b5faf-4d73-479d-9d03-a3296c64f810@group-25EDCEF96557-LeaderElection5] INFO  server.RaftServerConfigKeys (ConfUtils.java:logGet(62)) - raft.server.log.appender.wait-time.min = 0ms (custom)
2025-07-14 15:00:05,979 [311b5faf-4d73-479d-9d03-a3296c64f810@group-25EDCEF96557-LeaderElection5] INFO  grpc.GrpcConfigKeys (ConfUtils.java:logGet(62)) - raft.grpc.server.leader.outstanding.appends.max = 8 (default)
2025-07-14 15:00:05,979 [311b5faf-4d73-479d-9d03-a3296c64f810@group-25EDCEF96557-LeaderElection5] INFO  grpc.GrpcConfigKeys (ConfUtils.java:logGet(62)) - raft.grpc.server.install_snapshot.request.element-limit = 8 (default)
2025-07-14 15:00:05,979 [311b5faf-4d73-479d-9d03-a3296c64f810@group-25EDCEF96557-LeaderElection5] INFO  grpc.GrpcConfigKeys (ConfUtils.java:logGet(62)) - raft.grpc.server.install_snapshot.request.timeout = 3000ms (default)
2025-07-14 15:00:05,979 [311b5faf-4d73-479d-9d03-a3296c64f810@group-25EDCEF96557-LeaderElection5] INFO  grpc.GrpcConfigKeys (ConfUtils.java:logGet(62)) - raft.grpc.server.log-message.batch.duration = 5s (default)
2025-07-14 15:00:05,982 [311b5faf-4d73-479d-9d03-a3296c64f810@group-25EDCEF96557-LeaderElection5] INFO  server.RaftServerConfigKeys (ConfUtils.java:logGet(62)) - raft.server.log.appender.buffer.byte-limit = 33554432 (custom)
2025-07-14 15:00:05,983 [311b5faf-4d73-479d-9d03-a3296c64f810@group-25EDCEF96557-LeaderElection5] INFO  impl.RoleInfo (RoleInfo.java:updateAndGet(148)) - 311b5faf-4d73-479d-9d03-a3296c64f810: start 311b5faf-4d73-479d-9d03-a3296c64f810@group-25EDCEF96557-LeaderStateImpl
2025-07-14 15:00:05,983 [311b5faf-4d73-479d-9d03-a3296c64f810@group-25EDCEF96557-LeaderElection5] INFO  server.RaftServer$Division (RaftServerImpl.java:setFirstElection(576)) - 311b5faf-4d73-479d-9d03-a3296c64f810@group-25EDCEF96557: set firstElectionSinceStartup to false for becomeLeader
2025-07-14 15:00:05,983 [311b5faf-4d73-479d-9d03-a3296c64f810@group-25EDCEF96557-LeaderElection5] INFO  ratis.XceiverServerRatis (XceiverServerRatis.java:handleLeaderChangedNotification(944)) - Leader change notification received for group: group-25EDCEF96557 with new leaderId: 311b5faf-4d73-479d-9d03-a3296c64f810
2025-07-14 15:00:05,983 [311b5faf-4d73-479d-9d03-a3296c64f810@group-25EDCEF96557-LeaderElection5] INFO  server.RaftServer$Division (ServerState.java:setLeader(272)) - 311b5faf-4d73-479d-9d03-a3296c64f810@group-25EDCEF96557: change Leader from null to 311b5faf-4d73-479d-9d03-a3296c64f810 at term 1 for becomeLeader, leader elected after 1215ms
2025-07-14 15:00:05,983 [311b5faf-4d73-479d-9d03-a3296c64f810@group-25EDCEF96557-LeaderElection5] INFO  segmented.SegmentedRaftLogWorker (SegmentedRaftLogWorker.java:startLogSegment(440)) - 311b5faf-4d73-479d-9d03-a3296c64f810@group-25EDCEF96557-SegmentedRaftLogWorker: Starting segment from index:0
2025-07-14 15:00:05,984 [311b5faf-4d73-479d-9d03-a3296c64f810@group-25EDCEF96557-LeaderElection5] INFO  server.RaftServer$Division (ServerState.java:setRaftConf(386)) - 311b5faf-4d73-479d-9d03-a3296c64f810@group-25EDCEF96557: set configuration conf: {index: 0, cur=peers:[0f2a098c-ed74-48ca-a55f-ceee6161c687|127.0.0.1:15023, 311b5faf-4d73-479d-9d03-a3296c64f810|127.0.0.1:15015, b5acb6b3-ef2b-41db-9bfa-77a47d0ca582|127.0.0.1:15031]|listeners:[], old=null}
2025-07-14 15:00:05,984 [311b5faf-4d73-479d-9d03-a3296c64f810@group-25EDCEF96557-SegmentedRaftLogWorker] INFO  segmented.BufferedWriteChannel (BufferedWriteChannel.java:open(61)) - open log_inprogress_0 at position 0
2025-07-14 15:00:05,987 [EventQueue-PipelineReportForOneReplicaPipelineSafeModeRule] INFO  safemode.SCMSafeModeManager (SCMSafeModeManager.java:validateSafeModeExitRules(138)) - AtleastOneDatanodeReportedRule rule is successfully validated
2025-07-14 15:00:05,990 [e9aa665b-a6cb-4a48-961e-4c04ffb0bb5a@group-129182712624-StateMachineUpdater] INFO  safemode.SCMSafeModeManager (SCMSafeModeManager.java:validateSafeModeExitRules(138)) - DataNodeSafeModeRule rule is successfully validated
2025-07-14 15:00:05,990 [e9aa665b-a6cb-4a48-961e-4c04ffb0bb5a@group-129182712624-StateMachineUpdater] INFO  safemode.SCMSafeModeManager (SCMSafeModeManager.java:validateSafeModeExitRules(138)) - RatisContainerSafeModeRule rule is successfully validated
2025-07-14 15:00:05,990 [e9aa665b-a6cb-4a48-961e-4c04ffb0bb5a@group-129182712624-StateMachineUpdater] INFO  safemode.HealthyPipelineSafeModeRule (HealthyPipelineSafeModeRule.java:initializeRule(228)) - Refreshed total pipeline count is 1, healthy pipeline threshold count is 1
2025-07-14 15:00:05,990 [e9aa665b-a6cb-4a48-961e-4c04ffb0bb5a@group-129182712624-StateMachineUpdater] INFO  safemode.SCMSafeModeManager (SCMSafeModeManager.java:validateSafeModeExitRules(138)) - ECContainerSafeModeRule rule is successfully validated
2025-07-14 15:00:05,990 [e9aa665b-a6cb-4a48-961e-4c04ffb0bb5a@group-129182712624-StateMachineUpdater] INFO  safemode.SCMSafeModeManager (SCMSafeModeManager.java:validateSafeModeExitRules(138)) - AtleastOneDatanodeReportedRule rule is successfully validated
2025-07-14 15:00:05,991 [EventQueue-PipelineReportForPipelineReportHandler] INFO  pipeline.PipelineReportHandler (PipelineReportHandler.java:processPipelineReport(134)) - Opened pipeline Pipeline-1f04c3d8-3493-4c0a-ae6a-25edcef96557
2025-07-14 15:00:05,992 [EventQueue-OpenPipelineForHealthyPipelineSafeModeRule] INFO  safemode.SCMSafeModeManager (HealthyPipelineSafeModeRule.java:process(196)) - SCM in safe mode. Healthy pipelines reported count is 1, required healthy pipeline reported count is 1
2025-07-14 15:00:05,992 [EventQueue-OpenPipelineForHealthyPipelineSafeModeRule] INFO  safemode.SCMSafeModeManager (SCMSafeModeManager.java:validateSafeModeExitRules(138)) - HealthyPipelineSafeModeRule rule is successfully validated
2025-07-14 15:00:05,992 [EventQueue-OpenPipelineForHealthyPipelineSafeModeRule] INFO  safemode.SCMSafeModeManager (SCMSafeModeManager.java:validateSafeModeExitRules(158)) - ScmSafeModeManager, all rules are successfully validated
2025-07-14 15:00:05,992 [EventQueue-OpenPipelineForHealthyPipelineSafeModeRule] INFO  safemode.SCMSafeModeManager (SCMSafeModeManager.java:validateSafeModeExitRules(159)) - SCM exiting safe mode.
2025-07-14 15:00:05,992 [EventQueue-OpenPipelineForHealthyPipelineSafeModeRule] INFO  ha.SCMContext (SCMContext.java:updateSafeModeStatus(224)) - Update SafeModeStatus from SafeModeStatus{safeModeStatus=true, preCheckPassed=true} to SafeModeStatus{safeModeStatus=false, preCheckPassed=true}.
2025-07-14 15:00:05,992 [EventQueue-OpenPipelineForHealthyPipelineSafeModeRule] INFO  BackgroundPipelineScrubber (BackgroundSCMService.java:notifyStatusChanged(78)) - Service BackgroundPipelineScrubber transitions to RUNNING.
2025-07-14 15:00:05,992 [EventQueue-OpenPipelineForHealthyPipelineSafeModeRule] INFO  ExpiredContainerReplicaOpScrubber (BackgroundSCMService.java:notifyStatusChanged(78)) - Service ExpiredContainerReplicaOpScrubber transitions to RUNNING.
2025-07-14 15:00:05,992 [EventQueue-OpenPipelineForHealthyPipelineSafeModeRule] INFO  block.SCMBlockDeletingService (SCMBlockDeletingService.java:notifyStatusChanged(265)) - notifyStatusChanged:RUNNING
2025-07-14 15:00:05,992 [EventQueue-OpenPipelineForHealthyPipelineSafeModeRule] INFO  replication.ReplicationManager (ReplicationManager.java:notifyStatusChanged(1387)) - Service ReplicationManager transitions to RUNNING.
2025-07-14 15:00:05,999 [EventQueue-OpenPipelineForHealthyPipelineSafeModeRule] WARN  balancer.ContainerBalancer (ContainerBalancer.java:shouldRun(136)) - Could not find persisted configuration for ContainerBalancer when checking if ContainerBalancer should run. ContainerBalancer should not run now.
2025-07-14 15:00:05,999 [EventQueue-OpenPipelineForHealthyPipelineSafeModeRule] INFO  SCMHATransactionMonitor (BackgroundSCMService.java:notifyStatusChanged(78)) - Service SCMHATransactionMonitor transitions to RUNNING.
2025-07-14 15:00:06,001 [311b5faf-4d73-479d-9d03-a3296c64f810@group-25EDCEF96557-SegmentedRaftLogWorker] INFO  segmented.SegmentedRaftLogWorker (SegmentedRaftLogWorker.java:execute(647)) - 311b5faf-4d73-479d-9d03-a3296c64f810@group-25EDCEF96557-SegmentedRaftLogWorker: created new log segment /home/runner/work/ozone/ozone/hadoop-ozone/integration-test/target/test-dir/MiniOzoneClusterImpl-aaa7dc72-7fbf-48e0-acc5-129182712624/ozone-meta/datanode-1/ratis/1f04c3d8-3493-4c0a-ae6a-25edcef96557/current/log_inprogress_0
2025-07-14 15:00:06,007 [grpc-default-executor-1] INFO  ratis.XceiverServerRatis (XceiverServerRatis.java:handleLeaderChangedNotification(944)) - Leader change notification received for group: group-25EDCEF96557 with new leaderId: 311b5faf-4d73-479d-9d03-a3296c64f810
2025-07-14 15:00:06,007 [grpc-default-executor-1] INFO  server.RaftServer$Division (ServerState.java:setLeader(272)) - 0f2a098c-ed74-48ca-a55f-ceee6161c687@group-25EDCEF96557: change Leader from null to 311b5faf-4d73-479d-9d03-a3296c64f810 at term 1 for appendEntries, leader elected after 991ms
2025-07-14 15:00:06,007 [grpc-default-executor-3] INFO  ratis.XceiverServerRatis (XceiverServerRatis.java:handleLeaderChangedNotification(944)) - Leader change notification received for group: group-25EDCEF96557 with new leaderId: 311b5faf-4d73-479d-9d03-a3296c64f810
2025-07-14 15:00:06,008 [grpc-default-executor-3] INFO  server.RaftServer$Division (ServerState.java:setLeader(272)) - b5acb6b3-ef2b-41db-9bfa-77a47d0ca582@group-25EDCEF96557: change Leader from null to 311b5faf-4d73-479d-9d03-a3296c64f810 at term 1 for appendEntries, leader elected after 897ms
2025-07-14 15:00:06,012 [grpc-default-executor-2] INFO  server.RaftServer$Division (ServerState.java:setRaftConf(386)) - b5acb6b3-ef2b-41db-9bfa-77a47d0ca582@group-25EDCEF96557: set configuration conf: {index: 0, cur=peers:[0f2a098c-ed74-48ca-a55f-ceee6161c687|127.0.0.1:15023, 311b5faf-4d73-479d-9d03-a3296c64f810|127.0.0.1:15015, b5acb6b3-ef2b-41db-9bfa-77a47d0ca582|127.0.0.1:15031]|listeners:[], old=null}
2025-07-14 15:00:06,015 [grpc-default-executor-3] INFO  server.RaftServer$Division (ServerState.java:setRaftConf(386)) - 0f2a098c-ed74-48ca-a55f-ceee6161c687@group-25EDCEF96557: set configuration conf: {index: 0, cur=peers:[0f2a098c-ed74-48ca-a55f-ceee6161c687|127.0.0.1:15023, 311b5faf-4d73-479d-9d03-a3296c64f810|127.0.0.1:15015, b5acb6b3-ef2b-41db-9bfa-77a47d0ca582|127.0.0.1:15031]|listeners:[], old=null}
2025-07-14 15:00:06,017 [grpc-default-executor-3] INFO  segmented.SegmentedRaftLogWorker (SegmentedRaftLogWorker.java:startLogSegment(440)) - 0f2a098c-ed74-48ca-a55f-ceee6161c687@group-25EDCEF96557-SegmentedRaftLogWorker: Starting segment from index:0
2025-07-14 15:00:06,017 [0f2a098c-ed74-48ca-a55f-ceee6161c687@group-25EDCEF96557-SegmentedRaftLogWorker] INFO  segmented.BufferedWriteChannel (BufferedWriteChannel.java:open(61)) - open log_inprogress_0 at position 0
2025-07-14 15:00:06,018 [grpc-default-executor-2] INFO  segmented.SegmentedRaftLogWorker (SegmentedRaftLogWorker.java:startLogSegment(440)) - b5acb6b3-ef2b-41db-9bfa-77a47d0ca582@group-25EDCEF96557-SegmentedRaftLogWorker: Starting segment from index:0
2025-07-14 15:00:06,020 [b5acb6b3-ef2b-41db-9bfa-77a47d0ca582@group-25EDCEF96557-SegmentedRaftLogWorker] INFO  segmented.BufferedWriteChannel (BufferedWriteChannel.java:open(61)) - open log_inprogress_0 at position 0
2025-07-14 15:00:06,038 [0f2a098c-ed74-48ca-a55f-ceee6161c687@group-25EDCEF96557-SegmentedRaftLogWorker] INFO  segmented.SegmentedRaftLogWorker (SegmentedRaftLogWorker.java:execute(647)) - 0f2a098c-ed74-48ca-a55f-ceee6161c687@group-25EDCEF96557-SegmentedRaftLogWorker: created new log segment /home/runner/work/ozone/ozone/hadoop-ozone/integration-test/target/test-dir/MiniOzoneClusterImpl-aaa7dc72-7fbf-48e0-acc5-129182712624/ozone-meta/datanode-2/ratis/1f04c3d8-3493-4c0a-ae6a-25edcef96557/current/log_inprogress_0
2025-07-14 15:00:06,039 [b5acb6b3-ef2b-41db-9bfa-77a47d0ca582@group-25EDCEF96557-SegmentedRaftLogWorker] INFO  segmented.SegmentedRaftLogWorker (SegmentedRaftLogWorker.java:execute(647)) - b5acb6b3-ef2b-41db-9bfa-77a47d0ca582@group-25EDCEF96557-SegmentedRaftLogWorker: created new log segment /home/runner/work/ozone/ozone/hadoop-ozone/integration-test/target/test-dir/MiniOzoneClusterImpl-aaa7dc72-7fbf-48e0-acc5-129182712624/ozone-meta/datanode-3/ratis/1f04c3d8-3493-4c0a-ae6a-25edcef96557/current/log_inprogress_0
2025-07-14 15:00:06,044 [311b5faf-4d73-479d-9d03-a3296c64f810@group-25EDCEF96557-StateMachineUpdater] INFO  server.RaftServer$Division (LeaderStateImpl.java:checkStartIndex(309)) - Leader 311b5faf-4d73-479d-9d03-a3296c64f810@group-25EDCEF96557-LeaderStateImpl is ready since appliedIndex == startIndex == 0
2025-07-14 15:00:06,044 [311b5faf-4d73-479d-9d03-a3296c64f810@group-25EDCEF96557-StateMachineUpdater] INFO  ratis.ContainerStateMachine (ContainerStateMachine.java:takeSnapshot(427)) - group-25EDCEF96557: Taking a snapshot at:(t:1, i:0) file /home/runner/work/ozone/ozone/hadoop-ozone/integration-test/target/test-dir/MiniOzoneClusterImpl-aaa7dc72-7fbf-48e0-acc5-129182712624/ozone-meta/datanode-1/ratis/1f04c3d8-3493-4c0a-ae6a-25edcef96557/sm/snapshot.1_0
2025-07-14 15:00:06,044 [311b5faf-4d73-479d-9d03-a3296c64f810@group-25EDCEF96557-StateMachineUpdater] INFO  ratis.ContainerStateMachine (ContainerStateMachine.java:takeSnapshot(436)) - group-25EDCEF96557: Finished taking a snapshot at:(t:1, i:0) file:/home/runner/work/ozone/ozone/hadoop-ozone/integration-test/target/test-dir/MiniOzoneClusterImpl-aaa7dc72-7fbf-48e0-acc5-129182712624/ozone-meta/datanode-1/ratis/1f04c3d8-3493-4c0a-ae6a-25edcef96557/sm/snapshot.1_0 took: 1 ms
2025-07-14 15:00:06,045 [311b5faf-4d73-479d-9d03-a3296c64f810@group-25EDCEF96557-StateMachineUpdater] INFO  impl.StateMachineUpdater (StateMachineUpdater.java:takeSnapshot(307)) - 311b5faf-4d73-479d-9d03-a3296c64f810@group-25EDCEF96557-StateMachineUpdater: Took a snapshot at index 0
2025-07-14 15:00:06,045 [311b5faf-4d73-479d-9d03-a3296c64f810@group-25EDCEF96557-StateMachineUpdater] INFO  impl.StateMachineUpdater (StateMachineUpdater.java:lambda$new$0(101)) - 311b5faf-4d73-479d-9d03-a3296c64f810@group-25EDCEF96557-StateMachineUpdater: snapshotIndex: updateIncreasingly -1 -> 0
2025-07-14 15:00:06,047 [52f0bf1a-a22c-4dfc-83f0-dd23f5b60a86-PipelineCommandHandlerThread-0] INFO  server.RaftServer (RaftServerProxy.java:addNew(105)) - 52f0bf1a-a22c-4dfc-83f0-dd23f5b60a86: addNew group-2F337A05641A:[52f0bf1a-a22c-4dfc-83f0-dd23f5b60a86|127.0.0.1:15055] returns group-2F337A05641A:java.util.concurrent.CompletableFuture@d7fa84c[Not completed]
2025-07-14 15:00:06,049 [52f0bf1a-a22c-4dfc-83f0-dd23f5b60a86-groupManagement] INFO  server.RaftServer$Division (RaftServerImpl.java:<init>(268)) - 52f0bf1a-a22c-4dfc-83f0-dd23f5b60a86: new RaftServerImpl for group-2F337A05641A:[52f0bf1a-a22c-4dfc-83f0-dd23f5b60a86|127.0.0.1:15055] with ContainerStateMachine:uninitialized
2025-07-14 15:00:06,049 [52f0bf1a-a22c-4dfc-83f0-dd23f5b60a86-groupManagement] INFO  server.RaftServer$Division (ServerState.java:<init>(114)) - 52f0bf1a-a22c-4dfc-83f0-dd23f5b60a86@group-2F337A05641A: ConfigurationManager, init=conf: {index: -1, cur=peers:[52f0bf1a-a22c-4dfc-83f0-dd23f5b60a86|127.0.0.1:15055]|listeners:[], old=null}, confs=<EMPTY_MAP>
2025-07-14 15:00:06,054 [52f0bf1a-a22c-4dfc-83f0-dd23f5b60a86-groupManagement] INFO  server.RaftServerConfigKeys (ConfUtils.java:logGet(62)) - raft.server.storage.dir = [/home/runner/work/ozone/ozone/hadoop-ozone/integration-test/target/test-dir/MiniOzoneClusterImpl-aaa7dc72-7fbf-48e0-acc5-129182712624/ozone-meta/datanode-6/ratis] (custom)
2025-07-14 15:00:06,054 [52f0bf1a-a22c-4dfc-83f0-dd23f5b60a86-groupManagement] INFO  storage.RaftStorageDirectory (RaftStorageDirectoryImpl.java:analyzeStorage(138)) - The storage directory /home/runner/work/ozone/ozone/hadoop-ozone/integration-test/target/test-dir/MiniOzoneClusterImpl-aaa7dc72-7fbf-48e0-acc5-129182712624/ozone-meta/datanode-6/ratis/ca12a5eb-3b33-4a0a-8a4c-2f337a05641a does not exist. Creating ...
2025-07-14 15:00:06,056 [52f0bf1a-a22c-4dfc-83f0-dd23f5b60a86-groupManagement] INFO  storage.RaftStorageDirectory (RaftStorageDirectoryImpl.java:tryLock(229)) - Lock on /home/runner/work/ozone/ozone/hadoop-ozone/integration-test/target/test-dir/MiniOzoneClusterImpl-aaa7dc72-7fbf-48e0-acc5-129182712624/ozone-meta/datanode-6/ratis/ca12a5eb-3b33-4a0a-8a4c-2f337a05641a/in_use.lock acquired by nodename 18082@localhost
2025-07-14 15:00:06,057 [52f0bf1a-a22c-4dfc-83f0-dd23f5b60a86-groupManagement] INFO  storage.RaftStorage (RaftStorageImpl.java:format(98)) - Storage directory /home/runner/work/ozone/ozone/hadoop-ozone/integration-test/target/test-dir/MiniOzoneClusterImpl-aaa7dc72-7fbf-48e0-acc5-129182712624/ozone-meta/datanode-6/ratis/ca12a5eb-3b33-4a0a-8a4c-2f337a05641a has been successfully formatted.
2025-07-14 15:00:06,057 [52f0bf1a-a22c-4dfc-83f0-dd23f5b60a86-groupManagement] INFO  ratis.ContainerStateMachine (ContainerStateMachine.java:initialize(339)) - 52f0bf1a-a22c-4dfc-83f0-dd23f5b60a86: initialize group-2F337A05641A
2025-07-14 15:00:06,057 [52f0bf1a-a22c-4dfc-83f0-dd23f5b60a86-groupManagement] INFO  ratis.ContainerStateMachine (ContainerStateMachine.java:loadSnapshot(347)) - group-2F337A05641A: The snapshot info is null. Setting the last applied index to:<INITIAL_VALUE>
2025-07-14 15:00:06,057 [52f0bf1a-a22c-4dfc-83f0-dd23f5b60a86-groupManagement] INFO  server.RaftServerConfigKeys (ConfUtils.java:logGet(62)) - raft.server.log.appender.buffer.byte-limit = 33554432 (custom)
2025-07-14 15:00:06,061 [52f0bf1a-a22c-4dfc-83f0-dd23f5b60a86-groupManagement] INFO  server.RaftServerConfigKeys (ConfUtils.java:logGet(62)) - raft.server.log.segment.size.max = 67108864 (custom)
2025-07-14 15:00:06,062 [52f0bf1a-a22c-4dfc-83f0-dd23f5b60a86-groupManagement] INFO  server.RaftServerConfigKeys (ConfUtils.java:logGet(62)) - raft.server.log.appender.buffer.byte-limit = 33554432 (custom)
2025-07-14 15:00:06,063 [52f0bf1a-a22c-4dfc-83f0-dd23f5b60a86-groupManagement] INFO  util.AwaitToRun (AwaitToRun.java:start(81)) - Thread[#1315,52f0bf1a-a22c-4dfc-83f0-dd23f5b60a86@group-2F337A05641A-cacheEviction-AwaitToRun,5,main] started
2025-07-14 15:00:06,063 [52f0bf1a-a22c-4dfc-83f0-dd23f5b60a86-groupManagement] INFO  segmented.SegmentedRaftLogWorker (SegmentedRaftLogWorker.java:<init>(190)) - new 52f0bf1a-a22c-4dfc-83f0-dd23f5b60a86@group-2F337A05641A-SegmentedRaftLogWorker for RaftStorageImpl:Storage Directory /home/runner/work/ozone/ozone/hadoop-ozone/integration-test/target/test-dir/MiniOzoneClusterImpl-aaa7dc72-7fbf-48e0-acc5-129182712624/ozone-meta/datanode-6/ratis/ca12a5eb-3b33-4a0a-8a4c-2f337a05641a
2025-07-14 15:00:06,063 [52f0bf1a-a22c-4dfc-83f0-dd23f5b60a86-groupManagement] INFO  server.RaftServerConfigKeys (ConfUtils.java:logGet(62)) - raft.server.log.queue.byte-limit = 4294967296 (custom)
2025-07-14 15:00:06,063 [52f0bf1a-a22c-4dfc-83f0-dd23f5b60a86-groupManagement] INFO  server.RaftServerConfigKeys (ConfUtils.java:logGet(62)) - raft.server.log.segment.size.max = 67108864 (custom)
2025-07-14 15:00:06,063 [52f0bf1a-a22c-4dfc-83f0-dd23f5b60a86-groupManagement] INFO  server.RaftServerConfigKeys (ConfUtils.java:logGet(62)) - raft.server.log.preallocated.size = 4194304 (custom)
2025-07-14 15:00:06,064 [52f0bf1a-a22c-4dfc-83f0-dd23f5b60a86-groupManagement] INFO  server.RaftServerConfigKeys (ConfUtils.java:logGet(62)) - raft.server.log.write.buffer.size = 33554440 (custom)
2025-07-14 15:00:06,064 [EventQueue-PipelineReportForPipelineReportHandler] INFO  pipeline.PipelineReportHandler (PipelineReportHandler.java:processPipelineReport(134)) - Opened pipeline Pipeline-ca12a5eb-3b33-4a0a-8a4c-2f337a05641a
2025-07-14 15:00:06,069 [52f0bf1a-a22c-4dfc-83f0-dd23f5b60a86-groupManagement] INFO  server.RaftServerConfigKeys (ConfUtils.java:logGet(62)) - raft.server.log.appender.buffer.byte-limit = 33554432 (custom)
2025-07-14 15:00:06,069 [52f0bf1a-a22c-4dfc-83f0-dd23f5b60a86-groupManagement] INFO  segmented.SegmentedRaftLogWorker (SegmentedRaftLogWorker.java:lambda$new$0(141)) - 52f0bf1a-a22c-4dfc-83f0-dd23f5b60a86@group-2F337A05641A-SegmentedRaftLogWorker: flushIndex: setUnconditionally 0 -> -1
2025-07-14 15:00:06,069 [52f0bf1a-a22c-4dfc-83f0-dd23f5b60a86-groupManagement] INFO  segmented.SegmentedRaftLogWorker (SegmentedRaftLogWorker.java:lambda$new$0(141)) - 52f0bf1a-a22c-4dfc-83f0-dd23f5b60a86@group-2F337A05641A-SegmentedRaftLogWorker: safeCacheEvictIndex: setUnconditionally 0 -> -1
2025-07-14 15:00:06,070 [52f0bf1a-a22c-4dfc-83f0-dd23f5b60a86-groupManagement] INFO  server.RaftServer$Division (RaftServerImpl.java:start(405)) - 52f0bf1a-a22c-4dfc-83f0-dd23f5b60a86@group-2F337A05641A: start as a follower, conf=conf: {index: -1, cur=peers:[52f0bf1a-a22c-4dfc-83f0-dd23f5b60a86|127.0.0.1:15055]|listeners:[], old=null}
2025-07-14 15:00:06,070 [52f0bf1a-a22c-4dfc-83f0-dd23f5b60a86-groupManagement] INFO  server.RaftServer$Division (RaftServerImpl.java:setRole(392)) - 52f0bf1a-a22c-4dfc-83f0-dd23f5b60a86@group-2F337A05641A: changes role from      null to FOLLOWER at term 0 for startAsFollower
2025-07-14 15:00:06,070 [52f0bf1a-a22c-4dfc-83f0-dd23f5b60a86-groupManagement] INFO  impl.RoleInfo (RoleInfo.java:updateAndGet(148)) - 52f0bf1a-a22c-4dfc-83f0-dd23f5b60a86: start 52f0bf1a-a22c-4dfc-83f0-dd23f5b60a86@group-2F337A05641A-FollowerState
2025-07-14 15:00:06,071 [52f0bf1a-a22c-4dfc-83f0-dd23f5b60a86-groupManagement] INFO  util.JmxRegister (JmxRegister.java:tryRegister(44)) - Successfully registered JMX Bean with object name Ratis:service=RaftServer,group=group-2F337A05641A,id=52f0bf1a-a22c-4dfc-83f0-dd23f5b60a86
2025-07-14 15:00:06,071 [52f0bf1a-a22c-4dfc-83f0-dd23f5b60a86-groupManagement] INFO  util.JmxRegister (JmxRegister.java:register(58)) - register mxBean class org.apache.ratis.server.impl.RaftServerJmxAdapter as Ratis:service=RaftServer,group=group-2F337A05641A,id=52f0bf1a-a22c-4dfc-83f0-dd23f5b60a86
2025-07-14 15:00:06,071 [52f0bf1a-a22c-4dfc-83f0-dd23f5b60a86-groupManagement] INFO  server.RaftServer$Division (RaftServerImpl.java:start(419)) - 52f0bf1a-a22c-4dfc-83f0-dd23f5b60a86@group-2F337A05641A: Successfully started.
2025-07-14 15:00:06,072 [52f0bf1a-a22c-4dfc-83f0-dd23f5b60a86-PipelineCommandHandlerThread-0] INFO  ratis.XceiverServerRatis (XceiverServerRatis.java:addGroup(843)) - Created group Pipeline-ca12a5eb-3b33-4a0a-8a4c-2f337a05641a
2025-07-14 15:00:06,072 [52f0bf1a-a22c-4dfc-83f0-dd23f5b60a86-PipelineCommandHandlerThread-0] INFO  commandhandler.CreatePipelineCommandHandler (CreatePipelineCommandHandler.java:lambda$handle$2(127)) - Created Pipeline RATIS ONE Pipeline-ca12a5eb-3b33-4a0a-8a4c-2f337a05641a.
2025-07-14 15:00:06,176 [0f2a098c-ed74-48ca-a55f-ceee6161c687@group-9154C3440BB2-FollowerState] INFO  impl.FollowerState (FollowerState.java:runImpl(161)) - 0f2a098c-ed74-48ca-a55f-ceee6161c687@group-9154C3440BB2-FollowerState: change to CANDIDATE, lastRpcElapsedTime:1164697288ns, electionTimeout:1164ms
2025-07-14 15:00:06,176 [0f2a098c-ed74-48ca-a55f-ceee6161c687@group-9154C3440BB2-FollowerState] INFO  impl.RoleInfo (RoleInfo.java:shutdownFollowerState(121)) - 0f2a098c-ed74-48ca-a55f-ceee6161c687: shutdown 0f2a098c-ed74-48ca-a55f-ceee6161c687@group-9154C3440BB2-FollowerState
2025-07-14 15:00:06,176 [0f2a098c-ed74-48ca-a55f-ceee6161c687@group-9154C3440BB2-FollowerState] INFO  server.RaftServer$Division (RaftServerImpl.java:setRole(392)) - 0f2a098c-ed74-48ca-a55f-ceee6161c687@group-9154C3440BB2: changes role from  FOLLOWER to CANDIDATE at term 0 for changeToCandidate
2025-07-14 15:00:06,176 [0f2a098c-ed74-48ca-a55f-ceee6161c687@group-9154C3440BB2-FollowerState] INFO  impl.RoleInfo (RoleInfo.java:updateAndGet(148)) - 0f2a098c-ed74-48ca-a55f-ceee6161c687: start 0f2a098c-ed74-48ca-a55f-ceee6161c687@group-9154C3440BB2-LeaderElection6
2025-07-14 15:00:06,176 [0f2a098c-ed74-48ca-a55f-ceee6161c687@group-9154C3440BB2-LeaderElection6] INFO  impl.LeaderElection (LeaderElection.java:askForVotes(448)) - 0f2a098c-ed74-48ca-a55f-ceee6161c687@group-9154C3440BB2-LeaderElection6 PRE_VOTE round 0: submit vote requests at term 0 for conf: {index: -1, cur=peers:[0f2a098c-ed74-48ca-a55f-ceee6161c687|127.0.0.1:15023]|listeners:[], old=null}
2025-07-14 15:00:06,177 [0f2a098c-ed74-48ca-a55f-ceee6161c687@group-9154C3440BB2-LeaderElection6] INFO  impl.LeaderElection (LeaderElection.java:askForVotes(450)) - 0f2a098c-ed74-48ca-a55f-ceee6161c687@group-9154C3440BB2-LeaderElection6 PRE_VOTE round 0: result PASSED (term=0)
2025-07-14 15:00:06,178 [0f2a098c-ed74-48ca-a55f-ceee6161c687@group-9154C3440BB2-LeaderElection6] INFO  impl.LeaderElection (LeaderElection.java:askForVotes(448)) - 0f2a098c-ed74-48ca-a55f-ceee6161c687@group-9154C3440BB2-LeaderElection6 ELECTION round 0: submit vote requests at term 1 for conf: {index: -1, cur=peers:[0f2a098c-ed74-48ca-a55f-ceee6161c687|127.0.0.1:15023]|listeners:[], old=null}
2025-07-14 15:00:06,178 [0f2a098c-ed74-48ca-a55f-ceee6161c687@group-9154C3440BB2-LeaderElection6] INFO  impl.LeaderElection (LeaderElection.java:askForVotes(450)) - 0f2a098c-ed74-48ca-a55f-ceee6161c687@group-9154C3440BB2-LeaderElection6 ELECTION round 0: result PASSED (term=1)
2025-07-14 15:00:06,178 [0f2a098c-ed74-48ca-a55f-ceee6161c687@group-9154C3440BB2-LeaderElection6] INFO  impl.RoleInfo (RoleInfo.java:shutdownLeaderElection(141)) - 0f2a098c-ed74-48ca-a55f-ceee6161c687: shutdown 0f2a098c-ed74-48ca-a55f-ceee6161c687@group-9154C3440BB2-LeaderElection6
2025-07-14 15:00:06,179 [0f2a098c-ed74-48ca-a55f-ceee6161c687@group-9154C3440BB2-LeaderElection6] INFO  server.RaftServer$Division (RaftServerImpl.java:setRole(392)) - 0f2a098c-ed74-48ca-a55f-ceee6161c687@group-9154C3440BB2: changes role from CANDIDATE to LEADER at term 1 for changeToLeader
2025-07-14 15:00:06,179 [0f2a098c-ed74-48ca-a55f-ceee6161c687@group-9154C3440BB2-LeaderElection6] INFO  server.RaftServerConfigKeys (ConfUtils.java:logFallback(69)) - raft.server.staging.timeout = 15600ms (fallback to raft.server.rpc.timeout.max)
2025-07-14 15:00:06,179 [0f2a098c-ed74-48ca-a55f-ceee6161c687@group-9154C3440BB2-LeaderElection6] INFO  server.RaftServerConfigKeys (ConfUtils.java:logGet(62)) - raft.server.write.byte-limit = 1024 M (=1073741824) (custom)
2025-07-14 15:00:06,180 [0f2a098c-ed74-48ca-a55f-ceee6161c687@group-9154C3440BB2-LeaderElection6] INFO  impl.RoleInfo (RoleInfo.java:updateAndGet(148)) - 0f2a098c-ed74-48ca-a55f-ceee6161c687: start 0f2a098c-ed74-48ca-a55f-ceee6161c687@group-9154C3440BB2-LeaderStateImpl
2025-07-14 15:00:06,180 [0f2a098c-ed74-48ca-a55f-ceee6161c687@group-9154C3440BB2-LeaderElection6] INFO  server.RaftServer$Division (RaftServerImpl.java:setFirstElection(576)) - 0f2a098c-ed74-48ca-a55f-ceee6161c687@group-9154C3440BB2: set firstElectionSinceStartup to false for becomeLeader
2025-07-14 15:00:06,180 [0f2a098c-ed74-48ca-a55f-ceee6161c687@group-9154C3440BB2-LeaderElection6] INFO  ratis.XceiverServerRatis (XceiverServerRatis.java:handleLeaderChangedNotification(944)) - Leader change notification received for group: group-9154C3440BB2 with new leaderId: 0f2a098c-ed74-48ca-a55f-ceee6161c687
2025-07-14 15:00:06,180 [0f2a098c-ed74-48ca-a55f-ceee6161c687@group-9154C3440BB2-LeaderElection6] INFO  server.RaftServer$Division (ServerState.java:setLeader(272)) - 0f2a098c-ed74-48ca-a55f-ceee6161c687@group-9154C3440BB2: change Leader from null to 0f2a098c-ed74-48ca-a55f-ceee6161c687 at term 1 for becomeLeader, leader elected after 1210ms
2025-07-14 15:00:06,180 [0f2a098c-ed74-48ca-a55f-ceee6161c687@group-9154C3440BB2-LeaderElection6] INFO  segmented.SegmentedRaftLogWorker (SegmentedRaftLogWorker.java:startLogSegment(440)) - 0f2a098c-ed74-48ca-a55f-ceee6161c687@group-9154C3440BB2-SegmentedRaftLogWorker: Starting segment from index:0
2025-07-14 15:00:06,181 [0f2a098c-ed74-48ca-a55f-ceee6161c687@group-9154C3440BB2-SegmentedRaftLogWorker] INFO  segmented.BufferedWriteChannel (BufferedWriteChannel.java:open(61)) - open log_inprogress_0 at position 0
2025-07-14 15:00:06,182 [0f2a098c-ed74-48ca-a55f-ceee6161c687@group-9154C3440BB2-LeaderElection6] INFO  server.RaftServer$Division (ServerState.java:setRaftConf(386)) - 0f2a098c-ed74-48ca-a55f-ceee6161c687@group-9154C3440BB2: set configuration conf: {index: 0, cur=peers:[0f2a098c-ed74-48ca-a55f-ceee6161c687|127.0.0.1:15023]|listeners:[], old=null}
2025-07-14 15:00:06,189 [0f2a098c-ed74-48ca-a55f-ceee6161c687@group-9154C3440BB2-SegmentedRaftLogWorker] INFO  segmented.SegmentedRaftLogWorker (SegmentedRaftLogWorker.java:execute(647)) - 0f2a098c-ed74-48ca-a55f-ceee6161c687@group-9154C3440BB2-SegmentedRaftLogWorker: created new log segment /home/runner/work/ozone/ozone/hadoop-ozone/integration-test/target/test-dir/MiniOzoneClusterImpl-aaa7dc72-7fbf-48e0-acc5-129182712624/ozone-meta/datanode-2/ratis/46be4211-4322-4319-944a-9154c3440bb2/current/log_inprogress_0
2025-07-14 15:00:06,190 [0f2a098c-ed74-48ca-a55f-ceee6161c687@group-9154C3440BB2-StateMachineUpdater] INFO  server.RaftServer$Division (LeaderStateImpl.java:checkStartIndex(309)) - Leader 0f2a098c-ed74-48ca-a55f-ceee6161c687@group-9154C3440BB2-LeaderStateImpl is ready since appliedIndex == startIndex == 0
2025-07-14 15:00:06,191 [0f2a098c-ed74-48ca-a55f-ceee6161c687@group-9154C3440BB2-StateMachineUpdater] INFO  ratis.ContainerStateMachine (ContainerStateMachine.java:takeSnapshot(427)) - group-9154C3440BB2: Taking a snapshot at:(t:1, i:0) file /home/runner/work/ozone/ozone/hadoop-ozone/integration-test/target/test-dir/MiniOzoneClusterImpl-aaa7dc72-7fbf-48e0-acc5-129182712624/ozone-meta/datanode-2/ratis/46be4211-4322-4319-944a-9154c3440bb2/sm/snapshot.1_0
2025-07-14 15:00:06,191 [0f2a098c-ed74-48ca-a55f-ceee6161c687@group-9154C3440BB2-StateMachineUpdater] INFO  ratis.ContainerStateMachine (ContainerStateMachine.java:takeSnapshot(436)) - group-9154C3440BB2: Finished taking a snapshot at:(t:1, i:0) file:/home/runner/work/ozone/ozone/hadoop-ozone/integration-test/target/test-dir/MiniOzoneClusterImpl-aaa7dc72-7fbf-48e0-acc5-129182712624/ozone-meta/datanode-2/ratis/46be4211-4322-4319-944a-9154c3440bb2/sm/snapshot.1_0 took: 1 ms
2025-07-14 15:00:06,191 [0f2a098c-ed74-48ca-a55f-ceee6161c687@group-9154C3440BB2-StateMachineUpdater] INFO  impl.StateMachineUpdater (StateMachineUpdater.java:takeSnapshot(307)) - 0f2a098c-ed74-48ca-a55f-ceee6161c687@group-9154C3440BB2-StateMachineUpdater: Took a snapshot at index 0
2025-07-14 15:00:06,191 [0f2a098c-ed74-48ca-a55f-ceee6161c687@group-9154C3440BB2-StateMachineUpdater] INFO  impl.StateMachineUpdater (StateMachineUpdater.java:lambda$new$0(101)) - 0f2a098c-ed74-48ca-a55f-ceee6161c687@group-9154C3440BB2-StateMachineUpdater: snapshotIndex: updateIncreasingly -1 -> 0
2025-07-14 15:00:06,302 [0f2a098c-ed74-48ca-a55f-ceee6161c687@group-A15D2AD9FF5A-FollowerState] INFO  impl.FollowerState (FollowerState.java:runImpl(161)) - 0f2a098c-ed74-48ca-a55f-ceee6161c687@group-A15D2AD9FF5A-FollowerState: change to CANDIDATE, lastRpcElapsedTime:1079511428ns, electionTimeout:1079ms
2025-07-14 15:00:06,302 [0f2a098c-ed74-48ca-a55f-ceee6161c687@group-A15D2AD9FF5A-FollowerState] INFO  impl.RoleInfo (RoleInfo.java:shutdownFollowerState(121)) - 0f2a098c-ed74-48ca-a55f-ceee6161c687: shutdown 0f2a098c-ed74-48ca-a55f-ceee6161c687@group-A15D2AD9FF5A-FollowerState
2025-07-14 15:00:06,302 [0f2a098c-ed74-48ca-a55f-ceee6161c687@group-A15D2AD9FF5A-FollowerState] INFO  server.RaftServer$Division (RaftServerImpl.java:setRole(392)) - 0f2a098c-ed74-48ca-a55f-ceee6161c687@group-A15D2AD9FF5A: changes role from  FOLLOWER to CANDIDATE at term 0 for changeToCandidate
2025-07-14 15:00:06,302 [0f2a098c-ed74-48ca-a55f-ceee6161c687@group-A15D2AD9FF5A-FollowerState] INFO  impl.RoleInfo (RoleInfo.java:updateAndGet(148)) - 0f2a098c-ed74-48ca-a55f-ceee6161c687: start 0f2a098c-ed74-48ca-a55f-ceee6161c687@group-A15D2AD9FF5A-LeaderElection7
2025-07-14 15:00:06,302 [0f2a098c-ed74-48ca-a55f-ceee6161c687@group-A15D2AD9FF5A-LeaderElection7] INFO  impl.LeaderElection (LeaderElection.java:askForVotes(448)) - 0f2a098c-ed74-48ca-a55f-ceee6161c687@group-A15D2AD9FF5A-LeaderElection7 PRE_VOTE round 0: submit vote requests at term 0 for conf: {index: -1, cur=peers:[0f2a098c-ed74-48ca-a55f-ceee6161c687|127.0.0.1:15023, 311b5faf-4d73-479d-9d03-a3296c64f810|127.0.0.1:15015, b5acb6b3-ef2b-41db-9bfa-77a47d0ca582|127.0.0.1:15031]|listeners:[], old=null}
2025-07-14 15:00:06,303 [0f2a098c-ed74-48ca-a55f-ceee6161c687@group-A15D2AD9FF5A-LeaderElection7-1] INFO  server.GrpcServerProtocolClient (GrpcServerProtocolClient.java:<init>(65)) - Build channel for 311b5faf-4d73-479d-9d03-a3296c64f810|127.0.0.1:15015
2025-07-14 15:00:06,303 [0f2a098c-ed74-48ca-a55f-ceee6161c687@group-A15D2AD9FF5A-LeaderElection7-2] INFO  server.GrpcServerProtocolClient (GrpcServerProtocolClient.java:<init>(65)) - Build channel for b5acb6b3-ef2b-41db-9bfa-77a47d0ca582|127.0.0.1:15031
2025-07-14 15:00:06,308 [grpc-default-executor-1] INFO  server.RaftServer$Division (RaftServerImpl.java:requestVote(1421)) - b5acb6b3-ef2b-41db-9bfa-77a47d0ca582@group-A15D2AD9FF5A: receive requestVote(PRE_VOTE, 0f2a098c-ed74-48ca-a55f-ceee6161c687, group-A15D2AD9FF5A, 0, <PROTO_DEFAULT>)
2025-07-14 15:00:06,308 [grpc-default-executor-1] INFO  impl.VoteContext (VoteContext.java:log(49)) - b5acb6b3-ef2b-41db-9bfa-77a47d0ca582@group-A15D2AD9FF5A-FOLLOWER: accept PRE_VOTE from 0f2a098c-ed74-48ca-a55f-ceee6161c687: our priority 0 <= candidate's priority 1
2025-07-14 15:00:06,309 [grpc-default-executor-1] INFO  server.RaftServer$Division (RaftServerImpl.java:requestVote(1455)) - b5acb6b3-ef2b-41db-9bfa-77a47d0ca582@group-A15D2AD9FF5A replies to PRE_VOTE vote request: 0f2a098c-ed74-48ca-a55f-ceee6161c687<-b5acb6b3-ef2b-41db-9bfa-77a47d0ca582#0:OK-t0-last:<INITIAL_VALUE>. Peer's state: b5acb6b3-ef2b-41db-9bfa-77a47d0ca582@group-A15D2AD9FF5A:t0, leader=null, voted=, raftlog=Memoized:b5acb6b3-ef2b-41db-9bfa-77a47d0ca582@group-A15D2AD9FF5A-SegmentedRaftLog:OPENED:c-1:lastnull, conf=conf: {index: -1, cur=peers:[0f2a098c-ed74-48ca-a55f-ceee6161c687|127.0.0.1:15023, 311b5faf-4d73-479d-9d03-a3296c64f810|127.0.0.1:15015, b5acb6b3-ef2b-41db-9bfa-77a47d0ca582|127.0.0.1:15031]|listeners:[], old=null}
2025-07-14 15:00:06,309 [grpc-default-executor-4] INFO  server.RaftServer$Division (RaftServerImpl.java:requestVote(1421)) - 311b5faf-4d73-479d-9d03-a3296c64f810@group-A15D2AD9FF5A: receive requestVote(PRE_VOTE, 0f2a098c-ed74-48ca-a55f-ceee6161c687, group-A15D2AD9FF5A, 0, <PROTO_DEFAULT>)
2025-07-14 15:00:06,310 [grpc-default-executor-4] INFO  impl.VoteContext (VoteContext.java:log(49)) - 311b5faf-4d73-479d-9d03-a3296c64f810@group-A15D2AD9FF5A-FOLLOWER: accept PRE_VOTE from 0f2a098c-ed74-48ca-a55f-ceee6161c687: our priority 0 <= candidate's priority 1
2025-07-14 15:00:06,310 [grpc-default-executor-4] INFO  server.RaftServer$Division (RaftServerImpl.java:requestVote(1455)) - 311b5faf-4d73-479d-9d03-a3296c64f810@group-A15D2AD9FF5A replies to PRE_VOTE vote request: 0f2a098c-ed74-48ca-a55f-ceee6161c687<-311b5faf-4d73-479d-9d03-a3296c64f810#0:OK-t0-last:<INITIAL_VALUE>. Peer's state: 311b5faf-4d73-479d-9d03-a3296c64f810@group-A15D2AD9FF5A:t0, leader=null, voted=, raftlog=Memoized:311b5faf-4d73-479d-9d03-a3296c64f810@group-A15D2AD9FF5A-SegmentedRaftLog:OPENED:c-1:lastnull, conf=conf: {index: -1, cur=peers:[0f2a098c-ed74-48ca-a55f-ceee6161c687|127.0.0.1:15023, 311b5faf-4d73-479d-9d03-a3296c64f810|127.0.0.1:15015, b5acb6b3-ef2b-41db-9bfa-77a47d0ca582|127.0.0.1:15031]|listeners:[], old=null}
2025-07-14 15:00:06,310 [0f2a098c-ed74-48ca-a55f-ceee6161c687@group-A15D2AD9FF5A-LeaderElection7] INFO  impl.LeaderElection (LeaderElection.java:logAndReturn(206)) - 0f2a098c-ed74-48ca-a55f-ceee6161c687@group-A15D2AD9FF5A-LeaderElection7: PRE_VOTE PASSED received 1 response(s) and 0 exception(s):
2025-07-14 15:00:06,311 [0f2a098c-ed74-48ca-a55f-ceee6161c687@group-A15D2AD9FF5A-LeaderElection7] INFO  impl.LeaderElection (LeaderElection.java:logAndReturn(210)) -   Response 0: 0f2a098c-ed74-48ca-a55f-ceee6161c687<-b5acb6b3-ef2b-41db-9bfa-77a47d0ca582#0:OK-t0-last:<INITIAL_VALUE>
2025-07-14 15:00:06,311 [0f2a098c-ed74-48ca-a55f-ceee6161c687@group-A15D2AD9FF5A-LeaderElection7] INFO  impl.LeaderElection (LeaderElection.java:askForVotes(450)) - 0f2a098c-ed74-48ca-a55f-ceee6161c687@group-A15D2AD9FF5A-LeaderElection7 PRE_VOTE round 0: result PASSED
2025-07-14 15:00:06,313 [0f2a098c-ed74-48ca-a55f-ceee6161c687@group-A15D2AD9FF5A-LeaderElection7] INFO  impl.LeaderElection (LeaderElection.java:askForVotes(448)) - 0f2a098c-ed74-48ca-a55f-ceee6161c687@group-A15D2AD9FF5A-LeaderElection7 ELECTION round 0: submit vote requests at term 1 for conf: {index: -1, cur=peers:[0f2a098c-ed74-48ca-a55f-ceee6161c687|127.0.0.1:15023, 311b5faf-4d73-479d-9d03-a3296c64f810|127.0.0.1:15015, b5acb6b3-ef2b-41db-9bfa-77a47d0ca582|127.0.0.1:15031]|listeners:[], old=null}
2025-07-14 15:00:06,316 [grpc-default-executor-4] INFO  server.RaftServer$Division (RaftServerImpl.java:requestVote(1421)) - 311b5faf-4d73-479d-9d03-a3296c64f810@group-A15D2AD9FF5A: receive requestVote(ELECTION, 0f2a098c-ed74-48ca-a55f-ceee6161c687, group-A15D2AD9FF5A, 1, <PROTO_DEFAULT>)
2025-07-14 15:00:06,316 [grpc-default-executor-4] INFO  impl.VoteContext (VoteContext.java:log(49)) - 311b5faf-4d73-479d-9d03-a3296c64f810@group-A15D2AD9FF5A-FOLLOWER: accept ELECTION from 0f2a098c-ed74-48ca-a55f-ceee6161c687: our priority 0 <= candidate's priority 1
2025-07-14 15:00:06,316 [grpc-default-executor-4] INFO  server.RaftServer$Division (RaftServerImpl.java:setRole(392)) - 311b5faf-4d73-479d-9d03-a3296c64f810@group-A15D2AD9FF5A: changes role from  FOLLOWER to FOLLOWER at term 0 for candidate:0f2a098c-ed74-48ca-a55f-ceee6161c687
2025-07-14 15:00:06,316 [grpc-default-executor-4] INFO  impl.RoleInfo (RoleInfo.java:shutdownFollowerState(121)) - 311b5faf-4d73-479d-9d03-a3296c64f810: shutdown 311b5faf-4d73-479d-9d03-a3296c64f810@group-A15D2AD9FF5A-FollowerState
2025-07-14 15:00:06,316 [grpc-default-executor-4] INFO  impl.RoleInfo (RoleInfo.java:updateAndGet(148)) - 311b5faf-4d73-479d-9d03-a3296c64f810: start 311b5faf-4d73-479d-9d03-a3296c64f810@group-A15D2AD9FF5A-FollowerState
2025-07-14 15:00:06,316 [ac481237-f71e-4eeb-9120-a6c52bf83f13-PipelineCommandHandlerThread-0] INFO  server.RaftServer (RaftServerProxy.java:addNew(105)) - ac481237-f71e-4eeb-9120-a6c52bf83f13: addNew group-C5ADC75AADF5:[ac481237-f71e-4eeb-9120-a6c52bf83f13|127.0.0.1:15063] returns group-C5ADC75AADF5:java.util.concurrent.CompletableFuture@42b69905[Not completed]
2025-07-14 15:00:06,316 [311b5faf-4d73-479d-9d03-a3296c64f810@group-A15D2AD9FF5A-FollowerState] INFO  impl.FollowerState (FollowerState.java:runImpl(170)) - 311b5faf-4d73-479d-9d03-a3296c64f810@group-A15D2AD9FF5A-FollowerState was interrupted
2025-07-14 15:00:06,318 [grpc-default-executor-1] INFO  server.RaftServer$Division (RaftServerImpl.java:requestVote(1421)) - b5acb6b3-ef2b-41db-9bfa-77a47d0ca582@group-A15D2AD9FF5A: receive requestVote(ELECTION, 0f2a098c-ed74-48ca-a55f-ceee6161c687, group-A15D2AD9FF5A, 1, <PROTO_DEFAULT>)
2025-07-14 15:00:06,318 [grpc-default-executor-1] INFO  impl.VoteContext (VoteContext.java:log(49)) - b5acb6b3-ef2b-41db-9bfa-77a47d0ca582@group-A15D2AD9FF5A-FOLLOWER: accept ELECTION from 0f2a098c-ed74-48ca-a55f-ceee6161c687: our priority 0 <= candidate's priority 1
2025-07-14 15:00:06,318 [grpc-default-executor-1] INFO  server.RaftServer$Division (RaftServerImpl.java:setRole(392)) - b5acb6b3-ef2b-41db-9bfa-77a47d0ca582@group-A15D2AD9FF5A: changes role from  FOLLOWER to FOLLOWER at term 0 for candidate:0f2a098c-ed74-48ca-a55f-ceee6161c687
2025-07-14 15:00:06,318 [grpc-default-executor-1] INFO  impl.RoleInfo (RoleInfo.java:shutdownFollowerState(121)) - b5acb6b3-ef2b-41db-9bfa-77a47d0ca582: shutdown b5acb6b3-ef2b-41db-9bfa-77a47d0ca582@group-A15D2AD9FF5A-FollowerState
2025-07-14 15:00:06,318 [grpc-default-executor-1] INFO  impl.RoleInfo (RoleInfo.java:updateAndGet(148)) - b5acb6b3-ef2b-41db-9bfa-77a47d0ca582: start b5acb6b3-ef2b-41db-9bfa-77a47d0ca582@group-A15D2AD9FF5A-FollowerState
2025-07-14 15:00:06,318 [b5acb6b3-ef2b-41db-9bfa-77a47d0ca582@group-A15D2AD9FF5A-FollowerState] INFO  impl.FollowerState (FollowerState.java:runImpl(170)) - b5acb6b3-ef2b-41db-9bfa-77a47d0ca582@group-A15D2AD9FF5A-FollowerState was interrupted
2025-07-14 15:00:06,318 [ac481237-f71e-4eeb-9120-a6c52bf83f13-groupManagement] INFO  server.RaftServer$Division (RaftServerImpl.java:<init>(268)) - ac481237-f71e-4eeb-9120-a6c52bf83f13: new RaftServerImpl for group-C5ADC75AADF5:[ac481237-f71e-4eeb-9120-a6c52bf83f13|127.0.0.1:15063] with ContainerStateMachine:uninitialized
2025-07-14 15:00:06,319 [grpc-default-executor-4] INFO  server.RaftServer$Division (RaftServerImpl.java:setFirstElection(576)) - 311b5faf-4d73-479d-9d03-a3296c64f810@group-A15D2AD9FF5A: set firstElectionSinceStartup to false for candidate:0f2a098c-ed74-48ca-a55f-ceee6161c687
2025-07-14 15:00:06,319 [grpc-default-executor-1] INFO  server.RaftServer$Division (RaftServerImpl.java:setFirstElection(576)) - b5acb6b3-ef2b-41db-9bfa-77a47d0ca582@group-A15D2AD9FF5A: set firstElectionSinceStartup to false for candidate:0f2a098c-ed74-48ca-a55f-ceee6161c687
2025-07-14 15:00:06,319 [ac481237-f71e-4eeb-9120-a6c52bf83f13-groupManagement] INFO  server.RaftServer$Division (ServerState.java:<init>(114)) - ac481237-f71e-4eeb-9120-a6c52bf83f13@group-C5ADC75AADF5: ConfigurationManager, init=conf: {index: -1, cur=peers:[ac481237-f71e-4eeb-9120-a6c52bf83f13|127.0.0.1:15063]|listeners:[], old=null}, confs=<EMPTY_MAP>
2025-07-14 15:00:06,321 [grpc-default-executor-1] INFO  server.RaftServer$Division (RaftServerImpl.java:requestVote(1455)) - b5acb6b3-ef2b-41db-9bfa-77a47d0ca582@group-A15D2AD9FF5A replies to ELECTION vote request: 0f2a098c-ed74-48ca-a55f-ceee6161c687<-b5acb6b3-ef2b-41db-9bfa-77a47d0ca582#0:OK-t1-last:<INITIAL_VALUE>. Peer's state: b5acb6b3-ef2b-41db-9bfa-77a47d0ca582@group-A15D2AD9FF5A:t1, leader=null, voted=0f2a098c-ed74-48ca-a55f-ceee6161c687, raftlog=Memoized:b5acb6b3-ef2b-41db-9bfa-77a47d0ca582@group-A15D2AD9FF5A-SegmentedRaftLog:OPENED:c-1:lastnull, conf=conf: {index: -1, cur=peers:[0f2a098c-ed74-48ca-a55f-ceee6161c687|127.0.0.1:15023, 311b5faf-4d73-479d-9d03-a3296c64f810|127.0.0.1:15015, b5acb6b3-ef2b-41db-9bfa-77a47d0ca582|127.0.0.1:15031]|listeners:[], old=null}
2025-07-14 15:00:06,321 [grpc-default-executor-4] INFO  server.RaftServer$Division (RaftServerImpl.java:requestVote(1455)) - 311b5faf-4d73-479d-9d03-a3296c64f810@group-A15D2AD9FF5A replies to ELECTION vote request: 0f2a098c-ed74-48ca-a55f-ceee6161c687<-311b5faf-4d73-479d-9d03-a3296c64f810#0:OK-t1-last:<INITIAL_VALUE>. Peer's state: 311b5faf-4d73-479d-9d03-a3296c64f810@group-A15D2AD9FF5A:t1, leader=null, voted=0f2a098c-ed74-48ca-a55f-ceee6161c687, raftlog=Memoized:311b5faf-4d73-479d-9d03-a3296c64f810@group-A15D2AD9FF5A-SegmentedRaftLog:OPENED:c-1:lastnull, conf=conf: {index: -1, cur=peers:[0f2a098c-ed74-48ca-a55f-ceee6161c687|127.0.0.1:15023, 311b5faf-4d73-479d-9d03-a3296c64f810|127.0.0.1:15015, b5acb6b3-ef2b-41db-9bfa-77a47d0ca582|127.0.0.1:15031]|listeners:[], old=null}
2025-07-14 15:00:06,323 [0f2a098c-ed74-48ca-a55f-ceee6161c687@group-A15D2AD9FF5A-LeaderElection7] INFO  impl.LeaderElection (LeaderElection.java:logAndReturn(206)) - 0f2a098c-ed74-48ca-a55f-ceee6161c687@group-A15D2AD9FF5A-LeaderElection7: ELECTION PASSED received 1 response(s) and 0 exception(s):
2025-07-14 15:00:06,323 [0f2a098c-ed74-48ca-a55f-ceee6161c687@group-A15D2AD9FF5A-LeaderElection7] INFO  impl.LeaderElection (LeaderElection.java:logAndReturn(210)) -   Response 0: 0f2a098c-ed74-48ca-a55f-ceee6161c687<-b5acb6b3-ef2b-41db-9bfa-77a47d0ca582#0:OK-t1-last:<INITIAL_VALUE>
2025-07-14 15:00:06,324 [0f2a098c-ed74-48ca-a55f-ceee6161c687@group-A15D2AD9FF5A-LeaderElection7] INFO  impl.LeaderElection (LeaderElection.java:askForVotes(450)) - 0f2a098c-ed74-48ca-a55f-ceee6161c687@group-A15D2AD9FF5A-LeaderElection7 ELECTION round 0: result PASSED
2025-07-14 15:00:06,324 [0f2a098c-ed74-48ca-a55f-ceee6161c687@group-A15D2AD9FF5A-LeaderElection7] INFO  impl.RoleInfo (RoleInfo.java:shutdownLeaderElection(141)) - 0f2a098c-ed74-48ca-a55f-ceee6161c687: shutdown 0f2a098c-ed74-48ca-a55f-ceee6161c687@group-A15D2AD9FF5A-LeaderElection7
2025-07-14 15:00:06,324 [0f2a098c-ed74-48ca-a55f-ceee6161c687@group-A15D2AD9FF5A-LeaderElection7] INFO  server.RaftServer$Division (RaftServerImpl.java:setRole(392)) - 0f2a098c-ed74-48ca-a55f-ceee6161c687@group-A15D2AD9FF5A: changes role from CANDIDATE to LEADER at term 1 for changeToLeader
2025-07-14 15:00:06,325 [0f2a098c-ed74-48ca-a55f-ceee6161c687@group-A15D2AD9FF5A-LeaderElection7] INFO  server.RaftServerConfigKeys (ConfUtils.java:logFallback(69)) - raft.server.staging.timeout = 15600ms (fallback to raft.server.rpc.timeout.max)
2025-07-14 15:00:06,325 [0f2a098c-ed74-48ca-a55f-ceee6161c687@group-A15D2AD9FF5A-LeaderElection7] INFO  server.RaftServerConfigKeys (ConfUtils.java:logGet(62)) - raft.server.write.byte-limit = 1024 M (=1073741824) (custom)
2025-07-14 15:00:06,327 [ac481237-f71e-4eeb-9120-a6c52bf83f13-groupManagement] INFO  server.RaftServerConfigKeys (ConfUtils.java:logGet(62)) - raft.server.storage.dir = [/home/runner/work/ozone/ozone/hadoop-ozone/integration-test/target/test-dir/MiniOzoneClusterImpl-aaa7dc72-7fbf-48e0-acc5-129182712624/ozone-meta/datanode-7/ratis] (custom)
2025-07-14 15:00:06,327 [ac481237-f71e-4eeb-9120-a6c52bf83f13-groupManagement] INFO  storage.RaftStorageDirectory (RaftStorageDirectoryImpl.java:analyzeStorage(138)) - The storage directory /home/runner/work/ozone/ozone/hadoop-ozone/integration-test/target/test-dir/MiniOzoneClusterImpl-aaa7dc72-7fbf-48e0-acc5-129182712624/ozone-meta/datanode-7/ratis/5dcf474b-d097-4e8b-9813-c5adc75aadf5 does not exist. Creating ...
2025-07-14 15:00:06,328 [ac481237-f71e-4eeb-9120-a6c52bf83f13-groupManagement] INFO  storage.RaftStorageDirectory (RaftStorageDirectoryImpl.java:tryLock(229)) - Lock on /home/runner/work/ozone/ozone/hadoop-ozone/integration-test/target/test-dir/MiniOzoneClusterImpl-aaa7dc72-7fbf-48e0-acc5-129182712624/ozone-meta/datanode-7/ratis/5dcf474b-d097-4e8b-9813-c5adc75aadf5/in_use.lock acquired by nodename 18082@localhost
2025-07-14 15:00:06,328 [0f2a098c-ed74-48ca-a55f-ceee6161c687@group-A15D2AD9FF5A-LeaderElection7] INFO  server.RaftServerConfigKeys (ConfUtils.java:logGet(62)) - raft.server.log.appender.buffer.byte-limit = 33554432 (custom)
2025-07-14 15:00:06,330 [0f2a098c-ed74-48ca-a55f-ceee6161c687@group-A15D2AD9FF5A-LeaderElection7] INFO  server.RaftServerConfigKeys (ConfUtils.java:logGet(62)) - raft.server.log.appender.buffer.byte-limit = 33554432 (custom)
2025-07-14 15:00:06,330 [0f2a098c-ed74-48ca-a55f-ceee6161c687@group-A15D2AD9FF5A-LeaderElection7] INFO  impl.RoleInfo (RoleInfo.java:updateAndGet(148)) - 0f2a098c-ed74-48ca-a55f-ceee6161c687: start 0f2a098c-ed74-48ca-a55f-ceee6161c687@group-A15D2AD9FF5A-LeaderStateImpl
2025-07-14 15:00:06,330 [0f2a098c-ed74-48ca-a55f-ceee6161c687@group-A15D2AD9FF5A-LeaderElection7] INFO  server.RaftServer$Division (RaftServerImpl.java:setFirstElection(576)) - 0f2a098c-ed74-48ca-a55f-ceee6161c687@group-A15D2AD9FF5A: set firstElectionSinceStartup to false for becomeLeader
2025-07-14 15:00:06,330 [0f2a098c-ed74-48ca-a55f-ceee6161c687@group-A15D2AD9FF5A-LeaderElection7] INFO  ratis.XceiverServerRatis (XceiverServerRatis.java:handleLeaderChangedNotification(944)) - Leader change notification received for group: group-A15D2AD9FF5A with new leaderId: 0f2a098c-ed74-48ca-a55f-ceee6161c687
2025-07-14 15:00:06,331 [0f2a098c-ed74-48ca-a55f-ceee6161c687@group-A15D2AD9FF5A-LeaderElection7] INFO  server.RaftServer$Division (ServerState.java:setLeader(272)) - 0f2a098c-ed74-48ca-a55f-ceee6161c687@group-A15D2AD9FF5A: change Leader from null to 0f2a098c-ed74-48ca-a55f-ceee6161c687 at term 1 for becomeLeader, leader elected after 1141ms
2025-07-14 15:00:06,331 [0f2a098c-ed74-48ca-a55f-ceee6161c687@group-A15D2AD9FF5A-LeaderElection7] INFO  segmented.SegmentedRaftLogWorker (SegmentedRaftLogWorker.java:startLogSegment(440)) - 0f2a098c-ed74-48ca-a55f-ceee6161c687@group-A15D2AD9FF5A-SegmentedRaftLogWorker: Starting segment from index:0
2025-07-14 15:00:06,331 [ac481237-f71e-4eeb-9120-a6c52bf83f13-groupManagement] INFO  storage.RaftStorage (RaftStorageImpl.java:format(98)) - Storage directory /home/runner/work/ozone/ozone/hadoop-ozone/integration-test/target/test-dir/MiniOzoneClusterImpl-aaa7dc72-7fbf-48e0-acc5-129182712624/ozone-meta/datanode-7/ratis/5dcf474b-d097-4e8b-9813-c5adc75aadf5 has been successfully formatted.
2025-07-14 15:00:06,332 [ac481237-f71e-4eeb-9120-a6c52bf83f13-groupManagement] INFO  ratis.ContainerStateMachine (ContainerStateMachine.java:initialize(339)) - ac481237-f71e-4eeb-9120-a6c52bf83f13: initialize group-C5ADC75AADF5
2025-07-14 15:00:06,332 [ac481237-f71e-4eeb-9120-a6c52bf83f13-groupManagement] INFO  ratis.ContainerStateMachine (ContainerStateMachine.java:loadSnapshot(347)) - group-C5ADC75AADF5: The snapshot info is null. Setting the last applied index to:<INITIAL_VALUE>
2025-07-14 15:00:06,332 [ac481237-f71e-4eeb-9120-a6c52bf83f13-groupManagement] INFO  server.RaftServerConfigKeys (ConfUtils.java:logGet(62)) - raft.server.log.appender.buffer.byte-limit = 33554432 (custom)
2025-07-14 15:00:06,334 [ac481237-f71e-4eeb-9120-a6c52bf83f13-groupManagement] INFO  server.RaftServerConfigKeys (ConfUtils.java:logGet(62)) - raft.server.log.segment.size.max = 67108864 (custom)
2025-07-14 15:00:06,335 [ac481237-f71e-4eeb-9120-a6c52bf83f13-groupManagement] INFO  server.RaftServerConfigKeys (ConfUtils.java:logGet(62)) - raft.server.log.appender.buffer.byte-limit = 33554432 (custom)
2025-07-14 15:00:06,331 [0f2a098c-ed74-48ca-a55f-ceee6161c687@group-A15D2AD9FF5A-LeaderElection7] INFO  server.RaftServer$Division (ServerState.java:setRaftConf(386)) - 0f2a098c-ed74-48ca-a55f-ceee6161c687@group-A15D2AD9FF5A: set configuration conf: {index: 0, cur=peers:[0f2a098c-ed74-48ca-a55f-ceee6161c687|127.0.0.1:15023, 311b5faf-4d73-479d-9d03-a3296c64f810|127.0.0.1:15015, b5acb6b3-ef2b-41db-9bfa-77a47d0ca582|127.0.0.1:15031]|listeners:[], old=null}
2025-07-14 15:00:06,332 [0f2a098c-ed74-48ca-a55f-ceee6161c687@group-A15D2AD9FF5A-SegmentedRaftLogWorker] INFO  segmented.BufferedWriteChannel (BufferedWriteChannel.java:open(61)) - open log_inprogress_0 at position 0
2025-07-14 15:00:06,337 [ac481237-f71e-4eeb-9120-a6c52bf83f13-groupManagement] INFO  util.AwaitToRun (AwaitToRun.java:start(81)) - Thread[#1333,ac481237-f71e-4eeb-9120-a6c52bf83f13@group-C5ADC75AADF5-cacheEviction-AwaitToRun,5,main] started
2025-07-14 15:00:06,337 [ac481237-f71e-4eeb-9120-a6c52bf83f13-groupManagement] INFO  segmented.SegmentedRaftLogWorker (SegmentedRaftLogWorker.java:<init>(190)) - new ac481237-f71e-4eeb-9120-a6c52bf83f13@group-C5ADC75AADF5-SegmentedRaftLogWorker for RaftStorageImpl:Storage Directory /home/runner/work/ozone/ozone/hadoop-ozone/integration-test/target/test-dir/MiniOzoneClusterImpl-aaa7dc72-7fbf-48e0-acc5-129182712624/ozone-meta/datanode-7/ratis/5dcf474b-d097-4e8b-9813-c5adc75aadf5
2025-07-14 15:00:06,337 [ac481237-f71e-4eeb-9120-a6c52bf83f13-groupManagement] INFO  server.RaftServerConfigKeys (ConfUtils.java:logGet(62)) - raft.server.log.queue.byte-limit = 4294967296 (custom)
2025-07-14 15:00:06,337 [ac481237-f71e-4eeb-9120-a6c52bf83f13-groupManagement] INFO  server.RaftServerConfigKeys (ConfUtils.java:logGet(62)) - raft.server.log.segment.size.max = 67108864 (custom)
2025-07-14 15:00:06,337 [ac481237-f71e-4eeb-9120-a6c52bf83f13-groupManagement] INFO  server.RaftServerConfigKeys (ConfUtils.java:logGet(62)) - raft.server.log.preallocated.size = 4194304 (custom)
2025-07-14 15:00:06,338 [ac481237-f71e-4eeb-9120-a6c52bf83f13-groupManagement] INFO  server.RaftServerConfigKeys (ConfUtils.java:logGet(62)) - raft.server.log.write.buffer.size = 33554440 (custom)
2025-07-14 15:00:06,343 [EventQueue-PipelineReportForPipelineReportHandler] INFO  pipeline.PipelineReportHandler (PipelineReportHandler.java:processPipelineReport(134)) - Opened pipeline Pipeline-b5e3c89b-aaaa-44fc-9b61-a15d2ad9ff5a
2025-07-14 15:00:06,347 [0f2a098c-ed74-48ca-a55f-ceee6161c687@group-A15D2AD9FF5A-SegmentedRaftLogWorker] INFO  segmented.SegmentedRaftLogWorker (SegmentedRaftLogWorker.java:execute(647)) - 0f2a098c-ed74-48ca-a55f-ceee6161c687@group-A15D2AD9FF5A-SegmentedRaftLogWorker: created new log segment /home/runner/work/ozone/ozone/hadoop-ozone/integration-test/target/test-dir/MiniOzoneClusterImpl-aaa7dc72-7fbf-48e0-acc5-129182712624/ozone-meta/datanode-2/ratis/b5e3c89b-aaaa-44fc-9b61-a15d2ad9ff5a/current/log_inprogress_0
2025-07-14 15:00:06,350 [EventQueue-PipelineReportForPipelineReportHandler] INFO  pipeline.PipelineReportHandler (PipelineReportHandler.java:processPipelineReport(134)) - Opened pipeline Pipeline-5dcf474b-d097-4e8b-9813-c5adc75aadf5
2025-07-14 15:00:06,352 [ac481237-f71e-4eeb-9120-a6c52bf83f13-groupManagement] INFO  server.RaftServerConfigKeys (ConfUtils.java:logGet(62)) - raft.server.log.appender.buffer.byte-limit = 33554432 (custom)
2025-07-14 15:00:06,352 [ac481237-f71e-4eeb-9120-a6c52bf83f13-groupManagement] INFO  segmented.SegmentedRaftLogWorker (SegmentedRaftLogWorker.java:lambda$new$0(141)) - ac481237-f71e-4eeb-9120-a6c52bf83f13@group-C5ADC75AADF5-SegmentedRaftLogWorker: flushIndex: setUnconditionally 0 -> -1
2025-07-14 15:00:06,352 [ac481237-f71e-4eeb-9120-a6c52bf83f13-groupManagement] INFO  segmented.SegmentedRaftLogWorker (SegmentedRaftLogWorker.java:lambda$new$0(141)) - ac481237-f71e-4eeb-9120-a6c52bf83f13@group-C5ADC75AADF5-SegmentedRaftLogWorker: safeCacheEvictIndex: setUnconditionally 0 -> -1
2025-07-14 15:00:06,352 [ac481237-f71e-4eeb-9120-a6c52bf83f13-groupManagement] INFO  server.RaftServer$Division (RaftServerImpl.java:start(405)) - ac481237-f71e-4eeb-9120-a6c52bf83f13@group-C5ADC75AADF5: start as a follower, conf=conf: {index: -1, cur=peers:[ac481237-f71e-4eeb-9120-a6c52bf83f13|127.0.0.1:15063]|listeners:[], old=null}
2025-07-14 15:00:06,352 [ac481237-f71e-4eeb-9120-a6c52bf83f13-groupManagement] INFO  server.RaftServer$Division (RaftServerImpl.java:setRole(392)) - ac481237-f71e-4eeb-9120-a6c52bf83f13@group-C5ADC75AADF5: changes role from      null to FOLLOWER at term 0 for startAsFollower
2025-07-14 15:00:06,352 [ac481237-f71e-4eeb-9120-a6c52bf83f13-groupManagement] INFO  impl.RoleInfo (RoleInfo.java:updateAndGet(148)) - ac481237-f71e-4eeb-9120-a6c52bf83f13: start ac481237-f71e-4eeb-9120-a6c52bf83f13@group-C5ADC75AADF5-FollowerState
2025-07-14 15:00:06,352 [grpc-default-executor-1] INFO  ratis.XceiverServerRatis (XceiverServerRatis.java:handleLeaderChangedNotification(944)) - Leader change notification received for group: group-A15D2AD9FF5A with new leaderId: 0f2a098c-ed74-48ca-a55f-ceee6161c687
2025-07-14 15:00:06,353 [grpc-default-executor-1] INFO  server.RaftServer$Division (ServerState.java:setLeader(272)) - b5acb6b3-ef2b-41db-9bfa-77a47d0ca582@group-A15D2AD9FF5A: change Leader from null to 0f2a098c-ed74-48ca-a55f-ceee6161c687 at term 1 for appendEntries, leader elected after 1082ms
2025-07-14 15:00:06,353 [grpc-default-executor-4] INFO  ratis.XceiverServerRatis (XceiverServerRatis.java:handleLeaderChangedNotification(944)) - Leader change notification received for group: group-A15D2AD9FF5A with new leaderId: 0f2a098c-ed74-48ca-a55f-ceee6161c687
2025-07-14 15:00:06,353 [grpc-default-executor-4] INFO  server.RaftServer$Division (ServerState.java:setLeader(272)) - 311b5faf-4d73-479d-9d03-a3296c64f810@group-A15D2AD9FF5A: change Leader from null to 0f2a098c-ed74-48ca-a55f-ceee6161c687 at term 1 for appendEntries, leader elected after 1131ms
2025-07-14 15:00:06,354 [grpc-default-executor-2] INFO  server.RaftServer$Division (ServerState.java:setRaftConf(386)) - b5acb6b3-ef2b-41db-9bfa-77a47d0ca582@group-A15D2AD9FF5A: set configuration conf: {index: 0, cur=peers:[0f2a098c-ed74-48ca-a55f-ceee6161c687|127.0.0.1:15023, 311b5faf-4d73-479d-9d03-a3296c64f810|127.0.0.1:15015, b5acb6b3-ef2b-41db-9bfa-77a47d0ca582|127.0.0.1:15031]|listeners:[], old=null}
2025-07-14 15:00:06,354 [grpc-default-executor-2] INFO  segmented.SegmentedRaftLogWorker (SegmentedRaftLogWorker.java:startLogSegment(440)) - b5acb6b3-ef2b-41db-9bfa-77a47d0ca582@group-A15D2AD9FF5A-SegmentedRaftLogWorker: Starting segment from index:0
2025-07-14 15:00:06,354 [b5acb6b3-ef2b-41db-9bfa-77a47d0ca582@group-A15D2AD9FF5A-SegmentedRaftLogWorker] INFO  segmented.BufferedWriteChannel (BufferedWriteChannel.java:open(61)) - open log_inprogress_0 at position 0
2025-07-14 15:00:06,355 [grpc-default-executor-3] INFO  server.RaftServer$Division (ServerState.java:setRaftConf(386)) - 311b5faf-4d73-479d-9d03-a3296c64f810@group-A15D2AD9FF5A: set configuration conf: {index: 0, cur=peers:[0f2a098c-ed74-48ca-a55f-ceee6161c687|127.0.0.1:15023, 311b5faf-4d73-479d-9d03-a3296c64f810|127.0.0.1:15015, b5acb6b3-ef2b-41db-9bfa-77a47d0ca582|127.0.0.1:15031]|listeners:[], old=null}
2025-07-14 15:00:06,355 [grpc-default-executor-3] INFO  segmented.SegmentedRaftLogWorker (SegmentedRaftLogWorker.java:startLogSegment(440)) - 311b5faf-4d73-479d-9d03-a3296c64f810@group-A15D2AD9FF5A-SegmentedRaftLogWorker: Starting segment from index:0
2025-07-14 15:00:06,356 [main] INFO  ozone.MiniOzoneClusterImpl (MiniOzoneClusterImpl.java:lambda$waitForClusterToBeReady$0(173)) - Nodes are ready. Got 10 of 10 DN Heartbeats.
2025-07-14 15:00:06,356 [main] INFO  ozone.MiniOzoneClusterImpl (MiniOzoneClusterImpl.java:lambda$waitForClusterToBeReady$0(176)) - Cluster exits safe mode
2025-07-14 15:00:06,357 [main] INFO  ozone.MiniOzoneClusterImpl (MiniOzoneClusterImpl.java:lambda$waitForClusterToBeReady$0(178)) - SCM became leader
2025-07-14 15:00:06,356 [311b5faf-4d73-479d-9d03-a3296c64f810@group-A15D2AD9FF5A-SegmentedRaftLogWorker] INFO  segmented.BufferedWriteChannel (BufferedWriteChannel.java:open(61)) - open log_inprogress_0 at position 0
2025-07-14 15:00:06,358 [ac481237-f71e-4eeb-9120-a6c52bf83f13-groupManagement] INFO  util.JmxRegister (JmxRegister.java:tryRegister(44)) - Successfully registered JMX Bean with object name Ratis:service=RaftServer,group=group-C5ADC75AADF5,id=ac481237-f71e-4eeb-9120-a6c52bf83f13
2025-07-14 15:00:06,358 [ac481237-f71e-4eeb-9120-a6c52bf83f13-groupManagement] INFO  util.JmxRegister (JmxRegister.java:register(58)) - register mxBean class org.apache.ratis.server.impl.RaftServerJmxAdapter as Ratis:service=RaftServer,group=group-C5ADC75AADF5,id=ac481237-f71e-4eeb-9120-a6c52bf83f13
2025-07-14 15:00:06,359 [ac481237-f71e-4eeb-9120-a6c52bf83f13-groupManagement] INFO  server.RaftServer$Division (RaftServerImpl.java:start(419)) - ac481237-f71e-4eeb-9120-a6c52bf83f13@group-C5ADC75AADF5: Successfully started.
2025-07-14 15:00:06,359 [ac481237-f71e-4eeb-9120-a6c52bf83f13-PipelineCommandHandlerThread-0] INFO  ratis.XceiverServerRatis (XceiverServerRatis.java:addGroup(843)) - Created group Pipeline-5dcf474b-d097-4e8b-9813-c5adc75aadf5
2025-07-14 15:00:06,360 [ac481237-f71e-4eeb-9120-a6c52bf83f13-PipelineCommandHandlerThread-0] INFO  commandhandler.CreatePipelineCommandHandler (CreatePipelineCommandHandler.java:lambda$handle$2(127)) - Created Pipeline RATIS ONE Pipeline-5dcf474b-d097-4e8b-9813-c5adc75aadf5.
2025-07-14 15:00:06,361 [ac481237-f71e-4eeb-9120-a6c52bf83f13-PipelineCommandHandlerThread-0] INFO  server.RaftServer (RaftServerProxy.java:addNew(105)) - ac481237-f71e-4eeb-9120-a6c52bf83f13: addNew group-1AEBB7792E6D:[9eae2efb-1df6-4ce6-ae9d-8504348dafa1|127.0.0.1:15079, ac481237-f71e-4eeb-9120-a6c52bf83f13|127.0.0.1:15063, 89a738d3-0145-4b42-8b1b-b5be9f604b49|127.0.0.1:15071] returns group-1AEBB7792E6D:java.util.concurrent.CompletableFuture@2cf37ef0[Not completed]
2025-07-14 15:00:06,362 [ac481237-f71e-4eeb-9120-a6c52bf83f13-groupManagement] INFO  server.RaftServer$Division (RaftServerImpl.java:<init>(268)) - ac481237-f71e-4eeb-9120-a6c52bf83f13: new RaftServerImpl for group-1AEBB7792E6D:[9eae2efb-1df6-4ce6-ae9d-8504348dafa1|127.0.0.1:15079, ac481237-f71e-4eeb-9120-a6c52bf83f13|127.0.0.1:15063, 89a738d3-0145-4b42-8b1b-b5be9f604b49|127.0.0.1:15071] with ContainerStateMachine:uninitialized
2025-07-14 15:00:06,362 [ac481237-f71e-4eeb-9120-a6c52bf83f13-groupManagement] INFO  server.RaftServer$Division (ServerState.java:<init>(114)) - ac481237-f71e-4eeb-9120-a6c52bf83f13@group-1AEBB7792E6D: ConfigurationManager, init=conf: {index: -1, cur=peers:[9eae2efb-1df6-4ce6-ae9d-8504348dafa1|127.0.0.1:15079, ac481237-f71e-4eeb-9120-a6c52bf83f13|127.0.0.1:15063, 89a738d3-0145-4b42-8b1b-b5be9f604b49|127.0.0.1:15071]|listeners:[], old=null}, confs=<EMPTY_MAP>
2025-07-14 15:00:06,368 [ac481237-f71e-4eeb-9120-a6c52bf83f13-groupManagement] INFO  storage.RaftStorageDirectory (RaftStorageDirectoryImpl.java:analyzeStorage(138)) - The storage directory /home/runner/work/ozone/ozone/hadoop-ozone/integration-test/target/test-dir/MiniOzoneClusterImpl-aaa7dc72-7fbf-48e0-acc5-129182712624/ozone-meta/datanode-7/ratis/9b2abbda-a599-4d5c-9f68-1aebb7792e6d does not exist. Creating ...
2025-07-14 15:00:06,369 [a505560f-c589-4eb5-89aa-a89970ae9358@group-42C16328B7C0-FollowerState] INFO  impl.FollowerState (FollowerState.java:runImpl(161)) - a505560f-c589-4eb5-89aa-a89970ae9358@group-42C16328B7C0-FollowerState: change to CANDIDATE, lastRpcElapsedTime:1031159014ns, electionTimeout:1030ms
2025-07-14 15:00:06,369 [a505560f-c589-4eb5-89aa-a89970ae9358@group-42C16328B7C0-FollowerState] INFO  impl.RoleInfo (RoleInfo.java:shutdownFollowerState(121)) - a505560f-c589-4eb5-89aa-a89970ae9358: shutdown a505560f-c589-4eb5-89aa-a89970ae9358@group-42C16328B7C0-FollowerState
2025-07-14 15:00:06,370 [a505560f-c589-4eb5-89aa-a89970ae9358@group-42C16328B7C0-FollowerState] INFO  server.RaftServer$Division (RaftServerImpl.java:setRole(392)) - a505560f-c589-4eb5-89aa-a89970ae9358@group-42C16328B7C0: changes role from  FOLLOWER to CANDIDATE at term 0 for changeToCandidate
2025-07-14 15:00:06,370 [a505560f-c589-4eb5-89aa-a89970ae9358@group-42C16328B7C0-FollowerState] INFO  impl.RoleInfo (RoleInfo.java:updateAndGet(148)) - a505560f-c589-4eb5-89aa-a89970ae9358: start a505560f-c589-4eb5-89aa-a89970ae9358@group-42C16328B7C0-LeaderElection8
2025-07-14 15:00:06,370 [a505560f-c589-4eb5-89aa-a89970ae9358@group-42C16328B7C0-LeaderElection8] INFO  impl.LeaderElection (LeaderElection.java:askForVotes(448)) - a505560f-c589-4eb5-89aa-a89970ae9358@group-42C16328B7C0-LeaderElection8 PRE_VOTE round 0: submit vote requests at term 0 for conf: {index: -1, cur=peers:[a505560f-c589-4eb5-89aa-a89970ae9358|127.0.0.1:15039]|listeners:[], old=null}
2025-07-14 15:00:06,370 [a505560f-c589-4eb5-89aa-a89970ae9358@group-42C16328B7C0-LeaderElection8] INFO  impl.LeaderElection (LeaderElection.java:askForVotes(450)) - a505560f-c589-4eb5-89aa-a89970ae9358@group-42C16328B7C0-LeaderElection8 PRE_VOTE round 0: result PASSED (term=0)
2025-07-14 15:00:06,371 [311b5faf-4d73-479d-9d03-a3296c64f810@group-A15D2AD9FF5A-SegmentedRaftLogWorker] INFO  segmented.SegmentedRaftLogWorker (SegmentedRaftLogWorker.java:execute(647)) - 311b5faf-4d73-479d-9d03-a3296c64f810@group-A15D2AD9FF5A-SegmentedRaftLogWorker: created new log segment /home/runner/work/ozone/ozone/hadoop-ozone/integration-test/target/test-dir/MiniOzoneClusterImpl-aaa7dc72-7fbf-48e0-acc5-129182712624/ozone-meta/datanode-1/ratis/b5e3c89b-aaaa-44fc-9b61-a15d2ad9ff5a/current/log_inprogress_0
2025-07-14 15:00:06,373 [ac481237-f71e-4eeb-9120-a6c52bf83f13-groupManagement] INFO  storage.RaftStorageDirectory (RaftStorageDirectoryImpl.java:tryLock(229)) - Lock on /home/runner/work/ozone/ozone/hadoop-ozone/integration-test/target/test-dir/MiniOzoneClusterImpl-aaa7dc72-7fbf-48e0-acc5-129182712624/ozone-meta/datanode-7/ratis/9b2abbda-a599-4d5c-9f68-1aebb7792e6d/in_use.lock acquired by nodename 18082@localhost
2025-07-14 15:00:06,374 [b5acb6b3-ef2b-41db-9bfa-77a47d0ca582@group-A15D2AD9FF5A-SegmentedRaftLogWorker] INFO  segmented.SegmentedRaftLogWorker (SegmentedRaftLogWorker.java:execute(647)) - b5acb6b3-ef2b-41db-9bfa-77a47d0ca582@group-A15D2AD9FF5A-SegmentedRaftLogWorker: created new log segment /home/runner/work/ozone/ozone/hadoop-ozone/integration-test/target/test-dir/MiniOzoneClusterImpl-aaa7dc72-7fbf-48e0-acc5-129182712624/ozone-meta/datanode-3/ratis/b5e3c89b-aaaa-44fc-9b61-a15d2ad9ff5a/current/log_inprogress_0
2025-07-14 15:00:06,375 [ac481237-f71e-4eeb-9120-a6c52bf83f13-groupManagement] INFO  storage.RaftStorage (RaftStorageImpl.java:format(98)) - Storage directory /home/runner/work/ozone/ozone/hadoop-ozone/integration-test/target/test-dir/MiniOzoneClusterImpl-aaa7dc72-7fbf-48e0-acc5-129182712624/ozone-meta/datanode-7/ratis/9b2abbda-a599-4d5c-9f68-1aebb7792e6d has been successfully formatted.
2025-07-14 15:00:06,376 [ac481237-f71e-4eeb-9120-a6c52bf83f13-groupManagement] INFO  ratis.ContainerStateMachine (ContainerStateMachine.java:initialize(339)) - ac481237-f71e-4eeb-9120-a6c52bf83f13: initialize group-1AEBB7792E6D
2025-07-14 15:00:06,376 [ac481237-f71e-4eeb-9120-a6c52bf83f13-groupManagement] INFO  ratis.ContainerStateMachine (ContainerStateMachine.java:loadSnapshot(347)) - group-1AEBB7792E6D: The snapshot info is null. Setting the last applied index to:<INITIAL_VALUE>
2025-07-14 15:00:06,376 [ac481237-f71e-4eeb-9120-a6c52bf83f13-groupManagement] INFO  server.RaftServerConfigKeys (ConfUtils.java:logGet(62)) - raft.server.log.appender.buffer.byte-limit = 33554432 (custom)
2025-07-14 15:00:06,378 [a505560f-c589-4eb5-89aa-a89970ae9358@group-42C16328B7C0-LeaderElection8] INFO  impl.LeaderElection (LeaderElection.java:askForVotes(448)) - a505560f-c589-4eb5-89aa-a89970ae9358@group-42C16328B7C0-LeaderElection8 ELECTION round 0: submit vote requests at term 1 for conf: {index: -1, cur=peers:[a505560f-c589-4eb5-89aa-a89970ae9358|127.0.0.1:15039]|listeners:[], old=null}
2025-07-14 15:00:06,378 [a505560f-c589-4eb5-89aa-a89970ae9358@group-42C16328B7C0-LeaderElection8] INFO  impl.LeaderElection (LeaderElection.java:askForVotes(450)) - a505560f-c589-4eb5-89aa-a89970ae9358@group-42C16328B7C0-LeaderElection8 ELECTION round 0: result PASSED (term=1)
2025-07-14 15:00:06,378 [a505560f-c589-4eb5-89aa-a89970ae9358@group-42C16328B7C0-LeaderElection8] INFO  impl.RoleInfo (RoleInfo.java:shutdownLeaderElection(141)) - a505560f-c589-4eb5-89aa-a89970ae9358: shutdown a505560f-c589-4eb5-89aa-a89970ae9358@group-42C16328B7C0-LeaderElection8
2025-07-14 15:00:06,378 [a505560f-c589-4eb5-89aa-a89970ae9358@group-42C16328B7C0-LeaderElection8] INFO  server.RaftServer$Division (RaftServerImpl.java:setRole(392)) - a505560f-c589-4eb5-89aa-a89970ae9358@group-42C16328B7C0: changes role from CANDIDATE to LEADER at term 1 for changeToLeader
2025-07-14 15:00:06,378 [a505560f-c589-4eb5-89aa-a89970ae9358@group-42C16328B7C0-LeaderElection8] INFO  server.RaftServerConfigKeys (ConfUtils.java:logFallback(69)) - raft.server.staging.timeout = 15600ms (fallback to raft.server.rpc.timeout.max)
2025-07-14 15:00:06,381 [a505560f-c589-4eb5-89aa-a89970ae9358@group-42C16328B7C0-LeaderElection8] INFO  server.RaftServerConfigKeys (ConfUtils.java:logGet(62)) - raft.server.write.byte-limit = 1024 M (=1073741824) (custom)
2025-07-14 15:00:06,381 [0f2a098c-ed74-48ca-a55f-ceee6161c687@group-A15D2AD9FF5A-StateMachineUpdater] INFO  server.RaftServer$Division (LeaderStateImpl.java:checkStartIndex(309)) - Leader 0f2a098c-ed74-48ca-a55f-ceee6161c687@group-A15D2AD9FF5A-LeaderStateImpl is ready since appliedIndex == startIndex == 0
2025-07-14 15:00:06,382 [0f2a098c-ed74-48ca-a55f-ceee6161c687@group-A15D2AD9FF5A-StateMachineUpdater] INFO  ratis.ContainerStateMachine (ContainerStateMachine.java:takeSnapshot(427)) - group-A15D2AD9FF5A: Taking a snapshot at:(t:1, i:0) file /home/runner/work/ozone/ozone/hadoop-ozone/integration-test/target/test-dir/MiniOzoneClusterImpl-aaa7dc72-7fbf-48e0-acc5-129182712624/ozone-meta/datanode-2/ratis/b5e3c89b-aaaa-44fc-9b61-a15d2ad9ff5a/sm/snapshot.1_0
2025-07-14 15:00:06,383 [a505560f-c589-4eb5-89aa-a89970ae9358@group-42C16328B7C0-LeaderElection8] INFO  impl.RoleInfo (RoleInfo.java:updateAndGet(148)) - a505560f-c589-4eb5-89aa-a89970ae9358: start a505560f-c589-4eb5-89aa-a89970ae9358@group-42C16328B7C0-LeaderStateImpl
2025-07-14 15:00:06,383 [a505560f-c589-4eb5-89aa-a89970ae9358@group-42C16328B7C0-LeaderElection8] INFO  server.RaftServer$Division (RaftServerImpl.java:setFirstElection(576)) - a505560f-c589-4eb5-89aa-a89970ae9358@group-42C16328B7C0: set firstElectionSinceStartup to false for becomeLeader
2025-07-14 15:00:06,384 [a505560f-c589-4eb5-89aa-a89970ae9358@group-42C16328B7C0-LeaderElection8] INFO  ratis.XceiverServerRatis (XceiverServerRatis.java:handleLeaderChangedNotification(944)) - Leader change notification received for group: group-42C16328B7C0 with new leaderId: a505560f-c589-4eb5-89aa-a89970ae9358
2025-07-14 15:00:06,384 [0f2a098c-ed74-48ca-a55f-ceee6161c687@group-A15D2AD9FF5A-StateMachineUpdater] INFO  ratis.ContainerStateMachine (ContainerStateMachine.java:takeSnapshot(436)) - group-A15D2AD9FF5A: Finished taking a snapshot at:(t:1, i:0) file:/home/runner/work/ozone/ozone/hadoop-ozone/integration-test/target/test-dir/MiniOzoneClusterImpl-aaa7dc72-7fbf-48e0-acc5-129182712624/ozone-meta/datanode-2/ratis/b5e3c89b-aaaa-44fc-9b61-a15d2ad9ff5a/sm/snapshot.1_0 took: 1 ms
2025-07-14 15:00:06,384 [0f2a098c-ed74-48ca-a55f-ceee6161c687@group-A15D2AD9FF5A-StateMachineUpdater] INFO  impl.StateMachineUpdater (StateMachineUpdater.java:takeSnapshot(307)) - 0f2a098c-ed74-48ca-a55f-ceee6161c687@group-A15D2AD9FF5A-StateMachineUpdater: Took a snapshot at index 0
2025-07-14 15:00:06,384 [0f2a098c-ed74-48ca-a55f-ceee6161c687@group-A15D2AD9FF5A-StateMachineUpdater] INFO  impl.StateMachineUpdater (StateMachineUpdater.java:lambda$new$0(101)) - 0f2a098c-ed74-48ca-a55f-ceee6161c687@group-A15D2AD9FF5A-StateMachineUpdater: snapshotIndex: updateIncreasingly -1 -> 0
2025-07-14 15:00:06,380 [ac481237-f71e-4eeb-9120-a6c52bf83f13-groupManagement] INFO  server.RaftServerConfigKeys (ConfUtils.java:logGet(62)) - raft.server.log.segment.size.max = 67108864 (custom)
2025-07-14 15:00:06,384 [a505560f-c589-4eb5-89aa-a89970ae9358@group-42C16328B7C0-LeaderElection8] INFO  server.RaftServer$Division (ServerState.java:setLeader(272)) - a505560f-c589-4eb5-89aa-a89970ae9358@group-42C16328B7C0: change Leader from null to a505560f-c589-4eb5-89aa-a89970ae9358 at term 1 for becomeLeader, leader elected after 1115ms
2025-07-14 15:00:06,389 [a505560f-c589-4eb5-89aa-a89970ae9358@group-42C16328B7C0-LeaderElection8] INFO  segmented.SegmentedRaftLogWorker (SegmentedRaftLogWorker.java:startLogSegment(440)) - a505560f-c589-4eb5-89aa-a89970ae9358@group-42C16328B7C0-SegmentedRaftLogWorker: Starting segment from index:0
2025-07-14 15:00:06,389 [a505560f-c589-4eb5-89aa-a89970ae9358@group-42C16328B7C0-LeaderElection8] INFO  server.RaftServer$Division (ServerState.java:setRaftConf(386)) - a505560f-c589-4eb5-89aa-a89970ae9358@group-42C16328B7C0: set configuration conf: {index: 0, cur=peers:[a505560f-c589-4eb5-89aa-a89970ae9358|127.0.0.1:15039]|listeners:[], old=null}
2025-07-14 15:00:06,390 [a505560f-c589-4eb5-89aa-a89970ae9358@group-42C16328B7C0-SegmentedRaftLogWorker] INFO  segmented.BufferedWriteChannel (BufferedWriteChannel.java:open(61)) - open log_inprogress_0 at position 0
2025-07-14 15:00:06,391 [ac481237-f71e-4eeb-9120-a6c52bf83f13-groupManagement] INFO  server.RaftServerConfigKeys (ConfUtils.java:logGet(62)) - raft.server.log.appender.buffer.byte-limit = 33554432 (custom)
2025-07-14 15:00:06,393 [ac481237-f71e-4eeb-9120-a6c52bf83f13-groupManagement] INFO  util.AwaitToRun (AwaitToRun.java:start(81)) - Thread[#1346,ac481237-f71e-4eeb-9120-a6c52bf83f13@group-1AEBB7792E6D-cacheEviction-AwaitToRun,5,main] started
2025-07-14 15:00:06,393 [ac481237-f71e-4eeb-9120-a6c52bf83f13-groupManagement] INFO  segmented.SegmentedRaftLogWorker (SegmentedRaftLogWorker.java:<init>(190)) - new ac481237-f71e-4eeb-9120-a6c52bf83f13@group-1AEBB7792E6D-SegmentedRaftLogWorker for RaftStorageImpl:Storage Directory /home/runner/work/ozone/ozone/hadoop-ozone/integration-test/target/test-dir/MiniOzoneClusterImpl-aaa7dc72-7fbf-48e0-acc5-129182712624/ozone-meta/datanode-7/ratis/9b2abbda-a599-4d5c-9f68-1aebb7792e6d
2025-07-14 15:00:06,393 [ac481237-f71e-4eeb-9120-a6c52bf83f13-groupManagement] INFO  server.RaftServerConfigKeys (ConfUtils.java:logGet(62)) - raft.server.log.queue.byte-limit = 4294967296 (custom)
2025-07-14 15:00:06,394 [ac481237-f71e-4eeb-9120-a6c52bf83f13-groupManagement] INFO  server.RaftServerConfigKeys (ConfUtils.java:logGet(62)) - raft.server.log.segment.size.max = 67108864 (custom)
2025-07-14 15:00:06,394 [ac481237-f71e-4eeb-9120-a6c52bf83f13-groupManagement] INFO  server.RaftServerConfigKeys (ConfUtils.java:logGet(62)) - raft.server.log.preallocated.size = 4194304 (custom)
2025-07-14 15:00:06,395 [ac481237-f71e-4eeb-9120-a6c52bf83f13-groupManagement] INFO  server.RaftServerConfigKeys (ConfUtils.java:logGet(62)) - raft.server.log.write.buffer.size = 33554440 (custom)
2025-07-14 15:00:06,402 [ac481237-f71e-4eeb-9120-a6c52bf83f13-groupManagement] INFO  server.RaftServerConfigKeys (ConfUtils.java:logGet(62)) - raft.server.log.appender.buffer.byte-limit = 33554432 (custom)
2025-07-14 15:00:06,403 [ac481237-f71e-4eeb-9120-a6c52bf83f13-groupManagement] INFO  segmented.SegmentedRaftLogWorker (SegmentedRaftLogWorker.java:lambda$new$0(141)) - ac481237-f71e-4eeb-9120-a6c52bf83f13@group-1AEBB7792E6D-SegmentedRaftLogWorker: flushIndex: setUnconditionally 0 -> -1
2025-07-14 15:00:06,403 [ac481237-f71e-4eeb-9120-a6c52bf83f13-groupManagement] INFO  segmented.SegmentedRaftLogWorker (SegmentedRaftLogWorker.java:lambda$new$0(141)) - ac481237-f71e-4eeb-9120-a6c52bf83f13@group-1AEBB7792E6D-SegmentedRaftLogWorker: safeCacheEvictIndex: setUnconditionally 0 -> -1
2025-07-14 15:00:06,405 [ac481237-f71e-4eeb-9120-a6c52bf83f13-groupManagement] INFO  server.RaftServer$Division (RaftServerImpl.java:start(405)) - ac481237-f71e-4eeb-9120-a6c52bf83f13@group-1AEBB7792E6D: start as a follower, conf=conf: {index: -1, cur=peers:[9eae2efb-1df6-4ce6-ae9d-8504348dafa1|127.0.0.1:15079, ac481237-f71e-4eeb-9120-a6c52bf83f13|127.0.0.1:15063, 89a738d3-0145-4b42-8b1b-b5be9f604b49|127.0.0.1:15071]|listeners:[], old=null}
2025-07-14 15:00:06,405 [ac481237-f71e-4eeb-9120-a6c52bf83f13-groupManagement] INFO  server.RaftServer$Division (RaftServerImpl.java:setRole(392)) - ac481237-f71e-4eeb-9120-a6c52bf83f13@group-1AEBB7792E6D: changes role from      null to FOLLOWER at term 0 for startAsFollower
2025-07-14 15:00:06,405 [ac481237-f71e-4eeb-9120-a6c52bf83f13-groupManagement] INFO  impl.RoleInfo (RoleInfo.java:updateAndGet(148)) - ac481237-f71e-4eeb-9120-a6c52bf83f13: start ac481237-f71e-4eeb-9120-a6c52bf83f13@group-1AEBB7792E6D-FollowerState
2025-07-14 15:00:06,406 [ac481237-f71e-4eeb-9120-a6c52bf83f13-groupManagement] INFO  util.JmxRegister (JmxRegister.java:tryRegister(44)) - Successfully registered JMX Bean with object name Ratis:service=RaftServer,group=group-1AEBB7792E6D,id=ac481237-f71e-4eeb-9120-a6c52bf83f13
2025-07-14 15:00:06,406 [ac481237-f71e-4eeb-9120-a6c52bf83f13-groupManagement] INFO  util.JmxRegister (JmxRegister.java:register(58)) - register mxBean class org.apache.ratis.server.impl.RaftServerJmxAdapter as Ratis:service=RaftServer,group=group-1AEBB7792E6D,id=ac481237-f71e-4eeb-9120-a6c52bf83f13
2025-07-14 15:00:06,407 [a505560f-c589-4eb5-89aa-a89970ae9358@group-42C16328B7C0-SegmentedRaftLogWorker] INFO  segmented.SegmentedRaftLogWorker (SegmentedRaftLogWorker.java:execute(647)) - a505560f-c589-4eb5-89aa-a89970ae9358@group-42C16328B7C0-SegmentedRaftLogWorker: created new log segment /home/runner/work/ozone/ozone/hadoop-ozone/integration-test/target/test-dir/MiniOzoneClusterImpl-aaa7dc72-7fbf-48e0-acc5-129182712624/ozone-meta/datanode-4/ratis/6f4bc581-d89b-4f68-a5e7-42c16328b7c0/current/log_inprogress_0
2025-07-14 15:00:06,407 [ac481237-f71e-4eeb-9120-a6c52bf83f13-groupManagement] INFO  server.RaftServer$Division (RaftServerImpl.java:start(419)) - ac481237-f71e-4eeb-9120-a6c52bf83f13@group-1AEBB7792E6D: Successfully started.
2025-07-14 15:00:06,408 [ac481237-f71e-4eeb-9120-a6c52bf83f13-PipelineCommandHandlerThread-0] INFO  ratis.XceiverServerRatis (XceiverServerRatis.java:addGroup(843)) - Created group Pipeline-9b2abbda-a599-4d5c-9f68-1aebb7792e6d
2025-07-14 15:00:06,411 [a505560f-c589-4eb5-89aa-a89970ae9358@group-42C16328B7C0-StateMachineUpdater] INFO  server.RaftServer$Division (LeaderStateImpl.java:checkStartIndex(309)) - Leader a505560f-c589-4eb5-89aa-a89970ae9358@group-42C16328B7C0-LeaderStateImpl is ready since appliedIndex == startIndex == 0
2025-07-14 15:00:06,412 [a505560f-c589-4eb5-89aa-a89970ae9358@group-42C16328B7C0-StateMachineUpdater] INFO  ratis.ContainerStateMachine (ContainerStateMachine.java:takeSnapshot(427)) - group-42C16328B7C0: Taking a snapshot at:(t:1, i:0) file /home/runner/work/ozone/ozone/hadoop-ozone/integration-test/target/test-dir/MiniOzoneClusterImpl-aaa7dc72-7fbf-48e0-acc5-129182712624/ozone-meta/datanode-4/ratis/6f4bc581-d89b-4f68-a5e7-42c16328b7c0/sm/snapshot.1_0
2025-07-14 15:00:06,413 [a505560f-c589-4eb5-89aa-a89970ae9358@group-B771F555DC8D-FollowerState] INFO  impl.FollowerState (FollowerState.java:runImpl(161)) - a505560f-c589-4eb5-89aa-a89970ae9358@group-B771F555DC8D-FollowerState: change to CANDIDATE, lastRpcElapsedTime:1027800139ns, electionTimeout:1027ms
2025-07-14 15:00:06,413 [a505560f-c589-4eb5-89aa-a89970ae9358@group-B771F555DC8D-FollowerState] INFO  impl.RoleInfo (RoleInfo.java:shutdownFollowerState(121)) - a505560f-c589-4eb5-89aa-a89970ae9358: shutdown a505560f-c589-4eb5-89aa-a89970ae9358@group-B771F555DC8D-FollowerState
2025-07-14 15:00:06,413 [a505560f-c589-4eb5-89aa-a89970ae9358@group-B771F555DC8D-FollowerState] INFO  server.RaftServer$Division (RaftServerImpl.java:setRole(392)) - a505560f-c589-4eb5-89aa-a89970ae9358@group-B771F555DC8D: changes role from  FOLLOWER to CANDIDATE at term 0 for changeToCandidate
2025-07-14 15:00:06,414 [a505560f-c589-4eb5-89aa-a89970ae9358@group-42C16328B7C0-StateMachineUpdater] INFO  ratis.ContainerStateMachine (ContainerStateMachine.java:takeSnapshot(436)) - group-42C16328B7C0: Finished taking a snapshot at:(t:1, i:0) file:/home/runner/work/ozone/ozone/hadoop-ozone/integration-test/target/test-dir/MiniOzoneClusterImpl-aaa7dc72-7fbf-48e0-acc5-129182712624/ozone-meta/datanode-4/ratis/6f4bc581-d89b-4f68-a5e7-42c16328b7c0/sm/snapshot.1_0 took: 1 ms
2025-07-14 15:00:06,414 [a505560f-c589-4eb5-89aa-a89970ae9358@group-42C16328B7C0-StateMachineUpdater] INFO  impl.StateMachineUpdater (StateMachineUpdater.java:takeSnapshot(307)) - a505560f-c589-4eb5-89aa-a89970ae9358@group-42C16328B7C0-StateMachineUpdater: Took a snapshot at index 0
2025-07-14 15:00:06,414 [a505560f-c589-4eb5-89aa-a89970ae9358@group-42C16328B7C0-StateMachineUpdater] INFO  impl.StateMachineUpdater (StateMachineUpdater.java:lambda$new$0(101)) - a505560f-c589-4eb5-89aa-a89970ae9358@group-42C16328B7C0-StateMachineUpdater: snapshotIndex: updateIncreasingly -1 -> 0
2025-07-14 15:00:06,414 [a505560f-c589-4eb5-89aa-a89970ae9358@group-B771F555DC8D-FollowerState] INFO  impl.RoleInfo (RoleInfo.java:updateAndGet(148)) - a505560f-c589-4eb5-89aa-a89970ae9358: start a505560f-c589-4eb5-89aa-a89970ae9358@group-B771F555DC8D-LeaderElection9
2025-07-14 15:00:06,415 [a505560f-c589-4eb5-89aa-a89970ae9358@group-B771F555DC8D-LeaderElection9] INFO  impl.LeaderElection (LeaderElection.java:askForVotes(448)) - a505560f-c589-4eb5-89aa-a89970ae9358@group-B771F555DC8D-LeaderElection9 PRE_VOTE round 0: submit vote requests at term 0 for conf: {index: -1, cur=peers:[77d16558-8a68-4655-9235-107e22ba3c38|127.0.0.1:15047, 52f0bf1a-a22c-4dfc-83f0-dd23f5b60a86|127.0.0.1:15055, a505560f-c589-4eb5-89aa-a89970ae9358|127.0.0.1:15039]|listeners:[], old=null}
2025-07-14 15:00:06,417 [a505560f-c589-4eb5-89aa-a89970ae9358@group-B771F555DC8D-LeaderElection9-1] INFO  server.GrpcServerProtocolClient (GrpcServerProtocolClient.java:<init>(65)) - Build channel for 77d16558-8a68-4655-9235-107e22ba3c38|127.0.0.1:15047
2025-07-14 15:00:06,418 [a505560f-c589-4eb5-89aa-a89970ae9358@group-B771F555DC8D-LeaderElection9-2] INFO  server.GrpcServerProtocolClient (GrpcServerProtocolClient.java:<init>(65)) - Build channel for 52f0bf1a-a22c-4dfc-83f0-dd23f5b60a86|127.0.0.1:15055
2025-07-14 15:00:06,420 [b5acb6b3-ef2b-41db-9bfa-77a47d0ca582@group-C3C32CA5A066-FollowerState] INFO  impl.FollowerState (FollowerState.java:runImpl(161)) - b5acb6b3-ef2b-41db-9bfa-77a47d0ca582@group-C3C32CA5A066-FollowerState: change to CANDIDATE, lastRpcElapsedTime:1161273301ns, electionTimeout:1160ms
2025-07-14 15:00:06,420 [b5acb6b3-ef2b-41db-9bfa-77a47d0ca582@group-C3C32CA5A066-FollowerState] INFO  impl.RoleInfo (RoleInfo.java:shutdownFollowerState(121)) - b5acb6b3-ef2b-41db-9bfa-77a47d0ca582: shutdown b5acb6b3-ef2b-41db-9bfa-77a47d0ca582@group-C3C32CA5A066-FollowerState
2025-07-14 15:00:06,420 [b5acb6b3-ef2b-41db-9bfa-77a47d0ca582@group-C3C32CA5A066-FollowerState] INFO  server.RaftServer$Division (RaftServerImpl.java:setRole(392)) - b5acb6b3-ef2b-41db-9bfa-77a47d0ca582@group-C3C32CA5A066: changes role from  FOLLOWER to CANDIDATE at term 0 for changeToCandidate
2025-07-14 15:00:06,421 [b5acb6b3-ef2b-41db-9bfa-77a47d0ca582@group-C3C32CA5A066-FollowerState] INFO  impl.RoleInfo (RoleInfo.java:updateAndGet(148)) - b5acb6b3-ef2b-41db-9bfa-77a47d0ca582: start b5acb6b3-ef2b-41db-9bfa-77a47d0ca582@group-C3C32CA5A066-LeaderElection10
2025-07-14 15:00:06,421 [grpc-default-executor-1] INFO  server.RaftServer (RaftServerProxy.java:addNew(105)) - 9eae2efb-1df6-4ce6-ae9d-8504348dafa1: addNew group-1AEBB7792E6D:[9eae2efb-1df6-4ce6-ae9d-8504348dafa1|127.0.0.1:15079, ac481237-f71e-4eeb-9120-a6c52bf83f13|127.0.0.1:15063, 89a738d3-0145-4b42-8b1b-b5be9f604b49|127.0.0.1:15071] returns group-1AEBB7792E6D:java.util.concurrent.CompletableFuture@2aa76be5[Not completed]
2025-07-14 15:00:06,422 [b5acb6b3-ef2b-41db-9bfa-77a47d0ca582@group-C3C32CA5A066-LeaderElection10] INFO  impl.LeaderElection (LeaderElection.java:askForVotes(448)) - b5acb6b3-ef2b-41db-9bfa-77a47d0ca582@group-C3C32CA5A066-LeaderElection10 PRE_VOTE round 0: submit vote requests at term 0 for conf: {index: -1, cur=peers:[b5acb6b3-ef2b-41db-9bfa-77a47d0ca582|127.0.0.1:15031]|listeners:[], old=null}
2025-07-14 15:00:06,422 [b5acb6b3-ef2b-41db-9bfa-77a47d0ca582@group-C3C32CA5A066-LeaderElection10] INFO  impl.LeaderElection (LeaderElection.java:askForVotes(450)) - b5acb6b3-ef2b-41db-9bfa-77a47d0ca582@group-C3C32CA5A066-LeaderElection10 PRE_VOTE round 0: result PASSED (term=0)
2025-07-14 15:00:06,423 [9eae2efb-1df6-4ce6-ae9d-8504348dafa1-groupManagement] INFO  server.RaftServer$Division (RaftServerImpl.java:<init>(268)) - 9eae2efb-1df6-4ce6-ae9d-8504348dafa1: new RaftServerImpl for group-1AEBB7792E6D:[9eae2efb-1df6-4ce6-ae9d-8504348dafa1|127.0.0.1:15079, ac481237-f71e-4eeb-9120-a6c52bf83f13|127.0.0.1:15063, 89a738d3-0145-4b42-8b1b-b5be9f604b49|127.0.0.1:15071] with ContainerStateMachine:uninitialized
2025-07-14 15:00:06,424 [9eae2efb-1df6-4ce6-ae9d-8504348dafa1-groupManagement] INFO  server.RaftServer$Division (ServerState.java:<init>(114)) - 9eae2efb-1df6-4ce6-ae9d-8504348dafa1@group-1AEBB7792E6D: ConfigurationManager, init=conf: {index: -1, cur=peers:[9eae2efb-1df6-4ce6-ae9d-8504348dafa1|127.0.0.1:15079, ac481237-f71e-4eeb-9120-a6c52bf83f13|127.0.0.1:15063, 89a738d3-0145-4b42-8b1b-b5be9f604b49|127.0.0.1:15071]|listeners:[], old=null}, confs=<EMPTY_MAP>
2025-07-14 15:00:06,426 [b5acb6b3-ef2b-41db-9bfa-77a47d0ca582@group-C3C32CA5A066-LeaderElection10] INFO  impl.LeaderElection (LeaderElection.java:askForVotes(448)) - b5acb6b3-ef2b-41db-9bfa-77a47d0ca582@group-C3C32CA5A066-LeaderElection10 ELECTION round 0: submit vote requests at term 1 for conf: {index: -1, cur=peers:[b5acb6b3-ef2b-41db-9bfa-77a47d0ca582|127.0.0.1:15031]|listeners:[], old=null}
2025-07-14 15:00:06,426 [b5acb6b3-ef2b-41db-9bfa-77a47d0ca582@group-C3C32CA5A066-LeaderElection10] INFO  impl.LeaderElection (LeaderElection.java:askForVotes(450)) - b5acb6b3-ef2b-41db-9bfa-77a47d0ca582@group-C3C32CA5A066-LeaderElection10 ELECTION round 0: result PASSED (term=1)
2025-07-14 15:00:06,426 [b5acb6b3-ef2b-41db-9bfa-77a47d0ca582@group-C3C32CA5A066-LeaderElection10] INFO  impl.RoleInfo (RoleInfo.java:shutdownLeaderElection(141)) - b5acb6b3-ef2b-41db-9bfa-77a47d0ca582: shutdown b5acb6b3-ef2b-41db-9bfa-77a47d0ca582@group-C3C32CA5A066-LeaderElection10
2025-07-14 15:00:06,426 [b5acb6b3-ef2b-41db-9bfa-77a47d0ca582@group-C3C32CA5A066-LeaderElection10] INFO  server.RaftServer$Division (RaftServerImpl.java:setRole(392)) - b5acb6b3-ef2b-41db-9bfa-77a47d0ca582@group-C3C32CA5A066: changes role from CANDIDATE to LEADER at term 1 for changeToLeader
2025-07-14 15:00:06,426 [b5acb6b3-ef2b-41db-9bfa-77a47d0ca582@group-C3C32CA5A066-LeaderElection10] INFO  server.RaftServerConfigKeys (ConfUtils.java:logFallback(69)) - raft.server.staging.timeout = 15600ms (fallback to raft.server.rpc.timeout.max)
2025-07-14 15:00:06,426 [b5acb6b3-ef2b-41db-9bfa-77a47d0ca582@group-C3C32CA5A066-LeaderElection10] INFO  server.RaftServerConfigKeys (ConfUtils.java:logGet(62)) - raft.server.write.byte-limit = 1024 M (=1073741824) (custom)
2025-07-14 15:00:06,429 [b5acb6b3-ef2b-41db-9bfa-77a47d0ca582@group-C3C32CA5A066-LeaderElection10] INFO  impl.RoleInfo (RoleInfo.java:updateAndGet(148)) - b5acb6b3-ef2b-41db-9bfa-77a47d0ca582: start b5acb6b3-ef2b-41db-9bfa-77a47d0ca582@group-C3C32CA5A066-LeaderStateImpl
2025-07-14 15:00:06,429 [b5acb6b3-ef2b-41db-9bfa-77a47d0ca582@group-C3C32CA5A066-LeaderElection10] INFO  server.RaftServer$Division (RaftServerImpl.java:setFirstElection(576)) - b5acb6b3-ef2b-41db-9bfa-77a47d0ca582@group-C3C32CA5A066: set firstElectionSinceStartup to false for becomeLeader
2025-07-14 15:00:06,429 [b5acb6b3-ef2b-41db-9bfa-77a47d0ca582@group-C3C32CA5A066-LeaderElection10] INFO  ratis.XceiverServerRatis (XceiverServerRatis.java:handleLeaderChangedNotification(944)) - Leader change notification received for group: group-C3C32CA5A066 with new leaderId: b5acb6b3-ef2b-41db-9bfa-77a47d0ca582
2025-07-14 15:00:06,430 [grpc-default-executor-4] INFO  server.RaftServer$Division (RaftServerImpl.java:requestVote(1421)) - 77d16558-8a68-4655-9235-107e22ba3c38@group-B771F555DC8D: receive requestVote(PRE_VOTE, a505560f-c589-4eb5-89aa-a89970ae9358, group-B771F555DC8D, 0, <PROTO_DEFAULT>)
2025-07-14 15:00:06,431 [grpc-default-executor-4] INFO  impl.VoteContext (VoteContext.java:log(49)) - 77d16558-8a68-4655-9235-107e22ba3c38@group-B771F555DC8D-FOLLOWER: accept PRE_VOTE from a505560f-c589-4eb5-89aa-a89970ae9358: our priority 0 <= candidate's priority 1
2025-07-14 15:00:06,431 [grpc-default-executor-4] INFO  server.RaftServer$Division (RaftServerImpl.java:requestVote(1455)) - 77d16558-8a68-4655-9235-107e22ba3c38@group-B771F555DC8D replies to PRE_VOTE vote request: a505560f-c589-4eb5-89aa-a89970ae9358<-77d16558-8a68-4655-9235-107e22ba3c38#0:OK-t0-last:<INITIAL_VALUE>. Peer's state: 77d16558-8a68-4655-9235-107e22ba3c38@group-B771F555DC8D:t0, leader=null, voted=, raftlog=Memoized:77d16558-8a68-4655-9235-107e22ba3c38@group-B771F555DC8D-SegmentedRaftLog:OPENED:c-1:lastnull, conf=conf: {index: -1, cur=peers:[77d16558-8a68-4655-9235-107e22ba3c38|127.0.0.1:15047, 52f0bf1a-a22c-4dfc-83f0-dd23f5b60a86|127.0.0.1:15055, a505560f-c589-4eb5-89aa-a89970ae9358|127.0.0.1:15039]|listeners:[], old=null}
2025-07-14 15:00:06,431 [grpc-default-executor-1] INFO  server.RaftServer$Division (RaftServerImpl.java:requestVote(1421)) - 52f0bf1a-a22c-4dfc-83f0-dd23f5b60a86@group-B771F555DC8D: receive requestVote(PRE_VOTE, a505560f-c589-4eb5-89aa-a89970ae9358, group-B771F555DC8D, 0, <PROTO_DEFAULT>)
2025-07-14 15:00:06,431 [b5acb6b3-ef2b-41db-9bfa-77a47d0ca582@group-C3C32CA5A066-LeaderElection10] INFO  server.RaftServer$Division (ServerState.java:setLeader(272)) - b5acb6b3-ef2b-41db-9bfa-77a47d0ca582@group-C3C32CA5A066: change Leader from null to b5acb6b3-ef2b-41db-9bfa-77a47d0ca582 at term 1 for becomeLeader, leader elected after 1220ms
2025-07-14 15:00:06,433 [b5acb6b3-ef2b-41db-9bfa-77a47d0ca582@group-C3C32CA5A066-LeaderElection10] INFO  segmented.SegmentedRaftLogWorker (SegmentedRaftLogWorker.java:startLogSegment(440)) - b5acb6b3-ef2b-41db-9bfa-77a47d0ca582@group-C3C32CA5A066-SegmentedRaftLogWorker: Starting segment from index:0
2025-07-14 15:00:06,433 [b5acb6b3-ef2b-41db-9bfa-77a47d0ca582@group-C3C32CA5A066-LeaderElection10] INFO  server.RaftServer$Division (ServerState.java:setRaftConf(386)) - b5acb6b3-ef2b-41db-9bfa-77a47d0ca582@group-C3C32CA5A066: set configuration conf: {index: 0, cur=peers:[b5acb6b3-ef2b-41db-9bfa-77a47d0ca582|127.0.0.1:15031]|listeners:[], old=null}
2025-07-14 15:00:06,433 [grpc-default-executor-1] INFO  impl.VoteContext (VoteContext.java:log(49)) - 52f0bf1a-a22c-4dfc-83f0-dd23f5b60a86@group-B771F555DC8D-FOLLOWER: accept PRE_VOTE from a505560f-c589-4eb5-89aa-a89970ae9358: our priority 0 <= candidate's priority 1
2025-07-14 15:00:06,434 [grpc-default-executor-1] INFO  server.RaftServer$Division (RaftServerImpl.java:requestVote(1455)) - 52f0bf1a-a22c-4dfc-83f0-dd23f5b60a86@group-B771F555DC8D replies to PRE_VOTE vote request: a505560f-c589-4eb5-89aa-a89970ae9358<-52f0bf1a-a22c-4dfc-83f0-dd23f5b60a86#0:OK-t0-last:<INITIAL_VALUE>. Peer's state: 52f0bf1a-a22c-4dfc-83f0-dd23f5b60a86@group-B771F555DC8D:t0, leader=null, voted=, raftlog=Memoized:52f0bf1a-a22c-4dfc-83f0-dd23f5b60a86@group-B771F555DC8D-SegmentedRaftLog:OPENED:c-1:lastnull, conf=conf: {index: -1, cur=peers:[77d16558-8a68-4655-9235-107e22ba3c38|127.0.0.1:15047, 52f0bf1a-a22c-4dfc-83f0-dd23f5b60a86|127.0.0.1:15055, a505560f-c589-4eb5-89aa-a89970ae9358|127.0.0.1:15039]|listeners:[], old=null}
2025-07-14 15:00:06,437 [b5acb6b3-ef2b-41db-9bfa-77a47d0ca582@group-C3C32CA5A066-SegmentedRaftLogWorker] INFO  segmented.BufferedWriteChannel (BufferedWriteChannel.java:open(61)) - open log_inprogress_0 at position 0
2025-07-14 15:00:06,441 [a505560f-c589-4eb5-89aa-a89970ae9358@group-B771F555DC8D-LeaderElection9] INFO  impl.LeaderElection (LeaderElection.java:logAndReturn(206)) - a505560f-c589-4eb5-89aa-a89970ae9358@group-B771F555DC8D-LeaderElection9: PRE_VOTE PASSED received 1 response(s) and 0 exception(s):
2025-07-14 15:00:06,442 [a505560f-c589-4eb5-89aa-a89970ae9358@group-B771F555DC8D-LeaderElection9] INFO  impl.LeaderElection (LeaderElection.java:logAndReturn(210)) -   Response 0: a505560f-c589-4eb5-89aa-a89970ae9358<-77d16558-8a68-4655-9235-107e22ba3c38#0:OK-t0-last:<INITIAL_VALUE>
2025-07-14 15:00:06,442 [9eae2efb-1df6-4ce6-ae9d-8504348dafa1-groupManagement] INFO  server.RaftServerConfigKeys (ConfUtils.java:logGet(62)) - raft.server.storage.dir = [/home/runner/work/ozone/ozone/hadoop-ozone/integration-test/target/test-dir/MiniOzoneClusterImpl-aaa7dc72-7fbf-48e0-acc5-129182712624/ozone-meta/datanode-9/ratis] (custom)
2025-07-14 15:00:06,442 [a505560f-c589-4eb5-89aa-a89970ae9358@group-B771F555DC8D-LeaderElection9] INFO  impl.LeaderElection (LeaderElection.java:askForVotes(450)) - a505560f-c589-4eb5-89aa-a89970ae9358@group-B771F555DC8D-LeaderElection9 PRE_VOTE round 0: result PASSED
2025-07-14 15:00:06,443 [9eae2efb-1df6-4ce6-ae9d-8504348dafa1-groupManagement] INFO  storage.RaftStorageDirectory (RaftStorageDirectoryImpl.java:analyzeStorage(138)) - The storage directory /home/runner/work/ozone/ozone/hadoop-ozone/integration-test/target/test-dir/MiniOzoneClusterImpl-aaa7dc72-7fbf-48e0-acc5-129182712624/ozone-meta/datanode-9/ratis/9b2abbda-a599-4d5c-9f68-1aebb7792e6d does not exist. Creating ...
2025-07-14 15:00:06,444 [9eae2efb-1df6-4ce6-ae9d-8504348dafa1-groupManagement] INFO  storage.RaftStorageDirectory (RaftStorageDirectoryImpl.java:tryLock(229)) - Lock on /home/runner/work/ozone/ozone/hadoop-ozone/integration-test/target/test-dir/MiniOzoneClusterImpl-aaa7dc72-7fbf-48e0-acc5-129182712624/ozone-meta/datanode-9/ratis/9b2abbda-a599-4d5c-9f68-1aebb7792e6d/in_use.lock acquired by nodename 18082@localhost
2025-07-14 15:00:06,446 [9eae2efb-1df6-4ce6-ae9d-8504348dafa1-groupManagement] INFO  storage.RaftStorage (RaftStorageImpl.java:format(98)) - Storage directory /home/runner/work/ozone/ozone/hadoop-ozone/integration-test/target/test-dir/MiniOzoneClusterImpl-aaa7dc72-7fbf-48e0-acc5-129182712624/ozone-meta/datanode-9/ratis/9b2abbda-a599-4d5c-9f68-1aebb7792e6d has been successfully formatted.
2025-07-14 15:00:06,446 [a505560f-c589-4eb5-89aa-a89970ae9358@group-B771F555DC8D-LeaderElection9] INFO  impl.LeaderElection (LeaderElection.java:askForVotes(448)) - a505560f-c589-4eb5-89aa-a89970ae9358@group-B771F555DC8D-LeaderElection9 ELECTION round 0: submit vote requests at term 1 for conf: {index: -1, cur=peers:[77d16558-8a68-4655-9235-107e22ba3c38|127.0.0.1:15047, 52f0bf1a-a22c-4dfc-83f0-dd23f5b60a86|127.0.0.1:15055, a505560f-c589-4eb5-89aa-a89970ae9358|127.0.0.1:15039]|listeners:[], old=null}
2025-07-14 15:00:06,448 [9eae2efb-1df6-4ce6-ae9d-8504348dafa1-groupManagement] INFO  ratis.ContainerStateMachine (ContainerStateMachine.java:initialize(339)) - 9eae2efb-1df6-4ce6-ae9d-8504348dafa1: initialize group-1AEBB7792E6D
2025-07-14 15:00:06,448 [9eae2efb-1df6-4ce6-ae9d-8504348dafa1-groupManagement] INFO  ratis.ContainerStateMachine (ContainerStateMachine.java:loadSnapshot(347)) - group-1AEBB7792E6D: The snapshot info is null. Setting the last applied index to:<INITIAL_VALUE>
2025-07-14 15:00:06,448 [9eae2efb-1df6-4ce6-ae9d-8504348dafa1-groupManagement] INFO  server.RaftServerConfigKeys (ConfUtils.java:logGet(62)) - raft.server.log.appender.buffer.byte-limit = 33554432 (custom)
2025-07-14 15:00:06,450 [grpc-default-executor-4] INFO  server.RaftServer$Division (RaftServerImpl.java:requestVote(1421)) - 77d16558-8a68-4655-9235-107e22ba3c38@group-B771F555DC8D: receive requestVote(ELECTION, a505560f-c589-4eb5-89aa-a89970ae9358, group-B771F555DC8D, 1, <PROTO_DEFAULT>)
2025-07-14 15:00:06,450 [grpc-default-executor-4] INFO  impl.VoteContext (VoteContext.java:log(49)) - 77d16558-8a68-4655-9235-107e22ba3c38@group-B771F555DC8D-FOLLOWER: accept ELECTION from a505560f-c589-4eb5-89aa-a89970ae9358: our priority 0 <= candidate's priority 1
2025-07-14 15:00:06,450 [grpc-default-executor-4] INFO  server.RaftServer$Division (RaftServerImpl.java:setRole(392)) - 77d16558-8a68-4655-9235-107e22ba3c38@group-B771F555DC8D: changes role from  FOLLOWER to FOLLOWER at term 0 for candidate:a505560f-c589-4eb5-89aa-a89970ae9358
2025-07-14 15:00:06,450 [grpc-default-executor-4] INFO  impl.RoleInfo (RoleInfo.java:shutdownFollowerState(121)) - 77d16558-8a68-4655-9235-107e22ba3c38: shutdown 77d16558-8a68-4655-9235-107e22ba3c38@group-B771F555DC8D-FollowerState
2025-07-14 15:00:06,450 [grpc-default-executor-4] INFO  impl.RoleInfo (RoleInfo.java:updateAndGet(148)) - 77d16558-8a68-4655-9235-107e22ba3c38: start 77d16558-8a68-4655-9235-107e22ba3c38@group-B771F555DC8D-FollowerState
2025-07-14 15:00:06,450 [77d16558-8a68-4655-9235-107e22ba3c38@group-B771F555DC8D-FollowerState] INFO  impl.FollowerState (FollowerState.java:runImpl(170)) - 77d16558-8a68-4655-9235-107e22ba3c38@group-B771F555DC8D-FollowerState was interrupted
2025-07-14 15:00:06,451 [9eae2efb-1df6-4ce6-ae9d-8504348dafa1-groupManagement] INFO  server.RaftServerConfigKeys (ConfUtils.java:logGet(62)) - raft.server.log.segment.size.max = 67108864 (custom)
2025-07-14 15:00:06,452 [9eae2efb-1df6-4ce6-ae9d-8504348dafa1-groupManagement] INFO  server.RaftServerConfigKeys (ConfUtils.java:logGet(62)) - raft.server.log.appender.buffer.byte-limit = 33554432 (custom)
2025-07-14 15:00:06,452 [grpc-default-executor-4] INFO  server.RaftServer$Division (RaftServerImpl.java:setFirstElection(576)) - 77d16558-8a68-4655-9235-107e22ba3c38@group-B771F555DC8D: set firstElectionSinceStartup to false for candidate:a505560f-c589-4eb5-89aa-a89970ae9358
2025-07-14 15:00:06,453 [9eae2efb-1df6-4ce6-ae9d-8504348dafa1-groupManagement] INFO  util.AwaitToRun (AwaitToRun.java:start(81)) - Thread[#1359,9eae2efb-1df6-4ce6-ae9d-8504348dafa1@group-1AEBB7792E6D-cacheEviction-AwaitToRun,5,main] started
2025-07-14 15:00:06,453 [9eae2efb-1df6-4ce6-ae9d-8504348dafa1-groupManagement] INFO  segmented.SegmentedRaftLogWorker (SegmentedRaftLogWorker.java:<init>(190)) - new 9eae2efb-1df6-4ce6-ae9d-8504348dafa1@group-1AEBB7792E6D-SegmentedRaftLogWorker for RaftStorageImpl:Storage Directory /home/runner/work/ozone/ozone/hadoop-ozone/integration-test/target/test-dir/MiniOzoneClusterImpl-aaa7dc72-7fbf-48e0-acc5-129182712624/ozone-meta/datanode-9/ratis/9b2abbda-a599-4d5c-9f68-1aebb7792e6d
2025-07-14 15:00:06,453 [9eae2efb-1df6-4ce6-ae9d-8504348dafa1-groupManagement] INFO  server.RaftServerConfigKeys (ConfUtils.java:logGet(62)) - raft.server.log.queue.byte-limit = 4294967296 (custom)
2025-07-14 15:00:06,453 [9eae2efb-1df6-4ce6-ae9d-8504348dafa1-groupManagement] INFO  server.RaftServerConfigKeys (ConfUtils.java:logGet(62)) - raft.server.log.segment.size.max = 67108864 (custom)
2025-07-14 15:00:06,453 [9eae2efb-1df6-4ce6-ae9d-8504348dafa1-groupManagement] INFO  server.RaftServerConfigKeys (ConfUtils.java:logGet(62)) - raft.server.log.preallocated.size = 4194304 (custom)
2025-07-14 15:00:06,454 [b5acb6b3-ef2b-41db-9bfa-77a47d0ca582@group-C3C32CA5A066-SegmentedRaftLogWorker] INFO  segmented.SegmentedRaftLogWorker (SegmentedRaftLogWorker.java:execute(647)) - b5acb6b3-ef2b-41db-9bfa-77a47d0ca582@group-C3C32CA5A066-SegmentedRaftLogWorker: created new log segment /home/runner/work/ozone/ozone/hadoop-ozone/integration-test/target/test-dir/MiniOzoneClusterImpl-aaa7dc72-7fbf-48e0-acc5-129182712624/ozone-meta/datanode-3/ratis/89ab0972-d6e3-4095-ab77-c3c32ca5a066/current/log_inprogress_0
2025-07-14 15:00:06,454 [9eae2efb-1df6-4ce6-ae9d-8504348dafa1-groupManagement] INFO  server.RaftServerConfigKeys (ConfUtils.java:logGet(62)) - raft.server.log.write.buffer.size = 33554440 (custom)
2025-07-14 15:00:06,454 [grpc-default-executor-4] INFO  server.RaftServer$Division (RaftServerImpl.java:requestVote(1455)) - 77d16558-8a68-4655-9235-107e22ba3c38@group-B771F555DC8D replies to ELECTION vote request: a505560f-c589-4eb5-89aa-a89970ae9358<-77d16558-8a68-4655-9235-107e22ba3c38#0:OK-t1-last:<INITIAL_VALUE>. Peer's state: 77d16558-8a68-4655-9235-107e22ba3c38@group-B771F555DC8D:t1, leader=null, voted=a505560f-c589-4eb5-89aa-a89970ae9358, raftlog=Memoized:77d16558-8a68-4655-9235-107e22ba3c38@group-B771F555DC8D-SegmentedRaftLog:OPENED:c-1:lastnull, conf=conf: {index: -1, cur=peers:[77d16558-8a68-4655-9235-107e22ba3c38|127.0.0.1:15047, 52f0bf1a-a22c-4dfc-83f0-dd23f5b60a86|127.0.0.1:15055, a505560f-c589-4eb5-89aa-a89970ae9358|127.0.0.1:15039]|listeners:[], old=null}
2025-07-14 15:00:06,455 [grpc-default-executor-4] INFO  server.RaftServer$Division (RaftServerImpl.java:requestVote(1421)) - 52f0bf1a-a22c-4dfc-83f0-dd23f5b60a86@group-B771F555DC8D: receive requestVote(ELECTION, a505560f-c589-4eb5-89aa-a89970ae9358, group-B771F555DC8D, 1, <PROTO_DEFAULT>)
2025-07-14 15:00:06,456 [grpc-default-executor-4] INFO  impl.VoteContext (VoteContext.java:log(49)) - 52f0bf1a-a22c-4dfc-83f0-dd23f5b60a86@group-B771F555DC8D-FOLLOWER: accept ELECTION from a505560f-c589-4eb5-89aa-a89970ae9358: our priority 0 <= candidate's priority 1
2025-07-14 15:00:06,456 [grpc-default-executor-4] INFO  server.RaftServer$Division (RaftServerImpl.java:setRole(392)) - 52f0bf1a-a22c-4dfc-83f0-dd23f5b60a86@group-B771F555DC8D: changes role from  FOLLOWER to FOLLOWER at term 0 for candidate:a505560f-c589-4eb5-89aa-a89970ae9358
2025-07-14 15:00:06,456 [grpc-default-executor-4] INFO  impl.RoleInfo (RoleInfo.java:shutdownFollowerState(121)) - 52f0bf1a-a22c-4dfc-83f0-dd23f5b60a86: shutdown 52f0bf1a-a22c-4dfc-83f0-dd23f5b60a86@group-B771F555DC8D-FollowerState
2025-07-14 15:00:06,456 [grpc-default-executor-4] INFO  impl.RoleInfo (RoleInfo.java:updateAndGet(148)) - 52f0bf1a-a22c-4dfc-83f0-dd23f5b60a86: start 52f0bf1a-a22c-4dfc-83f0-dd23f5b60a86@group-B771F555DC8D-FollowerState
2025-07-14 15:00:06,457 [52f0bf1a-a22c-4dfc-83f0-dd23f5b60a86@group-B771F555DC8D-FollowerState] INFO  impl.FollowerState (FollowerState.java:runImpl(170)) - 52f0bf1a-a22c-4dfc-83f0-dd23f5b60a86@group-B771F555DC8D-FollowerState was interrupted
2025-07-14 15:00:06,457 [grpc-default-executor-4] INFO  server.RaftServer$Division (RaftServerImpl.java:setFirstElection(576)) - 52f0bf1a-a22c-4dfc-83f0-dd23f5b60a86@group-B771F555DC8D: set firstElectionSinceStartup to false for candidate:a505560f-c589-4eb5-89aa-a89970ae9358
2025-07-14 15:00:06,458 [b5acb6b3-ef2b-41db-9bfa-77a47d0ca582@group-C3C32CA5A066-StateMachineUpdater] INFO  server.RaftServer$Division (LeaderStateImpl.java:checkStartIndex(309)) - Leader b5acb6b3-ef2b-41db-9bfa-77a47d0ca582@group-C3C32CA5A066-LeaderStateImpl is ready since appliedIndex == startIndex == 0
2025-07-14 15:00:06,458 [b5acb6b3-ef2b-41db-9bfa-77a47d0ca582@group-C3C32CA5A066-StateMachineUpdater] INFO  ratis.ContainerStateMachine (ContainerStateMachine.java:takeSnapshot(427)) - group-C3C32CA5A066: Taking a snapshot at:(t:1, i:0) file /home/runner/work/ozone/ozone/hadoop-ozone/integration-test/target/test-dir/MiniOzoneClusterImpl-aaa7dc72-7fbf-48e0-acc5-129182712624/ozone-meta/datanode-3/ratis/89ab0972-d6e3-4095-ab77-c3c32ca5a066/sm/snapshot.1_0
2025-07-14 15:00:06,459 [b5acb6b3-ef2b-41db-9bfa-77a47d0ca582@group-C3C32CA5A066-StateMachineUpdater] INFO  ratis.ContainerStateMachine (ContainerStateMachine.java:takeSnapshot(436)) - group-C3C32CA5A066: Finished taking a snapshot at:(t:1, i:0) file:/home/runner/work/ozone/ozone/hadoop-ozone/integration-test/target/test-dir/MiniOzoneClusterImpl-aaa7dc72-7fbf-48e0-acc5-129182712624/ozone-meta/datanode-3/ratis/89ab0972-d6e3-4095-ab77-c3c32ca5a066/sm/snapshot.1_0 took: 1 ms
2025-07-14 15:00:06,459 [a505560f-c589-4eb5-89aa-a89970ae9358@group-B771F555DC8D-LeaderElection9] INFO  impl.LeaderElection (LeaderElection.java:logAndReturn(206)) - a505560f-c589-4eb5-89aa-a89970ae9358@group-B771F555DC8D-LeaderElection9: ELECTION PASSED received 1 response(s) and 0 exception(s):
2025-07-14 15:00:06,459 [a505560f-c589-4eb5-89aa-a89970ae9358@group-B771F555DC8D-LeaderElection9] INFO  impl.LeaderElection (LeaderElection.java:logAndReturn(210)) -   Response 0: a505560f-c589-4eb5-89aa-a89970ae9358<-77d16558-8a68-4655-9235-107e22ba3c38#0:OK-t1-last:<INITIAL_VALUE>
2025-07-14 15:00:06,459 [a505560f-c589-4eb5-89aa-a89970ae9358@group-B771F555DC8D-LeaderElection9] INFO  impl.LeaderElection (LeaderElection.java:askForVotes(450)) - a505560f-c589-4eb5-89aa-a89970ae9358@group-B771F555DC8D-LeaderElection9 ELECTION round 0: result PASSED
2025-07-14 15:00:06,459 [a505560f-c589-4eb5-89aa-a89970ae9358@group-B771F555DC8D-LeaderElection9] INFO  impl.RoleInfo (RoleInfo.java:shutdownLeaderElection(141)) - a505560f-c589-4eb5-89aa-a89970ae9358: shutdown a505560f-c589-4eb5-89aa-a89970ae9358@group-B771F555DC8D-LeaderElection9
2025-07-14 15:00:06,459 [a505560f-c589-4eb5-89aa-a89970ae9358@group-B771F555DC8D-LeaderElection9] INFO  server.RaftServer$Division (RaftServerImpl.java:setRole(392)) - a505560f-c589-4eb5-89aa-a89970ae9358@group-B771F555DC8D: changes role from CANDIDATE to LEADER at term 1 for changeToLeader
2025-07-14 15:00:06,459 [a505560f-c589-4eb5-89aa-a89970ae9358@group-B771F555DC8D-LeaderElection9] INFO  server.RaftServerConfigKeys (ConfUtils.java:logFallback(69)) - raft.server.staging.timeout = 15600ms (fallback to raft.server.rpc.timeout.max)
2025-07-14 15:00:06,459 [a505560f-c589-4eb5-89aa-a89970ae9358@group-B771F555DC8D-LeaderElection9] INFO  server.RaftServerConfigKeys (ConfUtils.java:logGet(62)) - raft.server.write.byte-limit = 1024 M (=1073741824) (custom)
2025-07-14 15:00:06,463 [b5acb6b3-ef2b-41db-9bfa-77a47d0ca582@group-C3C32CA5A066-StateMachineUpdater] INFO  impl.StateMachineUpdater (StateMachineUpdater.java:takeSnapshot(307)) - b5acb6b3-ef2b-41db-9bfa-77a47d0ca582@group-C3C32CA5A066-StateMachineUpdater: Took a snapshot at index 0
2025-07-14 15:00:06,463 [b5acb6b3-ef2b-41db-9bfa-77a47d0ca582@group-C3C32CA5A066-StateMachineUpdater] INFO  impl.StateMachineUpdater (StateMachineUpdater.java:lambda$new$0(101)) - b5acb6b3-ef2b-41db-9bfa-77a47d0ca582@group-C3C32CA5A066-StateMachineUpdater: snapshotIndex: updateIncreasingly -1 -> 0
2025-07-14 15:00:06,464 [a505560f-c589-4eb5-89aa-a89970ae9358@group-B771F555DC8D-LeaderElection9] INFO  server.RaftServerConfigKeys (ConfUtils.java:logGet(62)) - raft.server.log.appender.buffer.byte-limit = 33554432 (custom)
2025-07-14 15:00:06,464 [grpc-default-executor-4] INFO  server.RaftServer$Division (RaftServerImpl.java:requestVote(1455)) - 52f0bf1a-a22c-4dfc-83f0-dd23f5b60a86@group-B771F555DC8D replies to ELECTION vote request: a505560f-c589-4eb5-89aa-a89970ae9358<-52f0bf1a-a22c-4dfc-83f0-dd23f5b60a86#0:OK-t1-last:<INITIAL_VALUE>. Peer's state: 52f0bf1a-a22c-4dfc-83f0-dd23f5b60a86@group-B771F555DC8D:t1, leader=null, voted=a505560f-c589-4eb5-89aa-a89970ae9358, raftlog=Memoized:52f0bf1a-a22c-4dfc-83f0-dd23f5b60a86@group-B771F555DC8D-SegmentedRaftLog:OPENED:c-1:lastnull, conf=conf: {index: -1, cur=peers:[77d16558-8a68-4655-9235-107e22ba3c38|127.0.0.1:15047, 52f0bf1a-a22c-4dfc-83f0-dd23f5b60a86|127.0.0.1:15055, a505560f-c589-4eb5-89aa-a89970ae9358|127.0.0.1:15039]|listeners:[], old=null}
2025-07-14 15:00:06,466 [9eae2efb-1df6-4ce6-ae9d-8504348dafa1-groupManagement] INFO  server.RaftServerConfigKeys (ConfUtils.java:logGet(62)) - raft.server.log.appender.buffer.byte-limit = 33554432 (custom)
2025-07-14 15:00:06,466 [9eae2efb-1df6-4ce6-ae9d-8504348dafa1-groupManagement] INFO  segmented.SegmentedRaftLogWorker (SegmentedRaftLogWorker.java:lambda$new$0(141)) - 9eae2efb-1df6-4ce6-ae9d-8504348dafa1@group-1AEBB7792E6D-SegmentedRaftLogWorker: flushIndex: setUnconditionally 0 -> -1
2025-07-14 15:00:06,466 [9eae2efb-1df6-4ce6-ae9d-8504348dafa1-groupManagement] INFO  segmented.SegmentedRaftLogWorker (SegmentedRaftLogWorker.java:lambda$new$0(141)) - 9eae2efb-1df6-4ce6-ae9d-8504348dafa1@group-1AEBB7792E6D-SegmentedRaftLogWorker: safeCacheEvictIndex: setUnconditionally 0 -> -1
2025-07-14 15:00:06,467 [a505560f-c589-4eb5-89aa-a89970ae9358@group-B771F555DC8D-LeaderElection9] INFO  server.RaftServerConfigKeys (ConfUtils.java:logGet(62)) - raft.server.log.appender.buffer.byte-limit = 33554432 (custom)
2025-07-14 15:00:06,467 [9eae2efb-1df6-4ce6-ae9d-8504348dafa1-groupManagement] INFO  server.RaftServer$Division (RaftServerImpl.java:start(405)) - 9eae2efb-1df6-4ce6-ae9d-8504348dafa1@group-1AEBB7792E6D: start as a follower, conf=conf: {index: -1, cur=peers:[9eae2efb-1df6-4ce6-ae9d-8504348dafa1|127.0.0.1:15079, ac481237-f71e-4eeb-9120-a6c52bf83f13|127.0.0.1:15063, 89a738d3-0145-4b42-8b1b-b5be9f604b49|127.0.0.1:15071]|listeners:[], old=null}
2025-07-14 15:00:06,467 [9eae2efb-1df6-4ce6-ae9d-8504348dafa1-groupManagement] INFO  server.RaftServer$Division (RaftServerImpl.java:setRole(392)) - 9eae2efb-1df6-4ce6-ae9d-8504348dafa1@group-1AEBB7792E6D: changes role from      null to FOLLOWER at term 0 for startAsFollower
2025-07-14 15:00:06,467 [9eae2efb-1df6-4ce6-ae9d-8504348dafa1-groupManagement] INFO  impl.RoleInfo (RoleInfo.java:updateAndGet(148)) - 9eae2efb-1df6-4ce6-ae9d-8504348dafa1: start 9eae2efb-1df6-4ce6-ae9d-8504348dafa1@group-1AEBB7792E6D-FollowerState
2025-07-14 15:00:06,468 [a505560f-c589-4eb5-89aa-a89970ae9358@group-B771F555DC8D-LeaderElection9] INFO  impl.RoleInfo (RoleInfo.java:updateAndGet(148)) - a505560f-c589-4eb5-89aa-a89970ae9358: start a505560f-c589-4eb5-89aa-a89970ae9358@group-B771F555DC8D-LeaderStateImpl
2025-07-14 15:00:06,468 [a505560f-c589-4eb5-89aa-a89970ae9358@group-B771F555DC8D-LeaderElection9] INFO  server.RaftServer$Division (RaftServerImpl.java:setFirstElection(576)) - a505560f-c589-4eb5-89aa-a89970ae9358@group-B771F555DC8D: set firstElectionSinceStartup to false for becomeLeader
2025-07-14 15:00:06,468 [a505560f-c589-4eb5-89aa-a89970ae9358@group-B771F555DC8D-LeaderElection9] INFO  ratis.XceiverServerRatis (XceiverServerRatis.java:handleLeaderChangedNotification(944)) - Leader change notification received for group: group-B771F555DC8D with new leaderId: a505560f-c589-4eb5-89aa-a89970ae9358
2025-07-14 15:00:06,468 [a505560f-c589-4eb5-89aa-a89970ae9358@group-B771F555DC8D-LeaderElection9] INFO  server.RaftServer$Division (ServerState.java:setLeader(272)) - a505560f-c589-4eb5-89aa-a89970ae9358@group-B771F555DC8D: change Leader from null to a505560f-c589-4eb5-89aa-a89970ae9358 at term 1 for becomeLeader, leader elected after 1122ms
2025-07-14 15:00:06,468 [9eae2efb-1df6-4ce6-ae9d-8504348dafa1-groupManagement] INFO  util.JmxRegister (JmxRegister.java:tryRegister(44)) - Successfully registered JMX Bean with object name Ratis:service=RaftServer,group=group-1AEBB7792E6D,id=9eae2efb-1df6-4ce6-ae9d-8504348dafa1
2025-07-14 15:00:06,468 [9eae2efb-1df6-4ce6-ae9d-8504348dafa1-groupManagement] INFO  util.JmxRegister (JmxRegister.java:register(58)) - register mxBean class org.apache.ratis.server.impl.RaftServerJmxAdapter as Ratis:service=RaftServer,group=group-1AEBB7792E6D,id=9eae2efb-1df6-4ce6-ae9d-8504348dafa1
2025-07-14 15:00:06,469 [a505560f-c589-4eb5-89aa-a89970ae9358@group-B771F555DC8D-LeaderElection9] INFO  segmented.SegmentedRaftLogWorker (SegmentedRaftLogWorker.java:startLogSegment(440)) - a505560f-c589-4eb5-89aa-a89970ae9358@group-B771F555DC8D-SegmentedRaftLogWorker: Starting segment from index:0
2025-07-14 15:00:06,469 [a505560f-c589-4eb5-89aa-a89970ae9358@group-B771F555DC8D-SegmentedRaftLogWorker] INFO  segmented.BufferedWriteChannel (BufferedWriteChannel.java:open(61)) - open log_inprogress_0 at position 0
2025-07-14 15:00:06,470 [a505560f-c589-4eb5-89aa-a89970ae9358@group-B771F555DC8D-LeaderElection9] INFO  server.RaftServer$Division (ServerState.java:setRaftConf(386)) - a505560f-c589-4eb5-89aa-a89970ae9358@group-B771F555DC8D: set configuration conf: {index: 0, cur=peers:[77d16558-8a68-4655-9235-107e22ba3c38|127.0.0.1:15047, 52f0bf1a-a22c-4dfc-83f0-dd23f5b60a86|127.0.0.1:15055, a505560f-c589-4eb5-89aa-a89970ae9358|127.0.0.1:15039]|listeners:[], old=null}
2025-07-14 15:00:06,470 [9eae2efb-1df6-4ce6-ae9d-8504348dafa1-groupManagement] INFO  server.RaftServer$Division (RaftServerImpl.java:start(419)) - 9eae2efb-1df6-4ce6-ae9d-8504348dafa1@group-1AEBB7792E6D: Successfully started.
2025-07-14 15:00:06,476 [EventQueue-PipelineReportForPipelineReportHandler] INFO  pipeline.PipelineReportHandler (PipelineReportHandler.java:processPipelineReport(134)) - Opened pipeline Pipeline-955d2a46-e184-48bd-86c8-b771f555dc8d
2025-07-14 15:00:06,483 [grpc-default-executor-1] INFO  ratis.XceiverServerRatis (XceiverServerRatis.java:handleLeaderChangedNotification(944)) - Leader change notification received for group: group-B771F555DC8D with new leaderId: a505560f-c589-4eb5-89aa-a89970ae9358
2025-07-14 15:00:06,483 [grpc-default-executor-1] INFO  server.RaftServer$Division (ServerState.java:setLeader(272)) - 52f0bf1a-a22c-4dfc-83f0-dd23f5b60a86@group-B771F555DC8D: change Leader from null to a505560f-c589-4eb5-89aa-a89970ae9358 at term 1 for appendEntries, leader elected after 1070ms
2025-07-14 15:00:06,484 [grpc-default-executor-3] INFO  ratis.XceiverServerRatis (XceiverServerRatis.java:handleLeaderChangedNotification(944)) - Leader change notification received for group: group-B771F555DC8D with new leaderId: a505560f-c589-4eb5-89aa-a89970ae9358
2025-07-14 15:00:06,484 [grpc-default-executor-3] INFO  server.RaftServer$Division (ServerState.java:setLeader(272)) - 77d16558-8a68-4655-9235-107e22ba3c38@group-B771F555DC8D: change Leader from null to a505560f-c589-4eb5-89aa-a89970ae9358 at term 1 for appendEntries, leader elected after 1029ms
2025-07-14 15:00:06,484 [grpc-default-executor-3] INFO  server.RaftServer$Division (ServerState.java:setRaftConf(386)) - 77d16558-8a68-4655-9235-107e22ba3c38@group-B771F555DC8D: set configuration conf: {index: 0, cur=peers:[77d16558-8a68-4655-9235-107e22ba3c38|127.0.0.1:15047, 52f0bf1a-a22c-4dfc-83f0-dd23f5b60a86|127.0.0.1:15055, a505560f-c589-4eb5-89aa-a89970ae9358|127.0.0.1:15039]|listeners:[], old=null}
2025-07-14 15:00:06,484 [grpc-default-executor-3] INFO  segmented.SegmentedRaftLogWorker (SegmentedRaftLogWorker.java:startLogSegment(440)) - 77d16558-8a68-4655-9235-107e22ba3c38@group-B771F555DC8D-SegmentedRaftLogWorker: Starting segment from index:0
2025-07-14 15:00:06,485 [77d16558-8a68-4655-9235-107e22ba3c38@group-B771F555DC8D-SegmentedRaftLogWorker] INFO  segmented.BufferedWriteChannel (BufferedWriteChannel.java:open(61)) - open log_inprogress_0 at position 0
2025-07-14 15:00:06,485 [grpc-default-executor-1] INFO  server.RaftServer$Division (ServerState.java:setRaftConf(386)) - 52f0bf1a-a22c-4dfc-83f0-dd23f5b60a86@group-B771F555DC8D: set configuration conf: {index: 0, cur=peers:[77d16558-8a68-4655-9235-107e22ba3c38|127.0.0.1:15047, 52f0bf1a-a22c-4dfc-83f0-dd23f5b60a86|127.0.0.1:15055, a505560f-c589-4eb5-89aa-a89970ae9358|127.0.0.1:15039]|listeners:[], old=null}
2025-07-14 15:00:06,485 [grpc-default-executor-1] INFO  segmented.SegmentedRaftLogWorker (SegmentedRaftLogWorker.java:startLogSegment(440)) - 52f0bf1a-a22c-4dfc-83f0-dd23f5b60a86@group-B771F555DC8D-SegmentedRaftLogWorker: Starting segment from index:0
2025-07-14 15:00:06,486 [52f0bf1a-a22c-4dfc-83f0-dd23f5b60a86@group-B771F555DC8D-SegmentedRaftLogWorker] INFO  segmented.BufferedWriteChannel (BufferedWriteChannel.java:open(61)) - open log_inprogress_0 at position 0
2025-07-14 15:00:06,494 [a505560f-c589-4eb5-89aa-a89970ae9358@group-B771F555DC8D-SegmentedRaftLogWorker] INFO  segmented.SegmentedRaftLogWorker (SegmentedRaftLogWorker.java:execute(647)) - a505560f-c589-4eb5-89aa-a89970ae9358@group-B771F555DC8D-SegmentedRaftLogWorker: created new log segment /home/runner/work/ozone/ozone/hadoop-ozone/integration-test/target/test-dir/MiniOzoneClusterImpl-aaa7dc72-7fbf-48e0-acc5-129182712624/ozone-meta/datanode-4/ratis/955d2a46-e184-48bd-86c8-b771f555dc8d/current/log_inprogress_0
2025-07-14 15:00:06,499 [grpc-default-executor-3] INFO  server.RaftServer (RaftServerProxy.java:addNew(105)) - 89a738d3-0145-4b42-8b1b-b5be9f604b49: addNew group-1AEBB7792E6D:[9eae2efb-1df6-4ce6-ae9d-8504348dafa1|127.0.0.1:15079, ac481237-f71e-4eeb-9120-a6c52bf83f13|127.0.0.1:15063, 89a738d3-0145-4b42-8b1b-b5be9f604b49|127.0.0.1:15071] returns group-1AEBB7792E6D:java.util.concurrent.CompletableFuture@7adf3787[Not completed]
2025-07-14 15:00:06,501 [77d16558-8a68-4655-9235-107e22ba3c38@group-B771F555DC8D-SegmentedRaftLogWorker] INFO  segmented.SegmentedRaftLogWorker (SegmentedRaftLogWorker.java:execute(647)) - 77d16558-8a68-4655-9235-107e22ba3c38@group-B771F555DC8D-SegmentedRaftLogWorker: created new log segment /home/runner/work/ozone/ozone/hadoop-ozone/integration-test/target/test-dir/MiniOzoneClusterImpl-aaa7dc72-7fbf-48e0-acc5-129182712624/ozone-meta/datanode-5/ratis/955d2a46-e184-48bd-86c8-b771f555dc8d/current/log_inprogress_0
2025-07-14 15:00:06,501 [52f0bf1a-a22c-4dfc-83f0-dd23f5b60a86@group-B771F555DC8D-SegmentedRaftLogWorker] INFO  segmented.SegmentedRaftLogWorker (SegmentedRaftLogWorker.java:execute(647)) - 52f0bf1a-a22c-4dfc-83f0-dd23f5b60a86@group-B771F555DC8D-SegmentedRaftLogWorker: created new log segment /home/runner/work/ozone/ozone/hadoop-ozone/integration-test/target/test-dir/MiniOzoneClusterImpl-aaa7dc72-7fbf-48e0-acc5-129182712624/ozone-meta/datanode-6/ratis/955d2a46-e184-48bd-86c8-b771f555dc8d/current/log_inprogress_0
2025-07-14 15:00:06,501 [89a738d3-0145-4b42-8b1b-b5be9f604b49-groupManagement] INFO  server.RaftServer$Division (RaftServerImpl.java:<init>(268)) - 89a738d3-0145-4b42-8b1b-b5be9f604b49: new RaftServerImpl for group-1AEBB7792E6D:[9eae2efb-1df6-4ce6-ae9d-8504348dafa1|127.0.0.1:15079, ac481237-f71e-4eeb-9120-a6c52bf83f13|127.0.0.1:15063, 89a738d3-0145-4b42-8b1b-b5be9f604b49|127.0.0.1:15071] with ContainerStateMachine:uninitialized
2025-07-14 15:00:06,505 [89a738d3-0145-4b42-8b1b-b5be9f604b49-groupManagement] INFO  server.RaftServer$Division (ServerState.java:<init>(114)) - 89a738d3-0145-4b42-8b1b-b5be9f604b49@group-1AEBB7792E6D: ConfigurationManager, init=conf: {index: -1, cur=peers:[9eae2efb-1df6-4ce6-ae9d-8504348dafa1|127.0.0.1:15079, ac481237-f71e-4eeb-9120-a6c52bf83f13|127.0.0.1:15063, 89a738d3-0145-4b42-8b1b-b5be9f604b49|127.0.0.1:15071]|listeners:[], old=null}, confs=<EMPTY_MAP>
2025-07-14 15:00:06,506 [a505560f-c589-4eb5-89aa-a89970ae9358@group-B771F555DC8D-StateMachineUpdater] INFO  server.RaftServer$Division (LeaderStateImpl.java:checkStartIndex(309)) - Leader a505560f-c589-4eb5-89aa-a89970ae9358@group-B771F555DC8D-LeaderStateImpl is ready since appliedIndex == startIndex == 0
2025-07-14 15:00:06,507 [a505560f-c589-4eb5-89aa-a89970ae9358@group-B771F555DC8D-StateMachineUpdater] INFO  ratis.ContainerStateMachine (ContainerStateMachine.java:takeSnapshot(427)) - group-B771F555DC8D: Taking a snapshot at:(t:1, i:0) file /home/runner/work/ozone/ozone/hadoop-ozone/integration-test/target/test-dir/MiniOzoneClusterImpl-aaa7dc72-7fbf-48e0-acc5-129182712624/ozone-meta/datanode-4/ratis/955d2a46-e184-48bd-86c8-b771f555dc8d/sm/snapshot.1_0
2025-07-14 15:00:06,508 [a505560f-c589-4eb5-89aa-a89970ae9358@group-B771F555DC8D-StateMachineUpdater] INFO  ratis.ContainerStateMachine (ContainerStateMachine.java:takeSnapshot(436)) - group-B771F555DC8D: Finished taking a snapshot at:(t:1, i:0) file:/home/runner/work/ozone/ozone/hadoop-ozone/integration-test/target/test-dir/MiniOzoneClusterImpl-aaa7dc72-7fbf-48e0-acc5-129182712624/ozone-meta/datanode-4/ratis/955d2a46-e184-48bd-86c8-b771f555dc8d/sm/snapshot.1_0 took: 2 ms
2025-07-14 15:00:06,509 [a505560f-c589-4eb5-89aa-a89970ae9358@group-B771F555DC8D-StateMachineUpdater] INFO  impl.StateMachineUpdater (StateMachineUpdater.java:takeSnapshot(307)) - a505560f-c589-4eb5-89aa-a89970ae9358@group-B771F555DC8D-StateMachineUpdater: Took a snapshot at index 0
2025-07-14 15:00:06,509 [a505560f-c589-4eb5-89aa-a89970ae9358@group-B771F555DC8D-StateMachineUpdater] INFO  impl.StateMachineUpdater (StateMachineUpdater.java:lambda$new$0(101)) - a505560f-c589-4eb5-89aa-a89970ae9358@group-B771F555DC8D-StateMachineUpdater: snapshotIndex: updateIncreasingly -1 -> 0
2025-07-14 15:00:06,510 [89a738d3-0145-4b42-8b1b-b5be9f604b49-groupManagement] INFO  server.RaftServerConfigKeys (ConfUtils.java:logGet(62)) - raft.server.storage.dir = [/home/runner/work/ozone/ozone/hadoop-ozone/integration-test/target/test-dir/MiniOzoneClusterImpl-aaa7dc72-7fbf-48e0-acc5-129182712624/ozone-meta/datanode-8/ratis] (custom)
2025-07-14 15:00:06,510 [89a738d3-0145-4b42-8b1b-b5be9f604b49-groupManagement] INFO  storage.RaftStorageDirectory (RaftStorageDirectoryImpl.java:analyzeStorage(138)) - The storage directory /home/runner/work/ozone/ozone/hadoop-ozone/integration-test/target/test-dir/MiniOzoneClusterImpl-aaa7dc72-7fbf-48e0-acc5-129182712624/ozone-meta/datanode-8/ratis/9b2abbda-a599-4d5c-9f68-1aebb7792e6d does not exist. Creating ...
2025-07-14 15:00:06,512 [89a738d3-0145-4b42-8b1b-b5be9f604b49-groupManagement] INFO  storage.RaftStorageDirectory (RaftStorageDirectoryImpl.java:tryLock(229)) - Lock on /home/runner/work/ozone/ozone/hadoop-ozone/integration-test/target/test-dir/MiniOzoneClusterImpl-aaa7dc72-7fbf-48e0-acc5-129182712624/ozone-meta/datanode-8/ratis/9b2abbda-a599-4d5c-9f68-1aebb7792e6d/in_use.lock acquired by nodename 18082@localhost
2025-07-14 15:00:06,513 [89a738d3-0145-4b42-8b1b-b5be9f604b49-groupManagement] INFO  storage.RaftStorage (RaftStorageImpl.java:format(98)) - Storage directory /home/runner/work/ozone/ozone/hadoop-ozone/integration-test/target/test-dir/MiniOzoneClusterImpl-aaa7dc72-7fbf-48e0-acc5-129182712624/ozone-meta/datanode-8/ratis/9b2abbda-a599-4d5c-9f68-1aebb7792e6d has been successfully formatted.
2025-07-14 15:00:06,514 [89a738d3-0145-4b42-8b1b-b5be9f604b49-groupManagement] INFO  ratis.ContainerStateMachine (ContainerStateMachine.java:initialize(339)) - 89a738d3-0145-4b42-8b1b-b5be9f604b49: initialize group-1AEBB7792E6D
2025-07-14 15:00:06,514 [89a738d3-0145-4b42-8b1b-b5be9f604b49-groupManagement] INFO  ratis.ContainerStateMachine (ContainerStateMachine.java:loadSnapshot(347)) - group-1AEBB7792E6D: The snapshot info is null. Setting the last applied index to:<INITIAL_VALUE>
2025-07-14 15:00:06,514 [89a738d3-0145-4b42-8b1b-b5be9f604b49-groupManagement] INFO  server.RaftServerConfigKeys (ConfUtils.java:logGet(62)) - raft.server.log.appender.buffer.byte-limit = 33554432 (custom)
2025-07-14 15:00:06,518 [89a738d3-0145-4b42-8b1b-b5be9f604b49-groupManagement] INFO  server.RaftServerConfigKeys (ConfUtils.java:logGet(62)) - raft.server.log.segment.size.max = 67108864 (custom)
2025-07-14 15:00:06,518 [89a738d3-0145-4b42-8b1b-b5be9f604b49-groupManagement] INFO  server.RaftServerConfigKeys (ConfUtils.java:logGet(62)) - raft.server.log.appender.buffer.byte-limit = 33554432 (custom)
2025-07-14 15:00:06,519 [89a738d3-0145-4b42-8b1b-b5be9f604b49-groupManagement] INFO  util.AwaitToRun (AwaitToRun.java:start(81)) - Thread[#1373,89a738d3-0145-4b42-8b1b-b5be9f604b49@group-1AEBB7792E6D-cacheEviction-AwaitToRun,5,main] started
2025-07-14 15:00:06,519 [89a738d3-0145-4b42-8b1b-b5be9f604b49-groupManagement] INFO  segmented.SegmentedRaftLogWorker (SegmentedRaftLogWorker.java:<init>(190)) - new 89a738d3-0145-4b42-8b1b-b5be9f604b49@group-1AEBB7792E6D-SegmentedRaftLogWorker for RaftStorageImpl:Storage Directory /home/runner/work/ozone/ozone/hadoop-ozone/integration-test/target/test-dir/MiniOzoneClusterImpl-aaa7dc72-7fbf-48e0-acc5-129182712624/ozone-meta/datanode-8/ratis/9b2abbda-a599-4d5c-9f68-1aebb7792e6d
2025-07-14 15:00:06,519 [89a738d3-0145-4b42-8b1b-b5be9f604b49-groupManagement] INFO  server.RaftServerConfigKeys (ConfUtils.java:logGet(62)) - raft.server.log.queue.byte-limit = 4294967296 (custom)
2025-07-14 15:00:06,519 [89a738d3-0145-4b42-8b1b-b5be9f604b49-groupManagement] INFO  server.RaftServerConfigKeys (ConfUtils.java:logGet(62)) - raft.server.log.segment.size.max = 67108864 (custom)
2025-07-14 15:00:06,519 [89a738d3-0145-4b42-8b1b-b5be9f604b49-groupManagement] INFO  server.RaftServerConfigKeys (ConfUtils.java:logGet(62)) - raft.server.log.preallocated.size = 4194304 (custom)
2025-07-14 15:00:06,520 [89a738d3-0145-4b42-8b1b-b5be9f604b49-groupManagement] INFO  server.RaftServerConfigKeys (ConfUtils.java:logGet(62)) - raft.server.log.write.buffer.size = 33554440 (custom)
2025-07-14 15:00:06,526 [89a738d3-0145-4b42-8b1b-b5be9f604b49-groupManagement] INFO  server.RaftServerConfigKeys (ConfUtils.java:logGet(62)) - raft.server.log.appender.buffer.byte-limit = 33554432 (custom)
2025-07-14 15:00:06,526 [89a738d3-0145-4b42-8b1b-b5be9f604b49-groupManagement] INFO  segmented.SegmentedRaftLogWorker (SegmentedRaftLogWorker.java:lambda$new$0(141)) - 89a738d3-0145-4b42-8b1b-b5be9f604b49@group-1AEBB7792E6D-SegmentedRaftLogWorker: flushIndex: setUnconditionally 0 -> -1
2025-07-14 15:00:06,526 [89a738d3-0145-4b42-8b1b-b5be9f604b49-groupManagement] INFO  segmented.SegmentedRaftLogWorker (SegmentedRaftLogWorker.java:lambda$new$0(141)) - 89a738d3-0145-4b42-8b1b-b5be9f604b49@group-1AEBB7792E6D-SegmentedRaftLogWorker: safeCacheEvictIndex: setUnconditionally 0 -> -1
2025-07-14 15:00:06,527 [89a738d3-0145-4b42-8b1b-b5be9f604b49-groupManagement] INFO  server.RaftServer$Division (RaftServerImpl.java:start(405)) - 89a738d3-0145-4b42-8b1b-b5be9f604b49@group-1AEBB7792E6D: start as a follower, conf=conf: {index: -1, cur=peers:[9eae2efb-1df6-4ce6-ae9d-8504348dafa1|127.0.0.1:15079, ac481237-f71e-4eeb-9120-a6c52bf83f13|127.0.0.1:15063, 89a738d3-0145-4b42-8b1b-b5be9f604b49|127.0.0.1:15071]|listeners:[], old=null}
2025-07-14 15:00:06,527 [89a738d3-0145-4b42-8b1b-b5be9f604b49-groupManagement] INFO  server.RaftServer$Division (RaftServerImpl.java:setRole(392)) - 89a738d3-0145-4b42-8b1b-b5be9f604b49@group-1AEBB7792E6D: changes role from      null to FOLLOWER at term 0 for startAsFollower
2025-07-14 15:00:06,527 [89a738d3-0145-4b42-8b1b-b5be9f604b49-groupManagement] INFO  impl.RoleInfo (RoleInfo.java:updateAndGet(148)) - 89a738d3-0145-4b42-8b1b-b5be9f604b49: start 89a738d3-0145-4b42-8b1b-b5be9f604b49@group-1AEBB7792E6D-FollowerState
2025-07-14 15:00:06,527 [89a738d3-0145-4b42-8b1b-b5be9f604b49-groupManagement] INFO  util.JmxRegister (JmxRegister.java:tryRegister(44)) - Successfully registered JMX Bean with object name Ratis:service=RaftServer,group=group-1AEBB7792E6D,id=89a738d3-0145-4b42-8b1b-b5be9f604b49
2025-07-14 15:00:06,527 [89a738d3-0145-4b42-8b1b-b5be9f604b49-groupManagement] INFO  util.JmxRegister (JmxRegister.java:register(58)) - register mxBean class org.apache.ratis.server.impl.RaftServerJmxAdapter as Ratis:service=RaftServer,group=group-1AEBB7792E6D,id=89a738d3-0145-4b42-8b1b-b5be9f604b49
2025-07-14 15:00:06,528 [89a738d3-0145-4b42-8b1b-b5be9f604b49-groupManagement] INFO  server.RaftServer$Division (RaftServerImpl.java:start(419)) - 89a738d3-0145-4b42-8b1b-b5be9f604b49@group-1AEBB7792E6D: Successfully started.
2025-07-14 15:00:06,536 [ac481237-f71e-4eeb-9120-a6c52bf83f13-PipelineCommandHandlerThread-0] INFO  commandhandler.CreatePipelineCommandHandler (CreatePipelineCommandHandler.java:lambda$handle$2(127)) - Created Pipeline RATIS THREE Pipeline-9b2abbda-a599-4d5c-9f68-1aebb7792e6d.
2025-07-14 15:00:06,537 [ac481237-f71e-4eeb-9120-a6c52bf83f13-PipelineCommandHandlerThread-0] INFO  server.RaftServer (RaftServerProxy.java:addNew(105)) - ac481237-f71e-4eeb-9120-a6c52bf83f13: addNew group-EABB3B9FB711:[9eae2efb-1df6-4ce6-ae9d-8504348dafa1|127.0.0.1:15079, 89a738d3-0145-4b42-8b1b-b5be9f604b49|127.0.0.1:15071, ac481237-f71e-4eeb-9120-a6c52bf83f13|127.0.0.1:15063] returns group-EABB3B9FB711:java.util.concurrent.CompletableFuture@6691591[Not completed]
2025-07-14 15:00:06,539 [ac481237-f71e-4eeb-9120-a6c52bf83f13-groupManagement] INFO  server.RaftServer$Division (RaftServerImpl.java:<init>(268)) - ac481237-f71e-4eeb-9120-a6c52bf83f13: new RaftServerImpl for group-EABB3B9FB711:[9eae2efb-1df6-4ce6-ae9d-8504348dafa1|127.0.0.1:15079, 89a738d3-0145-4b42-8b1b-b5be9f604b49|127.0.0.1:15071, ac481237-f71e-4eeb-9120-a6c52bf83f13|127.0.0.1:15063] with ContainerStateMachine:uninitialized
2025-07-14 15:00:06,539 [ac481237-f71e-4eeb-9120-a6c52bf83f13-groupManagement] INFO  server.RaftServer$Division (ServerState.java:<init>(114)) - ac481237-f71e-4eeb-9120-a6c52bf83f13@group-EABB3B9FB711: ConfigurationManager, init=conf: {index: -1, cur=peers:[9eae2efb-1df6-4ce6-ae9d-8504348dafa1|127.0.0.1:15079, 89a738d3-0145-4b42-8b1b-b5be9f604b49|127.0.0.1:15071, ac481237-f71e-4eeb-9120-a6c52bf83f13|127.0.0.1:15063]|listeners:[], old=null}, confs=<EMPTY_MAP>
2025-07-14 15:00:06,545 [ac481237-f71e-4eeb-9120-a6c52bf83f13-groupManagement] INFO  server.RaftServerConfigKeys (ConfUtils.java:logGet(62)) - raft.server.storage.dir = [/home/runner/work/ozone/ozone/hadoop-ozone/integration-test/target/test-dir/MiniOzoneClusterImpl-aaa7dc72-7fbf-48e0-acc5-129182712624/ozone-meta/datanode-7/ratis] (custom)
2025-07-14 15:00:06,545 [ac481237-f71e-4eeb-9120-a6c52bf83f13-groupManagement] INFO  storage.RaftStorageDirectory (RaftStorageDirectoryImpl.java:analyzeStorage(138)) - The storage directory /home/runner/work/ozone/ozone/hadoop-ozone/integration-test/target/test-dir/MiniOzoneClusterImpl-aaa7dc72-7fbf-48e0-acc5-129182712624/ozone-meta/datanode-7/ratis/2a96270d-5a4d-4083-9a90-eabb3b9fb711 does not exist. Creating ...
2025-07-14 15:00:06,547 [ac481237-f71e-4eeb-9120-a6c52bf83f13-groupManagement] INFO  storage.RaftStorageDirectory (RaftStorageDirectoryImpl.java:tryLock(229)) - Lock on /home/runner/work/ozone/ozone/hadoop-ozone/integration-test/target/test-dir/MiniOzoneClusterImpl-aaa7dc72-7fbf-48e0-acc5-129182712624/ozone-meta/datanode-7/ratis/2a96270d-5a4d-4083-9a90-eabb3b9fb711/in_use.lock acquired by nodename 18082@localhost
2025-07-14 15:00:06,548 [ac481237-f71e-4eeb-9120-a6c52bf83f13-groupManagement] INFO  storage.RaftStorage (RaftStorageImpl.java:format(98)) - Storage directory /home/runner/work/ozone/ozone/hadoop-ozone/integration-test/target/test-dir/MiniOzoneClusterImpl-aaa7dc72-7fbf-48e0-acc5-129182712624/ozone-meta/datanode-7/ratis/2a96270d-5a4d-4083-9a90-eabb3b9fb711 has been successfully formatted.
2025-07-14 15:00:06,550 [ac481237-f71e-4eeb-9120-a6c52bf83f13-groupManagement] INFO  ratis.ContainerStateMachine (ContainerStateMachine.java:initialize(339)) - ac481237-f71e-4eeb-9120-a6c52bf83f13: initialize group-EABB3B9FB711
2025-07-14 15:00:06,550 [ac481237-f71e-4eeb-9120-a6c52bf83f13-groupManagement] INFO  ratis.ContainerStateMachine (ContainerStateMachine.java:loadSnapshot(347)) - group-EABB3B9FB711: The snapshot info is null. Setting the last applied index to:<INITIAL_VALUE>
2025-07-14 15:00:06,551 [ac481237-f71e-4eeb-9120-a6c52bf83f13-groupManagement] INFO  server.RaftServerConfigKeys (ConfUtils.java:logGet(62)) - raft.server.log.appender.buffer.byte-limit = 33554432 (custom)
2025-07-14 15:00:06,553 [ac481237-f71e-4eeb-9120-a6c52bf83f13-groupManagement] INFO  server.RaftServerConfigKeys (ConfUtils.java:logGet(62)) - raft.server.log.segment.size.max = 67108864 (custom)
2025-07-14 15:00:06,553 [ac481237-f71e-4eeb-9120-a6c52bf83f13-groupManagement] INFO  server.RaftServerConfigKeys (ConfUtils.java:logGet(62)) - raft.server.log.appender.buffer.byte-limit = 33554432 (custom)
2025-07-14 15:00:06,553 [ac481237-f71e-4eeb-9120-a6c52bf83f13-groupManagement] INFO  util.AwaitToRun (AwaitToRun.java:start(81)) - Thread[#1380,ac481237-f71e-4eeb-9120-a6c52bf83f13@group-EABB3B9FB711-cacheEviction-AwaitToRun,5,main] started
2025-07-14 15:00:06,554 [ac481237-f71e-4eeb-9120-a6c52bf83f13-groupManagement] INFO  segmented.SegmentedRaftLogWorker (SegmentedRaftLogWorker.java:<init>(190)) - new ac481237-f71e-4eeb-9120-a6c52bf83f13@group-EABB3B9FB711-SegmentedRaftLogWorker for RaftStorageImpl:Storage Directory /home/runner/work/ozone/ozone/hadoop-ozone/integration-test/target/test-dir/MiniOzoneClusterImpl-aaa7dc72-7fbf-48e0-acc5-129182712624/ozone-meta/datanode-7/ratis/2a96270d-5a4d-4083-9a90-eabb3b9fb711
2025-07-14 15:00:06,554 [ac481237-f71e-4eeb-9120-a6c52bf83f13-groupManagement] INFO  server.RaftServerConfigKeys (ConfUtils.java:logGet(62)) - raft.server.log.queue.byte-limit = 4294967296 (custom)
2025-07-14 15:00:06,554 [ac481237-f71e-4eeb-9120-a6c52bf83f13-groupManagement] INFO  server.RaftServerConfigKeys (ConfUtils.java:logGet(62)) - raft.server.log.segment.size.max = 67108864 (custom)
2025-07-14 15:00:06,554 [ac481237-f71e-4eeb-9120-a6c52bf83f13-groupManagement] INFO  server.RaftServerConfigKeys (ConfUtils.java:logGet(62)) - raft.server.log.preallocated.size = 4194304 (custom)
2025-07-14 15:00:06,554 [ac481237-f71e-4eeb-9120-a6c52bf83f13-groupManagement] INFO  server.RaftServerConfigKeys (ConfUtils.java:logGet(62)) - raft.server.log.write.buffer.size = 33554440 (custom)
2025-07-14 15:00:06,558 [89a738d3-0145-4b42-8b1b-b5be9f604b49-PipelineCommandHandlerThread-0] INFO  server.RaftServer (RaftServerProxy.java:addNew(105)) - 89a738d3-0145-4b42-8b1b-b5be9f604b49: addNew group-24D8AEEDCC70:[89a738d3-0145-4b42-8b1b-b5be9f604b49|127.0.0.1:15071] returns group-24D8AEEDCC70:java.util.concurrent.CompletableFuture@367a298b[Not completed]
2025-07-14 15:00:06,561 [89a738d3-0145-4b42-8b1b-b5be9f604b49-groupManagement] INFO  server.RaftServer$Division (RaftServerImpl.java:<init>(268)) - 89a738d3-0145-4b42-8b1b-b5be9f604b49: new RaftServerImpl for group-24D8AEEDCC70:[89a738d3-0145-4b42-8b1b-b5be9f604b49|127.0.0.1:15071] with ContainerStateMachine:uninitialized
2025-07-14 15:00:06,562 [89a738d3-0145-4b42-8b1b-b5be9f604b49-groupManagement] INFO  server.RaftServer$Division (ServerState.java:<init>(114)) - 89a738d3-0145-4b42-8b1b-b5be9f604b49@group-24D8AEEDCC70: ConfigurationManager, init=conf: {index: -1, cur=peers:[89a738d3-0145-4b42-8b1b-b5be9f604b49|127.0.0.1:15071]|listeners:[], old=null}, confs=<EMPTY_MAP>
2025-07-14 15:00:06,564 [ac481237-f71e-4eeb-9120-a6c52bf83f13-groupManagement] INFO  server.RaftServerConfigKeys (ConfUtils.java:logGet(62)) - raft.server.log.appender.buffer.byte-limit = 33554432 (custom)
2025-07-14 15:00:06,565 [ac481237-f71e-4eeb-9120-a6c52bf83f13-groupManagement] INFO  segmented.SegmentedRaftLogWorker (SegmentedRaftLogWorker.java:lambda$new$0(141)) - ac481237-f71e-4eeb-9120-a6c52bf83f13@group-EABB3B9FB711-SegmentedRaftLogWorker: flushIndex: setUnconditionally 0 -> -1
2025-07-14 15:00:06,565 [ac481237-f71e-4eeb-9120-a6c52bf83f13-groupManagement] INFO  segmented.SegmentedRaftLogWorker (SegmentedRaftLogWorker.java:lambda$new$0(141)) - ac481237-f71e-4eeb-9120-a6c52bf83f13@group-EABB3B9FB711-SegmentedRaftLogWorker: safeCacheEvictIndex: setUnconditionally 0 -> -1
2025-07-14 15:00:06,566 [ac481237-f71e-4eeb-9120-a6c52bf83f13-groupManagement] INFO  server.RaftServer$Division (RaftServerImpl.java:start(405)) - ac481237-f71e-4eeb-9120-a6c52bf83f13@group-EABB3B9FB711: start as a follower, conf=conf: {index: -1, cur=peers:[9eae2efb-1df6-4ce6-ae9d-8504348dafa1|127.0.0.1:15079, 89a738d3-0145-4b42-8b1b-b5be9f604b49|127.0.0.1:15071, ac481237-f71e-4eeb-9120-a6c52bf83f13|127.0.0.1:15063]|listeners:[], old=null}
2025-07-14 15:00:06,566 [ac481237-f71e-4eeb-9120-a6c52bf83f13-groupManagement] INFO  server.RaftServer$Division (RaftServerImpl.java:setRole(392)) - ac481237-f71e-4eeb-9120-a6c52bf83f13@group-EABB3B9FB711: changes role from      null to FOLLOWER at term 0 for startAsFollower
2025-07-14 15:00:06,566 [ac481237-f71e-4eeb-9120-a6c52bf83f13-groupManagement] INFO  impl.RoleInfo (RoleInfo.java:updateAndGet(148)) - ac481237-f71e-4eeb-9120-a6c52bf83f13: start ac481237-f71e-4eeb-9120-a6c52bf83f13@group-EABB3B9FB711-FollowerState
2025-07-14 15:00:06,568 [ac481237-f71e-4eeb-9120-a6c52bf83f13-groupManagement] INFO  util.JmxRegister (JmxRegister.java:tryRegister(44)) - Successfully registered JMX Bean with object name Ratis:service=RaftServer,group=group-EABB3B9FB711,id=ac481237-f71e-4eeb-9120-a6c52bf83f13
2025-07-14 15:00:06,568 [ac481237-f71e-4eeb-9120-a6c52bf83f13-groupManagement] INFO  util.JmxRegister (JmxRegister.java:register(58)) - register mxBean class org.apache.ratis.server.impl.RaftServerJmxAdapter as Ratis:service=RaftServer,group=group-EABB3B9FB711,id=ac481237-f71e-4eeb-9120-a6c52bf83f13
2025-07-14 15:00:06,569 [ac481237-f71e-4eeb-9120-a6c52bf83f13-groupManagement] INFO  server.RaftServer$Division (RaftServerImpl.java:start(419)) - ac481237-f71e-4eeb-9120-a6c52bf83f13@group-EABB3B9FB711: Successfully started.
2025-07-14 15:00:06,570 [ac481237-f71e-4eeb-9120-a6c52bf83f13-PipelineCommandHandlerThread-0] INFO  ratis.XceiverServerRatis (XceiverServerRatis.java:addGroup(843)) - Created group Pipeline-2a96270d-5a4d-4083-9a90-eabb3b9fb711
2025-07-14 15:00:06,570 [89a738d3-0145-4b42-8b1b-b5be9f604b49-groupManagement] INFO  server.RaftServerConfigKeys (ConfUtils.java:logGet(62)) - raft.server.storage.dir = [/home/runner/work/ozone/ozone/hadoop-ozone/integration-test/target/test-dir/MiniOzoneClusterImpl-aaa7dc72-7fbf-48e0-acc5-129182712624/ozone-meta/datanode-8/ratis] (custom)
2025-07-14 15:00:06,572 [89a738d3-0145-4b42-8b1b-b5be9f604b49-groupManagement] INFO  storage.RaftStorageDirectory (RaftStorageDirectoryImpl.java:analyzeStorage(138)) - The storage directory /home/runner/work/ozone/ozone/hadoop-ozone/integration-test/target/test-dir/MiniOzoneClusterImpl-aaa7dc72-7fbf-48e0-acc5-129182712624/ozone-meta/datanode-8/ratis/f488c666-a794-4a78-a9cd-24d8aeedcc70 does not exist. Creating ...
2025-07-14 15:00:06,574 [89a738d3-0145-4b42-8b1b-b5be9f604b49-groupManagement] INFO  storage.RaftStorageDirectory (RaftStorageDirectoryImpl.java:tryLock(229)) - Lock on /home/runner/work/ozone/ozone/hadoop-ozone/integration-test/target/test-dir/MiniOzoneClusterImpl-aaa7dc72-7fbf-48e0-acc5-129182712624/ozone-meta/datanode-8/ratis/f488c666-a794-4a78-a9cd-24d8aeedcc70/in_use.lock acquired by nodename 18082@localhost
2025-07-14 15:00:06,577 [89a738d3-0145-4b42-8b1b-b5be9f604b49-groupManagement] INFO  storage.RaftStorage (RaftStorageImpl.java:format(98)) - Storage directory /home/runner/work/ozone/ozone/hadoop-ozone/integration-test/target/test-dir/MiniOzoneClusterImpl-aaa7dc72-7fbf-48e0-acc5-129182712624/ozone-meta/datanode-8/ratis/f488c666-a794-4a78-a9cd-24d8aeedcc70 has been successfully formatted.
2025-07-14 15:00:06,577 [89a738d3-0145-4b42-8b1b-b5be9f604b49-groupManagement] INFO  ratis.ContainerStateMachine (ContainerStateMachine.java:initialize(339)) - 89a738d3-0145-4b42-8b1b-b5be9f604b49: initialize group-24D8AEEDCC70
2025-07-14 15:00:06,577 [89a738d3-0145-4b42-8b1b-b5be9f604b49-groupManagement] INFO  ratis.ContainerStateMachine (ContainerStateMachine.java:loadSnapshot(347)) - group-24D8AEEDCC70: The snapshot info is null. Setting the last applied index to:<INITIAL_VALUE>
2025-07-14 15:00:06,577 [89a738d3-0145-4b42-8b1b-b5be9f604b49-groupManagement] INFO  server.RaftServerConfigKeys (ConfUtils.java:logGet(62)) - raft.server.log.appender.buffer.byte-limit = 33554432 (custom)
2025-07-14 15:00:06,581 [52f0bf1a-a22c-4dfc-83f0-dd23f5b60a86@group-66EA1A40B3A7-FollowerState] INFO  impl.FollowerState (FollowerState.java:runImpl(161)) - 52f0bf1a-a22c-4dfc-83f0-dd23f5b60a86@group-66EA1A40B3A7-FollowerState: change to CANDIDATE, lastRpcElapsedTime:1034438165ns, electionTimeout:1034ms
2025-07-14 15:00:06,581 [52f0bf1a-a22c-4dfc-83f0-dd23f5b60a86@group-66EA1A40B3A7-FollowerState] INFO  impl.RoleInfo (RoleInfo.java:shutdownFollowerState(121)) - 52f0bf1a-a22c-4dfc-83f0-dd23f5b60a86: shutdown 52f0bf1a-a22c-4dfc-83f0-dd23f5b60a86@group-66EA1A40B3A7-FollowerState
2025-07-14 15:00:06,582 [89a738d3-0145-4b42-8b1b-b5be9f604b49-groupManagement] INFO  server.RaftServerConfigKeys (ConfUtils.java:logGet(62)) - raft.server.log.segment.size.max = 67108864 (custom)
2025-07-14 15:00:06,582 [89a738d3-0145-4b42-8b1b-b5be9f604b49-groupManagement] INFO  server.RaftServerConfigKeys (ConfUtils.java:logGet(62)) - raft.server.log.appender.buffer.byte-limit = 33554432 (custom)
2025-07-14 15:00:06,583 [52f0bf1a-a22c-4dfc-83f0-dd23f5b60a86@group-66EA1A40B3A7-FollowerState] INFO  server.RaftServer$Division (RaftServerImpl.java:setRole(392)) - 52f0bf1a-a22c-4dfc-83f0-dd23f5b60a86@group-66EA1A40B3A7: changes role from  FOLLOWER to CANDIDATE at term 0 for changeToCandidate
2025-07-14 15:00:06,583 [52f0bf1a-a22c-4dfc-83f0-dd23f5b60a86@group-66EA1A40B3A7-FollowerState] INFO  impl.RoleInfo (RoleInfo.java:updateAndGet(148)) - 52f0bf1a-a22c-4dfc-83f0-dd23f5b60a86: start 52f0bf1a-a22c-4dfc-83f0-dd23f5b60a86@group-66EA1A40B3A7-LeaderElection11
2025-07-14 15:00:06,584 [89a738d3-0145-4b42-8b1b-b5be9f604b49-groupManagement] INFO  util.AwaitToRun (AwaitToRun.java:start(81)) - Thread[#1385,89a738d3-0145-4b42-8b1b-b5be9f604b49@group-24D8AEEDCC70-cacheEviction-AwaitToRun,5,main] started
2025-07-14 15:00:06,584 [89a738d3-0145-4b42-8b1b-b5be9f604b49-groupManagement] INFO  segmented.SegmentedRaftLogWorker (SegmentedRaftLogWorker.java:<init>(190)) - new 89a738d3-0145-4b42-8b1b-b5be9f604b49@group-24D8AEEDCC70-SegmentedRaftLogWorker for RaftStorageImpl:Storage Directory /home/runner/work/ozone/ozone/hadoop-ozone/integration-test/target/test-dir/MiniOzoneClusterImpl-aaa7dc72-7fbf-48e0-acc5-129182712624/ozone-meta/datanode-8/ratis/f488c666-a794-4a78-a9cd-24d8aeedcc70
2025-07-14 15:00:06,585 [89a738d3-0145-4b42-8b1b-b5be9f604b49-groupManagement] INFO  server.RaftServerConfigKeys (ConfUtils.java:logGet(62)) - raft.server.log.queue.byte-limit = 4294967296 (custom)
2025-07-14 15:00:06,585 [89a738d3-0145-4b42-8b1b-b5be9f604b49-groupManagement] INFO  server.RaftServerConfigKeys (ConfUtils.java:logGet(62)) - raft.server.log.segment.size.max = 67108864 (custom)
2025-07-14 15:00:06,585 [89a738d3-0145-4b42-8b1b-b5be9f604b49-groupManagement] INFO  server.RaftServerConfigKeys (ConfUtils.java:logGet(62)) - raft.server.log.preallocated.size = 4194304 (custom)
2025-07-14 15:00:06,586 [89a738d3-0145-4b42-8b1b-b5be9f604b49-groupManagement] INFO  server.RaftServerConfigKeys (ConfUtils.java:logGet(62)) - raft.server.log.write.buffer.size = 33554440 (custom)
2025-07-14 15:00:06,587 [52f0bf1a-a22c-4dfc-83f0-dd23f5b60a86@group-66EA1A40B3A7-LeaderElection11] INFO  impl.LeaderElection (LeaderElection.java:askForVotes(448)) - 52f0bf1a-a22c-4dfc-83f0-dd23f5b60a86@group-66EA1A40B3A7-LeaderElection11 PRE_VOTE round 0: submit vote requests at term 0 for conf: {index: -1, cur=peers:[77d16558-8a68-4655-9235-107e22ba3c38|127.0.0.1:15047, 52f0bf1a-a22c-4dfc-83f0-dd23f5b60a86|127.0.0.1:15055, a505560f-c589-4eb5-89aa-a89970ae9358|127.0.0.1:15039]|listeners:[], old=null}
2025-07-14 15:00:06,587 [EventQueue-PipelineReportForPipelineReportHandler] INFO  pipeline.PipelineReportHandler (PipelineReportHandler.java:processPipelineReport(134)) - Opened pipeline Pipeline-f488c666-a794-4a78-a9cd-24d8aeedcc70
2025-07-14 15:00:06,589 [52f0bf1a-a22c-4dfc-83f0-dd23f5b60a86@group-66EA1A40B3A7-LeaderElection11-1] INFO  server.GrpcServerProtocolClient (GrpcServerProtocolClient.java:<init>(65)) - Build channel for 77d16558-8a68-4655-9235-107e22ba3c38|127.0.0.1:15047
2025-07-14 15:00:06,589 [grpc-default-executor-3] INFO  server.RaftServer (RaftServerProxy.java:addNew(105)) - 89a738d3-0145-4b42-8b1b-b5be9f604b49: addNew group-EABB3B9FB711:[9eae2efb-1df6-4ce6-ae9d-8504348dafa1|127.0.0.1:15079, 89a738d3-0145-4b42-8b1b-b5be9f604b49|127.0.0.1:15071, ac481237-f71e-4eeb-9120-a6c52bf83f13|127.0.0.1:15063] returns group-EABB3B9FB711:java.util.concurrent.CompletableFuture@68588575[Not completed]
2025-07-14 15:00:06,591 [52f0bf1a-a22c-4dfc-83f0-dd23f5b60a86@group-66EA1A40B3A7-LeaderElection11-2] INFO  server.GrpcServerProtocolClient (GrpcServerProtocolClient.java:<init>(65)) - Build channel for a505560f-c589-4eb5-89aa-a89970ae9358|127.0.0.1:15039
2025-07-14 15:00:06,597 [89a738d3-0145-4b42-8b1b-b5be9f604b49-groupManagement] INFO  server.RaftServerConfigKeys (ConfUtils.java:logGet(62)) - raft.server.log.appender.buffer.byte-limit = 33554432 (custom)
2025-07-14 15:00:06,598 [89a738d3-0145-4b42-8b1b-b5be9f604b49-groupManagement] INFO  segmented.SegmentedRaftLogWorker (SegmentedRaftLogWorker.java:lambda$new$0(141)) - 89a738d3-0145-4b42-8b1b-b5be9f604b49@group-24D8AEEDCC70-SegmentedRaftLogWorker: flushIndex: setUnconditionally 0 -> -1
2025-07-14 15:00:06,598 [89a738d3-0145-4b42-8b1b-b5be9f604b49-groupManagement] INFO  segmented.SegmentedRaftLogWorker (SegmentedRaftLogWorker.java:lambda$new$0(141)) - 89a738d3-0145-4b42-8b1b-b5be9f604b49@group-24D8AEEDCC70-SegmentedRaftLogWorker: safeCacheEvictIndex: setUnconditionally 0 -> -1
2025-07-14 15:00:06,598 [89a738d3-0145-4b42-8b1b-b5be9f604b49-groupManagement] INFO  server.RaftServer$Division (RaftServerImpl.java:start(405)) - 89a738d3-0145-4b42-8b1b-b5be9f604b49@group-24D8AEEDCC70: start as a follower, conf=conf: {index: -1, cur=peers:[89a738d3-0145-4b42-8b1b-b5be9f604b49|127.0.0.1:15071]|listeners:[], old=null}
2025-07-14 15:00:06,598 [89a738d3-0145-4b42-8b1b-b5be9f604b49-groupManagement] INFO  server.RaftServer$Division (RaftServerImpl.java:setRole(392)) - 89a738d3-0145-4b42-8b1b-b5be9f604b49@group-24D8AEEDCC70: changes role from      null to FOLLOWER at term 0 for startAsFollower
2025-07-14 15:00:06,598 [89a738d3-0145-4b42-8b1b-b5be9f604b49-groupManagement] INFO  impl.RoleInfo (RoleInfo.java:updateAndGet(148)) - 89a738d3-0145-4b42-8b1b-b5be9f604b49: start 89a738d3-0145-4b42-8b1b-b5be9f604b49@group-24D8AEEDCC70-FollowerState
2025-07-14 15:00:06,599 [89a738d3-0145-4b42-8b1b-b5be9f604b49-groupManagement] INFO  util.JmxRegister (JmxRegister.java:tryRegister(44)) - Successfully registered JMX Bean with object name Ratis:service=RaftServer,group=group-24D8AEEDCC70,id=89a738d3-0145-4b42-8b1b-b5be9f604b49
2025-07-14 15:00:06,599 [89a738d3-0145-4b42-8b1b-b5be9f604b49-groupManagement] INFO  util.JmxRegister (JmxRegister.java:register(58)) - register mxBean class org.apache.ratis.server.impl.RaftServerJmxAdapter as Ratis:service=RaftServer,group=group-24D8AEEDCC70,id=89a738d3-0145-4b42-8b1b-b5be9f604b49
2025-07-14 15:00:06,600 [89a738d3-0145-4b42-8b1b-b5be9f604b49-groupManagement] INFO  server.RaftServer$Division (RaftServerImpl.java:start(419)) - 89a738d3-0145-4b42-8b1b-b5be9f604b49@group-24D8AEEDCC70: Successfully started.
2025-07-14 15:00:06,601 [9eae2efb-1df6-4ce6-ae9d-8504348dafa1-PipelineCommandHandlerThread-0] INFO  server.RaftServer (RaftServerProxy.java:addNew(105)) - 9eae2efb-1df6-4ce6-ae9d-8504348dafa1: addNew group-31293BAD332B:[9eae2efb-1df6-4ce6-ae9d-8504348dafa1|127.0.0.1:15079] returns group-31293BAD332B:java.util.concurrent.CompletableFuture@132bf993[Not completed]
2025-07-14 15:00:06,603 [grpc-default-executor-3] INFO  server.RaftServer$Division (RaftServerImpl.java:requestVote(1421)) - 77d16558-8a68-4655-9235-107e22ba3c38@group-66EA1A40B3A7: receive requestVote(PRE_VOTE, 52f0bf1a-a22c-4dfc-83f0-dd23f5b60a86, group-66EA1A40B3A7, 0, <PROTO_DEFAULT>)
2025-07-14 15:00:06,603 [grpc-default-executor-3] INFO  impl.VoteContext (VoteContext.java:log(49)) - 77d16558-8a68-4655-9235-107e22ba3c38@group-66EA1A40B3A7-FOLLOWER: accept PRE_VOTE from 52f0bf1a-a22c-4dfc-83f0-dd23f5b60a86: our priority 0 <= candidate's priority 1
2025-07-14 15:00:06,604 [grpc-default-executor-3] INFO  server.RaftServer$Division (RaftServerImpl.java:requestVote(1455)) - 77d16558-8a68-4655-9235-107e22ba3c38@group-66EA1A40B3A7 replies to PRE_VOTE vote request: 52f0bf1a-a22c-4dfc-83f0-dd23f5b60a86<-77d16558-8a68-4655-9235-107e22ba3c38#0:OK-t0-last:<INITIAL_VALUE>. Peer's state: 77d16558-8a68-4655-9235-107e22ba3c38@group-66EA1A40B3A7:t0, leader=null, voted=, raftlog=Memoized:77d16558-8a68-4655-9235-107e22ba3c38@group-66EA1A40B3A7-SegmentedRaftLog:OPENED:c-1:lastnull, conf=conf: {index: -1, cur=peers:[77d16558-8a68-4655-9235-107e22ba3c38|127.0.0.1:15047, 52f0bf1a-a22c-4dfc-83f0-dd23f5b60a86|127.0.0.1:15055, a505560f-c589-4eb5-89aa-a89970ae9358|127.0.0.1:15039]|listeners:[], old=null}
2025-07-14 15:00:06,604 [89a738d3-0145-4b42-8b1b-b5be9f604b49-PipelineCommandHandlerThread-0] INFO  ratis.XceiverServerRatis (XceiverServerRatis.java:addGroup(843)) - Created group Pipeline-f488c666-a794-4a78-a9cd-24d8aeedcc70
2025-07-14 15:00:06,604 [89a738d3-0145-4b42-8b1b-b5be9f604b49-PipelineCommandHandlerThread-0] INFO  commandhandler.CreatePipelineCommandHandler (CreatePipelineCommandHandler.java:lambda$handle$2(127)) - Created Pipeline RATIS ONE Pipeline-f488c666-a794-4a78-a9cd-24d8aeedcc70.
2025-07-14 15:00:06,605 [grpc-default-executor-4] INFO  server.RaftServer$Division (RaftServerImpl.java:requestVote(1421)) - a505560f-c589-4eb5-89aa-a89970ae9358@group-66EA1A40B3A7: receive requestVote(PRE_VOTE, 52f0bf1a-a22c-4dfc-83f0-dd23f5b60a86, group-66EA1A40B3A7, 0, <PROTO_DEFAULT>)
2025-07-14 15:00:06,605 [grpc-default-executor-4] INFO  impl.VoteContext (VoteContext.java:log(49)) - a505560f-c589-4eb5-89aa-a89970ae9358@group-66EA1A40B3A7-FOLLOWER: accept PRE_VOTE from 52f0bf1a-a22c-4dfc-83f0-dd23f5b60a86: our priority 0 <= candidate's priority 1
2025-07-14 15:00:06,606 [89a738d3-0145-4b42-8b1b-b5be9f604b49-groupManagement] INFO  server.RaftServer$Division (RaftServerImpl.java:<init>(268)) - 89a738d3-0145-4b42-8b1b-b5be9f604b49: new RaftServerImpl for group-EABB3B9FB711:[9eae2efb-1df6-4ce6-ae9d-8504348dafa1|127.0.0.1:15079, 89a738d3-0145-4b42-8b1b-b5be9f604b49|127.0.0.1:15071, ac481237-f71e-4eeb-9120-a6c52bf83f13|127.0.0.1:15063] with ContainerStateMachine:uninitialized
2025-07-14 15:00:06,606 [grpc-default-executor-4] INFO  server.RaftServer$Division (RaftServerImpl.java:requestVote(1455)) - a505560f-c589-4eb5-89aa-a89970ae9358@group-66EA1A40B3A7 replies to PRE_VOTE vote request: 52f0bf1a-a22c-4dfc-83f0-dd23f5b60a86<-a505560f-c589-4eb5-89aa-a89970ae9358#0:OK-t0-last:<INITIAL_VALUE>. Peer's state: a505560f-c589-4eb5-89aa-a89970ae9358@group-66EA1A40B3A7:t0, leader=null, voted=, raftlog=Memoized:a505560f-c589-4eb5-89aa-a89970ae9358@group-66EA1A40B3A7-SegmentedRaftLog:OPENED:c-1:lastnull, conf=conf: {index: -1, cur=peers:[77d16558-8a68-4655-9235-107e22ba3c38|127.0.0.1:15047, 52f0bf1a-a22c-4dfc-83f0-dd23f5b60a86|127.0.0.1:15055, a505560f-c589-4eb5-89aa-a89970ae9358|127.0.0.1:15039]|listeners:[], old=null}
2025-07-14 15:00:06,604 [9eae2efb-1df6-4ce6-ae9d-8504348dafa1-groupManagement] INFO  server.RaftServer$Division (RaftServerImpl.java:<init>(268)) - 9eae2efb-1df6-4ce6-ae9d-8504348dafa1: new RaftServerImpl for group-31293BAD332B:[9eae2efb-1df6-4ce6-ae9d-8504348dafa1|127.0.0.1:15079] with ContainerStateMachine:uninitialized
2025-07-14 15:00:06,606 [9eae2efb-1df6-4ce6-ae9d-8504348dafa1-groupManagement] INFO  server.RaftServer$Division (ServerState.java:<init>(114)) - 9eae2efb-1df6-4ce6-ae9d-8504348dafa1@group-31293BAD332B: ConfigurationManager, init=conf: {index: -1, cur=peers:[9eae2efb-1df6-4ce6-ae9d-8504348dafa1|127.0.0.1:15079]|listeners:[], old=null}, confs=<EMPTY_MAP>
2025-07-14 15:00:06,606 [89a738d3-0145-4b42-8b1b-b5be9f604b49-groupManagement] INFO  server.RaftServer$Division (ServerState.java:<init>(114)) - 89a738d3-0145-4b42-8b1b-b5be9f604b49@group-EABB3B9FB711: ConfigurationManager, init=conf: {index: -1, cur=peers:[9eae2efb-1df6-4ce6-ae9d-8504348dafa1|127.0.0.1:15079, 89a738d3-0145-4b42-8b1b-b5be9f604b49|127.0.0.1:15071, ac481237-f71e-4eeb-9120-a6c52bf83f13|127.0.0.1:15063]|listeners:[], old=null}, confs=<EMPTY_MAP>
2025-07-14 15:00:06,610 [52f0bf1a-a22c-4dfc-83f0-dd23f5b60a86@group-66EA1A40B3A7-LeaderElection11] INFO  impl.LeaderElection (LeaderElection.java:logAndReturn(206)) - 52f0bf1a-a22c-4dfc-83f0-dd23f5b60a86@group-66EA1A40B3A7-LeaderElection11: PRE_VOTE PASSED received 1 response(s) and 0 exception(s):
2025-07-14 15:00:06,610 [52f0bf1a-a22c-4dfc-83f0-dd23f5b60a86@group-66EA1A40B3A7-LeaderElection11] INFO  impl.LeaderElection (LeaderElection.java:logAndReturn(210)) -   Response 0: 52f0bf1a-a22c-4dfc-83f0-dd23f5b60a86<-77d16558-8a68-4655-9235-107e22ba3c38#0:OK-t0-last:<INITIAL_VALUE>
2025-07-14 15:00:06,610 [52f0bf1a-a22c-4dfc-83f0-dd23f5b60a86@group-66EA1A40B3A7-LeaderElection11] INFO  impl.LeaderElection (LeaderElection.java:askForVotes(450)) - 52f0bf1a-a22c-4dfc-83f0-dd23f5b60a86@group-66EA1A40B3A7-LeaderElection11 PRE_VOTE round 0: result PASSED
2025-07-14 15:00:06,620 [52f0bf1a-a22c-4dfc-83f0-dd23f5b60a86@group-66EA1A40B3A7-LeaderElection11] INFO  impl.LeaderElection (LeaderElection.java:askForVotes(448)) - 52f0bf1a-a22c-4dfc-83f0-dd23f5b60a86@group-66EA1A40B3A7-LeaderElection11 ELECTION round 0: submit vote requests at term 1 for conf: {index: -1, cur=peers:[77d16558-8a68-4655-9235-107e22ba3c38|127.0.0.1:15047, 52f0bf1a-a22c-4dfc-83f0-dd23f5b60a86|127.0.0.1:15055, a505560f-c589-4eb5-89aa-a89970ae9358|127.0.0.1:15039]|listeners:[], old=null}
2025-07-14 15:00:06,622 [9eae2efb-1df6-4ce6-ae9d-8504348dafa1-groupManagement] INFO  server.RaftServerConfigKeys (ConfUtils.java:logGet(62)) - raft.server.storage.dir = [/home/runner/work/ozone/ozone/hadoop-ozone/integration-test/target/test-dir/MiniOzoneClusterImpl-aaa7dc72-7fbf-48e0-acc5-129182712624/ozone-meta/datanode-9/ratis] (custom)
2025-07-14 15:00:06,623 [9eae2efb-1df6-4ce6-ae9d-8504348dafa1-groupManagement] INFO  storage.RaftStorageDirectory (RaftStorageDirectoryImpl.java:analyzeStorage(138)) - The storage directory /home/runner/work/ozone/ozone/hadoop-ozone/integration-test/target/test-dir/MiniOzoneClusterImpl-aaa7dc72-7fbf-48e0-acc5-129182712624/ozone-meta/datanode-9/ratis/4a5e7772-23e0-4722-b0d9-31293bad332b does not exist. Creating ...
2025-07-14 15:00:06,624 [89a738d3-0145-4b42-8b1b-b5be9f604b49-groupManagement] INFO  storage.RaftStorageDirectory (RaftStorageDirectoryImpl.java:analyzeStorage(138)) - The storage directory /home/runner/work/ozone/ozone/hadoop-ozone/integration-test/target/test-dir/MiniOzoneClusterImpl-aaa7dc72-7fbf-48e0-acc5-129182712624/ozone-meta/datanode-8/ratis/2a96270d-5a4d-4083-9a90-eabb3b9fb711 does not exist. Creating ...
2025-07-14 15:00:06,625 [9eae2efb-1df6-4ce6-ae9d-8504348dafa1-groupManagement] INFO  storage.RaftStorageDirectory (RaftStorageDirectoryImpl.java:tryLock(229)) - Lock on /home/runner/work/ozone/ozone/hadoop-ozone/integration-test/target/test-dir/MiniOzoneClusterImpl-aaa7dc72-7fbf-48e0-acc5-129182712624/ozone-meta/datanode-9/ratis/4a5e7772-23e0-4722-b0d9-31293bad332b/in_use.lock acquired by nodename 18082@localhost
2025-07-14 15:00:06,627 [grpc-default-executor-3] INFO  server.RaftServer$Division (RaftServerImpl.java:requestVote(1421)) - 77d16558-8a68-4655-9235-107e22ba3c38@group-66EA1A40B3A7: receive requestVote(ELECTION, 52f0bf1a-a22c-4dfc-83f0-dd23f5b60a86, group-66EA1A40B3A7, 1, <PROTO_DEFAULT>)
2025-07-14 15:00:06,628 [grpc-default-executor-3] INFO  impl.VoteContext (VoteContext.java:log(49)) - 77d16558-8a68-4655-9235-107e22ba3c38@group-66EA1A40B3A7-FOLLOWER: accept ELECTION from 52f0bf1a-a22c-4dfc-83f0-dd23f5b60a86: our priority 0 <= candidate's priority 1
2025-07-14 15:00:06,626 [grpc-default-executor-4] INFO  server.RaftServer$Division (RaftServerImpl.java:requestVote(1421)) - a505560f-c589-4eb5-89aa-a89970ae9358@group-66EA1A40B3A7: receive requestVote(ELECTION, 52f0bf1a-a22c-4dfc-83f0-dd23f5b60a86, group-66EA1A40B3A7, 1, <PROTO_DEFAULT>)
2025-07-14 15:00:06,629 [grpc-default-executor-4] INFO  impl.VoteContext (VoteContext.java:log(49)) - a505560f-c589-4eb5-89aa-a89970ae9358@group-66EA1A40B3A7-FOLLOWER: accept ELECTION from 52f0bf1a-a22c-4dfc-83f0-dd23f5b60a86: our priority 0 <= candidate's priority 1
2025-07-14 15:00:06,629 [9eae2efb-1df6-4ce6-ae9d-8504348dafa1-groupManagement] INFO  storage.RaftStorage (RaftStorageImpl.java:format(98)) - Storage directory /home/runner/work/ozone/ozone/hadoop-ozone/integration-test/target/test-dir/MiniOzoneClusterImpl-aaa7dc72-7fbf-48e0-acc5-129182712624/ozone-meta/datanode-9/ratis/4a5e7772-23e0-4722-b0d9-31293bad332b has been successfully formatted.
2025-07-14 15:00:06,629 [grpc-default-executor-3] INFO  server.RaftServer$Division (RaftServerImpl.java:setRole(392)) - 77d16558-8a68-4655-9235-107e22ba3c38@group-66EA1A40B3A7: changes role from  FOLLOWER to FOLLOWER at term 0 for candidate:52f0bf1a-a22c-4dfc-83f0-dd23f5b60a86
2025-07-14 15:00:06,630 [grpc-default-executor-3] INFO  impl.RoleInfo (RoleInfo.java:shutdownFollowerState(121)) - 77d16558-8a68-4655-9235-107e22ba3c38: shutdown 77d16558-8a68-4655-9235-107e22ba3c38@group-66EA1A40B3A7-FollowerState
2025-07-14 15:00:06,630 [grpc-default-executor-3] INFO  impl.RoleInfo (RoleInfo.java:updateAndGet(148)) - 77d16558-8a68-4655-9235-107e22ba3c38: start 77d16558-8a68-4655-9235-107e22ba3c38@group-66EA1A40B3A7-FollowerState
2025-07-14 15:00:06,629 [89a738d3-0145-4b42-8b1b-b5be9f604b49-groupManagement] INFO  storage.RaftStorageDirectory (RaftStorageDirectoryImpl.java:tryLock(229)) - Lock on /home/runner/work/ozone/ozone/hadoop-ozone/integration-test/target/test-dir/MiniOzoneClusterImpl-aaa7dc72-7fbf-48e0-acc5-129182712624/ozone-meta/datanode-8/ratis/2a96270d-5a4d-4083-9a90-eabb3b9fb711/in_use.lock acquired by nodename 18082@localhost
2025-07-14 15:00:06,631 [77d16558-8a68-4655-9235-107e22ba3c38@group-66EA1A40B3A7-FollowerState] INFO  impl.FollowerState (FollowerState.java:runImpl(170)) - 77d16558-8a68-4655-9235-107e22ba3c38@group-66EA1A40B3A7-FollowerState was interrupted
2025-07-14 15:00:06,632 [grpc-default-executor-3] INFO  server.RaftServer$Division (RaftServerImpl.java:setFirstElection(576)) - 77d16558-8a68-4655-9235-107e22ba3c38@group-66EA1A40B3A7: set firstElectionSinceStartup to false for candidate:52f0bf1a-a22c-4dfc-83f0-dd23f5b60a86
2025-07-14 15:00:06,629 [grpc-default-executor-4] INFO  server.RaftServer$Division (RaftServerImpl.java:setRole(392)) - a505560f-c589-4eb5-89aa-a89970ae9358@group-66EA1A40B3A7: changes role from  FOLLOWER to FOLLOWER at term 0 for candidate:52f0bf1a-a22c-4dfc-83f0-dd23f5b60a86
2025-07-14 15:00:06,632 [grpc-default-executor-4] INFO  impl.RoleInfo (RoleInfo.java:shutdownFollowerState(121)) - a505560f-c589-4eb5-89aa-a89970ae9358: shutdown a505560f-c589-4eb5-89aa-a89970ae9358@group-66EA1A40B3A7-FollowerState
2025-07-14 15:00:06,633 [grpc-default-executor-4] INFO  impl.RoleInfo (RoleInfo.java:updateAndGet(148)) - a505560f-c589-4eb5-89aa-a89970ae9358: start a505560f-c589-4eb5-89aa-a89970ae9358@group-66EA1A40B3A7-FollowerState
2025-07-14 15:00:06,633 [9eae2efb-1df6-4ce6-ae9d-8504348dafa1-groupManagement] INFO  ratis.ContainerStateMachine (ContainerStateMachine.java:initialize(339)) - 9eae2efb-1df6-4ce6-ae9d-8504348dafa1: initialize group-31293BAD332B
2025-07-14 15:00:06,633 [a505560f-c589-4eb5-89aa-a89970ae9358@group-66EA1A40B3A7-FollowerState] INFO  impl.FollowerState (FollowerState.java:runImpl(170)) - a505560f-c589-4eb5-89aa-a89970ae9358@group-66EA1A40B3A7-FollowerState was interrupted
2025-07-14 15:00:06,633 [9eae2efb-1df6-4ce6-ae9d-8504348dafa1-groupManagement] INFO  ratis.ContainerStateMachine (ContainerStateMachine.java:loadSnapshot(347)) - group-31293BAD332B: The snapshot info is null. Setting the last applied index to:<INITIAL_VALUE>
2025-07-14 15:00:06,633 [9eae2efb-1df6-4ce6-ae9d-8504348dafa1-groupManagement] INFO  server.RaftServerConfigKeys (ConfUtils.java:logGet(62)) - raft.server.log.appender.buffer.byte-limit = 33554432 (custom)
2025-07-14 15:00:06,634 [grpc-default-executor-4] INFO  server.RaftServer$Division (RaftServerImpl.java:setFirstElection(576)) - a505560f-c589-4eb5-89aa-a89970ae9358@group-66EA1A40B3A7: set firstElectionSinceStartup to false for candidate:52f0bf1a-a22c-4dfc-83f0-dd23f5b60a86
2025-07-14 15:00:06,634 [grpc-default-executor-3] INFO  server.RaftServer$Division (RaftServerImpl.java:requestVote(1455)) - 77d16558-8a68-4655-9235-107e22ba3c38@group-66EA1A40B3A7 replies to ELECTION vote request: 52f0bf1a-a22c-4dfc-83f0-dd23f5b60a86<-77d16558-8a68-4655-9235-107e22ba3c38#0:OK-t1-last:<INITIAL_VALUE>. Peer's state: 77d16558-8a68-4655-9235-107e22ba3c38@group-66EA1A40B3A7:t1, leader=null, voted=52f0bf1a-a22c-4dfc-83f0-dd23f5b60a86, raftlog=Memoized:77d16558-8a68-4655-9235-107e22ba3c38@group-66EA1A40B3A7-SegmentedRaftLog:OPENED:c-1:lastnull, conf=conf: {index: -1, cur=peers:[77d16558-8a68-4655-9235-107e22ba3c38|127.0.0.1:15047, 52f0bf1a-a22c-4dfc-83f0-dd23f5b60a86|127.0.0.1:15055, a505560f-c589-4eb5-89aa-a89970ae9358|127.0.0.1:15039]|listeners:[], old=null}
2025-07-14 15:00:06,634 [89a738d3-0145-4b42-8b1b-b5be9f604b49-groupManagement] INFO  storage.RaftStorage (RaftStorageImpl.java:format(98)) - Storage directory /home/runner/work/ozone/ozone/hadoop-ozone/integration-test/target/test-dir/MiniOzoneClusterImpl-aaa7dc72-7fbf-48e0-acc5-129182712624/ozone-meta/datanode-8/ratis/2a96270d-5a4d-4083-9a90-eabb3b9fb711 has been successfully formatted.
2025-07-14 15:00:06,636 [89a738d3-0145-4b42-8b1b-b5be9f604b49-groupManagement] INFO  ratis.ContainerStateMachine (ContainerStateMachine.java:initialize(339)) - 89a738d3-0145-4b42-8b1b-b5be9f604b49: initialize group-EABB3B9FB711
2025-07-14 15:00:06,637 [89a738d3-0145-4b42-8b1b-b5be9f604b49-groupManagement] INFO  ratis.ContainerStateMachine (ContainerStateMachine.java:loadSnapshot(347)) - group-EABB3B9FB711: The snapshot info is null. Setting the last applied index to:<INITIAL_VALUE>
2025-07-14 15:00:06,637 [89a738d3-0145-4b42-8b1b-b5be9f604b49-groupManagement] INFO  server.RaftServerConfigKeys (ConfUtils.java:logGet(62)) - raft.server.log.appender.buffer.byte-limit = 33554432 (custom)
2025-07-14 15:00:06,639 [grpc-default-executor-4] INFO  server.RaftServer$Division (RaftServerImpl.java:requestVote(1455)) - a505560f-c589-4eb5-89aa-a89970ae9358@group-66EA1A40B3A7 replies to ELECTION vote request: 52f0bf1a-a22c-4dfc-83f0-dd23f5b60a86<-a505560f-c589-4eb5-89aa-a89970ae9358#0:OK-t1-last:<INITIAL_VALUE>. Peer's state: a505560f-c589-4eb5-89aa-a89970ae9358@group-66EA1A40B3A7:t1, leader=null, voted=52f0bf1a-a22c-4dfc-83f0-dd23f5b60a86, raftlog=Memoized:a505560f-c589-4eb5-89aa-a89970ae9358@group-66EA1A40B3A7-SegmentedRaftLog:OPENED:c-1:lastnull, conf=conf: {index: -1, cur=peers:[77d16558-8a68-4655-9235-107e22ba3c38|127.0.0.1:15047, 52f0bf1a-a22c-4dfc-83f0-dd23f5b60a86|127.0.0.1:15055, a505560f-c589-4eb5-89aa-a89970ae9358|127.0.0.1:15039]|listeners:[], old=null}
2025-07-14 15:00:06,639 [52f0bf1a-a22c-4dfc-83f0-dd23f5b60a86@group-66EA1A40B3A7-LeaderElection11] INFO  impl.LeaderElection (LeaderElection.java:logAndReturn(206)) - 52f0bf1a-a22c-4dfc-83f0-dd23f5b60a86@group-66EA1A40B3A7-LeaderElection11: ELECTION PASSED received 1 response(s) and 0 exception(s):
2025-07-14 15:00:06,639 [52f0bf1a-a22c-4dfc-83f0-dd23f5b60a86@group-66EA1A40B3A7-LeaderElection11] INFO  impl.LeaderElection (LeaderElection.java:logAndReturn(210)) -   Response 0: 52f0bf1a-a22c-4dfc-83f0-dd23f5b60a86<-77d16558-8a68-4655-9235-107e22ba3c38#0:OK-t1-last:<INITIAL_VALUE>
2025-07-14 15:00:06,639 [52f0bf1a-a22c-4dfc-83f0-dd23f5b60a86@group-66EA1A40B3A7-LeaderElection11] INFO  impl.LeaderElection (LeaderElection.java:askForVotes(450)) - 52f0bf1a-a22c-4dfc-83f0-dd23f5b60a86@group-66EA1A40B3A7-LeaderElection11 ELECTION round 0: result PASSED
2025-07-14 15:00:06,640 [52f0bf1a-a22c-4dfc-83f0-dd23f5b60a86@group-66EA1A40B3A7-LeaderElection11] INFO  impl.RoleInfo (RoleInfo.java:shutdownLeaderElection(141)) - 52f0bf1a-a22c-4dfc-83f0-dd23f5b60a86: shutdown 52f0bf1a-a22c-4dfc-83f0-dd23f5b60a86@group-66EA1A40B3A7-LeaderElection11
2025-07-14 15:00:06,640 [52f0bf1a-a22c-4dfc-83f0-dd23f5b60a86@group-66EA1A40B3A7-LeaderElection11] INFO  server.RaftServer$Division (RaftServerImpl.java:setRole(392)) - 52f0bf1a-a22c-4dfc-83f0-dd23f5b60a86@group-66EA1A40B3A7: changes role from CANDIDATE to LEADER at term 1 for changeToLeader
2025-07-14 15:00:06,640 [52f0bf1a-a22c-4dfc-83f0-dd23f5b60a86@group-66EA1A40B3A7-LeaderElection11] INFO  server.RaftServerConfigKeys (ConfUtils.java:logFallback(69)) - raft.server.staging.timeout = 15600ms (fallback to raft.server.rpc.timeout.max)
2025-07-14 15:00:06,640 [52f0bf1a-a22c-4dfc-83f0-dd23f5b60a86@group-66EA1A40B3A7-LeaderElection11] INFO  server.RaftServerConfigKeys (ConfUtils.java:logGet(62)) - raft.server.write.byte-limit = 1024 M (=1073741824) (custom)
2025-07-14 15:00:06,643 [EventQueue-PipelineReportForPipelineReportHandler] INFO  pipeline.PipelineReportHandler (PipelineReportHandler.java:processPipelineReport(134)) - Opened pipeline Pipeline-4a5e7772-23e0-4722-b0d9-31293bad332b
2025-07-14 15:00:06,644 [9eae2efb-1df6-4ce6-ae9d-8504348dafa1-groupManagement] INFO  server.RaftServerConfigKeys (ConfUtils.java:logGet(62)) - raft.server.log.segment.size.max = 67108864 (custom)
2025-07-14 15:00:06,645 [9eae2efb-1df6-4ce6-ae9d-8504348dafa1-groupManagement] INFO  server.RaftServerConfigKeys (ConfUtils.java:logGet(62)) - raft.server.log.appender.buffer.byte-limit = 33554432 (custom)
2025-07-14 15:00:06,648 [9eae2efb-1df6-4ce6-ae9d-8504348dafa1-groupManagement] INFO  util.AwaitToRun (AwaitToRun.java:start(81)) - Thread[#1398,9eae2efb-1df6-4ce6-ae9d-8504348dafa1@group-31293BAD332B-cacheEviction-AwaitToRun,5,main] started
2025-07-14 15:00:06,648 [9eae2efb-1df6-4ce6-ae9d-8504348dafa1-groupManagement] INFO  segmented.SegmentedRaftLogWorker (SegmentedRaftLogWorker.java:<init>(190)) - new 9eae2efb-1df6-4ce6-ae9d-8504348dafa1@group-31293BAD332B-SegmentedRaftLogWorker for RaftStorageImpl:Storage Directory /home/runner/work/ozone/ozone/hadoop-ozone/integration-test/target/test-dir/MiniOzoneClusterImpl-aaa7dc72-7fbf-48e0-acc5-129182712624/ozone-meta/datanode-9/ratis/4a5e7772-23e0-4722-b0d9-31293bad332b
2025-07-14 15:00:06,647 [52f0bf1a-a22c-4dfc-83f0-dd23f5b60a86@group-66EA1A40B3A7-LeaderElection11] INFO  server.RaftServerConfigKeys (ConfUtils.java:logGet(62)) - raft.server.log.appender.buffer.byte-limit = 33554432 (custom)
2025-07-14 15:00:06,648 [9eae2efb-1df6-4ce6-ae9d-8504348dafa1-groupManagement] INFO  server.RaftServerConfigKeys (ConfUtils.java:logGet(62)) - raft.server.log.queue.byte-limit = 4294967296 (custom)
2025-07-14 15:00:06,648 [9eae2efb-1df6-4ce6-ae9d-8504348dafa1-groupManagement] INFO  server.RaftServerConfigKeys (ConfUtils.java:logGet(62)) - raft.server.log.segment.size.max = 67108864 (custom)
2025-07-14 15:00:06,648 [89a738d3-0145-4b42-8b1b-b5be9f604b49-groupManagement] INFO  server.RaftServerConfigKeys (ConfUtils.java:logGet(62)) - raft.server.log.segment.size.max = 67108864 (custom)
2025-07-14 15:00:06,649 [89a738d3-0145-4b42-8b1b-b5be9f604b49-groupManagement] INFO  server.RaftServerConfigKeys (ConfUtils.java:logGet(62)) - raft.server.log.appender.buffer.byte-limit = 33554432 (custom)
2025-07-14 15:00:06,649 [9eae2efb-1df6-4ce6-ae9d-8504348dafa1-groupManagement] INFO  server.RaftServerConfigKeys (ConfUtils.java:logGet(62)) - raft.server.log.preallocated.size = 4194304 (custom)
2025-07-14 15:00:06,651 [9eae2efb-1df6-4ce6-ae9d-8504348dafa1-groupManagement] INFO  server.RaftServerConfigKeys (ConfUtils.java:logGet(62)) - raft.server.log.write.buffer.size = 33554440 (custom)
2025-07-14 15:00:06,653 [89a738d3-0145-4b42-8b1b-b5be9f604b49-groupManagement] INFO  util.AwaitToRun (AwaitToRun.java:start(81)) - Thread[#1399,89a738d3-0145-4b42-8b1b-b5be9f604b49@group-EABB3B9FB711-cacheEviction-AwaitToRun,5,main] started
2025-07-14 15:00:06,653 [89a738d3-0145-4b42-8b1b-b5be9f604b49-groupManagement] INFO  segmented.SegmentedRaftLogWorker (SegmentedRaftLogWorker.java:<init>(190)) - new 89a738d3-0145-4b42-8b1b-b5be9f604b49@group-EABB3B9FB711-SegmentedRaftLogWorker for RaftStorageImpl:Storage Directory /home/runner/work/ozone/ozone/hadoop-ozone/integration-test/target/test-dir/MiniOzoneClusterImpl-aaa7dc72-7fbf-48e0-acc5-129182712624/ozone-meta/datanode-8/ratis/2a96270d-5a4d-4083-9a90-eabb3b9fb711
2025-07-14 15:00:06,653 [89a738d3-0145-4b42-8b1b-b5be9f604b49-groupManagement] INFO  server.RaftServerConfigKeys (ConfUtils.java:logGet(62)) - raft.server.log.queue.byte-limit = 4294967296 (custom)
2025-07-14 15:00:06,653 [89a738d3-0145-4b42-8b1b-b5be9f604b49-groupManagement] INFO  server.RaftServerConfigKeys (ConfUtils.java:logGet(62)) - raft.server.log.segment.size.max = 67108864 (custom)
2025-07-14 15:00:06,653 [89a738d3-0145-4b42-8b1b-b5be9f604b49-groupManagement] INFO  server.RaftServerConfigKeys (ConfUtils.java:logGet(62)) - raft.server.log.preallocated.size = 4194304 (custom)
2025-07-14 15:00:06,654 [89a738d3-0145-4b42-8b1b-b5be9f604b49-groupManagement] INFO  server.RaftServerConfigKeys (ConfUtils.java:logGet(62)) - raft.server.log.write.buffer.size = 33554440 (custom)
2025-07-14 15:00:06,650 [52f0bf1a-a22c-4dfc-83f0-dd23f5b60a86@group-66EA1A40B3A7-LeaderElection11] INFO  server.RaftServerConfigKeys (ConfUtils.java:logGet(62)) - raft.server.log.appender.buffer.byte-limit = 33554432 (custom)
2025-07-14 15:00:06,656 [52f0bf1a-a22c-4dfc-83f0-dd23f5b60a86@group-66EA1A40B3A7-LeaderElection11] INFO  impl.RoleInfo (RoleInfo.java:updateAndGet(148)) - 52f0bf1a-a22c-4dfc-83f0-dd23f5b60a86: start 52f0bf1a-a22c-4dfc-83f0-dd23f5b60a86@group-66EA1A40B3A7-LeaderStateImpl
2025-07-14 15:00:06,656 [52f0bf1a-a22c-4dfc-83f0-dd23f5b60a86@group-66EA1A40B3A7-LeaderElection11] INFO  server.RaftServer$Division (RaftServerImpl.java:setFirstElection(576)) - 52f0bf1a-a22c-4dfc-83f0-dd23f5b60a86@group-66EA1A40B3A7: set firstElectionSinceStartup to false for becomeLeader
2025-07-14 15:00:06,656 [52f0bf1a-a22c-4dfc-83f0-dd23f5b60a86@group-66EA1A40B3A7-LeaderElection11] INFO  ratis.XceiverServerRatis (XceiverServerRatis.java:handleLeaderChangedNotification(944)) - Leader change notification received for group: group-66EA1A40B3A7 with new leaderId: 52f0bf1a-a22c-4dfc-83f0-dd23f5b60a86
2025-07-14 15:00:06,656 [52f0bf1a-a22c-4dfc-83f0-dd23f5b60a86@group-66EA1A40B3A7-LeaderElection11] INFO  server.RaftServer$Division (ServerState.java:setLeader(272)) - 52f0bf1a-a22c-4dfc-83f0-dd23f5b60a86@group-66EA1A40B3A7: change Leader from null to 52f0bf1a-a22c-4dfc-83f0-dd23f5b60a86 at term 1 for becomeLeader, leader elected after 1136ms
2025-07-14 15:00:06,657 [52f0bf1a-a22c-4dfc-83f0-dd23f5b60a86@group-66EA1A40B3A7-LeaderElection11] INFO  segmented.SegmentedRaftLogWorker (SegmentedRaftLogWorker.java:startLogSegment(440)) - 52f0bf1a-a22c-4dfc-83f0-dd23f5b60a86@group-66EA1A40B3A7-SegmentedRaftLogWorker: Starting segment from index:0
2025-07-14 15:00:06,657 [52f0bf1a-a22c-4dfc-83f0-dd23f5b60a86@group-66EA1A40B3A7-LeaderElection11] INFO  server.RaftServer$Division (ServerState.java:setRaftConf(386)) - 52f0bf1a-a22c-4dfc-83f0-dd23f5b60a86@group-66EA1A40B3A7: set configuration conf: {index: 0, cur=peers:[77d16558-8a68-4655-9235-107e22ba3c38|127.0.0.1:15047, 52f0bf1a-a22c-4dfc-83f0-dd23f5b60a86|127.0.0.1:15055, a505560f-c589-4eb5-89aa-a89970ae9358|127.0.0.1:15039]|listeners:[], old=null}
2025-07-14 15:00:06,658 [52f0bf1a-a22c-4dfc-83f0-dd23f5b60a86@group-66EA1A40B3A7-SegmentedRaftLogWorker] INFO  segmented.BufferedWriteChannel (BufferedWriteChannel.java:open(61)) - open log_inprogress_0 at position 0
2025-07-14 15:00:06,668 [9eae2efb-1df6-4ce6-ae9d-8504348dafa1-groupManagement] INFO  server.RaftServerConfigKeys (ConfUtils.java:logGet(62)) - raft.server.log.appender.buffer.byte-limit = 33554432 (custom)
2025-07-14 15:00:06,669 [9eae2efb-1df6-4ce6-ae9d-8504348dafa1-groupManagement] INFO  segmented.SegmentedRaftLogWorker (SegmentedRaftLogWorker.java:lambda$new$0(141)) - 9eae2efb-1df6-4ce6-ae9d-8504348dafa1@group-31293BAD332B-SegmentedRaftLogWorker: flushIndex: setUnconditionally 0 -> -1
2025-07-14 15:00:06,671 [9eae2efb-1df6-4ce6-ae9d-8504348dafa1-groupManagement] INFO  segmented.SegmentedRaftLogWorker (SegmentedRaftLogWorker.java:lambda$new$0(141)) - 9eae2efb-1df6-4ce6-ae9d-8504348dafa1@group-31293BAD332B-SegmentedRaftLogWorker: safeCacheEvictIndex: setUnconditionally 0 -> -1
2025-07-14 15:00:06,671 [89a738d3-0145-4b42-8b1b-b5be9f604b49-groupManagement] INFO  server.RaftServerConfigKeys (ConfUtils.java:logGet(62)) - raft.server.log.appender.buffer.byte-limit = 33554432 (custom)
2025-07-14 15:00:06,672 [89a738d3-0145-4b42-8b1b-b5be9f604b49-groupManagement] INFO  segmented.SegmentedRaftLogWorker (SegmentedRaftLogWorker.java:lambda$new$0(141)) - 89a738d3-0145-4b42-8b1b-b5be9f604b49@group-EABB3B9FB711-SegmentedRaftLogWorker: flushIndex: setUnconditionally 0 -> -1
2025-07-14 15:00:06,672 [9eae2efb-1df6-4ce6-ae9d-8504348dafa1-groupManagement] INFO  server.RaftServer$Division (RaftServerImpl.java:start(405)) - 9eae2efb-1df6-4ce6-ae9d-8504348dafa1@group-31293BAD332B: start as a follower, conf=conf: {index: -1, cur=peers:[9eae2efb-1df6-4ce6-ae9d-8504348dafa1|127.0.0.1:15079]|listeners:[], old=null}
2025-07-14 15:00:06,673 [9eae2efb-1df6-4ce6-ae9d-8504348dafa1-groupManagement] INFO  server.RaftServer$Division (RaftServerImpl.java:setRole(392)) - 9eae2efb-1df6-4ce6-ae9d-8504348dafa1@group-31293BAD332B: changes role from      null to FOLLOWER at term 0 for startAsFollower
2025-07-14 15:00:06,673 [9eae2efb-1df6-4ce6-ae9d-8504348dafa1-groupManagement] INFO  impl.RoleInfo (RoleInfo.java:updateAndGet(148)) - 9eae2efb-1df6-4ce6-ae9d-8504348dafa1: start 9eae2efb-1df6-4ce6-ae9d-8504348dafa1@group-31293BAD332B-FollowerState
2025-07-14 15:00:06,672 [grpc-default-executor-3] INFO  ratis.XceiverServerRatis (XceiverServerRatis.java:handleLeaderChangedNotification(944)) - Leader change notification received for group: group-66EA1A40B3A7 with new leaderId: 52f0bf1a-a22c-4dfc-83f0-dd23f5b60a86
2025-07-14 15:00:06,673 [89a738d3-0145-4b42-8b1b-b5be9f604b49-groupManagement] INFO  segmented.SegmentedRaftLogWorker (SegmentedRaftLogWorker.java:lambda$new$0(141)) - 89a738d3-0145-4b42-8b1b-b5be9f604b49@group-EABB3B9FB711-SegmentedRaftLogWorker: safeCacheEvictIndex: setUnconditionally 0 -> -1
2025-07-14 15:00:06,673 [grpc-default-executor-3] INFO  server.RaftServer$Division (ServerState.java:setLeader(272)) - a505560f-c589-4eb5-89aa-a89970ae9358@group-66EA1A40B3A7: change Leader from null to 52f0bf1a-a22c-4dfc-83f0-dd23f5b60a86 at term 1 for appendEntries, leader elected after 1187ms
2025-07-14 15:00:06,674 [grpc-default-executor-3] INFO  server.RaftServer$Division (ServerState.java:setRaftConf(386)) - a505560f-c589-4eb5-89aa-a89970ae9358@group-66EA1A40B3A7: set configuration conf: {index: 0, cur=peers:[77d16558-8a68-4655-9235-107e22ba3c38|127.0.0.1:15047, 52f0bf1a-a22c-4dfc-83f0-dd23f5b60a86|127.0.0.1:15055, a505560f-c589-4eb5-89aa-a89970ae9358|127.0.0.1:15039]|listeners:[], old=null}
2025-07-14 15:00:06,674 [grpc-default-executor-3] INFO  segmented.SegmentedRaftLogWorker (SegmentedRaftLogWorker.java:startLogSegment(440)) - a505560f-c589-4eb5-89aa-a89970ae9358@group-66EA1A40B3A7-SegmentedRaftLogWorker: Starting segment from index:0
2025-07-14 15:00:06,675 [89a738d3-0145-4b42-8b1b-b5be9f604b49-groupManagement] INFO  server.RaftServer$Division (RaftServerImpl.java:start(405)) - 89a738d3-0145-4b42-8b1b-b5be9f604b49@group-EABB3B9FB711: start as a follower, conf=conf: {index: -1, cur=peers:[9eae2efb-1df6-4ce6-ae9d-8504348dafa1|127.0.0.1:15079, 89a738d3-0145-4b42-8b1b-b5be9f604b49|127.0.0.1:15071, ac481237-f71e-4eeb-9120-a6c52bf83f13|127.0.0.1:15063]|listeners:[], old=null}
2025-07-14 15:00:06,675 [89a738d3-0145-4b42-8b1b-b5be9f604b49-groupManagement] INFO  server.RaftServer$Division (RaftServerImpl.java:setRole(392)) - 89a738d3-0145-4b42-8b1b-b5be9f604b49@group-EABB3B9FB711: changes role from      null to FOLLOWER at term 0 for startAsFollower
2025-07-14 15:00:06,675 [89a738d3-0145-4b42-8b1b-b5be9f604b49-groupManagement] INFO  impl.RoleInfo (RoleInfo.java:updateAndGet(148)) - 89a738d3-0145-4b42-8b1b-b5be9f604b49: start 89a738d3-0145-4b42-8b1b-b5be9f604b49@group-EABB3B9FB711-FollowerState
2025-07-14 15:00:06,675 [9eae2efb-1df6-4ce6-ae9d-8504348dafa1-groupManagement] INFO  util.JmxRegister (JmxRegister.java:tryRegister(44)) - Successfully registered JMX Bean with object name Ratis:service=RaftServer,group=group-31293BAD332B,id=9eae2efb-1df6-4ce6-ae9d-8504348dafa1
2025-07-14 15:00:06,675 [9eae2efb-1df6-4ce6-ae9d-8504348dafa1-groupManagement] INFO  util.JmxRegister (JmxRegister.java:register(58)) - register mxBean class org.apache.ratis.server.impl.RaftServerJmxAdapter as Ratis:service=RaftServer,group=group-31293BAD332B,id=9eae2efb-1df6-4ce6-ae9d-8504348dafa1
2025-07-14 15:00:06,676 [89a738d3-0145-4b42-8b1b-b5be9f604b49-groupManagement] INFO  util.JmxRegister (JmxRegister.java:tryRegister(44)) - Successfully registered JMX Bean with object name Ratis:service=RaftServer,group=group-EABB3B9FB711,id=89a738d3-0145-4b42-8b1b-b5be9f604b49
2025-07-14 15:00:06,676 [89a738d3-0145-4b42-8b1b-b5be9f604b49-groupManagement] INFO  util.JmxRegister (JmxRegister.java:register(58)) - register mxBean class org.apache.ratis.server.impl.RaftServerJmxAdapter as Ratis:service=RaftServer,group=group-EABB3B9FB711,id=89a738d3-0145-4b42-8b1b-b5be9f604b49
2025-07-14 15:00:06,676 [grpc-default-executor-4] INFO  ratis.XceiverServerRatis (XceiverServerRatis.java:handleLeaderChangedNotification(944)) - Leader change notification received for group: group-66EA1A40B3A7 with new leaderId: 52f0bf1a-a22c-4dfc-83f0-dd23f5b60a86
2025-07-14 15:00:06,677 [grpc-default-executor-4] INFO  server.RaftServer$Division (ServerState.java:setLeader(272)) - 77d16558-8a68-4655-9235-107e22ba3c38@group-66EA1A40B3A7: change Leader from null to 52f0bf1a-a22c-4dfc-83f0-dd23f5b60a86 at term 1 for appendEntries, leader elected after 1099ms
2025-07-14 15:00:06,677 [89a738d3-0145-4b42-8b1b-b5be9f604b49-groupManagement] INFO  server.RaftServer$Division (RaftServerImpl.java:start(419)) - 89a738d3-0145-4b42-8b1b-b5be9f604b49@group-EABB3B9FB711: Successfully started.
2025-07-14 15:00:06,677 [9eae2efb-1df6-4ce6-ae9d-8504348dafa1-groupManagement] INFO  server.RaftServer$Division (RaftServerImpl.java:start(419)) - 9eae2efb-1df6-4ce6-ae9d-8504348dafa1@group-31293BAD332B: Successfully started.
2025-07-14 15:00:06,678 [9eae2efb-1df6-4ce6-ae9d-8504348dafa1-PipelineCommandHandlerThread-0] INFO  ratis.XceiverServerRatis (XceiverServerRatis.java:addGroup(843)) - Created group Pipeline-4a5e7772-23e0-4722-b0d9-31293bad332b
2025-07-14 15:00:06,678 [9eae2efb-1df6-4ce6-ae9d-8504348dafa1-PipelineCommandHandlerThread-0] INFO  commandhandler.CreatePipelineCommandHandler (CreatePipelineCommandHandler.java:lambda$handle$2(127)) - Created Pipeline RATIS ONE Pipeline-4a5e7772-23e0-4722-b0d9-31293bad332b.
2025-07-14 15:00:06,678 [52f0bf1a-a22c-4dfc-83f0-dd23f5b60a86@group-66EA1A40B3A7-SegmentedRaftLogWorker] INFO  segmented.SegmentedRaftLogWorker (SegmentedRaftLogWorker.java:execute(647)) - 52f0bf1a-a22c-4dfc-83f0-dd23f5b60a86@group-66EA1A40B3A7-SegmentedRaftLogWorker: created new log segment /home/runner/work/ozone/ozone/hadoop-ozone/integration-test/target/test-dir/MiniOzoneClusterImpl-aaa7dc72-7fbf-48e0-acc5-129182712624/ozone-meta/datanode-6/ratis/a63a7d38-be8c-449b-928f-66ea1a40b3a7/current/log_inprogress_0
2025-07-14 15:00:06,678 [9eae2efb-1df6-4ce6-ae9d-8504348dafa1-PipelineCommandHandlerThread-0] INFO  server.RaftServer (RaftServerProxy.java:addNew(105)) - 9eae2efb-1df6-4ce6-ae9d-8504348dafa1: addNew group-EABB3B9FB711:[9eae2efb-1df6-4ce6-ae9d-8504348dafa1|127.0.0.1:15079, 89a738d3-0145-4b42-8b1b-b5be9f604b49|127.0.0.1:15071, ac481237-f71e-4eeb-9120-a6c52bf83f13|127.0.0.1:15063] returns group-EABB3B9FB711:java.util.concurrent.CompletableFuture@1dec0586[Not completed]
2025-07-14 15:00:06,677 [a505560f-c589-4eb5-89aa-a89970ae9358@group-66EA1A40B3A7-SegmentedRaftLogWorker] INFO  segmented.BufferedWriteChannel (BufferedWriteChannel.java:open(61)) - open log_inprogress_0 at position 0
2025-07-14 15:00:06,681 [grpc-default-executor-3] INFO  server.RaftServer$Division (ServerState.java:setRaftConf(386)) - 77d16558-8a68-4655-9235-107e22ba3c38@group-66EA1A40B3A7: set configuration conf: {index: 0, cur=peers:[77d16558-8a68-4655-9235-107e22ba3c38|127.0.0.1:15047, 52f0bf1a-a22c-4dfc-83f0-dd23f5b60a86|127.0.0.1:15055, a505560f-c589-4eb5-89aa-a89970ae9358|127.0.0.1:15039]|listeners:[], old=null}
2025-07-14 15:00:06,681 [grpc-default-executor-3] INFO  segmented.SegmentedRaftLogWorker (SegmentedRaftLogWorker.java:startLogSegment(440)) - 77d16558-8a68-4655-9235-107e22ba3c38@group-66EA1A40B3A7-SegmentedRaftLogWorker: Starting segment from index:0
2025-07-14 15:00:06,681 [77d16558-8a68-4655-9235-107e22ba3c38@group-66EA1A40B3A7-SegmentedRaftLogWorker] INFO  segmented.BufferedWriteChannel (BufferedWriteChannel.java:open(61)) - open log_inprogress_0 at position 0
2025-07-14 15:00:06,684 [9eae2efb-1df6-4ce6-ae9d-8504348dafa1-groupManagement] INFO  server.RaftServer$Division (RaftServerImpl.java:<init>(268)) - 9eae2efb-1df6-4ce6-ae9d-8504348dafa1: new RaftServerImpl for group-EABB3B9FB711:[9eae2efb-1df6-4ce6-ae9d-8504348dafa1|127.0.0.1:15079, 89a738d3-0145-4b42-8b1b-b5be9f604b49|127.0.0.1:15071, ac481237-f71e-4eeb-9120-a6c52bf83f13|127.0.0.1:15063] with ContainerStateMachine:uninitialized
2025-07-14 15:00:06,684 [EventQueue-PipelineReportForPipelineReportHandler] INFO  pipeline.PipelineReportHandler (PipelineReportHandler.java:processPipelineReport(134)) - Opened pipeline Pipeline-a63a7d38-be8c-449b-928f-66ea1a40b3a7
2025-07-14 15:00:06,687 [9eae2efb-1df6-4ce6-ae9d-8504348dafa1-groupManagement] INFO  server.RaftServer$Division (ServerState.java:<init>(114)) - 9eae2efb-1df6-4ce6-ae9d-8504348dafa1@group-EABB3B9FB711: ConfigurationManager, init=conf: {index: -1, cur=peers:[9eae2efb-1df6-4ce6-ae9d-8504348dafa1|127.0.0.1:15079, 89a738d3-0145-4b42-8b1b-b5be9f604b49|127.0.0.1:15071, ac481237-f71e-4eeb-9120-a6c52bf83f13|127.0.0.1:15063]|listeners:[], old=null}, confs=<EMPTY_MAP>
2025-07-14 15:00:06,699 [77d16558-8a68-4655-9235-107e22ba3c38@group-45415B6C399B-FollowerState] INFO  impl.FollowerState (FollowerState.java:runImpl(161)) - 77d16558-8a68-4655-9235-107e22ba3c38@group-45415B6C399B-FollowerState: change to CANDIDATE, lastRpcElapsedTime:1100362836ns, electionTimeout:1099ms
2025-07-14 15:00:06,699 [77d16558-8a68-4655-9235-107e22ba3c38@group-45415B6C399B-FollowerState] INFO  impl.RoleInfo (RoleInfo.java:shutdownFollowerState(121)) - 77d16558-8a68-4655-9235-107e22ba3c38: shutdown 77d16558-8a68-4655-9235-107e22ba3c38@group-45415B6C399B-FollowerState
2025-07-14 15:00:06,699 [77d16558-8a68-4655-9235-107e22ba3c38@group-45415B6C399B-FollowerState] INFO  server.RaftServer$Division (RaftServerImpl.java:setRole(392)) - 77d16558-8a68-4655-9235-107e22ba3c38@group-45415B6C399B: changes role from  FOLLOWER to CANDIDATE at term 0 for changeToCandidate
2025-07-14 15:00:06,699 [77d16558-8a68-4655-9235-107e22ba3c38@group-45415B6C399B-FollowerState] INFO  impl.RoleInfo (RoleInfo.java:updateAndGet(148)) - 77d16558-8a68-4655-9235-107e22ba3c38: start 77d16558-8a68-4655-9235-107e22ba3c38@group-45415B6C399B-LeaderElection12
2025-07-14 15:00:06,703 [77d16558-8a68-4655-9235-107e22ba3c38@group-45415B6C399B-LeaderElection12] INFO  impl.LeaderElection (LeaderElection.java:askForVotes(448)) - 77d16558-8a68-4655-9235-107e22ba3c38@group-45415B6C399B-LeaderElection12 PRE_VOTE round 0: submit vote requests at term 0 for conf: {index: -1, cur=peers:[77d16558-8a68-4655-9235-107e22ba3c38|127.0.0.1:15047]|listeners:[], old=null}
2025-07-14 15:00:06,703 [77d16558-8a68-4655-9235-107e22ba3c38@group-45415B6C399B-LeaderElection12] INFO  impl.LeaderElection (LeaderElection.java:askForVotes(450)) - 77d16558-8a68-4655-9235-107e22ba3c38@group-45415B6C399B-LeaderElection12 PRE_VOTE round 0: result PASSED (term=0)
2025-07-14 15:00:06,705 [77d16558-8a68-4655-9235-107e22ba3c38@group-66EA1A40B3A7-SegmentedRaftLogWorker] INFO  segmented.SegmentedRaftLogWorker (SegmentedRaftLogWorker.java:execute(647)) - 77d16558-8a68-4655-9235-107e22ba3c38@group-66EA1A40B3A7-SegmentedRaftLogWorker: created new log segment /home/runner/work/ozone/ozone/hadoop-ozone/integration-test/target/test-dir/MiniOzoneClusterImpl-aaa7dc72-7fbf-48e0-acc5-129182712624/ozone-meta/datanode-5/ratis/a63a7d38-be8c-449b-928f-66ea1a40b3a7/current/log_inprogress_0
2025-07-14 15:00:06,705 [a505560f-c589-4eb5-89aa-a89970ae9358@group-66EA1A40B3A7-SegmentedRaftLogWorker] INFO  segmented.SegmentedRaftLogWorker (SegmentedRaftLogWorker.java:execute(647)) - a505560f-c589-4eb5-89aa-a89970ae9358@group-66EA1A40B3A7-SegmentedRaftLogWorker: created new log segment /home/runner/work/ozone/ozone/hadoop-ozone/integration-test/target/test-dir/MiniOzoneClusterImpl-aaa7dc72-7fbf-48e0-acc5-129182712624/ozone-meta/datanode-4/ratis/a63a7d38-be8c-449b-928f-66ea1a40b3a7/current/log_inprogress_0
2025-07-14 15:00:06,707 [77d16558-8a68-4655-9235-107e22ba3c38@group-45415B6C399B-LeaderElection12] INFO  impl.LeaderElection (LeaderElection.java:askForVotes(448)) - 77d16558-8a68-4655-9235-107e22ba3c38@group-45415B6C399B-LeaderElection12 ELECTION round 0: submit vote requests at term 1 for conf: {index: -1, cur=peers:[77d16558-8a68-4655-9235-107e22ba3c38|127.0.0.1:15047]|listeners:[], old=null}
2025-07-14 15:00:06,707 [77d16558-8a68-4655-9235-107e22ba3c38@group-45415B6C399B-LeaderElection12] INFO  impl.LeaderElection (LeaderElection.java:askForVotes(450)) - 77d16558-8a68-4655-9235-107e22ba3c38@group-45415B6C399B-LeaderElection12 ELECTION round 0: result PASSED (term=1)
2025-07-14 15:00:06,707 [9eae2efb-1df6-4ce6-ae9d-8504348dafa1-groupManagement] INFO  storage.RaftStorageDirectory (RaftStorageDirectoryImpl.java:analyzeStorage(138)) - The storage directory /home/runner/work/ozone/ozone/hadoop-ozone/integration-test/target/test-dir/MiniOzoneClusterImpl-aaa7dc72-7fbf-48e0-acc5-129182712624/ozone-meta/datanode-9/ratis/2a96270d-5a4d-4083-9a90-eabb3b9fb711 does not exist. Creating ...
2025-07-14 15:00:06,707 [77d16558-8a68-4655-9235-107e22ba3c38@group-45415B6C399B-LeaderElection12] INFO  impl.RoleInfo (RoleInfo.java:shutdownLeaderElection(141)) - 77d16558-8a68-4655-9235-107e22ba3c38: shutdown 77d16558-8a68-4655-9235-107e22ba3c38@group-45415B6C399B-LeaderElection12
2025-07-14 15:00:06,708 [77d16558-8a68-4655-9235-107e22ba3c38@group-45415B6C399B-LeaderElection12] INFO  server.RaftServer$Division (RaftServerImpl.java:setRole(392)) - 77d16558-8a68-4655-9235-107e22ba3c38@group-45415B6C399B: changes role from CANDIDATE to LEADER at term 1 for changeToLeader
2025-07-14 15:00:06,708 [77d16558-8a68-4655-9235-107e22ba3c38@group-45415B6C399B-LeaderElection12] INFO  server.RaftServerConfigKeys (ConfUtils.java:logFallback(69)) - raft.server.staging.timeout = 15600ms (fallback to raft.server.rpc.timeout.max)
2025-07-14 15:00:06,709 [9eae2efb-1df6-4ce6-ae9d-8504348dafa1-groupManagement] INFO  storage.RaftStorageDirectory (RaftStorageDirectoryImpl.java:tryLock(229)) - Lock on /home/runner/work/ozone/ozone/hadoop-ozone/integration-test/target/test-dir/MiniOzoneClusterImpl-aaa7dc72-7fbf-48e0-acc5-129182712624/ozone-meta/datanode-9/ratis/2a96270d-5a4d-4083-9a90-eabb3b9fb711/in_use.lock acquired by nodename 18082@localhost
2025-07-14 15:00:06,710 [52f0bf1a-a22c-4dfc-83f0-dd23f5b60a86@group-66EA1A40B3A7-StateMachineUpdater] INFO  server.RaftServer$Division (LeaderStateImpl.java:checkStartIndex(309)) - Leader 52f0bf1a-a22c-4dfc-83f0-dd23f5b60a86@group-66EA1A40B3A7-LeaderStateImpl is ready since appliedIndex == startIndex == 0
2025-07-14 15:00:06,710 [52f0bf1a-a22c-4dfc-83f0-dd23f5b60a86@group-66EA1A40B3A7-StateMachineUpdater] INFO  ratis.ContainerStateMachine (ContainerStateMachine.java:takeSnapshot(427)) - group-66EA1A40B3A7: Taking a snapshot at:(t:1, i:0) file /home/runner/work/ozone/ozone/hadoop-ozone/integration-test/target/test-dir/MiniOzoneClusterImpl-aaa7dc72-7fbf-48e0-acc5-129182712624/ozone-meta/datanode-6/ratis/a63a7d38-be8c-449b-928f-66ea1a40b3a7/sm/snapshot.1_0
2025-07-14 15:00:06,711 [77d16558-8a68-4655-9235-107e22ba3c38@group-45415B6C399B-LeaderElection12] INFO  server.RaftServerConfigKeys (ConfUtils.java:logGet(62)) - raft.server.write.byte-limit = 1024 M (=1073741824) (custom)
2025-07-14 15:00:06,713 [9eae2efb-1df6-4ce6-ae9d-8504348dafa1-groupManagement] INFO  storage.RaftStorage (RaftStorageImpl.java:format(98)) - Storage directory /home/runner/work/ozone/ozone/hadoop-ozone/integration-test/target/test-dir/MiniOzoneClusterImpl-aaa7dc72-7fbf-48e0-acc5-129182712624/ozone-meta/datanode-9/ratis/2a96270d-5a4d-4083-9a90-eabb3b9fb711 has been successfully formatted.
2025-07-14 15:00:06,713 [9eae2efb-1df6-4ce6-ae9d-8504348dafa1-groupManagement] INFO  ratis.ContainerStateMachine (ContainerStateMachine.java:initialize(339)) - 9eae2efb-1df6-4ce6-ae9d-8504348dafa1: initialize group-EABB3B9FB711
2025-07-14 15:00:06,713 [9eae2efb-1df6-4ce6-ae9d-8504348dafa1-groupManagement] INFO  ratis.ContainerStateMachine (ContainerStateMachine.java:loadSnapshot(347)) - group-EABB3B9FB711: The snapshot info is null. Setting the last applied index to:<INITIAL_VALUE>
2025-07-14 15:00:06,713 [9eae2efb-1df6-4ce6-ae9d-8504348dafa1-groupManagement] INFO  server.RaftServerConfigKeys (ConfUtils.java:logGet(62)) - raft.server.log.appender.buffer.byte-limit = 33554432 (custom)
2025-07-14 15:00:06,713 [77d16558-8a68-4655-9235-107e22ba3c38@group-45415B6C399B-LeaderElection12] INFO  impl.RoleInfo (RoleInfo.java:updateAndGet(148)) - 77d16558-8a68-4655-9235-107e22ba3c38: start 77d16558-8a68-4655-9235-107e22ba3c38@group-45415B6C399B-LeaderStateImpl
2025-07-14 15:00:06,714 [77d16558-8a68-4655-9235-107e22ba3c38@group-45415B6C399B-LeaderElection12] INFO  server.RaftServer$Division (RaftServerImpl.java:setFirstElection(576)) - 77d16558-8a68-4655-9235-107e22ba3c38@group-45415B6C399B: set firstElectionSinceStartup to false for becomeLeader
2025-07-14 15:00:06,714 [77d16558-8a68-4655-9235-107e22ba3c38@group-45415B6C399B-LeaderElection12] INFO  ratis.XceiverServerRatis (XceiverServerRatis.java:handleLeaderChangedNotification(944)) - Leader change notification received for group: group-45415B6C399B with new leaderId: 77d16558-8a68-4655-9235-107e22ba3c38
2025-07-14 15:00:06,714 [77d16558-8a68-4655-9235-107e22ba3c38@group-45415B6C399B-LeaderElection12] INFO  server.RaftServer$Division (ServerState.java:setLeader(272)) - 77d16558-8a68-4655-9235-107e22ba3c38@group-45415B6C399B: change Leader from null to 77d16558-8a68-4655-9235-107e22ba3c38 at term 1 for becomeLeader, leader elected after 1145ms
2025-07-14 15:00:06,714 [77d16558-8a68-4655-9235-107e22ba3c38@group-45415B6C399B-LeaderElection12] INFO  segmented.SegmentedRaftLogWorker (SegmentedRaftLogWorker.java:startLogSegment(440)) - 77d16558-8a68-4655-9235-107e22ba3c38@group-45415B6C399B-SegmentedRaftLogWorker: Starting segment from index:0
2025-07-14 15:00:06,715 [52f0bf1a-a22c-4dfc-83f0-dd23f5b60a86@group-66EA1A40B3A7-StateMachineUpdater] INFO  ratis.ContainerStateMachine (ContainerStateMachine.java:takeSnapshot(436)) - group-66EA1A40B3A7: Finished taking a snapshot at:(t:1, i:0) file:/home/runner/work/ozone/ozone/hadoop-ozone/integration-test/target/test-dir/MiniOzoneClusterImpl-aaa7dc72-7fbf-48e0-acc5-129182712624/ozone-meta/datanode-6/ratis/a63a7d38-be8c-449b-928f-66ea1a40b3a7/sm/snapshot.1_0 took: 4 ms
2025-07-14 15:00:06,716 [52f0bf1a-a22c-4dfc-83f0-dd23f5b60a86@group-66EA1A40B3A7-StateMachineUpdater] INFO  impl.StateMachineUpdater (StateMachineUpdater.java:takeSnapshot(307)) - 52f0bf1a-a22c-4dfc-83f0-dd23f5b60a86@group-66EA1A40B3A7-StateMachineUpdater: Took a snapshot at index 0
2025-07-14 15:00:06,716 [52f0bf1a-a22c-4dfc-83f0-dd23f5b60a86@group-66EA1A40B3A7-StateMachineUpdater] INFO  impl.StateMachineUpdater (StateMachineUpdater.java:lambda$new$0(101)) - 52f0bf1a-a22c-4dfc-83f0-dd23f5b60a86@group-66EA1A40B3A7-StateMachineUpdater: snapshotIndex: updateIncreasingly -1 -> 0
2025-07-14 15:00:06,717 [77d16558-8a68-4655-9235-107e22ba3c38@group-45415B6C399B-LeaderElection12] INFO  server.RaftServer$Division (ServerState.java:setRaftConf(386)) - 77d16558-8a68-4655-9235-107e22ba3c38@group-45415B6C399B: set configuration conf: {index: 0, cur=peers:[77d16558-8a68-4655-9235-107e22ba3c38|127.0.0.1:15047]|listeners:[], old=null}
2025-07-14 15:00:06,720 [77d16558-8a68-4655-9235-107e22ba3c38@group-45415B6C399B-SegmentedRaftLogWorker] INFO  segmented.BufferedWriteChannel (BufferedWriteChannel.java:open(61)) - open log_inprogress_0 at position 0
2025-07-14 15:00:06,721 [9eae2efb-1df6-4ce6-ae9d-8504348dafa1-groupManagement] INFO  server.RaftServerConfigKeys (ConfUtils.java:logGet(62)) - raft.server.log.segment.size.max = 67108864 (custom)
2025-07-14 15:00:06,723 [9eae2efb-1df6-4ce6-ae9d-8504348dafa1-groupManagement] INFO  server.RaftServerConfigKeys (ConfUtils.java:logGet(62)) - raft.server.log.appender.buffer.byte-limit = 33554432 (custom)
2025-07-14 15:00:06,724 [grpc-default-executor-4] WARN  server.GrpcAdminProtocolService (GrpcAdminProtocolService.java:lambda$groupManagement$1(53)) - Failed groupManagement: GROUPADD, GroupManagementRequest:client-104D86FB7576->9eae2efb-1df6-4ce6-ae9d-8504348dafa1@group-EABB3B9FB711, cid=18, seq=null, RW, null, Add:group-EABB3B9FB711:[9eae2efb-1df6-4ce6-ae9d-8504348dafa1|127.0.0.1:15079, 89a738d3-0145-4b42-8b1b-b5be9f604b49|127.0.0.1:15071, ac481237-f71e-4eeb-9120-a6c52bf83f13|127.0.0.1:15063]
java.util.concurrent.CompletionException: org.apache.ratis.protocol.exceptions.AlreadyExistsException: 9eae2efb-1df6-4ce6-ae9d-8504348dafa1: Failed to add group-EABB3B9FB711:[9eae2efb-1df6-4ce6-ae9d-8504348dafa1|127.0.0.1:15079, 89a738d3-0145-4b42-8b1b-b5be9f604b49|127.0.0.1:15071, ac481237-f71e-4eeb-9120-a6c52bf83f13|127.0.0.1:15063] since the group already exists in the map.
	at java.base/java.util.concurrent.CompletableFuture.encodeThrowable(CompletableFuture.java:332)
	at java.base/java.util.concurrent.CompletableFuture.uniApplyNow(CompletableFuture.java:674)
	at java.base/java.util.concurrent.CompletableFuture.uniApplyStage(CompletableFuture.java:662)
	at java.base/java.util.concurrent.CompletableFuture.thenApplyAsync(CompletableFuture.java:2210)
	at org.apache.ratis.server.impl.RaftServerProxy.groupAddAsync(RaftServerProxy.java:513)
	at org.apache.ratis.server.impl.RaftServerProxy.groupManagementAsync(RaftServerProxy.java:495)
	at org.apache.ratis.grpc.server.GrpcAdminProtocolService.lambda$groupManagement$0(GrpcAdminProtocolService.java:51)
	at org.apache.ratis.grpc.GrpcUtil.asyncCall(GrpcUtil.java:172)
	at org.apache.ratis.grpc.server.GrpcAdminProtocolService.groupManagement(GrpcAdminProtocolService.java:51)
	at org.apache.ratis.proto.grpc.AdminProtocolServiceGrpc$MethodHandlers.invoke(AdminProtocolServiceGrpc.java:701)
	at org.apache.ratis.thirdparty.io.grpc.stub.ServerCalls$UnaryServerCallHandler$UnaryServerCallListener.onHalfClose(ServerCalls.java:182)
	at org.apache.ratis.thirdparty.io.grpc.internal.ServerCallImpl$ServerStreamListenerImpl.halfClosed(ServerCallImpl.java:356)
	at org.apache.ratis.thirdparty.io.grpc.internal.ServerImpl$JumpToApplicationThreadServerStreamListener$1HalfClosed.runInContext(ServerImpl.java:861)
	at org.apache.ratis.thirdparty.io.grpc.internal.ContextRunnable.run(ContextRunnable.java:37)
	at org.apache.ratis.thirdparty.io.grpc.internal.SerializingExecutor.run(SerializingExecutor.java:133)
	at java.base/java.util.concurrent.ThreadPoolExecutor.runWorker(ThreadPoolExecutor.java:1144)
	at java.base/java.util.concurrent.ThreadPoolExecutor$Worker.run(ThreadPoolExecutor.java:642)
	at java.base/java.lang.Thread.run(Thread.java:1583)
Caused by: org.apache.ratis.protocol.exceptions.AlreadyExistsException: 9eae2efb-1df6-4ce6-ae9d-8504348dafa1: Failed to add group-EABB3B9FB711:[9eae2efb-1df6-4ce6-ae9d-8504348dafa1|127.0.0.1:15079, 89a738d3-0145-4b42-8b1b-b5be9f604b49|127.0.0.1:15071, ac481237-f71e-4eeb-9120-a6c52bf83f13|127.0.0.1:15063] since the group already exists in the map.
	at org.apache.ratis.server.impl.RaftServerProxy$ImplMap.addNew(RaftServerProxy.java:99)
	at org.apache.ratis.server.impl.RaftServerProxy.groupAddAsync(RaftServerProxy.java:512)
	... 13 more
2025-07-14 15:00:06,725 [9eae2efb-1df6-4ce6-ae9d-8504348dafa1-groupManagement] INFO  util.AwaitToRun (AwaitToRun.java:start(81)) - Thread[#1415,9eae2efb-1df6-4ce6-ae9d-8504348dafa1@group-EABB3B9FB711-cacheEviction-AwaitToRun,5,main] started
2025-07-14 15:00:06,725 [9eae2efb-1df6-4ce6-ae9d-8504348dafa1-groupManagement] INFO  segmented.SegmentedRaftLogWorker (SegmentedRaftLogWorker.java:<init>(190)) - new 9eae2efb-1df6-4ce6-ae9d-8504348dafa1@group-EABB3B9FB711-SegmentedRaftLogWorker for RaftStorageImpl:Storage Directory /home/runner/work/ozone/ozone/hadoop-ozone/integration-test/target/test-dir/MiniOzoneClusterImpl-aaa7dc72-7fbf-48e0-acc5-129182712624/ozone-meta/datanode-9/ratis/2a96270d-5a4d-4083-9a90-eabb3b9fb711
2025-07-14 15:00:06,725 [9eae2efb-1df6-4ce6-ae9d-8504348dafa1-groupManagement] INFO  server.RaftServerConfigKeys (ConfUtils.java:logGet(62)) - raft.server.log.queue.byte-limit = 4294967296 (custom)
2025-07-14 15:00:06,727 [9eae2efb-1df6-4ce6-ae9d-8504348dafa1-groupManagement] INFO  server.RaftServerConfigKeys (ConfUtils.java:logGet(62)) - raft.server.log.segment.size.max = 67108864 (custom)
2025-07-14 15:00:06,754 [9eae2efb-1df6-4ce6-ae9d-8504348dafa1-groupManagement] INFO  server.RaftServerConfigKeys (ConfUtils.java:logGet(62)) - raft.server.log.preallocated.size = 4194304 (custom)
2025-07-14 15:00:06,756 [9eae2efb-1df6-4ce6-ae9d-8504348dafa1-groupManagement] INFO  server.RaftServerConfigKeys (ConfUtils.java:logGet(62)) - raft.server.log.write.buffer.size = 33554440 (custom)
2025-07-14 15:00:06,764 [ac481237-f71e-4eeb-9120-a6c52bf83f13-PipelineCommandHandlerThread-0] INFO  commandhandler.CreatePipelineCommandHandler (CreatePipelineCommandHandler.java:lambda$handle$2(127)) - Created Pipeline RATIS THREE Pipeline-2a96270d-5a4d-4083-9a90-eabb3b9fb711.
2025-07-14 15:00:06,765 [77d16558-8a68-4655-9235-107e22ba3c38@group-45415B6C399B-SegmentedRaftLogWorker] INFO  segmented.SegmentedRaftLogWorker (SegmentedRaftLogWorker.java:execute(647)) - 77d16558-8a68-4655-9235-107e22ba3c38@group-45415B6C399B-SegmentedRaftLogWorker: created new log segment /home/runner/work/ozone/ozone/hadoop-ozone/integration-test/target/test-dir/MiniOzoneClusterImpl-aaa7dc72-7fbf-48e0-acc5-129182712624/ozone-meta/datanode-5/ratis/b9701521-b9b6-4d5a-884e-45415b6c399b/current/log_inprogress_0
2025-07-14 15:00:06,770 [77d16558-8a68-4655-9235-107e22ba3c38@group-45415B6C399B-StateMachineUpdater] INFO  server.RaftServer$Division (LeaderStateImpl.java:checkStartIndex(309)) - Leader 77d16558-8a68-4655-9235-107e22ba3c38@group-45415B6C399B-LeaderStateImpl is ready since appliedIndex == startIndex == 0
2025-07-14 15:00:06,771 [77d16558-8a68-4655-9235-107e22ba3c38@group-45415B6C399B-StateMachineUpdater] INFO  ratis.ContainerStateMachine (ContainerStateMachine.java:takeSnapshot(427)) - group-45415B6C399B: Taking a snapshot at:(t:1, i:0) file /home/runner/work/ozone/ozone/hadoop-ozone/integration-test/target/test-dir/MiniOzoneClusterImpl-aaa7dc72-7fbf-48e0-acc5-129182712624/ozone-meta/datanode-5/ratis/b9701521-b9b6-4d5a-884e-45415b6c399b/sm/snapshot.1_0
2025-07-14 15:00:06,773 [9eae2efb-1df6-4ce6-ae9d-8504348dafa1-groupManagement] INFO  server.RaftServerConfigKeys (ConfUtils.java:logGet(62)) - raft.server.log.appender.buffer.byte-limit = 33554432 (custom)
2025-07-14 15:00:06,773 [77d16558-8a68-4655-9235-107e22ba3c38@group-45415B6C399B-StateMachineUpdater] INFO  ratis.ContainerStateMachine (ContainerStateMachine.java:takeSnapshot(436)) - group-45415B6C399B: Finished taking a snapshot at:(t:1, i:0) file:/home/runner/work/ozone/ozone/hadoop-ozone/integration-test/target/test-dir/MiniOzoneClusterImpl-aaa7dc72-7fbf-48e0-acc5-129182712624/ozone-meta/datanode-5/ratis/b9701521-b9b6-4d5a-884e-45415b6c399b/sm/snapshot.1_0 took: 1 ms
2025-07-14 15:00:06,773 [77d16558-8a68-4655-9235-107e22ba3c38@group-45415B6C399B-StateMachineUpdater] INFO  impl.StateMachineUpdater (StateMachineUpdater.java:takeSnapshot(307)) - 77d16558-8a68-4655-9235-107e22ba3c38@group-45415B6C399B-StateMachineUpdater: Took a snapshot at index 0
2025-07-14 15:00:06,774 [77d16558-8a68-4655-9235-107e22ba3c38@group-45415B6C399B-StateMachineUpdater] INFO  impl.StateMachineUpdater (StateMachineUpdater.java:lambda$new$0(101)) - 77d16558-8a68-4655-9235-107e22ba3c38@group-45415B6C399B-StateMachineUpdater: snapshotIndex: updateIncreasingly -1 -> 0
2025-07-14 15:00:06,773 [9eae2efb-1df6-4ce6-ae9d-8504348dafa1-groupManagement] INFO  segmented.SegmentedRaftLogWorker (SegmentedRaftLogWorker.java:lambda$new$0(141)) - 9eae2efb-1df6-4ce6-ae9d-8504348dafa1@group-EABB3B9FB711-SegmentedRaftLogWorker: flushIndex: setUnconditionally 0 -> -1
2025-07-14 15:00:06,775 [9eae2efb-1df6-4ce6-ae9d-8504348dafa1-groupManagement] INFO  segmented.SegmentedRaftLogWorker (SegmentedRaftLogWorker.java:lambda$new$0(141)) - 9eae2efb-1df6-4ce6-ae9d-8504348dafa1@group-EABB3B9FB711-SegmentedRaftLogWorker: safeCacheEvictIndex: setUnconditionally 0 -> -1
2025-07-14 15:00:06,776 [9eae2efb-1df6-4ce6-ae9d-8504348dafa1-groupManagement] INFO  server.RaftServer$Division (RaftServerImpl.java:start(405)) - 9eae2efb-1df6-4ce6-ae9d-8504348dafa1@group-EABB3B9FB711: start as a follower, conf=conf: {index: -1, cur=peers:[9eae2efb-1df6-4ce6-ae9d-8504348dafa1|127.0.0.1:15079, 89a738d3-0145-4b42-8b1b-b5be9f604b49|127.0.0.1:15071, ac481237-f71e-4eeb-9120-a6c52bf83f13|127.0.0.1:15063]|listeners:[], old=null}
2025-07-14 15:00:06,776 [9eae2efb-1df6-4ce6-ae9d-8504348dafa1-groupManagement] INFO  server.RaftServer$Division (RaftServerImpl.java:setRole(392)) - 9eae2efb-1df6-4ce6-ae9d-8504348dafa1@group-EABB3B9FB711: changes role from      null to FOLLOWER at term 0 for startAsFollower
2025-07-14 15:00:06,777 [9eae2efb-1df6-4ce6-ae9d-8504348dafa1-groupManagement] INFO  impl.RoleInfo (RoleInfo.java:updateAndGet(148)) - 9eae2efb-1df6-4ce6-ae9d-8504348dafa1: start 9eae2efb-1df6-4ce6-ae9d-8504348dafa1@group-EABB3B9FB711-FollowerState
2025-07-14 15:00:06,778 [9eae2efb-1df6-4ce6-ae9d-8504348dafa1-groupManagement] INFO  util.JmxRegister (JmxRegister.java:tryRegister(44)) - Successfully registered JMX Bean with object name Ratis:service=RaftServer,group=group-EABB3B9FB711,id=9eae2efb-1df6-4ce6-ae9d-8504348dafa1
2025-07-14 15:00:06,778 [9eae2efb-1df6-4ce6-ae9d-8504348dafa1-groupManagement] INFO  util.JmxRegister (JmxRegister.java:register(58)) - register mxBean class org.apache.ratis.server.impl.RaftServerJmxAdapter as Ratis:service=RaftServer,group=group-EABB3B9FB711,id=9eae2efb-1df6-4ce6-ae9d-8504348dafa1
2025-07-14 15:00:06,779 [9eae2efb-1df6-4ce6-ae9d-8504348dafa1-groupManagement] INFO  server.RaftServer$Division (RaftServerImpl.java:start(419)) - 9eae2efb-1df6-4ce6-ae9d-8504348dafa1@group-EABB3B9FB711: Successfully started.
2025-07-14 15:00:06,780 [9eae2efb-1df6-4ce6-ae9d-8504348dafa1-PipelineCommandHandlerThread-0] INFO  ratis.XceiverServerRatis (XceiverServerRatis.java:addGroup(843)) - Created group Pipeline-2a96270d-5a4d-4083-9a90-eabb3b9fb711
2025-07-14 15:00:06,800 [grpc-default-executor-4] WARN  server.GrpcAdminProtocolService (GrpcAdminProtocolService.java:lambda$groupManagement$1(53)) - Failed groupManagement: GROUPADD, GroupManagementRequest:client-BD0BDBA366E1->89a738d3-0145-4b42-8b1b-b5be9f604b49@group-EABB3B9FB711, cid=19, seq=null, RW, null, Add:group-EABB3B9FB711:[9eae2efb-1df6-4ce6-ae9d-8504348dafa1|127.0.0.1:15079, 89a738d3-0145-4b42-8b1b-b5be9f604b49|127.0.0.1:15071, ac481237-f71e-4eeb-9120-a6c52bf83f13|127.0.0.1:15063]
java.util.concurrent.CompletionException: org.apache.ratis.protocol.exceptions.AlreadyExistsException: 89a738d3-0145-4b42-8b1b-b5be9f604b49: Failed to add group-EABB3B9FB711:[9eae2efb-1df6-4ce6-ae9d-8504348dafa1|127.0.0.1:15079, 89a738d3-0145-4b42-8b1b-b5be9f604b49|127.0.0.1:15071, ac481237-f71e-4eeb-9120-a6c52bf83f13|127.0.0.1:15063] since the group already exists in the map.
	at java.base/java.util.concurrent.CompletableFuture.encodeThrowable(CompletableFuture.java:332)
	at java.base/java.util.concurrent.CompletableFuture.uniApplyNow(CompletableFuture.java:674)
	at java.base/java.util.concurrent.CompletableFuture.uniApplyStage(CompletableFuture.java:662)
	at java.base/java.util.concurrent.CompletableFuture.thenApplyAsync(CompletableFuture.java:2210)
	at org.apache.ratis.server.impl.RaftServerProxy.groupAddAsync(RaftServerProxy.java:513)
	at org.apache.ratis.server.impl.RaftServerProxy.groupManagementAsync(RaftServerProxy.java:495)
	at org.apache.ratis.grpc.server.GrpcAdminProtocolService.lambda$groupManagement$0(GrpcAdminProtocolService.java:51)
	at org.apache.ratis.grpc.GrpcUtil.asyncCall(GrpcUtil.java:172)
	at org.apache.ratis.grpc.server.GrpcAdminProtocolService.groupManagement(GrpcAdminProtocolService.java:51)
	at org.apache.ratis.proto.grpc.AdminProtocolServiceGrpc$MethodHandlers.invoke(AdminProtocolServiceGrpc.java:701)
	at org.apache.ratis.thirdparty.io.grpc.stub.ServerCalls$UnaryServerCallHandler$UnaryServerCallListener.onHalfClose(ServerCalls.java:182)
	at org.apache.ratis.thirdparty.io.grpc.internal.ServerCallImpl$ServerStreamListenerImpl.halfClosed(ServerCallImpl.java:356)
	at org.apache.ratis.thirdparty.io.grpc.internal.ServerImpl$JumpToApplicationThreadServerStreamListener$1HalfClosed.runInContext(ServerImpl.java:861)
	at org.apache.ratis.thirdparty.io.grpc.internal.ContextRunnable.run(ContextRunnable.java:37)
	at org.apache.ratis.thirdparty.io.grpc.internal.SerializingExecutor.run(SerializingExecutor.java:133)
	at java.base/java.util.concurrent.ThreadPoolExecutor.runWorker(ThreadPoolExecutor.java:1144)
	at java.base/java.util.concurrent.ThreadPoolExecutor$Worker.run(ThreadPoolExecutor.java:642)
	at java.base/java.lang.Thread.run(Thread.java:1583)
Caused by: org.apache.ratis.protocol.exceptions.AlreadyExistsException: 89a738d3-0145-4b42-8b1b-b5be9f604b49: Failed to add group-EABB3B9FB711:[9eae2efb-1df6-4ce6-ae9d-8504348dafa1|127.0.0.1:15079, 89a738d3-0145-4b42-8b1b-b5be9f604b49|127.0.0.1:15071, ac481237-f71e-4eeb-9120-a6c52bf83f13|127.0.0.1:15063] since the group already exists in the map.
	at org.apache.ratis.server.impl.RaftServerProxy$ImplMap.addNew(RaftServerProxy.java:99)
	at org.apache.ratis.server.impl.RaftServerProxy.groupAddAsync(RaftServerProxy.java:512)
	... 13 more
2025-07-14 15:00:06,829 [grpc-default-executor-4] WARN  server.GrpcAdminProtocolService (GrpcAdminProtocolService.java:lambda$groupManagement$1(53)) - Failed groupManagement: GROUPADD, GroupManagementRequest:client-91B96445ABE8->ac481237-f71e-4eeb-9120-a6c52bf83f13@group-EABB3B9FB711, cid=20, seq=null, RW, null, Add:group-EABB3B9FB711:[9eae2efb-1df6-4ce6-ae9d-8504348dafa1|127.0.0.1:15079, 89a738d3-0145-4b42-8b1b-b5be9f604b49|127.0.0.1:15071, ac481237-f71e-4eeb-9120-a6c52bf83f13|127.0.0.1:15063]
java.util.concurrent.CompletionException: org.apache.ratis.protocol.exceptions.AlreadyExistsException: ac481237-f71e-4eeb-9120-a6c52bf83f13: Failed to add group-EABB3B9FB711:[9eae2efb-1df6-4ce6-ae9d-8504348dafa1|127.0.0.1:15079, 89a738d3-0145-4b42-8b1b-b5be9f604b49|127.0.0.1:15071, ac481237-f71e-4eeb-9120-a6c52bf83f13|127.0.0.1:15063] since the group already exists in the map.
	at java.base/java.util.concurrent.CompletableFuture.encodeThrowable(CompletableFuture.java:332)
	at java.base/java.util.concurrent.CompletableFuture.uniApplyNow(CompletableFuture.java:674)
	at java.base/java.util.concurrent.CompletableFuture.uniApplyStage(CompletableFuture.java:662)
	at java.base/java.util.concurrent.CompletableFuture.thenApplyAsync(CompletableFuture.java:2210)
	at org.apache.ratis.server.impl.RaftServerProxy.groupAddAsync(RaftServerProxy.java:513)
	at org.apache.ratis.server.impl.RaftServerProxy.groupManagementAsync(RaftServerProxy.java:495)
	at org.apache.ratis.grpc.server.GrpcAdminProtocolService.lambda$groupManagement$0(GrpcAdminProtocolService.java:51)
	at org.apache.ratis.grpc.GrpcUtil.asyncCall(GrpcUtil.java:172)
	at org.apache.ratis.grpc.server.GrpcAdminProtocolService.groupManagement(GrpcAdminProtocolService.java:51)
	at org.apache.ratis.proto.grpc.AdminProtocolServiceGrpc$MethodHandlers.invoke(AdminProtocolServiceGrpc.java:701)
	at org.apache.ratis.thirdparty.io.grpc.stub.ServerCalls$UnaryServerCallHandler$UnaryServerCallListener.onHalfClose(ServerCalls.java:182)
	at org.apache.ratis.thirdparty.io.grpc.internal.ServerCallImpl$ServerStreamListenerImpl.halfClosed(ServerCallImpl.java:356)
	at org.apache.ratis.thirdparty.io.grpc.internal.ServerImpl$JumpToApplicationThreadServerStreamListener$1HalfClosed.runInContext(ServerImpl.java:861)
	at org.apache.ratis.thirdparty.io.grpc.internal.ContextRunnable.run(ContextRunnable.java:37)
	at org.apache.ratis.thirdparty.io.grpc.internal.SerializingExecutor.run(SerializingExecutor.java:133)
	at java.base/java.util.concurrent.ThreadPoolExecutor.runWorker(ThreadPoolExecutor.java:1144)
	at java.base/java.util.concurrent.ThreadPoolExecutor$Worker.run(ThreadPoolExecutor.java:642)
	at java.base/java.lang.Thread.run(Thread.java:1583)
Caused by: org.apache.ratis.protocol.exceptions.AlreadyExistsException: ac481237-f71e-4eeb-9120-a6c52bf83f13: Failed to add group-EABB3B9FB711:[9eae2efb-1df6-4ce6-ae9d-8504348dafa1|127.0.0.1:15079, 89a738d3-0145-4b42-8b1b-b5be9f604b49|127.0.0.1:15071, ac481237-f71e-4eeb-9120-a6c52bf83f13|127.0.0.1:15063] since the group already exists in the map.
	at org.apache.ratis.server.impl.RaftServerProxy$ImplMap.addNew(RaftServerProxy.java:99)
	at org.apache.ratis.server.impl.RaftServerProxy.groupAddAsync(RaftServerProxy.java:512)
	... 13 more
2025-07-14 15:00:06,845 [9eae2efb-1df6-4ce6-ae9d-8504348dafa1-PipelineCommandHandlerThread-0] INFO  commandhandler.CreatePipelineCommandHandler (CreatePipelineCommandHandler.java:lambda$handle$2(127)) - Created Pipeline RATIS THREE Pipeline-2a96270d-5a4d-4083-9a90-eabb3b9fb711.
2025-07-14 15:00:06,851 [9eaddddd-9b57-463b-ae7a-e3a77c744c69-PipelineCommandHandlerThread-0] INFO  server.RaftServer (RaftServerProxy.java:addNew(105)) - 9eaddddd-9b57-463b-ae7a-e3a77c744c69: addNew group-92AAB85E7561:[9eaddddd-9b57-463b-ae7a-e3a77c744c69|127.0.0.1:15087] returns group-92AAB85E7561:java.util.concurrent.CompletableFuture@4f55bbbd[Not completed]
2025-07-14 15:00:06,857 [9eaddddd-9b57-463b-ae7a-e3a77c744c69-groupManagement] INFO  server.RaftServer$Division (RaftServerImpl.java:<init>(268)) - 9eaddddd-9b57-463b-ae7a-e3a77c744c69: new RaftServerImpl for group-92AAB85E7561:[9eaddddd-9b57-463b-ae7a-e3a77c744c69|127.0.0.1:15087] with ContainerStateMachine:uninitialized
2025-07-14 15:00:06,857 [9eaddddd-9b57-463b-ae7a-e3a77c744c69-groupManagement] INFO  server.RaftServer$Division (ServerState.java:<init>(114)) - 9eaddddd-9b57-463b-ae7a-e3a77c744c69@group-92AAB85E7561: ConfigurationManager, init=conf: {index: -1, cur=peers:[9eaddddd-9b57-463b-ae7a-e3a77c744c69|127.0.0.1:15087]|listeners:[], old=null}, confs=<EMPTY_MAP>
2025-07-14 15:00:06,866 [9eaddddd-9b57-463b-ae7a-e3a77c744c69-groupManagement] INFO  server.RaftServerConfigKeys (ConfUtils.java:logGet(62)) - raft.server.storage.dir = [/home/runner/work/ozone/ozone/hadoop-ozone/integration-test/target/test-dir/MiniOzoneClusterImpl-aaa7dc72-7fbf-48e0-acc5-129182712624/ozone-meta/datanode-10/ratis] (custom)
2025-07-14 15:00:06,866 [9eaddddd-9b57-463b-ae7a-e3a77c744c69-groupManagement] INFO  storage.RaftStorageDirectory (RaftStorageDirectoryImpl.java:analyzeStorage(138)) - The storage directory /home/runner/work/ozone/ozone/hadoop-ozone/integration-test/target/test-dir/MiniOzoneClusterImpl-aaa7dc72-7fbf-48e0-acc5-129182712624/ozone-meta/datanode-10/ratis/e4531615-3152-4076-828e-92aab85e7561 does not exist. Creating ...
2025-07-14 15:00:06,869 [9eaddddd-9b57-463b-ae7a-e3a77c744c69-groupManagement] INFO  storage.RaftStorageDirectory (RaftStorageDirectoryImpl.java:tryLock(229)) - Lock on /home/runner/work/ozone/ozone/hadoop-ozone/integration-test/target/test-dir/MiniOzoneClusterImpl-aaa7dc72-7fbf-48e0-acc5-129182712624/ozone-meta/datanode-10/ratis/e4531615-3152-4076-828e-92aab85e7561/in_use.lock acquired by nodename 18082@localhost
2025-07-14 15:00:06,875 [9eaddddd-9b57-463b-ae7a-e3a77c744c69-groupManagement] INFO  storage.RaftStorage (RaftStorageImpl.java:format(98)) - Storage directory /home/runner/work/ozone/ozone/hadoop-ozone/integration-test/target/test-dir/MiniOzoneClusterImpl-aaa7dc72-7fbf-48e0-acc5-129182712624/ozone-meta/datanode-10/ratis/e4531615-3152-4076-828e-92aab85e7561 has been successfully formatted.
2025-07-14 15:00:06,875 [9eaddddd-9b57-463b-ae7a-e3a77c744c69-groupManagement] INFO  ratis.ContainerStateMachine (ContainerStateMachine.java:initialize(339)) - 9eaddddd-9b57-463b-ae7a-e3a77c744c69: initialize group-92AAB85E7561
2025-07-14 15:00:06,876 [9eaddddd-9b57-463b-ae7a-e3a77c744c69-groupManagement] INFO  ratis.ContainerStateMachine (ContainerStateMachine.java:loadSnapshot(347)) - group-92AAB85E7561: The snapshot info is null. Setting the last applied index to:<INITIAL_VALUE>
2025-07-14 15:00:06,876 [9eaddddd-9b57-463b-ae7a-e3a77c744c69-groupManagement] INFO  server.RaftServerConfigKeys (ConfUtils.java:logGet(62)) - raft.server.log.appender.buffer.byte-limit = 33554432 (custom)
2025-07-14 15:00:06,880 [EventQueue-PipelineReportForPipelineReportHandler] INFO  pipeline.PipelineReportHandler (PipelineReportHandler.java:processPipelineReport(134)) - Opened pipeline Pipeline-e4531615-3152-4076-828e-92aab85e7561
2025-07-14 15:00:06,881 [9eaddddd-9b57-463b-ae7a-e3a77c744c69-groupManagement] INFO  server.RaftServerConfigKeys (ConfUtils.java:logGet(62)) - raft.server.log.segment.size.max = 67108864 (custom)
2025-07-14 15:00:06,882 [9eaddddd-9b57-463b-ae7a-e3a77c744c69-groupManagement] INFO  server.RaftServerConfigKeys (ConfUtils.java:logGet(62)) - raft.server.log.appender.buffer.byte-limit = 33554432 (custom)
2025-07-14 15:00:06,885 [9eaddddd-9b57-463b-ae7a-e3a77c744c69-groupManagement] INFO  util.AwaitToRun (AwaitToRun.java:start(81)) - Thread[#1432,9eaddddd-9b57-463b-ae7a-e3a77c744c69@group-92AAB85E7561-cacheEviction-AwaitToRun,5,main] started
2025-07-14 15:00:06,886 [9eaddddd-9b57-463b-ae7a-e3a77c744c69-groupManagement] INFO  segmented.SegmentedRaftLogWorker (SegmentedRaftLogWorker.java:<init>(190)) - new 9eaddddd-9b57-463b-ae7a-e3a77c744c69@group-92AAB85E7561-SegmentedRaftLogWorker for RaftStorageImpl:Storage Directory /home/runner/work/ozone/ozone/hadoop-ozone/integration-test/target/test-dir/MiniOzoneClusterImpl-aaa7dc72-7fbf-48e0-acc5-129182712624/ozone-meta/datanode-10/ratis/e4531615-3152-4076-828e-92aab85e7561
2025-07-14 15:00:06,886 [9eaddddd-9b57-463b-ae7a-e3a77c744c69-groupManagement] INFO  server.RaftServerConfigKeys (ConfUtils.java:logGet(62)) - raft.server.log.queue.byte-limit = 4294967296 (custom)
2025-07-14 15:00:06,886 [9eaddddd-9b57-463b-ae7a-e3a77c744c69-groupManagement] INFO  server.RaftServerConfigKeys (ConfUtils.java:logGet(62)) - raft.server.log.segment.size.max = 67108864 (custom)
2025-07-14 15:00:06,886 [9eaddddd-9b57-463b-ae7a-e3a77c744c69-groupManagement] INFO  server.RaftServerConfigKeys (ConfUtils.java:logGet(62)) - raft.server.log.preallocated.size = 4194304 (custom)
2025-07-14 15:00:06,889 [9eaddddd-9b57-463b-ae7a-e3a77c744c69-groupManagement] INFO  server.RaftServerConfigKeys (ConfUtils.java:logGet(62)) - raft.server.log.write.buffer.size = 33554440 (custom)
2025-07-14 15:00:06,905 [9eaddddd-9b57-463b-ae7a-e3a77c744c69-groupManagement] INFO  server.RaftServerConfigKeys (ConfUtils.java:logGet(62)) - raft.server.log.appender.buffer.byte-limit = 33554432 (custom)
2025-07-14 15:00:06,906 [9eaddddd-9b57-463b-ae7a-e3a77c744c69-groupManagement] INFO  segmented.SegmentedRaftLogWorker (SegmentedRaftLogWorker.java:lambda$new$0(141)) - 9eaddddd-9b57-463b-ae7a-e3a77c744c69@group-92AAB85E7561-SegmentedRaftLogWorker: flushIndex: setUnconditionally 0 -> -1
2025-07-14 15:00:06,906 [9eaddddd-9b57-463b-ae7a-e3a77c744c69-groupManagement] INFO  segmented.SegmentedRaftLogWorker (SegmentedRaftLogWorker.java:lambda$new$0(141)) - 9eaddddd-9b57-463b-ae7a-e3a77c744c69@group-92AAB85E7561-SegmentedRaftLogWorker: safeCacheEvictIndex: setUnconditionally 0 -> -1
2025-07-14 15:00:06,907 [9eaddddd-9b57-463b-ae7a-e3a77c744c69-groupManagement] INFO  server.RaftServer$Division (RaftServerImpl.java:start(405)) - 9eaddddd-9b57-463b-ae7a-e3a77c744c69@group-92AAB85E7561: start as a follower, conf=conf: {index: -1, cur=peers:[9eaddddd-9b57-463b-ae7a-e3a77c744c69|127.0.0.1:15087]|listeners:[], old=null}
2025-07-14 15:00:06,907 [9eaddddd-9b57-463b-ae7a-e3a77c744c69-groupManagement] INFO  server.RaftServer$Division (RaftServerImpl.java:setRole(392)) - 9eaddddd-9b57-463b-ae7a-e3a77c744c69@group-92AAB85E7561: changes role from      null to FOLLOWER at term 0 for startAsFollower
2025-07-14 15:00:06,907 [9eaddddd-9b57-463b-ae7a-e3a77c744c69-groupManagement] INFO  impl.RoleInfo (RoleInfo.java:updateAndGet(148)) - 9eaddddd-9b57-463b-ae7a-e3a77c744c69: start 9eaddddd-9b57-463b-ae7a-e3a77c744c69@group-92AAB85E7561-FollowerState
2025-07-14 15:00:06,908 [9eaddddd-9b57-463b-ae7a-e3a77c744c69-groupManagement] INFO  util.JmxRegister (JmxRegister.java:tryRegister(44)) - Successfully registered JMX Bean with object name Ratis:service=RaftServer,group=group-92AAB85E7561,id=9eaddddd-9b57-463b-ae7a-e3a77c744c69
2025-07-14 15:00:06,909 [9eaddddd-9b57-463b-ae7a-e3a77c744c69-groupManagement] INFO  util.JmxRegister (JmxRegister.java:register(58)) - register mxBean class org.apache.ratis.server.impl.RaftServerJmxAdapter as Ratis:service=RaftServer,group=group-92AAB85E7561,id=9eaddddd-9b57-463b-ae7a-e3a77c744c69
2025-07-14 15:00:06,910 [9eaddddd-9b57-463b-ae7a-e3a77c744c69-groupManagement] INFO  server.RaftServer$Division (RaftServerImpl.java:start(419)) - 9eaddddd-9b57-463b-ae7a-e3a77c744c69@group-92AAB85E7561: Successfully started.
2025-07-14 15:00:06,910 [9eaddddd-9b57-463b-ae7a-e3a77c744c69-PipelineCommandHandlerThread-0] INFO  ratis.XceiverServerRatis (XceiverServerRatis.java:addGroup(843)) - Created group Pipeline-e4531615-3152-4076-828e-92aab85e7561
2025-07-14 15:00:06,911 [9eaddddd-9b57-463b-ae7a-e3a77c744c69-PipelineCommandHandlerThread-0] INFO  commandhandler.CreatePipelineCommandHandler (CreatePipelineCommandHandler.java:lambda$handle$2(127)) - Created Pipeline RATIS ONE Pipeline-e4531615-3152-4076-828e-92aab85e7561.
2025-07-14 15:00:07,139 [main] INFO  rpc.RpcClient (RpcClient.java:createVolume(461)) - Creating Volume: testcontainerstatemachinefailures, with runner as owner and space quota set to -1 bytes, counts quota set to -1
2025-07-14 15:00:07,156 [om1-OMStateMachineApplyTransactionThread - 0] INFO  volume.OMVolumeCreateRequest (OMVolumeCreateRequest.java:validateAndUpdateCache(203)) - created volume:testcontainerstatemachinefailures for user:runner
2025-07-14 15:00:07,163 [52f0bf1a-a22c-4dfc-83f0-dd23f5b60a86@group-2F337A05641A-FollowerState] INFO  impl.FollowerState (FollowerState.java:runImpl(161)) - 52f0bf1a-a22c-4dfc-83f0-dd23f5b60a86@group-2F337A05641A-FollowerState: change to CANDIDATE, lastRpcElapsedTime:1093449379ns, electionTimeout:1093ms
2025-07-14 15:00:07,164 [52f0bf1a-a22c-4dfc-83f0-dd23f5b60a86@group-2F337A05641A-FollowerState] INFO  impl.RoleInfo (RoleInfo.java:shutdownFollowerState(121)) - 52f0bf1a-a22c-4dfc-83f0-dd23f5b60a86: shutdown 52f0bf1a-a22c-4dfc-83f0-dd23f5b60a86@group-2F337A05641A-FollowerState
2025-07-14 15:00:07,164 [52f0bf1a-a22c-4dfc-83f0-dd23f5b60a86@group-2F337A05641A-FollowerState] INFO  server.RaftServer$Division (RaftServerImpl.java:setRole(392)) - 52f0bf1a-a22c-4dfc-83f0-dd23f5b60a86@group-2F337A05641A: changes role from  FOLLOWER to CANDIDATE at term 0 for changeToCandidate
2025-07-14 15:00:07,164 [52f0bf1a-a22c-4dfc-83f0-dd23f5b60a86@group-2F337A05641A-FollowerState] INFO  impl.RoleInfo (RoleInfo.java:updateAndGet(148)) - 52f0bf1a-a22c-4dfc-83f0-dd23f5b60a86: start 52f0bf1a-a22c-4dfc-83f0-dd23f5b60a86@group-2F337A05641A-LeaderElection13
2025-07-14 15:00:07,165 [52f0bf1a-a22c-4dfc-83f0-dd23f5b60a86@group-2F337A05641A-LeaderElection13] INFO  impl.LeaderElection (LeaderElection.java:askForVotes(448)) - 52f0bf1a-a22c-4dfc-83f0-dd23f5b60a86@group-2F337A05641A-LeaderElection13 PRE_VOTE round 0: submit vote requests at term 0 for conf: {index: -1, cur=peers:[52f0bf1a-a22c-4dfc-83f0-dd23f5b60a86|127.0.0.1:15055]|listeners:[], old=null}
2025-07-14 15:00:07,165 [52f0bf1a-a22c-4dfc-83f0-dd23f5b60a86@group-2F337A05641A-LeaderElection13] INFO  impl.LeaderElection (LeaderElection.java:askForVotes(450)) - 52f0bf1a-a22c-4dfc-83f0-dd23f5b60a86@group-2F337A05641A-LeaderElection13 PRE_VOTE round 0: result PASSED (term=0)
2025-07-14 15:00:07,166 [52f0bf1a-a22c-4dfc-83f0-dd23f5b60a86@group-2F337A05641A-LeaderElection13] INFO  impl.LeaderElection (LeaderElection.java:askForVotes(448)) - 52f0bf1a-a22c-4dfc-83f0-dd23f5b60a86@group-2F337A05641A-LeaderElection13 ELECTION round 0: submit vote requests at term 1 for conf: {index: -1, cur=peers:[52f0bf1a-a22c-4dfc-83f0-dd23f5b60a86|127.0.0.1:15055]|listeners:[], old=null}
2025-07-14 15:00:07,166 [52f0bf1a-a22c-4dfc-83f0-dd23f5b60a86@group-2F337A05641A-LeaderElection13] INFO  impl.LeaderElection (LeaderElection.java:askForVotes(450)) - 52f0bf1a-a22c-4dfc-83f0-dd23f5b60a86@group-2F337A05641A-LeaderElection13 ELECTION round 0: result PASSED (term=1)
2025-07-14 15:00:07,166 [52f0bf1a-a22c-4dfc-83f0-dd23f5b60a86@group-2F337A05641A-LeaderElection13] INFO  impl.RoleInfo (RoleInfo.java:shutdownLeaderElection(141)) - 52f0bf1a-a22c-4dfc-83f0-dd23f5b60a86: shutdown 52f0bf1a-a22c-4dfc-83f0-dd23f5b60a86@group-2F337A05641A-LeaderElection13
2025-07-14 15:00:07,166 [52f0bf1a-a22c-4dfc-83f0-dd23f5b60a86@group-2F337A05641A-LeaderElection13] INFO  server.RaftServer$Division (RaftServerImpl.java:setRole(392)) - 52f0bf1a-a22c-4dfc-83f0-dd23f5b60a86@group-2F337A05641A: changes role from CANDIDATE to LEADER at term 1 for changeToLeader
2025-07-14 15:00:07,166 [52f0bf1a-a22c-4dfc-83f0-dd23f5b60a86@group-2F337A05641A-LeaderElection13] INFO  server.RaftServerConfigKeys (ConfUtils.java:logFallback(69)) - raft.server.staging.timeout = 15600ms (fallback to raft.server.rpc.timeout.max)
2025-07-14 15:00:07,167 [52f0bf1a-a22c-4dfc-83f0-dd23f5b60a86@group-2F337A05641A-LeaderElection13] INFO  server.RaftServerConfigKeys (ConfUtils.java:logGet(62)) - raft.server.write.byte-limit = 1024 M (=1073741824) (custom)
2025-07-14 15:00:07,168 [52f0bf1a-a22c-4dfc-83f0-dd23f5b60a86@group-2F337A05641A-LeaderElection13] INFO  impl.RoleInfo (RoleInfo.java:updateAndGet(148)) - 52f0bf1a-a22c-4dfc-83f0-dd23f5b60a86: start 52f0bf1a-a22c-4dfc-83f0-dd23f5b60a86@group-2F337A05641A-LeaderStateImpl
2025-07-14 15:00:07,168 [52f0bf1a-a22c-4dfc-83f0-dd23f5b60a86@group-2F337A05641A-LeaderElection13] INFO  server.RaftServer$Division (RaftServerImpl.java:setFirstElection(576)) - 52f0bf1a-a22c-4dfc-83f0-dd23f5b60a86@group-2F337A05641A: set firstElectionSinceStartup to false for becomeLeader
2025-07-14 15:00:07,168 [52f0bf1a-a22c-4dfc-83f0-dd23f5b60a86@group-2F337A05641A-LeaderElection13] INFO  ratis.XceiverServerRatis (XceiverServerRatis.java:handleLeaderChangedNotification(944)) - Leader change notification received for group: group-2F337A05641A with new leaderId: 52f0bf1a-a22c-4dfc-83f0-dd23f5b60a86
2025-07-14 15:00:07,169 [52f0bf1a-a22c-4dfc-83f0-dd23f5b60a86@group-2F337A05641A-LeaderElection13] INFO  server.RaftServer$Division (ServerState.java:setLeader(272)) - 52f0bf1a-a22c-4dfc-83f0-dd23f5b60a86@group-2F337A05641A: change Leader from null to 52f0bf1a-a22c-4dfc-83f0-dd23f5b60a86 at term 1 for becomeLeader, leader elected after 1118ms
2025-07-14 15:00:07,169 [52f0bf1a-a22c-4dfc-83f0-dd23f5b60a86@group-2F337A05641A-LeaderElection13] INFO  segmented.SegmentedRaftLogWorker (SegmentedRaftLogWorker.java:startLogSegment(440)) - 52f0bf1a-a22c-4dfc-83f0-dd23f5b60a86@group-2F337A05641A-SegmentedRaftLogWorker: Starting segment from index:0
2025-07-14 15:00:07,170 [main] INFO  rpc.RpcClient (RpcClient.java:createBucket(686)) - Creating Bucket: testcontainerstatemachinefailures/testcontainerstatemachinefailures, with server-side default bucket layout, runner as owner, Versioning false, Storage Type set to DISK and Encryption set to false, Replication Type set to server-side default replication type, Namespace Quota set to -1, Space Quota set to -1 
2025-07-14 15:00:07,170 [52f0bf1a-a22c-4dfc-83f0-dd23f5b60a86@group-2F337A05641A-LeaderElection13] INFO  server.RaftServer$Division (ServerState.java:setRaftConf(386)) - 52f0bf1a-a22c-4dfc-83f0-dd23f5b60a86@group-2F337A05641A: set configuration conf: {index: 0, cur=peers:[52f0bf1a-a22c-4dfc-83f0-dd23f5b60a86|127.0.0.1:15055]|listeners:[], old=null}
2025-07-14 15:00:07,171 [52f0bf1a-a22c-4dfc-83f0-dd23f5b60a86@group-2F337A05641A-SegmentedRaftLogWorker] INFO  segmented.BufferedWriteChannel (BufferedWriteChannel.java:open(61)) - open log_inprogress_0 at position 0
2025-07-14 15:00:07,180 [52f0bf1a-a22c-4dfc-83f0-dd23f5b60a86@group-2F337A05641A-SegmentedRaftLogWorker] INFO  segmented.SegmentedRaftLogWorker (SegmentedRaftLogWorker.java:execute(647)) - 52f0bf1a-a22c-4dfc-83f0-dd23f5b60a86@group-2F337A05641A-SegmentedRaftLogWorker: created new log segment /home/runner/work/ozone/ozone/hadoop-ozone/integration-test/target/test-dir/MiniOzoneClusterImpl-aaa7dc72-7fbf-48e0-acc5-129182712624/ozone-meta/datanode-6/ratis/ca12a5eb-3b33-4a0a-8a4c-2f337a05641a/current/log_inprogress_0
2025-07-14 15:00:07,181 [52f0bf1a-a22c-4dfc-83f0-dd23f5b60a86@group-2F337A05641A-StateMachineUpdater] INFO  server.RaftServer$Division (LeaderStateImpl.java:checkStartIndex(309)) - Leader 52f0bf1a-a22c-4dfc-83f0-dd23f5b60a86@group-2F337A05641A-LeaderStateImpl is ready since appliedIndex == startIndex == 0
2025-07-14 15:00:07,182 [52f0bf1a-a22c-4dfc-83f0-dd23f5b60a86@group-2F337A05641A-StateMachineUpdater] INFO  ratis.ContainerStateMachine (ContainerStateMachine.java:takeSnapshot(427)) - group-2F337A05641A: Taking a snapshot at:(t:1, i:0) file /home/runner/work/ozone/ozone/hadoop-ozone/integration-test/target/test-dir/MiniOzoneClusterImpl-aaa7dc72-7fbf-48e0-acc5-129182712624/ozone-meta/datanode-6/ratis/ca12a5eb-3b33-4a0a-8a4c-2f337a05641a/sm/snapshot.1_0
2025-07-14 15:00:07,182 [52f0bf1a-a22c-4dfc-83f0-dd23f5b60a86@group-2F337A05641A-StateMachineUpdater] INFO  ratis.ContainerStateMachine (ContainerStateMachine.java:takeSnapshot(436)) - group-2F337A05641A: Finished taking a snapshot at:(t:1, i:0) file:/home/runner/work/ozone/ozone/hadoop-ozone/integration-test/target/test-dir/MiniOzoneClusterImpl-aaa7dc72-7fbf-48e0-acc5-129182712624/ozone-meta/datanode-6/ratis/ca12a5eb-3b33-4a0a-8a4c-2f337a05641a/sm/snapshot.1_0 took: 1 ms
2025-07-14 15:00:07,182 [52f0bf1a-a22c-4dfc-83f0-dd23f5b60a86@group-2F337A05641A-StateMachineUpdater] INFO  impl.StateMachineUpdater (StateMachineUpdater.java:takeSnapshot(307)) - 52f0bf1a-a22c-4dfc-83f0-dd23f5b60a86@group-2F337A05641A-StateMachineUpdater: Took a snapshot at index 0
2025-07-14 15:00:07,182 [52f0bf1a-a22c-4dfc-83f0-dd23f5b60a86@group-2F337A05641A-StateMachineUpdater] INFO  impl.StateMachineUpdater (StateMachineUpdater.java:lambda$new$0(101)) - 52f0bf1a-a22c-4dfc-83f0-dd23f5b60a86@group-2F337A05641A-StateMachineUpdater: snapshotIndex: updateIncreasingly -1 -> 0
2025-07-14 15:00:07,183 [om1-OMStateMachineApplyTransactionThread - 0] INFO  bucket.OMBucketCreateRequest (OMBucketCreateRequest.java:validateAndUpdateCache(292)) - created bucket: testcontainerstatemachinefailures of layout FILE_SYSTEM_OPTIMIZED in volume: testcontainerstatemachinefailures
2025-07-14 15:00:07,235 [IPC Server handler 0 on default port 15001] INFO  ha.SequenceIdGenerator (SequenceIdGenerator.java:getNextId(135)) - Allocate a batch for containerId, change lastId from 0 to 1000.
2025-07-14 15:00:07,246 [e9aa665b-a6cb-4a48-961e-4c04ffb0bb5a@group-129182712624-StateMachineUpdater] WARN  ha.SequenceIdGenerator (SequenceIdGenerator.java:allocateBatch(248)) - Failed to allocate a batch for localId, expected lastId is 0, actual lastId is 115816896921600000.
2025-07-14 15:00:07,248 [IPC Server handler 0 on default port 15001] INFO  ha.SequenceIdGenerator (SequenceIdGenerator.java:getNextId(135)) - Allocate a batch for localId, change lastId from 115816896921600000 to 115816896921601000.
2025-07-14 15:00:07,309 [main] INFO  impl.MetricsSystemImpl (MetricsSystemImpl.java:init(158)) - XceiverClientMetrics metrics system started (again)
2025-07-14 15:00:07,525 [ac481237-f71e-4eeb-9120-a6c52bf83f13@group-1AEBB7792E6D-FollowerState] INFO  impl.FollowerState (FollowerState.java:runImpl(161)) - ac481237-f71e-4eeb-9120-a6c52bf83f13@group-1AEBB7792E6D-FollowerState: change to CANDIDATE, lastRpcElapsedTime:1120000289ns, electionTimeout:1118ms
2025-07-14 15:00:07,525 [ac481237-f71e-4eeb-9120-a6c52bf83f13@group-1AEBB7792E6D-FollowerState] INFO  impl.RoleInfo (RoleInfo.java:shutdownFollowerState(121)) - ac481237-f71e-4eeb-9120-a6c52bf83f13: shutdown ac481237-f71e-4eeb-9120-a6c52bf83f13@group-1AEBB7792E6D-FollowerState
2025-07-14 15:00:07,525 [ac481237-f71e-4eeb-9120-a6c52bf83f13@group-1AEBB7792E6D-FollowerState] INFO  server.RaftServer$Division (RaftServerImpl.java:setRole(392)) - ac481237-f71e-4eeb-9120-a6c52bf83f13@group-1AEBB7792E6D: changes role from  FOLLOWER to CANDIDATE at term 0 for changeToCandidate
2025-07-14 15:00:07,526 [ac481237-f71e-4eeb-9120-a6c52bf83f13@group-1AEBB7792E6D-FollowerState] INFO  impl.RoleInfo (RoleInfo.java:updateAndGet(148)) - ac481237-f71e-4eeb-9120-a6c52bf83f13: start ac481237-f71e-4eeb-9120-a6c52bf83f13@group-1AEBB7792E6D-LeaderElection14
2025-07-14 15:00:07,525 [52f0bf1a-a22c-4dfc-83f0-dd23f5b60a86@group-B771F555DC8D-StateMachineUpdater] INFO  ratis.ContainerStateMachine (ContainerStateMachine.java:takeSnapshot(427)) - group-B771F555DC8D: Taking a snapshot at:(t:1, i:0) file /home/runner/work/ozone/ozone/hadoop-ozone/integration-test/target/test-dir/MiniOzoneClusterImpl-aaa7dc72-7fbf-48e0-acc5-129182712624/ozone-meta/datanode-6/ratis/955d2a46-e184-48bd-86c8-b771f555dc8d/sm/snapshot.1_0
2025-07-14 15:00:07,526 [ac481237-f71e-4eeb-9120-a6c52bf83f13@group-1AEBB7792E6D-LeaderElection14] INFO  impl.LeaderElection (LeaderElection.java:askForVotes(448)) - ac481237-f71e-4eeb-9120-a6c52bf83f13@group-1AEBB7792E6D-LeaderElection14 PRE_VOTE round 0: submit vote requests at term 0 for conf: {index: -1, cur=peers:[9eae2efb-1df6-4ce6-ae9d-8504348dafa1|127.0.0.1:15079, ac481237-f71e-4eeb-9120-a6c52bf83f13|127.0.0.1:15063, 89a738d3-0145-4b42-8b1b-b5be9f604b49|127.0.0.1:15071]|listeners:[], old=null}
2025-07-14 15:00:07,531 [ac481237-f71e-4eeb-9120-a6c52bf83f13@group-1AEBB7792E6D-LeaderElection14-1] INFO  server.GrpcServerProtocolClient (GrpcServerProtocolClient.java:<init>(65)) - Build channel for 9eae2efb-1df6-4ce6-ae9d-8504348dafa1|127.0.0.1:15079
2025-07-14 15:00:07,532 [77d16558-8a68-4655-9235-107e22ba3c38@group-B771F555DC8D-StateMachineUpdater] INFO  ratis.ContainerStateMachine (ContainerStateMachine.java:takeSnapshot(427)) - group-B771F555DC8D: Taking a snapshot at:(t:1, i:0) file /home/runner/work/ozone/ozone/hadoop-ozone/integration-test/target/test-dir/MiniOzoneClusterImpl-aaa7dc72-7fbf-48e0-acc5-129182712624/ozone-meta/datanode-5/ratis/955d2a46-e184-48bd-86c8-b771f555dc8d/sm/snapshot.1_0
2025-07-14 15:00:07,532 [ac481237-f71e-4eeb-9120-a6c52bf83f13@group-1AEBB7792E6D-LeaderElection14-2] INFO  server.GrpcServerProtocolClient (GrpcServerProtocolClient.java:<init>(65)) - Build channel for 89a738d3-0145-4b42-8b1b-b5be9f604b49|127.0.0.1:15071
2025-07-14 15:00:07,533 [77d16558-8a68-4655-9235-107e22ba3c38@group-B771F555DC8D-StateMachineUpdater] INFO  ratis.ContainerStateMachine (ContainerStateMachine.java:takeSnapshot(436)) - group-B771F555DC8D: Finished taking a snapshot at:(t:1, i:0) file:/home/runner/work/ozone/ozone/hadoop-ozone/integration-test/target/test-dir/MiniOzoneClusterImpl-aaa7dc72-7fbf-48e0-acc5-129182712624/ozone-meta/datanode-5/ratis/955d2a46-e184-48bd-86c8-b771f555dc8d/sm/snapshot.1_0 took: 1 ms
2025-07-14 15:00:07,533 [77d16558-8a68-4655-9235-107e22ba3c38@group-B771F555DC8D-StateMachineUpdater] INFO  impl.StateMachineUpdater (StateMachineUpdater.java:takeSnapshot(307)) - 77d16558-8a68-4655-9235-107e22ba3c38@group-B771F555DC8D-StateMachineUpdater: Took a snapshot at index 0
2025-07-14 15:00:07,533 [77d16558-8a68-4655-9235-107e22ba3c38@group-B771F555DC8D-StateMachineUpdater] INFO  impl.StateMachineUpdater (StateMachineUpdater.java:lambda$new$0(101)) - 77d16558-8a68-4655-9235-107e22ba3c38@group-B771F555DC8D-StateMachineUpdater: snapshotIndex: updateIncreasingly -1 -> 0
2025-07-14 15:00:07,534 [52f0bf1a-a22c-4dfc-83f0-dd23f5b60a86@group-B771F555DC8D-StateMachineUpdater] INFO  ratis.ContainerStateMachine (ContainerStateMachine.java:takeSnapshot(436)) - group-B771F555DC8D: Finished taking a snapshot at:(t:1, i:0) file:/home/runner/work/ozone/ozone/hadoop-ozone/integration-test/target/test-dir/MiniOzoneClusterImpl-aaa7dc72-7fbf-48e0-acc5-129182712624/ozone-meta/datanode-6/ratis/955d2a46-e184-48bd-86c8-b771f555dc8d/sm/snapshot.1_0 took: 8 ms
2025-07-14 15:00:07,534 [52f0bf1a-a22c-4dfc-83f0-dd23f5b60a86@group-B771F555DC8D-StateMachineUpdater] INFO  impl.StateMachineUpdater (StateMachineUpdater.java:takeSnapshot(307)) - 52f0bf1a-a22c-4dfc-83f0-dd23f5b60a86@group-B771F555DC8D-StateMachineUpdater: Took a snapshot at index 0
2025-07-14 15:00:07,534 [52f0bf1a-a22c-4dfc-83f0-dd23f5b60a86@group-B771F555DC8D-StateMachineUpdater] INFO  impl.StateMachineUpdater (StateMachineUpdater.java:lambda$new$0(101)) - 52f0bf1a-a22c-4dfc-83f0-dd23f5b60a86@group-B771F555DC8D-StateMachineUpdater: snapshotIndex: updateIncreasingly -1 -> 0
2025-07-14 15:00:07,537 [ac481237-f71e-4eeb-9120-a6c52bf83f13@group-C5ADC75AADF5-FollowerState] INFO  impl.FollowerState (FollowerState.java:runImpl(161)) - ac481237-f71e-4eeb-9120-a6c52bf83f13@group-C5ADC75AADF5-FollowerState: change to CANDIDATE, lastRpcElapsedTime:1184904676ns, electionTimeout:1179ms
2025-07-14 15:00:07,537 [ac481237-f71e-4eeb-9120-a6c52bf83f13@group-C5ADC75AADF5-FollowerState] INFO  impl.RoleInfo (RoleInfo.java:shutdownFollowerState(121)) - ac481237-f71e-4eeb-9120-a6c52bf83f13: shutdown ac481237-f71e-4eeb-9120-a6c52bf83f13@group-C5ADC75AADF5-FollowerState
2025-07-14 15:00:07,537 [ac481237-f71e-4eeb-9120-a6c52bf83f13@group-C5ADC75AADF5-FollowerState] INFO  server.RaftServer$Division (RaftServerImpl.java:setRole(392)) - ac481237-f71e-4eeb-9120-a6c52bf83f13@group-C5ADC75AADF5: changes role from  FOLLOWER to CANDIDATE at term 0 for changeToCandidate
2025-07-14 15:00:07,538 [ac481237-f71e-4eeb-9120-a6c52bf83f13@group-C5ADC75AADF5-FollowerState] INFO  impl.RoleInfo (RoleInfo.java:updateAndGet(148)) - ac481237-f71e-4eeb-9120-a6c52bf83f13: start ac481237-f71e-4eeb-9120-a6c52bf83f13@group-C5ADC75AADF5-LeaderElection15
2025-07-14 15:00:07,540 [ac481237-f71e-4eeb-9120-a6c52bf83f13@group-C5ADC75AADF5-LeaderElection15] INFO  impl.LeaderElection (LeaderElection.java:askForVotes(448)) - ac481237-f71e-4eeb-9120-a6c52bf83f13@group-C5ADC75AADF5-LeaderElection15 PRE_VOTE round 0: submit vote requests at term 0 for conf: {index: -1, cur=peers:[ac481237-f71e-4eeb-9120-a6c52bf83f13|127.0.0.1:15063]|listeners:[], old=null}
2025-07-14 15:00:07,540 [ac481237-f71e-4eeb-9120-a6c52bf83f13@group-C5ADC75AADF5-LeaderElection15] INFO  impl.LeaderElection (LeaderElection.java:askForVotes(450)) - ac481237-f71e-4eeb-9120-a6c52bf83f13@group-C5ADC75AADF5-LeaderElection15 PRE_VOTE round 0: result PASSED (term=0)
2025-07-14 15:00:07,543 [ac481237-f71e-4eeb-9120-a6c52bf83f13@group-C5ADC75AADF5-LeaderElection15] INFO  impl.LeaderElection (LeaderElection.java:askForVotes(448)) - ac481237-f71e-4eeb-9120-a6c52bf83f13@group-C5ADC75AADF5-LeaderElection15 ELECTION round 0: submit vote requests at term 1 for conf: {index: -1, cur=peers:[ac481237-f71e-4eeb-9120-a6c52bf83f13|127.0.0.1:15063]|listeners:[], old=null}
2025-07-14 15:00:07,543 [ac481237-f71e-4eeb-9120-a6c52bf83f13@group-C5ADC75AADF5-LeaderElection15] INFO  impl.LeaderElection (LeaderElection.java:askForVotes(450)) - ac481237-f71e-4eeb-9120-a6c52bf83f13@group-C5ADC75AADF5-LeaderElection15 ELECTION round 0: result PASSED (term=1)
2025-07-14 15:00:07,543 [ac481237-f71e-4eeb-9120-a6c52bf83f13@group-C5ADC75AADF5-LeaderElection15] INFO  impl.RoleInfo (RoleInfo.java:shutdownLeaderElection(141)) - ac481237-f71e-4eeb-9120-a6c52bf83f13: shutdown ac481237-f71e-4eeb-9120-a6c52bf83f13@group-C5ADC75AADF5-LeaderElection15
2025-07-14 15:00:07,543 [ac481237-f71e-4eeb-9120-a6c52bf83f13@group-C5ADC75AADF5-LeaderElection15] INFO  server.RaftServer$Division (RaftServerImpl.java:setRole(392)) - ac481237-f71e-4eeb-9120-a6c52bf83f13@group-C5ADC75AADF5: changes role from CANDIDATE to LEADER at term 1 for changeToLeader
2025-07-14 15:00:07,543 [ac481237-f71e-4eeb-9120-a6c52bf83f13@group-C5ADC75AADF5-LeaderElection15] INFO  server.RaftServerConfigKeys (ConfUtils.java:logFallback(69)) - raft.server.staging.timeout = 15600ms (fallback to raft.server.rpc.timeout.max)
2025-07-14 15:00:07,544 [ac481237-f71e-4eeb-9120-a6c52bf83f13@group-C5ADC75AADF5-LeaderElection15] INFO  server.RaftServerConfigKeys (ConfUtils.java:logGet(62)) - raft.server.write.byte-limit = 1024 M (=1073741824) (custom)
2025-07-14 15:00:07,544 [grpc-default-executor-4] INFO  server.RaftServer$Division (RaftServerImpl.java:requestVote(1421)) - 9eae2efb-1df6-4ce6-ae9d-8504348dafa1@group-1AEBB7792E6D: receive requestVote(PRE_VOTE, ac481237-f71e-4eeb-9120-a6c52bf83f13, group-1AEBB7792E6D, 0, <PROTO_DEFAULT>)
2025-07-14 15:00:07,544 [grpc-default-executor-4] INFO  impl.VoteContext (VoteContext.java:log(49)) - 9eae2efb-1df6-4ce6-ae9d-8504348dafa1@group-1AEBB7792E6D-FOLLOWER: reject PRE_VOTE from ac481237-f71e-4eeb-9120-a6c52bf83f13: our priority 1 > candidate's priority 0
2025-07-14 15:00:07,544 [grpc-default-executor-4] INFO  server.RaftServer$Division (RaftServerImpl.java:requestVote(1455)) - 9eae2efb-1df6-4ce6-ae9d-8504348dafa1@group-1AEBB7792E6D replies to PRE_VOTE vote request: ac481237-f71e-4eeb-9120-a6c52bf83f13<-9eae2efb-1df6-4ce6-ae9d-8504348dafa1#0:FAIL-t0-last:<INITIAL_VALUE>. Peer's state: 9eae2efb-1df6-4ce6-ae9d-8504348dafa1@group-1AEBB7792E6D:t0, leader=null, voted=, raftlog=Memoized:9eae2efb-1df6-4ce6-ae9d-8504348dafa1@group-1AEBB7792E6D-SegmentedRaftLog:OPENED:c-1:lastnull, conf=conf: {index: -1, cur=peers:[9eae2efb-1df6-4ce6-ae9d-8504348dafa1|127.0.0.1:15079, ac481237-f71e-4eeb-9120-a6c52bf83f13|127.0.0.1:15063, 89a738d3-0145-4b42-8b1b-b5be9f604b49|127.0.0.1:15071]|listeners:[], old=null}
2025-07-14 15:00:07,545 [a505560f-c589-4eb5-89aa-a89970ae9358@group-B771F555DC8D-StateMachineUpdater] INFO  ratis.ContainerStateMachine (ContainerStateMachine.java:takeSnapshot(427)) - group-B771F555DC8D: Taking a snapshot at:(t:1, i:1) file /home/runner/work/ozone/ozone/hadoop-ozone/integration-test/target/test-dir/MiniOzoneClusterImpl-aaa7dc72-7fbf-48e0-acc5-129182712624/ozone-meta/datanode-4/ratis/955d2a46-e184-48bd-86c8-b771f555dc8d/sm/snapshot.1_1
2025-07-14 15:00:07,544 [52f0bf1a-a22c-4dfc-83f0-dd23f5b60a86@group-B771F555DC8D-StateMachineUpdater] INFO  ratis.ContainerStateMachine (ContainerStateMachine.java:takeSnapshot(427)) - group-B771F555DC8D: Taking a snapshot at:(t:1, i:1) file /home/runner/work/ozone/ozone/hadoop-ozone/integration-test/target/test-dir/MiniOzoneClusterImpl-aaa7dc72-7fbf-48e0-acc5-129182712624/ozone-meta/datanode-6/ratis/955d2a46-e184-48bd-86c8-b771f555dc8d/sm/snapshot.1_1
2025-07-14 15:00:07,546 [a505560f-c589-4eb5-89aa-a89970ae9358@group-B771F555DC8D-StateMachineUpdater] INFO  ratis.ContainerStateMachine (ContainerStateMachine.java:takeSnapshot(436)) - group-B771F555DC8D: Finished taking a snapshot at:(t:1, i:1) file:/home/runner/work/ozone/ozone/hadoop-ozone/integration-test/target/test-dir/MiniOzoneClusterImpl-aaa7dc72-7fbf-48e0-acc5-129182712624/ozone-meta/datanode-4/ratis/955d2a46-e184-48bd-86c8-b771f555dc8d/sm/snapshot.1_1 took: 1 ms
2025-07-14 15:00:07,546 [77d16558-8a68-4655-9235-107e22ba3c38@group-B771F555DC8D-StateMachineUpdater] INFO  ratis.ContainerStateMachine (ContainerStateMachine.java:takeSnapshot(427)) - group-B771F555DC8D: Taking a snapshot at:(t:1, i:1) file /home/runner/work/ozone/ozone/hadoop-ozone/integration-test/target/test-dir/MiniOzoneClusterImpl-aaa7dc72-7fbf-48e0-acc5-129182712624/ozone-meta/datanode-5/ratis/955d2a46-e184-48bd-86c8-b771f555dc8d/sm/snapshot.1_1
2025-07-14 15:00:07,546 [a505560f-c589-4eb5-89aa-a89970ae9358@group-B771F555DC8D-StateMachineUpdater] INFO  impl.StateMachineUpdater (StateMachineUpdater.java:takeSnapshot(307)) - a505560f-c589-4eb5-89aa-a89970ae9358@group-B771F555DC8D-StateMachineUpdater: Took a snapshot at index 1
2025-07-14 15:00:07,546 [a505560f-c589-4eb5-89aa-a89970ae9358@group-B771F555DC8D-StateMachineUpdater] INFO  impl.StateMachineUpdater (StateMachineUpdater.java:lambda$new$0(101)) - a505560f-c589-4eb5-89aa-a89970ae9358@group-B771F555DC8D-StateMachineUpdater: snapshotIndex: updateIncreasingly 0 -> 1
2025-07-14 15:00:07,547 [52f0bf1a-a22c-4dfc-83f0-dd23f5b60a86@group-B771F555DC8D-StateMachineUpdater] INFO  ratis.ContainerStateMachine (ContainerStateMachine.java:takeSnapshot(436)) - group-B771F555DC8D: Finished taking a snapshot at:(t:1, i:1) file:/home/runner/work/ozone/ozone/hadoop-ozone/integration-test/target/test-dir/MiniOzoneClusterImpl-aaa7dc72-7fbf-48e0-acc5-129182712624/ozone-meta/datanode-6/ratis/955d2a46-e184-48bd-86c8-b771f555dc8d/sm/snapshot.1_1 took: 3 ms
2025-07-14 15:00:07,547 [ac481237-f71e-4eeb-9120-a6c52bf83f13@group-C5ADC75AADF5-LeaderElection15] INFO  impl.RoleInfo (RoleInfo.java:updateAndGet(148)) - ac481237-f71e-4eeb-9120-a6c52bf83f13: start ac481237-f71e-4eeb-9120-a6c52bf83f13@group-C5ADC75AADF5-LeaderStateImpl
2025-07-14 15:00:07,547 [ac481237-f71e-4eeb-9120-a6c52bf83f13@group-C5ADC75AADF5-LeaderElection15] INFO  server.RaftServer$Division (RaftServerImpl.java:setFirstElection(576)) - ac481237-f71e-4eeb-9120-a6c52bf83f13@group-C5ADC75AADF5: set firstElectionSinceStartup to false for becomeLeader
2025-07-14 15:00:07,547 [ac481237-f71e-4eeb-9120-a6c52bf83f13@group-C5ADC75AADF5-LeaderElection15] INFO  ratis.XceiverServerRatis (XceiverServerRatis.java:handleLeaderChangedNotification(944)) - Leader change notification received for group: group-C5ADC75AADF5 with new leaderId: ac481237-f71e-4eeb-9120-a6c52bf83f13
2025-07-14 15:00:07,547 [77d16558-8a68-4655-9235-107e22ba3c38@group-B771F555DC8D-StateMachineUpdater] INFO  ratis.ContainerStateMachine (ContainerStateMachine.java:takeSnapshot(436)) - group-B771F555DC8D: Finished taking a snapshot at:(t:1, i:1) file:/home/runner/work/ozone/ozone/hadoop-ozone/integration-test/target/test-dir/MiniOzoneClusterImpl-aaa7dc72-7fbf-48e0-acc5-129182712624/ozone-meta/datanode-5/ratis/955d2a46-e184-48bd-86c8-b771f555dc8d/sm/snapshot.1_1 took: 0 ms
2025-07-14 15:00:07,547 [77d16558-8a68-4655-9235-107e22ba3c38@group-B771F555DC8D-StateMachineUpdater] INFO  impl.StateMachineUpdater (StateMachineUpdater.java:takeSnapshot(307)) - 77d16558-8a68-4655-9235-107e22ba3c38@group-B771F555DC8D-StateMachineUpdater: Took a snapshot at index 1
2025-07-14 15:00:07,547 [77d16558-8a68-4655-9235-107e22ba3c38@group-B771F555DC8D-StateMachineUpdater] INFO  impl.StateMachineUpdater (StateMachineUpdater.java:lambda$new$0(101)) - 77d16558-8a68-4655-9235-107e22ba3c38@group-B771F555DC8D-StateMachineUpdater: snapshotIndex: updateIncreasingly 0 -> 1
2025-07-14 15:00:07,547 [ac481237-f71e-4eeb-9120-a6c52bf83f13@group-1AEBB7792E6D-LeaderElection14] INFO  impl.LeaderElection (LeaderElection.java:logAndReturn(206)) - ac481237-f71e-4eeb-9120-a6c52bf83f13@group-1AEBB7792E6D-LeaderElection14: PRE_VOTE REJECTED received 1 response(s) and 0 exception(s):
2025-07-14 15:00:07,547 [ac481237-f71e-4eeb-9120-a6c52bf83f13@group-1AEBB7792E6D-LeaderElection14] INFO  impl.LeaderElection (LeaderElection.java:logAndReturn(210)) -   Response 0: ac481237-f71e-4eeb-9120-a6c52bf83f13<-9eae2efb-1df6-4ce6-ae9d-8504348dafa1#0:FAIL-t0-last:<INITIAL_VALUE>
2025-07-14 15:00:07,548 [ac481237-f71e-4eeb-9120-a6c52bf83f13@group-1AEBB7792E6D-LeaderElection14] INFO  impl.LeaderElection (LeaderElection.java:askForVotes(450)) - ac481237-f71e-4eeb-9120-a6c52bf83f13@group-1AEBB7792E6D-LeaderElection14 PRE_VOTE round 0: result REJECTED
2025-07-14 15:00:07,548 [ac481237-f71e-4eeb-9120-a6c52bf83f13@group-1AEBB7792E6D-LeaderElection14] INFO  server.RaftServer$Division (RaftServerImpl.java:setRole(392)) - ac481237-f71e-4eeb-9120-a6c52bf83f13@group-1AEBB7792E6D: changes role from CANDIDATE to FOLLOWER at term 0 for REJECTED
2025-07-14 15:00:07,548 [ac481237-f71e-4eeb-9120-a6c52bf83f13@group-1AEBB7792E6D-LeaderElection14] INFO  impl.RoleInfo (RoleInfo.java:shutdownLeaderElection(141)) - ac481237-f71e-4eeb-9120-a6c52bf83f13: shutdown ac481237-f71e-4eeb-9120-a6c52bf83f13@group-1AEBB7792E6D-LeaderElection14
2025-07-14 15:00:07,548 [ac481237-f71e-4eeb-9120-a6c52bf83f13@group-1AEBB7792E6D-LeaderElection14] INFO  impl.RoleInfo (RoleInfo.java:updateAndGet(148)) - ac481237-f71e-4eeb-9120-a6c52bf83f13: start ac481237-f71e-4eeb-9120-a6c52bf83f13@group-1AEBB7792E6D-FollowerState
2025-07-14 15:00:07,549 [ac481237-f71e-4eeb-9120-a6c52bf83f13@group-C5ADC75AADF5-LeaderElection15] INFO  server.RaftServer$Division (ServerState.java:setLeader(272)) - ac481237-f71e-4eeb-9120-a6c52bf83f13@group-C5ADC75AADF5: change Leader from null to ac481237-f71e-4eeb-9120-a6c52bf83f13 at term 1 for becomeLeader, leader elected after 1227ms
2025-07-14 15:00:07,549 [ac481237-f71e-4eeb-9120-a6c52bf83f13@group-C5ADC75AADF5-LeaderElection15] INFO  segmented.SegmentedRaftLogWorker (SegmentedRaftLogWorker.java:startLogSegment(440)) - ac481237-f71e-4eeb-9120-a6c52bf83f13@group-C5ADC75AADF5-SegmentedRaftLogWorker: Starting segment from index:0
2025-07-14 15:00:07,550 [ac481237-f71e-4eeb-9120-a6c52bf83f13@group-C5ADC75AADF5-LeaderElection15] INFO  server.RaftServer$Division (ServerState.java:setRaftConf(386)) - ac481237-f71e-4eeb-9120-a6c52bf83f13@group-C5ADC75AADF5: set configuration conf: {index: 0, cur=peers:[ac481237-f71e-4eeb-9120-a6c52bf83f13|127.0.0.1:15063]|listeners:[], old=null}
2025-07-14 15:00:07,547 [52f0bf1a-a22c-4dfc-83f0-dd23f5b60a86@group-B771F555DC8D-StateMachineUpdater] INFO  impl.StateMachineUpdater (StateMachineUpdater.java:takeSnapshot(307)) - 52f0bf1a-a22c-4dfc-83f0-dd23f5b60a86@group-B771F555DC8D-StateMachineUpdater: Took a snapshot at index 1
2025-07-14 15:00:07,550 [52f0bf1a-a22c-4dfc-83f0-dd23f5b60a86@group-B771F555DC8D-StateMachineUpdater] INFO  impl.StateMachineUpdater (StateMachineUpdater.java:lambda$new$0(101)) - 52f0bf1a-a22c-4dfc-83f0-dd23f5b60a86@group-B771F555DC8D-StateMachineUpdater: snapshotIndex: updateIncreasingly 0 -> 1
2025-07-14 15:00:07,551 [ac481237-f71e-4eeb-9120-a6c52bf83f13@group-C5ADC75AADF5-SegmentedRaftLogWorker] INFO  segmented.BufferedWriteChannel (BufferedWriteChannel.java:open(61)) - open log_inprogress_0 at position 0
2025-07-14 15:00:07,553 [ac481237-f71e-4eeb-9120-a6c52bf83f13@group-1AEBB7792E6D-LeaderElection14] INFO  server.RaftServer$Division (RaftServerImpl.java:setFirstElection(576)) - ac481237-f71e-4eeb-9120-a6c52bf83f13@group-1AEBB7792E6D: set firstElectionSinceStartup to false for REJECTED
2025-07-14 15:00:07,561 [ac481237-f71e-4eeb-9120-a6c52bf83f13@group-C5ADC75AADF5-SegmentedRaftLogWorker] INFO  segmented.SegmentedRaftLogWorker (SegmentedRaftLogWorker.java:execute(647)) - ac481237-f71e-4eeb-9120-a6c52bf83f13@group-C5ADC75AADF5-SegmentedRaftLogWorker: created new log segment /home/runner/work/ozone/ozone/hadoop-ozone/integration-test/target/test-dir/MiniOzoneClusterImpl-aaa7dc72-7fbf-48e0-acc5-129182712624/ozone-meta/datanode-7/ratis/5dcf474b-d097-4e8b-9813-c5adc75aadf5/current/log_inprogress_0
2025-07-14 15:00:07,564 [ac481237-f71e-4eeb-9120-a6c52bf83f13@group-C5ADC75AADF5-StateMachineUpdater] INFO  server.RaftServer$Division (LeaderStateImpl.java:checkStartIndex(309)) - Leader ac481237-f71e-4eeb-9120-a6c52bf83f13@group-C5ADC75AADF5-LeaderStateImpl is ready since appliedIndex == startIndex == 0
2025-07-14 15:00:07,565 [ac481237-f71e-4eeb-9120-a6c52bf83f13@group-C5ADC75AADF5-StateMachineUpdater] INFO  ratis.ContainerStateMachine (ContainerStateMachine.java:takeSnapshot(427)) - group-C5ADC75AADF5: Taking a snapshot at:(t:1, i:0) file /home/runner/work/ozone/ozone/hadoop-ozone/integration-test/target/test-dir/MiniOzoneClusterImpl-aaa7dc72-7fbf-48e0-acc5-129182712624/ozone-meta/datanode-7/ratis/5dcf474b-d097-4e8b-9813-c5adc75aadf5/sm/snapshot.1_0
2025-07-14 15:00:07,567 [ac481237-f71e-4eeb-9120-a6c52bf83f13@group-C5ADC75AADF5-StateMachineUpdater] INFO  ratis.ContainerStateMachine (ContainerStateMachine.java:takeSnapshot(436)) - group-C5ADC75AADF5: Finished taking a snapshot at:(t:1, i:0) file:/home/runner/work/ozone/ozone/hadoop-ozone/integration-test/target/test-dir/MiniOzoneClusterImpl-aaa7dc72-7fbf-48e0-acc5-129182712624/ozone-meta/datanode-7/ratis/5dcf474b-d097-4e8b-9813-c5adc75aadf5/sm/snapshot.1_0 took: 2 ms
2025-07-14 15:00:07,568 [ac481237-f71e-4eeb-9120-a6c52bf83f13@group-C5ADC75AADF5-StateMachineUpdater] INFO  impl.StateMachineUpdater (StateMachineUpdater.java:takeSnapshot(307)) - ac481237-f71e-4eeb-9120-a6c52bf83f13@group-C5ADC75AADF5-StateMachineUpdater: Took a snapshot at index 0
2025-07-14 15:00:07,568 [ac481237-f71e-4eeb-9120-a6c52bf83f13@group-C5ADC75AADF5-StateMachineUpdater] INFO  impl.StateMachineUpdater (StateMachineUpdater.java:lambda$new$0(101)) - ac481237-f71e-4eeb-9120-a6c52bf83f13@group-C5ADC75AADF5-StateMachineUpdater: snapshotIndex: updateIncreasingly -1 -> 0
2025-07-14 15:00:07,622 [89a738d3-0145-4b42-8b1b-b5be9f604b49@group-1AEBB7792E6D-FollowerState] INFO  impl.FollowerState (FollowerState.java:runImpl(161)) - 89a738d3-0145-4b42-8b1b-b5be9f604b49@group-1AEBB7792E6D-FollowerState: change to CANDIDATE, lastRpcElapsedTime:1095016606ns, electionTimeout:1094ms
2025-07-14 15:00:07,622 [89a738d3-0145-4b42-8b1b-b5be9f604b49@group-1AEBB7792E6D-FollowerState] INFO  impl.RoleInfo (RoleInfo.java:shutdownFollowerState(121)) - 89a738d3-0145-4b42-8b1b-b5be9f604b49: shutdown 89a738d3-0145-4b42-8b1b-b5be9f604b49@group-1AEBB7792E6D-FollowerState
2025-07-14 15:00:07,622 [89a738d3-0145-4b42-8b1b-b5be9f604b49@group-1AEBB7792E6D-FollowerState] INFO  server.RaftServer$Division (RaftServerImpl.java:setRole(392)) - 89a738d3-0145-4b42-8b1b-b5be9f604b49@group-1AEBB7792E6D: changes role from  FOLLOWER to CANDIDATE at term 0 for changeToCandidate
2025-07-14 15:00:07,622 [89a738d3-0145-4b42-8b1b-b5be9f604b49@group-1AEBB7792E6D-FollowerState] INFO  impl.RoleInfo (RoleInfo.java:updateAndGet(148)) - 89a738d3-0145-4b42-8b1b-b5be9f604b49: start 89a738d3-0145-4b42-8b1b-b5be9f604b49@group-1AEBB7792E6D-LeaderElection16
2025-07-14 15:00:07,622 [9eae2efb-1df6-4ce6-ae9d-8504348dafa1@group-1AEBB7792E6D-FollowerState] INFO  impl.FollowerState (FollowerState.java:runImpl(161)) - 9eae2efb-1df6-4ce6-ae9d-8504348dafa1@group-1AEBB7792E6D-FollowerState: change to CANDIDATE, lastRpcElapsedTime:1155015185ns, electionTimeout:1154ms
2025-07-14 15:00:07,622 [9eae2efb-1df6-4ce6-ae9d-8504348dafa1@group-1AEBB7792E6D-FollowerState] INFO  impl.RoleInfo (RoleInfo.java:shutdownFollowerState(121)) - 9eae2efb-1df6-4ce6-ae9d-8504348dafa1: shutdown 9eae2efb-1df6-4ce6-ae9d-8504348dafa1@group-1AEBB7792E6D-FollowerState
2025-07-14 15:00:07,622 [9eae2efb-1df6-4ce6-ae9d-8504348dafa1@group-1AEBB7792E6D-FollowerState] INFO  server.RaftServer$Division (RaftServerImpl.java:setRole(392)) - 9eae2efb-1df6-4ce6-ae9d-8504348dafa1@group-1AEBB7792E6D: changes role from  FOLLOWER to CANDIDATE at term 0 for changeToCandidate
2025-07-14 15:00:07,623 [9eae2efb-1df6-4ce6-ae9d-8504348dafa1@group-1AEBB7792E6D-FollowerState] INFO  impl.RoleInfo (RoleInfo.java:updateAndGet(148)) - 9eae2efb-1df6-4ce6-ae9d-8504348dafa1: start 9eae2efb-1df6-4ce6-ae9d-8504348dafa1@group-1AEBB7792E6D-LeaderElection17
2025-07-14 15:00:07,623 [89a738d3-0145-4b42-8b1b-b5be9f604b49@group-1AEBB7792E6D-LeaderElection16] INFO  impl.LeaderElection (LeaderElection.java:askForVotes(448)) - 89a738d3-0145-4b42-8b1b-b5be9f604b49@group-1AEBB7792E6D-LeaderElection16 PRE_VOTE round 0: submit vote requests at term 0 for conf: {index: -1, cur=peers:[9eae2efb-1df6-4ce6-ae9d-8504348dafa1|127.0.0.1:15079, ac481237-f71e-4eeb-9120-a6c52bf83f13|127.0.0.1:15063, 89a738d3-0145-4b42-8b1b-b5be9f604b49|127.0.0.1:15071]|listeners:[], old=null}
2025-07-14 15:00:07,623 [9eae2efb-1df6-4ce6-ae9d-8504348dafa1@group-1AEBB7792E6D-LeaderElection17] INFO  impl.LeaderElection (LeaderElection.java:askForVotes(448)) - 9eae2efb-1df6-4ce6-ae9d-8504348dafa1@group-1AEBB7792E6D-LeaderElection17 PRE_VOTE round 0: submit vote requests at term 0 for conf: {index: -1, cur=peers:[9eae2efb-1df6-4ce6-ae9d-8504348dafa1|127.0.0.1:15079, ac481237-f71e-4eeb-9120-a6c52bf83f13|127.0.0.1:15063, 89a738d3-0145-4b42-8b1b-b5be9f604b49|127.0.0.1:15071]|listeners:[], old=null}
2025-07-14 15:00:07,624 [89a738d3-0145-4b42-8b1b-b5be9f604b49@group-1AEBB7792E6D-LeaderElection16-1] INFO  server.GrpcServerProtocolClient (GrpcServerProtocolClient.java:<init>(65)) - Build channel for 9eae2efb-1df6-4ce6-ae9d-8504348dafa1|127.0.0.1:15079
2025-07-14 15:00:07,625 [9eae2efb-1df6-4ce6-ae9d-8504348dafa1@group-1AEBB7792E6D-LeaderElection17-1] INFO  server.GrpcServerProtocolClient (GrpcServerProtocolClient.java:<init>(65)) - Build channel for ac481237-f71e-4eeb-9120-a6c52bf83f13|127.0.0.1:15063
2025-07-14 15:00:07,626 [9eae2efb-1df6-4ce6-ae9d-8504348dafa1@group-1AEBB7792E6D-LeaderElection17-2] INFO  server.GrpcServerProtocolClient (GrpcServerProtocolClient.java:<init>(65)) - Build channel for 89a738d3-0145-4b42-8b1b-b5be9f604b49|127.0.0.1:15071
2025-07-14 15:00:07,626 [89a738d3-0145-4b42-8b1b-b5be9f604b49@group-1AEBB7792E6D-LeaderElection16-2] INFO  server.GrpcServerProtocolClient (GrpcServerProtocolClient.java:<init>(65)) - Build channel for ac481237-f71e-4eeb-9120-a6c52bf83f13|127.0.0.1:15063
2025-07-14 15:00:07,632 [grpc-default-executor-3] INFO  server.RaftServer$Division (RaftServerImpl.java:requestVote(1421)) - 89a738d3-0145-4b42-8b1b-b5be9f604b49@group-1AEBB7792E6D: receive requestVote(PRE_VOTE, 9eae2efb-1df6-4ce6-ae9d-8504348dafa1, group-1AEBB7792E6D, 0, <PROTO_DEFAULT>)
2025-07-14 15:00:07,632 [grpc-default-executor-3] INFO  impl.VoteContext (VoteContext.java:log(49)) - 89a738d3-0145-4b42-8b1b-b5be9f604b49@group-1AEBB7792E6D-CANDIDATE: accept PRE_VOTE from 9eae2efb-1df6-4ce6-ae9d-8504348dafa1: our priority 0 <= candidate's priority 1
2025-07-14 15:00:07,632 [grpc-default-executor-3] INFO  server.RaftServer$Division (RaftServerImpl.java:requestVote(1455)) - 89a738d3-0145-4b42-8b1b-b5be9f604b49@group-1AEBB7792E6D replies to PRE_VOTE vote request: 9eae2efb-1df6-4ce6-ae9d-8504348dafa1<-89a738d3-0145-4b42-8b1b-b5be9f604b49#0:OK-t0-last:<INITIAL_VALUE>. Peer's state: 89a738d3-0145-4b42-8b1b-b5be9f604b49@group-1AEBB7792E6D:t0, leader=null, voted=, raftlog=Memoized:89a738d3-0145-4b42-8b1b-b5be9f604b49@group-1AEBB7792E6D-SegmentedRaftLog:OPENED:c-1:lastnull, conf=conf: {index: -1, cur=peers:[9eae2efb-1df6-4ce6-ae9d-8504348dafa1|127.0.0.1:15079, ac481237-f71e-4eeb-9120-a6c52bf83f13|127.0.0.1:15063, 89a738d3-0145-4b42-8b1b-b5be9f604b49|127.0.0.1:15071]|listeners:[], old=null}
2025-07-14 15:00:07,634 [grpc-default-executor-4] INFO  server.RaftServer$Division (RaftServerImpl.java:requestVote(1421)) - 9eae2efb-1df6-4ce6-ae9d-8504348dafa1@group-1AEBB7792E6D: receive requestVote(PRE_VOTE, 89a738d3-0145-4b42-8b1b-b5be9f604b49, group-1AEBB7792E6D, 0, <PROTO_DEFAULT>)
2025-07-14 15:00:07,634 [grpc-default-executor-4] INFO  impl.VoteContext (VoteContext.java:log(49)) - 9eae2efb-1df6-4ce6-ae9d-8504348dafa1@group-1AEBB7792E6D-CANDIDATE: reject PRE_VOTE from 89a738d3-0145-4b42-8b1b-b5be9f604b49: our priority 1 > candidate's priority 0
2025-07-14 15:00:07,634 [grpc-default-executor-4] INFO  server.RaftServer$Division (RaftServerImpl.java:requestVote(1455)) - 9eae2efb-1df6-4ce6-ae9d-8504348dafa1@group-1AEBB7792E6D replies to PRE_VOTE vote request: 89a738d3-0145-4b42-8b1b-b5be9f604b49<-9eae2efb-1df6-4ce6-ae9d-8504348dafa1#0:FAIL-t0-last:<INITIAL_VALUE>. Peer's state: 9eae2efb-1df6-4ce6-ae9d-8504348dafa1@group-1AEBB7792E6D:t0, leader=null, voted=, raftlog=Memoized:9eae2efb-1df6-4ce6-ae9d-8504348dafa1@group-1AEBB7792E6D-SegmentedRaftLog:OPENED:c-1:lastnull, conf=conf: {index: -1, cur=peers:[9eae2efb-1df6-4ce6-ae9d-8504348dafa1|127.0.0.1:15079, ac481237-f71e-4eeb-9120-a6c52bf83f13|127.0.0.1:15063, 89a738d3-0145-4b42-8b1b-b5be9f604b49|127.0.0.1:15071]|listeners:[], old=null}
2025-07-14 15:00:07,635 [89a738d3-0145-4b42-8b1b-b5be9f604b49@group-1AEBB7792E6D-LeaderElection16] INFO  impl.LeaderElection (LeaderElection.java:logAndReturn(206)) - 89a738d3-0145-4b42-8b1b-b5be9f604b49@group-1AEBB7792E6D-LeaderElection16: PRE_VOTE REJECTED received 1 response(s) and 0 exception(s):
2025-07-14 15:00:07,635 [89a738d3-0145-4b42-8b1b-b5be9f604b49@group-1AEBB7792E6D-LeaderElection16] INFO  impl.LeaderElection (LeaderElection.java:logAndReturn(210)) -   Response 0: 89a738d3-0145-4b42-8b1b-b5be9f604b49<-9eae2efb-1df6-4ce6-ae9d-8504348dafa1#0:FAIL-t0-last:<INITIAL_VALUE>
2025-07-14 15:00:07,635 [89a738d3-0145-4b42-8b1b-b5be9f604b49@group-1AEBB7792E6D-LeaderElection16] INFO  impl.LeaderElection (LeaderElection.java:askForVotes(450)) - 89a738d3-0145-4b42-8b1b-b5be9f604b49@group-1AEBB7792E6D-LeaderElection16 PRE_VOTE round 0: result REJECTED
2025-07-14 15:00:07,635 [89a738d3-0145-4b42-8b1b-b5be9f604b49@group-1AEBB7792E6D-LeaderElection16] INFO  server.RaftServer$Division (RaftServerImpl.java:setRole(392)) - 89a738d3-0145-4b42-8b1b-b5be9f604b49@group-1AEBB7792E6D: changes role from CANDIDATE to FOLLOWER at term 0 for REJECTED
2025-07-14 15:00:07,635 [89a738d3-0145-4b42-8b1b-b5be9f604b49@group-1AEBB7792E6D-LeaderElection16] INFO  impl.RoleInfo (RoleInfo.java:shutdownLeaderElection(141)) - 89a738d3-0145-4b42-8b1b-b5be9f604b49: shutdown 89a738d3-0145-4b42-8b1b-b5be9f604b49@group-1AEBB7792E6D-LeaderElection16
2025-07-14 15:00:07,635 [89a738d3-0145-4b42-8b1b-b5be9f604b49@group-1AEBB7792E6D-LeaderElection16] INFO  impl.RoleInfo (RoleInfo.java:updateAndGet(148)) - 89a738d3-0145-4b42-8b1b-b5be9f604b49: start 89a738d3-0145-4b42-8b1b-b5be9f604b49@group-1AEBB7792E6D-FollowerState
2025-07-14 15:00:07,636 [9eae2efb-1df6-4ce6-ae9d-8504348dafa1@group-1AEBB7792E6D-LeaderElection17] INFO  impl.LeaderElection (LeaderElection.java:logAndReturn(206)) - 9eae2efb-1df6-4ce6-ae9d-8504348dafa1@group-1AEBB7792E6D-LeaderElection17: PRE_VOTE PASSED received 1 response(s) and 0 exception(s):
2025-07-14 15:00:07,636 [9eae2efb-1df6-4ce6-ae9d-8504348dafa1@group-1AEBB7792E6D-LeaderElection17] INFO  impl.LeaderElection (LeaderElection.java:logAndReturn(210)) -   Response 0: 9eae2efb-1df6-4ce6-ae9d-8504348dafa1<-89a738d3-0145-4b42-8b1b-b5be9f604b49#0:OK-t0-last:<INITIAL_VALUE>
2025-07-14 15:00:07,636 [9eae2efb-1df6-4ce6-ae9d-8504348dafa1@group-1AEBB7792E6D-LeaderElection17] INFO  impl.LeaderElection (LeaderElection.java:askForVotes(450)) - 9eae2efb-1df6-4ce6-ae9d-8504348dafa1@group-1AEBB7792E6D-LeaderElection17 PRE_VOTE round 0: result PASSED
2025-07-14 15:00:07,637 [89a738d3-0145-4b42-8b1b-b5be9f604b49@group-1AEBB7792E6D-LeaderElection16] INFO  server.RaftServer$Division (RaftServerImpl.java:setFirstElection(576)) - 89a738d3-0145-4b42-8b1b-b5be9f604b49@group-1AEBB7792E6D: set firstElectionSinceStartup to false for REJECTED
2025-07-14 15:00:07,639 [9eae2efb-1df6-4ce6-ae9d-8504348dafa1@group-1AEBB7792E6D-LeaderElection17] INFO  impl.LeaderElection (LeaderElection.java:askForVotes(448)) - 9eae2efb-1df6-4ce6-ae9d-8504348dafa1@group-1AEBB7792E6D-LeaderElection17 ELECTION round 0: submit vote requests at term 1 for conf: {index: -1, cur=peers:[9eae2efb-1df6-4ce6-ae9d-8504348dafa1|127.0.0.1:15079, ac481237-f71e-4eeb-9120-a6c52bf83f13|127.0.0.1:15063, 89a738d3-0145-4b42-8b1b-b5be9f604b49|127.0.0.1:15071]|listeners:[], old=null}
2025-07-14 15:00:07,643 [grpc-default-executor-1] INFO  server.RaftServer$Division (RaftServerImpl.java:requestVote(1421)) - ac481237-f71e-4eeb-9120-a6c52bf83f13@group-1AEBB7792E6D: receive requestVote(ELECTION, 9eae2efb-1df6-4ce6-ae9d-8504348dafa1, group-1AEBB7792E6D, 1, <PROTO_DEFAULT>)
2025-07-14 15:00:07,643 [grpc-default-executor-1] INFO  impl.VoteContext (VoteContext.java:log(49)) - ac481237-f71e-4eeb-9120-a6c52bf83f13@group-1AEBB7792E6D-FOLLOWER: accept ELECTION from 9eae2efb-1df6-4ce6-ae9d-8504348dafa1: our priority 0 <= candidate's priority 1
2025-07-14 15:00:07,643 [grpc-default-executor-1] INFO  server.RaftServer$Division (RaftServerImpl.java:setRole(392)) - ac481237-f71e-4eeb-9120-a6c52bf83f13@group-1AEBB7792E6D: changes role from  FOLLOWER to FOLLOWER at term 0 for candidate:9eae2efb-1df6-4ce6-ae9d-8504348dafa1
2025-07-14 15:00:07,643 [grpc-default-executor-1] INFO  impl.RoleInfo (RoleInfo.java:shutdownFollowerState(121)) - ac481237-f71e-4eeb-9120-a6c52bf83f13: shutdown ac481237-f71e-4eeb-9120-a6c52bf83f13@group-1AEBB7792E6D-FollowerState
2025-07-14 15:00:07,643 [grpc-default-executor-1] INFO  impl.RoleInfo (RoleInfo.java:updateAndGet(148)) - ac481237-f71e-4eeb-9120-a6c52bf83f13: start ac481237-f71e-4eeb-9120-a6c52bf83f13@group-1AEBB7792E6D-FollowerState
2025-07-14 15:00:07,643 [ac481237-f71e-4eeb-9120-a6c52bf83f13@group-1AEBB7792E6D-FollowerState] INFO  impl.FollowerState (FollowerState.java:runImpl(170)) - ac481237-f71e-4eeb-9120-a6c52bf83f13@group-1AEBB7792E6D-FollowerState was interrupted
2025-07-14 15:00:07,645 [grpc-default-executor-3] INFO  server.RaftServer$Division (RaftServerImpl.java:requestVote(1421)) - 89a738d3-0145-4b42-8b1b-b5be9f604b49@group-1AEBB7792E6D: receive requestVote(ELECTION, 9eae2efb-1df6-4ce6-ae9d-8504348dafa1, group-1AEBB7792E6D, 1, <PROTO_DEFAULT>)
2025-07-14 15:00:07,645 [grpc-default-executor-3] INFO  impl.VoteContext (VoteContext.java:log(49)) - 89a738d3-0145-4b42-8b1b-b5be9f604b49@group-1AEBB7792E6D-FOLLOWER: accept ELECTION from 9eae2efb-1df6-4ce6-ae9d-8504348dafa1: our priority 0 <= candidate's priority 1
2025-07-14 15:00:07,645 [grpc-default-executor-3] INFO  server.RaftServer$Division (RaftServerImpl.java:setRole(392)) - 89a738d3-0145-4b42-8b1b-b5be9f604b49@group-1AEBB7792E6D: changes role from  FOLLOWER to FOLLOWER at term 0 for candidate:9eae2efb-1df6-4ce6-ae9d-8504348dafa1
2025-07-14 15:00:07,645 [grpc-default-executor-3] INFO  impl.RoleInfo (RoleInfo.java:shutdownFollowerState(121)) - 89a738d3-0145-4b42-8b1b-b5be9f604b49: shutdown 89a738d3-0145-4b42-8b1b-b5be9f604b49@group-1AEBB7792E6D-FollowerState
2025-07-14 15:00:07,645 [grpc-default-executor-3] INFO  impl.RoleInfo (RoleInfo.java:updateAndGet(148)) - 89a738d3-0145-4b42-8b1b-b5be9f604b49: start 89a738d3-0145-4b42-8b1b-b5be9f604b49@group-1AEBB7792E6D-FollowerState
2025-07-14 15:00:07,645 [89a738d3-0145-4b42-8b1b-b5be9f604b49@group-1AEBB7792E6D-FollowerState] INFO  impl.FollowerState (FollowerState.java:runImpl(170)) - 89a738d3-0145-4b42-8b1b-b5be9f604b49@group-1AEBB7792E6D-FollowerState was interrupted
2025-07-14 15:00:07,646 [grpc-default-executor-1] INFO  server.RaftServer$Division (RaftServerImpl.java:requestVote(1455)) - ac481237-f71e-4eeb-9120-a6c52bf83f13@group-1AEBB7792E6D replies to ELECTION vote request: 9eae2efb-1df6-4ce6-ae9d-8504348dafa1<-ac481237-f71e-4eeb-9120-a6c52bf83f13#0:OK-t1-last:<INITIAL_VALUE>. Peer's state: ac481237-f71e-4eeb-9120-a6c52bf83f13@group-1AEBB7792E6D:t1, leader=null, voted=9eae2efb-1df6-4ce6-ae9d-8504348dafa1, raftlog=Memoized:ac481237-f71e-4eeb-9120-a6c52bf83f13@group-1AEBB7792E6D-SegmentedRaftLog:OPENED:c-1:lastnull, conf=conf: {index: -1, cur=peers:[9eae2efb-1df6-4ce6-ae9d-8504348dafa1|127.0.0.1:15079, ac481237-f71e-4eeb-9120-a6c52bf83f13|127.0.0.1:15063, 89a738d3-0145-4b42-8b1b-b5be9f604b49|127.0.0.1:15071]|listeners:[], old=null}
2025-07-14 15:00:07,647 [grpc-default-executor-3] INFO  server.RaftServer$Division (RaftServerImpl.java:requestVote(1455)) - 89a738d3-0145-4b42-8b1b-b5be9f604b49@group-1AEBB7792E6D replies to ELECTION vote request: 9eae2efb-1df6-4ce6-ae9d-8504348dafa1<-89a738d3-0145-4b42-8b1b-b5be9f604b49#0:OK-t1-last:<INITIAL_VALUE>. Peer's state: 89a738d3-0145-4b42-8b1b-b5be9f604b49@group-1AEBB7792E6D:t1, leader=null, voted=9eae2efb-1df6-4ce6-ae9d-8504348dafa1, raftlog=Memoized:89a738d3-0145-4b42-8b1b-b5be9f604b49@group-1AEBB7792E6D-SegmentedRaftLog:OPENED:c-1:lastnull, conf=conf: {index: -1, cur=peers:[9eae2efb-1df6-4ce6-ae9d-8504348dafa1|127.0.0.1:15079, ac481237-f71e-4eeb-9120-a6c52bf83f13|127.0.0.1:15063, 89a738d3-0145-4b42-8b1b-b5be9f604b49|127.0.0.1:15071]|listeners:[], old=null}
2025-07-14 15:00:07,648 [9eae2efb-1df6-4ce6-ae9d-8504348dafa1@group-1AEBB7792E6D-LeaderElection17] INFO  impl.LeaderElection (LeaderElection.java:logAndReturn(206)) - 9eae2efb-1df6-4ce6-ae9d-8504348dafa1@group-1AEBB7792E6D-LeaderElection17: ELECTION PASSED received 1 response(s) and 0 exception(s):
2025-07-14 15:00:07,648 [9eae2efb-1df6-4ce6-ae9d-8504348dafa1@group-1AEBB7792E6D-LeaderElection17] INFO  impl.LeaderElection (LeaderElection.java:logAndReturn(210)) -   Response 0: 9eae2efb-1df6-4ce6-ae9d-8504348dafa1<-ac481237-f71e-4eeb-9120-a6c52bf83f13#0:OK-t1-last:<INITIAL_VALUE>
2025-07-14 15:00:07,648 [9eae2efb-1df6-4ce6-ae9d-8504348dafa1@group-1AEBB7792E6D-LeaderElection17] INFO  impl.LeaderElection (LeaderElection.java:askForVotes(450)) - 9eae2efb-1df6-4ce6-ae9d-8504348dafa1@group-1AEBB7792E6D-LeaderElection17 ELECTION round 0: result PASSED
2025-07-14 15:00:07,648 [9eae2efb-1df6-4ce6-ae9d-8504348dafa1@group-1AEBB7792E6D-LeaderElection17] INFO  impl.RoleInfo (RoleInfo.java:shutdownLeaderElection(141)) - 9eae2efb-1df6-4ce6-ae9d-8504348dafa1: shutdown 9eae2efb-1df6-4ce6-ae9d-8504348dafa1@group-1AEBB7792E6D-LeaderElection17
2025-07-14 15:00:07,648 [9eae2efb-1df6-4ce6-ae9d-8504348dafa1@group-1AEBB7792E6D-LeaderElection17] INFO  server.RaftServer$Division (RaftServerImpl.java:setRole(392)) - 9eae2efb-1df6-4ce6-ae9d-8504348dafa1@group-1AEBB7792E6D: changes role from CANDIDATE to LEADER at term 1 for changeToLeader
2025-07-14 15:00:07,648 [9eae2efb-1df6-4ce6-ae9d-8504348dafa1@group-1AEBB7792E6D-LeaderElection17] INFO  server.RaftServerConfigKeys (ConfUtils.java:logFallback(69)) - raft.server.staging.timeout = 15600ms (fallback to raft.server.rpc.timeout.max)
2025-07-14 15:00:07,649 [9eae2efb-1df6-4ce6-ae9d-8504348dafa1@group-1AEBB7792E6D-LeaderElection17] INFO  server.RaftServerConfigKeys (ConfUtils.java:logGet(62)) - raft.server.write.byte-limit = 1024 M (=1073741824) (custom)
2025-07-14 15:00:07,651 [9eae2efb-1df6-4ce6-ae9d-8504348dafa1@group-1AEBB7792E6D-LeaderElection17] INFO  server.RaftServerConfigKeys (ConfUtils.java:logGet(62)) - raft.server.log.appender.buffer.byte-limit = 33554432 (custom)
2025-07-14 15:00:07,653 [9eae2efb-1df6-4ce6-ae9d-8504348dafa1@group-1AEBB7792E6D-LeaderElection17] INFO  server.RaftServerConfigKeys (ConfUtils.java:logGet(62)) - raft.server.log.appender.buffer.byte-limit = 33554432 (custom)
2025-07-14 15:00:07,653 [9eae2efb-1df6-4ce6-ae9d-8504348dafa1@group-1AEBB7792E6D-LeaderElection17] INFO  impl.RoleInfo (RoleInfo.java:updateAndGet(148)) - 9eae2efb-1df6-4ce6-ae9d-8504348dafa1: start 9eae2efb-1df6-4ce6-ae9d-8504348dafa1@group-1AEBB7792E6D-LeaderStateImpl
2025-07-14 15:00:07,653 [9eae2efb-1df6-4ce6-ae9d-8504348dafa1@group-1AEBB7792E6D-LeaderElection17] INFO  server.RaftServer$Division (RaftServerImpl.java:setFirstElection(576)) - 9eae2efb-1df6-4ce6-ae9d-8504348dafa1@group-1AEBB7792E6D: set firstElectionSinceStartup to false for becomeLeader
2025-07-14 15:00:07,653 [9eae2efb-1df6-4ce6-ae9d-8504348dafa1@group-1AEBB7792E6D-LeaderElection17] INFO  ratis.XceiverServerRatis (XceiverServerRatis.java:handleLeaderChangedNotification(944)) - Leader change notification received for group: group-1AEBB7792E6D with new leaderId: 9eae2efb-1df6-4ce6-ae9d-8504348dafa1
2025-07-14 15:00:07,653 [9eae2efb-1df6-4ce6-ae9d-8504348dafa1@group-1AEBB7792E6D-LeaderElection17] INFO  server.RaftServer$Division (ServerState.java:setLeader(272)) - 9eae2efb-1df6-4ce6-ae9d-8504348dafa1@group-1AEBB7792E6D: change Leader from null to 9eae2efb-1df6-4ce6-ae9d-8504348dafa1 at term 1 for becomeLeader, leader elected after 1229ms
2025-07-14 15:00:07,654 [9eae2efb-1df6-4ce6-ae9d-8504348dafa1@group-1AEBB7792E6D-LeaderElection17] INFO  segmented.SegmentedRaftLogWorker (SegmentedRaftLogWorker.java:startLogSegment(440)) - 9eae2efb-1df6-4ce6-ae9d-8504348dafa1@group-1AEBB7792E6D-SegmentedRaftLogWorker: Starting segment from index:0
2025-07-14 15:00:07,654 [9eae2efb-1df6-4ce6-ae9d-8504348dafa1@group-1AEBB7792E6D-SegmentedRaftLogWorker] INFO  segmented.BufferedWriteChannel (BufferedWriteChannel.java:open(61)) - open log_inprogress_0 at position 0
2025-07-14 15:00:07,655 [9eae2efb-1df6-4ce6-ae9d-8504348dafa1@group-1AEBB7792E6D-LeaderElection17] INFO  server.RaftServer$Division (ServerState.java:setRaftConf(386)) - 9eae2efb-1df6-4ce6-ae9d-8504348dafa1@group-1AEBB7792E6D: set configuration conf: {index: 0, cur=peers:[9eae2efb-1df6-4ce6-ae9d-8504348dafa1|127.0.0.1:15079, ac481237-f71e-4eeb-9120-a6c52bf83f13|127.0.0.1:15063, 89a738d3-0145-4b42-8b1b-b5be9f604b49|127.0.0.1:15071]|listeners:[], old=null}
2025-07-14 15:00:07,660 [EventQueue-PipelineReportForPipelineReportHandler] INFO  pipeline.PipelineReportHandler (PipelineReportHandler.java:processPipelineReport(134)) - Opened pipeline Pipeline-9b2abbda-a599-4d5c-9f68-1aebb7792e6d
2025-07-14 15:00:07,665 [grpc-default-executor-4] INFO  ratis.XceiverServerRatis (XceiverServerRatis.java:handleLeaderChangedNotification(944)) - Leader change notification received for group: group-1AEBB7792E6D with new leaderId: 9eae2efb-1df6-4ce6-ae9d-8504348dafa1
2025-07-14 15:00:07,667 [grpc-default-executor-4] INFO  server.RaftServer$Division (ServerState.java:setLeader(272)) - ac481237-f71e-4eeb-9120-a6c52bf83f13@group-1AEBB7792E6D: change Leader from null to 9eae2efb-1df6-4ce6-ae9d-8504348dafa1 at term 1 for appendEntries, leader elected after 1303ms
2025-07-14 15:00:07,667 [grpc-default-executor-1] INFO  ratis.XceiverServerRatis (XceiverServerRatis.java:handleLeaderChangedNotification(944)) - Leader change notification received for group: group-1AEBB7792E6D with new leaderId: 9eae2efb-1df6-4ce6-ae9d-8504348dafa1
2025-07-14 15:00:07,668 [grpc-default-executor-1] INFO  server.RaftServer$Division (ServerState.java:setLeader(272)) - 89a738d3-0145-4b42-8b1b-b5be9f604b49@group-1AEBB7792E6D: change Leader from null to 9eae2efb-1df6-4ce6-ae9d-8504348dafa1 at term 1 for appendEntries, leader elected after 1162ms
2025-07-14 15:00:07,668 [grpc-default-executor-3] INFO  server.RaftServer$Division (ServerState.java:setRaftConf(386)) - ac481237-f71e-4eeb-9120-a6c52bf83f13@group-1AEBB7792E6D: set configuration conf: {index: 0, cur=peers:[9eae2efb-1df6-4ce6-ae9d-8504348dafa1|127.0.0.1:15079, ac481237-f71e-4eeb-9120-a6c52bf83f13|127.0.0.1:15063, 89a738d3-0145-4b42-8b1b-b5be9f604b49|127.0.0.1:15071]|listeners:[], old=null}
2025-07-14 15:00:07,668 [grpc-default-executor-2] INFO  server.RaftServer$Division (ServerState.java:setRaftConf(386)) - 89a738d3-0145-4b42-8b1b-b5be9f604b49@group-1AEBB7792E6D: set configuration conf: {index: 0, cur=peers:[9eae2efb-1df6-4ce6-ae9d-8504348dafa1|127.0.0.1:15079, ac481237-f71e-4eeb-9120-a6c52bf83f13|127.0.0.1:15063, 89a738d3-0145-4b42-8b1b-b5be9f604b49|127.0.0.1:15071]|listeners:[], old=null}
2025-07-14 15:00:07,668 [grpc-default-executor-2] INFO  segmented.SegmentedRaftLogWorker (SegmentedRaftLogWorker.java:startLogSegment(440)) - 89a738d3-0145-4b42-8b1b-b5be9f604b49@group-1AEBB7792E6D-SegmentedRaftLogWorker: Starting segment from index:0
2025-07-14 15:00:07,669 [grpc-default-executor-3] INFO  segmented.SegmentedRaftLogWorker (SegmentedRaftLogWorker.java:startLogSegment(440)) - ac481237-f71e-4eeb-9120-a6c52bf83f13@group-1AEBB7792E6D-SegmentedRaftLogWorker: Starting segment from index:0
2025-07-14 15:00:07,668 [9eae2efb-1df6-4ce6-ae9d-8504348dafa1@group-1AEBB7792E6D-SegmentedRaftLogWorker] INFO  segmented.SegmentedRaftLogWorker (SegmentedRaftLogWorker.java:execute(647)) - 9eae2efb-1df6-4ce6-ae9d-8504348dafa1@group-1AEBB7792E6D-SegmentedRaftLogWorker: created new log segment /home/runner/work/ozone/ozone/hadoop-ozone/integration-test/target/test-dir/MiniOzoneClusterImpl-aaa7dc72-7fbf-48e0-acc5-129182712624/ozone-meta/datanode-9/ratis/9b2abbda-a599-4d5c-9f68-1aebb7792e6d/current/log_inprogress_0
2025-07-14 15:00:07,670 [89a738d3-0145-4b42-8b1b-b5be9f604b49@group-1AEBB7792E6D-SegmentedRaftLogWorker] INFO  segmented.BufferedWriteChannel (BufferedWriteChannel.java:open(61)) - open log_inprogress_0 at position 0
2025-07-14 15:00:07,670 [ac481237-f71e-4eeb-9120-a6c52bf83f13@group-1AEBB7792E6D-SegmentedRaftLogWorker] INFO  segmented.BufferedWriteChannel (BufferedWriteChannel.java:open(61)) - open log_inprogress_0 at position 0
2025-07-14 15:00:07,682 [89a738d3-0145-4b42-8b1b-b5be9f604b49@group-1AEBB7792E6D-SegmentedRaftLogWorker] INFO  segmented.SegmentedRaftLogWorker (SegmentedRaftLogWorker.java:execute(647)) - 89a738d3-0145-4b42-8b1b-b5be9f604b49@group-1AEBB7792E6D-SegmentedRaftLogWorker: created new log segment /home/runner/work/ozone/ozone/hadoop-ozone/integration-test/target/test-dir/MiniOzoneClusterImpl-aaa7dc72-7fbf-48e0-acc5-129182712624/ozone-meta/datanode-8/ratis/9b2abbda-a599-4d5c-9f68-1aebb7792e6d/current/log_inprogress_0
2025-07-14 15:00:07,683 [ac481237-f71e-4eeb-9120-a6c52bf83f13@group-1AEBB7792E6D-SegmentedRaftLogWorker] INFO  segmented.SegmentedRaftLogWorker (SegmentedRaftLogWorker.java:execute(647)) - ac481237-f71e-4eeb-9120-a6c52bf83f13@group-1AEBB7792E6D-SegmentedRaftLogWorker: created new log segment /home/runner/work/ozone/ozone/hadoop-ozone/integration-test/target/test-dir/MiniOzoneClusterImpl-aaa7dc72-7fbf-48e0-acc5-129182712624/ozone-meta/datanode-7/ratis/9b2abbda-a599-4d5c-9f68-1aebb7792e6d/current/log_inprogress_0
2025-07-14 15:00:07,688 [9eae2efb-1df6-4ce6-ae9d-8504348dafa1@group-1AEBB7792E6D-StateMachineUpdater] INFO  server.RaftServer$Division (LeaderStateImpl.java:checkStartIndex(309)) - Leader 9eae2efb-1df6-4ce6-ae9d-8504348dafa1@group-1AEBB7792E6D-LeaderStateImpl is ready since appliedIndex == startIndex == 0
2025-07-14 15:00:07,688 [9eae2efb-1df6-4ce6-ae9d-8504348dafa1@group-1AEBB7792E6D-StateMachineUpdater] INFO  ratis.ContainerStateMachine (ContainerStateMachine.java:takeSnapshot(427)) - group-1AEBB7792E6D: Taking a snapshot at:(t:1, i:0) file /home/runner/work/ozone/ozone/hadoop-ozone/integration-test/target/test-dir/MiniOzoneClusterImpl-aaa7dc72-7fbf-48e0-acc5-129182712624/ozone-meta/datanode-9/ratis/9b2abbda-a599-4d5c-9f68-1aebb7792e6d/sm/snapshot.1_0
2025-07-14 15:00:07,689 [9eae2efb-1df6-4ce6-ae9d-8504348dafa1@group-1AEBB7792E6D-StateMachineUpdater] INFO  ratis.ContainerStateMachine (ContainerStateMachine.java:takeSnapshot(436)) - group-1AEBB7792E6D: Finished taking a snapshot at:(t:1, i:0) file:/home/runner/work/ozone/ozone/hadoop-ozone/integration-test/target/test-dir/MiniOzoneClusterImpl-aaa7dc72-7fbf-48e0-acc5-129182712624/ozone-meta/datanode-9/ratis/9b2abbda-a599-4d5c-9f68-1aebb7792e6d/sm/snapshot.1_0 took: 1 ms
2025-07-14 15:00:07,689 [9eae2efb-1df6-4ce6-ae9d-8504348dafa1@group-1AEBB7792E6D-StateMachineUpdater] INFO  impl.StateMachineUpdater (StateMachineUpdater.java:takeSnapshot(307)) - 9eae2efb-1df6-4ce6-ae9d-8504348dafa1@group-1AEBB7792E6D-StateMachineUpdater: Took a snapshot at index 0
2025-07-14 15:00:07,689 [9eae2efb-1df6-4ce6-ae9d-8504348dafa1@group-1AEBB7792E6D-StateMachineUpdater] INFO  impl.StateMachineUpdater (StateMachineUpdater.java:lambda$new$0(101)) - 9eae2efb-1df6-4ce6-ae9d-8504348dafa1@group-1AEBB7792E6D-StateMachineUpdater: snapshotIndex: updateIncreasingly -1 -> 0
2025-07-14 15:00:07,732 [89a738d3-0145-4b42-8b1b-b5be9f604b49@group-24D8AEEDCC70-FollowerState] INFO  impl.FollowerState (FollowerState.java:runImpl(161)) - 89a738d3-0145-4b42-8b1b-b5be9f604b49@group-24D8AEEDCC70-FollowerState: change to CANDIDATE, lastRpcElapsedTime:1133512593ns, electionTimeout:1133ms
2025-07-14 15:00:07,732 [89a738d3-0145-4b42-8b1b-b5be9f604b49@group-24D8AEEDCC70-FollowerState] INFO  impl.RoleInfo (RoleInfo.java:shutdownFollowerState(121)) - 89a738d3-0145-4b42-8b1b-b5be9f604b49: shutdown 89a738d3-0145-4b42-8b1b-b5be9f604b49@group-24D8AEEDCC70-FollowerState
2025-07-14 15:00:07,732 [89a738d3-0145-4b42-8b1b-b5be9f604b49@group-24D8AEEDCC70-FollowerState] INFO  server.RaftServer$Division (RaftServerImpl.java:setRole(392)) - 89a738d3-0145-4b42-8b1b-b5be9f604b49@group-24D8AEEDCC70: changes role from  FOLLOWER to CANDIDATE at term 0 for changeToCandidate
2025-07-14 15:00:07,732 [89a738d3-0145-4b42-8b1b-b5be9f604b49@group-24D8AEEDCC70-FollowerState] INFO  impl.RoleInfo (RoleInfo.java:updateAndGet(148)) - 89a738d3-0145-4b42-8b1b-b5be9f604b49: start 89a738d3-0145-4b42-8b1b-b5be9f604b49@group-24D8AEEDCC70-LeaderElection18
2025-07-14 15:00:07,733 [89a738d3-0145-4b42-8b1b-b5be9f604b49@group-24D8AEEDCC70-LeaderElection18] INFO  impl.LeaderElection (LeaderElection.java:askForVotes(448)) - 89a738d3-0145-4b42-8b1b-b5be9f604b49@group-24D8AEEDCC70-LeaderElection18 PRE_VOTE round 0: submit vote requests at term 0 for conf: {index: -1, cur=peers:[89a738d3-0145-4b42-8b1b-b5be9f604b49|127.0.0.1:15071]|listeners:[], old=null}
2025-07-14 15:00:07,733 [89a738d3-0145-4b42-8b1b-b5be9f604b49@group-24D8AEEDCC70-LeaderElection18] INFO  impl.LeaderElection (LeaderElection.java:askForVotes(450)) - 89a738d3-0145-4b42-8b1b-b5be9f604b49@group-24D8AEEDCC70-LeaderElection18 PRE_VOTE round 0: result PASSED (term=0)
2025-07-14 15:00:07,734 [89a738d3-0145-4b42-8b1b-b5be9f604b49@group-24D8AEEDCC70-LeaderElection18] INFO  impl.LeaderElection (LeaderElection.java:askForVotes(448)) - 89a738d3-0145-4b42-8b1b-b5be9f604b49@group-24D8AEEDCC70-LeaderElection18 ELECTION round 0: submit vote requests at term 1 for conf: {index: -1, cur=peers:[89a738d3-0145-4b42-8b1b-b5be9f604b49|127.0.0.1:15071]|listeners:[], old=null}
2025-07-14 15:00:07,734 [89a738d3-0145-4b42-8b1b-b5be9f604b49@group-24D8AEEDCC70-LeaderElection18] INFO  impl.LeaderElection (LeaderElection.java:askForVotes(450)) - 89a738d3-0145-4b42-8b1b-b5be9f604b49@group-24D8AEEDCC70-LeaderElection18 ELECTION round 0: result PASSED (term=1)
2025-07-14 15:00:07,734 [89a738d3-0145-4b42-8b1b-b5be9f604b49@group-24D8AEEDCC70-LeaderElection18] INFO  impl.RoleInfo (RoleInfo.java:shutdownLeaderElection(141)) - 89a738d3-0145-4b42-8b1b-b5be9f604b49: shutdown 89a738d3-0145-4b42-8b1b-b5be9f604b49@group-24D8AEEDCC70-LeaderElection18
2025-07-14 15:00:07,734 [89a738d3-0145-4b42-8b1b-b5be9f604b49@group-24D8AEEDCC70-LeaderElection18] INFO  server.RaftServer$Division (RaftServerImpl.java:setRole(392)) - 89a738d3-0145-4b42-8b1b-b5be9f604b49@group-24D8AEEDCC70: changes role from CANDIDATE to LEADER at term 1 for changeToLeader
2025-07-14 15:00:07,734 [89a738d3-0145-4b42-8b1b-b5be9f604b49@group-24D8AEEDCC70-LeaderElection18] INFO  server.RaftServerConfigKeys (ConfUtils.java:logFallback(69)) - raft.server.staging.timeout = 15600ms (fallback to raft.server.rpc.timeout.max)
2025-07-14 15:00:07,735 [89a738d3-0145-4b42-8b1b-b5be9f604b49@group-24D8AEEDCC70-LeaderElection18] INFO  server.RaftServerConfigKeys (ConfUtils.java:logGet(62)) - raft.server.write.byte-limit = 1024 M (=1073741824) (custom)
2025-07-14 15:00:07,736 [89a738d3-0145-4b42-8b1b-b5be9f604b49@group-24D8AEEDCC70-LeaderElection18] INFO  impl.RoleInfo (RoleInfo.java:updateAndGet(148)) - 89a738d3-0145-4b42-8b1b-b5be9f604b49: start 89a738d3-0145-4b42-8b1b-b5be9f604b49@group-24D8AEEDCC70-LeaderStateImpl
2025-07-14 15:00:07,736 [89a738d3-0145-4b42-8b1b-b5be9f604b49@group-24D8AEEDCC70-LeaderElection18] INFO  server.RaftServer$Division (RaftServerImpl.java:setFirstElection(576)) - 89a738d3-0145-4b42-8b1b-b5be9f604b49@group-24D8AEEDCC70: set firstElectionSinceStartup to false for becomeLeader
2025-07-14 15:00:07,736 [89a738d3-0145-4b42-8b1b-b5be9f604b49@group-24D8AEEDCC70-LeaderElection18] INFO  ratis.XceiverServerRatis (XceiverServerRatis.java:handleLeaderChangedNotification(944)) - Leader change notification received for group: group-24D8AEEDCC70 with new leaderId: 89a738d3-0145-4b42-8b1b-b5be9f604b49
2025-07-14 15:00:07,736 [89a738d3-0145-4b42-8b1b-b5be9f604b49@group-24D8AEEDCC70-LeaderElection18] INFO  server.RaftServer$Division (ServerState.java:setLeader(272)) - 89a738d3-0145-4b42-8b1b-b5be9f604b49@group-24D8AEEDCC70: change Leader from null to 89a738d3-0145-4b42-8b1b-b5be9f604b49 at term 1 for becomeLeader, leader elected after 1174ms
2025-07-14 15:00:07,736 [89a738d3-0145-4b42-8b1b-b5be9f604b49@group-24D8AEEDCC70-LeaderElection18] INFO  segmented.SegmentedRaftLogWorker (SegmentedRaftLogWorker.java:startLogSegment(440)) - 89a738d3-0145-4b42-8b1b-b5be9f604b49@group-24D8AEEDCC70-SegmentedRaftLogWorker: Starting segment from index:0
2025-07-14 15:00:07,736 [89a738d3-0145-4b42-8b1b-b5be9f604b49@group-24D8AEEDCC70-LeaderElection18] INFO  server.RaftServer$Division (ServerState.java:setRaftConf(386)) - 89a738d3-0145-4b42-8b1b-b5be9f604b49@group-24D8AEEDCC70: set configuration conf: {index: 0, cur=peers:[89a738d3-0145-4b42-8b1b-b5be9f604b49|127.0.0.1:15071]|listeners:[], old=null}
2025-07-14 15:00:07,737 [89a738d3-0145-4b42-8b1b-b5be9f604b49@group-24D8AEEDCC70-SegmentedRaftLogWorker] INFO  segmented.BufferedWriteChannel (BufferedWriteChannel.java:open(61)) - open log_inprogress_0 at position 0
2025-07-14 15:00:07,747 [89a738d3-0145-4b42-8b1b-b5be9f604b49@group-24D8AEEDCC70-SegmentedRaftLogWorker] INFO  segmented.SegmentedRaftLogWorker (SegmentedRaftLogWorker.java:execute(647)) - 89a738d3-0145-4b42-8b1b-b5be9f604b49@group-24D8AEEDCC70-SegmentedRaftLogWorker: created new log segment /home/runner/work/ozone/ozone/hadoop-ozone/integration-test/target/test-dir/MiniOzoneClusterImpl-aaa7dc72-7fbf-48e0-acc5-129182712624/ozone-meta/datanode-8/ratis/f488c666-a794-4a78-a9cd-24d8aeedcc70/current/log_inprogress_0
2025-07-14 15:00:07,749 [89a738d3-0145-4b42-8b1b-b5be9f604b49@group-24D8AEEDCC70-StateMachineUpdater] INFO  server.RaftServer$Division (LeaderStateImpl.java:checkStartIndex(309)) - Leader 89a738d3-0145-4b42-8b1b-b5be9f604b49@group-24D8AEEDCC70-LeaderStateImpl is ready since appliedIndex == startIndex == 0
2025-07-14 15:00:07,749 [89a738d3-0145-4b42-8b1b-b5be9f604b49@group-24D8AEEDCC70-StateMachineUpdater] INFO  ratis.ContainerStateMachine (ContainerStateMachine.java:takeSnapshot(427)) - group-24D8AEEDCC70: Taking a snapshot at:(t:1, i:0) file /home/runner/work/ozone/ozone/hadoop-ozone/integration-test/target/test-dir/MiniOzoneClusterImpl-aaa7dc72-7fbf-48e0-acc5-129182712624/ozone-meta/datanode-8/ratis/f488c666-a794-4a78-a9cd-24d8aeedcc70/sm/snapshot.1_0
2025-07-14 15:00:07,750 [89a738d3-0145-4b42-8b1b-b5be9f604b49@group-24D8AEEDCC70-StateMachineUpdater] INFO  ratis.ContainerStateMachine (ContainerStateMachine.java:takeSnapshot(436)) - group-24D8AEEDCC70: Finished taking a snapshot at:(t:1, i:0) file:/home/runner/work/ozone/ozone/hadoop-ozone/integration-test/target/test-dir/MiniOzoneClusterImpl-aaa7dc72-7fbf-48e0-acc5-129182712624/ozone-meta/datanode-8/ratis/f488c666-a794-4a78-a9cd-24d8aeedcc70/sm/snapshot.1_0 took: 0 ms
2025-07-14 15:00:07,750 [89a738d3-0145-4b42-8b1b-b5be9f604b49@group-24D8AEEDCC70-StateMachineUpdater] INFO  impl.StateMachineUpdater (StateMachineUpdater.java:takeSnapshot(307)) - 89a738d3-0145-4b42-8b1b-b5be9f604b49@group-24D8AEEDCC70-StateMachineUpdater: Took a snapshot at index 0
2025-07-14 15:00:07,750 [89a738d3-0145-4b42-8b1b-b5be9f604b49@group-24D8AEEDCC70-StateMachineUpdater] INFO  impl.StateMachineUpdater (StateMachineUpdater.java:lambda$new$0(101)) - 89a738d3-0145-4b42-8b1b-b5be9f604b49@group-24D8AEEDCC70-StateMachineUpdater: snapshotIndex: updateIncreasingly -1 -> 0
2025-07-14 15:00:07,753 [ac481237-f71e-4eeb-9120-a6c52bf83f13@group-EABB3B9FB711-FollowerState] INFO  impl.FollowerState (FollowerState.java:runImpl(161)) - ac481237-f71e-4eeb-9120-a6c52bf83f13@group-EABB3B9FB711-FollowerState: change to CANDIDATE, lastRpcElapsedTime:1186297233ns, electionTimeout:1185ms
2025-07-14 15:00:07,753 [ac481237-f71e-4eeb-9120-a6c52bf83f13@group-EABB3B9FB711-FollowerState] INFO  impl.RoleInfo (RoleInfo.java:shutdownFollowerState(121)) - ac481237-f71e-4eeb-9120-a6c52bf83f13: shutdown ac481237-f71e-4eeb-9120-a6c52bf83f13@group-EABB3B9FB711-FollowerState
2025-07-14 15:00:07,753 [ac481237-f71e-4eeb-9120-a6c52bf83f13@group-EABB3B9FB711-FollowerState] INFO  server.RaftServer$Division (RaftServerImpl.java:setRole(392)) - ac481237-f71e-4eeb-9120-a6c52bf83f13@group-EABB3B9FB711: changes role from  FOLLOWER to CANDIDATE at term 0 for changeToCandidate
2025-07-14 15:00:07,753 [ac481237-f71e-4eeb-9120-a6c52bf83f13@group-EABB3B9FB711-FollowerState] INFO  impl.RoleInfo (RoleInfo.java:updateAndGet(148)) - ac481237-f71e-4eeb-9120-a6c52bf83f13: start ac481237-f71e-4eeb-9120-a6c52bf83f13@group-EABB3B9FB711-LeaderElection19
2025-07-14 15:00:07,753 [ac481237-f71e-4eeb-9120-a6c52bf83f13@group-EABB3B9FB711-LeaderElection19] INFO  impl.LeaderElection (LeaderElection.java:askForVotes(448)) - ac481237-f71e-4eeb-9120-a6c52bf83f13@group-EABB3B9FB711-LeaderElection19 PRE_VOTE round 0: submit vote requests at term 0 for conf: {index: -1, cur=peers:[9eae2efb-1df6-4ce6-ae9d-8504348dafa1|127.0.0.1:15079, 89a738d3-0145-4b42-8b1b-b5be9f604b49|127.0.0.1:15071, ac481237-f71e-4eeb-9120-a6c52bf83f13|127.0.0.1:15063]|listeners:[], old=null}
2025-07-14 15:00:07,753 [89a738d3-0145-4b42-8b1b-b5be9f604b49@group-EABB3B9FB711-FollowerState] INFO  impl.FollowerState (FollowerState.java:runImpl(161)) - 89a738d3-0145-4b42-8b1b-b5be9f604b49@group-EABB3B9FB711-FollowerState: change to CANDIDATE, lastRpcElapsedTime:1078038564ns, electionTimeout:1077ms
2025-07-14 15:00:07,754 [89a738d3-0145-4b42-8b1b-b5be9f604b49@group-EABB3B9FB711-FollowerState] INFO  impl.RoleInfo (RoleInfo.java:shutdownFollowerState(121)) - 89a738d3-0145-4b42-8b1b-b5be9f604b49: shutdown 89a738d3-0145-4b42-8b1b-b5be9f604b49@group-EABB3B9FB711-FollowerState
2025-07-14 15:00:07,754 [89a738d3-0145-4b42-8b1b-b5be9f604b49@group-EABB3B9FB711-FollowerState] INFO  server.RaftServer$Division (RaftServerImpl.java:setRole(392)) - 89a738d3-0145-4b42-8b1b-b5be9f604b49@group-EABB3B9FB711: changes role from  FOLLOWER to CANDIDATE at term 0 for changeToCandidate
2025-07-14 15:00:07,754 [89a738d3-0145-4b42-8b1b-b5be9f604b49@group-EABB3B9FB711-FollowerState] INFO  impl.RoleInfo (RoleInfo.java:updateAndGet(148)) - 89a738d3-0145-4b42-8b1b-b5be9f604b49: start 89a738d3-0145-4b42-8b1b-b5be9f604b49@group-EABB3B9FB711-LeaderElection20
2025-07-14 15:00:07,756 [89a738d3-0145-4b42-8b1b-b5be9f604b49@group-EABB3B9FB711-LeaderElection20] INFO  impl.LeaderElection (LeaderElection.java:askForVotes(448)) - 89a738d3-0145-4b42-8b1b-b5be9f604b49@group-EABB3B9FB711-LeaderElection20 PRE_VOTE round 0: submit vote requests at term 0 for conf: {index: -1, cur=peers:[9eae2efb-1df6-4ce6-ae9d-8504348dafa1|127.0.0.1:15079, 89a738d3-0145-4b42-8b1b-b5be9f604b49|127.0.0.1:15071, ac481237-f71e-4eeb-9120-a6c52bf83f13|127.0.0.1:15063]|listeners:[], old=null}
2025-07-14 15:00:07,757 [grpc-default-executor-1] INFO  server.RaftServer$Division (RaftServerImpl.java:requestVote(1421)) - 9eae2efb-1df6-4ce6-ae9d-8504348dafa1@group-EABB3B9FB711: receive requestVote(PRE_VOTE, ac481237-f71e-4eeb-9120-a6c52bf83f13, group-EABB3B9FB711, 0, <PROTO_DEFAULT>)
2025-07-14 15:00:07,757 [grpc-default-executor-1] INFO  impl.VoteContext (VoteContext.java:log(49)) - 9eae2efb-1df6-4ce6-ae9d-8504348dafa1@group-EABB3B9FB711-FOLLOWER: accept PRE_VOTE from ac481237-f71e-4eeb-9120-a6c52bf83f13: our priority 0 <= candidate's priority 1
2025-07-14 15:00:07,757 [grpc-default-executor-1] INFO  server.RaftServer$Division (RaftServerImpl.java:requestVote(1455)) - 9eae2efb-1df6-4ce6-ae9d-8504348dafa1@group-EABB3B9FB711 replies to PRE_VOTE vote request: ac481237-f71e-4eeb-9120-a6c52bf83f13<-9eae2efb-1df6-4ce6-ae9d-8504348dafa1#0:OK-t0-last:<INITIAL_VALUE>. Peer's state: 9eae2efb-1df6-4ce6-ae9d-8504348dafa1@group-EABB3B9FB711:t0, leader=null, voted=, raftlog=Memoized:9eae2efb-1df6-4ce6-ae9d-8504348dafa1@group-EABB3B9FB711-SegmentedRaftLog:OPENED:c-1:lastnull, conf=conf: {index: -1, cur=peers:[9eae2efb-1df6-4ce6-ae9d-8504348dafa1|127.0.0.1:15079, 89a738d3-0145-4b42-8b1b-b5be9f604b49|127.0.0.1:15071, ac481237-f71e-4eeb-9120-a6c52bf83f13|127.0.0.1:15063]|listeners:[], old=null}
2025-07-14 15:00:07,758 [grpc-default-executor-4] INFO  server.RaftServer$Division (RaftServerImpl.java:requestVote(1421)) - 89a738d3-0145-4b42-8b1b-b5be9f604b49@group-EABB3B9FB711: receive requestVote(PRE_VOTE, ac481237-f71e-4eeb-9120-a6c52bf83f13, group-EABB3B9FB711, 0, <PROTO_DEFAULT>)
2025-07-14 15:00:07,758 [grpc-default-executor-4] INFO  impl.VoteContext (VoteContext.java:log(49)) - 89a738d3-0145-4b42-8b1b-b5be9f604b49@group-EABB3B9FB711-CANDIDATE: accept PRE_VOTE from ac481237-f71e-4eeb-9120-a6c52bf83f13: our priority 0 <= candidate's priority 1
2025-07-14 15:00:07,759 [grpc-default-executor-4] INFO  server.RaftServer$Division (RaftServerImpl.java:requestVote(1455)) - 89a738d3-0145-4b42-8b1b-b5be9f604b49@group-EABB3B9FB711 replies to PRE_VOTE vote request: ac481237-f71e-4eeb-9120-a6c52bf83f13<-89a738d3-0145-4b42-8b1b-b5be9f604b49#0:OK-t0-last:<INITIAL_VALUE>. Peer's state: 89a738d3-0145-4b42-8b1b-b5be9f604b49@group-EABB3B9FB711:t0, leader=null, voted=, raftlog=Memoized:89a738d3-0145-4b42-8b1b-b5be9f604b49@group-EABB3B9FB711-SegmentedRaftLog:OPENED:c-1:lastnull, conf=conf: {index: -1, cur=peers:[9eae2efb-1df6-4ce6-ae9d-8504348dafa1|127.0.0.1:15079, 89a738d3-0145-4b42-8b1b-b5be9f604b49|127.0.0.1:15071, ac481237-f71e-4eeb-9120-a6c52bf83f13|127.0.0.1:15063]|listeners:[], old=null}
2025-07-14 15:00:07,759 [ac481237-f71e-4eeb-9120-a6c52bf83f13@group-EABB3B9FB711-LeaderElection19] INFO  impl.LeaderElection (LeaderElection.java:logAndReturn(206)) - ac481237-f71e-4eeb-9120-a6c52bf83f13@group-EABB3B9FB711-LeaderElection19: PRE_VOTE PASSED received 1 response(s) and 0 exception(s):
2025-07-14 15:00:07,759 [ac481237-f71e-4eeb-9120-a6c52bf83f13@group-EABB3B9FB711-LeaderElection19] INFO  impl.LeaderElection (LeaderElection.java:logAndReturn(210)) -   Response 0: ac481237-f71e-4eeb-9120-a6c52bf83f13<-9eae2efb-1df6-4ce6-ae9d-8504348dafa1#0:OK-t0-last:<INITIAL_VALUE>
2025-07-14 15:00:07,759 [ac481237-f71e-4eeb-9120-a6c52bf83f13@group-EABB3B9FB711-LeaderElection19] INFO  impl.LeaderElection (LeaderElection.java:askForVotes(450)) - ac481237-f71e-4eeb-9120-a6c52bf83f13@group-EABB3B9FB711-LeaderElection19 PRE_VOTE round 0: result PASSED
2025-07-14 15:00:07,760 [grpc-default-executor-2] INFO  server.RaftServer$Division (RaftServerImpl.java:requestVote(1421)) - ac481237-f71e-4eeb-9120-a6c52bf83f13@group-EABB3B9FB711: receive requestVote(PRE_VOTE, 89a738d3-0145-4b42-8b1b-b5be9f604b49, group-EABB3B9FB711, 0, <PROTO_DEFAULT>)
2025-07-14 15:00:07,760 [grpc-default-executor-2] INFO  impl.VoteContext (VoteContext.java:log(49)) - ac481237-f71e-4eeb-9120-a6c52bf83f13@group-EABB3B9FB711-CANDIDATE: reject PRE_VOTE from 89a738d3-0145-4b42-8b1b-b5be9f604b49: our priority 1 > candidate's priority 0
2025-07-14 15:00:07,760 [grpc-default-executor-2] INFO  server.RaftServer$Division (RaftServerImpl.java:requestVote(1455)) - ac481237-f71e-4eeb-9120-a6c52bf83f13@group-EABB3B9FB711 replies to PRE_VOTE vote request: 89a738d3-0145-4b42-8b1b-b5be9f604b49<-ac481237-f71e-4eeb-9120-a6c52bf83f13#0:FAIL-t1-last:<INITIAL_VALUE>. Peer's state: ac481237-f71e-4eeb-9120-a6c52bf83f13@group-EABB3B9FB711:t1, leader=null, voted=ac481237-f71e-4eeb-9120-a6c52bf83f13, raftlog=Memoized:ac481237-f71e-4eeb-9120-a6c52bf83f13@group-EABB3B9FB711-SegmentedRaftLog:OPENED:c-1:lastnull, conf=conf: {index: -1, cur=peers:[9eae2efb-1df6-4ce6-ae9d-8504348dafa1|127.0.0.1:15079, 89a738d3-0145-4b42-8b1b-b5be9f604b49|127.0.0.1:15071, ac481237-f71e-4eeb-9120-a6c52bf83f13|127.0.0.1:15063]|listeners:[], old=null}
2025-07-14 15:00:07,760 [grpc-default-executor-4] INFO  server.RaftServer$Division (RaftServerImpl.java:requestVote(1421)) - 9eae2efb-1df6-4ce6-ae9d-8504348dafa1@group-EABB3B9FB711: receive requestVote(PRE_VOTE, 89a738d3-0145-4b42-8b1b-b5be9f604b49, group-EABB3B9FB711, 0, <PROTO_DEFAULT>)
2025-07-14 15:00:07,760 [grpc-default-executor-4] INFO  impl.VoteContext (VoteContext.java:log(49)) - 9eae2efb-1df6-4ce6-ae9d-8504348dafa1@group-EABB3B9FB711-FOLLOWER: accept PRE_VOTE from 89a738d3-0145-4b42-8b1b-b5be9f604b49: our priority 0 <= candidate's priority 0
2025-07-14 15:00:07,761 [grpc-default-executor-4] INFO  server.RaftServer$Division (RaftServerImpl.java:requestVote(1455)) - 9eae2efb-1df6-4ce6-ae9d-8504348dafa1@group-EABB3B9FB711 replies to PRE_VOTE vote request: 89a738d3-0145-4b42-8b1b-b5be9f604b49<-9eae2efb-1df6-4ce6-ae9d-8504348dafa1#0:OK-t0-last:<INITIAL_VALUE>. Peer's state: 9eae2efb-1df6-4ce6-ae9d-8504348dafa1@group-EABB3B9FB711:t0, leader=null, voted=, raftlog=Memoized:9eae2efb-1df6-4ce6-ae9d-8504348dafa1@group-EABB3B9FB711-SegmentedRaftLog:OPENED:c-1:lastnull, conf=conf: {index: -1, cur=peers:[9eae2efb-1df6-4ce6-ae9d-8504348dafa1|127.0.0.1:15079, 89a738d3-0145-4b42-8b1b-b5be9f604b49|127.0.0.1:15071, ac481237-f71e-4eeb-9120-a6c52bf83f13|127.0.0.1:15063]|listeners:[], old=null}
2025-07-14 15:00:07,761 [ac481237-f71e-4eeb-9120-a6c52bf83f13@group-EABB3B9FB711-LeaderElection19] INFO  impl.LeaderElection (LeaderElection.java:askForVotes(448)) - ac481237-f71e-4eeb-9120-a6c52bf83f13@group-EABB3B9FB711-LeaderElection19 ELECTION round 0: submit vote requests at term 1 for conf: {index: -1, cur=peers:[9eae2efb-1df6-4ce6-ae9d-8504348dafa1|127.0.0.1:15079, 89a738d3-0145-4b42-8b1b-b5be9f604b49|127.0.0.1:15071, ac481237-f71e-4eeb-9120-a6c52bf83f13|127.0.0.1:15063]|listeners:[], old=null}
2025-07-14 15:00:07,763 [89a738d3-0145-4b42-8b1b-b5be9f604b49@group-EABB3B9FB711-LeaderElection20] INFO  impl.LeaderElection (LeaderElection.java:logAndReturn(206)) - 89a738d3-0145-4b42-8b1b-b5be9f604b49@group-EABB3B9FB711-LeaderElection20: PRE_VOTE DISCOVERED_A_NEW_TERM (term=1) received 1 response(s) and 0 exception(s):
2025-07-14 15:00:07,763 [89a738d3-0145-4b42-8b1b-b5be9f604b49@group-EABB3B9FB711-LeaderElection20] INFO  impl.LeaderElection (LeaderElection.java:logAndReturn(210)) -   Response 0: 89a738d3-0145-4b42-8b1b-b5be9f604b49<-ac481237-f71e-4eeb-9120-a6c52bf83f13#0:FAIL-t1-last:<INITIAL_VALUE>
2025-07-14 15:00:07,763 [89a738d3-0145-4b42-8b1b-b5be9f604b49@group-EABB3B9FB711-LeaderElection20] INFO  impl.LeaderElection (LeaderElection.java:askForVotes(450)) - 89a738d3-0145-4b42-8b1b-b5be9f604b49@group-EABB3B9FB711-LeaderElection20 PRE_VOTE round 0: result DISCOVERED_A_NEW_TERM (term=1)
2025-07-14 15:00:07,763 [89a738d3-0145-4b42-8b1b-b5be9f604b49@group-EABB3B9FB711-LeaderElection20] INFO  server.RaftServer$Division (RaftServerImpl.java:setRole(392)) - 89a738d3-0145-4b42-8b1b-b5be9f604b49@group-EABB3B9FB711: changes role from CANDIDATE to FOLLOWER at term 0 for DISCOVERED_A_NEW_TERM (term=1)
2025-07-14 15:00:07,763 [89a738d3-0145-4b42-8b1b-b5be9f604b49@group-EABB3B9FB711-LeaderElection20] INFO  impl.RoleInfo (RoleInfo.java:shutdownLeaderElection(141)) - 89a738d3-0145-4b42-8b1b-b5be9f604b49: shutdown 89a738d3-0145-4b42-8b1b-b5be9f604b49@group-EABB3B9FB711-LeaderElection20
2025-07-14 15:00:07,763 [89a738d3-0145-4b42-8b1b-b5be9f604b49@group-EABB3B9FB711-LeaderElection20] INFO  impl.RoleInfo (RoleInfo.java:updateAndGet(148)) - 89a738d3-0145-4b42-8b1b-b5be9f604b49: start 89a738d3-0145-4b42-8b1b-b5be9f604b49@group-EABB3B9FB711-FollowerState
2025-07-14 15:00:07,764 [grpc-default-executor-2] INFO  server.RaftServer$Division (RaftServerImpl.java:requestVote(1421)) - 89a738d3-0145-4b42-8b1b-b5be9f604b49@group-EABB3B9FB711: receive requestVote(ELECTION, ac481237-f71e-4eeb-9120-a6c52bf83f13, group-EABB3B9FB711, 1, <PROTO_DEFAULT>)
2025-07-14 15:00:07,764 [89a738d3-0145-4b42-8b1b-b5be9f604b49@group-EABB3B9FB711-LeaderElection20] INFO  server.RaftServer$Division (RaftServerImpl.java:setFirstElection(576)) - 89a738d3-0145-4b42-8b1b-b5be9f604b49@group-EABB3B9FB711: set firstElectionSinceStartup to false for DISCOVERED_A_NEW_TERM (term=1)
2025-07-14 15:00:07,764 [grpc-default-executor-4] INFO  server.RaftServer$Division (RaftServerImpl.java:requestVote(1421)) - 9eae2efb-1df6-4ce6-ae9d-8504348dafa1@group-EABB3B9FB711: receive requestVote(ELECTION, ac481237-f71e-4eeb-9120-a6c52bf83f13, group-EABB3B9FB711, 1, <PROTO_DEFAULT>)
2025-07-14 15:00:07,764 [grpc-default-executor-4] INFO  impl.VoteContext (VoteContext.java:log(49)) - 9eae2efb-1df6-4ce6-ae9d-8504348dafa1@group-EABB3B9FB711-FOLLOWER: accept ELECTION from ac481237-f71e-4eeb-9120-a6c52bf83f13: our priority 0 <= candidate's priority 1
2025-07-14 15:00:07,764 [grpc-default-executor-4] INFO  server.RaftServer$Division (RaftServerImpl.java:setRole(392)) - 9eae2efb-1df6-4ce6-ae9d-8504348dafa1@group-EABB3B9FB711: changes role from  FOLLOWER to FOLLOWER at term 0 for candidate:ac481237-f71e-4eeb-9120-a6c52bf83f13
2025-07-14 15:00:07,765 [grpc-default-executor-4] INFO  impl.RoleInfo (RoleInfo.java:shutdownFollowerState(121)) - 9eae2efb-1df6-4ce6-ae9d-8504348dafa1: shutdown 9eae2efb-1df6-4ce6-ae9d-8504348dafa1@group-EABB3B9FB711-FollowerState
2025-07-14 15:00:07,765 [grpc-default-executor-4] INFO  impl.RoleInfo (RoleInfo.java:updateAndGet(148)) - 9eae2efb-1df6-4ce6-ae9d-8504348dafa1: start 9eae2efb-1df6-4ce6-ae9d-8504348dafa1@group-EABB3B9FB711-FollowerState
2025-07-14 15:00:07,765 [9eae2efb-1df6-4ce6-ae9d-8504348dafa1@group-EABB3B9FB711-FollowerState] INFO  impl.FollowerState (FollowerState.java:runImpl(170)) - 9eae2efb-1df6-4ce6-ae9d-8504348dafa1@group-EABB3B9FB711-FollowerState was interrupted
2025-07-14 15:00:07,766 [grpc-default-executor-4] INFO  server.RaftServer$Division (RaftServerImpl.java:setFirstElection(576)) - 9eae2efb-1df6-4ce6-ae9d-8504348dafa1@group-EABB3B9FB711: set firstElectionSinceStartup to false for candidate:ac481237-f71e-4eeb-9120-a6c52bf83f13
2025-07-14 15:00:07,766 [grpc-default-executor-2] INFO  impl.VoteContext (VoteContext.java:log(49)) - 89a738d3-0145-4b42-8b1b-b5be9f604b49@group-EABB3B9FB711-FOLLOWER: accept ELECTION from ac481237-f71e-4eeb-9120-a6c52bf83f13: our priority 0 <= candidate's priority 1
2025-07-14 15:00:07,767 [grpc-default-executor-2] INFO  server.RaftServer$Division (RaftServerImpl.java:setRole(392)) - 89a738d3-0145-4b42-8b1b-b5be9f604b49@group-EABB3B9FB711: changes role from  FOLLOWER to FOLLOWER at term 1 for candidate:ac481237-f71e-4eeb-9120-a6c52bf83f13
2025-07-14 15:00:07,767 [grpc-default-executor-2] INFO  impl.RoleInfo (RoleInfo.java:shutdownFollowerState(121)) - 89a738d3-0145-4b42-8b1b-b5be9f604b49: shutdown 89a738d3-0145-4b42-8b1b-b5be9f604b49@group-EABB3B9FB711-FollowerState
2025-07-14 15:00:07,767 [grpc-default-executor-2] INFO  impl.RoleInfo (RoleInfo.java:updateAndGet(148)) - 89a738d3-0145-4b42-8b1b-b5be9f604b49: start 89a738d3-0145-4b42-8b1b-b5be9f604b49@group-EABB3B9FB711-FollowerState
2025-07-14 15:00:07,767 [89a738d3-0145-4b42-8b1b-b5be9f604b49@group-EABB3B9FB711-FollowerState] INFO  impl.FollowerState (FollowerState.java:runImpl(170)) - 89a738d3-0145-4b42-8b1b-b5be9f604b49@group-EABB3B9FB711-FollowerState was interrupted
2025-07-14 15:00:07,768 [grpc-default-executor-4] INFO  server.RaftServer$Division (RaftServerImpl.java:requestVote(1455)) - 9eae2efb-1df6-4ce6-ae9d-8504348dafa1@group-EABB3B9FB711 replies to ELECTION vote request: ac481237-f71e-4eeb-9120-a6c52bf83f13<-9eae2efb-1df6-4ce6-ae9d-8504348dafa1#0:OK-t1-last:<INITIAL_VALUE>. Peer's state: 9eae2efb-1df6-4ce6-ae9d-8504348dafa1@group-EABB3B9FB711:t1, leader=null, voted=ac481237-f71e-4eeb-9120-a6c52bf83f13, raftlog=Memoized:9eae2efb-1df6-4ce6-ae9d-8504348dafa1@group-EABB3B9FB711-SegmentedRaftLog:OPENED:c-1:lastnull, conf=conf: {index: -1, cur=peers:[9eae2efb-1df6-4ce6-ae9d-8504348dafa1|127.0.0.1:15079, 89a738d3-0145-4b42-8b1b-b5be9f604b49|127.0.0.1:15071, ac481237-f71e-4eeb-9120-a6c52bf83f13|127.0.0.1:15063]|listeners:[], old=null}
2025-07-14 15:00:07,769 [grpc-default-executor-2] INFO  server.RaftServer$Division (RaftServerImpl.java:requestVote(1455)) - 89a738d3-0145-4b42-8b1b-b5be9f604b49@group-EABB3B9FB711 replies to ELECTION vote request: ac481237-f71e-4eeb-9120-a6c52bf83f13<-89a738d3-0145-4b42-8b1b-b5be9f604b49#0:OK-t1-last:<INITIAL_VALUE>. Peer's state: 89a738d3-0145-4b42-8b1b-b5be9f604b49@group-EABB3B9FB711:t1, leader=null, voted=ac481237-f71e-4eeb-9120-a6c52bf83f13, raftlog=Memoized:89a738d3-0145-4b42-8b1b-b5be9f604b49@group-EABB3B9FB711-SegmentedRaftLog:OPENED:c-1:lastnull, conf=conf: {index: -1, cur=peers:[9eae2efb-1df6-4ce6-ae9d-8504348dafa1|127.0.0.1:15079, 89a738d3-0145-4b42-8b1b-b5be9f604b49|127.0.0.1:15071, ac481237-f71e-4eeb-9120-a6c52bf83f13|127.0.0.1:15063]|listeners:[], old=null}
2025-07-14 15:00:07,770 [ac481237-f71e-4eeb-9120-a6c52bf83f13@group-EABB3B9FB711-LeaderElection19] INFO  impl.LeaderElection (LeaderElection.java:logAndReturn(206)) - ac481237-f71e-4eeb-9120-a6c52bf83f13@group-EABB3B9FB711-LeaderElection19: ELECTION PASSED received 1 response(s) and 0 exception(s):
2025-07-14 15:00:07,771 [ac481237-f71e-4eeb-9120-a6c52bf83f13@group-EABB3B9FB711-LeaderElection19] INFO  impl.LeaderElection (LeaderElection.java:logAndReturn(210)) -   Response 0: ac481237-f71e-4eeb-9120-a6c52bf83f13<-89a738d3-0145-4b42-8b1b-b5be9f604b49#0:OK-t1-last:<INITIAL_VALUE>
2025-07-14 15:00:07,771 [ac481237-f71e-4eeb-9120-a6c52bf83f13@group-EABB3B9FB711-LeaderElection19] INFO  impl.LeaderElection (LeaderElection.java:askForVotes(450)) - ac481237-f71e-4eeb-9120-a6c52bf83f13@group-EABB3B9FB711-LeaderElection19 ELECTION round 0: result PASSED
2025-07-14 15:00:07,771 [ac481237-f71e-4eeb-9120-a6c52bf83f13@group-EABB3B9FB711-LeaderElection19] INFO  impl.RoleInfo (RoleInfo.java:shutdownLeaderElection(141)) - ac481237-f71e-4eeb-9120-a6c52bf83f13: shutdown ac481237-f71e-4eeb-9120-a6c52bf83f13@group-EABB3B9FB711-LeaderElection19
2025-07-14 15:00:07,771 [ac481237-f71e-4eeb-9120-a6c52bf83f13@group-EABB3B9FB711-LeaderElection19] INFO  server.RaftServer$Division (RaftServerImpl.java:setRole(392)) - ac481237-f71e-4eeb-9120-a6c52bf83f13@group-EABB3B9FB711: changes role from CANDIDATE to LEADER at term 1 for changeToLeader
2025-07-14 15:00:07,771 [ac481237-f71e-4eeb-9120-a6c52bf83f13@group-EABB3B9FB711-LeaderElection19] INFO  server.RaftServerConfigKeys (ConfUtils.java:logFallback(69)) - raft.server.staging.timeout = 15600ms (fallback to raft.server.rpc.timeout.max)
2025-07-14 15:00:07,771 [ac481237-f71e-4eeb-9120-a6c52bf83f13@group-EABB3B9FB711-LeaderElection19] INFO  server.RaftServerConfigKeys (ConfUtils.java:logGet(62)) - raft.server.write.byte-limit = 1024 M (=1073741824) (custom)
2025-07-14 15:00:07,773 [ac481237-f71e-4eeb-9120-a6c52bf83f13@group-EABB3B9FB711-LeaderElection19] INFO  server.RaftServerConfigKeys (ConfUtils.java:logGet(62)) - raft.server.log.appender.buffer.byte-limit = 33554432 (custom)
2025-07-14 15:00:07,775 [ac481237-f71e-4eeb-9120-a6c52bf83f13@group-EABB3B9FB711-LeaderElection19] INFO  server.RaftServerConfigKeys (ConfUtils.java:logGet(62)) - raft.server.log.appender.buffer.byte-limit = 33554432 (custom)
2025-07-14 15:00:07,775 [ac481237-f71e-4eeb-9120-a6c52bf83f13@group-EABB3B9FB711-LeaderElection19] INFO  impl.RoleInfo (RoleInfo.java:updateAndGet(148)) - ac481237-f71e-4eeb-9120-a6c52bf83f13: start ac481237-f71e-4eeb-9120-a6c52bf83f13@group-EABB3B9FB711-LeaderStateImpl
2025-07-14 15:00:07,775 [ac481237-f71e-4eeb-9120-a6c52bf83f13@group-EABB3B9FB711-LeaderElection19] INFO  server.RaftServer$Division (RaftServerImpl.java:setFirstElection(576)) - ac481237-f71e-4eeb-9120-a6c52bf83f13@group-EABB3B9FB711: set firstElectionSinceStartup to false for becomeLeader
2025-07-14 15:00:07,775 [ac481237-f71e-4eeb-9120-a6c52bf83f13@group-EABB3B9FB711-LeaderElection19] INFO  ratis.XceiverServerRatis (XceiverServerRatis.java:handleLeaderChangedNotification(944)) - Leader change notification received for group: group-EABB3B9FB711 with new leaderId: ac481237-f71e-4eeb-9120-a6c52bf83f13
2025-07-14 15:00:07,776 [ac481237-f71e-4eeb-9120-a6c52bf83f13@group-EABB3B9FB711-LeaderElection19] INFO  server.RaftServer$Division (ServerState.java:setLeader(272)) - ac481237-f71e-4eeb-9120-a6c52bf83f13@group-EABB3B9FB711: change Leader from null to ac481237-f71e-4eeb-9120-a6c52bf83f13 at term 1 for becomeLeader, leader elected after 1235ms
2025-07-14 15:00:07,776 [ac481237-f71e-4eeb-9120-a6c52bf83f13@group-EABB3B9FB711-LeaderElection19] INFO  segmented.SegmentedRaftLogWorker (SegmentedRaftLogWorker.java:startLogSegment(440)) - ac481237-f71e-4eeb-9120-a6c52bf83f13@group-EABB3B9FB711-SegmentedRaftLogWorker: Starting segment from index:0
2025-07-14 15:00:07,776 [ac481237-f71e-4eeb-9120-a6c52bf83f13@group-EABB3B9FB711-SegmentedRaftLogWorker] INFO  segmented.BufferedWriteChannel (BufferedWriteChannel.java:open(61)) - open log_inprogress_0 at position 0
2025-07-14 15:00:07,777 [ac481237-f71e-4eeb-9120-a6c52bf83f13@group-EABB3B9FB711-LeaderElection19] INFO  server.RaftServer$Division (ServerState.java:setRaftConf(386)) - ac481237-f71e-4eeb-9120-a6c52bf83f13@group-EABB3B9FB711: set configuration conf: {index: 0, cur=peers:[9eae2efb-1df6-4ce6-ae9d-8504348dafa1|127.0.0.1:15079, 89a738d3-0145-4b42-8b1b-b5be9f604b49|127.0.0.1:15071, ac481237-f71e-4eeb-9120-a6c52bf83f13|127.0.0.1:15063]|listeners:[], old=null}
2025-07-14 15:00:07,786 [EventQueue-PipelineReportForPipelineReportHandler] INFO  pipeline.PipelineReportHandler (PipelineReportHandler.java:processPipelineReport(134)) - Opened pipeline Pipeline-2a96270d-5a4d-4083-9a90-eabb3b9fb711
2025-07-14 15:00:07,789 [grpc-default-executor-4] INFO  ratis.XceiverServerRatis (XceiverServerRatis.java:handleLeaderChangedNotification(944)) - Leader change notification received for group: group-EABB3B9FB711 with new leaderId: ac481237-f71e-4eeb-9120-a6c52bf83f13
2025-07-14 15:00:07,789 [grpc-default-executor-4] INFO  server.RaftServer$Division (ServerState.java:setLeader(272)) - 9eae2efb-1df6-4ce6-ae9d-8504348dafa1@group-EABB3B9FB711: change Leader from null to ac481237-f71e-4eeb-9120-a6c52bf83f13 at term 1 for appendEntries, leader elected after 1101ms
2025-07-14 15:00:07,790 [grpc-default-executor-2] INFO  server.RaftServer$Division (ServerState.java:setRaftConf(386)) - 9eae2efb-1df6-4ce6-ae9d-8504348dafa1@group-EABB3B9FB711: set configuration conf: {index: 0, cur=peers:[9eae2efb-1df6-4ce6-ae9d-8504348dafa1|127.0.0.1:15079, 89a738d3-0145-4b42-8b1b-b5be9f604b49|127.0.0.1:15071, ac481237-f71e-4eeb-9120-a6c52bf83f13|127.0.0.1:15063]|listeners:[], old=null}
2025-07-14 15:00:07,790 [grpc-default-executor-2] INFO  segmented.SegmentedRaftLogWorker (SegmentedRaftLogWorker.java:startLogSegment(440)) - 9eae2efb-1df6-4ce6-ae9d-8504348dafa1@group-EABB3B9FB711-SegmentedRaftLogWorker: Starting segment from index:0
2025-07-14 15:00:07,790 [9eae2efb-1df6-4ce6-ae9d-8504348dafa1@group-EABB3B9FB711-SegmentedRaftLogWorker] INFO  segmented.BufferedWriteChannel (BufferedWriteChannel.java:open(61)) - open log_inprogress_0 at position 0
2025-07-14 15:00:07,790 [grpc-default-executor-4] INFO  ratis.XceiverServerRatis (XceiverServerRatis.java:handleLeaderChangedNotification(944)) - Leader change notification received for group: group-EABB3B9FB711 with new leaderId: ac481237-f71e-4eeb-9120-a6c52bf83f13
2025-07-14 15:00:07,791 [grpc-default-executor-4] INFO  server.RaftServer$Division (ServerState.java:setLeader(272)) - 89a738d3-0145-4b42-8b1b-b5be9f604b49@group-EABB3B9FB711: change Leader from null to ac481237-f71e-4eeb-9120-a6c52bf83f13 at term 1 for appendEntries, leader elected after 1183ms
2025-07-14 15:00:07,792 [grpc-default-executor-1] INFO  server.RaftServer$Division (ServerState.java:setRaftConf(386)) - 89a738d3-0145-4b42-8b1b-b5be9f604b49@group-EABB3B9FB711: set configuration conf: {index: 0, cur=peers:[9eae2efb-1df6-4ce6-ae9d-8504348dafa1|127.0.0.1:15079, 89a738d3-0145-4b42-8b1b-b5be9f604b49|127.0.0.1:15071, ac481237-f71e-4eeb-9120-a6c52bf83f13|127.0.0.1:15063]|listeners:[], old=null}
2025-07-14 15:00:07,792 [grpc-default-executor-1] INFO  segmented.SegmentedRaftLogWorker (SegmentedRaftLogWorker.java:startLogSegment(440)) - 89a738d3-0145-4b42-8b1b-b5be9f604b49@group-EABB3B9FB711-SegmentedRaftLogWorker: Starting segment from index:0
2025-07-14 15:00:07,793 [ac481237-f71e-4eeb-9120-a6c52bf83f13@group-EABB3B9FB711-SegmentedRaftLogWorker] INFO  segmented.SegmentedRaftLogWorker (SegmentedRaftLogWorker.java:execute(647)) - ac481237-f71e-4eeb-9120-a6c52bf83f13@group-EABB3B9FB711-SegmentedRaftLogWorker: created new log segment /home/runner/work/ozone/ozone/hadoop-ozone/integration-test/target/test-dir/MiniOzoneClusterImpl-aaa7dc72-7fbf-48e0-acc5-129182712624/ozone-meta/datanode-7/ratis/2a96270d-5a4d-4083-9a90-eabb3b9fb711/current/log_inprogress_0
2025-07-14 15:00:07,794 [89a738d3-0145-4b42-8b1b-b5be9f604b49@group-EABB3B9FB711-SegmentedRaftLogWorker] INFO  segmented.BufferedWriteChannel (BufferedWriteChannel.java:open(61)) - open log_inprogress_0 at position 0
2025-07-14 15:00:07,806 [89a738d3-0145-4b42-8b1b-b5be9f604b49@group-EABB3B9FB711-SegmentedRaftLogWorker] INFO  segmented.SegmentedRaftLogWorker (SegmentedRaftLogWorker.java:execute(647)) - 89a738d3-0145-4b42-8b1b-b5be9f604b49@group-EABB3B9FB711-SegmentedRaftLogWorker: created new log segment /home/runner/work/ozone/ozone/hadoop-ozone/integration-test/target/test-dir/MiniOzoneClusterImpl-aaa7dc72-7fbf-48e0-acc5-129182712624/ozone-meta/datanode-8/ratis/2a96270d-5a4d-4083-9a90-eabb3b9fb711/current/log_inprogress_0
2025-07-14 15:00:07,807 [9eae2efb-1df6-4ce6-ae9d-8504348dafa1@group-EABB3B9FB711-SegmentedRaftLogWorker] INFO  segmented.SegmentedRaftLogWorker (SegmentedRaftLogWorker.java:execute(647)) - 9eae2efb-1df6-4ce6-ae9d-8504348dafa1@group-EABB3B9FB711-SegmentedRaftLogWorker: created new log segment /home/runner/work/ozone/ozone/hadoop-ozone/integration-test/target/test-dir/MiniOzoneClusterImpl-aaa7dc72-7fbf-48e0-acc5-129182712624/ozone-meta/datanode-9/ratis/2a96270d-5a4d-4083-9a90-eabb3b9fb711/current/log_inprogress_0
2025-07-14 15:00:07,811 [ac481237-f71e-4eeb-9120-a6c52bf83f13@group-EABB3B9FB711-StateMachineUpdater] INFO  server.RaftServer$Division (LeaderStateImpl.java:checkStartIndex(309)) - Leader ac481237-f71e-4eeb-9120-a6c52bf83f13@group-EABB3B9FB711-LeaderStateImpl is ready since appliedIndex == startIndex == 0
2025-07-14 15:00:07,811 [ac481237-f71e-4eeb-9120-a6c52bf83f13@group-EABB3B9FB711-StateMachineUpdater] INFO  ratis.ContainerStateMachine (ContainerStateMachine.java:takeSnapshot(427)) - group-EABB3B9FB711: Taking a snapshot at:(t:1, i:0) file /home/runner/work/ozone/ozone/hadoop-ozone/integration-test/target/test-dir/MiniOzoneClusterImpl-aaa7dc72-7fbf-48e0-acc5-129182712624/ozone-meta/datanode-7/ratis/2a96270d-5a4d-4083-9a90-eabb3b9fb711/sm/snapshot.1_0
2025-07-14 15:00:07,812 [ac481237-f71e-4eeb-9120-a6c52bf83f13@group-EABB3B9FB711-StateMachineUpdater] INFO  ratis.ContainerStateMachine (ContainerStateMachine.java:takeSnapshot(436)) - group-EABB3B9FB711: Finished taking a snapshot at:(t:1, i:0) file:/home/runner/work/ozone/ozone/hadoop-ozone/integration-test/target/test-dir/MiniOzoneClusterImpl-aaa7dc72-7fbf-48e0-acc5-129182712624/ozone-meta/datanode-7/ratis/2a96270d-5a4d-4083-9a90-eabb3b9fb711/sm/snapshot.1_0 took: 1 ms
2025-07-14 15:00:07,813 [ac481237-f71e-4eeb-9120-a6c52bf83f13@group-EABB3B9FB711-StateMachineUpdater] INFO  impl.StateMachineUpdater (StateMachineUpdater.java:takeSnapshot(307)) - ac481237-f71e-4eeb-9120-a6c52bf83f13@group-EABB3B9FB711-StateMachineUpdater: Took a snapshot at index 0
2025-07-14 15:00:07,813 [ac481237-f71e-4eeb-9120-a6c52bf83f13@group-EABB3B9FB711-StateMachineUpdater] INFO  impl.StateMachineUpdater (StateMachineUpdater.java:lambda$new$0(101)) - ac481237-f71e-4eeb-9120-a6c52bf83f13@group-EABB3B9FB711-StateMachineUpdater: snapshotIndex: updateIncreasingly -1 -> 0
2025-07-14 15:00:07,848 [9eae2efb-1df6-4ce6-ae9d-8504348dafa1@group-31293BAD332B-FollowerState] INFO  impl.FollowerState (FollowerState.java:runImpl(161)) - 9eae2efb-1df6-4ce6-ae9d-8504348dafa1@group-31293BAD332B-FollowerState: change to CANDIDATE, lastRpcElapsedTime:1175282563ns, electionTimeout:1173ms
2025-07-14 15:00:07,848 [9eae2efb-1df6-4ce6-ae9d-8504348dafa1@group-31293BAD332B-FollowerState] INFO  impl.RoleInfo (RoleInfo.java:shutdownFollowerState(121)) - 9eae2efb-1df6-4ce6-ae9d-8504348dafa1: shutdown 9eae2efb-1df6-4ce6-ae9d-8504348dafa1@group-31293BAD332B-FollowerState
2025-07-14 15:00:07,848 [9eae2efb-1df6-4ce6-ae9d-8504348dafa1@group-31293BAD332B-FollowerState] INFO  server.RaftServer$Division (RaftServerImpl.java:setRole(392)) - 9eae2efb-1df6-4ce6-ae9d-8504348dafa1@group-31293BAD332B: changes role from  FOLLOWER to CANDIDATE at term 0 for changeToCandidate
2025-07-14 15:00:07,849 [9eae2efb-1df6-4ce6-ae9d-8504348dafa1@group-31293BAD332B-FollowerState] INFO  impl.RoleInfo (RoleInfo.java:updateAndGet(148)) - 9eae2efb-1df6-4ce6-ae9d-8504348dafa1: start 9eae2efb-1df6-4ce6-ae9d-8504348dafa1@group-31293BAD332B-LeaderElection21
2025-07-14 15:00:07,849 [9eae2efb-1df6-4ce6-ae9d-8504348dafa1@group-31293BAD332B-LeaderElection21] INFO  impl.LeaderElection (LeaderElection.java:askForVotes(448)) - 9eae2efb-1df6-4ce6-ae9d-8504348dafa1@group-31293BAD332B-LeaderElection21 PRE_VOTE round 0: submit vote requests at term 0 for conf: {index: -1, cur=peers:[9eae2efb-1df6-4ce6-ae9d-8504348dafa1|127.0.0.1:15079]|listeners:[], old=null}
2025-07-14 15:00:07,849 [9eae2efb-1df6-4ce6-ae9d-8504348dafa1@group-31293BAD332B-LeaderElection21] INFO  impl.LeaderElection (LeaderElection.java:askForVotes(450)) - 9eae2efb-1df6-4ce6-ae9d-8504348dafa1@group-31293BAD332B-LeaderElection21 PRE_VOTE round 0: result PASSED (term=0)
2025-07-14 15:00:07,849 [77d16558-8a68-4655-9235-107e22ba3c38-CloseContainerThread-0] WARN  keyvalue.KeyValueHandler (KeyValueHandler.java:updateAndGetContainerChecksum(1451)) - Container data checksum updated from 0 to 1bdd5b56
2025-07-14 15:00:07,852 [9eae2efb-1df6-4ce6-ae9d-8504348dafa1@group-31293BAD332B-LeaderElection21] INFO  impl.LeaderElection (LeaderElection.java:askForVotes(448)) - 9eae2efb-1df6-4ce6-ae9d-8504348dafa1@group-31293BAD332B-LeaderElection21 ELECTION round 0: submit vote requests at term 1 for conf: {index: -1, cur=peers:[9eae2efb-1df6-4ce6-ae9d-8504348dafa1|127.0.0.1:15079]|listeners:[], old=null}
2025-07-14 15:00:07,852 [9eae2efb-1df6-4ce6-ae9d-8504348dafa1@group-31293BAD332B-LeaderElection21] INFO  impl.LeaderElection (LeaderElection.java:askForVotes(450)) - 9eae2efb-1df6-4ce6-ae9d-8504348dafa1@group-31293BAD332B-LeaderElection21 ELECTION round 0: result PASSED (term=1)
2025-07-14 15:00:07,852 [9eae2efb-1df6-4ce6-ae9d-8504348dafa1@group-31293BAD332B-LeaderElection21] INFO  impl.RoleInfo (RoleInfo.java:shutdownLeaderElection(141)) - 9eae2efb-1df6-4ce6-ae9d-8504348dafa1: shutdown 9eae2efb-1df6-4ce6-ae9d-8504348dafa1@group-31293BAD332B-LeaderElection21
2025-07-14 15:00:07,852 [77d16558-8a68-4655-9235-107e22ba3c38-CloseContainerThread-0] INFO  keyvalue.KeyValueContainer (KeyValueContainer.java:flushAndSyncDB(514)) - Synced container: KeyValueContainerData #1 (CLOSING, non-empty, ri=0, origin=[dn_77d16558-8a68-4655-9235-107e22ba3c38, pipeline_955d2a46-e184-48bd-86c8-b771f555dc8d])
2025-07-14 15:00:07,852 [77d16558-8a68-4655-9235-107e22ba3c38-CloseContainerThread-0] INFO  keyvalue.KeyValueContainer (KeyValueContainer.java:flushAndSyncDB(514)) - Synced container: KeyValueContainerData #1 (CLOSING, non-empty, ri=0, origin=[dn_77d16558-8a68-4655-9235-107e22ba3c38, pipeline_955d2a46-e184-48bd-86c8-b771f555dc8d])
2025-07-14 15:00:07,852 [FixedThreadPoolWithAffinityExecutor-9-0] INFO  container.IncrementalContainerReportHandler (AbstractContainerReportHandler.java:updateContainerState(253)) - FINALIZE (i.e. CLOSING) Container #1 (OPEN, sid=2) r0 (CLOSING, bcsid=2, origin=77d16558-8a68-4655-9235-107e22ba3c38, non-empty) from dn 77d16558-8a68-4655-9235-107e22ba3c38(localhost/127.0.0.1)
2025-07-14 15:00:07,853 [9eae2efb-1df6-4ce6-ae9d-8504348dafa1@group-31293BAD332B-LeaderElection21] INFO  server.RaftServer$Division (RaftServerImpl.java:setRole(392)) - 9eae2efb-1df6-4ce6-ae9d-8504348dafa1@group-31293BAD332B: changes role from CANDIDATE to LEADER at term 1 for changeToLeader
2025-07-14 15:00:07,853 [9eae2efb-1df6-4ce6-ae9d-8504348dafa1@group-31293BAD332B-LeaderElection21] INFO  server.RaftServerConfigKeys (ConfUtils.java:logFallback(69)) - raft.server.staging.timeout = 15600ms (fallback to raft.server.rpc.timeout.max)
2025-07-14 15:00:07,853 [9eae2efb-1df6-4ce6-ae9d-8504348dafa1@group-31293BAD332B-LeaderElection21] INFO  server.RaftServerConfigKeys (ConfUtils.java:logGet(62)) - raft.server.write.byte-limit = 1024 M (=1073741824) (custom)
2025-07-14 15:00:07,854 [9eae2efb-1df6-4ce6-ae9d-8504348dafa1@group-31293BAD332B-LeaderElection21] INFO  impl.RoleInfo (RoleInfo.java:updateAndGet(148)) - 9eae2efb-1df6-4ce6-ae9d-8504348dafa1: start 9eae2efb-1df6-4ce6-ae9d-8504348dafa1@group-31293BAD332B-LeaderStateImpl
2025-07-14 15:00:07,854 [9eae2efb-1df6-4ce6-ae9d-8504348dafa1@group-31293BAD332B-LeaderElection21] INFO  server.RaftServer$Division (RaftServerImpl.java:setFirstElection(576)) - 9eae2efb-1df6-4ce6-ae9d-8504348dafa1@group-31293BAD332B: set firstElectionSinceStartup to false for becomeLeader
2025-07-14 15:00:07,855 [9eae2efb-1df6-4ce6-ae9d-8504348dafa1@group-31293BAD332B-LeaderElection21] INFO  ratis.XceiverServerRatis (XceiverServerRatis.java:handleLeaderChangedNotification(944)) - Leader change notification received for group: group-31293BAD332B with new leaderId: 9eae2efb-1df6-4ce6-ae9d-8504348dafa1
2025-07-14 15:00:07,855 [9eae2efb-1df6-4ce6-ae9d-8504348dafa1@group-31293BAD332B-LeaderElection21] INFO  server.RaftServer$Division (ServerState.java:setLeader(272)) - 9eae2efb-1df6-4ce6-ae9d-8504348dafa1@group-31293BAD332B: change Leader from null to 9eae2efb-1df6-4ce6-ae9d-8504348dafa1 at term 1 for becomeLeader, leader elected after 1248ms
2025-07-14 15:00:07,855 [9eae2efb-1df6-4ce6-ae9d-8504348dafa1@group-31293BAD332B-LeaderElection21] INFO  segmented.SegmentedRaftLogWorker (SegmentedRaftLogWorker.java:startLogSegment(440)) - 9eae2efb-1df6-4ce6-ae9d-8504348dafa1@group-31293BAD332B-SegmentedRaftLogWorker: Starting segment from index:0
2025-07-14 15:00:07,855 [9eae2efb-1df6-4ce6-ae9d-8504348dafa1@group-31293BAD332B-LeaderElection21] INFO  server.RaftServer$Division (ServerState.java:setRaftConf(386)) - 9eae2efb-1df6-4ce6-ae9d-8504348dafa1@group-31293BAD332B: set configuration conf: {index: 0, cur=peers:[9eae2efb-1df6-4ce6-ae9d-8504348dafa1|127.0.0.1:15079]|listeners:[], old=null}
2025-07-14 15:00:07,855 [9eae2efb-1df6-4ce6-ae9d-8504348dafa1@group-31293BAD332B-SegmentedRaftLogWorker] INFO  segmented.BufferedWriteChannel (BufferedWriteChannel.java:open(61)) - open log_inprogress_0 at position 0
2025-07-14 15:00:07,859 [77d16558-8a68-4655-9235-107e22ba3c38-CloseContainerThread-0] INFO  commandhandler.CloseContainerCommandHandler (CloseContainerCommandHandler.java:lambda$handle$0(135)) - Marking Container 1 quasi closed
2025-07-14 15:00:07,862 [FixedThreadPoolWithAffinityExecutor-9-0] INFO  container.IncrementalContainerReportHandler (AbstractContainerReportHandler.java:updateContainerState(264)) - QUASI_CLOSE Container #1 (CLOSING, sid=2) r0 (QUASI_CLOSED, bcsid=2, origin=77d16558-8a68-4655-9235-107e22ba3c38, non-empty) from dn 77d16558-8a68-4655-9235-107e22ba3c38(localhost/127.0.0.1)
2025-07-14 15:00:07,866 [9eae2efb-1df6-4ce6-ae9d-8504348dafa1@group-31293BAD332B-SegmentedRaftLogWorker] INFO  segmented.SegmentedRaftLogWorker (SegmentedRaftLogWorker.java:execute(647)) - 9eae2efb-1df6-4ce6-ae9d-8504348dafa1@group-31293BAD332B-SegmentedRaftLogWorker: created new log segment /home/runner/work/ozone/ozone/hadoop-ozone/integration-test/target/test-dir/MiniOzoneClusterImpl-aaa7dc72-7fbf-48e0-acc5-129182712624/ozone-meta/datanode-9/ratis/4a5e7772-23e0-4722-b0d9-31293bad332b/current/log_inprogress_0
2025-07-14 15:00:07,867 [9eae2efb-1df6-4ce6-ae9d-8504348dafa1@group-31293BAD332B-StateMachineUpdater] INFO  server.RaftServer$Division (LeaderStateImpl.java:checkStartIndex(309)) - Leader 9eae2efb-1df6-4ce6-ae9d-8504348dafa1@group-31293BAD332B-LeaderStateImpl is ready since appliedIndex == startIndex == 0
2025-07-14 15:00:07,868 [9eae2efb-1df6-4ce6-ae9d-8504348dafa1@group-31293BAD332B-StateMachineUpdater] INFO  ratis.ContainerStateMachine (ContainerStateMachine.java:takeSnapshot(427)) - group-31293BAD332B: Taking a snapshot at:(t:1, i:0) file /home/runner/work/ozone/ozone/hadoop-ozone/integration-test/target/test-dir/MiniOzoneClusterImpl-aaa7dc72-7fbf-48e0-acc5-129182712624/ozone-meta/datanode-9/ratis/4a5e7772-23e0-4722-b0d9-31293bad332b/sm/snapshot.1_0
2025-07-14 15:00:07,869 [9eae2efb-1df6-4ce6-ae9d-8504348dafa1@group-31293BAD332B-StateMachineUpdater] INFO  ratis.ContainerStateMachine (ContainerStateMachine.java:takeSnapshot(436)) - group-31293BAD332B: Finished taking a snapshot at:(t:1, i:0) file:/home/runner/work/ozone/ozone/hadoop-ozone/integration-test/target/test-dir/MiniOzoneClusterImpl-aaa7dc72-7fbf-48e0-acc5-129182712624/ozone-meta/datanode-9/ratis/4a5e7772-23e0-4722-b0d9-31293bad332b/sm/snapshot.1_0 took: 0 ms
2025-07-14 15:00:07,869 [9eae2efb-1df6-4ce6-ae9d-8504348dafa1@group-31293BAD332B-StateMachineUpdater] INFO  impl.StateMachineUpdater (StateMachineUpdater.java:takeSnapshot(307)) - 9eae2efb-1df6-4ce6-ae9d-8504348dafa1@group-31293BAD332B-StateMachineUpdater: Took a snapshot at index 0
2025-07-14 15:00:07,869 [9eae2efb-1df6-4ce6-ae9d-8504348dafa1@group-31293BAD332B-StateMachineUpdater] INFO  impl.StateMachineUpdater (StateMachineUpdater.java:lambda$new$0(101)) - 9eae2efb-1df6-4ce6-ae9d-8504348dafa1@group-31293BAD332B-StateMachineUpdater: snapshotIndex: updateIncreasingly -1 -> 0
2025-07-14 15:00:07,959 [9eaddddd-9b57-463b-ae7a-e3a77c744c69@group-92AAB85E7561-FollowerState] INFO  impl.FollowerState (FollowerState.java:runImpl(161)) - 9eaddddd-9b57-463b-ae7a-e3a77c744c69@group-92AAB85E7561-FollowerState: change to CANDIDATE, lastRpcElapsedTime:1051994468ns, electionTimeout:1051ms
2025-07-14 15:00:07,960 [9eaddddd-9b57-463b-ae7a-e3a77c744c69@group-92AAB85E7561-FollowerState] INFO  impl.RoleInfo (RoleInfo.java:shutdownFollowerState(121)) - 9eaddddd-9b57-463b-ae7a-e3a77c744c69: shutdown 9eaddddd-9b57-463b-ae7a-e3a77c744c69@group-92AAB85E7561-FollowerState
2025-07-14 15:00:07,960 [9eaddddd-9b57-463b-ae7a-e3a77c744c69@group-92AAB85E7561-FollowerState] INFO  server.RaftServer$Division (RaftServerImpl.java:setRole(392)) - 9eaddddd-9b57-463b-ae7a-e3a77c744c69@group-92AAB85E7561: changes role from  FOLLOWER to CANDIDATE at term 0 for changeToCandidate
2025-07-14 15:00:07,960 [9eaddddd-9b57-463b-ae7a-e3a77c744c69@group-92AAB85E7561-FollowerState] INFO  impl.RoleInfo (RoleInfo.java:updateAndGet(148)) - 9eaddddd-9b57-463b-ae7a-e3a77c744c69: start 9eaddddd-9b57-463b-ae7a-e3a77c744c69@group-92AAB85E7561-LeaderElection22
2025-07-14 15:00:07,961 [9eaddddd-9b57-463b-ae7a-e3a77c744c69@group-92AAB85E7561-LeaderElection22] INFO  impl.LeaderElection (LeaderElection.java:askForVotes(448)) - 9eaddddd-9b57-463b-ae7a-e3a77c744c69@group-92AAB85E7561-LeaderElection22 PRE_VOTE round 0: submit vote requests at term 0 for conf: {index: -1, cur=peers:[9eaddddd-9b57-463b-ae7a-e3a77c744c69|127.0.0.1:15087]|listeners:[], old=null}
2025-07-14 15:00:07,961 [9eaddddd-9b57-463b-ae7a-e3a77c744c69@group-92AAB85E7561-LeaderElection22] INFO  impl.LeaderElection (LeaderElection.java:askForVotes(450)) - 9eaddddd-9b57-463b-ae7a-e3a77c744c69@group-92AAB85E7561-LeaderElection22 PRE_VOTE round 0: result PASSED (term=0)
2025-07-14 15:00:07,962 [9eaddddd-9b57-463b-ae7a-e3a77c744c69@group-92AAB85E7561-LeaderElection22] INFO  impl.LeaderElection (LeaderElection.java:askForVotes(448)) - 9eaddddd-9b57-463b-ae7a-e3a77c744c69@group-92AAB85E7561-LeaderElection22 ELECTION round 0: submit vote requests at term 1 for conf: {index: -1, cur=peers:[9eaddddd-9b57-463b-ae7a-e3a77c744c69|127.0.0.1:15087]|listeners:[], old=null}
2025-07-14 15:00:07,963 [9eaddddd-9b57-463b-ae7a-e3a77c744c69@group-92AAB85E7561-LeaderElection22] INFO  impl.LeaderElection (LeaderElection.java:askForVotes(450)) - 9eaddddd-9b57-463b-ae7a-e3a77c744c69@group-92AAB85E7561-LeaderElection22 ELECTION round 0: result PASSED (term=1)
2025-07-14 15:00:07,963 [9eaddddd-9b57-463b-ae7a-e3a77c744c69@group-92AAB85E7561-LeaderElection22] INFO  impl.RoleInfo (RoleInfo.java:shutdownLeaderElection(141)) - 9eaddddd-9b57-463b-ae7a-e3a77c744c69: shutdown 9eaddddd-9b57-463b-ae7a-e3a77c744c69@group-92AAB85E7561-LeaderElection22
2025-07-14 15:00:07,963 [9eaddddd-9b57-463b-ae7a-e3a77c744c69@group-92AAB85E7561-LeaderElection22] INFO  server.RaftServer$Division (RaftServerImpl.java:setRole(392)) - 9eaddddd-9b57-463b-ae7a-e3a77c744c69@group-92AAB85E7561: changes role from CANDIDATE to LEADER at term 1 for changeToLeader
2025-07-14 15:00:07,964 [9eaddddd-9b57-463b-ae7a-e3a77c744c69@group-92AAB85E7561-LeaderElection22] INFO  server.RaftServerConfigKeys (ConfUtils.java:logFallback(69)) - raft.server.staging.timeout = 15600ms (fallback to raft.server.rpc.timeout.max)
2025-07-14 15:00:07,965 [9eaddddd-9b57-463b-ae7a-e3a77c744c69@group-92AAB85E7561-LeaderElection22] INFO  server.RaftServerConfigKeys (ConfUtils.java:logGet(62)) - raft.server.write.byte-limit = 1024 M (=1073741824) (custom)
2025-07-14 15:00:07,965 [9eaddddd-9b57-463b-ae7a-e3a77c744c69@group-92AAB85E7561-LeaderElection22] INFO  impl.RoleInfo (RoleInfo.java:updateAndGet(148)) - 9eaddddd-9b57-463b-ae7a-e3a77c744c69: start 9eaddddd-9b57-463b-ae7a-e3a77c744c69@group-92AAB85E7561-LeaderStateImpl
2025-07-14 15:00:07,966 [9eaddddd-9b57-463b-ae7a-e3a77c744c69@group-92AAB85E7561-LeaderElection22] INFO  server.RaftServer$Division (RaftServerImpl.java:setFirstElection(576)) - 9eaddddd-9b57-463b-ae7a-e3a77c744c69@group-92AAB85E7561: set firstElectionSinceStartup to false for becomeLeader
2025-07-14 15:00:07,966 [9eaddddd-9b57-463b-ae7a-e3a77c744c69@group-92AAB85E7561-LeaderElection22] INFO  ratis.XceiverServerRatis (XceiverServerRatis.java:handleLeaderChangedNotification(944)) - Leader change notification received for group: group-92AAB85E7561 with new leaderId: 9eaddddd-9b57-463b-ae7a-e3a77c744c69
2025-07-14 15:00:07,967 [9eaddddd-9b57-463b-ae7a-e3a77c744c69@group-92AAB85E7561-LeaderElection22] INFO  server.RaftServer$Division (ServerState.java:setLeader(272)) - 9eaddddd-9b57-463b-ae7a-e3a77c744c69@group-92AAB85E7561: change Leader from null to 9eaddddd-9b57-463b-ae7a-e3a77c744c69 at term 1 for becomeLeader, leader elected after 1108ms
2025-07-14 15:00:07,968 [9eaddddd-9b57-463b-ae7a-e3a77c744c69@group-92AAB85E7561-LeaderElection22] INFO  segmented.SegmentedRaftLogWorker (SegmentedRaftLogWorker.java:startLogSegment(440)) - 9eaddddd-9b57-463b-ae7a-e3a77c744c69@group-92AAB85E7561-SegmentedRaftLogWorker: Starting segment from index:0
2025-07-14 15:00:07,968 [9eaddddd-9b57-463b-ae7a-e3a77c744c69@group-92AAB85E7561-LeaderElection22] INFO  server.RaftServer$Division (ServerState.java:setRaftConf(386)) - 9eaddddd-9b57-463b-ae7a-e3a77c744c69@group-92AAB85E7561: set configuration conf: {index: 0, cur=peers:[9eaddddd-9b57-463b-ae7a-e3a77c744c69|127.0.0.1:15087]|listeners:[], old=null}
2025-07-14 15:00:07,970 [9eaddddd-9b57-463b-ae7a-e3a77c744c69@group-92AAB85E7561-SegmentedRaftLogWorker] INFO  segmented.BufferedWriteChannel (BufferedWriteChannel.java:open(61)) - open log_inprogress_0 at position 0
2025-07-14 15:00:07,979 [9eaddddd-9b57-463b-ae7a-e3a77c744c69@group-92AAB85E7561-SegmentedRaftLogWorker] INFO  segmented.SegmentedRaftLogWorker (SegmentedRaftLogWorker.java:execute(647)) - 9eaddddd-9b57-463b-ae7a-e3a77c744c69@group-92AAB85E7561-SegmentedRaftLogWorker: created new log segment /home/runner/work/ozone/ozone/hadoop-ozone/integration-test/target/test-dir/MiniOzoneClusterImpl-aaa7dc72-7fbf-48e0-acc5-129182712624/ozone-meta/datanode-10/ratis/e4531615-3152-4076-828e-92aab85e7561/current/log_inprogress_0
2025-07-14 15:00:07,982 [9eaddddd-9b57-463b-ae7a-e3a77c744c69@group-92AAB85E7561-StateMachineUpdater] INFO  server.RaftServer$Division (LeaderStateImpl.java:checkStartIndex(309)) - Leader 9eaddddd-9b57-463b-ae7a-e3a77c744c69@group-92AAB85E7561-LeaderStateImpl is ready since appliedIndex == startIndex == 0
2025-07-14 15:00:07,982 [9eaddddd-9b57-463b-ae7a-e3a77c744c69@group-92AAB85E7561-StateMachineUpdater] INFO  ratis.ContainerStateMachine (ContainerStateMachine.java:takeSnapshot(427)) - group-92AAB85E7561: Taking a snapshot at:(t:1, i:0) file /home/runner/work/ozone/ozone/hadoop-ozone/integration-test/target/test-dir/MiniOzoneClusterImpl-aaa7dc72-7fbf-48e0-acc5-129182712624/ozone-meta/datanode-10/ratis/e4531615-3152-4076-828e-92aab85e7561/sm/snapshot.1_0
2025-07-14 15:00:07,983 [9eaddddd-9b57-463b-ae7a-e3a77c744c69@group-92AAB85E7561-StateMachineUpdater] INFO  ratis.ContainerStateMachine (ContainerStateMachine.java:takeSnapshot(436)) - group-92AAB85E7561: Finished taking a snapshot at:(t:1, i:0) file:/home/runner/work/ozone/ozone/hadoop-ozone/integration-test/target/test-dir/MiniOzoneClusterImpl-aaa7dc72-7fbf-48e0-acc5-129182712624/ozone-meta/datanode-10/ratis/e4531615-3152-4076-828e-92aab85e7561/sm/snapshot.1_0 took: 0 ms
2025-07-14 15:00:07,983 [9eaddddd-9b57-463b-ae7a-e3a77c744c69@group-92AAB85E7561-StateMachineUpdater] INFO  impl.StateMachineUpdater (StateMachineUpdater.java:takeSnapshot(307)) - 9eaddddd-9b57-463b-ae7a-e3a77c744c69@group-92AAB85E7561-StateMachineUpdater: Took a snapshot at index 0
2025-07-14 15:00:07,983 [9eaddddd-9b57-463b-ae7a-e3a77c744c69@group-92AAB85E7561-StateMachineUpdater] INFO  impl.StateMachineUpdater (StateMachineUpdater.java:lambda$new$0(101)) - 9eaddddd-9b57-463b-ae7a-e3a77c744c69@group-92AAB85E7561-StateMachineUpdater: snapshotIndex: updateIncreasingly -1 -> 0
2025-07-14 15:00:08,264 [52f0bf1a-a22c-4dfc-83f0-dd23f5b60a86-CloseContainerThread-0] WARN  keyvalue.KeyValueHandler (KeyValueHandler.java:updateAndGetContainerChecksum(1451)) - Container data checksum updated from 0 to 1bdd5b56
2025-07-14 15:00:08,265 [52f0bf1a-a22c-4dfc-83f0-dd23f5b60a86-CloseContainerThread-0] INFO  keyvalue.KeyValueContainer (KeyValueContainer.java:flushAndSyncDB(514)) - Synced container: KeyValueContainerData #1 (CLOSING, non-empty, ri=0, origin=[dn_52f0bf1a-a22c-4dfc-83f0-dd23f5b60a86, pipeline_955d2a46-e184-48bd-86c8-b771f555dc8d])
2025-07-14 15:00:08,265 [52f0bf1a-a22c-4dfc-83f0-dd23f5b60a86-CloseContainerThread-0] INFO  keyvalue.KeyValueContainer (KeyValueContainer.java:flushAndSyncDB(514)) - Synced container: KeyValueContainerData #1 (CLOSING, non-empty, ri=0, origin=[dn_52f0bf1a-a22c-4dfc-83f0-dd23f5b60a86, pipeline_955d2a46-e184-48bd-86c8-b771f555dc8d])
2025-07-14 15:00:08,270 [52f0bf1a-a22c-4dfc-83f0-dd23f5b60a86-CloseContainerThread-0] INFO  commandhandler.CloseContainerCommandHandler (CloseContainerCommandHandler.java:lambda$handle$0(135)) - Marking Container 1 quasi closed
2025-07-14 15:00:08,545 [b5acb6b3-ef2b-41db-9bfa-77a47d0ca582@group-25EDCEF96557-StateMachineUpdater] INFO  ratis.ContainerStateMachine (ContainerStateMachine.java:takeSnapshot(427)) - group-25EDCEF96557: Taking a snapshot at:(t:1, i:0) file /home/runner/work/ozone/ozone/hadoop-ozone/integration-test/target/test-dir/MiniOzoneClusterImpl-aaa7dc72-7fbf-48e0-acc5-129182712624/ozone-meta/datanode-3/ratis/1f04c3d8-3493-4c0a-ae6a-25edcef96557/sm/snapshot.1_0
2025-07-14 15:00:08,546 [0f2a098c-ed74-48ca-a55f-ceee6161c687@group-25EDCEF96557-StateMachineUpdater] INFO  ratis.ContainerStateMachine (ContainerStateMachine.java:takeSnapshot(427)) - group-25EDCEF96557: Taking a snapshot at:(t:1, i:0) file /home/runner/work/ozone/ozone/hadoop-ozone/integration-test/target/test-dir/MiniOzoneClusterImpl-aaa7dc72-7fbf-48e0-acc5-129182712624/ozone-meta/datanode-2/ratis/1f04c3d8-3493-4c0a-ae6a-25edcef96557/sm/snapshot.1_0
2025-07-14 15:00:08,546 [b5acb6b3-ef2b-41db-9bfa-77a47d0ca582@group-25EDCEF96557-StateMachineUpdater] INFO  ratis.ContainerStateMachine (ContainerStateMachine.java:takeSnapshot(436)) - group-25EDCEF96557: Finished taking a snapshot at:(t:1, i:0) file:/home/runner/work/ozone/ozone/hadoop-ozone/integration-test/target/test-dir/MiniOzoneClusterImpl-aaa7dc72-7fbf-48e0-acc5-129182712624/ozone-meta/datanode-3/ratis/1f04c3d8-3493-4c0a-ae6a-25edcef96557/sm/snapshot.1_0 took: 1 ms
2025-07-14 15:00:08,547 [b5acb6b3-ef2b-41db-9bfa-77a47d0ca582@group-25EDCEF96557-StateMachineUpdater] INFO  impl.StateMachineUpdater (StateMachineUpdater.java:takeSnapshot(307)) - b5acb6b3-ef2b-41db-9bfa-77a47d0ca582@group-25EDCEF96557-StateMachineUpdater: Took a snapshot at index 0
2025-07-14 15:00:08,547 [0f2a098c-ed74-48ca-a55f-ceee6161c687@group-25EDCEF96557-StateMachineUpdater] INFO  ratis.ContainerStateMachine (ContainerStateMachine.java:takeSnapshot(436)) - group-25EDCEF96557: Finished taking a snapshot at:(t:1, i:0) file:/home/runner/work/ozone/ozone/hadoop-ozone/integration-test/target/test-dir/MiniOzoneClusterImpl-aaa7dc72-7fbf-48e0-acc5-129182712624/ozone-meta/datanode-2/ratis/1f04c3d8-3493-4c0a-ae6a-25edcef96557/sm/snapshot.1_0 took: 1 ms
2025-07-14 15:00:08,547 [b5acb6b3-ef2b-41db-9bfa-77a47d0ca582@group-25EDCEF96557-StateMachineUpdater] INFO  impl.StateMachineUpdater (StateMachineUpdater.java:lambda$new$0(101)) - b5acb6b3-ef2b-41db-9bfa-77a47d0ca582@group-25EDCEF96557-StateMachineUpdater: snapshotIndex: updateIncreasingly -1 -> 0
2025-07-14 15:00:08,547 [0f2a098c-ed74-48ca-a55f-ceee6161c687@group-25EDCEF96557-StateMachineUpdater] INFO  impl.StateMachineUpdater (StateMachineUpdater.java:takeSnapshot(307)) - 0f2a098c-ed74-48ca-a55f-ceee6161c687@group-25EDCEF96557-StateMachineUpdater: Took a snapshot at index 0
2025-07-14 15:00:08,547 [0f2a098c-ed74-48ca-a55f-ceee6161c687@group-25EDCEF96557-StateMachineUpdater] INFO  impl.StateMachineUpdater (StateMachineUpdater.java:lambda$new$0(101)) - 0f2a098c-ed74-48ca-a55f-ceee6161c687@group-25EDCEF96557-StateMachineUpdater: snapshotIndex: updateIncreasingly -1 -> 0
2025-07-14 15:00:08,685 [a505560f-c589-4eb5-89aa-a89970ae9358-CloseContainerThread-0] WARN  keyvalue.KeyValueHandler (KeyValueHandler.java:updateAndGetContainerChecksum(1451)) - Container data checksum updated from 0 to 1bdd5b56
2025-07-14 15:00:08,686 [a505560f-c589-4eb5-89aa-a89970ae9358-CloseContainerThread-0] INFO  keyvalue.KeyValueContainer (KeyValueContainer.java:flushAndSyncDB(514)) - Synced container: KeyValueContainerData #1 (CLOSING, non-empty, ri=0, origin=[dn_a505560f-c589-4eb5-89aa-a89970ae9358, pipeline_955d2a46-e184-48bd-86c8-b771f555dc8d])
2025-07-14 15:00:08,686 [a505560f-c589-4eb5-89aa-a89970ae9358-CloseContainerThread-0] INFO  keyvalue.KeyValueContainer (KeyValueContainer.java:flushAndSyncDB(514)) - Synced container: KeyValueContainerData #1 (CLOSING, non-empty, ri=0, origin=[dn_a505560f-c589-4eb5-89aa-a89970ae9358, pipeline_955d2a46-e184-48bd-86c8-b771f555dc8d])
2025-07-14 15:00:08,691 [a505560f-c589-4eb5-89aa-a89970ae9358-CloseContainerThread-0] INFO  commandhandler.CloseContainerCommandHandler (CloseContainerCommandHandler.java:lambda$handle$0(135)) - Marking Container 1 quasi closed
2025-07-14 15:00:08,880 [311b5faf-4d73-479d-9d03-a3296c64f810@group-A15D2AD9FF5A-StateMachineUpdater] INFO  ratis.ContainerStateMachine (ContainerStateMachine.java:takeSnapshot(427)) - group-A15D2AD9FF5A: Taking a snapshot at:(t:1, i:0) file /home/runner/work/ozone/ozone/hadoop-ozone/integration-test/target/test-dir/MiniOzoneClusterImpl-aaa7dc72-7fbf-48e0-acc5-129182712624/ozone-meta/datanode-1/ratis/b5e3c89b-aaaa-44fc-9b61-a15d2ad9ff5a/sm/snapshot.1_0
2025-07-14 15:00:08,880 [311b5faf-4d73-479d-9d03-a3296c64f810@group-A15D2AD9FF5A-StateMachineUpdater] INFO  ratis.ContainerStateMachine (ContainerStateMachine.java:takeSnapshot(436)) - group-A15D2AD9FF5A: Finished taking a snapshot at:(t:1, i:0) file:/home/runner/work/ozone/ozone/hadoop-ozone/integration-test/target/test-dir/MiniOzoneClusterImpl-aaa7dc72-7fbf-48e0-acc5-129182712624/ozone-meta/datanode-1/ratis/b5e3c89b-aaaa-44fc-9b61-a15d2ad9ff5a/sm/snapshot.1_0 took: 1 ms
2025-07-14 15:00:08,880 [311b5faf-4d73-479d-9d03-a3296c64f810@group-A15D2AD9FF5A-StateMachineUpdater] INFO  impl.StateMachineUpdater (StateMachineUpdater.java:takeSnapshot(307)) - 311b5faf-4d73-479d-9d03-a3296c64f810@group-A15D2AD9FF5A-StateMachineUpdater: Took a snapshot at index 0
2025-07-14 15:00:08,881 [311b5faf-4d73-479d-9d03-a3296c64f810@group-A15D2AD9FF5A-StateMachineUpdater] INFO  impl.StateMachineUpdater (StateMachineUpdater.java:lambda$new$0(101)) - 311b5faf-4d73-479d-9d03-a3296c64f810@group-A15D2AD9FF5A-StateMachineUpdater: snapshotIndex: updateIncreasingly -1 -> 0
2025-07-14 15:00:08,892 [b5acb6b3-ef2b-41db-9bfa-77a47d0ca582@group-A15D2AD9FF5A-StateMachineUpdater] INFO  ratis.ContainerStateMachine (ContainerStateMachine.java:takeSnapshot(427)) - group-A15D2AD9FF5A: Taking a snapshot at:(t:1, i:0) file /home/runner/work/ozone/ozone/hadoop-ozone/integration-test/target/test-dir/MiniOzoneClusterImpl-aaa7dc72-7fbf-48e0-acc5-129182712624/ozone-meta/datanode-3/ratis/b5e3c89b-aaaa-44fc-9b61-a15d2ad9ff5a/sm/snapshot.1_0
2025-07-14 15:00:08,893 [b5acb6b3-ef2b-41db-9bfa-77a47d0ca582@group-A15D2AD9FF5A-StateMachineUpdater] INFO  ratis.ContainerStateMachine (ContainerStateMachine.java:takeSnapshot(436)) - group-A15D2AD9FF5A: Finished taking a snapshot at:(t:1, i:0) file:/home/runner/work/ozone/ozone/hadoop-ozone/integration-test/target/test-dir/MiniOzoneClusterImpl-aaa7dc72-7fbf-48e0-acc5-129182712624/ozone-meta/datanode-3/ratis/b5e3c89b-aaaa-44fc-9b61-a15d2ad9ff5a/sm/snapshot.1_0 took: 0 ms
2025-07-14 15:00:08,893 [b5acb6b3-ef2b-41db-9bfa-77a47d0ca582@group-A15D2AD9FF5A-StateMachineUpdater] INFO  impl.StateMachineUpdater (StateMachineUpdater.java:takeSnapshot(307)) - b5acb6b3-ef2b-41db-9bfa-77a47d0ca582@group-A15D2AD9FF5A-StateMachineUpdater: Took a snapshot at index 0
2025-07-14 15:00:08,893 [b5acb6b3-ef2b-41db-9bfa-77a47d0ca582@group-A15D2AD9FF5A-StateMachineUpdater] INFO  impl.StateMachineUpdater (StateMachineUpdater.java:lambda$new$0(101)) - b5acb6b3-ef2b-41db-9bfa-77a47d0ca582@group-A15D2AD9FF5A-StateMachineUpdater: snapshotIndex: updateIncreasingly -1 -> 0
2025-07-14 15:00:09,211 [a505560f-c589-4eb5-89aa-a89970ae9358@group-66EA1A40B3A7-StateMachineUpdater] INFO  ratis.ContainerStateMachine (ContainerStateMachine.java:takeSnapshot(427)) - group-66EA1A40B3A7: Taking a snapshot at:(t:1, i:0) file /home/runner/work/ozone/ozone/hadoop-ozone/integration-test/target/test-dir/MiniOzoneClusterImpl-aaa7dc72-7fbf-48e0-acc5-129182712624/ozone-meta/datanode-4/ratis/a63a7d38-be8c-449b-928f-66ea1a40b3a7/sm/snapshot.1_0
2025-07-14 15:00:09,212 [a505560f-c589-4eb5-89aa-a89970ae9358@group-66EA1A40B3A7-StateMachineUpdater] INFO  ratis.ContainerStateMachine (ContainerStateMachine.java:takeSnapshot(436)) - group-66EA1A40B3A7: Finished taking a snapshot at:(t:1, i:0) file:/home/runner/work/ozone/ozone/hadoop-ozone/integration-test/target/test-dir/MiniOzoneClusterImpl-aaa7dc72-7fbf-48e0-acc5-129182712624/ozone-meta/datanode-4/ratis/a63a7d38-be8c-449b-928f-66ea1a40b3a7/sm/snapshot.1_0 took: 0 ms
2025-07-14 15:00:09,212 [a505560f-c589-4eb5-89aa-a89970ae9358@group-66EA1A40B3A7-StateMachineUpdater] INFO  impl.StateMachineUpdater (StateMachineUpdater.java:takeSnapshot(307)) - a505560f-c589-4eb5-89aa-a89970ae9358@group-66EA1A40B3A7-StateMachineUpdater: Took a snapshot at index 0
2025-07-14 15:00:09,212 [a505560f-c589-4eb5-89aa-a89970ae9358@group-66EA1A40B3A7-StateMachineUpdater] INFO  impl.StateMachineUpdater (StateMachineUpdater.java:lambda$new$0(101)) - a505560f-c589-4eb5-89aa-a89970ae9358@group-66EA1A40B3A7-StateMachineUpdater: snapshotIndex: updateIncreasingly -1 -> 0
2025-07-14 15:00:09,212 [77d16558-8a68-4655-9235-107e22ba3c38@group-66EA1A40B3A7-StateMachineUpdater] INFO  ratis.ContainerStateMachine (ContainerStateMachine.java:takeSnapshot(427)) - group-66EA1A40B3A7: Taking a snapshot at:(t:1, i:0) file /home/runner/work/ozone/ozone/hadoop-ozone/integration-test/target/test-dir/MiniOzoneClusterImpl-aaa7dc72-7fbf-48e0-acc5-129182712624/ozone-meta/datanode-5/ratis/a63a7d38-be8c-449b-928f-66ea1a40b3a7/sm/snapshot.1_0
2025-07-14 15:00:09,213 [77d16558-8a68-4655-9235-107e22ba3c38@group-66EA1A40B3A7-StateMachineUpdater] INFO  ratis.ContainerStateMachine (ContainerStateMachine.java:takeSnapshot(436)) - group-66EA1A40B3A7: Finished taking a snapshot at:(t:1, i:0) file:/home/runner/work/ozone/ozone/hadoop-ozone/integration-test/target/test-dir/MiniOzoneClusterImpl-aaa7dc72-7fbf-48e0-acc5-129182712624/ozone-meta/datanode-5/ratis/a63a7d38-be8c-449b-928f-66ea1a40b3a7/sm/snapshot.1_0 took: 0 ms
2025-07-14 15:00:09,213 [77d16558-8a68-4655-9235-107e22ba3c38@group-66EA1A40B3A7-StateMachineUpdater] INFO  impl.StateMachineUpdater (StateMachineUpdater.java:takeSnapshot(307)) - 77d16558-8a68-4655-9235-107e22ba3c38@group-66EA1A40B3A7-StateMachineUpdater: Took a snapshot at index 0
2025-07-14 15:00:09,213 [77d16558-8a68-4655-9235-107e22ba3c38@group-66EA1A40B3A7-StateMachineUpdater] INFO  impl.StateMachineUpdater (StateMachineUpdater.java:lambda$new$0(101)) - 77d16558-8a68-4655-9235-107e22ba3c38@group-66EA1A40B3A7-StateMachineUpdater: snapshotIndex: updateIncreasingly -1 -> 0
2025-07-14T15:00:09.587796473Z a505560f-c589-4eb5-89aa-a89970ae9358-client-thread1 ERROR user=null | ip=null | op=PUT_BLOCK {blockData=[blockId=conID: 1 locID: 115816896921600001 bcsId: 0 replicaIndex: null, size=5]} | ret=FAILURE
org.apache.hadoop.hdds.scm.container.common.helpers.ContainerNotOpenException: Container 1 in QUASI_CLOSED state
	at org.apache.hadoop.ozone.container.common.impl.HddsDispatcher.validateContainerCommand(HddsDispatcher.java:580)
	at org.apache.hadoop.ozone.container.common.transport.server.ratis.ContainerStateMachine.startTransaction(ContainerStateMachine.java:488)
	at org.apache.ratis.server.impl.RaftServerImpl.writeAsyncImpl(RaftServerImpl.java:987)
	at org.apache.ratis.server.impl.RaftServerImpl.writeAsync(RaftServerImpl.java:960)
	at org.apache.ratis.server.impl.RaftServerImpl.replyFuture(RaftServerImpl.java:953)
	at org.apache.ratis.server.impl.RaftServerImpl.submitClientRequestAsync(RaftServerImpl.java:930)
	at org.apache.ratis.server.impl.RaftServerImpl.lambda$null$11(RaftServerImpl.java:919)
	at org.apache.ratis.util.JavaUtils.callAsUnchecked(JavaUtils.java:118)
	at org.apache.ratis.server.impl.RaftServerImpl.lambda$executeSubmitClientRequestAsync$12(RaftServerImpl.java:919)
	at java.base/java.util.concurrent.CompletableFuture$AsyncSupply.run(CompletableFuture.java:1768)
	at java.base/java.util.concurrent.ThreadPoolExecutor.runWorker(ThreadPoolExecutor.java:1144)
	at java.base/java.util.concurrent.ThreadPoolExecutor$Worker.run(ThreadPoolExecutor.java:642)
	at java.base/java.lang.Thread.run(Thread.java:1583)
2025-07-14 15:00:09,621 [grpc-default-executor-2] ERROR impl.OrderedAsync (OrderedAsync.java:lambda$send$4(181)) - Failed to send request, message=cmdType: PutBlock
traceID: ""
containerID: 1
datanodeUuid: "a505560f-c589-4eb5-89aa-a89970ae9358"
putBlock {
  blockData {
    blockID {
      containerID: 1
      localID: 115816896921600001
      blockCommitSequenceId: 0
    }
    metadata {
      key: "TYPE"
      value: "KEY"
    }
    chunks {
      chunkName: "115816896921600001_chunk_1"
      offset: 0
      len: 5
      checksumData {
        type: CRC32
        bytesPerChecksum: 16384
        checksums: "\350a\3440"
      }
    }
  }
  eof: true
}
version: 3
, data.size=0
java.util.concurrent.CompletionException: org.apache.ratis.protocol.exceptions.StateMachineException: org.apache.hadoop.hdds.scm.container.common.helpers.ContainerNotOpenException from Server a505560f-c589-4eb5-89aa-a89970ae9358@group-B771F555DC8D: Container 1 in QUASI_CLOSED state
	at org.apache.ratis.client.impl.RaftClientImpl.handleRaftException(RaftClientImpl.java:373)
	at org.apache.ratis.client.impl.OrderedAsync.lambda$send$3(OrderedAsync.java:175)
	at java.base/java.util.concurrent.CompletableFuture$UniApply.tryFire(CompletableFuture.java:646)
	at java.base/java.util.concurrent.CompletableFuture.postComplete(CompletableFuture.java:510)
	at java.base/java.util.concurrent.CompletableFuture.complete(CompletableFuture.java:2179)
	at org.apache.ratis.client.impl.OrderedAsync$PendingOrderedRequest.setReply(OrderedAsync.java:105)
	at org.apache.ratis.client.impl.OrderedAsync$PendingOrderedRequest.setReply(OrderedAsync.java:66)
	at org.apache.ratis.util.SlidingWindow$RequestMap.setReply(SlidingWindow.java:147)
	at org.apache.ratis.util.SlidingWindow$Client.receiveReply(SlidingWindow.java:351)
	at org.apache.ratis.client.impl.OrderedAsync.lambda$sendRequestWithRetry$5(OrderedAsync.java:210)
	at java.base/java.util.concurrent.CompletableFuture$UniAccept.tryFire(CompletableFuture.java:718)
	at java.base/java.util.concurrent.CompletableFuture.postComplete(CompletableFuture.java:510)
	at java.base/java.util.concurrent.CompletableFuture.complete(CompletableFuture.java:2179)
	at org.apache.ratis.grpc.client.GrpcClientProtocolClient$AsyncStreamObservers$1.lambda$onNext$0(GrpcClientProtocolClient.java:325)
	at java.base/java.util.Optional.ifPresent(Optional.java:178)
	at org.apache.ratis.grpc.client.GrpcClientProtocolClient$AsyncStreamObservers.handleReplyFuture(GrpcClientProtocolClient.java:381)
	at org.apache.ratis.grpc.client.GrpcClientProtocolClient$AsyncStreamObservers.access$100(GrpcClientProtocolClient.java:303)
	at org.apache.ratis.grpc.client.GrpcClientProtocolClient$AsyncStreamObservers$1.onNext(GrpcClientProtocolClient.java:325)
	at org.apache.ratis.grpc.client.GrpcClientProtocolClient$AsyncStreamObservers$1.onNext(GrpcClientProtocolClient.java:308)
	at org.apache.ratis.thirdparty.io.grpc.stub.ClientCalls$StreamObserverToCallListenerAdapter.onMessage(ClientCalls.java:551)
	at org.apache.ratis.thirdparty.io.grpc.ForwardingClientCallListener.onMessage(ForwardingClientCallListener.java:33)
	at org.apache.ratis.thirdparty.io.grpc.internal.DelayedClientCall$DelayedListener.onMessage(DelayedClientCall.java:473)
	at org.apache.ratis.thirdparty.io.grpc.internal.ClientCallImpl$ClientStreamListenerImpl$1MessagesAvailable.runInternal(ClientCallImpl.java:661)
	at org.apache.ratis.thirdparty.io.grpc.internal.ClientCallImpl$ClientStreamListenerImpl$1MessagesAvailable.runInContext(ClientCallImpl.java:648)
	at org.apache.ratis.thirdparty.io.grpc.internal.ContextRunnable.run(ContextRunnable.java:37)
	at org.apache.ratis.thirdparty.io.grpc.internal.SerializingExecutor.run(SerializingExecutor.java:133)
	at java.base/java.util.concurrent.ThreadPoolExecutor.runWorker(ThreadPoolExecutor.java:1144)
	at java.base/java.util.concurrent.ThreadPoolExecutor$Worker.run(ThreadPoolExecutor.java:642)
	at java.base/java.lang.Thread.run(Thread.java:1583)
Caused by: org.apache.ratis.protocol.exceptions.StateMachineException: org.apache.hadoop.hdds.scm.container.common.helpers.ContainerNotOpenException from Server a505560f-c589-4eb5-89aa-a89970ae9358@group-B771F555DC8D: Container 1 in QUASI_CLOSED state
	at org.apache.hadoop.ozone.container.common.impl.HddsDispatcher.validateContainerCommand(HddsDispatcher.java:580)
	at org.apache.hadoop.ozone.container.common.transport.server.ratis.ContainerStateMachine.startTransaction(ContainerStateMachine.java:488)
	at org.apache.ratis.server.impl.RaftServerImpl.writeAsyncImpl(RaftServerImpl.java:987)
	at org.apache.ratis.server.impl.RaftServerImpl.writeAsync(RaftServerImpl.java:960)
	at org.apache.ratis.server.impl.RaftServerImpl.replyFuture(RaftServerImpl.java:953)
	at org.apache.ratis.server.impl.RaftServerImpl.submitClientRequestAsync(RaftServerImpl.java:930)
	at org.apache.ratis.server.impl.RaftServerImpl.lambda$null$11(RaftServerImpl.java:919)
	at org.apache.ratis.util.JavaUtils.callAsUnchecked(JavaUtils.java:118)
	at org.apache.ratis.server.impl.RaftServerImpl.lambda$executeSubmitClientRequestAsync$12(RaftServerImpl.java:919)
	at java.base/java.util.concurrent.CompletableFuture$AsyncSupply.run(CompletableFuture.java:1768)
	... 3 more
Caused by: org.apache.hadoop.hdds.scm.container.common.helpers.ContainerNotOpenException: Container 1 in QUASI_CLOSED state
	at java.base/jdk.internal.reflect.DirectConstructorHandleAccessor.newInstance(DirectConstructorHandleAccessor.java:62)
	at java.base/java.lang.reflect.Constructor.newInstanceWithCaller(Constructor.java:502)
	at java.base/java.lang.reflect.Constructor.newInstance(Constructor.java:486)
	at org.apache.ratis.util.ReflectionUtils.instantiateException(ReflectionUtils.java:265)
	at org.apache.ratis.client.impl.ClientProtoUtils.toStateMachineException(ClientProtoUtils.java:455)
	at org.apache.ratis.client.impl.ClientProtoUtils.toStateMachineException(ClientProtoUtils.java:441)
	at org.apache.ratis.client.impl.ClientProtoUtils.toRaftClientReply(ClientProtoUtils.java:408)
	at org.apache.ratis.grpc.client.GrpcClientProtocolClient$AsyncStreamObservers$1.onNext(GrpcClientProtocolClient.java:313)
	at org.apache.ratis.grpc.client.GrpcClientProtocolClient$AsyncStreamObservers$1.onNext(GrpcClientProtocolClient.java:308)
	at org.apache.ratis.thirdparty.io.grpc.stub.ClientCalls$StreamObserverToCallListenerAdapter.onMessage(ClientCalls.java:551)
	at org.apache.ratis.thirdparty.io.grpc.ForwardingClientCallListener.onMessage(ForwardingClientCallListener.java:33)
	at org.apache.ratis.thirdparty.io.grpc.internal.DelayedClientCall$DelayedListener.onMessage(DelayedClientCall.java:473)
	at org.apache.ratis.thirdparty.io.grpc.internal.ClientCallImpl$ClientStreamListenerImpl$1MessagesAvailable.runInternal(ClientCallImpl.java:661)
	at org.apache.ratis.thirdparty.io.grpc.internal.ClientCallImpl$ClientStreamListenerImpl$1MessagesAvailable.runInContext(ClientCallImpl.java:648)
	at org.apache.ratis.thirdparty.io.grpc.internal.ContextRunnable.run(ContextRunnable.java:37)
	at org.apache.ratis.thirdparty.io.grpc.internal.SerializingExecutor.run(SerializingExecutor.java:133)
	... 3 more
2025-07-14 15:00:09,623 [main] INFO  io.BlockOutputStreamEntry (BlockOutputStreamEntry.java:finishRetryHandling(141)) - BlockOutputStreamEntry:testQuasiClosed1 conID: 1 locID: 115816896921600001 bcsId: 2 replicaIndex: null: Exiting retry handling mode
]]></system-out>
  </testcase>
  <testcase name="testContainerStateMachineSingleFailureRetry" classname="org.apache.hadoop.ozone.client.rpc.TestContainerStateMachineFailures" time="8.058">
    <system-out><![CDATA[2025-07-14 15:00:09,678 [0f2a098c-ed74-48ca-a55f-ceee6161c687@group-A15D2AD9FF5A-StateMachineUpdater] INFO  ratis.ContainerStateMachine (ContainerStateMachine.java:takeSnapshot(427)) - group-A15D2AD9FF5A: Taking a snapshot at:(t:1, i:1) file /home/runner/work/ozone/ozone/hadoop-ozone/integration-test/target/test-dir/MiniOzoneClusterImpl-aaa7dc72-7fbf-48e0-acc5-129182712624/ozone-meta/datanode-2/ratis/b5e3c89b-aaaa-44fc-9b61-a15d2ad9ff5a/sm/snapshot.1_1
2025-07-14 15:00:09,679 [0f2a098c-ed74-48ca-a55f-ceee6161c687@group-A15D2AD9FF5A-StateMachineUpdater] INFO  ratis.ContainerStateMachine (ContainerStateMachine.java:takeSnapshot(436)) - group-A15D2AD9FF5A: Finished taking a snapshot at:(t:1, i:1) file:/home/runner/work/ozone/ozone/hadoop-ozone/integration-test/target/test-dir/MiniOzoneClusterImpl-aaa7dc72-7fbf-48e0-acc5-129182712624/ozone-meta/datanode-2/ratis/b5e3c89b-aaaa-44fc-9b61-a15d2ad9ff5a/sm/snapshot.1_1 took: 2 ms
2025-07-14 15:00:09,680 [0f2a098c-ed74-48ca-a55f-ceee6161c687@group-A15D2AD9FF5A-StateMachineUpdater] INFO  impl.StateMachineUpdater (StateMachineUpdater.java:takeSnapshot(307)) - 0f2a098c-ed74-48ca-a55f-ceee6161c687@group-A15D2AD9FF5A-StateMachineUpdater: Took a snapshot at index 1
2025-07-14 15:00:09,680 [0f2a098c-ed74-48ca-a55f-ceee6161c687@group-A15D2AD9FF5A-StateMachineUpdater] INFO  impl.StateMachineUpdater (StateMachineUpdater.java:lambda$new$0(101)) - 0f2a098c-ed74-48ca-a55f-ceee6161c687@group-A15D2AD9FF5A-StateMachineUpdater: snapshotIndex: updateIncreasingly 0 -> 1
2025-07-14 15:00:09,683 [311b5faf-4d73-479d-9d03-a3296c64f810@group-A15D2AD9FF5A-StateMachineUpdater] INFO  ratis.ContainerStateMachine (ContainerStateMachine.java:takeSnapshot(427)) - group-A15D2AD9FF5A: Taking a snapshot at:(t:1, i:2) file /home/runner/work/ozone/ozone/hadoop-ozone/integration-test/target/test-dir/MiniOzoneClusterImpl-aaa7dc72-7fbf-48e0-acc5-129182712624/ozone-meta/datanode-1/ratis/b5e3c89b-aaaa-44fc-9b61-a15d2ad9ff5a/sm/snapshot.1_2
2025-07-14 15:00:09,684 [311b5faf-4d73-479d-9d03-a3296c64f810@group-A15D2AD9FF5A-StateMachineUpdater] INFO  ratis.ContainerStateMachine (ContainerStateMachine.java:takeSnapshot(436)) - group-A15D2AD9FF5A: Finished taking a snapshot at:(t:1, i:2) file:/home/runner/work/ozone/ozone/hadoop-ozone/integration-test/target/test-dir/MiniOzoneClusterImpl-aaa7dc72-7fbf-48e0-acc5-129182712624/ozone-meta/datanode-1/ratis/b5e3c89b-aaaa-44fc-9b61-a15d2ad9ff5a/sm/snapshot.1_2 took: 2 ms
2025-07-14 15:00:09,684 [311b5faf-4d73-479d-9d03-a3296c64f810@group-A15D2AD9FF5A-StateMachineUpdater] INFO  impl.StateMachineUpdater (StateMachineUpdater.java:takeSnapshot(307)) - 311b5faf-4d73-479d-9d03-a3296c64f810@group-A15D2AD9FF5A-StateMachineUpdater: Took a snapshot at index 2
2025-07-14 15:00:09,684 [311b5faf-4d73-479d-9d03-a3296c64f810@group-A15D2AD9FF5A-StateMachineUpdater] INFO  impl.StateMachineUpdater (StateMachineUpdater.java:lambda$new$0(101)) - 311b5faf-4d73-479d-9d03-a3296c64f810@group-A15D2AD9FF5A-StateMachineUpdater: snapshotIndex: updateIncreasingly 0 -> 2
2025-07-14 15:00:09,686 [b5acb6b3-ef2b-41db-9bfa-77a47d0ca582@group-A15D2AD9FF5A-StateMachineUpdater] INFO  ratis.ContainerStateMachine (ContainerStateMachine.java:takeSnapshot(427)) - group-A15D2AD9FF5A: Taking a snapshot at:(t:1, i:2) file /home/runner/work/ozone/ozone/hadoop-ozone/integration-test/target/test-dir/MiniOzoneClusterImpl-aaa7dc72-7fbf-48e0-acc5-129182712624/ozone-meta/datanode-3/ratis/b5e3c89b-aaaa-44fc-9b61-a15d2ad9ff5a/sm/snapshot.1_2
2025-07-14 15:00:09,687 [b5acb6b3-ef2b-41db-9bfa-77a47d0ca582@group-A15D2AD9FF5A-StateMachineUpdater] INFO  ratis.ContainerStateMachine (ContainerStateMachine.java:takeSnapshot(436)) - group-A15D2AD9FF5A: Finished taking a snapshot at:(t:1, i:2) file:/home/runner/work/ozone/ozone/hadoop-ozone/integration-test/target/test-dir/MiniOzoneClusterImpl-aaa7dc72-7fbf-48e0-acc5-129182712624/ozone-meta/datanode-3/ratis/b5e3c89b-aaaa-44fc-9b61-a15d2ad9ff5a/sm/snapshot.1_2 took: 2 ms
2025-07-14 15:00:09,688 [b5acb6b3-ef2b-41db-9bfa-77a47d0ca582@group-A15D2AD9FF5A-StateMachineUpdater] INFO  impl.StateMachineUpdater (StateMachineUpdater.java:takeSnapshot(307)) - b5acb6b3-ef2b-41db-9bfa-77a47d0ca582@group-A15D2AD9FF5A-StateMachineUpdater: Took a snapshot at index 2
2025-07-14 15:00:09,688 [b5acb6b3-ef2b-41db-9bfa-77a47d0ca582@group-A15D2AD9FF5A-StateMachineUpdater] INFO  impl.StateMachineUpdater (StateMachineUpdater.java:lambda$new$0(101)) - b5acb6b3-ef2b-41db-9bfa-77a47d0ca582@group-A15D2AD9FF5A-StateMachineUpdater: snapshotIndex: updateIncreasingly 0 -> 2
2025-07-14 15:00:09,701 [b5acb6b3-ef2b-41db-9bfa-77a47d0ca582-ChunkWriter-2-0] ERROR helpers.ContainerUtils (ContainerUtils.java:getChunkDir(273)) - Chunks dir /home/runner/work/ozone/ozone/hadoop-ozone/integration-test/target/test-dir/MiniOzoneClusterImpl-aaa7dc72-7fbf-48e0-acc5-129182712624/ozone-meta/datanode-3/data-0/hdds/aaa7dc72-7fbf-48e0-acc5-129182712624/current/containerDir0/2/chunks does not exist
2025-07-14 15:00:09,701 [311b5faf-4d73-479d-9d03-a3296c64f810-ChunkWriter-2-0] ERROR helpers.ContainerUtils (ContainerUtils.java:getChunkDir(273)) - Chunks dir /home/runner/work/ozone/ozone/hadoop-ozone/integration-test/target/test-dir/MiniOzoneClusterImpl-aaa7dc72-7fbf-48e0-acc5-129182712624/ozone-meta/datanode-1/data-0/hdds/aaa7dc72-7fbf-48e0-acc5-129182712624/current/containerDir0/2/chunks does not exist
2025-07-14 15:00:09,701 [b5acb6b3-ef2b-41db-9bfa-77a47d0ca582-ChunkWriter-2-0] WARN  keyvalue.KeyValueHandler (ContainerUtils.java:logAndReturnError(94)) - Operation: WriteChunk , Trace ID:  , Message: Chunks directory /home/runner/work/ozone/ozone/hadoop-ozone/integration-test/target/test-dir/MiniOzoneClusterImpl-aaa7dc72-7fbf-48e0-acc5-129182712624/ozone-meta/datanode-3/data-0/hdds/aaa7dc72-7fbf-48e0-acc5-129182712624/current/containerDir0/2/chunks does not exist. , Result: UNABLE_TO_FIND_DATA_DIR , StorageContainerException Occurred.
org.apache.hadoop.hdds.scm.container.common.helpers.StorageContainerException: Chunks directory /home/runner/work/ozone/ozone/hadoop-ozone/integration-test/target/test-dir/MiniOzoneClusterImpl-aaa7dc72-7fbf-48e0-acc5-129182712624/ozone-meta/datanode-3/data-0/hdds/aaa7dc72-7fbf-48e0-acc5-129182712624/current/containerDir0/2/chunks does not exist.
	at org.apache.hadoop.ozone.container.common.helpers.ContainerUtils.getChunkDir(ContainerUtils.java:275)
	at org.apache.hadoop.ozone.container.common.impl.ContainerLayoutVersion.getChunkFile(ContainerLayoutVersion.java:115)
	at org.apache.hadoop.ozone.container.keyvalue.impl.FilePerBlockStrategy.getChunkFile(FilePerBlockStrategy.java:300)
	at org.apache.hadoop.ozone.container.keyvalue.impl.FilePerBlockStrategy.writeChunk(FilePerBlockStrategy.java:148)
	at org.apache.hadoop.ozone.container.keyvalue.impl.ChunkManagerDispatcher.writeChunk(ChunkManagerDispatcher.java:70)
	at org.apache.hadoop.ozone.container.keyvalue.KeyValueHandler.handleWriteChunk(KeyValueHandler.java:1029)
	at org.apache.hadoop.ozone.container.keyvalue.KeyValueHandler.dispatchRequest(KeyValueHandler.java:342)
	at org.apache.hadoop.ozone.container.keyvalue.KeyValueHandler.handle(KeyValueHandler.java:293)
	at org.apache.hadoop.ozone.container.common.impl.HddsDispatcher.dispatchRequest(HddsDispatcher.java:365)
	at org.apache.hadoop.ozone.container.common.impl.HddsDispatcher.lambda$dispatch$1(HddsDispatcher.java:190)
	at org.apache.hadoop.hdds.server.OzoneProtocolMessageDispatcher.processRequest(OzoneProtocolMessageDispatcher.java:87)
	at org.apache.hadoop.ozone.container.common.impl.HddsDispatcher.dispatch(HddsDispatcher.java:189)
	at org.apache.hadoop.ozone.container.common.transport.server.ratis.ContainerStateMachine.dispatchCommand(ContainerStateMachine.java:567)
	at org.apache.hadoop.ozone.container.common.transport.server.ratis.ContainerStateMachine.lambda$writeStateMachineData$2(ContainerStateMachine.java:622)
	at java.base/java.util.concurrent.FutureTask.run(FutureTask.java:317)
	at java.base/java.util.concurrent.ThreadPoolExecutor.runWorker(ThreadPoolExecutor.java:1144)
	at java.base/java.util.concurrent.ThreadPoolExecutor$Worker.run(ThreadPoolExecutor.java:642)
	at java.base/java.lang.Thread.run(Thread.java:1583)
2025-07-14 15:00:09,701 [311b5faf-4d73-479d-9d03-a3296c64f810-ChunkWriter-2-0] WARN  keyvalue.KeyValueHandler (ContainerUtils.java:logAndReturnError(94)) - Operation: WriteChunk , Trace ID:  , Message: Chunks directory /home/runner/work/ozone/ozone/hadoop-ozone/integration-test/target/test-dir/MiniOzoneClusterImpl-aaa7dc72-7fbf-48e0-acc5-129182712624/ozone-meta/datanode-1/data-0/hdds/aaa7dc72-7fbf-48e0-acc5-129182712624/current/containerDir0/2/chunks does not exist. , Result: UNABLE_TO_FIND_DATA_DIR , StorageContainerException Occurred.
org.apache.hadoop.hdds.scm.container.common.helpers.StorageContainerException: Chunks directory /home/runner/work/ozone/ozone/hadoop-ozone/integration-test/target/test-dir/MiniOzoneClusterImpl-aaa7dc72-7fbf-48e0-acc5-129182712624/ozone-meta/datanode-1/data-0/hdds/aaa7dc72-7fbf-48e0-acc5-129182712624/current/containerDir0/2/chunks does not exist.
	at org.apache.hadoop.ozone.container.common.helpers.ContainerUtils.getChunkDir(ContainerUtils.java:275)
	at org.apache.hadoop.ozone.container.common.impl.ContainerLayoutVersion.getChunkFile(ContainerLayoutVersion.java:115)
	at org.apache.hadoop.ozone.container.keyvalue.impl.FilePerBlockStrategy.getChunkFile(FilePerBlockStrategy.java:300)
	at org.apache.hadoop.ozone.container.keyvalue.impl.FilePerBlockStrategy.writeChunk(FilePerBlockStrategy.java:148)
	at org.apache.hadoop.ozone.container.keyvalue.impl.ChunkManagerDispatcher.writeChunk(ChunkManagerDispatcher.java:70)
	at org.apache.hadoop.ozone.container.keyvalue.KeyValueHandler.handleWriteChunk(KeyValueHandler.java:1029)
	at org.apache.hadoop.ozone.container.keyvalue.KeyValueHandler.dispatchRequest(KeyValueHandler.java:342)
	at org.apache.hadoop.ozone.container.keyvalue.KeyValueHandler.handle(KeyValueHandler.java:293)
	at org.apache.hadoop.ozone.container.common.impl.HddsDispatcher.dispatchRequest(HddsDispatcher.java:365)
	at org.apache.hadoop.ozone.container.common.impl.HddsDispatcher.lambda$dispatch$1(HddsDispatcher.java:190)
	at org.apache.hadoop.hdds.server.OzoneProtocolMessageDispatcher.processRequest(OzoneProtocolMessageDispatcher.java:87)
	at org.apache.hadoop.ozone.container.common.impl.HddsDispatcher.dispatch(HddsDispatcher.java:189)
	at org.apache.hadoop.ozone.container.common.transport.server.ratis.ContainerStateMachine.dispatchCommand(ContainerStateMachine.java:567)
	at org.apache.hadoop.ozone.container.common.transport.server.ratis.ContainerStateMachine.lambda$writeStateMachineData$2(ContainerStateMachine.java:622)
	at java.base/java.util.concurrent.FutureTask.run(FutureTask.java:317)
	at java.base/java.util.concurrent.ThreadPoolExecutor.runWorker(ThreadPoolExecutor.java:1144)
	at java.base/java.util.concurrent.ThreadPoolExecutor$Worker.run(ThreadPoolExecutor.java:642)
	at java.base/java.lang.Thread.run(Thread.java:1583)
2025-07-14 15:00:09,711 [b5acb6b3-ef2b-41db-9bfa-77a47d0ca582-ChunkWriter-2-0] WARN  keyvalue.KeyValueContainer (KeyValueContainer.java:markContainerUnhealthy(397)) - Marked container UNHEALTHY from OPEN: KeyValueContainerData #2 (UNHEALTHY, non-empty, ri=0, origin=[dn_b5acb6b3-ef2b-41db-9bfa-77a47d0ca582, pipeline_b5e3c89b-aaaa-44fc-9b61-a15d2ad9ff5a])
2025-07-14 15:00:09,712 [311b5faf-4d73-479d-9d03-a3296c64f810-ChunkWriter-2-0] WARN  keyvalue.KeyValueContainer (KeyValueContainer.java:markContainerUnhealthy(397)) - Marked container UNHEALTHY from OPEN: KeyValueContainerData #2 (UNHEALTHY, non-empty, ri=0, origin=[dn_311b5faf-4d73-479d-9d03-a3296c64f810, pipeline_b5e3c89b-aaaa-44fc-9b61-a15d2ad9ff5a])
2025-07-14 15:00:09,712 [b5acb6b3-ef2b-41db-9bfa-77a47d0ca582-ChunkWriter-2-0] WARN  keyvalue.KeyValueHandler (KeyValueHandler.java:updateAndGetContainerChecksum(1451)) - Container data checksum updated from 0 to 1bdd5b56
2025-07-14 15:00:09,713 [311b5faf-4d73-479d-9d03-a3296c64f810-ChunkWriter-2-0] WARN  keyvalue.KeyValueHandler (KeyValueHandler.java:updateAndGetContainerChecksum(1451)) - Container data checksum updated from 0 to 1bdd5b56
2025-07-14T15:00:09.713954787Z b5acb6b3-ef2b-41db-9bfa-77a47d0ca582-ChunkWriter-2-0 ERROR ID=2 | Index=0 | BCSID=2 | State=UNHEALTHY | Volume=/home/runner/work/ozone/ozone/hadoop-ozone/integration-test/target/test-dir/MiniOzoneClusterImpl-aaa7dc72-7fbf-48e0-acc5-129182712624/ozone-meta/datanode-3/data-0/hdds | DataChecksum=1bdd5b56 | Container has 1 error: WRITE_FAILURE for file /home/runner/work/ozone/ozone/hadoop-ozone/integration-test/target/test-dir/MiniOzoneClusterImpl-aaa7dc72-7fbf-48e0-acc5-129182712624/ozone-meta/datanode-3/data-0/hdds/aaa7dc72-7fbf-48e0-acc5-129182712624/current/containerDir0/2 with exception: org.apache.hadoop.hdds.scm.container.common.helpers.StorageContainerException2025-07-14 15:00:09,714 [b5acb6b3-ef2b-41db-9bfa-77a47d0ca582-ChunkWriter-2-0] INFO  impl.HddsDispatcher (HddsDispatcher.java:dispatchRequest(411)) - Marked Container UNHEALTHY, ContainerID: 2
2025-07-14T15:00:09.714477421Z 311b5faf-4d73-479d-9d03-a3296c64f810-ChunkWriter-2-0 ERROR ID=2 | Index=0 | BCSID=2 | State=UNHEALTHY | Volume=/home/runner/work/ozone/ozone/hadoop-ozone/integration-test/target/test-dir/MiniOzoneClusterImpl-aaa7dc72-7fbf-48e0-acc5-129182712624/ozone-meta/datanode-1/data-0/hdds | DataChecksum=1bdd5b56 | Container has 1 error: WRITE_FAILURE for file /home/runner/work/ozone/ozone/hadoop-ozone/integration-test/target/test-dir/MiniOzoneClusterImpl-aaa7dc72-7fbf-48e0-acc5-129182712624/ozone-meta/datanode-1/data-0/hdds/aaa7dc72-7fbf-48e0-acc5-129182712624/current/containerDir0/2 with exception: org.apache.hadoop.hdds.scm.container.common.helpers.StorageContainerException2025-07-14 15:00:09,714 [311b5faf-4d73-479d-9d03-a3296c64f810-ChunkWriter-2-0] INFO  impl.HddsDispatcher (HddsDispatcher.java:dispatchRequest(411)) - Marked Container UNHEALTHY, ContainerID: 2
2025-07-14 15:00:09,716 [FixedThreadPoolWithAffinityExecutor-8-0] INFO  container.IncrementalContainerReportHandler (AbstractContainerReportHandler.java:updateContainerState(253)) - FINALIZE (i.e. CLOSING) Container #2 (OPEN, sid=0) r0 (UNHEALTHY, bcsid=2, origin=b5acb6b3-ef2b-41db-9bfa-77a47d0ca582, non-empty) from dn b5acb6b3-ef2b-41db-9bfa-77a47d0ca582(localhost/127.0.0.1)
2025-07-14T15:00:09.722036537Z 311b5faf-4d73-479d-9d03-a3296c64f810-ChunkWriter-2-0 ERROR user=null | ip=null | op=WRITE_CHUNK {blockData=conID: 2 locID: 115816896921600002 bcsId: 2 replicaIndex: 0, offset=5, size=10, stage=WRITE_DATA} | ret=FAILURE
java.lang.Exception: Chunks directory /home/runner/work/ozone/ozone/hadoop-ozone/integration-test/target/test-dir/MiniOzoneClusterImpl-aaa7dc72-7fbf-48e0-acc5-129182712624/ozone-meta/datanode-1/data-0/hdds/aaa7dc72-7fbf-48e0-acc5-129182712624/current/containerDir0/2/chunks does not exist.
	at org.apache.hadoop.ozone.container.common.impl.HddsDispatcher.dispatchRequest(HddsDispatcher.java:439)
	at org.apache.hadoop.ozone.container.common.impl.HddsDispatcher.lambda$dispatch$1(HddsDispatcher.java:190)
	at org.apache.hadoop.hdds.server.OzoneProtocolMessageDispatcher.processRequest(OzoneProtocolMessageDispatcher.java:87)
	at org.apache.hadoop.ozone.container.common.impl.HddsDispatcher.dispatch(HddsDispatcher.java:189)
	at org.apache.hadoop.ozone.container.common.transport.server.ratis.ContainerStateMachine.dispatchCommand(ContainerStateMachine.java:567)
	at org.apache.hadoop.ozone.container.common.transport.server.ratis.ContainerStateMachine.lambda$writeStateMachineData$2(ContainerStateMachine.java:622)
	at java.base/java.util.concurrent.FutureTask.run(FutureTask.java:317)
	at java.base/java.util.concurrent.ThreadPoolExecutor.runWorker(ThreadPoolExecutor.java:1144)
	at java.base/java.util.concurrent.ThreadPoolExecutor$Worker.run(ThreadPoolExecutor.java:642)
	at java.base/java.lang.Thread.run(Thread.java:1583)
2025-07-14 15:00:09,722 [311b5faf-4d73-479d-9d03-a3296c64f810-ChunkWriter-2-0] ERROR ratis.ContainerStateMachine (ContainerStateMachine.java:handleCommandResult(662)) - group-A15D2AD9FF5A: writeChunk writeStateMachineData failed: blockIdcontainerID: 2
localID: 115816896921600002
blockCommitSequenceId: 2
replicaIndex: 0
 logIndex 5 chunkName 115816896921600002_chunk_2 Error message: Chunks directory /home/runner/work/ozone/ozone/hadoop-ozone/integration-test/target/test-dir/MiniOzoneClusterImpl-aaa7dc72-7fbf-48e0-acc5-129182712624/ozone-meta/datanode-1/data-0/hdds/aaa7dc72-7fbf-48e0-acc5-129182712624/current/containerDir0/2/chunks does not exist. Container Result: UNABLE_TO_FIND_DATA_DIR
2025-07-14 15:00:09,723 [311b5faf-4d73-479d-9d03-a3296c64f810@group-A15D2AD9FF5A-SegmentedRaftLogWorker] ERROR ratis.ContainerStateMachine (ContainerStateMachine.java:notifyLogFailed(1268)) - group-A15D2AD9FF5A: (t:1, i:5) cmdType: WriteChunk traceID: "" containerID: 2 datanodeUuid: "311b5faf-4d73-479d-9d03-a3296c64f810" pipelineID: "b5e3c89b-aaaa-44fc-9b61-a15d2ad9ff5a" writeChunk { blockID { containerID: 2 localID: 115816896921600002 blockCommitSequenceId: 2 replicaIndex: 0 } chunkData { chunkName: "115816896921600002_chunk_2" offset: 5 len: 10 checksumData { type: CRC32 bytesPerChecksum: 16384 checksums: "\317\357R*" } } } version: 3, container path=/home/runner/work/ozone/ozone/hadoop-ozone/integration-test/target/test-dir/MiniOzoneClusterImpl-aaa7dc72-7fbf-48e0-acc5-129182712624/ozone-meta/datanode-1/data-0/hdds/aaa7dc72-7fbf-48e0-acc5-129182712624/current/containerDir0/2
org.apache.hadoop.hdds.scm.container.common.helpers.StorageContainerException: Chunks directory /home/runner/work/ozone/ozone/hadoop-ozone/integration-test/target/test-dir/MiniOzoneClusterImpl-aaa7dc72-7fbf-48e0-acc5-129182712624/ozone-meta/datanode-1/data-0/hdds/aaa7dc72-7fbf-48e0-acc5-129182712624/current/containerDir0/2/chunks does not exist.
	at org.apache.hadoop.ozone.container.common.transport.server.ratis.ContainerStateMachine.handleCommandResult(ContainerStateMachine.java:661)
	at org.apache.hadoop.ozone.container.common.transport.server.ratis.ContainerStateMachine.lambda$writeStateMachineData$2(ContainerStateMachine.java:623)
	at java.base/java.util.concurrent.FutureTask.run(FutureTask.java:317)
	at java.base/java.util.concurrent.ThreadPoolExecutor.runWorker(ThreadPoolExecutor.java:1144)
	at java.base/java.util.concurrent.ThreadPoolExecutor$Worker.run(ThreadPoolExecutor.java:642)
	at java.base/java.lang.Thread.run(Thread.java:1583)
2025-07-14T15:00:09.725558324Z b5acb6b3-ef2b-41db-9bfa-77a47d0ca582-ChunkWriter-2-0 ERROR user=null | ip=null | op=WRITE_CHUNK {blockData=conID: 2 locID: 115816896921600002 bcsId: 2 replicaIndex: 0, offset=5, size=10, stage=WRITE_DATA} | ret=FAILURE
java.lang.Exception: Chunks directory /home/runner/work/ozone/ozone/hadoop-ozone/integration-test/target/test-dir/MiniOzoneClusterImpl-aaa7dc72-7fbf-48e0-acc5-129182712624/ozone-meta/datanode-3/data-0/hdds/aaa7dc72-7fbf-48e0-acc5-129182712624/current/containerDir0/2/chunks does not exist.
	at org.apache.hadoop.ozone.container.common.impl.HddsDispatcher.dispatchRequest(HddsDispatcher.java:439)
	at org.apache.hadoop.ozone.container.common.impl.HddsDispatcher.lambda$dispatch$1(HddsDispatcher.java:190)
	at org.apache.hadoop.hdds.server.OzoneProtocolMessageDispatcher.processRequest(OzoneProtocolMessageDispatcher.java:87)
	at org.apache.hadoop.ozone.container.common.impl.HddsDispatcher.dispatch(HddsDispatcher.java:189)
	at org.apache.hadoop.ozone.container.common.transport.server.ratis.ContainerStateMachine.dispatchCommand(ContainerStateMachine.java:567)
	at org.apache.hadoop.ozone.container.common.transport.server.ratis.ContainerStateMachine.lambda$writeStateMachineData$2(ContainerStateMachine.java:622)
	at java.base/java.util.concurrent.FutureTask.run(FutureTask.java:317)
	at java.base/java.util.concurrent.ThreadPoolExecutor.runWorker(ThreadPoolExecutor.java:1144)
	at java.base/java.util.concurrent.ThreadPoolExecutor$Worker.run(ThreadPoolExecutor.java:642)
	at java.base/java.lang.Thread.run(Thread.java:1583)
2025-07-14 15:00:09,725 [b5acb6b3-ef2b-41db-9bfa-77a47d0ca582-ChunkWriter-2-0] ERROR ratis.ContainerStateMachine (ContainerStateMachine.java:handleCommandResult(662)) - group-A15D2AD9FF5A: writeChunk writeStateMachineData failed: blockIdcontainerID: 2
localID: 115816896921600002
blockCommitSequenceId: 2
replicaIndex: 0
 logIndex 5 chunkName 115816896921600002_chunk_2 Error message: Chunks directory /home/runner/work/ozone/ozone/hadoop-ozone/integration-test/target/test-dir/MiniOzoneClusterImpl-aaa7dc72-7fbf-48e0-acc5-129182712624/ozone-meta/datanode-3/data-0/hdds/aaa7dc72-7fbf-48e0-acc5-129182712624/current/containerDir0/2/chunks does not exist. Container Result: UNABLE_TO_FIND_DATA_DIR
2025-07-14 15:00:09,725 [EventQueue-CloseContainerForCloseContainerEventHandler] INFO  container.CloseContainerEventHandler (CloseContainerEventHandler.java:onMessage(88)) - Close container Event triggered for container : #2, current state: CLOSING
2025-07-14 15:00:09,726 [b5acb6b3-ef2b-41db-9bfa-77a47d0ca582@group-A15D2AD9FF5A-SegmentedRaftLogWorker] ERROR ratis.ContainerStateMachine (ContainerStateMachine.java:notifyLogFailed(1268)) - group-A15D2AD9FF5A: (t:1, i:5) cmdType: WriteChunk traceID: "" containerID: 2 datanodeUuid: "311b5faf-4d73-479d-9d03-a3296c64f810" pipelineID: "b5e3c89b-aaaa-44fc-9b61-a15d2ad9ff5a" writeChunk { blockID { containerID: 2 localID: 115816896921600002 blockCommitSequenceId: 2 replicaIndex: 0 } chunkData { chunkName: "115816896921600002_chunk_2" offset: 5 len: 10 checksumData { type: CRC32 bytesPerChecksum: 16384 checksums: "\317\357R*" } } } version: 3, container path=/home/runner/work/ozone/ozone/hadoop-ozone/integration-test/target/test-dir/MiniOzoneClusterImpl-aaa7dc72-7fbf-48e0-acc5-129182712624/ozone-meta/datanode-3/data-0/hdds/aaa7dc72-7fbf-48e0-acc5-129182712624/current/containerDir0/2
org.apache.hadoop.hdds.scm.container.common.helpers.StorageContainerException: Chunks directory /home/runner/work/ozone/ozone/hadoop-ozone/integration-test/target/test-dir/MiniOzoneClusterImpl-aaa7dc72-7fbf-48e0-acc5-129182712624/ozone-meta/datanode-3/data-0/hdds/aaa7dc72-7fbf-48e0-acc5-129182712624/current/containerDir0/2/chunks does not exist.
	at org.apache.hadoop.ozone.container.common.transport.server.ratis.ContainerStateMachine.handleCommandResult(ContainerStateMachine.java:661)
	at org.apache.hadoop.ozone.container.common.transport.server.ratis.ContainerStateMachine.lambda$writeStateMachineData$2(ContainerStateMachine.java:623)
	at java.base/java.util.concurrent.FutureTask.run(FutureTask.java:317)
	at java.base/java.util.concurrent.ThreadPoolExecutor.runWorker(ThreadPoolExecutor.java:1144)
	at java.base/java.util.concurrent.ThreadPoolExecutor$Worker.run(ThreadPoolExecutor.java:642)
	at java.base/java.lang.Thread.run(Thread.java:1583)
2025-07-14 15:00:09,728 [EventQueue-CloseContainerForCloseContainerEventHandler] INFO  container.CloseContainerEventHandler (CloseContainerEventHandler.java:onMessage(88)) - Close container Event triggered for container : #2, current state: CLOSING
2025-07-14 15:00:09,735 [311b5faf-4d73-479d-9d03-a3296c64f810@group-A15D2AD9FF5A-SegmentedRaftLogWorker] WARN  ratis.XceiverServerRatis (XceiverServerRatis.java:triggerPipelineClose(758)) - pipeline Action CLOSE on pipeline Pipeline-b5e3c89b-aaaa-44fc-9b61-a15d2ad9ff5a.Reason : Chunks directory /home/runner/work/ozone/ozone/hadoop-ozone/integration-test/target/test-dir/MiniOzoneClusterImpl-aaa7dc72-7fbf-48e0-acc5-129182712624/ozone-meta/datanode-1/data-0/hdds/aaa7dc72-7fbf-48e0-acc5-129182712624/current/containerDir0/2/chunks does not exist.
2025-07-14 15:00:09,735 [b5acb6b3-ef2b-41db-9bfa-77a47d0ca582@group-A15D2AD9FF5A-SegmentedRaftLogWorker] WARN  ratis.XceiverServerRatis (XceiverServerRatis.java:triggerPipelineClose(758)) - pipeline Action CLOSE on pipeline Pipeline-b5e3c89b-aaaa-44fc-9b61-a15d2ad9ff5a.Reason : Chunks directory /home/runner/work/ozone/ozone/hadoop-ozone/integration-test/target/test-dir/MiniOzoneClusterImpl-aaa7dc72-7fbf-48e0-acc5-129182712624/ozone-meta/datanode-3/data-0/hdds/aaa7dc72-7fbf-48e0-acc5-129182712624/current/containerDir0/2/chunks does not exist.
2025-07-14 15:00:09,736 [311b5faf-4d73-479d-9d03-a3296c64f810-server-thread1] WARN  server.GrpcServerProtocolService (LogUtils.java:warn(129)) - 311b5faf-4d73-479d-9d03-a3296c64f810: Failed APPEND_ENTRIES request 0f2a098c-ed74-48ca-a55f-ceee6161c687->311b5faf-4d73-479d-9d03-a3296c64f810#11-t1,previous=(t:1, i:4),leaderCommit=4,initializing? false,entries: size=1, first=(t:1, i:5), STATEMACHINELOGENTRY, WRITE: logData.size=154, stateMachineData.size=10, logEntryProtoSerializedSize=0
java.util.concurrent.CompletionException: org.apache.hadoop.hdds.scm.container.common.helpers.StorageContainerException: Chunks directory /home/runner/work/ozone/ozone/hadoop-ozone/integration-test/target/test-dir/MiniOzoneClusterImpl-aaa7dc72-7fbf-48e0-acc5-129182712624/ozone-meta/datanode-1/data-0/hdds/aaa7dc72-7fbf-48e0-acc5-129182712624/current/containerDir0/2/chunks does not exist.
	at java.base/java.util.concurrent.CompletableFuture.encodeThrowable(CompletableFuture.java:332)
	at java.base/java.util.concurrent.CompletableFuture.completeThrowable(CompletableFuture.java:347)
	at java.base/java.util.concurrent.CompletableFuture$BiRelay.tryFire(CompletableFuture.java:1498)
	at java.base/java.util.concurrent.CompletableFuture$CoCompletion.tryFire(CompletableFuture.java:1219)
	at java.base/java.util.concurrent.CompletableFuture.postComplete(CompletableFuture.java:510)
	at java.base/java.util.concurrent.CompletableFuture.completeExceptionally(CompletableFuture.java:2194)
	at org.apache.ratis.server.raftlog.segmented.SegmentedRaftLog$Task.failed(SegmentedRaftLog.java:109)
	at org.apache.ratis.server.raftlog.segmented.SegmentedRaftLogWorker$WriteLog.failed(SegmentedRaftLogWorker.java:530)
	at org.apache.ratis.server.raftlog.segmented.SegmentedRaftLogWorker.run(SegmentedRaftLogWorker.java:326)
	at java.base/java.util.concurrent.Executors$RunnableAdapter.call(Executors.java:572)
	at java.base/java.util.concurrent.FutureTask.run(FutureTask.java:317)
	at java.base/java.util.concurrent.ThreadPoolExecutor.runWorker(ThreadPoolExecutor.java:1144)
	at java.base/java.util.concurrent.ThreadPoolExecutor$Worker.run(ThreadPoolExecutor.java:642)
	at java.base/java.lang.Thread.run(Thread.java:1583)
Caused by: org.apache.hadoop.hdds.scm.container.common.helpers.StorageContainerException: Chunks directory /home/runner/work/ozone/ozone/hadoop-ozone/integration-test/target/test-dir/MiniOzoneClusterImpl-aaa7dc72-7fbf-48e0-acc5-129182712624/ozone-meta/datanode-1/data-0/hdds/aaa7dc72-7fbf-48e0-acc5-129182712624/current/containerDir0/2/chunks does not exist.
	at org.apache.hadoop.ozone.container.common.transport.server.ratis.ContainerStateMachine.handleCommandResult(ContainerStateMachine.java:661)
	at org.apache.hadoop.ozone.container.common.transport.server.ratis.ContainerStateMachine.lambda$writeStateMachineData$2(ContainerStateMachine.java:623)
	... 4 more
2025-07-14 15:00:09,737 [b5acb6b3-ef2b-41db-9bfa-77a47d0ca582-server-thread1] WARN  server.GrpcServerProtocolService (LogUtils.java:warn(129)) - b5acb6b3-ef2b-41db-9bfa-77a47d0ca582: Failed APPEND_ENTRIES request 0f2a098c-ed74-48ca-a55f-ceee6161c687->b5acb6b3-ef2b-41db-9bfa-77a47d0ca582#13-t1,previous=(t:1, i:4),leaderCommit=4,initializing? false,entries: size=1, first=(t:1, i:5), STATEMACHINELOGENTRY, WRITE: logData.size=154, stateMachineData.size=10, logEntryProtoSerializedSize=0
java.util.concurrent.CompletionException: org.apache.hadoop.hdds.scm.container.common.helpers.StorageContainerException: Chunks directory /home/runner/work/ozone/ozone/hadoop-ozone/integration-test/target/test-dir/MiniOzoneClusterImpl-aaa7dc72-7fbf-48e0-acc5-129182712624/ozone-meta/datanode-3/data-0/hdds/aaa7dc72-7fbf-48e0-acc5-129182712624/current/containerDir0/2/chunks does not exist.
	at java.base/java.util.concurrent.CompletableFuture.encodeThrowable(CompletableFuture.java:332)
	at java.base/java.util.concurrent.CompletableFuture.completeThrowable(CompletableFuture.java:347)
	at java.base/java.util.concurrent.CompletableFuture$BiRelay.tryFire(CompletableFuture.java:1498)
	at java.base/java.util.concurrent.CompletableFuture$CoCompletion.tryFire(CompletableFuture.java:1219)
	at java.base/java.util.concurrent.CompletableFuture.postComplete(CompletableFuture.java:510)
	at java.base/java.util.concurrent.CompletableFuture.completeExceptionally(CompletableFuture.java:2194)
	at org.apache.ratis.server.raftlog.segmented.SegmentedRaftLog$Task.failed(SegmentedRaftLog.java:109)
	at org.apache.ratis.server.raftlog.segmented.SegmentedRaftLogWorker$WriteLog.failed(SegmentedRaftLogWorker.java:530)
	at org.apache.ratis.server.raftlog.segmented.SegmentedRaftLogWorker.run(SegmentedRaftLogWorker.java:326)
	at java.base/java.util.concurrent.Executors$RunnableAdapter.call(Executors.java:572)
	at java.base/java.util.concurrent.FutureTask.run(FutureTask.java:317)
	at java.base/java.util.concurrent.ThreadPoolExecutor.runWorker(ThreadPoolExecutor.java:1144)
	at java.base/java.util.concurrent.ThreadPoolExecutor$Worker.run(ThreadPoolExecutor.java:642)
	at java.base/java.lang.Thread.run(Thread.java:1583)
Caused by: org.apache.hadoop.hdds.scm.container.common.helpers.StorageContainerException: Chunks directory /home/runner/work/ozone/ozone/hadoop-ozone/integration-test/target/test-dir/MiniOzoneClusterImpl-aaa7dc72-7fbf-48e0-acc5-129182712624/ozone-meta/datanode-3/data-0/hdds/aaa7dc72-7fbf-48e0-acc5-129182712624/current/containerDir0/2/chunks does not exist.
	at org.apache.hadoop.ozone.container.common.transport.server.ratis.ContainerStateMachine.handleCommandResult(ContainerStateMachine.java:661)
	at org.apache.hadoop.ozone.container.common.transport.server.ratis.ContainerStateMachine.lambda$writeStateMachineData$2(ContainerStateMachine.java:623)
	... 4 more
2025-07-14 15:00:09,739 [311b5faf-4d73-479d-9d03-a3296c64f810-server-thread2] WARN  server.GrpcServerProtocolService (LogUtils.java:warn(129)) - 311b5faf-4d73-479d-9d03-a3296c64f810: Failed APPEND_ENTRIES request 0f2a098c-ed74-48ca-a55f-ceee6161c687->311b5faf-4d73-479d-9d03-a3296c64f810#12-t1,previous=(t:1, i:5),leaderCommit=4,initializing? false,entries: size=1, first=(t:1, i:6), STATEMACHINELOGENTRY, WRITE: logData.size=217, stateMachineData.size=0, logEntryProtoSerializedSize=0
java.util.concurrent.CompletionException: org.apache.hadoop.hdds.scm.container.common.helpers.StorageContainerException: Chunks directory /home/runner/work/ozone/ozone/hadoop-ozone/integration-test/target/test-dir/MiniOzoneClusterImpl-aaa7dc72-7fbf-48e0-acc5-129182712624/ozone-meta/datanode-1/data-0/hdds/aaa7dc72-7fbf-48e0-acc5-129182712624/current/containerDir0/2/chunks does not exist.
	at java.base/java.util.concurrent.CompletableFuture.encodeThrowable(CompletableFuture.java:332)
	at java.base/java.util.concurrent.CompletableFuture.completeThrowable(CompletableFuture.java:347)
	at java.base/java.util.concurrent.CompletableFuture$BiRelay.tryFire(CompletableFuture.java:1498)
	at java.base/java.util.concurrent.CompletableFuture$CoCompletion.tryFire(CompletableFuture.java:1219)
	at java.base/java.util.concurrent.CompletableFuture.postComplete(CompletableFuture.java:510)
	at java.base/java.util.concurrent.CompletableFuture.completeExceptionally(CompletableFuture.java:2194)
	at org.apache.ratis.server.raftlog.segmented.SegmentedRaftLog$Task.failed(SegmentedRaftLog.java:109)
	at org.apache.ratis.server.raftlog.segmented.SegmentedRaftLogWorker$WriteLog.failed(SegmentedRaftLogWorker.java:530)
	at org.apache.ratis.server.raftlog.segmented.SegmentedRaftLogWorker.run(SegmentedRaftLogWorker.java:326)
	at java.base/java.util.concurrent.Executors$RunnableAdapter.call(Executors.java:572)
	at java.base/java.util.concurrent.FutureTask.run(FutureTask.java:317)
	at java.base/java.util.concurrent.ThreadPoolExecutor.runWorker(ThreadPoolExecutor.java:1144)
	at java.base/java.util.concurrent.ThreadPoolExecutor$Worker.run(ThreadPoolExecutor.java:642)
	at java.base/java.lang.Thread.run(Thread.java:1583)
Caused by: org.apache.hadoop.hdds.scm.container.common.helpers.StorageContainerException: Chunks directory /home/runner/work/ozone/ozone/hadoop-ozone/integration-test/target/test-dir/MiniOzoneClusterImpl-aaa7dc72-7fbf-48e0-acc5-129182712624/ozone-meta/datanode-1/data-0/hdds/aaa7dc72-7fbf-48e0-acc5-129182712624/current/containerDir0/2/chunks does not exist.
	at org.apache.hadoop.ozone.container.common.transport.server.ratis.ContainerStateMachine.handleCommandResult(ContainerStateMachine.java:661)
	at org.apache.hadoop.ozone.container.common.transport.server.ratis.ContainerStateMachine.lambda$writeStateMachineData$2(ContainerStateMachine.java:623)
	... 4 more
2025-07-14 15:00:09,741 [b5acb6b3-ef2b-41db-9bfa-77a47d0ca582-server-thread2] WARN  server.GrpcServerProtocolService (LogUtils.java:warn(129)) - b5acb6b3-ef2b-41db-9bfa-77a47d0ca582: Failed APPEND_ENTRIES request 0f2a098c-ed74-48ca-a55f-ceee6161c687->b5acb6b3-ef2b-41db-9bfa-77a47d0ca582#14-t1,previous=(t:1, i:5),leaderCommit=4,initializing? false,entries: size=1, first=(t:1, i:6), STATEMACHINELOGENTRY, WRITE: logData.size=217, stateMachineData.size=0, logEntryProtoSerializedSize=0
java.util.concurrent.CompletionException: org.apache.hadoop.hdds.scm.container.common.helpers.StorageContainerException: Chunks directory /home/runner/work/ozone/ozone/hadoop-ozone/integration-test/target/test-dir/MiniOzoneClusterImpl-aaa7dc72-7fbf-48e0-acc5-129182712624/ozone-meta/datanode-3/data-0/hdds/aaa7dc72-7fbf-48e0-acc5-129182712624/current/containerDir0/2/chunks does not exist.
	at java.base/java.util.concurrent.CompletableFuture.encodeThrowable(CompletableFuture.java:332)
	at java.base/java.util.concurrent.CompletableFuture.completeThrowable(CompletableFuture.java:347)
	at java.base/java.util.concurrent.CompletableFuture$BiRelay.tryFire(CompletableFuture.java:1498)
	at java.base/java.util.concurrent.CompletableFuture$CoCompletion.tryFire(CompletableFuture.java:1219)
	at java.base/java.util.concurrent.CompletableFuture.postComplete(CompletableFuture.java:510)
	at java.base/java.util.concurrent.CompletableFuture.completeExceptionally(CompletableFuture.java:2194)
	at org.apache.ratis.server.raftlog.segmented.SegmentedRaftLog$Task.failed(SegmentedRaftLog.java:109)
	at org.apache.ratis.server.raftlog.segmented.SegmentedRaftLogWorker$WriteLog.failed(SegmentedRaftLogWorker.java:530)
	at org.apache.ratis.server.raftlog.segmented.SegmentedRaftLogWorker.run(SegmentedRaftLogWorker.java:326)
	at java.base/java.util.concurrent.Executors$RunnableAdapter.call(Executors.java:572)
	at java.base/java.util.concurrent.FutureTask.run(FutureTask.java:317)
	at java.base/java.util.concurrent.ThreadPoolExecutor.runWorker(ThreadPoolExecutor.java:1144)
	at java.base/java.util.concurrent.ThreadPoolExecutor$Worker.run(ThreadPoolExecutor.java:642)
	at java.base/java.lang.Thread.run(Thread.java:1583)
Caused by: org.apache.hadoop.hdds.scm.container.common.helpers.StorageContainerException: Chunks directory /home/runner/work/ozone/ozone/hadoop-ozone/integration-test/target/test-dir/MiniOzoneClusterImpl-aaa7dc72-7fbf-48e0-acc5-129182712624/ozone-meta/datanode-3/data-0/hdds/aaa7dc72-7fbf-48e0-acc5-129182712624/current/containerDir0/2/chunks does not exist.
	at org.apache.hadoop.ozone.container.common.transport.server.ratis.ContainerStateMachine.handleCommandResult(ContainerStateMachine.java:661)
	at org.apache.hadoop.ozone.container.common.transport.server.ratis.ContainerStateMachine.lambda$writeStateMachineData$2(ContainerStateMachine.java:623)
	... 4 more
2025-07-14 15:00:09,745 [EventQueue-PipelineActionsForPipelineActionHandler] INFO  pipeline.PipelineActionHandler (PipelineActionHandler.java:processPipelineAction(89)) - Received pipeline action CLOSE for Pipeline-b5e3c89b-aaaa-44fc-9b61-a15d2ad9ff5a from datanode b5acb6b3-ef2b-41db-9bfa-77a47d0ca582(localhost/127.0.0.1). Reason : Chunks directory /home/runner/work/ozone/ozone/hadoop-ozone/integration-test/target/test-dir/MiniOzoneClusterImpl-aaa7dc72-7fbf-48e0-acc5-129182712624/ozone-meta/datanode-3/data-0/hdds/aaa7dc72-7fbf-48e0-acc5-129182712624/current/containerDir0/2/chunks does not exist.
2025-07-14 15:00:09,746 [pool-219-thread-1] WARN  keyvalue.KeyValueHandler (KeyValueHandler.java:updateAndGetContainerChecksum(1451)) - Container data checksum updated from 1bdd5b56 to 0
2025-07-14 15:00:09,746 [pool-219-thread-1] ERROR ozoneimpl.OnDemandContainerScanner (ContainerScanHelper.java:handleUnhealthyScanResult(119)) - Corruption detected in container [2]. Marking it UNHEALTHY. Container has 1 error: MISSING_CHUNKS_DIR for file /home/runner/work/ozone/ozone/hadoop-ozone/integration-test/target/test-dir/MiniOzoneClusterImpl-aaa7dc72-7fbf-48e0-acc5-129182712624/ozone-meta/datanode-3/data-0/hdds/aaa7dc72-7fbf-48e0-acc5-129182712624/current/containerDir0/2/chunks with exception: java.io.FileNotFoundException: Chunks directory /home/runner/work/ozone/ozone/hadoop-ozone/integration-test/target/test-dir/MiniOzoneClusterImpl-aaa7dc72-7fbf-48e0-acc5-129182712624/ozone-meta/datanode-3/data-0/hdds/aaa7dc72-7fbf-48e0-acc5-129182712624/current/containerDir0/2/chunks not found.
2025-07-14 15:00:09,747 [pool-171-thread-1] WARN  keyvalue.KeyValueHandler (KeyValueHandler.java:updateAndGetContainerChecksum(1451)) - Container data checksum updated from 1bdd5b56 to 0
2025-07-14 15:00:09,747 [pool-171-thread-1] ERROR ozoneimpl.OnDemandContainerScanner (ContainerScanHelper.java:handleUnhealthyScanResult(119)) - Corruption detected in container [2]. Marking it UNHEALTHY. Container has 1 error: MISSING_CHUNKS_DIR for file /home/runner/work/ozone/ozone/hadoop-ozone/integration-test/target/test-dir/MiniOzoneClusterImpl-aaa7dc72-7fbf-48e0-acc5-129182712624/ozone-meta/datanode-1/data-0/hdds/aaa7dc72-7fbf-48e0-acc5-129182712624/current/containerDir0/2/chunks with exception: java.io.FileNotFoundException: Chunks directory /home/runner/work/ozone/ozone/hadoop-ozone/integration-test/target/test-dir/MiniOzoneClusterImpl-aaa7dc72-7fbf-48e0-acc5-129182712624/ozone-meta/datanode-1/data-0/hdds/aaa7dc72-7fbf-48e0-acc5-129182712624/current/containerDir0/2/chunks not found.
2025-07-14 15:00:09,747 [grpc-default-executor-2] WARN  server.GrpcLogAppender (LogUtils.java:warn(129)) - 0f2a098c-ed74-48ca-a55f-ceee6161c687@group-A15D2AD9FF5A->b5acb6b3-ef2b-41db-9bfa-77a47d0ca582-AppendLogResponseHandler: Failed appendEntries
org.apache.hadoop.hdds.scm.container.common.helpers.StorageContainerException: Chunks directory /home/runner/work/ozone/ozone/hadoop-ozone/integration-test/target/test-dir/MiniOzoneClusterImpl-aaa7dc72-7fbf-48e0-acc5-129182712624/ozone-meta/datanode-3/data-0/hdds/aaa7dc72-7fbf-48e0-acc5-129182712624/current/containerDir0/2/chunks does not exist.
	at org.apache.hadoop.ozone.container.common.transport.server.ratis.ContainerStateMachine.handleCommandResult(ContainerStateMachine.java:661)
	at org.apache.hadoop.ozone.container.common.transport.server.ratis.ContainerStateMachine.lambda$writeStateMachineData$2(ContainerStateMachine.java:623)
	at java.base/java.util.concurrent.FutureTask.run(FutureTask.java:317)
	at java.base/java.util.concurrent.ThreadPoolExecutor.runWorker(ThreadPoolExecutor.java:1144)
	at java.base/java.util.concurrent.ThreadPoolExecutor$Worker.run(ThreadPoolExecutor.java:642)
	at java.base/java.lang.Thread.run(Thread.java:1583)
2025-07-14 15:00:09,750 [grpc-default-executor-1] WARN  server.GrpcLogAppender (LogUtils.java:warn(129)) - 0f2a098c-ed74-48ca-a55f-ceee6161c687@group-A15D2AD9FF5A->311b5faf-4d73-479d-9d03-a3296c64f810-AppendLogResponseHandler: Failed appendEntries
org.apache.hadoop.hdds.scm.container.common.helpers.StorageContainerException: Chunks directory /home/runner/work/ozone/ozone/hadoop-ozone/integration-test/target/test-dir/MiniOzoneClusterImpl-aaa7dc72-7fbf-48e0-acc5-129182712624/ozone-meta/datanode-1/data-0/hdds/aaa7dc72-7fbf-48e0-acc5-129182712624/current/containerDir0/2/chunks does not exist.
	at org.apache.hadoop.ozone.container.common.transport.server.ratis.ContainerStateMachine.handleCommandResult(ContainerStateMachine.java:661)
	at org.apache.hadoop.ozone.container.common.transport.server.ratis.ContainerStateMachine.lambda$writeStateMachineData$2(ContainerStateMachine.java:623)
	at java.base/java.util.concurrent.FutureTask.run(FutureTask.java:317)
	at java.base/java.util.concurrent.ThreadPoolExecutor.runWorker(ThreadPoolExecutor.java:1144)
	at java.base/java.util.concurrent.ThreadPoolExecutor$Worker.run(ThreadPoolExecutor.java:642)
	at java.base/java.lang.Thread.run(Thread.java:1583)
2025-07-14 15:00:09,752 [EventQueue-PipelineActionsForPipelineActionHandler] INFO  pipeline.PipelineManagerImpl (PipelineManagerImpl.java:closePipeline(511)) - Pipeline Pipeline-b5e3c89b-aaaa-44fc-9b61-a15d2ad9ff5a moved to CLOSED state
2025-07-14 15:00:09,752 [EventQueue-PipelineActionsForPipelineActionHandler] INFO  pipeline.PipelineActionHandler (PipelineActionHandler.java:processPipelineAction(89)) - Received pipeline action CLOSE for Pipeline-b5e3c89b-aaaa-44fc-9b61-a15d2ad9ff5a from datanode 311b5faf-4d73-479d-9d03-a3296c64f810(localhost/127.0.0.1). Reason : Chunks directory /home/runner/work/ozone/ozone/hadoop-ozone/integration-test/target/test-dir/MiniOzoneClusterImpl-aaa7dc72-7fbf-48e0-acc5-129182712624/ozone-meta/datanode-1/data-0/hdds/aaa7dc72-7fbf-48e0-acc5-129182712624/current/containerDir0/2/chunks does not exist.
2025-07-14 15:00:09,752 [EventQueue-PipelineActionsForPipelineActionHandler] INFO  pipeline.PipelineActionHandler (PipelineActionHandler.java:processPipelineAction(89)) - Received pipeline action CLOSE for Pipeline-b5e3c89b-aaaa-44fc-9b61-a15d2ad9ff5a from datanode b5acb6b3-ef2b-41db-9bfa-77a47d0ca582(localhost/127.0.0.1). Reason : Chunks directory /home/runner/work/ozone/ozone/hadoop-ozone/integration-test/target/test-dir/MiniOzoneClusterImpl-aaa7dc72-7fbf-48e0-acc5-129182712624/ozone-meta/datanode-3/data-0/hdds/aaa7dc72-7fbf-48e0-acc5-129182712624/current/containerDir0/2/chunks does not exist.
2025-07-14 15:00:09,753 [EventQueue-PipelineActionsForPipelineActionHandler] INFO  pipeline.PipelineActionHandler (PipelineActionHandler.java:processPipelineAction(89)) - Received pipeline action CLOSE for Pipeline-b5e3c89b-aaaa-44fc-9b61-a15d2ad9ff5a from datanode 311b5faf-4d73-479d-9d03-a3296c64f810(localhost/127.0.0.1). Reason : Chunks directory /home/runner/work/ozone/ozone/hadoop-ozone/integration-test/target/test-dir/MiniOzoneClusterImpl-aaa7dc72-7fbf-48e0-acc5-129182712624/ozone-meta/datanode-1/data-0/hdds/aaa7dc72-7fbf-48e0-acc5-129182712624/current/containerDir0/2/chunks does not exist.
2025-07-14 15:00:09,755 [grpc-default-executor-1] INFO  leader.LogAppender (LogAppenderBase.java:lambda$getNextIndexForError$0(215)) - Decrease nextIndex to 5
2025-07-14 15:00:09,756 [grpc-default-executor-1] INFO  leader.LogAppender (LogAppenderBase.java:lambda$getNextIndexForError$0(215)) - Decrease nextIndex to 5
2025-07-14 15:00:09,755 [grpc-default-executor-2] INFO  leader.LogAppender (LogAppenderBase.java:lambda$getNextIndexForError$0(215)) - Decrease nextIndex to 5
2025-07-14 15:00:09,756 [grpc-default-executor-2] INFO  leader.LogAppender (LogAppenderBase.java:lambda$getNextIndexForError$0(215)) - Decrease nextIndex to 5
2025-07-14 15:00:09,756 [grpc-default-executor-1] INFO  leader.FollowerInfo (FollowerInfoImpl.java:info(70)) - 0f2a098c-ed74-48ca-a55f-ceee6161c687@group-A15D2AD9FF5A->311b5faf-4d73-479d-9d03-a3296c64f810: computeNextIndex nextIndex: updateUnconditionally 7 -> 5
2025-07-14 15:00:09,756 [grpc-default-executor-2] INFO  leader.FollowerInfo (FollowerInfoImpl.java:info(70)) - 0f2a098c-ed74-48ca-a55f-ceee6161c687@group-A15D2AD9FF5A->b5acb6b3-ef2b-41db-9bfa-77a47d0ca582: computeNextIndex nextIndex: updateUnconditionally 7 -> 5
2025-07-14 15:00:09,948 [EventQueue-PipelineActionsForPipelineActionHandler] INFO  pipeline.PipelineActionHandler (PipelineActionHandler.java:processPipelineAction(89)) - Received pipeline action CLOSE for Pipeline-b5e3c89b-aaaa-44fc-9b61-a15d2ad9ff5a from datanode b5acb6b3-ef2b-41db-9bfa-77a47d0ca582(localhost/127.0.0.1). Reason : Chunks directory /home/runner/work/ozone/ozone/hadoop-ozone/integration-test/target/test-dir/MiniOzoneClusterImpl-aaa7dc72-7fbf-48e0-acc5-129182712624/ozone-meta/datanode-3/data-0/hdds/aaa7dc72-7fbf-48e0-acc5-129182712624/current/containerDir0/2/chunks does not exist.
2025-07-14 15:00:09,950 [EventQueue-PipelineActionsForPipelineActionHandler] INFO  pipeline.PipelineActionHandler (PipelineActionHandler.java:processPipelineAction(89)) - Received pipeline action CLOSE for Pipeline-b5e3c89b-aaaa-44fc-9b61-a15d2ad9ff5a from datanode 311b5faf-4d73-479d-9d03-a3296c64f810(localhost/127.0.0.1). Reason : Chunks directory /home/runner/work/ozone/ozone/hadoop-ozone/integration-test/target/test-dir/MiniOzoneClusterImpl-aaa7dc72-7fbf-48e0-acc5-129182712624/ozone-meta/datanode-1/data-0/hdds/aaa7dc72-7fbf-48e0-acc5-129182712624/current/containerDir0/2/chunks does not exist.
2025-07-14 15:00:10,044 [77d16558-8a68-4655-9235-107e22ba3c38@group-B771F555DC8D-StateMachineUpdater] INFO  ratis.ContainerStateMachine (ContainerStateMachine.java:takeSnapshot(427)) - group-B771F555DC8D: Taking a snapshot at:(t:1, i:4) file /home/runner/work/ozone/ozone/hadoop-ozone/integration-test/target/test-dir/MiniOzoneClusterImpl-aaa7dc72-7fbf-48e0-acc5-129182712624/ozone-meta/datanode-5/ratis/955d2a46-e184-48bd-86c8-b771f555dc8d/sm/snapshot.1_4
2025-07-14 15:00:10,044 [52f0bf1a-a22c-4dfc-83f0-dd23f5b60a86@group-B771F555DC8D-StateMachineUpdater] INFO  ratis.ContainerStateMachine (ContainerStateMachine.java:takeSnapshot(427)) - group-B771F555DC8D: Taking a snapshot at:(t:1, i:4) file /home/runner/work/ozone/ozone/hadoop-ozone/integration-test/target/test-dir/MiniOzoneClusterImpl-aaa7dc72-7fbf-48e0-acc5-129182712624/ozone-meta/datanode-6/ratis/955d2a46-e184-48bd-86c8-b771f555dc8d/sm/snapshot.1_4
2025-07-14 15:00:10,045 [52f0bf1a-a22c-4dfc-83f0-dd23f5b60a86@group-B771F555DC8D-StateMachineUpdater] INFO  ratis.ContainerStateMachine (ContainerStateMachine.java:takeSnapshot(436)) - group-B771F555DC8D: Finished taking a snapshot at:(t:1, i:4) file:/home/runner/work/ozone/ozone/hadoop-ozone/integration-test/target/test-dir/MiniOzoneClusterImpl-aaa7dc72-7fbf-48e0-acc5-129182712624/ozone-meta/datanode-6/ratis/955d2a46-e184-48bd-86c8-b771f555dc8d/sm/snapshot.1_4 took: 1 ms
2025-07-14 15:00:10,045 [77d16558-8a68-4655-9235-107e22ba3c38@group-B771F555DC8D-StateMachineUpdater] INFO  ratis.ContainerStateMachine (ContainerStateMachine.java:takeSnapshot(436)) - group-B771F555DC8D: Finished taking a snapshot at:(t:1, i:4) file:/home/runner/work/ozone/ozone/hadoop-ozone/integration-test/target/test-dir/MiniOzoneClusterImpl-aaa7dc72-7fbf-48e0-acc5-129182712624/ozone-meta/datanode-5/ratis/955d2a46-e184-48bd-86c8-b771f555dc8d/sm/snapshot.1_4 took: 1 ms
2025-07-14 15:00:10,046 [77d16558-8a68-4655-9235-107e22ba3c38@group-B771F555DC8D-StateMachineUpdater] INFO  impl.StateMachineUpdater (StateMachineUpdater.java:takeSnapshot(307)) - 77d16558-8a68-4655-9235-107e22ba3c38@group-B771F555DC8D-StateMachineUpdater: Took a snapshot at index 4
2025-07-14 15:00:10,046 [77d16558-8a68-4655-9235-107e22ba3c38@group-B771F555DC8D-StateMachineUpdater] INFO  impl.StateMachineUpdater (StateMachineUpdater.java:lambda$new$0(101)) - 77d16558-8a68-4655-9235-107e22ba3c38@group-B771F555DC8D-StateMachineUpdater: snapshotIndex: updateIncreasingly 1 -> 4
2025-07-14 15:00:10,046 [52f0bf1a-a22c-4dfc-83f0-dd23f5b60a86@group-B771F555DC8D-StateMachineUpdater] INFO  impl.StateMachineUpdater (StateMachineUpdater.java:takeSnapshot(307)) - 52f0bf1a-a22c-4dfc-83f0-dd23f5b60a86@group-B771F555DC8D-StateMachineUpdater: Took a snapshot at index 4
2025-07-14 15:00:10,046 [52f0bf1a-a22c-4dfc-83f0-dd23f5b60a86@group-B771F555DC8D-StateMachineUpdater] INFO  impl.StateMachineUpdater (StateMachineUpdater.java:lambda$new$0(101)) - 52f0bf1a-a22c-4dfc-83f0-dd23f5b60a86@group-B771F555DC8D-StateMachineUpdater: snapshotIndex: updateIncreasingly 1 -> 4
2025-07-14 15:00:10,147 [EventQueue-PipelineActionsForPipelineActionHandler] INFO  pipeline.PipelineActionHandler (PipelineActionHandler.java:processPipelineAction(89)) - Received pipeline action CLOSE for Pipeline-b5e3c89b-aaaa-44fc-9b61-a15d2ad9ff5a from datanode b5acb6b3-ef2b-41db-9bfa-77a47d0ca582(localhost/127.0.0.1). Reason : Chunks directory /home/runner/work/ozone/ozone/hadoop-ozone/integration-test/target/test-dir/MiniOzoneClusterImpl-aaa7dc72-7fbf-48e0-acc5-129182712624/ozone-meta/datanode-3/data-0/hdds/aaa7dc72-7fbf-48e0-acc5-129182712624/current/containerDir0/2/chunks does not exist.
2025-07-14 15:00:10,150 [EventQueue-PipelineActionsForPipelineActionHandler] INFO  pipeline.PipelineActionHandler (PipelineActionHandler.java:processPipelineAction(89)) - Received pipeline action CLOSE for Pipeline-b5e3c89b-aaaa-44fc-9b61-a15d2ad9ff5a from datanode 311b5faf-4d73-479d-9d03-a3296c64f810(localhost/127.0.0.1). Reason : Chunks directory /home/runner/work/ozone/ozone/hadoop-ozone/integration-test/target/test-dir/MiniOzoneClusterImpl-aaa7dc72-7fbf-48e0-acc5-129182712624/ozone-meta/datanode-1/data-0/hdds/aaa7dc72-7fbf-48e0-acc5-129182712624/current/containerDir0/2/chunks does not exist.
2025-07-14 15:00:10,191 [89a738d3-0145-4b42-8b1b-b5be9f604b49@group-1AEBB7792E6D-StateMachineUpdater] INFO  ratis.ContainerStateMachine (ContainerStateMachine.java:takeSnapshot(427)) - group-1AEBB7792E6D: Taking a snapshot at:(t:1, i:0) file /home/runner/work/ozone/ozone/hadoop-ozone/integration-test/target/test-dir/MiniOzoneClusterImpl-aaa7dc72-7fbf-48e0-acc5-129182712624/ozone-meta/datanode-8/ratis/9b2abbda-a599-4d5c-9f68-1aebb7792e6d/sm/snapshot.1_0
2025-07-14 15:00:10,191 [ac481237-f71e-4eeb-9120-a6c52bf83f13@group-1AEBB7792E6D-StateMachineUpdater] INFO  ratis.ContainerStateMachine (ContainerStateMachine.java:takeSnapshot(427)) - group-1AEBB7792E6D: Taking a snapshot at:(t:1, i:0) file /home/runner/work/ozone/ozone/hadoop-ozone/integration-test/target/test-dir/MiniOzoneClusterImpl-aaa7dc72-7fbf-48e0-acc5-129182712624/ozone-meta/datanode-7/ratis/9b2abbda-a599-4d5c-9f68-1aebb7792e6d/sm/snapshot.1_0
2025-07-14 15:00:10,192 [ac481237-f71e-4eeb-9120-a6c52bf83f13@group-1AEBB7792E6D-StateMachineUpdater] INFO  ratis.ContainerStateMachine (ContainerStateMachine.java:takeSnapshot(436)) - group-1AEBB7792E6D: Finished taking a snapshot at:(t:1, i:0) file:/home/runner/work/ozone/ozone/hadoop-ozone/integration-test/target/test-dir/MiniOzoneClusterImpl-aaa7dc72-7fbf-48e0-acc5-129182712624/ozone-meta/datanode-7/ratis/9b2abbda-a599-4d5c-9f68-1aebb7792e6d/sm/snapshot.1_0 took: 0 ms
2025-07-14 15:00:10,192 [89a738d3-0145-4b42-8b1b-b5be9f604b49@group-1AEBB7792E6D-StateMachineUpdater] INFO  ratis.ContainerStateMachine (ContainerStateMachine.java:takeSnapshot(436)) - group-1AEBB7792E6D: Finished taking a snapshot at:(t:1, i:0) file:/home/runner/work/ozone/ozone/hadoop-ozone/integration-test/target/test-dir/MiniOzoneClusterImpl-aaa7dc72-7fbf-48e0-acc5-129182712624/ozone-meta/datanode-8/ratis/9b2abbda-a599-4d5c-9f68-1aebb7792e6d/sm/snapshot.1_0 took: 1 ms
2025-07-14 15:00:10,192 [ac481237-f71e-4eeb-9120-a6c52bf83f13@group-1AEBB7792E6D-StateMachineUpdater] INFO  impl.StateMachineUpdater (StateMachineUpdater.java:takeSnapshot(307)) - ac481237-f71e-4eeb-9120-a6c52bf83f13@group-1AEBB7792E6D-StateMachineUpdater: Took a snapshot at index 0
2025-07-14 15:00:10,192 [ac481237-f71e-4eeb-9120-a6c52bf83f13@group-1AEBB7792E6D-StateMachineUpdater] INFO  impl.StateMachineUpdater (StateMachineUpdater.java:lambda$new$0(101)) - ac481237-f71e-4eeb-9120-a6c52bf83f13@group-1AEBB7792E6D-StateMachineUpdater: snapshotIndex: updateIncreasingly -1 -> 0
2025-07-14 15:00:10,192 [89a738d3-0145-4b42-8b1b-b5be9f604b49@group-1AEBB7792E6D-StateMachineUpdater] INFO  impl.StateMachineUpdater (StateMachineUpdater.java:takeSnapshot(307)) - 89a738d3-0145-4b42-8b1b-b5be9f604b49@group-1AEBB7792E6D-StateMachineUpdater: Took a snapshot at index 0
2025-07-14 15:00:10,192 [89a738d3-0145-4b42-8b1b-b5be9f604b49@group-1AEBB7792E6D-StateMachineUpdater] INFO  impl.StateMachineUpdater (StateMachineUpdater.java:lambda$new$0(101)) - 89a738d3-0145-4b42-8b1b-b5be9f604b49@group-1AEBB7792E6D-StateMachineUpdater: snapshotIndex: updateIncreasingly -1 -> 0
2025-07-14 15:00:10,313 [89a738d3-0145-4b42-8b1b-b5be9f604b49@group-EABB3B9FB711-StateMachineUpdater] INFO  ratis.ContainerStateMachine (ContainerStateMachine.java:takeSnapshot(427)) - group-EABB3B9FB711: Taking a snapshot at:(t:1, i:0) file /home/runner/work/ozone/ozone/hadoop-ozone/integration-test/target/test-dir/MiniOzoneClusterImpl-aaa7dc72-7fbf-48e0-acc5-129182712624/ozone-meta/datanode-8/ratis/2a96270d-5a4d-4083-9a90-eabb3b9fb711/sm/snapshot.1_0
2025-07-14 15:00:10,313 [9eae2efb-1df6-4ce6-ae9d-8504348dafa1@group-EABB3B9FB711-StateMachineUpdater] INFO  ratis.ContainerStateMachine (ContainerStateMachine.java:takeSnapshot(427)) - group-EABB3B9FB711: Taking a snapshot at:(t:1, i:0) file /home/runner/work/ozone/ozone/hadoop-ozone/integration-test/target/test-dir/MiniOzoneClusterImpl-aaa7dc72-7fbf-48e0-acc5-129182712624/ozone-meta/datanode-9/ratis/2a96270d-5a4d-4083-9a90-eabb3b9fb711/sm/snapshot.1_0
2025-07-14 15:00:10,314 [89a738d3-0145-4b42-8b1b-b5be9f604b49@group-EABB3B9FB711-StateMachineUpdater] INFO  ratis.ContainerStateMachine (ContainerStateMachine.java:takeSnapshot(436)) - group-EABB3B9FB711: Finished taking a snapshot at:(t:1, i:0) file:/home/runner/work/ozone/ozone/hadoop-ozone/integration-test/target/test-dir/MiniOzoneClusterImpl-aaa7dc72-7fbf-48e0-acc5-129182712624/ozone-meta/datanode-8/ratis/2a96270d-5a4d-4083-9a90-eabb3b9fb711/sm/snapshot.1_0 took: 0 ms
2025-07-14 15:00:10,314 [9eae2efb-1df6-4ce6-ae9d-8504348dafa1@group-EABB3B9FB711-StateMachineUpdater] INFO  ratis.ContainerStateMachine (ContainerStateMachine.java:takeSnapshot(436)) - group-EABB3B9FB711: Finished taking a snapshot at:(t:1, i:0) file:/home/runner/work/ozone/ozone/hadoop-ozone/integration-test/target/test-dir/MiniOzoneClusterImpl-aaa7dc72-7fbf-48e0-acc5-129182712624/ozone-meta/datanode-9/ratis/2a96270d-5a4d-4083-9a90-eabb3b9fb711/sm/snapshot.1_0 took: 1 ms
2025-07-14 15:00:10,314 [9eae2efb-1df6-4ce6-ae9d-8504348dafa1@group-EABB3B9FB711-StateMachineUpdater] INFO  impl.StateMachineUpdater (StateMachineUpdater.java:takeSnapshot(307)) - 9eae2efb-1df6-4ce6-ae9d-8504348dafa1@group-EABB3B9FB711-StateMachineUpdater: Took a snapshot at index 0
2025-07-14 15:00:10,314 [9eae2efb-1df6-4ce6-ae9d-8504348dafa1@group-EABB3B9FB711-StateMachineUpdater] INFO  impl.StateMachineUpdater (StateMachineUpdater.java:lambda$new$0(101)) - 9eae2efb-1df6-4ce6-ae9d-8504348dafa1@group-EABB3B9FB711-StateMachineUpdater: snapshotIndex: updateIncreasingly -1 -> 0
2025-07-14 15:00:10,315 [89a738d3-0145-4b42-8b1b-b5be9f604b49@group-EABB3B9FB711-StateMachineUpdater] INFO  impl.StateMachineUpdater (StateMachineUpdater.java:takeSnapshot(307)) - 89a738d3-0145-4b42-8b1b-b5be9f604b49@group-EABB3B9FB711-StateMachineUpdater: Took a snapshot at index 0
2025-07-14 15:00:10,315 [89a738d3-0145-4b42-8b1b-b5be9f604b49@group-EABB3B9FB711-StateMachineUpdater] INFO  impl.StateMachineUpdater (StateMachineUpdater.java:lambda$new$0(101)) - 89a738d3-0145-4b42-8b1b-b5be9f604b49@group-EABB3B9FB711-StateMachineUpdater: snapshotIndex: updateIncreasingly -1 -> 0
2025-07-14 15:00:10,347 [EventQueue-PipelineActionsForPipelineActionHandler] INFO  pipeline.PipelineActionHandler (PipelineActionHandler.java:processPipelineAction(89)) - Received pipeline action CLOSE for Pipeline-b5e3c89b-aaaa-44fc-9b61-a15d2ad9ff5a from datanode b5acb6b3-ef2b-41db-9bfa-77a47d0ca582(localhost/127.0.0.1). Reason : Chunks directory /home/runner/work/ozone/ozone/hadoop-ozone/integration-test/target/test-dir/MiniOzoneClusterImpl-aaa7dc72-7fbf-48e0-acc5-129182712624/ozone-meta/datanode-3/data-0/hdds/aaa7dc72-7fbf-48e0-acc5-129182712624/current/containerDir0/2/chunks does not exist.
2025-07-14 15:00:10,350 [EventQueue-PipelineActionsForPipelineActionHandler] INFO  pipeline.PipelineActionHandler (PipelineActionHandler.java:processPipelineAction(89)) - Received pipeline action CLOSE for Pipeline-b5e3c89b-aaaa-44fc-9b61-a15d2ad9ff5a from datanode 311b5faf-4d73-479d-9d03-a3296c64f810(localhost/127.0.0.1). Reason : Chunks directory /home/runner/work/ozone/ozone/hadoop-ozone/integration-test/target/test-dir/MiniOzoneClusterImpl-aaa7dc72-7fbf-48e0-acc5-129182712624/ozone-meta/datanode-1/data-0/hdds/aaa7dc72-7fbf-48e0-acc5-129182712624/current/containerDir0/2/chunks does not exist.
2025-07-14 15:00:10,547 [EventQueue-PipelineActionsForPipelineActionHandler] INFO  pipeline.PipelineActionHandler (PipelineActionHandler.java:processPipelineAction(89)) - Received pipeline action CLOSE for Pipeline-b5e3c89b-aaaa-44fc-9b61-a15d2ad9ff5a from datanode b5acb6b3-ef2b-41db-9bfa-77a47d0ca582(localhost/127.0.0.1). Reason : Chunks directory /home/runner/work/ozone/ozone/hadoop-ozone/integration-test/target/test-dir/MiniOzoneClusterImpl-aaa7dc72-7fbf-48e0-acc5-129182712624/ozone-meta/datanode-3/data-0/hdds/aaa7dc72-7fbf-48e0-acc5-129182712624/current/containerDir0/2/chunks does not exist.
2025-07-14 15:00:10,550 [EventQueue-PipelineActionsForPipelineActionHandler] INFO  pipeline.PipelineActionHandler (PipelineActionHandler.java:processPipelineAction(89)) - Received pipeline action CLOSE for Pipeline-b5e3c89b-aaaa-44fc-9b61-a15d2ad9ff5a from datanode 311b5faf-4d73-479d-9d03-a3296c64f810(localhost/127.0.0.1). Reason : Chunks directory /home/runner/work/ozone/ozone/hadoop-ozone/integration-test/target/test-dir/MiniOzoneClusterImpl-aaa7dc72-7fbf-48e0-acc5-129182712624/ozone-meta/datanode-1/data-0/hdds/aaa7dc72-7fbf-48e0-acc5-129182712624/current/containerDir0/2/chunks does not exist.
2025-07-14 15:00:10,747 [EventQueue-PipelineActionsForPipelineActionHandler] INFO  pipeline.PipelineActionHandler (PipelineActionHandler.java:processPipelineAction(89)) - Received pipeline action CLOSE for Pipeline-b5e3c89b-aaaa-44fc-9b61-a15d2ad9ff5a from datanode b5acb6b3-ef2b-41db-9bfa-77a47d0ca582(localhost/127.0.0.1). Reason : Chunks directory /home/runner/work/ozone/ozone/hadoop-ozone/integration-test/target/test-dir/MiniOzoneClusterImpl-aaa7dc72-7fbf-48e0-acc5-129182712624/ozone-meta/datanode-3/data-0/hdds/aaa7dc72-7fbf-48e0-acc5-129182712624/current/containerDir0/2/chunks does not exist.
2025-07-14 15:00:10,750 [EventQueue-PipelineActionsForPipelineActionHandler] INFO  pipeline.PipelineActionHandler (PipelineActionHandler.java:processPipelineAction(89)) - Received pipeline action CLOSE for Pipeline-b5e3c89b-aaaa-44fc-9b61-a15d2ad9ff5a from datanode 311b5faf-4d73-479d-9d03-a3296c64f810(localhost/127.0.0.1). Reason : Chunks directory /home/runner/work/ozone/ozone/hadoop-ozone/integration-test/target/test-dir/MiniOzoneClusterImpl-aaa7dc72-7fbf-48e0-acc5-129182712624/ozone-meta/datanode-1/data-0/hdds/aaa7dc72-7fbf-48e0-acc5-129182712624/current/containerDir0/2/chunks does not exist.
2025-07-14 15:00:10,947 [EventQueue-PipelineActionsForPipelineActionHandler] INFO  pipeline.PipelineActionHandler (PipelineActionHandler.java:processPipelineAction(89)) - Received pipeline action CLOSE for Pipeline-b5e3c89b-aaaa-44fc-9b61-a15d2ad9ff5a from datanode b5acb6b3-ef2b-41db-9bfa-77a47d0ca582(localhost/127.0.0.1). Reason : Chunks directory /home/runner/work/ozone/ozone/hadoop-ozone/integration-test/target/test-dir/MiniOzoneClusterImpl-aaa7dc72-7fbf-48e0-acc5-129182712624/ozone-meta/datanode-3/data-0/hdds/aaa7dc72-7fbf-48e0-acc5-129182712624/current/containerDir0/2/chunks does not exist.
2025-07-14 15:00:10,950 [EventQueue-PipelineActionsForPipelineActionHandler] INFO  pipeline.PipelineActionHandler (PipelineActionHandler.java:processPipelineAction(89)) - Received pipeline action CLOSE for Pipeline-b5e3c89b-aaaa-44fc-9b61-a15d2ad9ff5a from datanode 311b5faf-4d73-479d-9d03-a3296c64f810(localhost/127.0.0.1). Reason : Chunks directory /home/runner/work/ozone/ozone/hadoop-ozone/integration-test/target/test-dir/MiniOzoneClusterImpl-aaa7dc72-7fbf-48e0-acc5-129182712624/ozone-meta/datanode-1/data-0/hdds/aaa7dc72-7fbf-48e0-acc5-129182712624/current/containerDir0/2/chunks does not exist.
2025-07-14 15:00:11,148 [EventQueue-PipelineActionsForPipelineActionHandler] INFO  pipeline.PipelineActionHandler (PipelineActionHandler.java:processPipelineAction(89)) - Received pipeline action CLOSE for Pipeline-b5e3c89b-aaaa-44fc-9b61-a15d2ad9ff5a from datanode b5acb6b3-ef2b-41db-9bfa-77a47d0ca582(localhost/127.0.0.1). Reason : Chunks directory /home/runner/work/ozone/ozone/hadoop-ozone/integration-test/target/test-dir/MiniOzoneClusterImpl-aaa7dc72-7fbf-48e0-acc5-129182712624/ozone-meta/datanode-3/data-0/hdds/aaa7dc72-7fbf-48e0-acc5-129182712624/current/containerDir0/2/chunks does not exist.
2025-07-14 15:00:11,150 [EventQueue-PipelineActionsForPipelineActionHandler] INFO  pipeline.PipelineActionHandler (PipelineActionHandler.java:processPipelineAction(89)) - Received pipeline action CLOSE for Pipeline-b5e3c89b-aaaa-44fc-9b61-a15d2ad9ff5a from datanode 311b5faf-4d73-479d-9d03-a3296c64f810(localhost/127.0.0.1). Reason : Chunks directory /home/runner/work/ozone/ozone/hadoop-ozone/integration-test/target/test-dir/MiniOzoneClusterImpl-aaa7dc72-7fbf-48e0-acc5-129182712624/ozone-meta/datanode-1/data-0/hdds/aaa7dc72-7fbf-48e0-acc5-129182712624/current/containerDir0/2/chunks does not exist.
2025-07-14 15:00:11,348 [EventQueue-PipelineActionsForPipelineActionHandler] INFO  pipeline.PipelineActionHandler (PipelineActionHandler.java:processPipelineAction(89)) - Received pipeline action CLOSE for Pipeline-b5e3c89b-aaaa-44fc-9b61-a15d2ad9ff5a from datanode b5acb6b3-ef2b-41db-9bfa-77a47d0ca582(localhost/127.0.0.1). Reason : Chunks directory /home/runner/work/ozone/ozone/hadoop-ozone/integration-test/target/test-dir/MiniOzoneClusterImpl-aaa7dc72-7fbf-48e0-acc5-129182712624/ozone-meta/datanode-3/data-0/hdds/aaa7dc72-7fbf-48e0-acc5-129182712624/current/containerDir0/2/chunks does not exist.
2025-07-14 15:00:11,350 [EventQueue-PipelineActionsForPipelineActionHandler] INFO  pipeline.PipelineActionHandler (PipelineActionHandler.java:processPipelineAction(89)) - Received pipeline action CLOSE for Pipeline-b5e3c89b-aaaa-44fc-9b61-a15d2ad9ff5a from datanode 311b5faf-4d73-479d-9d03-a3296c64f810(localhost/127.0.0.1). Reason : Chunks directory /home/runner/work/ozone/ozone/hadoop-ozone/integration-test/target/test-dir/MiniOzoneClusterImpl-aaa7dc72-7fbf-48e0-acc5-129182712624/ozone-meta/datanode-1/data-0/hdds/aaa7dc72-7fbf-48e0-acc5-129182712624/current/containerDir0/2/chunks does not exist.
2025-07-14 15:00:11,548 [EventQueue-PipelineActionsForPipelineActionHandler] INFO  pipeline.PipelineActionHandler (PipelineActionHandler.java:processPipelineAction(89)) - Received pipeline action CLOSE for Pipeline-b5e3c89b-aaaa-44fc-9b61-a15d2ad9ff5a from datanode b5acb6b3-ef2b-41db-9bfa-77a47d0ca582(localhost/127.0.0.1). Reason : Chunks directory /home/runner/work/ozone/ozone/hadoop-ozone/integration-test/target/test-dir/MiniOzoneClusterImpl-aaa7dc72-7fbf-48e0-acc5-129182712624/ozone-meta/datanode-3/data-0/hdds/aaa7dc72-7fbf-48e0-acc5-129182712624/current/containerDir0/2/chunks does not exist.
2025-07-14 15:00:11,550 [EventQueue-PipelineActionsForPipelineActionHandler] INFO  pipeline.PipelineActionHandler (PipelineActionHandler.java:processPipelineAction(89)) - Received pipeline action CLOSE for Pipeline-b5e3c89b-aaaa-44fc-9b61-a15d2ad9ff5a from datanode 311b5faf-4d73-479d-9d03-a3296c64f810(localhost/127.0.0.1). Reason : Chunks directory /home/runner/work/ozone/ozone/hadoop-ozone/integration-test/target/test-dir/MiniOzoneClusterImpl-aaa7dc72-7fbf-48e0-acc5-129182712624/ozone-meta/datanode-1/data-0/hdds/aaa7dc72-7fbf-48e0-acc5-129182712624/current/containerDir0/2/chunks does not exist.
2025-07-14 15:00:11,748 [EventQueue-PipelineActionsForPipelineActionHandler] INFO  pipeline.PipelineActionHandler (PipelineActionHandler.java:processPipelineAction(89)) - Received pipeline action CLOSE for Pipeline-b5e3c89b-aaaa-44fc-9b61-a15d2ad9ff5a from datanode b5acb6b3-ef2b-41db-9bfa-77a47d0ca582(localhost/127.0.0.1). Reason : Chunks directory /home/runner/work/ozone/ozone/hadoop-ozone/integration-test/target/test-dir/MiniOzoneClusterImpl-aaa7dc72-7fbf-48e0-acc5-129182712624/ozone-meta/datanode-3/data-0/hdds/aaa7dc72-7fbf-48e0-acc5-129182712624/current/containerDir0/2/chunks does not exist.
2025-07-14 15:00:11,750 [EventQueue-PipelineActionsForPipelineActionHandler] INFO  pipeline.PipelineActionHandler (PipelineActionHandler.java:processPipelineAction(89)) - Received pipeline action CLOSE for Pipeline-b5e3c89b-aaaa-44fc-9b61-a15d2ad9ff5a from datanode 311b5faf-4d73-479d-9d03-a3296c64f810(localhost/127.0.0.1). Reason : Chunks directory /home/runner/work/ozone/ozone/hadoop-ozone/integration-test/target/test-dir/MiniOzoneClusterImpl-aaa7dc72-7fbf-48e0-acc5-129182712624/ozone-meta/datanode-1/data-0/hdds/aaa7dc72-7fbf-48e0-acc5-129182712624/current/containerDir0/2/chunks does not exist.
2025-07-14 15:00:11,948 [EventQueue-PipelineActionsForPipelineActionHandler] INFO  pipeline.PipelineActionHandler (PipelineActionHandler.java:processPipelineAction(89)) - Received pipeline action CLOSE for Pipeline-b5e3c89b-aaaa-44fc-9b61-a15d2ad9ff5a from datanode b5acb6b3-ef2b-41db-9bfa-77a47d0ca582(localhost/127.0.0.1). Reason : Chunks directory /home/runner/work/ozone/ozone/hadoop-ozone/integration-test/target/test-dir/MiniOzoneClusterImpl-aaa7dc72-7fbf-48e0-acc5-129182712624/ozone-meta/datanode-3/data-0/hdds/aaa7dc72-7fbf-48e0-acc5-129182712624/current/containerDir0/2/chunks does not exist.
2025-07-14 15:00:11,950 [EventQueue-PipelineActionsForPipelineActionHandler] INFO  pipeline.PipelineActionHandler (PipelineActionHandler.java:processPipelineAction(89)) - Received pipeline action CLOSE for Pipeline-b5e3c89b-aaaa-44fc-9b61-a15d2ad9ff5a from datanode 311b5faf-4d73-479d-9d03-a3296c64f810(localhost/127.0.0.1). Reason : Chunks directory /home/runner/work/ozone/ozone/hadoop-ozone/integration-test/target/test-dir/MiniOzoneClusterImpl-aaa7dc72-7fbf-48e0-acc5-129182712624/ozone-meta/datanode-1/data-0/hdds/aaa7dc72-7fbf-48e0-acc5-129182712624/current/containerDir0/2/chunks does not exist.
2025-07-14 15:00:12,148 [EventQueue-PipelineActionsForPipelineActionHandler] INFO  pipeline.PipelineActionHandler (PipelineActionHandler.java:processPipelineAction(89)) - Received pipeline action CLOSE for Pipeline-b5e3c89b-aaaa-44fc-9b61-a15d2ad9ff5a from datanode b5acb6b3-ef2b-41db-9bfa-77a47d0ca582(localhost/127.0.0.1). Reason : Chunks directory /home/runner/work/ozone/ozone/hadoop-ozone/integration-test/target/test-dir/MiniOzoneClusterImpl-aaa7dc72-7fbf-48e0-acc5-129182712624/ozone-meta/datanode-3/data-0/hdds/aaa7dc72-7fbf-48e0-acc5-129182712624/current/containerDir0/2/chunks does not exist.
2025-07-14 15:00:12,150 [EventQueue-PipelineActionsForPipelineActionHandler] INFO  pipeline.PipelineActionHandler (PipelineActionHandler.java:processPipelineAction(89)) - Received pipeline action CLOSE for Pipeline-b5e3c89b-aaaa-44fc-9b61-a15d2ad9ff5a from datanode 311b5faf-4d73-479d-9d03-a3296c64f810(localhost/127.0.0.1). Reason : Chunks directory /home/runner/work/ozone/ozone/hadoop-ozone/integration-test/target/test-dir/MiniOzoneClusterImpl-aaa7dc72-7fbf-48e0-acc5-129182712624/ozone-meta/datanode-1/data-0/hdds/aaa7dc72-7fbf-48e0-acc5-129182712624/current/containerDir0/2/chunks does not exist.
2025-07-14 15:00:12,185 [b5acb6b3-ef2b-41db-9bfa-77a47d0ca582@group-A15D2AD9FF5A-StateMachineUpdater] ERROR ratis.ContainerStateMachine (ContainerStateMachine.java:takeSnapshot(421)) - Failed to take snapshot  for group-A15D2AD9FF5A as the stateMachine is unhealthy. The last applied index is at (t:1, i:4)
2025-07-14 15:00:12,185 [b5acb6b3-ef2b-41db-9bfa-77a47d0ca582@group-A15D2AD9FF5A-StateMachineUpdater] ERROR impl.StateMachineUpdater (StateMachineUpdater.java:takeSnapshot(302)) - b5acb6b3-ef2b-41db-9bfa-77a47d0ca582@group-A15D2AD9FF5A-StateMachineUpdater: Failed to take snapshot
org.apache.ratis.protocol.exceptions.StateMachineException: Failed to take snapshot  for group-A15D2AD9FF5A as the stateMachine is unhealthy. The last applied index is at (t:1, i:4)
	at org.apache.hadoop.ozone.container.common.transport.server.ratis.ContainerStateMachine.takeSnapshot(ContainerStateMachine.java:420)
	at org.apache.ratis.server.impl.StateMachineUpdater.takeSnapshot(StateMachineUpdater.java:290)
	at org.apache.ratis.server.impl.StateMachineUpdater.checkAndTakeSnapshot(StateMachineUpdater.java:281)
	at org.apache.ratis.server.impl.StateMachineUpdater.run(StateMachineUpdater.java:194)
	at java.base/java.lang.Thread.run(Thread.java:1583)
2025-07-14 15:00:12,185 [b5acb6b3-ef2b-41db-9bfa-77a47d0ca582-server-thread2] WARN  server.GrpcServerProtocolService (LogUtils.java:warn(129)) - b5acb6b3-ef2b-41db-9bfa-77a47d0ca582: Failed APPEND_ENTRIES request 0f2a098c-ed74-48ca-a55f-ceee6161c687->b5acb6b3-ef2b-41db-9bfa-77a47d0ca582#16-t1,previous=(t:1, i:4),leaderCommit=4,initializing? false,entries: size=2, first=(t:1, i:5), STATEMACHINELOGENTRY, WRITE: logData.size=154, stateMachineData.size=10, logEntryProtoSerializedSize=0
java.util.concurrent.CompletionException: org.apache.hadoop.hdds.scm.container.common.helpers.StorageContainerException: Chunks directory /home/runner/work/ozone/ozone/hadoop-ozone/integration-test/target/test-dir/MiniOzoneClusterImpl-aaa7dc72-7fbf-48e0-acc5-129182712624/ozone-meta/datanode-3/data-0/hdds/aaa7dc72-7fbf-48e0-acc5-129182712624/current/containerDir0/2/chunks does not exist.
	at java.base/java.util.concurrent.CompletableFuture.encodeThrowable(CompletableFuture.java:332)
	at java.base/java.util.concurrent.CompletableFuture.completeThrowable(CompletableFuture.java:347)
	at java.base/java.util.concurrent.CompletableFuture$BiRelay.tryFire(CompletableFuture.java:1498)
	at java.base/java.util.concurrent.CompletableFuture$CoCompletion.tryFire(CompletableFuture.java:1219)
	at java.base/java.util.concurrent.CompletableFuture.postComplete(CompletableFuture.java:510)
	at java.base/java.util.concurrent.CompletableFuture.completeExceptionally(CompletableFuture.java:2194)
	at org.apache.ratis.server.raftlog.segmented.SegmentedRaftLog$Task.failed(SegmentedRaftLog.java:109)
	at org.apache.ratis.server.raftlog.segmented.SegmentedRaftLogWorker$WriteLog.failed(SegmentedRaftLogWorker.java:530)
	at org.apache.ratis.server.raftlog.segmented.SegmentedRaftLogWorker.run(SegmentedRaftLogWorker.java:326)
	at java.base/java.util.concurrent.Executors$RunnableAdapter.call(Executors.java:572)
	at java.base/java.util.concurrent.FutureTask.run(FutureTask.java:317)
	at java.base/java.util.concurrent.ThreadPoolExecutor.runWorker(ThreadPoolExecutor.java:1144)
	at java.base/java.util.concurrent.ThreadPoolExecutor$Worker.run(ThreadPoolExecutor.java:642)
	at java.base/java.lang.Thread.run(Thread.java:1583)
Caused by: org.apache.hadoop.hdds.scm.container.common.helpers.StorageContainerException: Chunks directory /home/runner/work/ozone/ozone/hadoop-ozone/integration-test/target/test-dir/MiniOzoneClusterImpl-aaa7dc72-7fbf-48e0-acc5-129182712624/ozone-meta/datanode-3/data-0/hdds/aaa7dc72-7fbf-48e0-acc5-129182712624/current/containerDir0/2/chunks does not exist.
	at org.apache.hadoop.ozone.container.common.transport.server.ratis.ContainerStateMachine.handleCommandResult(ContainerStateMachine.java:661)
	at org.apache.hadoop.ozone.container.common.transport.server.ratis.ContainerStateMachine.lambda$writeStateMachineData$2(ContainerStateMachine.java:623)
	... 4 more
2025-07-14 15:00:12,187 [311b5faf-4d73-479d-9d03-a3296c64f810@group-A15D2AD9FF5A-StateMachineUpdater] ERROR ratis.ContainerStateMachine (ContainerStateMachine.java:takeSnapshot(421)) - Failed to take snapshot  for group-A15D2AD9FF5A as the stateMachine is unhealthy. The last applied index is at (t:1, i:4)
2025-07-14 15:00:12,187 [311b5faf-4d73-479d-9d03-a3296c64f810@group-A15D2AD9FF5A-StateMachineUpdater] ERROR impl.StateMachineUpdater (StateMachineUpdater.java:takeSnapshot(302)) - 311b5faf-4d73-479d-9d03-a3296c64f810@group-A15D2AD9FF5A-StateMachineUpdater: Failed to take snapshot
org.apache.ratis.protocol.exceptions.StateMachineException: Failed to take snapshot  for group-A15D2AD9FF5A as the stateMachine is unhealthy. The last applied index is at (t:1, i:4)
	at org.apache.hadoop.ozone.container.common.transport.server.ratis.ContainerStateMachine.takeSnapshot(ContainerStateMachine.java:420)
	at org.apache.ratis.server.impl.StateMachineUpdater.takeSnapshot(StateMachineUpdater.java:290)
	at org.apache.ratis.server.impl.StateMachineUpdater.checkAndTakeSnapshot(StateMachineUpdater.java:281)
	at org.apache.ratis.server.impl.StateMachineUpdater.run(StateMachineUpdater.java:194)
	at java.base/java.lang.Thread.run(Thread.java:1583)
2025-07-14 15:00:12,188 [311b5faf-4d73-479d-9d03-a3296c64f810-server-thread1] WARN  server.GrpcServerProtocolService (LogUtils.java:warn(129)) - 311b5faf-4d73-479d-9d03-a3296c64f810: Failed APPEND_ENTRIES request 0f2a098c-ed74-48ca-a55f-ceee6161c687->311b5faf-4d73-479d-9d03-a3296c64f810#14-t1,previous=(t:1, i:4),leaderCommit=4,initializing? false,entries: size=2, first=(t:1, i:5), STATEMACHINELOGENTRY, WRITE: logData.size=154, stateMachineData.size=10, logEntryProtoSerializedSize=0
java.util.concurrent.CompletionException: org.apache.hadoop.hdds.scm.container.common.helpers.StorageContainerException: Chunks directory /home/runner/work/ozone/ozone/hadoop-ozone/integration-test/target/test-dir/MiniOzoneClusterImpl-aaa7dc72-7fbf-48e0-acc5-129182712624/ozone-meta/datanode-1/data-0/hdds/aaa7dc72-7fbf-48e0-acc5-129182712624/current/containerDir0/2/chunks does not exist.
	at java.base/java.util.concurrent.CompletableFuture.encodeThrowable(CompletableFuture.java:332)
	at java.base/java.util.concurrent.CompletableFuture.completeThrowable(CompletableFuture.java:347)
	at java.base/java.util.concurrent.CompletableFuture$BiRelay.tryFire(CompletableFuture.java:1498)
	at java.base/java.util.concurrent.CompletableFuture$CoCompletion.tryFire(CompletableFuture.java:1219)
	at java.base/java.util.concurrent.CompletableFuture.postComplete(CompletableFuture.java:510)
	at java.base/java.util.concurrent.CompletableFuture.completeExceptionally(CompletableFuture.java:2194)
	at org.apache.ratis.server.raftlog.segmented.SegmentedRaftLog$Task.failed(SegmentedRaftLog.java:109)
	at org.apache.ratis.server.raftlog.segmented.SegmentedRaftLogWorker$WriteLog.failed(SegmentedRaftLogWorker.java:530)
	at org.apache.ratis.server.raftlog.segmented.SegmentedRaftLogWorker.run(SegmentedRaftLogWorker.java:326)
	at java.base/java.util.concurrent.Executors$RunnableAdapter.call(Executors.java:572)
	at java.base/java.util.concurrent.FutureTask.run(FutureTask.java:317)
	at java.base/java.util.concurrent.ThreadPoolExecutor.runWorker(ThreadPoolExecutor.java:1144)
	at java.base/java.util.concurrent.ThreadPoolExecutor$Worker.run(ThreadPoolExecutor.java:642)
	at java.base/java.lang.Thread.run(Thread.java:1583)
Caused by: org.apache.hadoop.hdds.scm.container.common.helpers.StorageContainerException: Chunks directory /home/runner/work/ozone/ozone/hadoop-ozone/integration-test/target/test-dir/MiniOzoneClusterImpl-aaa7dc72-7fbf-48e0-acc5-129182712624/ozone-meta/datanode-1/data-0/hdds/aaa7dc72-7fbf-48e0-acc5-129182712624/current/containerDir0/2/chunks does not exist.
	at org.apache.hadoop.ozone.container.common.transport.server.ratis.ContainerStateMachine.handleCommandResult(ContainerStateMachine.java:661)
	at org.apache.hadoop.ozone.container.common.transport.server.ratis.ContainerStateMachine.lambda$writeStateMachineData$2(ContainerStateMachine.java:623)
	... 4 more
2025-07-14 15:00:12,189 [grpc-default-executor-3] INFO  leader.LogAppender (LogAppenderBase.java:lambda$getNextIndexForError$0(215)) - Decrease nextIndex to 5
2025-07-14 15:00:12,189 [grpc-default-executor-3] INFO  leader.LogAppender (LogAppenderBase.java:lambda$getNextIndexForError$0(215)) - Decrease nextIndex to 5
2025-07-14 15:00:12,189 [grpc-default-executor-3] INFO  leader.FollowerInfo (FollowerInfoImpl.java:info(70)) - 0f2a098c-ed74-48ca-a55f-ceee6161c687@group-A15D2AD9FF5A->311b5faf-4d73-479d-9d03-a3296c64f810: computeNextIndex nextIndex: updateUnconditionally 7 -> 5
2025-07-14 15:00:12,190 [grpc-default-executor-1] INFO  leader.LogAppender (LogAppenderBase.java:lambda$getNextIndexForError$0(215)) - Decrease nextIndex to 5
2025-07-14 15:00:12,190 [grpc-default-executor-1] INFO  leader.LogAppender (LogAppenderBase.java:lambda$getNextIndexForError$0(215)) - Decrease nextIndex to 5
2025-07-14 15:00:12,190 [grpc-default-executor-1] INFO  leader.FollowerInfo (FollowerInfoImpl.java:info(70)) - 0f2a098c-ed74-48ca-a55f-ceee6161c687@group-A15D2AD9FF5A->b5acb6b3-ef2b-41db-9bfa-77a47d0ca582: computeNextIndex nextIndex: updateUnconditionally 7 -> 5
2025-07-14 15:00:12,193 [311b5faf-4d73-479d-9d03-a3296c64f810-server-thread1] WARN  server.GrpcServerProtocolService (LogUtils.java:warn(129)) - 311b5faf-4d73-479d-9d03-a3296c64f810: Failed APPEND_ENTRIES request 0f2a098c-ed74-48ca-a55f-ceee6161c687->311b5faf-4d73-479d-9d03-a3296c64f810#16-t1,previous=(t:1, i:4),leaderCommit=4,initializing? false,entries: size=2, first=(t:1, i:5), STATEMACHINELOGENTRY, WRITE: logData.size=154, stateMachineData.size=10, logEntryProtoSerializedSize=0
java.util.concurrent.CompletionException: org.apache.hadoop.hdds.scm.container.common.helpers.StorageContainerException: Chunks directory /home/runner/work/ozone/ozone/hadoop-ozone/integration-test/target/test-dir/MiniOzoneClusterImpl-aaa7dc72-7fbf-48e0-acc5-129182712624/ozone-meta/datanode-1/data-0/hdds/aaa7dc72-7fbf-48e0-acc5-129182712624/current/containerDir0/2/chunks does not exist.
	at java.base/java.util.concurrent.CompletableFuture.encodeThrowable(CompletableFuture.java:332)
	at java.base/java.util.concurrent.CompletableFuture.completeThrowable(CompletableFuture.java:347)
	at java.base/java.util.concurrent.CompletableFuture$BiRelay.tryFire(CompletableFuture.java:1498)
	at java.base/java.util.concurrent.CompletableFuture$CoCompletion.tryFire(CompletableFuture.java:1219)
	at java.base/java.util.concurrent.CompletableFuture.postComplete(CompletableFuture.java:510)
	at java.base/java.util.concurrent.CompletableFuture.completeExceptionally(CompletableFuture.java:2194)
	at org.apache.ratis.server.raftlog.segmented.SegmentedRaftLog$Task.failed(SegmentedRaftLog.java:109)
	at org.apache.ratis.server.raftlog.segmented.SegmentedRaftLogWorker$WriteLog.failed(SegmentedRaftLogWorker.java:530)
	at org.apache.ratis.server.raftlog.segmented.SegmentedRaftLogWorker.run(SegmentedRaftLogWorker.java:326)
	at java.base/java.util.concurrent.Executors$RunnableAdapter.call(Executors.java:572)
	at java.base/java.util.concurrent.FutureTask.run(FutureTask.java:317)
	at java.base/java.util.concurrent.ThreadPoolExecutor.runWorker(ThreadPoolExecutor.java:1144)
	at java.base/java.util.concurrent.ThreadPoolExecutor$Worker.run(ThreadPoolExecutor.java:642)
	at java.base/java.lang.Thread.run(Thread.java:1583)
Caused by: org.apache.hadoop.hdds.scm.container.common.helpers.StorageContainerException: Chunks directory /home/runner/work/ozone/ozone/hadoop-ozone/integration-test/target/test-dir/MiniOzoneClusterImpl-aaa7dc72-7fbf-48e0-acc5-129182712624/ozone-meta/datanode-1/data-0/hdds/aaa7dc72-7fbf-48e0-acc5-129182712624/current/containerDir0/2/chunks does not exist.
	at org.apache.hadoop.ozone.container.common.transport.server.ratis.ContainerStateMachine.handleCommandResult(ContainerStateMachine.java:661)
	at org.apache.hadoop.ozone.container.common.transport.server.ratis.ContainerStateMachine.lambda$writeStateMachineData$2(ContainerStateMachine.java:623)
	... 4 more
2025-07-14 15:00:12,195 [grpc-default-executor-2] INFO  leader.LogAppender (LogAppenderBase.java:lambda$getNextIndexForError$0(215)) - Decrease nextIndex to 5
2025-07-14 15:00:12,195 [grpc-default-executor-2] INFO  leader.LogAppender (LogAppenderBase.java:lambda$getNextIndexForError$0(215)) - Decrease nextIndex to 5
2025-07-14 15:00:12,195 [grpc-default-executor-2] INFO  leader.FollowerInfo (FollowerInfoImpl.java:info(70)) - 0f2a098c-ed74-48ca-a55f-ceee6161c687@group-A15D2AD9FF5A->311b5faf-4d73-479d-9d03-a3296c64f810: computeNextIndex nextIndex: updateUnconditionally 7 -> 5
2025-07-14 15:00:12,195 [b5acb6b3-ef2b-41db-9bfa-77a47d0ca582-server-thread2] WARN  server.GrpcServerProtocolService (LogUtils.java:warn(129)) - b5acb6b3-ef2b-41db-9bfa-77a47d0ca582: Failed APPEND_ENTRIES request 0f2a098c-ed74-48ca-a55f-ceee6161c687->b5acb6b3-ef2b-41db-9bfa-77a47d0ca582#17-t1,previous=(t:1, i:4),leaderCommit=4,initializing? false,entries: size=2, first=(t:1, i:5), STATEMACHINELOGENTRY, WRITE: logData.size=154, stateMachineData.size=10, logEntryProtoSerializedSize=0
java.util.concurrent.CompletionException: org.apache.hadoop.hdds.scm.container.common.helpers.StorageContainerException: Chunks directory /home/runner/work/ozone/ozone/hadoop-ozone/integration-test/target/test-dir/MiniOzoneClusterImpl-aaa7dc72-7fbf-48e0-acc5-129182712624/ozone-meta/datanode-3/data-0/hdds/aaa7dc72-7fbf-48e0-acc5-129182712624/current/containerDir0/2/chunks does not exist.
	at java.base/java.util.concurrent.CompletableFuture.encodeThrowable(CompletableFuture.java:332)
	at java.base/java.util.concurrent.CompletableFuture.completeThrowable(CompletableFuture.java:347)
	at java.base/java.util.concurrent.CompletableFuture$BiRelay.tryFire(CompletableFuture.java:1498)
	at java.base/java.util.concurrent.CompletableFuture$CoCompletion.tryFire(CompletableFuture.java:1219)
	at java.base/java.util.concurrent.CompletableFuture.postComplete(CompletableFuture.java:510)
	at java.base/java.util.concurrent.CompletableFuture.completeExceptionally(CompletableFuture.java:2194)
	at org.apache.ratis.server.raftlog.segmented.SegmentedRaftLog$Task.failed(SegmentedRaftLog.java:109)
	at org.apache.ratis.server.raftlog.segmented.SegmentedRaftLogWorker$WriteLog.failed(SegmentedRaftLogWorker.java:530)
	at org.apache.ratis.server.raftlog.segmented.SegmentedRaftLogWorker.run(SegmentedRaftLogWorker.java:326)
	at java.base/java.util.concurrent.Executors$RunnableAdapter.call(Executors.java:572)
	at java.base/java.util.concurrent.FutureTask.run(FutureTask.java:317)
	at java.base/java.util.concurrent.ThreadPoolExecutor.runWorker(ThreadPoolExecutor.java:1144)
	at java.base/java.util.concurrent.ThreadPoolExecutor$Worker.run(ThreadPoolExecutor.java:642)
	at java.base/java.lang.Thread.run(Thread.java:1583)
Caused by: org.apache.hadoop.hdds.scm.container.common.helpers.StorageContainerException: Chunks directory /home/runner/work/ozone/ozone/hadoop-ozone/integration-test/target/test-dir/MiniOzoneClusterImpl-aaa7dc72-7fbf-48e0-acc5-129182712624/ozone-meta/datanode-3/data-0/hdds/aaa7dc72-7fbf-48e0-acc5-129182712624/current/containerDir0/2/chunks does not exist.
	at org.apache.hadoop.ozone.container.common.transport.server.ratis.ContainerStateMachine.handleCommandResult(ContainerStateMachine.java:661)
	at org.apache.hadoop.ozone.container.common.transport.server.ratis.ContainerStateMachine.lambda$writeStateMachineData$2(ContainerStateMachine.java:623)
	... 4 more
2025-07-14 15:00:12,197 [grpc-default-executor-2] INFO  leader.LogAppender (LogAppenderBase.java:lambda$getNextIndexForError$0(215)) - Decrease nextIndex to 5
2025-07-14 15:00:12,197 [grpc-default-executor-2] INFO  leader.LogAppender (LogAppenderBase.java:lambda$getNextIndexForError$0(215)) - Decrease nextIndex to 5
2025-07-14 15:00:12,197 [grpc-default-executor-2] INFO  leader.FollowerInfo (FollowerInfoImpl.java:info(70)) - 0f2a098c-ed74-48ca-a55f-ceee6161c687@group-A15D2AD9FF5A->b5acb6b3-ef2b-41db-9bfa-77a47d0ca582: computeNextIndex nextIndex: updateUnconditionally 7 -> 5
2025-07-14 15:00:12,348 [EventQueue-PipelineActionsForPipelineActionHandler] INFO  pipeline.PipelineActionHandler (PipelineActionHandler.java:processPipelineAction(89)) - Received pipeline action CLOSE for Pipeline-b5e3c89b-aaaa-44fc-9b61-a15d2ad9ff5a from datanode b5acb6b3-ef2b-41db-9bfa-77a47d0ca582(localhost/127.0.0.1). Reason : Chunks directory /home/runner/work/ozone/ozone/hadoop-ozone/integration-test/target/test-dir/MiniOzoneClusterImpl-aaa7dc72-7fbf-48e0-acc5-129182712624/ozone-meta/datanode-3/data-0/hdds/aaa7dc72-7fbf-48e0-acc5-129182712624/current/containerDir0/2/chunks does not exist.
2025-07-14 15:00:12,350 [EventQueue-PipelineActionsForPipelineActionHandler] INFO  pipeline.PipelineActionHandler (PipelineActionHandler.java:processPipelineAction(89)) - Received pipeline action CLOSE for Pipeline-b5e3c89b-aaaa-44fc-9b61-a15d2ad9ff5a from datanode 311b5faf-4d73-479d-9d03-a3296c64f810(localhost/127.0.0.1). Reason : Chunks directory /home/runner/work/ozone/ozone/hadoop-ozone/integration-test/target/test-dir/MiniOzoneClusterImpl-aaa7dc72-7fbf-48e0-acc5-129182712624/ozone-meta/datanode-1/data-0/hdds/aaa7dc72-7fbf-48e0-acc5-129182712624/current/containerDir0/2/chunks does not exist.
2025-07-14 15:00:12,549 [EventQueue-PipelineActionsForPipelineActionHandler] INFO  pipeline.PipelineActionHandler (PipelineActionHandler.java:processPipelineAction(89)) - Received pipeline action CLOSE for Pipeline-b5e3c89b-aaaa-44fc-9b61-a15d2ad9ff5a from datanode b5acb6b3-ef2b-41db-9bfa-77a47d0ca582(localhost/127.0.0.1). Reason : Chunks directory /home/runner/work/ozone/ozone/hadoop-ozone/integration-test/target/test-dir/MiniOzoneClusterImpl-aaa7dc72-7fbf-48e0-acc5-129182712624/ozone-meta/datanode-3/data-0/hdds/aaa7dc72-7fbf-48e0-acc5-129182712624/current/containerDir0/2/chunks does not exist.
2025-07-14 15:00:12,550 [EventQueue-PipelineActionsForPipelineActionHandler] INFO  pipeline.PipelineActionHandler (PipelineActionHandler.java:processPipelineAction(89)) - Received pipeline action CLOSE for Pipeline-b5e3c89b-aaaa-44fc-9b61-a15d2ad9ff5a from datanode 311b5faf-4d73-479d-9d03-a3296c64f810(localhost/127.0.0.1). Reason : Chunks directory /home/runner/work/ozone/ozone/hadoop-ozone/integration-test/target/test-dir/MiniOzoneClusterImpl-aaa7dc72-7fbf-48e0-acc5-129182712624/ozone-meta/datanode-1/data-0/hdds/aaa7dc72-7fbf-48e0-acc5-129182712624/current/containerDir0/2/chunks does not exist.
2025-07-14 15:00:12,678 [0f2a098c-ed74-48ca-a55f-ceee6161c687-CloseContainerThread-0] WARN  keyvalue.KeyValueHandler (KeyValueHandler.java:updateAndGetContainerChecksum(1451)) - Container data checksum updated from 0 to 1bdd5b56
2025-07-14 15:00:12,700 [timer6] ERROR impl.OrderedAsync (OrderedAsync.java:lambda$null$6(215)) -  client-A3B7C97025B9: Failed* RaftClientRequest:client-A3B7C97025B9->0f2a098c-ed74-48ca-a55f-ceee6161c687@group-A15D2AD9FF5A, cid=28, seq=4, RW, cmdType: WriteChunk
traceID: ""
containerID: 2
datanodeUuid: "311b5faf-4d73-479d-9d03-a3296c64f810"
writeChunk {
  blockID {
    containerID: 2
    localID: 115816896921600002
    blockCommitSequenceId: 2
    replicaIndex: 0
  }
  chunkData {
    chunkName: "115816896921600002_chunk_2"
    offset: 5
    len: 10
    checksumData {
      type: CRC32
      bytesPerChecksum: 16384
      checksums: "\317\357R*"
    }
  }
}
version: 3
, data.size=10
java.util.concurrent.CompletionException: org.apache.ratis.protocol.exceptions.TimeoutIOException: client-A3B7C97025B9->0f2a098c-ed74-48ca-a55f-ceee6161c687 request #28 timeout 3000ms
	at java.base/java.util.concurrent.CompletableFuture.encodeThrowable(CompletableFuture.java:332)
	at java.base/java.util.concurrent.CompletableFuture.completeThrowable(CompletableFuture.java:347)
	at java.base/java.util.concurrent.CompletableFuture$UniAccept.tryFire(CompletableFuture.java:708)
	at java.base/java.util.concurrent.CompletableFuture.postComplete(CompletableFuture.java:510)
	at java.base/java.util.concurrent.CompletableFuture.completeExceptionally(CompletableFuture.java:2194)
	at org.apache.ratis.grpc.client.GrpcClientProtocolClient$AsyncStreamObservers.lambda$timeoutCheck$5(GrpcClientProtocolClient.java:376)
	at java.base/java.util.Optional.ifPresent(Optional.java:178)
	at org.apache.ratis.grpc.client.GrpcClientProtocolClient$AsyncStreamObservers.handleReplyFuture(GrpcClientProtocolClient.java:381)
	at org.apache.ratis.grpc.client.GrpcClientProtocolClient$AsyncStreamObservers.timeoutCheck(GrpcClientProtocolClient.java:376)
	at org.apache.ratis.grpc.client.GrpcClientProtocolClient$AsyncStreamObservers.lambda$onNext$3(GrpcClientProtocolClient.java:369)
	at org.apache.ratis.util.TimeoutTimer.lambda$onTimeout$2(TimeoutTimer.java:101)
	at org.apache.ratis.util.LogUtils.runAndLog(LogUtils.java:38)
	at org.apache.ratis.util.LogUtils$1.run(LogUtils.java:78)
	at org.apache.ratis.util.TimeoutTimer$Task.run(TimeoutTimer.java:55)
	at java.base/java.util.TimerThread.mainLoop(Timer.java:566)
	at java.base/java.util.TimerThread.run(Timer.java:516)
Caused by: org.apache.ratis.protocol.exceptions.TimeoutIOException: client-A3B7C97025B9->0f2a098c-ed74-48ca-a55f-ceee6161c687 request #28 timeout 3000ms
	at org.apache.ratis.grpc.client.GrpcClientProtocolClient$AsyncStreamObservers.lambda$timeoutCheck$5(GrpcClientProtocolClient.java:377)
	... 10 more
2025-07-14 15:00:12,701 [timer7] ERROR impl.OrderedAsync (OrderedAsync.java:lambda$null$6(215)) -  client-A3B7C97025B9: Failed* RaftClientRequest:client-A3B7C97025B9->0f2a098c-ed74-48ca-a55f-ceee6161c687@group-A15D2AD9FF5A, cid=29, seq=5, RW, cmdType: PutBlock
traceID: ""
containerID: 2
datanodeUuid: "311b5faf-4d73-479d-9d03-a3296c64f810"
putBlock {
  blockData {
    blockID {
      containerID: 2
      localID: 115816896921600002
      blockCommitSequenceId: 0
    }
    metadata {
      key: "TYPE"
      value: "KEY"
    }
    chunks {
      chunkName: "115816896921600002_chunk_1"
      offset: 0
      len: 5
      checksumData {
        type: CRC32
        bytesPerChecksum: 16384
        checksums: "\350a\3440"
      }
    }
    chunks {
      chunkName: "115816896921600002_chunk_2"
      offset: 5
      len: 10
      checksumData {
        type: CRC32
        bytesPerChecksum: 16384
        checksums: "\317\357R*"
      }
    }
  }
  eof: false
}
version: 3
, data.size=0
java.util.concurrent.CompletionException: org.apache.ratis.protocol.exceptions.TimeoutIOException: client-A3B7C97025B9->0f2a098c-ed74-48ca-a55f-ceee6161c687 request #29 timeout 3000ms
	at java.base/java.util.concurrent.CompletableFuture.encodeThrowable(CompletableFuture.java:332)
	at java.base/java.util.concurrent.CompletableFuture.completeThrowable(CompletableFuture.java:347)
	at java.base/java.util.concurrent.CompletableFuture$UniAccept.tryFire(CompletableFuture.java:708)
	at java.base/java.util.concurrent.CompletableFuture.postComplete(CompletableFuture.java:510)
	at java.base/java.util.concurrent.CompletableFuture.completeExceptionally(CompletableFuture.java:2194)
	at org.apache.ratis.grpc.client.GrpcClientProtocolClient$AsyncStreamObservers.lambda$timeoutCheck$5(GrpcClientProtocolClient.java:376)
	at java.base/java.util.Optional.ifPresent(Optional.java:178)
	at org.apache.ratis.grpc.client.GrpcClientProtocolClient$AsyncStreamObservers.handleReplyFuture(GrpcClientProtocolClient.java:381)
	at org.apache.ratis.grpc.client.GrpcClientProtocolClient$AsyncStreamObservers.timeoutCheck(GrpcClientProtocolClient.java:376)
	at org.apache.ratis.grpc.client.GrpcClientProtocolClient$AsyncStreamObservers.lambda$onNext$3(GrpcClientProtocolClient.java:369)
	at org.apache.ratis.util.TimeoutTimer.lambda$onTimeout$2(TimeoutTimer.java:101)
	at org.apache.ratis.util.LogUtils.runAndLog(LogUtils.java:38)
	at org.apache.ratis.util.LogUtils$1.run(LogUtils.java:78)
	at org.apache.ratis.util.TimeoutTimer$Task.run(TimeoutTimer.java:55)
	at java.base/java.util.TimerThread.mainLoop(Timer.java:566)
	at java.base/java.util.TimerThread.run(Timer.java:516)
Caused by: org.apache.ratis.protocol.exceptions.TimeoutIOException: client-A3B7C97025B9->0f2a098c-ed74-48ca-a55f-ceee6161c687 request #29 timeout 3000ms
	at org.apache.ratis.grpc.client.GrpcClientProtocolClient$AsyncStreamObservers.lambda$timeoutCheck$5(GrpcClientProtocolClient.java:377)
	... 10 more
2025-07-14 15:00:12,702 [b5acb6b3-ef2b-41db-9bfa-77a47d0ca582-server-thread2] WARN  server.GrpcServerProtocolService (LogUtils.java:warn(129)) - b5acb6b3-ef2b-41db-9bfa-77a47d0ca582: Failed APPEND_ENTRIES request 0f2a098c-ed74-48ca-a55f-ceee6161c687->b5acb6b3-ef2b-41db-9bfa-77a47d0ca582#18-t1,previous=(t:1, i:4),leaderCommit=4,initializing? false,entries: size=3, first=(t:1, i:5), STATEMACHINELOGENTRY, WRITE: logData.size=154, stateMachineData.size=10, logEntryProtoSerializedSize=0
java.util.concurrent.CompletionException: org.apache.hadoop.hdds.scm.container.common.helpers.StorageContainerException: Chunks directory /home/runner/work/ozone/ozone/hadoop-ozone/integration-test/target/test-dir/MiniOzoneClusterImpl-aaa7dc72-7fbf-48e0-acc5-129182712624/ozone-meta/datanode-3/data-0/hdds/aaa7dc72-7fbf-48e0-acc5-129182712624/current/containerDir0/2/chunks does not exist.
	at java.base/java.util.concurrent.CompletableFuture.encodeThrowable(CompletableFuture.java:332)
	at java.base/java.util.concurrent.CompletableFuture.completeThrowable(CompletableFuture.java:347)
	at java.base/java.util.concurrent.CompletableFuture$BiRelay.tryFire(CompletableFuture.java:1498)
	at java.base/java.util.concurrent.CompletableFuture$CoCompletion.tryFire(CompletableFuture.java:1219)
	at java.base/java.util.concurrent.CompletableFuture.postComplete(CompletableFuture.java:510)
	at java.base/java.util.concurrent.CompletableFuture.completeExceptionally(CompletableFuture.java:2194)
	at org.apache.ratis.server.raftlog.segmented.SegmentedRaftLog$Task.failed(SegmentedRaftLog.java:109)
	at org.apache.ratis.server.raftlog.segmented.SegmentedRaftLogWorker$WriteLog.failed(SegmentedRaftLogWorker.java:530)
	at org.apache.ratis.server.raftlog.segmented.SegmentedRaftLogWorker.run(SegmentedRaftLogWorker.java:326)
	at java.base/java.util.concurrent.Executors$RunnableAdapter.call(Executors.java:572)
	at java.base/java.util.concurrent.FutureTask.run(FutureTask.java:317)
	at java.base/java.util.concurrent.ThreadPoolExecutor.runWorker(ThreadPoolExecutor.java:1144)
	at java.base/java.util.concurrent.ThreadPoolExecutor$Worker.run(ThreadPoolExecutor.java:642)
	at java.base/java.lang.Thread.run(Thread.java:1583)
Caused by: org.apache.hadoop.hdds.scm.container.common.helpers.StorageContainerException: Chunks directory /home/runner/work/ozone/ozone/hadoop-ozone/integration-test/target/test-dir/MiniOzoneClusterImpl-aaa7dc72-7fbf-48e0-acc5-129182712624/ozone-meta/datanode-3/data-0/hdds/aaa7dc72-7fbf-48e0-acc5-129182712624/current/containerDir0/2/chunks does not exist.
	at org.apache.hadoop.ozone.container.common.transport.server.ratis.ContainerStateMachine.handleCommandResult(ContainerStateMachine.java:661)
	at org.apache.hadoop.ozone.container.common.transport.server.ratis.ContainerStateMachine.lambda$writeStateMachineData$2(ContainerStateMachine.java:623)
	... 4 more
2025-07-14 15:00:12,702 [311b5faf-4d73-479d-9d03-a3296c64f810-server-thread1] WARN  server.GrpcServerProtocolService (LogUtils.java:warn(129)) - 311b5faf-4d73-479d-9d03-a3296c64f810: Failed APPEND_ENTRIES request 0f2a098c-ed74-48ca-a55f-ceee6161c687->311b5faf-4d73-479d-9d03-a3296c64f810#17-t1,previous=(t:1, i:4),leaderCommit=4,initializing? false,entries: size=3, first=(t:1, i:5), STATEMACHINELOGENTRY, WRITE: logData.size=154, stateMachineData.size=10, logEntryProtoSerializedSize=0
java.util.concurrent.CompletionException: org.apache.hadoop.hdds.scm.container.common.helpers.StorageContainerException: Chunks directory /home/runner/work/ozone/ozone/hadoop-ozone/integration-test/target/test-dir/MiniOzoneClusterImpl-aaa7dc72-7fbf-48e0-acc5-129182712624/ozone-meta/datanode-1/data-0/hdds/aaa7dc72-7fbf-48e0-acc5-129182712624/current/containerDir0/2/chunks does not exist.
	at java.base/java.util.concurrent.CompletableFuture.encodeThrowable(CompletableFuture.java:332)
	at java.base/java.util.concurrent.CompletableFuture.completeThrowable(CompletableFuture.java:347)
	at java.base/java.util.concurrent.CompletableFuture$BiRelay.tryFire(CompletableFuture.java:1498)
	at java.base/java.util.concurrent.CompletableFuture$CoCompletion.tryFire(CompletableFuture.java:1219)
	at java.base/java.util.concurrent.CompletableFuture.postComplete(CompletableFuture.java:510)
	at java.base/java.util.concurrent.CompletableFuture.completeExceptionally(CompletableFuture.java:2194)
	at org.apache.ratis.server.raftlog.segmented.SegmentedRaftLog$Task.failed(SegmentedRaftLog.java:109)
	at org.apache.ratis.server.raftlog.segmented.SegmentedRaftLogWorker$WriteLog.failed(SegmentedRaftLogWorker.java:530)
	at org.apache.ratis.server.raftlog.segmented.SegmentedRaftLogWorker.run(SegmentedRaftLogWorker.java:326)
	at java.base/java.util.concurrent.Executors$RunnableAdapter.call(Executors.java:572)
	at java.base/java.util.concurrent.FutureTask.run(FutureTask.java:317)
	at java.base/java.util.concurrent.ThreadPoolExecutor.runWorker(ThreadPoolExecutor.java:1144)
	at java.base/java.util.concurrent.ThreadPoolExecutor$Worker.run(ThreadPoolExecutor.java:642)
	at java.base/java.lang.Thread.run(Thread.java:1583)
Caused by: org.apache.hadoop.hdds.scm.container.common.helpers.StorageContainerException: Chunks directory /home/runner/work/ozone/ozone/hadoop-ozone/integration-test/target/test-dir/MiniOzoneClusterImpl-aaa7dc72-7fbf-48e0-acc5-129182712624/ozone-meta/datanode-1/data-0/hdds/aaa7dc72-7fbf-48e0-acc5-129182712624/current/containerDir0/2/chunks does not exist.
	at org.apache.hadoop.ozone.container.common.transport.server.ratis.ContainerStateMachine.handleCommandResult(ContainerStateMachine.java:661)
	at org.apache.hadoop.ozone.container.common.transport.server.ratis.ContainerStateMachine.lambda$writeStateMachineData$2(ContainerStateMachine.java:623)
	... 4 more
2025-07-14 15:00:12,705 [grpc-default-executor-3] INFO  leader.LogAppender (LogAppenderBase.java:lambda$getNextIndexForError$0(215)) - Decrease nextIndex to 5
2025-07-14 15:00:12,705 [grpc-default-executor-3] INFO  leader.LogAppender (LogAppenderBase.java:lambda$getNextIndexForError$0(215)) - Decrease nextIndex to 5
2025-07-14 15:00:12,705 [grpc-default-executor-3] INFO  leader.FollowerInfo (FollowerInfoImpl.java:info(70)) - 0f2a098c-ed74-48ca-a55f-ceee6161c687@group-A15D2AD9FF5A->311b5faf-4d73-479d-9d03-a3296c64f810: computeNextIndex nextIndex: updateUnconditionally 8 -> 5
2025-07-14 15:00:12,706 [grpc-default-executor-1] INFO  leader.LogAppender (LogAppenderBase.java:lambda$getNextIndexForError$0(215)) - Decrease nextIndex to 5
2025-07-14 15:00:12,706 [grpc-default-executor-1] INFO  leader.LogAppender (LogAppenderBase.java:lambda$getNextIndexForError$0(215)) - Decrease nextIndex to 5
2025-07-14 15:00:12,706 [grpc-default-executor-1] INFO  leader.FollowerInfo (FollowerInfoImpl.java:info(70)) - 0f2a098c-ed74-48ca-a55f-ceee6161c687@group-A15D2AD9FF5A->b5acb6b3-ef2b-41db-9bfa-77a47d0ca582: computeNextIndex nextIndex: updateUnconditionally 8 -> 5
2025-07-14 15:00:12,749 [EventQueue-PipelineActionsForPipelineActionHandler] INFO  pipeline.PipelineActionHandler (PipelineActionHandler.java:processPipelineAction(89)) - Received pipeline action CLOSE for Pipeline-b5e3c89b-aaaa-44fc-9b61-a15d2ad9ff5a from datanode b5acb6b3-ef2b-41db-9bfa-77a47d0ca582(localhost/127.0.0.1). Reason : Chunks directory /home/runner/work/ozone/ozone/hadoop-ozone/integration-test/target/test-dir/MiniOzoneClusterImpl-aaa7dc72-7fbf-48e0-acc5-129182712624/ozone-meta/datanode-3/data-0/hdds/aaa7dc72-7fbf-48e0-acc5-129182712624/current/containerDir0/2/chunks does not exist.
2025-07-14 15:00:12,750 [EventQueue-PipelineActionsForPipelineActionHandler] INFO  pipeline.PipelineActionHandler (PipelineActionHandler.java:processPipelineAction(89)) - Received pipeline action CLOSE for Pipeline-b5e3c89b-aaaa-44fc-9b61-a15d2ad9ff5a from datanode 311b5faf-4d73-479d-9d03-a3296c64f810(localhost/127.0.0.1). Reason : Chunks directory /home/runner/work/ozone/ozone/hadoop-ozone/integration-test/target/test-dir/MiniOzoneClusterImpl-aaa7dc72-7fbf-48e0-acc5-129182712624/ozone-meta/datanode-1/data-0/hdds/aaa7dc72-7fbf-48e0-acc5-129182712624/current/containerDir0/2/chunks does not exist.
2025-07-14 15:00:12,949 [EventQueue-PipelineActionsForPipelineActionHandler] INFO  pipeline.PipelineActionHandler (PipelineActionHandler.java:processPipelineAction(89)) - Received pipeline action CLOSE for Pipeline-b5e3c89b-aaaa-44fc-9b61-a15d2ad9ff5a from datanode b5acb6b3-ef2b-41db-9bfa-77a47d0ca582(localhost/127.0.0.1). Reason : Chunks directory /home/runner/work/ozone/ozone/hadoop-ozone/integration-test/target/test-dir/MiniOzoneClusterImpl-aaa7dc72-7fbf-48e0-acc5-129182712624/ozone-meta/datanode-3/data-0/hdds/aaa7dc72-7fbf-48e0-acc5-129182712624/current/containerDir0/2/chunks does not exist.
2025-07-14 15:00:12,950 [EventQueue-PipelineActionsForPipelineActionHandler] INFO  pipeline.PipelineActionHandler (PipelineActionHandler.java:processPipelineAction(89)) - Received pipeline action CLOSE for Pipeline-b5e3c89b-aaaa-44fc-9b61-a15d2ad9ff5a from datanode 311b5faf-4d73-479d-9d03-a3296c64f810(localhost/127.0.0.1). Reason : Chunks directory /home/runner/work/ozone/ozone/hadoop-ozone/integration-test/target/test-dir/MiniOzoneClusterImpl-aaa7dc72-7fbf-48e0-acc5-129182712624/ozone-meta/datanode-1/data-0/hdds/aaa7dc72-7fbf-48e0-acc5-129182712624/current/containerDir0/2/chunks does not exist.
2025-07-14 15:00:13,149 [EventQueue-PipelineActionsForPipelineActionHandler] INFO  pipeline.PipelineActionHandler (PipelineActionHandler.java:processPipelineAction(89)) - Received pipeline action CLOSE for Pipeline-b5e3c89b-aaaa-44fc-9b61-a15d2ad9ff5a from datanode b5acb6b3-ef2b-41db-9bfa-77a47d0ca582(localhost/127.0.0.1). Reason : Chunks directory /home/runner/work/ozone/ozone/hadoop-ozone/integration-test/target/test-dir/MiniOzoneClusterImpl-aaa7dc72-7fbf-48e0-acc5-129182712624/ozone-meta/datanode-3/data-0/hdds/aaa7dc72-7fbf-48e0-acc5-129182712624/current/containerDir0/2/chunks does not exist.
2025-07-14 15:00:13,150 [EventQueue-PipelineActionsForPipelineActionHandler] INFO  pipeline.PipelineActionHandler (PipelineActionHandler.java:processPipelineAction(89)) - Received pipeline action CLOSE for Pipeline-b5e3c89b-aaaa-44fc-9b61-a15d2ad9ff5a from datanode 311b5faf-4d73-479d-9d03-a3296c64f810(localhost/127.0.0.1). Reason : Chunks directory /home/runner/work/ozone/ozone/hadoop-ozone/integration-test/target/test-dir/MiniOzoneClusterImpl-aaa7dc72-7fbf-48e0-acc5-129182712624/ozone-meta/datanode-1/data-0/hdds/aaa7dc72-7fbf-48e0-acc5-129182712624/current/containerDir0/2/chunks does not exist.
2025-07-14 15:00:13,349 [EventQueue-PipelineActionsForPipelineActionHandler] INFO  pipeline.PipelineActionHandler (PipelineActionHandler.java:processPipelineAction(89)) - Received pipeline action CLOSE for Pipeline-b5e3c89b-aaaa-44fc-9b61-a15d2ad9ff5a from datanode b5acb6b3-ef2b-41db-9bfa-77a47d0ca582(localhost/127.0.0.1). Reason : Chunks directory /home/runner/work/ozone/ozone/hadoop-ozone/integration-test/target/test-dir/MiniOzoneClusterImpl-aaa7dc72-7fbf-48e0-acc5-129182712624/ozone-meta/datanode-3/data-0/hdds/aaa7dc72-7fbf-48e0-acc5-129182712624/current/containerDir0/2/chunks does not exist.
2025-07-14 15:00:13,350 [EventQueue-PipelineActionsForPipelineActionHandler] INFO  pipeline.PipelineActionHandler (PipelineActionHandler.java:processPipelineAction(89)) - Received pipeline action CLOSE for Pipeline-b5e3c89b-aaaa-44fc-9b61-a15d2ad9ff5a from datanode 311b5faf-4d73-479d-9d03-a3296c64f810(localhost/127.0.0.1). Reason : Chunks directory /home/runner/work/ozone/ozone/hadoop-ozone/integration-test/target/test-dir/MiniOzoneClusterImpl-aaa7dc72-7fbf-48e0-acc5-129182712624/ozone-meta/datanode-1/data-0/hdds/aaa7dc72-7fbf-48e0-acc5-129182712624/current/containerDir0/2/chunks does not exist.
2025-07-14 15:00:13,550 [EventQueue-PipelineActionsForPipelineActionHandler] INFO  pipeline.PipelineActionHandler (PipelineActionHandler.java:processPipelineAction(89)) - Received pipeline action CLOSE for Pipeline-b5e3c89b-aaaa-44fc-9b61-a15d2ad9ff5a from datanode b5acb6b3-ef2b-41db-9bfa-77a47d0ca582(localhost/127.0.0.1). Reason : Chunks directory /home/runner/work/ozone/ozone/hadoop-ozone/integration-test/target/test-dir/MiniOzoneClusterImpl-aaa7dc72-7fbf-48e0-acc5-129182712624/ozone-meta/datanode-3/data-0/hdds/aaa7dc72-7fbf-48e0-acc5-129182712624/current/containerDir0/2/chunks does not exist.
2025-07-14 15:00:13,551 [EventQueue-PipelineActionsForPipelineActionHandler] INFO  pipeline.PipelineActionHandler (PipelineActionHandler.java:processPipelineAction(89)) - Received pipeline action CLOSE for Pipeline-b5e3c89b-aaaa-44fc-9b61-a15d2ad9ff5a from datanode 311b5faf-4d73-479d-9d03-a3296c64f810(localhost/127.0.0.1). Reason : Chunks directory /home/runner/work/ozone/ozone/hadoop-ozone/integration-test/target/test-dir/MiniOzoneClusterImpl-aaa7dc72-7fbf-48e0-acc5-129182712624/ozone-meta/datanode-1/data-0/hdds/aaa7dc72-7fbf-48e0-acc5-129182712624/current/containerDir0/2/chunks does not exist.
2025-07-14 15:00:13,749 [EventQueue-PipelineActionsForPipelineActionHandler] INFO  pipeline.PipelineActionHandler (PipelineActionHandler.java:processPipelineAction(89)) - Received pipeline action CLOSE for Pipeline-b5e3c89b-aaaa-44fc-9b61-a15d2ad9ff5a from datanode b5acb6b3-ef2b-41db-9bfa-77a47d0ca582(localhost/127.0.0.1). Reason : Chunks directory /home/runner/work/ozone/ozone/hadoop-ozone/integration-test/target/test-dir/MiniOzoneClusterImpl-aaa7dc72-7fbf-48e0-acc5-129182712624/ozone-meta/datanode-3/data-0/hdds/aaa7dc72-7fbf-48e0-acc5-129182712624/current/containerDir0/2/chunks does not exist.
2025-07-14 15:00:13,750 [EventQueue-PipelineActionsForPipelineActionHandler] INFO  pipeline.PipelineActionHandler (PipelineActionHandler.java:processPipelineAction(89)) - Received pipeline action CLOSE for Pipeline-b5e3c89b-aaaa-44fc-9b61-a15d2ad9ff5a from datanode 311b5faf-4d73-479d-9d03-a3296c64f810(localhost/127.0.0.1). Reason : Chunks directory /home/runner/work/ozone/ozone/hadoop-ozone/integration-test/target/test-dir/MiniOzoneClusterImpl-aaa7dc72-7fbf-48e0-acc5-129182712624/ozone-meta/datanode-1/data-0/hdds/aaa7dc72-7fbf-48e0-acc5-129182712624/current/containerDir0/2/chunks does not exist.
2025-07-14 15:00:13,949 [EventQueue-PipelineActionsForPipelineActionHandler] INFO  pipeline.PipelineActionHandler (PipelineActionHandler.java:processPipelineAction(89)) - Received pipeline action CLOSE for Pipeline-b5e3c89b-aaaa-44fc-9b61-a15d2ad9ff5a from datanode b5acb6b3-ef2b-41db-9bfa-77a47d0ca582(localhost/127.0.0.1). Reason : Chunks directory /home/runner/work/ozone/ozone/hadoop-ozone/integration-test/target/test-dir/MiniOzoneClusterImpl-aaa7dc72-7fbf-48e0-acc5-129182712624/ozone-meta/datanode-3/data-0/hdds/aaa7dc72-7fbf-48e0-acc5-129182712624/current/containerDir0/2/chunks does not exist.
2025-07-14 15:00:13,950 [EventQueue-PipelineActionsForPipelineActionHandler] INFO  pipeline.PipelineActionHandler (PipelineActionHandler.java:processPipelineAction(89)) - Received pipeline action CLOSE for Pipeline-b5e3c89b-aaaa-44fc-9b61-a15d2ad9ff5a from datanode 311b5faf-4d73-479d-9d03-a3296c64f810(localhost/127.0.0.1). Reason : Chunks directory /home/runner/work/ozone/ozone/hadoop-ozone/integration-test/target/test-dir/MiniOzoneClusterImpl-aaa7dc72-7fbf-48e0-acc5-129182712624/ozone-meta/datanode-1/data-0/hdds/aaa7dc72-7fbf-48e0-acc5-129182712624/current/containerDir0/2/chunks does not exist.
2025-07-14 15:00:14,150 [EventQueue-PipelineActionsForPipelineActionHandler] INFO  pipeline.PipelineActionHandler (PipelineActionHandler.java:processPipelineAction(89)) - Received pipeline action CLOSE for Pipeline-b5e3c89b-aaaa-44fc-9b61-a15d2ad9ff5a from datanode b5acb6b3-ef2b-41db-9bfa-77a47d0ca582(localhost/127.0.0.1). Reason : Chunks directory /home/runner/work/ozone/ozone/hadoop-ozone/integration-test/target/test-dir/MiniOzoneClusterImpl-aaa7dc72-7fbf-48e0-acc5-129182712624/ozone-meta/datanode-3/data-0/hdds/aaa7dc72-7fbf-48e0-acc5-129182712624/current/containerDir0/2/chunks does not exist.
2025-07-14 15:00:14,150 [EventQueue-PipelineActionsForPipelineActionHandler] INFO  pipeline.PipelineActionHandler (PipelineActionHandler.java:processPipelineAction(89)) - Received pipeline action CLOSE for Pipeline-b5e3c89b-aaaa-44fc-9b61-a15d2ad9ff5a from datanode 311b5faf-4d73-479d-9d03-a3296c64f810(localhost/127.0.0.1). Reason : Chunks directory /home/runner/work/ozone/ozone/hadoop-ozone/integration-test/target/test-dir/MiniOzoneClusterImpl-aaa7dc72-7fbf-48e0-acc5-129182712624/ozone-meta/datanode-1/data-0/hdds/aaa7dc72-7fbf-48e0-acc5-129182712624/current/containerDir0/2/chunks does not exist.
2025-07-14 15:00:14,349 [EventQueue-PipelineActionsForPipelineActionHandler] INFO  pipeline.PipelineActionHandler (PipelineActionHandler.java:processPipelineAction(89)) - Received pipeline action CLOSE for Pipeline-b5e3c89b-aaaa-44fc-9b61-a15d2ad9ff5a from datanode b5acb6b3-ef2b-41db-9bfa-77a47d0ca582(localhost/127.0.0.1). Reason : Chunks directory /home/runner/work/ozone/ozone/hadoop-ozone/integration-test/target/test-dir/MiniOzoneClusterImpl-aaa7dc72-7fbf-48e0-acc5-129182712624/ozone-meta/datanode-3/data-0/hdds/aaa7dc72-7fbf-48e0-acc5-129182712624/current/containerDir0/2/chunks does not exist.
2025-07-14 15:00:14,350 [EventQueue-PipelineActionsForPipelineActionHandler] INFO  pipeline.PipelineActionHandler (PipelineActionHandler.java:processPipelineAction(89)) - Received pipeline action CLOSE for Pipeline-b5e3c89b-aaaa-44fc-9b61-a15d2ad9ff5a from datanode 311b5faf-4d73-479d-9d03-a3296c64f810(localhost/127.0.0.1). Reason : Chunks directory /home/runner/work/ozone/ozone/hadoop-ozone/integration-test/target/test-dir/MiniOzoneClusterImpl-aaa7dc72-7fbf-48e0-acc5-129182712624/ozone-meta/datanode-1/data-0/hdds/aaa7dc72-7fbf-48e0-acc5-129182712624/current/containerDir0/2/chunks does not exist.
2025-07-14 15:00:14,549 [EventQueue-PipelineActionsForPipelineActionHandler] INFO  pipeline.PipelineActionHandler (PipelineActionHandler.java:processPipelineAction(89)) - Received pipeline action CLOSE for Pipeline-b5e3c89b-aaaa-44fc-9b61-a15d2ad9ff5a from datanode b5acb6b3-ef2b-41db-9bfa-77a47d0ca582(localhost/127.0.0.1). Reason : Chunks directory /home/runner/work/ozone/ozone/hadoop-ozone/integration-test/target/test-dir/MiniOzoneClusterImpl-aaa7dc72-7fbf-48e0-acc5-129182712624/ozone-meta/datanode-3/data-0/hdds/aaa7dc72-7fbf-48e0-acc5-129182712624/current/containerDir0/2/chunks does not exist.
2025-07-14 15:00:14,550 [EventQueue-PipelineActionsForPipelineActionHandler] INFO  pipeline.PipelineActionHandler (PipelineActionHandler.java:processPipelineAction(89)) - Received pipeline action CLOSE for Pipeline-b5e3c89b-aaaa-44fc-9b61-a15d2ad9ff5a from datanode 311b5faf-4d73-479d-9d03-a3296c64f810(localhost/127.0.0.1). Reason : Chunks directory /home/runner/work/ozone/ozone/hadoop-ozone/integration-test/target/test-dir/MiniOzoneClusterImpl-aaa7dc72-7fbf-48e0-acc5-129182712624/ozone-meta/datanode-1/data-0/hdds/aaa7dc72-7fbf-48e0-acc5-129182712624/current/containerDir0/2/chunks does not exist.
2025-07-14 15:00:14,693 [b5acb6b3-ef2b-41db-9bfa-77a47d0ca582-server-thread2] WARN  server.GrpcServerProtocolService (LogUtils.java:warn(129)) - b5acb6b3-ef2b-41db-9bfa-77a47d0ca582: Failed APPEND_ENTRIES request 0f2a098c-ed74-48ca-a55f-ceee6161c687->b5acb6b3-ef2b-41db-9bfa-77a47d0ca582#20-t1,previous=(t:1, i:4),leaderCommit=4,initializing? false,entries: size=3, first=(t:1, i:5), STATEMACHINELOGENTRY, WRITE: logData.size=154, stateMachineData.size=10, logEntryProtoSerializedSize=0
java.util.concurrent.CompletionException: org.apache.hadoop.hdds.scm.container.common.helpers.StorageContainerException: Chunks directory /home/runner/work/ozone/ozone/hadoop-ozone/integration-test/target/test-dir/MiniOzoneClusterImpl-aaa7dc72-7fbf-48e0-acc5-129182712624/ozone-meta/datanode-3/data-0/hdds/aaa7dc72-7fbf-48e0-acc5-129182712624/current/containerDir0/2/chunks does not exist.
	at java.base/java.util.concurrent.CompletableFuture.encodeThrowable(CompletableFuture.java:332)
	at java.base/java.util.concurrent.CompletableFuture.completeThrowable(CompletableFuture.java:347)
	at java.base/java.util.concurrent.CompletableFuture$BiRelay.tryFire(CompletableFuture.java:1498)
	at java.base/java.util.concurrent.CompletableFuture$CoCompletion.tryFire(CompletableFuture.java:1219)
	at java.base/java.util.concurrent.CompletableFuture.postComplete(CompletableFuture.java:510)
	at java.base/java.util.concurrent.CompletableFuture.completeExceptionally(CompletableFuture.java:2194)
	at org.apache.ratis.server.raftlog.segmented.SegmentedRaftLog$Task.failed(SegmentedRaftLog.java:109)
	at org.apache.ratis.server.raftlog.segmented.SegmentedRaftLogWorker$WriteLog.failed(SegmentedRaftLogWorker.java:530)
	at org.apache.ratis.server.raftlog.segmented.SegmentedRaftLogWorker.run(SegmentedRaftLogWorker.java:326)
	at java.base/java.util.concurrent.Executors$RunnableAdapter.call(Executors.java:572)
	at java.base/java.util.concurrent.FutureTask.run(FutureTask.java:317)
	at java.base/java.util.concurrent.ThreadPoolExecutor.runWorker(ThreadPoolExecutor.java:1144)
	at java.base/java.util.concurrent.ThreadPoolExecutor$Worker.run(ThreadPoolExecutor.java:642)
	at java.base/java.lang.Thread.run(Thread.java:1583)
Caused by: org.apache.hadoop.hdds.scm.container.common.helpers.StorageContainerException: Chunks directory /home/runner/work/ozone/ozone/hadoop-ozone/integration-test/target/test-dir/MiniOzoneClusterImpl-aaa7dc72-7fbf-48e0-acc5-129182712624/ozone-meta/datanode-3/data-0/hdds/aaa7dc72-7fbf-48e0-acc5-129182712624/current/containerDir0/2/chunks does not exist.
	at org.apache.hadoop.ozone.container.common.transport.server.ratis.ContainerStateMachine.handleCommandResult(ContainerStateMachine.java:661)
	at org.apache.hadoop.ozone.container.common.transport.server.ratis.ContainerStateMachine.lambda$writeStateMachineData$2(ContainerStateMachine.java:623)
	... 4 more
2025-07-14 15:00:14,695 [grpc-default-executor-2] INFO  leader.LogAppender (LogAppenderBase.java:lambda$getNextIndexForError$0(215)) - Decrease nextIndex to 5
2025-07-14 15:00:14,695 [grpc-default-executor-2] INFO  leader.LogAppender (LogAppenderBase.java:lambda$getNextIndexForError$0(215)) - Decrease nextIndex to 5
2025-07-14 15:00:14,695 [grpc-default-executor-2] INFO  leader.FollowerInfo (FollowerInfoImpl.java:info(70)) - 0f2a098c-ed74-48ca-a55f-ceee6161c687@group-A15D2AD9FF5A->b5acb6b3-ef2b-41db-9bfa-77a47d0ca582: computeNextIndex nextIndex: updateUnconditionally 8 -> 5
2025-07-14 15:00:14,697 [311b5faf-4d73-479d-9d03-a3296c64f810-server-thread1] WARN  server.GrpcServerProtocolService (LogUtils.java:warn(129)) - 311b5faf-4d73-479d-9d03-a3296c64f810: Failed APPEND_ENTRIES request 0f2a098c-ed74-48ca-a55f-ceee6161c687->311b5faf-4d73-479d-9d03-a3296c64f810#19-t1,previous=(t:1, i:4),leaderCommit=4,initializing? false,entries: size=3, first=(t:1, i:5), STATEMACHINELOGENTRY, WRITE: logData.size=154, stateMachineData.size=10, logEntryProtoSerializedSize=0
java.util.concurrent.CompletionException: org.apache.hadoop.hdds.scm.container.common.helpers.StorageContainerException: Chunks directory /home/runner/work/ozone/ozone/hadoop-ozone/integration-test/target/test-dir/MiniOzoneClusterImpl-aaa7dc72-7fbf-48e0-acc5-129182712624/ozone-meta/datanode-1/data-0/hdds/aaa7dc72-7fbf-48e0-acc5-129182712624/current/containerDir0/2/chunks does not exist.
	at java.base/java.util.concurrent.CompletableFuture.encodeThrowable(CompletableFuture.java:332)
	at java.base/java.util.concurrent.CompletableFuture.completeThrowable(CompletableFuture.java:347)
	at java.base/java.util.concurrent.CompletableFuture$BiRelay.tryFire(CompletableFuture.java:1498)
	at java.base/java.util.concurrent.CompletableFuture$CoCompletion.tryFire(CompletableFuture.java:1219)
	at java.base/java.util.concurrent.CompletableFuture.postComplete(CompletableFuture.java:510)
	at java.base/java.util.concurrent.CompletableFuture.completeExceptionally(CompletableFuture.java:2194)
	at org.apache.ratis.server.raftlog.segmented.SegmentedRaftLog$Task.failed(SegmentedRaftLog.java:109)
	at org.apache.ratis.server.raftlog.segmented.SegmentedRaftLogWorker$WriteLog.failed(SegmentedRaftLogWorker.java:530)
	at org.apache.ratis.server.raftlog.segmented.SegmentedRaftLogWorker.run(SegmentedRaftLogWorker.java:326)
	at java.base/java.util.concurrent.Executors$RunnableAdapter.call(Executors.java:572)
	at java.base/java.util.concurrent.FutureTask.run(FutureTask.java:317)
	at java.base/java.util.concurrent.ThreadPoolExecutor.runWorker(ThreadPoolExecutor.java:1144)
	at java.base/java.util.concurrent.ThreadPoolExecutor$Worker.run(ThreadPoolExecutor.java:642)
	at java.base/java.lang.Thread.run(Thread.java:1583)
Caused by: org.apache.hadoop.hdds.scm.container.common.helpers.StorageContainerException: Chunks directory /home/runner/work/ozone/ozone/hadoop-ozone/integration-test/target/test-dir/MiniOzoneClusterImpl-aaa7dc72-7fbf-48e0-acc5-129182712624/ozone-meta/datanode-1/data-0/hdds/aaa7dc72-7fbf-48e0-acc5-129182712624/current/containerDir0/2/chunks does not exist.
	at org.apache.hadoop.ozone.container.common.transport.server.ratis.ContainerStateMachine.handleCommandResult(ContainerStateMachine.java:661)
	at org.apache.hadoop.ozone.container.common.transport.server.ratis.ContainerStateMachine.lambda$writeStateMachineData$2(ContainerStateMachine.java:623)
	... 4 more
2025-07-14 15:00:14,699 [grpc-default-executor-2] INFO  leader.LogAppender (LogAppenderBase.java:lambda$getNextIndexForError$0(215)) - Decrease nextIndex to 5
2025-07-14 15:00:14,699 [grpc-default-executor-2] INFO  leader.LogAppender (LogAppenderBase.java:lambda$getNextIndexForError$0(215)) - Decrease nextIndex to 5
2025-07-14 15:00:14,699 [grpc-default-executor-2] INFO  leader.FollowerInfo (FollowerInfoImpl.java:info(70)) - 0f2a098c-ed74-48ca-a55f-ceee6161c687@group-A15D2AD9FF5A->311b5faf-4d73-479d-9d03-a3296c64f810: computeNextIndex nextIndex: updateUnconditionally 8 -> 5
2025-07-14 15:00:14,749 [EventQueue-PipelineActionsForPipelineActionHandler] INFO  pipeline.PipelineActionHandler (PipelineActionHandler.java:processPipelineAction(89)) - Received pipeline action CLOSE for Pipeline-b5e3c89b-aaaa-44fc-9b61-a15d2ad9ff5a from datanode b5acb6b3-ef2b-41db-9bfa-77a47d0ca582(localhost/127.0.0.1). Reason : Chunks directory /home/runner/work/ozone/ozone/hadoop-ozone/integration-test/target/test-dir/MiniOzoneClusterImpl-aaa7dc72-7fbf-48e0-acc5-129182712624/ozone-meta/datanode-3/data-0/hdds/aaa7dc72-7fbf-48e0-acc5-129182712624/current/containerDir0/2/chunks does not exist.
2025-07-14 15:00:14,750 [EventQueue-PipelineActionsForPipelineActionHandler] INFO  pipeline.PipelineActionHandler (PipelineActionHandler.java:processPipelineAction(89)) - Received pipeline action CLOSE for Pipeline-b5e3c89b-aaaa-44fc-9b61-a15d2ad9ff5a from datanode 311b5faf-4d73-479d-9d03-a3296c64f810(localhost/127.0.0.1). Reason : Chunks directory /home/runner/work/ozone/ozone/hadoop-ozone/integration-test/target/test-dir/MiniOzoneClusterImpl-aaa7dc72-7fbf-48e0-acc5-129182712624/ozone-meta/datanode-1/data-0/hdds/aaa7dc72-7fbf-48e0-acc5-129182712624/current/containerDir0/2/chunks does not exist.
2025-07-14 15:00:14,753 [timer4] WARN  server.GrpcLogAppender (LogUtils.java:warn(129)) - 0f2a098c-ed74-48ca-a55f-ceee6161c687@group-A15D2AD9FF5A->311b5faf-4d73-479d-9d03-a3296c64f810-AppendLogResponseHandler: Failed appendEntries (Repeated 5 times in the last 5.003s)
org.apache.hadoop.hdds.scm.container.common.helpers.StorageContainerException: Chunks directory /home/runner/work/ozone/ozone/hadoop-ozone/integration-test/target/test-dir/MiniOzoneClusterImpl-aaa7dc72-7fbf-48e0-acc5-129182712624/ozone-meta/datanode-1/data-0/hdds/aaa7dc72-7fbf-48e0-acc5-129182712624/current/containerDir0/2/chunks does not exist.
	at org.apache.hadoop.ozone.container.common.transport.server.ratis.ContainerStateMachine.handleCommandResult(ContainerStateMachine.java:661)
	at org.apache.hadoop.ozone.container.common.transport.server.ratis.ContainerStateMachine.lambda$writeStateMachineData$2(ContainerStateMachine.java:623)
	at java.base/java.util.concurrent.FutureTask.run(FutureTask.java:317)
	at java.base/java.util.concurrent.ThreadPoolExecutor.runWorker(ThreadPoolExecutor.java:1144)
	at java.base/java.util.concurrent.ThreadPoolExecutor$Worker.run(ThreadPoolExecutor.java:642)
	at java.base/java.lang.Thread.run(Thread.java:1583)
2025-07-14 15:00:14,755 [timer5] WARN  server.GrpcLogAppender (LogUtils.java:warn(129)) - 0f2a098c-ed74-48ca-a55f-ceee6161c687@group-A15D2AD9FF5A->b5acb6b3-ef2b-41db-9bfa-77a47d0ca582-AppendLogResponseHandler: Failed appendEntries (Repeated 5 times in the last 5.007s)
org.apache.hadoop.hdds.scm.container.common.helpers.StorageContainerException: Chunks directory /home/runner/work/ozone/ozone/hadoop-ozone/integration-test/target/test-dir/MiniOzoneClusterImpl-aaa7dc72-7fbf-48e0-acc5-129182712624/ozone-meta/datanode-3/data-0/hdds/aaa7dc72-7fbf-48e0-acc5-129182712624/current/containerDir0/2/chunks does not exist.
	at org.apache.hadoop.ozone.container.common.transport.server.ratis.ContainerStateMachine.handleCommandResult(ContainerStateMachine.java:661)
	at org.apache.hadoop.ozone.container.common.transport.server.ratis.ContainerStateMachine.lambda$writeStateMachineData$2(ContainerStateMachine.java:623)
	at java.base/java.util.concurrent.FutureTask.run(FutureTask.java:317)
	at java.base/java.util.concurrent.ThreadPoolExecutor.runWorker(ThreadPoolExecutor.java:1144)
	at java.base/java.util.concurrent.ThreadPoolExecutor$Worker.run(ThreadPoolExecutor.java:642)
	at java.base/java.lang.Thread.run(Thread.java:1583)
2025-07-14 15:00:14,950 [EventQueue-PipelineActionsForPipelineActionHandler] INFO  pipeline.PipelineActionHandler (PipelineActionHandler.java:processPipelineAction(89)) - Received pipeline action CLOSE for Pipeline-b5e3c89b-aaaa-44fc-9b61-a15d2ad9ff5a from datanode b5acb6b3-ef2b-41db-9bfa-77a47d0ca582(localhost/127.0.0.1). Reason : Chunks directory /home/runner/work/ozone/ozone/hadoop-ozone/integration-test/target/test-dir/MiniOzoneClusterImpl-aaa7dc72-7fbf-48e0-acc5-129182712624/ozone-meta/datanode-3/data-0/hdds/aaa7dc72-7fbf-48e0-acc5-129182712624/current/containerDir0/2/chunks does not exist.
2025-07-14 15:00:14,950 [EventQueue-PipelineActionsForPipelineActionHandler] INFO  pipeline.PipelineActionHandler (PipelineActionHandler.java:processPipelineAction(89)) - Received pipeline action CLOSE for Pipeline-b5e3c89b-aaaa-44fc-9b61-a15d2ad9ff5a from datanode 311b5faf-4d73-479d-9d03-a3296c64f810(localhost/127.0.0.1). Reason : Chunks directory /home/runner/work/ozone/ozone/hadoop-ozone/integration-test/target/test-dir/MiniOzoneClusterImpl-aaa7dc72-7fbf-48e0-acc5-129182712624/ozone-meta/datanode-1/data-0/hdds/aaa7dc72-7fbf-48e0-acc5-129182712624/current/containerDir0/2/chunks does not exist.
2025-07-14 15:00:15,151 [EventQueue-PipelineActionsForPipelineActionHandler] INFO  pipeline.PipelineActionHandler (PipelineActionHandler.java:processPipelineAction(89)) - Received pipeline action CLOSE for Pipeline-b5e3c89b-aaaa-44fc-9b61-a15d2ad9ff5a from datanode 311b5faf-4d73-479d-9d03-a3296c64f810(localhost/127.0.0.1). Reason : Chunks directory /home/runner/work/ozone/ozone/hadoop-ozone/integration-test/target/test-dir/MiniOzoneClusterImpl-aaa7dc72-7fbf-48e0-acc5-129182712624/ozone-meta/datanode-1/data-0/hdds/aaa7dc72-7fbf-48e0-acc5-129182712624/current/containerDir0/2/chunks does not exist.
2025-07-14 15:00:15,151 [EventQueue-PipelineActionsForPipelineActionHandler] INFO  pipeline.PipelineActionHandler (PipelineActionHandler.java:processPipelineAction(89)) - Received pipeline action CLOSE for Pipeline-b5e3c89b-aaaa-44fc-9b61-a15d2ad9ff5a from datanode b5acb6b3-ef2b-41db-9bfa-77a47d0ca582(localhost/127.0.0.1). Reason : Chunks directory /home/runner/work/ozone/ozone/hadoop-ozone/integration-test/target/test-dir/MiniOzoneClusterImpl-aaa7dc72-7fbf-48e0-acc5-129182712624/ozone-meta/datanode-3/data-0/hdds/aaa7dc72-7fbf-48e0-acc5-129182712624/current/containerDir0/2/chunks does not exist.
2025-07-14 15:00:15,351 [EventQueue-PipelineActionsForPipelineActionHandler] INFO  pipeline.PipelineActionHandler (PipelineActionHandler.java:processPipelineAction(89)) - Received pipeline action CLOSE for Pipeline-b5e3c89b-aaaa-44fc-9b61-a15d2ad9ff5a from datanode b5acb6b3-ef2b-41db-9bfa-77a47d0ca582(localhost/127.0.0.1). Reason : Chunks directory /home/runner/work/ozone/ozone/hadoop-ozone/integration-test/target/test-dir/MiniOzoneClusterImpl-aaa7dc72-7fbf-48e0-acc5-129182712624/ozone-meta/datanode-3/data-0/hdds/aaa7dc72-7fbf-48e0-acc5-129182712624/current/containerDir0/2/chunks does not exist.
2025-07-14 15:00:15,351 [EventQueue-PipelineActionsForPipelineActionHandler] INFO  pipeline.PipelineActionHandler (PipelineActionHandler.java:processPipelineAction(89)) - Received pipeline action CLOSE for Pipeline-b5e3c89b-aaaa-44fc-9b61-a15d2ad9ff5a from datanode 311b5faf-4d73-479d-9d03-a3296c64f810(localhost/127.0.0.1). Reason : Chunks directory /home/runner/work/ozone/ozone/hadoop-ozone/integration-test/target/test-dir/MiniOzoneClusterImpl-aaa7dc72-7fbf-48e0-acc5-129182712624/ozone-meta/datanode-1/data-0/hdds/aaa7dc72-7fbf-48e0-acc5-129182712624/current/containerDir0/2/chunks does not exist.
2025-07-14 15:00:15,552 [EventQueue-PipelineActionsForPipelineActionHandler] INFO  pipeline.PipelineActionHandler (PipelineActionHandler.java:processPipelineAction(89)) - Received pipeline action CLOSE for Pipeline-b5e3c89b-aaaa-44fc-9b61-a15d2ad9ff5a from datanode b5acb6b3-ef2b-41db-9bfa-77a47d0ca582(localhost/127.0.0.1). Reason : Chunks directory /home/runner/work/ozone/ozone/hadoop-ozone/integration-test/target/test-dir/MiniOzoneClusterImpl-aaa7dc72-7fbf-48e0-acc5-129182712624/ozone-meta/datanode-3/data-0/hdds/aaa7dc72-7fbf-48e0-acc5-129182712624/current/containerDir0/2/chunks does not exist.
2025-07-14 15:00:15,552 [EventQueue-PipelineActionsForPipelineActionHandler] INFO  pipeline.PipelineActionHandler (PipelineActionHandler.java:processPipelineAction(89)) - Received pipeline action CLOSE for Pipeline-b5e3c89b-aaaa-44fc-9b61-a15d2ad9ff5a from datanode 311b5faf-4d73-479d-9d03-a3296c64f810(localhost/127.0.0.1). Reason : Chunks directory /home/runner/work/ozone/ozone/hadoop-ozone/integration-test/target/test-dir/MiniOzoneClusterImpl-aaa7dc72-7fbf-48e0-acc5-129182712624/ozone-meta/datanode-1/data-0/hdds/aaa7dc72-7fbf-48e0-acc5-129182712624/current/containerDir0/2/chunks does not exist.
2025-07-14 15:00:15,704 [timer7] WARN  grpc.GrpcUtil (GrpcUtil.java:shutdownManagedChannel(226)) - Timed out gracefully shutting down connection: ManagedChannelOrphanWrapper{delegate=ManagedChannelImpl{logId=442, target=127.0.0.1:15021}}. 
2025-07-14 15:00:15,752 [EventQueue-PipelineActionsForPipelineActionHandler] INFO  pipeline.PipelineActionHandler (PipelineActionHandler.java:processPipelineAction(89)) - Received pipeline action CLOSE for Pipeline-b5e3c89b-aaaa-44fc-9b61-a15d2ad9ff5a from datanode 311b5faf-4d73-479d-9d03-a3296c64f810(localhost/127.0.0.1). Reason : Chunks directory /home/runner/work/ozone/ozone/hadoop-ozone/integration-test/target/test-dir/MiniOzoneClusterImpl-aaa7dc72-7fbf-48e0-acc5-129182712624/ozone-meta/datanode-1/data-0/hdds/aaa7dc72-7fbf-48e0-acc5-129182712624/current/containerDir0/2/chunks does not exist.
2025-07-14 15:00:15,752 [EventQueue-PipelineActionsForPipelineActionHandler] INFO  pipeline.PipelineActionHandler (PipelineActionHandler.java:processPipelineAction(89)) - Received pipeline action CLOSE for Pipeline-b5e3c89b-aaaa-44fc-9b61-a15d2ad9ff5a from datanode b5acb6b3-ef2b-41db-9bfa-77a47d0ca582(localhost/127.0.0.1). Reason : Chunks directory /home/runner/work/ozone/ozone/hadoop-ozone/integration-test/target/test-dir/MiniOzoneClusterImpl-aaa7dc72-7fbf-48e0-acc5-129182712624/ozone-meta/datanode-3/data-0/hdds/aaa7dc72-7fbf-48e0-acc5-129182712624/current/containerDir0/2/chunks does not exist.
2025-07-14 15:00:15,953 [EventQueue-PipelineActionsForPipelineActionHandler] INFO  pipeline.PipelineActionHandler (PipelineActionHandler.java:processPipelineAction(89)) - Received pipeline action CLOSE for Pipeline-b5e3c89b-aaaa-44fc-9b61-a15d2ad9ff5a from datanode b5acb6b3-ef2b-41db-9bfa-77a47d0ca582(localhost/127.0.0.1). Reason : Chunks directory /home/runner/work/ozone/ozone/hadoop-ozone/integration-test/target/test-dir/MiniOzoneClusterImpl-aaa7dc72-7fbf-48e0-acc5-129182712624/ozone-meta/datanode-3/data-0/hdds/aaa7dc72-7fbf-48e0-acc5-129182712624/current/containerDir0/2/chunks does not exist.
2025-07-14 15:00:15,953 [EventQueue-PipelineActionsForPipelineActionHandler] INFO  pipeline.PipelineActionHandler (PipelineActionHandler.java:processPipelineAction(89)) - Received pipeline action CLOSE for Pipeline-b5e3c89b-aaaa-44fc-9b61-a15d2ad9ff5a from datanode 311b5faf-4d73-479d-9d03-a3296c64f810(localhost/127.0.0.1). Reason : Chunks directory /home/runner/work/ozone/ozone/hadoop-ozone/integration-test/target/test-dir/MiniOzoneClusterImpl-aaa7dc72-7fbf-48e0-acc5-129182712624/ozone-meta/datanode-1/data-0/hdds/aaa7dc72-7fbf-48e0-acc5-129182712624/current/containerDir0/2/chunks does not exist.
2025-07-14 15:00:15,965 [BackgroundPipelineScrubber] INFO  pipeline.PipelineManagerImpl (PipelineManagerImpl.java:scrubPipelines(602)) - Scrubbing pipeline: id: Pipeline-b5e3c89b-aaaa-44fc-9b61-a15d2ad9ff5a since it stays at CLOSED stage.
2025-07-14 15:00:15,968 [BackgroundPipelineScrubber] INFO  pipeline.RatisPipelineProvider (RatisPipelineProvider.java:lambda$close$4(273)) - Send pipeline:Pipeline-b5e3c89b-aaaa-44fc-9b61-a15d2ad9ff5a close command to datanode 311b5faf-4d73-479d-9d03-a3296c64f810
2025-07-14 15:00:15,968 [BackgroundPipelineScrubber] INFO  pipeline.RatisPipelineProvider (RatisPipelineProvider.java:lambda$close$4(273)) - Send pipeline:Pipeline-b5e3c89b-aaaa-44fc-9b61-a15d2ad9ff5a close command to datanode 0f2a098c-ed74-48ca-a55f-ceee6161c687
2025-07-14 15:00:15,968 [BackgroundPipelineScrubber] INFO  pipeline.RatisPipelineProvider (RatisPipelineProvider.java:lambda$close$4(273)) - Send pipeline:Pipeline-b5e3c89b-aaaa-44fc-9b61-a15d2ad9ff5a close command to datanode b5acb6b3-ef2b-41db-9bfa-77a47d0ca582
2025-07-14 15:00:15,969 [BackgroundPipelineScrubber] INFO  pipeline.PipelineManagerImpl (PipelineManagerImpl.java:removePipeline(464)) - Pipeline Pipeline{ Id: b5e3c89b-aaaa-44fc-9b61-a15d2ad9ff5a, Nodes: [ {311b5faf-4d73-479d-9d03-a3296c64f810(localhost/127.0.0.1), ReplicaIndex: 0}, {0f2a098c-ed74-48ca-a55f-ceee6161c687(localhost/127.0.0.1), ReplicaIndex: 0}, {b5acb6b3-ef2b-41db-9bfa-77a47d0ca582(localhost/127.0.0.1), ReplicaIndex: 0},], ReplicationConfig: RATIS/THREE, State:CLOSED, leaderId:0f2a098c-ed74-48ca-a55f-ceee6161c687, CreationTimestamp2025-07-14T15:00:03.521Z[Etc/UTC]} removed.
2025-07-14 15:00:16,082 [EventQueue-PipelineReportForPipelineReportHandler] INFO  pipeline.PipelineReportHandler (PipelineReportHandler.java:handlePipelineNotFoundException(98)) - Pipeline Pipeline-b5e3c89b-aaaa-44fc-9b61-a15d2ad9ff5a, reported by datanode 0f2a098c-ed74-48ca-a55f-ceee6161c687(localhost/127.0.0.1) is not found.
2025-07-14 15:00:16,153 [EventQueue-PipelineReportForPipelineReportHandler] INFO  pipeline.PipelineReportHandler (PipelineReportHandler.java:handlePipelineNotFoundException(98)) - Pipeline Pipeline-b5e3c89b-aaaa-44fc-9b61-a15d2ad9ff5a, reported by datanode b5acb6b3-ef2b-41db-9bfa-77a47d0ca582(localhost/127.0.0.1) is not found.
2025-07-14 15:00:16,153 [EventQueue-PipelineReportForPipelineReportHandler] INFO  pipeline.PipelineReportHandler (PipelineReportHandler.java:handlePipelineNotFoundException(98)) - Pipeline Pipeline-b5e3c89b-aaaa-44fc-9b61-a15d2ad9ff5a, reported by datanode 311b5faf-4d73-479d-9d03-a3296c64f810(localhost/127.0.0.1) is not found.
2025-07-14 15:00:16,154 [EventQueue-PipelineActionsForPipelineActionHandler] INFO  pipeline.PipelineActionHandler (PipelineActionHandler.java:processPipelineAction(89)) - Received pipeline action CLOSE for Pipeline-b5e3c89b-aaaa-44fc-9b61-a15d2ad9ff5a from datanode b5acb6b3-ef2b-41db-9bfa-77a47d0ca582(localhost/127.0.0.1). Reason : Chunks directory /home/runner/work/ozone/ozone/hadoop-ozone/integration-test/target/test-dir/MiniOzoneClusterImpl-aaa7dc72-7fbf-48e0-acc5-129182712624/ozone-meta/datanode-3/data-0/hdds/aaa7dc72-7fbf-48e0-acc5-129182712624/current/containerDir0/2/chunks does not exist.
2025-07-14 15:00:16,154 [EventQueue-PipelineActionsForPipelineActionHandler] WARN  pipeline.PipelineActionHandler (PipelineActionHandler.java:closeUnknownPipeline(117)) - Pipeline action received for unknown Pipeline Pipeline-b5e3c89b-aaaa-44fc-9b61-a15d2ad9ff5a, firing close pipeline event.
2025-07-14 15:00:16,154 [EventQueue-PipelineActionsForPipelineActionHandler] INFO  pipeline.PipelineActionHandler (PipelineActionHandler.java:processPipelineAction(89)) - Received pipeline action CLOSE for Pipeline-b5e3c89b-aaaa-44fc-9b61-a15d2ad9ff5a from datanode 311b5faf-4d73-479d-9d03-a3296c64f810(localhost/127.0.0.1). Reason : Chunks directory /home/runner/work/ozone/ozone/hadoop-ozone/integration-test/target/test-dir/MiniOzoneClusterImpl-aaa7dc72-7fbf-48e0-acc5-129182712624/ozone-meta/datanode-1/data-0/hdds/aaa7dc72-7fbf-48e0-acc5-129182712624/current/containerDir0/2/chunks does not exist.
2025-07-14 15:00:16,154 [EventQueue-PipelineActionsForPipelineActionHandler] WARN  pipeline.PipelineActionHandler (PipelineActionHandler.java:closeUnknownPipeline(117)) - Pipeline action received for unknown Pipeline Pipeline-b5e3c89b-aaaa-44fc-9b61-a15d2ad9ff5a, firing close pipeline event.
2025-07-14 15:00:16,353 [EventQueue-PipelineReportForPipelineReportHandler] INFO  pipeline.PipelineReportHandler (PipelineReportHandler.java:handlePipelineNotFoundException(98)) - Pipeline Pipeline-b5e3c89b-aaaa-44fc-9b61-a15d2ad9ff5a, reported by datanode b5acb6b3-ef2b-41db-9bfa-77a47d0ca582(localhost/127.0.0.1) is not found.
2025-07-14 15:00:16,353 [EventQueue-PipelineActionsForPipelineActionHandler] INFO  pipeline.PipelineActionHandler (PipelineActionHandler.java:processPipelineAction(89)) - Received pipeline action CLOSE for Pipeline-b5e3c89b-aaaa-44fc-9b61-a15d2ad9ff5a from datanode b5acb6b3-ef2b-41db-9bfa-77a47d0ca582(localhost/127.0.0.1). Reason : Chunks directory /home/runner/work/ozone/ozone/hadoop-ozone/integration-test/target/test-dir/MiniOzoneClusterImpl-aaa7dc72-7fbf-48e0-acc5-129182712624/ozone-meta/datanode-3/data-0/hdds/aaa7dc72-7fbf-48e0-acc5-129182712624/current/containerDir0/2/chunks does not exist.
2025-07-14 15:00:16,353 [EventQueue-PipelineActionsForPipelineActionHandler] WARN  pipeline.PipelineActionHandler (PipelineActionHandler.java:closeUnknownPipeline(117)) - Pipeline action received for unknown Pipeline Pipeline-b5e3c89b-aaaa-44fc-9b61-a15d2ad9ff5a, firing close pipeline event.
2025-07-14 15:00:16,353 [EventQueue-PipelineActionsForPipelineActionHandler] INFO  pipeline.PipelineActionHandler (PipelineActionHandler.java:processPipelineAction(89)) - Received pipeline action CLOSE for Pipeline-b5e3c89b-aaaa-44fc-9b61-a15d2ad9ff5a from datanode 311b5faf-4d73-479d-9d03-a3296c64f810(localhost/127.0.0.1). Reason : Chunks directory /home/runner/work/ozone/ozone/hadoop-ozone/integration-test/target/test-dir/MiniOzoneClusterImpl-aaa7dc72-7fbf-48e0-acc5-129182712624/ozone-meta/datanode-1/data-0/hdds/aaa7dc72-7fbf-48e0-acc5-129182712624/current/containerDir0/2/chunks does not exist.
2025-07-14 15:00:16,353 [EventQueue-PipelineActionsForPipelineActionHandler] WARN  pipeline.PipelineActionHandler (PipelineActionHandler.java:closeUnknownPipeline(117)) - Pipeline action received for unknown Pipeline Pipeline-b5e3c89b-aaaa-44fc-9b61-a15d2ad9ff5a, firing close pipeline event.
2025-07-14 15:00:16,481 [EventQueue-PipelineReportForPipelineReportHandler] INFO  pipeline.PipelineReportHandler (PipelineReportHandler.java:handlePipelineNotFoundException(98)) - Pipeline Pipeline-b5e3c89b-aaaa-44fc-9b61-a15d2ad9ff5a, reported by datanode 0f2a098c-ed74-48ca-a55f-ceee6161c687(localhost/127.0.0.1) is not found.
2025-07-14 15:00:16,554 [EventQueue-PipelineReportForPipelineReportHandler] INFO  pipeline.PipelineReportHandler (PipelineReportHandler.java:handlePipelineNotFoundException(98)) - Pipeline Pipeline-b5e3c89b-aaaa-44fc-9b61-a15d2ad9ff5a, reported by datanode 311b5faf-4d73-479d-9d03-a3296c64f810(localhost/127.0.0.1) is not found.
2025-07-14 15:00:16,554 [EventQueue-PipelineActionsForPipelineActionHandler] INFO  pipeline.PipelineActionHandler (PipelineActionHandler.java:processPipelineAction(89)) - Received pipeline action CLOSE for Pipeline-b5e3c89b-aaaa-44fc-9b61-a15d2ad9ff5a from datanode 311b5faf-4d73-479d-9d03-a3296c64f810(localhost/127.0.0.1). Reason : Chunks directory /home/runner/work/ozone/ozone/hadoop-ozone/integration-test/target/test-dir/MiniOzoneClusterImpl-aaa7dc72-7fbf-48e0-acc5-129182712624/ozone-meta/datanode-1/data-0/hdds/aaa7dc72-7fbf-48e0-acc5-129182712624/current/containerDir0/2/chunks does not exist.
2025-07-14 15:00:16,554 [EventQueue-PipelineActionsForPipelineActionHandler] WARN  pipeline.PipelineActionHandler (PipelineActionHandler.java:closeUnknownPipeline(117)) - Pipeline action received for unknown Pipeline Pipeline-b5e3c89b-aaaa-44fc-9b61-a15d2ad9ff5a, firing close pipeline event.
2025-07-14 15:00:16,555 [EventQueue-PipelineActionsForPipelineActionHandler] INFO  pipeline.PipelineActionHandler (PipelineActionHandler.java:processPipelineAction(89)) - Received pipeline action CLOSE for Pipeline-b5e3c89b-aaaa-44fc-9b61-a15d2ad9ff5a from datanode b5acb6b3-ef2b-41db-9bfa-77a47d0ca582(localhost/127.0.0.1). Reason : Chunks directory /home/runner/work/ozone/ozone/hadoop-ozone/integration-test/target/test-dir/MiniOzoneClusterImpl-aaa7dc72-7fbf-48e0-acc5-129182712624/ozone-meta/datanode-3/data-0/hdds/aaa7dc72-7fbf-48e0-acc5-129182712624/current/containerDir0/2/chunks does not exist.
2025-07-14 15:00:16,555 [EventQueue-PipelineActionsForPipelineActionHandler] WARN  pipeline.PipelineActionHandler (PipelineActionHandler.java:closeUnknownPipeline(117)) - Pipeline action received for unknown Pipeline Pipeline-b5e3c89b-aaaa-44fc-9b61-a15d2ad9ff5a, firing close pipeline event.
2025-07-14 15:00:16,561 [grpc-default-executor-2] INFO  server.RaftServer (RaftServerProxy.java:remove(116)) - 0f2a098c-ed74-48ca-a55f-ceee6161c687: remove    LEADER (RUNNING): 0f2a098c-ed74-48ca-a55f-ceee6161c687@group-A15D2AD9FF5A:t1, leader=0f2a098c-ed74-48ca-a55f-ceee6161c687, voted=0f2a098c-ed74-48ca-a55f-ceee6161c687, raftlog=Memoized:0f2a098c-ed74-48ca-a55f-ceee6161c687@group-A15D2AD9FF5A-SegmentedRaftLog:OPENED:c4:last(t:1, i:7), conf=conf: {index: 0, cur=peers:[0f2a098c-ed74-48ca-a55f-ceee6161c687|127.0.0.1:15023, 311b5faf-4d73-479d-9d03-a3296c64f810|127.0.0.1:15015, b5acb6b3-ef2b-41db-9bfa-77a47d0ca582|127.0.0.1:15031]|listeners:[], old=null}
2025-07-14 15:00:16,562 [grpc-default-executor-2] INFO  server.RaftServer$Division (RaftServerImpl.java:lambda$close$1(527)) - 0f2a098c-ed74-48ca-a55f-ceee6161c687@group-A15D2AD9FF5A: shutdown
2025-07-14 15:00:16,563 [grpc-default-executor-2] INFO  util.JmxRegister (JmxRegister.java:unregister(74)) - Successfully un-registered JMX Bean with object name Ratis:service=RaftServer,group=group-A15D2AD9FF5A,id=0f2a098c-ed74-48ca-a55f-ceee6161c687
2025-07-14 15:00:16,563 [grpc-default-executor-2] INFO  impl.RoleInfo (RoleInfo.java:shutdownLeaderState(103)) - 0f2a098c-ed74-48ca-a55f-ceee6161c687: shutdown 0f2a098c-ed74-48ca-a55f-ceee6161c687@group-A15D2AD9FF5A-LeaderStateImpl
2025-07-14 15:00:16,563 [grpc-default-executor-2] INFO  impl.PendingRequests (PendingRequests.java:sendNotLeaderResponses(287)) - 0f2a098c-ed74-48ca-a55f-ceee6161c687@group-A15D2AD9FF5A-PendingRequests: sendNotLeaderResponses
2025-07-14 15:00:16,563 [0f2a098c-ed74-48ca-a55f-ceee6161c687@group-A15D2AD9FF5A->311b5faf-4d73-479d-9d03-a3296c64f810-GrpcLogAppender-LogAppenderDaemon] WARN  server.GrpcLogAppender (GrpcLogAppender.java:mayWait(300)) - 0f2a098c-ed74-48ca-a55f-ceee6161c687@group-A15D2AD9FF5A->311b5faf-4d73-479d-9d03-a3296c64f810-GrpcLogAppender: Wait interrupted by java.lang.InterruptedException
2025-07-14 15:00:16,564 [0f2a098c-ed74-48ca-a55f-ceee6161c687-CloseContainerThread-0] INFO  commandhandler.CloseContainerCommandHandler (CloseContainerCommandHandler.java:lambda$handle$0(154)) - Follower cannot close container #2.
2025-07-14 15:00:16,565 [0f2a098c-ed74-48ca-a55f-ceee6161c687@group-A15D2AD9FF5A->b5acb6b3-ef2b-41db-9bfa-77a47d0ca582-GrpcLogAppender-LogAppenderDaemon] WARN  server.GrpcLogAppender (GrpcLogAppender.java:mayWait(300)) - 0f2a098c-ed74-48ca-a55f-ceee6161c687@group-A15D2AD9FF5A->b5acb6b3-ef2b-41db-9bfa-77a47d0ca582-GrpcLogAppender: Wait interrupted by java.lang.InterruptedException
2025-07-14 15:00:16,566 [grpc-default-executor-2] INFO  impl.StateMachineUpdater (StateMachineUpdater.java:stopAndJoin(163)) - 0f2a098c-ed74-48ca-a55f-ceee6161c687@group-A15D2AD9FF5A-StateMachineUpdater: set stopIndex = 4
2025-07-14 15:00:16,566 [0f2a098c-ed74-48ca-a55f-ceee6161c687@group-A15D2AD9FF5A-StateMachineUpdater] INFO  ratis.ContainerStateMachine (ContainerStateMachine.java:takeSnapshot(427)) - group-A15D2AD9FF5A: Taking a snapshot at:(t:1, i:4) file /home/runner/work/ozone/ozone/hadoop-ozone/integration-test/target/test-dir/MiniOzoneClusterImpl-aaa7dc72-7fbf-48e0-acc5-129182712624/ozone-meta/datanode-2/ratis/b5e3c89b-aaaa-44fc-9b61-a15d2ad9ff5a/sm/snapshot.1_4
2025-07-14 15:00:16,568 [0f2a098c-ed74-48ca-a55f-ceee6161c687@group-A15D2AD9FF5A-StateMachineUpdater] INFO  ratis.ContainerStateMachine (ContainerStateMachine.java:takeSnapshot(436)) - group-A15D2AD9FF5A: Finished taking a snapshot at:(t:1, i:4) file:/home/runner/work/ozone/ozone/hadoop-ozone/integration-test/target/test-dir/MiniOzoneClusterImpl-aaa7dc72-7fbf-48e0-acc5-129182712624/ozone-meta/datanode-2/ratis/b5e3c89b-aaaa-44fc-9b61-a15d2ad9ff5a/sm/snapshot.1_4 took: 1 ms
2025-07-14 15:00:16,568 [0f2a098c-ed74-48ca-a55f-ceee6161c687@group-A15D2AD9FF5A-StateMachineUpdater] INFO  impl.StateMachineUpdater (StateMachineUpdater.java:takeSnapshot(307)) - 0f2a098c-ed74-48ca-a55f-ceee6161c687@group-A15D2AD9FF5A-StateMachineUpdater: Took a snapshot at index 4
2025-07-14 15:00:16,568 [0f2a098c-ed74-48ca-a55f-ceee6161c687@group-A15D2AD9FF5A-StateMachineUpdater] INFO  impl.StateMachineUpdater (StateMachineUpdater.java:lambda$new$0(101)) - 0f2a098c-ed74-48ca-a55f-ceee6161c687@group-A15D2AD9FF5A-StateMachineUpdater: snapshotIndex: updateIncreasingly 1 -> 4
2025-07-14 15:00:16,568 [0f2a098c-ed74-48ca-a55f-ceee6161c687@group-A15D2AD9FF5A-StateMachineUpdater] INFO  impl.StateMachineUpdater (StateMachineUpdater.java:stop(140)) - 0f2a098c-ed74-48ca-a55f-ceee6161c687@group-A15D2AD9FF5A-StateMachineUpdater: closing ContainerStateMachine, lastApplied=(t:1, i:4)
2025-07-14 15:00:16,569 [0f2a098c-ed74-48ca-a55f-ceee6161c687@group-A15D2AD9FF5A-cacheEviction-AwaitToRun] INFO  util.AwaitToRun (AwaitToRun.java:run(49)) - 0f2a098c-ed74-48ca-a55f-ceee6161c687@group-A15D2AD9FF5A-cacheEviction-AwaitToRun-AwaitForSignal is interrupted
2025-07-14 15:00:16,700 [grpc-default-executor-2] INFO  segmented.SegmentedRaftLogWorker (SegmentedRaftLogWorker.java:close(254)) - 0f2a098c-ed74-48ca-a55f-ceee6161c687@group-A15D2AD9FF5A-SegmentedRaftLogWorker close()
2025-07-14 15:00:16,704 [grpc-default-executor-2] INFO  keyvalue.KeyValueContainer (KeyValueContainer.java:flushAndSyncDB(514)) - Synced container: KeyValueContainerData #2 (CLOSING, non-empty, ri=0, origin=[dn_0f2a098c-ed74-48ca-a55f-ceee6161c687, pipeline_b5e3c89b-aaaa-44fc-9b61-a15d2ad9ff5a])
2025-07-14 15:00:16,704 [grpc-default-executor-2] INFO  keyvalue.KeyValueContainer (KeyValueContainer.java:flushAndSyncDB(514)) - Synced container: KeyValueContainerData #2 (CLOSING, non-empty, ri=0, origin=[dn_0f2a098c-ed74-48ca-a55f-ceee6161c687, pipeline_b5e3c89b-aaaa-44fc-9b61-a15d2ad9ff5a])
2025-07-14 15:00:16,710 [FixedThreadPoolWithAffinityExecutor-9-0] INFO  container.IncrementalContainerReportHandler (AbstractContainerReportHandler.java:updateContainerState(264)) - QUASI_CLOSE Container #2 (CLOSING, sid=2) r0 (QUASI_CLOSED, bcsid=2, origin=0f2a098c-ed74-48ca-a55f-ceee6161c687, non-empty) from dn 0f2a098c-ed74-48ca-a55f-ceee6161c687(localhost/127.0.0.1)
2025-07-14 15:00:16,711 [grpc-default-executor-2] INFO  server.RaftServer$Division (RaftServerImpl.java:groupRemove(497)) - 0f2a098c-ed74-48ca-a55f-ceee6161c687@group-A15D2AD9FF5A: Succeed to remove RaftStorageDirectory Storage Directory /home/runner/work/ozone/ozone/hadoop-ozone/integration-test/target/test-dir/MiniOzoneClusterImpl-aaa7dc72-7fbf-48e0-acc5-129182712624/ozone-meta/datanode-2/ratis/b5e3c89b-aaaa-44fc-9b61-a15d2ad9ff5a
2025-07-14 15:00:16,721 [grpc-default-executor-2] INFO  server.RaftServer (RaftServerProxy.java:remove(116)) - 311b5faf-4d73-479d-9d03-a3296c64f810: remove  FOLLOWER (RUNNING): 311b5faf-4d73-479d-9d03-a3296c64f810@group-A15D2AD9FF5A:t1, leader=0f2a098c-ed74-48ca-a55f-ceee6161c687, voted=0f2a098c-ed74-48ca-a55f-ceee6161c687, raftlog=Memoized:311b5faf-4d73-479d-9d03-a3296c64f810@group-A15D2AD9FF5A-SegmentedRaftLog:OPENED:c4:last(t:1, i:5), conf=conf: {index: 0, cur=peers:[0f2a098c-ed74-48ca-a55f-ceee6161c687|127.0.0.1:15023, 311b5faf-4d73-479d-9d03-a3296c64f810|127.0.0.1:15015, b5acb6b3-ef2b-41db-9bfa-77a47d0ca582|127.0.0.1:15031]|listeners:[], old=null}
2025-07-14 15:00:16,722 [grpc-default-executor-2] INFO  server.RaftServer$Division (RaftServerImpl.java:lambda$close$1(527)) - 311b5faf-4d73-479d-9d03-a3296c64f810@group-A15D2AD9FF5A: shutdown
2025-07-14 15:00:16,722 [grpc-default-executor-2] INFO  util.JmxRegister (JmxRegister.java:unregister(74)) - Successfully un-registered JMX Bean with object name Ratis:service=RaftServer,group=group-A15D2AD9FF5A,id=311b5faf-4d73-479d-9d03-a3296c64f810
2025-07-14 15:00:16,722 [grpc-default-executor-2] INFO  impl.RoleInfo (RoleInfo.java:shutdownFollowerState(121)) - 311b5faf-4d73-479d-9d03-a3296c64f810: shutdown 311b5faf-4d73-479d-9d03-a3296c64f810@group-A15D2AD9FF5A-FollowerState
2025-07-14 15:00:16,722 [grpc-default-executor-2] INFO  impl.StateMachineUpdater (StateMachineUpdater.java:stopAndJoin(163)) - 311b5faf-4d73-479d-9d03-a3296c64f810@group-A15D2AD9FF5A-StateMachineUpdater: set stopIndex = 4
2025-07-14 15:00:16,722 [311b5faf-4d73-479d-9d03-a3296c64f810@group-A15D2AD9FF5A-StateMachineUpdater] ERROR ratis.ContainerStateMachine (ContainerStateMachine.java:takeSnapshot(421)) - Failed to take snapshot  for group-A15D2AD9FF5A as the stateMachine is unhealthy. The last applied index is at (t:1, i:4)
2025-07-14 15:00:16,723 [311b5faf-4d73-479d-9d03-a3296c64f810@group-A15D2AD9FF5A-StateMachineUpdater] ERROR impl.StateMachineUpdater (StateMachineUpdater.java:takeSnapshot(302)) - 311b5faf-4d73-479d-9d03-a3296c64f810@group-A15D2AD9FF5A-StateMachineUpdater: Failed to take snapshot
org.apache.ratis.protocol.exceptions.StateMachineException: Failed to take snapshot  for group-A15D2AD9FF5A as the stateMachine is unhealthy. The last applied index is at (t:1, i:4)
	at org.apache.hadoop.ozone.container.common.transport.server.ratis.ContainerStateMachine.takeSnapshot(ContainerStateMachine.java:420)
	at org.apache.ratis.server.impl.StateMachineUpdater.takeSnapshot(StateMachineUpdater.java:290)
	at org.apache.ratis.server.impl.StateMachineUpdater.checkAndTakeSnapshot(StateMachineUpdater.java:281)
	at org.apache.ratis.server.impl.StateMachineUpdater.run(StateMachineUpdater.java:194)
	at java.base/java.lang.Thread.run(Thread.java:1583)
2025-07-14 15:00:16,723 [311b5faf-4d73-479d-9d03-a3296c64f810@group-A15D2AD9FF5A-FollowerState] INFO  impl.FollowerState (FollowerState.java:runImpl(170)) - 311b5faf-4d73-479d-9d03-a3296c64f810@group-A15D2AD9FF5A-FollowerState was interrupted
2025-07-14 15:00:16,723 [311b5faf-4d73-479d-9d03-a3296c64f810@group-A15D2AD9FF5A-StateMachineUpdater] INFO  impl.StateMachineUpdater (StateMachineUpdater.java:stop(140)) - 311b5faf-4d73-479d-9d03-a3296c64f810@group-A15D2AD9FF5A-StateMachineUpdater: closing ContainerStateMachine, lastApplied=(t:1, i:4)
2025-07-14 15:00:16,724 [311b5faf-4d73-479d-9d03-a3296c64f810@group-A15D2AD9FF5A-cacheEviction-AwaitToRun] INFO  util.AwaitToRun (AwaitToRun.java:run(49)) - 311b5faf-4d73-479d-9d03-a3296c64f810@group-A15D2AD9FF5A-cacheEviction-AwaitToRun-AwaitForSignal is interrupted
2025-07-14 15:00:16,742 [grpc-default-executor-2] INFO  segmented.SegmentedRaftLogWorker (SegmentedRaftLogWorker.java:close(254)) - 311b5faf-4d73-479d-9d03-a3296c64f810@group-A15D2AD9FF5A-SegmentedRaftLogWorker close()
2025-07-14 15:00:16,745 [grpc-default-executor-2] INFO  server.RaftServer$Division (RaftServerImpl.java:groupRemove(497)) - 311b5faf-4d73-479d-9d03-a3296c64f810@group-A15D2AD9FF5A: Succeed to remove RaftStorageDirectory Storage Directory /home/runner/work/ozone/ozone/hadoop-ozone/integration-test/target/test-dir/MiniOzoneClusterImpl-aaa7dc72-7fbf-48e0-acc5-129182712624/ozone-meta/datanode-1/ratis/b5e3c89b-aaaa-44fc-9b61-a15d2ad9ff5a
2025-07-14 15:00:16,749 [b5acb6b3-ef2b-41db-9bfa-77a47d0ca582-PipelineCommandHandlerThread-0] INFO  server.RaftServer (RaftServerProxy.java:remove(116)) - b5acb6b3-ef2b-41db-9bfa-77a47d0ca582: remove  FOLLOWER (RUNNING): b5acb6b3-ef2b-41db-9bfa-77a47d0ca582@group-A15D2AD9FF5A:t1, leader=0f2a098c-ed74-48ca-a55f-ceee6161c687, voted=0f2a098c-ed74-48ca-a55f-ceee6161c687, raftlog=Memoized:b5acb6b3-ef2b-41db-9bfa-77a47d0ca582@group-A15D2AD9FF5A-SegmentedRaftLog:OPENED:c4:last(t:1, i:5), conf=conf: {index: 0, cur=peers:[0f2a098c-ed74-48ca-a55f-ceee6161c687|127.0.0.1:15023, 311b5faf-4d73-479d-9d03-a3296c64f810|127.0.0.1:15015, b5acb6b3-ef2b-41db-9bfa-77a47d0ca582|127.0.0.1:15031]|listeners:[], old=null}
2025-07-14 15:00:16,749 [b5acb6b3-ef2b-41db-9bfa-77a47d0ca582-PipelineCommandHandlerThread-0] INFO  server.RaftServer$Division (RaftServerImpl.java:lambda$close$1(527)) - b5acb6b3-ef2b-41db-9bfa-77a47d0ca582@group-A15D2AD9FF5A: shutdown
2025-07-14 15:00:16,749 [b5acb6b3-ef2b-41db-9bfa-77a47d0ca582-PipelineCommandHandlerThread-0] INFO  util.JmxRegister (JmxRegister.java:unregister(74)) - Successfully un-registered JMX Bean with object name Ratis:service=RaftServer,group=group-A15D2AD9FF5A,id=b5acb6b3-ef2b-41db-9bfa-77a47d0ca582
2025-07-14 15:00:16,749 [b5acb6b3-ef2b-41db-9bfa-77a47d0ca582-PipelineCommandHandlerThread-0] INFO  impl.RoleInfo (RoleInfo.java:shutdownFollowerState(121)) - b5acb6b3-ef2b-41db-9bfa-77a47d0ca582: shutdown b5acb6b3-ef2b-41db-9bfa-77a47d0ca582@group-A15D2AD9FF5A-FollowerState
2025-07-14 15:00:16,749 [b5acb6b3-ef2b-41db-9bfa-77a47d0ca582-PipelineCommandHandlerThread-0] INFO  impl.StateMachineUpdater (StateMachineUpdater.java:stopAndJoin(163)) - b5acb6b3-ef2b-41db-9bfa-77a47d0ca582@group-A15D2AD9FF5A-StateMachineUpdater: set stopIndex = 4
2025-07-14 15:00:16,749 [b5acb6b3-ef2b-41db-9bfa-77a47d0ca582@group-A15D2AD9FF5A-FollowerState] INFO  impl.FollowerState (FollowerState.java:runImpl(170)) - b5acb6b3-ef2b-41db-9bfa-77a47d0ca582@group-A15D2AD9FF5A-FollowerState was interrupted
2025-07-14 15:00:16,750 [b5acb6b3-ef2b-41db-9bfa-77a47d0ca582@group-A15D2AD9FF5A-StateMachineUpdater] ERROR ratis.ContainerStateMachine (ContainerStateMachine.java:takeSnapshot(421)) - Failed to take snapshot  for group-A15D2AD9FF5A as the stateMachine is unhealthy. The last applied index is at (t:1, i:4)
2025-07-14 15:00:16,750 [b5acb6b3-ef2b-41db-9bfa-77a47d0ca582@group-A15D2AD9FF5A-StateMachineUpdater] ERROR impl.StateMachineUpdater (StateMachineUpdater.java:takeSnapshot(302)) - b5acb6b3-ef2b-41db-9bfa-77a47d0ca582@group-A15D2AD9FF5A-StateMachineUpdater: Failed to take snapshot
org.apache.ratis.protocol.exceptions.StateMachineException: Failed to take snapshot  for group-A15D2AD9FF5A as the stateMachine is unhealthy. The last applied index is at (t:1, i:4)
	at org.apache.hadoop.ozone.container.common.transport.server.ratis.ContainerStateMachine.takeSnapshot(ContainerStateMachine.java:420)
	at org.apache.ratis.server.impl.StateMachineUpdater.takeSnapshot(StateMachineUpdater.java:290)
	at org.apache.ratis.server.impl.StateMachineUpdater.checkAndTakeSnapshot(StateMachineUpdater.java:281)
	at org.apache.ratis.server.impl.StateMachineUpdater.run(StateMachineUpdater.java:194)
	at java.base/java.lang.Thread.run(Thread.java:1583)
2025-07-14 15:00:16,750 [b5acb6b3-ef2b-41db-9bfa-77a47d0ca582@group-A15D2AD9FF5A-StateMachineUpdater] INFO  impl.StateMachineUpdater (StateMachineUpdater.java:stop(140)) - b5acb6b3-ef2b-41db-9bfa-77a47d0ca582@group-A15D2AD9FF5A-StateMachineUpdater: closing ContainerStateMachine, lastApplied=(t:1, i:4)
2025-07-14 15:00:16,750 [b5acb6b3-ef2b-41db-9bfa-77a47d0ca582@group-A15D2AD9FF5A-cacheEviction-AwaitToRun] INFO  util.AwaitToRun (AwaitToRun.java:run(49)) - b5acb6b3-ef2b-41db-9bfa-77a47d0ca582@group-A15D2AD9FF5A-cacheEviction-AwaitToRun-AwaitForSignal is interrupted
2025-07-14 15:00:16,755 [EventQueue-PipelineReportForPipelineReportHandler] INFO  pipeline.PipelineReportHandler (PipelineReportHandler.java:handlePipelineNotFoundException(98)) - Pipeline Pipeline-b5e3c89b-aaaa-44fc-9b61-a15d2ad9ff5a, reported by datanode b5acb6b3-ef2b-41db-9bfa-77a47d0ca582(localhost/127.0.0.1) is not found.
2025-07-14 15:00:17,359 [grpc-default-executor-1] ERROR impl.OrderedAsync (OrderedAsync.java:lambda$null$6(215)) -  client-A3B7C97025B9: Failed* RaftClientRequest:client-A3B7C97025B9->311b5faf-4d73-479d-9d03-a3296c64f810@group-A15D2AD9FF5A, cid=28, seq=4*, RW, cmdType: WriteChunk
traceID: ""
containerID: 2
datanodeUuid: "311b5faf-4d73-479d-9d03-a3296c64f810"
writeChunk {
  blockID {
    containerID: 2
    localID: 115816896921600002
    blockCommitSequenceId: 2
    replicaIndex: 0
  }
  chunkData {
    chunkName: "115816896921600002_chunk_2"
    offset: 5
    len: 10
    checksumData {
      type: CRC32
      bytesPerChecksum: 16384
      checksums: "\317\357R*"
    }
  }
}
version: 3
, data.size=10
java.util.concurrent.CompletionException: org.apache.ratis.protocol.exceptions.GroupMismatchException: 311b5faf-4d73-479d-9d03-a3296c64f810: group-A15D2AD9FF5A not found.
	at java.base/java.util.concurrent.CompletableFuture.encodeThrowable(CompletableFuture.java:332)
	at java.base/java.util.concurrent.CompletableFuture.completeThrowable(CompletableFuture.java:347)
	at java.base/java.util.concurrent.CompletableFuture$UniAccept.tryFire(CompletableFuture.java:708)
	at java.base/java.util.concurrent.CompletableFuture.postComplete(CompletableFuture.java:510)
	at java.base/java.util.concurrent.CompletableFuture.completeExceptionally(CompletableFuture.java:2194)
	at org.apache.ratis.grpc.client.GrpcClientProtocolClient$AsyncStreamObservers.completeReplyExceptionally(GrpcClientProtocolClient.java:397)
	at org.apache.ratis.grpc.client.GrpcClientProtocolClient$AsyncStreamObservers.access$000(GrpcClientProtocolClient.java:303)
	at org.apache.ratis.grpc.client.GrpcClientProtocolClient$AsyncStreamObservers$1.onError(GrpcClientProtocolClient.java:334)
	at org.apache.ratis.thirdparty.io.grpc.stub.ClientCalls$StreamObserverToCallListenerAdapter.onClose(ClientCalls.java:564)
	at org.apache.ratis.thirdparty.io.grpc.PartialForwardingClientCallListener.onClose(PartialForwardingClientCallListener.java:39)
	at org.apache.ratis.thirdparty.io.grpc.ForwardingClientCallListener.onClose(ForwardingClientCallListener.java:23)
	at org.apache.ratis.grpc.metrics.intercept.client.MetricClientCallListener.onClose(MetricClientCallListener.java:47)
	at org.apache.ratis.thirdparty.io.grpc.internal.ClientCallImpl.closeObserver(ClientCallImpl.java:565)
	at org.apache.ratis.thirdparty.io.grpc.internal.ClientCallImpl.access$100(ClientCallImpl.java:72)
	at org.apache.ratis.thirdparty.io.grpc.internal.ClientCallImpl$ClientStreamListenerImpl$1StreamClosed.runInternal(ClientCallImpl.java:733)
	at org.apache.ratis.thirdparty.io.grpc.internal.ClientCallImpl$ClientStreamListenerImpl$1StreamClosed.runInContext(ClientCallImpl.java:714)
	at org.apache.ratis.thirdparty.io.grpc.internal.ContextRunnable.run(ContextRunnable.java:37)
	at org.apache.ratis.thirdparty.io.grpc.internal.SerializingExecutor.run(SerializingExecutor.java:133)
	at java.base/java.util.concurrent.ThreadPoolExecutor.runWorker(ThreadPoolExecutor.java:1144)
	at java.base/java.util.concurrent.ThreadPoolExecutor$Worker.run(ThreadPoolExecutor.java:642)
	at java.base/java.lang.Thread.run(Thread.java:1583)
Caused by: org.apache.ratis.protocol.exceptions.GroupMismatchException: 311b5faf-4d73-479d-9d03-a3296c64f810: group-A15D2AD9FF5A not found.
	at org.apache.ratis.server.impl.RaftServerProxy$ImplMap.get(RaftServerProxy.java:160)
	at org.apache.ratis.server.impl.RaftServerProxy.getImplFuture(RaftServerProxy.java:370)
	at org.apache.ratis.server.impl.RaftServerProxy.submitClientRequestAsync(RaftServerProxy.java:455)
	at org.apache.ratis.grpc.server.GrpcClientProtocolService$RequestStreamObserver.processClientRequest(GrpcClientProtocolService.java:226)
	at org.apache.ratis.grpc.server.GrpcClientProtocolService$OrderedRequestStreamObserver.processClientRequest(GrpcClientProtocolService.java:332)
	at org.apache.ratis.util.SlidingWindow$Server.processRequestsFromHead(SlidingWindow.java:467)
	at org.apache.ratis.util.SlidingWindow$Server.receivedRequest(SlidingWindow.java:459)
	at org.apache.ratis.grpc.server.GrpcClientProtocolService$OrderedRequestStreamObserver.processClientRequest(GrpcClientProtocolService.java:356)
	at org.apache.ratis.grpc.server.GrpcClientProtocolService$RequestStreamObserver.onNext(GrpcClientProtocolService.java:246)
	at org.apache.ratis.grpc.server.GrpcClientProtocolService$RequestStreamObserver.onNext(GrpcClientProtocolService.java:169)
	at org.apache.ratis.thirdparty.io.grpc.stub.ServerCalls$StreamingServerCallHandler$StreamingServerCallListener.onMessage(ServerCalls.java:262)
	at org.apache.ratis.thirdparty.io.grpc.internal.ServerCallImpl$ServerStreamListenerImpl.messagesAvailableInternal(ServerCallImpl.java:334)
	at org.apache.ratis.thirdparty.io.grpc.internal.ServerCallImpl$ServerStreamListenerImpl.messagesAvailable(ServerCallImpl.java:319)
	at org.apache.ratis.thirdparty.io.grpc.internal.ServerImpl$JumpToApplicationThreadServerStreamListener$1MessagesAvailable.runInContext(ServerImpl.java:834)
	... 5 more
2025-07-14 15:00:17,359 [grpc-default-executor-1] ERROR impl.OrderedAsync (OrderedAsync.java:lambda$send$4(181)) - Failed to send request, message=cmdType: WriteChunk
traceID: ""
containerID: 2
datanodeUuid: "311b5faf-4d73-479d-9d03-a3296c64f810"
writeChunk {
  blockID {
    containerID: 2
    localID: 115816896921600002
    blockCommitSequenceId: 2
    replicaIndex: 0
  }
  chunkData {
    chunkName: "115816896921600002_chunk_2"
    offset: 5
    len: 10
    checksumData {
      type: CRC32
      bytesPerChecksum: 16384
      checksums: "\317\357R*"
    }
  }
}
version: 3
, data.size=10
java.util.concurrent.CompletionException: org.apache.ratis.protocol.exceptions.GroupMismatchException: 311b5faf-4d73-479d-9d03-a3296c64f810: group-A15D2AD9FF5A not found.
	at java.base/java.util.concurrent.CompletableFuture.encodeThrowable(CompletableFuture.java:332)
	at java.base/java.util.concurrent.CompletableFuture.completeThrowable(CompletableFuture.java:347)
	at java.base/java.util.concurrent.CompletableFuture$UniApply.tryFire(CompletableFuture.java:636)
	at java.base/java.util.concurrent.CompletableFuture.postComplete(CompletableFuture.java:510)
	at java.base/java.util.concurrent.CompletableFuture.completeExceptionally(CompletableFuture.java:2194)
	at org.apache.ratis.client.impl.OrderedAsync$PendingOrderedRequest.fail(OrderedAsync.java:111)
	at org.apache.ratis.util.SlidingWindow$Client.fail(SlidingWindow.java:395)
	at org.apache.ratis.client.impl.OrderedAsync.failAllAsyncRequests(OrderedAsync.java:155)
	at org.apache.ratis.client.impl.OrderedAsync.handleException(OrderedAsync.java:232)
	at org.apache.ratis.client.impl.OrderedAsync.lambda$sendRequestWithRetry$7(OrderedAsync.java:217)
	at java.base/java.util.concurrent.CompletableFuture.uniExceptionally(CompletableFuture.java:990)
	at java.base/java.util.concurrent.CompletableFuture$UniExceptionally.tryFire(CompletableFuture.java:974)
	at java.base/java.util.concurrent.CompletableFuture.postComplete(CompletableFuture.java:510)
	at java.base/java.util.concurrent.CompletableFuture.completeExceptionally(CompletableFuture.java:2194)
	at org.apache.ratis.grpc.client.GrpcClientProtocolClient$AsyncStreamObservers.completeReplyExceptionally(GrpcClientProtocolClient.java:397)
	at org.apache.ratis.grpc.client.GrpcClientProtocolClient$AsyncStreamObservers.access$000(GrpcClientProtocolClient.java:303)
	at org.apache.ratis.grpc.client.GrpcClientProtocolClient$AsyncStreamObservers$1.onError(GrpcClientProtocolClient.java:334)
	at org.apache.ratis.thirdparty.io.grpc.stub.ClientCalls$StreamObserverToCallListenerAdapter.onClose(ClientCalls.java:564)
	at org.apache.ratis.thirdparty.io.grpc.PartialForwardingClientCallListener.onClose(PartialForwardingClientCallListener.java:39)
	at org.apache.ratis.thirdparty.io.grpc.ForwardingClientCallListener.onClose(ForwardingClientCallListener.java:23)
	at org.apache.ratis.grpc.metrics.intercept.client.MetricClientCallListener.onClose(MetricClientCallListener.java:47)
	at org.apache.ratis.thirdparty.io.grpc.internal.ClientCallImpl.closeObserver(ClientCallImpl.java:565)
	at org.apache.ratis.thirdparty.io.grpc.internal.ClientCallImpl.access$100(ClientCallImpl.java:72)
	at org.apache.ratis.thirdparty.io.grpc.internal.ClientCallImpl$ClientStreamListenerImpl$1StreamClosed.runInternal(ClientCallImpl.java:733)
	at org.apache.ratis.thirdparty.io.grpc.internal.ClientCallImpl$ClientStreamListenerImpl$1StreamClosed.runInContext(ClientCallImpl.java:714)
	at org.apache.ratis.thirdparty.io.grpc.internal.ContextRunnable.run(ContextRunnable.java:37)
	at org.apache.ratis.thirdparty.io.grpc.internal.SerializingExecutor.run(SerializingExecutor.java:133)
	at java.base/java.util.concurrent.ThreadPoolExecutor.runWorker(ThreadPoolExecutor.java:1144)
	at java.base/java.util.concurrent.ThreadPoolExecutor$Worker.run(ThreadPoolExecutor.java:642)
	at java.base/java.lang.Thread.run(Thread.java:1583)
Caused by: org.apache.ratis.protocol.exceptions.GroupMismatchException: 311b5faf-4d73-479d-9d03-a3296c64f810: group-A15D2AD9FF5A not found.
	at org.apache.ratis.server.impl.RaftServerProxy$ImplMap.get(RaftServerProxy.java:160)
	at org.apache.ratis.server.impl.RaftServerProxy.getImplFuture(RaftServerProxy.java:370)
	at org.apache.ratis.server.impl.RaftServerProxy.submitClientRequestAsync(RaftServerProxy.java:455)
	at org.apache.ratis.grpc.server.GrpcClientProtocolService$RequestStreamObserver.processClientRequest(GrpcClientProtocolService.java:226)
	at org.apache.ratis.grpc.server.GrpcClientProtocolService$OrderedRequestStreamObserver.processClientRequest(GrpcClientProtocolService.java:332)
	at org.apache.ratis.util.SlidingWindow$Server.processRequestsFromHead(SlidingWindow.java:467)
	at org.apache.ratis.util.SlidingWindow$Server.receivedRequest(SlidingWindow.java:459)
	at org.apache.ratis.grpc.server.GrpcClientProtocolService$OrderedRequestStreamObserver.processClientRequest(GrpcClientProtocolService.java:356)
	at org.apache.ratis.grpc.server.GrpcClientProtocolService$RequestStreamObserver.onNext(GrpcClientProtocolService.java:246)
	at org.apache.ratis.grpc.server.GrpcClientProtocolService$RequestStreamObserver.onNext(GrpcClientProtocolService.java:169)
	at org.apache.ratis.thirdparty.io.grpc.stub.ServerCalls$StreamingServerCallHandler$StreamingServerCallListener.onMessage(ServerCalls.java:262)
	at org.apache.ratis.thirdparty.io.grpc.internal.ServerCallImpl$ServerStreamListenerImpl.messagesAvailableInternal(ServerCallImpl.java:334)
	at org.apache.ratis.thirdparty.io.grpc.internal.ServerCallImpl$ServerStreamListenerImpl.messagesAvailable(ServerCallImpl.java:319)
	at org.apache.ratis.thirdparty.io.grpc.internal.ServerImpl$JumpToApplicationThreadServerStreamListener$1MessagesAvailable.runInContext(ServerImpl.java:834)
	... 5 more
2025-07-14 15:00:17,360 [grpc-default-executor-1] ERROR impl.OrderedAsync (OrderedAsync.java:lambda$send$4(179)) - Failed to send request, message=cmdType: PutBlock
traceID: ""
containerID: 2
datanodeUuid: "311b5faf-4d73-479d-9d03-a3296c64f810"
putBlock {
  blockData {
    blockID {
      containerID: 2
      localID: 115816896921600002
      blockCommitSequenceId: 0
    }
    metadata {
      key: "TYPE"
      value: "KEY"
    }
    chunks {
      chunkName: "115816896921600002_chunk_1"
      offset: 0
      len: 5
      checksumData {
        type: CRC32
        bytesPerChecksum: 16384
        checksums: "\350a\3440"
      }
    }
    chunks {
      chunkName: "115816896921600002_chunk_2"
      offset: 5
      len: 10
      checksumData {
        type: CRC32
        bytesPerChecksum: 16384
        checksums: "\317\357R*"
      }
    }
  }
  eof: false
}
version: 3
, data.size=0 due to java.util.concurrent.CompletionException: org.apache.ratis.protocol.exceptions.AlreadyClosedException: SlidingWindow$Client:client-A3B7C97025B9->RAFT is closed.
2025-07-14 15:00:17,361 [main] WARN  io.KeyOutputStream (KeyOutputStream.java:handleExceptionInternal(377)) - Encountered exception java.io.IOException: Unexpected Storage Container Exception: java.util.concurrent.CompletionException: Failed to write chunk 115816896921600002_chunk_2 into block conID: 2 locID: 115816896921600002 bcsId: 2 replicaIndex: null on the pipeline Pipeline{ Id: b5e3c89b-aaaa-44fc-9b61-a15d2ad9ff5a, Nodes: [ {311b5faf-4d73-479d-9d03-a3296c64f810(localhost/127.0.0.1), ReplicaIndex: 0}, {0f2a098c-ed74-48ca-a55f-ceee6161c687(localhost/127.0.0.1), ReplicaIndex: 0}, {b5acb6b3-ef2b-41db-9bfa-77a47d0ca582(localhost/127.0.0.1), ReplicaIndex: 0},], ReplicationConfig: RATIS/THREE, State:OPEN, leaderId:0f2a098c-ed74-48ca-a55f-ceee6161c687, CreationTimestamp2025-07-14T15:00:03.521Z[Etc/UTC]}. The last committed block length is 5, uncommitted data length is 10 retry count 0
2025-07-14 15:00:17,409 [52f0bf1a-a22c-4dfc-83f0-dd23f5b60a86@group-66EA1A40B3A7-StateMachineUpdater] INFO  ratis.ContainerStateMachine (ContainerStateMachine.java:takeSnapshot(427)) - group-66EA1A40B3A7: Taking a snapshot at:(t:1, i:2) file /home/runner/work/ozone/ozone/hadoop-ozone/integration-test/target/test-dir/MiniOzoneClusterImpl-aaa7dc72-7fbf-48e0-acc5-129182712624/ozone-meta/datanode-6/ratis/a63a7d38-be8c-449b-928f-66ea1a40b3a7/sm/snapshot.1_2
2025-07-14 15:00:17,410 [77d16558-8a68-4655-9235-107e22ba3c38@group-66EA1A40B3A7-StateMachineUpdater] INFO  ratis.ContainerStateMachine (ContainerStateMachine.java:takeSnapshot(427)) - group-66EA1A40B3A7: Taking a snapshot at:(t:1, i:1) file /home/runner/work/ozone/ozone/hadoop-ozone/integration-test/target/test-dir/MiniOzoneClusterImpl-aaa7dc72-7fbf-48e0-acc5-129182712624/ozone-meta/datanode-5/ratis/a63a7d38-be8c-449b-928f-66ea1a40b3a7/sm/snapshot.1_1
2025-07-14 15:00:17,410 [52f0bf1a-a22c-4dfc-83f0-dd23f5b60a86@group-66EA1A40B3A7-StateMachineUpdater] INFO  ratis.ContainerStateMachine (ContainerStateMachine.java:takeSnapshot(436)) - group-66EA1A40B3A7: Finished taking a snapshot at:(t:1, i:2) file:/home/runner/work/ozone/ozone/hadoop-ozone/integration-test/target/test-dir/MiniOzoneClusterImpl-aaa7dc72-7fbf-48e0-acc5-129182712624/ozone-meta/datanode-6/ratis/a63a7d38-be8c-449b-928f-66ea1a40b3a7/sm/snapshot.1_2 took: 2 ms
2025-07-14 15:00:17,410 [52f0bf1a-a22c-4dfc-83f0-dd23f5b60a86@group-66EA1A40B3A7-StateMachineUpdater] INFO  impl.StateMachineUpdater (StateMachineUpdater.java:takeSnapshot(307)) - 52f0bf1a-a22c-4dfc-83f0-dd23f5b60a86@group-66EA1A40B3A7-StateMachineUpdater: Took a snapshot at index 2
2025-07-14 15:00:17,410 [52f0bf1a-a22c-4dfc-83f0-dd23f5b60a86@group-66EA1A40B3A7-StateMachineUpdater] INFO  impl.StateMachineUpdater (StateMachineUpdater.java:lambda$new$0(101)) - 52f0bf1a-a22c-4dfc-83f0-dd23f5b60a86@group-66EA1A40B3A7-StateMachineUpdater: snapshotIndex: updateIncreasingly 0 -> 2
2025-07-14 15:00:17,411 [52f0bf1a-a22c-4dfc-83f0-dd23f5b60a86@group-66EA1A40B3A7-StateMachineUpdater] INFO  ratis.ContainerStateMachine (ContainerStateMachine.java:takeSnapshot(427)) - group-66EA1A40B3A7: Taking a snapshot at:(t:1, i:4) file /home/runner/work/ozone/ozone/hadoop-ozone/integration-test/target/test-dir/MiniOzoneClusterImpl-aaa7dc72-7fbf-48e0-acc5-129182712624/ozone-meta/datanode-6/ratis/a63a7d38-be8c-449b-928f-66ea1a40b3a7/sm/snapshot.1_4
2025-07-14 15:00:17,411 [77d16558-8a68-4655-9235-107e22ba3c38@group-66EA1A40B3A7-StateMachineUpdater] INFO  ratis.ContainerStateMachine (ContainerStateMachine.java:takeSnapshot(436)) - group-66EA1A40B3A7: Finished taking a snapshot at:(t:1, i:1) file:/home/runner/work/ozone/ozone/hadoop-ozone/integration-test/target/test-dir/MiniOzoneClusterImpl-aaa7dc72-7fbf-48e0-acc5-129182712624/ozone-meta/datanode-5/ratis/a63a7d38-be8c-449b-928f-66ea1a40b3a7/sm/snapshot.1_1 took: 1 ms
2025-07-14 15:00:17,412 [77d16558-8a68-4655-9235-107e22ba3c38@group-66EA1A40B3A7-StateMachineUpdater] INFO  impl.StateMachineUpdater (StateMachineUpdater.java:takeSnapshot(307)) - 77d16558-8a68-4655-9235-107e22ba3c38@group-66EA1A40B3A7-StateMachineUpdater: Took a snapshot at index 1
2025-07-14 15:00:17,412 [77d16558-8a68-4655-9235-107e22ba3c38@group-66EA1A40B3A7-StateMachineUpdater] INFO  impl.StateMachineUpdater (StateMachineUpdater.java:lambda$new$0(101)) - 77d16558-8a68-4655-9235-107e22ba3c38@group-66EA1A40B3A7-StateMachineUpdater: snapshotIndex: updateIncreasingly 0 -> 1
2025-07-14 15:00:17,414 [a505560f-c589-4eb5-89aa-a89970ae9358@group-66EA1A40B3A7-StateMachineUpdater] INFO  ratis.ContainerStateMachine (ContainerStateMachine.java:takeSnapshot(427)) - group-66EA1A40B3A7: Taking a snapshot at:(t:1, i:1) file /home/runner/work/ozone/ozone/hadoop-ozone/integration-test/target/test-dir/MiniOzoneClusterImpl-aaa7dc72-7fbf-48e0-acc5-129182712624/ozone-meta/datanode-4/ratis/a63a7d38-be8c-449b-928f-66ea1a40b3a7/sm/snapshot.1_1
2025-07-14 15:00:17,414 [52f0bf1a-a22c-4dfc-83f0-dd23f5b60a86@group-66EA1A40B3A7-StateMachineUpdater] INFO  ratis.ContainerStateMachine (ContainerStateMachine.java:takeSnapshot(436)) - group-66EA1A40B3A7: Finished taking a snapshot at:(t:1, i:4) file:/home/runner/work/ozone/ozone/hadoop-ozone/integration-test/target/test-dir/MiniOzoneClusterImpl-aaa7dc72-7fbf-48e0-acc5-129182712624/ozone-meta/datanode-6/ratis/a63a7d38-be8c-449b-928f-66ea1a40b3a7/sm/snapshot.1_4 took: 4 ms
2025-07-14 15:00:17,415 [52f0bf1a-a22c-4dfc-83f0-dd23f5b60a86@group-66EA1A40B3A7-StateMachineUpdater] INFO  impl.StateMachineUpdater (StateMachineUpdater.java:takeSnapshot(307)) - 52f0bf1a-a22c-4dfc-83f0-dd23f5b60a86@group-66EA1A40B3A7-StateMachineUpdater: Took a snapshot at index 4
2025-07-14 15:00:17,415 [52f0bf1a-a22c-4dfc-83f0-dd23f5b60a86@group-66EA1A40B3A7-StateMachineUpdater] INFO  impl.StateMachineUpdater (StateMachineUpdater.java:lambda$new$0(101)) - 52f0bf1a-a22c-4dfc-83f0-dd23f5b60a86@group-66EA1A40B3A7-StateMachineUpdater: snapshotIndex: updateIncreasingly 2 -> 4
2025-07-14 15:00:17,419 [a505560f-c589-4eb5-89aa-a89970ae9358@group-66EA1A40B3A7-StateMachineUpdater] INFO  ratis.ContainerStateMachine (ContainerStateMachine.java:takeSnapshot(436)) - group-66EA1A40B3A7: Finished taking a snapshot at:(t:1, i:1) file:/home/runner/work/ozone/ozone/hadoop-ozone/integration-test/target/test-dir/MiniOzoneClusterImpl-aaa7dc72-7fbf-48e0-acc5-129182712624/ozone-meta/datanode-4/ratis/a63a7d38-be8c-449b-928f-66ea1a40b3a7/sm/snapshot.1_1 took: 5 ms
2025-07-14 15:00:17,419 [a505560f-c589-4eb5-89aa-a89970ae9358@group-66EA1A40B3A7-StateMachineUpdater] INFO  impl.StateMachineUpdater (StateMachineUpdater.java:takeSnapshot(307)) - a505560f-c589-4eb5-89aa-a89970ae9358@group-66EA1A40B3A7-StateMachineUpdater: Took a snapshot at index 1
2025-07-14 15:00:17,420 [a505560f-c589-4eb5-89aa-a89970ae9358@group-66EA1A40B3A7-StateMachineUpdater] INFO  impl.StateMachineUpdater (StateMachineUpdater.java:lambda$new$0(101)) - a505560f-c589-4eb5-89aa-a89970ae9358@group-66EA1A40B3A7-StateMachineUpdater: snapshotIndex: updateIncreasingly 0 -> 1
2025-07-14 15:00:17,419 [main] INFO  io.BlockOutputStreamEntry (BlockOutputStreamEntry.java:writeOnRetry(192)) - BlockOutputStreamEntry:ratis1 conID: 3 locID: 115816896921600003 bcsId: 0 replicaIndex: null: Finish retrying with len 10, currentPosition 10
2025-07-14 15:00:17,420 [main] INFO  io.BlockOutputStreamEntry (BlockOutputStreamEntry.java:finishRetryHandling(141)) - BlockOutputStreamEntry:ratis1 conID: 3 locID: 115816896921600003 bcsId: 0 replicaIndex: null: Exiting retry handling mode
2025-07-14 15:00:17,426 [77d16558-8a68-4655-9235-107e22ba3c38@group-66EA1A40B3A7-StateMachineUpdater] INFO  ratis.ContainerStateMachine (ContainerStateMachine.java:takeSnapshot(427)) - group-66EA1A40B3A7: Taking a snapshot at:(t:1, i:4) file /home/runner/work/ozone/ozone/hadoop-ozone/integration-test/target/test-dir/MiniOzoneClusterImpl-aaa7dc72-7fbf-48e0-acc5-129182712624/ozone-meta/datanode-5/ratis/a63a7d38-be8c-449b-928f-66ea1a40b3a7/sm/snapshot.1_4
2025-07-14 15:00:17,428 [77d16558-8a68-4655-9235-107e22ba3c38@group-66EA1A40B3A7-StateMachineUpdater] INFO  ratis.ContainerStateMachine (ContainerStateMachine.java:takeSnapshot(436)) - group-66EA1A40B3A7: Finished taking a snapshot at:(t:1, i:4) file:/home/runner/work/ozone/ozone/hadoop-ozone/integration-test/target/test-dir/MiniOzoneClusterImpl-aaa7dc72-7fbf-48e0-acc5-129182712624/ozone-meta/datanode-5/ratis/a63a7d38-be8c-449b-928f-66ea1a40b3a7/sm/snapshot.1_4 took: 3 ms
2025-07-14 15:00:17,428 [77d16558-8a68-4655-9235-107e22ba3c38@group-66EA1A40B3A7-StateMachineUpdater] INFO  impl.StateMachineUpdater (StateMachineUpdater.java:takeSnapshot(307)) - 77d16558-8a68-4655-9235-107e22ba3c38@group-66EA1A40B3A7-StateMachineUpdater: Took a snapshot at index 4
2025-07-14 15:00:17,428 [77d16558-8a68-4655-9235-107e22ba3c38@group-66EA1A40B3A7-StateMachineUpdater] INFO  impl.StateMachineUpdater (StateMachineUpdater.java:lambda$new$0(101)) - 77d16558-8a68-4655-9235-107e22ba3c38@group-66EA1A40B3A7-StateMachineUpdater: snapshotIndex: updateIncreasingly 1 -> 4
2025-07-14 15:00:17,430 [a505560f-c589-4eb5-89aa-a89970ae9358@group-66EA1A40B3A7-StateMachineUpdater] INFO  ratis.ContainerStateMachine (ContainerStateMachine.java:takeSnapshot(427)) - group-66EA1A40B3A7: Taking a snapshot at:(t:1, i:4) file /home/runner/work/ozone/ozone/hadoop-ozone/integration-test/target/test-dir/MiniOzoneClusterImpl-aaa7dc72-7fbf-48e0-acc5-129182712624/ozone-meta/datanode-4/ratis/a63a7d38-be8c-449b-928f-66ea1a40b3a7/sm/snapshot.1_4
2025-07-14 15:00:17,431 [a505560f-c589-4eb5-89aa-a89970ae9358@group-66EA1A40B3A7-StateMachineUpdater] INFO  ratis.ContainerStateMachine (ContainerStateMachine.java:takeSnapshot(436)) - group-66EA1A40B3A7: Finished taking a snapshot at:(t:1, i:4) file:/home/runner/work/ozone/ozone/hadoop-ozone/integration-test/target/test-dir/MiniOzoneClusterImpl-aaa7dc72-7fbf-48e0-acc5-129182712624/ozone-meta/datanode-4/ratis/a63a7d38-be8c-449b-928f-66ea1a40b3a7/sm/snapshot.1_4 took: 1 ms
2025-07-14 15:00:17,431 [a505560f-c589-4eb5-89aa-a89970ae9358@group-66EA1A40B3A7-StateMachineUpdater] INFO  impl.StateMachineUpdater (StateMachineUpdater.java:takeSnapshot(307)) - a505560f-c589-4eb5-89aa-a89970ae9358@group-66EA1A40B3A7-StateMachineUpdater: Took a snapshot at index 4
2025-07-14 15:00:17,431 [a505560f-c589-4eb5-89aa-a89970ae9358@group-66EA1A40B3A7-StateMachineUpdater] INFO  impl.StateMachineUpdater (StateMachineUpdater.java:lambda$new$0(101)) - a505560f-c589-4eb5-89aa-a89970ae9358@group-66EA1A40B3A7-StateMachineUpdater: snapshotIndex: updateIncreasingly 1 -> 4
2025-07-14 15:00:17,436 [52f0bf1a-a22c-4dfc-83f0-dd23f5b60a86@group-66EA1A40B3A7-StateMachineUpdater] INFO  ratis.ContainerStateMachine (ContainerStateMachine.java:takeSnapshot(427)) - group-66EA1A40B3A7: Taking a snapshot at:(t:1, i:5) file /home/runner/work/ozone/ozone/hadoop-ozone/integration-test/target/test-dir/MiniOzoneClusterImpl-aaa7dc72-7fbf-48e0-acc5-129182712624/ozone-meta/datanode-6/ratis/a63a7d38-be8c-449b-928f-66ea1a40b3a7/sm/snapshot.1_5
2025-07-14 15:00:17,437 [77d16558-8a68-4655-9235-107e22ba3c38@group-66EA1A40B3A7-StateMachineUpdater] INFO  ratis.ContainerStateMachine (ContainerStateMachine.java:takeSnapshot(427)) - group-66EA1A40B3A7: Taking a snapshot at:(t:1, i:5) file /home/runner/work/ozone/ozone/hadoop-ozone/integration-test/target/test-dir/MiniOzoneClusterImpl-aaa7dc72-7fbf-48e0-acc5-129182712624/ozone-meta/datanode-5/ratis/a63a7d38-be8c-449b-928f-66ea1a40b3a7/sm/snapshot.1_5
2025-07-14 15:00:17,437 [a505560f-c589-4eb5-89aa-a89970ae9358@group-66EA1A40B3A7-StateMachineUpdater] INFO  ratis.ContainerStateMachine (ContainerStateMachine.java:takeSnapshot(427)) - group-66EA1A40B3A7: Taking a snapshot at:(t:1, i:6) file /home/runner/work/ozone/ozone/hadoop-ozone/integration-test/target/test-dir/MiniOzoneClusterImpl-aaa7dc72-7fbf-48e0-acc5-129182712624/ozone-meta/datanode-4/ratis/a63a7d38-be8c-449b-928f-66ea1a40b3a7/sm/snapshot.1_6
2025-07-14 15:00:17,438 [77d16558-8a68-4655-9235-107e22ba3c38@group-66EA1A40B3A7-StateMachineUpdater] INFO  ratis.ContainerStateMachine (ContainerStateMachine.java:takeSnapshot(436)) - group-66EA1A40B3A7: Finished taking a snapshot at:(t:1, i:5) file:/home/runner/work/ozone/ozone/hadoop-ozone/integration-test/target/test-dir/MiniOzoneClusterImpl-aaa7dc72-7fbf-48e0-acc5-129182712624/ozone-meta/datanode-5/ratis/a63a7d38-be8c-449b-928f-66ea1a40b3a7/sm/snapshot.1_5 took: 2 ms
2025-07-14 15:00:17,438 [a505560f-c589-4eb5-89aa-a89970ae9358@group-66EA1A40B3A7-StateMachineUpdater] INFO  ratis.ContainerStateMachine (ContainerStateMachine.java:takeSnapshot(436)) - group-66EA1A40B3A7: Finished taking a snapshot at:(t:1, i:6) file:/home/runner/work/ozone/ozone/hadoop-ozone/integration-test/target/test-dir/MiniOzoneClusterImpl-aaa7dc72-7fbf-48e0-acc5-129182712624/ozone-meta/datanode-4/ratis/a63a7d38-be8c-449b-928f-66ea1a40b3a7/sm/snapshot.1_6 took: 1 ms
2025-07-14 15:00:17,439 [a505560f-c589-4eb5-89aa-a89970ae9358@group-66EA1A40B3A7-StateMachineUpdater] INFO  impl.StateMachineUpdater (StateMachineUpdater.java:takeSnapshot(307)) - a505560f-c589-4eb5-89aa-a89970ae9358@group-66EA1A40B3A7-StateMachineUpdater: Took a snapshot at index 6
2025-07-14 15:00:17,439 [a505560f-c589-4eb5-89aa-a89970ae9358@group-66EA1A40B3A7-StateMachineUpdater] INFO  impl.StateMachineUpdater (StateMachineUpdater.java:lambda$new$0(101)) - a505560f-c589-4eb5-89aa-a89970ae9358@group-66EA1A40B3A7-StateMachineUpdater: snapshotIndex: updateIncreasingly 4 -> 6
2025-07-14 15:00:17,439 [52f0bf1a-a22c-4dfc-83f0-dd23f5b60a86@group-66EA1A40B3A7-StateMachineUpdater] INFO  ratis.ContainerStateMachine (ContainerStateMachine.java:takeSnapshot(436)) - group-66EA1A40B3A7: Finished taking a snapshot at:(t:1, i:5) file:/home/runner/work/ozone/ozone/hadoop-ozone/integration-test/target/test-dir/MiniOzoneClusterImpl-aaa7dc72-7fbf-48e0-acc5-129182712624/ozone-meta/datanode-6/ratis/a63a7d38-be8c-449b-928f-66ea1a40b3a7/sm/snapshot.1_5 took: 3 ms
2025-07-14 15:00:17,439 [52f0bf1a-a22c-4dfc-83f0-dd23f5b60a86@group-66EA1A40B3A7-StateMachineUpdater] INFO  impl.StateMachineUpdater (StateMachineUpdater.java:takeSnapshot(307)) - 52f0bf1a-a22c-4dfc-83f0-dd23f5b60a86@group-66EA1A40B3A7-StateMachineUpdater: Took a snapshot at index 5
2025-07-14 15:00:17,439 [52f0bf1a-a22c-4dfc-83f0-dd23f5b60a86@group-66EA1A40B3A7-StateMachineUpdater] INFO  impl.StateMachineUpdater (StateMachineUpdater.java:lambda$new$0(101)) - 52f0bf1a-a22c-4dfc-83f0-dd23f5b60a86@group-66EA1A40B3A7-StateMachineUpdater: snapshotIndex: updateIncreasingly 4 -> 5
2025-07-14 15:00:17,439 [52f0bf1a-a22c-4dfc-83f0-dd23f5b60a86@group-66EA1A40B3A7-StateMachineUpdater] INFO  ratis.ContainerStateMachine (ContainerStateMachine.java:takeSnapshot(427)) - group-66EA1A40B3A7: Taking a snapshot at:(t:1, i:8) file /home/runner/work/ozone/ozone/hadoop-ozone/integration-test/target/test-dir/MiniOzoneClusterImpl-aaa7dc72-7fbf-48e0-acc5-129182712624/ozone-meta/datanode-6/ratis/a63a7d38-be8c-449b-928f-66ea1a40b3a7/sm/snapshot.1_8
2025-07-14 15:00:17,439 [77d16558-8a68-4655-9235-107e22ba3c38@group-66EA1A40B3A7-StateMachineUpdater] INFO  impl.StateMachineUpdater (StateMachineUpdater.java:takeSnapshot(307)) - 77d16558-8a68-4655-9235-107e22ba3c38@group-66EA1A40B3A7-StateMachineUpdater: Took a snapshot at index 5
2025-07-14 15:00:17,440 [77d16558-8a68-4655-9235-107e22ba3c38@group-66EA1A40B3A7-StateMachineUpdater] INFO  impl.StateMachineUpdater (StateMachineUpdater.java:lambda$new$0(101)) - 77d16558-8a68-4655-9235-107e22ba3c38@group-66EA1A40B3A7-StateMachineUpdater: snapshotIndex: updateIncreasingly 4 -> 5
2025-07-14 15:00:17,440 [77d16558-8a68-4655-9235-107e22ba3c38@group-66EA1A40B3A7-StateMachineUpdater] INFO  ratis.ContainerStateMachine (ContainerStateMachine.java:takeSnapshot(427)) - group-66EA1A40B3A7: Taking a snapshot at:(t:1, i:8) file /home/runner/work/ozone/ozone/hadoop-ozone/integration-test/target/test-dir/MiniOzoneClusterImpl-aaa7dc72-7fbf-48e0-acc5-129182712624/ozone-meta/datanode-5/ratis/a63a7d38-be8c-449b-928f-66ea1a40b3a7/sm/snapshot.1_8
2025-07-14 15:00:17,442 [a505560f-c589-4eb5-89aa-a89970ae9358@group-66EA1A40B3A7-StateMachineUpdater] INFO  ratis.ContainerStateMachine (ContainerStateMachine.java:takeSnapshot(427)) - group-66EA1A40B3A7: Taking a snapshot at:(t:1, i:8) file /home/runner/work/ozone/ozone/hadoop-ozone/integration-test/target/test-dir/MiniOzoneClusterImpl-aaa7dc72-7fbf-48e0-acc5-129182712624/ozone-meta/datanode-4/ratis/a63a7d38-be8c-449b-928f-66ea1a40b3a7/sm/snapshot.1_8
2025-07-14 15:00:17,442 [77d16558-8a68-4655-9235-107e22ba3c38@group-66EA1A40B3A7-StateMachineUpdater] INFO  ratis.ContainerStateMachine (ContainerStateMachine.java:takeSnapshot(436)) - group-66EA1A40B3A7: Finished taking a snapshot at:(t:1, i:8) file:/home/runner/work/ozone/ozone/hadoop-ozone/integration-test/target/test-dir/MiniOzoneClusterImpl-aaa7dc72-7fbf-48e0-acc5-129182712624/ozone-meta/datanode-5/ratis/a63a7d38-be8c-449b-928f-66ea1a40b3a7/sm/snapshot.1_8 took: 2 ms
2025-07-14 15:00:17,442 [52f0bf1a-a22c-4dfc-83f0-dd23f5b60a86@group-66EA1A40B3A7-StateMachineUpdater] INFO  ratis.ContainerStateMachine (ContainerStateMachine.java:takeSnapshot(436)) - group-66EA1A40B3A7: Finished taking a snapshot at:(t:1, i:8) file:/home/runner/work/ozone/ozone/hadoop-ozone/integration-test/target/test-dir/MiniOzoneClusterImpl-aaa7dc72-7fbf-48e0-acc5-129182712624/ozone-meta/datanode-6/ratis/a63a7d38-be8c-449b-928f-66ea1a40b3a7/sm/snapshot.1_8 took: 2 ms
2025-07-14 15:00:17,442 [77d16558-8a68-4655-9235-107e22ba3c38@group-66EA1A40B3A7-StateMachineUpdater] INFO  impl.StateMachineUpdater (StateMachineUpdater.java:takeSnapshot(307)) - 77d16558-8a68-4655-9235-107e22ba3c38@group-66EA1A40B3A7-StateMachineUpdater: Took a snapshot at index 8
2025-07-14 15:00:17,442 [77d16558-8a68-4655-9235-107e22ba3c38@group-66EA1A40B3A7-StateMachineUpdater] INFO  impl.StateMachineUpdater (StateMachineUpdater.java:lambda$new$0(101)) - 77d16558-8a68-4655-9235-107e22ba3c38@group-66EA1A40B3A7-StateMachineUpdater: snapshotIndex: updateIncreasingly 5 -> 8
2025-07-14 15:00:17,443 [a505560f-c589-4eb5-89aa-a89970ae9358@group-66EA1A40B3A7-StateMachineUpdater] INFO  ratis.ContainerStateMachine (ContainerStateMachine.java:takeSnapshot(436)) - group-66EA1A40B3A7: Finished taking a snapshot at:(t:1, i:8) file:/home/runner/work/ozone/ozone/hadoop-ozone/integration-test/target/test-dir/MiniOzoneClusterImpl-aaa7dc72-7fbf-48e0-acc5-129182712624/ozone-meta/datanode-4/ratis/a63a7d38-be8c-449b-928f-66ea1a40b3a7/sm/snapshot.1_8 took: 1 ms
2025-07-14 15:00:17,443 [a505560f-c589-4eb5-89aa-a89970ae9358@group-66EA1A40B3A7-StateMachineUpdater] INFO  impl.StateMachineUpdater (StateMachineUpdater.java:takeSnapshot(307)) - a505560f-c589-4eb5-89aa-a89970ae9358@group-66EA1A40B3A7-StateMachineUpdater: Took a snapshot at index 8
2025-07-14 15:00:17,443 [a505560f-c589-4eb5-89aa-a89970ae9358@group-66EA1A40B3A7-StateMachineUpdater] INFO  impl.StateMachineUpdater (StateMachineUpdater.java:lambda$new$0(101)) - a505560f-c589-4eb5-89aa-a89970ae9358@group-66EA1A40B3A7-StateMachineUpdater: snapshotIndex: updateIncreasingly 6 -> 8
2025-07-14 15:00:17,443 [52f0bf1a-a22c-4dfc-83f0-dd23f5b60a86@group-66EA1A40B3A7-StateMachineUpdater] INFO  impl.StateMachineUpdater (StateMachineUpdater.java:takeSnapshot(307)) - 52f0bf1a-a22c-4dfc-83f0-dd23f5b60a86@group-66EA1A40B3A7-StateMachineUpdater: Took a snapshot at index 8
2025-07-14 15:00:17,443 [52f0bf1a-a22c-4dfc-83f0-dd23f5b60a86@group-66EA1A40B3A7-StateMachineUpdater] INFO  impl.StateMachineUpdater (StateMachineUpdater.java:lambda$new$0(101)) - 52f0bf1a-a22c-4dfc-83f0-dd23f5b60a86@group-66EA1A40B3A7-StateMachineUpdater: snapshotIndex: updateIncreasingly 5 -> 8
2025-07-14 15:00:17,670 [311b5faf-4d73-479d-9d03-a3296c64f810-ChunkReader-3] ERROR helpers.ContainerUtils (ContainerUtils.java:getChunkDir(273)) - Chunks dir /home/runner/work/ozone/ozone/hadoop-ozone/integration-test/target/test-dir/MiniOzoneClusterImpl-aaa7dc72-7fbf-48e0-acc5-129182712624/ozone-meta/datanode-1/data-0/hdds/aaa7dc72-7fbf-48e0-acc5-129182712624/current/containerDir0/2/chunks does not exist
2025-07-14 15:00:17,670 [311b5faf-4d73-479d-9d03-a3296c64f810-ChunkReader-3] WARN  keyvalue.KeyValueHandler (ContainerUtils.java:logAndReturnError(94)) - Operation: ReadChunk , Trace ID:  , Message: Chunks directory /home/runner/work/ozone/ozone/hadoop-ozone/integration-test/target/test-dir/MiniOzoneClusterImpl-aaa7dc72-7fbf-48e0-acc5-129182712624/ozone-meta/datanode-1/data-0/hdds/aaa7dc72-7fbf-48e0-acc5-129182712624/current/containerDir0/2/chunks does not exist. , Result: UNABLE_TO_FIND_DATA_DIR , StorageContainerException Occurred.
org.apache.hadoop.hdds.scm.container.common.helpers.StorageContainerException: Chunks directory /home/runner/work/ozone/ozone/hadoop-ozone/integration-test/target/test-dir/MiniOzoneClusterImpl-aaa7dc72-7fbf-48e0-acc5-129182712624/ozone-meta/datanode-1/data-0/hdds/aaa7dc72-7fbf-48e0-acc5-129182712624/current/containerDir0/2/chunks does not exist.
	at org.apache.hadoop.ozone.container.common.helpers.ContainerUtils.getChunkDir(ContainerUtils.java:275)
	at org.apache.hadoop.ozone.container.common.impl.ContainerLayoutVersion.getChunkFile(ContainerLayoutVersion.java:115)
	at org.apache.hadoop.ozone.container.keyvalue.impl.FilePerBlockStrategy.getChunkFile(FilePerBlockStrategy.java:300)
	at org.apache.hadoop.ozone.container.keyvalue.impl.FilePerBlockStrategy.readChunk(FilePerBlockStrategy.java:216)
	at org.apache.hadoop.ozone.container.keyvalue.impl.ChunkManagerDispatcher.readChunk(ChunkManagerDispatcher.java:108)
	at org.apache.hadoop.ozone.container.keyvalue.KeyValueHandler.handleReadChunk(KeyValueHandler.java:936)
	at org.apache.hadoop.ozone.container.keyvalue.KeyValueHandler.dispatchRequest(KeyValueHandler.java:338)
	at org.apache.hadoop.ozone.container.keyvalue.KeyValueHandler.handle(KeyValueHandler.java:293)
	at org.apache.hadoop.ozone.container.common.impl.HddsDispatcher.dispatchRequest(HddsDispatcher.java:365)
	at org.apache.hadoop.ozone.container.common.impl.HddsDispatcher.lambda$dispatch$1(HddsDispatcher.java:190)
	at org.apache.hadoop.hdds.server.OzoneProtocolMessageDispatcher.processRequest(OzoneProtocolMessageDispatcher.java:87)
	at org.apache.hadoop.ozone.container.common.impl.HddsDispatcher.dispatch(HddsDispatcher.java:189)
	at org.apache.hadoop.ozone.container.common.transport.server.GrpcXceiverService$1.onNext(GrpcXceiverService.java:107)
	at org.apache.hadoop.ozone.container.common.transport.server.GrpcXceiverService$1.onNext(GrpcXceiverService.java:96)
	at org.apache.ratis.thirdparty.io.grpc.stub.ServerCalls$StreamingServerCallHandler$StreamingServerCallListener.onMessage(ServerCalls.java:262)
	at org.apache.ratis.thirdparty.io.grpc.ForwardingServerCallListener.onMessage(ForwardingServerCallListener.java:33)
	at org.apache.hadoop.hdds.tracing.GrpcServerInterceptor$1.onMessage(GrpcServerInterceptor.java:49)
	at org.apache.ratis.thirdparty.io.grpc.internal.ServerCallImpl$ServerStreamListenerImpl.messagesAvailableInternal(ServerCallImpl.java:334)
	at org.apache.ratis.thirdparty.io.grpc.internal.ServerCallImpl$ServerStreamListenerImpl.messagesAvailable(ServerCallImpl.java:319)
	at org.apache.ratis.thirdparty.io.grpc.internal.ServerImpl$JumpToApplicationThreadServerStreamListener$1MessagesAvailable.runInContext(ServerImpl.java:834)
	at org.apache.ratis.thirdparty.io.grpc.internal.ContextRunnable.run(ContextRunnable.java:37)
	at org.apache.ratis.thirdparty.io.grpc.internal.SerializingExecutor.run(SerializingExecutor.java:133)
	at java.base/java.util.concurrent.ThreadPoolExecutor.runWorker(ThreadPoolExecutor.java:1144)
	at java.base/java.util.concurrent.ThreadPoolExecutor$Worker.run(ThreadPoolExecutor.java:642)
	at java.base/java.lang.Thread.run(Thread.java:1583)
2025-07-14T15:00:17.671616921Z 311b5faf-4d73-479d-9d03-a3296c64f810-ChunkReader-3 ERROR user=null | ip=null | op=READ_CHUNK {blockData=conID: 2 locID: 115816896921600002 bcsId: 2 replicaIndex: null, offset=0, size=5} | ret=FAILURE
java.lang.Exception: Chunks directory /home/runner/work/ozone/ozone/hadoop-ozone/integration-test/target/test-dir/MiniOzoneClusterImpl-aaa7dc72-7fbf-48e0-acc5-129182712624/ozone-meta/datanode-1/data-0/hdds/aaa7dc72-7fbf-48e0-acc5-129182712624/current/containerDir0/2/chunks does not exist.
	at org.apache.hadoop.ozone.container.common.impl.HddsDispatcher.dispatchRequest(HddsDispatcher.java:439)
	at org.apache.hadoop.ozone.container.common.impl.HddsDispatcher.lambda$dispatch$1(HddsDispatcher.java:190)
	at org.apache.hadoop.hdds.server.OzoneProtocolMessageDispatcher.processRequest(OzoneProtocolMessageDispatcher.java:87)
	at org.apache.hadoop.ozone.container.common.impl.HddsDispatcher.dispatch(HddsDispatcher.java:189)
	at org.apache.hadoop.ozone.container.common.transport.server.GrpcXceiverService$1.onNext(GrpcXceiverService.java:107)
	at org.apache.hadoop.ozone.container.common.transport.server.GrpcXceiverService$1.onNext(GrpcXceiverService.java:96)
	at org.apache.ratis.thirdparty.io.grpc.stub.ServerCalls$StreamingServerCallHandler$StreamingServerCallListener.onMessage(ServerCalls.java:262)
	at org.apache.ratis.thirdparty.io.grpc.ForwardingServerCallListener.onMessage(ForwardingServerCallListener.java:33)
	at org.apache.hadoop.hdds.tracing.GrpcServerInterceptor$1.onMessage(GrpcServerInterceptor.java:49)
	at org.apache.ratis.thirdparty.io.grpc.internal.ServerCallImpl$ServerStreamListenerImpl.messagesAvailableInternal(ServerCallImpl.java:334)
	at org.apache.ratis.thirdparty.io.grpc.internal.ServerCallImpl$ServerStreamListenerImpl.messagesAvailable(ServerCallImpl.java:319)
	at org.apache.ratis.thirdparty.io.grpc.internal.ServerImpl$JumpToApplicationThreadServerStreamListener$1MessagesAvailable.runInContext(ServerImpl.java:834)
	at org.apache.ratis.thirdparty.io.grpc.internal.ContextRunnable.run(ContextRunnable.java:37)
	at org.apache.ratis.thirdparty.io.grpc.internal.SerializingExecutor.run(SerializingExecutor.java:133)
	at java.base/java.util.concurrent.ThreadPoolExecutor.runWorker(ThreadPoolExecutor.java:1144)
	at java.base/java.util.concurrent.ThreadPoolExecutor$Worker.run(ThreadPoolExecutor.java:642)
	at java.base/java.lang.Thread.run(Thread.java:1583)
2025-07-14 15:00:17,676 [b5acb6b3-ef2b-41db-9bfa-77a47d0ca582-ChunkReader-1] ERROR helpers.ContainerUtils (ContainerUtils.java:getChunkDir(273)) - Chunks dir /home/runner/work/ozone/ozone/hadoop-ozone/integration-test/target/test-dir/MiniOzoneClusterImpl-aaa7dc72-7fbf-48e0-acc5-129182712624/ozone-meta/datanode-3/data-0/hdds/aaa7dc72-7fbf-48e0-acc5-129182712624/current/containerDir0/2/chunks does not exist
2025-07-14 15:00:17,676 [b5acb6b3-ef2b-41db-9bfa-77a47d0ca582-ChunkReader-1] WARN  keyvalue.KeyValueHandler (ContainerUtils.java:logAndReturnError(94)) - Operation: ReadChunk , Trace ID:  , Message: Chunks directory /home/runner/work/ozone/ozone/hadoop-ozone/integration-test/target/test-dir/MiniOzoneClusterImpl-aaa7dc72-7fbf-48e0-acc5-129182712624/ozone-meta/datanode-3/data-0/hdds/aaa7dc72-7fbf-48e0-acc5-129182712624/current/containerDir0/2/chunks does not exist. , Result: UNABLE_TO_FIND_DATA_DIR , StorageContainerException Occurred.
org.apache.hadoop.hdds.scm.container.common.helpers.StorageContainerException: Chunks directory /home/runner/work/ozone/ozone/hadoop-ozone/integration-test/target/test-dir/MiniOzoneClusterImpl-aaa7dc72-7fbf-48e0-acc5-129182712624/ozone-meta/datanode-3/data-0/hdds/aaa7dc72-7fbf-48e0-acc5-129182712624/current/containerDir0/2/chunks does not exist.
	at org.apache.hadoop.ozone.container.common.helpers.ContainerUtils.getChunkDir(ContainerUtils.java:275)
	at org.apache.hadoop.ozone.container.common.impl.ContainerLayoutVersion.getChunkFile(ContainerLayoutVersion.java:115)
	at org.apache.hadoop.ozone.container.keyvalue.impl.FilePerBlockStrategy.getChunkFile(FilePerBlockStrategy.java:300)
	at org.apache.hadoop.ozone.container.keyvalue.impl.FilePerBlockStrategy.readChunk(FilePerBlockStrategy.java:216)
	at org.apache.hadoop.ozone.container.keyvalue.impl.ChunkManagerDispatcher.readChunk(ChunkManagerDispatcher.java:108)
	at org.apache.hadoop.ozone.container.keyvalue.KeyValueHandler.handleReadChunk(KeyValueHandler.java:936)
	at org.apache.hadoop.ozone.container.keyvalue.KeyValueHandler.dispatchRequest(KeyValueHandler.java:338)
	at org.apache.hadoop.ozone.container.keyvalue.KeyValueHandler.handle(KeyValueHandler.java:293)
	at org.apache.hadoop.ozone.container.common.impl.HddsDispatcher.dispatchRequest(HddsDispatcher.java:365)
	at org.apache.hadoop.ozone.container.common.impl.HddsDispatcher.lambda$dispatch$1(HddsDispatcher.java:190)
	at org.apache.hadoop.hdds.server.OzoneProtocolMessageDispatcher.processRequest(OzoneProtocolMessageDispatcher.java:87)
	at org.apache.hadoop.ozone.container.common.impl.HddsDispatcher.dispatch(HddsDispatcher.java:189)
	at org.apache.hadoop.ozone.container.common.transport.server.GrpcXceiverService$1.onNext(GrpcXceiverService.java:107)
	at org.apache.hadoop.ozone.container.common.transport.server.GrpcXceiverService$1.onNext(GrpcXceiverService.java:96)
	at org.apache.ratis.thirdparty.io.grpc.stub.ServerCalls$StreamingServerCallHandler$StreamingServerCallListener.onMessage(ServerCalls.java:262)
	at org.apache.ratis.thirdparty.io.grpc.ForwardingServerCallListener.onMessage(ForwardingServerCallListener.java:33)
	at org.apache.hadoop.hdds.tracing.GrpcServerInterceptor$1.onMessage(GrpcServerInterceptor.java:49)
	at org.apache.ratis.thirdparty.io.grpc.internal.ServerCallImpl$ServerStreamListenerImpl.messagesAvailableInternal(ServerCallImpl.java:334)
	at org.apache.ratis.thirdparty.io.grpc.internal.ServerCallImpl$ServerStreamListenerImpl.messagesAvailable(ServerCallImpl.java:319)
	at org.apache.ratis.thirdparty.io.grpc.internal.ServerImpl$JumpToApplicationThreadServerStreamListener$1MessagesAvailable.runInContext(ServerImpl.java:834)
	at org.apache.ratis.thirdparty.io.grpc.internal.ContextRunnable.run(ContextRunnable.java:37)
	at org.apache.ratis.thirdparty.io.grpc.internal.SerializingExecutor.run(SerializingExecutor.java:133)
	at java.base/java.util.concurrent.ThreadPoolExecutor.runWorker(ThreadPoolExecutor.java:1144)
	at java.base/java.util.concurrent.ThreadPoolExecutor$Worker.run(ThreadPoolExecutor.java:642)
	at java.base/java.lang.Thread.run(Thread.java:1583)
2025-07-14T15:00:17.677324713Z b5acb6b3-ef2b-41db-9bfa-77a47d0ca582-ChunkReader-1 ERROR user=null | ip=null | op=READ_CHUNK {blockData=conID: 2 locID: 115816896921600002 bcsId: 2 replicaIndex: null, offset=0, size=5} | ret=FAILURE
java.lang.Exception: Chunks directory /home/runner/work/ozone/ozone/hadoop-ozone/integration-test/target/test-dir/MiniOzoneClusterImpl-aaa7dc72-7fbf-48e0-acc5-129182712624/ozone-meta/datanode-3/data-0/hdds/aaa7dc72-7fbf-48e0-acc5-129182712624/current/containerDir0/2/chunks does not exist.
	at org.apache.hadoop.ozone.container.common.impl.HddsDispatcher.dispatchRequest(HddsDispatcher.java:439)
	at org.apache.hadoop.ozone.container.common.impl.HddsDispatcher.lambda$dispatch$1(HddsDispatcher.java:190)
	at org.apache.hadoop.hdds.server.OzoneProtocolMessageDispatcher.processRequest(OzoneProtocolMessageDispatcher.java:87)
	at org.apache.hadoop.ozone.container.common.impl.HddsDispatcher.dispatch(HddsDispatcher.java:189)
	at org.apache.hadoop.ozone.container.common.transport.server.GrpcXceiverService$1.onNext(GrpcXceiverService.java:107)
	at org.apache.hadoop.ozone.container.common.transport.server.GrpcXceiverService$1.onNext(GrpcXceiverService.java:96)
	at org.apache.ratis.thirdparty.io.grpc.stub.ServerCalls$StreamingServerCallHandler$StreamingServerCallListener.onMessage(ServerCalls.java:262)
	at org.apache.ratis.thirdparty.io.grpc.ForwardingServerCallListener.onMessage(ForwardingServerCallListener.java:33)
	at org.apache.hadoop.hdds.tracing.GrpcServerInterceptor$1.onMessage(GrpcServerInterceptor.java:49)
	at org.apache.ratis.thirdparty.io.grpc.internal.ServerCallImpl$ServerStreamListenerImpl.messagesAvailableInternal(ServerCallImpl.java:334)
	at org.apache.ratis.thirdparty.io.grpc.internal.ServerCallImpl$ServerStreamListenerImpl.messagesAvailable(ServerCallImpl.java:319)
	at org.apache.ratis.thirdparty.io.grpc.internal.ServerImpl$JumpToApplicationThreadServerStreamListener$1MessagesAvailable.runInContext(ServerImpl.java:834)
	at org.apache.ratis.thirdparty.io.grpc.internal.ContextRunnable.run(ContextRunnable.java:37)
	at org.apache.ratis.thirdparty.io.grpc.internal.SerializingExecutor.run(SerializingExecutor.java:133)
	at java.base/java.util.concurrent.ThreadPoolExecutor.runWorker(ThreadPoolExecutor.java:1144)
	at java.base/java.util.concurrent.ThreadPoolExecutor$Worker.run(ThreadPoolExecutor.java:642)
	at java.base/java.lang.Thread.run(Thread.java:1583)
]]></system-out>
  </testcase>
  <testcase name="testWriteStateMachineDataIdempotencyWithClosedContainer" classname="org.apache.hadoop.ozone.client.rpc.TestContainerStateMachineFailures" time="0.373">
    <failure message="expected: &lt;UNHEALTHY&gt; but was: &lt;CLOSED&gt;" type="org.opentest4j.AssertionFailedError"><![CDATA[org.opentest4j.AssertionFailedError: expected: <UNHEALTHY> but was: <CLOSED>
	at org.junit.jupiter.api.AssertionFailureBuilder.build(AssertionFailureBuilder.java:151)
	at org.junit.jupiter.api.AssertionFailureBuilder.buildAndThrow(AssertionFailureBuilder.java:132)
	at org.junit.jupiter.api.AssertSame.failNotSame(AssertSame.java:50)
	at org.junit.jupiter.api.AssertSame.assertSame(AssertSame.java:35)
	at org.junit.jupiter.api.AssertSame.assertSame(AssertSame.java:30)
	at org.junit.jupiter.api.Assertions.assertSame(Assertions.java:2860)
	at org.apache.hadoop.ozone.client.rpc.TestContainerStateMachineFailures.testWriteStateMachineDataIdempotencyWithClosedContainer(TestContainerStateMachineFailures.java:738)
	at java.base/java.lang.reflect.Method.invoke(Method.java:580)
	at java.base/java.util.ArrayList.forEach(ArrayList.java:1596)
	at java.base/java.util.ArrayList.forEach(ArrayList.java:1596)
]]></failure>
    <system-out><![CDATA[2025-07-14 15:00:17,739 [9eaddddd-9b57-463b-ae7a-e3a77c744c69@group-92AAB85E7561-StateMachineUpdater] INFO  ratis.ContainerStateMachine (ContainerStateMachine.java:takeSnapshot(427)) - group-92AAB85E7561: Taking a snapshot at:(t:1, i:1) file /home/runner/work/ozone/ozone/hadoop-ozone/integration-test/target/test-dir/MiniOzoneClusterImpl-aaa7dc72-7fbf-48e0-acc5-129182712624/ozone-meta/datanode-10/ratis/e4531615-3152-4076-828e-92aab85e7561/sm/snapshot.1_1
2025-07-14 15:00:17,740 [9eaddddd-9b57-463b-ae7a-e3a77c744c69@group-92AAB85E7561-StateMachineUpdater] INFO  ratis.ContainerStateMachine (ContainerStateMachine.java:takeSnapshot(436)) - group-92AAB85E7561: Finished taking a snapshot at:(t:1, i:1) file:/home/runner/work/ozone/ozone/hadoop-ozone/integration-test/target/test-dir/MiniOzoneClusterImpl-aaa7dc72-7fbf-48e0-acc5-129182712624/ozone-meta/datanode-10/ratis/e4531615-3152-4076-828e-92aab85e7561/sm/snapshot.1_1 took: 1 ms
2025-07-14 15:00:17,740 [9eaddddd-9b57-463b-ae7a-e3a77c744c69@group-92AAB85E7561-StateMachineUpdater] INFO  impl.StateMachineUpdater (StateMachineUpdater.java:takeSnapshot(307)) - 9eaddddd-9b57-463b-ae7a-e3a77c744c69@group-92AAB85E7561-StateMachineUpdater: Took a snapshot at index 1
2025-07-14 15:00:17,740 [9eaddddd-9b57-463b-ae7a-e3a77c744c69@group-92AAB85E7561-StateMachineUpdater] INFO  impl.StateMachineUpdater (StateMachineUpdater.java:lambda$new$0(101)) - 9eaddddd-9b57-463b-ae7a-e3a77c744c69@group-92AAB85E7561-StateMachineUpdater: snapshotIndex: updateIncreasingly 0 -> 1
2025-07-14 15:00:17,745 [b5acb6b3-ef2b-41db-9bfa-77a47d0ca582-PipelineCommandHandlerThread-0] INFO  segmented.SegmentedRaftLogWorker (SegmentedRaftLogWorker.java:close(254)) - b5acb6b3-ef2b-41db-9bfa-77a47d0ca582@group-A15D2AD9FF5A-SegmentedRaftLogWorker close()
2025-07-14 15:00:17,747 [b5acb6b3-ef2b-41db-9bfa-77a47d0ca582-PipelineCommandHandlerThread-0] INFO  server.RaftServer$Division (RaftServerImpl.java:groupRemove(497)) - b5acb6b3-ef2b-41db-9bfa-77a47d0ca582@group-A15D2AD9FF5A: Succeed to remove RaftStorageDirectory Storage Directory /home/runner/work/ozone/ozone/hadoop-ozone/integration-test/target/test-dir/MiniOzoneClusterImpl-aaa7dc72-7fbf-48e0-acc5-129182712624/ozone-meta/datanode-3/ratis/b5e3c89b-aaaa-44fc-9b61-a15d2ad9ff5a
2025-07-14 15:00:17,748 [b5acb6b3-ef2b-41db-9bfa-77a47d0ca582-PipelineCommandHandlerThread-0] INFO  commandhandler.ClosePipelineCommandHandler (ClosePipelineCommandHandler.java:lambda$handle$2(142)) - Close Pipeline Pipeline-b5e3c89b-aaaa-44fc-9b61-a15d2ad9ff5a command on datanode b5acb6b3-ef2b-41db-9bfa-77a47d0ca582(localhost/127.0.0.1).
2025-07-14 15:00:17,750 [9eaddddd-9b57-463b-ae7a-e3a77c744c69@group-92AAB85E7561-StateMachineUpdater] INFO  ratis.ContainerStateMachine (ContainerStateMachine.java:takeSnapshot(427)) - group-92AAB85E7561: Taking a snapshot at:(t:1, i:5) file /home/runner/work/ozone/ozone/hadoop-ozone/integration-test/target/test-dir/MiniOzoneClusterImpl-aaa7dc72-7fbf-48e0-acc5-129182712624/ozone-meta/datanode-10/ratis/e4531615-3152-4076-828e-92aab85e7561/sm/snapshot.1_5
2025-07-14 15:00:17,751 [9eaddddd-9b57-463b-ae7a-e3a77c744c69@group-92AAB85E7561-StateMachineUpdater] INFO  ratis.ContainerStateMachine (ContainerStateMachine.java:takeSnapshot(436)) - group-92AAB85E7561: Finished taking a snapshot at:(t:1, i:5) file:/home/runner/work/ozone/ozone/hadoop-ozone/integration-test/target/test-dir/MiniOzoneClusterImpl-aaa7dc72-7fbf-48e0-acc5-129182712624/ozone-meta/datanode-10/ratis/e4531615-3152-4076-828e-92aab85e7561/sm/snapshot.1_5 took: 1 ms
2025-07-14 15:00:17,752 [9eaddddd-9b57-463b-ae7a-e3a77c744c69@group-92AAB85E7561-StateMachineUpdater] INFO  impl.StateMachineUpdater (StateMachineUpdater.java:takeSnapshot(307)) - 9eaddddd-9b57-463b-ae7a-e3a77c744c69@group-92AAB85E7561-StateMachineUpdater: Took a snapshot at index 5
2025-07-14 15:00:17,752 [9eaddddd-9b57-463b-ae7a-e3a77c744c69@group-92AAB85E7561-StateMachineUpdater] INFO  impl.StateMachineUpdater (StateMachineUpdater.java:lambda$new$0(101)) - 9eaddddd-9b57-463b-ae7a-e3a77c744c69@group-92AAB85E7561-StateMachineUpdater: snapshotIndex: updateIncreasingly 1 -> 5
2025-07-14 15:00:17,752 [9eaddddd-9b57-463b-ae7a-e3a77c744c69@group-92AAB85E7561-StateMachineUpdater] INFO  ratis.ContainerStateMachine (ContainerStateMachine.java:takeSnapshot(427)) - group-92AAB85E7561: Taking a snapshot at:(t:1, i:6) file /home/runner/work/ozone/ozone/hadoop-ozone/integration-test/target/test-dir/MiniOzoneClusterImpl-aaa7dc72-7fbf-48e0-acc5-129182712624/ozone-meta/datanode-10/ratis/e4531615-3152-4076-828e-92aab85e7561/sm/snapshot.1_6
2025-07-14 15:00:17,753 [9eaddddd-9b57-463b-ae7a-e3a77c744c69@group-92AAB85E7561-StateMachineUpdater] INFO  ratis.ContainerStateMachine (ContainerStateMachine.java:takeSnapshot(436)) - group-92AAB85E7561: Finished taking a snapshot at:(t:1, i:6) file:/home/runner/work/ozone/ozone/hadoop-ozone/integration-test/target/test-dir/MiniOzoneClusterImpl-aaa7dc72-7fbf-48e0-acc5-129182712624/ozone-meta/datanode-10/ratis/e4531615-3152-4076-828e-92aab85e7561/sm/snapshot.1_6 took: 1 ms
2025-07-14 15:00:17,753 [9eaddddd-9b57-463b-ae7a-e3a77c744c69@group-92AAB85E7561-StateMachineUpdater] INFO  impl.StateMachineUpdater (StateMachineUpdater.java:takeSnapshot(307)) - 9eaddddd-9b57-463b-ae7a-e3a77c744c69@group-92AAB85E7561-StateMachineUpdater: Took a snapshot at index 6
2025-07-14 15:00:17,753 [9eaddddd-9b57-463b-ae7a-e3a77c744c69@group-92AAB85E7561-StateMachineUpdater] INFO  impl.StateMachineUpdater (StateMachineUpdater.java:lambda$new$0(101)) - 9eaddddd-9b57-463b-ae7a-e3a77c744c69@group-92AAB85E7561-StateMachineUpdater: snapshotIndex: updateIncreasingly 5 -> 6
2025-07-14 15:00:17,759 [main] INFO  ratis.ContainerStateMachine (ContainerStateMachine.java:takeSnapshot(427)) - group-92AAB85E7561: Taking a snapshot at:(t:1, i:6) file /home/runner/work/ozone/ozone/hadoop-ozone/integration-test/target/test-dir/MiniOzoneClusterImpl-aaa7dc72-7fbf-48e0-acc5-129182712624/ozone-meta/datanode-10/ratis/e4531615-3152-4076-828e-92aab85e7561/sm/snapshot.1_6
2025-07-14 15:00:17,760 [main] INFO  ratis.ContainerStateMachine (ContainerStateMachine.java:takeSnapshot(436)) - group-92AAB85E7561: Finished taking a snapshot at:(t:1, i:6) file:/home/runner/work/ozone/ozone/hadoop-ozone/integration-test/target/test-dir/MiniOzoneClusterImpl-aaa7dc72-7fbf-48e0-acc5-129182712624/ozone-meta/datanode-10/ratis/e4531615-3152-4076-828e-92aab85e7561/sm/snapshot.1_6 took: 1 ms
2025-07-14 15:00:17,804 [main] INFO  proxy.SCMContainerLocationFailoverProxyProvider (SCMFailoverProxyProviderBase.java:<init>(120)) - Created fail-over proxy for protocol StorageContainerLocationProtocolPB with 1 nodes: [nodeId=scmNodeId,nodeAddress=/0.0.0.0:15000]
2025-07-14 15:00:17,842 [9eaddddd-9b57-463b-ae7a-e3a77c744c69-ChunkWriter-0-0] WARN  helpers.ChunkUtils (ChunkUtils.java:validateChunkForOverwrite(378)) - Duplicate write chunk request. Chunk overwrite without explicit request. ChunkInfo{chunkName='115816896921600004.data.0, offset=0, len=5}
2025-07-14 15:00:17,843 [9eaddddd-9b57-463b-ae7a-e3a77c744c69-ChunkWriter-0-0] WARN  helpers.ChunkUtils (ChunkUtils.java:validateChunkForOverwrite(378)) - Duplicate write chunk request. Chunk overwrite without explicit request. ChunkInfo{chunkName='115816896921600004.data.0, offset=0, len=5}
2025-07-14 15:00:17,849 [9eaddddd-9b57-463b-ae7a-e3a77c744c69-ChunkWriter-0-0] WARN  helpers.ChunkUtils (ChunkUtils.java:validateChunkForOverwrite(378)) - Duplicate write chunk request. Chunk overwrite without explicit request. ChunkInfo{chunkName='115816896921600004.data.0, offset=0, len=5}
2025-07-14 15:00:17,852 [9eaddddd-9b57-463b-ae7a-e3a77c744c69-ChunkWriter-0-0] WARN  helpers.ChunkUtils (ChunkUtils.java:validateChunkForOverwrite(378)) - Duplicate write chunk request. Chunk overwrite without explicit request. ChunkInfo{chunkName='115816896921600004.data.0, offset=0, len=5}
2025-07-14 15:00:17,852 [9eaddddd-9b57-463b-ae7a-e3a77c744c69-ChunkWriter-0-0] WARN  helpers.ChunkUtils (ChunkUtils.java:validateChunkForOverwrite(378)) - Duplicate write chunk request. Chunk overwrite without explicit request. ChunkInfo{chunkName='115816896921600004.data.0, offset=0, len=5}
2025-07-14 15:00:17,855 [9eaddddd-9b57-463b-ae7a-e3a77c744c69-ChunkWriter-0-0] WARN  helpers.ChunkUtils (ChunkUtils.java:validateChunkForOverwrite(378)) - Duplicate write chunk request. Chunk overwrite without explicit request. ChunkInfo{chunkName='115816896921600004.data.0, offset=0, len=5}
2025-07-14 15:00:17,857 [9eaddddd-9b57-463b-ae7a-e3a77c744c69-ChunkWriter-0-0] WARN  helpers.ChunkUtils (ChunkUtils.java:validateChunkForOverwrite(378)) - Duplicate write chunk request. Chunk overwrite without explicit request. ChunkInfo{chunkName='115816896921600004.data.0, offset=0, len=5}
2025-07-14 15:00:17,859 [9eaddddd-9b57-463b-ae7a-e3a77c744c69@group-92AAB85E7561-StateMachineUpdater] INFO  ratis.ContainerStateMachine (ContainerStateMachine.java:takeSnapshot(427)) - group-92AAB85E7561: Taking a snapshot at:(t:1, i:12) file /home/runner/work/ozone/ozone/hadoop-ozone/integration-test/target/test-dir/MiniOzoneClusterImpl-aaa7dc72-7fbf-48e0-acc5-129182712624/ozone-meta/datanode-10/ratis/e4531615-3152-4076-828e-92aab85e7561/sm/snapshot.1_12
2025-07-14 15:00:17,862 [9eaddddd-9b57-463b-ae7a-e3a77c744c69-ChunkWriter-0-0] WARN  helpers.ChunkUtils (ChunkUtils.java:validateChunkForOverwrite(378)) - Duplicate write chunk request. Chunk overwrite without explicit request. ChunkInfo{chunkName='115816896921600004.data.0, offset=0, len=5}
2025-07-14 15:00:17,862 [9eaddddd-9b57-463b-ae7a-e3a77c744c69-ChunkWriter-0-0] WARN  helpers.ChunkUtils (ChunkUtils.java:validateChunkForOverwrite(378)) - Duplicate write chunk request. Chunk overwrite without explicit request. ChunkInfo{chunkName='115816896921600004.data.0, offset=0, len=5}
2025-07-14 15:00:17,862 [9eaddddd-9b57-463b-ae7a-e3a77c744c69@group-92AAB85E7561-StateMachineUpdater] INFO  ratis.ContainerStateMachine (ContainerStateMachine.java:takeSnapshot(436)) - group-92AAB85E7561: Finished taking a snapshot at:(t:1, i:12) file:/home/runner/work/ozone/ozone/hadoop-ozone/integration-test/target/test-dir/MiniOzoneClusterImpl-aaa7dc72-7fbf-48e0-acc5-129182712624/ozone-meta/datanode-10/ratis/e4531615-3152-4076-828e-92aab85e7561/sm/snapshot.1_12 took: 3 ms
2025-07-14 15:00:17,863 [9eaddddd-9b57-463b-ae7a-e3a77c744c69@group-92AAB85E7561-StateMachineUpdater] INFO  impl.StateMachineUpdater (StateMachineUpdater.java:takeSnapshot(307)) - 9eaddddd-9b57-463b-ae7a-e3a77c744c69@group-92AAB85E7561-StateMachineUpdater: Took a snapshot at index 12
2025-07-14 15:00:17,863 [9eaddddd-9b57-463b-ae7a-e3a77c744c69@group-92AAB85E7561-StateMachineUpdater] INFO  impl.StateMachineUpdater (StateMachineUpdater.java:lambda$new$0(101)) - 9eaddddd-9b57-463b-ae7a-e3a77c744c69@group-92AAB85E7561-StateMachineUpdater: snapshotIndex: updateIncreasingly 6 -> 12
2025-07-14 15:00:17,864 [9eaddddd-9b57-463b-ae7a-e3a77c744c69-ChunkWriter-0-0] WARN  helpers.ChunkUtils (ChunkUtils.java:validateChunkForOverwrite(378)) - Duplicate write chunk request. Chunk overwrite without explicit request. ChunkInfo{chunkName='115816896921600004.data.0, offset=0, len=5}
2025-07-14 15:00:17,865 [9eaddddd-9b57-463b-ae7a-e3a77c744c69-ChunkWriter-0-0] WARN  helpers.ChunkUtils (ChunkUtils.java:validateChunkForOverwrite(378)) - Duplicate write chunk request. Chunk overwrite without explicit request. ChunkInfo{chunkName='115816896921600004.data.0, offset=0, len=5}
2025-07-14 15:00:17,868 [9eaddddd-9b57-463b-ae7a-e3a77c744c69-ChunkWriter-0-0] WARN  helpers.ChunkUtils (ChunkUtils.java:validateChunkForOverwrite(378)) - Duplicate write chunk request. Chunk overwrite without explicit request. ChunkInfo{chunkName='115816896921600004.data.0, offset=0, len=5}
2025-07-14 15:00:17,868 [9eaddddd-9b57-463b-ae7a-e3a77c744c69@group-92AAB85E7561-StateMachineUpdater] INFO  ratis.ContainerStateMachine (ContainerStateMachine.java:takeSnapshot(427)) - group-92AAB85E7561: Taking a snapshot at:(t:1, i:16) file /home/runner/work/ozone/ozone/hadoop-ozone/integration-test/target/test-dir/MiniOzoneClusterImpl-aaa7dc72-7fbf-48e0-acc5-129182712624/ozone-meta/datanode-10/ratis/e4531615-3152-4076-828e-92aab85e7561/sm/snapshot.1_16
2025-07-14 15:00:17,869 [9eaddddd-9b57-463b-ae7a-e3a77c744c69-ChunkWriter-0-0] WARN  helpers.ChunkUtils (ChunkUtils.java:validateChunkForOverwrite(378)) - Duplicate write chunk request. Chunk overwrite without explicit request. ChunkInfo{chunkName='115816896921600004.data.0, offset=0, len=5}
2025-07-14 15:00:17,870 [9eaddddd-9b57-463b-ae7a-e3a77c744c69-ChunkWriter-0-0] WARN  helpers.ChunkUtils (ChunkUtils.java:validateChunkForOverwrite(378)) - Duplicate write chunk request. Chunk overwrite without explicit request. ChunkInfo{chunkName='115816896921600004.data.0, offset=0, len=5}
2025-07-14 15:00:17,871 [9eaddddd-9b57-463b-ae7a-e3a77c744c69-ChunkWriter-0-0] WARN  helpers.ChunkUtils (ChunkUtils.java:validateChunkForOverwrite(378)) - Duplicate write chunk request. Chunk overwrite without explicit request. ChunkInfo{chunkName='115816896921600004.data.0, offset=0, len=5}
2025-07-14 15:00:17,872 [9eaddddd-9b57-463b-ae7a-e3a77c744c69@group-92AAB85E7561-StateMachineUpdater] INFO  ratis.ContainerStateMachine (ContainerStateMachine.java:takeSnapshot(436)) - group-92AAB85E7561: Finished taking a snapshot at:(t:1, i:16) file:/home/runner/work/ozone/ozone/hadoop-ozone/integration-test/target/test-dir/MiniOzoneClusterImpl-aaa7dc72-7fbf-48e0-acc5-129182712624/ozone-meta/datanode-10/ratis/e4531615-3152-4076-828e-92aab85e7561/sm/snapshot.1_16 took: 3 ms
2025-07-14 15:00:17,873 [9eaddddd-9b57-463b-ae7a-e3a77c744c69@group-92AAB85E7561-StateMachineUpdater] INFO  impl.SimpleStateMachineStorage (SimpleStateMachineStorage.java:lambda$cleanupOldSnapshots$1(126)) - Deleting old snapshot at /home/runner/work/ozone/ozone/hadoop-ozone/integration-test/target/test-dir/MiniOzoneClusterImpl-aaa7dc72-7fbf-48e0-acc5-129182712624/ozone-meta/datanode-10/ratis/e4531615-3152-4076-828e-92aab85e7561/sm/snapshot.1_0
2025-07-14 15:00:17,874 [9eaddddd-9b57-463b-ae7a-e3a77c744c69@group-92AAB85E7561-StateMachineUpdater] INFO  impl.StateMachineUpdater (StateMachineUpdater.java:takeSnapshot(307)) - 9eaddddd-9b57-463b-ae7a-e3a77c744c69@group-92AAB85E7561-StateMachineUpdater: Took a snapshot at index 16
2025-07-14 15:00:17,874 [9eaddddd-9b57-463b-ae7a-e3a77c744c69@group-92AAB85E7561-StateMachineUpdater] INFO  impl.StateMachineUpdater (StateMachineUpdater.java:lambda$new$0(101)) - 9eaddddd-9b57-463b-ae7a-e3a77c744c69@group-92AAB85E7561-StateMachineUpdater: snapshotIndex: updateIncreasingly 12 -> 16
2025-07-14 15:00:17,874 [9eaddddd-9b57-463b-ae7a-e3a77c744c69-ChunkWriter-0-0] WARN  helpers.ChunkUtils (ChunkUtils.java:validateChunkForOverwrite(378)) - Duplicate write chunk request. Chunk overwrite without explicit request. ChunkInfo{chunkName='115816896921600004.data.0, offset=0, len=5}
2025-07-14 15:00:17,875 [9eaddddd-9b57-463b-ae7a-e3a77c744c69-ChunkWriter-0-0] WARN  helpers.ChunkUtils (ChunkUtils.java:validateChunkForOverwrite(378)) - Duplicate write chunk request. Chunk overwrite without explicit request. ChunkInfo{chunkName='115816896921600004.data.0, offset=0, len=5}
2025-07-14 15:00:17,879 [9eaddddd-9b57-463b-ae7a-e3a77c744c69-ChunkWriter-0-0] WARN  helpers.ChunkUtils (ChunkUtils.java:validateChunkForOverwrite(378)) - Duplicate write chunk request. Chunk overwrite without explicit request. ChunkInfo{chunkName='115816896921600004.data.0, offset=0, len=5}
2025-07-14 15:00:17,880 [9eaddddd-9b57-463b-ae7a-e3a77c744c69-ChunkWriter-0-0] WARN  helpers.ChunkUtils (ChunkUtils.java:validateChunkForOverwrite(378)) - Duplicate write chunk request. Chunk overwrite without explicit request. ChunkInfo{chunkName='115816896921600004.data.0, offset=0, len=5}
2025-07-14 15:00:17,881 [9eaddddd-9b57-463b-ae7a-e3a77c744c69@group-92AAB85E7561-StateMachineUpdater] INFO  ratis.ContainerStateMachine (ContainerStateMachine.java:takeSnapshot(427)) - group-92AAB85E7561: Taking a snapshot at:(t:1, i:24) file /home/runner/work/ozone/ozone/hadoop-ozone/integration-test/target/test-dir/MiniOzoneClusterImpl-aaa7dc72-7fbf-48e0-acc5-129182712624/ozone-meta/datanode-10/ratis/e4531615-3152-4076-828e-92aab85e7561/sm/snapshot.1_24
2025-07-14 15:00:17,883 [9eaddddd-9b57-463b-ae7a-e3a77c744c69-ChunkWriter-0-0] WARN  helpers.ChunkUtils (ChunkUtils.java:validateChunkForOverwrite(378)) - Duplicate write chunk request. Chunk overwrite without explicit request. ChunkInfo{chunkName='115816896921600004.data.0, offset=0, len=5}
2025-07-14 15:00:17,883 [9eaddddd-9b57-463b-ae7a-e3a77c744c69@group-92AAB85E7561-StateMachineUpdater] INFO  ratis.ContainerStateMachine (ContainerStateMachine.java:takeSnapshot(436)) - group-92AAB85E7561: Finished taking a snapshot at:(t:1, i:24) file:/home/runner/work/ozone/ozone/hadoop-ozone/integration-test/target/test-dir/MiniOzoneClusterImpl-aaa7dc72-7fbf-48e0-acc5-129182712624/ozone-meta/datanode-10/ratis/e4531615-3152-4076-828e-92aab85e7561/sm/snapshot.1_24 took: 2 ms
2025-07-14 15:00:17,884 [9eaddddd-9b57-463b-ae7a-e3a77c744c69@group-92AAB85E7561-StateMachineUpdater] INFO  impl.SimpleStateMachineStorage (SimpleStateMachineStorage.java:lambda$cleanupOldSnapshots$1(126)) - Deleting old snapshot at /home/runner/work/ozone/ozone/hadoop-ozone/integration-test/target/test-dir/MiniOzoneClusterImpl-aaa7dc72-7fbf-48e0-acc5-129182712624/ozone-meta/datanode-10/ratis/e4531615-3152-4076-828e-92aab85e7561/sm/snapshot.1_1
2025-07-14 15:00:17,884 [9eaddddd-9b57-463b-ae7a-e3a77c744c69@group-92AAB85E7561-StateMachineUpdater] INFO  impl.StateMachineUpdater (StateMachineUpdater.java:takeSnapshot(307)) - 9eaddddd-9b57-463b-ae7a-e3a77c744c69@group-92AAB85E7561-StateMachineUpdater: Took a snapshot at index 24
2025-07-14 15:00:17,884 [9eaddddd-9b57-463b-ae7a-e3a77c744c69@group-92AAB85E7561-StateMachineUpdater] INFO  impl.StateMachineUpdater (StateMachineUpdater.java:lambda$new$0(101)) - 9eaddddd-9b57-463b-ae7a-e3a77c744c69@group-92AAB85E7561-StateMachineUpdater: snapshotIndex: updateIncreasingly 16 -> 24
2025-07-14 15:00:17,887 [9eaddddd-9b57-463b-ae7a-e3a77c744c69-ChunkWriter-0-0] WARN  helpers.ChunkUtils (ChunkUtils.java:validateChunkForOverwrite(378)) - Duplicate write chunk request. Chunk overwrite without explicit request. ChunkInfo{chunkName='115816896921600004.data.0, offset=0, len=5}
2025-07-14 15:00:17,890 [9eaddddd-9b57-463b-ae7a-e3a77c744c69@group-92AAB85E7561-StateMachineUpdater] INFO  ratis.ContainerStateMachine (ContainerStateMachine.java:takeSnapshot(427)) - group-92AAB85E7561: Taking a snapshot at:(t:1, i:28) file /home/runner/work/ozone/ozone/hadoop-ozone/integration-test/target/test-dir/MiniOzoneClusterImpl-aaa7dc72-7fbf-48e0-acc5-129182712624/ozone-meta/datanode-10/ratis/e4531615-3152-4076-828e-92aab85e7561/sm/snapshot.1_28
2025-07-14 15:00:17,891 [9eaddddd-9b57-463b-ae7a-e3a77c744c69-ChunkWriter-0-0] WARN  helpers.ChunkUtils (ChunkUtils.java:validateChunkForOverwrite(378)) - Duplicate write chunk request. Chunk overwrite without explicit request. ChunkInfo{chunkName='115816896921600004.data.0, offset=0, len=5}
2025-07-14 15:00:17,892 [9eaddddd-9b57-463b-ae7a-e3a77c744c69@group-92AAB85E7561-StateMachineUpdater] INFO  ratis.ContainerStateMachine (ContainerStateMachine.java:takeSnapshot(436)) - group-92AAB85E7561: Finished taking a snapshot at:(t:1, i:28) file:/home/runner/work/ozone/ozone/hadoop-ozone/integration-test/target/test-dir/MiniOzoneClusterImpl-aaa7dc72-7fbf-48e0-acc5-129182712624/ozone-meta/datanode-10/ratis/e4531615-3152-4076-828e-92aab85e7561/sm/snapshot.1_28 took: 2 ms
2025-07-14 15:00:17,893 [9eaddddd-9b57-463b-ae7a-e3a77c744c69@group-92AAB85E7561-StateMachineUpdater] INFO  impl.SimpleStateMachineStorage (SimpleStateMachineStorage.java:lambda$cleanupOldSnapshots$1(126)) - Deleting old snapshot at /home/runner/work/ozone/ozone/hadoop-ozone/integration-test/target/test-dir/MiniOzoneClusterImpl-aaa7dc72-7fbf-48e0-acc5-129182712624/ozone-meta/datanode-10/ratis/e4531615-3152-4076-828e-92aab85e7561/sm/snapshot.1_5
2025-07-14 15:00:17,894 [9eaddddd-9b57-463b-ae7a-e3a77c744c69@group-92AAB85E7561-StateMachineUpdater] INFO  impl.StateMachineUpdater (StateMachineUpdater.java:takeSnapshot(307)) - 9eaddddd-9b57-463b-ae7a-e3a77c744c69@group-92AAB85E7561-StateMachineUpdater: Took a snapshot at index 28
2025-07-14 15:00:17,894 [9eaddddd-9b57-463b-ae7a-e3a77c744c69@group-92AAB85E7561-StateMachineUpdater] INFO  impl.StateMachineUpdater (StateMachineUpdater.java:lambda$new$0(101)) - 9eaddddd-9b57-463b-ae7a-e3a77c744c69@group-92AAB85E7561-StateMachineUpdater: snapshotIndex: updateIncreasingly 24 -> 28
2025-07-14 15:00:17,895 [9eaddddd-9b57-463b-ae7a-e3a77c744c69-ChunkWriter-0-0] WARN  helpers.ChunkUtils (ChunkUtils.java:validateChunkForOverwrite(378)) - Duplicate write chunk request. Chunk overwrite without explicit request. ChunkInfo{chunkName='115816896921600004.data.0, offset=0, len=5}
2025-07-14 15:00:17,897 [9eaddddd-9b57-463b-ae7a-e3a77c744c69@group-92AAB85E7561-StateMachineUpdater] INFO  ratis.ContainerStateMachine (ContainerStateMachine.java:takeSnapshot(427)) - group-92AAB85E7561: Taking a snapshot at:(t:1, i:38) file /home/runner/work/ozone/ozone/hadoop-ozone/integration-test/target/test-dir/MiniOzoneClusterImpl-aaa7dc72-7fbf-48e0-acc5-129182712624/ozone-meta/datanode-10/ratis/e4531615-3152-4076-828e-92aab85e7561/sm/snapshot.1_38
2025-07-14 15:00:17,899 [9eaddddd-9b57-463b-ae7a-e3a77c744c69@group-92AAB85E7561-StateMachineUpdater] INFO  ratis.ContainerStateMachine (ContainerStateMachine.java:takeSnapshot(436)) - group-92AAB85E7561: Finished taking a snapshot at:(t:1, i:38) file:/home/runner/work/ozone/ozone/hadoop-ozone/integration-test/target/test-dir/MiniOzoneClusterImpl-aaa7dc72-7fbf-48e0-acc5-129182712624/ozone-meta/datanode-10/ratis/e4531615-3152-4076-828e-92aab85e7561/sm/snapshot.1_38 took: 1 ms
2025-07-14 15:00:17,899 [9eaddddd-9b57-463b-ae7a-e3a77c744c69-ChunkWriter-0-0] WARN  helpers.ChunkUtils (ChunkUtils.java:validateChunkForOverwrite(378)) - Duplicate write chunk request. Chunk overwrite without explicit request. ChunkInfo{chunkName='115816896921600004.data.0, offset=0, len=5}
2025-07-14 15:00:17,900 [9eaddddd-9b57-463b-ae7a-e3a77c744c69@group-92AAB85E7561-StateMachineUpdater] INFO  impl.SimpleStateMachineStorage (SimpleStateMachineStorage.java:lambda$cleanupOldSnapshots$1(126)) - Deleting old snapshot at /home/runner/work/ozone/ozone/hadoop-ozone/integration-test/target/test-dir/MiniOzoneClusterImpl-aaa7dc72-7fbf-48e0-acc5-129182712624/ozone-meta/datanode-10/ratis/e4531615-3152-4076-828e-92aab85e7561/sm/snapshot.1_6
2025-07-14 15:00:17,902 [9eaddddd-9b57-463b-ae7a-e3a77c744c69@group-92AAB85E7561-StateMachineUpdater] INFO  impl.StateMachineUpdater (StateMachineUpdater.java:takeSnapshot(307)) - 9eaddddd-9b57-463b-ae7a-e3a77c744c69@group-92AAB85E7561-StateMachineUpdater: Took a snapshot at index 38
2025-07-14 15:00:17,903 [9eaddddd-9b57-463b-ae7a-e3a77c744c69@group-92AAB85E7561-StateMachineUpdater] INFO  impl.StateMachineUpdater (StateMachineUpdater.java:lambda$new$0(101)) - 9eaddddd-9b57-463b-ae7a-e3a77c744c69@group-92AAB85E7561-StateMachineUpdater: snapshotIndex: updateIncreasingly 28 -> 38
2025-07-14 15:00:17,902 [9eaddddd-9b57-463b-ae7a-e3a77c744c69-ChunkWriter-0-0] WARN  helpers.ChunkUtils (ChunkUtils.java:validateChunkForOverwrite(378)) - Duplicate write chunk request. Chunk overwrite without explicit request. ChunkInfo{chunkName='115816896921600004.data.0, offset=0, len=5}
2025-07-14 15:00:17,905 [9eaddddd-9b57-463b-ae7a-e3a77c744c69@group-92AAB85E7561-StateMachineUpdater] INFO  ratis.ContainerStateMachine (ContainerStateMachine.java:takeSnapshot(427)) - group-92AAB85E7561: Taking a snapshot at:(t:1, i:40) file /home/runner/work/ozone/ozone/hadoop-ozone/integration-test/target/test-dir/MiniOzoneClusterImpl-aaa7dc72-7fbf-48e0-acc5-129182712624/ozone-meta/datanode-10/ratis/e4531615-3152-4076-828e-92aab85e7561/sm/snapshot.1_40
2025-07-14 15:00:17,907 [9eaddddd-9b57-463b-ae7a-e3a77c744c69@group-92AAB85E7561-StateMachineUpdater] INFO  ratis.ContainerStateMachine (ContainerStateMachine.java:takeSnapshot(436)) - group-92AAB85E7561: Finished taking a snapshot at:(t:1, i:40) file:/home/runner/work/ozone/ozone/hadoop-ozone/integration-test/target/test-dir/MiniOzoneClusterImpl-aaa7dc72-7fbf-48e0-acc5-129182712624/ozone-meta/datanode-10/ratis/e4531615-3152-4076-828e-92aab85e7561/sm/snapshot.1_40 took: 3 ms
2025-07-14 15:00:17,907 [9eaddddd-9b57-463b-ae7a-e3a77c744c69-ChunkWriter-0-0] WARN  helpers.ChunkUtils (ChunkUtils.java:validateChunkForOverwrite(378)) - Duplicate write chunk request. Chunk overwrite without explicit request. ChunkInfo{chunkName='115816896921600004.data.0, offset=0, len=5}
2025-07-14 15:00:17,909 [9eaddddd-9b57-463b-ae7a-e3a77c744c69@group-92AAB85E7561-StateMachineUpdater] INFO  impl.SimpleStateMachineStorage (SimpleStateMachineStorage.java:lambda$cleanupOldSnapshots$1(126)) - Deleting old snapshot at /home/runner/work/ozone/ozone/hadoop-ozone/integration-test/target/test-dir/MiniOzoneClusterImpl-aaa7dc72-7fbf-48e0-acc5-129182712624/ozone-meta/datanode-10/ratis/e4531615-3152-4076-828e-92aab85e7561/sm/snapshot.1_12
2025-07-14 15:00:17,911 [9eaddddd-9b57-463b-ae7a-e3a77c744c69@group-92AAB85E7561-StateMachineUpdater] INFO  impl.StateMachineUpdater (StateMachineUpdater.java:takeSnapshot(307)) - 9eaddddd-9b57-463b-ae7a-e3a77c744c69@group-92AAB85E7561-StateMachineUpdater: Took a snapshot at index 40
2025-07-14 15:00:17,912 [9eaddddd-9b57-463b-ae7a-e3a77c744c69@group-92AAB85E7561-StateMachineUpdater] INFO  impl.StateMachineUpdater (StateMachineUpdater.java:lambda$new$0(101)) - 9eaddddd-9b57-463b-ae7a-e3a77c744c69@group-92AAB85E7561-StateMachineUpdater: snapshotIndex: updateIncreasingly 38 -> 40
2025-07-14 15:00:17,913 [9eaddddd-9b57-463b-ae7a-e3a77c744c69-ChunkWriter-0-0] WARN  helpers.ChunkUtils (ChunkUtils.java:validateChunkForOverwrite(378)) - Duplicate write chunk request. Chunk overwrite without explicit request. ChunkInfo{chunkName='115816896921600004.data.0, offset=0, len=5}
2025-07-14 15:00:17,916 [9eaddddd-9b57-463b-ae7a-e3a77c744c69@group-92AAB85E7561-StateMachineUpdater] INFO  ratis.ContainerStateMachine (ContainerStateMachine.java:takeSnapshot(427)) - group-92AAB85E7561: Taking a snapshot at:(t:1, i:47) file /home/runner/work/ozone/ozone/hadoop-ozone/integration-test/target/test-dir/MiniOzoneClusterImpl-aaa7dc72-7fbf-48e0-acc5-129182712624/ozone-meta/datanode-10/ratis/e4531615-3152-4076-828e-92aab85e7561/sm/snapshot.1_47
2025-07-14 15:00:17,917 [9eaddddd-9b57-463b-ae7a-e3a77c744c69-ChunkWriter-0-0] WARN  helpers.ChunkUtils (ChunkUtils.java:validateChunkForOverwrite(378)) - Duplicate write chunk request. Chunk overwrite without explicit request. ChunkInfo{chunkName='115816896921600004.data.0, offset=0, len=5}
2025-07-14 15:00:17,918 [9eaddddd-9b57-463b-ae7a-e3a77c744c69@group-92AAB85E7561-StateMachineUpdater] INFO  ratis.ContainerStateMachine (ContainerStateMachine.java:takeSnapshot(436)) - group-92AAB85E7561: Finished taking a snapshot at:(t:1, i:47) file:/home/runner/work/ozone/ozone/hadoop-ozone/integration-test/target/test-dir/MiniOzoneClusterImpl-aaa7dc72-7fbf-48e0-acc5-129182712624/ozone-meta/datanode-10/ratis/e4531615-3152-4076-828e-92aab85e7561/sm/snapshot.1_47 took: 2 ms
2025-07-14 15:00:17,918 [9eaddddd-9b57-463b-ae7a-e3a77c744c69@group-92AAB85E7561-StateMachineUpdater] INFO  impl.SimpleStateMachineStorage (SimpleStateMachineStorage.java:lambda$cleanupOldSnapshots$1(126)) - Deleting old snapshot at /home/runner/work/ozone/ozone/hadoop-ozone/integration-test/target/test-dir/MiniOzoneClusterImpl-aaa7dc72-7fbf-48e0-acc5-129182712624/ozone-meta/datanode-10/ratis/e4531615-3152-4076-828e-92aab85e7561/sm/snapshot.1_16
2025-07-14 15:00:17,918 [9eaddddd-9b57-463b-ae7a-e3a77c744c69-ChunkWriter-0-0] WARN  helpers.ChunkUtils (ChunkUtils.java:validateChunkForOverwrite(378)) - Duplicate write chunk request. Chunk overwrite without explicit request. ChunkInfo{chunkName='115816896921600004.data.0, offset=0, len=5}
2025-07-14 15:00:17,919 [9eaddddd-9b57-463b-ae7a-e3a77c744c69-ChunkWriter-0-0] WARN  helpers.ChunkUtils (ChunkUtils.java:validateChunkForOverwrite(378)) - Duplicate write chunk request. Chunk overwrite without explicit request. ChunkInfo{chunkName='115816896921600004.data.0, offset=0, len=5}
2025-07-14 15:00:17,919 [9eaddddd-9b57-463b-ae7a-e3a77c744c69@group-92AAB85E7561-StateMachineUpdater] INFO  impl.StateMachineUpdater (StateMachineUpdater.java:takeSnapshot(307)) - 9eaddddd-9b57-463b-ae7a-e3a77c744c69@group-92AAB85E7561-StateMachineUpdater: Took a snapshot at index 47
2025-07-14 15:00:17,919 [9eaddddd-9b57-463b-ae7a-e3a77c744c69@group-92AAB85E7561-StateMachineUpdater] INFO  impl.StateMachineUpdater (StateMachineUpdater.java:lambda$new$0(101)) - 9eaddddd-9b57-463b-ae7a-e3a77c744c69@group-92AAB85E7561-StateMachineUpdater: snapshotIndex: updateIncreasingly 40 -> 47
2025-07-14 15:00:17,920 [9eaddddd-9b57-463b-ae7a-e3a77c744c69@group-92AAB85E7561-StateMachineUpdater] INFO  ratis.ContainerStateMachine (ContainerStateMachine.java:takeSnapshot(427)) - group-92AAB85E7561: Taking a snapshot at:(t:1, i:49) file /home/runner/work/ozone/ozone/hadoop-ozone/integration-test/target/test-dir/MiniOzoneClusterImpl-aaa7dc72-7fbf-48e0-acc5-129182712624/ozone-meta/datanode-10/ratis/e4531615-3152-4076-828e-92aab85e7561/sm/snapshot.1_49
2025-07-14 15:00:17,922 [9eaddddd-9b57-463b-ae7a-e3a77c744c69-ChunkWriter-0-0] WARN  helpers.ChunkUtils (ChunkUtils.java:validateChunkForOverwrite(378)) - Duplicate write chunk request. Chunk overwrite without explicit request. ChunkInfo{chunkName='115816896921600004.data.0, offset=0, len=5}
2025-07-14 15:00:17,922 [9eaddddd-9b57-463b-ae7a-e3a77c744c69@group-92AAB85E7561-StateMachineUpdater] INFO  ratis.ContainerStateMachine (ContainerStateMachine.java:takeSnapshot(436)) - group-92AAB85E7561: Finished taking a snapshot at:(t:1, i:49) file:/home/runner/work/ozone/ozone/hadoop-ozone/integration-test/target/test-dir/MiniOzoneClusterImpl-aaa7dc72-7fbf-48e0-acc5-129182712624/ozone-meta/datanode-10/ratis/e4531615-3152-4076-828e-92aab85e7561/sm/snapshot.1_49 took: 2 ms
2025-07-14 15:00:17,922 [9eaddddd-9b57-463b-ae7a-e3a77c744c69@group-92AAB85E7561-StateMachineUpdater] INFO  impl.SimpleStateMachineStorage (SimpleStateMachineStorage.java:lambda$cleanupOldSnapshots$1(126)) - Deleting old snapshot at /home/runner/work/ozone/ozone/hadoop-ozone/integration-test/target/test-dir/MiniOzoneClusterImpl-aaa7dc72-7fbf-48e0-acc5-129182712624/ozone-meta/datanode-10/ratis/e4531615-3152-4076-828e-92aab85e7561/sm/snapshot.1_24
2025-07-14 15:00:17,923 [9eaddddd-9b57-463b-ae7a-e3a77c744c69@group-92AAB85E7561-StateMachineUpdater] INFO  impl.StateMachineUpdater (StateMachineUpdater.java:takeSnapshot(307)) - 9eaddddd-9b57-463b-ae7a-e3a77c744c69@group-92AAB85E7561-StateMachineUpdater: Took a snapshot at index 49
2025-07-14 15:00:17,923 [9eaddddd-9b57-463b-ae7a-e3a77c744c69@group-92AAB85E7561-StateMachineUpdater] INFO  impl.StateMachineUpdater (StateMachineUpdater.java:lambda$new$0(101)) - 9eaddddd-9b57-463b-ae7a-e3a77c744c69@group-92AAB85E7561-StateMachineUpdater: snapshotIndex: updateIncreasingly 47 -> 49
2025-07-14 15:00:17,923 [9eaddddd-9b57-463b-ae7a-e3a77c744c69-ChunkWriter-0-0] WARN  helpers.ChunkUtils (ChunkUtils.java:validateChunkForOverwrite(378)) - Duplicate write chunk request. Chunk overwrite without explicit request. ChunkInfo{chunkName='115816896921600004.data.0, offset=0, len=5}
2025-07-14 15:00:17,924 [9eaddddd-9b57-463b-ae7a-e3a77c744c69@group-92AAB85E7561-StateMachineUpdater] INFO  ratis.ContainerStateMachine (ContainerStateMachine.java:takeSnapshot(427)) - group-92AAB85E7561: Taking a snapshot at:(t:1, i:52) file /home/runner/work/ozone/ozone/hadoop-ozone/integration-test/target/test-dir/MiniOzoneClusterImpl-aaa7dc72-7fbf-48e0-acc5-129182712624/ozone-meta/datanode-10/ratis/e4531615-3152-4076-828e-92aab85e7561/sm/snapshot.1_52
2025-07-14 15:00:17,925 [9eaddddd-9b57-463b-ae7a-e3a77c744c69-ChunkWriter-0-0] WARN  helpers.ChunkUtils (ChunkUtils.java:validateChunkForOverwrite(378)) - Duplicate write chunk request. Chunk overwrite without explicit request. ChunkInfo{chunkName='115816896921600004.data.0, offset=0, len=5}
2025-07-14 15:00:17,927 [9eaddddd-9b57-463b-ae7a-e3a77c744c69@group-92AAB85E7561-StateMachineUpdater] INFO  ratis.ContainerStateMachine (ContainerStateMachine.java:takeSnapshot(436)) - group-92AAB85E7561: Finished taking a snapshot at:(t:1, i:52) file:/home/runner/work/ozone/ozone/hadoop-ozone/integration-test/target/test-dir/MiniOzoneClusterImpl-aaa7dc72-7fbf-48e0-acc5-129182712624/ozone-meta/datanode-10/ratis/e4531615-3152-4076-828e-92aab85e7561/sm/snapshot.1_52 took: 3 ms
2025-07-14 15:00:17,927 [9eaddddd-9b57-463b-ae7a-e3a77c744c69@group-92AAB85E7561-StateMachineUpdater] INFO  impl.SimpleStateMachineStorage (SimpleStateMachineStorage.java:lambda$cleanupOldSnapshots$1(126)) - Deleting old snapshot at /home/runner/work/ozone/ozone/hadoop-ozone/integration-test/target/test-dir/MiniOzoneClusterImpl-aaa7dc72-7fbf-48e0-acc5-129182712624/ozone-meta/datanode-10/ratis/e4531615-3152-4076-828e-92aab85e7561/sm/snapshot.1_28
2025-07-14 15:00:17,927 [9eaddddd-9b57-463b-ae7a-e3a77c744c69@group-92AAB85E7561-StateMachineUpdater] INFO  impl.StateMachineUpdater (StateMachineUpdater.java:takeSnapshot(307)) - 9eaddddd-9b57-463b-ae7a-e3a77c744c69@group-92AAB85E7561-StateMachineUpdater: Took a snapshot at index 52
2025-07-14 15:00:17,927 [9eaddddd-9b57-463b-ae7a-e3a77c744c69@group-92AAB85E7561-StateMachineUpdater] INFO  impl.StateMachineUpdater (StateMachineUpdater.java:lambda$new$0(101)) - 9eaddddd-9b57-463b-ae7a-e3a77c744c69@group-92AAB85E7561-StateMachineUpdater: snapshotIndex: updateIncreasingly 49 -> 52
2025-07-14 15:00:17,927 [9eaddddd-9b57-463b-ae7a-e3a77c744c69-ChunkWriter-0-0] WARN  helpers.ChunkUtils (ChunkUtils.java:validateChunkForOverwrite(378)) - Duplicate write chunk request. Chunk overwrite without explicit request. ChunkInfo{chunkName='115816896921600004.data.0, offset=0, len=5}
2025-07-14 15:00:17,928 [9eaddddd-9b57-463b-ae7a-e3a77c744c69@group-92AAB85E7561-StateMachineUpdater] INFO  ratis.ContainerStateMachine (ContainerStateMachine.java:takeSnapshot(427)) - group-92AAB85E7561: Taking a snapshot at:(t:1, i:57) file /home/runner/work/ozone/ozone/hadoop-ozone/integration-test/target/test-dir/MiniOzoneClusterImpl-aaa7dc72-7fbf-48e0-acc5-129182712624/ozone-meta/datanode-10/ratis/e4531615-3152-4076-828e-92aab85e7561/sm/snapshot.1_57
2025-07-14 15:00:17,929 [9eaddddd-9b57-463b-ae7a-e3a77c744c69@group-92AAB85E7561-StateMachineUpdater] INFO  ratis.ContainerStateMachine (ContainerStateMachine.java:takeSnapshot(436)) - group-92AAB85E7561: Finished taking a snapshot at:(t:1, i:57) file:/home/runner/work/ozone/ozone/hadoop-ozone/integration-test/target/test-dir/MiniOzoneClusterImpl-aaa7dc72-7fbf-48e0-acc5-129182712624/ozone-meta/datanode-10/ratis/e4531615-3152-4076-828e-92aab85e7561/sm/snapshot.1_57 took: 1 ms
2025-07-14 15:00:17,930 [9eaddddd-9b57-463b-ae7a-e3a77c744c69@group-92AAB85E7561-StateMachineUpdater] INFO  impl.SimpleStateMachineStorage (SimpleStateMachineStorage.java:lambda$cleanupOldSnapshots$1(126)) - Deleting old snapshot at /home/runner/work/ozone/ozone/hadoop-ozone/integration-test/target/test-dir/MiniOzoneClusterImpl-aaa7dc72-7fbf-48e0-acc5-129182712624/ozone-meta/datanode-10/ratis/e4531615-3152-4076-828e-92aab85e7561/sm/snapshot.1_38
2025-07-14 15:00:17,930 [9eaddddd-9b57-463b-ae7a-e3a77c744c69@group-92AAB85E7561-StateMachineUpdater] INFO  impl.StateMachineUpdater (StateMachineUpdater.java:takeSnapshot(307)) - 9eaddddd-9b57-463b-ae7a-e3a77c744c69@group-92AAB85E7561-StateMachineUpdater: Took a snapshot at index 57
2025-07-14 15:00:17,930 [9eaddddd-9b57-463b-ae7a-e3a77c744c69-ChunkWriter-0-0] WARN  helpers.ChunkUtils (ChunkUtils.java:validateChunkForOverwrite(378)) - Duplicate write chunk request. Chunk overwrite without explicit request. ChunkInfo{chunkName='115816896921600004.data.0, offset=0, len=5}
2025-07-14 15:00:17,931 [9eaddddd-9b57-463b-ae7a-e3a77c744c69-ChunkWriter-0-0] WARN  helpers.ChunkUtils (ChunkUtils.java:validateChunkForOverwrite(378)) - Duplicate write chunk request. Chunk overwrite without explicit request. ChunkInfo{chunkName='115816896921600004.data.0, offset=0, len=5}
2025-07-14 15:00:17,930 [9eaddddd-9b57-463b-ae7a-e3a77c744c69@group-92AAB85E7561-StateMachineUpdater] INFO  impl.StateMachineUpdater (StateMachineUpdater.java:lambda$new$0(101)) - 9eaddddd-9b57-463b-ae7a-e3a77c744c69@group-92AAB85E7561-StateMachineUpdater: snapshotIndex: updateIncreasingly 52 -> 57
2025-07-14 15:00:17,933 [9eaddddd-9b57-463b-ae7a-e3a77c744c69-ChunkWriter-0-0] WARN  helpers.ChunkUtils (ChunkUtils.java:validateChunkForOverwrite(378)) - Duplicate write chunk request. Chunk overwrite without explicit request. ChunkInfo{chunkName='115816896921600004.data.0, offset=0, len=5}
2025-07-14 15:00:17,934 [9eaddddd-9b57-463b-ae7a-e3a77c744c69-ChunkWriter-0-0] WARN  helpers.ChunkUtils (ChunkUtils.java:validateChunkForOverwrite(378)) - Duplicate write chunk request. Chunk overwrite without explicit request. ChunkInfo{chunkName='115816896921600004.data.0, offset=0, len=5}
2025-07-14 15:00:17,935 [9eaddddd-9b57-463b-ae7a-e3a77c744c69@group-92AAB85E7561-StateMachineUpdater] INFO  ratis.ContainerStateMachine (ContainerStateMachine.java:takeSnapshot(427)) - group-92AAB85E7561: Taking a snapshot at:(t:1, i:63) file /home/runner/work/ozone/ozone/hadoop-ozone/integration-test/target/test-dir/MiniOzoneClusterImpl-aaa7dc72-7fbf-48e0-acc5-129182712624/ozone-meta/datanode-10/ratis/e4531615-3152-4076-828e-92aab85e7561/sm/snapshot.1_63
2025-07-14 15:00:17,936 [9eaddddd-9b57-463b-ae7a-e3a77c744c69-ChunkWriter-0-0] WARN  helpers.ChunkUtils (ChunkUtils.java:validateChunkForOverwrite(378)) - Duplicate write chunk request. Chunk overwrite without explicit request. ChunkInfo{chunkName='115816896921600004.data.0, offset=0, len=5}
2025-07-14 15:00:17,937 [9eaddddd-9b57-463b-ae7a-e3a77c744c69-ChunkWriter-0-0] WARN  helpers.ChunkUtils (ChunkUtils.java:validateChunkForOverwrite(378)) - Duplicate write chunk request. Chunk overwrite without explicit request. ChunkInfo{chunkName='115816896921600004.data.0, offset=0, len=5}
2025-07-14 15:00:17,937 [9eaddddd-9b57-463b-ae7a-e3a77c744c69@group-92AAB85E7561-StateMachineUpdater] INFO  ratis.ContainerStateMachine (ContainerStateMachine.java:takeSnapshot(436)) - group-92AAB85E7561: Finished taking a snapshot at:(t:1, i:63) file:/home/runner/work/ozone/ozone/hadoop-ozone/integration-test/target/test-dir/MiniOzoneClusterImpl-aaa7dc72-7fbf-48e0-acc5-129182712624/ozone-meta/datanode-10/ratis/e4531615-3152-4076-828e-92aab85e7561/sm/snapshot.1_63 took: 3 ms
2025-07-14 15:00:17,937 [9eaddddd-9b57-463b-ae7a-e3a77c744c69@group-92AAB85E7561-StateMachineUpdater] INFO  impl.SimpleStateMachineStorage (SimpleStateMachineStorage.java:lambda$cleanupOldSnapshots$1(126)) - Deleting old snapshot at /home/runner/work/ozone/ozone/hadoop-ozone/integration-test/target/test-dir/MiniOzoneClusterImpl-aaa7dc72-7fbf-48e0-acc5-129182712624/ozone-meta/datanode-10/ratis/e4531615-3152-4076-828e-92aab85e7561/sm/snapshot.1_40
2025-07-14 15:00:17,938 [9eaddddd-9b57-463b-ae7a-e3a77c744c69@group-92AAB85E7561-StateMachineUpdater] INFO  impl.StateMachineUpdater (StateMachineUpdater.java:takeSnapshot(307)) - 9eaddddd-9b57-463b-ae7a-e3a77c744c69@group-92AAB85E7561-StateMachineUpdater: Took a snapshot at index 63
2025-07-14 15:00:17,938 [9eaddddd-9b57-463b-ae7a-e3a77c744c69@group-92AAB85E7561-StateMachineUpdater] INFO  impl.StateMachineUpdater (StateMachineUpdater.java:lambda$new$0(101)) - 9eaddddd-9b57-463b-ae7a-e3a77c744c69@group-92AAB85E7561-StateMachineUpdater: snapshotIndex: updateIncreasingly 57 -> 63
2025-07-14 15:00:17,938 [9eaddddd-9b57-463b-ae7a-e3a77c744c69-ChunkWriter-0-0] WARN  helpers.ChunkUtils (ChunkUtils.java:validateChunkForOverwrite(378)) - Duplicate write chunk request. Chunk overwrite without explicit request. ChunkInfo{chunkName='115816896921600004.data.0, offset=0, len=5}
2025-07-14 15:00:17,938 [9eaddddd-9b57-463b-ae7a-e3a77c744c69@group-92AAB85E7561-StateMachineUpdater] INFO  ratis.ContainerStateMachine (ContainerStateMachine.java:takeSnapshot(427)) - group-92AAB85E7561: Taking a snapshot at:(t:1, i:68) file /home/runner/work/ozone/ozone/hadoop-ozone/integration-test/target/test-dir/MiniOzoneClusterImpl-aaa7dc72-7fbf-48e0-acc5-129182712624/ozone-meta/datanode-10/ratis/e4531615-3152-4076-828e-92aab85e7561/sm/snapshot.1_68
2025-07-14 15:00:17,939 [9eaddddd-9b57-463b-ae7a-e3a77c744c69-ChunkWriter-0-0] WARN  helpers.ChunkUtils (ChunkUtils.java:validateChunkForOverwrite(378)) - Duplicate write chunk request. Chunk overwrite without explicit request. ChunkInfo{chunkName='115816896921600004.data.0, offset=0, len=5}
2025-07-14 15:00:17,940 [9eaddddd-9b57-463b-ae7a-e3a77c744c69@group-92AAB85E7561-StateMachineUpdater] INFO  ratis.ContainerStateMachine (ContainerStateMachine.java:takeSnapshot(436)) - group-92AAB85E7561: Finished taking a snapshot at:(t:1, i:68) file:/home/runner/work/ozone/ozone/hadoop-ozone/integration-test/target/test-dir/MiniOzoneClusterImpl-aaa7dc72-7fbf-48e0-acc5-129182712624/ozone-meta/datanode-10/ratis/e4531615-3152-4076-828e-92aab85e7561/sm/snapshot.1_68 took: 1 ms
2025-07-14 15:00:17,940 [9eaddddd-9b57-463b-ae7a-e3a77c744c69@group-92AAB85E7561-StateMachineUpdater] INFO  impl.SimpleStateMachineStorage (SimpleStateMachineStorage.java:lambda$cleanupOldSnapshots$1(126)) - Deleting old snapshot at /home/runner/work/ozone/ozone/hadoop-ozone/integration-test/target/test-dir/MiniOzoneClusterImpl-aaa7dc72-7fbf-48e0-acc5-129182712624/ozone-meta/datanode-10/ratis/e4531615-3152-4076-828e-92aab85e7561/sm/snapshot.1_47
2025-07-14 15:00:17,940 [9eaddddd-9b57-463b-ae7a-e3a77c744c69-ChunkWriter-0-0] WARN  helpers.ChunkUtils (ChunkUtils.java:validateChunkForOverwrite(378)) - Duplicate write chunk request. Chunk overwrite without explicit request. ChunkInfo{chunkName='115816896921600004.data.0, offset=0, len=5}
2025-07-14 15:00:17,941 [9eaddddd-9b57-463b-ae7a-e3a77c744c69@group-92AAB85E7561-StateMachineUpdater] INFO  impl.StateMachineUpdater (StateMachineUpdater.java:takeSnapshot(307)) - 9eaddddd-9b57-463b-ae7a-e3a77c744c69@group-92AAB85E7561-StateMachineUpdater: Took a snapshot at index 68
2025-07-14 15:00:17,941 [9eaddddd-9b57-463b-ae7a-e3a77c744c69@group-92AAB85E7561-StateMachineUpdater] INFO  impl.StateMachineUpdater (StateMachineUpdater.java:lambda$new$0(101)) - 9eaddddd-9b57-463b-ae7a-e3a77c744c69@group-92AAB85E7561-StateMachineUpdater: snapshotIndex: updateIncreasingly 63 -> 68
2025-07-14 15:00:17,942 [9eaddddd-9b57-463b-ae7a-e3a77c744c69@group-92AAB85E7561-StateMachineUpdater] INFO  ratis.ContainerStateMachine (ContainerStateMachine.java:takeSnapshot(427)) - group-92AAB85E7561: Taking a snapshot at:(t:1, i:74) file /home/runner/work/ozone/ozone/hadoop-ozone/integration-test/target/test-dir/MiniOzoneClusterImpl-aaa7dc72-7fbf-48e0-acc5-129182712624/ozone-meta/datanode-10/ratis/e4531615-3152-4076-828e-92aab85e7561/sm/snapshot.1_74
2025-07-14 15:00:17,942 [9eaddddd-9b57-463b-ae7a-e3a77c744c69-ChunkWriter-0-0] WARN  helpers.ChunkUtils (ChunkUtils.java:validateChunkForOverwrite(378)) - Duplicate write chunk request. Chunk overwrite without explicit request. ChunkInfo{chunkName='115816896921600004.data.0, offset=0, len=5}
2025-07-14 15:00:17,943 [9eaddddd-9b57-463b-ae7a-e3a77c744c69@group-92AAB85E7561-StateMachineUpdater] INFO  ratis.ContainerStateMachine (ContainerStateMachine.java:takeSnapshot(436)) - group-92AAB85E7561: Finished taking a snapshot at:(t:1, i:74) file:/home/runner/work/ozone/ozone/hadoop-ozone/integration-test/target/test-dir/MiniOzoneClusterImpl-aaa7dc72-7fbf-48e0-acc5-129182712624/ozone-meta/datanode-10/ratis/e4531615-3152-4076-828e-92aab85e7561/sm/snapshot.1_74 took: 1 ms
2025-07-14 15:00:17,943 [9eaddddd-9b57-463b-ae7a-e3a77c744c69@group-92AAB85E7561-StateMachineUpdater] INFO  impl.SimpleStateMachineStorage (SimpleStateMachineStorage.java:lambda$cleanupOldSnapshots$1(126)) - Deleting old snapshot at /home/runner/work/ozone/ozone/hadoop-ozone/integration-test/target/test-dir/MiniOzoneClusterImpl-aaa7dc72-7fbf-48e0-acc5-129182712624/ozone-meta/datanode-10/ratis/e4531615-3152-4076-828e-92aab85e7561/sm/snapshot.1_49
2025-07-14 15:00:17,943 [9eaddddd-9b57-463b-ae7a-e3a77c744c69@group-92AAB85E7561-StateMachineUpdater] INFO  impl.StateMachineUpdater (StateMachineUpdater.java:takeSnapshot(307)) - 9eaddddd-9b57-463b-ae7a-e3a77c744c69@group-92AAB85E7561-StateMachineUpdater: Took a snapshot at index 74
2025-07-14 15:00:17,943 [9eaddddd-9b57-463b-ae7a-e3a77c744c69@group-92AAB85E7561-StateMachineUpdater] INFO  impl.StateMachineUpdater (StateMachineUpdater.java:lambda$new$0(101)) - 9eaddddd-9b57-463b-ae7a-e3a77c744c69@group-92AAB85E7561-StateMachineUpdater: snapshotIndex: updateIncreasingly 68 -> 74
2025-07-14 15:00:17,945 [9eaddddd-9b57-463b-ae7a-e3a77c744c69-ChunkWriter-0-0] WARN  helpers.ChunkUtils (ChunkUtils.java:validateChunkForOverwrite(378)) - Duplicate write chunk request. Chunk overwrite without explicit request. ChunkInfo{chunkName='115816896921600004.data.0, offset=0, len=5}
2025-07-14 15:00:17,945 [9eaddddd-9b57-463b-ae7a-e3a77c744c69@group-92AAB85E7561-StateMachineUpdater] INFO  ratis.ContainerStateMachine (ContainerStateMachine.java:takeSnapshot(427)) - group-92AAB85E7561: Taking a snapshot at:(t:1, i:78) file /home/runner/work/ozone/ozone/hadoop-ozone/integration-test/target/test-dir/MiniOzoneClusterImpl-aaa7dc72-7fbf-48e0-acc5-129182712624/ozone-meta/datanode-10/ratis/e4531615-3152-4076-828e-92aab85e7561/sm/snapshot.1_78
2025-07-14 15:00:17,946 [9eaddddd-9b57-463b-ae7a-e3a77c744c69-ChunkWriter-0-0] WARN  helpers.ChunkUtils (ChunkUtils.java:validateChunkForOverwrite(378)) - Duplicate write chunk request. Chunk overwrite without explicit request. ChunkInfo{chunkName='115816896921600004.data.0, offset=0, len=5}
2025-07-14 15:00:17,947 [9eaddddd-9b57-463b-ae7a-e3a77c744c69@group-92AAB85E7561-StateMachineUpdater] INFO  ratis.ContainerStateMachine (ContainerStateMachine.java:takeSnapshot(436)) - group-92AAB85E7561: Finished taking a snapshot at:(t:1, i:78) file:/home/runner/work/ozone/ozone/hadoop-ozone/integration-test/target/test-dir/MiniOzoneClusterImpl-aaa7dc72-7fbf-48e0-acc5-129182712624/ozone-meta/datanode-10/ratis/e4531615-3152-4076-828e-92aab85e7561/sm/snapshot.1_78 took: 1 ms
2025-07-14 15:00:17,947 [9eaddddd-9b57-463b-ae7a-e3a77c744c69@group-92AAB85E7561-StateMachineUpdater] INFO  impl.SimpleStateMachineStorage (SimpleStateMachineStorage.java:lambda$cleanupOldSnapshots$1(126)) - Deleting old snapshot at /home/runner/work/ozone/ozone/hadoop-ozone/integration-test/target/test-dir/MiniOzoneClusterImpl-aaa7dc72-7fbf-48e0-acc5-129182712624/ozone-meta/datanode-10/ratis/e4531615-3152-4076-828e-92aab85e7561/sm/snapshot.1_52
2025-07-14 15:00:17,947 [9eaddddd-9b57-463b-ae7a-e3a77c744c69@group-92AAB85E7561-StateMachineUpdater] INFO  impl.StateMachineUpdater (StateMachineUpdater.java:takeSnapshot(307)) - 9eaddddd-9b57-463b-ae7a-e3a77c744c69@group-92AAB85E7561-StateMachineUpdater: Took a snapshot at index 78
2025-07-14 15:00:17,947 [9eaddddd-9b57-463b-ae7a-e3a77c744c69@group-92AAB85E7561-StateMachineUpdater] INFO  impl.StateMachineUpdater (StateMachineUpdater.java:lambda$new$0(101)) - 9eaddddd-9b57-463b-ae7a-e3a77c744c69@group-92AAB85E7561-StateMachineUpdater: snapshotIndex: updateIncreasingly 74 -> 78
2025-07-14 15:00:17,948 [9eaddddd-9b57-463b-ae7a-e3a77c744c69@group-92AAB85E7561-StateMachineUpdater] INFO  ratis.ContainerStateMachine (ContainerStateMachine.java:takeSnapshot(427)) - group-92AAB85E7561: Taking a snapshot at:(t:1, i:81) file /home/runner/work/ozone/ozone/hadoop-ozone/integration-test/target/test-dir/MiniOzoneClusterImpl-aaa7dc72-7fbf-48e0-acc5-129182712624/ozone-meta/datanode-10/ratis/e4531615-3152-4076-828e-92aab85e7561/sm/snapshot.1_81
2025-07-14 15:00:17,949 [9eaddddd-9b57-463b-ae7a-e3a77c744c69-ChunkWriter-0-0] WARN  helpers.ChunkUtils (ChunkUtils.java:validateChunkForOverwrite(378)) - Duplicate write chunk request. Chunk overwrite without explicit request. ChunkInfo{chunkName='115816896921600004.data.0, offset=0, len=5}
2025-07-14 15:00:17,950 [9eaddddd-9b57-463b-ae7a-e3a77c744c69@group-92AAB85E7561-StateMachineUpdater] INFO  ratis.ContainerStateMachine (ContainerStateMachine.java:takeSnapshot(436)) - group-92AAB85E7561: Finished taking a snapshot at:(t:1, i:81) file:/home/runner/work/ozone/ozone/hadoop-ozone/integration-test/target/test-dir/MiniOzoneClusterImpl-aaa7dc72-7fbf-48e0-acc5-129182712624/ozone-meta/datanode-10/ratis/e4531615-3152-4076-828e-92aab85e7561/sm/snapshot.1_81 took: 2 ms
2025-07-14 15:00:17,951 [9eaddddd-9b57-463b-ae7a-e3a77c744c69@group-92AAB85E7561-StateMachineUpdater] INFO  impl.SimpleStateMachineStorage (SimpleStateMachineStorage.java:lambda$cleanupOldSnapshots$1(126)) - Deleting old snapshot at /home/runner/work/ozone/ozone/hadoop-ozone/integration-test/target/test-dir/MiniOzoneClusterImpl-aaa7dc72-7fbf-48e0-acc5-129182712624/ozone-meta/datanode-10/ratis/e4531615-3152-4076-828e-92aab85e7561/sm/snapshot.1_57
2025-07-14 15:00:17,951 [9eaddddd-9b57-463b-ae7a-e3a77c744c69@group-92AAB85E7561-StateMachineUpdater] INFO  impl.StateMachineUpdater (StateMachineUpdater.java:takeSnapshot(307)) - 9eaddddd-9b57-463b-ae7a-e3a77c744c69@group-92AAB85E7561-StateMachineUpdater: Took a snapshot at index 81
2025-07-14 15:00:17,952 [9eaddddd-9b57-463b-ae7a-e3a77c744c69@group-92AAB85E7561-StateMachineUpdater] INFO  impl.StateMachineUpdater (StateMachineUpdater.java:lambda$new$0(101)) - 9eaddddd-9b57-463b-ae7a-e3a77c744c69@group-92AAB85E7561-StateMachineUpdater: snapshotIndex: updateIncreasingly 78 -> 81
2025-07-14 15:00:17,952 [9eaddddd-9b57-463b-ae7a-e3a77c744c69-ChunkWriter-0-0] WARN  helpers.ChunkUtils (ChunkUtils.java:validateChunkForOverwrite(378)) - Duplicate write chunk request. Chunk overwrite without explicit request. ChunkInfo{chunkName='115816896921600004.data.0, offset=0, len=5}
2025-07-14 15:00:17,953 [9eaddddd-9b57-463b-ae7a-e3a77c744c69@group-92AAB85E7561-StateMachineUpdater] INFO  ratis.ContainerStateMachine (ContainerStateMachine.java:takeSnapshot(427)) - group-92AAB85E7561: Taking a snapshot at:(t:1, i:83) file /home/runner/work/ozone/ozone/hadoop-ozone/integration-test/target/test-dir/MiniOzoneClusterImpl-aaa7dc72-7fbf-48e0-acc5-129182712624/ozone-meta/datanode-10/ratis/e4531615-3152-4076-828e-92aab85e7561/sm/snapshot.1_83
2025-07-14 15:00:17,953 [9eaddddd-9b57-463b-ae7a-e3a77c744c69-ChunkWriter-0-0] WARN  helpers.ChunkUtils (ChunkUtils.java:validateChunkForOverwrite(378)) - Duplicate write chunk request. Chunk overwrite without explicit request. ChunkInfo{chunkName='115816896921600004.data.0, offset=0, len=5}
2025-07-14 15:00:17,954 [9eaddddd-9b57-463b-ae7a-e3a77c744c69@group-92AAB85E7561-StateMachineUpdater] INFO  ratis.ContainerStateMachine (ContainerStateMachine.java:takeSnapshot(436)) - group-92AAB85E7561: Finished taking a snapshot at:(t:1, i:83) file:/home/runner/work/ozone/ozone/hadoop-ozone/integration-test/target/test-dir/MiniOzoneClusterImpl-aaa7dc72-7fbf-48e0-acc5-129182712624/ozone-meta/datanode-10/ratis/e4531615-3152-4076-828e-92aab85e7561/sm/snapshot.1_83 took: 2 ms
2025-07-14 15:00:17,954 [9eaddddd-9b57-463b-ae7a-e3a77c744c69-ChunkWriter-0-0] WARN  helpers.ChunkUtils (ChunkUtils.java:validateChunkForOverwrite(378)) - Duplicate write chunk request. Chunk overwrite without explicit request. ChunkInfo{chunkName='115816896921600004.data.0, offset=0, len=5}
2025-07-14 15:00:17,955 [9eaddddd-9b57-463b-ae7a-e3a77c744c69@group-92AAB85E7561-StateMachineUpdater] INFO  impl.SimpleStateMachineStorage (SimpleStateMachineStorage.java:lambda$cleanupOldSnapshots$1(126)) - Deleting old snapshot at /home/runner/work/ozone/ozone/hadoop-ozone/integration-test/target/test-dir/MiniOzoneClusterImpl-aaa7dc72-7fbf-48e0-acc5-129182712624/ozone-meta/datanode-10/ratis/e4531615-3152-4076-828e-92aab85e7561/sm/snapshot.1_63
2025-07-14 15:00:17,955 [9eaddddd-9b57-463b-ae7a-e3a77c744c69@group-92AAB85E7561-StateMachineUpdater] INFO  impl.StateMachineUpdater (StateMachineUpdater.java:takeSnapshot(307)) - 9eaddddd-9b57-463b-ae7a-e3a77c744c69@group-92AAB85E7561-StateMachineUpdater: Took a snapshot at index 83
2025-07-14 15:00:17,955 [9eaddddd-9b57-463b-ae7a-e3a77c744c69@group-92AAB85E7561-StateMachineUpdater] INFO  impl.StateMachineUpdater (StateMachineUpdater.java:lambda$new$0(101)) - 9eaddddd-9b57-463b-ae7a-e3a77c744c69@group-92AAB85E7561-StateMachineUpdater: snapshotIndex: updateIncreasingly 81 -> 83
2025-07-14 15:00:17,955 [9eaddddd-9b57-463b-ae7a-e3a77c744c69-ChunkWriter-0-0] WARN  helpers.ChunkUtils (ChunkUtils.java:validateChunkForOverwrite(378)) - Duplicate write chunk request. Chunk overwrite without explicit request. ChunkInfo{chunkName='115816896921600004.data.0, offset=0, len=5}
2025-07-14 15:00:17,957 [9eaddddd-9b57-463b-ae7a-e3a77c744c69-ChunkWriter-0-0] WARN  helpers.ChunkUtils (ChunkUtils.java:validateChunkForOverwrite(378)) - Duplicate write chunk request. Chunk overwrite without explicit request. ChunkInfo{chunkName='115816896921600004.data.0, offset=0, len=5}
2025-07-14 15:00:17,957 [9eaddddd-9b57-463b-ae7a-e3a77c744c69-ChunkWriter-0-0] WARN  helpers.ChunkUtils (ChunkUtils.java:validateChunkForOverwrite(378)) - Duplicate write chunk request. Chunk overwrite without explicit request. ChunkInfo{chunkName='115816896921600004.data.0, offset=0, len=5}
2025-07-14 15:00:17,958 [9eaddddd-9b57-463b-ae7a-e3a77c744c69-ChunkWriter-0-0] WARN  helpers.ChunkUtils (ChunkUtils.java:validateChunkForOverwrite(378)) - Duplicate write chunk request. Chunk overwrite without explicit request. ChunkInfo{chunkName='115816896921600004.data.0, offset=0, len=5}
2025-07-14 15:00:17,958 [9eaddddd-9b57-463b-ae7a-e3a77c744c69@group-92AAB85E7561-StateMachineUpdater] INFO  ratis.ContainerStateMachine (ContainerStateMachine.java:takeSnapshot(427)) - group-92AAB85E7561: Taking a snapshot at:(t:1, i:86) file /home/runner/work/ozone/ozone/hadoop-ozone/integration-test/target/test-dir/MiniOzoneClusterImpl-aaa7dc72-7fbf-48e0-acc5-129182712624/ozone-meta/datanode-10/ratis/e4531615-3152-4076-828e-92aab85e7561/sm/snapshot.1_86
2025-07-14 15:00:17,959 [9eaddddd-9b57-463b-ae7a-e3a77c744c69@group-92AAB85E7561-StateMachineUpdater] INFO  ratis.ContainerStateMachine (ContainerStateMachine.java:takeSnapshot(436)) - group-92AAB85E7561: Finished taking a snapshot at:(t:1, i:86) file:/home/runner/work/ozone/ozone/hadoop-ozone/integration-test/target/test-dir/MiniOzoneClusterImpl-aaa7dc72-7fbf-48e0-acc5-129182712624/ozone-meta/datanode-10/ratis/e4531615-3152-4076-828e-92aab85e7561/sm/snapshot.1_86 took: 1 ms
2025-07-14 15:00:17,959 [9eaddddd-9b57-463b-ae7a-e3a77c744c69@group-92AAB85E7561-StateMachineUpdater] INFO  impl.SimpleStateMachineStorage (SimpleStateMachineStorage.java:lambda$cleanupOldSnapshots$1(126)) - Deleting old snapshot at /home/runner/work/ozone/ozone/hadoop-ozone/integration-test/target/test-dir/MiniOzoneClusterImpl-aaa7dc72-7fbf-48e0-acc5-129182712624/ozone-meta/datanode-10/ratis/e4531615-3152-4076-828e-92aab85e7561/sm/snapshot.1_68
2025-07-14 15:00:17,959 [9eaddddd-9b57-463b-ae7a-e3a77c744c69-ChunkWriter-0-0] WARN  helpers.ChunkUtils (ChunkUtils.java:validateChunkForOverwrite(378)) - Duplicate write chunk request. Chunk overwrite without explicit request. ChunkInfo{chunkName='115816896921600004.data.0, offset=0, len=5}
2025-07-14 15:00:17,959 [9eaddddd-9b57-463b-ae7a-e3a77c744c69@group-92AAB85E7561-StateMachineUpdater] INFO  impl.StateMachineUpdater (StateMachineUpdater.java:takeSnapshot(307)) - 9eaddddd-9b57-463b-ae7a-e3a77c744c69@group-92AAB85E7561-StateMachineUpdater: Took a snapshot at index 86
2025-07-14 15:00:17,959 [9eaddddd-9b57-463b-ae7a-e3a77c744c69@group-92AAB85E7561-StateMachineUpdater] INFO  impl.StateMachineUpdater (StateMachineUpdater.java:lambda$new$0(101)) - 9eaddddd-9b57-463b-ae7a-e3a77c744c69@group-92AAB85E7561-StateMachineUpdater: snapshotIndex: updateIncreasingly 83 -> 86
2025-07-14 15:00:17,960 [9eaddddd-9b57-463b-ae7a-e3a77c744c69-ChunkWriter-0-0] WARN  helpers.ChunkUtils (ChunkUtils.java:validateChunkForOverwrite(378)) - Duplicate write chunk request. Chunk overwrite without explicit request. ChunkInfo{chunkName='115816896921600004.data.0, offset=0, len=5}
2025-07-14 15:00:17,962 [9eaddddd-9b57-463b-ae7a-e3a77c744c69@group-92AAB85E7561-StateMachineUpdater] INFO  ratis.ContainerStateMachine (ContainerStateMachine.java:takeSnapshot(427)) - group-92AAB85E7561: Taking a snapshot at:(t:1, i:94) file /home/runner/work/ozone/ozone/hadoop-ozone/integration-test/target/test-dir/MiniOzoneClusterImpl-aaa7dc72-7fbf-48e0-acc5-129182712624/ozone-meta/datanode-10/ratis/e4531615-3152-4076-828e-92aab85e7561/sm/snapshot.1_94
2025-07-14 15:00:17,963 [9eaddddd-9b57-463b-ae7a-e3a77c744c69-ChunkWriter-0-0] WARN  helpers.ChunkUtils (ChunkUtils.java:validateChunkForOverwrite(378)) - Duplicate write chunk request. Chunk overwrite without explicit request. ChunkInfo{chunkName='115816896921600004.data.0, offset=0, len=5}
2025-07-14 15:00:17,963 [9eaddddd-9b57-463b-ae7a-e3a77c744c69@group-92AAB85E7561-StateMachineUpdater] INFO  ratis.ContainerStateMachine (ContainerStateMachine.java:takeSnapshot(436)) - group-92AAB85E7561: Finished taking a snapshot at:(t:1, i:94) file:/home/runner/work/ozone/ozone/hadoop-ozone/integration-test/target/test-dir/MiniOzoneClusterImpl-aaa7dc72-7fbf-48e0-acc5-129182712624/ozone-meta/datanode-10/ratis/e4531615-3152-4076-828e-92aab85e7561/sm/snapshot.1_94 took: 1 ms
2025-07-14 15:00:17,964 [9eaddddd-9b57-463b-ae7a-e3a77c744c69@group-92AAB85E7561-StateMachineUpdater] INFO  impl.SimpleStateMachineStorage (SimpleStateMachineStorage.java:lambda$cleanupOldSnapshots$1(126)) - Deleting old snapshot at /home/runner/work/ozone/ozone/hadoop-ozone/integration-test/target/test-dir/MiniOzoneClusterImpl-aaa7dc72-7fbf-48e0-acc5-129182712624/ozone-meta/datanode-10/ratis/e4531615-3152-4076-828e-92aab85e7561/sm/snapshot.1_74
2025-07-14 15:00:17,964 [9eaddddd-9b57-463b-ae7a-e3a77c744c69@group-92AAB85E7561-StateMachineUpdater] INFO  impl.StateMachineUpdater (StateMachineUpdater.java:takeSnapshot(307)) - 9eaddddd-9b57-463b-ae7a-e3a77c744c69@group-92AAB85E7561-StateMachineUpdater: Took a snapshot at index 94
2025-07-14 15:00:17,964 [9eaddddd-9b57-463b-ae7a-e3a77c744c69@group-92AAB85E7561-StateMachineUpdater] INFO  impl.StateMachineUpdater (StateMachineUpdater.java:lambda$new$0(101)) - 9eaddddd-9b57-463b-ae7a-e3a77c744c69@group-92AAB85E7561-StateMachineUpdater: snapshotIndex: updateIncreasingly 86 -> 94
2025-07-14 15:00:17,965 [9eaddddd-9b57-463b-ae7a-e3a77c744c69-ChunkWriter-0-0] WARN  helpers.ChunkUtils (ChunkUtils.java:validateChunkForOverwrite(378)) - Duplicate write chunk request. Chunk overwrite without explicit request. ChunkInfo{chunkName='115816896921600004.data.0, offset=0, len=5}
2025-07-14 15:00:17,965 [9eaddddd-9b57-463b-ae7a-e3a77c744c69@group-92AAB85E7561-StateMachineUpdater] INFO  ratis.ContainerStateMachine (ContainerStateMachine.java:takeSnapshot(427)) - group-92AAB85E7561: Taking a snapshot at:(t:1, i:99) file /home/runner/work/ozone/ozone/hadoop-ozone/integration-test/target/test-dir/MiniOzoneClusterImpl-aaa7dc72-7fbf-48e0-acc5-129182712624/ozone-meta/datanode-10/ratis/e4531615-3152-4076-828e-92aab85e7561/sm/snapshot.1_99
2025-07-14 15:00:17,967 [9eaddddd-9b57-463b-ae7a-e3a77c744c69@group-92AAB85E7561-StateMachineUpdater] INFO  ratis.ContainerStateMachine (ContainerStateMachine.java:takeSnapshot(436)) - group-92AAB85E7561: Finished taking a snapshot at:(t:1, i:99) file:/home/runner/work/ozone/ozone/hadoop-ozone/integration-test/target/test-dir/MiniOzoneClusterImpl-aaa7dc72-7fbf-48e0-acc5-129182712624/ozone-meta/datanode-10/ratis/e4531615-3152-4076-828e-92aab85e7561/sm/snapshot.1_99 took: 1 ms
2025-07-14 15:00:17,967 [9eaddddd-9b57-463b-ae7a-e3a77c744c69@group-92AAB85E7561-StateMachineUpdater] INFO  impl.SimpleStateMachineStorage (SimpleStateMachineStorage.java:lambda$cleanupOldSnapshots$1(126)) - Deleting old snapshot at /home/runner/work/ozone/ozone/hadoop-ozone/integration-test/target/test-dir/MiniOzoneClusterImpl-aaa7dc72-7fbf-48e0-acc5-129182712624/ozone-meta/datanode-10/ratis/e4531615-3152-4076-828e-92aab85e7561/sm/snapshot.1_78
2025-07-14 15:00:17,967 [9eaddddd-9b57-463b-ae7a-e3a77c744c69@group-92AAB85E7561-StateMachineUpdater] INFO  impl.StateMachineUpdater (StateMachineUpdater.java:takeSnapshot(307)) - 9eaddddd-9b57-463b-ae7a-e3a77c744c69@group-92AAB85E7561-StateMachineUpdater: Took a snapshot at index 99
2025-07-14 15:00:17,967 [9eaddddd-9b57-463b-ae7a-e3a77c744c69@group-92AAB85E7561-StateMachineUpdater] INFO  impl.StateMachineUpdater (StateMachineUpdater.java:lambda$new$0(101)) - 9eaddddd-9b57-463b-ae7a-e3a77c744c69@group-92AAB85E7561-StateMachineUpdater: snapshotIndex: updateIncreasingly 94 -> 99
2025-07-14 15:00:17,969 [9eaddddd-9b57-463b-ae7a-e3a77c744c69@group-92AAB85E7561-StateMachineUpdater] INFO  ratis.ContainerStateMachine (ContainerStateMachine.java:takeSnapshot(427)) - group-92AAB85E7561: Taking a snapshot at:(t:1, i:101) file /home/runner/work/ozone/ozone/hadoop-ozone/integration-test/target/test-dir/MiniOzoneClusterImpl-aaa7dc72-7fbf-48e0-acc5-129182712624/ozone-meta/datanode-10/ratis/e4531615-3152-4076-828e-92aab85e7561/sm/snapshot.1_101
2025-07-14 15:00:17,970 [9eaddddd-9b57-463b-ae7a-e3a77c744c69-ChunkWriter-0-0] WARN  helpers.ChunkUtils (ChunkUtils.java:validateChunkForOverwrite(378)) - Duplicate write chunk request. Chunk overwrite without explicit request. ChunkInfo{chunkName='115816896921600004.data.0, offset=0, len=5}
2025-07-14 15:00:17,970 [9eaddddd-9b57-463b-ae7a-e3a77c744c69@group-92AAB85E7561-StateMachineUpdater] INFO  ratis.ContainerStateMachine (ContainerStateMachine.java:takeSnapshot(436)) - group-92AAB85E7561: Finished taking a snapshot at:(t:1, i:101) file:/home/runner/work/ozone/ozone/hadoop-ozone/integration-test/target/test-dir/MiniOzoneClusterImpl-aaa7dc72-7fbf-48e0-acc5-129182712624/ozone-meta/datanode-10/ratis/e4531615-3152-4076-828e-92aab85e7561/sm/snapshot.1_101 took: 2 ms
2025-07-14 15:00:17,970 [9eaddddd-9b57-463b-ae7a-e3a77c744c69@group-92AAB85E7561-StateMachineUpdater] INFO  impl.SimpleStateMachineStorage (SimpleStateMachineStorage.java:lambda$cleanupOldSnapshots$1(126)) - Deleting old snapshot at /home/runner/work/ozone/ozone/hadoop-ozone/integration-test/target/test-dir/MiniOzoneClusterImpl-aaa7dc72-7fbf-48e0-acc5-129182712624/ozone-meta/datanode-10/ratis/e4531615-3152-4076-828e-92aab85e7561/sm/snapshot.1_81
2025-07-14 15:00:17,971 [9eaddddd-9b57-463b-ae7a-e3a77c744c69@group-92AAB85E7561-StateMachineUpdater] INFO  impl.StateMachineUpdater (StateMachineUpdater.java:takeSnapshot(307)) - 9eaddddd-9b57-463b-ae7a-e3a77c744c69@group-92AAB85E7561-StateMachineUpdater: Took a snapshot at index 101
2025-07-14 15:00:17,971 [9eaddddd-9b57-463b-ae7a-e3a77c744c69@group-92AAB85E7561-StateMachineUpdater] INFO  impl.StateMachineUpdater (StateMachineUpdater.java:lambda$new$0(101)) - 9eaddddd-9b57-463b-ae7a-e3a77c744c69@group-92AAB85E7561-StateMachineUpdater: snapshotIndex: updateIncreasingly 99 -> 101
2025-07-14 15:00:17,971 [9eaddddd-9b57-463b-ae7a-e3a77c744c69-ChunkWriter-0-0] WARN  helpers.ChunkUtils (ChunkUtils.java:validateChunkForOverwrite(378)) - Duplicate write chunk request. Chunk overwrite without explicit request. ChunkInfo{chunkName='115816896921600004.data.0, offset=0, len=5}
2025-07-14 15:00:17,972 [9eaddddd-9b57-463b-ae7a-e3a77c744c69@group-92AAB85E7561-StateMachineUpdater] INFO  ratis.ContainerStateMachine (ContainerStateMachine.java:takeSnapshot(427)) - group-92AAB85E7561: Taking a snapshot at:(t:1, i:102) file /home/runner/work/ozone/ozone/hadoop-ozone/integration-test/target/test-dir/MiniOzoneClusterImpl-aaa7dc72-7fbf-48e0-acc5-129182712624/ozone-meta/datanode-10/ratis/e4531615-3152-4076-828e-92aab85e7561/sm/snapshot.1_102
2025-07-14 15:00:17,973 [9eaddddd-9b57-463b-ae7a-e3a77c744c69-ChunkWriter-0-0] WARN  helpers.ChunkUtils (ChunkUtils.java:validateChunkForOverwrite(378)) - Duplicate write chunk request. Chunk overwrite without explicit request. ChunkInfo{chunkName='115816896921600004.data.0, offset=0, len=5}
2025-07-14 15:00:17,973 [9eaddddd-9b57-463b-ae7a-e3a77c744c69@group-92AAB85E7561-StateMachineUpdater] INFO  ratis.ContainerStateMachine (ContainerStateMachine.java:takeSnapshot(436)) - group-92AAB85E7561: Finished taking a snapshot at:(t:1, i:102) file:/home/runner/work/ozone/ozone/hadoop-ozone/integration-test/target/test-dir/MiniOzoneClusterImpl-aaa7dc72-7fbf-48e0-acc5-129182712624/ozone-meta/datanode-10/ratis/e4531615-3152-4076-828e-92aab85e7561/sm/snapshot.1_102 took: 2 ms
2025-07-14 15:00:17,974 [9eaddddd-9b57-463b-ae7a-e3a77c744c69@group-92AAB85E7561-StateMachineUpdater] INFO  impl.SimpleStateMachineStorage (SimpleStateMachineStorage.java:lambda$cleanupOldSnapshots$1(126)) - Deleting old snapshot at /home/runner/work/ozone/ozone/hadoop-ozone/integration-test/target/test-dir/MiniOzoneClusterImpl-aaa7dc72-7fbf-48e0-acc5-129182712624/ozone-meta/datanode-10/ratis/e4531615-3152-4076-828e-92aab85e7561/sm/snapshot.1_83
2025-07-14 15:00:17,974 [9eaddddd-9b57-463b-ae7a-e3a77c744c69@group-92AAB85E7561-StateMachineUpdater] INFO  impl.StateMachineUpdater (StateMachineUpdater.java:takeSnapshot(307)) - 9eaddddd-9b57-463b-ae7a-e3a77c744c69@group-92AAB85E7561-StateMachineUpdater: Took a snapshot at index 102
2025-07-14 15:00:17,974 [9eaddddd-9b57-463b-ae7a-e3a77c744c69@group-92AAB85E7561-StateMachineUpdater] INFO  impl.StateMachineUpdater (StateMachineUpdater.java:lambda$new$0(101)) - 9eaddddd-9b57-463b-ae7a-e3a77c744c69@group-92AAB85E7561-StateMachineUpdater: snapshotIndex: updateIncreasingly 101 -> 102
2025-07-14 15:00:17,975 [9eaddddd-9b57-463b-ae7a-e3a77c744c69-ChunkWriter-0-0] WARN  helpers.ChunkUtils (ChunkUtils.java:validateChunkForOverwrite(378)) - Duplicate write chunk request. Chunk overwrite without explicit request. ChunkInfo{chunkName='115816896921600004.data.0, offset=0, len=5}
2025-07-14 15:00:17,975 [9eaddddd-9b57-463b-ae7a-e3a77c744c69@group-92AAB85E7561-StateMachineUpdater] INFO  ratis.ContainerStateMachine (ContainerStateMachine.java:takeSnapshot(427)) - group-92AAB85E7561: Taking a snapshot at:(t:1, i:107) file /home/runner/work/ozone/ozone/hadoop-ozone/integration-test/target/test-dir/MiniOzoneClusterImpl-aaa7dc72-7fbf-48e0-acc5-129182712624/ozone-meta/datanode-10/ratis/e4531615-3152-4076-828e-92aab85e7561/sm/snapshot.1_107
2025-07-14 15:00:17,978 [9eaddddd-9b57-463b-ae7a-e3a77c744c69-ChunkWriter-0-0] WARN  helpers.ChunkUtils (ChunkUtils.java:validateChunkForOverwrite(378)) - Duplicate write chunk request. Chunk overwrite without explicit request. ChunkInfo{chunkName='115816896921600004.data.0, offset=0, len=5}
2025-07-14 15:00:17,978 [9eaddddd-9b57-463b-ae7a-e3a77c744c69@group-92AAB85E7561-StateMachineUpdater] INFO  ratis.ContainerStateMachine (ContainerStateMachine.java:takeSnapshot(436)) - group-92AAB85E7561: Finished taking a snapshot at:(t:1, i:107) file:/home/runner/work/ozone/ozone/hadoop-ozone/integration-test/target/test-dir/MiniOzoneClusterImpl-aaa7dc72-7fbf-48e0-acc5-129182712624/ozone-meta/datanode-10/ratis/e4531615-3152-4076-828e-92aab85e7561/sm/snapshot.1_107 took: 4 ms
2025-07-14 15:00:17,979 [9eaddddd-9b57-463b-ae7a-e3a77c744c69@group-92AAB85E7561-StateMachineUpdater] INFO  impl.SimpleStateMachineStorage (SimpleStateMachineStorage.java:lambda$cleanupOldSnapshots$1(126)) - Deleting old snapshot at /home/runner/work/ozone/ozone/hadoop-ozone/integration-test/target/test-dir/MiniOzoneClusterImpl-aaa7dc72-7fbf-48e0-acc5-129182712624/ozone-meta/datanode-10/ratis/e4531615-3152-4076-828e-92aab85e7561/sm/snapshot.1_86
2025-07-14 15:00:17,979 [9eaddddd-9b57-463b-ae7a-e3a77c744c69-ChunkWriter-0-0] WARN  helpers.ChunkUtils (ChunkUtils.java:validateChunkForOverwrite(378)) - Duplicate write chunk request. Chunk overwrite without explicit request. ChunkInfo{chunkName='115816896921600004.data.0, offset=0, len=5}
2025-07-14 15:00:17,980 [9eaddddd-9b57-463b-ae7a-e3a77c744c69-ChunkWriter-0-0] WARN  helpers.ChunkUtils (ChunkUtils.java:validateChunkForOverwrite(378)) - Duplicate write chunk request. Chunk overwrite without explicit request. ChunkInfo{chunkName='115816896921600004.data.0, offset=0, len=5}
2025-07-14 15:00:17,980 [9eaddddd-9b57-463b-ae7a-e3a77c744c69@group-92AAB85E7561-StateMachineUpdater] INFO  impl.StateMachineUpdater (StateMachineUpdater.java:takeSnapshot(307)) - 9eaddddd-9b57-463b-ae7a-e3a77c744c69@group-92AAB85E7561-StateMachineUpdater: Took a snapshot at index 107
2025-07-14 15:00:17,981 [9eaddddd-9b57-463b-ae7a-e3a77c744c69@group-92AAB85E7561-StateMachineUpdater] INFO  impl.StateMachineUpdater (StateMachineUpdater.java:lambda$new$0(101)) - 9eaddddd-9b57-463b-ae7a-e3a77c744c69@group-92AAB85E7561-StateMachineUpdater: snapshotIndex: updateIncreasingly 102 -> 107
2025-07-14 15:00:17,981 [9eaddddd-9b57-463b-ae7a-e3a77c744c69@group-92AAB85E7561-StateMachineUpdater] INFO  ratis.ContainerStateMachine (ContainerStateMachine.java:takeSnapshot(427)) - group-92AAB85E7561: Taking a snapshot at:(t:1, i:108) file /home/runner/work/ozone/ozone/hadoop-ozone/integration-test/target/test-dir/MiniOzoneClusterImpl-aaa7dc72-7fbf-48e0-acc5-129182712624/ozone-meta/datanode-10/ratis/e4531615-3152-4076-828e-92aab85e7561/sm/snapshot.1_108
2025-07-14 15:00:17,981 [9eaddddd-9b57-463b-ae7a-e3a77c744c69-ChunkWriter-0-0] WARN  helpers.ChunkUtils (ChunkUtils.java:validateChunkForOverwrite(378)) - Duplicate write chunk request. Chunk overwrite without explicit request. ChunkInfo{chunkName='115816896921600004.data.0, offset=0, len=5}
2025-07-14 15:00:17,982 [9eaddddd-9b57-463b-ae7a-e3a77c744c69@group-92AAB85E7561-StateMachineUpdater] INFO  ratis.ContainerStateMachine (ContainerStateMachine.java:takeSnapshot(436)) - group-92AAB85E7561: Finished taking a snapshot at:(t:1, i:108) file:/home/runner/work/ozone/ozone/hadoop-ozone/integration-test/target/test-dir/MiniOzoneClusterImpl-aaa7dc72-7fbf-48e0-acc5-129182712624/ozone-meta/datanode-10/ratis/e4531615-3152-4076-828e-92aab85e7561/sm/snapshot.1_108 took: 2 ms
2025-07-14 15:00:17,982 [9eaddddd-9b57-463b-ae7a-e3a77c744c69@group-92AAB85E7561-StateMachineUpdater] INFO  impl.SimpleStateMachineStorage (SimpleStateMachineStorage.java:lambda$cleanupOldSnapshots$1(126)) - Deleting old snapshot at /home/runner/work/ozone/ozone/hadoop-ozone/integration-test/target/test-dir/MiniOzoneClusterImpl-aaa7dc72-7fbf-48e0-acc5-129182712624/ozone-meta/datanode-10/ratis/e4531615-3152-4076-828e-92aab85e7561/sm/snapshot.1_94
2025-07-14 15:00:17,982 [9eaddddd-9b57-463b-ae7a-e3a77c744c69@group-92AAB85E7561-StateMachineUpdater] INFO  impl.StateMachineUpdater (StateMachineUpdater.java:takeSnapshot(307)) - 9eaddddd-9b57-463b-ae7a-e3a77c744c69@group-92AAB85E7561-StateMachineUpdater: Took a snapshot at index 108
2025-07-14 15:00:17,982 [9eaddddd-9b57-463b-ae7a-e3a77c744c69@group-92AAB85E7561-StateMachineUpdater] INFO  impl.StateMachineUpdater (StateMachineUpdater.java:lambda$new$0(101)) - 9eaddddd-9b57-463b-ae7a-e3a77c744c69@group-92AAB85E7561-StateMachineUpdater: snapshotIndex: updateIncreasingly 107 -> 108
2025-07-14 15:00:17,983 [9eaddddd-9b57-463b-ae7a-e3a77c744c69-ChunkWriter-0-0] WARN  helpers.ChunkUtils (ChunkUtils.java:validateChunkForOverwrite(378)) - Duplicate write chunk request. Chunk overwrite without explicit request. ChunkInfo{chunkName='115816896921600004.data.0, offset=0, len=5}
2025-07-14 15:00:17,983 [9eaddddd-9b57-463b-ae7a-e3a77c744c69-ChunkWriter-0-0] WARN  helpers.ChunkUtils (ChunkUtils.java:validateChunkForOverwrite(378)) - Duplicate write chunk request. Chunk overwrite without explicit request. ChunkInfo{chunkName='115816896921600004.data.0, offset=0, len=5}
2025-07-14 15:00:17,984 [9eaddddd-9b57-463b-ae7a-e3a77c744c69-ChunkWriter-0-0] WARN  helpers.ChunkUtils (ChunkUtils.java:validateChunkForOverwrite(378)) - Duplicate write chunk request. Chunk overwrite without explicit request. ChunkInfo{chunkName='115816896921600004.data.0, offset=0, len=5}
2025-07-14 15:00:17,985 [9eaddddd-9b57-463b-ae7a-e3a77c744c69@group-92AAB85E7561-StateMachineUpdater] INFO  ratis.ContainerStateMachine (ContainerStateMachine.java:takeSnapshot(427)) - group-92AAB85E7561: Taking a snapshot at:(t:1, i:115) file /home/runner/work/ozone/ozone/hadoop-ozone/integration-test/target/test-dir/MiniOzoneClusterImpl-aaa7dc72-7fbf-48e0-acc5-129182712624/ozone-meta/datanode-10/ratis/e4531615-3152-4076-828e-92aab85e7561/sm/snapshot.1_115
2025-07-14 15:00:17,985 [9eaddddd-9b57-463b-ae7a-e3a77c744c69-ChunkWriter-0-0] WARN  helpers.ChunkUtils (ChunkUtils.java:validateChunkForOverwrite(378)) - Duplicate write chunk request. Chunk overwrite without explicit request. ChunkInfo{chunkName='115816896921600004.data.0, offset=0, len=5}
2025-07-14 15:00:17,986 [9eaddddd-9b57-463b-ae7a-e3a77c744c69@group-92AAB85E7561-StateMachineUpdater] INFO  ratis.ContainerStateMachine (ContainerStateMachine.java:takeSnapshot(436)) - group-92AAB85E7561: Finished taking a snapshot at:(t:1, i:115) file:/home/runner/work/ozone/ozone/hadoop-ozone/integration-test/target/test-dir/MiniOzoneClusterImpl-aaa7dc72-7fbf-48e0-acc5-129182712624/ozone-meta/datanode-10/ratis/e4531615-3152-4076-828e-92aab85e7561/sm/snapshot.1_115 took: 2 ms
2025-07-14 15:00:17,987 [9eaddddd-9b57-463b-ae7a-e3a77c744c69@group-92AAB85E7561-StateMachineUpdater] INFO  impl.SimpleStateMachineStorage (SimpleStateMachineStorage.java:lambda$cleanupOldSnapshots$1(126)) - Deleting old snapshot at /home/runner/work/ozone/ozone/hadoop-ozone/integration-test/target/test-dir/MiniOzoneClusterImpl-aaa7dc72-7fbf-48e0-acc5-129182712624/ozone-meta/datanode-10/ratis/e4531615-3152-4076-828e-92aab85e7561/sm/snapshot.1_99
2025-07-14 15:00:17,987 [9eaddddd-9b57-463b-ae7a-e3a77c744c69@group-92AAB85E7561-StateMachineUpdater] INFO  impl.StateMachineUpdater (StateMachineUpdater.java:takeSnapshot(307)) - 9eaddddd-9b57-463b-ae7a-e3a77c744c69@group-92AAB85E7561-StateMachineUpdater: Took a snapshot at index 115
2025-07-14 15:00:17,987 [9eaddddd-9b57-463b-ae7a-e3a77c744c69@group-92AAB85E7561-StateMachineUpdater] INFO  impl.StateMachineUpdater (StateMachineUpdater.java:lambda$new$0(101)) - 9eaddddd-9b57-463b-ae7a-e3a77c744c69@group-92AAB85E7561-StateMachineUpdater: snapshotIndex: updateIncreasingly 108 -> 115
2025-07-14 15:00:17,988 [9eaddddd-9b57-463b-ae7a-e3a77c744c69@group-92AAB85E7561-StateMachineUpdater] INFO  ratis.ContainerStateMachine (ContainerStateMachine.java:takeSnapshot(427)) - group-92AAB85E7561: Taking a snapshot at:(t:1, i:119) file /home/runner/work/ozone/ozone/hadoop-ozone/integration-test/target/test-dir/MiniOzoneClusterImpl-aaa7dc72-7fbf-48e0-acc5-129182712624/ozone-meta/datanode-10/ratis/e4531615-3152-4076-828e-92aab85e7561/sm/snapshot.1_119
2025-07-14 15:00:17,989 [9eaddddd-9b57-463b-ae7a-e3a77c744c69-ChunkWriter-0-0] WARN  helpers.ChunkUtils (ChunkUtils.java:validateChunkForOverwrite(378)) - Duplicate write chunk request. Chunk overwrite without explicit request. ChunkInfo{chunkName='115816896921600004.data.0, offset=0, len=5}
2025-07-14 15:00:17,989 [9eaddddd-9b57-463b-ae7a-e3a77c744c69@group-92AAB85E7561-StateMachineUpdater] INFO  ratis.ContainerStateMachine (ContainerStateMachine.java:takeSnapshot(436)) - group-92AAB85E7561: Finished taking a snapshot at:(t:1, i:119) file:/home/runner/work/ozone/ozone/hadoop-ozone/integration-test/target/test-dir/MiniOzoneClusterImpl-aaa7dc72-7fbf-48e0-acc5-129182712624/ozone-meta/datanode-10/ratis/e4531615-3152-4076-828e-92aab85e7561/sm/snapshot.1_119 took: 2 ms
2025-07-14 15:00:17,989 [9eaddddd-9b57-463b-ae7a-e3a77c744c69@group-92AAB85E7561-StateMachineUpdater] INFO  impl.SimpleStateMachineStorage (SimpleStateMachineStorage.java:lambda$cleanupOldSnapshots$1(126)) - Deleting old snapshot at /home/runner/work/ozone/ozone/hadoop-ozone/integration-test/target/test-dir/MiniOzoneClusterImpl-aaa7dc72-7fbf-48e0-acc5-129182712624/ozone-meta/datanode-10/ratis/e4531615-3152-4076-828e-92aab85e7561/sm/snapshot.1_101
2025-07-14 15:00:17,990 [9eaddddd-9b57-463b-ae7a-e3a77c744c69@group-92AAB85E7561-StateMachineUpdater] INFO  impl.StateMachineUpdater (StateMachineUpdater.java:takeSnapshot(307)) - 9eaddddd-9b57-463b-ae7a-e3a77c744c69@group-92AAB85E7561-StateMachineUpdater: Took a snapshot at index 119
2025-07-14 15:00:17,990 [9eaddddd-9b57-463b-ae7a-e3a77c744c69@group-92AAB85E7561-StateMachineUpdater] INFO  impl.StateMachineUpdater (StateMachineUpdater.java:lambda$new$0(101)) - 9eaddddd-9b57-463b-ae7a-e3a77c744c69@group-92AAB85E7561-StateMachineUpdater: snapshotIndex: updateIncreasingly 115 -> 119
2025-07-14 15:00:17,992 [9eaddddd-9b57-463b-ae7a-e3a77c744c69@group-92AAB85E7561-StateMachineUpdater] INFO  ratis.ContainerStateMachine (ContainerStateMachine.java:takeSnapshot(427)) - group-92AAB85E7561: Taking a snapshot at:(t:1, i:123) file /home/runner/work/ozone/ozone/hadoop-ozone/integration-test/target/test-dir/MiniOzoneClusterImpl-aaa7dc72-7fbf-48e0-acc5-129182712624/ozone-meta/datanode-10/ratis/e4531615-3152-4076-828e-92aab85e7561/sm/snapshot.1_123
2025-07-14 15:00:17,992 [9eaddddd-9b57-463b-ae7a-e3a77c744c69-ChunkWriter-0-0] WARN  helpers.ChunkUtils (ChunkUtils.java:validateChunkForOverwrite(378)) - Duplicate write chunk request. Chunk overwrite without explicit request. ChunkInfo{chunkName='115816896921600004.data.0, offset=0, len=5}
2025-07-14 15:00:17,993 [9eaddddd-9b57-463b-ae7a-e3a77c744c69@group-92AAB85E7561-StateMachineUpdater] INFO  ratis.ContainerStateMachine (ContainerStateMachine.java:takeSnapshot(436)) - group-92AAB85E7561: Finished taking a snapshot at:(t:1, i:123) file:/home/runner/work/ozone/ozone/hadoop-ozone/integration-test/target/test-dir/MiniOzoneClusterImpl-aaa7dc72-7fbf-48e0-acc5-129182712624/ozone-meta/datanode-10/ratis/e4531615-3152-4076-828e-92aab85e7561/sm/snapshot.1_123 took: 2 ms
2025-07-14 15:00:17,993 [9eaddddd-9b57-463b-ae7a-e3a77c744c69-ChunkWriter-0-0] WARN  helpers.ChunkUtils (ChunkUtils.java:validateChunkForOverwrite(378)) - Duplicate write chunk request. Chunk overwrite without explicit request. ChunkInfo{chunkName='115816896921600004.data.0, offset=0, len=5}
2025-07-14 15:00:17,994 [9eaddddd-9b57-463b-ae7a-e3a77c744c69@group-92AAB85E7561-StateMachineUpdater] INFO  impl.SimpleStateMachineStorage (SimpleStateMachineStorage.java:lambda$cleanupOldSnapshots$1(126)) - Deleting old snapshot at /home/runner/work/ozone/ozone/hadoop-ozone/integration-test/target/test-dir/MiniOzoneClusterImpl-aaa7dc72-7fbf-48e0-acc5-129182712624/ozone-meta/datanode-10/ratis/e4531615-3152-4076-828e-92aab85e7561/sm/snapshot.1_102
2025-07-14 15:00:17,995 [9eaddddd-9b57-463b-ae7a-e3a77c744c69-ChunkWriter-0-0] WARN  helpers.ChunkUtils (ChunkUtils.java:validateChunkForOverwrite(378)) - Duplicate write chunk request. Chunk overwrite without explicit request. ChunkInfo{chunkName='115816896921600004.data.0, offset=0, len=5}
2025-07-14 15:00:17,995 [9eaddddd-9b57-463b-ae7a-e3a77c744c69@group-92AAB85E7561-StateMachineUpdater] INFO  impl.StateMachineUpdater (StateMachineUpdater.java:takeSnapshot(307)) - 9eaddddd-9b57-463b-ae7a-e3a77c744c69@group-92AAB85E7561-StateMachineUpdater: Took a snapshot at index 123
2025-07-14 15:00:17,995 [9eaddddd-9b57-463b-ae7a-e3a77c744c69@group-92AAB85E7561-StateMachineUpdater] INFO  impl.StateMachineUpdater (StateMachineUpdater.java:lambda$new$0(101)) - 9eaddddd-9b57-463b-ae7a-e3a77c744c69@group-92AAB85E7561-StateMachineUpdater: snapshotIndex: updateIncreasingly 119 -> 123
2025-07-14 15:00:17,996 [9eaddddd-9b57-463b-ae7a-e3a77c744c69-ChunkWriter-0-0] WARN  helpers.ChunkUtils (ChunkUtils.java:validateChunkForOverwrite(378)) - Duplicate write chunk request. Chunk overwrite without explicit request. ChunkInfo{chunkName='115816896921600004.data.0, offset=0, len=5}
2025-07-14 15:00:17,997 [9eaddddd-9b57-463b-ae7a-e3a77c744c69@group-92AAB85E7561-StateMachineUpdater] INFO  ratis.ContainerStateMachine (ContainerStateMachine.java:takeSnapshot(427)) - group-92AAB85E7561: Taking a snapshot at:(t:1, i:126) file /home/runner/work/ozone/ozone/hadoop-ozone/integration-test/target/test-dir/MiniOzoneClusterImpl-aaa7dc72-7fbf-48e0-acc5-129182712624/ozone-meta/datanode-10/ratis/e4531615-3152-4076-828e-92aab85e7561/sm/snapshot.1_126
2025-07-14 15:00:17,997 [9eaddddd-9b57-463b-ae7a-e3a77c744c69-ChunkWriter-0-0] WARN  helpers.ChunkUtils (ChunkUtils.java:validateChunkForOverwrite(378)) - Duplicate write chunk request. Chunk overwrite without explicit request. ChunkInfo{chunkName='115816896921600004.data.0, offset=0, len=5}
2025-07-14 15:00:17,998 [9eaddddd-9b57-463b-ae7a-e3a77c744c69@group-92AAB85E7561-StateMachineUpdater] INFO  ratis.ContainerStateMachine (ContainerStateMachine.java:takeSnapshot(436)) - group-92AAB85E7561: Finished taking a snapshot at:(t:1, i:126) file:/home/runner/work/ozone/ozone/hadoop-ozone/integration-test/target/test-dir/MiniOzoneClusterImpl-aaa7dc72-7fbf-48e0-acc5-129182712624/ozone-meta/datanode-10/ratis/e4531615-3152-4076-828e-92aab85e7561/sm/snapshot.1_126 took: 2 ms
2025-07-14 15:00:17,998 [9eaddddd-9b57-463b-ae7a-e3a77c744c69@group-92AAB85E7561-StateMachineUpdater] INFO  impl.SimpleStateMachineStorage (SimpleStateMachineStorage.java:lambda$cleanupOldSnapshots$1(126)) - Deleting old snapshot at /home/runner/work/ozone/ozone/hadoop-ozone/integration-test/target/test-dir/MiniOzoneClusterImpl-aaa7dc72-7fbf-48e0-acc5-129182712624/ozone-meta/datanode-10/ratis/e4531615-3152-4076-828e-92aab85e7561/sm/snapshot.1_107
2025-07-14 15:00:17,999 [9eaddddd-9b57-463b-ae7a-e3a77c744c69@group-92AAB85E7561-StateMachineUpdater] INFO  impl.StateMachineUpdater (StateMachineUpdater.java:takeSnapshot(307)) - 9eaddddd-9b57-463b-ae7a-e3a77c744c69@group-92AAB85E7561-StateMachineUpdater: Took a snapshot at index 126
2025-07-14 15:00:17,999 [9eaddddd-9b57-463b-ae7a-e3a77c744c69@group-92AAB85E7561-StateMachineUpdater] INFO  impl.StateMachineUpdater (StateMachineUpdater.java:lambda$new$0(101)) - 9eaddddd-9b57-463b-ae7a-e3a77c744c69@group-92AAB85E7561-StateMachineUpdater: snapshotIndex: updateIncreasingly 123 -> 126
2025-07-14 15:00:17,998 [9eaddddd-9b57-463b-ae7a-e3a77c744c69-ChunkWriter-0-0] WARN  helpers.ChunkUtils (ChunkUtils.java:validateChunkForOverwrite(378)) - Duplicate write chunk request. Chunk overwrite without explicit request. ChunkInfo{chunkName='115816896921600004.data.0, offset=0, len=5}
2025-07-14 15:00:18,000 [9eaddddd-9b57-463b-ae7a-e3a77c744c69-ChunkWriter-0-0] WARN  helpers.ChunkUtils (ChunkUtils.java:validateChunkForOverwrite(378)) - Duplicate write chunk request. Chunk overwrite without explicit request. ChunkInfo{chunkName='115816896921600004.data.0, offset=0, len=5}
2025-07-14 15:00:18,001 [9eaddddd-9b57-463b-ae7a-e3a77c744c69-ChunkWriter-0-0] WARN  helpers.ChunkUtils (ChunkUtils.java:validateChunkForOverwrite(378)) - Duplicate write chunk request. Chunk overwrite without explicit request. ChunkInfo{chunkName='115816896921600004.data.0, offset=0, len=5}
2025-07-14 15:00:18,002 [9eaddddd-9b57-463b-ae7a-e3a77c744c69@group-92AAB85E7561-StateMachineUpdater] INFO  ratis.ContainerStateMachine (ContainerStateMachine.java:takeSnapshot(427)) - group-92AAB85E7561: Taking a snapshot at:(t:1, i:132) file /home/runner/work/ozone/ozone/hadoop-ozone/integration-test/target/test-dir/MiniOzoneClusterImpl-aaa7dc72-7fbf-48e0-acc5-129182712624/ozone-meta/datanode-10/ratis/e4531615-3152-4076-828e-92aab85e7561/sm/snapshot.1_132
2025-07-14 15:00:18,004 [9eaddddd-9b57-463b-ae7a-e3a77c744c69@group-92AAB85E7561-StateMachineUpdater] INFO  ratis.ContainerStateMachine (ContainerStateMachine.java:takeSnapshot(436)) - group-92AAB85E7561: Finished taking a snapshot at:(t:1, i:132) file:/home/runner/work/ozone/ozone/hadoop-ozone/integration-test/target/test-dir/MiniOzoneClusterImpl-aaa7dc72-7fbf-48e0-acc5-129182712624/ozone-meta/datanode-10/ratis/e4531615-3152-4076-828e-92aab85e7561/sm/snapshot.1_132 took: 2 ms
2025-07-14 15:00:18,004 [9eaddddd-9b57-463b-ae7a-e3a77c744c69@group-92AAB85E7561-StateMachineUpdater] INFO  impl.SimpleStateMachineStorage (SimpleStateMachineStorage.java:lambda$cleanupOldSnapshots$1(126)) - Deleting old snapshot at /home/runner/work/ozone/ozone/hadoop-ozone/integration-test/target/test-dir/MiniOzoneClusterImpl-aaa7dc72-7fbf-48e0-acc5-129182712624/ozone-meta/datanode-10/ratis/e4531615-3152-4076-828e-92aab85e7561/sm/snapshot.1_108
2025-07-14 15:00:18,004 [9eaddddd-9b57-463b-ae7a-e3a77c744c69@group-92AAB85E7561-StateMachineUpdater] INFO  impl.StateMachineUpdater (StateMachineUpdater.java:takeSnapshot(307)) - 9eaddddd-9b57-463b-ae7a-e3a77c744c69@group-92AAB85E7561-StateMachineUpdater: Took a snapshot at index 132
2025-07-14 15:00:18,006 [9eaddddd-9b57-463b-ae7a-e3a77c744c69@group-92AAB85E7561-StateMachineUpdater] INFO  impl.StateMachineUpdater (StateMachineUpdater.java:lambda$new$0(101)) - 9eaddddd-9b57-463b-ae7a-e3a77c744c69@group-92AAB85E7561-StateMachineUpdater: snapshotIndex: updateIncreasingly 126 -> 132
2025-07-14 15:00:18,004 [9eaddddd-9b57-463b-ae7a-e3a77c744c69-ChunkWriter-0-0] WARN  helpers.ChunkUtils (ChunkUtils.java:validateChunkForOverwrite(378)) - Duplicate write chunk request. Chunk overwrite without explicit request. ChunkInfo{chunkName='115816896921600004.data.0, offset=0, len=5}
2025-07-14 15:00:18,007 [9eaddddd-9b57-463b-ae7a-e3a77c744c69-ChunkWriter-0-0] WARN  helpers.ChunkUtils (ChunkUtils.java:validateChunkForOverwrite(378)) - Duplicate write chunk request. Chunk overwrite without explicit request. ChunkInfo{chunkName='115816896921600004.data.0, offset=0, len=5}
2025-07-14 15:00:18,008 [9eaddddd-9b57-463b-ae7a-e3a77c744c69@group-92AAB85E7561-StateMachineUpdater] INFO  ratis.ContainerStateMachine (ContainerStateMachine.java:takeSnapshot(427)) - group-92AAB85E7561: Taking a snapshot at:(t:1, i:138) file /home/runner/work/ozone/ozone/hadoop-ozone/integration-test/target/test-dir/MiniOzoneClusterImpl-aaa7dc72-7fbf-48e0-acc5-129182712624/ozone-meta/datanode-10/ratis/e4531615-3152-4076-828e-92aab85e7561/sm/snapshot.1_138
2025-07-14 15:00:18,009 [9eaddddd-9b57-463b-ae7a-e3a77c744c69@group-92AAB85E7561-StateMachineUpdater] INFO  ratis.ContainerStateMachine (ContainerStateMachine.java:takeSnapshot(436)) - group-92AAB85E7561: Finished taking a snapshot at:(t:1, i:138) file:/home/runner/work/ozone/ozone/hadoop-ozone/integration-test/target/test-dir/MiniOzoneClusterImpl-aaa7dc72-7fbf-48e0-acc5-129182712624/ozone-meta/datanode-10/ratis/e4531615-3152-4076-828e-92aab85e7561/sm/snapshot.1_138 took: 1 ms
2025-07-14 15:00:18,010 [9eaddddd-9b57-463b-ae7a-e3a77c744c69-ChunkWriter-0-0] WARN  helpers.ChunkUtils (ChunkUtils.java:validateChunkForOverwrite(378)) - Duplicate write chunk request. Chunk overwrite without explicit request. ChunkInfo{chunkName='115816896921600004.data.0, offset=0, len=5}
2025-07-14 15:00:18,010 [9eaddddd-9b57-463b-ae7a-e3a77c744c69@group-92AAB85E7561-StateMachineUpdater] INFO  impl.SimpleStateMachineStorage (SimpleStateMachineStorage.java:lambda$cleanupOldSnapshots$1(126)) - Deleting old snapshot at /home/runner/work/ozone/ozone/hadoop-ozone/integration-test/target/test-dir/MiniOzoneClusterImpl-aaa7dc72-7fbf-48e0-acc5-129182712624/ozone-meta/datanode-10/ratis/e4531615-3152-4076-828e-92aab85e7561/sm/snapshot.1_115
2025-07-14 15:00:18,010 [9eaddddd-9b57-463b-ae7a-e3a77c744c69@group-92AAB85E7561-StateMachineUpdater] INFO  impl.StateMachineUpdater (StateMachineUpdater.java:takeSnapshot(307)) - 9eaddddd-9b57-463b-ae7a-e3a77c744c69@group-92AAB85E7561-StateMachineUpdater: Took a snapshot at index 138
2025-07-14 15:00:18,010 [9eaddddd-9b57-463b-ae7a-e3a77c744c69@group-92AAB85E7561-StateMachineUpdater] INFO  impl.StateMachineUpdater (StateMachineUpdater.java:lambda$new$0(101)) - 9eaddddd-9b57-463b-ae7a-e3a77c744c69@group-92AAB85E7561-StateMachineUpdater: snapshotIndex: updateIncreasingly 132 -> 138
2025-07-14 15:00:18,010 [9eaddddd-9b57-463b-ae7a-e3a77c744c69-ChunkWriter-0-0] WARN  helpers.ChunkUtils (ChunkUtils.java:validateChunkForOverwrite(378)) - Duplicate write chunk request. Chunk overwrite without explicit request. ChunkInfo{chunkName='115816896921600004.data.0, offset=0, len=5}
2025-07-14 15:00:18,013 [9eaddddd-9b57-463b-ae7a-e3a77c744c69-ChunkWriter-0-0] WARN  helpers.ChunkUtils (ChunkUtils.java:validateChunkForOverwrite(378)) - Duplicate write chunk request. Chunk overwrite without explicit request. ChunkInfo{chunkName='115816896921600004.data.0, offset=0, len=5}
2025-07-14 15:00:18,015 [9eaddddd-9b57-463b-ae7a-e3a77c744c69@group-92AAB85E7561-StateMachineUpdater] INFO  ratis.ContainerStateMachine (ContainerStateMachine.java:takeSnapshot(427)) - group-92AAB85E7561: Taking a snapshot at:(t:1, i:145) file /home/runner/work/ozone/ozone/hadoop-ozone/integration-test/target/test-dir/MiniOzoneClusterImpl-aaa7dc72-7fbf-48e0-acc5-129182712624/ozone-meta/datanode-10/ratis/e4531615-3152-4076-828e-92aab85e7561/sm/snapshot.1_145
2025-07-14 15:00:18,016 [9eaddddd-9b57-463b-ae7a-e3a77c744c69-ChunkWriter-0-0] WARN  helpers.ChunkUtils (ChunkUtils.java:validateChunkForOverwrite(378)) - Duplicate write chunk request. Chunk overwrite without explicit request. ChunkInfo{chunkName='115816896921600004.data.0, offset=0, len=5}
2025-07-14 15:00:18,017 [9eaddddd-9b57-463b-ae7a-e3a77c744c69@group-92AAB85E7561-StateMachineUpdater] INFO  ratis.ContainerStateMachine (ContainerStateMachine.java:takeSnapshot(436)) - group-92AAB85E7561: Finished taking a snapshot at:(t:1, i:145) file:/home/runner/work/ozone/ozone/hadoop-ozone/integration-test/target/test-dir/MiniOzoneClusterImpl-aaa7dc72-7fbf-48e0-acc5-129182712624/ozone-meta/datanode-10/ratis/e4531615-3152-4076-828e-92aab85e7561/sm/snapshot.1_145 took: 2 ms
2025-07-14 15:00:18,017 [9eaddddd-9b57-463b-ae7a-e3a77c744c69@group-92AAB85E7561-StateMachineUpdater] INFO  impl.SimpleStateMachineStorage (SimpleStateMachineStorage.java:lambda$cleanupOldSnapshots$1(126)) - Deleting old snapshot at /home/runner/work/ozone/ozone/hadoop-ozone/integration-test/target/test-dir/MiniOzoneClusterImpl-aaa7dc72-7fbf-48e0-acc5-129182712624/ozone-meta/datanode-10/ratis/e4531615-3152-4076-828e-92aab85e7561/sm/snapshot.1_119
2025-07-14 15:00:18,017 [9eaddddd-9b57-463b-ae7a-e3a77c744c69@group-92AAB85E7561-StateMachineUpdater] INFO  impl.StateMachineUpdater (StateMachineUpdater.java:takeSnapshot(307)) - 9eaddddd-9b57-463b-ae7a-e3a77c744c69@group-92AAB85E7561-StateMachineUpdater: Took a snapshot at index 145
2025-07-14 15:00:18,017 [9eaddddd-9b57-463b-ae7a-e3a77c744c69@group-92AAB85E7561-StateMachineUpdater] INFO  impl.StateMachineUpdater (StateMachineUpdater.java:lambda$new$0(101)) - 9eaddddd-9b57-463b-ae7a-e3a77c744c69@group-92AAB85E7561-StateMachineUpdater: snapshotIndex: updateIncreasingly 138 -> 145
2025-07-14 15:00:18,019 [9eaddddd-9b57-463b-ae7a-e3a77c744c69-ChunkWriter-0-0] WARN  helpers.ChunkUtils (ChunkUtils.java:validateChunkForOverwrite(378)) - Duplicate write chunk request. Chunk overwrite without explicit request. ChunkInfo{chunkName='115816896921600004.data.0, offset=0, len=5}
2025-07-14 15:00:18,019 [9eaddddd-9b57-463b-ae7a-e3a77c744c69@group-92AAB85E7561-StateMachineUpdater] INFO  ratis.ContainerStateMachine (ContainerStateMachine.java:takeSnapshot(427)) - group-92AAB85E7561: Taking a snapshot at:(t:1, i:147) file /home/runner/work/ozone/ozone/hadoop-ozone/integration-test/target/test-dir/MiniOzoneClusterImpl-aaa7dc72-7fbf-48e0-acc5-129182712624/ozone-meta/datanode-10/ratis/e4531615-3152-4076-828e-92aab85e7561/sm/snapshot.1_147
2025-07-14 15:00:18,020 [9eaddddd-9b57-463b-ae7a-e3a77c744c69-ChunkWriter-0-0] WARN  helpers.ChunkUtils (ChunkUtils.java:validateChunkForOverwrite(378)) - Duplicate write chunk request. Chunk overwrite without explicit request. ChunkInfo{chunkName='115816896921600004.data.0, offset=0, len=5}
2025-07-14 15:00:18,020 [9eaddddd-9b57-463b-ae7a-e3a77c744c69@group-92AAB85E7561-StateMachineUpdater] INFO  ratis.ContainerStateMachine (ContainerStateMachine.java:takeSnapshot(436)) - group-92AAB85E7561: Finished taking a snapshot at:(t:1, i:147) file:/home/runner/work/ozone/ozone/hadoop-ozone/integration-test/target/test-dir/MiniOzoneClusterImpl-aaa7dc72-7fbf-48e0-acc5-129182712624/ozone-meta/datanode-10/ratis/e4531615-3152-4076-828e-92aab85e7561/sm/snapshot.1_147 took: 2 ms
2025-07-14 15:00:18,020 [9eaddddd-9b57-463b-ae7a-e3a77c744c69@group-92AAB85E7561-StateMachineUpdater] INFO  impl.SimpleStateMachineStorage (SimpleStateMachineStorage.java:lambda$cleanupOldSnapshots$1(126)) - Deleting old snapshot at /home/runner/work/ozone/ozone/hadoop-ozone/integration-test/target/test-dir/MiniOzoneClusterImpl-aaa7dc72-7fbf-48e0-acc5-129182712624/ozone-meta/datanode-10/ratis/e4531615-3152-4076-828e-92aab85e7561/sm/snapshot.1_123
2025-07-14 15:00:18,021 [9eaddddd-9b57-463b-ae7a-e3a77c744c69@group-92AAB85E7561-StateMachineUpdater] INFO  impl.StateMachineUpdater (StateMachineUpdater.java:takeSnapshot(307)) - 9eaddddd-9b57-463b-ae7a-e3a77c744c69@group-92AAB85E7561-StateMachineUpdater: Took a snapshot at index 147
2025-07-14 15:00:18,021 [9eaddddd-9b57-463b-ae7a-e3a77c744c69@group-92AAB85E7561-StateMachineUpdater] INFO  impl.StateMachineUpdater (StateMachineUpdater.java:lambda$new$0(101)) - 9eaddddd-9b57-463b-ae7a-e3a77c744c69@group-92AAB85E7561-StateMachineUpdater: snapshotIndex: updateIncreasingly 145 -> 147
2025-07-14 15:00:18,021 [9eaddddd-9b57-463b-ae7a-e3a77c744c69-ChunkWriter-0-0] WARN  helpers.ChunkUtils (ChunkUtils.java:validateChunkForOverwrite(378)) - Duplicate write chunk request. Chunk overwrite without explicit request. ChunkInfo{chunkName='115816896921600004.data.0, offset=0, len=5}
2025-07-14 15:00:18,022 [9eaddddd-9b57-463b-ae7a-e3a77c744c69-ChunkWriter-0-0] WARN  helpers.ChunkUtils (ChunkUtils.java:validateChunkForOverwrite(378)) - Duplicate write chunk request. Chunk overwrite without explicit request. ChunkInfo{chunkName='115816896921600004.data.0, offset=0, len=5}
2025-07-14 15:00:18,023 [9eaddddd-9b57-463b-ae7a-e3a77c744c69-ChunkWriter-0-0] WARN  helpers.ChunkUtils (ChunkUtils.java:validateChunkForOverwrite(378)) - Duplicate write chunk request. Chunk overwrite without explicit request. ChunkInfo{chunkName='115816896921600004.data.0, offset=0, len=5}
2025-07-14 15:00:18,024 [9eaddddd-9b57-463b-ae7a-e3a77c744c69-ChunkWriter-0-0] WARN  helpers.ChunkUtils (ChunkUtils.java:validateChunkForOverwrite(378)) - Duplicate write chunk request. Chunk overwrite without explicit request. ChunkInfo{chunkName='115816896921600004.data.0, offset=0, len=5}
2025-07-14 15:00:18,026 [9eaddddd-9b57-463b-ae7a-e3a77c744c69@group-92AAB85E7561-StateMachineUpdater] INFO  ratis.ContainerStateMachine (ContainerStateMachine.java:takeSnapshot(427)) - group-92AAB85E7561: Taking a snapshot at:(t:1, i:153) file /home/runner/work/ozone/ozone/hadoop-ozone/integration-test/target/test-dir/MiniOzoneClusterImpl-aaa7dc72-7fbf-48e0-acc5-129182712624/ozone-meta/datanode-10/ratis/e4531615-3152-4076-828e-92aab85e7561/sm/snapshot.1_153
2025-07-14 15:00:18,026 [9eaddddd-9b57-463b-ae7a-e3a77c744c69-ChunkWriter-0-0] WARN  helpers.ChunkUtils (ChunkUtils.java:validateChunkForOverwrite(378)) - Duplicate write chunk request. Chunk overwrite without explicit request. ChunkInfo{chunkName='115816896921600004.data.0, offset=0, len=5}
2025-07-14 15:00:18,027 [9eaddddd-9b57-463b-ae7a-e3a77c744c69@group-92AAB85E7561-StateMachineUpdater] INFO  ratis.ContainerStateMachine (ContainerStateMachine.java:takeSnapshot(436)) - group-92AAB85E7561: Finished taking a snapshot at:(t:1, i:153) file:/home/runner/work/ozone/ozone/hadoop-ozone/integration-test/target/test-dir/MiniOzoneClusterImpl-aaa7dc72-7fbf-48e0-acc5-129182712624/ozone-meta/datanode-10/ratis/e4531615-3152-4076-828e-92aab85e7561/sm/snapshot.1_153 took: 2 ms
2025-07-14 15:00:18,027 [9eaddddd-9b57-463b-ae7a-e3a77c744c69-ChunkWriter-0-0] WARN  helpers.ChunkUtils (ChunkUtils.java:validateChunkForOverwrite(378)) - Duplicate write chunk request. Chunk overwrite without explicit request. ChunkInfo{chunkName='115816896921600004.data.0, offset=0, len=5}
2025-07-14 15:00:18,027 [9eaddddd-9b57-463b-ae7a-e3a77c744c69@group-92AAB85E7561-StateMachineUpdater] INFO  impl.SimpleStateMachineStorage (SimpleStateMachineStorage.java:lambda$cleanupOldSnapshots$1(126)) - Deleting old snapshot at /home/runner/work/ozone/ozone/hadoop-ozone/integration-test/target/test-dir/MiniOzoneClusterImpl-aaa7dc72-7fbf-48e0-acc5-129182712624/ozone-meta/datanode-10/ratis/e4531615-3152-4076-828e-92aab85e7561/sm/snapshot.1_126
2025-07-14 15:00:18,028 [9eaddddd-9b57-463b-ae7a-e3a77c744c69@group-92AAB85E7561-StateMachineUpdater] INFO  impl.StateMachineUpdater (StateMachineUpdater.java:takeSnapshot(307)) - 9eaddddd-9b57-463b-ae7a-e3a77c744c69@group-92AAB85E7561-StateMachineUpdater: Took a snapshot at index 153
2025-07-14 15:00:18,028 [9eaddddd-9b57-463b-ae7a-e3a77c744c69@group-92AAB85E7561-StateMachineUpdater] INFO  impl.StateMachineUpdater (StateMachineUpdater.java:lambda$new$0(101)) - 9eaddddd-9b57-463b-ae7a-e3a77c744c69@group-92AAB85E7561-StateMachineUpdater: snapshotIndex: updateIncreasingly 147 -> 153
2025-07-14 15:00:18,029 [9eaddddd-9b57-463b-ae7a-e3a77c744c69-ChunkWriter-0-0] WARN  helpers.ChunkUtils (ChunkUtils.java:validateChunkForOverwrite(378)) - Duplicate write chunk request. Chunk overwrite without explicit request. ChunkInfo{chunkName='115816896921600004.data.0, offset=0, len=5}
2025-07-14 15:00:18,030 [9eaddddd-9b57-463b-ae7a-e3a77c744c69@group-92AAB85E7561-StateMachineUpdater] INFO  ratis.ContainerStateMachine (ContainerStateMachine.java:takeSnapshot(427)) - group-92AAB85E7561: Taking a snapshot at:(t:1, i:159) file /home/runner/work/ozone/ozone/hadoop-ozone/integration-test/target/test-dir/MiniOzoneClusterImpl-aaa7dc72-7fbf-48e0-acc5-129182712624/ozone-meta/datanode-10/ratis/e4531615-3152-4076-828e-92aab85e7561/sm/snapshot.1_159
2025-07-14 15:00:18,031 [9eaddddd-9b57-463b-ae7a-e3a77c744c69@group-92AAB85E7561-StateMachineUpdater] INFO  ratis.ContainerStateMachine (ContainerStateMachine.java:takeSnapshot(436)) - group-92AAB85E7561: Finished taking a snapshot at:(t:1, i:159) file:/home/runner/work/ozone/ozone/hadoop-ozone/integration-test/target/test-dir/MiniOzoneClusterImpl-aaa7dc72-7fbf-48e0-acc5-129182712624/ozone-meta/datanode-10/ratis/e4531615-3152-4076-828e-92aab85e7561/sm/snapshot.1_159 took: 1 ms
2025-07-14 15:00:18,031 [9eaddddd-9b57-463b-ae7a-e3a77c744c69@group-92AAB85E7561-StateMachineUpdater] INFO  impl.SimpleStateMachineStorage (SimpleStateMachineStorage.java:lambda$cleanupOldSnapshots$1(126)) - Deleting old snapshot at /home/runner/work/ozone/ozone/hadoop-ozone/integration-test/target/test-dir/MiniOzoneClusterImpl-aaa7dc72-7fbf-48e0-acc5-129182712624/ozone-meta/datanode-10/ratis/e4531615-3152-4076-828e-92aab85e7561/sm/snapshot.1_132
2025-07-14 15:00:18,031 [9eaddddd-9b57-463b-ae7a-e3a77c744c69-ChunkWriter-0-0] WARN  helpers.ChunkUtils (ChunkUtils.java:validateChunkForOverwrite(378)) - Duplicate write chunk request. Chunk overwrite without explicit request. ChunkInfo{chunkName='115816896921600004.data.0, offset=0, len=5}
2025-07-14 15:00:18,031 [9eaddddd-9b57-463b-ae7a-e3a77c744c69@group-92AAB85E7561-StateMachineUpdater] INFO  impl.StateMachineUpdater (StateMachineUpdater.java:takeSnapshot(307)) - 9eaddddd-9b57-463b-ae7a-e3a77c744c69@group-92AAB85E7561-StateMachineUpdater: Took a snapshot at index 159
2025-07-14 15:00:18,031 [9eaddddd-9b57-463b-ae7a-e3a77c744c69@group-92AAB85E7561-StateMachineUpdater] INFO  impl.StateMachineUpdater (StateMachineUpdater.java:lambda$new$0(101)) - 9eaddddd-9b57-463b-ae7a-e3a77c744c69@group-92AAB85E7561-StateMachineUpdater: snapshotIndex: updateIncreasingly 153 -> 159
2025-07-14 15:00:18,032 [9eaddddd-9b57-463b-ae7a-e3a77c744c69@group-92AAB85E7561-StateMachineUpdater] INFO  ratis.ContainerStateMachine (ContainerStateMachine.java:takeSnapshot(427)) - group-92AAB85E7561: Taking a snapshot at:(t:1, i:161) file /home/runner/work/ozone/ozone/hadoop-ozone/integration-test/target/test-dir/MiniOzoneClusterImpl-aaa7dc72-7fbf-48e0-acc5-129182712624/ozone-meta/datanode-10/ratis/e4531615-3152-4076-828e-92aab85e7561/sm/snapshot.1_161
2025-07-14 15:00:18,033 [9eaddddd-9b57-463b-ae7a-e3a77c744c69@group-92AAB85E7561-StateMachineUpdater] INFO  ratis.ContainerStateMachine (ContainerStateMachine.java:takeSnapshot(436)) - group-92AAB85E7561: Finished taking a snapshot at:(t:1, i:161) file:/home/runner/work/ozone/ozone/hadoop-ozone/integration-test/target/test-dir/MiniOzoneClusterImpl-aaa7dc72-7fbf-48e0-acc5-129182712624/ozone-meta/datanode-10/ratis/e4531615-3152-4076-828e-92aab85e7561/sm/snapshot.1_161 took: 1 ms
2025-07-14 15:00:18,033 [9eaddddd-9b57-463b-ae7a-e3a77c744c69@group-92AAB85E7561-StateMachineUpdater] INFO  impl.SimpleStateMachineStorage (SimpleStateMachineStorage.java:lambda$cleanupOldSnapshots$1(126)) - Deleting old snapshot at /home/runner/work/ozone/ozone/hadoop-ozone/integration-test/target/test-dir/MiniOzoneClusterImpl-aaa7dc72-7fbf-48e0-acc5-129182712624/ozone-meta/datanode-10/ratis/e4531615-3152-4076-828e-92aab85e7561/sm/snapshot.1_138
2025-07-14 15:00:18,034 [9eaddddd-9b57-463b-ae7a-e3a77c744c69@group-92AAB85E7561-StateMachineUpdater] INFO  impl.StateMachineUpdater (StateMachineUpdater.java:takeSnapshot(307)) - 9eaddddd-9b57-463b-ae7a-e3a77c744c69@group-92AAB85E7561-StateMachineUpdater: Took a snapshot at index 161
2025-07-14 15:00:18,033 [9eaddddd-9b57-463b-ae7a-e3a77c744c69-ChunkWriter-0-0] WARN  helpers.ChunkUtils (ChunkUtils.java:validateChunkForOverwrite(378)) - Duplicate write chunk request. Chunk overwrite without explicit request. ChunkInfo{chunkName='115816896921600004.data.0, offset=0, len=5}
2025-07-14 15:00:18,034 [9eaddddd-9b57-463b-ae7a-e3a77c744c69@group-92AAB85E7561-StateMachineUpdater] INFO  impl.StateMachineUpdater (StateMachineUpdater.java:lambda$new$0(101)) - 9eaddddd-9b57-463b-ae7a-e3a77c744c69@group-92AAB85E7561-StateMachineUpdater: snapshotIndex: updateIncreasingly 159 -> 161
2025-07-14T15:00:18.036974693Z 9eaddddd-9b57-463b-ae7a-e3a77c744c69-client-thread1 ERROR user=null | ip=null | op=WRITE_CHUNK {blockData=conID: 4 locID: 115816896921600004 bcsId: 0 replicaIndex: null, offset=0, size=5} | ret=FAILURE
org.apache.hadoop.hdds.scm.container.common.helpers.ContainerNotOpenException: Container 4 in CLOSING state
	at org.apache.hadoop.ozone.container.common.impl.HddsDispatcher.validateContainerCommand(HddsDispatcher.java:580)
	at org.apache.hadoop.ozone.container.common.transport.server.ratis.ContainerStateMachine.startTransaction(ContainerStateMachine.java:488)
	at org.apache.ratis.server.impl.RaftServerImpl.writeAsyncImpl(RaftServerImpl.java:987)
	at org.apache.ratis.server.impl.RaftServerImpl.writeAsync(RaftServerImpl.java:960)
	at org.apache.ratis.server.impl.RaftServerImpl.replyFuture(RaftServerImpl.java:953)
	at org.apache.ratis.server.impl.RaftServerImpl.submitClientRequestAsync(RaftServerImpl.java:930)
	at org.apache.ratis.server.impl.RaftServerImpl.lambda$null$11(RaftServerImpl.java:919)
	at org.apache.ratis.util.JavaUtils.callAsUnchecked(JavaUtils.java:118)
	at org.apache.ratis.server.impl.RaftServerImpl.lambda$executeSubmitClientRequestAsync$12(RaftServerImpl.java:919)
	at java.base/java.util.concurrent.CompletableFuture$AsyncSupply.run(CompletableFuture.java:1768)
	at java.base/java.util.concurrent.ThreadPoolExecutor.runWorker(ThreadPoolExecutor.java:1144)
	at java.base/java.util.concurrent.ThreadPoolExecutor$Worker.run(ThreadPoolExecutor.java:642)
	at java.base/java.lang.Thread.run(Thread.java:1583)
2025-07-14T15:00:18.038588443Z 9eaddddd-9b57-463b-ae7a-e3a77c744c69-client-thread1 ERROR user=null | ip=null | op=WRITE_CHUNK {blockData=conID: 4 locID: 115816896921600004 bcsId: 0 replicaIndex: null, offset=0, size=5} | ret=FAILURE
org.apache.hadoop.hdds.scm.container.common.helpers.ContainerNotOpenException: Container 4 in CLOSING state
	at org.apache.hadoop.ozone.container.common.impl.HddsDispatcher.validateContainerCommand(HddsDispatcher.java:580)
	at org.apache.hadoop.ozone.container.common.transport.server.ratis.ContainerStateMachine.startTransaction(ContainerStateMachine.java:488)
	at org.apache.ratis.server.impl.RaftServerImpl.writeAsyncImpl(RaftServerImpl.java:987)
	at org.apache.ratis.server.impl.RaftServerImpl.writeAsync(RaftServerImpl.java:960)
	at org.apache.ratis.server.impl.RaftServerImpl.replyFuture(RaftServerImpl.java:953)
	at org.apache.ratis.server.impl.RaftServerImpl.submitClientRequestAsync(RaftServerImpl.java:930)
	at org.apache.ratis.server.impl.RaftServerImpl.lambda$null$11(RaftServerImpl.java:919)
	at org.apache.ratis.util.JavaUtils.callAsUnchecked(JavaUtils.java:118)
	at org.apache.ratis.server.impl.RaftServerImpl.lambda$executeSubmitClientRequestAsync$12(RaftServerImpl.java:919)
	at java.base/java.util.concurrent.CompletableFuture$AsyncSupply.run(CompletableFuture.java:1768)
	at java.base/java.util.concurrent.ThreadPoolExecutor.runWorker(ThreadPoolExecutor.java:1144)
	at java.base/java.util.concurrent.ThreadPoolExecutor$Worker.run(ThreadPoolExecutor.java:642)
	at java.base/java.lang.Thread.run(Thread.java:1583)
2025-07-14T15:00:18.039466671Z 9eaddddd-9b57-463b-ae7a-e3a77c744c69-client-thread1 ERROR user=null | ip=null | op=WRITE_CHUNK {blockData=conID: 4 locID: 115816896921600004 bcsId: 0 replicaIndex: null, offset=0, size=5} | ret=FAILURE
org.apache.hadoop.hdds.scm.container.common.helpers.ContainerNotOpenException: Container 4 in CLOSING state
	at org.apache.hadoop.ozone.container.common.impl.HddsDispatcher.validateContainerCommand(HddsDispatcher.java:580)
	at org.apache.hadoop.ozone.container.common.transport.server.ratis.ContainerStateMachine.startTransaction(ContainerStateMachine.java:488)
	at org.apache.ratis.server.impl.RaftServerImpl.writeAsyncImpl(RaftServerImpl.java:987)
	at org.apache.ratis.server.impl.RaftServerImpl.writeAsync(RaftServerImpl.java:960)
	at org.apache.ratis.server.impl.RaftServerImpl.replyFuture(RaftServerImpl.java:953)
	at org.apache.ratis.server.impl.RaftServerImpl.submitClientRequestAsync(RaftServerImpl.java:930)
	at org.apache.ratis.server.impl.RaftServerImpl.lambda$null$11(RaftServerImpl.java:919)
	at org.apache.ratis.util.JavaUtils.callAsUnchecked(JavaUtils.java:118)
	at org.apache.ratis.server.impl.RaftServerImpl.lambda$executeSubmitClientRequestAsync$12(RaftServerImpl.java:919)
	at java.base/java.util.concurrent.CompletableFuture$AsyncSupply.run(CompletableFuture.java:1768)
	at java.base/java.util.concurrent.ThreadPoolExecutor.runWorker(ThreadPoolExecutor.java:1144)
	at java.base/java.util.concurrent.ThreadPoolExecutor$Worker.run(ThreadPoolExecutor.java:642)
	at java.base/java.lang.Thread.run(Thread.java:1583)
2025-07-14T15:00:18.040295867Z 9eaddddd-9b57-463b-ae7a-e3a77c744c69-client-thread1 ERROR user=null | ip=null | op=WRITE_CHUNK {blockData=conID: 4 locID: 115816896921600004 bcsId: 0 replicaIndex: null, offset=0, size=5} | ret=FAILURE
org.apache.hadoop.hdds.scm.container.common.helpers.ContainerNotOpenException: Container 4 in CLOSING state
	at org.apache.hadoop.ozone.container.common.impl.HddsDispatcher.validateContainerCommand(HddsDispatcher.java:580)
	at org.apache.hadoop.ozone.container.common.transport.server.ratis.ContainerStateMachine.startTransaction(ContainerStateMachine.java:488)
	at org.apache.ratis.server.impl.RaftServerImpl.writeAsyncImpl(RaftServerImpl.java:987)
	at org.apache.ratis.server.impl.RaftServerImpl.writeAsync(RaftServerImpl.java:960)
	at org.apache.ratis.server.impl.RaftServerImpl.replyFuture(RaftServerImpl.java:953)
	at org.apache.ratis.server.impl.RaftServerImpl.submitClientRequestAsync(RaftServerImpl.java:930)
	at org.apache.ratis.server.impl.RaftServerImpl.lambda$null$11(RaftServerImpl.java:919)
	at org.apache.ratis.util.JavaUtils.callAsUnchecked(JavaUtils.java:118)
	at org.apache.ratis.server.impl.RaftServerImpl.lambda$executeSubmitClientRequestAsync$12(RaftServerImpl.java:919)
	at java.base/java.util.concurrent.CompletableFuture$AsyncSupply.run(CompletableFuture.java:1768)
	at java.base/java.util.concurrent.ThreadPoolExecutor.runWorker(ThreadPoolExecutor.java:1144)
	at java.base/java.util.concurrent.ThreadPoolExecutor$Worker.run(ThreadPoolExecutor.java:642)
	at java.base/java.lang.Thread.run(Thread.java:1583)
2025-07-14 15:00:18,040 [9eaddddd-9b57-463b-ae7a-e3a77c744c69-ContainerOp-e4531615-3152-4076-828e-92aab85e7561-0] WARN  keyvalue.KeyValueHandler (KeyValueHandler.java:updateAndGetContainerChecksum(1451)) - Container data checksum updated from 0 to c25bf9a6
2025-07-14 15:00:18,042 [FixedThreadPoolWithAffinityExecutor-8-0] INFO  container.IncrementalContainerReportHandler (AbstractContainerReportHandler.java:updateContainerState(253)) - FINALIZE (i.e. CLOSING) Container #4 (OPEN, sid=5) r0 (CLOSING, bcsid=5, origin=9eaddddd-9b57-463b-ae7a-e3a77c744c69, non-empty) from dn 9eaddddd-9b57-463b-ae7a-e3a77c744c69(localhost/127.0.0.1)
2025-07-14 15:00:18,042 [9eaddddd-9b57-463b-ae7a-e3a77c744c69-ContainerOp-e4531615-3152-4076-828e-92aab85e7561-0] INFO  keyvalue.KeyValueContainer (KeyValueContainer.java:flushAndSyncDB(514)) - Synced container: KeyValueContainerData #4 (CLOSING, non-empty, ri=0, origin=[dn_9eaddddd-9b57-463b-ae7a-e3a77c744c69, pipeline_e4531615-3152-4076-828e-92aab85e7561])
2025-07-14 15:00:18,042 [9eaddddd-9b57-463b-ae7a-e3a77c744c69-ContainerOp-e4531615-3152-4076-828e-92aab85e7561-0] INFO  keyvalue.KeyValueContainer (KeyValueContainer.java:flushAndSyncDB(514)) - Synced container: KeyValueContainerData #4 (CLOSING, non-empty, ri=0, origin=[dn_9eaddddd-9b57-463b-ae7a-e3a77c744c69, pipeline_e4531615-3152-4076-828e-92aab85e7561])
2025-07-14 15:00:18,046 [9eaddddd-9b57-463b-ae7a-e3a77c744c69-ContainerOp-e4531615-3152-4076-828e-92aab85e7561-0] INFO  keyvalue.KeyValueContainer (KeyValueContainer.java:close(430)) - Closed container: KeyValueContainerData #4 (CLOSED, non-empty, ri=0, origin=[dn_9eaddddd-9b57-463b-ae7a-e3a77c744c69, pipeline_e4531615-3152-4076-828e-92aab85e7561])
2025-07-14 15:00:18,046 [9eaddddd-9b57-463b-ae7a-e3a77c744c69@group-92AAB85E7561-StateMachineUpdater] INFO  ratis.ContainerStateMachine (ContainerStateMachine.java:takeSnapshot(427)) - group-92AAB85E7561: Taking a snapshot at:(t:1, i:164) file /home/runner/work/ozone/ozone/hadoop-ozone/integration-test/target/test-dir/MiniOzoneClusterImpl-aaa7dc72-7fbf-48e0-acc5-129182712624/ozone-meta/datanode-10/ratis/e4531615-3152-4076-828e-92aab85e7561/sm/snapshot.1_164
2025-07-14 15:00:18,047 [FixedThreadPoolWithAffinityExecutor-8-0] INFO  container.IncrementalContainerReportHandler (AbstractContainerReportHandler.java:updateContainerState(289)) - CLOSE Container #4 (CLOSING, sid=5) r0 (CLOSED, bcsid=5, origin=9eaddddd-9b57-463b-ae7a-e3a77c744c69, non-empty) from dn 9eaddddd-9b57-463b-ae7a-e3a77c744c69(localhost/127.0.0.1)
2025-07-14 15:00:18,048 [9eaddddd-9b57-463b-ae7a-e3a77c744c69@group-92AAB85E7561-StateMachineUpdater] INFO  ratis.ContainerStateMachine (ContainerStateMachine.java:takeSnapshot(436)) - group-92AAB85E7561: Finished taking a snapshot at:(t:1, i:164) file:/home/runner/work/ozone/ozone/hadoop-ozone/integration-test/target/test-dir/MiniOzoneClusterImpl-aaa7dc72-7fbf-48e0-acc5-129182712624/ozone-meta/datanode-10/ratis/e4531615-3152-4076-828e-92aab85e7561/sm/snapshot.1_164 took: 1 ms
2025-07-14 15:00:18,048 [9eaddddd-9b57-463b-ae7a-e3a77c744c69@group-92AAB85E7561-StateMachineUpdater] INFO  impl.SimpleStateMachineStorage (SimpleStateMachineStorage.java:lambda$cleanupOldSnapshots$1(126)) - Deleting old snapshot at /home/runner/work/ozone/ozone/hadoop-ozone/integration-test/target/test-dir/MiniOzoneClusterImpl-aaa7dc72-7fbf-48e0-acc5-129182712624/ozone-meta/datanode-10/ratis/e4531615-3152-4076-828e-92aab85e7561/sm/snapshot.1_145
2025-07-14 15:00:18,048 [9eaddddd-9b57-463b-ae7a-e3a77c744c69@group-92AAB85E7561-StateMachineUpdater] INFO  impl.StateMachineUpdater (StateMachineUpdater.java:takeSnapshot(307)) - 9eaddddd-9b57-463b-ae7a-e3a77c744c69@group-92AAB85E7561-StateMachineUpdater: Took a snapshot at index 164
2025-07-14 15:00:18,048 [9eaddddd-9b57-463b-ae7a-e3a77c744c69@group-92AAB85E7561-StateMachineUpdater] INFO  impl.StateMachineUpdater (StateMachineUpdater.java:lambda$new$0(101)) - 9eaddddd-9b57-463b-ae7a-e3a77c744c69@group-92AAB85E7561-StateMachineUpdater: snapshotIndex: updateIncreasingly 161 -> 164
2025-07-14T15:00:18.050023195Z 9eaddddd-9b57-463b-ae7a-e3a77c744c69-ContainerOp-e4531615-3152-4076-828e-92aab85e7561-9 ERROR user=null | ip=null | op=WRITE_CHUNK {blockData=conID: 4 locID: 115816896921600004 bcsId: 0 replicaIndex: null, offset=0, size=5, stage=COMMIT_DATA} | ret=FAILURE
java.lang.Exception: Requested operation not allowed as ContainerState is CLOSED
	at org.apache.hadoop.ozone.container.common.impl.HddsDispatcher.dispatchRequest(HddsDispatcher.java:439)
	at org.apache.hadoop.ozone.container.common.impl.HddsDispatcher.lambda$dispatch$1(HddsDispatcher.java:190)
	at org.apache.hadoop.hdds.server.OzoneProtocolMessageDispatcher.processRequest(OzoneProtocolMessageDispatcher.java:87)
	at org.apache.hadoop.ozone.container.common.impl.HddsDispatcher.dispatch(HddsDispatcher.java:189)
	at org.apache.hadoop.ozone.container.common.transport.server.ratis.ContainerStateMachine.dispatchCommand(ContainerStateMachine.java:567)
	at org.apache.hadoop.ozone.container.common.transport.server.ratis.ContainerStateMachine.lambda$applyTransaction$8(ContainerStateMachine.java:1061)
	at org.apache.ratis.util.TaskQueue.lambda$submit$0(TaskQueue.java:121)
	at org.apache.ratis.util.LogUtils.runAndLog(LogUtils.java:38)
	at org.apache.ratis.util.LogUtils$1.run(LogUtils.java:78)
	at java.base/java.util.concurrent.Executors$RunnableAdapter.call(Executors.java:572)
	at java.base/java.util.concurrent.FutureTask.run(FutureTask.java:317)
	at java.base/java.util.concurrent.ThreadPoolExecutor.runWorker(ThreadPoolExecutor.java:1144)
	at java.base/java.util.concurrent.ThreadPoolExecutor$Worker.run(ThreadPoolExecutor.java:642)
	at java.base/java.lang.Thread.run(Thread.java:1583)
2025-07-14 15:00:18,050 [9eaddddd-9b57-463b-ae7a-e3a77c744c69@group-92AAB85E7561-StateMachineUpdater] INFO  ratis.ContainerStateMachine (ContainerStateMachine.java:takeSnapshot(427)) - group-92AAB85E7561: Taking a snapshot at:(t:1, i:169) file /home/runner/work/ozone/ozone/hadoop-ozone/integration-test/target/test-dir/MiniOzoneClusterImpl-aaa7dc72-7fbf-48e0-acc5-129182712624/ozone-meta/datanode-10/ratis/e4531615-3152-4076-828e-92aab85e7561/sm/snapshot.1_169
2025-07-14 15:00:18,051 [9eaddddd-9b57-463b-ae7a-e3a77c744c69@group-92AAB85E7561-StateMachineUpdater] INFO  ratis.ContainerStateMachine (ContainerStateMachine.java:takeSnapshot(436)) - group-92AAB85E7561: Finished taking a snapshot at:(t:1, i:169) file:/home/runner/work/ozone/ozone/hadoop-ozone/integration-test/target/test-dir/MiniOzoneClusterImpl-aaa7dc72-7fbf-48e0-acc5-129182712624/ozone-meta/datanode-10/ratis/e4531615-3152-4076-828e-92aab85e7561/sm/snapshot.1_169 took: 2 ms
2025-07-14 15:00:18,052 [9eaddddd-9b57-463b-ae7a-e3a77c744c69@group-92AAB85E7561-StateMachineUpdater] INFO  impl.SimpleStateMachineStorage (SimpleStateMachineStorage.java:lambda$cleanupOldSnapshots$1(126)) - Deleting old snapshot at /home/runner/work/ozone/ozone/hadoop-ozone/integration-test/target/test-dir/MiniOzoneClusterImpl-aaa7dc72-7fbf-48e0-acc5-129182712624/ozone-meta/datanode-10/ratis/e4531615-3152-4076-828e-92aab85e7561/sm/snapshot.1_147
2025-07-14 15:00:18,052 [9eaddddd-9b57-463b-ae7a-e3a77c744c69@group-92AAB85E7561-StateMachineUpdater] INFO  impl.StateMachineUpdater (StateMachineUpdater.java:takeSnapshot(307)) - 9eaddddd-9b57-463b-ae7a-e3a77c744c69@group-92AAB85E7561-StateMachineUpdater: Took a snapshot at index 169
2025-07-14 15:00:18,052 [9eaddddd-9b57-463b-ae7a-e3a77c744c69@group-92AAB85E7561-StateMachineUpdater] INFO  impl.StateMachineUpdater (StateMachineUpdater.java:lambda$new$0(101)) - 9eaddddd-9b57-463b-ae7a-e3a77c744c69@group-92AAB85E7561-StateMachineUpdater: snapshotIndex: updateIncreasingly 164 -> 169
2025-07-14 15:00:18,055 [grpc-default-executor-1] ERROR impl.OrderedAsync (OrderedAsync.java:lambda$send$4(181)) - Failed to send request, message=cmdType: WriteChunk
traceID: ""
containerID: 4
datanodeUuid: "9eaddddd-9b57-463b-ae7a-e3a77c744c69"
writeChunk {
  blockID {
    containerID: 4
    localID: 115816896921600004
    blockCommitSequenceId: 0
  }
  chunkData {
    chunkName: "115816896921600004.data.0"
    offset: 0
    len: 5
    checksumData {
      type: CRC32
      bytesPerChecksum: 1048576
      checksums: "\0340\375\177"
    }
  }
}
version: 3
, data.size=5
java.util.concurrent.CompletionException: org.apache.ratis.protocol.exceptions.StateMachineException: org.apache.hadoop.hdds.scm.container.common.helpers.ContainerNotOpenException from Server 9eaddddd-9b57-463b-ae7a-e3a77c744c69@group-92AAB85E7561: Container 4 in CLOSING state
	at org.apache.ratis.client.impl.RaftClientImpl.handleRaftException(RaftClientImpl.java:373)
	at org.apache.ratis.client.impl.OrderedAsync.lambda$send$3(OrderedAsync.java:175)
	at java.base/java.util.concurrent.CompletableFuture$UniApply.tryFire(CompletableFuture.java:646)
	at java.base/java.util.concurrent.CompletableFuture.postComplete(CompletableFuture.java:510)
	at java.base/java.util.concurrent.CompletableFuture.complete(CompletableFuture.java:2179)
	at org.apache.ratis.client.impl.OrderedAsync$PendingOrderedRequest.setReply(OrderedAsync.java:105)
	at org.apache.ratis.client.impl.OrderedAsync$PendingOrderedRequest.setReply(OrderedAsync.java:66)
	at org.apache.ratis.util.SlidingWindow$RequestMap.setReply(SlidingWindow.java:147)
	at org.apache.ratis.util.SlidingWindow$Client.receiveReply(SlidingWindow.java:351)
	at org.apache.ratis.client.impl.OrderedAsync.lambda$sendRequestWithRetry$5(OrderedAsync.java:210)
	at java.base/java.util.concurrent.CompletableFuture$UniAccept.tryFire(CompletableFuture.java:718)
	at java.base/java.util.concurrent.CompletableFuture.postComplete(CompletableFuture.java:510)
	at java.base/java.util.concurrent.CompletableFuture.complete(CompletableFuture.java:2179)
	at org.apache.ratis.grpc.client.GrpcClientProtocolClient$AsyncStreamObservers$1.lambda$onNext$0(GrpcClientProtocolClient.java:325)
	at java.base/java.util.Optional.ifPresent(Optional.java:178)
	at org.apache.ratis.grpc.client.GrpcClientProtocolClient$AsyncStreamObservers.handleReplyFuture(GrpcClientProtocolClient.java:381)
	at org.apache.ratis.grpc.client.GrpcClientProtocolClient$AsyncStreamObservers.access$100(GrpcClientProtocolClient.java:303)
	at org.apache.ratis.grpc.client.GrpcClientProtocolClient$AsyncStreamObservers$1.onNext(GrpcClientProtocolClient.java:325)
	at org.apache.ratis.grpc.client.GrpcClientProtocolClient$AsyncStreamObservers$1.onNext(GrpcClientProtocolClient.java:308)
	at org.apache.ratis.thirdparty.io.grpc.stub.ClientCalls$StreamObserverToCallListenerAdapter.onMessage(ClientCalls.java:551)
	at org.apache.ratis.thirdparty.io.grpc.ForwardingClientCallListener.onMessage(ForwardingClientCallListener.java:33)
	at org.apache.ratis.thirdparty.io.grpc.internal.ClientCallImpl$ClientStreamListenerImpl$1MessagesAvailable.runInternal(ClientCallImpl.java:661)
	at org.apache.ratis.thirdparty.io.grpc.internal.ClientCallImpl$ClientStreamListenerImpl$1MessagesAvailable.runInContext(ClientCallImpl.java:648)
	at org.apache.ratis.thirdparty.io.grpc.internal.ContextRunnable.run(ContextRunnable.java:37)
	at org.apache.ratis.thirdparty.io.grpc.internal.SerializingExecutor.run(SerializingExecutor.java:133)
	at java.base/java.util.concurrent.ThreadPoolExecutor.runWorker(ThreadPoolExecutor.java:1144)
	at java.base/java.util.concurrent.ThreadPoolExecutor$Worker.run(ThreadPoolExecutor.java:642)
	at java.base/java.lang.Thread.run(Thread.java:1583)
Caused by: org.apache.ratis.protocol.exceptions.StateMachineException: org.apache.hadoop.hdds.scm.container.common.helpers.ContainerNotOpenException from Server 9eaddddd-9b57-463b-ae7a-e3a77c744c69@group-92AAB85E7561: Container 4 in CLOSING state
	at org.apache.hadoop.ozone.container.common.impl.HddsDispatcher.validateContainerCommand(HddsDispatcher.java:580)
	at org.apache.hadoop.ozone.container.common.transport.server.ratis.ContainerStateMachine.startTransaction(ContainerStateMachine.java:488)
	at org.apache.ratis.server.impl.RaftServerImpl.writeAsyncImpl(RaftServerImpl.java:987)
	at org.apache.ratis.server.impl.RaftServerImpl.writeAsync(RaftServerImpl.java:960)
	at org.apache.ratis.server.impl.RaftServerImpl.replyFuture(RaftServerImpl.java:953)
	at org.apache.ratis.server.impl.RaftServerImpl.submitClientRequestAsync(RaftServerImpl.java:930)
	at org.apache.ratis.server.impl.RaftServerImpl.lambda$null$11(RaftServerImpl.java:919)
	at org.apache.ratis.util.JavaUtils.callAsUnchecked(JavaUtils.java:118)
	at org.apache.ratis.server.impl.RaftServerImpl.lambda$executeSubmitClientRequestAsync$12(RaftServerImpl.java:919)
	at java.base/java.util.concurrent.CompletableFuture$AsyncSupply.run(CompletableFuture.java:1768)
	... 3 more
Caused by: org.apache.hadoop.hdds.scm.container.common.helpers.ContainerNotOpenException: Container 4 in CLOSING state
	at java.base/jdk.internal.reflect.DirectConstructorHandleAccessor.newInstance(DirectConstructorHandleAccessor.java:62)
	at java.base/java.lang.reflect.Constructor.newInstanceWithCaller(Constructor.java:502)
	at java.base/java.lang.reflect.Constructor.newInstance(Constructor.java:486)
	at org.apache.ratis.util.ReflectionUtils.instantiateException(ReflectionUtils.java:265)
	at org.apache.ratis.client.impl.ClientProtoUtils.toStateMachineException(ClientProtoUtils.java:455)
	at org.apache.ratis.client.impl.ClientProtoUtils.toStateMachineException(ClientProtoUtils.java:441)
	at org.apache.ratis.client.impl.ClientProtoUtils.toRaftClientReply(ClientProtoUtils.java:408)
	at org.apache.ratis.grpc.client.GrpcClientProtocolClient$AsyncStreamObservers$1.onNext(GrpcClientProtocolClient.java:313)
	at org.apache.ratis.grpc.client.GrpcClientProtocolClient$AsyncStreamObservers$1.onNext(GrpcClientProtocolClient.java:308)
	at org.apache.ratis.thirdparty.io.grpc.stub.ClientCalls$StreamObserverToCallListenerAdapter.onMessage(ClientCalls.java:551)
	at org.apache.ratis.thirdparty.io.grpc.ForwardingClientCallListener.onMessage(ForwardingClientCallListener.java:33)
	at org.apache.ratis.thirdparty.io.grpc.internal.ClientCallImpl$ClientStreamListenerImpl$1MessagesAvailable.runInternal(ClientCallImpl.java:661)
	at org.apache.ratis.thirdparty.io.grpc.internal.ClientCallImpl$ClientStreamListenerImpl$1MessagesAvailable.runInContext(ClientCallImpl.java:648)
	at org.apache.ratis.thirdparty.io.grpc.internal.ContextRunnable.run(ContextRunnable.java:37)
	at org.apache.ratis.thirdparty.io.grpc.internal.SerializingExecutor.run(SerializingExecutor.java:133)
	... 3 more
2025-07-14 15:00:18,058 [pool-389-thread-1] WARN  keyvalue.KeyValueHandler (KeyValueHandler.java:updateAndGetContainerChecksum(1451)) - Container data checksum updated from c25bf9a6 to d062128c
2025-07-14 15:00:18,058 [pool-389-thread-1] ERROR ozoneimpl.OnDemandContainerScanner (ContainerScanHelper.java:handleUnhealthyScanResult(119)) - Corruption detected in container [4]. Marking it UNHEALTHY. Container has 1 error: CORRUPT_CHUNK for file /home/runner/work/ozone/ozone/hadoop-ozone/integration-test/target/test-dir/MiniOzoneClusterImpl-aaa7dc72-7fbf-48e0-acc5-129182712624/ozone-meta/datanode-10/data-0/hdds/aaa7dc72-7fbf-48e0-acc5-129182712624/current/containerDir0/4/chunks/115816896921600004.block with exception: org.apache.hadoop.ozone.common.OzoneChecksumException: Inconsistent read for chunk=ChunkInfo{chunkName='115816896921600004_chunk_1, offset=0, len=5} checksum item 0 expected checksum E8 61 E4 30 actual checksum 36 10 A6 86 for block conID: 4 locID: 115816896921600004 bcsId: 5 replicaIndex: null
2025-07-14 15:00:18,058 [grpc-default-executor-1] ERROR impl.OrderedAsync (OrderedAsync.java:lambda$send$4(181)) - Failed to send request, message=cmdType: WriteChunk
traceID: ""
containerID: 4
datanodeUuid: "9eaddddd-9b57-463b-ae7a-e3a77c744c69"
writeChunk {
  blockID {
    containerID: 4
    localID: 115816896921600004
    blockCommitSequenceId: 0
  }
  chunkData {
    chunkName: "115816896921600004.data.0"
    offset: 0
    len: 5
    checksumData {
      type: CRC32
      bytesPerChecksum: 1048576
      checksums: "\355%-\365"
    }
  }
}
version: 3
, data.size=5
java.util.concurrent.CompletionException: org.apache.ratis.protocol.exceptions.StateMachineException: org.apache.hadoop.hdds.scm.container.common.helpers.ContainerNotOpenException from Server 9eaddddd-9b57-463b-ae7a-e3a77c744c69@group-92AAB85E7561: Container 4 in CLOSING state
	at org.apache.ratis.client.impl.RaftClientImpl.handleRaftException(RaftClientImpl.java:373)
	at org.apache.ratis.client.impl.OrderedAsync.lambda$send$3(OrderedAsync.java:175)
	at java.base/java.util.concurrent.CompletableFuture$UniApply.tryFire(CompletableFuture.java:646)
	at java.base/java.util.concurrent.CompletableFuture.postComplete(CompletableFuture.java:510)
	at java.base/java.util.concurrent.CompletableFuture.complete(CompletableFuture.java:2179)
	at org.apache.ratis.client.impl.OrderedAsync$PendingOrderedRequest.setReply(OrderedAsync.java:105)
	at org.apache.ratis.client.impl.OrderedAsync$PendingOrderedRequest.setReply(OrderedAsync.java:66)
	at org.apache.ratis.util.SlidingWindow$RequestMap.setReply(SlidingWindow.java:147)
	at org.apache.ratis.util.SlidingWindow$Client.receiveReply(SlidingWindow.java:351)
	at org.apache.ratis.client.impl.OrderedAsync.lambda$sendRequestWithRetry$5(OrderedAsync.java:210)
	at java.base/java.util.concurrent.CompletableFuture$UniAccept.tryFire(CompletableFuture.java:718)
	at java.base/java.util.concurrent.CompletableFuture.postComplete(CompletableFuture.java:510)
	at java.base/java.util.concurrent.CompletableFuture.complete(CompletableFuture.java:2179)
	at org.apache.ratis.grpc.client.GrpcClientProtocolClient$AsyncStreamObservers$1.lambda$onNext$0(GrpcClientProtocolClient.java:325)
	at java.base/java.util.Optional.ifPresent(Optional.java:178)
	at org.apache.ratis.grpc.client.GrpcClientProtocolClient$AsyncStreamObservers.handleReplyFuture(GrpcClientProtocolClient.java:381)
	at org.apache.ratis.grpc.client.GrpcClientProtocolClient$AsyncStreamObservers.access$100(GrpcClientProtocolClient.java:303)
	at org.apache.ratis.grpc.client.GrpcClientProtocolClient$AsyncStreamObservers$1.onNext(GrpcClientProtocolClient.java:325)
	at org.apache.ratis.grpc.client.GrpcClientProtocolClient$AsyncStreamObservers$1.onNext(GrpcClientProtocolClient.java:308)
	at org.apache.ratis.thirdparty.io.grpc.stub.ClientCalls$StreamObserverToCallListenerAdapter.onMessage(ClientCalls.java:551)
	at org.apache.ratis.thirdparty.io.grpc.ForwardingClientCallListener.onMessage(ForwardingClientCallListener.java:33)
	at org.apache.ratis.thirdparty.io.grpc.internal.ClientCallImpl$ClientStreamListenerImpl$1MessagesAvailable.runInternal(ClientCallImpl.java:661)
	at org.apache.ratis.thirdparty.io.grpc.internal.ClientCallImpl$ClientStreamListenerImpl$1MessagesAvailable.runInContext(ClientCallImpl.java:648)
	at org.apache.ratis.thirdparty.io.grpc.internal.ContextRunnable.run(ContextRunnable.java:37)
	at org.apache.ratis.thirdparty.io.grpc.internal.SerializingExecutor.run(SerializingExecutor.java:133)
	at java.base/java.util.concurrent.ThreadPoolExecutor.runWorker(ThreadPoolExecutor.java:1144)
	at java.base/java.util.concurrent.ThreadPoolExecutor$Worker.run(ThreadPoolExecutor.java:642)
	at java.base/java.lang.Thread.run(Thread.java:1583)
Caused by: org.apache.ratis.protocol.exceptions.StateMachineException: org.apache.hadoop.hdds.scm.container.common.helpers.ContainerNotOpenException from Server 9eaddddd-9b57-463b-ae7a-e3a77c744c69@group-92AAB85E7561: Container 4 in CLOSING state
	at org.apache.hadoop.ozone.container.common.impl.HddsDispatcher.validateContainerCommand(HddsDispatcher.java:580)
	at org.apache.hadoop.ozone.container.common.transport.server.ratis.ContainerStateMachine.startTransaction(ContainerStateMachine.java:488)
	at org.apache.ratis.server.impl.RaftServerImpl.writeAsyncImpl(RaftServerImpl.java:987)
	at org.apache.ratis.server.impl.RaftServerImpl.writeAsync(RaftServerImpl.java:960)
	at org.apache.ratis.server.impl.RaftServerImpl.replyFuture(RaftServerImpl.java:953)
	at org.apache.ratis.server.impl.RaftServerImpl.submitClientRequestAsync(RaftServerImpl.java:930)
	at org.apache.ratis.server.impl.RaftServerImpl.lambda$null$11(RaftServerImpl.java:919)
	at org.apache.ratis.util.JavaUtils.callAsUnchecked(JavaUtils.java:118)
	at org.apache.ratis.server.impl.RaftServerImpl.lambda$executeSubmitClientRequestAsync$12(RaftServerImpl.java:919)
	at java.base/java.util.concurrent.CompletableFuture$AsyncSupply.run(CompletableFuture.java:1768)
	... 3 more
Caused by: org.apache.hadoop.hdds.scm.container.common.helpers.ContainerNotOpenException: Container 4 in CLOSING state
	at java.base/jdk.internal.reflect.DirectConstructorHandleAccessor.newInstance(DirectConstructorHandleAccessor.java:62)
	at java.base/java.lang.reflect.Constructor.newInstanceWithCaller(Constructor.java:502)
	at java.base/java.lang.reflect.Constructor.newInstance(Constructor.java:486)
	at org.apache.ratis.util.ReflectionUtils.instantiateException(ReflectionUtils.java:265)
	at org.apache.ratis.client.impl.ClientProtoUtils.toStateMachineException(ClientProtoUtils.java:455)
	at org.apache.ratis.client.impl.ClientProtoUtils.toStateMachineException(ClientProtoUtils.java:441)
	at org.apache.ratis.client.impl.ClientProtoUtils.toRaftClientReply(ClientProtoUtils.java:408)
	at org.apache.ratis.grpc.client.GrpcClientProtocolClient$AsyncStreamObservers$1.onNext(GrpcClientProtocolClient.java:313)
	at org.apache.ratis.grpc.client.GrpcClientProtocolClient$AsyncStreamObservers$1.onNext(GrpcClientProtocolClient.java:308)
	at org.apache.ratis.thirdparty.io.grpc.stub.ClientCalls$StreamObserverToCallListenerAdapter.onMessage(ClientCalls.java:551)
	at org.apache.ratis.thirdparty.io.grpc.ForwardingClientCallListener.onMessage(ForwardingClientCallListener.java:33)
	at org.apache.ratis.thirdparty.io.grpc.internal.ClientCallImpl$ClientStreamListenerImpl$1MessagesAvailable.runInternal(ClientCallImpl.java:661)
	at org.apache.ratis.thirdparty.io.grpc.internal.ClientCallImpl$ClientStreamListenerImpl$1MessagesAvailable.runInContext(ClientCallImpl.java:648)
	at org.apache.ratis.thirdparty.io.grpc.internal.ContextRunnable.run(ContextRunnable.java:37)
	at org.apache.ratis.thirdparty.io.grpc.internal.SerializingExecutor.run(SerializingExecutor.java:133)
	... 3 more
2025-07-14 15:00:18,063 [grpc-default-executor-1] ERROR impl.OrderedAsync (OrderedAsync.java:lambda$send$4(181)) - Failed to send request, message=cmdType: WriteChunk
traceID: ""
containerID: 4
datanodeUuid: "9eaddddd-9b57-463b-ae7a-e3a77c744c69"
writeChunk {
  blockID {
    containerID: 4
    localID: 115816896921600004
    blockCommitSequenceId: 0
  }
  chunkData {
    chunkName: "115816896921600004.data.0"
    offset: 0
    len: 5
    checksumData {
      type: CRC32
      bytesPerChecksum: 1048576
      checksums: "w\245\3016"
    }
  }
}
version: 3
, data.size=5
java.util.concurrent.CompletionException: org.apache.ratis.protocol.exceptions.StateMachineException: org.apache.hadoop.hdds.scm.container.common.helpers.ContainerNotOpenException from Server 9eaddddd-9b57-463b-ae7a-e3a77c744c69@group-92AAB85E7561: Container 4 in CLOSING state
	at org.apache.ratis.client.impl.RaftClientImpl.handleRaftException(RaftClientImpl.java:373)
	at org.apache.ratis.client.impl.OrderedAsync.lambda$send$3(OrderedAsync.java:175)
	at java.base/java.util.concurrent.CompletableFuture$UniApply.tryFire(CompletableFuture.java:646)
	at java.base/java.util.concurrent.CompletableFuture.postComplete(CompletableFuture.java:510)
	at java.base/java.util.concurrent.CompletableFuture.complete(CompletableFuture.java:2179)
	at org.apache.ratis.client.impl.OrderedAsync$PendingOrderedRequest.setReply(OrderedAsync.java:105)
	at org.apache.ratis.client.impl.OrderedAsync$PendingOrderedRequest.setReply(OrderedAsync.java:66)
	at org.apache.ratis.util.SlidingWindow$RequestMap.setReply(SlidingWindow.java:147)
	at org.apache.ratis.util.SlidingWindow$Client.receiveReply(SlidingWindow.java:351)
	at org.apache.ratis.client.impl.OrderedAsync.lambda$sendRequestWithRetry$5(OrderedAsync.java:210)
	at java.base/java.util.concurrent.CompletableFuture$UniAccept.tryFire(CompletableFuture.java:718)
	at java.base/java.util.concurrent.CompletableFuture.postComplete(CompletableFuture.java:510)
	at java.base/java.util.concurrent.CompletableFuture.complete(CompletableFuture.java:2179)
	at org.apache.ratis.grpc.client.GrpcClientProtocolClient$AsyncStreamObservers$1.lambda$onNext$0(GrpcClientProtocolClient.java:325)
	at java.base/java.util.Optional.ifPresent(Optional.java:178)
	at org.apache.ratis.grpc.client.GrpcClientProtocolClient$AsyncStreamObservers.handleReplyFuture(GrpcClientProtocolClient.java:381)
	at org.apache.ratis.grpc.client.GrpcClientProtocolClient$AsyncStreamObservers.access$100(GrpcClientProtocolClient.java:303)
	at org.apache.ratis.grpc.client.GrpcClientProtocolClient$AsyncStreamObservers$1.onNext(GrpcClientProtocolClient.java:325)
	at org.apache.ratis.grpc.client.GrpcClientProtocolClient$AsyncStreamObservers$1.onNext(GrpcClientProtocolClient.java:308)
	at org.apache.ratis.thirdparty.io.grpc.stub.ClientCalls$StreamObserverToCallListenerAdapter.onMessage(ClientCalls.java:551)
	at org.apache.ratis.thirdparty.io.grpc.ForwardingClientCallListener.onMessage(ForwardingClientCallListener.java:33)
	at org.apache.ratis.thirdparty.io.grpc.internal.ClientCallImpl$ClientStreamListenerImpl$1MessagesAvailable.runInternal(ClientCallImpl.java:661)
	at org.apache.ratis.thirdparty.io.grpc.internal.ClientCallImpl$ClientStreamListenerImpl$1MessagesAvailable.runInContext(ClientCallImpl.java:648)
	at org.apache.ratis.thirdparty.io.grpc.internal.ContextRunnable.run(ContextRunnable.java:37)
	at org.apache.ratis.thirdparty.io.grpc.internal.SerializingExecutor.run(SerializingExecutor.java:133)
	at java.base/java.util.concurrent.ThreadPoolExecutor.runWorker(ThreadPoolExecutor.java:1144)
	at java.base/java.util.concurrent.ThreadPoolExecutor$Worker.run(ThreadPoolExecutor.java:642)
	at java.base/java.lang.Thread.run(Thread.java:1583)
Caused by: org.apache.ratis.protocol.exceptions.StateMachineException: org.apache.hadoop.hdds.scm.container.common.helpers.ContainerNotOpenException from Server 9eaddddd-9b57-463b-ae7a-e3a77c744c69@group-92AAB85E7561: Container 4 in CLOSING state
	at org.apache.hadoop.ozone.container.common.impl.HddsDispatcher.validateContainerCommand(HddsDispatcher.java:580)
	at org.apache.hadoop.ozone.container.common.transport.server.ratis.ContainerStateMachine.startTransaction(ContainerStateMachine.java:488)
	at org.apache.ratis.server.impl.RaftServerImpl.writeAsyncImpl(RaftServerImpl.java:987)
	at org.apache.ratis.server.impl.RaftServerImpl.writeAsync(RaftServerImpl.java:960)
	at org.apache.ratis.server.impl.RaftServerImpl.replyFuture(RaftServerImpl.java:953)
	at org.apache.ratis.server.impl.RaftServerImpl.submitClientRequestAsync(RaftServerImpl.java:930)
	at org.apache.ratis.server.impl.RaftServerImpl.lambda$null$11(RaftServerImpl.java:919)
	at org.apache.ratis.util.JavaUtils.callAsUnchecked(JavaUtils.java:118)
	at org.apache.ratis.server.impl.RaftServerImpl.lambda$executeSubmitClientRequestAsync$12(RaftServerImpl.java:919)
	at java.base/java.util.concurrent.CompletableFuture$AsyncSupply.run(CompletableFuture.java:1768)
	... 3 more
Caused by: org.apache.hadoop.hdds.scm.container.common.helpers.ContainerNotOpenException: Container 4 in CLOSING state
	at java.base/jdk.internal.reflect.DirectConstructorHandleAccessor.newInstance(DirectConstructorHandleAccessor.java:62)
	at java.base/java.lang.reflect.Constructor.newInstanceWithCaller(Constructor.java:502)
	at java.base/java.lang.reflect.Constructor.newInstance(Constructor.java:486)
	at org.apache.ratis.util.ReflectionUtils.instantiateException(ReflectionUtils.java:265)
	at org.apache.ratis.client.impl.ClientProtoUtils.toStateMachineException(ClientProtoUtils.java:455)
	at org.apache.ratis.client.impl.ClientProtoUtils.toStateMachineException(ClientProtoUtils.java:441)
	at org.apache.ratis.client.impl.ClientProtoUtils.toRaftClientReply(ClientProtoUtils.java:408)
	at org.apache.ratis.grpc.client.GrpcClientProtocolClient$AsyncStreamObservers$1.onNext(GrpcClientProtocolClient.java:313)
	at org.apache.ratis.grpc.client.GrpcClientProtocolClient$AsyncStreamObservers$1.onNext(GrpcClientProtocolClient.java:308)
	at org.apache.ratis.thirdparty.io.grpc.stub.ClientCalls$StreamObserverToCallListenerAdapter.onMessage(ClientCalls.java:551)
	at org.apache.ratis.thirdparty.io.grpc.ForwardingClientCallListener.onMessage(ForwardingClientCallListener.java:33)
	at org.apache.ratis.thirdparty.io.grpc.internal.ClientCallImpl$ClientStreamListenerImpl$1MessagesAvailable.runInternal(ClientCallImpl.java:661)
	at org.apache.ratis.thirdparty.io.grpc.internal.ClientCallImpl$ClientStreamListenerImpl$1MessagesAvailable.runInContext(ClientCallImpl.java:648)
	at org.apache.ratis.thirdparty.io.grpc.internal.ContextRunnable.run(ContextRunnable.java:37)
	at org.apache.ratis.thirdparty.io.grpc.internal.SerializingExecutor.run(SerializingExecutor.java:133)
	... 3 more
2025-07-14 15:00:18,064 [pool-389-thread-1] WARN  keyvalue.KeyValueContainer (KeyValueContainer.java:markContainerUnhealthy(397)) - Marked container UNHEALTHY from CLOSED: KeyValueContainerData #4 (UNHEALTHY, non-empty, ri=0, origin=[dn_9eaddddd-9b57-463b-ae7a-e3a77c744c69, pipeline_e4531615-3152-4076-828e-92aab85e7561])
2025-07-14 15:00:18,064 [grpc-default-executor-1] ERROR impl.OrderedAsync (OrderedAsync.java:lambda$send$4(181)) - Failed to send request, message=cmdType: WriteChunk
traceID: ""
containerID: 4
datanodeUuid: "9eaddddd-9b57-463b-ae7a-e3a77c744c69"
writeChunk {
  blockID {
    containerID: 4
    localID: 115816896921600004
    blockCommitSequenceId: 0
  }
  chunkData {
    chunkName: "115816896921600004.data.0"
    offset: 0
    len: 5
    checksumData {
      type: CRC32
      bytesPerChecksum: 1048576
      checksums: "\3536\355\224"
    }
  }
}
version: 3
, data.size=5
java.util.concurrent.CompletionException: org.apache.ratis.protocol.exceptions.StateMachineException: org.apache.hadoop.hdds.scm.container.common.helpers.ContainerNotOpenException from Server 9eaddddd-9b57-463b-ae7a-e3a77c744c69@group-92AAB85E7561: Container 4 in CLOSING state
	at org.apache.ratis.client.impl.RaftClientImpl.handleRaftException(RaftClientImpl.java:373)
	at org.apache.ratis.client.impl.OrderedAsync.lambda$send$3(OrderedAsync.java:175)
	at java.base/java.util.concurrent.CompletableFuture$UniApply.tryFire(CompletableFuture.java:646)
	at java.base/java.util.concurrent.CompletableFuture.postComplete(CompletableFuture.java:510)
	at java.base/java.util.concurrent.CompletableFuture.complete(CompletableFuture.java:2179)
	at org.apache.ratis.client.impl.OrderedAsync$PendingOrderedRequest.setReply(OrderedAsync.java:105)
	at org.apache.ratis.client.impl.OrderedAsync$PendingOrderedRequest.setReply(OrderedAsync.java:66)
	at org.apache.ratis.util.SlidingWindow$RequestMap.setReply(SlidingWindow.java:147)
	at org.apache.ratis.util.SlidingWindow$Client.receiveReply(SlidingWindow.java:351)
	at org.apache.ratis.client.impl.OrderedAsync.lambda$sendRequestWithRetry$5(OrderedAsync.java:210)
	at java.base/java.util.concurrent.CompletableFuture$UniAccept.tryFire(CompletableFuture.java:718)
	at java.base/java.util.concurrent.CompletableFuture.postComplete(CompletableFuture.java:510)
	at java.base/java.util.concurrent.CompletableFuture.complete(CompletableFuture.java:2179)
	at org.apache.ratis.grpc.client.GrpcClientProtocolClient$AsyncStreamObservers$1.lambda$onNext$0(GrpcClientProtocolClient.java:325)
	at java.base/java.util.Optional.ifPresent(Optional.java:178)
	at org.apache.ratis.grpc.client.GrpcClientProtocolClient$AsyncStreamObservers.handleReplyFuture(GrpcClientProtocolClient.java:381)
	at org.apache.ratis.grpc.client.GrpcClientProtocolClient$AsyncStreamObservers.access$100(GrpcClientProtocolClient.java:303)
	at org.apache.ratis.grpc.client.GrpcClientProtocolClient$AsyncStreamObservers$1.onNext(GrpcClientProtocolClient.java:325)
	at org.apache.ratis.grpc.client.GrpcClientProtocolClient$AsyncStreamObservers$1.onNext(GrpcClientProtocolClient.java:308)
	at org.apache.ratis.thirdparty.io.grpc.stub.ClientCalls$StreamObserverToCallListenerAdapter.onMessage(ClientCalls.java:551)
	at org.apache.ratis.thirdparty.io.grpc.ForwardingClientCallListener.onMessage(ForwardingClientCallListener.java:33)
	at org.apache.ratis.thirdparty.io.grpc.internal.ClientCallImpl$ClientStreamListenerImpl$1MessagesAvailable.runInternal(ClientCallImpl.java:661)
	at org.apache.ratis.thirdparty.io.grpc.internal.ClientCallImpl$ClientStreamListenerImpl$1MessagesAvailable.runInContext(ClientCallImpl.java:648)
	at org.apache.ratis.thirdparty.io.grpc.internal.ContextRunnable.run(ContextRunnable.java:37)
	at org.apache.ratis.thirdparty.io.grpc.internal.SerializingExecutor.run(SerializingExecutor.java:133)
	at java.base/java.util.concurrent.ThreadPoolExecutor.runWorker(ThreadPoolExecutor.java:1144)
	at java.base/java.util.concurrent.ThreadPoolExecutor$Worker.run(ThreadPoolExecutor.java:642)
	at java.base/java.lang.Thread.run(Thread.java:1583)
Caused by: org.apache.ratis.protocol.exceptions.StateMachineException: org.apache.hadoop.hdds.scm.container.common.helpers.ContainerNotOpenException from Server 9eaddddd-9b57-463b-ae7a-e3a77c744c69@group-92AAB85E7561: Container 4 in CLOSING state
	at org.apache.hadoop.ozone.container.common.impl.HddsDispatcher.validateContainerCommand(HddsDispatcher.java:580)
	at org.apache.hadoop.ozone.container.common.transport.server.ratis.ContainerStateMachine.startTransaction(ContainerStateMachine.java:488)
	at org.apache.ratis.server.impl.RaftServerImpl.writeAsyncImpl(RaftServerImpl.java:987)
	at org.apache.ratis.server.impl.RaftServerImpl.writeAsync(RaftServerImpl.java:960)
	at org.apache.ratis.server.impl.RaftServerImpl.replyFuture(RaftServerImpl.java:953)
	at org.apache.ratis.server.impl.RaftServerImpl.submitClientRequestAsync(RaftServerImpl.java:930)
	at org.apache.ratis.server.impl.RaftServerImpl.lambda$null$11(RaftServerImpl.java:919)
	at org.apache.ratis.util.JavaUtils.callAsUnchecked(JavaUtils.java:118)
	at org.apache.ratis.server.impl.RaftServerImpl.lambda$executeSubmitClientRequestAsync$12(RaftServerImpl.java:919)
	at java.base/java.util.concurrent.CompletableFuture$AsyncSupply.run(CompletableFuture.java:1768)
	... 3 more
Caused by: org.apache.hadoop.hdds.scm.container.common.helpers.ContainerNotOpenException: Container 4 in CLOSING state
	at java.base/jdk.internal.reflect.DirectConstructorHandleAccessor.newInstance(DirectConstructorHandleAccessor.java:62)
	at java.base/java.lang.reflect.Constructor.newInstanceWithCaller(Constructor.java:502)
	at java.base/java.lang.reflect.Constructor.newInstance(Constructor.java:486)
	at org.apache.ratis.util.ReflectionUtils.instantiateException(ReflectionUtils.java:265)
	at org.apache.ratis.client.impl.ClientProtoUtils.toStateMachineException(ClientProtoUtils.java:455)
	at org.apache.ratis.client.impl.ClientProtoUtils.toStateMachineException(ClientProtoUtils.java:441)
	at org.apache.ratis.client.impl.ClientProtoUtils.toRaftClientReply(ClientProtoUtils.java:408)
	at org.apache.ratis.grpc.client.GrpcClientProtocolClient$AsyncStreamObservers$1.onNext(GrpcClientProtocolClient.java:313)
	at org.apache.ratis.grpc.client.GrpcClientProtocolClient$AsyncStreamObservers$1.onNext(GrpcClientProtocolClient.java:308)
	at org.apache.ratis.thirdparty.io.grpc.stub.ClientCalls$StreamObserverToCallListenerAdapter.onMessage(ClientCalls.java:551)
	at org.apache.ratis.thirdparty.io.grpc.ForwardingClientCallListener.onMessage(ForwardingClientCallListener.java:33)
	at org.apache.ratis.thirdparty.io.grpc.internal.ClientCallImpl$ClientStreamListenerImpl$1MessagesAvailable.runInternal(ClientCallImpl.java:661)
	at org.apache.ratis.thirdparty.io.grpc.internal.ClientCallImpl$ClientStreamListenerImpl$1MessagesAvailable.runInContext(ClientCallImpl.java:648)
	at org.apache.ratis.thirdparty.io.grpc.internal.ContextRunnable.run(ContextRunnable.java:37)
	at org.apache.ratis.thirdparty.io.grpc.internal.SerializingExecutor.run(SerializingExecutor.java:133)
	... 3 more
2025-07-14T15:00:18.064710650Z pool-389-thread-1 ERROR ID=4 | Index=0 | BCSID=5 | State=UNHEALTHY | Volume=/home/runner/work/ozone/ozone/hadoop-ozone/integration-test/target/test-dir/MiniOzoneClusterImpl-aaa7dc72-7fbf-48e0-acc5-129182712624/ozone-meta/datanode-10/data-0/hdds | DataChecksum=d062128c | Container has 1 error: CORRUPT_CHUNK for file /home/runner/work/ozone/ozone/hadoop-ozone/integration-test/target/test-dir/MiniOzoneClusterImpl-aaa7dc72-7fbf-48e0-acc5-129182712624/ozone-meta/datanode-10/data-0/hdds/aaa7dc72-7fbf-48e0-acc5-129182712624/current/containerDir0/4/chunks/115816896921600004.block with exception: org.apache.hadoop.ozone.common.OzoneChecksumException: Inconsistent read for chunk=ChunkInfo{chunkName='115816896921600004_chunk_1, offset=0, len=5} checksum item 0 expected checksum E8 61 E4 30 actual checksum 36 10 A6 86 for block conID: 4 locID: 115816896921600004 bcsId: 5 replicaIndex: null]]></system-out>
  </testcase>
  <testcase name="testContainerStateMachineFailures" classname="org.apache.hadoop.ozone.client.rpc.TestContainerStateMachineFailures" time="13.744">
    <system-out><![CDATA[2025-07-14 15:00:18,118 [a505560f-c589-4eb5-89aa-a89970ae9358-ChunkWriter-1-0] ERROR helpers.ContainerUtils (ContainerUtils.java:getChunkDir(273)) - Chunks dir /home/runner/work/ozone/ozone/hadoop-ozone/integration-test/target/test-dir/MiniOzoneClusterImpl-aaa7dc72-7fbf-48e0-acc5-129182712624/ozone-meta/datanode-4/data-0/hdds/aaa7dc72-7fbf-48e0-acc5-129182712624/current/containerDir0/5/chunks does not exist
2025-07-14 15:00:18,118 [a505560f-c589-4eb5-89aa-a89970ae9358-ChunkWriter-1-0] WARN  keyvalue.KeyValueHandler (ContainerUtils.java:logAndReturnError(94)) - Operation: WriteChunk , Trace ID:  , Message: Chunks directory /home/runner/work/ozone/ozone/hadoop-ozone/integration-test/target/test-dir/MiniOzoneClusterImpl-aaa7dc72-7fbf-48e0-acc5-129182712624/ozone-meta/datanode-4/data-0/hdds/aaa7dc72-7fbf-48e0-acc5-129182712624/current/containerDir0/5/chunks does not exist. , Result: UNABLE_TO_FIND_DATA_DIR , StorageContainerException Occurred.
org.apache.hadoop.hdds.scm.container.common.helpers.StorageContainerException: Chunks directory /home/runner/work/ozone/ozone/hadoop-ozone/integration-test/target/test-dir/MiniOzoneClusterImpl-aaa7dc72-7fbf-48e0-acc5-129182712624/ozone-meta/datanode-4/data-0/hdds/aaa7dc72-7fbf-48e0-acc5-129182712624/current/containerDir0/5/chunks does not exist.
	at org.apache.hadoop.ozone.container.common.helpers.ContainerUtils.getChunkDir(ContainerUtils.java:275)
	at org.apache.hadoop.ozone.container.common.impl.ContainerLayoutVersion.getChunkFile(ContainerLayoutVersion.java:115)
	at org.apache.hadoop.ozone.container.keyvalue.impl.FilePerBlockStrategy.getChunkFile(FilePerBlockStrategy.java:300)
	at org.apache.hadoop.ozone.container.keyvalue.impl.FilePerBlockStrategy.writeChunk(FilePerBlockStrategy.java:148)
	at org.apache.hadoop.ozone.container.keyvalue.impl.ChunkManagerDispatcher.writeChunk(ChunkManagerDispatcher.java:70)
	at org.apache.hadoop.ozone.container.keyvalue.KeyValueHandler.handleWriteChunk(KeyValueHandler.java:1029)
	at org.apache.hadoop.ozone.container.keyvalue.KeyValueHandler.dispatchRequest(KeyValueHandler.java:342)
	at org.apache.hadoop.ozone.container.keyvalue.KeyValueHandler.handle(KeyValueHandler.java:293)
	at org.apache.hadoop.ozone.container.common.impl.HddsDispatcher.dispatchRequest(HddsDispatcher.java:365)
	at org.apache.hadoop.ozone.container.common.impl.HddsDispatcher.lambda$dispatch$1(HddsDispatcher.java:190)
	at org.apache.hadoop.hdds.server.OzoneProtocolMessageDispatcher.processRequest(OzoneProtocolMessageDispatcher.java:87)
	at org.apache.hadoop.ozone.container.common.impl.HddsDispatcher.dispatch(HddsDispatcher.java:189)
	at org.apache.hadoop.ozone.container.common.transport.server.ratis.ContainerStateMachine.dispatchCommand(ContainerStateMachine.java:567)
	at org.apache.hadoop.ozone.container.common.transport.server.ratis.ContainerStateMachine.lambda$writeStateMachineData$2(ContainerStateMachine.java:622)
	at java.base/java.util.concurrent.FutureTask.run(FutureTask.java:317)
	at java.base/java.util.concurrent.ThreadPoolExecutor.runWorker(ThreadPoolExecutor.java:1144)
	at java.base/java.util.concurrent.ThreadPoolExecutor$Worker.run(ThreadPoolExecutor.java:642)
	at java.base/java.lang.Thread.run(Thread.java:1583)
2025-07-14T15:00:18.120470944Z a505560f-c589-4eb5-89aa-a89970ae9358-client-thread1 ERROR user=null | ip=null | op=PUT_BLOCK {blockData=[blockId=conID: 5 locID: 115816896921600005 bcsId: 0 replicaIndex: null, size=10]} | ret=FAILURE
org.apache.hadoop.hdds.scm.container.common.helpers.ContainerNotOpenException: Container 5 in UNHEALTHY state
	at org.apache.hadoop.ozone.container.common.impl.HddsDispatcher.validateContainerCommand(HddsDispatcher.java:580)
	at org.apache.hadoop.ozone.container.common.transport.server.ratis.ContainerStateMachine.startTransaction(ContainerStateMachine.java:488)
	at org.apache.ratis.server.impl.RaftServerImpl.writeAsyncImpl(RaftServerImpl.java:987)
	at org.apache.ratis.server.impl.RaftServerImpl.writeAsync(RaftServerImpl.java:960)
	at org.apache.ratis.server.impl.RaftServerImpl.replyFuture(RaftServerImpl.java:953)
	at org.apache.ratis.server.impl.RaftServerImpl.submitClientRequestAsync(RaftServerImpl.java:930)
	at org.apache.ratis.server.impl.RaftServerImpl.lambda$null$11(RaftServerImpl.java:919)
	at org.apache.ratis.util.JavaUtils.callAsUnchecked(JavaUtils.java:118)
	at org.apache.ratis.server.impl.RaftServerImpl.lambda$executeSubmitClientRequestAsync$12(RaftServerImpl.java:919)
	at java.base/java.util.concurrent.CompletableFuture$AsyncSupply.run(CompletableFuture.java:1768)
	at java.base/java.util.concurrent.ThreadPoolExecutor.runWorker(ThreadPoolExecutor.java:1144)
	at java.base/java.util.concurrent.ThreadPoolExecutor$Worker.run(ThreadPoolExecutor.java:642)
	at java.base/java.lang.Thread.run(Thread.java:1583)
2025-07-14 15:00:18,120 [a505560f-c589-4eb5-89aa-a89970ae9358-ChunkWriter-1-0] WARN  keyvalue.KeyValueHandler (KeyValueHandler.java:markContainerUnhealthy(1485)) - Unexpected error while marking container 5 unhealthy
org.apache.hadoop.hdds.scm.container.common.helpers.StorageContainerException: Failed to create tmp file for /home/runner/work/ozone/ozone/hadoop-ozone/integration-test/target/test-dir/MiniOzoneClusterImpl-aaa7dc72-7fbf-48e0-acc5-129182712624/ozone-meta/datanode-4/data-0/hdds/aaa7dc72-7fbf-48e0-acc5-129182712624/current/containerDir0/5/metadata/5.container: KeyValueContainerData #5 (UNHEALTHY, non-empty, ri=0, origin=[dn_a505560f-c589-4eb5-89aa-a89970ae9358, pipeline_6f4bc581-d89b-4f68-a5e7-42c16328b7c0])
	at org.apache.hadoop.ozone.container.keyvalue.KeyValueContainer.writeToContainerFile(KeyValueContainer.java:318)
	at org.apache.hadoop.ozone.container.keyvalue.KeyValueContainer.updateContainerFile(KeyValueContainer.java:337)
	at org.apache.hadoop.ozone.container.keyvalue.KeyValueContainer.updateContainerData(KeyValueContainer.java:484)
	at org.apache.hadoop.ozone.container.keyvalue.KeyValueContainer.updateContainerState(KeyValueContainer.java:467)
	at org.apache.hadoop.ozone.container.keyvalue.KeyValueContainer.markContainerUnhealthy(KeyValueContainer.java:392)
	at org.apache.hadoop.ozone.container.keyvalue.KeyValueHandler.markContainerUnhealthy(KeyValueHandler.java:1483)
	at org.apache.hadoop.ozone.container.common.impl.HddsDispatcher.dispatchRequest(HddsDispatcher.java:410)
	at org.apache.hadoop.ozone.container.common.impl.HddsDispatcher.lambda$dispatch$1(HddsDispatcher.java:190)
	at org.apache.hadoop.hdds.server.OzoneProtocolMessageDispatcher.processRequest(OzoneProtocolMessageDispatcher.java:87)
	at org.apache.hadoop.ozone.container.common.impl.HddsDispatcher.dispatch(HddsDispatcher.java:189)
	at org.apache.hadoop.ozone.container.common.transport.server.ratis.ContainerStateMachine.dispatchCommand(ContainerStateMachine.java:567)
	at org.apache.hadoop.ozone.container.common.transport.server.ratis.ContainerStateMachine.lambda$writeStateMachineData$2(ContainerStateMachine.java:622)
	at java.base/java.util.concurrent.FutureTask.run(FutureTask.java:317)
	at java.base/java.util.concurrent.ThreadPoolExecutor.runWorker(ThreadPoolExecutor.java:1144)
	at java.base/java.util.concurrent.ThreadPoolExecutor$Worker.run(ThreadPoolExecutor.java:642)
	at java.base/java.lang.Thread.run(Thread.java:1583)
Caused by: java.io.IOException: No such file or directory
	at java.base/java.io.UnixFileSystem.createFileExclusively0(Native Method)
	at java.base/java.io.UnixFileSystem.createFileExclusively(UnixFileSystem.java:258)
	at java.base/java.io.File.createTempFile(File.java:2184)
	at org.apache.hadoop.ozone.container.keyvalue.KeyValueContainer.createTempFile(KeyValueContainer.java:907)
	at org.apache.hadoop.ozone.container.keyvalue.KeyValueContainer.writeToContainerFile(KeyValueContainer.java:300)
	... 15 more
2025-07-14 15:00:18,121 [a505560f-c589-4eb5-89aa-a89970ae9358-ChunkWriter-1-0] ERROR keyvalue.KeyValueHandler (KeyValueHandler.java:updateContainerChecksumFromMetadataIfNeeded(1402)) - Cannot create container checksum for container 5 , Exception: 
java.io.IOException: Error occurred when writing container merkle tree for containerID 5
	at org.apache.hadoop.ozone.container.checksum.ContainerChecksumTreeManager.write(ContainerChecksumTreeManager.java:389)
	at org.apache.hadoop.ozone.container.checksum.ContainerChecksumTreeManager.writeContainerDataTree(ContainerChecksumTreeManager.java:113)
	at org.apache.hadoop.ozone.container.keyvalue.KeyValueHandler.updateAndGetContainerChecksum(KeyValueHandler.java:1438)
	at org.apache.hadoop.ozone.container.keyvalue.KeyValueHandler.updateAndGetContainerChecksumFromMetadata(KeyValueHandler.java:1427)
	at org.apache.hadoop.ozone.container.keyvalue.KeyValueHandler.updateContainerChecksumFromMetadataIfNeeded(KeyValueHandler.java:1400)
	at org.apache.hadoop.ozone.container.keyvalue.KeyValueHandler.markContainerUnhealthy(KeyValueHandler.java:1490)
	at org.apache.hadoop.ozone.container.common.impl.HddsDispatcher.dispatchRequest(HddsDispatcher.java:410)
	at org.apache.hadoop.ozone.container.common.impl.HddsDispatcher.lambda$dispatch$1(HddsDispatcher.java:190)
	at org.apache.hadoop.hdds.server.OzoneProtocolMessageDispatcher.processRequest(OzoneProtocolMessageDispatcher.java:87)
	at org.apache.hadoop.ozone.container.common.impl.HddsDispatcher.dispatch(HddsDispatcher.java:189)
	at org.apache.hadoop.ozone.container.common.transport.server.ratis.ContainerStateMachine.dispatchCommand(ContainerStateMachine.java:567)
	at org.apache.hadoop.ozone.container.common.transport.server.ratis.ContainerStateMachine.lambda$writeStateMachineData$2(ContainerStateMachine.java:622)
	at java.base/java.util.concurrent.FutureTask.run(FutureTask.java:317)
	at java.base/java.util.concurrent.ThreadPoolExecutor.runWorker(ThreadPoolExecutor.java:1144)
	at java.base/java.util.concurrent.ThreadPoolExecutor$Worker.run(ThreadPoolExecutor.java:642)
	at java.base/java.lang.Thread.run(Thread.java:1583)
Caused by: java.nio.file.NoSuchFileException: /home/runner/work/ozone/ozone/hadoop-ozone/integration-test/target/test-dir/MiniOzoneClusterImpl-aaa7dc72-7fbf-48e0-acc5-129182712624/ozone-meta/datanode-4/data-0/hdds/aaa7dc72-7fbf-48e0-acc5-129182712624/current/containerDir0/5/metadata/5.tree.tmp
	at java.base/sun.nio.fs.UnixException.translateToIOException(UnixException.java:92)
	at java.base/sun.nio.fs.UnixException.rethrowAsIOException(UnixException.java:106)
	at java.base/sun.nio.fs.UnixException.rethrowAsIOException(UnixException.java:111)
	at java.base/sun.nio.fs.UnixFileSystemProvider.newByteChannel(UnixFileSystemProvider.java:261)
	at java.base/java.nio.file.spi.FileSystemProvider.newOutputStream(FileSystemProvider.java:482)
	at java.base/java.nio.file.Files.newOutputStream(Files.java:228)
	at org.apache.hadoop.ozone.container.checksum.ContainerChecksumTreeManager.write(ContainerChecksumTreeManager.java:378)
	... 15 more
2025-07-14T15:00:18.122177505Z a505560f-c589-4eb5-89aa-a89970ae9358-ChunkWriter-1-0 ERROR ID=5 | Index=0 | BCSID=2 | State=UNHEALTHY | Volume=/home/runner/work/ozone/ozone/hadoop-ozone/integration-test/target/test-dir/MiniOzoneClusterImpl-aaa7dc72-7fbf-48e0-acc5-129182712624/ozone-meta/datanode-4/data-0/hdds | DataChecksum=0 | Container has 1 error: WRITE_FAILURE for file /home/runner/work/ozone/ozone/hadoop-ozone/integration-test/target/test-dir/MiniOzoneClusterImpl-aaa7dc72-7fbf-48e0-acc5-129182712624/ozone-meta/datanode-4/data-0/hdds/aaa7dc72-7fbf-48e0-acc5-129182712624/current/containerDir0/5 with exception: org.apache.hadoop.hdds.scm.container.common.helpers.StorageContainerException2025-07-14 15:00:18,122 [a505560f-c589-4eb5-89aa-a89970ae9358-ChunkWriter-1-0] INFO  impl.HddsDispatcher (HddsDispatcher.java:dispatchRequest(411)) - Marked Container UNHEALTHY, ContainerID: 5
2025-07-14 15:00:18,123 [pool-242-thread-1] WARN  ozoneimpl.OnDemandContainerScanner (ContainerScanHelper.java:scanData(75)) - Failed to update container checksum after scan of container 5
java.io.IOException: Error occurred when writing container merkle tree for containerID 5
	at org.apache.hadoop.ozone.container.checksum.ContainerChecksumTreeManager.write(ContainerChecksumTreeManager.java:389)
	at org.apache.hadoop.ozone.container.checksum.ContainerChecksumTreeManager.writeContainerDataTree(ContainerChecksumTreeManager.java:113)
	at org.apache.hadoop.ozone.container.keyvalue.KeyValueHandler.updateAndGetContainerChecksum(KeyValueHandler.java:1438)
	at org.apache.hadoop.ozone.container.keyvalue.KeyValueHandler.updateContainerChecksum(KeyValueHandler.java:1379)
	at org.apache.hadoop.ozone.container.ozoneimpl.ContainerController.updateContainerChecksum(ContainerController.java:143)
	at org.apache.hadoop.ozone.container.ozoneimpl.ContainerScanHelper.scanData(ContainerScanHelper.java:73)
	at org.apache.hadoop.ozone.container.ozoneimpl.OnDemandContainerScanner.performOnDemandScan(OnDemandContainerScanner.java:109)
	at org.apache.hadoop.ozone.container.ozoneimpl.OnDemandContainerScanner.lambda$scanContainer$0(OnDemandContainerScanner.java:90)
	at java.base/java.util.concurrent.Executors$RunnableAdapter.call(Executors.java:572)
	at java.base/java.util.concurrent.FutureTask.run(FutureTask.java:317)
	at java.base/java.util.concurrent.ThreadPoolExecutor.runWorker(ThreadPoolExecutor.java:1144)
	at java.base/java.util.concurrent.ThreadPoolExecutor$Worker.run(ThreadPoolExecutor.java:642)
	at java.base/java.lang.Thread.run(Thread.java:1583)
Caused by: java.nio.file.NoSuchFileException: /home/runner/work/ozone/ozone/hadoop-ozone/integration-test/target/test-dir/MiniOzoneClusterImpl-aaa7dc72-7fbf-48e0-acc5-129182712624/ozone-meta/datanode-4/data-0/hdds/aaa7dc72-7fbf-48e0-acc5-129182712624/current/containerDir0/5/metadata/5.tree.tmp
	at java.base/sun.nio.fs.UnixException.translateToIOException(UnixException.java:92)
	at java.base/sun.nio.fs.UnixException.rethrowAsIOException(UnixException.java:106)
	at java.base/sun.nio.fs.UnixException.rethrowAsIOException(UnixException.java:111)
	at java.base/sun.nio.fs.UnixFileSystemProvider.newByteChannel(UnixFileSystemProvider.java:261)
	at java.base/java.nio.file.spi.FileSystemProvider.newOutputStream(FileSystemProvider.java:482)
	at java.base/java.nio.file.Files.newOutputStream(Files.java:228)
	at org.apache.hadoop.ozone.container.checksum.ContainerChecksumTreeManager.write(ContainerChecksumTreeManager.java:378)
	... 12 more
2025-07-14 15:00:18,123 [pool-242-thread-1] ERROR ozoneimpl.OnDemandContainerScanner (ContainerScanHelper.java:handleUnhealthyScanResult(119)) - Corruption detected in container [5]. Marking it UNHEALTHY. Container has 1 error: MISSING_CONTAINER_DIR for file /home/runner/work/ozone/ozone/hadoop-ozone/integration-test/target/test-dir/MiniOzoneClusterImpl-aaa7dc72-7fbf-48e0-acc5-129182712624/ozone-meta/datanode-4/data-0/hdds/aaa7dc72-7fbf-48e0-acc5-129182712624/current/containerDir0/5 with exception: java.io.FileNotFoundException: Container directory /home/runner/work/ozone/ozone/hadoop-ozone/integration-test/target/test-dir/MiniOzoneClusterImpl-aaa7dc72-7fbf-48e0-acc5-129182712624/ozone-meta/datanode-4/data-0/hdds/aaa7dc72-7fbf-48e0-acc5-129182712624/current/containerDir0/5 not found.
2025-07-14 15:00:18,123 [FixedThreadPoolWithAffinityExecutor-9-0] INFO  container.IncrementalContainerReportHandler (AbstractContainerReportHandler.java:updateContainerState(253)) - FINALIZE (i.e. CLOSING) Container #5 (OPEN, sid=0) r0 (UNHEALTHY, bcsid=2, origin=a505560f-c589-4eb5-89aa-a89970ae9358, non-empty) from dn a505560f-c589-4eb5-89aa-a89970ae9358(localhost/127.0.0.1)
2025-07-14 15:00:18,124 [pool-242-thread-1] WARN  ozoneimpl.OnDemandContainerScanner (OnDemandContainerScanner.java:performOnDemandScan(116)) - Unexpected exception while scanning container 5
org.apache.hadoop.hdds.scm.container.common.helpers.StorageContainerException: Failed to create tmp file for /home/runner/work/ozone/ozone/hadoop-ozone/integration-test/target/test-dir/MiniOzoneClusterImpl-aaa7dc72-7fbf-48e0-acc5-129182712624/ozone-meta/datanode-4/data-0/hdds/aaa7dc72-7fbf-48e0-acc5-129182712624/current/containerDir0/5/metadata/5.container: KeyValueContainerData #5 (UNHEALTHY, non-empty, ri=0, origin=[dn_a505560f-c589-4eb5-89aa-a89970ae9358, pipeline_6f4bc581-d89b-4f68-a5e7-42c16328b7c0])
	at org.apache.hadoop.ozone.container.keyvalue.KeyValueContainer.writeToContainerFile(KeyValueContainer.java:318)
	at org.apache.hadoop.ozone.container.keyvalue.KeyValueContainer.updateContainerFile(KeyValueContainer.java:337)
	at org.apache.hadoop.ozone.container.keyvalue.KeyValueContainer.updateContainerData(KeyValueContainer.java:484)
	at org.apache.hadoop.ozone.container.keyvalue.KeyValueContainer.updateDataScanTimestamp(KeyValueContainer.java:438)
	at org.apache.hadoop.ozone.container.ozoneimpl.ContainerController.updateDataScanTimestamp(ContainerController.java:283)
	at org.apache.hadoop.ozone.container.ozoneimpl.ContainerScanHelper.scanData(ContainerScanHelper.java:85)
	at org.apache.hadoop.ozone.container.ozoneimpl.OnDemandContainerScanner.performOnDemandScan(OnDemandContainerScanner.java:109)
	at org.apache.hadoop.ozone.container.ozoneimpl.OnDemandContainerScanner.lambda$scanContainer$0(OnDemandContainerScanner.java:90)
	at java.base/java.util.concurrent.Executors$RunnableAdapter.call(Executors.java:572)
	at java.base/java.util.concurrent.FutureTask.run(FutureTask.java:317)
	at java.base/java.util.concurrent.ThreadPoolExecutor.runWorker(ThreadPoolExecutor.java:1144)
	at java.base/java.util.concurrent.ThreadPoolExecutor$Worker.run(ThreadPoolExecutor.java:642)
	at java.base/java.lang.Thread.run(Thread.java:1583)
Caused by: java.io.IOException: No such file or directory
	at java.base/java.io.UnixFileSystem.createFileExclusively0(Native Method)
	at java.base/java.io.UnixFileSystem.createFileExclusively(UnixFileSystem.java:258)
	at java.base/java.io.File.createTempFile(File.java:2184)
	at org.apache.hadoop.ozone.container.keyvalue.KeyValueContainer.createTempFile(KeyValueContainer.java:907)
	at org.apache.hadoop.ozone.container.keyvalue.KeyValueContainer.writeToContainerFile(KeyValueContainer.java:300)
	... 12 more
2025-07-14 15:00:18,124 [EventQueue-CloseContainerForCloseContainerEventHandler] INFO  container.CloseContainerEventHandler (CloseContainerEventHandler.java:onMessage(88)) - Close container Event triggered for container : #5, current state: OPEN
2025-07-14T15:00:18.125614215Z a505560f-c589-4eb5-89aa-a89970ae9358-ChunkWriter-1-0 ERROR user=null | ip=null | op=WRITE_CHUNK {blockData=conID: 5 locID: 115816896921600005 bcsId: 2 replicaIndex: 0, offset=5, size=5, stage=WRITE_DATA} | ret=FAILURE
java.lang.Exception: Chunks directory /home/runner/work/ozone/ozone/hadoop-ozone/integration-test/target/test-dir/MiniOzoneClusterImpl-aaa7dc72-7fbf-48e0-acc5-129182712624/ozone-meta/datanode-4/data-0/hdds/aaa7dc72-7fbf-48e0-acc5-129182712624/current/containerDir0/5/chunks does not exist.
	at org.apache.hadoop.ozone.container.common.impl.HddsDispatcher.dispatchRequest(HddsDispatcher.java:439)
	at org.apache.hadoop.ozone.container.common.impl.HddsDispatcher.lambda$dispatch$1(HddsDispatcher.java:190)
	at org.apache.hadoop.hdds.server.OzoneProtocolMessageDispatcher.processRequest(OzoneProtocolMessageDispatcher.java:87)
	at org.apache.hadoop.ozone.container.common.impl.HddsDispatcher.dispatch(HddsDispatcher.java:189)
	at org.apache.hadoop.ozone.container.common.transport.server.ratis.ContainerStateMachine.dispatchCommand(ContainerStateMachine.java:567)
	at org.apache.hadoop.ozone.container.common.transport.server.ratis.ContainerStateMachine.lambda$writeStateMachineData$2(ContainerStateMachine.java:622)
	at java.base/java.util.concurrent.FutureTask.run(FutureTask.java:317)
	at java.base/java.util.concurrent.ThreadPoolExecutor.runWorker(ThreadPoolExecutor.java:1144)
	at java.base/java.util.concurrent.ThreadPoolExecutor$Worker.run(ThreadPoolExecutor.java:642)
	at java.base/java.lang.Thread.run(Thread.java:1583)
2025-07-14 15:00:18,125 [a505560f-c589-4eb5-89aa-a89970ae9358-ChunkWriter-1-0] ERROR ratis.ContainerStateMachine (ContainerStateMachine.java:handleCommandResult(662)) - group-42C16328B7C0: writeChunk writeStateMachineData failed: blockIdcontainerID: 5
localID: 115816896921600005
blockCommitSequenceId: 2
replicaIndex: 0
 logIndex 4 chunkName 115816896921600005_chunk_2 Error message: Chunks directory /home/runner/work/ozone/ozone/hadoop-ozone/integration-test/target/test-dir/MiniOzoneClusterImpl-aaa7dc72-7fbf-48e0-acc5-129182712624/ozone-meta/datanode-4/data-0/hdds/aaa7dc72-7fbf-48e0-acc5-129182712624/current/containerDir0/5/chunks does not exist. Container Result: UNABLE_TO_FIND_DATA_DIR
2025-07-14 15:00:18,126 [a505560f-c589-4eb5-89aa-a89970ae9358@group-42C16328B7C0-SegmentedRaftLogWorker] ERROR ratis.ContainerStateMachine (ContainerStateMachine.java:notifyLogFailed(1268)) - group-42C16328B7C0: (t:1, i:4) cmdType: WriteChunk traceID: "" containerID: 5 datanodeUuid: "a505560f-c589-4eb5-89aa-a89970ae9358" pipelineID: "6f4bc581-d89b-4f68-a5e7-42c16328b7c0" writeChunk { blockID { containerID: 5 localID: 115816896921600005 blockCommitSequenceId: 2 replicaIndex: 0 } chunkData { chunkName: "115816896921600005_chunk_2" offset: 5 len: 5 checksumData { type: CRC32 bytesPerChecksum: 16384 checksums: "\350a\3440" } } } version: 3, container path=/home/runner/work/ozone/ozone/hadoop-ozone/integration-test/target/test-dir/MiniOzoneClusterImpl-aaa7dc72-7fbf-48e0-acc5-129182712624/ozone-meta/datanode-4/data-0/hdds/aaa7dc72-7fbf-48e0-acc5-129182712624/current/containerDir0/5
org.apache.hadoop.hdds.scm.container.common.helpers.StorageContainerException: Chunks directory /home/runner/work/ozone/ozone/hadoop-ozone/integration-test/target/test-dir/MiniOzoneClusterImpl-aaa7dc72-7fbf-48e0-acc5-129182712624/ozone-meta/datanode-4/data-0/hdds/aaa7dc72-7fbf-48e0-acc5-129182712624/current/containerDir0/5/chunks does not exist.
	at org.apache.hadoop.ozone.container.common.transport.server.ratis.ContainerStateMachine.handleCommandResult(ContainerStateMachine.java:661)
	at org.apache.hadoop.ozone.container.common.transport.server.ratis.ContainerStateMachine.lambda$writeStateMachineData$2(ContainerStateMachine.java:623)
	at java.base/java.util.concurrent.FutureTask.run(FutureTask.java:317)
	at java.base/java.util.concurrent.ThreadPoolExecutor.runWorker(ThreadPoolExecutor.java:1144)
	at java.base/java.util.concurrent.ThreadPoolExecutor$Worker.run(ThreadPoolExecutor.java:642)
	at java.base/java.lang.Thread.run(Thread.java:1583)
2025-07-14 15:00:18,127 [a505560f-c589-4eb5-89aa-a89970ae9358@group-42C16328B7C0-SegmentedRaftLogWorker] WARN  ratis.XceiverServerRatis (XceiverServerRatis.java:triggerPipelineClose(758)) - pipeline Action CLOSE on pipeline Pipeline-6f4bc581-d89b-4f68-a5e7-42c16328b7c0.Reason : Chunks directory /home/runner/work/ozone/ozone/hadoop-ozone/integration-test/target/test-dir/MiniOzoneClusterImpl-aaa7dc72-7fbf-48e0-acc5-129182712624/ozone-meta/datanode-4/data-0/hdds/aaa7dc72-7fbf-48e0-acc5-129182712624/current/containerDir0/5/chunks does not exist.
2025-07-14 15:00:18,129 [EventQueue-PipelineActionsForPipelineActionHandler] INFO  pipeline.PipelineActionHandler (PipelineActionHandler.java:processPipelineAction(89)) - Received pipeline action CLOSE for Pipeline-6f4bc581-d89b-4f68-a5e7-42c16328b7c0 from datanode a505560f-c589-4eb5-89aa-a89970ae9358(localhost/127.0.0.1). Reason : Chunks directory /home/runner/work/ozone/ozone/hadoop-ozone/integration-test/target/test-dir/MiniOzoneClusterImpl-aaa7dc72-7fbf-48e0-acc5-129182712624/ozone-meta/datanode-4/data-0/hdds/aaa7dc72-7fbf-48e0-acc5-129182712624/current/containerDir0/5/chunks does not exist.
2025-07-14 15:00:18,129 [a505560f-c589-4eb5-89aa-a89970ae9358@group-42C16328B7C0-SegmentedRaftLogWorker] ERROR raftlog.RaftLog (RaftLogBase.java:lambda$appendImpl$3(197)) - a505560f-c589-4eb5-89aa-a89970ae9358@group-42C16328B7C0-SegmentedRaftLog: Failed to write log entry (t:1, i:4), STATEMACHINELOGENTRY, cmdType: WriteChunk traceID: "" containerID: 5 datanodeUuid: "a505560f-c589-4eb5-89aa-a89970ae9358" pipelineID: "6f4bc581-d89b-4f68-a5e7-42c16328b7c0" writeChunk { blockID { containerID: 5 localID: 115816896921600005 blockCommitSequenceId: 2 replicaIndex: 0 } chunkData { chunkName: "115816896921600005_chunk_2" offset: 5 len: 5 checksumData { type: CRC32 bytesPerChecksum: 16384 checksums: "\350a\3440" } } } version: 3, container path=/home/runner/work/ozone/ozone/hadoop-ozone/integration-test/target/test-dir/MiniOzoneClusterImpl-aaa7dc72-7fbf-48e0-acc5-129182712624/ozone-meta/datanode-4/data-0/hdds/aaa7dc72-7fbf-48e0-acc5-129182712624/current/containerDir0/5
org.apache.hadoop.hdds.scm.container.common.helpers.StorageContainerException: Chunks directory /home/runner/work/ozone/ozone/hadoop-ozone/integration-test/target/test-dir/MiniOzoneClusterImpl-aaa7dc72-7fbf-48e0-acc5-129182712624/ozone-meta/datanode-4/data-0/hdds/aaa7dc72-7fbf-48e0-acc5-129182712624/current/containerDir0/5/chunks does not exist.
	at org.apache.hadoop.ozone.container.common.transport.server.ratis.ContainerStateMachine.handleCommandResult(ContainerStateMachine.java:661)
	at org.apache.hadoop.ozone.container.common.transport.server.ratis.ContainerStateMachine.lambda$writeStateMachineData$2(ContainerStateMachine.java:623)
	at java.base/java.util.concurrent.FutureTask.run(FutureTask.java:317)
	at java.base/java.util.concurrent.ThreadPoolExecutor.runWorker(ThreadPoolExecutor.java:1144)
	at java.base/java.util.concurrent.ThreadPoolExecutor$Worker.run(ThreadPoolExecutor.java:642)
	at java.base/java.lang.Thread.run(Thread.java:1583)
2025-07-14 15:00:18,129 [a505560f-c589-4eb5-89aa-a89970ae9358@group-42C16328B7C0-cacheEviction-AwaitToRun] INFO  util.AwaitToRun (AwaitToRun.java:run(49)) - a505560f-c589-4eb5-89aa-a89970ae9358@group-42C16328B7C0-cacheEviction-AwaitToRun-AwaitForSignal is interrupted
2025-07-14 15:00:18,130 [EventQueue-PipelineActionsForPipelineActionHandler] INFO  pipeline.PipelineManagerImpl (PipelineManagerImpl.java:closeContainersForPipeline(489)) - Container #5 closed for pipeline=Pipeline-6f4bc581-d89b-4f68-a5e7-42c16328b7c0
2025-07-14 15:00:18,132 [EventQueue-CloseContainerForCloseContainerEventHandler] INFO  container.CloseContainerEventHandler (CloseContainerEventHandler.java:onMessage(88)) - Close container Event triggered for container : #5, current state: CLOSING
2025-07-14 15:00:18,133 [EventQueue-PipelineActionsForPipelineActionHandler] INFO  pipeline.PipelineManagerImpl (PipelineManagerImpl.java:closePipeline(511)) - Pipeline Pipeline-6f4bc581-d89b-4f68-a5e7-42c16328b7c0 moved to CLOSED state
2025-07-14 15:00:18,328 [EventQueue-PipelineActionsForPipelineActionHandler] INFO  pipeline.PipelineActionHandler (PipelineActionHandler.java:processPipelineAction(89)) - Received pipeline action CLOSE for Pipeline-6f4bc581-d89b-4f68-a5e7-42c16328b7c0 from datanode a505560f-c589-4eb5-89aa-a89970ae9358(localhost/127.0.0.1). Reason : Chunks directory /home/runner/work/ozone/ozone/hadoop-ozone/integration-test/target/test-dir/MiniOzoneClusterImpl-aaa7dc72-7fbf-48e0-acc5-129182712624/ozone-meta/datanode-4/data-0/hdds/aaa7dc72-7fbf-48e0-acc5-129182712624/current/containerDir0/5/chunks does not exist.
2025-07-14 15:00:18,528 [EventQueue-PipelineActionsForPipelineActionHandler] INFO  pipeline.PipelineActionHandler (PipelineActionHandler.java:processPipelineAction(89)) - Received pipeline action CLOSE for Pipeline-6f4bc581-d89b-4f68-a5e7-42c16328b7c0 from datanode a505560f-c589-4eb5-89aa-a89970ae9358(localhost/127.0.0.1). Reason : Chunks directory /home/runner/work/ozone/ozone/hadoop-ozone/integration-test/target/test-dir/MiniOzoneClusterImpl-aaa7dc72-7fbf-48e0-acc5-129182712624/ozone-meta/datanode-4/data-0/hdds/aaa7dc72-7fbf-48e0-acc5-129182712624/current/containerDir0/5/chunks does not exist.
2025-07-14 15:00:18,728 [EventQueue-PipelineActionsForPipelineActionHandler] INFO  pipeline.PipelineActionHandler (PipelineActionHandler.java:processPipelineAction(89)) - Received pipeline action CLOSE for Pipeline-6f4bc581-d89b-4f68-a5e7-42c16328b7c0 from datanode a505560f-c589-4eb5-89aa-a89970ae9358(localhost/127.0.0.1). Reason : Chunks directory /home/runner/work/ozone/ozone/hadoop-ozone/integration-test/target/test-dir/MiniOzoneClusterImpl-aaa7dc72-7fbf-48e0-acc5-129182712624/ozone-meta/datanode-4/data-0/hdds/aaa7dc72-7fbf-48e0-acc5-129182712624/current/containerDir0/5/chunks does not exist.
2025-07-14 15:00:18,929 [EventQueue-PipelineActionsForPipelineActionHandler] INFO  pipeline.PipelineActionHandler (PipelineActionHandler.java:processPipelineAction(89)) - Received pipeline action CLOSE for Pipeline-6f4bc581-d89b-4f68-a5e7-42c16328b7c0 from datanode a505560f-c589-4eb5-89aa-a89970ae9358(localhost/127.0.0.1). Reason : Chunks directory /home/runner/work/ozone/ozone/hadoop-ozone/integration-test/target/test-dir/MiniOzoneClusterImpl-aaa7dc72-7fbf-48e0-acc5-129182712624/ozone-meta/datanode-4/data-0/hdds/aaa7dc72-7fbf-48e0-acc5-129182712624/current/containerDir0/5/chunks does not exist.
2025-07-14 15:00:19,129 [EventQueue-PipelineActionsForPipelineActionHandler] INFO  pipeline.PipelineActionHandler (PipelineActionHandler.java:processPipelineAction(89)) - Received pipeline action CLOSE for Pipeline-6f4bc581-d89b-4f68-a5e7-42c16328b7c0 from datanode a505560f-c589-4eb5-89aa-a89970ae9358(localhost/127.0.0.1). Reason : Chunks directory /home/runner/work/ozone/ozone/hadoop-ozone/integration-test/target/test-dir/MiniOzoneClusterImpl-aaa7dc72-7fbf-48e0-acc5-129182712624/ozone-meta/datanode-4/data-0/hdds/aaa7dc72-7fbf-48e0-acc5-129182712624/current/containerDir0/5/chunks does not exist.
2025-07-14 15:00:19,329 [EventQueue-PipelineActionsForPipelineActionHandler] INFO  pipeline.PipelineActionHandler (PipelineActionHandler.java:processPipelineAction(89)) - Received pipeline action CLOSE for Pipeline-6f4bc581-d89b-4f68-a5e7-42c16328b7c0 from datanode a505560f-c589-4eb5-89aa-a89970ae9358(localhost/127.0.0.1). Reason : Chunks directory /home/runner/work/ozone/ozone/hadoop-ozone/integration-test/target/test-dir/MiniOzoneClusterImpl-aaa7dc72-7fbf-48e0-acc5-129182712624/ozone-meta/datanode-4/data-0/hdds/aaa7dc72-7fbf-48e0-acc5-129182712624/current/containerDir0/5/chunks does not exist.
2025-07-14 15:00:19,529 [EventQueue-PipelineActionsForPipelineActionHandler] INFO  pipeline.PipelineActionHandler (PipelineActionHandler.java:processPipelineAction(89)) - Received pipeline action CLOSE for Pipeline-6f4bc581-d89b-4f68-a5e7-42c16328b7c0 from datanode a505560f-c589-4eb5-89aa-a89970ae9358(localhost/127.0.0.1). Reason : Chunks directory /home/runner/work/ozone/ozone/hadoop-ozone/integration-test/target/test-dir/MiniOzoneClusterImpl-aaa7dc72-7fbf-48e0-acc5-129182712624/ozone-meta/datanode-4/data-0/hdds/aaa7dc72-7fbf-48e0-acc5-129182712624/current/containerDir0/5/chunks does not exist.
2025-07-14 15:00:19,730 [EventQueue-PipelineActionsForPipelineActionHandler] INFO  pipeline.PipelineActionHandler (PipelineActionHandler.java:processPipelineAction(89)) - Received pipeline action CLOSE for Pipeline-6f4bc581-d89b-4f68-a5e7-42c16328b7c0 from datanode a505560f-c589-4eb5-89aa-a89970ae9358(localhost/127.0.0.1). Reason : Chunks directory /home/runner/work/ozone/ozone/hadoop-ozone/integration-test/target/test-dir/MiniOzoneClusterImpl-aaa7dc72-7fbf-48e0-acc5-129182712624/ozone-meta/datanode-4/data-0/hdds/aaa7dc72-7fbf-48e0-acc5-129182712624/current/containerDir0/5/chunks does not exist.
2025-07-14 15:00:19,929 [EventQueue-PipelineActionsForPipelineActionHandler] INFO  pipeline.PipelineActionHandler (PipelineActionHandler.java:processPipelineAction(89)) - Received pipeline action CLOSE for Pipeline-6f4bc581-d89b-4f68-a5e7-42c16328b7c0 from datanode a505560f-c589-4eb5-89aa-a89970ae9358(localhost/127.0.0.1). Reason : Chunks directory /home/runner/work/ozone/ozone/hadoop-ozone/integration-test/target/test-dir/MiniOzoneClusterImpl-aaa7dc72-7fbf-48e0-acc5-129182712624/ozone-meta/datanode-4/data-0/hdds/aaa7dc72-7fbf-48e0-acc5-129182712624/current/containerDir0/5/chunks does not exist.
2025-07-14 15:00:19,947 [a505560f-c589-4eb5-89aa-a89970ae9358@group-66EA1A40B3A7-StateMachineUpdater] INFO  ratis.ContainerStateMachine (ContainerStateMachine.java:takeSnapshot(427)) - group-66EA1A40B3A7: Taking a snapshot at:(t:1, i:10) file /home/runner/work/ozone/ozone/hadoop-ozone/integration-test/target/test-dir/MiniOzoneClusterImpl-aaa7dc72-7fbf-48e0-acc5-129182712624/ozone-meta/datanode-4/ratis/a63a7d38-be8c-449b-928f-66ea1a40b3a7/sm/snapshot.1_10
2025-07-14 15:00:19,947 [77d16558-8a68-4655-9235-107e22ba3c38@group-66EA1A40B3A7-StateMachineUpdater] INFO  ratis.ContainerStateMachine (ContainerStateMachine.java:takeSnapshot(427)) - group-66EA1A40B3A7: Taking a snapshot at:(t:1, i:10) file /home/runner/work/ozone/ozone/hadoop-ozone/integration-test/target/test-dir/MiniOzoneClusterImpl-aaa7dc72-7fbf-48e0-acc5-129182712624/ozone-meta/datanode-5/ratis/a63a7d38-be8c-449b-928f-66ea1a40b3a7/sm/snapshot.1_10
2025-07-14 15:00:19,948 [77d16558-8a68-4655-9235-107e22ba3c38@group-66EA1A40B3A7-StateMachineUpdater] INFO  ratis.ContainerStateMachine (ContainerStateMachine.java:takeSnapshot(436)) - group-66EA1A40B3A7: Finished taking a snapshot at:(t:1, i:10) file:/home/runner/work/ozone/ozone/hadoop-ozone/integration-test/target/test-dir/MiniOzoneClusterImpl-aaa7dc72-7fbf-48e0-acc5-129182712624/ozone-meta/datanode-5/ratis/a63a7d38-be8c-449b-928f-66ea1a40b3a7/sm/snapshot.1_10 took: 1 ms
2025-07-14 15:00:19,948 [a505560f-c589-4eb5-89aa-a89970ae9358@group-66EA1A40B3A7-StateMachineUpdater] INFO  ratis.ContainerStateMachine (ContainerStateMachine.java:takeSnapshot(436)) - group-66EA1A40B3A7: Finished taking a snapshot at:(t:1, i:10) file:/home/runner/work/ozone/ozone/hadoop-ozone/integration-test/target/test-dir/MiniOzoneClusterImpl-aaa7dc72-7fbf-48e0-acc5-129182712624/ozone-meta/datanode-4/ratis/a63a7d38-be8c-449b-928f-66ea1a40b3a7/sm/snapshot.1_10 took: 1 ms
2025-07-14 15:00:19,948 [a505560f-c589-4eb5-89aa-a89970ae9358@group-66EA1A40B3A7-StateMachineUpdater] INFO  impl.SimpleStateMachineStorage (SimpleStateMachineStorage.java:lambda$cleanupOldSnapshots$1(126)) - Deleting old snapshot at /home/runner/work/ozone/ozone/hadoop-ozone/integration-test/target/test-dir/MiniOzoneClusterImpl-aaa7dc72-7fbf-48e0-acc5-129182712624/ozone-meta/datanode-4/ratis/a63a7d38-be8c-449b-928f-66ea1a40b3a7/sm/snapshot.1_0
2025-07-14 15:00:19,948 [77d16558-8a68-4655-9235-107e22ba3c38@group-66EA1A40B3A7-StateMachineUpdater] INFO  impl.SimpleStateMachineStorage (SimpleStateMachineStorage.java:lambda$cleanupOldSnapshots$1(126)) - Deleting old snapshot at /home/runner/work/ozone/ozone/hadoop-ozone/integration-test/target/test-dir/MiniOzoneClusterImpl-aaa7dc72-7fbf-48e0-acc5-129182712624/ozone-meta/datanode-5/ratis/a63a7d38-be8c-449b-928f-66ea1a40b3a7/sm/snapshot.1_0
2025-07-14 15:00:19,948 [a505560f-c589-4eb5-89aa-a89970ae9358@group-66EA1A40B3A7-StateMachineUpdater] INFO  impl.StateMachineUpdater (StateMachineUpdater.java:takeSnapshot(307)) - a505560f-c589-4eb5-89aa-a89970ae9358@group-66EA1A40B3A7-StateMachineUpdater: Took a snapshot at index 10
2025-07-14 15:00:19,948 [a505560f-c589-4eb5-89aa-a89970ae9358@group-66EA1A40B3A7-StateMachineUpdater] INFO  impl.StateMachineUpdater (StateMachineUpdater.java:lambda$new$0(101)) - a505560f-c589-4eb5-89aa-a89970ae9358@group-66EA1A40B3A7-StateMachineUpdater: snapshotIndex: updateIncreasingly 8 -> 10
2025-07-14 15:00:19,948 [77d16558-8a68-4655-9235-107e22ba3c38@group-66EA1A40B3A7-StateMachineUpdater] INFO  impl.StateMachineUpdater (StateMachineUpdater.java:takeSnapshot(307)) - 77d16558-8a68-4655-9235-107e22ba3c38@group-66EA1A40B3A7-StateMachineUpdater: Took a snapshot at index 10
2025-07-14 15:00:19,949 [77d16558-8a68-4655-9235-107e22ba3c38@group-66EA1A40B3A7-StateMachineUpdater] INFO  impl.StateMachineUpdater (StateMachineUpdater.java:lambda$new$0(101)) - 77d16558-8a68-4655-9235-107e22ba3c38@group-66EA1A40B3A7-StateMachineUpdater: snapshotIndex: updateIncreasingly 8 -> 10
2025-07-14 15:00:20,130 [EventQueue-PipelineActionsForPipelineActionHandler] INFO  pipeline.PipelineActionHandler (PipelineActionHandler.java:processPipelineAction(89)) - Received pipeline action CLOSE for Pipeline-6f4bc581-d89b-4f68-a5e7-42c16328b7c0 from datanode a505560f-c589-4eb5-89aa-a89970ae9358(localhost/127.0.0.1). Reason : Chunks directory /home/runner/work/ozone/ozone/hadoop-ozone/integration-test/target/test-dir/MiniOzoneClusterImpl-aaa7dc72-7fbf-48e0-acc5-129182712624/ozone-meta/datanode-4/data-0/hdds/aaa7dc72-7fbf-48e0-acc5-129182712624/current/containerDir0/5/chunks does not exist.
2025-07-14 15:00:20,330 [EventQueue-PipelineActionsForPipelineActionHandler] INFO  pipeline.PipelineActionHandler (PipelineActionHandler.java:processPipelineAction(89)) - Received pipeline action CLOSE for Pipeline-6f4bc581-d89b-4f68-a5e7-42c16328b7c0 from datanode a505560f-c589-4eb5-89aa-a89970ae9358(localhost/127.0.0.1). Reason : Chunks directory /home/runner/work/ozone/ozone/hadoop-ozone/integration-test/target/test-dir/MiniOzoneClusterImpl-aaa7dc72-7fbf-48e0-acc5-129182712624/ozone-meta/datanode-4/data-0/hdds/aaa7dc72-7fbf-48e0-acc5-129182712624/current/containerDir0/5/chunks does not exist.
2025-07-14 15:00:20,531 [EventQueue-PipelineActionsForPipelineActionHandler] INFO  pipeline.PipelineActionHandler (PipelineActionHandler.java:processPipelineAction(89)) - Received pipeline action CLOSE for Pipeline-6f4bc581-d89b-4f68-a5e7-42c16328b7c0 from datanode a505560f-c589-4eb5-89aa-a89970ae9358(localhost/127.0.0.1). Reason : Chunks directory /home/runner/work/ozone/ozone/hadoop-ozone/integration-test/target/test-dir/MiniOzoneClusterImpl-aaa7dc72-7fbf-48e0-acc5-129182712624/ozone-meta/datanode-4/data-0/hdds/aaa7dc72-7fbf-48e0-acc5-129182712624/current/containerDir0/5/chunks does not exist.
2025-07-14 15:00:20,732 [EventQueue-PipelineActionsForPipelineActionHandler] INFO  pipeline.PipelineActionHandler (PipelineActionHandler.java:processPipelineAction(89)) - Received pipeline action CLOSE for Pipeline-6f4bc581-d89b-4f68-a5e7-42c16328b7c0 from datanode a505560f-c589-4eb5-89aa-a89970ae9358(localhost/127.0.0.1). Reason : Chunks directory /home/runner/work/ozone/ozone/hadoop-ozone/integration-test/target/test-dir/MiniOzoneClusterImpl-aaa7dc72-7fbf-48e0-acc5-129182712624/ozone-meta/datanode-4/data-0/hdds/aaa7dc72-7fbf-48e0-acc5-129182712624/current/containerDir0/5/chunks does not exist.
2025-07-14 15:00:20,931 [EventQueue-PipelineActionsForPipelineActionHandler] INFO  pipeline.PipelineActionHandler (PipelineActionHandler.java:processPipelineAction(89)) - Received pipeline action CLOSE for Pipeline-6f4bc581-d89b-4f68-a5e7-42c16328b7c0 from datanode a505560f-c589-4eb5-89aa-a89970ae9358(localhost/127.0.0.1). Reason : Chunks directory /home/runner/work/ozone/ozone/hadoop-ozone/integration-test/target/test-dir/MiniOzoneClusterImpl-aaa7dc72-7fbf-48e0-acc5-129182712624/ozone-meta/datanode-4/data-0/hdds/aaa7dc72-7fbf-48e0-acc5-129182712624/current/containerDir0/5/chunks does not exist.
2025-07-14 15:00:21,117 [timer5] ERROR impl.OrderedAsync (OrderedAsync.java:lambda$null$6(215)) -  client-0F1E48465E24: Failed* RaftClientRequest:client-0F1E48465E24->a505560f-c589-4eb5-89aa-a89970ae9358@group-42C16328B7C0, cid=149, seq=4, RW, cmdType: WriteChunk
traceID: ""
containerID: 5
datanodeUuid: "a505560f-c589-4eb5-89aa-a89970ae9358"
writeChunk {
  blockID {
    containerID: 5
    localID: 115816896921600005
    blockCommitSequenceId: 2
    replicaIndex: 0
  }
  chunkData {
    chunkName: "115816896921600005_chunk_2"
    offset: 5
    len: 5
    checksumData {
      type: CRC32
      bytesPerChecksum: 16384
      checksums: "\350a\3440"
    }
  }
}
version: 3
, data.size=5
java.util.concurrent.CompletionException: org.apache.ratis.protocol.exceptions.TimeoutIOException: client-0F1E48465E24->a505560f-c589-4eb5-89aa-a89970ae9358 request #149 timeout 3000ms
	at java.base/java.util.concurrent.CompletableFuture.encodeThrowable(CompletableFuture.java:332)
	at java.base/java.util.concurrent.CompletableFuture.completeThrowable(CompletableFuture.java:347)
	at java.base/java.util.concurrent.CompletableFuture$UniAccept.tryFire(CompletableFuture.java:708)
	at java.base/java.util.concurrent.CompletableFuture.postComplete(CompletableFuture.java:510)
	at java.base/java.util.concurrent.CompletableFuture.completeExceptionally(CompletableFuture.java:2194)
	at org.apache.ratis.grpc.client.GrpcClientProtocolClient$AsyncStreamObservers.lambda$timeoutCheck$5(GrpcClientProtocolClient.java:376)
	at java.base/java.util.Optional.ifPresent(Optional.java:178)
	at org.apache.ratis.grpc.client.GrpcClientProtocolClient$AsyncStreamObservers.handleReplyFuture(GrpcClientProtocolClient.java:381)
	at org.apache.ratis.grpc.client.GrpcClientProtocolClient$AsyncStreamObservers.timeoutCheck(GrpcClientProtocolClient.java:376)
	at org.apache.ratis.grpc.client.GrpcClientProtocolClient$AsyncStreamObservers.lambda$onNext$3(GrpcClientProtocolClient.java:369)
	at org.apache.ratis.util.TimeoutTimer.lambda$onTimeout$2(TimeoutTimer.java:101)
	at org.apache.ratis.util.LogUtils.runAndLog(LogUtils.java:38)
	at org.apache.ratis.util.LogUtils$1.run(LogUtils.java:78)
	at org.apache.ratis.util.TimeoutTimer$Task.run(TimeoutTimer.java:55)
	at java.base/java.util.TimerThread.mainLoop(Timer.java:566)
	at java.base/java.util.TimerThread.run(Timer.java:516)
Caused by: org.apache.ratis.protocol.exceptions.TimeoutIOException: client-0F1E48465E24->a505560f-c589-4eb5-89aa-a89970ae9358 request #149 timeout 3000ms
	at org.apache.ratis.grpc.client.GrpcClientProtocolClient$AsyncStreamObservers.lambda$timeoutCheck$5(GrpcClientProtocolClient.java:377)
	... 10 more
2025-07-14 15:00:21,118 [timer6] ERROR impl.OrderedAsync (OrderedAsync.java:lambda$null$6(215)) -  client-0F1E48465E24: Failed* RaftClientRequest:client-0F1E48465E24->a505560f-c589-4eb5-89aa-a89970ae9358@group-42C16328B7C0, cid=150, seq=5, RW, cmdType: PutBlock
traceID: ""
containerID: 5
datanodeUuid: "a505560f-c589-4eb5-89aa-a89970ae9358"
putBlock {
  blockData {
    blockID {
      containerID: 5
      localID: 115816896921600005
      blockCommitSequenceId: 0
    }
    metadata {
      key: "TYPE"
      value: "KEY"
    }
    chunks {
      chunkName: "115816896921600005_chunk_1"
      offset: 0
      len: 5
      checksumData {
        type: CRC32
        bytesPerChecksum: 16384
        checksums: "\350a\3440"
      }
    }
    chunks {
      chunkName: "115816896921600005_chunk_2"
      offset: 5
      len: 5
      checksumData {
        type: CRC32
        bytesPerChecksum: 16384
        checksums: "\350a\3440"
      }
    }
  }
  eof: true
}
version: 3
, data.size=0
java.util.concurrent.CompletionException: org.apache.ratis.protocol.exceptions.TimeoutIOException: client-0F1E48465E24->a505560f-c589-4eb5-89aa-a89970ae9358 request #150 timeout 3000ms
	at java.base/java.util.concurrent.CompletableFuture.encodeThrowable(CompletableFuture.java:332)
	at java.base/java.util.concurrent.CompletableFuture.completeThrowable(CompletableFuture.java:347)
	at java.base/java.util.concurrent.CompletableFuture$UniAccept.tryFire(CompletableFuture.java:708)
	at java.base/java.util.concurrent.CompletableFuture.postComplete(CompletableFuture.java:510)
	at java.base/java.util.concurrent.CompletableFuture.completeExceptionally(CompletableFuture.java:2194)
	at org.apache.ratis.grpc.client.GrpcClientProtocolClient$AsyncStreamObservers.lambda$timeoutCheck$5(GrpcClientProtocolClient.java:376)
	at java.base/java.util.Optional.ifPresent(Optional.java:178)
	at org.apache.ratis.grpc.client.GrpcClientProtocolClient$AsyncStreamObservers.handleReplyFuture(GrpcClientProtocolClient.java:381)
	at org.apache.ratis.grpc.client.GrpcClientProtocolClient$AsyncStreamObservers.timeoutCheck(GrpcClientProtocolClient.java:376)
	at org.apache.ratis.grpc.client.GrpcClientProtocolClient$AsyncStreamObservers.lambda$onNext$3(GrpcClientProtocolClient.java:369)
	at org.apache.ratis.util.TimeoutTimer.lambda$onTimeout$2(TimeoutTimer.java:101)
	at org.apache.ratis.util.LogUtils.runAndLog(LogUtils.java:38)
	at org.apache.ratis.util.LogUtils$1.run(LogUtils.java:78)
	at org.apache.ratis.util.TimeoutTimer$Task.run(TimeoutTimer.java:55)
	at java.base/java.util.TimerThread.mainLoop(Timer.java:566)
	at java.base/java.util.TimerThread.run(Timer.java:516)
Caused by: org.apache.ratis.protocol.exceptions.TimeoutIOException: client-0F1E48465E24->a505560f-c589-4eb5-89aa-a89970ae9358 request #150 timeout 3000ms
	at org.apache.ratis.grpc.client.GrpcClientProtocolClient$AsyncStreamObservers.lambda$timeoutCheck$5(GrpcClientProtocolClient.java:377)
	... 10 more
2025-07-14 15:00:21,130 [a505560f-c589-4eb5-89aa-a89970ae9358@group-42C16328B7C0-SegmentedRaftLogWorker] WARN  segmented.SegmentedRaftLogWorker (SegmentedRaftLogWorker.java:lambda$close$3(251)) - a505560f-c589-4eb5-89aa-a89970ae9358@group-42C16328B7C0-SegmentedRaftLogWorker: shutdown timeout in 3s
2025-07-14 15:00:21,131 [a505560f-c589-4eb5-89aa-a89970ae9358@group-42C16328B7C0-SegmentedRaftLogWorker] INFO  segmented.SegmentedRaftLogWorker (SegmentedRaftLogWorker.java:close(254)) - a505560f-c589-4eb5-89aa-a89970ae9358@group-42C16328B7C0-SegmentedRaftLogWorker close()
2025-07-14 15:00:21,132 [EventQueue-PipelineActionsForPipelineActionHandler] INFO  pipeline.PipelineActionHandler (PipelineActionHandler.java:processPipelineAction(89)) - Received pipeline action CLOSE for Pipeline-6f4bc581-d89b-4f68-a5e7-42c16328b7c0 from datanode a505560f-c589-4eb5-89aa-a89970ae9358(localhost/127.0.0.1). Reason : Chunks directory /home/runner/work/ozone/ozone/hadoop-ozone/integration-test/target/test-dir/MiniOzoneClusterImpl-aaa7dc72-7fbf-48e0-acc5-129182712624/ozone-meta/datanode-4/data-0/hdds/aaa7dc72-7fbf-48e0-acc5-129182712624/current/containerDir0/5/chunks does not exist.
2025-07-14 15:00:21,331 [EventQueue-PipelineActionsForPipelineActionHandler] INFO  pipeline.PipelineActionHandler (PipelineActionHandler.java:processPipelineAction(89)) - Received pipeline action CLOSE for Pipeline-6f4bc581-d89b-4f68-a5e7-42c16328b7c0 from datanode a505560f-c589-4eb5-89aa-a89970ae9358(localhost/127.0.0.1). Reason : Chunks directory /home/runner/work/ozone/ozone/hadoop-ozone/integration-test/target/test-dir/MiniOzoneClusterImpl-aaa7dc72-7fbf-48e0-acc5-129182712624/ozone-meta/datanode-4/data-0/hdds/aaa7dc72-7fbf-48e0-acc5-129182712624/current/containerDir0/5/chunks does not exist.
2025-07-14 15:00:21,531 [EventQueue-PipelineActionsForPipelineActionHandler] INFO  pipeline.PipelineActionHandler (PipelineActionHandler.java:processPipelineAction(89)) - Received pipeline action CLOSE for Pipeline-6f4bc581-d89b-4f68-a5e7-42c16328b7c0 from datanode a505560f-c589-4eb5-89aa-a89970ae9358(localhost/127.0.0.1). Reason : Chunks directory /home/runner/work/ozone/ozone/hadoop-ozone/integration-test/target/test-dir/MiniOzoneClusterImpl-aaa7dc72-7fbf-48e0-acc5-129182712624/ozone-meta/datanode-4/data-0/hdds/aaa7dc72-7fbf-48e0-acc5-129182712624/current/containerDir0/5/chunks does not exist.
2025-07-14 15:00:21,731 [EventQueue-PipelineActionsForPipelineActionHandler] INFO  pipeline.PipelineActionHandler (PipelineActionHandler.java:processPipelineAction(89)) - Received pipeline action CLOSE for Pipeline-6f4bc581-d89b-4f68-a5e7-42c16328b7c0 from datanode a505560f-c589-4eb5-89aa-a89970ae9358(localhost/127.0.0.1). Reason : Chunks directory /home/runner/work/ozone/ozone/hadoop-ozone/integration-test/target/test-dir/MiniOzoneClusterImpl-aaa7dc72-7fbf-48e0-acc5-129182712624/ozone-meta/datanode-4/data-0/hdds/aaa7dc72-7fbf-48e0-acc5-129182712624/current/containerDir0/5/chunks does not exist.
2025-07-14 15:00:21,931 [EventQueue-PipelineActionsForPipelineActionHandler] INFO  pipeline.PipelineActionHandler (PipelineActionHandler.java:processPipelineAction(89)) - Received pipeline action CLOSE for Pipeline-6f4bc581-d89b-4f68-a5e7-42c16328b7c0 from datanode a505560f-c589-4eb5-89aa-a89970ae9358(localhost/127.0.0.1). Reason : Chunks directory /home/runner/work/ozone/ozone/hadoop-ozone/integration-test/target/test-dir/MiniOzoneClusterImpl-aaa7dc72-7fbf-48e0-acc5-129182712624/ozone-meta/datanode-4/data-0/hdds/aaa7dc72-7fbf-48e0-acc5-129182712624/current/containerDir0/5/chunks does not exist.
2025-07-14 15:00:22,131 [EventQueue-PipelineActionsForPipelineActionHandler] INFO  pipeline.PipelineActionHandler (PipelineActionHandler.java:processPipelineAction(89)) - Received pipeline action CLOSE for Pipeline-6f4bc581-d89b-4f68-a5e7-42c16328b7c0 from datanode a505560f-c589-4eb5-89aa-a89970ae9358(localhost/127.0.0.1). Reason : Chunks directory /home/runner/work/ozone/ozone/hadoop-ozone/integration-test/target/test-dir/MiniOzoneClusterImpl-aaa7dc72-7fbf-48e0-acc5-129182712624/ozone-meta/datanode-4/data-0/hdds/aaa7dc72-7fbf-48e0-acc5-129182712624/current/containerDir0/5/chunks does not exist.
2025-07-14 15:00:22,331 [EventQueue-PipelineActionsForPipelineActionHandler] INFO  pipeline.PipelineActionHandler (PipelineActionHandler.java:processPipelineAction(89)) - Received pipeline action CLOSE for Pipeline-6f4bc581-d89b-4f68-a5e7-42c16328b7c0 from datanode a505560f-c589-4eb5-89aa-a89970ae9358(localhost/127.0.0.1). Reason : Chunks directory /home/runner/work/ozone/ozone/hadoop-ozone/integration-test/target/test-dir/MiniOzoneClusterImpl-aaa7dc72-7fbf-48e0-acc5-129182712624/ozone-meta/datanode-4/data-0/hdds/aaa7dc72-7fbf-48e0-acc5-129182712624/current/containerDir0/5/chunks does not exist.
2025-07-14 15:00:22,531 [EventQueue-PipelineActionsForPipelineActionHandler] INFO  pipeline.PipelineActionHandler (PipelineActionHandler.java:processPipelineAction(89)) - Received pipeline action CLOSE for Pipeline-6f4bc581-d89b-4f68-a5e7-42c16328b7c0 from datanode a505560f-c589-4eb5-89aa-a89970ae9358(localhost/127.0.0.1). Reason : Chunks directory /home/runner/work/ozone/ozone/hadoop-ozone/integration-test/target/test-dir/MiniOzoneClusterImpl-aaa7dc72-7fbf-48e0-acc5-129182712624/ozone-meta/datanode-4/data-0/hdds/aaa7dc72-7fbf-48e0-acc5-129182712624/current/containerDir0/5/chunks does not exist.
2025-07-14 15:00:22,732 [EventQueue-PipelineActionsForPipelineActionHandler] INFO  pipeline.PipelineActionHandler (PipelineActionHandler.java:processPipelineAction(89)) - Received pipeline action CLOSE for Pipeline-6f4bc581-d89b-4f68-a5e7-42c16328b7c0 from datanode a505560f-c589-4eb5-89aa-a89970ae9358(localhost/127.0.0.1). Reason : Chunks directory /home/runner/work/ozone/ozone/hadoop-ozone/integration-test/target/test-dir/MiniOzoneClusterImpl-aaa7dc72-7fbf-48e0-acc5-129182712624/ozone-meta/datanode-4/data-0/hdds/aaa7dc72-7fbf-48e0-acc5-129182712624/current/containerDir0/5/chunks does not exist.
2025-07-14 15:00:22,932 [EventQueue-PipelineActionsForPipelineActionHandler] INFO  pipeline.PipelineActionHandler (PipelineActionHandler.java:processPipelineAction(89)) - Received pipeline action CLOSE for Pipeline-6f4bc581-d89b-4f68-a5e7-42c16328b7c0 from datanode a505560f-c589-4eb5-89aa-a89970ae9358(localhost/127.0.0.1). Reason : Chunks directory /home/runner/work/ozone/ozone/hadoop-ozone/integration-test/target/test-dir/MiniOzoneClusterImpl-aaa7dc72-7fbf-48e0-acc5-129182712624/ozone-meta/datanode-4/data-0/hdds/aaa7dc72-7fbf-48e0-acc5-129182712624/current/containerDir0/5/chunks does not exist.
2025-07-14 15:00:23,133 [EventQueue-PipelineActionsForPipelineActionHandler] INFO  pipeline.PipelineActionHandler (PipelineActionHandler.java:processPipelineAction(89)) - Received pipeline action CLOSE for Pipeline-6f4bc581-d89b-4f68-a5e7-42c16328b7c0 from datanode a505560f-c589-4eb5-89aa-a89970ae9358(localhost/127.0.0.1). Reason : Chunks directory /home/runner/work/ozone/ozone/hadoop-ozone/integration-test/target/test-dir/MiniOzoneClusterImpl-aaa7dc72-7fbf-48e0-acc5-129182712624/ozone-meta/datanode-4/data-0/hdds/aaa7dc72-7fbf-48e0-acc5-129182712624/current/containerDir0/5/chunks does not exist.
2025-07-14 15:00:23,313 [a505560f-c589-4eb5-89aa-a89970ae9358@group-42C16328B7C0-LeaderStateImpl] ERROR util.ExitUtils (ExitUtils.java:terminate(133)) - Terminating with exit status -1: Thread[#1345,a505560f-c589-4eb5-89aa-a89970ae9358@group-42C16328B7C0-LeaderStateImpl,5,a505560f-c589-4eb5-89aa-a89970ae9358@group-42C16328B7C0] has thrown an uncaught exception
java.lang.IllegalStateException: a505560f-c589-4eb5-89aa-a89970ae9358@group-42C16328B7C0-SegmentedRaftLog is expected to be opened but it is CLOSED
	at org.apache.ratis.util.OpenCloseState.assertOpen(OpenCloseState.java:63)
	at org.apache.ratis.server.raftlog.RaftLogBase.checkLogState(RaftLogBase.java:112)
	at org.apache.ratis.server.raftlog.segmented.SegmentedRaftLog.getLastEntryTermIndex(SegmentedRaftLog.java:356)
	at org.apache.ratis.server.impl.ServerState.getLastEntry(ServerState.java:310)
	at org.apache.ratis.server.impl.LeaderStateImpl.checkPeersForYieldingLeader(LeaderStateImpl.java:1081)
	at org.apache.ratis.server.impl.LeaderStateImpl.access$800(LeaderStateImpl.java:101)
	at org.apache.ratis.server.impl.LeaderStateImpl$EventProcessor.run(LeaderStateImpl.java:769)
Caused by: org.apache.ratis.util.OpenCloseState$CloseTrace: Close a505560f-c589-4eb5-89aa-a89970ae9358@group-42C16328B7C0-SegmentedRaftLog
	at org.apache.ratis.util.OpenCloseState.lambda$close$1(OpenCloseState.java:109)
	at java.base/java.util.concurrent.atomic.AtomicReference.getAndUpdate(AtomicReference.java:188)
	at org.apache.ratis.util.OpenCloseState.close(OpenCloseState.java:109)
	at org.apache.ratis.server.raftlog.RaftLogBase.close(RaftLogBase.java:393)
	at org.apache.ratis.server.raftlog.segmented.SegmentedRaftLog.close(SegmentedRaftLog.java:528)
	at org.apache.ratis.server.raftlog.RaftLogBase.lambda$appendImpl$3(RaftLogBase.java:206)
	at java.base/java.util.concurrent.CompletableFuture.uniWhenComplete(CompletableFuture.java:863)
	at java.base/java.util.concurrent.CompletableFuture$UniWhenComplete.tryFire(CompletableFuture.java:841)
	at java.base/java.util.concurrent.CompletableFuture.postComplete(CompletableFuture.java:510)
	at java.base/java.util.concurrent.CompletableFuture.completeExceptionally(CompletableFuture.java:2194)
	at org.apache.ratis.server.raftlog.segmented.SegmentedRaftLog$Task.failed(SegmentedRaftLog.java:109)
	at org.apache.ratis.server.raftlog.segmented.SegmentedRaftLogWorker$WriteLog.failed(SegmentedRaftLogWorker.java:530)
	at org.apache.ratis.server.raftlog.segmented.SegmentedRaftLogWorker.run(SegmentedRaftLogWorker.java:326)
	at java.base/java.util.concurrent.Executors$RunnableAdapter.call(Executors.java:572)
	at java.base/java.util.concurrent.FutureTask.run(FutureTask.java:317)
	at java.base/java.util.concurrent.ThreadPoolExecutor.runWorker(ThreadPoolExecutor.java:1144)
	at java.base/java.util.concurrent.ThreadPoolExecutor$Worker.run(ThreadPoolExecutor.java:642)
	at java.base/java.lang.Thread.run(Thread.java:1583)
2025-07-14 15:00:23,333 [EventQueue-PipelineActionsForPipelineActionHandler] INFO  pipeline.PipelineActionHandler (PipelineActionHandler.java:processPipelineAction(89)) - Received pipeline action CLOSE for Pipeline-6f4bc581-d89b-4f68-a5e7-42c16328b7c0 from datanode a505560f-c589-4eb5-89aa-a89970ae9358(localhost/127.0.0.1). Reason : Chunks directory /home/runner/work/ozone/ozone/hadoop-ozone/integration-test/target/test-dir/MiniOzoneClusterImpl-aaa7dc72-7fbf-48e0-acc5-129182712624/ozone-meta/datanode-4/data-0/hdds/aaa7dc72-7fbf-48e0-acc5-129182712624/current/containerDir0/5/chunks does not exist.
2025-07-14 15:00:23,532 [EventQueue-PipelineActionsForPipelineActionHandler] INFO  pipeline.PipelineActionHandler (PipelineActionHandler.java:processPipelineAction(89)) - Received pipeline action CLOSE for Pipeline-6f4bc581-d89b-4f68-a5e7-42c16328b7c0 from datanode a505560f-c589-4eb5-89aa-a89970ae9358(localhost/127.0.0.1). Reason : Chunks directory /home/runner/work/ozone/ozone/hadoop-ozone/integration-test/target/test-dir/MiniOzoneClusterImpl-aaa7dc72-7fbf-48e0-acc5-129182712624/ozone-meta/datanode-4/data-0/hdds/aaa7dc72-7fbf-48e0-acc5-129182712624/current/containerDir0/5/chunks does not exist.
2025-07-14 15:00:23,732 [EventQueue-PipelineActionsForPipelineActionHandler] INFO  pipeline.PipelineActionHandler (PipelineActionHandler.java:processPipelineAction(89)) - Received pipeline action CLOSE for Pipeline-6f4bc581-d89b-4f68-a5e7-42c16328b7c0 from datanode a505560f-c589-4eb5-89aa-a89970ae9358(localhost/127.0.0.1). Reason : Chunks directory /home/runner/work/ozone/ozone/hadoop-ozone/integration-test/target/test-dir/MiniOzoneClusterImpl-aaa7dc72-7fbf-48e0-acc5-129182712624/ozone-meta/datanode-4/data-0/hdds/aaa7dc72-7fbf-48e0-acc5-129182712624/current/containerDir0/5/chunks does not exist.
2025-07-14 15:00:23,932 [EventQueue-PipelineActionsForPipelineActionHandler] INFO  pipeline.PipelineActionHandler (PipelineActionHandler.java:processPipelineAction(89)) - Received pipeline action CLOSE for Pipeline-6f4bc581-d89b-4f68-a5e7-42c16328b7c0 from datanode a505560f-c589-4eb5-89aa-a89970ae9358(localhost/127.0.0.1). Reason : Chunks directory /home/runner/work/ozone/ozone/hadoop-ozone/integration-test/target/test-dir/MiniOzoneClusterImpl-aaa7dc72-7fbf-48e0-acc5-129182712624/ozone-meta/datanode-4/data-0/hdds/aaa7dc72-7fbf-48e0-acc5-129182712624/current/containerDir0/5/chunks does not exist.
2025-07-14 15:00:23,970 [BackgroundPipelineScrubber] INFO  pipeline.PipelineManagerImpl (PipelineManagerImpl.java:scrubPipelines(602)) - Scrubbing pipeline: id: Pipeline-6f4bc581-d89b-4f68-a5e7-42c16328b7c0 since it stays at CLOSED stage.
2025-07-14 15:00:23,971 [BackgroundPipelineScrubber] INFO  pipeline.RatisPipelineProvider (RatisPipelineProvider.java:lambda$close$4(273)) - Send pipeline:Pipeline-6f4bc581-d89b-4f68-a5e7-42c16328b7c0 close command to datanode a505560f-c589-4eb5-89aa-a89970ae9358
2025-07-14 15:00:23,971 [BackgroundPipelineScrubber] INFO  pipeline.PipelineManagerImpl (PipelineManagerImpl.java:removePipeline(464)) - Pipeline Pipeline{ Id: 6f4bc581-d89b-4f68-a5e7-42c16328b7c0, Nodes: [ {a505560f-c589-4eb5-89aa-a89970ae9358(localhost/127.0.0.1), ReplicaIndex: 0},], ReplicationConfig: RATIS/ONE, State:CLOSED, leaderId:a505560f-c589-4eb5-89aa-a89970ae9358, CreationTimestamp2025-07-14T15:00:03.763Z[Etc/UTC]} removed.
2025-07-14 15:00:24,132 [EventQueue-PipelineActionsForPipelineActionHandler] INFO  pipeline.PipelineActionHandler (PipelineActionHandler.java:processPipelineAction(89)) - Received pipeline action CLOSE for Pipeline-6f4bc581-d89b-4f68-a5e7-42c16328b7c0 from datanode a505560f-c589-4eb5-89aa-a89970ae9358(localhost/127.0.0.1). Reason : Chunks directory /home/runner/work/ozone/ozone/hadoop-ozone/integration-test/target/test-dir/MiniOzoneClusterImpl-aaa7dc72-7fbf-48e0-acc5-129182712624/ozone-meta/datanode-4/data-0/hdds/aaa7dc72-7fbf-48e0-acc5-129182712624/current/containerDir0/5/chunks does not exist.
2025-07-14 15:00:24,132 [EventQueue-PipelineReportForPipelineReportHandler] INFO  pipeline.PipelineReportHandler (PipelineReportHandler.java:handlePipelineNotFoundException(98)) - Pipeline Pipeline-6f4bc581-d89b-4f68-a5e7-42c16328b7c0, reported by datanode a505560f-c589-4eb5-89aa-a89970ae9358(localhost/127.0.0.1) is not found.
2025-07-14 15:00:24,132 [EventQueue-PipelineActionsForPipelineActionHandler] WARN  pipeline.PipelineActionHandler (PipelineActionHandler.java:closeUnknownPipeline(117)) - Pipeline action received for unknown Pipeline Pipeline-6f4bc581-d89b-4f68-a5e7-42c16328b7c0, firing close pipeline event.
2025-07-14 15:00:24,332 [EventQueue-PipelineActionsForPipelineActionHandler] INFO  pipeline.PipelineActionHandler (PipelineActionHandler.java:processPipelineAction(89)) - Received pipeline action CLOSE for Pipeline-6f4bc581-d89b-4f68-a5e7-42c16328b7c0 from datanode a505560f-c589-4eb5-89aa-a89970ae9358(localhost/127.0.0.1). Reason : Chunks directory /home/runner/work/ozone/ozone/hadoop-ozone/integration-test/target/test-dir/MiniOzoneClusterImpl-aaa7dc72-7fbf-48e0-acc5-129182712624/ozone-meta/datanode-4/data-0/hdds/aaa7dc72-7fbf-48e0-acc5-129182712624/current/containerDir0/5/chunks does not exist.
2025-07-14 15:00:24,332 [EventQueue-PipelineActionsForPipelineActionHandler] WARN  pipeline.PipelineActionHandler (PipelineActionHandler.java:closeUnknownPipeline(117)) - Pipeline action received for unknown Pipeline Pipeline-6f4bc581-d89b-4f68-a5e7-42c16328b7c0, firing close pipeline event.
2025-07-14 15:00:24,532 [EventQueue-PipelineReportForPipelineReportHandler] INFO  pipeline.PipelineReportHandler (PipelineReportHandler.java:handlePipelineNotFoundException(98)) - Pipeline Pipeline-6f4bc581-d89b-4f68-a5e7-42c16328b7c0, reported by datanode a505560f-c589-4eb5-89aa-a89970ae9358(localhost/127.0.0.1) is not found.
2025-07-14 15:00:24,532 [EventQueue-PipelineActionsForPipelineActionHandler] INFO  pipeline.PipelineActionHandler (PipelineActionHandler.java:processPipelineAction(89)) - Received pipeline action CLOSE for Pipeline-6f4bc581-d89b-4f68-a5e7-42c16328b7c0 from datanode a505560f-c589-4eb5-89aa-a89970ae9358(localhost/127.0.0.1). Reason : Chunks directory /home/runner/work/ozone/ozone/hadoop-ozone/integration-test/target/test-dir/MiniOzoneClusterImpl-aaa7dc72-7fbf-48e0-acc5-129182712624/ozone-meta/datanode-4/data-0/hdds/aaa7dc72-7fbf-48e0-acc5-129182712624/current/containerDir0/5/chunks does not exist.
2025-07-14 15:00:24,533 [EventQueue-PipelineActionsForPipelineActionHandler] WARN  pipeline.PipelineActionHandler (PipelineActionHandler.java:closeUnknownPipeline(117)) - Pipeline action received for unknown Pipeline Pipeline-6f4bc581-d89b-4f68-a5e7-42c16328b7c0, firing close pipeline event.
2025-07-14 15:00:24,733 [EventQueue-PipelineActionsForPipelineActionHandler] INFO  pipeline.PipelineActionHandler (PipelineActionHandler.java:processPipelineAction(89)) - Received pipeline action CLOSE for Pipeline-6f4bc581-d89b-4f68-a5e7-42c16328b7c0 from datanode a505560f-c589-4eb5-89aa-a89970ae9358(localhost/127.0.0.1). Reason : Chunks directory /home/runner/work/ozone/ozone/hadoop-ozone/integration-test/target/test-dir/MiniOzoneClusterImpl-aaa7dc72-7fbf-48e0-acc5-129182712624/ozone-meta/datanode-4/data-0/hdds/aaa7dc72-7fbf-48e0-acc5-129182712624/current/containerDir0/5/chunks does not exist.
2025-07-14 15:00:24,733 [EventQueue-PipelineActionsForPipelineActionHandler] WARN  pipeline.PipelineActionHandler (PipelineActionHandler.java:closeUnknownPipeline(117)) - Pipeline action received for unknown Pipeline Pipeline-6f4bc581-d89b-4f68-a5e7-42c16328b7c0, firing close pipeline event.
2025-07-14 15:00:24,733 [EventQueue-PipelineReportForPipelineReportHandler] INFO  pipeline.PipelineReportHandler (PipelineReportHandler.java:handlePipelineNotFoundException(98)) - Pipeline Pipeline-6f4bc581-d89b-4f68-a5e7-42c16328b7c0, reported by datanode a505560f-c589-4eb5-89aa-a89970ae9358(localhost/127.0.0.1) is not found.
2025-07-14 15:00:24,933 [EventQueue-PipelineActionsForPipelineActionHandler] INFO  pipeline.PipelineActionHandler (PipelineActionHandler.java:processPipelineAction(89)) - Received pipeline action CLOSE for Pipeline-6f4bc581-d89b-4f68-a5e7-42c16328b7c0 from datanode a505560f-c589-4eb5-89aa-a89970ae9358(localhost/127.0.0.1). Reason : Chunks directory /home/runner/work/ozone/ozone/hadoop-ozone/integration-test/target/test-dir/MiniOzoneClusterImpl-aaa7dc72-7fbf-48e0-acc5-129182712624/ozone-meta/datanode-4/data-0/hdds/aaa7dc72-7fbf-48e0-acc5-129182712624/current/containerDir0/5/chunks does not exist.
2025-07-14 15:00:24,933 [EventQueue-PipelineActionsForPipelineActionHandler] WARN  pipeline.PipelineActionHandler (PipelineActionHandler.java:closeUnknownPipeline(117)) - Pipeline action received for unknown Pipeline Pipeline-6f4bc581-d89b-4f68-a5e7-42c16328b7c0, firing close pipeline event.
2025-07-14 15:00:25,133 [EventQueue-PipelineActionsForPipelineActionHandler] INFO  pipeline.PipelineActionHandler (PipelineActionHandler.java:processPipelineAction(89)) - Received pipeline action CLOSE for Pipeline-6f4bc581-d89b-4f68-a5e7-42c16328b7c0 from datanode a505560f-c589-4eb5-89aa-a89970ae9358(localhost/127.0.0.1). Reason : Chunks directory /home/runner/work/ozone/ozone/hadoop-ozone/integration-test/target/test-dir/MiniOzoneClusterImpl-aaa7dc72-7fbf-48e0-acc5-129182712624/ozone-meta/datanode-4/data-0/hdds/aaa7dc72-7fbf-48e0-acc5-129182712624/current/containerDir0/5/chunks does not exist.
2025-07-14 15:00:25,133 [EventQueue-PipelineReportForPipelineReportHandler] INFO  pipeline.PipelineReportHandler (PipelineReportHandler.java:handlePipelineNotFoundException(98)) - Pipeline Pipeline-6f4bc581-d89b-4f68-a5e7-42c16328b7c0, reported by datanode a505560f-c589-4eb5-89aa-a89970ae9358(localhost/127.0.0.1) is not found.
2025-07-14 15:00:25,134 [EventQueue-PipelineActionsForPipelineActionHandler] WARN  pipeline.PipelineActionHandler (PipelineActionHandler.java:closeUnknownPipeline(117)) - Pipeline action received for unknown Pipeline Pipeline-6f4bc581-d89b-4f68-a5e7-42c16328b7c0, firing close pipeline event.
2025-07-14 15:00:25,332 [a505560f-c589-4eb5-89aa-a89970ae9358-PipelineCommandHandlerThread-0] INFO  server.RaftServer (RaftServerProxy.java:remove(116)) - a505560f-c589-4eb5-89aa-a89970ae9358: remove    LEADER (RUNNING): a505560f-c589-4eb5-89aa-a89970ae9358@group-42C16328B7C0:t1, leader=a505560f-c589-4eb5-89aa-a89970ae9358, voted=a505560f-c589-4eb5-89aa-a89970ae9358, raftlog=Memoized:a505560f-c589-4eb5-89aa-a89970ae9358@group-42C16328B7C0-SegmentedRaftLog:CLOSED:c3, conf=conf: {index: 0, cur=peers:[a505560f-c589-4eb5-89aa-a89970ae9358|127.0.0.1:15039]|listeners:[], old=null}
2025-07-14 15:00:25,332 [a505560f-c589-4eb5-89aa-a89970ae9358-PipelineCommandHandlerThread-0] INFO  server.RaftServer$Division (RaftServerImpl.java:lambda$close$1(527)) - a505560f-c589-4eb5-89aa-a89970ae9358@group-42C16328B7C0: shutdown
2025-07-14 15:00:25,333 [a505560f-c589-4eb5-89aa-a89970ae9358-PipelineCommandHandlerThread-0] INFO  util.JmxRegister (JmxRegister.java:unregister(74)) - Successfully un-registered JMX Bean with object name Ratis:service=RaftServer,group=group-42C16328B7C0,id=a505560f-c589-4eb5-89aa-a89970ae9358
2025-07-14 15:00:25,333 [a505560f-c589-4eb5-89aa-a89970ae9358-PipelineCommandHandlerThread-0] INFO  impl.RoleInfo (RoleInfo.java:shutdownLeaderState(103)) - a505560f-c589-4eb5-89aa-a89970ae9358: shutdown a505560f-c589-4eb5-89aa-a89970ae9358@group-42C16328B7C0-LeaderStateImpl
2025-07-14 15:00:25,333 [a505560f-c589-4eb5-89aa-a89970ae9358-PipelineCommandHandlerThread-0] INFO  impl.PendingRequests (PendingRequests.java:sendNotLeaderResponses(287)) - a505560f-c589-4eb5-89aa-a89970ae9358@group-42C16328B7C0-PendingRequests: sendNotLeaderResponses
2025-07-14 15:00:25,334 [EventQueue-PipelineReportForPipelineReportHandler] INFO  pipeline.PipelineReportHandler (PipelineReportHandler.java:handlePipelineNotFoundException(98)) - Pipeline Pipeline-6f4bc581-d89b-4f68-a5e7-42c16328b7c0, reported by datanode a505560f-c589-4eb5-89aa-a89970ae9358(localhost/127.0.0.1) is not found.
2025-07-14 15:00:25,336 [a505560f-c589-4eb5-89aa-a89970ae9358-PipelineCommandHandlerThread-0] INFO  impl.StateMachineUpdater (StateMachineUpdater.java:stopAndJoin(163)) - a505560f-c589-4eb5-89aa-a89970ae9358@group-42C16328B7C0-StateMachineUpdater: set stopIndex = 3
2025-07-14 15:00:25,336 [a505560f-c589-4eb5-89aa-a89970ae9358@group-42C16328B7C0-StateMachineUpdater] ERROR ratis.ContainerStateMachine (ContainerStateMachine.java:takeSnapshot(421)) - Failed to take snapshot  for group-42C16328B7C0 as the stateMachine is unhealthy. The last applied index is at (t:1, i:3)
2025-07-14 15:00:25,336 [a505560f-c589-4eb5-89aa-a89970ae9358@group-42C16328B7C0-StateMachineUpdater] ERROR impl.StateMachineUpdater (StateMachineUpdater.java:takeSnapshot(302)) - a505560f-c589-4eb5-89aa-a89970ae9358@group-42C16328B7C0-StateMachineUpdater: Failed to take snapshot
org.apache.ratis.protocol.exceptions.StateMachineException: Failed to take snapshot  for group-42C16328B7C0 as the stateMachine is unhealthy. The last applied index is at (t:1, i:3)
	at org.apache.hadoop.ozone.container.common.transport.server.ratis.ContainerStateMachine.takeSnapshot(ContainerStateMachine.java:420)
	at org.apache.ratis.server.impl.StateMachineUpdater.takeSnapshot(StateMachineUpdater.java:290)
	at org.apache.ratis.server.impl.StateMachineUpdater.checkAndTakeSnapshot(StateMachineUpdater.java:281)
	at org.apache.ratis.server.impl.StateMachineUpdater.run(StateMachineUpdater.java:194)
	at java.base/java.lang.Thread.run(Thread.java:1583)
2025-07-14 15:00:25,336 [a505560f-c589-4eb5-89aa-a89970ae9358@group-42C16328B7C0-StateMachineUpdater] INFO  impl.StateMachineUpdater (StateMachineUpdater.java:stop(140)) - a505560f-c589-4eb5-89aa-a89970ae9358@group-42C16328B7C0-StateMachineUpdater: closing ContainerStateMachine, lastApplied=(t:1, i:3)
2025-07-14 15:00:25,337 [a505560f-c589-4eb5-89aa-a89970ae9358-PipelineCommandHandlerThread-0] INFO  segmented.SegmentedRaftLogWorker (SegmentedRaftLogWorker.java:close(254)) - a505560f-c589-4eb5-89aa-a89970ae9358@group-42C16328B7C0-SegmentedRaftLogWorker close()
2025-07-14 15:00:25,338 [a505560f-c589-4eb5-89aa-a89970ae9358-PipelineCommandHandlerThread-0] INFO  server.RaftServer$Division (RaftServerImpl.java:groupRemove(497)) - a505560f-c589-4eb5-89aa-a89970ae9358@group-42C16328B7C0: Succeed to remove RaftStorageDirectory Storage Directory /home/runner/work/ozone/ozone/hadoop-ozone/integration-test/target/test-dir/MiniOzoneClusterImpl-aaa7dc72-7fbf-48e0-acc5-129182712624/ozone-meta/datanode-4/ratis/6f4bc581-d89b-4f68-a5e7-42c16328b7c0
2025-07-14 15:00:25,338 [a505560f-c589-4eb5-89aa-a89970ae9358-PipelineCommandHandlerThread-0] INFO  commandhandler.ClosePipelineCommandHandler (ClosePipelineCommandHandler.java:lambda$handle$2(142)) - Close Pipeline Pipeline-6f4bc581-d89b-4f68-a5e7-42c16328b7c0 command on datanode a505560f-c589-4eb5-89aa-a89970ae9358(localhost/127.0.0.1).
2025-07-14 15:00:25,948 [timer0] ERROR impl.OrderedAsync (OrderedAsync.java:lambda$null$6(215)) -  client-0F1E48465E24: Failed* RaftClientRequest:client-0F1E48465E24->a505560f-c589-4eb5-89aa-a89970ae9358@group-42C16328B7C0, cid=149, seq=4*, RW, cmdType: WriteChunk
traceID: ""
containerID: 5
datanodeUuid: "a505560f-c589-4eb5-89aa-a89970ae9358"
writeChunk {
  blockID {
    containerID: 5
    localID: 115816896921600005
    blockCommitSequenceId: 2
    replicaIndex: 0
  }
  chunkData {
    chunkName: "115816896921600005_chunk_2"
    offset: 5
    len: 5
    checksumData {
      type: CRC32
      bytesPerChecksum: 16384
      checksums: "\350a\3440"
    }
  }
}
version: 3
, data.size=5
java.util.concurrent.CompletionException: org.apache.ratis.protocol.exceptions.AlreadyClosedException: client-0F1E48465E24->a505560f-c589-4eb5-89aa-a89970ae9358 is closed.
	at java.base/java.util.concurrent.CompletableFuture.encodeThrowable(CompletableFuture.java:332)
	at java.base/java.util.concurrent.CompletableFuture.uniAcceptNow(CompletableFuture.java:747)
	at java.base/java.util.concurrent.CompletableFuture.uniAcceptStage(CompletableFuture.java:735)
	at java.base/java.util.concurrent.CompletableFuture.thenAccept(CompletableFuture.java:2214)
	at org.apache.ratis.client.impl.OrderedAsync.sendRequestWithRetry(OrderedAsync.java:206)
	at org.apache.ratis.util.SlidingWindow$Client.sendOrDelayRequest(SlidingWindow.java:315)
	at org.apache.ratis.util.SlidingWindow$Client.retry(SlidingWindow.java:331)
	at org.apache.ratis.client.impl.OrderedAsync.lambda$handleException$8(OrderedAsync.java:253)
	at org.apache.ratis.util.TimeoutTimer.lambda$onTimeout$2(TimeoutTimer.java:101)
	at org.apache.ratis.util.LogUtils.runAndLog(LogUtils.java:38)
	at org.apache.ratis.util.LogUtils$1.run(LogUtils.java:78)
	at org.apache.ratis.util.TimeoutTimer$Task.run(TimeoutTimer.java:55)
	at java.base/java.util.TimerThread.mainLoop(Timer.java:566)
	at java.base/java.util.TimerThread.run(Timer.java:516)
Caused by: org.apache.ratis.protocol.exceptions.AlreadyClosedException: client-0F1E48465E24->a505560f-c589-4eb5-89aa-a89970ae9358 is closed.
	at org.apache.ratis.grpc.client.GrpcClientProtocolClient$AsyncStreamObservers.onNext(GrpcClientProtocolClient.java:352)
	at org.apache.ratis.grpc.client.GrpcClientRpc.sendRequestAsync(GrpcClientRpc.java:71)
	... 10 more
2025-07-14 15:00:28,818 [grpc-default-executor-3] ERROR impl.OrderedAsync (OrderedAsync.java:lambda$null$6(215)) -  client-0F1E48465E24: Failed* RaftClientRequest:client-0F1E48465E24->a505560f-c589-4eb5-89aa-a89970ae9358@group-42C16328B7C0, cid=149, seq=4*, RW, cmdType: WriteChunk
traceID: ""
containerID: 5
datanodeUuid: "a505560f-c589-4eb5-89aa-a89970ae9358"
writeChunk {
  blockID {
    containerID: 5
    localID: 115816896921600005
    blockCommitSequenceId: 2
    replicaIndex: 0
  }
  chunkData {
    chunkName: "115816896921600005_chunk_2"
    offset: 5
    len: 5
    checksumData {
      type: CRC32
      bytesPerChecksum: 16384
      checksums: "\350a\3440"
    }
  }
}
version: 3
, data.size=5
java.util.concurrent.CompletionException: org.apache.ratis.protocol.exceptions.GroupMismatchException: a505560f-c589-4eb5-89aa-a89970ae9358: group-42C16328B7C0 not found.
	at java.base/java.util.concurrent.CompletableFuture.encodeThrowable(CompletableFuture.java:332)
	at java.base/java.util.concurrent.CompletableFuture.completeThrowable(CompletableFuture.java:347)
	at java.base/java.util.concurrent.CompletableFuture$UniAccept.tryFire(CompletableFuture.java:708)
	at java.base/java.util.concurrent.CompletableFuture.postComplete(CompletableFuture.java:510)
	at java.base/java.util.concurrent.CompletableFuture.completeExceptionally(CompletableFuture.java:2194)
	at org.apache.ratis.grpc.client.GrpcClientProtocolClient$AsyncStreamObservers.completeReplyExceptionally(GrpcClientProtocolClient.java:397)
	at org.apache.ratis.grpc.client.GrpcClientProtocolClient$AsyncStreamObservers.access$000(GrpcClientProtocolClient.java:303)
	at org.apache.ratis.grpc.client.GrpcClientProtocolClient$AsyncStreamObservers$1.onError(GrpcClientProtocolClient.java:334)
	at org.apache.ratis.thirdparty.io.grpc.stub.ClientCalls$StreamObserverToCallListenerAdapter.onClose(ClientCalls.java:564)
	at org.apache.ratis.thirdparty.io.grpc.PartialForwardingClientCallListener.onClose(PartialForwardingClientCallListener.java:39)
	at org.apache.ratis.thirdparty.io.grpc.ForwardingClientCallListener.onClose(ForwardingClientCallListener.java:23)
	at org.apache.ratis.grpc.metrics.intercept.client.MetricClientCallListener.onClose(MetricClientCallListener.java:47)
	at org.apache.ratis.thirdparty.io.grpc.internal.ClientCallImpl.closeObserver(ClientCallImpl.java:565)
	at org.apache.ratis.thirdparty.io.grpc.internal.ClientCallImpl.access$100(ClientCallImpl.java:72)
	at org.apache.ratis.thirdparty.io.grpc.internal.ClientCallImpl$ClientStreamListenerImpl$1StreamClosed.runInternal(ClientCallImpl.java:733)
	at org.apache.ratis.thirdparty.io.grpc.internal.ClientCallImpl$ClientStreamListenerImpl$1StreamClosed.runInContext(ClientCallImpl.java:714)
	at org.apache.ratis.thirdparty.io.grpc.internal.ContextRunnable.run(ContextRunnable.java:37)
	at org.apache.ratis.thirdparty.io.grpc.internal.SerializingExecutor.run(SerializingExecutor.java:133)
	at java.base/java.util.concurrent.ThreadPoolExecutor.runWorker(ThreadPoolExecutor.java:1144)
	at java.base/java.util.concurrent.ThreadPoolExecutor$Worker.run(ThreadPoolExecutor.java:642)
	at java.base/java.lang.Thread.run(Thread.java:1583)
Caused by: org.apache.ratis.protocol.exceptions.GroupMismatchException: a505560f-c589-4eb5-89aa-a89970ae9358: group-42C16328B7C0 not found.
	at org.apache.ratis.server.impl.RaftServerProxy$ImplMap.get(RaftServerProxy.java:160)
	at org.apache.ratis.server.impl.RaftServerProxy.getImplFuture(RaftServerProxy.java:370)
	at org.apache.ratis.server.impl.RaftServerProxy.submitClientRequestAsync(RaftServerProxy.java:455)
	at org.apache.ratis.grpc.server.GrpcClientProtocolService$RequestStreamObserver.processClientRequest(GrpcClientProtocolService.java:226)
	at org.apache.ratis.grpc.server.GrpcClientProtocolService$OrderedRequestStreamObserver.processClientRequest(GrpcClientProtocolService.java:332)
	at org.apache.ratis.util.SlidingWindow$Server.processRequestsFromHead(SlidingWindow.java:467)
	at org.apache.ratis.util.SlidingWindow$Server.receivedRequest(SlidingWindow.java:459)
	at org.apache.ratis.grpc.server.GrpcClientProtocolService$OrderedRequestStreamObserver.processClientRequest(GrpcClientProtocolService.java:356)
	at org.apache.ratis.grpc.server.GrpcClientProtocolService$RequestStreamObserver.onNext(GrpcClientProtocolService.java:246)
	at org.apache.ratis.grpc.server.GrpcClientProtocolService$RequestStreamObserver.onNext(GrpcClientProtocolService.java:169)
	at org.apache.ratis.thirdparty.io.grpc.stub.ServerCalls$StreamingServerCallHandler$StreamingServerCallListener.onMessage(ServerCalls.java:262)
	at org.apache.ratis.thirdparty.io.grpc.internal.ServerCallImpl$ServerStreamListenerImpl.messagesAvailableInternal(ServerCallImpl.java:334)
	at org.apache.ratis.thirdparty.io.grpc.internal.ServerCallImpl$ServerStreamListenerImpl.messagesAvailable(ServerCallImpl.java:319)
	at org.apache.ratis.thirdparty.io.grpc.internal.ServerImpl$JumpToApplicationThreadServerStreamListener$1MessagesAvailable.runInContext(ServerImpl.java:834)
	... 5 more
2025-07-14 15:00:28,818 [grpc-default-executor-3] ERROR impl.OrderedAsync (OrderedAsync.java:lambda$send$4(181)) - Failed to send request, message=cmdType: WriteChunk
traceID: ""
containerID: 5
datanodeUuid: "a505560f-c589-4eb5-89aa-a89970ae9358"
writeChunk {
  blockID {
    containerID: 5
    localID: 115816896921600005
    blockCommitSequenceId: 2
    replicaIndex: 0
  }
  chunkData {
    chunkName: "115816896921600005_chunk_2"
    offset: 5
    len: 5
    checksumData {
      type: CRC32
      bytesPerChecksum: 16384
      checksums: "\350a\3440"
    }
  }
}
version: 3
, data.size=5
java.util.concurrent.CompletionException: org.apache.ratis.protocol.exceptions.GroupMismatchException: a505560f-c589-4eb5-89aa-a89970ae9358: group-42C16328B7C0 not found.
	at java.base/java.util.concurrent.CompletableFuture.encodeThrowable(CompletableFuture.java:332)
	at java.base/java.util.concurrent.CompletableFuture.completeThrowable(CompletableFuture.java:347)
	at java.base/java.util.concurrent.CompletableFuture$UniApply.tryFire(CompletableFuture.java:636)
	at java.base/java.util.concurrent.CompletableFuture.postComplete(CompletableFuture.java:510)
	at java.base/java.util.concurrent.CompletableFuture.completeExceptionally(CompletableFuture.java:2194)
	at org.apache.ratis.client.impl.OrderedAsync$PendingOrderedRequest.fail(OrderedAsync.java:111)
	at org.apache.ratis.util.SlidingWindow$Client.fail(SlidingWindow.java:395)
	at org.apache.ratis.client.impl.OrderedAsync.failAllAsyncRequests(OrderedAsync.java:155)
	at org.apache.ratis.client.impl.OrderedAsync.handleException(OrderedAsync.java:232)
	at org.apache.ratis.client.impl.OrderedAsync.lambda$sendRequestWithRetry$7(OrderedAsync.java:217)
	at java.base/java.util.concurrent.CompletableFuture.uniExceptionally(CompletableFuture.java:990)
	at java.base/java.util.concurrent.CompletableFuture$UniExceptionally.tryFire(CompletableFuture.java:974)
	at java.base/java.util.concurrent.CompletableFuture.postComplete(CompletableFuture.java:510)
	at java.base/java.util.concurrent.CompletableFuture.completeExceptionally(CompletableFuture.java:2194)
	at org.apache.ratis.grpc.client.GrpcClientProtocolClient$AsyncStreamObservers.completeReplyExceptionally(GrpcClientProtocolClient.java:397)
	at org.apache.ratis.grpc.client.GrpcClientProtocolClient$AsyncStreamObservers.access$000(GrpcClientProtocolClient.java:303)
	at org.apache.ratis.grpc.client.GrpcClientProtocolClient$AsyncStreamObservers$1.onError(GrpcClientProtocolClient.java:334)
	at org.apache.ratis.thirdparty.io.grpc.stub.ClientCalls$StreamObserverToCallListenerAdapter.onClose(ClientCalls.java:564)
	at org.apache.ratis.thirdparty.io.grpc.PartialForwardingClientCallListener.onClose(PartialForwardingClientCallListener.java:39)
	at org.apache.ratis.thirdparty.io.grpc.ForwardingClientCallListener.onClose(ForwardingClientCallListener.java:23)
	at org.apache.ratis.grpc.metrics.intercept.client.MetricClientCallListener.onClose(MetricClientCallListener.java:47)
	at org.apache.ratis.thirdparty.io.grpc.internal.ClientCallImpl.closeObserver(ClientCallImpl.java:565)
	at org.apache.ratis.thirdparty.io.grpc.internal.ClientCallImpl.access$100(ClientCallImpl.java:72)
	at org.apache.ratis.thirdparty.io.grpc.internal.ClientCallImpl$ClientStreamListenerImpl$1StreamClosed.runInternal(ClientCallImpl.java:733)
	at org.apache.ratis.thirdparty.io.grpc.internal.ClientCallImpl$ClientStreamListenerImpl$1StreamClosed.runInContext(ClientCallImpl.java:714)
	at org.apache.ratis.thirdparty.io.grpc.internal.ContextRunnable.run(ContextRunnable.java:37)
	at org.apache.ratis.thirdparty.io.grpc.internal.SerializingExecutor.run(SerializingExecutor.java:133)
	at java.base/java.util.concurrent.ThreadPoolExecutor.runWorker(ThreadPoolExecutor.java:1144)
	at java.base/java.util.concurrent.ThreadPoolExecutor$Worker.run(ThreadPoolExecutor.java:642)
	at java.base/java.lang.Thread.run(Thread.java:1583)
Caused by: org.apache.ratis.protocol.exceptions.GroupMismatchException: a505560f-c589-4eb5-89aa-a89970ae9358: group-42C16328B7C0 not found.
	at org.apache.ratis.server.impl.RaftServerProxy$ImplMap.get(RaftServerProxy.java:160)
	at org.apache.ratis.server.impl.RaftServerProxy.getImplFuture(RaftServerProxy.java:370)
	at org.apache.ratis.server.impl.RaftServerProxy.submitClientRequestAsync(RaftServerProxy.java:455)
	at org.apache.ratis.grpc.server.GrpcClientProtocolService$RequestStreamObserver.processClientRequest(GrpcClientProtocolService.java:226)
	at org.apache.ratis.grpc.server.GrpcClientProtocolService$OrderedRequestStreamObserver.processClientRequest(GrpcClientProtocolService.java:332)
	at org.apache.ratis.util.SlidingWindow$Server.processRequestsFromHead(SlidingWindow.java:467)
	at org.apache.ratis.util.SlidingWindow$Server.receivedRequest(SlidingWindow.java:459)
	at org.apache.ratis.grpc.server.GrpcClientProtocolService$OrderedRequestStreamObserver.processClientRequest(GrpcClientProtocolService.java:356)
	at org.apache.ratis.grpc.server.GrpcClientProtocolService$RequestStreamObserver.onNext(GrpcClientProtocolService.java:246)
	at org.apache.ratis.grpc.server.GrpcClientProtocolService$RequestStreamObserver.onNext(GrpcClientProtocolService.java:169)
	at org.apache.ratis.thirdparty.io.grpc.stub.ServerCalls$StreamingServerCallHandler$StreamingServerCallListener.onMessage(ServerCalls.java:262)
	at org.apache.ratis.thirdparty.io.grpc.internal.ServerCallImpl$ServerStreamListenerImpl.messagesAvailableInternal(ServerCallImpl.java:334)
	at org.apache.ratis.thirdparty.io.grpc.internal.ServerCallImpl$ServerStreamListenerImpl.messagesAvailable(ServerCallImpl.java:319)
	at org.apache.ratis.thirdparty.io.grpc.internal.ServerImpl$JumpToApplicationThreadServerStreamListener$1MessagesAvailable.runInContext(ServerImpl.java:834)
	... 5 more
2025-07-14 15:00:28,819 [grpc-default-executor-3] ERROR impl.OrderedAsync (OrderedAsync.java:lambda$send$4(179)) - Failed to send request, message=cmdType: PutBlock
traceID: ""
containerID: 5
datanodeUuid: "a505560f-c589-4eb5-89aa-a89970ae9358"
putBlock {
  blockData {
    blockID {
      containerID: 5
      localID: 115816896921600005
      blockCommitSequenceId: 0
    }
    metadata {
      key: "TYPE"
      value: "KEY"
    }
    chunks {
      chunkName: "115816896921600005_chunk_1"
      offset: 0
      len: 5
      checksumData {
        type: CRC32
        bytesPerChecksum: 16384
        checksums: "\350a\3440"
      }
    }
    chunks {
      chunkName: "115816896921600005_chunk_2"
      offset: 5
      len: 5
      checksumData {
        type: CRC32
        bytesPerChecksum: 16384
        checksums: "\350a\3440"
      }
    }
  }
  eof: true
}
version: 3
, data.size=0 due to java.util.concurrent.CompletionException: org.apache.ratis.protocol.exceptions.AlreadyClosedException: SlidingWindow$Client:client-0F1E48465E24->RAFT is closed.
2025-07-14 15:00:28,819 [main] WARN  io.KeyOutputStream (KeyOutputStream.java:handleExceptionInternal(377)) - Encountered exception java.io.IOException: Unexpected Storage Container Exception: java.util.concurrent.CompletionException: Failed to write chunk 115816896921600005_chunk_2 into block conID: 5 locID: 115816896921600005 bcsId: 2 replicaIndex: null on the pipeline Pipeline{ Id: 6f4bc581-d89b-4f68-a5e7-42c16328b7c0, Nodes: [ {a505560f-c589-4eb5-89aa-a89970ae9358(localhost/127.0.0.1), ReplicaIndex: 0},], ReplicationConfig: RATIS/ONE, State:OPEN, leaderId:a505560f-c589-4eb5-89aa-a89970ae9358, CreationTimestamp2025-07-14T15:00:03.763Z[Etc/UTC]}. The last committed block length is 5, uncommitted data length is 5 retry count 0
2025-07-14 15:00:28,849 [main] INFO  io.BlockOutputStreamEntry (BlockOutputStreamEntry.java:writeOnRetry(192)) - BlockOutputStreamEntry:ratis conID: 6 locID: 115816896921600006 bcsId: 0 replicaIndex: null: Finish retrying with len 5, currentPosition 5
2025-07-14 15:00:28,850 [main] INFO  io.BlockOutputStreamEntry (BlockOutputStreamEntry.java:finishRetryHandling(141)) - BlockOutputStreamEntry:ratis conID: 6 locID: 115816896921600006 bcsId: 0 replicaIndex: null: Exiting retry handling mode
2025-07-14 15:00:28,854 [ac481237-f71e-4eeb-9120-a6c52bf83f13@group-C5ADC75AADF5-StateMachineUpdater] INFO  ratis.ContainerStateMachine (ContainerStateMachine.java:takeSnapshot(427)) - group-C5ADC75AADF5: Taking a snapshot at:(t:1, i:4) file /home/runner/work/ozone/ozone/hadoop-ozone/integration-test/target/test-dir/MiniOzoneClusterImpl-aaa7dc72-7fbf-48e0-acc5-129182712624/ozone-meta/datanode-7/ratis/5dcf474b-d097-4e8b-9813-c5adc75aadf5/sm/snapshot.1_4
2025-07-14 15:00:28,855 [ac481237-f71e-4eeb-9120-a6c52bf83f13@group-C5ADC75AADF5-StateMachineUpdater] INFO  ratis.ContainerStateMachine (ContainerStateMachine.java:takeSnapshot(436)) - group-C5ADC75AADF5: Finished taking a snapshot at:(t:1, i:4) file:/home/runner/work/ozone/ozone/hadoop-ozone/integration-test/target/test-dir/MiniOzoneClusterImpl-aaa7dc72-7fbf-48e0-acc5-129182712624/ozone-meta/datanode-7/ratis/5dcf474b-d097-4e8b-9813-c5adc75aadf5/sm/snapshot.1_4 took: 2 ms
2025-07-14 15:00:28,855 [ac481237-f71e-4eeb-9120-a6c52bf83f13@group-C5ADC75AADF5-StateMachineUpdater] INFO  impl.StateMachineUpdater (StateMachineUpdater.java:takeSnapshot(307)) - ac481237-f71e-4eeb-9120-a6c52bf83f13@group-C5ADC75AADF5-StateMachineUpdater: Took a snapshot at index 4
2025-07-14 15:00:28,855 [ac481237-f71e-4eeb-9120-a6c52bf83f13@group-C5ADC75AADF5-StateMachineUpdater] INFO  impl.StateMachineUpdater (StateMachineUpdater.java:lambda$new$0(101)) - ac481237-f71e-4eeb-9120-a6c52bf83f13@group-C5ADC75AADF5-StateMachineUpdater: snapshotIndex: updateIncreasingly 0 -> 4
2025-07-14 15:00:28,855 [ac481237-f71e-4eeb-9120-a6c52bf83f13@group-C5ADC75AADF5-StateMachineUpdater] INFO  ratis.ContainerStateMachine (ContainerStateMachine.java:takeSnapshot(427)) - group-C5ADC75AADF5: Taking a snapshot at:(t:1, i:5) file /home/runner/work/ozone/ozone/hadoop-ozone/integration-test/target/test-dir/MiniOzoneClusterImpl-aaa7dc72-7fbf-48e0-acc5-129182712624/ozone-meta/datanode-7/ratis/5dcf474b-d097-4e8b-9813-c5adc75aadf5/sm/snapshot.1_5
2025-07-14 15:00:28,856 [ac481237-f71e-4eeb-9120-a6c52bf83f13@group-C5ADC75AADF5-StateMachineUpdater] INFO  ratis.ContainerStateMachine (ContainerStateMachine.java:takeSnapshot(436)) - group-C5ADC75AADF5: Finished taking a snapshot at:(t:1, i:5) file:/home/runner/work/ozone/ozone/hadoop-ozone/integration-test/target/test-dir/MiniOzoneClusterImpl-aaa7dc72-7fbf-48e0-acc5-129182712624/ozone-meta/datanode-7/ratis/5dcf474b-d097-4e8b-9813-c5adc75aadf5/sm/snapshot.1_5 took: 1 ms
2025-07-14 15:00:28,856 [ac481237-f71e-4eeb-9120-a6c52bf83f13@group-C5ADC75AADF5-StateMachineUpdater] INFO  impl.StateMachineUpdater (StateMachineUpdater.java:takeSnapshot(307)) - ac481237-f71e-4eeb-9120-a6c52bf83f13@group-C5ADC75AADF5-StateMachineUpdater: Took a snapshot at index 5
2025-07-14 15:00:28,856 [ac481237-f71e-4eeb-9120-a6c52bf83f13@group-C5ADC75AADF5-StateMachineUpdater] INFO  impl.StateMachineUpdater (StateMachineUpdater.java:lambda$new$0(101)) - ac481237-f71e-4eeb-9120-a6c52bf83f13@group-C5ADC75AADF5-StateMachineUpdater: snapshotIndex: updateIncreasingly 4 -> 5
2025-07-14 15:00:28,860 [main] INFO  ozoneimpl.OzoneContainer (OzoneContainer.java:stop(544)) - Attempting to stop container services.
2025-07-14 15:00:28,860 [ContainerMetadataScanner] WARN  ozoneimpl.AbstractBackgroundContainerScanner (AbstractBackgroundContainerScanner.java:handleRemainingSleep(136)) - Background container scan was interrupted.
2025-07-14 15:00:28,861 [ContainerMetadataScanner] INFO  ozoneimpl.AbstractBackgroundContainerScanner (AbstractBackgroundContainerScanner.java:run(63)) - org.apache.hadoop.ozone.container.ozoneimpl.BackgroundContainerMetadataScanner@63060449 exiting.
2025-07-14 15:00:28,861 [main] INFO  ozoneimpl.BackgroundContainerDataScanner (BackgroundContainerDataScanner.java:shutdown(87)) - ContainerDataScanner(/home/runner/work/ozone/ozone/hadoop-ozone/integration-test/target/test-dir/MiniOzoneClusterImpl-aaa7dc72-7fbf-48e0-acc5-129182712624/ozone-meta/datanode-4/data-0/hdds) is shutting down. 
2025-07-14 15:00:28,861 [ContainerDataScanner(/home/runner/work/ozone/ozone/hadoop-ozone/integration-test/target/test-dir/MiniOzoneClusterImpl-aaa7dc72-7fbf-48e0-acc5-129182712624/ozone-meta/datanode-4/data-0/hdds)] WARN  ozoneimpl.AbstractBackgroundContainerScanner (AbstractBackgroundContainerScanner.java:handleRemainingSleep(136)) - Background container scan was interrupted.
2025-07-14 15:00:28,861 [ContainerDataScanner(/home/runner/work/ozone/ozone/hadoop-ozone/integration-test/target/test-dir/MiniOzoneClusterImpl-aaa7dc72-7fbf-48e0-acc5-129182712624/ozone-meta/datanode-4/data-0/hdds)] INFO  ozoneimpl.AbstractBackgroundContainerScanner (AbstractBackgroundContainerScanner.java:run(63)) - ContainerDataScanner(/home/runner/work/ozone/ozone/hadoop-ozone/integration-test/target/test-dir/MiniOzoneClusterImpl-aaa7dc72-7fbf-48e0-acc5-129182712624/ozone-meta/datanode-4/data-0/hdds, DS-74c62da7-997c-45b9-a898-b5435ee7265f) exiting.
2025-07-14 15:00:28,861 [main] INFO  ozoneimpl.OnDemandContainerScanner (OnDemandContainerScanner.java:shutdown(132)) - On-demand container scanner is shutting down.
2025-07-14 15:00:28,866 [main] INFO  ratis.XceiverServerRatis (XceiverServerRatis.java:stop(594)) - Closing XceiverServerRatis(a505560f-c589-4eb5-89aa-a89970ae9358)
2025-07-14 15:00:28,866 [main] INFO  server.RaftServer (RaftServerProxy.java:lambda$close$9(422)) - a505560f-c589-4eb5-89aa-a89970ae9358: close
2025-07-14 15:00:28,867 [a505560f-c589-4eb5-89aa-a89970ae9358-impl-thread1] INFO  server.RaftServer$Division (RaftServerImpl.java:lambda$close$1(527)) - a505560f-c589-4eb5-89aa-a89970ae9358@group-B771F555DC8D: shutdown
2025-07-14 15:00:28,867 [a505560f-c589-4eb5-89aa-a89970ae9358-impl-thread1] INFO  util.JmxRegister (JmxRegister.java:unregister(74)) - Successfully un-registered JMX Bean with object name Ratis:service=RaftServer,group=group-B771F555DC8D,id=a505560f-c589-4eb5-89aa-a89970ae9358
2025-07-14 15:00:28,867 [a505560f-c589-4eb5-89aa-a89970ae9358-impl-thread1] INFO  impl.RoleInfo (RoleInfo.java:shutdownLeaderState(103)) - a505560f-c589-4eb5-89aa-a89970ae9358: shutdown a505560f-c589-4eb5-89aa-a89970ae9358@group-B771F555DC8D-LeaderStateImpl
2025-07-14 15:00:28,867 [main] INFO  server.GrpcServicesImpl (GrpcServicesImpl.java:closeImpl(355)) - a505560f-c589-4eb5-89aa-a89970ae9358: shutdown server org.apache.ratis.grpc.server.GrpcClientProtocolService now
2025-07-14 15:00:28,867 [a505560f-c589-4eb5-89aa-a89970ae9358-impl-thread1] INFO  impl.PendingRequests (PendingRequests.java:sendNotLeaderResponses(287)) - a505560f-c589-4eb5-89aa-a89970ae9358@group-B771F555DC8D-PendingRequests: sendNotLeaderResponses
2025-07-14 15:00:28,867 [a505560f-c589-4eb5-89aa-a89970ae9358@group-B771F555DC8D->52f0bf1a-a22c-4dfc-83f0-dd23f5b60a86-GrpcLogAppender-LogAppenderDaemon] WARN  server.GrpcLogAppender (GrpcLogAppender.java:mayWait(300)) - a505560f-c589-4eb5-89aa-a89970ae9358@group-B771F555DC8D->52f0bf1a-a22c-4dfc-83f0-dd23f5b60a86-GrpcLogAppender: Wait interrupted by java.lang.InterruptedException
2025-07-14 15:00:28,867 [a505560f-c589-4eb5-89aa-a89970ae9358-impl-thread2] INFO  server.RaftServer$Division (RaftServerImpl.java:lambda$close$1(527)) - a505560f-c589-4eb5-89aa-a89970ae9358@group-66EA1A40B3A7: shutdown
2025-07-14 15:00:28,868 [a505560f-c589-4eb5-89aa-a89970ae9358-impl-thread2] INFO  util.JmxRegister (JmxRegister.java:unregister(74)) - Successfully un-registered JMX Bean with object name Ratis:service=RaftServer,group=group-66EA1A40B3A7,id=a505560f-c589-4eb5-89aa-a89970ae9358
2025-07-14 15:00:28,868 [a505560f-c589-4eb5-89aa-a89970ae9358-impl-thread2] INFO  impl.RoleInfo (RoleInfo.java:shutdownFollowerState(121)) - a505560f-c589-4eb5-89aa-a89970ae9358: shutdown a505560f-c589-4eb5-89aa-a89970ae9358@group-66EA1A40B3A7-FollowerState
2025-07-14 15:00:28,868 [a505560f-c589-4eb5-89aa-a89970ae9358-impl-thread2] INFO  impl.StateMachineUpdater (StateMachineUpdater.java:stopAndJoin(163)) - a505560f-c589-4eb5-89aa-a89970ae9358@group-66EA1A40B3A7-StateMachineUpdater: set stopIndex = 10
2025-07-14 15:00:28,868 [a505560f-c589-4eb5-89aa-a89970ae9358@group-66EA1A40B3A7-StateMachineUpdater] INFO  impl.StateMachineUpdater (StateMachineUpdater.java:stop(140)) - a505560f-c589-4eb5-89aa-a89970ae9358@group-66EA1A40B3A7-StateMachineUpdater: closing ContainerStateMachine, lastApplied=(t:1, i:10)
2025-07-14 15:00:28,869 [a505560f-c589-4eb5-89aa-a89970ae9358@group-66EA1A40B3A7-FollowerState] INFO  impl.FollowerState (FollowerState.java:runImpl(170)) - a505560f-c589-4eb5-89aa-a89970ae9358@group-66EA1A40B3A7-FollowerState was interrupted
2025-07-14 15:00:28,869 [Thread-1155] INFO  server.GrpcServerProtocolClient (GrpcServerProtocolClient.java:close(105)) - 77d16558-8a68-4655-9235-107e22ba3c38 Close channels
2025-07-14 15:00:28,867 [a505560f-c589-4eb5-89aa-a89970ae9358@group-B771F555DC8D->77d16558-8a68-4655-9235-107e22ba3c38-GrpcLogAppender-LogAppenderDaemon] WARN  server.GrpcLogAppender (GrpcLogAppender.java:mayWait(300)) - a505560f-c589-4eb5-89aa-a89970ae9358@group-B771F555DC8D->77d16558-8a68-4655-9235-107e22ba3c38-GrpcLogAppender: Wait interrupted by java.lang.InterruptedException
2025-07-14 15:00:28,870 [grpc-default-executor-1] INFO  server.GrpcServerProtocolService (GrpcServerProtocolService.java:lambda$onCompleted$6(171)) - 52f0bf1a-a22c-4dfc-83f0-dd23f5b60a86: Completed APPEND_ENTRIES, lastRequest: a505560f-c589-4eb5-89aa-a89970ae9358->52f0bf1a-a22c-4dfc-83f0-dd23f5b60a86#6-t1,previous=(t:1, i:3),leaderCommit=2,initializing? false,entries: size=1, first=(t:1, i:4), METADATAENTRY(c:2) 
2025-07-14 15:00:28,871 [Thread-1156] INFO  server.GrpcServerProtocolClient (GrpcServerProtocolClient.java:close(105)) - 52f0bf1a-a22c-4dfc-83f0-dd23f5b60a86 Close channels
2025-07-14 15:00:28,872 [grpc-default-executor-2] INFO  server.GrpcServerProtocolService (GrpcServerProtocolService.java:lambda$onCompleted$6(171)) - 77d16558-8a68-4655-9235-107e22ba3c38: Completed APPEND_ENTRIES, lastRequest: a505560f-c589-4eb5-89aa-a89970ae9358->77d16558-8a68-4655-9235-107e22ba3c38#6-t1,previous=(t:1, i:3),leaderCommit=2,initializing? false,entries: size=1, first=(t:1, i:4), METADATAENTRY(c:2) 
2025-07-14 15:00:28,873 [grpc-default-executor-2] INFO  server.GrpcServerProtocolService (GrpcServerProtocolService.java:lambda$null$7(175)) - 77d16558-8a68-4655-9235-107e22ba3c38: Completed APPEND_ENTRIES, lastReply: null 
2025-07-14 15:00:28,873 [a505560f-c589-4eb5-89aa-a89970ae9358-impl-thread1] INFO  impl.StateMachineUpdater (StateMachineUpdater.java:stopAndJoin(163)) - a505560f-c589-4eb5-89aa-a89970ae9358@group-B771F555DC8D-StateMachineUpdater: set stopIndex = 4
2025-07-14 15:00:28,873 [a505560f-c589-4eb5-89aa-a89970ae9358@group-B771F555DC8D-StateMachineUpdater] INFO  ratis.ContainerStateMachine (ContainerStateMachine.java:takeSnapshot(427)) - group-B771F555DC8D: Taking a snapshot at:(t:1, i:4) file /home/runner/work/ozone/ozone/hadoop-ozone/integration-test/target/test-dir/MiniOzoneClusterImpl-aaa7dc72-7fbf-48e0-acc5-129182712624/ozone-meta/datanode-4/ratis/955d2a46-e184-48bd-86c8-b771f555dc8d/sm/snapshot.1_4
2025-07-14 15:00:28,872 [a505560f-c589-4eb5-89aa-a89970ae9358@group-66EA1A40B3A7-cacheEviction-AwaitToRun] INFO  util.AwaitToRun (AwaitToRun.java:run(49)) - a505560f-c589-4eb5-89aa-a89970ae9358@group-66EA1A40B3A7-cacheEviction-AwaitToRun-AwaitForSignal is interrupted
2025-07-14 15:00:28,873 [grpc-default-executor-1] INFO  server.GrpcLogAppender (GrpcLogAppender.java:onCompleted(558)) - a505560f-c589-4eb5-89aa-a89970ae9358@group-B771F555DC8D->52f0bf1a-a22c-4dfc-83f0-dd23f5b60a86-AppendLogResponseHandler: follower responses appendEntries COMPLETED
2025-07-14 15:00:28,874 [grpc-default-executor-1] WARN  server.GrpcLogAppender (GrpcLogAppender.java:resetClient(237)) - a505560f-c589-4eb5-89aa-a89970ae9358@group-B771F555DC8D->52f0bf1a-a22c-4dfc-83f0-dd23f5b60a86-GrpcLogAppender: Failed to getClient for 52f0bf1a-a22c-4dfc-83f0-dd23f5b60a86
org.apache.ratis.protocol.exceptions.AlreadyClosedException: a505560f-c589-4eb5-89aa-a89970ae9358 is already CLOSED
	at org.apache.ratis.util.PeerProxyMap$PeerAndProxy.getProxy(PeerProxyMap.java:67)
	at org.apache.ratis.util.PeerProxyMap.getProxy(PeerProxyMap.java:124)
	at org.apache.ratis.grpc.server.GrpcLogAppender.getClient(GrpcLogAppender.java:207)
	at org.apache.ratis.grpc.server.GrpcLogAppender.resetClient(GrpcLogAppender.java:212)
	at org.apache.ratis.grpc.server.GrpcLogAppender.access$800(GrpcLogAppender.java:70)
	at org.apache.ratis.grpc.server.GrpcLogAppender$AppendLogResponseHandler.onCompleted(GrpcLogAppender.java:559)
	at org.apache.ratis.thirdparty.io.grpc.stub.ClientCalls$StreamObserverToCallListenerAdapter.onClose(ClientCalls.java:562)
	at org.apache.ratis.thirdparty.io.grpc.internal.ClientCallImpl.closeObserver(ClientCallImpl.java:565)
	at org.apache.ratis.thirdparty.io.grpc.internal.ClientCallImpl.access$100(ClientCallImpl.java:72)
	at org.apache.ratis.thirdparty.io.grpc.internal.ClientCallImpl$ClientStreamListenerImpl$1StreamClosed.runInternal(ClientCallImpl.java:733)
	at org.apache.ratis.thirdparty.io.grpc.internal.ClientCallImpl$ClientStreamListenerImpl$1StreamClosed.runInContext(ClientCallImpl.java:714)
	at org.apache.ratis.thirdparty.io.grpc.internal.ContextRunnable.run(ContextRunnable.java:37)
	at org.apache.ratis.thirdparty.io.grpc.internal.SerializingExecutor.run(SerializingExecutor.java:133)
	at java.base/java.util.concurrent.ThreadPoolExecutor.runWorker(ThreadPoolExecutor.java:1144)
	at java.base/java.util.concurrent.ThreadPoolExecutor$Worker.run(ThreadPoolExecutor.java:642)
	at java.base/java.lang.Thread.run(Thread.java:1583)
2025-07-14 15:00:28,874 [grpc-default-executor-1] INFO  server.GrpcLogAppender (GrpcLogAppender.java:onCompleted(558)) - a505560f-c589-4eb5-89aa-a89970ae9358@group-B771F555DC8D->77d16558-8a68-4655-9235-107e22ba3c38-AppendLogResponseHandler: follower responses appendEntries COMPLETED
2025-07-14 15:00:28,874 [grpc-default-executor-1] WARN  server.GrpcLogAppender (GrpcLogAppender.java:resetClient(237)) - a505560f-c589-4eb5-89aa-a89970ae9358@group-B771F555DC8D->77d16558-8a68-4655-9235-107e22ba3c38-GrpcLogAppender: Failed to getClient for 77d16558-8a68-4655-9235-107e22ba3c38
org.apache.ratis.protocol.exceptions.AlreadyClosedException: a505560f-c589-4eb5-89aa-a89970ae9358 is already CLOSED
	at org.apache.ratis.util.PeerProxyMap$PeerAndProxy.getProxy(PeerProxyMap.java:67)
	at org.apache.ratis.util.PeerProxyMap.getProxy(PeerProxyMap.java:124)
	at org.apache.ratis.grpc.server.GrpcLogAppender.getClient(GrpcLogAppender.java:207)
	at org.apache.ratis.grpc.server.GrpcLogAppender.resetClient(GrpcLogAppender.java:212)
	at org.apache.ratis.grpc.server.GrpcLogAppender.access$800(GrpcLogAppender.java:70)
	at org.apache.ratis.grpc.server.GrpcLogAppender$AppendLogResponseHandler.onCompleted(GrpcLogAppender.java:559)
	at org.apache.ratis.thirdparty.io.grpc.stub.ClientCalls$StreamObserverToCallListenerAdapter.onClose(ClientCalls.java:562)
	at org.apache.ratis.thirdparty.io.grpc.internal.ClientCallImpl.closeObserver(ClientCallImpl.java:565)
	at org.apache.ratis.thirdparty.io.grpc.internal.ClientCallImpl.access$100(ClientCallImpl.java:72)
	at org.apache.ratis.thirdparty.io.grpc.internal.ClientCallImpl$ClientStreamListenerImpl$1StreamClosed.runInternal(ClientCallImpl.java:733)
	at org.apache.ratis.thirdparty.io.grpc.internal.ClientCallImpl$ClientStreamListenerImpl$1StreamClosed.runInContext(ClientCallImpl.java:714)
	at org.apache.ratis.thirdparty.io.grpc.internal.ContextRunnable.run(ContextRunnable.java:37)
	at org.apache.ratis.thirdparty.io.grpc.internal.SerializingExecutor.run(SerializingExecutor.java:133)
	at java.base/java.util.concurrent.ThreadPoolExecutor.runWorker(ThreadPoolExecutor.java:1144)
	at java.base/java.util.concurrent.ThreadPoolExecutor$Worker.run(ThreadPoolExecutor.java:642)
	at java.base/java.lang.Thread.run(Thread.java:1583)
2025-07-14 15:00:28,875 [grpc-default-executor-1] INFO  server.GrpcLogAppender (GrpcLogAppender.java:onCompleted(558)) - a505560f-c589-4eb5-89aa-a89970ae9358@group-B771F555DC8D->77d16558-8a68-4655-9235-107e22ba3c38-AppendLogResponseHandler: follower responses appendEntries COMPLETED
2025-07-14 15:00:28,875 [grpc-default-executor-1] WARN  server.GrpcLogAppender (GrpcLogAppender.java:resetClient(237)) - a505560f-c589-4eb5-89aa-a89970ae9358@group-B771F555DC8D->77d16558-8a68-4655-9235-107e22ba3c38-GrpcLogAppender: Failed to getClient for 77d16558-8a68-4655-9235-107e22ba3c38
org.apache.ratis.protocol.exceptions.AlreadyClosedException: a505560f-c589-4eb5-89aa-a89970ae9358 is already CLOSED
	at org.apache.ratis.util.PeerProxyMap$PeerAndProxy.getProxy(PeerProxyMap.java:67)
	at org.apache.ratis.util.PeerProxyMap.getProxy(PeerProxyMap.java:124)
	at org.apache.ratis.grpc.server.GrpcLogAppender.getClient(GrpcLogAppender.java:207)
	at org.apache.ratis.grpc.server.GrpcLogAppender.resetClient(GrpcLogAppender.java:212)
	at org.apache.ratis.grpc.server.GrpcLogAppender.access$800(GrpcLogAppender.java:70)
	at org.apache.ratis.grpc.server.GrpcLogAppender$AppendLogResponseHandler.onCompleted(GrpcLogAppender.java:559)
	at org.apache.ratis.thirdparty.io.grpc.stub.ClientCalls$StreamObserverToCallListenerAdapter.onClose(ClientCalls.java:562)
	at org.apache.ratis.thirdparty.io.grpc.internal.DelayedClientCall$DelayedListener$3.run(DelayedClientCall.java:489)
	at org.apache.ratis.thirdparty.io.grpc.internal.DelayedClientCall$DelayedListener.delayOrExecute(DelayedClientCall.java:453)
	at org.apache.ratis.thirdparty.io.grpc.internal.DelayedClientCall$DelayedListener.onClose(DelayedClientCall.java:486)
	at org.apache.ratis.thirdparty.io.grpc.internal.ClientCallImpl.closeObserver(ClientCallImpl.java:565)
	at org.apache.ratis.thirdparty.io.grpc.internal.ClientCallImpl.access$100(ClientCallImpl.java:72)
	at org.apache.ratis.thirdparty.io.grpc.internal.ClientCallImpl$ClientStreamListenerImpl$1StreamClosed.runInternal(ClientCallImpl.java:733)
	at org.apache.ratis.thirdparty.io.grpc.internal.ClientCallImpl$ClientStreamListenerImpl$1StreamClosed.runInContext(ClientCallImpl.java:714)
	at org.apache.ratis.thirdparty.io.grpc.internal.ContextRunnable.run(ContextRunnable.java:37)
	at org.apache.ratis.thirdparty.io.grpc.internal.SerializingExecutor.run(SerializingExecutor.java:133)
	at java.base/java.util.concurrent.ThreadPoolExecutor.runWorker(ThreadPoolExecutor.java:1144)
	at java.base/java.util.concurrent.ThreadPoolExecutor$Worker.run(ThreadPoolExecutor.java:642)
	at java.base/java.lang.Thread.run(Thread.java:1583)
2025-07-14 15:00:28,876 [a505560f-c589-4eb5-89aa-a89970ae9358@group-B771F555DC8D-StateMachineUpdater] INFO  ratis.ContainerStateMachine (ContainerStateMachine.java:takeSnapshot(436)) - group-B771F555DC8D: Finished taking a snapshot at:(t:1, i:4) file:/home/runner/work/ozone/ozone/hadoop-ozone/integration-test/target/test-dir/MiniOzoneClusterImpl-aaa7dc72-7fbf-48e0-acc5-129182712624/ozone-meta/datanode-4/ratis/955d2a46-e184-48bd-86c8-b771f555dc8d/sm/snapshot.1_4 took: 4 ms
2025-07-14 15:00:28,877 [a505560f-c589-4eb5-89aa-a89970ae9358@group-B771F555DC8D-StateMachineUpdater] INFO  impl.StateMachineUpdater (StateMachineUpdater.java:takeSnapshot(307)) - a505560f-c589-4eb5-89aa-a89970ae9358@group-B771F555DC8D-StateMachineUpdater: Took a snapshot at index 4
2025-07-14 15:00:28,877 [a505560f-c589-4eb5-89aa-a89970ae9358@group-B771F555DC8D-StateMachineUpdater] INFO  impl.StateMachineUpdater (StateMachineUpdater.java:lambda$new$0(101)) - a505560f-c589-4eb5-89aa-a89970ae9358@group-B771F555DC8D-StateMachineUpdater: snapshotIndex: updateIncreasingly 1 -> 4
2025-07-14 15:00:28,877 [a505560f-c589-4eb5-89aa-a89970ae9358@group-B771F555DC8D-StateMachineUpdater] INFO  impl.StateMachineUpdater (StateMachineUpdater.java:stop(140)) - a505560f-c589-4eb5-89aa-a89970ae9358@group-B771F555DC8D-StateMachineUpdater: closing ContainerStateMachine, lastApplied=(t:1, i:4)
2025-07-14 15:00:28,877 [a505560f-c589-4eb5-89aa-a89970ae9358@group-B771F555DC8D-cacheEviction-AwaitToRun] INFO  util.AwaitToRun (AwaitToRun.java:run(49)) - a505560f-c589-4eb5-89aa-a89970ae9358@group-B771F555DC8D-cacheEviction-AwaitToRun-AwaitForSignal is interrupted
2025-07-14 15:00:28,880 [grpc-default-executor-3] INFO  server.GrpcServerProtocolService (GrpcServerProtocolService.java:lambda$null$7(175)) - 52f0bf1a-a22c-4dfc-83f0-dd23f5b60a86: Completed APPEND_ENTRIES, lastReply: serverReply {
  requestorId: "a505560f-c589-4eb5-89aa-a89970ae9358"
  replyId: "52f0bf1a-a22c-4dfc-83f0-dd23f5b60a86"
  raftGroupId {
    id: "\225]*F\341\204H\275\206\310\267q\365U\334\215"
  }
  callId: 20
  success: true
}
term: 1
nextIndex: 5
followerCommit: 4
matchIndex: 18446744073709551615
isHearbeat: true
 
2025-07-14 15:00:28,881 [grpc-default-executor-3] INFO  server.GrpcLogAppender (GrpcLogAppender.java:onCompleted(558)) - a505560f-c589-4eb5-89aa-a89970ae9358@group-B771F555DC8D->52f0bf1a-a22c-4dfc-83f0-dd23f5b60a86-AppendLogResponseHandler: follower responses appendEntries COMPLETED
2025-07-14 15:00:28,881 [grpc-default-executor-3] WARN  server.GrpcLogAppender (GrpcLogAppender.java:resetClient(237)) - a505560f-c589-4eb5-89aa-a89970ae9358@group-B771F555DC8D->52f0bf1a-a22c-4dfc-83f0-dd23f5b60a86-GrpcLogAppender: Failed to getClient for 52f0bf1a-a22c-4dfc-83f0-dd23f5b60a86
org.apache.ratis.protocol.exceptions.AlreadyClosedException: a505560f-c589-4eb5-89aa-a89970ae9358 is already CLOSED
	at org.apache.ratis.util.PeerProxyMap$PeerAndProxy.getProxy(PeerProxyMap.java:67)
	at org.apache.ratis.util.PeerProxyMap.getProxy(PeerProxyMap.java:124)
	at org.apache.ratis.grpc.server.GrpcLogAppender.getClient(GrpcLogAppender.java:207)
	at org.apache.ratis.grpc.server.GrpcLogAppender.resetClient(GrpcLogAppender.java:212)
	at org.apache.ratis.grpc.server.GrpcLogAppender.access$800(GrpcLogAppender.java:70)
	at org.apache.ratis.grpc.server.GrpcLogAppender$AppendLogResponseHandler.onCompleted(GrpcLogAppender.java:559)
	at org.apache.ratis.thirdparty.io.grpc.stub.ClientCalls$StreamObserverToCallListenerAdapter.onClose(ClientCalls.java:562)
	at org.apache.ratis.thirdparty.io.grpc.internal.DelayedClientCall$DelayedListener$3.run(DelayedClientCall.java:489)
	at org.apache.ratis.thirdparty.io.grpc.internal.DelayedClientCall$DelayedListener.delayOrExecute(DelayedClientCall.java:453)
	at org.apache.ratis.thirdparty.io.grpc.internal.DelayedClientCall$DelayedListener.onClose(DelayedClientCall.java:486)
	at org.apache.ratis.thirdparty.io.grpc.internal.ClientCallImpl.closeObserver(ClientCallImpl.java:565)
	at org.apache.ratis.thirdparty.io.grpc.internal.ClientCallImpl.access$100(ClientCallImpl.java:72)
	at org.apache.ratis.thirdparty.io.grpc.internal.ClientCallImpl$ClientStreamListenerImpl$1StreamClosed.runInternal(ClientCallImpl.java:733)
	at org.apache.ratis.thirdparty.io.grpc.internal.ClientCallImpl$ClientStreamListenerImpl$1StreamClosed.runInContext(ClientCallImpl.java:714)
	at org.apache.ratis.thirdparty.io.grpc.internal.ContextRunnable.run(ContextRunnable.java:37)
	at org.apache.ratis.thirdparty.io.grpc.internal.SerializingExecutor.run(SerializingExecutor.java:133)
	at java.base/java.util.concurrent.ThreadPoolExecutor.runWorker(ThreadPoolExecutor.java:1144)
	at java.base/java.util.concurrent.ThreadPoolExecutor$Worker.run(ThreadPoolExecutor.java:642)
	at java.base/java.lang.Thread.run(Thread.java:1583)
2025-07-14 15:00:28,881 [main] INFO  server.GrpcServicesImpl (GrpcServicesImpl.java:closeImpl(364)) - a505560f-c589-4eb5-89aa-a89970ae9358: shutdown server org.apache.ratis.grpc.server.GrpcClientProtocolService successfully
2025-07-14 15:00:28,882 [main] INFO  server.GrpcServicesImpl (GrpcServicesImpl.java:closeImpl(355)) - a505560f-c589-4eb5-89aa-a89970ae9358: shutdown server GrpcServerProtocolService now
2025-07-14 15:00:28,882 [grpc-default-executor-2] WARN  server.GrpcServerProtocolService (LogUtils.java:warn(127)) - a505560f-c589-4eb5-89aa-a89970ae9358: APPEND_ENTRIES onError, lastRequest: null: org.apache.ratis.thirdparty.io.grpc.StatusRuntimeException: CANCELLED: client cancelled
2025-07-14 15:00:28,882 [grpc-default-executor-1] WARN  server.GrpcServerProtocolService (LogUtils.java:warn(127)) - a505560f-c589-4eb5-89aa-a89970ae9358: APPEND_ENTRIES onError, lastRequest: 52f0bf1a-a22c-4dfc-83f0-dd23f5b60a86->a505560f-c589-4eb5-89aa-a89970ae9358#25-t1,previous=(t:1, i:9),leaderCommit=9,initializing? false,entries: size=1, first=(t:1, i:10), METADATAENTRY(c:9): org.apache.ratis.thirdparty.io.grpc.StatusRuntimeException: CANCELLED: client cancelled
2025-07-14 15:00:28,883 [grpc-default-executor-2] WARN  server.GrpcLogAppender (LogUtils.java:warn(127)) - 52f0bf1a-a22c-4dfc-83f0-dd23f5b60a86@group-66EA1A40B3A7->a505560f-c589-4eb5-89aa-a89970ae9358-AppendLogResponseHandler: Failed appendEntries: org.apache.ratis.thirdparty.io.grpc.StatusRuntimeException: CANCELLED: RST_STREAM closed stream. HTTP/2 error code: CANCEL
2025-07-14 15:00:28,883 [main] INFO  server.GrpcServicesImpl (GrpcServicesImpl.java:closeImpl(364)) - a505560f-c589-4eb5-89aa-a89970ae9358: shutdown server GrpcServerProtocolService successfully
2025-07-14 15:00:28,883 [main] INFO  server.GrpcServicesImpl (GrpcServicesImpl.java:closeImpl(355)) - a505560f-c589-4eb5-89aa-a89970ae9358: shutdown server org.apache.ratis.grpc.server.GrpcAdminProtocolService now
2025-07-14 15:00:28,883 [main] INFO  server.GrpcServicesImpl (GrpcServicesImpl.java:closeImpl(364)) - a505560f-c589-4eb5-89aa-a89970ae9358: shutdown server org.apache.ratis.grpc.server.GrpcAdminProtocolService successfully
2025-07-14 15:00:28,885 [grpc-default-executor-2] WARN  server.GrpcLogAppender (GrpcLogAppender.java:lambda$resetClient$1(228)) - 52f0bf1a-a22c-4dfc-83f0-dd23f5b60a86@group-66EA1A40B3A7->a505560f-c589-4eb5-89aa-a89970ae9358-GrpcLogAppender: Follower failed (request=null, errorCount=1); keep nextIndex (11) unchanged and retry.
2025-07-14 15:00:28,889 [a505560f-c589-4eb5-89aa-a89970ae9358-NettyServerStreamRpc-bossGroup--thread1] INFO  logging.LoggingHandler (AbstractInternalLogger.java:log(148)) - [id: 0x1da51a65, L:/0.0.0.0:15040] CLOSE
2025-07-14 15:00:28,890 [a505560f-c589-4eb5-89aa-a89970ae9358-NettyServerStreamRpc-bossGroup--thread1] INFO  logging.LoggingHandler (AbstractInternalLogger.java:log(148)) - [id: 0x1da51a65, L:/0.0.0.0:15040] INACTIVE
2025-07-14 15:00:28,890 [a505560f-c589-4eb5-89aa-a89970ae9358-NettyServerStreamRpc-bossGroup--thread1] INFO  logging.LoggingHandler (AbstractInternalLogger.java:log(148)) - [id: 0x1da51a65, L:/0.0.0.0:15040] UNREGISTERED
2025-07-14 15:00:29,446 [a505560f-c589-4eb5-89aa-a89970ae9358-impl-thread2] INFO  segmented.SegmentedRaftLogWorker (SegmentedRaftLogWorker.java:close(254)) - a505560f-c589-4eb5-89aa-a89970ae9358@group-66EA1A40B3A7-SegmentedRaftLogWorker close()
2025-07-14 15:00:29,448 [a505560f-c589-4eb5-89aa-a89970ae9358-impl-thread2] INFO  ratis.ContainerStateMachine (ContainerStateMachine.java:notifyServerShutdown(1038)) - group-66EA1A40B3A7 is closed by HddsDatanodeService
2025-07-14 15:00:29,537 [a505560f-c589-4eb5-89aa-a89970ae9358-impl-thread1] INFO  segmented.SegmentedRaftLogWorker (SegmentedRaftLogWorker.java:close(254)) - a505560f-c589-4eb5-89aa-a89970ae9358@group-B771F555DC8D-SegmentedRaftLogWorker close()
2025-07-14 15:00:29,537 [a505560f-c589-4eb5-89aa-a89970ae9358-impl-thread1] INFO  ratis.ContainerStateMachine (ContainerStateMachine.java:notifyServerShutdown(1038)) - group-B771F555DC8D is closed by HddsDatanodeService
2025-07-14 15:00:29,538 [JvmPauseMonitor6] INFO  util.JvmPauseMonitor (JvmPauseMonitor.java:run(152)) - JvmPauseMonitor-a505560f-c589-4eb5-89aa-a89970ae9358: Stopped
2025-07-14 15:00:31,550 [main] INFO  utils.DatanodeStoreCache (DatanodeStoreCache.java:shutdownCache(110)) - Skip clearing cache in mini cluster mode. Entries left: [/home/runner/work/ozone/ozone/hadoop-ozone/integration-test/target/test-dir/MiniOzoneClusterImpl-aaa7dc72-7fbf-48e0-acc5-129182712624/ozone-meta/datanode-1/data-0/hdds/aaa7dc72-7fbf-48e0-acc5-129182712624/DS-1b72afe3-2307-48a1-83ad-7a97c97707d1/container.db, /home/runner/work/ozone/ozone/hadoop-ozone/integration-test/target/test-dir/MiniOzoneClusterImpl-aaa7dc72-7fbf-48e0-acc5-129182712624/ozone-meta/datanode-10/data-0/hdds/aaa7dc72-7fbf-48e0-acc5-129182712624/DS-35ca50df-ee81-4034-b3d5-0175393aaaec/container.db, /home/runner/work/ozone/ozone/hadoop-ozone/integration-test/target/test-dir/MiniOzoneClusterImpl-aaa7dc72-7fbf-48e0-acc5-129182712624/ozone-meta/datanode-2/data-0/hdds/aaa7dc72-7fbf-48e0-acc5-129182712624/DS-7e2cb485-faa9-4751-816e-e115e9c6d5d6/container.db, /home/runner/work/ozone/ozone/hadoop-ozone/integration-test/target/test-dir/MiniOzoneClusterImpl-aaa7dc72-7fbf-48e0-acc5-129182712624/ozone-meta/datanode-3/data-0/hdds/aaa7dc72-7fbf-48e0-acc5-129182712624/DS-081a95e9-8ace-4695-9ef3-18b60e55d8b2/container.db, /home/runner/work/ozone/ozone/hadoop-ozone/integration-test/target/test-dir/MiniOzoneClusterImpl-aaa7dc72-7fbf-48e0-acc5-129182712624/ozone-meta/datanode-4/data-0/hdds/aaa7dc72-7fbf-48e0-acc5-129182712624/DS-74c62da7-997c-45b9-a898-b5435ee7265f/container.db, /home/runner/work/ozone/ozone/hadoop-ozone/integration-test/target/test-dir/MiniOzoneClusterImpl-aaa7dc72-7fbf-48e0-acc5-129182712624/ozone-meta/datanode-5/data-0/hdds/aaa7dc72-7fbf-48e0-acc5-129182712624/DS-dfb635b0-3326-4919-a5b2-5e973005a264/container.db, /home/runner/work/ozone/ozone/hadoop-ozone/integration-test/target/test-dir/MiniOzoneClusterImpl-aaa7dc72-7fbf-48e0-acc5-129182712624/ozone-meta/datanode-6/data-0/hdds/aaa7dc72-7fbf-48e0-acc5-129182712624/DS-312fbd46-dbcd-4181-b1a2-72678cbe0860/container.db, /home/runner/work/ozone/ozone/hadoop-ozone/integration-test/target/test-dir/MiniOzoneClusterImpl-aaa7dc72-7fbf-48e0-acc5-129182712624/ozone-meta/datanode-7/data-0/hdds/aaa7dc72-7fbf-48e0-acc5-129182712624/DS-1c5aa974-0cec-494d-9938-8270a4c20b72/container.db, /home/runner/work/ozone/ozone/hadoop-ozone/integration-test/target/test-dir/MiniOzoneClusterImpl-aaa7dc72-7fbf-48e0-acc5-129182712624/ozone-meta/datanode-8/data-0/hdds/aaa7dc72-7fbf-48e0-acc5-129182712624/DS-110da338-196d-4995-b436-65e1d6352642/container.db, /home/runner/work/ozone/ozone/hadoop-ozone/integration-test/target/test-dir/MiniOzoneClusterImpl-aaa7dc72-7fbf-48e0-acc5-129182712624/ozone-meta/datanode-9/data-0/hdds/aaa7dc72-7fbf-48e0-acc5-129182712624/DS-d19e303e-a8cb-4df6-b549-e2b33401de27/container.db]
2025-07-14 15:00:31,553 [main] INFO  utils.DatanodeStoreCache (DatanodeStoreCache.java:removeDB(104)) - Removed db /home/runner/work/ozone/ozone/hadoop-ozone/integration-test/target/test-dir/MiniOzoneClusterImpl-aaa7dc72-7fbf-48e0-acc5-129182712624/ozone-meta/datanode-4/data-0/hdds/aaa7dc72-7fbf-48e0-acc5-129182712624/DS-74c62da7-997c-45b9-a898-b5435ee7265f/container.db from cache
2025-07-14 15:00:31,553 [main] INFO  volume.HddsVolume (HddsVolume.java:closeDbStore(608)) - SchemaV3 db is stopped at /home/runner/work/ozone/ozone/hadoop-ozone/integration-test/target/test-dir/MiniOzoneClusterImpl-aaa7dc72-7fbf-48e0-acc5-129182712624/ozone-meta/datanode-4/data-0/hdds/aaa7dc72-7fbf-48e0-acc5-129182712624/DS-74c62da7-997c-45b9-a898-b5435ee7265f/container.db for volume DS-74c62da7-997c-45b9-a898-b5435ee7265f
2025-07-14 15:00:31,553 [main] INFO  utils.BackgroundService (BackgroundService.java:shutdown(178)) - Shutting down service BlockDeletingService
2025-07-14 15:00:31,554 [main] INFO  utils.BackgroundService (BackgroundService.java:shutdown(178)) - Shutting down service StaleRecoveringContainerScrubbingService
2025-07-14 15:00:31,555 [main] INFO  statemachine.DatanodeStateMachine (DatanodeStateMachine.java:stopDaemon(637)) - Ozone container server stopped.
2025-07-14 15:00:31,570 [main] INFO  handler.ContextHandler (ContextHandler.java:doStop(1159)) - Stopped o.e.j.w.WebAppContext@355a4108{hddsDatanode,/,null,STOPPED}{jar:file:/home/runner/work/ozone/ozone/hadoop-hdds/container-service/target/hdds-container-service-2.1.0-SNAPSHOT.jar!/webapps/hddsDatanode}
2025-07-14 15:00:31,572 [main] INFO  server.AbstractConnector (AbstractConnector.java:doStop(383)) - Stopped ServerConnector@471a163a{HTTP/1.1, (http/1.1)}{0.0.0.0:15034}
2025-07-14 15:00:31,572 [main] INFO  server.session (HouseKeeper.java:stopScavenging(149)) - node0 Stopped scavenging
2025-07-14 15:00:31,572 [main] INFO  handler.ContextHandler (ContextHandler.java:doStop(1159)) - Stopped o.e.j.s.ServletContextHandler@650c9a94{static,/static,jar:file:/home/runner/work/ozone/ozone/hadoop-hdds/container-service/target/hdds-container-service-2.1.0-SNAPSHOT.jar!/webapps/static,STOPPED}
2025-07-14 15:00:31,572 [main] INFO  handler.ContextHandler (ContextHandler.java:doStop(1159)) - Stopped o.e.j.s.ServletContextHandler@466eddc6{logs,/logs,file:///home/runner/work/ozone/ozone/hadoop-ozone/integration-test/target/log,STOPPED}
2025-07-14 15:00:31,574 [main] INFO  ozone.HddsDatanodeClientProtocolServer (HddsDatanodeClientProtocolServer.java:stop(82)) - Stopping the RPC server for Client Protocol
2025-07-14 15:00:31,575 [main] INFO  ipc.Server (Server.java:stop(3697)) - Stopping server on 15035
2025-07-14 15:00:31,576 [IPC Server listener on 15035] INFO  ipc.Server (Server.java:run(1585)) - Stopping IPC Server listener on 15035
2025-07-14 15:00:31,576 [IPC Server Responder] INFO  ipc.Server (Server.java:run(1718)) - Stopping IPC Server Responder
2025-07-14 15:00:31,580 [main] INFO  impl.MetricsSystemImpl (MetricsSystemImpl.java:init(158)) - HddsDatanode metrics system started (again)
2025-07-14 15:00:31,611 [main] INFO  ozone.HddsDatanodeService (HddsDatanodeService.java:start(236)) - HddsDatanodeService a505560f-c589-4eb5-89aa-a89970ae9358(localhost/127.0.0.1)
2025-07-14 15:00:31,613 [main] INFO  upgrade.AbstractLayoutVersionManager (AbstractLayoutVersionManager.java:init(80)) - Initializing Layout version manager with metadata layout = HBASE_SUPPORT (version = 8), software layout = HBASE_SUPPORT (version = 8)
2025-07-14 15:00:31,613 [main] INFO  statemachine.DatanodeStateMachine (DatanodeStateMachine.java:getEndPointTaskThreadPoolSize(305)) - Datanode State Machine Task Thread Pool size 2
2025-07-14 15:00:31,617 [main] INFO  volume.HddsVolume (HddsVolume.java:<init>(162)) - HddsVolume: { id=DS-74c62da7-997c-45b9-a898-b5435ee7265f dir=/home/runner/work/ozone/ozone/hadoop-ozone/integration-test/target/test-dir/MiniOzoneClusterImpl-aaa7dc72-7fbf-48e0-acc5-129182712624/ozone-meta/datanode-4/data-0/hdds type=DISK capacity=9222449699674390527 used=0 available=9222449699674390527 minFree=9222450130714624 committed=0 }
2025-07-14 15:00:31,617 [main] INFO  volume.MutableVolumeSet (MutableVolumeSet.java:initializeVolumeSet(167)) - Added Volume : /home/runner/work/ozone/ozone/hadoop-ozone/integration-test/target/test-dir/MiniOzoneClusterImpl-aaa7dc72-7fbf-48e0-acc5-129182712624/ozone-meta/datanode-4/data-0/hdds to VolumeSet
2025-07-14 15:00:31,618 [main] INFO  volume.MutableVolumeSet (MutableVolumeSet.java:initializeVolumeSet(167)) - Added Volume : /home/runner/work/ozone/ozone/hadoop-ozone/integration-test/target/test-dir/MiniOzoneClusterImpl-aaa7dc72-7fbf-48e0-acc5-129182712624/ozone-meta/datanode-4/ratisba26d9b5-73bc-4f55-8c12-38b59127a25e to VolumeSet
2025-07-14 15:00:31,637 [ForkJoinPool.commonPool-worker-1] INFO  utils.DatanodeStoreCache (DatanodeStoreCache.java:addDB(70)) - Added db /home/runner/work/ozone/ozone/hadoop-ozone/integration-test/target/test-dir/MiniOzoneClusterImpl-aaa7dc72-7fbf-48e0-acc5-129182712624/ozone-meta/datanode-4/data-0/hdds/aaa7dc72-7fbf-48e0-acc5-129182712624/DS-74c62da7-997c-45b9-a898-b5435ee7265f/container.db to cache
2025-07-14 15:00:31,637 [ForkJoinPool.commonPool-worker-1] INFO  volume.HddsVolume (HddsVolume.java:loadDbStore(516)) - SchemaV3 db is loaded at /home/runner/work/ozone/ozone/hadoop-ozone/integration-test/target/test-dir/MiniOzoneClusterImpl-aaa7dc72-7fbf-48e0-acc5-129182712624/ozone-meta/datanode-4/data-0/hdds/aaa7dc72-7fbf-48e0-acc5-129182712624/DS-74c62da7-997c-45b9-a898-b5435ee7265f/container.db for volume DS-74c62da7-997c-45b9-a898-b5435ee7265f
2025-07-14 15:00:31,637 [main] INFO  ozoneimpl.OzoneContainer (HddsVolumeUtil.java:loadAllHddsVolumeDbStore(102)) - Load 1 volumes DbStore cost: 19ms
2025-07-14 15:00:31,638 [main] WARN  db.DBStoreBuilder (DBStoreBuilder.java:getDBDirPath(158)) - ozone.scm.datanode.id.dir is not configured. We recommend adding this setting. Falling back to ozone.metadata.dirs instead.
2025-07-14 15:00:31,639 [main] WARN  db.DBStoreBuilder (DBStoreBuilder.java:getDBDirPath(158)) - ozone.scm.datanode.id.dir is not configured. We recommend adding this setting. Falling back to ozone.metadata.dirs instead.
2025-07-14 15:00:31,649 [main] INFO  impl.FilePerChunkStrategy (FilePerChunkStrategy.java:<init>(79)) - ozone.chunk.read.mapped.buffer.max.count is load with 0
2025-07-14 15:00:31,650 [main] INFO  impl.FilePerBlockStrategy (FilePerBlockStrategy.java:<init>(88)) - ozone.chunk.read.mapped.buffer.max.count is load with 0
2025-07-14 15:00:31,651 [main] INFO  server.RaftServerConfigKeys (ConfUtils.java:logGet(62)) - raft.server.log.appender.buffer.byte-limit = 33554432 (custom)
2025-07-14 15:00:31,652 [main] INFO  grpc.GrpcConfigKeys (ConfUtils.java:logFallback(69)) - raft.grpc.admin.host = null (fallback to raft.grpc.server.host)
2025-07-14 15:00:31,652 [main] INFO  grpc.GrpcConfigKeys (ConfUtils.java:logGet(62)) - raft.grpc.admin.port = 15038 (custom)
2025-07-14 15:00:31,652 [main] INFO  grpc.GrpcConfigKeys (ConfUtils.java:logFallback(69)) - raft.grpc.client.host = null (fallback to raft.grpc.server.host)
2025-07-14 15:00:31,652 [main] INFO  grpc.GrpcConfigKeys (ConfUtils.java:logGet(62)) - raft.grpc.client.port = 15037 (custom)
2025-07-14 15:00:31,652 [main] INFO  grpc.GrpcConfigKeys (ConfUtils.java:logGet(62)) - raft.grpc.server.port = 15039 (custom)
2025-07-14 15:00:31,652 [main] INFO  server.GrpcServicesImpl (ConfUtils.java:logGet(62)) - raft.grpc.message.size.max = 34603008 (custom)
2025-07-14 15:00:31,653 [main] INFO  server.GrpcServicesImpl (ConfUtils.java:logGet(62)) - raft.grpc.flow.control.window = 5MB (=5242880) (custom)
2025-07-14 15:00:31,653 [main] INFO  server.RaftServerConfigKeys (ConfUtils.java:logGet(62)) - raft.server.log.appender.buffer.byte-limit = 33554432 (custom)
2025-07-14 15:00:31,655 [main] INFO  netty.NettyUtils (NettyUtils.java:newEventLoopGroup(74)) - Create EpollEventLoopGroup for a505560f-c589-4eb5-89aa-a89970ae9358-NettyServerStreamRpc-bossGroup; Thread size is 0.
2025-07-14 15:00:31,655 [main] INFO  netty.NettyUtils (NettyUtils.java:newEventLoopGroup(74)) - Create EpollEventLoopGroup for a505560f-c589-4eb5-89aa-a89970ae9358-NettyServerStreamRpc-workerGroup; Thread size is 0.
2025-07-14 15:00:31,656 [main] INFO  netty.NettyConfigKeys$DataStream (ConfUtils.java:logGet(62)) - raft.netty.dataStream.port = 15040 (custom)
2025-07-14 15:00:31,657 [a505560f-c589-4eb5-89aa-a89970ae9358-NettyServerStreamRpc-bossGroup--thread1] INFO  logging.LoggingHandler (AbstractInternalLogger.java:log(148)) - [id: 0xb2a57060] REGISTERED
2025-07-14 15:00:31,657 [a505560f-c589-4eb5-89aa-a89970ae9358-NettyServerStreamRpc-bossGroup--thread1] INFO  logging.LoggingHandler (AbstractInternalLogger.java:log(148)) - [id: 0xb2a57060] BIND: 0.0.0.0/0.0.0.0:15040
2025-07-14 15:00:31,657 [main] INFO  server.RaftServerConfigKeys (ConfUtils.java:logGet(62)) - raft.server.storage.dir = [/home/runner/work/ozone/ozone/hadoop-ozone/integration-test/target/test-dir/MiniOzoneClusterImpl-aaa7dc72-7fbf-48e0-acc5-129182712624/ozone-meta/datanode-4/ratisba26d9b5-73bc-4f55-8c12-38b59127a25e] (custom)
2025-07-14 15:00:31,658 [a505560f-c589-4eb5-89aa-a89970ae9358-NettyServerStreamRpc-bossGroup--thread1] INFO  logging.LoggingHandler (AbstractInternalLogger.java:log(148)) - [id: 0xb2a57060, L:/0.0.0.0:15040] ACTIVE
2025-07-14 15:00:31,658 [a505560f-c589-4eb5-89aa-a89970ae9358-impl-thread1] INFO  server.RaftServer (RaftServerProxy.java:initGroupDir(270)) - a505560f-c589-4eb5-89aa-a89970ae9358: found a subdirectory /home/runner/work/ozone/ozone/hadoop-ozone/integration-test/target/test-dir/MiniOzoneClusterImpl-aaa7dc72-7fbf-48e0-acc5-129182712624/ozone-meta/datanode-4/ratisba26d9b5-73bc-4f55-8c12-38b59127a25e/tmp
2025-07-14 15:00:31,658 [a505560f-c589-4eb5-89aa-a89970ae9358-impl-thread1] INFO  server.RaftServer (RaftServerProxy.java:initGroupDir(275)) - a505560f-c589-4eb5-89aa-a89970ae9358: The directory /home/runner/work/ozone/ozone/hadoop-ozone/integration-test/target/test-dir/MiniOzoneClusterImpl-aaa7dc72-7fbf-48e0-acc5-129182712624/ozone-meta/datanode-4/ratisba26d9b5-73bc-4f55-8c12-38b59127a25e/tmp is not a group directory; ignoring it. 
2025-07-14 15:00:31,658 [main] INFO  replication.ReplicationServer (ReplicationServer.java:<init>(84)) - Initializing replication server with thread count = 10 queue length = 4096
2025-07-14 15:00:31,659 [main] INFO  server.XceiverServerGrpc (XceiverServerGrpc.java:<init>(130)) - GrpcServer channel type EpollServerSocketChannel
2025-07-14 15:00:31,661 [main] INFO  replication.ReplicationSupervisor (ReplicationSupervisor.java:build(169)) - Initializing replication supervisor with thread count = 10
2025-07-14 15:00:31,661 [main] INFO  replication.ReplicationSupervisor (ReplicationSupervisor.java:nodeStateUpdated(358)) - Node state updated to IN_SERVICE, scaling executor pool size to 10
2025-07-14 15:00:31,664 [main] INFO  http.BaseHttpServer (BaseHttpServer.java:newHttpServer2BuilderForOzone(229)) - Starting Web-server for hddsDatanode at: http://0.0.0.0:15034
2025-07-14 15:00:31,664 [main] INFO  http.BaseHttpServer (BaseHttpServer.java:<init>(107)) - Hadoop Security Enabled: false Ozone Security Enabled: false Ozone HTTP Security Enabled: false 
2025-07-14 15:00:31,665 [main] WARN  server.AuthenticationFilter (AuthenticationFilter.java:constructSecretProvider(240)) - Unable to initialize FileSignerSecretProvider, falling back to use random secrets. Reason: Could not read signature secret file: /home/runner/hadoop-http-auth-signature-secret
2025-07-14 15:00:31,668 [main] INFO  http.HttpServer2 (HttpServer2.java:addGlobalFilter(1042)) - Added global filter 'safety' (class=org.apache.hadoop.hdds.server.http.HttpServer2$QuotingInputFilter)
2025-07-14 15:00:31,668 [main] INFO  http.HttpServer2 (HttpServer2.java:addFilter(1018)) - Added filter static_user_filter (class=org.apache.hadoop.http.lib.StaticUserWebFilter$StaticUserFilter) to context hddsDatanode
2025-07-14 15:00:31,668 [main] INFO  http.HttpServer2 (HttpServer2.java:addFilter(1026)) - Added filter static_user_filter (class=org.apache.hadoop.http.lib.StaticUserWebFilter$StaticUserFilter) to context logs
2025-07-14 15:00:31,668 [main] INFO  http.HttpServer2 (HttpServer2.java:addFilter(1026)) - Added filter static_user_filter (class=org.apache.hadoop.http.lib.StaticUserWebFilter$StaticUserFilter) to context static
2025-07-14 15:00:31,669 [main] INFO  http.BaseHttpServer (BaseHttpServer.java:<init>(195)) - HTTP server of hddsDatanode uses base directory /home/runner/work/ozone/ozone/hadoop-ozone/integration-test/target/test-dir/MiniOzoneClusterImpl-aaa7dc72-7fbf-48e0-acc5-129182712624/ozone-meta/datanode-4/meta/webserver
2025-07-14 15:00:31,669 [main] INFO  http.HttpServer2 (HttpServer2.java:bindListener(1242)) - Jetty bound to port 15034
2025-07-14 15:00:31,669 [main] INFO  server.Server (Server.java:doStart(375)) - jetty-9.4.57.v20241219; built: 2025-01-08T21:24:30.412Z; git: df524e6b29271c2e09ba9aea83c18dc9db464a31; jvm 21.0.7+6-LTS
2025-07-14 15:00:31,671 [main] INFO  server.session (DefaultSessionIdManager.java:doStart(334)) - DefaultSessionIdManager workerName=node0
2025-07-14 15:00:31,671 [main] INFO  server.session (DefaultSessionIdManager.java:doStart(339)) - No SessionScavenger set, using defaults
2025-07-14 15:00:31,671 [main] INFO  server.session (HouseKeeper.java:startScavenging(132)) - node0 Scavenging every 600000ms
2025-07-14 15:00:31,672 [main] INFO  handler.ContextHandler (ContextHandler.java:doStart(921)) - Started o.e.j.s.ServletContextHandler@b562753{logs,/logs,file:///home/runner/work/ozone/ozone/hadoop-ozone/integration-test/target/log,AVAILABLE}
2025-07-14 15:00:31,672 [main] INFO  handler.ContextHandler (ContextHandler.java:doStart(921)) - Started o.e.j.s.ServletContextHandler@77c70f9a{static,/static,jar:file:/home/runner/work/ozone/ozone/hadoop-hdds/container-service/target/hdds-container-service-2.1.0-SNAPSHOT.jar!/webapps/static,AVAILABLE}
2025-07-14 15:00:31,816 [main] INFO  handler.ContextHandler (ContextHandler.java:doStart(921)) - Started o.e.j.w.WebAppContext@6ab1860{hddsDatanode,/,file:///home/runner/work/ozone/ozone/hadoop-ozone/integration-test/target/test-dir/MiniOzoneClusterImpl-aaa7dc72-7fbf-48e0-acc5-129182712624/ozone-meta/datanode-4/meta/webserver/jetty-0_0_0_0-15034-hdds-container-service-2_1_0-SNAPSHOT_jar-_-any-8160371742513351344/webapp/,AVAILABLE}{jar:file:/home/runner/work/ozone/ozone/hadoop-hdds/container-service/target/hdds-container-service-2.1.0-SNAPSHOT.jar!/webapps/hddsDatanode}
2025-07-14 15:00:31,817 [main] INFO  server.AbstractConnector (AbstractConnector.java:doStart(333)) - Started ServerConnector@76ed86db{HTTP/1.1, (http/1.1)}{0.0.0.0:15034}
2025-07-14 15:00:31,817 [main] INFO  server.Server (Server.java:doStart(415)) - Started @41381ms
2025-07-14 15:00:31,817 [main] WARN  impl.MetricsSystemImpl (MetricsSystemImpl.java:register(279)) - Sink prometheus already exists!
2025-07-14 15:00:31,817 [main] INFO  http.BaseHttpServer (BaseHttpServer.java:updateConnectorAddress(359)) - HTTP server of hddsDatanode listening at http://localhost:15034
2025-07-14 15:00:31,818 [main] INFO  ipc.CallQueueManager (CallQueueManager.java:<init>(93)) - Using callQueue: class java.util.concurrent.LinkedBlockingQueue, queueCapacity: 1000, scheduler: class org.apache.hadoop.ipc.DefaultRpcScheduler, ipcBackoff: false, ipcFailOver: false.
2025-07-14 15:00:31,818 [main] INFO  ipc.Server (Server.java:<init>(1438)) - Listener at 0.0.0.0:15035
2025-07-14 15:00:31,818 [Socket Reader #1 for port 15035] INFO  ipc.Server (Server.java:run(1474)) - Starting Socket Reader #1 for port 15035
2025-07-14 15:00:31,819 [Socket Reader #2 for port 15035] INFO  ipc.Server (Server.java:run(1474)) - Starting Socket Reader #2 for port 15035
2025-07-14 15:00:31,819 [Socket Reader #3 for port 15035] INFO  ipc.Server (Server.java:run(1474)) - Starting Socket Reader #3 for port 15035
2025-07-14 15:00:31,819 [Socket Reader #4 for port 15035] INFO  ipc.Server (Server.java:run(1474)) - Starting Socket Reader #4 for port 15035
2025-07-14 15:00:31,819 [Socket Reader #5 for port 15035] INFO  ipc.Server (Server.java:run(1474)) - Starting Socket Reader #5 for port 15035
2025-07-14 15:00:31,819 [Socket Reader #6 for port 15035] INFO  ipc.Server (Server.java:run(1474)) - Starting Socket Reader #6 for port 15035
2025-07-14 15:00:31,820 [Socket Reader #7 for port 15035] INFO  ipc.Server (Server.java:run(1474)) - Starting Socket Reader #7 for port 15035
2025-07-14 15:00:31,820 [Socket Reader #8 for port 15035] INFO  ipc.Server (Server.java:run(1474)) - Starting Socket Reader #8 for port 15035
2025-07-14 15:00:31,820 [Socket Reader #9 for port 15035] INFO  ipc.Server (Server.java:run(1474)) - Starting Socket Reader #9 for port 15035
2025-07-14 15:00:31,820 [Socket Reader #10 for port 15035] INFO  ipc.Server (Server.java:run(1474)) - Starting Socket Reader #10 for port 15035
2025-07-14 15:00:31,822 [main] INFO  ozone.HddsDatanodeService (HddsDatanodeService.java:start(333)) - Datanode start with admins: [admin, runner]
2025-07-14 15:00:31,822 [main] INFO  ozone.HddsDatanodeClientProtocolServer (HddsDatanodeClientProtocolServer.java:start(76)) - RPC server for Client /0.0.0.0:15035
2025-07-14 15:00:31,822 [IPC Server Responder] INFO  ipc.Server (Server.java:run(1713)) - IPC Server Responder: starting
2025-07-14 15:00:31,822 [IPC Server listener on 15035] INFO  ipc.Server (Server.java:run(1553)) - IPC Server listener on 15035: starting
]]></system-out>
  </testcase>
  <testcase name="testUnhealthyContainer" classname="org.apache.hadoop.ozone.client.rpc.TestContainerStateMachineFailures" time="51.308">
    <system-out><![CDATA[2025-07-14 15:00:31,827 [a505560f-c589-4eb5-89aa-a89970ae9358-DatanodeStateMachineDaemonThread] INFO  statemachine.DatanodeStateMachine (DatanodeStateMachine.java:startStateMachineThread(347)) - Ozone container server started.
2025-07-14 15:00:31,832 [a505560f-c589-4eb5-89aa-a89970ae9358-DatanodeStateMachineTaskThread-0] INFO  datanode.InitDatanodeState (InitDatanodeState.java:persistContainerDatanodeDetails(139)) - DatanodeDetails is persisted to /home/runner/work/ozone/ozone/hadoop-ozone/integration-test/target/test-dir/MiniOzoneClusterImpl-aaa7dc72-7fbf-48e0-acc5-129182712624/ozone-meta/datanode-4/meta/datanode.id
2025-07-14 15:00:31,848 [ac481237-f71e-4eeb-9120-a6c52bf83f13@group-C5ADC75AADF5-StateMachineUpdater] INFO  ratis.ContainerStateMachine (ContainerStateMachine.java:takeSnapshot(427)) - group-C5ADC75AADF5: Taking a snapshot at:(t:1, i:6) file /home/runner/work/ozone/ozone/hadoop-ozone/integration-test/target/test-dir/MiniOzoneClusterImpl-aaa7dc72-7fbf-48e0-acc5-129182712624/ozone-meta/datanode-7/ratis/5dcf474b-d097-4e8b-9813-c5adc75aadf5/sm/snapshot.1_6
2025-07-14 15:00:31,848 [ac481237-f71e-4eeb-9120-a6c52bf83f13@group-C5ADC75AADF5-StateMachineUpdater] INFO  ratis.ContainerStateMachine (ContainerStateMachine.java:takeSnapshot(436)) - group-C5ADC75AADF5: Finished taking a snapshot at:(t:1, i:6) file:/home/runner/work/ozone/ozone/hadoop-ozone/integration-test/target/test-dir/MiniOzoneClusterImpl-aaa7dc72-7fbf-48e0-acc5-129182712624/ozone-meta/datanode-7/ratis/5dcf474b-d097-4e8b-9813-c5adc75aadf5/sm/snapshot.1_6 took: 1 ms
2025-07-14 15:00:31,849 [ac481237-f71e-4eeb-9120-a6c52bf83f13@group-C5ADC75AADF5-StateMachineUpdater] INFO  impl.StateMachineUpdater (StateMachineUpdater.java:takeSnapshot(307)) - ac481237-f71e-4eeb-9120-a6c52bf83f13@group-C5ADC75AADF5-StateMachineUpdater: Took a snapshot at index 6
2025-07-14 15:00:31,849 [ac481237-f71e-4eeb-9120-a6c52bf83f13@group-C5ADC75AADF5-StateMachineUpdater] INFO  impl.StateMachineUpdater (StateMachineUpdater.java:lambda$new$0(101)) - ac481237-f71e-4eeb-9120-a6c52bf83f13@group-C5ADC75AADF5-StateMachineUpdater: snapshotIndex: updateIncreasingly 5 -> 6
2025-07-14 15:00:31,851 [ac481237-f71e-4eeb-9120-a6c52bf83f13-ChunkWriter-3-0] ERROR helpers.ContainerUtils (ContainerUtils.java:getChunkDir(273)) - Chunks dir /home/runner/work/ozone/ozone/hadoop-ozone/integration-test/target/test-dir/MiniOzoneClusterImpl-aaa7dc72-7fbf-48e0-acc5-129182712624/ozone-meta/datanode-7/data-0/hdds/aaa7dc72-7fbf-48e0-acc5-129182712624/current/containerDir0/7/chunks does not exist
2025-07-14 15:00:31,852 [ac481237-f71e-4eeb-9120-a6c52bf83f13-ChunkWriter-3-0] WARN  keyvalue.KeyValueHandler (ContainerUtils.java:logAndReturnError(94)) - Operation: WriteChunk , Trace ID:  , Message: Chunks directory /home/runner/work/ozone/ozone/hadoop-ozone/integration-test/target/test-dir/MiniOzoneClusterImpl-aaa7dc72-7fbf-48e0-acc5-129182712624/ozone-meta/datanode-7/data-0/hdds/aaa7dc72-7fbf-48e0-acc5-129182712624/current/containerDir0/7/chunks does not exist. , Result: UNABLE_TO_FIND_DATA_DIR , StorageContainerException Occurred.
org.apache.hadoop.hdds.scm.container.common.helpers.StorageContainerException: Chunks directory /home/runner/work/ozone/ozone/hadoop-ozone/integration-test/target/test-dir/MiniOzoneClusterImpl-aaa7dc72-7fbf-48e0-acc5-129182712624/ozone-meta/datanode-7/data-0/hdds/aaa7dc72-7fbf-48e0-acc5-129182712624/current/containerDir0/7/chunks does not exist.
	at org.apache.hadoop.ozone.container.common.helpers.ContainerUtils.getChunkDir(ContainerUtils.java:275)
	at org.apache.hadoop.ozone.container.common.impl.ContainerLayoutVersion.getChunkFile(ContainerLayoutVersion.java:115)
	at org.apache.hadoop.ozone.container.keyvalue.impl.FilePerBlockStrategy.getChunkFile(FilePerBlockStrategy.java:300)
	at org.apache.hadoop.ozone.container.keyvalue.impl.FilePerBlockStrategy.writeChunk(FilePerBlockStrategy.java:148)
	at org.apache.hadoop.ozone.container.keyvalue.impl.ChunkManagerDispatcher.writeChunk(ChunkManagerDispatcher.java:70)
	at org.apache.hadoop.ozone.container.keyvalue.KeyValueHandler.handleWriteChunk(KeyValueHandler.java:1029)
	at org.apache.hadoop.ozone.container.keyvalue.KeyValueHandler.dispatchRequest(KeyValueHandler.java:342)
	at org.apache.hadoop.ozone.container.keyvalue.KeyValueHandler.handle(KeyValueHandler.java:293)
	at org.apache.hadoop.ozone.container.common.impl.HddsDispatcher.dispatchRequest(HddsDispatcher.java:365)
	at org.apache.hadoop.ozone.container.common.impl.HddsDispatcher.lambda$dispatch$1(HddsDispatcher.java:190)
	at org.apache.hadoop.hdds.server.OzoneProtocolMessageDispatcher.processRequest(OzoneProtocolMessageDispatcher.java:87)
	at org.apache.hadoop.ozone.container.common.impl.HddsDispatcher.dispatch(HddsDispatcher.java:189)
	at org.apache.hadoop.ozone.container.common.transport.server.ratis.ContainerStateMachine.dispatchCommand(ContainerStateMachine.java:567)
	at org.apache.hadoop.ozone.container.common.transport.server.ratis.ContainerStateMachine.lambda$writeStateMachineData$2(ContainerStateMachine.java:622)
	at java.base/java.util.concurrent.FutureTask.run(FutureTask.java:317)
	at java.base/java.util.concurrent.ThreadPoolExecutor.runWorker(ThreadPoolExecutor.java:1144)
	at java.base/java.util.concurrent.ThreadPoolExecutor$Worker.run(ThreadPoolExecutor.java:642)
	at java.base/java.lang.Thread.run(Thread.java:1583)
2025-07-14T15:00:31.853226360Z ac481237-f71e-4eeb-9120-a6c52bf83f13-client-thread1 ERROR user=null | ip=null | op=PUT_BLOCK {blockData=[blockId=conID: 7 locID: 115816896921600007 bcsId: 0 replicaIndex: null, size=10]} | ret=FAILURE
org.apache.hadoop.hdds.scm.container.common.helpers.ContainerNotOpenException: Container 7 in UNHEALTHY state
	at org.apache.hadoop.ozone.container.common.impl.HddsDispatcher.validateContainerCommand(HddsDispatcher.java:580)
	at org.apache.hadoop.ozone.container.common.transport.server.ratis.ContainerStateMachine.startTransaction(ContainerStateMachine.java:488)
	at org.apache.ratis.server.impl.RaftServerImpl.writeAsyncImpl(RaftServerImpl.java:987)
	at org.apache.ratis.server.impl.RaftServerImpl.writeAsync(RaftServerImpl.java:960)
	at org.apache.ratis.server.impl.RaftServerImpl.replyFuture(RaftServerImpl.java:953)
	at org.apache.ratis.server.impl.RaftServerImpl.submitClientRequestAsync(RaftServerImpl.java:930)
	at org.apache.ratis.server.impl.RaftServerImpl.lambda$null$11(RaftServerImpl.java:919)
	at org.apache.ratis.util.JavaUtils.callAsUnchecked(JavaUtils.java:118)
	at org.apache.ratis.server.impl.RaftServerImpl.lambda$executeSubmitClientRequestAsync$12(RaftServerImpl.java:919)
	at java.base/java.util.concurrent.CompletableFuture$AsyncSupply.run(CompletableFuture.java:1768)
	at java.base/java.util.concurrent.ThreadPoolExecutor.runWorker(ThreadPoolExecutor.java:1144)
	at java.base/java.util.concurrent.ThreadPoolExecutor$Worker.run(ThreadPoolExecutor.java:642)
	at java.base/java.lang.Thread.run(Thread.java:1583)
2025-07-14 15:00:31,856 [ac481237-f71e-4eeb-9120-a6c52bf83f13-ChunkWriter-3-0] WARN  keyvalue.KeyValueContainer (KeyValueContainer.java:markContainerUnhealthy(397)) - Marked container UNHEALTHY from OPEN: KeyValueContainerData #7 (UNHEALTHY, non-empty, ri=0, origin=[dn_ac481237-f71e-4eeb-9120-a6c52bf83f13, pipeline_5dcf474b-d097-4e8b-9813-c5adc75aadf5])
2025-07-14 15:00:31,857 [ac481237-f71e-4eeb-9120-a6c52bf83f13-ChunkWriter-3-0] WARN  keyvalue.KeyValueHandler (KeyValueHandler.java:updateAndGetContainerChecksum(1451)) - Container data checksum updated from 0 to 1bdd5b56
2025-07-14T15:00:31.857477474Z ac481237-f71e-4eeb-9120-a6c52bf83f13-ChunkWriter-3-0 ERROR ID=7 | Index=0 | BCSID=7 | State=UNHEALTHY | Volume=/home/runner/work/ozone/ozone/hadoop-ozone/integration-test/target/test-dir/MiniOzoneClusterImpl-aaa7dc72-7fbf-48e0-acc5-129182712624/ozone-meta/datanode-7/data-0/hdds | DataChecksum=1bdd5b56 | Container has 1 error: WRITE_FAILURE for file /home/runner/work/ozone/ozone/hadoop-ozone/integration-test/target/test-dir/MiniOzoneClusterImpl-aaa7dc72-7fbf-48e0-acc5-129182712624/ozone-meta/datanode-7/data-0/hdds/aaa7dc72-7fbf-48e0-acc5-129182712624/current/containerDir0/7 with exception: org.apache.hadoop.hdds.scm.container.common.helpers.StorageContainerException2025-07-14 15:00:31,857 [ac481237-f71e-4eeb-9120-a6c52bf83f13-ChunkWriter-3-0] INFO  impl.HddsDispatcher (HddsDispatcher.java:dispatchRequest(411)) - Marked Container UNHEALTHY, ContainerID: 7
2025-07-14T15:00:31.857987238Z ac481237-f71e-4eeb-9120-a6c52bf83f13-ChunkWriter-3-0 ERROR user=null | ip=null | op=WRITE_CHUNK {blockData=conID: 7 locID: 115816896921600007 bcsId: 7 replicaIndex: 0, offset=5, size=5, stage=WRITE_DATA} | ret=FAILURE
java.lang.Exception: Chunks directory /home/runner/work/ozone/ozone/hadoop-ozone/integration-test/target/test-dir/MiniOzoneClusterImpl-aaa7dc72-7fbf-48e0-acc5-129182712624/ozone-meta/datanode-7/data-0/hdds/aaa7dc72-7fbf-48e0-acc5-129182712624/current/containerDir0/7/chunks does not exist.
	at org.apache.hadoop.ozone.container.common.impl.HddsDispatcher.dispatchRequest(HddsDispatcher.java:439)
	at org.apache.hadoop.ozone.container.common.impl.HddsDispatcher.lambda$dispatch$1(HddsDispatcher.java:190)
	at org.apache.hadoop.hdds.server.OzoneProtocolMessageDispatcher.processRequest(OzoneProtocolMessageDispatcher.java:87)
	at org.apache.hadoop.ozone.container.common.impl.HddsDispatcher.dispatch(HddsDispatcher.java:189)
	at org.apache.hadoop.ozone.container.common.transport.server.ratis.ContainerStateMachine.dispatchCommand(ContainerStateMachine.java:567)
	at org.apache.hadoop.ozone.container.common.transport.server.ratis.ContainerStateMachine.lambda$writeStateMachineData$2(ContainerStateMachine.java:622)
	at java.base/java.util.concurrent.FutureTask.run(FutureTask.java:317)
	at java.base/java.util.concurrent.ThreadPoolExecutor.runWorker(ThreadPoolExecutor.java:1144)
	at java.base/java.util.concurrent.ThreadPoolExecutor$Worker.run(ThreadPoolExecutor.java:642)
	at java.base/java.lang.Thread.run(Thread.java:1583)
2025-07-14 15:00:31,858 [ac481237-f71e-4eeb-9120-a6c52bf83f13-ChunkWriter-3-0] ERROR ratis.ContainerStateMachine (ContainerStateMachine.java:handleCommandResult(662)) - group-C5ADC75AADF5: writeChunk writeStateMachineData failed: blockIdcontainerID: 7
localID: 115816896921600007
blockCommitSequenceId: 7
replicaIndex: 0
 logIndex 9 chunkName 115816896921600007_chunk_2 Error message: Chunks directory /home/runner/work/ozone/ozone/hadoop-ozone/integration-test/target/test-dir/MiniOzoneClusterImpl-aaa7dc72-7fbf-48e0-acc5-129182712624/ozone-meta/datanode-7/data-0/hdds/aaa7dc72-7fbf-48e0-acc5-129182712624/current/containerDir0/7/chunks does not exist. Container Result: UNABLE_TO_FIND_DATA_DIR
2025-07-14 15:00:31,859 [ac481237-f71e-4eeb-9120-a6c52bf83f13@group-C5ADC75AADF5-SegmentedRaftLogWorker] ERROR ratis.ContainerStateMachine (ContainerStateMachine.java:notifyLogFailed(1268)) - group-C5ADC75AADF5: (t:1, i:9) cmdType: WriteChunk traceID: "" containerID: 7 datanodeUuid: "ac481237-f71e-4eeb-9120-a6c52bf83f13" pipelineID: "5dcf474b-d097-4e8b-9813-c5adc75aadf5" writeChunk { blockID { containerID: 7 localID: 115816896921600007 blockCommitSequenceId: 7 replicaIndex: 0 } chunkData { chunkName: "115816896921600007_chunk_2" offset: 5 len: 5 checksumData { type: CRC32 bytesPerChecksum: 16384 checksums: "\350a\3440" } } } version: 3, container path=/home/runner/work/ozone/ozone/hadoop-ozone/integration-test/target/test-dir/MiniOzoneClusterImpl-aaa7dc72-7fbf-48e0-acc5-129182712624/ozone-meta/datanode-7/data-0/hdds/aaa7dc72-7fbf-48e0-acc5-129182712624/current/containerDir0/7
org.apache.hadoop.hdds.scm.container.common.helpers.StorageContainerException: Chunks directory /home/runner/work/ozone/ozone/hadoop-ozone/integration-test/target/test-dir/MiniOzoneClusterImpl-aaa7dc72-7fbf-48e0-acc5-129182712624/ozone-meta/datanode-7/data-0/hdds/aaa7dc72-7fbf-48e0-acc5-129182712624/current/containerDir0/7/chunks does not exist.
	at org.apache.hadoop.ozone.container.common.transport.server.ratis.ContainerStateMachine.handleCommandResult(ContainerStateMachine.java:661)
	at org.apache.hadoop.ozone.container.common.transport.server.ratis.ContainerStateMachine.lambda$writeStateMachineData$2(ContainerStateMachine.java:623)
	at java.base/java.util.concurrent.FutureTask.run(FutureTask.java:317)
	at java.base/java.util.concurrent.ThreadPoolExecutor.runWorker(ThreadPoolExecutor.java:1144)
	at java.base/java.util.concurrent.ThreadPoolExecutor$Worker.run(ThreadPoolExecutor.java:642)
	at java.base/java.lang.Thread.run(Thread.java:1583)
2025-07-14 15:00:31,859 [ac481237-f71e-4eeb-9120-a6c52bf83f13@group-C5ADC75AADF5-SegmentedRaftLogWorker] WARN  ratis.XceiverServerRatis (XceiverServerRatis.java:triggerPipelineClose(758)) - pipeline Action CLOSE on pipeline Pipeline-5dcf474b-d097-4e8b-9813-c5adc75aadf5.Reason : Chunks directory /home/runner/work/ozone/ozone/hadoop-ozone/integration-test/target/test-dir/MiniOzoneClusterImpl-aaa7dc72-7fbf-48e0-acc5-129182712624/ozone-meta/datanode-7/data-0/hdds/aaa7dc72-7fbf-48e0-acc5-129182712624/current/containerDir0/7/chunks does not exist.
2025-07-14 15:00:31,859 [ac481237-f71e-4eeb-9120-a6c52bf83f13@group-C5ADC75AADF5-SegmentedRaftLogWorker] ERROR raftlog.RaftLog (RaftLogBase.java:lambda$appendImpl$3(197)) - ac481237-f71e-4eeb-9120-a6c52bf83f13@group-C5ADC75AADF5-SegmentedRaftLog: Failed to write log entry (t:1, i:9), STATEMACHINELOGENTRY, cmdType: WriteChunk traceID: "" containerID: 7 datanodeUuid: "ac481237-f71e-4eeb-9120-a6c52bf83f13" pipelineID: "5dcf474b-d097-4e8b-9813-c5adc75aadf5" writeChunk { blockID { containerID: 7 localID: 115816896921600007 blockCommitSequenceId: 7 replicaIndex: 0 } chunkData { chunkName: "115816896921600007_chunk_2" offset: 5 len: 5 checksumData { type: CRC32 bytesPerChecksum: 16384 checksums: "\350a\3440" } } } version: 3, container path=/home/runner/work/ozone/ozone/hadoop-ozone/integration-test/target/test-dir/MiniOzoneClusterImpl-aaa7dc72-7fbf-48e0-acc5-129182712624/ozone-meta/datanode-7/data-0/hdds/aaa7dc72-7fbf-48e0-acc5-129182712624/current/containerDir0/7
org.apache.hadoop.hdds.scm.container.common.helpers.StorageContainerException: Chunks directory /home/runner/work/ozone/ozone/hadoop-ozone/integration-test/target/test-dir/MiniOzoneClusterImpl-aaa7dc72-7fbf-48e0-acc5-129182712624/ozone-meta/datanode-7/data-0/hdds/aaa7dc72-7fbf-48e0-acc5-129182712624/current/containerDir0/7/chunks does not exist.
	at org.apache.hadoop.ozone.container.common.transport.server.ratis.ContainerStateMachine.handleCommandResult(ContainerStateMachine.java:661)
	at org.apache.hadoop.ozone.container.common.transport.server.ratis.ContainerStateMachine.lambda$writeStateMachineData$2(ContainerStateMachine.java:623)
	at java.base/java.util.concurrent.FutureTask.run(FutureTask.java:317)
	at java.base/java.util.concurrent.ThreadPoolExecutor.runWorker(ThreadPoolExecutor.java:1144)
	at java.base/java.util.concurrent.ThreadPoolExecutor$Worker.run(ThreadPoolExecutor.java:642)
	at java.base/java.lang.Thread.run(Thread.java:1583)
2025-07-14 15:00:31,859 [ac481237-f71e-4eeb-9120-a6c52bf83f13@group-C5ADC75AADF5-cacheEviction-AwaitToRun] INFO  util.AwaitToRun (AwaitToRun.java:run(49)) - ac481237-f71e-4eeb-9120-a6c52bf83f13@group-C5ADC75AADF5-cacheEviction-AwaitToRun-AwaitForSignal is interrupted
2025-07-14 15:00:31,859 [FixedThreadPoolWithAffinityExecutor-8-0] INFO  container.IncrementalContainerReportHandler (AbstractContainerReportHandler.java:updateContainerState(253)) - FINALIZE (i.e. CLOSING) Container #7 (OPEN, sid=0) r0 (UNHEALTHY, bcsid=7, origin=ac481237-f71e-4eeb-9120-a6c52bf83f13, non-empty) from dn ac481237-f71e-4eeb-9120-a6c52bf83f13(localhost/127.0.0.1)
2025-07-14 15:00:31,860 [EventQueue-CloseContainerForCloseContainerEventHandler] INFO  container.CloseContainerEventHandler (CloseContainerEventHandler.java:onMessage(88)) - Close container Event triggered for container : #7, current state: OPEN
2025-07-14 15:00:31,861 [pool-357-thread-1] WARN  keyvalue.KeyValueHandler (KeyValueHandler.java:updateAndGetContainerChecksum(1451)) - Container data checksum updated from 1bdd5b56 to 0
2025-07-14 15:00:31,861 [pool-357-thread-1] ERROR ozoneimpl.OnDemandContainerScanner (ContainerScanHelper.java:handleUnhealthyScanResult(119)) - Corruption detected in container [7]. Marking it UNHEALTHY. Container has 1 error: MISSING_CHUNKS_DIR for file /home/runner/work/ozone/ozone/hadoop-ozone/integration-test/target/test-dir/MiniOzoneClusterImpl-aaa7dc72-7fbf-48e0-acc5-129182712624/ozone-meta/datanode-7/data-0/hdds/aaa7dc72-7fbf-48e0-acc5-129182712624/current/containerDir0/7/chunks with exception: java.io.FileNotFoundException: Chunks directory /home/runner/work/ozone/ozone/hadoop-ozone/integration-test/target/test-dir/MiniOzoneClusterImpl-aaa7dc72-7fbf-48e0-acc5-129182712624/ozone-meta/datanode-7/data-0/hdds/aaa7dc72-7fbf-48e0-acc5-129182712624/current/containerDir0/7/chunks not found.
2025-07-14 15:00:31,862 [EventQueue-PipelineActionsForPipelineActionHandler] INFO  pipeline.PipelineActionHandler (PipelineActionHandler.java:processPipelineAction(89)) - Received pipeline action CLOSE for Pipeline-5dcf474b-d097-4e8b-9813-c5adc75aadf5 from datanode ac481237-f71e-4eeb-9120-a6c52bf83f13(localhost/127.0.0.1). Reason : Chunks directory /home/runner/work/ozone/ozone/hadoop-ozone/integration-test/target/test-dir/MiniOzoneClusterImpl-aaa7dc72-7fbf-48e0-acc5-129182712624/ozone-meta/datanode-7/data-0/hdds/aaa7dc72-7fbf-48e0-acc5-129182712624/current/containerDir0/7/chunks does not exist.
2025-07-14 15:00:31,867 [EventQueue-CloseContainerForCloseContainerEventHandler] INFO  container.CloseContainerEventHandler (CloseContainerEventHandler.java:onMessage(88)) - Close container Event triggered for container : #6, current state: CLOSING
2025-07-14 15:00:31,867 [EventQueue-PipelineActionsForPipelineActionHandler] INFO  pipeline.PipelineManagerImpl (PipelineManagerImpl.java:closeContainersForPipeline(489)) - Container #6 closed for pipeline=Pipeline-5dcf474b-d097-4e8b-9813-c5adc75aadf5
2025-07-14 15:00:31,867 [EventQueue-CloseContainerForCloseContainerEventHandler] INFO  container.CloseContainerEventHandler (CloseContainerEventHandler.java:onMessage(88)) - Close container Event triggered for container : #7, current state: CLOSING
2025-07-14 15:00:31,867 [EventQueue-PipelineActionsForPipelineActionHandler] INFO  pipeline.PipelineManagerImpl (PipelineManagerImpl.java:closeContainersForPipeline(489)) - Container #7 closed for pipeline=Pipeline-5dcf474b-d097-4e8b-9813-c5adc75aadf5
2025-07-14 15:00:31,869 [EventQueue-PipelineActionsForPipelineActionHandler] INFO  pipeline.PipelineManagerImpl (PipelineManagerImpl.java:closePipeline(511)) - Pipeline Pipeline-5dcf474b-d097-4e8b-9813-c5adc75aadf5 moved to CLOSED state
2025-07-14 15:00:31,869 [EventQueue-PipelineActionsForPipelineActionHandler] INFO  pipeline.PipelineActionHandler (PipelineActionHandler.java:processPipelineAction(89)) - Received pipeline action CLOSE for Pipeline-5dcf474b-d097-4e8b-9813-c5adc75aadf5 from datanode ac481237-f71e-4eeb-9120-a6c52bf83f13(localhost/127.0.0.1). Reason : Chunks directory /home/runner/work/ozone/ozone/hadoop-ozone/integration-test/target/test-dir/MiniOzoneClusterImpl-aaa7dc72-7fbf-48e0-acc5-129182712624/ozone-meta/datanode-7/data-0/hdds/aaa7dc72-7fbf-48e0-acc5-129182712624/current/containerDir0/7/chunks does not exist.
2025-07-14 15:00:32,061 [EventQueue-PipelineActionsForPipelineActionHandler] INFO  pipeline.PipelineActionHandler (PipelineActionHandler.java:processPipelineAction(89)) - Received pipeline action CLOSE for Pipeline-5dcf474b-d097-4e8b-9813-c5adc75aadf5 from datanode ac481237-f71e-4eeb-9120-a6c52bf83f13(localhost/127.0.0.1). Reason : Chunks directory /home/runner/work/ozone/ozone/hadoop-ozone/integration-test/target/test-dir/MiniOzoneClusterImpl-aaa7dc72-7fbf-48e0-acc5-129182712624/ozone-meta/datanode-7/data-0/hdds/aaa7dc72-7fbf-48e0-acc5-129182712624/current/containerDir0/7/chunks does not exist.
2025-07-14 15:00:32,261 [EventQueue-PipelineActionsForPipelineActionHandler] INFO  pipeline.PipelineActionHandler (PipelineActionHandler.java:processPipelineAction(89)) - Received pipeline action CLOSE for Pipeline-5dcf474b-d097-4e8b-9813-c5adc75aadf5 from datanode ac481237-f71e-4eeb-9120-a6c52bf83f13(localhost/127.0.0.1). Reason : Chunks directory /home/runner/work/ozone/ozone/hadoop-ozone/integration-test/target/test-dir/MiniOzoneClusterImpl-aaa7dc72-7fbf-48e0-acc5-129182712624/ozone-meta/datanode-7/data-0/hdds/aaa7dc72-7fbf-48e0-acc5-129182712624/current/containerDir0/7/chunks does not exist.
2025-07-14 15:00:32,331 [a505560f-c589-4eb5-89aa-a89970ae9358-ContainerReader-0] INFO  ozoneimpl.ContainerReader (ContainerReader.java:readVolume(144)) - Start to verify containers on volume /home/runner/work/ozone/ozone/hadoop-ozone/integration-test/target/test-dir/MiniOzoneClusterImpl-aaa7dc72-7fbf-48e0-acc5-129182712624/ozone-meta/datanode-4/data-0/hdds
2025-07-14 15:00:32,335 [a505560f-c589-4eb5-89aa-a89970ae9358-ContainerReader-0] WARN  helpers.KeyValueContainerUtil (KeyValueContainerUtil.java:populateContainerMetadata(323)) - Missing pendingDeleteBlockCount from metadata: recalculate them from block table
2025-07-14 15:00:32,339 [a505560f-c589-4eb5-89aa-a89970ae9358-ContainerReader-0] WARN  helpers.KeyValueContainerUtil (KeyValueContainerUtil.java:populateContainerMetadata(323)) - Missing pendingDeleteBlockCount from metadata: recalculate them from block table
2025-07-14 15:00:32,341 [a505560f-c589-4eb5-89aa-a89970ae9358-ContainerReader-0] INFO  ozoneimpl.ContainerReader (ContainerReader.java:readVolume(174)) - Finish verifying containers on volume /home/runner/work/ozone/ozone/hadoop-ozone/integration-test/target/test-dir/MiniOzoneClusterImpl-aaa7dc72-7fbf-48e0-acc5-129182712624/ozone-meta/datanode-4/data-0/hdds
2025-07-14 15:00:32,341 [ForkJoinPool.commonPool-worker-1] WARN  impl.ContainerSet (ContainerSet.java:lambda$buildMissingContainerSetAndValidate$2(524)) - Adding container 5 to missing container set.
2025-07-14 15:00:32,341 [a505560f-c589-4eb5-89aa-a89970ae9358-EndpointStateMachineTaskThread-/0.0.0.0:15002-0 ] INFO  ozoneimpl.OzoneContainer (OzoneContainer.java:buildContainerSet(370)) - Build ContainerSet costs 0s
2025-07-14 15:00:32,342 [a505560f-c589-4eb5-89aa-a89970ae9358-EndpointStateMachineTaskThread-/0.0.0.0:15002-0 ] INFO  volume.ThrottledAsyncChecker (ThrottledAsyncChecker.java:schedule(138)) - Scheduling a check for /home/runner/work/ozone/ozone/hadoop-ozone/integration-test/target/test-dir/MiniOzoneClusterImpl-aaa7dc72-7fbf-48e0-acc5-129182712624/ozone-meta/datanode-4/data-0/hdds
2025-07-14 15:00:32,342 [a505560f-c589-4eb5-89aa-a89970ae9358-EndpointStateMachineTaskThread-/0.0.0.0:15002-0 ] INFO  volume.StorageVolumeChecker (StorageVolumeChecker.java:checkAllVolumes(215)) - Scheduled health check for volume /home/runner/work/ozone/ozone/hadoop-ozone/integration-test/target/test-dir/MiniOzoneClusterImpl-aaa7dc72-7fbf-48e0-acc5-129182712624/ozone-meta/datanode-4/data-0/hdds
2025-07-14 15:00:32,345 [a505560f-c589-4eb5-89aa-a89970ae9358-EndpointStateMachineTaskThread-/0.0.0.0:15002-0 ] INFO  volume.ThrottledAsyncChecker (ThrottledAsyncChecker.java:schedule(138)) - Scheduling a check for /home/runner/work/ozone/ozone/hadoop-ozone/integration-test/target/test-dir/MiniOzoneClusterImpl-aaa7dc72-7fbf-48e0-acc5-129182712624/ozone-meta/datanode-4/ratisba26d9b5-73bc-4f55-8c12-38b59127a25e
2025-07-14 15:00:32,345 [a505560f-c589-4eb5-89aa-a89970ae9358-EndpointStateMachineTaskThread-/0.0.0.0:15002-0 ] INFO  volume.StorageVolumeChecker (StorageVolumeChecker.java:checkAllVolumes(215)) - Scheduled health check for volume /home/runner/work/ozone/ozone/hadoop-ozone/integration-test/target/test-dir/MiniOzoneClusterImpl-aaa7dc72-7fbf-48e0-acc5-129182712624/ozone-meta/datanode-4/ratisba26d9b5-73bc-4f55-8c12-38b59127a25e
2025-07-14 15:00:32,346 [a505560f-c589-4eb5-89aa-a89970ae9358-EndpointStateMachineTaskThread-/0.0.0.0:15002-0 ] INFO  ozoneimpl.OzoneContainer (OzoneContainer.java:start(520)) - Attempting to start container services.
2025-07-14 15:00:32,348 [a505560f-c589-4eb5-89aa-a89970ae9358-EndpointStateMachineTaskThread-/0.0.0.0:15002-0 ] INFO  replication.ReplicationServer (ReplicationServer.java:start(137)) - ReplicationServer is started using port 15041
2025-07-14 15:00:32,348 [a505560f-c589-4eb5-89aa-a89970ae9358-EndpointStateMachineTaskThread-/0.0.0.0:15002-0 ] INFO  ratis.XceiverServerRatis (XceiverServerRatis.java:start(559)) - Starting XceiverServerRatis(a505560f-c589-4eb5-89aa-a89970ae9358)
2025-07-14 15:00:32,349 [a505560f-c589-4eb5-89aa-a89970ae9358-EndpointStateMachineTaskThread-/0.0.0.0:15002-0 ] INFO  server.RaftServer (RaftServerProxy.java:startImpl(412)) - a505560f-c589-4eb5-89aa-a89970ae9358: start RPC server
2025-07-14 15:00:32,350 [a505560f-c589-4eb5-89aa-a89970ae9358-EndpointStateMachineTaskThread-/0.0.0.0:15002-0 ] INFO  server.GrpcServicesImpl (GrpcServicesImpl.java:startImpl(346)) - a505560f-c589-4eb5-89aa-a89970ae9358: GrpcServicesImpl started, listening on 15037
2025-07-14 15:00:32,350 [a505560f-c589-4eb5-89aa-a89970ae9358-EndpointStateMachineTaskThread-/0.0.0.0:15002-0 ] INFO  server.GrpcServicesImpl (GrpcServicesImpl.java:startImpl(346)) - a505560f-c589-4eb5-89aa-a89970ae9358: GrpcServicesImpl started, listening on 15039
2025-07-14 15:00:32,350 [a505560f-c589-4eb5-89aa-a89970ae9358-EndpointStateMachineTaskThread-/0.0.0.0:15002-0 ] INFO  server.GrpcServicesImpl (GrpcServicesImpl.java:startImpl(346)) - a505560f-c589-4eb5-89aa-a89970ae9358: GrpcServicesImpl started, listening on 15038
2025-07-14 15:00:32,351 [ContainerMetadataScanner] INFO  ozoneimpl.AbstractBackgroundContainerScanner (AbstractBackgroundContainerScanner.java:runIteration(89)) - Completed an iteration in 0 minutes. Number of iterations (since the data-node restart) : 1, Number of containers scanned in this iteration : 2, Number of unhealthy containers found in this iteration : 0
2025-07-14 15:00:32,351 [JvmPauseMonitor13] INFO  util.JvmPauseMonitor (JvmPauseMonitor.java:run(146)) - JvmPauseMonitor-a505560f-c589-4eb5-89aa-a89970ae9358: Started
2025-07-14 15:00:32,351 [a505560f-c589-4eb5-89aa-a89970ae9358-EndpointStateMachineTaskThread-/0.0.0.0:15002-0 ] INFO  ratis.XceiverServerRatis (XceiverServerRatis.java:getRealPort(586)) - XceiverServerRatis(a505560f-c589-4eb5-89aa-a89970ae9358) is started using port RATIS=15037
2025-07-14 15:00:32,351 [a505560f-c589-4eb5-89aa-a89970ae9358-EndpointStateMachineTaskThread-/0.0.0.0:15002-0 ] INFO  ratis.XceiverServerRatis (XceiverServerRatis.java:getRealPort(586)) - XceiverServerRatis(a505560f-c589-4eb5-89aa-a89970ae9358) is started using port RATIS_ADMIN=15038
2025-07-14 15:00:32,351 [a505560f-c589-4eb5-89aa-a89970ae9358-EndpointStateMachineTaskThread-/0.0.0.0:15002-0 ] INFO  ratis.XceiverServerRatis (XceiverServerRatis.java:getRealPort(586)) - XceiverServerRatis(a505560f-c589-4eb5-89aa-a89970ae9358) is started using port RATIS_SERVER=15039
2025-07-14 15:00:32,351 [a505560f-c589-4eb5-89aa-a89970ae9358-EndpointStateMachineTaskThread-/0.0.0.0:15002-0 ] INFO  ratis.XceiverServerRatis (XceiverServerRatis.java:getRealPort(586)) - XceiverServerRatis(a505560f-c589-4eb5-89aa-a89970ae9358) is started using port RATIS_DATASTREAM=15040
2025-07-14 15:00:32,352 [a505560f-c589-4eb5-89aa-a89970ae9358-EndpointStateMachineTaskThread-/0.0.0.0:15002-0 ] INFO  utils.BackgroundService (BackgroundService.java:start(118)) - Starting service BlockDeletingService with interval 60000 milliseconds
2025-07-14 15:00:32,353 [a505560f-c589-4eb5-89aa-a89970ae9358-EndpointStateMachineTaskThread-/0.0.0.0:15002-0 ] INFO  utils.BackgroundService (BackgroundService.java:start(118)) - Starting service StaleRecoveringContainerScrubbingService with interval 60000 milliseconds
2025-07-14 15:00:32,355 [ContainerDataScanner(/home/runner/work/ozone/ozone/hadoop-ozone/integration-test/target/test-dir/MiniOzoneClusterImpl-aaa7dc72-7fbf-48e0-acc5-129182712624/ozone-meta/datanode-4/data-0/hdds)] INFO  ozoneimpl.AbstractBackgroundContainerScanner (AbstractBackgroundContainerScanner.java:runIteration(89)) - Completed an iteration in 0 minutes. Number of iterations (since the data-node restart) : 1, Number of containers scanned in this iteration : 1, Number of unhealthy containers found in this iteration : 0
2025-07-14 15:00:32,461 [EventQueue-PipelineActionsForPipelineActionHandler] INFO  pipeline.PipelineActionHandler (PipelineActionHandler.java:processPipelineAction(89)) - Received pipeline action CLOSE for Pipeline-5dcf474b-d097-4e8b-9813-c5adc75aadf5 from datanode ac481237-f71e-4eeb-9120-a6c52bf83f13(localhost/127.0.0.1). Reason : Chunks directory /home/runner/work/ozone/ozone/hadoop-ozone/integration-test/target/test-dir/MiniOzoneClusterImpl-aaa7dc72-7fbf-48e0-acc5-129182712624/ozone-meta/datanode-7/data-0/hdds/aaa7dc72-7fbf-48e0-acc5-129182712624/current/containerDir0/7/chunks does not exist.
2025-07-14 15:00:32,661 [EventQueue-PipelineActionsForPipelineActionHandler] INFO  pipeline.PipelineActionHandler (PipelineActionHandler.java:processPipelineAction(89)) - Received pipeline action CLOSE for Pipeline-5dcf474b-d097-4e8b-9813-c5adc75aadf5 from datanode ac481237-f71e-4eeb-9120-a6c52bf83f13(localhost/127.0.0.1). Reason : Chunks directory /home/runner/work/ozone/ozone/hadoop-ozone/integration-test/target/test-dir/MiniOzoneClusterImpl-aaa7dc72-7fbf-48e0-acc5-129182712624/ozone-meta/datanode-7/data-0/hdds/aaa7dc72-7fbf-48e0-acc5-129182712624/current/containerDir0/7/chunks does not exist.
2025-07-14 15:00:32,837 [77d16558-8a68-4655-9235-107e22ba3c38@group-B771F555DC8D-FollowerState] INFO  impl.FollowerState (FollowerState.java:runImpl(161)) - 77d16558-8a68-4655-9235-107e22ba3c38@group-B771F555DC8D-FollowerState: change to CANDIDATE, lastRpcElapsedTime:5278055383ns, electionTimeout:5050ms
2025-07-14 15:00:32,837 [77d16558-8a68-4655-9235-107e22ba3c38@group-B771F555DC8D-FollowerState] INFO  impl.RoleInfo (RoleInfo.java:shutdownFollowerState(121)) - 77d16558-8a68-4655-9235-107e22ba3c38: shutdown 77d16558-8a68-4655-9235-107e22ba3c38@group-B771F555DC8D-FollowerState
2025-07-14 15:00:32,837 [77d16558-8a68-4655-9235-107e22ba3c38@group-B771F555DC8D-FollowerState] INFO  server.RaftServer$Division (RaftServerImpl.java:setRole(392)) - 77d16558-8a68-4655-9235-107e22ba3c38@group-B771F555DC8D: changes role from  FOLLOWER to CANDIDATE at term 1 for changeToCandidate
2025-07-14 15:00:32,837 [77d16558-8a68-4655-9235-107e22ba3c38@group-B771F555DC8D-FollowerState] INFO  impl.RoleInfo (RoleInfo.java:updateAndGet(148)) - 77d16558-8a68-4655-9235-107e22ba3c38: start 77d16558-8a68-4655-9235-107e22ba3c38@group-B771F555DC8D-LeaderElection23
2025-07-14 15:00:32,837 [77d16558-8a68-4655-9235-107e22ba3c38@group-B771F555DC8D-LeaderElection23] INFO  server.RaftServer$Division (ServerState.java:setLeader(272)) - 77d16558-8a68-4655-9235-107e22ba3c38@group-B771F555DC8D: change Leader from a505560f-c589-4eb5-89aa-a89970ae9358 to null at term 1 for PRE_VOTE
2025-07-14 15:00:32,838 [77d16558-8a68-4655-9235-107e22ba3c38@group-B771F555DC8D-LeaderElection23] INFO  impl.LeaderElection (LeaderElection.java:askForVotes(448)) - 77d16558-8a68-4655-9235-107e22ba3c38@group-B771F555DC8D-LeaderElection23 PRE_VOTE round 0: submit vote requests at term 1 for conf: {index: 0, cur=peers:[77d16558-8a68-4655-9235-107e22ba3c38|127.0.0.1:15047, 52f0bf1a-a22c-4dfc-83f0-dd23f5b60a86|127.0.0.1:15055, a505560f-c589-4eb5-89aa-a89970ae9358|127.0.0.1:15039]|listeners:[], old=null}
2025-07-14 15:00:32,838 [77d16558-8a68-4655-9235-107e22ba3c38@group-B771F555DC8D-LeaderElection23-1] INFO  server.GrpcServerProtocolClient (GrpcServerProtocolClient.java:<init>(65)) - Build channel for 52f0bf1a-a22c-4dfc-83f0-dd23f5b60a86|127.0.0.1:15055
2025-07-14 15:00:32,838 [77d16558-8a68-4655-9235-107e22ba3c38@group-B771F555DC8D-LeaderElection23-2] INFO  server.GrpcServerProtocolClient (GrpcServerProtocolClient.java:<init>(65)) - Build channel for a505560f-c589-4eb5-89aa-a89970ae9358|127.0.0.1:15039
2025-07-14 15:00:32,842 [grpc-default-executor-2] INFO  server.RaftServer$Division (RaftServerImpl.java:requestVote(1421)) - 52f0bf1a-a22c-4dfc-83f0-dd23f5b60a86@group-B771F555DC8D: receive requestVote(PRE_VOTE, 77d16558-8a68-4655-9235-107e22ba3c38, group-B771F555DC8D, 1, (t:1, i:4))
2025-07-14 15:00:32,842 [grpc-default-executor-3] WARN  server.GrpcServerProtocolService (LogUtils.java:warn(129)) - a505560f-c589-4eb5-89aa-a89970ae9358: Failed requestVote 77d16558-8a68-4655-9235-107e22ba3c38->a505560f-c589-4eb5-89aa-a89970ae9358#0
org.apache.ratis.protocol.exceptions.GroupMismatchException: a505560f-c589-4eb5-89aa-a89970ae9358: group-B771F555DC8D not found.
	at org.apache.ratis.server.impl.RaftServerProxy$ImplMap.get(RaftServerProxy.java:160)
	at org.apache.ratis.server.impl.RaftServerProxy.getImplFuture(RaftServerProxy.java:370)
	at org.apache.ratis.server.impl.RaftServerProxy.getImpl(RaftServerProxy.java:379)
	at org.apache.ratis.server.impl.RaftServerProxy.getImpl(RaftServerProxy.java:374)
	at org.apache.ratis.server.impl.RaftServerProxy.requestVote(RaftServerProxy.java:639)
	at org.apache.ratis.grpc.server.GrpcServerProtocolService.requestVote(GrpcServerProtocolService.java:208)
	at org.apache.ratis.proto.grpc.RaftServerProtocolServiceGrpc$MethodHandlers.invoke(RaftServerProtocolServiceGrpc.java:499)
	at org.apache.ratis.thirdparty.io.grpc.stub.ServerCalls$UnaryServerCallHandler$UnaryServerCallListener.onHalfClose(ServerCalls.java:182)
	at org.apache.ratis.thirdparty.io.grpc.internal.ServerCallImpl$ServerStreamListenerImpl.halfClosed(ServerCallImpl.java:356)
	at org.apache.ratis.thirdparty.io.grpc.internal.ServerImpl$JumpToApplicationThreadServerStreamListener$1HalfClosed.runInContext(ServerImpl.java:861)
	at org.apache.ratis.thirdparty.io.grpc.internal.ContextRunnable.run(ContextRunnable.java:37)
	at org.apache.ratis.thirdparty.io.grpc.internal.SerializingExecutor.run(SerializingExecutor.java:133)
	at java.base/java.util.concurrent.ThreadPoolExecutor.runWorker(ThreadPoolExecutor.java:1144)
	at java.base/java.util.concurrent.ThreadPoolExecutor$Worker.run(ThreadPoolExecutor.java:642)
	at java.base/java.lang.Thread.run(Thread.java:1583)
2025-07-14 15:00:32,842 [grpc-default-executor-2] INFO  impl.VoteContext (VoteContext.java:log(49)) - 52f0bf1a-a22c-4dfc-83f0-dd23f5b60a86@group-B771F555DC8D-FOLLOWER: accept PRE_VOTE from 77d16558-8a68-4655-9235-107e22ba3c38: our priority 0 <= candidate's priority 0
2025-07-14 15:00:32,843 [grpc-default-executor-2] INFO  server.RaftServer$Division (RaftServerImpl.java:requestVote(1455)) - 52f0bf1a-a22c-4dfc-83f0-dd23f5b60a86@group-B771F555DC8D replies to PRE_VOTE vote request: 77d16558-8a68-4655-9235-107e22ba3c38<-52f0bf1a-a22c-4dfc-83f0-dd23f5b60a86#0:OK-t1-last:(t:1, i:4). Peer's state: 52f0bf1a-a22c-4dfc-83f0-dd23f5b60a86@group-B771F555DC8D:t1, leader=a505560f-c589-4eb5-89aa-a89970ae9358, voted=a505560f-c589-4eb5-89aa-a89970ae9358, raftlog=Memoized:52f0bf1a-a22c-4dfc-83f0-dd23f5b60a86@group-B771F555DC8D-SegmentedRaftLog:OPENED:c4:last(t:1, i:4), conf=conf: {index: 0, cur=peers:[77d16558-8a68-4655-9235-107e22ba3c38|127.0.0.1:15047, 52f0bf1a-a22c-4dfc-83f0-dd23f5b60a86|127.0.0.1:15055, a505560f-c589-4eb5-89aa-a89970ae9358|127.0.0.1:15039]|listeners:[], old=null}
2025-07-14 15:00:32,845 [77d16558-8a68-4655-9235-107e22ba3c38@group-B771F555DC8D-LeaderElection23] INFO  impl.LeaderElection (LogUtils.java:infoOrTrace(142)) - 77d16558-8a68-4655-9235-107e22ba3c38@group-B771F555DC8D-LeaderElection23 got exception when requesting votes: java.util.concurrent.ExecutionException: org.apache.ratis.thirdparty.io.grpc.StatusRuntimeException: INTERNAL: a505560f-c589-4eb5-89aa-a89970ae9358: group-B771F555DC8D not found.
2025-07-14 15:00:32,845 [77d16558-8a68-4655-9235-107e22ba3c38@group-B771F555DC8D-LeaderElection23] INFO  impl.LeaderElection (LeaderElection.java:logAndReturn(206)) - 77d16558-8a68-4655-9235-107e22ba3c38@group-B771F555DC8D-LeaderElection23: PRE_VOTE PASSED received 1 response(s) and 1 exception(s):
2025-07-14 15:00:32,845 [77d16558-8a68-4655-9235-107e22ba3c38@group-B771F555DC8D-LeaderElection23] INFO  impl.LeaderElection (LeaderElection.java:logAndReturn(210)) -   Response 0: 77d16558-8a68-4655-9235-107e22ba3c38<-52f0bf1a-a22c-4dfc-83f0-dd23f5b60a86#0:OK-t1-last:(t:1, i:4)
2025-07-14 15:00:32,845 [77d16558-8a68-4655-9235-107e22ba3c38@group-B771F555DC8D-LeaderElection23] INFO  impl.LeaderElection (LogUtils.java:infoOrTrace(142)) -   Exception 1: java.util.concurrent.ExecutionException: org.apache.ratis.thirdparty.io.grpc.StatusRuntimeException: INTERNAL: a505560f-c589-4eb5-89aa-a89970ae9358: group-B771F555DC8D not found.
2025-07-14 15:00:32,845 [77d16558-8a68-4655-9235-107e22ba3c38@group-B771F555DC8D-LeaderElection23] INFO  impl.LeaderElection (LeaderElection.java:askForVotes(450)) - 77d16558-8a68-4655-9235-107e22ba3c38@group-B771F555DC8D-LeaderElection23 PRE_VOTE round 0: result PASSED
2025-07-14 15:00:32,847 [77d16558-8a68-4655-9235-107e22ba3c38@group-B771F555DC8D-LeaderElection23] INFO  impl.LeaderElection (LeaderElection.java:askForVotes(448)) - 77d16558-8a68-4655-9235-107e22ba3c38@group-B771F555DC8D-LeaderElection23 ELECTION round 0: submit vote requests at term 2 for conf: {index: 0, cur=peers:[77d16558-8a68-4655-9235-107e22ba3c38|127.0.0.1:15047, 52f0bf1a-a22c-4dfc-83f0-dd23f5b60a86|127.0.0.1:15055, a505560f-c589-4eb5-89aa-a89970ae9358|127.0.0.1:15039]|listeners:[], old=null}
2025-07-14 15:00:32,849 [grpc-default-executor-3] INFO  server.RaftServer$Division (RaftServerImpl.java:requestVote(1421)) - 52f0bf1a-a22c-4dfc-83f0-dd23f5b60a86@group-B771F555DC8D: receive requestVote(ELECTION, 77d16558-8a68-4655-9235-107e22ba3c38, group-B771F555DC8D, 2, (t:1, i:4))
2025-07-14 15:00:32,849 [grpc-default-executor-3] INFO  impl.VoteContext (VoteContext.java:log(49)) - 52f0bf1a-a22c-4dfc-83f0-dd23f5b60a86@group-B771F555DC8D-FOLLOWER: accept ELECTION from 77d16558-8a68-4655-9235-107e22ba3c38: our priority 0 <= candidate's priority 0
2025-07-14 15:00:32,849 [grpc-default-executor-3] INFO  server.RaftServer$Division (RaftServerImpl.java:setRole(392)) - 52f0bf1a-a22c-4dfc-83f0-dd23f5b60a86@group-B771F555DC8D: changes role from  FOLLOWER to FOLLOWER at term 1 for candidate:77d16558-8a68-4655-9235-107e22ba3c38
2025-07-14 15:00:32,849 [grpc-default-executor-3] INFO  impl.RoleInfo (RoleInfo.java:shutdownFollowerState(121)) - 52f0bf1a-a22c-4dfc-83f0-dd23f5b60a86: shutdown 52f0bf1a-a22c-4dfc-83f0-dd23f5b60a86@group-B771F555DC8D-FollowerState
2025-07-14 15:00:32,849 [grpc-default-executor-2] WARN  server.GrpcServerProtocolService (LogUtils.java:warn(129)) - a505560f-c589-4eb5-89aa-a89970ae9358: Failed requestVote 77d16558-8a68-4655-9235-107e22ba3c38->a505560f-c589-4eb5-89aa-a89970ae9358#0
org.apache.ratis.protocol.exceptions.GroupMismatchException: a505560f-c589-4eb5-89aa-a89970ae9358: group-B771F555DC8D not found.
	at org.apache.ratis.server.impl.RaftServerProxy$ImplMap.get(RaftServerProxy.java:160)
	at org.apache.ratis.server.impl.RaftServerProxy.getImplFuture(RaftServerProxy.java:370)
	at org.apache.ratis.server.impl.RaftServerProxy.getImpl(RaftServerProxy.java:379)
	at org.apache.ratis.server.impl.RaftServerProxy.getImpl(RaftServerProxy.java:374)
	at org.apache.ratis.server.impl.RaftServerProxy.requestVote(RaftServerProxy.java:639)
	at org.apache.ratis.grpc.server.GrpcServerProtocolService.requestVote(GrpcServerProtocolService.java:208)
	at org.apache.ratis.proto.grpc.RaftServerProtocolServiceGrpc$MethodHandlers.invoke(RaftServerProtocolServiceGrpc.java:499)
	at org.apache.ratis.thirdparty.io.grpc.stub.ServerCalls$UnaryServerCallHandler$UnaryServerCallListener.onHalfClose(ServerCalls.java:182)
	at org.apache.ratis.thirdparty.io.grpc.internal.ServerCallImpl$ServerStreamListenerImpl.halfClosed(ServerCallImpl.java:356)
	at org.apache.ratis.thirdparty.io.grpc.internal.ServerImpl$JumpToApplicationThreadServerStreamListener$1HalfClosed.runInContext(ServerImpl.java:861)
	at org.apache.ratis.thirdparty.io.grpc.internal.ContextRunnable.run(ContextRunnable.java:37)
	at org.apache.ratis.thirdparty.io.grpc.internal.SerializingExecutor.run(SerializingExecutor.java:133)
	at java.base/java.util.concurrent.ThreadPoolExecutor.runWorker(ThreadPoolExecutor.java:1144)
	at java.base/java.util.concurrent.ThreadPoolExecutor$Worker.run(ThreadPoolExecutor.java:642)
	at java.base/java.lang.Thread.run(Thread.java:1583)
2025-07-14 15:00:32,850 [grpc-default-executor-3] INFO  server.RaftServer$Division (ServerState.java:setLeader(272)) - 52f0bf1a-a22c-4dfc-83f0-dd23f5b60a86@group-B771F555DC8D: change Leader from a505560f-c589-4eb5-89aa-a89970ae9358 to null at term 2 for updateCurrentTerm
2025-07-14 15:00:32,850 [grpc-default-executor-3] INFO  impl.RoleInfo (RoleInfo.java:updateAndGet(148)) - 52f0bf1a-a22c-4dfc-83f0-dd23f5b60a86: start 52f0bf1a-a22c-4dfc-83f0-dd23f5b60a86@group-B771F555DC8D-FollowerState
2025-07-14 15:00:32,850 [52f0bf1a-a22c-4dfc-83f0-dd23f5b60a86@group-B771F555DC8D-FollowerState] INFO  impl.FollowerState (FollowerState.java:runImpl(170)) - 52f0bf1a-a22c-4dfc-83f0-dd23f5b60a86@group-B771F555DC8D-FollowerState was interrupted
2025-07-14 15:00:32,851 [77d16558-8a68-4655-9235-107e22ba3c38@group-B771F555DC8D-LeaderElection23] INFO  impl.LeaderElection (LogUtils.java:infoOrTrace(142)) - 77d16558-8a68-4655-9235-107e22ba3c38@group-B771F555DC8D-LeaderElection23 got exception when requesting votes: java.util.concurrent.ExecutionException: org.apache.ratis.thirdparty.io.grpc.StatusRuntimeException: INTERNAL: a505560f-c589-4eb5-89aa-a89970ae9358: group-B771F555DC8D not found.
2025-07-14 15:00:32,852 [grpc-default-executor-3] INFO  server.RaftServer$Division (RaftServerImpl.java:requestVote(1455)) - 52f0bf1a-a22c-4dfc-83f0-dd23f5b60a86@group-B771F555DC8D replies to ELECTION vote request: 77d16558-8a68-4655-9235-107e22ba3c38<-52f0bf1a-a22c-4dfc-83f0-dd23f5b60a86#0:OK-t2-last:(t:1, i:4). Peer's state: 52f0bf1a-a22c-4dfc-83f0-dd23f5b60a86@group-B771F555DC8D:t2, leader=null, voted=77d16558-8a68-4655-9235-107e22ba3c38, raftlog=Memoized:52f0bf1a-a22c-4dfc-83f0-dd23f5b60a86@group-B771F555DC8D-SegmentedRaftLog:OPENED:c4:last(t:1, i:4), conf=conf: {index: 0, cur=peers:[77d16558-8a68-4655-9235-107e22ba3c38|127.0.0.1:15047, 52f0bf1a-a22c-4dfc-83f0-dd23f5b60a86|127.0.0.1:15055, a505560f-c589-4eb5-89aa-a89970ae9358|127.0.0.1:15039]|listeners:[], old=null}
2025-07-14 15:00:32,852 [77d16558-8a68-4655-9235-107e22ba3c38@group-B771F555DC8D-LeaderElection23] INFO  impl.LeaderElection (LeaderElection.java:logAndReturn(206)) - 77d16558-8a68-4655-9235-107e22ba3c38@group-B771F555DC8D-LeaderElection23: ELECTION PASSED received 1 response(s) and 1 exception(s):
2025-07-14 15:00:32,852 [77d16558-8a68-4655-9235-107e22ba3c38@group-B771F555DC8D-LeaderElection23] INFO  impl.LeaderElection (LeaderElection.java:logAndReturn(210)) -   Response 0: 77d16558-8a68-4655-9235-107e22ba3c38<-52f0bf1a-a22c-4dfc-83f0-dd23f5b60a86#0:OK-t2-last:(t:1, i:4)
2025-07-14 15:00:32,852 [77d16558-8a68-4655-9235-107e22ba3c38@group-B771F555DC8D-LeaderElection23] INFO  impl.LeaderElection (LogUtils.java:infoOrTrace(142)) -   Exception 1: java.util.concurrent.ExecutionException: org.apache.ratis.thirdparty.io.grpc.StatusRuntimeException: INTERNAL: a505560f-c589-4eb5-89aa-a89970ae9358: group-B771F555DC8D not found.
2025-07-14 15:00:32,852 [77d16558-8a68-4655-9235-107e22ba3c38@group-B771F555DC8D-LeaderElection23] INFO  impl.LeaderElection (LeaderElection.java:askForVotes(450)) - 77d16558-8a68-4655-9235-107e22ba3c38@group-B771F555DC8D-LeaderElection23 ELECTION round 0: result PASSED
2025-07-14 15:00:32,852 [77d16558-8a68-4655-9235-107e22ba3c38@group-B771F555DC8D-LeaderElection23] INFO  impl.RoleInfo (RoleInfo.java:shutdownLeaderElection(141)) - 77d16558-8a68-4655-9235-107e22ba3c38: shutdown 77d16558-8a68-4655-9235-107e22ba3c38@group-B771F555DC8D-LeaderElection23
2025-07-14 15:00:32,853 [77d16558-8a68-4655-9235-107e22ba3c38@group-B771F555DC8D-LeaderElection23] INFO  server.RaftServer$Division (RaftServerImpl.java:setRole(392)) - 77d16558-8a68-4655-9235-107e22ba3c38@group-B771F555DC8D: changes role from CANDIDATE to LEADER at term 2 for changeToLeader
2025-07-14 15:00:32,853 [77d16558-8a68-4655-9235-107e22ba3c38@group-B771F555DC8D-LeaderElection23] INFO  server.RaftServerConfigKeys (ConfUtils.java:logFallback(69)) - raft.server.staging.timeout = 15600ms (fallback to raft.server.rpc.timeout.max)
2025-07-14 15:00:32,853 [77d16558-8a68-4655-9235-107e22ba3c38@group-B771F555DC8D-LeaderElection23] INFO  server.RaftServerConfigKeys (ConfUtils.java:logGet(62)) - raft.server.write.byte-limit = 1024 M (=1073741824) (custom)
2025-07-14 15:00:32,855 [77d16558-8a68-4655-9235-107e22ba3c38@group-B771F555DC8D-LeaderElection23] INFO  server.RaftServerConfigKeys (ConfUtils.java:logGet(62)) - raft.server.log.appender.buffer.byte-limit = 33554432 (custom)
2025-07-14 15:00:32,856 [77d16558-8a68-4655-9235-107e22ba3c38@group-B771F555DC8D-LeaderElection23] INFO  server.RaftServerConfigKeys (ConfUtils.java:logGet(62)) - raft.server.log.appender.buffer.byte-limit = 33554432 (custom)
2025-07-14 15:00:32,856 [77d16558-8a68-4655-9235-107e22ba3c38@group-B771F555DC8D-LeaderElection23] INFO  impl.RoleInfo (RoleInfo.java:updateAndGet(148)) - 77d16558-8a68-4655-9235-107e22ba3c38: start 77d16558-8a68-4655-9235-107e22ba3c38@group-B771F555DC8D-LeaderStateImpl
2025-07-14 15:00:32,856 [77d16558-8a68-4655-9235-107e22ba3c38@group-B771F555DC8D-LeaderElection23] INFO  ratis.XceiverServerRatis (XceiverServerRatis.java:handleLeaderChangedNotification(944)) - Leader change notification received for group: group-B771F555DC8D with new leaderId: 77d16558-8a68-4655-9235-107e22ba3c38
2025-07-14 15:00:32,856 [77d16558-8a68-4655-9235-107e22ba3c38@group-B771F555DC8D-LeaderElection23] INFO  server.RaftServer$Division (ServerState.java:setLeader(272)) - 77d16558-8a68-4655-9235-107e22ba3c38@group-B771F555DC8D: change Leader from null to 77d16558-8a68-4655-9235-107e22ba3c38 at term 2 for becomeLeader, leader elected after 18ms
2025-07-14 15:00:32,857 [77d16558-8a68-4655-9235-107e22ba3c38@group-B771F555DC8D-LeaderElection23] INFO  segmented.SegmentedRaftLogWorker (SegmentedRaftLogWorker.java:rollLogSegment(445)) - 77d16558-8a68-4655-9235-107e22ba3c38@group-B771F555DC8D-SegmentedRaftLogWorker: Rolling segment log-0_4 to index:4
2025-07-14 15:00:32,857 [77d16558-8a68-4655-9235-107e22ba3c38@group-B771F555DC8D-LeaderElection23] INFO  server.RaftServer$Division (ServerState.java:setRaftConf(386)) - 77d16558-8a68-4655-9235-107e22ba3c38@group-B771F555DC8D: set configuration conf: {index: 5, cur=peers:[77d16558-8a68-4655-9235-107e22ba3c38|127.0.0.1:15047, 52f0bf1a-a22c-4dfc-83f0-dd23f5b60a86|127.0.0.1:15055, a505560f-c589-4eb5-89aa-a89970ae9358|127.0.0.1:15039]|listeners:[], old=null}
2025-07-14 15:00:32,861 [77d16558-8a68-4655-9235-107e22ba3c38@group-B771F555DC8D-SegmentedRaftLogWorker] INFO  segmented.SegmentedRaftLogWorker (SegmentedRaftLogWorker.java:execute(604)) - 77d16558-8a68-4655-9235-107e22ba3c38@group-B771F555DC8D-SegmentedRaftLogWorker: Rolled log segment from /home/runner/work/ozone/ozone/hadoop-ozone/integration-test/target/test-dir/MiniOzoneClusterImpl-aaa7dc72-7fbf-48e0-acc5-129182712624/ozone-meta/datanode-5/ratis/955d2a46-e184-48bd-86c8-b771f555dc8d/current/log_inprogress_0 to /home/runner/work/ozone/ozone/hadoop-ozone/integration-test/target/test-dir/MiniOzoneClusterImpl-aaa7dc72-7fbf-48e0-acc5-129182712624/ozone-meta/datanode-5/ratis/955d2a46-e184-48bd-86c8-b771f555dc8d/current/log_0-4
2025-07-14 15:00:32,861 [77d16558-8a68-4655-9235-107e22ba3c38@group-B771F555DC8D-SegmentedRaftLogWorker] INFO  segmented.BufferedWriteChannel (BufferedWriteChannel.java:open(61)) - open log_inprogress_5 at position 0
2025-07-14 15:00:32,862 [EventQueue-PipelineActionsForPipelineActionHandler] INFO  pipeline.PipelineActionHandler (PipelineActionHandler.java:processPipelineAction(89)) - Received pipeline action CLOSE for Pipeline-5dcf474b-d097-4e8b-9813-c5adc75aadf5 from datanode ac481237-f71e-4eeb-9120-a6c52bf83f13(localhost/127.0.0.1). Reason : Chunks directory /home/runner/work/ozone/ozone/hadoop-ozone/integration-test/target/test-dir/MiniOzoneClusterImpl-aaa7dc72-7fbf-48e0-acc5-129182712624/ozone-meta/datanode-7/data-0/hdds/aaa7dc72-7fbf-48e0-acc5-129182712624/current/containerDir0/7/chunks does not exist.
2025-07-14 15:00:32,867 [grpc-default-executor-2] INFO  ratis.XceiverServerRatis (XceiverServerRatis.java:handleLeaderChangedNotification(944)) - Leader change notification received for group: group-B771F555DC8D with new leaderId: 77d16558-8a68-4655-9235-107e22ba3c38
2025-07-14 15:00:32,867 [grpc-default-executor-2] INFO  server.RaftServer$Division (ServerState.java:setLeader(272)) - 52f0bf1a-a22c-4dfc-83f0-dd23f5b60a86@group-B771F555DC8D: change Leader from null to 77d16558-8a68-4655-9235-107e22ba3c38 at term 2 for appendEntries, leader elected after 17ms
2025-07-14 15:00:32,868 [grpc-default-executor-2] INFO  server.RaftServer$Division (ServerState.java:setRaftConf(386)) - 52f0bf1a-a22c-4dfc-83f0-dd23f5b60a86@group-B771F555DC8D: set configuration conf: {index: 5, cur=peers:[77d16558-8a68-4655-9235-107e22ba3c38|127.0.0.1:15047, 52f0bf1a-a22c-4dfc-83f0-dd23f5b60a86|127.0.0.1:15055, a505560f-c589-4eb5-89aa-a89970ae9358|127.0.0.1:15039]|listeners:[], old=null}
2025-07-14 15:00:32,868 [grpc-default-executor-2] INFO  segmented.SegmentedRaftLogWorker (SegmentedRaftLogWorker.java:rollLogSegment(445)) - 52f0bf1a-a22c-4dfc-83f0-dd23f5b60a86@group-B771F555DC8D-SegmentedRaftLogWorker: Rolling segment log-0_4 to index:4
2025-07-14 15:00:32,871 [52f0bf1a-a22c-4dfc-83f0-dd23f5b60a86@group-B771F555DC8D-SegmentedRaftLogWorker] INFO  segmented.SegmentedRaftLogWorker (SegmentedRaftLogWorker.java:execute(604)) - 52f0bf1a-a22c-4dfc-83f0-dd23f5b60a86@group-B771F555DC8D-SegmentedRaftLogWorker: Rolled log segment from /home/runner/work/ozone/ozone/hadoop-ozone/integration-test/target/test-dir/MiniOzoneClusterImpl-aaa7dc72-7fbf-48e0-acc5-129182712624/ozone-meta/datanode-6/ratis/955d2a46-e184-48bd-86c8-b771f555dc8d/current/log_inprogress_0 to /home/runner/work/ozone/ozone/hadoop-ozone/integration-test/target/test-dir/MiniOzoneClusterImpl-aaa7dc72-7fbf-48e0-acc5-129182712624/ozone-meta/datanode-6/ratis/955d2a46-e184-48bd-86c8-b771f555dc8d/current/log_0-4
2025-07-14 15:00:32,871 [52f0bf1a-a22c-4dfc-83f0-dd23f5b60a86@group-B771F555DC8D-SegmentedRaftLogWorker] INFO  segmented.BufferedWriteChannel (BufferedWriteChannel.java:open(61)) - open log_inprogress_5 at position 0
2025-07-14 15:00:32,872 [grpc-default-executor-3] WARN  server.GrpcServerProtocolService (LogUtils.java:warn(129)) - a505560f-c589-4eb5-89aa-a89970ae9358: Failed APPEND_ENTRIES request 77d16558-8a68-4655-9235-107e22ba3c38->a505560f-c589-4eb5-89aa-a89970ae9358#1-t2,previous=(t:1, i:4),leaderCommit=4,initializing? false,entries: size=1, first=(t:2, i:5), CONFIGURATIONENTRY(current:id:"77d16558-8a68-4655-9235-107e22ba3c38"address:"127.0.0.1:15047"dataStreamAddress:"127.0.0.1:15048"clientAddress:"127.0.0.1:15045"adminAddress:"127.0.0.1:15046"startupRole:FOLLOWER, id:"52f0bf1a-a22c-4dfc-83f0-dd23f5b60a86"address:"127.0.0.1:15055"dataStreamAddress:"127.0.0.1:15056"clientAddress:"127.0.0.1:15053"adminAddress:"127.0.0.1:15054"startupRole:FOLLOWER, id:"a505560f-c589-4eb5-89aa-a89970ae9358"address:"127.0.0.1:15039"priority:1dataStreamAddress:"127.0.0.1:15040"clientAddress:"127.0.0.1:15037"adminAddress:"127.0.0.1:15038"startupRole:FOLLOWER, old:)
java.util.concurrent.CompletionException: org.apache.ratis.protocol.exceptions.GroupMismatchException: a505560f-c589-4eb5-89aa-a89970ae9358: group-B771F555DC8D not found.
	at java.base/java.util.concurrent.CompletableFuture.encodeThrowable(CompletableFuture.java:332)
	at java.base/java.util.concurrent.CompletableFuture.uniComposeStage(CompletableFuture.java:1177)
	at java.base/java.util.concurrent.CompletableFuture.thenCompose(CompletableFuture.java:2341)
	at org.apache.ratis.server.impl.RaftServerProxy.appendEntriesAsync(RaftServerProxy.java:651)
	at org.apache.ratis.grpc.server.GrpcServerProtocolService$1.process(GrpcServerProtocolService.java:245)
	at org.apache.ratis.grpc.server.GrpcServerProtocolService$1.process(GrpcServerProtocolService.java:242)
	at org.apache.ratis.grpc.server.GrpcServerProtocolService$ServerRequestStreamObserver.onNext(GrpcServerProtocolService.java:150)
	at org.apache.ratis.thirdparty.io.grpc.stub.ServerCalls$StreamingServerCallHandler$StreamingServerCallListener.onMessage(ServerCalls.java:262)
	at org.apache.ratis.thirdparty.io.grpc.internal.ServerCallImpl$ServerStreamListenerImpl.messagesAvailableInternal(ServerCallImpl.java:334)
	at org.apache.ratis.thirdparty.io.grpc.internal.ServerCallImpl$ServerStreamListenerImpl.messagesAvailable(ServerCallImpl.java:319)
	at org.apache.ratis.thirdparty.io.grpc.internal.ServerImpl$JumpToApplicationThreadServerStreamListener$1MessagesAvailable.runInContext(ServerImpl.java:834)
	at org.apache.ratis.thirdparty.io.grpc.internal.ContextRunnable.run(ContextRunnable.java:37)
	at org.apache.ratis.thirdparty.io.grpc.internal.SerializingExecutor.run(SerializingExecutor.java:133)
	at java.base/java.util.concurrent.ThreadPoolExecutor.runWorker(ThreadPoolExecutor.java:1144)
	at java.base/java.util.concurrent.ThreadPoolExecutor$Worker.run(ThreadPoolExecutor.java:642)
	at java.base/java.lang.Thread.run(Thread.java:1583)
Caused by: org.apache.ratis.protocol.exceptions.GroupMismatchException: a505560f-c589-4eb5-89aa-a89970ae9358: group-B771F555DC8D not found.
	at org.apache.ratis.server.impl.RaftServerProxy$ImplMap.get(RaftServerProxy.java:160)
	at org.apache.ratis.server.impl.RaftServerProxy.getImplFuture(RaftServerProxy.java:370)
	at org.apache.ratis.server.impl.RaftServerProxy.appendEntriesAsync(RaftServerProxy.java:650)
	... 12 more
2025-07-14 15:00:32,875 [77d16558-8a68-4655-9235-107e22ba3c38@group-B771F555DC8D-SegmentedRaftLogWorker] INFO  segmented.SegmentedRaftLogWorker (SegmentedRaftLogWorker.java:execute(647)) - 77d16558-8a68-4655-9235-107e22ba3c38@group-B771F555DC8D-SegmentedRaftLogWorker: created new log segment /home/runner/work/ozone/ozone/hadoop-ozone/integration-test/target/test-dir/MiniOzoneClusterImpl-aaa7dc72-7fbf-48e0-acc5-129182712624/ozone-meta/datanode-5/ratis/955d2a46-e184-48bd-86c8-b771f555dc8d/current/log_inprogress_5
2025-07-14 15:00:32,876 [grpc-default-executor-2] WARN  server.GrpcLogAppender (LogUtils.java:warn(129)) - 77d16558-8a68-4655-9235-107e22ba3c38@group-B771F555DC8D->a505560f-c589-4eb5-89aa-a89970ae9358-AppendLogResponseHandler: Failed appendEntries
org.apache.ratis.protocol.exceptions.GroupMismatchException: a505560f-c589-4eb5-89aa-a89970ae9358: group-B771F555DC8D not found.
	at org.apache.ratis.server.impl.RaftServerProxy$ImplMap.get(RaftServerProxy.java:160)
	at org.apache.ratis.server.impl.RaftServerProxy.getImplFuture(RaftServerProxy.java:370)
	at org.apache.ratis.server.impl.RaftServerProxy.appendEntriesAsync(RaftServerProxy.java:650)
	at org.apache.ratis.grpc.server.GrpcServerProtocolService$1.process(GrpcServerProtocolService.java:245)
	at org.apache.ratis.grpc.server.GrpcServerProtocolService$1.process(GrpcServerProtocolService.java:242)
	at org.apache.ratis.grpc.server.GrpcServerProtocolService$ServerRequestStreamObserver.onNext(GrpcServerProtocolService.java:150)
	at org.apache.ratis.thirdparty.io.grpc.stub.ServerCalls$StreamingServerCallHandler$StreamingServerCallListener.onMessage(ServerCalls.java:262)
	at org.apache.ratis.thirdparty.io.grpc.internal.ServerCallImpl$ServerStreamListenerImpl.messagesAvailableInternal(ServerCallImpl.java:334)
	at org.apache.ratis.thirdparty.io.grpc.internal.ServerCallImpl$ServerStreamListenerImpl.messagesAvailable(ServerCallImpl.java:319)
	at org.apache.ratis.thirdparty.io.grpc.internal.ServerImpl$JumpToApplicationThreadServerStreamListener$1MessagesAvailable.runInContext(ServerImpl.java:834)
	at org.apache.ratis.thirdparty.io.grpc.internal.ContextRunnable.run(ContextRunnable.java:37)
	at org.apache.ratis.thirdparty.io.grpc.internal.SerializingExecutor.run(SerializingExecutor.java:133)
	at java.base/java.util.concurrent.ThreadPoolExecutor.runWorker(ThreadPoolExecutor.java:1144)
	at java.base/java.util.concurrent.ThreadPoolExecutor$Worker.run(ThreadPoolExecutor.java:642)
	at java.base/java.lang.Thread.run(Thread.java:1583)
2025-07-14 15:00:32,876 [grpc-default-executor-2] INFO  leader.LogAppender (LogAppenderBase.java:lambda$getNextIndexForError$0(215)) - Decrease nextIndex to 5
2025-07-14 15:00:32,876 [grpc-default-executor-2] INFO  leader.LogAppender (LogAppenderBase.java:lambda$getNextIndexForError$0(215)) - Decrease nextIndex to 5
2025-07-14 15:00:32,877 [grpc-default-executor-2] INFO  leader.FollowerInfo (FollowerInfoImpl.java:info(70)) - 77d16558-8a68-4655-9235-107e22ba3c38@group-B771F555DC8D->a505560f-c589-4eb5-89aa-a89970ae9358: computeNextIndex nextIndex: updateUnconditionally 6 -> 5
2025-07-14 15:00:32,885 [52f0bf1a-a22c-4dfc-83f0-dd23f5b60a86@group-B771F555DC8D-SegmentedRaftLogWorker] INFO  segmented.SegmentedRaftLogWorker (SegmentedRaftLogWorker.java:execute(647)) - 52f0bf1a-a22c-4dfc-83f0-dd23f5b60a86@group-B771F555DC8D-SegmentedRaftLogWorker: created new log segment /home/runner/work/ozone/ozone/hadoop-ozone/integration-test/target/test-dir/MiniOzoneClusterImpl-aaa7dc72-7fbf-48e0-acc5-129182712624/ozone-meta/datanode-6/ratis/955d2a46-e184-48bd-86c8-b771f555dc8d/current/log_inprogress_5
2025-07-14 15:00:32,890 [grpc-default-executor-2] WARN  server.GrpcServerProtocolService (LogUtils.java:warn(129)) - a505560f-c589-4eb5-89aa-a89970ae9358: Failed APPEND_ENTRIES request 77d16558-8a68-4655-9235-107e22ba3c38->a505560f-c589-4eb5-89aa-a89970ae9358#3-t2,previous=(t:1, i:4),leaderCommit=5,initializing? false,entries: size=2, first=(t:2, i:5), CONFIGURATIONENTRY(current:id:"77d16558-8a68-4655-9235-107e22ba3c38"address:"127.0.0.1:15047"dataStreamAddress:"127.0.0.1:15048"clientAddress:"127.0.0.1:15045"adminAddress:"127.0.0.1:15046"startupRole:FOLLOWER, id:"52f0bf1a-a22c-4dfc-83f0-dd23f5b60a86"address:"127.0.0.1:15055"dataStreamAddress:"127.0.0.1:15056"clientAddress:"127.0.0.1:15053"adminAddress:"127.0.0.1:15054"startupRole:FOLLOWER, id:"a505560f-c589-4eb5-89aa-a89970ae9358"address:"127.0.0.1:15039"priority:1dataStreamAddress:"127.0.0.1:15040"clientAddress:"127.0.0.1:15037"adminAddress:"127.0.0.1:15038"startupRole:FOLLOWER, old:)
java.util.concurrent.CompletionException: org.apache.ratis.protocol.exceptions.GroupMismatchException: a505560f-c589-4eb5-89aa-a89970ae9358: group-B771F555DC8D not found.
	at java.base/java.util.concurrent.CompletableFuture.encodeThrowable(CompletableFuture.java:332)
	at java.base/java.util.concurrent.CompletableFuture.uniComposeStage(CompletableFuture.java:1177)
	at java.base/java.util.concurrent.CompletableFuture.thenCompose(CompletableFuture.java:2341)
	at org.apache.ratis.server.impl.RaftServerProxy.appendEntriesAsync(RaftServerProxy.java:651)
	at org.apache.ratis.grpc.server.GrpcServerProtocolService$1.process(GrpcServerProtocolService.java:245)
	at org.apache.ratis.grpc.server.GrpcServerProtocolService$1.process(GrpcServerProtocolService.java:242)
	at org.apache.ratis.grpc.server.GrpcServerProtocolService$ServerRequestStreamObserver.onNext(GrpcServerProtocolService.java:150)
	at org.apache.ratis.thirdparty.io.grpc.stub.ServerCalls$StreamingServerCallHandler$StreamingServerCallListener.onMessage(ServerCalls.java:262)
	at org.apache.ratis.thirdparty.io.grpc.internal.ServerCallImpl$ServerStreamListenerImpl.messagesAvailableInternal(ServerCallImpl.java:334)
	at org.apache.ratis.thirdparty.io.grpc.internal.ServerCallImpl$ServerStreamListenerImpl.messagesAvailable(ServerCallImpl.java:319)
	at org.apache.ratis.thirdparty.io.grpc.internal.ServerImpl$JumpToApplicationThreadServerStreamListener$1MessagesAvailable.runInContext(ServerImpl.java:834)
	at org.apache.ratis.thirdparty.io.grpc.internal.ContextRunnable.run(ContextRunnable.java:37)
	at org.apache.ratis.thirdparty.io.grpc.internal.SerializingExecutor.run(SerializingExecutor.java:133)
	at java.base/java.util.concurrent.ThreadPoolExecutor.runWorker(ThreadPoolExecutor.java:1144)
	at java.base/java.util.concurrent.ThreadPoolExecutor$Worker.run(ThreadPoolExecutor.java:642)
	at java.base/java.lang.Thread.run(Thread.java:1583)
Caused by: org.apache.ratis.protocol.exceptions.GroupMismatchException: a505560f-c589-4eb5-89aa-a89970ae9358: group-B771F555DC8D not found.
	at org.apache.ratis.server.impl.RaftServerProxy$ImplMap.get(RaftServerProxy.java:160)
	at org.apache.ratis.server.impl.RaftServerProxy.getImplFuture(RaftServerProxy.java:370)
	at org.apache.ratis.server.impl.RaftServerProxy.appendEntriesAsync(RaftServerProxy.java:650)
	... 12 more
2025-07-14 15:00:32,891 [77d16558-8a68-4655-9235-107e22ba3c38@group-B771F555DC8D-StateMachineUpdater] INFO  server.RaftServer$Division (LeaderStateImpl.java:checkStartIndex(309)) - Leader 77d16558-8a68-4655-9235-107e22ba3c38@group-B771F555DC8D-LeaderStateImpl is ready since appliedIndex == startIndex == 5
2025-07-14 15:00:32,891 [77d16558-8a68-4655-9235-107e22ba3c38@group-B771F555DC8D-StateMachineUpdater] INFO  ratis.ContainerStateMachine (ContainerStateMachine.java:takeSnapshot(427)) - group-B771F555DC8D: Taking a snapshot at:(t:2, i:5) file /home/runner/work/ozone/ozone/hadoop-ozone/integration-test/target/test-dir/MiniOzoneClusterImpl-aaa7dc72-7fbf-48e0-acc5-129182712624/ozone-meta/datanode-5/ratis/955d2a46-e184-48bd-86c8-b771f555dc8d/sm/snapshot.2_5
2025-07-14 15:00:32,892 [52f0bf1a-a22c-4dfc-83f0-dd23f5b60a86@group-B771F555DC8D-StateMachineUpdater] INFO  ratis.ContainerStateMachine (ContainerStateMachine.java:takeSnapshot(427)) - group-B771F555DC8D: Taking a snapshot at:(t:2, i:5) file /home/runner/work/ozone/ozone/hadoop-ozone/integration-test/target/test-dir/MiniOzoneClusterImpl-aaa7dc72-7fbf-48e0-acc5-129182712624/ozone-meta/datanode-6/ratis/955d2a46-e184-48bd-86c8-b771f555dc8d/sm/snapshot.2_5
2025-07-14 15:00:32,893 [77d16558-8a68-4655-9235-107e22ba3c38@group-B771F555DC8D-StateMachineUpdater] INFO  ratis.ContainerStateMachine (ContainerStateMachine.java:takeSnapshot(436)) - group-B771F555DC8D: Finished taking a snapshot at:(t:2, i:5) file:/home/runner/work/ozone/ozone/hadoop-ozone/integration-test/target/test-dir/MiniOzoneClusterImpl-aaa7dc72-7fbf-48e0-acc5-129182712624/ozone-meta/datanode-5/ratis/955d2a46-e184-48bd-86c8-b771f555dc8d/sm/snapshot.2_5 took: 1 ms
2025-07-14 15:00:32,893 [77d16558-8a68-4655-9235-107e22ba3c38@group-B771F555DC8D-StateMachineUpdater] INFO  impl.StateMachineUpdater (StateMachineUpdater.java:takeSnapshot(307)) - 77d16558-8a68-4655-9235-107e22ba3c38@group-B771F555DC8D-StateMachineUpdater: Took a snapshot at index 5
2025-07-14 15:00:32,893 [77d16558-8a68-4655-9235-107e22ba3c38@group-B771F555DC8D-StateMachineUpdater] INFO  impl.StateMachineUpdater (StateMachineUpdater.java:lambda$new$0(101)) - 77d16558-8a68-4655-9235-107e22ba3c38@group-B771F555DC8D-StateMachineUpdater: snapshotIndex: updateIncreasingly 4 -> 5
2025-07-14 15:00:32,893 [77d16558-8a68-4655-9235-107e22ba3c38@group-B771F555DC8D-StateMachineUpdater] INFO  ratis.ContainerStateMachine (ContainerStateMachine.java:takeSnapshot(427)) - group-B771F555DC8D: Taking a snapshot at:(t:2, i:6) file /home/runner/work/ozone/ozone/hadoop-ozone/integration-test/target/test-dir/MiniOzoneClusterImpl-aaa7dc72-7fbf-48e0-acc5-129182712624/ozone-meta/datanode-5/ratis/955d2a46-e184-48bd-86c8-b771f555dc8d/sm/snapshot.2_6
2025-07-14 15:00:32,893 [52f0bf1a-a22c-4dfc-83f0-dd23f5b60a86@group-B771F555DC8D-StateMachineUpdater] INFO  ratis.ContainerStateMachine (ContainerStateMachine.java:takeSnapshot(436)) - group-B771F555DC8D: Finished taking a snapshot at:(t:2, i:5) file:/home/runner/work/ozone/ozone/hadoop-ozone/integration-test/target/test-dir/MiniOzoneClusterImpl-aaa7dc72-7fbf-48e0-acc5-129182712624/ozone-meta/datanode-6/ratis/955d2a46-e184-48bd-86c8-b771f555dc8d/sm/snapshot.2_5 took: 2 ms
2025-07-14 15:00:32,893 [52f0bf1a-a22c-4dfc-83f0-dd23f5b60a86@group-B771F555DC8D-StateMachineUpdater] INFO  impl.StateMachineUpdater (StateMachineUpdater.java:takeSnapshot(307)) - 52f0bf1a-a22c-4dfc-83f0-dd23f5b60a86@group-B771F555DC8D-StateMachineUpdater: Took a snapshot at index 5
2025-07-14 15:00:32,893 [52f0bf1a-a22c-4dfc-83f0-dd23f5b60a86@group-B771F555DC8D-StateMachineUpdater] INFO  impl.StateMachineUpdater (StateMachineUpdater.java:lambda$new$0(101)) - 52f0bf1a-a22c-4dfc-83f0-dd23f5b60a86@group-B771F555DC8D-StateMachineUpdater: snapshotIndex: updateIncreasingly 4 -> 5
2025-07-14 15:00:32,893 [grpc-default-executor-2] INFO  leader.LogAppender (LogAppenderBase.java:lambda$getNextIndexForError$0(215)) - Decrease nextIndex to 5
2025-07-14 15:00:32,894 [grpc-default-executor-2] INFO  leader.LogAppender (LogAppenderBase.java:lambda$getNextIndexForError$0(215)) - Decrease nextIndex to 5
2025-07-14 15:00:32,894 [grpc-default-executor-2] INFO  leader.FollowerInfo (FollowerInfoImpl.java:info(70)) - 77d16558-8a68-4655-9235-107e22ba3c38@group-B771F555DC8D->a505560f-c589-4eb5-89aa-a89970ae9358: computeNextIndex nextIndex: updateUnconditionally 7 -> 5
2025-07-14 15:00:32,894 [77d16558-8a68-4655-9235-107e22ba3c38@group-B771F555DC8D-StateMachineUpdater] INFO  ratis.ContainerStateMachine (ContainerStateMachine.java:takeSnapshot(436)) - group-B771F555DC8D: Finished taking a snapshot at:(t:2, i:6) file:/home/runner/work/ozone/ozone/hadoop-ozone/integration-test/target/test-dir/MiniOzoneClusterImpl-aaa7dc72-7fbf-48e0-acc5-129182712624/ozone-meta/datanode-5/ratis/955d2a46-e184-48bd-86c8-b771f555dc8d/sm/snapshot.2_6 took: 1 ms
2025-07-14 15:00:32,894 [77d16558-8a68-4655-9235-107e22ba3c38@group-B771F555DC8D-StateMachineUpdater] INFO  impl.StateMachineUpdater (StateMachineUpdater.java:takeSnapshot(307)) - 77d16558-8a68-4655-9235-107e22ba3c38@group-B771F555DC8D-StateMachineUpdater: Took a snapshot at index 6
2025-07-14 15:00:32,894 [77d16558-8a68-4655-9235-107e22ba3c38@group-B771F555DC8D-StateMachineUpdater] INFO  impl.StateMachineUpdater (StateMachineUpdater.java:lambda$new$0(101)) - 77d16558-8a68-4655-9235-107e22ba3c38@group-B771F555DC8D-StateMachineUpdater: snapshotIndex: updateIncreasingly 5 -> 6
2025-07-14 15:00:33,061 [EventQueue-PipelineActionsForPipelineActionHandler] INFO  pipeline.PipelineActionHandler (PipelineActionHandler.java:processPipelineAction(89)) - Received pipeline action CLOSE for Pipeline-5dcf474b-d097-4e8b-9813-c5adc75aadf5 from datanode ac481237-f71e-4eeb-9120-a6c52bf83f13(localhost/127.0.0.1). Reason : Chunks directory /home/runner/work/ozone/ozone/hadoop-ozone/integration-test/target/test-dir/MiniOzoneClusterImpl-aaa7dc72-7fbf-48e0-acc5-129182712624/ozone-meta/datanode-7/data-0/hdds/aaa7dc72-7fbf-48e0-acc5-129182712624/current/containerDir0/7/chunks does not exist.
2025-07-14 15:00:33,261 [EventQueue-PipelineActionsForPipelineActionHandler] INFO  pipeline.PipelineActionHandler (PipelineActionHandler.java:processPipelineAction(89)) - Received pipeline action CLOSE for Pipeline-5dcf474b-d097-4e8b-9813-c5adc75aadf5 from datanode ac481237-f71e-4eeb-9120-a6c52bf83f13(localhost/127.0.0.1). Reason : Chunks directory /home/runner/work/ozone/ozone/hadoop-ozone/integration-test/target/test-dir/MiniOzoneClusterImpl-aaa7dc72-7fbf-48e0-acc5-129182712624/ozone-meta/datanode-7/data-0/hdds/aaa7dc72-7fbf-48e0-acc5-129182712624/current/containerDir0/7/chunks does not exist.
2025-07-14 15:00:33,461 [EventQueue-PipelineActionsForPipelineActionHandler] INFO  pipeline.PipelineActionHandler (PipelineActionHandler.java:processPipelineAction(89)) - Received pipeline action CLOSE for Pipeline-5dcf474b-d097-4e8b-9813-c5adc75aadf5 from datanode ac481237-f71e-4eeb-9120-a6c52bf83f13(localhost/127.0.0.1). Reason : Chunks directory /home/runner/work/ozone/ozone/hadoop-ozone/integration-test/target/test-dir/MiniOzoneClusterImpl-aaa7dc72-7fbf-48e0-acc5-129182712624/ozone-meta/datanode-7/data-0/hdds/aaa7dc72-7fbf-48e0-acc5-129182712624/current/containerDir0/7/chunks does not exist.
2025-07-14 15:00:33,661 [EventQueue-PipelineActionsForPipelineActionHandler] INFO  pipeline.PipelineActionHandler (PipelineActionHandler.java:processPipelineAction(89)) - Received pipeline action CLOSE for Pipeline-5dcf474b-d097-4e8b-9813-c5adc75aadf5 from datanode ac481237-f71e-4eeb-9120-a6c52bf83f13(localhost/127.0.0.1). Reason : Chunks directory /home/runner/work/ozone/ozone/hadoop-ozone/integration-test/target/test-dir/MiniOzoneClusterImpl-aaa7dc72-7fbf-48e0-acc5-129182712624/ozone-meta/datanode-7/data-0/hdds/aaa7dc72-7fbf-48e0-acc5-129182712624/current/containerDir0/7/chunks does not exist.
2025-07-14 15:00:33,861 [EventQueue-PipelineActionsForPipelineActionHandler] INFO  pipeline.PipelineActionHandler (PipelineActionHandler.java:processPipelineAction(89)) - Received pipeline action CLOSE for Pipeline-5dcf474b-d097-4e8b-9813-c5adc75aadf5 from datanode ac481237-f71e-4eeb-9120-a6c52bf83f13(localhost/127.0.0.1). Reason : Chunks directory /home/runner/work/ozone/ozone/hadoop-ozone/integration-test/target/test-dir/MiniOzoneClusterImpl-aaa7dc72-7fbf-48e0-acc5-129182712624/ozone-meta/datanode-7/data-0/hdds/aaa7dc72-7fbf-48e0-acc5-129182712624/current/containerDir0/7/chunks does not exist.
2025-07-14 15:00:33,870 [timer2] INFO  server.GrpcServerProtocolService (GrpcServerProtocolService.java:lambda$onCompleted$6(171)) - 52f0bf1a-a22c-4dfc-83f0-dd23f5b60a86: Completed APPEND_ENTRIES, lastRequest: null  (Repeated 2 times in the last 5.000s)
2025-07-14 15:00:33,873 [timer4] INFO  server.GrpcServerProtocolService (GrpcServerProtocolService.java:lambda$null$7(175)) - 77d16558-8a68-4655-9235-107e22ba3c38: Completed APPEND_ENTRIES, lastReply: serverReply {
  requestorId: "a505560f-c589-4eb5-89aa-a89970ae9358"
  replyId: "77d16558-8a68-4655-9235-107e22ba3c38"
  raftGroupId {
    id: "\225]*F\341\204H\275\206\310\267q\365U\334\215"
  }
  callId: 20
  success: true
}
term: 1
nextIndex: 5
followerCommit: 4
matchIndex: 18446744073709551615
isHearbeat: true
  (Repeated 2 times in the last 5.000s)
2025-07-14 15:00:33,874 [timer3] INFO  server.GrpcServerProtocolService (GrpcServerProtocolService.java:lambda$onCompleted$6(171)) - 77d16558-8a68-4655-9235-107e22ba3c38: Completed APPEND_ENTRIES, lastRequest: null  (Repeated 2 times in the last 5.002s)
2025-07-14 15:00:33,880 [timer5] INFO  server.GrpcServerProtocolService (GrpcServerProtocolService.java:lambda$null$7(175)) - 52f0bf1a-a22c-4dfc-83f0-dd23f5b60a86: Completed APPEND_ENTRIES, lastReply: null  (Repeated 2 times in the last 5.011s)
2025-07-14 15:00:33,884 [timer6] WARN  server.GrpcLogAppender (LogUtils.java:warn(127)) - 52f0bf1a-a22c-4dfc-83f0-dd23f5b60a86@group-66EA1A40B3A7->a505560f-c589-4eb5-89aa-a89970ae9358-AppendLogResponseHandler: Failed appendEntries (Repeated 7 times in the last 5.001s): org.apache.ratis.thirdparty.io.grpc.StatusRuntimeException: UNAVAILABLE: io exception
  Caused by: org.apache.ratis.thirdparty.io.netty.channel.AbstractChannel$AnnotatedConnectException: finishConnect(..) failed: Connection refused: /127.0.0.1:15039
  Caused by: java.net.ConnectException: finishConnect(..) failed: Connection refused
2025-07-14 15:00:33,885 [timer7] WARN  server.GrpcLogAppender (GrpcLogAppender.java:lambda$resetClient$1(228)) - 52f0bf1a-a22c-4dfc-83f0-dd23f5b60a86@group-66EA1A40B3A7->a505560f-c589-4eb5-89aa-a89970ae9358-GrpcLogAppender: Follower failed (request=null, errorCount=7); keep nextIndex (11) unchanged and retry. (Repeated 7 times in the last 4.999s)
2025-07-14 15:00:34,061 [EventQueue-PipelineActionsForPipelineActionHandler] INFO  pipeline.PipelineActionHandler (PipelineActionHandler.java:processPipelineAction(89)) - Received pipeline action CLOSE for Pipeline-5dcf474b-d097-4e8b-9813-c5adc75aadf5 from datanode ac481237-f71e-4eeb-9120-a6c52bf83f13(localhost/127.0.0.1). Reason : Chunks directory /home/runner/work/ozone/ozone/hadoop-ozone/integration-test/target/test-dir/MiniOzoneClusterImpl-aaa7dc72-7fbf-48e0-acc5-129182712624/ozone-meta/datanode-7/data-0/hdds/aaa7dc72-7fbf-48e0-acc5-129182712624/current/containerDir0/7/chunks does not exist.
2025-07-14 15:00:34,145 [grpc-default-executor-1] WARN  server.GrpcServerProtocolService (LogUtils.java:warn(129)) - a505560f-c589-4eb5-89aa-a89970ae9358: Failed APPEND_ENTRIES request 77d16558-8a68-4655-9235-107e22ba3c38->a505560f-c589-4eb5-89aa-a89970ae9358#6-t2,previous=(t:1, i:4),leaderCommit=6,initializing? false,entries: size=2, first=(t:2, i:5), CONFIGURATIONENTRY(current:id:"77d16558-8a68-4655-9235-107e22ba3c38"address:"127.0.0.1:15047"dataStreamAddress:"127.0.0.1:15048"clientAddress:"127.0.0.1:15045"adminAddress:"127.0.0.1:15046"startupRole:FOLLOWER, id:"52f0bf1a-a22c-4dfc-83f0-dd23f5b60a86"address:"127.0.0.1:15055"dataStreamAddress:"127.0.0.1:15056"clientAddress:"127.0.0.1:15053"adminAddress:"127.0.0.1:15054"startupRole:FOLLOWER, id:"a505560f-c589-4eb5-89aa-a89970ae9358"address:"127.0.0.1:15039"priority:1dataStreamAddress:"127.0.0.1:15040"clientAddress:"127.0.0.1:15037"adminAddress:"127.0.0.1:15038"startupRole:FOLLOWER, old:)
java.util.concurrent.CompletionException: org.apache.ratis.protocol.exceptions.GroupMismatchException: a505560f-c589-4eb5-89aa-a89970ae9358: group-B771F555DC8D not found.
	at java.base/java.util.concurrent.CompletableFuture.encodeThrowable(CompletableFuture.java:332)
	at java.base/java.util.concurrent.CompletableFuture.uniComposeStage(CompletableFuture.java:1177)
	at java.base/java.util.concurrent.CompletableFuture.thenCompose(CompletableFuture.java:2341)
	at org.apache.ratis.server.impl.RaftServerProxy.appendEntriesAsync(RaftServerProxy.java:651)
	at org.apache.ratis.grpc.server.GrpcServerProtocolService$1.process(GrpcServerProtocolService.java:245)
	at org.apache.ratis.grpc.server.GrpcServerProtocolService$1.process(GrpcServerProtocolService.java:242)
	at org.apache.ratis.grpc.server.GrpcServerProtocolService$ServerRequestStreamObserver.onNext(GrpcServerProtocolService.java:150)
	at org.apache.ratis.thirdparty.io.grpc.stub.ServerCalls$StreamingServerCallHandler$StreamingServerCallListener.onMessage(ServerCalls.java:262)
	at org.apache.ratis.thirdparty.io.grpc.internal.ServerCallImpl$ServerStreamListenerImpl.messagesAvailableInternal(ServerCallImpl.java:334)
	at org.apache.ratis.thirdparty.io.grpc.internal.ServerCallImpl$ServerStreamListenerImpl.messagesAvailable(ServerCallImpl.java:319)
	at org.apache.ratis.thirdparty.io.grpc.internal.ServerImpl$JumpToApplicationThreadServerStreamListener$1MessagesAvailable.runInContext(ServerImpl.java:834)
	at org.apache.ratis.thirdparty.io.grpc.internal.ContextRunnable.run(ContextRunnable.java:37)
	at org.apache.ratis.thirdparty.io.grpc.internal.SerializingExecutor.run(SerializingExecutor.java:133)
	at java.base/java.util.concurrent.ThreadPoolExecutor.runWorker(ThreadPoolExecutor.java:1144)
	at java.base/java.util.concurrent.ThreadPoolExecutor$Worker.run(ThreadPoolExecutor.java:642)
	at java.base/java.lang.Thread.run(Thread.java:1583)
Caused by: org.apache.ratis.protocol.exceptions.GroupMismatchException: a505560f-c589-4eb5-89aa-a89970ae9358: group-B771F555DC8D not found.
	at org.apache.ratis.server.impl.RaftServerProxy$ImplMap.get(RaftServerProxy.java:160)
	at org.apache.ratis.server.impl.RaftServerProxy.getImplFuture(RaftServerProxy.java:370)
	at org.apache.ratis.server.impl.RaftServerProxy.appendEntriesAsync(RaftServerProxy.java:650)
	... 12 more
2025-07-14 15:00:34,146 [grpc-default-executor-1] INFO  leader.LogAppender (LogAppenderBase.java:lambda$getNextIndexForError$0(215)) - Decrease nextIndex to 5
2025-07-14 15:00:34,146 [grpc-default-executor-1] INFO  leader.LogAppender (LogAppenderBase.java:lambda$getNextIndexForError$0(215)) - Decrease nextIndex to 5
2025-07-14 15:00:34,146 [grpc-default-executor-1] INFO  leader.FollowerInfo (FollowerInfoImpl.java:info(70)) - 77d16558-8a68-4655-9235-107e22ba3c38@group-B771F555DC8D->a505560f-c589-4eb5-89aa-a89970ae9358: computeNextIndex nextIndex: updateUnconditionally 7 -> 5
2025-07-14 15:00:34,261 [EventQueue-PipelineActionsForPipelineActionHandler] INFO  pipeline.PipelineActionHandler (PipelineActionHandler.java:processPipelineAction(89)) - Received pipeline action CLOSE for Pipeline-5dcf474b-d097-4e8b-9813-c5adc75aadf5 from datanode ac481237-f71e-4eeb-9120-a6c52bf83f13(localhost/127.0.0.1). Reason : Chunks directory /home/runner/work/ozone/ozone/hadoop-ozone/integration-test/target/test-dir/MiniOzoneClusterImpl-aaa7dc72-7fbf-48e0-acc5-129182712624/ozone-meta/datanode-7/data-0/hdds/aaa7dc72-7fbf-48e0-acc5-129182712624/current/containerDir0/7/chunks does not exist.
2025-07-14 15:00:34,461 [EventQueue-PipelineActionsForPipelineActionHandler] INFO  pipeline.PipelineActionHandler (PipelineActionHandler.java:processPipelineAction(89)) - Received pipeline action CLOSE for Pipeline-5dcf474b-d097-4e8b-9813-c5adc75aadf5 from datanode ac481237-f71e-4eeb-9120-a6c52bf83f13(localhost/127.0.0.1). Reason : Chunks directory /home/runner/work/ozone/ozone/hadoop-ozone/integration-test/target/test-dir/MiniOzoneClusterImpl-aaa7dc72-7fbf-48e0-acc5-129182712624/ozone-meta/datanode-7/data-0/hdds/aaa7dc72-7fbf-48e0-acc5-129182712624/current/containerDir0/7/chunks does not exist.
2025-07-14 15:00:34,661 [EventQueue-PipelineActionsForPipelineActionHandler] INFO  pipeline.PipelineActionHandler (PipelineActionHandler.java:processPipelineAction(89)) - Received pipeline action CLOSE for Pipeline-5dcf474b-d097-4e8b-9813-c5adc75aadf5 from datanode ac481237-f71e-4eeb-9120-a6c52bf83f13(localhost/127.0.0.1). Reason : Chunks directory /home/runner/work/ozone/ozone/hadoop-ozone/integration-test/target/test-dir/MiniOzoneClusterImpl-aaa7dc72-7fbf-48e0-acc5-129182712624/ozone-meta/datanode-7/data-0/hdds/aaa7dc72-7fbf-48e0-acc5-129182712624/current/containerDir0/7/chunks does not exist.
2025-07-14 15:00:34,850 [timer3] ERROR impl.OrderedAsync (OrderedAsync.java:lambda$null$6(215)) -  client-D8A4E7F47A55: Failed* RaftClientRequest:client-D8A4E7F47A55->ac481237-f71e-4eeb-9120-a6c52bf83f13@group-C5ADC75AADF5, cid=158, seq=8, RW, cmdType: PutBlock
traceID: ""
containerID: 7
datanodeUuid: "ac481237-f71e-4eeb-9120-a6c52bf83f13"
putBlock {
  blockData {
    blockID {
      containerID: 7
      localID: 115816896921600007
      blockCommitSequenceId: 0
    }
    metadata {
      key: "TYPE"
      value: "KEY"
    }
    chunks {
      chunkName: "115816896921600007_chunk_1"
      offset: 0
      len: 5
      checksumData {
        type: CRC32
        bytesPerChecksum: 16384
        checksums: "\350a\3440"
      }
    }
    chunks {
      chunkName: "115816896921600007_chunk_2"
      offset: 5
      len: 5
      checksumData {
        type: CRC32
        bytesPerChecksum: 16384
        checksums: "\350a\3440"
      }
    }
  }
  eof: true
}
version: 3
, data.size=0
java.util.concurrent.CompletionException: org.apache.ratis.protocol.exceptions.TimeoutIOException: client-D8A4E7F47A55->ac481237-f71e-4eeb-9120-a6c52bf83f13 request #158 timeout 3000ms
	at java.base/java.util.concurrent.CompletableFuture.encodeThrowable(CompletableFuture.java:332)
	at java.base/java.util.concurrent.CompletableFuture.completeThrowable(CompletableFuture.java:347)
	at java.base/java.util.concurrent.CompletableFuture$UniAccept.tryFire(CompletableFuture.java:708)
	at java.base/java.util.concurrent.CompletableFuture.postComplete(CompletableFuture.java:510)
	at java.base/java.util.concurrent.CompletableFuture.completeExceptionally(CompletableFuture.java:2194)
	at org.apache.ratis.grpc.client.GrpcClientProtocolClient$AsyncStreamObservers.lambda$timeoutCheck$5(GrpcClientProtocolClient.java:376)
	at java.base/java.util.Optional.ifPresent(Optional.java:178)
	at org.apache.ratis.grpc.client.GrpcClientProtocolClient$AsyncStreamObservers.handleReplyFuture(GrpcClientProtocolClient.java:381)
	at org.apache.ratis.grpc.client.GrpcClientProtocolClient$AsyncStreamObservers.timeoutCheck(GrpcClientProtocolClient.java:376)
	at org.apache.ratis.grpc.client.GrpcClientProtocolClient$AsyncStreamObservers.lambda$onNext$3(GrpcClientProtocolClient.java:369)
	at org.apache.ratis.util.TimeoutTimer.lambda$onTimeout$2(TimeoutTimer.java:101)
	at org.apache.ratis.util.LogUtils.runAndLog(LogUtils.java:38)
	at org.apache.ratis.util.LogUtils$1.run(LogUtils.java:78)
	at org.apache.ratis.util.TimeoutTimer$Task.run(TimeoutTimer.java:55)
	at java.base/java.util.TimerThread.mainLoop(Timer.java:566)
	at java.base/java.util.TimerThread.run(Timer.java:516)
Caused by: org.apache.ratis.protocol.exceptions.TimeoutIOException: client-D8A4E7F47A55->ac481237-f71e-4eeb-9120-a6c52bf83f13 request #158 timeout 3000ms
	at org.apache.ratis.grpc.client.GrpcClientProtocolClient$AsyncStreamObservers.lambda$timeoutCheck$5(GrpcClientProtocolClient.java:377)
	... 10 more
2025-07-14 15:00:34,851 [timer2] ERROR impl.OrderedAsync (OrderedAsync.java:lambda$null$6(215)) -  client-D8A4E7F47A55: Failed* RaftClientRequest:client-D8A4E7F47A55->ac481237-f71e-4eeb-9120-a6c52bf83f13@group-C5ADC75AADF5, cid=157, seq=7, RW, cmdType: WriteChunk
traceID: ""
containerID: 7
datanodeUuid: "ac481237-f71e-4eeb-9120-a6c52bf83f13"
writeChunk {
  blockID {
    containerID: 7
    localID: 115816896921600007
    blockCommitSequenceId: 7
    replicaIndex: 0
  }
  chunkData {
    chunkName: "115816896921600007_chunk_2"
    offset: 5
    len: 5
    checksumData {
      type: CRC32
      bytesPerChecksum: 16384
      checksums: "\350a\3440"
    }
  }
}
version: 3
, data.size=5
java.util.concurrent.CompletionException: org.apache.ratis.protocol.exceptions.TimeoutIOException: client-D8A4E7F47A55->ac481237-f71e-4eeb-9120-a6c52bf83f13 request #157 timeout 3000ms
	at java.base/java.util.concurrent.CompletableFuture.encodeThrowable(CompletableFuture.java:332)
	at java.base/java.util.concurrent.CompletableFuture.completeThrowable(CompletableFuture.java:347)
	at java.base/java.util.concurrent.CompletableFuture$UniAccept.tryFire(CompletableFuture.java:708)
	at java.base/java.util.concurrent.CompletableFuture.postComplete(CompletableFuture.java:510)
	at java.base/java.util.concurrent.CompletableFuture.completeExceptionally(CompletableFuture.java:2194)
	at org.apache.ratis.grpc.client.GrpcClientProtocolClient$AsyncStreamObservers.lambda$timeoutCheck$5(GrpcClientProtocolClient.java:376)
	at java.base/java.util.Optional.ifPresent(Optional.java:178)
	at org.apache.ratis.grpc.client.GrpcClientProtocolClient$AsyncStreamObservers.handleReplyFuture(GrpcClientProtocolClient.java:381)
	at org.apache.ratis.grpc.client.GrpcClientProtocolClient$AsyncStreamObservers.timeoutCheck(GrpcClientProtocolClient.java:376)
	at org.apache.ratis.grpc.client.GrpcClientProtocolClient$AsyncStreamObservers.lambda$onNext$3(GrpcClientProtocolClient.java:369)
	at org.apache.ratis.util.TimeoutTimer.lambda$onTimeout$2(TimeoutTimer.java:101)
	at org.apache.ratis.util.LogUtils.runAndLog(LogUtils.java:38)
	at org.apache.ratis.util.LogUtils$1.run(LogUtils.java:78)
	at org.apache.ratis.util.TimeoutTimer$Task.run(TimeoutTimer.java:55)
	at java.base/java.util.TimerThread.mainLoop(Timer.java:566)
	at java.base/java.util.TimerThread.run(Timer.java:516)
Caused by: org.apache.ratis.protocol.exceptions.TimeoutIOException: client-D8A4E7F47A55->ac481237-f71e-4eeb-9120-a6c52bf83f13 request #157 timeout 3000ms
	at org.apache.ratis.grpc.client.GrpcClientProtocolClient$AsyncStreamObservers.lambda$timeoutCheck$5(GrpcClientProtocolClient.java:377)
	... 10 more
2025-07-14 15:00:34,861 [EventQueue-PipelineActionsForPipelineActionHandler] INFO  pipeline.PipelineActionHandler (PipelineActionHandler.java:processPipelineAction(89)) - Received pipeline action CLOSE for Pipeline-5dcf474b-d097-4e8b-9813-c5adc75aadf5 from datanode ac481237-f71e-4eeb-9120-a6c52bf83f13(localhost/127.0.0.1). Reason : Chunks directory /home/runner/work/ozone/ozone/hadoop-ozone/integration-test/target/test-dir/MiniOzoneClusterImpl-aaa7dc72-7fbf-48e0-acc5-129182712624/ozone-meta/datanode-7/data-0/hdds/aaa7dc72-7fbf-48e0-acc5-129182712624/current/containerDir0/7/chunks does not exist.
2025-07-14 15:00:34,861 [ac481237-f71e-4eeb-9120-a6c52bf83f13@group-C5ADC75AADF5-SegmentedRaftLogWorker] WARN  segmented.SegmentedRaftLogWorker (SegmentedRaftLogWorker.java:lambda$close$3(251)) - ac481237-f71e-4eeb-9120-a6c52bf83f13@group-C5ADC75AADF5-SegmentedRaftLogWorker: shutdown timeout in 3s
2025-07-14 15:00:34,863 [ac481237-f71e-4eeb-9120-a6c52bf83f13@group-C5ADC75AADF5-SegmentedRaftLogWorker] INFO  segmented.SegmentedRaftLogWorker (SegmentedRaftLogWorker.java:close(254)) - ac481237-f71e-4eeb-9120-a6c52bf83f13@group-C5ADC75AADF5-SegmentedRaftLogWorker close()
2025-07-14 15:00:34,866 [ac481237-f71e-4eeb-9120-a6c52bf83f13-CloseContainerThread-1] WARN  keyvalue.KeyValueHandler (KeyValueHandler.java:updateAndGetContainerChecksum(1451)) - Container data checksum updated from 0 to 1bdd5b56
2025-07-14 15:00:34,867 [ac481237-f71e-4eeb-9120-a6c52bf83f13-CloseContainerThread-1] ERROR commandhandler.CloseContainerCommandHandler (CloseContainerCommandHandler.java:lambda$handle$0(156)) - Can't close container #6
java.io.IOException: java.lang.IllegalStateException: ac481237-f71e-4eeb-9120-a6c52bf83f13@group-C5ADC75AADF5-SegmentedRaftLog is expected to be opened but it is CLOSED
	at org.apache.hadoop.ozone.container.common.transport.server.ratis.XceiverServerRatis.submitRequest(XceiverServerRatis.java:674)
	at org.apache.hadoop.ozone.container.common.statemachine.commandhandler.CloseContainerCommandHandler.lambda$handle$0(CloseContainerCommandHandler.java:126)
	at java.base/java.util.concurrent.CompletableFuture$AsyncRun.run(CompletableFuture.java:1804)
	at java.base/java.util.concurrent.ThreadPoolExecutor.runWorker(ThreadPoolExecutor.java:1144)
	at java.base/java.util.concurrent.ThreadPoolExecutor$Worker.run(ThreadPoolExecutor.java:642)
	at java.base/java.lang.Thread.run(Thread.java:1583)
Caused by: java.util.concurrent.ExecutionException: java.lang.IllegalStateException: ac481237-f71e-4eeb-9120-a6c52bf83f13@group-C5ADC75AADF5-SegmentedRaftLog is expected to be opened but it is CLOSED
	at java.base/java.util.concurrent.CompletableFuture.reportGet(CompletableFuture.java:396)
	at java.base/java.util.concurrent.CompletableFuture.get(CompletableFuture.java:2096)
	at org.apache.hadoop.ozone.container.common.transport.server.ratis.XceiverServerRatis.submitRequest(XceiverServerRatis.java:672)
	... 5 more
Caused by: java.lang.IllegalStateException: ac481237-f71e-4eeb-9120-a6c52bf83f13@group-C5ADC75AADF5-SegmentedRaftLog is expected to be opened but it is CLOSED
	at org.apache.ratis.util.OpenCloseState.assertOpen(OpenCloseState.java:63)
	at org.apache.ratis.server.raftlog.RaftLogBase.checkLogState(RaftLogBase.java:112)
	at org.apache.ratis.server.raftlog.RaftLogBase.appendImpl(RaftLogBase.java:173)
	at org.apache.ratis.server.raftlog.RaftLogBase.lambda$append$2(RaftLogBase.java:169)
	at org.apache.ratis.server.raftlog.RaftLogSequentialOps$Runner.runSequentially(RaftLogSequentialOps.java:69)
	at org.apache.ratis.server.raftlog.RaftLogBase.append(RaftLogBase.java:169)
	at org.apache.ratis.server.impl.ServerState.appendLog(ServerState.java:323)
	at org.apache.ratis.server.impl.RaftServerImpl.appendTransaction(RaftServerImpl.java:840)
	at org.apache.ratis.server.impl.RaftServerImpl.writeAsyncImpl(RaftServerImpl.java:996)
	at org.apache.ratis.server.impl.RaftServerImpl.writeAsync(RaftServerImpl.java:960)
	at org.apache.ratis.server.impl.RaftServerImpl.replyFuture(RaftServerImpl.java:953)
	at org.apache.ratis.server.impl.RaftServerImpl.submitClientRequestAsync(RaftServerImpl.java:930)
	at org.apache.ratis.server.impl.RaftServerImpl.lambda$null$11(RaftServerImpl.java:919)
	at org.apache.ratis.util.JavaUtils.callAsUnchecked(JavaUtils.java:118)
	at org.apache.ratis.server.impl.RaftServerImpl.lambda$executeSubmitClientRequestAsync$12(RaftServerImpl.java:919)
	at java.base/java.util.concurrent.CompletableFuture$AsyncSupply.run(CompletableFuture.java:1768)
	... 3 more
Caused by: org.apache.ratis.util.OpenCloseState$CloseTrace: Close ac481237-f71e-4eeb-9120-a6c52bf83f13@group-C5ADC75AADF5-SegmentedRaftLog
	at org.apache.ratis.util.OpenCloseState.lambda$close$1(OpenCloseState.java:109)
	at java.base/java.util.concurrent.atomic.AtomicReference.getAndUpdate(AtomicReference.java:188)
	at org.apache.ratis.util.OpenCloseState.close(OpenCloseState.java:109)
	at org.apache.ratis.server.raftlog.RaftLogBase.close(RaftLogBase.java:393)
	at org.apache.ratis.server.raftlog.segmented.SegmentedRaftLog.close(SegmentedRaftLog.java:528)
	at org.apache.ratis.server.raftlog.RaftLogBase.lambda$appendImpl$3(RaftLogBase.java:206)
	at java.base/java.util.concurrent.CompletableFuture.uniWhenComplete(CompletableFuture.java:863)
	at java.base/java.util.concurrent.CompletableFuture$UniWhenComplete.tryFire(CompletableFuture.java:841)
	at java.base/java.util.concurrent.CompletableFuture.postComplete(CompletableFuture.java:510)
	at java.base/java.util.concurrent.CompletableFuture.completeExceptionally(CompletableFuture.java:2194)
	at org.apache.ratis.server.raftlog.segmented.SegmentedRaftLog$Task.failed(SegmentedRaftLog.java:109)
	at org.apache.ratis.server.raftlog.segmented.SegmentedRaftLogWorker$WriteLog.failed(SegmentedRaftLogWorker.java:530)
	at org.apache.ratis.server.raftlog.segmented.SegmentedRaftLogWorker.run(SegmentedRaftLogWorker.java:326)
	at java.base/java.util.concurrent.Executors$RunnableAdapter.call(Executors.java:572)
	at java.base/java.util.concurrent.FutureTask.run(FutureTask.java:317)
	... 3 more
2025-07-14 15:00:34,867 [EventQueue-PipelineActionsForPipelineActionHandler] INFO  pipeline.PipelineActionHandler (PipelineActionHandler.java:processPipelineAction(89)) - Received pipeline action CLOSE for Pipeline-5dcf474b-d097-4e8b-9813-c5adc75aadf5 from datanode ac481237-f71e-4eeb-9120-a6c52bf83f13(localhost/127.0.0.1). Reason : Chunks directory /home/runner/work/ozone/ozone/hadoop-ozone/integration-test/target/test-dir/MiniOzoneClusterImpl-aaa7dc72-7fbf-48e0-acc5-129182712624/ozone-meta/datanode-7/data-0/hdds/aaa7dc72-7fbf-48e0-acc5-129182712624/current/containerDir0/7/chunks does not exist.
2025-07-14 15:00:35,067 [EventQueue-PipelineActionsForPipelineActionHandler] INFO  pipeline.PipelineActionHandler (PipelineActionHandler.java:processPipelineAction(89)) - Received pipeline action CLOSE for Pipeline-5dcf474b-d097-4e8b-9813-c5adc75aadf5 from datanode ac481237-f71e-4eeb-9120-a6c52bf83f13(localhost/127.0.0.1). Reason : Chunks directory /home/runner/work/ozone/ozone/hadoop-ozone/integration-test/target/test-dir/MiniOzoneClusterImpl-aaa7dc72-7fbf-48e0-acc5-129182712624/ozone-meta/datanode-7/data-0/hdds/aaa7dc72-7fbf-48e0-acc5-129182712624/current/containerDir0/7/chunks does not exist.
2025-07-14 15:00:35,268 [EventQueue-PipelineActionsForPipelineActionHandler] INFO  pipeline.PipelineActionHandler (PipelineActionHandler.java:processPipelineAction(89)) - Received pipeline action CLOSE for Pipeline-5dcf474b-d097-4e8b-9813-c5adc75aadf5 from datanode ac481237-f71e-4eeb-9120-a6c52bf83f13(localhost/127.0.0.1). Reason : Chunks directory /home/runner/work/ozone/ozone/hadoop-ozone/integration-test/target/test-dir/MiniOzoneClusterImpl-aaa7dc72-7fbf-48e0-acc5-129182712624/ozone-meta/datanode-7/data-0/hdds/aaa7dc72-7fbf-48e0-acc5-129182712624/current/containerDir0/7/chunks does not exist.
2025-07-14 15:00:35,391 [52f0bf1a-a22c-4dfc-83f0-dd23f5b60a86@group-B771F555DC8D-StateMachineUpdater] INFO  ratis.ContainerStateMachine (ContainerStateMachine.java:takeSnapshot(427)) - group-B771F555DC8D: Taking a snapshot at:(t:2, i:6) file /home/runner/work/ozone/ozone/hadoop-ozone/integration-test/target/test-dir/MiniOzoneClusterImpl-aaa7dc72-7fbf-48e0-acc5-129182712624/ozone-meta/datanode-6/ratis/955d2a46-e184-48bd-86c8-b771f555dc8d/sm/snapshot.2_6
2025-07-14 15:00:35,392 [52f0bf1a-a22c-4dfc-83f0-dd23f5b60a86@group-B771F555DC8D-StateMachineUpdater] INFO  ratis.ContainerStateMachine (ContainerStateMachine.java:takeSnapshot(436)) - group-B771F555DC8D: Finished taking a snapshot at:(t:2, i:6) file:/home/runner/work/ozone/ozone/hadoop-ozone/integration-test/target/test-dir/MiniOzoneClusterImpl-aaa7dc72-7fbf-48e0-acc5-129182712624/ozone-meta/datanode-6/ratis/955d2a46-e184-48bd-86c8-b771f555dc8d/sm/snapshot.2_6 took: 2 ms
2025-07-14 15:00:35,393 [52f0bf1a-a22c-4dfc-83f0-dd23f5b60a86@group-B771F555DC8D-StateMachineUpdater] INFO  impl.StateMachineUpdater (StateMachineUpdater.java:takeSnapshot(307)) - 52f0bf1a-a22c-4dfc-83f0-dd23f5b60a86@group-B771F555DC8D-StateMachineUpdater: Took a snapshot at index 6
2025-07-14 15:00:35,393 [52f0bf1a-a22c-4dfc-83f0-dd23f5b60a86@group-B771F555DC8D-StateMachineUpdater] INFO  impl.StateMachineUpdater (StateMachineUpdater.java:lambda$new$0(101)) - 52f0bf1a-a22c-4dfc-83f0-dd23f5b60a86@group-B771F555DC8D-StateMachineUpdater: snapshotIndex: updateIncreasingly 5 -> 6
2025-07-14 15:00:35,394 [grpc-default-executor-2] WARN  server.GrpcServerProtocolService (LogUtils.java:warn(129)) - a505560f-c589-4eb5-89aa-a89970ae9358: Failed APPEND_ENTRIES request 77d16558-8a68-4655-9235-107e22ba3c38->a505560f-c589-4eb5-89aa-a89970ae9358#7-t2,previous=(t:1, i:4),leaderCommit=6,initializing? false,entries: size=2, first=(t:2, i:5), CONFIGURATIONENTRY(current:id:"77d16558-8a68-4655-9235-107e22ba3c38"address:"127.0.0.1:15047"dataStreamAddress:"127.0.0.1:15048"clientAddress:"127.0.0.1:15045"adminAddress:"127.0.0.1:15046"startupRole:FOLLOWER, id:"52f0bf1a-a22c-4dfc-83f0-dd23f5b60a86"address:"127.0.0.1:15055"dataStreamAddress:"127.0.0.1:15056"clientAddress:"127.0.0.1:15053"adminAddress:"127.0.0.1:15054"startupRole:FOLLOWER, id:"a505560f-c589-4eb5-89aa-a89970ae9358"address:"127.0.0.1:15039"priority:1dataStreamAddress:"127.0.0.1:15040"clientAddress:"127.0.0.1:15037"adminAddress:"127.0.0.1:15038"startupRole:FOLLOWER, old:)
java.util.concurrent.CompletionException: org.apache.ratis.protocol.exceptions.GroupMismatchException: a505560f-c589-4eb5-89aa-a89970ae9358: group-B771F555DC8D not found.
	at java.base/java.util.concurrent.CompletableFuture.encodeThrowable(CompletableFuture.java:332)
	at java.base/java.util.concurrent.CompletableFuture.uniComposeStage(CompletableFuture.java:1177)
	at java.base/java.util.concurrent.CompletableFuture.thenCompose(CompletableFuture.java:2341)
	at org.apache.ratis.server.impl.RaftServerProxy.appendEntriesAsync(RaftServerProxy.java:651)
	at org.apache.ratis.grpc.server.GrpcServerProtocolService$1.process(GrpcServerProtocolService.java:245)
	at org.apache.ratis.grpc.server.GrpcServerProtocolService$1.process(GrpcServerProtocolService.java:242)
	at org.apache.ratis.grpc.server.GrpcServerProtocolService$ServerRequestStreamObserver.onNext(GrpcServerProtocolService.java:150)
	at org.apache.ratis.thirdparty.io.grpc.stub.ServerCalls$StreamingServerCallHandler$StreamingServerCallListener.onMessage(ServerCalls.java:262)
	at org.apache.ratis.thirdparty.io.grpc.internal.ServerCallImpl$ServerStreamListenerImpl.messagesAvailableInternal(ServerCallImpl.java:334)
	at org.apache.ratis.thirdparty.io.grpc.internal.ServerCallImpl$ServerStreamListenerImpl.messagesAvailable(ServerCallImpl.java:319)
	at org.apache.ratis.thirdparty.io.grpc.internal.ServerImpl$JumpToApplicationThreadServerStreamListener$1MessagesAvailable.runInContext(ServerImpl.java:834)
	at org.apache.ratis.thirdparty.io.grpc.internal.ContextRunnable.run(ContextRunnable.java:37)
	at org.apache.ratis.thirdparty.io.grpc.internal.SerializingExecutor.run(SerializingExecutor.java:133)
	at java.base/java.util.concurrent.ThreadPoolExecutor.runWorker(ThreadPoolExecutor.java:1144)
	at java.base/java.util.concurrent.ThreadPoolExecutor$Worker.run(ThreadPoolExecutor.java:642)
	at java.base/java.lang.Thread.run(Thread.java:1583)
Caused by: org.apache.ratis.protocol.exceptions.GroupMismatchException: a505560f-c589-4eb5-89aa-a89970ae9358: group-B771F555DC8D not found.
	at org.apache.ratis.server.impl.RaftServerProxy$ImplMap.get(RaftServerProxy.java:160)
	at org.apache.ratis.server.impl.RaftServerProxy.getImplFuture(RaftServerProxy.java:370)
	at org.apache.ratis.server.impl.RaftServerProxy.appendEntriesAsync(RaftServerProxy.java:650)
	... 12 more
2025-07-14 15:00:35,395 [grpc-default-executor-2] INFO  leader.LogAppender (LogAppenderBase.java:lambda$getNextIndexForError$0(215)) - Decrease nextIndex to 5
2025-07-14 15:00:35,395 [grpc-default-executor-2] INFO  leader.LogAppender (LogAppenderBase.java:lambda$getNextIndexForError$0(215)) - Decrease nextIndex to 5
2025-07-14 15:00:35,396 [grpc-default-executor-2] INFO  leader.FollowerInfo (FollowerInfoImpl.java:info(70)) - 77d16558-8a68-4655-9235-107e22ba3c38@group-B771F555DC8D->a505560f-c589-4eb5-89aa-a89970ae9358: computeNextIndex nextIndex: updateUnconditionally 7 -> 5
2025-07-14 15:00:35,468 [EventQueue-PipelineActionsForPipelineActionHandler] INFO  pipeline.PipelineActionHandler (PipelineActionHandler.java:processPipelineAction(89)) - Received pipeline action CLOSE for Pipeline-5dcf474b-d097-4e8b-9813-c5adc75aadf5 from datanode ac481237-f71e-4eeb-9120-a6c52bf83f13(localhost/127.0.0.1). Reason : Chunks directory /home/runner/work/ozone/ozone/hadoop-ozone/integration-test/target/test-dir/MiniOzoneClusterImpl-aaa7dc72-7fbf-48e0-acc5-129182712624/ozone-meta/datanode-7/data-0/hdds/aaa7dc72-7fbf-48e0-acc5-129182712624/current/containerDir0/7/chunks does not exist.
2025-07-14 15:00:35,668 [EventQueue-PipelineActionsForPipelineActionHandler] INFO  pipeline.PipelineActionHandler (PipelineActionHandler.java:processPipelineAction(89)) - Received pipeline action CLOSE for Pipeline-5dcf474b-d097-4e8b-9813-c5adc75aadf5 from datanode ac481237-f71e-4eeb-9120-a6c52bf83f13(localhost/127.0.0.1). Reason : Chunks directory /home/runner/work/ozone/ozone/hadoop-ozone/integration-test/target/test-dir/MiniOzoneClusterImpl-aaa7dc72-7fbf-48e0-acc5-129182712624/ozone-meta/datanode-7/data-0/hdds/aaa7dc72-7fbf-48e0-acc5-129182712624/current/containerDir0/7/chunks does not exist.
2025-07-14 15:00:35,868 [EventQueue-PipelineActionsForPipelineActionHandler] INFO  pipeline.PipelineActionHandler (PipelineActionHandler.java:processPipelineAction(89)) - Received pipeline action CLOSE for Pipeline-5dcf474b-d097-4e8b-9813-c5adc75aadf5 from datanode ac481237-f71e-4eeb-9120-a6c52bf83f13(localhost/127.0.0.1). Reason : Chunks directory /home/runner/work/ozone/ozone/hadoop-ozone/integration-test/target/test-dir/MiniOzoneClusterImpl-aaa7dc72-7fbf-48e0-acc5-129182712624/ozone-meta/datanode-7/data-0/hdds/aaa7dc72-7fbf-48e0-acc5-129182712624/current/containerDir0/7/chunks does not exist.
2025-07-14 15:00:36,068 [EventQueue-PipelineActionsForPipelineActionHandler] INFO  pipeline.PipelineActionHandler (PipelineActionHandler.java:processPipelineAction(89)) - Received pipeline action CLOSE for Pipeline-5dcf474b-d097-4e8b-9813-c5adc75aadf5 from datanode ac481237-f71e-4eeb-9120-a6c52bf83f13(localhost/127.0.0.1). Reason : Chunks directory /home/runner/work/ozone/ozone/hadoop-ozone/integration-test/target/test-dir/MiniOzoneClusterImpl-aaa7dc72-7fbf-48e0-acc5-129182712624/ozone-meta/datanode-7/data-0/hdds/aaa7dc72-7fbf-48e0-acc5-129182712624/current/containerDir0/7/chunks does not exist.
2025-07-14 15:00:36,269 [EventQueue-PipelineActionsForPipelineActionHandler] INFO  pipeline.PipelineActionHandler (PipelineActionHandler.java:processPipelineAction(89)) - Received pipeline action CLOSE for Pipeline-5dcf474b-d097-4e8b-9813-c5adc75aadf5 from datanode ac481237-f71e-4eeb-9120-a6c52bf83f13(localhost/127.0.0.1). Reason : Chunks directory /home/runner/work/ozone/ozone/hadoop-ozone/integration-test/target/test-dir/MiniOzoneClusterImpl-aaa7dc72-7fbf-48e0-acc5-129182712624/ozone-meta/datanode-7/data-0/hdds/aaa7dc72-7fbf-48e0-acc5-129182712624/current/containerDir0/7/chunks does not exist.
2025-07-14 15:00:36,469 [EventQueue-PipelineActionsForPipelineActionHandler] INFO  pipeline.PipelineActionHandler (PipelineActionHandler.java:processPipelineAction(89)) - Received pipeline action CLOSE for Pipeline-5dcf474b-d097-4e8b-9813-c5adc75aadf5 from datanode ac481237-f71e-4eeb-9120-a6c52bf83f13(localhost/127.0.0.1). Reason : Chunks directory /home/runner/work/ozone/ozone/hadoop-ozone/integration-test/target/test-dir/MiniOzoneClusterImpl-aaa7dc72-7fbf-48e0-acc5-129182712624/ozone-meta/datanode-7/data-0/hdds/aaa7dc72-7fbf-48e0-acc5-129182712624/current/containerDir0/7/chunks does not exist.
2025-07-14 15:00:36,649 [grpc-default-executor-1] WARN  server.GrpcServerProtocolService (LogUtils.java:warn(129)) - a505560f-c589-4eb5-89aa-a89970ae9358: Failed APPEND_ENTRIES request 77d16558-8a68-4655-9235-107e22ba3c38->a505560f-c589-4eb5-89aa-a89970ae9358#10-t2,previous=(t:1, i:4),leaderCommit=6,initializing? false,entries: size=2, first=(t:2, i:5), CONFIGURATIONENTRY(current:id:"77d16558-8a68-4655-9235-107e22ba3c38"address:"127.0.0.1:15047"dataStreamAddress:"127.0.0.1:15048"clientAddress:"127.0.0.1:15045"adminAddress:"127.0.0.1:15046"startupRole:FOLLOWER, id:"52f0bf1a-a22c-4dfc-83f0-dd23f5b60a86"address:"127.0.0.1:15055"dataStreamAddress:"127.0.0.1:15056"clientAddress:"127.0.0.1:15053"adminAddress:"127.0.0.1:15054"startupRole:FOLLOWER, id:"a505560f-c589-4eb5-89aa-a89970ae9358"address:"127.0.0.1:15039"priority:1dataStreamAddress:"127.0.0.1:15040"clientAddress:"127.0.0.1:15037"adminAddress:"127.0.0.1:15038"startupRole:FOLLOWER, old:)
java.util.concurrent.CompletionException: org.apache.ratis.protocol.exceptions.GroupMismatchException: a505560f-c589-4eb5-89aa-a89970ae9358: group-B771F555DC8D not found.
	at java.base/java.util.concurrent.CompletableFuture.encodeThrowable(CompletableFuture.java:332)
	at java.base/java.util.concurrent.CompletableFuture.uniComposeStage(CompletableFuture.java:1177)
	at java.base/java.util.concurrent.CompletableFuture.thenCompose(CompletableFuture.java:2341)
	at org.apache.ratis.server.impl.RaftServerProxy.appendEntriesAsync(RaftServerProxy.java:651)
	at org.apache.ratis.grpc.server.GrpcServerProtocolService$1.process(GrpcServerProtocolService.java:245)
	at org.apache.ratis.grpc.server.GrpcServerProtocolService$1.process(GrpcServerProtocolService.java:242)
	at org.apache.ratis.grpc.server.GrpcServerProtocolService$ServerRequestStreamObserver.onNext(GrpcServerProtocolService.java:150)
	at org.apache.ratis.thirdparty.io.grpc.stub.ServerCalls$StreamingServerCallHandler$StreamingServerCallListener.onMessage(ServerCalls.java:262)
	at org.apache.ratis.thirdparty.io.grpc.internal.ServerCallImpl$ServerStreamListenerImpl.messagesAvailableInternal(ServerCallImpl.java:334)
	at org.apache.ratis.thirdparty.io.grpc.internal.ServerCallImpl$ServerStreamListenerImpl.messagesAvailable(ServerCallImpl.java:319)
	at org.apache.ratis.thirdparty.io.grpc.internal.ServerImpl$JumpToApplicationThreadServerStreamListener$1MessagesAvailable.runInContext(ServerImpl.java:834)
	at org.apache.ratis.thirdparty.io.grpc.internal.ContextRunnable.run(ContextRunnable.java:37)
	at org.apache.ratis.thirdparty.io.grpc.internal.SerializingExecutor.run(SerializingExecutor.java:133)
	at java.base/java.util.concurrent.ThreadPoolExecutor.runWorker(ThreadPoolExecutor.java:1144)
	at java.base/java.util.concurrent.ThreadPoolExecutor$Worker.run(ThreadPoolExecutor.java:642)
	at java.base/java.lang.Thread.run(Thread.java:1583)
Caused by: org.apache.ratis.protocol.exceptions.GroupMismatchException: a505560f-c589-4eb5-89aa-a89970ae9358: group-B771F555DC8D not found.
	at org.apache.ratis.server.impl.RaftServerProxy$ImplMap.get(RaftServerProxy.java:160)
	at org.apache.ratis.server.impl.RaftServerProxy.getImplFuture(RaftServerProxy.java:370)
	at org.apache.ratis.server.impl.RaftServerProxy.appendEntriesAsync(RaftServerProxy.java:650)
	... 12 more
2025-07-14 15:00:36,650 [grpc-default-executor-1] INFO  leader.LogAppender (LogAppenderBase.java:lambda$getNextIndexForError$0(215)) - Decrease nextIndex to 5
2025-07-14 15:00:36,650 [grpc-default-executor-1] INFO  leader.LogAppender (LogAppenderBase.java:lambda$getNextIndexForError$0(215)) - Decrease nextIndex to 5
2025-07-14 15:00:36,650 [grpc-default-executor-1] INFO  leader.FollowerInfo (FollowerInfoImpl.java:info(70)) - 77d16558-8a68-4655-9235-107e22ba3c38@group-B771F555DC8D->a505560f-c589-4eb5-89aa-a89970ae9358: computeNextIndex nextIndex: updateUnconditionally 7 -> 5
2025-07-14 15:00:36,669 [EventQueue-PipelineActionsForPipelineActionHandler] INFO  pipeline.PipelineActionHandler (PipelineActionHandler.java:processPipelineAction(89)) - Received pipeline action CLOSE for Pipeline-5dcf474b-d097-4e8b-9813-c5adc75aadf5 from datanode ac481237-f71e-4eeb-9120-a6c52bf83f13(localhost/127.0.0.1). Reason : Chunks directory /home/runner/work/ozone/ozone/hadoop-ozone/integration-test/target/test-dir/MiniOzoneClusterImpl-aaa7dc72-7fbf-48e0-acc5-129182712624/ozone-meta/datanode-7/data-0/hdds/aaa7dc72-7fbf-48e0-acc5-129182712624/current/containerDir0/7/chunks does not exist.
2025-07-14 15:00:36,716 [timer6] WARN  server.GrpcLogAppender (GrpcLogAppender.java:timeoutAppendRequest(448)) - 52f0bf1a-a22c-4dfc-83f0-dd23f5b60a86@group-66EA1A40B3A7->a505560f-c589-4eb5-89aa-a89970ae9358-GrpcLogAppender: Timed out HEARTBEAT appendEntries, errorCount=8, request=AppendEntriesRequest:cid=6945,entriesCount=0
2025-07-14 15:00:36,869 [EventQueue-PipelineActionsForPipelineActionHandler] INFO  pipeline.PipelineActionHandler (PipelineActionHandler.java:processPipelineAction(89)) - Received pipeline action CLOSE for Pipeline-5dcf474b-d097-4e8b-9813-c5adc75aadf5 from datanode ac481237-f71e-4eeb-9120-a6c52bf83f13(localhost/127.0.0.1). Reason : Chunks directory /home/runner/work/ozone/ozone/hadoop-ozone/integration-test/target/test-dir/MiniOzoneClusterImpl-aaa7dc72-7fbf-48e0-acc5-129182712624/ozone-meta/datanode-7/data-0/hdds/aaa7dc72-7fbf-48e0-acc5-129182712624/current/containerDir0/7/chunks does not exist.
2025-07-14 15:00:37,046 [ac481237-f71e-4eeb-9120-a6c52bf83f13@group-C5ADC75AADF5-LeaderStateImpl] ERROR util.ExitUtils (ExitUtils.java:terminate(133)) - Terminating with exit status -1: Thread[#1451,ac481237-f71e-4eeb-9120-a6c52bf83f13@group-C5ADC75AADF5-LeaderStateImpl,5,ac481237-f71e-4eeb-9120-a6c52bf83f13@group-C5ADC75AADF5] has thrown an uncaught exception
java.lang.IllegalStateException: ac481237-f71e-4eeb-9120-a6c52bf83f13@group-C5ADC75AADF5-SegmentedRaftLog is expected to be opened but it is CLOSED
	at org.apache.ratis.util.OpenCloseState.assertOpen(OpenCloseState.java:63)
	at org.apache.ratis.server.raftlog.RaftLogBase.checkLogState(RaftLogBase.java:112)
	at org.apache.ratis.server.raftlog.segmented.SegmentedRaftLog.getLastEntryTermIndex(SegmentedRaftLog.java:356)
	at org.apache.ratis.server.impl.ServerState.getLastEntry(ServerState.java:310)
	at org.apache.ratis.server.impl.LeaderStateImpl.checkPeersForYieldingLeader(LeaderStateImpl.java:1081)
	at org.apache.ratis.server.impl.LeaderStateImpl.access$800(LeaderStateImpl.java:101)
	at org.apache.ratis.server.impl.LeaderStateImpl$EventProcessor.run(LeaderStateImpl.java:769)
Caused by: org.apache.ratis.util.OpenCloseState$CloseTrace: Close ac481237-f71e-4eeb-9120-a6c52bf83f13@group-C5ADC75AADF5-SegmentedRaftLog
	at org.apache.ratis.util.OpenCloseState.lambda$close$1(OpenCloseState.java:109)
	at java.base/java.util.concurrent.atomic.AtomicReference.getAndUpdate(AtomicReference.java:188)
	at org.apache.ratis.util.OpenCloseState.close(OpenCloseState.java:109)
	at org.apache.ratis.server.raftlog.RaftLogBase.close(RaftLogBase.java:393)
	at org.apache.ratis.server.raftlog.segmented.SegmentedRaftLog.close(SegmentedRaftLog.java:528)
	at org.apache.ratis.server.raftlog.RaftLogBase.lambda$appendImpl$3(RaftLogBase.java:206)
	at java.base/java.util.concurrent.CompletableFuture.uniWhenComplete(CompletableFuture.java:863)
	at java.base/java.util.concurrent.CompletableFuture$UniWhenComplete.tryFire(CompletableFuture.java:841)
	at java.base/java.util.concurrent.CompletableFuture.postComplete(CompletableFuture.java:510)
	at java.base/java.util.concurrent.CompletableFuture.completeExceptionally(CompletableFuture.java:2194)
	at org.apache.ratis.server.raftlog.segmented.SegmentedRaftLog$Task.failed(SegmentedRaftLog.java:109)
	at org.apache.ratis.server.raftlog.segmented.SegmentedRaftLogWorker$WriteLog.failed(SegmentedRaftLogWorker.java:530)
	at org.apache.ratis.server.raftlog.segmented.SegmentedRaftLogWorker.run(SegmentedRaftLogWorker.java:326)
	at java.base/java.util.concurrent.Executors$RunnableAdapter.call(Executors.java:572)
	at java.base/java.util.concurrent.FutureTask.run(FutureTask.java:317)
	at java.base/java.util.concurrent.ThreadPoolExecutor.runWorker(ThreadPoolExecutor.java:1144)
	at java.base/java.util.concurrent.ThreadPoolExecutor$Worker.run(ThreadPoolExecutor.java:642)
	at java.base/java.lang.Thread.run(Thread.java:1583)
2025-07-14 15:00:37,069 [EventQueue-PipelineActionsForPipelineActionHandler] INFO  pipeline.PipelineActionHandler (PipelineActionHandler.java:processPipelineAction(89)) - Received pipeline action CLOSE for Pipeline-5dcf474b-d097-4e8b-9813-c5adc75aadf5 from datanode ac481237-f71e-4eeb-9120-a6c52bf83f13(localhost/127.0.0.1). Reason : Chunks directory /home/runner/work/ozone/ozone/hadoop-ozone/integration-test/target/test-dir/MiniOzoneClusterImpl-aaa7dc72-7fbf-48e0-acc5-129182712624/ozone-meta/datanode-7/data-0/hdds/aaa7dc72-7fbf-48e0-acc5-129182712624/current/containerDir0/7/chunks does not exist.
2025-07-14 15:00:37,269 [EventQueue-PipelineActionsForPipelineActionHandler] INFO  pipeline.PipelineActionHandler (PipelineActionHandler.java:processPipelineAction(89)) - Received pipeline action CLOSE for Pipeline-5dcf474b-d097-4e8b-9813-c5adc75aadf5 from datanode ac481237-f71e-4eeb-9120-a6c52bf83f13(localhost/127.0.0.1). Reason : Chunks directory /home/runner/work/ozone/ozone/hadoop-ozone/integration-test/target/test-dir/MiniOzoneClusterImpl-aaa7dc72-7fbf-48e0-acc5-129182712624/ozone-meta/datanode-7/data-0/hdds/aaa7dc72-7fbf-48e0-acc5-129182712624/current/containerDir0/7/chunks does not exist.
2025-07-14 15:00:37,469 [EventQueue-PipelineActionsForPipelineActionHandler] INFO  pipeline.PipelineActionHandler (PipelineActionHandler.java:processPipelineAction(89)) - Received pipeline action CLOSE for Pipeline-5dcf474b-d097-4e8b-9813-c5adc75aadf5 from datanode ac481237-f71e-4eeb-9120-a6c52bf83f13(localhost/127.0.0.1). Reason : Chunks directory /home/runner/work/ozone/ozone/hadoop-ozone/integration-test/target/test-dir/MiniOzoneClusterImpl-aaa7dc72-7fbf-48e0-acc5-129182712624/ozone-meta/datanode-7/data-0/hdds/aaa7dc72-7fbf-48e0-acc5-129182712624/current/containerDir0/7/chunks does not exist.
2025-07-14 15:00:37,669 [EventQueue-PipelineActionsForPipelineActionHandler] INFO  pipeline.PipelineActionHandler (PipelineActionHandler.java:processPipelineAction(89)) - Received pipeline action CLOSE for Pipeline-5dcf474b-d097-4e8b-9813-c5adc75aadf5 from datanode ac481237-f71e-4eeb-9120-a6c52bf83f13(localhost/127.0.0.1). Reason : Chunks directory /home/runner/work/ozone/ozone/hadoop-ozone/integration-test/target/test-dir/MiniOzoneClusterImpl-aaa7dc72-7fbf-48e0-acc5-129182712624/ozone-meta/datanode-7/data-0/hdds/aaa7dc72-7fbf-48e0-acc5-129182712624/current/containerDir0/7/chunks does not exist.
2025-07-14 15:00:37,869 [EventQueue-PipelineActionsForPipelineActionHandler] INFO  pipeline.PipelineActionHandler (PipelineActionHandler.java:processPipelineAction(89)) - Received pipeline action CLOSE for Pipeline-5dcf474b-d097-4e8b-9813-c5adc75aadf5 from datanode ac481237-f71e-4eeb-9120-a6c52bf83f13(localhost/127.0.0.1). Reason : Chunks directory /home/runner/work/ozone/ozone/hadoop-ozone/integration-test/target/test-dir/MiniOzoneClusterImpl-aaa7dc72-7fbf-48e0-acc5-129182712624/ozone-meta/datanode-7/data-0/hdds/aaa7dc72-7fbf-48e0-acc5-129182712624/current/containerDir0/7/chunks does not exist.
2025-07-14 15:00:37,877 [timer6] WARN  server.GrpcLogAppender (LogUtils.java:warn(129)) - 77d16558-8a68-4655-9235-107e22ba3c38@group-B771F555DC8D->a505560f-c589-4eb5-89aa-a89970ae9358-AppendLogResponseHandler: Failed appendEntries (Repeated 5 times in the last 5.001s)
org.apache.ratis.protocol.exceptions.GroupMismatchException: a505560f-c589-4eb5-89aa-a89970ae9358: group-B771F555DC8D not found.
	at org.apache.ratis.server.impl.RaftServerProxy$ImplMap.get(RaftServerProxy.java:160)
	at org.apache.ratis.server.impl.RaftServerProxy.getImplFuture(RaftServerProxy.java:370)
	at org.apache.ratis.server.impl.RaftServerProxy.appendEntriesAsync(RaftServerProxy.java:650)
	at org.apache.ratis.grpc.server.GrpcServerProtocolService$1.process(GrpcServerProtocolService.java:245)
	at org.apache.ratis.grpc.server.GrpcServerProtocolService$1.process(GrpcServerProtocolService.java:242)
	at org.apache.ratis.grpc.server.GrpcServerProtocolService$ServerRequestStreamObserver.onNext(GrpcServerProtocolService.java:150)
	at org.apache.ratis.thirdparty.io.grpc.stub.ServerCalls$StreamingServerCallHandler$StreamingServerCallListener.onMessage(ServerCalls.java:262)
	at org.apache.ratis.thirdparty.io.grpc.internal.ServerCallImpl$ServerStreamListenerImpl.messagesAvailableInternal(ServerCallImpl.java:334)
	at org.apache.ratis.thirdparty.io.grpc.internal.ServerCallImpl$ServerStreamListenerImpl.messagesAvailable(ServerCallImpl.java:319)
	at org.apache.ratis.thirdparty.io.grpc.internal.ServerImpl$JumpToApplicationThreadServerStreamListener$1MessagesAvailable.runInContext(ServerImpl.java:834)
	at org.apache.ratis.thirdparty.io.grpc.internal.ContextRunnable.run(ContextRunnable.java:37)
	at org.apache.ratis.thirdparty.io.grpc.internal.SerializingExecutor.run(SerializingExecutor.java:133)
	at java.base/java.util.concurrent.ThreadPoolExecutor.runWorker(ThreadPoolExecutor.java:1144)
	at java.base/java.util.concurrent.ThreadPoolExecutor$Worker.run(ThreadPoolExecutor.java:642)
	at java.base/java.lang.Thread.run(Thread.java:1583)
2025-07-14 15:00:37,900 [grpc-default-executor-2] WARN  server.GrpcServerProtocolService (LogUtils.java:warn(129)) - a505560f-c589-4eb5-89aa-a89970ae9358: Failed APPEND_ENTRIES request 77d16558-8a68-4655-9235-107e22ba3c38->a505560f-c589-4eb5-89aa-a89970ae9358#12-t2,previous=(t:1, i:4),leaderCommit=6,initializing? false,entries: size=2, first=(t:2, i:5), CONFIGURATIONENTRY(current:id:"77d16558-8a68-4655-9235-107e22ba3c38"address:"127.0.0.1:15047"dataStreamAddress:"127.0.0.1:15048"clientAddress:"127.0.0.1:15045"adminAddress:"127.0.0.1:15046"startupRole:FOLLOWER, id:"52f0bf1a-a22c-4dfc-83f0-dd23f5b60a86"address:"127.0.0.1:15055"dataStreamAddress:"127.0.0.1:15056"clientAddress:"127.0.0.1:15053"adminAddress:"127.0.0.1:15054"startupRole:FOLLOWER, id:"a505560f-c589-4eb5-89aa-a89970ae9358"address:"127.0.0.1:15039"priority:1dataStreamAddress:"127.0.0.1:15040"clientAddress:"127.0.0.1:15037"adminAddress:"127.0.0.1:15038"startupRole:FOLLOWER, old:)
java.util.concurrent.CompletionException: org.apache.ratis.protocol.exceptions.GroupMismatchException: a505560f-c589-4eb5-89aa-a89970ae9358: group-B771F555DC8D not found.
	at java.base/java.util.concurrent.CompletableFuture.encodeThrowable(CompletableFuture.java:332)
	at java.base/java.util.concurrent.CompletableFuture.uniComposeStage(CompletableFuture.java:1177)
	at java.base/java.util.concurrent.CompletableFuture.thenCompose(CompletableFuture.java:2341)
	at org.apache.ratis.server.impl.RaftServerProxy.appendEntriesAsync(RaftServerProxy.java:651)
	at org.apache.ratis.grpc.server.GrpcServerProtocolService$1.process(GrpcServerProtocolService.java:245)
	at org.apache.ratis.grpc.server.GrpcServerProtocolService$1.process(GrpcServerProtocolService.java:242)
	at org.apache.ratis.grpc.server.GrpcServerProtocolService$ServerRequestStreamObserver.onNext(GrpcServerProtocolService.java:150)
	at org.apache.ratis.thirdparty.io.grpc.stub.ServerCalls$StreamingServerCallHandler$StreamingServerCallListener.onMessage(ServerCalls.java:262)
	at org.apache.ratis.thirdparty.io.grpc.internal.ServerCallImpl$ServerStreamListenerImpl.messagesAvailableInternal(ServerCallImpl.java:334)
	at org.apache.ratis.thirdparty.io.grpc.internal.ServerCallImpl$ServerStreamListenerImpl.messagesAvailable(ServerCallImpl.java:319)
	at org.apache.ratis.thirdparty.io.grpc.internal.ServerImpl$JumpToApplicationThreadServerStreamListener$1MessagesAvailable.runInContext(ServerImpl.java:834)
	at org.apache.ratis.thirdparty.io.grpc.internal.ContextRunnable.run(ContextRunnable.java:37)
	at org.apache.ratis.thirdparty.io.grpc.internal.SerializingExecutor.run(SerializingExecutor.java:133)
	at java.base/java.util.concurrent.ThreadPoolExecutor.runWorker(ThreadPoolExecutor.java:1144)
	at java.base/java.util.concurrent.ThreadPoolExecutor$Worker.run(ThreadPoolExecutor.java:642)
	at java.base/java.lang.Thread.run(Thread.java:1583)
Caused by: org.apache.ratis.protocol.exceptions.GroupMismatchException: a505560f-c589-4eb5-89aa-a89970ae9358: group-B771F555DC8D not found.
	at org.apache.ratis.server.impl.RaftServerProxy$ImplMap.get(RaftServerProxy.java:160)
	at org.apache.ratis.server.impl.RaftServerProxy.getImplFuture(RaftServerProxy.java:370)
	at org.apache.ratis.server.impl.RaftServerProxy.appendEntriesAsync(RaftServerProxy.java:650)
	... 12 more
2025-07-14 15:00:37,902 [grpc-default-executor-2] WARN  server.GrpcLogAppender (LogUtils.java:warn(129)) - 77d16558-8a68-4655-9235-107e22ba3c38@group-B771F555DC8D->a505560f-c589-4eb5-89aa-a89970ae9358-AppendLogResponseHandler: Failed appendEntries
org.apache.ratis.protocol.exceptions.GroupMismatchException: a505560f-c589-4eb5-89aa-a89970ae9358: group-B771F555DC8D not found.
	at org.apache.ratis.server.impl.RaftServerProxy$ImplMap.get(RaftServerProxy.java:160)
	at org.apache.ratis.server.impl.RaftServerProxy.getImplFuture(RaftServerProxy.java:370)
	at org.apache.ratis.server.impl.RaftServerProxy.appendEntriesAsync(RaftServerProxy.java:650)
	at org.apache.ratis.grpc.server.GrpcServerProtocolService$1.process(GrpcServerProtocolService.java:245)
	at org.apache.ratis.grpc.server.GrpcServerProtocolService$1.process(GrpcServerProtocolService.java:242)
	at org.apache.ratis.grpc.server.GrpcServerProtocolService$ServerRequestStreamObserver.onNext(GrpcServerProtocolService.java:150)
	at org.apache.ratis.thirdparty.io.grpc.stub.ServerCalls$StreamingServerCallHandler$StreamingServerCallListener.onMessage(ServerCalls.java:262)
	at org.apache.ratis.thirdparty.io.grpc.internal.ServerCallImpl$ServerStreamListenerImpl.messagesAvailableInternal(ServerCallImpl.java:334)
	at org.apache.ratis.thirdparty.io.grpc.internal.ServerCallImpl$ServerStreamListenerImpl.messagesAvailable(ServerCallImpl.java:319)
	at org.apache.ratis.thirdparty.io.grpc.internal.ServerImpl$JumpToApplicationThreadServerStreamListener$1MessagesAvailable.runInContext(ServerImpl.java:834)
	at org.apache.ratis.thirdparty.io.grpc.internal.ContextRunnable.run(ContextRunnable.java:37)
	at org.apache.ratis.thirdparty.io.grpc.internal.SerializingExecutor.run(SerializingExecutor.java:133)
	at java.base/java.util.concurrent.ThreadPoolExecutor.runWorker(ThreadPoolExecutor.java:1144)
	at java.base/java.util.concurrent.ThreadPoolExecutor$Worker.run(ThreadPoolExecutor.java:642)
	at java.base/java.lang.Thread.run(Thread.java:1583)
2025-07-14 15:00:37,902 [grpc-default-executor-2] INFO  leader.LogAppender (LogAppenderBase.java:lambda$getNextIndexForError$0(215)) - Decrease nextIndex to 5
2025-07-14 15:00:37,903 [grpc-default-executor-2] INFO  leader.LogAppender (LogAppenderBase.java:lambda$getNextIndexForError$0(215)) - Decrease nextIndex to 5
2025-07-14 15:00:37,903 [grpc-default-executor-2] INFO  leader.FollowerInfo (FollowerInfoImpl.java:info(70)) - 77d16558-8a68-4655-9235-107e22ba3c38@group-B771F555DC8D->a505560f-c589-4eb5-89aa-a89970ae9358: computeNextIndex nextIndex: updateUnconditionally 7 -> 5
2025-07-14 15:00:37,968 [timer0] WARN  server.GrpcLogAppender (GrpcLogAppender.java:timeoutAppendRequest(448)) - 52f0bf1a-a22c-4dfc-83f0-dd23f5b60a86@group-66EA1A40B3A7->a505560f-c589-4eb5-89aa-a89970ae9358-GrpcLogAppender: Timed out HEARTBEAT appendEntries, errorCount=9, request=AppendEntriesRequest:cid=6946,entriesCount=0
2025-07-14 15:00:37,973 [BackgroundPipelineScrubber] INFO  pipeline.PipelineManagerImpl (PipelineManagerImpl.java:scrubPipelines(602)) - Scrubbing pipeline: id: Pipeline-5dcf474b-d097-4e8b-9813-c5adc75aadf5 since it stays at CLOSED stage.
2025-07-14 15:00:37,974 [BackgroundPipelineScrubber] INFO  pipeline.RatisPipelineProvider (RatisPipelineProvider.java:lambda$close$4(273)) - Send pipeline:Pipeline-5dcf474b-d097-4e8b-9813-c5adc75aadf5 close command to datanode ac481237-f71e-4eeb-9120-a6c52bf83f13
2025-07-14 15:00:37,974 [BackgroundPipelineScrubber] INFO  pipeline.PipelineManagerImpl (PipelineManagerImpl.java:removePipeline(464)) - Pipeline Pipeline{ Id: 5dcf474b-d097-4e8b-9813-c5adc75aadf5, Nodes: [ {ac481237-f71e-4eeb-9120-a6c52bf83f13(localhost/127.0.0.1), ReplicaIndex: 0},], ReplicationConfig: RATIS/ONE, State:CLOSED, leaderId:ac481237-f71e-4eeb-9120-a6c52bf83f13, CreationTimestamp2025-07-14T15:00:04.615Z[Etc/UTC]} removed.
2025-07-14 15:00:38,069 [EventQueue-PipelineActionsForPipelineActionHandler] INFO  pipeline.PipelineActionHandler (PipelineActionHandler.java:processPipelineAction(89)) - Received pipeline action CLOSE for Pipeline-5dcf474b-d097-4e8b-9813-c5adc75aadf5 from datanode ac481237-f71e-4eeb-9120-a6c52bf83f13(localhost/127.0.0.1). Reason : Chunks directory /home/runner/work/ozone/ozone/hadoop-ozone/integration-test/target/test-dir/MiniOzoneClusterImpl-aaa7dc72-7fbf-48e0-acc5-129182712624/ozone-meta/datanode-7/data-0/hdds/aaa7dc72-7fbf-48e0-acc5-129182712624/current/containerDir0/7/chunks does not exist.
2025-07-14 15:00:38,069 [EventQueue-PipelineReportForPipelineReportHandler] INFO  pipeline.PipelineReportHandler (PipelineReportHandler.java:handlePipelineNotFoundException(98)) - Pipeline Pipeline-5dcf474b-d097-4e8b-9813-c5adc75aadf5, reported by datanode ac481237-f71e-4eeb-9120-a6c52bf83f13(localhost/127.0.0.1) is not found.
2025-07-14 15:00:38,069 [EventQueue-PipelineActionsForPipelineActionHandler] WARN  pipeline.PipelineActionHandler (PipelineActionHandler.java:closeUnknownPipeline(117)) - Pipeline action received for unknown Pipeline Pipeline-5dcf474b-d097-4e8b-9813-c5adc75aadf5, firing close pipeline event.
2025-07-14 15:00:38,269 [EventQueue-PipelineActionsForPipelineActionHandler] INFO  pipeline.PipelineActionHandler (PipelineActionHandler.java:processPipelineAction(89)) - Received pipeline action CLOSE for Pipeline-5dcf474b-d097-4e8b-9813-c5adc75aadf5 from datanode ac481237-f71e-4eeb-9120-a6c52bf83f13(localhost/127.0.0.1). Reason : Chunks directory /home/runner/work/ozone/ozone/hadoop-ozone/integration-test/target/test-dir/MiniOzoneClusterImpl-aaa7dc72-7fbf-48e0-acc5-129182712624/ozone-meta/datanode-7/data-0/hdds/aaa7dc72-7fbf-48e0-acc5-129182712624/current/containerDir0/7/chunks does not exist.
2025-07-14 15:00:38,269 [EventQueue-PipelineReportForPipelineReportHandler] INFO  pipeline.PipelineReportHandler (PipelineReportHandler.java:handlePipelineNotFoundException(98)) - Pipeline Pipeline-5dcf474b-d097-4e8b-9813-c5adc75aadf5, reported by datanode ac481237-f71e-4eeb-9120-a6c52bf83f13(localhost/127.0.0.1) is not found.
2025-07-14 15:00:38,269 [EventQueue-PipelineActionsForPipelineActionHandler] WARN  pipeline.PipelineActionHandler (PipelineActionHandler.java:closeUnknownPipeline(117)) - Pipeline action received for unknown Pipeline Pipeline-5dcf474b-d097-4e8b-9813-c5adc75aadf5, firing close pipeline event.
2025-07-14 15:00:38,469 [EventQueue-PipelineReportForPipelineReportHandler] INFO  pipeline.PipelineReportHandler (PipelineReportHandler.java:handlePipelineNotFoundException(98)) - Pipeline Pipeline-5dcf474b-d097-4e8b-9813-c5adc75aadf5, reported by datanode ac481237-f71e-4eeb-9120-a6c52bf83f13(localhost/127.0.0.1) is not found.
2025-07-14 15:00:38,470 [EventQueue-PipelineActionsForPipelineActionHandler] INFO  pipeline.PipelineActionHandler (PipelineActionHandler.java:processPipelineAction(89)) - Received pipeline action CLOSE for Pipeline-5dcf474b-d097-4e8b-9813-c5adc75aadf5 from datanode ac481237-f71e-4eeb-9120-a6c52bf83f13(localhost/127.0.0.1). Reason : Chunks directory /home/runner/work/ozone/ozone/hadoop-ozone/integration-test/target/test-dir/MiniOzoneClusterImpl-aaa7dc72-7fbf-48e0-acc5-129182712624/ozone-meta/datanode-7/data-0/hdds/aaa7dc72-7fbf-48e0-acc5-129182712624/current/containerDir0/7/chunks does not exist.
2025-07-14 15:00:38,470 [EventQueue-PipelineActionsForPipelineActionHandler] WARN  pipeline.PipelineActionHandler (PipelineActionHandler.java:closeUnknownPipeline(117)) - Pipeline action received for unknown Pipeline Pipeline-5dcf474b-d097-4e8b-9813-c5adc75aadf5, firing close pipeline event.
2025-07-14 15:00:38,669 [EventQueue-PipelineActionsForPipelineActionHandler] INFO  pipeline.PipelineActionHandler (PipelineActionHandler.java:processPipelineAction(89)) - Received pipeline action CLOSE for Pipeline-5dcf474b-d097-4e8b-9813-c5adc75aadf5 from datanode ac481237-f71e-4eeb-9120-a6c52bf83f13(localhost/127.0.0.1). Reason : Chunks directory /home/runner/work/ozone/ozone/hadoop-ozone/integration-test/target/test-dir/MiniOzoneClusterImpl-aaa7dc72-7fbf-48e0-acc5-129182712624/ozone-meta/datanode-7/data-0/hdds/aaa7dc72-7fbf-48e0-acc5-129182712624/current/containerDir0/7/chunks does not exist.
2025-07-14 15:00:38,670 [EventQueue-PipelineActionsForPipelineActionHandler] WARN  pipeline.PipelineActionHandler (PipelineActionHandler.java:closeUnknownPipeline(117)) - Pipeline action received for unknown Pipeline Pipeline-5dcf474b-d097-4e8b-9813-c5adc75aadf5, firing close pipeline event.
2025-07-14 15:00:38,869 [EventQueue-PipelineActionsForPipelineActionHandler] INFO  pipeline.PipelineActionHandler (PipelineActionHandler.java:processPipelineAction(89)) - Received pipeline action CLOSE for Pipeline-5dcf474b-d097-4e8b-9813-c5adc75aadf5 from datanode ac481237-f71e-4eeb-9120-a6c52bf83f13(localhost/127.0.0.1). Reason : Chunks directory /home/runner/work/ozone/ozone/hadoop-ozone/integration-test/target/test-dir/MiniOzoneClusterImpl-aaa7dc72-7fbf-48e0-acc5-129182712624/ozone-meta/datanode-7/data-0/hdds/aaa7dc72-7fbf-48e0-acc5-129182712624/current/containerDir0/7/chunks does not exist.
2025-07-14 15:00:38,869 [EventQueue-PipelineReportForPipelineReportHandler] INFO  pipeline.PipelineReportHandler (PipelineReportHandler.java:handlePipelineNotFoundException(98)) - Pipeline Pipeline-5dcf474b-d097-4e8b-9813-c5adc75aadf5, reported by datanode ac481237-f71e-4eeb-9120-a6c52bf83f13(localhost/127.0.0.1) is not found.
2025-07-14 15:00:38,870 [EventQueue-PipelineActionsForPipelineActionHandler] WARN  pipeline.PipelineActionHandler (PipelineActionHandler.java:closeUnknownPipeline(117)) - Pipeline action received for unknown Pipeline Pipeline-5dcf474b-d097-4e8b-9813-c5adc75aadf5, firing close pipeline event.
2025-07-14 15:00:39,070 [EventQueue-PipelineReportForPipelineReportHandler] INFO  pipeline.PipelineReportHandler (PipelineReportHandler.java:handlePipelineNotFoundException(98)) - Pipeline Pipeline-5dcf474b-d097-4e8b-9813-c5adc75aadf5, reported by datanode ac481237-f71e-4eeb-9120-a6c52bf83f13(localhost/127.0.0.1) is not found.
2025-07-14 15:00:39,070 [EventQueue-PipelineActionsForPipelineActionHandler] INFO  pipeline.PipelineActionHandler (PipelineActionHandler.java:processPipelineAction(89)) - Received pipeline action CLOSE for Pipeline-5dcf474b-d097-4e8b-9813-c5adc75aadf5 from datanode ac481237-f71e-4eeb-9120-a6c52bf83f13(localhost/127.0.0.1). Reason : Chunks directory /home/runner/work/ozone/ozone/hadoop-ozone/integration-test/target/test-dir/MiniOzoneClusterImpl-aaa7dc72-7fbf-48e0-acc5-129182712624/ozone-meta/datanode-7/data-0/hdds/aaa7dc72-7fbf-48e0-acc5-129182712624/current/containerDir0/7/chunks does not exist.
2025-07-14 15:00:39,070 [EventQueue-PipelineActionsForPipelineActionHandler] WARN  pipeline.PipelineActionHandler (PipelineActionHandler.java:closeUnknownPipeline(117)) - Pipeline action received for unknown Pipeline Pipeline-5dcf474b-d097-4e8b-9813-c5adc75aadf5, firing close pipeline event.
2025-07-14 15:00:39,151 [grpc-default-executor-2] WARN  server.GrpcServerProtocolService (LogUtils.java:warn(129)) - a505560f-c589-4eb5-89aa-a89970ae9358: Failed APPEND_ENTRIES request 77d16558-8a68-4655-9235-107e22ba3c38->a505560f-c589-4eb5-89aa-a89970ae9358#14-t2,previous=(t:1, i:4),leaderCommit=6,initializing? false,entries: size=2, first=(t:2, i:5), CONFIGURATIONENTRY(current:id:"77d16558-8a68-4655-9235-107e22ba3c38"address:"127.0.0.1:15047"dataStreamAddress:"127.0.0.1:15048"clientAddress:"127.0.0.1:15045"adminAddress:"127.0.0.1:15046"startupRole:FOLLOWER, id:"52f0bf1a-a22c-4dfc-83f0-dd23f5b60a86"address:"127.0.0.1:15055"dataStreamAddress:"127.0.0.1:15056"clientAddress:"127.0.0.1:15053"adminAddress:"127.0.0.1:15054"startupRole:FOLLOWER, id:"a505560f-c589-4eb5-89aa-a89970ae9358"address:"127.0.0.1:15039"priority:1dataStreamAddress:"127.0.0.1:15040"clientAddress:"127.0.0.1:15037"adminAddress:"127.0.0.1:15038"startupRole:FOLLOWER, old:)
java.util.concurrent.CompletionException: org.apache.ratis.protocol.exceptions.GroupMismatchException: a505560f-c589-4eb5-89aa-a89970ae9358: group-B771F555DC8D not found.
	at java.base/java.util.concurrent.CompletableFuture.encodeThrowable(CompletableFuture.java:332)
	at java.base/java.util.concurrent.CompletableFuture.uniComposeStage(CompletableFuture.java:1177)
	at java.base/java.util.concurrent.CompletableFuture.thenCompose(CompletableFuture.java:2341)
	at org.apache.ratis.server.impl.RaftServerProxy.appendEntriesAsync(RaftServerProxy.java:651)
	at org.apache.ratis.grpc.server.GrpcServerProtocolService$1.process(GrpcServerProtocolService.java:245)
	at org.apache.ratis.grpc.server.GrpcServerProtocolService$1.process(GrpcServerProtocolService.java:242)
	at org.apache.ratis.grpc.server.GrpcServerProtocolService$ServerRequestStreamObserver.onNext(GrpcServerProtocolService.java:150)
	at org.apache.ratis.thirdparty.io.grpc.stub.ServerCalls$StreamingServerCallHandler$StreamingServerCallListener.onMessage(ServerCalls.java:262)
	at org.apache.ratis.thirdparty.io.grpc.internal.ServerCallImpl$ServerStreamListenerImpl.messagesAvailableInternal(ServerCallImpl.java:334)
	at org.apache.ratis.thirdparty.io.grpc.internal.ServerCallImpl$ServerStreamListenerImpl.messagesAvailable(ServerCallImpl.java:319)
	at org.apache.ratis.thirdparty.io.grpc.internal.ServerImpl$JumpToApplicationThreadServerStreamListener$1MessagesAvailable.runInContext(ServerImpl.java:834)
	at org.apache.ratis.thirdparty.io.grpc.internal.ContextRunnable.run(ContextRunnable.java:37)
	at org.apache.ratis.thirdparty.io.grpc.internal.SerializingExecutor.run(SerializingExecutor.java:133)
	at java.base/java.util.concurrent.ThreadPoolExecutor.runWorker(ThreadPoolExecutor.java:1144)
	at java.base/java.util.concurrent.ThreadPoolExecutor$Worker.run(ThreadPoolExecutor.java:642)
	at java.base/java.lang.Thread.run(Thread.java:1583)
Caused by: org.apache.ratis.protocol.exceptions.GroupMismatchException: a505560f-c589-4eb5-89aa-a89970ae9358: group-B771F555DC8D not found.
	at org.apache.ratis.server.impl.RaftServerProxy$ImplMap.get(RaftServerProxy.java:160)
	at org.apache.ratis.server.impl.RaftServerProxy.getImplFuture(RaftServerProxy.java:370)
	at org.apache.ratis.server.impl.RaftServerProxy.appendEntriesAsync(RaftServerProxy.java:650)
	... 12 more
2025-07-14 15:00:39,153 [grpc-default-executor-1] INFO  leader.LogAppender (LogAppenderBase.java:lambda$getNextIndexForError$0(215)) - Decrease nextIndex to 5
2025-07-14 15:00:39,153 [grpc-default-executor-1] INFO  leader.LogAppender (LogAppenderBase.java:lambda$getNextIndexForError$0(215)) - Decrease nextIndex to 5
2025-07-14 15:00:39,153 [grpc-default-executor-1] INFO  leader.FollowerInfo (FollowerInfoImpl.java:info(70)) - 77d16558-8a68-4655-9235-107e22ba3c38@group-B771F555DC8D->a505560f-c589-4eb5-89aa-a89970ae9358: computeNextIndex nextIndex: updateUnconditionally 7 -> 5
2025-07-14 15:00:39,218 [timer4] WARN  server.GrpcLogAppender (GrpcLogAppender.java:timeoutAppendRequest(448)) - 52f0bf1a-a22c-4dfc-83f0-dd23f5b60a86@group-66EA1A40B3A7->a505560f-c589-4eb5-89aa-a89970ae9358-GrpcLogAppender: Timed out HEARTBEAT appendEntries, errorCount=10, request=AppendEntriesRequest:cid=6947,entriesCount=0
2025-07-14 15:00:39,269 [ac481237-f71e-4eeb-9120-a6c52bf83f13-PipelineCommandHandlerThread-0] INFO  server.RaftServer (RaftServerProxy.java:remove(116)) - ac481237-f71e-4eeb-9120-a6c52bf83f13: remove    LEADER (RUNNING): ac481237-f71e-4eeb-9120-a6c52bf83f13@group-C5ADC75AADF5:t1, leader=ac481237-f71e-4eeb-9120-a6c52bf83f13, voted=ac481237-f71e-4eeb-9120-a6c52bf83f13, raftlog=Memoized:ac481237-f71e-4eeb-9120-a6c52bf83f13@group-C5ADC75AADF5-SegmentedRaftLog:CLOSED:c8, conf=conf: {index: 0, cur=peers:[ac481237-f71e-4eeb-9120-a6c52bf83f13|127.0.0.1:15063]|listeners:[], old=null}
2025-07-14 15:00:39,269 [ac481237-f71e-4eeb-9120-a6c52bf83f13-PipelineCommandHandlerThread-0] INFO  server.RaftServer$Division (RaftServerImpl.java:lambda$close$1(527)) - ac481237-f71e-4eeb-9120-a6c52bf83f13@group-C5ADC75AADF5: shutdown
2025-07-14 15:00:39,269 [ac481237-f71e-4eeb-9120-a6c52bf83f13-PipelineCommandHandlerThread-0] INFO  util.JmxRegister (JmxRegister.java:unregister(74)) - Successfully un-registered JMX Bean with object name Ratis:service=RaftServer,group=group-C5ADC75AADF5,id=ac481237-f71e-4eeb-9120-a6c52bf83f13
2025-07-14 15:00:39,269 [ac481237-f71e-4eeb-9120-a6c52bf83f13-PipelineCommandHandlerThread-0] INFO  impl.RoleInfo (RoleInfo.java:shutdownLeaderState(103)) - ac481237-f71e-4eeb-9120-a6c52bf83f13: shutdown ac481237-f71e-4eeb-9120-a6c52bf83f13@group-C5ADC75AADF5-LeaderStateImpl
2025-07-14 15:00:39,270 [ac481237-f71e-4eeb-9120-a6c52bf83f13-PipelineCommandHandlerThread-0] INFO  impl.PendingRequests (PendingRequests.java:sendNotLeaderResponses(287)) - ac481237-f71e-4eeb-9120-a6c52bf83f13@group-C5ADC75AADF5-PendingRequests: sendNotLeaderResponses
2025-07-14 15:00:39,271 [EventQueue-PipelineReportForPipelineReportHandler] INFO  pipeline.PipelineReportHandler (PipelineReportHandler.java:handlePipelineNotFoundException(98)) - Pipeline Pipeline-5dcf474b-d097-4e8b-9813-c5adc75aadf5, reported by datanode ac481237-f71e-4eeb-9120-a6c52bf83f13(localhost/127.0.0.1) is not found.
2025-07-14 15:00:39,272 [ac481237-f71e-4eeb-9120-a6c52bf83f13-PipelineCommandHandlerThread-0] INFO  impl.StateMachineUpdater (StateMachineUpdater.java:stopAndJoin(163)) - ac481237-f71e-4eeb-9120-a6c52bf83f13@group-C5ADC75AADF5-StateMachineUpdater: set stopIndex = 8
2025-07-14 15:00:39,272 [ac481237-f71e-4eeb-9120-a6c52bf83f13@group-C5ADC75AADF5-StateMachineUpdater] ERROR ratis.ContainerStateMachine (ContainerStateMachine.java:takeSnapshot(421)) - Failed to take snapshot  for group-C5ADC75AADF5 as the stateMachine is unhealthy. The last applied index is at (t:1, i:8)
2025-07-14 15:00:39,272 [ac481237-f71e-4eeb-9120-a6c52bf83f13@group-C5ADC75AADF5-StateMachineUpdater] ERROR impl.StateMachineUpdater (StateMachineUpdater.java:takeSnapshot(302)) - ac481237-f71e-4eeb-9120-a6c52bf83f13@group-C5ADC75AADF5-StateMachineUpdater: Failed to take snapshot
org.apache.ratis.protocol.exceptions.StateMachineException: Failed to take snapshot  for group-C5ADC75AADF5 as the stateMachine is unhealthy. The last applied index is at (t:1, i:8)
	at org.apache.hadoop.ozone.container.common.transport.server.ratis.ContainerStateMachine.takeSnapshot(ContainerStateMachine.java:420)
	at org.apache.ratis.server.impl.StateMachineUpdater.takeSnapshot(StateMachineUpdater.java:290)
	at org.apache.ratis.server.impl.StateMachineUpdater.checkAndTakeSnapshot(StateMachineUpdater.java:281)
	at org.apache.ratis.server.impl.StateMachineUpdater.run(StateMachineUpdater.java:194)
	at java.base/java.lang.Thread.run(Thread.java:1583)
2025-07-14 15:00:39,272 [ac481237-f71e-4eeb-9120-a6c52bf83f13@group-C5ADC75AADF5-StateMachineUpdater] INFO  impl.StateMachineUpdater (StateMachineUpdater.java:stop(140)) - ac481237-f71e-4eeb-9120-a6c52bf83f13@group-C5ADC75AADF5-StateMachineUpdater: closing ContainerStateMachine, lastApplied=(t:1, i:8)
2025-07-14 15:00:39,273 [ac481237-f71e-4eeb-9120-a6c52bf83f13-PipelineCommandHandlerThread-0] INFO  segmented.SegmentedRaftLogWorker (SegmentedRaftLogWorker.java:close(254)) - ac481237-f71e-4eeb-9120-a6c52bf83f13@group-C5ADC75AADF5-SegmentedRaftLogWorker close()
2025-07-14 15:00:39,277 [ac481237-f71e-4eeb-9120-a6c52bf83f13-PipelineCommandHandlerThread-0] INFO  keyvalue.KeyValueContainer (KeyValueContainer.java:flushAndSyncDB(514)) - Synced container: KeyValueContainerData #6 (CLOSING, non-empty, ri=0, origin=[dn_ac481237-f71e-4eeb-9120-a6c52bf83f13, pipeline_5dcf474b-d097-4e8b-9813-c5adc75aadf5])
2025-07-14 15:00:39,277 [ac481237-f71e-4eeb-9120-a6c52bf83f13-PipelineCommandHandlerThread-0] INFO  keyvalue.KeyValueContainer (KeyValueContainer.java:flushAndSyncDB(514)) - Synced container: KeyValueContainerData #6 (CLOSING, non-empty, ri=0, origin=[dn_ac481237-f71e-4eeb-9120-a6c52bf83f13, pipeline_5dcf474b-d097-4e8b-9813-c5adc75aadf5])
2025-07-14 15:00:39,281 [FixedThreadPoolWithAffinityExecutor-8-0] INFO  container.IncrementalContainerReportHandler (AbstractContainerReportHandler.java:updateContainerState(264)) - QUASI_CLOSE Container #6 (CLOSING, sid=4) r0 (QUASI_CLOSED, bcsid=4, origin=ac481237-f71e-4eeb-9120-a6c52bf83f13, non-empty) from dn ac481237-f71e-4eeb-9120-a6c52bf83f13(localhost/127.0.0.1)
2025-07-14 15:00:39,281 [ac481237-f71e-4eeb-9120-a6c52bf83f13-PipelineCommandHandlerThread-0] INFO  server.RaftServer$Division (RaftServerImpl.java:groupRemove(497)) - ac481237-f71e-4eeb-9120-a6c52bf83f13@group-C5ADC75AADF5: Succeed to remove RaftStorageDirectory Storage Directory /home/runner/work/ozone/ozone/hadoop-ozone/integration-test/target/test-dir/MiniOzoneClusterImpl-aaa7dc72-7fbf-48e0-acc5-129182712624/ozone-meta/datanode-7/ratis/5dcf474b-d097-4e8b-9813-c5adc75aadf5
2025-07-14 15:00:39,282 [ac481237-f71e-4eeb-9120-a6c52bf83f13-PipelineCommandHandlerThread-0] INFO  commandhandler.ClosePipelineCommandHandler (ClosePipelineCommandHandler.java:lambda$handle$2(142)) - Close Pipeline Pipeline-5dcf474b-d097-4e8b-9813-c5adc75aadf5 command on datanode ac481237-f71e-4eeb-9120-a6c52bf83f13(localhost/127.0.0.1).
2025-07-14 15:00:40,405 [grpc-default-executor-2] WARN  server.GrpcServerProtocolService (LogUtils.java:warn(129)) - a505560f-c589-4eb5-89aa-a89970ae9358: Failed APPEND_ENTRIES request 77d16558-8a68-4655-9235-107e22ba3c38->a505560f-c589-4eb5-89aa-a89970ae9358#16-t2,previous=(t:1, i:4),leaderCommit=6,initializing? false,entries: size=2, first=(t:2, i:5), CONFIGURATIONENTRY(current:id:"77d16558-8a68-4655-9235-107e22ba3c38"address:"127.0.0.1:15047"dataStreamAddress:"127.0.0.1:15048"clientAddress:"127.0.0.1:15045"adminAddress:"127.0.0.1:15046"startupRole:FOLLOWER, id:"52f0bf1a-a22c-4dfc-83f0-dd23f5b60a86"address:"127.0.0.1:15055"dataStreamAddress:"127.0.0.1:15056"clientAddress:"127.0.0.1:15053"adminAddress:"127.0.0.1:15054"startupRole:FOLLOWER, id:"a505560f-c589-4eb5-89aa-a89970ae9358"address:"127.0.0.1:15039"priority:1dataStreamAddress:"127.0.0.1:15040"clientAddress:"127.0.0.1:15037"adminAddress:"127.0.0.1:15038"startupRole:FOLLOWER, old:)
java.util.concurrent.CompletionException: org.apache.ratis.protocol.exceptions.GroupMismatchException: a505560f-c589-4eb5-89aa-a89970ae9358: group-B771F555DC8D not found.
	at java.base/java.util.concurrent.CompletableFuture.encodeThrowable(CompletableFuture.java:332)
	at java.base/java.util.concurrent.CompletableFuture.uniComposeStage(CompletableFuture.java:1177)
	at java.base/java.util.concurrent.CompletableFuture.thenCompose(CompletableFuture.java:2341)
	at org.apache.ratis.server.impl.RaftServerProxy.appendEntriesAsync(RaftServerProxy.java:651)
	at org.apache.ratis.grpc.server.GrpcServerProtocolService$1.process(GrpcServerProtocolService.java:245)
	at org.apache.ratis.grpc.server.GrpcServerProtocolService$1.process(GrpcServerProtocolService.java:242)
	at org.apache.ratis.grpc.server.GrpcServerProtocolService$ServerRequestStreamObserver.onNext(GrpcServerProtocolService.java:150)
	at org.apache.ratis.thirdparty.io.grpc.stub.ServerCalls$StreamingServerCallHandler$StreamingServerCallListener.onMessage(ServerCalls.java:262)
	at org.apache.ratis.thirdparty.io.grpc.internal.ServerCallImpl$ServerStreamListenerImpl.messagesAvailableInternal(ServerCallImpl.java:334)
	at org.apache.ratis.thirdparty.io.grpc.internal.ServerCallImpl$ServerStreamListenerImpl.messagesAvailable(ServerCallImpl.java:319)
	at org.apache.ratis.thirdparty.io.grpc.internal.ServerImpl$JumpToApplicationThreadServerStreamListener$1MessagesAvailable.runInContext(ServerImpl.java:834)
	at org.apache.ratis.thirdparty.io.grpc.internal.ContextRunnable.run(ContextRunnable.java:37)
	at org.apache.ratis.thirdparty.io.grpc.internal.SerializingExecutor.run(SerializingExecutor.java:133)
	at java.base/java.util.concurrent.ThreadPoolExecutor.runWorker(ThreadPoolExecutor.java:1144)
	at java.base/java.util.concurrent.ThreadPoolExecutor$Worker.run(ThreadPoolExecutor.java:642)
	at java.base/java.lang.Thread.run(Thread.java:1583)
Caused by: org.apache.ratis.protocol.exceptions.GroupMismatchException: a505560f-c589-4eb5-89aa-a89970ae9358: group-B771F555DC8D not found.
	at org.apache.ratis.server.impl.RaftServerProxy$ImplMap.get(RaftServerProxy.java:160)
	at org.apache.ratis.server.impl.RaftServerProxy.getImplFuture(RaftServerProxy.java:370)
	at org.apache.ratis.server.impl.RaftServerProxy.appendEntriesAsync(RaftServerProxy.java:650)
	... 12 more
2025-07-14 15:00:40,406 [grpc-default-executor-2] INFO  leader.LogAppender (LogAppenderBase.java:lambda$getNextIndexForError$0(215)) - Decrease nextIndex to 5
2025-07-14 15:00:40,407 [grpc-default-executor-2] INFO  leader.LogAppender (LogAppenderBase.java:lambda$getNextIndexForError$0(215)) - Decrease nextIndex to 5
2025-07-14 15:00:40,407 [grpc-default-executor-2] INFO  leader.FollowerInfo (FollowerInfoImpl.java:info(70)) - 77d16558-8a68-4655-9235-107e22ba3c38@group-B771F555DC8D->a505560f-c589-4eb5-89aa-a89970ae9358: computeNextIndex nextIndex: updateUnconditionally 7 -> 5
2025-07-14 15:00:40,470 [timer1] WARN  server.GrpcLogAppender (GrpcLogAppender.java:timeoutAppendRequest(448)) - 52f0bf1a-a22c-4dfc-83f0-dd23f5b60a86@group-66EA1A40B3A7->a505560f-c589-4eb5-89aa-a89970ae9358-GrpcLogAppender: Timed out HEARTBEAT appendEntries, errorCount=11, request=AppendEntriesRequest:cid=6948,entriesCount=0
2025-07-14 15:00:41,656 [grpc-default-executor-2] WARN  server.GrpcServerProtocolService (LogUtils.java:warn(129)) - a505560f-c589-4eb5-89aa-a89970ae9358: Failed APPEND_ENTRIES request 77d16558-8a68-4655-9235-107e22ba3c38->a505560f-c589-4eb5-89aa-a89970ae9358#18-t2,previous=(t:1, i:4),leaderCommit=6,initializing? false,entries: size=2, first=(t:2, i:5), CONFIGURATIONENTRY(current:id:"77d16558-8a68-4655-9235-107e22ba3c38"address:"127.0.0.1:15047"dataStreamAddress:"127.0.0.1:15048"clientAddress:"127.0.0.1:15045"adminAddress:"127.0.0.1:15046"startupRole:FOLLOWER, id:"52f0bf1a-a22c-4dfc-83f0-dd23f5b60a86"address:"127.0.0.1:15055"dataStreamAddress:"127.0.0.1:15056"clientAddress:"127.0.0.1:15053"adminAddress:"127.0.0.1:15054"startupRole:FOLLOWER, id:"a505560f-c589-4eb5-89aa-a89970ae9358"address:"127.0.0.1:15039"priority:1dataStreamAddress:"127.0.0.1:15040"clientAddress:"127.0.0.1:15037"adminAddress:"127.0.0.1:15038"startupRole:FOLLOWER, old:)
java.util.concurrent.CompletionException: org.apache.ratis.protocol.exceptions.GroupMismatchException: a505560f-c589-4eb5-89aa-a89970ae9358: group-B771F555DC8D not found.
	at java.base/java.util.concurrent.CompletableFuture.encodeThrowable(CompletableFuture.java:332)
	at java.base/java.util.concurrent.CompletableFuture.uniComposeStage(CompletableFuture.java:1177)
	at java.base/java.util.concurrent.CompletableFuture.thenCompose(CompletableFuture.java:2341)
	at org.apache.ratis.server.impl.RaftServerProxy.appendEntriesAsync(RaftServerProxy.java:651)
	at org.apache.ratis.grpc.server.GrpcServerProtocolService$1.process(GrpcServerProtocolService.java:245)
	at org.apache.ratis.grpc.server.GrpcServerProtocolService$1.process(GrpcServerProtocolService.java:242)
	at org.apache.ratis.grpc.server.GrpcServerProtocolService$ServerRequestStreamObserver.onNext(GrpcServerProtocolService.java:150)
	at org.apache.ratis.thirdparty.io.grpc.stub.ServerCalls$StreamingServerCallHandler$StreamingServerCallListener.onMessage(ServerCalls.java:262)
	at org.apache.ratis.thirdparty.io.grpc.internal.ServerCallImpl$ServerStreamListenerImpl.messagesAvailableInternal(ServerCallImpl.java:334)
	at org.apache.ratis.thirdparty.io.grpc.internal.ServerCallImpl$ServerStreamListenerImpl.messagesAvailable(ServerCallImpl.java:319)
	at org.apache.ratis.thirdparty.io.grpc.internal.ServerImpl$JumpToApplicationThreadServerStreamListener$1MessagesAvailable.runInContext(ServerImpl.java:834)
	at org.apache.ratis.thirdparty.io.grpc.internal.ContextRunnable.run(ContextRunnable.java:37)
	at org.apache.ratis.thirdparty.io.grpc.internal.SerializingExecutor.run(SerializingExecutor.java:133)
	at java.base/java.util.concurrent.ThreadPoolExecutor.runWorker(ThreadPoolExecutor.java:1144)
	at java.base/java.util.concurrent.ThreadPoolExecutor$Worker.run(ThreadPoolExecutor.java:642)
	at java.base/java.lang.Thread.run(Thread.java:1583)
Caused by: org.apache.ratis.protocol.exceptions.GroupMismatchException: a505560f-c589-4eb5-89aa-a89970ae9358: group-B771F555DC8D not found.
	at org.apache.ratis.server.impl.RaftServerProxy$ImplMap.get(RaftServerProxy.java:160)
	at org.apache.ratis.server.impl.RaftServerProxy.getImplFuture(RaftServerProxy.java:370)
	at org.apache.ratis.server.impl.RaftServerProxy.appendEntriesAsync(RaftServerProxy.java:650)
	... 12 more
2025-07-14 15:00:41,657 [grpc-default-executor-2] INFO  leader.LogAppender (LogAppenderBase.java:lambda$getNextIndexForError$0(215)) - Decrease nextIndex to 5
2025-07-14 15:00:41,657 [grpc-default-executor-2] INFO  leader.LogAppender (LogAppenderBase.java:lambda$getNextIndexForError$0(215)) - Decrease nextIndex to 5
2025-07-14 15:00:41,657 [grpc-default-executor-2] INFO  leader.FollowerInfo (FollowerInfoImpl.java:info(70)) - 77d16558-8a68-4655-9235-107e22ba3c38@group-B771F555DC8D->a505560f-c589-4eb5-89aa-a89970ae9358: computeNextIndex nextIndex: updateUnconditionally 7 -> 5
2025-07-14 15:00:41,720 [timer7] WARN  server.GrpcLogAppender (GrpcLogAppender.java:timeoutAppendRequest(448)) - 52f0bf1a-a22c-4dfc-83f0-dd23f5b60a86@group-66EA1A40B3A7->a505560f-c589-4eb5-89aa-a89970ae9358-GrpcLogAppender: Timed out HEARTBEAT appendEntries, errorCount=12, request=AppendEntriesRequest:cid=6949,entriesCount=0
2025-07-14 15:00:42,903 [timer6] WARN  server.GrpcLogAppender (LogUtils.java:warn(129)) - 77d16558-8a68-4655-9235-107e22ba3c38@group-B771F555DC8D->a505560f-c589-4eb5-89aa-a89970ae9358-AppendLogResponseHandler: Failed appendEntries (Repeated 4 times in the last 5.001s)
org.apache.ratis.protocol.exceptions.GroupMismatchException: a505560f-c589-4eb5-89aa-a89970ae9358: group-B771F555DC8D not found.
	at org.apache.ratis.server.impl.RaftServerProxy$ImplMap.get(RaftServerProxy.java:160)
	at org.apache.ratis.server.impl.RaftServerProxy.getImplFuture(RaftServerProxy.java:370)
	at org.apache.ratis.server.impl.RaftServerProxy.appendEntriesAsync(RaftServerProxy.java:650)
	at org.apache.ratis.grpc.server.GrpcServerProtocolService$1.process(GrpcServerProtocolService.java:245)
	at org.apache.ratis.grpc.server.GrpcServerProtocolService$1.process(GrpcServerProtocolService.java:242)
	at org.apache.ratis.grpc.server.GrpcServerProtocolService$ServerRequestStreamObserver.onNext(GrpcServerProtocolService.java:150)
	at org.apache.ratis.thirdparty.io.grpc.stub.ServerCalls$StreamingServerCallHandler$StreamingServerCallListener.onMessage(ServerCalls.java:262)
	at org.apache.ratis.thirdparty.io.grpc.internal.ServerCallImpl$ServerStreamListenerImpl.messagesAvailableInternal(ServerCallImpl.java:334)
	at org.apache.ratis.thirdparty.io.grpc.internal.ServerCallImpl$ServerStreamListenerImpl.messagesAvailable(ServerCallImpl.java:319)
	at org.apache.ratis.thirdparty.io.grpc.internal.ServerImpl$JumpToApplicationThreadServerStreamListener$1MessagesAvailable.runInContext(ServerImpl.java:834)
	at org.apache.ratis.thirdparty.io.grpc.internal.ContextRunnable.run(ContextRunnable.java:37)
	at org.apache.ratis.thirdparty.io.grpc.internal.SerializingExecutor.run(SerializingExecutor.java:133)
	at java.base/java.util.concurrent.ThreadPoolExecutor.runWorker(ThreadPoolExecutor.java:1144)
	at java.base/java.util.concurrent.ThreadPoolExecutor$Worker.run(ThreadPoolExecutor.java:642)
	at java.base/java.lang.Thread.run(Thread.java:1583)
2025-07-14 15:00:42,908 [grpc-default-executor-2] WARN  server.GrpcServerProtocolService (LogUtils.java:warn(129)) - a505560f-c589-4eb5-89aa-a89970ae9358: Failed APPEND_ENTRIES request 77d16558-8a68-4655-9235-107e22ba3c38->a505560f-c589-4eb5-89aa-a89970ae9358#20-t2,previous=(t:1, i:4),leaderCommit=6,initializing? false,entries: size=2, first=(t:2, i:5), CONFIGURATIONENTRY(current:id:"77d16558-8a68-4655-9235-107e22ba3c38"address:"127.0.0.1:15047"dataStreamAddress:"127.0.0.1:15048"clientAddress:"127.0.0.1:15045"adminAddress:"127.0.0.1:15046"startupRole:FOLLOWER, id:"52f0bf1a-a22c-4dfc-83f0-dd23f5b60a86"address:"127.0.0.1:15055"dataStreamAddress:"127.0.0.1:15056"clientAddress:"127.0.0.1:15053"adminAddress:"127.0.0.1:15054"startupRole:FOLLOWER, id:"a505560f-c589-4eb5-89aa-a89970ae9358"address:"127.0.0.1:15039"priority:1dataStreamAddress:"127.0.0.1:15040"clientAddress:"127.0.0.1:15037"adminAddress:"127.0.0.1:15038"startupRole:FOLLOWER, old:)
java.util.concurrent.CompletionException: org.apache.ratis.protocol.exceptions.GroupMismatchException: a505560f-c589-4eb5-89aa-a89970ae9358: group-B771F555DC8D not found.
	at java.base/java.util.concurrent.CompletableFuture.encodeThrowable(CompletableFuture.java:332)
	at java.base/java.util.concurrent.CompletableFuture.uniComposeStage(CompletableFuture.java:1177)
	at java.base/java.util.concurrent.CompletableFuture.thenCompose(CompletableFuture.java:2341)
	at org.apache.ratis.server.impl.RaftServerProxy.appendEntriesAsync(RaftServerProxy.java:651)
	at org.apache.ratis.grpc.server.GrpcServerProtocolService$1.process(GrpcServerProtocolService.java:245)
	at org.apache.ratis.grpc.server.GrpcServerProtocolService$1.process(GrpcServerProtocolService.java:242)
	at org.apache.ratis.grpc.server.GrpcServerProtocolService$ServerRequestStreamObserver.onNext(GrpcServerProtocolService.java:150)
	at org.apache.ratis.thirdparty.io.grpc.stub.ServerCalls$StreamingServerCallHandler$StreamingServerCallListener.onMessage(ServerCalls.java:262)
	at org.apache.ratis.thirdparty.io.grpc.internal.ServerCallImpl$ServerStreamListenerImpl.messagesAvailableInternal(ServerCallImpl.java:334)
	at org.apache.ratis.thirdparty.io.grpc.internal.ServerCallImpl$ServerStreamListenerImpl.messagesAvailable(ServerCallImpl.java:319)
	at org.apache.ratis.thirdparty.io.grpc.internal.ServerImpl$JumpToApplicationThreadServerStreamListener$1MessagesAvailable.runInContext(ServerImpl.java:834)
	at org.apache.ratis.thirdparty.io.grpc.internal.ContextRunnable.run(ContextRunnable.java:37)
	at org.apache.ratis.thirdparty.io.grpc.internal.SerializingExecutor.run(SerializingExecutor.java:133)
	at java.base/java.util.concurrent.ThreadPoolExecutor.runWorker(ThreadPoolExecutor.java:1144)
	at java.base/java.util.concurrent.ThreadPoolExecutor$Worker.run(ThreadPoolExecutor.java:642)
	at java.base/java.lang.Thread.run(Thread.java:1583)
Caused by: org.apache.ratis.protocol.exceptions.GroupMismatchException: a505560f-c589-4eb5-89aa-a89970ae9358: group-B771F555DC8D not found.
	at org.apache.ratis.server.impl.RaftServerProxy$ImplMap.get(RaftServerProxy.java:160)
	at org.apache.ratis.server.impl.RaftServerProxy.getImplFuture(RaftServerProxy.java:370)
	at org.apache.ratis.server.impl.RaftServerProxy.appendEntriesAsync(RaftServerProxy.java:650)
	... 12 more
2025-07-14 15:00:42,909 [grpc-default-executor-2] WARN  server.GrpcLogAppender (LogUtils.java:warn(129)) - 77d16558-8a68-4655-9235-107e22ba3c38@group-B771F555DC8D->a505560f-c589-4eb5-89aa-a89970ae9358-AppendLogResponseHandler: Failed appendEntries
org.apache.ratis.protocol.exceptions.GroupMismatchException: a505560f-c589-4eb5-89aa-a89970ae9358: group-B771F555DC8D not found.
	at org.apache.ratis.server.impl.RaftServerProxy$ImplMap.get(RaftServerProxy.java:160)
	at org.apache.ratis.server.impl.RaftServerProxy.getImplFuture(RaftServerProxy.java:370)
	at org.apache.ratis.server.impl.RaftServerProxy.appendEntriesAsync(RaftServerProxy.java:650)
	at org.apache.ratis.grpc.server.GrpcServerProtocolService$1.process(GrpcServerProtocolService.java:245)
	at org.apache.ratis.grpc.server.GrpcServerProtocolService$1.process(GrpcServerProtocolService.java:242)
	at org.apache.ratis.grpc.server.GrpcServerProtocolService$ServerRequestStreamObserver.onNext(GrpcServerProtocolService.java:150)
	at org.apache.ratis.thirdparty.io.grpc.stub.ServerCalls$StreamingServerCallHandler$StreamingServerCallListener.onMessage(ServerCalls.java:262)
	at org.apache.ratis.thirdparty.io.grpc.internal.ServerCallImpl$ServerStreamListenerImpl.messagesAvailableInternal(ServerCallImpl.java:334)
	at org.apache.ratis.thirdparty.io.grpc.internal.ServerCallImpl$ServerStreamListenerImpl.messagesAvailable(ServerCallImpl.java:319)
	at org.apache.ratis.thirdparty.io.grpc.internal.ServerImpl$JumpToApplicationThreadServerStreamListener$1MessagesAvailable.runInContext(ServerImpl.java:834)
	at org.apache.ratis.thirdparty.io.grpc.internal.ContextRunnable.run(ContextRunnable.java:37)
	at org.apache.ratis.thirdparty.io.grpc.internal.SerializingExecutor.run(SerializingExecutor.java:133)
	at java.base/java.util.concurrent.ThreadPoolExecutor.runWorker(ThreadPoolExecutor.java:1144)
	at java.base/java.util.concurrent.ThreadPoolExecutor$Worker.run(ThreadPoolExecutor.java:642)
	at java.base/java.lang.Thread.run(Thread.java:1583)
2025-07-14 15:00:42,909 [grpc-default-executor-2] INFO  leader.LogAppender (LogAppenderBase.java:lambda$getNextIndexForError$0(215)) - Decrease nextIndex to 5
2025-07-14 15:00:42,909 [grpc-default-executor-2] INFO  leader.LogAppender (LogAppenderBase.java:lambda$getNextIndexForError$0(215)) - Decrease nextIndex to 5
2025-07-14 15:00:42,910 [grpc-default-executor-2] INFO  leader.FollowerInfo (FollowerInfoImpl.java:info(70)) - 77d16558-8a68-4655-9235-107e22ba3c38@group-B771F555DC8D->a505560f-c589-4eb5-89aa-a89970ae9358: computeNextIndex nextIndex: updateUnconditionally 7 -> 5
2025-07-14 15:00:42,970 [timer3] WARN  server.GrpcLogAppender (GrpcLogAppender.java:timeoutAppendRequest(448)) - 52f0bf1a-a22c-4dfc-83f0-dd23f5b60a86@group-66EA1A40B3A7->a505560f-c589-4eb5-89aa-a89970ae9358-GrpcLogAppender: Timed out HEARTBEAT appendEntries, errorCount=13, request=AppendEntriesRequest:cid=6950,entriesCount=0
2025-07-14 15:00:44,160 [grpc-default-executor-1] WARN  server.GrpcServerProtocolService (LogUtils.java:warn(129)) - a505560f-c589-4eb5-89aa-a89970ae9358: Failed APPEND_ENTRIES request 77d16558-8a68-4655-9235-107e22ba3c38->a505560f-c589-4eb5-89aa-a89970ae9358#22-t2,previous=(t:1, i:4),leaderCommit=6,initializing? false,entries: size=2, first=(t:2, i:5), CONFIGURATIONENTRY(current:id:"77d16558-8a68-4655-9235-107e22ba3c38"address:"127.0.0.1:15047"dataStreamAddress:"127.0.0.1:15048"clientAddress:"127.0.0.1:15045"adminAddress:"127.0.0.1:15046"startupRole:FOLLOWER, id:"52f0bf1a-a22c-4dfc-83f0-dd23f5b60a86"address:"127.0.0.1:15055"dataStreamAddress:"127.0.0.1:15056"clientAddress:"127.0.0.1:15053"adminAddress:"127.0.0.1:15054"startupRole:FOLLOWER, id:"a505560f-c589-4eb5-89aa-a89970ae9358"address:"127.0.0.1:15039"priority:1dataStreamAddress:"127.0.0.1:15040"clientAddress:"127.0.0.1:15037"adminAddress:"127.0.0.1:15038"startupRole:FOLLOWER, old:)
java.util.concurrent.CompletionException: org.apache.ratis.protocol.exceptions.GroupMismatchException: a505560f-c589-4eb5-89aa-a89970ae9358: group-B771F555DC8D not found.
	at java.base/java.util.concurrent.CompletableFuture.encodeThrowable(CompletableFuture.java:332)
	at java.base/java.util.concurrent.CompletableFuture.uniComposeStage(CompletableFuture.java:1177)
	at java.base/java.util.concurrent.CompletableFuture.thenCompose(CompletableFuture.java:2341)
	at org.apache.ratis.server.impl.RaftServerProxy.appendEntriesAsync(RaftServerProxy.java:651)
	at org.apache.ratis.grpc.server.GrpcServerProtocolService$1.process(GrpcServerProtocolService.java:245)
	at org.apache.ratis.grpc.server.GrpcServerProtocolService$1.process(GrpcServerProtocolService.java:242)
	at org.apache.ratis.grpc.server.GrpcServerProtocolService$ServerRequestStreamObserver.onNext(GrpcServerProtocolService.java:150)
	at org.apache.ratis.thirdparty.io.grpc.stub.ServerCalls$StreamingServerCallHandler$StreamingServerCallListener.onMessage(ServerCalls.java:262)
	at org.apache.ratis.thirdparty.io.grpc.internal.ServerCallImpl$ServerStreamListenerImpl.messagesAvailableInternal(ServerCallImpl.java:334)
	at org.apache.ratis.thirdparty.io.grpc.internal.ServerCallImpl$ServerStreamListenerImpl.messagesAvailable(ServerCallImpl.java:319)
	at org.apache.ratis.thirdparty.io.grpc.internal.ServerImpl$JumpToApplicationThreadServerStreamListener$1MessagesAvailable.runInContext(ServerImpl.java:834)
	at org.apache.ratis.thirdparty.io.grpc.internal.ContextRunnable.run(ContextRunnable.java:37)
	at org.apache.ratis.thirdparty.io.grpc.internal.SerializingExecutor.run(SerializingExecutor.java:133)
	at java.base/java.util.concurrent.ThreadPoolExecutor.runWorker(ThreadPoolExecutor.java:1144)
	at java.base/java.util.concurrent.ThreadPoolExecutor$Worker.run(ThreadPoolExecutor.java:642)
	at java.base/java.lang.Thread.run(Thread.java:1583)
Caused by: org.apache.ratis.protocol.exceptions.GroupMismatchException: a505560f-c589-4eb5-89aa-a89970ae9358: group-B771F555DC8D not found.
	at org.apache.ratis.server.impl.RaftServerProxy$ImplMap.get(RaftServerProxy.java:160)
	at org.apache.ratis.server.impl.RaftServerProxy.getImplFuture(RaftServerProxy.java:370)
	at org.apache.ratis.server.impl.RaftServerProxy.appendEntriesAsync(RaftServerProxy.java:650)
	... 12 more
2025-07-14 15:00:44,161 [grpc-default-executor-2] INFO  leader.LogAppender (LogAppenderBase.java:lambda$getNextIndexForError$0(215)) - Decrease nextIndex to 5
2025-07-14 15:00:44,161 [grpc-default-executor-2] INFO  leader.LogAppender (LogAppenderBase.java:lambda$getNextIndexForError$0(215)) - Decrease nextIndex to 5
2025-07-14 15:00:44,161 [grpc-default-executor-2] INFO  leader.FollowerInfo (FollowerInfoImpl.java:info(70)) - 77d16558-8a68-4655-9235-107e22ba3c38@group-B771F555DC8D->a505560f-c589-4eb5-89aa-a89970ae9358: computeNextIndex nextIndex: updateUnconditionally 7 -> 5
2025-07-14 15:00:44,222 [timer4] WARN  server.GrpcLogAppender (GrpcLogAppender.java:timeoutAppendRequest(448)) - 52f0bf1a-a22c-4dfc-83f0-dd23f5b60a86@group-66EA1A40B3A7->a505560f-c589-4eb5-89aa-a89970ae9358-GrpcLogAppender: Timed out HEARTBEAT appendEntries, errorCount=14, request=AppendEntriesRequest:cid=6951,entriesCount=0
2025-07-14 15:00:44,952 [timer7] ERROR impl.OrderedAsync (OrderedAsync.java:lambda$null$6(215)) -  client-D8A4E7F47A55: Failed* RaftClientRequest:client-D8A4E7F47A55->ac481237-f71e-4eeb-9120-a6c52bf83f13@group-C5ADC75AADF5, cid=157, seq=7*, RW, cmdType: WriteChunk
traceID: ""
containerID: 7
datanodeUuid: "ac481237-f71e-4eeb-9120-a6c52bf83f13"
writeChunk {
  blockID {
    containerID: 7
    localID: 115816896921600007
    blockCommitSequenceId: 7
    replicaIndex: 0
  }
  chunkData {
    chunkName: "115816896921600007_chunk_2"
    offset: 5
    len: 5
    checksumData {
      type: CRC32
      bytesPerChecksum: 16384
      checksums: "\350a\3440"
    }
  }
}
version: 3
, data.size=5
java.util.concurrent.CompletionException: org.apache.ratis.protocol.exceptions.AlreadyClosedException: client-D8A4E7F47A55->ac481237-f71e-4eeb-9120-a6c52bf83f13 is closed.
	at java.base/java.util.concurrent.CompletableFuture.encodeThrowable(CompletableFuture.java:332)
	at java.base/java.util.concurrent.CompletableFuture.uniAcceptNow(CompletableFuture.java:747)
	at java.base/java.util.concurrent.CompletableFuture.uniAcceptStage(CompletableFuture.java:735)
	at java.base/java.util.concurrent.CompletableFuture.thenAccept(CompletableFuture.java:2214)
	at org.apache.ratis.client.impl.OrderedAsync.sendRequestWithRetry(OrderedAsync.java:206)
	at org.apache.ratis.util.SlidingWindow$Client.sendOrDelayRequest(SlidingWindow.java:315)
	at org.apache.ratis.util.SlidingWindow$Client.retry(SlidingWindow.java:331)
	at org.apache.ratis.client.impl.OrderedAsync.lambda$handleException$8(OrderedAsync.java:253)
	at org.apache.ratis.util.TimeoutTimer.lambda$onTimeout$2(TimeoutTimer.java:101)
	at org.apache.ratis.util.LogUtils.runAndLog(LogUtils.java:38)
	at org.apache.ratis.util.LogUtils$1.run(LogUtils.java:78)
	at org.apache.ratis.util.TimeoutTimer$Task.run(TimeoutTimer.java:55)
	at java.base/java.util.TimerThread.mainLoop(Timer.java:566)
	at java.base/java.util.TimerThread.run(Timer.java:516)
Caused by: org.apache.ratis.protocol.exceptions.AlreadyClosedException: client-D8A4E7F47A55->ac481237-f71e-4eeb-9120-a6c52bf83f13 is closed.
	at org.apache.ratis.grpc.client.GrpcClientProtocolClient$AsyncStreamObservers.onNext(GrpcClientProtocolClient.java:352)
	at org.apache.ratis.grpc.client.GrpcClientRpc.sendRequestAsync(GrpcClientRpc.java:71)
	... 10 more
2025-07-14 15:00:45,937 [grpc-default-executor-1] WARN  server.GrpcServerProtocolService (LogUtils.java:warn(129)) - a505560f-c589-4eb5-89aa-a89970ae9358: Failed APPEND_ENTRIES request 77d16558-8a68-4655-9235-107e22ba3c38->a505560f-c589-4eb5-89aa-a89970ae9358#24-t2,previous=(t:1, i:4),leaderCommit=6,initializing? false,entries: size=2, first=(t:2, i:5), CONFIGURATIONENTRY(current:id:"77d16558-8a68-4655-9235-107e22ba3c38"address:"127.0.0.1:15047"dataStreamAddress:"127.0.0.1:15048"clientAddress:"127.0.0.1:15045"adminAddress:"127.0.0.1:15046"startupRole:FOLLOWER, id:"52f0bf1a-a22c-4dfc-83f0-dd23f5b60a86"address:"127.0.0.1:15055"dataStreamAddress:"127.0.0.1:15056"clientAddress:"127.0.0.1:15053"adminAddress:"127.0.0.1:15054"startupRole:FOLLOWER, id:"a505560f-c589-4eb5-89aa-a89970ae9358"address:"127.0.0.1:15039"priority:1dataStreamAddress:"127.0.0.1:15040"clientAddress:"127.0.0.1:15037"adminAddress:"127.0.0.1:15038"startupRole:FOLLOWER, old:)
java.util.concurrent.CompletionException: org.apache.ratis.protocol.exceptions.GroupMismatchException: a505560f-c589-4eb5-89aa-a89970ae9358: group-B771F555DC8D not found.
	at java.base/java.util.concurrent.CompletableFuture.encodeThrowable(CompletableFuture.java:332)
	at java.base/java.util.concurrent.CompletableFuture.uniComposeStage(CompletableFuture.java:1177)
	at java.base/java.util.concurrent.CompletableFuture.thenCompose(CompletableFuture.java:2341)
	at org.apache.ratis.server.impl.RaftServerProxy.appendEntriesAsync(RaftServerProxy.java:651)
	at org.apache.ratis.grpc.server.GrpcServerProtocolService$1.process(GrpcServerProtocolService.java:245)
	at org.apache.ratis.grpc.server.GrpcServerProtocolService$1.process(GrpcServerProtocolService.java:242)
	at org.apache.ratis.grpc.server.GrpcServerProtocolService$ServerRequestStreamObserver.onNext(GrpcServerProtocolService.java:150)
	at org.apache.ratis.thirdparty.io.grpc.stub.ServerCalls$StreamingServerCallHandler$StreamingServerCallListener.onMessage(ServerCalls.java:262)
	at org.apache.ratis.thirdparty.io.grpc.internal.ServerCallImpl$ServerStreamListenerImpl.messagesAvailableInternal(ServerCallImpl.java:334)
	at org.apache.ratis.thirdparty.io.grpc.internal.ServerCallImpl$ServerStreamListenerImpl.messagesAvailable(ServerCallImpl.java:319)
	at org.apache.ratis.thirdparty.io.grpc.internal.ServerImpl$JumpToApplicationThreadServerStreamListener$1MessagesAvailable.runInContext(ServerImpl.java:834)
	at org.apache.ratis.thirdparty.io.grpc.internal.ContextRunnable.run(ContextRunnable.java:37)
	at org.apache.ratis.thirdparty.io.grpc.internal.SerializingExecutor.run(SerializingExecutor.java:133)
	at java.base/java.util.concurrent.ThreadPoolExecutor.runWorker(ThreadPoolExecutor.java:1144)
	at java.base/java.util.concurrent.ThreadPoolExecutor$Worker.run(ThreadPoolExecutor.java:642)
	at java.base/java.lang.Thread.run(Thread.java:1583)
Caused by: org.apache.ratis.protocol.exceptions.GroupMismatchException: a505560f-c589-4eb5-89aa-a89970ae9358: group-B771F555DC8D not found.
	at org.apache.ratis.server.impl.RaftServerProxy$ImplMap.get(RaftServerProxy.java:160)
	at org.apache.ratis.server.impl.RaftServerProxy.getImplFuture(RaftServerProxy.java:370)
	at org.apache.ratis.server.impl.RaftServerProxy.appendEntriesAsync(RaftServerProxy.java:650)
	... 12 more
2025-07-14 15:00:45,938 [grpc-default-executor-1] INFO  leader.LogAppender (LogAppenderBase.java:lambda$getNextIndexForError$0(215)) - Decrease nextIndex to 5
2025-07-14 15:00:45,938 [grpc-default-executor-1] INFO  leader.LogAppender (LogAppenderBase.java:lambda$getNextIndexForError$0(215)) - Decrease nextIndex to 5
2025-07-14 15:00:45,938 [grpc-default-executor-1] INFO  leader.FollowerInfo (FollowerInfoImpl.java:info(70)) - 77d16558-8a68-4655-9235-107e22ba3c38@group-B771F555DC8D->a505560f-c589-4eb5-89aa-a89970ae9358: computeNextIndex nextIndex: updateUnconditionally 7 -> 5
2025-07-14 15:00:46,382 [timer4] WARN  server.GrpcLogAppender (GrpcLogAppender.java:timeoutAppendRequest(448)) - 52f0bf1a-a22c-4dfc-83f0-dd23f5b60a86@group-66EA1A40B3A7->a505560f-c589-4eb5-89aa-a89970ae9358-GrpcLogAppender: Timed out HEARTBEAT appendEntries, errorCount=15, request=AppendEntriesRequest:cid=6952,entriesCount=0
2025-07-14 15:00:47,910 [timer1] WARN  server.GrpcLogAppender (LogUtils.java:warn(129)) - 77d16558-8a68-4655-9235-107e22ba3c38@group-B771F555DC8D->a505560f-c589-4eb5-89aa-a89970ae9358-AppendLogResponseHandler: Failed appendEntries (Repeated 3 times in the last 5.000s)
org.apache.ratis.protocol.exceptions.GroupMismatchException: a505560f-c589-4eb5-89aa-a89970ae9358: group-B771F555DC8D not found.
	at org.apache.ratis.server.impl.RaftServerProxy$ImplMap.get(RaftServerProxy.java:160)
	at org.apache.ratis.server.impl.RaftServerProxy.getImplFuture(RaftServerProxy.java:370)
	at org.apache.ratis.server.impl.RaftServerProxy.appendEntriesAsync(RaftServerProxy.java:650)
	at org.apache.ratis.grpc.server.GrpcServerProtocolService$1.process(GrpcServerProtocolService.java:245)
	at org.apache.ratis.grpc.server.GrpcServerProtocolService$1.process(GrpcServerProtocolService.java:242)
	at org.apache.ratis.grpc.server.GrpcServerProtocolService$ServerRequestStreamObserver.onNext(GrpcServerProtocolService.java:150)
	at org.apache.ratis.thirdparty.io.grpc.stub.ServerCalls$StreamingServerCallHandler$StreamingServerCallListener.onMessage(ServerCalls.java:262)
	at org.apache.ratis.thirdparty.io.grpc.internal.ServerCallImpl$ServerStreamListenerImpl.messagesAvailableInternal(ServerCallImpl.java:334)
	at org.apache.ratis.thirdparty.io.grpc.internal.ServerCallImpl$ServerStreamListenerImpl.messagesAvailable(ServerCallImpl.java:319)
	at org.apache.ratis.thirdparty.io.grpc.internal.ServerImpl$JumpToApplicationThreadServerStreamListener$1MessagesAvailable.runInContext(ServerImpl.java:834)
	at org.apache.ratis.thirdparty.io.grpc.internal.ContextRunnable.run(ContextRunnable.java:37)
	at org.apache.ratis.thirdparty.io.grpc.internal.SerializingExecutor.run(SerializingExecutor.java:133)
	at java.base/java.util.concurrent.ThreadPoolExecutor.runWorker(ThreadPoolExecutor.java:1144)
	at java.base/java.util.concurrent.ThreadPoolExecutor$Worker.run(ThreadPoolExecutor.java:642)
	at java.base/java.lang.Thread.run(Thread.java:1583)
2025-07-14 15:00:48,369 [timer7] WARN  server.GrpcLogAppender (GrpcLogAppender.java:timeoutAppendRequest(448)) - 52f0bf1a-a22c-4dfc-83f0-dd23f5b60a86@group-66EA1A40B3A7->a505560f-c589-4eb5-89aa-a89970ae9358-GrpcLogAppender: Timed out HEARTBEAT appendEntries, errorCount=16, request=AppendEntriesRequest:cid=6953,entriesCount=0
2025-07-14 15:00:49,097 [grpc-default-executor-1] WARN  server.GrpcServerProtocolService (LogUtils.java:warn(129)) - a505560f-c589-4eb5-89aa-a89970ae9358: Failed APPEND_ENTRIES request 77d16558-8a68-4655-9235-107e22ba3c38->a505560f-c589-4eb5-89aa-a89970ae9358#26-t2,previous=(t:1, i:4),leaderCommit=6,initializing? false,entries: size=2, first=(t:2, i:5), CONFIGURATIONENTRY(current:id:"77d16558-8a68-4655-9235-107e22ba3c38"address:"127.0.0.1:15047"dataStreamAddress:"127.0.0.1:15048"clientAddress:"127.0.0.1:15045"adminAddress:"127.0.0.1:15046"startupRole:FOLLOWER, id:"52f0bf1a-a22c-4dfc-83f0-dd23f5b60a86"address:"127.0.0.1:15055"dataStreamAddress:"127.0.0.1:15056"clientAddress:"127.0.0.1:15053"adminAddress:"127.0.0.1:15054"startupRole:FOLLOWER, id:"a505560f-c589-4eb5-89aa-a89970ae9358"address:"127.0.0.1:15039"priority:1dataStreamAddress:"127.0.0.1:15040"clientAddress:"127.0.0.1:15037"adminAddress:"127.0.0.1:15038"startupRole:FOLLOWER, old:)
java.util.concurrent.CompletionException: org.apache.ratis.protocol.exceptions.GroupMismatchException: a505560f-c589-4eb5-89aa-a89970ae9358: group-B771F555DC8D not found.
	at java.base/java.util.concurrent.CompletableFuture.encodeThrowable(CompletableFuture.java:332)
	at java.base/java.util.concurrent.CompletableFuture.uniComposeStage(CompletableFuture.java:1177)
	at java.base/java.util.concurrent.CompletableFuture.thenCompose(CompletableFuture.java:2341)
	at org.apache.ratis.server.impl.RaftServerProxy.appendEntriesAsync(RaftServerProxy.java:651)
	at org.apache.ratis.grpc.server.GrpcServerProtocolService$1.process(GrpcServerProtocolService.java:245)
	at org.apache.ratis.grpc.server.GrpcServerProtocolService$1.process(GrpcServerProtocolService.java:242)
	at org.apache.ratis.grpc.server.GrpcServerProtocolService$ServerRequestStreamObserver.onNext(GrpcServerProtocolService.java:150)
	at org.apache.ratis.thirdparty.io.grpc.stub.ServerCalls$StreamingServerCallHandler$StreamingServerCallListener.onMessage(ServerCalls.java:262)
	at org.apache.ratis.thirdparty.io.grpc.internal.ServerCallImpl$ServerStreamListenerImpl.messagesAvailableInternal(ServerCallImpl.java:334)
	at org.apache.ratis.thirdparty.io.grpc.internal.ServerCallImpl$ServerStreamListenerImpl.messagesAvailable(ServerCallImpl.java:319)
	at org.apache.ratis.thirdparty.io.grpc.internal.ServerImpl$JumpToApplicationThreadServerStreamListener$1MessagesAvailable.runInContext(ServerImpl.java:834)
	at org.apache.ratis.thirdparty.io.grpc.internal.ContextRunnable.run(ContextRunnable.java:37)
	at org.apache.ratis.thirdparty.io.grpc.internal.SerializingExecutor.run(SerializingExecutor.java:133)
	at java.base/java.util.concurrent.ThreadPoolExecutor.runWorker(ThreadPoolExecutor.java:1144)
	at java.base/java.util.concurrent.ThreadPoolExecutor$Worker.run(ThreadPoolExecutor.java:642)
	at java.base/java.lang.Thread.run(Thread.java:1583)
Caused by: org.apache.ratis.protocol.exceptions.GroupMismatchException: a505560f-c589-4eb5-89aa-a89970ae9358: group-B771F555DC8D not found.
	at org.apache.ratis.server.impl.RaftServerProxy$ImplMap.get(RaftServerProxy.java:160)
	at org.apache.ratis.server.impl.RaftServerProxy.getImplFuture(RaftServerProxy.java:370)
	at org.apache.ratis.server.impl.RaftServerProxy.appendEntriesAsync(RaftServerProxy.java:650)
	... 12 more
2025-07-14 15:00:49,099 [grpc-default-executor-1] WARN  server.GrpcLogAppender (LogUtils.java:warn(129)) - 77d16558-8a68-4655-9235-107e22ba3c38@group-B771F555DC8D->a505560f-c589-4eb5-89aa-a89970ae9358-AppendLogResponseHandler: Failed appendEntries
org.apache.ratis.protocol.exceptions.GroupMismatchException: a505560f-c589-4eb5-89aa-a89970ae9358: group-B771F555DC8D not found.
	at org.apache.ratis.server.impl.RaftServerProxy$ImplMap.get(RaftServerProxy.java:160)
	at org.apache.ratis.server.impl.RaftServerProxy.getImplFuture(RaftServerProxy.java:370)
	at org.apache.ratis.server.impl.RaftServerProxy.appendEntriesAsync(RaftServerProxy.java:650)
	at org.apache.ratis.grpc.server.GrpcServerProtocolService$1.process(GrpcServerProtocolService.java:245)
	at org.apache.ratis.grpc.server.GrpcServerProtocolService$1.process(GrpcServerProtocolService.java:242)
	at org.apache.ratis.grpc.server.GrpcServerProtocolService$ServerRequestStreamObserver.onNext(GrpcServerProtocolService.java:150)
	at org.apache.ratis.thirdparty.io.grpc.stub.ServerCalls$StreamingServerCallHandler$StreamingServerCallListener.onMessage(ServerCalls.java:262)
	at org.apache.ratis.thirdparty.io.grpc.internal.ServerCallImpl$ServerStreamListenerImpl.messagesAvailableInternal(ServerCallImpl.java:334)
	at org.apache.ratis.thirdparty.io.grpc.internal.ServerCallImpl$ServerStreamListenerImpl.messagesAvailable(ServerCallImpl.java:319)
	at org.apache.ratis.thirdparty.io.grpc.internal.ServerImpl$JumpToApplicationThreadServerStreamListener$1MessagesAvailable.runInContext(ServerImpl.java:834)
	at org.apache.ratis.thirdparty.io.grpc.internal.ContextRunnable.run(ContextRunnable.java:37)
	at org.apache.ratis.thirdparty.io.grpc.internal.SerializingExecutor.run(SerializingExecutor.java:133)
	at java.base/java.util.concurrent.ThreadPoolExecutor.runWorker(ThreadPoolExecutor.java:1144)
	at java.base/java.util.concurrent.ThreadPoolExecutor$Worker.run(ThreadPoolExecutor.java:642)
	at java.base/java.lang.Thread.run(Thread.java:1583)
2025-07-14 15:00:49,099 [grpc-default-executor-1] INFO  leader.LogAppender (LogAppenderBase.java:lambda$getNextIndexForError$0(215)) - Decrease nextIndex to 5
2025-07-14 15:00:49,099 [grpc-default-executor-1] INFO  leader.LogAppender (LogAppenderBase.java:lambda$getNextIndexForError$0(215)) - Decrease nextIndex to 5
2025-07-14 15:00:49,099 [grpc-default-executor-1] INFO  leader.FollowerInfo (FollowerInfoImpl.java:info(70)) - 77d16558-8a68-4655-9235-107e22ba3c38@group-B771F555DC8D->a505560f-c589-4eb5-89aa-a89970ae9358: computeNextIndex nextIndex: updateUnconditionally 7 -> 5
2025-07-14 15:00:50,104 [grpc-default-executor-1] ERROR impl.OrderedAsync (OrderedAsync.java:lambda$null$6(215)) -  client-D8A4E7F47A55: Failed* RaftClientRequest:client-D8A4E7F47A55->ac481237-f71e-4eeb-9120-a6c52bf83f13@group-C5ADC75AADF5, cid=157, seq=7*, RW, cmdType: WriteChunk
traceID: ""
containerID: 7
datanodeUuid: "ac481237-f71e-4eeb-9120-a6c52bf83f13"
writeChunk {
  blockID {
    containerID: 7
    localID: 115816896921600007
    blockCommitSequenceId: 7
    replicaIndex: 0
  }
  chunkData {
    chunkName: "115816896921600007_chunk_2"
    offset: 5
    len: 5
    checksumData {
      type: CRC32
      bytesPerChecksum: 16384
      checksums: "\350a\3440"
    }
  }
}
version: 3
, data.size=5
java.util.concurrent.CompletionException: org.apache.ratis.protocol.exceptions.GroupMismatchException: ac481237-f71e-4eeb-9120-a6c52bf83f13: group-C5ADC75AADF5 not found.
	at java.base/java.util.concurrent.CompletableFuture.encodeThrowable(CompletableFuture.java:332)
	at java.base/java.util.concurrent.CompletableFuture.completeThrowable(CompletableFuture.java:347)
	at java.base/java.util.concurrent.CompletableFuture$UniAccept.tryFire(CompletableFuture.java:708)
	at java.base/java.util.concurrent.CompletableFuture.postComplete(CompletableFuture.java:510)
	at java.base/java.util.concurrent.CompletableFuture.completeExceptionally(CompletableFuture.java:2194)
	at org.apache.ratis.grpc.client.GrpcClientProtocolClient$AsyncStreamObservers.completeReplyExceptionally(GrpcClientProtocolClient.java:397)
	at org.apache.ratis.grpc.client.GrpcClientProtocolClient$AsyncStreamObservers.access$000(GrpcClientProtocolClient.java:303)
	at org.apache.ratis.grpc.client.GrpcClientProtocolClient$AsyncStreamObservers$1.onError(GrpcClientProtocolClient.java:334)
	at org.apache.ratis.thirdparty.io.grpc.stub.ClientCalls$StreamObserverToCallListenerAdapter.onClose(ClientCalls.java:564)
	at org.apache.ratis.thirdparty.io.grpc.PartialForwardingClientCallListener.onClose(PartialForwardingClientCallListener.java:39)
	at org.apache.ratis.thirdparty.io.grpc.ForwardingClientCallListener.onClose(ForwardingClientCallListener.java:23)
	at org.apache.ratis.grpc.metrics.intercept.client.MetricClientCallListener.onClose(MetricClientCallListener.java:47)
	at org.apache.ratis.thirdparty.io.grpc.internal.ClientCallImpl.closeObserver(ClientCallImpl.java:565)
	at org.apache.ratis.thirdparty.io.grpc.internal.ClientCallImpl.access$100(ClientCallImpl.java:72)
	at org.apache.ratis.thirdparty.io.grpc.internal.ClientCallImpl$ClientStreamListenerImpl$1StreamClosed.runInternal(ClientCallImpl.java:733)
	at org.apache.ratis.thirdparty.io.grpc.internal.ClientCallImpl$ClientStreamListenerImpl$1StreamClosed.runInContext(ClientCallImpl.java:714)
	at org.apache.ratis.thirdparty.io.grpc.internal.ContextRunnable.run(ContextRunnable.java:37)
	at org.apache.ratis.thirdparty.io.grpc.internal.SerializingExecutor.run(SerializingExecutor.java:133)
	at java.base/java.util.concurrent.ThreadPoolExecutor.runWorker(ThreadPoolExecutor.java:1144)
	at java.base/java.util.concurrent.ThreadPoolExecutor$Worker.run(ThreadPoolExecutor.java:642)
	at java.base/java.lang.Thread.run(Thread.java:1583)
Caused by: org.apache.ratis.protocol.exceptions.GroupMismatchException: ac481237-f71e-4eeb-9120-a6c52bf83f13: group-C5ADC75AADF5 not found.
	at org.apache.ratis.server.impl.RaftServerProxy$ImplMap.get(RaftServerProxy.java:160)
	at org.apache.ratis.server.impl.RaftServerProxy.getImplFuture(RaftServerProxy.java:370)
	at org.apache.ratis.server.impl.RaftServerProxy.submitClientRequestAsync(RaftServerProxy.java:455)
	at org.apache.ratis.grpc.server.GrpcClientProtocolService$RequestStreamObserver.processClientRequest(GrpcClientProtocolService.java:226)
	at org.apache.ratis.grpc.server.GrpcClientProtocolService$OrderedRequestStreamObserver.processClientRequest(GrpcClientProtocolService.java:332)
	at org.apache.ratis.util.SlidingWindow$Server.processRequestsFromHead(SlidingWindow.java:467)
	at org.apache.ratis.util.SlidingWindow$Server.receivedRequest(SlidingWindow.java:459)
	at org.apache.ratis.grpc.server.GrpcClientProtocolService$OrderedRequestStreamObserver.processClientRequest(GrpcClientProtocolService.java:356)
	at org.apache.ratis.grpc.server.GrpcClientProtocolService$RequestStreamObserver.onNext(GrpcClientProtocolService.java:246)
	at org.apache.ratis.grpc.server.GrpcClientProtocolService$RequestStreamObserver.onNext(GrpcClientProtocolService.java:169)
	at org.apache.ratis.thirdparty.io.grpc.stub.ServerCalls$StreamingServerCallHandler$StreamingServerCallListener.onMessage(ServerCalls.java:262)
	at org.apache.ratis.thirdparty.io.grpc.internal.ServerCallImpl$ServerStreamListenerImpl.messagesAvailableInternal(ServerCallImpl.java:334)
	at org.apache.ratis.thirdparty.io.grpc.internal.ServerCallImpl$ServerStreamListenerImpl.messagesAvailable(ServerCallImpl.java:319)
	at org.apache.ratis.thirdparty.io.grpc.internal.ServerImpl$JumpToApplicationThreadServerStreamListener$1MessagesAvailable.runInContext(ServerImpl.java:834)
	... 5 more
2025-07-14 15:00:50,104 [grpc-default-executor-1] ERROR impl.OrderedAsync (OrderedAsync.java:lambda$send$4(181)) - Failed to send request, message=cmdType: WriteChunk
traceID: ""
containerID: 7
datanodeUuid: "ac481237-f71e-4eeb-9120-a6c52bf83f13"
writeChunk {
  blockID {
    containerID: 7
    localID: 115816896921600007
    blockCommitSequenceId: 7
    replicaIndex: 0
  }
  chunkData {
    chunkName: "115816896921600007_chunk_2"
    offset: 5
    len: 5
    checksumData {
      type: CRC32
      bytesPerChecksum: 16384
      checksums: "\350a\3440"
    }
  }
}
version: 3
, data.size=5
java.util.concurrent.CompletionException: org.apache.ratis.protocol.exceptions.GroupMismatchException: ac481237-f71e-4eeb-9120-a6c52bf83f13: group-C5ADC75AADF5 not found.
	at java.base/java.util.concurrent.CompletableFuture.encodeThrowable(CompletableFuture.java:332)
	at java.base/java.util.concurrent.CompletableFuture.completeThrowable(CompletableFuture.java:347)
	at java.base/java.util.concurrent.CompletableFuture$UniApply.tryFire(CompletableFuture.java:636)
	at java.base/java.util.concurrent.CompletableFuture.postComplete(CompletableFuture.java:510)
	at java.base/java.util.concurrent.CompletableFuture.completeExceptionally(CompletableFuture.java:2194)
	at org.apache.ratis.client.impl.OrderedAsync$PendingOrderedRequest.fail(OrderedAsync.java:111)
	at org.apache.ratis.util.SlidingWindow$Client.fail(SlidingWindow.java:395)
	at org.apache.ratis.client.impl.OrderedAsync.failAllAsyncRequests(OrderedAsync.java:155)
	at org.apache.ratis.client.impl.OrderedAsync.handleException(OrderedAsync.java:232)
	at org.apache.ratis.client.impl.OrderedAsync.lambda$sendRequestWithRetry$7(OrderedAsync.java:217)
	at java.base/java.util.concurrent.CompletableFuture.uniExceptionally(CompletableFuture.java:990)
	at java.base/java.util.concurrent.CompletableFuture$UniExceptionally.tryFire(CompletableFuture.java:974)
	at java.base/java.util.concurrent.CompletableFuture.postComplete(CompletableFuture.java:510)
	at java.base/java.util.concurrent.CompletableFuture.completeExceptionally(CompletableFuture.java:2194)
	at org.apache.ratis.grpc.client.GrpcClientProtocolClient$AsyncStreamObservers.completeReplyExceptionally(GrpcClientProtocolClient.java:397)
	at org.apache.ratis.grpc.client.GrpcClientProtocolClient$AsyncStreamObservers.access$000(GrpcClientProtocolClient.java:303)
	at org.apache.ratis.grpc.client.GrpcClientProtocolClient$AsyncStreamObservers$1.onError(GrpcClientProtocolClient.java:334)
	at org.apache.ratis.thirdparty.io.grpc.stub.ClientCalls$StreamObserverToCallListenerAdapter.onClose(ClientCalls.java:564)
	at org.apache.ratis.thirdparty.io.grpc.PartialForwardingClientCallListener.onClose(PartialForwardingClientCallListener.java:39)
	at org.apache.ratis.thirdparty.io.grpc.ForwardingClientCallListener.onClose(ForwardingClientCallListener.java:23)
	at org.apache.ratis.grpc.metrics.intercept.client.MetricClientCallListener.onClose(MetricClientCallListener.java:47)
	at org.apache.ratis.thirdparty.io.grpc.internal.ClientCallImpl.closeObserver(ClientCallImpl.java:565)
	at org.apache.ratis.thirdparty.io.grpc.internal.ClientCallImpl.access$100(ClientCallImpl.java:72)
	at org.apache.ratis.thirdparty.io.grpc.internal.ClientCallImpl$ClientStreamListenerImpl$1StreamClosed.runInternal(ClientCallImpl.java:733)
	at org.apache.ratis.thirdparty.io.grpc.internal.ClientCallImpl$ClientStreamListenerImpl$1StreamClosed.runInContext(ClientCallImpl.java:714)
	at org.apache.ratis.thirdparty.io.grpc.internal.ContextRunnable.run(ContextRunnable.java:37)
	at org.apache.ratis.thirdparty.io.grpc.internal.SerializingExecutor.run(SerializingExecutor.java:133)
	at java.base/java.util.concurrent.ThreadPoolExecutor.runWorker(ThreadPoolExecutor.java:1144)
	at java.base/java.util.concurrent.ThreadPoolExecutor$Worker.run(ThreadPoolExecutor.java:642)
	at java.base/java.lang.Thread.run(Thread.java:1583)
Caused by: org.apache.ratis.protocol.exceptions.GroupMismatchException: ac481237-f71e-4eeb-9120-a6c52bf83f13: group-C5ADC75AADF5 not found.
	at org.apache.ratis.server.impl.RaftServerProxy$ImplMap.get(RaftServerProxy.java:160)
	at org.apache.ratis.server.impl.RaftServerProxy.getImplFuture(RaftServerProxy.java:370)
	at org.apache.ratis.server.impl.RaftServerProxy.submitClientRequestAsync(RaftServerProxy.java:455)
	at org.apache.ratis.grpc.server.GrpcClientProtocolService$RequestStreamObserver.processClientRequest(GrpcClientProtocolService.java:226)
	at org.apache.ratis.grpc.server.GrpcClientProtocolService$OrderedRequestStreamObserver.processClientRequest(GrpcClientProtocolService.java:332)
	at org.apache.ratis.util.SlidingWindow$Server.processRequestsFromHead(SlidingWindow.java:467)
	at org.apache.ratis.util.SlidingWindow$Server.receivedRequest(SlidingWindow.java:459)
	at org.apache.ratis.grpc.server.GrpcClientProtocolService$OrderedRequestStreamObserver.processClientRequest(GrpcClientProtocolService.java:356)
	at org.apache.ratis.grpc.server.GrpcClientProtocolService$RequestStreamObserver.onNext(GrpcClientProtocolService.java:246)
	at org.apache.ratis.grpc.server.GrpcClientProtocolService$RequestStreamObserver.onNext(GrpcClientProtocolService.java:169)
	at org.apache.ratis.thirdparty.io.grpc.stub.ServerCalls$StreamingServerCallHandler$StreamingServerCallListener.onMessage(ServerCalls.java:262)
	at org.apache.ratis.thirdparty.io.grpc.internal.ServerCallImpl$ServerStreamListenerImpl.messagesAvailableInternal(ServerCallImpl.java:334)
	at org.apache.ratis.thirdparty.io.grpc.internal.ServerCallImpl$ServerStreamListenerImpl.messagesAvailable(ServerCallImpl.java:319)
	at org.apache.ratis.thirdparty.io.grpc.internal.ServerImpl$JumpToApplicationThreadServerStreamListener$1MessagesAvailable.runInContext(ServerImpl.java:834)
	... 5 more
2025-07-14 15:00:50,105 [grpc-default-executor-1] ERROR impl.OrderedAsync (OrderedAsync.java:lambda$send$4(179)) - Failed to send request, message=cmdType: PutBlock
traceID: ""
containerID: 7
datanodeUuid: "ac481237-f71e-4eeb-9120-a6c52bf83f13"
putBlock {
  blockData {
    blockID {
      containerID: 7
      localID: 115816896921600007
      blockCommitSequenceId: 0
    }
    metadata {
      key: "TYPE"
      value: "KEY"
    }
    chunks {
      chunkName: "115816896921600007_chunk_1"
      offset: 0
      len: 5
      checksumData {
        type: CRC32
        bytesPerChecksum: 16384
        checksums: "\350a\3440"
      }
    }
    chunks {
      chunkName: "115816896921600007_chunk_2"
      offset: 5
      len: 5
      checksumData {
        type: CRC32
        bytesPerChecksum: 16384
        checksums: "\350a\3440"
      }
    }
  }
  eof: true
}
version: 3
, data.size=0 due to java.util.concurrent.CompletionException: org.apache.ratis.protocol.exceptions.AlreadyClosedException: SlidingWindow$Client:client-D8A4E7F47A55->RAFT is closed.
2025-07-14 15:00:50,105 [main] WARN  io.KeyOutputStream (KeyOutputStream.java:handleExceptionInternal(377)) - Encountered exception java.io.IOException: Unexpected Storage Container Exception: java.util.concurrent.CompletionException: Failed to write chunk 115816896921600007_chunk_2 into block conID: 7 locID: 115816896921600007 bcsId: 7 replicaIndex: null on the pipeline Pipeline{ Id: 5dcf474b-d097-4e8b-9813-c5adc75aadf5, Nodes: [ {ac481237-f71e-4eeb-9120-a6c52bf83f13(localhost/127.0.0.1), ReplicaIndex: 0},], ReplicationConfig: RATIS/ONE, State:OPEN, leaderId:ac481237-f71e-4eeb-9120-a6c52bf83f13, CreationTimestamp2025-07-14T15:00:04.615Z[Etc/UTC]}. The last committed block length is 5, uncommitted data length is 5 retry count 0
2025-07-14 15:00:50,130 [main] INFO  io.BlockOutputStreamEntry (BlockOutputStreamEntry.java:writeOnRetry(192)) - BlockOutputStreamEntry:ratis conID: 8 locID: 115816896921600008 bcsId: 0 replicaIndex: null: Finish retrying with len 5, currentPosition 5
2025-07-14 15:00:50,130 [main] INFO  io.BlockOutputStreamEntry (BlockOutputStreamEntry.java:finishRetryHandling(141)) - BlockOutputStreamEntry:ratis conID: 8 locID: 115816896921600008 bcsId: 0 replicaIndex: null: Exiting retry handling mode
2025-07-14 15:00:50,134 [311b5faf-4d73-479d-9d03-a3296c64f810@group-76182951AE04-StateMachineUpdater] INFO  ratis.ContainerStateMachine (ContainerStateMachine.java:takeSnapshot(427)) - group-76182951AE04: Taking a snapshot at:(t:1, i:4) file /home/runner/work/ozone/ozone/hadoop-ozone/integration-test/target/test-dir/MiniOzoneClusterImpl-aaa7dc72-7fbf-48e0-acc5-129182712624/ozone-meta/datanode-1/ratis/f573dc9d-c2a1-4800-8bce-76182951ae04/sm/snapshot.1_4
2025-07-14 15:00:50,136 [311b5faf-4d73-479d-9d03-a3296c64f810@group-76182951AE04-StateMachineUpdater] INFO  ratis.ContainerStateMachine (ContainerStateMachine.java:takeSnapshot(436)) - group-76182951AE04: Finished taking a snapshot at:(t:1, i:4) file:/home/runner/work/ozone/ozone/hadoop-ozone/integration-test/target/test-dir/MiniOzoneClusterImpl-aaa7dc72-7fbf-48e0-acc5-129182712624/ozone-meta/datanode-1/ratis/f573dc9d-c2a1-4800-8bce-76182951ae04/sm/snapshot.1_4 took: 2 ms
2025-07-14 15:00:50,136 [311b5faf-4d73-479d-9d03-a3296c64f810@group-76182951AE04-StateMachineUpdater] INFO  impl.StateMachineUpdater (StateMachineUpdater.java:takeSnapshot(307)) - 311b5faf-4d73-479d-9d03-a3296c64f810@group-76182951AE04-StateMachineUpdater: Took a snapshot at index 4
2025-07-14 15:00:50,136 [311b5faf-4d73-479d-9d03-a3296c64f810@group-76182951AE04-StateMachineUpdater] INFO  impl.StateMachineUpdater (StateMachineUpdater.java:lambda$new$0(101)) - 311b5faf-4d73-479d-9d03-a3296c64f810@group-76182951AE04-StateMachineUpdater: snapshotIndex: updateIncreasingly 0 -> 4
2025-07-14 15:00:50,136 [311b5faf-4d73-479d-9d03-a3296c64f810@group-76182951AE04-StateMachineUpdater] INFO  ratis.ContainerStateMachine (ContainerStateMachine.java:takeSnapshot(427)) - group-76182951AE04: Taking a snapshot at:(t:1, i:5) file /home/runner/work/ozone/ozone/hadoop-ozone/integration-test/target/test-dir/MiniOzoneClusterImpl-aaa7dc72-7fbf-48e0-acc5-129182712624/ozone-meta/datanode-1/ratis/f573dc9d-c2a1-4800-8bce-76182951ae04/sm/snapshot.1_5
2025-07-14 15:00:50,137 [311b5faf-4d73-479d-9d03-a3296c64f810@group-76182951AE04-StateMachineUpdater] INFO  ratis.ContainerStateMachine (ContainerStateMachine.java:takeSnapshot(436)) - group-76182951AE04: Finished taking a snapshot at:(t:1, i:5) file:/home/runner/work/ozone/ozone/hadoop-ozone/integration-test/target/test-dir/MiniOzoneClusterImpl-aaa7dc72-7fbf-48e0-acc5-129182712624/ozone-meta/datanode-1/ratis/f573dc9d-c2a1-4800-8bce-76182951ae04/sm/snapshot.1_5 took: 1 ms
2025-07-14 15:00:50,138 [311b5faf-4d73-479d-9d03-a3296c64f810@group-76182951AE04-StateMachineUpdater] INFO  impl.StateMachineUpdater (StateMachineUpdater.java:takeSnapshot(307)) - 311b5faf-4d73-479d-9d03-a3296c64f810@group-76182951AE04-StateMachineUpdater: Took a snapshot at index 5
2025-07-14 15:00:50,138 [311b5faf-4d73-479d-9d03-a3296c64f810@group-76182951AE04-StateMachineUpdater] INFO  impl.StateMachineUpdater (StateMachineUpdater.java:lambda$new$0(101)) - 311b5faf-4d73-479d-9d03-a3296c64f810@group-76182951AE04-StateMachineUpdater: snapshotIndex: updateIncreasingly 4 -> 5
2025-07-14 15:00:50,144 [main] INFO  ozoneimpl.OzoneContainer (OzoneContainer.java:stop(544)) - Attempting to stop container services.
2025-07-14 15:00:50,145 [ContainerMetadataScanner] WARN  ozoneimpl.AbstractBackgroundContainerScanner (AbstractBackgroundContainerScanner.java:handleRemainingSleep(136)) - Background container scan was interrupted.
2025-07-14 15:00:50,145 [ContainerMetadataScanner] INFO  ozoneimpl.AbstractBackgroundContainerScanner (AbstractBackgroundContainerScanner.java:run(63)) - org.apache.hadoop.ozone.container.ozoneimpl.BackgroundContainerMetadataScanner@6e4f0257 exiting.
2025-07-14 15:00:50,145 [main] INFO  ozoneimpl.BackgroundContainerDataScanner (BackgroundContainerDataScanner.java:shutdown(87)) - ContainerDataScanner(/home/runner/work/ozone/ozone/hadoop-ozone/integration-test/target/test-dir/MiniOzoneClusterImpl-aaa7dc72-7fbf-48e0-acc5-129182712624/ozone-meta/datanode-7/data-0/hdds) is shutting down. 
2025-07-14 15:00:50,145 [ContainerDataScanner(/home/runner/work/ozone/ozone/hadoop-ozone/integration-test/target/test-dir/MiniOzoneClusterImpl-aaa7dc72-7fbf-48e0-acc5-129182712624/ozone-meta/datanode-7/data-0/hdds)] WARN  ozoneimpl.AbstractBackgroundContainerScanner (AbstractBackgroundContainerScanner.java:handleRemainingSleep(136)) - Background container scan was interrupted.
2025-07-14 15:00:50,145 [ContainerDataScanner(/home/runner/work/ozone/ozone/hadoop-ozone/integration-test/target/test-dir/MiniOzoneClusterImpl-aaa7dc72-7fbf-48e0-acc5-129182712624/ozone-meta/datanode-7/data-0/hdds)] INFO  ozoneimpl.AbstractBackgroundContainerScanner (AbstractBackgroundContainerScanner.java:run(63)) - ContainerDataScanner(/home/runner/work/ozone/ozone/hadoop-ozone/integration-test/target/test-dir/MiniOzoneClusterImpl-aaa7dc72-7fbf-48e0-acc5-129182712624/ozone-meta/datanode-7/data-0/hdds, DS-1c5aa974-0cec-494d-9938-8270a4c20b72) exiting.
2025-07-14 15:00:50,146 [main] INFO  ozoneimpl.OnDemandContainerScanner (OnDemandContainerScanner.java:shutdown(132)) - On-demand container scanner is shutting down.
2025-07-14 15:00:50,146 [main] INFO  ratis.XceiverServerRatis (XceiverServerRatis.java:stop(594)) - Closing XceiverServerRatis(ac481237-f71e-4eeb-9120-a6c52bf83f13)
2025-07-14 15:00:50,146 [main] INFO  server.RaftServer (RaftServerProxy.java:lambda$close$9(422)) - ac481237-f71e-4eeb-9120-a6c52bf83f13: close
2025-07-14 15:00:50,146 [ac481237-f71e-4eeb-9120-a6c52bf83f13-impl-thread1] INFO  server.RaftServer$Division (RaftServerImpl.java:lambda$close$1(527)) - ac481237-f71e-4eeb-9120-a6c52bf83f13@group-EABB3B9FB711: shutdown
2025-07-14 15:00:50,147 [main] INFO  server.GrpcServicesImpl (GrpcServicesImpl.java:closeImpl(355)) - ac481237-f71e-4eeb-9120-a6c52bf83f13: shutdown server org.apache.ratis.grpc.server.GrpcClientProtocolService now
2025-07-14 15:00:50,147 [ac481237-f71e-4eeb-9120-a6c52bf83f13-impl-thread2] INFO  server.RaftServer$Division (RaftServerImpl.java:lambda$close$1(527)) - ac481237-f71e-4eeb-9120-a6c52bf83f13@group-1AEBB7792E6D: shutdown
2025-07-14 15:00:50,147 [ac481237-f71e-4eeb-9120-a6c52bf83f13-impl-thread2] INFO  util.JmxRegister (JmxRegister.java:unregister(74)) - Successfully un-registered JMX Bean with object name Ratis:service=RaftServer,group=group-1AEBB7792E6D,id=ac481237-f71e-4eeb-9120-a6c52bf83f13
2025-07-14 15:00:50,147 [ac481237-f71e-4eeb-9120-a6c52bf83f13-impl-thread2] INFO  impl.RoleInfo (RoleInfo.java:shutdownFollowerState(121)) - ac481237-f71e-4eeb-9120-a6c52bf83f13: shutdown ac481237-f71e-4eeb-9120-a6c52bf83f13@group-1AEBB7792E6D-FollowerState
2025-07-14 15:00:50,147 [ac481237-f71e-4eeb-9120-a6c52bf83f13-impl-thread2] INFO  impl.StateMachineUpdater (StateMachineUpdater.java:stopAndJoin(163)) - ac481237-f71e-4eeb-9120-a6c52bf83f13@group-1AEBB7792E6D-StateMachineUpdater: set stopIndex = 0
2025-07-14 15:00:50,147 [ac481237-f71e-4eeb-9120-a6c52bf83f13@group-1AEBB7792E6D-FollowerState] INFO  impl.FollowerState (FollowerState.java:runImpl(170)) - ac481237-f71e-4eeb-9120-a6c52bf83f13@group-1AEBB7792E6D-FollowerState was interrupted
2025-07-14 15:00:50,147 [ac481237-f71e-4eeb-9120-a6c52bf83f13-impl-thread1] INFO  util.JmxRegister (JmxRegister.java:unregister(74)) - Successfully un-registered JMX Bean with object name Ratis:service=RaftServer,group=group-EABB3B9FB711,id=ac481237-f71e-4eeb-9120-a6c52bf83f13
2025-07-14 15:00:50,147 [ac481237-f71e-4eeb-9120-a6c52bf83f13-impl-thread1] INFO  impl.RoleInfo (RoleInfo.java:shutdownLeaderState(103)) - ac481237-f71e-4eeb-9120-a6c52bf83f13: shutdown ac481237-f71e-4eeb-9120-a6c52bf83f13@group-EABB3B9FB711-LeaderStateImpl
2025-07-14 15:00:50,147 [ac481237-f71e-4eeb-9120-a6c52bf83f13-impl-thread1] INFO  impl.PendingRequests (PendingRequests.java:sendNotLeaderResponses(287)) - ac481237-f71e-4eeb-9120-a6c52bf83f13@group-EABB3B9FB711-PendingRequests: sendNotLeaderResponses
2025-07-14 15:00:50,148 [ac481237-f71e-4eeb-9120-a6c52bf83f13@group-EABB3B9FB711->9eae2efb-1df6-4ce6-ae9d-8504348dafa1-GrpcLogAppender-LogAppenderDaemon] WARN  server.GrpcLogAppender (GrpcLogAppender.java:mayWait(300)) - ac481237-f71e-4eeb-9120-a6c52bf83f13@group-EABB3B9FB711->9eae2efb-1df6-4ce6-ae9d-8504348dafa1-GrpcLogAppender: Wait interrupted by java.lang.InterruptedException
2025-07-14 15:00:50,148 [ac481237-f71e-4eeb-9120-a6c52bf83f13@group-EABB3B9FB711->89a738d3-0145-4b42-8b1b-b5be9f604b49-GrpcLogAppender-LogAppenderDaemon] WARN  server.GrpcLogAppender (GrpcLogAppender.java:mayWait(300)) - ac481237-f71e-4eeb-9120-a6c52bf83f13@group-EABB3B9FB711->89a738d3-0145-4b42-8b1b-b5be9f604b49-GrpcLogAppender: Wait interrupted by java.lang.InterruptedException
2025-07-14 15:00:50,148 [ac481237-f71e-4eeb-9120-a6c52bf83f13@group-1AEBB7792E6D-StateMachineUpdater] INFO  impl.StateMachineUpdater (StateMachineUpdater.java:stop(140)) - ac481237-f71e-4eeb-9120-a6c52bf83f13@group-1AEBB7792E6D-StateMachineUpdater: closing ContainerStateMachine, lastApplied=(t:1, i:0)
2025-07-14 15:00:50,149 [ac481237-f71e-4eeb-9120-a6c52bf83f13-impl-thread1] INFO  impl.StateMachineUpdater (StateMachineUpdater.java:stopAndJoin(163)) - ac481237-f71e-4eeb-9120-a6c52bf83f13@group-EABB3B9FB711-StateMachineUpdater: set stopIndex = 0
2025-07-14 15:00:50,149 [grpc-default-executor-2] INFO  server.GrpcServerProtocolService (GrpcServerProtocolService.java:lambda$onCompleted$6(171)) - 89a738d3-0145-4b42-8b1b-b5be9f604b49: Completed APPEND_ENTRIES, lastRequest: null 
2025-07-14 15:00:50,149 [grpc-default-executor-3] INFO  server.GrpcServerProtocolService (GrpcServerProtocolService.java:lambda$onCompleted$6(171)) - 9eae2efb-1df6-4ce6-ae9d-8504348dafa1: Completed APPEND_ENTRIES, lastRequest: null 
2025-07-14 15:00:50,149 [Thread-1238] INFO  server.GrpcServerProtocolClient (GrpcServerProtocolClient.java:close(105)) - 9eae2efb-1df6-4ce6-ae9d-8504348dafa1 Close channels
2025-07-14 15:00:50,149 [ac481237-f71e-4eeb-9120-a6c52bf83f13@group-EABB3B9FB711-StateMachineUpdater] INFO  impl.StateMachineUpdater (StateMachineUpdater.java:stop(140)) - ac481237-f71e-4eeb-9120-a6c52bf83f13@group-EABB3B9FB711-StateMachineUpdater: closing ContainerStateMachine, lastApplied=(t:1, i:0)
2025-07-14 15:00:50,149 [grpc-default-executor-3] INFO  server.GrpcServerProtocolService (GrpcServerProtocolService.java:lambda$null$7(175)) - 9eae2efb-1df6-4ce6-ae9d-8504348dafa1: Completed APPEND_ENTRIES, lastReply: serverReply {
  requestorId: "ac481237-f71e-4eeb-9120-a6c52bf83f13"
  replyId: "9eae2efb-1df6-4ce6-ae9d-8504348dafa1"
  raftGroupId {
    id: "*\226\'\rZM@\203\232\220\352\273;\237\267\021"
  }
  callId: 20
  success: true
}
term: 1
nextIndex: 1
matchIndex: 18446744073709551615
isHearbeat: true
 
2025-07-14 15:00:50,149 [ac481237-f71e-4eeb-9120-a6c52bf83f13@group-1AEBB7792E6D-cacheEviction-AwaitToRun] INFO  util.AwaitToRun (AwaitToRun.java:run(49)) - ac481237-f71e-4eeb-9120-a6c52bf83f13@group-1AEBB7792E6D-cacheEviction-AwaitToRun-AwaitForSignal is interrupted
2025-07-14 15:00:50,149 [grpc-default-executor-4] INFO  server.GrpcServerProtocolService (GrpcServerProtocolService.java:lambda$null$7(175)) - 89a738d3-0145-4b42-8b1b-b5be9f604b49: Completed APPEND_ENTRIES, lastReply: null 
2025-07-14 15:00:50,149 [ac481237-f71e-4eeb-9120-a6c52bf83f13@group-EABB3B9FB711-cacheEviction-AwaitToRun] INFO  util.AwaitToRun (AwaitToRun.java:run(49)) - ac481237-f71e-4eeb-9120-a6c52bf83f13@group-EABB3B9FB711-cacheEviction-AwaitToRun-AwaitForSignal is interrupted
2025-07-14 15:00:50,150 [Thread-1239] INFO  server.GrpcServerProtocolClient (GrpcServerProtocolClient.java:close(105)) - 89a738d3-0145-4b42-8b1b-b5be9f604b49 Close channels
2025-07-14 15:00:50,150 [grpc-default-executor-4] INFO  server.GrpcLogAppender (GrpcLogAppender.java:onCompleted(558)) - ac481237-f71e-4eeb-9120-a6c52bf83f13@group-EABB3B9FB711->89a738d3-0145-4b42-8b1b-b5be9f604b49-AppendLogResponseHandler: follower responses appendEntries COMPLETED
2025-07-14 15:00:50,151 [grpc-default-executor-4] WARN  server.GrpcLogAppender (GrpcLogAppender.java:resetClient(237)) - ac481237-f71e-4eeb-9120-a6c52bf83f13@group-EABB3B9FB711->89a738d3-0145-4b42-8b1b-b5be9f604b49-GrpcLogAppender: Failed to getClient for 89a738d3-0145-4b42-8b1b-b5be9f604b49
org.apache.ratis.protocol.exceptions.AlreadyClosedException: ac481237-f71e-4eeb-9120-a6c52bf83f13 is already CLOSED
	at org.apache.ratis.util.PeerProxyMap$PeerAndProxy.getProxy(PeerProxyMap.java:67)
	at org.apache.ratis.util.PeerProxyMap.getProxy(PeerProxyMap.java:124)
	at org.apache.ratis.grpc.server.GrpcLogAppender.getClient(GrpcLogAppender.java:207)
	at org.apache.ratis.grpc.server.GrpcLogAppender.resetClient(GrpcLogAppender.java:212)
	at org.apache.ratis.grpc.server.GrpcLogAppender.access$800(GrpcLogAppender.java:70)
	at org.apache.ratis.grpc.server.GrpcLogAppender$AppendLogResponseHandler.onCompleted(GrpcLogAppender.java:559)
	at org.apache.ratis.thirdparty.io.grpc.stub.ClientCalls$StreamObserverToCallListenerAdapter.onClose(ClientCalls.java:562)
	at org.apache.ratis.thirdparty.io.grpc.internal.ClientCallImpl.closeObserver(ClientCallImpl.java:565)
	at org.apache.ratis.thirdparty.io.grpc.internal.ClientCallImpl.access$100(ClientCallImpl.java:72)
	at org.apache.ratis.thirdparty.io.grpc.internal.ClientCallImpl$ClientStreamListenerImpl$1StreamClosed.runInternal(ClientCallImpl.java:733)
	at org.apache.ratis.thirdparty.io.grpc.internal.ClientCallImpl$ClientStreamListenerImpl$1StreamClosed.runInContext(ClientCallImpl.java:714)
	at org.apache.ratis.thirdparty.io.grpc.internal.ContextRunnable.run(ContextRunnable.java:37)
	at org.apache.ratis.thirdparty.io.grpc.internal.SerializingExecutor.run(SerializingExecutor.java:133)
	at java.base/java.util.concurrent.ThreadPoolExecutor.runWorker(ThreadPoolExecutor.java:1144)
	at java.base/java.util.concurrent.ThreadPoolExecutor$Worker.run(ThreadPoolExecutor.java:642)
	at java.base/java.lang.Thread.run(Thread.java:1583)
2025-07-14 15:00:50,151 [grpc-default-executor-1] INFO  server.GrpcLogAppender (GrpcLogAppender.java:onCompleted(558)) - ac481237-f71e-4eeb-9120-a6c52bf83f13@group-EABB3B9FB711->9eae2efb-1df6-4ce6-ae9d-8504348dafa1-AppendLogResponseHandler: follower responses appendEntries COMPLETED
2025-07-14 15:00:50,152 [grpc-default-executor-1] WARN  server.GrpcLogAppender (GrpcLogAppender.java:resetClient(237)) - ac481237-f71e-4eeb-9120-a6c52bf83f13@group-EABB3B9FB711->9eae2efb-1df6-4ce6-ae9d-8504348dafa1-GrpcLogAppender: Failed to getClient for 9eae2efb-1df6-4ce6-ae9d-8504348dafa1
org.apache.ratis.protocol.exceptions.AlreadyClosedException: ac481237-f71e-4eeb-9120-a6c52bf83f13 is already CLOSED
	at org.apache.ratis.util.PeerProxyMap$PeerAndProxy.getProxy(PeerProxyMap.java:67)
	at org.apache.ratis.util.PeerProxyMap.getProxy(PeerProxyMap.java:124)
	at org.apache.ratis.grpc.server.GrpcLogAppender.getClient(GrpcLogAppender.java:207)
	at org.apache.ratis.grpc.server.GrpcLogAppender.resetClient(GrpcLogAppender.java:212)
	at org.apache.ratis.grpc.server.GrpcLogAppender.access$800(GrpcLogAppender.java:70)
	at org.apache.ratis.grpc.server.GrpcLogAppender$AppendLogResponseHandler.onCompleted(GrpcLogAppender.java:559)
	at org.apache.ratis.thirdparty.io.grpc.stub.ClientCalls$StreamObserverToCallListenerAdapter.onClose(ClientCalls.java:562)
	at org.apache.ratis.thirdparty.io.grpc.internal.ClientCallImpl.closeObserver(ClientCallImpl.java:565)
	at org.apache.ratis.thirdparty.io.grpc.internal.ClientCallImpl.access$100(ClientCallImpl.java:72)
	at org.apache.ratis.thirdparty.io.grpc.internal.ClientCallImpl$ClientStreamListenerImpl$1StreamClosed.runInternal(ClientCallImpl.java:733)
	at org.apache.ratis.thirdparty.io.grpc.internal.ClientCallImpl$ClientStreamListenerImpl$1StreamClosed.runInContext(ClientCallImpl.java:714)
	at org.apache.ratis.thirdparty.io.grpc.internal.ContextRunnable.run(ContextRunnable.java:37)
	at org.apache.ratis.thirdparty.io.grpc.internal.SerializingExecutor.run(SerializingExecutor.java:133)
	at java.base/java.util.concurrent.ThreadPoolExecutor.runWorker(ThreadPoolExecutor.java:1144)
	at java.base/java.util.concurrent.ThreadPoolExecutor$Worker.run(ThreadPoolExecutor.java:642)
	at java.base/java.lang.Thread.run(Thread.java:1583)
2025-07-14 15:00:50,152 [grpc-default-executor-2] INFO  server.GrpcLogAppender (GrpcLogAppender.java:onCompleted(558)) - ac481237-f71e-4eeb-9120-a6c52bf83f13@group-EABB3B9FB711->9eae2efb-1df6-4ce6-ae9d-8504348dafa1-AppendLogResponseHandler: follower responses appendEntries COMPLETED
2025-07-14 15:00:50,152 [grpc-default-executor-2] WARN  server.GrpcLogAppender (GrpcLogAppender.java:resetClient(237)) - ac481237-f71e-4eeb-9120-a6c52bf83f13@group-EABB3B9FB711->9eae2efb-1df6-4ce6-ae9d-8504348dafa1-GrpcLogAppender: Failed to getClient for 9eae2efb-1df6-4ce6-ae9d-8504348dafa1
org.apache.ratis.protocol.exceptions.AlreadyClosedException: ac481237-f71e-4eeb-9120-a6c52bf83f13 is already CLOSED
	at org.apache.ratis.util.PeerProxyMap$PeerAndProxy.getProxy(PeerProxyMap.java:67)
	at org.apache.ratis.util.PeerProxyMap.getProxy(PeerProxyMap.java:124)
	at org.apache.ratis.grpc.server.GrpcLogAppender.getClient(GrpcLogAppender.java:207)
	at org.apache.ratis.grpc.server.GrpcLogAppender.resetClient(GrpcLogAppender.java:212)
	at org.apache.ratis.grpc.server.GrpcLogAppender.access$800(GrpcLogAppender.java:70)
	at org.apache.ratis.grpc.server.GrpcLogAppender$AppendLogResponseHandler.onCompleted(GrpcLogAppender.java:559)
	at org.apache.ratis.thirdparty.io.grpc.stub.ClientCalls$StreamObserverToCallListenerAdapter.onClose(ClientCalls.java:562)
	at org.apache.ratis.thirdparty.io.grpc.internal.ClientCallImpl.closeObserver(ClientCallImpl.java:565)
	at org.apache.ratis.thirdparty.io.grpc.internal.ClientCallImpl.access$100(ClientCallImpl.java:72)
	at org.apache.ratis.thirdparty.io.grpc.internal.ClientCallImpl$ClientStreamListenerImpl$1StreamClosed.runInternal(ClientCallImpl.java:733)
	at org.apache.ratis.thirdparty.io.grpc.internal.ClientCallImpl$ClientStreamListenerImpl$1StreamClosed.runInContext(ClientCallImpl.java:714)
	at org.apache.ratis.thirdparty.io.grpc.internal.ContextRunnable.run(ContextRunnable.java:37)
	at org.apache.ratis.thirdparty.io.grpc.internal.SerializingExecutor.run(SerializingExecutor.java:133)
	at java.base/java.util.concurrent.ThreadPoolExecutor.runWorker(ThreadPoolExecutor.java:1144)
	at java.base/java.util.concurrent.ThreadPoolExecutor$Worker.run(ThreadPoolExecutor.java:642)
	at java.base/java.lang.Thread.run(Thread.java:1583)
2025-07-14 15:00:50,152 [grpc-default-executor-4] INFO  server.GrpcLogAppender (GrpcLogAppender.java:onCompleted(558)) - ac481237-f71e-4eeb-9120-a6c52bf83f13@group-EABB3B9FB711->89a738d3-0145-4b42-8b1b-b5be9f604b49-AppendLogResponseHandler: follower responses appendEntries COMPLETED
2025-07-14 15:00:50,152 [grpc-default-executor-4] WARN  server.GrpcLogAppender (GrpcLogAppender.java:resetClient(237)) - ac481237-f71e-4eeb-9120-a6c52bf83f13@group-EABB3B9FB711->89a738d3-0145-4b42-8b1b-b5be9f604b49-GrpcLogAppender: Failed to getClient for 89a738d3-0145-4b42-8b1b-b5be9f604b49
org.apache.ratis.protocol.exceptions.AlreadyClosedException: ac481237-f71e-4eeb-9120-a6c52bf83f13 is already CLOSED
	at org.apache.ratis.util.PeerProxyMap$PeerAndProxy.getProxy(PeerProxyMap.java:67)
	at org.apache.ratis.util.PeerProxyMap.getProxy(PeerProxyMap.java:124)
	at org.apache.ratis.grpc.server.GrpcLogAppender.getClient(GrpcLogAppender.java:207)
	at org.apache.ratis.grpc.server.GrpcLogAppender.resetClient(GrpcLogAppender.java:212)
	at org.apache.ratis.grpc.server.GrpcLogAppender.access$800(GrpcLogAppender.java:70)
	at org.apache.ratis.grpc.server.GrpcLogAppender$AppendLogResponseHandler.onCompleted(GrpcLogAppender.java:559)
	at org.apache.ratis.thirdparty.io.grpc.stub.ClientCalls$StreamObserverToCallListenerAdapter.onClose(ClientCalls.java:562)
	at org.apache.ratis.thirdparty.io.grpc.internal.ClientCallImpl.closeObserver(ClientCallImpl.java:565)
	at org.apache.ratis.thirdparty.io.grpc.internal.ClientCallImpl.access$100(ClientCallImpl.java:72)
	at org.apache.ratis.thirdparty.io.grpc.internal.ClientCallImpl$ClientStreamListenerImpl$1StreamClosed.runInternal(ClientCallImpl.java:733)
	at org.apache.ratis.thirdparty.io.grpc.internal.ClientCallImpl$ClientStreamListenerImpl$1StreamClosed.runInContext(ClientCallImpl.java:714)
	at org.apache.ratis.thirdparty.io.grpc.internal.ContextRunnable.run(ContextRunnable.java:37)
	at org.apache.ratis.thirdparty.io.grpc.internal.SerializingExecutor.run(SerializingExecutor.java:133)
	at java.base/java.util.concurrent.ThreadPoolExecutor.runWorker(ThreadPoolExecutor.java:1144)
	at java.base/java.util.concurrent.ThreadPoolExecutor$Worker.run(ThreadPoolExecutor.java:642)
	at java.base/java.lang.Thread.run(Thread.java:1583)
2025-07-14 15:00:50,153 [main] INFO  server.GrpcServicesImpl (GrpcServicesImpl.java:closeImpl(364)) - ac481237-f71e-4eeb-9120-a6c52bf83f13: shutdown server org.apache.ratis.grpc.server.GrpcClientProtocolService successfully
2025-07-14 15:00:50,153 [main] INFO  server.GrpcServicesImpl (GrpcServicesImpl.java:closeImpl(355)) - ac481237-f71e-4eeb-9120-a6c52bf83f13: shutdown server GrpcServerProtocolService now
2025-07-14 15:00:50,154 [grpc-default-executor-0] WARN  server.GrpcServerProtocolService (LogUtils.java:warn(127)) - ac481237-f71e-4eeb-9120-a6c52bf83f13: APPEND_ENTRIES onError, lastRequest: 9eae2efb-1df6-4ce6-ae9d-8504348dafa1->ac481237-f71e-4eeb-9120-a6c52bf83f13#1-t1,previous=<PROTO_DEFAULT>,leaderCommit=-1,initializing? false,entries: size=1, first=(t:1, i:0), CONFIGURATIONENTRY(current:id:"9eae2efb-1df6-4ce6-ae9d-8504348dafa1"address:"127.0.0.1:15079"priority:1dataStreamAddress:"127.0.0.1:15080"clientAddress:"127.0.0.1:15077"adminAddress:"127.0.0.1:15078"startupRole:FOLLOWER, id:"ac481237-f71e-4eeb-9120-a6c52bf83f13"address:"127.0.0.1:15063"dataStreamAddress:"127.0.0.1:15064"clientAddress:"127.0.0.1:15061"adminAddress:"127.0.0.1:15062"startupRole:FOLLOWER, id:"89a738d3-0145-4b42-8b1b-b5be9f604b49"address:"127.0.0.1:15071"dataStreamAddress:"127.0.0.1:15072"clientAddress:"127.0.0.1:15069"adminAddress:"127.0.0.1:15070"startupRole:FOLLOWER, old:): org.apache.ratis.thirdparty.io.grpc.StatusRuntimeException: CANCELLED: client cancelled
2025-07-14 15:00:50,154 [main] INFO  server.GrpcServicesImpl (GrpcServicesImpl.java:closeImpl(364)) - ac481237-f71e-4eeb-9120-a6c52bf83f13: shutdown server GrpcServerProtocolService successfully
2025-07-14 15:00:50,155 [main] INFO  server.GrpcServicesImpl (GrpcServicesImpl.java:closeImpl(355)) - ac481237-f71e-4eeb-9120-a6c52bf83f13: shutdown server org.apache.ratis.grpc.server.GrpcAdminProtocolService now
2025-07-14 15:00:50,155 [main] INFO  server.GrpcServicesImpl (GrpcServicesImpl.java:closeImpl(364)) - ac481237-f71e-4eeb-9120-a6c52bf83f13: shutdown server org.apache.ratis.grpc.server.GrpcAdminProtocolService successfully
2025-07-14 15:00:50,155 [grpc-default-executor-3] WARN  server.GrpcServerProtocolService (LogUtils.java:warn(127)) - ac481237-f71e-4eeb-9120-a6c52bf83f13: APPEND_ENTRIES onError, lastRequest: null: org.apache.ratis.thirdparty.io.grpc.StatusRuntimeException: CANCELLED: client cancelled
2025-07-14 15:00:50,156 [grpc-default-executor-5] WARN  server.GrpcLogAppender (LogUtils.java:warn(127)) - 9eae2efb-1df6-4ce6-ae9d-8504348dafa1@group-1AEBB7792E6D->ac481237-f71e-4eeb-9120-a6c52bf83f13-AppendLogResponseHandler: Failed appendEntries: org.apache.ratis.thirdparty.io.grpc.StatusRuntimeException: CANCELLED: RST_STREAM closed stream. HTTP/2 error code: CANCEL
2025-07-14 15:00:50,156 [grpc-default-executor-5] WARN  server.GrpcLogAppender (GrpcLogAppender.java:lambda$resetClient$1(228)) - 9eae2efb-1df6-4ce6-ae9d-8504348dafa1@group-1AEBB7792E6D->ac481237-f71e-4eeb-9120-a6c52bf83f13-GrpcLogAppender: Follower failed (request=null, errorCount=1); keep nextIndex (1) unchanged and retry.
2025-07-14 15:00:50,160 [ac481237-f71e-4eeb-9120-a6c52bf83f13-NettyServerStreamRpc-bossGroup--thread1] INFO  logging.LoggingHandler (AbstractInternalLogger.java:log(148)) - [id: 0xc9da59a5, L:/0.0.0.0:15064] CLOSE
2025-07-14 15:00:50,160 [ac481237-f71e-4eeb-9120-a6c52bf83f13-NettyServerStreamRpc-bossGroup--thread1] INFO  logging.LoggingHandler (AbstractInternalLogger.java:log(148)) - [id: 0xc9da59a5, L:/0.0.0.0:15064] INACTIVE
2025-07-14 15:00:50,161 [ac481237-f71e-4eeb-9120-a6c52bf83f13-NettyServerStreamRpc-bossGroup--thread1] INFO  logging.LoggingHandler (AbstractInternalLogger.java:log(148)) - [id: 0xc9da59a5, L:/0.0.0.0:15064] UNREGISTERED
2025-07-14 15:00:50,697 [ac481237-f71e-4eeb-9120-a6c52bf83f13-impl-thread2] INFO  segmented.SegmentedRaftLogWorker (SegmentedRaftLogWorker.java:close(254)) - ac481237-f71e-4eeb-9120-a6c52bf83f13@group-1AEBB7792E6D-SegmentedRaftLogWorker close()
2025-07-14 15:00:50,697 [ac481237-f71e-4eeb-9120-a6c52bf83f13-impl-thread2] INFO  ratis.ContainerStateMachine (ContainerStateMachine.java:notifyServerShutdown(1038)) - group-1AEBB7792E6D is closed by HddsDatanodeService
2025-07-14 15:00:50,798 [ac481237-f71e-4eeb-9120-a6c52bf83f13-impl-thread1] INFO  segmented.SegmentedRaftLogWorker (SegmentedRaftLogWorker.java:close(254)) - ac481237-f71e-4eeb-9120-a6c52bf83f13@group-EABB3B9FB711-SegmentedRaftLogWorker close()
2025-07-14 15:00:50,799 [ac481237-f71e-4eeb-9120-a6c52bf83f13-impl-thread1] INFO  ratis.ContainerStateMachine (ContainerStateMachine.java:notifyServerShutdown(1038)) - group-EABB3B9FB711 is closed by HddsDatanodeService
2025-07-14 15:00:50,799 [JvmPauseMonitor9] INFO  util.JvmPauseMonitor (JvmPauseMonitor.java:run(152)) - JvmPauseMonitor-ac481237-f71e-4eeb-9120-a6c52bf83f13: Stopped
2025-07-14 15:00:50,836 [timer3] WARN  server.GrpcLogAppender (GrpcLogAppender.java:timeoutAppendRequest(448)) - 52f0bf1a-a22c-4dfc-83f0-dd23f5b60a86@group-66EA1A40B3A7->a505560f-c589-4eb5-89aa-a89970ae9358-GrpcLogAppender: Timed out HEARTBEAT appendEntries, errorCount=17, request=AppendEntriesRequest:cid=6954,entriesCount=0
2025-07-14 15:00:52,425 [grpc-default-executor-6] WARN  server.GrpcServerProtocolService (LogUtils.java:warn(129)) - a505560f-c589-4eb5-89aa-a89970ae9358: Failed APPEND_ENTRIES request 77d16558-8a68-4655-9235-107e22ba3c38->a505560f-c589-4eb5-89aa-a89970ae9358#29-t2,previous=(t:1, i:4),leaderCommit=6,initializing? false,entries: size=2, first=(t:2, i:5), CONFIGURATIONENTRY(current:id:"77d16558-8a68-4655-9235-107e22ba3c38"address:"127.0.0.1:15047"dataStreamAddress:"127.0.0.1:15048"clientAddress:"127.0.0.1:15045"adminAddress:"127.0.0.1:15046"startupRole:FOLLOWER, id:"52f0bf1a-a22c-4dfc-83f0-dd23f5b60a86"address:"127.0.0.1:15055"dataStreamAddress:"127.0.0.1:15056"clientAddress:"127.0.0.1:15053"adminAddress:"127.0.0.1:15054"startupRole:FOLLOWER, id:"a505560f-c589-4eb5-89aa-a89970ae9358"address:"127.0.0.1:15039"priority:1dataStreamAddress:"127.0.0.1:15040"clientAddress:"127.0.0.1:15037"adminAddress:"127.0.0.1:15038"startupRole:FOLLOWER, old:)
java.util.concurrent.CompletionException: org.apache.ratis.protocol.exceptions.GroupMismatchException: a505560f-c589-4eb5-89aa-a89970ae9358: group-B771F555DC8D not found.
	at java.base/java.util.concurrent.CompletableFuture.encodeThrowable(CompletableFuture.java:332)
	at java.base/java.util.concurrent.CompletableFuture.uniComposeStage(CompletableFuture.java:1177)
	at java.base/java.util.concurrent.CompletableFuture.thenCompose(CompletableFuture.java:2341)
	at org.apache.ratis.server.impl.RaftServerProxy.appendEntriesAsync(RaftServerProxy.java:651)
	at org.apache.ratis.grpc.server.GrpcServerProtocolService$1.process(GrpcServerProtocolService.java:245)
	at org.apache.ratis.grpc.server.GrpcServerProtocolService$1.process(GrpcServerProtocolService.java:242)
	at org.apache.ratis.grpc.server.GrpcServerProtocolService$ServerRequestStreamObserver.onNext(GrpcServerProtocolService.java:150)
	at org.apache.ratis.thirdparty.io.grpc.stub.ServerCalls$StreamingServerCallHandler$StreamingServerCallListener.onMessage(ServerCalls.java:262)
	at org.apache.ratis.thirdparty.io.grpc.internal.ServerCallImpl$ServerStreamListenerImpl.messagesAvailableInternal(ServerCallImpl.java:334)
	at org.apache.ratis.thirdparty.io.grpc.internal.ServerCallImpl$ServerStreamListenerImpl.messagesAvailable(ServerCallImpl.java:319)
	at org.apache.ratis.thirdparty.io.grpc.internal.ServerImpl$JumpToApplicationThreadServerStreamListener$1MessagesAvailable.runInContext(ServerImpl.java:834)
	at org.apache.ratis.thirdparty.io.grpc.internal.ContextRunnable.run(ContextRunnable.java:37)
	at org.apache.ratis.thirdparty.io.grpc.internal.SerializingExecutor.run(SerializingExecutor.java:133)
	at java.base/java.util.concurrent.ThreadPoolExecutor.runWorker(ThreadPoolExecutor.java:1144)
	at java.base/java.util.concurrent.ThreadPoolExecutor$Worker.run(ThreadPoolExecutor.java:642)
	at java.base/java.lang.Thread.run(Thread.java:1583)
Caused by: org.apache.ratis.protocol.exceptions.GroupMismatchException: a505560f-c589-4eb5-89aa-a89970ae9358: group-B771F555DC8D not found.
	at org.apache.ratis.server.impl.RaftServerProxy$ImplMap.get(RaftServerProxy.java:160)
	at org.apache.ratis.server.impl.RaftServerProxy.getImplFuture(RaftServerProxy.java:370)
	at org.apache.ratis.server.impl.RaftServerProxy.appendEntriesAsync(RaftServerProxy.java:650)
	... 12 more
2025-07-14 15:00:52,427 [grpc-default-executor-6] INFO  leader.LogAppender (LogAppenderBase.java:lambda$getNextIndexForError$0(215)) - Decrease nextIndex to 5
2025-07-14 15:00:52,427 [grpc-default-executor-6] INFO  leader.LogAppender (LogAppenderBase.java:lambda$getNextIndexForError$0(215)) - Decrease nextIndex to 5
2025-07-14 15:00:52,427 [grpc-default-executor-6] INFO  leader.FollowerInfo (FollowerInfoImpl.java:info(70)) - 77d16558-8a68-4655-9235-107e22ba3c38@group-B771F555DC8D->a505560f-c589-4eb5-89aa-a89970ae9358: computeNextIndex nextIndex: updateUnconditionally 7 -> 5
2025-07-14 15:00:52,802 [main] INFO  utils.DatanodeStoreCache (DatanodeStoreCache.java:shutdownCache(110)) - Skip clearing cache in mini cluster mode. Entries left: [/home/runner/work/ozone/ozone/hadoop-ozone/integration-test/target/test-dir/MiniOzoneClusterImpl-aaa7dc72-7fbf-48e0-acc5-129182712624/ozone-meta/datanode-1/data-0/hdds/aaa7dc72-7fbf-48e0-acc5-129182712624/DS-1b72afe3-2307-48a1-83ad-7a97c97707d1/container.db, /home/runner/work/ozone/ozone/hadoop-ozone/integration-test/target/test-dir/MiniOzoneClusterImpl-aaa7dc72-7fbf-48e0-acc5-129182712624/ozone-meta/datanode-10/data-0/hdds/aaa7dc72-7fbf-48e0-acc5-129182712624/DS-35ca50df-ee81-4034-b3d5-0175393aaaec/container.db, /home/runner/work/ozone/ozone/hadoop-ozone/integration-test/target/test-dir/MiniOzoneClusterImpl-aaa7dc72-7fbf-48e0-acc5-129182712624/ozone-meta/datanode-2/data-0/hdds/aaa7dc72-7fbf-48e0-acc5-129182712624/DS-7e2cb485-faa9-4751-816e-e115e9c6d5d6/container.db, /home/runner/work/ozone/ozone/hadoop-ozone/integration-test/target/test-dir/MiniOzoneClusterImpl-aaa7dc72-7fbf-48e0-acc5-129182712624/ozone-meta/datanode-3/data-0/hdds/aaa7dc72-7fbf-48e0-acc5-129182712624/DS-081a95e9-8ace-4695-9ef3-18b60e55d8b2/container.db, /home/runner/work/ozone/ozone/hadoop-ozone/integration-test/target/test-dir/MiniOzoneClusterImpl-aaa7dc72-7fbf-48e0-acc5-129182712624/ozone-meta/datanode-4/data-0/hdds/aaa7dc72-7fbf-48e0-acc5-129182712624/DS-74c62da7-997c-45b9-a898-b5435ee7265f/container.db, /home/runner/work/ozone/ozone/hadoop-ozone/integration-test/target/test-dir/MiniOzoneClusterImpl-aaa7dc72-7fbf-48e0-acc5-129182712624/ozone-meta/datanode-5/data-0/hdds/aaa7dc72-7fbf-48e0-acc5-129182712624/DS-dfb635b0-3326-4919-a5b2-5e973005a264/container.db, /home/runner/work/ozone/ozone/hadoop-ozone/integration-test/target/test-dir/MiniOzoneClusterImpl-aaa7dc72-7fbf-48e0-acc5-129182712624/ozone-meta/datanode-6/data-0/hdds/aaa7dc72-7fbf-48e0-acc5-129182712624/DS-312fbd46-dbcd-4181-b1a2-72678cbe0860/container.db, /home/runner/work/ozone/ozone/hadoop-ozone/integration-test/target/test-dir/MiniOzoneClusterImpl-aaa7dc72-7fbf-48e0-acc5-129182712624/ozone-meta/datanode-7/data-0/hdds/aaa7dc72-7fbf-48e0-acc5-129182712624/DS-1c5aa974-0cec-494d-9938-8270a4c20b72/container.db, /home/runner/work/ozone/ozone/hadoop-ozone/integration-test/target/test-dir/MiniOzoneClusterImpl-aaa7dc72-7fbf-48e0-acc5-129182712624/ozone-meta/datanode-8/data-0/hdds/aaa7dc72-7fbf-48e0-acc5-129182712624/DS-110da338-196d-4995-b436-65e1d6352642/container.db, /home/runner/work/ozone/ozone/hadoop-ozone/integration-test/target/test-dir/MiniOzoneClusterImpl-aaa7dc72-7fbf-48e0-acc5-129182712624/ozone-meta/datanode-9/data-0/hdds/aaa7dc72-7fbf-48e0-acc5-129182712624/DS-d19e303e-a8cb-4df6-b549-e2b33401de27/container.db]
2025-07-14 15:00:52,803 [main] INFO  utils.DatanodeStoreCache (DatanodeStoreCache.java:removeDB(104)) - Removed db /home/runner/work/ozone/ozone/hadoop-ozone/integration-test/target/test-dir/MiniOzoneClusterImpl-aaa7dc72-7fbf-48e0-acc5-129182712624/ozone-meta/datanode-7/data-0/hdds/aaa7dc72-7fbf-48e0-acc5-129182712624/DS-1c5aa974-0cec-494d-9938-8270a4c20b72/container.db from cache
2025-07-14 15:00:52,803 [main] INFO  volume.HddsVolume (HddsVolume.java:closeDbStore(608)) - SchemaV3 db is stopped at /home/runner/work/ozone/ozone/hadoop-ozone/integration-test/target/test-dir/MiniOzoneClusterImpl-aaa7dc72-7fbf-48e0-acc5-129182712624/ozone-meta/datanode-7/data-0/hdds/aaa7dc72-7fbf-48e0-acc5-129182712624/DS-1c5aa974-0cec-494d-9938-8270a4c20b72/container.db for volume DS-1c5aa974-0cec-494d-9938-8270a4c20b72
2025-07-14 15:00:52,804 [main] INFO  utils.BackgroundService (BackgroundService.java:shutdown(178)) - Shutting down service BlockDeletingService
2025-07-14 15:00:52,805 [main] INFO  utils.BackgroundService (BackgroundService.java:shutdown(178)) - Shutting down service StaleRecoveringContainerScrubbingService
2025-07-14 15:00:52,807 [main] INFO  statemachine.DatanodeStateMachine (DatanodeStateMachine.java:stopDaemon(637)) - Ozone container server stopped.
2025-07-14 15:00:52,826 [main] INFO  handler.ContextHandler (ContextHandler.java:doStop(1159)) - Stopped o.e.j.w.WebAppContext@56be1b09{hddsDatanode,/,null,STOPPED}{jar:file:/home/runner/work/ozone/ozone/hadoop-hdds/container-service/target/hdds-container-service-2.1.0-SNAPSHOT.jar!/webapps/hddsDatanode}
2025-07-14 15:00:52,827 [main] INFO  server.AbstractConnector (AbstractConnector.java:doStop(383)) - Stopped ServerConnector@886a0f5{HTTP/1.1, (http/1.1)}{0.0.0.0:15058}
2025-07-14 15:00:52,827 [main] INFO  server.session (HouseKeeper.java:stopScavenging(149)) - node0 Stopped scavenging
2025-07-14 15:00:52,828 [main] INFO  handler.ContextHandler (ContextHandler.java:doStop(1159)) - Stopped o.e.j.s.ServletContextHandler@7fa20767{static,/static,jar:file:/home/runner/work/ozone/ozone/hadoop-hdds/container-service/target/hdds-container-service-2.1.0-SNAPSHOT.jar!/webapps/static,STOPPED}
2025-07-14 15:00:52,828 [main] INFO  handler.ContextHandler (ContextHandler.java:doStop(1159)) - Stopped o.e.j.s.ServletContextHandler@1f974b5d{logs,/logs,file:///home/runner/work/ozone/ozone/hadoop-ozone/integration-test/target/log,STOPPED}
2025-07-14 15:00:52,829 [main] INFO  ozone.HddsDatanodeClientProtocolServer (HddsDatanodeClientProtocolServer.java:stop(82)) - Stopping the RPC server for Client Protocol
2025-07-14 15:00:52,830 [main] INFO  ipc.Server (Server.java:stop(3697)) - Stopping server on 15059
2025-07-14 15:00:52,832 [IPC Server listener on 15059] INFO  ipc.Server (Server.java:run(1585)) - Stopping IPC Server listener on 15059
2025-07-14 15:00:52,833 [IPC Server Responder] INFO  ipc.Server (Server.java:run(1718)) - Stopping IPC Server Responder
2025-07-14 15:00:52,833 [main] INFO  ozone.MiniOzoneClusterImpl (MiniOzoneClusterImpl.java:lambda$waitForHddsDatanodeToStop$3(312)) - Waiting on datanode to be marked stale.
2025-07-14 15:00:52,951 [timer7] WARN  server.GrpcLogAppender (GrpcLogAppender.java:timeoutAppendRequest(448)) - 52f0bf1a-a22c-4dfc-83f0-dd23f5b60a86@group-66EA1A40B3A7->a505560f-c589-4eb5-89aa-a89970ae9358-GrpcLogAppender: Timed out HEARTBEAT appendEntries, errorCount=18, request=AppendEntriesRequest:cid=6955,entriesCount=0
2025-07-14 15:00:53,588 [9eae2efb-1df6-4ce6-ae9d-8504348dafa1@group-EABB3B9FB711-FollowerState] INFO  impl.FollowerState (FollowerState.java:runImpl(161)) - 9eae2efb-1df6-4ce6-ae9d-8504348dafa1@group-EABB3B9FB711-FollowerState: change to CANDIDATE, lastRpcElapsedTime:5731438617ns, electionTimeout:5146ms
2025-07-14 15:00:53,588 [9eae2efb-1df6-4ce6-ae9d-8504348dafa1@group-EABB3B9FB711-FollowerState] INFO  impl.RoleInfo (RoleInfo.java:shutdownFollowerState(121)) - 9eae2efb-1df6-4ce6-ae9d-8504348dafa1: shutdown 9eae2efb-1df6-4ce6-ae9d-8504348dafa1@group-EABB3B9FB711-FollowerState
2025-07-14 15:00:53,588 [9eae2efb-1df6-4ce6-ae9d-8504348dafa1@group-EABB3B9FB711-FollowerState] INFO  server.RaftServer$Division (RaftServerImpl.java:setRole(392)) - 9eae2efb-1df6-4ce6-ae9d-8504348dafa1@group-EABB3B9FB711: changes role from  FOLLOWER to CANDIDATE at term 1 for changeToCandidate
2025-07-14 15:00:53,588 [9eae2efb-1df6-4ce6-ae9d-8504348dafa1@group-EABB3B9FB711-FollowerState] INFO  impl.RoleInfo (RoleInfo.java:updateAndGet(148)) - 9eae2efb-1df6-4ce6-ae9d-8504348dafa1: start 9eae2efb-1df6-4ce6-ae9d-8504348dafa1@group-EABB3B9FB711-LeaderElection24
2025-07-14 15:00:53,589 [9eae2efb-1df6-4ce6-ae9d-8504348dafa1@group-EABB3B9FB711-LeaderElection24] INFO  server.RaftServer$Division (ServerState.java:setLeader(272)) - 9eae2efb-1df6-4ce6-ae9d-8504348dafa1@group-EABB3B9FB711: change Leader from ac481237-f71e-4eeb-9120-a6c52bf83f13 to null at term 1 for PRE_VOTE
2025-07-14 15:00:53,589 [9eae2efb-1df6-4ce6-ae9d-8504348dafa1@group-EABB3B9FB711-LeaderElection24] INFO  impl.LeaderElection (LeaderElection.java:askForVotes(448)) - 9eae2efb-1df6-4ce6-ae9d-8504348dafa1@group-EABB3B9FB711-LeaderElection24 PRE_VOTE round 0: submit vote requests at term 1 for conf: {index: 0, cur=peers:[9eae2efb-1df6-4ce6-ae9d-8504348dafa1|127.0.0.1:15079, 89a738d3-0145-4b42-8b1b-b5be9f604b49|127.0.0.1:15071, ac481237-f71e-4eeb-9120-a6c52bf83f13|127.0.0.1:15063]|listeners:[], old=null}
2025-07-14 15:00:53,590 [9eae2efb-1df6-4ce6-ae9d-8504348dafa1@group-EABB3B9FB711-LeaderElection24] INFO  impl.LeaderElection (LogUtils.java:infoOrTrace(142)) - 9eae2efb-1df6-4ce6-ae9d-8504348dafa1@group-EABB3B9FB711-LeaderElection24 got exception when requesting votes: java.util.concurrent.ExecutionException: org.apache.ratis.thirdparty.io.grpc.StatusRuntimeException: UNAVAILABLE: io exception
2025-07-14 15:00:53,590 [grpc-default-executor-5] INFO  server.RaftServer$Division (RaftServerImpl.java:requestVote(1421)) - 89a738d3-0145-4b42-8b1b-b5be9f604b49@group-EABB3B9FB711: receive requestVote(PRE_VOTE, 9eae2efb-1df6-4ce6-ae9d-8504348dafa1, group-EABB3B9FB711, 1, (t:1, i:0))
2025-07-14 15:00:53,590 [grpc-default-executor-5] INFO  impl.VoteContext (VoteContext.java:log(49)) - 89a738d3-0145-4b42-8b1b-b5be9f604b49@group-EABB3B9FB711-FOLLOWER: accept PRE_VOTE from 9eae2efb-1df6-4ce6-ae9d-8504348dafa1: our priority 0 <= candidate's priority 0
2025-07-14 15:00:53,590 [grpc-default-executor-5] INFO  server.RaftServer$Division (RaftServerImpl.java:requestVote(1455)) - 89a738d3-0145-4b42-8b1b-b5be9f604b49@group-EABB3B9FB711 replies to PRE_VOTE vote request: 9eae2efb-1df6-4ce6-ae9d-8504348dafa1<-89a738d3-0145-4b42-8b1b-b5be9f604b49#0:OK-t1-last:(t:1, i:0). Peer's state: 89a738d3-0145-4b42-8b1b-b5be9f604b49@group-EABB3B9FB711:t1, leader=ac481237-f71e-4eeb-9120-a6c52bf83f13, voted=ac481237-f71e-4eeb-9120-a6c52bf83f13, raftlog=Memoized:89a738d3-0145-4b42-8b1b-b5be9f604b49@group-EABB3B9FB711-SegmentedRaftLog:OPENED:c0:last(t:1, i:0), conf=conf: {index: 0, cur=peers:[9eae2efb-1df6-4ce6-ae9d-8504348dafa1|127.0.0.1:15079, 89a738d3-0145-4b42-8b1b-b5be9f604b49|127.0.0.1:15071, ac481237-f71e-4eeb-9120-a6c52bf83f13|127.0.0.1:15063]|listeners:[], old=null}
2025-07-14 15:00:53,591 [9eae2efb-1df6-4ce6-ae9d-8504348dafa1@group-EABB3B9FB711-LeaderElection24] INFO  impl.LeaderElection (LeaderElection.java:logAndReturn(206)) - 9eae2efb-1df6-4ce6-ae9d-8504348dafa1@group-EABB3B9FB711-LeaderElection24: PRE_VOTE PASSED received 1 response(s) and 1 exception(s):
2025-07-14 15:00:53,591 [9eae2efb-1df6-4ce6-ae9d-8504348dafa1@group-EABB3B9FB711-LeaderElection24] INFO  impl.LeaderElection (LeaderElection.java:logAndReturn(210)) -   Response 0: 9eae2efb-1df6-4ce6-ae9d-8504348dafa1<-89a738d3-0145-4b42-8b1b-b5be9f604b49#0:OK-t1-last:(t:1, i:0)
2025-07-14 15:00:53,591 [9eae2efb-1df6-4ce6-ae9d-8504348dafa1@group-EABB3B9FB711-LeaderElection24] INFO  impl.LeaderElection (LogUtils.java:infoOrTrace(142)) -   Exception 1: java.util.concurrent.ExecutionException: org.apache.ratis.thirdparty.io.grpc.StatusRuntimeException: UNAVAILABLE: io exception
2025-07-14 15:00:53,591 [9eae2efb-1df6-4ce6-ae9d-8504348dafa1@group-EABB3B9FB711-LeaderElection24] INFO  impl.LeaderElection (LeaderElection.java:askForVotes(450)) - 9eae2efb-1df6-4ce6-ae9d-8504348dafa1@group-EABB3B9FB711-LeaderElection24 PRE_VOTE round 0: result PASSED
2025-07-14 15:00:53,593 [9eae2efb-1df6-4ce6-ae9d-8504348dafa1@group-EABB3B9FB711-LeaderElection24] INFO  impl.LeaderElection (LeaderElection.java:askForVotes(448)) - 9eae2efb-1df6-4ce6-ae9d-8504348dafa1@group-EABB3B9FB711-LeaderElection24 ELECTION round 0: submit vote requests at term 2 for conf: {index: 0, cur=peers:[9eae2efb-1df6-4ce6-ae9d-8504348dafa1|127.0.0.1:15079, 89a738d3-0145-4b42-8b1b-b5be9f604b49|127.0.0.1:15071, ac481237-f71e-4eeb-9120-a6c52bf83f13|127.0.0.1:15063]|listeners:[], old=null}
2025-07-14 15:00:53,594 [9eae2efb-1df6-4ce6-ae9d-8504348dafa1@group-EABB3B9FB711-LeaderElection24] INFO  impl.LeaderElection (LogUtils.java:infoOrTrace(142)) - 9eae2efb-1df6-4ce6-ae9d-8504348dafa1@group-EABB3B9FB711-LeaderElection24 got exception when requesting votes: java.util.concurrent.ExecutionException: org.apache.ratis.thirdparty.io.grpc.StatusRuntimeException: UNAVAILABLE: io exception
2025-07-14 15:00:53,594 [grpc-default-executor-5] INFO  server.RaftServer$Division (RaftServerImpl.java:requestVote(1421)) - 89a738d3-0145-4b42-8b1b-b5be9f604b49@group-EABB3B9FB711: receive requestVote(ELECTION, 9eae2efb-1df6-4ce6-ae9d-8504348dafa1, group-EABB3B9FB711, 2, (t:1, i:0))
2025-07-14 15:00:53,594 [grpc-default-executor-5] INFO  impl.VoteContext (VoteContext.java:log(49)) - 89a738d3-0145-4b42-8b1b-b5be9f604b49@group-EABB3B9FB711-FOLLOWER: accept ELECTION from 9eae2efb-1df6-4ce6-ae9d-8504348dafa1: our priority 0 <= candidate's priority 0
2025-07-14 15:00:53,594 [grpc-default-executor-5] INFO  server.RaftServer$Division (RaftServerImpl.java:setRole(392)) - 89a738d3-0145-4b42-8b1b-b5be9f604b49@group-EABB3B9FB711: changes role from  FOLLOWER to FOLLOWER at term 1 for candidate:9eae2efb-1df6-4ce6-ae9d-8504348dafa1
2025-07-14 15:00:53,594 [grpc-default-executor-5] INFO  impl.RoleInfo (RoleInfo.java:shutdownFollowerState(121)) - 89a738d3-0145-4b42-8b1b-b5be9f604b49: shutdown 89a738d3-0145-4b42-8b1b-b5be9f604b49@group-EABB3B9FB711-FollowerState
2025-07-14 15:00:53,595 [grpc-default-executor-5] INFO  server.RaftServer$Division (ServerState.java:setLeader(272)) - 89a738d3-0145-4b42-8b1b-b5be9f604b49@group-EABB3B9FB711: change Leader from ac481237-f71e-4eeb-9120-a6c52bf83f13 to null at term 2 for updateCurrentTerm
2025-07-14 15:00:53,595 [grpc-default-executor-5] INFO  impl.RoleInfo (RoleInfo.java:updateAndGet(148)) - 89a738d3-0145-4b42-8b1b-b5be9f604b49: start 89a738d3-0145-4b42-8b1b-b5be9f604b49@group-EABB3B9FB711-FollowerState
2025-07-14 15:00:53,595 [89a738d3-0145-4b42-8b1b-b5be9f604b49@group-EABB3B9FB711-FollowerState] INFO  impl.FollowerState (FollowerState.java:runImpl(170)) - 89a738d3-0145-4b42-8b1b-b5be9f604b49@group-EABB3B9FB711-FollowerState was interrupted
2025-07-14 15:00:53,596 [grpc-default-executor-5] INFO  server.RaftServer$Division (RaftServerImpl.java:requestVote(1455)) - 89a738d3-0145-4b42-8b1b-b5be9f604b49@group-EABB3B9FB711 replies to ELECTION vote request: 9eae2efb-1df6-4ce6-ae9d-8504348dafa1<-89a738d3-0145-4b42-8b1b-b5be9f604b49#0:OK-t2-last:(t:1, i:0). Peer's state: 89a738d3-0145-4b42-8b1b-b5be9f604b49@group-EABB3B9FB711:t2, leader=null, voted=9eae2efb-1df6-4ce6-ae9d-8504348dafa1, raftlog=Memoized:89a738d3-0145-4b42-8b1b-b5be9f604b49@group-EABB3B9FB711-SegmentedRaftLog:OPENED:c0:last(t:1, i:0), conf=conf: {index: 0, cur=peers:[9eae2efb-1df6-4ce6-ae9d-8504348dafa1|127.0.0.1:15079, 89a738d3-0145-4b42-8b1b-b5be9f604b49|127.0.0.1:15071, ac481237-f71e-4eeb-9120-a6c52bf83f13|127.0.0.1:15063]|listeners:[], old=null}
2025-07-14 15:00:53,597 [9eae2efb-1df6-4ce6-ae9d-8504348dafa1@group-EABB3B9FB711-LeaderElection24] INFO  impl.LeaderElection (LeaderElection.java:logAndReturn(206)) - 9eae2efb-1df6-4ce6-ae9d-8504348dafa1@group-EABB3B9FB711-LeaderElection24: ELECTION PASSED received 1 response(s) and 1 exception(s):
2025-07-14 15:00:53,597 [9eae2efb-1df6-4ce6-ae9d-8504348dafa1@group-EABB3B9FB711-LeaderElection24] INFO  impl.LeaderElection (LeaderElection.java:logAndReturn(210)) -   Response 0: 9eae2efb-1df6-4ce6-ae9d-8504348dafa1<-89a738d3-0145-4b42-8b1b-b5be9f604b49#0:OK-t2-last:(t:1, i:0)
2025-07-14 15:00:53,597 [9eae2efb-1df6-4ce6-ae9d-8504348dafa1@group-EABB3B9FB711-LeaderElection24] INFO  impl.LeaderElection (LogUtils.java:infoOrTrace(142)) -   Exception 1: java.util.concurrent.ExecutionException: org.apache.ratis.thirdparty.io.grpc.StatusRuntimeException: UNAVAILABLE: io exception
2025-07-14 15:00:53,597 [9eae2efb-1df6-4ce6-ae9d-8504348dafa1@group-EABB3B9FB711-LeaderElection24] INFO  impl.LeaderElection (LeaderElection.java:askForVotes(450)) - 9eae2efb-1df6-4ce6-ae9d-8504348dafa1@group-EABB3B9FB711-LeaderElection24 ELECTION round 0: result PASSED
2025-07-14 15:00:53,597 [9eae2efb-1df6-4ce6-ae9d-8504348dafa1@group-EABB3B9FB711-LeaderElection24] INFO  impl.RoleInfo (RoleInfo.java:shutdownLeaderElection(141)) - 9eae2efb-1df6-4ce6-ae9d-8504348dafa1: shutdown 9eae2efb-1df6-4ce6-ae9d-8504348dafa1@group-EABB3B9FB711-LeaderElection24
2025-07-14 15:00:53,597 [9eae2efb-1df6-4ce6-ae9d-8504348dafa1@group-EABB3B9FB711-LeaderElection24] INFO  server.RaftServer$Division (RaftServerImpl.java:setRole(392)) - 9eae2efb-1df6-4ce6-ae9d-8504348dafa1@group-EABB3B9FB711: changes role from CANDIDATE to LEADER at term 2 for changeToLeader
2025-07-14 15:00:53,597 [9eae2efb-1df6-4ce6-ae9d-8504348dafa1@group-EABB3B9FB711-LeaderElection24] INFO  server.RaftServerConfigKeys (ConfUtils.java:logFallback(69)) - raft.server.staging.timeout = 15600ms (fallback to raft.server.rpc.timeout.max)
2025-07-14 15:00:53,597 [9eae2efb-1df6-4ce6-ae9d-8504348dafa1@group-EABB3B9FB711-LeaderElection24] INFO  server.RaftServerConfigKeys (ConfUtils.java:logGet(62)) - raft.server.write.byte-limit = 1024 M (=1073741824) (custom)
2025-07-14 15:00:53,599 [9eae2efb-1df6-4ce6-ae9d-8504348dafa1@group-EABB3B9FB711-LeaderElection24] INFO  server.RaftServerConfigKeys (ConfUtils.java:logGet(62)) - raft.server.log.appender.buffer.byte-limit = 33554432 (custom)
2025-07-14 15:00:53,601 [9eae2efb-1df6-4ce6-ae9d-8504348dafa1@group-EABB3B9FB711-LeaderElection24] INFO  server.RaftServerConfigKeys (ConfUtils.java:logGet(62)) - raft.server.log.appender.buffer.byte-limit = 33554432 (custom)
2025-07-14 15:00:53,601 [9eae2efb-1df6-4ce6-ae9d-8504348dafa1@group-EABB3B9FB711-LeaderElection24] INFO  impl.RoleInfo (RoleInfo.java:updateAndGet(148)) - 9eae2efb-1df6-4ce6-ae9d-8504348dafa1: start 9eae2efb-1df6-4ce6-ae9d-8504348dafa1@group-EABB3B9FB711-LeaderStateImpl
2025-07-14 15:00:53,601 [9eae2efb-1df6-4ce6-ae9d-8504348dafa1@group-EABB3B9FB711-LeaderElection24] INFO  ratis.XceiverServerRatis (XceiverServerRatis.java:handleLeaderChangedNotification(944)) - Leader change notification received for group: group-EABB3B9FB711 with new leaderId: 9eae2efb-1df6-4ce6-ae9d-8504348dafa1
2025-07-14 15:00:53,601 [9eae2efb-1df6-4ce6-ae9d-8504348dafa1@group-EABB3B9FB711-LeaderElection24] INFO  server.RaftServer$Division (ServerState.java:setLeader(272)) - 9eae2efb-1df6-4ce6-ae9d-8504348dafa1@group-EABB3B9FB711: change Leader from null to 9eae2efb-1df6-4ce6-ae9d-8504348dafa1 at term 2 for becomeLeader, leader elected after 12ms
2025-07-14 15:00:53,601 [9eae2efb-1df6-4ce6-ae9d-8504348dafa1@group-EABB3B9FB711-LeaderElection24] INFO  segmented.SegmentedRaftLogWorker (SegmentedRaftLogWorker.java:rollLogSegment(445)) - 9eae2efb-1df6-4ce6-ae9d-8504348dafa1@group-EABB3B9FB711-SegmentedRaftLogWorker: Rolling segment log-0_0 to index:0
2025-07-14 15:00:53,602 [9eae2efb-1df6-4ce6-ae9d-8504348dafa1@group-EABB3B9FB711-LeaderElection24] INFO  server.RaftServer$Division (ServerState.java:setRaftConf(386)) - 9eae2efb-1df6-4ce6-ae9d-8504348dafa1@group-EABB3B9FB711: set configuration conf: {index: 1, cur=peers:[9eae2efb-1df6-4ce6-ae9d-8504348dafa1|127.0.0.1:15079, 89a738d3-0145-4b42-8b1b-b5be9f604b49|127.0.0.1:15071, ac481237-f71e-4eeb-9120-a6c52bf83f13|127.0.0.1:15063]|listeners:[], old=null}
2025-07-14 15:00:53,603 [9eae2efb-1df6-4ce6-ae9d-8504348dafa1@group-EABB3B9FB711-SegmentedRaftLogWorker] INFO  segmented.SegmentedRaftLogWorker (SegmentedRaftLogWorker.java:execute(604)) - 9eae2efb-1df6-4ce6-ae9d-8504348dafa1@group-EABB3B9FB711-SegmentedRaftLogWorker: Rolled log segment from /home/runner/work/ozone/ozone/hadoop-ozone/integration-test/target/test-dir/MiniOzoneClusterImpl-aaa7dc72-7fbf-48e0-acc5-129182712624/ozone-meta/datanode-9/ratis/2a96270d-5a4d-4083-9a90-eabb3b9fb711/current/log_inprogress_0 to /home/runner/work/ozone/ozone/hadoop-ozone/integration-test/target/test-dir/MiniOzoneClusterImpl-aaa7dc72-7fbf-48e0-acc5-129182712624/ozone-meta/datanode-9/ratis/2a96270d-5a4d-4083-9a90-eabb3b9fb711/current/log_0-0
2025-07-14 15:00:53,603 [9eae2efb-1df6-4ce6-ae9d-8504348dafa1@group-EABB3B9FB711-SegmentedRaftLogWorker] INFO  segmented.BufferedWriteChannel (BufferedWriteChannel.java:open(61)) - open log_inprogress_1 at position 0
2025-07-14 15:00:53,604 [grpc-default-executor-5] WARN  server.GrpcLogAppender (LogUtils.java:warn(127)) - 9eae2efb-1df6-4ce6-ae9d-8504348dafa1@group-EABB3B9FB711->ac481237-f71e-4eeb-9120-a6c52bf83f13-AppendLogResponseHandler: Failed appendEntries: org.apache.ratis.thirdparty.io.grpc.StatusRuntimeException: UNAVAILABLE: io exception
  Caused by: org.apache.ratis.thirdparty.io.netty.channel.AbstractChannel$AnnotatedConnectException: finishConnect(..) failed: Connection refused: /127.0.0.1:15063
  Caused by: java.net.ConnectException: finishConnect(..) failed: Connection refused
2025-07-14 15:00:53,606 [grpc-default-executor-5] INFO  ratis.XceiverServerRatis (XceiverServerRatis.java:handleLeaderChangedNotification(944)) - Leader change notification received for group: group-EABB3B9FB711 with new leaderId: 9eae2efb-1df6-4ce6-ae9d-8504348dafa1
2025-07-14 15:00:53,606 [grpc-default-executor-5] INFO  server.RaftServer$Division (ServerState.java:setLeader(272)) - 89a738d3-0145-4b42-8b1b-b5be9f604b49@group-EABB3B9FB711: change Leader from null to 9eae2efb-1df6-4ce6-ae9d-8504348dafa1 at term 2 for appendEntries, leader elected after 11ms
2025-07-14 15:00:53,606 [grpc-default-executor-5] INFO  server.RaftServer$Division (ServerState.java:setRaftConf(386)) - 89a738d3-0145-4b42-8b1b-b5be9f604b49@group-EABB3B9FB711: set configuration conf: {index: 1, cur=peers:[9eae2efb-1df6-4ce6-ae9d-8504348dafa1|127.0.0.1:15079, 89a738d3-0145-4b42-8b1b-b5be9f604b49|127.0.0.1:15071, ac481237-f71e-4eeb-9120-a6c52bf83f13|127.0.0.1:15063]|listeners:[], old=null}
2025-07-14 15:00:53,606 [grpc-default-executor-5] INFO  segmented.SegmentedRaftLogWorker (SegmentedRaftLogWorker.java:rollLogSegment(445)) - 89a738d3-0145-4b42-8b1b-b5be9f604b49@group-EABB3B9FB711-SegmentedRaftLogWorker: Rolling segment log-0_0 to index:0
2025-07-14 15:00:53,607 [grpc-default-executor-4] WARN  server.GrpcLogAppender (GrpcLogAppender.java:lambda$resetClient$1(228)) - 9eae2efb-1df6-4ce6-ae9d-8504348dafa1@group-EABB3B9FB711->ac481237-f71e-4eeb-9120-a6c52bf83f13-GrpcLogAppender: Follower failed (request=null, errorCount=3); keep nextIndex (2) unchanged and retry.
2025-07-14 15:00:53,608 [89a738d3-0145-4b42-8b1b-b5be9f604b49@group-EABB3B9FB711-SegmentedRaftLogWorker] INFO  segmented.SegmentedRaftLogWorker (SegmentedRaftLogWorker.java:execute(604)) - 89a738d3-0145-4b42-8b1b-b5be9f604b49@group-EABB3B9FB711-SegmentedRaftLogWorker: Rolled log segment from /home/runner/work/ozone/ozone/hadoop-ozone/integration-test/target/test-dir/MiniOzoneClusterImpl-aaa7dc72-7fbf-48e0-acc5-129182712624/ozone-meta/datanode-8/ratis/2a96270d-5a4d-4083-9a90-eabb3b9fb711/current/log_inprogress_0 to /home/runner/work/ozone/ozone/hadoop-ozone/integration-test/target/test-dir/MiniOzoneClusterImpl-aaa7dc72-7fbf-48e0-acc5-129182712624/ozone-meta/datanode-8/ratis/2a96270d-5a4d-4083-9a90-eabb3b9fb711/current/log_0-0
2025-07-14 15:00:53,608 [89a738d3-0145-4b42-8b1b-b5be9f604b49@group-EABB3B9FB711-SegmentedRaftLogWorker] INFO  segmented.BufferedWriteChannel (BufferedWriteChannel.java:open(61)) - open log_inprogress_1 at position 0
2025-07-14 15:00:53,617 [9eae2efb-1df6-4ce6-ae9d-8504348dafa1@group-EABB3B9FB711-SegmentedRaftLogWorker] INFO  segmented.SegmentedRaftLogWorker (SegmentedRaftLogWorker.java:execute(647)) - 9eae2efb-1df6-4ce6-ae9d-8504348dafa1@group-EABB3B9FB711-SegmentedRaftLogWorker: created new log segment /home/runner/work/ozone/ozone/hadoop-ozone/integration-test/target/test-dir/MiniOzoneClusterImpl-aaa7dc72-7fbf-48e0-acc5-129182712624/ozone-meta/datanode-9/ratis/2a96270d-5a4d-4083-9a90-eabb3b9fb711/current/log_inprogress_1
2025-07-14 15:00:53,618 [89a738d3-0145-4b42-8b1b-b5be9f604b49@group-EABB3B9FB711-SegmentedRaftLogWorker] INFO  segmented.SegmentedRaftLogWorker (SegmentedRaftLogWorker.java:execute(647)) - 89a738d3-0145-4b42-8b1b-b5be9f604b49@group-EABB3B9FB711-SegmentedRaftLogWorker: created new log segment /home/runner/work/ozone/ozone/hadoop-ozone/integration-test/target/test-dir/MiniOzoneClusterImpl-aaa7dc72-7fbf-48e0-acc5-129182712624/ozone-meta/datanode-8/ratis/2a96270d-5a4d-4083-9a90-eabb3b9fb711/current/log_inprogress_1
2025-07-14 15:00:53,620 [grpc-default-executor-5] WARN  server.GrpcLogAppender (GrpcLogAppender.java:lambda$resetClient$1(228)) - 9eae2efb-1df6-4ce6-ae9d-8504348dafa1@group-EABB3B9FB711->ac481237-f71e-4eeb-9120-a6c52bf83f13-GrpcLogAppender: Follower failed (request=null, errorCount=5); keep nextIndex (3) unchanged and retry.
2025-07-14 15:00:53,621 [9eae2efb-1df6-4ce6-ae9d-8504348dafa1@group-EABB3B9FB711-StateMachineUpdater] INFO  server.RaftServer$Division (LeaderStateImpl.java:checkStartIndex(309)) - Leader 9eae2efb-1df6-4ce6-ae9d-8504348dafa1@group-EABB3B9FB711-LeaderStateImpl is ready since appliedIndex == startIndex == 1
2025-07-14 15:00:53,621 [9eae2efb-1df6-4ce6-ae9d-8504348dafa1@group-EABB3B9FB711-StateMachineUpdater] INFO  ratis.ContainerStateMachine (ContainerStateMachine.java:takeSnapshot(427)) - group-EABB3B9FB711: Taking a snapshot at:(t:2, i:1) file /home/runner/work/ozone/ozone/hadoop-ozone/integration-test/target/test-dir/MiniOzoneClusterImpl-aaa7dc72-7fbf-48e0-acc5-129182712624/ozone-meta/datanode-9/ratis/2a96270d-5a4d-4083-9a90-eabb3b9fb711/sm/snapshot.2_1
2025-07-14 15:00:53,622 [9eae2efb-1df6-4ce6-ae9d-8504348dafa1@group-EABB3B9FB711-StateMachineUpdater] INFO  ratis.ContainerStateMachine (ContainerStateMachine.java:takeSnapshot(436)) - group-EABB3B9FB711: Finished taking a snapshot at:(t:2, i:1) file:/home/runner/work/ozone/ozone/hadoop-ozone/integration-test/target/test-dir/MiniOzoneClusterImpl-aaa7dc72-7fbf-48e0-acc5-129182712624/ozone-meta/datanode-9/ratis/2a96270d-5a4d-4083-9a90-eabb3b9fb711/sm/snapshot.2_1 took: 0 ms
2025-07-14 15:00:53,622 [9eae2efb-1df6-4ce6-ae9d-8504348dafa1@group-EABB3B9FB711-StateMachineUpdater] INFO  impl.StateMachineUpdater (StateMachineUpdater.java:takeSnapshot(307)) - 9eae2efb-1df6-4ce6-ae9d-8504348dafa1@group-EABB3B9FB711-StateMachineUpdater: Took a snapshot at index 1
2025-07-14 15:00:53,622 [9eae2efb-1df6-4ce6-ae9d-8504348dafa1@group-EABB3B9FB711-StateMachineUpdater] INFO  impl.StateMachineUpdater (StateMachineUpdater.java:lambda$new$0(101)) - 9eae2efb-1df6-4ce6-ae9d-8504348dafa1@group-EABB3B9FB711-StateMachineUpdater: snapshotIndex: updateIncreasingly 0 -> 1
2025-07-14 15:00:53,622 [9eae2efb-1df6-4ce6-ae9d-8504348dafa1@group-EABB3B9FB711-StateMachineUpdater] INFO  ratis.ContainerStateMachine (ContainerStateMachine.java:takeSnapshot(427)) - group-EABB3B9FB711: Taking a snapshot at:(t:2, i:2) file /home/runner/work/ozone/ozone/hadoop-ozone/integration-test/target/test-dir/MiniOzoneClusterImpl-aaa7dc72-7fbf-48e0-acc5-129182712624/ozone-meta/datanode-9/ratis/2a96270d-5a4d-4083-9a90-eabb3b9fb711/sm/snapshot.2_2
2025-07-14 15:00:53,623 [9eae2efb-1df6-4ce6-ae9d-8504348dafa1@group-EABB3B9FB711-StateMachineUpdater] INFO  ratis.ContainerStateMachine (ContainerStateMachine.java:takeSnapshot(436)) - group-EABB3B9FB711: Finished taking a snapshot at:(t:2, i:2) file:/home/runner/work/ozone/ozone/hadoop-ozone/integration-test/target/test-dir/MiniOzoneClusterImpl-aaa7dc72-7fbf-48e0-acc5-129182712624/ozone-meta/datanode-9/ratis/2a96270d-5a4d-4083-9a90-eabb3b9fb711/sm/snapshot.2_2 took: 0 ms
2025-07-14 15:00:53,623 [89a738d3-0145-4b42-8b1b-b5be9f604b49@group-EABB3B9FB711-StateMachineUpdater] INFO  ratis.ContainerStateMachine (ContainerStateMachine.java:takeSnapshot(427)) - group-EABB3B9FB711: Taking a snapshot at:(t:2, i:1) file /home/runner/work/ozone/ozone/hadoop-ozone/integration-test/target/test-dir/MiniOzoneClusterImpl-aaa7dc72-7fbf-48e0-acc5-129182712624/ozone-meta/datanode-8/ratis/2a96270d-5a4d-4083-9a90-eabb3b9fb711/sm/snapshot.2_1
2025-07-14 15:00:53,623 [9eae2efb-1df6-4ce6-ae9d-8504348dafa1@group-EABB3B9FB711-StateMachineUpdater] INFO  impl.StateMachineUpdater (StateMachineUpdater.java:takeSnapshot(307)) - 9eae2efb-1df6-4ce6-ae9d-8504348dafa1@group-EABB3B9FB711-StateMachineUpdater: Took a snapshot at index 2
2025-07-14 15:00:53,623 [9eae2efb-1df6-4ce6-ae9d-8504348dafa1@group-EABB3B9FB711-StateMachineUpdater] INFO  impl.StateMachineUpdater (StateMachineUpdater.java:lambda$new$0(101)) - 9eae2efb-1df6-4ce6-ae9d-8504348dafa1@group-EABB3B9FB711-StateMachineUpdater: snapshotIndex: updateIncreasingly 1 -> 2
2025-07-14 15:00:53,624 [89a738d3-0145-4b42-8b1b-b5be9f604b49@group-EABB3B9FB711-StateMachineUpdater] INFO  ratis.ContainerStateMachine (ContainerStateMachine.java:takeSnapshot(436)) - group-EABB3B9FB711: Finished taking a snapshot at:(t:2, i:1) file:/home/runner/work/ozone/ozone/hadoop-ozone/integration-test/target/test-dir/MiniOzoneClusterImpl-aaa7dc72-7fbf-48e0-acc5-129182712624/ozone-meta/datanode-8/ratis/2a96270d-5a4d-4083-9a90-eabb3b9fb711/sm/snapshot.2_1 took: 0 ms
2025-07-14 15:00:53,624 [89a738d3-0145-4b42-8b1b-b5be9f604b49@group-EABB3B9FB711-StateMachineUpdater] INFO  impl.StateMachineUpdater (StateMachineUpdater.java:takeSnapshot(307)) - 89a738d3-0145-4b42-8b1b-b5be9f604b49@group-EABB3B9FB711-StateMachineUpdater: Took a snapshot at index 1
2025-07-14 15:00:53,624 [89a738d3-0145-4b42-8b1b-b5be9f604b49@group-EABB3B9FB711-StateMachineUpdater] INFO  impl.StateMachineUpdater (StateMachineUpdater.java:lambda$new$0(101)) - 89a738d3-0145-4b42-8b1b-b5be9f604b49@group-EABB3B9FB711-StateMachineUpdater: snapshotIndex: updateIncreasingly 0 -> 1
2025-07-14 15:00:53,834 [main] INFO  ozone.MiniOzoneClusterImpl (MiniOzoneClusterImpl.java:lambda$waitForHddsDatanodeToStop$3(312)) - Waiting on datanode to be marked stale.
2025-07-14 15:00:53,939 [grpc-default-executor-4] WARN  server.GrpcServerProtocolService (LogUtils.java:warn(129)) - a505560f-c589-4eb5-89aa-a89970ae9358: Failed APPEND_ENTRIES request 77d16558-8a68-4655-9235-107e22ba3c38->a505560f-c589-4eb5-89aa-a89970ae9358#31-t2,previous=(t:1, i:4),leaderCommit=6,initializing? false,entries: size=2, first=(t:2, i:5), CONFIGURATIONENTRY(current:id:"77d16558-8a68-4655-9235-107e22ba3c38"address:"127.0.0.1:15047"dataStreamAddress:"127.0.0.1:15048"clientAddress:"127.0.0.1:15045"adminAddress:"127.0.0.1:15046"startupRole:FOLLOWER, id:"52f0bf1a-a22c-4dfc-83f0-dd23f5b60a86"address:"127.0.0.1:15055"dataStreamAddress:"127.0.0.1:15056"clientAddress:"127.0.0.1:15053"adminAddress:"127.0.0.1:15054"startupRole:FOLLOWER, id:"a505560f-c589-4eb5-89aa-a89970ae9358"address:"127.0.0.1:15039"priority:1dataStreamAddress:"127.0.0.1:15040"clientAddress:"127.0.0.1:15037"adminAddress:"127.0.0.1:15038"startupRole:FOLLOWER, old:)
java.util.concurrent.CompletionException: org.apache.ratis.protocol.exceptions.GroupMismatchException: a505560f-c589-4eb5-89aa-a89970ae9358: group-B771F555DC8D not found.
	at java.base/java.util.concurrent.CompletableFuture.encodeThrowable(CompletableFuture.java:332)
	at java.base/java.util.concurrent.CompletableFuture.uniComposeStage(CompletableFuture.java:1177)
	at java.base/java.util.concurrent.CompletableFuture.thenCompose(CompletableFuture.java:2341)
	at org.apache.ratis.server.impl.RaftServerProxy.appendEntriesAsync(RaftServerProxy.java:651)
	at org.apache.ratis.grpc.server.GrpcServerProtocolService$1.process(GrpcServerProtocolService.java:245)
	at org.apache.ratis.grpc.server.GrpcServerProtocolService$1.process(GrpcServerProtocolService.java:242)
	at org.apache.ratis.grpc.server.GrpcServerProtocolService$ServerRequestStreamObserver.onNext(GrpcServerProtocolService.java:150)
	at org.apache.ratis.thirdparty.io.grpc.stub.ServerCalls$StreamingServerCallHandler$StreamingServerCallListener.onMessage(ServerCalls.java:262)
	at org.apache.ratis.thirdparty.io.grpc.internal.ServerCallImpl$ServerStreamListenerImpl.messagesAvailableInternal(ServerCallImpl.java:334)
	at org.apache.ratis.thirdparty.io.grpc.internal.ServerCallImpl$ServerStreamListenerImpl.messagesAvailable(ServerCallImpl.java:319)
	at org.apache.ratis.thirdparty.io.grpc.internal.ServerImpl$JumpToApplicationThreadServerStreamListener$1MessagesAvailable.runInContext(ServerImpl.java:834)
	at org.apache.ratis.thirdparty.io.grpc.internal.ContextRunnable.run(ContextRunnable.java:37)
	at org.apache.ratis.thirdparty.io.grpc.internal.SerializingExecutor.run(SerializingExecutor.java:133)
	at java.base/java.util.concurrent.ThreadPoolExecutor.runWorker(ThreadPoolExecutor.java:1144)
	at java.base/java.util.concurrent.ThreadPoolExecutor$Worker.run(ThreadPoolExecutor.java:642)
	at java.base/java.lang.Thread.run(Thread.java:1583)
Caused by: org.apache.ratis.protocol.exceptions.GroupMismatchException: a505560f-c589-4eb5-89aa-a89970ae9358: group-B771F555DC8D not found.
	at org.apache.ratis.server.impl.RaftServerProxy$ImplMap.get(RaftServerProxy.java:160)
	at org.apache.ratis.server.impl.RaftServerProxy.getImplFuture(RaftServerProxy.java:370)
	at org.apache.ratis.server.impl.RaftServerProxy.appendEntriesAsync(RaftServerProxy.java:650)
	... 12 more
2025-07-14 15:00:53,941 [grpc-default-executor-4] INFO  leader.LogAppender (LogAppenderBase.java:lambda$getNextIndexForError$0(215)) - Decrease nextIndex to 5
2025-07-14 15:00:53,941 [grpc-default-executor-4] INFO  leader.LogAppender (LogAppenderBase.java:lambda$getNextIndexForError$0(215)) - Decrease nextIndex to 5
2025-07-14 15:00:53,941 [grpc-default-executor-4] INFO  leader.FollowerInfo (FollowerInfoImpl.java:info(70)) - 77d16558-8a68-4655-9235-107e22ba3c38@group-B771F555DC8D->a505560f-c589-4eb5-89aa-a89970ae9358: computeNextIndex nextIndex: updateUnconditionally 7 -> 5
2025-07-14 15:00:54,099 [timer6] WARN  server.GrpcLogAppender (LogUtils.java:warn(129)) - 77d16558-8a68-4655-9235-107e22ba3c38@group-B771F555DC8D->a505560f-c589-4eb5-89aa-a89970ae9358-AppendLogResponseHandler: Failed appendEntries (Repeated 3 times in the last 5.000s)
org.apache.ratis.protocol.exceptions.GroupMismatchException: a505560f-c589-4eb5-89aa-a89970ae9358: group-B771F555DC8D not found.
	at org.apache.ratis.server.impl.RaftServerProxy$ImplMap.get(RaftServerProxy.java:160)
	at org.apache.ratis.server.impl.RaftServerProxy.getImplFuture(RaftServerProxy.java:370)
	at org.apache.ratis.server.impl.RaftServerProxy.appendEntriesAsync(RaftServerProxy.java:650)
	at org.apache.ratis.grpc.server.GrpcServerProtocolService$1.process(GrpcServerProtocolService.java:245)
	at org.apache.ratis.grpc.server.GrpcServerProtocolService$1.process(GrpcServerProtocolService.java:242)
	at org.apache.ratis.grpc.server.GrpcServerProtocolService$ServerRequestStreamObserver.onNext(GrpcServerProtocolService.java:150)
	at org.apache.ratis.thirdparty.io.grpc.stub.ServerCalls$StreamingServerCallHandler$StreamingServerCallListener.onMessage(ServerCalls.java:262)
	at org.apache.ratis.thirdparty.io.grpc.internal.ServerCallImpl$ServerStreamListenerImpl.messagesAvailableInternal(ServerCallImpl.java:334)
	at org.apache.ratis.thirdparty.io.grpc.internal.ServerCallImpl$ServerStreamListenerImpl.messagesAvailable(ServerCallImpl.java:319)
	at org.apache.ratis.thirdparty.io.grpc.internal.ServerImpl$JumpToApplicationThreadServerStreamListener$1MessagesAvailable.runInContext(ServerImpl.java:834)
	at org.apache.ratis.thirdparty.io.grpc.internal.ContextRunnable.run(ContextRunnable.java:37)
	at org.apache.ratis.thirdparty.io.grpc.internal.SerializingExecutor.run(SerializingExecutor.java:133)
	at java.base/java.util.concurrent.ThreadPoolExecutor.runWorker(ThreadPoolExecutor.java:1144)
	at java.base/java.util.concurrent.ThreadPoolExecutor$Worker.run(ThreadPoolExecutor.java:642)
	at java.base/java.lang.Thread.run(Thread.java:1583)
2025-07-14 15:00:54,834 [main] INFO  ozone.MiniOzoneClusterImpl (MiniOzoneClusterImpl.java:lambda$waitForHddsDatanodeToStop$3(312)) - Waiting on datanode to be marked stale.
2025-07-14 15:00:55,149 [timer6] INFO  server.GrpcServerProtocolService (GrpcServerProtocolService.java:lambda$onCompleted$6(171)) - 89a738d3-0145-4b42-8b1b-b5be9f604b49: Completed APPEND_ENTRIES, lastRequest: ac481237-f71e-4eeb-9120-a6c52bf83f13->89a738d3-0145-4b42-8b1b-b5be9f604b49#1-t1,previous=<PROTO_DEFAULT>,leaderCommit=-1,initializing? false,entries: size=1, first=(t:1, i:0), CONFIGURATIONENTRY(current:id:"9eae2efb-1df6-4ce6-ae9d-8504348dafa1"address:"127.0.0.1:15079"dataStreamAddress:"127.0.0.1:15080"clientAddress:"127.0.0.1:15077"adminAddress:"127.0.0.1:15078"startupRole:FOLLOWER, id:"89a738d3-0145-4b42-8b1b-b5be9f604b49"address:"127.0.0.1:15071"dataStreamAddress:"127.0.0.1:15072"clientAddress:"127.0.0.1:15069"adminAddress:"127.0.0.1:15070"startupRole:FOLLOWER, id:"ac481237-f71e-4eeb-9120-a6c52bf83f13"address:"127.0.0.1:15063"priority:1dataStreamAddress:"127.0.0.1:15064"clientAddress:"127.0.0.1:15061"adminAddress:"127.0.0.1:15062"startupRole:FOLLOWER, old:)  (Repeated 2 times in the last 5.000s)
2025-07-14 15:00:55,149 [timer7] INFO  server.GrpcServerProtocolService (GrpcServerProtocolService.java:lambda$onCompleted$6(171)) - 9eae2efb-1df6-4ce6-ae9d-8504348dafa1: Completed APPEND_ENTRIES, lastRequest: ac481237-f71e-4eeb-9120-a6c52bf83f13->9eae2efb-1df6-4ce6-ae9d-8504348dafa1#1-t1,previous=<PROTO_DEFAULT>,leaderCommit=-1,initializing? false,entries: size=1, first=(t:1, i:0), CONFIGURATIONENTRY(current:id:"9eae2efb-1df6-4ce6-ae9d-8504348dafa1"address:"127.0.0.1:15079"dataStreamAddress:"127.0.0.1:15080"clientAddress:"127.0.0.1:15077"adminAddress:"127.0.0.1:15078"startupRole:FOLLOWER, id:"89a738d3-0145-4b42-8b1b-b5be9f604b49"address:"127.0.0.1:15071"dataStreamAddress:"127.0.0.1:15072"clientAddress:"127.0.0.1:15069"adminAddress:"127.0.0.1:15070"startupRole:FOLLOWER, id:"ac481237-f71e-4eeb-9120-a6c52bf83f13"address:"127.0.0.1:15063"priority:1dataStreamAddress:"127.0.0.1:15064"clientAddress:"127.0.0.1:15061"adminAddress:"127.0.0.1:15062"startupRole:FOLLOWER, old:)  (Repeated 2 times in the last 5.000s)
2025-07-14 15:00:55,149 [timer0] INFO  server.GrpcServerProtocolService (GrpcServerProtocolService.java:lambda$null$7(175)) - 9eae2efb-1df6-4ce6-ae9d-8504348dafa1: Completed APPEND_ENTRIES, lastReply: null  (Repeated 2 times in the last 5.001s)
2025-07-14 15:00:55,150 [timer1] INFO  server.GrpcServerProtocolService (GrpcServerProtocolService.java:lambda$null$7(175)) - 89a738d3-0145-4b42-8b1b-b5be9f604b49: Completed APPEND_ENTRIES, lastReply: serverReply {
  requestorId: "ac481237-f71e-4eeb-9120-a6c52bf83f13"
  replyId: "89a738d3-0145-4b42-8b1b-b5be9f604b49"
  raftGroupId {
    id: "*\226\'\rZM@\203\232\220\352\273;\237\267\021"
  }
  callId: 18
  success: true
}
term: 1
nextIndex: 1
matchIndex: 18446744073709551615
isHearbeat: true
  (Repeated 2 times in the last 5.001s)
2025-07-14 15:00:55,156 [timer2] WARN  server.GrpcLogAppender (LogUtils.java:warn(127)) - 9eae2efb-1df6-4ce6-ae9d-8504348dafa1@group-1AEBB7792E6D->ac481237-f71e-4eeb-9120-a6c52bf83f13-AppendLogResponseHandler: Failed appendEntries (Repeated 10 times in the last 5.000s): org.apache.ratis.thirdparty.io.grpc.StatusRuntimeException: UNAVAILABLE: io exception
  Caused by: org.apache.ratis.thirdparty.io.netty.channel.AbstractChannel$AnnotatedConnectException: finishConnect(..) failed: Connection refused: /127.0.0.1:15063
  Caused by: java.net.ConnectException: finishConnect(..) failed: Connection refused
2025-07-14 15:00:55,157 [timer3] WARN  server.GrpcLogAppender (GrpcLogAppender.java:lambda$resetClient$1(228)) - 9eae2efb-1df6-4ce6-ae9d-8504348dafa1@group-1AEBB7792E6D->ac481237-f71e-4eeb-9120-a6c52bf83f13-GrpcLogAppender: Follower failed (request=null, errorCount=10); keep nextIndex (1) unchanged and retry. (Repeated 12 times in the last 5.001s)
2025-07-14 15:00:55,237 [grpc-default-executor-4] WARN  server.GrpcLogAppender (LogUtils.java:warn(127)) - 9eae2efb-1df6-4ce6-ae9d-8504348dafa1@group-1AEBB7792E6D->ac481237-f71e-4eeb-9120-a6c52bf83f13-AppendLogResponseHandler: Failed appendEntries: org.apache.ratis.thirdparty.io.grpc.StatusRuntimeException: UNAVAILABLE: io exception
  Caused by: org.apache.ratis.thirdparty.io.netty.channel.AbstractChannel$AnnotatedConnectException: finishConnect(..) failed: Connection refused: /127.0.0.1:15063
  Caused by: java.net.ConnectException: finishConnect(..) failed: Connection refused
2025-07-14 15:00:55,238 [grpc-default-executor-5] WARN  server.GrpcLogAppender (GrpcLogAppender.java:lambda$resetClient$1(228)) - 9eae2efb-1df6-4ce6-ae9d-8504348dafa1@group-1AEBB7792E6D->ac481237-f71e-4eeb-9120-a6c52bf83f13-GrpcLogAppender: Follower failed (request=null, errorCount=11); keep nextIndex (1) unchanged and retry.
2025-07-14 15:00:55,327 [timer0] WARN  server.GrpcLogAppender (GrpcLogAppender.java:timeoutAppendRequest(448)) - 52f0bf1a-a22c-4dfc-83f0-dd23f5b60a86@group-66EA1A40B3A7->a505560f-c589-4eb5-89aa-a89970ae9358-GrpcLogAppender: Timed out HEARTBEAT appendEntries, errorCount=19, request=AppendEntriesRequest:cid=6956,entriesCount=0
2025-07-14 15:00:55,834 [main] INFO  ozone.MiniOzoneClusterImpl (MiniOzoneClusterImpl.java:lambda$waitForHddsDatanodeToStop$3(312)) - Waiting on datanode to be marked stale.
2025-07-14 15:00:56,123 [89a738d3-0145-4b42-8b1b-b5be9f604b49@group-EABB3B9FB711-StateMachineUpdater] INFO  ratis.ContainerStateMachine (ContainerStateMachine.java:takeSnapshot(427)) - group-EABB3B9FB711: Taking a snapshot at:(t:2, i:2) file /home/runner/work/ozone/ozone/hadoop-ozone/integration-test/target/test-dir/MiniOzoneClusterImpl-aaa7dc72-7fbf-48e0-acc5-129182712624/ozone-meta/datanode-8/ratis/2a96270d-5a4d-4083-9a90-eabb3b9fb711/sm/snapshot.2_2
2025-07-14 15:00:56,123 [89a738d3-0145-4b42-8b1b-b5be9f604b49@group-EABB3B9FB711-StateMachineUpdater] INFO  ratis.ContainerStateMachine (ContainerStateMachine.java:takeSnapshot(436)) - group-EABB3B9FB711: Finished taking a snapshot at:(t:2, i:2) file:/home/runner/work/ozone/ozone/hadoop-ozone/integration-test/target/test-dir/MiniOzoneClusterImpl-aaa7dc72-7fbf-48e0-acc5-129182712624/ozone-meta/datanode-8/ratis/2a96270d-5a4d-4083-9a90-eabb3b9fb711/sm/snapshot.2_2 took: 1 ms
2025-07-14 15:00:56,124 [89a738d3-0145-4b42-8b1b-b5be9f604b49@group-EABB3B9FB711-StateMachineUpdater] INFO  impl.StateMachineUpdater (StateMachineUpdater.java:takeSnapshot(307)) - 89a738d3-0145-4b42-8b1b-b5be9f604b49@group-EABB3B9FB711-StateMachineUpdater: Took a snapshot at index 2
2025-07-14 15:00:56,124 [89a738d3-0145-4b42-8b1b-b5be9f604b49@group-EABB3B9FB711-StateMachineUpdater] INFO  impl.StateMachineUpdater (StateMachineUpdater.java:lambda$new$0(101)) - 89a738d3-0145-4b42-8b1b-b5be9f604b49@group-EABB3B9FB711-StateMachineUpdater: snapshotIndex: updateIncreasingly 1 -> 2
2025-07-14 15:00:56,834 [main] INFO  ozone.MiniOzoneClusterImpl (MiniOzoneClusterImpl.java:lambda$waitForHddsDatanodeToStop$3(312)) - Waiting on datanode to be marked stale.
2025-07-14 15:00:56,915 [grpc-default-executor-5] WARN  server.GrpcServerProtocolService (LogUtils.java:warn(129)) - a505560f-c589-4eb5-89aa-a89970ae9358: Failed APPEND_ENTRIES request 77d16558-8a68-4655-9235-107e22ba3c38->a505560f-c589-4eb5-89aa-a89970ae9358#33-t2,previous=(t:1, i:4),leaderCommit=6,initializing? false,entries: size=2, first=(t:2, i:5), CONFIGURATIONENTRY(current:id:"77d16558-8a68-4655-9235-107e22ba3c38"address:"127.0.0.1:15047"dataStreamAddress:"127.0.0.1:15048"clientAddress:"127.0.0.1:15045"adminAddress:"127.0.0.1:15046"startupRole:FOLLOWER, id:"52f0bf1a-a22c-4dfc-83f0-dd23f5b60a86"address:"127.0.0.1:15055"dataStreamAddress:"127.0.0.1:15056"clientAddress:"127.0.0.1:15053"adminAddress:"127.0.0.1:15054"startupRole:FOLLOWER, id:"a505560f-c589-4eb5-89aa-a89970ae9358"address:"127.0.0.1:15039"priority:1dataStreamAddress:"127.0.0.1:15040"clientAddress:"127.0.0.1:15037"adminAddress:"127.0.0.1:15038"startupRole:FOLLOWER, old:)
java.util.concurrent.CompletionException: org.apache.ratis.protocol.exceptions.GroupMismatchException: a505560f-c589-4eb5-89aa-a89970ae9358: group-B771F555DC8D not found.
	at java.base/java.util.concurrent.CompletableFuture.encodeThrowable(CompletableFuture.java:332)
	at java.base/java.util.concurrent.CompletableFuture.uniComposeStage(CompletableFuture.java:1177)
	at java.base/java.util.concurrent.CompletableFuture.thenCompose(CompletableFuture.java:2341)
	at org.apache.ratis.server.impl.RaftServerProxy.appendEntriesAsync(RaftServerProxy.java:651)
	at org.apache.ratis.grpc.server.GrpcServerProtocolService$1.process(GrpcServerProtocolService.java:245)
	at org.apache.ratis.grpc.server.GrpcServerProtocolService$1.process(GrpcServerProtocolService.java:242)
	at org.apache.ratis.grpc.server.GrpcServerProtocolService$ServerRequestStreamObserver.onNext(GrpcServerProtocolService.java:150)
	at org.apache.ratis.thirdparty.io.grpc.stub.ServerCalls$StreamingServerCallHandler$StreamingServerCallListener.onMessage(ServerCalls.java:262)
	at org.apache.ratis.thirdparty.io.grpc.internal.ServerCallImpl$ServerStreamListenerImpl.messagesAvailableInternal(ServerCallImpl.java:334)
	at org.apache.ratis.thirdparty.io.grpc.internal.ServerCallImpl$ServerStreamListenerImpl.messagesAvailable(ServerCallImpl.java:319)
	at org.apache.ratis.thirdparty.io.grpc.internal.ServerImpl$JumpToApplicationThreadServerStreamListener$1MessagesAvailable.runInContext(ServerImpl.java:834)
	at org.apache.ratis.thirdparty.io.grpc.internal.ContextRunnable.run(ContextRunnable.java:37)
	at org.apache.ratis.thirdparty.io.grpc.internal.SerializingExecutor.run(SerializingExecutor.java:133)
	at java.base/java.util.concurrent.ThreadPoolExecutor.runWorker(ThreadPoolExecutor.java:1144)
	at java.base/java.util.concurrent.ThreadPoolExecutor$Worker.run(ThreadPoolExecutor.java:642)
	at java.base/java.lang.Thread.run(Thread.java:1583)
Caused by: org.apache.ratis.protocol.exceptions.GroupMismatchException: a505560f-c589-4eb5-89aa-a89970ae9358: group-B771F555DC8D not found.
	at org.apache.ratis.server.impl.RaftServerProxy$ImplMap.get(RaftServerProxy.java:160)
	at org.apache.ratis.server.impl.RaftServerProxy.getImplFuture(RaftServerProxy.java:370)
	at org.apache.ratis.server.impl.RaftServerProxy.appendEntriesAsync(RaftServerProxy.java:650)
	... 12 more
2025-07-14 15:00:56,917 [grpc-default-executor-5] WARN  server.GrpcLogAppender (LogUtils.java:warn(129)) - 77d16558-8a68-4655-9235-107e22ba3c38@group-B771F555DC8D->a505560f-c589-4eb5-89aa-a89970ae9358-AppendLogResponseHandler: Failed appendEntries
org.apache.ratis.protocol.exceptions.GroupMismatchException: a505560f-c589-4eb5-89aa-a89970ae9358: group-B771F555DC8D not found.
	at org.apache.ratis.server.impl.RaftServerProxy$ImplMap.get(RaftServerProxy.java:160)
	at org.apache.ratis.server.impl.RaftServerProxy.getImplFuture(RaftServerProxy.java:370)
	at org.apache.ratis.server.impl.RaftServerProxy.appendEntriesAsync(RaftServerProxy.java:650)
	at org.apache.ratis.grpc.server.GrpcServerProtocolService$1.process(GrpcServerProtocolService.java:245)
	at org.apache.ratis.grpc.server.GrpcServerProtocolService$1.process(GrpcServerProtocolService.java:242)
	at org.apache.ratis.grpc.server.GrpcServerProtocolService$ServerRequestStreamObserver.onNext(GrpcServerProtocolService.java:150)
	at org.apache.ratis.thirdparty.io.grpc.stub.ServerCalls$StreamingServerCallHandler$StreamingServerCallListener.onMessage(ServerCalls.java:262)
	at org.apache.ratis.thirdparty.io.grpc.internal.ServerCallImpl$ServerStreamListenerImpl.messagesAvailableInternal(ServerCallImpl.java:334)
	at org.apache.ratis.thirdparty.io.grpc.internal.ServerCallImpl$ServerStreamListenerImpl.messagesAvailable(ServerCallImpl.java:319)
	at org.apache.ratis.thirdparty.io.grpc.internal.ServerImpl$JumpToApplicationThreadServerStreamListener$1MessagesAvailable.runInContext(ServerImpl.java:834)
	at org.apache.ratis.thirdparty.io.grpc.internal.ContextRunnable.run(ContextRunnable.java:37)
	at org.apache.ratis.thirdparty.io.grpc.internal.SerializingExecutor.run(SerializingExecutor.java:133)
	at java.base/java.util.concurrent.ThreadPoolExecutor.runWorker(ThreadPoolExecutor.java:1144)
	at java.base/java.util.concurrent.ThreadPoolExecutor$Worker.run(ThreadPoolExecutor.java:642)
	at java.base/java.lang.Thread.run(Thread.java:1583)
2025-07-14 15:00:56,917 [grpc-default-executor-5] INFO  leader.LogAppender (LogAppenderBase.java:lambda$getNextIndexForError$0(215)) - Decrease nextIndex to 5
2025-07-14 15:00:56,917 [grpc-default-executor-5] INFO  leader.LogAppender (LogAppenderBase.java:lambda$getNextIndexForError$0(215)) - Decrease nextIndex to 5
2025-07-14 15:00:56,917 [grpc-default-executor-5] INFO  leader.FollowerInfo (FollowerInfoImpl.java:info(70)) - 77d16558-8a68-4655-9235-107e22ba3c38@group-B771F555DC8D->a505560f-c589-4eb5-89aa-a89970ae9358: computeNextIndex nextIndex: updateUnconditionally 7 -> 5
2025-07-14 15:00:57,667 [timer4] WARN  server.GrpcLogAppender (GrpcLogAppender.java:timeoutAppendRequest(448)) - 52f0bf1a-a22c-4dfc-83f0-dd23f5b60a86@group-66EA1A40B3A7->a505560f-c589-4eb5-89aa-a89970ae9358-GrpcLogAppender: Timed out HEARTBEAT appendEntries, errorCount=20, request=AppendEntriesRequest:cid=6957,entriesCount=0
2025-07-14 15:00:57,835 [main] INFO  ozone.MiniOzoneClusterImpl (MiniOzoneClusterImpl.java:lambda$waitForHddsDatanodeToStop$3(312)) - Waiting on datanode to be marked stale.
2025-07-14 15:00:58,604 [timer7] WARN  server.GrpcLogAppender (LogUtils.java:warn(127)) - 9eae2efb-1df6-4ce6-ae9d-8504348dafa1@group-EABB3B9FB711->ac481237-f71e-4eeb-9120-a6c52bf83f13-AppendLogResponseHandler: Failed appendEntries (Repeated 12 times in the last 5.000s): org.apache.ratis.thirdparty.io.grpc.StatusRuntimeException: UNAVAILABLE: io exception
  Caused by: org.apache.ratis.thirdparty.io.netty.channel.AbstractChannel$AnnotatedConnectException: finishConnect(..) failed: Connection refused: /127.0.0.1:15063
  Caused by: java.net.ConnectException: finishConnect(..) failed: Connection refused
2025-07-14 15:00:58,607 [timer3] WARN  server.GrpcLogAppender (GrpcLogAppender.java:lambda$resetClient$1(228)) - 9eae2efb-1df6-4ce6-ae9d-8504348dafa1@group-EABB3B9FB711->ac481237-f71e-4eeb-9120-a6c52bf83f13-GrpcLogAppender: Follower failed (request=null, errorCount=4); keep nextIndex (2) unchanged and retry. (Repeated 2 times in the last 5.000s)
2025-07-14 15:00:58,620 [timer6] WARN  server.GrpcLogAppender (GrpcLogAppender.java:lambda$resetClient$1(228)) - 9eae2efb-1df6-4ce6-ae9d-8504348dafa1@group-EABB3B9FB711->ac481237-f71e-4eeb-9120-a6c52bf83f13-GrpcLogAppender: Follower failed (request=null, errorCount=12); keep nextIndex (3) unchanged and retry. (Repeated 8 times in the last 5.000s)
2025-07-14 15:00:58,760 [grpc-default-executor-4] WARN  server.GrpcLogAppender (LogUtils.java:warn(127)) - 9eae2efb-1df6-4ce6-ae9d-8504348dafa1@group-EABB3B9FB711->ac481237-f71e-4eeb-9120-a6c52bf83f13-AppendLogResponseHandler: Failed appendEntries: org.apache.ratis.thirdparty.io.grpc.StatusRuntimeException: UNAVAILABLE: io exception
  Caused by: org.apache.ratis.thirdparty.io.netty.channel.AbstractChannel$AnnotatedConnectException: finishConnect(..) failed: Connection refused: /127.0.0.1:15063
  Caused by: java.net.ConnectException: finishConnect(..) failed: Connection refused
2025-07-14 15:00:58,761 [grpc-default-executor-5] WARN  server.GrpcLogAppender (GrpcLogAppender.java:lambda$resetClient$1(228)) - 9eae2efb-1df6-4ce6-ae9d-8504348dafa1@group-EABB3B9FB711->ac481237-f71e-4eeb-9120-a6c52bf83f13-GrpcLogAppender: Follower failed (request=null, errorCount=13); keep nextIndex (3) unchanged and retry.
2025-07-14 15:00:58,800 [grpc-default-executor-4] WARN  server.GrpcServerProtocolService (LogUtils.java:warn(129)) - a505560f-c589-4eb5-89aa-a89970ae9358: Failed APPEND_ENTRIES request 77d16558-8a68-4655-9235-107e22ba3c38->a505560f-c589-4eb5-89aa-a89970ae9358#35-t2,previous=(t:1, i:4),leaderCommit=6,initializing? false,entries: size=2, first=(t:2, i:5), CONFIGURATIONENTRY(current:id:"77d16558-8a68-4655-9235-107e22ba3c38"address:"127.0.0.1:15047"dataStreamAddress:"127.0.0.1:15048"clientAddress:"127.0.0.1:15045"adminAddress:"127.0.0.1:15046"startupRole:FOLLOWER, id:"52f0bf1a-a22c-4dfc-83f0-dd23f5b60a86"address:"127.0.0.1:15055"dataStreamAddress:"127.0.0.1:15056"clientAddress:"127.0.0.1:15053"adminAddress:"127.0.0.1:15054"startupRole:FOLLOWER, id:"a505560f-c589-4eb5-89aa-a89970ae9358"address:"127.0.0.1:15039"priority:1dataStreamAddress:"127.0.0.1:15040"clientAddress:"127.0.0.1:15037"adminAddress:"127.0.0.1:15038"startupRole:FOLLOWER, old:)
java.util.concurrent.CompletionException: org.apache.ratis.protocol.exceptions.GroupMismatchException: a505560f-c589-4eb5-89aa-a89970ae9358: group-B771F555DC8D not found.
	at java.base/java.util.concurrent.CompletableFuture.encodeThrowable(CompletableFuture.java:332)
	at java.base/java.util.concurrent.CompletableFuture.uniComposeStage(CompletableFuture.java:1177)
	at java.base/java.util.concurrent.CompletableFuture.thenCompose(CompletableFuture.java:2341)
	at org.apache.ratis.server.impl.RaftServerProxy.appendEntriesAsync(RaftServerProxy.java:651)
	at org.apache.ratis.grpc.server.GrpcServerProtocolService$1.process(GrpcServerProtocolService.java:245)
	at org.apache.ratis.grpc.server.GrpcServerProtocolService$1.process(GrpcServerProtocolService.java:242)
	at org.apache.ratis.grpc.server.GrpcServerProtocolService$ServerRequestStreamObserver.onNext(GrpcServerProtocolService.java:150)
	at org.apache.ratis.thirdparty.io.grpc.stub.ServerCalls$StreamingServerCallHandler$StreamingServerCallListener.onMessage(ServerCalls.java:262)
	at org.apache.ratis.thirdparty.io.grpc.internal.ServerCallImpl$ServerStreamListenerImpl.messagesAvailableInternal(ServerCallImpl.java:334)
	at org.apache.ratis.thirdparty.io.grpc.internal.ServerCallImpl$ServerStreamListenerImpl.messagesAvailable(ServerCallImpl.java:319)
	at org.apache.ratis.thirdparty.io.grpc.internal.ServerImpl$JumpToApplicationThreadServerStreamListener$1MessagesAvailable.runInContext(ServerImpl.java:834)
	at org.apache.ratis.thirdparty.io.grpc.internal.ContextRunnable.run(ContextRunnable.java:37)
	at org.apache.ratis.thirdparty.io.grpc.internal.SerializingExecutor.run(SerializingExecutor.java:133)
	at java.base/java.util.concurrent.ThreadPoolExecutor.runWorker(ThreadPoolExecutor.java:1144)
	at java.base/java.util.concurrent.ThreadPoolExecutor$Worker.run(ThreadPoolExecutor.java:642)
	at java.base/java.lang.Thread.run(Thread.java:1583)
Caused by: org.apache.ratis.protocol.exceptions.GroupMismatchException: a505560f-c589-4eb5-89aa-a89970ae9358: group-B771F555DC8D not found.
	at org.apache.ratis.server.impl.RaftServerProxy$ImplMap.get(RaftServerProxy.java:160)
	at org.apache.ratis.server.impl.RaftServerProxy.getImplFuture(RaftServerProxy.java:370)
	at org.apache.ratis.server.impl.RaftServerProxy.appendEntriesAsync(RaftServerProxy.java:650)
	... 12 more
2025-07-14 15:00:58,802 [grpc-default-executor-4] INFO  leader.LogAppender (LogAppenderBase.java:lambda$getNextIndexForError$0(215)) - Decrease nextIndex to 5
2025-07-14 15:00:58,802 [grpc-default-executor-4] INFO  leader.LogAppender (LogAppenderBase.java:lambda$getNextIndexForError$0(215)) - Decrease nextIndex to 5
2025-07-14 15:00:58,802 [grpc-default-executor-4] INFO  leader.FollowerInfo (FollowerInfoImpl.java:info(70)) - 77d16558-8a68-4655-9235-107e22ba3c38@group-B771F555DC8D->a505560f-c589-4eb5-89aa-a89970ae9358: computeNextIndex nextIndex: updateUnconditionally 7 -> 5
2025-07-14 15:00:58,835 [main] INFO  ozone.MiniOzoneClusterImpl (MiniOzoneClusterImpl.java:lambda$waitForHddsDatanodeToStop$3(312)) - Waiting on datanode to be marked stale.
2025-07-14 15:00:59,620 [timer4] WARN  server.GrpcLogAppender (GrpcLogAppender.java:timeoutAppendRequest(448)) - 52f0bf1a-a22c-4dfc-83f0-dd23f5b60a86@group-66EA1A40B3A7->a505560f-c589-4eb5-89aa-a89970ae9358-GrpcLogAppender: Timed out HEARTBEAT appendEntries, errorCount=21, request=AppendEntriesRequest:cid=6958,entriesCount=0
2025-07-14 15:00:59,835 [main] INFO  ozone.MiniOzoneClusterImpl (MiniOzoneClusterImpl.java:lambda$waitForHddsDatanodeToStop$3(312)) - Waiting on datanode to be marked stale.
2025-07-14 15:01:00,237 [timer1] WARN  server.GrpcLogAppender (LogUtils.java:warn(127)) - 9eae2efb-1df6-4ce6-ae9d-8504348dafa1@group-1AEBB7792E6D->ac481237-f71e-4eeb-9120-a6c52bf83f13-AppendLogResponseHandler: Failed appendEntries (Repeated 6 times in the last 5.000s): org.apache.ratis.thirdparty.io.grpc.StatusRuntimeException: UNAVAILABLE: io exception
  Caused by: org.apache.ratis.thirdparty.io.netty.channel.AbstractChannel$AnnotatedConnectException: finishConnect(..) failed: Connection refused: /127.0.0.1:15063
  Caused by: java.net.ConnectException: finishConnect(..) failed: Connection refused
2025-07-14 15:01:00,238 [timer2] WARN  server.GrpcLogAppender (GrpcLogAppender.java:lambda$resetClient$1(228)) - 9eae2efb-1df6-4ce6-ae9d-8504348dafa1@group-1AEBB7792E6D->ac481237-f71e-4eeb-9120-a6c52bf83f13-GrpcLogAppender: Follower failed (request=null, errorCount=16); keep nextIndex (1) unchanged and retry. (Repeated 6 times in the last 5.000s)
2025-07-14 15:01:00,328 [grpc-default-executor-4] WARN  server.GrpcLogAppender (LogUtils.java:warn(127)) - 9eae2efb-1df6-4ce6-ae9d-8504348dafa1@group-1AEBB7792E6D->ac481237-f71e-4eeb-9120-a6c52bf83f13-AppendLogResponseHandler: Failed appendEntries: org.apache.ratis.thirdparty.io.grpc.StatusRuntimeException: UNAVAILABLE: io exception
  Caused by: org.apache.ratis.thirdparty.io.netty.channel.AbstractChannel$AnnotatedConnectException: finishConnect(..) failed: Connection refused: /127.0.0.1:15063
  Caused by: java.net.ConnectException: finishConnect(..) failed: Connection refused
2025-07-14 15:01:00,328 [grpc-default-executor-5] WARN  server.GrpcLogAppender (GrpcLogAppender.java:lambda$resetClient$1(228)) - 9eae2efb-1df6-4ce6-ae9d-8504348dafa1@group-1AEBB7792E6D->ac481237-f71e-4eeb-9120-a6c52bf83f13-GrpcLogAppender: Follower failed (request=null, errorCount=17); keep nextIndex (1) unchanged and retry.
2025-07-14 15:01:00,372 [grpc-default-executor-4] WARN  server.GrpcServerProtocolService (LogUtils.java:warn(129)) - a505560f-c589-4eb5-89aa-a89970ae9358: Failed APPEND_ENTRIES request 77d16558-8a68-4655-9235-107e22ba3c38->a505560f-c589-4eb5-89aa-a89970ae9358#37-t2,previous=(t:1, i:4),leaderCommit=6,initializing? false,entries: size=2, first=(t:2, i:5), CONFIGURATIONENTRY(current:id:"77d16558-8a68-4655-9235-107e22ba3c38"address:"127.0.0.1:15047"dataStreamAddress:"127.0.0.1:15048"clientAddress:"127.0.0.1:15045"adminAddress:"127.0.0.1:15046"startupRole:FOLLOWER, id:"52f0bf1a-a22c-4dfc-83f0-dd23f5b60a86"address:"127.0.0.1:15055"dataStreamAddress:"127.0.0.1:15056"clientAddress:"127.0.0.1:15053"adminAddress:"127.0.0.1:15054"startupRole:FOLLOWER, id:"a505560f-c589-4eb5-89aa-a89970ae9358"address:"127.0.0.1:15039"priority:1dataStreamAddress:"127.0.0.1:15040"clientAddress:"127.0.0.1:15037"adminAddress:"127.0.0.1:15038"startupRole:FOLLOWER, old:)
java.util.concurrent.CompletionException: org.apache.ratis.protocol.exceptions.GroupMismatchException: a505560f-c589-4eb5-89aa-a89970ae9358: group-B771F555DC8D not found.
	at java.base/java.util.concurrent.CompletableFuture.encodeThrowable(CompletableFuture.java:332)
	at java.base/java.util.concurrent.CompletableFuture.uniComposeStage(CompletableFuture.java:1177)
	at java.base/java.util.concurrent.CompletableFuture.thenCompose(CompletableFuture.java:2341)
	at org.apache.ratis.server.impl.RaftServerProxy.appendEntriesAsync(RaftServerProxy.java:651)
	at org.apache.ratis.grpc.server.GrpcServerProtocolService$1.process(GrpcServerProtocolService.java:245)
	at org.apache.ratis.grpc.server.GrpcServerProtocolService$1.process(GrpcServerProtocolService.java:242)
	at org.apache.ratis.grpc.server.GrpcServerProtocolService$ServerRequestStreamObserver.onNext(GrpcServerProtocolService.java:150)
	at org.apache.ratis.thirdparty.io.grpc.stub.ServerCalls$StreamingServerCallHandler$StreamingServerCallListener.onMessage(ServerCalls.java:262)
	at org.apache.ratis.thirdparty.io.grpc.internal.ServerCallImpl$ServerStreamListenerImpl.messagesAvailableInternal(ServerCallImpl.java:334)
	at org.apache.ratis.thirdparty.io.grpc.internal.ServerCallImpl$ServerStreamListenerImpl.messagesAvailable(ServerCallImpl.java:319)
	at org.apache.ratis.thirdparty.io.grpc.internal.ServerImpl$JumpToApplicationThreadServerStreamListener$1MessagesAvailable.runInContext(ServerImpl.java:834)
	at org.apache.ratis.thirdparty.io.grpc.internal.ContextRunnable.run(ContextRunnable.java:37)
	at org.apache.ratis.thirdparty.io.grpc.internal.SerializingExecutor.run(SerializingExecutor.java:133)
	at java.base/java.util.concurrent.ThreadPoolExecutor.runWorker(ThreadPoolExecutor.java:1144)
	at java.base/java.util.concurrent.ThreadPoolExecutor$Worker.run(ThreadPoolExecutor.java:642)
	at java.base/java.lang.Thread.run(Thread.java:1583)
Caused by: org.apache.ratis.protocol.exceptions.GroupMismatchException: a505560f-c589-4eb5-89aa-a89970ae9358: group-B771F555DC8D not found.
	at org.apache.ratis.server.impl.RaftServerProxy$ImplMap.get(RaftServerProxy.java:160)
	at org.apache.ratis.server.impl.RaftServerProxy.getImplFuture(RaftServerProxy.java:370)
	at org.apache.ratis.server.impl.RaftServerProxy.appendEntriesAsync(RaftServerProxy.java:650)
	... 12 more
2025-07-14 15:01:00,374 [grpc-default-executor-4] INFO  leader.LogAppender (LogAppenderBase.java:lambda$getNextIndexForError$0(215)) - Decrease nextIndex to 5
2025-07-14 15:01:00,374 [grpc-default-executor-4] INFO  leader.LogAppender (LogAppenderBase.java:lambda$getNextIndexForError$0(215)) - Decrease nextIndex to 5
2025-07-14 15:01:00,374 [grpc-default-executor-4] INFO  leader.FollowerInfo (FollowerInfoImpl.java:info(70)) - 77d16558-8a68-4655-9235-107e22ba3c38@group-B771F555DC8D->a505560f-c589-4eb5-89aa-a89970ae9358: computeNextIndex nextIndex: updateUnconditionally 7 -> 5
2025-07-14 15:01:00,836 [main] INFO  ozone.MiniOzoneClusterImpl (MiniOzoneClusterImpl.java:lambda$waitForHddsDatanodeToStop$3(312)) - Waiting on datanode to be marked stale.
2025-07-14 15:01:01,364 [om1-KeyDeletingService#2] INFO  service.KeyDeletingService (KeyDeletingService.java:processKeyDeletes(141)) - Send 1 key(s) to SCM, first 1 keys: [BlockGroup[groupID='/testcontainerstatemachinefailures/testcontainerstatemachinefailures/ratis/-9223372036854771968', blockIDs=[conID: 5 locID: 115816896921600005 bcsId: 0 replicaIndex: null, conID: 6 locID: 115816896921600006 bcsId: 0 replicaIndex: null]]]
2025-07-14 15:01:01,371 [IPC Server handler 5 on default port 15001] INFO  ha.SequenceIdGenerator (SequenceIdGenerator.java:getNextId(135)) - Allocate a batch for delTxnId, change lastId from 0 to 1000.
2025-07-14 15:01:01,387 [om1-KeyDeletingService#2] INFO  service.KeyDeletingService (KeyDeletingService.java:processKeyDeletes(146)) - 1 BlockGroup deletion are acked by SCM in 23 ms
2025-07-14 15:01:01,400 [om1-KeyDeletingService#2] INFO  service.KeyDeletingService (KeyDeletingService.java:processKeyDeletes(154)) - Blocks for (1,true) (out of 1) keys are deleted from DB in 12 ms. Limit per task is 50000.
2025-07-14 15:01:01,801 [timer1] WARN  server.GrpcLogAppender (GrpcLogAppender.java:timeoutAppendRequest(448)) - 52f0bf1a-a22c-4dfc-83f0-dd23f5b60a86@group-66EA1A40B3A7->a505560f-c589-4eb5-89aa-a89970ae9358-GrpcLogAppender: Timed out HEARTBEAT appendEntries, errorCount=22, request=AppendEntriesRequest:cid=6959,entriesCount=0
2025-07-14 15:01:01,836 [main] INFO  ozone.MiniOzoneClusterImpl (MiniOzoneClusterImpl.java:lambda$waitForHddsDatanodeToStop$3(312)) - Waiting on datanode to be marked stale.
2025-07-14 15:01:01,918 [timer7] WARN  server.GrpcLogAppender (LogUtils.java:warn(129)) - 77d16558-8a68-4655-9235-107e22ba3c38@group-B771F555DC8D->a505560f-c589-4eb5-89aa-a89970ae9358-AppendLogResponseHandler: Failed appendEntries (Repeated 3 times in the last 5.001s)
org.apache.ratis.protocol.exceptions.GroupMismatchException: a505560f-c589-4eb5-89aa-a89970ae9358: group-B771F555DC8D not found.
	at org.apache.ratis.server.impl.RaftServerProxy$ImplMap.get(RaftServerProxy.java:160)
	at org.apache.ratis.server.impl.RaftServerProxy.getImplFuture(RaftServerProxy.java:370)
	at org.apache.ratis.server.impl.RaftServerProxy.appendEntriesAsync(RaftServerProxy.java:650)
	at org.apache.ratis.grpc.server.GrpcServerProtocolService$1.process(GrpcServerProtocolService.java:245)
	at org.apache.ratis.grpc.server.GrpcServerProtocolService$1.process(GrpcServerProtocolService.java:242)
	at org.apache.ratis.grpc.server.GrpcServerProtocolService$ServerRequestStreamObserver.onNext(GrpcServerProtocolService.java:150)
	at org.apache.ratis.thirdparty.io.grpc.stub.ServerCalls$StreamingServerCallHandler$StreamingServerCallListener.onMessage(ServerCalls.java:262)
	at org.apache.ratis.thirdparty.io.grpc.internal.ServerCallImpl$ServerStreamListenerImpl.messagesAvailableInternal(ServerCallImpl.java:334)
	at org.apache.ratis.thirdparty.io.grpc.internal.ServerCallImpl$ServerStreamListenerImpl.messagesAvailable(ServerCallImpl.java:319)
	at org.apache.ratis.thirdparty.io.grpc.internal.ServerImpl$JumpToApplicationThreadServerStreamListener$1MessagesAvailable.runInContext(ServerImpl.java:834)
	at org.apache.ratis.thirdparty.io.grpc.internal.ContextRunnable.run(ContextRunnable.java:37)
	at org.apache.ratis.thirdparty.io.grpc.internal.SerializingExecutor.run(SerializingExecutor.java:133)
	at java.base/java.util.concurrent.ThreadPoolExecutor.runWorker(ThreadPoolExecutor.java:1144)
	at java.base/java.util.concurrent.ThreadPoolExecutor$Worker.run(ThreadPoolExecutor.java:642)
	at java.base/java.lang.Thread.run(Thread.java:1583)
2025-07-14 15:01:02,836 [main] INFO  ozone.MiniOzoneClusterImpl (MiniOzoneClusterImpl.java:lambda$waitForHddsDatanodeToStop$3(312)) - Waiting on datanode to be marked stale.
2025-07-14 15:01:03,703 [timer0] WARN  server.GrpcLogAppender (GrpcLogAppender.java:timeoutAppendRequest(448)) - 52f0bf1a-a22c-4dfc-83f0-dd23f5b60a86@group-66EA1A40B3A7->a505560f-c589-4eb5-89aa-a89970ae9358-GrpcLogAppender: Timed out HEARTBEAT appendEntries, errorCount=23, request=AppendEntriesRequest:cid=6960,entriesCount=0
2025-07-14 15:01:03,760 [timer5] WARN  server.GrpcLogAppender (LogUtils.java:warn(127)) - 9eae2efb-1df6-4ce6-ae9d-8504348dafa1@group-EABB3B9FB711->ac481237-f71e-4eeb-9120-a6c52bf83f13-AppendLogResponseHandler: Failed appendEntries (Repeated 8 times in the last 5.000s): org.apache.ratis.thirdparty.io.grpc.StatusRuntimeException: UNAVAILABLE: io exception
  Caused by: org.apache.ratis.thirdparty.io.netty.channel.AbstractChannel$AnnotatedConnectException: finishConnect(..) failed: Connection refused: /127.0.0.1:15063
  Caused by: java.net.ConnectException: finishConnect(..) failed: Connection refused
2025-07-14 15:01:03,761 [timer6] WARN  server.GrpcLogAppender (GrpcLogAppender.java:lambda$resetClient$1(228)) - 9eae2efb-1df6-4ce6-ae9d-8504348dafa1@group-EABB3B9FB711->ac481237-f71e-4eeb-9120-a6c52bf83f13-GrpcLogAppender: Follower failed (request=null, errorCount=20); keep nextIndex (3) unchanged and retry. (Repeated 8 times in the last 5.000s)
2025-07-14 15:01:03,837 [main] INFO  ozone.MiniOzoneClusterImpl (MiniOzoneClusterImpl.java:lambda$waitForHddsDatanodeToStop$3(312)) - Waiting on datanode to be marked stale.
2025-07-14 15:01:04,052 [grpc-default-executor-5] WARN  server.GrpcServerProtocolService (LogUtils.java:warn(129)) - a505560f-c589-4eb5-89aa-a89970ae9358: Failed APPEND_ENTRIES request 77d16558-8a68-4655-9235-107e22ba3c38->a505560f-c589-4eb5-89aa-a89970ae9358#40-t2,previous=(t:1, i:4),leaderCommit=6,initializing? false,entries: size=2, first=(t:2, i:5), CONFIGURATIONENTRY(current:id:"77d16558-8a68-4655-9235-107e22ba3c38"address:"127.0.0.1:15047"dataStreamAddress:"127.0.0.1:15048"clientAddress:"127.0.0.1:15045"adminAddress:"127.0.0.1:15046"startupRole:FOLLOWER, id:"52f0bf1a-a22c-4dfc-83f0-dd23f5b60a86"address:"127.0.0.1:15055"dataStreamAddress:"127.0.0.1:15056"clientAddress:"127.0.0.1:15053"adminAddress:"127.0.0.1:15054"startupRole:FOLLOWER, id:"a505560f-c589-4eb5-89aa-a89970ae9358"address:"127.0.0.1:15039"priority:1dataStreamAddress:"127.0.0.1:15040"clientAddress:"127.0.0.1:15037"adminAddress:"127.0.0.1:15038"startupRole:FOLLOWER, old:)
java.util.concurrent.CompletionException: org.apache.ratis.protocol.exceptions.GroupMismatchException: a505560f-c589-4eb5-89aa-a89970ae9358: group-B771F555DC8D not found.
	at java.base/java.util.concurrent.CompletableFuture.encodeThrowable(CompletableFuture.java:332)
	at java.base/java.util.concurrent.CompletableFuture.uniComposeStage(CompletableFuture.java:1177)
	at java.base/java.util.concurrent.CompletableFuture.thenCompose(CompletableFuture.java:2341)
	at org.apache.ratis.server.impl.RaftServerProxy.appendEntriesAsync(RaftServerProxy.java:651)
	at org.apache.ratis.grpc.server.GrpcServerProtocolService$1.process(GrpcServerProtocolService.java:245)
	at org.apache.ratis.grpc.server.GrpcServerProtocolService$1.process(GrpcServerProtocolService.java:242)
	at org.apache.ratis.grpc.server.GrpcServerProtocolService$ServerRequestStreamObserver.onNext(GrpcServerProtocolService.java:150)
	at org.apache.ratis.thirdparty.io.grpc.stub.ServerCalls$StreamingServerCallHandler$StreamingServerCallListener.onMessage(ServerCalls.java:262)
	at org.apache.ratis.thirdparty.io.grpc.internal.ServerCallImpl$ServerStreamListenerImpl.messagesAvailableInternal(ServerCallImpl.java:334)
	at org.apache.ratis.thirdparty.io.grpc.internal.ServerCallImpl$ServerStreamListenerImpl.messagesAvailable(ServerCallImpl.java:319)
	at org.apache.ratis.thirdparty.io.grpc.internal.ServerImpl$JumpToApplicationThreadServerStreamListener$1MessagesAvailable.runInContext(ServerImpl.java:834)
	at org.apache.ratis.thirdparty.io.grpc.internal.ContextRunnable.run(ContextRunnable.java:37)
	at org.apache.ratis.thirdparty.io.grpc.internal.SerializingExecutor.run(SerializingExecutor.java:133)
	at java.base/java.util.concurrent.ThreadPoolExecutor.runWorker(ThreadPoolExecutor.java:1144)
	at java.base/java.util.concurrent.ThreadPoolExecutor$Worker.run(ThreadPoolExecutor.java:642)
	at java.base/java.lang.Thread.run(Thread.java:1583)
Caused by: org.apache.ratis.protocol.exceptions.GroupMismatchException: a505560f-c589-4eb5-89aa-a89970ae9358: group-B771F555DC8D not found.
	at org.apache.ratis.server.impl.RaftServerProxy$ImplMap.get(RaftServerProxy.java:160)
	at org.apache.ratis.server.impl.RaftServerProxy.getImplFuture(RaftServerProxy.java:370)
	at org.apache.ratis.server.impl.RaftServerProxy.appendEntriesAsync(RaftServerProxy.java:650)
	... 12 more
2025-07-14 15:01:04,054 [grpc-default-executor-5] WARN  server.GrpcLogAppender (LogUtils.java:warn(129)) - 77d16558-8a68-4655-9235-107e22ba3c38@group-B771F555DC8D->a505560f-c589-4eb5-89aa-a89970ae9358-AppendLogResponseHandler: Failed appendEntries
org.apache.ratis.protocol.exceptions.GroupMismatchException: a505560f-c589-4eb5-89aa-a89970ae9358: group-B771F555DC8D not found.
	at org.apache.ratis.server.impl.RaftServerProxy$ImplMap.get(RaftServerProxy.java:160)
	at org.apache.ratis.server.impl.RaftServerProxy.getImplFuture(RaftServerProxy.java:370)
	at org.apache.ratis.server.impl.RaftServerProxy.appendEntriesAsync(RaftServerProxy.java:650)
	at org.apache.ratis.grpc.server.GrpcServerProtocolService$1.process(GrpcServerProtocolService.java:245)
	at org.apache.ratis.grpc.server.GrpcServerProtocolService$1.process(GrpcServerProtocolService.java:242)
	at org.apache.ratis.grpc.server.GrpcServerProtocolService$ServerRequestStreamObserver.onNext(GrpcServerProtocolService.java:150)
	at org.apache.ratis.thirdparty.io.grpc.stub.ServerCalls$StreamingServerCallHandler$StreamingServerCallListener.onMessage(ServerCalls.java:262)
	at org.apache.ratis.thirdparty.io.grpc.internal.ServerCallImpl$ServerStreamListenerImpl.messagesAvailableInternal(ServerCallImpl.java:334)
	at org.apache.ratis.thirdparty.io.grpc.internal.ServerCallImpl$ServerStreamListenerImpl.messagesAvailable(ServerCallImpl.java:319)
	at org.apache.ratis.thirdparty.io.grpc.internal.ServerImpl$JumpToApplicationThreadServerStreamListener$1MessagesAvailable.runInContext(ServerImpl.java:834)
	at org.apache.ratis.thirdparty.io.grpc.internal.ContextRunnable.run(ContextRunnable.java:37)
	at org.apache.ratis.thirdparty.io.grpc.internal.SerializingExecutor.run(SerializingExecutor.java:133)
	at java.base/java.util.concurrent.ThreadPoolExecutor.runWorker(ThreadPoolExecutor.java:1144)
	at java.base/java.util.concurrent.ThreadPoolExecutor$Worker.run(ThreadPoolExecutor.java:642)
	at java.base/java.lang.Thread.run(Thread.java:1583)
2025-07-14 15:01:04,054 [grpc-default-executor-5] INFO  leader.LogAppender (LogAppenderBase.java:lambda$getNextIndexForError$0(215)) - Decrease nextIndex to 5
2025-07-14 15:01:04,054 [grpc-default-executor-5] INFO  leader.LogAppender (LogAppenderBase.java:lambda$getNextIndexForError$0(215)) - Decrease nextIndex to 5
2025-07-14 15:01:04,054 [grpc-default-executor-5] INFO  leader.FollowerInfo (FollowerInfoImpl.java:info(70)) - 77d16558-8a68-4655-9235-107e22ba3c38@group-B771F555DC8D->a505560f-c589-4eb5-89aa-a89970ae9358: computeNextIndex nextIndex: updateUnconditionally 7 -> 5
2025-07-14 15:01:04,837 [main] INFO  ozone.MiniOzoneClusterImpl (MiniOzoneClusterImpl.java:lambda$waitForHddsDatanodeToStop$3(312)) - Waiting on datanode to be marked stale.
2025-07-14 15:01:05,328 [timer5] WARN  server.GrpcLogAppender (GrpcLogAppender.java:lambda$resetClient$1(228)) - 9eae2efb-1df6-4ce6-ae9d-8504348dafa1@group-1AEBB7792E6D->ac481237-f71e-4eeb-9120-a6c52bf83f13-GrpcLogAppender: Follower failed (request=null, errorCount=24); keep nextIndex (1) unchanged and retry. (Repeated 8 times in the last 4.999s)
2025-07-14 15:01:05,328 [timer4] WARN  server.GrpcLogAppender (LogUtils.java:warn(127)) - 9eae2efb-1df6-4ce6-ae9d-8504348dafa1@group-1AEBB7792E6D->ac481237-f71e-4eeb-9120-a6c52bf83f13-AppendLogResponseHandler: Failed appendEntries (Repeated 8 times in the last 5.001s): org.apache.ratis.thirdparty.io.grpc.StatusRuntimeException: UNAVAILABLE: io exception
  Caused by: org.apache.ratis.thirdparty.io.netty.channel.AbstractChannel$AnnotatedConnectException: finishConnect(..) failed: Connection refused: /127.0.0.1:15063
  Caused by: java.net.ConnectException: finishConnect(..) failed: Connection refused
2025-07-14 15:01:05,640 [grpc-default-executor-5] WARN  server.GrpcLogAppender (LogUtils.java:warn(127)) - 9eae2efb-1df6-4ce6-ae9d-8504348dafa1@group-EABB3B9FB711->ac481237-f71e-4eeb-9120-a6c52bf83f13-AppendLogResponseHandler: Failed appendEntries: org.apache.ratis.thirdparty.io.grpc.StatusRuntimeException: UNAVAILABLE: io exception
  Caused by: org.apache.ratis.thirdparty.io.netty.channel.AbstractChannel$AnnotatedConnectException: finishConnect(..) failed: Connection refused: /127.0.0.1:15063
  Caused by: java.net.ConnectException: finishConnect(..) failed: Connection refused
2025-07-14 15:01:05,641 [grpc-default-executor-4] WARN  server.GrpcLogAppender (GrpcLogAppender.java:lambda$resetClient$1(228)) - 9eae2efb-1df6-4ce6-ae9d-8504348dafa1@group-EABB3B9FB711->ac481237-f71e-4eeb-9120-a6c52bf83f13-GrpcLogAppender: Follower failed (request=null, errorCount=21); keep nextIndex (3) unchanged and retry.
2025-07-14 15:01:05,837 [main] INFO  ozone.MiniOzoneClusterImpl (MiniOzoneClusterImpl.java:lambda$waitForHddsDatanodeToStop$3(312)) - Waiting on datanode to be marked stale.
2025-07-14 15:01:06,357 [timer4] WARN  server.GrpcLogAppender (GrpcLogAppender.java:timeoutAppendRequest(448)) - 52f0bf1a-a22c-4dfc-83f0-dd23f5b60a86@group-66EA1A40B3A7->a505560f-c589-4eb5-89aa-a89970ae9358-GrpcLogAppender: Timed out HEARTBEAT appendEntries, errorCount=24, request=AppendEntriesRequest:cid=6961,entriesCount=0
2025-07-14 15:01:06,782 [grpc-default-executor-4] WARN  server.GrpcLogAppender (LogUtils.java:warn(127)) - 9eae2efb-1df6-4ce6-ae9d-8504348dafa1@group-1AEBB7792E6D->ac481237-f71e-4eeb-9120-a6c52bf83f13-AppendLogResponseHandler: Failed appendEntries: org.apache.ratis.thirdparty.io.grpc.StatusRuntimeException: UNAVAILABLE: io exception
  Caused by: org.apache.ratis.thirdparty.io.netty.channel.AbstractChannel$AnnotatedConnectException: finishConnect(..) failed: Connection refused: /127.0.0.1:15063
  Caused by: java.net.ConnectException: finishConnect(..) failed: Connection refused
2025-07-14 15:01:06,782 [grpc-default-executor-5] WARN  server.GrpcLogAppender (GrpcLogAppender.java:lambda$resetClient$1(228)) - 9eae2efb-1df6-4ce6-ae9d-8504348dafa1@group-1AEBB7792E6D->ac481237-f71e-4eeb-9120-a6c52bf83f13-GrpcLogAppender: Follower failed (request=null, errorCount=25); keep nextIndex (1) unchanged and retry.
2025-07-14 15:01:06,837 [main] INFO  ozone.MiniOzoneClusterImpl (MiniOzoneClusterImpl.java:lambda$waitForHddsDatanodeToStop$3(312)) - Waiting on datanode to be marked stale.
2025-07-14 15:01:07,838 [main] INFO  ozone.MiniOzoneClusterImpl (MiniOzoneClusterImpl.java:lambda$waitForHddsDatanodeToStop$3(312)) - Waiting on datanode to be marked stale.
2025-07-14 15:01:08,449 [timer2] WARN  server.GrpcLogAppender (GrpcLogAppender.java:timeoutAppendRequest(448)) - 52f0bf1a-a22c-4dfc-83f0-dd23f5b60a86@group-66EA1A40B3A7->a505560f-c589-4eb5-89aa-a89970ae9358-GrpcLogAppender: Timed out HEARTBEAT appendEntries, errorCount=25, request=AppendEntriesRequest:cid=6962,entriesCount=0
2025-07-14 15:01:08,474 [grpc-default-executor-5] WARN  server.GrpcServerProtocolService (LogUtils.java:warn(129)) - a505560f-c589-4eb5-89aa-a89970ae9358: Failed APPEND_ENTRIES request 77d16558-8a68-4655-9235-107e22ba3c38->a505560f-c589-4eb5-89aa-a89970ae9358#43-t2,previous=(t:1, i:4),leaderCommit=6,initializing? false,entries: size=2, first=(t:2, i:5), CONFIGURATIONENTRY(current:id:"77d16558-8a68-4655-9235-107e22ba3c38"address:"127.0.0.1:15047"dataStreamAddress:"127.0.0.1:15048"clientAddress:"127.0.0.1:15045"adminAddress:"127.0.0.1:15046"startupRole:FOLLOWER, id:"52f0bf1a-a22c-4dfc-83f0-dd23f5b60a86"address:"127.0.0.1:15055"dataStreamAddress:"127.0.0.1:15056"clientAddress:"127.0.0.1:15053"adminAddress:"127.0.0.1:15054"startupRole:FOLLOWER, id:"a505560f-c589-4eb5-89aa-a89970ae9358"address:"127.0.0.1:15039"priority:1dataStreamAddress:"127.0.0.1:15040"clientAddress:"127.0.0.1:15037"adminAddress:"127.0.0.1:15038"startupRole:FOLLOWER, old:)
java.util.concurrent.CompletionException: org.apache.ratis.protocol.exceptions.GroupMismatchException: a505560f-c589-4eb5-89aa-a89970ae9358: group-B771F555DC8D not found.
	at java.base/java.util.concurrent.CompletableFuture.encodeThrowable(CompletableFuture.java:332)
	at java.base/java.util.concurrent.CompletableFuture.uniComposeStage(CompletableFuture.java:1177)
	at java.base/java.util.concurrent.CompletableFuture.thenCompose(CompletableFuture.java:2341)
	at org.apache.ratis.server.impl.RaftServerProxy.appendEntriesAsync(RaftServerProxy.java:651)
	at org.apache.ratis.grpc.server.GrpcServerProtocolService$1.process(GrpcServerProtocolService.java:245)
	at org.apache.ratis.grpc.server.GrpcServerProtocolService$1.process(GrpcServerProtocolService.java:242)
	at org.apache.ratis.grpc.server.GrpcServerProtocolService$ServerRequestStreamObserver.onNext(GrpcServerProtocolService.java:150)
	at org.apache.ratis.thirdparty.io.grpc.stub.ServerCalls$StreamingServerCallHandler$StreamingServerCallListener.onMessage(ServerCalls.java:262)
	at org.apache.ratis.thirdparty.io.grpc.internal.ServerCallImpl$ServerStreamListenerImpl.messagesAvailableInternal(ServerCallImpl.java:334)
	at org.apache.ratis.thirdparty.io.grpc.internal.ServerCallImpl$ServerStreamListenerImpl.messagesAvailable(ServerCallImpl.java:319)
	at org.apache.ratis.thirdparty.io.grpc.internal.ServerImpl$JumpToApplicationThreadServerStreamListener$1MessagesAvailable.runInContext(ServerImpl.java:834)
	at org.apache.ratis.thirdparty.io.grpc.internal.ContextRunnable.run(ContextRunnable.java:37)
	at org.apache.ratis.thirdparty.io.grpc.internal.SerializingExecutor.run(SerializingExecutor.java:133)
	at java.base/java.util.concurrent.ThreadPoolExecutor.runWorker(ThreadPoolExecutor.java:1144)
	at java.base/java.util.concurrent.ThreadPoolExecutor$Worker.run(ThreadPoolExecutor.java:642)
	at java.base/java.lang.Thread.run(Thread.java:1583)
Caused by: org.apache.ratis.protocol.exceptions.GroupMismatchException: a505560f-c589-4eb5-89aa-a89970ae9358: group-B771F555DC8D not found.
	at org.apache.ratis.server.impl.RaftServerProxy$ImplMap.get(RaftServerProxy.java:160)
	at org.apache.ratis.server.impl.RaftServerProxy.getImplFuture(RaftServerProxy.java:370)
	at org.apache.ratis.server.impl.RaftServerProxy.appendEntriesAsync(RaftServerProxy.java:650)
	... 12 more
2025-07-14 15:01:08,475 [grpc-default-executor-5] INFO  leader.LogAppender (LogAppenderBase.java:lambda$getNextIndexForError$0(215)) - Decrease nextIndex to 5
2025-07-14 15:01:08,475 [grpc-default-executor-5] INFO  leader.LogAppender (LogAppenderBase.java:lambda$getNextIndexForError$0(215)) - Decrease nextIndex to 5
2025-07-14 15:01:08,475 [grpc-default-executor-5] INFO  leader.FollowerInfo (FollowerInfoImpl.java:info(70)) - 77d16558-8a68-4655-9235-107e22ba3c38@group-B771F555DC8D->a505560f-c589-4eb5-89aa-a89970ae9358: computeNextIndex nextIndex: updateUnconditionally 7 -> 5
2025-07-14 15:01:08,838 [main] INFO  ozone.MiniOzoneClusterImpl (MiniOzoneClusterImpl.java:lambda$waitForHddsDatanodeToStop$3(312)) - Waiting on datanode to be marked stale.
2025-07-14 15:01:09,055 [timer5] WARN  server.GrpcLogAppender (LogUtils.java:warn(129)) - 77d16558-8a68-4655-9235-107e22ba3c38@group-B771F555DC8D->a505560f-c589-4eb5-89aa-a89970ae9358-AppendLogResponseHandler: Failed appendEntries (Repeated 2 times in the last 5.001s)
org.apache.ratis.protocol.exceptions.GroupMismatchException: a505560f-c589-4eb5-89aa-a89970ae9358: group-B771F555DC8D not found.
	at org.apache.ratis.server.impl.RaftServerProxy$ImplMap.get(RaftServerProxy.java:160)
	at org.apache.ratis.server.impl.RaftServerProxy.getImplFuture(RaftServerProxy.java:370)
	at org.apache.ratis.server.impl.RaftServerProxy.appendEntriesAsync(RaftServerProxy.java:650)
	at org.apache.ratis.grpc.server.GrpcServerProtocolService$1.process(GrpcServerProtocolService.java:245)
	at org.apache.ratis.grpc.server.GrpcServerProtocolService$1.process(GrpcServerProtocolService.java:242)
	at org.apache.ratis.grpc.server.GrpcServerProtocolService$ServerRequestStreamObserver.onNext(GrpcServerProtocolService.java:150)
	at org.apache.ratis.thirdparty.io.grpc.stub.ServerCalls$StreamingServerCallHandler$StreamingServerCallListener.onMessage(ServerCalls.java:262)
	at org.apache.ratis.thirdparty.io.grpc.internal.ServerCallImpl$ServerStreamListenerImpl.messagesAvailableInternal(ServerCallImpl.java:334)
	at org.apache.ratis.thirdparty.io.grpc.internal.ServerCallImpl$ServerStreamListenerImpl.messagesAvailable(ServerCallImpl.java:319)
	at org.apache.ratis.thirdparty.io.grpc.internal.ServerImpl$JumpToApplicationThreadServerStreamListener$1MessagesAvailable.runInContext(ServerImpl.java:834)
	at org.apache.ratis.thirdparty.io.grpc.internal.ContextRunnable.run(ContextRunnable.java:37)
	at org.apache.ratis.thirdparty.io.grpc.internal.SerializingExecutor.run(SerializingExecutor.java:133)
	at java.base/java.util.concurrent.ThreadPoolExecutor.runWorker(ThreadPoolExecutor.java:1144)
	at java.base/java.util.concurrent.ThreadPoolExecutor$Worker.run(ThreadPoolExecutor.java:642)
	at java.base/java.lang.Thread.run(Thread.java:1583)
2025-07-14 15:01:09,838 [main] INFO  ozone.MiniOzoneClusterImpl (MiniOzoneClusterImpl.java:lambda$waitForHddsDatanodeToStop$3(312)) - Waiting on datanode to be marked stale.
2025-07-14 15:01:10,640 [timer2] WARN  server.GrpcLogAppender (LogUtils.java:warn(127)) - 9eae2efb-1df6-4ce6-ae9d-8504348dafa1@group-EABB3B9FB711->ac481237-f71e-4eeb-9120-a6c52bf83f13-AppendLogResponseHandler: Failed appendEntries (Repeated 6 times in the last 4.999s): org.apache.ratis.thirdparty.io.grpc.StatusRuntimeException: UNAVAILABLE: io exception
  Caused by: org.apache.ratis.thirdparty.io.netty.channel.AbstractChannel$AnnotatedConnectException: finishConnect(..) failed: Connection refused: /127.0.0.1:15063
  Caused by: java.net.ConnectException: finishConnect(..) failed: Connection refused
2025-07-14 15:01:10,641 [timer3] WARN  server.GrpcLogAppender (GrpcLogAppender.java:lambda$resetClient$1(228)) - 9eae2efb-1df6-4ce6-ae9d-8504348dafa1@group-EABB3B9FB711->ac481237-f71e-4eeb-9120-a6c52bf83f13-GrpcLogAppender: Follower failed (request=null, errorCount=26); keep nextIndex (3) unchanged and retry. (Repeated 6 times in the last 5.000s)
2025-07-14 15:01:10,839 [main] INFO  ozone.MiniOzoneClusterImpl (MiniOzoneClusterImpl.java:lambda$waitForHddsDatanodeToStop$3(312)) - Waiting on datanode to be marked stale.
2025-07-14 15:01:11,036 [timer6] WARN  server.GrpcLogAppender (GrpcLogAppender.java:timeoutAppendRequest(448)) - 52f0bf1a-a22c-4dfc-83f0-dd23f5b60a86@group-66EA1A40B3A7->a505560f-c589-4eb5-89aa-a89970ae9358-GrpcLogAppender: Timed out HEARTBEAT appendEntries, errorCount=26, request=AppendEntriesRequest:cid=6963,entriesCount=0
2025-07-14 15:01:11,158 [grpc-default-executor-5] WARN  server.GrpcLogAppender (LogUtils.java:warn(127)) - 9eae2efb-1df6-4ce6-ae9d-8504348dafa1@group-EABB3B9FB711->ac481237-f71e-4eeb-9120-a6c52bf83f13-AppendLogResponseHandler: Failed appendEntries: org.apache.ratis.thirdparty.io.grpc.StatusRuntimeException: UNAVAILABLE: io exception
  Caused by: org.apache.ratis.thirdparty.io.netty.channel.AbstractChannel$AnnotatedConnectException: finishConnect(..) failed: Connection refused: /127.0.0.1:15063
  Caused by: java.net.ConnectException: finishConnect(..) failed: Connection refused
2025-07-14 15:01:11,159 [grpc-default-executor-4] WARN  server.GrpcLogAppender (GrpcLogAppender.java:lambda$resetClient$1(228)) - 9eae2efb-1df6-4ce6-ae9d-8504348dafa1@group-EABB3B9FB711->ac481237-f71e-4eeb-9120-a6c52bf83f13-GrpcLogAppender: Follower failed (request=null, errorCount=27); keep nextIndex (3) unchanged and retry.
2025-07-14 15:01:11,782 [timer2] WARN  server.GrpcLogAppender (GrpcLogAppender.java:lambda$resetClient$1(228)) - 9eae2efb-1df6-4ce6-ae9d-8504348dafa1@group-1AEBB7792E6D->ac481237-f71e-4eeb-9120-a6c52bf83f13-GrpcLogAppender: Follower failed (request=null, errorCount=30); keep nextIndex (1) unchanged and retry. (Repeated 6 times in the last 5.000s)
2025-07-14 15:01:11,782 [timer1] WARN  server.GrpcLogAppender (LogUtils.java:warn(127)) - 9eae2efb-1df6-4ce6-ae9d-8504348dafa1@group-1AEBB7792E6D->ac481237-f71e-4eeb-9120-a6c52bf83f13-AppendLogResponseHandler: Failed appendEntries (Repeated 6 times in the last 5.001s): org.apache.ratis.thirdparty.io.grpc.StatusRuntimeException: UNAVAILABLE: io exception
  Caused by: org.apache.ratis.thirdparty.io.netty.channel.AbstractChannel$AnnotatedConnectException: finishConnect(..) failed: Connection refused: /127.0.0.1:15063
  Caused by: java.net.ConnectException: finishConnect(..) failed: Connection refused
2025-07-14 15:01:11,839 [main] INFO  ozone.MiniOzoneClusterImpl (MiniOzoneClusterImpl.java:lambda$waitForHddsDatanodeToStop$3(312)) - Waiting on datanode to be marked stale.
2025-07-14 15:01:12,051 [grpc-default-executor-5] WARN  server.GrpcLogAppender (LogUtils.java:warn(127)) - 9eae2efb-1df6-4ce6-ae9d-8504348dafa1@group-1AEBB7792E6D->ac481237-f71e-4eeb-9120-a6c52bf83f13-AppendLogResponseHandler: Failed appendEntries: org.apache.ratis.thirdparty.io.grpc.StatusRuntimeException: UNAVAILABLE: io exception
  Caused by: org.apache.ratis.thirdparty.io.netty.channel.AbstractChannel$AnnotatedConnectException: finishConnect(..) failed: Connection refused: /127.0.0.1:15063
  Caused by: java.net.ConnectException: finishConnect(..) failed: Connection refused
2025-07-14 15:01:12,052 [grpc-default-executor-4] WARN  server.GrpcLogAppender (GrpcLogAppender.java:lambda$resetClient$1(228)) - 9eae2efb-1df6-4ce6-ae9d-8504348dafa1@group-1AEBB7792E6D->ac481237-f71e-4eeb-9120-a6c52bf83f13-GrpcLogAppender: Follower failed (request=null, errorCount=31); keep nextIndex (1) unchanged and retry.
2025-07-14 15:01:12,305 [grpc-default-executor-5] WARN  server.GrpcServerProtocolService (LogUtils.java:warn(129)) - a505560f-c589-4eb5-89aa-a89970ae9358: Failed APPEND_ENTRIES request 77d16558-8a68-4655-9235-107e22ba3c38->a505560f-c589-4eb5-89aa-a89970ae9358#46-t2,previous=(t:1, i:4),leaderCommit=6,initializing? false,entries: size=2, first=(t:2, i:5), CONFIGURATIONENTRY(current:id:"77d16558-8a68-4655-9235-107e22ba3c38"address:"127.0.0.1:15047"dataStreamAddress:"127.0.0.1:15048"clientAddress:"127.0.0.1:15045"adminAddress:"127.0.0.1:15046"startupRole:FOLLOWER, id:"52f0bf1a-a22c-4dfc-83f0-dd23f5b60a86"address:"127.0.0.1:15055"dataStreamAddress:"127.0.0.1:15056"clientAddress:"127.0.0.1:15053"adminAddress:"127.0.0.1:15054"startupRole:FOLLOWER, id:"a505560f-c589-4eb5-89aa-a89970ae9358"address:"127.0.0.1:15039"priority:1dataStreamAddress:"127.0.0.1:15040"clientAddress:"127.0.0.1:15037"adminAddress:"127.0.0.1:15038"startupRole:FOLLOWER, old:)
java.util.concurrent.CompletionException: org.apache.ratis.protocol.exceptions.GroupMismatchException: a505560f-c589-4eb5-89aa-a89970ae9358: group-B771F555DC8D not found.
	at java.base/java.util.concurrent.CompletableFuture.encodeThrowable(CompletableFuture.java:332)
	at java.base/java.util.concurrent.CompletableFuture.uniComposeStage(CompletableFuture.java:1177)
	at java.base/java.util.concurrent.CompletableFuture.thenCompose(CompletableFuture.java:2341)
	at org.apache.ratis.server.impl.RaftServerProxy.appendEntriesAsync(RaftServerProxy.java:651)
	at org.apache.ratis.grpc.server.GrpcServerProtocolService$1.process(GrpcServerProtocolService.java:245)
	at org.apache.ratis.grpc.server.GrpcServerProtocolService$1.process(GrpcServerProtocolService.java:242)
	at org.apache.ratis.grpc.server.GrpcServerProtocolService$ServerRequestStreamObserver.onNext(GrpcServerProtocolService.java:150)
	at org.apache.ratis.thirdparty.io.grpc.stub.ServerCalls$StreamingServerCallHandler$StreamingServerCallListener.onMessage(ServerCalls.java:262)
	at org.apache.ratis.thirdparty.io.grpc.internal.ServerCallImpl$ServerStreamListenerImpl.messagesAvailableInternal(ServerCallImpl.java:334)
	at org.apache.ratis.thirdparty.io.grpc.internal.ServerCallImpl$ServerStreamListenerImpl.messagesAvailable(ServerCallImpl.java:319)
	at org.apache.ratis.thirdparty.io.grpc.internal.ServerImpl$JumpToApplicationThreadServerStreamListener$1MessagesAvailable.runInContext(ServerImpl.java:834)
	at org.apache.ratis.thirdparty.io.grpc.internal.ContextRunnable.run(ContextRunnable.java:37)
	at org.apache.ratis.thirdparty.io.grpc.internal.SerializingExecutor.run(SerializingExecutor.java:133)
	at java.base/java.util.concurrent.ThreadPoolExecutor.runWorker(ThreadPoolExecutor.java:1144)
	at java.base/java.util.concurrent.ThreadPoolExecutor$Worker.run(ThreadPoolExecutor.java:642)
	at java.base/java.lang.Thread.run(Thread.java:1583)
Caused by: org.apache.ratis.protocol.exceptions.GroupMismatchException: a505560f-c589-4eb5-89aa-a89970ae9358: group-B771F555DC8D not found.
	at org.apache.ratis.server.impl.RaftServerProxy$ImplMap.get(RaftServerProxy.java:160)
	at org.apache.ratis.server.impl.RaftServerProxy.getImplFuture(RaftServerProxy.java:370)
	at org.apache.ratis.server.impl.RaftServerProxy.appendEntriesAsync(RaftServerProxy.java:650)
	... 12 more
2025-07-14 15:01:12,307 [grpc-default-executor-5] WARN  server.GrpcLogAppender (LogUtils.java:warn(129)) - 77d16558-8a68-4655-9235-107e22ba3c38@group-B771F555DC8D->a505560f-c589-4eb5-89aa-a89970ae9358-AppendLogResponseHandler: Failed appendEntries
org.apache.ratis.protocol.exceptions.GroupMismatchException: a505560f-c589-4eb5-89aa-a89970ae9358: group-B771F555DC8D not found.
	at org.apache.ratis.server.impl.RaftServerProxy$ImplMap.get(RaftServerProxy.java:160)
	at org.apache.ratis.server.impl.RaftServerProxy.getImplFuture(RaftServerProxy.java:370)
	at org.apache.ratis.server.impl.RaftServerProxy.appendEntriesAsync(RaftServerProxy.java:650)
	at org.apache.ratis.grpc.server.GrpcServerProtocolService$1.process(GrpcServerProtocolService.java:245)
	at org.apache.ratis.grpc.server.GrpcServerProtocolService$1.process(GrpcServerProtocolService.java:242)
	at org.apache.ratis.grpc.server.GrpcServerProtocolService$ServerRequestStreamObserver.onNext(GrpcServerProtocolService.java:150)
	at org.apache.ratis.thirdparty.io.grpc.stub.ServerCalls$StreamingServerCallHandler$StreamingServerCallListener.onMessage(ServerCalls.java:262)
	at org.apache.ratis.thirdparty.io.grpc.internal.ServerCallImpl$ServerStreamListenerImpl.messagesAvailableInternal(ServerCallImpl.java:334)
	at org.apache.ratis.thirdparty.io.grpc.internal.ServerCallImpl$ServerStreamListenerImpl.messagesAvailable(ServerCallImpl.java:319)
	at org.apache.ratis.thirdparty.io.grpc.internal.ServerImpl$JumpToApplicationThreadServerStreamListener$1MessagesAvailable.runInContext(ServerImpl.java:834)
	at org.apache.ratis.thirdparty.io.grpc.internal.ContextRunnable.run(ContextRunnable.java:37)
	at org.apache.ratis.thirdparty.io.grpc.internal.SerializingExecutor.run(SerializingExecutor.java:133)
	at java.base/java.util.concurrent.ThreadPoolExecutor.runWorker(ThreadPoolExecutor.java:1144)
	at java.base/java.util.concurrent.ThreadPoolExecutor$Worker.run(ThreadPoolExecutor.java:642)
	at java.base/java.lang.Thread.run(Thread.java:1583)
2025-07-14 15:01:12,307 [grpc-default-executor-5] INFO  leader.LogAppender (LogAppenderBase.java:lambda$getNextIndexForError$0(215)) - Decrease nextIndex to 5
2025-07-14 15:01:12,307 [grpc-default-executor-5] INFO  leader.LogAppender (LogAppenderBase.java:lambda$getNextIndexForError$0(215)) - Decrease nextIndex to 5
2025-07-14 15:01:12,307 [grpc-default-executor-5] INFO  leader.FollowerInfo (FollowerInfoImpl.java:info(70)) - 77d16558-8a68-4655-9235-107e22ba3c38@group-B771F555DC8D->a505560f-c589-4eb5-89aa-a89970ae9358: computeNextIndex nextIndex: updateUnconditionally 7 -> 5
2025-07-14 15:01:12,839 [main] INFO  ozone.MiniOzoneClusterImpl (MiniOzoneClusterImpl.java:lambda$waitForHddsDatanodeToStop$3(312)) - Waiting on datanode to be marked stale.
2025-07-14 15:01:13,394 [timer4] WARN  server.GrpcLogAppender (GrpcLogAppender.java:timeoutAppendRequest(448)) - 52f0bf1a-a22c-4dfc-83f0-dd23f5b60a86@group-66EA1A40B3A7->a505560f-c589-4eb5-89aa-a89970ae9358-GrpcLogAppender: Timed out HEARTBEAT appendEntries, errorCount=27, request=AppendEntriesRequest:cid=6964,entriesCount=0
2025-07-14 15:01:13,839 [main] INFO  ozone.MiniOzoneClusterImpl (MiniOzoneClusterImpl.java:lambda$waitForHddsDatanodeToStop$3(312)) - Waiting on datanode to be marked stale.
2025-07-14 15:01:14,503 [grpc-default-executor-5] WARN  server.GrpcServerProtocolService (LogUtils.java:warn(129)) - a505560f-c589-4eb5-89aa-a89970ae9358: Failed APPEND_ENTRIES request 77d16558-8a68-4655-9235-107e22ba3c38->a505560f-c589-4eb5-89aa-a89970ae9358#48-t2,previous=(t:1, i:4),leaderCommit=6,initializing? false,entries: size=2, first=(t:2, i:5), CONFIGURATIONENTRY(current:id:"77d16558-8a68-4655-9235-107e22ba3c38"address:"127.0.0.1:15047"dataStreamAddress:"127.0.0.1:15048"clientAddress:"127.0.0.1:15045"adminAddress:"127.0.0.1:15046"startupRole:FOLLOWER, id:"52f0bf1a-a22c-4dfc-83f0-dd23f5b60a86"address:"127.0.0.1:15055"dataStreamAddress:"127.0.0.1:15056"clientAddress:"127.0.0.1:15053"adminAddress:"127.0.0.1:15054"startupRole:FOLLOWER, id:"a505560f-c589-4eb5-89aa-a89970ae9358"address:"127.0.0.1:15039"priority:1dataStreamAddress:"127.0.0.1:15040"clientAddress:"127.0.0.1:15037"adminAddress:"127.0.0.1:15038"startupRole:FOLLOWER, old:)
java.util.concurrent.CompletionException: org.apache.ratis.protocol.exceptions.GroupMismatchException: a505560f-c589-4eb5-89aa-a89970ae9358: group-B771F555DC8D not found.
	at java.base/java.util.concurrent.CompletableFuture.encodeThrowable(CompletableFuture.java:332)
	at java.base/java.util.concurrent.CompletableFuture.uniComposeStage(CompletableFuture.java:1177)
	at java.base/java.util.concurrent.CompletableFuture.thenCompose(CompletableFuture.java:2341)
	at org.apache.ratis.server.impl.RaftServerProxy.appendEntriesAsync(RaftServerProxy.java:651)
	at org.apache.ratis.grpc.server.GrpcServerProtocolService$1.process(GrpcServerProtocolService.java:245)
	at org.apache.ratis.grpc.server.GrpcServerProtocolService$1.process(GrpcServerProtocolService.java:242)
	at org.apache.ratis.grpc.server.GrpcServerProtocolService$ServerRequestStreamObserver.onNext(GrpcServerProtocolService.java:150)
	at org.apache.ratis.thirdparty.io.grpc.stub.ServerCalls$StreamingServerCallHandler$StreamingServerCallListener.onMessage(ServerCalls.java:262)
	at org.apache.ratis.thirdparty.io.grpc.internal.ServerCallImpl$ServerStreamListenerImpl.messagesAvailableInternal(ServerCallImpl.java:334)
	at org.apache.ratis.thirdparty.io.grpc.internal.ServerCallImpl$ServerStreamListenerImpl.messagesAvailable(ServerCallImpl.java:319)
	at org.apache.ratis.thirdparty.io.grpc.internal.ServerImpl$JumpToApplicationThreadServerStreamListener$1MessagesAvailable.runInContext(ServerImpl.java:834)
	at org.apache.ratis.thirdparty.io.grpc.internal.ContextRunnable.run(ContextRunnable.java:37)
	at org.apache.ratis.thirdparty.io.grpc.internal.SerializingExecutor.run(SerializingExecutor.java:133)
	at java.base/java.util.concurrent.ThreadPoolExecutor.runWorker(ThreadPoolExecutor.java:1144)
	at java.base/java.util.concurrent.ThreadPoolExecutor$Worker.run(ThreadPoolExecutor.java:642)
	at java.base/java.lang.Thread.run(Thread.java:1583)
Caused by: org.apache.ratis.protocol.exceptions.GroupMismatchException: a505560f-c589-4eb5-89aa-a89970ae9358: group-B771F555DC8D not found.
	at org.apache.ratis.server.impl.RaftServerProxy$ImplMap.get(RaftServerProxy.java:160)
	at org.apache.ratis.server.impl.RaftServerProxy.getImplFuture(RaftServerProxy.java:370)
	at org.apache.ratis.server.impl.RaftServerProxy.appendEntriesAsync(RaftServerProxy.java:650)
	... 12 more
2025-07-14 15:01:14,504 [grpc-default-executor-5] INFO  leader.LogAppender (LogAppenderBase.java:lambda$getNextIndexForError$0(215)) - Decrease nextIndex to 5
2025-07-14 15:01:14,504 [grpc-default-executor-5] INFO  leader.LogAppender (LogAppenderBase.java:lambda$getNextIndexForError$0(215)) - Decrease nextIndex to 5
2025-07-14 15:01:14,504 [grpc-default-executor-5] INFO  leader.FollowerInfo (FollowerInfoImpl.java:info(70)) - 77d16558-8a68-4655-9235-107e22ba3c38@group-B771F555DC8D->a505560f-c589-4eb5-89aa-a89970ae9358: computeNextIndex nextIndex: updateUnconditionally 7 -> 5
2025-07-14 15:01:14,840 [main] INFO  ozone.MiniOzoneClusterImpl (MiniOzoneClusterImpl.java:lambda$waitForHddsDatanodeToStop$3(312)) - Waiting on datanode to be marked stale.
2025-07-14 15:01:15,772 [timer7] WARN  server.GrpcLogAppender (GrpcLogAppender.java:timeoutAppendRequest(448)) - 52f0bf1a-a22c-4dfc-83f0-dd23f5b60a86@group-66EA1A40B3A7->a505560f-c589-4eb5-89aa-a89970ae9358-GrpcLogAppender: Timed out HEARTBEAT appendEntries, errorCount=28, request=AppendEntriesRequest:cid=6965,entriesCount=0
2025-07-14 15:01:15,840 [main] INFO  ozone.MiniOzoneClusterImpl (MiniOzoneClusterImpl.java:lambda$waitForHddsDatanodeToStop$3(312)) - Waiting on datanode to be marked stale.
2025-07-14 15:01:16,143 [grpc-default-executor-5] WARN  server.GrpcServerProtocolService (LogUtils.java:warn(129)) - a505560f-c589-4eb5-89aa-a89970ae9358: Failed APPEND_ENTRIES request 77d16558-8a68-4655-9235-107e22ba3c38->a505560f-c589-4eb5-89aa-a89970ae9358#50-t2,previous=(t:1, i:4),leaderCommit=6,initializing? false,entries: size=2, first=(t:2, i:5), CONFIGURATIONENTRY(current:id:"77d16558-8a68-4655-9235-107e22ba3c38"address:"127.0.0.1:15047"dataStreamAddress:"127.0.0.1:15048"clientAddress:"127.0.0.1:15045"adminAddress:"127.0.0.1:15046"startupRole:FOLLOWER, id:"52f0bf1a-a22c-4dfc-83f0-dd23f5b60a86"address:"127.0.0.1:15055"dataStreamAddress:"127.0.0.1:15056"clientAddress:"127.0.0.1:15053"adminAddress:"127.0.0.1:15054"startupRole:FOLLOWER, id:"a505560f-c589-4eb5-89aa-a89970ae9358"address:"127.0.0.1:15039"priority:1dataStreamAddress:"127.0.0.1:15040"clientAddress:"127.0.0.1:15037"adminAddress:"127.0.0.1:15038"startupRole:FOLLOWER, old:)
java.util.concurrent.CompletionException: org.apache.ratis.protocol.exceptions.GroupMismatchException: a505560f-c589-4eb5-89aa-a89970ae9358: group-B771F555DC8D not found.
	at java.base/java.util.concurrent.CompletableFuture.encodeThrowable(CompletableFuture.java:332)
	at java.base/java.util.concurrent.CompletableFuture.uniComposeStage(CompletableFuture.java:1177)
	at java.base/java.util.concurrent.CompletableFuture.thenCompose(CompletableFuture.java:2341)
	at org.apache.ratis.server.impl.RaftServerProxy.appendEntriesAsync(RaftServerProxy.java:651)
	at org.apache.ratis.grpc.server.GrpcServerProtocolService$1.process(GrpcServerProtocolService.java:245)
	at org.apache.ratis.grpc.server.GrpcServerProtocolService$1.process(GrpcServerProtocolService.java:242)
	at org.apache.ratis.grpc.server.GrpcServerProtocolService$ServerRequestStreamObserver.onNext(GrpcServerProtocolService.java:150)
	at org.apache.ratis.thirdparty.io.grpc.stub.ServerCalls$StreamingServerCallHandler$StreamingServerCallListener.onMessage(ServerCalls.java:262)
	at org.apache.ratis.thirdparty.io.grpc.internal.ServerCallImpl$ServerStreamListenerImpl.messagesAvailableInternal(ServerCallImpl.java:334)
	at org.apache.ratis.thirdparty.io.grpc.internal.ServerCallImpl$ServerStreamListenerImpl.messagesAvailable(ServerCallImpl.java:319)
	at org.apache.ratis.thirdparty.io.grpc.internal.ServerImpl$JumpToApplicationThreadServerStreamListener$1MessagesAvailable.runInContext(ServerImpl.java:834)
	at org.apache.ratis.thirdparty.io.grpc.internal.ContextRunnable.run(ContextRunnable.java:37)
	at org.apache.ratis.thirdparty.io.grpc.internal.SerializingExecutor.run(SerializingExecutor.java:133)
	at java.base/java.util.concurrent.ThreadPoolExecutor.runWorker(ThreadPoolExecutor.java:1144)
	at java.base/java.util.concurrent.ThreadPoolExecutor$Worker.run(ThreadPoolExecutor.java:642)
	at java.base/java.lang.Thread.run(Thread.java:1583)
Caused by: org.apache.ratis.protocol.exceptions.GroupMismatchException: a505560f-c589-4eb5-89aa-a89970ae9358: group-B771F555DC8D not found.
	at org.apache.ratis.server.impl.RaftServerProxy$ImplMap.get(RaftServerProxy.java:160)
	at org.apache.ratis.server.impl.RaftServerProxy.getImplFuture(RaftServerProxy.java:370)
	at org.apache.ratis.server.impl.RaftServerProxy.appendEntriesAsync(RaftServerProxy.java:650)
	... 12 more
2025-07-14 15:01:16,144 [grpc-default-executor-5] INFO  leader.LogAppender (LogAppenderBase.java:lambda$getNextIndexForError$0(215)) - Decrease nextIndex to 5
2025-07-14 15:01:16,144 [grpc-default-executor-5] INFO  leader.LogAppender (LogAppenderBase.java:lambda$getNextIndexForError$0(215)) - Decrease nextIndex to 5
2025-07-14 15:01:16,144 [grpc-default-executor-5] INFO  leader.FollowerInfo (FollowerInfoImpl.java:info(70)) - 77d16558-8a68-4655-9235-107e22ba3c38@group-B771F555DC8D->a505560f-c589-4eb5-89aa-a89970ae9358: computeNextIndex nextIndex: updateUnconditionally 7 -> 5
2025-07-14 15:01:16,159 [timer2] WARN  server.GrpcLogAppender (LogUtils.java:warn(127)) - 9eae2efb-1df6-4ce6-ae9d-8504348dafa1@group-EABB3B9FB711->ac481237-f71e-4eeb-9120-a6c52bf83f13-AppendLogResponseHandler: Failed appendEntries (Repeated 6 times in the last 5.001s): org.apache.ratis.thirdparty.io.grpc.StatusRuntimeException: UNAVAILABLE: io exception
  Caused by: org.apache.ratis.thirdparty.io.netty.channel.AbstractChannel$AnnotatedConnectException: finishConnect(..) failed: Connection refused: /127.0.0.1:15063
  Caused by: java.net.ConnectException: finishConnect(..) failed: Connection refused
2025-07-14 15:01:16,159 [timer3] WARN  server.GrpcLogAppender (GrpcLogAppender.java:lambda$resetClient$1(228)) - 9eae2efb-1df6-4ce6-ae9d-8504348dafa1@group-EABB3B9FB711->ac481237-f71e-4eeb-9120-a6c52bf83f13-GrpcLogAppender: Follower failed (request=null, errorCount=32); keep nextIndex (3) unchanged and retry. (Repeated 6 times in the last 5.001s)
2025-07-14 15:01:16,840 [main] INFO  ozone.MiniOzoneClusterImpl (MiniOzoneClusterImpl.java:lambda$waitForHddsDatanodeToStop$3(312)) - Waiting on datanode to be marked stale.
2025-07-14 15:01:16,992 [grpc-default-executor-5] WARN  server.GrpcLogAppender (LogUtils.java:warn(127)) - 9eae2efb-1df6-4ce6-ae9d-8504348dafa1@group-EABB3B9FB711->ac481237-f71e-4eeb-9120-a6c52bf83f13-AppendLogResponseHandler: Failed appendEntries: org.apache.ratis.thirdparty.io.grpc.StatusRuntimeException: UNAVAILABLE: io exception
  Caused by: org.apache.ratis.thirdparty.io.netty.channel.AbstractChannel$AnnotatedConnectException: finishConnect(..) failed: Connection refused: /127.0.0.1:15063
  Caused by: java.net.ConnectException: finishConnect(..) failed: Connection refused
2025-07-14 15:01:16,993 [grpc-default-executor-4] WARN  server.GrpcLogAppender (GrpcLogAppender.java:lambda$resetClient$1(228)) - 9eae2efb-1df6-4ce6-ae9d-8504348dafa1@group-EABB3B9FB711->ac481237-f71e-4eeb-9120-a6c52bf83f13-GrpcLogAppender: Follower failed (request=null, errorCount=33); keep nextIndex (3) unchanged and retry.
2025-07-14 15:01:17,051 [timer0] WARN  server.GrpcLogAppender (LogUtils.java:warn(127)) - 9eae2efb-1df6-4ce6-ae9d-8504348dafa1@group-1AEBB7792E6D->ac481237-f71e-4eeb-9120-a6c52bf83f13-AppendLogResponseHandler: Failed appendEntries (Repeated 2 times in the last 5.000s): org.apache.ratis.thirdparty.io.grpc.StatusRuntimeException: UNAVAILABLE: io exception
  Caused by: org.apache.ratis.thirdparty.io.netty.channel.AbstractChannel$AnnotatedConnectException: finishConnect(..) failed: Connection refused: /127.0.0.1:15063
  Caused by: java.net.ConnectException: finishConnect(..) failed: Connection refused
2025-07-14 15:01:17,052 [timer1] WARN  server.GrpcLogAppender (GrpcLogAppender.java:lambda$resetClient$1(228)) - 9eae2efb-1df6-4ce6-ae9d-8504348dafa1@group-1AEBB7792E6D->ac481237-f71e-4eeb-9120-a6c52bf83f13-GrpcLogAppender: Follower failed (request=null, errorCount=32); keep nextIndex (1) unchanged and retry. (Repeated 2 times in the last 5.000s)
2025-07-14 15:01:17,307 [timer3] WARN  server.GrpcLogAppender (LogUtils.java:warn(129)) - 77d16558-8a68-4655-9235-107e22ba3c38@group-B771F555DC8D->a505560f-c589-4eb5-89aa-a89970ae9358-AppendLogResponseHandler: Failed appendEntries (Repeated 3 times in the last 5.000s)
org.apache.ratis.protocol.exceptions.GroupMismatchException: a505560f-c589-4eb5-89aa-a89970ae9358: group-B771F555DC8D not found.
	at org.apache.ratis.server.impl.RaftServerProxy$ImplMap.get(RaftServerProxy.java:160)
	at org.apache.ratis.server.impl.RaftServerProxy.getImplFuture(RaftServerProxy.java:370)
	at org.apache.ratis.server.impl.RaftServerProxy.appendEntriesAsync(RaftServerProxy.java:650)
	at org.apache.ratis.grpc.server.GrpcServerProtocolService$1.process(GrpcServerProtocolService.java:245)
	at org.apache.ratis.grpc.server.GrpcServerProtocolService$1.process(GrpcServerProtocolService.java:242)
	at org.apache.ratis.grpc.server.GrpcServerProtocolService$ServerRequestStreamObserver.onNext(GrpcServerProtocolService.java:150)
	at org.apache.ratis.thirdparty.io.grpc.stub.ServerCalls$StreamingServerCallHandler$StreamingServerCallListener.onMessage(ServerCalls.java:262)
	at org.apache.ratis.thirdparty.io.grpc.internal.ServerCallImpl$ServerStreamListenerImpl.messagesAvailableInternal(ServerCallImpl.java:334)
	at org.apache.ratis.thirdparty.io.grpc.internal.ServerCallImpl$ServerStreamListenerImpl.messagesAvailable(ServerCallImpl.java:319)
	at org.apache.ratis.thirdparty.io.grpc.internal.ServerImpl$JumpToApplicationThreadServerStreamListener$1MessagesAvailable.runInContext(ServerImpl.java:834)
	at org.apache.ratis.thirdparty.io.grpc.internal.ContextRunnable.run(ContextRunnable.java:37)
	at org.apache.ratis.thirdparty.io.grpc.internal.SerializingExecutor.run(SerializingExecutor.java:133)
	at java.base/java.util.concurrent.ThreadPoolExecutor.runWorker(ThreadPoolExecutor.java:1144)
	at java.base/java.util.concurrent.ThreadPoolExecutor$Worker.run(ThreadPoolExecutor.java:642)
	at java.base/java.lang.Thread.run(Thread.java:1583)
2025-07-14 15:01:17,351 [grpc-default-executor-4] WARN  server.GrpcLogAppender (LogUtils.java:warn(127)) - 9eae2efb-1df6-4ce6-ae9d-8504348dafa1@group-1AEBB7792E6D->ac481237-f71e-4eeb-9120-a6c52bf83f13-AppendLogResponseHandler: Failed appendEntries: org.apache.ratis.thirdparty.io.grpc.StatusRuntimeException: UNAVAILABLE: io exception
  Caused by: org.apache.ratis.thirdparty.io.netty.channel.AbstractChannel$AnnotatedConnectException: finishConnect(..) failed: Connection refused: /127.0.0.1:15063
  Caused by: java.net.ConnectException: finishConnect(..) failed: Connection refused
2025-07-14 15:01:17,351 [grpc-default-executor-5] WARN  server.GrpcLogAppender (GrpcLogAppender.java:lambda$resetClient$1(228)) - 9eae2efb-1df6-4ce6-ae9d-8504348dafa1@group-1AEBB7792E6D->ac481237-f71e-4eeb-9120-a6c52bf83f13-GrpcLogAppender: Follower failed (request=null, errorCount=33); keep nextIndex (1) unchanged and retry.
2025-07-14 15:01:17,817 [grpc-default-executor-4] WARN  server.GrpcServerProtocolService (LogUtils.java:warn(129)) - a505560f-c589-4eb5-89aa-a89970ae9358: Failed APPEND_ENTRIES request 77d16558-8a68-4655-9235-107e22ba3c38->a505560f-c589-4eb5-89aa-a89970ae9358#52-t2,previous=(t:1, i:4),leaderCommit=6,initializing? false,entries: size=2, first=(t:2, i:5), CONFIGURATIONENTRY(current:id:"77d16558-8a68-4655-9235-107e22ba3c38"address:"127.0.0.1:15047"dataStreamAddress:"127.0.0.1:15048"clientAddress:"127.0.0.1:15045"adminAddress:"127.0.0.1:15046"startupRole:FOLLOWER, id:"52f0bf1a-a22c-4dfc-83f0-dd23f5b60a86"address:"127.0.0.1:15055"dataStreamAddress:"127.0.0.1:15056"clientAddress:"127.0.0.1:15053"adminAddress:"127.0.0.1:15054"startupRole:FOLLOWER, id:"a505560f-c589-4eb5-89aa-a89970ae9358"address:"127.0.0.1:15039"priority:1dataStreamAddress:"127.0.0.1:15040"clientAddress:"127.0.0.1:15037"adminAddress:"127.0.0.1:15038"startupRole:FOLLOWER, old:)
java.util.concurrent.CompletionException: org.apache.ratis.protocol.exceptions.GroupMismatchException: a505560f-c589-4eb5-89aa-a89970ae9358: group-B771F555DC8D not found.
	at java.base/java.util.concurrent.CompletableFuture.encodeThrowable(CompletableFuture.java:332)
	at java.base/java.util.concurrent.CompletableFuture.uniComposeStage(CompletableFuture.java:1177)
	at java.base/java.util.concurrent.CompletableFuture.thenCompose(CompletableFuture.java:2341)
	at org.apache.ratis.server.impl.RaftServerProxy.appendEntriesAsync(RaftServerProxy.java:651)
	at org.apache.ratis.grpc.server.GrpcServerProtocolService$1.process(GrpcServerProtocolService.java:245)
	at org.apache.ratis.grpc.server.GrpcServerProtocolService$1.process(GrpcServerProtocolService.java:242)
	at org.apache.ratis.grpc.server.GrpcServerProtocolService$ServerRequestStreamObserver.onNext(GrpcServerProtocolService.java:150)
	at org.apache.ratis.thirdparty.io.grpc.stub.ServerCalls$StreamingServerCallHandler$StreamingServerCallListener.onMessage(ServerCalls.java:262)
	at org.apache.ratis.thirdparty.io.grpc.internal.ServerCallImpl$ServerStreamListenerImpl.messagesAvailableInternal(ServerCallImpl.java:334)
	at org.apache.ratis.thirdparty.io.grpc.internal.ServerCallImpl$ServerStreamListenerImpl.messagesAvailable(ServerCallImpl.java:319)
	at org.apache.ratis.thirdparty.io.grpc.internal.ServerImpl$JumpToApplicationThreadServerStreamListener$1MessagesAvailable.runInContext(ServerImpl.java:834)
	at org.apache.ratis.thirdparty.io.grpc.internal.ContextRunnable.run(ContextRunnable.java:37)
	at org.apache.ratis.thirdparty.io.grpc.internal.SerializingExecutor.run(SerializingExecutor.java:133)
	at java.base/java.util.concurrent.ThreadPoolExecutor.runWorker(ThreadPoolExecutor.java:1144)
	at java.base/java.util.concurrent.ThreadPoolExecutor$Worker.run(ThreadPoolExecutor.java:642)
	at java.base/java.lang.Thread.run(Thread.java:1583)
Caused by: org.apache.ratis.protocol.exceptions.GroupMismatchException: a505560f-c589-4eb5-89aa-a89970ae9358: group-B771F555DC8D not found.
	at org.apache.ratis.server.impl.RaftServerProxy$ImplMap.get(RaftServerProxy.java:160)
	at org.apache.ratis.server.impl.RaftServerProxy.getImplFuture(RaftServerProxy.java:370)
	at org.apache.ratis.server.impl.RaftServerProxy.appendEntriesAsync(RaftServerProxy.java:650)
	... 12 more
2025-07-14 15:01:17,819 [grpc-default-executor-4] WARN  server.GrpcLogAppender (LogUtils.java:warn(129)) - 77d16558-8a68-4655-9235-107e22ba3c38@group-B771F555DC8D->a505560f-c589-4eb5-89aa-a89970ae9358-AppendLogResponseHandler: Failed appendEntries
org.apache.ratis.protocol.exceptions.GroupMismatchException: a505560f-c589-4eb5-89aa-a89970ae9358: group-B771F555DC8D not found.
	at org.apache.ratis.server.impl.RaftServerProxy$ImplMap.get(RaftServerProxy.java:160)
	at org.apache.ratis.server.impl.RaftServerProxy.getImplFuture(RaftServerProxy.java:370)
	at org.apache.ratis.server.impl.RaftServerProxy.appendEntriesAsync(RaftServerProxy.java:650)
	at org.apache.ratis.grpc.server.GrpcServerProtocolService$1.process(GrpcServerProtocolService.java:245)
	at org.apache.ratis.grpc.server.GrpcServerProtocolService$1.process(GrpcServerProtocolService.java:242)
	at org.apache.ratis.grpc.server.GrpcServerProtocolService$ServerRequestStreamObserver.onNext(GrpcServerProtocolService.java:150)
	at org.apache.ratis.thirdparty.io.grpc.stub.ServerCalls$StreamingServerCallHandler$StreamingServerCallListener.onMessage(ServerCalls.java:262)
	at org.apache.ratis.thirdparty.io.grpc.internal.ServerCallImpl$ServerStreamListenerImpl.messagesAvailableInternal(ServerCallImpl.java:334)
	at org.apache.ratis.thirdparty.io.grpc.internal.ServerCallImpl$ServerStreamListenerImpl.messagesAvailable(ServerCallImpl.java:319)
	at org.apache.ratis.thirdparty.io.grpc.internal.ServerImpl$JumpToApplicationThreadServerStreamListener$1MessagesAvailable.runInContext(ServerImpl.java:834)
	at org.apache.ratis.thirdparty.io.grpc.internal.ContextRunnable.run(ContextRunnable.java:37)
	at org.apache.ratis.thirdparty.io.grpc.internal.SerializingExecutor.run(SerializingExecutor.java:133)
	at java.base/java.util.concurrent.ThreadPoolExecutor.runWorker(ThreadPoolExecutor.java:1144)
	at java.base/java.util.concurrent.ThreadPoolExecutor$Worker.run(ThreadPoolExecutor.java:642)
	at java.base/java.lang.Thread.run(Thread.java:1583)
2025-07-14 15:01:17,819 [grpc-default-executor-4] INFO  leader.LogAppender (LogAppenderBase.java:lambda$getNextIndexForError$0(215)) - Decrease nextIndex to 5
2025-07-14 15:01:17,819 [grpc-default-executor-4] INFO  leader.LogAppender (LogAppenderBase.java:lambda$getNextIndexForError$0(215)) - Decrease nextIndex to 5
2025-07-14 15:01:17,819 [grpc-default-executor-4] INFO  leader.FollowerInfo (FollowerInfoImpl.java:info(70)) - 77d16558-8a68-4655-9235-107e22ba3c38@group-B771F555DC8D->a505560f-c589-4eb5-89aa-a89970ae9358: computeNextIndex nextIndex: updateUnconditionally 7 -> 5
2025-07-14 15:01:17,840 [main] INFO  ozone.MiniOzoneClusterImpl (MiniOzoneClusterImpl.java:lambda$waitForHddsDatanodeToStop$3(312)) - Waiting on datanode to be marked stale.
2025-07-14 15:01:18,268 [timer5] WARN  server.GrpcLogAppender (GrpcLogAppender.java:timeoutAppendRequest(448)) - 52f0bf1a-a22c-4dfc-83f0-dd23f5b60a86@group-66EA1A40B3A7->a505560f-c589-4eb5-89aa-a89970ae9358-GrpcLogAppender: Timed out HEARTBEAT appendEntries, errorCount=29, request=AppendEntriesRequest:cid=6966,entriesCount=0
2025-07-14 15:01:18,841 [main] INFO  ozone.MiniOzoneClusterImpl (MiniOzoneClusterImpl.java:lambda$waitForHddsDatanodeToStop$3(312)) - Waiting on datanode to be marked stale.
2025-07-14 15:01:19,841 [main] INFO  ozone.MiniOzoneClusterImpl (MiniOzoneClusterImpl.java:lambda$waitForHddsDatanodeToStop$3(312)) - Waiting on datanode to be marked stale.
2025-07-14 15:01:20,145 [EventQueue-StaleNodeForStaleNodeHandler] INFO  node.StaleNodeHandler (StaleNodeHandler.java:onMessage(51)) - Datanode ac481237-f71e-4eeb-9120-a6c52bf83f13(localhost/127.0.0.1) moved to stale state. Finalizing its pipelines [Pipeline-2a96270d-5a4d-4083-9a90-eabb3b9fb711, Pipeline-9b2abbda-a599-4d5c-9f68-1aebb7792e6d]
2025-07-14 15:01:20,148 [EventQueue-StaleNodeForStaleNodeHandler] INFO  pipeline.PipelineManagerImpl (PipelineManagerImpl.java:closePipeline(511)) - Pipeline Pipeline-2a96270d-5a4d-4083-9a90-eabb3b9fb711 moved to CLOSED state
2025-07-14 15:01:20,149 [EventQueue-StaleNodeForStaleNodeHandler] INFO  pipeline.PipelineManagerImpl (PipelineManagerImpl.java:closePipeline(511)) - Pipeline Pipeline-9b2abbda-a599-4d5c-9f68-1aebb7792e6d moved to CLOSED state
2025-07-14 15:01:20,729 [timer2] WARN  server.GrpcLogAppender (GrpcLogAppender.java:timeoutAppendRequest(448)) - 52f0bf1a-a22c-4dfc-83f0-dd23f5b60a86@group-66EA1A40B3A7->a505560f-c589-4eb5-89aa-a89970ae9358-GrpcLogAppender: Timed out HEARTBEAT appendEntries, errorCount=30, request=AppendEntriesRequest:cid=6967,entriesCount=0
2025-07-14 15:01:20,843 [main] WARN  dropwizard3.Dm3MetricRegistriesImpl (Dm3MetricRegistriesImpl.java:addReporterRegistration(114)) - New reporters are added after registries were created. Some metrics will be missing from the reporter. Please add reporter before adding any new registry.
2025-07-14 15:01:20,843 [main] WARN  dropwizard3.Dm3MetricRegistriesImpl (Dm3MetricRegistriesImpl.java:addReporterRegistration(114)) - New reporters are added after registries were created. Some metrics will be missing from the reporter. Please add reporter before adding any new registry.
2025-07-14 15:01:20,843 [main] INFO  impl.MetricsSystemImpl (MetricsSystemImpl.java:init(158)) - HddsDatanode metrics system started (again)
2025-07-14 15:01:20,864 [main] INFO  ozone.HddsDatanodeService (HddsDatanodeService.java:start(236)) - HddsDatanodeService ac481237-f71e-4eeb-9120-a6c52bf83f13(localhost/127.0.0.1)
2025-07-14 15:01:20,865 [main] INFO  upgrade.AbstractLayoutVersionManager (AbstractLayoutVersionManager.java:init(80)) - Initializing Layout version manager with metadata layout = HBASE_SUPPORT (version = 8), software layout = HBASE_SUPPORT (version = 8)
2025-07-14 15:01:20,866 [main] INFO  statemachine.DatanodeStateMachine (DatanodeStateMachine.java:getEndPointTaskThreadPoolSize(305)) - Datanode State Machine Task Thread Pool size 2
2025-07-14 15:01:20,868 [main] INFO  volume.HddsVolume (HddsVolume.java:<init>(162)) - HddsVolume: { id=DS-1c5aa974-0cec-494d-9938-8270a4c20b72 dir=/home/runner/work/ozone/ozone/hadoop-ozone/integration-test/target/test-dir/MiniOzoneClusterImpl-aaa7dc72-7fbf-48e0-acc5-129182712624/ozone-meta/datanode-7/data-0/hdds type=DISK capacity=9222449699674390527 used=0 available=9222449699674390527 minFree=9222450130714624 committed=0 }
2025-07-14 15:01:20,868 [main] INFO  volume.MutableVolumeSet (MutableVolumeSet.java:initializeVolumeSet(167)) - Added Volume : /home/runner/work/ozone/ozone/hadoop-ozone/integration-test/target/test-dir/MiniOzoneClusterImpl-aaa7dc72-7fbf-48e0-acc5-129182712624/ozone-meta/datanode-7/data-0/hdds to VolumeSet
2025-07-14 15:01:20,869 [main] INFO  volume.MutableVolumeSet (MutableVolumeSet.java:initializeVolumeSet(167)) - Added Volume : /home/runner/work/ozone/ozone/hadoop-ozone/integration-test/target/test-dir/MiniOzoneClusterImpl-aaa7dc72-7fbf-48e0-acc5-129182712624/ozone-meta/datanode-7/ratis2f800b45-45bc-45dc-b6ff-7f8e692838a6 to VolumeSet
2025-07-14 15:01:20,892 [ForkJoinPool.commonPool-worker-1] INFO  utils.DatanodeStoreCache (DatanodeStoreCache.java:addDB(70)) - Added db /home/runner/work/ozone/ozone/hadoop-ozone/integration-test/target/test-dir/MiniOzoneClusterImpl-aaa7dc72-7fbf-48e0-acc5-129182712624/ozone-meta/datanode-7/data-0/hdds/aaa7dc72-7fbf-48e0-acc5-129182712624/DS-1c5aa974-0cec-494d-9938-8270a4c20b72/container.db to cache
2025-07-14 15:01:20,892 [ForkJoinPool.commonPool-worker-1] INFO  volume.HddsVolume (HddsVolume.java:loadDbStore(516)) - SchemaV3 db is loaded at /home/runner/work/ozone/ozone/hadoop-ozone/integration-test/target/test-dir/MiniOzoneClusterImpl-aaa7dc72-7fbf-48e0-acc5-129182712624/ozone-meta/datanode-7/data-0/hdds/aaa7dc72-7fbf-48e0-acc5-129182712624/DS-1c5aa974-0cec-494d-9938-8270a4c20b72/container.db for volume DS-1c5aa974-0cec-494d-9938-8270a4c20b72
2025-07-14 15:01:20,892 [main] INFO  ozoneimpl.OzoneContainer (HddsVolumeUtil.java:loadAllHddsVolumeDbStore(102)) - Load 1 volumes DbStore cost: 22ms
2025-07-14 15:01:20,892 [main] WARN  db.DBStoreBuilder (DBStoreBuilder.java:getDBDirPath(158)) - ozone.scm.datanode.id.dir is not configured. We recommend adding this setting. Falling back to ozone.metadata.dirs instead.
2025-07-14 15:01:20,893 [main] WARN  db.DBStoreBuilder (DBStoreBuilder.java:getDBDirPath(158)) - ozone.scm.datanode.id.dir is not configured. We recommend adding this setting. Falling back to ozone.metadata.dirs instead.
2025-07-14 15:01:20,906 [main] INFO  impl.FilePerChunkStrategy (FilePerChunkStrategy.java:<init>(79)) - ozone.chunk.read.mapped.buffer.max.count is load with 0
2025-07-14 15:01:20,907 [main] INFO  impl.FilePerBlockStrategy (FilePerBlockStrategy.java:<init>(88)) - ozone.chunk.read.mapped.buffer.max.count is load with 0
2025-07-14 15:01:20,907 [main] INFO  server.RaftServerConfigKeys (ConfUtils.java:logGet(62)) - raft.server.log.appender.buffer.byte-limit = 33554432 (custom)
2025-07-14 15:01:20,908 [main] INFO  grpc.GrpcConfigKeys (ConfUtils.java:logFallback(69)) - raft.grpc.admin.host = null (fallback to raft.grpc.server.host)
2025-07-14 15:01:20,909 [main] INFO  grpc.GrpcConfigKeys (ConfUtils.java:logGet(62)) - raft.grpc.admin.port = 15062 (custom)
2025-07-14 15:01:20,909 [main] INFO  grpc.GrpcConfigKeys (ConfUtils.java:logFallback(69)) - raft.grpc.client.host = null (fallback to raft.grpc.server.host)
2025-07-14 15:01:20,909 [main] INFO  grpc.GrpcConfigKeys (ConfUtils.java:logGet(62)) - raft.grpc.client.port = 15061 (custom)
2025-07-14 15:01:20,909 [main] INFO  grpc.GrpcConfigKeys (ConfUtils.java:logGet(62)) - raft.grpc.server.port = 15063 (custom)
2025-07-14 15:01:20,909 [main] INFO  server.GrpcServicesImpl (ConfUtils.java:logGet(62)) - raft.grpc.message.size.max = 34603008 (custom)
2025-07-14 15:01:20,909 [main] INFO  server.GrpcServicesImpl (ConfUtils.java:logGet(62)) - raft.grpc.flow.control.window = 5MB (=5242880) (custom)
2025-07-14 15:01:20,909 [main] INFO  server.RaftServerConfigKeys (ConfUtils.java:logGet(62)) - raft.server.log.appender.buffer.byte-limit = 33554432 (custom)
2025-07-14 15:01:20,911 [main] INFO  netty.NettyUtils (NettyUtils.java:newEventLoopGroup(74)) - Create EpollEventLoopGroup for ac481237-f71e-4eeb-9120-a6c52bf83f13-NettyServerStreamRpc-bossGroup; Thread size is 0.
2025-07-14 15:01:20,911 [main] INFO  netty.NettyUtils (NettyUtils.java:newEventLoopGroup(74)) - Create EpollEventLoopGroup for ac481237-f71e-4eeb-9120-a6c52bf83f13-NettyServerStreamRpc-workerGroup; Thread size is 0.
2025-07-14 15:01:20,912 [main] INFO  netty.NettyConfigKeys$DataStream (ConfUtils.java:logGet(62)) - raft.netty.dataStream.port = 15064 (custom)
2025-07-14 15:01:20,912 [main] INFO  server.RaftServerConfigKeys (ConfUtils.java:logGet(62)) - raft.server.storage.dir = [/home/runner/work/ozone/ozone/hadoop-ozone/integration-test/target/test-dir/MiniOzoneClusterImpl-aaa7dc72-7fbf-48e0-acc5-129182712624/ozone-meta/datanode-7/ratis2f800b45-45bc-45dc-b6ff-7f8e692838a6] (custom)
2025-07-14 15:01:20,913 [ac481237-f71e-4eeb-9120-a6c52bf83f13-NettyServerStreamRpc-bossGroup--thread1] INFO  logging.LoggingHandler (AbstractInternalLogger.java:log(148)) - [id: 0xf37484cb] REGISTERED
2025-07-14 15:01:20,913 [ac481237-f71e-4eeb-9120-a6c52bf83f13-NettyServerStreamRpc-bossGroup--thread1] INFO  logging.LoggingHandler (AbstractInternalLogger.java:log(148)) - [id: 0xf37484cb] BIND: 0.0.0.0/0.0.0.0:15064
2025-07-14 15:01:20,914 [ac481237-f71e-4eeb-9120-a6c52bf83f13-NettyServerStreamRpc-bossGroup--thread1] INFO  logging.LoggingHandler (AbstractInternalLogger.java:log(148)) - [id: 0xf37484cb, L:/0.0.0.0:15064] ACTIVE
2025-07-14 15:01:20,914 [ac481237-f71e-4eeb-9120-a6c52bf83f13-impl-thread1] INFO  server.RaftServer (RaftServerProxy.java:initGroupDir(270)) - ac481237-f71e-4eeb-9120-a6c52bf83f13: found a subdirectory /home/runner/work/ozone/ozone/hadoop-ozone/integration-test/target/test-dir/MiniOzoneClusterImpl-aaa7dc72-7fbf-48e0-acc5-129182712624/ozone-meta/datanode-7/ratis2f800b45-45bc-45dc-b6ff-7f8e692838a6/tmp
2025-07-14 15:01:20,914 [ac481237-f71e-4eeb-9120-a6c52bf83f13-impl-thread1] INFO  server.RaftServer (RaftServerProxy.java:initGroupDir(275)) - ac481237-f71e-4eeb-9120-a6c52bf83f13: The directory /home/runner/work/ozone/ozone/hadoop-ozone/integration-test/target/test-dir/MiniOzoneClusterImpl-aaa7dc72-7fbf-48e0-acc5-129182712624/ozone-meta/datanode-7/ratis2f800b45-45bc-45dc-b6ff-7f8e692838a6/tmp is not a group directory; ignoring it. 
2025-07-14 15:01:20,914 [main] INFO  replication.ReplicationServer (ReplicationServer.java:<init>(84)) - Initializing replication server with thread count = 10 queue length = 4096
2025-07-14 15:01:20,915 [main] INFO  server.XceiverServerGrpc (XceiverServerGrpc.java:<init>(130)) - GrpcServer channel type EpollServerSocketChannel
2025-07-14 15:01:20,916 [main] INFO  replication.ReplicationSupervisor (ReplicationSupervisor.java:build(169)) - Initializing replication supervisor with thread count = 10
2025-07-14 15:01:20,916 [main] INFO  replication.ReplicationSupervisor (ReplicationSupervisor.java:nodeStateUpdated(358)) - Node state updated to IN_SERVICE, scaling executor pool size to 10
2025-07-14 15:01:20,919 [main] INFO  http.BaseHttpServer (BaseHttpServer.java:newHttpServer2BuilderForOzone(229)) - Starting Web-server for hddsDatanode at: http://0.0.0.0:15058
2025-07-14 15:01:20,919 [main] INFO  http.BaseHttpServer (BaseHttpServer.java:<init>(107)) - Hadoop Security Enabled: false Ozone Security Enabled: false Ozone HTTP Security Enabled: false 
2025-07-14 15:01:20,920 [main] WARN  server.AuthenticationFilter (AuthenticationFilter.java:constructSecretProvider(240)) - Unable to initialize FileSignerSecretProvider, falling back to use random secrets. Reason: Could not read signature secret file: /home/runner/hadoop-http-auth-signature-secret
2025-07-14 15:01:20,923 [main] INFO  http.HttpServer2 (HttpServer2.java:addGlobalFilter(1042)) - Added global filter 'safety' (class=org.apache.hadoop.hdds.server.http.HttpServer2$QuotingInputFilter)
2025-07-14 15:01:20,923 [main] INFO  http.HttpServer2 (HttpServer2.java:addFilter(1018)) - Added filter static_user_filter (class=org.apache.hadoop.http.lib.StaticUserWebFilter$StaticUserFilter) to context hddsDatanode
2025-07-14 15:01:20,924 [main] INFO  http.HttpServer2 (HttpServer2.java:addFilter(1026)) - Added filter static_user_filter (class=org.apache.hadoop.http.lib.StaticUserWebFilter$StaticUserFilter) to context static
2025-07-14 15:01:20,924 [main] INFO  http.HttpServer2 (HttpServer2.java:addFilter(1026)) - Added filter static_user_filter (class=org.apache.hadoop.http.lib.StaticUserWebFilter$StaticUserFilter) to context logs
2025-07-14 15:01:20,924 [main] INFO  http.BaseHttpServer (BaseHttpServer.java:<init>(195)) - HTTP server of hddsDatanode uses base directory /home/runner/work/ozone/ozone/hadoop-ozone/integration-test/target/test-dir/MiniOzoneClusterImpl-aaa7dc72-7fbf-48e0-acc5-129182712624/ozone-meta/datanode-7/meta/webserver
2025-07-14 15:01:20,924 [main] INFO  http.HttpServer2 (HttpServer2.java:bindListener(1242)) - Jetty bound to port 15058
2025-07-14 15:01:20,924 [main] INFO  server.Server (Server.java:doStart(375)) - jetty-9.4.57.v20241219; built: 2025-01-08T21:24:30.412Z; git: df524e6b29271c2e09ba9aea83c18dc9db464a31; jvm 21.0.7+6-LTS
2025-07-14 15:01:20,927 [main] INFO  server.session (DefaultSessionIdManager.java:doStart(334)) - DefaultSessionIdManager workerName=node0
2025-07-14 15:01:20,928 [main] INFO  server.session (DefaultSessionIdManager.java:doStart(339)) - No SessionScavenger set, using defaults
2025-07-14 15:01:20,928 [main] INFO  server.session (HouseKeeper.java:startScavenging(132)) - node0 Scavenging every 660000ms
2025-07-14 15:01:20,928 [main] INFO  handler.ContextHandler (ContextHandler.java:doStart(921)) - Started o.e.j.s.ServletContextHandler@4275ec8f{logs,/logs,file:///home/runner/work/ozone/ozone/hadoop-ozone/integration-test/target/log,AVAILABLE}
2025-07-14 15:01:20,929 [main] INFO  handler.ContextHandler (ContextHandler.java:doStart(921)) - Started o.e.j.s.ServletContextHandler@18adeae{static,/static,jar:file:/home/runner/work/ozone/ozone/hadoop-hdds/container-service/target/hdds-container-service-2.1.0-SNAPSHOT.jar!/webapps/static,AVAILABLE}
2025-07-14 15:01:21,111 [main] INFO  handler.ContextHandler (ContextHandler.java:doStart(921)) - Started o.e.j.w.WebAppContext@2913b17a{hddsDatanode,/,file:///home/runner/work/ozone/ozone/hadoop-ozone/integration-test/target/test-dir/MiniOzoneClusterImpl-aaa7dc72-7fbf-48e0-acc5-129182712624/ozone-meta/datanode-7/meta/webserver/jetty-0_0_0_0-15058-hdds-container-service-2_1_0-SNAPSHOT_jar-_-any-6669972396770879086/webapp/,AVAILABLE}{jar:file:/home/runner/work/ozone/ozone/hadoop-hdds/container-service/target/hdds-container-service-2.1.0-SNAPSHOT.jar!/webapps/hddsDatanode}
2025-07-14 15:01:21,113 [main] INFO  server.AbstractConnector (AbstractConnector.java:doStart(333)) - Started ServerConnector@77ecce1b{HTTP/1.1, (http/1.1)}{0.0.0.0:15058}
2025-07-14 15:01:21,113 [main] INFO  server.Server (Server.java:doStart(415)) - Started @90677ms
2025-07-14 15:01:21,113 [main] WARN  impl.MetricsSystemImpl (MetricsSystemImpl.java:register(279)) - Sink prometheus already exists!
2025-07-14 15:01:21,113 [main] INFO  http.BaseHttpServer (BaseHttpServer.java:updateConnectorAddress(359)) - HTTP server of hddsDatanode listening at http://localhost:15058
2025-07-14 15:01:21,114 [main] INFO  ipc.CallQueueManager (CallQueueManager.java:<init>(93)) - Using callQueue: class java.util.concurrent.LinkedBlockingQueue, queueCapacity: 1000, scheduler: class org.apache.hadoop.ipc.DefaultRpcScheduler, ipcBackoff: false, ipcFailOver: false.
2025-07-14 15:01:21,114 [main] INFO  ipc.Server (Server.java:<init>(1438)) - Listener at 0.0.0.0:15059
2025-07-14 15:01:21,115 [Socket Reader #1 for port 15059] INFO  ipc.Server (Server.java:run(1474)) - Starting Socket Reader #1 for port 15059
2025-07-14 15:01:21,115 [Socket Reader #2 for port 15059] INFO  ipc.Server (Server.java:run(1474)) - Starting Socket Reader #2 for port 15059
2025-07-14 15:01:21,115 [Socket Reader #3 for port 15059] INFO  ipc.Server (Server.java:run(1474)) - Starting Socket Reader #3 for port 15059
2025-07-14 15:01:21,116 [Socket Reader #4 for port 15059] INFO  ipc.Server (Server.java:run(1474)) - Starting Socket Reader #4 for port 15059
2025-07-14 15:01:21,116 [Socket Reader #5 for port 15059] INFO  ipc.Server (Server.java:run(1474)) - Starting Socket Reader #5 for port 15059
2025-07-14 15:01:21,116 [Socket Reader #6 for port 15059] INFO  ipc.Server (Server.java:run(1474)) - Starting Socket Reader #6 for port 15059
2025-07-14 15:01:21,117 [Socket Reader #7 for port 15059] INFO  ipc.Server (Server.java:run(1474)) - Starting Socket Reader #7 for port 15059
2025-07-14 15:01:21,118 [Socket Reader #8 for port 15059] INFO  ipc.Server (Server.java:run(1474)) - Starting Socket Reader #8 for port 15059
2025-07-14 15:01:21,118 [Socket Reader #9 for port 15059] INFO  ipc.Server (Server.java:run(1474)) - Starting Socket Reader #9 for port 15059
2025-07-14 15:01:21,119 [Socket Reader #10 for port 15059] INFO  ipc.Server (Server.java:run(1474)) - Starting Socket Reader #10 for port 15059
2025-07-14 15:01:21,122 [main] INFO  ozone.HddsDatanodeService (HddsDatanodeService.java:start(333)) - Datanode start with admins: [admin, runner]
2025-07-14 15:01:21,122 [main] INFO  ozone.HddsDatanodeClientProtocolServer (HddsDatanodeClientProtocolServer.java:start(76)) - RPC server for Client /0.0.0.0:15059
2025-07-14 15:01:21,122 [IPC Server listener on 15059] INFO  ipc.Server (Server.java:run(1553)) - IPC Server listener on 15059: starting
2025-07-14 15:01:21,122 [IPC Server Responder] INFO  ipc.Server (Server.java:run(1713)) - IPC Server Responder: starting
2025-07-14 15:01:21,124 [main] INFO  ozone.MiniOzoneClusterImpl (MiniOzoneClusterImpl.java:lambda$waitForClusterToBeReady$0(173)) - Waiting for nodes to be ready. Got 9 of 10 DN Heartbeats.
2025-07-14 15:01:21,124 [main] INFO  ozone.MiniOzoneClusterImpl (MiniOzoneClusterImpl.java:lambda$waitForClusterToBeReady$0(176)) - Cluster exits safe mode
2025-07-14 15:01:21,124 [main] INFO  ozone.MiniOzoneClusterImpl (MiniOzoneClusterImpl.java:lambda$waitForClusterToBeReady$0(178)) - SCM became leader
2025-07-14 15:01:21,125 [ac481237-f71e-4eeb-9120-a6c52bf83f13-DatanodeStateMachineDaemonThread] INFO  statemachine.DatanodeStateMachine (DatanodeStateMachine.java:startStateMachineThread(347)) - Ozone container server started.
2025-07-14 15:01:21,130 [ac481237-f71e-4eeb-9120-a6c52bf83f13-DatanodeStateMachineTaskThread-0] INFO  datanode.InitDatanodeState (InitDatanodeState.java:persistContainerDatanodeDetails(139)) - DatanodeDetails is persisted to /home/runner/work/ozone/ozone/hadoop-ozone/integration-test/target/test-dir/MiniOzoneClusterImpl-aaa7dc72-7fbf-48e0-acc5-129182712624/ozone-meta/datanode-7/meta/datanode.id
2025-07-14 15:01:21,629 [ac481237-f71e-4eeb-9120-a6c52bf83f13-ContainerReader-0] INFO  ozoneimpl.ContainerReader (ContainerReader.java:readVolume(144)) - Start to verify containers on volume /home/runner/work/ozone/ozone/hadoop-ozone/integration-test/target/test-dir/MiniOzoneClusterImpl-aaa7dc72-7fbf-48e0-acc5-129182712624/ozone-meta/datanode-7/data-0/hdds
2025-07-14 15:01:21,632 [ac481237-f71e-4eeb-9120-a6c52bf83f13-ContainerReader-0] WARN  helpers.KeyValueContainerUtil (KeyValueContainerUtil.java:populateContainerMetadata(323)) - Missing pendingDeleteBlockCount from metadata: recalculate them from block table
2025-07-14 15:01:21,636 [ac481237-f71e-4eeb-9120-a6c52bf83f13-ContainerReader-0] WARN  helpers.KeyValueContainerUtil (KeyValueContainerUtil.java:populateContainerMetadata(323)) - Missing pendingDeleteBlockCount from metadata: recalculate them from block table
2025-07-14 15:01:21,637 [ac481237-f71e-4eeb-9120-a6c52bf83f13-ContainerReader-0] INFO  ozoneimpl.ContainerReader (ContainerReader.java:readVolume(174)) - Finish verifying containers on volume /home/runner/work/ozone/ozone/hadoop-ozone/integration-test/target/test-dir/MiniOzoneClusterImpl-aaa7dc72-7fbf-48e0-acc5-129182712624/ozone-meta/datanode-7/data-0/hdds
2025-07-14 15:01:21,638 [ac481237-f71e-4eeb-9120-a6c52bf83f13-EndpointStateMachineTaskThread-/0.0.0.0:15002-0 ] INFO  ozoneimpl.OzoneContainer (OzoneContainer.java:buildContainerSet(370)) - Build ContainerSet costs 0s
2025-07-14 15:01:21,638 [ac481237-f71e-4eeb-9120-a6c52bf83f13-EndpointStateMachineTaskThread-/0.0.0.0:15002-0 ] INFO  volume.ThrottledAsyncChecker (ThrottledAsyncChecker.java:schedule(138)) - Scheduling a check for /home/runner/work/ozone/ozone/hadoop-ozone/integration-test/target/test-dir/MiniOzoneClusterImpl-aaa7dc72-7fbf-48e0-acc5-129182712624/ozone-meta/datanode-7/data-0/hdds
2025-07-14 15:01:21,639 [ac481237-f71e-4eeb-9120-a6c52bf83f13-EndpointStateMachineTaskThread-/0.0.0.0:15002-0 ] INFO  volume.StorageVolumeChecker (StorageVolumeChecker.java:checkAllVolumes(215)) - Scheduled health check for volume /home/runner/work/ozone/ozone/hadoop-ozone/integration-test/target/test-dir/MiniOzoneClusterImpl-aaa7dc72-7fbf-48e0-acc5-129182712624/ozone-meta/datanode-7/data-0/hdds
2025-07-14 15:01:21,642 [ac481237-f71e-4eeb-9120-a6c52bf83f13-EndpointStateMachineTaskThread-/0.0.0.0:15002-0 ] INFO  volume.ThrottledAsyncChecker (ThrottledAsyncChecker.java:schedule(138)) - Scheduling a check for /home/runner/work/ozone/ozone/hadoop-ozone/integration-test/target/test-dir/MiniOzoneClusterImpl-aaa7dc72-7fbf-48e0-acc5-129182712624/ozone-meta/datanode-7/ratis2f800b45-45bc-45dc-b6ff-7f8e692838a6
2025-07-14 15:01:21,642 [ac481237-f71e-4eeb-9120-a6c52bf83f13-EndpointStateMachineTaskThread-/0.0.0.0:15002-0 ] INFO  volume.StorageVolumeChecker (StorageVolumeChecker.java:checkAllVolumes(215)) - Scheduled health check for volume /home/runner/work/ozone/ozone/hadoop-ozone/integration-test/target/test-dir/MiniOzoneClusterImpl-aaa7dc72-7fbf-48e0-acc5-129182712624/ozone-meta/datanode-7/ratis2f800b45-45bc-45dc-b6ff-7f8e692838a6
2025-07-14 15:01:21,642 [ac481237-f71e-4eeb-9120-a6c52bf83f13-EndpointStateMachineTaskThread-/0.0.0.0:15002-0 ] INFO  ozoneimpl.OzoneContainer (OzoneContainer.java:start(520)) - Attempting to start container services.
2025-07-14 15:01:21,644 [ac481237-f71e-4eeb-9120-a6c52bf83f13-EndpointStateMachineTaskThread-/0.0.0.0:15002-0 ] INFO  replication.ReplicationServer (ReplicationServer.java:start(137)) - ReplicationServer is started using port 15065
2025-07-14 15:01:21,644 [ac481237-f71e-4eeb-9120-a6c52bf83f13-EndpointStateMachineTaskThread-/0.0.0.0:15002-0 ] INFO  ratis.XceiverServerRatis (XceiverServerRatis.java:start(559)) - Starting XceiverServerRatis(ac481237-f71e-4eeb-9120-a6c52bf83f13)
2025-07-14 15:01:21,645 [ContainerMetadataScanner] INFO  ozoneimpl.AbstractBackgroundContainerScanner (AbstractBackgroundContainerScanner.java:runIteration(89)) - Completed an iteration in 0 minutes. Number of iterations (since the data-node restart) : 1, Number of containers scanned in this iteration : 1, Number of unhealthy containers found in this iteration : 0
2025-07-14 15:01:21,645 [ac481237-f71e-4eeb-9120-a6c52bf83f13-EndpointStateMachineTaskThread-/0.0.0.0:15002-0 ] INFO  server.RaftServer (RaftServerProxy.java:startImpl(412)) - ac481237-f71e-4eeb-9120-a6c52bf83f13: start RPC server
2025-07-14 15:01:21,646 [ac481237-f71e-4eeb-9120-a6c52bf83f13-EndpointStateMachineTaskThread-/0.0.0.0:15002-0 ] INFO  server.GrpcServicesImpl (GrpcServicesImpl.java:startImpl(346)) - ac481237-f71e-4eeb-9120-a6c52bf83f13: GrpcServicesImpl started, listening on 15061
2025-07-14 15:01:21,646 [ac481237-f71e-4eeb-9120-a6c52bf83f13-EndpointStateMachineTaskThread-/0.0.0.0:15002-0 ] INFO  server.GrpcServicesImpl (GrpcServicesImpl.java:startImpl(346)) - ac481237-f71e-4eeb-9120-a6c52bf83f13: GrpcServicesImpl started, listening on 15063
2025-07-14 15:01:21,646 [ac481237-f71e-4eeb-9120-a6c52bf83f13-EndpointStateMachineTaskThread-/0.0.0.0:15002-0 ] INFO  server.GrpcServicesImpl (GrpcServicesImpl.java:startImpl(346)) - ac481237-f71e-4eeb-9120-a6c52bf83f13: GrpcServicesImpl started, listening on 15062
2025-07-14 15:01:21,647 [ac481237-f71e-4eeb-9120-a6c52bf83f13-EndpointStateMachineTaskThread-/0.0.0.0:15002-0 ] INFO  ratis.XceiverServerRatis (XceiverServerRatis.java:getRealPort(586)) - XceiverServerRatis(ac481237-f71e-4eeb-9120-a6c52bf83f13) is started using port RATIS=15061
2025-07-14 15:01:21,647 [ac481237-f71e-4eeb-9120-a6c52bf83f13-EndpointStateMachineTaskThread-/0.0.0.0:15002-0 ] INFO  ratis.XceiverServerRatis (XceiverServerRatis.java:getRealPort(586)) - XceiverServerRatis(ac481237-f71e-4eeb-9120-a6c52bf83f13) is started using port RATIS_ADMIN=15062
2025-07-14 15:01:21,647 [ac481237-f71e-4eeb-9120-a6c52bf83f13-EndpointStateMachineTaskThread-/0.0.0.0:15002-0 ] INFO  ratis.XceiverServerRatis (XceiverServerRatis.java:getRealPort(586)) - XceiverServerRatis(ac481237-f71e-4eeb-9120-a6c52bf83f13) is started using port RATIS_SERVER=15063
2025-07-14 15:01:21,647 [ac481237-f71e-4eeb-9120-a6c52bf83f13-EndpointStateMachineTaskThread-/0.0.0.0:15002-0 ] INFO  ratis.XceiverServerRatis (XceiverServerRatis.java:getRealPort(586)) - XceiverServerRatis(ac481237-f71e-4eeb-9120-a6c52bf83f13) is started using port RATIS_DATASTREAM=15064
2025-07-14 15:01:21,647 [JvmPauseMonitor14] INFO  util.JvmPauseMonitor (JvmPauseMonitor.java:run(146)) - JvmPauseMonitor-ac481237-f71e-4eeb-9120-a6c52bf83f13: Started
2025-07-14 15:01:21,648 [ac481237-f71e-4eeb-9120-a6c52bf83f13-EndpointStateMachineTaskThread-/0.0.0.0:15002-0 ] INFO  utils.BackgroundService (BackgroundService.java:start(118)) - Starting service BlockDeletingService with interval 60000 milliseconds
2025-07-14 15:01:21,648 [ac481237-f71e-4eeb-9120-a6c52bf83f13-EndpointStateMachineTaskThread-/0.0.0.0:15002-0 ] INFO  utils.BackgroundService (BackgroundService.java:start(118)) - Starting service StaleRecoveringContainerScrubbingService with interval 60000 milliseconds
2025-07-14 15:01:21,650 [ContainerDataScanner(/home/runner/work/ozone/ozone/hadoop-ozone/integration-test/target/test-dir/MiniOzoneClusterImpl-aaa7dc72-7fbf-48e0-acc5-129182712624/ozone-meta/datanode-7/data-0/hdds)] INFO  ozoneimpl.AbstractBackgroundContainerScanner (AbstractBackgroundContainerScanner.java:runIteration(89)) - Completed an iteration in 0 minutes. Number of iterations (since the data-node restart) : 1, Number of containers scanned in this iteration : 1, Number of unhealthy containers found in this iteration : 0
2025-07-14 15:01:21,993 [timer7] WARN  server.GrpcLogAppender (LogUtils.java:warn(127)) - 9eae2efb-1df6-4ce6-ae9d-8504348dafa1@group-EABB3B9FB711->ac481237-f71e-4eeb-9120-a6c52bf83f13-AppendLogResponseHandler: Failed appendEntries (Repeated 2 times in the last 5.000s): org.apache.ratis.thirdparty.io.grpc.StatusRuntimeException: UNAVAILABLE: io exception
  Caused by: org.apache.ratis.thirdparty.io.netty.channel.AbstractChannel$AnnotatedConnectException: finishConnect(..) failed: Connection refused: /127.0.0.1:15063
  Caused by: java.net.ConnectException: finishConnect(..) failed: Connection refused
2025-07-14 15:01:21,993 [timer0] WARN  server.GrpcLogAppender (GrpcLogAppender.java:lambda$resetClient$1(228)) - 9eae2efb-1df6-4ce6-ae9d-8504348dafa1@group-EABB3B9FB711->ac481237-f71e-4eeb-9120-a6c52bf83f13-GrpcLogAppender: Follower failed (request=null, errorCount=34); keep nextIndex (3) unchanged and retry. (Repeated 2 times in the last 5.001s)
2025-07-14 15:01:22,125 [main] INFO  ozone.MiniOzoneClusterImpl (MiniOzoneClusterImpl.java:lambda$waitForClusterToBeReady$0(173)) - Waiting for nodes to be ready. Got 9 of 10 DN Heartbeats.
2025-07-14 15:01:22,125 [main] INFO  ozone.MiniOzoneClusterImpl (MiniOzoneClusterImpl.java:lambda$waitForClusterToBeReady$0(176)) - Cluster exits safe mode
2025-07-14 15:01:22,125 [main] INFO  ozone.MiniOzoneClusterImpl (MiniOzoneClusterImpl.java:lambda$waitForClusterToBeReady$0(178)) - SCM became leader
2025-07-14 15:01:22,351 [timer1] WARN  server.GrpcLogAppender (GrpcLogAppender.java:lambda$resetClient$1(228)) - 9eae2efb-1df6-4ce6-ae9d-8504348dafa1@group-1AEBB7792E6D->ac481237-f71e-4eeb-9120-a6c52bf83f13-GrpcLogAppender: Follower failed (request=null, errorCount=36); keep nextIndex (1) unchanged and retry. (Repeated 4 times in the last 5.000s)
2025-07-14 15:01:22,352 [timer0] WARN  server.GrpcLogAppender (LogUtils.java:warn(127)) - 9eae2efb-1df6-4ce6-ae9d-8504348dafa1@group-1AEBB7792E6D->ac481237-f71e-4eeb-9120-a6c52bf83f13-AppendLogResponseHandler: Failed appendEntries (Repeated 4 times in the last 5.001s): org.apache.ratis.thirdparty.io.grpc.StatusRuntimeException: UNAVAILABLE: io exception
  Caused by: org.apache.ratis.thirdparty.io.netty.channel.AbstractChannel$AnnotatedConnectException: finishConnect(..) failed: Connection refused: /127.0.0.1:15063
  Caused by: java.net.ConnectException: finishConnect(..) failed: Connection refused
2025-07-14 15:01:22,557 [timer1] WARN  server.GrpcLogAppender (GrpcLogAppender.java:timeoutAppendRequest(448)) - 77d16558-8a68-4655-9235-107e22ba3c38@group-B771F555DC8D->a505560f-c589-4eb5-89aa-a89970ae9358-GrpcLogAppender: Timed out HEARTBEAT appendEntries, errorCount=25, request=AppendEntriesRequest:cid=53,entriesCount=0
2025-07-14 15:01:22,637 [timer2] WARN  server.GrpcLogAppender (GrpcLogAppender.java:timeoutAppendRequest(448)) - 52f0bf1a-a22c-4dfc-83f0-dd23f5b60a86@group-66EA1A40B3A7->a505560f-c589-4eb5-89aa-a89970ae9358-GrpcLogAppender: Timed out HEARTBEAT appendEntries, errorCount=31, request=AppendEntriesRequest:cid=6968,entriesCount=0
2025-07-14 15:01:22,648 [EventQueue-HealthyReadonlyNodeForHealthyReadOnlyNodeHandler] INFO  node.HealthyReadOnlyNodeHandler (HealthyReadOnlyNodeHandler.java:onMessage(54)) - Datanode ac481237-f71e-4eeb-9120-a6c52bf83f13(localhost/127.0.0.1) moved to HEALTHY READONLY state.
2025-07-14 15:01:22,649 [EventQueue-HealthyReadonlyNodeForHealthyReadOnlyNodeHandler] INFO  node.HealthyReadOnlyNodeHandler (HealthyReadOnlyNodeHandler.java:onMessage(86)) - Sending close command for pipeline Pipeline-2a96270d-5a4d-4083-9a90-eabb3b9fb711 in state CLOSED which uses HEALTHY_READONLY datanode ac481237-f71e-4eeb-9120-a6c52bf83f13(localhost/127.0.0.1). This will send close commands for its containers.
2025-07-14 15:01:22,649 [EventQueue-HealthyReadonlyNodeForHealthyReadOnlyNodeHandler] INFO  node.HealthyReadOnlyNodeHandler (HealthyReadOnlyNodeHandler.java:onMessage(86)) - Sending close command for pipeline Pipeline-9b2abbda-a599-4d5c-9f68-1aebb7792e6d in state CLOSED which uses HEALTHY_READONLY datanode ac481237-f71e-4eeb-9120-a6c52bf83f13(localhost/127.0.0.1). This will send close commands for its containers.
2025-07-14 15:01:22,749 [EventQueue-HealthyReadonlyToHealthyNodeForReadOnlyHealthyToHealthyNodeHandler] INFO  node.ReadOnlyHealthyToHealthyNodeHandler (ReadOnlyHealthyToHealthyNodeHandler.java:onMessage(46)) - Datanode ac481237-f71e-4eeb-9120-a6c52bf83f13(localhost/127.0.0.1) moved to HEALTHY state.
2025-07-14 15:01:22,749 [EventQueue-HealthyReadonlyToHealthyNodeForReadOnlyHealthyToHealthyNodeHandler] INFO  pipeline.BackgroundPipelineCreator (BackgroundPipelineCreator.java:notifyEventTriggered(290)) - trigger a one-shot run on RatisPipelineUtilsThread.
2025-07-14 15:01:22,750 [RatisPipelineUtilsThread-0] INFO  pipeline.RatisPipelineProvider (RatisPipelineProvider.java:lambda$create$0(208)) - Sending CreatePipelineCommand for pipeline:Pipeline-c32749f1-9bc6-4bb5-90a9-db9d5f6e4001 to datanode:a505560f-c589-4eb5-89aa-a89970ae9358(localhost/127.0.0.1)
2025-07-14 15:01:22,753 [RatisPipelineUtilsThread-0] INFO  pipeline.BackgroundPipelineCreator (BackgroundPipelineCreator.java:createPipelines(246)) - Created new pipeline Pipeline{ Id: c32749f1-9bc6-4bb5-90a9-db9d5f6e4001, Nodes: [ {a505560f-c589-4eb5-89aa-a89970ae9358(localhost/127.0.0.1), ReplicaIndex: 0},], ReplicationConfig: RATIS/ONE, State:ALLOCATED, leaderId:, CreationTimestamp2025-07-14T15:01:22.750111971Z[Etc/UTC]}
2025-07-14 15:01:22,753 [RatisPipelineUtilsThread-0] INFO  pipeline.RatisPipelineProvider (RatisPipelineProvider.java:lambda$create$0(208)) - Sending CreatePipelineCommand for pipeline:Pipeline-d00acf47-cef8-4671-b269-82905689ea19 to datanode:0f2a098c-ed74-48ca-a55f-ceee6161c687(localhost/127.0.0.1)
2025-07-14 15:01:22,753 [RatisPipelineUtilsThread-0] INFO  pipeline.RatisPipelineProvider (RatisPipelineProvider.java:lambda$create$0(208)) - Sending CreatePipelineCommand for pipeline:Pipeline-d00acf47-cef8-4671-b269-82905689ea19 to datanode:9eae2efb-1df6-4ce6-ae9d-8504348dafa1(localhost/127.0.0.1)
2025-07-14 15:01:22,753 [RatisPipelineUtilsThread-0] INFO  pipeline.RatisPipelineProvider (RatisPipelineProvider.java:lambda$create$0(208)) - Sending CreatePipelineCommand for pipeline:Pipeline-d00acf47-cef8-4671-b269-82905689ea19 to datanode:b5acb6b3-ef2b-41db-9bfa-77a47d0ca582(localhost/127.0.0.1)
2025-07-14 15:01:22,755 [RatisPipelineUtilsThread-0] INFO  pipeline.BackgroundPipelineCreator (BackgroundPipelineCreator.java:createPipelines(246)) - Created new pipeline Pipeline{ Id: d00acf47-cef8-4671-b269-82905689ea19, Nodes: [ {0f2a098c-ed74-48ca-a55f-ceee6161c687(localhost/127.0.0.1), ReplicaIndex: 0}, {9eae2efb-1df6-4ce6-ae9d-8504348dafa1(localhost/127.0.0.1), ReplicaIndex: 0}, {b5acb6b3-ef2b-41db-9bfa-77a47d0ca582(localhost/127.0.0.1), ReplicaIndex: 0},], ReplicationConfig: RATIS/THREE, State:ALLOCATED, leaderId:, CreationTimestamp2025-07-14T15:01:22.753682819Z[Etc/UTC]}
2025-07-14 15:01:22,755 [RatisPipelineUtilsThread-0] INFO  pipeline.RatisPipelineProvider (RatisPipelineProvider.java:lambda$create$0(208)) - Sending CreatePipelineCommand for pipeline:Pipeline-5ac63efd-a56e-4eec-bc04-e88dc94dccfd to datanode:ac481237-f71e-4eeb-9120-a6c52bf83f13(localhost/127.0.0.1)
2025-07-14 15:01:22,756 [RatisPipelineUtilsThread-0] INFO  pipeline.BackgroundPipelineCreator (BackgroundPipelineCreator.java:createPipelines(246)) - Created new pipeline Pipeline{ Id: 5ac63efd-a56e-4eec-bc04-e88dc94dccfd, Nodes: [ {ac481237-f71e-4eeb-9120-a6c52bf83f13(localhost/127.0.0.1), ReplicaIndex: 0},], ReplicationConfig: RATIS/ONE, State:ALLOCATED, leaderId:, CreationTimestamp2025-07-14T15:01:22.755666007Z[Etc/UTC]}
2025-07-14 15:01:22,757 [RatisPipelineUtilsThread-0] INFO  pipeline.RatisPipelineProvider (RatisPipelineProvider.java:lambda$create$0(208)) - Sending CreatePipelineCommand for pipeline:Pipeline-d76124df-e20b-4e11-8a25-8278812fd17c to datanode:ac481237-f71e-4eeb-9120-a6c52bf83f13(localhost/127.0.0.1)
2025-07-14 15:01:22,757 [RatisPipelineUtilsThread-0] INFO  pipeline.RatisPipelineProvider (RatisPipelineProvider.java:lambda$create$0(208)) - Sending CreatePipelineCommand for pipeline:Pipeline-d76124df-e20b-4e11-8a25-8278812fd17c to datanode:9eae2efb-1df6-4ce6-ae9d-8504348dafa1(localhost/127.0.0.1)
2025-07-14 15:01:22,757 [RatisPipelineUtilsThread-0] INFO  pipeline.RatisPipelineProvider (RatisPipelineProvider.java:lambda$create$0(208)) - Sending CreatePipelineCommand for pipeline:Pipeline-d76124df-e20b-4e11-8a25-8278812fd17c to datanode:89a738d3-0145-4b42-8b1b-b5be9f604b49(localhost/127.0.0.1)
2025-07-14 15:01:22,758 [RatisPipelineUtilsThread-0] INFO  pipeline.BackgroundPipelineCreator (BackgroundPipelineCreator.java:createPipelines(246)) - Created new pipeline Pipeline{ Id: d76124df-e20b-4e11-8a25-8278812fd17c, Nodes: [ {ac481237-f71e-4eeb-9120-a6c52bf83f13(localhost/127.0.0.1), ReplicaIndex: 0}, {9eae2efb-1df6-4ce6-ae9d-8504348dafa1(localhost/127.0.0.1), ReplicaIndex: 0}, {89a738d3-0145-4b42-8b1b-b5be9f604b49(localhost/127.0.0.1), ReplicaIndex: 0},], ReplicationConfig: RATIS/THREE, State:ALLOCATED, leaderId:, CreationTimestamp2025-07-14T15:01:22.757056621Z[Etc/UTC]}
2025-07-14 15:01:22,759 [RatisPipelineUtilsThread-0] INFO  pipeline.RatisPipelineProvider (RatisPipelineProvider.java:lambda$create$0(208)) - Sending CreatePipelineCommand for pipeline:Pipeline-101547ce-5b5c-4c10-beb7-08fc65e25187 to datanode:ac481237-f71e-4eeb-9120-a6c52bf83f13(localhost/127.0.0.1)
2025-07-14 15:01:22,759 [RatisPipelineUtilsThread-0] INFO  pipeline.RatisPipelineProvider (RatisPipelineProvider.java:lambda$create$0(208)) - Sending CreatePipelineCommand for pipeline:Pipeline-101547ce-5b5c-4c10-beb7-08fc65e25187 to datanode:89a738d3-0145-4b42-8b1b-b5be9f604b49(localhost/127.0.0.1)
2025-07-14 15:01:22,759 [RatisPipelineUtilsThread-0] INFO  pipeline.RatisPipelineProvider (RatisPipelineProvider.java:lambda$create$0(208)) - Sending CreatePipelineCommand for pipeline:Pipeline-101547ce-5b5c-4c10-beb7-08fc65e25187 to datanode:311b5faf-4d73-479d-9d03-a3296c64f810(localhost/127.0.0.1)
2025-07-14 15:01:22,760 [RatisPipelineUtilsThread-0] INFO  pipeline.BackgroundPipelineCreator (BackgroundPipelineCreator.java:createPipelines(246)) - Created new pipeline Pipeline{ Id: 101547ce-5b5c-4c10-beb7-08fc65e25187, Nodes: [ {ac481237-f71e-4eeb-9120-a6c52bf83f13(localhost/127.0.0.1), ReplicaIndex: 0}, {89a738d3-0145-4b42-8b1b-b5be9f604b49(localhost/127.0.0.1), ReplicaIndex: 0}, {311b5faf-4d73-479d-9d03-a3296c64f810(localhost/127.0.0.1), ReplicaIndex: 0},], ReplicationConfig: RATIS/THREE, State:ALLOCATED, leaderId:, CreationTimestamp2025-07-14T15:01:22.759029860Z[Etc/UTC]}
2025-07-14 15:01:22,974 [89a738d3-0145-4b42-8b1b-b5be9f604b49-PipelineCommandHandlerThread-0] INFO  server.RaftServer (RaftServerProxy.java:addNew(105)) - 89a738d3-0145-4b42-8b1b-b5be9f604b49: addNew group-8278812FD17C:[9eae2efb-1df6-4ce6-ae9d-8504348dafa1|127.0.0.1:15079, ac481237-f71e-4eeb-9120-a6c52bf83f13|127.0.0.1:15063, 89a738d3-0145-4b42-8b1b-b5be9f604b49|127.0.0.1:15071] returns group-8278812FD17C:java.util.concurrent.CompletableFuture@38bdc134[Not completed]
2025-07-14 15:01:22,975 [89a738d3-0145-4b42-8b1b-b5be9f604b49-groupManagement] INFO  server.RaftServer$Division (RaftServerImpl.java:<init>(268)) - 89a738d3-0145-4b42-8b1b-b5be9f604b49: new RaftServerImpl for group-8278812FD17C:[9eae2efb-1df6-4ce6-ae9d-8504348dafa1|127.0.0.1:15079, ac481237-f71e-4eeb-9120-a6c52bf83f13|127.0.0.1:15063, 89a738d3-0145-4b42-8b1b-b5be9f604b49|127.0.0.1:15071] with ContainerStateMachine:uninitialized
2025-07-14 15:01:22,976 [89a738d3-0145-4b42-8b1b-b5be9f604b49-groupManagement] INFO  server.RaftServer$Division (ServerState.java:<init>(114)) - 89a738d3-0145-4b42-8b1b-b5be9f604b49@group-8278812FD17C: ConfigurationManager, init=conf: {index: -1, cur=peers:[9eae2efb-1df6-4ce6-ae9d-8504348dafa1|127.0.0.1:15079, ac481237-f71e-4eeb-9120-a6c52bf83f13|127.0.0.1:15063, 89a738d3-0145-4b42-8b1b-b5be9f604b49|127.0.0.1:15071]|listeners:[], old=null}, confs=<EMPTY_MAP>
2025-07-14 15:01:22,979 [89a738d3-0145-4b42-8b1b-b5be9f604b49-groupManagement] INFO  server.RaftServerConfigKeys (ConfUtils.java:logGet(62)) - raft.server.storage.dir = [/home/runner/work/ozone/ozone/hadoop-ozone/integration-test/target/test-dir/MiniOzoneClusterImpl-aaa7dc72-7fbf-48e0-acc5-129182712624/ozone-meta/datanode-8/ratis] (custom)
2025-07-14 15:01:22,979 [89a738d3-0145-4b42-8b1b-b5be9f604b49-groupManagement] INFO  storage.RaftStorageDirectory (RaftStorageDirectoryImpl.java:analyzeStorage(138)) - The storage directory /home/runner/work/ozone/ozone/hadoop-ozone/integration-test/target/test-dir/MiniOzoneClusterImpl-aaa7dc72-7fbf-48e0-acc5-129182712624/ozone-meta/datanode-8/ratis/d76124df-e20b-4e11-8a25-8278812fd17c does not exist. Creating ...
2025-07-14 15:01:22,980 [89a738d3-0145-4b42-8b1b-b5be9f604b49-groupManagement] INFO  storage.RaftStorageDirectory (RaftStorageDirectoryImpl.java:tryLock(229)) - Lock on /home/runner/work/ozone/ozone/hadoop-ozone/integration-test/target/test-dir/MiniOzoneClusterImpl-aaa7dc72-7fbf-48e0-acc5-129182712624/ozone-meta/datanode-8/ratis/d76124df-e20b-4e11-8a25-8278812fd17c/in_use.lock acquired by nodename 18082@localhost
2025-07-14 15:01:22,981 [89a738d3-0145-4b42-8b1b-b5be9f604b49-groupManagement] INFO  storage.RaftStorage (RaftStorageImpl.java:format(98)) - Storage directory /home/runner/work/ozone/ozone/hadoop-ozone/integration-test/target/test-dir/MiniOzoneClusterImpl-aaa7dc72-7fbf-48e0-acc5-129182712624/ozone-meta/datanode-8/ratis/d76124df-e20b-4e11-8a25-8278812fd17c has been successfully formatted.
2025-07-14 15:01:22,982 [89a738d3-0145-4b42-8b1b-b5be9f604b49-groupManagement] INFO  ratis.ContainerStateMachine (ContainerStateMachine.java:initialize(339)) - 89a738d3-0145-4b42-8b1b-b5be9f604b49: initialize group-8278812FD17C
2025-07-14 15:01:22,982 [89a738d3-0145-4b42-8b1b-b5be9f604b49-groupManagement] INFO  ratis.ContainerStateMachine (ContainerStateMachine.java:loadSnapshot(347)) - group-8278812FD17C: The snapshot info is null. Setting the last applied index to:<INITIAL_VALUE>
2025-07-14 15:01:22,982 [89a738d3-0145-4b42-8b1b-b5be9f604b49-groupManagement] INFO  server.RaftServerConfigKeys (ConfUtils.java:logGet(62)) - raft.server.log.appender.buffer.byte-limit = 33554432 (custom)
2025-07-14 15:01:22,983 [89a738d3-0145-4b42-8b1b-b5be9f604b49-groupManagement] INFO  server.RaftServerConfigKeys (ConfUtils.java:logGet(62)) - raft.server.log.segment.size.max = 67108864 (custom)
2025-07-14 15:01:22,984 [89a738d3-0145-4b42-8b1b-b5be9f604b49-groupManagement] INFO  server.RaftServerConfigKeys (ConfUtils.java:logGet(62)) - raft.server.log.appender.buffer.byte-limit = 33554432 (custom)
2025-07-14 15:01:22,984 [89a738d3-0145-4b42-8b1b-b5be9f604b49-groupManagement] INFO  util.AwaitToRun (AwaitToRun.java:start(81)) - Thread[#1975,89a738d3-0145-4b42-8b1b-b5be9f604b49@group-8278812FD17C-cacheEviction-AwaitToRun,5,main] started
2025-07-14 15:01:22,984 [89a738d3-0145-4b42-8b1b-b5be9f604b49-groupManagement] INFO  segmented.SegmentedRaftLogWorker (SegmentedRaftLogWorker.java:<init>(190)) - new 89a738d3-0145-4b42-8b1b-b5be9f604b49@group-8278812FD17C-SegmentedRaftLogWorker for RaftStorageImpl:Storage Directory /home/runner/work/ozone/ozone/hadoop-ozone/integration-test/target/test-dir/MiniOzoneClusterImpl-aaa7dc72-7fbf-48e0-acc5-129182712624/ozone-meta/datanode-8/ratis/d76124df-e20b-4e11-8a25-8278812fd17c
2025-07-14 15:01:22,984 [89a738d3-0145-4b42-8b1b-b5be9f604b49-groupManagement] INFO  server.RaftServerConfigKeys (ConfUtils.java:logGet(62)) - raft.server.log.queue.byte-limit = 4294967296 (custom)
2025-07-14 15:01:22,984 [89a738d3-0145-4b42-8b1b-b5be9f604b49-groupManagement] INFO  server.RaftServerConfigKeys (ConfUtils.java:logGet(62)) - raft.server.log.segment.size.max = 67108864 (custom)
2025-07-14 15:01:22,984 [89a738d3-0145-4b42-8b1b-b5be9f604b49-groupManagement] INFO  server.RaftServerConfigKeys (ConfUtils.java:logGet(62)) - raft.server.log.preallocated.size = 4194304 (custom)
2025-07-14 15:01:22,984 [89a738d3-0145-4b42-8b1b-b5be9f604b49-groupManagement] INFO  server.RaftServerConfigKeys (ConfUtils.java:logGet(62)) - raft.server.log.write.buffer.size = 33554440 (custom)
2025-07-14 15:01:22,989 [89a738d3-0145-4b42-8b1b-b5be9f604b49-groupManagement] INFO  server.RaftServerConfigKeys (ConfUtils.java:logGet(62)) - raft.server.log.appender.buffer.byte-limit = 33554432 (custom)
2025-07-14 15:01:22,989 [89a738d3-0145-4b42-8b1b-b5be9f604b49-groupManagement] INFO  segmented.SegmentedRaftLogWorker (SegmentedRaftLogWorker.java:lambda$new$0(141)) - 89a738d3-0145-4b42-8b1b-b5be9f604b49@group-8278812FD17C-SegmentedRaftLogWorker: flushIndex: setUnconditionally 0 -> -1
2025-07-14 15:01:22,989 [89a738d3-0145-4b42-8b1b-b5be9f604b49-groupManagement] INFO  segmented.SegmentedRaftLogWorker (SegmentedRaftLogWorker.java:lambda$new$0(141)) - 89a738d3-0145-4b42-8b1b-b5be9f604b49@group-8278812FD17C-SegmentedRaftLogWorker: safeCacheEvictIndex: setUnconditionally 0 -> -1
2025-07-14 15:01:22,990 [89a738d3-0145-4b42-8b1b-b5be9f604b49-groupManagement] INFO  server.RaftServer$Division (RaftServerImpl.java:start(405)) - 89a738d3-0145-4b42-8b1b-b5be9f604b49@group-8278812FD17C: start as a follower, conf=conf: {index: -1, cur=peers:[9eae2efb-1df6-4ce6-ae9d-8504348dafa1|127.0.0.1:15079, ac481237-f71e-4eeb-9120-a6c52bf83f13|127.0.0.1:15063, 89a738d3-0145-4b42-8b1b-b5be9f604b49|127.0.0.1:15071]|listeners:[], old=null}
2025-07-14 15:01:22,990 [89a738d3-0145-4b42-8b1b-b5be9f604b49-groupManagement] INFO  server.RaftServer$Division (RaftServerImpl.java:setRole(392)) - 89a738d3-0145-4b42-8b1b-b5be9f604b49@group-8278812FD17C: changes role from      null to FOLLOWER at term 0 for startAsFollower
2025-07-14 15:01:22,990 [89a738d3-0145-4b42-8b1b-b5be9f604b49-groupManagement] INFO  impl.RoleInfo (RoleInfo.java:updateAndGet(148)) - 89a738d3-0145-4b42-8b1b-b5be9f604b49: start 89a738d3-0145-4b42-8b1b-b5be9f604b49@group-8278812FD17C-FollowerState
2025-07-14 15:01:22,990 [89a738d3-0145-4b42-8b1b-b5be9f604b49-groupManagement] INFO  util.JmxRegister (JmxRegister.java:tryRegister(44)) - Successfully registered JMX Bean with object name Ratis:service=RaftServer,group=group-8278812FD17C,id=89a738d3-0145-4b42-8b1b-b5be9f604b49
2025-07-14 15:01:22,990 [89a738d3-0145-4b42-8b1b-b5be9f604b49-groupManagement] INFO  util.JmxRegister (JmxRegister.java:register(58)) - register mxBean class org.apache.ratis.server.impl.RaftServerJmxAdapter as Ratis:service=RaftServer,group=group-8278812FD17C,id=89a738d3-0145-4b42-8b1b-b5be9f604b49
2025-07-14 15:01:22,991 [89a738d3-0145-4b42-8b1b-b5be9f604b49-groupManagement] INFO  server.RaftServer$Division (RaftServerImpl.java:start(419)) - 89a738d3-0145-4b42-8b1b-b5be9f604b49@group-8278812FD17C: Successfully started.
2025-07-14 15:01:22,991 [89a738d3-0145-4b42-8b1b-b5be9f604b49-PipelineCommandHandlerThread-0] INFO  ratis.XceiverServerRatis (XceiverServerRatis.java:addGroup(843)) - Created group Pipeline-d76124df-e20b-4e11-8a25-8278812fd17c
2025-07-14 15:01:22,997 [grpc-default-executor-4] INFO  server.RaftServer (RaftServerProxy.java:addNew(105)) - ac481237-f71e-4eeb-9120-a6c52bf83f13: addNew group-8278812FD17C:[9eae2efb-1df6-4ce6-ae9d-8504348dafa1|127.0.0.1:15079, ac481237-f71e-4eeb-9120-a6c52bf83f13|127.0.0.1:15063, 89a738d3-0145-4b42-8b1b-b5be9f604b49|127.0.0.1:15071] returns group-8278812FD17C:java.util.concurrent.CompletableFuture@407ae56b[Not completed]
2025-07-14 15:01:22,999 [ac481237-f71e-4eeb-9120-a6c52bf83f13-groupManagement] INFO  server.RaftServer$Division (RaftServerImpl.java:<init>(268)) - ac481237-f71e-4eeb-9120-a6c52bf83f13: new RaftServerImpl for group-8278812FD17C:[9eae2efb-1df6-4ce6-ae9d-8504348dafa1|127.0.0.1:15079, ac481237-f71e-4eeb-9120-a6c52bf83f13|127.0.0.1:15063, 89a738d3-0145-4b42-8b1b-b5be9f604b49|127.0.0.1:15071] with ContainerStateMachine:uninitialized
2025-07-14 15:01:22,999 [ac481237-f71e-4eeb-9120-a6c52bf83f13-groupManagement] INFO  server.RaftServer$Division (ServerState.java:<init>(114)) - ac481237-f71e-4eeb-9120-a6c52bf83f13@group-8278812FD17C: ConfigurationManager, init=conf: {index: -1, cur=peers:[9eae2efb-1df6-4ce6-ae9d-8504348dafa1|127.0.0.1:15079, ac481237-f71e-4eeb-9120-a6c52bf83f13|127.0.0.1:15063, 89a738d3-0145-4b42-8b1b-b5be9f604b49|127.0.0.1:15071]|listeners:[], old=null}, confs=<EMPTY_MAP>
2025-07-14 15:01:23,002 [ac481237-f71e-4eeb-9120-a6c52bf83f13-groupManagement] INFO  server.RaftServerConfigKeys (ConfUtils.java:logGet(62)) - raft.server.storage.dir = [/home/runner/work/ozone/ozone/hadoop-ozone/integration-test/target/test-dir/MiniOzoneClusterImpl-aaa7dc72-7fbf-48e0-acc5-129182712624/ozone-meta/datanode-7/ratis2f800b45-45bc-45dc-b6ff-7f8e692838a6] (custom)
2025-07-14 15:01:23,002 [ac481237-f71e-4eeb-9120-a6c52bf83f13-groupManagement] INFO  storage.RaftStorageDirectory (RaftStorageDirectoryImpl.java:analyzeStorage(138)) - The storage directory /home/runner/work/ozone/ozone/hadoop-ozone/integration-test/target/test-dir/MiniOzoneClusterImpl-aaa7dc72-7fbf-48e0-acc5-129182712624/ozone-meta/datanode-7/ratis2f800b45-45bc-45dc-b6ff-7f8e692838a6/d76124df-e20b-4e11-8a25-8278812fd17c does not exist. Creating ...
2025-07-14 15:01:23,003 [ac481237-f71e-4eeb-9120-a6c52bf83f13-groupManagement] INFO  storage.RaftStorageDirectory (RaftStorageDirectoryImpl.java:tryLock(229)) - Lock on /home/runner/work/ozone/ozone/hadoop-ozone/integration-test/target/test-dir/MiniOzoneClusterImpl-aaa7dc72-7fbf-48e0-acc5-129182712624/ozone-meta/datanode-7/ratis2f800b45-45bc-45dc-b6ff-7f8e692838a6/d76124df-e20b-4e11-8a25-8278812fd17c/in_use.lock acquired by nodename 18082@localhost
2025-07-14 15:01:23,005 [ac481237-f71e-4eeb-9120-a6c52bf83f13-groupManagement] INFO  storage.RaftStorage (RaftStorageImpl.java:format(98)) - Storage directory /home/runner/work/ozone/ozone/hadoop-ozone/integration-test/target/test-dir/MiniOzoneClusterImpl-aaa7dc72-7fbf-48e0-acc5-129182712624/ozone-meta/datanode-7/ratis2f800b45-45bc-45dc-b6ff-7f8e692838a6/d76124df-e20b-4e11-8a25-8278812fd17c has been successfully formatted.
2025-07-14 15:01:23,005 [ac481237-f71e-4eeb-9120-a6c52bf83f13-groupManagement] INFO  ratis.ContainerStateMachine (ContainerStateMachine.java:initialize(339)) - ac481237-f71e-4eeb-9120-a6c52bf83f13: initialize group-8278812FD17C
2025-07-14 15:01:23,005 [ac481237-f71e-4eeb-9120-a6c52bf83f13-groupManagement] INFO  ratis.ContainerStateMachine (ContainerStateMachine.java:loadSnapshot(347)) - group-8278812FD17C: The snapshot info is null. Setting the last applied index to:<INITIAL_VALUE>
2025-07-14 15:01:23,005 [ac481237-f71e-4eeb-9120-a6c52bf83f13-groupManagement] INFO  server.RaftServerConfigKeys (ConfUtils.java:logGet(62)) - raft.server.log.appender.buffer.byte-limit = 33554432 (custom)
2025-07-14 15:01:23,007 [ac481237-f71e-4eeb-9120-a6c52bf83f13-groupManagement] INFO  server.RaftServerConfigKeys (ConfUtils.java:logGet(62)) - raft.server.log.segment.size.max = 67108864 (custom)
2025-07-14 15:01:23,007 [ac481237-f71e-4eeb-9120-a6c52bf83f13-groupManagement] INFO  server.RaftServerConfigKeys (ConfUtils.java:logGet(62)) - raft.server.log.appender.buffer.byte-limit = 33554432 (custom)
2025-07-14 15:01:23,007 [ac481237-f71e-4eeb-9120-a6c52bf83f13-groupManagement] INFO  util.AwaitToRun (AwaitToRun.java:start(81)) - Thread[#1980,ac481237-f71e-4eeb-9120-a6c52bf83f13@group-8278812FD17C-cacheEviction-AwaitToRun,5,main] started
2025-07-14 15:01:23,007 [ac481237-f71e-4eeb-9120-a6c52bf83f13-groupManagement] INFO  segmented.SegmentedRaftLogWorker (SegmentedRaftLogWorker.java:<init>(190)) - new ac481237-f71e-4eeb-9120-a6c52bf83f13@group-8278812FD17C-SegmentedRaftLogWorker for RaftStorageImpl:Storage Directory /home/runner/work/ozone/ozone/hadoop-ozone/integration-test/target/test-dir/MiniOzoneClusterImpl-aaa7dc72-7fbf-48e0-acc5-129182712624/ozone-meta/datanode-7/ratis2f800b45-45bc-45dc-b6ff-7f8e692838a6/d76124df-e20b-4e11-8a25-8278812fd17c
2025-07-14 15:01:23,007 [ac481237-f71e-4eeb-9120-a6c52bf83f13-groupManagement] INFO  server.RaftServerConfigKeys (ConfUtils.java:logGet(62)) - raft.server.log.queue.byte-limit = 4294967296 (custom)
2025-07-14 15:01:23,007 [ac481237-f71e-4eeb-9120-a6c52bf83f13-groupManagement] INFO  server.RaftServerConfigKeys (ConfUtils.java:logGet(62)) - raft.server.log.segment.size.max = 67108864 (custom)
2025-07-14 15:01:23,007 [ac481237-f71e-4eeb-9120-a6c52bf83f13-groupManagement] INFO  server.RaftServerConfigKeys (ConfUtils.java:logGet(62)) - raft.server.log.preallocated.size = 4194304 (custom)
2025-07-14 15:01:23,008 [ac481237-f71e-4eeb-9120-a6c52bf83f13-groupManagement] INFO  server.RaftServerConfigKeys (ConfUtils.java:logGet(62)) - raft.server.log.write.buffer.size = 33554440 (custom)
2025-07-14 15:01:23,013 [ac481237-f71e-4eeb-9120-a6c52bf83f13-groupManagement] INFO  server.RaftServerConfigKeys (ConfUtils.java:logGet(62)) - raft.server.log.appender.buffer.byte-limit = 33554432 (custom)
2025-07-14 15:01:23,014 [ac481237-f71e-4eeb-9120-a6c52bf83f13-groupManagement] INFO  segmented.SegmentedRaftLogWorker (SegmentedRaftLogWorker.java:lambda$new$0(141)) - ac481237-f71e-4eeb-9120-a6c52bf83f13@group-8278812FD17C-SegmentedRaftLogWorker: flushIndex: setUnconditionally 0 -> -1
2025-07-14 15:01:23,014 [ac481237-f71e-4eeb-9120-a6c52bf83f13-groupManagement] INFO  segmented.SegmentedRaftLogWorker (SegmentedRaftLogWorker.java:lambda$new$0(141)) - ac481237-f71e-4eeb-9120-a6c52bf83f13@group-8278812FD17C-SegmentedRaftLogWorker: safeCacheEvictIndex: setUnconditionally 0 -> -1
2025-07-14 15:01:23,014 [ac481237-f71e-4eeb-9120-a6c52bf83f13-groupManagement] INFO  server.RaftServer$Division (RaftServerImpl.java:start(405)) - ac481237-f71e-4eeb-9120-a6c52bf83f13@group-8278812FD17C: start as a follower, conf=conf: {index: -1, cur=peers:[9eae2efb-1df6-4ce6-ae9d-8504348dafa1|127.0.0.1:15079, ac481237-f71e-4eeb-9120-a6c52bf83f13|127.0.0.1:15063, 89a738d3-0145-4b42-8b1b-b5be9f604b49|127.0.0.1:15071]|listeners:[], old=null}
2025-07-14 15:01:23,014 [ac481237-f71e-4eeb-9120-a6c52bf83f13-groupManagement] INFO  server.RaftServer$Division (RaftServerImpl.java:setRole(392)) - ac481237-f71e-4eeb-9120-a6c52bf83f13@group-8278812FD17C: changes role from      null to FOLLOWER at term 0 for startAsFollower
2025-07-14 15:01:23,014 [ac481237-f71e-4eeb-9120-a6c52bf83f13-groupManagement] INFO  impl.RoleInfo (RoleInfo.java:updateAndGet(148)) - ac481237-f71e-4eeb-9120-a6c52bf83f13: start ac481237-f71e-4eeb-9120-a6c52bf83f13@group-8278812FD17C-FollowerState
2025-07-14 15:01:23,015 [ac481237-f71e-4eeb-9120-a6c52bf83f13-groupManagement] INFO  util.JmxRegister (JmxRegister.java:tryRegister(44)) - Successfully registered JMX Bean with object name Ratis:service=RaftServer,group=group-8278812FD17C,id=ac481237-f71e-4eeb-9120-a6c52bf83f13
2025-07-14 15:01:23,015 [ac481237-f71e-4eeb-9120-a6c52bf83f13-groupManagement] INFO  util.JmxRegister (JmxRegister.java:register(58)) - register mxBean class org.apache.ratis.server.impl.RaftServerJmxAdapter as Ratis:service=RaftServer,group=group-8278812FD17C,id=ac481237-f71e-4eeb-9120-a6c52bf83f13
2025-07-14 15:01:23,016 [ac481237-f71e-4eeb-9120-a6c52bf83f13-groupManagement] INFO  server.RaftServer$Division (RaftServerImpl.java:start(419)) - ac481237-f71e-4eeb-9120-a6c52bf83f13@group-8278812FD17C: Successfully started.
2025-07-14 15:01:23,023 [grpc-default-executor-4] INFO  server.RaftServer (RaftServerProxy.java:addNew(105)) - 9eae2efb-1df6-4ce6-ae9d-8504348dafa1: addNew group-8278812FD17C:[9eae2efb-1df6-4ce6-ae9d-8504348dafa1|127.0.0.1:15079, ac481237-f71e-4eeb-9120-a6c52bf83f13|127.0.0.1:15063, 89a738d3-0145-4b42-8b1b-b5be9f604b49|127.0.0.1:15071] returns group-8278812FD17C:java.util.concurrent.CompletableFuture@468fcc94[Not completed]
2025-07-14 15:01:23,024 [9eae2efb-1df6-4ce6-ae9d-8504348dafa1-groupManagement] INFO  server.RaftServer$Division (RaftServerImpl.java:<init>(268)) - 9eae2efb-1df6-4ce6-ae9d-8504348dafa1: new RaftServerImpl for group-8278812FD17C:[9eae2efb-1df6-4ce6-ae9d-8504348dafa1|127.0.0.1:15079, ac481237-f71e-4eeb-9120-a6c52bf83f13|127.0.0.1:15063, 89a738d3-0145-4b42-8b1b-b5be9f604b49|127.0.0.1:15071] with ContainerStateMachine:uninitialized
2025-07-14 15:01:23,025 [9eae2efb-1df6-4ce6-ae9d-8504348dafa1-groupManagement] INFO  server.RaftServer$Division (ServerState.java:<init>(114)) - 9eae2efb-1df6-4ce6-ae9d-8504348dafa1@group-8278812FD17C: ConfigurationManager, init=conf: {index: -1, cur=peers:[9eae2efb-1df6-4ce6-ae9d-8504348dafa1|127.0.0.1:15079, ac481237-f71e-4eeb-9120-a6c52bf83f13|127.0.0.1:15063, 89a738d3-0145-4b42-8b1b-b5be9f604b49|127.0.0.1:15071]|listeners:[], old=null}, confs=<EMPTY_MAP>
2025-07-14 15:01:23,028 [9eae2efb-1df6-4ce6-ae9d-8504348dafa1-groupManagement] INFO  server.RaftServerConfigKeys (ConfUtils.java:logGet(62)) - raft.server.storage.dir = [/home/runner/work/ozone/ozone/hadoop-ozone/integration-test/target/test-dir/MiniOzoneClusterImpl-aaa7dc72-7fbf-48e0-acc5-129182712624/ozone-meta/datanode-9/ratis] (custom)
2025-07-14 15:01:23,029 [9eae2efb-1df6-4ce6-ae9d-8504348dafa1-groupManagement] INFO  storage.RaftStorageDirectory (RaftStorageDirectoryImpl.java:analyzeStorage(138)) - The storage directory /home/runner/work/ozone/ozone/hadoop-ozone/integration-test/target/test-dir/MiniOzoneClusterImpl-aaa7dc72-7fbf-48e0-acc5-129182712624/ozone-meta/datanode-9/ratis/d76124df-e20b-4e11-8a25-8278812fd17c does not exist. Creating ...
2025-07-14 15:01:23,030 [9eae2efb-1df6-4ce6-ae9d-8504348dafa1-groupManagement] INFO  storage.RaftStorageDirectory (RaftStorageDirectoryImpl.java:tryLock(229)) - Lock on /home/runner/work/ozone/ozone/hadoop-ozone/integration-test/target/test-dir/MiniOzoneClusterImpl-aaa7dc72-7fbf-48e0-acc5-129182712624/ozone-meta/datanode-9/ratis/d76124df-e20b-4e11-8a25-8278812fd17c/in_use.lock acquired by nodename 18082@localhost
2025-07-14 15:01:23,031 [9eae2efb-1df6-4ce6-ae9d-8504348dafa1-groupManagement] INFO  storage.RaftStorage (RaftStorageImpl.java:format(98)) - Storage directory /home/runner/work/ozone/ozone/hadoop-ozone/integration-test/target/test-dir/MiniOzoneClusterImpl-aaa7dc72-7fbf-48e0-acc5-129182712624/ozone-meta/datanode-9/ratis/d76124df-e20b-4e11-8a25-8278812fd17c has been successfully formatted.
2025-07-14 15:01:23,031 [9eae2efb-1df6-4ce6-ae9d-8504348dafa1-groupManagement] INFO  ratis.ContainerStateMachine (ContainerStateMachine.java:initialize(339)) - 9eae2efb-1df6-4ce6-ae9d-8504348dafa1: initialize group-8278812FD17C
2025-07-14 15:01:23,032 [9eae2efb-1df6-4ce6-ae9d-8504348dafa1-groupManagement] INFO  ratis.ContainerStateMachine (ContainerStateMachine.java:loadSnapshot(347)) - group-8278812FD17C: The snapshot info is null. Setting the last applied index to:<INITIAL_VALUE>
2025-07-14 15:01:23,032 [9eae2efb-1df6-4ce6-ae9d-8504348dafa1-groupManagement] INFO  server.RaftServerConfigKeys (ConfUtils.java:logGet(62)) - raft.server.log.appender.buffer.byte-limit = 33554432 (custom)
2025-07-14 15:01:23,033 [9eae2efb-1df6-4ce6-ae9d-8504348dafa1-groupManagement] INFO  server.RaftServerConfigKeys (ConfUtils.java:logGet(62)) - raft.server.log.segment.size.max = 67108864 (custom)
2025-07-14 15:01:23,034 [9eae2efb-1df6-4ce6-ae9d-8504348dafa1-groupManagement] INFO  server.RaftServerConfigKeys (ConfUtils.java:logGet(62)) - raft.server.log.appender.buffer.byte-limit = 33554432 (custom)
2025-07-14 15:01:23,034 [9eae2efb-1df6-4ce6-ae9d-8504348dafa1-groupManagement] INFO  util.AwaitToRun (AwaitToRun.java:start(81)) - Thread[#1987,9eae2efb-1df6-4ce6-ae9d-8504348dafa1@group-8278812FD17C-cacheEviction-AwaitToRun,5,main] started
2025-07-14 15:01:23,034 [9eae2efb-1df6-4ce6-ae9d-8504348dafa1-groupManagement] INFO  segmented.SegmentedRaftLogWorker (SegmentedRaftLogWorker.java:<init>(190)) - new 9eae2efb-1df6-4ce6-ae9d-8504348dafa1@group-8278812FD17C-SegmentedRaftLogWorker for RaftStorageImpl:Storage Directory /home/runner/work/ozone/ozone/hadoop-ozone/integration-test/target/test-dir/MiniOzoneClusterImpl-aaa7dc72-7fbf-48e0-acc5-129182712624/ozone-meta/datanode-9/ratis/d76124df-e20b-4e11-8a25-8278812fd17c
2025-07-14 15:01:23,034 [9eae2efb-1df6-4ce6-ae9d-8504348dafa1-groupManagement] INFO  server.RaftServerConfigKeys (ConfUtils.java:logGet(62)) - raft.server.log.queue.byte-limit = 4294967296 (custom)
2025-07-14 15:01:23,034 [9eae2efb-1df6-4ce6-ae9d-8504348dafa1-groupManagement] INFO  server.RaftServerConfigKeys (ConfUtils.java:logGet(62)) - raft.server.log.segment.size.max = 67108864 (custom)
2025-07-14 15:01:23,034 [9eae2efb-1df6-4ce6-ae9d-8504348dafa1-groupManagement] INFO  server.RaftServerConfigKeys (ConfUtils.java:logGet(62)) - raft.server.log.preallocated.size = 4194304 (custom)
2025-07-14 15:01:23,034 [9eae2efb-1df6-4ce6-ae9d-8504348dafa1-groupManagement] INFO  server.RaftServerConfigKeys (ConfUtils.java:logGet(62)) - raft.server.log.write.buffer.size = 33554440 (custom)
2025-07-14 15:01:23,040 [9eae2efb-1df6-4ce6-ae9d-8504348dafa1-groupManagement] INFO  server.RaftServerConfigKeys (ConfUtils.java:logGet(62)) - raft.server.log.appender.buffer.byte-limit = 33554432 (custom)
2025-07-14 15:01:23,040 [9eae2efb-1df6-4ce6-ae9d-8504348dafa1-groupManagement] INFO  segmented.SegmentedRaftLogWorker (SegmentedRaftLogWorker.java:lambda$new$0(141)) - 9eae2efb-1df6-4ce6-ae9d-8504348dafa1@group-8278812FD17C-SegmentedRaftLogWorker: flushIndex: setUnconditionally 0 -> -1
2025-07-14 15:01:23,040 [9eae2efb-1df6-4ce6-ae9d-8504348dafa1-groupManagement] INFO  segmented.SegmentedRaftLogWorker (SegmentedRaftLogWorker.java:lambda$new$0(141)) - 9eae2efb-1df6-4ce6-ae9d-8504348dafa1@group-8278812FD17C-SegmentedRaftLogWorker: safeCacheEvictIndex: setUnconditionally 0 -> -1
2025-07-14 15:01:23,040 [9eae2efb-1df6-4ce6-ae9d-8504348dafa1-groupManagement] INFO  server.RaftServer$Division (RaftServerImpl.java:start(405)) - 9eae2efb-1df6-4ce6-ae9d-8504348dafa1@group-8278812FD17C: start as a follower, conf=conf: {index: -1, cur=peers:[9eae2efb-1df6-4ce6-ae9d-8504348dafa1|127.0.0.1:15079, ac481237-f71e-4eeb-9120-a6c52bf83f13|127.0.0.1:15063, 89a738d3-0145-4b42-8b1b-b5be9f604b49|127.0.0.1:15071]|listeners:[], old=null}
2025-07-14 15:01:23,040 [9eae2efb-1df6-4ce6-ae9d-8504348dafa1-groupManagement] INFO  server.RaftServer$Division (RaftServerImpl.java:setRole(392)) - 9eae2efb-1df6-4ce6-ae9d-8504348dafa1@group-8278812FD17C: changes role from      null to FOLLOWER at term 0 for startAsFollower
2025-07-14 15:01:23,040 [9eae2efb-1df6-4ce6-ae9d-8504348dafa1-groupManagement] INFO  impl.RoleInfo (RoleInfo.java:updateAndGet(148)) - 9eae2efb-1df6-4ce6-ae9d-8504348dafa1: start 9eae2efb-1df6-4ce6-ae9d-8504348dafa1@group-8278812FD17C-FollowerState
2025-07-14 15:01:23,041 [9eae2efb-1df6-4ce6-ae9d-8504348dafa1-groupManagement] INFO  util.JmxRegister (JmxRegister.java:tryRegister(44)) - Successfully registered JMX Bean with object name Ratis:service=RaftServer,group=group-8278812FD17C,id=9eae2efb-1df6-4ce6-ae9d-8504348dafa1
2025-07-14 15:01:23,041 [9eae2efb-1df6-4ce6-ae9d-8504348dafa1-groupManagement] INFO  util.JmxRegister (JmxRegister.java:register(58)) - register mxBean class org.apache.ratis.server.impl.RaftServerJmxAdapter as Ratis:service=RaftServer,group=group-8278812FD17C,id=9eae2efb-1df6-4ce6-ae9d-8504348dafa1
2025-07-14 15:01:23,042 [9eae2efb-1df6-4ce6-ae9d-8504348dafa1-groupManagement] INFO  server.RaftServer$Division (RaftServerImpl.java:start(419)) - 9eae2efb-1df6-4ce6-ae9d-8504348dafa1@group-8278812FD17C: Successfully started.
2025-07-14 15:01:23,044 [89a738d3-0145-4b42-8b1b-b5be9f604b49-PipelineCommandHandlerThread-0] INFO  commandhandler.CreatePipelineCommandHandler (CreatePipelineCommandHandler.java:lambda$handle$2(127)) - Created Pipeline RATIS THREE Pipeline-d76124df-e20b-4e11-8a25-8278812fd17c.
2025-07-14 15:01:23,045 [89a738d3-0145-4b42-8b1b-b5be9f604b49-PipelineCommandHandlerThread-0] INFO  server.RaftServer (RaftServerProxy.java:addNew(105)) - 89a738d3-0145-4b42-8b1b-b5be9f604b49: addNew group-08FC65E25187:[ac481237-f71e-4eeb-9120-a6c52bf83f13|127.0.0.1:15063, 89a738d3-0145-4b42-8b1b-b5be9f604b49|127.0.0.1:15071, 311b5faf-4d73-479d-9d03-a3296c64f810|127.0.0.1:15015] returns group-08FC65E25187:java.util.concurrent.CompletableFuture@10bbd70f[Not completed]
2025-07-14 15:01:23,047 [89a738d3-0145-4b42-8b1b-b5be9f604b49-groupManagement] INFO  server.RaftServer$Division (RaftServerImpl.java:<init>(268)) - 89a738d3-0145-4b42-8b1b-b5be9f604b49: new RaftServerImpl for group-08FC65E25187:[ac481237-f71e-4eeb-9120-a6c52bf83f13|127.0.0.1:15063, 89a738d3-0145-4b42-8b1b-b5be9f604b49|127.0.0.1:15071, 311b5faf-4d73-479d-9d03-a3296c64f810|127.0.0.1:15015] with ContainerStateMachine:uninitialized
2025-07-14 15:01:23,047 [89a738d3-0145-4b42-8b1b-b5be9f604b49-groupManagement] INFO  server.RaftServer$Division (ServerState.java:<init>(114)) - 89a738d3-0145-4b42-8b1b-b5be9f604b49@group-08FC65E25187: ConfigurationManager, init=conf: {index: -1, cur=peers:[ac481237-f71e-4eeb-9120-a6c52bf83f13|127.0.0.1:15063, 89a738d3-0145-4b42-8b1b-b5be9f604b49|127.0.0.1:15071, 311b5faf-4d73-479d-9d03-a3296c64f810|127.0.0.1:15015]|listeners:[], old=null}, confs=<EMPTY_MAP>
2025-07-14 15:01:23,051 [89a738d3-0145-4b42-8b1b-b5be9f604b49-groupManagement] INFO  server.RaftServerConfigKeys (ConfUtils.java:logGet(62)) - raft.server.storage.dir = [/home/runner/work/ozone/ozone/hadoop-ozone/integration-test/target/test-dir/MiniOzoneClusterImpl-aaa7dc72-7fbf-48e0-acc5-129182712624/ozone-meta/datanode-8/ratis] (custom)
2025-07-14 15:01:23,051 [89a738d3-0145-4b42-8b1b-b5be9f604b49-groupManagement] INFO  storage.RaftStorageDirectory (RaftStorageDirectoryImpl.java:analyzeStorage(138)) - The storage directory /home/runner/work/ozone/ozone/hadoop-ozone/integration-test/target/test-dir/MiniOzoneClusterImpl-aaa7dc72-7fbf-48e0-acc5-129182712624/ozone-meta/datanode-8/ratis/101547ce-5b5c-4c10-beb7-08fc65e25187 does not exist. Creating ...
2025-07-14 15:01:23,052 [89a738d3-0145-4b42-8b1b-b5be9f604b49-groupManagement] INFO  storage.RaftStorageDirectory (RaftStorageDirectoryImpl.java:tryLock(229)) - Lock on /home/runner/work/ozone/ozone/hadoop-ozone/integration-test/target/test-dir/MiniOzoneClusterImpl-aaa7dc72-7fbf-48e0-acc5-129182712624/ozone-meta/datanode-8/ratis/101547ce-5b5c-4c10-beb7-08fc65e25187/in_use.lock acquired by nodename 18082@localhost
2025-07-14 15:01:23,054 [89a738d3-0145-4b42-8b1b-b5be9f604b49-groupManagement] INFO  storage.RaftStorage (RaftStorageImpl.java:format(98)) - Storage directory /home/runner/work/ozone/ozone/hadoop-ozone/integration-test/target/test-dir/MiniOzoneClusterImpl-aaa7dc72-7fbf-48e0-acc5-129182712624/ozone-meta/datanode-8/ratis/101547ce-5b5c-4c10-beb7-08fc65e25187 has been successfully formatted.
2025-07-14 15:01:23,054 [89a738d3-0145-4b42-8b1b-b5be9f604b49-groupManagement] INFO  ratis.ContainerStateMachine (ContainerStateMachine.java:initialize(339)) - 89a738d3-0145-4b42-8b1b-b5be9f604b49: initialize group-08FC65E25187
2025-07-14 15:01:23,054 [89a738d3-0145-4b42-8b1b-b5be9f604b49-groupManagement] INFO  ratis.ContainerStateMachine (ContainerStateMachine.java:loadSnapshot(347)) - group-08FC65E25187: The snapshot info is null. Setting the last applied index to:<INITIAL_VALUE>
2025-07-14 15:01:23,054 [89a738d3-0145-4b42-8b1b-b5be9f604b49-groupManagement] INFO  server.RaftServerConfigKeys (ConfUtils.java:logGet(62)) - raft.server.log.appender.buffer.byte-limit = 33554432 (custom)
2025-07-14 15:01:23,056 [89a738d3-0145-4b42-8b1b-b5be9f604b49-groupManagement] INFO  server.RaftServerConfigKeys (ConfUtils.java:logGet(62)) - raft.server.log.segment.size.max = 67108864 (custom)
2025-07-14 15:01:23,056 [89a738d3-0145-4b42-8b1b-b5be9f604b49-groupManagement] INFO  server.RaftServerConfigKeys (ConfUtils.java:logGet(62)) - raft.server.log.appender.buffer.byte-limit = 33554432 (custom)
2025-07-14 15:01:23,056 [89a738d3-0145-4b42-8b1b-b5be9f604b49-groupManagement] INFO  util.AwaitToRun (AwaitToRun.java:start(81)) - Thread[#1994,89a738d3-0145-4b42-8b1b-b5be9f604b49@group-08FC65E25187-cacheEviction-AwaitToRun,5,main] started
2025-07-14 15:01:23,056 [89a738d3-0145-4b42-8b1b-b5be9f604b49-groupManagement] INFO  segmented.SegmentedRaftLogWorker (SegmentedRaftLogWorker.java:<init>(190)) - new 89a738d3-0145-4b42-8b1b-b5be9f604b49@group-08FC65E25187-SegmentedRaftLogWorker for RaftStorageImpl:Storage Directory /home/runner/work/ozone/ozone/hadoop-ozone/integration-test/target/test-dir/MiniOzoneClusterImpl-aaa7dc72-7fbf-48e0-acc5-129182712624/ozone-meta/datanode-8/ratis/101547ce-5b5c-4c10-beb7-08fc65e25187
2025-07-14 15:01:23,056 [89a738d3-0145-4b42-8b1b-b5be9f604b49-groupManagement] INFO  server.RaftServerConfigKeys (ConfUtils.java:logGet(62)) - raft.server.log.queue.byte-limit = 4294967296 (custom)
2025-07-14 15:01:23,056 [89a738d3-0145-4b42-8b1b-b5be9f604b49-groupManagement] INFO  server.RaftServerConfigKeys (ConfUtils.java:logGet(62)) - raft.server.log.segment.size.max = 67108864 (custom)
2025-07-14 15:01:23,056 [89a738d3-0145-4b42-8b1b-b5be9f604b49-groupManagement] INFO  server.RaftServerConfigKeys (ConfUtils.java:logGet(62)) - raft.server.log.preallocated.size = 4194304 (custom)
2025-07-14 15:01:23,057 [89a738d3-0145-4b42-8b1b-b5be9f604b49-groupManagement] INFO  server.RaftServerConfigKeys (ConfUtils.java:logGet(62)) - raft.server.log.write.buffer.size = 33554440 (custom)
2025-07-14 15:01:23,061 [89a738d3-0145-4b42-8b1b-b5be9f604b49-groupManagement] INFO  server.RaftServerConfigKeys (ConfUtils.java:logGet(62)) - raft.server.log.appender.buffer.byte-limit = 33554432 (custom)
2025-07-14 15:01:23,062 [89a738d3-0145-4b42-8b1b-b5be9f604b49-groupManagement] INFO  segmented.SegmentedRaftLogWorker (SegmentedRaftLogWorker.java:lambda$new$0(141)) - 89a738d3-0145-4b42-8b1b-b5be9f604b49@group-08FC65E25187-SegmentedRaftLogWorker: flushIndex: setUnconditionally 0 -> -1
2025-07-14 15:01:23,062 [89a738d3-0145-4b42-8b1b-b5be9f604b49-groupManagement] INFO  segmented.SegmentedRaftLogWorker (SegmentedRaftLogWorker.java:lambda$new$0(141)) - 89a738d3-0145-4b42-8b1b-b5be9f604b49@group-08FC65E25187-SegmentedRaftLogWorker: safeCacheEvictIndex: setUnconditionally 0 -> -1
2025-07-14 15:01:23,062 [89a738d3-0145-4b42-8b1b-b5be9f604b49-groupManagement] INFO  server.RaftServer$Division (RaftServerImpl.java:start(405)) - 89a738d3-0145-4b42-8b1b-b5be9f604b49@group-08FC65E25187: start as a follower, conf=conf: {index: -1, cur=peers:[ac481237-f71e-4eeb-9120-a6c52bf83f13|127.0.0.1:15063, 89a738d3-0145-4b42-8b1b-b5be9f604b49|127.0.0.1:15071, 311b5faf-4d73-479d-9d03-a3296c64f810|127.0.0.1:15015]|listeners:[], old=null}
2025-07-14 15:01:23,062 [89a738d3-0145-4b42-8b1b-b5be9f604b49-groupManagement] INFO  server.RaftServer$Division (RaftServerImpl.java:setRole(392)) - 89a738d3-0145-4b42-8b1b-b5be9f604b49@group-08FC65E25187: changes role from      null to FOLLOWER at term 0 for startAsFollower
2025-07-14 15:01:23,062 [89a738d3-0145-4b42-8b1b-b5be9f604b49-groupManagement] INFO  impl.RoleInfo (RoleInfo.java:updateAndGet(148)) - 89a738d3-0145-4b42-8b1b-b5be9f604b49: start 89a738d3-0145-4b42-8b1b-b5be9f604b49@group-08FC65E25187-FollowerState
2025-07-14 15:01:23,062 [89a738d3-0145-4b42-8b1b-b5be9f604b49-groupManagement] INFO  util.JmxRegister (JmxRegister.java:tryRegister(44)) - Successfully registered JMX Bean with object name Ratis:service=RaftServer,group=group-08FC65E25187,id=89a738d3-0145-4b42-8b1b-b5be9f604b49
2025-07-14 15:01:23,062 [89a738d3-0145-4b42-8b1b-b5be9f604b49-groupManagement] INFO  util.JmxRegister (JmxRegister.java:register(58)) - register mxBean class org.apache.ratis.server.impl.RaftServerJmxAdapter as Ratis:service=RaftServer,group=group-08FC65E25187,id=89a738d3-0145-4b42-8b1b-b5be9f604b49
2025-07-14 15:01:23,063 [89a738d3-0145-4b42-8b1b-b5be9f604b49-groupManagement] INFO  server.RaftServer$Division (RaftServerImpl.java:start(419)) - 89a738d3-0145-4b42-8b1b-b5be9f604b49@group-08FC65E25187: Successfully started.
2025-07-14 15:01:23,063 [89a738d3-0145-4b42-8b1b-b5be9f604b49-PipelineCommandHandlerThread-0] INFO  ratis.XceiverServerRatis (XceiverServerRatis.java:addGroup(843)) - Created group Pipeline-101547ce-5b5c-4c10-beb7-08fc65e25187
2025-07-14 15:01:23,068 [grpc-default-executor-4] INFO  server.RaftServer (RaftServerProxy.java:addNew(105)) - ac481237-f71e-4eeb-9120-a6c52bf83f13: addNew group-08FC65E25187:[ac481237-f71e-4eeb-9120-a6c52bf83f13|127.0.0.1:15063, 89a738d3-0145-4b42-8b1b-b5be9f604b49|127.0.0.1:15071, 311b5faf-4d73-479d-9d03-a3296c64f810|127.0.0.1:15015] returns group-08FC65E25187:java.util.concurrent.CompletableFuture@c6efbd5[Not completed]
2025-07-14 15:01:23,070 [ac481237-f71e-4eeb-9120-a6c52bf83f13-groupManagement] INFO  server.RaftServer$Division (RaftServerImpl.java:<init>(268)) - ac481237-f71e-4eeb-9120-a6c52bf83f13: new RaftServerImpl for group-08FC65E25187:[ac481237-f71e-4eeb-9120-a6c52bf83f13|127.0.0.1:15063, 89a738d3-0145-4b42-8b1b-b5be9f604b49|127.0.0.1:15071, 311b5faf-4d73-479d-9d03-a3296c64f810|127.0.0.1:15015] with ContainerStateMachine:uninitialized
2025-07-14 15:01:23,070 [ac481237-f71e-4eeb-9120-a6c52bf83f13-groupManagement] INFO  server.RaftServer$Division (ServerState.java:<init>(114)) - ac481237-f71e-4eeb-9120-a6c52bf83f13@group-08FC65E25187: ConfigurationManager, init=conf: {index: -1, cur=peers:[ac481237-f71e-4eeb-9120-a6c52bf83f13|127.0.0.1:15063, 89a738d3-0145-4b42-8b1b-b5be9f604b49|127.0.0.1:15071, 311b5faf-4d73-479d-9d03-a3296c64f810|127.0.0.1:15015]|listeners:[], old=null}, confs=<EMPTY_MAP>
2025-07-14 15:01:23,074 [ac481237-f71e-4eeb-9120-a6c52bf83f13-groupManagement] INFO  server.RaftServerConfigKeys (ConfUtils.java:logGet(62)) - raft.server.storage.dir = [/home/runner/work/ozone/ozone/hadoop-ozone/integration-test/target/test-dir/MiniOzoneClusterImpl-aaa7dc72-7fbf-48e0-acc5-129182712624/ozone-meta/datanode-7/ratis2f800b45-45bc-45dc-b6ff-7f8e692838a6] (custom)
2025-07-14 15:01:23,075 [ac481237-f71e-4eeb-9120-a6c52bf83f13-groupManagement] INFO  storage.RaftStorageDirectory (RaftStorageDirectoryImpl.java:analyzeStorage(138)) - The storage directory /home/runner/work/ozone/ozone/hadoop-ozone/integration-test/target/test-dir/MiniOzoneClusterImpl-aaa7dc72-7fbf-48e0-acc5-129182712624/ozone-meta/datanode-7/ratis2f800b45-45bc-45dc-b6ff-7f8e692838a6/101547ce-5b5c-4c10-beb7-08fc65e25187 does not exist. Creating ...
2025-07-14 15:01:23,076 [ac481237-f71e-4eeb-9120-a6c52bf83f13-groupManagement] INFO  storage.RaftStorageDirectory (RaftStorageDirectoryImpl.java:tryLock(229)) - Lock on /home/runner/work/ozone/ozone/hadoop-ozone/integration-test/target/test-dir/MiniOzoneClusterImpl-aaa7dc72-7fbf-48e0-acc5-129182712624/ozone-meta/datanode-7/ratis2f800b45-45bc-45dc-b6ff-7f8e692838a6/101547ce-5b5c-4c10-beb7-08fc65e25187/in_use.lock acquired by nodename 18082@localhost
2025-07-14 15:01:23,077 [ac481237-f71e-4eeb-9120-a6c52bf83f13-groupManagement] INFO  storage.RaftStorage (RaftStorageImpl.java:format(98)) - Storage directory /home/runner/work/ozone/ozone/hadoop-ozone/integration-test/target/test-dir/MiniOzoneClusterImpl-aaa7dc72-7fbf-48e0-acc5-129182712624/ozone-meta/datanode-7/ratis2f800b45-45bc-45dc-b6ff-7f8e692838a6/101547ce-5b5c-4c10-beb7-08fc65e25187 has been successfully formatted.
2025-07-14 15:01:23,077 [ac481237-f71e-4eeb-9120-a6c52bf83f13-groupManagement] INFO  ratis.ContainerStateMachine (ContainerStateMachine.java:initialize(339)) - ac481237-f71e-4eeb-9120-a6c52bf83f13: initialize group-08FC65E25187
2025-07-14 15:01:23,077 [ac481237-f71e-4eeb-9120-a6c52bf83f13-groupManagement] INFO  ratis.ContainerStateMachine (ContainerStateMachine.java:loadSnapshot(347)) - group-08FC65E25187: The snapshot info is null. Setting the last applied index to:<INITIAL_VALUE>
2025-07-14 15:01:23,077 [ac481237-f71e-4eeb-9120-a6c52bf83f13-groupManagement] INFO  server.RaftServerConfigKeys (ConfUtils.java:logGet(62)) - raft.server.log.appender.buffer.byte-limit = 33554432 (custom)
2025-07-14 15:01:23,079 [ac481237-f71e-4eeb-9120-a6c52bf83f13-groupManagement] INFO  server.RaftServerConfigKeys (ConfUtils.java:logGet(62)) - raft.server.log.segment.size.max = 67108864 (custom)
2025-07-14 15:01:23,079 [ac481237-f71e-4eeb-9120-a6c52bf83f13-groupManagement] INFO  server.RaftServerConfigKeys (ConfUtils.java:logGet(62)) - raft.server.log.appender.buffer.byte-limit = 33554432 (custom)
2025-07-14 15:01:23,080 [ac481237-f71e-4eeb-9120-a6c52bf83f13-groupManagement] INFO  util.AwaitToRun (AwaitToRun.java:start(81)) - Thread[#1998,ac481237-f71e-4eeb-9120-a6c52bf83f13@group-08FC65E25187-cacheEviction-AwaitToRun,5,main] started
2025-07-14 15:01:23,080 [ac481237-f71e-4eeb-9120-a6c52bf83f13-groupManagement] INFO  segmented.SegmentedRaftLogWorker (SegmentedRaftLogWorker.java:<init>(190)) - new ac481237-f71e-4eeb-9120-a6c52bf83f13@group-08FC65E25187-SegmentedRaftLogWorker for RaftStorageImpl:Storage Directory /home/runner/work/ozone/ozone/hadoop-ozone/integration-test/target/test-dir/MiniOzoneClusterImpl-aaa7dc72-7fbf-48e0-acc5-129182712624/ozone-meta/datanode-7/ratis2f800b45-45bc-45dc-b6ff-7f8e692838a6/101547ce-5b5c-4c10-beb7-08fc65e25187
2025-07-14 15:01:23,080 [ac481237-f71e-4eeb-9120-a6c52bf83f13-groupManagement] INFO  server.RaftServerConfigKeys (ConfUtils.java:logGet(62)) - raft.server.log.queue.byte-limit = 4294967296 (custom)
2025-07-14 15:01:23,080 [ac481237-f71e-4eeb-9120-a6c52bf83f13-groupManagement] INFO  server.RaftServerConfigKeys (ConfUtils.java:logGet(62)) - raft.server.log.segment.size.max = 67108864 (custom)
2025-07-14 15:01:23,080 [ac481237-f71e-4eeb-9120-a6c52bf83f13-groupManagement] INFO  server.RaftServerConfigKeys (ConfUtils.java:logGet(62)) - raft.server.log.preallocated.size = 4194304 (custom)
2025-07-14 15:01:23,080 [ac481237-f71e-4eeb-9120-a6c52bf83f13-groupManagement] INFO  server.RaftServerConfigKeys (ConfUtils.java:logGet(62)) - raft.server.log.write.buffer.size = 33554440 (custom)
2025-07-14 15:01:23,084 [ac481237-f71e-4eeb-9120-a6c52bf83f13-groupManagement] INFO  server.RaftServerConfigKeys (ConfUtils.java:logGet(62)) - raft.server.log.appender.buffer.byte-limit = 33554432 (custom)
2025-07-14 15:01:23,085 [ac481237-f71e-4eeb-9120-a6c52bf83f13-groupManagement] INFO  segmented.SegmentedRaftLogWorker (SegmentedRaftLogWorker.java:lambda$new$0(141)) - ac481237-f71e-4eeb-9120-a6c52bf83f13@group-08FC65E25187-SegmentedRaftLogWorker: flushIndex: setUnconditionally 0 -> -1
2025-07-14 15:01:23,085 [ac481237-f71e-4eeb-9120-a6c52bf83f13-groupManagement] INFO  segmented.SegmentedRaftLogWorker (SegmentedRaftLogWorker.java:lambda$new$0(141)) - ac481237-f71e-4eeb-9120-a6c52bf83f13@group-08FC65E25187-SegmentedRaftLogWorker: safeCacheEvictIndex: setUnconditionally 0 -> -1
2025-07-14 15:01:23,085 [ac481237-f71e-4eeb-9120-a6c52bf83f13-groupManagement] INFO  server.RaftServer$Division (RaftServerImpl.java:start(405)) - ac481237-f71e-4eeb-9120-a6c52bf83f13@group-08FC65E25187: start as a follower, conf=conf: {index: -1, cur=peers:[ac481237-f71e-4eeb-9120-a6c52bf83f13|127.0.0.1:15063, 89a738d3-0145-4b42-8b1b-b5be9f604b49|127.0.0.1:15071, 311b5faf-4d73-479d-9d03-a3296c64f810|127.0.0.1:15015]|listeners:[], old=null}
2025-07-14 15:01:23,085 [ac481237-f71e-4eeb-9120-a6c52bf83f13-groupManagement] INFO  server.RaftServer$Division (RaftServerImpl.java:setRole(392)) - ac481237-f71e-4eeb-9120-a6c52bf83f13@group-08FC65E25187: changes role from      null to FOLLOWER at term 0 for startAsFollower
2025-07-14 15:01:23,085 [ac481237-f71e-4eeb-9120-a6c52bf83f13-groupManagement] INFO  impl.RoleInfo (RoleInfo.java:updateAndGet(148)) - ac481237-f71e-4eeb-9120-a6c52bf83f13: start ac481237-f71e-4eeb-9120-a6c52bf83f13@group-08FC65E25187-FollowerState
2025-07-14 15:01:23,085 [ac481237-f71e-4eeb-9120-a6c52bf83f13-groupManagement] INFO  util.JmxRegister (JmxRegister.java:tryRegister(44)) - Successfully registered JMX Bean with object name Ratis:service=RaftServer,group=group-08FC65E25187,id=ac481237-f71e-4eeb-9120-a6c52bf83f13
2025-07-14 15:01:23,085 [ac481237-f71e-4eeb-9120-a6c52bf83f13-groupManagement] INFO  util.JmxRegister (JmxRegister.java:register(58)) - register mxBean class org.apache.ratis.server.impl.RaftServerJmxAdapter as Ratis:service=RaftServer,group=group-08FC65E25187,id=ac481237-f71e-4eeb-9120-a6c52bf83f13
2025-07-14 15:01:23,086 [ac481237-f71e-4eeb-9120-a6c52bf83f13-groupManagement] INFO  server.RaftServer$Division (RaftServerImpl.java:start(419)) - ac481237-f71e-4eeb-9120-a6c52bf83f13@group-08FC65E25187: Successfully started.
2025-07-14 15:01:23,092 [grpc-default-executor-4] INFO  server.RaftServer (RaftServerProxy.java:addNew(105)) - 311b5faf-4d73-479d-9d03-a3296c64f810: addNew group-08FC65E25187:[ac481237-f71e-4eeb-9120-a6c52bf83f13|127.0.0.1:15063, 89a738d3-0145-4b42-8b1b-b5be9f604b49|127.0.0.1:15071, 311b5faf-4d73-479d-9d03-a3296c64f810|127.0.0.1:15015] returns group-08FC65E25187:java.util.concurrent.CompletableFuture@5e3e2e0f[Not completed]
2025-07-14 15:01:23,093 [311b5faf-4d73-479d-9d03-a3296c64f810-groupManagement] INFO  server.RaftServer$Division (RaftServerImpl.java:<init>(268)) - 311b5faf-4d73-479d-9d03-a3296c64f810: new RaftServerImpl for group-08FC65E25187:[ac481237-f71e-4eeb-9120-a6c52bf83f13|127.0.0.1:15063, 89a738d3-0145-4b42-8b1b-b5be9f604b49|127.0.0.1:15071, 311b5faf-4d73-479d-9d03-a3296c64f810|127.0.0.1:15015] with ContainerStateMachine:uninitialized
2025-07-14 15:01:23,093 [311b5faf-4d73-479d-9d03-a3296c64f810-groupManagement] INFO  server.RaftServer$Division (ServerState.java:<init>(114)) - 311b5faf-4d73-479d-9d03-a3296c64f810@group-08FC65E25187: ConfigurationManager, init=conf: {index: -1, cur=peers:[ac481237-f71e-4eeb-9120-a6c52bf83f13|127.0.0.1:15063, 89a738d3-0145-4b42-8b1b-b5be9f604b49|127.0.0.1:15071, 311b5faf-4d73-479d-9d03-a3296c64f810|127.0.0.1:15015]|listeners:[], old=null}, confs=<EMPTY_MAP>
2025-07-14 15:01:23,096 [311b5faf-4d73-479d-9d03-a3296c64f810-groupManagement] INFO  server.RaftServerConfigKeys (ConfUtils.java:logGet(62)) - raft.server.storage.dir = [/home/runner/work/ozone/ozone/hadoop-ozone/integration-test/target/test-dir/MiniOzoneClusterImpl-aaa7dc72-7fbf-48e0-acc5-129182712624/ozone-meta/datanode-1/ratis] (custom)
2025-07-14 15:01:23,096 [311b5faf-4d73-479d-9d03-a3296c64f810-groupManagement] INFO  storage.RaftStorageDirectory (RaftStorageDirectoryImpl.java:analyzeStorage(138)) - The storage directory /home/runner/work/ozone/ozone/hadoop-ozone/integration-test/target/test-dir/MiniOzoneClusterImpl-aaa7dc72-7fbf-48e0-acc5-129182712624/ozone-meta/datanode-1/ratis/101547ce-5b5c-4c10-beb7-08fc65e25187 does not exist. Creating ...
2025-07-14 15:01:23,097 [311b5faf-4d73-479d-9d03-a3296c64f810-groupManagement] INFO  storage.RaftStorageDirectory (RaftStorageDirectoryImpl.java:tryLock(229)) - Lock on /home/runner/work/ozone/ozone/hadoop-ozone/integration-test/target/test-dir/MiniOzoneClusterImpl-aaa7dc72-7fbf-48e0-acc5-129182712624/ozone-meta/datanode-1/ratis/101547ce-5b5c-4c10-beb7-08fc65e25187/in_use.lock acquired by nodename 18082@localhost
2025-07-14 15:01:23,098 [311b5faf-4d73-479d-9d03-a3296c64f810-groupManagement] INFO  storage.RaftStorage (RaftStorageImpl.java:format(98)) - Storage directory /home/runner/work/ozone/ozone/hadoop-ozone/integration-test/target/test-dir/MiniOzoneClusterImpl-aaa7dc72-7fbf-48e0-acc5-129182712624/ozone-meta/datanode-1/ratis/101547ce-5b5c-4c10-beb7-08fc65e25187 has been successfully formatted.
2025-07-14 15:01:23,098 [311b5faf-4d73-479d-9d03-a3296c64f810-groupManagement] INFO  ratis.ContainerStateMachine (ContainerStateMachine.java:initialize(339)) - 311b5faf-4d73-479d-9d03-a3296c64f810: initialize group-08FC65E25187
2025-07-14 15:01:23,098 [311b5faf-4d73-479d-9d03-a3296c64f810-groupManagement] INFO  ratis.ContainerStateMachine (ContainerStateMachine.java:loadSnapshot(347)) - group-08FC65E25187: The snapshot info is null. Setting the last applied index to:<INITIAL_VALUE>
2025-07-14 15:01:23,098 [311b5faf-4d73-479d-9d03-a3296c64f810-groupManagement] INFO  server.RaftServerConfigKeys (ConfUtils.java:logGet(62)) - raft.server.log.appender.buffer.byte-limit = 33554432 (custom)
2025-07-14 15:01:23,099 [311b5faf-4d73-479d-9d03-a3296c64f810-groupManagement] INFO  server.RaftServerConfigKeys (ConfUtils.java:logGet(62)) - raft.server.log.segment.size.max = 67108864 (custom)
2025-07-14 15:01:23,100 [311b5faf-4d73-479d-9d03-a3296c64f810-groupManagement] INFO  server.RaftServerConfigKeys (ConfUtils.java:logGet(62)) - raft.server.log.appender.buffer.byte-limit = 33554432 (custom)
2025-07-14 15:01:23,100 [311b5faf-4d73-479d-9d03-a3296c64f810-groupManagement] INFO  util.AwaitToRun (AwaitToRun.java:start(81)) - Thread[#2005,311b5faf-4d73-479d-9d03-a3296c64f810@group-08FC65E25187-cacheEviction-AwaitToRun,5,main] started
2025-07-14 15:01:23,100 [311b5faf-4d73-479d-9d03-a3296c64f810-groupManagement] INFO  segmented.SegmentedRaftLogWorker (SegmentedRaftLogWorker.java:<init>(190)) - new 311b5faf-4d73-479d-9d03-a3296c64f810@group-08FC65E25187-SegmentedRaftLogWorker for RaftStorageImpl:Storage Directory /home/runner/work/ozone/ozone/hadoop-ozone/integration-test/target/test-dir/MiniOzoneClusterImpl-aaa7dc72-7fbf-48e0-acc5-129182712624/ozone-meta/datanode-1/ratis/101547ce-5b5c-4c10-beb7-08fc65e25187
2025-07-14 15:01:23,100 [311b5faf-4d73-479d-9d03-a3296c64f810-groupManagement] INFO  server.RaftServerConfigKeys (ConfUtils.java:logGet(62)) - raft.server.log.queue.byte-limit = 4294967296 (custom)
2025-07-14 15:01:23,100 [311b5faf-4d73-479d-9d03-a3296c64f810-groupManagement] INFO  server.RaftServerConfigKeys (ConfUtils.java:logGet(62)) - raft.server.log.segment.size.max = 67108864 (custom)
2025-07-14 15:01:23,100 [311b5faf-4d73-479d-9d03-a3296c64f810-groupManagement] INFO  server.RaftServerConfigKeys (ConfUtils.java:logGet(62)) - raft.server.log.preallocated.size = 4194304 (custom)
2025-07-14 15:01:23,101 [311b5faf-4d73-479d-9d03-a3296c64f810-groupManagement] INFO  server.RaftServerConfigKeys (ConfUtils.java:logGet(62)) - raft.server.log.write.buffer.size = 33554440 (custom)
2025-07-14 15:01:23,106 [311b5faf-4d73-479d-9d03-a3296c64f810-groupManagement] INFO  server.RaftServerConfigKeys (ConfUtils.java:logGet(62)) - raft.server.log.appender.buffer.byte-limit = 33554432 (custom)
2025-07-14 15:01:23,106 [311b5faf-4d73-479d-9d03-a3296c64f810-groupManagement] INFO  segmented.SegmentedRaftLogWorker (SegmentedRaftLogWorker.java:lambda$new$0(141)) - 311b5faf-4d73-479d-9d03-a3296c64f810@group-08FC65E25187-SegmentedRaftLogWorker: flushIndex: setUnconditionally 0 -> -1
2025-07-14 15:01:23,106 [311b5faf-4d73-479d-9d03-a3296c64f810-groupManagement] INFO  segmented.SegmentedRaftLogWorker (SegmentedRaftLogWorker.java:lambda$new$0(141)) - 311b5faf-4d73-479d-9d03-a3296c64f810@group-08FC65E25187-SegmentedRaftLogWorker: safeCacheEvictIndex: setUnconditionally 0 -> -1
2025-07-14 15:01:23,107 [311b5faf-4d73-479d-9d03-a3296c64f810-groupManagement] INFO  server.RaftServer$Division (RaftServerImpl.java:start(405)) - 311b5faf-4d73-479d-9d03-a3296c64f810@group-08FC65E25187: start as a follower, conf=conf: {index: -1, cur=peers:[ac481237-f71e-4eeb-9120-a6c52bf83f13|127.0.0.1:15063, 89a738d3-0145-4b42-8b1b-b5be9f604b49|127.0.0.1:15071, 311b5faf-4d73-479d-9d03-a3296c64f810|127.0.0.1:15015]|listeners:[], old=null}
2025-07-14 15:01:23,107 [311b5faf-4d73-479d-9d03-a3296c64f810-groupManagement] INFO  server.RaftServer$Division (RaftServerImpl.java:setRole(392)) - 311b5faf-4d73-479d-9d03-a3296c64f810@group-08FC65E25187: changes role from      null to FOLLOWER at term 0 for startAsFollower
2025-07-14 15:01:23,107 [311b5faf-4d73-479d-9d03-a3296c64f810-groupManagement] INFO  impl.RoleInfo (RoleInfo.java:updateAndGet(148)) - 311b5faf-4d73-479d-9d03-a3296c64f810: start 311b5faf-4d73-479d-9d03-a3296c64f810@group-08FC65E25187-FollowerState
2025-07-14 15:01:23,107 [311b5faf-4d73-479d-9d03-a3296c64f810-groupManagement] INFO  util.JmxRegister (JmxRegister.java:tryRegister(44)) - Successfully registered JMX Bean with object name Ratis:service=RaftServer,group=group-08FC65E25187,id=311b5faf-4d73-479d-9d03-a3296c64f810
2025-07-14 15:01:23,107 [311b5faf-4d73-479d-9d03-a3296c64f810-groupManagement] INFO  util.JmxRegister (JmxRegister.java:register(58)) - register mxBean class org.apache.ratis.server.impl.RaftServerJmxAdapter as Ratis:service=RaftServer,group=group-08FC65E25187,id=311b5faf-4d73-479d-9d03-a3296c64f810
2025-07-14 15:01:23,109 [311b5faf-4d73-479d-9d03-a3296c64f810-groupManagement] INFO  server.RaftServer$Division (RaftServerImpl.java:start(419)) - 311b5faf-4d73-479d-9d03-a3296c64f810@group-08FC65E25187: Successfully started.
2025-07-14 15:01:23,114 [89a738d3-0145-4b42-8b1b-b5be9f604b49-PipelineCommandHandlerThread-0] INFO  commandhandler.CreatePipelineCommandHandler (CreatePipelineCommandHandler.java:lambda$handle$2(127)) - Created Pipeline RATIS THREE Pipeline-101547ce-5b5c-4c10-beb7-08fc65e25187.
2025-07-14 15:01:23,124 [0f2a098c-ed74-48ca-a55f-ceee6161c687-groupManagement] INFO  server.RaftServer$Division (RaftServerImpl.java:<init>(268)) - 0f2a098c-ed74-48ca-a55f-ceee6161c687: new RaftServerImpl for group-82905689EA19:[9eae2efb-1df6-4ce6-ae9d-8504348dafa1|127.0.0.1:15079, 0f2a098c-ed74-48ca-a55f-ceee6161c687|127.0.0.1:15023, b5acb6b3-ef2b-41db-9bfa-77a47d0ca582|127.0.0.1:15031] with ContainerStateMachine:uninitialized
2025-07-14 15:01:23,124 [0f2a098c-ed74-48ca-a55f-ceee6161c687-groupManagement] INFO  server.RaftServer$Division (ServerState.java:<init>(114)) - 0f2a098c-ed74-48ca-a55f-ceee6161c687@group-82905689EA19: ConfigurationManager, init=conf: {index: -1, cur=peers:[9eae2efb-1df6-4ce6-ae9d-8504348dafa1|127.0.0.1:15079, 0f2a098c-ed74-48ca-a55f-ceee6161c687|127.0.0.1:15023, b5acb6b3-ef2b-41db-9bfa-77a47d0ca582|127.0.0.1:15031]|listeners:[], old=null}, confs=<EMPTY_MAP>
2025-07-14 15:01:23,125 [0f2a098c-ed74-48ca-a55f-ceee6161c687-PipelineCommandHandlerThread-0] INFO  server.RaftServer (RaftServerProxy.java:addNew(105)) - 0f2a098c-ed74-48ca-a55f-ceee6161c687: addNew group-82905689EA19:[9eae2efb-1df6-4ce6-ae9d-8504348dafa1|127.0.0.1:15079, 0f2a098c-ed74-48ca-a55f-ceee6161c687|127.0.0.1:15023, b5acb6b3-ef2b-41db-9bfa-77a47d0ca582|127.0.0.1:15031] returns group-82905689EA19:java.util.concurrent.CompletableFuture@57dbc0f5[Not completed]
2025-07-14 15:01:23,125 [main] INFO  ozone.MiniOzoneClusterImpl (MiniOzoneClusterImpl.java:lambda$waitForClusterToBeReady$0(173)) - Nodes are ready. Got 10 of 10 DN Heartbeats.
2025-07-14 15:01:23,126 [main] INFO  ozone.MiniOzoneClusterImpl (MiniOzoneClusterImpl.java:lambda$waitForClusterToBeReady$0(176)) - Cluster exits safe mode
2025-07-14 15:01:23,126 [main] INFO  ozone.MiniOzoneClusterImpl (MiniOzoneClusterImpl.java:lambda$waitForClusterToBeReady$0(178)) - SCM became leader
2025-07-14 15:01:23,129 [0f2a098c-ed74-48ca-a55f-ceee6161c687-groupManagement] INFO  server.RaftServerConfigKeys (ConfUtils.java:logGet(62)) - raft.server.storage.dir = [/home/runner/work/ozone/ozone/hadoop-ozone/integration-test/target/test-dir/MiniOzoneClusterImpl-aaa7dc72-7fbf-48e0-acc5-129182712624/ozone-meta/datanode-2/ratis] (custom)
2025-07-14 15:01:23,129 [main] WARN  keyvalue.KeyValueHandler (ContainerUtils.java:logAndReturnError(94)) - Operation: CloseContainer , Trace ID:  , Message: Cannot close container #7 while in UNHEALTHY state. , Result: CONTAINER_UNHEALTHY , StorageContainerException Occurred.
org.apache.hadoop.hdds.scm.container.common.helpers.StorageContainerException: Cannot close container #7 while in UNHEALTHY state.
	at org.apache.hadoop.ozone.container.keyvalue.KeyValueHandler.closeContainer(KeyValueHandler.java:1539)
	at org.apache.hadoop.ozone.container.keyvalue.KeyValueHandler.handleCloseContainer(KeyValueHandler.java:611)
	at org.apache.hadoop.ozone.container.keyvalue.KeyValueHandler.dispatchRequest(KeyValueHandler.java:328)
	at org.apache.hadoop.ozone.container.keyvalue.KeyValueHandler.handle(KeyValueHandler.java:293)
	at org.apache.hadoop.ozone.container.common.impl.HddsDispatcher.dispatchRequest(HddsDispatcher.java:365)
	at org.apache.hadoop.ozone.container.common.impl.HddsDispatcher.lambda$dispatch$1(HddsDispatcher.java:190)
	at org.apache.hadoop.hdds.server.OzoneProtocolMessageDispatcher.processRequest(OzoneProtocolMessageDispatcher.java:87)
	at org.apache.hadoop.ozone.container.common.impl.HddsDispatcher.dispatch(HddsDispatcher.java:189)
	at org.apache.hadoop.ozone.client.rpc.TestContainerStateMachineFailures.testUnhealthyContainer(TestContainerStateMachineFailures.java:451)
	at java.base/jdk.internal.reflect.DirectMethodHandleAccessor.invoke(DirectMethodHandleAccessor.java:103)
	at java.base/java.lang.reflect.Method.invoke(Method.java:580)
	at org.junit.platform.commons.util.ReflectionUtils.invokeMethod(ReflectionUtils.java:787)
	at org.junit.platform.commons.support.ReflectionSupport.invokeMethod(ReflectionSupport.java:478)
	at org.junit.jupiter.engine.execution.MethodInvocation.proceed(MethodInvocation.java:60)
	at org.junit.jupiter.engine.execution.InvocationInterceptorChain$ValidatingInvocation.proceed(InvocationInterceptorChain.java:131)
	at org.junit.jupiter.engine.extension.SameThreadTimeoutInvocation.proceed(SameThreadTimeoutInvocation.java:49)
	at org.junit.jupiter.engine.extension.TimeoutExtension.intercept(TimeoutExtension.java:161)
	at org.junit.jupiter.engine.extension.TimeoutExtension.interceptTestableMethod(TimeoutExtension.java:152)
	at org.junit.jupiter.engine.extension.TimeoutExtension.interceptTestMethod(TimeoutExtension.java:91)
	at org.junit.jupiter.engine.execution.InterceptingExecutableInvoker$ReflectiveInterceptorCall.lambda$ofVoidMethod$0(InterceptingExecutableInvoker.java:112)
	at org.junit.jupiter.engine.execution.InterceptingExecutableInvoker.lambda$invoke$0(InterceptingExecutableInvoker.java:94)
	at org.junit.jupiter.engine.execution.InvocationInterceptorChain$InterceptedInvocation.proceed(InvocationInterceptorChain.java:106)
	at org.junit.jupiter.engine.execution.InvocationInterceptorChain.proceed(InvocationInterceptorChain.java:64)
	at org.junit.jupiter.engine.execution.InvocationInterceptorChain.chainAndInvoke(InvocationInterceptorChain.java:45)
	at org.junit.jupiter.engine.execution.InvocationInterceptorChain.invoke(InvocationInterceptorChain.java:37)
	at org.junit.jupiter.engine.execution.InterceptingExecutableInvoker.invoke(InterceptingExecutableInvoker.java:93)
	at org.junit.jupiter.engine.execution.InterceptingExecutableInvoker.invoke(InterceptingExecutableInvoker.java:87)
	at org.junit.jupiter.engine.descriptor.TestMethodTestDescriptor.lambda$invokeTestMethod$4(TestMethodTestDescriptor.java:221)
	at org.junit.platform.engine.support.hierarchical.ThrowableCollector.execute(ThrowableCollector.java:73)
	at org.junit.jupiter.engine.descriptor.TestMethodTestDescriptor.invokeTestMethod(TestMethodTestDescriptor.java:217)
	at org.junit.jupiter.engine.descriptor.TestMethodTestDescriptor.execute(TestMethodTestDescriptor.java:159)
	at org.junit.jupiter.engine.descriptor.TestMethodTestDescriptor.execute(TestMethodTestDescriptor.java:70)
	at org.junit.platform.engine.support.hierarchical.NodeTestTask.lambda$executeRecursively$6(NodeTestTask.java:157)
	at org.junit.platform.engine.support.hierarchical.ThrowableCollector.execute(ThrowableCollector.java:73)
	at org.junit.platform.engine.support.hierarchical.NodeTestTask.lambda$executeRecursively$8(NodeTestTask.java:147)
	at org.junit.platform.engine.support.hierarchical.Node.around(Node.java:137)
	at org.junit.platform.engine.support.hierarchical.NodeTestTask.lambda$executeRecursively$9(NodeTestTask.java:145)
	at org.junit.platform.engine.support.hierarchical.ThrowableCollector.execute(ThrowableCollector.java:73)
	at org.junit.platform.engine.support.hierarchical.NodeTestTask.executeRecursively(NodeTestTask.java:144)
	at org.junit.platform.engine.support.hierarchical.NodeTestTask.execute(NodeTestTask.java:101)
	at java.base/java.util.ArrayList.forEach(ArrayList.java:1596)
	at org.junit.platform.engine.support.hierarchical.SameThreadHierarchicalTestExecutorService.invokeAll(SameThreadHierarchicalTestExecutorService.java:41)
	at org.junit.platform.engine.support.hierarchical.NodeTestTask.lambda$executeRecursively$6(NodeTestTask.java:161)
	at org.junit.platform.engine.support.hierarchical.ThrowableCollector.execute(ThrowableCollector.java:73)
	at org.junit.platform.engine.support.hierarchical.NodeTestTask.lambda$executeRecursively$8(NodeTestTask.java:147)
	at org.junit.platform.engine.support.hierarchical.Node.around(Node.java:137)
	at org.junit.platform.engine.support.hierarchical.NodeTestTask.lambda$executeRecursively$9(NodeTestTask.java:145)
	at org.junit.platform.engine.support.hierarchical.ThrowableCollector.execute(ThrowableCollector.java:73)
	at org.junit.platform.engine.support.hierarchical.NodeTestTask.executeRecursively(NodeTestTask.java:144)
	at org.junit.platform.engine.support.hierarchical.NodeTestTask.execute(NodeTestTask.java:101)
	at java.base/java.util.ArrayList.forEach(ArrayList.java:1596)
	at org.junit.platform.engine.support.hierarchical.SameThreadHierarchicalTestExecutorService.invokeAll(SameThreadHierarchicalTestExecutorService.java:41)
	at org.junit.platform.engine.support.hierarchical.NodeTestTask.lambda$executeRecursively$6(NodeTestTask.java:161)
	at org.junit.platform.engine.support.hierarchical.ThrowableCollector.execute(ThrowableCollector.java:73)
	at org.junit.platform.engine.support.hierarchical.NodeTestTask.lambda$executeRecursively$8(NodeTestTask.java:147)
	at org.junit.platform.engine.support.hierarchical.Node.around(Node.java:137)
	at org.junit.platform.engine.support.hierarchical.NodeTestTask.lambda$executeRecursively$9(NodeTestTask.java:145)
	at org.junit.platform.engine.support.hierarchical.ThrowableCollector.execute(ThrowableCollector.java:73)
	at org.junit.platform.engine.support.hierarchical.NodeTestTask.executeRecursively(NodeTestTask.java:144)
	at org.junit.platform.engine.support.hierarchical.NodeTestTask.execute(NodeTestTask.java:101)
	at org.junit.platform.engine.support.hierarchical.SameThreadHierarchicalTestExecutorService.submit(SameThreadHierarchicalTestExecutorService.java:35)
	at org.junit.platform.engine.support.hierarchical.HierarchicalTestExecutor.execute(HierarchicalTestExecutor.java:57)
	at org.junit.platform.engine.support.hierarchical.HierarchicalTestEngine.execute(HierarchicalTestEngine.java:54)
	at org.junit.platform.launcher.core.EngineExecutionOrchestrator.executeEngine(EngineExecutionOrchestrator.java:230)
	at org.junit.platform.launcher.core.EngineExecutionOrchestrator.failOrExecuteEngine(EngineExecutionOrchestrator.java:204)
	at org.junit.platform.launcher.core.EngineExecutionOrchestrator.execute(EngineExecutionOrchestrator.java:172)
	at org.junit.platform.launcher.core.EngineExecutionOrchestrator.execute(EngineExecutionOrchestrator.java:101)
	at org.junit.platform.launcher.core.EngineExecutionOrchestrator.lambda$execute$0(EngineExecutionOrchestrator.java:64)
	at org.junit.platform.launcher.core.EngineExecutionOrchestrator.withInterceptedStreams(EngineExecutionOrchestrator.java:150)
	at org.junit.platform.launcher.core.EngineExecutionOrchestrator.execute(EngineExecutionOrchestrator.java:63)
	at org.junit.platform.launcher.core.DefaultLauncher.execute(DefaultLauncher.java:109)
	at org.junit.platform.launcher.core.DefaultLauncher.execute(DefaultLauncher.java:91)
	at org.junit.platform.launcher.core.DelegatingLauncher.execute(DelegatingLauncher.java:47)
	at org.junit.platform.launcher.core.InterceptingLauncher.lambda$execute$1(InterceptingLauncher.java:39)
	at org.junit.platform.launcher.core.ClasspathAlignmentCheckingLauncherInterceptor.intercept(ClasspathAlignmentCheckingLauncherInterceptor.java:25)
	at org.junit.platform.launcher.core.InterceptingLauncher.execute(InterceptingLauncher.java:38)
	at org.junit.platform.launcher.core.DelegatingLauncher.execute(DelegatingLauncher.java:47)
	at org.apache.maven.surefire.junitplatform.LazyLauncher.execute(LazyLauncher.java:56)
	at org.apache.maven.surefire.junitplatform.JUnitPlatformProvider.execute(JUnitPlatformProvider.java:184)
	at org.apache.maven.surefire.junitplatform.JUnitPlatformProvider.invokeAllTests(JUnitPlatformProvider.java:148)
	at org.apache.maven.surefire.junitplatform.JUnitPlatformProvider.invoke(JUnitPlatformProvider.java:120)
	at org.apache.maven.surefire.booter.ForkedBooter.runSuitesInProcess(ForkedBooter.java:385)
	at org.apache.maven.surefire.booter.ForkedBooter.execute(ForkedBooter.java:162)
	at org.apache.maven.surefire.booter.ForkedBooter.run(ForkedBooter.java:507)
	at org.apache.maven.surefire.booter.ForkedBooter.main(ForkedBooter.java:495)
2025-07-14 15:01:23,131 [grpc-default-executor-4] WARN  server.GrpcServerProtocolService (LogUtils.java:warn(129)) - a505560f-c589-4eb5-89aa-a89970ae9358: Failed APPEND_ENTRIES request 77d16558-8a68-4655-9235-107e22ba3c38->a505560f-c589-4eb5-89aa-a89970ae9358#56-t2,previous=(t:1, i:4),leaderCommit=6,initializing? false,entries: size=2, first=(t:2, i:5), CONFIGURATIONENTRY(current:id:"77d16558-8a68-4655-9235-107e22ba3c38"address:"127.0.0.1:15047"dataStreamAddress:"127.0.0.1:15048"clientAddress:"127.0.0.1:15045"adminAddress:"127.0.0.1:15046"startupRole:FOLLOWER, id:"52f0bf1a-a22c-4dfc-83f0-dd23f5b60a86"address:"127.0.0.1:15055"dataStreamAddress:"127.0.0.1:15056"clientAddress:"127.0.0.1:15053"adminAddress:"127.0.0.1:15054"startupRole:FOLLOWER, id:"a505560f-c589-4eb5-89aa-a89970ae9358"address:"127.0.0.1:15039"priority:1dataStreamAddress:"127.0.0.1:15040"clientAddress:"127.0.0.1:15037"adminAddress:"127.0.0.1:15038"startupRole:FOLLOWER, old:)
java.util.concurrent.CompletionException: org.apache.ratis.protocol.exceptions.GroupMismatchException: a505560f-c589-4eb5-89aa-a89970ae9358: group-B771F555DC8D not found.
	at java.base/java.util.concurrent.CompletableFuture.encodeThrowable(CompletableFuture.java:332)
	at java.base/java.util.concurrent.CompletableFuture.uniComposeStage(CompletableFuture.java:1177)
	at java.base/java.util.concurrent.CompletableFuture.thenCompose(CompletableFuture.java:2341)
	at org.apache.ratis.server.impl.RaftServerProxy.appendEntriesAsync(RaftServerProxy.java:651)
	at org.apache.ratis.grpc.server.GrpcServerProtocolService$1.process(GrpcServerProtocolService.java:245)
	at org.apache.ratis.grpc.server.GrpcServerProtocolService$1.process(GrpcServerProtocolService.java:242)
	at org.apache.ratis.grpc.server.GrpcServerProtocolService$ServerRequestStreamObserver.onNext(GrpcServerProtocolService.java:150)
	at org.apache.ratis.thirdparty.io.grpc.stub.ServerCalls$StreamingServerCallHandler$StreamingServerCallListener.onMessage(ServerCalls.java:262)
	at org.apache.ratis.thirdparty.io.grpc.internal.ServerCallImpl$ServerStreamListenerImpl.messagesAvailableInternal(ServerCallImpl.java:334)
	at org.apache.ratis.thirdparty.io.grpc.internal.ServerCallImpl$ServerStreamListenerImpl.messagesAvailable(ServerCallImpl.java:319)
	at org.apache.ratis.thirdparty.io.grpc.internal.ServerImpl$JumpToApplicationThreadServerStreamListener$1MessagesAvailable.runInContext(ServerImpl.java:834)
	at org.apache.ratis.thirdparty.io.grpc.internal.ContextRunnable.run(ContextRunnable.java:37)
	at org.apache.ratis.thirdparty.io.grpc.internal.SerializingExecutor.run(SerializingExecutor.java:133)
	at java.base/java.util.concurrent.ThreadPoolExecutor.runWorker(ThreadPoolExecutor.java:1144)
	at java.base/java.util.concurrent.ThreadPoolExecutor$Worker.run(ThreadPoolExecutor.java:642)
	at java.base/java.lang.Thread.run(Thread.java:1583)
Caused by: org.apache.ratis.protocol.exceptions.GroupMismatchException: a505560f-c589-4eb5-89aa-a89970ae9358: group-B771F555DC8D not found.
	at org.apache.ratis.server.impl.RaftServerProxy$ImplMap.get(RaftServerProxy.java:160)
	at org.apache.ratis.server.impl.RaftServerProxy.getImplFuture(RaftServerProxy.java:370)
	at org.apache.ratis.server.impl.RaftServerProxy.appendEntriesAsync(RaftServerProxy.java:650)
	... 12 more
2025-07-14T15:01:23.132310104Z main ERROR user=null | ip=null | op=CLOSE_CONTAINER {containerID=7} | ret=FAILURE
java.lang.Exception: Cannot close container #7 while in UNHEALTHY state.
	at org.apache.hadoop.ozone.container.common.impl.HddsDispatcher.dispatchRequest(HddsDispatcher.java:439)
	at org.apache.hadoop.ozone.container.common.impl.HddsDispatcher.lambda$dispatch$1(HddsDispatcher.java:190)
	at org.apache.hadoop.hdds.server.OzoneProtocolMessageDispatcher.processRequest(OzoneProtocolMessageDispatcher.java:87)
	at org.apache.hadoop.ozone.container.common.impl.HddsDispatcher.dispatch(HddsDispatcher.java:189)
	at org.apache.hadoop.ozone.client.rpc.TestContainerStateMachineFailures.testUnhealthyContainer(TestContainerStateMachineFailures.java:451)
	at java.base/jdk.internal.reflect.DirectMethodHandleAccessor.invoke(DirectMethodHandleAccessor.java:103)
	at java.base/java.lang.reflect.Method.invoke(Method.java:580)
	at org.junit.platform.commons.util.ReflectionUtils.invokeMethod(ReflectionUtils.java:787)
	at org.junit.platform.commons.support.ReflectionSupport.invokeMethod(ReflectionSupport.java:478)
	at org.junit.jupiter.engine.execution.MethodInvocation.proceed(MethodInvocation.java:60)
	at org.junit.jupiter.engine.execution.InvocationInterceptorChain$ValidatingInvocation.proceed(InvocationInterceptorChain.java:131)
	at org.junit.jupiter.engine.extension.SameThreadTimeoutInvocation.proceed(SameThreadTimeoutInvocation.java:49)
	at org.junit.jupiter.engine.extension.TimeoutExtension.intercept(TimeoutExtension.java:161)
	at org.junit.jupiter.engine.extension.TimeoutExtension.interceptTestableMethod(TimeoutExtension.java:152)
	at org.junit.jupiter.engine.extension.TimeoutExtension.interceptTestMethod(TimeoutExtension.java:91)
	at org.junit.jupiter.engine.execution.InterceptingExecutableInvoker$ReflectiveInterceptorCall.lambda$ofVoidMethod$0(InterceptingExecutableInvoker.java:112)
	at org.junit.jupiter.engine.execution.InterceptingExecutableInvoker.lambda$invoke$0(InterceptingExecutableInvoker.java:94)
	at org.junit.jupiter.engine.execution.InvocationInterceptorChain$InterceptedInvocation.proceed(InvocationInterceptorChain.java:106)
	at org.junit.jupiter.engine.execution.InvocationInterceptorChain.proceed(InvocationInterceptorChain.java:64)
	at org.junit.jupiter.engine.execution.InvocationInterceptorChain.chainAndInvoke(InvocationInterceptorChain.java:45)
	at org.junit.jupiter.engine.execution.InvocationInterceptorChain.invoke(InvocationInterceptorChain.java:37)
	at org.junit.jupiter.engine.execution.InterceptingExecutableInvoker.invoke(InterceptingExecutableInvoker.java:93)
	at org.junit.jupiter.engine.execution.InterceptingExecutableInvoker.invoke(InterceptingExecutableInvoker.java:87)
	at org.junit.jupiter.engine.descriptor.TestMethodTestDescriptor.lambda$invokeTestMethod$4(TestMethodTestDescriptor.java:221)
	at org.junit.platform.engine.support.hierarchical.ThrowableCollector.execute(ThrowableCollector.java:73)
	at org.junit.jupiter.engine.descriptor.TestMethodTestDescriptor.invokeTestMethod(TestMethodTestDescriptor.java:217)
	at org.junit.jupiter.engine.descriptor.TestMethodTestDescriptor.execute(TestMethodTestDescriptor.java:159)
	at org.junit.jupiter.engine.descriptor.TestMethodTestDescriptor.execute(TestMethodTestDescriptor.java:70)
	at org.junit.platform.engine.support.hierarchical.NodeTestTask.lambda$executeRecursively$6(NodeTestTask.java:157)
	at org.junit.platform.engine.support.hierarchical.ThrowableCollector.execute(ThrowableCollector.java:73)
	at org.junit.platform.engine.support.hierarchical.NodeTestTask.lambda$executeRecursively$8(NodeTestTask.java:147)
	at org.junit.platform.engine.support.hierarchical.Node.around(Node.java:137)
	at org.junit.platform.engine.support.hierarchical.NodeTestTask.lambda$executeRecursively$9(NodeTestTask.java:145)
	at org.junit.platform.engine.support.hierarchical.ThrowableCollector.execute(ThrowableCollector.java:73)
	at org.junit.platform.engine.support.hierarchical.NodeTestTask.executeRecursively(NodeTestTask.java:144)
	at org.junit.platform.engine.support.hierarchical.NodeTestTask.execute(NodeTestTask.java:101)
	at java.base/java.util.ArrayList.forEach(ArrayList.java:1596)
	at org.junit.platform.engine.support.hierarchical.SameThreadHierarchicalTestExecutorService.invokeAll(SameThreadHierarchicalTestExecutorService.java:41)
	at org.junit.platform.engine.support.hierarchical.NodeTestTask.lambda$executeRecursively$6(NodeTestTask.java:161)
	at org.junit.platform.engine.support.hierarchical.ThrowableCollector.execute(ThrowableCollector.java:73)
	at org.junit.platform.engine.support.hierarchical.NodeTestTask.lambda$executeRecursively$8(NodeTestTask.java:147)
	at org.junit.platform.engine.support.hierarchical.Node.around(Node.java:137)
	at org.junit.platform.engine.support.hierarchical.NodeTestTask.lambda$executeRecursively$9(NodeTestTask.java:145)
	at org.junit.platform.engine.support.hierarchical.ThrowableCollector.execute(ThrowableCollector.java:73)
	at org.junit.platform.engine.support.hierarchical.NodeTestTask.executeRecursively(NodeTestTask.java:144)
	at org.junit.platform.engine.support.hierarchical.NodeTestTask.execute(NodeTestTask.java:101)
	at java.base/java.util.ArrayList.forEach(ArrayList.java:1596)
	at org.junit.platform.engine.support.hierarchical.SameThreadHierarchicalTestExecutorService.invokeAll(SameThreadHierarchicalTestExecutorService.java:41)
	at org.junit.platform.engine.support.hierarchical.NodeTestTask.lambda$executeRecursively$6(NodeTestTask.java:161)
	at org.junit.platform.engine.support.hierarchical.ThrowableCollector.execute(ThrowableCollector.java:73)
	at org.junit.platform.engine.support.hierarchical.NodeTestTask.lambda$executeRecursively$8(NodeTestTask.java:147)
	at org.junit.platform.engine.support.hierarchical.Node.around(Node.java:137)
	at org.junit.platform.engine.support.hierarchical.NodeTestTask.lambda$executeRecursively$9(NodeTestTask.java:145)
	at org.junit.platform.engine.support.hierarchical.ThrowableCollector.execute(ThrowableCollector.java:73)
	at org.junit.platform.engine.support.hierarchical.NodeTestTask.executeRecursively(NodeTestTask.java:144)
	at org.junit.platform.engine.support.hierarchical.NodeTestTask.execute(NodeTestTask.java:101)
	at org.junit.platform.engine.support.hierarchical.SameThreadHierarchicalTestExecutorService.submit(SameThreadHierarchicalTestExecutorService.java:35)
	at org.junit.platform.engine.support.hierarchical.HierarchicalTestExecutor.execute(HierarchicalTestExecutor.java:57)
	at org.junit.platform.engine.support.hierarchical.HierarchicalTestEngine.execute(HierarchicalTestEngine.java:54)
	at org.junit.platform.launcher.core.EngineExecutionOrchestrator.executeEngine(EngineExecutionOrchestrator.java:230)
	at org.junit.platform.launcher.core.EngineExecutionOrchestrator.failOrExecuteEngine(EngineExecutionOrchestrator.java:204)
	at org.junit.platform.launcher.core.EngineExecutionOrchestrator.execute(EngineExecutionOrchestrator.java:172)
	at org.junit.platform.launcher.core.EngineExecutionOrchestrator.execute(EngineExecutionOrchestrator.java:101)
	at org.junit.platform.launcher.core.EngineExecutionOrchestrator.lambda$execute$0(EngineExecutionOrchestrator.java:64)
	at org.junit.platform.launcher.core.EngineExecutionOrchestrator.withInterceptedStreams(EngineExecutionOrchestrator.java:150)
	at org.junit.platform.launcher.core.EngineExecutionOrchestrator.execute(EngineExecutionOrchestrator.java:63)
	at org.junit.platform.launcher.core.DefaultLauncher.execute(DefaultLauncher.java:109)
	at org.junit.platform.launcher.core.DefaultLauncher.execute(DefaultLauncher.java:91)
	at org.junit.platform.launcher.core.DelegatingLauncher.execute(DelegatingLauncher.java:47)
	at org.junit.platform.launcher.core.InterceptingLauncher.lambda$execute$1(InterceptingLauncher.java:39)
	at org.junit.platform.launcher.core.ClasspathAlignmentCheckingLauncherInterceptor.intercept(ClasspathAlignmentCheckingLauncherInterceptor.java:25)
	at org.junit.platform.launcher.core.InterceptingLauncher.execute(InterceptingLauncher.java:38)
	at org.junit.platform.launcher.core.DelegatingLauncher.execute(DelegatingLauncher.java:47)
	at org.apache.maven.surefire.junitplatform.LazyLauncher.execute(LazyLauncher.java:56)
	at org.apache.maven.surefire.junitplatform.JUnitPlatformProvider.execute(JUnitPlatformProvider.java:184)
	at org.apache.maven.surefire.junitplatform.JUnitPlatformProvider.invokeAllTests(JUnitPlatformProvider.java:148)
	at org.apache.maven.surefire.junitplatform.JUnitPlatformProvider.invoke(JUnitPlatformProvider.java:120)
	at org.apache.maven.surefire.booter.ForkedBooter.runSuitesInProcess(ForkedBooter.java:385)
	at org.apache.maven.surefire.booter.ForkedBooter.execute(ForkedBooter.java:162)
	at org.apache.maven.surefire.booter.ForkedBooter.run(ForkedBooter.java:507)
	at org.apache.maven.surefire.booter.ForkedBooter.main(ForkedBooter.java:495)
2025-07-14 15:01:23,133 [EventQueue-CloseContainerForCloseContainerEventHandler] INFO  container.CloseContainerEventHandler (CloseContainerEventHandler.java:onMessage(88)) - Close container Event triggered for container : #7, current state: CLOSING
2025-07-14 15:01:23,130 [0f2a098c-ed74-48ca-a55f-ceee6161c687-groupManagement] INFO  storage.RaftStorageDirectory (RaftStorageDirectoryImpl.java:analyzeStorage(138)) - The storage directory /home/runner/work/ozone/ozone/hadoop-ozone/integration-test/target/test-dir/MiniOzoneClusterImpl-aaa7dc72-7fbf-48e0-acc5-129182712624/ozone-meta/datanode-2/ratis/d00acf47-cef8-4671-b269-82905689ea19 does not exist. Creating ...
]]></system-out>
  </testcase>
  <testcase name="testContainerStateMachineDualFailureRetry" classname="org.apache.hadoop.ozone.client.rpc.TestContainerStateMachineFailures" time="24.414">
    <system-out><![CDATA[2025-07-14 15:01:23,135 [grpc-default-executor-5] WARN  server.GrpcLogAppender (LogUtils.java:warn(129)) - 77d16558-8a68-4655-9235-107e22ba3c38@group-B771F555DC8D->a505560f-c589-4eb5-89aa-a89970ae9358-AppendLogResponseHandler: Failed appendEntries
org.apache.ratis.protocol.exceptions.GroupMismatchException: a505560f-c589-4eb5-89aa-a89970ae9358: group-B771F555DC8D not found.
	at org.apache.ratis.server.impl.RaftServerProxy$ImplMap.get(RaftServerProxy.java:160)
	at org.apache.ratis.server.impl.RaftServerProxy.getImplFuture(RaftServerProxy.java:370)
	at org.apache.ratis.server.impl.RaftServerProxy.appendEntriesAsync(RaftServerProxy.java:650)
	at org.apache.ratis.grpc.server.GrpcServerProtocolService$1.process(GrpcServerProtocolService.java:245)
	at org.apache.ratis.grpc.server.GrpcServerProtocolService$1.process(GrpcServerProtocolService.java:242)
	at org.apache.ratis.grpc.server.GrpcServerProtocolService$ServerRequestStreamObserver.onNext(GrpcServerProtocolService.java:150)
	at org.apache.ratis.thirdparty.io.grpc.stub.ServerCalls$StreamingServerCallHandler$StreamingServerCallListener.onMessage(ServerCalls.java:262)
	at org.apache.ratis.thirdparty.io.grpc.internal.ServerCallImpl$ServerStreamListenerImpl.messagesAvailableInternal(ServerCallImpl.java:334)
	at org.apache.ratis.thirdparty.io.grpc.internal.ServerCallImpl$ServerStreamListenerImpl.messagesAvailable(ServerCallImpl.java:319)
	at org.apache.ratis.thirdparty.io.grpc.internal.ServerImpl$JumpToApplicationThreadServerStreamListener$1MessagesAvailable.runInContext(ServerImpl.java:834)
	at org.apache.ratis.thirdparty.io.grpc.internal.ContextRunnable.run(ContextRunnable.java:37)
	at org.apache.ratis.thirdparty.io.grpc.internal.SerializingExecutor.run(SerializingExecutor.java:133)
	at java.base/java.util.concurrent.ThreadPoolExecutor.runWorker(ThreadPoolExecutor.java:1144)
	at java.base/java.util.concurrent.ThreadPoolExecutor$Worker.run(ThreadPoolExecutor.java:642)
	at java.base/java.lang.Thread.run(Thread.java:1583)
2025-07-14 15:01:23,136 [grpc-default-executor-5] INFO  leader.LogAppender (LogAppenderBase.java:lambda$getNextIndexForError$0(215)) - Decrease nextIndex to 5
2025-07-14 15:01:23,136 [grpc-default-executor-5] INFO  leader.LogAppender (LogAppenderBase.java:lambda$getNextIndexForError$0(215)) - Decrease nextIndex to 5
2025-07-14 15:01:23,137 [grpc-default-executor-5] INFO  leader.FollowerInfo (FollowerInfoImpl.java:info(70)) - 77d16558-8a68-4655-9235-107e22ba3c38@group-B771F555DC8D->a505560f-c589-4eb5-89aa-a89970ae9358: computeNextIndex nextIndex: updateUnconditionally 7 -> 5
2025-07-14 15:01:23,139 [0f2a098c-ed74-48ca-a55f-ceee6161c687-groupManagement] INFO  storage.RaftStorageDirectory (RaftStorageDirectoryImpl.java:tryLock(229)) - Lock on /home/runner/work/ozone/ozone/hadoop-ozone/integration-test/target/test-dir/MiniOzoneClusterImpl-aaa7dc72-7fbf-48e0-acc5-129182712624/ozone-meta/datanode-2/ratis/d00acf47-cef8-4671-b269-82905689ea19/in_use.lock acquired by nodename 18082@localhost
2025-07-14 15:01:23,141 [0f2a098c-ed74-48ca-a55f-ceee6161c687-groupManagement] INFO  storage.RaftStorage (RaftStorageImpl.java:format(98)) - Storage directory /home/runner/work/ozone/ozone/hadoop-ozone/integration-test/target/test-dir/MiniOzoneClusterImpl-aaa7dc72-7fbf-48e0-acc5-129182712624/ozone-meta/datanode-2/ratis/d00acf47-cef8-4671-b269-82905689ea19 has been successfully formatted.
2025-07-14 15:01:23,142 [0f2a098c-ed74-48ca-a55f-ceee6161c687-groupManagement] INFO  ratis.ContainerStateMachine (ContainerStateMachine.java:initialize(339)) - 0f2a098c-ed74-48ca-a55f-ceee6161c687: initialize group-82905689EA19
2025-07-14 15:01:23,142 [0f2a098c-ed74-48ca-a55f-ceee6161c687-groupManagement] INFO  ratis.ContainerStateMachine (ContainerStateMachine.java:loadSnapshot(347)) - group-82905689EA19: The snapshot info is null. Setting the last applied index to:<INITIAL_VALUE>
2025-07-14 15:01:23,142 [0f2a098c-ed74-48ca-a55f-ceee6161c687-groupManagement] INFO  server.RaftServerConfigKeys (ConfUtils.java:logGet(62)) - raft.server.log.appender.buffer.byte-limit = 33554432 (custom)
2025-07-14 15:01:23,144 [0f2a098c-ed74-48ca-a55f-ceee6161c687-groupManagement] INFO  server.RaftServerConfigKeys (ConfUtils.java:logGet(62)) - raft.server.log.segment.size.max = 67108864 (custom)
2025-07-14 15:01:23,144 [0f2a098c-ed74-48ca-a55f-ceee6161c687-groupManagement] INFO  server.RaftServerConfigKeys (ConfUtils.java:logGet(62)) - raft.server.log.appender.buffer.byte-limit = 33554432 (custom)
2025-07-14 15:01:23,145 [0f2a098c-ed74-48ca-a55f-ceee6161c687-groupManagement] INFO  util.AwaitToRun (AwaitToRun.java:start(81)) - Thread[#2016,0f2a098c-ed74-48ca-a55f-ceee6161c687@group-82905689EA19-cacheEviction-AwaitToRun,5,main] started
2025-07-14 15:01:23,145 [0f2a098c-ed74-48ca-a55f-ceee6161c687-groupManagement] INFO  segmented.SegmentedRaftLogWorker (SegmentedRaftLogWorker.java:<init>(190)) - new 0f2a098c-ed74-48ca-a55f-ceee6161c687@group-82905689EA19-SegmentedRaftLogWorker for RaftStorageImpl:Storage Directory /home/runner/work/ozone/ozone/hadoop-ozone/integration-test/target/test-dir/MiniOzoneClusterImpl-aaa7dc72-7fbf-48e0-acc5-129182712624/ozone-meta/datanode-2/ratis/d00acf47-cef8-4671-b269-82905689ea19
2025-07-14 15:01:23,145 [0f2a098c-ed74-48ca-a55f-ceee6161c687-groupManagement] INFO  server.RaftServerConfigKeys (ConfUtils.java:logGet(62)) - raft.server.log.queue.byte-limit = 4294967296 (custom)
2025-07-14 15:01:23,145 [0f2a098c-ed74-48ca-a55f-ceee6161c687-groupManagement] INFO  server.RaftServerConfigKeys (ConfUtils.java:logGet(62)) - raft.server.log.segment.size.max = 67108864 (custom)
2025-07-14 15:01:23,145 [0f2a098c-ed74-48ca-a55f-ceee6161c687-groupManagement] INFO  server.RaftServerConfigKeys (ConfUtils.java:logGet(62)) - raft.server.log.preallocated.size = 4194304 (custom)
2025-07-14 15:01:23,146 [0f2a098c-ed74-48ca-a55f-ceee6161c687-groupManagement] INFO  server.RaftServerConfigKeys (ConfUtils.java:logGet(62)) - raft.server.log.write.buffer.size = 33554440 (custom)
2025-07-14 15:01:23,153 [0f2a098c-ed74-48ca-a55f-ceee6161c687-groupManagement] INFO  server.RaftServerConfigKeys (ConfUtils.java:logGet(62)) - raft.server.log.appender.buffer.byte-limit = 33554432 (custom)
2025-07-14 15:01:23,154 [0f2a098c-ed74-48ca-a55f-ceee6161c687-groupManagement] INFO  segmented.SegmentedRaftLogWorker (SegmentedRaftLogWorker.java:lambda$new$0(141)) - 0f2a098c-ed74-48ca-a55f-ceee6161c687@group-82905689EA19-SegmentedRaftLogWorker: flushIndex: setUnconditionally 0 -> -1
2025-07-14 15:01:23,154 [0f2a098c-ed74-48ca-a55f-ceee6161c687-groupManagement] INFO  segmented.SegmentedRaftLogWorker (SegmentedRaftLogWorker.java:lambda$new$0(141)) - 0f2a098c-ed74-48ca-a55f-ceee6161c687@group-82905689EA19-SegmentedRaftLogWorker: safeCacheEvictIndex: setUnconditionally 0 -> -1
2025-07-14 15:01:23,154 [0f2a098c-ed74-48ca-a55f-ceee6161c687-groupManagement] INFO  server.RaftServer$Division (RaftServerImpl.java:start(405)) - 0f2a098c-ed74-48ca-a55f-ceee6161c687@group-82905689EA19: start as a follower, conf=conf: {index: -1, cur=peers:[9eae2efb-1df6-4ce6-ae9d-8504348dafa1|127.0.0.1:15079, 0f2a098c-ed74-48ca-a55f-ceee6161c687|127.0.0.1:15023, b5acb6b3-ef2b-41db-9bfa-77a47d0ca582|127.0.0.1:15031]|listeners:[], old=null}
2025-07-14 15:01:23,154 [0f2a098c-ed74-48ca-a55f-ceee6161c687-groupManagement] INFO  server.RaftServer$Division (RaftServerImpl.java:setRole(392)) - 0f2a098c-ed74-48ca-a55f-ceee6161c687@group-82905689EA19: changes role from      null to FOLLOWER at term 0 for startAsFollower
2025-07-14 15:01:23,154 [0f2a098c-ed74-48ca-a55f-ceee6161c687-groupManagement] INFO  impl.RoleInfo (RoleInfo.java:updateAndGet(148)) - 0f2a098c-ed74-48ca-a55f-ceee6161c687: start 0f2a098c-ed74-48ca-a55f-ceee6161c687@group-82905689EA19-FollowerState
2025-07-14 15:01:23,154 [0f2a098c-ed74-48ca-a55f-ceee6161c687-groupManagement] INFO  util.JmxRegister (JmxRegister.java:tryRegister(44)) - Successfully registered JMX Bean with object name Ratis:service=RaftServer,group=group-82905689EA19,id=0f2a098c-ed74-48ca-a55f-ceee6161c687
2025-07-14 15:01:23,155 [0f2a098c-ed74-48ca-a55f-ceee6161c687-groupManagement] INFO  util.JmxRegister (JmxRegister.java:register(58)) - register mxBean class org.apache.ratis.server.impl.RaftServerJmxAdapter as Ratis:service=RaftServer,group=group-82905689EA19,id=0f2a098c-ed74-48ca-a55f-ceee6161c687
2025-07-14 15:01:23,156 [0f2a098c-ed74-48ca-a55f-ceee6161c687-groupManagement] INFO  server.RaftServer$Division (RaftServerImpl.java:start(419)) - 0f2a098c-ed74-48ca-a55f-ceee6161c687@group-82905689EA19: Successfully started.
2025-07-14 15:01:23,156 [0f2a098c-ed74-48ca-a55f-ceee6161c687-PipelineCommandHandlerThread-0] INFO  ratis.XceiverServerRatis (XceiverServerRatis.java:addGroup(843)) - Created group Pipeline-d00acf47-cef8-4671-b269-82905689ea19
2025-07-14 15:01:23,165 [grpc-default-executor-5] INFO  server.RaftServer (RaftServerProxy.java:addNew(105)) - 9eae2efb-1df6-4ce6-ae9d-8504348dafa1: addNew group-82905689EA19:[9eae2efb-1df6-4ce6-ae9d-8504348dafa1|127.0.0.1:15079, 0f2a098c-ed74-48ca-a55f-ceee6161c687|127.0.0.1:15023, b5acb6b3-ef2b-41db-9bfa-77a47d0ca582|127.0.0.1:15031] returns group-82905689EA19:java.util.concurrent.CompletableFuture@332fe527[Not completed]
2025-07-14 15:01:23,167 [9eae2efb-1df6-4ce6-ae9d-8504348dafa1-groupManagement] INFO  server.RaftServer$Division (RaftServerImpl.java:<init>(268)) - 9eae2efb-1df6-4ce6-ae9d-8504348dafa1: new RaftServerImpl for group-82905689EA19:[9eae2efb-1df6-4ce6-ae9d-8504348dafa1|127.0.0.1:15079, 0f2a098c-ed74-48ca-a55f-ceee6161c687|127.0.0.1:15023, b5acb6b3-ef2b-41db-9bfa-77a47d0ca582|127.0.0.1:15031] with ContainerStateMachine:uninitialized
2025-07-14 15:01:23,167 [9eae2efb-1df6-4ce6-ae9d-8504348dafa1-groupManagement] INFO  server.RaftServer$Division (ServerState.java:<init>(114)) - 9eae2efb-1df6-4ce6-ae9d-8504348dafa1@group-82905689EA19: ConfigurationManager, init=conf: {index: -1, cur=peers:[9eae2efb-1df6-4ce6-ae9d-8504348dafa1|127.0.0.1:15079, 0f2a098c-ed74-48ca-a55f-ceee6161c687|127.0.0.1:15023, b5acb6b3-ef2b-41db-9bfa-77a47d0ca582|127.0.0.1:15031]|listeners:[], old=null}, confs=<EMPTY_MAP>
2025-07-14 15:01:23,171 [9eae2efb-1df6-4ce6-ae9d-8504348dafa1-groupManagement] INFO  server.RaftServerConfigKeys (ConfUtils.java:logGet(62)) - raft.server.storage.dir = [/home/runner/work/ozone/ozone/hadoop-ozone/integration-test/target/test-dir/MiniOzoneClusterImpl-aaa7dc72-7fbf-48e0-acc5-129182712624/ozone-meta/datanode-9/ratis] (custom)
2025-07-14 15:01:23,172 [9eae2efb-1df6-4ce6-ae9d-8504348dafa1-groupManagement] INFO  storage.RaftStorageDirectory (RaftStorageDirectoryImpl.java:analyzeStorage(138)) - The storage directory /home/runner/work/ozone/ozone/hadoop-ozone/integration-test/target/test-dir/MiniOzoneClusterImpl-aaa7dc72-7fbf-48e0-acc5-129182712624/ozone-meta/datanode-9/ratis/d00acf47-cef8-4671-b269-82905689ea19 does not exist. Creating ...
2025-07-14 15:01:23,173 [9eae2efb-1df6-4ce6-ae9d-8504348dafa1-groupManagement] INFO  storage.RaftStorageDirectory (RaftStorageDirectoryImpl.java:tryLock(229)) - Lock on /home/runner/work/ozone/ozone/hadoop-ozone/integration-test/target/test-dir/MiniOzoneClusterImpl-aaa7dc72-7fbf-48e0-acc5-129182712624/ozone-meta/datanode-9/ratis/d00acf47-cef8-4671-b269-82905689ea19/in_use.lock acquired by nodename 18082@localhost
2025-07-14 15:01:23,173 [grpc-default-executor-0] WARN  server.GrpcServerProtocolService (LogUtils.java:warn(129)) - a505560f-c589-4eb5-89aa-a89970ae9358: Failed APPEND_ENTRIES request 52f0bf1a-a22c-4dfc-83f0-dd23f5b60a86->a505560f-c589-4eb5-89aa-a89970ae9358#6970-t1,previous=(t:1, i:10),leaderCommit=10,initializing? false,entries: size=1, first=(t:1, i:11), STATEMACHINELOGENTRY, WRITE: logData.size=154, stateMachineData.size=5, logEntryProtoSerializedSize=0
java.util.concurrent.CompletionException: org.apache.ratis.protocol.exceptions.GroupMismatchException: a505560f-c589-4eb5-89aa-a89970ae9358: group-66EA1A40B3A7 not found.
	at java.base/java.util.concurrent.CompletableFuture.encodeThrowable(CompletableFuture.java:332)
	at java.base/java.util.concurrent.CompletableFuture.uniComposeStage(CompletableFuture.java:1177)
	at java.base/java.util.concurrent.CompletableFuture.thenCompose(CompletableFuture.java:2341)
	at org.apache.ratis.server.impl.RaftServerProxy.appendEntriesAsync(RaftServerProxy.java:651)
	at org.apache.ratis.grpc.server.GrpcServerProtocolService$1.process(GrpcServerProtocolService.java:245)
	at org.apache.ratis.grpc.server.GrpcServerProtocolService$1.process(GrpcServerProtocolService.java:242)
	at org.apache.ratis.grpc.server.GrpcServerProtocolService$ServerRequestStreamObserver.onNext(GrpcServerProtocolService.java:150)
	at org.apache.ratis.thirdparty.io.grpc.stub.ServerCalls$StreamingServerCallHandler$StreamingServerCallListener.onMessage(ServerCalls.java:262)
	at org.apache.ratis.thirdparty.io.grpc.internal.ServerCallImpl$ServerStreamListenerImpl.messagesAvailableInternal(ServerCallImpl.java:334)
	at org.apache.ratis.thirdparty.io.grpc.internal.ServerCallImpl$ServerStreamListenerImpl.messagesAvailable(ServerCallImpl.java:319)
	at org.apache.ratis.thirdparty.io.grpc.internal.ServerImpl$JumpToApplicationThreadServerStreamListener$1MessagesAvailable.runInContext(ServerImpl.java:834)
	at org.apache.ratis.thirdparty.io.grpc.internal.ContextRunnable.run(ContextRunnable.java:37)
	at org.apache.ratis.thirdparty.io.grpc.internal.SerializingExecutor.run(SerializingExecutor.java:133)
	at java.base/java.util.concurrent.ThreadPoolExecutor.runWorker(ThreadPoolExecutor.java:1144)
	at java.base/java.util.concurrent.ThreadPoolExecutor$Worker.run(ThreadPoolExecutor.java:642)
	at java.base/java.lang.Thread.run(Thread.java:1583)
Caused by: org.apache.ratis.protocol.exceptions.GroupMismatchException: a505560f-c589-4eb5-89aa-a89970ae9358: group-66EA1A40B3A7 not found.
	at org.apache.ratis.server.impl.RaftServerProxy$ImplMap.get(RaftServerProxy.java:160)
	at org.apache.ratis.server.impl.RaftServerProxy.getImplFuture(RaftServerProxy.java:370)
	at org.apache.ratis.server.impl.RaftServerProxy.appendEntriesAsync(RaftServerProxy.java:650)
	... 12 more
2025-07-14 15:01:23,176 [9eae2efb-1df6-4ce6-ae9d-8504348dafa1-groupManagement] INFO  storage.RaftStorage (RaftStorageImpl.java:format(98)) - Storage directory /home/runner/work/ozone/ozone/hadoop-ozone/integration-test/target/test-dir/MiniOzoneClusterImpl-aaa7dc72-7fbf-48e0-acc5-129182712624/ozone-meta/datanode-9/ratis/d00acf47-cef8-4671-b269-82905689ea19 has been successfully formatted.
2025-07-14 15:01:23,177 [9eae2efb-1df6-4ce6-ae9d-8504348dafa1-groupManagement] INFO  ratis.ContainerStateMachine (ContainerStateMachine.java:initialize(339)) - 9eae2efb-1df6-4ce6-ae9d-8504348dafa1: initialize group-82905689EA19
2025-07-14 15:01:23,177 [9eae2efb-1df6-4ce6-ae9d-8504348dafa1-groupManagement] INFO  ratis.ContainerStateMachine (ContainerStateMachine.java:loadSnapshot(347)) - group-82905689EA19: The snapshot info is null. Setting the last applied index to:<INITIAL_VALUE>
2025-07-14 15:01:23,177 [9eae2efb-1df6-4ce6-ae9d-8504348dafa1-groupManagement] INFO  server.RaftServerConfigKeys (ConfUtils.java:logGet(62)) - raft.server.log.appender.buffer.byte-limit = 33554432 (custom)
2025-07-14 15:01:23,179 [grpc-default-executor-0] WARN  server.GrpcLogAppender (LogUtils.java:warn(129)) - 52f0bf1a-a22c-4dfc-83f0-dd23f5b60a86@group-66EA1A40B3A7->a505560f-c589-4eb5-89aa-a89970ae9358-AppendLogResponseHandler: Failed appendEntries
org.apache.ratis.protocol.exceptions.GroupMismatchException: a505560f-c589-4eb5-89aa-a89970ae9358: group-66EA1A40B3A7 not found.
	at org.apache.ratis.server.impl.RaftServerProxy$ImplMap.get(RaftServerProxy.java:160)
	at org.apache.ratis.server.impl.RaftServerProxy.getImplFuture(RaftServerProxy.java:370)
	at org.apache.ratis.server.impl.RaftServerProxy.appendEntriesAsync(RaftServerProxy.java:650)
	at org.apache.ratis.grpc.server.GrpcServerProtocolService$1.process(GrpcServerProtocolService.java:245)
	at org.apache.ratis.grpc.server.GrpcServerProtocolService$1.process(GrpcServerProtocolService.java:242)
	at org.apache.ratis.grpc.server.GrpcServerProtocolService$ServerRequestStreamObserver.onNext(GrpcServerProtocolService.java:150)
	at org.apache.ratis.thirdparty.io.grpc.stub.ServerCalls$StreamingServerCallHandler$StreamingServerCallListener.onMessage(ServerCalls.java:262)
	at org.apache.ratis.thirdparty.io.grpc.internal.ServerCallImpl$ServerStreamListenerImpl.messagesAvailableInternal(ServerCallImpl.java:334)
	at org.apache.ratis.thirdparty.io.grpc.internal.ServerCallImpl$ServerStreamListenerImpl.messagesAvailable(ServerCallImpl.java:319)
	at org.apache.ratis.thirdparty.io.grpc.internal.ServerImpl$JumpToApplicationThreadServerStreamListener$1MessagesAvailable.runInContext(ServerImpl.java:834)
	at org.apache.ratis.thirdparty.io.grpc.internal.ContextRunnable.run(ContextRunnable.java:37)
	at org.apache.ratis.thirdparty.io.grpc.internal.SerializingExecutor.run(SerializingExecutor.java:133)
	at java.base/java.util.concurrent.ThreadPoolExecutor.runWorker(ThreadPoolExecutor.java:1144)
	at java.base/java.util.concurrent.ThreadPoolExecutor$Worker.run(ThreadPoolExecutor.java:642)
	at java.base/java.lang.Thread.run(Thread.java:1583)
2025-07-14 15:01:23,180 [grpc-default-executor-0] INFO  leader.LogAppender (LogAppenderBase.java:lambda$getNextIndexForError$0(215)) - Decrease nextIndex to 11
2025-07-14 15:01:23,180 [grpc-default-executor-0] INFO  leader.LogAppender (LogAppenderBase.java:lambda$getNextIndexForError$0(215)) - Decrease nextIndex to 11
2025-07-14 15:01:23,180 [grpc-default-executor-0] INFO  leader.FollowerInfo (FollowerInfoImpl.java:info(70)) - 52f0bf1a-a22c-4dfc-83f0-dd23f5b60a86@group-66EA1A40B3A7->a505560f-c589-4eb5-89aa-a89970ae9358: computeNextIndex nextIndex: updateUnconditionally 12 -> 11
2025-07-14 15:01:23,181 [9eae2efb-1df6-4ce6-ae9d-8504348dafa1-groupManagement] INFO  server.RaftServerConfigKeys (ConfUtils.java:logGet(62)) - raft.server.log.segment.size.max = 67108864 (custom)
2025-07-14 15:01:23,182 [9eae2efb-1df6-4ce6-ae9d-8504348dafa1-groupManagement] INFO  server.RaftServerConfigKeys (ConfUtils.java:logGet(62)) - raft.server.log.appender.buffer.byte-limit = 33554432 (custom)
2025-07-14 15:01:23,183 [9eae2efb-1df6-4ce6-ae9d-8504348dafa1-groupManagement] INFO  util.AwaitToRun (AwaitToRun.java:start(81)) - Thread[#2023,9eae2efb-1df6-4ce6-ae9d-8504348dafa1@group-82905689EA19-cacheEviction-AwaitToRun,5,main] started
2025-07-14 15:01:23,184 [9eae2efb-1df6-4ce6-ae9d-8504348dafa1-groupManagement] INFO  segmented.SegmentedRaftLogWorker (SegmentedRaftLogWorker.java:<init>(190)) - new 9eae2efb-1df6-4ce6-ae9d-8504348dafa1@group-82905689EA19-SegmentedRaftLogWorker for RaftStorageImpl:Storage Directory /home/runner/work/ozone/ozone/hadoop-ozone/integration-test/target/test-dir/MiniOzoneClusterImpl-aaa7dc72-7fbf-48e0-acc5-129182712624/ozone-meta/datanode-9/ratis/d00acf47-cef8-4671-b269-82905689ea19
2025-07-14 15:01:23,186 [52f0bf1a-a22c-4dfc-83f0-dd23f5b60a86@group-66EA1A40B3A7-StateMachineUpdater] INFO  ratis.ContainerStateMachine (ContainerStateMachine.java:takeSnapshot(427)) - group-66EA1A40B3A7: Taking a snapshot at:(t:1, i:11) file /home/runner/work/ozone/ozone/hadoop-ozone/integration-test/target/test-dir/MiniOzoneClusterImpl-aaa7dc72-7fbf-48e0-acc5-129182712624/ozone-meta/datanode-6/ratis/a63a7d38-be8c-449b-928f-66ea1a40b3a7/sm/snapshot.1_11
2025-07-14 15:01:23,186 [9eae2efb-1df6-4ce6-ae9d-8504348dafa1-groupManagement] INFO  server.RaftServerConfigKeys (ConfUtils.java:logGet(62)) - raft.server.log.queue.byte-limit = 4294967296 (custom)
2025-07-14 15:01:23,187 [9eae2efb-1df6-4ce6-ae9d-8504348dafa1-groupManagement] INFO  server.RaftServerConfigKeys (ConfUtils.java:logGet(62)) - raft.server.log.segment.size.max = 67108864 (custom)
2025-07-14 15:01:23,187 [9eae2efb-1df6-4ce6-ae9d-8504348dafa1-groupManagement] INFO  server.RaftServerConfigKeys (ConfUtils.java:logGet(62)) - raft.server.log.preallocated.size = 4194304 (custom)
2025-07-14 15:01:23,187 [9eae2efb-1df6-4ce6-ae9d-8504348dafa1-groupManagement] INFO  server.RaftServerConfigKeys (ConfUtils.java:logGet(62)) - raft.server.log.write.buffer.size = 33554440 (custom)
2025-07-14 15:01:23,189 [52f0bf1a-a22c-4dfc-83f0-dd23f5b60a86@group-66EA1A40B3A7-StateMachineUpdater] INFO  ratis.ContainerStateMachine (ContainerStateMachine.java:takeSnapshot(436)) - group-66EA1A40B3A7: Finished taking a snapshot at:(t:1, i:11) file:/home/runner/work/ozone/ozone/hadoop-ozone/integration-test/target/test-dir/MiniOzoneClusterImpl-aaa7dc72-7fbf-48e0-acc5-129182712624/ozone-meta/datanode-6/ratis/a63a7d38-be8c-449b-928f-66ea1a40b3a7/sm/snapshot.1_11 took: 2 ms
2025-07-14 15:01:23,189 [52f0bf1a-a22c-4dfc-83f0-dd23f5b60a86@group-66EA1A40B3A7-StateMachineUpdater] INFO  impl.SimpleStateMachineStorage (SimpleStateMachineStorage.java:lambda$cleanupOldSnapshots$1(126)) - Deleting old snapshot at /home/runner/work/ozone/ozone/hadoop-ozone/integration-test/target/test-dir/MiniOzoneClusterImpl-aaa7dc72-7fbf-48e0-acc5-129182712624/ozone-meta/datanode-6/ratis/a63a7d38-be8c-449b-928f-66ea1a40b3a7/sm/snapshot.1_0
2025-07-14 15:01:23,189 [52f0bf1a-a22c-4dfc-83f0-dd23f5b60a86@group-66EA1A40B3A7-StateMachineUpdater] INFO  impl.StateMachineUpdater (StateMachineUpdater.java:takeSnapshot(307)) - 52f0bf1a-a22c-4dfc-83f0-dd23f5b60a86@group-66EA1A40B3A7-StateMachineUpdater: Took a snapshot at index 11
2025-07-14 15:01:23,189 [52f0bf1a-a22c-4dfc-83f0-dd23f5b60a86@group-66EA1A40B3A7-StateMachineUpdater] INFO  impl.StateMachineUpdater (StateMachineUpdater.java:lambda$new$0(101)) - 52f0bf1a-a22c-4dfc-83f0-dd23f5b60a86@group-66EA1A40B3A7-StateMachineUpdater: snapshotIndex: updateIncreasingly 8 -> 11
2025-07-14 15:01:23,190 [grpc-default-executor-5] WARN  server.GrpcServerProtocolService (LogUtils.java:warn(129)) - a505560f-c589-4eb5-89aa-a89970ae9358: Failed APPEND_ENTRIES request 52f0bf1a-a22c-4dfc-83f0-dd23f5b60a86->a505560f-c589-4eb5-89aa-a89970ae9358#6971-t1,previous=(t:1, i:10),leaderCommit=12,initializing? false,entries: size=4, first=(t:1, i:11), STATEMACHINELOGENTRY, WRITE: logData.size=154, stateMachineData.size=5, logEntryProtoSerializedSize=0
java.util.concurrent.CompletionException: org.apache.ratis.protocol.exceptions.GroupMismatchException: a505560f-c589-4eb5-89aa-a89970ae9358: group-66EA1A40B3A7 not found.
	at java.base/java.util.concurrent.CompletableFuture.encodeThrowable(CompletableFuture.java:332)
	at java.base/java.util.concurrent.CompletableFuture.uniComposeStage(CompletableFuture.java:1177)
	at java.base/java.util.concurrent.CompletableFuture.thenCompose(CompletableFuture.java:2341)
	at org.apache.ratis.server.impl.RaftServerProxy.appendEntriesAsync(RaftServerProxy.java:651)
	at org.apache.ratis.grpc.server.GrpcServerProtocolService$1.process(GrpcServerProtocolService.java:245)
	at org.apache.ratis.grpc.server.GrpcServerProtocolService$1.process(GrpcServerProtocolService.java:242)
	at org.apache.ratis.grpc.server.GrpcServerProtocolService$ServerRequestStreamObserver.onNext(GrpcServerProtocolService.java:150)
	at org.apache.ratis.thirdparty.io.grpc.stub.ServerCalls$StreamingServerCallHandler$StreamingServerCallListener.onMessage(ServerCalls.java:262)
	at org.apache.ratis.thirdparty.io.grpc.internal.ServerCallImpl$ServerStreamListenerImpl.messagesAvailableInternal(ServerCallImpl.java:334)
	at org.apache.ratis.thirdparty.io.grpc.internal.ServerCallImpl$ServerStreamListenerImpl.messagesAvailable(ServerCallImpl.java:319)
	at org.apache.ratis.thirdparty.io.grpc.internal.ServerImpl$JumpToApplicationThreadServerStreamListener$1MessagesAvailable.runInContext(ServerImpl.java:834)
	at org.apache.ratis.thirdparty.io.grpc.internal.ContextRunnable.run(ContextRunnable.java:37)
	at org.apache.ratis.thirdparty.io.grpc.internal.SerializingExecutor.run(SerializingExecutor.java:133)
	at java.base/java.util.concurrent.ThreadPoolExecutor.runWorker(ThreadPoolExecutor.java:1144)
	at java.base/java.util.concurrent.ThreadPoolExecutor$Worker.run(ThreadPoolExecutor.java:642)
	at java.base/java.lang.Thread.run(Thread.java:1583)
Caused by: org.apache.ratis.protocol.exceptions.GroupMismatchException: a505560f-c589-4eb5-89aa-a89970ae9358: group-66EA1A40B3A7 not found.
	at org.apache.ratis.server.impl.RaftServerProxy$ImplMap.get(RaftServerProxy.java:160)
	at org.apache.ratis.server.impl.RaftServerProxy.getImplFuture(RaftServerProxy.java:370)
	at org.apache.ratis.server.impl.RaftServerProxy.appendEntriesAsync(RaftServerProxy.java:650)
	... 12 more
2025-07-14 15:01:23,196 [grpc-default-executor-6] INFO  leader.LogAppender (LogAppenderBase.java:lambda$getNextIndexForError$0(215)) - Decrease nextIndex to 11
2025-07-14 15:01:23,196 [grpc-default-executor-6] INFO  leader.LogAppender (LogAppenderBase.java:lambda$getNextIndexForError$0(215)) - Decrease nextIndex to 11
2025-07-14 15:01:23,196 [grpc-default-executor-6] INFO  leader.FollowerInfo (FollowerInfoImpl.java:info(70)) - 52f0bf1a-a22c-4dfc-83f0-dd23f5b60a86@group-66EA1A40B3A7->a505560f-c589-4eb5-89aa-a89970ae9358: computeNextIndex nextIndex: updateUnconditionally 15 -> 11
2025-07-14 15:01:23,198 [9eae2efb-1df6-4ce6-ae9d-8504348dafa1-groupManagement] INFO  server.RaftServerConfigKeys (ConfUtils.java:logGet(62)) - raft.server.log.appender.buffer.byte-limit = 33554432 (custom)
2025-07-14 15:01:23,199 [9eae2efb-1df6-4ce6-ae9d-8504348dafa1-groupManagement] INFO  segmented.SegmentedRaftLogWorker (SegmentedRaftLogWorker.java:lambda$new$0(141)) - 9eae2efb-1df6-4ce6-ae9d-8504348dafa1@group-82905689EA19-SegmentedRaftLogWorker: flushIndex: setUnconditionally 0 -> -1
2025-07-14 15:01:23,199 [9eae2efb-1df6-4ce6-ae9d-8504348dafa1-groupManagement] INFO  segmented.SegmentedRaftLogWorker (SegmentedRaftLogWorker.java:lambda$new$0(141)) - 9eae2efb-1df6-4ce6-ae9d-8504348dafa1@group-82905689EA19-SegmentedRaftLogWorker: safeCacheEvictIndex: setUnconditionally 0 -> -1
2025-07-14 15:01:23,199 [9eae2efb-1df6-4ce6-ae9d-8504348dafa1-groupManagement] INFO  server.RaftServer$Division (RaftServerImpl.java:start(405)) - 9eae2efb-1df6-4ce6-ae9d-8504348dafa1@group-82905689EA19: start as a follower, conf=conf: {index: -1, cur=peers:[9eae2efb-1df6-4ce6-ae9d-8504348dafa1|127.0.0.1:15079, 0f2a098c-ed74-48ca-a55f-ceee6161c687|127.0.0.1:15023, b5acb6b3-ef2b-41db-9bfa-77a47d0ca582|127.0.0.1:15031]|listeners:[], old=null}
2025-07-14 15:01:23,199 [9eae2efb-1df6-4ce6-ae9d-8504348dafa1-groupManagement] INFO  server.RaftServer$Division (RaftServerImpl.java:setRole(392)) - 9eae2efb-1df6-4ce6-ae9d-8504348dafa1@group-82905689EA19: changes role from      null to FOLLOWER at term 0 for startAsFollower
2025-07-14 15:01:23,199 [9eae2efb-1df6-4ce6-ae9d-8504348dafa1-groupManagement] INFO  impl.RoleInfo (RoleInfo.java:updateAndGet(148)) - 9eae2efb-1df6-4ce6-ae9d-8504348dafa1: start 9eae2efb-1df6-4ce6-ae9d-8504348dafa1@group-82905689EA19-FollowerState
2025-07-14 15:01:23,200 [9eae2efb-1df6-4ce6-ae9d-8504348dafa1-groupManagement] INFO  util.JmxRegister (JmxRegister.java:tryRegister(44)) - Successfully registered JMX Bean with object name Ratis:service=RaftServer,group=group-82905689EA19,id=9eae2efb-1df6-4ce6-ae9d-8504348dafa1
2025-07-14 15:01:23,200 [9eae2efb-1df6-4ce6-ae9d-8504348dafa1-groupManagement] INFO  util.JmxRegister (JmxRegister.java:register(58)) - register mxBean class org.apache.ratis.server.impl.RaftServerJmxAdapter as Ratis:service=RaftServer,group=group-82905689EA19,id=9eae2efb-1df6-4ce6-ae9d-8504348dafa1
2025-07-14 15:01:23,202 [9eae2efb-1df6-4ce6-ae9d-8504348dafa1-groupManagement] INFO  server.RaftServer$Division (RaftServerImpl.java:start(419)) - 9eae2efb-1df6-4ce6-ae9d-8504348dafa1@group-82905689EA19: Successfully started.
2025-07-14 15:01:23,210 [grpc-default-executor-5] INFO  server.RaftServer (RaftServerProxy.java:addNew(105)) - b5acb6b3-ef2b-41db-9bfa-77a47d0ca582: addNew group-82905689EA19:[9eae2efb-1df6-4ce6-ae9d-8504348dafa1|127.0.0.1:15079, 0f2a098c-ed74-48ca-a55f-ceee6161c687|127.0.0.1:15023, b5acb6b3-ef2b-41db-9bfa-77a47d0ca582|127.0.0.1:15031] returns group-82905689EA19:java.util.concurrent.CompletableFuture@6996477d[Not completed]
2025-07-14 15:01:23,211 [b5acb6b3-ef2b-41db-9bfa-77a47d0ca582-groupManagement] INFO  server.RaftServer$Division (RaftServerImpl.java:<init>(268)) - b5acb6b3-ef2b-41db-9bfa-77a47d0ca582: new RaftServerImpl for group-82905689EA19:[9eae2efb-1df6-4ce6-ae9d-8504348dafa1|127.0.0.1:15079, 0f2a098c-ed74-48ca-a55f-ceee6161c687|127.0.0.1:15023, b5acb6b3-ef2b-41db-9bfa-77a47d0ca582|127.0.0.1:15031] with ContainerStateMachine:uninitialized
2025-07-14 15:01:23,211 [b5acb6b3-ef2b-41db-9bfa-77a47d0ca582-groupManagement] INFO  server.RaftServer$Division (ServerState.java:<init>(114)) - b5acb6b3-ef2b-41db-9bfa-77a47d0ca582@group-82905689EA19: ConfigurationManager, init=conf: {index: -1, cur=peers:[9eae2efb-1df6-4ce6-ae9d-8504348dafa1|127.0.0.1:15079, 0f2a098c-ed74-48ca-a55f-ceee6161c687|127.0.0.1:15023, b5acb6b3-ef2b-41db-9bfa-77a47d0ca582|127.0.0.1:15031]|listeners:[], old=null}, confs=<EMPTY_MAP>
2025-07-14 15:01:23,214 [b5acb6b3-ef2b-41db-9bfa-77a47d0ca582-groupManagement] INFO  server.RaftServerConfigKeys (ConfUtils.java:logGet(62)) - raft.server.storage.dir = [/home/runner/work/ozone/ozone/hadoop-ozone/integration-test/target/test-dir/MiniOzoneClusterImpl-aaa7dc72-7fbf-48e0-acc5-129182712624/ozone-meta/datanode-3/ratis] (custom)
2025-07-14 15:01:23,214 [b5acb6b3-ef2b-41db-9bfa-77a47d0ca582-groupManagement] INFO  storage.RaftStorageDirectory (RaftStorageDirectoryImpl.java:analyzeStorage(138)) - The storage directory /home/runner/work/ozone/ozone/hadoop-ozone/integration-test/target/test-dir/MiniOzoneClusterImpl-aaa7dc72-7fbf-48e0-acc5-129182712624/ozone-meta/datanode-3/ratis/d00acf47-cef8-4671-b269-82905689ea19 does not exist. Creating ...
2025-07-14 15:01:23,215 [b5acb6b3-ef2b-41db-9bfa-77a47d0ca582-groupManagement] INFO  storage.RaftStorageDirectory (RaftStorageDirectoryImpl.java:tryLock(229)) - Lock on /home/runner/work/ozone/ozone/hadoop-ozone/integration-test/target/test-dir/MiniOzoneClusterImpl-aaa7dc72-7fbf-48e0-acc5-129182712624/ozone-meta/datanode-3/ratis/d00acf47-cef8-4671-b269-82905689ea19/in_use.lock acquired by nodename 18082@localhost
2025-07-14 15:01:23,216 [b5acb6b3-ef2b-41db-9bfa-77a47d0ca582-groupManagement] INFO  storage.RaftStorage (RaftStorageImpl.java:format(98)) - Storage directory /home/runner/work/ozone/ozone/hadoop-ozone/integration-test/target/test-dir/MiniOzoneClusterImpl-aaa7dc72-7fbf-48e0-acc5-129182712624/ozone-meta/datanode-3/ratis/d00acf47-cef8-4671-b269-82905689ea19 has been successfully formatted.
2025-07-14 15:01:23,217 [b5acb6b3-ef2b-41db-9bfa-77a47d0ca582-groupManagement] INFO  ratis.ContainerStateMachine (ContainerStateMachine.java:initialize(339)) - b5acb6b3-ef2b-41db-9bfa-77a47d0ca582: initialize group-82905689EA19
2025-07-14 15:01:23,217 [b5acb6b3-ef2b-41db-9bfa-77a47d0ca582-groupManagement] INFO  ratis.ContainerStateMachine (ContainerStateMachine.java:loadSnapshot(347)) - group-82905689EA19: The snapshot info is null. Setting the last applied index to:<INITIAL_VALUE>
2025-07-14 15:01:23,217 [b5acb6b3-ef2b-41db-9bfa-77a47d0ca582-groupManagement] INFO  server.RaftServerConfigKeys (ConfUtils.java:logGet(62)) - raft.server.log.appender.buffer.byte-limit = 33554432 (custom)
2025-07-14 15:01:23,218 [b5acb6b3-ef2b-41db-9bfa-77a47d0ca582-groupManagement] INFO  server.RaftServerConfigKeys (ConfUtils.java:logGet(62)) - raft.server.log.segment.size.max = 67108864 (custom)
2025-07-14 15:01:23,219 [b5acb6b3-ef2b-41db-9bfa-77a47d0ca582-groupManagement] INFO  server.RaftServerConfigKeys (ConfUtils.java:logGet(62)) - raft.server.log.appender.buffer.byte-limit = 33554432 (custom)
2025-07-14 15:01:23,219 [b5acb6b3-ef2b-41db-9bfa-77a47d0ca582-groupManagement] INFO  util.AwaitToRun (AwaitToRun.java:start(81)) - Thread[#2034,b5acb6b3-ef2b-41db-9bfa-77a47d0ca582@group-82905689EA19-cacheEviction-AwaitToRun,5,main] started
2025-07-14 15:01:23,219 [b5acb6b3-ef2b-41db-9bfa-77a47d0ca582-groupManagement] INFO  segmented.SegmentedRaftLogWorker (SegmentedRaftLogWorker.java:<init>(190)) - new b5acb6b3-ef2b-41db-9bfa-77a47d0ca582@group-82905689EA19-SegmentedRaftLogWorker for RaftStorageImpl:Storage Directory /home/runner/work/ozone/ozone/hadoop-ozone/integration-test/target/test-dir/MiniOzoneClusterImpl-aaa7dc72-7fbf-48e0-acc5-129182712624/ozone-meta/datanode-3/ratis/d00acf47-cef8-4671-b269-82905689ea19
2025-07-14 15:01:23,219 [b5acb6b3-ef2b-41db-9bfa-77a47d0ca582-groupManagement] INFO  server.RaftServerConfigKeys (ConfUtils.java:logGet(62)) - raft.server.log.queue.byte-limit = 4294967296 (custom)
2025-07-14 15:01:23,219 [b5acb6b3-ef2b-41db-9bfa-77a47d0ca582-groupManagement] INFO  server.RaftServerConfigKeys (ConfUtils.java:logGet(62)) - raft.server.log.segment.size.max = 67108864 (custom)
2025-07-14 15:01:23,219 [b5acb6b3-ef2b-41db-9bfa-77a47d0ca582-groupManagement] INFO  server.RaftServerConfigKeys (ConfUtils.java:logGet(62)) - raft.server.log.preallocated.size = 4194304 (custom)
2025-07-14 15:01:23,219 [b5acb6b3-ef2b-41db-9bfa-77a47d0ca582-groupManagement] INFO  server.RaftServerConfigKeys (ConfUtils.java:logGet(62)) - raft.server.log.write.buffer.size = 33554440 (custom)
2025-07-14 15:01:23,224 [b5acb6b3-ef2b-41db-9bfa-77a47d0ca582-groupManagement] INFO  server.RaftServerConfigKeys (ConfUtils.java:logGet(62)) - raft.server.log.appender.buffer.byte-limit = 33554432 (custom)
2025-07-14 15:01:23,224 [b5acb6b3-ef2b-41db-9bfa-77a47d0ca582-groupManagement] INFO  segmented.SegmentedRaftLogWorker (SegmentedRaftLogWorker.java:lambda$new$0(141)) - b5acb6b3-ef2b-41db-9bfa-77a47d0ca582@group-82905689EA19-SegmentedRaftLogWorker: flushIndex: setUnconditionally 0 -> -1
2025-07-14 15:01:23,224 [b5acb6b3-ef2b-41db-9bfa-77a47d0ca582-groupManagement] INFO  segmented.SegmentedRaftLogWorker (SegmentedRaftLogWorker.java:lambda$new$0(141)) - b5acb6b3-ef2b-41db-9bfa-77a47d0ca582@group-82905689EA19-SegmentedRaftLogWorker: safeCacheEvictIndex: setUnconditionally 0 -> -1
2025-07-14 15:01:23,225 [b5acb6b3-ef2b-41db-9bfa-77a47d0ca582-groupManagement] INFO  server.RaftServer$Division (RaftServerImpl.java:start(405)) - b5acb6b3-ef2b-41db-9bfa-77a47d0ca582@group-82905689EA19: start as a follower, conf=conf: {index: -1, cur=peers:[9eae2efb-1df6-4ce6-ae9d-8504348dafa1|127.0.0.1:15079, 0f2a098c-ed74-48ca-a55f-ceee6161c687|127.0.0.1:15023, b5acb6b3-ef2b-41db-9bfa-77a47d0ca582|127.0.0.1:15031]|listeners:[], old=null}
2025-07-14 15:01:23,226 [b5acb6b3-ef2b-41db-9bfa-77a47d0ca582-groupManagement] INFO  server.RaftServer$Division (RaftServerImpl.java:setRole(392)) - b5acb6b3-ef2b-41db-9bfa-77a47d0ca582@group-82905689EA19: changes role from      null to FOLLOWER at term 0 for startAsFollower
2025-07-14 15:01:23,226 [b5acb6b3-ef2b-41db-9bfa-77a47d0ca582-groupManagement] INFO  impl.RoleInfo (RoleInfo.java:updateAndGet(148)) - b5acb6b3-ef2b-41db-9bfa-77a47d0ca582: start b5acb6b3-ef2b-41db-9bfa-77a47d0ca582@group-82905689EA19-FollowerState
2025-07-14 15:01:23,227 [b5acb6b3-ef2b-41db-9bfa-77a47d0ca582-groupManagement] INFO  util.JmxRegister (JmxRegister.java:tryRegister(44)) - Successfully registered JMX Bean with object name Ratis:service=RaftServer,group=group-82905689EA19,id=b5acb6b3-ef2b-41db-9bfa-77a47d0ca582
2025-07-14 15:01:23,227 [b5acb6b3-ef2b-41db-9bfa-77a47d0ca582-groupManagement] INFO  util.JmxRegister (JmxRegister.java:register(58)) - register mxBean class org.apache.ratis.server.impl.RaftServerJmxAdapter as Ratis:service=RaftServer,group=group-82905689EA19,id=b5acb6b3-ef2b-41db-9bfa-77a47d0ca582
2025-07-14 15:01:23,227 [b5acb6b3-ef2b-41db-9bfa-77a47d0ca582-groupManagement] INFO  server.RaftServer$Division (RaftServerImpl.java:start(419)) - b5acb6b3-ef2b-41db-9bfa-77a47d0ca582@group-82905689EA19: Successfully started.
2025-07-14 15:01:23,230 [0f2a098c-ed74-48ca-a55f-ceee6161c687-PipelineCommandHandlerThread-0] INFO  commandhandler.CreatePipelineCommandHandler (CreatePipelineCommandHandler.java:lambda$handle$2(127)) - Created Pipeline RATIS THREE Pipeline-d00acf47-cef8-4671-b269-82905689ea19.
2025-07-14 15:01:23,826 [ac481237-f71e-4eeb-9120-a6c52bf83f13-PipelineCommandHandlerThread-0] INFO  server.RaftServer (RaftServerProxy.java:addNew(105)) - ac481237-f71e-4eeb-9120-a6c52bf83f13: addNew group-E88DC94DCCFD:[ac481237-f71e-4eeb-9120-a6c52bf83f13|127.0.0.1:15063] returns group-E88DC94DCCFD:java.util.concurrent.CompletableFuture@5d62eb91[Not completed]
2025-07-14 15:01:23,828 [ac481237-f71e-4eeb-9120-a6c52bf83f13-groupManagement] INFO  server.RaftServer$Division (RaftServerImpl.java:<init>(268)) - ac481237-f71e-4eeb-9120-a6c52bf83f13: new RaftServerImpl for group-E88DC94DCCFD:[ac481237-f71e-4eeb-9120-a6c52bf83f13|127.0.0.1:15063] with ContainerStateMachine:uninitialized
2025-07-14 15:01:23,828 [ac481237-f71e-4eeb-9120-a6c52bf83f13-groupManagement] INFO  server.RaftServer$Division (ServerState.java:<init>(114)) - ac481237-f71e-4eeb-9120-a6c52bf83f13@group-E88DC94DCCFD: ConfigurationManager, init=conf: {index: -1, cur=peers:[ac481237-f71e-4eeb-9120-a6c52bf83f13|127.0.0.1:15063]|listeners:[], old=null}, confs=<EMPTY_MAP>
2025-07-14 15:01:23,831 [ac481237-f71e-4eeb-9120-a6c52bf83f13-groupManagement] INFO  server.RaftServerConfigKeys (ConfUtils.java:logGet(62)) - raft.server.storage.dir = [/home/runner/work/ozone/ozone/hadoop-ozone/integration-test/target/test-dir/MiniOzoneClusterImpl-aaa7dc72-7fbf-48e0-acc5-129182712624/ozone-meta/datanode-7/ratis2f800b45-45bc-45dc-b6ff-7f8e692838a6] (custom)
2025-07-14 15:01:23,832 [ac481237-f71e-4eeb-9120-a6c52bf83f13-groupManagement] INFO  storage.RaftStorageDirectory (RaftStorageDirectoryImpl.java:analyzeStorage(138)) - The storage directory /home/runner/work/ozone/ozone/hadoop-ozone/integration-test/target/test-dir/MiniOzoneClusterImpl-aaa7dc72-7fbf-48e0-acc5-129182712624/ozone-meta/datanode-7/ratis2f800b45-45bc-45dc-b6ff-7f8e692838a6/5ac63efd-a56e-4eec-bc04-e88dc94dccfd does not exist. Creating ...
2025-07-14 15:01:23,833 [ac481237-f71e-4eeb-9120-a6c52bf83f13-groupManagement] INFO  storage.RaftStorageDirectory (RaftStorageDirectoryImpl.java:tryLock(229)) - Lock on /home/runner/work/ozone/ozone/hadoop-ozone/integration-test/target/test-dir/MiniOzoneClusterImpl-aaa7dc72-7fbf-48e0-acc5-129182712624/ozone-meta/datanode-7/ratis2f800b45-45bc-45dc-b6ff-7f8e692838a6/5ac63efd-a56e-4eec-bc04-e88dc94dccfd/in_use.lock acquired by nodename 18082@localhost
2025-07-14 15:01:23,834 [ac481237-f71e-4eeb-9120-a6c52bf83f13-groupManagement] INFO  storage.RaftStorage (RaftStorageImpl.java:format(98)) - Storage directory /home/runner/work/ozone/ozone/hadoop-ozone/integration-test/target/test-dir/MiniOzoneClusterImpl-aaa7dc72-7fbf-48e0-acc5-129182712624/ozone-meta/datanode-7/ratis2f800b45-45bc-45dc-b6ff-7f8e692838a6/5ac63efd-a56e-4eec-bc04-e88dc94dccfd has been successfully formatted.
2025-07-14 15:01:23,834 [ac481237-f71e-4eeb-9120-a6c52bf83f13-groupManagement] INFO  ratis.ContainerStateMachine (ContainerStateMachine.java:initialize(339)) - ac481237-f71e-4eeb-9120-a6c52bf83f13: initialize group-E88DC94DCCFD
2025-07-14 15:01:23,834 [ac481237-f71e-4eeb-9120-a6c52bf83f13-groupManagement] INFO  ratis.ContainerStateMachine (ContainerStateMachine.java:loadSnapshot(347)) - group-E88DC94DCCFD: The snapshot info is null. Setting the last applied index to:<INITIAL_VALUE>
2025-07-14 15:01:23,834 [ac481237-f71e-4eeb-9120-a6c52bf83f13-groupManagement] INFO  server.RaftServerConfigKeys (ConfUtils.java:logGet(62)) - raft.server.log.appender.buffer.byte-limit = 33554432 (custom)
2025-07-14 15:01:23,836 [ac481237-f71e-4eeb-9120-a6c52bf83f13-groupManagement] INFO  server.RaftServerConfigKeys (ConfUtils.java:logGet(62)) - raft.server.log.segment.size.max = 67108864 (custom)
2025-07-14 15:01:23,837 [ac481237-f71e-4eeb-9120-a6c52bf83f13-groupManagement] INFO  server.RaftServerConfigKeys (ConfUtils.java:logGet(62)) - raft.server.log.appender.buffer.byte-limit = 33554432 (custom)
2025-07-14 15:01:23,837 [EventQueue-PipelineReportForPipelineReportHandler] INFO  pipeline.PipelineReportHandler (PipelineReportHandler.java:processPipelineReport(134)) - Opened pipeline Pipeline-5ac63efd-a56e-4eec-bc04-e88dc94dccfd
2025-07-14 15:01:23,837 [ac481237-f71e-4eeb-9120-a6c52bf83f13-groupManagement] INFO  util.AwaitToRun (AwaitToRun.java:start(81)) - Thread[#2042,ac481237-f71e-4eeb-9120-a6c52bf83f13@group-E88DC94DCCFD-cacheEviction-AwaitToRun,5,main] started
2025-07-14 15:01:23,837 [ac481237-f71e-4eeb-9120-a6c52bf83f13-groupManagement] INFO  segmented.SegmentedRaftLogWorker (SegmentedRaftLogWorker.java:<init>(190)) - new ac481237-f71e-4eeb-9120-a6c52bf83f13@group-E88DC94DCCFD-SegmentedRaftLogWorker for RaftStorageImpl:Storage Directory /home/runner/work/ozone/ozone/hadoop-ozone/integration-test/target/test-dir/MiniOzoneClusterImpl-aaa7dc72-7fbf-48e0-acc5-129182712624/ozone-meta/datanode-7/ratis2f800b45-45bc-45dc-b6ff-7f8e692838a6/5ac63efd-a56e-4eec-bc04-e88dc94dccfd
2025-07-14 15:01:23,837 [ac481237-f71e-4eeb-9120-a6c52bf83f13-groupManagement] INFO  server.RaftServerConfigKeys (ConfUtils.java:logGet(62)) - raft.server.log.queue.byte-limit = 4294967296 (custom)
2025-07-14 15:01:23,837 [ac481237-f71e-4eeb-9120-a6c52bf83f13-groupManagement] INFO  server.RaftServerConfigKeys (ConfUtils.java:logGet(62)) - raft.server.log.segment.size.max = 67108864 (custom)
2025-07-14 15:01:23,837 [ac481237-f71e-4eeb-9120-a6c52bf83f13-groupManagement] INFO  server.RaftServerConfigKeys (ConfUtils.java:logGet(62)) - raft.server.log.preallocated.size = 4194304 (custom)
2025-07-14 15:01:23,838 [ac481237-f71e-4eeb-9120-a6c52bf83f13-groupManagement] INFO  server.RaftServerConfigKeys (ConfUtils.java:logGet(62)) - raft.server.log.write.buffer.size = 33554440 (custom)
2025-07-14 15:01:23,843 [ac481237-f71e-4eeb-9120-a6c52bf83f13-groupManagement] INFO  server.RaftServerConfigKeys (ConfUtils.java:logGet(62)) - raft.server.log.appender.buffer.byte-limit = 33554432 (custom)
2025-07-14 15:01:23,844 [ac481237-f71e-4eeb-9120-a6c52bf83f13-groupManagement] INFO  segmented.SegmentedRaftLogWorker (SegmentedRaftLogWorker.java:lambda$new$0(141)) - ac481237-f71e-4eeb-9120-a6c52bf83f13@group-E88DC94DCCFD-SegmentedRaftLogWorker: flushIndex: setUnconditionally 0 -> -1
2025-07-14 15:01:23,844 [ac481237-f71e-4eeb-9120-a6c52bf83f13-groupManagement] INFO  segmented.SegmentedRaftLogWorker (SegmentedRaftLogWorker.java:lambda$new$0(141)) - ac481237-f71e-4eeb-9120-a6c52bf83f13@group-E88DC94DCCFD-SegmentedRaftLogWorker: safeCacheEvictIndex: setUnconditionally 0 -> -1
2025-07-14 15:01:23,844 [ac481237-f71e-4eeb-9120-a6c52bf83f13-groupManagement] INFO  server.RaftServer$Division (RaftServerImpl.java:start(405)) - ac481237-f71e-4eeb-9120-a6c52bf83f13@group-E88DC94DCCFD: start as a follower, conf=conf: {index: -1, cur=peers:[ac481237-f71e-4eeb-9120-a6c52bf83f13|127.0.0.1:15063]|listeners:[], old=null}
2025-07-14 15:01:23,844 [ac481237-f71e-4eeb-9120-a6c52bf83f13-groupManagement] INFO  server.RaftServer$Division (RaftServerImpl.java:setRole(392)) - ac481237-f71e-4eeb-9120-a6c52bf83f13@group-E88DC94DCCFD: changes role from      null to FOLLOWER at term 0 for startAsFollower
2025-07-14 15:01:23,844 [ac481237-f71e-4eeb-9120-a6c52bf83f13-groupManagement] INFO  impl.RoleInfo (RoleInfo.java:updateAndGet(148)) - ac481237-f71e-4eeb-9120-a6c52bf83f13: start ac481237-f71e-4eeb-9120-a6c52bf83f13@group-E88DC94DCCFD-FollowerState
2025-07-14 15:01:23,845 [ac481237-f71e-4eeb-9120-a6c52bf83f13-groupManagement] INFO  util.JmxRegister (JmxRegister.java:tryRegister(44)) - Successfully registered JMX Bean with object name Ratis:service=RaftServer,group=group-E88DC94DCCFD,id=ac481237-f71e-4eeb-9120-a6c52bf83f13
2025-07-14 15:01:23,845 [ac481237-f71e-4eeb-9120-a6c52bf83f13-groupManagement] INFO  util.JmxRegister (JmxRegister.java:register(58)) - register mxBean class org.apache.ratis.server.impl.RaftServerJmxAdapter as Ratis:service=RaftServer,group=group-E88DC94DCCFD,id=ac481237-f71e-4eeb-9120-a6c52bf83f13
2025-07-14 15:01:23,845 [ac481237-f71e-4eeb-9120-a6c52bf83f13-groupManagement] INFO  server.RaftServer$Division (RaftServerImpl.java:start(419)) - ac481237-f71e-4eeb-9120-a6c52bf83f13@group-E88DC94DCCFD: Successfully started.
2025-07-14 15:01:23,846 [ac481237-f71e-4eeb-9120-a6c52bf83f13-PipelineCommandHandlerThread-0] INFO  ratis.XceiverServerRatis (XceiverServerRatis.java:addGroup(843)) - Created group Pipeline-5ac63efd-a56e-4eec-bc04-e88dc94dccfd
2025-07-14 15:01:23,846 [ac481237-f71e-4eeb-9120-a6c52bf83f13-PipelineCommandHandlerThread-0] INFO  commandhandler.CreatePipelineCommandHandler (CreatePipelineCommandHandler.java:lambda$handle$2(127)) - Created Pipeline RATIS ONE Pipeline-5ac63efd-a56e-4eec-bc04-e88dc94dccfd.
2025-07-14 15:01:23,947 [a505560f-c589-4eb5-89aa-a89970ae9358-PipelineCommandHandlerThread-0] INFO  server.RaftServer (RaftServerProxy.java:addNew(105)) - a505560f-c589-4eb5-89aa-a89970ae9358: addNew group-DB9D5F6E4001:[a505560f-c589-4eb5-89aa-a89970ae9358|127.0.0.1:15039] returns group-DB9D5F6E4001:java.util.concurrent.CompletableFuture@15c32baa[Not completed]
2025-07-14 15:01:23,949 [a505560f-c589-4eb5-89aa-a89970ae9358-groupManagement] INFO  server.RaftServer$Division (RaftServerImpl.java:<init>(268)) - a505560f-c589-4eb5-89aa-a89970ae9358: new RaftServerImpl for group-DB9D5F6E4001:[a505560f-c589-4eb5-89aa-a89970ae9358|127.0.0.1:15039] with ContainerStateMachine:uninitialized
2025-07-14 15:01:23,949 [a505560f-c589-4eb5-89aa-a89970ae9358-groupManagement] INFO  server.RaftServer$Division (ServerState.java:<init>(114)) - a505560f-c589-4eb5-89aa-a89970ae9358@group-DB9D5F6E4001: ConfigurationManager, init=conf: {index: -1, cur=peers:[a505560f-c589-4eb5-89aa-a89970ae9358|127.0.0.1:15039]|listeners:[], old=null}, confs=<EMPTY_MAP>
2025-07-14 15:01:23,953 [a505560f-c589-4eb5-89aa-a89970ae9358-groupManagement] INFO  server.RaftServerConfigKeys (ConfUtils.java:logGet(62)) - raft.server.storage.dir = [/home/runner/work/ozone/ozone/hadoop-ozone/integration-test/target/test-dir/MiniOzoneClusterImpl-aaa7dc72-7fbf-48e0-acc5-129182712624/ozone-meta/datanode-4/ratisba26d9b5-73bc-4f55-8c12-38b59127a25e] (custom)
2025-07-14 15:01:23,954 [a505560f-c589-4eb5-89aa-a89970ae9358-groupManagement] INFO  storage.RaftStorageDirectory (RaftStorageDirectoryImpl.java:analyzeStorage(138)) - The storage directory /home/runner/work/ozone/ozone/hadoop-ozone/integration-test/target/test-dir/MiniOzoneClusterImpl-aaa7dc72-7fbf-48e0-acc5-129182712624/ozone-meta/datanode-4/ratisba26d9b5-73bc-4f55-8c12-38b59127a25e/c32749f1-9bc6-4bb5-90a9-db9d5f6e4001 does not exist. Creating ...
2025-07-14 15:01:23,955 [a505560f-c589-4eb5-89aa-a89970ae9358-groupManagement] INFO  storage.RaftStorageDirectory (RaftStorageDirectoryImpl.java:tryLock(229)) - Lock on /home/runner/work/ozone/ozone/hadoop-ozone/integration-test/target/test-dir/MiniOzoneClusterImpl-aaa7dc72-7fbf-48e0-acc5-129182712624/ozone-meta/datanode-4/ratisba26d9b5-73bc-4f55-8c12-38b59127a25e/c32749f1-9bc6-4bb5-90a9-db9d5f6e4001/in_use.lock acquired by nodename 18082@localhost
2025-07-14 15:01:23,956 [a505560f-c589-4eb5-89aa-a89970ae9358-groupManagement] INFO  storage.RaftStorage (RaftStorageImpl.java:format(98)) - Storage directory /home/runner/work/ozone/ozone/hadoop-ozone/integration-test/target/test-dir/MiniOzoneClusterImpl-aaa7dc72-7fbf-48e0-acc5-129182712624/ozone-meta/datanode-4/ratisba26d9b5-73bc-4f55-8c12-38b59127a25e/c32749f1-9bc6-4bb5-90a9-db9d5f6e4001 has been successfully formatted.
2025-07-14 15:01:23,957 [a505560f-c589-4eb5-89aa-a89970ae9358-groupManagement] INFO  ratis.ContainerStateMachine (ContainerStateMachine.java:initialize(339)) - a505560f-c589-4eb5-89aa-a89970ae9358: initialize group-DB9D5F6E4001
2025-07-14 15:01:23,957 [a505560f-c589-4eb5-89aa-a89970ae9358-groupManagement] INFO  ratis.ContainerStateMachine (ContainerStateMachine.java:loadSnapshot(347)) - group-DB9D5F6E4001: The snapshot info is null. Setting the last applied index to:<INITIAL_VALUE>
2025-07-14 15:01:23,957 [a505560f-c589-4eb5-89aa-a89970ae9358-groupManagement] INFO  server.RaftServerConfigKeys (ConfUtils.java:logGet(62)) - raft.server.log.appender.buffer.byte-limit = 33554432 (custom)
2025-07-14 15:01:23,959 [a505560f-c589-4eb5-89aa-a89970ae9358-groupManagement] INFO  server.RaftServerConfigKeys (ConfUtils.java:logGet(62)) - raft.server.log.segment.size.max = 67108864 (custom)
2025-07-14 15:01:23,959 [a505560f-c589-4eb5-89aa-a89970ae9358-groupManagement] INFO  server.RaftServerConfigKeys (ConfUtils.java:logGet(62)) - raft.server.log.appender.buffer.byte-limit = 33554432 (custom)
2025-07-14 15:01:23,959 [EventQueue-PipelineReportForPipelineReportHandler] INFO  pipeline.PipelineReportHandler (PipelineReportHandler.java:processPipelineReport(134)) - Opened pipeline Pipeline-c32749f1-9bc6-4bb5-90a9-db9d5f6e4001
2025-07-14 15:01:23,960 [a505560f-c589-4eb5-89aa-a89970ae9358-groupManagement] INFO  util.AwaitToRun (AwaitToRun.java:start(81)) - Thread[#2048,a505560f-c589-4eb5-89aa-a89970ae9358@group-DB9D5F6E4001-cacheEviction-AwaitToRun,5,main] started
2025-07-14 15:01:23,960 [a505560f-c589-4eb5-89aa-a89970ae9358-groupManagement] INFO  segmented.SegmentedRaftLogWorker (SegmentedRaftLogWorker.java:<init>(190)) - new a505560f-c589-4eb5-89aa-a89970ae9358@group-DB9D5F6E4001-SegmentedRaftLogWorker for RaftStorageImpl:Storage Directory /home/runner/work/ozone/ozone/hadoop-ozone/integration-test/target/test-dir/MiniOzoneClusterImpl-aaa7dc72-7fbf-48e0-acc5-129182712624/ozone-meta/datanode-4/ratisba26d9b5-73bc-4f55-8c12-38b59127a25e/c32749f1-9bc6-4bb5-90a9-db9d5f6e4001
2025-07-14 15:01:23,960 [a505560f-c589-4eb5-89aa-a89970ae9358-groupManagement] INFO  server.RaftServerConfigKeys (ConfUtils.java:logGet(62)) - raft.server.log.queue.byte-limit = 4294967296 (custom)
2025-07-14 15:01:23,960 [a505560f-c589-4eb5-89aa-a89970ae9358-groupManagement] INFO  server.RaftServerConfigKeys (ConfUtils.java:logGet(62)) - raft.server.log.segment.size.max = 67108864 (custom)
2025-07-14 15:01:23,960 [a505560f-c589-4eb5-89aa-a89970ae9358-groupManagement] INFO  server.RaftServerConfigKeys (ConfUtils.java:logGet(62)) - raft.server.log.preallocated.size = 4194304 (custom)
2025-07-14 15:01:23,960 [a505560f-c589-4eb5-89aa-a89970ae9358-groupManagement] INFO  server.RaftServerConfigKeys (ConfUtils.java:logGet(62)) - raft.server.log.write.buffer.size = 33554440 (custom)
2025-07-14 15:01:23,965 [a505560f-c589-4eb5-89aa-a89970ae9358-groupManagement] INFO  server.RaftServerConfigKeys (ConfUtils.java:logGet(62)) - raft.server.log.appender.buffer.byte-limit = 33554432 (custom)
2025-07-14 15:01:23,965 [a505560f-c589-4eb5-89aa-a89970ae9358-groupManagement] INFO  segmented.SegmentedRaftLogWorker (SegmentedRaftLogWorker.java:lambda$new$0(141)) - a505560f-c589-4eb5-89aa-a89970ae9358@group-DB9D5F6E4001-SegmentedRaftLogWorker: flushIndex: setUnconditionally 0 -> -1
2025-07-14 15:01:23,965 [a505560f-c589-4eb5-89aa-a89970ae9358-groupManagement] INFO  segmented.SegmentedRaftLogWorker (SegmentedRaftLogWorker.java:lambda$new$0(141)) - a505560f-c589-4eb5-89aa-a89970ae9358@group-DB9D5F6E4001-SegmentedRaftLogWorker: safeCacheEvictIndex: setUnconditionally 0 -> -1
2025-07-14 15:01:23,966 [a505560f-c589-4eb5-89aa-a89970ae9358-groupManagement] INFO  server.RaftServer$Division (RaftServerImpl.java:start(405)) - a505560f-c589-4eb5-89aa-a89970ae9358@group-DB9D5F6E4001: start as a follower, conf=conf: {index: -1, cur=peers:[a505560f-c589-4eb5-89aa-a89970ae9358|127.0.0.1:15039]|listeners:[], old=null}
2025-07-14 15:01:23,966 [a505560f-c589-4eb5-89aa-a89970ae9358-groupManagement] INFO  server.RaftServer$Division (RaftServerImpl.java:setRole(392)) - a505560f-c589-4eb5-89aa-a89970ae9358@group-DB9D5F6E4001: changes role from      null to FOLLOWER at term 0 for startAsFollower
2025-07-14 15:01:23,966 [a505560f-c589-4eb5-89aa-a89970ae9358-groupManagement] INFO  impl.RoleInfo (RoleInfo.java:updateAndGet(148)) - a505560f-c589-4eb5-89aa-a89970ae9358: start a505560f-c589-4eb5-89aa-a89970ae9358@group-DB9D5F6E4001-FollowerState
2025-07-14 15:01:23,966 [a505560f-c589-4eb5-89aa-a89970ae9358-groupManagement] INFO  util.JmxRegister (JmxRegister.java:tryRegister(44)) - Successfully registered JMX Bean with object name Ratis:service=RaftServer,group=group-DB9D5F6E4001,id=a505560f-c589-4eb5-89aa-a89970ae9358
2025-07-14 15:01:23,966 [a505560f-c589-4eb5-89aa-a89970ae9358-groupManagement] INFO  util.JmxRegister (JmxRegister.java:register(58)) - register mxBean class org.apache.ratis.server.impl.RaftServerJmxAdapter as Ratis:service=RaftServer,group=group-DB9D5F6E4001,id=a505560f-c589-4eb5-89aa-a89970ae9358
2025-07-14 15:01:23,967 [a505560f-c589-4eb5-89aa-a89970ae9358-groupManagement] INFO  server.RaftServer$Division (RaftServerImpl.java:start(419)) - a505560f-c589-4eb5-89aa-a89970ae9358@group-DB9D5F6E4001: Successfully started.
2025-07-14 15:01:23,967 [a505560f-c589-4eb5-89aa-a89970ae9358-PipelineCommandHandlerThread-0] INFO  ratis.XceiverServerRatis (XceiverServerRatis.java:addGroup(843)) - Created group Pipeline-c32749f1-9bc6-4bb5-90a9-db9d5f6e4001
2025-07-14 15:01:23,967 [a505560f-c589-4eb5-89aa-a89970ae9358-PipelineCommandHandlerThread-0] INFO  commandhandler.CreatePipelineCommandHandler (CreatePipelineCommandHandler.java:lambda$handle$2(127)) - Created Pipeline RATIS ONE Pipeline-c32749f1-9bc6-4bb5-90a9-db9d5f6e4001.
2025-07-14 15:01:24,051 [9eae2efb-1df6-4ce6-ae9d-8504348dafa1@group-8278812FD17C-FollowerState] INFO  impl.FollowerState (FollowerState.java:runImpl(161)) - 9eae2efb-1df6-4ce6-ae9d-8504348dafa1@group-8278812FD17C-FollowerState: change to CANDIDATE, lastRpcElapsedTime:1010400009ns, electionTimeout:1010ms
2025-07-14 15:01:24,051 [9eae2efb-1df6-4ce6-ae9d-8504348dafa1@group-8278812FD17C-FollowerState] INFO  impl.RoleInfo (RoleInfo.java:shutdownFollowerState(121)) - 9eae2efb-1df6-4ce6-ae9d-8504348dafa1: shutdown 9eae2efb-1df6-4ce6-ae9d-8504348dafa1@group-8278812FD17C-FollowerState
2025-07-14 15:01:24,051 [9eae2efb-1df6-4ce6-ae9d-8504348dafa1@group-8278812FD17C-FollowerState] INFO  server.RaftServer$Division (RaftServerImpl.java:setRole(392)) - 9eae2efb-1df6-4ce6-ae9d-8504348dafa1@group-8278812FD17C: changes role from  FOLLOWER to CANDIDATE at term 0 for changeToCandidate
2025-07-14 15:01:24,051 [9eae2efb-1df6-4ce6-ae9d-8504348dafa1@group-8278812FD17C-FollowerState] INFO  impl.RoleInfo (RoleInfo.java:updateAndGet(148)) - 9eae2efb-1df6-4ce6-ae9d-8504348dafa1: start 9eae2efb-1df6-4ce6-ae9d-8504348dafa1@group-8278812FD17C-LeaderElection25
2025-07-14 15:01:24,052 [9eae2efb-1df6-4ce6-ae9d-8504348dafa1@group-8278812FD17C-LeaderElection25] INFO  impl.LeaderElection (LeaderElection.java:askForVotes(448)) - 9eae2efb-1df6-4ce6-ae9d-8504348dafa1@group-8278812FD17C-LeaderElection25 PRE_VOTE round 0: submit vote requests at term 0 for conf: {index: -1, cur=peers:[9eae2efb-1df6-4ce6-ae9d-8504348dafa1|127.0.0.1:15079, ac481237-f71e-4eeb-9120-a6c52bf83f13|127.0.0.1:15063, 89a738d3-0145-4b42-8b1b-b5be9f604b49|127.0.0.1:15071]|listeners:[], old=null}
2025-07-14 15:01:24,054 [grpc-default-executor-6] INFO  server.RaftServer$Division (RaftServerImpl.java:requestVote(1421)) - 89a738d3-0145-4b42-8b1b-b5be9f604b49@group-8278812FD17C: receive requestVote(PRE_VOTE, 9eae2efb-1df6-4ce6-ae9d-8504348dafa1, group-8278812FD17C, 0, <PROTO_DEFAULT>)
2025-07-14 15:01:24,054 [grpc-default-executor-6] INFO  impl.VoteContext (VoteContext.java:log(49)) - 89a738d3-0145-4b42-8b1b-b5be9f604b49@group-8278812FD17C-FOLLOWER: accept PRE_VOTE from 9eae2efb-1df6-4ce6-ae9d-8504348dafa1: our priority 0 <= candidate's priority 0
2025-07-14 15:01:24,054 [grpc-default-executor-6] INFO  server.RaftServer$Division (RaftServerImpl.java:requestVote(1455)) - 89a738d3-0145-4b42-8b1b-b5be9f604b49@group-8278812FD17C replies to PRE_VOTE vote request: 9eae2efb-1df6-4ce6-ae9d-8504348dafa1<-89a738d3-0145-4b42-8b1b-b5be9f604b49#0:OK-t0-last:<INITIAL_VALUE>. Peer's state: 89a738d3-0145-4b42-8b1b-b5be9f604b49@group-8278812FD17C:t0, leader=null, voted=, raftlog=Memoized:89a738d3-0145-4b42-8b1b-b5be9f604b49@group-8278812FD17C-SegmentedRaftLog:OPENED:c-1:lastnull, conf=conf: {index: -1, cur=peers:[9eae2efb-1df6-4ce6-ae9d-8504348dafa1|127.0.0.1:15079, ac481237-f71e-4eeb-9120-a6c52bf83f13|127.0.0.1:15063, 89a738d3-0145-4b42-8b1b-b5be9f604b49|127.0.0.1:15071]|listeners:[], old=null}
2025-07-14 15:01:24,054 [grpc-default-executor-5] INFO  server.RaftServer$Division (RaftServerImpl.java:requestVote(1421)) - ac481237-f71e-4eeb-9120-a6c52bf83f13@group-8278812FD17C: receive requestVote(PRE_VOTE, 9eae2efb-1df6-4ce6-ae9d-8504348dafa1, group-8278812FD17C, 0, <PROTO_DEFAULT>)
2025-07-14 15:01:24,054 [grpc-default-executor-5] INFO  impl.VoteContext (VoteContext.java:log(49)) - ac481237-f71e-4eeb-9120-a6c52bf83f13@group-8278812FD17C-FOLLOWER: reject PRE_VOTE from 9eae2efb-1df6-4ce6-ae9d-8504348dafa1: our priority 1 > candidate's priority 0
2025-07-14 15:01:24,054 [grpc-default-executor-5] INFO  server.RaftServer$Division (RaftServerImpl.java:requestVote(1455)) - ac481237-f71e-4eeb-9120-a6c52bf83f13@group-8278812FD17C replies to PRE_VOTE vote request: 9eae2efb-1df6-4ce6-ae9d-8504348dafa1<-ac481237-f71e-4eeb-9120-a6c52bf83f13#0:FAIL-t0-last:<INITIAL_VALUE>. Peer's state: ac481237-f71e-4eeb-9120-a6c52bf83f13@group-8278812FD17C:t0, leader=null, voted=, raftlog=Memoized:ac481237-f71e-4eeb-9120-a6c52bf83f13@group-8278812FD17C-SegmentedRaftLog:OPENED:c-1:lastnull, conf=conf: {index: -1, cur=peers:[9eae2efb-1df6-4ce6-ae9d-8504348dafa1|127.0.0.1:15079, ac481237-f71e-4eeb-9120-a6c52bf83f13|127.0.0.1:15063, 89a738d3-0145-4b42-8b1b-b5be9f604b49|127.0.0.1:15071]|listeners:[], old=null}
2025-07-14 15:01:24,056 [9eae2efb-1df6-4ce6-ae9d-8504348dafa1@group-8278812FD17C-LeaderElection25] INFO  impl.LeaderElection (LeaderElection.java:logAndReturn(206)) - 9eae2efb-1df6-4ce6-ae9d-8504348dafa1@group-8278812FD17C-LeaderElection25: PRE_VOTE REJECTED received 2 response(s) and 0 exception(s):
2025-07-14 15:01:24,056 [9eae2efb-1df6-4ce6-ae9d-8504348dafa1@group-8278812FD17C-LeaderElection25] INFO  impl.LeaderElection (LeaderElection.java:logAndReturn(210)) -   Response 0: 9eae2efb-1df6-4ce6-ae9d-8504348dafa1<-89a738d3-0145-4b42-8b1b-b5be9f604b49#0:OK-t0-last:<INITIAL_VALUE>
2025-07-14 15:01:24,056 [9eae2efb-1df6-4ce6-ae9d-8504348dafa1@group-8278812FD17C-LeaderElection25] INFO  impl.LeaderElection (LeaderElection.java:logAndReturn(210)) -   Response 1: 9eae2efb-1df6-4ce6-ae9d-8504348dafa1<-ac481237-f71e-4eeb-9120-a6c52bf83f13#0:FAIL-t0-last:<INITIAL_VALUE>
2025-07-14 15:01:24,056 [9eae2efb-1df6-4ce6-ae9d-8504348dafa1@group-8278812FD17C-LeaderElection25] INFO  impl.LeaderElection (LeaderElection.java:askForVotes(450)) - 9eae2efb-1df6-4ce6-ae9d-8504348dafa1@group-8278812FD17C-LeaderElection25 PRE_VOTE round 0: result REJECTED
2025-07-14 15:01:24,057 [9eae2efb-1df6-4ce6-ae9d-8504348dafa1@group-8278812FD17C-LeaderElection25] INFO  server.RaftServer$Division (RaftServerImpl.java:setRole(392)) - 9eae2efb-1df6-4ce6-ae9d-8504348dafa1@group-8278812FD17C: changes role from CANDIDATE to FOLLOWER at term 0 for REJECTED
2025-07-14 15:01:24,057 [9eae2efb-1df6-4ce6-ae9d-8504348dafa1@group-8278812FD17C-LeaderElection25] INFO  impl.RoleInfo (RoleInfo.java:shutdownLeaderElection(141)) - 9eae2efb-1df6-4ce6-ae9d-8504348dafa1: shutdown 9eae2efb-1df6-4ce6-ae9d-8504348dafa1@group-8278812FD17C-LeaderElection25
2025-07-14 15:01:24,058 [9eae2efb-1df6-4ce6-ae9d-8504348dafa1@group-8278812FD17C-LeaderElection25] INFO  impl.RoleInfo (RoleInfo.java:updateAndGet(148)) - 9eae2efb-1df6-4ce6-ae9d-8504348dafa1: start 9eae2efb-1df6-4ce6-ae9d-8504348dafa1@group-8278812FD17C-FollowerState
2025-07-14 15:01:24,058 [9eae2efb-1df6-4ce6-ae9d-8504348dafa1@group-8278812FD17C-LeaderElection25] INFO  server.RaftServer$Division (RaftServerImpl.java:setFirstElection(576)) - 9eae2efb-1df6-4ce6-ae9d-8504348dafa1@group-8278812FD17C: set firstElectionSinceStartup to false for REJECTED
2025-07-14 15:01:24,072 [89a738d3-0145-4b42-8b1b-b5be9f604b49@group-08FC65E25187-FollowerState] INFO  impl.FollowerState (FollowerState.java:runImpl(161)) - 89a738d3-0145-4b42-8b1b-b5be9f604b49@group-08FC65E25187-FollowerState: change to CANDIDATE, lastRpcElapsedTime:1010332043ns, electionTimeout:1010ms
2025-07-14 15:01:24,073 [89a738d3-0145-4b42-8b1b-b5be9f604b49@group-08FC65E25187-FollowerState] INFO  impl.RoleInfo (RoleInfo.java:shutdownFollowerState(121)) - 89a738d3-0145-4b42-8b1b-b5be9f604b49: shutdown 89a738d3-0145-4b42-8b1b-b5be9f604b49@group-08FC65E25187-FollowerState
2025-07-14 15:01:24,073 [89a738d3-0145-4b42-8b1b-b5be9f604b49@group-08FC65E25187-FollowerState] INFO  server.RaftServer$Division (RaftServerImpl.java:setRole(392)) - 89a738d3-0145-4b42-8b1b-b5be9f604b49@group-08FC65E25187: changes role from  FOLLOWER to CANDIDATE at term 0 for changeToCandidate
2025-07-14 15:01:24,073 [89a738d3-0145-4b42-8b1b-b5be9f604b49@group-08FC65E25187-FollowerState] INFO  impl.RoleInfo (RoleInfo.java:updateAndGet(148)) - 89a738d3-0145-4b42-8b1b-b5be9f604b49: start 89a738d3-0145-4b42-8b1b-b5be9f604b49@group-08FC65E25187-LeaderElection26
2025-07-14 15:01:24,073 [89a738d3-0145-4b42-8b1b-b5be9f604b49@group-08FC65E25187-LeaderElection26] INFO  impl.LeaderElection (LeaderElection.java:askForVotes(448)) - 89a738d3-0145-4b42-8b1b-b5be9f604b49@group-08FC65E25187-LeaderElection26 PRE_VOTE round 0: submit vote requests at term 0 for conf: {index: -1, cur=peers:[ac481237-f71e-4eeb-9120-a6c52bf83f13|127.0.0.1:15063, 89a738d3-0145-4b42-8b1b-b5be9f604b49|127.0.0.1:15071, 311b5faf-4d73-479d-9d03-a3296c64f810|127.0.0.1:15015]|listeners:[], old=null}
2025-07-14 15:01:24,074 [89a738d3-0145-4b42-8b1b-b5be9f604b49@group-08FC65E25187-LeaderElection26-2] INFO  server.GrpcServerProtocolClient (GrpcServerProtocolClient.java:<init>(65)) - Build channel for 311b5faf-4d73-479d-9d03-a3296c64f810|127.0.0.1:15015
2025-07-14 15:01:24,077 [grpc-default-executor-6] INFO  server.RaftServer$Division (RaftServerImpl.java:requestVote(1421)) - ac481237-f71e-4eeb-9120-a6c52bf83f13@group-08FC65E25187: receive requestVote(PRE_VOTE, 89a738d3-0145-4b42-8b1b-b5be9f604b49, group-08FC65E25187, 0, <PROTO_DEFAULT>)
2025-07-14 15:01:24,077 [grpc-default-executor-5] INFO  server.RaftServer$Division (RaftServerImpl.java:requestVote(1421)) - 311b5faf-4d73-479d-9d03-a3296c64f810@group-08FC65E25187: receive requestVote(PRE_VOTE, 89a738d3-0145-4b42-8b1b-b5be9f604b49, group-08FC65E25187, 0, <PROTO_DEFAULT>)
2025-07-14 15:01:24,077 [grpc-default-executor-5] INFO  impl.VoteContext (VoteContext.java:log(49)) - 311b5faf-4d73-479d-9d03-a3296c64f810@group-08FC65E25187-FOLLOWER: accept PRE_VOTE from 89a738d3-0145-4b42-8b1b-b5be9f604b49: our priority 0 <= candidate's priority 1
2025-07-14 15:01:24,077 [grpc-default-executor-5] INFO  server.RaftServer$Division (RaftServerImpl.java:requestVote(1455)) - 311b5faf-4d73-479d-9d03-a3296c64f810@group-08FC65E25187 replies to PRE_VOTE vote request: 89a738d3-0145-4b42-8b1b-b5be9f604b49<-311b5faf-4d73-479d-9d03-a3296c64f810#0:OK-t0-last:<INITIAL_VALUE>. Peer's state: 311b5faf-4d73-479d-9d03-a3296c64f810@group-08FC65E25187:t0, leader=null, voted=, raftlog=Memoized:311b5faf-4d73-479d-9d03-a3296c64f810@group-08FC65E25187-SegmentedRaftLog:OPENED:c-1:lastnull, conf=conf: {index: -1, cur=peers:[ac481237-f71e-4eeb-9120-a6c52bf83f13|127.0.0.1:15063, 89a738d3-0145-4b42-8b1b-b5be9f604b49|127.0.0.1:15071, 311b5faf-4d73-479d-9d03-a3296c64f810|127.0.0.1:15015]|listeners:[], old=null}
2025-07-14 15:01:24,077 [grpc-default-executor-6] INFO  impl.VoteContext (VoteContext.java:log(49)) - ac481237-f71e-4eeb-9120-a6c52bf83f13@group-08FC65E25187-FOLLOWER: accept PRE_VOTE from 89a738d3-0145-4b42-8b1b-b5be9f604b49: our priority 0 <= candidate's priority 1
2025-07-14 15:01:24,078 [grpc-default-executor-6] INFO  server.RaftServer$Division (RaftServerImpl.java:requestVote(1455)) - ac481237-f71e-4eeb-9120-a6c52bf83f13@group-08FC65E25187 replies to PRE_VOTE vote request: 89a738d3-0145-4b42-8b1b-b5be9f604b49<-ac481237-f71e-4eeb-9120-a6c52bf83f13#0:OK-t0-last:<INITIAL_VALUE>. Peer's state: ac481237-f71e-4eeb-9120-a6c52bf83f13@group-08FC65E25187:t0, leader=null, voted=, raftlog=Memoized:ac481237-f71e-4eeb-9120-a6c52bf83f13@group-08FC65E25187-SegmentedRaftLog:OPENED:c-1:lastnull, conf=conf: {index: -1, cur=peers:[ac481237-f71e-4eeb-9120-a6c52bf83f13|127.0.0.1:15063, 89a738d3-0145-4b42-8b1b-b5be9f604b49|127.0.0.1:15071, 311b5faf-4d73-479d-9d03-a3296c64f810|127.0.0.1:15015]|listeners:[], old=null}
2025-07-14 15:01:24,078 [89a738d3-0145-4b42-8b1b-b5be9f604b49@group-08FC65E25187-LeaderElection26] INFO  impl.LeaderElection (LeaderElection.java:logAndReturn(206)) - 89a738d3-0145-4b42-8b1b-b5be9f604b49@group-08FC65E25187-LeaderElection26: PRE_VOTE PASSED received 1 response(s) and 0 exception(s):
2025-07-14 15:01:24,078 [89a738d3-0145-4b42-8b1b-b5be9f604b49@group-08FC65E25187-LeaderElection26] INFO  impl.LeaderElection (LeaderElection.java:logAndReturn(210)) -   Response 0: 89a738d3-0145-4b42-8b1b-b5be9f604b49<-311b5faf-4d73-479d-9d03-a3296c64f810#0:OK-t0-last:<INITIAL_VALUE>
2025-07-14 15:01:24,079 [89a738d3-0145-4b42-8b1b-b5be9f604b49@group-08FC65E25187-LeaderElection26] INFO  impl.LeaderElection (LeaderElection.java:askForVotes(450)) - 89a738d3-0145-4b42-8b1b-b5be9f604b49@group-08FC65E25187-LeaderElection26 PRE_VOTE round 0: result PASSED
2025-07-14 15:01:24,080 [89a738d3-0145-4b42-8b1b-b5be9f604b49@group-08FC65E25187-LeaderElection26] INFO  impl.LeaderElection (LeaderElection.java:askForVotes(448)) - 89a738d3-0145-4b42-8b1b-b5be9f604b49@group-08FC65E25187-LeaderElection26 ELECTION round 0: submit vote requests at term 1 for conf: {index: -1, cur=peers:[ac481237-f71e-4eeb-9120-a6c52bf83f13|127.0.0.1:15063, 89a738d3-0145-4b42-8b1b-b5be9f604b49|127.0.0.1:15071, 311b5faf-4d73-479d-9d03-a3296c64f810|127.0.0.1:15015]|listeners:[], old=null}
2025-07-14 15:01:24,081 [grpc-default-executor-6] INFO  server.RaftServer$Division (RaftServerImpl.java:requestVote(1421)) - ac481237-f71e-4eeb-9120-a6c52bf83f13@group-08FC65E25187: receive requestVote(ELECTION, 89a738d3-0145-4b42-8b1b-b5be9f604b49, group-08FC65E25187, 1, <PROTO_DEFAULT>)
2025-07-14 15:01:24,081 [grpc-default-executor-6] INFO  impl.VoteContext (VoteContext.java:log(49)) - ac481237-f71e-4eeb-9120-a6c52bf83f13@group-08FC65E25187-FOLLOWER: accept ELECTION from 89a738d3-0145-4b42-8b1b-b5be9f604b49: our priority 0 <= candidate's priority 1
2025-07-14 15:01:24,081 [grpc-default-executor-6] INFO  server.RaftServer$Division (RaftServerImpl.java:setRole(392)) - ac481237-f71e-4eeb-9120-a6c52bf83f13@group-08FC65E25187: changes role from  FOLLOWER to FOLLOWER at term 0 for candidate:89a738d3-0145-4b42-8b1b-b5be9f604b49
2025-07-14 15:01:24,082 [grpc-default-executor-6] INFO  impl.RoleInfo (RoleInfo.java:shutdownFollowerState(121)) - ac481237-f71e-4eeb-9120-a6c52bf83f13: shutdown ac481237-f71e-4eeb-9120-a6c52bf83f13@group-08FC65E25187-FollowerState
2025-07-14 15:01:24,082 [grpc-default-executor-6] INFO  impl.RoleInfo (RoleInfo.java:updateAndGet(148)) - ac481237-f71e-4eeb-9120-a6c52bf83f13: start ac481237-f71e-4eeb-9120-a6c52bf83f13@group-08FC65E25187-FollowerState
2025-07-14 15:01:24,082 [grpc-default-executor-5] INFO  server.RaftServer$Division (RaftServerImpl.java:requestVote(1421)) - 311b5faf-4d73-479d-9d03-a3296c64f810@group-08FC65E25187: receive requestVote(ELECTION, 89a738d3-0145-4b42-8b1b-b5be9f604b49, group-08FC65E25187, 1, <PROTO_DEFAULT>)
2025-07-14 15:01:24,082 [grpc-default-executor-5] INFO  impl.VoteContext (VoteContext.java:log(49)) - 311b5faf-4d73-479d-9d03-a3296c64f810@group-08FC65E25187-FOLLOWER: accept ELECTION from 89a738d3-0145-4b42-8b1b-b5be9f604b49: our priority 0 <= candidate's priority 1
2025-07-14 15:01:24,082 [grpc-default-executor-5] INFO  server.RaftServer$Division (RaftServerImpl.java:setRole(392)) - 311b5faf-4d73-479d-9d03-a3296c64f810@group-08FC65E25187: changes role from  FOLLOWER to FOLLOWER at term 0 for candidate:89a738d3-0145-4b42-8b1b-b5be9f604b49
2025-07-14 15:01:24,082 [grpc-default-executor-5] INFO  impl.RoleInfo (RoleInfo.java:shutdownFollowerState(121)) - 311b5faf-4d73-479d-9d03-a3296c64f810: shutdown 311b5faf-4d73-479d-9d03-a3296c64f810@group-08FC65E25187-FollowerState
2025-07-14 15:01:24,082 [ac481237-f71e-4eeb-9120-a6c52bf83f13@group-08FC65E25187-FollowerState] INFO  impl.FollowerState (FollowerState.java:runImpl(170)) - ac481237-f71e-4eeb-9120-a6c52bf83f13@group-08FC65E25187-FollowerState was interrupted
2025-07-14 15:01:24,082 [311b5faf-4d73-479d-9d03-a3296c64f810@group-08FC65E25187-FollowerState] INFO  impl.FollowerState (FollowerState.java:runImpl(170)) - 311b5faf-4d73-479d-9d03-a3296c64f810@group-08FC65E25187-FollowerState was interrupted
2025-07-14 15:01:24,082 [grpc-default-executor-5] INFO  impl.RoleInfo (RoleInfo.java:updateAndGet(148)) - 311b5faf-4d73-479d-9d03-a3296c64f810: start 311b5faf-4d73-479d-9d03-a3296c64f810@group-08FC65E25187-FollowerState
2025-07-14 15:01:24,083 [grpc-default-executor-6] INFO  server.RaftServer$Division (RaftServerImpl.java:setFirstElection(576)) - ac481237-f71e-4eeb-9120-a6c52bf83f13@group-08FC65E25187: set firstElectionSinceStartup to false for candidate:89a738d3-0145-4b42-8b1b-b5be9f604b49
2025-07-14 15:01:24,083 [grpc-default-executor-5] INFO  server.RaftServer$Division (RaftServerImpl.java:setFirstElection(576)) - 311b5faf-4d73-479d-9d03-a3296c64f810@group-08FC65E25187: set firstElectionSinceStartup to false for candidate:89a738d3-0145-4b42-8b1b-b5be9f604b49
2025-07-14 15:01:24,085 [grpc-default-executor-5] INFO  server.RaftServer$Division (RaftServerImpl.java:requestVote(1455)) - 311b5faf-4d73-479d-9d03-a3296c64f810@group-08FC65E25187 replies to ELECTION vote request: 89a738d3-0145-4b42-8b1b-b5be9f604b49<-311b5faf-4d73-479d-9d03-a3296c64f810#0:OK-t1-last:<INITIAL_VALUE>. Peer's state: 311b5faf-4d73-479d-9d03-a3296c64f810@group-08FC65E25187:t1, leader=null, voted=89a738d3-0145-4b42-8b1b-b5be9f604b49, raftlog=Memoized:311b5faf-4d73-479d-9d03-a3296c64f810@group-08FC65E25187-SegmentedRaftLog:OPENED:c-1:lastnull, conf=conf: {index: -1, cur=peers:[ac481237-f71e-4eeb-9120-a6c52bf83f13|127.0.0.1:15063, 89a738d3-0145-4b42-8b1b-b5be9f604b49|127.0.0.1:15071, 311b5faf-4d73-479d-9d03-a3296c64f810|127.0.0.1:15015]|listeners:[], old=null}
2025-07-14 15:01:24,086 [grpc-default-executor-6] INFO  server.RaftServer$Division (RaftServerImpl.java:requestVote(1455)) - ac481237-f71e-4eeb-9120-a6c52bf83f13@group-08FC65E25187 replies to ELECTION vote request: 89a738d3-0145-4b42-8b1b-b5be9f604b49<-ac481237-f71e-4eeb-9120-a6c52bf83f13#0:OK-t1-last:<INITIAL_VALUE>. Peer's state: ac481237-f71e-4eeb-9120-a6c52bf83f13@group-08FC65E25187:t1, leader=null, voted=89a738d3-0145-4b42-8b1b-b5be9f604b49, raftlog=Memoized:ac481237-f71e-4eeb-9120-a6c52bf83f13@group-08FC65E25187-SegmentedRaftLog:OPENED:c-1:lastnull, conf=conf: {index: -1, cur=peers:[ac481237-f71e-4eeb-9120-a6c52bf83f13|127.0.0.1:15063, 89a738d3-0145-4b42-8b1b-b5be9f604b49|127.0.0.1:15071, 311b5faf-4d73-479d-9d03-a3296c64f810|127.0.0.1:15015]|listeners:[], old=null}
2025-07-14 15:01:24,086 [89a738d3-0145-4b42-8b1b-b5be9f604b49@group-08FC65E25187-LeaderElection26] INFO  impl.LeaderElection (LeaderElection.java:logAndReturn(206)) - 89a738d3-0145-4b42-8b1b-b5be9f604b49@group-08FC65E25187-LeaderElection26: ELECTION PASSED received 1 response(s) and 0 exception(s):
2025-07-14 15:01:24,086 [89a738d3-0145-4b42-8b1b-b5be9f604b49@group-08FC65E25187-LeaderElection26] INFO  impl.LeaderElection (LeaderElection.java:logAndReturn(210)) -   Response 0: 89a738d3-0145-4b42-8b1b-b5be9f604b49<-311b5faf-4d73-479d-9d03-a3296c64f810#0:OK-t1-last:<INITIAL_VALUE>
2025-07-14 15:01:24,086 [89a738d3-0145-4b42-8b1b-b5be9f604b49@group-08FC65E25187-LeaderElection26] INFO  impl.LeaderElection (LeaderElection.java:askForVotes(450)) - 89a738d3-0145-4b42-8b1b-b5be9f604b49@group-08FC65E25187-LeaderElection26 ELECTION round 0: result PASSED
2025-07-14 15:01:24,087 [89a738d3-0145-4b42-8b1b-b5be9f604b49@group-08FC65E25187-LeaderElection26] INFO  impl.RoleInfo (RoleInfo.java:shutdownLeaderElection(141)) - 89a738d3-0145-4b42-8b1b-b5be9f604b49: shutdown 89a738d3-0145-4b42-8b1b-b5be9f604b49@group-08FC65E25187-LeaderElection26
2025-07-14 15:01:24,087 [89a738d3-0145-4b42-8b1b-b5be9f604b49@group-08FC65E25187-LeaderElection26] INFO  server.RaftServer$Division (RaftServerImpl.java:setRole(392)) - 89a738d3-0145-4b42-8b1b-b5be9f604b49@group-08FC65E25187: changes role from CANDIDATE to LEADER at term 1 for changeToLeader
2025-07-14 15:01:24,087 [89a738d3-0145-4b42-8b1b-b5be9f604b49@group-08FC65E25187-LeaderElection26] INFO  server.RaftServerConfigKeys (ConfUtils.java:logFallback(69)) - raft.server.staging.timeout = 15600ms (fallback to raft.server.rpc.timeout.max)
2025-07-14 15:01:24,087 [89a738d3-0145-4b42-8b1b-b5be9f604b49@group-08FC65E25187-LeaderElection26] INFO  server.RaftServerConfigKeys (ConfUtils.java:logGet(62)) - raft.server.write.byte-limit = 1024 M (=1073741824) (custom)
2025-07-14 15:01:24,089 [89a738d3-0145-4b42-8b1b-b5be9f604b49@group-08FC65E25187-LeaderElection26] INFO  server.RaftServerConfigKeys (ConfUtils.java:logGet(62)) - raft.server.log.appender.buffer.byte-limit = 33554432 (custom)
2025-07-14 15:01:24,090 [89a738d3-0145-4b42-8b1b-b5be9f604b49@group-08FC65E25187-LeaderElection26] INFO  server.RaftServerConfigKeys (ConfUtils.java:logGet(62)) - raft.server.log.appender.buffer.byte-limit = 33554432 (custom)
2025-07-14 15:01:24,090 [89a738d3-0145-4b42-8b1b-b5be9f604b49@group-08FC65E25187-LeaderElection26] INFO  impl.RoleInfo (RoleInfo.java:updateAndGet(148)) - 89a738d3-0145-4b42-8b1b-b5be9f604b49: start 89a738d3-0145-4b42-8b1b-b5be9f604b49@group-08FC65E25187-LeaderStateImpl
2025-07-14 15:01:24,090 [89a738d3-0145-4b42-8b1b-b5be9f604b49@group-08FC65E25187-LeaderElection26] INFO  server.RaftServer$Division (RaftServerImpl.java:setFirstElection(576)) - 89a738d3-0145-4b42-8b1b-b5be9f604b49@group-08FC65E25187: set firstElectionSinceStartup to false for becomeLeader
2025-07-14 15:01:24,091 [89a738d3-0145-4b42-8b1b-b5be9f604b49@group-08FC65E25187-LeaderElection26] INFO  ratis.XceiverServerRatis (XceiverServerRatis.java:handleLeaderChangedNotification(944)) - Leader change notification received for group: group-08FC65E25187 with new leaderId: 89a738d3-0145-4b42-8b1b-b5be9f604b49
2025-07-14 15:01:24,091 [89a738d3-0145-4b42-8b1b-b5be9f604b49@group-08FC65E25187-LeaderElection26] INFO  server.RaftServer$Division (ServerState.java:setLeader(272)) - 89a738d3-0145-4b42-8b1b-b5be9f604b49@group-08FC65E25187: change Leader from null to 89a738d3-0145-4b42-8b1b-b5be9f604b49 at term 1 for becomeLeader, leader elected after 1043ms
2025-07-14 15:01:24,091 [89a738d3-0145-4b42-8b1b-b5be9f604b49@group-08FC65E25187-LeaderElection26] INFO  segmented.SegmentedRaftLogWorker (SegmentedRaftLogWorker.java:startLogSegment(440)) - 89a738d3-0145-4b42-8b1b-b5be9f604b49@group-08FC65E25187-SegmentedRaftLogWorker: Starting segment from index:0
2025-07-14 15:01:24,092 [89a738d3-0145-4b42-8b1b-b5be9f604b49@group-08FC65E25187-SegmentedRaftLogWorker] INFO  segmented.BufferedWriteChannel (BufferedWriteChannel.java:open(61)) - open log_inprogress_0 at position 0
2025-07-14 15:01:24,092 [89a738d3-0145-4b42-8b1b-b5be9f604b49@group-08FC65E25187-LeaderElection26] INFO  server.RaftServer$Division (ServerState.java:setRaftConf(386)) - 89a738d3-0145-4b42-8b1b-b5be9f604b49@group-08FC65E25187: set configuration conf: {index: 0, cur=peers:[ac481237-f71e-4eeb-9120-a6c52bf83f13|127.0.0.1:15063, 89a738d3-0145-4b42-8b1b-b5be9f604b49|127.0.0.1:15071, 311b5faf-4d73-479d-9d03-a3296c64f810|127.0.0.1:15015]|listeners:[], old=null}
2025-07-14 15:01:24,099 [EventQueue-PipelineReportForPipelineReportHandler] INFO  pipeline.PipelineReportHandler (PipelineReportHandler.java:processPipelineReport(134)) - Opened pipeline Pipeline-101547ce-5b5c-4c10-beb7-08fc65e25187
2025-07-14 15:01:24,101 [grpc-default-executor-6] INFO  ratis.XceiverServerRatis (XceiverServerRatis.java:handleLeaderChangedNotification(944)) - Leader change notification received for group: group-08FC65E25187 with new leaderId: 89a738d3-0145-4b42-8b1b-b5be9f604b49
2025-07-14 15:01:24,101 [grpc-default-executor-6] INFO  server.RaftServer$Division (ServerState.java:setLeader(272)) - ac481237-f71e-4eeb-9120-a6c52bf83f13@group-08FC65E25187: change Leader from null to 89a738d3-0145-4b42-8b1b-b5be9f604b49 at term 1 for appendEntries, leader elected after 1031ms
2025-07-14 15:01:24,102 [grpc-default-executor-0] INFO  server.RaftServer$Division (ServerState.java:setRaftConf(386)) - ac481237-f71e-4eeb-9120-a6c52bf83f13@group-08FC65E25187: set configuration conf: {index: 0, cur=peers:[ac481237-f71e-4eeb-9120-a6c52bf83f13|127.0.0.1:15063, 89a738d3-0145-4b42-8b1b-b5be9f604b49|127.0.0.1:15071, 311b5faf-4d73-479d-9d03-a3296c64f810|127.0.0.1:15015]|listeners:[], old=null}
2025-07-14 15:01:24,103 [grpc-default-executor-0] INFO  segmented.SegmentedRaftLogWorker (SegmentedRaftLogWorker.java:startLogSegment(440)) - ac481237-f71e-4eeb-9120-a6c52bf83f13@group-08FC65E25187-SegmentedRaftLogWorker: Starting segment from index:0
2025-07-14 15:01:24,103 [grpc-default-executor-6] INFO  ratis.XceiverServerRatis (XceiverServerRatis.java:handleLeaderChangedNotification(944)) - Leader change notification received for group: group-08FC65E25187 with new leaderId: 89a738d3-0145-4b42-8b1b-b5be9f604b49
2025-07-14 15:01:24,103 [grpc-default-executor-6] INFO  server.RaftServer$Division (ServerState.java:setLeader(272)) - 311b5faf-4d73-479d-9d03-a3296c64f810@group-08FC65E25187: change Leader from null to 89a738d3-0145-4b42-8b1b-b5be9f604b49 at term 1 for appendEntries, leader elected after 1009ms
2025-07-14 15:01:24,104 [89a738d3-0145-4b42-8b1b-b5be9f604b49@group-08FC65E25187-SegmentedRaftLogWorker] INFO  segmented.SegmentedRaftLogWorker (SegmentedRaftLogWorker.java:execute(647)) - 89a738d3-0145-4b42-8b1b-b5be9f604b49@group-08FC65E25187-SegmentedRaftLogWorker: created new log segment /home/runner/work/ozone/ozone/hadoop-ozone/integration-test/target/test-dir/MiniOzoneClusterImpl-aaa7dc72-7fbf-48e0-acc5-129182712624/ozone-meta/datanode-8/ratis/101547ce-5b5c-4c10-beb7-08fc65e25187/current/log_inprogress_0
2025-07-14 15:01:24,105 [ac481237-f71e-4eeb-9120-a6c52bf83f13@group-08FC65E25187-SegmentedRaftLogWorker] INFO  segmented.BufferedWriteChannel (BufferedWriteChannel.java:open(61)) - open log_inprogress_0 at position 0
2025-07-14 15:01:24,106 [grpc-default-executor-0] INFO  server.RaftServer$Division (ServerState.java:setRaftConf(386)) - 311b5faf-4d73-479d-9d03-a3296c64f810@group-08FC65E25187: set configuration conf: {index: 0, cur=peers:[ac481237-f71e-4eeb-9120-a6c52bf83f13|127.0.0.1:15063, 89a738d3-0145-4b42-8b1b-b5be9f604b49|127.0.0.1:15071, 311b5faf-4d73-479d-9d03-a3296c64f810|127.0.0.1:15015]|listeners:[], old=null}
2025-07-14 15:01:24,106 [grpc-default-executor-0] INFO  segmented.SegmentedRaftLogWorker (SegmentedRaftLogWorker.java:startLogSegment(440)) - 311b5faf-4d73-479d-9d03-a3296c64f810@group-08FC65E25187-SegmentedRaftLogWorker: Starting segment from index:0
2025-07-14 15:01:24,107 [311b5faf-4d73-479d-9d03-a3296c64f810@group-08FC65E25187-SegmentedRaftLogWorker] INFO  segmented.BufferedWriteChannel (BufferedWriteChannel.java:open(61)) - open log_inprogress_0 at position 0
2025-07-14 15:01:24,117 [ac481237-f71e-4eeb-9120-a6c52bf83f13@group-08FC65E25187-SegmentedRaftLogWorker] INFO  segmented.SegmentedRaftLogWorker (SegmentedRaftLogWorker.java:execute(647)) - ac481237-f71e-4eeb-9120-a6c52bf83f13@group-08FC65E25187-SegmentedRaftLogWorker: created new log segment /home/runner/work/ozone/ozone/hadoop-ozone/integration-test/target/test-dir/MiniOzoneClusterImpl-aaa7dc72-7fbf-48e0-acc5-129182712624/ozone-meta/datanode-7/ratis2f800b45-45bc-45dc-b6ff-7f8e692838a6/101547ce-5b5c-4c10-beb7-08fc65e25187/current/log_inprogress_0
2025-07-14 15:01:24,118 [311b5faf-4d73-479d-9d03-a3296c64f810@group-08FC65E25187-SegmentedRaftLogWorker] INFO  segmented.SegmentedRaftLogWorker (SegmentedRaftLogWorker.java:execute(647)) - 311b5faf-4d73-479d-9d03-a3296c64f810@group-08FC65E25187-SegmentedRaftLogWorker: created new log segment /home/runner/work/ozone/ozone/hadoop-ozone/integration-test/target/test-dir/MiniOzoneClusterImpl-aaa7dc72-7fbf-48e0-acc5-129182712624/ozone-meta/datanode-1/ratis/101547ce-5b5c-4c10-beb7-08fc65e25187/current/log_inprogress_0
2025-07-14 15:01:24,120 [89a738d3-0145-4b42-8b1b-b5be9f604b49@group-08FC65E25187-StateMachineUpdater] INFO  server.RaftServer$Division (LeaderStateImpl.java:checkStartIndex(309)) - Leader 89a738d3-0145-4b42-8b1b-b5be9f604b49@group-08FC65E25187-LeaderStateImpl is ready since appliedIndex == startIndex == 0
2025-07-14 15:01:24,120 [89a738d3-0145-4b42-8b1b-b5be9f604b49@group-08FC65E25187-StateMachineUpdater] INFO  ratis.ContainerStateMachine (ContainerStateMachine.java:takeSnapshot(427)) - group-08FC65E25187: Taking a snapshot at:(t:1, i:0) file /home/runner/work/ozone/ozone/hadoop-ozone/integration-test/target/test-dir/MiniOzoneClusterImpl-aaa7dc72-7fbf-48e0-acc5-129182712624/ozone-meta/datanode-8/ratis/101547ce-5b5c-4c10-beb7-08fc65e25187/sm/snapshot.1_0
2025-07-14 15:01:24,121 [89a738d3-0145-4b42-8b1b-b5be9f604b49@group-08FC65E25187-StateMachineUpdater] INFO  ratis.ContainerStateMachine (ContainerStateMachine.java:takeSnapshot(436)) - group-08FC65E25187: Finished taking a snapshot at:(t:1, i:0) file:/home/runner/work/ozone/ozone/hadoop-ozone/integration-test/target/test-dir/MiniOzoneClusterImpl-aaa7dc72-7fbf-48e0-acc5-129182712624/ozone-meta/datanode-8/ratis/101547ce-5b5c-4c10-beb7-08fc65e25187/sm/snapshot.1_0 took: 0 ms
2025-07-14 15:01:24,121 [89a738d3-0145-4b42-8b1b-b5be9f604b49@group-08FC65E25187-StateMachineUpdater] INFO  impl.StateMachineUpdater (StateMachineUpdater.java:takeSnapshot(307)) - 89a738d3-0145-4b42-8b1b-b5be9f604b49@group-08FC65E25187-StateMachineUpdater: Took a snapshot at index 0
2025-07-14 15:01:24,121 [89a738d3-0145-4b42-8b1b-b5be9f604b49@group-08FC65E25187-StateMachineUpdater] INFO  impl.StateMachineUpdater (StateMachineUpdater.java:lambda$new$0(101)) - 89a738d3-0145-4b42-8b1b-b5be9f604b49@group-08FC65E25187-StateMachineUpdater: snapshotIndex: updateIncreasingly -1 -> 0
2025-07-14 15:01:24,215 [ac481237-f71e-4eeb-9120-a6c52bf83f13@group-8278812FD17C-FollowerState] INFO  impl.FollowerState (FollowerState.java:runImpl(161)) - ac481237-f71e-4eeb-9120-a6c52bf83f13@group-8278812FD17C-FollowerState: change to CANDIDATE, lastRpcElapsedTime:1200467588ns, electionTimeout:1200ms
2025-07-14 15:01:24,215 [ac481237-f71e-4eeb-9120-a6c52bf83f13@group-8278812FD17C-FollowerState] INFO  impl.RoleInfo (RoleInfo.java:shutdownFollowerState(121)) - ac481237-f71e-4eeb-9120-a6c52bf83f13: shutdown ac481237-f71e-4eeb-9120-a6c52bf83f13@group-8278812FD17C-FollowerState
2025-07-14 15:01:24,215 [ac481237-f71e-4eeb-9120-a6c52bf83f13@group-8278812FD17C-FollowerState] INFO  server.RaftServer$Division (RaftServerImpl.java:setRole(392)) - ac481237-f71e-4eeb-9120-a6c52bf83f13@group-8278812FD17C: changes role from  FOLLOWER to CANDIDATE at term 0 for changeToCandidate
2025-07-14 15:01:24,216 [ac481237-f71e-4eeb-9120-a6c52bf83f13@group-8278812FD17C-FollowerState] INFO  impl.RoleInfo (RoleInfo.java:updateAndGet(148)) - ac481237-f71e-4eeb-9120-a6c52bf83f13: start ac481237-f71e-4eeb-9120-a6c52bf83f13@group-8278812FD17C-LeaderElection27
2025-07-14 15:01:24,216 [ac481237-f71e-4eeb-9120-a6c52bf83f13@group-8278812FD17C-LeaderElection27] INFO  impl.LeaderElection (LeaderElection.java:askForVotes(448)) - ac481237-f71e-4eeb-9120-a6c52bf83f13@group-8278812FD17C-LeaderElection27 PRE_VOTE round 0: submit vote requests at term 0 for conf: {index: -1, cur=peers:[9eae2efb-1df6-4ce6-ae9d-8504348dafa1|127.0.0.1:15079, ac481237-f71e-4eeb-9120-a6c52bf83f13|127.0.0.1:15063, 89a738d3-0145-4b42-8b1b-b5be9f604b49|127.0.0.1:15071]|listeners:[], old=null}
2025-07-14 15:01:24,216 [ac481237-f71e-4eeb-9120-a6c52bf83f13@group-8278812FD17C-LeaderElection27-1] INFO  server.GrpcServerProtocolClient (GrpcServerProtocolClient.java:<init>(65)) - Build channel for 9eae2efb-1df6-4ce6-ae9d-8504348dafa1|127.0.0.1:15079
2025-07-14 15:01:24,216 [ac481237-f71e-4eeb-9120-a6c52bf83f13@group-8278812FD17C-LeaderElection27-2] INFO  server.GrpcServerProtocolClient (GrpcServerProtocolClient.java:<init>(65)) - Build channel for 89a738d3-0145-4b42-8b1b-b5be9f604b49|127.0.0.1:15071
2025-07-14 15:01:24,220 [grpc-default-executor-0] INFO  server.RaftServer$Division (RaftServerImpl.java:requestVote(1421)) - 89a738d3-0145-4b42-8b1b-b5be9f604b49@group-8278812FD17C: receive requestVote(PRE_VOTE, ac481237-f71e-4eeb-9120-a6c52bf83f13, group-8278812FD17C, 0, <PROTO_DEFAULT>)
2025-07-14 15:01:24,220 [grpc-default-executor-0] INFO  impl.VoteContext (VoteContext.java:log(49)) - 89a738d3-0145-4b42-8b1b-b5be9f604b49@group-8278812FD17C-FOLLOWER: accept PRE_VOTE from ac481237-f71e-4eeb-9120-a6c52bf83f13: our priority 0 <= candidate's priority 1
2025-07-14 15:01:24,220 [grpc-default-executor-0] INFO  server.RaftServer$Division (RaftServerImpl.java:requestVote(1455)) - 89a738d3-0145-4b42-8b1b-b5be9f604b49@group-8278812FD17C replies to PRE_VOTE vote request: ac481237-f71e-4eeb-9120-a6c52bf83f13<-89a738d3-0145-4b42-8b1b-b5be9f604b49#0:OK-t0-last:<INITIAL_VALUE>. Peer's state: 89a738d3-0145-4b42-8b1b-b5be9f604b49@group-8278812FD17C:t0, leader=null, voted=, raftlog=Memoized:89a738d3-0145-4b42-8b1b-b5be9f604b49@group-8278812FD17C-SegmentedRaftLog:OPENED:c-1:lastnull, conf=conf: {index: -1, cur=peers:[9eae2efb-1df6-4ce6-ae9d-8504348dafa1|127.0.0.1:15079, ac481237-f71e-4eeb-9120-a6c52bf83f13|127.0.0.1:15063, 89a738d3-0145-4b42-8b1b-b5be9f604b49|127.0.0.1:15071]|listeners:[], old=null}
2025-07-14 15:01:24,221 [grpc-default-executor-6] INFO  server.RaftServer$Division (RaftServerImpl.java:requestVote(1421)) - 9eae2efb-1df6-4ce6-ae9d-8504348dafa1@group-8278812FD17C: receive requestVote(PRE_VOTE, ac481237-f71e-4eeb-9120-a6c52bf83f13, group-8278812FD17C, 0, <PROTO_DEFAULT>)
2025-07-14 15:01:24,221 [grpc-default-executor-6] INFO  impl.VoteContext (VoteContext.java:log(49)) - 9eae2efb-1df6-4ce6-ae9d-8504348dafa1@group-8278812FD17C-FOLLOWER: accept PRE_VOTE from ac481237-f71e-4eeb-9120-a6c52bf83f13: our priority 0 <= candidate's priority 1
2025-07-14 15:01:24,221 [grpc-default-executor-6] INFO  server.RaftServer$Division (RaftServerImpl.java:requestVote(1455)) - 9eae2efb-1df6-4ce6-ae9d-8504348dafa1@group-8278812FD17C replies to PRE_VOTE vote request: ac481237-f71e-4eeb-9120-a6c52bf83f13<-9eae2efb-1df6-4ce6-ae9d-8504348dafa1#0:OK-t0-last:<INITIAL_VALUE>. Peer's state: 9eae2efb-1df6-4ce6-ae9d-8504348dafa1@group-8278812FD17C:t0, leader=null, voted=, raftlog=Memoized:9eae2efb-1df6-4ce6-ae9d-8504348dafa1@group-8278812FD17C-SegmentedRaftLog:OPENED:c-1:lastnull, conf=conf: {index: -1, cur=peers:[9eae2efb-1df6-4ce6-ae9d-8504348dafa1|127.0.0.1:15079, ac481237-f71e-4eeb-9120-a6c52bf83f13|127.0.0.1:15063, 89a738d3-0145-4b42-8b1b-b5be9f604b49|127.0.0.1:15071]|listeners:[], old=null}
2025-07-14 15:01:24,221 [ac481237-f71e-4eeb-9120-a6c52bf83f13@group-8278812FD17C-LeaderElection27] INFO  impl.LeaderElection (LeaderElection.java:logAndReturn(206)) - ac481237-f71e-4eeb-9120-a6c52bf83f13@group-8278812FD17C-LeaderElection27: PRE_VOTE PASSED received 1 response(s) and 0 exception(s):
2025-07-14 15:01:24,221 [ac481237-f71e-4eeb-9120-a6c52bf83f13@group-8278812FD17C-LeaderElection27] INFO  impl.LeaderElection (LeaderElection.java:logAndReturn(210)) -   Response 0: ac481237-f71e-4eeb-9120-a6c52bf83f13<-89a738d3-0145-4b42-8b1b-b5be9f604b49#0:OK-t0-last:<INITIAL_VALUE>
2025-07-14 15:01:24,222 [ac481237-f71e-4eeb-9120-a6c52bf83f13@group-8278812FD17C-LeaderElection27] INFO  impl.LeaderElection (LeaderElection.java:askForVotes(450)) - ac481237-f71e-4eeb-9120-a6c52bf83f13@group-8278812FD17C-LeaderElection27 PRE_VOTE round 0: result PASSED
2025-07-14 15:01:24,223 [ac481237-f71e-4eeb-9120-a6c52bf83f13@group-8278812FD17C-LeaderElection27] INFO  impl.LeaderElection (LeaderElection.java:askForVotes(448)) - ac481237-f71e-4eeb-9120-a6c52bf83f13@group-8278812FD17C-LeaderElection27 ELECTION round 0: submit vote requests at term 1 for conf: {index: -1, cur=peers:[9eae2efb-1df6-4ce6-ae9d-8504348dafa1|127.0.0.1:15079, ac481237-f71e-4eeb-9120-a6c52bf83f13|127.0.0.1:15063, 89a738d3-0145-4b42-8b1b-b5be9f604b49|127.0.0.1:15071]|listeners:[], old=null}
2025-07-14 15:01:24,224 [grpc-default-executor-0] INFO  server.RaftServer$Division (RaftServerImpl.java:requestVote(1421)) - 9eae2efb-1df6-4ce6-ae9d-8504348dafa1@group-8278812FD17C: receive requestVote(ELECTION, ac481237-f71e-4eeb-9120-a6c52bf83f13, group-8278812FD17C, 1, <PROTO_DEFAULT>)
2025-07-14 15:01:24,224 [grpc-default-executor-0] INFO  impl.VoteContext (VoteContext.java:log(49)) - 9eae2efb-1df6-4ce6-ae9d-8504348dafa1@group-8278812FD17C-FOLLOWER: accept ELECTION from ac481237-f71e-4eeb-9120-a6c52bf83f13: our priority 0 <= candidate's priority 1
2025-07-14 15:01:24,224 [grpc-default-executor-0] INFO  server.RaftServer$Division (RaftServerImpl.java:setRole(392)) - 9eae2efb-1df6-4ce6-ae9d-8504348dafa1@group-8278812FD17C: changes role from  FOLLOWER to FOLLOWER at term 0 for candidate:ac481237-f71e-4eeb-9120-a6c52bf83f13
2025-07-14 15:01:24,224 [grpc-default-executor-0] INFO  impl.RoleInfo (RoleInfo.java:shutdownFollowerState(121)) - 9eae2efb-1df6-4ce6-ae9d-8504348dafa1: shutdown 9eae2efb-1df6-4ce6-ae9d-8504348dafa1@group-8278812FD17C-FollowerState
2025-07-14 15:01:24,224 [9eae2efb-1df6-4ce6-ae9d-8504348dafa1@group-8278812FD17C-FollowerState] INFO  impl.FollowerState (FollowerState.java:runImpl(170)) - 9eae2efb-1df6-4ce6-ae9d-8504348dafa1@group-8278812FD17C-FollowerState was interrupted
2025-07-14 15:01:24,224 [grpc-default-executor-6] INFO  server.RaftServer$Division (RaftServerImpl.java:requestVote(1421)) - 89a738d3-0145-4b42-8b1b-b5be9f604b49@group-8278812FD17C: receive requestVote(ELECTION, ac481237-f71e-4eeb-9120-a6c52bf83f13, group-8278812FD17C, 1, <PROTO_DEFAULT>)
2025-07-14 15:01:24,224 [grpc-default-executor-0] INFO  impl.RoleInfo (RoleInfo.java:updateAndGet(148)) - 9eae2efb-1df6-4ce6-ae9d-8504348dafa1: start 9eae2efb-1df6-4ce6-ae9d-8504348dafa1@group-8278812FD17C-FollowerState
2025-07-14 15:01:24,224 [grpc-default-executor-6] INFO  impl.VoteContext (VoteContext.java:log(49)) - 89a738d3-0145-4b42-8b1b-b5be9f604b49@group-8278812FD17C-FOLLOWER: accept ELECTION from ac481237-f71e-4eeb-9120-a6c52bf83f13: our priority 0 <= candidate's priority 1
2025-07-14 15:01:24,225 [grpc-default-executor-6] INFO  server.RaftServer$Division (RaftServerImpl.java:setRole(392)) - 89a738d3-0145-4b42-8b1b-b5be9f604b49@group-8278812FD17C: changes role from  FOLLOWER to FOLLOWER at term 0 for candidate:ac481237-f71e-4eeb-9120-a6c52bf83f13
2025-07-14 15:01:24,225 [grpc-default-executor-6] INFO  impl.RoleInfo (RoleInfo.java:shutdownFollowerState(121)) - 89a738d3-0145-4b42-8b1b-b5be9f604b49: shutdown 89a738d3-0145-4b42-8b1b-b5be9f604b49@group-8278812FD17C-FollowerState
2025-07-14 15:01:24,225 [grpc-default-executor-6] INFO  impl.RoleInfo (RoleInfo.java:updateAndGet(148)) - 89a738d3-0145-4b42-8b1b-b5be9f604b49: start 89a738d3-0145-4b42-8b1b-b5be9f604b49@group-8278812FD17C-FollowerState
2025-07-14 15:01:24,225 [89a738d3-0145-4b42-8b1b-b5be9f604b49@group-8278812FD17C-FollowerState] INFO  impl.FollowerState (FollowerState.java:runImpl(170)) - 89a738d3-0145-4b42-8b1b-b5be9f604b49@group-8278812FD17C-FollowerState was interrupted
2025-07-14 15:01:24,225 [grpc-default-executor-6] INFO  server.RaftServer$Division (RaftServerImpl.java:setFirstElection(576)) - 89a738d3-0145-4b42-8b1b-b5be9f604b49@group-8278812FD17C: set firstElectionSinceStartup to false for candidate:ac481237-f71e-4eeb-9120-a6c52bf83f13
2025-07-14 15:01:24,226 [grpc-default-executor-0] INFO  server.RaftServer$Division (RaftServerImpl.java:requestVote(1455)) - 9eae2efb-1df6-4ce6-ae9d-8504348dafa1@group-8278812FD17C replies to ELECTION vote request: ac481237-f71e-4eeb-9120-a6c52bf83f13<-9eae2efb-1df6-4ce6-ae9d-8504348dafa1#0:OK-t1-last:<INITIAL_VALUE>. Peer's state: 9eae2efb-1df6-4ce6-ae9d-8504348dafa1@group-8278812FD17C:t1, leader=null, voted=ac481237-f71e-4eeb-9120-a6c52bf83f13, raftlog=Memoized:9eae2efb-1df6-4ce6-ae9d-8504348dafa1@group-8278812FD17C-SegmentedRaftLog:OPENED:c-1:lastnull, conf=conf: {index: -1, cur=peers:[9eae2efb-1df6-4ce6-ae9d-8504348dafa1|127.0.0.1:15079, ac481237-f71e-4eeb-9120-a6c52bf83f13|127.0.0.1:15063, 89a738d3-0145-4b42-8b1b-b5be9f604b49|127.0.0.1:15071]|listeners:[], old=null}
2025-07-14 15:01:24,226 [ac481237-f71e-4eeb-9120-a6c52bf83f13@group-8278812FD17C-LeaderElection27] INFO  impl.LeaderElection (LeaderElection.java:logAndReturn(206)) - ac481237-f71e-4eeb-9120-a6c52bf83f13@group-8278812FD17C-LeaderElection27: ELECTION PASSED received 1 response(s) and 0 exception(s):
2025-07-14 15:01:24,226 [ac481237-f71e-4eeb-9120-a6c52bf83f13@group-8278812FD17C-LeaderElection27] INFO  impl.LeaderElection (LeaderElection.java:logAndReturn(210)) -   Response 0: ac481237-f71e-4eeb-9120-a6c52bf83f13<-9eae2efb-1df6-4ce6-ae9d-8504348dafa1#0:OK-t1-last:<INITIAL_VALUE>
2025-07-14 15:01:24,226 [ac481237-f71e-4eeb-9120-a6c52bf83f13@group-8278812FD17C-LeaderElection27] INFO  impl.LeaderElection (LeaderElection.java:askForVotes(450)) - ac481237-f71e-4eeb-9120-a6c52bf83f13@group-8278812FD17C-LeaderElection27 ELECTION round 0: result PASSED
2025-07-14 15:01:24,226 [ac481237-f71e-4eeb-9120-a6c52bf83f13@group-8278812FD17C-LeaderElection27] INFO  impl.RoleInfo (RoleInfo.java:shutdownLeaderElection(141)) - ac481237-f71e-4eeb-9120-a6c52bf83f13: shutdown ac481237-f71e-4eeb-9120-a6c52bf83f13@group-8278812FD17C-LeaderElection27
2025-07-14 15:01:24,226 [ac481237-f71e-4eeb-9120-a6c52bf83f13@group-8278812FD17C-LeaderElection27] INFO  server.RaftServer$Division (RaftServerImpl.java:setRole(392)) - ac481237-f71e-4eeb-9120-a6c52bf83f13@group-8278812FD17C: changes role from CANDIDATE to LEADER at term 1 for changeToLeader
2025-07-14 15:01:24,227 [ac481237-f71e-4eeb-9120-a6c52bf83f13@group-8278812FD17C-LeaderElection27] INFO  server.RaftServerConfigKeys (ConfUtils.java:logFallback(69)) - raft.server.staging.timeout = 15600ms (fallback to raft.server.rpc.timeout.max)
2025-07-14 15:01:24,227 [ac481237-f71e-4eeb-9120-a6c52bf83f13@group-8278812FD17C-LeaderElection27] INFO  server.RaftServerConfigKeys (ConfUtils.java:logGet(62)) - raft.server.write.byte-limit = 1024 M (=1073741824) (custom)
2025-07-14 15:01:24,229 [grpc-default-executor-6] INFO  server.RaftServer$Division (RaftServerImpl.java:requestVote(1455)) - 89a738d3-0145-4b42-8b1b-b5be9f604b49@group-8278812FD17C replies to ELECTION vote request: ac481237-f71e-4eeb-9120-a6c52bf83f13<-89a738d3-0145-4b42-8b1b-b5be9f604b49#0:OK-t1-last:<INITIAL_VALUE>. Peer's state: 89a738d3-0145-4b42-8b1b-b5be9f604b49@group-8278812FD17C:t1, leader=null, voted=ac481237-f71e-4eeb-9120-a6c52bf83f13, raftlog=Memoized:89a738d3-0145-4b42-8b1b-b5be9f604b49@group-8278812FD17C-SegmentedRaftLog:OPENED:c-1:lastnull, conf=conf: {index: -1, cur=peers:[9eae2efb-1df6-4ce6-ae9d-8504348dafa1|127.0.0.1:15079, ac481237-f71e-4eeb-9120-a6c52bf83f13|127.0.0.1:15063, 89a738d3-0145-4b42-8b1b-b5be9f604b49|127.0.0.1:15071]|listeners:[], old=null}
2025-07-14 15:01:24,229 [ac481237-f71e-4eeb-9120-a6c52bf83f13@group-8278812FD17C-LeaderElection27] INFO  server.RaftServerConfigKeys (ConfUtils.java:logGet(62)) - raft.server.log.appender.buffer.byte-limit = 33554432 (custom)
2025-07-14 15:01:24,230 [ac481237-f71e-4eeb-9120-a6c52bf83f13@group-8278812FD17C-LeaderElection27] INFO  server.RaftServerConfigKeys (ConfUtils.java:logGet(62)) - raft.server.log.appender.buffer.byte-limit = 33554432 (custom)
2025-07-14 15:01:24,230 [ac481237-f71e-4eeb-9120-a6c52bf83f13@group-8278812FD17C-LeaderElection27] INFO  impl.RoleInfo (RoleInfo.java:updateAndGet(148)) - ac481237-f71e-4eeb-9120-a6c52bf83f13: start ac481237-f71e-4eeb-9120-a6c52bf83f13@group-8278812FD17C-LeaderStateImpl
2025-07-14 15:01:24,230 [ac481237-f71e-4eeb-9120-a6c52bf83f13@group-8278812FD17C-LeaderElection27] INFO  server.RaftServer$Division (RaftServerImpl.java:setFirstElection(576)) - ac481237-f71e-4eeb-9120-a6c52bf83f13@group-8278812FD17C: set firstElectionSinceStartup to false for becomeLeader
2025-07-14 15:01:24,230 [ac481237-f71e-4eeb-9120-a6c52bf83f13@group-8278812FD17C-LeaderElection27] INFO  ratis.XceiverServerRatis (XceiverServerRatis.java:handleLeaderChangedNotification(944)) - Leader change notification received for group: group-8278812FD17C with new leaderId: ac481237-f71e-4eeb-9120-a6c52bf83f13
2025-07-14 15:01:24,230 [ac481237-f71e-4eeb-9120-a6c52bf83f13@group-8278812FD17C-LeaderElection27] INFO  server.RaftServer$Division (ServerState.java:setLeader(272)) - ac481237-f71e-4eeb-9120-a6c52bf83f13@group-8278812FD17C: change Leader from null to ac481237-f71e-4eeb-9120-a6c52bf83f13 at term 1 for becomeLeader, leader elected after 1231ms
2025-07-14 15:01:24,230 [ac481237-f71e-4eeb-9120-a6c52bf83f13@group-8278812FD17C-LeaderElection27] INFO  segmented.SegmentedRaftLogWorker (SegmentedRaftLogWorker.java:startLogSegment(440)) - ac481237-f71e-4eeb-9120-a6c52bf83f13@group-8278812FD17C-SegmentedRaftLogWorker: Starting segment from index:0
2025-07-14 15:01:24,231 [ac481237-f71e-4eeb-9120-a6c52bf83f13@group-8278812FD17C-SegmentedRaftLogWorker] INFO  segmented.BufferedWriteChannel (BufferedWriteChannel.java:open(61)) - open log_inprogress_0 at position 0
2025-07-14 15:01:24,232 [ac481237-f71e-4eeb-9120-a6c52bf83f13@group-8278812FD17C-LeaderElection27] INFO  server.RaftServer$Division (ServerState.java:setRaftConf(386)) - ac481237-f71e-4eeb-9120-a6c52bf83f13@group-8278812FD17C: set configuration conf: {index: 0, cur=peers:[9eae2efb-1df6-4ce6-ae9d-8504348dafa1|127.0.0.1:15079, ac481237-f71e-4eeb-9120-a6c52bf83f13|127.0.0.1:15063, 89a738d3-0145-4b42-8b1b-b5be9f604b49|127.0.0.1:15071]|listeners:[], old=null}
2025-07-14 15:01:24,236 [EventQueue-PipelineReportForPipelineReportHandler] INFO  pipeline.PipelineReportHandler (PipelineReportHandler.java:processPipelineReport(134)) - Opened pipeline Pipeline-d76124df-e20b-4e11-8a25-8278812fd17c
2025-07-14 15:01:24,236 [grpc-default-executor-6] INFO  ratis.XceiverServerRatis (XceiverServerRatis.java:handleLeaderChangedNotification(944)) - Leader change notification received for group: group-8278812FD17C with new leaderId: ac481237-f71e-4eeb-9120-a6c52bf83f13
2025-07-14 15:01:24,237 [grpc-default-executor-6] INFO  server.RaftServer$Division (ServerState.java:setLeader(272)) - 9eae2efb-1df6-4ce6-ae9d-8504348dafa1@group-8278812FD17C: change Leader from null to ac481237-f71e-4eeb-9120-a6c52bf83f13 at term 1 for appendEntries, leader elected after 1211ms
2025-07-14 15:01:24,237 [grpc-default-executor-5] INFO  ratis.XceiverServerRatis (XceiverServerRatis.java:handleLeaderChangedNotification(944)) - Leader change notification received for group: group-8278812FD17C with new leaderId: ac481237-f71e-4eeb-9120-a6c52bf83f13
2025-07-14 15:01:24,237 [grpc-default-executor-5] INFO  server.RaftServer$Division (ServerState.java:setLeader(272)) - 89a738d3-0145-4b42-8b1b-b5be9f604b49@group-8278812FD17C: change Leader from null to ac481237-f71e-4eeb-9120-a6c52bf83f13 at term 1 for appendEntries, leader elected after 1261ms
2025-07-14 15:01:24,237 [grpc-default-executor-0] INFO  server.RaftServer$Division (ServerState.java:setRaftConf(386)) - 9eae2efb-1df6-4ce6-ae9d-8504348dafa1@group-8278812FD17C: set configuration conf: {index: 0, cur=peers:[9eae2efb-1df6-4ce6-ae9d-8504348dafa1|127.0.0.1:15079, ac481237-f71e-4eeb-9120-a6c52bf83f13|127.0.0.1:15063, 89a738d3-0145-4b42-8b1b-b5be9f604b49|127.0.0.1:15071]|listeners:[], old=null}
2025-07-14 15:01:24,238 [grpc-default-executor-0] INFO  segmented.SegmentedRaftLogWorker (SegmentedRaftLogWorker.java:startLogSegment(440)) - 9eae2efb-1df6-4ce6-ae9d-8504348dafa1@group-8278812FD17C-SegmentedRaftLogWorker: Starting segment from index:0
2025-07-14 15:01:24,238 [grpc-default-executor-5] INFO  server.RaftServer$Division (ServerState.java:setRaftConf(386)) - 89a738d3-0145-4b42-8b1b-b5be9f604b49@group-8278812FD17C: set configuration conf: {index: 0, cur=peers:[9eae2efb-1df6-4ce6-ae9d-8504348dafa1|127.0.0.1:15079, ac481237-f71e-4eeb-9120-a6c52bf83f13|127.0.0.1:15063, 89a738d3-0145-4b42-8b1b-b5be9f604b49|127.0.0.1:15071]|listeners:[], old=null}
2025-07-14 15:01:24,239 [grpc-default-executor-5] INFO  segmented.SegmentedRaftLogWorker (SegmentedRaftLogWorker.java:startLogSegment(440)) - 89a738d3-0145-4b42-8b1b-b5be9f604b49@group-8278812FD17C-SegmentedRaftLogWorker: Starting segment from index:0
2025-07-14 15:01:24,239 [9eae2efb-1df6-4ce6-ae9d-8504348dafa1@group-8278812FD17C-SegmentedRaftLogWorker] INFO  segmented.BufferedWriteChannel (BufferedWriteChannel.java:open(61)) - open log_inprogress_0 at position 0
2025-07-14 15:01:24,239 [89a738d3-0145-4b42-8b1b-b5be9f604b49@group-8278812FD17C-SegmentedRaftLogWorker] INFO  segmented.BufferedWriteChannel (BufferedWriteChannel.java:open(61)) - open log_inprogress_0 at position 0
2025-07-14 15:01:24,240 [ac481237-f71e-4eeb-9120-a6c52bf83f13@group-8278812FD17C-SegmentedRaftLogWorker] INFO  segmented.SegmentedRaftLogWorker (SegmentedRaftLogWorker.java:execute(647)) - ac481237-f71e-4eeb-9120-a6c52bf83f13@group-8278812FD17C-SegmentedRaftLogWorker: created new log segment /home/runner/work/ozone/ozone/hadoop-ozone/integration-test/target/test-dir/MiniOzoneClusterImpl-aaa7dc72-7fbf-48e0-acc5-129182712624/ozone-meta/datanode-7/ratis2f800b45-45bc-45dc-b6ff-7f8e692838a6/d76124df-e20b-4e11-8a25-8278812fd17c/current/log_inprogress_0
2025-07-14 15:01:24,251 [89a738d3-0145-4b42-8b1b-b5be9f604b49@group-8278812FD17C-SegmentedRaftLogWorker] INFO  segmented.SegmentedRaftLogWorker (SegmentedRaftLogWorker.java:execute(647)) - 89a738d3-0145-4b42-8b1b-b5be9f604b49@group-8278812FD17C-SegmentedRaftLogWorker: created new log segment /home/runner/work/ozone/ozone/hadoop-ozone/integration-test/target/test-dir/MiniOzoneClusterImpl-aaa7dc72-7fbf-48e0-acc5-129182712624/ozone-meta/datanode-8/ratis/d76124df-e20b-4e11-8a25-8278812fd17c/current/log_inprogress_0
2025-07-14 15:01:24,252 [9eae2efb-1df6-4ce6-ae9d-8504348dafa1@group-8278812FD17C-SegmentedRaftLogWorker] INFO  segmented.SegmentedRaftLogWorker (SegmentedRaftLogWorker.java:execute(647)) - 9eae2efb-1df6-4ce6-ae9d-8504348dafa1@group-8278812FD17C-SegmentedRaftLogWorker: created new log segment /home/runner/work/ozone/ozone/hadoop-ozone/integration-test/target/test-dir/MiniOzoneClusterImpl-aaa7dc72-7fbf-48e0-acc5-129182712624/ozone-meta/datanode-9/ratis/d76124df-e20b-4e11-8a25-8278812fd17c/current/log_inprogress_0
2025-07-14 15:01:24,254 [ac481237-f71e-4eeb-9120-a6c52bf83f13@group-8278812FD17C-StateMachineUpdater] INFO  server.RaftServer$Division (LeaderStateImpl.java:checkStartIndex(309)) - Leader ac481237-f71e-4eeb-9120-a6c52bf83f13@group-8278812FD17C-LeaderStateImpl is ready since appliedIndex == startIndex == 0
2025-07-14 15:01:24,254 [ac481237-f71e-4eeb-9120-a6c52bf83f13@group-8278812FD17C-StateMachineUpdater] INFO  ratis.ContainerStateMachine (ContainerStateMachine.java:takeSnapshot(427)) - group-8278812FD17C: Taking a snapshot at:(t:1, i:0) file /home/runner/work/ozone/ozone/hadoop-ozone/integration-test/target/test-dir/MiniOzoneClusterImpl-aaa7dc72-7fbf-48e0-acc5-129182712624/ozone-meta/datanode-7/ratis2f800b45-45bc-45dc-b6ff-7f8e692838a6/d76124df-e20b-4e11-8a25-8278812fd17c/sm/snapshot.1_0
2025-07-14 15:01:24,254 [ac481237-f71e-4eeb-9120-a6c52bf83f13@group-8278812FD17C-StateMachineUpdater] INFO  ratis.ContainerStateMachine (ContainerStateMachine.java:takeSnapshot(436)) - group-8278812FD17C: Finished taking a snapshot at:(t:1, i:0) file:/home/runner/work/ozone/ozone/hadoop-ozone/integration-test/target/test-dir/MiniOzoneClusterImpl-aaa7dc72-7fbf-48e0-acc5-129182712624/ozone-meta/datanode-7/ratis2f800b45-45bc-45dc-b6ff-7f8e692838a6/d76124df-e20b-4e11-8a25-8278812fd17c/sm/snapshot.1_0 took: 1 ms
2025-07-14 15:01:24,254 [ac481237-f71e-4eeb-9120-a6c52bf83f13@group-8278812FD17C-StateMachineUpdater] INFO  impl.StateMachineUpdater (StateMachineUpdater.java:takeSnapshot(307)) - ac481237-f71e-4eeb-9120-a6c52bf83f13@group-8278812FD17C-StateMachineUpdater: Took a snapshot at index 0
2025-07-14 15:01:24,254 [ac481237-f71e-4eeb-9120-a6c52bf83f13@group-8278812FD17C-StateMachineUpdater] INFO  impl.StateMachineUpdater (StateMachineUpdater.java:lambda$new$0(101)) - ac481237-f71e-4eeb-9120-a6c52bf83f13@group-8278812FD17C-StateMachineUpdater: snapshotIndex: updateIncreasingly -1 -> 0
2025-07-14 15:01:24,262 [0f2a098c-ed74-48ca-a55f-ceee6161c687@group-82905689EA19-FollowerState] INFO  impl.FollowerState (FollowerState.java:runImpl(161)) - 0f2a098c-ed74-48ca-a55f-ceee6161c687@group-82905689EA19-FollowerState: change to CANDIDATE, lastRpcElapsedTime:1108113351ns, electionTimeout:1107ms
2025-07-14 15:01:24,262 [0f2a098c-ed74-48ca-a55f-ceee6161c687@group-82905689EA19-FollowerState] INFO  impl.RoleInfo (RoleInfo.java:shutdownFollowerState(121)) - 0f2a098c-ed74-48ca-a55f-ceee6161c687: shutdown 0f2a098c-ed74-48ca-a55f-ceee6161c687@group-82905689EA19-FollowerState
2025-07-14 15:01:24,262 [0f2a098c-ed74-48ca-a55f-ceee6161c687@group-82905689EA19-FollowerState] INFO  server.RaftServer$Division (RaftServerImpl.java:setRole(392)) - 0f2a098c-ed74-48ca-a55f-ceee6161c687@group-82905689EA19: changes role from  FOLLOWER to CANDIDATE at term 0 for changeToCandidate
2025-07-14 15:01:24,262 [0f2a098c-ed74-48ca-a55f-ceee6161c687@group-82905689EA19-FollowerState] INFO  impl.RoleInfo (RoleInfo.java:updateAndGet(148)) - 0f2a098c-ed74-48ca-a55f-ceee6161c687: start 0f2a098c-ed74-48ca-a55f-ceee6161c687@group-82905689EA19-LeaderElection28
2025-07-14 15:01:24,263 [0f2a098c-ed74-48ca-a55f-ceee6161c687@group-82905689EA19-LeaderElection28] INFO  impl.LeaderElection (LeaderElection.java:askForVotes(448)) - 0f2a098c-ed74-48ca-a55f-ceee6161c687@group-82905689EA19-LeaderElection28 PRE_VOTE round 0: submit vote requests at term 0 for conf: {index: -1, cur=peers:[9eae2efb-1df6-4ce6-ae9d-8504348dafa1|127.0.0.1:15079, 0f2a098c-ed74-48ca-a55f-ceee6161c687|127.0.0.1:15023, b5acb6b3-ef2b-41db-9bfa-77a47d0ca582|127.0.0.1:15031]|listeners:[], old=null}
2025-07-14 15:01:24,263 [0f2a098c-ed74-48ca-a55f-ceee6161c687@group-82905689EA19-LeaderElection28-1] INFO  server.GrpcServerProtocolClient (GrpcServerProtocolClient.java:<init>(65)) - Build channel for 9eae2efb-1df6-4ce6-ae9d-8504348dafa1|127.0.0.1:15079
2025-07-14 15:01:24,264 [grpc-default-executor-6] INFO  server.RaftServer$Division (RaftServerImpl.java:requestVote(1421)) - b5acb6b3-ef2b-41db-9bfa-77a47d0ca582@group-82905689EA19: receive requestVote(PRE_VOTE, 0f2a098c-ed74-48ca-a55f-ceee6161c687, group-82905689EA19, 0, <PROTO_DEFAULT>)
2025-07-14 15:01:24,265 [grpc-default-executor-6] INFO  impl.VoteContext (VoteContext.java:log(49)) - b5acb6b3-ef2b-41db-9bfa-77a47d0ca582@group-82905689EA19-FOLLOWER: accept PRE_VOTE from 0f2a098c-ed74-48ca-a55f-ceee6161c687: our priority 0 <= candidate's priority 0
2025-07-14 15:01:24,265 [grpc-default-executor-6] INFO  server.RaftServer$Division (RaftServerImpl.java:requestVote(1455)) - b5acb6b3-ef2b-41db-9bfa-77a47d0ca582@group-82905689EA19 replies to PRE_VOTE vote request: 0f2a098c-ed74-48ca-a55f-ceee6161c687<-b5acb6b3-ef2b-41db-9bfa-77a47d0ca582#0:OK-t0-last:<INITIAL_VALUE>. Peer's state: b5acb6b3-ef2b-41db-9bfa-77a47d0ca582@group-82905689EA19:t0, leader=null, voted=, raftlog=Memoized:b5acb6b3-ef2b-41db-9bfa-77a47d0ca582@group-82905689EA19-SegmentedRaftLog:OPENED:c-1:lastnull, conf=conf: {index: -1, cur=peers:[9eae2efb-1df6-4ce6-ae9d-8504348dafa1|127.0.0.1:15079, 0f2a098c-ed74-48ca-a55f-ceee6161c687|127.0.0.1:15023, b5acb6b3-ef2b-41db-9bfa-77a47d0ca582|127.0.0.1:15031]|listeners:[], old=null}
2025-07-14 15:01:24,266 [grpc-default-executor-6] INFO  server.RaftServer$Division (RaftServerImpl.java:requestVote(1421)) - 9eae2efb-1df6-4ce6-ae9d-8504348dafa1@group-82905689EA19: receive requestVote(PRE_VOTE, 0f2a098c-ed74-48ca-a55f-ceee6161c687, group-82905689EA19, 0, <PROTO_DEFAULT>)
2025-07-14 15:01:24,266 [grpc-default-executor-6] INFO  impl.VoteContext (VoteContext.java:log(49)) - 9eae2efb-1df6-4ce6-ae9d-8504348dafa1@group-82905689EA19-FOLLOWER: reject PRE_VOTE from 0f2a098c-ed74-48ca-a55f-ceee6161c687: our priority 1 > candidate's priority 0
2025-07-14 15:01:24,267 [grpc-default-executor-6] INFO  server.RaftServer$Division (RaftServerImpl.java:requestVote(1455)) - 9eae2efb-1df6-4ce6-ae9d-8504348dafa1@group-82905689EA19 replies to PRE_VOTE vote request: 0f2a098c-ed74-48ca-a55f-ceee6161c687<-9eae2efb-1df6-4ce6-ae9d-8504348dafa1#0:FAIL-t0-last:<INITIAL_VALUE>. Peer's state: 9eae2efb-1df6-4ce6-ae9d-8504348dafa1@group-82905689EA19:t0, leader=null, voted=, raftlog=Memoized:9eae2efb-1df6-4ce6-ae9d-8504348dafa1@group-82905689EA19-SegmentedRaftLog:OPENED:c-1:lastnull, conf=conf: {index: -1, cur=peers:[9eae2efb-1df6-4ce6-ae9d-8504348dafa1|127.0.0.1:15079, 0f2a098c-ed74-48ca-a55f-ceee6161c687|127.0.0.1:15023, b5acb6b3-ef2b-41db-9bfa-77a47d0ca582|127.0.0.1:15031]|listeners:[], old=null}
2025-07-14 15:01:24,267 [0f2a098c-ed74-48ca-a55f-ceee6161c687@group-82905689EA19-LeaderElection28] INFO  impl.LeaderElection (LeaderElection.java:logAndReturn(206)) - 0f2a098c-ed74-48ca-a55f-ceee6161c687@group-82905689EA19-LeaderElection28: PRE_VOTE REJECTED received 2 response(s) and 0 exception(s):
2025-07-14 15:01:24,267 [0f2a098c-ed74-48ca-a55f-ceee6161c687@group-82905689EA19-LeaderElection28] INFO  impl.LeaderElection (LeaderElection.java:logAndReturn(210)) -   Response 0: 0f2a098c-ed74-48ca-a55f-ceee6161c687<-9eae2efb-1df6-4ce6-ae9d-8504348dafa1#0:FAIL-t0-last:<INITIAL_VALUE>
2025-07-14 15:01:24,267 [0f2a098c-ed74-48ca-a55f-ceee6161c687@group-82905689EA19-LeaderElection28] INFO  impl.LeaderElection (LeaderElection.java:logAndReturn(210)) -   Response 1: 0f2a098c-ed74-48ca-a55f-ceee6161c687<-b5acb6b3-ef2b-41db-9bfa-77a47d0ca582#0:OK-t0-last:<INITIAL_VALUE>
2025-07-14 15:01:24,267 [0f2a098c-ed74-48ca-a55f-ceee6161c687@group-82905689EA19-LeaderElection28] INFO  impl.LeaderElection (LeaderElection.java:askForVotes(450)) - 0f2a098c-ed74-48ca-a55f-ceee6161c687@group-82905689EA19-LeaderElection28 PRE_VOTE round 0: result REJECTED
2025-07-14 15:01:24,267 [0f2a098c-ed74-48ca-a55f-ceee6161c687@group-82905689EA19-LeaderElection28] INFO  server.RaftServer$Division (RaftServerImpl.java:setRole(392)) - 0f2a098c-ed74-48ca-a55f-ceee6161c687@group-82905689EA19: changes role from CANDIDATE to FOLLOWER at term 0 for REJECTED
2025-07-14 15:01:24,268 [0f2a098c-ed74-48ca-a55f-ceee6161c687@group-82905689EA19-LeaderElection28] INFO  impl.RoleInfo (RoleInfo.java:shutdownLeaderElection(141)) - 0f2a098c-ed74-48ca-a55f-ceee6161c687: shutdown 0f2a098c-ed74-48ca-a55f-ceee6161c687@group-82905689EA19-LeaderElection28
2025-07-14 15:01:24,268 [0f2a098c-ed74-48ca-a55f-ceee6161c687@group-82905689EA19-LeaderElection28] INFO  impl.RoleInfo (RoleInfo.java:updateAndGet(148)) - 0f2a098c-ed74-48ca-a55f-ceee6161c687: start 0f2a098c-ed74-48ca-a55f-ceee6161c687@group-82905689EA19-FollowerState
2025-07-14 15:01:24,268 [0f2a098c-ed74-48ca-a55f-ceee6161c687@group-82905689EA19-LeaderElection28] INFO  server.RaftServer$Division (RaftServerImpl.java:setFirstElection(576)) - 0f2a098c-ed74-48ca-a55f-ceee6161c687@group-82905689EA19: set firstElectionSinceStartup to false for REJECTED
2025-07-14 15:01:24,359 [9eae2efb-1df6-4ce6-ae9d-8504348dafa1@group-82905689EA19-FollowerState] INFO  impl.FollowerState (FollowerState.java:runImpl(161)) - 9eae2efb-1df6-4ce6-ae9d-8504348dafa1@group-82905689EA19-FollowerState: change to CANDIDATE, lastRpcElapsedTime:1159459619ns, electionTimeout:1159ms
2025-07-14 15:01:24,359 [9eae2efb-1df6-4ce6-ae9d-8504348dafa1@group-82905689EA19-FollowerState] INFO  impl.RoleInfo (RoleInfo.java:shutdownFollowerState(121)) - 9eae2efb-1df6-4ce6-ae9d-8504348dafa1: shutdown 9eae2efb-1df6-4ce6-ae9d-8504348dafa1@group-82905689EA19-FollowerState
2025-07-14 15:01:24,359 [9eae2efb-1df6-4ce6-ae9d-8504348dafa1@group-82905689EA19-FollowerState] INFO  server.RaftServer$Division (RaftServerImpl.java:setRole(392)) - 9eae2efb-1df6-4ce6-ae9d-8504348dafa1@group-82905689EA19: changes role from  FOLLOWER to CANDIDATE at term 0 for changeToCandidate
2025-07-14 15:01:24,359 [9eae2efb-1df6-4ce6-ae9d-8504348dafa1@group-82905689EA19-FollowerState] INFO  impl.RoleInfo (RoleInfo.java:updateAndGet(148)) - 9eae2efb-1df6-4ce6-ae9d-8504348dafa1: start 9eae2efb-1df6-4ce6-ae9d-8504348dafa1@group-82905689EA19-LeaderElection29
2025-07-14 15:01:24,359 [9eae2efb-1df6-4ce6-ae9d-8504348dafa1@group-82905689EA19-LeaderElection29] INFO  impl.LeaderElection (LeaderElection.java:askForVotes(448)) - 9eae2efb-1df6-4ce6-ae9d-8504348dafa1@group-82905689EA19-LeaderElection29 PRE_VOTE round 0: submit vote requests at term 0 for conf: {index: -1, cur=peers:[9eae2efb-1df6-4ce6-ae9d-8504348dafa1|127.0.0.1:15079, 0f2a098c-ed74-48ca-a55f-ceee6161c687|127.0.0.1:15023, b5acb6b3-ef2b-41db-9bfa-77a47d0ca582|127.0.0.1:15031]|listeners:[], old=null}
2025-07-14 15:01:24,360 [9eae2efb-1df6-4ce6-ae9d-8504348dafa1@group-82905689EA19-LeaderElection29-1] INFO  server.GrpcServerProtocolClient (GrpcServerProtocolClient.java:<init>(65)) - Build channel for 0f2a098c-ed74-48ca-a55f-ceee6161c687|127.0.0.1:15023
2025-07-14 15:01:24,360 [9eae2efb-1df6-4ce6-ae9d-8504348dafa1@group-82905689EA19-LeaderElection29-2] INFO  server.GrpcServerProtocolClient (GrpcServerProtocolClient.java:<init>(65)) - Build channel for b5acb6b3-ef2b-41db-9bfa-77a47d0ca582|127.0.0.1:15031
2025-07-14 15:01:24,363 [grpc-default-executor-5] INFO  server.RaftServer$Division (RaftServerImpl.java:requestVote(1421)) - 0f2a098c-ed74-48ca-a55f-ceee6161c687@group-82905689EA19: receive requestVote(PRE_VOTE, 9eae2efb-1df6-4ce6-ae9d-8504348dafa1, group-82905689EA19, 0, <PROTO_DEFAULT>)
2025-07-14 15:01:24,363 [grpc-default-executor-6] INFO  server.RaftServer$Division (RaftServerImpl.java:requestVote(1421)) - b5acb6b3-ef2b-41db-9bfa-77a47d0ca582@group-82905689EA19: receive requestVote(PRE_VOTE, 9eae2efb-1df6-4ce6-ae9d-8504348dafa1, group-82905689EA19, 0, <PROTO_DEFAULT>)
2025-07-14 15:01:24,363 [grpc-default-executor-5] INFO  impl.VoteContext (VoteContext.java:log(49)) - 0f2a098c-ed74-48ca-a55f-ceee6161c687@group-82905689EA19-FOLLOWER: accept PRE_VOTE from 9eae2efb-1df6-4ce6-ae9d-8504348dafa1: our priority 0 <= candidate's priority 1
2025-07-14 15:01:24,363 [grpc-default-executor-6] INFO  impl.VoteContext (VoteContext.java:log(49)) - b5acb6b3-ef2b-41db-9bfa-77a47d0ca582@group-82905689EA19-FOLLOWER: accept PRE_VOTE from 9eae2efb-1df6-4ce6-ae9d-8504348dafa1: our priority 0 <= candidate's priority 1
2025-07-14 15:01:24,363 [grpc-default-executor-5] INFO  server.RaftServer$Division (RaftServerImpl.java:requestVote(1455)) - 0f2a098c-ed74-48ca-a55f-ceee6161c687@group-82905689EA19 replies to PRE_VOTE vote request: 9eae2efb-1df6-4ce6-ae9d-8504348dafa1<-0f2a098c-ed74-48ca-a55f-ceee6161c687#0:OK-t0-last:<INITIAL_VALUE>. Peer's state: 0f2a098c-ed74-48ca-a55f-ceee6161c687@group-82905689EA19:t0, leader=null, voted=, raftlog=Memoized:0f2a098c-ed74-48ca-a55f-ceee6161c687@group-82905689EA19-SegmentedRaftLog:OPENED:c-1:lastnull, conf=conf: {index: -1, cur=peers:[9eae2efb-1df6-4ce6-ae9d-8504348dafa1|127.0.0.1:15079, 0f2a098c-ed74-48ca-a55f-ceee6161c687|127.0.0.1:15023, b5acb6b3-ef2b-41db-9bfa-77a47d0ca582|127.0.0.1:15031]|listeners:[], old=null}
2025-07-14 15:01:24,363 [grpc-default-executor-6] INFO  server.RaftServer$Division (RaftServerImpl.java:requestVote(1455)) - b5acb6b3-ef2b-41db-9bfa-77a47d0ca582@group-82905689EA19 replies to PRE_VOTE vote request: 9eae2efb-1df6-4ce6-ae9d-8504348dafa1<-b5acb6b3-ef2b-41db-9bfa-77a47d0ca582#0:OK-t0-last:<INITIAL_VALUE>. Peer's state: b5acb6b3-ef2b-41db-9bfa-77a47d0ca582@group-82905689EA19:t0, leader=null, voted=, raftlog=Memoized:b5acb6b3-ef2b-41db-9bfa-77a47d0ca582@group-82905689EA19-SegmentedRaftLog:OPENED:c-1:lastnull, conf=conf: {index: -1, cur=peers:[9eae2efb-1df6-4ce6-ae9d-8504348dafa1|127.0.0.1:15079, 0f2a098c-ed74-48ca-a55f-ceee6161c687|127.0.0.1:15023, b5acb6b3-ef2b-41db-9bfa-77a47d0ca582|127.0.0.1:15031]|listeners:[], old=null}
2025-07-14 15:01:24,364 [9eae2efb-1df6-4ce6-ae9d-8504348dafa1@group-82905689EA19-LeaderElection29] INFO  impl.LeaderElection (LeaderElection.java:logAndReturn(206)) - 9eae2efb-1df6-4ce6-ae9d-8504348dafa1@group-82905689EA19-LeaderElection29: PRE_VOTE PASSED received 1 response(s) and 0 exception(s):
2025-07-14 15:01:24,364 [9eae2efb-1df6-4ce6-ae9d-8504348dafa1@group-82905689EA19-LeaderElection29] INFO  impl.LeaderElection (LeaderElection.java:logAndReturn(210)) -   Response 0: 9eae2efb-1df6-4ce6-ae9d-8504348dafa1<-b5acb6b3-ef2b-41db-9bfa-77a47d0ca582#0:OK-t0-last:<INITIAL_VALUE>
2025-07-14 15:01:24,364 [9eae2efb-1df6-4ce6-ae9d-8504348dafa1@group-82905689EA19-LeaderElection29] INFO  impl.LeaderElection (LeaderElection.java:askForVotes(450)) - 9eae2efb-1df6-4ce6-ae9d-8504348dafa1@group-82905689EA19-LeaderElection29 PRE_VOTE round 0: result PASSED
2025-07-14 15:01:24,365 [9eae2efb-1df6-4ce6-ae9d-8504348dafa1@group-82905689EA19-LeaderElection29] INFO  impl.LeaderElection (LeaderElection.java:askForVotes(448)) - 9eae2efb-1df6-4ce6-ae9d-8504348dafa1@group-82905689EA19-LeaderElection29 ELECTION round 0: submit vote requests at term 1 for conf: {index: -1, cur=peers:[9eae2efb-1df6-4ce6-ae9d-8504348dafa1|127.0.0.1:15079, 0f2a098c-ed74-48ca-a55f-ceee6161c687|127.0.0.1:15023, b5acb6b3-ef2b-41db-9bfa-77a47d0ca582|127.0.0.1:15031]|listeners:[], old=null}
2025-07-14 15:01:24,366 [grpc-default-executor-6] INFO  server.RaftServer$Division (RaftServerImpl.java:requestVote(1421)) - 0f2a098c-ed74-48ca-a55f-ceee6161c687@group-82905689EA19: receive requestVote(ELECTION, 9eae2efb-1df6-4ce6-ae9d-8504348dafa1, group-82905689EA19, 1, <PROTO_DEFAULT>)
2025-07-14 15:01:24,366 [grpc-default-executor-6] INFO  impl.VoteContext (VoteContext.java:log(49)) - 0f2a098c-ed74-48ca-a55f-ceee6161c687@group-82905689EA19-FOLLOWER: accept ELECTION from 9eae2efb-1df6-4ce6-ae9d-8504348dafa1: our priority 0 <= candidate's priority 1
2025-07-14 15:01:24,367 [grpc-default-executor-6] INFO  server.RaftServer$Division (RaftServerImpl.java:setRole(392)) - 0f2a098c-ed74-48ca-a55f-ceee6161c687@group-82905689EA19: changes role from  FOLLOWER to FOLLOWER at term 0 for candidate:9eae2efb-1df6-4ce6-ae9d-8504348dafa1
2025-07-14 15:01:24,367 [grpc-default-executor-6] INFO  impl.RoleInfo (RoleInfo.java:shutdownFollowerState(121)) - 0f2a098c-ed74-48ca-a55f-ceee6161c687: shutdown 0f2a098c-ed74-48ca-a55f-ceee6161c687@group-82905689EA19-FollowerState
2025-07-14 15:01:24,367 [grpc-default-executor-6] INFO  impl.RoleInfo (RoleInfo.java:updateAndGet(148)) - 0f2a098c-ed74-48ca-a55f-ceee6161c687: start 0f2a098c-ed74-48ca-a55f-ceee6161c687@group-82905689EA19-FollowerState
2025-07-14 15:01:24,366 [grpc-default-executor-5] INFO  server.RaftServer$Division (RaftServerImpl.java:requestVote(1421)) - b5acb6b3-ef2b-41db-9bfa-77a47d0ca582@group-82905689EA19: receive requestVote(ELECTION, 9eae2efb-1df6-4ce6-ae9d-8504348dafa1, group-82905689EA19, 1, <PROTO_DEFAULT>)
2025-07-14 15:01:24,367 [grpc-default-executor-5] INFO  impl.VoteContext (VoteContext.java:log(49)) - b5acb6b3-ef2b-41db-9bfa-77a47d0ca582@group-82905689EA19-FOLLOWER: accept ELECTION from 9eae2efb-1df6-4ce6-ae9d-8504348dafa1: our priority 0 <= candidate's priority 1
2025-07-14 15:01:24,367 [grpc-default-executor-5] INFO  server.RaftServer$Division (RaftServerImpl.java:setRole(392)) - b5acb6b3-ef2b-41db-9bfa-77a47d0ca582@group-82905689EA19: changes role from  FOLLOWER to FOLLOWER at term 0 for candidate:9eae2efb-1df6-4ce6-ae9d-8504348dafa1
2025-07-14 15:01:24,367 [grpc-default-executor-5] INFO  impl.RoleInfo (RoleInfo.java:shutdownFollowerState(121)) - b5acb6b3-ef2b-41db-9bfa-77a47d0ca582: shutdown b5acb6b3-ef2b-41db-9bfa-77a47d0ca582@group-82905689EA19-FollowerState
2025-07-14 15:01:24,367 [0f2a098c-ed74-48ca-a55f-ceee6161c687@group-82905689EA19-FollowerState] INFO  impl.FollowerState (FollowerState.java:runImpl(170)) - 0f2a098c-ed74-48ca-a55f-ceee6161c687@group-82905689EA19-FollowerState was interrupted
2025-07-14 15:01:24,367 [b5acb6b3-ef2b-41db-9bfa-77a47d0ca582@group-82905689EA19-FollowerState] INFO  impl.FollowerState (FollowerState.java:runImpl(170)) - b5acb6b3-ef2b-41db-9bfa-77a47d0ca582@group-82905689EA19-FollowerState was interrupted
2025-07-14 15:01:24,367 [grpc-default-executor-5] INFO  impl.RoleInfo (RoleInfo.java:updateAndGet(148)) - b5acb6b3-ef2b-41db-9bfa-77a47d0ca582: start b5acb6b3-ef2b-41db-9bfa-77a47d0ca582@group-82905689EA19-FollowerState
2025-07-14 15:01:24,368 [grpc-default-executor-5] INFO  server.RaftServer$Division (RaftServerImpl.java:setFirstElection(576)) - b5acb6b3-ef2b-41db-9bfa-77a47d0ca582@group-82905689EA19: set firstElectionSinceStartup to false for candidate:9eae2efb-1df6-4ce6-ae9d-8504348dafa1
2025-07-14 15:01:24,368 [grpc-default-executor-6] INFO  server.RaftServer$Division (RaftServerImpl.java:requestVote(1455)) - 0f2a098c-ed74-48ca-a55f-ceee6161c687@group-82905689EA19 replies to ELECTION vote request: 9eae2efb-1df6-4ce6-ae9d-8504348dafa1<-0f2a098c-ed74-48ca-a55f-ceee6161c687#0:OK-t1-last:<INITIAL_VALUE>. Peer's state: 0f2a098c-ed74-48ca-a55f-ceee6161c687@group-82905689EA19:t1, leader=null, voted=9eae2efb-1df6-4ce6-ae9d-8504348dafa1, raftlog=Memoized:0f2a098c-ed74-48ca-a55f-ceee6161c687@group-82905689EA19-SegmentedRaftLog:OPENED:c-1:lastnull, conf=conf: {index: -1, cur=peers:[9eae2efb-1df6-4ce6-ae9d-8504348dafa1|127.0.0.1:15079, 0f2a098c-ed74-48ca-a55f-ceee6161c687|127.0.0.1:15023, b5acb6b3-ef2b-41db-9bfa-77a47d0ca582|127.0.0.1:15031]|listeners:[], old=null}
2025-07-14 15:01:24,369 [9eae2efb-1df6-4ce6-ae9d-8504348dafa1@group-82905689EA19-LeaderElection29] INFO  impl.LeaderElection (LeaderElection.java:logAndReturn(206)) - 9eae2efb-1df6-4ce6-ae9d-8504348dafa1@group-82905689EA19-LeaderElection29: ELECTION PASSED received 1 response(s) and 0 exception(s):
2025-07-14 15:01:24,369 [9eae2efb-1df6-4ce6-ae9d-8504348dafa1@group-82905689EA19-LeaderElection29] INFO  impl.LeaderElection (LeaderElection.java:logAndReturn(210)) -   Response 0: 9eae2efb-1df6-4ce6-ae9d-8504348dafa1<-0f2a098c-ed74-48ca-a55f-ceee6161c687#0:OK-t1-last:<INITIAL_VALUE>
2025-07-14 15:01:24,369 [9eae2efb-1df6-4ce6-ae9d-8504348dafa1@group-82905689EA19-LeaderElection29] INFO  impl.LeaderElection (LeaderElection.java:askForVotes(450)) - 9eae2efb-1df6-4ce6-ae9d-8504348dafa1@group-82905689EA19-LeaderElection29 ELECTION round 0: result PASSED
2025-07-14 15:01:24,369 [9eae2efb-1df6-4ce6-ae9d-8504348dafa1@group-82905689EA19-LeaderElection29] INFO  impl.RoleInfo (RoleInfo.java:shutdownLeaderElection(141)) - 9eae2efb-1df6-4ce6-ae9d-8504348dafa1: shutdown 9eae2efb-1df6-4ce6-ae9d-8504348dafa1@group-82905689EA19-LeaderElection29
2025-07-14 15:01:24,369 [9eae2efb-1df6-4ce6-ae9d-8504348dafa1@group-82905689EA19-LeaderElection29] INFO  server.RaftServer$Division (RaftServerImpl.java:setRole(392)) - 9eae2efb-1df6-4ce6-ae9d-8504348dafa1@group-82905689EA19: changes role from CANDIDATE to LEADER at term 1 for changeToLeader
2025-07-14 15:01:24,369 [9eae2efb-1df6-4ce6-ae9d-8504348dafa1@group-82905689EA19-LeaderElection29] INFO  server.RaftServerConfigKeys (ConfUtils.java:logFallback(69)) - raft.server.staging.timeout = 15600ms (fallback to raft.server.rpc.timeout.max)
2025-07-14 15:01:24,369 [9eae2efb-1df6-4ce6-ae9d-8504348dafa1@group-82905689EA19-LeaderElection29] INFO  server.RaftServerConfigKeys (ConfUtils.java:logGet(62)) - raft.server.write.byte-limit = 1024 M (=1073741824) (custom)
2025-07-14 15:01:24,371 [grpc-default-executor-5] INFO  server.RaftServer$Division (RaftServerImpl.java:requestVote(1455)) - b5acb6b3-ef2b-41db-9bfa-77a47d0ca582@group-82905689EA19 replies to ELECTION vote request: 9eae2efb-1df6-4ce6-ae9d-8504348dafa1<-b5acb6b3-ef2b-41db-9bfa-77a47d0ca582#0:OK-t1-last:<INITIAL_VALUE>. Peer's state: b5acb6b3-ef2b-41db-9bfa-77a47d0ca582@group-82905689EA19:t1, leader=null, voted=9eae2efb-1df6-4ce6-ae9d-8504348dafa1, raftlog=Memoized:b5acb6b3-ef2b-41db-9bfa-77a47d0ca582@group-82905689EA19-SegmentedRaftLog:OPENED:c-1:lastnull, conf=conf: {index: -1, cur=peers:[9eae2efb-1df6-4ce6-ae9d-8504348dafa1|127.0.0.1:15079, 0f2a098c-ed74-48ca-a55f-ceee6161c687|127.0.0.1:15023, b5acb6b3-ef2b-41db-9bfa-77a47d0ca582|127.0.0.1:15031]|listeners:[], old=null}
2025-07-14 15:01:24,371 [9eae2efb-1df6-4ce6-ae9d-8504348dafa1@group-82905689EA19-LeaderElection29] INFO  server.RaftServerConfigKeys (ConfUtils.java:logGet(62)) - raft.server.log.appender.buffer.byte-limit = 33554432 (custom)
2025-07-14 15:01:24,372 [9eae2efb-1df6-4ce6-ae9d-8504348dafa1@group-82905689EA19-LeaderElection29] INFO  server.RaftServerConfigKeys (ConfUtils.java:logGet(62)) - raft.server.log.appender.buffer.byte-limit = 33554432 (custom)
2025-07-14 15:01:24,372 [9eae2efb-1df6-4ce6-ae9d-8504348dafa1@group-82905689EA19-LeaderElection29] INFO  impl.RoleInfo (RoleInfo.java:updateAndGet(148)) - 9eae2efb-1df6-4ce6-ae9d-8504348dafa1: start 9eae2efb-1df6-4ce6-ae9d-8504348dafa1@group-82905689EA19-LeaderStateImpl
2025-07-14 15:01:24,372 [9eae2efb-1df6-4ce6-ae9d-8504348dafa1@group-82905689EA19-LeaderElection29] INFO  server.RaftServer$Division (RaftServerImpl.java:setFirstElection(576)) - 9eae2efb-1df6-4ce6-ae9d-8504348dafa1@group-82905689EA19: set firstElectionSinceStartup to false for becomeLeader
2025-07-14 15:01:24,372 [9eae2efb-1df6-4ce6-ae9d-8504348dafa1@group-82905689EA19-LeaderElection29] INFO  ratis.XceiverServerRatis (XceiverServerRatis.java:handleLeaderChangedNotification(944)) - Leader change notification received for group: group-82905689EA19 with new leaderId: 9eae2efb-1df6-4ce6-ae9d-8504348dafa1
2025-07-14 15:01:24,372 [9eae2efb-1df6-4ce6-ae9d-8504348dafa1@group-82905689EA19-LeaderElection29] INFO  server.RaftServer$Division (ServerState.java:setLeader(272)) - 9eae2efb-1df6-4ce6-ae9d-8504348dafa1@group-82905689EA19: change Leader from null to 9eae2efb-1df6-4ce6-ae9d-8504348dafa1 at term 1 for becomeLeader, leader elected after 1204ms
2025-07-14 15:01:24,373 [9eae2efb-1df6-4ce6-ae9d-8504348dafa1@group-82905689EA19-LeaderElection29] INFO  segmented.SegmentedRaftLogWorker (SegmentedRaftLogWorker.java:startLogSegment(440)) - 9eae2efb-1df6-4ce6-ae9d-8504348dafa1@group-82905689EA19-SegmentedRaftLogWorker: Starting segment from index:0
2025-07-14 15:01:24,373 [9eae2efb-1df6-4ce6-ae9d-8504348dafa1@group-82905689EA19-LeaderElection29] INFO  server.RaftServer$Division (ServerState.java:setRaftConf(386)) - 9eae2efb-1df6-4ce6-ae9d-8504348dafa1@group-82905689EA19: set configuration conf: {index: 0, cur=peers:[9eae2efb-1df6-4ce6-ae9d-8504348dafa1|127.0.0.1:15079, 0f2a098c-ed74-48ca-a55f-ceee6161c687|127.0.0.1:15023, b5acb6b3-ef2b-41db-9bfa-77a47d0ca582|127.0.0.1:15031]|listeners:[], old=null}
2025-07-14 15:01:24,373 [9eae2efb-1df6-4ce6-ae9d-8504348dafa1@group-82905689EA19-SegmentedRaftLogWorker] INFO  segmented.BufferedWriteChannel (BufferedWriteChannel.java:open(61)) - open log_inprogress_0 at position 0
2025-07-14 15:01:24,377 [grpc-default-executor-5] INFO  ratis.XceiverServerRatis (XceiverServerRatis.java:handleLeaderChangedNotification(944)) - Leader change notification received for group: group-82905689EA19 with new leaderId: 9eae2efb-1df6-4ce6-ae9d-8504348dafa1
2025-07-14 15:01:24,377 [grpc-default-executor-5] INFO  server.RaftServer$Division (ServerState.java:setLeader(272)) - b5acb6b3-ef2b-41db-9bfa-77a47d0ca582@group-82905689EA19: change Leader from null to 9eae2efb-1df6-4ce6-ae9d-8504348dafa1 at term 1 for appendEntries, leader elected after 1165ms
2025-07-14 15:01:24,378 [grpc-default-executor-0] INFO  ratis.XceiverServerRatis (XceiverServerRatis.java:handleLeaderChangedNotification(944)) - Leader change notification received for group: group-82905689EA19 with new leaderId: 9eae2efb-1df6-4ce6-ae9d-8504348dafa1
2025-07-14 15:01:24,378 [grpc-default-executor-0] INFO  server.RaftServer$Division (ServerState.java:setLeader(272)) - 0f2a098c-ed74-48ca-a55f-ceee6161c687@group-82905689EA19: change Leader from null to 9eae2efb-1df6-4ce6-ae9d-8504348dafa1 at term 1 for appendEntries, leader elected after 1253ms
2025-07-14 15:01:24,378 [grpc-default-executor-0] INFO  server.RaftServer$Division (ServerState.java:setRaftConf(386)) - 0f2a098c-ed74-48ca-a55f-ceee6161c687@group-82905689EA19: set configuration conf: {index: 0, cur=peers:[9eae2efb-1df6-4ce6-ae9d-8504348dafa1|127.0.0.1:15079, 0f2a098c-ed74-48ca-a55f-ceee6161c687|127.0.0.1:15023, b5acb6b3-ef2b-41db-9bfa-77a47d0ca582|127.0.0.1:15031]|listeners:[], old=null}
2025-07-14 15:01:24,378 [grpc-default-executor-0] INFO  segmented.SegmentedRaftLogWorker (SegmentedRaftLogWorker.java:startLogSegment(440)) - 0f2a098c-ed74-48ca-a55f-ceee6161c687@group-82905689EA19-SegmentedRaftLogWorker: Starting segment from index:0
2025-07-14 15:01:24,377 [EventQueue-PipelineReportForPipelineReportHandler] INFO  pipeline.PipelineReportHandler (PipelineReportHandler.java:processPipelineReport(134)) - Opened pipeline Pipeline-d00acf47-cef8-4671-b269-82905689ea19
2025-07-14 15:01:24,379 [0f2a098c-ed74-48ca-a55f-ceee6161c687@group-82905689EA19-SegmentedRaftLogWorker] INFO  segmented.BufferedWriteChannel (BufferedWriteChannel.java:open(61)) - open log_inprogress_0 at position 0
2025-07-14 15:01:24,379 [grpc-default-executor-6] INFO  server.RaftServer$Division (ServerState.java:setRaftConf(386)) - b5acb6b3-ef2b-41db-9bfa-77a47d0ca582@group-82905689EA19: set configuration conf: {index: 0, cur=peers:[9eae2efb-1df6-4ce6-ae9d-8504348dafa1|127.0.0.1:15079, 0f2a098c-ed74-48ca-a55f-ceee6161c687|127.0.0.1:15023, b5acb6b3-ef2b-41db-9bfa-77a47d0ca582|127.0.0.1:15031]|listeners:[], old=null}
2025-07-14 15:01:24,380 [grpc-default-executor-6] INFO  segmented.SegmentedRaftLogWorker (SegmentedRaftLogWorker.java:startLogSegment(440)) - b5acb6b3-ef2b-41db-9bfa-77a47d0ca582@group-82905689EA19-SegmentedRaftLogWorker: Starting segment from index:0
2025-07-14 15:01:24,380 [b5acb6b3-ef2b-41db-9bfa-77a47d0ca582@group-82905689EA19-SegmentedRaftLogWorker] INFO  segmented.BufferedWriteChannel (BufferedWriteChannel.java:open(61)) - open log_inprogress_0 at position 0
2025-07-14 15:01:24,384 [9eae2efb-1df6-4ce6-ae9d-8504348dafa1@group-82905689EA19-SegmentedRaftLogWorker] INFO  segmented.SegmentedRaftLogWorker (SegmentedRaftLogWorker.java:execute(647)) - 9eae2efb-1df6-4ce6-ae9d-8504348dafa1@group-82905689EA19-SegmentedRaftLogWorker: created new log segment /home/runner/work/ozone/ozone/hadoop-ozone/integration-test/target/test-dir/MiniOzoneClusterImpl-aaa7dc72-7fbf-48e0-acc5-129182712624/ozone-meta/datanode-9/ratis/d00acf47-cef8-4671-b269-82905689ea19/current/log_inprogress_0
2025-07-14 15:01:24,394 [0f2a098c-ed74-48ca-a55f-ceee6161c687@group-82905689EA19-SegmentedRaftLogWorker] INFO  segmented.SegmentedRaftLogWorker (SegmentedRaftLogWorker.java:execute(647)) - 0f2a098c-ed74-48ca-a55f-ceee6161c687@group-82905689EA19-SegmentedRaftLogWorker: created new log segment /home/runner/work/ozone/ozone/hadoop-ozone/integration-test/target/test-dir/MiniOzoneClusterImpl-aaa7dc72-7fbf-48e0-acc5-129182712624/ozone-meta/datanode-2/ratis/d00acf47-cef8-4671-b269-82905689ea19/current/log_inprogress_0
2025-07-14 15:01:24,394 [b5acb6b3-ef2b-41db-9bfa-77a47d0ca582@group-82905689EA19-SegmentedRaftLogWorker] INFO  segmented.SegmentedRaftLogWorker (SegmentedRaftLogWorker.java:execute(647)) - b5acb6b3-ef2b-41db-9bfa-77a47d0ca582@group-82905689EA19-SegmentedRaftLogWorker: created new log segment /home/runner/work/ozone/ozone/hadoop-ozone/integration-test/target/test-dir/MiniOzoneClusterImpl-aaa7dc72-7fbf-48e0-acc5-129182712624/ozone-meta/datanode-3/ratis/d00acf47-cef8-4671-b269-82905689ea19/current/log_inprogress_0
2025-07-14 15:01:24,398 [9eae2efb-1df6-4ce6-ae9d-8504348dafa1@group-82905689EA19-StateMachineUpdater] INFO  server.RaftServer$Division (LeaderStateImpl.java:checkStartIndex(309)) - Leader 9eae2efb-1df6-4ce6-ae9d-8504348dafa1@group-82905689EA19-LeaderStateImpl is ready since appliedIndex == startIndex == 0
2025-07-14 15:01:24,398 [9eae2efb-1df6-4ce6-ae9d-8504348dafa1@group-82905689EA19-StateMachineUpdater] INFO  ratis.ContainerStateMachine (ContainerStateMachine.java:takeSnapshot(427)) - group-82905689EA19: Taking a snapshot at:(t:1, i:0) file /home/runner/work/ozone/ozone/hadoop-ozone/integration-test/target/test-dir/MiniOzoneClusterImpl-aaa7dc72-7fbf-48e0-acc5-129182712624/ozone-meta/datanode-9/ratis/d00acf47-cef8-4671-b269-82905689ea19/sm/snapshot.1_0
2025-07-14 15:01:24,399 [9eae2efb-1df6-4ce6-ae9d-8504348dafa1@group-82905689EA19-StateMachineUpdater] INFO  ratis.ContainerStateMachine (ContainerStateMachine.java:takeSnapshot(436)) - group-82905689EA19: Finished taking a snapshot at:(t:1, i:0) file:/home/runner/work/ozone/ozone/hadoop-ozone/integration-test/target/test-dir/MiniOzoneClusterImpl-aaa7dc72-7fbf-48e0-acc5-129182712624/ozone-meta/datanode-9/ratis/d00acf47-cef8-4671-b269-82905689ea19/sm/snapshot.1_0 took: 0 ms
2025-07-14 15:01:24,399 [9eae2efb-1df6-4ce6-ae9d-8504348dafa1@group-82905689EA19-StateMachineUpdater] INFO  impl.StateMachineUpdater (StateMachineUpdater.java:takeSnapshot(307)) - 9eae2efb-1df6-4ce6-ae9d-8504348dafa1@group-82905689EA19-StateMachineUpdater: Took a snapshot at index 0
2025-07-14 15:01:24,399 [9eae2efb-1df6-4ce6-ae9d-8504348dafa1@group-82905689EA19-StateMachineUpdater] INFO  impl.StateMachineUpdater (StateMachineUpdater.java:lambda$new$0(101)) - 9eae2efb-1df6-4ce6-ae9d-8504348dafa1@group-82905689EA19-StateMachineUpdater: snapshotIndex: updateIncreasingly -1 -> 0
2025-07-14 15:01:24,913 [ac481237-f71e-4eeb-9120-a6c52bf83f13@group-E88DC94DCCFD-FollowerState] INFO  impl.FollowerState (FollowerState.java:runImpl(161)) - ac481237-f71e-4eeb-9120-a6c52bf83f13@group-E88DC94DCCFD-FollowerState: change to CANDIDATE, lastRpcElapsedTime:1068403180ns, electionTimeout:1068ms
2025-07-14 15:01:24,913 [ac481237-f71e-4eeb-9120-a6c52bf83f13@group-E88DC94DCCFD-FollowerState] INFO  impl.RoleInfo (RoleInfo.java:shutdownFollowerState(121)) - ac481237-f71e-4eeb-9120-a6c52bf83f13: shutdown ac481237-f71e-4eeb-9120-a6c52bf83f13@group-E88DC94DCCFD-FollowerState
2025-07-14 15:01:24,913 [ac481237-f71e-4eeb-9120-a6c52bf83f13@group-E88DC94DCCFD-FollowerState] INFO  server.RaftServer$Division (RaftServerImpl.java:setRole(392)) - ac481237-f71e-4eeb-9120-a6c52bf83f13@group-E88DC94DCCFD: changes role from  FOLLOWER to CANDIDATE at term 0 for changeToCandidate
2025-07-14 15:01:24,913 [ac481237-f71e-4eeb-9120-a6c52bf83f13@group-E88DC94DCCFD-FollowerState] INFO  impl.RoleInfo (RoleInfo.java:updateAndGet(148)) - ac481237-f71e-4eeb-9120-a6c52bf83f13: start ac481237-f71e-4eeb-9120-a6c52bf83f13@group-E88DC94DCCFD-LeaderElection30
2025-07-14 15:01:24,913 [ac481237-f71e-4eeb-9120-a6c52bf83f13@group-E88DC94DCCFD-LeaderElection30] INFO  impl.LeaderElection (LeaderElection.java:askForVotes(448)) - ac481237-f71e-4eeb-9120-a6c52bf83f13@group-E88DC94DCCFD-LeaderElection30 PRE_VOTE round 0: submit vote requests at term 0 for conf: {index: -1, cur=peers:[ac481237-f71e-4eeb-9120-a6c52bf83f13|127.0.0.1:15063]|listeners:[], old=null}
2025-07-14 15:01:24,913 [ac481237-f71e-4eeb-9120-a6c52bf83f13@group-E88DC94DCCFD-LeaderElection30] INFO  impl.LeaderElection (LeaderElection.java:askForVotes(450)) - ac481237-f71e-4eeb-9120-a6c52bf83f13@group-E88DC94DCCFD-LeaderElection30 PRE_VOTE round 0: result PASSED (term=0)
2025-07-14 15:01:24,915 [ac481237-f71e-4eeb-9120-a6c52bf83f13@group-E88DC94DCCFD-LeaderElection30] INFO  impl.LeaderElection (LeaderElection.java:askForVotes(448)) - ac481237-f71e-4eeb-9120-a6c52bf83f13@group-E88DC94DCCFD-LeaderElection30 ELECTION round 0: submit vote requests at term 1 for conf: {index: -1, cur=peers:[ac481237-f71e-4eeb-9120-a6c52bf83f13|127.0.0.1:15063]|listeners:[], old=null}
2025-07-14 15:01:24,915 [ac481237-f71e-4eeb-9120-a6c52bf83f13@group-E88DC94DCCFD-LeaderElection30] INFO  impl.LeaderElection (LeaderElection.java:askForVotes(450)) - ac481237-f71e-4eeb-9120-a6c52bf83f13@group-E88DC94DCCFD-LeaderElection30 ELECTION round 0: result PASSED (term=1)
2025-07-14 15:01:24,915 [ac481237-f71e-4eeb-9120-a6c52bf83f13@group-E88DC94DCCFD-LeaderElection30] INFO  impl.RoleInfo (RoleInfo.java:shutdownLeaderElection(141)) - ac481237-f71e-4eeb-9120-a6c52bf83f13: shutdown ac481237-f71e-4eeb-9120-a6c52bf83f13@group-E88DC94DCCFD-LeaderElection30
2025-07-14 15:01:24,915 [ac481237-f71e-4eeb-9120-a6c52bf83f13@group-E88DC94DCCFD-LeaderElection30] INFO  server.RaftServer$Division (RaftServerImpl.java:setRole(392)) - ac481237-f71e-4eeb-9120-a6c52bf83f13@group-E88DC94DCCFD: changes role from CANDIDATE to LEADER at term 1 for changeToLeader
2025-07-14 15:01:24,915 [ac481237-f71e-4eeb-9120-a6c52bf83f13@group-E88DC94DCCFD-LeaderElection30] INFO  server.RaftServerConfigKeys (ConfUtils.java:logFallback(69)) - raft.server.staging.timeout = 15600ms (fallback to raft.server.rpc.timeout.max)
2025-07-14 15:01:24,915 [ac481237-f71e-4eeb-9120-a6c52bf83f13@group-E88DC94DCCFD-LeaderElection30] INFO  server.RaftServerConfigKeys (ConfUtils.java:logGet(62)) - raft.server.write.byte-limit = 1024 M (=1073741824) (custom)
2025-07-14 15:01:24,916 [ac481237-f71e-4eeb-9120-a6c52bf83f13@group-E88DC94DCCFD-LeaderElection30] INFO  impl.RoleInfo (RoleInfo.java:updateAndGet(148)) - ac481237-f71e-4eeb-9120-a6c52bf83f13: start ac481237-f71e-4eeb-9120-a6c52bf83f13@group-E88DC94DCCFD-LeaderStateImpl
2025-07-14 15:01:24,916 [ac481237-f71e-4eeb-9120-a6c52bf83f13@group-E88DC94DCCFD-LeaderElection30] INFO  server.RaftServer$Division (RaftServerImpl.java:setFirstElection(576)) - ac481237-f71e-4eeb-9120-a6c52bf83f13@group-E88DC94DCCFD: set firstElectionSinceStartup to false for becomeLeader
2025-07-14 15:01:24,916 [ac481237-f71e-4eeb-9120-a6c52bf83f13@group-E88DC94DCCFD-LeaderElection30] INFO  ratis.XceiverServerRatis (XceiverServerRatis.java:handleLeaderChangedNotification(944)) - Leader change notification received for group: group-E88DC94DCCFD with new leaderId: ac481237-f71e-4eeb-9120-a6c52bf83f13
2025-07-14 15:01:24,916 [ac481237-f71e-4eeb-9120-a6c52bf83f13@group-E88DC94DCCFD-LeaderElection30] INFO  server.RaftServer$Division (ServerState.java:setLeader(272)) - ac481237-f71e-4eeb-9120-a6c52bf83f13@group-E88DC94DCCFD: change Leader from null to ac481237-f71e-4eeb-9120-a6c52bf83f13 at term 1 for becomeLeader, leader elected after 1088ms
2025-07-14 15:01:24,916 [ac481237-f71e-4eeb-9120-a6c52bf83f13@group-E88DC94DCCFD-LeaderElection30] INFO  segmented.SegmentedRaftLogWorker (SegmentedRaftLogWorker.java:startLogSegment(440)) - ac481237-f71e-4eeb-9120-a6c52bf83f13@group-E88DC94DCCFD-SegmentedRaftLogWorker: Starting segment from index:0
2025-07-14 15:01:24,916 [ac481237-f71e-4eeb-9120-a6c52bf83f13@group-E88DC94DCCFD-LeaderElection30] INFO  server.RaftServer$Division (ServerState.java:setRaftConf(386)) - ac481237-f71e-4eeb-9120-a6c52bf83f13@group-E88DC94DCCFD: set configuration conf: {index: 0, cur=peers:[ac481237-f71e-4eeb-9120-a6c52bf83f13|127.0.0.1:15063]|listeners:[], old=null}
2025-07-14 15:01:24,917 [ac481237-f71e-4eeb-9120-a6c52bf83f13@group-E88DC94DCCFD-SegmentedRaftLogWorker] INFO  segmented.BufferedWriteChannel (BufferedWriteChannel.java:open(61)) - open log_inprogress_0 at position 0
2025-07-14 15:01:24,926 [ac481237-f71e-4eeb-9120-a6c52bf83f13@group-E88DC94DCCFD-SegmentedRaftLogWorker] INFO  segmented.SegmentedRaftLogWorker (SegmentedRaftLogWorker.java:execute(647)) - ac481237-f71e-4eeb-9120-a6c52bf83f13@group-E88DC94DCCFD-SegmentedRaftLogWorker: created new log segment /home/runner/work/ozone/ozone/hadoop-ozone/integration-test/target/test-dir/MiniOzoneClusterImpl-aaa7dc72-7fbf-48e0-acc5-129182712624/ozone-meta/datanode-7/ratis2f800b45-45bc-45dc-b6ff-7f8e692838a6/5ac63efd-a56e-4eec-bc04-e88dc94dccfd/current/log_inprogress_0
2025-07-14 15:01:24,927 [ac481237-f71e-4eeb-9120-a6c52bf83f13@group-E88DC94DCCFD-StateMachineUpdater] INFO  server.RaftServer$Division (LeaderStateImpl.java:checkStartIndex(309)) - Leader ac481237-f71e-4eeb-9120-a6c52bf83f13@group-E88DC94DCCFD-LeaderStateImpl is ready since appliedIndex == startIndex == 0
2025-07-14 15:01:24,927 [ac481237-f71e-4eeb-9120-a6c52bf83f13@group-E88DC94DCCFD-StateMachineUpdater] INFO  ratis.ContainerStateMachine (ContainerStateMachine.java:takeSnapshot(427)) - group-E88DC94DCCFD: Taking a snapshot at:(t:1, i:0) file /home/runner/work/ozone/ozone/hadoop-ozone/integration-test/target/test-dir/MiniOzoneClusterImpl-aaa7dc72-7fbf-48e0-acc5-129182712624/ozone-meta/datanode-7/ratis2f800b45-45bc-45dc-b6ff-7f8e692838a6/5ac63efd-a56e-4eec-bc04-e88dc94dccfd/sm/snapshot.1_0
2025-07-14 15:01:24,928 [ac481237-f71e-4eeb-9120-a6c52bf83f13@group-E88DC94DCCFD-StateMachineUpdater] INFO  ratis.ContainerStateMachine (ContainerStateMachine.java:takeSnapshot(436)) - group-E88DC94DCCFD: Finished taking a snapshot at:(t:1, i:0) file:/home/runner/work/ozone/ozone/hadoop-ozone/integration-test/target/test-dir/MiniOzoneClusterImpl-aaa7dc72-7fbf-48e0-acc5-129182712624/ozone-meta/datanode-7/ratis2f800b45-45bc-45dc-b6ff-7f8e692838a6/5ac63efd-a56e-4eec-bc04-e88dc94dccfd/sm/snapshot.1_0 took: 1 ms
2025-07-14 15:01:24,928 [ac481237-f71e-4eeb-9120-a6c52bf83f13@group-E88DC94DCCFD-StateMachineUpdater] INFO  impl.StateMachineUpdater (StateMachineUpdater.java:takeSnapshot(307)) - ac481237-f71e-4eeb-9120-a6c52bf83f13@group-E88DC94DCCFD-StateMachineUpdater: Took a snapshot at index 0
2025-07-14 15:01:24,928 [ac481237-f71e-4eeb-9120-a6c52bf83f13@group-E88DC94DCCFD-StateMachineUpdater] INFO  impl.StateMachineUpdater (StateMachineUpdater.java:lambda$new$0(101)) - ac481237-f71e-4eeb-9120-a6c52bf83f13@group-E88DC94DCCFD-StateMachineUpdater: snapshotIndex: updateIncreasingly -1 -> 0
2025-07-14 15:01:25,086 [a505560f-c589-4eb5-89aa-a89970ae9358@group-DB9D5F6E4001-FollowerState] INFO  impl.FollowerState (FollowerState.java:runImpl(161)) - a505560f-c589-4eb5-89aa-a89970ae9358@group-DB9D5F6E4001-FollowerState: change to CANDIDATE, lastRpcElapsedTime:1120445047ns, electionTimeout:1120ms
2025-07-14 15:01:25,086 [a505560f-c589-4eb5-89aa-a89970ae9358@group-DB9D5F6E4001-FollowerState] INFO  impl.RoleInfo (RoleInfo.java:shutdownFollowerState(121)) - a505560f-c589-4eb5-89aa-a89970ae9358: shutdown a505560f-c589-4eb5-89aa-a89970ae9358@group-DB9D5F6E4001-FollowerState
2025-07-14 15:01:25,086 [a505560f-c589-4eb5-89aa-a89970ae9358@group-DB9D5F6E4001-FollowerState] INFO  server.RaftServer$Division (RaftServerImpl.java:setRole(392)) - a505560f-c589-4eb5-89aa-a89970ae9358@group-DB9D5F6E4001: changes role from  FOLLOWER to CANDIDATE at term 0 for changeToCandidate
2025-07-14 15:01:25,087 [a505560f-c589-4eb5-89aa-a89970ae9358@group-DB9D5F6E4001-FollowerState] INFO  impl.RoleInfo (RoleInfo.java:updateAndGet(148)) - a505560f-c589-4eb5-89aa-a89970ae9358: start a505560f-c589-4eb5-89aa-a89970ae9358@group-DB9D5F6E4001-LeaderElection31
2025-07-14 15:01:25,087 [a505560f-c589-4eb5-89aa-a89970ae9358@group-DB9D5F6E4001-LeaderElection31] INFO  impl.LeaderElection (LeaderElection.java:askForVotes(448)) - a505560f-c589-4eb5-89aa-a89970ae9358@group-DB9D5F6E4001-LeaderElection31 PRE_VOTE round 0: submit vote requests at term 0 for conf: {index: -1, cur=peers:[a505560f-c589-4eb5-89aa-a89970ae9358|127.0.0.1:15039]|listeners:[], old=null}
2025-07-14 15:01:25,087 [a505560f-c589-4eb5-89aa-a89970ae9358@group-DB9D5F6E4001-LeaderElection31] INFO  impl.LeaderElection (LeaderElection.java:askForVotes(450)) - a505560f-c589-4eb5-89aa-a89970ae9358@group-DB9D5F6E4001-LeaderElection31 PRE_VOTE round 0: result PASSED (term=0)
2025-07-14 15:01:25,088 [a505560f-c589-4eb5-89aa-a89970ae9358@group-DB9D5F6E4001-LeaderElection31] INFO  impl.LeaderElection (LeaderElection.java:askForVotes(448)) - a505560f-c589-4eb5-89aa-a89970ae9358@group-DB9D5F6E4001-LeaderElection31 ELECTION round 0: submit vote requests at term 1 for conf: {index: -1, cur=peers:[a505560f-c589-4eb5-89aa-a89970ae9358|127.0.0.1:15039]|listeners:[], old=null}
2025-07-14 15:01:25,088 [a505560f-c589-4eb5-89aa-a89970ae9358@group-DB9D5F6E4001-LeaderElection31] INFO  impl.LeaderElection (LeaderElection.java:askForVotes(450)) - a505560f-c589-4eb5-89aa-a89970ae9358@group-DB9D5F6E4001-LeaderElection31 ELECTION round 0: result PASSED (term=1)
2025-07-14 15:01:25,089 [a505560f-c589-4eb5-89aa-a89970ae9358@group-DB9D5F6E4001-LeaderElection31] INFO  impl.RoleInfo (RoleInfo.java:shutdownLeaderElection(141)) - a505560f-c589-4eb5-89aa-a89970ae9358: shutdown a505560f-c589-4eb5-89aa-a89970ae9358@group-DB9D5F6E4001-LeaderElection31
2025-07-14 15:01:25,089 [a505560f-c589-4eb5-89aa-a89970ae9358@group-DB9D5F6E4001-LeaderElection31] INFO  server.RaftServer$Division (RaftServerImpl.java:setRole(392)) - a505560f-c589-4eb5-89aa-a89970ae9358@group-DB9D5F6E4001: changes role from CANDIDATE to LEADER at term 1 for changeToLeader
2025-07-14 15:01:25,089 [a505560f-c589-4eb5-89aa-a89970ae9358@group-DB9D5F6E4001-LeaderElection31] INFO  server.RaftServerConfigKeys (ConfUtils.java:logFallback(69)) - raft.server.staging.timeout = 15600ms (fallback to raft.server.rpc.timeout.max)
2025-07-14 15:01:25,089 [a505560f-c589-4eb5-89aa-a89970ae9358@group-DB9D5F6E4001-LeaderElection31] INFO  server.RaftServerConfigKeys (ConfUtils.java:logGet(62)) - raft.server.write.byte-limit = 1024 M (=1073741824) (custom)
2025-07-14 15:01:25,090 [a505560f-c589-4eb5-89aa-a89970ae9358@group-DB9D5F6E4001-LeaderElection31] INFO  impl.RoleInfo (RoleInfo.java:updateAndGet(148)) - a505560f-c589-4eb5-89aa-a89970ae9358: start a505560f-c589-4eb5-89aa-a89970ae9358@group-DB9D5F6E4001-LeaderStateImpl
2025-07-14 15:01:25,090 [a505560f-c589-4eb5-89aa-a89970ae9358@group-DB9D5F6E4001-LeaderElection31] INFO  server.RaftServer$Division (RaftServerImpl.java:setFirstElection(576)) - a505560f-c589-4eb5-89aa-a89970ae9358@group-DB9D5F6E4001: set firstElectionSinceStartup to false for becomeLeader
2025-07-14 15:01:25,090 [a505560f-c589-4eb5-89aa-a89970ae9358@group-DB9D5F6E4001-LeaderElection31] INFO  ratis.XceiverServerRatis (XceiverServerRatis.java:handleLeaderChangedNotification(944)) - Leader change notification received for group: group-DB9D5F6E4001 with new leaderId: a505560f-c589-4eb5-89aa-a89970ae9358
2025-07-14 15:01:25,090 [a505560f-c589-4eb5-89aa-a89970ae9358@group-DB9D5F6E4001-LeaderElection31] INFO  server.RaftServer$Division (ServerState.java:setLeader(272)) - a505560f-c589-4eb5-89aa-a89970ae9358@group-DB9D5F6E4001: change Leader from null to a505560f-c589-4eb5-89aa-a89970ae9358 at term 1 for becomeLeader, leader elected after 1140ms
2025-07-14 15:01:25,090 [a505560f-c589-4eb5-89aa-a89970ae9358@group-DB9D5F6E4001-LeaderElection31] INFO  segmented.SegmentedRaftLogWorker (SegmentedRaftLogWorker.java:startLogSegment(440)) - a505560f-c589-4eb5-89aa-a89970ae9358@group-DB9D5F6E4001-SegmentedRaftLogWorker: Starting segment from index:0
2025-07-14 15:01:25,090 [a505560f-c589-4eb5-89aa-a89970ae9358@group-DB9D5F6E4001-LeaderElection31] INFO  server.RaftServer$Division (ServerState.java:setRaftConf(386)) - a505560f-c589-4eb5-89aa-a89970ae9358@group-DB9D5F6E4001: set configuration conf: {index: 0, cur=peers:[a505560f-c589-4eb5-89aa-a89970ae9358|127.0.0.1:15039]|listeners:[], old=null}
2025-07-14 15:01:25,090 [a505560f-c589-4eb5-89aa-a89970ae9358@group-DB9D5F6E4001-SegmentedRaftLogWorker] INFO  segmented.BufferedWriteChannel (BufferedWriteChannel.java:open(61)) - open log_inprogress_0 at position 0
2025-07-14 15:01:25,098 [a505560f-c589-4eb5-89aa-a89970ae9358@group-DB9D5F6E4001-SegmentedRaftLogWorker] INFO  segmented.SegmentedRaftLogWorker (SegmentedRaftLogWorker.java:execute(647)) - a505560f-c589-4eb5-89aa-a89970ae9358@group-DB9D5F6E4001-SegmentedRaftLogWorker: created new log segment /home/runner/work/ozone/ozone/hadoop-ozone/integration-test/target/test-dir/MiniOzoneClusterImpl-aaa7dc72-7fbf-48e0-acc5-129182712624/ozone-meta/datanode-4/ratisba26d9b5-73bc-4f55-8c12-38b59127a25e/c32749f1-9bc6-4bb5-90a9-db9d5f6e4001/current/log_inprogress_0
2025-07-14 15:01:25,100 [a505560f-c589-4eb5-89aa-a89970ae9358@group-DB9D5F6E4001-StateMachineUpdater] INFO  server.RaftServer$Division (LeaderStateImpl.java:checkStartIndex(309)) - Leader a505560f-c589-4eb5-89aa-a89970ae9358@group-DB9D5F6E4001-LeaderStateImpl is ready since appliedIndex == startIndex == 0
2025-07-14 15:01:25,100 [a505560f-c589-4eb5-89aa-a89970ae9358@group-DB9D5F6E4001-StateMachineUpdater] INFO  ratis.ContainerStateMachine (ContainerStateMachine.java:takeSnapshot(427)) - group-DB9D5F6E4001: Taking a snapshot at:(t:1, i:0) file /home/runner/work/ozone/ozone/hadoop-ozone/integration-test/target/test-dir/MiniOzoneClusterImpl-aaa7dc72-7fbf-48e0-acc5-129182712624/ozone-meta/datanode-4/ratisba26d9b5-73bc-4f55-8c12-38b59127a25e/c32749f1-9bc6-4bb5-90a9-db9d5f6e4001/sm/snapshot.1_0
2025-07-14 15:01:25,101 [a505560f-c589-4eb5-89aa-a89970ae9358@group-DB9D5F6E4001-StateMachineUpdater] INFO  ratis.ContainerStateMachine (ContainerStateMachine.java:takeSnapshot(436)) - group-DB9D5F6E4001: Finished taking a snapshot at:(t:1, i:0) file:/home/runner/work/ozone/ozone/hadoop-ozone/integration-test/target/test-dir/MiniOzoneClusterImpl-aaa7dc72-7fbf-48e0-acc5-129182712624/ozone-meta/datanode-4/ratisba26d9b5-73bc-4f55-8c12-38b59127a25e/c32749f1-9bc6-4bb5-90a9-db9d5f6e4001/sm/snapshot.1_0 took: 0 ms
2025-07-14 15:01:25,101 [a505560f-c589-4eb5-89aa-a89970ae9358@group-DB9D5F6E4001-StateMachineUpdater] INFO  impl.StateMachineUpdater (StateMachineUpdater.java:takeSnapshot(307)) - a505560f-c589-4eb5-89aa-a89970ae9358@group-DB9D5F6E4001-StateMachineUpdater: Took a snapshot at index 0
2025-07-14 15:01:25,101 [a505560f-c589-4eb5-89aa-a89970ae9358@group-DB9D5F6E4001-StateMachineUpdater] INFO  impl.StateMachineUpdater (StateMachineUpdater.java:lambda$new$0(101)) - a505560f-c589-4eb5-89aa-a89970ae9358@group-DB9D5F6E4001-StateMachineUpdater: snapshotIndex: updateIncreasingly -1 -> 0
2025-07-14 15:01:25,342 [grpc-default-executor-5] WARN  server.GrpcServerProtocolService (LogUtils.java:warn(129)) - a505560f-c589-4eb5-89aa-a89970ae9358: Failed APPEND_ENTRIES request 77d16558-8a68-4655-9235-107e22ba3c38->a505560f-c589-4eb5-89aa-a89970ae9358#58-t2,previous=(t:1, i:4),leaderCommit=6,initializing? false,entries: size=2, first=(t:2, i:5), CONFIGURATIONENTRY(current:id:"77d16558-8a68-4655-9235-107e22ba3c38"address:"127.0.0.1:15047"dataStreamAddress:"127.0.0.1:15048"clientAddress:"127.0.0.1:15045"adminAddress:"127.0.0.1:15046"startupRole:FOLLOWER, id:"52f0bf1a-a22c-4dfc-83f0-dd23f5b60a86"address:"127.0.0.1:15055"dataStreamAddress:"127.0.0.1:15056"clientAddress:"127.0.0.1:15053"adminAddress:"127.0.0.1:15054"startupRole:FOLLOWER, id:"a505560f-c589-4eb5-89aa-a89970ae9358"address:"127.0.0.1:15039"priority:1dataStreamAddress:"127.0.0.1:15040"clientAddress:"127.0.0.1:15037"adminAddress:"127.0.0.1:15038"startupRole:FOLLOWER, old:)
java.util.concurrent.CompletionException: org.apache.ratis.protocol.exceptions.GroupMismatchException: a505560f-c589-4eb5-89aa-a89970ae9358: group-B771F555DC8D not found.
	at java.base/java.util.concurrent.CompletableFuture.encodeThrowable(CompletableFuture.java:332)
	at java.base/java.util.concurrent.CompletableFuture.uniComposeStage(CompletableFuture.java:1177)
	at java.base/java.util.concurrent.CompletableFuture.thenCompose(CompletableFuture.java:2341)
	at org.apache.ratis.server.impl.RaftServerProxy.appendEntriesAsync(RaftServerProxy.java:651)
	at org.apache.ratis.grpc.server.GrpcServerProtocolService$1.process(GrpcServerProtocolService.java:245)
	at org.apache.ratis.grpc.server.GrpcServerProtocolService$1.process(GrpcServerProtocolService.java:242)
	at org.apache.ratis.grpc.server.GrpcServerProtocolService$ServerRequestStreamObserver.onNext(GrpcServerProtocolService.java:150)
	at org.apache.ratis.thirdparty.io.grpc.stub.ServerCalls$StreamingServerCallHandler$StreamingServerCallListener.onMessage(ServerCalls.java:262)
	at org.apache.ratis.thirdparty.io.grpc.internal.ServerCallImpl$ServerStreamListenerImpl.messagesAvailableInternal(ServerCallImpl.java:334)
	at org.apache.ratis.thirdparty.io.grpc.internal.ServerCallImpl$ServerStreamListenerImpl.messagesAvailable(ServerCallImpl.java:319)
	at org.apache.ratis.thirdparty.io.grpc.internal.ServerImpl$JumpToApplicationThreadServerStreamListener$1MessagesAvailable.runInContext(ServerImpl.java:834)
	at org.apache.ratis.thirdparty.io.grpc.internal.ContextRunnable.run(ContextRunnable.java:37)
	at org.apache.ratis.thirdparty.io.grpc.internal.SerializingExecutor.run(SerializingExecutor.java:133)
	at java.base/java.util.concurrent.ThreadPoolExecutor.runWorker(ThreadPoolExecutor.java:1144)
	at java.base/java.util.concurrent.ThreadPoolExecutor$Worker.run(ThreadPoolExecutor.java:642)
	at java.base/java.lang.Thread.run(Thread.java:1583)
Caused by: org.apache.ratis.protocol.exceptions.GroupMismatchException: a505560f-c589-4eb5-89aa-a89970ae9358: group-B771F555DC8D not found.
	at org.apache.ratis.server.impl.RaftServerProxy$ImplMap.get(RaftServerProxy.java:160)
	at org.apache.ratis.server.impl.RaftServerProxy.getImplFuture(RaftServerProxy.java:370)
	at org.apache.ratis.server.impl.RaftServerProxy.appendEntriesAsync(RaftServerProxy.java:650)
	... 12 more
2025-07-14 15:01:25,344 [grpc-default-executor-5] INFO  leader.LogAppender (LogAppenderBase.java:lambda$getNextIndexForError$0(215)) - Decrease nextIndex to 5
2025-07-14 15:01:25,344 [grpc-default-executor-5] INFO  leader.LogAppender (LogAppenderBase.java:lambda$getNextIndexForError$0(215)) - Decrease nextIndex to 5
2025-07-14 15:01:25,344 [grpc-default-executor-5] INFO  leader.FollowerInfo (FollowerInfoImpl.java:info(70)) - 77d16558-8a68-4655-9235-107e22ba3c38@group-B771F555DC8D->a505560f-c589-4eb5-89aa-a89970ae9358: computeNextIndex nextIndex: updateUnconditionally 7 -> 5
2025-07-14 15:01:25,694 [77d16558-8a68-4655-9235-107e22ba3c38@group-66EA1A40B3A7-StateMachineUpdater] INFO  ratis.ContainerStateMachine (ContainerStateMachine.java:takeSnapshot(427)) - group-66EA1A40B3A7: Taking a snapshot at:(t:1, i:14) file /home/runner/work/ozone/ozone/hadoop-ozone/integration-test/target/test-dir/MiniOzoneClusterImpl-aaa7dc72-7fbf-48e0-acc5-129182712624/ozone-meta/datanode-5/ratis/a63a7d38-be8c-449b-928f-66ea1a40b3a7/sm/snapshot.1_14
2025-07-14 15:01:25,695 [77d16558-8a68-4655-9235-107e22ba3c38@group-66EA1A40B3A7-StateMachineUpdater] INFO  ratis.ContainerStateMachine (ContainerStateMachine.java:takeSnapshot(436)) - group-66EA1A40B3A7: Finished taking a snapshot at:(t:1, i:14) file:/home/runner/work/ozone/ozone/hadoop-ozone/integration-test/target/test-dir/MiniOzoneClusterImpl-aaa7dc72-7fbf-48e0-acc5-129182712624/ozone-meta/datanode-5/ratis/a63a7d38-be8c-449b-928f-66ea1a40b3a7/sm/snapshot.1_14 took: 1 ms
2025-07-14 15:01:25,696 [77d16558-8a68-4655-9235-107e22ba3c38@group-66EA1A40B3A7-StateMachineUpdater] INFO  impl.SimpleStateMachineStorage (SimpleStateMachineStorage.java:lambda$cleanupOldSnapshots$1(126)) - Deleting old snapshot at /home/runner/work/ozone/ozone/hadoop-ozone/integration-test/target/test-dir/MiniOzoneClusterImpl-aaa7dc72-7fbf-48e0-acc5-129182712624/ozone-meta/datanode-5/ratis/a63a7d38-be8c-449b-928f-66ea1a40b3a7/sm/snapshot.1_1
2025-07-14 15:01:25,696 [77d16558-8a68-4655-9235-107e22ba3c38@group-66EA1A40B3A7-StateMachineUpdater] INFO  impl.StateMachineUpdater (StateMachineUpdater.java:takeSnapshot(307)) - 77d16558-8a68-4655-9235-107e22ba3c38@group-66EA1A40B3A7-StateMachineUpdater: Took a snapshot at index 14
2025-07-14 15:01:25,696 [77d16558-8a68-4655-9235-107e22ba3c38@group-66EA1A40B3A7-StateMachineUpdater] INFO  impl.StateMachineUpdater (StateMachineUpdater.java:lambda$new$0(101)) - 77d16558-8a68-4655-9235-107e22ba3c38@group-66EA1A40B3A7-StateMachineUpdater: snapshotIndex: updateIncreasingly 10 -> 14
2025-07-14 15:01:25,978 [BackgroundPipelineScrubber] INFO  pipeline.PipelineManagerImpl (PipelineManagerImpl.java:scrubPipelines(602)) - Scrubbing pipeline: id: Pipeline-9b2abbda-a599-4d5c-9f68-1aebb7792e6d since it stays at CLOSED stage.
2025-07-14 15:01:25,979 [BackgroundPipelineScrubber] INFO  pipeline.RatisPipelineProvider (RatisPipelineProvider.java:lambda$close$4(273)) - Send pipeline:Pipeline-9b2abbda-a599-4d5c-9f68-1aebb7792e6d close command to datanode 9eae2efb-1df6-4ce6-ae9d-8504348dafa1
2025-07-14 15:01:25,979 [BackgroundPipelineScrubber] INFO  pipeline.RatisPipelineProvider (RatisPipelineProvider.java:lambda$close$4(273)) - Send pipeline:Pipeline-9b2abbda-a599-4d5c-9f68-1aebb7792e6d close command to datanode ac481237-f71e-4eeb-9120-a6c52bf83f13
2025-07-14 15:01:25,980 [BackgroundPipelineScrubber] INFO  pipeline.RatisPipelineProvider (RatisPipelineProvider.java:lambda$close$4(273)) - Send pipeline:Pipeline-9b2abbda-a599-4d5c-9f68-1aebb7792e6d close command to datanode 89a738d3-0145-4b42-8b1b-b5be9f604b49
2025-07-14 15:01:25,980 [BackgroundPipelineScrubber] INFO  pipeline.PipelineManagerImpl (PipelineManagerImpl.java:removePipeline(464)) - Pipeline Pipeline{ Id: 9b2abbda-a599-4d5c-9f68-1aebb7792e6d, Nodes: [ {9eae2efb-1df6-4ce6-ae9d-8504348dafa1(localhost/127.0.0.1), ReplicaIndex: 0}, {ac481237-f71e-4eeb-9120-a6c52bf83f13(localhost/127.0.0.1), ReplicaIndex: 0}, {89a738d3-0145-4b42-8b1b-b5be9f604b49(localhost/127.0.0.1), ReplicaIndex: 0},], ReplicationConfig: RATIS/THREE, State:CLOSED, leaderId:9eae2efb-1df6-4ce6-ae9d-8504348dafa1, CreationTimestamp2025-07-14T15:00:05.115Z[Etc/UTC]} removed.
2025-07-14 15:01:25,980 [BackgroundPipelineScrubber] INFO  pipeline.PipelineManagerImpl (PipelineManagerImpl.java:scrubPipelines(602)) - Scrubbing pipeline: id: Pipeline-2a96270d-5a4d-4083-9a90-eabb3b9fb711 since it stays at CLOSED stage.
2025-07-14 15:01:25,981 [BackgroundPipelineScrubber] INFO  pipeline.RatisPipelineProvider (RatisPipelineProvider.java:lambda$close$4(273)) - Send pipeline:Pipeline-2a96270d-5a4d-4083-9a90-eabb3b9fb711 close command to datanode 89a738d3-0145-4b42-8b1b-b5be9f604b49
2025-07-14 15:01:25,981 [BackgroundPipelineScrubber] INFO  pipeline.RatisPipelineProvider (RatisPipelineProvider.java:lambda$close$4(273)) - Send pipeline:Pipeline-2a96270d-5a4d-4083-9a90-eabb3b9fb711 close command to datanode 9eae2efb-1df6-4ce6-ae9d-8504348dafa1
2025-07-14 15:01:25,981 [BackgroundPipelineScrubber] INFO  pipeline.RatisPipelineProvider (RatisPipelineProvider.java:lambda$close$4(273)) - Send pipeline:Pipeline-2a96270d-5a4d-4083-9a90-eabb3b9fb711 close command to datanode ac481237-f71e-4eeb-9120-a6c52bf83f13
2025-07-14 15:01:25,981 [BackgroundPipelineScrubber] INFO  pipeline.PipelineManagerImpl (PipelineManagerImpl.java:removePipeline(464)) - Pipeline Pipeline{ Id: 2a96270d-5a4d-4083-9a90-eabb3b9fb711, Nodes: [ {89a738d3-0145-4b42-8b1b-b5be9f604b49(localhost/127.0.0.1), ReplicaIndex: 0}, {9eae2efb-1df6-4ce6-ae9d-8504348dafa1(localhost/127.0.0.1), ReplicaIndex: 0}, {ac481237-f71e-4eeb-9120-a6c52bf83f13(localhost/127.0.0.1), ReplicaIndex: 0},], ReplicationConfig: RATIS/THREE, State:CLOSED, leaderId:9eae2efb-1df6-4ce6-ae9d-8504348dafa1, CreationTimestamp2025-07-14T15:00:05.128Z[Etc/UTC]} removed.
2025-07-14 15:01:26,176 [EventQueue-PipelineReportForPipelineReportHandler] INFO  pipeline.PipelineReportHandler (PipelineReportHandler.java:handlePipelineNotFoundException(98)) - Pipeline Pipeline-2a96270d-5a4d-4083-9a90-eabb3b9fb711, reported by datanode 9eae2efb-1df6-4ce6-ae9d-8504348dafa1(localhost/127.0.0.1) is not found.
2025-07-14 15:01:26,176 [EventQueue-PipelineReportForPipelineReportHandler] INFO  pipeline.PipelineReportHandler (PipelineReportHandler.java:handlePipelineNotFoundException(98)) - Pipeline Pipeline-9b2abbda-a599-4d5c-9f68-1aebb7792e6d, reported by datanode 9eae2efb-1df6-4ce6-ae9d-8504348dafa1(localhost/127.0.0.1) is not found.
2025-07-14 15:01:26,292 [EventQueue-PipelineReportForPipelineReportHandler] INFO  pipeline.PipelineReportHandler (PipelineReportHandler.java:handlePipelineNotFoundException(98)) - Pipeline Pipeline-2a96270d-5a4d-4083-9a90-eabb3b9fb711, reported by datanode 89a738d3-0145-4b42-8b1b-b5be9f604b49(localhost/127.0.0.1) is not found.
2025-07-14 15:01:26,292 [EventQueue-PipelineReportForPipelineReportHandler] INFO  pipeline.PipelineReportHandler (PipelineReportHandler.java:handlePipelineNotFoundException(98)) - Pipeline Pipeline-9b2abbda-a599-4d5c-9f68-1aebb7792e6d, reported by datanode 89a738d3-0145-4b42-8b1b-b5be9f604b49(localhost/127.0.0.1) is not found.
2025-07-14 15:01:26,376 [EventQueue-PipelineReportForPipelineReportHandler] INFO  pipeline.PipelineReportHandler (PipelineReportHandler.java:handlePipelineNotFoundException(98)) - Pipeline Pipeline-2a96270d-5a4d-4083-9a90-eabb3b9fb711, reported by datanode 9eae2efb-1df6-4ce6-ae9d-8504348dafa1(localhost/127.0.0.1) is not found.
2025-07-14 15:01:26,376 [EventQueue-PipelineReportForPipelineReportHandler] INFO  pipeline.PipelineReportHandler (PipelineReportHandler.java:handlePipelineNotFoundException(98)) - Pipeline Pipeline-9b2abbda-a599-4d5c-9f68-1aebb7792e6d, reported by datanode 9eae2efb-1df6-4ce6-ae9d-8504348dafa1(localhost/127.0.0.1) is not found.
2025-07-14 15:01:26,493 [EventQueue-PipelineReportForPipelineReportHandler] INFO  pipeline.PipelineReportHandler (PipelineReportHandler.java:handlePipelineNotFoundException(98)) - Pipeline Pipeline-2a96270d-5a4d-4083-9a90-eabb3b9fb711, reported by datanode 89a738d3-0145-4b42-8b1b-b5be9f604b49(localhost/127.0.0.1) is not found.
2025-07-14 15:01:26,493 [EventQueue-PipelineReportForPipelineReportHandler] INFO  pipeline.PipelineReportHandler (PipelineReportHandler.java:handlePipelineNotFoundException(98)) - Pipeline Pipeline-9b2abbda-a599-4d5c-9f68-1aebb7792e6d, reported by datanode 89a738d3-0145-4b42-8b1b-b5be9f604b49(localhost/127.0.0.1) is not found.
2025-07-14 15:01:26,576 [EventQueue-PipelineReportForPipelineReportHandler] INFO  pipeline.PipelineReportHandler (PipelineReportHandler.java:handlePipelineNotFoundException(98)) - Pipeline Pipeline-2a96270d-5a4d-4083-9a90-eabb3b9fb711, reported by datanode 9eae2efb-1df6-4ce6-ae9d-8504348dafa1(localhost/127.0.0.1) is not found.
2025-07-14 15:01:26,576 [EventQueue-PipelineReportForPipelineReportHandler] INFO  pipeline.PipelineReportHandler (PipelineReportHandler.java:handlePipelineNotFoundException(98)) - Pipeline Pipeline-9b2abbda-a599-4d5c-9f68-1aebb7792e6d, reported by datanode 9eae2efb-1df6-4ce6-ae9d-8504348dafa1(localhost/127.0.0.1) is not found.
2025-07-14 15:01:26,578 [grpc-default-executor-5] WARN  server.RaftServer (RaftServerProxy.java:remove(111)) - ac481237-f71e-4eeb-9120-a6c52bf83f13: does not contain group: group-1AEBB7792E6D
2025-07-14 15:01:26,578 [grpc-default-executor-5] WARN  server.GrpcAdminProtocolService (GrpcAdminProtocolService.java:lambda$groupManagement$1(53)) - Failed groupManagement: GROUPREMOVE, GroupManagementRequest:client-4B6045228F44->ac481237-f71e-4eeb-9120-a6c52bf83f13@group-1AEBB7792E6D, cid=173, seq=null, RW, null, Remove:group-1AEBB7792E6D, delete-dir
org.apache.ratis.protocol.exceptions.GroupMismatchException: ac481237-f71e-4eeb-9120-a6c52bf83f13: Group group-1AEBB7792E6D not found.
	at org.apache.ratis.server.impl.RaftServerProxy.groupRemoveAsync(RaftServerProxy.java:548)
	at org.apache.ratis.server.impl.RaftServerProxy.groupManagementAsync(RaftServerProxy.java:499)
	at org.apache.ratis.grpc.server.GrpcAdminProtocolService.lambda$groupManagement$0(GrpcAdminProtocolService.java:51)
	at org.apache.ratis.grpc.GrpcUtil.asyncCall(GrpcUtil.java:172)
	at org.apache.ratis.grpc.server.GrpcAdminProtocolService.groupManagement(GrpcAdminProtocolService.java:51)
	at org.apache.ratis.proto.grpc.AdminProtocolServiceGrpc$MethodHandlers.invoke(AdminProtocolServiceGrpc.java:701)
	at org.apache.ratis.thirdparty.io.grpc.stub.ServerCalls$UnaryServerCallHandler$UnaryServerCallListener.onHalfClose(ServerCalls.java:182)
	at org.apache.ratis.thirdparty.io.grpc.internal.ServerCallImpl$ServerStreamListenerImpl.halfClosed(ServerCallImpl.java:356)
	at org.apache.ratis.thirdparty.io.grpc.internal.ServerImpl$JumpToApplicationThreadServerStreamListener$1HalfClosed.runInContext(ServerImpl.java:861)
	at org.apache.ratis.thirdparty.io.grpc.internal.ContextRunnable.run(ContextRunnable.java:37)
	at org.apache.ratis.thirdparty.io.grpc.internal.SerializingExecutor.run(SerializingExecutor.java:133)
	at java.base/java.util.concurrent.ThreadPoolExecutor.runWorker(ThreadPoolExecutor.java:1144)
	at java.base/java.util.concurrent.ThreadPoolExecutor$Worker.run(ThreadPoolExecutor.java:642)
	at java.base/java.lang.Thread.run(Thread.java:1583)
2025-07-14 15:01:26,583 [grpc-default-executor-5] INFO  server.RaftServer (RaftServerProxy.java:remove(116)) - 89a738d3-0145-4b42-8b1b-b5be9f604b49: remove  FOLLOWER (RUNNING): 89a738d3-0145-4b42-8b1b-b5be9f604b49@group-1AEBB7792E6D:t1, leader=9eae2efb-1df6-4ce6-ae9d-8504348dafa1, voted=9eae2efb-1df6-4ce6-ae9d-8504348dafa1, raftlog=Memoized:89a738d3-0145-4b42-8b1b-b5be9f604b49@group-1AEBB7792E6D-SegmentedRaftLog:OPENED:c0:last(t:1, i:0), conf=conf: {index: 0, cur=peers:[9eae2efb-1df6-4ce6-ae9d-8504348dafa1|127.0.0.1:15079, ac481237-f71e-4eeb-9120-a6c52bf83f13|127.0.0.1:15063, 89a738d3-0145-4b42-8b1b-b5be9f604b49|127.0.0.1:15071]|listeners:[], old=null}
2025-07-14 15:01:26,584 [grpc-default-executor-5] INFO  server.RaftServer$Division (RaftServerImpl.java:lambda$close$1(527)) - 89a738d3-0145-4b42-8b1b-b5be9f604b49@group-1AEBB7792E6D: shutdown
2025-07-14 15:01:26,584 [grpc-default-executor-5] INFO  util.JmxRegister (JmxRegister.java:unregister(74)) - Successfully un-registered JMX Bean with object name Ratis:service=RaftServer,group=group-1AEBB7792E6D,id=89a738d3-0145-4b42-8b1b-b5be9f604b49
2025-07-14 15:01:26,584 [grpc-default-executor-5] INFO  impl.RoleInfo (RoleInfo.java:shutdownFollowerState(121)) - 89a738d3-0145-4b42-8b1b-b5be9f604b49: shutdown 89a738d3-0145-4b42-8b1b-b5be9f604b49@group-1AEBB7792E6D-FollowerState
2025-07-14 15:01:26,584 [grpc-default-executor-5] INFO  impl.StateMachineUpdater (StateMachineUpdater.java:stopAndJoin(163)) - 89a738d3-0145-4b42-8b1b-b5be9f604b49@group-1AEBB7792E6D-StateMachineUpdater: set stopIndex = 0
2025-07-14 15:01:26,584 [89a738d3-0145-4b42-8b1b-b5be9f604b49@group-1AEBB7792E6D-FollowerState] INFO  impl.FollowerState (FollowerState.java:runImpl(170)) - 89a738d3-0145-4b42-8b1b-b5be9f604b49@group-1AEBB7792E6D-FollowerState was interrupted
2025-07-14 15:01:26,584 [89a738d3-0145-4b42-8b1b-b5be9f604b49@group-1AEBB7792E6D-StateMachineUpdater] INFO  impl.StateMachineUpdater (StateMachineUpdater.java:stop(140)) - 89a738d3-0145-4b42-8b1b-b5be9f604b49@group-1AEBB7792E6D-StateMachineUpdater: closing ContainerStateMachine, lastApplied=(t:1, i:0)
2025-07-14 15:01:26,585 [89a738d3-0145-4b42-8b1b-b5be9f604b49@group-1AEBB7792E6D-cacheEviction-AwaitToRun] INFO  util.AwaitToRun (AwaitToRun.java:run(49)) - 89a738d3-0145-4b42-8b1b-b5be9f604b49@group-1AEBB7792E6D-cacheEviction-AwaitToRun-AwaitForSignal is interrupted
2025-07-14 15:01:26,623 [311b5faf-4d73-479d-9d03-a3296c64f810@group-08FC65E25187-StateMachineUpdater] INFO  ratis.ContainerStateMachine (ContainerStateMachine.java:takeSnapshot(427)) - group-08FC65E25187: Taking a snapshot at:(t:1, i:0) file /home/runner/work/ozone/ozone/hadoop-ozone/integration-test/target/test-dir/MiniOzoneClusterImpl-aaa7dc72-7fbf-48e0-acc5-129182712624/ozone-meta/datanode-1/ratis/101547ce-5b5c-4c10-beb7-08fc65e25187/sm/snapshot.1_0
2025-07-14 15:01:26,623 [ac481237-f71e-4eeb-9120-a6c52bf83f13@group-08FC65E25187-StateMachineUpdater] INFO  ratis.ContainerStateMachine (ContainerStateMachine.java:takeSnapshot(427)) - group-08FC65E25187: Taking a snapshot at:(t:1, i:0) file /home/runner/work/ozone/ozone/hadoop-ozone/integration-test/target/test-dir/MiniOzoneClusterImpl-aaa7dc72-7fbf-48e0-acc5-129182712624/ozone-meta/datanode-7/ratis2f800b45-45bc-45dc-b6ff-7f8e692838a6/101547ce-5b5c-4c10-beb7-08fc65e25187/sm/snapshot.1_0
2025-07-14 15:01:26,623 [ac481237-f71e-4eeb-9120-a6c52bf83f13@group-08FC65E25187-StateMachineUpdater] INFO  ratis.ContainerStateMachine (ContainerStateMachine.java:takeSnapshot(436)) - group-08FC65E25187: Finished taking a snapshot at:(t:1, i:0) file:/home/runner/work/ozone/ozone/hadoop-ozone/integration-test/target/test-dir/MiniOzoneClusterImpl-aaa7dc72-7fbf-48e0-acc5-129182712624/ozone-meta/datanode-7/ratis2f800b45-45bc-45dc-b6ff-7f8e692838a6/101547ce-5b5c-4c10-beb7-08fc65e25187/sm/snapshot.1_0 took: 1 ms
2025-07-14 15:01:26,623 [311b5faf-4d73-479d-9d03-a3296c64f810@group-08FC65E25187-StateMachineUpdater] INFO  ratis.ContainerStateMachine (ContainerStateMachine.java:takeSnapshot(436)) - group-08FC65E25187: Finished taking a snapshot at:(t:1, i:0) file:/home/runner/work/ozone/ozone/hadoop-ozone/integration-test/target/test-dir/MiniOzoneClusterImpl-aaa7dc72-7fbf-48e0-acc5-129182712624/ozone-meta/datanode-1/ratis/101547ce-5b5c-4c10-beb7-08fc65e25187/sm/snapshot.1_0 took: 1 ms
2025-07-14 15:01:26,623 [ac481237-f71e-4eeb-9120-a6c52bf83f13@group-08FC65E25187-StateMachineUpdater] INFO  impl.StateMachineUpdater (StateMachineUpdater.java:takeSnapshot(307)) - ac481237-f71e-4eeb-9120-a6c52bf83f13@group-08FC65E25187-StateMachineUpdater: Took a snapshot at index 0
2025-07-14 15:01:26,623 [ac481237-f71e-4eeb-9120-a6c52bf83f13@group-08FC65E25187-StateMachineUpdater] INFO  impl.StateMachineUpdater (StateMachineUpdater.java:lambda$new$0(101)) - ac481237-f71e-4eeb-9120-a6c52bf83f13@group-08FC65E25187-StateMachineUpdater: snapshotIndex: updateIncreasingly -1 -> 0
2025-07-14 15:01:26,623 [311b5faf-4d73-479d-9d03-a3296c64f810@group-08FC65E25187-StateMachineUpdater] INFO  impl.StateMachineUpdater (StateMachineUpdater.java:takeSnapshot(307)) - 311b5faf-4d73-479d-9d03-a3296c64f810@group-08FC65E25187-StateMachineUpdater: Took a snapshot at index 0
2025-07-14 15:01:26,624 [311b5faf-4d73-479d-9d03-a3296c64f810@group-08FC65E25187-StateMachineUpdater] INFO  impl.StateMachineUpdater (StateMachineUpdater.java:lambda$new$0(101)) - 311b5faf-4d73-479d-9d03-a3296c64f810@group-08FC65E25187-StateMachineUpdater: snapshotIndex: updateIncreasingly -1 -> 0
2025-07-14 15:01:26,693 [EventQueue-PipelineReportForPipelineReportHandler] INFO  pipeline.PipelineReportHandler (PipelineReportHandler.java:handlePipelineNotFoundException(98)) - Pipeline Pipeline-2a96270d-5a4d-4083-9a90-eabb3b9fb711, reported by datanode 89a738d3-0145-4b42-8b1b-b5be9f604b49(localhost/127.0.0.1) is not found.
2025-07-14 15:01:26,700 [grpc-default-executor-5] INFO  segmented.SegmentedRaftLogWorker (SegmentedRaftLogWorker.java:close(254)) - 89a738d3-0145-4b42-8b1b-b5be9f604b49@group-1AEBB7792E6D-SegmentedRaftLogWorker close()
2025-07-14 15:01:26,700 [grpc-default-executor-5] INFO  server.RaftServer$Division (RaftServerImpl.java:groupRemove(497)) - 89a738d3-0145-4b42-8b1b-b5be9f604b49@group-1AEBB7792E6D: Succeed to remove RaftStorageDirectory Storage Directory /home/runner/work/ozone/ozone/hadoop-ozone/integration-test/target/test-dir/MiniOzoneClusterImpl-aaa7dc72-7fbf-48e0-acc5-129182712624/ozone-meta/datanode-8/ratis/9b2abbda-a599-4d5c-9f68-1aebb7792e6d
2025-07-14 15:01:26,703 [9eae2efb-1df6-4ce6-ae9d-8504348dafa1-PipelineCommandHandlerThread-0] INFO  server.RaftServer (RaftServerProxy.java:remove(116)) - 9eae2efb-1df6-4ce6-ae9d-8504348dafa1: remove    LEADER (RUNNING): 9eae2efb-1df6-4ce6-ae9d-8504348dafa1@group-1AEBB7792E6D:t1, leader=9eae2efb-1df6-4ce6-ae9d-8504348dafa1, voted=9eae2efb-1df6-4ce6-ae9d-8504348dafa1, raftlog=Memoized:9eae2efb-1df6-4ce6-ae9d-8504348dafa1@group-1AEBB7792E6D-SegmentedRaftLog:OPENED:c0:last(t:1, i:0), conf=conf: {index: 0, cur=peers:[9eae2efb-1df6-4ce6-ae9d-8504348dafa1|127.0.0.1:15079, ac481237-f71e-4eeb-9120-a6c52bf83f13|127.0.0.1:15063, 89a738d3-0145-4b42-8b1b-b5be9f604b49|127.0.0.1:15071]|listeners:[], old=null}
2025-07-14 15:01:26,703 [9eae2efb-1df6-4ce6-ae9d-8504348dafa1-PipelineCommandHandlerThread-0] INFO  server.RaftServer$Division (RaftServerImpl.java:lambda$close$1(527)) - 9eae2efb-1df6-4ce6-ae9d-8504348dafa1@group-1AEBB7792E6D: shutdown
2025-07-14 15:01:26,703 [9eae2efb-1df6-4ce6-ae9d-8504348dafa1-PipelineCommandHandlerThread-0] INFO  util.JmxRegister (JmxRegister.java:unregister(74)) - Successfully un-registered JMX Bean with object name Ratis:service=RaftServer,group=group-1AEBB7792E6D,id=9eae2efb-1df6-4ce6-ae9d-8504348dafa1
2025-07-14 15:01:26,703 [9eae2efb-1df6-4ce6-ae9d-8504348dafa1-PipelineCommandHandlerThread-0] INFO  impl.RoleInfo (RoleInfo.java:shutdownLeaderState(103)) - 9eae2efb-1df6-4ce6-ae9d-8504348dafa1: shutdown 9eae2efb-1df6-4ce6-ae9d-8504348dafa1@group-1AEBB7792E6D-LeaderStateImpl
2025-07-14 15:01:26,703 [9eae2efb-1df6-4ce6-ae9d-8504348dafa1-PipelineCommandHandlerThread-0] INFO  impl.PendingRequests (PendingRequests.java:sendNotLeaderResponses(287)) - 9eae2efb-1df6-4ce6-ae9d-8504348dafa1@group-1AEBB7792E6D-PendingRequests: sendNotLeaderResponses
2025-07-14 15:01:26,703 [9eae2efb-1df6-4ce6-ae9d-8504348dafa1@group-1AEBB7792E6D->ac481237-f71e-4eeb-9120-a6c52bf83f13-GrpcLogAppender-LogAppenderDaemon] WARN  server.GrpcLogAppender (GrpcLogAppender.java:mayWait(300)) - 9eae2efb-1df6-4ce6-ae9d-8504348dafa1@group-1AEBB7792E6D->ac481237-f71e-4eeb-9120-a6c52bf83f13-GrpcLogAppender: Wait interrupted by java.lang.InterruptedException
2025-07-14 15:01:26,703 [9eae2efb-1df6-4ce6-ae9d-8504348dafa1@group-1AEBB7792E6D->89a738d3-0145-4b42-8b1b-b5be9f604b49-GrpcLogAppender-LogAppenderDaemon] WARN  server.GrpcLogAppender (GrpcLogAppender.java:mayWait(300)) - 9eae2efb-1df6-4ce6-ae9d-8504348dafa1@group-1AEBB7792E6D->89a738d3-0145-4b42-8b1b-b5be9f604b49-GrpcLogAppender: Wait interrupted by java.lang.InterruptedException
2025-07-14 15:01:26,705 [9eae2efb-1df6-4ce6-ae9d-8504348dafa1-PipelineCommandHandlerThread-0] INFO  impl.StateMachineUpdater (StateMachineUpdater.java:stopAndJoin(163)) - 9eae2efb-1df6-4ce6-ae9d-8504348dafa1@group-1AEBB7792E6D-StateMachineUpdater: set stopIndex = 0
2025-07-14 15:01:26,705 [9eae2efb-1df6-4ce6-ae9d-8504348dafa1@group-1AEBB7792E6D-StateMachineUpdater] INFO  impl.StateMachineUpdater (StateMachineUpdater.java:stop(140)) - 9eae2efb-1df6-4ce6-ae9d-8504348dafa1@group-1AEBB7792E6D-StateMachineUpdater: closing ContainerStateMachine, lastApplied=(t:1, i:0)
2025-07-14 15:01:26,705 [grpc-default-executor-5] INFO  server.GrpcServerProtocolService (GrpcServerProtocolService.java:lambda$onCompleted$6(171)) - 89a738d3-0145-4b42-8b1b-b5be9f604b49: Completed APPEND_ENTRIES, lastRequest: 9eae2efb-1df6-4ce6-ae9d-8504348dafa1->89a738d3-0145-4b42-8b1b-b5be9f604b49#1-t1,previous=<PROTO_DEFAULT>,leaderCommit=-1,initializing? false,entries: size=1, first=(t:1, i:0), CONFIGURATIONENTRY(current:id:"9eae2efb-1df6-4ce6-ae9d-8504348dafa1"address:"127.0.0.1:15079"priority:1dataStreamAddress:"127.0.0.1:15080"clientAddress:"127.0.0.1:15077"adminAddress:"127.0.0.1:15078"startupRole:FOLLOWER, id:"ac481237-f71e-4eeb-9120-a6c52bf83f13"address:"127.0.0.1:15063"dataStreamAddress:"127.0.0.1:15064"clientAddress:"127.0.0.1:15061"adminAddress:"127.0.0.1:15062"startupRole:FOLLOWER, id:"89a738d3-0145-4b42-8b1b-b5be9f604b49"address:"127.0.0.1:15071"dataStreamAddress:"127.0.0.1:15072"clientAddress:"127.0.0.1:15069"adminAddress:"127.0.0.1:15070"startupRole:FOLLOWER, old:) 
2025-07-14 15:01:26,706 [9eae2efb-1df6-4ce6-ae9d-8504348dafa1@group-1AEBB7792E6D-cacheEviction-AwaitToRun] INFO  util.AwaitToRun (AwaitToRun.java:run(49)) - 9eae2efb-1df6-4ce6-ae9d-8504348dafa1@group-1AEBB7792E6D-cacheEviction-AwaitToRun-AwaitForSignal is interrupted
2025-07-14 15:01:26,706 [grpc-default-executor-6] INFO  server.GrpcServerProtocolService (GrpcServerProtocolService.java:lambda$null$7(175)) - 89a738d3-0145-4b42-8b1b-b5be9f604b49: Completed APPEND_ENTRIES, lastReply: serverReply {
  requestorId: "9eae2efb-1df6-4ce6-ae9d-8504348dafa1"
  replyId: "89a738d3-0145-4b42-8b1b-b5be9f604b49"
  raftGroupId {
    id: "\233*\273\332\245\231M\\\237h\032\353\267y.m"
  }
  callId: 34
  success: true
}
term: 1
nextIndex: 1
matchIndex: 18446744073709551615
isHearbeat: true
 
2025-07-14 15:01:26,707 [grpc-default-executor-0] INFO  server.GrpcLogAppender (GrpcLogAppender.java:onCompleted(558)) - 9eae2efb-1df6-4ce6-ae9d-8504348dafa1@group-1AEBB7792E6D->89a738d3-0145-4b42-8b1b-b5be9f604b49-AppendLogResponseHandler: follower responses appendEntries COMPLETED
2025-07-14 15:01:26,708 [grpc-default-executor-6] INFO  server.GrpcLogAppender (GrpcLogAppender.java:onCompleted(558)) - 9eae2efb-1df6-4ce6-ae9d-8504348dafa1@group-1AEBB7792E6D->89a738d3-0145-4b42-8b1b-b5be9f604b49-AppendLogResponseHandler: follower responses appendEntries COMPLETED
2025-07-14 15:01:26,756 [89a738d3-0145-4b42-8b1b-b5be9f604b49@group-8278812FD17C-StateMachineUpdater] INFO  ratis.ContainerStateMachine (ContainerStateMachine.java:takeSnapshot(427)) - group-8278812FD17C: Taking a snapshot at:(t:1, i:0) file /home/runner/work/ozone/ozone/hadoop-ozone/integration-test/target/test-dir/MiniOzoneClusterImpl-aaa7dc72-7fbf-48e0-acc5-129182712624/ozone-meta/datanode-8/ratis/d76124df-e20b-4e11-8a25-8278812fd17c/sm/snapshot.1_0
2025-07-14 15:01:26,756 [9eae2efb-1df6-4ce6-ae9d-8504348dafa1@group-8278812FD17C-StateMachineUpdater] INFO  ratis.ContainerStateMachine (ContainerStateMachine.java:takeSnapshot(427)) - group-8278812FD17C: Taking a snapshot at:(t:1, i:0) file /home/runner/work/ozone/ozone/hadoop-ozone/integration-test/target/test-dir/MiniOzoneClusterImpl-aaa7dc72-7fbf-48e0-acc5-129182712624/ozone-meta/datanode-9/ratis/d76124df-e20b-4e11-8a25-8278812fd17c/sm/snapshot.1_0
2025-07-14 15:01:26,756 [89a738d3-0145-4b42-8b1b-b5be9f604b49@group-8278812FD17C-StateMachineUpdater] INFO  ratis.ContainerStateMachine (ContainerStateMachine.java:takeSnapshot(436)) - group-8278812FD17C: Finished taking a snapshot at:(t:1, i:0) file:/home/runner/work/ozone/ozone/hadoop-ozone/integration-test/target/test-dir/MiniOzoneClusterImpl-aaa7dc72-7fbf-48e0-acc5-129182712624/ozone-meta/datanode-8/ratis/d76124df-e20b-4e11-8a25-8278812fd17c/sm/snapshot.1_0 took: 1 ms
2025-07-14 15:01:26,756 [89a738d3-0145-4b42-8b1b-b5be9f604b49@group-8278812FD17C-StateMachineUpdater] INFO  impl.StateMachineUpdater (StateMachineUpdater.java:takeSnapshot(307)) - 89a738d3-0145-4b42-8b1b-b5be9f604b49@group-8278812FD17C-StateMachineUpdater: Took a snapshot at index 0
2025-07-14 15:01:26,757 [89a738d3-0145-4b42-8b1b-b5be9f604b49@group-8278812FD17C-StateMachineUpdater] INFO  impl.StateMachineUpdater (StateMachineUpdater.java:lambda$new$0(101)) - 89a738d3-0145-4b42-8b1b-b5be9f604b49@group-8278812FD17C-StateMachineUpdater: snapshotIndex: updateIncreasingly -1 -> 0
2025-07-14 15:01:26,757 [9eae2efb-1df6-4ce6-ae9d-8504348dafa1@group-8278812FD17C-StateMachineUpdater] INFO  ratis.ContainerStateMachine (ContainerStateMachine.java:takeSnapshot(436)) - group-8278812FD17C: Finished taking a snapshot at:(t:1, i:0) file:/home/runner/work/ozone/ozone/hadoop-ozone/integration-test/target/test-dir/MiniOzoneClusterImpl-aaa7dc72-7fbf-48e0-acc5-129182712624/ozone-meta/datanode-9/ratis/d76124df-e20b-4e11-8a25-8278812fd17c/sm/snapshot.1_0 took: 1 ms
2025-07-14 15:01:26,757 [9eae2efb-1df6-4ce6-ae9d-8504348dafa1@group-8278812FD17C-StateMachineUpdater] INFO  impl.StateMachineUpdater (StateMachineUpdater.java:takeSnapshot(307)) - 9eae2efb-1df6-4ce6-ae9d-8504348dafa1@group-8278812FD17C-StateMachineUpdater: Took a snapshot at index 0
2025-07-14 15:01:26,757 [9eae2efb-1df6-4ce6-ae9d-8504348dafa1@group-8278812FD17C-StateMachineUpdater] INFO  impl.StateMachineUpdater (StateMachineUpdater.java:lambda$new$0(101)) - 9eae2efb-1df6-4ce6-ae9d-8504348dafa1@group-8278812FD17C-StateMachineUpdater: snapshotIndex: updateIncreasingly -1 -> 0
2025-07-14 15:01:26,776 [EventQueue-PipelineReportForPipelineReportHandler] INFO  pipeline.PipelineReportHandler (PipelineReportHandler.java:handlePipelineNotFoundException(98)) - Pipeline Pipeline-2a96270d-5a4d-4083-9a90-eabb3b9fb711, reported by datanode 9eae2efb-1df6-4ce6-ae9d-8504348dafa1(localhost/127.0.0.1) is not found.
2025-07-14 15:01:26,776 [EventQueue-PipelineReportForPipelineReportHandler] INFO  pipeline.PipelineReportHandler (PipelineReportHandler.java:handlePipelineNotFoundException(98)) - Pipeline Pipeline-9b2abbda-a599-4d5c-9f68-1aebb7792e6d, reported by datanode 9eae2efb-1df6-4ce6-ae9d-8504348dafa1(localhost/127.0.0.1) is not found.
2025-07-14 15:01:26,893 [EventQueue-PipelineReportForPipelineReportHandler] INFO  pipeline.PipelineReportHandler (PipelineReportHandler.java:handlePipelineNotFoundException(98)) - Pipeline Pipeline-2a96270d-5a4d-4083-9a90-eabb3b9fb711, reported by datanode 89a738d3-0145-4b42-8b1b-b5be9f604b49(localhost/127.0.0.1) is not found.
2025-07-14 15:01:26,897 [0f2a098c-ed74-48ca-a55f-ceee6161c687@group-82905689EA19-StateMachineUpdater] INFO  ratis.ContainerStateMachine (ContainerStateMachine.java:takeSnapshot(427)) - group-82905689EA19: Taking a snapshot at:(t:1, i:0) file /home/runner/work/ozone/ozone/hadoop-ozone/integration-test/target/test-dir/MiniOzoneClusterImpl-aaa7dc72-7fbf-48e0-acc5-129182712624/ozone-meta/datanode-2/ratis/d00acf47-cef8-4671-b269-82905689ea19/sm/snapshot.1_0
2025-07-14 15:01:26,898 [b5acb6b3-ef2b-41db-9bfa-77a47d0ca582@group-82905689EA19-StateMachineUpdater] INFO  ratis.ContainerStateMachine (ContainerStateMachine.java:takeSnapshot(427)) - group-82905689EA19: Taking a snapshot at:(t:1, i:0) file /home/runner/work/ozone/ozone/hadoop-ozone/integration-test/target/test-dir/MiniOzoneClusterImpl-aaa7dc72-7fbf-48e0-acc5-129182712624/ozone-meta/datanode-3/ratis/d00acf47-cef8-4671-b269-82905689ea19/sm/snapshot.1_0
2025-07-14 15:01:26,898 [0f2a098c-ed74-48ca-a55f-ceee6161c687@group-82905689EA19-StateMachineUpdater] INFO  ratis.ContainerStateMachine (ContainerStateMachine.java:takeSnapshot(436)) - group-82905689EA19: Finished taking a snapshot at:(t:1, i:0) file:/home/runner/work/ozone/ozone/hadoop-ozone/integration-test/target/test-dir/MiniOzoneClusterImpl-aaa7dc72-7fbf-48e0-acc5-129182712624/ozone-meta/datanode-2/ratis/d00acf47-cef8-4671-b269-82905689ea19/sm/snapshot.1_0 took: 1 ms
2025-07-14 15:01:26,898 [0f2a098c-ed74-48ca-a55f-ceee6161c687@group-82905689EA19-StateMachineUpdater] INFO  impl.StateMachineUpdater (StateMachineUpdater.java:takeSnapshot(307)) - 0f2a098c-ed74-48ca-a55f-ceee6161c687@group-82905689EA19-StateMachineUpdater: Took a snapshot at index 0
2025-07-14 15:01:26,898 [0f2a098c-ed74-48ca-a55f-ceee6161c687@group-82905689EA19-StateMachineUpdater] INFO  impl.StateMachineUpdater (StateMachineUpdater.java:lambda$new$0(101)) - 0f2a098c-ed74-48ca-a55f-ceee6161c687@group-82905689EA19-StateMachineUpdater: snapshotIndex: updateIncreasingly -1 -> 0
2025-07-14 15:01:26,898 [b5acb6b3-ef2b-41db-9bfa-77a47d0ca582@group-82905689EA19-StateMachineUpdater] INFO  ratis.ContainerStateMachine (ContainerStateMachine.java:takeSnapshot(436)) - group-82905689EA19: Finished taking a snapshot at:(t:1, i:0) file:/home/runner/work/ozone/ozone/hadoop-ozone/integration-test/target/test-dir/MiniOzoneClusterImpl-aaa7dc72-7fbf-48e0-acc5-129182712624/ozone-meta/datanode-3/ratis/d00acf47-cef8-4671-b269-82905689ea19/sm/snapshot.1_0 took: 1 ms
2025-07-14 15:01:26,898 [b5acb6b3-ef2b-41db-9bfa-77a47d0ca582@group-82905689EA19-StateMachineUpdater] INFO  impl.StateMachineUpdater (StateMachineUpdater.java:takeSnapshot(307)) - b5acb6b3-ef2b-41db-9bfa-77a47d0ca582@group-82905689EA19-StateMachineUpdater: Took a snapshot at index 0
2025-07-14 15:01:26,899 [b5acb6b3-ef2b-41db-9bfa-77a47d0ca582@group-82905689EA19-StateMachineUpdater] INFO  impl.StateMachineUpdater (StateMachineUpdater.java:lambda$new$0(101)) - b5acb6b3-ef2b-41db-9bfa-77a47d0ca582@group-82905689EA19-StateMachineUpdater: snapshotIndex: updateIncreasingly -1 -> 0
2025-07-14 15:01:26,928 [timer6] WARN  server.GrpcLogAppender (GrpcLogAppender.java:timeoutAppendRequest(448)) - 9eae2efb-1df6-4ce6-ae9d-8504348dafa1@group-EABB3B9FB711->ac481237-f71e-4eeb-9120-a6c52bf83f13-GrpcLogAppender: Timed out HEARTBEAT appendEntries, errorCount=35, request=AppendEntriesRequest:cid=7120,entriesCount=0
2025-07-14 15:01:26,976 [EventQueue-PipelineReportForPipelineReportHandler] INFO  pipeline.PipelineReportHandler (PipelineReportHandler.java:handlePipelineNotFoundException(98)) - Pipeline Pipeline-2a96270d-5a4d-4083-9a90-eabb3b9fb711, reported by datanode 9eae2efb-1df6-4ce6-ae9d-8504348dafa1(localhost/127.0.0.1) is not found.
2025-07-14 15:01:27,093 [EventQueue-PipelineReportForPipelineReportHandler] INFO  pipeline.PipelineReportHandler (PipelineReportHandler.java:handlePipelineNotFoundException(98)) - Pipeline Pipeline-2a96270d-5a4d-4083-9a90-eabb3b9fb711, reported by datanode 89a738d3-0145-4b42-8b1b-b5be9f604b49(localhost/127.0.0.1) is not found.
2025-07-14 15:01:27,176 [EventQueue-PipelineReportForPipelineReportHandler] INFO  pipeline.PipelineReportHandler (PipelineReportHandler.java:handlePipelineNotFoundException(98)) - Pipeline Pipeline-2a96270d-5a4d-4083-9a90-eabb3b9fb711, reported by datanode 9eae2efb-1df6-4ce6-ae9d-8504348dafa1(localhost/127.0.0.1) is not found.
2025-07-14 15:01:27,295 [grpc-default-executor-5] INFO  server.RaftServer (RaftServerProxy.java:remove(116)) - 9eae2efb-1df6-4ce6-ae9d-8504348dafa1: remove    LEADER (RUNNING): 9eae2efb-1df6-4ce6-ae9d-8504348dafa1@group-EABB3B9FB711:t2, leader=9eae2efb-1df6-4ce6-ae9d-8504348dafa1, voted=9eae2efb-1df6-4ce6-ae9d-8504348dafa1, raftlog=Memoized:9eae2efb-1df6-4ce6-ae9d-8504348dafa1@group-EABB3B9FB711-SegmentedRaftLog:OPENED:c2:last(t:2, i:2), conf=conf: {index: 1, cur=peers:[9eae2efb-1df6-4ce6-ae9d-8504348dafa1|127.0.0.1:15079, 89a738d3-0145-4b42-8b1b-b5be9f604b49|127.0.0.1:15071, ac481237-f71e-4eeb-9120-a6c52bf83f13|127.0.0.1:15063]|listeners:[], old=null}
2025-07-14 15:01:27,295 [grpc-default-executor-5] INFO  server.RaftServer$Division (RaftServerImpl.java:lambda$close$1(527)) - 9eae2efb-1df6-4ce6-ae9d-8504348dafa1@group-EABB3B9FB711: shutdown
2025-07-14 15:01:27,295 [grpc-default-executor-5] INFO  util.JmxRegister (JmxRegister.java:unregister(74)) - Successfully un-registered JMX Bean with object name Ratis:service=RaftServer,group=group-EABB3B9FB711,id=9eae2efb-1df6-4ce6-ae9d-8504348dafa1
2025-07-14 15:01:27,296 [grpc-default-executor-5] INFO  impl.RoleInfo (RoleInfo.java:shutdownLeaderState(103)) - 9eae2efb-1df6-4ce6-ae9d-8504348dafa1: shutdown 9eae2efb-1df6-4ce6-ae9d-8504348dafa1@group-EABB3B9FB711-LeaderStateImpl
2025-07-14 15:01:27,296 [9eae2efb-1df6-4ce6-ae9d-8504348dafa1@group-EABB3B9FB711->89a738d3-0145-4b42-8b1b-b5be9f604b49-GrpcLogAppender-LogAppenderDaemon] WARN  server.GrpcLogAppender (GrpcLogAppender.java:mayWait(300)) - 9eae2efb-1df6-4ce6-ae9d-8504348dafa1@group-EABB3B9FB711->89a738d3-0145-4b42-8b1b-b5be9f604b49-GrpcLogAppender: Wait interrupted by java.lang.InterruptedException
2025-07-14 15:01:27,296 [9eae2efb-1df6-4ce6-ae9d-8504348dafa1@group-EABB3B9FB711->ac481237-f71e-4eeb-9120-a6c52bf83f13-GrpcLogAppender-LogAppenderDaemon] WARN  server.GrpcLogAppender (GrpcLogAppender.java:mayWait(300)) - 9eae2efb-1df6-4ce6-ae9d-8504348dafa1@group-EABB3B9FB711->ac481237-f71e-4eeb-9120-a6c52bf83f13-GrpcLogAppender: Wait interrupted by java.lang.InterruptedException
2025-07-14 15:01:27,296 [grpc-default-executor-5] INFO  impl.PendingRequests (PendingRequests.java:sendNotLeaderResponses(287)) - 9eae2efb-1df6-4ce6-ae9d-8504348dafa1@group-EABB3B9FB711-PendingRequests: sendNotLeaderResponses
2025-07-14 15:01:27,297 [grpc-default-executor-4] INFO  server.GrpcServerProtocolService (GrpcServerProtocolService.java:lambda$onCompleted$6(171)) - ac481237-f71e-4eeb-9120-a6c52bf83f13: Completed APPEND_ENTRIES, lastRequest: null 
2025-07-14 15:01:27,297 [grpc-default-executor-4] INFO  server.GrpcLogAppender (GrpcLogAppender.java:onCompleted(558)) - 9eae2efb-1df6-4ce6-ae9d-8504348dafa1@group-EABB3B9FB711->89a738d3-0145-4b42-8b1b-b5be9f604b49-AppendLogResponseHandler: follower responses appendEntries COMPLETED
2025-07-14 15:01:27,297 [grpc-default-executor-4] INFO  server.GrpcServerProtocolService (GrpcServerProtocolService.java:lambda$null$7(175)) - ac481237-f71e-4eeb-9120-a6c52bf83f13: Completed APPEND_ENTRIES, lastReply: null 
2025-07-14 15:01:27,297 [grpc-default-executor-3] INFO  server.GrpcLogAppender (GrpcLogAppender.java:onCompleted(558)) - 9eae2efb-1df6-4ce6-ae9d-8504348dafa1@group-EABB3B9FB711->89a738d3-0145-4b42-8b1b-b5be9f604b49-AppendLogResponseHandler: follower responses appendEntries COMPLETED
2025-07-14 15:01:27,298 [grpc-default-executor-5] INFO  impl.StateMachineUpdater (StateMachineUpdater.java:stopAndJoin(163)) - 9eae2efb-1df6-4ce6-ae9d-8504348dafa1@group-EABB3B9FB711-StateMachineUpdater: set stopIndex = 2
2025-07-14 15:01:27,298 [9eae2efb-1df6-4ce6-ae9d-8504348dafa1@group-EABB3B9FB711-StateMachineUpdater] INFO  impl.StateMachineUpdater (StateMachineUpdater.java:stop(140)) - 9eae2efb-1df6-4ce6-ae9d-8504348dafa1@group-EABB3B9FB711-StateMachineUpdater: closing ContainerStateMachine, lastApplied=(t:2, i:2)
2025-07-14 15:01:27,298 [9eae2efb-1df6-4ce6-ae9d-8504348dafa1@group-EABB3B9FB711-cacheEviction-AwaitToRun] INFO  util.AwaitToRun (AwaitToRun.java:run(49)) - 9eae2efb-1df6-4ce6-ae9d-8504348dafa1@group-EABB3B9FB711-cacheEviction-AwaitToRun-AwaitForSignal is interrupted
2025-07-14 15:01:27,298 [grpc-default-executor-4] INFO  server.GrpcLogAppender (GrpcLogAppender.java:onCompleted(558)) - 9eae2efb-1df6-4ce6-ae9d-8504348dafa1@group-EABB3B9FB711->ac481237-f71e-4eeb-9120-a6c52bf83f13-AppendLogResponseHandler: follower responses appendEntries COMPLETED
2025-07-14 15:01:27,298 [grpc-default-executor-4] INFO  leader.LogAppender (LogAppenderBase.java:lambda$getNextIndexForError$0(215)) - Decrease nextIndex to 0
2025-07-14 15:01:27,299 [grpc-default-executor-4] INFO  leader.LogAppender (LogAppenderBase.java:lambda$getNextIndexForError$0(215)) - Decrease nextIndex to 0
2025-07-14 15:01:27,299 [grpc-default-executor-4] INFO  leader.FollowerInfo (FollowerInfoImpl.java:info(70)) - 9eae2efb-1df6-4ce6-ae9d-8504348dafa1@group-EABB3B9FB711->ac481237-f71e-4eeb-9120-a6c52bf83f13: computeNextIndex nextIndex: updateUnconditionally 3 -> 0
2025-07-14 15:01:27,376 [EventQueue-PipelineReportForPipelineReportHandler] INFO  pipeline.PipelineReportHandler (PipelineReportHandler.java:handlePipelineNotFoundException(98)) - Pipeline Pipeline-2a96270d-5a4d-4083-9a90-eabb3b9fb711, reported by datanode 9eae2efb-1df6-4ce6-ae9d-8504348dafa1(localhost/127.0.0.1) is not found.
2025-07-14 15:01:27,493 [EventQueue-PipelineReportForPipelineReportHandler] INFO  pipeline.PipelineReportHandler (PipelineReportHandler.java:handlePipelineNotFoundException(98)) - Pipeline Pipeline-2a96270d-5a4d-4083-9a90-eabb3b9fb711, reported by datanode 89a738d3-0145-4b42-8b1b-b5be9f604b49(localhost/127.0.0.1) is not found.
2025-07-14 15:01:27,622 [grpc-default-executor-5] INFO  segmented.SegmentedRaftLogWorker (SegmentedRaftLogWorker.java:close(254)) - 9eae2efb-1df6-4ce6-ae9d-8504348dafa1@group-EABB3B9FB711-SegmentedRaftLogWorker close()
2025-07-14 15:01:27,623 [grpc-default-executor-5] INFO  server.RaftServer$Division (RaftServerImpl.java:groupRemove(497)) - 9eae2efb-1df6-4ce6-ae9d-8504348dafa1@group-EABB3B9FB711: Succeed to remove RaftStorageDirectory Storage Directory /home/runner/work/ozone/ozone/hadoop-ozone/integration-test/target/test-dir/MiniOzoneClusterImpl-aaa7dc72-7fbf-48e0-acc5-129182712624/ozone-meta/datanode-9/ratis/2a96270d-5a4d-4083-9a90-eabb3b9fb711
2025-07-14 15:01:27,629 [grpc-default-executor-5] WARN  server.RaftServer (RaftServerProxy.java:remove(111)) - ac481237-f71e-4eeb-9120-a6c52bf83f13: does not contain group: group-EABB3B9FB711
2025-07-14 15:01:27,629 [grpc-default-executor-5] WARN  server.GrpcAdminProtocolService (GrpcAdminProtocolService.java:lambda$groupManagement$1(53)) - Failed groupManagement: GROUPREMOVE, GroupManagementRequest:client-B06A4744BB16->ac481237-f71e-4eeb-9120-a6c52bf83f13@group-EABB3B9FB711, cid=176, seq=null, RW, null, Remove:group-EABB3B9FB711, delete-dir
org.apache.ratis.protocol.exceptions.GroupMismatchException: ac481237-f71e-4eeb-9120-a6c52bf83f13: Group group-EABB3B9FB711 not found.
	at org.apache.ratis.server.impl.RaftServerProxy.groupRemoveAsync(RaftServerProxy.java:548)
	at org.apache.ratis.server.impl.RaftServerProxy.groupManagementAsync(RaftServerProxy.java:499)
	at org.apache.ratis.grpc.server.GrpcAdminProtocolService.lambda$groupManagement$0(GrpcAdminProtocolService.java:51)
	at org.apache.ratis.grpc.GrpcUtil.asyncCall(GrpcUtil.java:172)
	at org.apache.ratis.grpc.server.GrpcAdminProtocolService.groupManagement(GrpcAdminProtocolService.java:51)
	at org.apache.ratis.proto.grpc.AdminProtocolServiceGrpc$MethodHandlers.invoke(AdminProtocolServiceGrpc.java:701)
	at org.apache.ratis.thirdparty.io.grpc.stub.ServerCalls$UnaryServerCallHandler$UnaryServerCallListener.onHalfClose(ServerCalls.java:182)
	at org.apache.ratis.thirdparty.io.grpc.internal.ServerCallImpl$ServerStreamListenerImpl.halfClosed(ServerCallImpl.java:356)
	at org.apache.ratis.thirdparty.io.grpc.internal.ServerImpl$JumpToApplicationThreadServerStreamListener$1HalfClosed.runInContext(ServerImpl.java:861)
	at org.apache.ratis.thirdparty.io.grpc.internal.ContextRunnable.run(ContextRunnable.java:37)
	at org.apache.ratis.thirdparty.io.grpc.internal.SerializingExecutor.run(SerializingExecutor.java:133)
	at java.base/java.util.concurrent.ThreadPoolExecutor.runWorker(ThreadPoolExecutor.java:1144)
	at java.base/java.util.concurrent.ThreadPoolExecutor$Worker.run(ThreadPoolExecutor.java:642)
	at java.base/java.lang.Thread.run(Thread.java:1583)
2025-07-14 15:01:27,632 [89a738d3-0145-4b42-8b1b-b5be9f604b49-PipelineCommandHandlerThread-0] INFO  server.RaftServer (RaftServerProxy.java:remove(116)) - 89a738d3-0145-4b42-8b1b-b5be9f604b49: remove  FOLLOWER (RUNNING): 89a738d3-0145-4b42-8b1b-b5be9f604b49@group-EABB3B9FB711:t2, leader=9eae2efb-1df6-4ce6-ae9d-8504348dafa1, voted=9eae2efb-1df6-4ce6-ae9d-8504348dafa1, raftlog=Memoized:89a738d3-0145-4b42-8b1b-b5be9f604b49@group-EABB3B9FB711-SegmentedRaftLog:OPENED:c2:last(t:2, i:2), conf=conf: {index: 1, cur=peers:[9eae2efb-1df6-4ce6-ae9d-8504348dafa1|127.0.0.1:15079, 89a738d3-0145-4b42-8b1b-b5be9f604b49|127.0.0.1:15071, ac481237-f71e-4eeb-9120-a6c52bf83f13|127.0.0.1:15063]|listeners:[], old=null}
2025-07-14 15:01:27,632 [89a738d3-0145-4b42-8b1b-b5be9f604b49-PipelineCommandHandlerThread-0] INFO  server.RaftServer$Division (RaftServerImpl.java:lambda$close$1(527)) - 89a738d3-0145-4b42-8b1b-b5be9f604b49@group-EABB3B9FB711: shutdown
2025-07-14 15:01:27,632 [89a738d3-0145-4b42-8b1b-b5be9f604b49-PipelineCommandHandlerThread-0] INFO  util.JmxRegister (JmxRegister.java:unregister(74)) - Successfully un-registered JMX Bean with object name Ratis:service=RaftServer,group=group-EABB3B9FB711,id=89a738d3-0145-4b42-8b1b-b5be9f604b49
2025-07-14 15:01:27,632 [89a738d3-0145-4b42-8b1b-b5be9f604b49-PipelineCommandHandlerThread-0] INFO  impl.RoleInfo (RoleInfo.java:shutdownFollowerState(121)) - 89a738d3-0145-4b42-8b1b-b5be9f604b49: shutdown 89a738d3-0145-4b42-8b1b-b5be9f604b49@group-EABB3B9FB711-FollowerState
2025-07-14 15:01:27,632 [89a738d3-0145-4b42-8b1b-b5be9f604b49-PipelineCommandHandlerThread-0] INFO  impl.StateMachineUpdater (StateMachineUpdater.java:stopAndJoin(163)) - 89a738d3-0145-4b42-8b1b-b5be9f604b49@group-EABB3B9FB711-StateMachineUpdater: set stopIndex = 2
2025-07-14 15:01:27,632 [89a738d3-0145-4b42-8b1b-b5be9f604b49@group-EABB3B9FB711-StateMachineUpdater] INFO  impl.StateMachineUpdater (StateMachineUpdater.java:stop(140)) - 89a738d3-0145-4b42-8b1b-b5be9f604b49@group-EABB3B9FB711-StateMachineUpdater: closing ContainerStateMachine, lastApplied=(t:2, i:2)
2025-07-14 15:01:27,632 [89a738d3-0145-4b42-8b1b-b5be9f604b49@group-EABB3B9FB711-cacheEviction-AwaitToRun] INFO  util.AwaitToRun (AwaitToRun.java:run(49)) - 89a738d3-0145-4b42-8b1b-b5be9f604b49@group-EABB3B9FB711-cacheEviction-AwaitToRun-AwaitForSignal is interrupted
2025-07-14 15:01:27,632 [89a738d3-0145-4b42-8b1b-b5be9f604b49@group-EABB3B9FB711-FollowerState] INFO  impl.FollowerState (FollowerState.java:runImpl(170)) - 89a738d3-0145-4b42-8b1b-b5be9f604b49@group-EABB3B9FB711-FollowerState was interrupted
2025-07-14 15:01:27,679 [9eae2efb-1df6-4ce6-ae9d-8504348dafa1-PipelineCommandHandlerThread-0] INFO  segmented.SegmentedRaftLogWorker (SegmentedRaftLogWorker.java:close(254)) - 9eae2efb-1df6-4ce6-ae9d-8504348dafa1@group-1AEBB7792E6D-SegmentedRaftLogWorker close()
2025-07-14 15:01:27,680 [9eae2efb-1df6-4ce6-ae9d-8504348dafa1-PipelineCommandHandlerThread-0] INFO  server.RaftServer$Division (RaftServerImpl.java:groupRemove(497)) - 9eae2efb-1df6-4ce6-ae9d-8504348dafa1@group-1AEBB7792E6D: Succeed to remove RaftStorageDirectory Storage Directory /home/runner/work/ozone/ozone/hadoop-ozone/integration-test/target/test-dir/MiniOzoneClusterImpl-aaa7dc72-7fbf-48e0-acc5-129182712624/ozone-meta/datanode-9/ratis/9b2abbda-a599-4d5c-9f68-1aebb7792e6d
2025-07-14 15:01:27,680 [9eae2efb-1df6-4ce6-ae9d-8504348dafa1-PipelineCommandHandlerThread-0] INFO  commandhandler.ClosePipelineCommandHandler (ClosePipelineCommandHandler.java:lambda$handle$2(142)) - Close Pipeline Pipeline-9b2abbda-a599-4d5c-9f68-1aebb7792e6d command on datanode 9eae2efb-1df6-4ce6-ae9d-8504348dafa1(localhost/127.0.0.1).
2025-07-14 15:01:27,693 [EventQueue-PipelineReportForPipelineReportHandler] INFO  pipeline.PipelineReportHandler (PipelineReportHandler.java:handlePipelineNotFoundException(98)) - Pipeline Pipeline-2a96270d-5a4d-4083-9a90-eabb3b9fb711, reported by datanode 89a738d3-0145-4b42-8b1b-b5be9f604b49(localhost/127.0.0.1) is not found.
2025-07-14 15:01:27,862 [grpc-default-executor-5] WARN  server.GrpcServerProtocolService (LogUtils.java:warn(129)) - a505560f-c589-4eb5-89aa-a89970ae9358: Failed APPEND_ENTRIES request 77d16558-8a68-4655-9235-107e22ba3c38->a505560f-c589-4eb5-89aa-a89970ae9358#60-t2,previous=(t:1, i:4),leaderCommit=6,initializing? false,entries: size=2, first=(t:2, i:5), CONFIGURATIONENTRY(current:id:"77d16558-8a68-4655-9235-107e22ba3c38"address:"127.0.0.1:15047"dataStreamAddress:"127.0.0.1:15048"clientAddress:"127.0.0.1:15045"adminAddress:"127.0.0.1:15046"startupRole:FOLLOWER, id:"52f0bf1a-a22c-4dfc-83f0-dd23f5b60a86"address:"127.0.0.1:15055"dataStreamAddress:"127.0.0.1:15056"clientAddress:"127.0.0.1:15053"adminAddress:"127.0.0.1:15054"startupRole:FOLLOWER, id:"a505560f-c589-4eb5-89aa-a89970ae9358"address:"127.0.0.1:15039"priority:1dataStreamAddress:"127.0.0.1:15040"clientAddress:"127.0.0.1:15037"adminAddress:"127.0.0.1:15038"startupRole:FOLLOWER, old:)
java.util.concurrent.CompletionException: org.apache.ratis.protocol.exceptions.GroupMismatchException: a505560f-c589-4eb5-89aa-a89970ae9358: group-B771F555DC8D not found.
	at java.base/java.util.concurrent.CompletableFuture.encodeThrowable(CompletableFuture.java:332)
	at java.base/java.util.concurrent.CompletableFuture.uniComposeStage(CompletableFuture.java:1177)
	at java.base/java.util.concurrent.CompletableFuture.thenCompose(CompletableFuture.java:2341)
	at org.apache.ratis.server.impl.RaftServerProxy.appendEntriesAsync(RaftServerProxy.java:651)
	at org.apache.ratis.grpc.server.GrpcServerProtocolService$1.process(GrpcServerProtocolService.java:245)
	at org.apache.ratis.grpc.server.GrpcServerProtocolService$1.process(GrpcServerProtocolService.java:242)
	at org.apache.ratis.grpc.server.GrpcServerProtocolService$ServerRequestStreamObserver.onNext(GrpcServerProtocolService.java:150)
	at org.apache.ratis.thirdparty.io.grpc.stub.ServerCalls$StreamingServerCallHandler$StreamingServerCallListener.onMessage(ServerCalls.java:262)
	at org.apache.ratis.thirdparty.io.grpc.internal.ServerCallImpl$ServerStreamListenerImpl.messagesAvailableInternal(ServerCallImpl.java:334)
	at org.apache.ratis.thirdparty.io.grpc.internal.ServerCallImpl$ServerStreamListenerImpl.messagesAvailable(ServerCallImpl.java:319)
	at org.apache.ratis.thirdparty.io.grpc.internal.ServerImpl$JumpToApplicationThreadServerStreamListener$1MessagesAvailable.runInContext(ServerImpl.java:834)
	at org.apache.ratis.thirdparty.io.grpc.internal.ContextRunnable.run(ContextRunnable.java:37)
	at org.apache.ratis.thirdparty.io.grpc.internal.SerializingExecutor.run(SerializingExecutor.java:133)
	at java.base/java.util.concurrent.ThreadPoolExecutor.runWorker(ThreadPoolExecutor.java:1144)
	at java.base/java.util.concurrent.ThreadPoolExecutor$Worker.run(ThreadPoolExecutor.java:642)
	at java.base/java.lang.Thread.run(Thread.java:1583)
Caused by: org.apache.ratis.protocol.exceptions.GroupMismatchException: a505560f-c589-4eb5-89aa-a89970ae9358: group-B771F555DC8D not found.
	at org.apache.ratis.server.impl.RaftServerProxy$ImplMap.get(RaftServerProxy.java:160)
	at org.apache.ratis.server.impl.RaftServerProxy.getImplFuture(RaftServerProxy.java:370)
	at org.apache.ratis.server.impl.RaftServerProxy.appendEntriesAsync(RaftServerProxy.java:650)
	... 12 more
2025-07-14 15:01:27,863 [grpc-default-executor-5] INFO  leader.LogAppender (LogAppenderBase.java:lambda$getNextIndexForError$0(215)) - Decrease nextIndex to 5
2025-07-14 15:01:27,864 [grpc-default-executor-5] INFO  leader.LogAppender (LogAppenderBase.java:lambda$getNextIndexForError$0(215)) - Decrease nextIndex to 5
2025-07-14 15:01:27,864 [grpc-default-executor-5] INFO  leader.FollowerInfo (FollowerInfoImpl.java:info(70)) - 77d16558-8a68-4655-9235-107e22ba3c38@group-B771F555DC8D->a505560f-c589-4eb5-89aa-a89970ae9358: computeNextIndex nextIndex: updateUnconditionally 7 -> 5
2025-07-14 15:01:28,137 [timer6] WARN  server.GrpcLogAppender (LogUtils.java:warn(129)) - 77d16558-8a68-4655-9235-107e22ba3c38@group-B771F555DC8D->a505560f-c589-4eb5-89aa-a89970ae9358-AppendLogResponseHandler: Failed appendEntries (Repeated 3 times in the last 5.002s)
org.apache.ratis.protocol.exceptions.GroupMismatchException: a505560f-c589-4eb5-89aa-a89970ae9358: group-B771F555DC8D not found.
	at org.apache.ratis.server.impl.RaftServerProxy$ImplMap.get(RaftServerProxy.java:160)
	at org.apache.ratis.server.impl.RaftServerProxy.getImplFuture(RaftServerProxy.java:370)
	at org.apache.ratis.server.impl.RaftServerProxy.appendEntriesAsync(RaftServerProxy.java:650)
	at org.apache.ratis.grpc.server.GrpcServerProtocolService$1.process(GrpcServerProtocolService.java:245)
	at org.apache.ratis.grpc.server.GrpcServerProtocolService$1.process(GrpcServerProtocolService.java:242)
	at org.apache.ratis.grpc.server.GrpcServerProtocolService$ServerRequestStreamObserver.onNext(GrpcServerProtocolService.java:150)
	at org.apache.ratis.thirdparty.io.grpc.stub.ServerCalls$StreamingServerCallHandler$StreamingServerCallListener.onMessage(ServerCalls.java:262)
	at org.apache.ratis.thirdparty.io.grpc.internal.ServerCallImpl$ServerStreamListenerImpl.messagesAvailableInternal(ServerCallImpl.java:334)
	at org.apache.ratis.thirdparty.io.grpc.internal.ServerCallImpl$ServerStreamListenerImpl.messagesAvailable(ServerCallImpl.java:319)
	at org.apache.ratis.thirdparty.io.grpc.internal.ServerImpl$JumpToApplicationThreadServerStreamListener$1MessagesAvailable.runInContext(ServerImpl.java:834)
	at org.apache.ratis.thirdparty.io.grpc.internal.ContextRunnable.run(ContextRunnable.java:37)
	at org.apache.ratis.thirdparty.io.grpc.internal.SerializingExecutor.run(SerializingExecutor.java:133)
	at java.base/java.util.concurrent.ThreadPoolExecutor.runWorker(ThreadPoolExecutor.java:1144)
	at java.base/java.util.concurrent.ThreadPoolExecutor$Worker.run(ThreadPoolExecutor.java:642)
	at java.base/java.lang.Thread.run(Thread.java:1583)
2025-07-14 15:01:28,180 [timer5] WARN  server.GrpcLogAppender (LogUtils.java:warn(129)) - 52f0bf1a-a22c-4dfc-83f0-dd23f5b60a86@group-66EA1A40B3A7->a505560f-c589-4eb5-89aa-a89970ae9358-AppendLogResponseHandler: Failed appendEntries (Repeated 2 times in the last 5.001s)
org.apache.ratis.protocol.exceptions.GroupMismatchException: a505560f-c589-4eb5-89aa-a89970ae9358: group-66EA1A40B3A7 not found.
	at org.apache.ratis.server.impl.RaftServerProxy$ImplMap.get(RaftServerProxy.java:160)
	at org.apache.ratis.server.impl.RaftServerProxy.getImplFuture(RaftServerProxy.java:370)
	at org.apache.ratis.server.impl.RaftServerProxy.appendEntriesAsync(RaftServerProxy.java:650)
	at org.apache.ratis.grpc.server.GrpcServerProtocolService$1.process(GrpcServerProtocolService.java:245)
	at org.apache.ratis.grpc.server.GrpcServerProtocolService$1.process(GrpcServerProtocolService.java:242)
	at org.apache.ratis.grpc.server.GrpcServerProtocolService$ServerRequestStreamObserver.onNext(GrpcServerProtocolService.java:150)
	at org.apache.ratis.thirdparty.io.grpc.stub.ServerCalls$StreamingServerCallHandler$StreamingServerCallListener.onMessage(ServerCalls.java:262)
	at org.apache.ratis.thirdparty.io.grpc.internal.ServerCallImpl$ServerStreamListenerImpl.messagesAvailableInternal(ServerCallImpl.java:334)
	at org.apache.ratis.thirdparty.io.grpc.internal.ServerCallImpl$ServerStreamListenerImpl.messagesAvailable(ServerCallImpl.java:319)
	at org.apache.ratis.thirdparty.io.grpc.internal.ServerImpl$JumpToApplicationThreadServerStreamListener$1MessagesAvailable.runInContext(ServerImpl.java:834)
	at org.apache.ratis.thirdparty.io.grpc.internal.ContextRunnable.run(ContextRunnable.java:37)
	at org.apache.ratis.thirdparty.io.grpc.internal.SerializingExecutor.run(SerializingExecutor.java:133)
	at java.base/java.util.concurrent.ThreadPoolExecutor.runWorker(ThreadPoolExecutor.java:1144)
	at java.base/java.util.concurrent.ThreadPoolExecutor$Worker.run(ThreadPoolExecutor.java:642)
	at java.base/java.lang.Thread.run(Thread.java:1583)
2025-07-14 15:01:28,624 [89a738d3-0145-4b42-8b1b-b5be9f604b49-PipelineCommandHandlerThread-0] INFO  segmented.SegmentedRaftLogWorker (SegmentedRaftLogWorker.java:close(254)) - 89a738d3-0145-4b42-8b1b-b5be9f604b49@group-EABB3B9FB711-SegmentedRaftLogWorker close()
2025-07-14 15:01:28,625 [89a738d3-0145-4b42-8b1b-b5be9f604b49-PipelineCommandHandlerThread-0] INFO  server.RaftServer$Division (RaftServerImpl.java:groupRemove(497)) - 89a738d3-0145-4b42-8b1b-b5be9f604b49@group-EABB3B9FB711: Succeed to remove RaftStorageDirectory Storage Directory /home/runner/work/ozone/ozone/hadoop-ozone/integration-test/target/test-dir/MiniOzoneClusterImpl-aaa7dc72-7fbf-48e0-acc5-129182712624/ozone-meta/datanode-8/ratis/2a96270d-5a4d-4083-9a90-eabb3b9fb711
2025-07-14 15:01:28,625 [89a738d3-0145-4b42-8b1b-b5be9f604b49-PipelineCommandHandlerThread-0] INFO  commandhandler.ClosePipelineCommandHandler (ClosePipelineCommandHandler.java:lambda$handle$2(142)) - Close Pipeline Pipeline-2a96270d-5a4d-4083-9a90-eabb3b9fb711 command on datanode 89a738d3-0145-4b42-8b1b-b5be9f604b49(localhost/127.0.0.1).
2025-07-14 15:01:28,696 [timer0] WARN  server.GrpcLogAppender (GrpcLogAppender.java:timeoutAppendRequest(448)) - 52f0bf1a-a22c-4dfc-83f0-dd23f5b60a86@group-66EA1A40B3A7->a505560f-c589-4eb5-89aa-a89970ae9358-GrpcLogAppender: Timed out HEARTBEAT appendEntries, errorCount=34, request=AppendEntriesRequest:cid=6974,entriesCount=0
2025-07-14 15:01:29,583 [grpc-default-executor-4] WARN  server.GrpcServerProtocolService (LogUtils.java:warn(129)) - a505560f-c589-4eb5-89aa-a89970ae9358: Failed APPEND_ENTRIES request 77d16558-8a68-4655-9235-107e22ba3c38->a505560f-c589-4eb5-89aa-a89970ae9358#62-t2,previous=(t:1, i:4),leaderCommit=6,initializing? false,entries: size=2, first=(t:2, i:5), CONFIGURATIONENTRY(current:id:"77d16558-8a68-4655-9235-107e22ba3c38"address:"127.0.0.1:15047"dataStreamAddress:"127.0.0.1:15048"clientAddress:"127.0.0.1:15045"adminAddress:"127.0.0.1:15046"startupRole:FOLLOWER, id:"52f0bf1a-a22c-4dfc-83f0-dd23f5b60a86"address:"127.0.0.1:15055"dataStreamAddress:"127.0.0.1:15056"clientAddress:"127.0.0.1:15053"adminAddress:"127.0.0.1:15054"startupRole:FOLLOWER, id:"a505560f-c589-4eb5-89aa-a89970ae9358"address:"127.0.0.1:15039"priority:1dataStreamAddress:"127.0.0.1:15040"clientAddress:"127.0.0.1:15037"adminAddress:"127.0.0.1:15038"startupRole:FOLLOWER, old:)
java.util.concurrent.CompletionException: org.apache.ratis.protocol.exceptions.GroupMismatchException: a505560f-c589-4eb5-89aa-a89970ae9358: group-B771F555DC8D not found.
	at java.base/java.util.concurrent.CompletableFuture.encodeThrowable(CompletableFuture.java:332)
	at java.base/java.util.concurrent.CompletableFuture.uniComposeStage(CompletableFuture.java:1177)
	at java.base/java.util.concurrent.CompletableFuture.thenCompose(CompletableFuture.java:2341)
	at org.apache.ratis.server.impl.RaftServerProxy.appendEntriesAsync(RaftServerProxy.java:651)
	at org.apache.ratis.grpc.server.GrpcServerProtocolService$1.process(GrpcServerProtocolService.java:245)
	at org.apache.ratis.grpc.server.GrpcServerProtocolService$1.process(GrpcServerProtocolService.java:242)
	at org.apache.ratis.grpc.server.GrpcServerProtocolService$ServerRequestStreamObserver.onNext(GrpcServerProtocolService.java:150)
	at org.apache.ratis.thirdparty.io.grpc.stub.ServerCalls$StreamingServerCallHandler$StreamingServerCallListener.onMessage(ServerCalls.java:262)
	at org.apache.ratis.thirdparty.io.grpc.internal.ServerCallImpl$ServerStreamListenerImpl.messagesAvailableInternal(ServerCallImpl.java:334)
	at org.apache.ratis.thirdparty.io.grpc.internal.ServerCallImpl$ServerStreamListenerImpl.messagesAvailable(ServerCallImpl.java:319)
	at org.apache.ratis.thirdparty.io.grpc.internal.ServerImpl$JumpToApplicationThreadServerStreamListener$1MessagesAvailable.runInContext(ServerImpl.java:834)
	at org.apache.ratis.thirdparty.io.grpc.internal.ContextRunnable.run(ContextRunnable.java:37)
	at org.apache.ratis.thirdparty.io.grpc.internal.SerializingExecutor.run(SerializingExecutor.java:133)
	at java.base/java.util.concurrent.ThreadPoolExecutor.runWorker(ThreadPoolExecutor.java:1144)
	at java.base/java.util.concurrent.ThreadPoolExecutor$Worker.run(ThreadPoolExecutor.java:642)
	at java.base/java.lang.Thread.run(Thread.java:1583)
Caused by: org.apache.ratis.protocol.exceptions.GroupMismatchException: a505560f-c589-4eb5-89aa-a89970ae9358: group-B771F555DC8D not found.
	at org.apache.ratis.server.impl.RaftServerProxy$ImplMap.get(RaftServerProxy.java:160)
	at org.apache.ratis.server.impl.RaftServerProxy.getImplFuture(RaftServerProxy.java:370)
	at org.apache.ratis.server.impl.RaftServerProxy.appendEntriesAsync(RaftServerProxy.java:650)
	... 12 more
2025-07-14 15:01:29,585 [grpc-default-executor-4] WARN  server.GrpcLogAppender (LogUtils.java:warn(129)) - 77d16558-8a68-4655-9235-107e22ba3c38@group-B771F555DC8D->a505560f-c589-4eb5-89aa-a89970ae9358-AppendLogResponseHandler: Failed appendEntries
org.apache.ratis.protocol.exceptions.GroupMismatchException: a505560f-c589-4eb5-89aa-a89970ae9358: group-B771F555DC8D not found.
	at org.apache.ratis.server.impl.RaftServerProxy$ImplMap.get(RaftServerProxy.java:160)
	at org.apache.ratis.server.impl.RaftServerProxy.getImplFuture(RaftServerProxy.java:370)
	at org.apache.ratis.server.impl.RaftServerProxy.appendEntriesAsync(RaftServerProxy.java:650)
	at org.apache.ratis.grpc.server.GrpcServerProtocolService$1.process(GrpcServerProtocolService.java:245)
	at org.apache.ratis.grpc.server.GrpcServerProtocolService$1.process(GrpcServerProtocolService.java:242)
	at org.apache.ratis.grpc.server.GrpcServerProtocolService$ServerRequestStreamObserver.onNext(GrpcServerProtocolService.java:150)
	at org.apache.ratis.thirdparty.io.grpc.stub.ServerCalls$StreamingServerCallHandler$StreamingServerCallListener.onMessage(ServerCalls.java:262)
	at org.apache.ratis.thirdparty.io.grpc.internal.ServerCallImpl$ServerStreamListenerImpl.messagesAvailableInternal(ServerCallImpl.java:334)
	at org.apache.ratis.thirdparty.io.grpc.internal.ServerCallImpl$ServerStreamListenerImpl.messagesAvailable(ServerCallImpl.java:319)
	at org.apache.ratis.thirdparty.io.grpc.internal.ServerImpl$JumpToApplicationThreadServerStreamListener$1MessagesAvailable.runInContext(ServerImpl.java:834)
	at org.apache.ratis.thirdparty.io.grpc.internal.ContextRunnable.run(ContextRunnable.java:37)
	at org.apache.ratis.thirdparty.io.grpc.internal.SerializingExecutor.run(SerializingExecutor.java:133)
	at java.base/java.util.concurrent.ThreadPoolExecutor.runWorker(ThreadPoolExecutor.java:1144)
	at java.base/java.util.concurrent.ThreadPoolExecutor$Worker.run(ThreadPoolExecutor.java:642)
	at java.base/java.lang.Thread.run(Thread.java:1583)
2025-07-14 15:01:29,585 [grpc-default-executor-4] INFO  leader.LogAppender (LogAppenderBase.java:lambda$getNextIndexForError$0(215)) - Decrease nextIndex to 5
2025-07-14 15:01:29,585 [grpc-default-executor-4] INFO  leader.LogAppender (LogAppenderBase.java:lambda$getNextIndexForError$0(215)) - Decrease nextIndex to 5
2025-07-14 15:01:29,585 [grpc-default-executor-4] INFO  leader.FollowerInfo (FollowerInfoImpl.java:info(70)) - 77d16558-8a68-4655-9235-107e22ba3c38@group-B771F555DC8D->a505560f-c589-4eb5-89aa-a89970ae9358: computeNextIndex nextIndex: updateUnconditionally 7 -> 5
2025-07-14 15:01:31,707 [timer6] INFO  server.GrpcServerProtocolService (GrpcServerProtocolService.java:lambda$onCompleted$6(171)) - 89a738d3-0145-4b42-8b1b-b5be9f604b49: Completed APPEND_ENTRIES, lastRequest: null  (Repeated 4 times in the last 5.001s)
2025-07-14 15:01:31,707 [timer7] INFO  server.GrpcServerProtocolService (GrpcServerProtocolService.java:lambda$null$7(175)) - 89a738d3-0145-4b42-8b1b-b5be9f604b49: Completed APPEND_ENTRIES, lastReply: serverReply {
  requestorId: "9eae2efb-1df6-4ce6-ae9d-8504348dafa1"
  replyId: "89a738d3-0145-4b42-8b1b-b5be9f604b49"
  raftGroupId {
    id: "*\226\'\rZM@\203\232\220\352\273;\237\267\021"
  }
  callId: 16
  success: true
}
term: 2
nextIndex: 3
followerCommit: 2
matchIndex: 18446744073709551615
isHearbeat: true
  (Repeated 4 times in the last 5.001s)
2025-07-14 15:01:31,841 [grpc-default-executor-5] WARN  server.GrpcServerProtocolService (LogUtils.java:warn(129)) - a505560f-c589-4eb5-89aa-a89970ae9358: Failed APPEND_ENTRIES request 77d16558-8a68-4655-9235-107e22ba3c38->a505560f-c589-4eb5-89aa-a89970ae9358#64-t2,previous=(t:1, i:4),leaderCommit=6,initializing? false,entries: size=2, first=(t:2, i:5), CONFIGURATIONENTRY(current:id:"77d16558-8a68-4655-9235-107e22ba3c38"address:"127.0.0.1:15047"dataStreamAddress:"127.0.0.1:15048"clientAddress:"127.0.0.1:15045"adminAddress:"127.0.0.1:15046"startupRole:FOLLOWER, id:"52f0bf1a-a22c-4dfc-83f0-dd23f5b60a86"address:"127.0.0.1:15055"dataStreamAddress:"127.0.0.1:15056"clientAddress:"127.0.0.1:15053"adminAddress:"127.0.0.1:15054"startupRole:FOLLOWER, id:"a505560f-c589-4eb5-89aa-a89970ae9358"address:"127.0.0.1:15039"priority:1dataStreamAddress:"127.0.0.1:15040"clientAddress:"127.0.0.1:15037"adminAddress:"127.0.0.1:15038"startupRole:FOLLOWER, old:)
java.util.concurrent.CompletionException: org.apache.ratis.protocol.exceptions.GroupMismatchException: a505560f-c589-4eb5-89aa-a89970ae9358: group-B771F555DC8D not found.
	at java.base/java.util.concurrent.CompletableFuture.encodeThrowable(CompletableFuture.java:332)
	at java.base/java.util.concurrent.CompletableFuture.uniComposeStage(CompletableFuture.java:1177)
	at java.base/java.util.concurrent.CompletableFuture.thenCompose(CompletableFuture.java:2341)
	at org.apache.ratis.server.impl.RaftServerProxy.appendEntriesAsync(RaftServerProxy.java:651)
	at org.apache.ratis.grpc.server.GrpcServerProtocolService$1.process(GrpcServerProtocolService.java:245)
	at org.apache.ratis.grpc.server.GrpcServerProtocolService$1.process(GrpcServerProtocolService.java:242)
	at org.apache.ratis.grpc.server.GrpcServerProtocolService$ServerRequestStreamObserver.onNext(GrpcServerProtocolService.java:150)
	at org.apache.ratis.thirdparty.io.grpc.stub.ServerCalls$StreamingServerCallHandler$StreamingServerCallListener.onMessage(ServerCalls.java:262)
	at org.apache.ratis.thirdparty.io.grpc.internal.ServerCallImpl$ServerStreamListenerImpl.messagesAvailableInternal(ServerCallImpl.java:334)
	at org.apache.ratis.thirdparty.io.grpc.internal.ServerCallImpl$ServerStreamListenerImpl.messagesAvailable(ServerCallImpl.java:319)
	at org.apache.ratis.thirdparty.io.grpc.internal.ServerImpl$JumpToApplicationThreadServerStreamListener$1MessagesAvailable.runInContext(ServerImpl.java:834)
	at org.apache.ratis.thirdparty.io.grpc.internal.ContextRunnable.run(ContextRunnable.java:37)
	at org.apache.ratis.thirdparty.io.grpc.internal.SerializingExecutor.run(SerializingExecutor.java:133)
	at java.base/java.util.concurrent.ThreadPoolExecutor.runWorker(ThreadPoolExecutor.java:1144)
	at java.base/java.util.concurrent.ThreadPoolExecutor$Worker.run(ThreadPoolExecutor.java:642)
	at java.base/java.lang.Thread.run(Thread.java:1583)
Caused by: org.apache.ratis.protocol.exceptions.GroupMismatchException: a505560f-c589-4eb5-89aa-a89970ae9358: group-B771F555DC8D not found.
	at org.apache.ratis.server.impl.RaftServerProxy$ImplMap.get(RaftServerProxy.java:160)
	at org.apache.ratis.server.impl.RaftServerProxy.getImplFuture(RaftServerProxy.java:370)
	at org.apache.ratis.server.impl.RaftServerProxy.appendEntriesAsync(RaftServerProxy.java:650)
	... 12 more
2025-07-14 15:01:31,842 [grpc-default-executor-5] INFO  leader.LogAppender (LogAppenderBase.java:lambda$getNextIndexForError$0(215)) - Decrease nextIndex to 5
2025-07-14 15:01:31,842 [grpc-default-executor-5] INFO  leader.LogAppender (LogAppenderBase.java:lambda$getNextIndexForError$0(215)) - Decrease nextIndex to 5
2025-07-14 15:01:31,842 [grpc-default-executor-5] INFO  leader.FollowerInfo (FollowerInfoImpl.java:info(70)) - 77d16558-8a68-4655-9235-107e22ba3c38@group-B771F555DC8D->a505560f-c589-4eb5-89aa-a89970ae9358: computeNextIndex nextIndex: updateUnconditionally 7 -> 5
2025-07-14 15:01:32,297 [timer4] INFO  server.GrpcServerProtocolService (GrpcServerProtocolService.java:lambda$onCompleted$6(171)) - ac481237-f71e-4eeb-9120-a6c52bf83f13: Completed APPEND_ENTRIES, lastRequest: null  (Repeated 2 times in the last 5.001s)
2025-07-14 15:01:33,544 [grpc-default-executor-4] WARN  server.GrpcServerProtocolService (LogUtils.java:warn(129)) - a505560f-c589-4eb5-89aa-a89970ae9358: Failed APPEND_ENTRIES request 77d16558-8a68-4655-9235-107e22ba3c38->a505560f-c589-4eb5-89aa-a89970ae9358#66-t2,previous=(t:1, i:4),leaderCommit=6,initializing? false,entries: size=2, first=(t:2, i:5), CONFIGURATIONENTRY(current:id:"77d16558-8a68-4655-9235-107e22ba3c38"address:"127.0.0.1:15047"dataStreamAddress:"127.0.0.1:15048"clientAddress:"127.0.0.1:15045"adminAddress:"127.0.0.1:15046"startupRole:FOLLOWER, id:"52f0bf1a-a22c-4dfc-83f0-dd23f5b60a86"address:"127.0.0.1:15055"dataStreamAddress:"127.0.0.1:15056"clientAddress:"127.0.0.1:15053"adminAddress:"127.0.0.1:15054"startupRole:FOLLOWER, id:"a505560f-c589-4eb5-89aa-a89970ae9358"address:"127.0.0.1:15039"priority:1dataStreamAddress:"127.0.0.1:15040"clientAddress:"127.0.0.1:15037"adminAddress:"127.0.0.1:15038"startupRole:FOLLOWER, old:)
java.util.concurrent.CompletionException: org.apache.ratis.protocol.exceptions.GroupMismatchException: a505560f-c589-4eb5-89aa-a89970ae9358: group-B771F555DC8D not found.
	at java.base/java.util.concurrent.CompletableFuture.encodeThrowable(CompletableFuture.java:332)
	at java.base/java.util.concurrent.CompletableFuture.uniComposeStage(CompletableFuture.java:1177)
	at java.base/java.util.concurrent.CompletableFuture.thenCompose(CompletableFuture.java:2341)
	at org.apache.ratis.server.impl.RaftServerProxy.appendEntriesAsync(RaftServerProxy.java:651)
	at org.apache.ratis.grpc.server.GrpcServerProtocolService$1.process(GrpcServerProtocolService.java:245)
	at org.apache.ratis.grpc.server.GrpcServerProtocolService$1.process(GrpcServerProtocolService.java:242)
	at org.apache.ratis.grpc.server.GrpcServerProtocolService$ServerRequestStreamObserver.onNext(GrpcServerProtocolService.java:150)
	at org.apache.ratis.thirdparty.io.grpc.stub.ServerCalls$StreamingServerCallHandler$StreamingServerCallListener.onMessage(ServerCalls.java:262)
	at org.apache.ratis.thirdparty.io.grpc.internal.ServerCallImpl$ServerStreamListenerImpl.messagesAvailableInternal(ServerCallImpl.java:334)
	at org.apache.ratis.thirdparty.io.grpc.internal.ServerCallImpl$ServerStreamListenerImpl.messagesAvailable(ServerCallImpl.java:319)
	at org.apache.ratis.thirdparty.io.grpc.internal.ServerImpl$JumpToApplicationThreadServerStreamListener$1MessagesAvailable.runInContext(ServerImpl.java:834)
	at org.apache.ratis.thirdparty.io.grpc.internal.ContextRunnable.run(ContextRunnable.java:37)
	at org.apache.ratis.thirdparty.io.grpc.internal.SerializingExecutor.run(SerializingExecutor.java:133)
	at java.base/java.util.concurrent.ThreadPoolExecutor.runWorker(ThreadPoolExecutor.java:1144)
	at java.base/java.util.concurrent.ThreadPoolExecutor$Worker.run(ThreadPoolExecutor.java:642)
	at java.base/java.lang.Thread.run(Thread.java:1583)
Caused by: org.apache.ratis.protocol.exceptions.GroupMismatchException: a505560f-c589-4eb5-89aa-a89970ae9358: group-B771F555DC8D not found.
	at org.apache.ratis.server.impl.RaftServerProxy$ImplMap.get(RaftServerProxy.java:160)
	at org.apache.ratis.server.impl.RaftServerProxy.getImplFuture(RaftServerProxy.java:370)
	at org.apache.ratis.server.impl.RaftServerProxy.appendEntriesAsync(RaftServerProxy.java:650)
	... 12 more
2025-07-14 15:01:33,546 [grpc-default-executor-4] INFO  leader.LogAppender (LogAppenderBase.java:lambda$getNextIndexForError$0(215)) - Decrease nextIndex to 5
2025-07-14 15:01:33,546 [grpc-default-executor-4] INFO  leader.LogAppender (LogAppenderBase.java:lambda$getNextIndexForError$0(215)) - Decrease nextIndex to 5
2025-07-14 15:01:33,546 [grpc-default-executor-4] INFO  leader.FollowerInfo (FollowerInfoImpl.java:info(70)) - 77d16558-8a68-4655-9235-107e22ba3c38@group-B771F555DC8D->a505560f-c589-4eb5-89aa-a89970ae9358: computeNextIndex nextIndex: updateUnconditionally 7 -> 5
2025-07-14 15:01:33,850 [null-request--thread2] INFO  server.GrpcClientProtocolService (GrpcClientProtocolService.java:lambda$processClientRequest$0(284)) - Failed RaftClientRequest:client-1C5602CD21E9->52f0bf1a-a22c-4dfc-83f0-dd23f5b60a86@group-66EA1A40B3A7, cid=171, seq=null, Watch-ALL_COMMITTED(12), Message:<EMPTY>, reply=RaftClientReply:client-1C5602CD21E9->52f0bf1a-a22c-4dfc-83f0-dd23f5b60a86@group-66EA1A40B3A7, cid=171, FAILED org.apache.ratis.protocol.exceptions.NotReplicatedException: Request with call Id 171 and log index 12 is not yet replicated to ALL_COMMITTED, logIndex=12, commits[52f0bf1a-a22c-4dfc-83f0-dd23f5b60a86:c14, 77d16558-8a68-4655-9235-107e22ba3c38:c14, a505560f-c589-4eb5-89aa-a89970ae9358:c10]
2025-07-14 15:01:33,853 [ForkJoinPool.commonPool-worker-3] WARN  scm.XceiverClientRatis (XceiverClientRatis.java:lambda$watchForCommit$6(313)) - ALL_COMMITTED way commit failed on pipeline Pipeline{ Id: a63a7d38-be8c-449b-928f-66ea1a40b3a7, Nodes: [ {52f0bf1a-a22c-4dfc-83f0-dd23f5b60a86(localhost/127.0.0.1), ReplicaIndex: 0}, {77d16558-8a68-4655-9235-107e22ba3c38(localhost/127.0.0.1), ReplicaIndex: 0}, {a505560f-c589-4eb5-89aa-a89970ae9358(localhost/127.0.0.1), ReplicaIndex: 0},], ReplicationConfig: RATIS/THREE, State:OPEN, leaderId:52f0bf1a-a22c-4dfc-83f0-dd23f5b60a86, CreationTimestamp2025-07-14T15:00:04.359Z[Etc/UTC]}
java.util.concurrent.CompletionException: org.apache.ratis.protocol.exceptions.NotReplicatedException: Request with call Id 171 and log index 12 is not yet replicated to ALL_COMMITTED
	at org.apache.ratis.client.impl.RaftClientImpl.handleRaftException(RaftClientImpl.java:373)
	at org.apache.ratis.client.impl.UnorderedAsync.lambda$send$1(UnorderedAsync.java:67)
	at java.base/java.util.concurrent.CompletableFuture$UniApply.tryFire(CompletableFuture.java:646)
	at java.base/java.util.concurrent.CompletableFuture.postComplete(CompletableFuture.java:510)
	at java.base/java.util.concurrent.CompletableFuture.complete(CompletableFuture.java:2179)
	at org.apache.ratis.client.impl.UnorderedAsync.lambda$sendRequestWithRetry$4(UnorderedAsync.java:88)
	at java.base/java.util.concurrent.CompletableFuture.uniWhenComplete(CompletableFuture.java:863)
	at java.base/java.util.concurrent.CompletableFuture$UniWhenComplete.tryFire(CompletableFuture.java:841)
	at java.base/java.util.concurrent.CompletableFuture$Completion.exec(CompletableFuture.java:483)
	at java.base/java.util.concurrent.ForkJoinTask.doExec(ForkJoinTask.java:387)
	at java.base/java.util.concurrent.ForkJoinPool$WorkQueue.topLevelExec(ForkJoinPool.java:1312)
	at java.base/java.util.concurrent.ForkJoinPool.scan(ForkJoinPool.java:1843)
	at java.base/java.util.concurrent.ForkJoinPool.runWorker(ForkJoinPool.java:1808)
	at java.base/java.util.concurrent.ForkJoinWorkerThread.run(ForkJoinWorkerThread.java:188)
Caused by: org.apache.ratis.protocol.exceptions.NotReplicatedException: Request with call Id 171 and log index 12 is not yet replicated to ALL_COMMITTED
	at org.apache.ratis.client.impl.ClientProtoUtils.toRaftClientReply(ClientProtoUtils.java:406)
	at org.apache.ratis.grpc.client.GrpcClientProtocolClient$AsyncStreamObservers$1.onNext(GrpcClientProtocolClient.java:313)
	at org.apache.ratis.grpc.client.GrpcClientProtocolClient$AsyncStreamObservers$1.onNext(GrpcClientProtocolClient.java:308)
	at org.apache.ratis.thirdparty.io.grpc.stub.ClientCalls$StreamObserverToCallListenerAdapter.onMessage(ClientCalls.java:551)
	at org.apache.ratis.thirdparty.io.grpc.ForwardingClientCallListener.onMessage(ForwardingClientCallListener.java:33)
	at org.apache.ratis.thirdparty.io.grpc.internal.ClientCallImpl$ClientStreamListenerImpl$1MessagesAvailable.runInternal(ClientCallImpl.java:661)
	at org.apache.ratis.thirdparty.io.grpc.internal.ClientCallImpl$ClientStreamListenerImpl$1MessagesAvailable.runInContext(ClientCallImpl.java:648)
	at org.apache.ratis.thirdparty.io.grpc.internal.ContextRunnable.run(ContextRunnable.java:37)
	at org.apache.ratis.thirdparty.io.grpc.internal.SerializingExecutor.run(SerializingExecutor.java:133)
	at java.base/java.util.concurrent.ThreadPoolExecutor.runWorker(ThreadPoolExecutor.java:1144)
	at java.base/java.util.concurrent.ThreadPoolExecutor$Worker.run(ThreadPoolExecutor.java:642)
	at java.base/java.lang.Thread.run(Thread.java:1583)
2025-07-14 15:01:33,854 [ForkJoinPool.commonPool-worker-3] INFO  scm.XceiverClientRatis (XceiverClientRatis.java:lambda$handleFailedAllCommit$8(348)) - Could not commit index 12 on pipeline Pipeline{ Id: a63a7d38-be8c-449b-928f-66ea1a40b3a7, Nodes: [ {52f0bf1a-a22c-4dfc-83f0-dd23f5b60a86(localhost/127.0.0.1), ReplicaIndex: 0}, {77d16558-8a68-4655-9235-107e22ba3c38(localhost/127.0.0.1), ReplicaIndex: 0}, {a505560f-c589-4eb5-89aa-a89970ae9358(localhost/127.0.0.1), ReplicaIndex: 0},], ReplicationConfig: RATIS/THREE, State:OPEN, leaderId:52f0bf1a-a22c-4dfc-83f0-dd23f5b60a86, CreationTimestamp2025-07-14T15:00:04.359Z[Etc/UTC]} to all the nodes. Server a505560f-c589-4eb5-89aa-a89970ae9358 has failed. Committed by majority.
2025-07-14 15:01:33,854 [ForkJoinPool.commonPool-worker-3] WARN  storage.BlockOutputStream (BlockOutputStream.java:checkReply(557)) - Failed to commit BlockId conID: 9 locID: 115816896921600009 bcsId: 12 replicaIndex: null on Pipeline{ Id: a63a7d38-be8c-449b-928f-66ea1a40b3a7, Nodes: [ {52f0bf1a-a22c-4dfc-83f0-dd23f5b60a86(localhost/127.0.0.1), ReplicaIndex: 0}, {77d16558-8a68-4655-9235-107e22ba3c38(localhost/127.0.0.1), ReplicaIndex: 0}, {a505560f-c589-4eb5-89aa-a89970ae9358(localhost/127.0.0.1), ReplicaIndex: 0},], ReplicationConfig: RATIS/THREE, State:OPEN, leaderId:52f0bf1a-a22c-4dfc-83f0-dd23f5b60a86, CreationTimestamp2025-07-14T15:00:04.359Z[Etc/UTC]}. Failed nodes: [a505560f-c589-4eb5-89aa-a89970ae9358(null/null)]
2025-07-14 15:01:33,858 [77d16558-8a68-4655-9235-107e22ba3c38-ChunkWriter-1-0] ERROR helpers.ContainerUtils (ContainerUtils.java:getChunkDir(273)) - Chunks dir /home/runner/work/ozone/ozone/hadoop-ozone/integration-test/target/test-dir/MiniOzoneClusterImpl-aaa7dc72-7fbf-48e0-acc5-129182712624/ozone-meta/datanode-5/data-0/hdds/aaa7dc72-7fbf-48e0-acc5-129182712624/current/containerDir0/9/chunks does not exist
2025-07-14 15:01:33,858 [77d16558-8a68-4655-9235-107e22ba3c38-ChunkWriter-1-0] WARN  keyvalue.KeyValueHandler (ContainerUtils.java:logAndReturnError(94)) - Operation: WriteChunk , Trace ID:  , Message: Chunks directory /home/runner/work/ozone/ozone/hadoop-ozone/integration-test/target/test-dir/MiniOzoneClusterImpl-aaa7dc72-7fbf-48e0-acc5-129182712624/ozone-meta/datanode-5/data-0/hdds/aaa7dc72-7fbf-48e0-acc5-129182712624/current/containerDir0/9/chunks does not exist. , Result: UNABLE_TO_FIND_DATA_DIR , StorageContainerException Occurred.
org.apache.hadoop.hdds.scm.container.common.helpers.StorageContainerException: Chunks directory /home/runner/work/ozone/ozone/hadoop-ozone/integration-test/target/test-dir/MiniOzoneClusterImpl-aaa7dc72-7fbf-48e0-acc5-129182712624/ozone-meta/datanode-5/data-0/hdds/aaa7dc72-7fbf-48e0-acc5-129182712624/current/containerDir0/9/chunks does not exist.
	at org.apache.hadoop.ozone.container.common.helpers.ContainerUtils.getChunkDir(ContainerUtils.java:275)
	at org.apache.hadoop.ozone.container.common.impl.ContainerLayoutVersion.getChunkFile(ContainerLayoutVersion.java:115)
	at org.apache.hadoop.ozone.container.keyvalue.impl.FilePerBlockStrategy.getChunkFile(FilePerBlockStrategy.java:300)
	at org.apache.hadoop.ozone.container.keyvalue.impl.FilePerBlockStrategy.writeChunk(FilePerBlockStrategy.java:148)
	at org.apache.hadoop.ozone.container.keyvalue.impl.ChunkManagerDispatcher.writeChunk(ChunkManagerDispatcher.java:70)
	at org.apache.hadoop.ozone.container.keyvalue.KeyValueHandler.handleWriteChunk(KeyValueHandler.java:1029)
	at org.apache.hadoop.ozone.container.keyvalue.KeyValueHandler.dispatchRequest(KeyValueHandler.java:342)
	at org.apache.hadoop.ozone.container.keyvalue.KeyValueHandler.handle(KeyValueHandler.java:293)
	at org.apache.hadoop.ozone.container.common.impl.HddsDispatcher.dispatchRequest(HddsDispatcher.java:365)
	at org.apache.hadoop.ozone.container.common.impl.HddsDispatcher.lambda$dispatch$1(HddsDispatcher.java:190)
	at org.apache.hadoop.hdds.server.OzoneProtocolMessageDispatcher.processRequest(OzoneProtocolMessageDispatcher.java:87)
	at org.apache.hadoop.ozone.container.common.impl.HddsDispatcher.dispatch(HddsDispatcher.java:189)
	at org.apache.hadoop.ozone.container.common.transport.server.ratis.ContainerStateMachine.dispatchCommand(ContainerStateMachine.java:567)
	at org.apache.hadoop.ozone.container.common.transport.server.ratis.ContainerStateMachine.lambda$writeStateMachineData$2(ContainerStateMachine.java:622)
	at java.base/java.util.concurrent.FutureTask.run(FutureTask.java:317)
	at java.base/java.util.concurrent.ThreadPoolExecutor.runWorker(ThreadPoolExecutor.java:1144)
	at java.base/java.util.concurrent.ThreadPoolExecutor$Worker.run(ThreadPoolExecutor.java:642)
	at java.base/java.lang.Thread.run(Thread.java:1583)
2025-07-14 15:01:33,861 [grpc-default-executor-5] WARN  server.GrpcServerProtocolService (LogUtils.java:warn(129)) - a505560f-c589-4eb5-89aa-a89970ae9358: Failed APPEND_ENTRIES request 52f0bf1a-a22c-4dfc-83f0-dd23f5b60a86->a505560f-c589-4eb5-89aa-a89970ae9358#6977-t1,previous=(t:1, i:10),leaderCommit=14,initializing? false,entries: size=6, first=(t:1, i:11), STATEMACHINELOGENTRY, WRITE: logData.size=154, stateMachineData.size=5, logEntryProtoSerializedSize=0
java.util.concurrent.CompletionException: org.apache.ratis.protocol.exceptions.GroupMismatchException: a505560f-c589-4eb5-89aa-a89970ae9358: group-66EA1A40B3A7 not found.
	at java.base/java.util.concurrent.CompletableFuture.encodeThrowable(CompletableFuture.java:332)
	at java.base/java.util.concurrent.CompletableFuture.uniComposeStage(CompletableFuture.java:1177)
	at java.base/java.util.concurrent.CompletableFuture.thenCompose(CompletableFuture.java:2341)
	at org.apache.ratis.server.impl.RaftServerProxy.appendEntriesAsync(RaftServerProxy.java:651)
	at org.apache.ratis.grpc.server.GrpcServerProtocolService$1.process(GrpcServerProtocolService.java:245)
	at org.apache.ratis.grpc.server.GrpcServerProtocolService$1.process(GrpcServerProtocolService.java:242)
	at org.apache.ratis.grpc.server.GrpcServerProtocolService$ServerRequestStreamObserver.onNext(GrpcServerProtocolService.java:150)
	at org.apache.ratis.thirdparty.io.grpc.stub.ServerCalls$StreamingServerCallHandler$StreamingServerCallListener.onMessage(ServerCalls.java:262)
	at org.apache.ratis.thirdparty.io.grpc.internal.ServerCallImpl$ServerStreamListenerImpl.messagesAvailableInternal(ServerCallImpl.java:334)
	at org.apache.ratis.thirdparty.io.grpc.internal.ServerCallImpl$ServerStreamListenerImpl.messagesAvailable(ServerCallImpl.java:319)
	at org.apache.ratis.thirdparty.io.grpc.internal.ServerImpl$JumpToApplicationThreadServerStreamListener$1MessagesAvailable.runInContext(ServerImpl.java:834)
	at org.apache.ratis.thirdparty.io.grpc.internal.ContextRunnable.run(ContextRunnable.java:37)
	at org.apache.ratis.thirdparty.io.grpc.internal.SerializingExecutor.run(SerializingExecutor.java:133)
	at java.base/java.util.concurrent.ThreadPoolExecutor.runWorker(ThreadPoolExecutor.java:1144)
	at java.base/java.util.concurrent.ThreadPoolExecutor$Worker.run(ThreadPoolExecutor.java:642)
	at java.base/java.lang.Thread.run(Thread.java:1583)
Caused by: org.apache.ratis.protocol.exceptions.GroupMismatchException: a505560f-c589-4eb5-89aa-a89970ae9358: group-66EA1A40B3A7 not found.
	at org.apache.ratis.server.impl.RaftServerProxy$ImplMap.get(RaftServerProxy.java:160)
	at org.apache.ratis.server.impl.RaftServerProxy.getImplFuture(RaftServerProxy.java:370)
	at org.apache.ratis.server.impl.RaftServerProxy.appendEntriesAsync(RaftServerProxy.java:650)
	... 12 more
2025-07-14 15:01:33,863 [grpc-default-executor-5] WARN  server.GrpcLogAppender (LogUtils.java:warn(129)) - 52f0bf1a-a22c-4dfc-83f0-dd23f5b60a86@group-66EA1A40B3A7->a505560f-c589-4eb5-89aa-a89970ae9358-AppendLogResponseHandler: Failed appendEntries
org.apache.ratis.protocol.exceptions.GroupMismatchException: a505560f-c589-4eb5-89aa-a89970ae9358: group-66EA1A40B3A7 not found.
	at org.apache.ratis.server.impl.RaftServerProxy$ImplMap.get(RaftServerProxy.java:160)
	at org.apache.ratis.server.impl.RaftServerProxy.getImplFuture(RaftServerProxy.java:370)
	at org.apache.ratis.server.impl.RaftServerProxy.appendEntriesAsync(RaftServerProxy.java:650)
	at org.apache.ratis.grpc.server.GrpcServerProtocolService$1.process(GrpcServerProtocolService.java:245)
	at org.apache.ratis.grpc.server.GrpcServerProtocolService$1.process(GrpcServerProtocolService.java:242)
	at org.apache.ratis.grpc.server.GrpcServerProtocolService$ServerRequestStreamObserver.onNext(GrpcServerProtocolService.java:150)
	at org.apache.ratis.thirdparty.io.grpc.stub.ServerCalls$StreamingServerCallHandler$StreamingServerCallListener.onMessage(ServerCalls.java:262)
	at org.apache.ratis.thirdparty.io.grpc.internal.ServerCallImpl$ServerStreamListenerImpl.messagesAvailableInternal(ServerCallImpl.java:334)
	at org.apache.ratis.thirdparty.io.grpc.internal.ServerCallImpl$ServerStreamListenerImpl.messagesAvailable(ServerCallImpl.java:319)
	at org.apache.ratis.thirdparty.io.grpc.internal.ServerImpl$JumpToApplicationThreadServerStreamListener$1MessagesAvailable.runInContext(ServerImpl.java:834)
	at org.apache.ratis.thirdparty.io.grpc.internal.ContextRunnable.run(ContextRunnable.java:37)
	at org.apache.ratis.thirdparty.io.grpc.internal.SerializingExecutor.run(SerializingExecutor.java:133)
	at java.base/java.util.concurrent.ThreadPoolExecutor.runWorker(ThreadPoolExecutor.java:1144)
	at java.base/java.util.concurrent.ThreadPoolExecutor$Worker.run(ThreadPoolExecutor.java:642)
	at java.base/java.lang.Thread.run(Thread.java:1583)
2025-07-14 15:01:33,863 [grpc-default-executor-5] INFO  leader.LogAppender (LogAppenderBase.java:lambda$getNextIndexForError$0(215)) - Decrease nextIndex to 11
2025-07-14 15:01:33,863 [grpc-default-executor-5] INFO  leader.LogAppender (LogAppenderBase.java:lambda$getNextIndexForError$0(215)) - Decrease nextIndex to 11
2025-07-14 15:01:33,863 [77d16558-8a68-4655-9235-107e22ba3c38-ChunkWriter-1-0] WARN  keyvalue.KeyValueContainer (KeyValueContainer.java:markContainerUnhealthy(397)) - Marked container UNHEALTHY from OPEN: KeyValueContainerData #9 (UNHEALTHY, non-empty, ri=0, origin=[dn_77d16558-8a68-4655-9235-107e22ba3c38, pipeline_a63a7d38-be8c-449b-928f-66ea1a40b3a7])
2025-07-14 15:01:33,863 [grpc-default-executor-5] INFO  leader.FollowerInfo (FollowerInfoImpl.java:info(70)) - 52f0bf1a-a22c-4dfc-83f0-dd23f5b60a86@group-66EA1A40B3A7->a505560f-c589-4eb5-89aa-a89970ae9358: computeNextIndex nextIndex: updateUnconditionally 17 -> 11
2025-07-14 15:01:33,865 [77d16558-8a68-4655-9235-107e22ba3c38-ChunkWriter-1-0] WARN  keyvalue.KeyValueHandler (KeyValueHandler.java:updateAndGetContainerChecksum(1451)) - Container data checksum updated from 0 to 1bdd5b56
2025-07-14T15:01:33.865632580Z 77d16558-8a68-4655-9235-107e22ba3c38-ChunkWriter-1-0 ERROR ID=9 | Index=0 | BCSID=12 | State=UNHEALTHY | Volume=/home/runner/work/ozone/ozone/hadoop-ozone/integration-test/target/test-dir/MiniOzoneClusterImpl-aaa7dc72-7fbf-48e0-acc5-129182712624/ozone-meta/datanode-5/data-0/hdds | DataChecksum=1bdd5b56 | Container has 1 error: WRITE_FAILURE for file /home/runner/work/ozone/ozone/hadoop-ozone/integration-test/target/test-dir/MiniOzoneClusterImpl-aaa7dc72-7fbf-48e0-acc5-129182712624/ozone-meta/datanode-5/data-0/hdds/aaa7dc72-7fbf-48e0-acc5-129182712624/current/containerDir0/9 with exception: org.apache.hadoop.hdds.scm.container.common.helpers.StorageContainerException2025-07-14 15:01:33,865 [77d16558-8a68-4655-9235-107e22ba3c38-ChunkWriter-1-0] INFO  impl.HddsDispatcher (HddsDispatcher.java:dispatchRequest(411)) - Marked Container UNHEALTHY, ContainerID: 9
2025-07-14T15:01:33.866262556Z 77d16558-8a68-4655-9235-107e22ba3c38-ChunkWriter-1-0 ERROR user=null | ip=null | op=WRITE_CHUNK {blockData=conID: 9 locID: 115816896921600009 bcsId: 12 replicaIndex: 0, offset=5, size=10, stage=WRITE_DATA} | ret=FAILURE
java.lang.Exception: Chunks directory /home/runner/work/ozone/ozone/hadoop-ozone/integration-test/target/test-dir/MiniOzoneClusterImpl-aaa7dc72-7fbf-48e0-acc5-129182712624/ozone-meta/datanode-5/data-0/hdds/aaa7dc72-7fbf-48e0-acc5-129182712624/current/containerDir0/9/chunks does not exist.
	at org.apache.hadoop.ozone.container.common.impl.HddsDispatcher.dispatchRequest(HddsDispatcher.java:439)
	at org.apache.hadoop.ozone.container.common.impl.HddsDispatcher.lambda$dispatch$1(HddsDispatcher.java:190)
	at org.apache.hadoop.hdds.server.OzoneProtocolMessageDispatcher.processRequest(OzoneProtocolMessageDispatcher.java:87)
	at org.apache.hadoop.ozone.container.common.impl.HddsDispatcher.dispatch(HddsDispatcher.java:189)
	at org.apache.hadoop.ozone.container.common.transport.server.ratis.ContainerStateMachine.dispatchCommand(ContainerStateMachine.java:567)
	at org.apache.hadoop.ozone.container.common.transport.server.ratis.ContainerStateMachine.lambda$writeStateMachineData$2(ContainerStateMachine.java:622)
	at java.base/java.util.concurrent.FutureTask.run(FutureTask.java:317)
	at java.base/java.util.concurrent.ThreadPoolExecutor.runWorker(ThreadPoolExecutor.java:1144)
	at java.base/java.util.concurrent.ThreadPoolExecutor$Worker.run(ThreadPoolExecutor.java:642)
	at java.base/java.lang.Thread.run(Thread.java:1583)
2025-07-14 15:01:33,866 [77d16558-8a68-4655-9235-107e22ba3c38-ChunkWriter-1-0] ERROR ratis.ContainerStateMachine (ContainerStateMachine.java:handleCommandResult(662)) - group-66EA1A40B3A7: writeChunk writeStateMachineData failed: blockIdcontainerID: 9
localID: 115816896921600009
blockCommitSequenceId: 12
replicaIndex: 0
 logIndex 15 chunkName 115816896921600009_chunk_2 Error message: Chunks directory /home/runner/work/ozone/ozone/hadoop-ozone/integration-test/target/test-dir/MiniOzoneClusterImpl-aaa7dc72-7fbf-48e0-acc5-129182712624/ozone-meta/datanode-5/data-0/hdds/aaa7dc72-7fbf-48e0-acc5-129182712624/current/containerDir0/9/chunks does not exist. Container Result: UNABLE_TO_FIND_DATA_DIR
2025-07-14 15:01:33,867 [77d16558-8a68-4655-9235-107e22ba3c38@group-66EA1A40B3A7-SegmentedRaftLogWorker] ERROR ratis.ContainerStateMachine (ContainerStateMachine.java:notifyLogFailed(1268)) - group-66EA1A40B3A7: (t:1, i:15) cmdType: WriteChunk traceID: "" containerID: 9 datanodeUuid: "52f0bf1a-a22c-4dfc-83f0-dd23f5b60a86" pipelineID: "a63a7d38-be8c-449b-928f-66ea1a40b3a7" writeChunk { blockID { containerID: 9 localID: 115816896921600009 blockCommitSequenceId: 12 replicaIndex: 0 } chunkData { chunkName: "115816896921600009_chunk_2" offset: 5 len: 10 checksumData { type: CRC32 bytesPerChecksum: 16384 checksums: "\317\357R*" } } } version: 3, container path=/home/runner/work/ozone/ozone/hadoop-ozone/integration-test/target/test-dir/MiniOzoneClusterImpl-aaa7dc72-7fbf-48e0-acc5-129182712624/ozone-meta/datanode-5/data-0/hdds/aaa7dc72-7fbf-48e0-acc5-129182712624/current/containerDir0/9
org.apache.hadoop.hdds.scm.container.common.helpers.StorageContainerException: Chunks directory /home/runner/work/ozone/ozone/hadoop-ozone/integration-test/target/test-dir/MiniOzoneClusterImpl-aaa7dc72-7fbf-48e0-acc5-129182712624/ozone-meta/datanode-5/data-0/hdds/aaa7dc72-7fbf-48e0-acc5-129182712624/current/containerDir0/9/chunks does not exist.
	at org.apache.hadoop.ozone.container.common.transport.server.ratis.ContainerStateMachine.handleCommandResult(ContainerStateMachine.java:661)
	at org.apache.hadoop.ozone.container.common.transport.server.ratis.ContainerStateMachine.lambda$writeStateMachineData$2(ContainerStateMachine.java:623)
	at java.base/java.util.concurrent.FutureTask.run(FutureTask.java:317)
	at java.base/java.util.concurrent.ThreadPoolExecutor.runWorker(ThreadPoolExecutor.java:1144)
	at java.base/java.util.concurrent.ThreadPoolExecutor$Worker.run(ThreadPoolExecutor.java:642)
	at java.base/java.lang.Thread.run(Thread.java:1583)
2025-07-14 15:01:33,867 [77d16558-8a68-4655-9235-107e22ba3c38@group-66EA1A40B3A7-SegmentedRaftLogWorker] WARN  ratis.XceiverServerRatis (XceiverServerRatis.java:triggerPipelineClose(758)) - pipeline Action CLOSE on pipeline Pipeline-a63a7d38-be8c-449b-928f-66ea1a40b3a7.Reason : Chunks directory /home/runner/work/ozone/ozone/hadoop-ozone/integration-test/target/test-dir/MiniOzoneClusterImpl-aaa7dc72-7fbf-48e0-acc5-129182712624/ozone-meta/datanode-5/data-0/hdds/aaa7dc72-7fbf-48e0-acc5-129182712624/current/containerDir0/9/chunks does not exist.
2025-07-14 15:01:33,867 [EventQueue-CloseContainerForCloseContainerEventHandler] INFO  container.CloseContainerEventHandler (CloseContainerEventHandler.java:onMessage(88)) - Close container Event triggered for container : #9, current state: OPEN
2025-07-14 15:01:33,867 [77d16558-8a68-4655-9235-107e22ba3c38-server-thread1] WARN  server.GrpcServerProtocolService (LogUtils.java:warn(129)) - 77d16558-8a68-4655-9235-107e22ba3c38: Failed APPEND_ENTRIES request 52f0bf1a-a22c-4dfc-83f0-dd23f5b60a86->77d16558-8a68-4655-9235-107e22ba3c38#73-t1,previous=(t:1, i:14),leaderCommit=14,initializing? false,entries: size=1, first=(t:1, i:15), STATEMACHINELOGENTRY, WRITE: logData.size=154, stateMachineData.size=10, logEntryProtoSerializedSize=0
java.util.concurrent.CompletionException: org.apache.hadoop.hdds.scm.container.common.helpers.StorageContainerException: Chunks directory /home/runner/work/ozone/ozone/hadoop-ozone/integration-test/target/test-dir/MiniOzoneClusterImpl-aaa7dc72-7fbf-48e0-acc5-129182712624/ozone-meta/datanode-5/data-0/hdds/aaa7dc72-7fbf-48e0-acc5-129182712624/current/containerDir0/9/chunks does not exist.
	at java.base/java.util.concurrent.CompletableFuture.encodeThrowable(CompletableFuture.java:332)
	at java.base/java.util.concurrent.CompletableFuture.completeThrowable(CompletableFuture.java:347)
	at java.base/java.util.concurrent.CompletableFuture$BiRelay.tryFire(CompletableFuture.java:1498)
	at java.base/java.util.concurrent.CompletableFuture$CoCompletion.tryFire(CompletableFuture.java:1219)
	at java.base/java.util.concurrent.CompletableFuture.postComplete(CompletableFuture.java:510)
	at java.base/java.util.concurrent.CompletableFuture.completeExceptionally(CompletableFuture.java:2194)
	at org.apache.ratis.server.raftlog.segmented.SegmentedRaftLog$Task.failed(SegmentedRaftLog.java:109)
	at org.apache.ratis.server.raftlog.segmented.SegmentedRaftLogWorker$WriteLog.failed(SegmentedRaftLogWorker.java:530)
	at org.apache.ratis.server.raftlog.segmented.SegmentedRaftLogWorker.run(SegmentedRaftLogWorker.java:326)
	at java.base/java.util.concurrent.Executors$RunnableAdapter.call(Executors.java:572)
	at java.base/java.util.concurrent.FutureTask.run(FutureTask.java:317)
	at java.base/java.util.concurrent.ThreadPoolExecutor.runWorker(ThreadPoolExecutor.java:1144)
	at java.base/java.util.concurrent.ThreadPoolExecutor$Worker.run(ThreadPoolExecutor.java:642)
	at java.base/java.lang.Thread.run(Thread.java:1583)
Caused by: org.apache.hadoop.hdds.scm.container.common.helpers.StorageContainerException: Chunks directory /home/runner/work/ozone/ozone/hadoop-ozone/integration-test/target/test-dir/MiniOzoneClusterImpl-aaa7dc72-7fbf-48e0-acc5-129182712624/ozone-meta/datanode-5/data-0/hdds/aaa7dc72-7fbf-48e0-acc5-129182712624/current/containerDir0/9/chunks does not exist.
	at org.apache.hadoop.ozone.container.common.transport.server.ratis.ContainerStateMachine.handleCommandResult(ContainerStateMachine.java:661)
	at org.apache.hadoop.ozone.container.common.transport.server.ratis.ContainerStateMachine.lambda$writeStateMachineData$2(ContainerStateMachine.java:623)
	... 4 more
2025-07-14 15:01:33,869 [77d16558-8a68-4655-9235-107e22ba3c38-server-thread3] WARN  server.GrpcServerProtocolService (LogUtils.java:warn(129)) - 77d16558-8a68-4655-9235-107e22ba3c38: Failed APPEND_ENTRIES request 52f0bf1a-a22c-4dfc-83f0-dd23f5b60a86->77d16558-8a68-4655-9235-107e22ba3c38#74-t1,previous=(t:1, i:15),leaderCommit=14,initializing? false,entries: size=1, first=(t:1, i:16), STATEMACHINELOGENTRY, WRITE: logData.size=217, stateMachineData.size=0, logEntryProtoSerializedSize=0
java.util.concurrent.CompletionException: org.apache.hadoop.hdds.scm.container.common.helpers.StorageContainerException: Chunks directory /home/runner/work/ozone/ozone/hadoop-ozone/integration-test/target/test-dir/MiniOzoneClusterImpl-aaa7dc72-7fbf-48e0-acc5-129182712624/ozone-meta/datanode-5/data-0/hdds/aaa7dc72-7fbf-48e0-acc5-129182712624/current/containerDir0/9/chunks does not exist.
	at java.base/java.util.concurrent.CompletableFuture.encodeThrowable(CompletableFuture.java:332)
	at java.base/java.util.concurrent.CompletableFuture.completeThrowable(CompletableFuture.java:347)
	at java.base/java.util.concurrent.CompletableFuture$BiRelay.tryFire(CompletableFuture.java:1498)
	at java.base/java.util.concurrent.CompletableFuture$CoCompletion.tryFire(CompletableFuture.java:1219)
	at java.base/java.util.concurrent.CompletableFuture.postComplete(CompletableFuture.java:510)
	at java.base/java.util.concurrent.CompletableFuture.completeExceptionally(CompletableFuture.java:2194)
	at org.apache.ratis.server.raftlog.segmented.SegmentedRaftLog$Task.failed(SegmentedRaftLog.java:109)
	at org.apache.ratis.server.raftlog.segmented.SegmentedRaftLogWorker$WriteLog.failed(SegmentedRaftLogWorker.java:530)
	at org.apache.ratis.server.raftlog.segmented.SegmentedRaftLogWorker.run(SegmentedRaftLogWorker.java:326)
	at java.base/java.util.concurrent.Executors$RunnableAdapter.call(Executors.java:572)
	at java.base/java.util.concurrent.FutureTask.run(FutureTask.java:317)
	at java.base/java.util.concurrent.ThreadPoolExecutor.runWorker(ThreadPoolExecutor.java:1144)
	at java.base/java.util.concurrent.ThreadPoolExecutor$Worker.run(ThreadPoolExecutor.java:642)
	at java.base/java.lang.Thread.run(Thread.java:1583)
Caused by: org.apache.hadoop.hdds.scm.container.common.helpers.StorageContainerException: Chunks directory /home/runner/work/ozone/ozone/hadoop-ozone/integration-test/target/test-dir/MiniOzoneClusterImpl-aaa7dc72-7fbf-48e0-acc5-129182712624/ozone-meta/datanode-5/data-0/hdds/aaa7dc72-7fbf-48e0-acc5-129182712624/current/containerDir0/9/chunks does not exist.
	at org.apache.hadoop.ozone.container.common.transport.server.ratis.ContainerStateMachine.handleCommandResult(ContainerStateMachine.java:661)
	at org.apache.hadoop.ozone.container.common.transport.server.ratis.ContainerStateMachine.lambda$writeStateMachineData$2(ContainerStateMachine.java:623)
	... 4 more
2025-07-14 15:01:33,869 [EventQueue-PipelineActionsForPipelineActionHandler] INFO  pipeline.PipelineActionHandler (PipelineActionHandler.java:processPipelineAction(89)) - Received pipeline action CLOSE for Pipeline-a63a7d38-be8c-449b-928f-66ea1a40b3a7 from datanode 77d16558-8a68-4655-9235-107e22ba3c38(localhost/127.0.0.1). Reason : Chunks directory /home/runner/work/ozone/ozone/hadoop-ozone/integration-test/target/test-dir/MiniOzoneClusterImpl-aaa7dc72-7fbf-48e0-acc5-129182712624/ozone-meta/datanode-5/data-0/hdds/aaa7dc72-7fbf-48e0-acc5-129182712624/current/containerDir0/9/chunks does not exist.
2025-07-14 15:01:33,869 [pool-283-thread-1] WARN  keyvalue.KeyValueHandler (KeyValueHandler.java:updateAndGetContainerChecksum(1451)) - Container data checksum updated from 1bdd5b56 to 0
2025-07-14 15:01:33,870 [pool-283-thread-1] ERROR ozoneimpl.OnDemandContainerScanner (ContainerScanHelper.java:handleUnhealthyScanResult(119)) - Corruption detected in container [9]. Marking it UNHEALTHY. Container has 1 error: MISSING_CHUNKS_DIR for file /home/runner/work/ozone/ozone/hadoop-ozone/integration-test/target/test-dir/MiniOzoneClusterImpl-aaa7dc72-7fbf-48e0-acc5-129182712624/ozone-meta/datanode-5/data-0/hdds/aaa7dc72-7fbf-48e0-acc5-129182712624/current/containerDir0/9/chunks with exception: java.io.FileNotFoundException: Chunks directory /home/runner/work/ozone/ozone/hadoop-ozone/integration-test/target/test-dir/MiniOzoneClusterImpl-aaa7dc72-7fbf-48e0-acc5-129182712624/ozone-meta/datanode-5/data-0/hdds/aaa7dc72-7fbf-48e0-acc5-129182712624/current/containerDir0/9/chunks not found.
2025-07-14 15:01:33,868 [FixedThreadPoolWithAffinityExecutor-9-0] INFO  container.IncrementalContainerReportHandler (AbstractContainerReportHandler.java:updateContainerState(253)) - FINALIZE (i.e. CLOSING) Container #9 (OPEN, sid=12) r0 (UNHEALTHY, bcsid=12, origin=77d16558-8a68-4655-9235-107e22ba3c38, non-empty) from dn 77d16558-8a68-4655-9235-107e22ba3c38(localhost/127.0.0.1)
2025-07-14 15:01:33,873 [grpc-default-executor-5] WARN  server.GrpcLogAppender (LogUtils.java:warn(129)) - 52f0bf1a-a22c-4dfc-83f0-dd23f5b60a86@group-66EA1A40B3A7->77d16558-8a68-4655-9235-107e22ba3c38-AppendLogResponseHandler: Failed appendEntries
org.apache.hadoop.hdds.scm.container.common.helpers.StorageContainerException: Chunks directory /home/runner/work/ozone/ozone/hadoop-ozone/integration-test/target/test-dir/MiniOzoneClusterImpl-aaa7dc72-7fbf-48e0-acc5-129182712624/ozone-meta/datanode-5/data-0/hdds/aaa7dc72-7fbf-48e0-acc5-129182712624/current/containerDir0/9/chunks does not exist.
	at org.apache.hadoop.ozone.container.common.transport.server.ratis.ContainerStateMachine.handleCommandResult(ContainerStateMachine.java:661)
	at org.apache.hadoop.ozone.container.common.transport.server.ratis.ContainerStateMachine.lambda$writeStateMachineData$2(ContainerStateMachine.java:623)
	at java.base/java.util.concurrent.FutureTask.run(FutureTask.java:317)
	at java.base/java.util.concurrent.ThreadPoolExecutor.runWorker(ThreadPoolExecutor.java:1144)
	at java.base/java.util.concurrent.ThreadPoolExecutor$Worker.run(ThreadPoolExecutor.java:642)
	at java.base/java.lang.Thread.run(Thread.java:1583)
2025-07-14 15:01:33,873 [grpc-default-executor-5] INFO  leader.LogAppender (LogAppenderBase.java:lambda$getNextIndexForError$0(215)) - Decrease nextIndex to 15
2025-07-14 15:01:33,873 [grpc-default-executor-5] INFO  leader.LogAppender (LogAppenderBase.java:lambda$getNextIndexForError$0(215)) - Decrease nextIndex to 15
2025-07-14 15:01:33,873 [grpc-default-executor-5] INFO  leader.FollowerInfo (FollowerInfoImpl.java:info(70)) - 52f0bf1a-a22c-4dfc-83f0-dd23f5b60a86@group-66EA1A40B3A7->77d16558-8a68-4655-9235-107e22ba3c38: computeNextIndex nextIndex: updateUnconditionally 17 -> 15
2025-07-14 15:01:33,875 [EventQueue-PipelineActionsForPipelineActionHandler] INFO  pipeline.PipelineManagerImpl (PipelineManagerImpl.java:closeContainersForPipeline(489)) - Container #3 closed for pipeline=Pipeline-a63a7d38-be8c-449b-928f-66ea1a40b3a7
2025-07-14 15:01:33,875 [EventQueue-PipelineActionsForPipelineActionHandler] INFO  pipeline.PipelineManagerImpl (PipelineManagerImpl.java:closeContainersForPipeline(489)) - Container #9 closed for pipeline=Pipeline-a63a7d38-be8c-449b-928f-66ea1a40b3a7
2025-07-14 15:01:33,876 [EventQueue-CloseContainerForCloseContainerEventHandler] INFO  container.CloseContainerEventHandler (CloseContainerEventHandler.java:onMessage(88)) - Close container Event triggered for container : #3, current state: CLOSING
2025-07-14 15:01:33,876 [EventQueue-CloseContainerForCloseContainerEventHandler] INFO  container.CloseContainerEventHandler (CloseContainerEventHandler.java:onMessage(88)) - Close container Event triggered for container : #9, current state: CLOSING
2025-07-14 15:01:33,877 [EventQueue-PipelineActionsForPipelineActionHandler] INFO  pipeline.PipelineManagerImpl (PipelineManagerImpl.java:closePipeline(511)) - Pipeline Pipeline-a63a7d38-be8c-449b-928f-66ea1a40b3a7 moved to CLOSED state
2025-07-14 15:01:33,877 [EventQueue-PipelineActionsForPipelineActionHandler] INFO  pipeline.PipelineActionHandler (PipelineActionHandler.java:processPipelineAction(89)) - Received pipeline action CLOSE for Pipeline-a63a7d38-be8c-449b-928f-66ea1a40b3a7 from datanode 77d16558-8a68-4655-9235-107e22ba3c38(localhost/127.0.0.1). Reason : Chunks directory /home/runner/work/ozone/ozone/hadoop-ozone/integration-test/target/test-dir/MiniOzoneClusterImpl-aaa7dc72-7fbf-48e0-acc5-129182712624/ozone-meta/datanode-5/data-0/hdds/aaa7dc72-7fbf-48e0-acc5-129182712624/current/containerDir0/9/chunks does not exist.
2025-07-14 15:01:34,069 [EventQueue-PipelineActionsForPipelineActionHandler] INFO  pipeline.PipelineActionHandler (PipelineActionHandler.java:processPipelineAction(89)) - Received pipeline action CLOSE for Pipeline-a63a7d38-be8c-449b-928f-66ea1a40b3a7 from datanode 77d16558-8a68-4655-9235-107e22ba3c38(localhost/127.0.0.1). Reason : Chunks directory /home/runner/work/ozone/ozone/hadoop-ozone/integration-test/target/test-dir/MiniOzoneClusterImpl-aaa7dc72-7fbf-48e0-acc5-129182712624/ozone-meta/datanode-5/data-0/hdds/aaa7dc72-7fbf-48e0-acc5-129182712624/current/containerDir0/9/chunks does not exist.
2025-07-14 15:01:34,269 [EventQueue-PipelineActionsForPipelineActionHandler] INFO  pipeline.PipelineActionHandler (PipelineActionHandler.java:processPipelineAction(89)) - Received pipeline action CLOSE for Pipeline-a63a7d38-be8c-449b-928f-66ea1a40b3a7 from datanode 77d16558-8a68-4655-9235-107e22ba3c38(localhost/127.0.0.1). Reason : Chunks directory /home/runner/work/ozone/ozone/hadoop-ozone/integration-test/target/test-dir/MiniOzoneClusterImpl-aaa7dc72-7fbf-48e0-acc5-129182712624/ozone-meta/datanode-5/data-0/hdds/aaa7dc72-7fbf-48e0-acc5-129182712624/current/containerDir0/9/chunks does not exist.
2025-07-14 15:01:34,469 [EventQueue-PipelineActionsForPipelineActionHandler] INFO  pipeline.PipelineActionHandler (PipelineActionHandler.java:processPipelineAction(89)) - Received pipeline action CLOSE for Pipeline-a63a7d38-be8c-449b-928f-66ea1a40b3a7 from datanode 77d16558-8a68-4655-9235-107e22ba3c38(localhost/127.0.0.1). Reason : Chunks directory /home/runner/work/ozone/ozone/hadoop-ozone/integration-test/target/test-dir/MiniOzoneClusterImpl-aaa7dc72-7fbf-48e0-acc5-129182712624/ozone-meta/datanode-5/data-0/hdds/aaa7dc72-7fbf-48e0-acc5-129182712624/current/containerDir0/9/chunks does not exist.
2025-07-14 15:01:34,585 [timer4] WARN  server.GrpcLogAppender (LogUtils.java:warn(129)) - 77d16558-8a68-4655-9235-107e22ba3c38@group-B771F555DC8D->a505560f-c589-4eb5-89aa-a89970ae9358-AppendLogResponseHandler: Failed appendEntries (Repeated 3 times in the last 5.001s)
org.apache.ratis.protocol.exceptions.GroupMismatchException: a505560f-c589-4eb5-89aa-a89970ae9358: group-B771F555DC8D not found.
	at org.apache.ratis.server.impl.RaftServerProxy$ImplMap.get(RaftServerProxy.java:160)
	at org.apache.ratis.server.impl.RaftServerProxy.getImplFuture(RaftServerProxy.java:370)
	at org.apache.ratis.server.impl.RaftServerProxy.appendEntriesAsync(RaftServerProxy.java:650)
	at org.apache.ratis.grpc.server.GrpcServerProtocolService$1.process(GrpcServerProtocolService.java:245)
	at org.apache.ratis.grpc.server.GrpcServerProtocolService$1.process(GrpcServerProtocolService.java:242)
	at org.apache.ratis.grpc.server.GrpcServerProtocolService$ServerRequestStreamObserver.onNext(GrpcServerProtocolService.java:150)
	at org.apache.ratis.thirdparty.io.grpc.stub.ServerCalls$StreamingServerCallHandler$StreamingServerCallListener.onMessage(ServerCalls.java:262)
	at org.apache.ratis.thirdparty.io.grpc.internal.ServerCallImpl$ServerStreamListenerImpl.messagesAvailableInternal(ServerCallImpl.java:334)
	at org.apache.ratis.thirdparty.io.grpc.internal.ServerCallImpl$ServerStreamListenerImpl.messagesAvailable(ServerCallImpl.java:319)
	at org.apache.ratis.thirdparty.io.grpc.internal.ServerImpl$JumpToApplicationThreadServerStreamListener$1MessagesAvailable.runInContext(ServerImpl.java:834)
	at org.apache.ratis.thirdparty.io.grpc.internal.ContextRunnable.run(ContextRunnable.java:37)
	at org.apache.ratis.thirdparty.io.grpc.internal.SerializingExecutor.run(SerializingExecutor.java:133)
	at java.base/java.util.concurrent.ThreadPoolExecutor.runWorker(ThreadPoolExecutor.java:1144)
	at java.base/java.util.concurrent.ThreadPoolExecutor$Worker.run(ThreadPoolExecutor.java:642)
	at java.base/java.lang.Thread.run(Thread.java:1583)
2025-07-14 15:01:34,668 [EventQueue-PipelineActionsForPipelineActionHandler] INFO  pipeline.PipelineActionHandler (PipelineActionHandler.java:processPipelineAction(89)) - Received pipeline action CLOSE for Pipeline-a63a7d38-be8c-449b-928f-66ea1a40b3a7 from datanode 77d16558-8a68-4655-9235-107e22ba3c38(localhost/127.0.0.1). Reason : Chunks directory /home/runner/work/ozone/ozone/hadoop-ozone/integration-test/target/test-dir/MiniOzoneClusterImpl-aaa7dc72-7fbf-48e0-acc5-129182712624/ozone-meta/datanode-5/data-0/hdds/aaa7dc72-7fbf-48e0-acc5-129182712624/current/containerDir0/9/chunks does not exist.
2025-07-14 15:01:34,869 [EventQueue-PipelineActionsForPipelineActionHandler] INFO  pipeline.PipelineActionHandler (PipelineActionHandler.java:processPipelineAction(89)) - Received pipeline action CLOSE for Pipeline-a63a7d38-be8c-449b-928f-66ea1a40b3a7 from datanode 77d16558-8a68-4655-9235-107e22ba3c38(localhost/127.0.0.1). Reason : Chunks directory /home/runner/work/ozone/ozone/hadoop-ozone/integration-test/target/test-dir/MiniOzoneClusterImpl-aaa7dc72-7fbf-48e0-acc5-129182712624/ozone-meta/datanode-5/data-0/hdds/aaa7dc72-7fbf-48e0-acc5-129182712624/current/containerDir0/9/chunks does not exist.
2025-07-14 15:01:35,069 [EventQueue-PipelineActionsForPipelineActionHandler] INFO  pipeline.PipelineActionHandler (PipelineActionHandler.java:processPipelineAction(89)) - Received pipeline action CLOSE for Pipeline-a63a7d38-be8c-449b-928f-66ea1a40b3a7 from datanode 77d16558-8a68-4655-9235-107e22ba3c38(localhost/127.0.0.1). Reason : Chunks directory /home/runner/work/ozone/ozone/hadoop-ozone/integration-test/target/test-dir/MiniOzoneClusterImpl-aaa7dc72-7fbf-48e0-acc5-129182712624/ozone-meta/datanode-5/data-0/hdds/aaa7dc72-7fbf-48e0-acc5-129182712624/current/containerDir0/9/chunks does not exist.
2025-07-14 15:01:35,269 [EventQueue-PipelineActionsForPipelineActionHandler] INFO  pipeline.PipelineActionHandler (PipelineActionHandler.java:processPipelineAction(89)) - Received pipeline action CLOSE for Pipeline-a63a7d38-be8c-449b-928f-66ea1a40b3a7 from datanode 77d16558-8a68-4655-9235-107e22ba3c38(localhost/127.0.0.1). Reason : Chunks directory /home/runner/work/ozone/ozone/hadoop-ozone/integration-test/target/test-dir/MiniOzoneClusterImpl-aaa7dc72-7fbf-48e0-acc5-129182712624/ozone-meta/datanode-5/data-0/hdds/aaa7dc72-7fbf-48e0-acc5-129182712624/current/containerDir0/9/chunks does not exist.
2025-07-14 15:01:35,469 [EventQueue-PipelineActionsForPipelineActionHandler] INFO  pipeline.PipelineActionHandler (PipelineActionHandler.java:processPipelineAction(89)) - Received pipeline action CLOSE for Pipeline-a63a7d38-be8c-449b-928f-66ea1a40b3a7 from datanode 77d16558-8a68-4655-9235-107e22ba3c38(localhost/127.0.0.1). Reason : Chunks directory /home/runner/work/ozone/ozone/hadoop-ozone/integration-test/target/test-dir/MiniOzoneClusterImpl-aaa7dc72-7fbf-48e0-acc5-129182712624/ozone-meta/datanode-5/data-0/hdds/aaa7dc72-7fbf-48e0-acc5-129182712624/current/containerDir0/9/chunks does not exist.
2025-07-14 15:01:35,669 [EventQueue-PipelineActionsForPipelineActionHandler] INFO  pipeline.PipelineActionHandler (PipelineActionHandler.java:processPipelineAction(89)) - Received pipeline action CLOSE for Pipeline-a63a7d38-be8c-449b-928f-66ea1a40b3a7 from datanode 77d16558-8a68-4655-9235-107e22ba3c38(localhost/127.0.0.1). Reason : Chunks directory /home/runner/work/ozone/ozone/hadoop-ozone/integration-test/target/test-dir/MiniOzoneClusterImpl-aaa7dc72-7fbf-48e0-acc5-129182712624/ozone-meta/datanode-5/data-0/hdds/aaa7dc72-7fbf-48e0-acc5-129182712624/current/containerDir0/9/chunks does not exist.
2025-07-14 15:01:35,701 [77d16558-8a68-4655-9235-107e22ba3c38-server-thread1] WARN  server.GrpcServerProtocolService (LogUtils.java:warn(129)) - 77d16558-8a68-4655-9235-107e22ba3c38: Failed APPEND_ENTRIES request 52f0bf1a-a22c-4dfc-83f0-dd23f5b60a86->77d16558-8a68-4655-9235-107e22ba3c38#76-t1,previous=(t:1, i:14),leaderCommit=14,initializing? false,entries: size=2, first=(t:1, i:15), STATEMACHINELOGENTRY, WRITE: logData.size=154, stateMachineData.size=10, logEntryProtoSerializedSize=0
java.util.concurrent.CompletionException: org.apache.hadoop.hdds.scm.container.common.helpers.StorageContainerException: Chunks directory /home/runner/work/ozone/ozone/hadoop-ozone/integration-test/target/test-dir/MiniOzoneClusterImpl-aaa7dc72-7fbf-48e0-acc5-129182712624/ozone-meta/datanode-5/data-0/hdds/aaa7dc72-7fbf-48e0-acc5-129182712624/current/containerDir0/9/chunks does not exist.
	at java.base/java.util.concurrent.CompletableFuture.encodeThrowable(CompletableFuture.java:332)
	at java.base/java.util.concurrent.CompletableFuture.completeThrowable(CompletableFuture.java:347)
	at java.base/java.util.concurrent.CompletableFuture$BiRelay.tryFire(CompletableFuture.java:1498)
	at java.base/java.util.concurrent.CompletableFuture$CoCompletion.tryFire(CompletableFuture.java:1219)
	at java.base/java.util.concurrent.CompletableFuture.postComplete(CompletableFuture.java:510)
	at java.base/java.util.concurrent.CompletableFuture.completeExceptionally(CompletableFuture.java:2194)
	at org.apache.ratis.server.raftlog.segmented.SegmentedRaftLog$Task.failed(SegmentedRaftLog.java:109)
	at org.apache.ratis.server.raftlog.segmented.SegmentedRaftLogWorker$WriteLog.failed(SegmentedRaftLogWorker.java:530)
	at org.apache.ratis.server.raftlog.segmented.SegmentedRaftLogWorker.run(SegmentedRaftLogWorker.java:326)
	at java.base/java.util.concurrent.Executors$RunnableAdapter.call(Executors.java:572)
	at java.base/java.util.concurrent.FutureTask.run(FutureTask.java:317)
	at java.base/java.util.concurrent.ThreadPoolExecutor.runWorker(ThreadPoolExecutor.java:1144)
	at java.base/java.util.concurrent.ThreadPoolExecutor$Worker.run(ThreadPoolExecutor.java:642)
	at java.base/java.lang.Thread.run(Thread.java:1583)
Caused by: org.apache.hadoop.hdds.scm.container.common.helpers.StorageContainerException: Chunks directory /home/runner/work/ozone/ozone/hadoop-ozone/integration-test/target/test-dir/MiniOzoneClusterImpl-aaa7dc72-7fbf-48e0-acc5-129182712624/ozone-meta/datanode-5/data-0/hdds/aaa7dc72-7fbf-48e0-acc5-129182712624/current/containerDir0/9/chunks does not exist.
	at org.apache.hadoop.ozone.container.common.transport.server.ratis.ContainerStateMachine.handleCommandResult(ContainerStateMachine.java:661)
	at org.apache.hadoop.ozone.container.common.transport.server.ratis.ContainerStateMachine.lambda$writeStateMachineData$2(ContainerStateMachine.java:623)
	... 4 more
2025-07-14 15:01:35,702 [grpc-default-executor-3] INFO  leader.LogAppender (LogAppenderBase.java:lambda$getNextIndexForError$0(215)) - Decrease nextIndex to 15
2025-07-14 15:01:35,702 [grpc-default-executor-3] INFO  leader.LogAppender (LogAppenderBase.java:lambda$getNextIndexForError$0(215)) - Decrease nextIndex to 15
2025-07-14 15:01:35,702 [grpc-default-executor-3] INFO  leader.FollowerInfo (FollowerInfoImpl.java:info(70)) - 52f0bf1a-a22c-4dfc-83f0-dd23f5b60a86@group-66EA1A40B3A7->77d16558-8a68-4655-9235-107e22ba3c38: computeNextIndex nextIndex: updateUnconditionally 17 -> 15
2025-07-14 15:01:35,870 [EventQueue-PipelineActionsForPipelineActionHandler] INFO  pipeline.PipelineActionHandler (PipelineActionHandler.java:processPipelineAction(89)) - Received pipeline action CLOSE for Pipeline-a63a7d38-be8c-449b-928f-66ea1a40b3a7 from datanode 77d16558-8a68-4655-9235-107e22ba3c38(localhost/127.0.0.1). Reason : Chunks directory /home/runner/work/ozone/ozone/hadoop-ozone/integration-test/target/test-dir/MiniOzoneClusterImpl-aaa7dc72-7fbf-48e0-acc5-129182712624/ozone-meta/datanode-5/data-0/hdds/aaa7dc72-7fbf-48e0-acc5-129182712624/current/containerDir0/9/chunks does not exist.
2025-07-14 15:01:36,070 [EventQueue-PipelineActionsForPipelineActionHandler] INFO  pipeline.PipelineActionHandler (PipelineActionHandler.java:processPipelineAction(89)) - Received pipeline action CLOSE for Pipeline-a63a7d38-be8c-449b-928f-66ea1a40b3a7 from datanode 77d16558-8a68-4655-9235-107e22ba3c38(localhost/127.0.0.1). Reason : Chunks directory /home/runner/work/ozone/ozone/hadoop-ozone/integration-test/target/test-dir/MiniOzoneClusterImpl-aaa7dc72-7fbf-48e0-acc5-129182712624/ozone-meta/datanode-5/data-0/hdds/aaa7dc72-7fbf-48e0-acc5-129182712624/current/containerDir0/9/chunks does not exist.
2025-07-14 15:01:36,270 [EventQueue-PipelineActionsForPipelineActionHandler] INFO  pipeline.PipelineActionHandler (PipelineActionHandler.java:processPipelineAction(89)) - Received pipeline action CLOSE for Pipeline-a63a7d38-be8c-449b-928f-66ea1a40b3a7 from datanode 77d16558-8a68-4655-9235-107e22ba3c38(localhost/127.0.0.1). Reason : Chunks directory /home/runner/work/ozone/ozone/hadoop-ozone/integration-test/target/test-dir/MiniOzoneClusterImpl-aaa7dc72-7fbf-48e0-acc5-129182712624/ozone-meta/datanode-5/data-0/hdds/aaa7dc72-7fbf-48e0-acc5-129182712624/current/containerDir0/9/chunks does not exist.
2025-07-14 15:01:36,470 [EventQueue-PipelineActionsForPipelineActionHandler] INFO  pipeline.PipelineActionHandler (PipelineActionHandler.java:processPipelineAction(89)) - Received pipeline action CLOSE for Pipeline-a63a7d38-be8c-449b-928f-66ea1a40b3a7 from datanode 77d16558-8a68-4655-9235-107e22ba3c38(localhost/127.0.0.1). Reason : Chunks directory /home/runner/work/ozone/ozone/hadoop-ozone/integration-test/target/test-dir/MiniOzoneClusterImpl-aaa7dc72-7fbf-48e0-acc5-129182712624/ozone-meta/datanode-5/data-0/hdds/aaa7dc72-7fbf-48e0-acc5-129182712624/current/containerDir0/9/chunks does not exist.
2025-07-14 15:01:36,474 [77d16558-8a68-4655-9235-107e22ba3c38-CloseContainerThread-2] WARN  keyvalue.KeyValueHandler (KeyValueHandler.java:updateAndGetContainerChecksum(1451)) - Container data checksum updated from 0 to 51339e84
2025-07-14 15:01:36,474 [EventQueue-PipelineActionsForPipelineActionHandler] INFO  pipeline.PipelineActionHandler (PipelineActionHandler.java:processPipelineAction(89)) - Received pipeline action CLOSE for Pipeline-a63a7d38-be8c-449b-928f-66ea1a40b3a7 from datanode 77d16558-8a68-4655-9235-107e22ba3c38(localhost/127.0.0.1). Reason : Chunks directory /home/runner/work/ozone/ozone/hadoop-ozone/integration-test/target/test-dir/MiniOzoneClusterImpl-aaa7dc72-7fbf-48e0-acc5-129182712624/ozone-meta/datanode-5/data-0/hdds/aaa7dc72-7fbf-48e0-acc5-129182712624/current/containerDir0/9/chunks does not exist.
2025-07-14 15:01:36,474 [77d16558-8a68-4655-9235-107e22ba3c38-CloseContainerThread-2] INFO  commandhandler.CloseContainerCommandHandler (CloseContainerCommandHandler.java:lambda$handle$0(154)) - Follower cannot close container #3.
2025-07-14 15:01:36,675 [EventQueue-PipelineActionsForPipelineActionHandler] INFO  pipeline.PipelineActionHandler (PipelineActionHandler.java:processPipelineAction(89)) - Received pipeline action CLOSE for Pipeline-a63a7d38-be8c-449b-928f-66ea1a40b3a7 from datanode 77d16558-8a68-4655-9235-107e22ba3c38(localhost/127.0.0.1). Reason : Chunks directory /home/runner/work/ozone/ozone/hadoop-ozone/integration-test/target/test-dir/MiniOzoneClusterImpl-aaa7dc72-7fbf-48e0-acc5-129182712624/ozone-meta/datanode-5/data-0/hdds/aaa7dc72-7fbf-48e0-acc5-129182712624/current/containerDir0/9/chunks does not exist.
2025-07-14 15:01:36,793 [52f0bf1a-a22c-4dfc-83f0-dd23f5b60a86-CloseContainerThread-1] WARN  keyvalue.KeyValueHandler (KeyValueHandler.java:updateAndGetContainerChecksum(1451)) - Container data checksum updated from 0 to 1bdd5b56
2025-07-14 15:01:36,793 [52f0bf1a-a22c-4dfc-83f0-dd23f5b60a86-CloseContainerThread-2] WARN  keyvalue.KeyValueHandler (KeyValueHandler.java:updateAndGetContainerChecksum(1451)) - Container data checksum updated from 0 to 51339e84
2025-07-14 15:01:36,796 [77d16558-8a68-4655-9235-107e22ba3c38-server-thread1] WARN  server.GrpcServerProtocolService (LogUtils.java:warn(129)) - 77d16558-8a68-4655-9235-107e22ba3c38: Failed APPEND_ENTRIES request 52f0bf1a-a22c-4dfc-83f0-dd23f5b60a86->77d16558-8a68-4655-9235-107e22ba3c38#77-t1,previous=(t:1, i:14),leaderCommit=14,initializing? false,entries: size=3, first=(t:1, i:15), STATEMACHINELOGENTRY, WRITE: logData.size=154, stateMachineData.size=10, logEntryProtoSerializedSize=0
java.util.concurrent.CompletionException: org.apache.hadoop.hdds.scm.container.common.helpers.StorageContainerException: Chunks directory /home/runner/work/ozone/ozone/hadoop-ozone/integration-test/target/test-dir/MiniOzoneClusterImpl-aaa7dc72-7fbf-48e0-acc5-129182712624/ozone-meta/datanode-5/data-0/hdds/aaa7dc72-7fbf-48e0-acc5-129182712624/current/containerDir0/9/chunks does not exist.
	at java.base/java.util.concurrent.CompletableFuture.encodeThrowable(CompletableFuture.java:332)
	at java.base/java.util.concurrent.CompletableFuture.completeThrowable(CompletableFuture.java:347)
	at java.base/java.util.concurrent.CompletableFuture$BiRelay.tryFire(CompletableFuture.java:1498)
	at java.base/java.util.concurrent.CompletableFuture$CoCompletion.tryFire(CompletableFuture.java:1219)
	at java.base/java.util.concurrent.CompletableFuture.postComplete(CompletableFuture.java:510)
	at java.base/java.util.concurrent.CompletableFuture.completeExceptionally(CompletableFuture.java:2194)
	at org.apache.ratis.server.raftlog.segmented.SegmentedRaftLog$Task.failed(SegmentedRaftLog.java:109)
	at org.apache.ratis.server.raftlog.segmented.SegmentedRaftLogWorker$WriteLog.failed(SegmentedRaftLogWorker.java:530)
	at org.apache.ratis.server.raftlog.segmented.SegmentedRaftLogWorker.run(SegmentedRaftLogWorker.java:326)
	at java.base/java.util.concurrent.Executors$RunnableAdapter.call(Executors.java:572)
	at java.base/java.util.concurrent.FutureTask.run(FutureTask.java:317)
	at java.base/java.util.concurrent.ThreadPoolExecutor.runWorker(ThreadPoolExecutor.java:1144)
	at java.base/java.util.concurrent.ThreadPoolExecutor$Worker.run(ThreadPoolExecutor.java:642)
	at java.base/java.lang.Thread.run(Thread.java:1583)
Caused by: org.apache.hadoop.hdds.scm.container.common.helpers.StorageContainerException: Chunks directory /home/runner/work/ozone/ozone/hadoop-ozone/integration-test/target/test-dir/MiniOzoneClusterImpl-aaa7dc72-7fbf-48e0-acc5-129182712624/ozone-meta/datanode-5/data-0/hdds/aaa7dc72-7fbf-48e0-acc5-129182712624/current/containerDir0/9/chunks does not exist.
	at org.apache.hadoop.ozone.container.common.transport.server.ratis.ContainerStateMachine.handleCommandResult(ContainerStateMachine.java:661)
	at org.apache.hadoop.ozone.container.common.transport.server.ratis.ContainerStateMachine.lambda$writeStateMachineData$2(ContainerStateMachine.java:623)
	... 4 more
2025-07-14 15:01:36,797 [grpc-default-executor-4] INFO  leader.LogAppender (LogAppenderBase.java:lambda$getNextIndexForError$0(215)) - Decrease nextIndex to 15
2025-07-14 15:01:36,797 [grpc-default-executor-4] INFO  leader.LogAppender (LogAppenderBase.java:lambda$getNextIndexForError$0(215)) - Decrease nextIndex to 15
2025-07-14 15:01:36,797 [grpc-default-executor-4] INFO  leader.FollowerInfo (FollowerInfoImpl.java:info(70)) - 52f0bf1a-a22c-4dfc-83f0-dd23f5b60a86@group-66EA1A40B3A7->77d16558-8a68-4655-9235-107e22ba3c38: computeNextIndex nextIndex: updateUnconditionally 18 -> 15
2025-07-14 15:01:36,856 [timer5] ERROR impl.OrderedAsync (OrderedAsync.java:lambda$null$6(215)) -  client-1C5602CD21E9: Failed* RaftClientRequest:client-1C5602CD21E9->52f0bf1a-a22c-4dfc-83f0-dd23f5b60a86@group-66EA1A40B3A7, cid=177, seq=4, RW, cmdType: WriteChunk
traceID: ""
containerID: 9
datanodeUuid: "52f0bf1a-a22c-4dfc-83f0-dd23f5b60a86"
writeChunk {
  blockID {
    containerID: 9
    localID: 115816896921600009
    blockCommitSequenceId: 12
    replicaIndex: 0
  }
  chunkData {
    chunkName: "115816896921600009_chunk_2"
    offset: 5
    len: 10
    checksumData {
      type: CRC32
      bytesPerChecksum: 16384
      checksums: "\317\357R*"
    }
  }
}
version: 3
, data.size=10
java.util.concurrent.CompletionException: org.apache.ratis.protocol.exceptions.TimeoutIOException: client-1C5602CD21E9->52f0bf1a-a22c-4dfc-83f0-dd23f5b60a86 request #177 timeout 3000ms
	at java.base/java.util.concurrent.CompletableFuture.encodeThrowable(CompletableFuture.java:332)
	at java.base/java.util.concurrent.CompletableFuture.completeThrowable(CompletableFuture.java:347)
	at java.base/java.util.concurrent.CompletableFuture$UniAccept.tryFire(CompletableFuture.java:708)
	at java.base/java.util.concurrent.CompletableFuture.postComplete(CompletableFuture.java:510)
	at java.base/java.util.concurrent.CompletableFuture.completeExceptionally(CompletableFuture.java:2194)
	at org.apache.ratis.grpc.client.GrpcClientProtocolClient$AsyncStreamObservers.lambda$timeoutCheck$5(GrpcClientProtocolClient.java:376)
	at java.base/java.util.Optional.ifPresent(Optional.java:178)
	at org.apache.ratis.grpc.client.GrpcClientProtocolClient$AsyncStreamObservers.handleReplyFuture(GrpcClientProtocolClient.java:381)
	at org.apache.ratis.grpc.client.GrpcClientProtocolClient$AsyncStreamObservers.timeoutCheck(GrpcClientProtocolClient.java:376)
	at org.apache.ratis.grpc.client.GrpcClientProtocolClient$AsyncStreamObservers.lambda$onNext$3(GrpcClientProtocolClient.java:369)
	at org.apache.ratis.util.TimeoutTimer.lambda$onTimeout$2(TimeoutTimer.java:101)
	at org.apache.ratis.util.LogUtils.runAndLog(LogUtils.java:38)
	at org.apache.ratis.util.LogUtils$1.run(LogUtils.java:78)
	at org.apache.ratis.util.TimeoutTimer$Task.run(TimeoutTimer.java:55)
	at java.base/java.util.TimerThread.mainLoop(Timer.java:566)
	at java.base/java.util.TimerThread.run(Timer.java:516)
Caused by: org.apache.ratis.protocol.exceptions.TimeoutIOException: client-1C5602CD21E9->52f0bf1a-a22c-4dfc-83f0-dd23f5b60a86 request #177 timeout 3000ms
	at org.apache.ratis.grpc.client.GrpcClientProtocolClient$AsyncStreamObservers.lambda$timeoutCheck$5(GrpcClientProtocolClient.java:377)
	... 10 more
2025-07-14 15:01:36,857 [timer6] ERROR impl.OrderedAsync (OrderedAsync.java:lambda$null$6(215)) -  client-1C5602CD21E9: Failed* RaftClientRequest:client-1C5602CD21E9->52f0bf1a-a22c-4dfc-83f0-dd23f5b60a86@group-66EA1A40B3A7, cid=178, seq=5, RW, cmdType: PutBlock
traceID: ""
containerID: 9
datanodeUuid: "52f0bf1a-a22c-4dfc-83f0-dd23f5b60a86"
putBlock {
  blockData {
    blockID {
      containerID: 9
      localID: 115816896921600009
      blockCommitSequenceId: 0
    }
    metadata {
      key: "TYPE"
      value: "KEY"
    }
    chunks {
      chunkName: "115816896921600009_chunk_1"
      offset: 0
      len: 5
      checksumData {
        type: CRC32
        bytesPerChecksum: 16384
        checksums: "\350a\3440"
      }
    }
    chunks {
      chunkName: "115816896921600009_chunk_2"
      offset: 5
      len: 10
      checksumData {
        type: CRC32
        bytesPerChecksum: 16384
        checksums: "\317\357R*"
      }
    }
  }
  eof: false
}
version: 3
, data.size=0
java.util.concurrent.CompletionException: org.apache.ratis.protocol.exceptions.TimeoutIOException: client-1C5602CD21E9->52f0bf1a-a22c-4dfc-83f0-dd23f5b60a86 request #178 timeout 3000ms
	at java.base/java.util.concurrent.CompletableFuture.encodeThrowable(CompletableFuture.java:332)
	at java.base/java.util.concurrent.CompletableFuture.completeThrowable(CompletableFuture.java:347)
	at java.base/java.util.concurrent.CompletableFuture$UniAccept.tryFire(CompletableFuture.java:708)
	at java.base/java.util.concurrent.CompletableFuture.postComplete(CompletableFuture.java:510)
	at java.base/java.util.concurrent.CompletableFuture.completeExceptionally(CompletableFuture.java:2194)
	at org.apache.ratis.grpc.client.GrpcClientProtocolClient$AsyncStreamObservers.lambda$timeoutCheck$5(GrpcClientProtocolClient.java:376)
	at java.base/java.util.Optional.ifPresent(Optional.java:178)
	at org.apache.ratis.grpc.client.GrpcClientProtocolClient$AsyncStreamObservers.handleReplyFuture(GrpcClientProtocolClient.java:381)
	at org.apache.ratis.grpc.client.GrpcClientProtocolClient$AsyncStreamObservers.timeoutCheck(GrpcClientProtocolClient.java:376)
	at org.apache.ratis.grpc.client.GrpcClientProtocolClient$AsyncStreamObservers.lambda$onNext$3(GrpcClientProtocolClient.java:369)
	at org.apache.ratis.util.TimeoutTimer.lambda$onTimeout$2(TimeoutTimer.java:101)
	at org.apache.ratis.util.LogUtils.runAndLog(LogUtils.java:38)
	at org.apache.ratis.util.LogUtils$1.run(LogUtils.java:78)
	at org.apache.ratis.util.TimeoutTimer$Task.run(TimeoutTimer.java:55)
	at java.base/java.util.TimerThread.mainLoop(Timer.java:566)
	at java.base/java.util.TimerThread.run(Timer.java:516)
Caused by: org.apache.ratis.protocol.exceptions.TimeoutIOException: client-1C5602CD21E9->52f0bf1a-a22c-4dfc-83f0-dd23f5b60a86 request #178 timeout 3000ms
	at org.apache.ratis.grpc.client.GrpcClientProtocolClient$AsyncStreamObservers.lambda$timeoutCheck$5(GrpcClientProtocolClient.java:377)
	... 10 more
2025-07-14 15:01:36,875 [EventQueue-PipelineActionsForPipelineActionHandler] INFO  pipeline.PipelineActionHandler (PipelineActionHandler.java:processPipelineAction(89)) - Received pipeline action CLOSE for Pipeline-a63a7d38-be8c-449b-928f-66ea1a40b3a7 from datanode 77d16558-8a68-4655-9235-107e22ba3c38(localhost/127.0.0.1). Reason : Chunks directory /home/runner/work/ozone/ozone/hadoop-ozone/integration-test/target/test-dir/MiniOzoneClusterImpl-aaa7dc72-7fbf-48e0-acc5-129182712624/ozone-meta/datanode-5/data-0/hdds/aaa7dc72-7fbf-48e0-acc5-129182712624/current/containerDir0/9/chunks does not exist.
2025-07-14 15:01:36,894 [a505560f-c589-4eb5-89aa-a89970ae9358-CloseContainerThread-0] INFO  commandhandler.CloseContainerCommandHandler (CloseContainerCommandHandler.java:lambda$handle$0(105)) - Container #9 does not exist in datanode. Its pipeline may have closed before it was created. Container close failed.
2025-07-14 15:01:36,898 [a505560f-c589-4eb5-89aa-a89970ae9358-CloseContainerThread-1] WARN  keyvalue.KeyValueHandler (KeyValueHandler.java:updateAndGetContainerChecksum(1451)) - Container data checksum updated from 0 to 51339e84
2025-07-14 15:01:36,899 [a505560f-c589-4eb5-89aa-a89970ae9358-CloseContainerThread-1] INFO  keyvalue.KeyValueContainer (KeyValueContainer.java:flushAndSyncDB(514)) - Synced container: KeyValueContainerData #3 (CLOSING, non-empty, ri=0, origin=[dn_a505560f-c589-4eb5-89aa-a89970ae9358, pipeline_a63a7d38-be8c-449b-928f-66ea1a40b3a7])
2025-07-14 15:01:36,899 [a505560f-c589-4eb5-89aa-a89970ae9358-CloseContainerThread-1] INFO  keyvalue.KeyValueContainer (KeyValueContainer.java:flushAndSyncDB(514)) - Synced container: KeyValueContainerData #3 (CLOSING, non-empty, ri=0, origin=[dn_a505560f-c589-4eb5-89aa-a89970ae9358, pipeline_a63a7d38-be8c-449b-928f-66ea1a40b3a7])
2025-07-14 15:01:36,902 [a505560f-c589-4eb5-89aa-a89970ae9358-CloseContainerThread-1] INFO  commandhandler.CloseContainerCommandHandler (CloseContainerCommandHandler.java:lambda$handle$0(135)) - Marking Container 3 quasi closed
2025-07-14 15:01:36,903 [FixedThreadPoolWithAffinityExecutor-9-0] INFO  container.IncrementalContainerReportHandler (AbstractContainerReportHandler.java:updateContainerState(264)) - QUASI_CLOSE Container #3 (CLOSING, sid=9) r0 (QUASI_CLOSED, bcsid=9, origin=a505560f-c589-4eb5-89aa-a89970ae9358, non-empty) from dn a505560f-c589-4eb5-89aa-a89970ae9358(localhost/127.0.0.1)
2025-07-14 15:01:37,075 [EventQueue-PipelineActionsForPipelineActionHandler] INFO  pipeline.PipelineActionHandler (PipelineActionHandler.java:processPipelineAction(89)) - Received pipeline action CLOSE for Pipeline-a63a7d38-be8c-449b-928f-66ea1a40b3a7 from datanode 77d16558-8a68-4655-9235-107e22ba3c38(localhost/127.0.0.1). Reason : Chunks directory /home/runner/work/ozone/ozone/hadoop-ozone/integration-test/target/test-dir/MiniOzoneClusterImpl-aaa7dc72-7fbf-48e0-acc5-129182712624/ozone-meta/datanode-5/data-0/hdds/aaa7dc72-7fbf-48e0-acc5-129182712624/current/containerDir0/9/chunks does not exist.
2025-07-14 15:01:37,276 [EventQueue-PipelineActionsForPipelineActionHandler] INFO  pipeline.PipelineActionHandler (PipelineActionHandler.java:processPipelineAction(89)) - Received pipeline action CLOSE for Pipeline-a63a7d38-be8c-449b-928f-66ea1a40b3a7 from datanode 77d16558-8a68-4655-9235-107e22ba3c38(localhost/127.0.0.1). Reason : Chunks directory /home/runner/work/ozone/ozone/hadoop-ozone/integration-test/target/test-dir/MiniOzoneClusterImpl-aaa7dc72-7fbf-48e0-acc5-129182712624/ozone-meta/datanode-5/data-0/hdds/aaa7dc72-7fbf-48e0-acc5-129182712624/current/containerDir0/9/chunks does not exist.
2025-07-14 15:01:37,476 [EventQueue-PipelineActionsForPipelineActionHandler] INFO  pipeline.PipelineActionHandler (PipelineActionHandler.java:processPipelineAction(89)) - Received pipeline action CLOSE for Pipeline-a63a7d38-be8c-449b-928f-66ea1a40b3a7 from datanode 77d16558-8a68-4655-9235-107e22ba3c38(localhost/127.0.0.1). Reason : Chunks directory /home/runner/work/ozone/ozone/hadoop-ozone/integration-test/target/test-dir/MiniOzoneClusterImpl-aaa7dc72-7fbf-48e0-acc5-129182712624/ozone-meta/datanode-5/data-0/hdds/aaa7dc72-7fbf-48e0-acc5-129182712624/current/containerDir0/9/chunks does not exist.
2025-07-14 15:01:37,677 [EventQueue-PipelineActionsForPipelineActionHandler] INFO  pipeline.PipelineActionHandler (PipelineActionHandler.java:processPipelineAction(89)) - Received pipeline action CLOSE for Pipeline-a63a7d38-be8c-449b-928f-66ea1a40b3a7 from datanode 77d16558-8a68-4655-9235-107e22ba3c38(localhost/127.0.0.1). Reason : Chunks directory /home/runner/work/ozone/ozone/hadoop-ozone/integration-test/target/test-dir/MiniOzoneClusterImpl-aaa7dc72-7fbf-48e0-acc5-129182712624/ozone-meta/datanode-5/data-0/hdds/aaa7dc72-7fbf-48e0-acc5-129182712624/current/containerDir0/9/chunks does not exist.
2025-07-14 15:01:37,854 [timer1] WARN  server.GrpcLogAppender (GrpcLogAppender.java:timeoutAppendRequest(448)) - 77d16558-8a68-4655-9235-107e22ba3c38@group-B771F555DC8D->a505560f-c589-4eb5-89aa-a89970ae9358-GrpcLogAppender: Timed out HEARTBEAT appendEntries, errorCount=32, request=AppendEntriesRequest:cid=67,entriesCount=0
2025-07-14 15:01:37,877 [EventQueue-PipelineActionsForPipelineActionHandler] INFO  pipeline.PipelineActionHandler (PipelineActionHandler.java:processPipelineAction(89)) - Received pipeline action CLOSE for Pipeline-a63a7d38-be8c-449b-928f-66ea1a40b3a7 from datanode 77d16558-8a68-4655-9235-107e22ba3c38(localhost/127.0.0.1). Reason : Chunks directory /home/runner/work/ozone/ozone/hadoop-ozone/integration-test/target/test-dir/MiniOzoneClusterImpl-aaa7dc72-7fbf-48e0-acc5-129182712624/ozone-meta/datanode-5/data-0/hdds/aaa7dc72-7fbf-48e0-acc5-129182712624/current/containerDir0/9/chunks does not exist.
2025-07-14 15:01:38,077 [EventQueue-PipelineActionsForPipelineActionHandler] INFO  pipeline.PipelineActionHandler (PipelineActionHandler.java:processPipelineAction(89)) - Received pipeline action CLOSE for Pipeline-a63a7d38-be8c-449b-928f-66ea1a40b3a7 from datanode 77d16558-8a68-4655-9235-107e22ba3c38(localhost/127.0.0.1). Reason : Chunks directory /home/runner/work/ozone/ozone/hadoop-ozone/integration-test/target/test-dir/MiniOzoneClusterImpl-aaa7dc72-7fbf-48e0-acc5-129182712624/ozone-meta/datanode-5/data-0/hdds/aaa7dc72-7fbf-48e0-acc5-129182712624/current/containerDir0/9/chunks does not exist.
2025-07-14 15:01:38,203 [77d16558-8a68-4655-9235-107e22ba3c38-server-thread1] WARN  server.GrpcServerProtocolService (LogUtils.java:warn(129)) - 77d16558-8a68-4655-9235-107e22ba3c38: Failed APPEND_ENTRIES request 52f0bf1a-a22c-4dfc-83f0-dd23f5b60a86->77d16558-8a68-4655-9235-107e22ba3c38#79-t1,previous=(t:1, i:14),leaderCommit=14,initializing? false,entries: size=4, first=(t:1, i:15), STATEMACHINELOGENTRY, WRITE: logData.size=154, stateMachineData.size=10, logEntryProtoSerializedSize=0
java.util.concurrent.CompletionException: org.apache.hadoop.hdds.scm.container.common.helpers.StorageContainerException: Chunks directory /home/runner/work/ozone/ozone/hadoop-ozone/integration-test/target/test-dir/MiniOzoneClusterImpl-aaa7dc72-7fbf-48e0-acc5-129182712624/ozone-meta/datanode-5/data-0/hdds/aaa7dc72-7fbf-48e0-acc5-129182712624/current/containerDir0/9/chunks does not exist.
	at java.base/java.util.concurrent.CompletableFuture.encodeThrowable(CompletableFuture.java:332)
	at java.base/java.util.concurrent.CompletableFuture.completeThrowable(CompletableFuture.java:347)
	at java.base/java.util.concurrent.CompletableFuture$BiRelay.tryFire(CompletableFuture.java:1498)
	at java.base/java.util.concurrent.CompletableFuture$CoCompletion.tryFire(CompletableFuture.java:1219)
	at java.base/java.util.concurrent.CompletableFuture.postComplete(CompletableFuture.java:510)
	at java.base/java.util.concurrent.CompletableFuture.completeExceptionally(CompletableFuture.java:2194)
	at org.apache.ratis.server.raftlog.segmented.SegmentedRaftLog$Task.failed(SegmentedRaftLog.java:109)
	at org.apache.ratis.server.raftlog.segmented.SegmentedRaftLogWorker$WriteLog.failed(SegmentedRaftLogWorker.java:530)
	at org.apache.ratis.server.raftlog.segmented.SegmentedRaftLogWorker.run(SegmentedRaftLogWorker.java:326)
	at java.base/java.util.concurrent.Executors$RunnableAdapter.call(Executors.java:572)
	at java.base/java.util.concurrent.FutureTask.run(FutureTask.java:317)
	at java.base/java.util.concurrent.ThreadPoolExecutor.runWorker(ThreadPoolExecutor.java:1144)
	at java.base/java.util.concurrent.ThreadPoolExecutor$Worker.run(ThreadPoolExecutor.java:642)
	at java.base/java.lang.Thread.run(Thread.java:1583)
Caused by: org.apache.hadoop.hdds.scm.container.common.helpers.StorageContainerException: Chunks directory /home/runner/work/ozone/ozone/hadoop-ozone/integration-test/target/test-dir/MiniOzoneClusterImpl-aaa7dc72-7fbf-48e0-acc5-129182712624/ozone-meta/datanode-5/data-0/hdds/aaa7dc72-7fbf-48e0-acc5-129182712624/current/containerDir0/9/chunks does not exist.
	at org.apache.hadoop.ozone.container.common.transport.server.ratis.ContainerStateMachine.handleCommandResult(ContainerStateMachine.java:661)
	at org.apache.hadoop.ozone.container.common.transport.server.ratis.ContainerStateMachine.lambda$writeStateMachineData$2(ContainerStateMachine.java:623)
	... 4 more
2025-07-14 15:01:38,204 [grpc-default-executor-6] INFO  leader.LogAppender (LogAppenderBase.java:lambda$getNextIndexForError$0(215)) - Decrease nextIndex to 15
2025-07-14 15:01:38,204 [grpc-default-executor-6] INFO  leader.LogAppender (LogAppenderBase.java:lambda$getNextIndexForError$0(215)) - Decrease nextIndex to 15
2025-07-14 15:01:38,204 [grpc-default-executor-6] INFO  leader.FollowerInfo (FollowerInfoImpl.java:info(70)) - 52f0bf1a-a22c-4dfc-83f0-dd23f5b60a86@group-66EA1A40B3A7->77d16558-8a68-4655-9235-107e22ba3c38: computeNextIndex nextIndex: updateUnconditionally 19 -> 15
2025-07-14 15:01:38,277 [EventQueue-PipelineActionsForPipelineActionHandler] INFO  pipeline.PipelineActionHandler (PipelineActionHandler.java:processPipelineAction(89)) - Received pipeline action CLOSE for Pipeline-a63a7d38-be8c-449b-928f-66ea1a40b3a7 from datanode 77d16558-8a68-4655-9235-107e22ba3c38(localhost/127.0.0.1). Reason : Chunks directory /home/runner/work/ozone/ozone/hadoop-ozone/integration-test/target/test-dir/MiniOzoneClusterImpl-aaa7dc72-7fbf-48e0-acc5-129182712624/ozone-meta/datanode-5/data-0/hdds/aaa7dc72-7fbf-48e0-acc5-129182712624/current/containerDir0/9/chunks does not exist.
2025-07-14 15:01:38,477 [EventQueue-PipelineActionsForPipelineActionHandler] INFO  pipeline.PipelineActionHandler (PipelineActionHandler.java:processPipelineAction(89)) - Received pipeline action CLOSE for Pipeline-a63a7d38-be8c-449b-928f-66ea1a40b3a7 from datanode 77d16558-8a68-4655-9235-107e22ba3c38(localhost/127.0.0.1). Reason : Chunks directory /home/runner/work/ozone/ozone/hadoop-ozone/integration-test/target/test-dir/MiniOzoneClusterImpl-aaa7dc72-7fbf-48e0-acc5-129182712624/ozone-meta/datanode-5/data-0/hdds/aaa7dc72-7fbf-48e0-acc5-129182712624/current/containerDir0/9/chunks does not exist.
2025-07-14 15:01:38,677 [EventQueue-PipelineActionsForPipelineActionHandler] INFO  pipeline.PipelineActionHandler (PipelineActionHandler.java:processPipelineAction(89)) - Received pipeline action CLOSE for Pipeline-a63a7d38-be8c-449b-928f-66ea1a40b3a7 from datanode 77d16558-8a68-4655-9235-107e22ba3c38(localhost/127.0.0.1). Reason : Chunks directory /home/runner/work/ozone/ozone/hadoop-ozone/integration-test/target/test-dir/MiniOzoneClusterImpl-aaa7dc72-7fbf-48e0-acc5-129182712624/ozone-meta/datanode-5/data-0/hdds/aaa7dc72-7fbf-48e0-acc5-129182712624/current/containerDir0/9/chunks does not exist.
2025-07-14 15:01:38,873 [timer3] WARN  server.GrpcLogAppender (LogUtils.java:warn(129)) - 52f0bf1a-a22c-4dfc-83f0-dd23f5b60a86@group-66EA1A40B3A7->77d16558-8a68-4655-9235-107e22ba3c38-AppendLogResponseHandler: Failed appendEntries (Repeated 4 times in the last 5.001s)
org.apache.hadoop.hdds.scm.container.common.helpers.StorageContainerException: Chunks directory /home/runner/work/ozone/ozone/hadoop-ozone/integration-test/target/test-dir/MiniOzoneClusterImpl-aaa7dc72-7fbf-48e0-acc5-129182712624/ozone-meta/datanode-5/data-0/hdds/aaa7dc72-7fbf-48e0-acc5-129182712624/current/containerDir0/9/chunks does not exist.
	at org.apache.hadoop.ozone.container.common.transport.server.ratis.ContainerStateMachine.handleCommandResult(ContainerStateMachine.java:661)
	at org.apache.hadoop.ozone.container.common.transport.server.ratis.ContainerStateMachine.lambda$writeStateMachineData$2(ContainerStateMachine.java:623)
	at java.base/java.util.concurrent.FutureTask.run(FutureTask.java:317)
	at java.base/java.util.concurrent.ThreadPoolExecutor.runWorker(ThreadPoolExecutor.java:1144)
	at java.base/java.util.concurrent.ThreadPoolExecutor$Worker.run(ThreadPoolExecutor.java:642)
	at java.base/java.lang.Thread.run(Thread.java:1583)
2025-07-14 15:01:38,877 [EventQueue-PipelineActionsForPipelineActionHandler] INFO  pipeline.PipelineActionHandler (PipelineActionHandler.java:processPipelineAction(89)) - Received pipeline action CLOSE for Pipeline-a63a7d38-be8c-449b-928f-66ea1a40b3a7 from datanode 77d16558-8a68-4655-9235-107e22ba3c38(localhost/127.0.0.1). Reason : Chunks directory /home/runner/work/ozone/ozone/hadoop-ozone/integration-test/target/test-dir/MiniOzoneClusterImpl-aaa7dc72-7fbf-48e0-acc5-129182712624/ozone-meta/datanode-5/data-0/hdds/aaa7dc72-7fbf-48e0-acc5-129182712624/current/containerDir0/9/chunks does not exist.
2025-07-14 15:01:39,077 [EventQueue-PipelineActionsForPipelineActionHandler] INFO  pipeline.PipelineActionHandler (PipelineActionHandler.java:processPipelineAction(89)) - Received pipeline action CLOSE for Pipeline-a63a7d38-be8c-449b-928f-66ea1a40b3a7 from datanode 77d16558-8a68-4655-9235-107e22ba3c38(localhost/127.0.0.1). Reason : Chunks directory /home/runner/work/ozone/ozone/hadoop-ozone/integration-test/target/test-dir/MiniOzoneClusterImpl-aaa7dc72-7fbf-48e0-acc5-129182712624/ozone-meta/datanode-5/data-0/hdds/aaa7dc72-7fbf-48e0-acc5-129182712624/current/containerDir0/9/chunks does not exist.
2025-07-14 15:01:39,277 [EventQueue-PipelineActionsForPipelineActionHandler] INFO  pipeline.PipelineActionHandler (PipelineActionHandler.java:processPipelineAction(89)) - Received pipeline action CLOSE for Pipeline-a63a7d38-be8c-449b-928f-66ea1a40b3a7 from datanode 77d16558-8a68-4655-9235-107e22ba3c38(localhost/127.0.0.1). Reason : Chunks directory /home/runner/work/ozone/ozone/hadoop-ozone/integration-test/target/test-dir/MiniOzoneClusterImpl-aaa7dc72-7fbf-48e0-acc5-129182712624/ozone-meta/datanode-5/data-0/hdds/aaa7dc72-7fbf-48e0-acc5-129182712624/current/containerDir0/9/chunks does not exist.
2025-07-14 15:01:39,477 [EventQueue-PipelineActionsForPipelineActionHandler] INFO  pipeline.PipelineActionHandler (PipelineActionHandler.java:processPipelineAction(89)) - Received pipeline action CLOSE for Pipeline-a63a7d38-be8c-449b-928f-66ea1a40b3a7 from datanode 77d16558-8a68-4655-9235-107e22ba3c38(localhost/127.0.0.1). Reason : Chunks directory /home/runner/work/ozone/ozone/hadoop-ozone/integration-test/target/test-dir/MiniOzoneClusterImpl-aaa7dc72-7fbf-48e0-acc5-129182712624/ozone-meta/datanode-5/data-0/hdds/aaa7dc72-7fbf-48e0-acc5-129182712624/current/containerDir0/9/chunks does not exist.
2025-07-14 15:01:39,678 [EventQueue-PipelineActionsForPipelineActionHandler] INFO  pipeline.PipelineActionHandler (PipelineActionHandler.java:processPipelineAction(89)) - Received pipeline action CLOSE for Pipeline-a63a7d38-be8c-449b-928f-66ea1a40b3a7 from datanode 77d16558-8a68-4655-9235-107e22ba3c38(localhost/127.0.0.1). Reason : Chunks directory /home/runner/work/ozone/ozone/hadoop-ozone/integration-test/target/test-dir/MiniOzoneClusterImpl-aaa7dc72-7fbf-48e0-acc5-129182712624/ozone-meta/datanode-5/data-0/hdds/aaa7dc72-7fbf-48e0-acc5-129182712624/current/containerDir0/9/chunks does not exist.
2025-07-14 15:01:39,796 [timer4] WARN  server.GrpcLogAppender (GrpcLogAppender.java:timeoutAppendRequest(448)) - 52f0bf1a-a22c-4dfc-83f0-dd23f5b60a86@group-66EA1A40B3A7->a505560f-c589-4eb5-89aa-a89970ae9358-GrpcLogAppender: Timed out HEARTBEAT appendEntries, errorCount=36, request=AppendEntriesRequest:cid=6978,entriesCount=0
2025-07-14 15:01:39,857 [timer5] WARN  grpc.GrpcUtil (GrpcUtil.java:shutdownManagedChannel(226)) - Timed out gracefully shutting down connection: ManagedChannelOrphanWrapper{delegate=ManagedChannelImpl{logId=758, target=127.0.0.1:15053}}. 
2025-07-14 15:01:39,878 [EventQueue-PipelineActionsForPipelineActionHandler] INFO  pipeline.PipelineActionHandler (PipelineActionHandler.java:processPipelineAction(89)) - Received pipeline action CLOSE for Pipeline-a63a7d38-be8c-449b-928f-66ea1a40b3a7 from datanode 77d16558-8a68-4655-9235-107e22ba3c38(localhost/127.0.0.1). Reason : Chunks directory /home/runner/work/ozone/ozone/hadoop-ozone/integration-test/target/test-dir/MiniOzoneClusterImpl-aaa7dc72-7fbf-48e0-acc5-129182712624/ozone-meta/datanode-5/data-0/hdds/aaa7dc72-7fbf-48e0-acc5-129182712624/current/containerDir0/9/chunks does not exist.
2025-07-14 15:01:39,982 [BackgroundPipelineScrubber] INFO  pipeline.PipelineManagerImpl (PipelineManagerImpl.java:scrubPipelines(602)) - Scrubbing pipeline: id: Pipeline-a63a7d38-be8c-449b-928f-66ea1a40b3a7 since it stays at CLOSED stage.
2025-07-14 15:01:39,983 [BackgroundPipelineScrubber] INFO  pipeline.RatisPipelineProvider (RatisPipelineProvider.java:lambda$close$4(273)) - Send pipeline:Pipeline-a63a7d38-be8c-449b-928f-66ea1a40b3a7 close command to datanode 52f0bf1a-a22c-4dfc-83f0-dd23f5b60a86
2025-07-14 15:01:39,983 [BackgroundPipelineScrubber] INFO  pipeline.RatisPipelineProvider (RatisPipelineProvider.java:lambda$close$4(273)) - Send pipeline:Pipeline-a63a7d38-be8c-449b-928f-66ea1a40b3a7 close command to datanode 77d16558-8a68-4655-9235-107e22ba3c38
2025-07-14 15:01:39,983 [BackgroundPipelineScrubber] INFO  pipeline.RatisPipelineProvider (RatisPipelineProvider.java:lambda$close$4(273)) - Send pipeline:Pipeline-a63a7d38-be8c-449b-928f-66ea1a40b3a7 close command to datanode a505560f-c589-4eb5-89aa-a89970ae9358
2025-07-14 15:01:39,983 [BackgroundPipelineScrubber] INFO  pipeline.PipelineManagerImpl (PipelineManagerImpl.java:removePipeline(464)) - Pipeline Pipeline{ Id: a63a7d38-be8c-449b-928f-66ea1a40b3a7, Nodes: [ {52f0bf1a-a22c-4dfc-83f0-dd23f5b60a86(localhost/127.0.0.1), ReplicaIndex: 0}, {77d16558-8a68-4655-9235-107e22ba3c38(localhost/127.0.0.1), ReplicaIndex: 0}, {a505560f-c589-4eb5-89aa-a89970ae9358(localhost/127.0.0.1), ReplicaIndex: 0},], ReplicationConfig: RATIS/THREE, State:CLOSED, leaderId:52f0bf1a-a22c-4dfc-83f0-dd23f5b60a86, CreationTimestamp2025-07-14T15:00:04.359Z[Etc/UTC]} removed.
2025-07-14 15:01:39,995 [EventQueue-PipelineReportForPipelineReportHandler] INFO  pipeline.PipelineReportHandler (PipelineReportHandler.java:handlePipelineNotFoundException(98)) - Pipeline Pipeline-a63a7d38-be8c-449b-928f-66ea1a40b3a7, reported by datanode 52f0bf1a-a22c-4dfc-83f0-dd23f5b60a86(localhost/127.0.0.1) is not found.
2025-07-14 15:01:40,078 [EventQueue-PipelineActionsForPipelineActionHandler] INFO  pipeline.PipelineActionHandler (PipelineActionHandler.java:processPipelineAction(89)) - Received pipeline action CLOSE for Pipeline-a63a7d38-be8c-449b-928f-66ea1a40b3a7 from datanode 77d16558-8a68-4655-9235-107e22ba3c38(localhost/127.0.0.1). Reason : Chunks directory /home/runner/work/ozone/ozone/hadoop-ozone/integration-test/target/test-dir/MiniOzoneClusterImpl-aaa7dc72-7fbf-48e0-acc5-129182712624/ozone-meta/datanode-5/data-0/hdds/aaa7dc72-7fbf-48e0-acc5-129182712624/current/containerDir0/9/chunks does not exist.
2025-07-14 15:01:40,078 [EventQueue-PipelineActionsForPipelineActionHandler] WARN  pipeline.PipelineActionHandler (PipelineActionHandler.java:closeUnknownPipeline(117)) - Pipeline action received for unknown Pipeline Pipeline-a63a7d38-be8c-449b-928f-66ea1a40b3a7, firing close pipeline event.
2025-07-14 15:01:40,278 [EventQueue-PipelineActionsForPipelineActionHandler] INFO  pipeline.PipelineActionHandler (PipelineActionHandler.java:processPipelineAction(89)) - Received pipeline action CLOSE for Pipeline-a63a7d38-be8c-449b-928f-66ea1a40b3a7 from datanode 77d16558-8a68-4655-9235-107e22ba3c38(localhost/127.0.0.1). Reason : Chunks directory /home/runner/work/ozone/ozone/hadoop-ozone/integration-test/target/test-dir/MiniOzoneClusterImpl-aaa7dc72-7fbf-48e0-acc5-129182712624/ozone-meta/datanode-5/data-0/hdds/aaa7dc72-7fbf-48e0-acc5-129182712624/current/containerDir0/9/chunks does not exist.
2025-07-14 15:01:40,278 [EventQueue-PipelineReportForPipelineReportHandler] INFO  pipeline.PipelineReportHandler (PipelineReportHandler.java:handlePipelineNotFoundException(98)) - Pipeline Pipeline-a63a7d38-be8c-449b-928f-66ea1a40b3a7, reported by datanode 77d16558-8a68-4655-9235-107e22ba3c38(localhost/127.0.0.1) is not found.
2025-07-14 15:01:40,278 [EventQueue-PipelineActionsForPipelineActionHandler] WARN  pipeline.PipelineActionHandler (PipelineActionHandler.java:closeUnknownPipeline(117)) - Pipeline action received for unknown Pipeline Pipeline-a63a7d38-be8c-449b-928f-66ea1a40b3a7, firing close pipeline event.
2025-07-14 15:01:40,365 [timer2] WARN  server.GrpcLogAppender (GrpcLogAppender.java:timeoutAppendRequest(448)) - 77d16558-8a68-4655-9235-107e22ba3c38@group-B771F555DC8D->a505560f-c589-4eb5-89aa-a89970ae9358-GrpcLogAppender: Timed out HEARTBEAT appendEntries, errorCount=33, request=AppendEntriesRequest:cid=68,entriesCount=0
2025-07-14 15:01:40,395 [EventQueue-PipelineReportForPipelineReportHandler] INFO  pipeline.PipelineReportHandler (PipelineReportHandler.java:handlePipelineNotFoundException(98)) - Pipeline Pipeline-a63a7d38-be8c-449b-928f-66ea1a40b3a7, reported by datanode 52f0bf1a-a22c-4dfc-83f0-dd23f5b60a86(localhost/127.0.0.1) is not found.
2025-07-14 15:01:40,478 [EventQueue-PipelineActionsForPipelineActionHandler] INFO  pipeline.PipelineActionHandler (PipelineActionHandler.java:processPipelineAction(89)) - Received pipeline action CLOSE for Pipeline-a63a7d38-be8c-449b-928f-66ea1a40b3a7 from datanode 77d16558-8a68-4655-9235-107e22ba3c38(localhost/127.0.0.1). Reason : Chunks directory /home/runner/work/ozone/ozone/hadoop-ozone/integration-test/target/test-dir/MiniOzoneClusterImpl-aaa7dc72-7fbf-48e0-acc5-129182712624/ozone-meta/datanode-5/data-0/hdds/aaa7dc72-7fbf-48e0-acc5-129182712624/current/containerDir0/9/chunks does not exist.
2025-07-14 15:01:40,478 [EventQueue-PipelineActionsForPipelineActionHandler] WARN  pipeline.PipelineActionHandler (PipelineActionHandler.java:closeUnknownPipeline(117)) - Pipeline action received for unknown Pipeline Pipeline-a63a7d38-be8c-449b-928f-66ea1a40b3a7, firing close pipeline event.
2025-07-14 15:01:40,678 [EventQueue-PipelineActionsForPipelineActionHandler] INFO  pipeline.PipelineActionHandler (PipelineActionHandler.java:processPipelineAction(89)) - Received pipeline action CLOSE for Pipeline-a63a7d38-be8c-449b-928f-66ea1a40b3a7 from datanode 77d16558-8a68-4655-9235-107e22ba3c38(localhost/127.0.0.1). Reason : Chunks directory /home/runner/work/ozone/ozone/hadoop-ozone/integration-test/target/test-dir/MiniOzoneClusterImpl-aaa7dc72-7fbf-48e0-acc5-129182712624/ozone-meta/datanode-5/data-0/hdds/aaa7dc72-7fbf-48e0-acc5-129182712624/current/containerDir0/9/chunks does not exist.
2025-07-14 15:01:40,678 [EventQueue-PipelineReportForPipelineReportHandler] INFO  pipeline.PipelineReportHandler (PipelineReportHandler.java:handlePipelineNotFoundException(98)) - Pipeline Pipeline-a63a7d38-be8c-449b-928f-66ea1a40b3a7, reported by datanode 77d16558-8a68-4655-9235-107e22ba3c38(localhost/127.0.0.1) is not found.
2025-07-14 15:01:40,679 [EventQueue-PipelineActionsForPipelineActionHandler] WARN  pipeline.PipelineActionHandler (PipelineActionHandler.java:closeUnknownPipeline(117)) - Pipeline action received for unknown Pipeline Pipeline-a63a7d38-be8c-449b-928f-66ea1a40b3a7, firing close pipeline event.
2025-07-14 15:01:40,707 [77d16558-8a68-4655-9235-107e22ba3c38-server-thread1] WARN  server.GrpcServerProtocolService (LogUtils.java:warn(129)) - 77d16558-8a68-4655-9235-107e22ba3c38: Failed APPEND_ENTRIES request 52f0bf1a-a22c-4dfc-83f0-dd23f5b60a86->77d16558-8a68-4655-9235-107e22ba3c38#81-t1,previous=(t:1, i:14),leaderCommit=14,initializing? false,entries: size=4, first=(t:1, i:15), STATEMACHINELOGENTRY, WRITE: logData.size=154, stateMachineData.size=10, logEntryProtoSerializedSize=0
java.util.concurrent.CompletionException: org.apache.hadoop.hdds.scm.container.common.helpers.StorageContainerException: Chunks directory /home/runner/work/ozone/ozone/hadoop-ozone/integration-test/target/test-dir/MiniOzoneClusterImpl-aaa7dc72-7fbf-48e0-acc5-129182712624/ozone-meta/datanode-5/data-0/hdds/aaa7dc72-7fbf-48e0-acc5-129182712624/current/containerDir0/9/chunks does not exist.
	at java.base/java.util.concurrent.CompletableFuture.encodeThrowable(CompletableFuture.java:332)
	at java.base/java.util.concurrent.CompletableFuture.completeThrowable(CompletableFuture.java:347)
	at java.base/java.util.concurrent.CompletableFuture$BiRelay.tryFire(CompletableFuture.java:1498)
	at java.base/java.util.concurrent.CompletableFuture$CoCompletion.tryFire(CompletableFuture.java:1219)
	at java.base/java.util.concurrent.CompletableFuture.postComplete(CompletableFuture.java:510)
	at java.base/java.util.concurrent.CompletableFuture.completeExceptionally(CompletableFuture.java:2194)
	at org.apache.ratis.server.raftlog.segmented.SegmentedRaftLog$Task.failed(SegmentedRaftLog.java:109)
	at org.apache.ratis.server.raftlog.segmented.SegmentedRaftLogWorker$WriteLog.failed(SegmentedRaftLogWorker.java:530)
	at org.apache.ratis.server.raftlog.segmented.SegmentedRaftLogWorker.run(SegmentedRaftLogWorker.java:326)
	at java.base/java.util.concurrent.Executors$RunnableAdapter.call(Executors.java:572)
	at java.base/java.util.concurrent.FutureTask.run(FutureTask.java:317)
	at java.base/java.util.concurrent.ThreadPoolExecutor.runWorker(ThreadPoolExecutor.java:1144)
	at java.base/java.util.concurrent.ThreadPoolExecutor$Worker.run(ThreadPoolExecutor.java:642)
	at java.base/java.lang.Thread.run(Thread.java:1583)
Caused by: org.apache.hadoop.hdds.scm.container.common.helpers.StorageContainerException: Chunks directory /home/runner/work/ozone/ozone/hadoop-ozone/integration-test/target/test-dir/MiniOzoneClusterImpl-aaa7dc72-7fbf-48e0-acc5-129182712624/ozone-meta/datanode-5/data-0/hdds/aaa7dc72-7fbf-48e0-acc5-129182712624/current/containerDir0/9/chunks does not exist.
	at org.apache.hadoop.ozone.container.common.transport.server.ratis.ContainerStateMachine.handleCommandResult(ContainerStateMachine.java:661)
	at org.apache.hadoop.ozone.container.common.transport.server.ratis.ContainerStateMachine.lambda$writeStateMachineData$2(ContainerStateMachine.java:623)
	... 4 more
2025-07-14 15:01:40,709 [grpc-default-executor-4] WARN  server.GrpcLogAppender (LogUtils.java:warn(129)) - 52f0bf1a-a22c-4dfc-83f0-dd23f5b60a86@group-66EA1A40B3A7->77d16558-8a68-4655-9235-107e22ba3c38-AppendLogResponseHandler: Failed appendEntries
org.apache.hadoop.hdds.scm.container.common.helpers.StorageContainerException: Chunks directory /home/runner/work/ozone/ozone/hadoop-ozone/integration-test/target/test-dir/MiniOzoneClusterImpl-aaa7dc72-7fbf-48e0-acc5-129182712624/ozone-meta/datanode-5/data-0/hdds/aaa7dc72-7fbf-48e0-acc5-129182712624/current/containerDir0/9/chunks does not exist.
	at org.apache.hadoop.ozone.container.common.transport.server.ratis.ContainerStateMachine.handleCommandResult(ContainerStateMachine.java:661)
	at org.apache.hadoop.ozone.container.common.transport.server.ratis.ContainerStateMachine.lambda$writeStateMachineData$2(ContainerStateMachine.java:623)
	at java.base/java.util.concurrent.FutureTask.run(FutureTask.java:317)
	at java.base/java.util.concurrent.ThreadPoolExecutor.runWorker(ThreadPoolExecutor.java:1144)
	at java.base/java.util.concurrent.ThreadPoolExecutor$Worker.run(ThreadPoolExecutor.java:642)
	at java.base/java.lang.Thread.run(Thread.java:1583)
2025-07-14 15:01:40,709 [grpc-default-executor-4] INFO  leader.LogAppender (LogAppenderBase.java:lambda$getNextIndexForError$0(215)) - Decrease nextIndex to 15
2025-07-14 15:01:40,709 [grpc-default-executor-4] INFO  leader.LogAppender (LogAppenderBase.java:lambda$getNextIndexForError$0(215)) - Decrease nextIndex to 15
2025-07-14 15:01:40,709 [grpc-default-executor-4] INFO  leader.FollowerInfo (FollowerInfoImpl.java:info(70)) - 52f0bf1a-a22c-4dfc-83f0-dd23f5b60a86@group-66EA1A40B3A7->77d16558-8a68-4655-9235-107e22ba3c38: computeNextIndex nextIndex: updateUnconditionally 19 -> 15
2025-07-14 15:01:40,795 [EventQueue-PipelineReportForPipelineReportHandler] INFO  pipeline.PipelineReportHandler (PipelineReportHandler.java:handlePipelineNotFoundException(98)) - Pipeline Pipeline-a63a7d38-be8c-449b-928f-66ea1a40b3a7, reported by datanode 52f0bf1a-a22c-4dfc-83f0-dd23f5b60a86(localhost/127.0.0.1) is not found.
2025-07-14 15:01:40,880 [EventQueue-PipelineReportForPipelineReportHandler] INFO  pipeline.PipelineReportHandler (PipelineReportHandler.java:handlePipelineNotFoundException(98)) - Pipeline Pipeline-a63a7d38-be8c-449b-928f-66ea1a40b3a7, reported by datanode 77d16558-8a68-4655-9235-107e22ba3c38(localhost/127.0.0.1) is not found.
2025-07-14 15:01:40,880 [EventQueue-PipelineActionsForPipelineActionHandler] INFO  pipeline.PipelineActionHandler (PipelineActionHandler.java:processPipelineAction(89)) - Received pipeline action CLOSE for Pipeline-a63a7d38-be8c-449b-928f-66ea1a40b3a7 from datanode 77d16558-8a68-4655-9235-107e22ba3c38(localhost/127.0.0.1). Reason : Chunks directory /home/runner/work/ozone/ozone/hadoop-ozone/integration-test/target/test-dir/MiniOzoneClusterImpl-aaa7dc72-7fbf-48e0-acc5-129182712624/ozone-meta/datanode-5/data-0/hdds/aaa7dc72-7fbf-48e0-acc5-129182712624/current/containerDir0/9/chunks does not exist.
2025-07-14 15:01:40,880 [EventQueue-PipelineActionsForPipelineActionHandler] WARN  pipeline.PipelineActionHandler (PipelineActionHandler.java:closeUnknownPipeline(117)) - Pipeline action received for unknown Pipeline Pipeline-a63a7d38-be8c-449b-928f-66ea1a40b3a7, firing close pipeline event.
2025-07-14 15:01:40,882 [grpc-default-executor-4] INFO  server.RaftServer (RaftServerProxy.java:remove(116)) - 52f0bf1a-a22c-4dfc-83f0-dd23f5b60a86: remove    LEADER (RUNNING): 52f0bf1a-a22c-4dfc-83f0-dd23f5b60a86@group-66EA1A40B3A7:t1, leader=52f0bf1a-a22c-4dfc-83f0-dd23f5b60a86, voted=52f0bf1a-a22c-4dfc-83f0-dd23f5b60a86, raftlog=Memoized:52f0bf1a-a22c-4dfc-83f0-dd23f5b60a86@group-66EA1A40B3A7-SegmentedRaftLog:OPENED:c14:last(t:1, i:18), conf=conf: {index: 0, cur=peers:[77d16558-8a68-4655-9235-107e22ba3c38|127.0.0.1:15047, 52f0bf1a-a22c-4dfc-83f0-dd23f5b60a86|127.0.0.1:15055, a505560f-c589-4eb5-89aa-a89970ae9358|127.0.0.1:15039]|listeners:[], old=null}
2025-07-14 15:01:40,882 [grpc-default-executor-4] INFO  server.RaftServer$Division (RaftServerImpl.java:lambda$close$1(527)) - 52f0bf1a-a22c-4dfc-83f0-dd23f5b60a86@group-66EA1A40B3A7: shutdown
2025-07-14 15:01:40,882 [grpc-default-executor-4] INFO  util.JmxRegister (JmxRegister.java:unregister(74)) - Successfully un-registered JMX Bean with object name Ratis:service=RaftServer,group=group-66EA1A40B3A7,id=52f0bf1a-a22c-4dfc-83f0-dd23f5b60a86
2025-07-14 15:01:40,882 [grpc-default-executor-4] INFO  impl.RoleInfo (RoleInfo.java:shutdownLeaderState(103)) - 52f0bf1a-a22c-4dfc-83f0-dd23f5b60a86: shutdown 52f0bf1a-a22c-4dfc-83f0-dd23f5b60a86@group-66EA1A40B3A7-LeaderStateImpl
2025-07-14 15:01:40,883 [52f0bf1a-a22c-4dfc-83f0-dd23f5b60a86@group-66EA1A40B3A7->77d16558-8a68-4655-9235-107e22ba3c38-GrpcLogAppender-LogAppenderDaemon] WARN  server.GrpcLogAppender (GrpcLogAppender.java:mayWait(300)) - 52f0bf1a-a22c-4dfc-83f0-dd23f5b60a86@group-66EA1A40B3A7->77d16558-8a68-4655-9235-107e22ba3c38-GrpcLogAppender: Wait interrupted by java.lang.InterruptedException
2025-07-14 15:01:40,883 [52f0bf1a-a22c-4dfc-83f0-dd23f5b60a86@group-66EA1A40B3A7->a505560f-c589-4eb5-89aa-a89970ae9358-GrpcLogAppender-LogAppenderDaemon] WARN  server.GrpcLogAppender (GrpcLogAppender.java:mayWait(300)) - 52f0bf1a-a22c-4dfc-83f0-dd23f5b60a86@group-66EA1A40B3A7->a505560f-c589-4eb5-89aa-a89970ae9358-GrpcLogAppender: Wait interrupted by java.lang.InterruptedException
2025-07-14 15:01:40,883 [grpc-default-executor-4] INFO  impl.PendingRequests (PendingRequests.java:sendNotLeaderResponses(287)) - 52f0bf1a-a22c-4dfc-83f0-dd23f5b60a86@group-66EA1A40B3A7-PendingRequests: sendNotLeaderResponses
2025-07-14 15:01:40,883 [grpc-default-executor-6] INFO  server.GrpcServerProtocolService (GrpcServerProtocolService.java:lambda$onCompleted$6(171)) - a505560f-c589-4eb5-89aa-a89970ae9358: Completed APPEND_ENTRIES, lastRequest: null 
2025-07-14 15:01:40,883 [52f0bf1a-a22c-4dfc-83f0-dd23f5b60a86-CloseContainerThread-2] INFO  commandhandler.CloseContainerCommandHandler (CloseContainerCommandHandler.java:lambda$handle$0(154)) - Follower cannot close container #3.
2025-07-14 15:01:40,883 [grpc-default-executor-6] INFO  server.GrpcServerProtocolService (GrpcServerProtocolService.java:lambda$null$7(175)) - a505560f-c589-4eb5-89aa-a89970ae9358: Completed APPEND_ENTRIES, lastReply: null 
2025-07-14 15:01:40,884 [52f0bf1a-a22c-4dfc-83f0-dd23f5b60a86-CloseContainerThread-1] INFO  commandhandler.CloseContainerCommandHandler (CloseContainerCommandHandler.java:lambda$handle$0(154)) - Follower cannot close container #9.
2025-07-14 15:01:40,884 [grpc-default-executor-6] INFO  server.GrpcLogAppender (GrpcLogAppender.java:onCompleted(558)) - 52f0bf1a-a22c-4dfc-83f0-dd23f5b60a86@group-66EA1A40B3A7->a505560f-c589-4eb5-89aa-a89970ae9358-AppendLogResponseHandler: follower responses appendEntries COMPLETED
2025-07-14 15:01:40,885 [grpc-default-executor-4] INFO  impl.StateMachineUpdater (StateMachineUpdater.java:stopAndJoin(163)) - 52f0bf1a-a22c-4dfc-83f0-dd23f5b60a86@group-66EA1A40B3A7-StateMachineUpdater: set stopIndex = 14
2025-07-14 15:01:40,885 [52f0bf1a-a22c-4dfc-83f0-dd23f5b60a86@group-66EA1A40B3A7-StateMachineUpdater] INFO  ratis.ContainerStateMachine (ContainerStateMachine.java:takeSnapshot(427)) - group-66EA1A40B3A7: Taking a snapshot at:(t:1, i:14) file /home/runner/work/ozone/ozone/hadoop-ozone/integration-test/target/test-dir/MiniOzoneClusterImpl-aaa7dc72-7fbf-48e0-acc5-129182712624/ozone-meta/datanode-6/ratis/a63a7d38-be8c-449b-928f-66ea1a40b3a7/sm/snapshot.1_14
2025-07-14 15:01:40,886 [52f0bf1a-a22c-4dfc-83f0-dd23f5b60a86@group-66EA1A40B3A7-StateMachineUpdater] INFO  ratis.ContainerStateMachine (ContainerStateMachine.java:takeSnapshot(436)) - group-66EA1A40B3A7: Finished taking a snapshot at:(t:1, i:14) file:/home/runner/work/ozone/ozone/hadoop-ozone/integration-test/target/test-dir/MiniOzoneClusterImpl-aaa7dc72-7fbf-48e0-acc5-129182712624/ozone-meta/datanode-6/ratis/a63a7d38-be8c-449b-928f-66ea1a40b3a7/sm/snapshot.1_14 took: 0 ms
2025-07-14 15:01:40,886 [52f0bf1a-a22c-4dfc-83f0-dd23f5b60a86@group-66EA1A40B3A7-StateMachineUpdater] INFO  impl.SimpleStateMachineStorage (SimpleStateMachineStorage.java:lambda$cleanupOldSnapshots$1(126)) - Deleting old snapshot at /home/runner/work/ozone/ozone/hadoop-ozone/integration-test/target/test-dir/MiniOzoneClusterImpl-aaa7dc72-7fbf-48e0-acc5-129182712624/ozone-meta/datanode-6/ratis/a63a7d38-be8c-449b-928f-66ea1a40b3a7/sm/snapshot.1_2
2025-07-14 15:01:40,886 [52f0bf1a-a22c-4dfc-83f0-dd23f5b60a86@group-66EA1A40B3A7-StateMachineUpdater] INFO  impl.StateMachineUpdater (StateMachineUpdater.java:takeSnapshot(307)) - 52f0bf1a-a22c-4dfc-83f0-dd23f5b60a86@group-66EA1A40B3A7-StateMachineUpdater: Took a snapshot at index 14
2025-07-14 15:01:40,886 [52f0bf1a-a22c-4dfc-83f0-dd23f5b60a86@group-66EA1A40B3A7-StateMachineUpdater] INFO  impl.StateMachineUpdater (StateMachineUpdater.java:lambda$new$0(101)) - 52f0bf1a-a22c-4dfc-83f0-dd23f5b60a86@group-66EA1A40B3A7-StateMachineUpdater: snapshotIndex: updateIncreasingly 11 -> 14
2025-07-14 15:01:40,887 [52f0bf1a-a22c-4dfc-83f0-dd23f5b60a86@group-66EA1A40B3A7-StateMachineUpdater] INFO  impl.StateMachineUpdater (StateMachineUpdater.java:stop(140)) - 52f0bf1a-a22c-4dfc-83f0-dd23f5b60a86@group-66EA1A40B3A7-StateMachineUpdater: closing ContainerStateMachine, lastApplied=(t:1, i:14)
2025-07-14 15:01:40,887 [52f0bf1a-a22c-4dfc-83f0-dd23f5b60a86@group-66EA1A40B3A7-cacheEviction-AwaitToRun] INFO  util.AwaitToRun (AwaitToRun.java:run(49)) - 52f0bf1a-a22c-4dfc-83f0-dd23f5b60a86@group-66EA1A40B3A7-cacheEviction-AwaitToRun-AwaitForSignal is interrupted
2025-07-14 15:01:41,079 [EventQueue-PipelineActionsForPipelineActionHandler] INFO  pipeline.PipelineActionHandler (PipelineActionHandler.java:processPipelineAction(89)) - Received pipeline action CLOSE for Pipeline-a63a7d38-be8c-449b-928f-66ea1a40b3a7 from datanode 77d16558-8a68-4655-9235-107e22ba3c38(localhost/127.0.0.1). Reason : Chunks directory /home/runner/work/ozone/ozone/hadoop-ozone/integration-test/target/test-dir/MiniOzoneClusterImpl-aaa7dc72-7fbf-48e0-acc5-129182712624/ozone-meta/datanode-5/data-0/hdds/aaa7dc72-7fbf-48e0-acc5-129182712624/current/containerDir0/9/chunks does not exist.
2025-07-14 15:01:41,079 [EventQueue-PipelineActionsForPipelineActionHandler] WARN  pipeline.PipelineActionHandler (PipelineActionHandler.java:closeUnknownPipeline(117)) - Pipeline action received for unknown Pipeline Pipeline-a63a7d38-be8c-449b-928f-66ea1a40b3a7, firing close pipeline event.
2025-07-14 15:01:41,279 [EventQueue-PipelineActionsForPipelineActionHandler] INFO  pipeline.PipelineActionHandler (PipelineActionHandler.java:processPipelineAction(89)) - Received pipeline action CLOSE for Pipeline-a63a7d38-be8c-449b-928f-66ea1a40b3a7 from datanode 77d16558-8a68-4655-9235-107e22ba3c38(localhost/127.0.0.1). Reason : Chunks directory /home/runner/work/ozone/ozone/hadoop-ozone/integration-test/target/test-dir/MiniOzoneClusterImpl-aaa7dc72-7fbf-48e0-acc5-129182712624/ozone-meta/datanode-5/data-0/hdds/aaa7dc72-7fbf-48e0-acc5-129182712624/current/containerDir0/9/chunks does not exist.
2025-07-14 15:01:41,279 [EventQueue-PipelineReportForPipelineReportHandler] INFO  pipeline.PipelineReportHandler (PipelineReportHandler.java:handlePipelineNotFoundException(98)) - Pipeline Pipeline-a63a7d38-be8c-449b-928f-66ea1a40b3a7, reported by datanode 77d16558-8a68-4655-9235-107e22ba3c38(localhost/127.0.0.1) is not found.
2025-07-14 15:01:41,279 [EventQueue-PipelineActionsForPipelineActionHandler] WARN  pipeline.PipelineActionHandler (PipelineActionHandler.java:closeUnknownPipeline(117)) - Pipeline action received for unknown Pipeline Pipeline-a63a7d38-be8c-449b-928f-66ea1a40b3a7, firing close pipeline event.
2025-07-14 15:01:41,479 [EventQueue-PipelineActionsForPipelineActionHandler] INFO  pipeline.PipelineActionHandler (PipelineActionHandler.java:processPipelineAction(89)) - Received pipeline action CLOSE for Pipeline-a63a7d38-be8c-449b-928f-66ea1a40b3a7 from datanode 77d16558-8a68-4655-9235-107e22ba3c38(localhost/127.0.0.1). Reason : Chunks directory /home/runner/work/ozone/ozone/hadoop-ozone/integration-test/target/test-dir/MiniOzoneClusterImpl-aaa7dc72-7fbf-48e0-acc5-129182712624/ozone-meta/datanode-5/data-0/hdds/aaa7dc72-7fbf-48e0-acc5-129182712624/current/containerDir0/9/chunks does not exist.
2025-07-14 15:01:41,479 [EventQueue-PipelineReportForPipelineReportHandler] INFO  pipeline.PipelineReportHandler (PipelineReportHandler.java:handlePipelineNotFoundException(98)) - Pipeline Pipeline-a63a7d38-be8c-449b-928f-66ea1a40b3a7, reported by datanode 77d16558-8a68-4655-9235-107e22ba3c38(localhost/127.0.0.1) is not found.
2025-07-14 15:01:41,479 [EventQueue-PipelineActionsForPipelineActionHandler] WARN  pipeline.PipelineActionHandler (PipelineActionHandler.java:closeUnknownPipeline(117)) - Pipeline action received for unknown Pipeline Pipeline-a63a7d38-be8c-449b-928f-66ea1a40b3a7, firing close pipeline event.
2025-07-14 15:01:41,680 [EventQueue-PipelineActionsForPipelineActionHandler] INFO  pipeline.PipelineActionHandler (PipelineActionHandler.java:processPipelineAction(89)) - Received pipeline action CLOSE for Pipeline-a63a7d38-be8c-449b-928f-66ea1a40b3a7 from datanode 77d16558-8a68-4655-9235-107e22ba3c38(localhost/127.0.0.1). Reason : Chunks directory /home/runner/work/ozone/ozone/hadoop-ozone/integration-test/target/test-dir/MiniOzoneClusterImpl-aaa7dc72-7fbf-48e0-acc5-129182712624/ozone-meta/datanode-5/data-0/hdds/aaa7dc72-7fbf-48e0-acc5-129182712624/current/containerDir0/9/chunks does not exist.
2025-07-14 15:01:41,680 [EventQueue-PipelineActionsForPipelineActionHandler] WARN  pipeline.PipelineActionHandler (PipelineActionHandler.java:closeUnknownPipeline(117)) - Pipeline action received for unknown Pipeline Pipeline-a63a7d38-be8c-449b-928f-66ea1a40b3a7, firing close pipeline event.
2025-07-14 15:01:41,796 [grpc-default-executor-4] INFO  segmented.SegmentedRaftLogWorker (SegmentedRaftLogWorker.java:close(254)) - 52f0bf1a-a22c-4dfc-83f0-dd23f5b60a86@group-66EA1A40B3A7-SegmentedRaftLogWorker close()
2025-07-14 15:01:41,797 [grpc-default-executor-4] INFO  keyvalue.KeyValueContainer (KeyValueContainer.java:flushAndSyncDB(514)) - Synced container: KeyValueContainerData #3 (CLOSING, non-empty, ri=0, origin=[dn_52f0bf1a-a22c-4dfc-83f0-dd23f5b60a86, pipeline_a63a7d38-be8c-449b-928f-66ea1a40b3a7])
2025-07-14 15:01:41,797 [grpc-default-executor-4] INFO  keyvalue.KeyValueContainer (KeyValueContainer.java:flushAndSyncDB(514)) - Synced container: KeyValueContainerData #3 (CLOSING, non-empty, ri=0, origin=[dn_52f0bf1a-a22c-4dfc-83f0-dd23f5b60a86, pipeline_a63a7d38-be8c-449b-928f-66ea1a40b3a7])
2025-07-14 15:01:41,801 [grpc-default-executor-4] INFO  keyvalue.KeyValueContainer (KeyValueContainer.java:flushAndSyncDB(514)) - Synced container: KeyValueContainerData #9 (CLOSING, non-empty, ri=0, origin=[dn_52f0bf1a-a22c-4dfc-83f0-dd23f5b60a86, pipeline_a63a7d38-be8c-449b-928f-66ea1a40b3a7])
2025-07-14 15:01:41,801 [grpc-default-executor-4] INFO  keyvalue.KeyValueContainer (KeyValueContainer.java:flushAndSyncDB(514)) - Synced container: KeyValueContainerData #9 (CLOSING, non-empty, ri=0, origin=[dn_52f0bf1a-a22c-4dfc-83f0-dd23f5b60a86, pipeline_a63a7d38-be8c-449b-928f-66ea1a40b3a7])
2025-07-14 15:01:41,804 [FixedThreadPoolWithAffinityExecutor-1-0] INFO  container.IncrementalContainerReportHandler (AbstractContainerReportHandler.java:updateContainerState(264)) - QUASI_CLOSE Container #9 (CLOSING, sid=12) r0 (QUASI_CLOSED, bcsid=12, origin=52f0bf1a-a22c-4dfc-83f0-dd23f5b60a86, non-empty) from dn 52f0bf1a-a22c-4dfc-83f0-dd23f5b60a86(localhost/127.0.0.1)
2025-07-14 15:01:41,804 [grpc-default-executor-4] INFO  server.RaftServer$Division (RaftServerImpl.java:groupRemove(497)) - 52f0bf1a-a22c-4dfc-83f0-dd23f5b60a86@group-66EA1A40B3A7: Succeed to remove RaftStorageDirectory Storage Directory /home/runner/work/ozone/ozone/hadoop-ozone/integration-test/target/test-dir/MiniOzoneClusterImpl-aaa7dc72-7fbf-48e0-acc5-129182712624/ozone-meta/datanode-6/ratis/a63a7d38-be8c-449b-928f-66ea1a40b3a7
2025-07-14 15:01:41,811 [grpc-default-executor-4] WARN  server.RaftServer (RaftServerProxy.java:remove(111)) - a505560f-c589-4eb5-89aa-a89970ae9358: does not contain group: group-66EA1A40B3A7
2025-07-14 15:01:41,811 [grpc-default-executor-4] WARN  server.GrpcAdminProtocolService (GrpcAdminProtocolService.java:lambda$groupManagement$1(53)) - Failed groupManagement: GROUPREMOVE, GroupManagementRequest:client-D7FBB79B399B->a505560f-c589-4eb5-89aa-a89970ae9358@group-66EA1A40B3A7, cid=180, seq=null, RW, null, Remove:group-66EA1A40B3A7, delete-dir
org.apache.ratis.protocol.exceptions.GroupMismatchException: a505560f-c589-4eb5-89aa-a89970ae9358: Group group-66EA1A40B3A7 not found.
	at org.apache.ratis.server.impl.RaftServerProxy.groupRemoveAsync(RaftServerProxy.java:548)
	at org.apache.ratis.server.impl.RaftServerProxy.groupManagementAsync(RaftServerProxy.java:499)
	at org.apache.ratis.grpc.server.GrpcAdminProtocolService.lambda$groupManagement$0(GrpcAdminProtocolService.java:51)
	at org.apache.ratis.grpc.GrpcUtil.asyncCall(GrpcUtil.java:172)
	at org.apache.ratis.grpc.server.GrpcAdminProtocolService.groupManagement(GrpcAdminProtocolService.java:51)
	at org.apache.ratis.proto.grpc.AdminProtocolServiceGrpc$MethodHandlers.invoke(AdminProtocolServiceGrpc.java:701)
	at org.apache.ratis.thirdparty.io.grpc.stub.ServerCalls$UnaryServerCallHandler$UnaryServerCallListener.onHalfClose(ServerCalls.java:182)
	at org.apache.ratis.thirdparty.io.grpc.internal.ServerCallImpl$ServerStreamListenerImpl.halfClosed(ServerCallImpl.java:356)
	at org.apache.ratis.thirdparty.io.grpc.internal.ServerImpl$JumpToApplicationThreadServerStreamListener$1HalfClosed.runInContext(ServerImpl.java:861)
	at org.apache.ratis.thirdparty.io.grpc.internal.ContextRunnable.run(ContextRunnable.java:37)
	at org.apache.ratis.thirdparty.io.grpc.internal.SerializingExecutor.run(SerializingExecutor.java:133)
	at java.base/java.util.concurrent.ThreadPoolExecutor.runWorker(ThreadPoolExecutor.java:1144)
	at java.base/java.util.concurrent.ThreadPoolExecutor$Worker.run(ThreadPoolExecutor.java:642)
	at java.base/java.lang.Thread.run(Thread.java:1583)
2025-07-14 15:01:41,813 [77d16558-8a68-4655-9235-107e22ba3c38-PipelineCommandHandlerThread-0] INFO  server.RaftServer (RaftServerProxy.java:remove(116)) - 77d16558-8a68-4655-9235-107e22ba3c38: remove  FOLLOWER (RUNNING): 77d16558-8a68-4655-9235-107e22ba3c38@group-66EA1A40B3A7:t1, leader=52f0bf1a-a22c-4dfc-83f0-dd23f5b60a86, voted=52f0bf1a-a22c-4dfc-83f0-dd23f5b60a86, raftlog=Memoized:77d16558-8a68-4655-9235-107e22ba3c38@group-66EA1A40B3A7-SegmentedRaftLog:OPENED:c14:last(t:1, i:15), conf=conf: {index: 0, cur=peers:[77d16558-8a68-4655-9235-107e22ba3c38|127.0.0.1:15047, 52f0bf1a-a22c-4dfc-83f0-dd23f5b60a86|127.0.0.1:15055, a505560f-c589-4eb5-89aa-a89970ae9358|127.0.0.1:15039]|listeners:[], old=null}
2025-07-14 15:01:41,814 [77d16558-8a68-4655-9235-107e22ba3c38-PipelineCommandHandlerThread-0] INFO  server.RaftServer$Division (RaftServerImpl.java:lambda$close$1(527)) - 77d16558-8a68-4655-9235-107e22ba3c38@group-66EA1A40B3A7: shutdown
2025-07-14 15:01:41,814 [77d16558-8a68-4655-9235-107e22ba3c38-PipelineCommandHandlerThread-0] INFO  util.JmxRegister (JmxRegister.java:unregister(74)) - Successfully un-registered JMX Bean with object name Ratis:service=RaftServer,group=group-66EA1A40B3A7,id=77d16558-8a68-4655-9235-107e22ba3c38
2025-07-14 15:01:41,814 [77d16558-8a68-4655-9235-107e22ba3c38-PipelineCommandHandlerThread-0] INFO  impl.RoleInfo (RoleInfo.java:shutdownFollowerState(121)) - 77d16558-8a68-4655-9235-107e22ba3c38: shutdown 77d16558-8a68-4655-9235-107e22ba3c38@group-66EA1A40B3A7-FollowerState
2025-07-14 15:01:41,814 [77d16558-8a68-4655-9235-107e22ba3c38-PipelineCommandHandlerThread-0] INFO  impl.StateMachineUpdater (StateMachineUpdater.java:stopAndJoin(163)) - 77d16558-8a68-4655-9235-107e22ba3c38@group-66EA1A40B3A7-StateMachineUpdater: set stopIndex = 14
2025-07-14 15:01:41,814 [77d16558-8a68-4655-9235-107e22ba3c38@group-66EA1A40B3A7-StateMachineUpdater] INFO  impl.StateMachineUpdater (StateMachineUpdater.java:stop(140)) - 77d16558-8a68-4655-9235-107e22ba3c38@group-66EA1A40B3A7-StateMachineUpdater: closing ContainerStateMachine, lastApplied=(t:1, i:14)
2025-07-14 15:01:41,814 [77d16558-8a68-4655-9235-107e22ba3c38@group-66EA1A40B3A7-FollowerState] INFO  impl.FollowerState (FollowerState.java:runImpl(170)) - 77d16558-8a68-4655-9235-107e22ba3c38@group-66EA1A40B3A7-FollowerState was interrupted
2025-07-14 15:01:41,815 [77d16558-8a68-4655-9235-107e22ba3c38@group-66EA1A40B3A7-cacheEviction-AwaitToRun] INFO  util.AwaitToRun (AwaitToRun.java:run(49)) - 77d16558-8a68-4655-9235-107e22ba3c38@group-66EA1A40B3A7-cacheEviction-AwaitToRun-AwaitForSignal is interrupted
2025-07-14 15:01:41,870 [77d16558-8a68-4655-9235-107e22ba3c38-PipelineCommandHandlerThread-0] INFO  segmented.SegmentedRaftLogWorker (SegmentedRaftLogWorker.java:close(254)) - 77d16558-8a68-4655-9235-107e22ba3c38@group-66EA1A40B3A7-SegmentedRaftLogWorker close()
2025-07-14 15:01:41,870 [77d16558-8a68-4655-9235-107e22ba3c38-PipelineCommandHandlerThread-0] INFO  keyvalue.KeyValueContainer (KeyValueContainer.java:flushAndSyncDB(514)) - Synced container: KeyValueContainerData #3 (CLOSING, non-empty, ri=0, origin=[dn_77d16558-8a68-4655-9235-107e22ba3c38, pipeline_a63a7d38-be8c-449b-928f-66ea1a40b3a7])
2025-07-14 15:01:41,870 [77d16558-8a68-4655-9235-107e22ba3c38-PipelineCommandHandlerThread-0] INFO  keyvalue.KeyValueContainer (KeyValueContainer.java:flushAndSyncDB(514)) - Synced container: KeyValueContainerData #3 (CLOSING, non-empty, ri=0, origin=[dn_77d16558-8a68-4655-9235-107e22ba3c38, pipeline_a63a7d38-be8c-449b-928f-66ea1a40b3a7])
2025-07-14 15:01:41,874 [EventQueue-PipelineReportForPipelineReportHandler] INFO  pipeline.PipelineReportHandler (PipelineReportHandler.java:handlePipelineNotFoundException(98)) - Pipeline Pipeline-a63a7d38-be8c-449b-928f-66ea1a40b3a7, reported by datanode 77d16558-8a68-4655-9235-107e22ba3c38(localhost/127.0.0.1) is not found.
2025-07-14 15:01:41,875 [77d16558-8a68-4655-9235-107e22ba3c38-PipelineCommandHandlerThread-0] INFO  server.RaftServer$Division (RaftServerImpl.java:groupRemove(497)) - 77d16558-8a68-4655-9235-107e22ba3c38@group-66EA1A40B3A7: Succeed to remove RaftStorageDirectory Storage Directory /home/runner/work/ozone/ozone/hadoop-ozone/integration-test/target/test-dir/MiniOzoneClusterImpl-aaa7dc72-7fbf-48e0-acc5-129182712624/ozone-meta/datanode-5/ratis/a63a7d38-be8c-449b-928f-66ea1a40b3a7
2025-07-14 15:01:41,875 [77d16558-8a68-4655-9235-107e22ba3c38-PipelineCommandHandlerThread-0] INFO  commandhandler.ClosePipelineCommandHandler (ClosePipelineCommandHandler.java:lambda$handle$2(142)) - Close Pipeline Pipeline-a63a7d38-be8c-449b-928f-66ea1a40b3a7 command on datanode 77d16558-8a68-4655-9235-107e22ba3c38(localhost/127.0.0.1).
2025-07-14 15:01:45,883 [timer6] INFO  server.GrpcServerProtocolService (GrpcServerProtocolService.java:lambda$onCompleted$6(171)) - a505560f-c589-4eb5-89aa-a89970ae9358: Completed APPEND_ENTRIES, lastRequest: null  (Repeated 2 times in the last 5.000s)
2025-07-14 15:01:47,460 [timer5] WARN  server.GrpcLogAppender (GrpcLogAppender.java:timeoutAppendRequest(448)) - 77d16558-8a68-4655-9235-107e22ba3c38@group-B771F555DC8D->a505560f-c589-4eb5-89aa-a89970ae9358-GrpcLogAppender: Timed out HEARTBEAT appendEntries, errorCount=34, request=AppendEntriesRequest:cid=69,entriesCount=0
2025-07-14 15:01:47,469 [grpc-default-executor-4] ERROR impl.OrderedAsync (OrderedAsync.java:lambda$null$6(215)) -  client-1C5602CD21E9: Failed* RaftClientRequest:client-1C5602CD21E9->a505560f-c589-4eb5-89aa-a89970ae9358@group-66EA1A40B3A7, cid=177, seq=4*, RW, cmdType: WriteChunk
traceID: ""
containerID: 9
datanodeUuid: "52f0bf1a-a22c-4dfc-83f0-dd23f5b60a86"
writeChunk {
  blockID {
    containerID: 9
    localID: 115816896921600009
    blockCommitSequenceId: 12
    replicaIndex: 0
  }
  chunkData {
    chunkName: "115816896921600009_chunk_2"
    offset: 5
    len: 10
    checksumData {
      type: CRC32
      bytesPerChecksum: 16384
      checksums: "\317\357R*"
    }
  }
}
version: 3
, data.size=10
java.util.concurrent.CompletionException: org.apache.ratis.protocol.exceptions.GroupMismatchException: a505560f-c589-4eb5-89aa-a89970ae9358: group-66EA1A40B3A7 not found.
	at java.base/java.util.concurrent.CompletableFuture.encodeThrowable(CompletableFuture.java:332)
	at java.base/java.util.concurrent.CompletableFuture.completeThrowable(CompletableFuture.java:347)
	at java.base/java.util.concurrent.CompletableFuture$UniAccept.tryFire(CompletableFuture.java:708)
	at java.base/java.util.concurrent.CompletableFuture.postComplete(CompletableFuture.java:510)
	at java.base/java.util.concurrent.CompletableFuture.completeExceptionally(CompletableFuture.java:2194)
	at org.apache.ratis.grpc.client.GrpcClientProtocolClient$AsyncStreamObservers.completeReplyExceptionally(GrpcClientProtocolClient.java:397)
	at org.apache.ratis.grpc.client.GrpcClientProtocolClient$AsyncStreamObservers.access$000(GrpcClientProtocolClient.java:303)
	at org.apache.ratis.grpc.client.GrpcClientProtocolClient$AsyncStreamObservers$1.onError(GrpcClientProtocolClient.java:334)
	at org.apache.ratis.thirdparty.io.grpc.stub.ClientCalls$StreamObserverToCallListenerAdapter.onClose(ClientCalls.java:564)
	at org.apache.ratis.thirdparty.io.grpc.PartialForwardingClientCallListener.onClose(PartialForwardingClientCallListener.java:39)
	at org.apache.ratis.thirdparty.io.grpc.ForwardingClientCallListener.onClose(ForwardingClientCallListener.java:23)
	at org.apache.ratis.grpc.metrics.intercept.client.MetricClientCallListener.onClose(MetricClientCallListener.java:47)
	at org.apache.ratis.thirdparty.io.grpc.internal.ClientCallImpl.closeObserver(ClientCallImpl.java:565)
	at org.apache.ratis.thirdparty.io.grpc.internal.ClientCallImpl.access$100(ClientCallImpl.java:72)
	at org.apache.ratis.thirdparty.io.grpc.internal.ClientCallImpl$ClientStreamListenerImpl$1StreamClosed.runInternal(ClientCallImpl.java:733)
	at org.apache.ratis.thirdparty.io.grpc.internal.ClientCallImpl$ClientStreamListenerImpl$1StreamClosed.runInContext(ClientCallImpl.java:714)
	at org.apache.ratis.thirdparty.io.grpc.internal.ContextRunnable.run(ContextRunnable.java:37)
	at org.apache.ratis.thirdparty.io.grpc.internal.SerializingExecutor.run(SerializingExecutor.java:133)
	at java.base/java.util.concurrent.ThreadPoolExecutor.runWorker(ThreadPoolExecutor.java:1144)
	at java.base/java.util.concurrent.ThreadPoolExecutor$Worker.run(ThreadPoolExecutor.java:642)
	at java.base/java.lang.Thread.run(Thread.java:1583)
Caused by: org.apache.ratis.protocol.exceptions.GroupMismatchException: a505560f-c589-4eb5-89aa-a89970ae9358: group-66EA1A40B3A7 not found.
	at org.apache.ratis.server.impl.RaftServerProxy$ImplMap.get(RaftServerProxy.java:160)
	at org.apache.ratis.server.impl.RaftServerProxy.getImplFuture(RaftServerProxy.java:370)
	at org.apache.ratis.server.impl.RaftServerProxy.submitClientRequestAsync(RaftServerProxy.java:455)
	at org.apache.ratis.grpc.server.GrpcClientProtocolService$RequestStreamObserver.processClientRequest(GrpcClientProtocolService.java:226)
	at org.apache.ratis.grpc.server.GrpcClientProtocolService$OrderedRequestStreamObserver.processClientRequest(GrpcClientProtocolService.java:332)
	at org.apache.ratis.util.SlidingWindow$Server.processRequestsFromHead(SlidingWindow.java:467)
	at org.apache.ratis.util.SlidingWindow$Server.receivedRequest(SlidingWindow.java:459)
	at org.apache.ratis.grpc.server.GrpcClientProtocolService$OrderedRequestStreamObserver.processClientRequest(GrpcClientProtocolService.java:356)
	at org.apache.ratis.grpc.server.GrpcClientProtocolService$RequestStreamObserver.onNext(GrpcClientProtocolService.java:246)
	at org.apache.ratis.grpc.server.GrpcClientProtocolService$RequestStreamObserver.onNext(GrpcClientProtocolService.java:169)
	at org.apache.ratis.thirdparty.io.grpc.stub.ServerCalls$StreamingServerCallHandler$StreamingServerCallListener.onMessage(ServerCalls.java:262)
	at org.apache.ratis.thirdparty.io.grpc.internal.ServerCallImpl$ServerStreamListenerImpl.messagesAvailableInternal(ServerCallImpl.java:334)
	at org.apache.ratis.thirdparty.io.grpc.internal.ServerCallImpl$ServerStreamListenerImpl.messagesAvailable(ServerCallImpl.java:319)
	at org.apache.ratis.thirdparty.io.grpc.internal.ServerImpl$JumpToApplicationThreadServerStreamListener$1MessagesAvailable.runInContext(ServerImpl.java:834)
	... 5 more
2025-07-14 15:01:47,469 [grpc-default-executor-4] ERROR impl.OrderedAsync (OrderedAsync.java:lambda$send$4(181)) - Failed to send request, message=cmdType: WriteChunk
traceID: ""
containerID: 9
datanodeUuid: "52f0bf1a-a22c-4dfc-83f0-dd23f5b60a86"
writeChunk {
  blockID {
    containerID: 9
    localID: 115816896921600009
    blockCommitSequenceId: 12
    replicaIndex: 0
  }
  chunkData {
    chunkName: "115816896921600009_chunk_2"
    offset: 5
    len: 10
    checksumData {
      type: CRC32
      bytesPerChecksum: 16384
      checksums: "\317\357R*"
    }
  }
}
version: 3
, data.size=10
java.util.concurrent.CompletionException: org.apache.ratis.protocol.exceptions.GroupMismatchException: a505560f-c589-4eb5-89aa-a89970ae9358: group-66EA1A40B3A7 not found.
	at java.base/java.util.concurrent.CompletableFuture.encodeThrowable(CompletableFuture.java:332)
	at java.base/java.util.concurrent.CompletableFuture.completeThrowable(CompletableFuture.java:347)
	at java.base/java.util.concurrent.CompletableFuture$UniApply.tryFire(CompletableFuture.java:636)
	at java.base/java.util.concurrent.CompletableFuture.postComplete(CompletableFuture.java:510)
	at java.base/java.util.concurrent.CompletableFuture.completeExceptionally(CompletableFuture.java:2194)
	at org.apache.ratis.client.impl.OrderedAsync$PendingOrderedRequest.fail(OrderedAsync.java:111)
	at org.apache.ratis.util.SlidingWindow$Client.fail(SlidingWindow.java:395)
	at org.apache.ratis.client.impl.OrderedAsync.failAllAsyncRequests(OrderedAsync.java:155)
	at org.apache.ratis.client.impl.OrderedAsync.handleException(OrderedAsync.java:232)
	at org.apache.ratis.client.impl.OrderedAsync.lambda$sendRequestWithRetry$7(OrderedAsync.java:217)
	at java.base/java.util.concurrent.CompletableFuture.uniExceptionally(CompletableFuture.java:990)
	at java.base/java.util.concurrent.CompletableFuture$UniExceptionally.tryFire(CompletableFuture.java:974)
	at java.base/java.util.concurrent.CompletableFuture.postComplete(CompletableFuture.java:510)
	at java.base/java.util.concurrent.CompletableFuture.completeExceptionally(CompletableFuture.java:2194)
	at org.apache.ratis.grpc.client.GrpcClientProtocolClient$AsyncStreamObservers.completeReplyExceptionally(GrpcClientProtocolClient.java:397)
	at org.apache.ratis.grpc.client.GrpcClientProtocolClient$AsyncStreamObservers.access$000(GrpcClientProtocolClient.java:303)
	at org.apache.ratis.grpc.client.GrpcClientProtocolClient$AsyncStreamObservers$1.onError(GrpcClientProtocolClient.java:334)
	at org.apache.ratis.thirdparty.io.grpc.stub.ClientCalls$StreamObserverToCallListenerAdapter.onClose(ClientCalls.java:564)
	at org.apache.ratis.thirdparty.io.grpc.PartialForwardingClientCallListener.onClose(PartialForwardingClientCallListener.java:39)
	at org.apache.ratis.thirdparty.io.grpc.ForwardingClientCallListener.onClose(ForwardingClientCallListener.java:23)
	at org.apache.ratis.grpc.metrics.intercept.client.MetricClientCallListener.onClose(MetricClientCallListener.java:47)
	at org.apache.ratis.thirdparty.io.grpc.internal.ClientCallImpl.closeObserver(ClientCallImpl.java:565)
	at org.apache.ratis.thirdparty.io.grpc.internal.ClientCallImpl.access$100(ClientCallImpl.java:72)
	at org.apache.ratis.thirdparty.io.grpc.internal.ClientCallImpl$ClientStreamListenerImpl$1StreamClosed.runInternal(ClientCallImpl.java:733)
	at org.apache.ratis.thirdparty.io.grpc.internal.ClientCallImpl$ClientStreamListenerImpl$1StreamClosed.runInContext(ClientCallImpl.java:714)
	at org.apache.ratis.thirdparty.io.grpc.internal.ContextRunnable.run(ContextRunnable.java:37)
	at org.apache.ratis.thirdparty.io.grpc.internal.SerializingExecutor.run(SerializingExecutor.java:133)
	at java.base/java.util.concurrent.ThreadPoolExecutor.runWorker(ThreadPoolExecutor.java:1144)
	at java.base/java.util.concurrent.ThreadPoolExecutor$Worker.run(ThreadPoolExecutor.java:642)
	at java.base/java.lang.Thread.run(Thread.java:1583)
Caused by: org.apache.ratis.protocol.exceptions.GroupMismatchException: a505560f-c589-4eb5-89aa-a89970ae9358: group-66EA1A40B3A7 not found.
	at org.apache.ratis.server.impl.RaftServerProxy$ImplMap.get(RaftServerProxy.java:160)
	at org.apache.ratis.server.impl.RaftServerProxy.getImplFuture(RaftServerProxy.java:370)
	at org.apache.ratis.server.impl.RaftServerProxy.submitClientRequestAsync(RaftServerProxy.java:455)
	at org.apache.ratis.grpc.server.GrpcClientProtocolService$RequestStreamObserver.processClientRequest(GrpcClientProtocolService.java:226)
	at org.apache.ratis.grpc.server.GrpcClientProtocolService$OrderedRequestStreamObserver.processClientRequest(GrpcClientProtocolService.java:332)
	at org.apache.ratis.util.SlidingWindow$Server.processRequestsFromHead(SlidingWindow.java:467)
	at org.apache.ratis.util.SlidingWindow$Server.receivedRequest(SlidingWindow.java:459)
	at org.apache.ratis.grpc.server.GrpcClientProtocolService$OrderedRequestStreamObserver.processClientRequest(GrpcClientProtocolService.java:356)
	at org.apache.ratis.grpc.server.GrpcClientProtocolService$RequestStreamObserver.onNext(GrpcClientProtocolService.java:246)
	at org.apache.ratis.grpc.server.GrpcClientProtocolService$RequestStreamObserver.onNext(GrpcClientProtocolService.java:169)
	at org.apache.ratis.thirdparty.io.grpc.stub.ServerCalls$StreamingServerCallHandler$StreamingServerCallListener.onMessage(ServerCalls.java:262)
	at org.apache.ratis.thirdparty.io.grpc.internal.ServerCallImpl$ServerStreamListenerImpl.messagesAvailableInternal(ServerCallImpl.java:334)
	at org.apache.ratis.thirdparty.io.grpc.internal.ServerCallImpl$ServerStreamListenerImpl.messagesAvailable(ServerCallImpl.java:319)
	at org.apache.ratis.thirdparty.io.grpc.internal.ServerImpl$JumpToApplicationThreadServerStreamListener$1MessagesAvailable.runInContext(ServerImpl.java:834)
	... 5 more
2025-07-14 15:01:47,470 [grpc-default-executor-4] ERROR impl.OrderedAsync (OrderedAsync.java:lambda$send$4(179)) - Failed to send request, message=cmdType: PutBlock
traceID: ""
containerID: 9
datanodeUuid: "52f0bf1a-a22c-4dfc-83f0-dd23f5b60a86"
putBlock {
  blockData {
    blockID {
      containerID: 9
      localID: 115816896921600009
      blockCommitSequenceId: 0
    }
    metadata {
      key: "TYPE"
      value: "KEY"
    }
    chunks {
      chunkName: "115816896921600009_chunk_1"
      offset: 0
      len: 5
      checksumData {
        type: CRC32
        bytesPerChecksum: 16384
        checksums: "\350a\3440"
      }
    }
    chunks {
      chunkName: "115816896921600009_chunk_2"
      offset: 5
      len: 10
      checksumData {
        type: CRC32
        bytesPerChecksum: 16384
        checksums: "\317\357R*"
      }
    }
  }
  eof: false
}
version: 3
, data.size=0 due to java.util.concurrent.CompletionException: org.apache.ratis.protocol.exceptions.AlreadyClosedException: SlidingWindow$Client:client-1C5602CD21E9->RAFT is closed.
2025-07-14 15:01:47,470 [main] WARN  io.KeyOutputStream (KeyOutputStream.java:handleExceptionInternal(377)) - Encountered exception java.io.IOException: Unexpected Storage Container Exception: java.util.concurrent.CompletionException: Failed to write chunk 115816896921600009_chunk_2 into block conID: 9 locID: 115816896921600009 bcsId: 12 replicaIndex: null on the pipeline Pipeline{ Id: a63a7d38-be8c-449b-928f-66ea1a40b3a7, Nodes: [ {52f0bf1a-a22c-4dfc-83f0-dd23f5b60a86(localhost/127.0.0.1), ReplicaIndex: 0}, {77d16558-8a68-4655-9235-107e22ba3c38(localhost/127.0.0.1), ReplicaIndex: 0}, {a505560f-c589-4eb5-89aa-a89970ae9358(localhost/127.0.0.1), ReplicaIndex: 0},], ReplicationConfig: RATIS/THREE, State:OPEN, leaderId:52f0bf1a-a22c-4dfc-83f0-dd23f5b60a86, CreationTimestamp2025-07-14T15:00:04.359Z[Etc/UTC]}. The last committed block length is 5, uncommitted data length is 10 retry count 0
2025-07-14 15:01:47,500 [main] INFO  io.BlockOutputStreamEntry (BlockOutputStreamEntry.java:writeOnRetry(192)) - BlockOutputStreamEntry:ratis2 conID: 10 locID: 115816896921600010 bcsId: 0 replicaIndex: null: Finish retrying with len 10, currentPosition 10
2025-07-14 15:01:47,500 [main] INFO  io.BlockOutputStreamEntry (BlockOutputStreamEntry.java:finishRetryHandling(141)) - BlockOutputStreamEntry:ratis2 conID: 10 locID: 115816896921600010 bcsId: 0 replicaIndex: null: Exiting retry handling mode
2025-07-14 15:01:47,504 [0f2a098c-ed74-48ca-a55f-ceee6161c687@group-25EDCEF96557-StateMachineUpdater] INFO  ratis.ContainerStateMachine (ContainerStateMachine.java:takeSnapshot(427)) - group-25EDCEF96557: Taking a snapshot at:(t:1, i:4) file /home/runner/work/ozone/ozone/hadoop-ozone/integration-test/target/test-dir/MiniOzoneClusterImpl-aaa7dc72-7fbf-48e0-acc5-129182712624/ozone-meta/datanode-2/ratis/1f04c3d8-3493-4c0a-ae6a-25edcef96557/sm/snapshot.1_4
2025-07-14 15:01:47,504 [b5acb6b3-ef2b-41db-9bfa-77a47d0ca582@group-25EDCEF96557-StateMachineUpdater] INFO  ratis.ContainerStateMachine (ContainerStateMachine.java:takeSnapshot(427)) - group-25EDCEF96557: Taking a snapshot at:(t:1, i:4) file /home/runner/work/ozone/ozone/hadoop-ozone/integration-test/target/test-dir/MiniOzoneClusterImpl-aaa7dc72-7fbf-48e0-acc5-129182712624/ozone-meta/datanode-3/ratis/1f04c3d8-3493-4c0a-ae6a-25edcef96557/sm/snapshot.1_4
2025-07-14 15:01:47,506 [b5acb6b3-ef2b-41db-9bfa-77a47d0ca582@group-25EDCEF96557-StateMachineUpdater] INFO  ratis.ContainerStateMachine (ContainerStateMachine.java:takeSnapshot(436)) - group-25EDCEF96557: Finished taking a snapshot at:(t:1, i:4) file:/home/runner/work/ozone/ozone/hadoop-ozone/integration-test/target/test-dir/MiniOzoneClusterImpl-aaa7dc72-7fbf-48e0-acc5-129182712624/ozone-meta/datanode-3/ratis/1f04c3d8-3493-4c0a-ae6a-25edcef96557/sm/snapshot.1_4 took: 1 ms
2025-07-14 15:01:47,506 [0f2a098c-ed74-48ca-a55f-ceee6161c687@group-25EDCEF96557-StateMachineUpdater] INFO  ratis.ContainerStateMachine (ContainerStateMachine.java:takeSnapshot(436)) - group-25EDCEF96557: Finished taking a snapshot at:(t:1, i:4) file:/home/runner/work/ozone/ozone/hadoop-ozone/integration-test/target/test-dir/MiniOzoneClusterImpl-aaa7dc72-7fbf-48e0-acc5-129182712624/ozone-meta/datanode-2/ratis/1f04c3d8-3493-4c0a-ae6a-25edcef96557/sm/snapshot.1_4 took: 2 ms
2025-07-14 15:01:47,506 [b5acb6b3-ef2b-41db-9bfa-77a47d0ca582@group-25EDCEF96557-StateMachineUpdater] INFO  impl.StateMachineUpdater (StateMachineUpdater.java:takeSnapshot(307)) - b5acb6b3-ef2b-41db-9bfa-77a47d0ca582@group-25EDCEF96557-StateMachineUpdater: Took a snapshot at index 4
2025-07-14 15:01:47,506 [b5acb6b3-ef2b-41db-9bfa-77a47d0ca582@group-25EDCEF96557-StateMachineUpdater] INFO  impl.StateMachineUpdater (StateMachineUpdater.java:lambda$new$0(101)) - b5acb6b3-ef2b-41db-9bfa-77a47d0ca582@group-25EDCEF96557-StateMachineUpdater: snapshotIndex: updateIncreasingly 0 -> 4
2025-07-14 15:01:47,507 [0f2a098c-ed74-48ca-a55f-ceee6161c687@group-25EDCEF96557-StateMachineUpdater] INFO  impl.StateMachineUpdater (StateMachineUpdater.java:takeSnapshot(307)) - 0f2a098c-ed74-48ca-a55f-ceee6161c687@group-25EDCEF96557-StateMachineUpdater: Took a snapshot at index 4
2025-07-14 15:01:47,507 [0f2a098c-ed74-48ca-a55f-ceee6161c687@group-25EDCEF96557-StateMachineUpdater] INFO  impl.StateMachineUpdater (StateMachineUpdater.java:lambda$new$0(101)) - 0f2a098c-ed74-48ca-a55f-ceee6161c687@group-25EDCEF96557-StateMachineUpdater: snapshotIndex: updateIncreasingly 0 -> 4
2025-07-14 15:01:47,510 [311b5faf-4d73-479d-9d03-a3296c64f810@group-25EDCEF96557-StateMachineUpdater] INFO  ratis.ContainerStateMachine (ContainerStateMachine.java:takeSnapshot(427)) - group-25EDCEF96557: Taking a snapshot at:(t:1, i:6) file /home/runner/work/ozone/ozone/hadoop-ozone/integration-test/target/test-dir/MiniOzoneClusterImpl-aaa7dc72-7fbf-48e0-acc5-129182712624/ozone-meta/datanode-1/ratis/1f04c3d8-3493-4c0a-ae6a-25edcef96557/sm/snapshot.1_6
2025-07-14 15:01:47,511 [311b5faf-4d73-479d-9d03-a3296c64f810@group-25EDCEF96557-StateMachineUpdater] INFO  ratis.ContainerStateMachine (ContainerStateMachine.java:takeSnapshot(436)) - group-25EDCEF96557: Finished taking a snapshot at:(t:1, i:6) file:/home/runner/work/ozone/ozone/hadoop-ozone/integration-test/target/test-dir/MiniOzoneClusterImpl-aaa7dc72-7fbf-48e0-acc5-129182712624/ozone-meta/datanode-1/ratis/1f04c3d8-3493-4c0a-ae6a-25edcef96557/sm/snapshot.1_6 took: 1 ms
2025-07-14 15:01:47,512 [311b5faf-4d73-479d-9d03-a3296c64f810@group-25EDCEF96557-StateMachineUpdater] INFO  impl.StateMachineUpdater (StateMachineUpdater.java:takeSnapshot(307)) - 311b5faf-4d73-479d-9d03-a3296c64f810@group-25EDCEF96557-StateMachineUpdater: Took a snapshot at index 6
2025-07-14 15:01:47,512 [311b5faf-4d73-479d-9d03-a3296c64f810@group-25EDCEF96557-StateMachineUpdater] INFO  impl.StateMachineUpdater (StateMachineUpdater.java:lambda$new$0(101)) - 311b5faf-4d73-479d-9d03-a3296c64f810@group-25EDCEF96557-StateMachineUpdater: snapshotIndex: updateIncreasingly 0 -> 6
2025-07-14 15:01:47,512 [311b5faf-4d73-479d-9d03-a3296c64f810@group-25EDCEF96557-StateMachineUpdater] INFO  ratis.ContainerStateMachine (ContainerStateMachine.java:takeSnapshot(427)) - group-25EDCEF96557: Taking a snapshot at:(t:1, i:7) file /home/runner/work/ozone/ozone/hadoop-ozone/integration-test/target/test-dir/MiniOzoneClusterImpl-aaa7dc72-7fbf-48e0-acc5-129182712624/ozone-meta/datanode-1/ratis/1f04c3d8-3493-4c0a-ae6a-25edcef96557/sm/snapshot.1_7
2025-07-14 15:01:47,513 [b5acb6b3-ef2b-41db-9bfa-77a47d0ca582@group-25EDCEF96557-StateMachineUpdater] INFO  ratis.ContainerStateMachine (ContainerStateMachine.java:takeSnapshot(427)) - group-25EDCEF96557: Taking a snapshot at:(t:1, i:7) file /home/runner/work/ozone/ozone/hadoop-ozone/integration-test/target/test-dir/MiniOzoneClusterImpl-aaa7dc72-7fbf-48e0-acc5-129182712624/ozone-meta/datanode-3/ratis/1f04c3d8-3493-4c0a-ae6a-25edcef96557/sm/snapshot.1_7
2025-07-14 15:01:47,513 [0f2a098c-ed74-48ca-a55f-ceee6161c687@group-25EDCEF96557-StateMachineUpdater] INFO  ratis.ContainerStateMachine (ContainerStateMachine.java:takeSnapshot(427)) - group-25EDCEF96557: Taking a snapshot at:(t:1, i:7) file /home/runner/work/ozone/ozone/hadoop-ozone/integration-test/target/test-dir/MiniOzoneClusterImpl-aaa7dc72-7fbf-48e0-acc5-129182712624/ozone-meta/datanode-2/ratis/1f04c3d8-3493-4c0a-ae6a-25edcef96557/sm/snapshot.1_7
2025-07-14 15:01:47,513 [311b5faf-4d73-479d-9d03-a3296c64f810@group-25EDCEF96557-StateMachineUpdater] INFO  ratis.ContainerStateMachine (ContainerStateMachine.java:takeSnapshot(436)) - group-25EDCEF96557: Finished taking a snapshot at:(t:1, i:7) file:/home/runner/work/ozone/ozone/hadoop-ozone/integration-test/target/test-dir/MiniOzoneClusterImpl-aaa7dc72-7fbf-48e0-acc5-129182712624/ozone-meta/datanode-1/ratis/1f04c3d8-3493-4c0a-ae6a-25edcef96557/sm/snapshot.1_7 took: 2 ms
2025-07-14 15:01:47,514 [311b5faf-4d73-479d-9d03-a3296c64f810@group-25EDCEF96557-StateMachineUpdater] INFO  impl.StateMachineUpdater (StateMachineUpdater.java:takeSnapshot(307)) - 311b5faf-4d73-479d-9d03-a3296c64f810@group-25EDCEF96557-StateMachineUpdater: Took a snapshot at index 7
2025-07-14 15:01:47,514 [311b5faf-4d73-479d-9d03-a3296c64f810@group-25EDCEF96557-StateMachineUpdater] INFO  impl.StateMachineUpdater (StateMachineUpdater.java:lambda$new$0(101)) - 311b5faf-4d73-479d-9d03-a3296c64f810@group-25EDCEF96557-StateMachineUpdater: snapshotIndex: updateIncreasingly 6 -> 7
2025-07-14 15:01:47,514 [0f2a098c-ed74-48ca-a55f-ceee6161c687@group-25EDCEF96557-StateMachineUpdater] INFO  ratis.ContainerStateMachine (ContainerStateMachine.java:takeSnapshot(436)) - group-25EDCEF96557: Finished taking a snapshot at:(t:1, i:7) file:/home/runner/work/ozone/ozone/hadoop-ozone/integration-test/target/test-dir/MiniOzoneClusterImpl-aaa7dc72-7fbf-48e0-acc5-129182712624/ozone-meta/datanode-2/ratis/1f04c3d8-3493-4c0a-ae6a-25edcef96557/sm/snapshot.1_7 took: 2 ms
2025-07-14 15:01:47,514 [0f2a098c-ed74-48ca-a55f-ceee6161c687@group-25EDCEF96557-StateMachineUpdater] INFO  impl.StateMachineUpdater (StateMachineUpdater.java:takeSnapshot(307)) - 0f2a098c-ed74-48ca-a55f-ceee6161c687@group-25EDCEF96557-StateMachineUpdater: Took a snapshot at index 7
2025-07-14 15:01:47,515 [0f2a098c-ed74-48ca-a55f-ceee6161c687@group-25EDCEF96557-StateMachineUpdater] INFO  impl.StateMachineUpdater (StateMachineUpdater.java:lambda$new$0(101)) - 0f2a098c-ed74-48ca-a55f-ceee6161c687@group-25EDCEF96557-StateMachineUpdater: snapshotIndex: updateIncreasingly 4 -> 7
2025-07-14 15:01:47,515 [b5acb6b3-ef2b-41db-9bfa-77a47d0ca582@group-25EDCEF96557-StateMachineUpdater] INFO  ratis.ContainerStateMachine (ContainerStateMachine.java:takeSnapshot(436)) - group-25EDCEF96557: Finished taking a snapshot at:(t:1, i:7) file:/home/runner/work/ozone/ozone/hadoop-ozone/integration-test/target/test-dir/MiniOzoneClusterImpl-aaa7dc72-7fbf-48e0-acc5-129182712624/ozone-meta/datanode-3/ratis/1f04c3d8-3493-4c0a-ae6a-25edcef96557/sm/snapshot.1_7 took: 2 ms
2025-07-14 15:01:47,515 [b5acb6b3-ef2b-41db-9bfa-77a47d0ca582@group-25EDCEF96557-StateMachineUpdater] INFO  impl.StateMachineUpdater (StateMachineUpdater.java:takeSnapshot(307)) - b5acb6b3-ef2b-41db-9bfa-77a47d0ca582@group-25EDCEF96557-StateMachineUpdater: Took a snapshot at index 7
2025-07-14 15:01:47,515 [b5acb6b3-ef2b-41db-9bfa-77a47d0ca582@group-25EDCEF96557-StateMachineUpdater] INFO  impl.StateMachineUpdater (StateMachineUpdater.java:lambda$new$0(101)) - b5acb6b3-ef2b-41db-9bfa-77a47d0ca582@group-25EDCEF96557-StateMachineUpdater: snapshotIndex: updateIncreasingly 4 -> 7
2025-07-14 15:01:47,536 [311b5faf-4d73-479d-9d03-a3296c64f810-ChunkReader-0] ERROR helpers.ContainerUtils (ContainerUtils.java:getChunkDir(273)) - Chunks dir /home/runner/work/ozone/ozone/hadoop-ozone/integration-test/target/test-dir/MiniOzoneClusterImpl-aaa7dc72-7fbf-48e0-acc5-129182712624/ozone-meta/datanode-1/data-0/hdds/aaa7dc72-7fbf-48e0-acc5-129182712624/current/containerDir0/2/chunks does not exist
2025-07-14 15:01:47,536 [311b5faf-4d73-479d-9d03-a3296c64f810-ChunkReader-0] WARN  keyvalue.KeyValueHandler (ContainerUtils.java:logAndReturnError(94)) - Operation: ReadChunk , Trace ID:  , Message: Chunks directory /home/runner/work/ozone/ozone/hadoop-ozone/integration-test/target/test-dir/MiniOzoneClusterImpl-aaa7dc72-7fbf-48e0-acc5-129182712624/ozone-meta/datanode-1/data-0/hdds/aaa7dc72-7fbf-48e0-acc5-129182712624/current/containerDir0/2/chunks does not exist. , Result: UNABLE_TO_FIND_DATA_DIR , StorageContainerException Occurred.
org.apache.hadoop.hdds.scm.container.common.helpers.StorageContainerException: Chunks directory /home/runner/work/ozone/ozone/hadoop-ozone/integration-test/target/test-dir/MiniOzoneClusterImpl-aaa7dc72-7fbf-48e0-acc5-129182712624/ozone-meta/datanode-1/data-0/hdds/aaa7dc72-7fbf-48e0-acc5-129182712624/current/containerDir0/2/chunks does not exist.
	at org.apache.hadoop.ozone.container.common.helpers.ContainerUtils.getChunkDir(ContainerUtils.java:275)
	at org.apache.hadoop.ozone.container.common.impl.ContainerLayoutVersion.getChunkFile(ContainerLayoutVersion.java:115)
	at org.apache.hadoop.ozone.container.keyvalue.impl.FilePerBlockStrategy.getChunkFile(FilePerBlockStrategy.java:300)
	at org.apache.hadoop.ozone.container.keyvalue.impl.FilePerBlockStrategy.readChunk(FilePerBlockStrategy.java:216)
	at org.apache.hadoop.ozone.container.keyvalue.impl.ChunkManagerDispatcher.readChunk(ChunkManagerDispatcher.java:108)
	at org.apache.hadoop.ozone.container.keyvalue.KeyValueHandler.handleReadChunk(KeyValueHandler.java:936)
	at org.apache.hadoop.ozone.container.keyvalue.KeyValueHandler.dispatchRequest(KeyValueHandler.java:338)
	at org.apache.hadoop.ozone.container.keyvalue.KeyValueHandler.handle(KeyValueHandler.java:293)
	at org.apache.hadoop.ozone.container.common.impl.HddsDispatcher.dispatchRequest(HddsDispatcher.java:365)
	at org.apache.hadoop.ozone.container.common.impl.HddsDispatcher.lambda$dispatch$1(HddsDispatcher.java:190)
	at org.apache.hadoop.hdds.server.OzoneProtocolMessageDispatcher.processRequest(OzoneProtocolMessageDispatcher.java:87)
	at org.apache.hadoop.ozone.container.common.impl.HddsDispatcher.dispatch(HddsDispatcher.java:189)
	at org.apache.hadoop.ozone.container.common.transport.server.GrpcXceiverService$1.onNext(GrpcXceiverService.java:107)
	at org.apache.hadoop.ozone.container.common.transport.server.GrpcXceiverService$1.onNext(GrpcXceiverService.java:96)
	at org.apache.ratis.thirdparty.io.grpc.stub.ServerCalls$StreamingServerCallHandler$StreamingServerCallListener.onMessage(ServerCalls.java:262)
	at org.apache.ratis.thirdparty.io.grpc.ForwardingServerCallListener.onMessage(ForwardingServerCallListener.java:33)
	at org.apache.hadoop.hdds.tracing.GrpcServerInterceptor$1.onMessage(GrpcServerInterceptor.java:49)
	at org.apache.ratis.thirdparty.io.grpc.internal.ServerCallImpl$ServerStreamListenerImpl.messagesAvailableInternal(ServerCallImpl.java:334)
	at org.apache.ratis.thirdparty.io.grpc.internal.ServerCallImpl$ServerStreamListenerImpl.messagesAvailable(ServerCallImpl.java:319)
	at org.apache.ratis.thirdparty.io.grpc.internal.ServerImpl$JumpToApplicationThreadServerStreamListener$1MessagesAvailable.runInContext(ServerImpl.java:834)
	at org.apache.ratis.thirdparty.io.grpc.internal.ContextRunnable.run(ContextRunnable.java:37)
	at org.apache.ratis.thirdparty.io.grpc.internal.SerializingExecutor.run(SerializingExecutor.java:133)
	at java.base/java.util.concurrent.ThreadPoolExecutor.runWorker(ThreadPoolExecutor.java:1144)
	at java.base/java.util.concurrent.ThreadPoolExecutor$Worker.run(ThreadPoolExecutor.java:642)
	at java.base/java.lang.Thread.run(Thread.java:1583)
2025-07-14T15:01:47.537077947Z 311b5faf-4d73-479d-9d03-a3296c64f810-ChunkReader-0 ERROR user=null | ip=null | op=READ_CHUNK {blockData=conID: 2 locID: 115816896921600002 bcsId: 2 replicaIndex: null, offset=0, size=5} | ret=FAILURE
java.lang.Exception: Chunks directory /home/runner/work/ozone/ozone/hadoop-ozone/integration-test/target/test-dir/MiniOzoneClusterImpl-aaa7dc72-7fbf-48e0-acc5-129182712624/ozone-meta/datanode-1/data-0/hdds/aaa7dc72-7fbf-48e0-acc5-129182712624/current/containerDir0/2/chunks does not exist.
	at org.apache.hadoop.ozone.container.common.impl.HddsDispatcher.dispatchRequest(HddsDispatcher.java:439)
	at org.apache.hadoop.ozone.container.common.impl.HddsDispatcher.lambda$dispatch$1(HddsDispatcher.java:190)
	at org.apache.hadoop.hdds.server.OzoneProtocolMessageDispatcher.processRequest(OzoneProtocolMessageDispatcher.java:87)
	at org.apache.hadoop.ozone.container.common.impl.HddsDispatcher.dispatch(HddsDispatcher.java:189)
	at org.apache.hadoop.ozone.container.common.transport.server.GrpcXceiverService$1.onNext(GrpcXceiverService.java:107)
	at org.apache.hadoop.ozone.container.common.transport.server.GrpcXceiverService$1.onNext(GrpcXceiverService.java:96)
	at org.apache.ratis.thirdparty.io.grpc.stub.ServerCalls$StreamingServerCallHandler$StreamingServerCallListener.onMessage(ServerCalls.java:262)
	at org.apache.ratis.thirdparty.io.grpc.ForwardingServerCallListener.onMessage(ForwardingServerCallListener.java:33)
	at org.apache.hadoop.hdds.tracing.GrpcServerInterceptor$1.onMessage(GrpcServerInterceptor.java:49)
	at org.apache.ratis.thirdparty.io.grpc.internal.ServerCallImpl$ServerStreamListenerImpl.messagesAvailableInternal(ServerCallImpl.java:334)
	at org.apache.ratis.thirdparty.io.grpc.internal.ServerCallImpl$ServerStreamListenerImpl.messagesAvailable(ServerCallImpl.java:319)
	at org.apache.ratis.thirdparty.io.grpc.internal.ServerImpl$JumpToApplicationThreadServerStreamListener$1MessagesAvailable.runInContext(ServerImpl.java:834)
	at org.apache.ratis.thirdparty.io.grpc.internal.ContextRunnable.run(ContextRunnable.java:37)
	at org.apache.ratis.thirdparty.io.grpc.internal.SerializingExecutor.run(SerializingExecutor.java:133)
	at java.base/java.util.concurrent.ThreadPoolExecutor.runWorker(ThreadPoolExecutor.java:1144)
	at java.base/java.util.concurrent.ThreadPoolExecutor$Worker.run(ThreadPoolExecutor.java:642)
	at java.base/java.lang.Thread.run(Thread.java:1583)
]]></system-out>
  </testcase>
</testsuite>