<?xml version="1.0" encoding="UTF-8"?>
<testsuite xmlns:xsi="http://www.w3.org/2001/XMLSchema-instance" xsi:noNamespaceSchemaLocation="https://maven.apache.org/surefire/maven-surefire-plugin/xsd/surefire-test-report-3.0.xsd" version="3.0" name="org.apache.hadoop.ozone.om.snapshot.TestOzoneManagerSnapshotAcl" time="1,151.833" tests="56" errors="56" skipped="0" failures="0">
  <properties>
    <property name="java.specification.version" value="17"/>
    <property name="sun.jnu.encoding" value="UTF-8"/>
    <property name="java.class.path" value="/home/runner/work/ozone/ozone/hadoop-ozone/integration-test/target/test-classes:/home/runner/work/ozone/ozone/hadoop-ozone/integration-test/target/classes:/home/runner/work/ozone/ozone/hadoop-ozone/common/target/ozone-common-1.5.0-SNAPSHOT.jar:/home/runner/.m2/repository/io/grpc/grpc-netty/1.58.0/grpc-netty-1.58.0.jar:/home/runner/.m2/repository/io/grpc/grpc-core/1.58.0/grpc-core-1.58.0.jar:/home/runner/.m2/repository/com/google/android/annotations/4.1.1.4/annotations-4.1.1.4.jar:/home/runner/.m2/repository/org/codehaus/mojo/animal-sniffer-annotations/1.23/animal-sniffer-annotations-1.23.jar:/home/runner/.m2/repository/io/grpc/grpc-context/1.58.0/grpc-context-1.58.0.jar:/home/runner/.m2/repository/io/grpc/grpc-util/1.58.0/grpc-util-1.58.0.jar:/home/runner/.m2/repository/com/google/errorprone/error_prone_annotations/2.29.2/error_prone_annotations-2.29.2.jar:/home/runner/.m2/repository/io/perfmark/perfmark-api/0.26.0/perfmark-api-0.26.0.jar:/home/runner/.m2/repository/io/netty/netty-codec-http2/4.1.109.Final/netty-codec-http2-4.1.109.Final.jar:/home/runner/.m2/repository/io/netty/netty-codec-http/4.1.109.Final/netty-codec-http-4.1.109.Final.jar:/home/runner/.m2/repository/io/netty/netty-handler-proxy/4.1.109.Final/netty-handler-proxy-4.1.109.Final.jar:/home/runner/.m2/repository/io/netty/netty-codec-socks/4.1.109.Final/netty-codec-socks-4.1.109.Final.jar:/home/runner/.m2/repository/io/netty/netty-tcnative-boringssl-static/2.0.65.Final/netty-tcnative-boringssl-static-2.0.65.Final.jar:/home/runner/.m2/repository/io/netty/netty-tcnative-classes/2.0.65.Final/netty-tcnative-classes-2.0.65.Final.jar:/home/runner/.m2/repository/io/netty/netty-tcnative-boringssl-static/2.0.65.Final/netty-tcnative-boringssl-static-2.0.65.Final-linux-x86_64.jar:/home/runner/.m2/repository/io/netty/netty-tcnative-boringssl-static/2.0.65.Final/netty-tcnative-boringssl-static-2.0.65.Final-linux-aarch_64.jar:/home/runner/.m2/repository/io/netty/netty-tcnative-boringssl-static/2.0.65.Final/netty-tcnative-boringssl-static-2.0.65.Final-osx-x86_64.jar:/home/runner/.m2/repository/io/netty/netty-tcnative-boringssl-static/2.0.65.Final/netty-tcnative-boringssl-static-2.0.65.Final-osx-aarch_64.jar:/home/runner/.m2/repository/io/netty/netty-tcnative-boringssl-static/2.0.65.Final/netty-tcnative-boringssl-static-2.0.65.Final-windows-x86_64.jar:/home/runner/.m2/repository/org/apache/commons/commons-compress/1.27.0/commons-compress-1.27.0.jar:/home/runner/work/ozone/ozone/hadoop-hdds/common/target/hdds-common-1.5.0-SNAPSHOT.jar:/home/runner/work/ozone/ozone/hadoop-hdds/client/target/hdds-client-1.5.0-SNAPSHOT.jar:/home/runner/work/ozone/ozone/hadoop-hdds/config/target/hdds-config-1.5.0-SNAPSHOT.jar:/home/runner/work/ozone/ozone/hadoop-hdds/interface-client/target/hdds-interface-client-1.5.0-SNAPSHOT.jar:/home/runner/.m2/repository/org/apache/hadoop/thirdparty/hadoop-shaded-protobuf_3_7/1.1.1/hadoop-shaded-protobuf_3_7-1.1.1.jar:/home/runner/work/ozone/ozone/hadoop-ozone/interface-client/target/ozone-interface-client-1.5.0-SNAPSHOT.jar:/home/runner/.m2/repository/org/apache/hadoop/hadoop-hdfs-client/3.3.6/hadoop-hdfs-client-3.3.6.jar:/home/runner/.m2/repository/com/squareup/okhttp3/okhttp/4.12.0/okhttp-4.12.0.jar:/home/runner/.m2/repository/com/squareup/okio/okio/3.6.0/okio-3.6.0.jar:/home/runner/.m2/repository/com/squareup/okio/okio-jvm/3.6.0/okio-jvm-3.6.0.jar:/home/runner/.m2/repository/org/jetbrains/kotlin/kotlin-stdlib-jdk8/1.9.25/kotlin-stdlib-jdk8-1.9.25.jar:/home/runner/.m2/repository/org/jetbrains/kotlin/kotlin-stdlib-jdk7/1.9.25/kotlin-stdlib-jdk7-1.9.25.jar:/home/runner/.m2/repository/org/jetbrains/kotlin/kotlin-stdlib-common/1.9.25/kotlin-stdlib-common-1.9.25.jar:/home/runner/.m2/repository/org/apache/httpcomponents/httpclient/4.5.14/httpclient-4.5.14.jar:/home/runner/.m2/repository/org/apache/httpcomponents/httpcore/4.4.16/httpcore-4.4.16.jar:/home/runner/.m2/repository/org/apache/ratis/ratis-common/3.1.0/ratis-common-3.1.0.jar:/home/runner/.m2/repository/org/apache/ratis/ratis-proto/3.1.0/ratis-proto-3.1.0.jar:/home/runner/.m2/repository/org/apache/ratis/ratis-thirdparty-misc/1.0.6/ratis-thirdparty-misc-1.0.6.jar:/home/runner/.m2/repository/org/slf4j/slf4j-api/2.0.16/slf4j-api-2.0.16.jar:/home/runner/.m2/repository/com/fasterxml/jackson/core/jackson-annotations/2.16.2/jackson-annotations-2.16.2.jar:/home/runner/.m2/repository/com/fasterxml/jackson/core/jackson-databind/2.16.2/jackson-databind-2.16.2.jar:/home/runner/.m2/repository/com/github/stephenc/jcip/jcip-annotations/1.0-1/jcip-annotations-1.0-1.jar:/home/runner/.m2/repository/com/google/guava/guava/32.1.3-jre/guava-32.1.3-jre.jar:/home/runner/.m2/repository/com/google/guava/failureaccess/1.0.1/failureaccess-1.0.1.jar:/home/runner/.m2/repository/com/google/guava/listenablefuture/9999.0-empty-to-avoid-conflict-with-guava/listenablefuture-9999.0-empty-to-avoid-conflict-with-guava.jar:/home/runner/.m2/repository/org/checkerframework/checker-qual/3.37.0/checker-qual-3.37.0.jar:/home/runner/.m2/repository/com/google/j2objc/j2objc-annotations/2.8/j2objc-annotations-2.8.jar:/home/runner/.m2/repository/com/google/protobuf/protobuf-java/2.5.0/protobuf-java-2.5.0.jar:/home/runner/.m2/repository/io/grpc/grpc-api/1.58.0/grpc-api-1.58.0.jar:/home/runner/.m2/repository/io/grpc/grpc-stub/1.58.0/grpc-stub-1.58.0.jar:/home/runner/.m2/repository/io/netty/netty-common/4.1.109.Final/netty-common-4.1.109.Final.jar:/home/runner/.m2/repository/io/netty/netty-handler/4.1.109.Final/netty-handler-4.1.109.Final.jar:/home/runner/.m2/repository/io/netty/netty-resolver/4.1.109.Final/netty-resolver-4.1.109.Final.jar:/home/runner/.m2/repository/jakarta/annotation/jakarta.annotation-api/2.1.1/jakarta.annotation-api-2.1.1.jar:/home/runner/work/ozone/ozone/hadoop-hdds/test-utils/target/hdds-test-utils-1.5.0-SNAPSHOT.jar:/home/runner/.m2/repository/org/assertj/assertj-core/3.26.3/assertj-core-3.26.3.jar:/home/runner/.m2/repository/net/bytebuddy/byte-buddy/1.14.18/byte-buddy-1.14.18.jar:/home/runner/.m2/repository/commons-io/commons-io/2.16.1/commons-io-2.16.1.jar:/home/runner/.m2/repository/commons-logging/commons-logging/1.2/commons-logging-1.2.jar:/home/runner/.m2/repository/org/junit/jupiter/junit-jupiter-api/5.10.3/junit-jupiter-api-5.10.3.jar:/home/runner/.m2/repository/org/opentest4j/opentest4j/1.3.0/opentest4j-1.3.0.jar:/home/runner/.m2/repository/org/junit/platform/junit-platform-commons/1.10.3/junit-platform-commons-1.10.3.jar:/home/runner/.m2/repository/ch/qos/reload4j/reload4j/1.2.25/reload4j-1.2.25.jar:/home/runner/.m2/repository/org/apache/logging/log4j/log4j-api/2.23.1/log4j-api-2.23.1.jar:/home/runner/work/ozone/ozone/hadoop-hdds/server-scm/target/hdds-server-scm-1.5.0-SNAPSHOT.jar:/home/runner/work/ozone/ozone/hadoop-hdds/container-service/target/hdds-container-service-1.5.0-SNAPSHOT.jar:/home/runner/work/ozone/ozone/hadoop-hdds/hadoop-dependency-server/target/hdds-hadoop-dependency-server-1.5.0-SNAPSHOT.jar:/home/runner/.m2/repository/com/nimbusds/nimbus-jose-jwt/9.40/nimbus-jose-jwt-9.40.jar:/home/runner/.m2/repository/org/apache/hadoop/hadoop-hdfs/3.3.6/hadoop-hdfs-3.3.6.jar:/home/runner/.m2/repository/commons-daemon/commons-daemon/1.4.0/commons-daemon-1.4.0.jar:/home/runner/.m2/repository/org/apache/kerby/kerb-core/1.0.1/kerb-core-1.0.1.jar:/home/runner/.m2/repository/org/apache/kerby/kerby-pkix/1.0.1/kerby-pkix-1.0.1.jar:/home/runner/.m2/repository/org/apache/kerby/kerby-asn1/1.0.1/kerby-asn1-1.0.1.jar:/home/runner/.m2/repository/org/apache/kerby/kerb-util/1.0.1/kerb-util-1.0.1.jar:/home/runner/.m2/repository/org/apache/kerby/kerby-config/1.0.1/kerby-config-1.0.1.jar:/home/runner/.m2/repository/org/apache/kerby/kerb-crypto/1.0.1/kerb-crypto-1.0.1.jar:/home/runner/.m2/repository/org/xerial/snappy/snappy-java/1.1.10.5/snappy-java-1.1.10.5.jar:/home/runner/work/ozone/ozone/hadoop-hdds/interface-admin/target/hdds-interface-admin-1.5.0-SNAPSHOT.jar:/home/runner/work/ozone/ozone/hadoop-hdds/interface-server/target/hdds-interface-server-1.5.0-SNAPSHOT.jar:/home/runner/work/ozone/ozone/hadoop-hdds/framework/target/hdds-server-framework-1.5.0-SNAPSHOT.jar:/home/runner/.m2/repository/org/apache/ratis/ratis-client/3.1.0/ratis-client-3.1.0.jar:/home/runner/.m2/repository/org/apache/ratis/ratis-grpc/3.1.0/ratis-grpc-3.1.0.jar:/home/runner/.m2/repository/org/apache/ratis/ratis-netty/3.1.0/ratis-netty-3.1.0.jar:/home/runner/.m2/repository/org/apache/ratis/ratis-server-api/3.1.0/ratis-server-api-3.1.0.jar:/home/runner/.m2/repository/org/bouncycastle/bcpkix-jdk18on/1.78.1/bcpkix-jdk18on-1.78.1.jar:/home/runner/.m2/repository/org/bouncycastle/bcprov-jdk18on/1.78.1/bcprov-jdk18on-1.78.1.jar:/home/runner/.m2/repository/io/dropwizard/metrics/metrics-core/3.2.6/metrics-core-3.2.6.jar:/home/runner/.m2/repository/org/apache/commons/commons-text/1.12.0/commons-text-1.12.0.jar:/home/runner/.m2/repository/org/eclipse/jetty/jetty-webapp/9.4.55.v20240627/jetty-webapp-9.4.55.v20240627.jar:/home/runner/.m2/repository/org/eclipse/jetty/jetty-xml/9.4.55.v20240627/jetty-xml-9.4.55.v20240627.jar:/home/runner/.m2/repository/com/fasterxml/jackson/core/jackson-core/2.16.2/jackson-core-2.16.2.jar:/home/runner/.m2/repository/info/picocli/picocli/4.7.6/picocli-4.7.6.jar:/home/runner/.m2/repository/javax/servlet/javax.servlet-api/3.1.0/javax.servlet-api-3.1.0.jar:/home/runner/.m2/repository/commons-collections/commons-collections/3.2.2/commons-collections-3.2.2.jar:/home/runner/work/ozone/ozone/hadoop-hdds/framework/target/hdds-server-framework-1.5.0-SNAPSHOT-tests.jar:/home/runner/work/ozone/ozone/hadoop-hdds/managed-rocksdb/target/hdds-managed-rocksdb-1.5.0-SNAPSHOT.jar:/home/runner/.m2/repository/org/slf4j/slf4j-reload4j/2.0.16/slf4j-reload4j-2.0.16.jar:/home/runner/.m2/repository/org/apache/commons/commons-configuration2/2.10.1/commons-configuration2-2.10.1.jar:/home/runner/.m2/repository/commons-codec/commons-codec/1.17.0/commons-codec-1.17.0.jar:/home/runner/.m2/repository/commons-fileupload/commons-fileupload/1.5/commons-fileupload-1.5.jar:/home/runner/.m2/repository/commons-validator/commons-validator/1.6/commons-validator-1.6.jar:/home/runner/.m2/repository/commons-beanutils/commons-beanutils/1.9.4/commons-beanutils-1.9.4.jar:/home/runner/.m2/repository/commons-digester/commons-digester/1.8.1/commons-digester-1.8.1.jar:/home/runner/.m2/repository/org/apache/logging/log4j/log4j-core/2.23.1/log4j-core-2.23.1.jar:/home/runner/.m2/repository/com/lmax/disruptor/3.4.4/disruptor-3.4.4.jar:/home/runner/.m2/repository/org/eclipse/jetty/jetty-http/9.4.55.v20240627/jetty-http-9.4.55.v20240627.jar:/home/runner/.m2/repository/org/eclipse/jetty/jetty-io/9.4.55.v20240627/jetty-io-9.4.55.v20240627.jar:/home/runner/.m2/repository/org/eclipse/jetty/jetty-util/9.4.55.v20240627/jetty-util-9.4.55.v20240627.jar:/home/runner/.m2/repository/org/eclipse/jetty/jetty-server/9.4.55.v20240627/jetty-server-9.4.55.v20240627.jar:/home/runner/.m2/repository/org/eclipse/jetty/jetty-servlet/9.4.55.v20240627/jetty-servlet-9.4.55.v20240627.jar:/home/runner/.m2/repository/org/eclipse/jetty/jetty-security/9.4.55.v20240627/jetty-security-9.4.55.v20240627.jar:/home/runner/.m2/repository/org/eclipse/jetty/jetty-util-ajax/9.4.55.v20240627/jetty-util-ajax-9.4.55.v20240627.jar:/home/runner/.m2/repository/org/glassfish/jersey/core/jersey-server/2.43/jersey-server-2.43.jar:/home/runner/.m2/repository/org/glassfish/jersey/core/jersey-client/2.43/jersey-client-2.43.jar:/home/runner/.m2/repository/org/glassfish/jersey/containers/jersey-container-servlet-core/2.43/jersey-container-servlet-core-2.43.jar:/home/runner/.m2/repository/org/rocksdb/rocksdbjni/7.7.3/rocksdbjni-7.7.3.jar:/home/runner/.m2/repository/org/apache/ratis/ratis-metrics-api/3.1.0/ratis-metrics-api-3.1.0.jar:/home/runner/.m2/repository/org/apache/ratis/ratis-metrics-dropwizard3/3.1.0/ratis-metrics-dropwizard3-3.1.0.jar:/home/runner/.m2/repository/io/opentracing/opentracing-api/0.33.0/opentracing-api-0.33.0.jar:/home/runner/.m2/repository/io/prometheus/simpleclient/0.16.0/simpleclient-0.16.0.jar:/home/runner/.m2/repository/io/prometheus/simpleclient_dropwizard/0.16.0/simpleclient_dropwizard-0.16.0.jar:/home/runner/.m2/repository/io/prometheus/simpleclient_common/0.16.0/simpleclient_common-0.16.0.jar:/home/runner/.m2/repository/com/fasterxml/jackson/datatype/jackson-datatype-jsr310/2.16.2/jackson-datatype-jsr310-2.16.2.jar:/home/runner/.m2/repository/com/github/jnr/jnr-constants/0.10.4/jnr-constants-0.10.4.jar:/home/runner/.m2/repository/com/github/jnr/jnr-posix/3.1.19/jnr-posix-3.1.19.jar:/home/runner/.m2/repository/com/github/jnr/jnr-ffi/2.2.16/jnr-ffi-2.2.16.jar:/home/runner/.m2/repository/com/github/jnr/jffi/1.3.13/jffi-1.3.13.jar:/home/runner/.m2/repository/com/github/jnr/jffi/1.3.13/jffi-1.3.13-native.jar:/home/runner/.m2/repository/org/ow2/asm/asm/9.2/asm-9.2.jar:/home/runner/.m2/repository/org/ow2/asm/asm-commons/9.2/asm-commons-9.2.jar:/home/runner/.m2/repository/org/ow2/asm/asm-analysis/9.2/asm-analysis-9.2.jar:/home/runner/.m2/repository/org/ow2/asm/asm-tree/9.2/asm-tree-9.2.jar:/home/runner/.m2/repository/org/ow2/asm/asm-util/9.2/asm-util-9.2.jar:/home/runner/.m2/repository/com/github/jnr/jnr-a64asm/1.0.0/jnr-a64asm-1.0.0.jar:/home/runner/.m2/repository/com/github/jnr/jnr-x86asm/1.0.2/jnr-x86asm-1.0.2.jar:/home/runner/.m2/repository/com/google/code/gson/gson/2.10.1/gson-2.10.1.jar:/home/runner/work/ozone/ozone/hadoop-hdds/rocksdb-checkpoint-differ/target/rocksdb-checkpoint-differ-1.5.0-SNAPSHOT.jar:/home/runner/.m2/repository/org/jgrapht/jgrapht-core/1.4.0/jgrapht-core-1.4.0.jar:/home/runner/.m2/repository/org/jheaps/jheaps/0.11/jheaps-0.11.jar:/home/runner/.m2/repository/org/jgrapht/jgrapht-ext/1.4.0/jgrapht-ext-1.4.0.jar:/home/runner/.m2/repository/com/github/vlsi/mxgraph/jgraphx/3.9.8.1/jgraphx-3.9.8.1.jar:/home/runner/.m2/repository/jakarta/ws/rs/jakarta.ws.rs-api/2.1.6/jakarta.ws.rs-api-2.1.6.jar:/home/runner/work/ozone/ozone/hadoop-ozone/ozone-manager/target/ozone-manager-1.5.0-SNAPSHOT.jar:/home/runner/.m2/repository/org/aspectj/aspectjrt/1.9.7/aspectjrt-1.9.7.jar:/home/runner/.m2/repository/org/aspectj/aspectjweaver/1.9.7/aspectjweaver-1.9.7.jar:/home/runner/work/ozone/ozone/hadoop-ozone/interface-storage/target/ozone-interface-storage-1.5.0-SNAPSHOT.jar:/home/runner/.m2/repository/org/apache/kerby/kerby-util/1.0.1/kerby-util-1.0.1.jar:/home/runner/.m2/repository/io/netty/netty-transport/4.1.109.Final/netty-transport-4.1.109.Final.jar:/home/runner/.m2/repository/org/reflections/reflections/0.10.2/reflections-0.10.2.jar:/home/runner/.m2/repository/com/sun/jersey/jersey-client/1.19.4/jersey-client-1.19.4.jar:/home/runner/.m2/repository/jakarta/xml/bind/jakarta.xml.bind-api/2.3.3/jakarta.xml.bind-api-2.3.3.jar:/home/runner/.m2/repository/org/codehaus/jackson/jackson-core-asl/1.9.13/jackson-core-asl-1.9.13.jar:/home/runner/.m2/repository/org/codehaus/jackson/jackson-mapper-asl/1.9.13/jackson-mapper-asl-1.9.13.jar:/home/runner/.m2/repository/org/codehaus/jackson/jackson-jaxrs/1.9.13/jackson-jaxrs-1.9.13.jar:/home/runner/.m2/repository/org/apache/ranger/ranger-plugins-common/2.3.0/ranger-plugins-common-2.3.0.jar:/home/runner/.m2/repository/commons-lang/commons-lang/2.6/commons-lang-2.6.jar:/home/runner/.m2/repository/org/apache/ranger/ranger-plugins-cred/2.3.0/ranger-plugins-cred-2.3.0.jar:/home/runner/.m2/repository/org/apache/ranger/ranger-plugins-audit/2.3.0/ranger-plugins-audit-2.3.0.jar:/home/runner/.m2/repository/org/eclipse/jetty/jetty-client/9.4.55.v20240627/jetty-client-9.4.55.v20240627.jar:/home/runner/.m2/repository/org/apache/httpcomponents/httpmime/4.5.6/httpmime-4.5.6.jar:/home/runner/.m2/repository/org/apache/httpcomponents/httpcore-nio/4.4.16/httpcore-nio-4.4.16.jar:/home/runner/.m2/repository/org/apache/httpcomponents/httpasyncclient/4.1.3/httpasyncclient-4.1.3.jar:/home/runner/.m2/repository/com/carrotsearch/hppc/0.8.0/hppc-0.8.0.jar:/home/runner/.m2/repository/org/apache/orc/orc-core/1.5.8/orc-core-1.5.8.jar:/home/runner/.m2/repository/net/java/dev/jna/jna/5.2.0/jna-5.2.0.jar:/home/runner/.m2/repository/net/java/dev/jna/jna-platform/5.2.0/jna-platform-5.2.0.jar:/home/runner/.m2/repository/com/kstruct/gethostname4j/0.0.2/gethostname4j-0.0.2.jar:/home/runner/.m2/repository/org/apache/ranger/ranger-plugin-classloader/2.3.0/ranger-plugin-classloader-2.3.0.jar:/home/runner/.m2/repository/org/apache/ranger/ranger-intg/2.3.0/ranger-intg-2.3.0.jar:/home/runner/work/ozone/ozone/hadoop-hdds/rocks-native/target/hdds-rocks-native-1.5.0-SNAPSHOT.jar:/home/runner/.m2/repository/org/apache/hadoop/hadoop-minikdc/3.3.6/hadoop-minikdc-3.3.6.jar:/home/runner/.m2/repository/org/apache/kerby/kerb-simplekdc/1.0.1/kerb-simplekdc-1.0.1.jar:/home/runner/.m2/repository/org/apache/kerby/kerb-client/1.0.1/kerb-client-1.0.1.jar:/home/runner/.m2/repository/org/apache/kerby/kerb-common/1.0.1/kerb-common-1.0.1.jar:/home/runner/.m2/repository/org/apache/kerby/token-provider/1.0.1/token-provider-1.0.1.jar:/home/runner/.m2/repository/org/apache/kerby/kerb-admin/1.0.1/kerb-admin-1.0.1.jar:/home/runner/.m2/repository/org/apache/kerby/kerb-server/1.0.1/kerb-server-1.0.1.jar:/home/runner/.m2/repository/org/apache/kerby/kerb-identity/1.0.1/kerb-identity-1.0.1.jar:/home/runner/.m2/repository/org/apache/kerby/kerby-xdr/1.0.1/kerby-xdr-1.0.1.jar:/home/runner/.m2/repository/junit/junit/4.13.2/junit-4.13.2.jar:/home/runner/.m2/repository/org/hamcrest/hamcrest-core/1.3/hamcrest-core-1.3.jar:/home/runner/work/ozone/ozone/hadoop-ozone/s3gateway/target/ozone-s3gateway-1.5.0-SNAPSHOT.jar:/home/runner/.m2/repository/org/javassist/javassist/3.30.2-GA/javassist-3.30.2-GA.jar:/home/runner/.m2/repository/org/jboss/weld/servlet/weld-servlet-shaded/3.1.9.Final/weld-servlet-shaded-3.1.9.Final.jar:/home/runner/.m2/repository/org/glassfish/jersey/core/jersey-common/2.43/jersey-common-2.43.jar:/home/runner/.m2/repository/org/glassfish/hk2/osgi-resource-locator/1.0.3/osgi-resource-locator-1.0.3.jar:/home/runner/.m2/repository/org/glassfish/jersey/ext/cdi/jersey-cdi1x/2.43/jersey-cdi1x-2.43.jar:/home/runner/.m2/repository/org/glassfish/jersey/inject/jersey-hk2/2.43/jersey-hk2-2.43.jar:/home/runner/.m2/repository/org/glassfish/hk2/hk2-locator/2.6.1/hk2-locator-2.6.1.jar:/home/runner/.m2/repository/org/glassfish/jersey/media/jersey-media-jaxb/2.43/jersey-media-jaxb-2.43.jar:/home/runner/.m2/repository/org/glassfish/hk2/hk2-api/2.6.1/hk2-api-2.6.1.jar:/home/runner/.m2/repository/org/glassfish/hk2/hk2-utils/2.6.1/hk2-utils-2.6.1.jar:/home/runner/.m2/repository/org/glassfish/hk2/external/aopalliance-repackaged/2.6.1/aopalliance-repackaged-2.6.1.jar:/home/runner/.m2/repository/com/fasterxml/jackson/dataformat/jackson-dataformat-xml/2.16.2/jackson-dataformat-xml-2.16.2.jar:/home/runner/.m2/repository/org/codehaus/woodstox/stax2-api/4.2.2/stax2-api-4.2.2.jar:/home/runner/.m2/repository/com/fasterxml/woodstox/woodstox-core/5.4.0/woodstox-core-5.4.0.jar:/home/runner/.m2/repository/com/fasterxml/jackson/module/jackson-module-jaxb-annotations/2.16.2/jackson-module-jaxb-annotations-2.16.2.jar:/home/runner/.m2/repository/javax/annotation/javax.annotation-api/1.3.2/javax.annotation-api-1.3.2.jar:/home/runner/.m2/repository/javax/enterprise/cdi-api/2.0/cdi-api-2.0.jar:/home/runner/.m2/repository/javax/el/javax.el-api/3.0.0/javax.el-api-3.0.0.jar:/home/runner/.m2/repository/javax/interceptor/javax.interceptor-api/1.2/javax.interceptor-api-1.2.jar:/home/runner/.m2/repository/org/glassfish/jaxb/jaxb-runtime/2.3.9/jaxb-runtime-2.3.9.jar:/home/runner/.m2/repository/org/glassfish/jaxb/txw2/2.3.9/txw2-2.3.9.jar:/home/runner/.m2/repository/com/sun/istack/istack-commons-runtime/3.0.12/istack-commons-runtime-3.0.12.jar:/home/runner/.m2/repository/com/sun/activation/jakarta.activation/1.2.2/jakarta.activation-1.2.2.jar:/home/runner/.m2/repository/jakarta/activation/jakarta.activation-api/1.2.2/jakarta.activation-api-1.2.2.jar:/home/runner/.m2/repository/io/grpc/grpc-protobuf/1.58.0/grpc-protobuf-1.58.0.jar:/home/runner/.m2/repository/com/google/api/grpc/proto-google-common-protos/2.22.0/proto-google-common-protos-2.22.0.jar:/home/runner/.m2/repository/io/grpc/grpc-protobuf-lite/1.58.0/grpc-protobuf-lite-1.58.0.jar:/home/runner/.m2/repository/io/opentracing/opentracing-noop/0.33.0/opentracing-noop-0.33.0.jar:/home/runner/.m2/repository/io/opentracing/opentracing-util/0.33.0/opentracing-util-0.33.0.jar:/home/runner/work/ozone/ozone/hadoop-ozone/csi/target/ozone-csi-1.5.0-SNAPSHOT.jar:/home/runner/.m2/repository/com/google/protobuf/protobuf-java-util/3.19.6/protobuf-java-util-3.19.6.jar:/home/runner/.m2/repository/io/netty/netty-transport-classes-epoll/4.1.109.Final/netty-transport-classes-epoll-4.1.109.Final.jar:/home/runner/.m2/repository/io/netty/netty-transport-native-epoll/4.1.109.Final/netty-transport-native-epoll-4.1.109.Final-linux-x86_64.jar:/home/runner/.m2/repository/io/netty/netty-transport-native-unix-common/4.1.109.Final/netty-transport-native-unix-common-4.1.109.Final.jar:/home/runner/work/ozone/ozone/hadoop-ozone/recon/target/ozone-recon-1.5.0-SNAPSHOT.jar:/home/runner/work/ozone/ozone/hadoop-ozone/recon-codegen/target/ozone-reconcodegen-1.5.0-SNAPSHOT.jar:/home/runner/.m2/repository/aopalliance/aopalliance/1.0/aopalliance-1.0.jar:/home/runner/.m2/repository/com/google/inject/guice/6.0.0/guice-6.0.0.jar:/home/runner/.m2/repository/jakarta/inject/jakarta.inject-api/2.0.1/jakarta.inject-api-2.0.1.jar:/home/runner/.m2/repository/com/google/inject/extensions/guice-assistedinject/6.0.0/guice-assistedinject-6.0.0.jar:/home/runner/.m2/repository/com/google/inject/extensions/guice-servlet/6.0.0/guice-servlet-6.0.0.jar:/home/runner/.m2/repository/org/glassfish/jersey/containers/jersey-container-servlet/2.43/jersey-container-servlet-2.43.jar:/home/runner/.m2/repository/org/glassfish/hk2/guice-bridge/2.6.1/guice-bridge-2.6.1.jar:/home/runner/.m2/repository/org/glassfish/hk2/external/jakarta.inject/2.6.1/jakarta.inject-2.6.1.jar:/home/runner/.m2/repository/org/glassfish/jersey/media/jersey-media-json-jackson/2.43/jersey-media-json-jackson-2.43.jar:/home/runner/.m2/repository/org/glassfish/jersey/ext/jersey-entity-filtering/2.43/jersey-entity-filtering-2.43.jar:/home/runner/.m2/repository/org/jooq/jooq/3.11.10/jooq-3.11.10.jar:/home/runner/.m2/repository/org/jooq/jooq-meta/3.11.10/jooq-meta-3.11.10.jar:/home/runner/.m2/repository/org/jooq/jooq-codegen/3.11.10/jooq-codegen-3.11.10.jar:/home/runner/.m2/repository/com/jolbox/bonecp/0.8.0.RELEASE/bonecp-0.8.0.RELEASE.jar:/home/runner/.m2/repository/org/apache/derby/derby/10.14.2.0/derby-10.14.2.0.jar:/home/runner/.m2/repository/org/xerial/sqlite-jdbc/3.46.0.0/sqlite-jdbc-3.46.0.0.jar:/home/runner/.m2/repository/org/springframework/spring-core/5.3.39/spring-core-5.3.39.jar:/home/runner/.m2/repository/org/springframework/spring-jdbc/5.3.39/spring-jdbc-5.3.39.jar:/home/runner/.m2/repository/org/springframework/spring-beans/5.3.39/spring-beans-5.3.39.jar:/home/runner/.m2/repository/org/springframework/spring-tx/5.3.39/spring-tx-5.3.39.jar:/home/runner/.m2/repository/jakarta/validation/jakarta.validation-api/2.0.2/jakarta.validation-api-2.0.2.jar:/home/runner/.m2/repository/javax/inject/javax.inject/1/javax.inject-1.jar:/home/runner/work/ozone/ozone/hadoop-ozone/client/target/ozone-client-1.5.0-SNAPSHOT.jar:/home/runner/work/ozone/ozone/hadoop-hdds/erasurecode/target/hdds-erasurecode-1.5.0-SNAPSHOT.jar:/home/runner/work/ozone/ozone/hadoop-ozone/ozonefs/target/ozone-filesystem-1.5.0-SNAPSHOT.jar:/home/runner/work/ozone/ozone/hadoop-ozone/ozonefs-common/target/ozone-filesystem-common-1.5.0-SNAPSHOT.jar:/home/runner/work/ozone/ozone/hadoop-ozone/tools/target/ozone-tools-1.5.0-SNAPSHOT.jar:/home/runner/.m2/repository/org/apache/ratis/ratis-tools/3.1.0/ratis-tools-3.1.0.jar:/home/runner/.m2/repository/com/amazonaws/aws-java-sdk-core/1.12.661/aws-java-sdk-core-1.12.661.jar:/home/runner/.m2/repository/com/fasterxml/jackson/dataformat/jackson-dataformat-cbor/2.16.2/jackson-dataformat-cbor-2.16.2.jar:/home/runner/.m2/repository/joda-time/joda-time/2.12.7/joda-time-2.12.7.jar:/home/runner/.m2/repository/com/amazonaws/aws-java-sdk-s3/1.12.661/aws-java-sdk-s3-1.12.661.jar:/home/runner/.m2/repository/com/amazonaws/aws-java-sdk-kms/1.12.661/aws-java-sdk-kms-1.12.661.jar:/home/runner/.m2/repository/com/amazonaws/jmespath-java/1.12.661/jmespath-java-1.12.661.jar:/home/runner/.m2/repository/org/kohsuke/metainf-services/metainf-services/1.11/metainf-services-1.11.jar:/home/runner/work/ozone/ozone/hadoop-hdds/tools/target/hdds-tools-1.5.0-SNAPSHOT.jar:/home/runner/.m2/repository/commons-cli/commons-cli/1.8.0/commons-cli-1.8.0.jar:/home/runner/.m2/repository/org/apache/commons/commons-lang3/3.14.0/commons-lang3-3.14.0.jar:/home/runner/work/ozone/ozone/hadoop-ozone/ozone-manager/target/ozone-manager-1.5.0-SNAPSHOT-tests.jar:/home/runner/work/ozone/ozone/hadoop-hdds/common/target/hdds-common-1.5.0-SNAPSHOT-tests.jar:/home/runner/work/ozone/ozone/hadoop-hdds/hadoop-dependency-client/target/hdds-hadoop-dependency-client-1.5.0-SNAPSHOT.jar:/home/runner/work/ozone/ozone/hadoop-hdds/annotations/target/hdds-annotation-processing-1.5.0-SNAPSHOT.jar:/home/runner/.m2/repository/org/bouncycastle/bcutil-jdk18on/1.78.1/bcutil-jdk18on-1.78.1.jar:/home/runner/.m2/repository/io/jaegertracing/jaeger-client/1.8.1/jaeger-client-1.8.1.jar:/home/runner/.m2/repository/io/jaegertracing/jaeger-thrift/1.8.1/jaeger-thrift-1.8.1.jar:/home/runner/.m2/repository/org/apache/thrift/libthrift/0.15.0/libthrift-0.15.0.jar:/home/runner/.m2/repository/io/jaegertracing/jaeger-tracerresolver/1.8.1/jaeger-tracerresolver-1.8.1.jar:/home/runner/.m2/repository/io/opentracing/contrib/opentracing-tracerresolver/0.1.8/opentracing-tracerresolver-0.1.8.jar:/home/runner/.m2/repository/io/jaegertracing/jaeger-core/1.8.1/jaeger-core-1.8.1.jar:/home/runner/.m2/repository/org/jetbrains/kotlin/kotlin-stdlib/1.9.25/kotlin-stdlib-1.9.25.jar:/home/runner/.m2/repository/org/jetbrains/annotations/13.0/annotations-13.0.jar:/home/runner/.m2/repository/org/yaml/snakeyaml/2.0/snakeyaml-2.0.jar:/home/runner/.m2/repository/org/junit/platform/junit-platform-launcher/1.10.3/junit-platform-launcher-1.10.3.jar:/home/runner/.m2/repository/org/junit/platform/junit-platform-engine/1.10.3/junit-platform-engine-1.10.3.jar:/home/runner/.m2/repository/org/apiguardian/apiguardian-api/1.1.2/apiguardian-api-1.1.2.jar:/home/runner/.m2/repository/org/apache/hadoop/hadoop-kms/3.3.6/hadoop-kms-3.3.6.jar:/home/runner/.m2/repository/org/apache/hadoop/hadoop-auth/3.3.6/hadoop-auth-3.3.6.jar:/home/runner/.m2/repository/org/apache/zookeeper/zookeeper/3.8.4/zookeeper-3.8.4.jar:/home/runner/.m2/repository/org/apache/zookeeper/zookeeper-jute/3.8.4/zookeeper-jute-3.8.4.jar:/home/runner/.m2/repository/org/apache/yetus/audience-annotations/0.12.0/audience-annotations-0.12.0.jar:/home/runner/.m2/repository/org/apache/curator/curator-framework/4.2.0/curator-framework-4.2.0.jar:/home/runner/.m2/repository/org/apache/hadoop/thirdparty/hadoop-shaded-guava/1.2.0/hadoop-shaded-guava-1.2.0.jar:/home/runner/.m2/repository/com/sun/jersey/jersey-core/1.19.4/jersey-core-1.19.4.jar:/home/runner/.m2/repository/javax/ws/rs/jsr311-api/1.1.1/jsr311-api-1.1.1.jar:/home/runner/.m2/repository/com/sun/jersey/jersey-server/1.19.4/jersey-server-1.19.4.jar:/home/runner/.m2/repository/org/apache/hadoop/hadoop-common/3.3.6/hadoop-common-3.3.6.jar:/home/runner/.m2/repository/org/apache/commons/commons-math3/3.6.1/commons-math3-3.6.1.jar:/home/runner/.m2/repository/commons-net/commons-net/3.11.1/commons-net-3.11.1.jar:/home/runner/.m2/repository/com/sun/jersey/jersey-servlet/1.19.4/jersey-servlet-1.19.4.jar:/home/runner/.m2/repository/com/github/pjfanning/jersey-json/1.20/jersey-json-1.20.jar:/home/runner/.m2/repository/org/codehaus/jettison/jettison/1.1/jettison-1.1.jar:/home/runner/.m2/repository/com/sun/xml/bind/jaxb-impl/2.2.3-1/jaxb-impl-2.2.3-1.jar:/home/runner/.m2/repository/com/google/re2j/re2j/1.7/re2j-1.7.jar:/home/runner/.m2/repository/com/jcraft/jsch/0.1.55/jsch-0.1.55.jar:/home/runner/.m2/repository/org/apache/curator/curator-client/4.2.0/curator-client-4.2.0.jar:/home/runner/.m2/repository/org/apache/curator/curator-recipes/5.2.0/curator-recipes-5.2.0.jar:/home/runner/.m2/repository/com/google/code/findbugs/jsr305/3.0.2/jsr305-3.0.2.jar:/home/runner/.m2/repository/dnsjava/dnsjava/2.1.9/dnsjava-2.1.9.jar:/home/runner/.m2/repository/org/apache/hadoop/hadoop-kms/3.3.6/hadoop-kms-3.3.6-tests.jar:/home/runner/work/ozone/ozone/hadoop-hdds/server-scm/target/hdds-server-scm-1.5.0-SNAPSHOT-tests.jar:/home/runner/work/ozone/ozone/hadoop-hdds/container-service/target/hdds-container-service-1.5.0-SNAPSHOT-tests.jar:/home/runner/.m2/repository/com/github/luben/zstd-jni/1.5.6-4/zstd-jni-1.5.6-4.jar:/home/runner/.m2/repository/io/netty/netty-buffer/4.1.109.Final/netty-buffer-4.1.109.Final.jar:/home/runner/.m2/repository/io/netty/netty-codec/4.1.109.Final/netty-codec-4.1.109.Final.jar:/home/runner/work/ozone/ozone/hadoop-hdds/hadoop-dependency-test/target/hdds-hadoop-dependency-test-1.5.0-SNAPSHOT.jar:/home/runner/.m2/repository/org/apache/hadoop/hadoop-common/3.3.6/hadoop-common-3.3.6-tests.jar:/home/runner/.m2/repository/org/apache/hadoop/hadoop-hdfs/3.3.6/hadoop-hdfs-3.3.6-tests.jar:/home/runner/.m2/repository/org/junit/jupiter/junit-jupiter-engine/5.10.3/junit-jupiter-engine-5.10.3.jar:/home/runner/.m2/repository/org/junit/jupiter/junit-jupiter-params/5.10.3/junit-jupiter-params-5.10.3.jar:/home/runner/.m2/repository/org/mockito/mockito-core/4.11.0/mockito-core-4.11.0.jar:/home/runner/.m2/repository/net/bytebuddy/byte-buddy-agent/1.12.19/byte-buddy-agent-1.12.19.jar:/home/runner/.m2/repository/org/objenesis/objenesis/3.3/objenesis-3.3.jar:/home/runner/.m2/repository/org/mockito/mockito-inline/4.11.0/mockito-inline-4.11.0.jar:/home/runner/.m2/repository/org/mockito/mockito-junit-jupiter/4.11.0/mockito-junit-jupiter-4.11.0.jar:/home/runner/.m2/repository/org/apache/hadoop/hadoop-distcp/3.3.6/hadoop-distcp-3.3.6.jar:/home/runner/.m2/repository/org/apache/hadoop/hadoop-mapreduce-client-jobclient/3.3.6/hadoop-mapreduce-client-jobclient-3.3.6.jar:/home/runner/.m2/repository/org/apache/hadoop/hadoop-mapreduce-client-common/3.3.6/hadoop-mapreduce-client-common-3.3.6.jar:/home/runner/.m2/repository/org/apache/hadoop/hadoop-yarn-common/3.3.6/hadoop-yarn-common-3.3.6.jar:/home/runner/.m2/repository/org/apache/hadoop/hadoop-yarn-api/3.3.6/hadoop-yarn-api-3.3.6.jar:/home/runner/.m2/repository/javax/xml/bind/jaxb-api/2.2.11/jaxb-api-2.2.11.jar:/home/runner/.m2/repository/com/sun/jersey/contribs/jersey-guice/1.19.4/jersey-guice-1.19.4.jar:/home/runner/.m2/repository/com/fasterxml/jackson/jaxrs/jackson-jaxrs-json-provider/2.16.2/jackson-jaxrs-json-provider-2.16.2.jar:/home/runner/.m2/repository/com/fasterxml/jackson/jaxrs/jackson-jaxrs-base/2.16.2/jackson-jaxrs-base-2.16.2.jar:/home/runner/.m2/repository/org/apache/hadoop/hadoop-yarn-client/3.3.6/hadoop-yarn-client-3.3.6.jar:/home/runner/.m2/repository/org/eclipse/jetty/websocket/websocket-client/9.4.51.v20230217/websocket-client-9.4.51.v20230217.jar:/home/runner/.m2/repository/org/eclipse/jetty/websocket/websocket-common/9.4.51.v20230217/websocket-common-9.4.51.v20230217.jar:/home/runner/.m2/repository/org/eclipse/jetty/websocket/websocket-api/9.4.51.v20230217/websocket-api-9.4.51.v20230217.jar:/home/runner/.m2/repository/org/jline/jline/3.9.0/jline-3.9.0.jar:/home/runner/.m2/repository/org/apache/hadoop/hadoop-mapreduce-client-core/3.3.6/hadoop-mapreduce-client-core-3.3.6.jar:/home/runner/.m2/repository/org/apache/avro/avro/1.7.7/avro-1.7.7.jar:/home/runner/.m2/repository/com/thoughtworks/paranamer/paranamer/2.3/paranamer-2.3.jar:/home/runner/.m2/repository/org/apache/hadoop/hadoop-annotations/3.3.6/hadoop-annotations-3.3.6.jar:/home/runner/.m2/repository/io/netty/netty/3.10.6.Final/netty-3.10.6.Final.jar:/home/runner/.m2/repository/org/apache/hadoop/hadoop-distcp/3.3.6/hadoop-distcp-3.3.6-tests.jar:/home/runner/.m2/repository/org/apache/ratis/ratis-server/3.1.0/ratis-server-3.1.0.jar:/home/runner/.m2/repository/org/hamcrest/hamcrest/2.2/hamcrest-2.2.jar:/home/runner/.m2/repository/org/slf4j/jul-to-slf4j/2.0.16/jul-to-slf4j-2.0.16.jar:/home/runner/work/ozone/ozone/hadoop-ozone/integration-test/target/gradle-enterprise/test-listeners.jar:"/>
    <property name="java.vm.vendor" value="Eclipse Adoptium"/>
    <property name="sun.arch.data.model" value="64"/>
    <property name="test.build.dir" value="/home/runner/work/ozone/ozone/hadoop-ozone/integration-test/target/test-dir"/>
    <property name="test.cache.data" value=""/>
    <property name="java.vendor.url" value="https://adoptium.net/"/>
    <property name="user.timezone" value="Etc/UTC"/>
    <property name="maven-surefire-plugin.argLineAccessArgs" value=" --add-opens java.management/com.sun.jmx.mbeanserver=ALL-UNNAMED --add-exports java.management/com.sun.jmx.mbeanserver=ALL-UNNAMED --add-opens java.base/java.nio=ALL-UNNAMED --add-opens java.base/java.lang=ALL-UNNAMED --add-opens java.base/java.lang.reflect=ALL-UNNAMED"/>
    <property name="os.name" value="Linux"/>
    <property name="java.vm.specification.version" value="17"/>
    <property name="test.build.data" value="/home/runner/work/ozone/ozone/hadoop-ozone/integration-test/target/test-dir"/>
    <property name="sun.java.launcher" value="SUN_STANDARD"/>
    <property name="sun.boot.library.path" value="/usr/lib/jvm/temurin-17-jdk-amd64/lib"/>
    <property name="sun.java.command" value="/home/runner/work/ozone/ozone/hadoop-ozone/integration-test/target/surefire/surefirebooter8879380172693607096.jar /home/runner/work/ozone/ozone/hadoop-ozone/integration-test/target/surefire 2024-08-19T16-15-05_212-jvmRun1 surefire18220225227511632284tmp surefire_1312048715747466111895tmp"/>
    <property name="jdk.debug" value="release"/>
    <property name="native.lib.tmp.dir" value="/tmp"/>
    <property name="surefire.test.class.path" value="/home/runner/work/ozone/ozone/hadoop-ozone/integration-test/target/test-classes:/home/runner/work/ozone/ozone/hadoop-ozone/integration-test/target/classes:/home/runner/work/ozone/ozone/hadoop-ozone/common/target/ozone-common-1.5.0-SNAPSHOT.jar:/home/runner/.m2/repository/io/grpc/grpc-netty/1.58.0/grpc-netty-1.58.0.jar:/home/runner/.m2/repository/io/grpc/grpc-core/1.58.0/grpc-core-1.58.0.jar:/home/runner/.m2/repository/com/google/android/annotations/4.1.1.4/annotations-4.1.1.4.jar:/home/runner/.m2/repository/org/codehaus/mojo/animal-sniffer-annotations/1.23/animal-sniffer-annotations-1.23.jar:/home/runner/.m2/repository/io/grpc/grpc-context/1.58.0/grpc-context-1.58.0.jar:/home/runner/.m2/repository/io/grpc/grpc-util/1.58.0/grpc-util-1.58.0.jar:/home/runner/.m2/repository/com/google/errorprone/error_prone_annotations/2.29.2/error_prone_annotations-2.29.2.jar:/home/runner/.m2/repository/io/perfmark/perfmark-api/0.26.0/perfmark-api-0.26.0.jar:/home/runner/.m2/repository/io/netty/netty-codec-http2/4.1.109.Final/netty-codec-http2-4.1.109.Final.jar:/home/runner/.m2/repository/io/netty/netty-codec-http/4.1.109.Final/netty-codec-http-4.1.109.Final.jar:/home/runner/.m2/repository/io/netty/netty-handler-proxy/4.1.109.Final/netty-handler-proxy-4.1.109.Final.jar:/home/runner/.m2/repository/io/netty/netty-codec-socks/4.1.109.Final/netty-codec-socks-4.1.109.Final.jar:/home/runner/.m2/repository/io/netty/netty-tcnative-boringssl-static/2.0.65.Final/netty-tcnative-boringssl-static-2.0.65.Final.jar:/home/runner/.m2/repository/io/netty/netty-tcnative-classes/2.0.65.Final/netty-tcnative-classes-2.0.65.Final.jar:/home/runner/.m2/repository/io/netty/netty-tcnative-boringssl-static/2.0.65.Final/netty-tcnative-boringssl-static-2.0.65.Final-linux-x86_64.jar:/home/runner/.m2/repository/io/netty/netty-tcnative-boringssl-static/2.0.65.Final/netty-tcnative-boringssl-static-2.0.65.Final-linux-aarch_64.jar:/home/runner/.m2/repository/io/netty/netty-tcnative-boringssl-static/2.0.65.Final/netty-tcnative-boringssl-static-2.0.65.Final-osx-x86_64.jar:/home/runner/.m2/repository/io/netty/netty-tcnative-boringssl-static/2.0.65.Final/netty-tcnative-boringssl-static-2.0.65.Final-osx-aarch_64.jar:/home/runner/.m2/repository/io/netty/netty-tcnative-boringssl-static/2.0.65.Final/netty-tcnative-boringssl-static-2.0.65.Final-windows-x86_64.jar:/home/runner/.m2/repository/org/apache/commons/commons-compress/1.27.0/commons-compress-1.27.0.jar:/home/runner/work/ozone/ozone/hadoop-hdds/common/target/hdds-common-1.5.0-SNAPSHOT.jar:/home/runner/work/ozone/ozone/hadoop-hdds/client/target/hdds-client-1.5.0-SNAPSHOT.jar:/home/runner/work/ozone/ozone/hadoop-hdds/config/target/hdds-config-1.5.0-SNAPSHOT.jar:/home/runner/work/ozone/ozone/hadoop-hdds/interface-client/target/hdds-interface-client-1.5.0-SNAPSHOT.jar:/home/runner/.m2/repository/org/apache/hadoop/thirdparty/hadoop-shaded-protobuf_3_7/1.1.1/hadoop-shaded-protobuf_3_7-1.1.1.jar:/home/runner/work/ozone/ozone/hadoop-ozone/interface-client/target/ozone-interface-client-1.5.0-SNAPSHOT.jar:/home/runner/.m2/repository/org/apache/hadoop/hadoop-hdfs-client/3.3.6/hadoop-hdfs-client-3.3.6.jar:/home/runner/.m2/repository/com/squareup/okhttp3/okhttp/4.12.0/okhttp-4.12.0.jar:/home/runner/.m2/repository/com/squareup/okio/okio/3.6.0/okio-3.6.0.jar:/home/runner/.m2/repository/com/squareup/okio/okio-jvm/3.6.0/okio-jvm-3.6.0.jar:/home/runner/.m2/repository/org/jetbrains/kotlin/kotlin-stdlib-jdk8/1.9.25/kotlin-stdlib-jdk8-1.9.25.jar:/home/runner/.m2/repository/org/jetbrains/kotlin/kotlin-stdlib-jdk7/1.9.25/kotlin-stdlib-jdk7-1.9.25.jar:/home/runner/.m2/repository/org/jetbrains/kotlin/kotlin-stdlib-common/1.9.25/kotlin-stdlib-common-1.9.25.jar:/home/runner/.m2/repository/org/apache/httpcomponents/httpclient/4.5.14/httpclient-4.5.14.jar:/home/runner/.m2/repository/org/apache/httpcomponents/httpcore/4.4.16/httpcore-4.4.16.jar:/home/runner/.m2/repository/org/apache/ratis/ratis-common/3.1.0/ratis-common-3.1.0.jar:/home/runner/.m2/repository/org/apache/ratis/ratis-proto/3.1.0/ratis-proto-3.1.0.jar:/home/runner/.m2/repository/org/apache/ratis/ratis-thirdparty-misc/1.0.6/ratis-thirdparty-misc-1.0.6.jar:/home/runner/.m2/repository/org/slf4j/slf4j-api/2.0.16/slf4j-api-2.0.16.jar:/home/runner/.m2/repository/com/fasterxml/jackson/core/jackson-annotations/2.16.2/jackson-annotations-2.16.2.jar:/home/runner/.m2/repository/com/fasterxml/jackson/core/jackson-databind/2.16.2/jackson-databind-2.16.2.jar:/home/runner/.m2/repository/com/github/stephenc/jcip/jcip-annotations/1.0-1/jcip-annotations-1.0-1.jar:/home/runner/.m2/repository/com/google/guava/guava/32.1.3-jre/guava-32.1.3-jre.jar:/home/runner/.m2/repository/com/google/guava/failureaccess/1.0.1/failureaccess-1.0.1.jar:/home/runner/.m2/repository/com/google/guava/listenablefuture/9999.0-empty-to-avoid-conflict-with-guava/listenablefuture-9999.0-empty-to-avoid-conflict-with-guava.jar:/home/runner/.m2/repository/org/checkerframework/checker-qual/3.37.0/checker-qual-3.37.0.jar:/home/runner/.m2/repository/com/google/j2objc/j2objc-annotations/2.8/j2objc-annotations-2.8.jar:/home/runner/.m2/repository/com/google/protobuf/protobuf-java/2.5.0/protobuf-java-2.5.0.jar:/home/runner/.m2/repository/io/grpc/grpc-api/1.58.0/grpc-api-1.58.0.jar:/home/runner/.m2/repository/io/grpc/grpc-stub/1.58.0/grpc-stub-1.58.0.jar:/home/runner/.m2/repository/io/netty/netty-common/4.1.109.Final/netty-common-4.1.109.Final.jar:/home/runner/.m2/repository/io/netty/netty-handler/4.1.109.Final/netty-handler-4.1.109.Final.jar:/home/runner/.m2/repository/io/netty/netty-resolver/4.1.109.Final/netty-resolver-4.1.109.Final.jar:/home/runner/.m2/repository/jakarta/annotation/jakarta.annotation-api/2.1.1/jakarta.annotation-api-2.1.1.jar:/home/runner/work/ozone/ozone/hadoop-hdds/test-utils/target/hdds-test-utils-1.5.0-SNAPSHOT.jar:/home/runner/.m2/repository/org/assertj/assertj-core/3.26.3/assertj-core-3.26.3.jar:/home/runner/.m2/repository/net/bytebuddy/byte-buddy/1.14.18/byte-buddy-1.14.18.jar:/home/runner/.m2/repository/commons-io/commons-io/2.16.1/commons-io-2.16.1.jar:/home/runner/.m2/repository/commons-logging/commons-logging/1.2/commons-logging-1.2.jar:/home/runner/.m2/repository/org/junit/jupiter/junit-jupiter-api/5.10.3/junit-jupiter-api-5.10.3.jar:/home/runner/.m2/repository/org/opentest4j/opentest4j/1.3.0/opentest4j-1.3.0.jar:/home/runner/.m2/repository/org/junit/platform/junit-platform-commons/1.10.3/junit-platform-commons-1.10.3.jar:/home/runner/.m2/repository/ch/qos/reload4j/reload4j/1.2.25/reload4j-1.2.25.jar:/home/runner/.m2/repository/org/apache/logging/log4j/log4j-api/2.23.1/log4j-api-2.23.1.jar:/home/runner/work/ozone/ozone/hadoop-hdds/server-scm/target/hdds-server-scm-1.5.0-SNAPSHOT.jar:/home/runner/work/ozone/ozone/hadoop-hdds/container-service/target/hdds-container-service-1.5.0-SNAPSHOT.jar:/home/runner/work/ozone/ozone/hadoop-hdds/hadoop-dependency-server/target/hdds-hadoop-dependency-server-1.5.0-SNAPSHOT.jar:/home/runner/.m2/repository/com/nimbusds/nimbus-jose-jwt/9.40/nimbus-jose-jwt-9.40.jar:/home/runner/.m2/repository/org/apache/hadoop/hadoop-hdfs/3.3.6/hadoop-hdfs-3.3.6.jar:/home/runner/.m2/repository/commons-daemon/commons-daemon/1.4.0/commons-daemon-1.4.0.jar:/home/runner/.m2/repository/org/apache/kerby/kerb-core/1.0.1/kerb-core-1.0.1.jar:/home/runner/.m2/repository/org/apache/kerby/kerby-pkix/1.0.1/kerby-pkix-1.0.1.jar:/home/runner/.m2/repository/org/apache/kerby/kerby-asn1/1.0.1/kerby-asn1-1.0.1.jar:/home/runner/.m2/repository/org/apache/kerby/kerb-util/1.0.1/kerb-util-1.0.1.jar:/home/runner/.m2/repository/org/apache/kerby/kerby-config/1.0.1/kerby-config-1.0.1.jar:/home/runner/.m2/repository/org/apache/kerby/kerb-crypto/1.0.1/kerb-crypto-1.0.1.jar:/home/runner/.m2/repository/org/xerial/snappy/snappy-java/1.1.10.5/snappy-java-1.1.10.5.jar:/home/runner/work/ozone/ozone/hadoop-hdds/interface-admin/target/hdds-interface-admin-1.5.0-SNAPSHOT.jar:/home/runner/work/ozone/ozone/hadoop-hdds/interface-server/target/hdds-interface-server-1.5.0-SNAPSHOT.jar:/home/runner/work/ozone/ozone/hadoop-hdds/framework/target/hdds-server-framework-1.5.0-SNAPSHOT.jar:/home/runner/.m2/repository/org/apache/ratis/ratis-client/3.1.0/ratis-client-3.1.0.jar:/home/runner/.m2/repository/org/apache/ratis/ratis-grpc/3.1.0/ratis-grpc-3.1.0.jar:/home/runner/.m2/repository/org/apache/ratis/ratis-netty/3.1.0/ratis-netty-3.1.0.jar:/home/runner/.m2/repository/org/apache/ratis/ratis-server-api/3.1.0/ratis-server-api-3.1.0.jar:/home/runner/.m2/repository/org/bouncycastle/bcpkix-jdk18on/1.78.1/bcpkix-jdk18on-1.78.1.jar:/home/runner/.m2/repository/org/bouncycastle/bcprov-jdk18on/1.78.1/bcprov-jdk18on-1.78.1.jar:/home/runner/.m2/repository/io/dropwizard/metrics/metrics-core/3.2.6/metrics-core-3.2.6.jar:/home/runner/.m2/repository/org/apache/commons/commons-text/1.12.0/commons-text-1.12.0.jar:/home/runner/.m2/repository/org/eclipse/jetty/jetty-webapp/9.4.55.v20240627/jetty-webapp-9.4.55.v20240627.jar:/home/runner/.m2/repository/org/eclipse/jetty/jetty-xml/9.4.55.v20240627/jetty-xml-9.4.55.v20240627.jar:/home/runner/.m2/repository/com/fasterxml/jackson/core/jackson-core/2.16.2/jackson-core-2.16.2.jar:/home/runner/.m2/repository/info/picocli/picocli/4.7.6/picocli-4.7.6.jar:/home/runner/.m2/repository/javax/servlet/javax.servlet-api/3.1.0/javax.servlet-api-3.1.0.jar:/home/runner/.m2/repository/commons-collections/commons-collections/3.2.2/commons-collections-3.2.2.jar:/home/runner/work/ozone/ozone/hadoop-hdds/framework/target/hdds-server-framework-1.5.0-SNAPSHOT-tests.jar:/home/runner/work/ozone/ozone/hadoop-hdds/managed-rocksdb/target/hdds-managed-rocksdb-1.5.0-SNAPSHOT.jar:/home/runner/.m2/repository/org/slf4j/slf4j-reload4j/2.0.16/slf4j-reload4j-2.0.16.jar:/home/runner/.m2/repository/org/apache/commons/commons-configuration2/2.10.1/commons-configuration2-2.10.1.jar:/home/runner/.m2/repository/commons-codec/commons-codec/1.17.0/commons-codec-1.17.0.jar:/home/runner/.m2/repository/commons-fileupload/commons-fileupload/1.5/commons-fileupload-1.5.jar:/home/runner/.m2/repository/commons-validator/commons-validator/1.6/commons-validator-1.6.jar:/home/runner/.m2/repository/commons-beanutils/commons-beanutils/1.9.4/commons-beanutils-1.9.4.jar:/home/runner/.m2/repository/commons-digester/commons-digester/1.8.1/commons-digester-1.8.1.jar:/home/runner/.m2/repository/org/apache/logging/log4j/log4j-core/2.23.1/log4j-core-2.23.1.jar:/home/runner/.m2/repository/com/lmax/disruptor/3.4.4/disruptor-3.4.4.jar:/home/runner/.m2/repository/org/eclipse/jetty/jetty-http/9.4.55.v20240627/jetty-http-9.4.55.v20240627.jar:/home/runner/.m2/repository/org/eclipse/jetty/jetty-io/9.4.55.v20240627/jetty-io-9.4.55.v20240627.jar:/home/runner/.m2/repository/org/eclipse/jetty/jetty-util/9.4.55.v20240627/jetty-util-9.4.55.v20240627.jar:/home/runner/.m2/repository/org/eclipse/jetty/jetty-server/9.4.55.v20240627/jetty-server-9.4.55.v20240627.jar:/home/runner/.m2/repository/org/eclipse/jetty/jetty-servlet/9.4.55.v20240627/jetty-servlet-9.4.55.v20240627.jar:/home/runner/.m2/repository/org/eclipse/jetty/jetty-security/9.4.55.v20240627/jetty-security-9.4.55.v20240627.jar:/home/runner/.m2/repository/org/eclipse/jetty/jetty-util-ajax/9.4.55.v20240627/jetty-util-ajax-9.4.55.v20240627.jar:/home/runner/.m2/repository/org/glassfish/jersey/core/jersey-server/2.43/jersey-server-2.43.jar:/home/runner/.m2/repository/org/glassfish/jersey/core/jersey-client/2.43/jersey-client-2.43.jar:/home/runner/.m2/repository/org/glassfish/jersey/containers/jersey-container-servlet-core/2.43/jersey-container-servlet-core-2.43.jar:/home/runner/.m2/repository/org/rocksdb/rocksdbjni/7.7.3/rocksdbjni-7.7.3.jar:/home/runner/.m2/repository/org/apache/ratis/ratis-metrics-api/3.1.0/ratis-metrics-api-3.1.0.jar:/home/runner/.m2/repository/org/apache/ratis/ratis-metrics-dropwizard3/3.1.0/ratis-metrics-dropwizard3-3.1.0.jar:/home/runner/.m2/repository/io/opentracing/opentracing-api/0.33.0/opentracing-api-0.33.0.jar:/home/runner/.m2/repository/io/prometheus/simpleclient/0.16.0/simpleclient-0.16.0.jar:/home/runner/.m2/repository/io/prometheus/simpleclient_dropwizard/0.16.0/simpleclient_dropwizard-0.16.0.jar:/home/runner/.m2/repository/io/prometheus/simpleclient_common/0.16.0/simpleclient_common-0.16.0.jar:/home/runner/.m2/repository/com/fasterxml/jackson/datatype/jackson-datatype-jsr310/2.16.2/jackson-datatype-jsr310-2.16.2.jar:/home/runner/.m2/repository/com/github/jnr/jnr-constants/0.10.4/jnr-constants-0.10.4.jar:/home/runner/.m2/repository/com/github/jnr/jnr-posix/3.1.19/jnr-posix-3.1.19.jar:/home/runner/.m2/repository/com/github/jnr/jnr-ffi/2.2.16/jnr-ffi-2.2.16.jar:/home/runner/.m2/repository/com/github/jnr/jffi/1.3.13/jffi-1.3.13.jar:/home/runner/.m2/repository/com/github/jnr/jffi/1.3.13/jffi-1.3.13-native.jar:/home/runner/.m2/repository/org/ow2/asm/asm/9.2/asm-9.2.jar:/home/runner/.m2/repository/org/ow2/asm/asm-commons/9.2/asm-commons-9.2.jar:/home/runner/.m2/repository/org/ow2/asm/asm-analysis/9.2/asm-analysis-9.2.jar:/home/runner/.m2/repository/org/ow2/asm/asm-tree/9.2/asm-tree-9.2.jar:/home/runner/.m2/repository/org/ow2/asm/asm-util/9.2/asm-util-9.2.jar:/home/runner/.m2/repository/com/github/jnr/jnr-a64asm/1.0.0/jnr-a64asm-1.0.0.jar:/home/runner/.m2/repository/com/github/jnr/jnr-x86asm/1.0.2/jnr-x86asm-1.0.2.jar:/home/runner/.m2/repository/com/google/code/gson/gson/2.10.1/gson-2.10.1.jar:/home/runner/work/ozone/ozone/hadoop-hdds/rocksdb-checkpoint-differ/target/rocksdb-checkpoint-differ-1.5.0-SNAPSHOT.jar:/home/runner/.m2/repository/org/jgrapht/jgrapht-core/1.4.0/jgrapht-core-1.4.0.jar:/home/runner/.m2/repository/org/jheaps/jheaps/0.11/jheaps-0.11.jar:/home/runner/.m2/repository/org/jgrapht/jgrapht-ext/1.4.0/jgrapht-ext-1.4.0.jar:/home/runner/.m2/repository/com/github/vlsi/mxgraph/jgraphx/3.9.8.1/jgraphx-3.9.8.1.jar:/home/runner/.m2/repository/jakarta/ws/rs/jakarta.ws.rs-api/2.1.6/jakarta.ws.rs-api-2.1.6.jar:/home/runner/work/ozone/ozone/hadoop-ozone/ozone-manager/target/ozone-manager-1.5.0-SNAPSHOT.jar:/home/runner/.m2/repository/org/aspectj/aspectjrt/1.9.7/aspectjrt-1.9.7.jar:/home/runner/.m2/repository/org/aspectj/aspectjweaver/1.9.7/aspectjweaver-1.9.7.jar:/home/runner/work/ozone/ozone/hadoop-ozone/interface-storage/target/ozone-interface-storage-1.5.0-SNAPSHOT.jar:/home/runner/.m2/repository/org/apache/kerby/kerby-util/1.0.1/kerby-util-1.0.1.jar:/home/runner/.m2/repository/io/netty/netty-transport/4.1.109.Final/netty-transport-4.1.109.Final.jar:/home/runner/.m2/repository/org/reflections/reflections/0.10.2/reflections-0.10.2.jar:/home/runner/.m2/repository/com/sun/jersey/jersey-client/1.19.4/jersey-client-1.19.4.jar:/home/runner/.m2/repository/jakarta/xml/bind/jakarta.xml.bind-api/2.3.3/jakarta.xml.bind-api-2.3.3.jar:/home/runner/.m2/repository/org/codehaus/jackson/jackson-core-asl/1.9.13/jackson-core-asl-1.9.13.jar:/home/runner/.m2/repository/org/codehaus/jackson/jackson-mapper-asl/1.9.13/jackson-mapper-asl-1.9.13.jar:/home/runner/.m2/repository/org/codehaus/jackson/jackson-jaxrs/1.9.13/jackson-jaxrs-1.9.13.jar:/home/runner/.m2/repository/org/apache/ranger/ranger-plugins-common/2.3.0/ranger-plugins-common-2.3.0.jar:/home/runner/.m2/repository/commons-lang/commons-lang/2.6/commons-lang-2.6.jar:/home/runner/.m2/repository/org/apache/ranger/ranger-plugins-cred/2.3.0/ranger-plugins-cred-2.3.0.jar:/home/runner/.m2/repository/org/apache/ranger/ranger-plugins-audit/2.3.0/ranger-plugins-audit-2.3.0.jar:/home/runner/.m2/repository/org/eclipse/jetty/jetty-client/9.4.55.v20240627/jetty-client-9.4.55.v20240627.jar:/home/runner/.m2/repository/org/apache/httpcomponents/httpmime/4.5.6/httpmime-4.5.6.jar:/home/runner/.m2/repository/org/apache/httpcomponents/httpcore-nio/4.4.16/httpcore-nio-4.4.16.jar:/home/runner/.m2/repository/org/apache/httpcomponents/httpasyncclient/4.1.3/httpasyncclient-4.1.3.jar:/home/runner/.m2/repository/com/carrotsearch/hppc/0.8.0/hppc-0.8.0.jar:/home/runner/.m2/repository/org/apache/orc/orc-core/1.5.8/orc-core-1.5.8.jar:/home/runner/.m2/repository/net/java/dev/jna/jna/5.2.0/jna-5.2.0.jar:/home/runner/.m2/repository/net/java/dev/jna/jna-platform/5.2.0/jna-platform-5.2.0.jar:/home/runner/.m2/repository/com/kstruct/gethostname4j/0.0.2/gethostname4j-0.0.2.jar:/home/runner/.m2/repository/org/apache/ranger/ranger-plugin-classloader/2.3.0/ranger-plugin-classloader-2.3.0.jar:/home/runner/.m2/repository/org/apache/ranger/ranger-intg/2.3.0/ranger-intg-2.3.0.jar:/home/runner/work/ozone/ozone/hadoop-hdds/rocks-native/target/hdds-rocks-native-1.5.0-SNAPSHOT.jar:/home/runner/.m2/repository/org/apache/hadoop/hadoop-minikdc/3.3.6/hadoop-minikdc-3.3.6.jar:/home/runner/.m2/repository/org/apache/kerby/kerb-simplekdc/1.0.1/kerb-simplekdc-1.0.1.jar:/home/runner/.m2/repository/org/apache/kerby/kerb-client/1.0.1/kerb-client-1.0.1.jar:/home/runner/.m2/repository/org/apache/kerby/kerb-common/1.0.1/kerb-common-1.0.1.jar:/home/runner/.m2/repository/org/apache/kerby/token-provider/1.0.1/token-provider-1.0.1.jar:/home/runner/.m2/repository/org/apache/kerby/kerb-admin/1.0.1/kerb-admin-1.0.1.jar:/home/runner/.m2/repository/org/apache/kerby/kerb-server/1.0.1/kerb-server-1.0.1.jar:/home/runner/.m2/repository/org/apache/kerby/kerb-identity/1.0.1/kerb-identity-1.0.1.jar:/home/runner/.m2/repository/org/apache/kerby/kerby-xdr/1.0.1/kerby-xdr-1.0.1.jar:/home/runner/.m2/repository/junit/junit/4.13.2/junit-4.13.2.jar:/home/runner/.m2/repository/org/hamcrest/hamcrest-core/1.3/hamcrest-core-1.3.jar:/home/runner/work/ozone/ozone/hadoop-ozone/s3gateway/target/ozone-s3gateway-1.5.0-SNAPSHOT.jar:/home/runner/.m2/repository/org/javassist/javassist/3.30.2-GA/javassist-3.30.2-GA.jar:/home/runner/.m2/repository/org/jboss/weld/servlet/weld-servlet-shaded/3.1.9.Final/weld-servlet-shaded-3.1.9.Final.jar:/home/runner/.m2/repository/org/glassfish/jersey/core/jersey-common/2.43/jersey-common-2.43.jar:/home/runner/.m2/repository/org/glassfish/hk2/osgi-resource-locator/1.0.3/osgi-resource-locator-1.0.3.jar:/home/runner/.m2/repository/org/glassfish/jersey/ext/cdi/jersey-cdi1x/2.43/jersey-cdi1x-2.43.jar:/home/runner/.m2/repository/org/glassfish/jersey/inject/jersey-hk2/2.43/jersey-hk2-2.43.jar:/home/runner/.m2/repository/org/glassfish/hk2/hk2-locator/2.6.1/hk2-locator-2.6.1.jar:/home/runner/.m2/repository/org/glassfish/jersey/media/jersey-media-jaxb/2.43/jersey-media-jaxb-2.43.jar:/home/runner/.m2/repository/org/glassfish/hk2/hk2-api/2.6.1/hk2-api-2.6.1.jar:/home/runner/.m2/repository/org/glassfish/hk2/hk2-utils/2.6.1/hk2-utils-2.6.1.jar:/home/runner/.m2/repository/org/glassfish/hk2/external/aopalliance-repackaged/2.6.1/aopalliance-repackaged-2.6.1.jar:/home/runner/.m2/repository/com/fasterxml/jackson/dataformat/jackson-dataformat-xml/2.16.2/jackson-dataformat-xml-2.16.2.jar:/home/runner/.m2/repository/org/codehaus/woodstox/stax2-api/4.2.2/stax2-api-4.2.2.jar:/home/runner/.m2/repository/com/fasterxml/woodstox/woodstox-core/5.4.0/woodstox-core-5.4.0.jar:/home/runner/.m2/repository/com/fasterxml/jackson/module/jackson-module-jaxb-annotations/2.16.2/jackson-module-jaxb-annotations-2.16.2.jar:/home/runner/.m2/repository/javax/annotation/javax.annotation-api/1.3.2/javax.annotation-api-1.3.2.jar:/home/runner/.m2/repository/javax/enterprise/cdi-api/2.0/cdi-api-2.0.jar:/home/runner/.m2/repository/javax/el/javax.el-api/3.0.0/javax.el-api-3.0.0.jar:/home/runner/.m2/repository/javax/interceptor/javax.interceptor-api/1.2/javax.interceptor-api-1.2.jar:/home/runner/.m2/repository/org/glassfish/jaxb/jaxb-runtime/2.3.9/jaxb-runtime-2.3.9.jar:/home/runner/.m2/repository/org/glassfish/jaxb/txw2/2.3.9/txw2-2.3.9.jar:/home/runner/.m2/repository/com/sun/istack/istack-commons-runtime/3.0.12/istack-commons-runtime-3.0.12.jar:/home/runner/.m2/repository/com/sun/activation/jakarta.activation/1.2.2/jakarta.activation-1.2.2.jar:/home/runner/.m2/repository/jakarta/activation/jakarta.activation-api/1.2.2/jakarta.activation-api-1.2.2.jar:/home/runner/.m2/repository/io/grpc/grpc-protobuf/1.58.0/grpc-protobuf-1.58.0.jar:/home/runner/.m2/repository/com/google/api/grpc/proto-google-common-protos/2.22.0/proto-google-common-protos-2.22.0.jar:/home/runner/.m2/repository/io/grpc/grpc-protobuf-lite/1.58.0/grpc-protobuf-lite-1.58.0.jar:/home/runner/.m2/repository/io/opentracing/opentracing-noop/0.33.0/opentracing-noop-0.33.0.jar:/home/runner/.m2/repository/io/opentracing/opentracing-util/0.33.0/opentracing-util-0.33.0.jar:/home/runner/work/ozone/ozone/hadoop-ozone/csi/target/ozone-csi-1.5.0-SNAPSHOT.jar:/home/runner/.m2/repository/com/google/protobuf/protobuf-java-util/3.19.6/protobuf-java-util-3.19.6.jar:/home/runner/.m2/repository/io/netty/netty-transport-classes-epoll/4.1.109.Final/netty-transport-classes-epoll-4.1.109.Final.jar:/home/runner/.m2/repository/io/netty/netty-transport-native-epoll/4.1.109.Final/netty-transport-native-epoll-4.1.109.Final-linux-x86_64.jar:/home/runner/.m2/repository/io/netty/netty-transport-native-unix-common/4.1.109.Final/netty-transport-native-unix-common-4.1.109.Final.jar:/home/runner/work/ozone/ozone/hadoop-ozone/recon/target/ozone-recon-1.5.0-SNAPSHOT.jar:/home/runner/work/ozone/ozone/hadoop-ozone/recon-codegen/target/ozone-reconcodegen-1.5.0-SNAPSHOT.jar:/home/runner/.m2/repository/aopalliance/aopalliance/1.0/aopalliance-1.0.jar:/home/runner/.m2/repository/com/google/inject/guice/6.0.0/guice-6.0.0.jar:/home/runner/.m2/repository/jakarta/inject/jakarta.inject-api/2.0.1/jakarta.inject-api-2.0.1.jar:/home/runner/.m2/repository/com/google/inject/extensions/guice-assistedinject/6.0.0/guice-assistedinject-6.0.0.jar:/home/runner/.m2/repository/com/google/inject/extensions/guice-servlet/6.0.0/guice-servlet-6.0.0.jar:/home/runner/.m2/repository/org/glassfish/jersey/containers/jersey-container-servlet/2.43/jersey-container-servlet-2.43.jar:/home/runner/.m2/repository/org/glassfish/hk2/guice-bridge/2.6.1/guice-bridge-2.6.1.jar:/home/runner/.m2/repository/org/glassfish/hk2/external/jakarta.inject/2.6.1/jakarta.inject-2.6.1.jar:/home/runner/.m2/repository/org/glassfish/jersey/media/jersey-media-json-jackson/2.43/jersey-media-json-jackson-2.43.jar:/home/runner/.m2/repository/org/glassfish/jersey/ext/jersey-entity-filtering/2.43/jersey-entity-filtering-2.43.jar:/home/runner/.m2/repository/org/jooq/jooq/3.11.10/jooq-3.11.10.jar:/home/runner/.m2/repository/org/jooq/jooq-meta/3.11.10/jooq-meta-3.11.10.jar:/home/runner/.m2/repository/org/jooq/jooq-codegen/3.11.10/jooq-codegen-3.11.10.jar:/home/runner/.m2/repository/com/jolbox/bonecp/0.8.0.RELEASE/bonecp-0.8.0.RELEASE.jar:/home/runner/.m2/repository/org/apache/derby/derby/10.14.2.0/derby-10.14.2.0.jar:/home/runner/.m2/repository/org/xerial/sqlite-jdbc/3.46.0.0/sqlite-jdbc-3.46.0.0.jar:/home/runner/.m2/repository/org/springframework/spring-core/5.3.39/spring-core-5.3.39.jar:/home/runner/.m2/repository/org/springframework/spring-jdbc/5.3.39/spring-jdbc-5.3.39.jar:/home/runner/.m2/repository/org/springframework/spring-beans/5.3.39/spring-beans-5.3.39.jar:/home/runner/.m2/repository/org/springframework/spring-tx/5.3.39/spring-tx-5.3.39.jar:/home/runner/.m2/repository/jakarta/validation/jakarta.validation-api/2.0.2/jakarta.validation-api-2.0.2.jar:/home/runner/.m2/repository/javax/inject/javax.inject/1/javax.inject-1.jar:/home/runner/work/ozone/ozone/hadoop-ozone/client/target/ozone-client-1.5.0-SNAPSHOT.jar:/home/runner/work/ozone/ozone/hadoop-hdds/erasurecode/target/hdds-erasurecode-1.5.0-SNAPSHOT.jar:/home/runner/work/ozone/ozone/hadoop-ozone/ozonefs/target/ozone-filesystem-1.5.0-SNAPSHOT.jar:/home/runner/work/ozone/ozone/hadoop-ozone/ozonefs-common/target/ozone-filesystem-common-1.5.0-SNAPSHOT.jar:/home/runner/work/ozone/ozone/hadoop-ozone/tools/target/ozone-tools-1.5.0-SNAPSHOT.jar:/home/runner/.m2/repository/org/apache/ratis/ratis-tools/3.1.0/ratis-tools-3.1.0.jar:/home/runner/.m2/repository/com/amazonaws/aws-java-sdk-core/1.12.661/aws-java-sdk-core-1.12.661.jar:/home/runner/.m2/repository/com/fasterxml/jackson/dataformat/jackson-dataformat-cbor/2.16.2/jackson-dataformat-cbor-2.16.2.jar:/home/runner/.m2/repository/joda-time/joda-time/2.12.7/joda-time-2.12.7.jar:/home/runner/.m2/repository/com/amazonaws/aws-java-sdk-s3/1.12.661/aws-java-sdk-s3-1.12.661.jar:/home/runner/.m2/repository/com/amazonaws/aws-java-sdk-kms/1.12.661/aws-java-sdk-kms-1.12.661.jar:/home/runner/.m2/repository/com/amazonaws/jmespath-java/1.12.661/jmespath-java-1.12.661.jar:/home/runner/.m2/repository/org/kohsuke/metainf-services/metainf-services/1.11/metainf-services-1.11.jar:/home/runner/work/ozone/ozone/hadoop-hdds/tools/target/hdds-tools-1.5.0-SNAPSHOT.jar:/home/runner/.m2/repository/commons-cli/commons-cli/1.8.0/commons-cli-1.8.0.jar:/home/runner/.m2/repository/org/apache/commons/commons-lang3/3.14.0/commons-lang3-3.14.0.jar:/home/runner/work/ozone/ozone/hadoop-ozone/ozone-manager/target/ozone-manager-1.5.0-SNAPSHOT-tests.jar:/home/runner/work/ozone/ozone/hadoop-hdds/common/target/hdds-common-1.5.0-SNAPSHOT-tests.jar:/home/runner/work/ozone/ozone/hadoop-hdds/hadoop-dependency-client/target/hdds-hadoop-dependency-client-1.5.0-SNAPSHOT.jar:/home/runner/work/ozone/ozone/hadoop-hdds/annotations/target/hdds-annotation-processing-1.5.0-SNAPSHOT.jar:/home/runner/.m2/repository/org/bouncycastle/bcutil-jdk18on/1.78.1/bcutil-jdk18on-1.78.1.jar:/home/runner/.m2/repository/io/jaegertracing/jaeger-client/1.8.1/jaeger-client-1.8.1.jar:/home/runner/.m2/repository/io/jaegertracing/jaeger-thrift/1.8.1/jaeger-thrift-1.8.1.jar:/home/runner/.m2/repository/org/apache/thrift/libthrift/0.15.0/libthrift-0.15.0.jar:/home/runner/.m2/repository/io/jaegertracing/jaeger-tracerresolver/1.8.1/jaeger-tracerresolver-1.8.1.jar:/home/runner/.m2/repository/io/opentracing/contrib/opentracing-tracerresolver/0.1.8/opentracing-tracerresolver-0.1.8.jar:/home/runner/.m2/repository/io/jaegertracing/jaeger-core/1.8.1/jaeger-core-1.8.1.jar:/home/runner/.m2/repository/org/jetbrains/kotlin/kotlin-stdlib/1.9.25/kotlin-stdlib-1.9.25.jar:/home/runner/.m2/repository/org/jetbrains/annotations/13.0/annotations-13.0.jar:/home/runner/.m2/repository/org/yaml/snakeyaml/2.0/snakeyaml-2.0.jar:/home/runner/.m2/repository/org/junit/platform/junit-platform-launcher/1.10.3/junit-platform-launcher-1.10.3.jar:/home/runner/.m2/repository/org/junit/platform/junit-platform-engine/1.10.3/junit-platform-engine-1.10.3.jar:/home/runner/.m2/repository/org/apiguardian/apiguardian-api/1.1.2/apiguardian-api-1.1.2.jar:/home/runner/.m2/repository/org/apache/hadoop/hadoop-kms/3.3.6/hadoop-kms-3.3.6.jar:/home/runner/.m2/repository/org/apache/hadoop/hadoop-auth/3.3.6/hadoop-auth-3.3.6.jar:/home/runner/.m2/repository/org/apache/zookeeper/zookeeper/3.8.4/zookeeper-3.8.4.jar:/home/runner/.m2/repository/org/apache/zookeeper/zookeeper-jute/3.8.4/zookeeper-jute-3.8.4.jar:/home/runner/.m2/repository/org/apache/yetus/audience-annotations/0.12.0/audience-annotations-0.12.0.jar:/home/runner/.m2/repository/org/apache/curator/curator-framework/4.2.0/curator-framework-4.2.0.jar:/home/runner/.m2/repository/org/apache/hadoop/thirdparty/hadoop-shaded-guava/1.2.0/hadoop-shaded-guava-1.2.0.jar:/home/runner/.m2/repository/com/sun/jersey/jersey-core/1.19.4/jersey-core-1.19.4.jar:/home/runner/.m2/repository/javax/ws/rs/jsr311-api/1.1.1/jsr311-api-1.1.1.jar:/home/runner/.m2/repository/com/sun/jersey/jersey-server/1.19.4/jersey-server-1.19.4.jar:/home/runner/.m2/repository/org/apache/hadoop/hadoop-common/3.3.6/hadoop-common-3.3.6.jar:/home/runner/.m2/repository/org/apache/commons/commons-math3/3.6.1/commons-math3-3.6.1.jar:/home/runner/.m2/repository/commons-net/commons-net/3.11.1/commons-net-3.11.1.jar:/home/runner/.m2/repository/com/sun/jersey/jersey-servlet/1.19.4/jersey-servlet-1.19.4.jar:/home/runner/.m2/repository/com/github/pjfanning/jersey-json/1.20/jersey-json-1.20.jar:/home/runner/.m2/repository/org/codehaus/jettison/jettison/1.1/jettison-1.1.jar:/home/runner/.m2/repository/com/sun/xml/bind/jaxb-impl/2.2.3-1/jaxb-impl-2.2.3-1.jar:/home/runner/.m2/repository/com/google/re2j/re2j/1.7/re2j-1.7.jar:/home/runner/.m2/repository/com/jcraft/jsch/0.1.55/jsch-0.1.55.jar:/home/runner/.m2/repository/org/apache/curator/curator-client/4.2.0/curator-client-4.2.0.jar:/home/runner/.m2/repository/org/apache/curator/curator-recipes/5.2.0/curator-recipes-5.2.0.jar:/home/runner/.m2/repository/com/google/code/findbugs/jsr305/3.0.2/jsr305-3.0.2.jar:/home/runner/.m2/repository/dnsjava/dnsjava/2.1.9/dnsjava-2.1.9.jar:/home/runner/.m2/repository/org/apache/hadoop/hadoop-kms/3.3.6/hadoop-kms-3.3.6-tests.jar:/home/runner/work/ozone/ozone/hadoop-hdds/server-scm/target/hdds-server-scm-1.5.0-SNAPSHOT-tests.jar:/home/runner/work/ozone/ozone/hadoop-hdds/container-service/target/hdds-container-service-1.5.0-SNAPSHOT-tests.jar:/home/runner/.m2/repository/com/github/luben/zstd-jni/1.5.6-4/zstd-jni-1.5.6-4.jar:/home/runner/.m2/repository/io/netty/netty-buffer/4.1.109.Final/netty-buffer-4.1.109.Final.jar:/home/runner/.m2/repository/io/netty/netty-codec/4.1.109.Final/netty-codec-4.1.109.Final.jar:/home/runner/work/ozone/ozone/hadoop-hdds/hadoop-dependency-test/target/hdds-hadoop-dependency-test-1.5.0-SNAPSHOT.jar:/home/runner/.m2/repository/org/apache/hadoop/hadoop-common/3.3.6/hadoop-common-3.3.6-tests.jar:/home/runner/.m2/repository/org/apache/hadoop/hadoop-hdfs/3.3.6/hadoop-hdfs-3.3.6-tests.jar:/home/runner/.m2/repository/org/junit/jupiter/junit-jupiter-engine/5.10.3/junit-jupiter-engine-5.10.3.jar:/home/runner/.m2/repository/org/junit/jupiter/junit-jupiter-params/5.10.3/junit-jupiter-params-5.10.3.jar:/home/runner/.m2/repository/org/mockito/mockito-core/4.11.0/mockito-core-4.11.0.jar:/home/runner/.m2/repository/net/bytebuddy/byte-buddy-agent/1.12.19/byte-buddy-agent-1.12.19.jar:/home/runner/.m2/repository/org/objenesis/objenesis/3.3/objenesis-3.3.jar:/home/runner/.m2/repository/org/mockito/mockito-inline/4.11.0/mockito-inline-4.11.0.jar:/home/runner/.m2/repository/org/mockito/mockito-junit-jupiter/4.11.0/mockito-junit-jupiter-4.11.0.jar:/home/runner/.m2/repository/org/apache/hadoop/hadoop-distcp/3.3.6/hadoop-distcp-3.3.6.jar:/home/runner/.m2/repository/org/apache/hadoop/hadoop-mapreduce-client-jobclient/3.3.6/hadoop-mapreduce-client-jobclient-3.3.6.jar:/home/runner/.m2/repository/org/apache/hadoop/hadoop-mapreduce-client-common/3.3.6/hadoop-mapreduce-client-common-3.3.6.jar:/home/runner/.m2/repository/org/apache/hadoop/hadoop-yarn-common/3.3.6/hadoop-yarn-common-3.3.6.jar:/home/runner/.m2/repository/org/apache/hadoop/hadoop-yarn-api/3.3.6/hadoop-yarn-api-3.3.6.jar:/home/runner/.m2/repository/javax/xml/bind/jaxb-api/2.2.11/jaxb-api-2.2.11.jar:/home/runner/.m2/repository/com/sun/jersey/contribs/jersey-guice/1.19.4/jersey-guice-1.19.4.jar:/home/runner/.m2/repository/com/fasterxml/jackson/jaxrs/jackson-jaxrs-json-provider/2.16.2/jackson-jaxrs-json-provider-2.16.2.jar:/home/runner/.m2/repository/com/fasterxml/jackson/jaxrs/jackson-jaxrs-base/2.16.2/jackson-jaxrs-base-2.16.2.jar:/home/runner/.m2/repository/org/apache/hadoop/hadoop-yarn-client/3.3.6/hadoop-yarn-client-3.3.6.jar:/home/runner/.m2/repository/org/eclipse/jetty/websocket/websocket-client/9.4.51.v20230217/websocket-client-9.4.51.v20230217.jar:/home/runner/.m2/repository/org/eclipse/jetty/websocket/websocket-common/9.4.51.v20230217/websocket-common-9.4.51.v20230217.jar:/home/runner/.m2/repository/org/eclipse/jetty/websocket/websocket-api/9.4.51.v20230217/websocket-api-9.4.51.v20230217.jar:/home/runner/.m2/repository/org/jline/jline/3.9.0/jline-3.9.0.jar:/home/runner/.m2/repository/org/apache/hadoop/hadoop-mapreduce-client-core/3.3.6/hadoop-mapreduce-client-core-3.3.6.jar:/home/runner/.m2/repository/org/apache/avro/avro/1.7.7/avro-1.7.7.jar:/home/runner/.m2/repository/com/thoughtworks/paranamer/paranamer/2.3/paranamer-2.3.jar:/home/runner/.m2/repository/org/apache/hadoop/hadoop-annotations/3.3.6/hadoop-annotations-3.3.6.jar:/home/runner/.m2/repository/io/netty/netty/3.10.6.Final/netty-3.10.6.Final.jar:/home/runner/.m2/repository/org/apache/hadoop/hadoop-distcp/3.3.6/hadoop-distcp-3.3.6-tests.jar:/home/runner/.m2/repository/org/apache/ratis/ratis-server/3.1.0/ratis-server-3.1.0.jar:/home/runner/.m2/repository/org/hamcrest/hamcrest/2.2/hamcrest-2.2.jar:/home/runner/.m2/repository/org/slf4j/jul-to-slf4j/2.0.16/jul-to-slf4j-2.0.16.jar:/home/runner/work/ozone/ozone/hadoop-ozone/integration-test/target/gradle-enterprise/test-listeners.jar:"/>
    <property name="sun.cpu.endian" value="little"/>
    <property name="user.home" value="/home/runner"/>
    <property name="user.language" value="en"/>
    <property name="java.specification.vendor" value="Oracle Corporation"/>
    <property name="java.version.date" value="2024-07-16"/>
    <property name="java.home" value="/usr/lib/jvm/temurin-17-jdk-amd64"/>
    <property name="java.security.krb5.conf" value="/home/runner/work/ozone/ozone/hadoop-ozone/integration-test/target/test-classes/krb5.conf"/>
    <property name="file.separator" value="/"/>
    <property name="basedir" value="/home/runner/work/ozone/ozone/hadoop-ozone/integration-test"/>
    <property name="java.vm.compressedOopsMode" value="Zero based"/>
    <property name="line.separator" value="&#10;"/>
    <property name="java.vm.specification.vendor" value="Oracle Corporation"/>
    <property name="java.specification.name" value="Java Platform API Specification"/>
    <property name="skip.installnpx" value="true"/>
    <property name="surefire.real.class.path" value="/home/runner/work/ozone/ozone/hadoop-ozone/integration-test/target/surefire/surefirebooter8879380172693607096.jar"/>
    <property name="hadoop.log.dir" value="/home/runner/work/ozone/ozone/hadoop-ozone/integration-test/target/log"/>
    <property name="sun.management.compiler" value="HotSpot 64-Bit Tiered Compilers"/>
    <property name="java.runtime.version" value="17.0.12+7"/>
    <property name="skip.npx" value="true"/>
    <property name="user.name" value="runner"/>
    <property name="java.net.preferIPv4Stack" value="true"/>
    <property name="path.separator" value=":"/>
    <property name="java.security.egd" value="file:///dev/urandom"/>
    <property name="os.version" value="5.15.0-1070-azure"/>
    <property name="java.runtime.name" value="OpenJDK Runtime Environment"/>
    <property name="com.gradle.maven.scan.extension.test.listener.junitplatform.NestedExecutionSafeDelegatingTestExecutionListener" value="4a7f959b"/>
    <property name="file.encoding" value="UTF-8"/>
    <property name="java.vm.name" value="OpenJDK 64-Bit Server VM"/>
    <property name="java.vendor.version" value="Temurin-17.0.12+7"/>
    <property name="test.build.webapps" value=""/>
    <property name="develocity.listener.surefire.forkId" value="1"/>
    <property name="localRepository" value="/home/runner/.m2/repository"/>
    <property name="java.vendor.url.bug" value="https://github.com/adoptium/adoptium-support/issues"/>
    <property name="jetty.git.hash" value="70015831e5195ba74da6383c4ab7c90c56bb08af"/>
    <property name="java.io.tmpdir" value="/tmp"/>
    <property name="require.test.libhadoop" value=""/>
    <property name="java.version" value="17.0.12"/>
    <property name="user.dir" value="/home/runner/work/ozone/ozone/hadoop-ozone/integration-test"/>
    <property name="os.arch" value="amd64"/>
    <property name="java.vm.specification.name" value="Java Virtual Machine Specification"/>
    <property name="test.build.classes" value="/home/runner/work/ozone/ozone/hadoop-ozone/integration-test/target/test-classes"/>
    <property name="org.apache.ratis.thirdparty.io.netty.allocator.useCacheForAllThreads" value="false"/>
    <property name="native.encoding" value="UTF-8"/>
    <property name="hadoop.tmp.dir" value="/home/runner/work/ozone/ozone/hadoop-ozone/integration-test/target/tmp"/>
    <property name="java.library.path" value="/usr/java/packages/lib:/usr/lib64:/lib64:/lib:/usr/lib"/>
    <property name="java.vm.info" value="mixed mode, sharing"/>
    <property name="java.vendor" value="Eclipse Adoptium"/>
    <property name="java.vm.version" value="17.0.12+7"/>
    <property name="sun.io.unicode.encoding" value="UnicodeLittle"/>
    <property name="develocity.listener.port" value="42407"/>
    <property name="java.class.version" value="61.0"/>
  </properties>
  <testcase name="testLookupKeyWithNotAllowedUserForPrefixAcl(BucketLayout)[1]" classname="org.apache.hadoop.ozone.om.snapshot.TestOzoneManagerSnapshotAcl" time="20.469">
    <error type="java.io.IOException"><![CDATA[java.io.IOException: snapshot directory doesn't exist
	at org.apache.hadoop.ozone.om.snapshot.TestOzoneManagerSnapshotAcl.createSnapshot(TestOzoneManagerSnapshotAcl.java:591)
	at org.apache.hadoop.ozone.om.snapshot.TestOzoneManagerSnapshotAcl.testLookupKeyWithNotAllowedUserForPrefixAcl(TestOzoneManagerSnapshotAcl.java:424)
	at java.base/java.lang.reflect.Method.invoke(Method.java:569)
	at java.base/java.util.stream.ForEachOps$ForEachOp$OfRef.accept(ForEachOps.java:183)
	at java.base/java.util.stream.ReferencePipeline$3$1.accept(ReferencePipeline.java:197)
	at java.base/java.util.stream.ReferencePipeline$2$1.accept(ReferencePipeline.java:179)
	at java.base/java.util.stream.ReferencePipeline$3$1.accept(ReferencePipeline.java:197)
	at java.base/java.util.stream.ForEachOps$ForEachOp$OfRef.accept(ForEachOps.java:183)
	at java.base/java.util.stream.ReferencePipeline$3$1.accept(ReferencePipeline.java:197)
	at java.base/java.util.stream.ReferencePipeline$3$1.accept(ReferencePipeline.java:197)
	at java.base/java.util.stream.ReferencePipeline$3$1.accept(ReferencePipeline.java:197)
	at java.base/java.util.stream.ForEachOps$ForEachOp$OfRef.accept(ForEachOps.java:183)
	at java.base/java.util.stream.ReferencePipeline$3$1.accept(ReferencePipeline.java:197)
	at java.base/java.util.Iterator.forEachRemaining(Iterator.java:133)
	at java.base/java.util.Spliterators$IteratorSpliterator.forEachRemaining(Spliterators.java:1845)
	at java.base/java.util.stream.AbstractPipeline.copyInto(AbstractPipeline.java:509)
	at java.base/java.util.stream.AbstractPipeline.wrapAndCopyInto(AbstractPipeline.java:499)
	at java.base/java.util.stream.ForEachOps$ForEachOp.evaluateSequential(ForEachOps.java:150)
	at java.base/java.util.stream.ForEachOps$ForEachOp$OfRef.evaluateSequential(ForEachOps.java:173)
	at java.base/java.util.stream.AbstractPipeline.evaluate(AbstractPipeline.java:234)
	at java.base/java.util.stream.ReferencePipeline.forEach(ReferencePipeline.java:596)
	at java.base/java.util.stream.ReferencePipeline$7$1.accept(ReferencePipeline.java:276)
	at java.base/java.util.stream.ReferencePipeline$3$1.accept(ReferencePipeline.java:197)
	at java.base/java.util.stream.ReferencePipeline$3$1.accept(ReferencePipeline.java:197)
	at java.base/java.util.stream.ReferencePipeline$3$1.accept(ReferencePipeline.java:197)
	at java.base/java.util.ArrayList$ArrayListSpliterator.forEachRemaining(ArrayList.java:1625)
	at java.base/java.util.stream.AbstractPipeline.copyInto(AbstractPipeline.java:509)
	at java.base/java.util.stream.AbstractPipeline.wrapAndCopyInto(AbstractPipeline.java:499)
	at java.base/java.util.stream.ForEachOps$ForEachOp.evaluateSequential(ForEachOps.java:150)
	at java.base/java.util.stream.ForEachOps$ForEachOp$OfRef.evaluateSequential(ForEachOps.java:173)
	at java.base/java.util.stream.AbstractPipeline.evaluate(AbstractPipeline.java:234)
	at java.base/java.util.stream.ReferencePipeline.forEach(ReferencePipeline.java:596)
	at java.base/java.util.stream.ReferencePipeline$7$1.accept(ReferencePipeline.java:276)
	at java.base/java.util.ArrayList$ArrayListSpliterator.forEachRemaining(ArrayList.java:1625)
	at java.base/java.util.stream.AbstractPipeline.copyInto(AbstractPipeline.java:509)
	at java.base/java.util.stream.AbstractPipeline.wrapAndCopyInto(AbstractPipeline.java:499)
	at java.base/java.util.stream.ForEachOps$ForEachOp.evaluateSequential(ForEachOps.java:150)
	at java.base/java.util.stream.ForEachOps$ForEachOp$OfRef.evaluateSequential(ForEachOps.java:173)
	at java.base/java.util.stream.AbstractPipeline.evaluate(AbstractPipeline.java:234)
	at java.base/java.util.stream.ReferencePipeline.forEach(ReferencePipeline.java:596)
	at java.base/java.util.ArrayList.forEach(ArrayList.java:1511)
	at java.base/java.util.ArrayList.forEach(ArrayList.java:1511)
]]></error>
    <system-out><![CDATA[2024-08-19 16:24:39,166 [main] WARN  server.ServerUtils (ServerUtils.java:getScmDbDir(143)) - ozone.scm.db.dirs is not configured. We recommend adding this setting. Falling back to ozone.metadata.dirs instead.
2024-08-19 16:24:39,318 [main] INFO  reflections.Reflections (Reflections.java:scan(219)) - Reflections took 130 ms to scan 7 urls, producing 159 keys and 375 values
2024-08-19 16:24:39,449 [main] WARN  server.ServerUtils (ServerUtils.java:getScmDbDir(143)) - ozone.scm.db.dirs is not configured. We recommend adding this setting. Falling back to ozone.metadata.dirs instead.
2024-08-19 16:24:39,454 [main] INFO  ha.SCMHANodeDetails (SCMHANodeDetails.java:loadSCMHAConfig(207)) - ServiceID for StorageContainerManager is null
2024-08-19 16:24:39,462 [main] WARN  ha.SCMHANodeDetails (SCMHANodeDetails.java:validateSCMHAConfig(180)) - Default/Configured value of config ozone.scm.ratis.enable conflicts with the expected value. Default/Configured: true. Expected: false. Falling back to the expected value. Current State of SCM: SCM is running without Ratis. Ratis SCM -> Non Ratis SCM is not supported.
2024-08-19 16:24:39,463 [main] INFO  ha.SCMHANodeDetails (SCMHANodeDetails.java:loadSCMHAConfig(212)) - ozone.scm.default.service.id is not defined, falling back to ozone.scm.service.ids to find serviceID for StorageContainerManager if it is HA enabled cluster
2024-08-19 16:24:39,979 [main] WARN  utils.HAUtils (HAUtils.java:getMetaDir(339)) - ozone.scm.db.dirs is not configured. We recommend adding this setting. Falling back to ozone.metadata.dirs instead.
2024-08-19 16:24:40,109 [main] WARN  db.DBStoreBuilder (DBStoreBuilder.java:applyDBDefinition(171)) - ozone.scm.db.dirs is not configured. We recommend adding this setting. Falling back to ozone.metadata.dirs instead.
2024-08-19 16:24:40,115 [main] INFO  utils.LeakDetector (LeakDetector.java:start(73)) - Starting leak detector thread ManagedRocksObject0.
2024-08-19 16:24:40,279 [main] INFO  net.NodeSchemaLoader (NodeSchemaLoader.java:loadSchemaFromFile(129)) - Loading schema from [jar:file:/home/runner/work/ozone/ozone/hadoop-hdds/common/target/hdds-common-1.5.0-SNAPSHOT.jar!/network-topology-default.xml]
2024-08-19 16:24:40,281 [main] INFO  net.NodeSchemaLoader (NodeSchemaLoader.java:loadSchema(176)) - Loading network topology layer schema file
2024-08-19 16:24:40,324 [main] INFO  metrics.MetricRegistries (MetricRegistriesLoader.java:load(64)) - Loaded MetricRegistries class org.apache.ratis.metrics.dropwizard3.Dm3MetricRegistriesImpl
2024-08-19 16:24:40,336 [main] INFO  upgrade.AbstractLayoutVersionManager (AbstractLayoutVersionManager.java:init(83)) - Initializing Layout version manager with metadata layout = HBASE_SUPPORT (version = 8), software layout = HBASE_SUPPORT (version = 8)
2024-08-19 16:24:40,486 [main] INFO  ha.SequenceIdGenerator (SequenceIdGenerator.java:upgradeToSequenceId(369)) - upgrade localId to 113750153625600000
2024-08-19 16:24:40,488 [main] INFO  ha.SequenceIdGenerator (SequenceIdGenerator.java:upgradeToSequenceId(379)) - upgrade delTxnId to 0
2024-08-19 16:24:40,495 [main] INFO  ha.SequenceIdGenerator (SequenceIdGenerator.java:upgradeToSequenceId(396)) - upgrade containerId to 0
2024-08-19 16:24:40,498 [main] INFO  ha.SequenceIdGenerator (SequenceIdGenerator.java:upgradeToCertificateSequenceId(433)) - upgrade CertificateId to 2
2024-08-19 16:24:40,500 [main] INFO  ha.SequenceIdGenerator (SequenceIdGenerator.java:<init>(240)) - Init the HA SequenceIdGenerator.
2024-08-19 16:24:40,547 [main] WARN  server.ServerUtils (ServerUtils.java:sanitizeUserArgs(79)) - ozone.scm.stale.node.interval value = 300000 is larger than max = 100000 based on the key value of ozone.scm.heartbeat.thread.interval, reset to the max value 100000.
2024-08-19 16:24:40,548 [main] WARN  server.ServerUtils (ServerUtils.java:sanitizeUserArgs(79)) - ozone.scm.stale.node.interval value = 300000 is larger than max = 100000 based on the key value of ozone.scm.heartbeat.thread.interval, reset to the max value 100000.
2024-08-19 16:24:40,554 [main] INFO  node.SCMNodeManager (SCMNodeManager.java:<init>(178)) - Entering startup safe mode.
2024-08-19 16:24:40,567 [main] INFO  algorithms.ContainerPlacementPolicyFactory (ContainerPlacementPolicyFactory.java:getPolicyInternal(86)) - Create container placement policy of type org.apache.hadoop.hdds.scm.container.placement.algorithms.SCMContainerPlacementRackAware
2024-08-19 16:24:40,570 [main] INFO  algorithms.ContainerPlacementPolicyFactory (ContainerPlacementPolicyFactory.java:getPolicyInternal(86)) - Create container placement policy of type org.apache.hadoop.hdds.scm.container.placement.algorithms.SCMContainerPlacementRackScatter
2024-08-19 16:24:40,579 [main] INFO  pipeline.PipelineStateManagerImpl (PipelineStateManagerImpl.java:initialize(78)) - No pipeline exists in current db
2024-08-19 16:24:40,592 [main] INFO  algorithms.LeaderChoosePolicyFactory (LeaderChoosePolicyFactory.java:getPolicy(57)) - Create leader choose policy of type org.apache.hadoop.hdds.scm.pipeline.leader.choose.algorithms.MinLeaderCountChoosePolicy
2024-08-19 16:24:40,593 [main] INFO  algorithms.ContainerPlacementPolicyFactory (ContainerPlacementPolicyFactory.java:getPolicyInternal(86)) - Create container placement policy of type org.apache.hadoop.hdds.scm.container.placement.algorithms.SCMContainerPlacementRackScatter
2024-08-19 16:24:40,601 [main] INFO  ha.SCMServiceManager (SCMServiceManager.java:register(42)) - Registering service BackgroundPipelineCreator.
2024-08-19 16:24:40,601 [main] INFO  pipeline.BackgroundPipelineCreator (BackgroundPipelineCreator.java:start(127)) - Starting RatisPipelineUtilsThread.
2024-08-19 16:24:40,604 [main] INFO  BackgroundPipelineScrubber (BackgroundSCMService.java:start(65)) - Starting BackgroundPipelineScrubber Service.
2024-08-19 16:24:40,607 [main] INFO  ha.SCMServiceManager (SCMServiceManager.java:register(42)) - Registering service BackgroundPipelineScrubber.
2024-08-19 16:24:40,612 [main] INFO  ExpiredContainerReplicaOpScrubber (BackgroundSCMService.java:start(65)) - Starting ExpiredContainerReplicaOpScrubber Service.
2024-08-19 16:24:40,612 [main] INFO  ha.SCMServiceManager (SCMServiceManager.java:register(42)) - Registering service ExpiredContainerReplicaOpScrubber.
2024-08-19 16:24:40,633 [main] INFO  algorithms.PipelineChoosePolicyFactory (PipelineChoosePolicyFactory.java:createPipelineChoosePolicyFromClass(80)) - Create pipeline choose policy of type org.apache.hadoop.hdds.scm.pipeline.choose.algorithms.RandomPipelineChoosePolicy
2024-08-19 16:24:40,634 [main] INFO  algorithms.PipelineChoosePolicyFactory (PipelineChoosePolicyFactory.java:createPipelineChoosePolicyFromClass(80)) - Create pipeline choose policy of type org.apache.hadoop.hdds.scm.pipeline.choose.algorithms.RandomPipelineChoosePolicy
2024-08-19 16:24:40,656 [main] INFO  ha.SCMServiceManager (SCMServiceManager.java:register(42)) - Registering service SCMBlockDeletingService.
2024-08-19 16:24:40,706 [main] INFO  replication.ReplicationManager (ReplicationManager.java:start(296)) - Starting Replication Monitor Thread.
2024-08-19 16:24:40,708 [main] INFO  ha.SCMServiceManager (SCMServiceManager.java:register(42)) - Registering service ReplicationManager.
2024-08-19 16:24:40,715 [ReplicationMonitor] INFO  replication.ReplicationManager (ReplicationManager.java:processAll(373)) - Replication Manager is not ready to run until 3000ms after safemode exit
2024-08-19 16:24:40,725 [main] INFO  safemode.ContainerSafeModeRule (ContainerSafeModeRule.java:<init>(91)) - containers with one replica threshold count 0
2024-08-19 16:24:40,729 [main] INFO  safemode.HealthyPipelineSafeModeRule (HealthyPipelineSafeModeRule.java:initializeRule(176)) - Total pipeline count is 0, healthy pipeline threshold count is 1
2024-08-19 16:24:40,732 [main] INFO  safemode.OneReplicaPipelineSafeModeRule (OneReplicaPipelineSafeModeRule.java:initializeRule(193)) - Total pipeline count is 0, pipeline's with at least one datanode reported threshold count is 0
2024-08-19 16:24:40,744 [main] INFO  server.StorageContainerManager (StorageContainerManager.java:<init>(442)) - SCM start with adminUsers: [om]
2024-08-19 16:24:41,021 [main] INFO  audit.AuditLogger (AuditLogger.java:refreshDebugCmdSet(135)) - Refresh DebugCmdSet for SCMAudit to [].
2024-08-19 16:24:41,046 [main] INFO  ipc.CallQueueManager (CallQueueManager.java:<init>(90)) - Using callQueue: class java.util.concurrent.LinkedBlockingQueue, queueCapacity: 10000, scheduler: class org.apache.hadoop.ipc.DefaultRpcScheduler, ipcBackoff: false.
2024-08-19 16:24:41,088 [main] INFO  ipc.Server (Server.java:<init>(1287)) - Listener at 0.0.0.0:15002
2024-08-19 16:24:41,091 [Socket Reader #1 for port 15002] INFO  ipc.Server (Server.java:run(1323)) - Starting Socket Reader #1 for port 15002
2024-08-19 16:24:41,092 [Socket Reader #2 for port 15002] INFO  ipc.Server (Server.java:run(1323)) - Starting Socket Reader #2 for port 15002
2024-08-19 16:24:41,097 [Socket Reader #4 for port 15002] INFO  ipc.Server (Server.java:run(1323)) - Starting Socket Reader #4 for port 15002
2024-08-19 16:24:41,097 [Socket Reader #3 for port 15002] INFO  ipc.Server (Server.java:run(1323)) - Starting Socket Reader #3 for port 15002
2024-08-19 16:24:41,097 [Socket Reader #6 for port 15002] INFO  ipc.Server (Server.java:run(1323)) - Starting Socket Reader #6 for port 15002
2024-08-19 16:24:41,097 [Socket Reader #5 for port 15002] INFO  ipc.Server (Server.java:run(1323)) - Starting Socket Reader #5 for port 15002
2024-08-19 16:24:41,101 [Socket Reader #7 for port 15002] INFO  ipc.Server (Server.java:run(1323)) - Starting Socket Reader #7 for port 15002
2024-08-19 16:24:41,101 [Socket Reader #8 for port 15002] INFO  ipc.Server (Server.java:run(1323)) - Starting Socket Reader #8 for port 15002
2024-08-19 16:24:41,102 [Socket Reader #9 for port 15002] INFO  ipc.Server (Server.java:run(1323)) - Starting Socket Reader #9 for port 15002
2024-08-19 16:24:41,105 [Socket Reader #10 for port 15002] INFO  ipc.Server (Server.java:run(1323)) - Starting Socket Reader #10 for port 15002
2024-08-19 16:24:41,153 [main] INFO  audit.AuditLogger (AuditLogger.java:refreshDebugCmdSet(135)) - Refresh DebugCmdSet for SCMAudit to [].
2024-08-19 16:24:41,159 [main] INFO  ipc.CallQueueManager (CallQueueManager.java:<init>(90)) - Using callQueue: class java.util.concurrent.LinkedBlockingQueue, queueCapacity: 10000, scheduler: class org.apache.hadoop.ipc.DefaultRpcScheduler, ipcBackoff: false.
2024-08-19 16:24:41,160 [main] INFO  ipc.Server (Server.java:<init>(1287)) - Listener at 0.0.0.0:15001
2024-08-19 16:24:41,164 [Socket Reader #1 for port 15001] INFO  ipc.Server (Server.java:run(1323)) - Starting Socket Reader #1 for port 15001
2024-08-19 16:24:41,164 [Socket Reader #2 for port 15001] INFO  ipc.Server (Server.java:run(1323)) - Starting Socket Reader #2 for port 15001
2024-08-19 16:24:41,165 [Socket Reader #3 for port 15001] INFO  ipc.Server (Server.java:run(1323)) - Starting Socket Reader #3 for port 15001
2024-08-19 16:24:41,166 [Socket Reader #4 for port 15001] INFO  ipc.Server (Server.java:run(1323)) - Starting Socket Reader #4 for port 15001
2024-08-19 16:24:41,168 [Socket Reader #5 for port 15001] INFO  ipc.Server (Server.java:run(1323)) - Starting Socket Reader #5 for port 15001
2024-08-19 16:24:41,169 [Socket Reader #7 for port 15001] INFO  ipc.Server (Server.java:run(1323)) - Starting Socket Reader #7 for port 15001
2024-08-19 16:24:41,169 [Socket Reader #8 for port 15001] INFO  ipc.Server (Server.java:run(1323)) - Starting Socket Reader #8 for port 15001
2024-08-19 16:24:41,170 [Socket Reader #9 for port 15001] INFO  ipc.Server (Server.java:run(1323)) - Starting Socket Reader #9 for port 15001
2024-08-19 16:24:41,172 [Socket Reader #6 for port 15001] INFO  ipc.Server (Server.java:run(1323)) - Starting Socket Reader #6 for port 15001
2024-08-19 16:24:41,176 [Socket Reader #10 for port 15001] INFO  ipc.Server (Server.java:run(1323)) - Starting Socket Reader #10 for port 15001
2024-08-19 16:24:41,204 [main] INFO  audit.AuditLogger (AuditLogger.java:refreshDebugCmdSet(135)) - Refresh DebugCmdSet for SCMAudit to [].
2024-08-19 16:24:41,212 [main] INFO  ipc.CallQueueManager (CallQueueManager.java:<init>(90)) - Using callQueue: class java.util.concurrent.LinkedBlockingQueue, queueCapacity: 10000, scheduler: class org.apache.hadoop.ipc.DefaultRpcScheduler, ipcBackoff: false.
2024-08-19 16:24:41,213 [main] INFO  ipc.Server (Server.java:<init>(1287)) - Listener at 0.0.0.0:15000
2024-08-19 16:24:41,214 [Socket Reader #1 for port 15000] INFO  ipc.Server (Server.java:run(1323)) - Starting Socket Reader #1 for port 15000
2024-08-19 16:24:41,214 [Socket Reader #2 for port 15000] INFO  ipc.Server (Server.java:run(1323)) - Starting Socket Reader #2 for port 15000
2024-08-19 16:24:41,214 [Socket Reader #3 for port 15000] INFO  ipc.Server (Server.java:run(1323)) - Starting Socket Reader #3 for port 15000
2024-08-19 16:24:41,215 [Socket Reader #4 for port 15000] INFO  ipc.Server (Server.java:run(1323)) - Starting Socket Reader #4 for port 15000
2024-08-19 16:24:41,215 [Socket Reader #5 for port 15000] INFO  ipc.Server (Server.java:run(1323)) - Starting Socket Reader #5 for port 15000
2024-08-19 16:24:41,215 [Socket Reader #6 for port 15000] INFO  ipc.Server (Server.java:run(1323)) - Starting Socket Reader #6 for port 15000
2024-08-19 16:24:41,216 [Socket Reader #7 for port 15000] INFO  ipc.Server (Server.java:run(1323)) - Starting Socket Reader #7 for port 15000
2024-08-19 16:24:41,219 [Socket Reader #8 for port 15000] INFO  ipc.Server (Server.java:run(1323)) - Starting Socket Reader #8 for port 15000
2024-08-19 16:24:41,220 [Socket Reader #9 for port 15000] INFO  ipc.Server (Server.java:run(1323)) - Starting Socket Reader #9 for port 15000
2024-08-19 16:24:41,220 [Socket Reader #10 for port 15000] INFO  ipc.Server (Server.java:run(1323)) - Starting Socket Reader #10 for port 15000
2024-08-19 16:24:41,261 [main] INFO  ha.SCMServiceManager (SCMServiceManager.java:register(42)) - Registering service ContainerBalancer.
2024-08-19 16:24:41,261 [main] INFO  ha.SCMContext (SCMContext.java:updateSafeModeStatus(225)) - Update SafeModeStatus from SafeModeStatus{safeModeStatus=true, preCheckPassed=false} to SafeModeStatus{safeModeStatus=true, preCheckPassed=false}.
2024-08-19 16:24:41,264 [main] INFO  server.StorageContainerManager (StorageContainerManager.java:start(1543)) - StorageContainerLocationProtocol RPC server is listening at /0.0.0.0:15000
2024-08-19 16:24:41,307 [main] WARN  impl.MetricsConfig (MetricsConfig.java:loadFirst(136)) - Cannot locate configuration: tried hadoop-metrics2-storagecontainermanager.properties,hadoop-metrics2.properties
2024-08-19 16:24:41,316 [main] INFO  impl.MetricsSystemImpl (MetricsSystemImpl.java:startTimer(378)) - Scheduled Metric snapshot period at 10 second(s).
2024-08-19 16:24:41,318 [main] INFO  impl.MetricsSystemImpl (MetricsSystemImpl.java:start(191)) - StorageContainerManager metrics system started
2024-08-19 16:24:41,427 [main] INFO  server.SCMClientProtocolServer (SCMClientProtocolServer.java:start(213)) - RPC server for Client  is listening at /0.0.0.0:15000
2024-08-19 16:24:41,428 [IPC Server Responder] INFO  ipc.Server (Server.java:run(1562)) - IPC Server Responder: starting
2024-08-19 16:24:41,428 [IPC Server listener on 15000] INFO  ipc.Server (Server.java:run(1402)) - IPC Server listener on 15000: starting
2024-08-19 16:24:41,446 [main] INFO  server.StorageContainerManager (StorageContainerManager.java:start(1556)) - ScmBlockLocationProtocol RPC server is listening at /0.0.0.0:15001
2024-08-19 16:24:41,447 [main] INFO  server.SCMBlockProtocolServer (SCMBlockProtocolServer.java:start(172)) - RPC server for Block Protocol is listening at /0.0.0.0:15001
2024-08-19 16:24:41,448 [IPC Server Responder] INFO  ipc.Server (Server.java:run(1562)) - IPC Server Responder: starting
2024-08-19 16:24:41,451 [IPC Server listener on 15001] INFO  ipc.Server (Server.java:run(1402)) - IPC Server listener on 15001: starting
2024-08-19 16:24:41,466 [main] INFO  server.SCMDatanodeProtocolServer (SCMDatanodeProtocolServer.java:start(199)) - ScmDatanodeProtocol RPC server for DataNodes is listening at /0.0.0.0:15002
2024-08-19 16:24:41,467 [IPC Server Responder] INFO  ipc.Server (Server.java:run(1562)) - IPC Server Responder: starting
2024-08-19 16:24:41,467 [IPC Server listener on 15002] INFO  ipc.Server (Server.java:run(1402)) - IPC Server listener on 15002: starting
2024-08-19 16:24:41,490 [JvmPauseMonitor0] INFO  util.JvmPauseMonitor (JvmPauseMonitor.java:run(146)) - JvmPauseMonitor-c8866a0b-033d-4dd2-ba7b-c9313b321ea2: Started
2024-08-19 16:24:41,499 [main] INFO  http.BaseHttpServer (BaseHttpServer.java:newHttpServer2BuilderForOzone(223)) - Starting Web-server for scm at: http://0.0.0.0:15003
2024-08-19 16:24:41,499 [main] INFO  http.BaseHttpServer (BaseHttpServer.java:<init>(110)) - Hadoop Security Enabled: false Ozone Security Enabled: false Ozone HTTP Security Enabled: false 
2024-08-19 16:24:41,526 [main] INFO  util.log (Log.java:initialized(170)) - Logging initialized @3689ms to org.eclipse.jetty.util.log.Slf4jLog
2024-08-19 16:24:41,611 [main] WARN  server.AuthenticationFilter (AuthenticationFilter.java:constructSecretProvider(240)) - Unable to initialize FileSignerSecretProvider, falling back to use random secrets. Reason: Could not read signature secret file: /home/runner/hadoop-http-auth-signature-secret
2024-08-19 16:24:41,617 [main] INFO  http.HttpRequestLog (HttpRequestLog.java:getRequestLog(86)) - Http request log for http.requests.scm is not defined
2024-08-19 16:24:41,625 [main] INFO  http.HttpServer2 (HttpServer2.java:addGlobalFilter(1035)) - Added global filter 'safety' (class=org.apache.hadoop.hdds.server.http.HttpServer2$QuotingInputFilter)
2024-08-19 16:24:41,628 [main] INFO  http.HttpServer2 (HttpServer2.java:addFilter(1011)) - Added filter static_user_filter (class=org.apache.hadoop.http.lib.StaticUserWebFilter$StaticUserFilter) to context scm
2024-08-19 16:24:41,629 [main] INFO  http.HttpServer2 (HttpServer2.java:addFilter(1019)) - Added filter static_user_filter (class=org.apache.hadoop.http.lib.StaticUserWebFilter$StaticUserFilter) to context logs
2024-08-19 16:24:41,630 [main] INFO  http.HttpServer2 (HttpServer2.java:addFilter(1019)) - Added filter static_user_filter (class=org.apache.hadoop.http.lib.StaticUserWebFilter$StaticUserFilter) to context static
2024-08-19 16:24:41,662 [main] INFO  http.BaseHttpServer (BaseHttpServer.java:<init>(189)) - HTTP server of scm uses base directory /home/runner/work/ozone/ozone/hadoop-ozone/integration-test/target/test-dir/MiniOzoneClusterImpl-37a79142-3d3b-4256-8e35-bf5503c8d171/ozone-meta/webserver
2024-08-19 16:24:41,663 [main] INFO  http.HttpServer2 (HttpServer2.java:bindListener(1235)) - Jetty bound to port 15003
2024-08-19 16:24:41,665 [main] INFO  server.Server (Server.java:doStart(375)) - jetty-9.4.55.v20240627; built: 2024-06-27T15:05:37.765Z; git: 70015831e5195ba74da6383c4ab7c90c56bb08af; jvm 17.0.12+7
2024-08-19 16:24:41,694 [main] INFO  server.session (DefaultSessionIdManager.java:doStart(334)) - DefaultSessionIdManager workerName=node0
2024-08-19 16:24:41,695 [main] INFO  server.session (DefaultSessionIdManager.java:doStart(339)) - No SessionScavenger set, using defaults
2024-08-19 16:24:41,696 [main] INFO  server.session (HouseKeeper.java:startScavenging(132)) - node0 Scavenging every 660000ms
2024-08-19 16:24:41,706 [main] INFO  handler.ContextHandler (ContextHandler.java:doStart(921)) - Started o.e.j.s.ServletContextHandler@5ab3f611{logs,/logs,file:///home/runner/work/ozone/ozone/hadoop-ozone/integration-test/target/log,AVAILABLE}
2024-08-19 16:24:41,707 [main] INFO  handler.ContextHandler (ContextHandler.java:doStart(921)) - Started o.e.j.s.ServletContextHandler@24536f07{static,/static,file:///home/runner/work/ozone/ozone/hadoop-ozone/integration-test/target/test-classes/webapps/static,AVAILABLE}
2024-08-19 16:24:41,745 [main] INFO  handler.ContextHandler (ContextHandler.java:doStart(921)) - Started o.e.j.w.WebAppContext@3c65f2e1{scm,/,file:///home/runner/work/ozone/ozone/hadoop-ozone/integration-test/target/test-classes/webapps/scm/,AVAILABLE}{file:/home/runner/work/ozone/ozone/hadoop-ozone/integration-test/target/test-classes/webapps/scm}
2024-08-19 16:24:41,751 [main] INFO  server.AbstractConnector (AbstractConnector.java:doStart(333)) - Started ServerConnector@1fdd5517{HTTP/1.1, (http/1.1)}{0.0.0.0:15003}
2024-08-19 16:24:41,752 [main] INFO  server.Server (Server.java:doStart(415)) - Started @3915ms
2024-08-19 16:24:41,755 [main] INFO  impl.MetricsSinkAdapter (MetricsSinkAdapter.java:start(204)) - Sink prometheus started
2024-08-19 16:24:41,756 [main] INFO  impl.MetricsSystemImpl (MetricsSystemImpl.java:registerSink(305)) - Registered sink prometheus
2024-08-19 16:24:41,757 [main] INFO  http.BaseHttpServer (BaseHttpServer.java:updateConnectorAddress(354)) - HTTP server of scm listening at http://0.0.0.0:15003
2024-08-19 16:24:41,769 [main] INFO  db.CodecBuffer (CodecBuffer.java:set(63)) - Successfully set constructor to org.apache.hadoop.hdds.utils.db.CodecBuffer$$Lambda$807/0x00007fbcd854a608@65f36591
2024-08-19 16:24:42,828 [main] INFO  audit.AuditLogger (AuditLogger.java:refreshDebugCmdSet(135)) - Refresh DebugCmdSet for OMAudit to [].
2024-08-19 16:24:42,875 [main] INFO  audit.AuditLogger (AuditLogger.java:refreshDebugCmdSet(135)) - Refresh DebugCmdSet for OMSystemAudit to [].
2024-08-19 16:24:42,945 [main] INFO  ha.OMHANodeDetails (OMHANodeDetails.java:loadOMHAConfig(121)) - ServiceID for OzoneManager is om-service-test-119956671688358005812748547078432
2024-08-19 16:24:42,957 [main] INFO  ha.OMHANodeDetails (OMHANodeDetails.java:loadOMHAConfig(201)) - Found matching OM address with OMServiceId: om-service-test-119956671688358005812748547078432, OMNodeId: omNode-1, RPC Address: localhost:15004 and Ratis port: 15007
2024-08-19 16:24:42,959 [main] INFO  ha.OMHANodeDetails (ConfUtils.java:setNodeSpecificConfigs(97)) - Setting configuration key ozone.om.http-address with value of key ozone.om.http-address.om-service-test-119956671688358005812748547078432.omNode-1: 127.0.0.1:15005
2024-08-19 16:24:42,960 [main] INFO  ha.OMHANodeDetails (ConfUtils.java:setNodeSpecificConfigs(97)) - Setting configuration key ozone.om.https-address with value of key ozone.om.https-address.om-service-test-119956671688358005812748547078432.omNode-1: 127.0.0.1:15006
2024-08-19 16:24:42,961 [main] INFO  ha.OMHANodeDetails (ConfUtils.java:setNodeSpecificConfigs(97)) - Setting configuration key ozone.om.address with value of key ozone.om.address.om-service-test-119956671688358005812748547078432.omNode-1: 127.0.0.1:15004
2024-08-19 16:24:42,966 [main] WARN  server.ServerUtils (ServerUtils.java:getDBPath(299)) - ozone.om.db.dirs is not configured. We recommend adding this setting. Falling back to ozone.metadata.dirs instead.
2024-08-19 16:24:42,988 [main] INFO  proxy.SCMBlockLocationFailoverProxyProvider (SCMBlockLocationFailoverProxyProvider.java:<init>(115)) - Created block location fail-over proxy with 1 nodes: [nodeId=scmNodeId,nodeAddress=/0.0.0.0:15001]
OM initialization succeeded.Current cluster id for sd=/home/runner/work/ozone/ozone/hadoop-ozone/integration-test/target/test-dir/MiniOzoneClusterImpl-37a79142-3d3b-4256-8e35-bf5503c8d171/omNode-1/om;cid=37a79142-3d3b-4256-8e35-bf5503c8d171;layoutVersion=7
2024-08-19 16:24:43,279 [main] INFO  ha.OMHANodeDetails (OMHANodeDetails.java:loadOMHAConfig(121)) - ServiceID for OzoneManager is om-service-test-119956671688358005812748547078432
2024-08-19 16:24:43,280 [main] INFO  ha.OMHANodeDetails (OMHANodeDetails.java:loadOMHAConfig(201)) - Found matching OM address with OMServiceId: om-service-test-119956671688358005812748547078432, OMNodeId: omNode-1, RPC Address: localhost:15004 and Ratis port: 15007
2024-08-19 16:24:43,280 [main] INFO  ha.OMHANodeDetails (ConfUtils.java:setNodeSpecificConfigs(97)) - Setting configuration key ozone.om.http-address with value of key ozone.om.http-address.om-service-test-119956671688358005812748547078432.omNode-1: 127.0.0.1:15005
2024-08-19 16:24:43,281 [main] INFO  ha.OMHANodeDetails (ConfUtils.java:setNodeSpecificConfigs(97)) - Setting configuration key ozone.om.https-address with value of key ozone.om.https-address.om-service-test-119956671688358005812748547078432.omNode-1: 127.0.0.1:15006
2024-08-19 16:24:43,281 [main] INFO  ha.OMHANodeDetails (ConfUtils.java:setNodeSpecificConfigs(97)) - Setting configuration key ozone.om.address with value of key ozone.om.address.om-service-test-119956671688358005812748547078432.omNode-1: 127.0.0.1:15004
2024-08-19 16:24:43,282 [main] WARN  server.ServerUtils (ServerUtils.java:getDBPath(299)) - ozone.om.db.dirs is not configured. We recommend adding this setting. Falling back to ozone.metadata.dirs instead.
2024-08-19 16:24:43,288 [main] INFO  upgrade.AbstractLayoutVersionManager (AbstractLayoutVersionManager.java:init(83)) - Initializing Layout version manager with metadata layout = HBASE_SUPPORT (version = 7), software layout = HBASE_SUPPORT (version = 7)
2024-08-19 16:24:43,574 [main] INFO  reflections.Reflections (Reflections.java:scan(219)) - Reflections took 282 ms to scan 2 urls, producing 188 keys and 549 values
2024-08-19 16:24:43,581 [main] INFO  upgrade.OMLayoutVersionManager (OMLayoutVersionManager.java:lambda$0(113)) - Skipping Upgrade Action QuotaRepairUpgradeAction since it has been finalized.
2024-08-19 16:24:43,583 [main] INFO  upgrade.OMLayoutVersionManager (OMLayoutVersionManager.java:lambda$0(113)) - Skipping Upgrade Action MockOmUpgradeAction since it has been finalized.
2024-08-19 16:24:43,586 [main] WARN  server.ServerUtils (ServerUtils.java:getDBPath(299)) - ozone.om.db.dirs is not configured. We recommend adding this setting. Falling back to ozone.metadata.dirs instead.
2024-08-19 16:24:43,770 [main] INFO  proxy.SCMBlockLocationFailoverProxyProvider (SCMBlockLocationFailoverProxyProvider.java:<init>(115)) - Created block location fail-over proxy with 1 nodes: [nodeId=scmNodeId,nodeAddress=/0.0.0.0:15001]
2024-08-19 16:24:43,788 [main] INFO  proxy.SCMBlockLocationFailoverProxyProvider (SCMBlockLocationFailoverProxyProvider.java:<init>(115)) - Created block location fail-over proxy with 1 nodes: [nodeId=scmNodeId,nodeAddress=/0.0.0.0:15001]
2024-08-19 16:24:43,831 [main] INFO  om.OzoneManager (OzoneManager.java:<init>(690)) - OM start with adminUsers: [om]
2024-08-19 16:24:43,871 [main] WARN  server.ServerUtils (ServerUtils.java:getDBPath(299)) - ozone.om.db.dirs is not configured. We recommend adding this setting. Falling back to ozone.metadata.dirs instead.
2024-08-19 16:24:43,908 [main] INFO  helpers.OmKeyInfo (OmKeyInfo.java:getCodec(72)) - OmKeyInfo.getCodec ignorePipeline = true
2024-08-19 16:24:44,218 [main] INFO  om.OzoneManager (OzoneManager.java:instantiateServices(824)) - S3 Multi-Tenancy is disabled
2024-08-19 16:24:44,268 [main] INFO  om.OmSnapshotManager (OmSnapshotManager.java:<init>(180)) - Ozone filesystem snapshot feature is enabled.
2024-08-19 16:24:44,277 [main] WARN  server.ServerUtils (ServerUtils.java:getDBPath(299)) - ozone.om.snapshot.diff.db.dir is not configured. We recommend adding this setting. Falling back to ozone.metadata.dirs instead.
2024-08-19 16:24:44,324 [main] INFO  utils.NativeLibraryLoader (NativeLibraryLoader.java:loadLibrary(111)) - Loading Library: ozone_rocksdb_tools
2024-08-19 16:24:44,326 [main] ERROR snapshot.SnapshotDiffManager (SnapshotDiffManager.java:initNativeLibraryForEfficientDiff(287)) - Native Library for raw sst file reading loading failed.
org.apache.hadoop.hdds.utils.NativeLibraryNotLoadedException: Unable to load library ozone_rocksdb_tools from both java.library.path & resource file libozone_rocksdb_tools.so from jar.
	at org.apache.hadoop.hdds.utils.db.managed.ManagedRawSSTFileReader.loadLibrary(ManagedRawSSTFileReader.java:40)
	at org.apache.hadoop.ozone.om.snapshot.SnapshotDiffManager.initNativeLibraryForEfficientDiff(SnapshotDiffManager.java:285)
	at org.apache.hadoop.ozone.om.snapshot.SnapshotDiffManager.<init>(SnapshotDiffManager.java:259)
	at org.apache.hadoop.ozone.om.OmSnapshotManager.<init>(OmSnapshotManager.java:287)
	at org.apache.hadoop.ozone.om.OzoneManager.instantiateServices(OzoneManager.java:876)
	at org.apache.hadoop.ozone.om.OzoneManager.<init>(OzoneManager.java:700)
	at org.apache.hadoop.ozone.om.OzoneManager.createOm(OzoneManager.java:787)
	at org.apache.hadoop.ozone.MiniOzoneHAClusterImpl$Builder.createOMService(MiniOzoneHAClusterImpl.java:510)
	at org.apache.hadoop.ozone.MiniOzoneHAClusterImpl$Builder.build(MiniOzoneHAClusterImpl.java:425)
	at org.apache.hadoop.ozone.om.snapshot.TestOzoneManagerSnapshotAcl.init(TestOzoneManagerSnapshotAcl.java:116)
	at java.base/jdk.internal.reflect.NativeMethodAccessorImpl.invoke0(Native Method)
	at java.base/jdk.internal.reflect.NativeMethodAccessorImpl.invoke(NativeMethodAccessorImpl.java:77)
	at java.base/jdk.internal.reflect.DelegatingMethodAccessorImpl.invoke(DelegatingMethodAccessorImpl.java:43)
	at java.base/java.lang.reflect.Method.invoke(Method.java:569)
	at org.junit.platform.commons.util.ReflectionUtils.invokeMethod(ReflectionUtils.java:728)
	at org.junit.jupiter.engine.execution.MethodInvocation.proceed(MethodInvocation.java:60)
	at org.junit.jupiter.engine.execution.InvocationInterceptorChain$ValidatingInvocation.proceed(InvocationInterceptorChain.java:131)
	at org.junit.jupiter.engine.extension.TimeoutExtension.intercept(TimeoutExtension.java:156)
	at org.junit.jupiter.engine.extension.TimeoutExtension.interceptLifecycleMethod(TimeoutExtension.java:128)
	at org.junit.jupiter.engine.extension.TimeoutExtension.interceptBeforeAllMethod(TimeoutExtension.java:70)
	at org.junit.jupiter.engine.execution.InterceptingExecutableInvoker$ReflectiveInterceptorCall.lambda$ofVoidMethod$0(InterceptingExecutableInvoker.java:103)
	at org.junit.jupiter.engine.execution.InterceptingExecutableInvoker.lambda$invoke$0(InterceptingExecutableInvoker.java:93)
	at org.junit.jupiter.engine.execution.InvocationInterceptorChain$InterceptedInvocation.proceed(InvocationInterceptorChain.java:106)
	at org.junit.jupiter.engine.execution.InvocationInterceptorChain.proceed(InvocationInterceptorChain.java:64)
	at org.junit.jupiter.engine.execution.InvocationInterceptorChain.chainAndInvoke(InvocationInterceptorChain.java:45)
	at org.junit.jupiter.engine.execution.InvocationInterceptorChain.invoke(InvocationInterceptorChain.java:37)
	at org.junit.jupiter.engine.execution.InterceptingExecutableInvoker.invoke(InterceptingExecutableInvoker.java:92)
	at org.junit.jupiter.engine.execution.InterceptingExecutableInvoker.invoke(InterceptingExecutableInvoker.java:86)
	at org.junit.jupiter.engine.descriptor.ClassBasedTestDescriptor.lambda$invokeBeforeAllMethods$13(ClassBasedTestDescriptor.java:412)
	at org.junit.platform.engine.support.hierarchical.ThrowableCollector.execute(ThrowableCollector.java:73)
	at org.junit.jupiter.engine.descriptor.ClassBasedTestDescriptor.invokeBeforeAllMethods(ClassBasedTestDescriptor.java:410)
	at org.junit.jupiter.engine.descriptor.ClassBasedTestDescriptor.before(ClassBasedTestDescriptor.java:216)
	at org.junit.jupiter.engine.descriptor.ClassBasedTestDescriptor.before(ClassBasedTestDescriptor.java:85)
	at org.junit.platform.engine.support.hierarchical.NodeTestTask.lambda$executeRecursively$6(NodeTestTask.java:148)
	at org.junit.platform.engine.support.hierarchical.ThrowableCollector.execute(ThrowableCollector.java:73)
	at org.junit.platform.engine.support.hierarchical.NodeTestTask.lambda$executeRecursively$8(NodeTestTask.java:141)
	at org.junit.platform.engine.support.hierarchical.Node.around(Node.java:137)
	at org.junit.platform.engine.support.hierarchical.NodeTestTask.lambda$executeRecursively$9(NodeTestTask.java:139)
	at org.junit.platform.engine.support.hierarchical.ThrowableCollector.execute(ThrowableCollector.java:73)
	at org.junit.platform.engine.support.hierarchical.NodeTestTask.executeRecursively(NodeTestTask.java:138)
	at org.junit.platform.engine.support.hierarchical.NodeTestTask.execute(NodeTestTask.java:95)
	at java.base/java.util.ArrayList.forEach(ArrayList.java:1511)
	at org.junit.platform.engine.support.hierarchical.SameThreadHierarchicalTestExecutorService.invokeAll(SameThreadHierarchicalTestExecutorService.java:41)
	at org.junit.platform.engine.support.hierarchical.NodeTestTask.lambda$executeRecursively$6(NodeTestTask.java:155)
	at org.junit.platform.engine.support.hierarchical.ThrowableCollector.execute(ThrowableCollector.java:73)
	at org.junit.platform.engine.support.hierarchical.NodeTestTask.lambda$executeRecursively$8(NodeTestTask.java:141)
	at org.junit.platform.engine.support.hierarchical.Node.around(Node.java:137)
	at org.junit.platform.engine.support.hierarchical.NodeTestTask.lambda$executeRecursively$9(NodeTestTask.java:139)
	at org.junit.platform.engine.support.hierarchical.ThrowableCollector.execute(ThrowableCollector.java:73)
	at org.junit.platform.engine.support.hierarchical.NodeTestTask.executeRecursively(NodeTestTask.java:138)
	at org.junit.platform.engine.support.hierarchical.NodeTestTask.execute(NodeTestTask.java:95)
	at org.junit.platform.engine.support.hierarchical.SameThreadHierarchicalTestExecutorService.submit(SameThreadHierarchicalTestExecutorService.java:35)
	at org.junit.platform.engine.support.hierarchical.HierarchicalTestExecutor.execute(HierarchicalTestExecutor.java:57)
	at org.junit.platform.engine.support.hierarchical.HierarchicalTestEngine.execute(HierarchicalTestEngine.java:54)
	at org.junit.platform.launcher.core.EngineExecutionOrchestrator.execute(EngineExecutionOrchestrator.java:198)
	at org.junit.platform.launcher.core.EngineExecutionOrchestrator.execute(EngineExecutionOrchestrator.java:169)
	at org.junit.platform.launcher.core.EngineExecutionOrchestrator.execute(EngineExecutionOrchestrator.java:93)
	at org.junit.platform.launcher.core.EngineExecutionOrchestrator.lambda$execute$0(EngineExecutionOrchestrator.java:58)
	at org.junit.platform.launcher.core.EngineExecutionOrchestrator.withInterceptedStreams(EngineExecutionOrchestrator.java:141)
	at org.junit.platform.launcher.core.EngineExecutionOrchestrator.execute(EngineExecutionOrchestrator.java:57)
	at org.junit.platform.launcher.core.DefaultLauncher.execute(DefaultLauncher.java:103)
	at org.junit.platform.launcher.core.DefaultLauncher.execute(DefaultLauncher.java:85)
	at org.junit.platform.launcher.core.DelegatingLauncher.execute(DelegatingLauncher.java:47)
	at org.junit.platform.launcher.core.SessionPerRequestLauncher.execute(SessionPerRequestLauncher.java:63)
	at org.apache.maven.surefire.junitplatform.JUnitPlatformProvider.invokeAllTests(JUnitPlatformProvider.java:154)
	at org.apache.maven.surefire.junitplatform.JUnitPlatformProvider.invoke(JUnitPlatformProvider.java:123)
	at org.apache.maven.surefire.booter.ForkedBooter.runSuitesInProcess(ForkedBooter.java:377)
	at org.apache.maven.surefire.booter.ForkedBooter.execute(ForkedBooter.java:138)
	at org.apache.maven.surefire.booter.ForkedBooter.run(ForkedBooter.java:465)
	at org.apache.maven.surefire.booter.ForkedBooter.main(ForkedBooter.java:451)
2024-08-19 16:24:44,378 [main] INFO  om.OzoneManager (OzoneManager.java:addS3GVolumeToDB(4577)) - Created Volume s3v With Owner om required for S3Gateway operations.
2024-08-19 16:24:44,487 [main] WARN  server.ServerUtils (ServerUtils.java:getDefaultRatisDirectory(311)) - Storage directory for Ratis is not configured. It is a good idea to map this to an SSD disk. Falling back to ozone.metadata.dirs
2024-08-19 16:24:44,489 [main] WARN  utils.OzoneManagerRatisUtils (OzoneManagerRatisUtils.java:getOMRatisSnapshotDirectory(475)) - ozone.om.ratis.snapshot.dir is not configured. Falling back to ozone.metadata.dirs config
2024-08-19 16:24:44,503 [main] WARN  server.ServerUtils (ServerUtils.java:getDefaultRatisDirectory(311)) - Storage directory for Ratis is not configured. It is a good idea to map this to an SSD disk. Falling back to ozone.metadata.dirs
2024-08-19 16:24:44,521 [main] INFO  server.RaftServerConfigKeys (ConfUtils.java:logGet(46)) - raft.server.log.appender.buffer.byte-limit = 4194304 (custom)
2024-08-19 16:24:44,552 [main] INFO  ratis.OzoneManagerRatisServer (OzoneManagerRatisServer.java:<init>(169)) - Instantiating OM Ratis server with groupID: om-service-test-119956671688358005812748547078432 and peers: localhost:15007
2024-08-19 16:24:44,566 [main] INFO  ratis.OzoneManagerStateMachine (OzoneManagerStateMachine.java:loadSnapshotInfoFromDB(593)) - TransactionInfo not found in OM DB.
2024-08-19 16:24:44,659 [main] INFO  server.RaftServer (ConfUtils.java:logGet(46)) - raft.rpc.type = GRPC (default)
2024-08-19 16:24:44,665 [main] INFO  grpc.GrpcConfigKeys (ConfUtils.java:logFallback(53)) - raft.grpc.admin.host = null (fallback to raft.grpc.server.host)
2024-08-19 16:24:44,667 [main] INFO  grpc.GrpcConfigKeys (ConfUtils.java:logFallback(53)) - raft.grpc.admin.port = 15007 (fallback to raft.grpc.server.port)
2024-08-19 16:24:44,668 [main] INFO  grpc.GrpcConfigKeys (ConfUtils.java:logFallback(53)) - raft.grpc.client.host = null (fallback to raft.grpc.server.host)
2024-08-19 16:24:44,668 [main] INFO  grpc.GrpcConfigKeys (ConfUtils.java:logFallback(53)) - raft.grpc.client.port = 15007 (fallback to raft.grpc.server.port)
2024-08-19 16:24:44,669 [main] INFO  grpc.GrpcConfigKeys (ConfUtils.java:logGet(46)) - raft.grpc.server.host = null (default)
2024-08-19 16:24:44,669 [main] INFO  grpc.GrpcConfigKeys (ConfUtils.java:logGet(46)) - raft.grpc.server.port = 15007 (custom)
2024-08-19 16:24:44,671 [main] INFO  server.GrpcService (ConfUtils.java:logGet(46)) - raft.grpc.message.size.max = 5242880 (custom)
2024-08-19 16:24:44,671 [main] INFO  server.RaftServerConfigKeys (ConfUtils.java:logGet(46)) - raft.server.log.appender.buffer.byte-limit = 4194304 (custom)
2024-08-19 16:24:44,673 [main] INFO  server.GrpcService (ConfUtils.java:logGet(46)) - raft.grpc.flow.control.window = 1MB (=1048576) (default)
2024-08-19 16:24:44,673 [main] INFO  server.RaftServerConfigKeys (ConfUtils.java:logGet(46)) - raft.server.rpc.request.timeout = 3000ms (default)
2024-08-19 16:24:44,681 [main] INFO  grpc.GrpcConfigKeys (ConfUtils.java:logGet(46)) - raft.grpc.server.heartbeat.channel = true (default)
2024-08-19 16:24:44,685 [main] INFO  grpc.GrpcConfigKeys (ConfUtils.java:logGet(46)) - raft.grpc.server.async.request.thread.pool.cached = true (default)
2024-08-19 16:24:44,686 [main] INFO  grpc.GrpcConfigKeys (ConfUtils.java:logGet(46)) - raft.grpc.server.async.request.thread.pool.size = 32 (default)
2024-08-19 16:24:44,830 [main] INFO  impl.DataStreamServerImpl (ConfUtils.java:logGet(46)) - raft.datastream.type = DISABLED (default)
2024-08-19 16:24:44,833 [main] INFO  server.RaftServerConfigKeys (ConfUtils.java:logGet(46)) - raft.server.sleep.deviation.threshold = 300ms (default)
2024-08-19 16:24:44,834 [main] INFO  server.RaftServerConfigKeys (ConfUtils.java:logGet(46)) - raft.server.close.threshold = 60s (default)
2024-08-19 16:24:44,835 [main] INFO  server.RaftServerConfigKeys (ConfUtils.java:logGet(46)) - raft.server.leaderelection.leader.step-down.wait-time = 10s (default)
2024-08-19 16:24:44,837 [main] INFO  server.RaftServerConfigKeys (ConfUtils.java:logGet(46)) - raft.server.storage.dir = [/home/runner/work/ozone/ozone/hadoop-ozone/integration-test/target/test-dir/MiniOzoneClusterImpl-37a79142-3d3b-4256-8e35-bf5503c8d171/omNode-1/ratis] (custom)
2024-08-19 16:24:44,839 [main] INFO  server.RaftServerConfigKeys (ConfUtils.java:logGet(46)) - raft.server.threadpool.proxy.cached = true (default)
2024-08-19 16:24:44,839 [main] INFO  server.RaftServerConfigKeys (ConfUtils.java:logGet(46)) - raft.server.threadpool.proxy.size = 0 (default)
2024-08-19 16:24:44,847 [main] INFO  server.RaftServer (RaftServerProxy.java:addNew(101)) - omNode-1: addNew group-223341BB0309:[omNode-1|localhost:15007] returns group-223341BB0309:java.util.concurrent.CompletableFuture@1278c48f[Not completed]
2024-08-19 16:24:44,847 [main] INFO  om.OzoneManager (OzoneManager.java:initializeRatisServer(2192)) - OzoneManager Ratis server initialized at port 15007
2024-08-19 16:24:44,851 [main] INFO  om.OzoneManager (OzoneManager.java:getRpcServer(1240)) - Creating RPC Server
2024-08-19 16:24:44,858 [omNode-1-groupManagement] INFO  server.RaftServer$Division (RaftServerImpl.java:<init>(253)) - omNode-1: new RaftServerImpl for group-223341BB0309:[omNode-1|localhost:15007] with OzoneManagerStateMachine:uninitialized
2024-08-19 16:24:44,862 [omNode-1-groupManagement] INFO  server.RaftServerConfigKeys (ConfUtils.java:logGet(46)) - raft.server.rpc.timeout.min = 1s (custom)
2024-08-19 16:24:44,863 [omNode-1-groupManagement] INFO  server.RaftServerConfigKeys (ConfUtils.java:logGet(46)) - raft.server.rpc.timeout.max = 1200ms (custom)
2024-08-19 16:24:44,863 [omNode-1-groupManagement] INFO  server.RaftServerConfigKeys (ConfUtils.java:logGet(46)) - raft.server.rpc.sleep.time = 25ms (default)
2024-08-19 16:24:44,863 [omNode-1-groupManagement] INFO  server.RaftServerConfigKeys (ConfUtils.java:logGet(46)) - raft.server.rpc.slowness.timeout = 2s (custom)
2024-08-19 16:24:44,864 [omNode-1-groupManagement] INFO  server.RaftServerConfigKeys (ConfUtils.java:logGet(46)) - raft.server.leaderelection.leader.step-down.wait-time = 10s (default)
2024-08-19 16:24:44,865 [omNode-1-groupManagement] INFO  server.RaftServerConfigKeys (ConfUtils.java:logGet(46)) - raft.server.leaderelection.member.majority-add = false (default)
2024-08-19 16:24:44,866 [omNode-1-groupManagement] INFO  server.RaftServerConfigKeys (ConfUtils.java:logGet(46)) - raft.server.sleep.deviation.threshold = 300ms (default)
2024-08-19 16:24:44,873 [omNode-1-groupManagement] INFO  server.RaftServer$Division (ServerState.java:<init>(114)) - omNode-1@group-223341BB0309: ConfigurationManager, init=conf: {index: -1, cur=peers:[omNode-1|localhost:15007]|listeners:[], old=null}, confs=<EMPTY_MAP>
2024-08-19 16:24:44,881 [omNode-1-groupManagement] INFO  server.RaftServerConfigKeys (ConfUtils.java:logGet(46)) - raft.server.notification.no-leader.timeout = 2s (custom)
2024-08-19 16:24:44,884 [omNode-1-groupManagement] INFO  server.RaftServerConfigKeys (ConfUtils.java:logGet(46)) - raft.server.read.timeout = 10s (default)
2024-08-19 16:24:44,888 [omNode-1-groupManagement] INFO  server.RaftServerConfigKeys (ConfUtils.java:logGet(46)) - raft.server.retrycache.expirytime = 300s (custom)
2024-08-19 16:24:44,888 [omNode-1-groupManagement] INFO  server.RaftServerConfigKeys (ConfUtils.java:logGet(46)) - raft.server.retrycache.statistics.expirytime = 100ms (default)
2024-08-19 16:24:44,892 [omNode-1-groupManagement] INFO  server.RaftServerConfigKeys (ConfUtils.java:logGet(46)) - raft.server.read.option = DEFAULT (default)
2024-08-19 16:24:44,894 [omNode-1-groupManagement] INFO  server.RaftServerConfigKeys (ConfUtils.java:logGet(46)) - raft.server.read.read-after-write-consistent.write-index-cache.expiry-time = 60s (default)
2024-08-19 16:24:44,970 [omNode-1-groupManagement] INFO  server.RaftServerConfigKeys (ConfUtils.java:logGet(46)) - raft.server.rpc.request.timeout = 3000ms (default)
2024-08-19 16:24:44,976 [omNode-1-groupManagement] INFO  server.RaftServerConfigKeys (ConfUtils.java:logGet(46)) - raft.server.log.appender.install.snapshot.enabled = false (custom)
2024-08-19 16:24:44,977 [omNode-1-groupManagement] INFO  server.RaftServerConfigKeys (ConfUtils.java:logGet(46)) - raft.server.threadpool.server.cached = true (default)
2024-08-19 16:24:44,978 [omNode-1-groupManagement] INFO  server.RaftServerConfigKeys (ConfUtils.java:logGet(46)) - raft.server.threadpool.server.size = 0 (default)
2024-08-19 16:24:44,979 [omNode-1-groupManagement] INFO  server.RaftServerConfigKeys (ConfUtils.java:logGet(46)) - raft.server.threadpool.client.cached = true (default)
2024-08-19 16:24:44,979 [omNode-1-groupManagement] INFO  server.RaftServerConfigKeys (ConfUtils.java:logGet(46)) - raft.server.threadpool.client.size = 0 (default)
2024-08-19 16:24:46,509 [main] INFO  reflections.Reflections (Reflections.java:scan(219)) - Reflections took 1557 ms to scan 20 urls, producing 59 keys and 6780 values
2024-08-19 16:24:46,718 [main] INFO  ipc.CallQueueManager (CallQueueManager.java:<init>(90)) - Using callQueue: class java.util.concurrent.LinkedBlockingQueue, queueCapacity: 2000, scheduler: class org.apache.hadoop.ipc.DefaultRpcScheduler, ipcBackoff: false.
2024-08-19 16:24:46,720 [main] INFO  ipc.Server (Server.java:<init>(1287)) - Listener at 127.0.0.1:15004
2024-08-19 16:24:46,722 [Socket Reader #1 for port 15004] INFO  ipc.Server (Server.java:run(1323)) - Starting Socket Reader #1 for port 15004
2024-08-19 16:24:46,722 [Socket Reader #2 for port 15004] INFO  ipc.Server (Server.java:run(1323)) - Starting Socket Reader #2 for port 15004
2024-08-19 16:24:46,724 [Socket Reader #4 for port 15004] INFO  ipc.Server (Server.java:run(1323)) - Starting Socket Reader #4 for port 15004
2024-08-19 16:24:46,724 [Socket Reader #3 for port 15004] INFO  ipc.Server (Server.java:run(1323)) - Starting Socket Reader #3 for port 15004
2024-08-19 16:24:46,730 [Socket Reader #5 for port 15004] INFO  ipc.Server (Server.java:run(1323)) - Starting Socket Reader #5 for port 15004
2024-08-19 16:24:46,731 [Socket Reader #6 for port 15004] INFO  ipc.Server (Server.java:run(1323)) - Starting Socket Reader #6 for port 15004
2024-08-19 16:24:46,731 [Socket Reader #7 for port 15004] INFO  ipc.Server (Server.java:run(1323)) - Starting Socket Reader #7 for port 15004
2024-08-19 16:24:46,732 [Socket Reader #8 for port 15004] INFO  ipc.Server (Server.java:run(1323)) - Starting Socket Reader #8 for port 15004
2024-08-19 16:24:46,732 [Socket Reader #9 for port 15004] INFO  ipc.Server (Server.java:run(1323)) - Starting Socket Reader #9 for port 15004
2024-08-19 16:24:46,733 [Socket Reader #10 for port 15004] INFO  ipc.Server (Server.java:run(1323)) - Starting Socket Reader #10 for port 15004
2024-08-19 16:24:46,775 [main] INFO  impl.MetricsSystemImpl (MetricsSystemImpl.java:init(158)) - OzoneManager metrics system started (again)
2024-08-19 16:24:46,789 [main] INFO  om.OzoneManager (OzoneManager.java:start(1668)) - OzoneManager RPC server is listening at localhost/127.0.0.1:15004
2024-08-19 16:24:46,790 [main] INFO  ratis.OzoneManagerRatisServer (OzoneManagerRatisServer.java:start(595)) - Starting OzoneManagerRatisServer omNode-1 at port 15007
2024-08-19 16:24:46,794 [omNode-1-impl-thread1] INFO  server.RaftServerConfigKeys (ConfUtils.java:logGet(46)) - raft.server.storage.free-space.min = 0MB (=0) (default)
2024-08-19 16:24:46,794 [omNode-1-impl-thread1] INFO  server.RaftServerConfigKeys (ConfUtils.java:logGet(46)) - raft.server.log.corruption.policy = EXCEPTION (default)
2024-08-19 16:24:46,794 [omNode-1-impl-thread1] INFO  server.RaftServerConfigKeys (ConfUtils.java:logGet(46)) - raft.server.storage.dir = [/home/runner/work/ozone/ozone/hadoop-ozone/integration-test/target/test-dir/MiniOzoneClusterImpl-37a79142-3d3b-4256-8e35-bf5503c8d171/omNode-1/ratis] (custom)
2024-08-19 16:24:46,801 [omNode-1-impl-thread1] INFO  storage.RaftStorageDirectory (RaftStorageDirectoryImpl.java:analyzeStorage(138)) - The storage directory /home/runner/work/ozone/ozone/hadoop-ozone/integration-test/target/test-dir/MiniOzoneClusterImpl-37a79142-3d3b-4256-8e35-bf5503c8d171/omNode-1/ratis/96f8ac2e-711f-3454-ac3b-223341bb0309 does not exist. Creating ...
2024-08-19 16:24:46,804 [omNode-1-impl-thread1] INFO  storage.RaftStorageDirectory (RaftStorageDirectoryImpl.java:tryLock(229)) - Lock on /home/runner/work/ozone/ozone/hadoop-ozone/integration-test/target/test-dir/MiniOzoneClusterImpl-37a79142-3d3b-4256-8e35-bf5503c8d171/omNode-1/ratis/96f8ac2e-711f-3454-ac3b-223341bb0309/in_use.lock acquired by nodename 48113@fv-az880-377
2024-08-19 16:24:46,810 [omNode-1-impl-thread1] INFO  storage.RaftStorage (RaftStorageImpl.java:format(98)) - Storage directory /home/runner/work/ozone/ozone/hadoop-ozone/integration-test/target/test-dir/MiniOzoneClusterImpl-37a79142-3d3b-4256-8e35-bf5503c8d171/omNode-1/ratis/96f8ac2e-711f-3454-ac3b-223341bb0309 has been successfully formatted.
2024-08-19 16:24:46,812 [omNode-1-impl-thread1] INFO  server.RaftServerConfigKeys (ConfUtils.java:logGet(46)) - raft.server.log.use.memory = false (default)
2024-08-19 16:24:46,819 [omNode-1-impl-thread1] INFO  server.RaftServerConfigKeys (ConfUtils.java:logGet(46)) - raft.server.log.purge.gap = 1000000 (custom)
2024-08-19 16:24:46,819 [omNode-1-impl-thread1] INFO  server.RaftServerConfigKeys (ConfUtils.java:logGet(46)) - raft.server.log.appender.buffer.byte-limit = 4194304 (custom)
2024-08-19 16:24:46,820 [omNode-1-impl-thread1] INFO  server.RaftServerConfigKeys (ConfUtils.java:logGet(46)) - raft.server.log.statemachine.data.read.timeout = 1000ms (default)
2024-08-19 16:24:46,821 [omNode-1-impl-thread1] INFO  server.RaftServerConfigKeys (ConfUtils.java:logGet(46)) - raft.server.log.purge.preservation.log.num = 0 (default)
2024-08-19 16:24:46,826 [omNode-1-impl-thread1] INFO  server.RaftServerConfigKeys (ConfUtils.java:logGet(46)) - raft.server.log.segment.size.max = 4194304 (custom)
2024-08-19 16:24:46,830 [omNode-1-impl-thread1] INFO  server.RaftServerConfigKeys (ConfUtils.java:logGet(46)) - raft.server.log.segment.cache.num.max = 2 (custom)
2024-08-19 16:24:46,831 [omNode-1-impl-thread1] INFO  server.RaftServerConfigKeys (ConfUtils.java:logGet(46)) - raft.server.log.segment.cache.size.max = 200MB (=209715200) (default)
2024-08-19 16:24:46,831 [omNode-1-impl-thread1] INFO  server.RaftServerConfigKeys (ConfUtils.java:logGet(46)) - raft.server.log.appender.buffer.byte-limit = 4194304 (custom)
2024-08-19 16:24:46,833 [omNode-1-impl-thread1] INFO  util.AwaitToRun (AwaitToRun.java:start(81)) - Thread[omNode-1@group-223341BB0309-cacheEviction-AwaitToRun,5,main] started
2024-08-19 16:24:46,837 [omNode-1-impl-thread1] INFO  segmented.SegmentedRaftLogWorker (SegmentedRaftLogWorker.java:<init>(184)) - new omNode-1@group-223341BB0309-SegmentedRaftLogWorker for RaftStorageImpl:Storage Directory /home/runner/work/ozone/ozone/hadoop-ozone/integration-test/target/test-dir/MiniOzoneClusterImpl-37a79142-3d3b-4256-8e35-bf5503c8d171/omNode-1/ratis/96f8ac2e-711f-3454-ac3b-223341bb0309
2024-08-19 16:24:46,837 [omNode-1-impl-thread1] INFO  server.RaftServerConfigKeys (ConfUtils.java:logGet(46)) - raft.server.log.queue.byte-limit = 64MB (=67108864) (default)
2024-08-19 16:24:46,838 [omNode-1-impl-thread1] INFO  server.RaftServerConfigKeys (ConfUtils.java:logGet(46)) - raft.server.log.queue.element-limit = 4096 (default)
2024-08-19 16:24:46,840 [omNode-1-impl-thread1] INFO  server.RaftServerConfigKeys (ConfUtils.java:logGet(46)) - raft.server.log.segment.size.max = 4194304 (custom)
2024-08-19 16:24:46,840 [omNode-1-impl-thread1] INFO  server.RaftServerConfigKeys (ConfUtils.java:logGet(46)) - raft.server.log.preallocated.size = 4194304 (custom)
2024-08-19 16:24:46,841 [omNode-1-impl-thread1] INFO  server.RaftServerConfigKeys (ConfUtils.java:logGet(46)) - raft.server.log.force.sync.num = 128 (default)
2024-08-19 16:24:46,842 [omNode-1-impl-thread1] INFO  server.RaftServerConfigKeys (ConfUtils.java:logGet(46)) - raft.server.log.statemachine.data.sync = true (default)
2024-08-19 16:24:46,843 [omNode-1-impl-thread1] INFO  server.RaftServerConfigKeys (ConfUtils.java:logGet(46)) - raft.server.log.statemachine.data.sync.timeout = 10s (default)
2024-08-19 16:24:46,843 [omNode-1-impl-thread1] INFO  server.RaftServerConfigKeys (ConfUtils.java:logGet(46)) - raft.server.log.statemachine.data.sync.timeout.retry = -1 (default)
2024-08-19 16:24:46,848 [omNode-1-impl-thread1] INFO  server.RaftServerConfigKeys (ConfUtils.java:logGet(46)) - raft.server.log.write.buffer.size = 4194312 (custom)
2024-08-19 16:24:46,850 [omNode-1-impl-thread1] INFO  server.RaftServerConfigKeys (ConfUtils.java:logGet(46)) - raft.server.log.appender.buffer.byte-limit = 4194304 (custom)
2024-08-19 16:24:46,851 [omNode-1-impl-thread1] INFO  server.RaftServerConfigKeys (ConfUtils.java:logGet(46)) - raft.server.log.unsafe-flush.enabled = false (default)
2024-08-19 16:24:46,852 [omNode-1-impl-thread1] INFO  server.RaftServerConfigKeys (ConfUtils.java:logGet(46)) - raft.server.log.async-flush.enabled = false (default)
2024-08-19 16:24:46,853 [omNode-1-impl-thread1] INFO  server.RaftServerConfigKeys (ConfUtils.java:logGet(46)) - raft.server.log.statemachine.data.caching.enabled = false (default)
2024-08-19 16:24:46,859 [omNode-1-impl-thread1] INFO  segmented.SegmentedRaftLogWorker (SegmentedRaftLogWorker.java:lambda$new$0(135)) - omNode-1@group-223341BB0309-SegmentedRaftLogWorker: flushIndex: setUnconditionally 0 -> -1
2024-08-19 16:24:46,859 [omNode-1-impl-thread1] INFO  segmented.SegmentedRaftLogWorker (SegmentedRaftLogWorker.java:lambda$new$0(135)) - omNode-1@group-223341BB0309-SegmentedRaftLogWorker: safeCacheEvictIndex: setUnconditionally 0 -> -1
2024-08-19 16:24:46,861 [omNode-1-impl-thread1] INFO  server.RaftServer$Division (RaftServerImpl.java:start(389)) - omNode-1@group-223341BB0309: start as a follower, conf=conf: {index: -1, cur=peers:[omNode-1|localhost:15007]|listeners:[], old=null}
2024-08-19 16:24:46,862 [omNode-1-impl-thread1] INFO  server.RaftServer$Division (RaftServerImpl.java:setRole(376)) - omNode-1@group-223341BB0309: changes role from      null to FOLLOWER at term 0 for startAsFollower
2024-08-19 16:24:46,864 [omNode-1-impl-thread1] INFO  impl.RoleInfo (RoleInfo.java:updateAndGet(148)) - omNode-1: start omNode-1@group-223341BB0309-FollowerState
2024-08-19 16:24:46,867 [omNode-1-impl-thread1] INFO  util.JmxRegister (JmxRegister.java:tryRegister(44)) - Successfully registered JMX Bean with object name Ratis:service=RaftServer,group=group-223341BB0309,id=omNode-1
2024-08-19 16:24:46,867 [omNode-1-impl-thread1] INFO  util.JmxRegister (JmxRegister.java:register(58)) - register mxBean class org.apache.ratis.server.impl.RaftServerJmxAdapter as Ratis:service=RaftServer,group=group-223341BB0309,id=omNode-1
2024-08-19 16:24:46,869 [omNode-1@group-223341BB0309-FollowerState] INFO  server.RaftServerConfigKeys (ConfUtils.java:logFallback(53)) - raft.server.rpc.first-election.timeout.min = 1s (fallback to raft.server.rpc.timeout.min)
2024-08-19 16:24:46,869 [omNode-1@group-223341BB0309-FollowerState] INFO  server.RaftServerConfigKeys (ConfUtils.java:logFallback(53)) - raft.server.rpc.first-election.timeout.max = 1200ms (fallback to raft.server.rpc.timeout.max)
2024-08-19 16:24:46,870 [omNode-1-impl-thread1] INFO  server.RaftServerConfigKeys (ConfUtils.java:logGet(46)) - raft.server.snapshot.trigger-when-stop.enabled = true (default)
2024-08-19 16:24:46,871 [omNode-1-impl-thread1] INFO  server.RaftServerConfigKeys (ConfUtils.java:logGet(46)) - raft.server.snapshot.trigger-when-remove.enabled = true (default)
2024-08-19 16:24:46,872 [omNode-1-impl-thread1] INFO  server.RaftServerConfigKeys (ConfUtils.java:logGet(46)) - raft.server.snapshot.auto.trigger.enabled = true (custom)
2024-08-19 16:24:46,873 [omNode-1-impl-thread1] INFO  server.RaftServerConfigKeys (ConfUtils.java:logGet(46)) - raft.server.snapshot.auto.trigger.threshold = 400000 (default)
2024-08-19 16:24:46,874 [omNode-1-impl-thread1] INFO  server.RaftServerConfigKeys (ConfUtils.java:logGet(46)) - raft.server.snapshot.retention.file.num = -1 (default)
2024-08-19 16:24:46,875 [omNode-1-impl-thread1] INFO  server.RaftServerConfigKeys (ConfUtils.java:logGet(46)) - raft.server.log.purge.upto.snapshot.index = true (custom)
2024-08-19 16:24:46,879 [main] INFO  server.RaftServer (RaftServerProxy.java:startImpl(408)) - omNode-1: start RPC server
2024-08-19 16:24:46,919 [main] INFO  server.GrpcService (GrpcService.java:startImpl(302)) - omNode-1: GrpcService started, listening on 15007
2024-08-19 16:24:46,920 [JvmPauseMonitor1] INFO  util.JvmPauseMonitor (JvmPauseMonitor.java:run(146)) - JvmPauseMonitor-omNode-1: Started
2024-08-19 16:24:46,921 [main] INFO  om.OzoneManager (OzoneManager.java:start(1683)) - Version File has different layout version (7) than OM DB (null). That is expected if this OM has never been finalized to a newer layout version.
2024-08-19 16:24:46,942 [main] INFO  client.ScmTopologyClient (ScmTopologyClient.java:start(72)) - Initial network topology fetched from SCM: /.
2024-08-19 16:24:46,943 [main] INFO  net.NodeSchemaLoader (NodeSchemaLoader.java:loadSchemaFromFile(129)) - Loading schema from [jar:file:/home/runner/work/ozone/ozone/hadoop-hdds/common/target/hdds-common-1.5.0-SNAPSHOT.jar!/network-topology-default.xml]
2024-08-19 16:24:46,943 [main] INFO  net.NodeSchemaLoader (NodeSchemaLoader.java:loadSchema(176)) - Loading network topology layer schema file
2024-08-19 16:24:46,970 [main] INFO  http.BaseHttpServer (BaseHttpServer.java:newHttpServer2BuilderForOzone(223)) - Starting Web-server for ozoneManager at: http://0.0.0.0:15005
2024-08-19 16:24:46,970 [main] INFO  http.BaseHttpServer (BaseHttpServer.java:<init>(110)) - Hadoop Security Enabled: false Ozone Security Enabled: false Ozone HTTP Security Enabled: false 
2024-08-19 16:24:46,973 [main] WARN  server.AuthenticationFilter (AuthenticationFilter.java:constructSecretProvider(240)) - Unable to initialize FileSignerSecretProvider, falling back to use random secrets. Reason: Could not read signature secret file: /home/runner/hadoop-http-auth-signature-secret
2024-08-19 16:24:46,974 [main] INFO  http.HttpRequestLog (HttpRequestLog.java:getRequestLog(86)) - Http request log for http.requests.ozoneManager is not defined
2024-08-19 16:24:46,977 [main] INFO  http.HttpServer2 (HttpServer2.java:addGlobalFilter(1035)) - Added global filter 'safety' (class=org.apache.hadoop.hdds.server.http.HttpServer2$QuotingInputFilter)
2024-08-19 16:24:46,979 [main] INFO  http.HttpServer2 (HttpServer2.java:addFilter(1011)) - Added filter static_user_filter (class=org.apache.hadoop.http.lib.StaticUserWebFilter$StaticUserFilter) to context ozoneManager
2024-08-19 16:24:46,979 [main] INFO  http.HttpServer2 (HttpServer2.java:addFilter(1019)) - Added filter static_user_filter (class=org.apache.hadoop.http.lib.StaticUserWebFilter$StaticUserFilter) to context static
2024-08-19 16:24:46,980 [main] INFO  http.HttpServer2 (HttpServer2.java:addFilter(1019)) - Added filter static_user_filter (class=org.apache.hadoop.http.lib.StaticUserWebFilter$StaticUserFilter) to context logs
2024-08-19 16:24:46,983 [main] INFO  http.BaseHttpServer (BaseHttpServer.java:<init>(189)) - HTTP server of ozoneManager uses base directory /home/runner/work/ozone/ozone/hadoop-ozone/integration-test/target/test-dir/MiniOzoneClusterImpl-37a79142-3d3b-4256-8e35-bf5503c8d171/omNode-1/webserver
2024-08-19 16:24:46,987 [main] INFO  http.HttpServer2 (HttpServer2.java:bindListener(1235)) - Jetty bound to port 15005
2024-08-19 16:24:46,987 [main] INFO  server.Server (Server.java:doStart(375)) - jetty-9.4.55.v20240627; built: 2024-06-27T15:05:37.765Z; git: 70015831e5195ba74da6383c4ab7c90c56bb08af; jvm 17.0.12+7
2024-08-19 16:24:46,997 [main] INFO  server.session (DefaultSessionIdManager.java:doStart(334)) - DefaultSessionIdManager workerName=node0
2024-08-19 16:24:46,997 [main] INFO  server.session (DefaultSessionIdManager.java:doStart(339)) - No SessionScavenger set, using defaults
2024-08-19 16:24:46,998 [main] INFO  server.session (HouseKeeper.java:startScavenging(132)) - node0 Scavenging every 600000ms
2024-08-19 16:24:47,001 [main] INFO  handler.ContextHandler (ContextHandler.java:doStart(921)) - Started o.e.j.s.ServletContextHandler@2869fe47{logs,/logs,file:///home/runner/work/ozone/ozone/hadoop-ozone/integration-test/target/log,AVAILABLE}
2024-08-19 16:24:47,001 [main] INFO  handler.ContextHandler (ContextHandler.java:doStart(921)) - Started o.e.j.s.ServletContextHandler@5d2d4939{static,/static,file:///home/runner/work/ozone/ozone/hadoop-ozone/integration-test/target/test-classes/webapps/static,AVAILABLE}
2024-08-19 16:24:47,021 [main] INFO  handler.ContextHandler (ContextHandler.java:doStart(921)) - Started o.e.j.w.WebAppContext@f75843e{ozoneManager,/,file:///home/runner/work/ozone/ozone/hadoop-ozone/integration-test/target/test-classes/webapps/ozoneManager/,AVAILABLE}{file:/home/runner/work/ozone/ozone/hadoop-ozone/integration-test/target/test-classes/webapps/ozoneManager}
2024-08-19 16:24:47,025 [main] INFO  server.AbstractConnector (AbstractConnector.java:doStart(333)) - Started ServerConnector@74948d11{HTTP/1.1, (http/1.1)}{0.0.0.0:15005}
2024-08-19 16:24:47,025 [main] INFO  server.Server (Server.java:doStart(415)) - Started @9187ms
2024-08-19 16:24:47,025 [main] WARN  impl.MetricsSystemImpl (MetricsSystemImpl.java:register(279)) - Sink prometheus already exists!
2024-08-19 16:24:47,026 [main] INFO  http.BaseHttpServer (BaseHttpServer.java:updateConnectorAddress(354)) - HTTP server of ozoneManager listening at http://0.0.0.0:15005
2024-08-19 16:24:47,026 [IPC Server Responder] INFO  ipc.Server (Server.java:run(1562)) - IPC Server Responder: starting
2024-08-19 16:24:47,027 [IPC Server listener on 15004] INFO  ipc.Server (Server.java:run(1402)) - IPC Server listener on 15004: starting
2024-08-19 16:24:47,046 [main] INFO  om.OzoneManager (OzoneManager.java:startTrashEmptier(2145)) - Trash Interval set to 0. Files deleted won't move to trash
2024-08-19 16:24:47,058 [main] INFO  ozone.MiniOzoneHAClusterImpl (MiniOzoneHAClusterImpl.java:createOMService(517)) - Started OzoneManager omNode-1 RPC server at localhost/127.0.0.1:15004
2024-08-19 16:24:47,161 [main] WARN  dropwizard3.Dm3MetricRegistriesImpl (Dm3MetricRegistriesImpl.java:addReporterRegistration(114)) - New reporters are added after registries were created. Some metrics will be missing from the reporter. Please add reporter before adding any new registry.
2024-08-19 16:24:47,162 [main] WARN  dropwizard3.Dm3MetricRegistriesImpl (Dm3MetricRegistriesImpl.java:addReporterRegistration(114)) - New reporters are added after registries were created. Some metrics will be missing from the reporter. Please add reporter before adding any new registry.
2024-08-19 16:24:47,162 [main] INFO  impl.MetricsSystemImpl (MetricsSystemImpl.java:init(158)) - HddsDatanode metrics system started (again)
2024-08-19 16:24:47,193 [main] INFO  ozone.HddsDatanodeService (HddsDatanodeService.java:start(235)) - HddsDatanodeService host:fv-az880-377.0oiu2s0ixinexprtii2k4w5yae.ex.internal.cloudapp.net ip:10.1.0.106
2024-08-19 16:24:47,199 [main] INFO  upgrade.AbstractLayoutVersionManager (AbstractLayoutVersionManager.java:init(83)) - Initializing Layout version manager with metadata layout = HBASE_SUPPORT (version = 8), software layout = HBASE_SUPPORT (version = 8)
2024-08-19 16:24:47,201 [main] INFO  statemachine.DatanodeStateMachine (DatanodeStateMachine.java:getEndPointTaskThreadPoolSize(295)) - Datanode State Machine Task Thread Pool size 2
2024-08-19 16:24:47,252 [main] INFO  volume.HddsVolume (HddsVolume.java:<init>(127)) - Creating HddsVolume: /home/runner/work/ozone/ozone/hadoop-ozone/integration-test/target/test-dir/MiniOzoneClusterImpl-37a79142-3d3b-4256-8e35-bf5503c8d171/ozone-meta/datanode-1/data-0/hdds of storage type : DISK capacity : 9222449699674390527
2024-08-19 16:24:47,255 [main] INFO  volume.MutableVolumeSet (MutableVolumeSet.java:initializeVolumeSet(173)) - Added Volume : /home/runner/work/ozone/ozone/hadoop-ozone/integration-test/target/test-dir/MiniOzoneClusterImpl-37a79142-3d3b-4256-8e35-bf5503c8d171/ozone-meta/datanode-1/data-0/hdds to VolumeSet
2024-08-19 16:24:47,259 [main] INFO  volume.MutableVolumeSet (MutableVolumeSet.java:initializeVolumeSet(173)) - Added Volume : /home/runner/work/ozone/ozone/hadoop-ozone/integration-test/target/test-dir/MiniOzoneClusterImpl-37a79142-3d3b-4256-8e35-bf5503c8d171/ozone-meta/datanode-1/ratis to VolumeSet
2024-08-19 16:24:47,263 [main] INFO  ozoneimpl.OzoneContainer (HddsVolumeUtil.java:loadAllHddsVolumeDbStore(103)) - Load 1 volumes DbStore cost: 1ms
2024-08-19 16:24:47,319 [main] INFO  audit.AuditLogger (AuditLogger.java:refreshDebugCmdSet(135)) - Refresh DebugCmdSet for DNAudit to [].
2024-08-19 16:24:47,340 [main] INFO  server.RaftServerConfigKeys (ConfUtils.java:logGet(46)) - raft.server.log.appender.buffer.byte-limit = 8388608 (custom)
2024-08-19 16:24:47,361 [main] INFO  server.RaftServer (ConfUtils.java:logGet(46)) - raft.rpc.type = GRPC (default)
2024-08-19 16:24:47,362 [main] INFO  grpc.GrpcConfigKeys (ConfUtils.java:logFallback(53)) - raft.grpc.admin.host = null (fallback to raft.grpc.server.host)
2024-08-19 16:24:47,363 [main] INFO  grpc.GrpcConfigKeys (ConfUtils.java:logGet(46)) - raft.grpc.admin.port = 15012 (custom)
2024-08-19 16:24:47,364 [main] INFO  grpc.GrpcConfigKeys (ConfUtils.java:logFallback(53)) - raft.grpc.client.host = null (fallback to raft.grpc.server.host)
2024-08-19 16:24:47,365 [main] INFO  grpc.GrpcConfigKeys (ConfUtils.java:logGet(46)) - raft.grpc.client.port = 15012 (custom)
2024-08-19 16:24:47,365 [main] INFO  grpc.GrpcConfigKeys (ConfUtils.java:logGet(46)) - raft.grpc.server.host = null (default)
2024-08-19 16:24:47,366 [main] INFO  grpc.GrpcConfigKeys (ConfUtils.java:logGet(46)) - raft.grpc.server.port = 15012 (custom)
2024-08-19 16:24:47,366 [main] INFO  server.GrpcService (ConfUtils.java:logGet(46)) - raft.grpc.message.size.max = 32MB (=33554432) (custom)
2024-08-19 16:24:47,367 [main] INFO  server.RaftServerConfigKeys (ConfUtils.java:logGet(46)) - raft.server.log.appender.buffer.byte-limit = 8388608 (custom)
2024-08-19 16:24:47,368 [main] INFO  server.GrpcService (ConfUtils.java:logGet(46)) - raft.grpc.flow.control.window = 5MB (=5242880) (custom)
2024-08-19 16:24:47,368 [main] INFO  server.RaftServerConfigKeys (ConfUtils.java:logGet(46)) - raft.server.rpc.request.timeout = 60s (custom)
2024-08-19 16:24:47,369 [main] INFO  grpc.GrpcConfigKeys (ConfUtils.java:logGet(46)) - raft.grpc.server.heartbeat.channel = true (default)
2024-08-19 16:24:47,370 [main] INFO  grpc.GrpcConfigKeys (ConfUtils.java:logGet(46)) - raft.grpc.server.async.request.thread.pool.cached = true (default)
2024-08-19 16:24:47,370 [main] INFO  grpc.GrpcConfigKeys (ConfUtils.java:logGet(46)) - raft.grpc.server.async.request.thread.pool.size = 32 (default)
2024-08-19 16:24:47,372 [main] INFO  impl.DataStreamServerImpl (ConfUtils.java:logGet(46)) - raft.datastream.type = NETTY (custom)
2024-08-19 16:24:47,382 [main] INFO  server.RaftServerConfigKeys (ConfUtils.java:logGet(46)) - raft.server.data-stream.async.request.thread.pool.cached = false (default)
2024-08-19 16:24:47,383 [main] INFO  server.RaftServerConfigKeys (ConfUtils.java:logGet(46)) - raft.server.data-stream.async.request.thread.pool.size = 20 (custom)
2024-08-19 16:24:47,383 [main] INFO  server.RaftServerConfigKeys (ConfUtils.java:logGet(46)) - raft.server.data-stream.async.write.thread.pool.size = 16 (default)
2024-08-19 16:24:47,385 [main] INFO  netty.NettyConfigKeys$DataStream (ConfUtils.java:logGet(46)) - raft.netty.dataStream.server.channel.inactive.grace-period = 10min (default)
2024-08-19 16:24:47,386 [main] INFO  server.RaftServerConfigKeys (ConfUtils.java:logGet(46)) - raft.server.data-stream.client.pool.size = 10 (default)
2024-08-19 16:24:47,387 [main] INFO  netty.NettyConfigKeys$DataStream (ConfUtils.java:logGet(46)) - raft.netty.dataStream.server.use-epoll = true (default)
2024-08-19 16:24:47,388 [main] INFO  netty.NettyConfigKeys$DataStream (ConfUtils.java:logGet(46)) - raft.netty.dataStream.server.boss-group.size = 0 (default)
2024-08-19 16:24:47,389 [main] INFO  netty.NettyUtils (NettyUtils.java:newEventLoopGroup(74)) - Create EpollEventLoopGroup for a60155f7-ea69-45b2-947a-1e7e01ad7119-NettyServerStreamRpc-bossGroup; Thread size is 0.
2024-08-19 16:24:47,390 [main] INFO  netty.NettyConfigKeys$DataStream (ConfUtils.java:logGet(46)) - raft.netty.dataStream.server.worker-group.size = 0 (default)
2024-08-19 16:24:47,390 [main] INFO  netty.NettyUtils (NettyUtils.java:newEventLoopGroup(74)) - Create EpollEventLoopGroup for a60155f7-ea69-45b2-947a-1e7e01ad7119-NettyServerStreamRpc-workerGroup; Thread size is 0.
2024-08-19 16:24:47,391 [main] INFO  netty.NettyConfigKeys$DataStream (ConfUtils.java:logGet(46)) - raft.netty.dataStream.server.tls.conf = null (default)
2024-08-19 16:24:47,393 [main] INFO  netty.NettyConfigKeys$DataStream (ConfUtils.java:logGet(46)) - raft.netty.dataStream.host = null (default)
2024-08-19 16:24:47,393 [main] INFO  netty.NettyConfigKeys$DataStream (ConfUtils.java:logGet(46)) - raft.netty.dataStream.port = 15015 (custom)
2024-08-19 16:24:47,396 [main] INFO  server.RaftServerConfigKeys (ConfUtils.java:logGet(46)) - raft.server.sleep.deviation.threshold = 300ms (default)
2024-08-19 16:24:47,397 [main] INFO  server.RaftServerConfigKeys (ConfUtils.java:logGet(46)) - raft.server.close.threshold = 60s (default)
2024-08-19 16:24:47,398 [main] INFO  server.RaftServerConfigKeys (ConfUtils.java:logGet(46)) - raft.server.leaderelection.leader.step-down.wait-time = 10s (default)
2024-08-19 16:24:47,398 [main] INFO  server.RaftServerConfigKeys (ConfUtils.java:logGet(46)) - raft.server.storage.dir = [/home/runner/work/ozone/ozone/hadoop-ozone/integration-test/target/test-dir/MiniOzoneClusterImpl-37a79142-3d3b-4256-8e35-bf5503c8d171/ozone-meta/datanode-1/ratis] (custom)
2024-08-19 16:24:47,399 [main] INFO  server.RaftServerConfigKeys (ConfUtils.java:logGet(46)) - raft.server.threadpool.proxy.cached = true (default)
2024-08-19 16:24:47,399 [main] INFO  server.RaftServerConfigKeys (ConfUtils.java:logGet(46)) - raft.server.threadpool.proxy.size = 0 (default)
2024-08-19 16:24:47,407 [a60155f7-ea69-45b2-947a-1e7e01ad7119-impl-thread1] INFO  server.RaftServer (RaftServerProxy.java:initGroupDir(266)) - a60155f7-ea69-45b2-947a-1e7e01ad7119: found a subdirectory /home/runner/work/ozone/ozone/hadoop-ozone/integration-test/target/test-dir/MiniOzoneClusterImpl-37a79142-3d3b-4256-8e35-bf5503c8d171/ozone-meta/datanode-1/ratis/tmp
2024-08-19 16:24:47,408 [a60155f7-ea69-45b2-947a-1e7e01ad7119-impl-thread1] INFO  server.RaftServer (RaftServerProxy.java:initGroupDir(271)) - a60155f7-ea69-45b2-947a-1e7e01ad7119: The directory /home/runner/work/ozone/ozone/hadoop-ozone/integration-test/target/test-dir/MiniOzoneClusterImpl-37a79142-3d3b-4256-8e35-bf5503c8d171/ozone-meta/datanode-1/ratis/tmp is not a group directory; ignoring it. 
2024-08-19 16:24:47,409 [a60155f7-ea69-45b2-947a-1e7e01ad7119-NettyServerStreamRpc-bossGroup--thread1] INFO  logging.LoggingHandler (AbstractInternalLogger.java:log(148)) - [id: 0x257f3652] REGISTERED
2024-08-19 16:24:47,409 [a60155f7-ea69-45b2-947a-1e7e01ad7119-NettyServerStreamRpc-bossGroup--thread1] INFO  logging.LoggingHandler (AbstractInternalLogger.java:log(148)) - [id: 0x257f3652] BIND: 0.0.0.0/0.0.0.0:15015
2024-08-19 16:24:47,409 [a60155f7-ea69-45b2-947a-1e7e01ad7119-NettyServerStreamRpc-bossGroup--thread1] INFO  logging.LoggingHandler (AbstractInternalLogger.java:log(148)) - [id: 0x257f3652, L:/0.0.0.0:15015] ACTIVE
2024-08-19 16:24:47,412 [main] INFO  replication.ReplicationServer (ReplicationServer.java:<init>(86)) - Initializing replication server with thread count = 10 queue length = 4096
2024-08-19 16:24:47,437 [main] INFO  server.XceiverServerGrpc (XceiverServerGrpc.java:<init>(141)) - GrpcServer channel type EpollServerSocketChannel
2024-08-19 16:24:47,475 [main] INFO  replication.ReplicationSupervisor (ReplicationSupervisor.java:build(157)) - Initializing replication supervisor with thread count = 10
2024-08-19 16:24:47,477 [main] INFO  replication.ReplicationSupervisor (ReplicationSupervisor.java:nodeStateUpdated(312)) - Node state updated to IN_SERVICE, scaling executor pool size to 10
2024-08-19 16:24:47,549 [main] INFO  http.BaseHttpServer (BaseHttpServer.java:newHttpServer2BuilderForOzone(223)) - Starting Web-server for hddsDatanode at: http://0.0.0.0:15009
2024-08-19 16:24:47,550 [main] INFO  http.BaseHttpServer (BaseHttpServer.java:<init>(110)) - Hadoop Security Enabled: false Ozone Security Enabled: false Ozone HTTP Security Enabled: false 
2024-08-19 16:24:47,552 [main] WARN  server.AuthenticationFilter (AuthenticationFilter.java:constructSecretProvider(240)) - Unable to initialize FileSignerSecretProvider, falling back to use random secrets. Reason: Could not read signature secret file: /home/runner/hadoop-http-auth-signature-secret
2024-08-19 16:24:47,554 [main] INFO  http.HttpRequestLog (HttpRequestLog.java:getRequestLog(86)) - Http request log for http.requests.hddsDatanode is not defined
2024-08-19 16:24:47,558 [main] INFO  http.HttpServer2 (HttpServer2.java:addGlobalFilter(1035)) - Added global filter 'safety' (class=org.apache.hadoop.hdds.server.http.HttpServer2$QuotingInputFilter)
2024-08-19 16:24:47,560 [main] INFO  http.HttpServer2 (HttpServer2.java:addFilter(1011)) - Added filter static_user_filter (class=org.apache.hadoop.http.lib.StaticUserWebFilter$StaticUserFilter) to context hddsDatanode
2024-08-19 16:24:47,560 [main] INFO  http.HttpServer2 (HttpServer2.java:addFilter(1019)) - Added filter static_user_filter (class=org.apache.hadoop.http.lib.StaticUserWebFilter$StaticUserFilter) to context logs
2024-08-19 16:24:47,560 [main] INFO  http.HttpServer2 (HttpServer2.java:addFilter(1019)) - Added filter static_user_filter (class=org.apache.hadoop.http.lib.StaticUserWebFilter$StaticUserFilter) to context static
2024-08-19 16:24:47,564 [main] INFO  http.BaseHttpServer (BaseHttpServer.java:<init>(189)) - HTTP server of hddsDatanode uses base directory /home/runner/work/ozone/ozone/hadoop-ozone/integration-test/target/test-dir/MiniOzoneClusterImpl-37a79142-3d3b-4256-8e35-bf5503c8d171/ozone-meta/datanode-1/meta/webserver
2024-08-19 16:24:47,564 [main] INFO  http.HttpServer2 (HttpServer2.java:bindListener(1235)) - Jetty bound to port 15009
2024-08-19 16:24:47,565 [main] INFO  server.Server (Server.java:doStart(375)) - jetty-9.4.55.v20240627; built: 2024-06-27T15:05:37.765Z; git: 70015831e5195ba74da6383c4ab7c90c56bb08af; jvm 17.0.12+7
2024-08-19 16:24:47,576 [main] INFO  server.session (DefaultSessionIdManager.java:doStart(334)) - DefaultSessionIdManager workerName=node0
2024-08-19 16:24:47,576 [main] INFO  server.session (DefaultSessionIdManager.java:doStart(339)) - No SessionScavenger set, using defaults
2024-08-19 16:24:47,577 [main] INFO  server.session (HouseKeeper.java:startScavenging(132)) - node0 Scavenging every 600000ms
2024-08-19 16:24:47,577 [main] INFO  handler.ContextHandler (ContextHandler.java:doStart(921)) - Started o.e.j.s.ServletContextHandler@160f8bfb{logs,/logs,file:///home/runner/work/ozone/ozone/hadoop-ozone/integration-test/target/log,AVAILABLE}
2024-08-19 16:24:47,578 [main] INFO  handler.ContextHandler (ContextHandler.java:doStart(921)) - Started o.e.j.s.ServletContextHandler@2ef8ef17{static,/static,jar:file:/home/runner/work/ozone/ozone/hadoop-hdds/container-service/target/hdds-container-service-1.5.0-SNAPSHOT.jar!/webapps/static,AVAILABLE}
2024-08-19 16:24:47,882 [omNode-1@group-223341BB0309-FollowerState] INFO  impl.FollowerState (FollowerState.java:run(144)) - omNode-1@group-223341BB0309-FollowerState: change to CANDIDATE, lastRpcElapsedTime:1019078524ns, electionTimeout:1012ms
2024-08-19 16:24:47,883 [omNode-1@group-223341BB0309-FollowerState] INFO  impl.RoleInfo (RoleInfo.java:shutdownFollowerState(119)) - omNode-1: shutdown omNode-1@group-223341BB0309-FollowerState
2024-08-19 16:24:47,883 [omNode-1@group-223341BB0309-FollowerState] INFO  server.RaftServer$Division (RaftServerImpl.java:setRole(376)) - omNode-1@group-223341BB0309: changes role from  FOLLOWER to CANDIDATE at term 0 for changeToCandidate
2024-08-19 16:24:47,892 [main] INFO  handler.ContextHandler (ContextHandler.java:doStart(921)) - Started o.e.j.w.WebAppContext@4fcb1a13{hddsDatanode,/,file:///home/runner/work/ozone/ozone/hadoop-ozone/integration-test/target/test-dir/MiniOzoneClusterImpl-37a79142-3d3b-4256-8e35-bf5503c8d171/ozone-meta/datanode-1/meta/webserver/jetty-0_0_0_0-15009-hdds-container-service-1_5_0-SNAPSHOT_jar-_-any-6568869335443088546/webapp/,AVAILABLE}{jar:file:/home/runner/work/ozone/ozone/hadoop-hdds/container-service/target/hdds-container-service-1.5.0-SNAPSHOT.jar!/webapps/hddsDatanode}
2024-08-19 16:24:47,893 [main] INFO  server.AbstractConnector (AbstractConnector.java:doStart(333)) - Started ServerConnector@13e771e6{HTTP/1.1, (http/1.1)}{0.0.0.0:15009}
2024-08-19 16:24:47,893 [main] INFO  server.Server (Server.java:doStart(415)) - Started @10056ms
2024-08-19 16:24:47,894 [main] WARN  impl.MetricsSystemImpl (MetricsSystemImpl.java:register(279)) - Sink prometheus already exists!
2024-08-19 16:24:47,894 [main] INFO  http.BaseHttpServer (BaseHttpServer.java:updateConnectorAddress(354)) - HTTP server of hddsDatanode listening at http://0.0.0.0:15009
2024-08-19 16:24:47,897 [omNode-1@group-223341BB0309-FollowerState] INFO  server.RaftServerConfigKeys (ConfUtils.java:logGet(46)) - raft.server.leaderelection.pre-vote = true (default)
2024-08-19 16:24:47,897 [omNode-1@group-223341BB0309-FollowerState] INFO  impl.RoleInfo (RoleInfo.java:updateAndGet(148)) - omNode-1: start omNode-1@group-223341BB0309-LeaderElection1
2024-08-19 16:24:47,898 [main] INFO  ipc.CallQueueManager (CallQueueManager.java:<init>(90)) - Using callQueue: class java.util.concurrent.LinkedBlockingQueue, queueCapacity: 1000, scheduler: class org.apache.hadoop.ipc.DefaultRpcScheduler, ipcBackoff: false.
2024-08-19 16:24:47,899 [main] INFO  ipc.Server (Server.java:<init>(1287)) - Listener at 0.0.0.0:15010
2024-08-19 16:24:47,902 [omNode-1@group-223341BB0309-LeaderElection1] INFO  impl.LeaderElection (LeaderElection.java:askForVotes(321)) - omNode-1@group-223341BB0309-LeaderElection1 PRE_VOTE round 0: submit vote requests at term 0 for conf: {index: -1, cur=peers:[omNode-1|localhost:15007]|listeners:[], old=null}
2024-08-19 16:24:47,904 [omNode-1@group-223341BB0309-LeaderElection1] INFO  impl.LeaderElection (LeaderElection.java:askForVotes(323)) - omNode-1@group-223341BB0309-LeaderElection1 PRE_VOTE round 0: result PASSED (term=0)
2024-08-19 16:24:47,906 [Socket Reader #1 for port 15010] INFO  ipc.Server (Server.java:run(1323)) - Starting Socket Reader #1 for port 15010
2024-08-19 16:24:47,907 [omNode-1@group-223341BB0309-LeaderElection1] INFO  impl.LeaderElection (LeaderElection.java:askForVotes(321)) - omNode-1@group-223341BB0309-LeaderElection1 ELECTION round 0: submit vote requests at term 1 for conf: {index: -1, cur=peers:[omNode-1|localhost:15007]|listeners:[], old=null}
2024-08-19 16:24:47,908 [omNode-1@group-223341BB0309-LeaderElection1] INFO  impl.LeaderElection (LeaderElection.java:askForVotes(323)) - omNode-1@group-223341BB0309-LeaderElection1 ELECTION round 0: result PASSED (term=1)
2024-08-19 16:24:47,908 [omNode-1@group-223341BB0309-LeaderElection1] INFO  impl.RoleInfo (RoleInfo.java:shutdownLeaderElection(139)) - omNode-1: shutdown omNode-1@group-223341BB0309-LeaderElection1
2024-08-19 16:24:47,906 [Socket Reader #2 for port 15010] INFO  ipc.Server (Server.java:run(1323)) - Starting Socket Reader #2 for port 15010
2024-08-19 16:24:47,909 [omNode-1@group-223341BB0309-LeaderElection1] INFO  server.RaftServer$Division (RaftServerImpl.java:setRole(376)) - omNode-1@group-223341BB0309: changes role from CANDIDATE to LEADER at term 1 for changeToLeader
2024-08-19 16:24:47,910 [Socket Reader #4 for port 15010] INFO  ipc.Server (Server.java:run(1323)) - Starting Socket Reader #4 for port 15010
2024-08-19 16:24:47,910 [Socket Reader #5 for port 15010] INFO  ipc.Server (Server.java:run(1323)) - Starting Socket Reader #5 for port 15010
2024-08-19 16:24:47,910 [Socket Reader #3 for port 15010] INFO  ipc.Server (Server.java:run(1323)) - Starting Socket Reader #3 for port 15010
2024-08-19 16:24:47,911 [Socket Reader #6 for port 15010] INFO  ipc.Server (Server.java:run(1323)) - Starting Socket Reader #6 for port 15010
2024-08-19 16:24:47,913 [Socket Reader #7 for port 15010] INFO  ipc.Server (Server.java:run(1323)) - Starting Socket Reader #7 for port 15010
2024-08-19 16:24:47,914 [Socket Reader #8 for port 15010] INFO  ipc.Server (Server.java:run(1323)) - Starting Socket Reader #8 for port 15010
2024-08-19 16:24:47,915 [Socket Reader #9 for port 15010] INFO  ipc.Server (Server.java:run(1323)) - Starting Socket Reader #9 for port 15010
2024-08-19 16:24:47,915 [omNode-1@group-223341BB0309-LeaderElection1] INFO  server.RaftServerConfigKeys (ConfUtils.java:logGet(46)) - raft.server.staging.catchup.gap = 1000 (default)
2024-08-19 16:24:47,917 [Socket Reader #10 for port 15010] INFO  ipc.Server (Server.java:run(1323)) - Starting Socket Reader #10 for port 15010
2024-08-19 16:24:47,918 [omNode-1@group-223341BB0309-LeaderElection1] INFO  server.RaftServerConfigKeys (ConfUtils.java:logGet(46)) - raft.server.write.element-limit = 4096 (default)
2024-08-19 16:24:47,919 [omNode-1@group-223341BB0309-LeaderElection1] INFO  server.RaftServerConfigKeys (ConfUtils.java:logGet(46)) - raft.server.write.byte-limit = 64MB (=67108864) (default)
2024-08-19 16:24:47,919 [main] INFO  ozone.HddsDatanodeService (HddsDatanodeService.java:start(319)) - Datanode start with admins: [om]
2024-08-19 16:24:47,919 [main] INFO  ozone.HddsDatanodeClientProtocolServer (HddsDatanodeClientProtocolServer.java:start(79)) - RPC server for Client /0.0.0.0:15010
2024-08-19 16:24:47,920 [IPC Server Responder] INFO  ipc.Server (Server.java:run(1562)) - IPC Server Responder: starting
2024-08-19 16:24:47,921 [IPC Server listener on 15010] INFO  ipc.Server (Server.java:run(1402)) - IPC Server listener on 15010: starting
2024-08-19 16:24:47,922 [omNode-1@group-223341BB0309-LeaderElection1] INFO  server.RaftServerConfigKeys (ConfUtils.java:logGet(46)) - raft.server.watch.timeout = 10s (default)
2024-08-19 16:24:47,922 [omNode-1@group-223341BB0309-LeaderElection1] INFO  server.RaftServerConfigKeys (ConfUtils.java:logGet(46)) - raft.server.watch.timeout.denomination = 1s (default)
2024-08-19 16:24:47,922 [omNode-1@group-223341BB0309-LeaderElection1] INFO  server.RaftServerConfigKeys (ConfUtils.java:logGet(46)) - raft.server.watch.element-limit = 65536 (default)
2024-08-19 16:24:47,926 [main] WARN  dropwizard3.Dm3MetricRegistriesImpl (Dm3MetricRegistriesImpl.java:addReporterRegistration(114)) - New reporters are added after registries were created. Some metrics will be missing from the reporter. Please add reporter before adding any new registry.
2024-08-19 16:24:47,926 [main] WARN  dropwizard3.Dm3MetricRegistriesImpl (Dm3MetricRegistriesImpl.java:addReporterRegistration(114)) - New reporters are added after registries were created. Some metrics will be missing from the reporter. Please add reporter before adding any new registry.
2024-08-19 16:24:47,926 [main] INFO  impl.MetricsSystemImpl (MetricsSystemImpl.java:init(158)) - HddsDatanode metrics system started (again)
2024-08-19 16:24:47,929 [omNode-1@group-223341BB0309-LeaderElection1] INFO  server.RaftServerConfigKeys (ConfUtils.java:logGet(46)) - raft.server.read.leader.lease.enabled = false (default)
2024-08-19 16:24:47,931 [omNode-1@group-223341BB0309-LeaderElection1] INFO  server.RaftServerConfigKeys (ConfUtils.java:logGet(46)) - raft.server.read.leader.lease.timeout.ratio = 0.9 (default)
2024-08-19 16:24:47,931 [omNode-1@group-223341BB0309-LeaderElection1] INFO  server.RaftServerConfigKeys (ConfUtils.java:logGet(46)) - raft.server.rpc.timeout.min = 1s (custom)
2024-08-19 16:24:47,931 [omNode-1@group-223341BB0309-LeaderElection1] INFO  server.RaftServerConfigKeys (ConfUtils.java:logGet(46)) - raft.server.log.log-metadata.enabled = true (default)
2024-08-19 16:24:47,931 [omNode-1@group-223341BB0309-LeaderElection1] INFO  server.RaftServerConfigKeys (ConfUtils.java:logGet(46)) - raft.server.write.element-limit = 4096 (default)
2024-08-19 16:24:47,932 [omNode-1@group-223341BB0309-LeaderElection1] INFO  server.RaftServerConfigKeys (ConfUtils.java:logGet(46)) - raft.server.write.follower.gap.ratio.max = -1.0 (default)
2024-08-19 16:24:47,934 [omNode-1@group-223341BB0309-LeaderElection1] INFO  impl.RoleInfo (RoleInfo.java:updateAndGet(148)) - omNode-1: start omNode-1@group-223341BB0309-LeaderStateImpl
2024-08-19 16:24:47,934 [omNode-1@group-223341BB0309-LeaderElection1] INFO  server.RaftServer$Division (RaftServerImpl.java:setFirstElection(549)) - omNode-1@group-223341BB0309: set firstElectionSinceStartup to false for becomeLeader
2024-08-19 16:24:47,936 [omNode-1@group-223341BB0309-LeaderElection1] INFO  server.RaftServer$Division (ServerState.java:setLeader(272)) - omNode-1@group-223341BB0309: change Leader from null to omNode-1 at term 1 for becomeLeader, leader elected after 3053ms
2024-08-19 16:24:47,946 [main] INFO  ozone.HddsDatanodeService (HddsDatanodeService.java:start(235)) - HddsDatanodeService host:fv-az880-377.0oiu2s0ixinexprtii2k4w5yae.ex.internal.cloudapp.net ip:10.1.0.106
2024-08-19 16:24:47,949 [main] INFO  upgrade.AbstractLayoutVersionManager (AbstractLayoutVersionManager.java:init(83)) - Initializing Layout version manager with metadata layout = HBASE_SUPPORT (version = 8), software layout = HBASE_SUPPORT (version = 8)
2024-08-19 16:24:47,950 [main] INFO  statemachine.DatanodeStateMachine (DatanodeStateMachine.java:getEndPointTaskThreadPoolSize(295)) - Datanode State Machine Task Thread Pool size 2
2024-08-19 16:24:47,955 [main] INFO  volume.HddsVolume (HddsVolume.java:<init>(127)) - Creating HddsVolume: /home/runner/work/ozone/ozone/hadoop-ozone/integration-test/target/test-dir/MiniOzoneClusterImpl-37a79142-3d3b-4256-8e35-bf5503c8d171/ozone-meta/datanode-2/data-0/hdds of storage type : DISK capacity : 9222449699674390527
2024-08-19 16:24:47,955 [omNode-1@group-223341BB0309-LeaderElection1] INFO  segmented.SegmentedRaftLogWorker (SegmentedRaftLogWorker.java:startLogSegment(433)) - omNode-1@group-223341BB0309-SegmentedRaftLogWorker: Starting segment from index:0
2024-08-19 16:24:47,956 [a60155f7-ea69-45b2-947a-1e7e01ad7119-DatanodeStateMachineDaemonThread] INFO  statemachine.DatanodeStateMachine (DatanodeStateMachine.java:startStateMachineThread(338)) - Ozone container server started.
2024-08-19 16:24:47,959 [main] INFO  volume.MutableVolumeSet (MutableVolumeSet.java:initializeVolumeSet(173)) - Added Volume : /home/runner/work/ozone/ozone/hadoop-ozone/integration-test/target/test-dir/MiniOzoneClusterImpl-37a79142-3d3b-4256-8e35-bf5503c8d171/ozone-meta/datanode-2/data-0/hdds to VolumeSet
2024-08-19 16:24:47,963 [main] INFO  volume.MutableVolumeSet (MutableVolumeSet.java:initializeVolumeSet(173)) - Added Volume : /home/runner/work/ozone/ozone/hadoop-ozone/integration-test/target/test-dir/MiniOzoneClusterImpl-37a79142-3d3b-4256-8e35-bf5503c8d171/ozone-meta/datanode-2/ratis to VolumeSet
2024-08-19 16:24:47,966 [main] INFO  ozoneimpl.OzoneContainer (HddsVolumeUtil.java:loadAllHddsVolumeDbStore(103)) - Load 1 volumes DbStore cost: 0ms
2024-08-19 16:24:47,973 [main] INFO  server.RaftServerConfigKeys (ConfUtils.java:logGet(46)) - raft.server.log.appender.buffer.byte-limit = 8388608 (custom)
2024-08-19 16:24:47,975 [main] INFO  server.RaftServer (ConfUtils.java:logGet(46)) - raft.rpc.type = GRPC (default)
2024-08-19 16:24:47,975 [main] INFO  grpc.GrpcConfigKeys (ConfUtils.java:logFallback(53)) - raft.grpc.admin.host = null (fallback to raft.grpc.server.host)
2024-08-19 16:24:47,975 [main] INFO  grpc.GrpcConfigKeys (ConfUtils.java:logGet(46)) - raft.grpc.admin.port = 15021 (custom)
2024-08-19 16:24:47,976 [main] INFO  grpc.GrpcConfigKeys (ConfUtils.java:logFallback(53)) - raft.grpc.client.host = null (fallback to raft.grpc.server.host)
2024-08-19 16:24:47,976 [main] INFO  grpc.GrpcConfigKeys (ConfUtils.java:logGet(46)) - raft.grpc.client.port = 15021 (custom)
2024-08-19 16:24:47,976 [main] INFO  grpc.GrpcConfigKeys (ConfUtils.java:logGet(46)) - raft.grpc.server.host = null (default)
2024-08-19 16:24:47,976 [main] INFO  grpc.GrpcConfigKeys (ConfUtils.java:logGet(46)) - raft.grpc.server.port = 15021 (custom)
2024-08-19 16:24:47,976 [main] INFO  server.GrpcService (ConfUtils.java:logGet(46)) - raft.grpc.message.size.max = 32MB (=33554432) (custom)
2024-08-19 16:24:47,976 [main] INFO  server.RaftServerConfigKeys (ConfUtils.java:logGet(46)) - raft.server.log.appender.buffer.byte-limit = 8388608 (custom)
2024-08-19 16:24:47,976 [main] INFO  server.GrpcService (ConfUtils.java:logGet(46)) - raft.grpc.flow.control.window = 5MB (=5242880) (custom)
2024-08-19 16:24:47,977 [main] INFO  server.RaftServerConfigKeys (ConfUtils.java:logGet(46)) - raft.server.rpc.request.timeout = 60s (custom)
2024-08-19 16:24:47,977 [main] INFO  grpc.GrpcConfigKeys (ConfUtils.java:logGet(46)) - raft.grpc.server.heartbeat.channel = true (default)
2024-08-19 16:24:47,977 [main] INFO  grpc.GrpcConfigKeys (ConfUtils.java:logGet(46)) - raft.grpc.server.async.request.thread.pool.cached = true (default)
2024-08-19 16:24:47,977 [main] INFO  grpc.GrpcConfigKeys (ConfUtils.java:logGet(46)) - raft.grpc.server.async.request.thread.pool.size = 32 (default)
2024-08-19 16:24:47,978 [main] INFO  impl.DataStreamServerImpl (ConfUtils.java:logGet(46)) - raft.datastream.type = NETTY (custom)
2024-08-19 16:24:47,978 [main] INFO  server.RaftServerConfigKeys (ConfUtils.java:logGet(46)) - raft.server.data-stream.async.request.thread.pool.cached = false (default)
2024-08-19 16:24:47,979 [main] INFO  server.RaftServerConfigKeys (ConfUtils.java:logGet(46)) - raft.server.data-stream.async.request.thread.pool.size = 20 (custom)
2024-08-19 16:24:47,979 [main] INFO  server.RaftServerConfigKeys (ConfUtils.java:logGet(46)) - raft.server.data-stream.async.write.thread.pool.size = 16 (default)
2024-08-19 16:24:47,979 [main] INFO  netty.NettyConfigKeys$DataStream (ConfUtils.java:logGet(46)) - raft.netty.dataStream.server.channel.inactive.grace-period = 10min (default)
2024-08-19 16:24:47,979 [main] INFO  server.RaftServerConfigKeys (ConfUtils.java:logGet(46)) - raft.server.data-stream.client.pool.size = 10 (default)
2024-08-19 16:24:47,979 [main] INFO  netty.NettyConfigKeys$DataStream (ConfUtils.java:logGet(46)) - raft.netty.dataStream.server.use-epoll = true (default)
2024-08-19 16:24:47,979 [main] INFO  netty.NettyConfigKeys$DataStream (ConfUtils.java:logGet(46)) - raft.netty.dataStream.server.boss-group.size = 0 (default)
2024-08-19 16:24:47,980 [main] INFO  netty.NettyUtils (NettyUtils.java:newEventLoopGroup(74)) - Create EpollEventLoopGroup for 9b6d9b22-4572-4a82-ae1c-a91d234bbb93-NettyServerStreamRpc-bossGroup; Thread size is 0.
2024-08-19 16:24:47,985 [main] INFO  netty.NettyConfigKeys$DataStream (ConfUtils.java:logGet(46)) - raft.netty.dataStream.server.worker-group.size = 0 (default)
2024-08-19 16:24:47,988 [main] INFO  netty.NettyUtils (NettyUtils.java:newEventLoopGroup(74)) - Create EpollEventLoopGroup for 9b6d9b22-4572-4a82-ae1c-a91d234bbb93-NettyServerStreamRpc-workerGroup; Thread size is 0.
2024-08-19 16:24:47,991 [main] INFO  netty.NettyConfigKeys$DataStream (ConfUtils.java:logGet(46)) - raft.netty.dataStream.server.tls.conf = null (default)
2024-08-19 16:24:47,992 [main] INFO  netty.NettyConfigKeys$DataStream (ConfUtils.java:logGet(46)) - raft.netty.dataStream.host = null (default)
2024-08-19 16:24:47,992 [main] INFO  netty.NettyConfigKeys$DataStream (ConfUtils.java:logGet(46)) - raft.netty.dataStream.port = 15024 (custom)
2024-08-19 16:24:47,997 [main] INFO  server.RaftServerConfigKeys (ConfUtils.java:logGet(46)) - raft.server.sleep.deviation.threshold = 300ms (default)
2024-08-19 16:24:47,998 [main] INFO  server.RaftServerConfigKeys (ConfUtils.java:logGet(46)) - raft.server.close.threshold = 60s (default)
2024-08-19 16:24:47,998 [main] INFO  server.RaftServerConfigKeys (ConfUtils.java:logGet(46)) - raft.server.leaderelection.leader.step-down.wait-time = 10s (default)
2024-08-19 16:24:47,998 [main] INFO  server.RaftServerConfigKeys (ConfUtils.java:logGet(46)) - raft.server.storage.dir = [/home/runner/work/ozone/ozone/hadoop-ozone/integration-test/target/test-dir/MiniOzoneClusterImpl-37a79142-3d3b-4256-8e35-bf5503c8d171/ozone-meta/datanode-2/ratis] (custom)
2024-08-19 16:24:47,998 [main] INFO  server.RaftServerConfigKeys (ConfUtils.java:logGet(46)) - raft.server.threadpool.proxy.cached = true (default)
2024-08-19 16:24:47,999 [main] INFO  server.RaftServerConfigKeys (ConfUtils.java:logGet(46)) - raft.server.threadpool.proxy.size = 0 (default)
2024-08-19 16:24:47,999 [9b6d9b22-4572-4a82-ae1c-a91d234bbb93-NettyServerStreamRpc-bossGroup--thread1] INFO  logging.LoggingHandler (AbstractInternalLogger.java:log(148)) - [id: 0x6c6fbe3f] REGISTERED
2024-08-19 16:24:48,001 [9b6d9b22-4572-4a82-ae1c-a91d234bbb93-NettyServerStreamRpc-bossGroup--thread1] INFO  logging.LoggingHandler (AbstractInternalLogger.java:log(148)) - [id: 0x6c6fbe3f] BIND: 0.0.0.0/0.0.0.0:15024
2024-08-19 16:24:48,001 [9b6d9b22-4572-4a82-ae1c-a91d234bbb93-NettyServerStreamRpc-bossGroup--thread1] INFO  logging.LoggingHandler (AbstractInternalLogger.java:log(148)) - [id: 0x6c6fbe3f, L:/0.0.0.0:15024] ACTIVE
2024-08-19 16:24:48,005 [9b6d9b22-4572-4a82-ae1c-a91d234bbb93-impl-thread1] INFO  server.RaftServer (RaftServerProxy.java:initGroupDir(266)) - 9b6d9b22-4572-4a82-ae1c-a91d234bbb93: found a subdirectory /home/runner/work/ozone/ozone/hadoop-ozone/integration-test/target/test-dir/MiniOzoneClusterImpl-37a79142-3d3b-4256-8e35-bf5503c8d171/ozone-meta/datanode-2/ratis/tmp
2024-08-19 16:24:48,006 [9b6d9b22-4572-4a82-ae1c-a91d234bbb93-impl-thread1] INFO  server.RaftServer (RaftServerProxy.java:initGroupDir(271)) - 9b6d9b22-4572-4a82-ae1c-a91d234bbb93: The directory /home/runner/work/ozone/ozone/hadoop-ozone/integration-test/target/test-dir/MiniOzoneClusterImpl-37a79142-3d3b-4256-8e35-bf5503c8d171/ozone-meta/datanode-2/ratis/tmp is not a group directory; ignoring it. 
2024-08-19 16:24:48,006 [main] INFO  replication.ReplicationServer (ReplicationServer.java:<init>(86)) - Initializing replication server with thread count = 10 queue length = 4096
2024-08-19 16:24:48,010 [omNode-1@group-223341BB0309-LeaderElection1] INFO  server.RaftServer$Division (ServerState.java:setRaftConf(386)) - omNode-1@group-223341BB0309: set configuration conf: {index: 0, cur=peers:[omNode-1|localhost:15007]|listeners:[], old=null}
2024-08-19 16:24:48,010 [main] INFO  server.XceiverServerGrpc (XceiverServerGrpc.java:<init>(141)) - GrpcServer channel type EpollServerSocketChannel
2024-08-19 16:24:48,013 [main] INFO  replication.ReplicationSupervisor (ReplicationSupervisor.java:build(157)) - Initializing replication supervisor with thread count = 10
2024-08-19 16:24:48,013 [main] INFO  replication.ReplicationSupervisor (ReplicationSupervisor.java:nodeStateUpdated(312)) - Node state updated to IN_SERVICE, scaling executor pool size to 10
2024-08-19 16:24:48,029 [main] INFO  http.BaseHttpServer (BaseHttpServer.java:newHttpServer2BuilderForOzone(223)) - Starting Web-server for hddsDatanode at: http://0.0.0.0:15018
2024-08-19 16:24:48,030 [main] INFO  http.BaseHttpServer (BaseHttpServer.java:<init>(110)) - Hadoop Security Enabled: false Ozone Security Enabled: false Ozone HTTP Security Enabled: false 
2024-08-19 16:24:48,032 [main] WARN  server.AuthenticationFilter (AuthenticationFilter.java:constructSecretProvider(240)) - Unable to initialize FileSignerSecretProvider, falling back to use random secrets. Reason: Could not read signature secret file: /home/runner/hadoop-http-auth-signature-secret
2024-08-19 16:24:48,041 [main] INFO  http.HttpRequestLog (HttpRequestLog.java:getRequestLog(86)) - Http request log for http.requests.hddsDatanode is not defined
2024-08-19 16:24:48,043 [main] INFO  http.HttpServer2 (HttpServer2.java:addGlobalFilter(1035)) - Added global filter 'safety' (class=org.apache.hadoop.hdds.server.http.HttpServer2$QuotingInputFilter)
2024-08-19 16:24:48,045 [main] INFO  http.HttpServer2 (HttpServer2.java:addFilter(1011)) - Added filter static_user_filter (class=org.apache.hadoop.http.lib.StaticUserWebFilter$StaticUserFilter) to context hddsDatanode
2024-08-19 16:24:48,045 [main] INFO  http.HttpServer2 (HttpServer2.java:addFilter(1019)) - Added filter static_user_filter (class=org.apache.hadoop.http.lib.StaticUserWebFilter$StaticUserFilter) to context logs
2024-08-19 16:24:48,045 [main] INFO  http.HttpServer2 (HttpServer2.java:addFilter(1019)) - Added filter static_user_filter (class=org.apache.hadoop.http.lib.StaticUserWebFilter$StaticUserFilter) to context static
2024-08-19 16:24:48,046 [main] INFO  http.BaseHttpServer (BaseHttpServer.java:<init>(189)) - HTTP server of hddsDatanode uses base directory /home/runner/work/ozone/ozone/hadoop-ozone/integration-test/target/test-dir/MiniOzoneClusterImpl-37a79142-3d3b-4256-8e35-bf5503c8d171/ozone-meta/datanode-2/meta/webserver
2024-08-19 16:24:48,046 [main] INFO  http.HttpServer2 (HttpServer2.java:bindListener(1235)) - Jetty bound to port 15018
2024-08-19 16:24:48,047 [main] INFO  server.Server (Server.java:doStart(375)) - jetty-9.4.55.v20240627; built: 2024-06-27T15:05:37.765Z; git: 70015831e5195ba74da6383c4ab7c90c56bb08af; jvm 17.0.12+7
2024-08-19 16:24:48,057 [main] INFO  server.session (DefaultSessionIdManager.java:doStart(334)) - DefaultSessionIdManager workerName=node0
2024-08-19 16:24:48,057 [main] INFO  server.session (DefaultSessionIdManager.java:doStart(339)) - No SessionScavenger set, using defaults
2024-08-19 16:24:48,058 [main] INFO  server.session (HouseKeeper.java:startScavenging(132)) - node0 Scavenging every 600000ms
2024-08-19 16:24:48,058 [main] INFO  handler.ContextHandler (ContextHandler.java:doStart(921)) - Started o.e.j.s.ServletContextHandler@3265e21a{logs,/logs,file:///home/runner/work/ozone/ozone/hadoop-ozone/integration-test/target/log,AVAILABLE}
2024-08-19 16:24:48,059 [main] INFO  handler.ContextHandler (ContextHandler.java:doStart(921)) - Started o.e.j.s.ServletContextHandler@59acd853{static,/static,jar:file:/home/runner/work/ozone/ozone/hadoop-hdds/container-service/target/hdds-container-service-1.5.0-SNAPSHOT.jar!/webapps/static,AVAILABLE}
2024-08-19 16:24:48,069 [omNode-1@group-223341BB0309-SegmentedRaftLogWorker] INFO  segmented.BufferedWriteChannel (BufferedWriteChannel.java:open(61)) - open log_inprogress_0 at position 0
2024-08-19 16:24:48,087 [omNode-1@group-223341BB0309-SegmentedRaftLogWorker] INFO  segmented.SegmentedRaftLogWorker (SegmentedRaftLogWorker.java:execute(637)) - omNode-1@group-223341BB0309-SegmentedRaftLogWorker: created new log segment /home/runner/work/ozone/ozone/hadoop-ozone/integration-test/target/test-dir/MiniOzoneClusterImpl-37a79142-3d3b-4256-8e35-bf5503c8d171/omNode-1/ratis/96f8ac2e-711f-3454-ac3b-223341bb0309/current/log_inprogress_0
2024-08-19 16:24:48,088 [a60155f7-ea69-45b2-947a-1e7e01ad7119-DatanodeStateMachineTaskThread-0] INFO  datanode.InitDatanodeState (InitDatanodeState.java:persistContainerDatanodeDetails(139)) - DatanodeDetails is persisted to /home/runner/work/ozone/ozone/hadoop-ozone/integration-test/target/test-dir/MiniOzoneClusterImpl-37a79142-3d3b-4256-8e35-bf5503c8d171/ozone-meta/datanode-1/meta/datanode.id
2024-08-19 16:24:48,197 [omNode-1@group-223341BB0309-StateMachineUpdater] INFO  ratis.OzoneManagerStateMachine (OzoneManagerStateMachine.java:notifyConfigurationChanged(216)) - Received Configuration change notification from Ratis. New Peer list:
[id: "omNode-1"
address: "localhost:15007"
startupRole: FOLLOWER
]
2024-08-19 16:24:48,198 [omNode-1@group-223341BB0309-StateMachineUpdater] INFO  server.RaftServer$Division (LeaderStateImpl.java:checkStartIndex(316)) - Leader omNode-1@group-223341BB0309-LeaderStateImpl is ready since appliedIndex == startIndex == 0
2024-08-19 16:24:48,353 [main] INFO  handler.ContextHandler (ContextHandler.java:doStart(921)) - Started o.e.j.w.WebAppContext@23d3c1d1{hddsDatanode,/,file:///home/runner/work/ozone/ozone/hadoop-ozone/integration-test/target/test-dir/MiniOzoneClusterImpl-37a79142-3d3b-4256-8e35-bf5503c8d171/ozone-meta/datanode-2/meta/webserver/jetty-0_0_0_0-15018-hdds-container-service-1_5_0-SNAPSHOT_jar-_-any-2499129199454372247/webapp/,AVAILABLE}{jar:file:/home/runner/work/ozone/ozone/hadoop-hdds/container-service/target/hdds-container-service-1.5.0-SNAPSHOT.jar!/webapps/hddsDatanode}
2024-08-19 16:24:48,354 [main] INFO  server.AbstractConnector (AbstractConnector.java:doStart(333)) - Started ServerConnector@106960fe{HTTP/1.1, (http/1.1)}{0.0.0.0:15018}
2024-08-19 16:24:48,355 [main] INFO  server.Server (Server.java:doStart(415)) - Started @10517ms
2024-08-19 16:24:48,355 [main] WARN  impl.MetricsSystemImpl (MetricsSystemImpl.java:register(279)) - Sink prometheus already exists!
2024-08-19 16:24:48,357 [main] INFO  http.BaseHttpServer (BaseHttpServer.java:updateConnectorAddress(354)) - HTTP server of hddsDatanode listening at http://0.0.0.0:15018
2024-08-19 16:24:48,357 [main] INFO  ipc.CallQueueManager (CallQueueManager.java:<init>(90)) - Using callQueue: class java.util.concurrent.LinkedBlockingQueue, queueCapacity: 1000, scheduler: class org.apache.hadoop.ipc.DefaultRpcScheduler, ipcBackoff: false.
2024-08-19 16:24:48,358 [main] INFO  ipc.Server (Server.java:<init>(1287)) - Listener at 0.0.0.0:15019
2024-08-19 16:24:48,359 [Socket Reader #1 for port 15019] INFO  ipc.Server (Server.java:run(1323)) - Starting Socket Reader #1 for port 15019
2024-08-19 16:24:48,360 [Socket Reader #3 for port 15019] INFO  ipc.Server (Server.java:run(1323)) - Starting Socket Reader #3 for port 15019
2024-08-19 16:24:48,360 [Socket Reader #2 for port 15019] INFO  ipc.Server (Server.java:run(1323)) - Starting Socket Reader #2 for port 15019
2024-08-19 16:24:48,364 [Socket Reader #4 for port 15019] INFO  ipc.Server (Server.java:run(1323)) - Starting Socket Reader #4 for port 15019
2024-08-19 16:24:48,368 [Socket Reader #5 for port 15019] INFO  ipc.Server (Server.java:run(1323)) - Starting Socket Reader #5 for port 15019
2024-08-19 16:24:48,369 [Socket Reader #9 for port 15019] INFO  ipc.Server (Server.java:run(1323)) - Starting Socket Reader #9 for port 15019
2024-08-19 16:24:48,372 [main] INFO  ozone.HddsDatanodeService (HddsDatanodeService.java:start(319)) - Datanode start with admins: [om]
2024-08-19 16:24:48,372 [main] INFO  ozone.HddsDatanodeClientProtocolServer (HddsDatanodeClientProtocolServer.java:start(79)) - RPC server for Client /0.0.0.0:15019
2024-08-19 16:24:48,369 [Socket Reader #7 for port 15019] INFO  ipc.Server (Server.java:run(1323)) - Starting Socket Reader #7 for port 15019
2024-08-19 16:24:48,369 [Socket Reader #6 for port 15019] INFO  ipc.Server (Server.java:run(1323)) - Starting Socket Reader #6 for port 15019
2024-08-19 16:24:48,370 [Socket Reader #10 for port 15019] INFO  ipc.Server (Server.java:run(1323)) - Starting Socket Reader #10 for port 15019
2024-08-19 16:24:48,370 [Socket Reader #8 for port 15019] INFO  ipc.Server (Server.java:run(1323)) - Starting Socket Reader #8 for port 15019
2024-08-19 16:24:48,375 [IPC Server Responder] INFO  ipc.Server (Server.java:run(1562)) - IPC Server Responder: starting
2024-08-19 16:24:48,376 [IPC Server listener on 15019] INFO  ipc.Server (Server.java:run(1402)) - IPC Server listener on 15019: starting
2024-08-19 16:24:48,398 [main] WARN  dropwizard3.Dm3MetricRegistriesImpl (Dm3MetricRegistriesImpl.java:addReporterRegistration(114)) - New reporters are added after registries were created. Some metrics will be missing from the reporter. Please add reporter before adding any new registry.
2024-08-19 16:24:48,398 [main] WARN  dropwizard3.Dm3MetricRegistriesImpl (Dm3MetricRegistriesImpl.java:addReporterRegistration(114)) - New reporters are added after registries were created. Some metrics will be missing from the reporter. Please add reporter before adding any new registry.
2024-08-19 16:24:48,398 [main] INFO  impl.MetricsSystemImpl (MetricsSystemImpl.java:init(158)) - HddsDatanode metrics system started (again)
2024-08-19 16:24:48,405 [9b6d9b22-4572-4a82-ae1c-a91d234bbb93-DatanodeStateMachineDaemonThread] INFO  statemachine.DatanodeStateMachine (DatanodeStateMachine.java:startStateMachineThread(338)) - Ozone container server started.
2024-08-19 16:24:48,408 [9b6d9b22-4572-4a82-ae1c-a91d234bbb93-DatanodeStateMachineTaskThread-0] INFO  datanode.InitDatanodeState (InitDatanodeState.java:persistContainerDatanodeDetails(139)) - DatanodeDetails is persisted to /home/runner/work/ozone/ozone/hadoop-ozone/integration-test/target/test-dir/MiniOzoneClusterImpl-37a79142-3d3b-4256-8e35-bf5503c8d171/ozone-meta/datanode-2/meta/datanode.id
2024-08-19 16:24:48,416 [main] INFO  ozone.HddsDatanodeService (HddsDatanodeService.java:start(235)) - HddsDatanodeService host:fv-az880-377.0oiu2s0ixinexprtii2k4w5yae.ex.internal.cloudapp.net ip:10.1.0.106
2024-08-19 16:24:48,419 [main] INFO  upgrade.AbstractLayoutVersionManager (AbstractLayoutVersionManager.java:init(83)) - Initializing Layout version manager with metadata layout = HBASE_SUPPORT (version = 8), software layout = HBASE_SUPPORT (version = 8)
2024-08-19 16:24:48,420 [main] INFO  statemachine.DatanodeStateMachine (DatanodeStateMachine.java:getEndPointTaskThreadPoolSize(295)) - Datanode State Machine Task Thread Pool size 2
2024-08-19 16:24:48,426 [main] INFO  volume.HddsVolume (HddsVolume.java:<init>(127)) - Creating HddsVolume: /home/runner/work/ozone/ozone/hadoop-ozone/integration-test/target/test-dir/MiniOzoneClusterImpl-37a79142-3d3b-4256-8e35-bf5503c8d171/ozone-meta/datanode-3/data-0/hdds of storage type : DISK capacity : 9222449699674390527
2024-08-19 16:24:48,427 [main] INFO  volume.MutableVolumeSet (MutableVolumeSet.java:initializeVolumeSet(173)) - Added Volume : /home/runner/work/ozone/ozone/hadoop-ozone/integration-test/target/test-dir/MiniOzoneClusterImpl-37a79142-3d3b-4256-8e35-bf5503c8d171/ozone-meta/datanode-3/data-0/hdds to VolumeSet
2024-08-19 16:24:48,430 [main] INFO  volume.MutableVolumeSet (MutableVolumeSet.java:initializeVolumeSet(173)) - Added Volume : /home/runner/work/ozone/ozone/hadoop-ozone/integration-test/target/test-dir/MiniOzoneClusterImpl-37a79142-3d3b-4256-8e35-bf5503c8d171/ozone-meta/datanode-3/ratis to VolumeSet
2024-08-19 16:24:48,431 [main] INFO  ozoneimpl.OzoneContainer (HddsVolumeUtil.java:loadAllHddsVolumeDbStore(103)) - Load 1 volumes DbStore cost: 0ms
2024-08-19 16:24:48,435 [main] INFO  server.RaftServerConfigKeys (ConfUtils.java:logGet(46)) - raft.server.log.appender.buffer.byte-limit = 8388608 (custom)
2024-08-19 16:24:48,438 [main] INFO  server.RaftServer (ConfUtils.java:logGet(46)) - raft.rpc.type = GRPC (default)
2024-08-19 16:24:48,438 [main] INFO  grpc.GrpcConfigKeys (ConfUtils.java:logFallback(53)) - raft.grpc.admin.host = null (fallback to raft.grpc.server.host)
2024-08-19 16:24:48,438 [main] INFO  grpc.GrpcConfigKeys (ConfUtils.java:logGet(46)) - raft.grpc.admin.port = 15030 (custom)
2024-08-19 16:24:48,439 [main] INFO  grpc.GrpcConfigKeys (ConfUtils.java:logFallback(53)) - raft.grpc.client.host = null (fallback to raft.grpc.server.host)
2024-08-19 16:24:48,440 [main] INFO  grpc.GrpcConfigKeys (ConfUtils.java:logGet(46)) - raft.grpc.client.port = 15030 (custom)
2024-08-19 16:24:48,440 [main] INFO  grpc.GrpcConfigKeys (ConfUtils.java:logGet(46)) - raft.grpc.server.host = null (default)
2024-08-19 16:24:48,441 [main] INFO  grpc.GrpcConfigKeys (ConfUtils.java:logGet(46)) - raft.grpc.server.port = 15030 (custom)
2024-08-19 16:24:48,441 [main] INFO  server.GrpcService (ConfUtils.java:logGet(46)) - raft.grpc.message.size.max = 32MB (=33554432) (custom)
2024-08-19 16:24:48,442 [main] INFO  server.RaftServerConfigKeys (ConfUtils.java:logGet(46)) - raft.server.log.appender.buffer.byte-limit = 8388608 (custom)
2024-08-19 16:24:48,442 [main] INFO  server.GrpcService (ConfUtils.java:logGet(46)) - raft.grpc.flow.control.window = 5MB (=5242880) (custom)
2024-08-19 16:24:48,443 [main] INFO  server.RaftServerConfigKeys (ConfUtils.java:logGet(46)) - raft.server.rpc.request.timeout = 60s (custom)
2024-08-19 16:24:48,443 [main] INFO  grpc.GrpcConfigKeys (ConfUtils.java:logGet(46)) - raft.grpc.server.heartbeat.channel = true (default)
2024-08-19 16:24:48,443 [main] INFO  grpc.GrpcConfigKeys (ConfUtils.java:logGet(46)) - raft.grpc.server.async.request.thread.pool.cached = true (default)
2024-08-19 16:24:48,444 [main] INFO  grpc.GrpcConfigKeys (ConfUtils.java:logGet(46)) - raft.grpc.server.async.request.thread.pool.size = 32 (default)
2024-08-19 16:24:48,445 [main] INFO  impl.DataStreamServerImpl (ConfUtils.java:logGet(46)) - raft.datastream.type = NETTY (custom)
2024-08-19 16:24:48,446 [main] INFO  server.RaftServerConfigKeys (ConfUtils.java:logGet(46)) - raft.server.data-stream.async.request.thread.pool.cached = false (default)
2024-08-19 16:24:48,446 [main] INFO  server.RaftServerConfigKeys (ConfUtils.java:logGet(46)) - raft.server.data-stream.async.request.thread.pool.size = 20 (custom)
2024-08-19 16:24:48,446 [main] INFO  server.RaftServerConfigKeys (ConfUtils.java:logGet(46)) - raft.server.data-stream.async.write.thread.pool.size = 16 (default)
2024-08-19 16:24:48,447 [main] INFO  netty.NettyConfigKeys$DataStream (ConfUtils.java:logGet(46)) - raft.netty.dataStream.server.channel.inactive.grace-period = 10min (default)
2024-08-19 16:24:48,447 [main] INFO  server.RaftServerConfigKeys (ConfUtils.java:logGet(46)) - raft.server.data-stream.client.pool.size = 10 (default)
2024-08-19 16:24:48,447 [main] INFO  netty.NettyConfigKeys$DataStream (ConfUtils.java:logGet(46)) - raft.netty.dataStream.server.use-epoll = true (default)
2024-08-19 16:24:48,447 [main] INFO  netty.NettyConfigKeys$DataStream (ConfUtils.java:logGet(46)) - raft.netty.dataStream.server.boss-group.size = 0 (default)
2024-08-19 16:24:48,447 [main] INFO  netty.NettyUtils (NettyUtils.java:newEventLoopGroup(74)) - Create EpollEventLoopGroup for ee221735-3b90-4b08-961d-7f24e77247fb-NettyServerStreamRpc-bossGroup; Thread size is 0.
2024-08-19 16:24:48,448 [main] INFO  netty.NettyConfigKeys$DataStream (ConfUtils.java:logGet(46)) - raft.netty.dataStream.server.worker-group.size = 0 (default)
2024-08-19 16:24:48,448 [main] INFO  netty.NettyUtils (NettyUtils.java:newEventLoopGroup(74)) - Create EpollEventLoopGroup for ee221735-3b90-4b08-961d-7f24e77247fb-NettyServerStreamRpc-workerGroup; Thread size is 0.
2024-08-19 16:24:48,449 [main] INFO  netty.NettyConfigKeys$DataStream (ConfUtils.java:logGet(46)) - raft.netty.dataStream.server.tls.conf = null (default)
2024-08-19 16:24:48,449 [main] INFO  netty.NettyConfigKeys$DataStream (ConfUtils.java:logGet(46)) - raft.netty.dataStream.host = null (default)
2024-08-19 16:24:48,449 [main] INFO  netty.NettyConfigKeys$DataStream (ConfUtils.java:logGet(46)) - raft.netty.dataStream.port = 15033 (custom)
2024-08-19 16:24:48,450 [main] INFO  server.RaftServerConfigKeys (ConfUtils.java:logGet(46)) - raft.server.sleep.deviation.threshold = 300ms (default)
2024-08-19 16:24:48,450 [main] INFO  server.RaftServerConfigKeys (ConfUtils.java:logGet(46)) - raft.server.close.threshold = 60s (default)
2024-08-19 16:24:48,450 [main] INFO  server.RaftServerConfigKeys (ConfUtils.java:logGet(46)) - raft.server.leaderelection.leader.step-down.wait-time = 10s (default)
2024-08-19 16:24:48,450 [main] INFO  server.RaftServerConfigKeys (ConfUtils.java:logGet(46)) - raft.server.storage.dir = [/home/runner/work/ozone/ozone/hadoop-ozone/integration-test/target/test-dir/MiniOzoneClusterImpl-37a79142-3d3b-4256-8e35-bf5503c8d171/ozone-meta/datanode-3/ratis] (custom)
2024-08-19 16:24:48,450 [main] INFO  server.RaftServerConfigKeys (ConfUtils.java:logGet(46)) - raft.server.threadpool.proxy.cached = true (default)
2024-08-19 16:24:48,451 [main] INFO  server.RaftServerConfigKeys (ConfUtils.java:logGet(46)) - raft.server.threadpool.proxy.size = 0 (default)
2024-08-19 16:24:48,451 [ee221735-3b90-4b08-961d-7f24e77247fb-NettyServerStreamRpc-bossGroup--thread1] INFO  logging.LoggingHandler (AbstractInternalLogger.java:log(148)) - [id: 0xaa667614] REGISTERED
2024-08-19 16:24:48,452 [ee221735-3b90-4b08-961d-7f24e77247fb-NettyServerStreamRpc-bossGroup--thread1] INFO  logging.LoggingHandler (AbstractInternalLogger.java:log(148)) - [id: 0xaa667614] BIND: 0.0.0.0/0.0.0.0:15033
2024-08-19 16:24:48,452 [ee221735-3b90-4b08-961d-7f24e77247fb-NettyServerStreamRpc-bossGroup--thread1] INFO  logging.LoggingHandler (AbstractInternalLogger.java:log(148)) - [id: 0xaa667614, L:/0.0.0.0:15033] ACTIVE
2024-08-19 16:24:48,453 [ee221735-3b90-4b08-961d-7f24e77247fb-impl-thread1] INFO  server.RaftServer (RaftServerProxy.java:initGroupDir(266)) - ee221735-3b90-4b08-961d-7f24e77247fb: found a subdirectory /home/runner/work/ozone/ozone/hadoop-ozone/integration-test/target/test-dir/MiniOzoneClusterImpl-37a79142-3d3b-4256-8e35-bf5503c8d171/ozone-meta/datanode-3/ratis/tmp
2024-08-19 16:24:48,453 [ee221735-3b90-4b08-961d-7f24e77247fb-impl-thread1] INFO  server.RaftServer (RaftServerProxy.java:initGroupDir(271)) - ee221735-3b90-4b08-961d-7f24e77247fb: The directory /home/runner/work/ozone/ozone/hadoop-ozone/integration-test/target/test-dir/MiniOzoneClusterImpl-37a79142-3d3b-4256-8e35-bf5503c8d171/ozone-meta/datanode-3/ratis/tmp is not a group directory; ignoring it. 
2024-08-19 16:24:48,454 [main] INFO  replication.ReplicationServer (ReplicationServer.java:<init>(86)) - Initializing replication server with thread count = 10 queue length = 4096
2024-08-19 16:24:48,456 [main] INFO  server.XceiverServerGrpc (XceiverServerGrpc.java:<init>(141)) - GrpcServer channel type EpollServerSocketChannel
2024-08-19 16:24:48,461 [main] INFO  replication.ReplicationSupervisor (ReplicationSupervisor.java:build(157)) - Initializing replication supervisor with thread count = 10
2024-08-19 16:24:48,461 [main] INFO  replication.ReplicationSupervisor (ReplicationSupervisor.java:nodeStateUpdated(312)) - Node state updated to IN_SERVICE, scaling executor pool size to 10
2024-08-19 16:24:48,466 [main] INFO  http.BaseHttpServer (BaseHttpServer.java:newHttpServer2BuilderForOzone(223)) - Starting Web-server for hddsDatanode at: http://0.0.0.0:15027
2024-08-19 16:24:48,466 [main] INFO  http.BaseHttpServer (BaseHttpServer.java:<init>(110)) - Hadoop Security Enabled: false Ozone Security Enabled: false Ozone HTTP Security Enabled: false 
2024-08-19 16:24:48,468 [main] WARN  server.AuthenticationFilter (AuthenticationFilter.java:constructSecretProvider(240)) - Unable to initialize FileSignerSecretProvider, falling back to use random secrets. Reason: Could not read signature secret file: /home/runner/hadoop-http-auth-signature-secret
2024-08-19 16:24:48,470 [main] INFO  http.HttpRequestLog (HttpRequestLog.java:getRequestLog(86)) - Http request log for http.requests.hddsDatanode is not defined
2024-08-19 16:24:48,472 [main] INFO  http.HttpServer2 (HttpServer2.java:addGlobalFilter(1035)) - Added global filter 'safety' (class=org.apache.hadoop.hdds.server.http.HttpServer2$QuotingInputFilter)
2024-08-19 16:24:48,473 [main] INFO  http.HttpServer2 (HttpServer2.java:addFilter(1011)) - Added filter static_user_filter (class=org.apache.hadoop.http.lib.StaticUserWebFilter$StaticUserFilter) to context hddsDatanode
2024-08-19 16:24:48,473 [main] INFO  http.HttpServer2 (HttpServer2.java:addFilter(1019)) - Added filter static_user_filter (class=org.apache.hadoop.http.lib.StaticUserWebFilter$StaticUserFilter) to context logs
2024-08-19 16:24:48,473 [main] INFO  http.HttpServer2 (HttpServer2.java:addFilter(1019)) - Added filter static_user_filter (class=org.apache.hadoop.http.lib.StaticUserWebFilter$StaticUserFilter) to context static
2024-08-19 16:24:48,474 [main] INFO  http.BaseHttpServer (BaseHttpServer.java:<init>(189)) - HTTP server of hddsDatanode uses base directory /home/runner/work/ozone/ozone/hadoop-ozone/integration-test/target/test-dir/MiniOzoneClusterImpl-37a79142-3d3b-4256-8e35-bf5503c8d171/ozone-meta/datanode-3/meta/webserver
2024-08-19 16:24:48,474 [main] INFO  http.HttpServer2 (HttpServer2.java:bindListener(1235)) - Jetty bound to port 15027
2024-08-19 16:24:48,474 [main] INFO  server.Server (Server.java:doStart(375)) - jetty-9.4.55.v20240627; built: 2024-06-27T15:05:37.765Z; git: 70015831e5195ba74da6383c4ab7c90c56bb08af; jvm 17.0.12+7
2024-08-19 16:24:48,482 [main] INFO  server.session (DefaultSessionIdManager.java:doStart(334)) - DefaultSessionIdManager workerName=node0
2024-08-19 16:24:48,482 [main] INFO  server.session (DefaultSessionIdManager.java:doStart(339)) - No SessionScavenger set, using defaults
2024-08-19 16:24:48,482 [main] INFO  server.session (HouseKeeper.java:startScavenging(132)) - node0 Scavenging every 660000ms
2024-08-19 16:24:48,486 [main] INFO  handler.ContextHandler (ContextHandler.java:doStart(921)) - Started o.e.j.s.ServletContextHandler@6430c591{logs,/logs,file:///home/runner/work/ozone/ozone/hadoop-ozone/integration-test/target/log,AVAILABLE}
2024-08-19 16:24:48,487 [main] INFO  handler.ContextHandler (ContextHandler.java:doStart(921)) - Started o.e.j.s.ServletContextHandler@61ecfae6{static,/static,jar:file:/home/runner/work/ozone/ozone/hadoop-hdds/container-service/target/hdds-container-service-1.5.0-SNAPSHOT.jar!/webapps/static,AVAILABLE}
2024-08-19 16:24:48,766 [main] INFO  handler.ContextHandler (ContextHandler.java:doStart(921)) - Started o.e.j.w.WebAppContext@27bcfd19{hddsDatanode,/,file:///home/runner/work/ozone/ozone/hadoop-ozone/integration-test/target/test-dir/MiniOzoneClusterImpl-37a79142-3d3b-4256-8e35-bf5503c8d171/ozone-meta/datanode-3/meta/webserver/jetty-0_0_0_0-15027-hdds-container-service-1_5_0-SNAPSHOT_jar-_-any-3264088762206511341/webapp/,AVAILABLE}{jar:file:/home/runner/work/ozone/ozone/hadoop-hdds/container-service/target/hdds-container-service-1.5.0-SNAPSHOT.jar!/webapps/hddsDatanode}
2024-08-19 16:24:48,767 [main] INFO  server.AbstractConnector (AbstractConnector.java:doStart(333)) - Started ServerConnector@2ff19dab{HTTP/1.1, (http/1.1)}{0.0.0.0:15027}
2024-08-19 16:24:48,768 [main] INFO  server.Server (Server.java:doStart(415)) - Started @10930ms
2024-08-19 16:24:48,768 [main] WARN  impl.MetricsSystemImpl (MetricsSystemImpl.java:register(279)) - Sink prometheus already exists!
2024-08-19 16:24:48,769 [main] INFO  http.BaseHttpServer (BaseHttpServer.java:updateConnectorAddress(354)) - HTTP server of hddsDatanode listening at http://0.0.0.0:15027
2024-08-19 16:24:48,769 [main] INFO  ipc.CallQueueManager (CallQueueManager.java:<init>(90)) - Using callQueue: class java.util.concurrent.LinkedBlockingQueue, queueCapacity: 1000, scheduler: class org.apache.hadoop.ipc.DefaultRpcScheduler, ipcBackoff: false.
2024-08-19 16:24:48,770 [main] INFO  ipc.Server (Server.java:<init>(1287)) - Listener at 0.0.0.0:15028
2024-08-19 16:24:48,770 [Socket Reader #1 for port 15028] INFO  ipc.Server (Server.java:run(1323)) - Starting Socket Reader #1 for port 15028
2024-08-19 16:24:48,771 [Socket Reader #2 for port 15028] INFO  ipc.Server (Server.java:run(1323)) - Starting Socket Reader #2 for port 15028
2024-08-19 16:24:48,771 [Socket Reader #3 for port 15028] INFO  ipc.Server (Server.java:run(1323)) - Starting Socket Reader #3 for port 15028
2024-08-19 16:24:48,771 [Socket Reader #4 for port 15028] INFO  ipc.Server (Server.java:run(1323)) - Starting Socket Reader #4 for port 15028
2024-08-19 16:24:48,776 [Socket Reader #5 for port 15028] INFO  ipc.Server (Server.java:run(1323)) - Starting Socket Reader #5 for port 15028
2024-08-19 16:24:48,777 [Socket Reader #6 for port 15028] INFO  ipc.Server (Server.java:run(1323)) - Starting Socket Reader #6 for port 15028
2024-08-19 16:24:48,779 [Socket Reader #8 for port 15028] INFO  ipc.Server (Server.java:run(1323)) - Starting Socket Reader #8 for port 15028
2024-08-19 16:24:48,779 [Socket Reader #7 for port 15028] INFO  ipc.Server (Server.java:run(1323)) - Starting Socket Reader #7 for port 15028
2024-08-19 16:24:48,779 [Socket Reader #9 for port 15028] INFO  ipc.Server (Server.java:run(1323)) - Starting Socket Reader #9 for port 15028
2024-08-19 16:24:48,780 [Socket Reader #10 for port 15028] INFO  ipc.Server (Server.java:run(1323)) - Starting Socket Reader #10 for port 15028
2024-08-19 16:24:48,785 [main] INFO  ozone.HddsDatanodeService (HddsDatanodeService.java:start(319)) - Datanode start with admins: [om]
2024-08-19 16:24:48,785 [main] INFO  ozone.HddsDatanodeClientProtocolServer (HddsDatanodeClientProtocolServer.java:start(79)) - RPC server for Client /0.0.0.0:15028
2024-08-19 16:24:48,786 [IPC Server Responder] INFO  ipc.Server (Server.java:run(1562)) - IPC Server Responder: starting
2024-08-19 16:24:48,787 [IPC Server listener on 15028] INFO  ipc.Server (Server.java:run(1402)) - IPC Server listener on 15028: starting
2024-08-19 16:24:48,804 [main] INFO  ozone.MiniOzoneClusterImpl (MiniOzoneClusterImpl.java:lambda$waitForClusterToBeReady$0(198)) - Waiting for nodes to be ready. Got 0 of 3 DN Heartbeats.
2024-08-19 16:24:48,804 [main] INFO  ozone.MiniOzoneClusterImpl (MiniOzoneClusterImpl.java:lambda$waitForClusterToBeReady$0(201)) - Waiting for cluster to exit safe mode
2024-08-19 16:24:48,804 [main] INFO  ozone.MiniOzoneClusterImpl (MiniOzoneClusterImpl.java:lambda$waitForClusterToBeReady$0(203)) - SCM became leader
2024-08-19 16:24:48,819 [ee221735-3b90-4b08-961d-7f24e77247fb-DatanodeStateMachineDaemonThread] INFO  statemachine.DatanodeStateMachine (DatanodeStateMachine.java:startStateMachineThread(338)) - Ozone container server started.
2024-08-19 16:24:48,826 [ee221735-3b90-4b08-961d-7f24e77247fb-DatanodeStateMachineTaskThread-0] INFO  datanode.InitDatanodeState (InitDatanodeState.java:persistContainerDatanodeDetails(139)) - DatanodeDetails is persisted to /home/runner/work/ozone/ozone/hadoop-ozone/integration-test/target/test-dir/MiniOzoneClusterImpl-37a79142-3d3b-4256-8e35-bf5503c8d171/ozone-meta/datanode-3/meta/datanode.id
2024-08-19 16:24:49,804 [main] INFO  ozone.MiniOzoneClusterImpl (MiniOzoneClusterImpl.java:lambda$waitForClusterToBeReady$0(198)) - Waiting for nodes to be ready. Got 0 of 3 DN Heartbeats.
2024-08-19 16:24:49,805 [main] INFO  ozone.MiniOzoneClusterImpl (MiniOzoneClusterImpl.java:lambda$waitForClusterToBeReady$0(201)) - Waiting for cluster to exit safe mode
2024-08-19 16:24:49,805 [main] INFO  ozone.MiniOzoneClusterImpl (MiniOzoneClusterImpl.java:lambda$waitForClusterToBeReady$0(203)) - SCM became leader
2024-08-19 16:24:50,049 [a60155f7-ea69-45b2-947a-1e7e01ad7119-EndpointStateMachineTaskThread-/0.0.0.0:15002-0 ] INFO  utils.DatanodeStoreCache (DatanodeStoreCache.java:addDB(72)) - Added db /home/runner/work/ozone/ozone/hadoop-ozone/integration-test/target/test-dir/MiniOzoneClusterImpl-37a79142-3d3b-4256-8e35-bf5503c8d171/ozone-meta/datanode-1/data-0/hdds/37a79142-3d3b-4256-8e35-bf5503c8d171/DS-2a0f4f19-7c65-4234-a3aa-525936273547/container.db to cache
2024-08-19 16:24:50,049 [a60155f7-ea69-45b2-947a-1e7e01ad7119-EndpointStateMachineTaskThread-/0.0.0.0:15002-0 ] INFO  volume.HddsVolume (HddsVolume.java:createDbStore(429)) - SchemaV3 db is created and loaded at /home/runner/work/ozone/ozone/hadoop-ozone/integration-test/target/test-dir/MiniOzoneClusterImpl-37a79142-3d3b-4256-8e35-bf5503c8d171/ozone-meta/datanode-1/data-0/hdds/37a79142-3d3b-4256-8e35-bf5503c8d171/DS-2a0f4f19-7c65-4234-a3aa-525936273547/container.db for volume DS-2a0f4f19-7c65-4234-a3aa-525936273547
2024-08-19 16:24:50,057 [a60155f7-ea69-45b2-947a-1e7e01ad7119-ContainerReader-0] INFO  ozoneimpl.ContainerReader (ContainerReader.java:readVolume(148)) - Start to verify containers on volume /home/runner/work/ozone/ozone/hadoop-ozone/integration-test/target/test-dir/MiniOzoneClusterImpl-37a79142-3d3b-4256-8e35-bf5503c8d171/ozone-meta/datanode-1/data-0/hdds
2024-08-19 16:24:50,058 [a60155f7-ea69-45b2-947a-1e7e01ad7119-ContainerReader-0] INFO  ozoneimpl.ContainerReader (ContainerReader.java:readVolume(178)) - Finish verifying containers on volume /home/runner/work/ozone/ozone/hadoop-ozone/integration-test/target/test-dir/MiniOzoneClusterImpl-37a79142-3d3b-4256-8e35-bf5503c8d171/ozone-meta/datanode-1/data-0/hdds
2024-08-19 16:24:50,058 [a60155f7-ea69-45b2-947a-1e7e01ad7119-EndpointStateMachineTaskThread-/0.0.0.0:15002-0 ] INFO  ozoneimpl.OzoneContainer (OzoneContainer.java:buildContainerSet(344)) - Build ContainerSet costs 0s
2024-08-19 16:24:50,059 [a60155f7-ea69-45b2-947a-1e7e01ad7119-EndpointStateMachineTaskThread-/0.0.0.0:15002-0 ] INFO  volume.ThrottledAsyncChecker (ThrottledAsyncChecker.java:schedule(141)) - Scheduling a check for /home/runner/work/ozone/ozone/hadoop-ozone/integration-test/target/test-dir/MiniOzoneClusterImpl-37a79142-3d3b-4256-8e35-bf5503c8d171/ozone-meta/datanode-1/data-0/hdds
2024-08-19 16:24:50,065 [a60155f7-ea69-45b2-947a-1e7e01ad7119-EndpointStateMachineTaskThread-/0.0.0.0:15002-0 ] INFO  volume.StorageVolumeChecker (StorageVolumeChecker.java:checkAllVolumes(218)) - Scheduled health check for volume /home/runner/work/ozone/ozone/hadoop-ozone/integration-test/target/test-dir/MiniOzoneClusterImpl-37a79142-3d3b-4256-8e35-bf5503c8d171/ozone-meta/datanode-1/data-0/hdds
2024-08-19 16:24:50,069 [a60155f7-ea69-45b2-947a-1e7e01ad7119-EndpointStateMachineTaskThread-/0.0.0.0:15002-0 ] INFO  volume.ThrottledAsyncChecker (ThrottledAsyncChecker.java:schedule(141)) - Scheduling a check for /home/runner/work/ozone/ozone/hadoop-ozone/integration-test/target/test-dir/MiniOzoneClusterImpl-37a79142-3d3b-4256-8e35-bf5503c8d171/ozone-meta/datanode-1/ratis
2024-08-19 16:24:50,069 [a60155f7-ea69-45b2-947a-1e7e01ad7119-EndpointStateMachineTaskThread-/0.0.0.0:15002-0 ] INFO  volume.StorageVolumeChecker (StorageVolumeChecker.java:checkAllVolumes(218)) - Scheduled health check for volume /home/runner/work/ozone/ozone/hadoop-ozone/integration-test/target/test-dir/MiniOzoneClusterImpl-37a79142-3d3b-4256-8e35-bf5503c8d171/ozone-meta/datanode-1/ratis
2024-08-19 16:24:50,071 [a60155f7-ea69-45b2-947a-1e7e01ad7119-EndpointStateMachineTaskThread-/0.0.0.0:15002-0 ] INFO  ozoneimpl.OzoneContainer (OzoneContainer.java:start(475)) - Attempting to start container services.
2024-08-19 16:24:50,080 [ContainerMetadataScanner] INFO  ozoneimpl.AbstractBackgroundContainerScanner (AbstractBackgroundContainerScanner.java:runIteration(87)) - Completed an iteration in 0 minutes. Number of iterations (since the data-node restart) : 1, Number of containers scanned in this iteration : 0, Number of unhealthy containers found in this iteration : 0
2024-08-19 16:24:50,083 [a60155f7-ea69-45b2-947a-1e7e01ad7119-EndpointStateMachineTaskThread-/0.0.0.0:15002-0 ] INFO  replication.ReplicationServer (ReplicationServer.java:start(140)) - ReplicationServer is started using port 15016
2024-08-19 16:24:50,083 [a60155f7-ea69-45b2-947a-1e7e01ad7119-EndpointStateMachineTaskThread-/0.0.0.0:15002-0 ] INFO  ratis.XceiverServerRatis (XceiverServerRatis.java:start(561)) - Starting XceiverServerRatis a60155f7-ea69-45b2-947a-1e7e01ad7119
2024-08-19 16:24:50,084 [ContainerDataScanner(/home/runner/work/ozone/ozone/hadoop-ozone/integration-test/target/test-dir/MiniOzoneClusterImpl-37a79142-3d3b-4256-8e35-bf5503c8d171/ozone-meta/datanode-1/data-0/hdds)] INFO  ozoneimpl.AbstractBackgroundContainerScanner (AbstractBackgroundContainerScanner.java:runIteration(87)) - Completed an iteration in 0 minutes. Number of iterations (since the data-node restart) : 1, Number of containers scanned in this iteration : 0, Number of unhealthy containers found in this iteration : 0
2024-08-19 16:24:50,092 [a60155f7-ea69-45b2-947a-1e7e01ad7119-EndpointStateMachineTaskThread-/0.0.0.0:15002-0 ] INFO  server.RaftServer (RaftServerProxy.java:startImpl(408)) - a60155f7-ea69-45b2-947a-1e7e01ad7119: start RPC server
2024-08-19 16:24:50,093 [a60155f7-ea69-45b2-947a-1e7e01ad7119-EndpointStateMachineTaskThread-/0.0.0.0:15002-0 ] INFO  server.GrpcService (GrpcService.java:startImpl(302)) - a60155f7-ea69-45b2-947a-1e7e01ad7119: GrpcService started, listening on 15012
2024-08-19 16:24:50,096 [JvmPauseMonitor2] INFO  util.JvmPauseMonitor (JvmPauseMonitor.java:run(146)) - JvmPauseMonitor-a60155f7-ea69-45b2-947a-1e7e01ad7119: Started
2024-08-19 16:24:50,096 [a60155f7-ea69-45b2-947a-1e7e01ad7119-EndpointStateMachineTaskThread-/0.0.0.0:15002-0 ] INFO  ratis.XceiverServerRatis (XceiverServerRatis.java:getRealPort(587)) - XceiverServerRatis a60155f7-ea69-45b2-947a-1e7e01ad7119 is started using port 15012 for RATIS
2024-08-19 16:24:50,098 [a60155f7-ea69-45b2-947a-1e7e01ad7119-EndpointStateMachineTaskThread-/0.0.0.0:15002-0 ] INFO  ratis.XceiverServerRatis (XceiverServerRatis.java:getRealPort(587)) - XceiverServerRatis a60155f7-ea69-45b2-947a-1e7e01ad7119 is started using port 15012 for RATIS_ADMIN
2024-08-19 16:24:50,098 [a60155f7-ea69-45b2-947a-1e7e01ad7119-EndpointStateMachineTaskThread-/0.0.0.0:15002-0 ] INFO  ratis.XceiverServerRatis (XceiverServerRatis.java:getRealPort(587)) - XceiverServerRatis a60155f7-ea69-45b2-947a-1e7e01ad7119 is started using port 15012 for RATIS_SERVER
2024-08-19 16:24:50,098 [a60155f7-ea69-45b2-947a-1e7e01ad7119-EndpointStateMachineTaskThread-/0.0.0.0:15002-0 ] INFO  ratis.XceiverServerRatis (XceiverServerRatis.java:getRealPort(587)) - XceiverServerRatis a60155f7-ea69-45b2-947a-1e7e01ad7119 is started using port 15015 for RATIS_DATASTREAM
2024-08-19 16:24:50,103 [a60155f7-ea69-45b2-947a-1e7e01ad7119-BlockDeletingService#0] INFO  interfaces.ContainerDeletionChoosingPolicyTemplate (ContainerDeletionChoosingPolicyTemplate.java:chooseContainerForBlockDeletion(85)) - Chosen 0/5000 blocks from 0 candidate containers.
2024-08-19 16:24:50,436 [9b6d9b22-4572-4a82-ae1c-a91d234bbb93-EndpointStateMachineTaskThread-/0.0.0.0:15002-0 ] INFO  utils.DatanodeStoreCache (DatanodeStoreCache.java:addDB(72)) - Added db /home/runner/work/ozone/ozone/hadoop-ozone/integration-test/target/test-dir/MiniOzoneClusterImpl-37a79142-3d3b-4256-8e35-bf5503c8d171/ozone-meta/datanode-2/data-0/hdds/37a79142-3d3b-4256-8e35-bf5503c8d171/DS-26944e3c-a296-4a72-ba2a-5ce1a66083a1/container.db to cache
2024-08-19 16:24:50,437 [9b6d9b22-4572-4a82-ae1c-a91d234bbb93-EndpointStateMachineTaskThread-/0.0.0.0:15002-0 ] INFO  volume.HddsVolume (HddsVolume.java:createDbStore(429)) - SchemaV3 db is created and loaded at /home/runner/work/ozone/ozone/hadoop-ozone/integration-test/target/test-dir/MiniOzoneClusterImpl-37a79142-3d3b-4256-8e35-bf5503c8d171/ozone-meta/datanode-2/data-0/hdds/37a79142-3d3b-4256-8e35-bf5503c8d171/DS-26944e3c-a296-4a72-ba2a-5ce1a66083a1/container.db for volume DS-26944e3c-a296-4a72-ba2a-5ce1a66083a1
2024-08-19 16:24:50,441 [9b6d9b22-4572-4a82-ae1c-a91d234bbb93-ContainerReader-0] INFO  ozoneimpl.ContainerReader (ContainerReader.java:readVolume(148)) - Start to verify containers on volume /home/runner/work/ozone/ozone/hadoop-ozone/integration-test/target/test-dir/MiniOzoneClusterImpl-37a79142-3d3b-4256-8e35-bf5503c8d171/ozone-meta/datanode-2/data-0/hdds
2024-08-19 16:24:50,441 [9b6d9b22-4572-4a82-ae1c-a91d234bbb93-ContainerReader-0] INFO  ozoneimpl.ContainerReader (ContainerReader.java:readVolume(178)) - Finish verifying containers on volume /home/runner/work/ozone/ozone/hadoop-ozone/integration-test/target/test-dir/MiniOzoneClusterImpl-37a79142-3d3b-4256-8e35-bf5503c8d171/ozone-meta/datanode-2/data-0/hdds
2024-08-19 16:24:50,441 [9b6d9b22-4572-4a82-ae1c-a91d234bbb93-EndpointStateMachineTaskThread-/0.0.0.0:15002-0 ] INFO  ozoneimpl.OzoneContainer (OzoneContainer.java:buildContainerSet(344)) - Build ContainerSet costs 0s
2024-08-19 16:24:50,441 [9b6d9b22-4572-4a82-ae1c-a91d234bbb93-EndpointStateMachineTaskThread-/0.0.0.0:15002-0 ] INFO  volume.ThrottledAsyncChecker (ThrottledAsyncChecker.java:schedule(141)) - Scheduling a check for /home/runner/work/ozone/ozone/hadoop-ozone/integration-test/target/test-dir/MiniOzoneClusterImpl-37a79142-3d3b-4256-8e35-bf5503c8d171/ozone-meta/datanode-2/data-0/hdds
2024-08-19 16:24:50,448 [9b6d9b22-4572-4a82-ae1c-a91d234bbb93-EndpointStateMachineTaskThread-/0.0.0.0:15002-0 ] INFO  volume.StorageVolumeChecker (StorageVolumeChecker.java:checkAllVolumes(218)) - Scheduled health check for volume /home/runner/work/ozone/ozone/hadoop-ozone/integration-test/target/test-dir/MiniOzoneClusterImpl-37a79142-3d3b-4256-8e35-bf5503c8d171/ozone-meta/datanode-2/data-0/hdds
2024-08-19 16:24:50,448 [9b6d9b22-4572-4a82-ae1c-a91d234bbb93-EndpointStateMachineTaskThread-/0.0.0.0:15002-0 ] INFO  volume.ThrottledAsyncChecker (ThrottledAsyncChecker.java:schedule(141)) - Scheduling a check for /home/runner/work/ozone/ozone/hadoop-ozone/integration-test/target/test-dir/MiniOzoneClusterImpl-37a79142-3d3b-4256-8e35-bf5503c8d171/ozone-meta/datanode-2/ratis
2024-08-19 16:24:50,448 [9b6d9b22-4572-4a82-ae1c-a91d234bbb93-EndpointStateMachineTaskThread-/0.0.0.0:15002-0 ] INFO  volume.StorageVolumeChecker (StorageVolumeChecker.java:checkAllVolumes(218)) - Scheduled health check for volume /home/runner/work/ozone/ozone/hadoop-ozone/integration-test/target/test-dir/MiniOzoneClusterImpl-37a79142-3d3b-4256-8e35-bf5503c8d171/ozone-meta/datanode-2/ratis
2024-08-19 16:24:50,450 [9b6d9b22-4572-4a82-ae1c-a91d234bbb93-EndpointStateMachineTaskThread-/0.0.0.0:15002-0 ] INFO  ozoneimpl.OzoneContainer (OzoneContainer.java:start(475)) - Attempting to start container services.
2024-08-19 16:24:50,450 [9b6d9b22-4572-4a82-ae1c-a91d234bbb93-EndpointStateMachineTaskThread-/0.0.0.0:15002-0 ] WARN  ozoneimpl.OnDemandContainerDataScanner (OnDemandContainerDataScanner.java:init(75)) - Trying to initialize on demand scanner a second time on a datanode.
2024-08-19 16:24:50,451 [ContainerMetadataScanner] INFO  ozoneimpl.AbstractBackgroundContainerScanner (AbstractBackgroundContainerScanner.java:runIteration(87)) - Completed an iteration in 0 minutes. Number of iterations (since the data-node restart) : 1, Number of containers scanned in this iteration : 0, Number of unhealthy containers found in this iteration : 0
2024-08-19 16:24:50,453 [9b6d9b22-4572-4a82-ae1c-a91d234bbb93-EndpointStateMachineTaskThread-/0.0.0.0:15002-0 ] INFO  replication.ReplicationServer (ReplicationServer.java:start(140)) - ReplicationServer is started using port 15025
2024-08-19 16:24:50,453 [9b6d9b22-4572-4a82-ae1c-a91d234bbb93-EndpointStateMachineTaskThread-/0.0.0.0:15002-0 ] INFO  ratis.XceiverServerRatis (XceiverServerRatis.java:start(561)) - Starting XceiverServerRatis 9b6d9b22-4572-4a82-ae1c-a91d234bbb93
2024-08-19 16:24:50,453 [ContainerDataScanner(/home/runner/work/ozone/ozone/hadoop-ozone/integration-test/target/test-dir/MiniOzoneClusterImpl-37a79142-3d3b-4256-8e35-bf5503c8d171/ozone-meta/datanode-2/data-0/hdds)] INFO  ozoneimpl.AbstractBackgroundContainerScanner (AbstractBackgroundContainerScanner.java:runIteration(87)) - Completed an iteration in 0 minutes. Number of iterations (since the data-node restart) : 1, Number of containers scanned in this iteration : 0, Number of unhealthy containers found in this iteration : 0
2024-08-19 16:24:50,460 [9b6d9b22-4572-4a82-ae1c-a91d234bbb93-EndpointStateMachineTaskThread-/0.0.0.0:15002-0 ] INFO  server.RaftServer (RaftServerProxy.java:startImpl(408)) - 9b6d9b22-4572-4a82-ae1c-a91d234bbb93: start RPC server
2024-08-19 16:24:50,461 [9b6d9b22-4572-4a82-ae1c-a91d234bbb93-EndpointStateMachineTaskThread-/0.0.0.0:15002-0 ] INFO  server.GrpcService (GrpcService.java:startImpl(302)) - 9b6d9b22-4572-4a82-ae1c-a91d234bbb93: GrpcService started, listening on 15021
2024-08-19 16:24:50,464 [9b6d9b22-4572-4a82-ae1c-a91d234bbb93-EndpointStateMachineTaskThread-/0.0.0.0:15002-0 ] INFO  ratis.XceiverServerRatis (XceiverServerRatis.java:getRealPort(587)) - XceiverServerRatis 9b6d9b22-4572-4a82-ae1c-a91d234bbb93 is started using port 15021 for RATIS
2024-08-19 16:24:50,464 [9b6d9b22-4572-4a82-ae1c-a91d234bbb93-EndpointStateMachineTaskThread-/0.0.0.0:15002-0 ] INFO  ratis.XceiverServerRatis (XceiverServerRatis.java:getRealPort(587)) - XceiverServerRatis 9b6d9b22-4572-4a82-ae1c-a91d234bbb93 is started using port 15021 for RATIS_ADMIN
2024-08-19 16:24:50,464 [9b6d9b22-4572-4a82-ae1c-a91d234bbb93-EndpointStateMachineTaskThread-/0.0.0.0:15002-0 ] INFO  ratis.XceiverServerRatis (XceiverServerRatis.java:getRealPort(587)) - XceiverServerRatis 9b6d9b22-4572-4a82-ae1c-a91d234bbb93 is started using port 15021 for RATIS_SERVER
2024-08-19 16:24:50,464 [9b6d9b22-4572-4a82-ae1c-a91d234bbb93-EndpointStateMachineTaskThread-/0.0.0.0:15002-0 ] INFO  ratis.XceiverServerRatis (XceiverServerRatis.java:getRealPort(587)) - XceiverServerRatis 9b6d9b22-4572-4a82-ae1c-a91d234bbb93 is started using port 15024 for RATIS_DATASTREAM
2024-08-19 16:24:50,465 [JvmPauseMonitor3] INFO  util.JvmPauseMonitor (JvmPauseMonitor.java:run(146)) - JvmPauseMonitor-9b6d9b22-4572-4a82-ae1c-a91d234bbb93: Started
2024-08-19 16:24:50,469 [9b6d9b22-4572-4a82-ae1c-a91d234bbb93-BlockDeletingService#0] INFO  interfaces.ContainerDeletionChoosingPolicyTemplate (ContainerDeletionChoosingPolicyTemplate.java:chooseContainerForBlockDeletion(85)) - Chosen 0/5000 blocks from 0 candidate containers.
2024-08-19 16:24:50,805 [main] INFO  ozone.MiniOzoneClusterImpl (MiniOzoneClusterImpl.java:lambda$waitForClusterToBeReady$0(198)) - Waiting for nodes to be ready. Got 0 of 3 DN Heartbeats.
2024-08-19 16:24:50,805 [main] INFO  ozone.MiniOzoneClusterImpl (MiniOzoneClusterImpl.java:lambda$waitForClusterToBeReady$0(201)) - Waiting for cluster to exit safe mode
2024-08-19 16:24:50,805 [main] INFO  ozone.MiniOzoneClusterImpl (MiniOzoneClusterImpl.java:lambda$waitForClusterToBeReady$0(203)) - SCM became leader
2024-08-19 16:24:50,848 [ee221735-3b90-4b08-961d-7f24e77247fb-EndpointStateMachineTaskThread-/0.0.0.0:15002-0 ] INFO  utils.DatanodeStoreCache (DatanodeStoreCache.java:addDB(72)) - Added db /home/runner/work/ozone/ozone/hadoop-ozone/integration-test/target/test-dir/MiniOzoneClusterImpl-37a79142-3d3b-4256-8e35-bf5503c8d171/ozone-meta/datanode-3/data-0/hdds/37a79142-3d3b-4256-8e35-bf5503c8d171/DS-eca20fed-4feb-4c54-81c8-a7d29e670a82/container.db to cache
2024-08-19 16:24:50,848 [ee221735-3b90-4b08-961d-7f24e77247fb-EndpointStateMachineTaskThread-/0.0.0.0:15002-0 ] INFO  volume.HddsVolume (HddsVolume.java:createDbStore(429)) - SchemaV3 db is created and loaded at /home/runner/work/ozone/ozone/hadoop-ozone/integration-test/target/test-dir/MiniOzoneClusterImpl-37a79142-3d3b-4256-8e35-bf5503c8d171/ozone-meta/datanode-3/data-0/hdds/37a79142-3d3b-4256-8e35-bf5503c8d171/DS-eca20fed-4feb-4c54-81c8-a7d29e670a82/container.db for volume DS-eca20fed-4feb-4c54-81c8-a7d29e670a82
2024-08-19 16:24:50,850 [ee221735-3b90-4b08-961d-7f24e77247fb-ContainerReader-0] INFO  ozoneimpl.ContainerReader (ContainerReader.java:readVolume(148)) - Start to verify containers on volume /home/runner/work/ozone/ozone/hadoop-ozone/integration-test/target/test-dir/MiniOzoneClusterImpl-37a79142-3d3b-4256-8e35-bf5503c8d171/ozone-meta/datanode-3/data-0/hdds
2024-08-19 16:24:50,850 [ee221735-3b90-4b08-961d-7f24e77247fb-ContainerReader-0] INFO  ozoneimpl.ContainerReader (ContainerReader.java:readVolume(178)) - Finish verifying containers on volume /home/runner/work/ozone/ozone/hadoop-ozone/integration-test/target/test-dir/MiniOzoneClusterImpl-37a79142-3d3b-4256-8e35-bf5503c8d171/ozone-meta/datanode-3/data-0/hdds
2024-08-19 16:24:50,850 [ee221735-3b90-4b08-961d-7f24e77247fb-EndpointStateMachineTaskThread-/0.0.0.0:15002-0 ] INFO  ozoneimpl.OzoneContainer (OzoneContainer.java:buildContainerSet(344)) - Build ContainerSet costs 0s
2024-08-19 16:24:50,851 [ee221735-3b90-4b08-961d-7f24e77247fb-EndpointStateMachineTaskThread-/0.0.0.0:15002-0 ] INFO  volume.ThrottledAsyncChecker (ThrottledAsyncChecker.java:schedule(141)) - Scheduling a check for /home/runner/work/ozone/ozone/hadoop-ozone/integration-test/target/test-dir/MiniOzoneClusterImpl-37a79142-3d3b-4256-8e35-bf5503c8d171/ozone-meta/datanode-3/data-0/hdds
2024-08-19 16:24:50,851 [ee221735-3b90-4b08-961d-7f24e77247fb-EndpointStateMachineTaskThread-/0.0.0.0:15002-0 ] INFO  volume.StorageVolumeChecker (StorageVolumeChecker.java:checkAllVolumes(218)) - Scheduled health check for volume /home/runner/work/ozone/ozone/hadoop-ozone/integration-test/target/test-dir/MiniOzoneClusterImpl-37a79142-3d3b-4256-8e35-bf5503c8d171/ozone-meta/datanode-3/data-0/hdds
2024-08-19 16:24:50,852 [ee221735-3b90-4b08-961d-7f24e77247fb-EndpointStateMachineTaskThread-/0.0.0.0:15002-0 ] INFO  volume.ThrottledAsyncChecker (ThrottledAsyncChecker.java:schedule(141)) - Scheduling a check for /home/runner/work/ozone/ozone/hadoop-ozone/integration-test/target/test-dir/MiniOzoneClusterImpl-37a79142-3d3b-4256-8e35-bf5503c8d171/ozone-meta/datanode-3/ratis
2024-08-19 16:24:50,852 [ee221735-3b90-4b08-961d-7f24e77247fb-EndpointStateMachineTaskThread-/0.0.0.0:15002-0 ] INFO  volume.StorageVolumeChecker (StorageVolumeChecker.java:checkAllVolumes(218)) - Scheduled health check for volume /home/runner/work/ozone/ozone/hadoop-ozone/integration-test/target/test-dir/MiniOzoneClusterImpl-37a79142-3d3b-4256-8e35-bf5503c8d171/ozone-meta/datanode-3/ratis
2024-08-19 16:24:50,853 [ee221735-3b90-4b08-961d-7f24e77247fb-EndpointStateMachineTaskThread-/0.0.0.0:15002-0 ] INFO  ozoneimpl.OzoneContainer (OzoneContainer.java:start(475)) - Attempting to start container services.
2024-08-19 16:24:50,853 [ee221735-3b90-4b08-961d-7f24e77247fb-EndpointStateMachineTaskThread-/0.0.0.0:15002-0 ] WARN  ozoneimpl.OnDemandContainerDataScanner (OnDemandContainerDataScanner.java:init(75)) - Trying to initialize on demand scanner a second time on a datanode.
2024-08-19 16:24:50,854 [ContainerMetadataScanner] INFO  ozoneimpl.AbstractBackgroundContainerScanner (AbstractBackgroundContainerScanner.java:runIteration(87)) - Completed an iteration in 0 minutes. Number of iterations (since the data-node restart) : 1, Number of containers scanned in this iteration : 0, Number of unhealthy containers found in this iteration : 0
2024-08-19 16:24:50,855 [ContainerDataScanner(/home/runner/work/ozone/ozone/hadoop-ozone/integration-test/target/test-dir/MiniOzoneClusterImpl-37a79142-3d3b-4256-8e35-bf5503c8d171/ozone-meta/datanode-3/data-0/hdds)] INFO  ozoneimpl.AbstractBackgroundContainerScanner (AbstractBackgroundContainerScanner.java:runIteration(87)) - Completed an iteration in 0 minutes. Number of iterations (since the data-node restart) : 1, Number of containers scanned in this iteration : 0, Number of unhealthy containers found in this iteration : 0
2024-08-19 16:24:50,855 [ee221735-3b90-4b08-961d-7f24e77247fb-EndpointStateMachineTaskThread-/0.0.0.0:15002-0 ] INFO  replication.ReplicationServer (ReplicationServer.java:start(140)) - ReplicationServer is started using port 15034
2024-08-19 16:24:50,855 [ee221735-3b90-4b08-961d-7f24e77247fb-EndpointStateMachineTaskThread-/0.0.0.0:15002-0 ] INFO  ratis.XceiverServerRatis (XceiverServerRatis.java:start(561)) - Starting XceiverServerRatis ee221735-3b90-4b08-961d-7f24e77247fb
2024-08-19 16:24:50,856 [ee221735-3b90-4b08-961d-7f24e77247fb-EndpointStateMachineTaskThread-/0.0.0.0:15002-0 ] INFO  server.RaftServer (RaftServerProxy.java:startImpl(408)) - ee221735-3b90-4b08-961d-7f24e77247fb: start RPC server
2024-08-19 16:24:50,857 [ee221735-3b90-4b08-961d-7f24e77247fb-EndpointStateMachineTaskThread-/0.0.0.0:15002-0 ] INFO  server.GrpcService (GrpcService.java:startImpl(302)) - ee221735-3b90-4b08-961d-7f24e77247fb: GrpcService started, listening on 15030
2024-08-19 16:24:50,860 [ee221735-3b90-4b08-961d-7f24e77247fb-EndpointStateMachineTaskThread-/0.0.0.0:15002-0 ] INFO  ratis.XceiverServerRatis (XceiverServerRatis.java:getRealPort(587)) - XceiverServerRatis ee221735-3b90-4b08-961d-7f24e77247fb is started using port 15030 for RATIS
2024-08-19 16:24:50,860 [ee221735-3b90-4b08-961d-7f24e77247fb-EndpointStateMachineTaskThread-/0.0.0.0:15002-0 ] INFO  ratis.XceiverServerRatis (XceiverServerRatis.java:getRealPort(587)) - XceiverServerRatis ee221735-3b90-4b08-961d-7f24e77247fb is started using port 15030 for RATIS_ADMIN
2024-08-19 16:24:50,860 [ee221735-3b90-4b08-961d-7f24e77247fb-EndpointStateMachineTaskThread-/0.0.0.0:15002-0 ] INFO  ratis.XceiverServerRatis (XceiverServerRatis.java:getRealPort(587)) - XceiverServerRatis ee221735-3b90-4b08-961d-7f24e77247fb is started using port 15030 for RATIS_SERVER
2024-08-19 16:24:50,860 [ee221735-3b90-4b08-961d-7f24e77247fb-EndpointStateMachineTaskThread-/0.0.0.0:15002-0 ] INFO  ratis.XceiverServerRatis (XceiverServerRatis.java:getRealPort(587)) - XceiverServerRatis ee221735-3b90-4b08-961d-7f24e77247fb is started using port 15033 for RATIS_DATASTREAM
2024-08-19 16:24:50,860 [JvmPauseMonitor4] INFO  util.JvmPauseMonitor (JvmPauseMonitor.java:run(146)) - JvmPauseMonitor-ee221735-3b90-4b08-961d-7f24e77247fb: Started
2024-08-19 16:24:50,871 [ee221735-3b90-4b08-961d-7f24e77247fb-BlockDeletingService#0] INFO  interfaces.ContainerDeletionChoosingPolicyTemplate (ContainerDeletionChoosingPolicyTemplate.java:chooseContainerForBlockDeletion(85)) - Chosen 0/5000 blocks from 0 candidate containers.
2024-08-19 16:24:51,805 [main] INFO  ozone.MiniOzoneClusterImpl (MiniOzoneClusterImpl.java:lambda$waitForClusterToBeReady$0(198)) - Waiting for nodes to be ready. Got 0 of 3 DN Heartbeats.
2024-08-19 16:24:51,806 [main] INFO  ozone.MiniOzoneClusterImpl (MiniOzoneClusterImpl.java:lambda$waitForClusterToBeReady$0(201)) - Waiting for cluster to exit safe mode
2024-08-19 16:24:51,806 [main] INFO  ozone.MiniOzoneClusterImpl (MiniOzoneClusterImpl.java:lambda$waitForClusterToBeReady$0(203)) - SCM became leader
2024-08-19 16:24:51,983 [IPC Server handler 1 on default port 15002] INFO  net.NetworkTopologyImpl (NetworkTopologyImpl.java:add(134)) - Added a new node: /default-rack/a60155f7-ea69-45b2-947a-1e7e01ad7119
2024-08-19 16:24:51,986 [IPC Server handler 1 on default port 15002] INFO  node.SCMNodeManager (SCMNodeManager.java:register(422)) - Registered datanode: a60155f7-ea69-45b2-947a-1e7e01ad7119{ip: 127.0.0.1, host: localhost, ports: [HTTP=15009, CLIENT_RPC=15010, REPLICATION=15016, RATIS=15012, RATIS_ADMIN=15012, RATIS_SERVER=15012, RATIS_DATASTREAM=15015, STANDALONE=15011], networkLocation: /default-rack, certSerialId: null, persistedOpState: null, persistedOpStateExpiryEpochSec: 0}
2024-08-19 16:24:51,988 [EventQueue-NewNodeForNewNodeHandler] INFO  pipeline.BackgroundPipelineCreator (BackgroundPipelineCreator.java:notifyEventTriggered(280)) - trigger a one-shot run on RatisPipelineUtilsThread.
2024-08-19 16:24:51,991 [EventQueue-NodeRegistrationContainerReportForDataNodeSafeModeRule] INFO  safemode.SCMSafeModeManager (DataNodeSafeModeRule.java:process(71)) - SCM in safe mode. 1 DataNodes registered, 3 required.
2024-08-19 16:24:51,992 [EventQueue-NodeRegistrationContainerReportForContainerSafeModeRule] INFO  safemode.SCMSafeModeManager (SCMSafeModeManager.java:validateSafeModeExitRules(203)) - ContainerSafeModeRule rule is successfully validated
2024-08-19 16:24:51,994 [RatisPipelineUtilsThread-0] INFO  pipeline.RatisPipelineProvider (RatisPipelineProvider.java:lambda$create$0(205)) - Sending CreatePipelineCommand for pipeline:PipelineID=4e649429-2b7a-4a31-b77d-6cbb97b4840c to datanode:a60155f7-ea69-45b2-947a-1e7e01ad7119
2024-08-19 16:24:51,996 [EventQueue-PipelineReportForOneReplicaPipelineSafeModeRule] INFO  safemode.SCMSafeModeManager (SCMSafeModeManager.java:validateSafeModeExitRules(203)) - AtleastOneDatanodeReportedRule rule is successfully validated
2024-08-19 16:24:52,011 [RatisPipelineUtilsThread-0] INFO  pipeline.BackgroundPipelineCreator (BackgroundPipelineCreator.java:createPipelines(236)) - Created new pipeline Pipeline[ Id: 4e649429-2b7a-4a31-b77d-6cbb97b4840c, Nodes: a60155f7-ea69-45b2-947a-1e7e01ad7119(localhost/127.0.0.1) ReplicaIndex: 0, ReplicationConfig: RATIS/ONE, State:ALLOCATED, leaderId:, CreationTimestamp2024-08-19T16:24:51.993674603Z[Etc/UTC]]
2024-08-19 16:24:52,407 [IPC Server handler 3 on default port 15002] INFO  net.NetworkTopologyImpl (NetworkTopologyImpl.java:add(134)) - Added a new node: /default-rack/9b6d9b22-4572-4a82-ae1c-a91d234bbb93
2024-08-19 16:24:52,407 [IPC Server handler 3 on default port 15002] INFO  node.SCMNodeManager (SCMNodeManager.java:register(422)) - Registered datanode: 9b6d9b22-4572-4a82-ae1c-a91d234bbb93{ip: 127.0.0.1, host: localhost, ports: [HTTP=15018, CLIENT_RPC=15019, REPLICATION=15025, RATIS=15021, RATIS_ADMIN=15021, RATIS_SERVER=15021, RATIS_DATASTREAM=15024, STANDALONE=15020], networkLocation: /default-rack, certSerialId: null, persistedOpState: null, persistedOpStateExpiryEpochSec: 0}
2024-08-19 16:24:52,408 [EventQueue-NewNodeForNewNodeHandler] INFO  pipeline.BackgroundPipelineCreator (BackgroundPipelineCreator.java:notifyEventTriggered(280)) - trigger a one-shot run on RatisPipelineUtilsThread.
2024-08-19 16:24:52,408 [EventQueue-NodeRegistrationContainerReportForDataNodeSafeModeRule] INFO  safemode.SCMSafeModeManager (DataNodeSafeModeRule.java:process(71)) - SCM in safe mode. 2 DataNodes registered, 3 required.
2024-08-19 16:24:52,408 [RatisPipelineUtilsThread-0] INFO  pipeline.RatisPipelineProvider (RatisPipelineProvider.java:lambda$create$0(205)) - Sending CreatePipelineCommand for pipeline:PipelineID=cf9d6d2a-cb39-4eea-9b1a-31f0ec4d8a54 to datanode:9b6d9b22-4572-4a82-ae1c-a91d234bbb93
2024-08-19 16:24:52,410 [RatisPipelineUtilsThread-0] INFO  pipeline.BackgroundPipelineCreator (BackgroundPipelineCreator.java:createPipelines(236)) - Created new pipeline Pipeline[ Id: cf9d6d2a-cb39-4eea-9b1a-31f0ec4d8a54, Nodes: 9b6d9b22-4572-4a82-ae1c-a91d234bbb93(localhost/127.0.0.1) ReplicaIndex: 0, ReplicationConfig: RATIS/ONE, State:ALLOCATED, leaderId:, CreationTimestamp2024-08-19T16:24:52.408893261Z[Etc/UTC]]
2024-08-19 16:24:52,806 [main] INFO  ozone.MiniOzoneClusterImpl (MiniOzoneClusterImpl.java:lambda$waitForClusterToBeReady$0(198)) - Waiting for nodes to be ready. Got 2 of 3 DN Heartbeats.
2024-08-19 16:24:52,806 [main] INFO  ozone.MiniOzoneClusterImpl (MiniOzoneClusterImpl.java:lambda$waitForClusterToBeReady$0(201)) - Waiting for cluster to exit safe mode
2024-08-19 16:24:52,806 [main] INFO  ozone.MiniOzoneClusterImpl (MiniOzoneClusterImpl.java:lambda$waitForClusterToBeReady$0(203)) - SCM became leader
2024-08-19 16:24:52,821 [IPC Server handler 0 on default port 15002] INFO  net.NetworkTopologyImpl (NetworkTopologyImpl.java:add(134)) - Added a new node: /default-rack/ee221735-3b90-4b08-961d-7f24e77247fb
2024-08-19 16:24:52,821 [IPC Server handler 0 on default port 15002] INFO  node.SCMNodeManager (SCMNodeManager.java:register(422)) - Registered datanode: ee221735-3b90-4b08-961d-7f24e77247fb{ip: 127.0.0.1, host: localhost, ports: [HTTP=15027, CLIENT_RPC=15028, REPLICATION=15034, RATIS=15030, RATIS_ADMIN=15030, RATIS_SERVER=15030, RATIS_DATASTREAM=15033, STANDALONE=15029], networkLocation: /default-rack, certSerialId: null, persistedOpState: null, persistedOpStateExpiryEpochSec: 0}
2024-08-19 16:24:52,822 [EventQueue-NewNodeForNewNodeHandler] INFO  pipeline.BackgroundPipelineCreator (BackgroundPipelineCreator.java:notifyEventTriggered(280)) - trigger a one-shot run on RatisPipelineUtilsThread.
2024-08-19 16:24:52,822 [EventQueue-NodeRegistrationContainerReportForDataNodeSafeModeRule] INFO  safemode.SCMSafeModeManager (DataNodeSafeModeRule.java:process(71)) - SCM in safe mode. 3 DataNodes registered, 3 required.
2024-08-19 16:24:52,822 [EventQueue-NodeRegistrationContainerReportForDataNodeSafeModeRule] INFO  safemode.SCMSafeModeManager (SCMSafeModeManager.java:validateSafeModeExitRules(203)) - DataNodeSafeModeRule rule is successfully validated
2024-08-19 16:24:52,822 [EventQueue-NodeRegistrationContainerReportForDataNodeSafeModeRule] INFO  safemode.SCMSafeModeManager (SCMSafeModeManager.java:completePreCheck(232)) - All SCM safe mode pre check rules have passed
2024-08-19 16:24:52,822 [EventQueue-NodeRegistrationContainerReportForDataNodeSafeModeRule] INFO  ha.SCMContext (SCMContext.java:updateSafeModeStatus(225)) - Update SafeModeStatus from SafeModeStatus{safeModeStatus=true, preCheckPassed=false} to SafeModeStatus{safeModeStatus=true, preCheckPassed=true}.
2024-08-19 16:24:52,822 [EventQueue-NodeRegistrationContainerReportForDataNodeSafeModeRule] INFO  pipeline.BackgroundPipelineCreator (BackgroundPipelineCreator.java:notifyEventTriggered(280)) - trigger a one-shot run on RatisPipelineUtilsThread.
2024-08-19 16:24:52,822 [RatisPipelineUtilsThread-0] INFO  pipeline.RatisPipelineProvider (RatisPipelineProvider.java:lambda$create$0(205)) - Sending CreatePipelineCommand for pipeline:PipelineID=177ddd54-7c1e-4413-ba15-f997c8bc0171 to datanode:ee221735-3b90-4b08-961d-7f24e77247fb
2024-08-19 16:24:52,823 [RatisPipelineUtilsThread-0] INFO  pipeline.BackgroundPipelineCreator (BackgroundPipelineCreator.java:createPipelines(236)) - Created new pipeline Pipeline[ Id: 177ddd54-7c1e-4413-ba15-f997c8bc0171, Nodes: ee221735-3b90-4b08-961d-7f24e77247fb(localhost/127.0.0.1) ReplicaIndex: 0, ReplicationConfig: RATIS/ONE, State:ALLOCATED, leaderId:, CreationTimestamp2024-08-19T16:24:52.822672621Z[Etc/UTC]]
2024-08-19 16:24:52,826 [RatisPipelineUtilsThread-0] INFO  pipeline.RatisPipelineProvider (RatisPipelineProvider.java:lambda$create$0(205)) - Sending CreatePipelineCommand for pipeline:PipelineID=4abc10ae-f4de-4bb7-9f1e-35258a47fd67 to datanode:ee221735-3b90-4b08-961d-7f24e77247fb
2024-08-19 16:24:52,826 [RatisPipelineUtilsThread-0] INFO  pipeline.RatisPipelineProvider (RatisPipelineProvider.java:lambda$create$0(205)) - Sending CreatePipelineCommand for pipeline:PipelineID=4abc10ae-f4de-4bb7-9f1e-35258a47fd67 to datanode:9b6d9b22-4572-4a82-ae1c-a91d234bbb93
2024-08-19 16:24:52,826 [RatisPipelineUtilsThread-0] INFO  pipeline.RatisPipelineProvider (RatisPipelineProvider.java:lambda$create$0(205)) - Sending CreatePipelineCommand for pipeline:PipelineID=4abc10ae-f4de-4bb7-9f1e-35258a47fd67 to datanode:a60155f7-ea69-45b2-947a-1e7e01ad7119
2024-08-19 16:24:52,828 [RatisPipelineUtilsThread-0] INFO  pipeline.BackgroundPipelineCreator (BackgroundPipelineCreator.java:createPipelines(236)) - Created new pipeline Pipeline[ Id: 4abc10ae-f4de-4bb7-9f1e-35258a47fd67, Nodes: ee221735-3b90-4b08-961d-7f24e77247fb(localhost/127.0.0.1) ReplicaIndex: 09b6d9b22-4572-4a82-ae1c-a91d234bbb93(localhost/127.0.0.1) ReplicaIndex: 0a60155f7-ea69-45b2-947a-1e7e01ad7119(localhost/127.0.0.1) ReplicaIndex: 0, ReplicationConfig: RATIS/THREE, State:ALLOCATED, leaderId:, CreationTimestamp2024-08-19T16:24:52.826685034Z[Etc/UTC]]
2024-08-19 16:24:52,829 [RatisPipelineUtilsThread-0] INFO  pipeline.RatisPipelineProvider (RatisPipelineProvider.java:lambda$create$0(205)) - Sending CreatePipelineCommand for pipeline:PipelineID=d809d9bb-bbf8-4a73-864b-896295985c51 to datanode:9b6d9b22-4572-4a82-ae1c-a91d234bbb93
2024-08-19 16:24:52,829 [RatisPipelineUtilsThread-0] INFO  pipeline.RatisPipelineProvider (RatisPipelineProvider.java:lambda$create$0(205)) - Sending CreatePipelineCommand for pipeline:PipelineID=d809d9bb-bbf8-4a73-864b-896295985c51 to datanode:ee221735-3b90-4b08-961d-7f24e77247fb
2024-08-19 16:24:52,829 [RatisPipelineUtilsThread-0] INFO  pipeline.RatisPipelineProvider (RatisPipelineProvider.java:lambda$create$0(205)) - Sending CreatePipelineCommand for pipeline:PipelineID=d809d9bb-bbf8-4a73-864b-896295985c51 to datanode:a60155f7-ea69-45b2-947a-1e7e01ad7119
2024-08-19 16:24:52,830 [RatisPipelineUtilsThread-0] INFO  pipeline.PipelineManagerImpl (PipelineManagerImpl.java:recordMetricsForPipeline(916)) - Pipeline: PipelineID=d809d9bb-bbf8-4a73-864b-896295985c51 contains same datanodes as previous pipelines: PipelineID=4abc10ae-f4de-4bb7-9f1e-35258a47fd67 nodeIds: 9b6d9b22-4572-4a82-ae1c-a91d234bbb93, ee221735-3b90-4b08-961d-7f24e77247fb, a60155f7-ea69-45b2-947a-1e7e01ad7119
2024-08-19 16:24:52,830 [RatisPipelineUtilsThread-0] INFO  pipeline.BackgroundPipelineCreator (BackgroundPipelineCreator.java:createPipelines(236)) - Created new pipeline Pipeline[ Id: d809d9bb-bbf8-4a73-864b-896295985c51, Nodes: 9b6d9b22-4572-4a82-ae1c-a91d234bbb93(localhost/127.0.0.1) ReplicaIndex: 0ee221735-3b90-4b08-961d-7f24e77247fb(localhost/127.0.0.1) ReplicaIndex: 0a60155f7-ea69-45b2-947a-1e7e01ad7119(localhost/127.0.0.1) ReplicaIndex: 0, ReplicationConfig: RATIS/THREE, State:ALLOCATED, leaderId:, CreationTimestamp2024-08-19T16:24:52.829306132Z[Etc/UTC]]
2024-08-19 16:24:53,807 [main] INFO  ozone.MiniOzoneClusterImpl (MiniOzoneClusterImpl.java:lambda$waitForClusterToBeReady$0(198)) - Nodes are ready. Got 3 of 3 DN Heartbeats.
2024-08-19 16:24:53,807 [main] INFO  ozone.MiniOzoneClusterImpl (MiniOzoneClusterImpl.java:lambda$waitForClusterToBeReady$0(201)) - Waiting for cluster to exit safe mode
2024-08-19 16:24:53,807 [main] INFO  ozone.MiniOzoneClusterImpl (MiniOzoneClusterImpl.java:lambda$waitForClusterToBeReady$0(203)) - SCM became leader
2024-08-19 16:24:54,807 [main] INFO  ozone.MiniOzoneClusterImpl (MiniOzoneClusterImpl.java:lambda$waitForClusterToBeReady$0(198)) - Nodes are ready. Got 3 of 3 DN Heartbeats.
2024-08-19 16:24:54,807 [main] INFO  ozone.MiniOzoneClusterImpl (MiniOzoneClusterImpl.java:lambda$waitForClusterToBeReady$0(201)) - Waiting for cluster to exit safe mode
2024-08-19 16:24:54,807 [main] INFO  ozone.MiniOzoneClusterImpl (MiniOzoneClusterImpl.java:lambda$waitForClusterToBeReady$0(203)) - SCM became leader
2024-08-19 16:24:54,981 [a60155f7-ea69-45b2-947a-1e7e01ad7119-PipelineCommandHandlerThread-0] INFO  server.RaftServer (RaftServerProxy.java:addNew(101)) - a60155f7-ea69-45b2-947a-1e7e01ad7119: addNew group-6CBB97B4840C:[a60155f7-ea69-45b2-947a-1e7e01ad7119|127.0.0.1:15012] returns group-6CBB97B4840C:java.util.concurrent.CompletableFuture@59256390[Not completed]
2024-08-19 16:24:54,984 [a60155f7-ea69-45b2-947a-1e7e01ad7119-groupManagement] INFO  lib.Interns (Interns.java:removeEldestEntry(50)) - Metrics intern cache overflow at 2011 for MetricsSystem={MetricsSystem=MetricsInfoImpl{name=MetricsSystem, description=MetricsSystem}, MetricsSystem record=MetricsInfoImpl{name=MetricsSystem, description=MetricsSystem record}}
2024-08-19 16:24:54,987 [a60155f7-ea69-45b2-947a-1e7e01ad7119-groupManagement] INFO  server.RaftServer$Division (RaftServerImpl.java:<init>(253)) - a60155f7-ea69-45b2-947a-1e7e01ad7119: new RaftServerImpl for group-6CBB97B4840C:[a60155f7-ea69-45b2-947a-1e7e01ad7119|127.0.0.1:15012] with ContainerStateMachine:uninitialized
2024-08-19 16:24:54,987 [a60155f7-ea69-45b2-947a-1e7e01ad7119-groupManagement] INFO  server.RaftServerConfigKeys (ConfUtils.java:logGet(46)) - raft.server.rpc.timeout.min = 5s (custom)
2024-08-19 16:24:54,987 [a60155f7-ea69-45b2-947a-1e7e01ad7119-groupManagement] INFO  server.RaftServerConfigKeys (ConfUtils.java:logGet(46)) - raft.server.rpc.timeout.max = 5200ms (custom)
2024-08-19 16:24:54,988 [a60155f7-ea69-45b2-947a-1e7e01ad7119-groupManagement] INFO  server.RaftServerConfigKeys (ConfUtils.java:logGet(46)) - raft.server.rpc.sleep.time = 25ms (default)
2024-08-19 16:24:54,988 [a60155f7-ea69-45b2-947a-1e7e01ad7119-groupManagement] INFO  server.RaftServerConfigKeys (ConfUtils.java:logGet(46)) - raft.server.rpc.slowness.timeout = 300s (custom)
2024-08-19 16:24:54,988 [a60155f7-ea69-45b2-947a-1e7e01ad7119-groupManagement] INFO  server.RaftServerConfigKeys (ConfUtils.java:logGet(46)) - raft.server.leaderelection.leader.step-down.wait-time = 10s (default)
2024-08-19 16:24:54,988 [a60155f7-ea69-45b2-947a-1e7e01ad7119-groupManagement] INFO  server.RaftServerConfigKeys (ConfUtils.java:logGet(46)) - raft.server.leaderelection.member.majority-add = false (default)
2024-08-19 16:24:54,988 [a60155f7-ea69-45b2-947a-1e7e01ad7119-groupManagement] INFO  server.RaftServerConfigKeys (ConfUtils.java:logGet(46)) - raft.server.sleep.deviation.threshold = 300ms (default)
2024-08-19 16:24:54,988 [a60155f7-ea69-45b2-947a-1e7e01ad7119-groupManagement] INFO  server.RaftServer$Division (ServerState.java:<init>(114)) - a60155f7-ea69-45b2-947a-1e7e01ad7119@group-6CBB97B4840C: ConfigurationManager, init=conf: {index: -1, cur=peers:[a60155f7-ea69-45b2-947a-1e7e01ad7119|127.0.0.1:15012]|listeners:[], old=null}, confs=<EMPTY_MAP>
2024-08-19 16:24:54,988 [a60155f7-ea69-45b2-947a-1e7e01ad7119-groupManagement] INFO  server.RaftServerConfigKeys (ConfUtils.java:logGet(46)) - raft.server.notification.no-leader.timeout = 300s (custom)
2024-08-19 16:24:54,988 [a60155f7-ea69-45b2-947a-1e7e01ad7119-groupManagement] INFO  server.RaftServerConfigKeys (ConfUtils.java:logGet(46)) - raft.server.read.timeout = 10s (default)
2024-08-19 16:24:54,988 [a60155f7-ea69-45b2-947a-1e7e01ad7119-groupManagement] INFO  server.RaftServerConfigKeys (ConfUtils.java:logGet(46)) - raft.server.retrycache.expirytime = 600000ms (custom)
2024-08-19 16:24:54,988 [a60155f7-ea69-45b2-947a-1e7e01ad7119-groupManagement] INFO  server.RaftServerConfigKeys (ConfUtils.java:logGet(46)) - raft.server.retrycache.statistics.expirytime = 100ms (default)
2024-08-19 16:24:54,989 [a60155f7-ea69-45b2-947a-1e7e01ad7119-groupManagement] INFO  server.RaftServerConfigKeys (ConfUtils.java:logGet(46)) - raft.server.read.option = DEFAULT (default)
2024-08-19 16:24:54,989 [a60155f7-ea69-45b2-947a-1e7e01ad7119-groupManagement] INFO  server.RaftServerConfigKeys (ConfUtils.java:logGet(46)) - raft.server.read.read-after-write-consistent.write-index-cache.expiry-time = 60s (default)
2024-08-19 16:24:54,997 [a60155f7-ea69-45b2-947a-1e7e01ad7119-groupManagement] INFO  server.RaftServerConfigKeys (ConfUtils.java:logGet(46)) - raft.server.rpc.request.timeout = 60s (custom)
2024-08-19 16:24:54,997 [a60155f7-ea69-45b2-947a-1e7e01ad7119-groupManagement] INFO  server.RaftServerConfigKeys (ConfUtils.java:logGet(46)) - raft.server.log.appender.install.snapshot.enabled = false (custom)
2024-08-19 16:24:54,997 [a60155f7-ea69-45b2-947a-1e7e01ad7119-groupManagement] INFO  server.RaftServerConfigKeys (ConfUtils.java:logGet(46)) - raft.server.threadpool.server.cached = true (default)
2024-08-19 16:24:54,997 [a60155f7-ea69-45b2-947a-1e7e01ad7119-groupManagement] INFO  server.RaftServerConfigKeys (ConfUtils.java:logGet(46)) - raft.server.threadpool.server.size = 0 (default)
2024-08-19 16:24:54,997 [a60155f7-ea69-45b2-947a-1e7e01ad7119-groupManagement] INFO  server.RaftServerConfigKeys (ConfUtils.java:logGet(46)) - raft.server.threadpool.client.cached = true (default)
2024-08-19 16:24:54,997 [a60155f7-ea69-45b2-947a-1e7e01ad7119-groupManagement] INFO  server.RaftServerConfigKeys (ConfUtils.java:logGet(46)) - raft.server.threadpool.client.size = 0 (default)
2024-08-19 16:24:54,998 [a60155f7-ea69-45b2-947a-1e7e01ad7119-groupManagement] INFO  server.RaftServerConfigKeys (ConfUtils.java:logGet(46)) - raft.server.storage.free-space.min = 0MB (=0) (default)
2024-08-19 16:24:54,998 [a60155f7-ea69-45b2-947a-1e7e01ad7119-groupManagement] INFO  server.RaftServerConfigKeys (ConfUtils.java:logGet(46)) - raft.server.log.corruption.policy = EXCEPTION (default)
2024-08-19 16:24:54,998 [a60155f7-ea69-45b2-947a-1e7e01ad7119-groupManagement] INFO  server.RaftServerConfigKeys (ConfUtils.java:logGet(46)) - raft.server.storage.dir = [/home/runner/work/ozone/ozone/hadoop-ozone/integration-test/target/test-dir/MiniOzoneClusterImpl-37a79142-3d3b-4256-8e35-bf5503c8d171/ozone-meta/datanode-1/ratis] (custom)
2024-08-19 16:24:54,998 [a60155f7-ea69-45b2-947a-1e7e01ad7119-groupManagement] INFO  storage.RaftStorageDirectory (RaftStorageDirectoryImpl.java:analyzeStorage(138)) - The storage directory /home/runner/work/ozone/ozone/hadoop-ozone/integration-test/target/test-dir/MiniOzoneClusterImpl-37a79142-3d3b-4256-8e35-bf5503c8d171/ozone-meta/datanode-1/ratis/4e649429-2b7a-4a31-b77d-6cbb97b4840c does not exist. Creating ...
2024-08-19 16:24:54,999 [a60155f7-ea69-45b2-947a-1e7e01ad7119-groupManagement] INFO  storage.RaftStorageDirectory (RaftStorageDirectoryImpl.java:tryLock(229)) - Lock on /home/runner/work/ozone/ozone/hadoop-ozone/integration-test/target/test-dir/MiniOzoneClusterImpl-37a79142-3d3b-4256-8e35-bf5503c8d171/ozone-meta/datanode-1/ratis/4e649429-2b7a-4a31-b77d-6cbb97b4840c/in_use.lock acquired by nodename 48113@fv-az880-377
2024-08-19 16:24:55,004 [a60155f7-ea69-45b2-947a-1e7e01ad7119-groupManagement] INFO  storage.RaftStorage (RaftStorageImpl.java:format(98)) - Storage directory /home/runner/work/ozone/ozone/hadoop-ozone/integration-test/target/test-dir/MiniOzoneClusterImpl-37a79142-3d3b-4256-8e35-bf5503c8d171/ozone-meta/datanode-1/ratis/4e649429-2b7a-4a31-b77d-6cbb97b4840c has been successfully formatted.
2024-08-19 16:24:55,008 [a60155f7-ea69-45b2-947a-1e7e01ad7119-groupManagement] INFO  ratis.ContainerStateMachine (ContainerStateMachine.java:loadSnapshot(295)) - group-6CBB97B4840C: The snapshot info is null. Setting the last applied index to:(t:0, i:~)
2024-08-19 16:24:55,008 [a60155f7-ea69-45b2-947a-1e7e01ad7119-groupManagement] INFO  server.RaftServerConfigKeys (ConfUtils.java:logGet(46)) - raft.server.log.use.memory = false (default)
2024-08-19 16:24:55,008 [a60155f7-ea69-45b2-947a-1e7e01ad7119-groupManagement] INFO  server.RaftServerConfigKeys (ConfUtils.java:logGet(46)) - raft.server.log.purge.gap = 1000000 (custom)
2024-08-19 16:24:55,009 [a60155f7-ea69-45b2-947a-1e7e01ad7119-groupManagement] INFO  server.RaftServerConfigKeys (ConfUtils.java:logGet(46)) - raft.server.log.appender.buffer.byte-limit = 8388608 (custom)
2024-08-19 16:24:55,009 [a60155f7-ea69-45b2-947a-1e7e01ad7119-groupManagement] INFO  server.RaftServerConfigKeys (ConfUtils.java:logGet(46)) - raft.server.log.statemachine.data.read.timeout = 1000ms (default)
2024-08-19 16:24:55,009 [a60155f7-ea69-45b2-947a-1e7e01ad7119-groupManagement] INFO  server.RaftServerConfigKeys (ConfUtils.java:logGet(46)) - raft.server.log.purge.preservation.log.num = 0 (default)
2024-08-19 16:24:55,013 [a60155f7-ea69-45b2-947a-1e7e01ad7119-groupManagement] INFO  server.RaftServerConfigKeys (ConfUtils.java:logGet(46)) - raft.server.log.segment.size.max = 67108864 (custom)
2024-08-19 16:24:55,014 [a60155f7-ea69-45b2-947a-1e7e01ad7119-groupManagement] INFO  server.RaftServerConfigKeys (ConfUtils.java:logGet(46)) - raft.server.log.segment.cache.num.max = 2 (custom)
2024-08-19 16:24:55,014 [a60155f7-ea69-45b2-947a-1e7e01ad7119-groupManagement] INFO  server.RaftServerConfigKeys (ConfUtils.java:logGet(46)) - raft.server.log.segment.cache.size.max = 200MB (=209715200) (default)
2024-08-19 16:24:55,015 [a60155f7-ea69-45b2-947a-1e7e01ad7119-groupManagement] INFO  server.RaftServerConfigKeys (ConfUtils.java:logGet(46)) - raft.server.log.appender.buffer.byte-limit = 8388608 (custom)
2024-08-19 16:24:55,015 [a60155f7-ea69-45b2-947a-1e7e01ad7119-groupManagement] INFO  util.AwaitToRun (AwaitToRun.java:start(81)) - Thread[a60155f7-ea69-45b2-947a-1e7e01ad7119@group-6CBB97B4840C-cacheEviction-AwaitToRun,5,main] started
2024-08-19 16:24:55,015 [a60155f7-ea69-45b2-947a-1e7e01ad7119-groupManagement] INFO  segmented.SegmentedRaftLogWorker (SegmentedRaftLogWorker.java:<init>(184)) - new a60155f7-ea69-45b2-947a-1e7e01ad7119@group-6CBB97B4840C-SegmentedRaftLogWorker for RaftStorageImpl:Storage Directory /home/runner/work/ozone/ozone/hadoop-ozone/integration-test/target/test-dir/MiniOzoneClusterImpl-37a79142-3d3b-4256-8e35-bf5503c8d171/ozone-meta/datanode-1/ratis/4e649429-2b7a-4a31-b77d-6cbb97b4840c
2024-08-19 16:24:55,015 [a60155f7-ea69-45b2-947a-1e7e01ad7119-groupManagement] INFO  server.RaftServerConfigKeys (ConfUtils.java:logGet(46)) - raft.server.log.queue.byte-limit = 4294967296 (custom)
2024-08-19 16:24:55,016 [a60155f7-ea69-45b2-947a-1e7e01ad7119-groupManagement] INFO  server.RaftServerConfigKeys (ConfUtils.java:logGet(46)) - raft.server.log.queue.element-limit = 1024 (custom)
2024-08-19 16:24:55,016 [a60155f7-ea69-45b2-947a-1e7e01ad7119-groupManagement] INFO  server.RaftServerConfigKeys (ConfUtils.java:logGet(46)) - raft.server.log.segment.size.max = 67108864 (custom)
2024-08-19 16:24:55,016 [a60155f7-ea69-45b2-947a-1e7e01ad7119-groupManagement] INFO  server.RaftServerConfigKeys (ConfUtils.java:logGet(46)) - raft.server.log.preallocated.size = 4194304 (custom)
2024-08-19 16:24:55,016 [a60155f7-ea69-45b2-947a-1e7e01ad7119-groupManagement] INFO  server.RaftServerConfigKeys (ConfUtils.java:logGet(46)) - raft.server.log.force.sync.num = 128 (default)
2024-08-19 16:24:55,016 [a60155f7-ea69-45b2-947a-1e7e01ad7119-groupManagement] INFO  server.RaftServerConfigKeys (ConfUtils.java:logGet(46)) - raft.server.log.statemachine.data.sync = true (default)
2024-08-19 16:24:55,016 [a60155f7-ea69-45b2-947a-1e7e01ad7119-groupManagement] INFO  server.RaftServerConfigKeys (ConfUtils.java:logGet(46)) - raft.server.log.statemachine.data.sync.timeout = 10s (default)
2024-08-19 16:24:55,016 [a60155f7-ea69-45b2-947a-1e7e01ad7119-groupManagement] INFO  server.RaftServerConfigKeys (ConfUtils.java:logGet(46)) - raft.server.log.statemachine.data.sync.timeout.retry = 30 (custom)
2024-08-19 16:24:55,017 [a60155f7-ea69-45b2-947a-1e7e01ad7119-groupManagement] INFO  server.RaftServerConfigKeys (ConfUtils.java:logGet(46)) - raft.server.log.write.buffer.size = 8388616 (custom)
2024-08-19 16:24:55,019 [a60155f7-ea69-45b2-947a-1e7e01ad7119-groupManagement] INFO  server.RaftServerConfigKeys (ConfUtils.java:logGet(46)) - raft.server.log.appender.buffer.byte-limit = 8388608 (custom)
2024-08-19 16:24:55,019 [a60155f7-ea69-45b2-947a-1e7e01ad7119-groupManagement] INFO  server.RaftServerConfigKeys (ConfUtils.java:logGet(46)) - raft.server.log.unsafe-flush.enabled = false (default)
2024-08-19 16:24:55,019 [a60155f7-ea69-45b2-947a-1e7e01ad7119-groupManagement] INFO  server.RaftServerConfigKeys (ConfUtils.java:logGet(46)) - raft.server.log.async-flush.enabled = false (default)
2024-08-19 16:24:55,019 [a60155f7-ea69-45b2-947a-1e7e01ad7119-groupManagement] INFO  server.RaftServerConfigKeys (ConfUtils.java:logGet(46)) - raft.server.log.statemachine.data.caching.enabled = true (custom)
2024-08-19 16:24:55,019 [a60155f7-ea69-45b2-947a-1e7e01ad7119-groupManagement] INFO  segmented.SegmentedRaftLogWorker (SegmentedRaftLogWorker.java:lambda$new$0(135)) - a60155f7-ea69-45b2-947a-1e7e01ad7119@group-6CBB97B4840C-SegmentedRaftLogWorker: flushIndex: setUnconditionally 0 -> -1
2024-08-19 16:24:55,019 [a60155f7-ea69-45b2-947a-1e7e01ad7119-groupManagement] INFO  segmented.SegmentedRaftLogWorker (SegmentedRaftLogWorker.java:lambda$new$0(135)) - a60155f7-ea69-45b2-947a-1e7e01ad7119@group-6CBB97B4840C-SegmentedRaftLogWorker: safeCacheEvictIndex: setUnconditionally 0 -> -1
2024-08-19 16:24:55,020 [a60155f7-ea69-45b2-947a-1e7e01ad7119-groupManagement] INFO  server.RaftServer$Division (RaftServerImpl.java:start(389)) - a60155f7-ea69-45b2-947a-1e7e01ad7119@group-6CBB97B4840C: start as a follower, conf=conf: {index: -1, cur=peers:[a60155f7-ea69-45b2-947a-1e7e01ad7119|127.0.0.1:15012]|listeners:[], old=null}
2024-08-19 16:24:55,020 [a60155f7-ea69-45b2-947a-1e7e01ad7119-groupManagement] INFO  server.RaftServer$Division (RaftServerImpl.java:setRole(376)) - a60155f7-ea69-45b2-947a-1e7e01ad7119@group-6CBB97B4840C: changes role from      null to FOLLOWER at term 0 for startAsFollower
2024-08-19 16:24:55,020 [a60155f7-ea69-45b2-947a-1e7e01ad7119-groupManagement] INFO  impl.RoleInfo (RoleInfo.java:updateAndGet(148)) - a60155f7-ea69-45b2-947a-1e7e01ad7119: start a60155f7-ea69-45b2-947a-1e7e01ad7119@group-6CBB97B4840C-FollowerState
2024-08-19 16:24:55,020 [a60155f7-ea69-45b2-947a-1e7e01ad7119-groupManagement] INFO  util.JmxRegister (JmxRegister.java:tryRegister(44)) - Successfully registered JMX Bean with object name Ratis:service=RaftServer,group=group-6CBB97B4840C,id=a60155f7-ea69-45b2-947a-1e7e01ad7119
2024-08-19 16:24:55,020 [a60155f7-ea69-45b2-947a-1e7e01ad7119-groupManagement] INFO  util.JmxRegister (JmxRegister.java:register(58)) - register mxBean class org.apache.ratis.server.impl.RaftServerJmxAdapter as Ratis:service=RaftServer,group=group-6CBB97B4840C,id=a60155f7-ea69-45b2-947a-1e7e01ad7119
2024-08-19 16:24:55,021 [a60155f7-ea69-45b2-947a-1e7e01ad7119@group-6CBB97B4840C-FollowerState] INFO  server.RaftServerConfigKeys (ConfUtils.java:logFallback(53)) - raft.server.rpc.first-election.timeout.min = 5s (fallback to raft.server.rpc.timeout.min)
2024-08-19 16:24:55,021 [a60155f7-ea69-45b2-947a-1e7e01ad7119@group-6CBB97B4840C-FollowerState] INFO  server.RaftServerConfigKeys (ConfUtils.java:logFallback(53)) - raft.server.rpc.first-election.timeout.max = 5200ms (fallback to raft.server.rpc.timeout.max)
2024-08-19 16:24:55,021 [a60155f7-ea69-45b2-947a-1e7e01ad7119-groupManagement] INFO  server.RaftServerConfigKeys (ConfUtils.java:logGet(46)) - raft.server.snapshot.trigger-when-stop.enabled = true (default)
2024-08-19 16:24:55,021 [a60155f7-ea69-45b2-947a-1e7e01ad7119-groupManagement] INFO  server.RaftServerConfigKeys (ConfUtils.java:logGet(46)) - raft.server.snapshot.trigger-when-remove.enabled = true (default)
2024-08-19 16:24:55,021 [a60155f7-ea69-45b2-947a-1e7e01ad7119-groupManagement] INFO  server.RaftServerConfigKeys (ConfUtils.java:logGet(46)) - raft.server.snapshot.auto.trigger.enabled = true (custom)
2024-08-19 16:24:55,021 [a60155f7-ea69-45b2-947a-1e7e01ad7119-groupManagement] INFO  server.RaftServerConfigKeys (ConfUtils.java:logGet(46)) - raft.server.snapshot.auto.trigger.threshold = 10000 (custom)
2024-08-19 16:24:55,021 [a60155f7-ea69-45b2-947a-1e7e01ad7119-groupManagement] INFO  server.RaftServerConfigKeys (ConfUtils.java:logGet(46)) - raft.server.snapshot.retention.file.num = 5 (custom)
2024-08-19 16:24:55,022 [a60155f7-ea69-45b2-947a-1e7e01ad7119-groupManagement] INFO  server.RaftServerConfigKeys (ConfUtils.java:logGet(46)) - raft.server.log.purge.upto.snapshot.index = false (default)
2024-08-19 16:24:55,027 [a60155f7-ea69-45b2-947a-1e7e01ad7119-PipelineCommandHandlerThread-0] INFO  ratis.XceiverServerRatis (XceiverServerRatis.java:addGroup(849)) - Created group PipelineID=4e649429-2b7a-4a31-b77d-6cbb97b4840c
2024-08-19 16:24:55,027 [a60155f7-ea69-45b2-947a-1e7e01ad7119-PipelineCommandHandlerThread-0] INFO  commandhandler.CreatePipelineCommandHandler (CreatePipelineCommandHandler.java:lambda$handle$2(124)) - Created Pipeline RATIS ONE PipelineID=4e649429-2b7a-4a31-b77d-6cbb97b4840c.
2024-08-19 16:24:55,028 [a60155f7-ea69-45b2-947a-1e7e01ad7119-PipelineCommandHandlerThread-0] INFO  server.RaftServer (RaftServerProxy.java:addNew(101)) - a60155f7-ea69-45b2-947a-1e7e01ad7119: addNew group-35258A47FD67:[a60155f7-ea69-45b2-947a-1e7e01ad7119|127.0.0.1:15012, 9b6d9b22-4572-4a82-ae1c-a91d234bbb93|127.0.0.1:15021, ee221735-3b90-4b08-961d-7f24e77247fb|127.0.0.1:15030] returns group-35258A47FD67:java.util.concurrent.CompletableFuture@3faadc9a[Not completed]
2024-08-19 16:24:55,029 [EventQueue-PipelineReportForPipelineReportHandler] INFO  pipeline.PipelineReportHandler (PipelineReportHandler.java:processPipelineReport(136)) - Opened pipeline PipelineID=4e649429-2b7a-4a31-b77d-6cbb97b4840c
2024-08-19 16:24:55,030 [EventQueue-OpenPipelineForHealthyPipelineSafeModeRule] INFO  safemode.SCMSafeModeManager (HealthyPipelineSafeModeRule.java:process(140)) - SCM in safe mode. Healthy pipelines reported count is 0, required healthy pipeline reported count is 1
2024-08-19 16:24:55,030 [a60155f7-ea69-45b2-947a-1e7e01ad7119-groupManagement] INFO  server.RaftServer$Division (RaftServerImpl.java:<init>(253)) - a60155f7-ea69-45b2-947a-1e7e01ad7119: new RaftServerImpl for group-35258A47FD67:[a60155f7-ea69-45b2-947a-1e7e01ad7119|127.0.0.1:15012, 9b6d9b22-4572-4a82-ae1c-a91d234bbb93|127.0.0.1:15021, ee221735-3b90-4b08-961d-7f24e77247fb|127.0.0.1:15030] with ContainerStateMachine:uninitialized
2024-08-19 16:24:55,031 [a60155f7-ea69-45b2-947a-1e7e01ad7119-groupManagement] INFO  server.RaftServerConfigKeys (ConfUtils.java:logGet(46)) - raft.server.rpc.timeout.min = 5s (custom)
2024-08-19 16:24:55,031 [a60155f7-ea69-45b2-947a-1e7e01ad7119-groupManagement] INFO  server.RaftServerConfigKeys (ConfUtils.java:logGet(46)) - raft.server.rpc.timeout.max = 5200ms (custom)
2024-08-19 16:24:55,031 [a60155f7-ea69-45b2-947a-1e7e01ad7119-groupManagement] INFO  server.RaftServerConfigKeys (ConfUtils.java:logGet(46)) - raft.server.rpc.sleep.time = 25ms (default)
2024-08-19 16:24:55,031 [a60155f7-ea69-45b2-947a-1e7e01ad7119-groupManagement] INFO  server.RaftServerConfigKeys (ConfUtils.java:logGet(46)) - raft.server.rpc.slowness.timeout = 300s (custom)
2024-08-19 16:24:55,032 [a60155f7-ea69-45b2-947a-1e7e01ad7119-groupManagement] INFO  server.RaftServerConfigKeys (ConfUtils.java:logGet(46)) - raft.server.leaderelection.leader.step-down.wait-time = 10s (default)
2024-08-19 16:24:55,032 [a60155f7-ea69-45b2-947a-1e7e01ad7119-groupManagement] INFO  server.RaftServerConfigKeys (ConfUtils.java:logGet(46)) - raft.server.leaderelection.member.majority-add = false (default)
2024-08-19 16:24:55,032 [a60155f7-ea69-45b2-947a-1e7e01ad7119-groupManagement] INFO  server.RaftServerConfigKeys (ConfUtils.java:logGet(46)) - raft.server.sleep.deviation.threshold = 300ms (default)
2024-08-19 16:24:55,032 [a60155f7-ea69-45b2-947a-1e7e01ad7119-groupManagement] INFO  server.RaftServer$Division (ServerState.java:<init>(114)) - a60155f7-ea69-45b2-947a-1e7e01ad7119@group-35258A47FD67: ConfigurationManager, init=conf: {index: -1, cur=peers:[a60155f7-ea69-45b2-947a-1e7e01ad7119|127.0.0.1:15012, 9b6d9b22-4572-4a82-ae1c-a91d234bbb93|127.0.0.1:15021, ee221735-3b90-4b08-961d-7f24e77247fb|127.0.0.1:15030]|listeners:[], old=null}, confs=<EMPTY_MAP>
2024-08-19 16:24:55,033 [a60155f7-ea69-45b2-947a-1e7e01ad7119-groupManagement] INFO  server.RaftServerConfigKeys (ConfUtils.java:logGet(46)) - raft.server.notification.no-leader.timeout = 300s (custom)
2024-08-19 16:24:55,033 [a60155f7-ea69-45b2-947a-1e7e01ad7119-groupManagement] INFO  server.RaftServerConfigKeys (ConfUtils.java:logGet(46)) - raft.server.read.timeout = 10s (default)
2024-08-19 16:24:55,033 [a60155f7-ea69-45b2-947a-1e7e01ad7119-groupManagement] INFO  server.RaftServerConfigKeys (ConfUtils.java:logGet(46)) - raft.server.retrycache.expirytime = 600000ms (custom)
2024-08-19 16:24:55,033 [a60155f7-ea69-45b2-947a-1e7e01ad7119-groupManagement] INFO  server.RaftServerConfigKeys (ConfUtils.java:logGet(46)) - raft.server.retrycache.statistics.expirytime = 100ms (default)
2024-08-19 16:24:55,033 [a60155f7-ea69-45b2-947a-1e7e01ad7119-groupManagement] INFO  server.RaftServerConfigKeys (ConfUtils.java:logGet(46)) - raft.server.read.option = DEFAULT (default)
2024-08-19 16:24:55,034 [a60155f7-ea69-45b2-947a-1e7e01ad7119-groupManagement] INFO  server.RaftServerConfigKeys (ConfUtils.java:logGet(46)) - raft.server.read.read-after-write-consistent.write-index-cache.expiry-time = 60s (default)
2024-08-19 16:24:55,046 [a60155f7-ea69-45b2-947a-1e7e01ad7119-groupManagement] INFO  server.RaftServerConfigKeys (ConfUtils.java:logGet(46)) - raft.server.rpc.request.timeout = 60s (custom)
2024-08-19 16:24:55,046 [a60155f7-ea69-45b2-947a-1e7e01ad7119-groupManagement] INFO  server.RaftServerConfigKeys (ConfUtils.java:logGet(46)) - raft.server.log.appender.install.snapshot.enabled = false (custom)
2024-08-19 16:24:55,047 [a60155f7-ea69-45b2-947a-1e7e01ad7119-groupManagement] INFO  server.RaftServerConfigKeys (ConfUtils.java:logGet(46)) - raft.server.threadpool.server.cached = true (default)
2024-08-19 16:24:55,047 [a60155f7-ea69-45b2-947a-1e7e01ad7119-groupManagement] INFO  server.RaftServerConfigKeys (ConfUtils.java:logGet(46)) - raft.server.threadpool.server.size = 0 (default)
2024-08-19 16:24:55,048 [a60155f7-ea69-45b2-947a-1e7e01ad7119-groupManagement] INFO  server.RaftServerConfigKeys (ConfUtils.java:logGet(46)) - raft.server.threadpool.client.cached = true (default)
2024-08-19 16:24:55,048 [a60155f7-ea69-45b2-947a-1e7e01ad7119-groupManagement] INFO  server.RaftServerConfigKeys (ConfUtils.java:logGet(46)) - raft.server.threadpool.client.size = 0 (default)
2024-08-19 16:24:55,049 [a60155f7-ea69-45b2-947a-1e7e01ad7119-groupManagement] INFO  server.RaftServerConfigKeys (ConfUtils.java:logGet(46)) - raft.server.storage.free-space.min = 0MB (=0) (default)
2024-08-19 16:24:55,049 [a60155f7-ea69-45b2-947a-1e7e01ad7119-groupManagement] INFO  server.RaftServerConfigKeys (ConfUtils.java:logGet(46)) - raft.server.log.corruption.policy = EXCEPTION (default)
2024-08-19 16:24:55,050 [a60155f7-ea69-45b2-947a-1e7e01ad7119-groupManagement] INFO  server.RaftServerConfigKeys (ConfUtils.java:logGet(46)) - raft.server.storage.dir = [/home/runner/work/ozone/ozone/hadoop-ozone/integration-test/target/test-dir/MiniOzoneClusterImpl-37a79142-3d3b-4256-8e35-bf5503c8d171/ozone-meta/datanode-1/ratis] (custom)
2024-08-19 16:24:55,051 [a60155f7-ea69-45b2-947a-1e7e01ad7119-groupManagement] INFO  storage.RaftStorageDirectory (RaftStorageDirectoryImpl.java:analyzeStorage(138)) - The storage directory /home/runner/work/ozone/ozone/hadoop-ozone/integration-test/target/test-dir/MiniOzoneClusterImpl-37a79142-3d3b-4256-8e35-bf5503c8d171/ozone-meta/datanode-1/ratis/4abc10ae-f4de-4bb7-9f1e-35258a47fd67 does not exist. Creating ...
2024-08-19 16:24:55,052 [a60155f7-ea69-45b2-947a-1e7e01ad7119-groupManagement] INFO  storage.RaftStorageDirectory (RaftStorageDirectoryImpl.java:tryLock(229)) - Lock on /home/runner/work/ozone/ozone/hadoop-ozone/integration-test/target/test-dir/MiniOzoneClusterImpl-37a79142-3d3b-4256-8e35-bf5503c8d171/ozone-meta/datanode-1/ratis/4abc10ae-f4de-4bb7-9f1e-35258a47fd67/in_use.lock acquired by nodename 48113@fv-az880-377
2024-08-19 16:24:55,054 [a60155f7-ea69-45b2-947a-1e7e01ad7119-groupManagement] INFO  storage.RaftStorage (RaftStorageImpl.java:format(98)) - Storage directory /home/runner/work/ozone/ozone/hadoop-ozone/integration-test/target/test-dir/MiniOzoneClusterImpl-37a79142-3d3b-4256-8e35-bf5503c8d171/ozone-meta/datanode-1/ratis/4abc10ae-f4de-4bb7-9f1e-35258a47fd67 has been successfully formatted.
2024-08-19 16:24:55,055 [a60155f7-ea69-45b2-947a-1e7e01ad7119-groupManagement] INFO  ratis.ContainerStateMachine (ContainerStateMachine.java:loadSnapshot(295)) - group-35258A47FD67: The snapshot info is null. Setting the last applied index to:(t:0, i:~)
2024-08-19 16:24:55,055 [a60155f7-ea69-45b2-947a-1e7e01ad7119-groupManagement] INFO  server.RaftServerConfigKeys (ConfUtils.java:logGet(46)) - raft.server.log.use.memory = false (default)
2024-08-19 16:24:55,056 [a60155f7-ea69-45b2-947a-1e7e01ad7119-groupManagement] INFO  server.RaftServerConfigKeys (ConfUtils.java:logGet(46)) - raft.server.log.purge.gap = 1000000 (custom)
2024-08-19 16:24:55,056 [EventQueue-OpenPipelineForHealthyPipelineSafeModeRule] INFO  safemode.SCMSafeModeManager (HealthyPipelineSafeModeRule.java:process(140)) - SCM in safe mode. Healthy pipelines reported count is 0, required healthy pipeline reported count is 1
2024-08-19 16:24:55,056 [a60155f7-ea69-45b2-947a-1e7e01ad7119-groupManagement] INFO  server.RaftServerConfigKeys (ConfUtils.java:logGet(46)) - raft.server.log.appender.buffer.byte-limit = 8388608 (custom)
2024-08-19 16:24:55,058 [a60155f7-ea69-45b2-947a-1e7e01ad7119-groupManagement] INFO  server.RaftServerConfigKeys (ConfUtils.java:logGet(46)) - raft.server.log.statemachine.data.read.timeout = 1000ms (default)
2024-08-19 16:24:55,058 [a60155f7-ea69-45b2-947a-1e7e01ad7119-groupManagement] INFO  server.RaftServerConfigKeys (ConfUtils.java:logGet(46)) - raft.server.log.purge.preservation.log.num = 0 (default)
2024-08-19 16:24:55,065 [a60155f7-ea69-45b2-947a-1e7e01ad7119-groupManagement] INFO  server.RaftServerConfigKeys (ConfUtils.java:logGet(46)) - raft.server.log.segment.size.max = 67108864 (custom)
2024-08-19 16:24:55,065 [a60155f7-ea69-45b2-947a-1e7e01ad7119-groupManagement] INFO  server.RaftServerConfigKeys (ConfUtils.java:logGet(46)) - raft.server.log.segment.cache.num.max = 2 (custom)
2024-08-19 16:24:55,067 [a60155f7-ea69-45b2-947a-1e7e01ad7119-groupManagement] INFO  server.RaftServerConfigKeys (ConfUtils.java:logGet(46)) - raft.server.log.segment.cache.size.max = 200MB (=209715200) (default)
2024-08-19 16:24:55,068 [a60155f7-ea69-45b2-947a-1e7e01ad7119-groupManagement] INFO  server.RaftServerConfigKeys (ConfUtils.java:logGet(46)) - raft.server.log.appender.buffer.byte-limit = 8388608 (custom)
2024-08-19 16:24:55,069 [a60155f7-ea69-45b2-947a-1e7e01ad7119-groupManagement] INFO  util.AwaitToRun (AwaitToRun.java:start(81)) - Thread[a60155f7-ea69-45b2-947a-1e7e01ad7119@group-35258A47FD67-cacheEviction-AwaitToRun,5,main] started
2024-08-19 16:24:55,069 [a60155f7-ea69-45b2-947a-1e7e01ad7119-groupManagement] INFO  segmented.SegmentedRaftLogWorker (SegmentedRaftLogWorker.java:<init>(184)) - new a60155f7-ea69-45b2-947a-1e7e01ad7119@group-35258A47FD67-SegmentedRaftLogWorker for RaftStorageImpl:Storage Directory /home/runner/work/ozone/ozone/hadoop-ozone/integration-test/target/test-dir/MiniOzoneClusterImpl-37a79142-3d3b-4256-8e35-bf5503c8d171/ozone-meta/datanode-1/ratis/4abc10ae-f4de-4bb7-9f1e-35258a47fd67
2024-08-19 16:24:55,070 [a60155f7-ea69-45b2-947a-1e7e01ad7119-groupManagement] INFO  server.RaftServerConfigKeys (ConfUtils.java:logGet(46)) - raft.server.log.queue.byte-limit = 4294967296 (custom)
2024-08-19 16:24:55,070 [a60155f7-ea69-45b2-947a-1e7e01ad7119-groupManagement] INFO  server.RaftServerConfigKeys (ConfUtils.java:logGet(46)) - raft.server.log.queue.element-limit = 1024 (custom)
2024-08-19 16:24:55,070 [a60155f7-ea69-45b2-947a-1e7e01ad7119-groupManagement] INFO  server.RaftServerConfigKeys (ConfUtils.java:logGet(46)) - raft.server.log.segment.size.max = 67108864 (custom)
2024-08-19 16:24:55,071 [a60155f7-ea69-45b2-947a-1e7e01ad7119-groupManagement] INFO  server.RaftServerConfigKeys (ConfUtils.java:logGet(46)) - raft.server.log.preallocated.size = 4194304 (custom)
2024-08-19 16:24:55,071 [a60155f7-ea69-45b2-947a-1e7e01ad7119-groupManagement] INFO  server.RaftServerConfigKeys (ConfUtils.java:logGet(46)) - raft.server.log.force.sync.num = 128 (default)
2024-08-19 16:24:55,072 [a60155f7-ea69-45b2-947a-1e7e01ad7119-groupManagement] INFO  server.RaftServerConfigKeys (ConfUtils.java:logGet(46)) - raft.server.log.statemachine.data.sync = true (default)
2024-08-19 16:24:55,072 [a60155f7-ea69-45b2-947a-1e7e01ad7119-groupManagement] INFO  server.RaftServerConfigKeys (ConfUtils.java:logGet(46)) - raft.server.log.statemachine.data.sync.timeout = 10s (default)
2024-08-19 16:24:55,072 [a60155f7-ea69-45b2-947a-1e7e01ad7119-groupManagement] INFO  server.RaftServerConfigKeys (ConfUtils.java:logGet(46)) - raft.server.log.statemachine.data.sync.timeout.retry = 30 (custom)
2024-08-19 16:24:55,073 [a60155f7-ea69-45b2-947a-1e7e01ad7119-groupManagement] INFO  server.RaftServerConfigKeys (ConfUtils.java:logGet(46)) - raft.server.log.write.buffer.size = 8388616 (custom)
2024-08-19 16:24:55,074 [a60155f7-ea69-45b2-947a-1e7e01ad7119-groupManagement] INFO  server.RaftServerConfigKeys (ConfUtils.java:logGet(46)) - raft.server.log.appender.buffer.byte-limit = 8388608 (custom)
2024-08-19 16:24:55,075 [a60155f7-ea69-45b2-947a-1e7e01ad7119-groupManagement] INFO  server.RaftServerConfigKeys (ConfUtils.java:logGet(46)) - raft.server.log.unsafe-flush.enabled = false (default)
2024-08-19 16:24:55,075 [a60155f7-ea69-45b2-947a-1e7e01ad7119-groupManagement] INFO  server.RaftServerConfigKeys (ConfUtils.java:logGet(46)) - raft.server.log.async-flush.enabled = false (default)
2024-08-19 16:24:55,075 [a60155f7-ea69-45b2-947a-1e7e01ad7119-groupManagement] INFO  server.RaftServerConfigKeys (ConfUtils.java:logGet(46)) - raft.server.log.statemachine.data.caching.enabled = true (custom)
2024-08-19 16:24:55,075 [a60155f7-ea69-45b2-947a-1e7e01ad7119-groupManagement] INFO  segmented.SegmentedRaftLogWorker (SegmentedRaftLogWorker.java:lambda$new$0(135)) - a60155f7-ea69-45b2-947a-1e7e01ad7119@group-35258A47FD67-SegmentedRaftLogWorker: flushIndex: setUnconditionally 0 -> -1
2024-08-19 16:24:55,075 [a60155f7-ea69-45b2-947a-1e7e01ad7119-groupManagement] INFO  segmented.SegmentedRaftLogWorker (SegmentedRaftLogWorker.java:lambda$new$0(135)) - a60155f7-ea69-45b2-947a-1e7e01ad7119@group-35258A47FD67-SegmentedRaftLogWorker: safeCacheEvictIndex: setUnconditionally 0 -> -1
2024-08-19 16:24:55,078 [a60155f7-ea69-45b2-947a-1e7e01ad7119-groupManagement] INFO  server.RaftServer$Division (RaftServerImpl.java:start(389)) - a60155f7-ea69-45b2-947a-1e7e01ad7119@group-35258A47FD67: start as a follower, conf=conf: {index: -1, cur=peers:[a60155f7-ea69-45b2-947a-1e7e01ad7119|127.0.0.1:15012, 9b6d9b22-4572-4a82-ae1c-a91d234bbb93|127.0.0.1:15021, ee221735-3b90-4b08-961d-7f24e77247fb|127.0.0.1:15030]|listeners:[], old=null}
2024-08-19 16:24:55,079 [a60155f7-ea69-45b2-947a-1e7e01ad7119-groupManagement] INFO  server.RaftServer$Division (RaftServerImpl.java:setRole(376)) - a60155f7-ea69-45b2-947a-1e7e01ad7119@group-35258A47FD67: changes role from      null to FOLLOWER at term 0 for startAsFollower
2024-08-19 16:24:55,079 [a60155f7-ea69-45b2-947a-1e7e01ad7119-groupManagement] INFO  impl.RoleInfo (RoleInfo.java:updateAndGet(148)) - a60155f7-ea69-45b2-947a-1e7e01ad7119: start a60155f7-ea69-45b2-947a-1e7e01ad7119@group-35258A47FD67-FollowerState
2024-08-19 16:24:55,080 [a60155f7-ea69-45b2-947a-1e7e01ad7119@group-35258A47FD67-FollowerState] INFO  server.RaftServerConfigKeys (ConfUtils.java:logFallback(53)) - raft.server.rpc.first-election.timeout.min = 5s (fallback to raft.server.rpc.timeout.min)
2024-08-19 16:24:55,080 [a60155f7-ea69-45b2-947a-1e7e01ad7119@group-35258A47FD67-FollowerState] INFO  server.RaftServerConfigKeys (ConfUtils.java:logFallback(53)) - raft.server.rpc.first-election.timeout.max = 5200ms (fallback to raft.server.rpc.timeout.max)
2024-08-19 16:24:55,080 [a60155f7-ea69-45b2-947a-1e7e01ad7119-groupManagement] INFO  util.JmxRegister (JmxRegister.java:tryRegister(44)) - Successfully registered JMX Bean with object name Ratis:service=RaftServer,group=group-35258A47FD67,id=a60155f7-ea69-45b2-947a-1e7e01ad7119
2024-08-19 16:24:55,080 [a60155f7-ea69-45b2-947a-1e7e01ad7119-groupManagement] INFO  util.JmxRegister (JmxRegister.java:register(58)) - register mxBean class org.apache.ratis.server.impl.RaftServerJmxAdapter as Ratis:service=RaftServer,group=group-35258A47FD67,id=a60155f7-ea69-45b2-947a-1e7e01ad7119
2024-08-19 16:24:55,080 [a60155f7-ea69-45b2-947a-1e7e01ad7119-groupManagement] INFO  server.RaftServerConfigKeys (ConfUtils.java:logGet(46)) - raft.server.snapshot.trigger-when-stop.enabled = true (default)
2024-08-19 16:24:55,080 [a60155f7-ea69-45b2-947a-1e7e01ad7119-groupManagement] INFO  server.RaftServerConfigKeys (ConfUtils.java:logGet(46)) - raft.server.snapshot.trigger-when-remove.enabled = true (default)
2024-08-19 16:24:55,080 [a60155f7-ea69-45b2-947a-1e7e01ad7119-groupManagement] INFO  server.RaftServerConfigKeys (ConfUtils.java:logGet(46)) - raft.server.snapshot.auto.trigger.enabled = true (custom)
2024-08-19 16:24:55,080 [a60155f7-ea69-45b2-947a-1e7e01ad7119-groupManagement] INFO  server.RaftServerConfigKeys (ConfUtils.java:logGet(46)) - raft.server.snapshot.auto.trigger.threshold = 10000 (custom)
2024-08-19 16:24:55,080 [a60155f7-ea69-45b2-947a-1e7e01ad7119-groupManagement] INFO  server.RaftServerConfigKeys (ConfUtils.java:logGet(46)) - raft.server.snapshot.retention.file.num = 5 (custom)
2024-08-19 16:24:55,081 [a60155f7-ea69-45b2-947a-1e7e01ad7119-groupManagement] INFO  server.RaftServerConfigKeys (ConfUtils.java:logGet(46)) - raft.server.log.purge.upto.snapshot.index = false (default)
2024-08-19 16:24:55,084 [a60155f7-ea69-45b2-947a-1e7e01ad7119-PipelineCommandHandlerThread-0] INFO  ratis.XceiverServerRatis (XceiverServerRatis.java:addGroup(849)) - Created group PipelineID=4abc10ae-f4de-4bb7-9f1e-35258a47fd67
2024-08-19 16:24:55,300 [grpc-default-executor-0] INFO  server.RaftServer (RaftServerProxy.java:addNew(101)) - ee221735-3b90-4b08-961d-7f24e77247fb: addNew group-35258A47FD67:[a60155f7-ea69-45b2-947a-1e7e01ad7119|127.0.0.1:15012, 9b6d9b22-4572-4a82-ae1c-a91d234bbb93|127.0.0.1:15021, ee221735-3b90-4b08-961d-7f24e77247fb|127.0.0.1:15030] returns group-35258A47FD67:java.util.concurrent.CompletableFuture@426b1323[Not completed]
2024-08-19 16:24:55,302 [ee221735-3b90-4b08-961d-7f24e77247fb-groupManagement] INFO  server.RaftServer$Division (RaftServerImpl.java:<init>(253)) - ee221735-3b90-4b08-961d-7f24e77247fb: new RaftServerImpl for group-35258A47FD67:[a60155f7-ea69-45b2-947a-1e7e01ad7119|127.0.0.1:15012, 9b6d9b22-4572-4a82-ae1c-a91d234bbb93|127.0.0.1:15021, ee221735-3b90-4b08-961d-7f24e77247fb|127.0.0.1:15030] with ContainerStateMachine:uninitialized
2024-08-19 16:24:55,302 [ee221735-3b90-4b08-961d-7f24e77247fb-groupManagement] INFO  server.RaftServerConfigKeys (ConfUtils.java:logGet(46)) - raft.server.rpc.timeout.min = 5s (custom)
2024-08-19 16:24:55,303 [ee221735-3b90-4b08-961d-7f24e77247fb-groupManagement] INFO  server.RaftServerConfigKeys (ConfUtils.java:logGet(46)) - raft.server.rpc.timeout.max = 5200ms (custom)
2024-08-19 16:24:55,303 [ee221735-3b90-4b08-961d-7f24e77247fb-groupManagement] INFO  server.RaftServerConfigKeys (ConfUtils.java:logGet(46)) - raft.server.rpc.sleep.time = 25ms (default)
2024-08-19 16:24:55,303 [ee221735-3b90-4b08-961d-7f24e77247fb-groupManagement] INFO  server.RaftServerConfigKeys (ConfUtils.java:logGet(46)) - raft.server.rpc.slowness.timeout = 300s (custom)
2024-08-19 16:24:55,303 [ee221735-3b90-4b08-961d-7f24e77247fb-groupManagement] INFO  server.RaftServerConfigKeys (ConfUtils.java:logGet(46)) - raft.server.leaderelection.leader.step-down.wait-time = 10s (default)
2024-08-19 16:24:55,303 [ee221735-3b90-4b08-961d-7f24e77247fb-groupManagement] INFO  server.RaftServerConfigKeys (ConfUtils.java:logGet(46)) - raft.server.leaderelection.member.majority-add = false (default)
2024-08-19 16:24:55,303 [ee221735-3b90-4b08-961d-7f24e77247fb-groupManagement] INFO  server.RaftServerConfigKeys (ConfUtils.java:logGet(46)) - raft.server.sleep.deviation.threshold = 300ms (default)
2024-08-19 16:24:55,303 [ee221735-3b90-4b08-961d-7f24e77247fb-groupManagement] INFO  server.RaftServer$Division (ServerState.java:<init>(114)) - ee221735-3b90-4b08-961d-7f24e77247fb@group-35258A47FD67: ConfigurationManager, init=conf: {index: -1, cur=peers:[a60155f7-ea69-45b2-947a-1e7e01ad7119|127.0.0.1:15012, 9b6d9b22-4572-4a82-ae1c-a91d234bbb93|127.0.0.1:15021, ee221735-3b90-4b08-961d-7f24e77247fb|127.0.0.1:15030]|listeners:[], old=null}, confs=<EMPTY_MAP>
2024-08-19 16:24:55,303 [ee221735-3b90-4b08-961d-7f24e77247fb-groupManagement] INFO  server.RaftServerConfigKeys (ConfUtils.java:logGet(46)) - raft.server.notification.no-leader.timeout = 300s (custom)
2024-08-19 16:24:55,303 [ee221735-3b90-4b08-961d-7f24e77247fb-groupManagement] INFO  server.RaftServerConfigKeys (ConfUtils.java:logGet(46)) - raft.server.read.timeout = 10s (default)
2024-08-19 16:24:55,304 [ee221735-3b90-4b08-961d-7f24e77247fb-groupManagement] INFO  server.RaftServerConfigKeys (ConfUtils.java:logGet(46)) - raft.server.retrycache.expirytime = 600000ms (custom)
2024-08-19 16:24:55,304 [ee221735-3b90-4b08-961d-7f24e77247fb-groupManagement] INFO  server.RaftServerConfigKeys (ConfUtils.java:logGet(46)) - raft.server.retrycache.statistics.expirytime = 100ms (default)
2024-08-19 16:24:55,304 [ee221735-3b90-4b08-961d-7f24e77247fb-groupManagement] INFO  server.RaftServerConfigKeys (ConfUtils.java:logGet(46)) - raft.server.read.option = DEFAULT (default)
2024-08-19 16:24:55,304 [ee221735-3b90-4b08-961d-7f24e77247fb-groupManagement] INFO  server.RaftServerConfigKeys (ConfUtils.java:logGet(46)) - raft.server.read.read-after-write-consistent.write-index-cache.expiry-time = 60s (default)
2024-08-19 16:24:55,309 [ee221735-3b90-4b08-961d-7f24e77247fb-groupManagement] INFO  server.RaftServerConfigKeys (ConfUtils.java:logGet(46)) - raft.server.rpc.request.timeout = 60s (custom)
2024-08-19 16:24:55,309 [ee221735-3b90-4b08-961d-7f24e77247fb-groupManagement] INFO  server.RaftServerConfigKeys (ConfUtils.java:logGet(46)) - raft.server.log.appender.install.snapshot.enabled = false (custom)
2024-08-19 16:24:55,309 [ee221735-3b90-4b08-961d-7f24e77247fb-groupManagement] INFO  server.RaftServerConfigKeys (ConfUtils.java:logGet(46)) - raft.server.threadpool.server.cached = true (default)
2024-08-19 16:24:55,309 [ee221735-3b90-4b08-961d-7f24e77247fb-groupManagement] INFO  server.RaftServerConfigKeys (ConfUtils.java:logGet(46)) - raft.server.threadpool.server.size = 0 (default)
2024-08-19 16:24:55,309 [ee221735-3b90-4b08-961d-7f24e77247fb-groupManagement] INFO  server.RaftServerConfigKeys (ConfUtils.java:logGet(46)) - raft.server.threadpool.client.cached = true (default)
2024-08-19 16:24:55,309 [ee221735-3b90-4b08-961d-7f24e77247fb-groupManagement] INFO  server.RaftServerConfigKeys (ConfUtils.java:logGet(46)) - raft.server.threadpool.client.size = 0 (default)
2024-08-19 16:24:55,309 [ee221735-3b90-4b08-961d-7f24e77247fb-groupManagement] INFO  server.RaftServerConfigKeys (ConfUtils.java:logGet(46)) - raft.server.storage.free-space.min = 0MB (=0) (default)
2024-08-19 16:24:55,310 [ee221735-3b90-4b08-961d-7f24e77247fb-groupManagement] INFO  server.RaftServerConfigKeys (ConfUtils.java:logGet(46)) - raft.server.log.corruption.policy = EXCEPTION (default)
2024-08-19 16:24:55,310 [ee221735-3b90-4b08-961d-7f24e77247fb-groupManagement] INFO  server.RaftServerConfigKeys (ConfUtils.java:logGet(46)) - raft.server.storage.dir = [/home/runner/work/ozone/ozone/hadoop-ozone/integration-test/target/test-dir/MiniOzoneClusterImpl-37a79142-3d3b-4256-8e35-bf5503c8d171/ozone-meta/datanode-3/ratis] (custom)
2024-08-19 16:24:55,310 [ee221735-3b90-4b08-961d-7f24e77247fb-groupManagement] INFO  storage.RaftStorageDirectory (RaftStorageDirectoryImpl.java:analyzeStorage(138)) - The storage directory /home/runner/work/ozone/ozone/hadoop-ozone/integration-test/target/test-dir/MiniOzoneClusterImpl-37a79142-3d3b-4256-8e35-bf5503c8d171/ozone-meta/datanode-3/ratis/4abc10ae-f4de-4bb7-9f1e-35258a47fd67 does not exist. Creating ...
2024-08-19 16:24:55,311 [ee221735-3b90-4b08-961d-7f24e77247fb-groupManagement] INFO  storage.RaftStorageDirectory (RaftStorageDirectoryImpl.java:tryLock(229)) - Lock on /home/runner/work/ozone/ozone/hadoop-ozone/integration-test/target/test-dir/MiniOzoneClusterImpl-37a79142-3d3b-4256-8e35-bf5503c8d171/ozone-meta/datanode-3/ratis/4abc10ae-f4de-4bb7-9f1e-35258a47fd67/in_use.lock acquired by nodename 48113@fv-az880-377
2024-08-19 16:24:55,312 [ee221735-3b90-4b08-961d-7f24e77247fb-groupManagement] INFO  storage.RaftStorage (RaftStorageImpl.java:format(98)) - Storage directory /home/runner/work/ozone/ozone/hadoop-ozone/integration-test/target/test-dir/MiniOzoneClusterImpl-37a79142-3d3b-4256-8e35-bf5503c8d171/ozone-meta/datanode-3/ratis/4abc10ae-f4de-4bb7-9f1e-35258a47fd67 has been successfully formatted.
2024-08-19 16:24:55,313 [ee221735-3b90-4b08-961d-7f24e77247fb-groupManagement] INFO  ratis.ContainerStateMachine (ContainerStateMachine.java:loadSnapshot(295)) - group-35258A47FD67: The snapshot info is null. Setting the last applied index to:(t:0, i:~)
2024-08-19 16:24:55,313 [ee221735-3b90-4b08-961d-7f24e77247fb-groupManagement] INFO  server.RaftServerConfigKeys (ConfUtils.java:logGet(46)) - raft.server.log.use.memory = false (default)
2024-08-19 16:24:55,313 [ee221735-3b90-4b08-961d-7f24e77247fb-groupManagement] INFO  server.RaftServerConfigKeys (ConfUtils.java:logGet(46)) - raft.server.log.purge.gap = 1000000 (custom)
2024-08-19 16:24:55,314 [ee221735-3b90-4b08-961d-7f24e77247fb-groupManagement] INFO  server.RaftServerConfigKeys (ConfUtils.java:logGet(46)) - raft.server.log.appender.buffer.byte-limit = 8388608 (custom)
2024-08-19 16:24:55,314 [ee221735-3b90-4b08-961d-7f24e77247fb-groupManagement] INFO  server.RaftServerConfigKeys (ConfUtils.java:logGet(46)) - raft.server.log.statemachine.data.read.timeout = 1000ms (default)
2024-08-19 16:24:55,314 [ee221735-3b90-4b08-961d-7f24e77247fb-groupManagement] INFO  server.RaftServerConfigKeys (ConfUtils.java:logGet(46)) - raft.server.log.purge.preservation.log.num = 0 (default)
2024-08-19 16:24:55,317 [ee221735-3b90-4b08-961d-7f24e77247fb-groupManagement] INFO  server.RaftServerConfigKeys (ConfUtils.java:logGet(46)) - raft.server.log.segment.size.max = 67108864 (custom)
2024-08-19 16:24:55,317 [ee221735-3b90-4b08-961d-7f24e77247fb-groupManagement] INFO  server.RaftServerConfigKeys (ConfUtils.java:logGet(46)) - raft.server.log.segment.cache.num.max = 2 (custom)
2024-08-19 16:24:55,317 [ee221735-3b90-4b08-961d-7f24e77247fb-groupManagement] INFO  server.RaftServerConfigKeys (ConfUtils.java:logGet(46)) - raft.server.log.segment.cache.size.max = 200MB (=209715200) (default)
2024-08-19 16:24:55,317 [ee221735-3b90-4b08-961d-7f24e77247fb-groupManagement] INFO  server.RaftServerConfigKeys (ConfUtils.java:logGet(46)) - raft.server.log.appender.buffer.byte-limit = 8388608 (custom)
2024-08-19 16:24:55,318 [ee221735-3b90-4b08-961d-7f24e77247fb-groupManagement] INFO  util.AwaitToRun (AwaitToRun.java:start(81)) - Thread[ee221735-3b90-4b08-961d-7f24e77247fb@group-35258A47FD67-cacheEviction-AwaitToRun,5,main] started
2024-08-19 16:24:55,318 [ee221735-3b90-4b08-961d-7f24e77247fb-groupManagement] INFO  segmented.SegmentedRaftLogWorker (SegmentedRaftLogWorker.java:<init>(184)) - new ee221735-3b90-4b08-961d-7f24e77247fb@group-35258A47FD67-SegmentedRaftLogWorker for RaftStorageImpl:Storage Directory /home/runner/work/ozone/ozone/hadoop-ozone/integration-test/target/test-dir/MiniOzoneClusterImpl-37a79142-3d3b-4256-8e35-bf5503c8d171/ozone-meta/datanode-3/ratis/4abc10ae-f4de-4bb7-9f1e-35258a47fd67
2024-08-19 16:24:55,318 [ee221735-3b90-4b08-961d-7f24e77247fb-groupManagement] INFO  server.RaftServerConfigKeys (ConfUtils.java:logGet(46)) - raft.server.log.queue.byte-limit = 4294967296 (custom)
2024-08-19 16:24:55,318 [ee221735-3b90-4b08-961d-7f24e77247fb-groupManagement] INFO  server.RaftServerConfigKeys (ConfUtils.java:logGet(46)) - raft.server.log.queue.element-limit = 1024 (custom)
2024-08-19 16:24:55,318 [ee221735-3b90-4b08-961d-7f24e77247fb-groupManagement] INFO  server.RaftServerConfigKeys (ConfUtils.java:logGet(46)) - raft.server.log.segment.size.max = 67108864 (custom)
2024-08-19 16:24:55,318 [ee221735-3b90-4b08-961d-7f24e77247fb-groupManagement] INFO  server.RaftServerConfigKeys (ConfUtils.java:logGet(46)) - raft.server.log.preallocated.size = 4194304 (custom)
2024-08-19 16:24:55,318 [ee221735-3b90-4b08-961d-7f24e77247fb-groupManagement] INFO  server.RaftServerConfigKeys (ConfUtils.java:logGet(46)) - raft.server.log.force.sync.num = 128 (default)
2024-08-19 16:24:55,318 [ee221735-3b90-4b08-961d-7f24e77247fb-groupManagement] INFO  server.RaftServerConfigKeys (ConfUtils.java:logGet(46)) - raft.server.log.statemachine.data.sync = true (default)
2024-08-19 16:24:55,318 [ee221735-3b90-4b08-961d-7f24e77247fb-groupManagement] INFO  server.RaftServerConfigKeys (ConfUtils.java:logGet(46)) - raft.server.log.statemachine.data.sync.timeout = 10s (default)
2024-08-19 16:24:55,318 [ee221735-3b90-4b08-961d-7f24e77247fb-groupManagement] INFO  server.RaftServerConfigKeys (ConfUtils.java:logGet(46)) - raft.server.log.statemachine.data.sync.timeout.retry = 30 (custom)
2024-08-19 16:24:55,319 [ee221735-3b90-4b08-961d-7f24e77247fb-groupManagement] INFO  server.RaftServerConfigKeys (ConfUtils.java:logGet(46)) - raft.server.log.write.buffer.size = 8388616 (custom)
2024-08-19 16:24:55,321 [ee221735-3b90-4b08-961d-7f24e77247fb-groupManagement] INFO  server.RaftServerConfigKeys (ConfUtils.java:logGet(46)) - raft.server.log.appender.buffer.byte-limit = 8388608 (custom)
2024-08-19 16:24:55,321 [ee221735-3b90-4b08-961d-7f24e77247fb-groupManagement] INFO  server.RaftServerConfigKeys (ConfUtils.java:logGet(46)) - raft.server.log.unsafe-flush.enabled = false (default)
2024-08-19 16:24:55,321 [ee221735-3b90-4b08-961d-7f24e77247fb-groupManagement] INFO  server.RaftServerConfigKeys (ConfUtils.java:logGet(46)) - raft.server.log.async-flush.enabled = false (default)
2024-08-19 16:24:55,321 [ee221735-3b90-4b08-961d-7f24e77247fb-groupManagement] INFO  server.RaftServerConfigKeys (ConfUtils.java:logGet(46)) - raft.server.log.statemachine.data.caching.enabled = true (custom)
2024-08-19 16:24:55,322 [ee221735-3b90-4b08-961d-7f24e77247fb-groupManagement] INFO  segmented.SegmentedRaftLogWorker (SegmentedRaftLogWorker.java:lambda$new$0(135)) - ee221735-3b90-4b08-961d-7f24e77247fb@group-35258A47FD67-SegmentedRaftLogWorker: flushIndex: setUnconditionally 0 -> -1
2024-08-19 16:24:55,322 [ee221735-3b90-4b08-961d-7f24e77247fb-groupManagement] INFO  segmented.SegmentedRaftLogWorker (SegmentedRaftLogWorker.java:lambda$new$0(135)) - ee221735-3b90-4b08-961d-7f24e77247fb@group-35258A47FD67-SegmentedRaftLogWorker: safeCacheEvictIndex: setUnconditionally 0 -> -1
2024-08-19 16:24:55,324 [ee221735-3b90-4b08-961d-7f24e77247fb-groupManagement] INFO  server.RaftServer$Division (RaftServerImpl.java:start(389)) - ee221735-3b90-4b08-961d-7f24e77247fb@group-35258A47FD67: start as a follower, conf=conf: {index: -1, cur=peers:[a60155f7-ea69-45b2-947a-1e7e01ad7119|127.0.0.1:15012, 9b6d9b22-4572-4a82-ae1c-a91d234bbb93|127.0.0.1:15021, ee221735-3b90-4b08-961d-7f24e77247fb|127.0.0.1:15030]|listeners:[], old=null}
2024-08-19 16:24:55,324 [ee221735-3b90-4b08-961d-7f24e77247fb-groupManagement] INFO  server.RaftServer$Division (RaftServerImpl.java:setRole(376)) - ee221735-3b90-4b08-961d-7f24e77247fb@group-35258A47FD67: changes role from      null to FOLLOWER at term 0 for startAsFollower
2024-08-19 16:24:55,324 [ee221735-3b90-4b08-961d-7f24e77247fb-groupManagement] INFO  impl.RoleInfo (RoleInfo.java:updateAndGet(148)) - ee221735-3b90-4b08-961d-7f24e77247fb: start ee221735-3b90-4b08-961d-7f24e77247fb@group-35258A47FD67-FollowerState
2024-08-19 16:24:55,328 [ee221735-3b90-4b08-961d-7f24e77247fb-groupManagement] INFO  util.JmxRegister (JmxRegister.java:tryRegister(44)) - Successfully registered JMX Bean with object name Ratis:service=RaftServer,group=group-35258A47FD67,id=ee221735-3b90-4b08-961d-7f24e77247fb
2024-08-19 16:24:55,328 [ee221735-3b90-4b08-961d-7f24e77247fb-groupManagement] INFO  util.JmxRegister (JmxRegister.java:register(58)) - register mxBean class org.apache.ratis.server.impl.RaftServerJmxAdapter as Ratis:service=RaftServer,group=group-35258A47FD67,id=ee221735-3b90-4b08-961d-7f24e77247fb
2024-08-19 16:24:55,328 [ee221735-3b90-4b08-961d-7f24e77247fb-groupManagement] INFO  server.RaftServerConfigKeys (ConfUtils.java:logGet(46)) - raft.server.snapshot.trigger-when-stop.enabled = true (default)
2024-08-19 16:24:55,329 [ee221735-3b90-4b08-961d-7f24e77247fb-groupManagement] INFO  server.RaftServerConfigKeys (ConfUtils.java:logGet(46)) - raft.server.snapshot.trigger-when-remove.enabled = true (default)
2024-08-19 16:24:55,329 [ee221735-3b90-4b08-961d-7f24e77247fb-groupManagement] INFO  server.RaftServerConfigKeys (ConfUtils.java:logGet(46)) - raft.server.snapshot.auto.trigger.enabled = true (custom)
2024-08-19 16:24:55,329 [ee221735-3b90-4b08-961d-7f24e77247fb-groupManagement] INFO  server.RaftServerConfigKeys (ConfUtils.java:logGet(46)) - raft.server.snapshot.auto.trigger.threshold = 10000 (custom)
2024-08-19 16:24:55,329 [ee221735-3b90-4b08-961d-7f24e77247fb-groupManagement] INFO  server.RaftServerConfigKeys (ConfUtils.java:logGet(46)) - raft.server.snapshot.retention.file.num = 5 (custom)
2024-08-19 16:24:55,329 [ee221735-3b90-4b08-961d-7f24e77247fb-groupManagement] INFO  server.RaftServerConfigKeys (ConfUtils.java:logGet(46)) - raft.server.log.purge.upto.snapshot.index = false (default)
2024-08-19 16:24:55,330 [ee221735-3b90-4b08-961d-7f24e77247fb@group-35258A47FD67-FollowerState] INFO  server.RaftServerConfigKeys (ConfUtils.java:logFallback(53)) - raft.server.rpc.first-election.timeout.min = 5s (fallback to raft.server.rpc.timeout.min)
2024-08-19 16:24:55,330 [ee221735-3b90-4b08-961d-7f24e77247fb@group-35258A47FD67-FollowerState] INFO  server.RaftServerConfigKeys (ConfUtils.java:logFallback(53)) - raft.server.rpc.first-election.timeout.max = 5200ms (fallback to raft.server.rpc.timeout.max)
2024-08-19 16:24:55,369 [grpc-default-executor-0] INFO  server.RaftServer (RaftServerProxy.java:addNew(101)) - 9b6d9b22-4572-4a82-ae1c-a91d234bbb93: addNew group-35258A47FD67:[a60155f7-ea69-45b2-947a-1e7e01ad7119|127.0.0.1:15012, 9b6d9b22-4572-4a82-ae1c-a91d234bbb93|127.0.0.1:15021, ee221735-3b90-4b08-961d-7f24e77247fb|127.0.0.1:15030] returns group-35258A47FD67:java.util.concurrent.CompletableFuture@6a4a21a7[Not completed]
2024-08-19 16:24:55,372 [9b6d9b22-4572-4a82-ae1c-a91d234bbb93-groupManagement] INFO  server.RaftServer$Division (RaftServerImpl.java:<init>(253)) - 9b6d9b22-4572-4a82-ae1c-a91d234bbb93: new RaftServerImpl for group-35258A47FD67:[a60155f7-ea69-45b2-947a-1e7e01ad7119|127.0.0.1:15012, 9b6d9b22-4572-4a82-ae1c-a91d234bbb93|127.0.0.1:15021, ee221735-3b90-4b08-961d-7f24e77247fb|127.0.0.1:15030] with ContainerStateMachine:uninitialized
2024-08-19 16:24:55,372 [9b6d9b22-4572-4a82-ae1c-a91d234bbb93-groupManagement] INFO  server.RaftServerConfigKeys (ConfUtils.java:logGet(46)) - raft.server.rpc.timeout.min = 5s (custom)
2024-08-19 16:24:55,372 [9b6d9b22-4572-4a82-ae1c-a91d234bbb93-groupManagement] INFO  server.RaftServerConfigKeys (ConfUtils.java:logGet(46)) - raft.server.rpc.timeout.max = 5200ms (custom)
2024-08-19 16:24:55,372 [9b6d9b22-4572-4a82-ae1c-a91d234bbb93-groupManagement] INFO  server.RaftServerConfigKeys (ConfUtils.java:logGet(46)) - raft.server.rpc.sleep.time = 25ms (default)
2024-08-19 16:24:55,372 [9b6d9b22-4572-4a82-ae1c-a91d234bbb93-groupManagement] INFO  server.RaftServerConfigKeys (ConfUtils.java:logGet(46)) - raft.server.rpc.slowness.timeout = 300s (custom)
2024-08-19 16:24:55,372 [9b6d9b22-4572-4a82-ae1c-a91d234bbb93-groupManagement] INFO  server.RaftServerConfigKeys (ConfUtils.java:logGet(46)) - raft.server.leaderelection.leader.step-down.wait-time = 10s (default)
2024-08-19 16:24:55,372 [9b6d9b22-4572-4a82-ae1c-a91d234bbb93-groupManagement] INFO  server.RaftServerConfigKeys (ConfUtils.java:logGet(46)) - raft.server.leaderelection.member.majority-add = false (default)
2024-08-19 16:24:55,372 [9b6d9b22-4572-4a82-ae1c-a91d234bbb93-groupManagement] INFO  server.RaftServerConfigKeys (ConfUtils.java:logGet(46)) - raft.server.sleep.deviation.threshold = 300ms (default)
2024-08-19 16:24:55,373 [9b6d9b22-4572-4a82-ae1c-a91d234bbb93-groupManagement] INFO  server.RaftServer$Division (ServerState.java:<init>(114)) - 9b6d9b22-4572-4a82-ae1c-a91d234bbb93@group-35258A47FD67: ConfigurationManager, init=conf: {index: -1, cur=peers:[a60155f7-ea69-45b2-947a-1e7e01ad7119|127.0.0.1:15012, 9b6d9b22-4572-4a82-ae1c-a91d234bbb93|127.0.0.1:15021, ee221735-3b90-4b08-961d-7f24e77247fb|127.0.0.1:15030]|listeners:[], old=null}, confs=<EMPTY_MAP>
2024-08-19 16:24:55,373 [9b6d9b22-4572-4a82-ae1c-a91d234bbb93-groupManagement] INFO  server.RaftServerConfigKeys (ConfUtils.java:logGet(46)) - raft.server.notification.no-leader.timeout = 300s (custom)
2024-08-19 16:24:55,373 [9b6d9b22-4572-4a82-ae1c-a91d234bbb93-groupManagement] INFO  server.RaftServerConfigKeys (ConfUtils.java:logGet(46)) - raft.server.read.timeout = 10s (default)
2024-08-19 16:24:55,373 [9b6d9b22-4572-4a82-ae1c-a91d234bbb93-groupManagement] INFO  server.RaftServerConfigKeys (ConfUtils.java:logGet(46)) - raft.server.retrycache.expirytime = 600000ms (custom)
2024-08-19 16:24:55,373 [9b6d9b22-4572-4a82-ae1c-a91d234bbb93-groupManagement] INFO  server.RaftServerConfigKeys (ConfUtils.java:logGet(46)) - raft.server.retrycache.statistics.expirytime = 100ms (default)
2024-08-19 16:24:55,373 [9b6d9b22-4572-4a82-ae1c-a91d234bbb93-groupManagement] INFO  server.RaftServerConfigKeys (ConfUtils.java:logGet(46)) - raft.server.read.option = DEFAULT (default)
2024-08-19 16:24:55,373 [9b6d9b22-4572-4a82-ae1c-a91d234bbb93-groupManagement] INFO  server.RaftServerConfigKeys (ConfUtils.java:logGet(46)) - raft.server.read.read-after-write-consistent.write-index-cache.expiry-time = 60s (default)
2024-08-19 16:24:55,377 [9b6d9b22-4572-4a82-ae1c-a91d234bbb93-groupManagement] INFO  server.RaftServerConfigKeys (ConfUtils.java:logGet(46)) - raft.server.rpc.request.timeout = 60s (custom)
2024-08-19 16:24:55,377 [9b6d9b22-4572-4a82-ae1c-a91d234bbb93-groupManagement] INFO  server.RaftServerConfigKeys (ConfUtils.java:logGet(46)) - raft.server.log.appender.install.snapshot.enabled = false (custom)
2024-08-19 16:24:55,377 [9b6d9b22-4572-4a82-ae1c-a91d234bbb93-groupManagement] INFO  server.RaftServerConfigKeys (ConfUtils.java:logGet(46)) - raft.server.threadpool.server.cached = true (default)
2024-08-19 16:24:55,378 [9b6d9b22-4572-4a82-ae1c-a91d234bbb93-groupManagement] INFO  server.RaftServerConfigKeys (ConfUtils.java:logGet(46)) - raft.server.threadpool.server.size = 0 (default)
2024-08-19 16:24:55,378 [9b6d9b22-4572-4a82-ae1c-a91d234bbb93-groupManagement] INFO  server.RaftServerConfigKeys (ConfUtils.java:logGet(46)) - raft.server.threadpool.client.cached = true (default)
2024-08-19 16:24:55,378 [9b6d9b22-4572-4a82-ae1c-a91d234bbb93-groupManagement] INFO  server.RaftServerConfigKeys (ConfUtils.java:logGet(46)) - raft.server.threadpool.client.size = 0 (default)
2024-08-19 16:24:55,378 [9b6d9b22-4572-4a82-ae1c-a91d234bbb93-groupManagement] INFO  server.RaftServerConfigKeys (ConfUtils.java:logGet(46)) - raft.server.storage.free-space.min = 0MB (=0) (default)
2024-08-19 16:24:55,378 [9b6d9b22-4572-4a82-ae1c-a91d234bbb93-groupManagement] INFO  server.RaftServerConfigKeys (ConfUtils.java:logGet(46)) - raft.server.log.corruption.policy = EXCEPTION (default)
2024-08-19 16:24:55,378 [9b6d9b22-4572-4a82-ae1c-a91d234bbb93-groupManagement] INFO  server.RaftServerConfigKeys (ConfUtils.java:logGet(46)) - raft.server.storage.dir = [/home/runner/work/ozone/ozone/hadoop-ozone/integration-test/target/test-dir/MiniOzoneClusterImpl-37a79142-3d3b-4256-8e35-bf5503c8d171/ozone-meta/datanode-2/ratis] (custom)
2024-08-19 16:24:55,378 [9b6d9b22-4572-4a82-ae1c-a91d234bbb93-groupManagement] INFO  storage.RaftStorageDirectory (RaftStorageDirectoryImpl.java:analyzeStorage(138)) - The storage directory /home/runner/work/ozone/ozone/hadoop-ozone/integration-test/target/test-dir/MiniOzoneClusterImpl-37a79142-3d3b-4256-8e35-bf5503c8d171/ozone-meta/datanode-2/ratis/4abc10ae-f4de-4bb7-9f1e-35258a47fd67 does not exist. Creating ...
2024-08-19 16:24:55,379 [9b6d9b22-4572-4a82-ae1c-a91d234bbb93-groupManagement] INFO  storage.RaftStorageDirectory (RaftStorageDirectoryImpl.java:tryLock(229)) - Lock on /home/runner/work/ozone/ozone/hadoop-ozone/integration-test/target/test-dir/MiniOzoneClusterImpl-37a79142-3d3b-4256-8e35-bf5503c8d171/ozone-meta/datanode-2/ratis/4abc10ae-f4de-4bb7-9f1e-35258a47fd67/in_use.lock acquired by nodename 48113@fv-az880-377
2024-08-19 16:24:55,381 [9b6d9b22-4572-4a82-ae1c-a91d234bbb93-groupManagement] INFO  storage.RaftStorage (RaftStorageImpl.java:format(98)) - Storage directory /home/runner/work/ozone/ozone/hadoop-ozone/integration-test/target/test-dir/MiniOzoneClusterImpl-37a79142-3d3b-4256-8e35-bf5503c8d171/ozone-meta/datanode-2/ratis/4abc10ae-f4de-4bb7-9f1e-35258a47fd67 has been successfully formatted.
2024-08-19 16:24:55,382 [9b6d9b22-4572-4a82-ae1c-a91d234bbb93-groupManagement] INFO  ratis.ContainerStateMachine (ContainerStateMachine.java:loadSnapshot(295)) - group-35258A47FD67: The snapshot info is null. Setting the last applied index to:(t:0, i:~)
2024-08-19 16:24:55,382 [9b6d9b22-4572-4a82-ae1c-a91d234bbb93-groupManagement] INFO  server.RaftServerConfigKeys (ConfUtils.java:logGet(46)) - raft.server.log.use.memory = false (default)
2024-08-19 16:24:55,382 [9b6d9b22-4572-4a82-ae1c-a91d234bbb93-groupManagement] INFO  server.RaftServerConfigKeys (ConfUtils.java:logGet(46)) - raft.server.log.purge.gap = 1000000 (custom)
2024-08-19 16:24:55,382 [9b6d9b22-4572-4a82-ae1c-a91d234bbb93-groupManagement] INFO  server.RaftServerConfigKeys (ConfUtils.java:logGet(46)) - raft.server.log.appender.buffer.byte-limit = 8388608 (custom)
2024-08-19 16:24:55,382 [9b6d9b22-4572-4a82-ae1c-a91d234bbb93-groupManagement] INFO  server.RaftServerConfigKeys (ConfUtils.java:logGet(46)) - raft.server.log.statemachine.data.read.timeout = 1000ms (default)
2024-08-19 16:24:55,382 [9b6d9b22-4572-4a82-ae1c-a91d234bbb93-groupManagement] INFO  server.RaftServerConfigKeys (ConfUtils.java:logGet(46)) - raft.server.log.purge.preservation.log.num = 0 (default)
2024-08-19 16:24:55,384 [9b6d9b22-4572-4a82-ae1c-a91d234bbb93-groupManagement] INFO  server.RaftServerConfigKeys (ConfUtils.java:logGet(46)) - raft.server.log.segment.size.max = 67108864 (custom)
2024-08-19 16:24:55,385 [9b6d9b22-4572-4a82-ae1c-a91d234bbb93-groupManagement] INFO  server.RaftServerConfigKeys (ConfUtils.java:logGet(46)) - raft.server.log.segment.cache.num.max = 2 (custom)
2024-08-19 16:24:55,385 [9b6d9b22-4572-4a82-ae1c-a91d234bbb93-groupManagement] INFO  server.RaftServerConfigKeys (ConfUtils.java:logGet(46)) - raft.server.log.segment.cache.size.max = 200MB (=209715200) (default)
2024-08-19 16:24:55,385 [9b6d9b22-4572-4a82-ae1c-a91d234bbb93-groupManagement] INFO  server.RaftServerConfigKeys (ConfUtils.java:logGet(46)) - raft.server.log.appender.buffer.byte-limit = 8388608 (custom)
2024-08-19 16:24:55,395 [9b6d9b22-4572-4a82-ae1c-a91d234bbb93-groupManagement] INFO  util.AwaitToRun (AwaitToRun.java:start(81)) - Thread[9b6d9b22-4572-4a82-ae1c-a91d234bbb93@group-35258A47FD67-cacheEviction-AwaitToRun,5,main] started
2024-08-19 16:24:55,395 [9b6d9b22-4572-4a82-ae1c-a91d234bbb93-groupManagement] INFO  segmented.SegmentedRaftLogWorker (SegmentedRaftLogWorker.java:<init>(184)) - new 9b6d9b22-4572-4a82-ae1c-a91d234bbb93@group-35258A47FD67-SegmentedRaftLogWorker for RaftStorageImpl:Storage Directory /home/runner/work/ozone/ozone/hadoop-ozone/integration-test/target/test-dir/MiniOzoneClusterImpl-37a79142-3d3b-4256-8e35-bf5503c8d171/ozone-meta/datanode-2/ratis/4abc10ae-f4de-4bb7-9f1e-35258a47fd67
2024-08-19 16:24:55,395 [9b6d9b22-4572-4a82-ae1c-a91d234bbb93-groupManagement] INFO  server.RaftServerConfigKeys (ConfUtils.java:logGet(46)) - raft.server.log.queue.byte-limit = 4294967296 (custom)
2024-08-19 16:24:55,395 [9b6d9b22-4572-4a82-ae1c-a91d234bbb93-groupManagement] INFO  server.RaftServerConfigKeys (ConfUtils.java:logGet(46)) - raft.server.log.queue.element-limit = 1024 (custom)
2024-08-19 16:24:55,395 [9b6d9b22-4572-4a82-ae1c-a91d234bbb93-groupManagement] INFO  server.RaftServerConfigKeys (ConfUtils.java:logGet(46)) - raft.server.log.segment.size.max = 67108864 (custom)
2024-08-19 16:24:55,395 [9b6d9b22-4572-4a82-ae1c-a91d234bbb93-groupManagement] INFO  server.RaftServerConfigKeys (ConfUtils.java:logGet(46)) - raft.server.log.preallocated.size = 4194304 (custom)
2024-08-19 16:24:55,396 [9b6d9b22-4572-4a82-ae1c-a91d234bbb93-groupManagement] INFO  server.RaftServerConfigKeys (ConfUtils.java:logGet(46)) - raft.server.log.force.sync.num = 128 (default)
2024-08-19 16:24:55,396 [9b6d9b22-4572-4a82-ae1c-a91d234bbb93-groupManagement] INFO  server.RaftServerConfigKeys (ConfUtils.java:logGet(46)) - raft.server.log.statemachine.data.sync = true (default)
2024-08-19 16:24:55,396 [9b6d9b22-4572-4a82-ae1c-a91d234bbb93-groupManagement] INFO  server.RaftServerConfigKeys (ConfUtils.java:logGet(46)) - raft.server.log.statemachine.data.sync.timeout = 10s (default)
2024-08-19 16:24:55,396 [9b6d9b22-4572-4a82-ae1c-a91d234bbb93-groupManagement] INFO  server.RaftServerConfigKeys (ConfUtils.java:logGet(46)) - raft.server.log.statemachine.data.sync.timeout.retry = 30 (custom)
2024-08-19 16:24:55,396 [9b6d9b22-4572-4a82-ae1c-a91d234bbb93-groupManagement] INFO  server.RaftServerConfigKeys (ConfUtils.java:logGet(46)) - raft.server.log.write.buffer.size = 8388616 (custom)
2024-08-19 16:24:55,398 [9b6d9b22-4572-4a82-ae1c-a91d234bbb93-groupManagement] INFO  server.RaftServerConfigKeys (ConfUtils.java:logGet(46)) - raft.server.log.appender.buffer.byte-limit = 8388608 (custom)
2024-08-19 16:24:55,398 [9b6d9b22-4572-4a82-ae1c-a91d234bbb93-groupManagement] INFO  server.RaftServerConfigKeys (ConfUtils.java:logGet(46)) - raft.server.log.unsafe-flush.enabled = false (default)
2024-08-19 16:24:55,398 [9b6d9b22-4572-4a82-ae1c-a91d234bbb93-groupManagement] INFO  server.RaftServerConfigKeys (ConfUtils.java:logGet(46)) - raft.server.log.async-flush.enabled = false (default)
2024-08-19 16:24:55,398 [9b6d9b22-4572-4a82-ae1c-a91d234bbb93-groupManagement] INFO  server.RaftServerConfigKeys (ConfUtils.java:logGet(46)) - raft.server.log.statemachine.data.caching.enabled = true (custom)
2024-08-19 16:24:55,399 [9b6d9b22-4572-4a82-ae1c-a91d234bbb93-groupManagement] INFO  segmented.SegmentedRaftLogWorker (SegmentedRaftLogWorker.java:lambda$new$0(135)) - 9b6d9b22-4572-4a82-ae1c-a91d234bbb93@group-35258A47FD67-SegmentedRaftLogWorker: flushIndex: setUnconditionally 0 -> -1
2024-08-19 16:24:55,399 [9b6d9b22-4572-4a82-ae1c-a91d234bbb93-groupManagement] INFO  segmented.SegmentedRaftLogWorker (SegmentedRaftLogWorker.java:lambda$new$0(135)) - 9b6d9b22-4572-4a82-ae1c-a91d234bbb93@group-35258A47FD67-SegmentedRaftLogWorker: safeCacheEvictIndex: setUnconditionally 0 -> -1
2024-08-19 16:24:55,400 [9b6d9b22-4572-4a82-ae1c-a91d234bbb93-groupManagement] INFO  server.RaftServer$Division (RaftServerImpl.java:start(389)) - 9b6d9b22-4572-4a82-ae1c-a91d234bbb93@group-35258A47FD67: start as a follower, conf=conf: {index: -1, cur=peers:[a60155f7-ea69-45b2-947a-1e7e01ad7119|127.0.0.1:15012, 9b6d9b22-4572-4a82-ae1c-a91d234bbb93|127.0.0.1:15021, ee221735-3b90-4b08-961d-7f24e77247fb|127.0.0.1:15030]|listeners:[], old=null}
2024-08-19 16:24:55,400 [9b6d9b22-4572-4a82-ae1c-a91d234bbb93-groupManagement] INFO  server.RaftServer$Division (RaftServerImpl.java:setRole(376)) - 9b6d9b22-4572-4a82-ae1c-a91d234bbb93@group-35258A47FD67: changes role from      null to FOLLOWER at term 0 for startAsFollower
2024-08-19 16:24:55,401 [9b6d9b22-4572-4a82-ae1c-a91d234bbb93-groupManagement] INFO  impl.RoleInfo (RoleInfo.java:updateAndGet(148)) - 9b6d9b22-4572-4a82-ae1c-a91d234bbb93: start 9b6d9b22-4572-4a82-ae1c-a91d234bbb93@group-35258A47FD67-FollowerState
2024-08-19 16:24:55,401 [9b6d9b22-4572-4a82-ae1c-a91d234bbb93-groupManagement] INFO  util.JmxRegister (JmxRegister.java:tryRegister(44)) - Successfully registered JMX Bean with object name Ratis:service=RaftServer,group=group-35258A47FD67,id=9b6d9b22-4572-4a82-ae1c-a91d234bbb93
2024-08-19 16:24:55,401 [9b6d9b22-4572-4a82-ae1c-a91d234bbb93-groupManagement] INFO  util.JmxRegister (JmxRegister.java:register(58)) - register mxBean class org.apache.ratis.server.impl.RaftServerJmxAdapter as Ratis:service=RaftServer,group=group-35258A47FD67,id=9b6d9b22-4572-4a82-ae1c-a91d234bbb93
2024-08-19 16:24:55,401 [9b6d9b22-4572-4a82-ae1c-a91d234bbb93-groupManagement] INFO  server.RaftServerConfigKeys (ConfUtils.java:logGet(46)) - raft.server.snapshot.trigger-when-stop.enabled = true (default)
2024-08-19 16:24:55,401 [9b6d9b22-4572-4a82-ae1c-a91d234bbb93-groupManagement] INFO  server.RaftServerConfigKeys (ConfUtils.java:logGet(46)) - raft.server.snapshot.trigger-when-remove.enabled = true (default)
2024-08-19 16:24:55,401 [9b6d9b22-4572-4a82-ae1c-a91d234bbb93-groupManagement] INFO  server.RaftServerConfigKeys (ConfUtils.java:logGet(46)) - raft.server.snapshot.auto.trigger.enabled = true (custom)
2024-08-19 16:24:55,402 [9b6d9b22-4572-4a82-ae1c-a91d234bbb93-groupManagement] INFO  server.RaftServerConfigKeys (ConfUtils.java:logGet(46)) - raft.server.snapshot.auto.trigger.threshold = 10000 (custom)
2024-08-19 16:24:55,402 [9b6d9b22-4572-4a82-ae1c-a91d234bbb93-groupManagement] INFO  server.RaftServerConfigKeys (ConfUtils.java:logGet(46)) - raft.server.snapshot.retention.file.num = 5 (custom)
2024-08-19 16:24:55,402 [9b6d9b22-4572-4a82-ae1c-a91d234bbb93-groupManagement] INFO  server.RaftServerConfigKeys (ConfUtils.java:logGet(46)) - raft.server.log.purge.upto.snapshot.index = false (default)
2024-08-19 16:24:55,403 [9b6d9b22-4572-4a82-ae1c-a91d234bbb93@group-35258A47FD67-FollowerState] INFO  server.RaftServerConfigKeys (ConfUtils.java:logFallback(53)) - raft.server.rpc.first-election.timeout.min = 5s (fallback to raft.server.rpc.timeout.min)
2024-08-19 16:24:55,403 [9b6d9b22-4572-4a82-ae1c-a91d234bbb93@group-35258A47FD67-FollowerState] INFO  server.RaftServerConfigKeys (ConfUtils.java:logFallback(53)) - raft.server.rpc.first-election.timeout.max = 5200ms (fallback to raft.server.rpc.timeout.max)
2024-08-19 16:24:55,408 [9b6d9b22-4572-4a82-ae1c-a91d234bbb93-PipelineCommandHandlerThread-0] INFO  server.RaftServer (RaftServerProxy.java:addNew(101)) - 9b6d9b22-4572-4a82-ae1c-a91d234bbb93: addNew group-31F0EC4D8A54:[9b6d9b22-4572-4a82-ae1c-a91d234bbb93|127.0.0.1:15021] returns group-31F0EC4D8A54:java.util.concurrent.CompletableFuture@656f1466[Not completed]
2024-08-19 16:24:55,410 [9b6d9b22-4572-4a82-ae1c-a91d234bbb93-groupManagement] INFO  server.RaftServer$Division (RaftServerImpl.java:<init>(253)) - 9b6d9b22-4572-4a82-ae1c-a91d234bbb93: new RaftServerImpl for group-31F0EC4D8A54:[9b6d9b22-4572-4a82-ae1c-a91d234bbb93|127.0.0.1:15021] with ContainerStateMachine:uninitialized
2024-08-19 16:24:55,410 [9b6d9b22-4572-4a82-ae1c-a91d234bbb93-groupManagement] INFO  server.RaftServerConfigKeys (ConfUtils.java:logGet(46)) - raft.server.rpc.timeout.min = 5s (custom)
2024-08-19 16:24:55,410 [9b6d9b22-4572-4a82-ae1c-a91d234bbb93-groupManagement] INFO  server.RaftServerConfigKeys (ConfUtils.java:logGet(46)) - raft.server.rpc.timeout.max = 5200ms (custom)
2024-08-19 16:24:55,410 [9b6d9b22-4572-4a82-ae1c-a91d234bbb93-groupManagement] INFO  server.RaftServerConfigKeys (ConfUtils.java:logGet(46)) - raft.server.rpc.sleep.time = 25ms (default)
2024-08-19 16:24:55,410 [9b6d9b22-4572-4a82-ae1c-a91d234bbb93-groupManagement] INFO  server.RaftServerConfigKeys (ConfUtils.java:logGet(46)) - raft.server.rpc.slowness.timeout = 300s (custom)
2024-08-19 16:24:55,410 [9b6d9b22-4572-4a82-ae1c-a91d234bbb93-groupManagement] INFO  server.RaftServerConfigKeys (ConfUtils.java:logGet(46)) - raft.server.leaderelection.leader.step-down.wait-time = 10s (default)
2024-08-19 16:24:55,410 [9b6d9b22-4572-4a82-ae1c-a91d234bbb93-groupManagement] INFO  server.RaftServerConfigKeys (ConfUtils.java:logGet(46)) - raft.server.leaderelection.member.majority-add = false (default)
2024-08-19 16:24:55,410 [9b6d9b22-4572-4a82-ae1c-a91d234bbb93-groupManagement] INFO  server.RaftServerConfigKeys (ConfUtils.java:logGet(46)) - raft.server.sleep.deviation.threshold = 300ms (default)
2024-08-19 16:24:55,410 [9b6d9b22-4572-4a82-ae1c-a91d234bbb93-groupManagement] INFO  server.RaftServer$Division (ServerState.java:<init>(114)) - 9b6d9b22-4572-4a82-ae1c-a91d234bbb93@group-31F0EC4D8A54: ConfigurationManager, init=conf: {index: -1, cur=peers:[9b6d9b22-4572-4a82-ae1c-a91d234bbb93|127.0.0.1:15021]|listeners:[], old=null}, confs=<EMPTY_MAP>
2024-08-19 16:24:55,410 [9b6d9b22-4572-4a82-ae1c-a91d234bbb93-groupManagement] INFO  server.RaftServerConfigKeys (ConfUtils.java:logGet(46)) - raft.server.notification.no-leader.timeout = 300s (custom)
2024-08-19 16:24:55,410 [9b6d9b22-4572-4a82-ae1c-a91d234bbb93-groupManagement] INFO  server.RaftServerConfigKeys (ConfUtils.java:logGet(46)) - raft.server.read.timeout = 10s (default)
2024-08-19 16:24:55,410 [9b6d9b22-4572-4a82-ae1c-a91d234bbb93-groupManagement] INFO  server.RaftServerConfigKeys (ConfUtils.java:logGet(46)) - raft.server.retrycache.expirytime = 600000ms (custom)
2024-08-19 16:24:55,410 [9b6d9b22-4572-4a82-ae1c-a91d234bbb93-groupManagement] INFO  server.RaftServerConfigKeys (ConfUtils.java:logGet(46)) - raft.server.retrycache.statistics.expirytime = 100ms (default)
2024-08-19 16:24:55,411 [9b6d9b22-4572-4a82-ae1c-a91d234bbb93-groupManagement] INFO  server.RaftServerConfigKeys (ConfUtils.java:logGet(46)) - raft.server.read.option = DEFAULT (default)
2024-08-19 16:24:55,411 [9b6d9b22-4572-4a82-ae1c-a91d234bbb93-groupManagement] INFO  server.RaftServerConfigKeys (ConfUtils.java:logGet(46)) - raft.server.read.read-after-write-consistent.write-index-cache.expiry-time = 60s (default)
2024-08-19 16:24:55,415 [9b6d9b22-4572-4a82-ae1c-a91d234bbb93-groupManagement] INFO  server.RaftServerConfigKeys (ConfUtils.java:logGet(46)) - raft.server.rpc.request.timeout = 60s (custom)
2024-08-19 16:24:55,416 [9b6d9b22-4572-4a82-ae1c-a91d234bbb93-groupManagement] INFO  server.RaftServerConfigKeys (ConfUtils.java:logGet(46)) - raft.server.log.appender.install.snapshot.enabled = false (custom)
2024-08-19 16:24:55,416 [9b6d9b22-4572-4a82-ae1c-a91d234bbb93-groupManagement] INFO  server.RaftServerConfigKeys (ConfUtils.java:logGet(46)) - raft.server.threadpool.server.cached = true (default)
2024-08-19 16:24:55,416 [9b6d9b22-4572-4a82-ae1c-a91d234bbb93-groupManagement] INFO  server.RaftServerConfigKeys (ConfUtils.java:logGet(46)) - raft.server.threadpool.server.size = 0 (default)
2024-08-19 16:24:55,416 [9b6d9b22-4572-4a82-ae1c-a91d234bbb93-groupManagement] INFO  server.RaftServerConfigKeys (ConfUtils.java:logGet(46)) - raft.server.threadpool.client.cached = true (default)
2024-08-19 16:24:55,416 [9b6d9b22-4572-4a82-ae1c-a91d234bbb93-groupManagement] INFO  server.RaftServerConfigKeys (ConfUtils.java:logGet(46)) - raft.server.threadpool.client.size = 0 (default)
2024-08-19 16:24:55,416 [9b6d9b22-4572-4a82-ae1c-a91d234bbb93-groupManagement] INFO  server.RaftServerConfigKeys (ConfUtils.java:logGet(46)) - raft.server.storage.free-space.min = 0MB (=0) (default)
2024-08-19 16:24:55,417 [9b6d9b22-4572-4a82-ae1c-a91d234bbb93-groupManagement] INFO  server.RaftServerConfigKeys (ConfUtils.java:logGet(46)) - raft.server.log.corruption.policy = EXCEPTION (default)
2024-08-19 16:24:55,417 [9b6d9b22-4572-4a82-ae1c-a91d234bbb93-groupManagement] INFO  server.RaftServerConfigKeys (ConfUtils.java:logGet(46)) - raft.server.storage.dir = [/home/runner/work/ozone/ozone/hadoop-ozone/integration-test/target/test-dir/MiniOzoneClusterImpl-37a79142-3d3b-4256-8e35-bf5503c8d171/ozone-meta/datanode-2/ratis] (custom)
2024-08-19 16:24:55,417 [9b6d9b22-4572-4a82-ae1c-a91d234bbb93-groupManagement] INFO  storage.RaftStorageDirectory (RaftStorageDirectoryImpl.java:analyzeStorage(138)) - The storage directory /home/runner/work/ozone/ozone/hadoop-ozone/integration-test/target/test-dir/MiniOzoneClusterImpl-37a79142-3d3b-4256-8e35-bf5503c8d171/ozone-meta/datanode-2/ratis/cf9d6d2a-cb39-4eea-9b1a-31f0ec4d8a54 does not exist. Creating ...
2024-08-19 16:24:55,420 [9b6d9b22-4572-4a82-ae1c-a91d234bbb93-groupManagement] INFO  storage.RaftStorageDirectory (RaftStorageDirectoryImpl.java:tryLock(229)) - Lock on /home/runner/work/ozone/ozone/hadoop-ozone/integration-test/target/test-dir/MiniOzoneClusterImpl-37a79142-3d3b-4256-8e35-bf5503c8d171/ozone-meta/datanode-2/ratis/cf9d6d2a-cb39-4eea-9b1a-31f0ec4d8a54/in_use.lock acquired by nodename 48113@fv-az880-377
2024-08-19 16:24:55,420 [a60155f7-ea69-45b2-947a-1e7e01ad7119-PipelineCommandHandlerThread-0] INFO  commandhandler.CreatePipelineCommandHandler (CreatePipelineCommandHandler.java:lambda$handle$2(124)) - Created Pipeline RATIS THREE PipelineID=4abc10ae-f4de-4bb7-9f1e-35258a47fd67.
2024-08-19 16:24:55,421 [a60155f7-ea69-45b2-947a-1e7e01ad7119-PipelineCommandHandlerThread-0] INFO  server.RaftServer (RaftServerProxy.java:addNew(101)) - a60155f7-ea69-45b2-947a-1e7e01ad7119: addNew group-896295985C51:[a60155f7-ea69-45b2-947a-1e7e01ad7119|127.0.0.1:15012, 9b6d9b22-4572-4a82-ae1c-a91d234bbb93|127.0.0.1:15021, ee221735-3b90-4b08-961d-7f24e77247fb|127.0.0.1:15030] returns group-896295985C51:java.util.concurrent.CompletableFuture@c53a85c[Not completed]
2024-08-19 16:24:55,421 [9b6d9b22-4572-4a82-ae1c-a91d234bbb93-groupManagement] INFO  storage.RaftStorage (RaftStorageImpl.java:format(98)) - Storage directory /home/runner/work/ozone/ozone/hadoop-ozone/integration-test/target/test-dir/MiniOzoneClusterImpl-37a79142-3d3b-4256-8e35-bf5503c8d171/ozone-meta/datanode-2/ratis/cf9d6d2a-cb39-4eea-9b1a-31f0ec4d8a54 has been successfully formatted.
2024-08-19 16:24:55,422 [9b6d9b22-4572-4a82-ae1c-a91d234bbb93-groupManagement] INFO  ratis.ContainerStateMachine (ContainerStateMachine.java:loadSnapshot(295)) - group-31F0EC4D8A54: The snapshot info is null. Setting the last applied index to:(t:0, i:~)
2024-08-19 16:24:55,422 [a60155f7-ea69-45b2-947a-1e7e01ad7119-groupManagement] INFO  server.RaftServer$Division (RaftServerImpl.java:<init>(253)) - a60155f7-ea69-45b2-947a-1e7e01ad7119: new RaftServerImpl for group-896295985C51:[a60155f7-ea69-45b2-947a-1e7e01ad7119|127.0.0.1:15012, 9b6d9b22-4572-4a82-ae1c-a91d234bbb93|127.0.0.1:15021, ee221735-3b90-4b08-961d-7f24e77247fb|127.0.0.1:15030] with ContainerStateMachine:uninitialized
2024-08-19 16:24:55,422 [a60155f7-ea69-45b2-947a-1e7e01ad7119-groupManagement] INFO  server.RaftServerConfigKeys (ConfUtils.java:logGet(46)) - raft.server.rpc.timeout.min = 5s (custom)
2024-08-19 16:24:55,422 [a60155f7-ea69-45b2-947a-1e7e01ad7119-groupManagement] INFO  server.RaftServerConfigKeys (ConfUtils.java:logGet(46)) - raft.server.rpc.timeout.max = 5200ms (custom)
2024-08-19 16:24:55,422 [a60155f7-ea69-45b2-947a-1e7e01ad7119-groupManagement] INFO  server.RaftServerConfigKeys (ConfUtils.java:logGet(46)) - raft.server.rpc.sleep.time = 25ms (default)
2024-08-19 16:24:55,423 [a60155f7-ea69-45b2-947a-1e7e01ad7119-groupManagement] INFO  server.RaftServerConfigKeys (ConfUtils.java:logGet(46)) - raft.server.rpc.slowness.timeout = 300s (custom)
2024-08-19 16:24:55,423 [a60155f7-ea69-45b2-947a-1e7e01ad7119-groupManagement] INFO  server.RaftServerConfigKeys (ConfUtils.java:logGet(46)) - raft.server.leaderelection.leader.step-down.wait-time = 10s (default)
2024-08-19 16:24:55,423 [a60155f7-ea69-45b2-947a-1e7e01ad7119-groupManagement] INFO  server.RaftServerConfigKeys (ConfUtils.java:logGet(46)) - raft.server.leaderelection.member.majority-add = false (default)
2024-08-19 16:24:55,423 [a60155f7-ea69-45b2-947a-1e7e01ad7119-groupManagement] INFO  server.RaftServerConfigKeys (ConfUtils.java:logGet(46)) - raft.server.sleep.deviation.threshold = 300ms (default)
2024-08-19 16:24:55,423 [a60155f7-ea69-45b2-947a-1e7e01ad7119-groupManagement] INFO  server.RaftServer$Division (ServerState.java:<init>(114)) - a60155f7-ea69-45b2-947a-1e7e01ad7119@group-896295985C51: ConfigurationManager, init=conf: {index: -1, cur=peers:[a60155f7-ea69-45b2-947a-1e7e01ad7119|127.0.0.1:15012, 9b6d9b22-4572-4a82-ae1c-a91d234bbb93|127.0.0.1:15021, ee221735-3b90-4b08-961d-7f24e77247fb|127.0.0.1:15030]|listeners:[], old=null}, confs=<EMPTY_MAP>
2024-08-19 16:24:55,423 [a60155f7-ea69-45b2-947a-1e7e01ad7119-groupManagement] INFO  server.RaftServerConfigKeys (ConfUtils.java:logGet(46)) - raft.server.notification.no-leader.timeout = 300s (custom)
2024-08-19 16:24:55,423 [a60155f7-ea69-45b2-947a-1e7e01ad7119-groupManagement] INFO  server.RaftServerConfigKeys (ConfUtils.java:logGet(46)) - raft.server.read.timeout = 10s (default)
2024-08-19 16:24:55,423 [a60155f7-ea69-45b2-947a-1e7e01ad7119-groupManagement] INFO  server.RaftServerConfigKeys (ConfUtils.java:logGet(46)) - raft.server.retrycache.expirytime = 600000ms (custom)
2024-08-19 16:24:55,423 [a60155f7-ea69-45b2-947a-1e7e01ad7119-groupManagement] INFO  server.RaftServerConfigKeys (ConfUtils.java:logGet(46)) - raft.server.retrycache.statistics.expirytime = 100ms (default)
2024-08-19 16:24:55,423 [a60155f7-ea69-45b2-947a-1e7e01ad7119-groupManagement] INFO  server.RaftServerConfigKeys (ConfUtils.java:logGet(46)) - raft.server.read.option = DEFAULT (default)
2024-08-19 16:24:55,423 [a60155f7-ea69-45b2-947a-1e7e01ad7119-groupManagement] INFO  server.RaftServerConfigKeys (ConfUtils.java:logGet(46)) - raft.server.read.read-after-write-consistent.write-index-cache.expiry-time = 60s (default)
2024-08-19 16:24:55,425 [EventQueue-PipelineReportForPipelineReportHandler] INFO  pipeline.PipelineReportHandler (PipelineReportHandler.java:processPipelineReport(136)) - Opened pipeline PipelineID=cf9d6d2a-cb39-4eea-9b1a-31f0ec4d8a54
2024-08-19 16:24:55,425 [EventQueue-OpenPipelineForHealthyPipelineSafeModeRule] INFO  safemode.SCMSafeModeManager (HealthyPipelineSafeModeRule.java:process(140)) - SCM in safe mode. Healthy pipelines reported count is 0, required healthy pipeline reported count is 1
2024-08-19 16:24:55,422 [9b6d9b22-4572-4a82-ae1c-a91d234bbb93-groupManagement] INFO  server.RaftServerConfigKeys (ConfUtils.java:logGet(46)) - raft.server.log.use.memory = false (default)
2024-08-19 16:24:55,427 [9b6d9b22-4572-4a82-ae1c-a91d234bbb93-groupManagement] INFO  server.RaftServerConfigKeys (ConfUtils.java:logGet(46)) - raft.server.log.purge.gap = 1000000 (custom)
2024-08-19 16:24:55,427 [9b6d9b22-4572-4a82-ae1c-a91d234bbb93-groupManagement] INFO  server.RaftServerConfigKeys (ConfUtils.java:logGet(46)) - raft.server.log.appender.buffer.byte-limit = 8388608 (custom)
2024-08-19 16:24:55,427 [9b6d9b22-4572-4a82-ae1c-a91d234bbb93-groupManagement] INFO  server.RaftServerConfigKeys (ConfUtils.java:logGet(46)) - raft.server.log.statemachine.data.read.timeout = 1000ms (default)
2024-08-19 16:24:55,427 [9b6d9b22-4572-4a82-ae1c-a91d234bbb93-groupManagement] INFO  server.RaftServerConfigKeys (ConfUtils.java:logGet(46)) - raft.server.log.purge.preservation.log.num = 0 (default)
2024-08-19 16:24:55,428 [a60155f7-ea69-45b2-947a-1e7e01ad7119-groupManagement] INFO  server.RaftServerConfigKeys (ConfUtils.java:logGet(46)) - raft.server.rpc.request.timeout = 60s (custom)
2024-08-19 16:24:55,429 [a60155f7-ea69-45b2-947a-1e7e01ad7119-groupManagement] INFO  server.RaftServerConfigKeys (ConfUtils.java:logGet(46)) - raft.server.log.appender.install.snapshot.enabled = false (custom)
2024-08-19 16:24:55,429 [a60155f7-ea69-45b2-947a-1e7e01ad7119-groupManagement] INFO  server.RaftServerConfigKeys (ConfUtils.java:logGet(46)) - raft.server.threadpool.server.cached = true (default)
2024-08-19 16:24:55,429 [a60155f7-ea69-45b2-947a-1e7e01ad7119-groupManagement] INFO  server.RaftServerConfigKeys (ConfUtils.java:logGet(46)) - raft.server.threadpool.server.size = 0 (default)
2024-08-19 16:24:55,429 [a60155f7-ea69-45b2-947a-1e7e01ad7119-groupManagement] INFO  server.RaftServerConfigKeys (ConfUtils.java:logGet(46)) - raft.server.threadpool.client.cached = true (default)
2024-08-19 16:24:55,429 [a60155f7-ea69-45b2-947a-1e7e01ad7119-groupManagement] INFO  server.RaftServerConfigKeys (ConfUtils.java:logGet(46)) - raft.server.threadpool.client.size = 0 (default)
2024-08-19 16:24:55,429 [a60155f7-ea69-45b2-947a-1e7e01ad7119-groupManagement] INFO  server.RaftServerConfigKeys (ConfUtils.java:logGet(46)) - raft.server.storage.free-space.min = 0MB (=0) (default)
2024-08-19 16:24:55,429 [a60155f7-ea69-45b2-947a-1e7e01ad7119-groupManagement] INFO  server.RaftServerConfigKeys (ConfUtils.java:logGet(46)) - raft.server.log.corruption.policy = EXCEPTION (default)
2024-08-19 16:24:55,430 [a60155f7-ea69-45b2-947a-1e7e01ad7119-groupManagement] INFO  server.RaftServerConfigKeys (ConfUtils.java:logGet(46)) - raft.server.storage.dir = [/home/runner/work/ozone/ozone/hadoop-ozone/integration-test/target/test-dir/MiniOzoneClusterImpl-37a79142-3d3b-4256-8e35-bf5503c8d171/ozone-meta/datanode-1/ratis] (custom)
2024-08-19 16:24:55,430 [a60155f7-ea69-45b2-947a-1e7e01ad7119-groupManagement] INFO  storage.RaftStorageDirectory (RaftStorageDirectoryImpl.java:analyzeStorage(138)) - The storage directory /home/runner/work/ozone/ozone/hadoop-ozone/integration-test/target/test-dir/MiniOzoneClusterImpl-37a79142-3d3b-4256-8e35-bf5503c8d171/ozone-meta/datanode-1/ratis/d809d9bb-bbf8-4a73-864b-896295985c51 does not exist. Creating ...
2024-08-19 16:24:55,431 [a60155f7-ea69-45b2-947a-1e7e01ad7119-groupManagement] INFO  storage.RaftStorageDirectory (RaftStorageDirectoryImpl.java:tryLock(229)) - Lock on /home/runner/work/ozone/ozone/hadoop-ozone/integration-test/target/test-dir/MiniOzoneClusterImpl-37a79142-3d3b-4256-8e35-bf5503c8d171/ozone-meta/datanode-1/ratis/d809d9bb-bbf8-4a73-864b-896295985c51/in_use.lock acquired by nodename 48113@fv-az880-377
2024-08-19 16:24:55,432 [a60155f7-ea69-45b2-947a-1e7e01ad7119-groupManagement] INFO  storage.RaftStorage (RaftStorageImpl.java:format(98)) - Storage directory /home/runner/work/ozone/ozone/hadoop-ozone/integration-test/target/test-dir/MiniOzoneClusterImpl-37a79142-3d3b-4256-8e35-bf5503c8d171/ozone-meta/datanode-1/ratis/d809d9bb-bbf8-4a73-864b-896295985c51 has been successfully formatted.
2024-08-19 16:24:55,432 [9b6d9b22-4572-4a82-ae1c-a91d234bbb93-groupManagement] INFO  server.RaftServerConfigKeys (ConfUtils.java:logGet(46)) - raft.server.log.segment.size.max = 67108864 (custom)
2024-08-19 16:24:55,433 [9b6d9b22-4572-4a82-ae1c-a91d234bbb93-groupManagement] INFO  server.RaftServerConfigKeys (ConfUtils.java:logGet(46)) - raft.server.log.segment.cache.num.max = 2 (custom)
2024-08-19 16:24:55,434 [EventQueue-OpenPipelineForHealthyPipelineSafeModeRule] INFO  safemode.SCMSafeModeManager (HealthyPipelineSafeModeRule.java:process(140)) - SCM in safe mode. Healthy pipelines reported count is 0, required healthy pipeline reported count is 1
2024-08-19 16:24:55,434 [a60155f7-ea69-45b2-947a-1e7e01ad7119-groupManagement] INFO  ratis.ContainerStateMachine (ContainerStateMachine.java:loadSnapshot(295)) - group-896295985C51: The snapshot info is null. Setting the last applied index to:(t:0, i:~)
2024-08-19 16:24:55,435 [a60155f7-ea69-45b2-947a-1e7e01ad7119-groupManagement] INFO  server.RaftServerConfigKeys (ConfUtils.java:logGet(46)) - raft.server.log.use.memory = false (default)
2024-08-19 16:24:55,435 [a60155f7-ea69-45b2-947a-1e7e01ad7119-groupManagement] INFO  server.RaftServerConfigKeys (ConfUtils.java:logGet(46)) - raft.server.log.purge.gap = 1000000 (custom)
2024-08-19 16:24:55,436 [a60155f7-ea69-45b2-947a-1e7e01ad7119-groupManagement] INFO  server.RaftServerConfigKeys (ConfUtils.java:logGet(46)) - raft.server.log.appender.buffer.byte-limit = 8388608 (custom)
2024-08-19 16:24:55,436 [a60155f7-ea69-45b2-947a-1e7e01ad7119-groupManagement] INFO  server.RaftServerConfigKeys (ConfUtils.java:logGet(46)) - raft.server.log.statemachine.data.read.timeout = 1000ms (default)
2024-08-19 16:24:55,436 [a60155f7-ea69-45b2-947a-1e7e01ad7119-groupManagement] INFO  server.RaftServerConfigKeys (ConfUtils.java:logGet(46)) - raft.server.log.purge.preservation.log.num = 0 (default)
2024-08-19 16:24:55,435 [9b6d9b22-4572-4a82-ae1c-a91d234bbb93-groupManagement] INFO  server.RaftServerConfigKeys (ConfUtils.java:logGet(46)) - raft.server.log.segment.cache.size.max = 200MB (=209715200) (default)
2024-08-19 16:24:55,437 [9b6d9b22-4572-4a82-ae1c-a91d234bbb93-groupManagement] INFO  server.RaftServerConfigKeys (ConfUtils.java:logGet(46)) - raft.server.log.appender.buffer.byte-limit = 8388608 (custom)
2024-08-19 16:24:55,439 [a60155f7-ea69-45b2-947a-1e7e01ad7119-groupManagement] INFO  server.RaftServerConfigKeys (ConfUtils.java:logGet(46)) - raft.server.log.segment.size.max = 67108864 (custom)
2024-08-19 16:24:55,440 [a60155f7-ea69-45b2-947a-1e7e01ad7119-groupManagement] INFO  server.RaftServerConfigKeys (ConfUtils.java:logGet(46)) - raft.server.log.segment.cache.num.max = 2 (custom)
2024-08-19 16:24:55,441 [a60155f7-ea69-45b2-947a-1e7e01ad7119-groupManagement] INFO  server.RaftServerConfigKeys (ConfUtils.java:logGet(46)) - raft.server.log.segment.cache.size.max = 200MB (=209715200) (default)
2024-08-19 16:24:55,441 [a60155f7-ea69-45b2-947a-1e7e01ad7119-groupManagement] INFO  server.RaftServerConfigKeys (ConfUtils.java:logGet(46)) - raft.server.log.appender.buffer.byte-limit = 8388608 (custom)
2024-08-19 16:24:55,442 [9b6d9b22-4572-4a82-ae1c-a91d234bbb93-groupManagement] INFO  util.AwaitToRun (AwaitToRun.java:start(81)) - Thread[9b6d9b22-4572-4a82-ae1c-a91d234bbb93@group-31F0EC4D8A54-cacheEviction-AwaitToRun,5,main] started
2024-08-19 16:24:55,443 [9b6d9b22-4572-4a82-ae1c-a91d234bbb93-groupManagement] INFO  segmented.SegmentedRaftLogWorker (SegmentedRaftLogWorker.java:<init>(184)) - new 9b6d9b22-4572-4a82-ae1c-a91d234bbb93@group-31F0EC4D8A54-SegmentedRaftLogWorker for RaftStorageImpl:Storage Directory /home/runner/work/ozone/ozone/hadoop-ozone/integration-test/target/test-dir/MiniOzoneClusterImpl-37a79142-3d3b-4256-8e35-bf5503c8d171/ozone-meta/datanode-2/ratis/cf9d6d2a-cb39-4eea-9b1a-31f0ec4d8a54
2024-08-19 16:24:55,443 [9b6d9b22-4572-4a82-ae1c-a91d234bbb93-groupManagement] INFO  server.RaftServerConfigKeys (ConfUtils.java:logGet(46)) - raft.server.log.queue.byte-limit = 4294967296 (custom)
2024-08-19 16:24:55,443 [9b6d9b22-4572-4a82-ae1c-a91d234bbb93-groupManagement] INFO  server.RaftServerConfigKeys (ConfUtils.java:logGet(46)) - raft.server.log.queue.element-limit = 1024 (custom)
2024-08-19 16:24:55,443 [9b6d9b22-4572-4a82-ae1c-a91d234bbb93-groupManagement] INFO  server.RaftServerConfigKeys (ConfUtils.java:logGet(46)) - raft.server.log.segment.size.max = 67108864 (custom)
2024-08-19 16:24:55,443 [9b6d9b22-4572-4a82-ae1c-a91d234bbb93-groupManagement] INFO  server.RaftServerConfigKeys (ConfUtils.java:logGet(46)) - raft.server.log.preallocated.size = 4194304 (custom)
2024-08-19 16:24:55,443 [9b6d9b22-4572-4a82-ae1c-a91d234bbb93-groupManagement] INFO  server.RaftServerConfigKeys (ConfUtils.java:logGet(46)) - raft.server.log.force.sync.num = 128 (default)
2024-08-19 16:24:55,444 [9b6d9b22-4572-4a82-ae1c-a91d234bbb93-groupManagement] INFO  server.RaftServerConfigKeys (ConfUtils.java:logGet(46)) - raft.server.log.statemachine.data.sync = true (default)
2024-08-19 16:24:55,444 [9b6d9b22-4572-4a82-ae1c-a91d234bbb93-groupManagement] INFO  server.RaftServerConfigKeys (ConfUtils.java:logGet(46)) - raft.server.log.statemachine.data.sync.timeout = 10s (default)
2024-08-19 16:24:55,444 [9b6d9b22-4572-4a82-ae1c-a91d234bbb93-groupManagement] INFO  server.RaftServerConfigKeys (ConfUtils.java:logGet(46)) - raft.server.log.statemachine.data.sync.timeout.retry = 30 (custom)
2024-08-19 16:24:55,444 [9b6d9b22-4572-4a82-ae1c-a91d234bbb93-groupManagement] INFO  server.RaftServerConfigKeys (ConfUtils.java:logGet(46)) - raft.server.log.write.buffer.size = 8388616 (custom)
2024-08-19 16:24:55,445 [a60155f7-ea69-45b2-947a-1e7e01ad7119-groupManagement] INFO  util.AwaitToRun (AwaitToRun.java:start(81)) - Thread[a60155f7-ea69-45b2-947a-1e7e01ad7119@group-896295985C51-cacheEviction-AwaitToRun,5,main] started
2024-08-19 16:24:55,445 [a60155f7-ea69-45b2-947a-1e7e01ad7119-groupManagement] INFO  segmented.SegmentedRaftLogWorker (SegmentedRaftLogWorker.java:<init>(184)) - new a60155f7-ea69-45b2-947a-1e7e01ad7119@group-896295985C51-SegmentedRaftLogWorker for RaftStorageImpl:Storage Directory /home/runner/work/ozone/ozone/hadoop-ozone/integration-test/target/test-dir/MiniOzoneClusterImpl-37a79142-3d3b-4256-8e35-bf5503c8d171/ozone-meta/datanode-1/ratis/d809d9bb-bbf8-4a73-864b-896295985c51
2024-08-19 16:24:55,446 [a60155f7-ea69-45b2-947a-1e7e01ad7119-groupManagement] INFO  server.RaftServerConfigKeys (ConfUtils.java:logGet(46)) - raft.server.log.queue.byte-limit = 4294967296 (custom)
2024-08-19 16:24:55,446 [a60155f7-ea69-45b2-947a-1e7e01ad7119-groupManagement] INFO  server.RaftServerConfigKeys (ConfUtils.java:logGet(46)) - raft.server.log.queue.element-limit = 1024 (custom)
2024-08-19 16:24:55,446 [a60155f7-ea69-45b2-947a-1e7e01ad7119-groupManagement] INFO  server.RaftServerConfigKeys (ConfUtils.java:logGet(46)) - raft.server.log.segment.size.max = 67108864 (custom)
2024-08-19 16:24:55,447 [a60155f7-ea69-45b2-947a-1e7e01ad7119-groupManagement] INFO  server.RaftServerConfigKeys (ConfUtils.java:logGet(46)) - raft.server.log.preallocated.size = 4194304 (custom)
2024-08-19 16:24:55,447 [a60155f7-ea69-45b2-947a-1e7e01ad7119-groupManagement] INFO  server.RaftServerConfigKeys (ConfUtils.java:logGet(46)) - raft.server.log.force.sync.num = 128 (default)
2024-08-19 16:24:55,447 [a60155f7-ea69-45b2-947a-1e7e01ad7119-groupManagement] INFO  server.RaftServerConfigKeys (ConfUtils.java:logGet(46)) - raft.server.log.statemachine.data.sync = true (default)
2024-08-19 16:24:55,447 [a60155f7-ea69-45b2-947a-1e7e01ad7119-groupManagement] INFO  server.RaftServerConfigKeys (ConfUtils.java:logGet(46)) - raft.server.log.statemachine.data.sync.timeout = 10s (default)
2024-08-19 16:24:55,447 [a60155f7-ea69-45b2-947a-1e7e01ad7119-groupManagement] INFO  server.RaftServerConfigKeys (ConfUtils.java:logGet(46)) - raft.server.log.statemachine.data.sync.timeout.retry = 30 (custom)
2024-08-19 16:24:55,447 [a60155f7-ea69-45b2-947a-1e7e01ad7119-groupManagement] INFO  server.RaftServerConfigKeys (ConfUtils.java:logGet(46)) - raft.server.log.write.buffer.size = 8388616 (custom)
2024-08-19 16:24:55,450 [a60155f7-ea69-45b2-947a-1e7e01ad7119-groupManagement] INFO  server.RaftServerConfigKeys (ConfUtils.java:logGet(46)) - raft.server.log.appender.buffer.byte-limit = 8388608 (custom)
2024-08-19 16:24:55,450 [a60155f7-ea69-45b2-947a-1e7e01ad7119-groupManagement] INFO  server.RaftServerConfigKeys (ConfUtils.java:logGet(46)) - raft.server.log.unsafe-flush.enabled = false (default)
2024-08-19 16:24:55,450 [a60155f7-ea69-45b2-947a-1e7e01ad7119-groupManagement] INFO  server.RaftServerConfigKeys (ConfUtils.java:logGet(46)) - raft.server.log.async-flush.enabled = false (default)
2024-08-19 16:24:55,450 [a60155f7-ea69-45b2-947a-1e7e01ad7119-groupManagement] INFO  server.RaftServerConfigKeys (ConfUtils.java:logGet(46)) - raft.server.log.statemachine.data.caching.enabled = true (custom)
2024-08-19 16:24:55,450 [a60155f7-ea69-45b2-947a-1e7e01ad7119-groupManagement] INFO  segmented.SegmentedRaftLogWorker (SegmentedRaftLogWorker.java:lambda$new$0(135)) - a60155f7-ea69-45b2-947a-1e7e01ad7119@group-896295985C51-SegmentedRaftLogWorker: flushIndex: setUnconditionally 0 -> -1
2024-08-19 16:24:55,450 [a60155f7-ea69-45b2-947a-1e7e01ad7119-groupManagement] INFO  segmented.SegmentedRaftLogWorker (SegmentedRaftLogWorker.java:lambda$new$0(135)) - a60155f7-ea69-45b2-947a-1e7e01ad7119@group-896295985C51-SegmentedRaftLogWorker: safeCacheEvictIndex: setUnconditionally 0 -> -1
2024-08-19 16:24:55,450 [a60155f7-ea69-45b2-947a-1e7e01ad7119-groupManagement] INFO  server.RaftServer$Division (RaftServerImpl.java:start(389)) - a60155f7-ea69-45b2-947a-1e7e01ad7119@group-896295985C51: start as a follower, conf=conf: {index: -1, cur=peers:[a60155f7-ea69-45b2-947a-1e7e01ad7119|127.0.0.1:15012, 9b6d9b22-4572-4a82-ae1c-a91d234bbb93|127.0.0.1:15021, ee221735-3b90-4b08-961d-7f24e77247fb|127.0.0.1:15030]|listeners:[], old=null}
2024-08-19 16:24:55,450 [a60155f7-ea69-45b2-947a-1e7e01ad7119-groupManagement] INFO  server.RaftServer$Division (RaftServerImpl.java:setRole(376)) - a60155f7-ea69-45b2-947a-1e7e01ad7119@group-896295985C51: changes role from      null to FOLLOWER at term 0 for startAsFollower
2024-08-19 16:24:55,451 [a60155f7-ea69-45b2-947a-1e7e01ad7119-groupManagement] INFO  impl.RoleInfo (RoleInfo.java:updateAndGet(148)) - a60155f7-ea69-45b2-947a-1e7e01ad7119: start a60155f7-ea69-45b2-947a-1e7e01ad7119@group-896295985C51-FollowerState
2024-08-19 16:24:55,450 [9b6d9b22-4572-4a82-ae1c-a91d234bbb93-groupManagement] INFO  server.RaftServerConfigKeys (ConfUtils.java:logGet(46)) - raft.server.log.appender.buffer.byte-limit = 8388608 (custom)
2024-08-19 16:24:55,453 [9b6d9b22-4572-4a82-ae1c-a91d234bbb93-groupManagement] INFO  server.RaftServerConfigKeys (ConfUtils.java:logGet(46)) - raft.server.log.unsafe-flush.enabled = false (default)
2024-08-19 16:24:55,454 [9b6d9b22-4572-4a82-ae1c-a91d234bbb93-groupManagement] INFO  server.RaftServerConfigKeys (ConfUtils.java:logGet(46)) - raft.server.log.async-flush.enabled = false (default)
2024-08-19 16:24:55,454 [9b6d9b22-4572-4a82-ae1c-a91d234bbb93-groupManagement] INFO  server.RaftServerConfigKeys (ConfUtils.java:logGet(46)) - raft.server.log.statemachine.data.caching.enabled = true (custom)
2024-08-19 16:24:55,455 [9b6d9b22-4572-4a82-ae1c-a91d234bbb93-groupManagement] INFO  segmented.SegmentedRaftLogWorker (SegmentedRaftLogWorker.java:lambda$new$0(135)) - 9b6d9b22-4572-4a82-ae1c-a91d234bbb93@group-31F0EC4D8A54-SegmentedRaftLogWorker: flushIndex: setUnconditionally 0 -> -1
2024-08-19 16:24:55,455 [9b6d9b22-4572-4a82-ae1c-a91d234bbb93-groupManagement] INFO  segmented.SegmentedRaftLogWorker (SegmentedRaftLogWorker.java:lambda$new$0(135)) - 9b6d9b22-4572-4a82-ae1c-a91d234bbb93@group-31F0EC4D8A54-SegmentedRaftLogWorker: safeCacheEvictIndex: setUnconditionally 0 -> -1
2024-08-19 16:24:55,455 [a60155f7-ea69-45b2-947a-1e7e01ad7119-groupManagement] INFO  util.JmxRegister (JmxRegister.java:tryRegister(44)) - Successfully registered JMX Bean with object name Ratis:service=RaftServer,group=group-896295985C51,id=a60155f7-ea69-45b2-947a-1e7e01ad7119
2024-08-19 16:24:55,456 [a60155f7-ea69-45b2-947a-1e7e01ad7119-groupManagement] INFO  util.JmxRegister (JmxRegister.java:register(58)) - register mxBean class org.apache.ratis.server.impl.RaftServerJmxAdapter as Ratis:service=RaftServer,group=group-896295985C51,id=a60155f7-ea69-45b2-947a-1e7e01ad7119
2024-08-19 16:24:55,456 [a60155f7-ea69-45b2-947a-1e7e01ad7119-groupManagement] INFO  server.RaftServerConfigKeys (ConfUtils.java:logGet(46)) - raft.server.snapshot.trigger-when-stop.enabled = true (default)
2024-08-19 16:24:55,456 [a60155f7-ea69-45b2-947a-1e7e01ad7119-groupManagement] INFO  server.RaftServerConfigKeys (ConfUtils.java:logGet(46)) - raft.server.snapshot.trigger-when-remove.enabled = true (default)
2024-08-19 16:24:55,456 [a60155f7-ea69-45b2-947a-1e7e01ad7119-groupManagement] INFO  server.RaftServerConfigKeys (ConfUtils.java:logGet(46)) - raft.server.snapshot.auto.trigger.enabled = true (custom)
2024-08-19 16:24:55,456 [a60155f7-ea69-45b2-947a-1e7e01ad7119-groupManagement] INFO  server.RaftServerConfigKeys (ConfUtils.java:logGet(46)) - raft.server.snapshot.auto.trigger.threshold = 10000 (custom)
2024-08-19 16:24:55,456 [a60155f7-ea69-45b2-947a-1e7e01ad7119-groupManagement] INFO  server.RaftServerConfigKeys (ConfUtils.java:logGet(46)) - raft.server.snapshot.retention.file.num = 5 (custom)
2024-08-19 16:24:55,456 [a60155f7-ea69-45b2-947a-1e7e01ad7119-groupManagement] INFO  server.RaftServerConfigKeys (ConfUtils.java:logGet(46)) - raft.server.log.purge.upto.snapshot.index = false (default)
2024-08-19 16:24:55,457 [a60155f7-ea69-45b2-947a-1e7e01ad7119@group-896295985C51-FollowerState] INFO  server.RaftServerConfigKeys (ConfUtils.java:logFallback(53)) - raft.server.rpc.first-election.timeout.min = 5s (fallback to raft.server.rpc.timeout.min)
2024-08-19 16:24:55,457 [a60155f7-ea69-45b2-947a-1e7e01ad7119@group-896295985C51-FollowerState] INFO  server.RaftServerConfigKeys (ConfUtils.java:logFallback(53)) - raft.server.rpc.first-election.timeout.max = 5200ms (fallback to raft.server.rpc.timeout.max)
2024-08-19 16:24:55,459 [9b6d9b22-4572-4a82-ae1c-a91d234bbb93-groupManagement] INFO  server.RaftServer$Division (RaftServerImpl.java:start(389)) - 9b6d9b22-4572-4a82-ae1c-a91d234bbb93@group-31F0EC4D8A54: start as a follower, conf=conf: {index: -1, cur=peers:[9b6d9b22-4572-4a82-ae1c-a91d234bbb93|127.0.0.1:15021]|listeners:[], old=null}
2024-08-19 16:24:55,459 [9b6d9b22-4572-4a82-ae1c-a91d234bbb93-groupManagement] INFO  server.RaftServer$Division (RaftServerImpl.java:setRole(376)) - 9b6d9b22-4572-4a82-ae1c-a91d234bbb93@group-31F0EC4D8A54: changes role from      null to FOLLOWER at term 0 for startAsFollower
2024-08-19 16:24:55,459 [9b6d9b22-4572-4a82-ae1c-a91d234bbb93-groupManagement] INFO  impl.RoleInfo (RoleInfo.java:updateAndGet(148)) - 9b6d9b22-4572-4a82-ae1c-a91d234bbb93: start 9b6d9b22-4572-4a82-ae1c-a91d234bbb93@group-31F0EC4D8A54-FollowerState
2024-08-19 16:24:55,464 [a60155f7-ea69-45b2-947a-1e7e01ad7119-PipelineCommandHandlerThread-0] INFO  ratis.XceiverServerRatis (XceiverServerRatis.java:addGroup(849)) - Created group PipelineID=d809d9bb-bbf8-4a73-864b-896295985c51
2024-08-19 16:24:55,466 [9b6d9b22-4572-4a82-ae1c-a91d234bbb93-groupManagement] INFO  util.JmxRegister (JmxRegister.java:tryRegister(44)) - Successfully registered JMX Bean with object name Ratis:service=RaftServer,group=group-31F0EC4D8A54,id=9b6d9b22-4572-4a82-ae1c-a91d234bbb93
2024-08-19 16:24:55,466 [9b6d9b22-4572-4a82-ae1c-a91d234bbb93-groupManagement] INFO  util.JmxRegister (JmxRegister.java:register(58)) - register mxBean class org.apache.ratis.server.impl.RaftServerJmxAdapter as Ratis:service=RaftServer,group=group-31F0EC4D8A54,id=9b6d9b22-4572-4a82-ae1c-a91d234bbb93
2024-08-19 16:24:55,466 [9b6d9b22-4572-4a82-ae1c-a91d234bbb93-groupManagement] INFO  server.RaftServerConfigKeys (ConfUtils.java:logGet(46)) - raft.server.snapshot.trigger-when-stop.enabled = true (default)
2024-08-19 16:24:55,466 [9b6d9b22-4572-4a82-ae1c-a91d234bbb93-groupManagement] INFO  server.RaftServerConfigKeys (ConfUtils.java:logGet(46)) - raft.server.snapshot.trigger-when-remove.enabled = true (default)
2024-08-19 16:24:55,466 [9b6d9b22-4572-4a82-ae1c-a91d234bbb93-groupManagement] INFO  server.RaftServerConfigKeys (ConfUtils.java:logGet(46)) - raft.server.snapshot.auto.trigger.enabled = true (custom)
2024-08-19 16:24:55,466 [9b6d9b22-4572-4a82-ae1c-a91d234bbb93-groupManagement] INFO  server.RaftServerConfigKeys (ConfUtils.java:logGet(46)) - raft.server.snapshot.auto.trigger.threshold = 10000 (custom)
2024-08-19 16:24:55,466 [9b6d9b22-4572-4a82-ae1c-a91d234bbb93-groupManagement] INFO  server.RaftServerConfigKeys (ConfUtils.java:logGet(46)) - raft.server.snapshot.retention.file.num = 5 (custom)
2024-08-19 16:24:55,466 [9b6d9b22-4572-4a82-ae1c-a91d234bbb93-groupManagement] INFO  server.RaftServerConfigKeys (ConfUtils.java:logGet(46)) - raft.server.log.purge.upto.snapshot.index = false (default)
2024-08-19 16:24:55,468 [9b6d9b22-4572-4a82-ae1c-a91d234bbb93@group-31F0EC4D8A54-FollowerState] INFO  server.RaftServerConfigKeys (ConfUtils.java:logFallback(53)) - raft.server.rpc.first-election.timeout.min = 5s (fallback to raft.server.rpc.timeout.min)
2024-08-19 16:24:55,468 [9b6d9b22-4572-4a82-ae1c-a91d234bbb93@group-31F0EC4D8A54-FollowerState] INFO  server.RaftServerConfigKeys (ConfUtils.java:logFallback(53)) - raft.server.rpc.first-election.timeout.max = 5200ms (fallback to raft.server.rpc.timeout.max)
2024-08-19 16:24:55,471 [9b6d9b22-4572-4a82-ae1c-a91d234bbb93-PipelineCommandHandlerThread-0] INFO  ratis.XceiverServerRatis (XceiverServerRatis.java:addGroup(849)) - Created group PipelineID=cf9d6d2a-cb39-4eea-9b1a-31f0ec4d8a54
2024-08-19 16:24:55,471 [9b6d9b22-4572-4a82-ae1c-a91d234bbb93-PipelineCommandHandlerThread-0] INFO  commandhandler.CreatePipelineCommandHandler (CreatePipelineCommandHandler.java:lambda$handle$2(124)) - Created Pipeline RATIS ONE PipelineID=cf9d6d2a-cb39-4eea-9b1a-31f0ec4d8a54.
2024-08-19 16:24:55,472 [9b6d9b22-4572-4a82-ae1c-a91d234bbb93-PipelineCommandHandlerThread-0] INFO  server.RaftServer (RaftServerProxy.java:addNew(101)) - 9b6d9b22-4572-4a82-ae1c-a91d234bbb93: addNew group-896295985C51:[a60155f7-ea69-45b2-947a-1e7e01ad7119|127.0.0.1:15012, 9b6d9b22-4572-4a82-ae1c-a91d234bbb93|127.0.0.1:15021, ee221735-3b90-4b08-961d-7f24e77247fb|127.0.0.1:15030] returns group-896295985C51:java.util.concurrent.CompletableFuture@6ba8e6bb[Not completed]
2024-08-19 16:24:55,473 [9b6d9b22-4572-4a82-ae1c-a91d234bbb93-groupManagement] INFO  server.RaftServer$Division (RaftServerImpl.java:<init>(253)) - 9b6d9b22-4572-4a82-ae1c-a91d234bbb93: new RaftServerImpl for group-896295985C51:[a60155f7-ea69-45b2-947a-1e7e01ad7119|127.0.0.1:15012, 9b6d9b22-4572-4a82-ae1c-a91d234bbb93|127.0.0.1:15021, ee221735-3b90-4b08-961d-7f24e77247fb|127.0.0.1:15030] with ContainerStateMachine:uninitialized
2024-08-19 16:24:55,473 [9b6d9b22-4572-4a82-ae1c-a91d234bbb93-groupManagement] INFO  server.RaftServerConfigKeys (ConfUtils.java:logGet(46)) - raft.server.rpc.timeout.min = 5s (custom)
2024-08-19 16:24:55,474 [9b6d9b22-4572-4a82-ae1c-a91d234bbb93-groupManagement] INFO  server.RaftServerConfigKeys (ConfUtils.java:logGet(46)) - raft.server.rpc.timeout.max = 5200ms (custom)
2024-08-19 16:24:55,474 [9b6d9b22-4572-4a82-ae1c-a91d234bbb93-groupManagement] INFO  server.RaftServerConfigKeys (ConfUtils.java:logGet(46)) - raft.server.rpc.sleep.time = 25ms (default)
2024-08-19 16:24:55,474 [9b6d9b22-4572-4a82-ae1c-a91d234bbb93-groupManagement] INFO  server.RaftServerConfigKeys (ConfUtils.java:logGet(46)) - raft.server.rpc.slowness.timeout = 300s (custom)
2024-08-19 16:24:55,474 [9b6d9b22-4572-4a82-ae1c-a91d234bbb93-groupManagement] INFO  server.RaftServerConfigKeys (ConfUtils.java:logGet(46)) - raft.server.leaderelection.leader.step-down.wait-time = 10s (default)
2024-08-19 16:24:55,474 [9b6d9b22-4572-4a82-ae1c-a91d234bbb93-groupManagement] INFO  server.RaftServerConfigKeys (ConfUtils.java:logGet(46)) - raft.server.leaderelection.member.majority-add = false (default)
2024-08-19 16:24:55,474 [9b6d9b22-4572-4a82-ae1c-a91d234bbb93-groupManagement] INFO  server.RaftServerConfigKeys (ConfUtils.java:logGet(46)) - raft.server.sleep.deviation.threshold = 300ms (default)
2024-08-19 16:24:55,474 [9b6d9b22-4572-4a82-ae1c-a91d234bbb93-groupManagement] INFO  server.RaftServer$Division (ServerState.java:<init>(114)) - 9b6d9b22-4572-4a82-ae1c-a91d234bbb93@group-896295985C51: ConfigurationManager, init=conf: {index: -1, cur=peers:[a60155f7-ea69-45b2-947a-1e7e01ad7119|127.0.0.1:15012, 9b6d9b22-4572-4a82-ae1c-a91d234bbb93|127.0.0.1:15021, ee221735-3b90-4b08-961d-7f24e77247fb|127.0.0.1:15030]|listeners:[], old=null}, confs=<EMPTY_MAP>
2024-08-19 16:24:55,474 [9b6d9b22-4572-4a82-ae1c-a91d234bbb93-groupManagement] INFO  server.RaftServerConfigKeys (ConfUtils.java:logGet(46)) - raft.server.notification.no-leader.timeout = 300s (custom)
2024-08-19 16:24:55,474 [9b6d9b22-4572-4a82-ae1c-a91d234bbb93-groupManagement] INFO  server.RaftServerConfigKeys (ConfUtils.java:logGet(46)) - raft.server.read.timeout = 10s (default)
2024-08-19 16:24:55,474 [9b6d9b22-4572-4a82-ae1c-a91d234bbb93-groupManagement] INFO  server.RaftServerConfigKeys (ConfUtils.java:logGet(46)) - raft.server.retrycache.expirytime = 600000ms (custom)
2024-08-19 16:24:55,474 [9b6d9b22-4572-4a82-ae1c-a91d234bbb93-groupManagement] INFO  server.RaftServerConfigKeys (ConfUtils.java:logGet(46)) - raft.server.retrycache.statistics.expirytime = 100ms (default)
2024-08-19 16:24:55,474 [9b6d9b22-4572-4a82-ae1c-a91d234bbb93-groupManagement] INFO  server.RaftServerConfigKeys (ConfUtils.java:logGet(46)) - raft.server.read.option = DEFAULT (default)
2024-08-19 16:24:55,474 [9b6d9b22-4572-4a82-ae1c-a91d234bbb93-groupManagement] INFO  server.RaftServerConfigKeys (ConfUtils.java:logGet(46)) - raft.server.read.read-after-write-consistent.write-index-cache.expiry-time = 60s (default)
2024-08-19 16:24:55,479 [9b6d9b22-4572-4a82-ae1c-a91d234bbb93-groupManagement] INFO  server.RaftServerConfigKeys (ConfUtils.java:logGet(46)) - raft.server.rpc.request.timeout = 60s (custom)
2024-08-19 16:24:55,479 [9b6d9b22-4572-4a82-ae1c-a91d234bbb93-groupManagement] INFO  server.RaftServerConfigKeys (ConfUtils.java:logGet(46)) - raft.server.log.appender.install.snapshot.enabled = false (custom)
2024-08-19 16:24:55,479 [9b6d9b22-4572-4a82-ae1c-a91d234bbb93-groupManagement] INFO  server.RaftServerConfigKeys (ConfUtils.java:logGet(46)) - raft.server.threadpool.server.cached = true (default)
2024-08-19 16:24:55,479 [9b6d9b22-4572-4a82-ae1c-a91d234bbb93-groupManagement] INFO  server.RaftServerConfigKeys (ConfUtils.java:logGet(46)) - raft.server.threadpool.server.size = 0 (default)
2024-08-19 16:24:55,479 [9b6d9b22-4572-4a82-ae1c-a91d234bbb93-groupManagement] INFO  server.RaftServerConfigKeys (ConfUtils.java:logGet(46)) - raft.server.threadpool.client.cached = true (default)
2024-08-19 16:24:55,479 [9b6d9b22-4572-4a82-ae1c-a91d234bbb93-groupManagement] INFO  server.RaftServerConfigKeys (ConfUtils.java:logGet(46)) - raft.server.threadpool.client.size = 0 (default)
2024-08-19 16:24:55,479 [9b6d9b22-4572-4a82-ae1c-a91d234bbb93-groupManagement] INFO  server.RaftServerConfigKeys (ConfUtils.java:logGet(46)) - raft.server.storage.free-space.min = 0MB (=0) (default)
2024-08-19 16:24:55,479 [9b6d9b22-4572-4a82-ae1c-a91d234bbb93-groupManagement] INFO  server.RaftServerConfigKeys (ConfUtils.java:logGet(46)) - raft.server.log.corruption.policy = EXCEPTION (default)
2024-08-19 16:24:55,479 [9b6d9b22-4572-4a82-ae1c-a91d234bbb93-groupManagement] INFO  server.RaftServerConfigKeys (ConfUtils.java:logGet(46)) - raft.server.storage.dir = [/home/runner/work/ozone/ozone/hadoop-ozone/integration-test/target/test-dir/MiniOzoneClusterImpl-37a79142-3d3b-4256-8e35-bf5503c8d171/ozone-meta/datanode-2/ratis] (custom)
2024-08-19 16:24:55,480 [9b6d9b22-4572-4a82-ae1c-a91d234bbb93-groupManagement] INFO  storage.RaftStorageDirectory (RaftStorageDirectoryImpl.java:analyzeStorage(138)) - The storage directory /home/runner/work/ozone/ozone/hadoop-ozone/integration-test/target/test-dir/MiniOzoneClusterImpl-37a79142-3d3b-4256-8e35-bf5503c8d171/ozone-meta/datanode-2/ratis/d809d9bb-bbf8-4a73-864b-896295985c51 does not exist. Creating ...
2024-08-19 16:24:55,481 [9b6d9b22-4572-4a82-ae1c-a91d234bbb93-groupManagement] INFO  storage.RaftStorageDirectory (RaftStorageDirectoryImpl.java:tryLock(229)) - Lock on /home/runner/work/ozone/ozone/hadoop-ozone/integration-test/target/test-dir/MiniOzoneClusterImpl-37a79142-3d3b-4256-8e35-bf5503c8d171/ozone-meta/datanode-2/ratis/d809d9bb-bbf8-4a73-864b-896295985c51/in_use.lock acquired by nodename 48113@fv-az880-377
2024-08-19 16:24:55,483 [9b6d9b22-4572-4a82-ae1c-a91d234bbb93-groupManagement] INFO  storage.RaftStorage (RaftStorageImpl.java:format(98)) - Storage directory /home/runner/work/ozone/ozone/hadoop-ozone/integration-test/target/test-dir/MiniOzoneClusterImpl-37a79142-3d3b-4256-8e35-bf5503c8d171/ozone-meta/datanode-2/ratis/d809d9bb-bbf8-4a73-864b-896295985c51 has been successfully formatted.
2024-08-19 16:24:55,484 [9b6d9b22-4572-4a82-ae1c-a91d234bbb93-groupManagement] INFO  ratis.ContainerStateMachine (ContainerStateMachine.java:loadSnapshot(295)) - group-896295985C51: The snapshot info is null. Setting the last applied index to:(t:0, i:~)
2024-08-19 16:24:55,484 [9b6d9b22-4572-4a82-ae1c-a91d234bbb93-groupManagement] INFO  server.RaftServerConfigKeys (ConfUtils.java:logGet(46)) - raft.server.log.use.memory = false (default)
2024-08-19 16:24:55,484 [9b6d9b22-4572-4a82-ae1c-a91d234bbb93-groupManagement] INFO  server.RaftServerConfigKeys (ConfUtils.java:logGet(46)) - raft.server.log.purge.gap = 1000000 (custom)
2024-08-19 16:24:55,484 [9b6d9b22-4572-4a82-ae1c-a91d234bbb93-groupManagement] INFO  server.RaftServerConfigKeys (ConfUtils.java:logGet(46)) - raft.server.log.appender.buffer.byte-limit = 8388608 (custom)
2024-08-19 16:24:55,484 [9b6d9b22-4572-4a82-ae1c-a91d234bbb93-groupManagement] INFO  server.RaftServerConfigKeys (ConfUtils.java:logGet(46)) - raft.server.log.statemachine.data.read.timeout = 1000ms (default)
2024-08-19 16:24:55,484 [9b6d9b22-4572-4a82-ae1c-a91d234bbb93-groupManagement] INFO  server.RaftServerConfigKeys (ConfUtils.java:logGet(46)) - raft.server.log.purge.preservation.log.num = 0 (default)
2024-08-19 16:24:55,486 [9b6d9b22-4572-4a82-ae1c-a91d234bbb93-groupManagement] INFO  server.RaftServerConfigKeys (ConfUtils.java:logGet(46)) - raft.server.log.segment.size.max = 67108864 (custom)
2024-08-19 16:24:55,487 [EventQueue-OpenPipelineForHealthyPipelineSafeModeRule] INFO  safemode.SCMSafeModeManager (HealthyPipelineSafeModeRule.java:process(140)) - SCM in safe mode. Healthy pipelines reported count is 0, required healthy pipeline reported count is 1
2024-08-19 16:24:55,488 [9b6d9b22-4572-4a82-ae1c-a91d234bbb93-groupManagement] INFO  server.RaftServerConfigKeys (ConfUtils.java:logGet(46)) - raft.server.log.segment.cache.num.max = 2 (custom)
2024-08-19 16:24:55,488 [9b6d9b22-4572-4a82-ae1c-a91d234bbb93-groupManagement] INFO  server.RaftServerConfigKeys (ConfUtils.java:logGet(46)) - raft.server.log.segment.cache.size.max = 200MB (=209715200) (default)
2024-08-19 16:24:55,488 [9b6d9b22-4572-4a82-ae1c-a91d234bbb93-groupManagement] INFO  server.RaftServerConfigKeys (ConfUtils.java:logGet(46)) - raft.server.log.appender.buffer.byte-limit = 8388608 (custom)
2024-08-19 16:24:55,496 [9b6d9b22-4572-4a82-ae1c-a91d234bbb93-groupManagement] INFO  util.AwaitToRun (AwaitToRun.java:start(81)) - Thread[9b6d9b22-4572-4a82-ae1c-a91d234bbb93@group-896295985C51-cacheEviction-AwaitToRun,5,main] started
2024-08-19 16:24:55,496 [9b6d9b22-4572-4a82-ae1c-a91d234bbb93-groupManagement] INFO  segmented.SegmentedRaftLogWorker (SegmentedRaftLogWorker.java:<init>(184)) - new 9b6d9b22-4572-4a82-ae1c-a91d234bbb93@group-896295985C51-SegmentedRaftLogWorker for RaftStorageImpl:Storage Directory /home/runner/work/ozone/ozone/hadoop-ozone/integration-test/target/test-dir/MiniOzoneClusterImpl-37a79142-3d3b-4256-8e35-bf5503c8d171/ozone-meta/datanode-2/ratis/d809d9bb-bbf8-4a73-864b-896295985c51
2024-08-19 16:24:55,496 [9b6d9b22-4572-4a82-ae1c-a91d234bbb93-groupManagement] INFO  server.RaftServerConfigKeys (ConfUtils.java:logGet(46)) - raft.server.log.queue.byte-limit = 4294967296 (custom)
2024-08-19 16:24:55,496 [9b6d9b22-4572-4a82-ae1c-a91d234bbb93-groupManagement] INFO  server.RaftServerConfigKeys (ConfUtils.java:logGet(46)) - raft.server.log.queue.element-limit = 1024 (custom)
2024-08-19 16:24:55,496 [9b6d9b22-4572-4a82-ae1c-a91d234bbb93-groupManagement] INFO  server.RaftServerConfigKeys (ConfUtils.java:logGet(46)) - raft.server.log.segment.size.max = 67108864 (custom)
2024-08-19 16:24:55,496 [9b6d9b22-4572-4a82-ae1c-a91d234bbb93-groupManagement] INFO  server.RaftServerConfigKeys (ConfUtils.java:logGet(46)) - raft.server.log.preallocated.size = 4194304 (custom)
2024-08-19 16:24:55,496 [9b6d9b22-4572-4a82-ae1c-a91d234bbb93-groupManagement] INFO  server.RaftServerConfigKeys (ConfUtils.java:logGet(46)) - raft.server.log.force.sync.num = 128 (default)
2024-08-19 16:24:55,496 [9b6d9b22-4572-4a82-ae1c-a91d234bbb93-groupManagement] INFO  server.RaftServerConfigKeys (ConfUtils.java:logGet(46)) - raft.server.log.statemachine.data.sync = true (default)
2024-08-19 16:24:55,496 [9b6d9b22-4572-4a82-ae1c-a91d234bbb93-groupManagement] INFO  server.RaftServerConfigKeys (ConfUtils.java:logGet(46)) - raft.server.log.statemachine.data.sync.timeout = 10s (default)
2024-08-19 16:24:55,496 [9b6d9b22-4572-4a82-ae1c-a91d234bbb93-groupManagement] INFO  server.RaftServerConfigKeys (ConfUtils.java:logGet(46)) - raft.server.log.statemachine.data.sync.timeout.retry = 30 (custom)
2024-08-19 16:24:55,497 [9b6d9b22-4572-4a82-ae1c-a91d234bbb93-groupManagement] INFO  server.RaftServerConfigKeys (ConfUtils.java:logGet(46)) - raft.server.log.write.buffer.size = 8388616 (custom)
2024-08-19 16:24:55,499 [9b6d9b22-4572-4a82-ae1c-a91d234bbb93-groupManagement] INFO  server.RaftServerConfigKeys (ConfUtils.java:logGet(46)) - raft.server.log.appender.buffer.byte-limit = 8388608 (custom)
2024-08-19 16:24:55,499 [9b6d9b22-4572-4a82-ae1c-a91d234bbb93-groupManagement] INFO  server.RaftServerConfigKeys (ConfUtils.java:logGet(46)) - raft.server.log.unsafe-flush.enabled = false (default)
2024-08-19 16:24:55,499 [9b6d9b22-4572-4a82-ae1c-a91d234bbb93-groupManagement] INFO  server.RaftServerConfigKeys (ConfUtils.java:logGet(46)) - raft.server.log.async-flush.enabled = false (default)
2024-08-19 16:24:55,499 [9b6d9b22-4572-4a82-ae1c-a91d234bbb93-groupManagement] INFO  server.RaftServerConfigKeys (ConfUtils.java:logGet(46)) - raft.server.log.statemachine.data.caching.enabled = true (custom)
2024-08-19 16:24:55,499 [9b6d9b22-4572-4a82-ae1c-a91d234bbb93-groupManagement] INFO  segmented.SegmentedRaftLogWorker (SegmentedRaftLogWorker.java:lambda$new$0(135)) - 9b6d9b22-4572-4a82-ae1c-a91d234bbb93@group-896295985C51-SegmentedRaftLogWorker: flushIndex: setUnconditionally 0 -> -1
2024-08-19 16:24:55,499 [9b6d9b22-4572-4a82-ae1c-a91d234bbb93-groupManagement] INFO  segmented.SegmentedRaftLogWorker (SegmentedRaftLogWorker.java:lambda$new$0(135)) - 9b6d9b22-4572-4a82-ae1c-a91d234bbb93@group-896295985C51-SegmentedRaftLogWorker: safeCacheEvictIndex: setUnconditionally 0 -> -1
2024-08-19 16:24:55,504 [9b6d9b22-4572-4a82-ae1c-a91d234bbb93-groupManagement] INFO  server.RaftServer$Division (RaftServerImpl.java:start(389)) - 9b6d9b22-4572-4a82-ae1c-a91d234bbb93@group-896295985C51: start as a follower, conf=conf: {index: -1, cur=peers:[a60155f7-ea69-45b2-947a-1e7e01ad7119|127.0.0.1:15012, 9b6d9b22-4572-4a82-ae1c-a91d234bbb93|127.0.0.1:15021, ee221735-3b90-4b08-961d-7f24e77247fb|127.0.0.1:15030]|listeners:[], old=null}
2024-08-19 16:24:55,504 [9b6d9b22-4572-4a82-ae1c-a91d234bbb93-groupManagement] INFO  server.RaftServer$Division (RaftServerImpl.java:setRole(376)) - 9b6d9b22-4572-4a82-ae1c-a91d234bbb93@group-896295985C51: changes role from      null to FOLLOWER at term 0 for startAsFollower
2024-08-19 16:24:55,504 [9b6d9b22-4572-4a82-ae1c-a91d234bbb93-groupManagement] INFO  impl.RoleInfo (RoleInfo.java:updateAndGet(148)) - 9b6d9b22-4572-4a82-ae1c-a91d234bbb93: start 9b6d9b22-4572-4a82-ae1c-a91d234bbb93@group-896295985C51-FollowerState
2024-08-19 16:24:55,508 [9b6d9b22-4572-4a82-ae1c-a91d234bbb93-groupManagement] INFO  util.JmxRegister (JmxRegister.java:tryRegister(44)) - Successfully registered JMX Bean with object name Ratis:service=RaftServer,group=group-896295985C51,id=9b6d9b22-4572-4a82-ae1c-a91d234bbb93
2024-08-19 16:24:55,508 [9b6d9b22-4572-4a82-ae1c-a91d234bbb93-groupManagement] INFO  util.JmxRegister (JmxRegister.java:register(58)) - register mxBean class org.apache.ratis.server.impl.RaftServerJmxAdapter as Ratis:service=RaftServer,group=group-896295985C51,id=9b6d9b22-4572-4a82-ae1c-a91d234bbb93
2024-08-19 16:24:55,508 [9b6d9b22-4572-4a82-ae1c-a91d234bbb93-groupManagement] INFO  server.RaftServerConfigKeys (ConfUtils.java:logGet(46)) - raft.server.snapshot.trigger-when-stop.enabled = true (default)
2024-08-19 16:24:55,508 [9b6d9b22-4572-4a82-ae1c-a91d234bbb93-groupManagement] INFO  server.RaftServerConfigKeys (ConfUtils.java:logGet(46)) - raft.server.snapshot.trigger-when-remove.enabled = true (default)
2024-08-19 16:24:55,508 [9b6d9b22-4572-4a82-ae1c-a91d234bbb93-groupManagement] INFO  server.RaftServerConfigKeys (ConfUtils.java:logGet(46)) - raft.server.snapshot.auto.trigger.enabled = true (custom)
2024-08-19 16:24:55,508 [9b6d9b22-4572-4a82-ae1c-a91d234bbb93-groupManagement] INFO  server.RaftServerConfigKeys (ConfUtils.java:logGet(46)) - raft.server.snapshot.auto.trigger.threshold = 10000 (custom)
2024-08-19 16:24:55,508 [9b6d9b22-4572-4a82-ae1c-a91d234bbb93-groupManagement] INFO  server.RaftServerConfigKeys (ConfUtils.java:logGet(46)) - raft.server.snapshot.retention.file.num = 5 (custom)
2024-08-19 16:24:55,508 [9b6d9b22-4572-4a82-ae1c-a91d234bbb93-groupManagement] INFO  server.RaftServerConfigKeys (ConfUtils.java:logGet(46)) - raft.server.log.purge.upto.snapshot.index = false (default)
2024-08-19 16:24:55,509 [9b6d9b22-4572-4a82-ae1c-a91d234bbb93@group-896295985C51-FollowerState] INFO  server.RaftServerConfigKeys (ConfUtils.java:logFallback(53)) - raft.server.rpc.first-election.timeout.min = 5s (fallback to raft.server.rpc.timeout.min)
2024-08-19 16:24:55,509 [9b6d9b22-4572-4a82-ae1c-a91d234bbb93@group-896295985C51-FollowerState] INFO  server.RaftServerConfigKeys (ConfUtils.java:logFallback(53)) - raft.server.rpc.first-election.timeout.max = 5200ms (fallback to raft.server.rpc.timeout.max)
2024-08-19 16:24:55,512 [9b6d9b22-4572-4a82-ae1c-a91d234bbb93-PipelineCommandHandlerThread-0] INFO  ratis.XceiverServerRatis (XceiverServerRatis.java:addGroup(849)) - Created group PipelineID=d809d9bb-bbf8-4a73-864b-896295985c51
2024-08-19 16:24:55,522 [grpc-default-executor-0] INFO  server.RaftServer (RaftServerProxy.java:addNew(101)) - ee221735-3b90-4b08-961d-7f24e77247fb: addNew group-896295985C51:[a60155f7-ea69-45b2-947a-1e7e01ad7119|127.0.0.1:15012, 9b6d9b22-4572-4a82-ae1c-a91d234bbb93|127.0.0.1:15021, ee221735-3b90-4b08-961d-7f24e77247fb|127.0.0.1:15030] returns group-896295985C51:java.util.concurrent.CompletableFuture@21ba9c1e[Not completed]
2024-08-19 16:24:55,525 [ee221735-3b90-4b08-961d-7f24e77247fb-groupManagement] INFO  server.RaftServer$Division (RaftServerImpl.java:<init>(253)) - ee221735-3b90-4b08-961d-7f24e77247fb: new RaftServerImpl for group-896295985C51:[a60155f7-ea69-45b2-947a-1e7e01ad7119|127.0.0.1:15012, 9b6d9b22-4572-4a82-ae1c-a91d234bbb93|127.0.0.1:15021, ee221735-3b90-4b08-961d-7f24e77247fb|127.0.0.1:15030] with ContainerStateMachine:uninitialized
2024-08-19 16:24:55,525 [ee221735-3b90-4b08-961d-7f24e77247fb-groupManagement] INFO  server.RaftServerConfigKeys (ConfUtils.java:logGet(46)) - raft.server.rpc.timeout.min = 5s (custom)
2024-08-19 16:24:55,525 [ee221735-3b90-4b08-961d-7f24e77247fb-groupManagement] INFO  server.RaftServerConfigKeys (ConfUtils.java:logGet(46)) - raft.server.rpc.timeout.max = 5200ms (custom)
2024-08-19 16:24:55,525 [ee221735-3b90-4b08-961d-7f24e77247fb-groupManagement] INFO  server.RaftServerConfigKeys (ConfUtils.java:logGet(46)) - raft.server.rpc.sleep.time = 25ms (default)
2024-08-19 16:24:55,525 [ee221735-3b90-4b08-961d-7f24e77247fb-groupManagement] INFO  server.RaftServerConfigKeys (ConfUtils.java:logGet(46)) - raft.server.rpc.slowness.timeout = 300s (custom)
2024-08-19 16:24:55,525 [ee221735-3b90-4b08-961d-7f24e77247fb-groupManagement] INFO  server.RaftServerConfigKeys (ConfUtils.java:logGet(46)) - raft.server.leaderelection.leader.step-down.wait-time = 10s (default)
2024-08-19 16:24:55,525 [ee221735-3b90-4b08-961d-7f24e77247fb-groupManagement] INFO  server.RaftServerConfigKeys (ConfUtils.java:logGet(46)) - raft.server.leaderelection.member.majority-add = false (default)
2024-08-19 16:24:55,525 [ee221735-3b90-4b08-961d-7f24e77247fb-groupManagement] INFO  server.RaftServerConfigKeys (ConfUtils.java:logGet(46)) - raft.server.sleep.deviation.threshold = 300ms (default)
2024-08-19 16:24:55,526 [ee221735-3b90-4b08-961d-7f24e77247fb-groupManagement] INFO  server.RaftServer$Division (ServerState.java:<init>(114)) - ee221735-3b90-4b08-961d-7f24e77247fb@group-896295985C51: ConfigurationManager, init=conf: {index: -1, cur=peers:[a60155f7-ea69-45b2-947a-1e7e01ad7119|127.0.0.1:15012, 9b6d9b22-4572-4a82-ae1c-a91d234bbb93|127.0.0.1:15021, ee221735-3b90-4b08-961d-7f24e77247fb|127.0.0.1:15030]|listeners:[], old=null}, confs=<EMPTY_MAP>
2024-08-19 16:24:55,526 [ee221735-3b90-4b08-961d-7f24e77247fb-groupManagement] INFO  server.RaftServerConfigKeys (ConfUtils.java:logGet(46)) - raft.server.notification.no-leader.timeout = 300s (custom)
2024-08-19 16:24:55,526 [ee221735-3b90-4b08-961d-7f24e77247fb-groupManagement] INFO  server.RaftServerConfigKeys (ConfUtils.java:logGet(46)) - raft.server.read.timeout = 10s (default)
2024-08-19 16:24:55,526 [ee221735-3b90-4b08-961d-7f24e77247fb-groupManagement] INFO  server.RaftServerConfigKeys (ConfUtils.java:logGet(46)) - raft.server.retrycache.expirytime = 600000ms (custom)
2024-08-19 16:24:55,526 [ee221735-3b90-4b08-961d-7f24e77247fb-groupManagement] INFO  server.RaftServerConfigKeys (ConfUtils.java:logGet(46)) - raft.server.retrycache.statistics.expirytime = 100ms (default)
2024-08-19 16:24:55,526 [ee221735-3b90-4b08-961d-7f24e77247fb-groupManagement] INFO  server.RaftServerConfigKeys (ConfUtils.java:logGet(46)) - raft.server.read.option = DEFAULT (default)
2024-08-19 16:24:55,526 [ee221735-3b90-4b08-961d-7f24e77247fb-groupManagement] INFO  server.RaftServerConfigKeys (ConfUtils.java:logGet(46)) - raft.server.read.read-after-write-consistent.write-index-cache.expiry-time = 60s (default)
2024-08-19 16:24:55,531 [ee221735-3b90-4b08-961d-7f24e77247fb-groupManagement] INFO  server.RaftServerConfigKeys (ConfUtils.java:logGet(46)) - raft.server.rpc.request.timeout = 60s (custom)
2024-08-19 16:24:55,531 [ee221735-3b90-4b08-961d-7f24e77247fb-groupManagement] INFO  server.RaftServerConfigKeys (ConfUtils.java:logGet(46)) - raft.server.log.appender.install.snapshot.enabled = false (custom)
2024-08-19 16:24:55,531 [ee221735-3b90-4b08-961d-7f24e77247fb-groupManagement] INFO  server.RaftServerConfigKeys (ConfUtils.java:logGet(46)) - raft.server.threadpool.server.cached = true (default)
2024-08-19 16:24:55,531 [ee221735-3b90-4b08-961d-7f24e77247fb-groupManagement] INFO  server.RaftServerConfigKeys (ConfUtils.java:logGet(46)) - raft.server.threadpool.server.size = 0 (default)
2024-08-19 16:24:55,531 [ee221735-3b90-4b08-961d-7f24e77247fb-groupManagement] INFO  server.RaftServerConfigKeys (ConfUtils.java:logGet(46)) - raft.server.threadpool.client.cached = true (default)
2024-08-19 16:24:55,531 [ee221735-3b90-4b08-961d-7f24e77247fb-groupManagement] INFO  server.RaftServerConfigKeys (ConfUtils.java:logGet(46)) - raft.server.threadpool.client.size = 0 (default)
2024-08-19 16:24:55,531 [ee221735-3b90-4b08-961d-7f24e77247fb-groupManagement] INFO  server.RaftServerConfigKeys (ConfUtils.java:logGet(46)) - raft.server.storage.free-space.min = 0MB (=0) (default)
2024-08-19 16:24:55,531 [ee221735-3b90-4b08-961d-7f24e77247fb-groupManagement] INFO  server.RaftServerConfigKeys (ConfUtils.java:logGet(46)) - raft.server.log.corruption.policy = EXCEPTION (default)
2024-08-19 16:24:55,531 [ee221735-3b90-4b08-961d-7f24e77247fb-groupManagement] INFO  server.RaftServerConfigKeys (ConfUtils.java:logGet(46)) - raft.server.storage.dir = [/home/runner/work/ozone/ozone/hadoop-ozone/integration-test/target/test-dir/MiniOzoneClusterImpl-37a79142-3d3b-4256-8e35-bf5503c8d171/ozone-meta/datanode-3/ratis] (custom)
2024-08-19 16:24:55,531 [ee221735-3b90-4b08-961d-7f24e77247fb-groupManagement] INFO  storage.RaftStorageDirectory (RaftStorageDirectoryImpl.java:analyzeStorage(138)) - The storage directory /home/runner/work/ozone/ozone/hadoop-ozone/integration-test/target/test-dir/MiniOzoneClusterImpl-37a79142-3d3b-4256-8e35-bf5503c8d171/ozone-meta/datanode-3/ratis/d809d9bb-bbf8-4a73-864b-896295985c51 does not exist. Creating ...
2024-08-19 16:24:55,532 [ee221735-3b90-4b08-961d-7f24e77247fb-groupManagement] INFO  storage.RaftStorageDirectory (RaftStorageDirectoryImpl.java:tryLock(229)) - Lock on /home/runner/work/ozone/ozone/hadoop-ozone/integration-test/target/test-dir/MiniOzoneClusterImpl-37a79142-3d3b-4256-8e35-bf5503c8d171/ozone-meta/datanode-3/ratis/d809d9bb-bbf8-4a73-864b-896295985c51/in_use.lock acquired by nodename 48113@fv-az880-377
2024-08-19 16:24:55,535 [ee221735-3b90-4b08-961d-7f24e77247fb-groupManagement] INFO  storage.RaftStorage (RaftStorageImpl.java:format(98)) - Storage directory /home/runner/work/ozone/ozone/hadoop-ozone/integration-test/target/test-dir/MiniOzoneClusterImpl-37a79142-3d3b-4256-8e35-bf5503c8d171/ozone-meta/datanode-3/ratis/d809d9bb-bbf8-4a73-864b-896295985c51 has been successfully formatted.
2024-08-19 16:24:55,535 [ee221735-3b90-4b08-961d-7f24e77247fb-groupManagement] INFO  ratis.ContainerStateMachine (ContainerStateMachine.java:loadSnapshot(295)) - group-896295985C51: The snapshot info is null. Setting the last applied index to:(t:0, i:~)
2024-08-19 16:24:55,536 [ee221735-3b90-4b08-961d-7f24e77247fb-groupManagement] INFO  server.RaftServerConfigKeys (ConfUtils.java:logGet(46)) - raft.server.log.use.memory = false (default)
2024-08-19 16:24:55,536 [ee221735-3b90-4b08-961d-7f24e77247fb-groupManagement] INFO  server.RaftServerConfigKeys (ConfUtils.java:logGet(46)) - raft.server.log.purge.gap = 1000000 (custom)
2024-08-19 16:24:55,537 [ee221735-3b90-4b08-961d-7f24e77247fb-groupManagement] INFO  server.RaftServerConfigKeys (ConfUtils.java:logGet(46)) - raft.server.log.appender.buffer.byte-limit = 8388608 (custom)
2024-08-19 16:24:55,537 [ee221735-3b90-4b08-961d-7f24e77247fb-groupManagement] INFO  server.RaftServerConfigKeys (ConfUtils.java:logGet(46)) - raft.server.log.statemachine.data.read.timeout = 1000ms (default)
2024-08-19 16:24:55,537 [ee221735-3b90-4b08-961d-7f24e77247fb-groupManagement] INFO  server.RaftServerConfigKeys (ConfUtils.java:logGet(46)) - raft.server.log.purge.preservation.log.num = 0 (default)
2024-08-19 16:24:55,538 [ee221735-3b90-4b08-961d-7f24e77247fb-groupManagement] INFO  server.RaftServerConfigKeys (ConfUtils.java:logGet(46)) - raft.server.log.segment.size.max = 67108864 (custom)
2024-08-19 16:24:55,539 [ee221735-3b90-4b08-961d-7f24e77247fb-groupManagement] INFO  server.RaftServerConfigKeys (ConfUtils.java:logGet(46)) - raft.server.log.segment.cache.num.max = 2 (custom)
2024-08-19 16:24:55,539 [ee221735-3b90-4b08-961d-7f24e77247fb-groupManagement] INFO  server.RaftServerConfigKeys (ConfUtils.java:logGet(46)) - raft.server.log.segment.cache.size.max = 200MB (=209715200) (default)
2024-08-19 16:24:55,539 [ee221735-3b90-4b08-961d-7f24e77247fb-groupManagement] INFO  server.RaftServerConfigKeys (ConfUtils.java:logGet(46)) - raft.server.log.appender.buffer.byte-limit = 8388608 (custom)
2024-08-19 16:24:55,539 [ee221735-3b90-4b08-961d-7f24e77247fb-groupManagement] INFO  util.AwaitToRun (AwaitToRun.java:start(81)) - Thread[ee221735-3b90-4b08-961d-7f24e77247fb@group-896295985C51-cacheEviction-AwaitToRun,5,main] started
2024-08-19 16:24:55,539 [ee221735-3b90-4b08-961d-7f24e77247fb-groupManagement] INFO  segmented.SegmentedRaftLogWorker (SegmentedRaftLogWorker.java:<init>(184)) - new ee221735-3b90-4b08-961d-7f24e77247fb@group-896295985C51-SegmentedRaftLogWorker for RaftStorageImpl:Storage Directory /home/runner/work/ozone/ozone/hadoop-ozone/integration-test/target/test-dir/MiniOzoneClusterImpl-37a79142-3d3b-4256-8e35-bf5503c8d171/ozone-meta/datanode-3/ratis/d809d9bb-bbf8-4a73-864b-896295985c51
2024-08-19 16:24:55,540 [ee221735-3b90-4b08-961d-7f24e77247fb-groupManagement] INFO  server.RaftServerConfigKeys (ConfUtils.java:logGet(46)) - raft.server.log.queue.byte-limit = 4294967296 (custom)
2024-08-19 16:24:55,540 [ee221735-3b90-4b08-961d-7f24e77247fb-groupManagement] INFO  server.RaftServerConfigKeys (ConfUtils.java:logGet(46)) - raft.server.log.queue.element-limit = 1024 (custom)
2024-08-19 16:24:55,540 [ee221735-3b90-4b08-961d-7f24e77247fb-groupManagement] INFO  server.RaftServerConfigKeys (ConfUtils.java:logGet(46)) - raft.server.log.segment.size.max = 67108864 (custom)
2024-08-19 16:24:55,540 [ee221735-3b90-4b08-961d-7f24e77247fb-groupManagement] INFO  server.RaftServerConfigKeys (ConfUtils.java:logGet(46)) - raft.server.log.preallocated.size = 4194304 (custom)
2024-08-19 16:24:55,540 [ee221735-3b90-4b08-961d-7f24e77247fb-groupManagement] INFO  server.RaftServerConfigKeys (ConfUtils.java:logGet(46)) - raft.server.log.force.sync.num = 128 (default)
2024-08-19 16:24:55,540 [ee221735-3b90-4b08-961d-7f24e77247fb-groupManagement] INFO  server.RaftServerConfigKeys (ConfUtils.java:logGet(46)) - raft.server.log.statemachine.data.sync = true (default)
2024-08-19 16:24:55,540 [ee221735-3b90-4b08-961d-7f24e77247fb-groupManagement] INFO  server.RaftServerConfigKeys (ConfUtils.java:logGet(46)) - raft.server.log.statemachine.data.sync.timeout = 10s (default)
2024-08-19 16:24:55,540 [ee221735-3b90-4b08-961d-7f24e77247fb-groupManagement] INFO  server.RaftServerConfigKeys (ConfUtils.java:logGet(46)) - raft.server.log.statemachine.data.sync.timeout.retry = 30 (custom)
2024-08-19 16:24:55,540 [ee221735-3b90-4b08-961d-7f24e77247fb-groupManagement] INFO  server.RaftServerConfigKeys (ConfUtils.java:logGet(46)) - raft.server.log.write.buffer.size = 8388616 (custom)
2024-08-19 16:24:55,542 [ee221735-3b90-4b08-961d-7f24e77247fb-groupManagement] INFO  server.RaftServerConfigKeys (ConfUtils.java:logGet(46)) - raft.server.log.appender.buffer.byte-limit = 8388608 (custom)
2024-08-19 16:24:55,542 [ee221735-3b90-4b08-961d-7f24e77247fb-groupManagement] INFO  server.RaftServerConfigKeys (ConfUtils.java:logGet(46)) - raft.server.log.unsafe-flush.enabled = false (default)
2024-08-19 16:24:55,542 [ee221735-3b90-4b08-961d-7f24e77247fb-groupManagement] INFO  server.RaftServerConfigKeys (ConfUtils.java:logGet(46)) - raft.server.log.async-flush.enabled = false (default)
2024-08-19 16:24:55,542 [ee221735-3b90-4b08-961d-7f24e77247fb-groupManagement] INFO  server.RaftServerConfigKeys (ConfUtils.java:logGet(46)) - raft.server.log.statemachine.data.caching.enabled = true (custom)
2024-08-19 16:24:55,543 [ee221735-3b90-4b08-961d-7f24e77247fb-groupManagement] INFO  segmented.SegmentedRaftLogWorker (SegmentedRaftLogWorker.java:lambda$new$0(135)) - ee221735-3b90-4b08-961d-7f24e77247fb@group-896295985C51-SegmentedRaftLogWorker: flushIndex: setUnconditionally 0 -> -1
2024-08-19 16:24:55,543 [ee221735-3b90-4b08-961d-7f24e77247fb-groupManagement] INFO  segmented.SegmentedRaftLogWorker (SegmentedRaftLogWorker.java:lambda$new$0(135)) - ee221735-3b90-4b08-961d-7f24e77247fb@group-896295985C51-SegmentedRaftLogWorker: safeCacheEvictIndex: setUnconditionally 0 -> -1
2024-08-19 16:24:55,546 [ee221735-3b90-4b08-961d-7f24e77247fb-groupManagement] INFO  server.RaftServer$Division (RaftServerImpl.java:start(389)) - ee221735-3b90-4b08-961d-7f24e77247fb@group-896295985C51: start as a follower, conf=conf: {index: -1, cur=peers:[a60155f7-ea69-45b2-947a-1e7e01ad7119|127.0.0.1:15012, 9b6d9b22-4572-4a82-ae1c-a91d234bbb93|127.0.0.1:15021, ee221735-3b90-4b08-961d-7f24e77247fb|127.0.0.1:15030]|listeners:[], old=null}
2024-08-19 16:24:55,546 [ee221735-3b90-4b08-961d-7f24e77247fb-groupManagement] INFO  server.RaftServer$Division (RaftServerImpl.java:setRole(376)) - ee221735-3b90-4b08-961d-7f24e77247fb@group-896295985C51: changes role from      null to FOLLOWER at term 0 for startAsFollower
2024-08-19 16:24:55,547 [ee221735-3b90-4b08-961d-7f24e77247fb-groupManagement] INFO  impl.RoleInfo (RoleInfo.java:updateAndGet(148)) - ee221735-3b90-4b08-961d-7f24e77247fb: start ee221735-3b90-4b08-961d-7f24e77247fb@group-896295985C51-FollowerState
2024-08-19 16:24:55,552 [ee221735-3b90-4b08-961d-7f24e77247fb-groupManagement] INFO  util.JmxRegister (JmxRegister.java:tryRegister(44)) - Successfully registered JMX Bean with object name Ratis:service=RaftServer,group=group-896295985C51,id=ee221735-3b90-4b08-961d-7f24e77247fb
2024-08-19 16:24:55,552 [ee221735-3b90-4b08-961d-7f24e77247fb-groupManagement] INFO  util.JmxRegister (JmxRegister.java:register(58)) - register mxBean class org.apache.ratis.server.impl.RaftServerJmxAdapter as Ratis:service=RaftServer,group=group-896295985C51,id=ee221735-3b90-4b08-961d-7f24e77247fb
2024-08-19 16:24:55,552 [ee221735-3b90-4b08-961d-7f24e77247fb-groupManagement] INFO  server.RaftServerConfigKeys (ConfUtils.java:logGet(46)) - raft.server.snapshot.trigger-when-stop.enabled = true (default)
2024-08-19 16:24:55,552 [ee221735-3b90-4b08-961d-7f24e77247fb-groupManagement] INFO  server.RaftServerConfigKeys (ConfUtils.java:logGet(46)) - raft.server.snapshot.trigger-when-remove.enabled = true (default)
2024-08-19 16:24:55,552 [ee221735-3b90-4b08-961d-7f24e77247fb-groupManagement] INFO  server.RaftServerConfigKeys (ConfUtils.java:logGet(46)) - raft.server.snapshot.auto.trigger.enabled = true (custom)
2024-08-19 16:24:55,552 [ee221735-3b90-4b08-961d-7f24e77247fb-groupManagement] INFO  server.RaftServerConfigKeys (ConfUtils.java:logGet(46)) - raft.server.snapshot.auto.trigger.threshold = 10000 (custom)
2024-08-19 16:24:55,552 [ee221735-3b90-4b08-961d-7f24e77247fb-groupManagement] INFO  server.RaftServerConfigKeys (ConfUtils.java:logGet(46)) - raft.server.snapshot.retention.file.num = 5 (custom)
2024-08-19 16:24:55,552 [ee221735-3b90-4b08-961d-7f24e77247fb-groupManagement] INFO  server.RaftServerConfigKeys (ConfUtils.java:logGet(46)) - raft.server.log.purge.upto.snapshot.index = false (default)
2024-08-19 16:24:55,552 [a60155f7-ea69-45b2-947a-1e7e01ad7119-PipelineCommandHandlerThread-0] INFO  commandhandler.CreatePipelineCommandHandler (CreatePipelineCommandHandler.java:lambda$handle$2(124)) - Created Pipeline RATIS THREE PipelineID=d809d9bb-bbf8-4a73-864b-896295985c51.
2024-08-19 16:24:55,553 [ee221735-3b90-4b08-961d-7f24e77247fb@group-896295985C51-FollowerState] INFO  server.RaftServerConfigKeys (ConfUtils.java:logFallback(53)) - raft.server.rpc.first-election.timeout.min = 5s (fallback to raft.server.rpc.timeout.min)
2024-08-19 16:24:55,553 [ee221735-3b90-4b08-961d-7f24e77247fb@group-896295985C51-FollowerState] INFO  server.RaftServerConfigKeys (ConfUtils.java:logFallback(53)) - raft.server.rpc.first-election.timeout.max = 5200ms (fallback to raft.server.rpc.timeout.max)
2024-08-19 16:24:55,579 [9b6d9b22-4572-4a82-ae1c-a91d234bbb93-PipelineCommandHandlerThread-0] INFO  commandhandler.CreatePipelineCommandHandler (CreatePipelineCommandHandler.java:lambda$handle$2(124)) - Created Pipeline RATIS THREE PipelineID=d809d9bb-bbf8-4a73-864b-896295985c51.
2024-08-19 16:24:55,808 [main] INFO  ozone.MiniOzoneClusterImpl (MiniOzoneClusterImpl.java:lambda$waitForClusterToBeReady$0(198)) - Nodes are ready. Got 3 of 3 DN Heartbeats.
2024-08-19 16:24:55,808 [main] INFO  ozone.MiniOzoneClusterImpl (MiniOzoneClusterImpl.java:lambda$waitForClusterToBeReady$0(201)) - Waiting for cluster to exit safe mode
2024-08-19 16:24:55,808 [main] INFO  ozone.MiniOzoneClusterImpl (MiniOzoneClusterImpl.java:lambda$waitForClusterToBeReady$0(203)) - SCM became leader
2024-08-19 16:24:55,821 [ee221735-3b90-4b08-961d-7f24e77247fb-PipelineCommandHandlerThread-0] INFO  server.RaftServer (RaftServerProxy.java:addNew(101)) - ee221735-3b90-4b08-961d-7f24e77247fb: addNew group-F997C8BC0171:[ee221735-3b90-4b08-961d-7f24e77247fb|127.0.0.1:15030] returns group-F997C8BC0171:java.util.concurrent.CompletableFuture@5df73c31[Not completed]
2024-08-19 16:24:55,822 [ee221735-3b90-4b08-961d-7f24e77247fb-groupManagement] INFO  server.RaftServer$Division (RaftServerImpl.java:<init>(253)) - ee221735-3b90-4b08-961d-7f24e77247fb: new RaftServerImpl for group-F997C8BC0171:[ee221735-3b90-4b08-961d-7f24e77247fb|127.0.0.1:15030] with ContainerStateMachine:uninitialized
2024-08-19 16:24:55,822 [ee221735-3b90-4b08-961d-7f24e77247fb-groupManagement] INFO  server.RaftServerConfigKeys (ConfUtils.java:logGet(46)) - raft.server.rpc.timeout.min = 5s (custom)
2024-08-19 16:24:55,822 [ee221735-3b90-4b08-961d-7f24e77247fb-groupManagement] INFO  server.RaftServerConfigKeys (ConfUtils.java:logGet(46)) - raft.server.rpc.timeout.max = 5200ms (custom)
2024-08-19 16:24:55,822 [ee221735-3b90-4b08-961d-7f24e77247fb-groupManagement] INFO  server.RaftServerConfigKeys (ConfUtils.java:logGet(46)) - raft.server.rpc.sleep.time = 25ms (default)
2024-08-19 16:24:55,822 [ee221735-3b90-4b08-961d-7f24e77247fb-groupManagement] INFO  server.RaftServerConfigKeys (ConfUtils.java:logGet(46)) - raft.server.rpc.slowness.timeout = 300s (custom)
2024-08-19 16:24:55,822 [ee221735-3b90-4b08-961d-7f24e77247fb-groupManagement] INFO  server.RaftServerConfigKeys (ConfUtils.java:logGet(46)) - raft.server.leaderelection.leader.step-down.wait-time = 10s (default)
2024-08-19 16:24:55,822 [ee221735-3b90-4b08-961d-7f24e77247fb-groupManagement] INFO  server.RaftServerConfigKeys (ConfUtils.java:logGet(46)) - raft.server.leaderelection.member.majority-add = false (default)
2024-08-19 16:24:55,822 [ee221735-3b90-4b08-961d-7f24e77247fb-groupManagement] INFO  server.RaftServerConfigKeys (ConfUtils.java:logGet(46)) - raft.server.sleep.deviation.threshold = 300ms (default)
2024-08-19 16:24:55,822 [ee221735-3b90-4b08-961d-7f24e77247fb-groupManagement] INFO  server.RaftServer$Division (ServerState.java:<init>(114)) - ee221735-3b90-4b08-961d-7f24e77247fb@group-F997C8BC0171: ConfigurationManager, init=conf: {index: -1, cur=peers:[ee221735-3b90-4b08-961d-7f24e77247fb|127.0.0.1:15030]|listeners:[], old=null}, confs=<EMPTY_MAP>
2024-08-19 16:24:55,823 [ee221735-3b90-4b08-961d-7f24e77247fb-groupManagement] INFO  server.RaftServerConfigKeys (ConfUtils.java:logGet(46)) - raft.server.notification.no-leader.timeout = 300s (custom)
2024-08-19 16:24:55,823 [ee221735-3b90-4b08-961d-7f24e77247fb-groupManagement] INFO  server.RaftServerConfigKeys (ConfUtils.java:logGet(46)) - raft.server.read.timeout = 10s (default)
2024-08-19 16:24:55,823 [ee221735-3b90-4b08-961d-7f24e77247fb-groupManagement] INFO  server.RaftServerConfigKeys (ConfUtils.java:logGet(46)) - raft.server.retrycache.expirytime = 600000ms (custom)
2024-08-19 16:24:55,823 [ee221735-3b90-4b08-961d-7f24e77247fb-groupManagement] INFO  server.RaftServerConfigKeys (ConfUtils.java:logGet(46)) - raft.server.retrycache.statistics.expirytime = 100ms (default)
2024-08-19 16:24:55,823 [ee221735-3b90-4b08-961d-7f24e77247fb-groupManagement] INFO  server.RaftServerConfigKeys (ConfUtils.java:logGet(46)) - raft.server.read.option = DEFAULT (default)
2024-08-19 16:24:55,823 [ee221735-3b90-4b08-961d-7f24e77247fb-groupManagement] INFO  server.RaftServerConfigKeys (ConfUtils.java:logGet(46)) - raft.server.read.read-after-write-consistent.write-index-cache.expiry-time = 60s (default)
2024-08-19 16:24:55,826 [ee221735-3b90-4b08-961d-7f24e77247fb-groupManagement] INFO  server.RaftServerConfigKeys (ConfUtils.java:logGet(46)) - raft.server.rpc.request.timeout = 60s (custom)
2024-08-19 16:24:55,826 [ee221735-3b90-4b08-961d-7f24e77247fb-groupManagement] INFO  server.RaftServerConfigKeys (ConfUtils.java:logGet(46)) - raft.server.log.appender.install.snapshot.enabled = false (custom)
2024-08-19 16:24:55,826 [ee221735-3b90-4b08-961d-7f24e77247fb-groupManagement] INFO  server.RaftServerConfigKeys (ConfUtils.java:logGet(46)) - raft.server.threadpool.server.cached = true (default)
2024-08-19 16:24:55,826 [ee221735-3b90-4b08-961d-7f24e77247fb-groupManagement] INFO  server.RaftServerConfigKeys (ConfUtils.java:logGet(46)) - raft.server.threadpool.server.size = 0 (default)
2024-08-19 16:24:55,826 [ee221735-3b90-4b08-961d-7f24e77247fb-groupManagement] INFO  server.RaftServerConfigKeys (ConfUtils.java:logGet(46)) - raft.server.threadpool.client.cached = true (default)
2024-08-19 16:24:55,826 [ee221735-3b90-4b08-961d-7f24e77247fb-groupManagement] INFO  server.RaftServerConfigKeys (ConfUtils.java:logGet(46)) - raft.server.threadpool.client.size = 0 (default)
2024-08-19 16:24:55,827 [ee221735-3b90-4b08-961d-7f24e77247fb-groupManagement] INFO  server.RaftServerConfigKeys (ConfUtils.java:logGet(46)) - raft.server.storage.free-space.min = 0MB (=0) (default)
2024-08-19 16:24:55,827 [ee221735-3b90-4b08-961d-7f24e77247fb-groupManagement] INFO  server.RaftServerConfigKeys (ConfUtils.java:logGet(46)) - raft.server.log.corruption.policy = EXCEPTION (default)
2024-08-19 16:24:55,827 [ee221735-3b90-4b08-961d-7f24e77247fb-groupManagement] INFO  server.RaftServerConfigKeys (ConfUtils.java:logGet(46)) - raft.server.storage.dir = [/home/runner/work/ozone/ozone/hadoop-ozone/integration-test/target/test-dir/MiniOzoneClusterImpl-37a79142-3d3b-4256-8e35-bf5503c8d171/ozone-meta/datanode-3/ratis] (custom)
2024-08-19 16:24:55,827 [ee221735-3b90-4b08-961d-7f24e77247fb-groupManagement] INFO  storage.RaftStorageDirectory (RaftStorageDirectoryImpl.java:analyzeStorage(138)) - The storage directory /home/runner/work/ozone/ozone/hadoop-ozone/integration-test/target/test-dir/MiniOzoneClusterImpl-37a79142-3d3b-4256-8e35-bf5503c8d171/ozone-meta/datanode-3/ratis/177ddd54-7c1e-4413-ba15-f997c8bc0171 does not exist. Creating ...
2024-08-19 16:24:55,828 [ee221735-3b90-4b08-961d-7f24e77247fb-groupManagement] INFO  storage.RaftStorageDirectory (RaftStorageDirectoryImpl.java:tryLock(229)) - Lock on /home/runner/work/ozone/ozone/hadoop-ozone/integration-test/target/test-dir/MiniOzoneClusterImpl-37a79142-3d3b-4256-8e35-bf5503c8d171/ozone-meta/datanode-3/ratis/177ddd54-7c1e-4413-ba15-f997c8bc0171/in_use.lock acquired by nodename 48113@fv-az880-377
2024-08-19 16:24:55,829 [ee221735-3b90-4b08-961d-7f24e77247fb-groupManagement] INFO  storage.RaftStorage (RaftStorageImpl.java:format(98)) - Storage directory /home/runner/work/ozone/ozone/hadoop-ozone/integration-test/target/test-dir/MiniOzoneClusterImpl-37a79142-3d3b-4256-8e35-bf5503c8d171/ozone-meta/datanode-3/ratis/177ddd54-7c1e-4413-ba15-f997c8bc0171 has been successfully formatted.
2024-08-19 16:24:55,830 [ee221735-3b90-4b08-961d-7f24e77247fb-groupManagement] INFO  ratis.ContainerStateMachine (ContainerStateMachine.java:loadSnapshot(295)) - group-F997C8BC0171: The snapshot info is null. Setting the last applied index to:(t:0, i:~)
2024-08-19 16:24:55,830 [ee221735-3b90-4b08-961d-7f24e77247fb-groupManagement] INFO  server.RaftServerConfigKeys (ConfUtils.java:logGet(46)) - raft.server.log.use.memory = false (default)
2024-08-19 16:24:55,830 [ee221735-3b90-4b08-961d-7f24e77247fb-groupManagement] INFO  server.RaftServerConfigKeys (ConfUtils.java:logGet(46)) - raft.server.log.purge.gap = 1000000 (custom)
2024-08-19 16:24:55,830 [ee221735-3b90-4b08-961d-7f24e77247fb-groupManagement] INFO  server.RaftServerConfigKeys (ConfUtils.java:logGet(46)) - raft.server.log.appender.buffer.byte-limit = 8388608 (custom)
2024-08-19 16:24:55,830 [ee221735-3b90-4b08-961d-7f24e77247fb-groupManagement] INFO  server.RaftServerConfigKeys (ConfUtils.java:logGet(46)) - raft.server.log.statemachine.data.read.timeout = 1000ms (default)
2024-08-19 16:24:55,831 [ee221735-3b90-4b08-961d-7f24e77247fb-groupManagement] INFO  server.RaftServerConfigKeys (ConfUtils.java:logGet(46)) - raft.server.log.purge.preservation.log.num = 0 (default)
2024-08-19 16:24:55,832 [EventQueue-PipelineReportForPipelineReportHandler] INFO  pipeline.PipelineReportHandler (PipelineReportHandler.java:processPipelineReport(136)) - Opened pipeline PipelineID=177ddd54-7c1e-4413-ba15-f997c8bc0171
2024-08-19 16:24:55,833 [EventQueue-OpenPipelineForHealthyPipelineSafeModeRule] INFO  safemode.SCMSafeModeManager (HealthyPipelineSafeModeRule.java:process(140)) - SCM in safe mode. Healthy pipelines reported count is 0, required healthy pipeline reported count is 1
2024-08-19 16:24:55,833 [ee221735-3b90-4b08-961d-7f24e77247fb-groupManagement] INFO  server.RaftServerConfigKeys (ConfUtils.java:logGet(46)) - raft.server.log.segment.size.max = 67108864 (custom)
2024-08-19 16:24:55,834 [ee221735-3b90-4b08-961d-7f24e77247fb-groupManagement] INFO  server.RaftServerConfigKeys (ConfUtils.java:logGet(46)) - raft.server.log.segment.cache.num.max = 2 (custom)
2024-08-19 16:24:55,834 [ee221735-3b90-4b08-961d-7f24e77247fb-groupManagement] INFO  server.RaftServerConfigKeys (ConfUtils.java:logGet(46)) - raft.server.log.segment.cache.size.max = 200MB (=209715200) (default)
2024-08-19 16:24:55,834 [ee221735-3b90-4b08-961d-7f24e77247fb-groupManagement] INFO  server.RaftServerConfigKeys (ConfUtils.java:logGet(46)) - raft.server.log.appender.buffer.byte-limit = 8388608 (custom)
2024-08-19 16:24:55,834 [ee221735-3b90-4b08-961d-7f24e77247fb-groupManagement] INFO  util.AwaitToRun (AwaitToRun.java:start(81)) - Thread[ee221735-3b90-4b08-961d-7f24e77247fb@group-F997C8BC0171-cacheEviction-AwaitToRun,5,main] started
2024-08-19 16:24:55,834 [ee221735-3b90-4b08-961d-7f24e77247fb-groupManagement] INFO  segmented.SegmentedRaftLogWorker (SegmentedRaftLogWorker.java:<init>(184)) - new ee221735-3b90-4b08-961d-7f24e77247fb@group-F997C8BC0171-SegmentedRaftLogWorker for RaftStorageImpl:Storage Directory /home/runner/work/ozone/ozone/hadoop-ozone/integration-test/target/test-dir/MiniOzoneClusterImpl-37a79142-3d3b-4256-8e35-bf5503c8d171/ozone-meta/datanode-3/ratis/177ddd54-7c1e-4413-ba15-f997c8bc0171
2024-08-19 16:24:55,834 [ee221735-3b90-4b08-961d-7f24e77247fb-groupManagement] INFO  server.RaftServerConfigKeys (ConfUtils.java:logGet(46)) - raft.server.log.queue.byte-limit = 4294967296 (custom)
2024-08-19 16:24:55,834 [ee221735-3b90-4b08-961d-7f24e77247fb-groupManagement] INFO  server.RaftServerConfigKeys (ConfUtils.java:logGet(46)) - raft.server.log.queue.element-limit = 1024 (custom)
2024-08-19 16:24:55,834 [ee221735-3b90-4b08-961d-7f24e77247fb-groupManagement] INFO  server.RaftServerConfigKeys (ConfUtils.java:logGet(46)) - raft.server.log.segment.size.max = 67108864 (custom)
2024-08-19 16:24:55,834 [ee221735-3b90-4b08-961d-7f24e77247fb-groupManagement] INFO  server.RaftServerConfigKeys (ConfUtils.java:logGet(46)) - raft.server.log.preallocated.size = 4194304 (custom)
2024-08-19 16:24:55,834 [ee221735-3b90-4b08-961d-7f24e77247fb-groupManagement] INFO  server.RaftServerConfigKeys (ConfUtils.java:logGet(46)) - raft.server.log.force.sync.num = 128 (default)
2024-08-19 16:24:55,835 [ee221735-3b90-4b08-961d-7f24e77247fb-groupManagement] INFO  server.RaftServerConfigKeys (ConfUtils.java:logGet(46)) - raft.server.log.statemachine.data.sync = true (default)
2024-08-19 16:24:55,835 [ee221735-3b90-4b08-961d-7f24e77247fb-groupManagement] INFO  server.RaftServerConfigKeys (ConfUtils.java:logGet(46)) - raft.server.log.statemachine.data.sync.timeout = 10s (default)
2024-08-19 16:24:55,835 [ee221735-3b90-4b08-961d-7f24e77247fb-groupManagement] INFO  server.RaftServerConfigKeys (ConfUtils.java:logGet(46)) - raft.server.log.statemachine.data.sync.timeout.retry = 30 (custom)
2024-08-19 16:24:55,835 [ee221735-3b90-4b08-961d-7f24e77247fb-groupManagement] INFO  server.RaftServerConfigKeys (ConfUtils.java:logGet(46)) - raft.server.log.write.buffer.size = 8388616 (custom)
2024-08-19 16:24:55,837 [ee221735-3b90-4b08-961d-7f24e77247fb-groupManagement] INFO  server.RaftServerConfigKeys (ConfUtils.java:logGet(46)) - raft.server.log.appender.buffer.byte-limit = 8388608 (custom)
2024-08-19 16:24:55,837 [ee221735-3b90-4b08-961d-7f24e77247fb-groupManagement] INFO  server.RaftServerConfigKeys (ConfUtils.java:logGet(46)) - raft.server.log.unsafe-flush.enabled = false (default)
2024-08-19 16:24:55,837 [ee221735-3b90-4b08-961d-7f24e77247fb-groupManagement] INFO  server.RaftServerConfigKeys (ConfUtils.java:logGet(46)) - raft.server.log.async-flush.enabled = false (default)
2024-08-19 16:24:55,837 [ee221735-3b90-4b08-961d-7f24e77247fb-groupManagement] INFO  server.RaftServerConfigKeys (ConfUtils.java:logGet(46)) - raft.server.log.statemachine.data.caching.enabled = true (custom)
2024-08-19 16:24:55,837 [ee221735-3b90-4b08-961d-7f24e77247fb-groupManagement] INFO  segmented.SegmentedRaftLogWorker (SegmentedRaftLogWorker.java:lambda$new$0(135)) - ee221735-3b90-4b08-961d-7f24e77247fb@group-F997C8BC0171-SegmentedRaftLogWorker: flushIndex: setUnconditionally 0 -> -1
2024-08-19 16:24:55,837 [ee221735-3b90-4b08-961d-7f24e77247fb-groupManagement] INFO  segmented.SegmentedRaftLogWorker (SegmentedRaftLogWorker.java:lambda$new$0(135)) - ee221735-3b90-4b08-961d-7f24e77247fb@group-F997C8BC0171-SegmentedRaftLogWorker: safeCacheEvictIndex: setUnconditionally 0 -> -1
2024-08-19 16:24:55,838 [ee221735-3b90-4b08-961d-7f24e77247fb-groupManagement] INFO  server.RaftServer$Division (RaftServerImpl.java:start(389)) - ee221735-3b90-4b08-961d-7f24e77247fb@group-F997C8BC0171: start as a follower, conf=conf: {index: -1, cur=peers:[ee221735-3b90-4b08-961d-7f24e77247fb|127.0.0.1:15030]|listeners:[], old=null}
2024-08-19 16:24:55,838 [ee221735-3b90-4b08-961d-7f24e77247fb-groupManagement] INFO  server.RaftServer$Division (RaftServerImpl.java:setRole(376)) - ee221735-3b90-4b08-961d-7f24e77247fb@group-F997C8BC0171: changes role from      null to FOLLOWER at term 0 for startAsFollower
2024-08-19 16:24:55,838 [ee221735-3b90-4b08-961d-7f24e77247fb-groupManagement] INFO  impl.RoleInfo (RoleInfo.java:updateAndGet(148)) - ee221735-3b90-4b08-961d-7f24e77247fb: start ee221735-3b90-4b08-961d-7f24e77247fb@group-F997C8BC0171-FollowerState
2024-08-19 16:24:55,838 [ee221735-3b90-4b08-961d-7f24e77247fb-groupManagement] INFO  util.JmxRegister (JmxRegister.java:tryRegister(44)) - Successfully registered JMX Bean with object name Ratis:service=RaftServer,group=group-F997C8BC0171,id=ee221735-3b90-4b08-961d-7f24e77247fb
2024-08-19 16:24:55,838 [ee221735-3b90-4b08-961d-7f24e77247fb-groupManagement] INFO  util.JmxRegister (JmxRegister.java:register(58)) - register mxBean class org.apache.ratis.server.impl.RaftServerJmxAdapter as Ratis:service=RaftServer,group=group-F997C8BC0171,id=ee221735-3b90-4b08-961d-7f24e77247fb
2024-08-19 16:24:55,838 [ee221735-3b90-4b08-961d-7f24e77247fb@group-F997C8BC0171-FollowerState] INFO  server.RaftServerConfigKeys (ConfUtils.java:logFallback(53)) - raft.server.rpc.first-election.timeout.min = 5s (fallback to raft.server.rpc.timeout.min)
2024-08-19 16:24:55,839 [ee221735-3b90-4b08-961d-7f24e77247fb@group-F997C8BC0171-FollowerState] INFO  server.RaftServerConfigKeys (ConfUtils.java:logFallback(53)) - raft.server.rpc.first-election.timeout.max = 5200ms (fallback to raft.server.rpc.timeout.max)
2024-08-19 16:24:55,838 [ee221735-3b90-4b08-961d-7f24e77247fb-groupManagement] INFO  server.RaftServerConfigKeys (ConfUtils.java:logGet(46)) - raft.server.snapshot.trigger-when-stop.enabled = true (default)
2024-08-19 16:24:55,839 [ee221735-3b90-4b08-961d-7f24e77247fb-groupManagement] INFO  server.RaftServerConfigKeys (ConfUtils.java:logGet(46)) - raft.server.snapshot.trigger-when-remove.enabled = true (default)
2024-08-19 16:24:55,839 [ee221735-3b90-4b08-961d-7f24e77247fb-groupManagement] INFO  server.RaftServerConfigKeys (ConfUtils.java:logGet(46)) - raft.server.snapshot.auto.trigger.enabled = true (custom)
2024-08-19 16:24:55,839 [ee221735-3b90-4b08-961d-7f24e77247fb-groupManagement] INFO  server.RaftServerConfigKeys (ConfUtils.java:logGet(46)) - raft.server.snapshot.auto.trigger.threshold = 10000 (custom)
2024-08-19 16:24:55,839 [ee221735-3b90-4b08-961d-7f24e77247fb-groupManagement] INFO  server.RaftServerConfigKeys (ConfUtils.java:logGet(46)) - raft.server.snapshot.retention.file.num = 5 (custom)
2024-08-19 16:24:55,839 [ee221735-3b90-4b08-961d-7f24e77247fb-groupManagement] INFO  server.RaftServerConfigKeys (ConfUtils.java:logGet(46)) - raft.server.log.purge.upto.snapshot.index = false (default)
2024-08-19 16:24:55,840 [ee221735-3b90-4b08-961d-7f24e77247fb-PipelineCommandHandlerThread-0] INFO  ratis.XceiverServerRatis (XceiverServerRatis.java:addGroup(849)) - Created group PipelineID=177ddd54-7c1e-4413-ba15-f997c8bc0171
2024-08-19 16:24:55,840 [ee221735-3b90-4b08-961d-7f24e77247fb-PipelineCommandHandlerThread-0] INFO  commandhandler.CreatePipelineCommandHandler (CreatePipelineCommandHandler.java:lambda$handle$2(124)) - Created Pipeline RATIS ONE PipelineID=177ddd54-7c1e-4413-ba15-f997c8bc0171.
2024-08-19 16:24:56,808 [main] INFO  ozone.MiniOzoneClusterImpl (MiniOzoneClusterImpl.java:lambda$waitForClusterToBeReady$0(198)) - Nodes are ready. Got 3 of 3 DN Heartbeats.
2024-08-19 16:24:56,808 [main] INFO  ozone.MiniOzoneClusterImpl (MiniOzoneClusterImpl.java:lambda$waitForClusterToBeReady$0(201)) - Waiting for cluster to exit safe mode
2024-08-19 16:24:56,808 [main] INFO  ozone.MiniOzoneClusterImpl (MiniOzoneClusterImpl.java:lambda$waitForClusterToBeReady$0(203)) - SCM became leader
2024-08-19 16:24:57,809 [main] INFO  ozone.MiniOzoneClusterImpl (MiniOzoneClusterImpl.java:lambda$waitForClusterToBeReady$0(198)) - Nodes are ready. Got 3 of 3 DN Heartbeats.
2024-08-19 16:24:57,809 [main] INFO  ozone.MiniOzoneClusterImpl (MiniOzoneClusterImpl.java:lambda$waitForClusterToBeReady$0(201)) - Waiting for cluster to exit safe mode
2024-08-19 16:24:57,809 [main] INFO  ozone.MiniOzoneClusterImpl (MiniOzoneClusterImpl.java:lambda$waitForClusterToBeReady$0(203)) - SCM became leader
2024-08-19 16:24:58,809 [main] INFO  ozone.MiniOzoneClusterImpl (MiniOzoneClusterImpl.java:lambda$waitForClusterToBeReady$0(198)) - Nodes are ready. Got 3 of 3 DN Heartbeats.
2024-08-19 16:24:58,809 [main] INFO  ozone.MiniOzoneClusterImpl (MiniOzoneClusterImpl.java:lambda$waitForClusterToBeReady$0(201)) - Waiting for cluster to exit safe mode
2024-08-19 16:24:58,810 [main] INFO  ozone.MiniOzoneClusterImpl (MiniOzoneClusterImpl.java:lambda$waitForClusterToBeReady$0(203)) - SCM became leader
2024-08-19 16:24:59,810 [main] INFO  ozone.MiniOzoneClusterImpl (MiniOzoneClusterImpl.java:lambda$waitForClusterToBeReady$0(198)) - Nodes are ready. Got 3 of 3 DN Heartbeats.
2024-08-19 16:24:59,810 [main] INFO  ozone.MiniOzoneClusterImpl (MiniOzoneClusterImpl.java:lambda$waitForClusterToBeReady$0(201)) - Waiting for cluster to exit safe mode
2024-08-19 16:24:59,810 [main] INFO  ozone.MiniOzoneClusterImpl (MiniOzoneClusterImpl.java:lambda$waitForClusterToBeReady$0(203)) - SCM became leader
2024-08-19 16:25:00,159 [a60155f7-ea69-45b2-947a-1e7e01ad7119@group-6CBB97B4840C-FollowerState] INFO  impl.FollowerState (FollowerState.java:run(144)) - a60155f7-ea69-45b2-947a-1e7e01ad7119@group-6CBB97B4840C-FollowerState: change to CANDIDATE, lastRpcElapsedTime:5139372838ns, electionTimeout:5138ms
2024-08-19 16:25:00,159 [a60155f7-ea69-45b2-947a-1e7e01ad7119@group-6CBB97B4840C-FollowerState] INFO  impl.RoleInfo (RoleInfo.java:shutdownFollowerState(119)) - a60155f7-ea69-45b2-947a-1e7e01ad7119: shutdown a60155f7-ea69-45b2-947a-1e7e01ad7119@group-6CBB97B4840C-FollowerState
2024-08-19 16:25:00,159 [a60155f7-ea69-45b2-947a-1e7e01ad7119@group-6CBB97B4840C-FollowerState] INFO  server.RaftServer$Division (RaftServerImpl.java:setRole(376)) - a60155f7-ea69-45b2-947a-1e7e01ad7119@group-6CBB97B4840C: changes role from  FOLLOWER to CANDIDATE at term 0 for changeToCandidate
2024-08-19 16:25:00,160 [a60155f7-ea69-45b2-947a-1e7e01ad7119@group-6CBB97B4840C-FollowerState] INFO  server.RaftServerConfigKeys (ConfUtils.java:logGet(46)) - raft.server.leaderelection.pre-vote = true (default)
2024-08-19 16:25:00,160 [a60155f7-ea69-45b2-947a-1e7e01ad7119@group-6CBB97B4840C-FollowerState] INFO  impl.RoleInfo (RoleInfo.java:updateAndGet(148)) - a60155f7-ea69-45b2-947a-1e7e01ad7119: start a60155f7-ea69-45b2-947a-1e7e01ad7119@group-6CBB97B4840C-LeaderElection2
2024-08-19 16:25:00,160 [a60155f7-ea69-45b2-947a-1e7e01ad7119@group-6CBB97B4840C-LeaderElection2] INFO  impl.LeaderElection (LeaderElection.java:askForVotes(321)) - a60155f7-ea69-45b2-947a-1e7e01ad7119@group-6CBB97B4840C-LeaderElection2 PRE_VOTE round 0: submit vote requests at term 0 for conf: {index: -1, cur=peers:[a60155f7-ea69-45b2-947a-1e7e01ad7119|127.0.0.1:15012]|listeners:[], old=null}
2024-08-19 16:25:00,160 [a60155f7-ea69-45b2-947a-1e7e01ad7119@group-6CBB97B4840C-LeaderElection2] INFO  impl.LeaderElection (LeaderElection.java:askForVotes(323)) - a60155f7-ea69-45b2-947a-1e7e01ad7119@group-6CBB97B4840C-LeaderElection2 PRE_VOTE round 0: result PASSED (term=0)
2024-08-19 16:25:00,162 [a60155f7-ea69-45b2-947a-1e7e01ad7119@group-6CBB97B4840C-LeaderElection2] INFO  impl.LeaderElection (LeaderElection.java:askForVotes(321)) - a60155f7-ea69-45b2-947a-1e7e01ad7119@group-6CBB97B4840C-LeaderElection2 ELECTION round 0: submit vote requests at term 1 for conf: {index: -1, cur=peers:[a60155f7-ea69-45b2-947a-1e7e01ad7119|127.0.0.1:15012]|listeners:[], old=null}
2024-08-19 16:25:00,162 [a60155f7-ea69-45b2-947a-1e7e01ad7119@group-6CBB97B4840C-LeaderElection2] INFO  impl.LeaderElection (LeaderElection.java:askForVotes(323)) - a60155f7-ea69-45b2-947a-1e7e01ad7119@group-6CBB97B4840C-LeaderElection2 ELECTION round 0: result PASSED (term=1)
2024-08-19 16:25:00,162 [a60155f7-ea69-45b2-947a-1e7e01ad7119@group-6CBB97B4840C-LeaderElection2] INFO  impl.RoleInfo (RoleInfo.java:shutdownLeaderElection(139)) - a60155f7-ea69-45b2-947a-1e7e01ad7119: shutdown a60155f7-ea69-45b2-947a-1e7e01ad7119@group-6CBB97B4840C-LeaderElection2
2024-08-19 16:25:00,162 [a60155f7-ea69-45b2-947a-1e7e01ad7119@group-6CBB97B4840C-LeaderElection2] INFO  server.RaftServer$Division (RaftServerImpl.java:setRole(376)) - a60155f7-ea69-45b2-947a-1e7e01ad7119@group-6CBB97B4840C: changes role from CANDIDATE to LEADER at term 1 for changeToLeader
2024-08-19 16:25:00,162 [a60155f7-ea69-45b2-947a-1e7e01ad7119@group-6CBB97B4840C-LeaderElection2] INFO  server.RaftServerConfigKeys (ConfUtils.java:logGet(46)) - raft.server.staging.catchup.gap = 1000 (default)
2024-08-19 16:25:00,163 [a60155f7-ea69-45b2-947a-1e7e01ad7119@group-6CBB97B4840C-LeaderElection2] INFO  server.RaftServerConfigKeys (ConfUtils.java:logGet(46)) - raft.server.write.element-limit = 1024 (custom)
2024-08-19 16:25:00,163 [a60155f7-ea69-45b2-947a-1e7e01ad7119@group-6CBB97B4840C-LeaderElection2] INFO  server.RaftServerConfigKeys (ConfUtils.java:logGet(46)) - raft.server.write.byte-limit = 1024 M (=1073741824) (custom)
2024-08-19 16:25:00,163 [a60155f7-ea69-45b2-947a-1e7e01ad7119@group-6CBB97B4840C-LeaderElection2] INFO  server.RaftServerConfigKeys (ConfUtils.java:logGet(46)) - raft.server.watch.timeout = 30s (custom)
2024-08-19 16:25:00,163 [a60155f7-ea69-45b2-947a-1e7e01ad7119@group-6CBB97B4840C-LeaderElection2] INFO  server.RaftServerConfigKeys (ConfUtils.java:logGet(46)) - raft.server.watch.timeout.denomination = 1s (default)
2024-08-19 16:25:00,163 [a60155f7-ea69-45b2-947a-1e7e01ad7119@group-6CBB97B4840C-LeaderElection2] INFO  server.RaftServerConfigKeys (ConfUtils.java:logGet(46)) - raft.server.watch.element-limit = 65536 (default)
2024-08-19 16:25:00,164 [a60155f7-ea69-45b2-947a-1e7e01ad7119@group-6CBB97B4840C-LeaderElection2] INFO  server.RaftServerConfigKeys (ConfUtils.java:logGet(46)) - raft.server.read.leader.lease.enabled = false (default)
2024-08-19 16:25:00,164 [a60155f7-ea69-45b2-947a-1e7e01ad7119@group-6CBB97B4840C-LeaderElection2] INFO  server.RaftServerConfigKeys (ConfUtils.java:logGet(46)) - raft.server.read.leader.lease.timeout.ratio = 0.9 (default)
2024-08-19 16:25:00,164 [a60155f7-ea69-45b2-947a-1e7e01ad7119@group-6CBB97B4840C-LeaderElection2] INFO  server.RaftServerConfigKeys (ConfUtils.java:logGet(46)) - raft.server.rpc.timeout.min = 5s (custom)
2024-08-19 16:25:00,164 [a60155f7-ea69-45b2-947a-1e7e01ad7119@group-6CBB97B4840C-LeaderElection2] INFO  server.RaftServerConfigKeys (ConfUtils.java:logGet(46)) - raft.server.log.log-metadata.enabled = true (default)
2024-08-19 16:25:00,164 [a60155f7-ea69-45b2-947a-1e7e01ad7119@group-6CBB97B4840C-LeaderElection2] INFO  server.RaftServerConfigKeys (ConfUtils.java:logGet(46)) - raft.server.write.element-limit = 1024 (custom)
2024-08-19 16:25:00,164 [a60155f7-ea69-45b2-947a-1e7e01ad7119@group-6CBB97B4840C-LeaderElection2] INFO  server.RaftServerConfigKeys (ConfUtils.java:logGet(46)) - raft.server.write.follower.gap.ratio.max = -1.0 (default)
2024-08-19 16:25:00,164 [a60155f7-ea69-45b2-947a-1e7e01ad7119@group-6CBB97B4840C-LeaderElection2] INFO  impl.RoleInfo (RoleInfo.java:updateAndGet(148)) - a60155f7-ea69-45b2-947a-1e7e01ad7119: start a60155f7-ea69-45b2-947a-1e7e01ad7119@group-6CBB97B4840C-LeaderStateImpl
2024-08-19 16:25:00,164 [a60155f7-ea69-45b2-947a-1e7e01ad7119@group-6CBB97B4840C-LeaderElection2] INFO  server.RaftServer$Division (RaftServerImpl.java:setFirstElection(549)) - a60155f7-ea69-45b2-947a-1e7e01ad7119@group-6CBB97B4840C: set firstElectionSinceStartup to false for becomeLeader
2024-08-19 16:25:00,164 [a60155f7-ea69-45b2-947a-1e7e01ad7119@group-6CBB97B4840C-LeaderElection2] INFO  ratis.XceiverServerRatis (XceiverServerRatis.java:handleLeaderChangedNotification(950)) - Leader change notification received for group: group-6CBB97B4840C with new leaderId: a60155f7-ea69-45b2-947a-1e7e01ad7119
2024-08-19 16:25:00,165 [a60155f7-ea69-45b2-947a-1e7e01ad7119@group-6CBB97B4840C-LeaderElection2] INFO  server.RaftServer$Division (ServerState.java:setLeader(272)) - a60155f7-ea69-45b2-947a-1e7e01ad7119@group-6CBB97B4840C: change Leader from null to a60155f7-ea69-45b2-947a-1e7e01ad7119 at term 1 for becomeLeader, leader elected after 5176ms
2024-08-19 16:25:00,165 [a60155f7-ea69-45b2-947a-1e7e01ad7119@group-6CBB97B4840C-LeaderElection2] INFO  segmented.SegmentedRaftLogWorker (SegmentedRaftLogWorker.java:startLogSegment(433)) - a60155f7-ea69-45b2-947a-1e7e01ad7119@group-6CBB97B4840C-SegmentedRaftLogWorker: Starting segment from index:0
2024-08-19 16:25:00,166 [a60155f7-ea69-45b2-947a-1e7e01ad7119@group-6CBB97B4840C-SegmentedRaftLogWorker] INFO  segmented.BufferedWriteChannel (BufferedWriteChannel.java:open(61)) - open log_inprogress_0 at position 0
2024-08-19 16:25:00,166 [a60155f7-ea69-45b2-947a-1e7e01ad7119@group-6CBB97B4840C-LeaderElection2] INFO  server.RaftServer$Division (ServerState.java:setRaftConf(386)) - a60155f7-ea69-45b2-947a-1e7e01ad7119@group-6CBB97B4840C: set configuration conf: {index: 0, cur=peers:[a60155f7-ea69-45b2-947a-1e7e01ad7119|127.0.0.1:15012]|listeners:[], old=null}
2024-08-19 16:25:00,167 [EventQueue-OpenPipelineForHealthyPipelineSafeModeRule] INFO  safemode.SCMSafeModeManager (HealthyPipelineSafeModeRule.java:process(140)) - SCM in safe mode. Healthy pipelines reported count is 0, required healthy pipeline reported count is 1
2024-08-19 16:25:00,176 [a60155f7-ea69-45b2-947a-1e7e01ad7119@group-6CBB97B4840C-SegmentedRaftLogWorker] INFO  segmented.SegmentedRaftLogWorker (SegmentedRaftLogWorker.java:execute(637)) - a60155f7-ea69-45b2-947a-1e7e01ad7119@group-6CBB97B4840C-SegmentedRaftLogWorker: created new log segment /home/runner/work/ozone/ozone/hadoop-ozone/integration-test/target/test-dir/MiniOzoneClusterImpl-37a79142-3d3b-4256-8e35-bf5503c8d171/ozone-meta/datanode-1/ratis/4e649429-2b7a-4a31-b77d-6cbb97b4840c/current/log_inprogress_0
2024-08-19 16:25:00,179 [a60155f7-ea69-45b2-947a-1e7e01ad7119@group-6CBB97B4840C-StateMachineUpdater] INFO  server.RaftServer$Division (LeaderStateImpl.java:checkStartIndex(316)) - Leader a60155f7-ea69-45b2-947a-1e7e01ad7119@group-6CBB97B4840C-LeaderStateImpl is ready since appliedIndex == startIndex == 0
2024-08-19 16:25:00,214 [a60155f7-ea69-45b2-947a-1e7e01ad7119@group-35258A47FD67-FollowerState] INFO  impl.FollowerState (FollowerState.java:run(144)) - a60155f7-ea69-45b2-947a-1e7e01ad7119@group-35258A47FD67-FollowerState: change to CANDIDATE, lastRpcElapsedTime:5134830627ns, electionTimeout:5134ms
2024-08-19 16:25:00,214 [a60155f7-ea69-45b2-947a-1e7e01ad7119@group-35258A47FD67-FollowerState] INFO  impl.RoleInfo (RoleInfo.java:shutdownFollowerState(119)) - a60155f7-ea69-45b2-947a-1e7e01ad7119: shutdown a60155f7-ea69-45b2-947a-1e7e01ad7119@group-35258A47FD67-FollowerState
2024-08-19 16:25:00,214 [a60155f7-ea69-45b2-947a-1e7e01ad7119@group-35258A47FD67-FollowerState] INFO  server.RaftServer$Division (RaftServerImpl.java:setRole(376)) - a60155f7-ea69-45b2-947a-1e7e01ad7119@group-35258A47FD67: changes role from  FOLLOWER to CANDIDATE at term 0 for changeToCandidate
2024-08-19 16:25:00,214 [a60155f7-ea69-45b2-947a-1e7e01ad7119@group-35258A47FD67-FollowerState] INFO  server.RaftServerConfigKeys (ConfUtils.java:logGet(46)) - raft.server.leaderelection.pre-vote = true (default)
2024-08-19 16:25:00,214 [a60155f7-ea69-45b2-947a-1e7e01ad7119@group-35258A47FD67-FollowerState] INFO  impl.RoleInfo (RoleInfo.java:updateAndGet(148)) - a60155f7-ea69-45b2-947a-1e7e01ad7119: start a60155f7-ea69-45b2-947a-1e7e01ad7119@group-35258A47FD67-LeaderElection3
2024-08-19 16:25:00,215 [a60155f7-ea69-45b2-947a-1e7e01ad7119@group-35258A47FD67-LeaderElection3] INFO  impl.LeaderElection (LeaderElection.java:askForVotes(321)) - a60155f7-ea69-45b2-947a-1e7e01ad7119@group-35258A47FD67-LeaderElection3 PRE_VOTE round 0: submit vote requests at term 0 for conf: {index: -1, cur=peers:[a60155f7-ea69-45b2-947a-1e7e01ad7119|127.0.0.1:15012, 9b6d9b22-4572-4a82-ae1c-a91d234bbb93|127.0.0.1:15021, ee221735-3b90-4b08-961d-7f24e77247fb|127.0.0.1:15030]|listeners:[], old=null}
2024-08-19 16:25:00,218 [a60155f7-ea69-45b2-947a-1e7e01ad7119@group-35258A47FD67-LeaderElection3] INFO  server.RaftServerConfigKeys (ConfUtils.java:logFallback(53)) - raft.server.rpc.first-election.timeout.min = 5s (fallback to raft.server.rpc.timeout.min)
2024-08-19 16:25:00,218 [a60155f7-ea69-45b2-947a-1e7e01ad7119@group-35258A47FD67-LeaderElection3] INFO  server.RaftServerConfigKeys (ConfUtils.java:logFallback(53)) - raft.server.rpc.first-election.timeout.max = 5200ms (fallback to raft.server.rpc.timeout.max)
2024-08-19 16:25:00,219 [a60155f7-ea69-45b2-947a-1e7e01ad7119@group-35258A47FD67-LeaderElection3-1] INFO  server.GrpcServerProtocolClient (GrpcServerProtocolClient.java:<init>(65)) - Build channel for 9b6d9b22-4572-4a82-ae1c-a91d234bbb93|127.0.0.1:15021
2024-08-19 16:25:00,219 [a60155f7-ea69-45b2-947a-1e7e01ad7119@group-35258A47FD67-LeaderElection3-2] INFO  server.GrpcServerProtocolClient (GrpcServerProtocolClient.java:<init>(65)) - Build channel for ee221735-3b90-4b08-961d-7f24e77247fb|127.0.0.1:15030
2024-08-19 16:25:00,227 [grpc-default-executor-1] INFO  server.RaftServer$Division (RaftServerImpl.java:requestVote(1416)) - ee221735-3b90-4b08-961d-7f24e77247fb@group-35258A47FD67: receive requestVote(PRE_VOTE, a60155f7-ea69-45b2-947a-1e7e01ad7119, group-35258A47FD67, 0, (t:0, i:0))
2024-08-19 16:25:00,227 [grpc-default-executor-0] INFO  server.RaftServer$Division (RaftServerImpl.java:requestVote(1416)) - 9b6d9b22-4572-4a82-ae1c-a91d234bbb93@group-35258A47FD67: receive requestVote(PRE_VOTE, a60155f7-ea69-45b2-947a-1e7e01ad7119, group-35258A47FD67, 0, (t:0, i:0))
2024-08-19 16:25:00,229 [grpc-default-executor-0] INFO  impl.VoteContext (VoteContext.java:log(49)) - 9b6d9b22-4572-4a82-ae1c-a91d234bbb93@group-35258A47FD67-FOLLOWER: reject PRE_VOTE from a60155f7-ea69-45b2-947a-1e7e01ad7119: our priority 1 > candidate's priority 0
2024-08-19 16:25:00,229 [grpc-default-executor-1] INFO  impl.VoteContext (VoteContext.java:log(49)) - ee221735-3b90-4b08-961d-7f24e77247fb@group-35258A47FD67-FOLLOWER: accept PRE_VOTE from a60155f7-ea69-45b2-947a-1e7e01ad7119: our priority 0 <= candidate's priority 0
2024-08-19 16:25:00,230 [grpc-default-executor-0] INFO  server.RaftServer$Division (RaftServerImpl.java:requestVote(1449)) - 9b6d9b22-4572-4a82-ae1c-a91d234bbb93@group-35258A47FD67 replies to PRE_VOTE vote request: a60155f7-ea69-45b2-947a-1e7e01ad7119<-9b6d9b22-4572-4a82-ae1c-a91d234bbb93#0:FAIL-t0. Peer's state: 9b6d9b22-4572-4a82-ae1c-a91d234bbb93@group-35258A47FD67:t0, leader=null, voted=, raftlog=Memoized:9b6d9b22-4572-4a82-ae1c-a91d234bbb93@group-35258A47FD67-SegmentedRaftLog:OPENED:c-1:lastnull, conf=conf: {index: -1, cur=peers:[a60155f7-ea69-45b2-947a-1e7e01ad7119|127.0.0.1:15012, 9b6d9b22-4572-4a82-ae1c-a91d234bbb93|127.0.0.1:15021, ee221735-3b90-4b08-961d-7f24e77247fb|127.0.0.1:15030]|listeners:[], old=null}
2024-08-19 16:25:00,230 [grpc-default-executor-1] INFO  server.RaftServer$Division (RaftServerImpl.java:requestVote(1449)) - ee221735-3b90-4b08-961d-7f24e77247fb@group-35258A47FD67 replies to PRE_VOTE vote request: a60155f7-ea69-45b2-947a-1e7e01ad7119<-ee221735-3b90-4b08-961d-7f24e77247fb#0:OK-t0. Peer's state: ee221735-3b90-4b08-961d-7f24e77247fb@group-35258A47FD67:t0, leader=null, voted=, raftlog=Memoized:ee221735-3b90-4b08-961d-7f24e77247fb@group-35258A47FD67-SegmentedRaftLog:OPENED:c-1:lastnull, conf=conf: {index: -1, cur=peers:[a60155f7-ea69-45b2-947a-1e7e01ad7119|127.0.0.1:15012, 9b6d9b22-4572-4a82-ae1c-a91d234bbb93|127.0.0.1:15021, ee221735-3b90-4b08-961d-7f24e77247fb|127.0.0.1:15030]|listeners:[], old=null}
2024-08-19 16:25:00,233 [a60155f7-ea69-45b2-947a-1e7e01ad7119@group-35258A47FD67-LeaderElection3] INFO  impl.LeaderElection (LeaderElection.java:logAndReturn(89)) - a60155f7-ea69-45b2-947a-1e7e01ad7119@group-35258A47FD67-LeaderElection3: PRE_VOTE REJECTED received 2 response(s) and 0 exception(s):
2024-08-19 16:25:00,233 [a60155f7-ea69-45b2-947a-1e7e01ad7119@group-35258A47FD67-LeaderElection3] INFO  impl.LeaderElection (LeaderElection.java:logAndReturn(93)) -   Response 0: a60155f7-ea69-45b2-947a-1e7e01ad7119<-9b6d9b22-4572-4a82-ae1c-a91d234bbb93#0:FAIL-t0
2024-08-19 16:25:00,233 [a60155f7-ea69-45b2-947a-1e7e01ad7119@group-35258A47FD67-LeaderElection3] INFO  impl.LeaderElection (LeaderElection.java:logAndReturn(93)) -   Response 1: a60155f7-ea69-45b2-947a-1e7e01ad7119<-ee221735-3b90-4b08-961d-7f24e77247fb#0:OK-t0
2024-08-19 16:25:00,233 [a60155f7-ea69-45b2-947a-1e7e01ad7119@group-35258A47FD67-LeaderElection3] INFO  impl.LeaderElection (LeaderElection.java:askForVotes(323)) - a60155f7-ea69-45b2-947a-1e7e01ad7119@group-35258A47FD67-LeaderElection3 PRE_VOTE round 0: result REJECTED
2024-08-19 16:25:00,233 [a60155f7-ea69-45b2-947a-1e7e01ad7119@group-35258A47FD67-LeaderElection3] INFO  server.RaftServer$Division (RaftServerImpl.java:setRole(376)) - a60155f7-ea69-45b2-947a-1e7e01ad7119@group-35258A47FD67: changes role from CANDIDATE to FOLLOWER at term 0 for REJECTED
2024-08-19 16:25:00,233 [a60155f7-ea69-45b2-947a-1e7e01ad7119@group-35258A47FD67-LeaderElection3] INFO  impl.RoleInfo (RoleInfo.java:shutdownLeaderElection(139)) - a60155f7-ea69-45b2-947a-1e7e01ad7119: shutdown a60155f7-ea69-45b2-947a-1e7e01ad7119@group-35258A47FD67-LeaderElection3
2024-08-19 16:25:00,234 [a60155f7-ea69-45b2-947a-1e7e01ad7119@group-35258A47FD67-LeaderElection3] INFO  impl.RoleInfo (RoleInfo.java:updateAndGet(148)) - a60155f7-ea69-45b2-947a-1e7e01ad7119: start a60155f7-ea69-45b2-947a-1e7e01ad7119@group-35258A47FD67-FollowerState
2024-08-19 16:25:00,234 [a60155f7-ea69-45b2-947a-1e7e01ad7119@group-35258A47FD67-LeaderElection3] INFO  server.RaftServer$Division (RaftServerImpl.java:setFirstElection(549)) - a60155f7-ea69-45b2-947a-1e7e01ad7119@group-35258A47FD67: set firstElectionSinceStartup to false for REJECTED
2024-08-19 16:25:00,472 [9b6d9b22-4572-4a82-ae1c-a91d234bbb93@group-31F0EC4D8A54-FollowerState] INFO  impl.FollowerState (FollowerState.java:run(144)) - 9b6d9b22-4572-4a82-ae1c-a91d234bbb93@group-31F0EC4D8A54-FollowerState: change to CANDIDATE, lastRpcElapsedTime:5012983889ns, electionTimeout:5004ms
2024-08-19 16:25:00,472 [9b6d9b22-4572-4a82-ae1c-a91d234bbb93@group-31F0EC4D8A54-FollowerState] INFO  impl.RoleInfo (RoleInfo.java:shutdownFollowerState(119)) - 9b6d9b22-4572-4a82-ae1c-a91d234bbb93: shutdown 9b6d9b22-4572-4a82-ae1c-a91d234bbb93@group-31F0EC4D8A54-FollowerState
2024-08-19 16:25:00,472 [9b6d9b22-4572-4a82-ae1c-a91d234bbb93@group-31F0EC4D8A54-FollowerState] INFO  server.RaftServer$Division (RaftServerImpl.java:setRole(376)) - 9b6d9b22-4572-4a82-ae1c-a91d234bbb93@group-31F0EC4D8A54: changes role from  FOLLOWER to CANDIDATE at term 0 for changeToCandidate
2024-08-19 16:25:00,472 [9b6d9b22-4572-4a82-ae1c-a91d234bbb93@group-31F0EC4D8A54-FollowerState] INFO  server.RaftServerConfigKeys (ConfUtils.java:logGet(46)) - raft.server.leaderelection.pre-vote = true (default)
2024-08-19 16:25:00,473 [9b6d9b22-4572-4a82-ae1c-a91d234bbb93@group-31F0EC4D8A54-FollowerState] INFO  impl.RoleInfo (RoleInfo.java:updateAndGet(148)) - 9b6d9b22-4572-4a82-ae1c-a91d234bbb93: start 9b6d9b22-4572-4a82-ae1c-a91d234bbb93@group-31F0EC4D8A54-LeaderElection4
2024-08-19 16:25:00,473 [9b6d9b22-4572-4a82-ae1c-a91d234bbb93@group-31F0EC4D8A54-LeaderElection4] INFO  impl.LeaderElection (LeaderElection.java:askForVotes(321)) - 9b6d9b22-4572-4a82-ae1c-a91d234bbb93@group-31F0EC4D8A54-LeaderElection4 PRE_VOTE round 0: submit vote requests at term 0 for conf: {index: -1, cur=peers:[9b6d9b22-4572-4a82-ae1c-a91d234bbb93|127.0.0.1:15021]|listeners:[], old=null}
2024-08-19 16:25:00,473 [9b6d9b22-4572-4a82-ae1c-a91d234bbb93@group-31F0EC4D8A54-LeaderElection4] INFO  impl.LeaderElection (LeaderElection.java:askForVotes(323)) - 9b6d9b22-4572-4a82-ae1c-a91d234bbb93@group-31F0EC4D8A54-LeaderElection4 PRE_VOTE round 0: result PASSED (term=0)
2024-08-19 16:25:00,475 [9b6d9b22-4572-4a82-ae1c-a91d234bbb93@group-31F0EC4D8A54-LeaderElection4] INFO  impl.LeaderElection (LeaderElection.java:askForVotes(321)) - 9b6d9b22-4572-4a82-ae1c-a91d234bbb93@group-31F0EC4D8A54-LeaderElection4 ELECTION round 0: submit vote requests at term 1 for conf: {index: -1, cur=peers:[9b6d9b22-4572-4a82-ae1c-a91d234bbb93|127.0.0.1:15021]|listeners:[], old=null}
2024-08-19 16:25:00,475 [9b6d9b22-4572-4a82-ae1c-a91d234bbb93@group-31F0EC4D8A54-LeaderElection4] INFO  impl.LeaderElection (LeaderElection.java:askForVotes(323)) - 9b6d9b22-4572-4a82-ae1c-a91d234bbb93@group-31F0EC4D8A54-LeaderElection4 ELECTION round 0: result PASSED (term=1)
2024-08-19 16:25:00,475 [9b6d9b22-4572-4a82-ae1c-a91d234bbb93@group-31F0EC4D8A54-LeaderElection4] INFO  impl.RoleInfo (RoleInfo.java:shutdownLeaderElection(139)) - 9b6d9b22-4572-4a82-ae1c-a91d234bbb93: shutdown 9b6d9b22-4572-4a82-ae1c-a91d234bbb93@group-31F0EC4D8A54-LeaderElection4
2024-08-19 16:25:00,475 [9b6d9b22-4572-4a82-ae1c-a91d234bbb93@group-31F0EC4D8A54-LeaderElection4] INFO  server.RaftServer$Division (RaftServerImpl.java:setRole(376)) - 9b6d9b22-4572-4a82-ae1c-a91d234bbb93@group-31F0EC4D8A54: changes role from CANDIDATE to LEADER at term 1 for changeToLeader
2024-08-19 16:25:00,475 [9b6d9b22-4572-4a82-ae1c-a91d234bbb93@group-31F0EC4D8A54-LeaderElection4] INFO  server.RaftServerConfigKeys (ConfUtils.java:logGet(46)) - raft.server.staging.catchup.gap = 1000 (default)
2024-08-19 16:25:00,476 [9b6d9b22-4572-4a82-ae1c-a91d234bbb93@group-31F0EC4D8A54-LeaderElection4] INFO  server.RaftServerConfigKeys (ConfUtils.java:logGet(46)) - raft.server.write.element-limit = 1024 (custom)
2024-08-19 16:25:00,477 [9b6d9b22-4572-4a82-ae1c-a91d234bbb93@group-31F0EC4D8A54-LeaderElection4] INFO  server.RaftServerConfigKeys (ConfUtils.java:logGet(46)) - raft.server.write.byte-limit = 1024 M (=1073741824) (custom)
2024-08-19 16:25:00,477 [9b6d9b22-4572-4a82-ae1c-a91d234bbb93@group-31F0EC4D8A54-LeaderElection4] INFO  server.RaftServerConfigKeys (ConfUtils.java:logGet(46)) - raft.server.watch.timeout = 30s (custom)
2024-08-19 16:25:00,477 [9b6d9b22-4572-4a82-ae1c-a91d234bbb93@group-31F0EC4D8A54-LeaderElection4] INFO  server.RaftServerConfigKeys (ConfUtils.java:logGet(46)) - raft.server.watch.timeout.denomination = 1s (default)
2024-08-19 16:25:00,477 [9b6d9b22-4572-4a82-ae1c-a91d234bbb93@group-31F0EC4D8A54-LeaderElection4] INFO  server.RaftServerConfigKeys (ConfUtils.java:logGet(46)) - raft.server.watch.element-limit = 65536 (default)
2024-08-19 16:25:00,477 [9b6d9b22-4572-4a82-ae1c-a91d234bbb93@group-31F0EC4D8A54-LeaderElection4] INFO  server.RaftServerConfigKeys (ConfUtils.java:logGet(46)) - raft.server.read.leader.lease.enabled = false (default)
2024-08-19 16:25:00,477 [9b6d9b22-4572-4a82-ae1c-a91d234bbb93@group-31F0EC4D8A54-LeaderElection4] INFO  server.RaftServerConfigKeys (ConfUtils.java:logGet(46)) - raft.server.read.leader.lease.timeout.ratio = 0.9 (default)
2024-08-19 16:25:00,477 [9b6d9b22-4572-4a82-ae1c-a91d234bbb93@group-31F0EC4D8A54-LeaderElection4] INFO  server.RaftServerConfigKeys (ConfUtils.java:logGet(46)) - raft.server.rpc.timeout.min = 5s (custom)
2024-08-19 16:25:00,478 [9b6d9b22-4572-4a82-ae1c-a91d234bbb93@group-31F0EC4D8A54-LeaderElection4] INFO  server.RaftServerConfigKeys (ConfUtils.java:logGet(46)) - raft.server.log.log-metadata.enabled = true (default)
2024-08-19 16:25:00,478 [9b6d9b22-4572-4a82-ae1c-a91d234bbb93@group-31F0EC4D8A54-LeaderElection4] INFO  server.RaftServerConfigKeys (ConfUtils.java:logGet(46)) - raft.server.write.element-limit = 1024 (custom)
2024-08-19 16:25:00,478 [9b6d9b22-4572-4a82-ae1c-a91d234bbb93@group-31F0EC4D8A54-LeaderElection4] INFO  server.RaftServerConfigKeys (ConfUtils.java:logGet(46)) - raft.server.write.follower.gap.ratio.max = -1.0 (default)
2024-08-19 16:25:00,478 [9b6d9b22-4572-4a82-ae1c-a91d234bbb93@group-31F0EC4D8A54-LeaderElection4] INFO  impl.RoleInfo (RoleInfo.java:updateAndGet(148)) - 9b6d9b22-4572-4a82-ae1c-a91d234bbb93: start 9b6d9b22-4572-4a82-ae1c-a91d234bbb93@group-31F0EC4D8A54-LeaderStateImpl
2024-08-19 16:25:00,478 [9b6d9b22-4572-4a82-ae1c-a91d234bbb93@group-31F0EC4D8A54-LeaderElection4] INFO  server.RaftServer$Division (RaftServerImpl.java:setFirstElection(549)) - 9b6d9b22-4572-4a82-ae1c-a91d234bbb93@group-31F0EC4D8A54: set firstElectionSinceStartup to false for becomeLeader
2024-08-19 16:25:00,478 [9b6d9b22-4572-4a82-ae1c-a91d234bbb93@group-31F0EC4D8A54-LeaderElection4] INFO  ratis.XceiverServerRatis (XceiverServerRatis.java:handleLeaderChangedNotification(950)) - Leader change notification received for group: group-31F0EC4D8A54 with new leaderId: 9b6d9b22-4572-4a82-ae1c-a91d234bbb93
2024-08-19 16:25:00,478 [9b6d9b22-4572-4a82-ae1c-a91d234bbb93@group-31F0EC4D8A54-LeaderElection4] INFO  server.RaftServer$Division (ServerState.java:setLeader(272)) - 9b6d9b22-4572-4a82-ae1c-a91d234bbb93@group-31F0EC4D8A54: change Leader from null to 9b6d9b22-4572-4a82-ae1c-a91d234bbb93 at term 1 for becomeLeader, leader elected after 5067ms
2024-08-19 16:25:00,478 [9b6d9b22-4572-4a82-ae1c-a91d234bbb93@group-31F0EC4D8A54-LeaderElection4] INFO  segmented.SegmentedRaftLogWorker (SegmentedRaftLogWorker.java:startLogSegment(433)) - 9b6d9b22-4572-4a82-ae1c-a91d234bbb93@group-31F0EC4D8A54-SegmentedRaftLogWorker: Starting segment from index:0
2024-08-19 16:25:00,478 [9b6d9b22-4572-4a82-ae1c-a91d234bbb93@group-31F0EC4D8A54-LeaderElection4] INFO  server.RaftServer$Division (ServerState.java:setRaftConf(386)) - 9b6d9b22-4572-4a82-ae1c-a91d234bbb93@group-31F0EC4D8A54: set configuration conf: {index: 0, cur=peers:[9b6d9b22-4572-4a82-ae1c-a91d234bbb93|127.0.0.1:15021]|listeners:[], old=null}
2024-08-19 16:25:00,479 [9b6d9b22-4572-4a82-ae1c-a91d234bbb93@group-31F0EC4D8A54-SegmentedRaftLogWorker] INFO  segmented.BufferedWriteChannel (BufferedWriteChannel.java:open(61)) - open log_inprogress_0 at position 0
2024-08-19 16:25:00,482 [EventQueue-OpenPipelineForHealthyPipelineSafeModeRule] INFO  safemode.SCMSafeModeManager (HealthyPipelineSafeModeRule.java:process(140)) - SCM in safe mode. Healthy pipelines reported count is 0, required healthy pipeline reported count is 1
2024-08-19 16:25:00,489 [9b6d9b22-4572-4a82-ae1c-a91d234bbb93@group-31F0EC4D8A54-SegmentedRaftLogWorker] INFO  segmented.SegmentedRaftLogWorker (SegmentedRaftLogWorker.java:execute(637)) - 9b6d9b22-4572-4a82-ae1c-a91d234bbb93@group-31F0EC4D8A54-SegmentedRaftLogWorker: created new log segment /home/runner/work/ozone/ozone/hadoop-ozone/integration-test/target/test-dir/MiniOzoneClusterImpl-37a79142-3d3b-4256-8e35-bf5503c8d171/ozone-meta/datanode-2/ratis/cf9d6d2a-cb39-4eea-9b1a-31f0ec4d8a54/current/log_inprogress_0
2024-08-19 16:25:00,491 [9b6d9b22-4572-4a82-ae1c-a91d234bbb93@group-31F0EC4D8A54-StateMachineUpdater] INFO  server.RaftServer$Division (LeaderStateImpl.java:checkStartIndex(316)) - Leader 9b6d9b22-4572-4a82-ae1c-a91d234bbb93@group-31F0EC4D8A54-LeaderStateImpl is ready since appliedIndex == startIndex == 0
2024-08-19 16:25:00,527 [a60155f7-ea69-45b2-947a-1e7e01ad7119@group-896295985C51-FollowerState] INFO  impl.FollowerState (FollowerState.java:run(144)) - a60155f7-ea69-45b2-947a-1e7e01ad7119@group-896295985C51-FollowerState: change to CANDIDATE, lastRpcElapsedTime:5076528119ns, electionTimeout:5070ms
2024-08-19 16:25:00,527 [a60155f7-ea69-45b2-947a-1e7e01ad7119@group-896295985C51-FollowerState] INFO  impl.RoleInfo (RoleInfo.java:shutdownFollowerState(119)) - a60155f7-ea69-45b2-947a-1e7e01ad7119: shutdown a60155f7-ea69-45b2-947a-1e7e01ad7119@group-896295985C51-FollowerState
2024-08-19 16:25:00,527 [a60155f7-ea69-45b2-947a-1e7e01ad7119@group-896295985C51-FollowerState] INFO  server.RaftServer$Division (RaftServerImpl.java:setRole(376)) - a60155f7-ea69-45b2-947a-1e7e01ad7119@group-896295985C51: changes role from  FOLLOWER to CANDIDATE at term 0 for changeToCandidate
2024-08-19 16:25:00,527 [a60155f7-ea69-45b2-947a-1e7e01ad7119@group-896295985C51-FollowerState] INFO  server.RaftServerConfigKeys (ConfUtils.java:logGet(46)) - raft.server.leaderelection.pre-vote = true (default)
2024-08-19 16:25:00,527 [a60155f7-ea69-45b2-947a-1e7e01ad7119@group-896295985C51-FollowerState] INFO  impl.RoleInfo (RoleInfo.java:updateAndGet(148)) - a60155f7-ea69-45b2-947a-1e7e01ad7119: start a60155f7-ea69-45b2-947a-1e7e01ad7119@group-896295985C51-LeaderElection5
2024-08-19 16:25:00,528 [a60155f7-ea69-45b2-947a-1e7e01ad7119@group-896295985C51-LeaderElection5] INFO  impl.LeaderElection (LeaderElection.java:askForVotes(321)) - a60155f7-ea69-45b2-947a-1e7e01ad7119@group-896295985C51-LeaderElection5 PRE_VOTE round 0: submit vote requests at term 0 for conf: {index: -1, cur=peers:[a60155f7-ea69-45b2-947a-1e7e01ad7119|127.0.0.1:15012, 9b6d9b22-4572-4a82-ae1c-a91d234bbb93|127.0.0.1:15021, ee221735-3b90-4b08-961d-7f24e77247fb|127.0.0.1:15030]|listeners:[], old=null}
2024-08-19 16:25:00,528 [a60155f7-ea69-45b2-947a-1e7e01ad7119@group-896295985C51-LeaderElection5] INFO  server.RaftServerConfigKeys (ConfUtils.java:logFallback(53)) - raft.server.rpc.first-election.timeout.min = 5s (fallback to raft.server.rpc.timeout.min)
2024-08-19 16:25:00,528 [a60155f7-ea69-45b2-947a-1e7e01ad7119@group-896295985C51-LeaderElection5] INFO  server.RaftServerConfigKeys (ConfUtils.java:logFallback(53)) - raft.server.rpc.first-election.timeout.max = 5200ms (fallback to raft.server.rpc.timeout.max)
2024-08-19 16:25:00,529 [ee221735-3b90-4b08-961d-7f24e77247fb@group-35258A47FD67-FollowerState] INFO  server.RaftServerConfigKeys (ConfUtils.java:logFallback(53)) - raft.server.rpc.first-election.timeout.min = 5s (fallback to raft.server.rpc.timeout.min)
2024-08-19 16:25:00,529 [ee221735-3b90-4b08-961d-7f24e77247fb@group-35258A47FD67-FollowerState] INFO  server.RaftServerConfigKeys (ConfUtils.java:logFallback(53)) - raft.server.rpc.first-election.timeout.max = 5200ms (fallback to raft.server.rpc.timeout.max)
2024-08-19 16:25:00,531 [grpc-default-executor-0] INFO  server.RaftServer$Division (RaftServerImpl.java:requestVote(1416)) - 9b6d9b22-4572-4a82-ae1c-a91d234bbb93@group-896295985C51: receive requestVote(PRE_VOTE, a60155f7-ea69-45b2-947a-1e7e01ad7119, group-896295985C51, 0, (t:0, i:0))
2024-08-19 16:25:00,531 [grpc-default-executor-0] INFO  impl.VoteContext (VoteContext.java:log(49)) - 9b6d9b22-4572-4a82-ae1c-a91d234bbb93@group-896295985C51-FOLLOWER: accept PRE_VOTE from a60155f7-ea69-45b2-947a-1e7e01ad7119: our priority 0 <= candidate's priority 1
2024-08-19 16:25:00,531 [grpc-default-executor-0] INFO  server.RaftServer$Division (RaftServerImpl.java:requestVote(1449)) - 9b6d9b22-4572-4a82-ae1c-a91d234bbb93@group-896295985C51 replies to PRE_VOTE vote request: a60155f7-ea69-45b2-947a-1e7e01ad7119<-9b6d9b22-4572-4a82-ae1c-a91d234bbb93#0:OK-t0. Peer's state: 9b6d9b22-4572-4a82-ae1c-a91d234bbb93@group-896295985C51:t0, leader=null, voted=, raftlog=Memoized:9b6d9b22-4572-4a82-ae1c-a91d234bbb93@group-896295985C51-SegmentedRaftLog:OPENED:c-1:lastnull, conf=conf: {index: -1, cur=peers:[a60155f7-ea69-45b2-947a-1e7e01ad7119|127.0.0.1:15012, 9b6d9b22-4572-4a82-ae1c-a91d234bbb93|127.0.0.1:15021, ee221735-3b90-4b08-961d-7f24e77247fb|127.0.0.1:15030]|listeners:[], old=null}
2024-08-19 16:25:00,532 [a60155f7-ea69-45b2-947a-1e7e01ad7119@group-896295985C51-LeaderElection5] INFO  impl.LeaderElection (LeaderElection.java:logAndReturn(89)) - a60155f7-ea69-45b2-947a-1e7e01ad7119@group-896295985C51-LeaderElection5: PRE_VOTE PASSED received 1 response(s) and 0 exception(s):
2024-08-19 16:25:00,532 [a60155f7-ea69-45b2-947a-1e7e01ad7119@group-896295985C51-LeaderElection5] INFO  impl.LeaderElection (LeaderElection.java:logAndReturn(93)) -   Response 0: a60155f7-ea69-45b2-947a-1e7e01ad7119<-9b6d9b22-4572-4a82-ae1c-a91d234bbb93#0:OK-t0
2024-08-19 16:25:00,532 [a60155f7-ea69-45b2-947a-1e7e01ad7119@group-896295985C51-LeaderElection5] INFO  impl.LeaderElection (LeaderElection.java:askForVotes(323)) - a60155f7-ea69-45b2-947a-1e7e01ad7119@group-896295985C51-LeaderElection5 PRE_VOTE round 0: result PASSED
2024-08-19 16:25:00,533 [grpc-default-executor-0] INFO  server.RaftServer$Division (RaftServerImpl.java:requestVote(1416)) - ee221735-3b90-4b08-961d-7f24e77247fb@group-896295985C51: receive requestVote(PRE_VOTE, a60155f7-ea69-45b2-947a-1e7e01ad7119, group-896295985C51, 0, (t:0, i:0))
2024-08-19 16:25:00,533 [grpc-default-executor-0] INFO  impl.VoteContext (VoteContext.java:log(49)) - ee221735-3b90-4b08-961d-7f24e77247fb@group-896295985C51-FOLLOWER: accept PRE_VOTE from a60155f7-ea69-45b2-947a-1e7e01ad7119: our priority 0 <= candidate's priority 1
2024-08-19 16:25:00,533 [grpc-default-executor-0] INFO  server.RaftServer$Division (RaftServerImpl.java:requestVote(1449)) - ee221735-3b90-4b08-961d-7f24e77247fb@group-896295985C51 replies to PRE_VOTE vote request: a60155f7-ea69-45b2-947a-1e7e01ad7119<-ee221735-3b90-4b08-961d-7f24e77247fb#0:OK-t0. Peer's state: ee221735-3b90-4b08-961d-7f24e77247fb@group-896295985C51:t0, leader=null, voted=, raftlog=Memoized:ee221735-3b90-4b08-961d-7f24e77247fb@group-896295985C51-SegmentedRaftLog:OPENED:c-1:lastnull, conf=conf: {index: -1, cur=peers:[a60155f7-ea69-45b2-947a-1e7e01ad7119|127.0.0.1:15012, 9b6d9b22-4572-4a82-ae1c-a91d234bbb93|127.0.0.1:15021, ee221735-3b90-4b08-961d-7f24e77247fb|127.0.0.1:15030]|listeners:[], old=null}
2024-08-19 16:25:00,536 [a60155f7-ea69-45b2-947a-1e7e01ad7119@group-896295985C51-LeaderElection5] INFO  impl.LeaderElection (LeaderElection.java:askForVotes(321)) - a60155f7-ea69-45b2-947a-1e7e01ad7119@group-896295985C51-LeaderElection5 ELECTION round 0: submit vote requests at term 1 for conf: {index: -1, cur=peers:[a60155f7-ea69-45b2-947a-1e7e01ad7119|127.0.0.1:15012, 9b6d9b22-4572-4a82-ae1c-a91d234bbb93|127.0.0.1:15021, ee221735-3b90-4b08-961d-7f24e77247fb|127.0.0.1:15030]|listeners:[], old=null}
2024-08-19 16:25:00,537 [a60155f7-ea69-45b2-947a-1e7e01ad7119@group-896295985C51-LeaderElection5] INFO  server.RaftServerConfigKeys (ConfUtils.java:logFallback(53)) - raft.server.rpc.first-election.timeout.min = 5s (fallback to raft.server.rpc.timeout.min)
2024-08-19 16:25:00,538 [a60155f7-ea69-45b2-947a-1e7e01ad7119@group-896295985C51-LeaderElection5] INFO  server.RaftServerConfigKeys (ConfUtils.java:logFallback(53)) - raft.server.rpc.first-election.timeout.max = 5200ms (fallback to raft.server.rpc.timeout.max)
2024-08-19 16:25:00,538 [grpc-default-executor-1] INFO  server.RaftServer$Division (RaftServerImpl.java:requestVote(1416)) - ee221735-3b90-4b08-961d-7f24e77247fb@group-896295985C51: receive requestVote(ELECTION, a60155f7-ea69-45b2-947a-1e7e01ad7119, group-896295985C51, 1, (t:0, i:0))
2024-08-19 16:25:00,538 [grpc-default-executor-0] INFO  server.RaftServer$Division (RaftServerImpl.java:requestVote(1416)) - 9b6d9b22-4572-4a82-ae1c-a91d234bbb93@group-896295985C51: receive requestVote(ELECTION, a60155f7-ea69-45b2-947a-1e7e01ad7119, group-896295985C51, 1, (t:0, i:0))
2024-08-19 16:25:00,539 [grpc-default-executor-1] INFO  impl.VoteContext (VoteContext.java:log(49)) - ee221735-3b90-4b08-961d-7f24e77247fb@group-896295985C51-FOLLOWER: accept ELECTION from a60155f7-ea69-45b2-947a-1e7e01ad7119: our priority 0 <= candidate's priority 1
2024-08-19 16:25:00,539 [grpc-default-executor-0] INFO  impl.VoteContext (VoteContext.java:log(49)) - 9b6d9b22-4572-4a82-ae1c-a91d234bbb93@group-896295985C51-FOLLOWER: accept ELECTION from a60155f7-ea69-45b2-947a-1e7e01ad7119: our priority 0 <= candidate's priority 1
2024-08-19 16:25:00,539 [9b6d9b22-4572-4a82-ae1c-a91d234bbb93@group-35258A47FD67-FollowerState] INFO  impl.FollowerState (FollowerState.java:run(144)) - 9b6d9b22-4572-4a82-ae1c-a91d234bbb93@group-35258A47FD67-FollowerState: change to CANDIDATE, lastRpcElapsedTime:5138150073ns, electionTimeout:5135ms
2024-08-19 16:25:00,539 [9b6d9b22-4572-4a82-ae1c-a91d234bbb93@group-35258A47FD67-FollowerState] INFO  impl.RoleInfo (RoleInfo.java:shutdownFollowerState(119)) - 9b6d9b22-4572-4a82-ae1c-a91d234bbb93: shutdown 9b6d9b22-4572-4a82-ae1c-a91d234bbb93@group-35258A47FD67-FollowerState
2024-08-19 16:25:00,539 [9b6d9b22-4572-4a82-ae1c-a91d234bbb93@group-35258A47FD67-FollowerState] INFO  server.RaftServer$Division (RaftServerImpl.java:setRole(376)) - 9b6d9b22-4572-4a82-ae1c-a91d234bbb93@group-35258A47FD67: changes role from  FOLLOWER to CANDIDATE at term 0 for changeToCandidate
2024-08-19 16:25:00,539 [grpc-default-executor-0] INFO  server.RaftServer$Division (RaftServerImpl.java:setRole(376)) - 9b6d9b22-4572-4a82-ae1c-a91d234bbb93@group-896295985C51: changes role from  FOLLOWER to FOLLOWER at term 1 for candidate:a60155f7-ea69-45b2-947a-1e7e01ad7119
2024-08-19 16:25:00,539 [grpc-default-executor-0] INFO  impl.RoleInfo (RoleInfo.java:shutdownFollowerState(119)) - 9b6d9b22-4572-4a82-ae1c-a91d234bbb93: shutdown 9b6d9b22-4572-4a82-ae1c-a91d234bbb93@group-896295985C51-FollowerState
2024-08-19 16:25:00,539 [grpc-default-executor-0] INFO  impl.RoleInfo (RoleInfo.java:updateAndGet(148)) - 9b6d9b22-4572-4a82-ae1c-a91d234bbb93: start 9b6d9b22-4572-4a82-ae1c-a91d234bbb93@group-896295985C51-FollowerState
2024-08-19 16:25:00,539 [9b6d9b22-4572-4a82-ae1c-a91d234bbb93@group-896295985C51-FollowerState] INFO  impl.FollowerState (FollowerState.java:run(153)) - 9b6d9b22-4572-4a82-ae1c-a91d234bbb93@group-896295985C51-FollowerState was interrupted
2024-08-19 16:25:00,539 [grpc-default-executor-1] INFO  server.RaftServer$Division (RaftServerImpl.java:setRole(376)) - ee221735-3b90-4b08-961d-7f24e77247fb@group-896295985C51: changes role from  FOLLOWER to FOLLOWER at term 1 for candidate:a60155f7-ea69-45b2-947a-1e7e01ad7119
2024-08-19 16:25:00,540 [grpc-default-executor-1] INFO  impl.RoleInfo (RoleInfo.java:shutdownFollowerState(119)) - ee221735-3b90-4b08-961d-7f24e77247fb: shutdown ee221735-3b90-4b08-961d-7f24e77247fb@group-896295985C51-FollowerState
2024-08-19 16:25:00,540 [grpc-default-executor-1] INFO  impl.RoleInfo (RoleInfo.java:updateAndGet(148)) - ee221735-3b90-4b08-961d-7f24e77247fb: start ee221735-3b90-4b08-961d-7f24e77247fb@group-896295985C51-FollowerState
2024-08-19 16:25:00,539 [9b6d9b22-4572-4a82-ae1c-a91d234bbb93@group-35258A47FD67-FollowerState] INFO  server.RaftServerConfigKeys (ConfUtils.java:logGet(46)) - raft.server.leaderelection.pre-vote = true (default)
2024-08-19 16:25:00,540 [9b6d9b22-4572-4a82-ae1c-a91d234bbb93@group-35258A47FD67-FollowerState] INFO  impl.RoleInfo (RoleInfo.java:updateAndGet(148)) - 9b6d9b22-4572-4a82-ae1c-a91d234bbb93: start 9b6d9b22-4572-4a82-ae1c-a91d234bbb93@group-35258A47FD67-LeaderElection6
2024-08-19 16:25:00,540 [ee221735-3b90-4b08-961d-7f24e77247fb@group-896295985C51-FollowerState] INFO  impl.FollowerState (FollowerState.java:run(153)) - ee221735-3b90-4b08-961d-7f24e77247fb@group-896295985C51-FollowerState was interrupted
2024-08-19 16:25:00,540 [grpc-default-executor-0] INFO  server.RaftServer$Division (RaftServerImpl.java:setFirstElection(549)) - 9b6d9b22-4572-4a82-ae1c-a91d234bbb93@group-896295985C51: set firstElectionSinceStartup to false for candidate:a60155f7-ea69-45b2-947a-1e7e01ad7119
2024-08-19 16:25:00,541 [grpc-default-executor-1] INFO  server.RaftServer$Division (RaftServerImpl.java:setFirstElection(549)) - ee221735-3b90-4b08-961d-7f24e77247fb@group-896295985C51: set firstElectionSinceStartup to false for candidate:a60155f7-ea69-45b2-947a-1e7e01ad7119
2024-08-19 16:25:00,542 [grpc-default-executor-1] INFO  server.RaftServer$Division (RaftServerImpl.java:requestVote(1449)) - ee221735-3b90-4b08-961d-7f24e77247fb@group-896295985C51 replies to ELECTION vote request: a60155f7-ea69-45b2-947a-1e7e01ad7119<-ee221735-3b90-4b08-961d-7f24e77247fb#0:OK-t1. Peer's state: ee221735-3b90-4b08-961d-7f24e77247fb@group-896295985C51:t1, leader=null, voted=a60155f7-ea69-45b2-947a-1e7e01ad7119, raftlog=Memoized:ee221735-3b90-4b08-961d-7f24e77247fb@group-896295985C51-SegmentedRaftLog:OPENED:c-1:lastnull, conf=conf: {index: -1, cur=peers:[a60155f7-ea69-45b2-947a-1e7e01ad7119|127.0.0.1:15012, 9b6d9b22-4572-4a82-ae1c-a91d234bbb93|127.0.0.1:15021, ee221735-3b90-4b08-961d-7f24e77247fb|127.0.0.1:15030]|listeners:[], old=null}
2024-08-19 16:25:00,543 [grpc-default-executor-0] INFO  server.RaftServer$Division (RaftServerImpl.java:requestVote(1449)) - 9b6d9b22-4572-4a82-ae1c-a91d234bbb93@group-896295985C51 replies to ELECTION vote request: a60155f7-ea69-45b2-947a-1e7e01ad7119<-9b6d9b22-4572-4a82-ae1c-a91d234bbb93#0:OK-t1. Peer's state: 9b6d9b22-4572-4a82-ae1c-a91d234bbb93@group-896295985C51:t1, leader=null, voted=a60155f7-ea69-45b2-947a-1e7e01ad7119, raftlog=Memoized:9b6d9b22-4572-4a82-ae1c-a91d234bbb93@group-896295985C51-SegmentedRaftLog:OPENED:c-1:lastnull, conf=conf: {index: -1, cur=peers:[a60155f7-ea69-45b2-947a-1e7e01ad7119|127.0.0.1:15012, 9b6d9b22-4572-4a82-ae1c-a91d234bbb93|127.0.0.1:15021, ee221735-3b90-4b08-961d-7f24e77247fb|127.0.0.1:15030]|listeners:[], old=null}
2024-08-19 16:25:00,544 [9b6d9b22-4572-4a82-ae1c-a91d234bbb93@group-35258A47FD67-LeaderElection6] INFO  impl.LeaderElection (LeaderElection.java:askForVotes(321)) - 9b6d9b22-4572-4a82-ae1c-a91d234bbb93@group-35258A47FD67-LeaderElection6 PRE_VOTE round 0: submit vote requests at term 0 for conf: {index: -1, cur=peers:[a60155f7-ea69-45b2-947a-1e7e01ad7119|127.0.0.1:15012, 9b6d9b22-4572-4a82-ae1c-a91d234bbb93|127.0.0.1:15021, ee221735-3b90-4b08-961d-7f24e77247fb|127.0.0.1:15030]|listeners:[], old=null}
2024-08-19 16:25:00,544 [a60155f7-ea69-45b2-947a-1e7e01ad7119@group-896295985C51-LeaderElection5] INFO  impl.LeaderElection (LeaderElection.java:logAndReturn(89)) - a60155f7-ea69-45b2-947a-1e7e01ad7119@group-896295985C51-LeaderElection5: ELECTION PASSED received 1 response(s) and 0 exception(s):
2024-08-19 16:25:00,544 [a60155f7-ea69-45b2-947a-1e7e01ad7119@group-896295985C51-LeaderElection5] INFO  impl.LeaderElection (LeaderElection.java:logAndReturn(93)) -   Response 0: a60155f7-ea69-45b2-947a-1e7e01ad7119<-ee221735-3b90-4b08-961d-7f24e77247fb#0:OK-t1
2024-08-19 16:25:00,545 [a60155f7-ea69-45b2-947a-1e7e01ad7119@group-896295985C51-LeaderElection5] INFO  impl.LeaderElection (LeaderElection.java:askForVotes(323)) - a60155f7-ea69-45b2-947a-1e7e01ad7119@group-896295985C51-LeaderElection5 ELECTION round 0: result PASSED
2024-08-19 16:25:00,545 [a60155f7-ea69-45b2-947a-1e7e01ad7119@group-896295985C51-LeaderElection5] INFO  impl.RoleInfo (RoleInfo.java:shutdownLeaderElection(139)) - a60155f7-ea69-45b2-947a-1e7e01ad7119: shutdown a60155f7-ea69-45b2-947a-1e7e01ad7119@group-896295985C51-LeaderElection5
2024-08-19 16:25:00,545 [a60155f7-ea69-45b2-947a-1e7e01ad7119@group-896295985C51-LeaderElection5] INFO  server.RaftServer$Division (RaftServerImpl.java:setRole(376)) - a60155f7-ea69-45b2-947a-1e7e01ad7119@group-896295985C51: changes role from CANDIDATE to LEADER at term 1 for changeToLeader
2024-08-19 16:25:00,545 [a60155f7-ea69-45b2-947a-1e7e01ad7119@group-896295985C51-LeaderElection5] INFO  server.RaftServerConfigKeys (ConfUtils.java:logGet(46)) - raft.server.staging.catchup.gap = 1000 (default)
2024-08-19 16:25:00,545 [a60155f7-ea69-45b2-947a-1e7e01ad7119@group-896295985C51-LeaderElection5] INFO  server.RaftServerConfigKeys (ConfUtils.java:logGet(46)) - raft.server.write.element-limit = 1024 (custom)
2024-08-19 16:25:00,545 [a60155f7-ea69-45b2-947a-1e7e01ad7119@group-896295985C51-LeaderElection5] INFO  server.RaftServerConfigKeys (ConfUtils.java:logGet(46)) - raft.server.write.byte-limit = 1024 M (=1073741824) (custom)
2024-08-19 16:25:00,545 [a60155f7-ea69-45b2-947a-1e7e01ad7119@group-896295985C51-LeaderElection5] INFO  server.RaftServerConfigKeys (ConfUtils.java:logGet(46)) - raft.server.watch.timeout = 30s (custom)
2024-08-19 16:25:00,545 [a60155f7-ea69-45b2-947a-1e7e01ad7119@group-896295985C51-LeaderElection5] INFO  server.RaftServerConfigKeys (ConfUtils.java:logGet(46)) - raft.server.watch.timeout.denomination = 1s (default)
2024-08-19 16:25:00,545 [a60155f7-ea69-45b2-947a-1e7e01ad7119@group-896295985C51-LeaderElection5] INFO  server.RaftServerConfigKeys (ConfUtils.java:logGet(46)) - raft.server.watch.element-limit = 65536 (default)
2024-08-19 16:25:00,546 [9b6d9b22-4572-4a82-ae1c-a91d234bbb93@group-35258A47FD67-LeaderElection6] INFO  server.RaftServerConfigKeys (ConfUtils.java:logFallback(53)) - raft.server.rpc.first-election.timeout.min = 5s (fallback to raft.server.rpc.timeout.min)
2024-08-19 16:25:00,546 [9b6d9b22-4572-4a82-ae1c-a91d234bbb93@group-35258A47FD67-LeaderElection6] INFO  server.RaftServerConfigKeys (ConfUtils.java:logFallback(53)) - raft.server.rpc.first-election.timeout.max = 5200ms (fallback to raft.server.rpc.timeout.max)
2024-08-19 16:25:00,546 [9b6d9b22-4572-4a82-ae1c-a91d234bbb93@group-35258A47FD67-LeaderElection6-1] INFO  server.GrpcServerProtocolClient (GrpcServerProtocolClient.java:<init>(65)) - Build channel for a60155f7-ea69-45b2-947a-1e7e01ad7119|127.0.0.1:15012
2024-08-19 16:25:00,546 [a60155f7-ea69-45b2-947a-1e7e01ad7119@group-896295985C51-LeaderElection5] INFO  server.RaftServerConfigKeys (ConfUtils.java:logGet(46)) - raft.server.read.leader.lease.enabled = false (default)
2024-08-19 16:25:00,546 [9b6d9b22-4572-4a82-ae1c-a91d234bbb93@group-35258A47FD67-LeaderElection6-2] INFO  server.GrpcServerProtocolClient (GrpcServerProtocolClient.java:<init>(65)) - Build channel for ee221735-3b90-4b08-961d-7f24e77247fb|127.0.0.1:15030
2024-08-19 16:25:00,546 [a60155f7-ea69-45b2-947a-1e7e01ad7119@group-896295985C51-LeaderElection5] INFO  server.RaftServerConfigKeys (ConfUtils.java:logGet(46)) - raft.server.read.leader.lease.timeout.ratio = 0.9 (default)
2024-08-19 16:25:00,546 [a60155f7-ea69-45b2-947a-1e7e01ad7119@group-896295985C51-LeaderElection5] INFO  server.RaftServerConfigKeys (ConfUtils.java:logGet(46)) - raft.server.rpc.timeout.min = 5s (custom)
2024-08-19 16:25:00,546 [a60155f7-ea69-45b2-947a-1e7e01ad7119@group-896295985C51-LeaderElection5] INFO  server.RaftServerConfigKeys (ConfUtils.java:logGet(46)) - raft.server.log.log-metadata.enabled = true (default)
2024-08-19 16:25:00,546 [a60155f7-ea69-45b2-947a-1e7e01ad7119@group-896295985C51-LeaderElection5] INFO  server.RaftServerConfigKeys (ConfUtils.java:logGet(46)) - raft.server.write.element-limit = 1024 (custom)
2024-08-19 16:25:00,546 [a60155f7-ea69-45b2-947a-1e7e01ad7119@group-896295985C51-LeaderElection5] INFO  server.RaftServerConfigKeys (ConfUtils.java:logGet(46)) - raft.server.write.follower.gap.ratio.max = -1.0 (default)
2024-08-19 16:25:00,551 [grpc-default-executor-1] INFO  server.RaftServer$Division (RaftServerImpl.java:requestVote(1416)) - a60155f7-ea69-45b2-947a-1e7e01ad7119@group-35258A47FD67: receive requestVote(PRE_VOTE, 9b6d9b22-4572-4a82-ae1c-a91d234bbb93, group-35258A47FD67, 0, (t:0, i:0))
2024-08-19 16:25:00,551 [grpc-default-executor-1] INFO  impl.VoteContext (VoteContext.java:log(49)) - a60155f7-ea69-45b2-947a-1e7e01ad7119@group-35258A47FD67-FOLLOWER: accept PRE_VOTE from 9b6d9b22-4572-4a82-ae1c-a91d234bbb93: our priority 0 <= candidate's priority 1
2024-08-19 16:25:00,551 [grpc-default-executor-1] INFO  server.RaftServer$Division (RaftServerImpl.java:requestVote(1449)) - a60155f7-ea69-45b2-947a-1e7e01ad7119@group-35258A47FD67 replies to PRE_VOTE vote request: 9b6d9b22-4572-4a82-ae1c-a91d234bbb93<-a60155f7-ea69-45b2-947a-1e7e01ad7119#0:OK-t0. Peer's state: a60155f7-ea69-45b2-947a-1e7e01ad7119@group-35258A47FD67:t0, leader=null, voted=, raftlog=Memoized:a60155f7-ea69-45b2-947a-1e7e01ad7119@group-35258A47FD67-SegmentedRaftLog:OPENED:c-1:lastnull, conf=conf: {index: -1, cur=peers:[a60155f7-ea69-45b2-947a-1e7e01ad7119|127.0.0.1:15012, 9b6d9b22-4572-4a82-ae1c-a91d234bbb93|127.0.0.1:15021, ee221735-3b90-4b08-961d-7f24e77247fb|127.0.0.1:15030]|listeners:[], old=null}
2024-08-19 16:25:00,553 [9b6d9b22-4572-4a82-ae1c-a91d234bbb93@group-35258A47FD67-LeaderElection6] INFO  impl.LeaderElection (LeaderElection.java:logAndReturn(89)) - 9b6d9b22-4572-4a82-ae1c-a91d234bbb93@group-35258A47FD67-LeaderElection6: PRE_VOTE PASSED received 1 response(s) and 0 exception(s):
2024-08-19 16:25:00,553 [9b6d9b22-4572-4a82-ae1c-a91d234bbb93@group-35258A47FD67-LeaderElection6] INFO  impl.LeaderElection (LeaderElection.java:logAndReturn(93)) -   Response 0: 9b6d9b22-4572-4a82-ae1c-a91d234bbb93<-a60155f7-ea69-45b2-947a-1e7e01ad7119#0:OK-t0
2024-08-19 16:25:00,553 [9b6d9b22-4572-4a82-ae1c-a91d234bbb93@group-35258A47FD67-LeaderElection6] INFO  impl.LeaderElection (LeaderElection.java:askForVotes(323)) - 9b6d9b22-4572-4a82-ae1c-a91d234bbb93@group-35258A47FD67-LeaderElection6 PRE_VOTE round 0: result PASSED
2024-08-19 16:25:00,554 [a60155f7-ea69-45b2-947a-1e7e01ad7119@group-896295985C51-LeaderElection5] INFO  server.RaftServerConfigKeys (ConfUtils.java:logGet(46)) - raft.server.log.appender.snapshot.chunk.size.max = 16MB (=16777216) (default)
2024-08-19 16:25:00,554 [a60155f7-ea69-45b2-947a-1e7e01ad7119@group-896295985C51-LeaderElection5] INFO  server.RaftServerConfigKeys (ConfUtils.java:logGet(46)) - raft.server.log.appender.buffer.byte-limit = 8388608 (custom)
2024-08-19 16:25:00,554 [a60155f7-ea69-45b2-947a-1e7e01ad7119@group-896295985C51-LeaderElection5] INFO  server.RaftServerConfigKeys (ConfUtils.java:logGet(46)) - raft.server.log.appender.buffer.element-limit = 1024 (custom)
2024-08-19 16:25:00,555 [9b6d9b22-4572-4a82-ae1c-a91d234bbb93@group-35258A47FD67-LeaderElection6] INFO  impl.LeaderElection (LeaderElection.java:askForVotes(321)) - 9b6d9b22-4572-4a82-ae1c-a91d234bbb93@group-35258A47FD67-LeaderElection6 ELECTION round 0: submit vote requests at term 1 for conf: {index: -1, cur=peers:[a60155f7-ea69-45b2-947a-1e7e01ad7119|127.0.0.1:15012, 9b6d9b22-4572-4a82-ae1c-a91d234bbb93|127.0.0.1:15021, ee221735-3b90-4b08-961d-7f24e77247fb|127.0.0.1:15030]|listeners:[], old=null}
2024-08-19 16:25:00,556 [9b6d9b22-4572-4a82-ae1c-a91d234bbb93@group-35258A47FD67-LeaderElection6] INFO  server.RaftServerConfigKeys (ConfUtils.java:logFallback(53)) - raft.server.rpc.first-election.timeout.min = 5s (fallback to raft.server.rpc.timeout.min)
2024-08-19 16:25:00,556 [9b6d9b22-4572-4a82-ae1c-a91d234bbb93@group-35258A47FD67-LeaderElection6] INFO  server.RaftServerConfigKeys (ConfUtils.java:logFallback(53)) - raft.server.rpc.first-election.timeout.max = 5200ms (fallback to raft.server.rpc.timeout.max)
2024-08-19 16:25:00,556 [a60155f7-ea69-45b2-947a-1e7e01ad7119@group-896295985C51-LeaderElection5] INFO  server.RaftServerConfigKeys (ConfUtils.java:logGet(46)) - raft.server.log.appender.wait-time.min = 0μs (custom)
2024-08-19 16:25:00,556 [grpc-default-executor-1] INFO  server.RaftServer$Division (RaftServerImpl.java:requestVote(1416)) - a60155f7-ea69-45b2-947a-1e7e01ad7119@group-35258A47FD67: receive requestVote(ELECTION, 9b6d9b22-4572-4a82-ae1c-a91d234bbb93, group-35258A47FD67, 1, (t:0, i:0))
2024-08-19 16:25:00,557 [grpc-default-executor-1] INFO  impl.VoteContext (VoteContext.java:log(49)) - a60155f7-ea69-45b2-947a-1e7e01ad7119@group-35258A47FD67-FOLLOWER: accept ELECTION from 9b6d9b22-4572-4a82-ae1c-a91d234bbb93: our priority 0 <= candidate's priority 1
2024-08-19 16:25:00,557 [grpc-default-executor-1] INFO  server.RaftServer$Division (RaftServerImpl.java:setRole(376)) - a60155f7-ea69-45b2-947a-1e7e01ad7119@group-35258A47FD67: changes role from  FOLLOWER to FOLLOWER at term 1 for candidate:9b6d9b22-4572-4a82-ae1c-a91d234bbb93
2024-08-19 16:25:00,557 [grpc-default-executor-1] INFO  impl.RoleInfo (RoleInfo.java:shutdownFollowerState(119)) - a60155f7-ea69-45b2-947a-1e7e01ad7119: shutdown a60155f7-ea69-45b2-947a-1e7e01ad7119@group-35258A47FD67-FollowerState
2024-08-19 16:25:00,557 [grpc-default-executor-1] INFO  impl.RoleInfo (RoleInfo.java:updateAndGet(148)) - a60155f7-ea69-45b2-947a-1e7e01ad7119: start a60155f7-ea69-45b2-947a-1e7e01ad7119@group-35258A47FD67-FollowerState
2024-08-19 16:25:00,557 [a60155f7-ea69-45b2-947a-1e7e01ad7119@group-35258A47FD67-FollowerState] INFO  impl.FollowerState (FollowerState.java:run(153)) - a60155f7-ea69-45b2-947a-1e7e01ad7119@group-35258A47FD67-FollowerState was interrupted
2024-08-19 16:25:00,557 [a60155f7-ea69-45b2-947a-1e7e01ad7119@group-896295985C51-LeaderElection5] INFO  grpc.GrpcConfigKeys (ConfUtils.java:logGet(46)) - raft.grpc.server.leader.outstanding.appends.max = 8 (default)
2024-08-19 16:25:00,557 [a60155f7-ea69-45b2-947a-1e7e01ad7119@group-896295985C51-LeaderElection5] INFO  server.RaftServerConfigKeys (ConfUtils.java:logGet(46)) - raft.server.rpc.request.timeout = 60s (custom)
2024-08-19 16:25:00,558 [a60155f7-ea69-45b2-947a-1e7e01ad7119@group-896295985C51-LeaderElection5] INFO  grpc.GrpcConfigKeys (ConfUtils.java:logGet(46)) - raft.grpc.server.install_snapshot.request.element-limit = 8 (default)
2024-08-19 16:25:00,558 [a60155f7-ea69-45b2-947a-1e7e01ad7119@group-896295985C51-LeaderElection5] INFO  grpc.GrpcConfigKeys (ConfUtils.java:logGet(46)) - raft.grpc.server.install_snapshot.request.timeout = 3000ms (default)
2024-08-19 16:25:00,558 [a60155f7-ea69-45b2-947a-1e7e01ad7119@group-896295985C51-LeaderElection5] INFO  grpc.GrpcConfigKeys (ConfUtils.java:logGet(46)) - raft.grpc.server.log-message.batch.duration = 5s (default)
2024-08-19 16:25:00,558 [grpc-default-executor-0] INFO  server.RaftServer$Division (RaftServerImpl.java:requestVote(1416)) - ee221735-3b90-4b08-961d-7f24e77247fb@group-35258A47FD67: receive requestVote(ELECTION, 9b6d9b22-4572-4a82-ae1c-a91d234bbb93, group-35258A47FD67, 1, (t:0, i:0))
2024-08-19 16:25:00,558 [a60155f7-ea69-45b2-947a-1e7e01ad7119@group-896295985C51-LeaderElection5] INFO  server.RaftServerConfigKeys (ConfUtils.java:logGet(46)) - raft.server.log.appender.install.snapshot.enabled = false (custom)
2024-08-19 16:25:00,558 [grpc-default-executor-0] INFO  impl.VoteContext (VoteContext.java:log(49)) - ee221735-3b90-4b08-961d-7f24e77247fb@group-35258A47FD67-FOLLOWER: accept ELECTION from 9b6d9b22-4572-4a82-ae1c-a91d234bbb93: our priority 0 <= candidate's priority 1
2024-08-19 16:25:00,558 [a60155f7-ea69-45b2-947a-1e7e01ad7119@group-896295985C51-LeaderElection5] INFO  grpc.GrpcConfigKeys (ConfUtils.java:logGet(46)) - raft.grpc.server.heartbeat.channel = true (default)
2024-08-19 16:25:00,558 [grpc-default-executor-0] INFO  server.RaftServer$Division (RaftServerImpl.java:setRole(376)) - ee221735-3b90-4b08-961d-7f24e77247fb@group-35258A47FD67: changes role from  FOLLOWER to FOLLOWER at term 1 for candidate:9b6d9b22-4572-4a82-ae1c-a91d234bbb93
2024-08-19 16:25:00,559 [grpc-default-executor-0] INFO  impl.RoleInfo (RoleInfo.java:shutdownFollowerState(119)) - ee221735-3b90-4b08-961d-7f24e77247fb: shutdown ee221735-3b90-4b08-961d-7f24e77247fb@group-35258A47FD67-FollowerState
2024-08-19 16:25:00,559 [grpc-default-executor-0] INFO  impl.RoleInfo (RoleInfo.java:updateAndGet(148)) - ee221735-3b90-4b08-961d-7f24e77247fb: start ee221735-3b90-4b08-961d-7f24e77247fb@group-35258A47FD67-FollowerState
2024-08-19 16:25:00,559 [ee221735-3b90-4b08-961d-7f24e77247fb@group-35258A47FD67-FollowerState] INFO  impl.FollowerState (FollowerState.java:run(153)) - ee221735-3b90-4b08-961d-7f24e77247fb@group-35258A47FD67-FollowerState was interrupted
2024-08-19 16:25:00,561 [a60155f7-ea69-45b2-947a-1e7e01ad7119@group-896295985C51-LeaderElection5] INFO  server.RaftServerConfigKeys (ConfUtils.java:logGet(46)) - raft.server.log.appender.snapshot.chunk.size.max = 16MB (=16777216) (default)
2024-08-19 16:25:00,561 [a60155f7-ea69-45b2-947a-1e7e01ad7119@group-896295985C51-LeaderElection5] INFO  server.RaftServerConfigKeys (ConfUtils.java:logGet(46)) - raft.server.log.appender.buffer.byte-limit = 8388608 (custom)
2024-08-19 16:25:00,561 [a60155f7-ea69-45b2-947a-1e7e01ad7119@group-896295985C51-LeaderElection5] INFO  server.RaftServerConfigKeys (ConfUtils.java:logGet(46)) - raft.server.log.appender.buffer.element-limit = 1024 (custom)
2024-08-19 16:25:00,562 [a60155f7-ea69-45b2-947a-1e7e01ad7119@group-896295985C51-LeaderElection5] INFO  server.RaftServerConfigKeys (ConfUtils.java:logGet(46)) - raft.server.log.appender.wait-time.min = 0μs (custom)
2024-08-19 16:25:00,562 [a60155f7-ea69-45b2-947a-1e7e01ad7119@group-896295985C51-LeaderElection5] INFO  grpc.GrpcConfigKeys (ConfUtils.java:logGet(46)) - raft.grpc.server.leader.outstanding.appends.max = 8 (default)
2024-08-19 16:25:00,562 [a60155f7-ea69-45b2-947a-1e7e01ad7119@group-896295985C51-LeaderElection5] INFO  server.RaftServerConfigKeys (ConfUtils.java:logGet(46)) - raft.server.rpc.request.timeout = 60s (custom)
2024-08-19 16:25:00,562 [a60155f7-ea69-45b2-947a-1e7e01ad7119@group-896295985C51-LeaderElection5] INFO  grpc.GrpcConfigKeys (ConfUtils.java:logGet(46)) - raft.grpc.server.install_snapshot.request.element-limit = 8 (default)
2024-08-19 16:25:00,562 [a60155f7-ea69-45b2-947a-1e7e01ad7119@group-896295985C51-LeaderElection5] INFO  grpc.GrpcConfigKeys (ConfUtils.java:logGet(46)) - raft.grpc.server.install_snapshot.request.timeout = 3000ms (default)
2024-08-19 16:25:00,562 [a60155f7-ea69-45b2-947a-1e7e01ad7119@group-896295985C51-LeaderElection5] INFO  grpc.GrpcConfigKeys (ConfUtils.java:logGet(46)) - raft.grpc.server.log-message.batch.duration = 5s (default)
2024-08-19 16:25:00,562 [a60155f7-ea69-45b2-947a-1e7e01ad7119@group-896295985C51-LeaderElection5] INFO  server.RaftServerConfigKeys (ConfUtils.java:logGet(46)) - raft.server.log.appender.install.snapshot.enabled = false (custom)
2024-08-19 16:25:00,562 [a60155f7-ea69-45b2-947a-1e7e01ad7119@group-896295985C51-LeaderElection5] INFO  grpc.GrpcConfigKeys (ConfUtils.java:logGet(46)) - raft.grpc.server.heartbeat.channel = true (default)
2024-08-19 16:25:00,563 [a60155f7-ea69-45b2-947a-1e7e01ad7119@group-896295985C51-LeaderElection5] INFO  impl.RoleInfo (RoleInfo.java:updateAndGet(148)) - a60155f7-ea69-45b2-947a-1e7e01ad7119: start a60155f7-ea69-45b2-947a-1e7e01ad7119@group-896295985C51-LeaderStateImpl
2024-08-19 16:25:00,563 [a60155f7-ea69-45b2-947a-1e7e01ad7119@group-896295985C51-LeaderElection5] INFO  server.RaftServer$Division (RaftServerImpl.java:setFirstElection(549)) - a60155f7-ea69-45b2-947a-1e7e01ad7119@group-896295985C51: set firstElectionSinceStartup to false for becomeLeader
2024-08-19 16:25:00,563 [a60155f7-ea69-45b2-947a-1e7e01ad7119@group-896295985C51-LeaderElection5] INFO  ratis.XceiverServerRatis (XceiverServerRatis.java:handleLeaderChangedNotification(950)) - Leader change notification received for group: group-896295985C51 with new leaderId: a60155f7-ea69-45b2-947a-1e7e01ad7119
2024-08-19 16:25:00,563 [a60155f7-ea69-45b2-947a-1e7e01ad7119@group-896295985C51-LeaderElection5] INFO  server.RaftServer$Division (ServerState.java:setLeader(272)) - a60155f7-ea69-45b2-947a-1e7e01ad7119@group-896295985C51: change Leader from null to a60155f7-ea69-45b2-947a-1e7e01ad7119 at term 1 for becomeLeader, leader elected after 5140ms
2024-08-19 16:25:00,563 [a60155f7-ea69-45b2-947a-1e7e01ad7119@group-896295985C51-LeaderElection5] INFO  segmented.SegmentedRaftLogWorker (SegmentedRaftLogWorker.java:startLogSegment(433)) - a60155f7-ea69-45b2-947a-1e7e01ad7119@group-896295985C51-SegmentedRaftLogWorker: Starting segment from index:0
2024-08-19 16:25:00,564 [a60155f7-ea69-45b2-947a-1e7e01ad7119@group-896295985C51-SegmentedRaftLogWorker] INFO  segmented.BufferedWriteChannel (BufferedWriteChannel.java:open(61)) - open log_inprogress_0 at position 0
2024-08-19 16:25:00,566 [EventQueue-PipelineReportForPipelineReportHandler] INFO  pipeline.PipelineReportHandler (PipelineReportHandler.java:processPipelineReport(136)) - Opened pipeline PipelineID=d809d9bb-bbf8-4a73-864b-896295985c51
2024-08-19 16:25:00,566 [EventQueue-OpenPipelineForHealthyPipelineSafeModeRule] INFO  safemode.SCMSafeModeManager (HealthyPipelineSafeModeRule.java:process(140)) - SCM in safe mode. Healthy pipelines reported count is 0, required healthy pipeline reported count is 1
2024-08-19 16:25:00,566 [EventQueue-OpenPipelineForHealthyPipelineSafeModeRule] INFO  safemode.SCMSafeModeManager (HealthyPipelineSafeModeRule.java:process(140)) - SCM in safe mode. Healthy pipelines reported count is 1, required healthy pipeline reported count is 1
2024-08-19 16:25:00,566 [EventQueue-OpenPipelineForHealthyPipelineSafeModeRule] INFO  safemode.SCMSafeModeManager (SCMSafeModeManager.java:validateSafeModeExitRules(203)) - HealthyPipelineSafeModeRule rule is successfully validated
2024-08-19 16:25:00,566 [EventQueue-OpenPipelineForHealthyPipelineSafeModeRule] INFO  safemode.SCMSafeModeManager (SCMSafeModeManager.java:validateSafeModeExitRules(218)) - ScmSafeModeManager, all rules are successfully validated
2024-08-19 16:25:00,566 [EventQueue-OpenPipelineForHealthyPipelineSafeModeRule] INFO  safemode.SCMSafeModeManager (SCMSafeModeManager.java:exitSafeMode(248)) - SCM exiting safe mode.
2024-08-19 16:25:00,566 [EventQueue-OpenPipelineForHealthyPipelineSafeModeRule] INFO  ha.SCMContext (SCMContext.java:updateSafeModeStatus(225)) - Update SafeModeStatus from SafeModeStatus{safeModeStatus=true, preCheckPassed=true} to SafeModeStatus{safeModeStatus=false, preCheckPassed=true}.
2024-08-19 16:25:00,566 [EventQueue-OpenPipelineForHealthyPipelineSafeModeRule] INFO  pipeline.BackgroundPipelineCreator (BackgroundPipelineCreator.java:notifyStatusChanged(258)) - Service BackgroundPipelineCreator transitions to RUNNING.
2024-08-19 16:25:00,567 [EventQueue-OpenPipelineForHealthyPipelineSafeModeRule] INFO  BackgroundPipelineScrubber (BackgroundSCMService.java:notifyStatusChanged(79)) - Service BackgroundPipelineScrubber transitions to RUNNING.
2024-08-19 16:25:00,567 [EventQueue-OpenPipelineForHealthyPipelineSafeModeRule] INFO  ExpiredContainerReplicaOpScrubber (BackgroundSCMService.java:notifyStatusChanged(79)) - Service ExpiredContainerReplicaOpScrubber transitions to RUNNING.
2024-08-19 16:25:00,567 [EventQueue-OpenPipelineForHealthyPipelineSafeModeRule] INFO  block.SCMBlockDeletingService (SCMBlockDeletingService.java:notifyStatusChanged(247)) - notifyStatusChanged:RUNNING
2024-08-19 16:25:00,567 [EventQueue-OpenPipelineForHealthyPipelineSafeModeRule] INFO  replication.ReplicationManager (ReplicationManager.java:notifyStatusChanged(1406)) - Service ReplicationManager transitions to RUNNING.
2024-08-19 16:25:00,571 [a60155f7-ea69-45b2-947a-1e7e01ad7119@group-896295985C51-LeaderElection5] INFO  server.RaftServer$Division (ServerState.java:setRaftConf(386)) - a60155f7-ea69-45b2-947a-1e7e01ad7119@group-896295985C51: set configuration conf: {index: 0, cur=peers:[a60155f7-ea69-45b2-947a-1e7e01ad7119|127.0.0.1:15012, 9b6d9b22-4572-4a82-ae1c-a91d234bbb93|127.0.0.1:15021, ee221735-3b90-4b08-961d-7f24e77247fb|127.0.0.1:15030]|listeners:[], old=null}
2024-08-19 16:25:00,572 [grpc-default-executor-0] INFO  server.RaftServer$Division (RaftServerImpl.java:setFirstElection(549)) - ee221735-3b90-4b08-961d-7f24e77247fb@group-35258A47FD67: set firstElectionSinceStartup to false for candidate:9b6d9b22-4572-4a82-ae1c-a91d234bbb93
2024-08-19 16:25:00,573 [EventQueue-OpenPipelineForHealthyPipelineSafeModeRule] WARN  balancer.ContainerBalancer (ContainerBalancer.java:shouldRun(136)) - Could not find persisted configuration for ContainerBalancer when checking if ContainerBalancer should run. ContainerBalancer should not run now.
2024-08-19 16:25:00,576 [grpc-default-executor-1] INFO  server.RaftServer$Division (RaftServerImpl.java:requestVote(1449)) - a60155f7-ea69-45b2-947a-1e7e01ad7119@group-35258A47FD67 replies to ELECTION vote request: 9b6d9b22-4572-4a82-ae1c-a91d234bbb93<-a60155f7-ea69-45b2-947a-1e7e01ad7119#0:OK-t1. Peer's state: a60155f7-ea69-45b2-947a-1e7e01ad7119@group-35258A47FD67:t1, leader=null, voted=9b6d9b22-4572-4a82-ae1c-a91d234bbb93, raftlog=Memoized:a60155f7-ea69-45b2-947a-1e7e01ad7119@group-35258A47FD67-SegmentedRaftLog:OPENED:c-1:lastnull, conf=conf: {index: -1, cur=peers:[a60155f7-ea69-45b2-947a-1e7e01ad7119|127.0.0.1:15012, 9b6d9b22-4572-4a82-ae1c-a91d234bbb93|127.0.0.1:15021, ee221735-3b90-4b08-961d-7f24e77247fb|127.0.0.1:15030]|listeners:[], old=null}
2024-08-19 16:25:00,576 [a60155f7-ea69-45b2-947a-1e7e01ad7119@group-896295985C51-SegmentedRaftLogWorker] INFO  segmented.SegmentedRaftLogWorker (SegmentedRaftLogWorker.java:execute(637)) - a60155f7-ea69-45b2-947a-1e7e01ad7119@group-896295985C51-SegmentedRaftLogWorker: created new log segment /home/runner/work/ozone/ozone/hadoop-ozone/integration-test/target/test-dir/MiniOzoneClusterImpl-37a79142-3d3b-4256-8e35-bf5503c8d171/ozone-meta/datanode-1/ratis/d809d9bb-bbf8-4a73-864b-896295985c51/current/log_inprogress_0
2024-08-19 16:25:00,578 [grpc-default-executor-0] INFO  server.RaftServer$Division (RaftServerImpl.java:requestVote(1449)) - ee221735-3b90-4b08-961d-7f24e77247fb@group-35258A47FD67 replies to ELECTION vote request: 9b6d9b22-4572-4a82-ae1c-a91d234bbb93<-ee221735-3b90-4b08-961d-7f24e77247fb#0:OK-t1. Peer's state: ee221735-3b90-4b08-961d-7f24e77247fb@group-35258A47FD67:t1, leader=null, voted=9b6d9b22-4572-4a82-ae1c-a91d234bbb93, raftlog=Memoized:ee221735-3b90-4b08-961d-7f24e77247fb@group-35258A47FD67-SegmentedRaftLog:OPENED:c-1:lastnull, conf=conf: {index: -1, cur=peers:[a60155f7-ea69-45b2-947a-1e7e01ad7119|127.0.0.1:15012, 9b6d9b22-4572-4a82-ae1c-a91d234bbb93|127.0.0.1:15021, ee221735-3b90-4b08-961d-7f24e77247fb|127.0.0.1:15030]|listeners:[], old=null}
2024-08-19 16:25:00,578 [9b6d9b22-4572-4a82-ae1c-a91d234bbb93@group-35258A47FD67-LeaderElection6] INFO  impl.LeaderElection (LeaderElection.java:logAndReturn(89)) - 9b6d9b22-4572-4a82-ae1c-a91d234bbb93@group-35258A47FD67-LeaderElection6: ELECTION PASSED received 1 response(s) and 0 exception(s):
2024-08-19 16:25:00,578 [9b6d9b22-4572-4a82-ae1c-a91d234bbb93@group-35258A47FD67-LeaderElection6] INFO  impl.LeaderElection (LeaderElection.java:logAndReturn(93)) -   Response 0: 9b6d9b22-4572-4a82-ae1c-a91d234bbb93<-a60155f7-ea69-45b2-947a-1e7e01ad7119#0:OK-t1
2024-08-19 16:25:00,578 [9b6d9b22-4572-4a82-ae1c-a91d234bbb93@group-35258A47FD67-LeaderElection6] INFO  impl.LeaderElection (LeaderElection.java:askForVotes(323)) - 9b6d9b22-4572-4a82-ae1c-a91d234bbb93@group-35258A47FD67-LeaderElection6 ELECTION round 0: result PASSED
2024-08-19 16:25:00,578 [9b6d9b22-4572-4a82-ae1c-a91d234bbb93@group-35258A47FD67-LeaderElection6] INFO  impl.RoleInfo (RoleInfo.java:shutdownLeaderElection(139)) - 9b6d9b22-4572-4a82-ae1c-a91d234bbb93: shutdown 9b6d9b22-4572-4a82-ae1c-a91d234bbb93@group-35258A47FD67-LeaderElection6
2024-08-19 16:25:00,578 [9b6d9b22-4572-4a82-ae1c-a91d234bbb93@group-35258A47FD67-LeaderElection6] INFO  server.RaftServer$Division (RaftServerImpl.java:setRole(376)) - 9b6d9b22-4572-4a82-ae1c-a91d234bbb93@group-35258A47FD67: changes role from CANDIDATE to LEADER at term 1 for changeToLeader
2024-08-19 16:25:00,579 [9b6d9b22-4572-4a82-ae1c-a91d234bbb93@group-35258A47FD67-LeaderElection6] INFO  server.RaftServerConfigKeys (ConfUtils.java:logGet(46)) - raft.server.staging.catchup.gap = 1000 (default)
2024-08-19 16:25:00,579 [9b6d9b22-4572-4a82-ae1c-a91d234bbb93@group-35258A47FD67-LeaderElection6] INFO  server.RaftServerConfigKeys (ConfUtils.java:logGet(46)) - raft.server.write.element-limit = 1024 (custom)
2024-08-19 16:25:00,579 [9b6d9b22-4572-4a82-ae1c-a91d234bbb93@group-35258A47FD67-LeaderElection6] INFO  server.RaftServerConfigKeys (ConfUtils.java:logGet(46)) - raft.server.write.byte-limit = 1024 M (=1073741824) (custom)
2024-08-19 16:25:00,579 [9b6d9b22-4572-4a82-ae1c-a91d234bbb93@group-35258A47FD67-LeaderElection6] INFO  server.RaftServerConfigKeys (ConfUtils.java:logGet(46)) - raft.server.watch.timeout = 30s (custom)
2024-08-19 16:25:00,579 [9b6d9b22-4572-4a82-ae1c-a91d234bbb93@group-35258A47FD67-LeaderElection6] INFO  server.RaftServerConfigKeys (ConfUtils.java:logGet(46)) - raft.server.watch.timeout.denomination = 1s (default)
2024-08-19 16:25:00,579 [9b6d9b22-4572-4a82-ae1c-a91d234bbb93@group-35258A47FD67-LeaderElection6] INFO  server.RaftServerConfigKeys (ConfUtils.java:logGet(46)) - raft.server.watch.element-limit = 65536 (default)
2024-08-19 16:25:00,580 [9b6d9b22-4572-4a82-ae1c-a91d234bbb93@group-35258A47FD67-LeaderElection6] INFO  server.RaftServerConfigKeys (ConfUtils.java:logGet(46)) - raft.server.read.leader.lease.enabled = false (default)
2024-08-19 16:25:00,585 [9b6d9b22-4572-4a82-ae1c-a91d234bbb93@group-35258A47FD67-LeaderElection6] INFO  server.RaftServerConfigKeys (ConfUtils.java:logGet(46)) - raft.server.read.leader.lease.timeout.ratio = 0.9 (default)
2024-08-19 16:25:00,585 [9b6d9b22-4572-4a82-ae1c-a91d234bbb93@group-35258A47FD67-LeaderElection6] INFO  server.RaftServerConfigKeys (ConfUtils.java:logGet(46)) - raft.server.rpc.timeout.min = 5s (custom)
2024-08-19 16:25:00,585 [9b6d9b22-4572-4a82-ae1c-a91d234bbb93@group-35258A47FD67-LeaderElection6] INFO  server.RaftServerConfigKeys (ConfUtils.java:logGet(46)) - raft.server.log.log-metadata.enabled = true (default)
2024-08-19 16:25:00,585 [9b6d9b22-4572-4a82-ae1c-a91d234bbb93@group-35258A47FD67-LeaderElection6] INFO  server.RaftServerConfigKeys (ConfUtils.java:logGet(46)) - raft.server.write.element-limit = 1024 (custom)
2024-08-19 16:25:00,585 [9b6d9b22-4572-4a82-ae1c-a91d234bbb93@group-35258A47FD67-LeaderElection6] INFO  server.RaftServerConfigKeys (ConfUtils.java:logGet(46)) - raft.server.write.follower.gap.ratio.max = -1.0 (default)
2024-08-19 16:25:00,586 [9b6d9b22-4572-4a82-ae1c-a91d234bbb93@group-35258A47FD67-LeaderElection6] INFO  server.RaftServerConfigKeys (ConfUtils.java:logGet(46)) - raft.server.log.appender.snapshot.chunk.size.max = 16MB (=16777216) (default)
2024-08-19 16:25:00,586 [9b6d9b22-4572-4a82-ae1c-a91d234bbb93@group-35258A47FD67-LeaderElection6] INFO  server.RaftServerConfigKeys (ConfUtils.java:logGet(46)) - raft.server.log.appender.buffer.byte-limit = 8388608 (custom)
2024-08-19 16:25:00,586 [9b6d9b22-4572-4a82-ae1c-a91d234bbb93@group-35258A47FD67-LeaderElection6] INFO  server.RaftServerConfigKeys (ConfUtils.java:logGet(46)) - raft.server.log.appender.buffer.element-limit = 1024 (custom)
2024-08-19 16:25:00,586 [9b6d9b22-4572-4a82-ae1c-a91d234bbb93@group-35258A47FD67-LeaderElection6] INFO  server.RaftServerConfigKeys (ConfUtils.java:logGet(46)) - raft.server.log.appender.wait-time.min = 0μs (custom)
2024-08-19 16:25:00,586 [9b6d9b22-4572-4a82-ae1c-a91d234bbb93@group-35258A47FD67-LeaderElection6] INFO  grpc.GrpcConfigKeys (ConfUtils.java:logGet(46)) - raft.grpc.server.leader.outstanding.appends.max = 8 (default)
2024-08-19 16:25:00,586 [9b6d9b22-4572-4a82-ae1c-a91d234bbb93@group-35258A47FD67-LeaderElection6] INFO  server.RaftServerConfigKeys (ConfUtils.java:logGet(46)) - raft.server.rpc.request.timeout = 60s (custom)
2024-08-19 16:25:00,586 [9b6d9b22-4572-4a82-ae1c-a91d234bbb93@group-35258A47FD67-LeaderElection6] INFO  grpc.GrpcConfigKeys (ConfUtils.java:logGet(46)) - raft.grpc.server.install_snapshot.request.element-limit = 8 (default)
2024-08-19 16:25:00,586 [9b6d9b22-4572-4a82-ae1c-a91d234bbb93@group-35258A47FD67-LeaderElection6] INFO  grpc.GrpcConfigKeys (ConfUtils.java:logGet(46)) - raft.grpc.server.install_snapshot.request.timeout = 3000ms (default)
2024-08-19 16:25:00,587 [9b6d9b22-4572-4a82-ae1c-a91d234bbb93@group-35258A47FD67-LeaderElection6] INFO  grpc.GrpcConfigKeys (ConfUtils.java:logGet(46)) - raft.grpc.server.log-message.batch.duration = 5s (default)
2024-08-19 16:25:00,587 [9b6d9b22-4572-4a82-ae1c-a91d234bbb93@group-35258A47FD67-LeaderElection6] INFO  server.RaftServerConfigKeys (ConfUtils.java:logGet(46)) - raft.server.log.appender.install.snapshot.enabled = false (custom)
2024-08-19 16:25:00,587 [9b6d9b22-4572-4a82-ae1c-a91d234bbb93@group-35258A47FD67-LeaderElection6] INFO  grpc.GrpcConfigKeys (ConfUtils.java:logGet(46)) - raft.grpc.server.heartbeat.channel = true (default)
2024-08-19 16:25:00,591 [9b6d9b22-4572-4a82-ae1c-a91d234bbb93@group-35258A47FD67-LeaderElection6] INFO  server.RaftServerConfigKeys (ConfUtils.java:logGet(46)) - raft.server.log.appender.snapshot.chunk.size.max = 16MB (=16777216) (default)
2024-08-19 16:25:00,592 [ee221735-3b90-4b08-961d-7f24e77247fb-server-thread1] INFO  ratis.XceiverServerRatis (XceiverServerRatis.java:handleLeaderChangedNotification(950)) - Leader change notification received for group: group-896295985C51 with new leaderId: a60155f7-ea69-45b2-947a-1e7e01ad7119
2024-08-19 16:25:00,592 [ee221735-3b90-4b08-961d-7f24e77247fb-server-thread1] INFO  server.RaftServer$Division (ServerState.java:setLeader(272)) - ee221735-3b90-4b08-961d-7f24e77247fb@group-896295985C51: change Leader from null to a60155f7-ea69-45b2-947a-1e7e01ad7119 at term 1 for appendEntries, leader elected after 5065ms
2024-08-19 16:25:00,592 [9b6d9b22-4572-4a82-ae1c-a91d234bbb93@group-35258A47FD67-LeaderElection6] INFO  server.RaftServerConfigKeys (ConfUtils.java:logGet(46)) - raft.server.log.appender.buffer.byte-limit = 8388608 (custom)
2024-08-19 16:25:00,593 [9b6d9b22-4572-4a82-ae1c-a91d234bbb93@group-35258A47FD67-LeaderElection6] INFO  server.RaftServerConfigKeys (ConfUtils.java:logGet(46)) - raft.server.log.appender.buffer.element-limit = 1024 (custom)
2024-08-19 16:25:00,593 [9b6d9b22-4572-4a82-ae1c-a91d234bbb93@group-35258A47FD67-LeaderElection6] INFO  server.RaftServerConfigKeys (ConfUtils.java:logGet(46)) - raft.server.log.appender.wait-time.min = 0μs (custom)
2024-08-19 16:25:00,593 [9b6d9b22-4572-4a82-ae1c-a91d234bbb93@group-35258A47FD67-LeaderElection6] INFO  grpc.GrpcConfigKeys (ConfUtils.java:logGet(46)) - raft.grpc.server.leader.outstanding.appends.max = 8 (default)
2024-08-19 16:25:00,593 [9b6d9b22-4572-4a82-ae1c-a91d234bbb93@group-35258A47FD67-LeaderElection6] INFO  server.RaftServerConfigKeys (ConfUtils.java:logGet(46)) - raft.server.rpc.request.timeout = 60s (custom)
2024-08-19 16:25:00,593 [9b6d9b22-4572-4a82-ae1c-a91d234bbb93@group-35258A47FD67-LeaderElection6] INFO  grpc.GrpcConfigKeys (ConfUtils.java:logGet(46)) - raft.grpc.server.install_snapshot.request.element-limit = 8 (default)
2024-08-19 16:25:00,593 [9b6d9b22-4572-4a82-ae1c-a91d234bbb93@group-35258A47FD67-LeaderElection6] INFO  grpc.GrpcConfigKeys (ConfUtils.java:logGet(46)) - raft.grpc.server.install_snapshot.request.timeout = 3000ms (default)
2024-08-19 16:25:00,594 [9b6d9b22-4572-4a82-ae1c-a91d234bbb93@group-35258A47FD67-LeaderElection6] INFO  grpc.GrpcConfigKeys (ConfUtils.java:logGet(46)) - raft.grpc.server.log-message.batch.duration = 5s (default)
2024-08-19 16:25:00,594 [9b6d9b22-4572-4a82-ae1c-a91d234bbb93@group-35258A47FD67-LeaderElection6] INFO  server.RaftServerConfigKeys (ConfUtils.java:logGet(46)) - raft.server.log.appender.install.snapshot.enabled = false (custom)
2024-08-19 16:25:00,594 [9b6d9b22-4572-4a82-ae1c-a91d234bbb93@group-35258A47FD67-LeaderElection6] INFO  grpc.GrpcConfigKeys (ConfUtils.java:logGet(46)) - raft.grpc.server.heartbeat.channel = true (default)
2024-08-19 16:25:00,594 [9b6d9b22-4572-4a82-ae1c-a91d234bbb93@group-35258A47FD67-LeaderElection6] INFO  impl.RoleInfo (RoleInfo.java:updateAndGet(148)) - 9b6d9b22-4572-4a82-ae1c-a91d234bbb93: start 9b6d9b22-4572-4a82-ae1c-a91d234bbb93@group-35258A47FD67-LeaderStateImpl
2024-08-19 16:25:00,594 [9b6d9b22-4572-4a82-ae1c-a91d234bbb93@group-35258A47FD67-LeaderElection6] INFO  server.RaftServer$Division (RaftServerImpl.java:setFirstElection(549)) - 9b6d9b22-4572-4a82-ae1c-a91d234bbb93@group-35258A47FD67: set firstElectionSinceStartup to false for becomeLeader
2024-08-19 16:25:00,594 [9b6d9b22-4572-4a82-ae1c-a91d234bbb93@group-35258A47FD67-LeaderElection6] INFO  ratis.XceiverServerRatis (XceiverServerRatis.java:handleLeaderChangedNotification(950)) - Leader change notification received for group: group-35258A47FD67 with new leaderId: 9b6d9b22-4572-4a82-ae1c-a91d234bbb93
2024-08-19 16:25:00,594 [9b6d9b22-4572-4a82-ae1c-a91d234bbb93@group-35258A47FD67-LeaderElection6] INFO  server.RaftServer$Division (ServerState.java:setLeader(272)) - 9b6d9b22-4572-4a82-ae1c-a91d234bbb93@group-35258A47FD67: change Leader from null to 9b6d9b22-4572-4a82-ae1c-a91d234bbb93 at term 1 for becomeLeader, leader elected after 5221ms
2024-08-19 16:25:00,595 [9b6d9b22-4572-4a82-ae1c-a91d234bbb93@group-35258A47FD67-LeaderElection6] INFO  segmented.SegmentedRaftLogWorker (SegmentedRaftLogWorker.java:startLogSegment(433)) - 9b6d9b22-4572-4a82-ae1c-a91d234bbb93@group-35258A47FD67-SegmentedRaftLogWorker: Starting segment from index:0
2024-08-19 16:25:00,595 [9b6d9b22-4572-4a82-ae1c-a91d234bbb93@group-35258A47FD67-LeaderElection6] INFO  server.RaftServer$Division (ServerState.java:setRaftConf(386)) - 9b6d9b22-4572-4a82-ae1c-a91d234bbb93@group-35258A47FD67: set configuration conf: {index: 0, cur=peers:[a60155f7-ea69-45b2-947a-1e7e01ad7119|127.0.0.1:15012, 9b6d9b22-4572-4a82-ae1c-a91d234bbb93|127.0.0.1:15021, ee221735-3b90-4b08-961d-7f24e77247fb|127.0.0.1:15030]|listeners:[], old=null}
2024-08-19 16:25:00,595 [9b6d9b22-4572-4a82-ae1c-a91d234bbb93@group-35258A47FD67-SegmentedRaftLogWorker] INFO  segmented.BufferedWriteChannel (BufferedWriteChannel.java:open(61)) - open log_inprogress_0 at position 0
2024-08-19 16:25:00,597 [EventQueue-PipelineReportForPipelineReportHandler] INFO  pipeline.PipelineReportHandler (PipelineReportHandler.java:processPipelineReport(136)) - Opened pipeline PipelineID=4abc10ae-f4de-4bb7-9f1e-35258a47fd67
2024-08-19 16:25:00,604 [9b6d9b22-4572-4a82-ae1c-a91d234bbb93-server-thread1] INFO  ratis.XceiverServerRatis (XceiverServerRatis.java:handleLeaderChangedNotification(950)) - Leader change notification received for group: group-896295985C51 with new leaderId: a60155f7-ea69-45b2-947a-1e7e01ad7119
2024-08-19 16:25:00,604 [9b6d9b22-4572-4a82-ae1c-a91d234bbb93-server-thread1] INFO  server.RaftServer$Division (ServerState.java:setLeader(272)) - 9b6d9b22-4572-4a82-ae1c-a91d234bbb93@group-896295985C51: change Leader from null to a60155f7-ea69-45b2-947a-1e7e01ad7119 at term 1 for appendEntries, leader elected after 5130ms
2024-08-19 16:25:00,607 [9b6d9b22-4572-4a82-ae1c-a91d234bbb93@group-35258A47FD67-SegmentedRaftLogWorker] INFO  segmented.SegmentedRaftLogWorker (SegmentedRaftLogWorker.java:execute(637)) - 9b6d9b22-4572-4a82-ae1c-a91d234bbb93@group-35258A47FD67-SegmentedRaftLogWorker: created new log segment /home/runner/work/ozone/ozone/hadoop-ozone/integration-test/target/test-dir/MiniOzoneClusterImpl-37a79142-3d3b-4256-8e35-bf5503c8d171/ozone-meta/datanode-2/ratis/4abc10ae-f4de-4bb7-9f1e-35258a47fd67/current/log_inprogress_0
2024-08-19 16:25:00,618 [ee221735-3b90-4b08-961d-7f24e77247fb-server-thread1] INFO  server.RaftServer$Division (ServerState.java:setRaftConf(386)) - ee221735-3b90-4b08-961d-7f24e77247fb@group-896295985C51: set configuration conf: {index: 0, cur=peers:[a60155f7-ea69-45b2-947a-1e7e01ad7119|127.0.0.1:15012, 9b6d9b22-4572-4a82-ae1c-a91d234bbb93|127.0.0.1:15021, ee221735-3b90-4b08-961d-7f24e77247fb|127.0.0.1:15030]|listeners:[], old=null}
2024-08-19 16:25:00,619 [ee221735-3b90-4b08-961d-7f24e77247fb-server-thread1] INFO  segmented.SegmentedRaftLogWorker (SegmentedRaftLogWorker.java:startLogSegment(433)) - ee221735-3b90-4b08-961d-7f24e77247fb@group-896295985C51-SegmentedRaftLogWorker: Starting segment from index:0
2024-08-19 16:25:00,620 [ee221735-3b90-4b08-961d-7f24e77247fb@group-896295985C51-SegmentedRaftLogWorker] INFO  segmented.BufferedWriteChannel (BufferedWriteChannel.java:open(61)) - open log_inprogress_0 at position 0
2024-08-19 16:25:00,626 [ee221735-3b90-4b08-961d-7f24e77247fb-server-thread1] INFO  ratis.XceiverServerRatis (XceiverServerRatis.java:handleLeaderChangedNotification(950)) - Leader change notification received for group: group-35258A47FD67 with new leaderId: 9b6d9b22-4572-4a82-ae1c-a91d234bbb93
2024-08-19 16:25:00,627 [ee221735-3b90-4b08-961d-7f24e77247fb-server-thread1] INFO  server.RaftServer$Division (ServerState.java:setLeader(272)) - ee221735-3b90-4b08-961d-7f24e77247fb@group-35258A47FD67: change Leader from null to 9b6d9b22-4572-4a82-ae1c-a91d234bbb93 at term 1 for appendEntries, leader elected after 5322ms
2024-08-19 16:25:00,628 [a60155f7-ea69-45b2-947a-1e7e01ad7119-server-thread1] INFO  ratis.XceiverServerRatis (XceiverServerRatis.java:handleLeaderChangedNotification(950)) - Leader change notification received for group: group-35258A47FD67 with new leaderId: 9b6d9b22-4572-4a82-ae1c-a91d234bbb93
2024-08-19 16:25:00,628 [a60155f7-ea69-45b2-947a-1e7e01ad7119-server-thread1] INFO  server.RaftServer$Division (ServerState.java:setLeader(272)) - a60155f7-ea69-45b2-947a-1e7e01ad7119@group-35258A47FD67: change Leader from null to 9b6d9b22-4572-4a82-ae1c-a91d234bbb93 at term 1 for appendEntries, leader elected after 5595ms
2024-08-19 16:25:00,629 [a60155f7-ea69-45b2-947a-1e7e01ad7119-server-thread2] INFO  server.RaftServer$Division (ServerState.java:setRaftConf(386)) - a60155f7-ea69-45b2-947a-1e7e01ad7119@group-35258A47FD67: set configuration conf: {index: 0, cur=peers:[a60155f7-ea69-45b2-947a-1e7e01ad7119|127.0.0.1:15012, 9b6d9b22-4572-4a82-ae1c-a91d234bbb93|127.0.0.1:15021, ee221735-3b90-4b08-961d-7f24e77247fb|127.0.0.1:15030]|listeners:[], old=null}
2024-08-19 16:25:00,629 [a60155f7-ea69-45b2-947a-1e7e01ad7119-server-thread2] INFO  segmented.SegmentedRaftLogWorker (SegmentedRaftLogWorker.java:startLogSegment(433)) - a60155f7-ea69-45b2-947a-1e7e01ad7119@group-35258A47FD67-SegmentedRaftLogWorker: Starting segment from index:0
2024-08-19 16:25:00,629 [a60155f7-ea69-45b2-947a-1e7e01ad7119@group-35258A47FD67-SegmentedRaftLogWorker] INFO  segmented.BufferedWriteChannel (BufferedWriteChannel.java:open(61)) - open log_inprogress_0 at position 0
2024-08-19 16:25:00,632 [9b6d9b22-4572-4a82-ae1c-a91d234bbb93-server-thread2] INFO  server.RaftServer$Division (ServerState.java:setRaftConf(386)) - 9b6d9b22-4572-4a82-ae1c-a91d234bbb93@group-896295985C51: set configuration conf: {index: 0, cur=peers:[a60155f7-ea69-45b2-947a-1e7e01ad7119|127.0.0.1:15012, 9b6d9b22-4572-4a82-ae1c-a91d234bbb93|127.0.0.1:15021, ee221735-3b90-4b08-961d-7f24e77247fb|127.0.0.1:15030]|listeners:[], old=null}
2024-08-19 16:25:00,632 [9b6d9b22-4572-4a82-ae1c-a91d234bbb93-server-thread2] INFO  segmented.SegmentedRaftLogWorker (SegmentedRaftLogWorker.java:startLogSegment(433)) - 9b6d9b22-4572-4a82-ae1c-a91d234bbb93@group-896295985C51-SegmentedRaftLogWorker: Starting segment from index:0
2024-08-19 16:25:00,633 [9b6d9b22-4572-4a82-ae1c-a91d234bbb93@group-896295985C51-SegmentedRaftLogWorker] INFO  segmented.BufferedWriteChannel (BufferedWriteChannel.java:open(61)) - open log_inprogress_0 at position 0
2024-08-19 16:25:00,639 [ee221735-3b90-4b08-961d-7f24e77247fb@group-896295985C51-SegmentedRaftLogWorker] INFO  segmented.SegmentedRaftLogWorker (SegmentedRaftLogWorker.java:execute(637)) - ee221735-3b90-4b08-961d-7f24e77247fb@group-896295985C51-SegmentedRaftLogWorker: created new log segment /home/runner/work/ozone/ozone/hadoop-ozone/integration-test/target/test-dir/MiniOzoneClusterImpl-37a79142-3d3b-4256-8e35-bf5503c8d171/ozone-meta/datanode-3/ratis/d809d9bb-bbf8-4a73-864b-896295985c51/current/log_inprogress_0
2024-08-19 16:25:00,641 [ee221735-3b90-4b08-961d-7f24e77247fb-server-thread2] INFO  server.RaftServer$Division (ServerState.java:setRaftConf(386)) - ee221735-3b90-4b08-961d-7f24e77247fb@group-35258A47FD67: set configuration conf: {index: 0, cur=peers:[a60155f7-ea69-45b2-947a-1e7e01ad7119|127.0.0.1:15012, 9b6d9b22-4572-4a82-ae1c-a91d234bbb93|127.0.0.1:15021, ee221735-3b90-4b08-961d-7f24e77247fb|127.0.0.1:15030]|listeners:[], old=null}
2024-08-19 16:25:00,642 [ee221735-3b90-4b08-961d-7f24e77247fb-server-thread2] INFO  segmented.SegmentedRaftLogWorker (SegmentedRaftLogWorker.java:startLogSegment(433)) - ee221735-3b90-4b08-961d-7f24e77247fb@group-35258A47FD67-SegmentedRaftLogWorker: Starting segment from index:0
2024-08-19 16:25:00,642 [ee221735-3b90-4b08-961d-7f24e77247fb@group-35258A47FD67-SegmentedRaftLogWorker] INFO  segmented.BufferedWriteChannel (BufferedWriteChannel.java:open(61)) - open log_inprogress_0 at position 0
2024-08-19 16:25:00,647 [a60155f7-ea69-45b2-947a-1e7e01ad7119@group-35258A47FD67-SegmentedRaftLogWorker] INFO  segmented.SegmentedRaftLogWorker (SegmentedRaftLogWorker.java:execute(637)) - a60155f7-ea69-45b2-947a-1e7e01ad7119@group-35258A47FD67-SegmentedRaftLogWorker: created new log segment /home/runner/work/ozone/ozone/hadoop-ozone/integration-test/target/test-dir/MiniOzoneClusterImpl-37a79142-3d3b-4256-8e35-bf5503c8d171/ozone-meta/datanode-1/ratis/4abc10ae-f4de-4bb7-9f1e-35258a47fd67/current/log_inprogress_0
2024-08-19 16:25:00,647 [9b6d9b22-4572-4a82-ae1c-a91d234bbb93@group-896295985C51-SegmentedRaftLogWorker] INFO  segmented.SegmentedRaftLogWorker (SegmentedRaftLogWorker.java:execute(637)) - 9b6d9b22-4572-4a82-ae1c-a91d234bbb93@group-896295985C51-SegmentedRaftLogWorker: created new log segment /home/runner/work/ozone/ozone/hadoop-ozone/integration-test/target/test-dir/MiniOzoneClusterImpl-37a79142-3d3b-4256-8e35-bf5503c8d171/ozone-meta/datanode-2/ratis/d809d9bb-bbf8-4a73-864b-896295985c51/current/log_inprogress_0
2024-08-19 16:25:00,654 [a60155f7-ea69-45b2-947a-1e7e01ad7119@group-896295985C51-StateMachineUpdater] INFO  server.RaftServer$Division (LeaderStateImpl.java:checkStartIndex(316)) - Leader a60155f7-ea69-45b2-947a-1e7e01ad7119@group-896295985C51-LeaderStateImpl is ready since appliedIndex == startIndex == 0
2024-08-19 16:25:00,656 [ee221735-3b90-4b08-961d-7f24e77247fb@group-35258A47FD67-SegmentedRaftLogWorker] INFO  segmented.SegmentedRaftLogWorker (SegmentedRaftLogWorker.java:execute(637)) - ee221735-3b90-4b08-961d-7f24e77247fb@group-35258A47FD67-SegmentedRaftLogWorker: created new log segment /home/runner/work/ozone/ozone/hadoop-ozone/integration-test/target/test-dir/MiniOzoneClusterImpl-37a79142-3d3b-4256-8e35-bf5503c8d171/ozone-meta/datanode-3/ratis/4abc10ae-f4de-4bb7-9f1e-35258a47fd67/current/log_inprogress_0
2024-08-19 16:25:00,656 [9b6d9b22-4572-4a82-ae1c-a91d234bbb93@group-35258A47FD67-StateMachineUpdater] INFO  server.RaftServer$Division (LeaderStateImpl.java:checkStartIndex(316)) - Leader 9b6d9b22-4572-4a82-ae1c-a91d234bbb93@group-35258A47FD67-LeaderStateImpl is ready since appliedIndex == startIndex == 0
2024-08-19 16:25:00,810 [main] INFO  ozone.MiniOzoneClusterImpl (MiniOzoneClusterImpl.java:lambda$waitForClusterToBeReady$0(198)) - Nodes are ready. Got 3 of 3 DN Heartbeats.
2024-08-19 16:25:00,810 [main] INFO  ozone.MiniOzoneClusterImpl (MiniOzoneClusterImpl.java:lambda$waitForClusterToBeReady$0(201)) - Cluster exits safe mode
2024-08-19 16:25:00,810 [main] INFO  ozone.MiniOzoneClusterImpl (MiniOzoneClusterImpl.java:lambda$waitForClusterToBeReady$0(203)) - SCM became leader
2024-08-19 16:25:00,891 [ee221735-3b90-4b08-961d-7f24e77247fb@group-F997C8BC0171-FollowerState] INFO  impl.FollowerState (FollowerState.java:run(144)) - ee221735-3b90-4b08-961d-7f24e77247fb@group-F997C8BC0171-FollowerState: change to CANDIDATE, lastRpcElapsedTime:5052742515ns, electionTimeout:5052ms
2024-08-19 16:25:00,891 [ee221735-3b90-4b08-961d-7f24e77247fb@group-F997C8BC0171-FollowerState] INFO  impl.RoleInfo (RoleInfo.java:shutdownFollowerState(119)) - ee221735-3b90-4b08-961d-7f24e77247fb: shutdown ee221735-3b90-4b08-961d-7f24e77247fb@group-F997C8BC0171-FollowerState
2024-08-19 16:25:00,891 [ee221735-3b90-4b08-961d-7f24e77247fb@group-F997C8BC0171-FollowerState] INFO  server.RaftServer$Division (RaftServerImpl.java:setRole(376)) - ee221735-3b90-4b08-961d-7f24e77247fb@group-F997C8BC0171: changes role from  FOLLOWER to CANDIDATE at term 0 for changeToCandidate
2024-08-19 16:25:00,891 [ee221735-3b90-4b08-961d-7f24e77247fb@group-F997C8BC0171-FollowerState] INFO  server.RaftServerConfigKeys (ConfUtils.java:logGet(46)) - raft.server.leaderelection.pre-vote = true (default)
2024-08-19 16:25:00,891 [ee221735-3b90-4b08-961d-7f24e77247fb@group-F997C8BC0171-FollowerState] INFO  impl.RoleInfo (RoleInfo.java:updateAndGet(148)) - ee221735-3b90-4b08-961d-7f24e77247fb: start ee221735-3b90-4b08-961d-7f24e77247fb@group-F997C8BC0171-LeaderElection7
2024-08-19 16:25:00,892 [ee221735-3b90-4b08-961d-7f24e77247fb@group-F997C8BC0171-LeaderElection7] INFO  impl.LeaderElection (LeaderElection.java:askForVotes(321)) - ee221735-3b90-4b08-961d-7f24e77247fb@group-F997C8BC0171-LeaderElection7 PRE_VOTE round 0: submit vote requests at term 0 for conf: {index: -1, cur=peers:[ee221735-3b90-4b08-961d-7f24e77247fb|127.0.0.1:15030]|listeners:[], old=null}
2024-08-19 16:25:00,893 [ee221735-3b90-4b08-961d-7f24e77247fb@group-F997C8BC0171-LeaderElection7] INFO  impl.LeaderElection (LeaderElection.java:askForVotes(323)) - ee221735-3b90-4b08-961d-7f24e77247fb@group-F997C8BC0171-LeaderElection7 PRE_VOTE round 0: result PASSED (term=0)
2024-08-19 16:25:00,894 [ee221735-3b90-4b08-961d-7f24e77247fb@group-F997C8BC0171-LeaderElection7] INFO  impl.LeaderElection (LeaderElection.java:askForVotes(321)) - ee221735-3b90-4b08-961d-7f24e77247fb@group-F997C8BC0171-LeaderElection7 ELECTION round 0: submit vote requests at term 1 for conf: {index: -1, cur=peers:[ee221735-3b90-4b08-961d-7f24e77247fb|127.0.0.1:15030]|listeners:[], old=null}
2024-08-19 16:25:00,894 [ee221735-3b90-4b08-961d-7f24e77247fb@group-F997C8BC0171-LeaderElection7] INFO  impl.LeaderElection (LeaderElection.java:askForVotes(323)) - ee221735-3b90-4b08-961d-7f24e77247fb@group-F997C8BC0171-LeaderElection7 ELECTION round 0: result PASSED (term=1)
2024-08-19 16:25:00,895 [ee221735-3b90-4b08-961d-7f24e77247fb@group-F997C8BC0171-LeaderElection7] INFO  impl.RoleInfo (RoleInfo.java:shutdownLeaderElection(139)) - ee221735-3b90-4b08-961d-7f24e77247fb: shutdown ee221735-3b90-4b08-961d-7f24e77247fb@group-F997C8BC0171-LeaderElection7
2024-08-19 16:25:00,895 [ee221735-3b90-4b08-961d-7f24e77247fb@group-F997C8BC0171-LeaderElection7] INFO  server.RaftServer$Division (RaftServerImpl.java:setRole(376)) - ee221735-3b90-4b08-961d-7f24e77247fb@group-F997C8BC0171: changes role from CANDIDATE to LEADER at term 1 for changeToLeader
2024-08-19 16:25:00,895 [ee221735-3b90-4b08-961d-7f24e77247fb@group-F997C8BC0171-LeaderElection7] INFO  server.RaftServerConfigKeys (ConfUtils.java:logGet(46)) - raft.server.staging.catchup.gap = 1000 (default)
2024-08-19 16:25:00,896 [ee221735-3b90-4b08-961d-7f24e77247fb@group-F997C8BC0171-LeaderElection7] INFO  server.RaftServerConfigKeys (ConfUtils.java:logGet(46)) - raft.server.write.element-limit = 1024 (custom)
2024-08-19 16:25:00,896 [ee221735-3b90-4b08-961d-7f24e77247fb@group-F997C8BC0171-LeaderElection7] INFO  server.RaftServerConfigKeys (ConfUtils.java:logGet(46)) - raft.server.write.byte-limit = 1024 M (=1073741824) (custom)
2024-08-19 16:25:00,896 [ee221735-3b90-4b08-961d-7f24e77247fb@group-F997C8BC0171-LeaderElection7] INFO  server.RaftServerConfigKeys (ConfUtils.java:logGet(46)) - raft.server.watch.timeout = 30s (custom)
2024-08-19 16:25:00,896 [ee221735-3b90-4b08-961d-7f24e77247fb@group-F997C8BC0171-LeaderElection7] INFO  server.RaftServerConfigKeys (ConfUtils.java:logGet(46)) - raft.server.watch.timeout.denomination = 1s (default)
2024-08-19 16:25:00,897 [ee221735-3b90-4b08-961d-7f24e77247fb@group-F997C8BC0171-LeaderElection7] INFO  server.RaftServerConfigKeys (ConfUtils.java:logGet(46)) - raft.server.watch.element-limit = 65536 (default)
2024-08-19 16:25:00,897 [ee221735-3b90-4b08-961d-7f24e77247fb@group-F997C8BC0171-LeaderElection7] INFO  server.RaftServerConfigKeys (ConfUtils.java:logGet(46)) - raft.server.read.leader.lease.enabled = false (default)
2024-08-19 16:25:00,897 [ee221735-3b90-4b08-961d-7f24e77247fb@group-F997C8BC0171-LeaderElection7] INFO  server.RaftServerConfigKeys (ConfUtils.java:logGet(46)) - raft.server.read.leader.lease.timeout.ratio = 0.9 (default)
2024-08-19 16:25:00,897 [ee221735-3b90-4b08-961d-7f24e77247fb@group-F997C8BC0171-LeaderElection7] INFO  server.RaftServerConfigKeys (ConfUtils.java:logGet(46)) - raft.server.rpc.timeout.min = 5s (custom)
2024-08-19 16:25:00,897 [ee221735-3b90-4b08-961d-7f24e77247fb@group-F997C8BC0171-LeaderElection7] INFO  server.RaftServerConfigKeys (ConfUtils.java:logGet(46)) - raft.server.log.log-metadata.enabled = true (default)
2024-08-19 16:25:00,897 [ee221735-3b90-4b08-961d-7f24e77247fb@group-F997C8BC0171-LeaderElection7] INFO  server.RaftServerConfigKeys (ConfUtils.java:logGet(46)) - raft.server.write.element-limit = 1024 (custom)
2024-08-19 16:25:00,897 [ee221735-3b90-4b08-961d-7f24e77247fb@group-F997C8BC0171-LeaderElection7] INFO  server.RaftServerConfigKeys (ConfUtils.java:logGet(46)) - raft.server.write.follower.gap.ratio.max = -1.0 (default)
2024-08-19 16:25:00,898 [ee221735-3b90-4b08-961d-7f24e77247fb@group-F997C8BC0171-LeaderElection7] INFO  impl.RoleInfo (RoleInfo.java:updateAndGet(148)) - ee221735-3b90-4b08-961d-7f24e77247fb: start ee221735-3b90-4b08-961d-7f24e77247fb@group-F997C8BC0171-LeaderStateImpl
2024-08-19 16:25:00,898 [ee221735-3b90-4b08-961d-7f24e77247fb@group-F997C8BC0171-LeaderElection7] INFO  server.RaftServer$Division (RaftServerImpl.java:setFirstElection(549)) - ee221735-3b90-4b08-961d-7f24e77247fb@group-F997C8BC0171: set firstElectionSinceStartup to false for becomeLeader
2024-08-19 16:25:00,898 [ee221735-3b90-4b08-961d-7f24e77247fb@group-F997C8BC0171-LeaderElection7] INFO  ratis.XceiverServerRatis (XceiverServerRatis.java:handleLeaderChangedNotification(950)) - Leader change notification received for group: group-F997C8BC0171 with new leaderId: ee221735-3b90-4b08-961d-7f24e77247fb
2024-08-19 16:25:00,898 [ee221735-3b90-4b08-961d-7f24e77247fb@group-F997C8BC0171-LeaderElection7] INFO  server.RaftServer$Division (ServerState.java:setLeader(272)) - ee221735-3b90-4b08-961d-7f24e77247fb@group-F997C8BC0171: change Leader from null to ee221735-3b90-4b08-961d-7f24e77247fb at term 1 for becomeLeader, leader elected after 5075ms
2024-08-19 16:25:00,898 [ee221735-3b90-4b08-961d-7f24e77247fb@group-F997C8BC0171-LeaderElection7] INFO  segmented.SegmentedRaftLogWorker (SegmentedRaftLogWorker.java:startLogSegment(433)) - ee221735-3b90-4b08-961d-7f24e77247fb@group-F997C8BC0171-SegmentedRaftLogWorker: Starting segment from index:0
2024-08-19 16:25:00,899 [ee221735-3b90-4b08-961d-7f24e77247fb@group-F997C8BC0171-LeaderElection7] INFO  server.RaftServer$Division (ServerState.java:setRaftConf(386)) - ee221735-3b90-4b08-961d-7f24e77247fb@group-F997C8BC0171: set configuration conf: {index: 0, cur=peers:[ee221735-3b90-4b08-961d-7f24e77247fb|127.0.0.1:15030]|listeners:[], old=null}
2024-08-19 16:25:00,899 [ee221735-3b90-4b08-961d-7f24e77247fb@group-F997C8BC0171-SegmentedRaftLogWorker] INFO  segmented.BufferedWriteChannel (BufferedWriteChannel.java:open(61)) - open log_inprogress_0 at position 0
2024-08-19 16:25:00,915 [ee221735-3b90-4b08-961d-7f24e77247fb@group-F997C8BC0171-SegmentedRaftLogWorker] INFO  segmented.SegmentedRaftLogWorker (SegmentedRaftLogWorker.java:execute(637)) - ee221735-3b90-4b08-961d-7f24e77247fb@group-F997C8BC0171-SegmentedRaftLogWorker: created new log segment /home/runner/work/ozone/ozone/hadoop-ozone/integration-test/target/test-dir/MiniOzoneClusterImpl-37a79142-3d3b-4256-8e35-bf5503c8d171/ozone-meta/datanode-3/ratis/177ddd54-7c1e-4413-ba15-f997c8bc0171/current/log_inprogress_0
2024-08-19 16:25:00,917 [ee221735-3b90-4b08-961d-7f24e77247fb@group-F997C8BC0171-StateMachineUpdater] INFO  server.RaftServer$Division (LeaderStateImpl.java:checkStartIndex(316)) - Leader ee221735-3b90-4b08-961d-7f24e77247fb@group-F997C8BC0171-LeaderStateImpl is ready since appliedIndex == startIndex == 0
2024-08-19 16:25:01,123 [main] INFO  utils.BackgroundService (BackgroundService.java:shutdown(163)) - Shutting down service KeyDeletingService
2024-08-19 16:25:01,123 [main] INFO  utils.BackgroundService (BackgroundService.java:shutdown(163)) - Shutting down service DirectoryDeletingService
2024-08-19 16:25:01,123 [main] INFO  utils.BackgroundService (BackgroundService.java:shutdown(163)) - Shutting down service OpenKeyCleanupService
2024-08-19 16:25:01,124 [main] INFO  utils.BackgroundService (BackgroundService.java:shutdown(163)) - Shutting down service SstFilteringService
2024-08-19 16:25:01,124 [main] INFO  utils.BackgroundService (BackgroundService.java:shutdown(163)) - Shutting down service SnapshotDeletingService
2024-08-19 16:25:01,124 [main] INFO  utils.BackgroundService (BackgroundService.java:shutdown(163)) - Shutting down service MultipartUploadCleanupService
2024-08-19 16:25:01,125 [main] INFO  utils.BackgroundService (BackgroundService.java:shutdown(163)) - Shutting down service SnapshotDirectoryCleaningService
2024-08-19 16:25:01,125 [main] WARN  server.ServerUtils (ServerUtils.java:getDBPath(299)) - ozone.om.db.dirs is not configured. We recommend adding this setting. Falling back to ozone.metadata.dirs instead.
2024-08-19 16:25:01,183 [main] INFO  rpc.RpcClient (RpcClient.java:createVolume(474)) - Creating Volume: volume-52178455941899018929254978610833, with admin as owner and space quota set to -1 bytes, counts quota set to -1
2024-08-19 16:25:01,216 [omNode-1-OMStateMachineApplyTransactionThread - 0] INFO  volume.OMVolumeCreateRequest (OMVolumeCreateRequest.java:validateAndUpdateCache(198)) - created volume:volume-52178455941899018929254978610833 for user:admin
2024-08-19 16:25:01,225 [main] INFO  rpc.RpcClient (RpcClient.java:createBucket(700)) - Creating Bucket: volume-52178455941899018929254978610833/bucket-51862450796109267403228661329883, with bucket layout FILE_SYSTEM_OPTIMIZED, admin as owner, Versioning false, Storage Type set to DISK and Encryption set to false, Replication Type set to server-side default replication type, Namespace Quota set to -1, Space Quota set to -1 
2024-08-19 16:25:01,237 [omNode-1-OMStateMachineApplyTransactionThread - 0] INFO  bucket.OMBucketCreateRequest (OMBucketCreateRequest.java:validateAndUpdateCache(293)) - created bucket: bucket-51862450796109267403228661329883 of layout FILE_SYSTEM_OPTIMIZED in volume: volume-52178455941899018929254978610833
2024-08-19 16:25:01,286 [IPC Server handler 15 on default port 15001] INFO  ha.SequenceIdGenerator (SequenceIdGenerator.java:getNextId(144)) - Allocate a batch for containerId, change lastId from 0 to 1000.
2024-08-19 16:25:01,292 [IPC Server handler 15 on default port 15001] WARN  ha.SequenceIdGenerator (SequenceIdGenerator.java:allocateBatch(257)) - Failed to allocate a batch for localId, expected lastId is 0, actual lastId is 113750153625600000.
2024-08-19 16:25:01,292 [IPC Server handler 15 on default port 15001] INFO  ha.SequenceIdGenerator (SequenceIdGenerator.java:getNextId(144)) - Allocate a batch for localId, change lastId from 113750153625600000 to 113750153625601000.
2024-08-19 16:25:01,327 [main] INFO  io.KeyOutputStreamSemaphore (KeyOutputStreamSemaphore.java:<init>(35)) - Initializing semaphore with maxConcurrentWritePerKey = 1
2024-08-19 16:25:01,355 [main] INFO  impl.MetricsSystemImpl (MetricsSystemImpl.java:init(158)) - XceiverClientMetrics metrics system started (again)
2024-08-19 16:25:01,669 [omNode-1-OMStateMachineApplyTransactionThread - 0] WARN  snapshot.OMSnapshotCreateRequest (OMSnapshotCreateRequest.java:estimateBucketDataSize(337)) - DefaultReplicationConfig is not correctly set in OmBucketInfo for volume 'volume-52178455941899018929254978610833' bucket 'bucket-51862450796109267403228661329883'. Falling back to config default 'RATIS/THREE'
2024-08-19 16:25:01,676 [omNode-1-OMStateMachineApplyTransactionThread - 0] INFO  snapshot.OMSnapshotCreateRequest (OMSnapshotCreateRequest.java:validateAndUpdateCache(218)) - Created snapshot: 'snapshot-78042700813407872788534499852857' with snapshotId: 'fd5cffe0-362b-40e6-9032-d819d65ccb9e' under path 'volume-52178455941899018929254978610833/bucket-51862450796109267403228661329883'
2024-08-19 16:25:01,678 [main] WARN  server.ServerUtils (ServerUtils.java:getDBPath(299)) - ozone.om.db.dirs is not configured. We recommend adding this setting. Falling back to ozone.metadata.dirs instead.
2024-08-19 16:25:21,608 [main] INFO  db.RDBCheckpointUtils (RDBCheckpointUtils.java:waitForCheckpointDirectoryExist(51)) - Checkpoint directory: 20 didn't get created in /home/runner/work/ozone/ozone/hadoop-ozone/integration-test/target/test-dir/MiniOzoneClusterImpl-37a79142-3d3b-4256-8e35-bf5503c8d171/omNode-1/db.snapshots/checkpointState/om.db-fd5cffe0-362b-40e6-9032-d819d65ccb9e secs.
]]></system-out>
  </testcase>
  <testcase name="testLookupKeyWithNotAllowedUserForPrefixAcl(BucketLayout)[2]" classname="org.apache.hadoop.ozone.om.snapshot.TestOzoneManagerSnapshotAcl" time="20.018">
    <error type="java.io.IOException"><![CDATA[java.io.IOException: snapshot directory doesn't exist
	at org.apache.hadoop.ozone.om.snapshot.TestOzoneManagerSnapshotAcl.createSnapshot(TestOzoneManagerSnapshotAcl.java:591)
	at org.apache.hadoop.ozone.om.snapshot.TestOzoneManagerSnapshotAcl.testLookupKeyWithNotAllowedUserForPrefixAcl(TestOzoneManagerSnapshotAcl.java:424)
	at java.base/java.lang.reflect.Method.invoke(Method.java:569)
	at java.base/java.util.stream.ForEachOps$ForEachOp$OfRef.accept(ForEachOps.java:183)
	at java.base/java.util.stream.ReferencePipeline$3$1.accept(ReferencePipeline.java:197)
	at java.base/java.util.stream.ReferencePipeline$2$1.accept(ReferencePipeline.java:179)
	at java.base/java.util.stream.ReferencePipeline$3$1.accept(ReferencePipeline.java:197)
	at java.base/java.util.stream.ForEachOps$ForEachOp$OfRef.accept(ForEachOps.java:183)
	at java.base/java.util.stream.ReferencePipeline$3$1.accept(ReferencePipeline.java:197)
	at java.base/java.util.stream.ReferencePipeline$3$1.accept(ReferencePipeline.java:197)
	at java.base/java.util.stream.ReferencePipeline$3$1.accept(ReferencePipeline.java:197)
	at java.base/java.util.stream.ForEachOps$ForEachOp$OfRef.accept(ForEachOps.java:183)
	at java.base/java.util.stream.ReferencePipeline$3$1.accept(ReferencePipeline.java:197)
	at java.base/java.util.Iterator.forEachRemaining(Iterator.java:133)
	at java.base/java.util.Spliterators$IteratorSpliterator.forEachRemaining(Spliterators.java:1845)
	at java.base/java.util.stream.AbstractPipeline.copyInto(AbstractPipeline.java:509)
	at java.base/java.util.stream.AbstractPipeline.wrapAndCopyInto(AbstractPipeline.java:499)
	at java.base/java.util.stream.ForEachOps$ForEachOp.evaluateSequential(ForEachOps.java:150)
	at java.base/java.util.stream.ForEachOps$ForEachOp$OfRef.evaluateSequential(ForEachOps.java:173)
	at java.base/java.util.stream.AbstractPipeline.evaluate(AbstractPipeline.java:234)
	at java.base/java.util.stream.ReferencePipeline.forEach(ReferencePipeline.java:596)
	at java.base/java.util.stream.ReferencePipeline$7$1.accept(ReferencePipeline.java:276)
	at java.base/java.util.stream.ReferencePipeline$3$1.accept(ReferencePipeline.java:197)
	at java.base/java.util.stream.ReferencePipeline$3$1.accept(ReferencePipeline.java:197)
	at java.base/java.util.stream.ReferencePipeline$3$1.accept(ReferencePipeline.java:197)
	at java.base/java.util.ArrayList$ArrayListSpliterator.forEachRemaining(ArrayList.java:1625)
	at java.base/java.util.stream.AbstractPipeline.copyInto(AbstractPipeline.java:509)
	at java.base/java.util.stream.AbstractPipeline.wrapAndCopyInto(AbstractPipeline.java:499)
	at java.base/java.util.stream.ForEachOps$ForEachOp.evaluateSequential(ForEachOps.java:150)
	at java.base/java.util.stream.ForEachOps$ForEachOp$OfRef.evaluateSequential(ForEachOps.java:173)
	at java.base/java.util.stream.AbstractPipeline.evaluate(AbstractPipeline.java:234)
	at java.base/java.util.stream.ReferencePipeline.forEach(ReferencePipeline.java:596)
	at java.base/java.util.stream.ReferencePipeline$7$1.accept(ReferencePipeline.java:276)
	at java.base/java.util.ArrayList$ArrayListSpliterator.forEachRemaining(ArrayList.java:1625)
	at java.base/java.util.stream.AbstractPipeline.copyInto(AbstractPipeline.java:509)
	at java.base/java.util.stream.AbstractPipeline.wrapAndCopyInto(AbstractPipeline.java:499)
	at java.base/java.util.stream.ForEachOps$ForEachOp.evaluateSequential(ForEachOps.java:150)
	at java.base/java.util.stream.ForEachOps$ForEachOp$OfRef.evaluateSequential(ForEachOps.java:173)
	at java.base/java.util.stream.AbstractPipeline.evaluate(AbstractPipeline.java:234)
	at java.base/java.util.stream.ReferencePipeline.forEach(ReferencePipeline.java:596)
	at java.base/java.util.ArrayList.forEach(ArrayList.java:1511)
	at java.base/java.util.ArrayList.forEach(ArrayList.java:1511)
]]></error>
    <system-out><![CDATA[2024-08-19 16:25:21,626 [main] INFO  rpc.RpcClient (RpcClient.java:createVolume(474)) - Creating Volume: volume-45027329386880913837486841363293, with admin as owner and space quota set to -1 bytes, counts quota set to -1
2024-08-19 16:25:21,630 [omNode-1-OMStateMachineApplyTransactionThread - 0] INFO  volume.OMVolumeCreateRequest (OMVolumeCreateRequest.java:validateAndUpdateCache(198)) - created volume:volume-45027329386880913837486841363293 for user:admin
2024-08-19 16:25:21,632 [main] INFO  rpc.RpcClient (RpcClient.java:createBucket(700)) - Creating Bucket: volume-45027329386880913837486841363293/bucket-54029192594475787216312509563050, with bucket layout OBJECT_STORE, admin as owner, Versioning false, Storage Type set to DISK and Encryption set to false, Replication Type set to server-side default replication type, Namespace Quota set to -1, Space Quota set to -1 
2024-08-19 16:25:21,635 [omNode-1-OMStateMachineApplyTransactionThread - 0] INFO  bucket.OMBucketCreateRequest (OMBucketCreateRequest.java:validateAndUpdateCache(293)) - created bucket: bucket-54029192594475787216312509563050 of layout OBJECT_STORE in volume: volume-45027329386880913837486841363293
2024-08-19 16:25:21,651 [main] INFO  io.KeyOutputStreamSemaphore (KeyOutputStreamSemaphore.java:<init>(35)) - Initializing semaphore with maxConcurrentWritePerKey = 1
2024-08-19 16:25:21,717 [omNode-1-OMStateMachineApplyTransactionThread - 0] WARN  snapshot.OMSnapshotCreateRequest (OMSnapshotCreateRequest.java:estimateBucketDataSize(337)) - DefaultReplicationConfig is not correctly set in OmBucketInfo for volume 'volume-45027329386880913837486841363293' bucket 'bucket-54029192594475787216312509563050'. Falling back to config default 'RATIS/THREE'
2024-08-19 16:25:21,718 [omNode-1-OMStateMachineApplyTransactionThread - 0] INFO  snapshot.OMSnapshotCreateRequest (OMSnapshotCreateRequest.java:validateAndUpdateCache(218)) - Created snapshot: 'snapshot-22240742878519479094665556516259' with snapshotId: '3a2547cb-974f-45fa-9f20-5394c8d42d84' under path 'volume-45027329386880913837486841363293/bucket-54029192594475787216312509563050'
2024-08-19 16:25:21,719 [main] WARN  server.ServerUtils (ServerUtils.java:getDBPath(299)) - ozone.om.db.dirs is not configured. We recommend adding this setting. Falling back to ozone.metadata.dirs instead.
2024-08-19 16:25:41,641 [main] INFO  db.RDBCheckpointUtils (RDBCheckpointUtils.java:waitForCheckpointDirectoryExist(51)) - Checkpoint directory: 20 didn't get created in /home/runner/work/ozone/ozone/hadoop-ozone/integration-test/target/test-dir/MiniOzoneClusterImpl-37a79142-3d3b-4256-8e35-bf5503c8d171/omNode-1/db.snapshots/checkpointState/om.db-3a2547cb-974f-45fa-9f20-5394c8d42d84 secs.
]]></system-out>
  </testcase>
  <testcase name="testLookupKeyWithNotAllowedUserForPrefixAcl(BucketLayout)[3]" classname="org.apache.hadoop.ozone.om.snapshot.TestOzoneManagerSnapshotAcl" time="20.028">
    <error type="java.io.IOException"><![CDATA[java.io.IOException: snapshot directory doesn't exist
	at org.apache.hadoop.ozone.om.snapshot.TestOzoneManagerSnapshotAcl.createSnapshot(TestOzoneManagerSnapshotAcl.java:591)
	at org.apache.hadoop.ozone.om.snapshot.TestOzoneManagerSnapshotAcl.testLookupKeyWithNotAllowedUserForPrefixAcl(TestOzoneManagerSnapshotAcl.java:424)
	at java.base/java.lang.reflect.Method.invoke(Method.java:569)
	at java.base/java.util.stream.ForEachOps$ForEachOp$OfRef.accept(ForEachOps.java:183)
	at java.base/java.util.stream.ReferencePipeline$3$1.accept(ReferencePipeline.java:197)
	at java.base/java.util.stream.ReferencePipeline$2$1.accept(ReferencePipeline.java:179)
	at java.base/java.util.stream.ReferencePipeline$3$1.accept(ReferencePipeline.java:197)
	at java.base/java.util.stream.ForEachOps$ForEachOp$OfRef.accept(ForEachOps.java:183)
	at java.base/java.util.stream.ReferencePipeline$3$1.accept(ReferencePipeline.java:197)
	at java.base/java.util.stream.ReferencePipeline$3$1.accept(ReferencePipeline.java:197)
	at java.base/java.util.stream.ReferencePipeline$3$1.accept(ReferencePipeline.java:197)
	at java.base/java.util.stream.ForEachOps$ForEachOp$OfRef.accept(ForEachOps.java:183)
	at java.base/java.util.stream.ReferencePipeline$3$1.accept(ReferencePipeline.java:197)
	at java.base/java.util.Iterator.forEachRemaining(Iterator.java:133)
	at java.base/java.util.Spliterators$IteratorSpliterator.forEachRemaining(Spliterators.java:1845)
	at java.base/java.util.stream.AbstractPipeline.copyInto(AbstractPipeline.java:509)
	at java.base/java.util.stream.AbstractPipeline.wrapAndCopyInto(AbstractPipeline.java:499)
	at java.base/java.util.stream.ForEachOps$ForEachOp.evaluateSequential(ForEachOps.java:150)
	at java.base/java.util.stream.ForEachOps$ForEachOp$OfRef.evaluateSequential(ForEachOps.java:173)
	at java.base/java.util.stream.AbstractPipeline.evaluate(AbstractPipeline.java:234)
	at java.base/java.util.stream.ReferencePipeline.forEach(ReferencePipeline.java:596)
	at java.base/java.util.stream.ReferencePipeline$7$1.accept(ReferencePipeline.java:276)
	at java.base/java.util.stream.ReferencePipeline$3$1.accept(ReferencePipeline.java:197)
	at java.base/java.util.stream.ReferencePipeline$3$1.accept(ReferencePipeline.java:197)
	at java.base/java.util.stream.ReferencePipeline$3$1.accept(ReferencePipeline.java:197)
	at java.base/java.util.ArrayList$ArrayListSpliterator.forEachRemaining(ArrayList.java:1625)
	at java.base/java.util.stream.AbstractPipeline.copyInto(AbstractPipeline.java:509)
	at java.base/java.util.stream.AbstractPipeline.wrapAndCopyInto(AbstractPipeline.java:499)
	at java.base/java.util.stream.ForEachOps$ForEachOp.evaluateSequential(ForEachOps.java:150)
	at java.base/java.util.stream.ForEachOps$ForEachOp$OfRef.evaluateSequential(ForEachOps.java:173)
	at java.base/java.util.stream.AbstractPipeline.evaluate(AbstractPipeline.java:234)
	at java.base/java.util.stream.ReferencePipeline.forEach(ReferencePipeline.java:596)
	at java.base/java.util.stream.ReferencePipeline$7$1.accept(ReferencePipeline.java:276)
	at java.base/java.util.ArrayList$ArrayListSpliterator.forEachRemaining(ArrayList.java:1625)
	at java.base/java.util.stream.AbstractPipeline.copyInto(AbstractPipeline.java:509)
	at java.base/java.util.stream.AbstractPipeline.wrapAndCopyInto(AbstractPipeline.java:499)
	at java.base/java.util.stream.ForEachOps$ForEachOp.evaluateSequential(ForEachOps.java:150)
	at java.base/java.util.stream.ForEachOps$ForEachOp$OfRef.evaluateSequential(ForEachOps.java:173)
	at java.base/java.util.stream.AbstractPipeline.evaluate(AbstractPipeline.java:234)
	at java.base/java.util.stream.ReferencePipeline.forEach(ReferencePipeline.java:596)
	at java.base/java.util.ArrayList.forEach(ArrayList.java:1511)
	at java.base/java.util.ArrayList.forEach(ArrayList.java:1511)
]]></error>
    <system-out><![CDATA[2024-08-19 16:25:41,659 [main] INFO  rpc.RpcClient (RpcClient.java:createVolume(474)) - Creating Volume: volume-08884845930312004718362834101048, with admin as owner and space quota set to -1 bytes, counts quota set to -1
2024-08-19 16:25:41,663 [omNode-1-OMStateMachineApplyTransactionThread - 0] INFO  volume.OMVolumeCreateRequest (OMVolumeCreateRequest.java:validateAndUpdateCache(198)) - created volume:volume-08884845930312004718362834101048 for user:admin
2024-08-19 16:25:41,665 [main] INFO  rpc.RpcClient (RpcClient.java:createBucket(700)) - Creating Bucket: volume-08884845930312004718362834101048/bucket-25773740225749591896679141013650, with bucket layout LEGACY, admin as owner, Versioning false, Storage Type set to DISK and Encryption set to false, Replication Type set to server-side default replication type, Namespace Quota set to -1, Space Quota set to -1 
2024-08-19 16:25:41,667 [omNode-1-OMStateMachineApplyTransactionThread - 0] INFO  bucket.OMBucketCreateRequest (OMBucketCreateRequest.java:validateAndUpdateCache(293)) - created bucket: bucket-25773740225749591896679141013650 of layout LEGACY in volume: volume-08884845930312004718362834101048
2024-08-19 16:25:41,683 [main] INFO  io.KeyOutputStreamSemaphore (KeyOutputStreamSemaphore.java:<init>(35)) - Initializing semaphore with maxConcurrentWritePerKey = 1
2024-08-19 16:25:41,748 [omNode-1-OMStateMachineApplyTransactionThread - 0] WARN  snapshot.OMSnapshotCreateRequest (OMSnapshotCreateRequest.java:estimateBucketDataSize(337)) - DefaultReplicationConfig is not correctly set in OmBucketInfo for volume 'volume-08884845930312004718362834101048' bucket 'bucket-25773740225749591896679141013650'. Falling back to config default 'RATIS/THREE'
2024-08-19 16:25:41,748 [omNode-1-OMStateMachineApplyTransactionThread - 0] INFO  snapshot.OMSnapshotCreateRequest (OMSnapshotCreateRequest.java:validateAndUpdateCache(218)) - Created snapshot: 'snapshot-52836084205155353245132236321371' with snapshotId: 'b21d906e-d92f-4787-b111-be23ded6d85b' under path 'volume-08884845930312004718362834101048/bucket-25773740225749591896679141013650'
2024-08-19 16:25:41,749 [main] WARN  server.ServerUtils (ServerUtils.java:getDBPath(299)) - ozone.om.db.dirs is not configured. We recommend adding this setting. Falling back to ozone.metadata.dirs instead.
2024-08-19 16:25:50,103 [a60155f7-ea69-45b2-947a-1e7e01ad7119-BlockDeletingService#0] INFO  interfaces.ContainerDeletionChoosingPolicyTemplate (ContainerDeletionChoosingPolicyTemplate.java:chooseContainerForBlockDeletion(85)) - Chosen 0/5000 blocks from 0 candidate containers.
2024-08-19 16:25:50,470 [9b6d9b22-4572-4a82-ae1c-a91d234bbb93-BlockDeletingService#0] INFO  interfaces.ContainerDeletionChoosingPolicyTemplate (ContainerDeletionChoosingPolicyTemplate.java:chooseContainerForBlockDeletion(85)) - Chosen 0/5000 blocks from 0 candidate containers.
2024-08-19 16:25:50,872 [ee221735-3b90-4b08-961d-7f24e77247fb-BlockDeletingService#0] INFO  interfaces.ContainerDeletionChoosingPolicyTemplate (ContainerDeletionChoosingPolicyTemplate.java:chooseContainerForBlockDeletion(85)) - Chosen 0/5000 blocks from 0 candidate containers.
2024-08-19 16:26:01,671 [main] INFO  db.RDBCheckpointUtils (RDBCheckpointUtils.java:waitForCheckpointDirectoryExist(51)) - Checkpoint directory: 20 didn't get created in /home/runner/work/ozone/ozone/hadoop-ozone/integration-test/target/test-dir/MiniOzoneClusterImpl-37a79142-3d3b-4256-8e35-bf5503c8d171/omNode-1/db.snapshots/checkpointState/om.db-b21d906e-d92f-4787-b111-be23ded6d85b secs.
]]></system-out>
  </testcase>
  <testcase name="testGeyKeyInfoWithAllowedUser(BucketLayout)[1]" classname="org.apache.hadoop.ozone.om.snapshot.TestOzoneManagerSnapshotAcl" time="20.016">
    <error type="java.io.IOException"><![CDATA[java.io.IOException: snapshot directory doesn't exist
	at org.apache.hadoop.ozone.om.snapshot.TestOzoneManagerSnapshotAcl.createSnapshot(TestOzoneManagerSnapshotAcl.java:591)
	at org.apache.hadoop.ozone.om.snapshot.TestOzoneManagerSnapshotAcl.setup(TestOzoneManagerSnapshotAcl.java:457)
	at org.apache.hadoop.ozone.om.snapshot.TestOzoneManagerSnapshotAcl.testGeyKeyInfoWithAllowedUser(TestOzoneManagerSnapshotAcl.java:182)
	at java.base/java.lang.reflect.Method.invoke(Method.java:569)
	at java.base/java.util.stream.ForEachOps$ForEachOp$OfRef.accept(ForEachOps.java:183)
	at java.base/java.util.stream.ReferencePipeline$3$1.accept(ReferencePipeline.java:197)
	at java.base/java.util.stream.ReferencePipeline$2$1.accept(ReferencePipeline.java:179)
	at java.base/java.util.stream.ReferencePipeline$3$1.accept(ReferencePipeline.java:197)
	at java.base/java.util.stream.ForEachOps$ForEachOp$OfRef.accept(ForEachOps.java:183)
	at java.base/java.util.stream.ReferencePipeline$3$1.accept(ReferencePipeline.java:197)
	at java.base/java.util.stream.ReferencePipeline$3$1.accept(ReferencePipeline.java:197)
	at java.base/java.util.stream.ReferencePipeline$3$1.accept(ReferencePipeline.java:197)
	at java.base/java.util.stream.ForEachOps$ForEachOp$OfRef.accept(ForEachOps.java:183)
	at java.base/java.util.stream.ReferencePipeline$3$1.accept(ReferencePipeline.java:197)
	at java.base/java.util.Iterator.forEachRemaining(Iterator.java:133)
	at java.base/java.util.Spliterators$IteratorSpliterator.forEachRemaining(Spliterators.java:1845)
	at java.base/java.util.stream.AbstractPipeline.copyInto(AbstractPipeline.java:509)
	at java.base/java.util.stream.AbstractPipeline.wrapAndCopyInto(AbstractPipeline.java:499)
	at java.base/java.util.stream.ForEachOps$ForEachOp.evaluateSequential(ForEachOps.java:150)
	at java.base/java.util.stream.ForEachOps$ForEachOp$OfRef.evaluateSequential(ForEachOps.java:173)
	at java.base/java.util.stream.AbstractPipeline.evaluate(AbstractPipeline.java:234)
	at java.base/java.util.stream.ReferencePipeline.forEach(ReferencePipeline.java:596)
	at java.base/java.util.stream.ReferencePipeline$7$1.accept(ReferencePipeline.java:276)
	at java.base/java.util.stream.ReferencePipeline$3$1.accept(ReferencePipeline.java:197)
	at java.base/java.util.stream.ReferencePipeline$3$1.accept(ReferencePipeline.java:197)
	at java.base/java.util.stream.ReferencePipeline$3$1.accept(ReferencePipeline.java:197)
	at java.base/java.util.ArrayList$ArrayListSpliterator.forEachRemaining(ArrayList.java:1625)
	at java.base/java.util.stream.AbstractPipeline.copyInto(AbstractPipeline.java:509)
	at java.base/java.util.stream.AbstractPipeline.wrapAndCopyInto(AbstractPipeline.java:499)
	at java.base/java.util.stream.ForEachOps$ForEachOp.evaluateSequential(ForEachOps.java:150)
	at java.base/java.util.stream.ForEachOps$ForEachOp$OfRef.evaluateSequential(ForEachOps.java:173)
	at java.base/java.util.stream.AbstractPipeline.evaluate(AbstractPipeline.java:234)
	at java.base/java.util.stream.ReferencePipeline.forEach(ReferencePipeline.java:596)
	at java.base/java.util.stream.ReferencePipeline$7$1.accept(ReferencePipeline.java:276)
	at java.base/java.util.ArrayList$ArrayListSpliterator.forEachRemaining(ArrayList.java:1625)
	at java.base/java.util.stream.AbstractPipeline.copyInto(AbstractPipeline.java:509)
	at java.base/java.util.stream.AbstractPipeline.wrapAndCopyInto(AbstractPipeline.java:499)
	at java.base/java.util.stream.ForEachOps$ForEachOp.evaluateSequential(ForEachOps.java:150)
	at java.base/java.util.stream.ForEachOps$ForEachOp$OfRef.evaluateSequential(ForEachOps.java:173)
	at java.base/java.util.stream.AbstractPipeline.evaluate(AbstractPipeline.java:234)
	at java.base/java.util.stream.ReferencePipeline.forEach(ReferencePipeline.java:596)
	at java.base/java.util.ArrayList.forEach(ArrayList.java:1511)
	at java.base/java.util.ArrayList.forEach(ArrayList.java:1511)
]]></error>
    <system-out><![CDATA[2024-08-19 16:26:01,677 [main] INFO  rpc.RpcClient (RpcClient.java:createVolume(474)) - Creating Volume: volume-62712740630788931416464591676957, with admin as owner and space quota set to -1 bytes, counts quota set to -1
2024-08-19 16:26:01,681 [omNode-1-OMStateMachineApplyTransactionThread - 0] INFO  volume.OMVolumeCreateRequest (OMVolumeCreateRequest.java:validateAndUpdateCache(198)) - created volume:volume-62712740630788931416464591676957 for user:admin
2024-08-19 16:26:01,684 [main] INFO  rpc.RpcClient (RpcClient.java:createBucket(700)) - Creating Bucket: volume-62712740630788931416464591676957/bucket-36483332172033298445541783661906, with bucket layout FILE_SYSTEM_OPTIMIZED, admin as owner, Versioning false, Storage Type set to DISK and Encryption set to false, Replication Type set to server-side default replication type, Namespace Quota set to -1, Space Quota set to -1 
2024-08-19 16:26:01,686 [omNode-1-OMStateMachineApplyTransactionThread - 0] INFO  bucket.OMBucketCreateRequest (OMBucketCreateRequest.java:validateAndUpdateCache(293)) - created bucket: bucket-36483332172033298445541783661906 of layout FILE_SYSTEM_OPTIMIZED in volume: volume-62712740630788931416464591676957
2024-08-19 16:26:01,696 [main] INFO  io.KeyOutputStreamSemaphore (KeyOutputStreamSemaphore.java:<init>(35)) - Initializing semaphore with maxConcurrentWritePerKey = 1
2024-08-19 16:26:01,767 [omNode-1-OMStateMachineApplyTransactionThread - 0] WARN  snapshot.OMSnapshotCreateRequest (OMSnapshotCreateRequest.java:estimateBucketDataSize(337)) - DefaultReplicationConfig is not correctly set in OmBucketInfo for volume 'volume-62712740630788931416464591676957' bucket 'bucket-36483332172033298445541783661906'. Falling back to config default 'RATIS/THREE'
2024-08-19 16:26:01,767 [omNode-1-OMStateMachineApplyTransactionThread - 0] INFO  snapshot.OMSnapshotCreateRequest (OMSnapshotCreateRequest.java:validateAndUpdateCache(218)) - Created snapshot: 'snapshot-65942394597169555626690241834995' with snapshotId: 'a3487844-82e3-479b-a606-e9c3f6820f9a' under path 'volume-62712740630788931416464591676957/bucket-36483332172033298445541783661906'
2024-08-19 16:26:01,768 [main] WARN  server.ServerUtils (ServerUtils.java:getDBPath(299)) - ozone.om.db.dirs is not configured. We recommend adding this setting. Falling back to ozone.metadata.dirs instead.
2024-08-19 16:26:21,690 [main] INFO  db.RDBCheckpointUtils (RDBCheckpointUtils.java:waitForCheckpointDirectoryExist(51)) - Checkpoint directory: 20 didn't get created in /home/runner/work/ozone/ozone/hadoop-ozone/integration-test/target/test-dir/MiniOzoneClusterImpl-37a79142-3d3b-4256-8e35-bf5503c8d171/omNode-1/db.snapshots/checkpointState/om.db-a3487844-82e3-479b-a606-e9c3f6820f9a secs.
]]></system-out>
  </testcase>
  <testcase name="testGeyKeyInfoWithAllowedUser(BucketLayout)[2]" classname="org.apache.hadoop.ozone.om.snapshot.TestOzoneManagerSnapshotAcl" time="20.015">
    <error type="java.io.IOException"><![CDATA[java.io.IOException: snapshot directory doesn't exist
	at org.apache.hadoop.ozone.om.snapshot.TestOzoneManagerSnapshotAcl.createSnapshot(TestOzoneManagerSnapshotAcl.java:591)
	at org.apache.hadoop.ozone.om.snapshot.TestOzoneManagerSnapshotAcl.setup(TestOzoneManagerSnapshotAcl.java:457)
	at org.apache.hadoop.ozone.om.snapshot.TestOzoneManagerSnapshotAcl.testGeyKeyInfoWithAllowedUser(TestOzoneManagerSnapshotAcl.java:182)
	at java.base/java.lang.reflect.Method.invoke(Method.java:569)
	at java.base/java.util.stream.ForEachOps$ForEachOp$OfRef.accept(ForEachOps.java:183)
	at java.base/java.util.stream.ReferencePipeline$3$1.accept(ReferencePipeline.java:197)
	at java.base/java.util.stream.ReferencePipeline$2$1.accept(ReferencePipeline.java:179)
	at java.base/java.util.stream.ReferencePipeline$3$1.accept(ReferencePipeline.java:197)
	at java.base/java.util.stream.ForEachOps$ForEachOp$OfRef.accept(ForEachOps.java:183)
	at java.base/java.util.stream.ReferencePipeline$3$1.accept(ReferencePipeline.java:197)
	at java.base/java.util.stream.ReferencePipeline$3$1.accept(ReferencePipeline.java:197)
	at java.base/java.util.stream.ReferencePipeline$3$1.accept(ReferencePipeline.java:197)
	at java.base/java.util.stream.ForEachOps$ForEachOp$OfRef.accept(ForEachOps.java:183)
	at java.base/java.util.stream.ReferencePipeline$3$1.accept(ReferencePipeline.java:197)
	at java.base/java.util.Iterator.forEachRemaining(Iterator.java:133)
	at java.base/java.util.Spliterators$IteratorSpliterator.forEachRemaining(Spliterators.java:1845)
	at java.base/java.util.stream.AbstractPipeline.copyInto(AbstractPipeline.java:509)
	at java.base/java.util.stream.AbstractPipeline.wrapAndCopyInto(AbstractPipeline.java:499)
	at java.base/java.util.stream.ForEachOps$ForEachOp.evaluateSequential(ForEachOps.java:150)
	at java.base/java.util.stream.ForEachOps$ForEachOp$OfRef.evaluateSequential(ForEachOps.java:173)
	at java.base/java.util.stream.AbstractPipeline.evaluate(AbstractPipeline.java:234)
	at java.base/java.util.stream.ReferencePipeline.forEach(ReferencePipeline.java:596)
	at java.base/java.util.stream.ReferencePipeline$7$1.accept(ReferencePipeline.java:276)
	at java.base/java.util.stream.ReferencePipeline$3$1.accept(ReferencePipeline.java:197)
	at java.base/java.util.stream.ReferencePipeline$3$1.accept(ReferencePipeline.java:197)
	at java.base/java.util.stream.ReferencePipeline$3$1.accept(ReferencePipeline.java:197)
	at java.base/java.util.ArrayList$ArrayListSpliterator.forEachRemaining(ArrayList.java:1625)
	at java.base/java.util.stream.AbstractPipeline.copyInto(AbstractPipeline.java:509)
	at java.base/java.util.stream.AbstractPipeline.wrapAndCopyInto(AbstractPipeline.java:499)
	at java.base/java.util.stream.ForEachOps$ForEachOp.evaluateSequential(ForEachOps.java:150)
	at java.base/java.util.stream.ForEachOps$ForEachOp$OfRef.evaluateSequential(ForEachOps.java:173)
	at java.base/java.util.stream.AbstractPipeline.evaluate(AbstractPipeline.java:234)
	at java.base/java.util.stream.ReferencePipeline.forEach(ReferencePipeline.java:596)
	at java.base/java.util.stream.ReferencePipeline$7$1.accept(ReferencePipeline.java:276)
	at java.base/java.util.ArrayList$ArrayListSpliterator.forEachRemaining(ArrayList.java:1625)
	at java.base/java.util.stream.AbstractPipeline.copyInto(AbstractPipeline.java:509)
	at java.base/java.util.stream.AbstractPipeline.wrapAndCopyInto(AbstractPipeline.java:499)
	at java.base/java.util.stream.ForEachOps$ForEachOp.evaluateSequential(ForEachOps.java:150)
	at java.base/java.util.stream.ForEachOps$ForEachOp$OfRef.evaluateSequential(ForEachOps.java:173)
	at java.base/java.util.stream.AbstractPipeline.evaluate(AbstractPipeline.java:234)
	at java.base/java.util.stream.ReferencePipeline.forEach(ReferencePipeline.java:596)
	at java.base/java.util.ArrayList.forEach(ArrayList.java:1511)
	at java.base/java.util.ArrayList.forEach(ArrayList.java:1511)
]]></error>
    <system-out><![CDATA[2024-08-19 16:26:21,702 [main] INFO  rpc.RpcClient (RpcClient.java:createVolume(474)) - Creating Volume: volume-76209496349088085887737621115488, with admin as owner and space quota set to -1 bytes, counts quota set to -1
2024-08-19 16:26:21,706 [omNode-1-OMStateMachineApplyTransactionThread - 0] INFO  volume.OMVolumeCreateRequest (OMVolumeCreateRequest.java:validateAndUpdateCache(198)) - created volume:volume-76209496349088085887737621115488 for user:admin
2024-08-19 16:26:21,708 [main] INFO  rpc.RpcClient (RpcClient.java:createBucket(700)) - Creating Bucket: volume-76209496349088085887737621115488/bucket-66194521020293552892183970478935, with bucket layout OBJECT_STORE, admin as owner, Versioning false, Storage Type set to DISK and Encryption set to false, Replication Type set to server-side default replication type, Namespace Quota set to -1, Space Quota set to -1 
2024-08-19 16:26:21,711 [omNode-1-OMStateMachineApplyTransactionThread - 0] INFO  bucket.OMBucketCreateRequest (OMBucketCreateRequest.java:validateAndUpdateCache(293)) - created bucket: bucket-66194521020293552892183970478935 of layout OBJECT_STORE in volume: volume-76209496349088085887737621115488
2024-08-19 16:26:21,720 [main] INFO  io.KeyOutputStreamSemaphore (KeyOutputStreamSemaphore.java:<init>(35)) - Initializing semaphore with maxConcurrentWritePerKey = 1
2024-08-19 16:26:21,782 [omNode-1-OMStateMachineApplyTransactionThread - 0] WARN  snapshot.OMSnapshotCreateRequest (OMSnapshotCreateRequest.java:estimateBucketDataSize(337)) - DefaultReplicationConfig is not correctly set in OmBucketInfo for volume 'volume-76209496349088085887737621115488' bucket 'bucket-66194521020293552892183970478935'. Falling back to config default 'RATIS/THREE'
2024-08-19 16:26:21,783 [omNode-1-OMStateMachineApplyTransactionThread - 0] INFO  snapshot.OMSnapshotCreateRequest (OMSnapshotCreateRequest.java:validateAndUpdateCache(218)) - Created snapshot: 'snapshot-66050943119920925655883161748270' with snapshotId: 'd7a9de06-187a-49cb-9a79-469922733652' under path 'volume-76209496349088085887737621115488/bucket-66194521020293552892183970478935'
2024-08-19 16:26:21,783 [main] WARN  server.ServerUtils (ServerUtils.java:getDBPath(299)) - ozone.om.db.dirs is not configured. We recommend adding this setting. Falling back to ozone.metadata.dirs instead.
2024-08-19 16:26:41,707 [main] INFO  db.RDBCheckpointUtils (RDBCheckpointUtils.java:waitForCheckpointDirectoryExist(51)) - Checkpoint directory: 20 didn't get created in /home/runner/work/ozone/ozone/hadoop-ozone/integration-test/target/test-dir/MiniOzoneClusterImpl-37a79142-3d3b-4256-8e35-bf5503c8d171/omNode-1/db.snapshots/checkpointState/om.db-d7a9de06-187a-49cb-9a79-469922733652 secs.
]]></system-out>
  </testcase>
  <testcase name="testGeyKeyInfoWithAllowedUser(BucketLayout)[3]" classname="org.apache.hadoop.ozone.om.snapshot.TestOzoneManagerSnapshotAcl" time="20.003">
    <error type="java.io.IOException"><![CDATA[java.io.IOException: snapshot directory doesn't exist
	at org.apache.hadoop.ozone.om.snapshot.TestOzoneManagerSnapshotAcl.createSnapshot(TestOzoneManagerSnapshotAcl.java:591)
	at org.apache.hadoop.ozone.om.snapshot.TestOzoneManagerSnapshotAcl.setup(TestOzoneManagerSnapshotAcl.java:457)
	at org.apache.hadoop.ozone.om.snapshot.TestOzoneManagerSnapshotAcl.testGeyKeyInfoWithAllowedUser(TestOzoneManagerSnapshotAcl.java:182)
	at java.base/java.lang.reflect.Method.invoke(Method.java:569)
	at java.base/java.util.stream.ForEachOps$ForEachOp$OfRef.accept(ForEachOps.java:183)
	at java.base/java.util.stream.ReferencePipeline$3$1.accept(ReferencePipeline.java:197)
	at java.base/java.util.stream.ReferencePipeline$2$1.accept(ReferencePipeline.java:179)
	at java.base/java.util.stream.ReferencePipeline$3$1.accept(ReferencePipeline.java:197)
	at java.base/java.util.stream.ForEachOps$ForEachOp$OfRef.accept(ForEachOps.java:183)
	at java.base/java.util.stream.ReferencePipeline$3$1.accept(ReferencePipeline.java:197)
	at java.base/java.util.stream.ReferencePipeline$3$1.accept(ReferencePipeline.java:197)
	at java.base/java.util.stream.ReferencePipeline$3$1.accept(ReferencePipeline.java:197)
	at java.base/java.util.stream.ForEachOps$ForEachOp$OfRef.accept(ForEachOps.java:183)
	at java.base/java.util.stream.ReferencePipeline$3$1.accept(ReferencePipeline.java:197)
	at java.base/java.util.Iterator.forEachRemaining(Iterator.java:133)
	at java.base/java.util.Spliterators$IteratorSpliterator.forEachRemaining(Spliterators.java:1845)
	at java.base/java.util.stream.AbstractPipeline.copyInto(AbstractPipeline.java:509)
	at java.base/java.util.stream.AbstractPipeline.wrapAndCopyInto(AbstractPipeline.java:499)
	at java.base/java.util.stream.ForEachOps$ForEachOp.evaluateSequential(ForEachOps.java:150)
	at java.base/java.util.stream.ForEachOps$ForEachOp$OfRef.evaluateSequential(ForEachOps.java:173)
	at java.base/java.util.stream.AbstractPipeline.evaluate(AbstractPipeline.java:234)
	at java.base/java.util.stream.ReferencePipeline.forEach(ReferencePipeline.java:596)
	at java.base/java.util.stream.ReferencePipeline$7$1.accept(ReferencePipeline.java:276)
	at java.base/java.util.stream.ReferencePipeline$3$1.accept(ReferencePipeline.java:197)
	at java.base/java.util.stream.ReferencePipeline$3$1.accept(ReferencePipeline.java:197)
	at java.base/java.util.stream.ReferencePipeline$3$1.accept(ReferencePipeline.java:197)
	at java.base/java.util.ArrayList$ArrayListSpliterator.forEachRemaining(ArrayList.java:1625)
	at java.base/java.util.stream.AbstractPipeline.copyInto(AbstractPipeline.java:509)
	at java.base/java.util.stream.AbstractPipeline.wrapAndCopyInto(AbstractPipeline.java:499)
	at java.base/java.util.stream.ForEachOps$ForEachOp.evaluateSequential(ForEachOps.java:150)
	at java.base/java.util.stream.ForEachOps$ForEachOp$OfRef.evaluateSequential(ForEachOps.java:173)
	at java.base/java.util.stream.AbstractPipeline.evaluate(AbstractPipeline.java:234)
	at java.base/java.util.stream.ReferencePipeline.forEach(ReferencePipeline.java:596)
	at java.base/java.util.stream.ReferencePipeline$7$1.accept(ReferencePipeline.java:276)
	at java.base/java.util.ArrayList$ArrayListSpliterator.forEachRemaining(ArrayList.java:1625)
	at java.base/java.util.stream.AbstractPipeline.copyInto(AbstractPipeline.java:509)
	at java.base/java.util.stream.AbstractPipeline.wrapAndCopyInto(AbstractPipeline.java:499)
	at java.base/java.util.stream.ForEachOps$ForEachOp.evaluateSequential(ForEachOps.java:150)
	at java.base/java.util.stream.ForEachOps$ForEachOp$OfRef.evaluateSequential(ForEachOps.java:173)
	at java.base/java.util.stream.AbstractPipeline.evaluate(AbstractPipeline.java:234)
	at java.base/java.util.stream.ReferencePipeline.forEach(ReferencePipeline.java:596)
	at java.base/java.util.ArrayList.forEach(ArrayList.java:1511)
	at java.base/java.util.ArrayList.forEach(ArrayList.java:1511)
]]></error>
    <system-out><![CDATA[2024-08-19 16:26:41,710 [main] INFO  rpc.RpcClient (RpcClient.java:createVolume(474)) - Creating Volume: volume-16828923931587897781412881105693, with admin as owner and space quota set to -1 bytes, counts quota set to -1
2024-08-19 16:26:41,714 [omNode-1-OMStateMachineApplyTransactionThread - 0] INFO  volume.OMVolumeCreateRequest (OMVolumeCreateRequest.java:validateAndUpdateCache(198)) - created volume:volume-16828923931587897781412881105693 for user:admin
2024-08-19 16:26:41,717 [main] INFO  rpc.RpcClient (RpcClient.java:createBucket(700)) - Creating Bucket: volume-16828923931587897781412881105693/bucket-09732585594622852170515715594140, with bucket layout LEGACY, admin as owner, Versioning false, Storage Type set to DISK and Encryption set to false, Replication Type set to server-side default replication type, Namespace Quota set to -1, Space Quota set to -1 
2024-08-19 16:26:41,720 [omNode-1-OMStateMachineApplyTransactionThread - 0] INFO  bucket.OMBucketCreateRequest (OMBucketCreateRequest.java:validateAndUpdateCache(293)) - created bucket: bucket-09732585594622852170515715594140 of layout LEGACY in volume: volume-16828923931587897781412881105693
2024-08-19 16:26:41,730 [main] INFO  io.KeyOutputStreamSemaphore (KeyOutputStreamSemaphore.java:<init>(35)) - Initializing semaphore with maxConcurrentWritePerKey = 1
2024-08-19 16:26:41,788 [omNode-1-OMStateMachineApplyTransactionThread - 0] WARN  snapshot.OMSnapshotCreateRequest (OMSnapshotCreateRequest.java:estimateBucketDataSize(337)) - DefaultReplicationConfig is not correctly set in OmBucketInfo for volume 'volume-16828923931587897781412881105693' bucket 'bucket-09732585594622852170515715594140'. Falling back to config default 'RATIS/THREE'
2024-08-19 16:26:41,789 [omNode-1-OMStateMachineApplyTransactionThread - 0] INFO  snapshot.OMSnapshotCreateRequest (OMSnapshotCreateRequest.java:validateAndUpdateCache(218)) - Created snapshot: 'snapshot-75499100288628885076198893867689' with snapshotId: '65fe652f-2ae5-405f-b991-6e4c599fd2ef' under path 'volume-16828923931587897781412881105693/bucket-09732585594622852170515715594140'
2024-08-19 16:26:41,790 [main] WARN  server.ServerUtils (ServerUtils.java:getDBPath(299)) - ozone.om.db.dirs is not configured. We recommend adding this setting. Falling back to ozone.metadata.dirs instead.
2024-08-19 16:26:50,104 [a60155f7-ea69-45b2-947a-1e7e01ad7119-BlockDeletingService#1] INFO  interfaces.ContainerDeletionChoosingPolicyTemplate (ContainerDeletionChoosingPolicyTemplate.java:chooseContainerForBlockDeletion(85)) - Chosen 0/5000 blocks from 0 candidate containers.
2024-08-19 16:26:50,470 [9b6d9b22-4572-4a82-ae1c-a91d234bbb93-BlockDeletingService#1] INFO  interfaces.ContainerDeletionChoosingPolicyTemplate (ContainerDeletionChoosingPolicyTemplate.java:chooseContainerForBlockDeletion(85)) - Chosen 0/5000 blocks from 0 candidate containers.
2024-08-19 16:26:50,872 [ee221735-3b90-4b08-961d-7f24e77247fb-BlockDeletingService#1] INFO  interfaces.ContainerDeletionChoosingPolicyTemplate (ContainerDeletionChoosingPolicyTemplate.java:chooseContainerForBlockDeletion(85)) - Chosen 0/5000 blocks from 0 candidate containers.
2024-08-19 16:27:01,711 [main] INFO  db.RDBCheckpointUtils (RDBCheckpointUtils.java:waitForCheckpointDirectoryExist(51)) - Checkpoint directory: 20 didn't get created in /home/runner/work/ozone/ozone/hadoop-ozone/integration-test/target/test-dir/MiniOzoneClusterImpl-37a79142-3d3b-4256-8e35-bf5503c8d171/omNode-1/db.snapshots/checkpointState/om.db-65fe652f-2ae5-405f-b991-6e4c599fd2ef secs.
]]></system-out>
  </testcase>
  <testcase name="testListStatusWithAllowedUser(BucketLayout, boolean, boolean)[1]" classname="org.apache.hadoop.ozone.om.snapshot.TestOzoneManagerSnapshotAcl" time="20.005">
    <error type="java.io.IOException"><![CDATA[java.io.IOException: snapshot directory doesn't exist
	at org.apache.hadoop.ozone.om.snapshot.TestOzoneManagerSnapshotAcl.createSnapshot(TestOzoneManagerSnapshotAcl.java:591)
	at org.apache.hadoop.ozone.om.snapshot.TestOzoneManagerSnapshotAcl.setup(TestOzoneManagerSnapshotAcl.java:457)
	at org.apache.hadoop.ozone.om.snapshot.TestOzoneManagerSnapshotAcl.testListStatusWithAllowedUser(TestOzoneManagerSnapshotAcl.java:222)
	at java.base/java.lang.reflect.Method.invoke(Method.java:569)
	at java.base/java.util.stream.ForEachOps$ForEachOp$OfRef.accept(ForEachOps.java:183)
	at java.base/java.util.stream.ReferencePipeline$3$1.accept(ReferencePipeline.java:197)
	at java.base/java.util.stream.ReferencePipeline$2$1.accept(ReferencePipeline.java:179)
	at java.base/java.util.stream.ReferencePipeline$3$1.accept(ReferencePipeline.java:197)
	at java.base/java.util.stream.ForEachOps$ForEachOp$OfRef.accept(ForEachOps.java:183)
	at java.base/java.util.stream.ReferencePipeline$3$1.accept(ReferencePipeline.java:197)
	at java.base/java.util.stream.ReferencePipeline$3$1.accept(ReferencePipeline.java:197)
	at java.base/java.util.stream.ReferencePipeline$3$1.accept(ReferencePipeline.java:197)
	at java.base/java.util.stream.ForEachOps$ForEachOp$OfRef.accept(ForEachOps.java:183)
	at java.base/java.util.stream.ReferencePipeline$3$1.accept(ReferencePipeline.java:197)
	at java.base/java.util.Spliterators$ArraySpliterator.forEachRemaining(Spliterators.java:992)
	at java.base/java.util.stream.ReferencePipeline$Head.forEach(ReferencePipeline.java:762)
	at java.base/java.util.stream.ReferencePipeline$7$1.accept(ReferencePipeline.java:276)
	at java.base/java.util.stream.ReferencePipeline$3$1.accept(ReferencePipeline.java:197)
	at java.base/java.util.stream.ReferencePipeline$3$1.accept(ReferencePipeline.java:197)
	at java.base/java.util.stream.ReferencePipeline$3$1.accept(ReferencePipeline.java:197)
	at java.base/java.util.Spliterators$ArraySpliterator.forEachRemaining(Spliterators.java:992)
	at java.base/java.util.stream.AbstractPipeline.copyInto(AbstractPipeline.java:509)
	at java.base/java.util.stream.AbstractPipeline.wrapAndCopyInto(AbstractPipeline.java:499)
	at java.base/java.util.stream.ForEachOps$ForEachOp.evaluateSequential(ForEachOps.java:150)
	at java.base/java.util.stream.ForEachOps$ForEachOp$OfRef.evaluateSequential(ForEachOps.java:173)
	at java.base/java.util.stream.AbstractPipeline.evaluate(AbstractPipeline.java:234)
	at java.base/java.util.stream.ReferencePipeline.forEach(ReferencePipeline.java:596)
	at java.base/java.util.stream.ReferencePipeline$7$1.accept(ReferencePipeline.java:276)
	at java.base/java.util.stream.ReferencePipeline$3$1.accept(ReferencePipeline.java:197)
	at java.base/java.util.stream.ReferencePipeline$3$1.accept(ReferencePipeline.java:197)
	at java.base/java.util.stream.ReferencePipeline$3$1.accept(ReferencePipeline.java:197)
	at java.base/java.util.ArrayList$ArrayListSpliterator.forEachRemaining(ArrayList.java:1625)
	at java.base/java.util.stream.AbstractPipeline.copyInto(AbstractPipeline.java:509)
	at java.base/java.util.stream.AbstractPipeline.wrapAndCopyInto(AbstractPipeline.java:499)
	at java.base/java.util.stream.ForEachOps$ForEachOp.evaluateSequential(ForEachOps.java:150)
	at java.base/java.util.stream.ForEachOps$ForEachOp$OfRef.evaluateSequential(ForEachOps.java:173)
	at java.base/java.util.stream.AbstractPipeline.evaluate(AbstractPipeline.java:234)
	at java.base/java.util.stream.ReferencePipeline.forEach(ReferencePipeline.java:596)
	at java.base/java.util.stream.ReferencePipeline$7$1.accept(ReferencePipeline.java:276)
	at java.base/java.util.ArrayList$ArrayListSpliterator.forEachRemaining(ArrayList.java:1625)
	at java.base/java.util.stream.AbstractPipeline.copyInto(AbstractPipeline.java:509)
	at java.base/java.util.stream.AbstractPipeline.wrapAndCopyInto(AbstractPipeline.java:499)
	at java.base/java.util.stream.ForEachOps$ForEachOp.evaluateSequential(ForEachOps.java:150)
	at java.base/java.util.stream.ForEachOps$ForEachOp$OfRef.evaluateSequential(ForEachOps.java:173)
	at java.base/java.util.stream.AbstractPipeline.evaluate(AbstractPipeline.java:234)
	at java.base/java.util.stream.ReferencePipeline.forEach(ReferencePipeline.java:596)
	at java.base/java.util.ArrayList.forEach(ArrayList.java:1511)
	at java.base/java.util.ArrayList.forEach(ArrayList.java:1511)
]]></error>
    <system-out><![CDATA[2024-08-19 16:27:01,728 [main] INFO  rpc.RpcClient (RpcClient.java:createVolume(474)) - Creating Volume: volume-48157376066679321220260276817197, with admin as owner and space quota set to -1 bytes, counts quota set to -1
2024-08-19 16:27:01,731 [omNode-1-OMStateMachineApplyTransactionThread - 0] INFO  volume.OMVolumeCreateRequest (OMVolumeCreateRequest.java:validateAndUpdateCache(198)) - created volume:volume-48157376066679321220260276817197 for user:admin
2024-08-19 16:27:01,733 [main] INFO  rpc.RpcClient (RpcClient.java:createBucket(700)) - Creating Bucket: volume-48157376066679321220260276817197/bucket-04703850499721703416118771763929, with bucket layout OBJECT_STORE, admin as owner, Versioning false, Storage Type set to DISK and Encryption set to false, Replication Type set to server-side default replication type, Namespace Quota set to -1, Space Quota set to -1 
2024-08-19 16:27:01,735 [omNode-1-OMStateMachineApplyTransactionThread - 0] INFO  bucket.OMBucketCreateRequest (OMBucketCreateRequest.java:validateAndUpdateCache(293)) - created bucket: bucket-04703850499721703416118771763929 of layout OBJECT_STORE in volume: volume-48157376066679321220260276817197
2024-08-19 16:27:01,744 [main] INFO  io.KeyOutputStreamSemaphore (KeyOutputStreamSemaphore.java:<init>(35)) - Initializing semaphore with maxConcurrentWritePerKey = 1
2024-08-19 16:27:01,794 [omNode-1-OMStateMachineApplyTransactionThread - 0] WARN  snapshot.OMSnapshotCreateRequest (OMSnapshotCreateRequest.java:estimateBucketDataSize(337)) - DefaultReplicationConfig is not correctly set in OmBucketInfo for volume 'volume-48157376066679321220260276817197' bucket 'bucket-04703850499721703416118771763929'. Falling back to config default 'RATIS/THREE'
2024-08-19 16:27:01,794 [omNode-1-OMStateMachineApplyTransactionThread - 0] INFO  snapshot.OMSnapshotCreateRequest (OMSnapshotCreateRequest.java:validateAndUpdateCache(218)) - Created snapshot: 'snapshot-24114685385623063475710496019666' with snapshotId: 'a4406f61-8eeb-4d0b-8e19-260699021d9d' under path 'volume-48157376066679321220260276817197/bucket-04703850499721703416118771763929'
2024-08-19 16:27:01,795 [main] WARN  server.ServerUtils (ServerUtils.java:getDBPath(299)) - ozone.om.db.dirs is not configured. We recommend adding this setting. Falling back to ozone.metadata.dirs instead.
2024-08-19 16:27:21,722 [main] INFO  db.RDBCheckpointUtils (RDBCheckpointUtils.java:waitForCheckpointDirectoryExist(51)) - Checkpoint directory: 20 didn't get created in /home/runner/work/ozone/ozone/hadoop-ozone/integration-test/target/test-dir/MiniOzoneClusterImpl-37a79142-3d3b-4256-8e35-bf5503c8d171/omNode-1/db.snapshots/checkpointState/om.db-a4406f61-8eeb-4d0b-8e19-260699021d9d secs.
]]></system-out>
  </testcase>
  <testcase name="testListStatusWithAllowedUser(BucketLayout, boolean, boolean)[2]" classname="org.apache.hadoop.ozone.om.snapshot.TestOzoneManagerSnapshotAcl" time="19.992">
    <error type="java.io.IOException"><![CDATA[java.io.IOException: snapshot directory doesn't exist
	at org.apache.hadoop.ozone.om.snapshot.TestOzoneManagerSnapshotAcl.createSnapshot(TestOzoneManagerSnapshotAcl.java:591)
	at org.apache.hadoop.ozone.om.snapshot.TestOzoneManagerSnapshotAcl.setup(TestOzoneManagerSnapshotAcl.java:457)
	at org.apache.hadoop.ozone.om.snapshot.TestOzoneManagerSnapshotAcl.testListStatusWithAllowedUser(TestOzoneManagerSnapshotAcl.java:222)
	at java.base/java.lang.reflect.Method.invoke(Method.java:569)
	at java.base/java.util.stream.ForEachOps$ForEachOp$OfRef.accept(ForEachOps.java:183)
	at java.base/java.util.stream.ReferencePipeline$3$1.accept(ReferencePipeline.java:197)
	at java.base/java.util.stream.ReferencePipeline$2$1.accept(ReferencePipeline.java:179)
	at java.base/java.util.stream.ReferencePipeline$3$1.accept(ReferencePipeline.java:197)
	at java.base/java.util.stream.ForEachOps$ForEachOp$OfRef.accept(ForEachOps.java:183)
	at java.base/java.util.stream.ReferencePipeline$3$1.accept(ReferencePipeline.java:197)
	at java.base/java.util.stream.ReferencePipeline$3$1.accept(ReferencePipeline.java:197)
	at java.base/java.util.stream.ReferencePipeline$3$1.accept(ReferencePipeline.java:197)
	at java.base/java.util.stream.ForEachOps$ForEachOp$OfRef.accept(ForEachOps.java:183)
	at java.base/java.util.stream.ReferencePipeline$3$1.accept(ReferencePipeline.java:197)
	at java.base/java.util.Spliterators$ArraySpliterator.forEachRemaining(Spliterators.java:992)
	at java.base/java.util.stream.ReferencePipeline$Head.forEach(ReferencePipeline.java:762)
	at java.base/java.util.stream.ReferencePipeline$7$1.accept(ReferencePipeline.java:276)
	at java.base/java.util.stream.ReferencePipeline$3$1.accept(ReferencePipeline.java:197)
	at java.base/java.util.stream.ReferencePipeline$3$1.accept(ReferencePipeline.java:197)
	at java.base/java.util.stream.ReferencePipeline$3$1.accept(ReferencePipeline.java:197)
	at java.base/java.util.Spliterators$ArraySpliterator.forEachRemaining(Spliterators.java:992)
	at java.base/java.util.stream.AbstractPipeline.copyInto(AbstractPipeline.java:509)
	at java.base/java.util.stream.AbstractPipeline.wrapAndCopyInto(AbstractPipeline.java:499)
	at java.base/java.util.stream.ForEachOps$ForEachOp.evaluateSequential(ForEachOps.java:150)
	at java.base/java.util.stream.ForEachOps$ForEachOp$OfRef.evaluateSequential(ForEachOps.java:173)
	at java.base/java.util.stream.AbstractPipeline.evaluate(AbstractPipeline.java:234)
	at java.base/java.util.stream.ReferencePipeline.forEach(ReferencePipeline.java:596)
	at java.base/java.util.stream.ReferencePipeline$7$1.accept(ReferencePipeline.java:276)
	at java.base/java.util.stream.ReferencePipeline$3$1.accept(ReferencePipeline.java:197)
	at java.base/java.util.stream.ReferencePipeline$3$1.accept(ReferencePipeline.java:197)
	at java.base/java.util.stream.ReferencePipeline$3$1.accept(ReferencePipeline.java:197)
	at java.base/java.util.ArrayList$ArrayListSpliterator.forEachRemaining(ArrayList.java:1625)
	at java.base/java.util.stream.AbstractPipeline.copyInto(AbstractPipeline.java:509)
	at java.base/java.util.stream.AbstractPipeline.wrapAndCopyInto(AbstractPipeline.java:499)
	at java.base/java.util.stream.ForEachOps$ForEachOp.evaluateSequential(ForEachOps.java:150)
	at java.base/java.util.stream.ForEachOps$ForEachOp$OfRef.evaluateSequential(ForEachOps.java:173)
	at java.base/java.util.stream.AbstractPipeline.evaluate(AbstractPipeline.java:234)
	at java.base/java.util.stream.ReferencePipeline.forEach(ReferencePipeline.java:596)
	at java.base/java.util.stream.ReferencePipeline$7$1.accept(ReferencePipeline.java:276)
	at java.base/java.util.ArrayList$ArrayListSpliterator.forEachRemaining(ArrayList.java:1625)
	at java.base/java.util.stream.AbstractPipeline.copyInto(AbstractPipeline.java:509)
	at java.base/java.util.stream.AbstractPipeline.wrapAndCopyInto(AbstractPipeline.java:499)
	at java.base/java.util.stream.ForEachOps$ForEachOp.evaluateSequential(ForEachOps.java:150)
	at java.base/java.util.stream.ForEachOps$ForEachOp$OfRef.evaluateSequential(ForEachOps.java:173)
	at java.base/java.util.stream.AbstractPipeline.evaluate(AbstractPipeline.java:234)
	at java.base/java.util.stream.ReferencePipeline.forEach(ReferencePipeline.java:596)
	at java.base/java.util.ArrayList.forEach(ArrayList.java:1511)
	at java.base/java.util.ArrayList.forEach(ArrayList.java:1511)
]]></error>
    <system-out><![CDATA[2024-08-19 16:27:21,726 [main] INFO  rpc.RpcClient (RpcClient.java:createVolume(474)) - Creating Volume: volume-82386567958592934054617703515556, with admin as owner and space quota set to -1 bytes, counts quota set to -1
2024-08-19 16:27:21,729 [omNode-1-OMStateMachineApplyTransactionThread - 0] INFO  volume.OMVolumeCreateRequest (OMVolumeCreateRequest.java:validateAndUpdateCache(198)) - created volume:volume-82386567958592934054617703515556 for user:admin
2024-08-19 16:27:21,731 [main] INFO  rpc.RpcClient (RpcClient.java:createBucket(700)) - Creating Bucket: volume-82386567958592934054617703515556/bucket-75863154439729776623854200256628, with bucket layout FILE_SYSTEM_OPTIMIZED, admin as owner, Versioning false, Storage Type set to DISK and Encryption set to false, Replication Type set to server-side default replication type, Namespace Quota set to -1, Space Quota set to -1 
2024-08-19 16:27:21,734 [omNode-1-OMStateMachineApplyTransactionThread - 0] INFO  bucket.OMBucketCreateRequest (OMBucketCreateRequest.java:validateAndUpdateCache(293)) - created bucket: bucket-75863154439729776623854200256628 of layout FILE_SYSTEM_OPTIMIZED in volume: volume-82386567958592934054617703515556
2024-08-19 16:27:21,743 [main] INFO  io.KeyOutputStreamSemaphore (KeyOutputStreamSemaphore.java:<init>(35)) - Initializing semaphore with maxConcurrentWritePerKey = 1
2024-08-19 16:27:21,788 [omNode-1-OMStateMachineApplyTransactionThread - 0] WARN  snapshot.OMSnapshotCreateRequest (OMSnapshotCreateRequest.java:estimateBucketDataSize(337)) - DefaultReplicationConfig is not correctly set in OmBucketInfo for volume 'volume-82386567958592934054617703515556' bucket 'bucket-75863154439729776623854200256628'. Falling back to config default 'RATIS/THREE'
2024-08-19 16:27:21,788 [omNode-1-OMStateMachineApplyTransactionThread - 0] INFO  snapshot.OMSnapshotCreateRequest (OMSnapshotCreateRequest.java:validateAndUpdateCache(218)) - Created snapshot: 'snapshot-17806332192884285696500889025592' with snapshotId: '9ee0f2b2-f9d2-4dad-ac8c-175309b3fb75' under path 'volume-82386567958592934054617703515556/bucket-75863154439729776623854200256628'
2024-08-19 16:27:21,789 [main] WARN  server.ServerUtils (ServerUtils.java:getDBPath(299)) - ozone.om.db.dirs is not configured. We recommend adding this setting. Falling back to ozone.metadata.dirs instead.
2024-08-19 16:27:41,716 [main] INFO  db.RDBCheckpointUtils (RDBCheckpointUtils.java:waitForCheckpointDirectoryExist(51)) - Checkpoint directory: 20 didn't get created in /home/runner/work/ozone/ozone/hadoop-ozone/integration-test/target/test-dir/MiniOzoneClusterImpl-37a79142-3d3b-4256-8e35-bf5503c8d171/omNode-1/db.snapshots/checkpointState/om.db-9ee0f2b2-f9d2-4dad-ac8c-175309b3fb75 secs.
]]></system-out>
  </testcase>
  <testcase name="testListStatusWithAllowedUser(BucketLayout, boolean, boolean)[3]" classname="org.apache.hadoop.ozone.om.snapshot.TestOzoneManagerSnapshotAcl" time="20.016">
    <error type="java.io.IOException"><![CDATA[java.io.IOException: snapshot directory doesn't exist
	at org.apache.hadoop.ozone.om.snapshot.TestOzoneManagerSnapshotAcl.createSnapshot(TestOzoneManagerSnapshotAcl.java:591)
	at org.apache.hadoop.ozone.om.snapshot.TestOzoneManagerSnapshotAcl.setup(TestOzoneManagerSnapshotAcl.java:457)
	at org.apache.hadoop.ozone.om.snapshot.TestOzoneManagerSnapshotAcl.testListStatusWithAllowedUser(TestOzoneManagerSnapshotAcl.java:222)
	at java.base/java.lang.reflect.Method.invoke(Method.java:569)
	at java.base/java.util.stream.ForEachOps$ForEachOp$OfRef.accept(ForEachOps.java:183)
	at java.base/java.util.stream.ReferencePipeline$3$1.accept(ReferencePipeline.java:197)
	at java.base/java.util.stream.ReferencePipeline$2$1.accept(ReferencePipeline.java:179)
	at java.base/java.util.stream.ReferencePipeline$3$1.accept(ReferencePipeline.java:197)
	at java.base/java.util.stream.ForEachOps$ForEachOp$OfRef.accept(ForEachOps.java:183)
	at java.base/java.util.stream.ReferencePipeline$3$1.accept(ReferencePipeline.java:197)
	at java.base/java.util.stream.ReferencePipeline$3$1.accept(ReferencePipeline.java:197)
	at java.base/java.util.stream.ReferencePipeline$3$1.accept(ReferencePipeline.java:197)
	at java.base/java.util.stream.ForEachOps$ForEachOp$OfRef.accept(ForEachOps.java:183)
	at java.base/java.util.stream.ReferencePipeline$3$1.accept(ReferencePipeline.java:197)
	at java.base/java.util.Spliterators$ArraySpliterator.forEachRemaining(Spliterators.java:992)
	at java.base/java.util.stream.ReferencePipeline$Head.forEach(ReferencePipeline.java:762)
	at java.base/java.util.stream.ReferencePipeline$7$1.accept(ReferencePipeline.java:276)
	at java.base/java.util.stream.ReferencePipeline$3$1.accept(ReferencePipeline.java:197)
	at java.base/java.util.stream.ReferencePipeline$3$1.accept(ReferencePipeline.java:197)
	at java.base/java.util.stream.ReferencePipeline$3$1.accept(ReferencePipeline.java:197)
	at java.base/java.util.Spliterators$ArraySpliterator.forEachRemaining(Spliterators.java:992)
	at java.base/java.util.stream.AbstractPipeline.copyInto(AbstractPipeline.java:509)
	at java.base/java.util.stream.AbstractPipeline.wrapAndCopyInto(AbstractPipeline.java:499)
	at java.base/java.util.stream.ForEachOps$ForEachOp.evaluateSequential(ForEachOps.java:150)
	at java.base/java.util.stream.ForEachOps$ForEachOp$OfRef.evaluateSequential(ForEachOps.java:173)
	at java.base/java.util.stream.AbstractPipeline.evaluate(AbstractPipeline.java:234)
	at java.base/java.util.stream.ReferencePipeline.forEach(ReferencePipeline.java:596)
	at java.base/java.util.stream.ReferencePipeline$7$1.accept(ReferencePipeline.java:276)
	at java.base/java.util.stream.ReferencePipeline$3$1.accept(ReferencePipeline.java:197)
	at java.base/java.util.stream.ReferencePipeline$3$1.accept(ReferencePipeline.java:197)
	at java.base/java.util.stream.ReferencePipeline$3$1.accept(ReferencePipeline.java:197)
	at java.base/java.util.ArrayList$ArrayListSpliterator.forEachRemaining(ArrayList.java:1625)
	at java.base/java.util.stream.AbstractPipeline.copyInto(AbstractPipeline.java:509)
	at java.base/java.util.stream.AbstractPipeline.wrapAndCopyInto(AbstractPipeline.java:499)
	at java.base/java.util.stream.ForEachOps$ForEachOp.evaluateSequential(ForEachOps.java:150)
	at java.base/java.util.stream.ForEachOps$ForEachOp$OfRef.evaluateSequential(ForEachOps.java:173)
	at java.base/java.util.stream.AbstractPipeline.evaluate(AbstractPipeline.java:234)
	at java.base/java.util.stream.ReferencePipeline.forEach(ReferencePipeline.java:596)
	at java.base/java.util.stream.ReferencePipeline$7$1.accept(ReferencePipeline.java:276)
	at java.base/java.util.ArrayList$ArrayListSpliterator.forEachRemaining(ArrayList.java:1625)
	at java.base/java.util.stream.AbstractPipeline.copyInto(AbstractPipeline.java:509)
	at java.base/java.util.stream.AbstractPipeline.wrapAndCopyInto(AbstractPipeline.java:499)
	at java.base/java.util.stream.ForEachOps$ForEachOp.evaluateSequential(ForEachOps.java:150)
	at java.base/java.util.stream.ForEachOps$ForEachOp$OfRef.evaluateSequential(ForEachOps.java:173)
	at java.base/java.util.stream.AbstractPipeline.evaluate(AbstractPipeline.java:234)
	at java.base/java.util.stream.ReferencePipeline.forEach(ReferencePipeline.java:596)
	at java.base/java.util.ArrayList.forEach(ArrayList.java:1511)
	at java.base/java.util.ArrayList.forEach(ArrayList.java:1511)
]]></error>
    <system-out><![CDATA[2024-08-19 16:27:41,730 [main] INFO  rpc.RpcClient (RpcClient.java:createVolume(474)) - Creating Volume: volume-57065488053396803626980257814882, with admin as owner and space quota set to -1 bytes, counts quota set to -1
2024-08-19 16:27:41,734 [omNode-1-OMStateMachineApplyTransactionThread - 0] INFO  volume.OMVolumeCreateRequest (OMVolumeCreateRequest.java:validateAndUpdateCache(198)) - created volume:volume-57065488053396803626980257814882 for user:admin
2024-08-19 16:27:41,736 [main] INFO  rpc.RpcClient (RpcClient.java:createBucket(700)) - Creating Bucket: volume-57065488053396803626980257814882/bucket-33974902438143137940614429763191, with bucket layout LEGACY, admin as owner, Versioning false, Storage Type set to DISK and Encryption set to false, Replication Type set to server-side default replication type, Namespace Quota set to -1, Space Quota set to -1 
2024-08-19 16:27:41,739 [omNode-1-OMStateMachineApplyTransactionThread - 0] INFO  bucket.OMBucketCreateRequest (OMBucketCreateRequest.java:validateAndUpdateCache(293)) - created bucket: bucket-33974902438143137940614429763191 of layout LEGACY in volume: volume-57065488053396803626980257814882
2024-08-19 16:27:41,747 [main] INFO  io.KeyOutputStreamSemaphore (KeyOutputStreamSemaphore.java:<init>(35)) - Initializing semaphore with maxConcurrentWritePerKey = 1
2024-08-19 16:27:41,800 [omNode-1-OMStateMachineApplyTransactionThread - 0] WARN  snapshot.OMSnapshotCreateRequest (OMSnapshotCreateRequest.java:estimateBucketDataSize(337)) - DefaultReplicationConfig is not correctly set in OmBucketInfo for volume 'volume-57065488053396803626980257814882' bucket 'bucket-33974902438143137940614429763191'. Falling back to config default 'RATIS/THREE'
2024-08-19 16:27:41,801 [omNode-1-OMStateMachineApplyTransactionThread - 0] INFO  snapshot.OMSnapshotCreateRequest (OMSnapshotCreateRequest.java:validateAndUpdateCache(218)) - Created snapshot: 'snapshot-58510075416981118036356524812685' with snapshotId: 'd05347ec-2500-4fa7-ac40-e71f4f7de384' under path 'volume-57065488053396803626980257814882/bucket-33974902438143137940614429763191'
2024-08-19 16:27:41,802 [main] WARN  server.ServerUtils (ServerUtils.java:getDBPath(299)) - ozone.om.db.dirs is not configured. We recommend adding this setting. Falling back to ozone.metadata.dirs instead.
2024-08-19 16:27:50,104 [a60155f7-ea69-45b2-947a-1e7e01ad7119-BlockDeletingService#0] INFO  interfaces.ContainerDeletionChoosingPolicyTemplate (ContainerDeletionChoosingPolicyTemplate.java:chooseContainerForBlockDeletion(85)) - Chosen 0/5000 blocks from 0 candidate containers.
2024-08-19 16:27:50,471 [9b6d9b22-4572-4a82-ae1c-a91d234bbb93-BlockDeletingService#0] INFO  interfaces.ContainerDeletionChoosingPolicyTemplate (ContainerDeletionChoosingPolicyTemplate.java:chooseContainerForBlockDeletion(85)) - Chosen 0/5000 blocks from 0 candidate containers.
2024-08-19 16:27:50,872 [ee221735-3b90-4b08-961d-7f24e77247fb-BlockDeletingService#0] INFO  interfaces.ContainerDeletionChoosingPolicyTemplate (ContainerDeletionChoosingPolicyTemplate.java:chooseContainerForBlockDeletion(85)) - Chosen 0/5000 blocks from 0 candidate containers.
2024-08-19 16:28:01,732 [main] INFO  db.RDBCheckpointUtils (RDBCheckpointUtils.java:waitForCheckpointDirectoryExist(51)) - Checkpoint directory: 20 didn't get created in /home/runner/work/ozone/ozone/hadoop-ozone/integration-test/target/test-dir/MiniOzoneClusterImpl-37a79142-3d3b-4256-8e35-bf5503c8d171/omNode-1/db.snapshots/checkpointState/om.db-d05347ec-2500-4fa7-ac40-e71f4f7de384 secs.
]]></system-out>
  </testcase>
  <testcase name="testListStatusWithAllowedUser(BucketLayout, boolean, boolean)[4]" classname="org.apache.hadoop.ozone.om.snapshot.TestOzoneManagerSnapshotAcl" time="19.996">
    <error type="java.io.IOException"><![CDATA[java.io.IOException: snapshot directory doesn't exist
	at org.apache.hadoop.ozone.om.snapshot.TestOzoneManagerSnapshotAcl.createSnapshot(TestOzoneManagerSnapshotAcl.java:591)
	at org.apache.hadoop.ozone.om.snapshot.TestOzoneManagerSnapshotAcl.setup(TestOzoneManagerSnapshotAcl.java:457)
	at org.apache.hadoop.ozone.om.snapshot.TestOzoneManagerSnapshotAcl.testListStatusWithAllowedUser(TestOzoneManagerSnapshotAcl.java:222)
	at java.base/java.lang.reflect.Method.invoke(Method.java:569)
	at java.base/java.util.stream.ForEachOps$ForEachOp$OfRef.accept(ForEachOps.java:183)
	at java.base/java.util.stream.ReferencePipeline$3$1.accept(ReferencePipeline.java:197)
	at java.base/java.util.stream.ReferencePipeline$2$1.accept(ReferencePipeline.java:179)
	at java.base/java.util.stream.ReferencePipeline$3$1.accept(ReferencePipeline.java:197)
	at java.base/java.util.stream.ForEachOps$ForEachOp$OfRef.accept(ForEachOps.java:183)
	at java.base/java.util.stream.ReferencePipeline$3$1.accept(ReferencePipeline.java:197)
	at java.base/java.util.stream.ReferencePipeline$3$1.accept(ReferencePipeline.java:197)
	at java.base/java.util.stream.ReferencePipeline$3$1.accept(ReferencePipeline.java:197)
	at java.base/java.util.stream.ForEachOps$ForEachOp$OfRef.accept(ForEachOps.java:183)
	at java.base/java.util.stream.ReferencePipeline$3$1.accept(ReferencePipeline.java:197)
	at java.base/java.util.Spliterators$ArraySpliterator.forEachRemaining(Spliterators.java:992)
	at java.base/java.util.stream.ReferencePipeline$Head.forEach(ReferencePipeline.java:762)
	at java.base/java.util.stream.ReferencePipeline$7$1.accept(ReferencePipeline.java:276)
	at java.base/java.util.stream.ReferencePipeline$3$1.accept(ReferencePipeline.java:197)
	at java.base/java.util.stream.ReferencePipeline$3$1.accept(ReferencePipeline.java:197)
	at java.base/java.util.stream.ReferencePipeline$3$1.accept(ReferencePipeline.java:197)
	at java.base/java.util.Spliterators$ArraySpliterator.forEachRemaining(Spliterators.java:992)
	at java.base/java.util.stream.AbstractPipeline.copyInto(AbstractPipeline.java:509)
	at java.base/java.util.stream.AbstractPipeline.wrapAndCopyInto(AbstractPipeline.java:499)
	at java.base/java.util.stream.ForEachOps$ForEachOp.evaluateSequential(ForEachOps.java:150)
	at java.base/java.util.stream.ForEachOps$ForEachOp$OfRef.evaluateSequential(ForEachOps.java:173)
	at java.base/java.util.stream.AbstractPipeline.evaluate(AbstractPipeline.java:234)
	at java.base/java.util.stream.ReferencePipeline.forEach(ReferencePipeline.java:596)
	at java.base/java.util.stream.ReferencePipeline$7$1.accept(ReferencePipeline.java:276)
	at java.base/java.util.stream.ReferencePipeline$3$1.accept(ReferencePipeline.java:197)
	at java.base/java.util.stream.ReferencePipeline$3$1.accept(ReferencePipeline.java:197)
	at java.base/java.util.stream.ReferencePipeline$3$1.accept(ReferencePipeline.java:197)
	at java.base/java.util.ArrayList$ArrayListSpliterator.forEachRemaining(ArrayList.java:1625)
	at java.base/java.util.stream.AbstractPipeline.copyInto(AbstractPipeline.java:509)
	at java.base/java.util.stream.AbstractPipeline.wrapAndCopyInto(AbstractPipeline.java:499)
	at java.base/java.util.stream.ForEachOps$ForEachOp.evaluateSequential(ForEachOps.java:150)
	at java.base/java.util.stream.ForEachOps$ForEachOp$OfRef.evaluateSequential(ForEachOps.java:173)
	at java.base/java.util.stream.AbstractPipeline.evaluate(AbstractPipeline.java:234)
	at java.base/java.util.stream.ReferencePipeline.forEach(ReferencePipeline.java:596)
	at java.base/java.util.stream.ReferencePipeline$7$1.accept(ReferencePipeline.java:276)
	at java.base/java.util.ArrayList$ArrayListSpliterator.forEachRemaining(ArrayList.java:1625)
	at java.base/java.util.stream.AbstractPipeline.copyInto(AbstractPipeline.java:509)
	at java.base/java.util.stream.AbstractPipeline.wrapAndCopyInto(AbstractPipeline.java:499)
	at java.base/java.util.stream.ForEachOps$ForEachOp.evaluateSequential(ForEachOps.java:150)
	at java.base/java.util.stream.ForEachOps$ForEachOp$OfRef.evaluateSequential(ForEachOps.java:173)
	at java.base/java.util.stream.AbstractPipeline.evaluate(AbstractPipeline.java:234)
	at java.base/java.util.stream.ReferencePipeline.forEach(ReferencePipeline.java:596)
	at java.base/java.util.ArrayList.forEach(ArrayList.java:1511)
	at java.base/java.util.ArrayList.forEach(ArrayList.java:1511)
]]></error>
    <system-out><![CDATA[2024-08-19 16:28:01,736 [main] INFO  rpc.RpcClient (RpcClient.java:createVolume(474)) - Creating Volume: volume-90570638147574958637459100389269, with admin as owner and space quota set to -1 bytes, counts quota set to -1
2024-08-19 16:28:01,739 [omNode-1-OMStateMachineApplyTransactionThread - 0] INFO  volume.OMVolumeCreateRequest (OMVolumeCreateRequest.java:validateAndUpdateCache(198)) - created volume:volume-90570638147574958637459100389269 for user:admin
2024-08-19 16:28:01,741 [main] INFO  rpc.RpcClient (RpcClient.java:createBucket(700)) - Creating Bucket: volume-90570638147574958637459100389269/bucket-74199497475429263013820771865466, with bucket layout OBJECT_STORE, admin as owner, Versioning false, Storage Type set to DISK and Encryption set to false, Replication Type set to server-side default replication type, Namespace Quota set to -1, Space Quota set to -1 
2024-08-19 16:28:01,743 [omNode-1-OMStateMachineApplyTransactionThread - 0] INFO  bucket.OMBucketCreateRequest (OMBucketCreateRequest.java:validateAndUpdateCache(293)) - created bucket: bucket-74199497475429263013820771865466 of layout OBJECT_STORE in volume: volume-90570638147574958637459100389269
2024-08-19 16:28:01,751 [main] INFO  io.KeyOutputStreamSemaphore (KeyOutputStreamSemaphore.java:<init>(35)) - Initializing semaphore with maxConcurrentWritePerKey = 1
2024-08-19 16:28:01,802 [omNode-1-OMStateMachineApplyTransactionThread - 0] WARN  snapshot.OMSnapshotCreateRequest (OMSnapshotCreateRequest.java:estimateBucketDataSize(337)) - DefaultReplicationConfig is not correctly set in OmBucketInfo for volume 'volume-90570638147574958637459100389269' bucket 'bucket-74199497475429263013820771865466'. Falling back to config default 'RATIS/THREE'
2024-08-19 16:28:01,802 [omNode-1-OMStateMachineApplyTransactionThread - 0] INFO  snapshot.OMSnapshotCreateRequest (OMSnapshotCreateRequest.java:validateAndUpdateCache(218)) - Created snapshot: 'snapshot-30561312005502405187334968143694' with snapshotId: '0b67e086-5fb7-41dc-83d4-d87cd9ec0197' under path 'volume-90570638147574958637459100389269/bucket-74199497475429263013820771865466'
2024-08-19 16:28:01,803 [main] WARN  server.ServerUtils (ServerUtils.java:getDBPath(299)) - ozone.om.db.dirs is not configured. We recommend adding this setting. Falling back to ozone.metadata.dirs instead.
2024-08-19 16:28:21,730 [main] INFO  db.RDBCheckpointUtils (RDBCheckpointUtils.java:waitForCheckpointDirectoryExist(51)) - Checkpoint directory: 20 didn't get created in /home/runner/work/ozone/ozone/hadoop-ozone/integration-test/target/test-dir/MiniOzoneClusterImpl-37a79142-3d3b-4256-8e35-bf5503c8d171/omNode-1/db.snapshots/checkpointState/om.db-0b67e086-5fb7-41dc-83d4-d87cd9ec0197 secs.
]]></system-out>
  </testcase>
  <testcase name="testListStatusWithAllowedUser(BucketLayout, boolean, boolean)[5]" classname="org.apache.hadoop.ozone.om.snapshot.TestOzoneManagerSnapshotAcl" time="20.007">
    <error type="java.io.IOException"><![CDATA[java.io.IOException: snapshot directory doesn't exist
	at org.apache.hadoop.ozone.om.snapshot.TestOzoneManagerSnapshotAcl.createSnapshot(TestOzoneManagerSnapshotAcl.java:591)
	at org.apache.hadoop.ozone.om.snapshot.TestOzoneManagerSnapshotAcl.setup(TestOzoneManagerSnapshotAcl.java:457)
	at org.apache.hadoop.ozone.om.snapshot.TestOzoneManagerSnapshotAcl.testListStatusWithAllowedUser(TestOzoneManagerSnapshotAcl.java:222)
	at java.base/java.lang.reflect.Method.invoke(Method.java:569)
	at java.base/java.util.stream.ForEachOps$ForEachOp$OfRef.accept(ForEachOps.java:183)
	at java.base/java.util.stream.ReferencePipeline$3$1.accept(ReferencePipeline.java:197)
	at java.base/java.util.stream.ReferencePipeline$2$1.accept(ReferencePipeline.java:179)
	at java.base/java.util.stream.ReferencePipeline$3$1.accept(ReferencePipeline.java:197)
	at java.base/java.util.stream.ForEachOps$ForEachOp$OfRef.accept(ForEachOps.java:183)
	at java.base/java.util.stream.ReferencePipeline$3$1.accept(ReferencePipeline.java:197)
	at java.base/java.util.stream.ReferencePipeline$3$1.accept(ReferencePipeline.java:197)
	at java.base/java.util.stream.ReferencePipeline$3$1.accept(ReferencePipeline.java:197)
	at java.base/java.util.stream.ForEachOps$ForEachOp$OfRef.accept(ForEachOps.java:183)
	at java.base/java.util.stream.ReferencePipeline$3$1.accept(ReferencePipeline.java:197)
	at java.base/java.util.Spliterators$ArraySpliterator.forEachRemaining(Spliterators.java:992)
	at java.base/java.util.stream.ReferencePipeline$Head.forEach(ReferencePipeline.java:762)
	at java.base/java.util.stream.ReferencePipeline$7$1.accept(ReferencePipeline.java:276)
	at java.base/java.util.stream.ReferencePipeline$3$1.accept(ReferencePipeline.java:197)
	at java.base/java.util.stream.ReferencePipeline$3$1.accept(ReferencePipeline.java:197)
	at java.base/java.util.stream.ReferencePipeline$3$1.accept(ReferencePipeline.java:197)
	at java.base/java.util.Spliterators$ArraySpliterator.forEachRemaining(Spliterators.java:992)
	at java.base/java.util.stream.AbstractPipeline.copyInto(AbstractPipeline.java:509)
	at java.base/java.util.stream.AbstractPipeline.wrapAndCopyInto(AbstractPipeline.java:499)
	at java.base/java.util.stream.ForEachOps$ForEachOp.evaluateSequential(ForEachOps.java:150)
	at java.base/java.util.stream.ForEachOps$ForEachOp$OfRef.evaluateSequential(ForEachOps.java:173)
	at java.base/java.util.stream.AbstractPipeline.evaluate(AbstractPipeline.java:234)
	at java.base/java.util.stream.ReferencePipeline.forEach(ReferencePipeline.java:596)
	at java.base/java.util.stream.ReferencePipeline$7$1.accept(ReferencePipeline.java:276)
	at java.base/java.util.stream.ReferencePipeline$3$1.accept(ReferencePipeline.java:197)
	at java.base/java.util.stream.ReferencePipeline$3$1.accept(ReferencePipeline.java:197)
	at java.base/java.util.stream.ReferencePipeline$3$1.accept(ReferencePipeline.java:197)
	at java.base/java.util.ArrayList$ArrayListSpliterator.forEachRemaining(ArrayList.java:1625)
	at java.base/java.util.stream.AbstractPipeline.copyInto(AbstractPipeline.java:509)
	at java.base/java.util.stream.AbstractPipeline.wrapAndCopyInto(AbstractPipeline.java:499)
	at java.base/java.util.stream.ForEachOps$ForEachOp.evaluateSequential(ForEachOps.java:150)
	at java.base/java.util.stream.ForEachOps$ForEachOp$OfRef.evaluateSequential(ForEachOps.java:173)
	at java.base/java.util.stream.AbstractPipeline.evaluate(AbstractPipeline.java:234)
	at java.base/java.util.stream.ReferencePipeline.forEach(ReferencePipeline.java:596)
	at java.base/java.util.stream.ReferencePipeline$7$1.accept(ReferencePipeline.java:276)
	at java.base/java.util.ArrayList$ArrayListSpliterator.forEachRemaining(ArrayList.java:1625)
	at java.base/java.util.stream.AbstractPipeline.copyInto(AbstractPipeline.java:509)
	at java.base/java.util.stream.AbstractPipeline.wrapAndCopyInto(AbstractPipeline.java:499)
	at java.base/java.util.stream.ForEachOps$ForEachOp.evaluateSequential(ForEachOps.java:150)
	at java.base/java.util.stream.ForEachOps$ForEachOp$OfRef.evaluateSequential(ForEachOps.java:173)
	at java.base/java.util.stream.AbstractPipeline.evaluate(AbstractPipeline.java:234)
	at java.base/java.util.stream.ReferencePipeline.forEach(ReferencePipeline.java:596)
	at java.base/java.util.ArrayList.forEach(ArrayList.java:1511)
	at java.base/java.util.ArrayList.forEach(ArrayList.java:1511)
]]></error>
    <system-out><![CDATA[2024-08-19 16:28:21,741 [main] INFO  rpc.RpcClient (RpcClient.java:createVolume(474)) - Creating Volume: volume-15300689306968908041216520780009, with admin as owner and space quota set to -1 bytes, counts quota set to -1
2024-08-19 16:28:21,745 [omNode-1-OMStateMachineApplyTransactionThread - 0] INFO  volume.OMVolumeCreateRequest (OMVolumeCreateRequest.java:validateAndUpdateCache(198)) - created volume:volume-15300689306968908041216520780009 for user:admin
2024-08-19 16:28:21,746 [main] INFO  rpc.RpcClient (RpcClient.java:createBucket(700)) - Creating Bucket: volume-15300689306968908041216520780009/bucket-15929792548112288162846701018386, with bucket layout LEGACY, admin as owner, Versioning false, Storage Type set to DISK and Encryption set to false, Replication Type set to server-side default replication type, Namespace Quota set to -1, Space Quota set to -1 
2024-08-19 16:28:21,748 [omNode-1-OMStateMachineApplyTransactionThread - 0] INFO  bucket.OMBucketCreateRequest (OMBucketCreateRequest.java:validateAndUpdateCache(293)) - created bucket: bucket-15929792548112288162846701018386 of layout LEGACY in volume: volume-15300689306968908041216520780009
2024-08-19 16:28:21,757 [main] INFO  io.KeyOutputStreamSemaphore (KeyOutputStreamSemaphore.java:<init>(35)) - Initializing semaphore with maxConcurrentWritePerKey = 1
2024-08-19 16:28:21,810 [omNode-1-OMStateMachineApplyTransactionThread - 0] WARN  snapshot.OMSnapshotCreateRequest (OMSnapshotCreateRequest.java:estimateBucketDataSize(337)) - DefaultReplicationConfig is not correctly set in OmBucketInfo for volume 'volume-15300689306968908041216520780009' bucket 'bucket-15929792548112288162846701018386'. Falling back to config default 'RATIS/THREE'
2024-08-19 16:28:21,811 [omNode-1-OMStateMachineApplyTransactionThread - 0] INFO  snapshot.OMSnapshotCreateRequest (OMSnapshotCreateRequest.java:validateAndUpdateCache(218)) - Created snapshot: 'snapshot-61183204299812985883244579135790' with snapshotId: '84a0782a-15fa-446e-9b1b-4021fe08bc17' under path 'volume-15300689306968908041216520780009/bucket-15929792548112288162846701018386'
2024-08-19 16:28:21,812 [main] WARN  server.ServerUtils (ServerUtils.java:getDBPath(299)) - ozone.om.db.dirs is not configured. We recommend adding this setting. Falling back to ozone.metadata.dirs instead.
2024-08-19 16:28:41,738 [main] INFO  db.RDBCheckpointUtils (RDBCheckpointUtils.java:waitForCheckpointDirectoryExist(51)) - Checkpoint directory: 20 didn't get created in /home/runner/work/ozone/ozone/hadoop-ozone/integration-test/target/test-dir/MiniOzoneClusterImpl-37a79142-3d3b-4256-8e35-bf5503c8d171/omNode-1/db.snapshots/checkpointState/om.db-84a0782a-15fa-446e-9b1b-4021fe08bc17 secs.
]]></system-out>
  </testcase>
  <testcase name="testListStatusWithAllowedUser(BucketLayout, boolean, boolean)[6]" classname="org.apache.hadoop.ozone.om.snapshot.TestOzoneManagerSnapshotAcl" time="22.494">
    <error type="java.io.IOException"><![CDATA[java.io.IOException: snapshot directory doesn't exist
	at org.apache.hadoop.ozone.om.snapshot.TestOzoneManagerSnapshotAcl.createSnapshot(TestOzoneManagerSnapshotAcl.java:591)
	at org.apache.hadoop.ozone.om.snapshot.TestOzoneManagerSnapshotAcl.setup(TestOzoneManagerSnapshotAcl.java:457)
	at org.apache.hadoop.ozone.om.snapshot.TestOzoneManagerSnapshotAcl.testListStatusWithAllowedUser(TestOzoneManagerSnapshotAcl.java:222)
	at java.base/java.lang.reflect.Method.invoke(Method.java:569)
	at java.base/java.util.stream.ForEachOps$ForEachOp$OfRef.accept(ForEachOps.java:183)
	at java.base/java.util.stream.ReferencePipeline$3$1.accept(ReferencePipeline.java:197)
	at java.base/java.util.stream.ReferencePipeline$2$1.accept(ReferencePipeline.java:179)
	at java.base/java.util.stream.ReferencePipeline$3$1.accept(ReferencePipeline.java:197)
	at java.base/java.util.stream.ForEachOps$ForEachOp$OfRef.accept(ForEachOps.java:183)
	at java.base/java.util.stream.ReferencePipeline$3$1.accept(ReferencePipeline.java:197)
	at java.base/java.util.stream.ReferencePipeline$3$1.accept(ReferencePipeline.java:197)
	at java.base/java.util.stream.ReferencePipeline$3$1.accept(ReferencePipeline.java:197)
	at java.base/java.util.stream.ForEachOps$ForEachOp$OfRef.accept(ForEachOps.java:183)
	at java.base/java.util.stream.ReferencePipeline$3$1.accept(ReferencePipeline.java:197)
	at java.base/java.util.Spliterators$ArraySpliterator.forEachRemaining(Spliterators.java:992)
	at java.base/java.util.stream.ReferencePipeline$Head.forEach(ReferencePipeline.java:762)
	at java.base/java.util.stream.ReferencePipeline$7$1.accept(ReferencePipeline.java:276)
	at java.base/java.util.stream.ReferencePipeline$3$1.accept(ReferencePipeline.java:197)
	at java.base/java.util.stream.ReferencePipeline$3$1.accept(ReferencePipeline.java:197)
	at java.base/java.util.stream.ReferencePipeline$3$1.accept(ReferencePipeline.java:197)
	at java.base/java.util.Spliterators$ArraySpliterator.forEachRemaining(Spliterators.java:992)
	at java.base/java.util.stream.AbstractPipeline.copyInto(AbstractPipeline.java:509)
	at java.base/java.util.stream.AbstractPipeline.wrapAndCopyInto(AbstractPipeline.java:499)
	at java.base/java.util.stream.ForEachOps$ForEachOp.evaluateSequential(ForEachOps.java:150)
	at java.base/java.util.stream.ForEachOps$ForEachOp$OfRef.evaluateSequential(ForEachOps.java:173)
	at java.base/java.util.stream.AbstractPipeline.evaluate(AbstractPipeline.java:234)
	at java.base/java.util.stream.ReferencePipeline.forEach(ReferencePipeline.java:596)
	at java.base/java.util.stream.ReferencePipeline$7$1.accept(ReferencePipeline.java:276)
	at java.base/java.util.stream.ReferencePipeline$3$1.accept(ReferencePipeline.java:197)
	at java.base/java.util.stream.ReferencePipeline$3$1.accept(ReferencePipeline.java:197)
	at java.base/java.util.stream.ReferencePipeline$3$1.accept(ReferencePipeline.java:197)
	at java.base/java.util.ArrayList$ArrayListSpliterator.forEachRemaining(ArrayList.java:1625)
	at java.base/java.util.stream.AbstractPipeline.copyInto(AbstractPipeline.java:509)
	at java.base/java.util.stream.AbstractPipeline.wrapAndCopyInto(AbstractPipeline.java:499)
	at java.base/java.util.stream.ForEachOps$ForEachOp.evaluateSequential(ForEachOps.java:150)
	at java.base/java.util.stream.ForEachOps$ForEachOp$OfRef.evaluateSequential(ForEachOps.java:173)
	at java.base/java.util.stream.AbstractPipeline.evaluate(AbstractPipeline.java:234)
	at java.base/java.util.stream.ReferencePipeline.forEach(ReferencePipeline.java:596)
	at java.base/java.util.stream.ReferencePipeline$7$1.accept(ReferencePipeline.java:276)
	at java.base/java.util.ArrayList$ArrayListSpliterator.forEachRemaining(ArrayList.java:1625)
	at java.base/java.util.stream.AbstractPipeline.copyInto(AbstractPipeline.java:509)
	at java.base/java.util.stream.AbstractPipeline.wrapAndCopyInto(AbstractPipeline.java:499)
	at java.base/java.util.stream.ForEachOps$ForEachOp.evaluateSequential(ForEachOps.java:150)
	at java.base/java.util.stream.ForEachOps$ForEachOp$OfRef.evaluateSequential(ForEachOps.java:173)
	at java.base/java.util.stream.AbstractPipeline.evaluate(AbstractPipeline.java:234)
	at java.base/java.util.stream.ReferencePipeline.forEach(ReferencePipeline.java:596)
	at java.base/java.util.ArrayList.forEach(ArrayList.java:1511)
	at java.base/java.util.ArrayList.forEach(ArrayList.java:1511)
]]></error>
    <system-out><![CDATA[2024-08-19 16:28:41,741 [main] INFO  rpc.RpcClient (RpcClient.java:createVolume(474)) - Creating Volume: volume-03329493704525585507828568207688, with admin as owner and space quota set to -1 bytes, counts quota set to -1
2024-08-19 16:28:41,745 [omNode-1-OMStateMachineApplyTransactionThread - 0] INFO  volume.OMVolumeCreateRequest (OMVolumeCreateRequest.java:validateAndUpdateCache(198)) - created volume:volume-03329493704525585507828568207688 for user:admin
2024-08-19 16:28:41,747 [main] INFO  rpc.RpcClient (RpcClient.java:createBucket(700)) - Creating Bucket: volume-03329493704525585507828568207688/bucket-00447729481441345949752705376196, with bucket layout OBJECT_STORE, admin as owner, Versioning false, Storage Type set to DISK and Encryption set to false, Replication Type set to server-side default replication type, Namespace Quota set to -1, Space Quota set to -1 
2024-08-19 16:28:41,749 [omNode-1-OMStateMachineApplyTransactionThread - 0] INFO  bucket.OMBucketCreateRequest (OMBucketCreateRequest.java:validateAndUpdateCache(293)) - created bucket: bucket-00447729481441345949752705376196 of layout OBJECT_STORE in volume: volume-03329493704525585507828568207688
2024-08-19 16:28:41,757 [main] INFO  io.KeyOutputStreamSemaphore (KeyOutputStreamSemaphore.java:<init>(35)) - Initializing semaphore with maxConcurrentWritePerKey = 1
2024-08-19 16:28:44,307 [omNode-1-OMStateMachineApplyTransactionThread - 0] WARN  snapshot.OMSnapshotCreateRequest (OMSnapshotCreateRequest.java:estimateBucketDataSize(337)) - DefaultReplicationConfig is not correctly set in OmBucketInfo for volume 'volume-03329493704525585507828568207688' bucket 'bucket-00447729481441345949752705376196'. Falling back to config default 'RATIS/THREE'
2024-08-19 16:28:44,307 [omNode-1-OMStateMachineApplyTransactionThread - 0] INFO  snapshot.OMSnapshotCreateRequest (OMSnapshotCreateRequest.java:validateAndUpdateCache(218)) - Created snapshot: 'snapshot-45139549712421425614935821903876' with snapshotId: '1213f506-8bb7-4d2a-8b69-1e7a28a8477f' under path 'volume-03329493704525585507828568207688/bucket-00447729481441345949752705376196'
2024-08-19 16:28:44,308 [main] WARN  server.ServerUtils (ServerUtils.java:getDBPath(299)) - ozone.om.db.dirs is not configured. We recommend adding this setting. Falling back to ozone.metadata.dirs instead.
2024-08-19 16:28:50,104 [a60155f7-ea69-45b2-947a-1e7e01ad7119-BlockDeletingService#2] INFO  interfaces.ContainerDeletionChoosingPolicyTemplate (ContainerDeletionChoosingPolicyTemplate.java:chooseContainerForBlockDeletion(85)) - Chosen 0/5000 blocks from 0 candidate containers.
2024-08-19 16:28:50,471 [9b6d9b22-4572-4a82-ae1c-a91d234bbb93-BlockDeletingService#2] INFO  interfaces.ContainerDeletionChoosingPolicyTemplate (ContainerDeletionChoosingPolicyTemplate.java:chooseContainerForBlockDeletion(85)) - Chosen 0/5000 blocks from 0 candidate containers.
2024-08-19 16:28:50,873 [ee221735-3b90-4b08-961d-7f24e77247fb-BlockDeletingService#2] INFO  interfaces.ContainerDeletionChoosingPolicyTemplate (ContainerDeletionChoosingPolicyTemplate.java:chooseContainerForBlockDeletion(85)) - Chosen 0/5000 blocks from 0 candidate containers.
2024-08-19 16:29:04,234 [main] INFO  db.RDBCheckpointUtils (RDBCheckpointUtils.java:waitForCheckpointDirectoryExist(51)) - Checkpoint directory: 20 didn't get created in /home/runner/work/ozone/ozone/hadoop-ozone/integration-test/target/test-dir/MiniOzoneClusterImpl-37a79142-3d3b-4256-8e35-bf5503c8d171/omNode-1/db.snapshots/checkpointState/om.db-1213f506-8bb7-4d2a-8b69-1e7a28a8477f secs.
]]></system-out>
  </testcase>
  <testcase name="testListStatusWithAllowedUser(BucketLayout, boolean, boolean)[7]" classname="org.apache.hadoop.ozone.om.snapshot.TestOzoneManagerSnapshotAcl" time="20.012">
    <error type="java.io.IOException"><![CDATA[java.io.IOException: snapshot directory doesn't exist
	at org.apache.hadoop.ozone.om.snapshot.TestOzoneManagerSnapshotAcl.createSnapshot(TestOzoneManagerSnapshotAcl.java:591)
	at org.apache.hadoop.ozone.om.snapshot.TestOzoneManagerSnapshotAcl.setup(TestOzoneManagerSnapshotAcl.java:457)
	at org.apache.hadoop.ozone.om.snapshot.TestOzoneManagerSnapshotAcl.testListStatusWithAllowedUser(TestOzoneManagerSnapshotAcl.java:222)
	at java.base/java.lang.reflect.Method.invoke(Method.java:569)
	at java.base/java.util.stream.ForEachOps$ForEachOp$OfRef.accept(ForEachOps.java:183)
	at java.base/java.util.stream.ReferencePipeline$3$1.accept(ReferencePipeline.java:197)
	at java.base/java.util.stream.ReferencePipeline$2$1.accept(ReferencePipeline.java:179)
	at java.base/java.util.stream.ReferencePipeline$3$1.accept(ReferencePipeline.java:197)
	at java.base/java.util.stream.ForEachOps$ForEachOp$OfRef.accept(ForEachOps.java:183)
	at java.base/java.util.stream.ReferencePipeline$3$1.accept(ReferencePipeline.java:197)
	at java.base/java.util.stream.ReferencePipeline$3$1.accept(ReferencePipeline.java:197)
	at java.base/java.util.stream.ReferencePipeline$3$1.accept(ReferencePipeline.java:197)
	at java.base/java.util.stream.ForEachOps$ForEachOp$OfRef.accept(ForEachOps.java:183)
	at java.base/java.util.stream.ReferencePipeline$3$1.accept(ReferencePipeline.java:197)
	at java.base/java.util.Spliterators$ArraySpliterator.forEachRemaining(Spliterators.java:992)
	at java.base/java.util.stream.ReferencePipeline$Head.forEach(ReferencePipeline.java:762)
	at java.base/java.util.stream.ReferencePipeline$7$1.accept(ReferencePipeline.java:276)
	at java.base/java.util.stream.ReferencePipeline$3$1.accept(ReferencePipeline.java:197)
	at java.base/java.util.stream.ReferencePipeline$3$1.accept(ReferencePipeline.java:197)
	at java.base/java.util.stream.ReferencePipeline$3$1.accept(ReferencePipeline.java:197)
	at java.base/java.util.Spliterators$ArraySpliterator.forEachRemaining(Spliterators.java:992)
	at java.base/java.util.stream.AbstractPipeline.copyInto(AbstractPipeline.java:509)
	at java.base/java.util.stream.AbstractPipeline.wrapAndCopyInto(AbstractPipeline.java:499)
	at java.base/java.util.stream.ForEachOps$ForEachOp.evaluateSequential(ForEachOps.java:150)
	at java.base/java.util.stream.ForEachOps$ForEachOp$OfRef.evaluateSequential(ForEachOps.java:173)
	at java.base/java.util.stream.AbstractPipeline.evaluate(AbstractPipeline.java:234)
	at java.base/java.util.stream.ReferencePipeline.forEach(ReferencePipeline.java:596)
	at java.base/java.util.stream.ReferencePipeline$7$1.accept(ReferencePipeline.java:276)
	at java.base/java.util.stream.ReferencePipeline$3$1.accept(ReferencePipeline.java:197)
	at java.base/java.util.stream.ReferencePipeline$3$1.accept(ReferencePipeline.java:197)
	at java.base/java.util.stream.ReferencePipeline$3$1.accept(ReferencePipeline.java:197)
	at java.base/java.util.ArrayList$ArrayListSpliterator.forEachRemaining(ArrayList.java:1625)
	at java.base/java.util.stream.AbstractPipeline.copyInto(AbstractPipeline.java:509)
	at java.base/java.util.stream.AbstractPipeline.wrapAndCopyInto(AbstractPipeline.java:499)
	at java.base/java.util.stream.ForEachOps$ForEachOp.evaluateSequential(ForEachOps.java:150)
	at java.base/java.util.stream.ForEachOps$ForEachOp$OfRef.evaluateSequential(ForEachOps.java:173)
	at java.base/java.util.stream.AbstractPipeline.evaluate(AbstractPipeline.java:234)
	at java.base/java.util.stream.ReferencePipeline.forEach(ReferencePipeline.java:596)
	at java.base/java.util.stream.ReferencePipeline$7$1.accept(ReferencePipeline.java:276)
	at java.base/java.util.ArrayList$ArrayListSpliterator.forEachRemaining(ArrayList.java:1625)
	at java.base/java.util.stream.AbstractPipeline.copyInto(AbstractPipeline.java:509)
	at java.base/java.util.stream.AbstractPipeline.wrapAndCopyInto(AbstractPipeline.java:499)
	at java.base/java.util.stream.ForEachOps$ForEachOp.evaluateSequential(ForEachOps.java:150)
	at java.base/java.util.stream.ForEachOps$ForEachOp$OfRef.evaluateSequential(ForEachOps.java:173)
	at java.base/java.util.stream.AbstractPipeline.evaluate(AbstractPipeline.java:234)
	at java.base/java.util.stream.ReferencePipeline.forEach(ReferencePipeline.java:596)
	at java.base/java.util.ArrayList.forEach(ArrayList.java:1511)
	at java.base/java.util.ArrayList.forEach(ArrayList.java:1511)
]]></error>
    <system-out><![CDATA[2024-08-19 16:29:04,245 [main] INFO  rpc.RpcClient (RpcClient.java:createVolume(474)) - Creating Volume: volume-84009779082822434611750191064235, with admin as owner and space quota set to -1 bytes, counts quota set to -1
2024-08-19 16:29:04,249 [omNode-1-OMStateMachineApplyTransactionThread - 0] INFO  volume.OMVolumeCreateRequest (OMVolumeCreateRequest.java:validateAndUpdateCache(198)) - created volume:volume-84009779082822434611750191064235 for user:admin
2024-08-19 16:29:04,250 [main] INFO  rpc.RpcClient (RpcClient.java:createBucket(700)) - Creating Bucket: volume-84009779082822434611750191064235/bucket-63236363755831390653017498202288, with bucket layout FILE_SYSTEM_OPTIMIZED, admin as owner, Versioning false, Storage Type set to DISK and Encryption set to false, Replication Type set to server-side default replication type, Namespace Quota set to -1, Space Quota set to -1 
2024-08-19 16:29:04,252 [omNode-1-OMStateMachineApplyTransactionThread - 0] INFO  bucket.OMBucketCreateRequest (OMBucketCreateRequest.java:validateAndUpdateCache(293)) - created bucket: bucket-63236363755831390653017498202288 of layout FILE_SYSTEM_OPTIMIZED in volume: volume-84009779082822434611750191064235
2024-08-19 16:29:04,263 [main] INFO  io.KeyOutputStreamSemaphore (KeyOutputStreamSemaphore.java:<init>(35)) - Initializing semaphore with maxConcurrentWritePerKey = 1
2024-08-19 16:29:04,318 [omNode-1-OMStateMachineApplyTransactionThread - 0] WARN  snapshot.OMSnapshotCreateRequest (OMSnapshotCreateRequest.java:estimateBucketDataSize(337)) - DefaultReplicationConfig is not correctly set in OmBucketInfo for volume 'volume-84009779082822434611750191064235' bucket 'bucket-63236363755831390653017498202288'. Falling back to config default 'RATIS/THREE'
2024-08-19 16:29:04,318 [omNode-1-OMStateMachineApplyTransactionThread - 0] INFO  snapshot.OMSnapshotCreateRequest (OMSnapshotCreateRequest.java:validateAndUpdateCache(218)) - Created snapshot: 'snapshot-52895045079650074366386938266819' with snapshotId: 'b358169d-f8d5-4503-9b44-395be46a766f' under path 'volume-84009779082822434611750191064235/bucket-63236363755831390653017498202288'
2024-08-19 16:29:04,319 [main] WARN  server.ServerUtils (ServerUtils.java:getDBPath(299)) - ozone.om.db.dirs is not configured. We recommend adding this setting. Falling back to ozone.metadata.dirs instead.
2024-08-19 16:29:24,247 [main] INFO  db.RDBCheckpointUtils (RDBCheckpointUtils.java:waitForCheckpointDirectoryExist(51)) - Checkpoint directory: 20 didn't get created in /home/runner/work/ozone/ozone/hadoop-ozone/integration-test/target/test-dir/MiniOzoneClusterImpl-37a79142-3d3b-4256-8e35-bf5503c8d171/omNode-1/db.snapshots/checkpointState/om.db-b358169d-f8d5-4503-9b44-395be46a766f secs.
]]></system-out>
  </testcase>
  <testcase name="testListStatusWithAllowedUser(BucketLayout, boolean, boolean)[8]" classname="org.apache.hadoop.ozone.om.snapshot.TestOzoneManagerSnapshotAcl" time="19.994">
    <error type="java.io.IOException"><![CDATA[java.io.IOException: snapshot directory doesn't exist
	at org.apache.hadoop.ozone.om.snapshot.TestOzoneManagerSnapshotAcl.createSnapshot(TestOzoneManagerSnapshotAcl.java:591)
	at org.apache.hadoop.ozone.om.snapshot.TestOzoneManagerSnapshotAcl.setup(TestOzoneManagerSnapshotAcl.java:457)
	at org.apache.hadoop.ozone.om.snapshot.TestOzoneManagerSnapshotAcl.testListStatusWithAllowedUser(TestOzoneManagerSnapshotAcl.java:222)
	at java.base/java.lang.reflect.Method.invoke(Method.java:569)
	at java.base/java.util.stream.ForEachOps$ForEachOp$OfRef.accept(ForEachOps.java:183)
	at java.base/java.util.stream.ReferencePipeline$3$1.accept(ReferencePipeline.java:197)
	at java.base/java.util.stream.ReferencePipeline$2$1.accept(ReferencePipeline.java:179)
	at java.base/java.util.stream.ReferencePipeline$3$1.accept(ReferencePipeline.java:197)
	at java.base/java.util.stream.ForEachOps$ForEachOp$OfRef.accept(ForEachOps.java:183)
	at java.base/java.util.stream.ReferencePipeline$3$1.accept(ReferencePipeline.java:197)
	at java.base/java.util.stream.ReferencePipeline$3$1.accept(ReferencePipeline.java:197)
	at java.base/java.util.stream.ReferencePipeline$3$1.accept(ReferencePipeline.java:197)
	at java.base/java.util.stream.ForEachOps$ForEachOp$OfRef.accept(ForEachOps.java:183)
	at java.base/java.util.stream.ReferencePipeline$3$1.accept(ReferencePipeline.java:197)
	at java.base/java.util.Spliterators$ArraySpliterator.forEachRemaining(Spliterators.java:992)
	at java.base/java.util.stream.ReferencePipeline$Head.forEach(ReferencePipeline.java:762)
	at java.base/java.util.stream.ReferencePipeline$7$1.accept(ReferencePipeline.java:276)
	at java.base/java.util.stream.ReferencePipeline$3$1.accept(ReferencePipeline.java:197)
	at java.base/java.util.stream.ReferencePipeline$3$1.accept(ReferencePipeline.java:197)
	at java.base/java.util.stream.ReferencePipeline$3$1.accept(ReferencePipeline.java:197)
	at java.base/java.util.Spliterators$ArraySpliterator.forEachRemaining(Spliterators.java:992)
	at java.base/java.util.stream.AbstractPipeline.copyInto(AbstractPipeline.java:509)
	at java.base/java.util.stream.AbstractPipeline.wrapAndCopyInto(AbstractPipeline.java:499)
	at java.base/java.util.stream.ForEachOps$ForEachOp.evaluateSequential(ForEachOps.java:150)
	at java.base/java.util.stream.ForEachOps$ForEachOp$OfRef.evaluateSequential(ForEachOps.java:173)
	at java.base/java.util.stream.AbstractPipeline.evaluate(AbstractPipeline.java:234)
	at java.base/java.util.stream.ReferencePipeline.forEach(ReferencePipeline.java:596)
	at java.base/java.util.stream.ReferencePipeline$7$1.accept(ReferencePipeline.java:276)
	at java.base/java.util.stream.ReferencePipeline$3$1.accept(ReferencePipeline.java:197)
	at java.base/java.util.stream.ReferencePipeline$3$1.accept(ReferencePipeline.java:197)
	at java.base/java.util.stream.ReferencePipeline$3$1.accept(ReferencePipeline.java:197)
	at java.base/java.util.ArrayList$ArrayListSpliterator.forEachRemaining(ArrayList.java:1625)
	at java.base/java.util.stream.AbstractPipeline.copyInto(AbstractPipeline.java:509)
	at java.base/java.util.stream.AbstractPipeline.wrapAndCopyInto(AbstractPipeline.java:499)
	at java.base/java.util.stream.ForEachOps$ForEachOp.evaluateSequential(ForEachOps.java:150)
	at java.base/java.util.stream.ForEachOps$ForEachOp$OfRef.evaluateSequential(ForEachOps.java:173)
	at java.base/java.util.stream.AbstractPipeline.evaluate(AbstractPipeline.java:234)
	at java.base/java.util.stream.ReferencePipeline.forEach(ReferencePipeline.java:596)
	at java.base/java.util.stream.ReferencePipeline$7$1.accept(ReferencePipeline.java:276)
	at java.base/java.util.ArrayList$ArrayListSpliterator.forEachRemaining(ArrayList.java:1625)
	at java.base/java.util.stream.AbstractPipeline.copyInto(AbstractPipeline.java:509)
	at java.base/java.util.stream.AbstractPipeline.wrapAndCopyInto(AbstractPipeline.java:499)
	at java.base/java.util.stream.ForEachOps$ForEachOp.evaluateSequential(ForEachOps.java:150)
	at java.base/java.util.stream.ForEachOps$ForEachOp$OfRef.evaluateSequential(ForEachOps.java:173)
	at java.base/java.util.stream.AbstractPipeline.evaluate(AbstractPipeline.java:234)
	at java.base/java.util.stream.ReferencePipeline.forEach(ReferencePipeline.java:596)
	at java.base/java.util.ArrayList.forEach(ArrayList.java:1511)
	at java.base/java.util.ArrayList.forEach(ArrayList.java:1511)
]]></error>
    <system-out><![CDATA[2024-08-19 16:29:24,250 [main] INFO  rpc.RpcClient (RpcClient.java:createVolume(474)) - Creating Volume: volume-77523837427575644075689799543973, with admin as owner and space quota set to -1 bytes, counts quota set to -1
2024-08-19 16:29:24,256 [omNode-1-OMStateMachineApplyTransactionThread - 0] INFO  volume.OMVolumeCreateRequest (OMVolumeCreateRequest.java:validateAndUpdateCache(198)) - created volume:volume-77523837427575644075689799543973 for user:admin
2024-08-19 16:29:24,259 [main] INFO  rpc.RpcClient (RpcClient.java:createBucket(700)) - Creating Bucket: volume-77523837427575644075689799543973/bucket-64376489560856957898680868929137, with bucket layout LEGACY, admin as owner, Versioning false, Storage Type set to DISK and Encryption set to false, Replication Type set to server-side default replication type, Namespace Quota set to -1, Space Quota set to -1 
2024-08-19 16:29:24,261 [omNode-1-OMStateMachineApplyTransactionThread - 0] INFO  bucket.OMBucketCreateRequest (OMBucketCreateRequest.java:validateAndUpdateCache(293)) - created bucket: bucket-64376489560856957898680868929137 of layout LEGACY in volume: volume-77523837427575644075689799543973
2024-08-19 16:29:24,269 [main] INFO  io.KeyOutputStreamSemaphore (KeyOutputStreamSemaphore.java:<init>(35)) - Initializing semaphore with maxConcurrentWritePerKey = 1
2024-08-19 16:29:24,317 [omNode-1-OMStateMachineApplyTransactionThread - 0] WARN  snapshot.OMSnapshotCreateRequest (OMSnapshotCreateRequest.java:estimateBucketDataSize(337)) - DefaultReplicationConfig is not correctly set in OmBucketInfo for volume 'volume-77523837427575644075689799543973' bucket 'bucket-64376489560856957898680868929137'. Falling back to config default 'RATIS/THREE'
2024-08-19 16:29:24,318 [omNode-1-OMStateMachineApplyTransactionThread - 0] INFO  snapshot.OMSnapshotCreateRequest (OMSnapshotCreateRequest.java:validateAndUpdateCache(218)) - Created snapshot: 'snapshot-68444034631039992456639410051826' with snapshotId: '5b515332-5079-46c5-acf9-f96cd0e92ea3' under path 'volume-77523837427575644075689799543973/bucket-64376489560856957898680868929137'
2024-08-19 16:29:24,318 [main] WARN  server.ServerUtils (ServerUtils.java:getDBPath(299)) - ozone.om.db.dirs is not configured. We recommend adding this setting. Falling back to ozone.metadata.dirs instead.
2024-08-19 16:29:40,727 [ReplicationMonitor] INFO  replication.ReplicationManager (ReplicationManager.java:processAll(402)) - Replication Monitor Thread took 3 milliseconds for processing 4 containers.
2024-08-19 16:29:44,242 [main] INFO  db.RDBCheckpointUtils (RDBCheckpointUtils.java:waitForCheckpointDirectoryExist(51)) - Checkpoint directory: 20 didn't get created in /home/runner/work/ozone/ozone/hadoop-ozone/integration-test/target/test-dir/MiniOzoneClusterImpl-37a79142-3d3b-4256-8e35-bf5503c8d171/omNode-1/db.snapshots/checkpointState/om.db-5b515332-5079-46c5-acf9-f96cd0e92ea3 secs.
]]></system-out>
  </testcase>
  <testcase name="testListStatusWithAllowedUser(BucketLayout, boolean, boolean)[9]" classname="org.apache.hadoop.ozone.om.snapshot.TestOzoneManagerSnapshotAcl" time="19.996">
    <error type="java.io.IOException"><![CDATA[java.io.IOException: snapshot directory doesn't exist
	at org.apache.hadoop.ozone.om.snapshot.TestOzoneManagerSnapshotAcl.createSnapshot(TestOzoneManagerSnapshotAcl.java:591)
	at org.apache.hadoop.ozone.om.snapshot.TestOzoneManagerSnapshotAcl.setup(TestOzoneManagerSnapshotAcl.java:457)
	at org.apache.hadoop.ozone.om.snapshot.TestOzoneManagerSnapshotAcl.testListStatusWithAllowedUser(TestOzoneManagerSnapshotAcl.java:222)
	at java.base/java.lang.reflect.Method.invoke(Method.java:569)
	at java.base/java.util.stream.ForEachOps$ForEachOp$OfRef.accept(ForEachOps.java:183)
	at java.base/java.util.stream.ReferencePipeline$3$1.accept(ReferencePipeline.java:197)
	at java.base/java.util.stream.ReferencePipeline$2$1.accept(ReferencePipeline.java:179)
	at java.base/java.util.stream.ReferencePipeline$3$1.accept(ReferencePipeline.java:197)
	at java.base/java.util.stream.ForEachOps$ForEachOp$OfRef.accept(ForEachOps.java:183)
	at java.base/java.util.stream.ReferencePipeline$3$1.accept(ReferencePipeline.java:197)
	at java.base/java.util.stream.ReferencePipeline$3$1.accept(ReferencePipeline.java:197)
	at java.base/java.util.stream.ReferencePipeline$3$1.accept(ReferencePipeline.java:197)
	at java.base/java.util.stream.ForEachOps$ForEachOp$OfRef.accept(ForEachOps.java:183)
	at java.base/java.util.stream.ReferencePipeline$3$1.accept(ReferencePipeline.java:197)
	at java.base/java.util.Spliterators$ArraySpliterator.forEachRemaining(Spliterators.java:992)
	at java.base/java.util.stream.ReferencePipeline$Head.forEach(ReferencePipeline.java:762)
	at java.base/java.util.stream.ReferencePipeline$7$1.accept(ReferencePipeline.java:276)
	at java.base/java.util.stream.ReferencePipeline$3$1.accept(ReferencePipeline.java:197)
	at java.base/java.util.stream.ReferencePipeline$3$1.accept(ReferencePipeline.java:197)
	at java.base/java.util.stream.ReferencePipeline$3$1.accept(ReferencePipeline.java:197)
	at java.base/java.util.Spliterators$ArraySpliterator.forEachRemaining(Spliterators.java:992)
	at java.base/java.util.stream.AbstractPipeline.copyInto(AbstractPipeline.java:509)
	at java.base/java.util.stream.AbstractPipeline.wrapAndCopyInto(AbstractPipeline.java:499)
	at java.base/java.util.stream.ForEachOps$ForEachOp.evaluateSequential(ForEachOps.java:150)
	at java.base/java.util.stream.ForEachOps$ForEachOp$OfRef.evaluateSequential(ForEachOps.java:173)
	at java.base/java.util.stream.AbstractPipeline.evaluate(AbstractPipeline.java:234)
	at java.base/java.util.stream.ReferencePipeline.forEach(ReferencePipeline.java:596)
	at java.base/java.util.stream.ReferencePipeline$7$1.accept(ReferencePipeline.java:276)
	at java.base/java.util.stream.ReferencePipeline$3$1.accept(ReferencePipeline.java:197)
	at java.base/java.util.stream.ReferencePipeline$3$1.accept(ReferencePipeline.java:197)
	at java.base/java.util.stream.ReferencePipeline$3$1.accept(ReferencePipeline.java:197)
	at java.base/java.util.ArrayList$ArrayListSpliterator.forEachRemaining(ArrayList.java:1625)
	at java.base/java.util.stream.AbstractPipeline.copyInto(AbstractPipeline.java:509)
	at java.base/java.util.stream.AbstractPipeline.wrapAndCopyInto(AbstractPipeline.java:499)
	at java.base/java.util.stream.ForEachOps$ForEachOp.evaluateSequential(ForEachOps.java:150)
	at java.base/java.util.stream.ForEachOps$ForEachOp$OfRef.evaluateSequential(ForEachOps.java:173)
	at java.base/java.util.stream.AbstractPipeline.evaluate(AbstractPipeline.java:234)
	at java.base/java.util.stream.ReferencePipeline.forEach(ReferencePipeline.java:596)
	at java.base/java.util.stream.ReferencePipeline$7$1.accept(ReferencePipeline.java:276)
	at java.base/java.util.ArrayList$ArrayListSpliterator.forEachRemaining(ArrayList.java:1625)
	at java.base/java.util.stream.AbstractPipeline.copyInto(AbstractPipeline.java:509)
	at java.base/java.util.stream.AbstractPipeline.wrapAndCopyInto(AbstractPipeline.java:499)
	at java.base/java.util.stream.ForEachOps$ForEachOp.evaluateSequential(ForEachOps.java:150)
	at java.base/java.util.stream.ForEachOps$ForEachOp$OfRef.evaluateSequential(ForEachOps.java:173)
	at java.base/java.util.stream.AbstractPipeline.evaluate(AbstractPipeline.java:234)
	at java.base/java.util.stream.ReferencePipeline.forEach(ReferencePipeline.java:596)
	at java.base/java.util.ArrayList.forEach(ArrayList.java:1511)
	at java.base/java.util.ArrayList.forEach(ArrayList.java:1511)
]]></error>
    <system-out><![CDATA[2024-08-19 16:29:44,253 [main] INFO  rpc.RpcClient (RpcClient.java:createVolume(474)) - Creating Volume: volume-93733340560359464712994605910761, with admin as owner and space quota set to -1 bytes, counts quota set to -1
2024-08-19 16:29:44,257 [omNode-1-OMStateMachineApplyTransactionThread - 0] INFO  volume.OMVolumeCreateRequest (OMVolumeCreateRequest.java:validateAndUpdateCache(198)) - created volume:volume-93733340560359464712994605910761 for user:admin
2024-08-19 16:29:44,258 [main] INFO  rpc.RpcClient (RpcClient.java:createBucket(700)) - Creating Bucket: volume-93733340560359464712994605910761/bucket-57853617944555736139838401158743, with bucket layout OBJECT_STORE, admin as owner, Versioning false, Storage Type set to DISK and Encryption set to false, Replication Type set to server-side default replication type, Namespace Quota set to -1, Space Quota set to -1 
2024-08-19 16:29:44,260 [omNode-1-OMStateMachineApplyTransactionThread - 0] INFO  bucket.OMBucketCreateRequest (OMBucketCreateRequest.java:validateAndUpdateCache(293)) - created bucket: bucket-57853617944555736139838401158743 of layout OBJECT_STORE in volume: volume-93733340560359464712994605910761
2024-08-19 16:29:44,268 [main] INFO  io.KeyOutputStreamSemaphore (KeyOutputStreamSemaphore.java:<init>(35)) - Initializing semaphore with maxConcurrentWritePerKey = 1
2024-08-19 16:29:44,316 [omNode-1-OMStateMachineApplyTransactionThread - 0] WARN  snapshot.OMSnapshotCreateRequest (OMSnapshotCreateRequest.java:estimateBucketDataSize(337)) - DefaultReplicationConfig is not correctly set in OmBucketInfo for volume 'volume-93733340560359464712994605910761' bucket 'bucket-57853617944555736139838401158743'. Falling back to config default 'RATIS/THREE'
2024-08-19 16:29:44,316 [omNode-1-OMStateMachineApplyTransactionThread - 0] INFO  snapshot.OMSnapshotCreateRequest (OMSnapshotCreateRequest.java:validateAndUpdateCache(218)) - Created snapshot: 'snapshot-08926897541932144402276968283990' with snapshotId: 'b85bbdb2-8f1c-46bf-91e6-5b2a5fb4a68b' under path 'volume-93733340560359464712994605910761/bucket-57853617944555736139838401158743'
2024-08-19 16:29:44,317 [main] WARN  server.ServerUtils (ServerUtils.java:getDBPath(299)) - ozone.om.db.dirs is not configured. We recommend adding this setting. Falling back to ozone.metadata.dirs instead.
2024-08-19 16:29:50,105 [a60155f7-ea69-45b2-947a-1e7e01ad7119-BlockDeletingService#1] INFO  interfaces.ContainerDeletionChoosingPolicyTemplate (ContainerDeletionChoosingPolicyTemplate.java:chooseContainerForBlockDeletion(85)) - Chosen 0/5000 blocks from 0 candidate containers.
2024-08-19 16:29:50,471 [9b6d9b22-4572-4a82-ae1c-a91d234bbb93-BlockDeletingService#1] INFO  interfaces.ContainerDeletionChoosingPolicyTemplate (ContainerDeletionChoosingPolicyTemplate.java:chooseContainerForBlockDeletion(85)) - Chosen 0/5000 blocks from 0 candidate containers.
2024-08-19 16:29:50,873 [ee221735-3b90-4b08-961d-7f24e77247fb-BlockDeletingService#1] INFO  interfaces.ContainerDeletionChoosingPolicyTemplate (ContainerDeletionChoosingPolicyTemplate.java:chooseContainerForBlockDeletion(85)) - Chosen 0/5000 blocks from 0 candidate containers.
2024-08-19 16:30:04,239 [main] INFO  db.RDBCheckpointUtils (RDBCheckpointUtils.java:waitForCheckpointDirectoryExist(51)) - Checkpoint directory: 20 didn't get created in /home/runner/work/ozone/ozone/hadoop-ozone/integration-test/target/test-dir/MiniOzoneClusterImpl-37a79142-3d3b-4256-8e35-bf5503c8d171/omNode-1/db.snapshots/checkpointState/om.db-b85bbdb2-8f1c-46bf-91e6-5b2a5fb4a68b secs.
]]></system-out>
  </testcase>
  <testcase name="testListStatusWithAllowedUser(BucketLayout, boolean, boolean)[10]" classname="org.apache.hadoop.ozone.om.snapshot.TestOzoneManagerSnapshotAcl" time="19.992">
    <error type="java.io.IOException"><![CDATA[java.io.IOException: snapshot directory doesn't exist
	at org.apache.hadoop.ozone.om.snapshot.TestOzoneManagerSnapshotAcl.createSnapshot(TestOzoneManagerSnapshotAcl.java:591)
	at org.apache.hadoop.ozone.om.snapshot.TestOzoneManagerSnapshotAcl.setup(TestOzoneManagerSnapshotAcl.java:457)
	at org.apache.hadoop.ozone.om.snapshot.TestOzoneManagerSnapshotAcl.testListStatusWithAllowedUser(TestOzoneManagerSnapshotAcl.java:222)
	at java.base/java.lang.reflect.Method.invoke(Method.java:569)
	at java.base/java.util.stream.ForEachOps$ForEachOp$OfRef.accept(ForEachOps.java:183)
	at java.base/java.util.stream.ReferencePipeline$3$1.accept(ReferencePipeline.java:197)
	at java.base/java.util.stream.ReferencePipeline$2$1.accept(ReferencePipeline.java:179)
	at java.base/java.util.stream.ReferencePipeline$3$1.accept(ReferencePipeline.java:197)
	at java.base/java.util.stream.ForEachOps$ForEachOp$OfRef.accept(ForEachOps.java:183)
	at java.base/java.util.stream.ReferencePipeline$3$1.accept(ReferencePipeline.java:197)
	at java.base/java.util.stream.ReferencePipeline$3$1.accept(ReferencePipeline.java:197)
	at java.base/java.util.stream.ReferencePipeline$3$1.accept(ReferencePipeline.java:197)
	at java.base/java.util.stream.ForEachOps$ForEachOp$OfRef.accept(ForEachOps.java:183)
	at java.base/java.util.stream.ReferencePipeline$3$1.accept(ReferencePipeline.java:197)
	at java.base/java.util.Spliterators$ArraySpliterator.forEachRemaining(Spliterators.java:992)
	at java.base/java.util.stream.ReferencePipeline$Head.forEach(ReferencePipeline.java:762)
	at java.base/java.util.stream.ReferencePipeline$7$1.accept(ReferencePipeline.java:276)
	at java.base/java.util.stream.ReferencePipeline$3$1.accept(ReferencePipeline.java:197)
	at java.base/java.util.stream.ReferencePipeline$3$1.accept(ReferencePipeline.java:197)
	at java.base/java.util.stream.ReferencePipeline$3$1.accept(ReferencePipeline.java:197)
	at java.base/java.util.Spliterators$ArraySpliterator.forEachRemaining(Spliterators.java:992)
	at java.base/java.util.stream.AbstractPipeline.copyInto(AbstractPipeline.java:509)
	at java.base/java.util.stream.AbstractPipeline.wrapAndCopyInto(AbstractPipeline.java:499)
	at java.base/java.util.stream.ForEachOps$ForEachOp.evaluateSequential(ForEachOps.java:150)
	at java.base/java.util.stream.ForEachOps$ForEachOp$OfRef.evaluateSequential(ForEachOps.java:173)
	at java.base/java.util.stream.AbstractPipeline.evaluate(AbstractPipeline.java:234)
	at java.base/java.util.stream.ReferencePipeline.forEach(ReferencePipeline.java:596)
	at java.base/java.util.stream.ReferencePipeline$7$1.accept(ReferencePipeline.java:276)
	at java.base/java.util.stream.ReferencePipeline$3$1.accept(ReferencePipeline.java:197)
	at java.base/java.util.stream.ReferencePipeline$3$1.accept(ReferencePipeline.java:197)
	at java.base/java.util.stream.ReferencePipeline$3$1.accept(ReferencePipeline.java:197)
	at java.base/java.util.ArrayList$ArrayListSpliterator.forEachRemaining(ArrayList.java:1625)
	at java.base/java.util.stream.AbstractPipeline.copyInto(AbstractPipeline.java:509)
	at java.base/java.util.stream.AbstractPipeline.wrapAndCopyInto(AbstractPipeline.java:499)
	at java.base/java.util.stream.ForEachOps$ForEachOp.evaluateSequential(ForEachOps.java:150)
	at java.base/java.util.stream.ForEachOps$ForEachOp$OfRef.evaluateSequential(ForEachOps.java:173)
	at java.base/java.util.stream.AbstractPipeline.evaluate(AbstractPipeline.java:234)
	at java.base/java.util.stream.ReferencePipeline.forEach(ReferencePipeline.java:596)
	at java.base/java.util.stream.ReferencePipeline$7$1.accept(ReferencePipeline.java:276)
	at java.base/java.util.ArrayList$ArrayListSpliterator.forEachRemaining(ArrayList.java:1625)
	at java.base/java.util.stream.AbstractPipeline.copyInto(AbstractPipeline.java:509)
	at java.base/java.util.stream.AbstractPipeline.wrapAndCopyInto(AbstractPipeline.java:499)
	at java.base/java.util.stream.ForEachOps$ForEachOp.evaluateSequential(ForEachOps.java:150)
	at java.base/java.util.stream.ForEachOps$ForEachOp$OfRef.evaluateSequential(ForEachOps.java:173)
	at java.base/java.util.stream.AbstractPipeline.evaluate(AbstractPipeline.java:234)
	at java.base/java.util.stream.ReferencePipeline.forEach(ReferencePipeline.java:596)
	at java.base/java.util.ArrayList.forEach(ArrayList.java:1511)
	at java.base/java.util.ArrayList.forEach(ArrayList.java:1511)
]]></error>
    <system-out><![CDATA[2024-08-19 16:30:04,242 [main] INFO  rpc.RpcClient (RpcClient.java:createVolume(474)) - Creating Volume: volume-08414711131243543354918474106072, with admin as owner and space quota set to -1 bytes, counts quota set to -1
2024-08-19 16:30:04,245 [omNode-1-OMStateMachineApplyTransactionThread - 0] INFO  volume.OMVolumeCreateRequest (OMVolumeCreateRequest.java:validateAndUpdateCache(198)) - created volume:volume-08414711131243543354918474106072 for user:admin
2024-08-19 16:30:04,247 [main] INFO  rpc.RpcClient (RpcClient.java:createBucket(700)) - Creating Bucket: volume-08414711131243543354918474106072/bucket-31818051349072796177366838859880, with bucket layout LEGACY, admin as owner, Versioning false, Storage Type set to DISK and Encryption set to false, Replication Type set to server-side default replication type, Namespace Quota set to -1, Space Quota set to -1 
2024-08-19 16:30:04,249 [omNode-1-OMStateMachineApplyTransactionThread - 0] INFO  bucket.OMBucketCreateRequest (OMBucketCreateRequest.java:validateAndUpdateCache(293)) - created bucket: bucket-31818051349072796177366838859880 of layout LEGACY in volume: volume-08414711131243543354918474106072
2024-08-19 16:30:04,256 [main] INFO  io.KeyOutputStreamSemaphore (KeyOutputStreamSemaphore.java:<init>(35)) - Initializing semaphore with maxConcurrentWritePerKey = 1
2024-08-19 16:30:04,307 [omNode-1-OMStateMachineApplyTransactionThread - 0] WARN  snapshot.OMSnapshotCreateRequest (OMSnapshotCreateRequest.java:estimateBucketDataSize(337)) - DefaultReplicationConfig is not correctly set in OmBucketInfo for volume 'volume-08414711131243543354918474106072' bucket 'bucket-31818051349072796177366838859880'. Falling back to config default 'RATIS/THREE'
2024-08-19 16:30:04,307 [omNode-1-OMStateMachineApplyTransactionThread - 0] INFO  snapshot.OMSnapshotCreateRequest (OMSnapshotCreateRequest.java:validateAndUpdateCache(218)) - Created snapshot: 'snapshot-08423855584818859295427405921786' with snapshotId: 'ec39699a-9497-4950-a1e4-fd7a74f3cdd5' under path 'volume-08414711131243543354918474106072/bucket-31818051349072796177366838859880'
2024-08-19 16:30:04,311 [main] WARN  server.ServerUtils (ServerUtils.java:getDBPath(299)) - ozone.om.db.dirs is not configured. We recommend adding this setting. Falling back to ozone.metadata.dirs instead.
2024-08-19 16:30:24,232 [main] INFO  db.RDBCheckpointUtils (RDBCheckpointUtils.java:waitForCheckpointDirectoryExist(51)) - Checkpoint directory: 20 didn't get created in /home/runner/work/ozone/ozone/hadoop-ozone/integration-test/target/test-dir/MiniOzoneClusterImpl-37a79142-3d3b-4256-8e35-bf5503c8d171/omNode-1/db.snapshots/checkpointState/om.db-ec39699a-9497-4950-a1e4-fd7a74f3cdd5 secs.
]]></system-out>
  </testcase>
  <testcase name="testListKeysWithNotAllowedUser(BucketLayout)[1]" classname="org.apache.hadoop.ozone.om.snapshot.TestOzoneManagerSnapshotAcl" time="19.998">
    <error type="java.io.IOException"><![CDATA[java.io.IOException: snapshot directory doesn't exist
	at org.apache.hadoop.ozone.om.snapshot.TestOzoneManagerSnapshotAcl.createSnapshot(TestOzoneManagerSnapshotAcl.java:591)
	at org.apache.hadoop.ozone.om.snapshot.TestOzoneManagerSnapshotAcl.setup(TestOzoneManagerSnapshotAcl.java:457)
	at org.apache.hadoop.ozone.om.snapshot.TestOzoneManagerSnapshotAcl.testListKeysWithNotAllowedUser(TestOzoneManagerSnapshotAcl.java:313)
	at java.base/java.lang.reflect.Method.invoke(Method.java:569)
	at java.base/java.util.stream.ForEachOps$ForEachOp$OfRef.accept(ForEachOps.java:183)
	at java.base/java.util.stream.ReferencePipeline$3$1.accept(ReferencePipeline.java:197)
	at java.base/java.util.stream.ReferencePipeline$2$1.accept(ReferencePipeline.java:179)
	at java.base/java.util.stream.ReferencePipeline$3$1.accept(ReferencePipeline.java:197)
	at java.base/java.util.stream.ForEachOps$ForEachOp$OfRef.accept(ForEachOps.java:183)
	at java.base/java.util.stream.ReferencePipeline$3$1.accept(ReferencePipeline.java:197)
	at java.base/java.util.stream.ReferencePipeline$3$1.accept(ReferencePipeline.java:197)
	at java.base/java.util.stream.ReferencePipeline$3$1.accept(ReferencePipeline.java:197)
	at java.base/java.util.stream.ForEachOps$ForEachOp$OfRef.accept(ForEachOps.java:183)
	at java.base/java.util.stream.ReferencePipeline$3$1.accept(ReferencePipeline.java:197)
	at java.base/java.util.Iterator.forEachRemaining(Iterator.java:133)
	at java.base/java.util.Spliterators$IteratorSpliterator.forEachRemaining(Spliterators.java:1845)
	at java.base/java.util.stream.AbstractPipeline.copyInto(AbstractPipeline.java:509)
	at java.base/java.util.stream.AbstractPipeline.wrapAndCopyInto(AbstractPipeline.java:499)
	at java.base/java.util.stream.ForEachOps$ForEachOp.evaluateSequential(ForEachOps.java:150)
	at java.base/java.util.stream.ForEachOps$ForEachOp$OfRef.evaluateSequential(ForEachOps.java:173)
	at java.base/java.util.stream.AbstractPipeline.evaluate(AbstractPipeline.java:234)
	at java.base/java.util.stream.ReferencePipeline.forEach(ReferencePipeline.java:596)
	at java.base/java.util.stream.ReferencePipeline$7$1.accept(ReferencePipeline.java:276)
	at java.base/java.util.stream.ReferencePipeline$3$1.accept(ReferencePipeline.java:197)
	at java.base/java.util.stream.ReferencePipeline$3$1.accept(ReferencePipeline.java:197)
	at java.base/java.util.stream.ReferencePipeline$3$1.accept(ReferencePipeline.java:197)
	at java.base/java.util.ArrayList$ArrayListSpliterator.forEachRemaining(ArrayList.java:1625)
	at java.base/java.util.stream.AbstractPipeline.copyInto(AbstractPipeline.java:509)
	at java.base/java.util.stream.AbstractPipeline.wrapAndCopyInto(AbstractPipeline.java:499)
	at java.base/java.util.stream.ForEachOps$ForEachOp.evaluateSequential(ForEachOps.java:150)
	at java.base/java.util.stream.ForEachOps$ForEachOp$OfRef.evaluateSequential(ForEachOps.java:173)
	at java.base/java.util.stream.AbstractPipeline.evaluate(AbstractPipeline.java:234)
	at java.base/java.util.stream.ReferencePipeline.forEach(ReferencePipeline.java:596)
	at java.base/java.util.stream.ReferencePipeline$7$1.accept(ReferencePipeline.java:276)
	at java.base/java.util.ArrayList$ArrayListSpliterator.forEachRemaining(ArrayList.java:1625)
	at java.base/java.util.stream.AbstractPipeline.copyInto(AbstractPipeline.java:509)
	at java.base/java.util.stream.AbstractPipeline.wrapAndCopyInto(AbstractPipeline.java:499)
	at java.base/java.util.stream.ForEachOps$ForEachOp.evaluateSequential(ForEachOps.java:150)
	at java.base/java.util.stream.ForEachOps$ForEachOp$OfRef.evaluateSequential(ForEachOps.java:173)
	at java.base/java.util.stream.AbstractPipeline.evaluate(AbstractPipeline.java:234)
	at java.base/java.util.stream.ReferencePipeline.forEach(ReferencePipeline.java:596)
	at java.base/java.util.ArrayList.forEach(ArrayList.java:1511)
	at java.base/java.util.ArrayList.forEach(ArrayList.java:1511)
]]></error>
    <system-out><![CDATA[2024-08-19 16:30:24,244 [main] INFO  rpc.RpcClient (RpcClient.java:createVolume(474)) - Creating Volume: volume-45956023806473878797305503124162, with admin as owner and space quota set to -1 bytes, counts quota set to -1
2024-08-19 16:30:24,248 [omNode-1-OMStateMachineApplyTransactionThread - 0] INFO  volume.OMVolumeCreateRequest (OMVolumeCreateRequest.java:validateAndUpdateCache(198)) - created volume:volume-45956023806473878797305503124162 for user:admin
2024-08-19 16:30:24,250 [main] INFO  rpc.RpcClient (RpcClient.java:createBucket(700)) - Creating Bucket: volume-45956023806473878797305503124162/bucket-44196684635148122285971317555698, with bucket layout FILE_SYSTEM_OPTIMIZED, admin as owner, Versioning false, Storage Type set to DISK and Encryption set to false, Replication Type set to server-side default replication type, Namespace Quota set to -1, Space Quota set to -1 
2024-08-19 16:30:24,252 [omNode-1-OMStateMachineApplyTransactionThread - 0] INFO  bucket.OMBucketCreateRequest (OMBucketCreateRequest.java:validateAndUpdateCache(293)) - created bucket: bucket-44196684635148122285971317555698 of layout FILE_SYSTEM_OPTIMIZED in volume: volume-45956023806473878797305503124162
2024-08-19 16:30:24,261 [main] INFO  io.KeyOutputStreamSemaphore (KeyOutputStreamSemaphore.java:<init>(35)) - Initializing semaphore with maxConcurrentWritePerKey = 1
2024-08-19 16:30:24,309 [omNode-1-OMStateMachineApplyTransactionThread - 0] WARN  snapshot.OMSnapshotCreateRequest (OMSnapshotCreateRequest.java:estimateBucketDataSize(337)) - DefaultReplicationConfig is not correctly set in OmBucketInfo for volume 'volume-45956023806473878797305503124162' bucket 'bucket-44196684635148122285971317555698'. Falling back to config default 'RATIS/THREE'
2024-08-19 16:30:24,309 [omNode-1-OMStateMachineApplyTransactionThread - 0] INFO  snapshot.OMSnapshotCreateRequest (OMSnapshotCreateRequest.java:validateAndUpdateCache(218)) - Created snapshot: 'snapshot-95933155294329782319157917262629' with snapshotId: 'aca82bc7-c5aa-4075-93a7-cb5f429eb8a6' under path 'volume-45956023806473878797305503124162/bucket-44196684635148122285971317555698'
2024-08-19 16:30:24,310 [main] WARN  server.ServerUtils (ServerUtils.java:getDBPath(299)) - ozone.om.db.dirs is not configured. We recommend adding this setting. Falling back to ozone.metadata.dirs instead.
2024-08-19 16:30:44,232 [main] INFO  db.RDBCheckpointUtils (RDBCheckpointUtils.java:waitForCheckpointDirectoryExist(51)) - Checkpoint directory: 20 didn't get created in /home/runner/work/ozone/ozone/hadoop-ozone/integration-test/target/test-dir/MiniOzoneClusterImpl-37a79142-3d3b-4256-8e35-bf5503c8d171/omNode-1/db.snapshots/checkpointState/om.db-aca82bc7-c5aa-4075-93a7-cb5f429eb8a6 secs.
]]></system-out>
  </testcase>
  <testcase name="testListKeysWithNotAllowedUser(BucketLayout)[2]" classname="org.apache.hadoop.ozone.om.snapshot.TestOzoneManagerSnapshotAcl" time="19.988">
    <error type="java.io.IOException"><![CDATA[java.io.IOException: snapshot directory doesn't exist
	at org.apache.hadoop.ozone.om.snapshot.TestOzoneManagerSnapshotAcl.createSnapshot(TestOzoneManagerSnapshotAcl.java:591)
	at org.apache.hadoop.ozone.om.snapshot.TestOzoneManagerSnapshotAcl.setup(TestOzoneManagerSnapshotAcl.java:457)
	at org.apache.hadoop.ozone.om.snapshot.TestOzoneManagerSnapshotAcl.testListKeysWithNotAllowedUser(TestOzoneManagerSnapshotAcl.java:313)
	at java.base/java.lang.reflect.Method.invoke(Method.java:569)
	at java.base/java.util.stream.ForEachOps$ForEachOp$OfRef.accept(ForEachOps.java:183)
	at java.base/java.util.stream.ReferencePipeline$3$1.accept(ReferencePipeline.java:197)
	at java.base/java.util.stream.ReferencePipeline$2$1.accept(ReferencePipeline.java:179)
	at java.base/java.util.stream.ReferencePipeline$3$1.accept(ReferencePipeline.java:197)
	at java.base/java.util.stream.ForEachOps$ForEachOp$OfRef.accept(ForEachOps.java:183)
	at java.base/java.util.stream.ReferencePipeline$3$1.accept(ReferencePipeline.java:197)
	at java.base/java.util.stream.ReferencePipeline$3$1.accept(ReferencePipeline.java:197)
	at java.base/java.util.stream.ReferencePipeline$3$1.accept(ReferencePipeline.java:197)
	at java.base/java.util.stream.ForEachOps$ForEachOp$OfRef.accept(ForEachOps.java:183)
	at java.base/java.util.stream.ReferencePipeline$3$1.accept(ReferencePipeline.java:197)
	at java.base/java.util.Iterator.forEachRemaining(Iterator.java:133)
	at java.base/java.util.Spliterators$IteratorSpliterator.forEachRemaining(Spliterators.java:1845)
	at java.base/java.util.stream.AbstractPipeline.copyInto(AbstractPipeline.java:509)
	at java.base/java.util.stream.AbstractPipeline.wrapAndCopyInto(AbstractPipeline.java:499)
	at java.base/java.util.stream.ForEachOps$ForEachOp.evaluateSequential(ForEachOps.java:150)
	at java.base/java.util.stream.ForEachOps$ForEachOp$OfRef.evaluateSequential(ForEachOps.java:173)
	at java.base/java.util.stream.AbstractPipeline.evaluate(AbstractPipeline.java:234)
	at java.base/java.util.stream.ReferencePipeline.forEach(ReferencePipeline.java:596)
	at java.base/java.util.stream.ReferencePipeline$7$1.accept(ReferencePipeline.java:276)
	at java.base/java.util.stream.ReferencePipeline$3$1.accept(ReferencePipeline.java:197)
	at java.base/java.util.stream.ReferencePipeline$3$1.accept(ReferencePipeline.java:197)
	at java.base/java.util.stream.ReferencePipeline$3$1.accept(ReferencePipeline.java:197)
	at java.base/java.util.ArrayList$ArrayListSpliterator.forEachRemaining(ArrayList.java:1625)
	at java.base/java.util.stream.AbstractPipeline.copyInto(AbstractPipeline.java:509)
	at java.base/java.util.stream.AbstractPipeline.wrapAndCopyInto(AbstractPipeline.java:499)
	at java.base/java.util.stream.ForEachOps$ForEachOp.evaluateSequential(ForEachOps.java:150)
	at java.base/java.util.stream.ForEachOps$ForEachOp$OfRef.evaluateSequential(ForEachOps.java:173)
	at java.base/java.util.stream.AbstractPipeline.evaluate(AbstractPipeline.java:234)
	at java.base/java.util.stream.ReferencePipeline.forEach(ReferencePipeline.java:596)
	at java.base/java.util.stream.ReferencePipeline$7$1.accept(ReferencePipeline.java:276)
	at java.base/java.util.ArrayList$ArrayListSpliterator.forEachRemaining(ArrayList.java:1625)
	at java.base/java.util.stream.AbstractPipeline.copyInto(AbstractPipeline.java:509)
	at java.base/java.util.stream.AbstractPipeline.wrapAndCopyInto(AbstractPipeline.java:499)
	at java.base/java.util.stream.ForEachOps$ForEachOp.evaluateSequential(ForEachOps.java:150)
	at java.base/java.util.stream.ForEachOps$ForEachOp$OfRef.evaluateSequential(ForEachOps.java:173)
	at java.base/java.util.stream.AbstractPipeline.evaluate(AbstractPipeline.java:234)
	at java.base/java.util.stream.ReferencePipeline.forEach(ReferencePipeline.java:596)
	at java.base/java.util.ArrayList.forEach(ArrayList.java:1511)
	at java.base/java.util.ArrayList.forEach(ArrayList.java:1511)
]]></error>
    <system-out><![CDATA[2024-08-19 16:30:44,235 [main] INFO  rpc.RpcClient (RpcClient.java:createVolume(474)) - Creating Volume: volume-03310611028505864716861165970652, with admin as owner and space quota set to -1 bytes, counts quota set to -1
2024-08-19 16:30:44,238 [omNode-1-OMStateMachineApplyTransactionThread - 0] INFO  volume.OMVolumeCreateRequest (OMVolumeCreateRequest.java:validateAndUpdateCache(198)) - created volume:volume-03310611028505864716861165970652 for user:admin
2024-08-19 16:30:44,240 [main] INFO  rpc.RpcClient (RpcClient.java:createBucket(700)) - Creating Bucket: volume-03310611028505864716861165970652/bucket-73279510465642439699486640901369, with bucket layout OBJECT_STORE, admin as owner, Versioning false, Storage Type set to DISK and Encryption set to false, Replication Type set to server-side default replication type, Namespace Quota set to -1, Space Quota set to -1 
2024-08-19 16:30:44,242 [omNode-1-OMStateMachineApplyTransactionThread - 0] INFO  bucket.OMBucketCreateRequest (OMBucketCreateRequest.java:validateAndUpdateCache(293)) - created bucket: bucket-73279510465642439699486640901369 of layout OBJECT_STORE in volume: volume-03310611028505864716861165970652
2024-08-19 16:30:44,250 [main] INFO  io.KeyOutputStreamSemaphore (KeyOutputStreamSemaphore.java:<init>(35)) - Initializing semaphore with maxConcurrentWritePerKey = 1
2024-08-19 16:30:44,297 [omNode-1-OMStateMachineApplyTransactionThread - 0] WARN  snapshot.OMSnapshotCreateRequest (OMSnapshotCreateRequest.java:estimateBucketDataSize(337)) - DefaultReplicationConfig is not correctly set in OmBucketInfo for volume 'volume-03310611028505864716861165970652' bucket 'bucket-73279510465642439699486640901369'. Falling back to config default 'RATIS/THREE'
2024-08-19 16:30:44,297 [omNode-1-OMStateMachineApplyTransactionThread - 0] INFO  snapshot.OMSnapshotCreateRequest (OMSnapshotCreateRequest.java:validateAndUpdateCache(218)) - Created snapshot: 'snapshot-95890856216598942489815283667706' with snapshotId: 'e06593e1-4607-4d44-b387-df9abf732d97' under path 'volume-03310611028505864716861165970652/bucket-73279510465642439699486640901369'
2024-08-19 16:30:44,298 [main] WARN  server.ServerUtils (ServerUtils.java:getDBPath(299)) - ozone.om.db.dirs is not configured. We recommend adding this setting. Falling back to ozone.metadata.dirs instead.
2024-08-19 16:30:50,105 [a60155f7-ea69-45b2-947a-1e7e01ad7119-BlockDeletingService#3] INFO  interfaces.ContainerDeletionChoosingPolicyTemplate (ContainerDeletionChoosingPolicyTemplate.java:chooseContainerForBlockDeletion(85)) - Chosen 0/5000 blocks from 0 candidate containers.
2024-08-19 16:30:50,472 [9b6d9b22-4572-4a82-ae1c-a91d234bbb93-BlockDeletingService#3] INFO  interfaces.ContainerDeletionChoosingPolicyTemplate (ContainerDeletionChoosingPolicyTemplate.java:chooseContainerForBlockDeletion(85)) - Chosen 0/5000 blocks from 0 candidate containers.
2024-08-19 16:30:50,873 [ee221735-3b90-4b08-961d-7f24e77247fb-BlockDeletingService#3] INFO  interfaces.ContainerDeletionChoosingPolicyTemplate (ContainerDeletionChoosingPolicyTemplate.java:chooseContainerForBlockDeletion(85)) - Chosen 0/5000 blocks from 0 candidate containers.
2024-08-19 16:31:04,221 [main] INFO  db.RDBCheckpointUtils (RDBCheckpointUtils.java:waitForCheckpointDirectoryExist(51)) - Checkpoint directory: 20 didn't get created in /home/runner/work/ozone/ozone/hadoop-ozone/integration-test/target/test-dir/MiniOzoneClusterImpl-37a79142-3d3b-4256-8e35-bf5503c8d171/omNode-1/db.snapshots/checkpointState/om.db-e06593e1-4607-4d44-b387-df9abf732d97 secs.
]]></system-out>
  </testcase>
  <testcase name="testListKeysWithNotAllowedUser(BucketLayout)[3]" classname="org.apache.hadoop.ozone.om.snapshot.TestOzoneManagerSnapshotAcl" time="20.009">
    <error type="java.io.IOException"><![CDATA[java.io.IOException: snapshot directory doesn't exist
	at org.apache.hadoop.ozone.om.snapshot.TestOzoneManagerSnapshotAcl.createSnapshot(TestOzoneManagerSnapshotAcl.java:591)
	at org.apache.hadoop.ozone.om.snapshot.TestOzoneManagerSnapshotAcl.setup(TestOzoneManagerSnapshotAcl.java:457)
	at org.apache.hadoop.ozone.om.snapshot.TestOzoneManagerSnapshotAcl.testListKeysWithNotAllowedUser(TestOzoneManagerSnapshotAcl.java:313)
	at java.base/java.lang.reflect.Method.invoke(Method.java:569)
	at java.base/java.util.stream.ForEachOps$ForEachOp$OfRef.accept(ForEachOps.java:183)
	at java.base/java.util.stream.ReferencePipeline$3$1.accept(ReferencePipeline.java:197)
	at java.base/java.util.stream.ReferencePipeline$2$1.accept(ReferencePipeline.java:179)
	at java.base/java.util.stream.ReferencePipeline$3$1.accept(ReferencePipeline.java:197)
	at java.base/java.util.stream.ForEachOps$ForEachOp$OfRef.accept(ForEachOps.java:183)
	at java.base/java.util.stream.ReferencePipeline$3$1.accept(ReferencePipeline.java:197)
	at java.base/java.util.stream.ReferencePipeline$3$1.accept(ReferencePipeline.java:197)
	at java.base/java.util.stream.ReferencePipeline$3$1.accept(ReferencePipeline.java:197)
	at java.base/java.util.stream.ForEachOps$ForEachOp$OfRef.accept(ForEachOps.java:183)
	at java.base/java.util.stream.ReferencePipeline$3$1.accept(ReferencePipeline.java:197)
	at java.base/java.util.Iterator.forEachRemaining(Iterator.java:133)
	at java.base/java.util.Spliterators$IteratorSpliterator.forEachRemaining(Spliterators.java:1845)
	at java.base/java.util.stream.AbstractPipeline.copyInto(AbstractPipeline.java:509)
	at java.base/java.util.stream.AbstractPipeline.wrapAndCopyInto(AbstractPipeline.java:499)
	at java.base/java.util.stream.ForEachOps$ForEachOp.evaluateSequential(ForEachOps.java:150)
	at java.base/java.util.stream.ForEachOps$ForEachOp$OfRef.evaluateSequential(ForEachOps.java:173)
	at java.base/java.util.stream.AbstractPipeline.evaluate(AbstractPipeline.java:234)
	at java.base/java.util.stream.ReferencePipeline.forEach(ReferencePipeline.java:596)
	at java.base/java.util.stream.ReferencePipeline$7$1.accept(ReferencePipeline.java:276)
	at java.base/java.util.stream.ReferencePipeline$3$1.accept(ReferencePipeline.java:197)
	at java.base/java.util.stream.ReferencePipeline$3$1.accept(ReferencePipeline.java:197)
	at java.base/java.util.stream.ReferencePipeline$3$1.accept(ReferencePipeline.java:197)
	at java.base/java.util.ArrayList$ArrayListSpliterator.forEachRemaining(ArrayList.java:1625)
	at java.base/java.util.stream.AbstractPipeline.copyInto(AbstractPipeline.java:509)
	at java.base/java.util.stream.AbstractPipeline.wrapAndCopyInto(AbstractPipeline.java:499)
	at java.base/java.util.stream.ForEachOps$ForEachOp.evaluateSequential(ForEachOps.java:150)
	at java.base/java.util.stream.ForEachOps$ForEachOp$OfRef.evaluateSequential(ForEachOps.java:173)
	at java.base/java.util.stream.AbstractPipeline.evaluate(AbstractPipeline.java:234)
	at java.base/java.util.stream.ReferencePipeline.forEach(ReferencePipeline.java:596)
	at java.base/java.util.stream.ReferencePipeline$7$1.accept(ReferencePipeline.java:276)
	at java.base/java.util.ArrayList$ArrayListSpliterator.forEachRemaining(ArrayList.java:1625)
	at java.base/java.util.stream.AbstractPipeline.copyInto(AbstractPipeline.java:509)
	at java.base/java.util.stream.AbstractPipeline.wrapAndCopyInto(AbstractPipeline.java:499)
	at java.base/java.util.stream.ForEachOps$ForEachOp.evaluateSequential(ForEachOps.java:150)
	at java.base/java.util.stream.ForEachOps$ForEachOp$OfRef.evaluateSequential(ForEachOps.java:173)
	at java.base/java.util.stream.AbstractPipeline.evaluate(AbstractPipeline.java:234)
	at java.base/java.util.stream.ReferencePipeline.forEach(ReferencePipeline.java:596)
	at java.base/java.util.ArrayList.forEach(ArrayList.java:1511)
	at java.base/java.util.ArrayList.forEach(ArrayList.java:1511)
]]></error>
    <system-out><![CDATA[2024-08-19 16:31:04,234 [main] INFO  rpc.RpcClient (RpcClient.java:createVolume(474)) - Creating Volume: volume-45418743560675017170201474528075, with admin as owner and space quota set to -1 bytes, counts quota set to -1
2024-08-19 16:31:04,238 [omNode-1-OMStateMachineApplyTransactionThread - 0] INFO  volume.OMVolumeCreateRequest (OMVolumeCreateRequest.java:validateAndUpdateCache(198)) - created volume:volume-45418743560675017170201474528075 for user:admin
2024-08-19 16:31:04,239 [main] INFO  rpc.RpcClient (RpcClient.java:createBucket(700)) - Creating Bucket: volume-45418743560675017170201474528075/bucket-31969670946498924969210350560522, with bucket layout LEGACY, admin as owner, Versioning false, Storage Type set to DISK and Encryption set to false, Replication Type set to server-side default replication type, Namespace Quota set to -1, Space Quota set to -1 
2024-08-19 16:31:04,242 [omNode-1-OMStateMachineApplyTransactionThread - 0] INFO  bucket.OMBucketCreateRequest (OMBucketCreateRequest.java:validateAndUpdateCache(293)) - created bucket: bucket-31969670946498924969210350560522 of layout LEGACY in volume: volume-45418743560675017170201474528075
2024-08-19 16:31:04,249 [main] INFO  io.KeyOutputStreamSemaphore (KeyOutputStreamSemaphore.java:<init>(35)) - Initializing semaphore with maxConcurrentWritePerKey = 1
2024-08-19 16:31:04,301 [omNode-1-OMStateMachineApplyTransactionThread - 0] WARN  snapshot.OMSnapshotCreateRequest (OMSnapshotCreateRequest.java:estimateBucketDataSize(337)) - DefaultReplicationConfig is not correctly set in OmBucketInfo for volume 'volume-45418743560675017170201474528075' bucket 'bucket-31969670946498924969210350560522'. Falling back to config default 'RATIS/THREE'
2024-08-19 16:31:04,301 [omNode-1-OMStateMachineApplyTransactionThread - 0] INFO  snapshot.OMSnapshotCreateRequest (OMSnapshotCreateRequest.java:validateAndUpdateCache(218)) - Created snapshot: 'snapshot-43700629508557769202987882790113' with snapshotId: '0b452bae-9bb5-46f4-9e00-c32d4bd812ff' under path 'volume-45418743560675017170201474528075/bucket-31969670946498924969210350560522'
2024-08-19 16:31:04,302 [main] WARN  server.ServerUtils (ServerUtils.java:getDBPath(299)) - ozone.om.db.dirs is not configured. We recommend adding this setting. Falling back to ozone.metadata.dirs instead.
2024-08-19 16:31:24,231 [main] INFO  db.RDBCheckpointUtils (RDBCheckpointUtils.java:waitForCheckpointDirectoryExist(51)) - Checkpoint directory: 20 didn't get created in /home/runner/work/ozone/ozone/hadoop-ozone/integration-test/target/test-dir/MiniOzoneClusterImpl-37a79142-3d3b-4256-8e35-bf5503c8d171/omNode-1/db.snapshots/checkpointState/om.db-0b452bae-9bb5-46f4-9e00-c32d4bd812ff secs.
]]></system-out>
  </testcase>
  <testcase name="testGeyKeyInfoWithNotAllowedUser(BucketLayout)[1]" classname="org.apache.hadoop.ozone.om.snapshot.TestOzoneManagerSnapshotAcl" time="19.999">
    <error type="java.io.IOException"><![CDATA[java.io.IOException: snapshot directory doesn't exist
	at org.apache.hadoop.ozone.om.snapshot.TestOzoneManagerSnapshotAcl.createSnapshot(TestOzoneManagerSnapshotAcl.java:591)
	at org.apache.hadoop.ozone.om.snapshot.TestOzoneManagerSnapshotAcl.setup(TestOzoneManagerSnapshotAcl.java:457)
	at org.apache.hadoop.ozone.om.snapshot.TestOzoneManagerSnapshotAcl.testGeyKeyInfoWithNotAllowedUser(TestOzoneManagerSnapshotAcl.java:196)
	at java.base/java.lang.reflect.Method.invoke(Method.java:569)
	at java.base/java.util.stream.ForEachOps$ForEachOp$OfRef.accept(ForEachOps.java:183)
	at java.base/java.util.stream.ReferencePipeline$3$1.accept(ReferencePipeline.java:197)
	at java.base/java.util.stream.ReferencePipeline$2$1.accept(ReferencePipeline.java:179)
	at java.base/java.util.stream.ReferencePipeline$3$1.accept(ReferencePipeline.java:197)
	at java.base/java.util.stream.ForEachOps$ForEachOp$OfRef.accept(ForEachOps.java:183)
	at java.base/java.util.stream.ReferencePipeline$3$1.accept(ReferencePipeline.java:197)
	at java.base/java.util.stream.ReferencePipeline$3$1.accept(ReferencePipeline.java:197)
	at java.base/java.util.stream.ReferencePipeline$3$1.accept(ReferencePipeline.java:197)
	at java.base/java.util.stream.ForEachOps$ForEachOp$OfRef.accept(ForEachOps.java:183)
	at java.base/java.util.stream.ReferencePipeline$3$1.accept(ReferencePipeline.java:197)
	at java.base/java.util.Iterator.forEachRemaining(Iterator.java:133)
	at java.base/java.util.Spliterators$IteratorSpliterator.forEachRemaining(Spliterators.java:1845)
	at java.base/java.util.stream.AbstractPipeline.copyInto(AbstractPipeline.java:509)
	at java.base/java.util.stream.AbstractPipeline.wrapAndCopyInto(AbstractPipeline.java:499)
	at java.base/java.util.stream.ForEachOps$ForEachOp.evaluateSequential(ForEachOps.java:150)
	at java.base/java.util.stream.ForEachOps$ForEachOp$OfRef.evaluateSequential(ForEachOps.java:173)
	at java.base/java.util.stream.AbstractPipeline.evaluate(AbstractPipeline.java:234)
	at java.base/java.util.stream.ReferencePipeline.forEach(ReferencePipeline.java:596)
	at java.base/java.util.stream.ReferencePipeline$7$1.accept(ReferencePipeline.java:276)
	at java.base/java.util.stream.ReferencePipeline$3$1.accept(ReferencePipeline.java:197)
	at java.base/java.util.stream.ReferencePipeline$3$1.accept(ReferencePipeline.java:197)
	at java.base/java.util.stream.ReferencePipeline$3$1.accept(ReferencePipeline.java:197)
	at java.base/java.util.ArrayList$ArrayListSpliterator.forEachRemaining(ArrayList.java:1625)
	at java.base/java.util.stream.AbstractPipeline.copyInto(AbstractPipeline.java:509)
	at java.base/java.util.stream.AbstractPipeline.wrapAndCopyInto(AbstractPipeline.java:499)
	at java.base/java.util.stream.ForEachOps$ForEachOp.evaluateSequential(ForEachOps.java:150)
	at java.base/java.util.stream.ForEachOps$ForEachOp$OfRef.evaluateSequential(ForEachOps.java:173)
	at java.base/java.util.stream.AbstractPipeline.evaluate(AbstractPipeline.java:234)
	at java.base/java.util.stream.ReferencePipeline.forEach(ReferencePipeline.java:596)
	at java.base/java.util.stream.ReferencePipeline$7$1.accept(ReferencePipeline.java:276)
	at java.base/java.util.ArrayList$ArrayListSpliterator.forEachRemaining(ArrayList.java:1625)
	at java.base/java.util.stream.AbstractPipeline.copyInto(AbstractPipeline.java:509)
	at java.base/java.util.stream.AbstractPipeline.wrapAndCopyInto(AbstractPipeline.java:499)
	at java.base/java.util.stream.ForEachOps$ForEachOp.evaluateSequential(ForEachOps.java:150)
	at java.base/java.util.stream.ForEachOps$ForEachOp$OfRef.evaluateSequential(ForEachOps.java:173)
	at java.base/java.util.stream.AbstractPipeline.evaluate(AbstractPipeline.java:234)
	at java.base/java.util.stream.ReferencePipeline.forEach(ReferencePipeline.java:596)
	at java.base/java.util.ArrayList.forEach(ArrayList.java:1511)
	at java.base/java.util.ArrayList.forEach(ArrayList.java:1511)
]]></error>
    <system-out><![CDATA[2024-08-19 16:31:24,235 [main] INFO  rpc.RpcClient (RpcClient.java:createVolume(474)) - Creating Volume: volume-76709347713798535467143826456396, with admin as owner and space quota set to -1 bytes, counts quota set to -1
2024-08-19 16:31:24,239 [omNode-1-OMStateMachineApplyTransactionThread - 0] INFO  volume.OMVolumeCreateRequest (OMVolumeCreateRequest.java:validateAndUpdateCache(198)) - created volume:volume-76709347713798535467143826456396 for user:admin
2024-08-19 16:31:24,241 [main] INFO  rpc.RpcClient (RpcClient.java:createBucket(700)) - Creating Bucket: volume-76709347713798535467143826456396/bucket-46116724150887225847972783703469, with bucket layout FILE_SYSTEM_OPTIMIZED, admin as owner, Versioning false, Storage Type set to DISK and Encryption set to false, Replication Type set to server-side default replication type, Namespace Quota set to -1, Space Quota set to -1 
2024-08-19 16:31:24,243 [omNode-1-OMStateMachineApplyTransactionThread - 0] INFO  bucket.OMBucketCreateRequest (OMBucketCreateRequest.java:validateAndUpdateCache(293)) - created bucket: bucket-46116724150887225847972783703469 of layout FILE_SYSTEM_OPTIMIZED in volume: volume-76709347713798535467143826456396
2024-08-19 16:31:24,251 [main] INFO  io.KeyOutputStreamSemaphore (KeyOutputStreamSemaphore.java:<init>(35)) - Initializing semaphore with maxConcurrentWritePerKey = 1
2024-08-19 16:31:24,297 [omNode-1-OMStateMachineApplyTransactionThread - 0] WARN  snapshot.OMSnapshotCreateRequest (OMSnapshotCreateRequest.java:estimateBucketDataSize(337)) - DefaultReplicationConfig is not correctly set in OmBucketInfo for volume 'volume-76709347713798535467143826456396' bucket 'bucket-46116724150887225847972783703469'. Falling back to config default 'RATIS/THREE'
2024-08-19 16:31:24,297 [omNode-1-OMStateMachineApplyTransactionThread - 0] INFO  snapshot.OMSnapshotCreateRequest (OMSnapshotCreateRequest.java:validateAndUpdateCache(218)) - Created snapshot: 'snapshot-52036457221253343206421297092069' with snapshotId: '37d6786d-9df6-4ebc-9676-3be231c3b60f' under path 'volume-76709347713798535467143826456396/bucket-46116724150887225847972783703469'
2024-08-19 16:31:24,298 [main] WARN  server.ServerUtils (ServerUtils.java:getDBPath(299)) - ozone.om.db.dirs is not configured. We recommend adding this setting. Falling back to ozone.metadata.dirs instead.
2024-08-19 16:31:44,232 [main] INFO  db.RDBCheckpointUtils (RDBCheckpointUtils.java:waitForCheckpointDirectoryExist(51)) - Checkpoint directory: 20 didn't get created in /home/runner/work/ozone/ozone/hadoop-ozone/integration-test/target/test-dir/MiniOzoneClusterImpl-37a79142-3d3b-4256-8e35-bf5503c8d171/omNode-1/db.snapshots/checkpointState/om.db-37d6786d-9df6-4ebc-9676-3be231c3b60f secs.
]]></system-out>
  </testcase>
  <testcase name="testGeyKeyInfoWithNotAllowedUser(BucketLayout)[2]" classname="org.apache.hadoop.ozone.om.snapshot.TestOzoneManagerSnapshotAcl" time="22.497">
    <error type="java.io.IOException"><![CDATA[java.io.IOException: snapshot directory doesn't exist
	at org.apache.hadoop.ozone.om.snapshot.TestOzoneManagerSnapshotAcl.createSnapshot(TestOzoneManagerSnapshotAcl.java:591)
	at org.apache.hadoop.ozone.om.snapshot.TestOzoneManagerSnapshotAcl.setup(TestOzoneManagerSnapshotAcl.java:457)
	at org.apache.hadoop.ozone.om.snapshot.TestOzoneManagerSnapshotAcl.testGeyKeyInfoWithNotAllowedUser(TestOzoneManagerSnapshotAcl.java:196)
	at java.base/java.lang.reflect.Method.invoke(Method.java:569)
	at java.base/java.util.stream.ForEachOps$ForEachOp$OfRef.accept(ForEachOps.java:183)
	at java.base/java.util.stream.ReferencePipeline$3$1.accept(ReferencePipeline.java:197)
	at java.base/java.util.stream.ReferencePipeline$2$1.accept(ReferencePipeline.java:179)
	at java.base/java.util.stream.ReferencePipeline$3$1.accept(ReferencePipeline.java:197)
	at java.base/java.util.stream.ForEachOps$ForEachOp$OfRef.accept(ForEachOps.java:183)
	at java.base/java.util.stream.ReferencePipeline$3$1.accept(ReferencePipeline.java:197)
	at java.base/java.util.stream.ReferencePipeline$3$1.accept(ReferencePipeline.java:197)
	at java.base/java.util.stream.ReferencePipeline$3$1.accept(ReferencePipeline.java:197)
	at java.base/java.util.stream.ForEachOps$ForEachOp$OfRef.accept(ForEachOps.java:183)
	at java.base/java.util.stream.ReferencePipeline$3$1.accept(ReferencePipeline.java:197)
	at java.base/java.util.Iterator.forEachRemaining(Iterator.java:133)
	at java.base/java.util.Spliterators$IteratorSpliterator.forEachRemaining(Spliterators.java:1845)
	at java.base/java.util.stream.AbstractPipeline.copyInto(AbstractPipeline.java:509)
	at java.base/java.util.stream.AbstractPipeline.wrapAndCopyInto(AbstractPipeline.java:499)
	at java.base/java.util.stream.ForEachOps$ForEachOp.evaluateSequential(ForEachOps.java:150)
	at java.base/java.util.stream.ForEachOps$ForEachOp$OfRef.evaluateSequential(ForEachOps.java:173)
	at java.base/java.util.stream.AbstractPipeline.evaluate(AbstractPipeline.java:234)
	at java.base/java.util.stream.ReferencePipeline.forEach(ReferencePipeline.java:596)
	at java.base/java.util.stream.ReferencePipeline$7$1.accept(ReferencePipeline.java:276)
	at java.base/java.util.stream.ReferencePipeline$3$1.accept(ReferencePipeline.java:197)
	at java.base/java.util.stream.ReferencePipeline$3$1.accept(ReferencePipeline.java:197)
	at java.base/java.util.stream.ReferencePipeline$3$1.accept(ReferencePipeline.java:197)
	at java.base/java.util.ArrayList$ArrayListSpliterator.forEachRemaining(ArrayList.java:1625)
	at java.base/java.util.stream.AbstractPipeline.copyInto(AbstractPipeline.java:509)
	at java.base/java.util.stream.AbstractPipeline.wrapAndCopyInto(AbstractPipeline.java:499)
	at java.base/java.util.stream.ForEachOps$ForEachOp.evaluateSequential(ForEachOps.java:150)
	at java.base/java.util.stream.ForEachOps$ForEachOp$OfRef.evaluateSequential(ForEachOps.java:173)
	at java.base/java.util.stream.AbstractPipeline.evaluate(AbstractPipeline.java:234)
	at java.base/java.util.stream.ReferencePipeline.forEach(ReferencePipeline.java:596)
	at java.base/java.util.stream.ReferencePipeline$7$1.accept(ReferencePipeline.java:276)
	at java.base/java.util.ArrayList$ArrayListSpliterator.forEachRemaining(ArrayList.java:1625)
	at java.base/java.util.stream.AbstractPipeline.copyInto(AbstractPipeline.java:509)
	at java.base/java.util.stream.AbstractPipeline.wrapAndCopyInto(AbstractPipeline.java:499)
	at java.base/java.util.stream.ForEachOps$ForEachOp.evaluateSequential(ForEachOps.java:150)
	at java.base/java.util.stream.ForEachOps$ForEachOp$OfRef.evaluateSequential(ForEachOps.java:173)
	at java.base/java.util.stream.AbstractPipeline.evaluate(AbstractPipeline.java:234)
	at java.base/java.util.stream.ReferencePipeline.forEach(ReferencePipeline.java:596)
	at java.base/java.util.ArrayList.forEach(ArrayList.java:1511)
	at java.base/java.util.ArrayList.forEach(ArrayList.java:1511)
]]></error>
    <system-out><![CDATA[2024-08-19 16:31:44,243 [main] INFO  rpc.RpcClient (RpcClient.java:createVolume(474)) - Creating Volume: volume-93405674815823733310313480803773, with admin as owner and space quota set to -1 bytes, counts quota set to -1
2024-08-19 16:31:44,246 [omNode-1-OMStateMachineApplyTransactionThread - 0] INFO  volume.OMVolumeCreateRequest (OMVolumeCreateRequest.java:validateAndUpdateCache(198)) - created volume:volume-93405674815823733310313480803773 for user:admin
2024-08-19 16:31:44,248 [main] INFO  rpc.RpcClient (RpcClient.java:createBucket(700)) - Creating Bucket: volume-93405674815823733310313480803773/bucket-53012218035397658929263857818061, with bucket layout OBJECT_STORE, admin as owner, Versioning false, Storage Type set to DISK and Encryption set to false, Replication Type set to server-side default replication type, Namespace Quota set to -1, Space Quota set to -1 
2024-08-19 16:31:44,250 [omNode-1-OMStateMachineApplyTransactionThread - 0] INFO  bucket.OMBucketCreateRequest (OMBucketCreateRequest.java:validateAndUpdateCache(293)) - created bucket: bucket-53012218035397658929263857818061 of layout OBJECT_STORE in volume: volume-93405674815823733310313480803773
2024-08-19 16:31:44,257 [main] INFO  io.KeyOutputStreamSemaphore (KeyOutputStreamSemaphore.java:<init>(35)) - Initializing semaphore with maxConcurrentWritePerKey = 1
2024-08-19 16:31:46,803 [omNode-1-OMStateMachineApplyTransactionThread - 0] WARN  snapshot.OMSnapshotCreateRequest (OMSnapshotCreateRequest.java:estimateBucketDataSize(337)) - DefaultReplicationConfig is not correctly set in OmBucketInfo for volume 'volume-93405674815823733310313480803773' bucket 'bucket-53012218035397658929263857818061'. Falling back to config default 'RATIS/THREE'
2024-08-19 16:31:46,803 [omNode-1-OMStateMachineApplyTransactionThread - 0] INFO  snapshot.OMSnapshotCreateRequest (OMSnapshotCreateRequest.java:validateAndUpdateCache(218)) - Created snapshot: 'snapshot-55444273047887975939933493553781' with snapshotId: '73639655-b78e-4ac4-a784-3e53d1407be2' under path 'volume-93405674815823733310313480803773/bucket-53012218035397658929263857818061'
2024-08-19 16:31:46,804 [main] WARN  server.ServerUtils (ServerUtils.java:getDBPath(299)) - ozone.om.db.dirs is not configured. We recommend adding this setting. Falling back to ozone.metadata.dirs instead.
2024-08-19 16:31:50,106 [a60155f7-ea69-45b2-947a-1e7e01ad7119-BlockDeletingService#0] INFO  interfaces.ContainerDeletionChoosingPolicyTemplate (ContainerDeletionChoosingPolicyTemplate.java:chooseContainerForBlockDeletion(85)) - Chosen 0/5000 blocks from 0 candidate containers.
2024-08-19 16:31:50,472 [9b6d9b22-4572-4a82-ae1c-a91d234bbb93-BlockDeletingService#0] INFO  interfaces.ContainerDeletionChoosingPolicyTemplate (ContainerDeletionChoosingPolicyTemplate.java:chooseContainerForBlockDeletion(85)) - Chosen 0/5000 blocks from 0 candidate containers.
2024-08-19 16:31:50,873 [ee221735-3b90-4b08-961d-7f24e77247fb-BlockDeletingService#0] INFO  interfaces.ContainerDeletionChoosingPolicyTemplate (ContainerDeletionChoosingPolicyTemplate.java:chooseContainerForBlockDeletion(85)) - Chosen 0/5000 blocks from 0 candidate containers.
2024-08-19 16:32:06,731 [main] INFO  db.RDBCheckpointUtils (RDBCheckpointUtils.java:waitForCheckpointDirectoryExist(51)) - Checkpoint directory: 20 didn't get created in /home/runner/work/ozone/ozone/hadoop-ozone/integration-test/target/test-dir/MiniOzoneClusterImpl-37a79142-3d3b-4256-8e35-bf5503c8d171/omNode-1/db.snapshots/checkpointState/om.db-73639655-b78e-4ac4-a784-3e53d1407be2 secs.
]]></system-out>
  </testcase>
  <testcase name="testGeyKeyInfoWithNotAllowedUser(BucketLayout)[3]" classname="org.apache.hadoop.ozone.om.snapshot.TestOzoneManagerSnapshotAcl" time="19.99">
    <error type="java.io.IOException"><![CDATA[java.io.IOException: snapshot directory doesn't exist
	at org.apache.hadoop.ozone.om.snapshot.TestOzoneManagerSnapshotAcl.createSnapshot(TestOzoneManagerSnapshotAcl.java:591)
	at org.apache.hadoop.ozone.om.snapshot.TestOzoneManagerSnapshotAcl.setup(TestOzoneManagerSnapshotAcl.java:457)
	at org.apache.hadoop.ozone.om.snapshot.TestOzoneManagerSnapshotAcl.testGeyKeyInfoWithNotAllowedUser(TestOzoneManagerSnapshotAcl.java:196)
	at java.base/java.lang.reflect.Method.invoke(Method.java:569)
	at java.base/java.util.stream.ForEachOps$ForEachOp$OfRef.accept(ForEachOps.java:183)
	at java.base/java.util.stream.ReferencePipeline$3$1.accept(ReferencePipeline.java:197)
	at java.base/java.util.stream.ReferencePipeline$2$1.accept(ReferencePipeline.java:179)
	at java.base/java.util.stream.ReferencePipeline$3$1.accept(ReferencePipeline.java:197)
	at java.base/java.util.stream.ForEachOps$ForEachOp$OfRef.accept(ForEachOps.java:183)
	at java.base/java.util.stream.ReferencePipeline$3$1.accept(ReferencePipeline.java:197)
	at java.base/java.util.stream.ReferencePipeline$3$1.accept(ReferencePipeline.java:197)
	at java.base/java.util.stream.ReferencePipeline$3$1.accept(ReferencePipeline.java:197)
	at java.base/java.util.stream.ForEachOps$ForEachOp$OfRef.accept(ForEachOps.java:183)
	at java.base/java.util.stream.ReferencePipeline$3$1.accept(ReferencePipeline.java:197)
	at java.base/java.util.Iterator.forEachRemaining(Iterator.java:133)
	at java.base/java.util.Spliterators$IteratorSpliterator.forEachRemaining(Spliterators.java:1845)
	at java.base/java.util.stream.AbstractPipeline.copyInto(AbstractPipeline.java:509)
	at java.base/java.util.stream.AbstractPipeline.wrapAndCopyInto(AbstractPipeline.java:499)
	at java.base/java.util.stream.ForEachOps$ForEachOp.evaluateSequential(ForEachOps.java:150)
	at java.base/java.util.stream.ForEachOps$ForEachOp$OfRef.evaluateSequential(ForEachOps.java:173)
	at java.base/java.util.stream.AbstractPipeline.evaluate(AbstractPipeline.java:234)
	at java.base/java.util.stream.ReferencePipeline.forEach(ReferencePipeline.java:596)
	at java.base/java.util.stream.ReferencePipeline$7$1.accept(ReferencePipeline.java:276)
	at java.base/java.util.stream.ReferencePipeline$3$1.accept(ReferencePipeline.java:197)
	at java.base/java.util.stream.ReferencePipeline$3$1.accept(ReferencePipeline.java:197)
	at java.base/java.util.stream.ReferencePipeline$3$1.accept(ReferencePipeline.java:197)
	at java.base/java.util.ArrayList$ArrayListSpliterator.forEachRemaining(ArrayList.java:1625)
	at java.base/java.util.stream.AbstractPipeline.copyInto(AbstractPipeline.java:509)
	at java.base/java.util.stream.AbstractPipeline.wrapAndCopyInto(AbstractPipeline.java:499)
	at java.base/java.util.stream.ForEachOps$ForEachOp.evaluateSequential(ForEachOps.java:150)
	at java.base/java.util.stream.ForEachOps$ForEachOp$OfRef.evaluateSequential(ForEachOps.java:173)
	at java.base/java.util.stream.AbstractPipeline.evaluate(AbstractPipeline.java:234)
	at java.base/java.util.stream.ReferencePipeline.forEach(ReferencePipeline.java:596)
	at java.base/java.util.stream.ReferencePipeline$7$1.accept(ReferencePipeline.java:276)
	at java.base/java.util.ArrayList$ArrayListSpliterator.forEachRemaining(ArrayList.java:1625)
	at java.base/java.util.stream.AbstractPipeline.copyInto(AbstractPipeline.java:509)
	at java.base/java.util.stream.AbstractPipeline.wrapAndCopyInto(AbstractPipeline.java:499)
	at java.base/java.util.stream.ForEachOps$ForEachOp.evaluateSequential(ForEachOps.java:150)
	at java.base/java.util.stream.ForEachOps$ForEachOp$OfRef.evaluateSequential(ForEachOps.java:173)
	at java.base/java.util.stream.AbstractPipeline.evaluate(AbstractPipeline.java:234)
	at java.base/java.util.stream.ReferencePipeline.forEach(ReferencePipeline.java:596)
	at java.base/java.util.ArrayList.forEach(ArrayList.java:1511)
	at java.base/java.util.ArrayList.forEach(ArrayList.java:1511)
]]></error>
    <system-out><![CDATA[2024-08-19 16:32:06,733 [main] INFO  rpc.RpcClient (RpcClient.java:createVolume(474)) - Creating Volume: volume-59717761000582292875755838796906, with admin as owner and space quota set to -1 bytes, counts quota set to -1
2024-08-19 16:32:06,737 [omNode-1-OMStateMachineApplyTransactionThread - 0] INFO  volume.OMVolumeCreateRequest (OMVolumeCreateRequest.java:validateAndUpdateCache(198)) - created volume:volume-59717761000582292875755838796906 for user:admin
2024-08-19 16:32:06,738 [main] INFO  rpc.RpcClient (RpcClient.java:createBucket(700)) - Creating Bucket: volume-59717761000582292875755838796906/bucket-39458311630192684827137922695305, with bucket layout LEGACY, admin as owner, Versioning false, Storage Type set to DISK and Encryption set to false, Replication Type set to server-side default replication type, Namespace Quota set to -1, Space Quota set to -1 
2024-08-19 16:32:06,740 [omNode-1-OMStateMachineApplyTransactionThread - 0] INFO  bucket.OMBucketCreateRequest (OMBucketCreateRequest.java:validateAndUpdateCache(293)) - created bucket: bucket-39458311630192684827137922695305 of layout LEGACY in volume: volume-59717761000582292875755838796906
2024-08-19 16:32:06,747 [main] INFO  io.KeyOutputStreamSemaphore (KeyOutputStreamSemaphore.java:<init>(35)) - Initializing semaphore with maxConcurrentWritePerKey = 1
2024-08-19 16:32:06,793 [omNode-1-OMStateMachineApplyTransactionThread - 0] WARN  snapshot.OMSnapshotCreateRequest (OMSnapshotCreateRequest.java:estimateBucketDataSize(337)) - DefaultReplicationConfig is not correctly set in OmBucketInfo for volume 'volume-59717761000582292875755838796906' bucket 'bucket-39458311630192684827137922695305'. Falling back to config default 'RATIS/THREE'
2024-08-19 16:32:06,794 [omNode-1-OMStateMachineApplyTransactionThread - 0] INFO  snapshot.OMSnapshotCreateRequest (OMSnapshotCreateRequest.java:validateAndUpdateCache(218)) - Created snapshot: 'snapshot-77318245727241170222596484515092' with snapshotId: '7cc611bd-8c30-414a-8fa6-24d5987dbffc' under path 'volume-59717761000582292875755838796906/bucket-39458311630192684827137922695305'
2024-08-19 16:32:06,794 [main] WARN  server.ServerUtils (ServerUtils.java:getDBPath(299)) - ozone.om.db.dirs is not configured. We recommend adding this setting. Falling back to ozone.metadata.dirs instead.
2024-08-19 16:32:26,721 [main] INFO  db.RDBCheckpointUtils (RDBCheckpointUtils.java:waitForCheckpointDirectoryExist(51)) - Checkpoint directory: 20 didn't get created in /home/runner/work/ozone/ozone/hadoop-ozone/integration-test/target/test-dir/MiniOzoneClusterImpl-37a79142-3d3b-4256-8e35-bf5503c8d171/omNode-1/db.snapshots/checkpointState/om.db-7cc611bd-8c30-414a-8fa6-24d5987dbffc secs.
]]></system-out>
  </testcase>
  <testcase name="testLookupFileWithNotAllowedUser(BucketLayout)[1]" classname="org.apache.hadoop.ozone.om.snapshot.TestOzoneManagerSnapshotAcl" time="19.992">
    <error type="java.io.IOException"><![CDATA[java.io.IOException: snapshot directory doesn't exist
	at org.apache.hadoop.ozone.om.snapshot.TestOzoneManagerSnapshotAcl.createSnapshot(TestOzoneManagerSnapshotAcl.java:591)
	at org.apache.hadoop.ozone.om.snapshot.TestOzoneManagerSnapshotAcl.setup(TestOzoneManagerSnapshotAcl.java:457)
	at org.apache.hadoop.ozone.om.snapshot.TestOzoneManagerSnapshotAcl.testLookupFileWithNotAllowedUser(TestOzoneManagerSnapshotAcl.java:278)
	at java.base/java.lang.reflect.Method.invoke(Method.java:569)
	at java.base/java.util.stream.ForEachOps$ForEachOp$OfRef.accept(ForEachOps.java:183)
	at java.base/java.util.stream.ReferencePipeline$3$1.accept(ReferencePipeline.java:197)
	at java.base/java.util.stream.ReferencePipeline$2$1.accept(ReferencePipeline.java:179)
	at java.base/java.util.stream.ReferencePipeline$3$1.accept(ReferencePipeline.java:197)
	at java.base/java.util.stream.ForEachOps$ForEachOp$OfRef.accept(ForEachOps.java:183)
	at java.base/java.util.stream.ReferencePipeline$3$1.accept(ReferencePipeline.java:197)
	at java.base/java.util.stream.ReferencePipeline$3$1.accept(ReferencePipeline.java:197)
	at java.base/java.util.stream.ReferencePipeline$3$1.accept(ReferencePipeline.java:197)
	at java.base/java.util.stream.ForEachOps$ForEachOp$OfRef.accept(ForEachOps.java:183)
	at java.base/java.util.stream.ReferencePipeline$3$1.accept(ReferencePipeline.java:197)
	at java.base/java.util.Iterator.forEachRemaining(Iterator.java:133)
	at java.base/java.util.Spliterators$IteratorSpliterator.forEachRemaining(Spliterators.java:1845)
	at java.base/java.util.stream.AbstractPipeline.copyInto(AbstractPipeline.java:509)
	at java.base/java.util.stream.AbstractPipeline.wrapAndCopyInto(AbstractPipeline.java:499)
	at java.base/java.util.stream.ForEachOps$ForEachOp.evaluateSequential(ForEachOps.java:150)
	at java.base/java.util.stream.ForEachOps$ForEachOp$OfRef.evaluateSequential(ForEachOps.java:173)
	at java.base/java.util.stream.AbstractPipeline.evaluate(AbstractPipeline.java:234)
	at java.base/java.util.stream.ReferencePipeline.forEach(ReferencePipeline.java:596)
	at java.base/java.util.stream.ReferencePipeline$7$1.accept(ReferencePipeline.java:276)
	at java.base/java.util.stream.ReferencePipeline$3$1.accept(ReferencePipeline.java:197)
	at java.base/java.util.stream.ReferencePipeline$3$1.accept(ReferencePipeline.java:197)
	at java.base/java.util.stream.ReferencePipeline$3$1.accept(ReferencePipeline.java:197)
	at java.base/java.util.ArrayList$ArrayListSpliterator.forEachRemaining(ArrayList.java:1625)
	at java.base/java.util.stream.AbstractPipeline.copyInto(AbstractPipeline.java:509)
	at java.base/java.util.stream.AbstractPipeline.wrapAndCopyInto(AbstractPipeline.java:499)
	at java.base/java.util.stream.ForEachOps$ForEachOp.evaluateSequential(ForEachOps.java:150)
	at java.base/java.util.stream.ForEachOps$ForEachOp$OfRef.evaluateSequential(ForEachOps.java:173)
	at java.base/java.util.stream.AbstractPipeline.evaluate(AbstractPipeline.java:234)
	at java.base/java.util.stream.ReferencePipeline.forEach(ReferencePipeline.java:596)
	at java.base/java.util.stream.ReferencePipeline$7$1.accept(ReferencePipeline.java:276)
	at java.base/java.util.ArrayList$ArrayListSpliterator.forEachRemaining(ArrayList.java:1625)
	at java.base/java.util.stream.AbstractPipeline.copyInto(AbstractPipeline.java:509)
	at java.base/java.util.stream.AbstractPipeline.wrapAndCopyInto(AbstractPipeline.java:499)
	at java.base/java.util.stream.ForEachOps$ForEachOp.evaluateSequential(ForEachOps.java:150)
	at java.base/java.util.stream.ForEachOps$ForEachOp$OfRef.evaluateSequential(ForEachOps.java:173)
	at java.base/java.util.stream.AbstractPipeline.evaluate(AbstractPipeline.java:234)
	at java.base/java.util.stream.ReferencePipeline.forEach(ReferencePipeline.java:596)
	at java.base/java.util.ArrayList.forEach(ArrayList.java:1511)
	at java.base/java.util.ArrayList.forEach(ArrayList.java:1511)
]]></error>
    <system-out><![CDATA[2024-08-19 16:32:26,732 [main] INFO  rpc.RpcClient (RpcClient.java:createVolume(474)) - Creating Volume: volume-24907037662241170699120420086941, with admin as owner and space quota set to -1 bytes, counts quota set to -1
2024-08-19 16:32:26,735 [omNode-1-OMStateMachineApplyTransactionThread - 0] INFO  volume.OMVolumeCreateRequest (OMVolumeCreateRequest.java:validateAndUpdateCache(198)) - created volume:volume-24907037662241170699120420086941 for user:admin
2024-08-19 16:32:26,737 [main] INFO  rpc.RpcClient (RpcClient.java:createBucket(700)) - Creating Bucket: volume-24907037662241170699120420086941/bucket-95945559153079959544717355015241, with bucket layout FILE_SYSTEM_OPTIMIZED, admin as owner, Versioning false, Storage Type set to DISK and Encryption set to false, Replication Type set to server-side default replication type, Namespace Quota set to -1, Space Quota set to -1 
2024-08-19 16:32:26,739 [omNode-1-OMStateMachineApplyTransactionThread - 0] INFO  bucket.OMBucketCreateRequest (OMBucketCreateRequest.java:validateAndUpdateCache(293)) - created bucket: bucket-95945559153079959544717355015241 of layout FILE_SYSTEM_OPTIMIZED in volume: volume-24907037662241170699120420086941
2024-08-19 16:32:26,746 [main] INFO  io.KeyOutputStreamSemaphore (KeyOutputStreamSemaphore.java:<init>(35)) - Initializing semaphore with maxConcurrentWritePerKey = 1
2024-08-19 16:32:26,788 [omNode-1-OMStateMachineApplyTransactionThread - 0] WARN  snapshot.OMSnapshotCreateRequest (OMSnapshotCreateRequest.java:estimateBucketDataSize(337)) - DefaultReplicationConfig is not correctly set in OmBucketInfo for volume 'volume-24907037662241170699120420086941' bucket 'bucket-95945559153079959544717355015241'. Falling back to config default 'RATIS/THREE'
2024-08-19 16:32:26,788 [omNode-1-OMStateMachineApplyTransactionThread - 0] INFO  snapshot.OMSnapshotCreateRequest (OMSnapshotCreateRequest.java:validateAndUpdateCache(218)) - Created snapshot: 'snapshot-62636281297750779126652478206652' with snapshotId: '8ee82bb8-1c5d-46c8-bb21-f9ec21c08432' under path 'volume-24907037662241170699120420086941/bucket-95945559153079959544717355015241'
2024-08-19 16:32:26,789 [main] WARN  server.ServerUtils (ServerUtils.java:getDBPath(299)) - ozone.om.db.dirs is not configured. We recommend adding this setting. Falling back to ozone.metadata.dirs instead.
2024-08-19 16:32:46,714 [main] INFO  db.RDBCheckpointUtils (RDBCheckpointUtils.java:waitForCheckpointDirectoryExist(51)) - Checkpoint directory: 20 didn't get created in /home/runner/work/ozone/ozone/hadoop-ozone/integration-test/target/test-dir/MiniOzoneClusterImpl-37a79142-3d3b-4256-8e35-bf5503c8d171/omNode-1/db.snapshots/checkpointState/om.db-8ee82bb8-1c5d-46c8-bb21-f9ec21c08432 secs.
]]></system-out>
  </testcase>
  <testcase name="testLookupFileWithNotAllowedUser(BucketLayout)[2]" classname="org.apache.hadoop.ozone.om.snapshot.TestOzoneManagerSnapshotAcl" time="19.984">
    <error type="java.io.IOException"><![CDATA[java.io.IOException: snapshot directory doesn't exist
	at org.apache.hadoop.ozone.om.snapshot.TestOzoneManagerSnapshotAcl.createSnapshot(TestOzoneManagerSnapshotAcl.java:591)
	at org.apache.hadoop.ozone.om.snapshot.TestOzoneManagerSnapshotAcl.setup(TestOzoneManagerSnapshotAcl.java:457)
	at org.apache.hadoop.ozone.om.snapshot.TestOzoneManagerSnapshotAcl.testLookupFileWithNotAllowedUser(TestOzoneManagerSnapshotAcl.java:278)
	at java.base/java.lang.reflect.Method.invoke(Method.java:569)
	at java.base/java.util.stream.ForEachOps$ForEachOp$OfRef.accept(ForEachOps.java:183)
	at java.base/java.util.stream.ReferencePipeline$3$1.accept(ReferencePipeline.java:197)
	at java.base/java.util.stream.ReferencePipeline$2$1.accept(ReferencePipeline.java:179)
	at java.base/java.util.stream.ReferencePipeline$3$1.accept(ReferencePipeline.java:197)
	at java.base/java.util.stream.ForEachOps$ForEachOp$OfRef.accept(ForEachOps.java:183)
	at java.base/java.util.stream.ReferencePipeline$3$1.accept(ReferencePipeline.java:197)
	at java.base/java.util.stream.ReferencePipeline$3$1.accept(ReferencePipeline.java:197)
	at java.base/java.util.stream.ReferencePipeline$3$1.accept(ReferencePipeline.java:197)
	at java.base/java.util.stream.ForEachOps$ForEachOp$OfRef.accept(ForEachOps.java:183)
	at java.base/java.util.stream.ReferencePipeline$3$1.accept(ReferencePipeline.java:197)
	at java.base/java.util.Iterator.forEachRemaining(Iterator.java:133)
	at java.base/java.util.Spliterators$IteratorSpliterator.forEachRemaining(Spliterators.java:1845)
	at java.base/java.util.stream.AbstractPipeline.copyInto(AbstractPipeline.java:509)
	at java.base/java.util.stream.AbstractPipeline.wrapAndCopyInto(AbstractPipeline.java:499)
	at java.base/java.util.stream.ForEachOps$ForEachOp.evaluateSequential(ForEachOps.java:150)
	at java.base/java.util.stream.ForEachOps$ForEachOp$OfRef.evaluateSequential(ForEachOps.java:173)
	at java.base/java.util.stream.AbstractPipeline.evaluate(AbstractPipeline.java:234)
	at java.base/java.util.stream.ReferencePipeline.forEach(ReferencePipeline.java:596)
	at java.base/java.util.stream.ReferencePipeline$7$1.accept(ReferencePipeline.java:276)
	at java.base/java.util.stream.ReferencePipeline$3$1.accept(ReferencePipeline.java:197)
	at java.base/java.util.stream.ReferencePipeline$3$1.accept(ReferencePipeline.java:197)
	at java.base/java.util.stream.ReferencePipeline$3$1.accept(ReferencePipeline.java:197)
	at java.base/java.util.ArrayList$ArrayListSpliterator.forEachRemaining(ArrayList.java:1625)
	at java.base/java.util.stream.AbstractPipeline.copyInto(AbstractPipeline.java:509)
	at java.base/java.util.stream.AbstractPipeline.wrapAndCopyInto(AbstractPipeline.java:499)
	at java.base/java.util.stream.ForEachOps$ForEachOp.evaluateSequential(ForEachOps.java:150)
	at java.base/java.util.stream.ForEachOps$ForEachOp$OfRef.evaluateSequential(ForEachOps.java:173)
	at java.base/java.util.stream.AbstractPipeline.evaluate(AbstractPipeline.java:234)
	at java.base/java.util.stream.ReferencePipeline.forEach(ReferencePipeline.java:596)
	at java.base/java.util.stream.ReferencePipeline$7$1.accept(ReferencePipeline.java:276)
	at java.base/java.util.ArrayList$ArrayListSpliterator.forEachRemaining(ArrayList.java:1625)
	at java.base/java.util.stream.AbstractPipeline.copyInto(AbstractPipeline.java:509)
	at java.base/java.util.stream.AbstractPipeline.wrapAndCopyInto(AbstractPipeline.java:499)
	at java.base/java.util.stream.ForEachOps$ForEachOp.evaluateSequential(ForEachOps.java:150)
	at java.base/java.util.stream.ForEachOps$ForEachOp$OfRef.evaluateSequential(ForEachOps.java:173)
	at java.base/java.util.stream.AbstractPipeline.evaluate(AbstractPipeline.java:234)
	at java.base/java.util.stream.ReferencePipeline.forEach(ReferencePipeline.java:596)
	at java.base/java.util.ArrayList.forEach(ArrayList.java:1511)
	at java.base/java.util.ArrayList.forEach(ArrayList.java:1511)
]]></error>
    <system-out><![CDATA[2024-08-19 16:32:46,717 [main] INFO  rpc.RpcClient (RpcClient.java:createVolume(474)) - Creating Volume: volume-44440055329442771137604505991472, with admin as owner and space quota set to -1 bytes, counts quota set to -1
2024-08-19 16:32:46,720 [omNode-1-OMStateMachineApplyTransactionThread - 0] INFO  volume.OMVolumeCreateRequest (OMVolumeCreateRequest.java:validateAndUpdateCache(198)) - created volume:volume-44440055329442771137604505991472 for user:admin
2024-08-19 16:32:46,722 [main] INFO  rpc.RpcClient (RpcClient.java:createBucket(700)) - Creating Bucket: volume-44440055329442771137604505991472/bucket-58043980325780335292935932256469, with bucket layout OBJECT_STORE, admin as owner, Versioning false, Storage Type set to DISK and Encryption set to false, Replication Type set to server-side default replication type, Namespace Quota set to -1, Space Quota set to -1 
2024-08-19 16:32:46,724 [omNode-1-OMStateMachineApplyTransactionThread - 0] INFO  bucket.OMBucketCreateRequest (OMBucketCreateRequest.java:validateAndUpdateCache(293)) - created bucket: bucket-58043980325780335292935932256469 of layout OBJECT_STORE in volume: volume-44440055329442771137604505991472
2024-08-19 16:32:46,731 [main] INFO  io.KeyOutputStreamSemaphore (KeyOutputStreamSemaphore.java:<init>(35)) - Initializing semaphore with maxConcurrentWritePerKey = 1
2024-08-19 16:32:46,775 [omNode-1-OMStateMachineApplyTransactionThread - 0] WARN  snapshot.OMSnapshotCreateRequest (OMSnapshotCreateRequest.java:estimateBucketDataSize(337)) - DefaultReplicationConfig is not correctly set in OmBucketInfo for volume 'volume-44440055329442771137604505991472' bucket 'bucket-58043980325780335292935932256469'. Falling back to config default 'RATIS/THREE'
2024-08-19 16:32:46,775 [omNode-1-OMStateMachineApplyTransactionThread - 0] INFO  snapshot.OMSnapshotCreateRequest (OMSnapshotCreateRequest.java:validateAndUpdateCache(218)) - Created snapshot: 'snapshot-80585824657719456068105805574402' with snapshotId: 'db48b986-be2b-4f3b-aa0b-d10b3242091a' under path 'volume-44440055329442771137604505991472/bucket-58043980325780335292935932256469'
2024-08-19 16:32:46,777 [main] WARN  server.ServerUtils (ServerUtils.java:getDBPath(299)) - ozone.om.db.dirs is not configured. We recommend adding this setting. Falling back to ozone.metadata.dirs instead.
2024-08-19 16:32:50,106 [a60155f7-ea69-45b2-947a-1e7e01ad7119-BlockDeletingService#4] INFO  interfaces.ContainerDeletionChoosingPolicyTemplate (ContainerDeletionChoosingPolicyTemplate.java:chooseContainerForBlockDeletion(85)) - Chosen 0/5000 blocks from 0 candidate containers.
2024-08-19 16:32:50,472 [9b6d9b22-4572-4a82-ae1c-a91d234bbb93-BlockDeletingService#4] INFO  interfaces.ContainerDeletionChoosingPolicyTemplate (ContainerDeletionChoosingPolicyTemplate.java:chooseContainerForBlockDeletion(85)) - Chosen 0/5000 blocks from 0 candidate containers.
2024-08-19 16:32:50,874 [ee221735-3b90-4b08-961d-7f24e77247fb-BlockDeletingService#4] INFO  interfaces.ContainerDeletionChoosingPolicyTemplate (ContainerDeletionChoosingPolicyTemplate.java:chooseContainerForBlockDeletion(85)) - Chosen 0/5000 blocks from 0 candidate containers.
2024-08-19 16:33:06,699 [main] INFO  db.RDBCheckpointUtils (RDBCheckpointUtils.java:waitForCheckpointDirectoryExist(51)) - Checkpoint directory: 20 didn't get created in /home/runner/work/ozone/ozone/hadoop-ozone/integration-test/target/test-dir/MiniOzoneClusterImpl-37a79142-3d3b-4256-8e35-bf5503c8d171/omNode-1/db.snapshots/checkpointState/om.db-db48b986-be2b-4f3b-aa0b-d10b3242091a secs.
]]></system-out>
  </testcase>
  <testcase name="testLookupFileWithNotAllowedUser(BucketLayout)[3]" classname="org.apache.hadoop.ozone.om.snapshot.TestOzoneManagerSnapshotAcl" time="19.994">
    <error type="java.io.IOException"><![CDATA[java.io.IOException: snapshot directory doesn't exist
	at org.apache.hadoop.ozone.om.snapshot.TestOzoneManagerSnapshotAcl.createSnapshot(TestOzoneManagerSnapshotAcl.java:591)
	at org.apache.hadoop.ozone.om.snapshot.TestOzoneManagerSnapshotAcl.setup(TestOzoneManagerSnapshotAcl.java:457)
	at org.apache.hadoop.ozone.om.snapshot.TestOzoneManagerSnapshotAcl.testLookupFileWithNotAllowedUser(TestOzoneManagerSnapshotAcl.java:278)
	at java.base/java.lang.reflect.Method.invoke(Method.java:569)
	at java.base/java.util.stream.ForEachOps$ForEachOp$OfRef.accept(ForEachOps.java:183)
	at java.base/java.util.stream.ReferencePipeline$3$1.accept(ReferencePipeline.java:197)
	at java.base/java.util.stream.ReferencePipeline$2$1.accept(ReferencePipeline.java:179)
	at java.base/java.util.stream.ReferencePipeline$3$1.accept(ReferencePipeline.java:197)
	at java.base/java.util.stream.ForEachOps$ForEachOp$OfRef.accept(ForEachOps.java:183)
	at java.base/java.util.stream.ReferencePipeline$3$1.accept(ReferencePipeline.java:197)
	at java.base/java.util.stream.ReferencePipeline$3$1.accept(ReferencePipeline.java:197)
	at java.base/java.util.stream.ReferencePipeline$3$1.accept(ReferencePipeline.java:197)
	at java.base/java.util.stream.ForEachOps$ForEachOp$OfRef.accept(ForEachOps.java:183)
	at java.base/java.util.stream.ReferencePipeline$3$1.accept(ReferencePipeline.java:197)
	at java.base/java.util.Iterator.forEachRemaining(Iterator.java:133)
	at java.base/java.util.Spliterators$IteratorSpliterator.forEachRemaining(Spliterators.java:1845)
	at java.base/java.util.stream.AbstractPipeline.copyInto(AbstractPipeline.java:509)
	at java.base/java.util.stream.AbstractPipeline.wrapAndCopyInto(AbstractPipeline.java:499)
	at java.base/java.util.stream.ForEachOps$ForEachOp.evaluateSequential(ForEachOps.java:150)
	at java.base/java.util.stream.ForEachOps$ForEachOp$OfRef.evaluateSequential(ForEachOps.java:173)
	at java.base/java.util.stream.AbstractPipeline.evaluate(AbstractPipeline.java:234)
	at java.base/java.util.stream.ReferencePipeline.forEach(ReferencePipeline.java:596)
	at java.base/java.util.stream.ReferencePipeline$7$1.accept(ReferencePipeline.java:276)
	at java.base/java.util.stream.ReferencePipeline$3$1.accept(ReferencePipeline.java:197)
	at java.base/java.util.stream.ReferencePipeline$3$1.accept(ReferencePipeline.java:197)
	at java.base/java.util.stream.ReferencePipeline$3$1.accept(ReferencePipeline.java:197)
	at java.base/java.util.ArrayList$ArrayListSpliterator.forEachRemaining(ArrayList.java:1625)
	at java.base/java.util.stream.AbstractPipeline.copyInto(AbstractPipeline.java:509)
	at java.base/java.util.stream.AbstractPipeline.wrapAndCopyInto(AbstractPipeline.java:499)
	at java.base/java.util.stream.ForEachOps$ForEachOp.evaluateSequential(ForEachOps.java:150)
	at java.base/java.util.stream.ForEachOps$ForEachOp$OfRef.evaluateSequential(ForEachOps.java:173)
	at java.base/java.util.stream.AbstractPipeline.evaluate(AbstractPipeline.java:234)
	at java.base/java.util.stream.ReferencePipeline.forEach(ReferencePipeline.java:596)
	at java.base/java.util.stream.ReferencePipeline$7$1.accept(ReferencePipeline.java:276)
	at java.base/java.util.ArrayList$ArrayListSpliterator.forEachRemaining(ArrayList.java:1625)
	at java.base/java.util.stream.AbstractPipeline.copyInto(AbstractPipeline.java:509)
	at java.base/java.util.stream.AbstractPipeline.wrapAndCopyInto(AbstractPipeline.java:499)
	at java.base/java.util.stream.ForEachOps$ForEachOp.evaluateSequential(ForEachOps.java:150)
	at java.base/java.util.stream.ForEachOps$ForEachOp$OfRef.evaluateSequential(ForEachOps.java:173)
	at java.base/java.util.stream.AbstractPipeline.evaluate(AbstractPipeline.java:234)
	at java.base/java.util.stream.ReferencePipeline.forEach(ReferencePipeline.java:596)
	at java.base/java.util.ArrayList.forEach(ArrayList.java:1511)
	at java.base/java.util.ArrayList.forEach(ArrayList.java:1511)
]]></error>
    <system-out><![CDATA[2024-08-19 16:33:06,709 [main] INFO  rpc.RpcClient (RpcClient.java:createVolume(474)) - Creating Volume: volume-09677993773080068728443573169850, with admin as owner and space quota set to -1 bytes, counts quota set to -1
2024-08-19 16:33:06,712 [omNode-1-OMStateMachineApplyTransactionThread - 0] INFO  volume.OMVolumeCreateRequest (OMVolumeCreateRequest.java:validateAndUpdateCache(198)) - created volume:volume-09677993773080068728443573169850 for user:admin
2024-08-19 16:33:06,714 [main] INFO  rpc.RpcClient (RpcClient.java:createBucket(700)) - Creating Bucket: volume-09677993773080068728443573169850/bucket-96689844976954899853084067484143, with bucket layout LEGACY, admin as owner, Versioning false, Storage Type set to DISK and Encryption set to false, Replication Type set to server-side default replication type, Namespace Quota set to -1, Space Quota set to -1 
2024-08-19 16:33:06,715 [omNode-1-OMStateMachineApplyTransactionThread - 0] INFO  bucket.OMBucketCreateRequest (OMBucketCreateRequest.java:validateAndUpdateCache(293)) - created bucket: bucket-96689844976954899853084067484143 of layout LEGACY in volume: volume-09677993773080068728443573169850
2024-08-19 16:33:06,723 [main] INFO  io.KeyOutputStreamSemaphore (KeyOutputStreamSemaphore.java:<init>(35)) - Initializing semaphore with maxConcurrentWritePerKey = 1
2024-08-19 16:33:06,768 [omNode-1-OMStateMachineApplyTransactionThread - 0] WARN  snapshot.OMSnapshotCreateRequest (OMSnapshotCreateRequest.java:estimateBucketDataSize(337)) - DefaultReplicationConfig is not correctly set in OmBucketInfo for volume 'volume-09677993773080068728443573169850' bucket 'bucket-96689844976954899853084067484143'. Falling back to config default 'RATIS/THREE'
2024-08-19 16:33:06,768 [omNode-1-OMStateMachineApplyTransactionThread - 0] INFO  snapshot.OMSnapshotCreateRequest (OMSnapshotCreateRequest.java:validateAndUpdateCache(218)) - Created snapshot: 'snapshot-02726196997917216715429868592838' with snapshotId: 'dc5158d1-8fdf-439e-b8de-14beb55b146c' under path 'volume-09677993773080068728443573169850/bucket-96689844976954899853084067484143'
2024-08-19 16:33:06,770 [main] WARN  server.ServerUtils (ServerUtils.java:getDBPath(299)) - ozone.om.db.dirs is not configured. We recommend adding this setting. Falling back to ozone.metadata.dirs instead.
2024-08-19 16:33:26,694 [main] INFO  db.RDBCheckpointUtils (RDBCheckpointUtils.java:waitForCheckpointDirectoryExist(51)) - Checkpoint directory: 20 didn't get created in /home/runner/work/ozone/ozone/hadoop-ozone/integration-test/target/test-dir/MiniOzoneClusterImpl-37a79142-3d3b-4256-8e35-bf5503c8d171/omNode-1/db.snapshots/checkpointState/om.db-dc5158d1-8fdf-439e-b8de-14beb55b146c secs.
]]></system-out>
  </testcase>
  <testcase name="testLookupKeyWithNotAllowedUser(BucketLayout)[1]" classname="org.apache.hadoop.ozone.om.snapshot.TestOzoneManagerSnapshotAcl" time="19.991">
    <error type="java.io.IOException"><![CDATA[java.io.IOException: snapshot directory doesn't exist
	at org.apache.hadoop.ozone.om.snapshot.TestOzoneManagerSnapshotAcl.createSnapshot(TestOzoneManagerSnapshotAcl.java:591)
	at org.apache.hadoop.ozone.om.snapshot.TestOzoneManagerSnapshotAcl.setup(TestOzoneManagerSnapshotAcl.java:457)
	at org.apache.hadoop.ozone.om.snapshot.TestOzoneManagerSnapshotAcl.testLookupKeyWithNotAllowedUser(TestOzoneManagerSnapshotAcl.java:161)
	at java.base/java.lang.reflect.Method.invoke(Method.java:569)
	at java.base/java.util.stream.ForEachOps$ForEachOp$OfRef.accept(ForEachOps.java:183)
	at java.base/java.util.stream.ReferencePipeline$3$1.accept(ReferencePipeline.java:197)
	at java.base/java.util.stream.ReferencePipeline$2$1.accept(ReferencePipeline.java:179)
	at java.base/java.util.stream.ReferencePipeline$3$1.accept(ReferencePipeline.java:197)
	at java.base/java.util.stream.ForEachOps$ForEachOp$OfRef.accept(ForEachOps.java:183)
	at java.base/java.util.stream.ReferencePipeline$3$1.accept(ReferencePipeline.java:197)
	at java.base/java.util.stream.ReferencePipeline$3$1.accept(ReferencePipeline.java:197)
	at java.base/java.util.stream.ReferencePipeline$3$1.accept(ReferencePipeline.java:197)
	at java.base/java.util.stream.ForEachOps$ForEachOp$OfRef.accept(ForEachOps.java:183)
	at java.base/java.util.stream.ReferencePipeline$3$1.accept(ReferencePipeline.java:197)
	at java.base/java.util.Iterator.forEachRemaining(Iterator.java:133)
	at java.base/java.util.Spliterators$IteratorSpliterator.forEachRemaining(Spliterators.java:1845)
	at java.base/java.util.stream.AbstractPipeline.copyInto(AbstractPipeline.java:509)
	at java.base/java.util.stream.AbstractPipeline.wrapAndCopyInto(AbstractPipeline.java:499)
	at java.base/java.util.stream.ForEachOps$ForEachOp.evaluateSequential(ForEachOps.java:150)
	at java.base/java.util.stream.ForEachOps$ForEachOp$OfRef.evaluateSequential(ForEachOps.java:173)
	at java.base/java.util.stream.AbstractPipeline.evaluate(AbstractPipeline.java:234)
	at java.base/java.util.stream.ReferencePipeline.forEach(ReferencePipeline.java:596)
	at java.base/java.util.stream.ReferencePipeline$7$1.accept(ReferencePipeline.java:276)
	at java.base/java.util.stream.ReferencePipeline$3$1.accept(ReferencePipeline.java:197)
	at java.base/java.util.stream.ReferencePipeline$3$1.accept(ReferencePipeline.java:197)
	at java.base/java.util.stream.ReferencePipeline$3$1.accept(ReferencePipeline.java:197)
	at java.base/java.util.ArrayList$ArrayListSpliterator.forEachRemaining(ArrayList.java:1625)
	at java.base/java.util.stream.AbstractPipeline.copyInto(AbstractPipeline.java:509)
	at java.base/java.util.stream.AbstractPipeline.wrapAndCopyInto(AbstractPipeline.java:499)
	at java.base/java.util.stream.ForEachOps$ForEachOp.evaluateSequential(ForEachOps.java:150)
	at java.base/java.util.stream.ForEachOps$ForEachOp$OfRef.evaluateSequential(ForEachOps.java:173)
	at java.base/java.util.stream.AbstractPipeline.evaluate(AbstractPipeline.java:234)
	at java.base/java.util.stream.ReferencePipeline.forEach(ReferencePipeline.java:596)
	at java.base/java.util.stream.ReferencePipeline$7$1.accept(ReferencePipeline.java:276)
	at java.base/java.util.ArrayList$ArrayListSpliterator.forEachRemaining(ArrayList.java:1625)
	at java.base/java.util.stream.AbstractPipeline.copyInto(AbstractPipeline.java:509)
	at java.base/java.util.stream.AbstractPipeline.wrapAndCopyInto(AbstractPipeline.java:499)
	at java.base/java.util.stream.ForEachOps$ForEachOp.evaluateSequential(ForEachOps.java:150)
	at java.base/java.util.stream.ForEachOps$ForEachOp$OfRef.evaluateSequential(ForEachOps.java:173)
	at java.base/java.util.stream.AbstractPipeline.evaluate(AbstractPipeline.java:234)
	at java.base/java.util.stream.ReferencePipeline.forEach(ReferencePipeline.java:596)
	at java.base/java.util.ArrayList.forEach(ArrayList.java:1511)
	at java.base/java.util.ArrayList.forEach(ArrayList.java:1511)
]]></error>
    <system-out><![CDATA[2024-08-19 16:33:26,698 [main] INFO  rpc.RpcClient (RpcClient.java:createVolume(474)) - Creating Volume: volume-04808803744842591045830958341041, with admin as owner and space quota set to -1 bytes, counts quota set to -1
2024-08-19 16:33:26,701 [omNode-1-OMStateMachineApplyTransactionThread - 0] INFO  volume.OMVolumeCreateRequest (OMVolumeCreateRequest.java:validateAndUpdateCache(198)) - created volume:volume-04808803744842591045830958341041 for user:admin
2024-08-19 16:33:26,703 [main] INFO  rpc.RpcClient (RpcClient.java:createBucket(700)) - Creating Bucket: volume-04808803744842591045830958341041/bucket-18920653530662126961082760311133, with bucket layout FILE_SYSTEM_OPTIMIZED, admin as owner, Versioning false, Storage Type set to DISK and Encryption set to false, Replication Type set to server-side default replication type, Namespace Quota set to -1, Space Quota set to -1 
2024-08-19 16:33:26,704 [omNode-1-OMStateMachineApplyTransactionThread - 0] INFO  bucket.OMBucketCreateRequest (OMBucketCreateRequest.java:validateAndUpdateCache(293)) - created bucket: bucket-18920653530662126961082760311133 of layout FILE_SYSTEM_OPTIMIZED in volume: volume-04808803744842591045830958341041
2024-08-19 16:33:26,711 [main] INFO  io.KeyOutputStreamSemaphore (KeyOutputStreamSemaphore.java:<init>(35)) - Initializing semaphore with maxConcurrentWritePerKey = 1
2024-08-19 16:33:26,762 [omNode-1-OMStateMachineApplyTransactionThread - 0] WARN  snapshot.OMSnapshotCreateRequest (OMSnapshotCreateRequest.java:estimateBucketDataSize(337)) - DefaultReplicationConfig is not correctly set in OmBucketInfo for volume 'volume-04808803744842591045830958341041' bucket 'bucket-18920653530662126961082760311133'. Falling back to config default 'RATIS/THREE'
2024-08-19 16:33:26,762 [omNode-1-OMStateMachineApplyTransactionThread - 0] INFO  snapshot.OMSnapshotCreateRequest (OMSnapshotCreateRequest.java:validateAndUpdateCache(218)) - Created snapshot: 'snapshot-16050015804134738717687531162235' with snapshotId: 'f09526ae-68a5-4038-b4a7-1da87c60b68a' under path 'volume-04808803744842591045830958341041/bucket-18920653530662126961082760311133'
2024-08-19 16:33:26,763 [main] WARN  server.ServerUtils (ServerUtils.java:getDBPath(299)) - ozone.om.db.dirs is not configured. We recommend adding this setting. Falling back to ozone.metadata.dirs instead.
2024-08-19 16:33:46,687 [main] INFO  db.RDBCheckpointUtils (RDBCheckpointUtils.java:waitForCheckpointDirectoryExist(51)) - Checkpoint directory: 20 didn't get created in /home/runner/work/ozone/ozone/hadoop-ozone/integration-test/target/test-dir/MiniOzoneClusterImpl-37a79142-3d3b-4256-8e35-bf5503c8d171/omNode-1/db.snapshots/checkpointState/om.db-f09526ae-68a5-4038-b4a7-1da87c60b68a secs.
]]></system-out>
  </testcase>
  <testcase name="testLookupKeyWithNotAllowedUser(BucketLayout)[2]" classname="org.apache.hadoop.ozone.om.snapshot.TestOzoneManagerSnapshotAcl" time="19.992">
    <error type="java.io.IOException"><![CDATA[java.io.IOException: snapshot directory doesn't exist
	at org.apache.hadoop.ozone.om.snapshot.TestOzoneManagerSnapshotAcl.createSnapshot(TestOzoneManagerSnapshotAcl.java:591)
	at org.apache.hadoop.ozone.om.snapshot.TestOzoneManagerSnapshotAcl.setup(TestOzoneManagerSnapshotAcl.java:457)
	at org.apache.hadoop.ozone.om.snapshot.TestOzoneManagerSnapshotAcl.testLookupKeyWithNotAllowedUser(TestOzoneManagerSnapshotAcl.java:161)
	at java.base/java.lang.reflect.Method.invoke(Method.java:569)
	at java.base/java.util.stream.ForEachOps$ForEachOp$OfRef.accept(ForEachOps.java:183)
	at java.base/java.util.stream.ReferencePipeline$3$1.accept(ReferencePipeline.java:197)
	at java.base/java.util.stream.ReferencePipeline$2$1.accept(ReferencePipeline.java:179)
	at java.base/java.util.stream.ReferencePipeline$3$1.accept(ReferencePipeline.java:197)
	at java.base/java.util.stream.ForEachOps$ForEachOp$OfRef.accept(ForEachOps.java:183)
	at java.base/java.util.stream.ReferencePipeline$3$1.accept(ReferencePipeline.java:197)
	at java.base/java.util.stream.ReferencePipeline$3$1.accept(ReferencePipeline.java:197)
	at java.base/java.util.stream.ReferencePipeline$3$1.accept(ReferencePipeline.java:197)
	at java.base/java.util.stream.ForEachOps$ForEachOp$OfRef.accept(ForEachOps.java:183)
	at java.base/java.util.stream.ReferencePipeline$3$1.accept(ReferencePipeline.java:197)
	at java.base/java.util.Iterator.forEachRemaining(Iterator.java:133)
	at java.base/java.util.Spliterators$IteratorSpliterator.forEachRemaining(Spliterators.java:1845)
	at java.base/java.util.stream.AbstractPipeline.copyInto(AbstractPipeline.java:509)
	at java.base/java.util.stream.AbstractPipeline.wrapAndCopyInto(AbstractPipeline.java:499)
	at java.base/java.util.stream.ForEachOps$ForEachOp.evaluateSequential(ForEachOps.java:150)
	at java.base/java.util.stream.ForEachOps$ForEachOp$OfRef.evaluateSequential(ForEachOps.java:173)
	at java.base/java.util.stream.AbstractPipeline.evaluate(AbstractPipeline.java:234)
	at java.base/java.util.stream.ReferencePipeline.forEach(ReferencePipeline.java:596)
	at java.base/java.util.stream.ReferencePipeline$7$1.accept(ReferencePipeline.java:276)
	at java.base/java.util.stream.ReferencePipeline$3$1.accept(ReferencePipeline.java:197)
	at java.base/java.util.stream.ReferencePipeline$3$1.accept(ReferencePipeline.java:197)
	at java.base/java.util.stream.ReferencePipeline$3$1.accept(ReferencePipeline.java:197)
	at java.base/java.util.ArrayList$ArrayListSpliterator.forEachRemaining(ArrayList.java:1625)
	at java.base/java.util.stream.AbstractPipeline.copyInto(AbstractPipeline.java:509)
	at java.base/java.util.stream.AbstractPipeline.wrapAndCopyInto(AbstractPipeline.java:499)
	at java.base/java.util.stream.ForEachOps$ForEachOp.evaluateSequential(ForEachOps.java:150)
	at java.base/java.util.stream.ForEachOps$ForEachOp$OfRef.evaluateSequential(ForEachOps.java:173)
	at java.base/java.util.stream.AbstractPipeline.evaluate(AbstractPipeline.java:234)
	at java.base/java.util.stream.ReferencePipeline.forEach(ReferencePipeline.java:596)
	at java.base/java.util.stream.ReferencePipeline$7$1.accept(ReferencePipeline.java:276)
	at java.base/java.util.ArrayList$ArrayListSpliterator.forEachRemaining(ArrayList.java:1625)
	at java.base/java.util.stream.AbstractPipeline.copyInto(AbstractPipeline.java:509)
	at java.base/java.util.stream.AbstractPipeline.wrapAndCopyInto(AbstractPipeline.java:499)
	at java.base/java.util.stream.ForEachOps$ForEachOp.evaluateSequential(ForEachOps.java:150)
	at java.base/java.util.stream.ForEachOps$ForEachOp$OfRef.evaluateSequential(ForEachOps.java:173)
	at java.base/java.util.stream.AbstractPipeline.evaluate(AbstractPipeline.java:234)
	at java.base/java.util.stream.ReferencePipeline.forEach(ReferencePipeline.java:596)
	at java.base/java.util.ArrayList.forEach(ArrayList.java:1511)
	at java.base/java.util.ArrayList.forEach(ArrayList.java:1511)
]]></error>
    <system-out><![CDATA[2024-08-19 16:33:46,698 [main] INFO  rpc.RpcClient (RpcClient.java:createVolume(474)) - Creating Volume: volume-69623768370735899924302630031670, with admin as owner and space quota set to -1 bytes, counts quota set to -1
2024-08-19 16:33:46,702 [omNode-1-OMStateMachineApplyTransactionThread - 0] INFO  volume.OMVolumeCreateRequest (OMVolumeCreateRequest.java:validateAndUpdateCache(198)) - created volume:volume-69623768370735899924302630031670 for user:admin
2024-08-19 16:33:46,704 [main] INFO  rpc.RpcClient (RpcClient.java:createBucket(700)) - Creating Bucket: volume-69623768370735899924302630031670/bucket-28857111172096559949607914095485, with bucket layout OBJECT_STORE, admin as owner, Versioning false, Storage Type set to DISK and Encryption set to false, Replication Type set to server-side default replication type, Namespace Quota set to -1, Space Quota set to -1 
2024-08-19 16:33:46,706 [omNode-1-OMStateMachineApplyTransactionThread - 0] INFO  bucket.OMBucketCreateRequest (OMBucketCreateRequest.java:validateAndUpdateCache(293)) - created bucket: bucket-28857111172096559949607914095485 of layout OBJECT_STORE in volume: volume-69623768370735899924302630031670
2024-08-19 16:33:46,713 [main] INFO  io.KeyOutputStreamSemaphore (KeyOutputStreamSemaphore.java:<init>(35)) - Initializing semaphore with maxConcurrentWritePerKey = 1
2024-08-19 16:33:46,755 [omNode-1-OMStateMachineApplyTransactionThread - 0] WARN  snapshot.OMSnapshotCreateRequest (OMSnapshotCreateRequest.java:estimateBucketDataSize(337)) - DefaultReplicationConfig is not correctly set in OmBucketInfo for volume 'volume-69623768370735899924302630031670' bucket 'bucket-28857111172096559949607914095485'. Falling back to config default 'RATIS/THREE'
2024-08-19 16:33:46,755 [omNode-1-OMStateMachineApplyTransactionThread - 0] INFO  snapshot.OMSnapshotCreateRequest (OMSnapshotCreateRequest.java:validateAndUpdateCache(218)) - Created snapshot: 'snapshot-69793966944485551551104610853951' with snapshotId: '4cf5ab58-35d5-4049-91ac-2fec8680734f' under path 'volume-69623768370735899924302630031670/bucket-28857111172096559949607914095485'
2024-08-19 16:33:46,756 [main] WARN  server.ServerUtils (ServerUtils.java:getDBPath(299)) - ozone.om.db.dirs is not configured. We recommend adding this setting. Falling back to ozone.metadata.dirs instead.
2024-08-19 16:33:50,106 [a60155f7-ea69-45b2-947a-1e7e01ad7119-BlockDeletingService#2] INFO  interfaces.ContainerDeletionChoosingPolicyTemplate (ContainerDeletionChoosingPolicyTemplate.java:chooseContainerForBlockDeletion(85)) - Chosen 0/5000 blocks from 0 candidate containers.
2024-08-19 16:33:50,473 [9b6d9b22-4572-4a82-ae1c-a91d234bbb93-BlockDeletingService#2] INFO  interfaces.ContainerDeletionChoosingPolicyTemplate (ContainerDeletionChoosingPolicyTemplate.java:chooseContainerForBlockDeletion(85)) - Chosen 0/5000 blocks from 0 candidate containers.
2024-08-19 16:33:50,874 [ee221735-3b90-4b08-961d-7f24e77247fb-BlockDeletingService#2] INFO  interfaces.ContainerDeletionChoosingPolicyTemplate (ContainerDeletionChoosingPolicyTemplate.java:chooseContainerForBlockDeletion(85)) - Chosen 0/5000 blocks from 0 candidate containers.
2024-08-19 16:34:06,680 [main] INFO  db.RDBCheckpointUtils (RDBCheckpointUtils.java:waitForCheckpointDirectoryExist(51)) - Checkpoint directory: 20 didn't get created in /home/runner/work/ozone/ozone/hadoop-ozone/integration-test/target/test-dir/MiniOzoneClusterImpl-37a79142-3d3b-4256-8e35-bf5503c8d171/omNode-1/db.snapshots/checkpointState/om.db-4cf5ab58-35d5-4049-91ac-2fec8680734f secs.
]]></system-out>
  </testcase>
  <testcase name="testLookupKeyWithNotAllowedUser(BucketLayout)[3]" classname="org.apache.hadoop.ozone.om.snapshot.TestOzoneManagerSnapshotAcl" time="19.993">
    <error type="java.io.IOException"><![CDATA[java.io.IOException: snapshot directory doesn't exist
	at org.apache.hadoop.ozone.om.snapshot.TestOzoneManagerSnapshotAcl.createSnapshot(TestOzoneManagerSnapshotAcl.java:591)
	at org.apache.hadoop.ozone.om.snapshot.TestOzoneManagerSnapshotAcl.setup(TestOzoneManagerSnapshotAcl.java:457)
	at org.apache.hadoop.ozone.om.snapshot.TestOzoneManagerSnapshotAcl.testLookupKeyWithNotAllowedUser(TestOzoneManagerSnapshotAcl.java:161)
	at java.base/java.lang.reflect.Method.invoke(Method.java:569)
	at java.base/java.util.stream.ForEachOps$ForEachOp$OfRef.accept(ForEachOps.java:183)
	at java.base/java.util.stream.ReferencePipeline$3$1.accept(ReferencePipeline.java:197)
	at java.base/java.util.stream.ReferencePipeline$2$1.accept(ReferencePipeline.java:179)
	at java.base/java.util.stream.ReferencePipeline$3$1.accept(ReferencePipeline.java:197)
	at java.base/java.util.stream.ForEachOps$ForEachOp$OfRef.accept(ForEachOps.java:183)
	at java.base/java.util.stream.ReferencePipeline$3$1.accept(ReferencePipeline.java:197)
	at java.base/java.util.stream.ReferencePipeline$3$1.accept(ReferencePipeline.java:197)
	at java.base/java.util.stream.ReferencePipeline$3$1.accept(ReferencePipeline.java:197)
	at java.base/java.util.stream.ForEachOps$ForEachOp$OfRef.accept(ForEachOps.java:183)
	at java.base/java.util.stream.ReferencePipeline$3$1.accept(ReferencePipeline.java:197)
	at java.base/java.util.Iterator.forEachRemaining(Iterator.java:133)
	at java.base/java.util.Spliterators$IteratorSpliterator.forEachRemaining(Spliterators.java:1845)
	at java.base/java.util.stream.AbstractPipeline.copyInto(AbstractPipeline.java:509)
	at java.base/java.util.stream.AbstractPipeline.wrapAndCopyInto(AbstractPipeline.java:499)
	at java.base/java.util.stream.ForEachOps$ForEachOp.evaluateSequential(ForEachOps.java:150)
	at java.base/java.util.stream.ForEachOps$ForEachOp$OfRef.evaluateSequential(ForEachOps.java:173)
	at java.base/java.util.stream.AbstractPipeline.evaluate(AbstractPipeline.java:234)
	at java.base/java.util.stream.ReferencePipeline.forEach(ReferencePipeline.java:596)
	at java.base/java.util.stream.ReferencePipeline$7$1.accept(ReferencePipeline.java:276)
	at java.base/java.util.stream.ReferencePipeline$3$1.accept(ReferencePipeline.java:197)
	at java.base/java.util.stream.ReferencePipeline$3$1.accept(ReferencePipeline.java:197)
	at java.base/java.util.stream.ReferencePipeline$3$1.accept(ReferencePipeline.java:197)
	at java.base/java.util.ArrayList$ArrayListSpliterator.forEachRemaining(ArrayList.java:1625)
	at java.base/java.util.stream.AbstractPipeline.copyInto(AbstractPipeline.java:509)
	at java.base/java.util.stream.AbstractPipeline.wrapAndCopyInto(AbstractPipeline.java:499)
	at java.base/java.util.stream.ForEachOps$ForEachOp.evaluateSequential(ForEachOps.java:150)
	at java.base/java.util.stream.ForEachOps$ForEachOp$OfRef.evaluateSequential(ForEachOps.java:173)
	at java.base/java.util.stream.AbstractPipeline.evaluate(AbstractPipeline.java:234)
	at java.base/java.util.stream.ReferencePipeline.forEach(ReferencePipeline.java:596)
	at java.base/java.util.stream.ReferencePipeline$7$1.accept(ReferencePipeline.java:276)
	at java.base/java.util.ArrayList$ArrayListSpliterator.forEachRemaining(ArrayList.java:1625)
	at java.base/java.util.stream.AbstractPipeline.copyInto(AbstractPipeline.java:509)
	at java.base/java.util.stream.AbstractPipeline.wrapAndCopyInto(AbstractPipeline.java:499)
	at java.base/java.util.stream.ForEachOps$ForEachOp.evaluateSequential(ForEachOps.java:150)
	at java.base/java.util.stream.ForEachOps$ForEachOp$OfRef.evaluateSequential(ForEachOps.java:173)
	at java.base/java.util.stream.AbstractPipeline.evaluate(AbstractPipeline.java:234)
	at java.base/java.util.stream.ReferencePipeline.forEach(ReferencePipeline.java:596)
	at java.base/java.util.ArrayList.forEach(ArrayList.java:1511)
	at java.base/java.util.ArrayList.forEach(ArrayList.java:1511)
]]></error>
    <system-out><![CDATA[2024-08-19 16:34:06,683 [main] INFO  rpc.RpcClient (RpcClient.java:createVolume(474)) - Creating Volume: volume-20684326596735937601834403312187, with admin as owner and space quota set to -1 bytes, counts quota set to -1
2024-08-19 16:34:06,687 [omNode-1-OMStateMachineApplyTransactionThread - 0] INFO  volume.OMVolumeCreateRequest (OMVolumeCreateRequest.java:validateAndUpdateCache(198)) - created volume:volume-20684326596735937601834403312187 for user:admin
2024-08-19 16:34:06,688 [main] INFO  rpc.RpcClient (RpcClient.java:createBucket(700)) - Creating Bucket: volume-20684326596735937601834403312187/bucket-46307252122809009005863587327003, with bucket layout LEGACY, admin as owner, Versioning false, Storage Type set to DISK and Encryption set to false, Replication Type set to server-side default replication type, Namespace Quota set to -1, Space Quota set to -1 
2024-08-19 16:34:06,690 [omNode-1-OMStateMachineApplyTransactionThread - 0] INFO  bucket.OMBucketCreateRequest (OMBucketCreateRequest.java:validateAndUpdateCache(293)) - created bucket: bucket-46307252122809009005863587327003 of layout LEGACY in volume: volume-20684326596735937601834403312187
2024-08-19 16:34:06,697 [main] INFO  io.KeyOutputStreamSemaphore (KeyOutputStreamSemaphore.java:<init>(35)) - Initializing semaphore with maxConcurrentWritePerKey = 1
2024-08-19 16:34:06,749 [omNode-1-OMStateMachineApplyTransactionThread - 0] WARN  snapshot.OMSnapshotCreateRequest (OMSnapshotCreateRequest.java:estimateBucketDataSize(337)) - DefaultReplicationConfig is not correctly set in OmBucketInfo for volume 'volume-20684326596735937601834403312187' bucket 'bucket-46307252122809009005863587327003'. Falling back to config default 'RATIS/THREE'
2024-08-19 16:34:06,749 [omNode-1-OMStateMachineApplyTransactionThread - 0] INFO  snapshot.OMSnapshotCreateRequest (OMSnapshotCreateRequest.java:validateAndUpdateCache(218)) - Created snapshot: 'snapshot-00719846291013031694123855411595' with snapshotId: '8ac39769-e897-4690-9642-e7b56c48afc9' under path 'volume-20684326596735937601834403312187/bucket-46307252122809009005863587327003'
2024-08-19 16:34:06,750 [main] WARN  server.ServerUtils (ServerUtils.java:getDBPath(299)) - ozone.om.db.dirs is not configured. We recommend adding this setting. Falling back to ozone.metadata.dirs instead.
2024-08-19 16:34:26,675 [main] INFO  db.RDBCheckpointUtils (RDBCheckpointUtils.java:waitForCheckpointDirectoryExist(51)) - Checkpoint directory: 20 didn't get created in /home/runner/work/ozone/ozone/hadoop-ozone/integration-test/target/test-dir/MiniOzoneClusterImpl-37a79142-3d3b-4256-8e35-bf5503c8d171/omNode-1/db.snapshots/checkpointState/om.db-8ac39769-e897-4690-9642-e7b56c48afc9 secs.
]]></system-out>
  </testcase>
  <testcase name="testLookupKeyWithAllowedUser(BucketLayout)[1]" classname="org.apache.hadoop.ozone.om.snapshot.TestOzoneManagerSnapshotAcl" time="19.99">
    <error type="java.io.IOException"><![CDATA[java.io.IOException: snapshot directory doesn't exist
	at org.apache.hadoop.ozone.om.snapshot.TestOzoneManagerSnapshotAcl.createSnapshot(TestOzoneManagerSnapshotAcl.java:591)
	at org.apache.hadoop.ozone.om.snapshot.TestOzoneManagerSnapshotAcl.setup(TestOzoneManagerSnapshotAcl.java:457)
	at org.apache.hadoop.ozone.om.snapshot.TestOzoneManagerSnapshotAcl.testLookupKeyWithAllowedUser(TestOzoneManagerSnapshotAcl.java:149)
	at java.base/java.lang.reflect.Method.invoke(Method.java:569)
	at java.base/java.util.stream.ForEachOps$ForEachOp$OfRef.accept(ForEachOps.java:183)
	at java.base/java.util.stream.ReferencePipeline$3$1.accept(ReferencePipeline.java:197)
	at java.base/java.util.stream.ReferencePipeline$2$1.accept(ReferencePipeline.java:179)
	at java.base/java.util.stream.ReferencePipeline$3$1.accept(ReferencePipeline.java:197)
	at java.base/java.util.stream.ForEachOps$ForEachOp$OfRef.accept(ForEachOps.java:183)
	at java.base/java.util.stream.ReferencePipeline$3$1.accept(ReferencePipeline.java:197)
	at java.base/java.util.stream.ReferencePipeline$3$1.accept(ReferencePipeline.java:197)
	at java.base/java.util.stream.ReferencePipeline$3$1.accept(ReferencePipeline.java:197)
	at java.base/java.util.stream.ForEachOps$ForEachOp$OfRef.accept(ForEachOps.java:183)
	at java.base/java.util.stream.ReferencePipeline$3$1.accept(ReferencePipeline.java:197)
	at java.base/java.util.Iterator.forEachRemaining(Iterator.java:133)
	at java.base/java.util.Spliterators$IteratorSpliterator.forEachRemaining(Spliterators.java:1845)
	at java.base/java.util.stream.AbstractPipeline.copyInto(AbstractPipeline.java:509)
	at java.base/java.util.stream.AbstractPipeline.wrapAndCopyInto(AbstractPipeline.java:499)
	at java.base/java.util.stream.ForEachOps$ForEachOp.evaluateSequential(ForEachOps.java:150)
	at java.base/java.util.stream.ForEachOps$ForEachOp$OfRef.evaluateSequential(ForEachOps.java:173)
	at java.base/java.util.stream.AbstractPipeline.evaluate(AbstractPipeline.java:234)
	at java.base/java.util.stream.ReferencePipeline.forEach(ReferencePipeline.java:596)
	at java.base/java.util.stream.ReferencePipeline$7$1.accept(ReferencePipeline.java:276)
	at java.base/java.util.stream.ReferencePipeline$3$1.accept(ReferencePipeline.java:197)
	at java.base/java.util.stream.ReferencePipeline$3$1.accept(ReferencePipeline.java:197)
	at java.base/java.util.stream.ReferencePipeline$3$1.accept(ReferencePipeline.java:197)
	at java.base/java.util.ArrayList$ArrayListSpliterator.forEachRemaining(ArrayList.java:1625)
	at java.base/java.util.stream.AbstractPipeline.copyInto(AbstractPipeline.java:509)
	at java.base/java.util.stream.AbstractPipeline.wrapAndCopyInto(AbstractPipeline.java:499)
	at java.base/java.util.stream.ForEachOps$ForEachOp.evaluateSequential(ForEachOps.java:150)
	at java.base/java.util.stream.ForEachOps$ForEachOp$OfRef.evaluateSequential(ForEachOps.java:173)
	at java.base/java.util.stream.AbstractPipeline.evaluate(AbstractPipeline.java:234)
	at java.base/java.util.stream.ReferencePipeline.forEach(ReferencePipeline.java:596)
	at java.base/java.util.stream.ReferencePipeline$7$1.accept(ReferencePipeline.java:276)
	at java.base/java.util.ArrayList$ArrayListSpliterator.forEachRemaining(ArrayList.java:1625)
	at java.base/java.util.stream.AbstractPipeline.copyInto(AbstractPipeline.java:509)
	at java.base/java.util.stream.AbstractPipeline.wrapAndCopyInto(AbstractPipeline.java:499)
	at java.base/java.util.stream.ForEachOps$ForEachOp.evaluateSequential(ForEachOps.java:150)
	at java.base/java.util.stream.ForEachOps$ForEachOp$OfRef.evaluateSequential(ForEachOps.java:173)
	at java.base/java.util.stream.AbstractPipeline.evaluate(AbstractPipeline.java:234)
	at java.base/java.util.stream.ReferencePipeline.forEach(ReferencePipeline.java:596)
	at java.base/java.util.ArrayList.forEach(ArrayList.java:1511)
	at java.base/java.util.ArrayList.forEach(ArrayList.java:1511)
]]></error>
    <system-out><![CDATA[2024-08-19 16:34:26,686 [main] INFO  rpc.RpcClient (RpcClient.java:createVolume(474)) - Creating Volume: volume-96050512941159339726398611532580, with admin as owner and space quota set to -1 bytes, counts quota set to -1
2024-08-19 16:34:26,689 [omNode-1-OMStateMachineApplyTransactionThread - 0] INFO  volume.OMVolumeCreateRequest (OMVolumeCreateRequest.java:validateAndUpdateCache(198)) - created volume:volume-96050512941159339726398611532580 for user:admin
2024-08-19 16:34:26,690 [main] INFO  rpc.RpcClient (RpcClient.java:createBucket(700)) - Creating Bucket: volume-96050512941159339726398611532580/bucket-82619527116119476951528526201576, with bucket layout FILE_SYSTEM_OPTIMIZED, admin as owner, Versioning false, Storage Type set to DISK and Encryption set to false, Replication Type set to server-side default replication type, Namespace Quota set to -1, Space Quota set to -1 
2024-08-19 16:34:26,692 [omNode-1-OMStateMachineApplyTransactionThread - 0] INFO  bucket.OMBucketCreateRequest (OMBucketCreateRequest.java:validateAndUpdateCache(293)) - created bucket: bucket-82619527116119476951528526201576 of layout FILE_SYSTEM_OPTIMIZED in volume: volume-96050512941159339726398611532580
2024-08-19 16:34:26,700 [main] INFO  io.KeyOutputStreamSemaphore (KeyOutputStreamSemaphore.java:<init>(35)) - Initializing semaphore with maxConcurrentWritePerKey = 1
2024-08-19 16:34:26,744 [omNode-1-OMStateMachineApplyTransactionThread - 0] WARN  snapshot.OMSnapshotCreateRequest (OMSnapshotCreateRequest.java:estimateBucketDataSize(337)) - DefaultReplicationConfig is not correctly set in OmBucketInfo for volume 'volume-96050512941159339726398611532580' bucket 'bucket-82619527116119476951528526201576'. Falling back to config default 'RATIS/THREE'
2024-08-19 16:34:26,744 [omNode-1-OMStateMachineApplyTransactionThread - 0] INFO  snapshot.OMSnapshotCreateRequest (OMSnapshotCreateRequest.java:validateAndUpdateCache(218)) - Created snapshot: 'snapshot-55155663688114483086076132647700' with snapshotId: '3775bb0d-4897-4bb9-a135-8f9262f572a7' under path 'volume-96050512941159339726398611532580/bucket-82619527116119476951528526201576'
2024-08-19 16:34:26,745 [main] WARN  server.ServerUtils (ServerUtils.java:getDBPath(299)) - ozone.om.db.dirs is not configured. We recommend adding this setting. Falling back to ozone.metadata.dirs instead.
2024-08-19 16:34:40,727 [ReplicationMonitor] INFO  replication.ReplicationManager (ReplicationManager.java:processAll(402)) - Replication Monitor Thread took 0 milliseconds for processing 4 containers.
2024-08-19 16:34:46,666 [main] INFO  db.RDBCheckpointUtils (RDBCheckpointUtils.java:waitForCheckpointDirectoryExist(51)) - Checkpoint directory: 20 didn't get created in /home/runner/work/ozone/ozone/hadoop-ozone/integration-test/target/test-dir/MiniOzoneClusterImpl-37a79142-3d3b-4256-8e35-bf5503c8d171/omNode-1/db.snapshots/checkpointState/om.db-3775bb0d-4897-4bb9-a135-8f9262f572a7 secs.
]]></system-out>
  </testcase>
  <testcase name="testLookupKeyWithAllowedUser(BucketLayout)[2]" classname="org.apache.hadoop.ozone.om.snapshot.TestOzoneManagerSnapshotAcl" time="19.989">
    <error type="java.io.IOException"><![CDATA[java.io.IOException: snapshot directory doesn't exist
	at org.apache.hadoop.ozone.om.snapshot.TestOzoneManagerSnapshotAcl.createSnapshot(TestOzoneManagerSnapshotAcl.java:591)
	at org.apache.hadoop.ozone.om.snapshot.TestOzoneManagerSnapshotAcl.setup(TestOzoneManagerSnapshotAcl.java:457)
	at org.apache.hadoop.ozone.om.snapshot.TestOzoneManagerSnapshotAcl.testLookupKeyWithAllowedUser(TestOzoneManagerSnapshotAcl.java:149)
	at java.base/java.lang.reflect.Method.invoke(Method.java:569)
	at java.base/java.util.stream.ForEachOps$ForEachOp$OfRef.accept(ForEachOps.java:183)
	at java.base/java.util.stream.ReferencePipeline$3$1.accept(ReferencePipeline.java:197)
	at java.base/java.util.stream.ReferencePipeline$2$1.accept(ReferencePipeline.java:179)
	at java.base/java.util.stream.ReferencePipeline$3$1.accept(ReferencePipeline.java:197)
	at java.base/java.util.stream.ForEachOps$ForEachOp$OfRef.accept(ForEachOps.java:183)
	at java.base/java.util.stream.ReferencePipeline$3$1.accept(ReferencePipeline.java:197)
	at java.base/java.util.stream.ReferencePipeline$3$1.accept(ReferencePipeline.java:197)
	at java.base/java.util.stream.ReferencePipeline$3$1.accept(ReferencePipeline.java:197)
	at java.base/java.util.stream.ForEachOps$ForEachOp$OfRef.accept(ForEachOps.java:183)
	at java.base/java.util.stream.ReferencePipeline$3$1.accept(ReferencePipeline.java:197)
	at java.base/java.util.Iterator.forEachRemaining(Iterator.java:133)
	at java.base/java.util.Spliterators$IteratorSpliterator.forEachRemaining(Spliterators.java:1845)
	at java.base/java.util.stream.AbstractPipeline.copyInto(AbstractPipeline.java:509)
	at java.base/java.util.stream.AbstractPipeline.wrapAndCopyInto(AbstractPipeline.java:499)
	at java.base/java.util.stream.ForEachOps$ForEachOp.evaluateSequential(ForEachOps.java:150)
	at java.base/java.util.stream.ForEachOps$ForEachOp$OfRef.evaluateSequential(ForEachOps.java:173)
	at java.base/java.util.stream.AbstractPipeline.evaluate(AbstractPipeline.java:234)
	at java.base/java.util.stream.ReferencePipeline.forEach(ReferencePipeline.java:596)
	at java.base/java.util.stream.ReferencePipeline$7$1.accept(ReferencePipeline.java:276)
	at java.base/java.util.stream.ReferencePipeline$3$1.accept(ReferencePipeline.java:197)
	at java.base/java.util.stream.ReferencePipeline$3$1.accept(ReferencePipeline.java:197)
	at java.base/java.util.stream.ReferencePipeline$3$1.accept(ReferencePipeline.java:197)
	at java.base/java.util.ArrayList$ArrayListSpliterator.forEachRemaining(ArrayList.java:1625)
	at java.base/java.util.stream.AbstractPipeline.copyInto(AbstractPipeline.java:509)
	at java.base/java.util.stream.AbstractPipeline.wrapAndCopyInto(AbstractPipeline.java:499)
	at java.base/java.util.stream.ForEachOps$ForEachOp.evaluateSequential(ForEachOps.java:150)
	at java.base/java.util.stream.ForEachOps$ForEachOp$OfRef.evaluateSequential(ForEachOps.java:173)
	at java.base/java.util.stream.AbstractPipeline.evaluate(AbstractPipeline.java:234)
	at java.base/java.util.stream.ReferencePipeline.forEach(ReferencePipeline.java:596)
	at java.base/java.util.stream.ReferencePipeline$7$1.accept(ReferencePipeline.java:276)
	at java.base/java.util.ArrayList$ArrayListSpliterator.forEachRemaining(ArrayList.java:1625)
	at java.base/java.util.stream.AbstractPipeline.copyInto(AbstractPipeline.java:509)
	at java.base/java.util.stream.AbstractPipeline.wrapAndCopyInto(AbstractPipeline.java:499)
	at java.base/java.util.stream.ForEachOps$ForEachOp.evaluateSequential(ForEachOps.java:150)
	at java.base/java.util.stream.ForEachOps$ForEachOp$OfRef.evaluateSequential(ForEachOps.java:173)
	at java.base/java.util.stream.AbstractPipeline.evaluate(AbstractPipeline.java:234)
	at java.base/java.util.stream.ReferencePipeline.forEach(ReferencePipeline.java:596)
	at java.base/java.util.ArrayList.forEach(ArrayList.java:1511)
	at java.base/java.util.ArrayList.forEach(ArrayList.java:1511)
]]></error>
    <system-out><![CDATA[2024-08-19 16:34:46,668 [main] INFO  rpc.RpcClient (RpcClient.java:createVolume(474)) - Creating Volume: volume-46839051273273039505044907214369, with admin as owner and space quota set to -1 bytes, counts quota set to -1
2024-08-19 16:34:46,671 [omNode-1-OMStateMachineApplyTransactionThread - 0] INFO  volume.OMVolumeCreateRequest (OMVolumeCreateRequest.java:validateAndUpdateCache(198)) - created volume:volume-46839051273273039505044907214369 for user:admin
2024-08-19 16:34:46,675 [main] INFO  rpc.RpcClient (RpcClient.java:createBucket(700)) - Creating Bucket: volume-46839051273273039505044907214369/bucket-57338823245324304090493132728825, with bucket layout OBJECT_STORE, admin as owner, Versioning false, Storage Type set to DISK and Encryption set to false, Replication Type set to server-side default replication type, Namespace Quota set to -1, Space Quota set to -1 
2024-08-19 16:34:46,677 [omNode-1-OMStateMachineApplyTransactionThread - 0] INFO  bucket.OMBucketCreateRequest (OMBucketCreateRequest.java:validateAndUpdateCache(293)) - created bucket: bucket-57338823245324304090493132728825 of layout OBJECT_STORE in volume: volume-46839051273273039505044907214369
2024-08-19 16:34:46,684 [main] INFO  io.KeyOutputStreamSemaphore (KeyOutputStreamSemaphore.java:<init>(35)) - Initializing semaphore with maxConcurrentWritePerKey = 1
2024-08-19 16:34:46,733 [omNode-1-OMStateMachineApplyTransactionThread - 0] WARN  snapshot.OMSnapshotCreateRequest (OMSnapshotCreateRequest.java:estimateBucketDataSize(337)) - DefaultReplicationConfig is not correctly set in OmBucketInfo for volume 'volume-46839051273273039505044907214369' bucket 'bucket-57338823245324304090493132728825'. Falling back to config default 'RATIS/THREE'
2024-08-19 16:34:46,734 [omNode-1-OMStateMachineApplyTransactionThread - 0] INFO  snapshot.OMSnapshotCreateRequest (OMSnapshotCreateRequest.java:validateAndUpdateCache(218)) - Created snapshot: 'snapshot-99237992277174159326569366105095' with snapshotId: 'f96cb504-e8c1-4e2f-89a2-99a29beb7980' under path 'volume-46839051273273039505044907214369/bucket-57338823245324304090493132728825'
2024-08-19 16:34:46,734 [main] WARN  server.ServerUtils (ServerUtils.java:getDBPath(299)) - ozone.om.db.dirs is not configured. We recommend adding this setting. Falling back to ozone.metadata.dirs instead.
2024-08-19 16:34:50,107 [a60155f7-ea69-45b2-947a-1e7e01ad7119-BlockDeletingService#2] INFO  interfaces.ContainerDeletionChoosingPolicyTemplate (ContainerDeletionChoosingPolicyTemplate.java:chooseContainerForBlockDeletion(85)) - Chosen 0/5000 blocks from 0 candidate containers.
2024-08-19 16:34:50,473 [9b6d9b22-4572-4a82-ae1c-a91d234bbb93-BlockDeletingService#2] INFO  interfaces.ContainerDeletionChoosingPolicyTemplate (ContainerDeletionChoosingPolicyTemplate.java:chooseContainerForBlockDeletion(85)) - Chosen 0/5000 blocks from 0 candidate containers.
2024-08-19 16:34:50,874 [ee221735-3b90-4b08-961d-7f24e77247fb-BlockDeletingService#2] INFO  interfaces.ContainerDeletionChoosingPolicyTemplate (ContainerDeletionChoosingPolicyTemplate.java:chooseContainerForBlockDeletion(85)) - Chosen 0/5000 blocks from 0 candidate containers.
2024-08-19 16:35:06,656 [main] INFO  db.RDBCheckpointUtils (RDBCheckpointUtils.java:waitForCheckpointDirectoryExist(51)) - Checkpoint directory: 20 didn't get created in /home/runner/work/ozone/ozone/hadoop-ozone/integration-test/target/test-dir/MiniOzoneClusterImpl-37a79142-3d3b-4256-8e35-bf5503c8d171/omNode-1/db.snapshots/checkpointState/om.db-f96cb504-e8c1-4e2f-89a2-99a29beb7980 secs.
]]></system-out>
  </testcase>
  <testcase name="testLookupKeyWithAllowedUser(BucketLayout)[3]" classname="org.apache.hadoop.ozone.om.snapshot.TestOzoneManagerSnapshotAcl" time="19.989">
    <error type="java.io.IOException"><![CDATA[java.io.IOException: snapshot directory doesn't exist
	at org.apache.hadoop.ozone.om.snapshot.TestOzoneManagerSnapshotAcl.createSnapshot(TestOzoneManagerSnapshotAcl.java:591)
	at org.apache.hadoop.ozone.om.snapshot.TestOzoneManagerSnapshotAcl.setup(TestOzoneManagerSnapshotAcl.java:457)
	at org.apache.hadoop.ozone.om.snapshot.TestOzoneManagerSnapshotAcl.testLookupKeyWithAllowedUser(TestOzoneManagerSnapshotAcl.java:149)
	at java.base/java.lang.reflect.Method.invoke(Method.java:569)
	at java.base/java.util.stream.ForEachOps$ForEachOp$OfRef.accept(ForEachOps.java:183)
	at java.base/java.util.stream.ReferencePipeline$3$1.accept(ReferencePipeline.java:197)
	at java.base/java.util.stream.ReferencePipeline$2$1.accept(ReferencePipeline.java:179)
	at java.base/java.util.stream.ReferencePipeline$3$1.accept(ReferencePipeline.java:197)
	at java.base/java.util.stream.ForEachOps$ForEachOp$OfRef.accept(ForEachOps.java:183)
	at java.base/java.util.stream.ReferencePipeline$3$1.accept(ReferencePipeline.java:197)
	at java.base/java.util.stream.ReferencePipeline$3$1.accept(ReferencePipeline.java:197)
	at java.base/java.util.stream.ReferencePipeline$3$1.accept(ReferencePipeline.java:197)
	at java.base/java.util.stream.ForEachOps$ForEachOp$OfRef.accept(ForEachOps.java:183)
	at java.base/java.util.stream.ReferencePipeline$3$1.accept(ReferencePipeline.java:197)
	at java.base/java.util.Iterator.forEachRemaining(Iterator.java:133)
	at java.base/java.util.Spliterators$IteratorSpliterator.forEachRemaining(Spliterators.java:1845)
	at java.base/java.util.stream.AbstractPipeline.copyInto(AbstractPipeline.java:509)
	at java.base/java.util.stream.AbstractPipeline.wrapAndCopyInto(AbstractPipeline.java:499)
	at java.base/java.util.stream.ForEachOps$ForEachOp.evaluateSequential(ForEachOps.java:150)
	at java.base/java.util.stream.ForEachOps$ForEachOp$OfRef.evaluateSequential(ForEachOps.java:173)
	at java.base/java.util.stream.AbstractPipeline.evaluate(AbstractPipeline.java:234)
	at java.base/java.util.stream.ReferencePipeline.forEach(ReferencePipeline.java:596)
	at java.base/java.util.stream.ReferencePipeline$7$1.accept(ReferencePipeline.java:276)
	at java.base/java.util.stream.ReferencePipeline$3$1.accept(ReferencePipeline.java:197)
	at java.base/java.util.stream.ReferencePipeline$3$1.accept(ReferencePipeline.java:197)
	at java.base/java.util.stream.ReferencePipeline$3$1.accept(ReferencePipeline.java:197)
	at java.base/java.util.ArrayList$ArrayListSpliterator.forEachRemaining(ArrayList.java:1625)
	at java.base/java.util.stream.AbstractPipeline.copyInto(AbstractPipeline.java:509)
	at java.base/java.util.stream.AbstractPipeline.wrapAndCopyInto(AbstractPipeline.java:499)
	at java.base/java.util.stream.ForEachOps$ForEachOp.evaluateSequential(ForEachOps.java:150)
	at java.base/java.util.stream.ForEachOps$ForEachOp$OfRef.evaluateSequential(ForEachOps.java:173)
	at java.base/java.util.stream.AbstractPipeline.evaluate(AbstractPipeline.java:234)
	at java.base/java.util.stream.ReferencePipeline.forEach(ReferencePipeline.java:596)
	at java.base/java.util.stream.ReferencePipeline$7$1.accept(ReferencePipeline.java:276)
	at java.base/java.util.ArrayList$ArrayListSpliterator.forEachRemaining(ArrayList.java:1625)
	at java.base/java.util.stream.AbstractPipeline.copyInto(AbstractPipeline.java:509)
	at java.base/java.util.stream.AbstractPipeline.wrapAndCopyInto(AbstractPipeline.java:499)
	at java.base/java.util.stream.ForEachOps$ForEachOp.evaluateSequential(ForEachOps.java:150)
	at java.base/java.util.stream.ForEachOps$ForEachOp$OfRef.evaluateSequential(ForEachOps.java:173)
	at java.base/java.util.stream.AbstractPipeline.evaluate(AbstractPipeline.java:234)
	at java.base/java.util.stream.ReferencePipeline.forEach(ReferencePipeline.java:596)
	at java.base/java.util.ArrayList.forEach(ArrayList.java:1511)
	at java.base/java.util.ArrayList.forEach(ArrayList.java:1511)
]]></error>
    <system-out><![CDATA[2024-08-19 16:35:06,666 [main] INFO  rpc.RpcClient (RpcClient.java:createVolume(474)) - Creating Volume: volume-17904896146154944728398923929728, with admin as owner and space quota set to -1 bytes, counts quota set to -1
2024-08-19 16:35:06,669 [omNode-1-OMStateMachineApplyTransactionThread - 0] INFO  volume.OMVolumeCreateRequest (OMVolumeCreateRequest.java:validateAndUpdateCache(198)) - created volume:volume-17904896146154944728398923929728 for user:admin
2024-08-19 16:35:06,671 [main] INFO  rpc.RpcClient (RpcClient.java:createBucket(700)) - Creating Bucket: volume-17904896146154944728398923929728/bucket-65161029062137436064580522966205, with bucket layout LEGACY, admin as owner, Versioning false, Storage Type set to DISK and Encryption set to false, Replication Type set to server-side default replication type, Namespace Quota set to -1, Space Quota set to -1 
2024-08-19 16:35:06,673 [omNode-1-OMStateMachineApplyTransactionThread - 0] INFO  bucket.OMBucketCreateRequest (OMBucketCreateRequest.java:validateAndUpdateCache(293)) - created bucket: bucket-65161029062137436064580522966205 of layout LEGACY in volume: volume-17904896146154944728398923929728
2024-08-19 16:35:06,680 [main] INFO  io.KeyOutputStreamSemaphore (KeyOutputStreamSemaphore.java:<init>(35)) - Initializing semaphore with maxConcurrentWritePerKey = 1
2024-08-19 16:35:06,720 [omNode-1-OMStateMachineApplyTransactionThread - 0] WARN  snapshot.OMSnapshotCreateRequest (OMSnapshotCreateRequest.java:estimateBucketDataSize(337)) - DefaultReplicationConfig is not correctly set in OmBucketInfo for volume 'volume-17904896146154944728398923929728' bucket 'bucket-65161029062137436064580522966205'. Falling back to config default 'RATIS/THREE'
2024-08-19 16:35:06,721 [omNode-1-OMStateMachineApplyTransactionThread - 0] INFO  snapshot.OMSnapshotCreateRequest (OMSnapshotCreateRequest.java:validateAndUpdateCache(218)) - Created snapshot: 'snapshot-45332255284338603470027416478545' with snapshotId: 'ce84686e-f15e-4f4d-b8b0-8c6a57b4df6b' under path 'volume-17904896146154944728398923929728/bucket-65161029062137436064580522966205'
2024-08-19 16:35:06,722 [main] WARN  server.ServerUtils (ServerUtils.java:getDBPath(299)) - ozone.om.db.dirs is not configured. We recommend adding this setting. Falling back to ozone.metadata.dirs instead.
2024-08-19 16:35:26,646 [main] INFO  db.RDBCheckpointUtils (RDBCheckpointUtils.java:waitForCheckpointDirectoryExist(51)) - Checkpoint directory: 20 didn't get created in /home/runner/work/ozone/ozone/hadoop-ozone/integration-test/target/test-dir/MiniOzoneClusterImpl-37a79142-3d3b-4256-8e35-bf5503c8d171/omNode-1/db.snapshots/checkpointState/om.db-ce84686e-f15e-4f4d-b8b0-8c6a57b4df6b secs.
]]></system-out>
  </testcase>
  <testcase name="testLookupKeyWithAllowedUserForPrefixAcl(BucketLayout)[1]" classname="org.apache.hadoop.ozone.om.snapshot.TestOzoneManagerSnapshotAcl" time="19.98">
    <error type="java.io.IOException"><![CDATA[java.io.IOException: snapshot directory doesn't exist
	at org.apache.hadoop.ozone.om.snapshot.TestOzoneManagerSnapshotAcl.createSnapshot(TestOzoneManagerSnapshotAcl.java:591)
	at org.apache.hadoop.ozone.om.snapshot.TestOzoneManagerSnapshotAcl.testLookupKeyWithAllowedUserForPrefixAcl(TestOzoneManagerSnapshotAcl.java:399)
	at java.base/java.lang.reflect.Method.invoke(Method.java:569)
	at java.base/java.util.stream.ForEachOps$ForEachOp$OfRef.accept(ForEachOps.java:183)
	at java.base/java.util.stream.ReferencePipeline$3$1.accept(ReferencePipeline.java:197)
	at java.base/java.util.stream.ReferencePipeline$2$1.accept(ReferencePipeline.java:179)
	at java.base/java.util.stream.ReferencePipeline$3$1.accept(ReferencePipeline.java:197)
	at java.base/java.util.stream.ForEachOps$ForEachOp$OfRef.accept(ForEachOps.java:183)
	at java.base/java.util.stream.ReferencePipeline$3$1.accept(ReferencePipeline.java:197)
	at java.base/java.util.stream.ReferencePipeline$3$1.accept(ReferencePipeline.java:197)
	at java.base/java.util.stream.ReferencePipeline$3$1.accept(ReferencePipeline.java:197)
	at java.base/java.util.stream.ForEachOps$ForEachOp$OfRef.accept(ForEachOps.java:183)
	at java.base/java.util.stream.ReferencePipeline$3$1.accept(ReferencePipeline.java:197)
	at java.base/java.util.Iterator.forEachRemaining(Iterator.java:133)
	at java.base/java.util.Spliterators$IteratorSpliterator.forEachRemaining(Spliterators.java:1845)
	at java.base/java.util.stream.AbstractPipeline.copyInto(AbstractPipeline.java:509)
	at java.base/java.util.stream.AbstractPipeline.wrapAndCopyInto(AbstractPipeline.java:499)
	at java.base/java.util.stream.ForEachOps$ForEachOp.evaluateSequential(ForEachOps.java:150)
	at java.base/java.util.stream.ForEachOps$ForEachOp$OfRef.evaluateSequential(ForEachOps.java:173)
	at java.base/java.util.stream.AbstractPipeline.evaluate(AbstractPipeline.java:234)
	at java.base/java.util.stream.ReferencePipeline.forEach(ReferencePipeline.java:596)
	at java.base/java.util.stream.ReferencePipeline$7$1.accept(ReferencePipeline.java:276)
	at java.base/java.util.stream.ReferencePipeline$3$1.accept(ReferencePipeline.java:197)
	at java.base/java.util.stream.ReferencePipeline$3$1.accept(ReferencePipeline.java:197)
	at java.base/java.util.stream.ReferencePipeline$3$1.accept(ReferencePipeline.java:197)
	at java.base/java.util.ArrayList$ArrayListSpliterator.forEachRemaining(ArrayList.java:1625)
	at java.base/java.util.stream.AbstractPipeline.copyInto(AbstractPipeline.java:509)
	at java.base/java.util.stream.AbstractPipeline.wrapAndCopyInto(AbstractPipeline.java:499)
	at java.base/java.util.stream.ForEachOps$ForEachOp.evaluateSequential(ForEachOps.java:150)
	at java.base/java.util.stream.ForEachOps$ForEachOp$OfRef.evaluateSequential(ForEachOps.java:173)
	at java.base/java.util.stream.AbstractPipeline.evaluate(AbstractPipeline.java:234)
	at java.base/java.util.stream.ReferencePipeline.forEach(ReferencePipeline.java:596)
	at java.base/java.util.stream.ReferencePipeline$7$1.accept(ReferencePipeline.java:276)
	at java.base/java.util.ArrayList$ArrayListSpliterator.forEachRemaining(ArrayList.java:1625)
	at java.base/java.util.stream.AbstractPipeline.copyInto(AbstractPipeline.java:509)
	at java.base/java.util.stream.AbstractPipeline.wrapAndCopyInto(AbstractPipeline.java:499)
	at java.base/java.util.stream.ForEachOps$ForEachOp.evaluateSequential(ForEachOps.java:150)
	at java.base/java.util.stream.ForEachOps$ForEachOp$OfRef.evaluateSequential(ForEachOps.java:173)
	at java.base/java.util.stream.AbstractPipeline.evaluate(AbstractPipeline.java:234)
	at java.base/java.util.stream.ReferencePipeline.forEach(ReferencePipeline.java:596)
	at java.base/java.util.ArrayList.forEach(ArrayList.java:1511)
	at java.base/java.util.ArrayList.forEach(ArrayList.java:1511)
]]></error>
    <system-out><![CDATA[2024-08-19 16:35:26,649 [main] INFO  rpc.RpcClient (RpcClient.java:createVolume(474)) - Creating Volume: volume-49930373611698944252592279411905, with admin as owner and space quota set to -1 bytes, counts quota set to -1
2024-08-19 16:35:26,652 [omNode-1-OMStateMachineApplyTransactionThread - 0] INFO  volume.OMVolumeCreateRequest (OMVolumeCreateRequest.java:validateAndUpdateCache(198)) - created volume:volume-49930373611698944252592279411905 for user:admin
2024-08-19 16:35:26,654 [main] INFO  rpc.RpcClient (RpcClient.java:createBucket(700)) - Creating Bucket: volume-49930373611698944252592279411905/bucket-99354472729600500333577209830371, with bucket layout FILE_SYSTEM_OPTIMIZED, admin as owner, Versioning false, Storage Type set to DISK and Encryption set to false, Replication Type set to server-side default replication type, Namespace Quota set to -1, Space Quota set to -1 
2024-08-19 16:35:26,655 [omNode-1-OMStateMachineApplyTransactionThread - 0] INFO  bucket.OMBucketCreateRequest (OMBucketCreateRequest.java:validateAndUpdateCache(293)) - created bucket: bucket-99354472729600500333577209830371 of layout FILE_SYSTEM_OPTIMIZED in volume: volume-49930373611698944252592279411905
2024-08-19 16:35:26,664 [main] INFO  io.KeyOutputStreamSemaphore (KeyOutputStreamSemaphore.java:<init>(35)) - Initializing semaphore with maxConcurrentWritePerKey = 1
2024-08-19 16:35:26,702 [omNode-1-OMStateMachineApplyTransactionThread - 0] WARN  snapshot.OMSnapshotCreateRequest (OMSnapshotCreateRequest.java:estimateBucketDataSize(337)) - DefaultReplicationConfig is not correctly set in OmBucketInfo for volume 'volume-49930373611698944252592279411905' bucket 'bucket-99354472729600500333577209830371'. Falling back to config default 'RATIS/THREE'
2024-08-19 16:35:26,702 [omNode-1-OMStateMachineApplyTransactionThread - 0] INFO  snapshot.OMSnapshotCreateRequest (OMSnapshotCreateRequest.java:validateAndUpdateCache(218)) - Created snapshot: 'snapshot-06915621890254915053173738065769' with snapshotId: '2429cadb-09c2-44e8-a78d-db7bd05d6500' under path 'volume-49930373611698944252592279411905/bucket-99354472729600500333577209830371'
2024-08-19 16:35:26,703 [main] WARN  server.ServerUtils (ServerUtils.java:getDBPath(299)) - ozone.om.db.dirs is not configured. We recommend adding this setting. Falling back to ozone.metadata.dirs instead.
2024-08-19 16:35:46,628 [main] INFO  db.RDBCheckpointUtils (RDBCheckpointUtils.java:waitForCheckpointDirectoryExist(51)) - Checkpoint directory: 20 didn't get created in /home/runner/work/ozone/ozone/hadoop-ozone/integration-test/target/test-dir/MiniOzoneClusterImpl-37a79142-3d3b-4256-8e35-bf5503c8d171/omNode-1/db.snapshots/checkpointState/om.db-2429cadb-09c2-44e8-a78d-db7bd05d6500 secs.
]]></system-out>
  </testcase>
  <testcase name="testLookupKeyWithAllowedUserForPrefixAcl(BucketLayout)[2]" classname="org.apache.hadoop.ozone.om.snapshot.TestOzoneManagerSnapshotAcl" time="19.989">
    <error type="java.io.IOException"><![CDATA[java.io.IOException: snapshot directory doesn't exist
	at org.apache.hadoop.ozone.om.snapshot.TestOzoneManagerSnapshotAcl.createSnapshot(TestOzoneManagerSnapshotAcl.java:591)
	at org.apache.hadoop.ozone.om.snapshot.TestOzoneManagerSnapshotAcl.testLookupKeyWithAllowedUserForPrefixAcl(TestOzoneManagerSnapshotAcl.java:399)
	at java.base/java.lang.reflect.Method.invoke(Method.java:569)
	at java.base/java.util.stream.ForEachOps$ForEachOp$OfRef.accept(ForEachOps.java:183)
	at java.base/java.util.stream.ReferencePipeline$3$1.accept(ReferencePipeline.java:197)
	at java.base/java.util.stream.ReferencePipeline$2$1.accept(ReferencePipeline.java:179)
	at java.base/java.util.stream.ReferencePipeline$3$1.accept(ReferencePipeline.java:197)
	at java.base/java.util.stream.ForEachOps$ForEachOp$OfRef.accept(ForEachOps.java:183)
	at java.base/java.util.stream.ReferencePipeline$3$1.accept(ReferencePipeline.java:197)
	at java.base/java.util.stream.ReferencePipeline$3$1.accept(ReferencePipeline.java:197)
	at java.base/java.util.stream.ReferencePipeline$3$1.accept(ReferencePipeline.java:197)
	at java.base/java.util.stream.ForEachOps$ForEachOp$OfRef.accept(ForEachOps.java:183)
	at java.base/java.util.stream.ReferencePipeline$3$1.accept(ReferencePipeline.java:197)
	at java.base/java.util.Iterator.forEachRemaining(Iterator.java:133)
	at java.base/java.util.Spliterators$IteratorSpliterator.forEachRemaining(Spliterators.java:1845)
	at java.base/java.util.stream.AbstractPipeline.copyInto(AbstractPipeline.java:509)
	at java.base/java.util.stream.AbstractPipeline.wrapAndCopyInto(AbstractPipeline.java:499)
	at java.base/java.util.stream.ForEachOps$ForEachOp.evaluateSequential(ForEachOps.java:150)
	at java.base/java.util.stream.ForEachOps$ForEachOp$OfRef.evaluateSequential(ForEachOps.java:173)
	at java.base/java.util.stream.AbstractPipeline.evaluate(AbstractPipeline.java:234)
	at java.base/java.util.stream.ReferencePipeline.forEach(ReferencePipeline.java:596)
	at java.base/java.util.stream.ReferencePipeline$7$1.accept(ReferencePipeline.java:276)
	at java.base/java.util.stream.ReferencePipeline$3$1.accept(ReferencePipeline.java:197)
	at java.base/java.util.stream.ReferencePipeline$3$1.accept(ReferencePipeline.java:197)
	at java.base/java.util.stream.ReferencePipeline$3$1.accept(ReferencePipeline.java:197)
	at java.base/java.util.ArrayList$ArrayListSpliterator.forEachRemaining(ArrayList.java:1625)
	at java.base/java.util.stream.AbstractPipeline.copyInto(AbstractPipeline.java:509)
	at java.base/java.util.stream.AbstractPipeline.wrapAndCopyInto(AbstractPipeline.java:499)
	at java.base/java.util.stream.ForEachOps$ForEachOp.evaluateSequential(ForEachOps.java:150)
	at java.base/java.util.stream.ForEachOps$ForEachOp$OfRef.evaluateSequential(ForEachOps.java:173)
	at java.base/java.util.stream.AbstractPipeline.evaluate(AbstractPipeline.java:234)
	at java.base/java.util.stream.ReferencePipeline.forEach(ReferencePipeline.java:596)
	at java.base/java.util.stream.ReferencePipeline$7$1.accept(ReferencePipeline.java:276)
	at java.base/java.util.ArrayList$ArrayListSpliterator.forEachRemaining(ArrayList.java:1625)
	at java.base/java.util.stream.AbstractPipeline.copyInto(AbstractPipeline.java:509)
	at java.base/java.util.stream.AbstractPipeline.wrapAndCopyInto(AbstractPipeline.java:499)
	at java.base/java.util.stream.ForEachOps$ForEachOp.evaluateSequential(ForEachOps.java:150)
	at java.base/java.util.stream.ForEachOps$ForEachOp$OfRef.evaluateSequential(ForEachOps.java:173)
	at java.base/java.util.stream.AbstractPipeline.evaluate(AbstractPipeline.java:234)
	at java.base/java.util.stream.ReferencePipeline.forEach(ReferencePipeline.java:596)
	at java.base/java.util.ArrayList.forEach(ArrayList.java:1511)
	at java.base/java.util.ArrayList.forEach(ArrayList.java:1511)
]]></error>
    <system-out><![CDATA[2024-08-19 16:35:46,639 [main] INFO  rpc.RpcClient (RpcClient.java:createVolume(474)) - Creating Volume: volume-26943162021972397662099318831817, with admin as owner and space quota set to -1 bytes, counts quota set to -1
2024-08-19 16:35:46,642 [omNode-1-OMStateMachineApplyTransactionThread - 0] INFO  volume.OMVolumeCreateRequest (OMVolumeCreateRequest.java:validateAndUpdateCache(198)) - created volume:volume-26943162021972397662099318831817 for user:admin
2024-08-19 16:35:46,644 [main] INFO  rpc.RpcClient (RpcClient.java:createBucket(700)) - Creating Bucket: volume-26943162021972397662099318831817/bucket-87933948128290219605637855721999, with bucket layout OBJECT_STORE, admin as owner, Versioning false, Storage Type set to DISK and Encryption set to false, Replication Type set to server-side default replication type, Namespace Quota set to -1, Space Quota set to -1 
2024-08-19 16:35:46,645 [omNode-1-OMStateMachineApplyTransactionThread - 0] INFO  bucket.OMBucketCreateRequest (OMBucketCreateRequest.java:validateAndUpdateCache(293)) - created bucket: bucket-87933948128290219605637855721999 of layout OBJECT_STORE in volume: volume-26943162021972397662099318831817
2024-08-19 16:35:46,655 [main] INFO  io.KeyOutputStreamSemaphore (KeyOutputStreamSemaphore.java:<init>(35)) - Initializing semaphore with maxConcurrentWritePerKey = 1
2024-08-19 16:35:46,693 [omNode-1-OMStateMachineApplyTransactionThread - 0] WARN  snapshot.OMSnapshotCreateRequest (OMSnapshotCreateRequest.java:estimateBucketDataSize(337)) - DefaultReplicationConfig is not correctly set in OmBucketInfo for volume 'volume-26943162021972397662099318831817' bucket 'bucket-87933948128290219605637855721999'. Falling back to config default 'RATIS/THREE'
2024-08-19 16:35:46,693 [omNode-1-OMStateMachineApplyTransactionThread - 0] INFO  snapshot.OMSnapshotCreateRequest (OMSnapshotCreateRequest.java:validateAndUpdateCache(218)) - Created snapshot: 'snapshot-03218293090894115283601594396287' with snapshotId: 'dbab42ba-91d8-44af-86c1-667a8e8d4ecd' under path 'volume-26943162021972397662099318831817/bucket-87933948128290219605637855721999'
2024-08-19 16:35:46,694 [main] WARN  server.ServerUtils (ServerUtils.java:getDBPath(299)) - ozone.om.db.dirs is not configured. We recommend adding this setting. Falling back to ozone.metadata.dirs instead.
2024-08-19 16:35:50,107 [a60155f7-ea69-45b2-947a-1e7e01ad7119-BlockDeletingService#2] INFO  interfaces.ContainerDeletionChoosingPolicyTemplate (ContainerDeletionChoosingPolicyTemplate.java:chooseContainerForBlockDeletion(85)) - Chosen 0/5000 blocks from 0 candidate containers.
2024-08-19 16:35:50,473 [9b6d9b22-4572-4a82-ae1c-a91d234bbb93-BlockDeletingService#2] INFO  interfaces.ContainerDeletionChoosingPolicyTemplate (ContainerDeletionChoosingPolicyTemplate.java:chooseContainerForBlockDeletion(85)) - Chosen 0/5000 blocks from 0 candidate containers.
2024-08-19 16:35:50,875 [ee221735-3b90-4b08-961d-7f24e77247fb-BlockDeletingService#2] INFO  interfaces.ContainerDeletionChoosingPolicyTemplate (ContainerDeletionChoosingPolicyTemplate.java:chooseContainerForBlockDeletion(85)) - Chosen 0/5000 blocks from 0 candidate containers.
2024-08-19 16:36:06,618 [main] INFO  db.RDBCheckpointUtils (RDBCheckpointUtils.java:waitForCheckpointDirectoryExist(51)) - Checkpoint directory: 20 didn't get created in /home/runner/work/ozone/ozone/hadoop-ozone/integration-test/target/test-dir/MiniOzoneClusterImpl-37a79142-3d3b-4256-8e35-bf5503c8d171/omNode-1/db.snapshots/checkpointState/om.db-dbab42ba-91d8-44af-86c1-667a8e8d4ecd secs.
]]></system-out>
  </testcase>
  <testcase name="testLookupKeyWithAllowedUserForPrefixAcl(BucketLayout)[3]" classname="org.apache.hadoop.ozone.om.snapshot.TestOzoneManagerSnapshotAcl" time="19.979">
    <error type="java.io.IOException"><![CDATA[java.io.IOException: snapshot directory doesn't exist
	at org.apache.hadoop.ozone.om.snapshot.TestOzoneManagerSnapshotAcl.createSnapshot(TestOzoneManagerSnapshotAcl.java:591)
	at org.apache.hadoop.ozone.om.snapshot.TestOzoneManagerSnapshotAcl.testLookupKeyWithAllowedUserForPrefixAcl(TestOzoneManagerSnapshotAcl.java:399)
	at java.base/java.lang.reflect.Method.invoke(Method.java:569)
	at java.base/java.util.stream.ForEachOps$ForEachOp$OfRef.accept(ForEachOps.java:183)
	at java.base/java.util.stream.ReferencePipeline$3$1.accept(ReferencePipeline.java:197)
	at java.base/java.util.stream.ReferencePipeline$2$1.accept(ReferencePipeline.java:179)
	at java.base/java.util.stream.ReferencePipeline$3$1.accept(ReferencePipeline.java:197)
	at java.base/java.util.stream.ForEachOps$ForEachOp$OfRef.accept(ForEachOps.java:183)
	at java.base/java.util.stream.ReferencePipeline$3$1.accept(ReferencePipeline.java:197)
	at java.base/java.util.stream.ReferencePipeline$3$1.accept(ReferencePipeline.java:197)
	at java.base/java.util.stream.ReferencePipeline$3$1.accept(ReferencePipeline.java:197)
	at java.base/java.util.stream.ForEachOps$ForEachOp$OfRef.accept(ForEachOps.java:183)
	at java.base/java.util.stream.ReferencePipeline$3$1.accept(ReferencePipeline.java:197)
	at java.base/java.util.Iterator.forEachRemaining(Iterator.java:133)
	at java.base/java.util.Spliterators$IteratorSpliterator.forEachRemaining(Spliterators.java:1845)
	at java.base/java.util.stream.AbstractPipeline.copyInto(AbstractPipeline.java:509)
	at java.base/java.util.stream.AbstractPipeline.wrapAndCopyInto(AbstractPipeline.java:499)
	at java.base/java.util.stream.ForEachOps$ForEachOp.evaluateSequential(ForEachOps.java:150)
	at java.base/java.util.stream.ForEachOps$ForEachOp$OfRef.evaluateSequential(ForEachOps.java:173)
	at java.base/java.util.stream.AbstractPipeline.evaluate(AbstractPipeline.java:234)
	at java.base/java.util.stream.ReferencePipeline.forEach(ReferencePipeline.java:596)
	at java.base/java.util.stream.ReferencePipeline$7$1.accept(ReferencePipeline.java:276)
	at java.base/java.util.stream.ReferencePipeline$3$1.accept(ReferencePipeline.java:197)
	at java.base/java.util.stream.ReferencePipeline$3$1.accept(ReferencePipeline.java:197)
	at java.base/java.util.stream.ReferencePipeline$3$1.accept(ReferencePipeline.java:197)
	at java.base/java.util.ArrayList$ArrayListSpliterator.forEachRemaining(ArrayList.java:1625)
	at java.base/java.util.stream.AbstractPipeline.copyInto(AbstractPipeline.java:509)
	at java.base/java.util.stream.AbstractPipeline.wrapAndCopyInto(AbstractPipeline.java:499)
	at java.base/java.util.stream.ForEachOps$ForEachOp.evaluateSequential(ForEachOps.java:150)
	at java.base/java.util.stream.ForEachOps$ForEachOp$OfRef.evaluateSequential(ForEachOps.java:173)
	at java.base/java.util.stream.AbstractPipeline.evaluate(AbstractPipeline.java:234)
	at java.base/java.util.stream.ReferencePipeline.forEach(ReferencePipeline.java:596)
	at java.base/java.util.stream.ReferencePipeline$7$1.accept(ReferencePipeline.java:276)
	at java.base/java.util.ArrayList$ArrayListSpliterator.forEachRemaining(ArrayList.java:1625)
	at java.base/java.util.stream.AbstractPipeline.copyInto(AbstractPipeline.java:509)
	at java.base/java.util.stream.AbstractPipeline.wrapAndCopyInto(AbstractPipeline.java:499)
	at java.base/java.util.stream.ForEachOps$ForEachOp.evaluateSequential(ForEachOps.java:150)
	at java.base/java.util.stream.ForEachOps$ForEachOp$OfRef.evaluateSequential(ForEachOps.java:173)
	at java.base/java.util.stream.AbstractPipeline.evaluate(AbstractPipeline.java:234)
	at java.base/java.util.stream.ReferencePipeline.forEach(ReferencePipeline.java:596)
	at java.base/java.util.ArrayList.forEach(ArrayList.java:1511)
	at java.base/java.util.ArrayList.forEach(ArrayList.java:1511)
]]></error>
    <system-out><![CDATA[2024-08-19 16:36:06,620 [main] INFO  rpc.RpcClient (RpcClient.java:createVolume(474)) - Creating Volume: volume-00483797200419922456932433983022, with admin as owner and space quota set to -1 bytes, counts quota set to -1
2024-08-19 16:36:06,624 [omNode-1-OMStateMachineApplyTransactionThread - 0] INFO  volume.OMVolumeCreateRequest (OMVolumeCreateRequest.java:validateAndUpdateCache(198)) - created volume:volume-00483797200419922456932433983022 for user:admin
2024-08-19 16:36:06,625 [main] INFO  rpc.RpcClient (RpcClient.java:createBucket(700)) - Creating Bucket: volume-00483797200419922456932433983022/bucket-12008279511201222527243944792693, with bucket layout LEGACY, admin as owner, Versioning false, Storage Type set to DISK and Encryption set to false, Replication Type set to server-side default replication type, Namespace Quota set to -1, Space Quota set to -1 
2024-08-19 16:36:06,627 [omNode-1-OMStateMachineApplyTransactionThread - 0] INFO  bucket.OMBucketCreateRequest (OMBucketCreateRequest.java:validateAndUpdateCache(293)) - created bucket: bucket-12008279511201222527243944792693 of layout LEGACY in volume: volume-00483797200419922456932433983022
2024-08-19 16:36:06,635 [main] INFO  io.KeyOutputStreamSemaphore (KeyOutputStreamSemaphore.java:<init>(35)) - Initializing semaphore with maxConcurrentWritePerKey = 1
2024-08-19 16:36:06,670 [omNode-1-OMStateMachineApplyTransactionThread - 0] WARN  snapshot.OMSnapshotCreateRequest (OMSnapshotCreateRequest.java:estimateBucketDataSize(337)) - DefaultReplicationConfig is not correctly set in OmBucketInfo for volume 'volume-00483797200419922456932433983022' bucket 'bucket-12008279511201222527243944792693'. Falling back to config default 'RATIS/THREE'
2024-08-19 16:36:06,671 [omNode-1-OMStateMachineApplyTransactionThread - 0] INFO  snapshot.OMSnapshotCreateRequest (OMSnapshotCreateRequest.java:validateAndUpdateCache(218)) - Created snapshot: 'snapshot-84245415059365760662804634532448' with snapshotId: '6e84105e-2890-4948-ad81-323cd84e3606' under path 'volume-00483797200419922456932433983022/bucket-12008279511201222527243944792693'
2024-08-19 16:36:06,671 [main] WARN  server.ServerUtils (ServerUtils.java:getDBPath(299)) - ozone.om.db.dirs is not configured. We recommend adding this setting. Falling back to ozone.metadata.dirs instead.
2024-08-19 16:36:26,598 [main] INFO  db.RDBCheckpointUtils (RDBCheckpointUtils.java:waitForCheckpointDirectoryExist(51)) - Checkpoint directory: 20 didn't get created in /home/runner/work/ozone/ozone/hadoop-ozone/integration-test/target/test-dir/MiniOzoneClusterImpl-37a79142-3d3b-4256-8e35-bf5503c8d171/omNode-1/db.snapshots/checkpointState/om.db-6e84105e-2890-4948-ad81-323cd84e3606 secs.
]]></system-out>
  </testcase>
  <testcase name="testListStatusWithNotAllowedUser(BucketLayout, boolean, boolean)[1]" classname="org.apache.hadoop.ozone.om.snapshot.TestOzoneManagerSnapshotAcl" time="19.987">
    <error type="java.io.IOException"><![CDATA[java.io.IOException: snapshot directory doesn't exist
	at org.apache.hadoop.ozone.om.snapshot.TestOzoneManagerSnapshotAcl.createSnapshot(TestOzoneManagerSnapshotAcl.java:591)
	at org.apache.hadoop.ozone.om.snapshot.TestOzoneManagerSnapshotAcl.setup(TestOzoneManagerSnapshotAcl.java:457)
	at org.apache.hadoop.ozone.om.snapshot.TestOzoneManagerSnapshotAcl.testListStatusWithNotAllowedUser(TestOzoneManagerSnapshotAcl.java:239)
	at java.base/java.lang.reflect.Method.invoke(Method.java:569)
	at java.base/java.util.stream.ForEachOps$ForEachOp$OfRef.accept(ForEachOps.java:183)
	at java.base/java.util.stream.ReferencePipeline$3$1.accept(ReferencePipeline.java:197)
	at java.base/java.util.stream.ReferencePipeline$2$1.accept(ReferencePipeline.java:179)
	at java.base/java.util.stream.ReferencePipeline$3$1.accept(ReferencePipeline.java:197)
	at java.base/java.util.stream.ForEachOps$ForEachOp$OfRef.accept(ForEachOps.java:183)
	at java.base/java.util.stream.ReferencePipeline$3$1.accept(ReferencePipeline.java:197)
	at java.base/java.util.stream.ReferencePipeline$3$1.accept(ReferencePipeline.java:197)
	at java.base/java.util.stream.ReferencePipeline$3$1.accept(ReferencePipeline.java:197)
	at java.base/java.util.stream.ForEachOps$ForEachOp$OfRef.accept(ForEachOps.java:183)
	at java.base/java.util.stream.ReferencePipeline$3$1.accept(ReferencePipeline.java:197)
	at java.base/java.util.Spliterators$ArraySpliterator.forEachRemaining(Spliterators.java:992)
	at java.base/java.util.stream.ReferencePipeline$Head.forEach(ReferencePipeline.java:762)
	at java.base/java.util.stream.ReferencePipeline$7$1.accept(ReferencePipeline.java:276)
	at java.base/java.util.stream.ReferencePipeline$3$1.accept(ReferencePipeline.java:197)
	at java.base/java.util.stream.ReferencePipeline$3$1.accept(ReferencePipeline.java:197)
	at java.base/java.util.stream.ReferencePipeline$3$1.accept(ReferencePipeline.java:197)
	at java.base/java.util.Spliterators$ArraySpliterator.forEachRemaining(Spliterators.java:992)
	at java.base/java.util.stream.AbstractPipeline.copyInto(AbstractPipeline.java:509)
	at java.base/java.util.stream.AbstractPipeline.wrapAndCopyInto(AbstractPipeline.java:499)
	at java.base/java.util.stream.ForEachOps$ForEachOp.evaluateSequential(ForEachOps.java:150)
	at java.base/java.util.stream.ForEachOps$ForEachOp$OfRef.evaluateSequential(ForEachOps.java:173)
	at java.base/java.util.stream.AbstractPipeline.evaluate(AbstractPipeline.java:234)
	at java.base/java.util.stream.ReferencePipeline.forEach(ReferencePipeline.java:596)
	at java.base/java.util.stream.ReferencePipeline$7$1.accept(ReferencePipeline.java:276)
	at java.base/java.util.stream.ReferencePipeline$3$1.accept(ReferencePipeline.java:197)
	at java.base/java.util.stream.ReferencePipeline$3$1.accept(ReferencePipeline.java:197)
	at java.base/java.util.stream.ReferencePipeline$3$1.accept(ReferencePipeline.java:197)
	at java.base/java.util.ArrayList$ArrayListSpliterator.forEachRemaining(ArrayList.java:1625)
	at java.base/java.util.stream.AbstractPipeline.copyInto(AbstractPipeline.java:509)
	at java.base/java.util.stream.AbstractPipeline.wrapAndCopyInto(AbstractPipeline.java:499)
	at java.base/java.util.stream.ForEachOps$ForEachOp.evaluateSequential(ForEachOps.java:150)
	at java.base/java.util.stream.ForEachOps$ForEachOp$OfRef.evaluateSequential(ForEachOps.java:173)
	at java.base/java.util.stream.AbstractPipeline.evaluate(AbstractPipeline.java:234)
	at java.base/java.util.stream.ReferencePipeline.forEach(ReferencePipeline.java:596)
	at java.base/java.util.stream.ReferencePipeline$7$1.accept(ReferencePipeline.java:276)
	at java.base/java.util.ArrayList$ArrayListSpliterator.forEachRemaining(ArrayList.java:1625)
	at java.base/java.util.stream.AbstractPipeline.copyInto(AbstractPipeline.java:509)
	at java.base/java.util.stream.AbstractPipeline.wrapAndCopyInto(AbstractPipeline.java:499)
	at java.base/java.util.stream.ForEachOps$ForEachOp.evaluateSequential(ForEachOps.java:150)
	at java.base/java.util.stream.ForEachOps$ForEachOp$OfRef.evaluateSequential(ForEachOps.java:173)
	at java.base/java.util.stream.AbstractPipeline.evaluate(AbstractPipeline.java:234)
	at java.base/java.util.stream.ReferencePipeline.forEach(ReferencePipeline.java:596)
	at java.base/java.util.ArrayList.forEach(ArrayList.java:1511)
	at java.base/java.util.ArrayList.forEach(ArrayList.java:1511)
]]></error>
    <system-out><![CDATA[2024-08-19 16:36:26,610 [main] INFO  rpc.RpcClient (RpcClient.java:createVolume(474)) - Creating Volume: volume-15546393319896144929771370954541, with admin as owner and space quota set to -1 bytes, counts quota set to -1
2024-08-19 16:36:26,614 [omNode-1-OMStateMachineApplyTransactionThread - 0] INFO  volume.OMVolumeCreateRequest (OMVolumeCreateRequest.java:validateAndUpdateCache(198)) - created volume:volume-15546393319896144929771370954541 for user:admin
2024-08-19 16:36:26,615 [main] INFO  rpc.RpcClient (RpcClient.java:createBucket(700)) - Creating Bucket: volume-15546393319896144929771370954541/bucket-23137229933973653762625251347518, with bucket layout OBJECT_STORE, admin as owner, Versioning false, Storage Type set to DISK and Encryption set to false, Replication Type set to server-side default replication type, Namespace Quota set to -1, Space Quota set to -1 
2024-08-19 16:36:26,617 [omNode-1-OMStateMachineApplyTransactionThread - 0] INFO  bucket.OMBucketCreateRequest (OMBucketCreateRequest.java:validateAndUpdateCache(293)) - created bucket: bucket-23137229933973653762625251347518 of layout OBJECT_STORE in volume: volume-15546393319896144929771370954541
2024-08-19 16:36:26,623 [main] INFO  io.KeyOutputStreamSemaphore (KeyOutputStreamSemaphore.java:<init>(35)) - Initializing semaphore with maxConcurrentWritePerKey = 1
2024-08-19 16:36:26,662 [omNode-1-OMStateMachineApplyTransactionThread - 0] WARN  snapshot.OMSnapshotCreateRequest (OMSnapshotCreateRequest.java:estimateBucketDataSize(337)) - DefaultReplicationConfig is not correctly set in OmBucketInfo for volume 'volume-15546393319896144929771370954541' bucket 'bucket-23137229933973653762625251347518'. Falling back to config default 'RATIS/THREE'
2024-08-19 16:36:26,662 [omNode-1-OMStateMachineApplyTransactionThread - 0] INFO  snapshot.OMSnapshotCreateRequest (OMSnapshotCreateRequest.java:validateAndUpdateCache(218)) - Created snapshot: 'snapshot-84722537252896951055386813953849' with snapshotId: 'c332d738-e73c-4f5f-b5da-7906817fc83b' under path 'volume-15546393319896144929771370954541/bucket-23137229933973653762625251347518'
2024-08-19 16:36:26,663 [main] WARN  server.ServerUtils (ServerUtils.java:getDBPath(299)) - ozone.om.db.dirs is not configured. We recommend adding this setting. Falling back to ozone.metadata.dirs instead.
2024-08-19 16:36:46,587 [main] INFO  db.RDBCheckpointUtils (RDBCheckpointUtils.java:waitForCheckpointDirectoryExist(51)) - Checkpoint directory: 20 didn't get created in /home/runner/work/ozone/ozone/hadoop-ozone/integration-test/target/test-dir/MiniOzoneClusterImpl-37a79142-3d3b-4256-8e35-bf5503c8d171/omNode-1/db.snapshots/checkpointState/om.db-c332d738-e73c-4f5f-b5da-7906817fc83b secs.
]]></system-out>
  </testcase>
  <testcase name="testListStatusWithNotAllowedUser(BucketLayout, boolean, boolean)[2]" classname="org.apache.hadoop.ozone.om.snapshot.TestOzoneManagerSnapshotAcl" time="19.982">
    <error type="java.io.IOException"><![CDATA[java.io.IOException: snapshot directory doesn't exist
	at org.apache.hadoop.ozone.om.snapshot.TestOzoneManagerSnapshotAcl.createSnapshot(TestOzoneManagerSnapshotAcl.java:591)
	at org.apache.hadoop.ozone.om.snapshot.TestOzoneManagerSnapshotAcl.setup(TestOzoneManagerSnapshotAcl.java:457)
	at org.apache.hadoop.ozone.om.snapshot.TestOzoneManagerSnapshotAcl.testListStatusWithNotAllowedUser(TestOzoneManagerSnapshotAcl.java:239)
	at java.base/java.lang.reflect.Method.invoke(Method.java:569)
	at java.base/java.util.stream.ForEachOps$ForEachOp$OfRef.accept(ForEachOps.java:183)
	at java.base/java.util.stream.ReferencePipeline$3$1.accept(ReferencePipeline.java:197)
	at java.base/java.util.stream.ReferencePipeline$2$1.accept(ReferencePipeline.java:179)
	at java.base/java.util.stream.ReferencePipeline$3$1.accept(ReferencePipeline.java:197)
	at java.base/java.util.stream.ForEachOps$ForEachOp$OfRef.accept(ForEachOps.java:183)
	at java.base/java.util.stream.ReferencePipeline$3$1.accept(ReferencePipeline.java:197)
	at java.base/java.util.stream.ReferencePipeline$3$1.accept(ReferencePipeline.java:197)
	at java.base/java.util.stream.ReferencePipeline$3$1.accept(ReferencePipeline.java:197)
	at java.base/java.util.stream.ForEachOps$ForEachOp$OfRef.accept(ForEachOps.java:183)
	at java.base/java.util.stream.ReferencePipeline$3$1.accept(ReferencePipeline.java:197)
	at java.base/java.util.Spliterators$ArraySpliterator.forEachRemaining(Spliterators.java:992)
	at java.base/java.util.stream.ReferencePipeline$Head.forEach(ReferencePipeline.java:762)
	at java.base/java.util.stream.ReferencePipeline$7$1.accept(ReferencePipeline.java:276)
	at java.base/java.util.stream.ReferencePipeline$3$1.accept(ReferencePipeline.java:197)
	at java.base/java.util.stream.ReferencePipeline$3$1.accept(ReferencePipeline.java:197)
	at java.base/java.util.stream.ReferencePipeline$3$1.accept(ReferencePipeline.java:197)
	at java.base/java.util.Spliterators$ArraySpliterator.forEachRemaining(Spliterators.java:992)
	at java.base/java.util.stream.AbstractPipeline.copyInto(AbstractPipeline.java:509)
	at java.base/java.util.stream.AbstractPipeline.wrapAndCopyInto(AbstractPipeline.java:499)
	at java.base/java.util.stream.ForEachOps$ForEachOp.evaluateSequential(ForEachOps.java:150)
	at java.base/java.util.stream.ForEachOps$ForEachOp$OfRef.evaluateSequential(ForEachOps.java:173)
	at java.base/java.util.stream.AbstractPipeline.evaluate(AbstractPipeline.java:234)
	at java.base/java.util.stream.ReferencePipeline.forEach(ReferencePipeline.java:596)
	at java.base/java.util.stream.ReferencePipeline$7$1.accept(ReferencePipeline.java:276)
	at java.base/java.util.stream.ReferencePipeline$3$1.accept(ReferencePipeline.java:197)
	at java.base/java.util.stream.ReferencePipeline$3$1.accept(ReferencePipeline.java:197)
	at java.base/java.util.stream.ReferencePipeline$3$1.accept(ReferencePipeline.java:197)
	at java.base/java.util.ArrayList$ArrayListSpliterator.forEachRemaining(ArrayList.java:1625)
	at java.base/java.util.stream.AbstractPipeline.copyInto(AbstractPipeline.java:509)
	at java.base/java.util.stream.AbstractPipeline.wrapAndCopyInto(AbstractPipeline.java:499)
	at java.base/java.util.stream.ForEachOps$ForEachOp.evaluateSequential(ForEachOps.java:150)
	at java.base/java.util.stream.ForEachOps$ForEachOp$OfRef.evaluateSequential(ForEachOps.java:173)
	at java.base/java.util.stream.AbstractPipeline.evaluate(AbstractPipeline.java:234)
	at java.base/java.util.stream.ReferencePipeline.forEach(ReferencePipeline.java:596)
	at java.base/java.util.stream.ReferencePipeline$7$1.accept(ReferencePipeline.java:276)
	at java.base/java.util.ArrayList$ArrayListSpliterator.forEachRemaining(ArrayList.java:1625)
	at java.base/java.util.stream.AbstractPipeline.copyInto(AbstractPipeline.java:509)
	at java.base/java.util.stream.AbstractPipeline.wrapAndCopyInto(AbstractPipeline.java:499)
	at java.base/java.util.stream.ForEachOps$ForEachOp.evaluateSequential(ForEachOps.java:150)
	at java.base/java.util.stream.ForEachOps$ForEachOp$OfRef.evaluateSequential(ForEachOps.java:173)
	at java.base/java.util.stream.AbstractPipeline.evaluate(AbstractPipeline.java:234)
	at java.base/java.util.stream.ReferencePipeline.forEach(ReferencePipeline.java:596)
	at java.base/java.util.ArrayList.forEach(ArrayList.java:1511)
	at java.base/java.util.ArrayList.forEach(ArrayList.java:1511)
]]></error>
    <system-out><![CDATA[2024-08-19 16:36:46,590 [main] INFO  rpc.RpcClient (RpcClient.java:createVolume(474)) - Creating Volume: volume-52650334293326061970976058435721, with admin as owner and space quota set to -1 bytes, counts quota set to -1
2024-08-19 16:36:46,593 [omNode-1-OMStateMachineApplyTransactionThread - 0] INFO  volume.OMVolumeCreateRequest (OMVolumeCreateRequest.java:validateAndUpdateCache(198)) - created volume:volume-52650334293326061970976058435721 for user:admin
2024-08-19 16:36:46,594 [main] INFO  rpc.RpcClient (RpcClient.java:createBucket(700)) - Creating Bucket: volume-52650334293326061970976058435721/bucket-02091203932912938047531431614812, with bucket layout FILE_SYSTEM_OPTIMIZED, admin as owner, Versioning false, Storage Type set to DISK and Encryption set to false, Replication Type set to server-side default replication type, Namespace Quota set to -1, Space Quota set to -1 
2024-08-19 16:36:46,595 [omNode-1-OMStateMachineApplyTransactionThread - 0] INFO  bucket.OMBucketCreateRequest (OMBucketCreateRequest.java:validateAndUpdateCache(293)) - created bucket: bucket-02091203932912938047531431614812 of layout FILE_SYSTEM_OPTIMIZED in volume: volume-52650334293326061970976058435721
2024-08-19 16:36:46,601 [main] INFO  io.KeyOutputStreamSemaphore (KeyOutputStreamSemaphore.java:<init>(35)) - Initializing semaphore with maxConcurrentWritePerKey = 1
2024-08-19 16:36:46,647 [omNode-1-OMStateMachineApplyTransactionThread - 0] WARN  snapshot.OMSnapshotCreateRequest (OMSnapshotCreateRequest.java:estimateBucketDataSize(337)) - DefaultReplicationConfig is not correctly set in OmBucketInfo for volume 'volume-52650334293326061970976058435721' bucket 'bucket-02091203932912938047531431614812'. Falling back to config default 'RATIS/THREE'
2024-08-19 16:36:46,647 [omNode-1-OMStateMachineApplyTransactionThread - 0] INFO  snapshot.OMSnapshotCreateRequest (OMSnapshotCreateRequest.java:validateAndUpdateCache(218)) - Created snapshot: 'snapshot-26129420476037131226509478724739' with snapshotId: '05e74c13-f630-4f17-aa1f-11a6957ff9ba' under path 'volume-52650334293326061970976058435721/bucket-02091203932912938047531431614812'
2024-08-19 16:36:46,648 [main] WARN  server.ServerUtils (ServerUtils.java:getDBPath(299)) - ozone.om.db.dirs is not configured. We recommend adding this setting. Falling back to ozone.metadata.dirs instead.
2024-08-19 16:36:50,108 [a60155f7-ea69-45b2-947a-1e7e01ad7119-BlockDeletingService#2] INFO  interfaces.ContainerDeletionChoosingPolicyTemplate (ContainerDeletionChoosingPolicyTemplate.java:chooseContainerForBlockDeletion(85)) - Chosen 0/5000 blocks from 0 candidate containers.
2024-08-19 16:36:50,474 [9b6d9b22-4572-4a82-ae1c-a91d234bbb93-BlockDeletingService#2] INFO  interfaces.ContainerDeletionChoosingPolicyTemplate (ContainerDeletionChoosingPolicyTemplate.java:chooseContainerForBlockDeletion(85)) - Chosen 0/5000 blocks from 0 candidate containers.
2024-08-19 16:36:50,875 [ee221735-3b90-4b08-961d-7f24e77247fb-BlockDeletingService#2] INFO  interfaces.ContainerDeletionChoosingPolicyTemplate (ContainerDeletionChoosingPolicyTemplate.java:chooseContainerForBlockDeletion(85)) - Chosen 0/5000 blocks from 0 candidate containers.
2024-08-19 16:37:06,570 [main] INFO  db.RDBCheckpointUtils (RDBCheckpointUtils.java:waitForCheckpointDirectoryExist(51)) - Checkpoint directory: 20 didn't get created in /home/runner/work/ozone/ozone/hadoop-ozone/integration-test/target/test-dir/MiniOzoneClusterImpl-37a79142-3d3b-4256-8e35-bf5503c8d171/omNode-1/db.snapshots/checkpointState/om.db-05e74c13-f630-4f17-aa1f-11a6957ff9ba secs.
]]></system-out>
  </testcase>
  <testcase name="testListStatusWithNotAllowedUser(BucketLayout, boolean, boolean)[3]" classname="org.apache.hadoop.ozone.om.snapshot.TestOzoneManagerSnapshotAcl" time="19.991">
    <error type="java.io.IOException"><![CDATA[java.io.IOException: snapshot directory doesn't exist
	at org.apache.hadoop.ozone.om.snapshot.TestOzoneManagerSnapshotAcl.createSnapshot(TestOzoneManagerSnapshotAcl.java:591)
	at org.apache.hadoop.ozone.om.snapshot.TestOzoneManagerSnapshotAcl.setup(TestOzoneManagerSnapshotAcl.java:457)
	at org.apache.hadoop.ozone.om.snapshot.TestOzoneManagerSnapshotAcl.testListStatusWithNotAllowedUser(TestOzoneManagerSnapshotAcl.java:239)
	at java.base/java.lang.reflect.Method.invoke(Method.java:569)
	at java.base/java.util.stream.ForEachOps$ForEachOp$OfRef.accept(ForEachOps.java:183)
	at java.base/java.util.stream.ReferencePipeline$3$1.accept(ReferencePipeline.java:197)
	at java.base/java.util.stream.ReferencePipeline$2$1.accept(ReferencePipeline.java:179)
	at java.base/java.util.stream.ReferencePipeline$3$1.accept(ReferencePipeline.java:197)
	at java.base/java.util.stream.ForEachOps$ForEachOp$OfRef.accept(ForEachOps.java:183)
	at java.base/java.util.stream.ReferencePipeline$3$1.accept(ReferencePipeline.java:197)
	at java.base/java.util.stream.ReferencePipeline$3$1.accept(ReferencePipeline.java:197)
	at java.base/java.util.stream.ReferencePipeline$3$1.accept(ReferencePipeline.java:197)
	at java.base/java.util.stream.ForEachOps$ForEachOp$OfRef.accept(ForEachOps.java:183)
	at java.base/java.util.stream.ReferencePipeline$3$1.accept(ReferencePipeline.java:197)
	at java.base/java.util.Spliterators$ArraySpliterator.forEachRemaining(Spliterators.java:992)
	at java.base/java.util.stream.ReferencePipeline$Head.forEach(ReferencePipeline.java:762)
	at java.base/java.util.stream.ReferencePipeline$7$1.accept(ReferencePipeline.java:276)
	at java.base/java.util.stream.ReferencePipeline$3$1.accept(ReferencePipeline.java:197)
	at java.base/java.util.stream.ReferencePipeline$3$1.accept(ReferencePipeline.java:197)
	at java.base/java.util.stream.ReferencePipeline$3$1.accept(ReferencePipeline.java:197)
	at java.base/java.util.Spliterators$ArraySpliterator.forEachRemaining(Spliterators.java:992)
	at java.base/java.util.stream.AbstractPipeline.copyInto(AbstractPipeline.java:509)
	at java.base/java.util.stream.AbstractPipeline.wrapAndCopyInto(AbstractPipeline.java:499)
	at java.base/java.util.stream.ForEachOps$ForEachOp.evaluateSequential(ForEachOps.java:150)
	at java.base/java.util.stream.ForEachOps$ForEachOp$OfRef.evaluateSequential(ForEachOps.java:173)
	at java.base/java.util.stream.AbstractPipeline.evaluate(AbstractPipeline.java:234)
	at java.base/java.util.stream.ReferencePipeline.forEach(ReferencePipeline.java:596)
	at java.base/java.util.stream.ReferencePipeline$7$1.accept(ReferencePipeline.java:276)
	at java.base/java.util.stream.ReferencePipeline$3$1.accept(ReferencePipeline.java:197)
	at java.base/java.util.stream.ReferencePipeline$3$1.accept(ReferencePipeline.java:197)
	at java.base/java.util.stream.ReferencePipeline$3$1.accept(ReferencePipeline.java:197)
	at java.base/java.util.ArrayList$ArrayListSpliterator.forEachRemaining(ArrayList.java:1625)
	at java.base/java.util.stream.AbstractPipeline.copyInto(AbstractPipeline.java:509)
	at java.base/java.util.stream.AbstractPipeline.wrapAndCopyInto(AbstractPipeline.java:499)
	at java.base/java.util.stream.ForEachOps$ForEachOp.evaluateSequential(ForEachOps.java:150)
	at java.base/java.util.stream.ForEachOps$ForEachOp$OfRef.evaluateSequential(ForEachOps.java:173)
	at java.base/java.util.stream.AbstractPipeline.evaluate(AbstractPipeline.java:234)
	at java.base/java.util.stream.ReferencePipeline.forEach(ReferencePipeline.java:596)
	at java.base/java.util.stream.ReferencePipeline$7$1.accept(ReferencePipeline.java:276)
	at java.base/java.util.ArrayList$ArrayListSpliterator.forEachRemaining(ArrayList.java:1625)
	at java.base/java.util.stream.AbstractPipeline.copyInto(AbstractPipeline.java:509)
	at java.base/java.util.stream.AbstractPipeline.wrapAndCopyInto(AbstractPipeline.java:499)
	at java.base/java.util.stream.ForEachOps$ForEachOp.evaluateSequential(ForEachOps.java:150)
	at java.base/java.util.stream.ForEachOps$ForEachOp$OfRef.evaluateSequential(ForEachOps.java:173)
	at java.base/java.util.stream.AbstractPipeline.evaluate(AbstractPipeline.java:234)
	at java.base/java.util.stream.ReferencePipeline.forEach(ReferencePipeline.java:596)
	at java.base/java.util.ArrayList.forEach(ArrayList.java:1511)
	at java.base/java.util.ArrayList.forEach(ArrayList.java:1511)
]]></error>
    <system-out><![CDATA[2024-08-19 16:37:06,581 [main] INFO  rpc.RpcClient (RpcClient.java:createVolume(474)) - Creating Volume: volume-09992930394926851418625340807032, with admin as owner and space quota set to -1 bytes, counts quota set to -1
2024-08-19 16:37:06,584 [omNode-1-OMStateMachineApplyTransactionThread - 0] INFO  volume.OMVolumeCreateRequest (OMVolumeCreateRequest.java:validateAndUpdateCache(198)) - created volume:volume-09992930394926851418625340807032 for user:admin
2024-08-19 16:37:06,585 [main] INFO  rpc.RpcClient (RpcClient.java:createBucket(700)) - Creating Bucket: volume-09992930394926851418625340807032/bucket-83207315432276879869458455818046, with bucket layout LEGACY, admin as owner, Versioning false, Storage Type set to DISK and Encryption set to false, Replication Type set to server-side default replication type, Namespace Quota set to -1, Space Quota set to -1 
2024-08-19 16:37:06,587 [omNode-1-OMStateMachineApplyTransactionThread - 0] INFO  bucket.OMBucketCreateRequest (OMBucketCreateRequest.java:validateAndUpdateCache(293)) - created bucket: bucket-83207315432276879869458455818046 of layout LEGACY in volume: volume-09992930394926851418625340807032
2024-08-19 16:37:06,593 [main] INFO  io.KeyOutputStreamSemaphore (KeyOutputStreamSemaphore.java:<init>(35)) - Initializing semaphore with maxConcurrentWritePerKey = 1
2024-08-19 16:37:06,640 [omNode-1-OMStateMachineApplyTransactionThread - 0] WARN  snapshot.OMSnapshotCreateRequest (OMSnapshotCreateRequest.java:estimateBucketDataSize(337)) - DefaultReplicationConfig is not correctly set in OmBucketInfo for volume 'volume-09992930394926851418625340807032' bucket 'bucket-83207315432276879869458455818046'. Falling back to config default 'RATIS/THREE'
2024-08-19 16:37:06,640 [omNode-1-OMStateMachineApplyTransactionThread - 0] INFO  snapshot.OMSnapshotCreateRequest (OMSnapshotCreateRequest.java:validateAndUpdateCache(218)) - Created snapshot: 'snapshot-94326113022010235694047802218978' with snapshotId: 'bd9a767f-d02d-414c-87de-d1eec38716a5' under path 'volume-09992930394926851418625340807032/bucket-83207315432276879869458455818046'
2024-08-19 16:37:06,641 [main] WARN  server.ServerUtils (ServerUtils.java:getDBPath(299)) - ozone.om.db.dirs is not configured. We recommend adding this setting. Falling back to ozone.metadata.dirs instead.
2024-08-19 16:37:26,562 [main] INFO  db.RDBCheckpointUtils (RDBCheckpointUtils.java:waitForCheckpointDirectoryExist(51)) - Checkpoint directory: 20 didn't get created in /home/runner/work/ozone/ozone/hadoop-ozone/integration-test/target/test-dir/MiniOzoneClusterImpl-37a79142-3d3b-4256-8e35-bf5503c8d171/omNode-1/db.snapshots/checkpointState/om.db-bd9a767f-d02d-414c-87de-d1eec38716a5 secs.
]]></system-out>
  </testcase>
  <testcase name="testListStatusWithNotAllowedUser(BucketLayout, boolean, boolean)[4]" classname="org.apache.hadoop.ozone.om.snapshot.TestOzoneManagerSnapshotAcl" time="19.974">
    <error type="java.io.IOException"><![CDATA[java.io.IOException: snapshot directory doesn't exist
	at org.apache.hadoop.ozone.om.snapshot.TestOzoneManagerSnapshotAcl.createSnapshot(TestOzoneManagerSnapshotAcl.java:591)
	at org.apache.hadoop.ozone.om.snapshot.TestOzoneManagerSnapshotAcl.setup(TestOzoneManagerSnapshotAcl.java:457)
	at org.apache.hadoop.ozone.om.snapshot.TestOzoneManagerSnapshotAcl.testListStatusWithNotAllowedUser(TestOzoneManagerSnapshotAcl.java:239)
	at java.base/java.lang.reflect.Method.invoke(Method.java:569)
	at java.base/java.util.stream.ForEachOps$ForEachOp$OfRef.accept(ForEachOps.java:183)
	at java.base/java.util.stream.ReferencePipeline$3$1.accept(ReferencePipeline.java:197)
	at java.base/java.util.stream.ReferencePipeline$2$1.accept(ReferencePipeline.java:179)
	at java.base/java.util.stream.ReferencePipeline$3$1.accept(ReferencePipeline.java:197)
	at java.base/java.util.stream.ForEachOps$ForEachOp$OfRef.accept(ForEachOps.java:183)
	at java.base/java.util.stream.ReferencePipeline$3$1.accept(ReferencePipeline.java:197)
	at java.base/java.util.stream.ReferencePipeline$3$1.accept(ReferencePipeline.java:197)
	at java.base/java.util.stream.ReferencePipeline$3$1.accept(ReferencePipeline.java:197)
	at java.base/java.util.stream.ForEachOps$ForEachOp$OfRef.accept(ForEachOps.java:183)
	at java.base/java.util.stream.ReferencePipeline$3$1.accept(ReferencePipeline.java:197)
	at java.base/java.util.Spliterators$ArraySpliterator.forEachRemaining(Spliterators.java:992)
	at java.base/java.util.stream.ReferencePipeline$Head.forEach(ReferencePipeline.java:762)
	at java.base/java.util.stream.ReferencePipeline$7$1.accept(ReferencePipeline.java:276)
	at java.base/java.util.stream.ReferencePipeline$3$1.accept(ReferencePipeline.java:197)
	at java.base/java.util.stream.ReferencePipeline$3$1.accept(ReferencePipeline.java:197)
	at java.base/java.util.stream.ReferencePipeline$3$1.accept(ReferencePipeline.java:197)
	at java.base/java.util.Spliterators$ArraySpliterator.forEachRemaining(Spliterators.java:992)
	at java.base/java.util.stream.AbstractPipeline.copyInto(AbstractPipeline.java:509)
	at java.base/java.util.stream.AbstractPipeline.wrapAndCopyInto(AbstractPipeline.java:499)
	at java.base/java.util.stream.ForEachOps$ForEachOp.evaluateSequential(ForEachOps.java:150)
	at java.base/java.util.stream.ForEachOps$ForEachOp$OfRef.evaluateSequential(ForEachOps.java:173)
	at java.base/java.util.stream.AbstractPipeline.evaluate(AbstractPipeline.java:234)
	at java.base/java.util.stream.ReferencePipeline.forEach(ReferencePipeline.java:596)
	at java.base/java.util.stream.ReferencePipeline$7$1.accept(ReferencePipeline.java:276)
	at java.base/java.util.stream.ReferencePipeline$3$1.accept(ReferencePipeline.java:197)
	at java.base/java.util.stream.ReferencePipeline$3$1.accept(ReferencePipeline.java:197)
	at java.base/java.util.stream.ReferencePipeline$3$1.accept(ReferencePipeline.java:197)
	at java.base/java.util.ArrayList$ArrayListSpliterator.forEachRemaining(ArrayList.java:1625)
	at java.base/java.util.stream.AbstractPipeline.copyInto(AbstractPipeline.java:509)
	at java.base/java.util.stream.AbstractPipeline.wrapAndCopyInto(AbstractPipeline.java:499)
	at java.base/java.util.stream.ForEachOps$ForEachOp.evaluateSequential(ForEachOps.java:150)
	at java.base/java.util.stream.ForEachOps$ForEachOp$OfRef.evaluateSequential(ForEachOps.java:173)
	at java.base/java.util.stream.AbstractPipeline.evaluate(AbstractPipeline.java:234)
	at java.base/java.util.stream.ReferencePipeline.forEach(ReferencePipeline.java:596)
	at java.base/java.util.stream.ReferencePipeline$7$1.accept(ReferencePipeline.java:276)
	at java.base/java.util.ArrayList$ArrayListSpliterator.forEachRemaining(ArrayList.java:1625)
	at java.base/java.util.stream.AbstractPipeline.copyInto(AbstractPipeline.java:509)
	at java.base/java.util.stream.AbstractPipeline.wrapAndCopyInto(AbstractPipeline.java:499)
	at java.base/java.util.stream.ForEachOps$ForEachOp.evaluateSequential(ForEachOps.java:150)
	at java.base/java.util.stream.ForEachOps$ForEachOp$OfRef.evaluateSequential(ForEachOps.java:173)
	at java.base/java.util.stream.AbstractPipeline.evaluate(AbstractPipeline.java:234)
	at java.base/java.util.stream.ReferencePipeline.forEach(ReferencePipeline.java:596)
	at java.base/java.util.ArrayList.forEach(ArrayList.java:1511)
	at java.base/java.util.ArrayList.forEach(ArrayList.java:1511)
]]></error>
    <system-out><![CDATA[2024-08-19 16:37:26,564 [main] INFO  rpc.RpcClient (RpcClient.java:createVolume(474)) - Creating Volume: volume-62919850118442958454943673437092, with admin as owner and space quota set to -1 bytes, counts quota set to -1
2024-08-19 16:37:26,568 [omNode-1-OMStateMachineApplyTransactionThread - 0] INFO  volume.OMVolumeCreateRequest (OMVolumeCreateRequest.java:validateAndUpdateCache(198)) - created volume:volume-62919850118442958454943673437092 for user:admin
2024-08-19 16:37:26,569 [main] INFO  rpc.RpcClient (RpcClient.java:createBucket(700)) - Creating Bucket: volume-62919850118442958454943673437092/bucket-27633154396285873196987094495212, with bucket layout OBJECT_STORE, admin as owner, Versioning false, Storage Type set to DISK and Encryption set to false, Replication Type set to server-side default replication type, Namespace Quota set to -1, Space Quota set to -1 
2024-08-19 16:37:26,571 [omNode-1-OMStateMachineApplyTransactionThread - 0] INFO  bucket.OMBucketCreateRequest (OMBucketCreateRequest.java:validateAndUpdateCache(293)) - created bucket: bucket-27633154396285873196987094495212 of layout OBJECT_STORE in volume: volume-62919850118442958454943673437092
2024-08-19 16:37:26,577 [main] INFO  io.KeyOutputStreamSemaphore (KeyOutputStreamSemaphore.java:<init>(35)) - Initializing semaphore with maxConcurrentWritePerKey = 1
2024-08-19 16:37:26,616 [omNode-1-OMStateMachineApplyTransactionThread - 0] WARN  snapshot.OMSnapshotCreateRequest (OMSnapshotCreateRequest.java:estimateBucketDataSize(337)) - DefaultReplicationConfig is not correctly set in OmBucketInfo for volume 'volume-62919850118442958454943673437092' bucket 'bucket-27633154396285873196987094495212'. Falling back to config default 'RATIS/THREE'
2024-08-19 16:37:26,616 [omNode-1-OMStateMachineApplyTransactionThread - 0] INFO  snapshot.OMSnapshotCreateRequest (OMSnapshotCreateRequest.java:validateAndUpdateCache(218)) - Created snapshot: 'snapshot-39197942309539899657825595571628' with snapshotId: 'e7f02999-7ff9-41b3-b1bd-17ba636e8f5a' under path 'volume-62919850118442958454943673437092/bucket-27633154396285873196987094495212'
2024-08-19 16:37:26,616 [main] WARN  server.ServerUtils (ServerUtils.java:getDBPath(299)) - ozone.om.db.dirs is not configured. We recommend adding this setting. Falling back to ozone.metadata.dirs instead.
2024-08-19 16:37:46,537 [main] INFO  db.RDBCheckpointUtils (RDBCheckpointUtils.java:waitForCheckpointDirectoryExist(51)) - Checkpoint directory: 20 didn't get created in /home/runner/work/ozone/ozone/hadoop-ozone/integration-test/target/test-dir/MiniOzoneClusterImpl-37a79142-3d3b-4256-8e35-bf5503c8d171/omNode-1/db.snapshots/checkpointState/om.db-e7f02999-7ff9-41b3-b1bd-17ba636e8f5a secs.
]]></system-out>
  </testcase>
  <testcase name="testListStatusWithNotAllowedUser(BucketLayout, boolean, boolean)[5]" classname="org.apache.hadoop.ozone.om.snapshot.TestOzoneManagerSnapshotAcl" time="20.004">
    <error type="java.io.IOException"><![CDATA[java.io.IOException: snapshot directory doesn't exist
	at org.apache.hadoop.ozone.om.snapshot.TestOzoneManagerSnapshotAcl.createSnapshot(TestOzoneManagerSnapshotAcl.java:591)
	at org.apache.hadoop.ozone.om.snapshot.TestOzoneManagerSnapshotAcl.setup(TestOzoneManagerSnapshotAcl.java:457)
	at org.apache.hadoop.ozone.om.snapshot.TestOzoneManagerSnapshotAcl.testListStatusWithNotAllowedUser(TestOzoneManagerSnapshotAcl.java:239)
	at java.base/java.lang.reflect.Method.invoke(Method.java:569)
	at java.base/java.util.stream.ForEachOps$ForEachOp$OfRef.accept(ForEachOps.java:183)
	at java.base/java.util.stream.ReferencePipeline$3$1.accept(ReferencePipeline.java:197)
	at java.base/java.util.stream.ReferencePipeline$2$1.accept(ReferencePipeline.java:179)
	at java.base/java.util.stream.ReferencePipeline$3$1.accept(ReferencePipeline.java:197)
	at java.base/java.util.stream.ForEachOps$ForEachOp$OfRef.accept(ForEachOps.java:183)
	at java.base/java.util.stream.ReferencePipeline$3$1.accept(ReferencePipeline.java:197)
	at java.base/java.util.stream.ReferencePipeline$3$1.accept(ReferencePipeline.java:197)
	at java.base/java.util.stream.ReferencePipeline$3$1.accept(ReferencePipeline.java:197)
	at java.base/java.util.stream.ForEachOps$ForEachOp$OfRef.accept(ForEachOps.java:183)
	at java.base/java.util.stream.ReferencePipeline$3$1.accept(ReferencePipeline.java:197)
	at java.base/java.util.Spliterators$ArraySpliterator.forEachRemaining(Spliterators.java:992)
	at java.base/java.util.stream.ReferencePipeline$Head.forEach(ReferencePipeline.java:762)
	at java.base/java.util.stream.ReferencePipeline$7$1.accept(ReferencePipeline.java:276)
	at java.base/java.util.stream.ReferencePipeline$3$1.accept(ReferencePipeline.java:197)
	at java.base/java.util.stream.ReferencePipeline$3$1.accept(ReferencePipeline.java:197)
	at java.base/java.util.stream.ReferencePipeline$3$1.accept(ReferencePipeline.java:197)
	at java.base/java.util.Spliterators$ArraySpliterator.forEachRemaining(Spliterators.java:992)
	at java.base/java.util.stream.AbstractPipeline.copyInto(AbstractPipeline.java:509)
	at java.base/java.util.stream.AbstractPipeline.wrapAndCopyInto(AbstractPipeline.java:499)
	at java.base/java.util.stream.ForEachOps$ForEachOp.evaluateSequential(ForEachOps.java:150)
	at java.base/java.util.stream.ForEachOps$ForEachOp$OfRef.evaluateSequential(ForEachOps.java:173)
	at java.base/java.util.stream.AbstractPipeline.evaluate(AbstractPipeline.java:234)
	at java.base/java.util.stream.ReferencePipeline.forEach(ReferencePipeline.java:596)
	at java.base/java.util.stream.ReferencePipeline$7$1.accept(ReferencePipeline.java:276)
	at java.base/java.util.stream.ReferencePipeline$3$1.accept(ReferencePipeline.java:197)
	at java.base/java.util.stream.ReferencePipeline$3$1.accept(ReferencePipeline.java:197)
	at java.base/java.util.stream.ReferencePipeline$3$1.accept(ReferencePipeline.java:197)
	at java.base/java.util.ArrayList$ArrayListSpliterator.forEachRemaining(ArrayList.java:1625)
	at java.base/java.util.stream.AbstractPipeline.copyInto(AbstractPipeline.java:509)
	at java.base/java.util.stream.AbstractPipeline.wrapAndCopyInto(AbstractPipeline.java:499)
	at java.base/java.util.stream.ForEachOps$ForEachOp.evaluateSequential(ForEachOps.java:150)
	at java.base/java.util.stream.ForEachOps$ForEachOp$OfRef.evaluateSequential(ForEachOps.java:173)
	at java.base/java.util.stream.AbstractPipeline.evaluate(AbstractPipeline.java:234)
	at java.base/java.util.stream.ReferencePipeline.forEach(ReferencePipeline.java:596)
	at java.base/java.util.stream.ReferencePipeline$7$1.accept(ReferencePipeline.java:276)
	at java.base/java.util.ArrayList$ArrayListSpliterator.forEachRemaining(ArrayList.java:1625)
	at java.base/java.util.stream.AbstractPipeline.copyInto(AbstractPipeline.java:509)
	at java.base/java.util.stream.AbstractPipeline.wrapAndCopyInto(AbstractPipeline.java:499)
	at java.base/java.util.stream.ForEachOps$ForEachOp.evaluateSequential(ForEachOps.java:150)
	at java.base/java.util.stream.ForEachOps$ForEachOp$OfRef.evaluateSequential(ForEachOps.java:173)
	at java.base/java.util.stream.AbstractPipeline.evaluate(AbstractPipeline.java:234)
	at java.base/java.util.stream.ReferencePipeline.forEach(ReferencePipeline.java:596)
	at java.base/java.util.ArrayList.forEach(ArrayList.java:1511)
	at java.base/java.util.ArrayList.forEach(ArrayList.java:1511)
]]></error>
    <system-out><![CDATA[2024-08-19 16:37:46,548 [main] INFO  rpc.RpcClient (RpcClient.java:createVolume(474)) - Creating Volume: volume-92254815477688752581050805496759, with admin as owner and space quota set to -1 bytes, counts quota set to -1
2024-08-19 16:37:46,551 [omNode-1-OMStateMachineApplyTransactionThread - 0] INFO  volume.OMVolumeCreateRequest (OMVolumeCreateRequest.java:validateAndUpdateCache(198)) - created volume:volume-92254815477688752581050805496759 for user:admin
2024-08-19 16:37:46,552 [main] INFO  rpc.RpcClient (RpcClient.java:createBucket(700)) - Creating Bucket: volume-92254815477688752581050805496759/bucket-73728072499813886749645658873688, with bucket layout LEGACY, admin as owner, Versioning false, Storage Type set to DISK and Encryption set to false, Replication Type set to server-side default replication type, Namespace Quota set to -1, Space Quota set to -1 
2024-08-19 16:37:46,554 [omNode-1-OMStateMachineApplyTransactionThread - 0] INFO  bucket.OMBucketCreateRequest (OMBucketCreateRequest.java:validateAndUpdateCache(293)) - created bucket: bucket-73728072499813886749645658873688 of layout LEGACY in volume: volume-92254815477688752581050805496759
2024-08-19 16:37:46,562 [main] INFO  io.KeyOutputStreamSemaphore (KeyOutputStreamSemaphore.java:<init>(35)) - Initializing semaphore with maxConcurrentWritePerKey = 1
2024-08-19 16:37:46,615 [omNode-1-OMStateMachineApplyTransactionThread - 0] WARN  snapshot.OMSnapshotCreateRequest (OMSnapshotCreateRequest.java:estimateBucketDataSize(337)) - DefaultReplicationConfig is not correctly set in OmBucketInfo for volume 'volume-92254815477688752581050805496759' bucket 'bucket-73728072499813886749645658873688'. Falling back to config default 'RATIS/THREE'
2024-08-19 16:37:46,616 [omNode-1-OMStateMachineApplyTransactionThread - 0] INFO  snapshot.OMSnapshotCreateRequest (OMSnapshotCreateRequest.java:validateAndUpdateCache(218)) - Created snapshot: 'snapshot-95443629828786073827541319318387' with snapshotId: 'aaa321f1-7d1f-4540-857b-b011c2393990' under path 'volume-92254815477688752581050805496759/bucket-73728072499813886749645658873688'
2024-08-19 16:37:46,617 [main] WARN  server.ServerUtils (ServerUtils.java:getDBPath(299)) - ozone.om.db.dirs is not configured. We recommend adding this setting. Falling back to ozone.metadata.dirs instead.
2024-08-19 16:37:50,108 [a60155f7-ea69-45b2-947a-1e7e01ad7119-BlockDeletingService#2] INFO  interfaces.ContainerDeletionChoosingPolicyTemplate (ContainerDeletionChoosingPolicyTemplate.java:chooseContainerForBlockDeletion(85)) - Chosen 0/5000 blocks from 0 candidate containers.
2024-08-19 16:37:50,474 [9b6d9b22-4572-4a82-ae1c-a91d234bbb93-BlockDeletingService#2] INFO  interfaces.ContainerDeletionChoosingPolicyTemplate (ContainerDeletionChoosingPolicyTemplate.java:chooseContainerForBlockDeletion(85)) - Chosen 0/5000 blocks from 0 candidate containers.
2024-08-19 16:37:50,875 [ee221735-3b90-4b08-961d-7f24e77247fb-BlockDeletingService#2] INFO  interfaces.ContainerDeletionChoosingPolicyTemplate (ContainerDeletionChoosingPolicyTemplate.java:chooseContainerForBlockDeletion(85)) - Chosen 0/5000 blocks from 0 candidate containers.
2024-08-19 16:38:06,542 [main] INFO  db.RDBCheckpointUtils (RDBCheckpointUtils.java:waitForCheckpointDirectoryExist(51)) - Checkpoint directory: 20 didn't get created in /home/runner/work/ozone/ozone/hadoop-ozone/integration-test/target/test-dir/MiniOzoneClusterImpl-37a79142-3d3b-4256-8e35-bf5503c8d171/omNode-1/db.snapshots/checkpointState/om.db-aaa321f1-7d1f-4540-857b-b011c2393990 secs.
]]></system-out>
  </testcase>
  <testcase name="testListStatusWithNotAllowedUser(BucketLayout, boolean, boolean)[6]" classname="org.apache.hadoop.ozone.om.snapshot.TestOzoneManagerSnapshotAcl" time="19.982">
    <error type="java.io.IOException"><![CDATA[java.io.IOException: snapshot directory doesn't exist
	at org.apache.hadoop.ozone.om.snapshot.TestOzoneManagerSnapshotAcl.createSnapshot(TestOzoneManagerSnapshotAcl.java:591)
	at org.apache.hadoop.ozone.om.snapshot.TestOzoneManagerSnapshotAcl.setup(TestOzoneManagerSnapshotAcl.java:457)
	at org.apache.hadoop.ozone.om.snapshot.TestOzoneManagerSnapshotAcl.testListStatusWithNotAllowedUser(TestOzoneManagerSnapshotAcl.java:239)
	at java.base/java.lang.reflect.Method.invoke(Method.java:569)
	at java.base/java.util.stream.ForEachOps$ForEachOp$OfRef.accept(ForEachOps.java:183)
	at java.base/java.util.stream.ReferencePipeline$3$1.accept(ReferencePipeline.java:197)
	at java.base/java.util.stream.ReferencePipeline$2$1.accept(ReferencePipeline.java:179)
	at java.base/java.util.stream.ReferencePipeline$3$1.accept(ReferencePipeline.java:197)
	at java.base/java.util.stream.ForEachOps$ForEachOp$OfRef.accept(ForEachOps.java:183)
	at java.base/java.util.stream.ReferencePipeline$3$1.accept(ReferencePipeline.java:197)
	at java.base/java.util.stream.ReferencePipeline$3$1.accept(ReferencePipeline.java:197)
	at java.base/java.util.stream.ReferencePipeline$3$1.accept(ReferencePipeline.java:197)
	at java.base/java.util.stream.ForEachOps$ForEachOp$OfRef.accept(ForEachOps.java:183)
	at java.base/java.util.stream.ReferencePipeline$3$1.accept(ReferencePipeline.java:197)
	at java.base/java.util.Spliterators$ArraySpliterator.forEachRemaining(Spliterators.java:992)
	at java.base/java.util.stream.ReferencePipeline$Head.forEach(ReferencePipeline.java:762)
	at java.base/java.util.stream.ReferencePipeline$7$1.accept(ReferencePipeline.java:276)
	at java.base/java.util.stream.ReferencePipeline$3$1.accept(ReferencePipeline.java:197)
	at java.base/java.util.stream.ReferencePipeline$3$1.accept(ReferencePipeline.java:197)
	at java.base/java.util.stream.ReferencePipeline$3$1.accept(ReferencePipeline.java:197)
	at java.base/java.util.Spliterators$ArraySpliterator.forEachRemaining(Spliterators.java:992)
	at java.base/java.util.stream.AbstractPipeline.copyInto(AbstractPipeline.java:509)
	at java.base/java.util.stream.AbstractPipeline.wrapAndCopyInto(AbstractPipeline.java:499)
	at java.base/java.util.stream.ForEachOps$ForEachOp.evaluateSequential(ForEachOps.java:150)
	at java.base/java.util.stream.ForEachOps$ForEachOp$OfRef.evaluateSequential(ForEachOps.java:173)
	at java.base/java.util.stream.AbstractPipeline.evaluate(AbstractPipeline.java:234)
	at java.base/java.util.stream.ReferencePipeline.forEach(ReferencePipeline.java:596)
	at java.base/java.util.stream.ReferencePipeline$7$1.accept(ReferencePipeline.java:276)
	at java.base/java.util.stream.ReferencePipeline$3$1.accept(ReferencePipeline.java:197)
	at java.base/java.util.stream.ReferencePipeline$3$1.accept(ReferencePipeline.java:197)
	at java.base/java.util.stream.ReferencePipeline$3$1.accept(ReferencePipeline.java:197)
	at java.base/java.util.ArrayList$ArrayListSpliterator.forEachRemaining(ArrayList.java:1625)
	at java.base/java.util.stream.AbstractPipeline.copyInto(AbstractPipeline.java:509)
	at java.base/java.util.stream.AbstractPipeline.wrapAndCopyInto(AbstractPipeline.java:499)
	at java.base/java.util.stream.ForEachOps$ForEachOp.evaluateSequential(ForEachOps.java:150)
	at java.base/java.util.stream.ForEachOps$ForEachOp$OfRef.evaluateSequential(ForEachOps.java:173)
	at java.base/java.util.stream.AbstractPipeline.evaluate(AbstractPipeline.java:234)
	at java.base/java.util.stream.ReferencePipeline.forEach(ReferencePipeline.java:596)
	at java.base/java.util.stream.ReferencePipeline$7$1.accept(ReferencePipeline.java:276)
	at java.base/java.util.ArrayList$ArrayListSpliterator.forEachRemaining(ArrayList.java:1625)
	at java.base/java.util.stream.AbstractPipeline.copyInto(AbstractPipeline.java:509)
	at java.base/java.util.stream.AbstractPipeline.wrapAndCopyInto(AbstractPipeline.java:499)
	at java.base/java.util.stream.ForEachOps$ForEachOp.evaluateSequential(ForEachOps.java:150)
	at java.base/java.util.stream.ForEachOps$ForEachOp$OfRef.evaluateSequential(ForEachOps.java:173)
	at java.base/java.util.stream.AbstractPipeline.evaluate(AbstractPipeline.java:234)
	at java.base/java.util.stream.ReferencePipeline.forEach(ReferencePipeline.java:596)
	at java.base/java.util.ArrayList.forEach(ArrayList.java:1511)
	at java.base/java.util.ArrayList.forEach(ArrayList.java:1511)
]]></error>
    <system-out><![CDATA[2024-08-19 16:38:06,545 [main] INFO  rpc.RpcClient (RpcClient.java:createVolume(474)) - Creating Volume: volume-86070505783804384661122683171565, with admin as owner and space quota set to -1 bytes, counts quota set to -1
2024-08-19 16:38:06,548 [omNode-1-OMStateMachineApplyTransactionThread - 0] INFO  volume.OMVolumeCreateRequest (OMVolumeCreateRequest.java:validateAndUpdateCache(198)) - created volume:volume-86070505783804384661122683171565 for user:admin
2024-08-19 16:38:06,550 [main] INFO  rpc.RpcClient (RpcClient.java:createBucket(700)) - Creating Bucket: volume-86070505783804384661122683171565/bucket-96767687972328197996177762961539, with bucket layout OBJECT_STORE, admin as owner, Versioning false, Storage Type set to DISK and Encryption set to false, Replication Type set to server-side default replication type, Namespace Quota set to -1, Space Quota set to -1 
2024-08-19 16:38:06,552 [omNode-1-OMStateMachineApplyTransactionThread - 0] INFO  bucket.OMBucketCreateRequest (OMBucketCreateRequest.java:validateAndUpdateCache(293)) - created bucket: bucket-96767687972328197996177762961539 of layout OBJECT_STORE in volume: volume-86070505783804384661122683171565
2024-08-19 16:38:06,558 [main] INFO  io.KeyOutputStreamSemaphore (KeyOutputStreamSemaphore.java:<init>(35)) - Initializing semaphore with maxConcurrentWritePerKey = 1
2024-08-19 16:38:06,598 [omNode-1-OMStateMachineApplyTransactionThread - 0] WARN  snapshot.OMSnapshotCreateRequest (OMSnapshotCreateRequest.java:estimateBucketDataSize(337)) - DefaultReplicationConfig is not correctly set in OmBucketInfo for volume 'volume-86070505783804384661122683171565' bucket 'bucket-96767687972328197996177762961539'. Falling back to config default 'RATIS/THREE'
2024-08-19 16:38:06,598 [omNode-1-OMStateMachineApplyTransactionThread - 0] INFO  snapshot.OMSnapshotCreateRequest (OMSnapshotCreateRequest.java:validateAndUpdateCache(218)) - Created snapshot: 'snapshot-83048613240656276269120928633249' with snapshotId: '9c2832ee-c261-4ccb-be5e-1c66ab4ff109' under path 'volume-86070505783804384661122683171565/bucket-96767687972328197996177762961539'
2024-08-19 16:38:06,599 [main] WARN  server.ServerUtils (ServerUtils.java:getDBPath(299)) - ozone.om.db.dirs is not configured. We recommend adding this setting. Falling back to ozone.metadata.dirs instead.
2024-08-19 16:38:26,525 [main] INFO  db.RDBCheckpointUtils (RDBCheckpointUtils.java:waitForCheckpointDirectoryExist(51)) - Checkpoint directory: 20 didn't get created in /home/runner/work/ozone/ozone/hadoop-ozone/integration-test/target/test-dir/MiniOzoneClusterImpl-37a79142-3d3b-4256-8e35-bf5503c8d171/omNode-1/db.snapshots/checkpointState/om.db-9c2832ee-c261-4ccb-be5e-1c66ab4ff109 secs.
]]></system-out>
  </testcase>
  <testcase name="testListStatusWithNotAllowedUser(BucketLayout, boolean, boolean)[7]" classname="org.apache.hadoop.ozone.om.snapshot.TestOzoneManagerSnapshotAcl" time="19.982">
    <error type="java.io.IOException"><![CDATA[java.io.IOException: snapshot directory doesn't exist
	at org.apache.hadoop.ozone.om.snapshot.TestOzoneManagerSnapshotAcl.createSnapshot(TestOzoneManagerSnapshotAcl.java:591)
	at org.apache.hadoop.ozone.om.snapshot.TestOzoneManagerSnapshotAcl.setup(TestOzoneManagerSnapshotAcl.java:457)
	at org.apache.hadoop.ozone.om.snapshot.TestOzoneManagerSnapshotAcl.testListStatusWithNotAllowedUser(TestOzoneManagerSnapshotAcl.java:239)
	at java.base/java.lang.reflect.Method.invoke(Method.java:569)
	at java.base/java.util.stream.ForEachOps$ForEachOp$OfRef.accept(ForEachOps.java:183)
	at java.base/java.util.stream.ReferencePipeline$3$1.accept(ReferencePipeline.java:197)
	at java.base/java.util.stream.ReferencePipeline$2$1.accept(ReferencePipeline.java:179)
	at java.base/java.util.stream.ReferencePipeline$3$1.accept(ReferencePipeline.java:197)
	at java.base/java.util.stream.ForEachOps$ForEachOp$OfRef.accept(ForEachOps.java:183)
	at java.base/java.util.stream.ReferencePipeline$3$1.accept(ReferencePipeline.java:197)
	at java.base/java.util.stream.ReferencePipeline$3$1.accept(ReferencePipeline.java:197)
	at java.base/java.util.stream.ReferencePipeline$3$1.accept(ReferencePipeline.java:197)
	at java.base/java.util.stream.ForEachOps$ForEachOp$OfRef.accept(ForEachOps.java:183)
	at java.base/java.util.stream.ReferencePipeline$3$1.accept(ReferencePipeline.java:197)
	at java.base/java.util.Spliterators$ArraySpliterator.forEachRemaining(Spliterators.java:992)
	at java.base/java.util.stream.ReferencePipeline$Head.forEach(ReferencePipeline.java:762)
	at java.base/java.util.stream.ReferencePipeline$7$1.accept(ReferencePipeline.java:276)
	at java.base/java.util.stream.ReferencePipeline$3$1.accept(ReferencePipeline.java:197)
	at java.base/java.util.stream.ReferencePipeline$3$1.accept(ReferencePipeline.java:197)
	at java.base/java.util.stream.ReferencePipeline$3$1.accept(ReferencePipeline.java:197)
	at java.base/java.util.Spliterators$ArraySpliterator.forEachRemaining(Spliterators.java:992)
	at java.base/java.util.stream.AbstractPipeline.copyInto(AbstractPipeline.java:509)
	at java.base/java.util.stream.AbstractPipeline.wrapAndCopyInto(AbstractPipeline.java:499)
	at java.base/java.util.stream.ForEachOps$ForEachOp.evaluateSequential(ForEachOps.java:150)
	at java.base/java.util.stream.ForEachOps$ForEachOp$OfRef.evaluateSequential(ForEachOps.java:173)
	at java.base/java.util.stream.AbstractPipeline.evaluate(AbstractPipeline.java:234)
	at java.base/java.util.stream.ReferencePipeline.forEach(ReferencePipeline.java:596)
	at java.base/java.util.stream.ReferencePipeline$7$1.accept(ReferencePipeline.java:276)
	at java.base/java.util.stream.ReferencePipeline$3$1.accept(ReferencePipeline.java:197)
	at java.base/java.util.stream.ReferencePipeline$3$1.accept(ReferencePipeline.java:197)
	at java.base/java.util.stream.ReferencePipeline$3$1.accept(ReferencePipeline.java:197)
	at java.base/java.util.ArrayList$ArrayListSpliterator.forEachRemaining(ArrayList.java:1625)
	at java.base/java.util.stream.AbstractPipeline.copyInto(AbstractPipeline.java:509)
	at java.base/java.util.stream.AbstractPipeline.wrapAndCopyInto(AbstractPipeline.java:499)
	at java.base/java.util.stream.ForEachOps$ForEachOp.evaluateSequential(ForEachOps.java:150)
	at java.base/java.util.stream.ForEachOps$ForEachOp$OfRef.evaluateSequential(ForEachOps.java:173)
	at java.base/java.util.stream.AbstractPipeline.evaluate(AbstractPipeline.java:234)
	at java.base/java.util.stream.ReferencePipeline.forEach(ReferencePipeline.java:596)
	at java.base/java.util.stream.ReferencePipeline$7$1.accept(ReferencePipeline.java:276)
	at java.base/java.util.ArrayList$ArrayListSpliterator.forEachRemaining(ArrayList.java:1625)
	at java.base/java.util.stream.AbstractPipeline.copyInto(AbstractPipeline.java:509)
	at java.base/java.util.stream.AbstractPipeline.wrapAndCopyInto(AbstractPipeline.java:499)
	at java.base/java.util.stream.ForEachOps$ForEachOp.evaluateSequential(ForEachOps.java:150)
	at java.base/java.util.stream.ForEachOps$ForEachOp$OfRef.evaluateSequential(ForEachOps.java:173)
	at java.base/java.util.stream.AbstractPipeline.evaluate(AbstractPipeline.java:234)
	at java.base/java.util.stream.ReferencePipeline.forEach(ReferencePipeline.java:596)
	at java.base/java.util.ArrayList.forEach(ArrayList.java:1511)
	at java.base/java.util.ArrayList.forEach(ArrayList.java:1511)
]]></error>
    <system-out><![CDATA[2024-08-19 16:38:26,536 [main] INFO  rpc.RpcClient (RpcClient.java:createVolume(474)) - Creating Volume: volume-66509380293333664640145390586163, with admin as owner and space quota set to -1 bytes, counts quota set to -1
2024-08-19 16:38:26,539 [omNode-1-OMStateMachineApplyTransactionThread - 0] INFO  volume.OMVolumeCreateRequest (OMVolumeCreateRequest.java:validateAndUpdateCache(198)) - created volume:volume-66509380293333664640145390586163 for user:admin
2024-08-19 16:38:26,540 [main] INFO  rpc.RpcClient (RpcClient.java:createBucket(700)) - Creating Bucket: volume-66509380293333664640145390586163/bucket-33640733226393174261704021253509, with bucket layout FILE_SYSTEM_OPTIMIZED, admin as owner, Versioning false, Storage Type set to DISK and Encryption set to false, Replication Type set to server-side default replication type, Namespace Quota set to -1, Space Quota set to -1 
2024-08-19 16:38:26,541 [omNode-1-OMStateMachineApplyTransactionThread - 0] INFO  bucket.OMBucketCreateRequest (OMBucketCreateRequest.java:validateAndUpdateCache(293)) - created bucket: bucket-33640733226393174261704021253509 of layout FILE_SYSTEM_OPTIMIZED in volume: volume-66509380293333664640145390586163
2024-08-19 16:38:26,547 [main] INFO  io.KeyOutputStreamSemaphore (KeyOutputStreamSemaphore.java:<init>(35)) - Initializing semaphore with maxConcurrentWritePerKey = 1
2024-08-19 16:38:26,587 [omNode-1-OMStateMachineApplyTransactionThread - 0] WARN  snapshot.OMSnapshotCreateRequest (OMSnapshotCreateRequest.java:estimateBucketDataSize(337)) - DefaultReplicationConfig is not correctly set in OmBucketInfo for volume 'volume-66509380293333664640145390586163' bucket 'bucket-33640733226393174261704021253509'. Falling back to config default 'RATIS/THREE'
2024-08-19 16:38:26,587 [omNode-1-OMStateMachineApplyTransactionThread - 0] INFO  snapshot.OMSnapshotCreateRequest (OMSnapshotCreateRequest.java:validateAndUpdateCache(218)) - Created snapshot: 'snapshot-46014552882985354453983392255693' with snapshotId: '27a8d532-541f-4b12-8dbe-f1032bbb42c8' under path 'volume-66509380293333664640145390586163/bucket-33640733226393174261704021253509'
2024-08-19 16:38:26,588 [main] WARN  server.ServerUtils (ServerUtils.java:getDBPath(299)) - ozone.om.db.dirs is not configured. We recommend adding this setting. Falling back to ozone.metadata.dirs instead.
2024-08-19 16:38:46,509 [main] INFO  db.RDBCheckpointUtils (RDBCheckpointUtils.java:waitForCheckpointDirectoryExist(51)) - Checkpoint directory: 20 didn't get created in /home/runner/work/ozone/ozone/hadoop-ozone/integration-test/target/test-dir/MiniOzoneClusterImpl-37a79142-3d3b-4256-8e35-bf5503c8d171/omNode-1/db.snapshots/checkpointState/om.db-27a8d532-541f-4b12-8dbe-f1032bbb42c8 secs.
]]></system-out>
  </testcase>
  <testcase name="testListStatusWithNotAllowedUser(BucketLayout, boolean, boolean)[8]" classname="org.apache.hadoop.ozone.om.snapshot.TestOzoneManagerSnapshotAcl" time="19.974">
    <error type="java.io.IOException"><![CDATA[java.io.IOException: snapshot directory doesn't exist
	at org.apache.hadoop.ozone.om.snapshot.TestOzoneManagerSnapshotAcl.createSnapshot(TestOzoneManagerSnapshotAcl.java:591)
	at org.apache.hadoop.ozone.om.snapshot.TestOzoneManagerSnapshotAcl.setup(TestOzoneManagerSnapshotAcl.java:457)
	at org.apache.hadoop.ozone.om.snapshot.TestOzoneManagerSnapshotAcl.testListStatusWithNotAllowedUser(TestOzoneManagerSnapshotAcl.java:239)
	at java.base/java.lang.reflect.Method.invoke(Method.java:569)
	at java.base/java.util.stream.ForEachOps$ForEachOp$OfRef.accept(ForEachOps.java:183)
	at java.base/java.util.stream.ReferencePipeline$3$1.accept(ReferencePipeline.java:197)
	at java.base/java.util.stream.ReferencePipeline$2$1.accept(ReferencePipeline.java:179)
	at java.base/java.util.stream.ReferencePipeline$3$1.accept(ReferencePipeline.java:197)
	at java.base/java.util.stream.ForEachOps$ForEachOp$OfRef.accept(ForEachOps.java:183)
	at java.base/java.util.stream.ReferencePipeline$3$1.accept(ReferencePipeline.java:197)
	at java.base/java.util.stream.ReferencePipeline$3$1.accept(ReferencePipeline.java:197)
	at java.base/java.util.stream.ReferencePipeline$3$1.accept(ReferencePipeline.java:197)
	at java.base/java.util.stream.ForEachOps$ForEachOp$OfRef.accept(ForEachOps.java:183)
	at java.base/java.util.stream.ReferencePipeline$3$1.accept(ReferencePipeline.java:197)
	at java.base/java.util.Spliterators$ArraySpliterator.forEachRemaining(Spliterators.java:992)
	at java.base/java.util.stream.ReferencePipeline$Head.forEach(ReferencePipeline.java:762)
	at java.base/java.util.stream.ReferencePipeline$7$1.accept(ReferencePipeline.java:276)
	at java.base/java.util.stream.ReferencePipeline$3$1.accept(ReferencePipeline.java:197)
	at java.base/java.util.stream.ReferencePipeline$3$1.accept(ReferencePipeline.java:197)
	at java.base/java.util.stream.ReferencePipeline$3$1.accept(ReferencePipeline.java:197)
	at java.base/java.util.Spliterators$ArraySpliterator.forEachRemaining(Spliterators.java:992)
	at java.base/java.util.stream.AbstractPipeline.copyInto(AbstractPipeline.java:509)
	at java.base/java.util.stream.AbstractPipeline.wrapAndCopyInto(AbstractPipeline.java:499)
	at java.base/java.util.stream.ForEachOps$ForEachOp.evaluateSequential(ForEachOps.java:150)
	at java.base/java.util.stream.ForEachOps$ForEachOp$OfRef.evaluateSequential(ForEachOps.java:173)
	at java.base/java.util.stream.AbstractPipeline.evaluate(AbstractPipeline.java:234)
	at java.base/java.util.stream.ReferencePipeline.forEach(ReferencePipeline.java:596)
	at java.base/java.util.stream.ReferencePipeline$7$1.accept(ReferencePipeline.java:276)
	at java.base/java.util.stream.ReferencePipeline$3$1.accept(ReferencePipeline.java:197)
	at java.base/java.util.stream.ReferencePipeline$3$1.accept(ReferencePipeline.java:197)
	at java.base/java.util.stream.ReferencePipeline$3$1.accept(ReferencePipeline.java:197)
	at java.base/java.util.ArrayList$ArrayListSpliterator.forEachRemaining(ArrayList.java:1625)
	at java.base/java.util.stream.AbstractPipeline.copyInto(AbstractPipeline.java:509)
	at java.base/java.util.stream.AbstractPipeline.wrapAndCopyInto(AbstractPipeline.java:499)
	at java.base/java.util.stream.ForEachOps$ForEachOp.evaluateSequential(ForEachOps.java:150)
	at java.base/java.util.stream.ForEachOps$ForEachOp$OfRef.evaluateSequential(ForEachOps.java:173)
	at java.base/java.util.stream.AbstractPipeline.evaluate(AbstractPipeline.java:234)
	at java.base/java.util.stream.ReferencePipeline.forEach(ReferencePipeline.java:596)
	at java.base/java.util.stream.ReferencePipeline$7$1.accept(ReferencePipeline.java:276)
	at java.base/java.util.ArrayList$ArrayListSpliterator.forEachRemaining(ArrayList.java:1625)
	at java.base/java.util.stream.AbstractPipeline.copyInto(AbstractPipeline.java:509)
	at java.base/java.util.stream.AbstractPipeline.wrapAndCopyInto(AbstractPipeline.java:499)
	at java.base/java.util.stream.ForEachOps$ForEachOp.evaluateSequential(ForEachOps.java:150)
	at java.base/java.util.stream.ForEachOps$ForEachOp$OfRef.evaluateSequential(ForEachOps.java:173)
	at java.base/java.util.stream.AbstractPipeline.evaluate(AbstractPipeline.java:234)
	at java.base/java.util.stream.ReferencePipeline.forEach(ReferencePipeline.java:596)
	at java.base/java.util.ArrayList.forEach(ArrayList.java:1511)
	at java.base/java.util.ArrayList.forEach(ArrayList.java:1511)
]]></error>
    <system-out><![CDATA[2024-08-19 16:38:46,512 [main] INFO  rpc.RpcClient (RpcClient.java:createVolume(474)) - Creating Volume: volume-82804389360688691009726020831043, with admin as owner and space quota set to -1 bytes, counts quota set to -1
2024-08-19 16:38:46,514 [omNode-1-OMStateMachineApplyTransactionThread - 0] INFO  volume.OMVolumeCreateRequest (OMVolumeCreateRequest.java:validateAndUpdateCache(198)) - created volume:volume-82804389360688691009726020831043 for user:admin
2024-08-19 16:38:46,516 [main] INFO  rpc.RpcClient (RpcClient.java:createBucket(700)) - Creating Bucket: volume-82804389360688691009726020831043/bucket-24570749419837264638564223523360, with bucket layout LEGACY, admin as owner, Versioning false, Storage Type set to DISK and Encryption set to false, Replication Type set to server-side default replication type, Namespace Quota set to -1, Space Quota set to -1 
2024-08-19 16:38:46,518 [omNode-1-OMStateMachineApplyTransactionThread - 0] INFO  bucket.OMBucketCreateRequest (OMBucketCreateRequest.java:validateAndUpdateCache(293)) - created bucket: bucket-24570749419837264638564223523360 of layout LEGACY in volume: volume-82804389360688691009726020831043
2024-08-19 16:38:46,524 [main] INFO  io.KeyOutputStreamSemaphore (KeyOutputStreamSemaphore.java:<init>(35)) - Initializing semaphore with maxConcurrentWritePerKey = 1
2024-08-19 16:38:46,561 [omNode-1-OMStateMachineApplyTransactionThread - 0] WARN  snapshot.OMSnapshotCreateRequest (OMSnapshotCreateRequest.java:estimateBucketDataSize(337)) - DefaultReplicationConfig is not correctly set in OmBucketInfo for volume 'volume-82804389360688691009726020831043' bucket 'bucket-24570749419837264638564223523360'. Falling back to config default 'RATIS/THREE'
2024-08-19 16:38:46,561 [omNode-1-OMStateMachineApplyTransactionThread - 0] INFO  snapshot.OMSnapshotCreateRequest (OMSnapshotCreateRequest.java:validateAndUpdateCache(218)) - Created snapshot: 'snapshot-10531661344480815976332027310217' with snapshotId: '3dbf38ff-4c9d-4eb9-a333-a28088c3f399' under path 'volume-82804389360688691009726020831043/bucket-24570749419837264638564223523360'
2024-08-19 16:38:46,562 [main] WARN  server.ServerUtils (ServerUtils.java:getDBPath(299)) - ozone.om.db.dirs is not configured. We recommend adding this setting. Falling back to ozone.metadata.dirs instead.
2024-08-19 16:38:50,108 [a60155f7-ea69-45b2-947a-1e7e01ad7119-BlockDeletingService#2] INFO  interfaces.ContainerDeletionChoosingPolicyTemplate (ContainerDeletionChoosingPolicyTemplate.java:chooseContainerForBlockDeletion(85)) - Chosen 0/5000 blocks from 0 candidate containers.
2024-08-19 16:38:50,474 [9b6d9b22-4572-4a82-ae1c-a91d234bbb93-BlockDeletingService#2] INFO  interfaces.ContainerDeletionChoosingPolicyTemplate (ContainerDeletionChoosingPolicyTemplate.java:chooseContainerForBlockDeletion(85)) - Chosen 0/5000 blocks from 0 candidate containers.
2024-08-19 16:38:50,876 [ee221735-3b90-4b08-961d-7f24e77247fb-BlockDeletingService#2] INFO  interfaces.ContainerDeletionChoosingPolicyTemplate (ContainerDeletionChoosingPolicyTemplate.java:chooseContainerForBlockDeletion(85)) - Chosen 0/5000 blocks from 0 candidate containers.
2024-08-19 16:39:06,484 [main] INFO  db.RDBCheckpointUtils (RDBCheckpointUtils.java:waitForCheckpointDirectoryExist(51)) - Checkpoint directory: 20 didn't get created in /home/runner/work/ozone/ozone/hadoop-ozone/integration-test/target/test-dir/MiniOzoneClusterImpl-37a79142-3d3b-4256-8e35-bf5503c8d171/omNode-1/db.snapshots/checkpointState/om.db-3dbf38ff-4c9d-4eb9-a333-a28088c3f399 secs.
]]></system-out>
  </testcase>
  <testcase name="testListStatusWithNotAllowedUser(BucketLayout, boolean, boolean)[9]" classname="org.apache.hadoop.ozone.om.snapshot.TestOzoneManagerSnapshotAcl" time="19.986">
    <error type="java.io.IOException"><![CDATA[java.io.IOException: snapshot directory doesn't exist
	at org.apache.hadoop.ozone.om.snapshot.TestOzoneManagerSnapshotAcl.createSnapshot(TestOzoneManagerSnapshotAcl.java:591)
	at org.apache.hadoop.ozone.om.snapshot.TestOzoneManagerSnapshotAcl.setup(TestOzoneManagerSnapshotAcl.java:457)
	at org.apache.hadoop.ozone.om.snapshot.TestOzoneManagerSnapshotAcl.testListStatusWithNotAllowedUser(TestOzoneManagerSnapshotAcl.java:239)
	at java.base/java.lang.reflect.Method.invoke(Method.java:569)
	at java.base/java.util.stream.ForEachOps$ForEachOp$OfRef.accept(ForEachOps.java:183)
	at java.base/java.util.stream.ReferencePipeline$3$1.accept(ReferencePipeline.java:197)
	at java.base/java.util.stream.ReferencePipeline$2$1.accept(ReferencePipeline.java:179)
	at java.base/java.util.stream.ReferencePipeline$3$1.accept(ReferencePipeline.java:197)
	at java.base/java.util.stream.ForEachOps$ForEachOp$OfRef.accept(ForEachOps.java:183)
	at java.base/java.util.stream.ReferencePipeline$3$1.accept(ReferencePipeline.java:197)
	at java.base/java.util.stream.ReferencePipeline$3$1.accept(ReferencePipeline.java:197)
	at java.base/java.util.stream.ReferencePipeline$3$1.accept(ReferencePipeline.java:197)
	at java.base/java.util.stream.ForEachOps$ForEachOp$OfRef.accept(ForEachOps.java:183)
	at java.base/java.util.stream.ReferencePipeline$3$1.accept(ReferencePipeline.java:197)
	at java.base/java.util.Spliterators$ArraySpliterator.forEachRemaining(Spliterators.java:992)
	at java.base/java.util.stream.ReferencePipeline$Head.forEach(ReferencePipeline.java:762)
	at java.base/java.util.stream.ReferencePipeline$7$1.accept(ReferencePipeline.java:276)
	at java.base/java.util.stream.ReferencePipeline$3$1.accept(ReferencePipeline.java:197)
	at java.base/java.util.stream.ReferencePipeline$3$1.accept(ReferencePipeline.java:197)
	at java.base/java.util.stream.ReferencePipeline$3$1.accept(ReferencePipeline.java:197)
	at java.base/java.util.Spliterators$ArraySpliterator.forEachRemaining(Spliterators.java:992)
	at java.base/java.util.stream.AbstractPipeline.copyInto(AbstractPipeline.java:509)
	at java.base/java.util.stream.AbstractPipeline.wrapAndCopyInto(AbstractPipeline.java:499)
	at java.base/java.util.stream.ForEachOps$ForEachOp.evaluateSequential(ForEachOps.java:150)
	at java.base/java.util.stream.ForEachOps$ForEachOp$OfRef.evaluateSequential(ForEachOps.java:173)
	at java.base/java.util.stream.AbstractPipeline.evaluate(AbstractPipeline.java:234)
	at java.base/java.util.stream.ReferencePipeline.forEach(ReferencePipeline.java:596)
	at java.base/java.util.stream.ReferencePipeline$7$1.accept(ReferencePipeline.java:276)
	at java.base/java.util.stream.ReferencePipeline$3$1.accept(ReferencePipeline.java:197)
	at java.base/java.util.stream.ReferencePipeline$3$1.accept(ReferencePipeline.java:197)
	at java.base/java.util.stream.ReferencePipeline$3$1.accept(ReferencePipeline.java:197)
	at java.base/java.util.ArrayList$ArrayListSpliterator.forEachRemaining(ArrayList.java:1625)
	at java.base/java.util.stream.AbstractPipeline.copyInto(AbstractPipeline.java:509)
	at java.base/java.util.stream.AbstractPipeline.wrapAndCopyInto(AbstractPipeline.java:499)
	at java.base/java.util.stream.ForEachOps$ForEachOp.evaluateSequential(ForEachOps.java:150)
	at java.base/java.util.stream.ForEachOps$ForEachOp$OfRef.evaluateSequential(ForEachOps.java:173)
	at java.base/java.util.stream.AbstractPipeline.evaluate(AbstractPipeline.java:234)
	at java.base/java.util.stream.ReferencePipeline.forEach(ReferencePipeline.java:596)
	at java.base/java.util.stream.ReferencePipeline$7$1.accept(ReferencePipeline.java:276)
	at java.base/java.util.ArrayList$ArrayListSpliterator.forEachRemaining(ArrayList.java:1625)
	at java.base/java.util.stream.AbstractPipeline.copyInto(AbstractPipeline.java:509)
	at java.base/java.util.stream.AbstractPipeline.wrapAndCopyInto(AbstractPipeline.java:499)
	at java.base/java.util.stream.ForEachOps$ForEachOp.evaluateSequential(ForEachOps.java:150)
	at java.base/java.util.stream.ForEachOps$ForEachOp$OfRef.evaluateSequential(ForEachOps.java:173)
	at java.base/java.util.stream.AbstractPipeline.evaluate(AbstractPipeline.java:234)
	at java.base/java.util.stream.ReferencePipeline.forEach(ReferencePipeline.java:596)
	at java.base/java.util.ArrayList.forEach(ArrayList.java:1511)
	at java.base/java.util.ArrayList.forEach(ArrayList.java:1511)
]]></error>
    <system-out><![CDATA[2024-08-19 16:39:06,496 [main] INFO  rpc.RpcClient (RpcClient.java:createVolume(474)) - Creating Volume: volume-95433535670611751200672503393399, with admin as owner and space quota set to -1 bytes, counts quota set to -1
2024-08-19 16:39:06,498 [omNode-1-OMStateMachineApplyTransactionThread - 0] INFO  volume.OMVolumeCreateRequest (OMVolumeCreateRequest.java:validateAndUpdateCache(198)) - created volume:volume-95433535670611751200672503393399 for user:admin
2024-08-19 16:39:06,500 [main] INFO  rpc.RpcClient (RpcClient.java:createBucket(700)) - Creating Bucket: volume-95433535670611751200672503393399/bucket-96582452923915343974352208014026, with bucket layout OBJECT_STORE, admin as owner, Versioning false, Storage Type set to DISK and Encryption set to false, Replication Type set to server-side default replication type, Namespace Quota set to -1, Space Quota set to -1 
2024-08-19 16:39:06,501 [omNode-1-OMStateMachineApplyTransactionThread - 0] INFO  bucket.OMBucketCreateRequest (OMBucketCreateRequest.java:validateAndUpdateCache(293)) - created bucket: bucket-96582452923915343974352208014026 of layout OBJECT_STORE in volume: volume-95433535670611751200672503393399
2024-08-19 16:39:06,507 [main] INFO  io.KeyOutputStreamSemaphore (KeyOutputStreamSemaphore.java:<init>(35)) - Initializing semaphore with maxConcurrentWritePerKey = 1
2024-08-19 16:39:06,545 [omNode-1-OMStateMachineApplyTransactionThread - 0] WARN  snapshot.OMSnapshotCreateRequest (OMSnapshotCreateRequest.java:estimateBucketDataSize(337)) - DefaultReplicationConfig is not correctly set in OmBucketInfo for volume 'volume-95433535670611751200672503393399' bucket 'bucket-96582452923915343974352208014026'. Falling back to config default 'RATIS/THREE'
2024-08-19 16:39:06,545 [omNode-1-OMStateMachineApplyTransactionThread - 0] INFO  snapshot.OMSnapshotCreateRequest (OMSnapshotCreateRequest.java:validateAndUpdateCache(218)) - Created snapshot: 'snapshot-41152317345449435816190031758295' with snapshotId: 'b063a8d3-51d2-40ea-8e24-366ef3b7b0d9' under path 'volume-95433535670611751200672503393399/bucket-96582452923915343974352208014026'
2024-08-19 16:39:06,546 [main] WARN  server.ServerUtils (ServerUtils.java:getDBPath(299)) - ozone.om.db.dirs is not configured. We recommend adding this setting. Falling back to ozone.metadata.dirs instead.
2024-08-19 16:39:26,471 [main] INFO  db.RDBCheckpointUtils (RDBCheckpointUtils.java:waitForCheckpointDirectoryExist(51)) - Checkpoint directory: 20 didn't get created in /home/runner/work/ozone/ozone/hadoop-ozone/integration-test/target/test-dir/MiniOzoneClusterImpl-37a79142-3d3b-4256-8e35-bf5503c8d171/omNode-1/db.snapshots/checkpointState/om.db-b063a8d3-51d2-40ea-8e24-366ef3b7b0d9 secs.
]]></system-out>
  </testcase>
  <testcase name="testListStatusWithNotAllowedUser(BucketLayout, boolean, boolean)[10]" classname="org.apache.hadoop.ozone.om.snapshot.TestOzoneManagerSnapshotAcl" time="19.991">
    <error type="java.io.IOException"><![CDATA[java.io.IOException: snapshot directory doesn't exist
	at org.apache.hadoop.ozone.om.snapshot.TestOzoneManagerSnapshotAcl.createSnapshot(TestOzoneManagerSnapshotAcl.java:591)
	at org.apache.hadoop.ozone.om.snapshot.TestOzoneManagerSnapshotAcl.setup(TestOzoneManagerSnapshotAcl.java:457)
	at org.apache.hadoop.ozone.om.snapshot.TestOzoneManagerSnapshotAcl.testListStatusWithNotAllowedUser(TestOzoneManagerSnapshotAcl.java:239)
	at java.base/java.lang.reflect.Method.invoke(Method.java:569)
	at java.base/java.util.stream.ForEachOps$ForEachOp$OfRef.accept(ForEachOps.java:183)
	at java.base/java.util.stream.ReferencePipeline$3$1.accept(ReferencePipeline.java:197)
	at java.base/java.util.stream.ReferencePipeline$2$1.accept(ReferencePipeline.java:179)
	at java.base/java.util.stream.ReferencePipeline$3$1.accept(ReferencePipeline.java:197)
	at java.base/java.util.stream.ForEachOps$ForEachOp$OfRef.accept(ForEachOps.java:183)
	at java.base/java.util.stream.ReferencePipeline$3$1.accept(ReferencePipeline.java:197)
	at java.base/java.util.stream.ReferencePipeline$3$1.accept(ReferencePipeline.java:197)
	at java.base/java.util.stream.ReferencePipeline$3$1.accept(ReferencePipeline.java:197)
	at java.base/java.util.stream.ForEachOps$ForEachOp$OfRef.accept(ForEachOps.java:183)
	at java.base/java.util.stream.ReferencePipeline$3$1.accept(ReferencePipeline.java:197)
	at java.base/java.util.Spliterators$ArraySpliterator.forEachRemaining(Spliterators.java:992)
	at java.base/java.util.stream.ReferencePipeline$Head.forEach(ReferencePipeline.java:762)
	at java.base/java.util.stream.ReferencePipeline$7$1.accept(ReferencePipeline.java:276)
	at java.base/java.util.stream.ReferencePipeline$3$1.accept(ReferencePipeline.java:197)
	at java.base/java.util.stream.ReferencePipeline$3$1.accept(ReferencePipeline.java:197)
	at java.base/java.util.stream.ReferencePipeline$3$1.accept(ReferencePipeline.java:197)
	at java.base/java.util.Spliterators$ArraySpliterator.forEachRemaining(Spliterators.java:992)
	at java.base/java.util.stream.AbstractPipeline.copyInto(AbstractPipeline.java:509)
	at java.base/java.util.stream.AbstractPipeline.wrapAndCopyInto(AbstractPipeline.java:499)
	at java.base/java.util.stream.ForEachOps$ForEachOp.evaluateSequential(ForEachOps.java:150)
	at java.base/java.util.stream.ForEachOps$ForEachOp$OfRef.evaluateSequential(ForEachOps.java:173)
	at java.base/java.util.stream.AbstractPipeline.evaluate(AbstractPipeline.java:234)
	at java.base/java.util.stream.ReferencePipeline.forEach(ReferencePipeline.java:596)
	at java.base/java.util.stream.ReferencePipeline$7$1.accept(ReferencePipeline.java:276)
	at java.base/java.util.stream.ReferencePipeline$3$1.accept(ReferencePipeline.java:197)
	at java.base/java.util.stream.ReferencePipeline$3$1.accept(ReferencePipeline.java:197)
	at java.base/java.util.stream.ReferencePipeline$3$1.accept(ReferencePipeline.java:197)
	at java.base/java.util.ArrayList$ArrayListSpliterator.forEachRemaining(ArrayList.java:1625)
	at java.base/java.util.stream.AbstractPipeline.copyInto(AbstractPipeline.java:509)
	at java.base/java.util.stream.AbstractPipeline.wrapAndCopyInto(AbstractPipeline.java:499)
	at java.base/java.util.stream.ForEachOps$ForEachOp.evaluateSequential(ForEachOps.java:150)
	at java.base/java.util.stream.ForEachOps$ForEachOp$OfRef.evaluateSequential(ForEachOps.java:173)
	at java.base/java.util.stream.AbstractPipeline.evaluate(AbstractPipeline.java:234)
	at java.base/java.util.stream.ReferencePipeline.forEach(ReferencePipeline.java:596)
	at java.base/java.util.stream.ReferencePipeline$7$1.accept(ReferencePipeline.java:276)
	at java.base/java.util.ArrayList$ArrayListSpliterator.forEachRemaining(ArrayList.java:1625)
	at java.base/java.util.stream.AbstractPipeline.copyInto(AbstractPipeline.java:509)
	at java.base/java.util.stream.AbstractPipeline.wrapAndCopyInto(AbstractPipeline.java:499)
	at java.base/java.util.stream.ForEachOps$ForEachOp.evaluateSequential(ForEachOps.java:150)
	at java.base/java.util.stream.ForEachOps$ForEachOp$OfRef.evaluateSequential(ForEachOps.java:173)
	at java.base/java.util.stream.AbstractPipeline.evaluate(AbstractPipeline.java:234)
	at java.base/java.util.stream.ReferencePipeline.forEach(ReferencePipeline.java:596)
	at java.base/java.util.ArrayList.forEach(ArrayList.java:1511)
	at java.base/java.util.ArrayList.forEach(ArrayList.java:1511)
]]></error>
    <system-out><![CDATA[2024-08-19 16:39:26,474 [main] INFO  rpc.RpcClient (RpcClient.java:createVolume(474)) - Creating Volume: volume-15660414987084512323797421567595, with admin as owner and space quota set to -1 bytes, counts quota set to -1
2024-08-19 16:39:26,476 [omNode-1-OMStateMachineApplyTransactionThread - 0] INFO  volume.OMVolumeCreateRequest (OMVolumeCreateRequest.java:validateAndUpdateCache(198)) - created volume:volume-15660414987084512323797421567595 for user:admin
2024-08-19 16:39:26,477 [main] INFO  rpc.RpcClient (RpcClient.java:createBucket(700)) - Creating Bucket: volume-15660414987084512323797421567595/bucket-15724007853634430033633773525283, with bucket layout LEGACY, admin as owner, Versioning false, Storage Type set to DISK and Encryption set to false, Replication Type set to server-side default replication type, Namespace Quota set to -1, Space Quota set to -1 
2024-08-19 16:39:26,479 [omNode-1-OMStateMachineApplyTransactionThread - 0] INFO  bucket.OMBucketCreateRequest (OMBucketCreateRequest.java:validateAndUpdateCache(293)) - created bucket: bucket-15724007853634430033633773525283 of layout LEGACY in volume: volume-15660414987084512323797421567595
2024-08-19 16:39:26,484 [main] INFO  io.KeyOutputStreamSemaphore (KeyOutputStreamSemaphore.java:<init>(35)) - Initializing semaphore with maxConcurrentWritePerKey = 1
2024-08-19 16:39:26,537 [omNode-1-OMStateMachineApplyTransactionThread - 0] WARN  snapshot.OMSnapshotCreateRequest (OMSnapshotCreateRequest.java:estimateBucketDataSize(337)) - DefaultReplicationConfig is not correctly set in OmBucketInfo for volume 'volume-15660414987084512323797421567595' bucket 'bucket-15724007853634430033633773525283'. Falling back to config default 'RATIS/THREE'
2024-08-19 16:39:26,537 [omNode-1-OMStateMachineApplyTransactionThread - 0] INFO  snapshot.OMSnapshotCreateRequest (OMSnapshotCreateRequest.java:validateAndUpdateCache(218)) - Created snapshot: 'snapshot-42783898427813406290764871361408' with snapshotId: '3796c9f8-fca0-4171-9303-ad1c39b9b277' under path 'volume-15660414987084512323797421567595/bucket-15724007853634430033633773525283'
2024-08-19 16:39:26,538 [main] WARN  server.ServerUtils (ServerUtils.java:getDBPath(299)) - ozone.om.db.dirs is not configured. We recommend adding this setting. Falling back to ozone.metadata.dirs instead.
2024-08-19 16:39:40,728 [ReplicationMonitor] INFO  replication.ReplicationManager (ReplicationManager.java:processAll(402)) - Replication Monitor Thread took 1 milliseconds for processing 4 containers.
2024-08-19 16:39:46,463 [main] INFO  db.RDBCheckpointUtils (RDBCheckpointUtils.java:waitForCheckpointDirectoryExist(51)) - Checkpoint directory: 20 didn't get created in /home/runner/work/ozone/ozone/hadoop-ozone/integration-test/target/test-dir/MiniOzoneClusterImpl-37a79142-3d3b-4256-8e35-bf5503c8d171/omNode-1/db.snapshots/checkpointState/om.db-3796c9f8-fca0-4171-9303-ad1c39b9b277 secs.
]]></system-out>
  </testcase>
  <testcase name="testGetAclWithAllowedUser(BucketLayout)[1]" classname="org.apache.hadoop.ozone.om.snapshot.TestOzoneManagerSnapshotAcl" time="19.988">
    <error type="java.io.IOException"><![CDATA[java.io.IOException: snapshot directory doesn't exist
	at org.apache.hadoop.ozone.om.snapshot.TestOzoneManagerSnapshotAcl.createSnapshot(TestOzoneManagerSnapshotAcl.java:591)
	at org.apache.hadoop.ozone.om.snapshot.TestOzoneManagerSnapshotAcl.setup(TestOzoneManagerSnapshotAcl.java:457)
	at org.apache.hadoop.ozone.om.snapshot.TestOzoneManagerSnapshotAcl.testGetAclWithAllowedUser(TestOzoneManagerSnapshotAcl.java:333)
	at java.base/java.lang.reflect.Method.invoke(Method.java:569)
	at java.base/java.util.stream.ForEachOps$ForEachOp$OfRef.accept(ForEachOps.java:183)
	at java.base/java.util.stream.ReferencePipeline$3$1.accept(ReferencePipeline.java:197)
	at java.base/java.util.stream.ReferencePipeline$2$1.accept(ReferencePipeline.java:179)
	at java.base/java.util.stream.ReferencePipeline$3$1.accept(ReferencePipeline.java:197)
	at java.base/java.util.stream.ForEachOps$ForEachOp$OfRef.accept(ForEachOps.java:183)
	at java.base/java.util.stream.ReferencePipeline$3$1.accept(ReferencePipeline.java:197)
	at java.base/java.util.stream.ReferencePipeline$3$1.accept(ReferencePipeline.java:197)
	at java.base/java.util.stream.ReferencePipeline$3$1.accept(ReferencePipeline.java:197)
	at java.base/java.util.stream.ForEachOps$ForEachOp$OfRef.accept(ForEachOps.java:183)
	at java.base/java.util.stream.ReferencePipeline$3$1.accept(ReferencePipeline.java:197)
	at java.base/java.util.Iterator.forEachRemaining(Iterator.java:133)
	at java.base/java.util.Spliterators$IteratorSpliterator.forEachRemaining(Spliterators.java:1845)
	at java.base/java.util.stream.AbstractPipeline.copyInto(AbstractPipeline.java:509)
	at java.base/java.util.stream.AbstractPipeline.wrapAndCopyInto(AbstractPipeline.java:499)
	at java.base/java.util.stream.ForEachOps$ForEachOp.evaluateSequential(ForEachOps.java:150)
	at java.base/java.util.stream.ForEachOps$ForEachOp$OfRef.evaluateSequential(ForEachOps.java:173)
	at java.base/java.util.stream.AbstractPipeline.evaluate(AbstractPipeline.java:234)
	at java.base/java.util.stream.ReferencePipeline.forEach(ReferencePipeline.java:596)
	at java.base/java.util.stream.ReferencePipeline$7$1.accept(ReferencePipeline.java:276)
	at java.base/java.util.stream.ReferencePipeline$3$1.accept(ReferencePipeline.java:197)
	at java.base/java.util.stream.ReferencePipeline$3$1.accept(ReferencePipeline.java:197)
	at java.base/java.util.stream.ReferencePipeline$3$1.accept(ReferencePipeline.java:197)
	at java.base/java.util.ArrayList$ArrayListSpliterator.forEachRemaining(ArrayList.java:1625)
	at java.base/java.util.stream.AbstractPipeline.copyInto(AbstractPipeline.java:509)
	at java.base/java.util.stream.AbstractPipeline.wrapAndCopyInto(AbstractPipeline.java:499)
	at java.base/java.util.stream.ForEachOps$ForEachOp.evaluateSequential(ForEachOps.java:150)
	at java.base/java.util.stream.ForEachOps$ForEachOp$OfRef.evaluateSequential(ForEachOps.java:173)
	at java.base/java.util.stream.AbstractPipeline.evaluate(AbstractPipeline.java:234)
	at java.base/java.util.stream.ReferencePipeline.forEach(ReferencePipeline.java:596)
	at java.base/java.util.stream.ReferencePipeline$7$1.accept(ReferencePipeline.java:276)
	at java.base/java.util.ArrayList$ArrayListSpliterator.forEachRemaining(ArrayList.java:1625)
	at java.base/java.util.stream.AbstractPipeline.copyInto(AbstractPipeline.java:509)
	at java.base/java.util.stream.AbstractPipeline.wrapAndCopyInto(AbstractPipeline.java:499)
	at java.base/java.util.stream.ForEachOps$ForEachOp.evaluateSequential(ForEachOps.java:150)
	at java.base/java.util.stream.ForEachOps$ForEachOp$OfRef.evaluateSequential(ForEachOps.java:173)
	at java.base/java.util.stream.AbstractPipeline.evaluate(AbstractPipeline.java:234)
	at java.base/java.util.stream.ReferencePipeline.forEach(ReferencePipeline.java:596)
	at java.base/java.util.ArrayList.forEach(ArrayList.java:1511)
	at java.base/java.util.ArrayList.forEach(ArrayList.java:1511)
]]></error>
    <system-out><![CDATA[2024-08-19 16:39:46,475 [main] INFO  rpc.RpcClient (RpcClient.java:createVolume(474)) - Creating Volume: volume-85937416836517555678117819218171, with admin as owner and space quota set to -1 bytes, counts quota set to -1
2024-08-19 16:39:46,477 [omNode-1-OMStateMachineApplyTransactionThread - 0] INFO  volume.OMVolumeCreateRequest (OMVolumeCreateRequest.java:validateAndUpdateCache(198)) - created volume:volume-85937416836517555678117819218171 for user:admin
2024-08-19 16:39:46,479 [main] INFO  rpc.RpcClient (RpcClient.java:createBucket(700)) - Creating Bucket: volume-85937416836517555678117819218171/bucket-16947281026833457526962897242239, with bucket layout FILE_SYSTEM_OPTIMIZED, admin as owner, Versioning false, Storage Type set to DISK and Encryption set to false, Replication Type set to server-side default replication type, Namespace Quota set to -1, Space Quota set to -1 
2024-08-19 16:39:46,480 [omNode-1-OMStateMachineApplyTransactionThread - 0] INFO  bucket.OMBucketCreateRequest (OMBucketCreateRequest.java:validateAndUpdateCache(293)) - created bucket: bucket-16947281026833457526962897242239 of layout FILE_SYSTEM_OPTIMIZED in volume: volume-85937416836517555678117819218171
2024-08-19 16:39:46,488 [main] INFO  io.KeyOutputStreamSemaphore (KeyOutputStreamSemaphore.java:<init>(35)) - Initializing semaphore with maxConcurrentWritePerKey = 1
2024-08-19 16:39:46,527 [omNode-1-OMStateMachineApplyTransactionThread - 0] WARN  snapshot.OMSnapshotCreateRequest (OMSnapshotCreateRequest.java:estimateBucketDataSize(337)) - DefaultReplicationConfig is not correctly set in OmBucketInfo for volume 'volume-85937416836517555678117819218171' bucket 'bucket-16947281026833457526962897242239'. Falling back to config default 'RATIS/THREE'
2024-08-19 16:39:46,528 [omNode-1-OMStateMachineApplyTransactionThread - 0] INFO  snapshot.OMSnapshotCreateRequest (OMSnapshotCreateRequest.java:validateAndUpdateCache(218)) - Created snapshot: 'snapshot-58439216915087956833169939965038' with snapshotId: 'e78e9fbd-66f8-4764-b27b-91dd1ec75f03' under path 'volume-85937416836517555678117819218171/bucket-16947281026833457526962897242239'
2024-08-19 16:39:46,528 [main] WARN  server.ServerUtils (ServerUtils.java:getDBPath(299)) - ozone.om.db.dirs is not configured. We recommend adding this setting. Falling back to ozone.metadata.dirs instead.
2024-08-19 16:39:50,109 [a60155f7-ea69-45b2-947a-1e7e01ad7119-BlockDeletingService#2] INFO  interfaces.ContainerDeletionChoosingPolicyTemplate (ContainerDeletionChoosingPolicyTemplate.java:chooseContainerForBlockDeletion(85)) - Chosen 0/5000 blocks from 0 candidate containers.
2024-08-19 16:39:50,474 [9b6d9b22-4572-4a82-ae1c-a91d234bbb93-BlockDeletingService#2] INFO  interfaces.ContainerDeletionChoosingPolicyTemplate (ContainerDeletionChoosingPolicyTemplate.java:chooseContainerForBlockDeletion(85)) - Chosen 0/5000 blocks from 0 candidate containers.
2024-08-19 16:39:50,876 [ee221735-3b90-4b08-961d-7f24e77247fb-BlockDeletingService#2] INFO  interfaces.ContainerDeletionChoosingPolicyTemplate (ContainerDeletionChoosingPolicyTemplate.java:chooseContainerForBlockDeletion(85)) - Chosen 0/5000 blocks from 0 candidate containers.
2024-08-19 16:40:06,453 [main] INFO  db.RDBCheckpointUtils (RDBCheckpointUtils.java:waitForCheckpointDirectoryExist(51)) - Checkpoint directory: 20 didn't get created in /home/runner/work/ozone/ozone/hadoop-ozone/integration-test/target/test-dir/MiniOzoneClusterImpl-37a79142-3d3b-4256-8e35-bf5503c8d171/omNode-1/db.snapshots/checkpointState/om.db-e78e9fbd-66f8-4764-b27b-91dd1ec75f03 secs.
]]></system-out>
  </testcase>
  <testcase name="testGetAclWithAllowedUser(BucketLayout)[2]" classname="org.apache.hadoop.ozone.om.snapshot.TestOzoneManagerSnapshotAcl" time="19.976">
    <error type="java.io.IOException"><![CDATA[java.io.IOException: snapshot directory doesn't exist
	at org.apache.hadoop.ozone.om.snapshot.TestOzoneManagerSnapshotAcl.createSnapshot(TestOzoneManagerSnapshotAcl.java:591)
	at org.apache.hadoop.ozone.om.snapshot.TestOzoneManagerSnapshotAcl.setup(TestOzoneManagerSnapshotAcl.java:457)
	at org.apache.hadoop.ozone.om.snapshot.TestOzoneManagerSnapshotAcl.testGetAclWithAllowedUser(TestOzoneManagerSnapshotAcl.java:333)
	at java.base/java.lang.reflect.Method.invoke(Method.java:569)
	at java.base/java.util.stream.ForEachOps$ForEachOp$OfRef.accept(ForEachOps.java:183)
	at java.base/java.util.stream.ReferencePipeline$3$1.accept(ReferencePipeline.java:197)
	at java.base/java.util.stream.ReferencePipeline$2$1.accept(ReferencePipeline.java:179)
	at java.base/java.util.stream.ReferencePipeline$3$1.accept(ReferencePipeline.java:197)
	at java.base/java.util.stream.ForEachOps$ForEachOp$OfRef.accept(ForEachOps.java:183)
	at java.base/java.util.stream.ReferencePipeline$3$1.accept(ReferencePipeline.java:197)
	at java.base/java.util.stream.ReferencePipeline$3$1.accept(ReferencePipeline.java:197)
	at java.base/java.util.stream.ReferencePipeline$3$1.accept(ReferencePipeline.java:197)
	at java.base/java.util.stream.ForEachOps$ForEachOp$OfRef.accept(ForEachOps.java:183)
	at java.base/java.util.stream.ReferencePipeline$3$1.accept(ReferencePipeline.java:197)
	at java.base/java.util.Iterator.forEachRemaining(Iterator.java:133)
	at java.base/java.util.Spliterators$IteratorSpliterator.forEachRemaining(Spliterators.java:1845)
	at java.base/java.util.stream.AbstractPipeline.copyInto(AbstractPipeline.java:509)
	at java.base/java.util.stream.AbstractPipeline.wrapAndCopyInto(AbstractPipeline.java:499)
	at java.base/java.util.stream.ForEachOps$ForEachOp.evaluateSequential(ForEachOps.java:150)
	at java.base/java.util.stream.ForEachOps$ForEachOp$OfRef.evaluateSequential(ForEachOps.java:173)
	at java.base/java.util.stream.AbstractPipeline.evaluate(AbstractPipeline.java:234)
	at java.base/java.util.stream.ReferencePipeline.forEach(ReferencePipeline.java:596)
	at java.base/java.util.stream.ReferencePipeline$7$1.accept(ReferencePipeline.java:276)
	at java.base/java.util.stream.ReferencePipeline$3$1.accept(ReferencePipeline.java:197)
	at java.base/java.util.stream.ReferencePipeline$3$1.accept(ReferencePipeline.java:197)
	at java.base/java.util.stream.ReferencePipeline$3$1.accept(ReferencePipeline.java:197)
	at java.base/java.util.ArrayList$ArrayListSpliterator.forEachRemaining(ArrayList.java:1625)
	at java.base/java.util.stream.AbstractPipeline.copyInto(AbstractPipeline.java:509)
	at java.base/java.util.stream.AbstractPipeline.wrapAndCopyInto(AbstractPipeline.java:499)
	at java.base/java.util.stream.ForEachOps$ForEachOp.evaluateSequential(ForEachOps.java:150)
	at java.base/java.util.stream.ForEachOps$ForEachOp$OfRef.evaluateSequential(ForEachOps.java:173)
	at java.base/java.util.stream.AbstractPipeline.evaluate(AbstractPipeline.java:234)
	at java.base/java.util.stream.ReferencePipeline.forEach(ReferencePipeline.java:596)
	at java.base/java.util.stream.ReferencePipeline$7$1.accept(ReferencePipeline.java:276)
	at java.base/java.util.ArrayList$ArrayListSpliterator.forEachRemaining(ArrayList.java:1625)
	at java.base/java.util.stream.AbstractPipeline.copyInto(AbstractPipeline.java:509)
	at java.base/java.util.stream.AbstractPipeline.wrapAndCopyInto(AbstractPipeline.java:499)
	at java.base/java.util.stream.ForEachOps$ForEachOp.evaluateSequential(ForEachOps.java:150)
	at java.base/java.util.stream.ForEachOps$ForEachOp$OfRef.evaluateSequential(ForEachOps.java:173)
	at java.base/java.util.stream.AbstractPipeline.evaluate(AbstractPipeline.java:234)
	at java.base/java.util.stream.ReferencePipeline.forEach(ReferencePipeline.java:596)
	at java.base/java.util.ArrayList.forEach(ArrayList.java:1511)
	at java.base/java.util.ArrayList.forEach(ArrayList.java:1511)
]]></error>
    <system-out><![CDATA[2024-08-19 16:40:06,455 [main] INFO  rpc.RpcClient (RpcClient.java:createVolume(474)) - Creating Volume: volume-25259237563382983413848201609057, with admin as owner and space quota set to -1 bytes, counts quota set to -1
2024-08-19 16:40:06,458 [omNode-1-OMStateMachineApplyTransactionThread - 0] INFO  volume.OMVolumeCreateRequest (OMVolumeCreateRequest.java:validateAndUpdateCache(198)) - created volume:volume-25259237563382983413848201609057 for user:admin
2024-08-19 16:40:06,459 [main] INFO  rpc.RpcClient (RpcClient.java:createBucket(700)) - Creating Bucket: volume-25259237563382983413848201609057/bucket-73725476447596941663390942729459, with bucket layout OBJECT_STORE, admin as owner, Versioning false, Storage Type set to DISK and Encryption set to false, Replication Type set to server-side default replication type, Namespace Quota set to -1, Space Quota set to -1 
2024-08-19 16:40:06,461 [omNode-1-OMStateMachineApplyTransactionThread - 0] INFO  bucket.OMBucketCreateRequest (OMBucketCreateRequest.java:validateAndUpdateCache(293)) - created bucket: bucket-73725476447596941663390942729459 of layout OBJECT_STORE in volume: volume-25259237563382983413848201609057
2024-08-19 16:40:06,466 [main] INFO  io.KeyOutputStreamSemaphore (KeyOutputStreamSemaphore.java:<init>(35)) - Initializing semaphore with maxConcurrentWritePerKey = 1
2024-08-19 16:40:06,505 [omNode-1-OMStateMachineApplyTransactionThread - 0] WARN  snapshot.OMSnapshotCreateRequest (OMSnapshotCreateRequest.java:estimateBucketDataSize(337)) - DefaultReplicationConfig is not correctly set in OmBucketInfo for volume 'volume-25259237563382983413848201609057' bucket 'bucket-73725476447596941663390942729459'. Falling back to config default 'RATIS/THREE'
2024-08-19 16:40:06,505 [omNode-1-OMStateMachineApplyTransactionThread - 0] INFO  snapshot.OMSnapshotCreateRequest (OMSnapshotCreateRequest.java:validateAndUpdateCache(218)) - Created snapshot: 'snapshot-72346340718482806334762104444329' with snapshotId: '4321f152-99f1-4e4d-a3c6-c051fd872c52' under path 'volume-25259237563382983413848201609057/bucket-73725476447596941663390942729459'
2024-08-19 16:40:06,506 [main] WARN  server.ServerUtils (ServerUtils.java:getDBPath(299)) - ozone.om.db.dirs is not configured. We recommend adding this setting. Falling back to ozone.metadata.dirs instead.
2024-08-19 16:40:26,430 [main] INFO  db.RDBCheckpointUtils (RDBCheckpointUtils.java:waitForCheckpointDirectoryExist(51)) - Checkpoint directory: 20 didn't get created in /home/runner/work/ozone/ozone/hadoop-ozone/integration-test/target/test-dir/MiniOzoneClusterImpl-37a79142-3d3b-4256-8e35-bf5503c8d171/omNode-1/db.snapshots/checkpointState/om.db-4321f152-99f1-4e4d-a3c6-c051fd872c52 secs.
]]></system-out>
  </testcase>
  <testcase name="testGetAclWithAllowedUser(BucketLayout)[3]" classname="org.apache.hadoop.ozone.om.snapshot.TestOzoneManagerSnapshotAcl" time="19.984">
    <error type="java.io.IOException"><![CDATA[java.io.IOException: snapshot directory doesn't exist
	at org.apache.hadoop.ozone.om.snapshot.TestOzoneManagerSnapshotAcl.createSnapshot(TestOzoneManagerSnapshotAcl.java:591)
	at org.apache.hadoop.ozone.om.snapshot.TestOzoneManagerSnapshotAcl.setup(TestOzoneManagerSnapshotAcl.java:457)
	at org.apache.hadoop.ozone.om.snapshot.TestOzoneManagerSnapshotAcl.testGetAclWithAllowedUser(TestOzoneManagerSnapshotAcl.java:333)
	at java.base/java.lang.reflect.Method.invoke(Method.java:569)
	at java.base/java.util.stream.ForEachOps$ForEachOp$OfRef.accept(ForEachOps.java:183)
	at java.base/java.util.stream.ReferencePipeline$3$1.accept(ReferencePipeline.java:197)
	at java.base/java.util.stream.ReferencePipeline$2$1.accept(ReferencePipeline.java:179)
	at java.base/java.util.stream.ReferencePipeline$3$1.accept(ReferencePipeline.java:197)
	at java.base/java.util.stream.ForEachOps$ForEachOp$OfRef.accept(ForEachOps.java:183)
	at java.base/java.util.stream.ReferencePipeline$3$1.accept(ReferencePipeline.java:197)
	at java.base/java.util.stream.ReferencePipeline$3$1.accept(ReferencePipeline.java:197)
	at java.base/java.util.stream.ReferencePipeline$3$1.accept(ReferencePipeline.java:197)
	at java.base/java.util.stream.ForEachOps$ForEachOp$OfRef.accept(ForEachOps.java:183)
	at java.base/java.util.stream.ReferencePipeline$3$1.accept(ReferencePipeline.java:197)
	at java.base/java.util.Iterator.forEachRemaining(Iterator.java:133)
	at java.base/java.util.Spliterators$IteratorSpliterator.forEachRemaining(Spliterators.java:1845)
	at java.base/java.util.stream.AbstractPipeline.copyInto(AbstractPipeline.java:509)
	at java.base/java.util.stream.AbstractPipeline.wrapAndCopyInto(AbstractPipeline.java:499)
	at java.base/java.util.stream.ForEachOps$ForEachOp.evaluateSequential(ForEachOps.java:150)
	at java.base/java.util.stream.ForEachOps$ForEachOp$OfRef.evaluateSequential(ForEachOps.java:173)
	at java.base/java.util.stream.AbstractPipeline.evaluate(AbstractPipeline.java:234)
	at java.base/java.util.stream.ReferencePipeline.forEach(ReferencePipeline.java:596)
	at java.base/java.util.stream.ReferencePipeline$7$1.accept(ReferencePipeline.java:276)
	at java.base/java.util.stream.ReferencePipeline$3$1.accept(ReferencePipeline.java:197)
	at java.base/java.util.stream.ReferencePipeline$3$1.accept(ReferencePipeline.java:197)
	at java.base/java.util.stream.ReferencePipeline$3$1.accept(ReferencePipeline.java:197)
	at java.base/java.util.ArrayList$ArrayListSpliterator.forEachRemaining(ArrayList.java:1625)
	at java.base/java.util.stream.AbstractPipeline.copyInto(AbstractPipeline.java:509)
	at java.base/java.util.stream.AbstractPipeline.wrapAndCopyInto(AbstractPipeline.java:499)
	at java.base/java.util.stream.ForEachOps$ForEachOp.evaluateSequential(ForEachOps.java:150)
	at java.base/java.util.stream.ForEachOps$ForEachOp$OfRef.evaluateSequential(ForEachOps.java:173)
	at java.base/java.util.stream.AbstractPipeline.evaluate(AbstractPipeline.java:234)
	at java.base/java.util.stream.ReferencePipeline.forEach(ReferencePipeline.java:596)
	at java.base/java.util.stream.ReferencePipeline$7$1.accept(ReferencePipeline.java:276)
	at java.base/java.util.ArrayList$ArrayListSpliterator.forEachRemaining(ArrayList.java:1625)
	at java.base/java.util.stream.AbstractPipeline.copyInto(AbstractPipeline.java:509)
	at java.base/java.util.stream.AbstractPipeline.wrapAndCopyInto(AbstractPipeline.java:499)
	at java.base/java.util.stream.ForEachOps$ForEachOp.evaluateSequential(ForEachOps.java:150)
	at java.base/java.util.stream.ForEachOps$ForEachOp$OfRef.evaluateSequential(ForEachOps.java:173)
	at java.base/java.util.stream.AbstractPipeline.evaluate(AbstractPipeline.java:234)
	at java.base/java.util.stream.ReferencePipeline.forEach(ReferencePipeline.java:596)
	at java.base/java.util.ArrayList.forEach(ArrayList.java:1511)
	at java.base/java.util.ArrayList.forEach(ArrayList.java:1511)
]]></error>
    <system-out><![CDATA[2024-08-19 16:40:26,440 [main] INFO  rpc.RpcClient (RpcClient.java:createVolume(474)) - Creating Volume: volume-58837626438548280682894184585280, with admin as owner and space quota set to -1 bytes, counts quota set to -1
2024-08-19 16:40:26,443 [omNode-1-OMStateMachineApplyTransactionThread - 0] INFO  volume.OMVolumeCreateRequest (OMVolumeCreateRequest.java:validateAndUpdateCache(198)) - created volume:volume-58837626438548280682894184585280 for user:admin
2024-08-19 16:40:26,444 [main] INFO  rpc.RpcClient (RpcClient.java:createBucket(700)) - Creating Bucket: volume-58837626438548280682894184585280/bucket-40260571503788117413774076798431, with bucket layout LEGACY, admin as owner, Versioning false, Storage Type set to DISK and Encryption set to false, Replication Type set to server-side default replication type, Namespace Quota set to -1, Space Quota set to -1 
2024-08-19 16:40:26,445 [omNode-1-OMStateMachineApplyTransactionThread - 0] INFO  bucket.OMBucketCreateRequest (OMBucketCreateRequest.java:validateAndUpdateCache(293)) - created bucket: bucket-40260571503788117413774076798431 of layout LEGACY in volume: volume-58837626438548280682894184585280
2024-08-19 16:40:26,451 [main] INFO  io.KeyOutputStreamSemaphore (KeyOutputStreamSemaphore.java:<init>(35)) - Initializing semaphore with maxConcurrentWritePerKey = 1
2024-08-19 16:40:26,493 [omNode-1-OMStateMachineApplyTransactionThread - 0] WARN  snapshot.OMSnapshotCreateRequest (OMSnapshotCreateRequest.java:estimateBucketDataSize(337)) - DefaultReplicationConfig is not correctly set in OmBucketInfo for volume 'volume-58837626438548280682894184585280' bucket 'bucket-40260571503788117413774076798431'. Falling back to config default 'RATIS/THREE'
2024-08-19 16:40:26,493 [omNode-1-OMStateMachineApplyTransactionThread - 0] INFO  snapshot.OMSnapshotCreateRequest (OMSnapshotCreateRequest.java:validateAndUpdateCache(218)) - Created snapshot: 'snapshot-77513008392556061037706778273530' with snapshotId: '1290cb0e-af12-46e2-9ae9-993dd8736759' under path 'volume-58837626438548280682894184585280/bucket-40260571503788117413774076798431'
2024-08-19 16:40:26,494 [main] WARN  server.ServerUtils (ServerUtils.java:getDBPath(299)) - ozone.om.db.dirs is not configured. We recommend adding this setting. Falling back to ozone.metadata.dirs instead.
2024-08-19 16:40:46,415 [main] INFO  db.RDBCheckpointUtils (RDBCheckpointUtils.java:waitForCheckpointDirectoryExist(51)) - Checkpoint directory: 20 didn't get created in /home/runner/work/ozone/ozone/hadoop-ozone/integration-test/target/test-dir/MiniOzoneClusterImpl-37a79142-3d3b-4256-8e35-bf5503c8d171/omNode-1/db.snapshots/checkpointState/om.db-1290cb0e-af12-46e2-9ae9-993dd8736759 secs.
]]></system-out>
  </testcase>
  <testcase name="testGetAclWithNotAllowedUser(BucketLayout)[1]" classname="org.apache.hadoop.ozone.om.snapshot.TestOzoneManagerSnapshotAcl" time="19.986">
    <error type="java.io.IOException"><![CDATA[java.io.IOException: snapshot directory doesn't exist
	at org.apache.hadoop.ozone.om.snapshot.TestOzoneManagerSnapshotAcl.createSnapshot(TestOzoneManagerSnapshotAcl.java:591)
	at org.apache.hadoop.ozone.om.snapshot.TestOzoneManagerSnapshotAcl.setup(TestOzoneManagerSnapshotAcl.java:457)
	at org.apache.hadoop.ozone.om.snapshot.TestOzoneManagerSnapshotAcl.testGetAclWithNotAllowedUser(TestOzoneManagerSnapshotAcl.java:352)
	at java.base/java.lang.reflect.Method.invoke(Method.java:569)
	at java.base/java.util.stream.ForEachOps$ForEachOp$OfRef.accept(ForEachOps.java:183)
	at java.base/java.util.stream.ReferencePipeline$3$1.accept(ReferencePipeline.java:197)
	at java.base/java.util.stream.ReferencePipeline$2$1.accept(ReferencePipeline.java:179)
	at java.base/java.util.stream.ReferencePipeline$3$1.accept(ReferencePipeline.java:197)
	at java.base/java.util.stream.ForEachOps$ForEachOp$OfRef.accept(ForEachOps.java:183)
	at java.base/java.util.stream.ReferencePipeline$3$1.accept(ReferencePipeline.java:197)
	at java.base/java.util.stream.ReferencePipeline$3$1.accept(ReferencePipeline.java:197)
	at java.base/java.util.stream.ReferencePipeline$3$1.accept(ReferencePipeline.java:197)
	at java.base/java.util.stream.ForEachOps$ForEachOp$OfRef.accept(ForEachOps.java:183)
	at java.base/java.util.stream.ReferencePipeline$3$1.accept(ReferencePipeline.java:197)
	at java.base/java.util.Iterator.forEachRemaining(Iterator.java:133)
	at java.base/java.util.Spliterators$IteratorSpliterator.forEachRemaining(Spliterators.java:1845)
	at java.base/java.util.stream.AbstractPipeline.copyInto(AbstractPipeline.java:509)
	at java.base/java.util.stream.AbstractPipeline.wrapAndCopyInto(AbstractPipeline.java:499)
	at java.base/java.util.stream.ForEachOps$ForEachOp.evaluateSequential(ForEachOps.java:150)
	at java.base/java.util.stream.ForEachOps$ForEachOp$OfRef.evaluateSequential(ForEachOps.java:173)
	at java.base/java.util.stream.AbstractPipeline.evaluate(AbstractPipeline.java:234)
	at java.base/java.util.stream.ReferencePipeline.forEach(ReferencePipeline.java:596)
	at java.base/java.util.stream.ReferencePipeline$7$1.accept(ReferencePipeline.java:276)
	at java.base/java.util.stream.ReferencePipeline$3$1.accept(ReferencePipeline.java:197)
	at java.base/java.util.stream.ReferencePipeline$3$1.accept(ReferencePipeline.java:197)
	at java.base/java.util.stream.ReferencePipeline$3$1.accept(ReferencePipeline.java:197)
	at java.base/java.util.ArrayList$ArrayListSpliterator.forEachRemaining(ArrayList.java:1625)
	at java.base/java.util.stream.AbstractPipeline.copyInto(AbstractPipeline.java:509)
	at java.base/java.util.stream.AbstractPipeline.wrapAndCopyInto(AbstractPipeline.java:499)
	at java.base/java.util.stream.ForEachOps$ForEachOp.evaluateSequential(ForEachOps.java:150)
	at java.base/java.util.stream.ForEachOps$ForEachOp$OfRef.evaluateSequential(ForEachOps.java:173)
	at java.base/java.util.stream.AbstractPipeline.evaluate(AbstractPipeline.java:234)
	at java.base/java.util.stream.ReferencePipeline.forEach(ReferencePipeline.java:596)
	at java.base/java.util.stream.ReferencePipeline$7$1.accept(ReferencePipeline.java:276)
	at java.base/java.util.ArrayList$ArrayListSpliterator.forEachRemaining(ArrayList.java:1625)
	at java.base/java.util.stream.AbstractPipeline.copyInto(AbstractPipeline.java:509)
	at java.base/java.util.stream.AbstractPipeline.wrapAndCopyInto(AbstractPipeline.java:499)
	at java.base/java.util.stream.ForEachOps$ForEachOp.evaluateSequential(ForEachOps.java:150)
	at java.base/java.util.stream.ForEachOps$ForEachOp$OfRef.evaluateSequential(ForEachOps.java:173)
	at java.base/java.util.stream.AbstractPipeline.evaluate(AbstractPipeline.java:234)
	at java.base/java.util.stream.ReferencePipeline.forEach(ReferencePipeline.java:596)
	at java.base/java.util.ArrayList.forEach(ArrayList.java:1511)
	at java.base/java.util.ArrayList.forEach(ArrayList.java:1511)
]]></error>
    <system-out><![CDATA[2024-08-19 16:40:46,418 [main] INFO  rpc.RpcClient (RpcClient.java:createVolume(474)) - Creating Volume: volume-67336411552014165895089447992668, with admin as owner and space quota set to -1 bytes, counts quota set to -1
2024-08-19 16:40:46,421 [omNode-1-OMStateMachineApplyTransactionThread - 0] INFO  volume.OMVolumeCreateRequest (OMVolumeCreateRequest.java:validateAndUpdateCache(198)) - created volume:volume-67336411552014165895089447992668 for user:admin
2024-08-19 16:40:46,422 [main] INFO  rpc.RpcClient (RpcClient.java:createBucket(700)) - Creating Bucket: volume-67336411552014165895089447992668/bucket-72442538486447778082060368008352, with bucket layout FILE_SYSTEM_OPTIMIZED, admin as owner, Versioning false, Storage Type set to DISK and Encryption set to false, Replication Type set to server-side default replication type, Namespace Quota set to -1, Space Quota set to -1 
2024-08-19 16:40:46,423 [omNode-1-OMStateMachineApplyTransactionThread - 0] INFO  bucket.OMBucketCreateRequest (OMBucketCreateRequest.java:validateAndUpdateCache(293)) - created bucket: bucket-72442538486447778082060368008352 of layout FILE_SYSTEM_OPTIMIZED in volume: volume-67336411552014165895089447992668
2024-08-19 16:40:46,429 [main] INFO  io.KeyOutputStreamSemaphore (KeyOutputStreamSemaphore.java:<init>(35)) - Initializing semaphore with maxConcurrentWritePerKey = 1
2024-08-19 16:40:46,472 [omNode-1-OMStateMachineApplyTransactionThread - 0] WARN  snapshot.OMSnapshotCreateRequest (OMSnapshotCreateRequest.java:estimateBucketDataSize(337)) - DefaultReplicationConfig is not correctly set in OmBucketInfo for volume 'volume-67336411552014165895089447992668' bucket 'bucket-72442538486447778082060368008352'. Falling back to config default 'RATIS/THREE'
2024-08-19 16:40:46,472 [omNode-1-OMStateMachineApplyTransactionThread - 0] INFO  snapshot.OMSnapshotCreateRequest (OMSnapshotCreateRequest.java:validateAndUpdateCache(218)) - Created snapshot: 'snapshot-55433579634832421577787474741174' with snapshotId: '5fdee08d-104e-4f68-9831-adbccb073177' under path 'volume-67336411552014165895089447992668/bucket-72442538486447778082060368008352'
2024-08-19 16:40:46,473 [main] WARN  server.ServerUtils (ServerUtils.java:getDBPath(299)) - ozone.om.db.dirs is not configured. We recommend adding this setting. Falling back to ozone.metadata.dirs instead.
2024-08-19 16:40:50,109 [a60155f7-ea69-45b2-947a-1e7e01ad7119-BlockDeletingService#2] INFO  interfaces.ContainerDeletionChoosingPolicyTemplate (ContainerDeletionChoosingPolicyTemplate.java:chooseContainerForBlockDeletion(85)) - Chosen 0/5000 blocks from 0 candidate containers.
2024-08-19 16:40:50,475 [9b6d9b22-4572-4a82-ae1c-a91d234bbb93-BlockDeletingService#2] INFO  interfaces.ContainerDeletionChoosingPolicyTemplate (ContainerDeletionChoosingPolicyTemplate.java:chooseContainerForBlockDeletion(85)) - Chosen 0/5000 blocks from 0 candidate containers.
2024-08-19 16:40:50,876 [ee221735-3b90-4b08-961d-7f24e77247fb-BlockDeletingService#2] INFO  interfaces.ContainerDeletionChoosingPolicyTemplate (ContainerDeletionChoosingPolicyTemplate.java:chooseContainerForBlockDeletion(85)) - Chosen 0/5000 blocks from 0 candidate containers.
2024-08-19 16:41:06,402 [main] INFO  db.RDBCheckpointUtils (RDBCheckpointUtils.java:waitForCheckpointDirectoryExist(51)) - Checkpoint directory: 20 didn't get created in /home/runner/work/ozone/ozone/hadoop-ozone/integration-test/target/test-dir/MiniOzoneClusterImpl-37a79142-3d3b-4256-8e35-bf5503c8d171/omNode-1/db.snapshots/checkpointState/om.db-5fdee08d-104e-4f68-9831-adbccb073177 secs.
]]></system-out>
  </testcase>
  <testcase name="testGetAclWithNotAllowedUser(BucketLayout)[2]" classname="org.apache.hadoop.ozone.om.snapshot.TestOzoneManagerSnapshotAcl" time="19.997">
    <error type="java.io.IOException"><![CDATA[java.io.IOException: snapshot directory doesn't exist
	at org.apache.hadoop.ozone.om.snapshot.TestOzoneManagerSnapshotAcl.createSnapshot(TestOzoneManagerSnapshotAcl.java:591)
	at org.apache.hadoop.ozone.om.snapshot.TestOzoneManagerSnapshotAcl.setup(TestOzoneManagerSnapshotAcl.java:457)
	at org.apache.hadoop.ozone.om.snapshot.TestOzoneManagerSnapshotAcl.testGetAclWithNotAllowedUser(TestOzoneManagerSnapshotAcl.java:352)
	at java.base/java.lang.reflect.Method.invoke(Method.java:569)
	at java.base/java.util.stream.ForEachOps$ForEachOp$OfRef.accept(ForEachOps.java:183)
	at java.base/java.util.stream.ReferencePipeline$3$1.accept(ReferencePipeline.java:197)
	at java.base/java.util.stream.ReferencePipeline$2$1.accept(ReferencePipeline.java:179)
	at java.base/java.util.stream.ReferencePipeline$3$1.accept(ReferencePipeline.java:197)
	at java.base/java.util.stream.ForEachOps$ForEachOp$OfRef.accept(ForEachOps.java:183)
	at java.base/java.util.stream.ReferencePipeline$3$1.accept(ReferencePipeline.java:197)
	at java.base/java.util.stream.ReferencePipeline$3$1.accept(ReferencePipeline.java:197)
	at java.base/java.util.stream.ReferencePipeline$3$1.accept(ReferencePipeline.java:197)
	at java.base/java.util.stream.ForEachOps$ForEachOp$OfRef.accept(ForEachOps.java:183)
	at java.base/java.util.stream.ReferencePipeline$3$1.accept(ReferencePipeline.java:197)
	at java.base/java.util.Iterator.forEachRemaining(Iterator.java:133)
	at java.base/java.util.Spliterators$IteratorSpliterator.forEachRemaining(Spliterators.java:1845)
	at java.base/java.util.stream.AbstractPipeline.copyInto(AbstractPipeline.java:509)
	at java.base/java.util.stream.AbstractPipeline.wrapAndCopyInto(AbstractPipeline.java:499)
	at java.base/java.util.stream.ForEachOps$ForEachOp.evaluateSequential(ForEachOps.java:150)
	at java.base/java.util.stream.ForEachOps$ForEachOp$OfRef.evaluateSequential(ForEachOps.java:173)
	at java.base/java.util.stream.AbstractPipeline.evaluate(AbstractPipeline.java:234)
	at java.base/java.util.stream.ReferencePipeline.forEach(ReferencePipeline.java:596)
	at java.base/java.util.stream.ReferencePipeline$7$1.accept(ReferencePipeline.java:276)
	at java.base/java.util.stream.ReferencePipeline$3$1.accept(ReferencePipeline.java:197)
	at java.base/java.util.stream.ReferencePipeline$3$1.accept(ReferencePipeline.java:197)
	at java.base/java.util.stream.ReferencePipeline$3$1.accept(ReferencePipeline.java:197)
	at java.base/java.util.ArrayList$ArrayListSpliterator.forEachRemaining(ArrayList.java:1625)
	at java.base/java.util.stream.AbstractPipeline.copyInto(AbstractPipeline.java:509)
	at java.base/java.util.stream.AbstractPipeline.wrapAndCopyInto(AbstractPipeline.java:499)
	at java.base/java.util.stream.ForEachOps$ForEachOp.evaluateSequential(ForEachOps.java:150)
	at java.base/java.util.stream.ForEachOps$ForEachOp$OfRef.evaluateSequential(ForEachOps.java:173)
	at java.base/java.util.stream.AbstractPipeline.evaluate(AbstractPipeline.java:234)
	at java.base/java.util.stream.ReferencePipeline.forEach(ReferencePipeline.java:596)
	at java.base/java.util.stream.ReferencePipeline$7$1.accept(ReferencePipeline.java:276)
	at java.base/java.util.ArrayList$ArrayListSpliterator.forEachRemaining(ArrayList.java:1625)
	at java.base/java.util.stream.AbstractPipeline.copyInto(AbstractPipeline.java:509)
	at java.base/java.util.stream.AbstractPipeline.wrapAndCopyInto(AbstractPipeline.java:499)
	at java.base/java.util.stream.ForEachOps$ForEachOp.evaluateSequential(ForEachOps.java:150)
	at java.base/java.util.stream.ForEachOps$ForEachOp$OfRef.evaluateSequential(ForEachOps.java:173)
	at java.base/java.util.stream.AbstractPipeline.evaluate(AbstractPipeline.java:234)
	at java.base/java.util.stream.ReferencePipeline.forEach(ReferencePipeline.java:596)
	at java.base/java.util.ArrayList.forEach(ArrayList.java:1511)
	at java.base/java.util.ArrayList.forEach(ArrayList.java:1511)
]]></error>
    <system-out><![CDATA[2024-08-19 16:41:06,414 [main] INFO  rpc.RpcClient (RpcClient.java:createVolume(474)) - Creating Volume: volume-28531298478963742334023450428146, with admin as owner and space quota set to -1 bytes, counts quota set to -1
2024-08-19 16:41:06,418 [omNode-1-OMStateMachineApplyTransactionThread - 0] INFO  volume.OMVolumeCreateRequest (OMVolumeCreateRequest.java:validateAndUpdateCache(198)) - created volume:volume-28531298478963742334023450428146 for user:admin
2024-08-19 16:41:06,419 [main] INFO  rpc.RpcClient (RpcClient.java:createBucket(700)) - Creating Bucket: volume-28531298478963742334023450428146/bucket-58146039800065181702780018154839, with bucket layout OBJECT_STORE, admin as owner, Versioning false, Storage Type set to DISK and Encryption set to false, Replication Type set to server-side default replication type, Namespace Quota set to -1, Space Quota set to -1 
2024-08-19 16:41:06,422 [omNode-1-OMStateMachineApplyTransactionThread - 0] INFO  bucket.OMBucketCreateRequest (OMBucketCreateRequest.java:validateAndUpdateCache(293)) - created bucket: bucket-58146039800065181702780018154839 of layout OBJECT_STORE in volume: volume-28531298478963742334023450428146
2024-08-19 16:41:06,427 [main] INFO  io.KeyOutputStreamSemaphore (KeyOutputStreamSemaphore.java:<init>(35)) - Initializing semaphore with maxConcurrentWritePerKey = 1
2024-08-19 16:41:06,467 [omNode-1-OMStateMachineApplyTransactionThread - 0] WARN  snapshot.OMSnapshotCreateRequest (OMSnapshotCreateRequest.java:estimateBucketDataSize(337)) - DefaultReplicationConfig is not correctly set in OmBucketInfo for volume 'volume-28531298478963742334023450428146' bucket 'bucket-58146039800065181702780018154839'. Falling back to config default 'RATIS/THREE'
2024-08-19 16:41:06,467 [omNode-1-OMStateMachineApplyTransactionThread - 0] INFO  snapshot.OMSnapshotCreateRequest (OMSnapshotCreateRequest.java:validateAndUpdateCache(218)) - Created snapshot: 'snapshot-28957628522167517537652441423739' with snapshotId: '16d4d90f-6005-4c51-89a5-d21548e41bc9' under path 'volume-28531298478963742334023450428146/bucket-58146039800065181702780018154839'
2024-08-19 16:41:06,468 [main] WARN  server.ServerUtils (ServerUtils.java:getDBPath(299)) - ozone.om.db.dirs is not configured. We recommend adding this setting. Falling back to ozone.metadata.dirs instead.
2024-08-19 16:41:26,400 [main] INFO  db.RDBCheckpointUtils (RDBCheckpointUtils.java:waitForCheckpointDirectoryExist(51)) - Checkpoint directory: 20 didn't get created in /home/runner/work/ozone/ozone/hadoop-ozone/integration-test/target/test-dir/MiniOzoneClusterImpl-37a79142-3d3b-4256-8e35-bf5503c8d171/omNode-1/db.snapshots/checkpointState/om.db-16d4d90f-6005-4c51-89a5-d21548e41bc9 secs.
]]></system-out>
  </testcase>
  <testcase name="testGetAclWithNotAllowedUser(BucketLayout)[3]" classname="org.apache.hadoop.ozone.om.snapshot.TestOzoneManagerSnapshotAcl" time="19.991">
    <error type="java.io.IOException"><![CDATA[java.io.IOException: snapshot directory doesn't exist
	at org.apache.hadoop.ozone.om.snapshot.TestOzoneManagerSnapshotAcl.createSnapshot(TestOzoneManagerSnapshotAcl.java:591)
	at org.apache.hadoop.ozone.om.snapshot.TestOzoneManagerSnapshotAcl.setup(TestOzoneManagerSnapshotAcl.java:457)
	at org.apache.hadoop.ozone.om.snapshot.TestOzoneManagerSnapshotAcl.testGetAclWithNotAllowedUser(TestOzoneManagerSnapshotAcl.java:352)
	at java.base/java.lang.reflect.Method.invoke(Method.java:569)
	at java.base/java.util.stream.ForEachOps$ForEachOp$OfRef.accept(ForEachOps.java:183)
	at java.base/java.util.stream.ReferencePipeline$3$1.accept(ReferencePipeline.java:197)
	at java.base/java.util.stream.ReferencePipeline$2$1.accept(ReferencePipeline.java:179)
	at java.base/java.util.stream.ReferencePipeline$3$1.accept(ReferencePipeline.java:197)
	at java.base/java.util.stream.ForEachOps$ForEachOp$OfRef.accept(ForEachOps.java:183)
	at java.base/java.util.stream.ReferencePipeline$3$1.accept(ReferencePipeline.java:197)
	at java.base/java.util.stream.ReferencePipeline$3$1.accept(ReferencePipeline.java:197)
	at java.base/java.util.stream.ReferencePipeline$3$1.accept(ReferencePipeline.java:197)
	at java.base/java.util.stream.ForEachOps$ForEachOp$OfRef.accept(ForEachOps.java:183)
	at java.base/java.util.stream.ReferencePipeline$3$1.accept(ReferencePipeline.java:197)
	at java.base/java.util.Iterator.forEachRemaining(Iterator.java:133)
	at java.base/java.util.Spliterators$IteratorSpliterator.forEachRemaining(Spliterators.java:1845)
	at java.base/java.util.stream.AbstractPipeline.copyInto(AbstractPipeline.java:509)
	at java.base/java.util.stream.AbstractPipeline.wrapAndCopyInto(AbstractPipeline.java:499)
	at java.base/java.util.stream.ForEachOps$ForEachOp.evaluateSequential(ForEachOps.java:150)
	at java.base/java.util.stream.ForEachOps$ForEachOp$OfRef.evaluateSequential(ForEachOps.java:173)
	at java.base/java.util.stream.AbstractPipeline.evaluate(AbstractPipeline.java:234)
	at java.base/java.util.stream.ReferencePipeline.forEach(ReferencePipeline.java:596)
	at java.base/java.util.stream.ReferencePipeline$7$1.accept(ReferencePipeline.java:276)
	at java.base/java.util.stream.ReferencePipeline$3$1.accept(ReferencePipeline.java:197)
	at java.base/java.util.stream.ReferencePipeline$3$1.accept(ReferencePipeline.java:197)
	at java.base/java.util.stream.ReferencePipeline$3$1.accept(ReferencePipeline.java:197)
	at java.base/java.util.ArrayList$ArrayListSpliterator.forEachRemaining(ArrayList.java:1625)
	at java.base/java.util.stream.AbstractPipeline.copyInto(AbstractPipeline.java:509)
	at java.base/java.util.stream.AbstractPipeline.wrapAndCopyInto(AbstractPipeline.java:499)
	at java.base/java.util.stream.ForEachOps$ForEachOp.evaluateSequential(ForEachOps.java:150)
	at java.base/java.util.stream.ForEachOps$ForEachOp$OfRef.evaluateSequential(ForEachOps.java:173)
	at java.base/java.util.stream.AbstractPipeline.evaluate(AbstractPipeline.java:234)
	at java.base/java.util.stream.ReferencePipeline.forEach(ReferencePipeline.java:596)
	at java.base/java.util.stream.ReferencePipeline$7$1.accept(ReferencePipeline.java:276)
	at java.base/java.util.ArrayList$ArrayListSpliterator.forEachRemaining(ArrayList.java:1625)
	at java.base/java.util.stream.AbstractPipeline.copyInto(AbstractPipeline.java:509)
	at java.base/java.util.stream.AbstractPipeline.wrapAndCopyInto(AbstractPipeline.java:499)
	at java.base/java.util.stream.ForEachOps$ForEachOp.evaluateSequential(ForEachOps.java:150)
	at java.base/java.util.stream.ForEachOps$ForEachOp$OfRef.evaluateSequential(ForEachOps.java:173)
	at java.base/java.util.stream.AbstractPipeline.evaluate(AbstractPipeline.java:234)
	at java.base/java.util.stream.ReferencePipeline.forEach(ReferencePipeline.java:596)
	at java.base/java.util.ArrayList.forEach(ArrayList.java:1511)
	at java.base/java.util.ArrayList.forEach(ArrayList.java:1511)
]]></error>
    <system-out><![CDATA[2024-08-19 16:41:26,403 [main] INFO  rpc.RpcClient (RpcClient.java:createVolume(474)) - Creating Volume: volume-72798437633912251801047885171984, with admin as owner and space quota set to -1 bytes, counts quota set to -1
2024-08-19 16:41:26,407 [omNode-1-OMStateMachineApplyTransactionThread - 0] INFO  volume.OMVolumeCreateRequest (OMVolumeCreateRequest.java:validateAndUpdateCache(198)) - created volume:volume-72798437633912251801047885171984 for user:admin
2024-08-19 16:41:26,409 [main] INFO  rpc.RpcClient (RpcClient.java:createBucket(700)) - Creating Bucket: volume-72798437633912251801047885171984/bucket-85412381023805551835466141904300, with bucket layout LEGACY, admin as owner, Versioning false, Storage Type set to DISK and Encryption set to false, Replication Type set to server-side default replication type, Namespace Quota set to -1, Space Quota set to -1 
2024-08-19 16:41:26,412 [omNode-1-OMStateMachineApplyTransactionThread - 0] INFO  bucket.OMBucketCreateRequest (OMBucketCreateRequest.java:validateAndUpdateCache(293)) - created bucket: bucket-85412381023805551835466141904300 of layout LEGACY in volume: volume-72798437633912251801047885171984
2024-08-19 16:41:26,421 [main] INFO  io.KeyOutputStreamSemaphore (KeyOutputStreamSemaphore.java:<init>(35)) - Initializing semaphore with maxConcurrentWritePerKey = 1
2024-08-19 16:41:26,459 [omNode-1-OMStateMachineApplyTransactionThread - 0] WARN  snapshot.OMSnapshotCreateRequest (OMSnapshotCreateRequest.java:estimateBucketDataSize(337)) - DefaultReplicationConfig is not correctly set in OmBucketInfo for volume 'volume-72798437633912251801047885171984' bucket 'bucket-85412381023805551835466141904300'. Falling back to config default 'RATIS/THREE'
2024-08-19 16:41:26,459 [omNode-1-OMStateMachineApplyTransactionThread - 0] INFO  snapshot.OMSnapshotCreateRequest (OMSnapshotCreateRequest.java:validateAndUpdateCache(218)) - Created snapshot: 'snapshot-91142002147197867965866232924694' with snapshotId: '38e3e7c0-4985-40c0-abd9-03b2d0ac22b8' under path 'volume-72798437633912251801047885171984/bucket-85412381023805551835466141904300'
2024-08-19 16:41:26,460 [main] WARN  server.ServerUtils (ServerUtils.java:getDBPath(299)) - ozone.om.db.dirs is not configured. We recommend adding this setting. Falling back to ozone.metadata.dirs instead.
2024-08-19 16:41:46,392 [main] INFO  db.RDBCheckpointUtils (RDBCheckpointUtils.java:waitForCheckpointDirectoryExist(51)) - Checkpoint directory: 20 didn't get created in /home/runner/work/ozone/ozone/hadoop-ozone/integration-test/target/test-dir/MiniOzoneClusterImpl-37a79142-3d3b-4256-8e35-bf5503c8d171/omNode-1/db.snapshots/checkpointState/om.db-38e3e7c0-4985-40c0-abd9-03b2d0ac22b8 secs.
]]></system-out>
  </testcase>
  <testcase name="testLookupFileWithAllowedUser(BucketLayout)[1]" classname="org.apache.hadoop.ozone.om.snapshot.TestOzoneManagerSnapshotAcl" time="19.994">
    <error type="java.io.IOException"><![CDATA[java.io.IOException: snapshot directory doesn't exist
	at org.apache.hadoop.ozone.om.snapshot.TestOzoneManagerSnapshotAcl.createSnapshot(TestOzoneManagerSnapshotAcl.java:591)
	at org.apache.hadoop.ozone.om.snapshot.TestOzoneManagerSnapshotAcl.setup(TestOzoneManagerSnapshotAcl.java:457)
	at org.apache.hadoop.ozone.om.snapshot.TestOzoneManagerSnapshotAcl.testLookupFileWithAllowedUser(TestOzoneManagerSnapshotAcl.java:265)
	at java.base/java.lang.reflect.Method.invoke(Method.java:569)
	at java.base/java.util.stream.ForEachOps$ForEachOp$OfRef.accept(ForEachOps.java:183)
	at java.base/java.util.stream.ReferencePipeline$3$1.accept(ReferencePipeline.java:197)
	at java.base/java.util.stream.ReferencePipeline$2$1.accept(ReferencePipeline.java:179)
	at java.base/java.util.stream.ReferencePipeline$3$1.accept(ReferencePipeline.java:197)
	at java.base/java.util.stream.ForEachOps$ForEachOp$OfRef.accept(ForEachOps.java:183)
	at java.base/java.util.stream.ReferencePipeline$3$1.accept(ReferencePipeline.java:197)
	at java.base/java.util.stream.ReferencePipeline$3$1.accept(ReferencePipeline.java:197)
	at java.base/java.util.stream.ReferencePipeline$3$1.accept(ReferencePipeline.java:197)
	at java.base/java.util.stream.ForEachOps$ForEachOp$OfRef.accept(ForEachOps.java:183)
	at java.base/java.util.stream.ReferencePipeline$3$1.accept(ReferencePipeline.java:197)
	at java.base/java.util.Iterator.forEachRemaining(Iterator.java:133)
	at java.base/java.util.Spliterators$IteratorSpliterator.forEachRemaining(Spliterators.java:1845)
	at java.base/java.util.stream.AbstractPipeline.copyInto(AbstractPipeline.java:509)
	at java.base/java.util.stream.AbstractPipeline.wrapAndCopyInto(AbstractPipeline.java:499)
	at java.base/java.util.stream.ForEachOps$ForEachOp.evaluateSequential(ForEachOps.java:150)
	at java.base/java.util.stream.ForEachOps$ForEachOp$OfRef.evaluateSequential(ForEachOps.java:173)
	at java.base/java.util.stream.AbstractPipeline.evaluate(AbstractPipeline.java:234)
	at java.base/java.util.stream.ReferencePipeline.forEach(ReferencePipeline.java:596)
	at java.base/java.util.stream.ReferencePipeline$7$1.accept(ReferencePipeline.java:276)
	at java.base/java.util.stream.ReferencePipeline$3$1.accept(ReferencePipeline.java:197)
	at java.base/java.util.stream.ReferencePipeline$3$1.accept(ReferencePipeline.java:197)
	at java.base/java.util.stream.ReferencePipeline$3$1.accept(ReferencePipeline.java:197)
	at java.base/java.util.ArrayList$ArrayListSpliterator.forEachRemaining(ArrayList.java:1625)
	at java.base/java.util.stream.AbstractPipeline.copyInto(AbstractPipeline.java:509)
	at java.base/java.util.stream.AbstractPipeline.wrapAndCopyInto(AbstractPipeline.java:499)
	at java.base/java.util.stream.ForEachOps$ForEachOp.evaluateSequential(ForEachOps.java:150)
	at java.base/java.util.stream.ForEachOps$ForEachOp$OfRef.evaluateSequential(ForEachOps.java:173)
	at java.base/java.util.stream.AbstractPipeline.evaluate(AbstractPipeline.java:234)
	at java.base/java.util.stream.ReferencePipeline.forEach(ReferencePipeline.java:596)
	at java.base/java.util.stream.ReferencePipeline$7$1.accept(ReferencePipeline.java:276)
	at java.base/java.util.ArrayList$ArrayListSpliterator.forEachRemaining(ArrayList.java:1625)
	at java.base/java.util.stream.AbstractPipeline.copyInto(AbstractPipeline.java:509)
	at java.base/java.util.stream.AbstractPipeline.wrapAndCopyInto(AbstractPipeline.java:499)
	at java.base/java.util.stream.ForEachOps$ForEachOp.evaluateSequential(ForEachOps.java:150)
	at java.base/java.util.stream.ForEachOps$ForEachOp$OfRef.evaluateSequential(ForEachOps.java:173)
	at java.base/java.util.stream.AbstractPipeline.evaluate(AbstractPipeline.java:234)
	at java.base/java.util.stream.ReferencePipeline.forEach(ReferencePipeline.java:596)
	at java.base/java.util.ArrayList.forEach(ArrayList.java:1511)
	at java.base/java.util.ArrayList.forEach(ArrayList.java:1511)
]]></error>
    <system-out><![CDATA[2024-08-19 16:41:46,403 [main] INFO  rpc.RpcClient (RpcClient.java:createVolume(474)) - Creating Volume: volume-07858363432985942723099249819849, with admin as owner and space quota set to -1 bytes, counts quota set to -1
2024-08-19 16:41:46,406 [omNode-1-OMStateMachineApplyTransactionThread - 0] INFO  volume.OMVolumeCreateRequest (OMVolumeCreateRequest.java:validateAndUpdateCache(198)) - created volume:volume-07858363432985942723099249819849 for user:admin
2024-08-19 16:41:46,407 [main] INFO  rpc.RpcClient (RpcClient.java:createBucket(700)) - Creating Bucket: volume-07858363432985942723099249819849/bucket-49079276812122675135858281112448, with bucket layout FILE_SYSTEM_OPTIMIZED, admin as owner, Versioning false, Storage Type set to DISK and Encryption set to false, Replication Type set to server-side default replication type, Namespace Quota set to -1, Space Quota set to -1 
2024-08-19 16:41:46,409 [omNode-1-OMStateMachineApplyTransactionThread - 0] INFO  bucket.OMBucketCreateRequest (OMBucketCreateRequest.java:validateAndUpdateCache(293)) - created bucket: bucket-49079276812122675135858281112448 of layout FILE_SYSTEM_OPTIMIZED in volume: volume-07858363432985942723099249819849
2024-08-19 16:41:46,415 [main] INFO  io.KeyOutputStreamSemaphore (KeyOutputStreamSemaphore.java:<init>(35)) - Initializing semaphore with maxConcurrentWritePerKey = 1
2024-08-19 16:41:46,455 [omNode-1-OMStateMachineApplyTransactionThread - 0] WARN  snapshot.OMSnapshotCreateRequest (OMSnapshotCreateRequest.java:estimateBucketDataSize(337)) - DefaultReplicationConfig is not correctly set in OmBucketInfo for volume 'volume-07858363432985942723099249819849' bucket 'bucket-49079276812122675135858281112448'. Falling back to config default 'RATIS/THREE'
2024-08-19 16:41:46,455 [omNode-1-OMStateMachineApplyTransactionThread - 0] INFO  snapshot.OMSnapshotCreateRequest (OMSnapshotCreateRequest.java:validateAndUpdateCache(218)) - Created snapshot: 'snapshot-96544698473104334490989505076376' with snapshotId: '23982f19-80d0-409e-92c8-0949be11e2f8' under path 'volume-07858363432985942723099249819849/bucket-49079276812122675135858281112448'
2024-08-19 16:41:46,456 [main] WARN  server.ServerUtils (ServerUtils.java:getDBPath(299)) - ozone.om.db.dirs is not configured. We recommend adding this setting. Falling back to ozone.metadata.dirs instead.
2024-08-19 16:41:50,109 [a60155f7-ea69-45b2-947a-1e7e01ad7119-BlockDeletingService#2] INFO  interfaces.ContainerDeletionChoosingPolicyTemplate (ContainerDeletionChoosingPolicyTemplate.java:chooseContainerForBlockDeletion(85)) - Chosen 0/5000 blocks from 0 candidate containers.
2024-08-19 16:41:50,475 [9b6d9b22-4572-4a82-ae1c-a91d234bbb93-BlockDeletingService#2] INFO  interfaces.ContainerDeletionChoosingPolicyTemplate (ContainerDeletionChoosingPolicyTemplate.java:chooseContainerForBlockDeletion(85)) - Chosen 0/5000 blocks from 0 candidate containers.
2024-08-19 16:41:50,876 [ee221735-3b90-4b08-961d-7f24e77247fb-BlockDeletingService#2] INFO  interfaces.ContainerDeletionChoosingPolicyTemplate (ContainerDeletionChoosingPolicyTemplate.java:chooseContainerForBlockDeletion(85)) - Chosen 0/5000 blocks from 0 candidate containers.
2024-08-19 16:42:06,388 [main] INFO  db.RDBCheckpointUtils (RDBCheckpointUtils.java:waitForCheckpointDirectoryExist(51)) - Checkpoint directory: 20 didn't get created in /home/runner/work/ozone/ozone/hadoop-ozone/integration-test/target/test-dir/MiniOzoneClusterImpl-37a79142-3d3b-4256-8e35-bf5503c8d171/omNode-1/db.snapshots/checkpointState/om.db-23982f19-80d0-409e-92c8-0949be11e2f8 secs.
]]></system-out>
  </testcase>
  <testcase name="testLookupFileWithAllowedUser(BucketLayout)[2]" classname="org.apache.hadoop.ozone.om.snapshot.TestOzoneManagerSnapshotAcl" time="19.991">
    <error type="java.io.IOException"><![CDATA[java.io.IOException: snapshot directory doesn't exist
	at org.apache.hadoop.ozone.om.snapshot.TestOzoneManagerSnapshotAcl.createSnapshot(TestOzoneManagerSnapshotAcl.java:591)
	at org.apache.hadoop.ozone.om.snapshot.TestOzoneManagerSnapshotAcl.setup(TestOzoneManagerSnapshotAcl.java:457)
	at org.apache.hadoop.ozone.om.snapshot.TestOzoneManagerSnapshotAcl.testLookupFileWithAllowedUser(TestOzoneManagerSnapshotAcl.java:265)
	at java.base/java.lang.reflect.Method.invoke(Method.java:569)
	at java.base/java.util.stream.ForEachOps$ForEachOp$OfRef.accept(ForEachOps.java:183)
	at java.base/java.util.stream.ReferencePipeline$3$1.accept(ReferencePipeline.java:197)
	at java.base/java.util.stream.ReferencePipeline$2$1.accept(ReferencePipeline.java:179)
	at java.base/java.util.stream.ReferencePipeline$3$1.accept(ReferencePipeline.java:197)
	at java.base/java.util.stream.ForEachOps$ForEachOp$OfRef.accept(ForEachOps.java:183)
	at java.base/java.util.stream.ReferencePipeline$3$1.accept(ReferencePipeline.java:197)
	at java.base/java.util.stream.ReferencePipeline$3$1.accept(ReferencePipeline.java:197)
	at java.base/java.util.stream.ReferencePipeline$3$1.accept(ReferencePipeline.java:197)
	at java.base/java.util.stream.ForEachOps$ForEachOp$OfRef.accept(ForEachOps.java:183)
	at java.base/java.util.stream.ReferencePipeline$3$1.accept(ReferencePipeline.java:197)
	at java.base/java.util.Iterator.forEachRemaining(Iterator.java:133)
	at java.base/java.util.Spliterators$IteratorSpliterator.forEachRemaining(Spliterators.java:1845)
	at java.base/java.util.stream.AbstractPipeline.copyInto(AbstractPipeline.java:509)
	at java.base/java.util.stream.AbstractPipeline.wrapAndCopyInto(AbstractPipeline.java:499)
	at java.base/java.util.stream.ForEachOps$ForEachOp.evaluateSequential(ForEachOps.java:150)
	at java.base/java.util.stream.ForEachOps$ForEachOp$OfRef.evaluateSequential(ForEachOps.java:173)
	at java.base/java.util.stream.AbstractPipeline.evaluate(AbstractPipeline.java:234)
	at java.base/java.util.stream.ReferencePipeline.forEach(ReferencePipeline.java:596)
	at java.base/java.util.stream.ReferencePipeline$7$1.accept(ReferencePipeline.java:276)
	at java.base/java.util.stream.ReferencePipeline$3$1.accept(ReferencePipeline.java:197)
	at java.base/java.util.stream.ReferencePipeline$3$1.accept(ReferencePipeline.java:197)
	at java.base/java.util.stream.ReferencePipeline$3$1.accept(ReferencePipeline.java:197)
	at java.base/java.util.ArrayList$ArrayListSpliterator.forEachRemaining(ArrayList.java:1625)
	at java.base/java.util.stream.AbstractPipeline.copyInto(AbstractPipeline.java:509)
	at java.base/java.util.stream.AbstractPipeline.wrapAndCopyInto(AbstractPipeline.java:499)
	at java.base/java.util.stream.ForEachOps$ForEachOp.evaluateSequential(ForEachOps.java:150)
	at java.base/java.util.stream.ForEachOps$ForEachOp$OfRef.evaluateSequential(ForEachOps.java:173)
	at java.base/java.util.stream.AbstractPipeline.evaluate(AbstractPipeline.java:234)
	at java.base/java.util.stream.ReferencePipeline.forEach(ReferencePipeline.java:596)
	at java.base/java.util.stream.ReferencePipeline$7$1.accept(ReferencePipeline.java:276)
	at java.base/java.util.ArrayList$ArrayListSpliterator.forEachRemaining(ArrayList.java:1625)
	at java.base/java.util.stream.AbstractPipeline.copyInto(AbstractPipeline.java:509)
	at java.base/java.util.stream.AbstractPipeline.wrapAndCopyInto(AbstractPipeline.java:499)
	at java.base/java.util.stream.ForEachOps$ForEachOp.evaluateSequential(ForEachOps.java:150)
	at java.base/java.util.stream.ForEachOps$ForEachOp$OfRef.evaluateSequential(ForEachOps.java:173)
	at java.base/java.util.stream.AbstractPipeline.evaluate(AbstractPipeline.java:234)
	at java.base/java.util.stream.ReferencePipeline.forEach(ReferencePipeline.java:596)
	at java.base/java.util.ArrayList.forEach(ArrayList.java:1511)
	at java.base/java.util.ArrayList.forEach(ArrayList.java:1511)
]]></error>
    <system-out><![CDATA[2024-08-19 16:42:06,391 [main] INFO  rpc.RpcClient (RpcClient.java:createVolume(474)) - Creating Volume: volume-42382618668478812171102209514552, with admin as owner and space quota set to -1 bytes, counts quota set to -1
2024-08-19 16:42:06,394 [omNode-1-OMStateMachineApplyTransactionThread - 0] INFO  volume.OMVolumeCreateRequest (OMVolumeCreateRequest.java:validateAndUpdateCache(198)) - created volume:volume-42382618668478812171102209514552 for user:admin
2024-08-19 16:42:06,398 [main] INFO  rpc.RpcClient (RpcClient.java:createBucket(700)) - Creating Bucket: volume-42382618668478812171102209514552/bucket-74636557972382015433415010975871, with bucket layout OBJECT_STORE, admin as owner, Versioning false, Storage Type set to DISK and Encryption set to false, Replication Type set to server-side default replication type, Namespace Quota set to -1, Space Quota set to -1 
2024-08-19 16:42:06,399 [omNode-1-OMStateMachineApplyTransactionThread - 0] INFO  bucket.OMBucketCreateRequest (OMBucketCreateRequest.java:validateAndUpdateCache(293)) - created bucket: bucket-74636557972382015433415010975871 of layout OBJECT_STORE in volume: volume-42382618668478812171102209514552
2024-08-19 16:42:06,407 [main] INFO  io.KeyOutputStreamSemaphore (KeyOutputStreamSemaphore.java:<init>(35)) - Initializing semaphore with maxConcurrentWritePerKey = 1
2024-08-19 16:42:06,447 [omNode-1-OMStateMachineApplyTransactionThread - 0] WARN  snapshot.OMSnapshotCreateRequest (OMSnapshotCreateRequest.java:estimateBucketDataSize(337)) - DefaultReplicationConfig is not correctly set in OmBucketInfo for volume 'volume-42382618668478812171102209514552' bucket 'bucket-74636557972382015433415010975871'. Falling back to config default 'RATIS/THREE'
2024-08-19 16:42:06,447 [omNode-1-OMStateMachineApplyTransactionThread - 0] INFO  snapshot.OMSnapshotCreateRequest (OMSnapshotCreateRequest.java:validateAndUpdateCache(218)) - Created snapshot: 'snapshot-57406024494452512572718890459708' with snapshotId: '6ac43fc7-01a7-42bb-98b3-a7b6ff6dd873' under path 'volume-42382618668478812171102209514552/bucket-74636557972382015433415010975871'
2024-08-19 16:42:06,448 [main] WARN  server.ServerUtils (ServerUtils.java:getDBPath(299)) - ozone.om.db.dirs is not configured. We recommend adding this setting. Falling back to ozone.metadata.dirs instead.
2024-08-19 16:42:26,381 [main] INFO  db.RDBCheckpointUtils (RDBCheckpointUtils.java:waitForCheckpointDirectoryExist(51)) - Checkpoint directory: 20 didn't get created in /home/runner/work/ozone/ozone/hadoop-ozone/integration-test/target/test-dir/MiniOzoneClusterImpl-37a79142-3d3b-4256-8e35-bf5503c8d171/omNode-1/db.snapshots/checkpointState/om.db-6ac43fc7-01a7-42bb-98b3-a7b6ff6dd873 secs.
]]></system-out>
  </testcase>
  <testcase name="testLookupFileWithAllowedUser(BucketLayout)[3]" classname="org.apache.hadoop.ozone.om.snapshot.TestOzoneManagerSnapshotAcl" time="19.993">
    <error type="java.io.IOException"><![CDATA[java.io.IOException: snapshot directory doesn't exist
	at org.apache.hadoop.ozone.om.snapshot.TestOzoneManagerSnapshotAcl.createSnapshot(TestOzoneManagerSnapshotAcl.java:591)
	at org.apache.hadoop.ozone.om.snapshot.TestOzoneManagerSnapshotAcl.setup(TestOzoneManagerSnapshotAcl.java:457)
	at org.apache.hadoop.ozone.om.snapshot.TestOzoneManagerSnapshotAcl.testLookupFileWithAllowedUser(TestOzoneManagerSnapshotAcl.java:265)
	at java.base/java.lang.reflect.Method.invoke(Method.java:569)
	at java.base/java.util.stream.ForEachOps$ForEachOp$OfRef.accept(ForEachOps.java:183)
	at java.base/java.util.stream.ReferencePipeline$3$1.accept(ReferencePipeline.java:197)
	at java.base/java.util.stream.ReferencePipeline$2$1.accept(ReferencePipeline.java:179)
	at java.base/java.util.stream.ReferencePipeline$3$1.accept(ReferencePipeline.java:197)
	at java.base/java.util.stream.ForEachOps$ForEachOp$OfRef.accept(ForEachOps.java:183)
	at java.base/java.util.stream.ReferencePipeline$3$1.accept(ReferencePipeline.java:197)
	at java.base/java.util.stream.ReferencePipeline$3$1.accept(ReferencePipeline.java:197)
	at java.base/java.util.stream.ReferencePipeline$3$1.accept(ReferencePipeline.java:197)
	at java.base/java.util.stream.ForEachOps$ForEachOp$OfRef.accept(ForEachOps.java:183)
	at java.base/java.util.stream.ReferencePipeline$3$1.accept(ReferencePipeline.java:197)
	at java.base/java.util.Iterator.forEachRemaining(Iterator.java:133)
	at java.base/java.util.Spliterators$IteratorSpliterator.forEachRemaining(Spliterators.java:1845)
	at java.base/java.util.stream.AbstractPipeline.copyInto(AbstractPipeline.java:509)
	at java.base/java.util.stream.AbstractPipeline.wrapAndCopyInto(AbstractPipeline.java:499)
	at java.base/java.util.stream.ForEachOps$ForEachOp.evaluateSequential(ForEachOps.java:150)
	at java.base/java.util.stream.ForEachOps$ForEachOp$OfRef.evaluateSequential(ForEachOps.java:173)
	at java.base/java.util.stream.AbstractPipeline.evaluate(AbstractPipeline.java:234)
	at java.base/java.util.stream.ReferencePipeline.forEach(ReferencePipeline.java:596)
	at java.base/java.util.stream.ReferencePipeline$7$1.accept(ReferencePipeline.java:276)
	at java.base/java.util.stream.ReferencePipeline$3$1.accept(ReferencePipeline.java:197)
	at java.base/java.util.stream.ReferencePipeline$3$1.accept(ReferencePipeline.java:197)
	at java.base/java.util.stream.ReferencePipeline$3$1.accept(ReferencePipeline.java:197)
	at java.base/java.util.ArrayList$ArrayListSpliterator.forEachRemaining(ArrayList.java:1625)
	at java.base/java.util.stream.AbstractPipeline.copyInto(AbstractPipeline.java:509)
	at java.base/java.util.stream.AbstractPipeline.wrapAndCopyInto(AbstractPipeline.java:499)
	at java.base/java.util.stream.ForEachOps$ForEachOp.evaluateSequential(ForEachOps.java:150)
	at java.base/java.util.stream.ForEachOps$ForEachOp$OfRef.evaluateSequential(ForEachOps.java:173)
	at java.base/java.util.stream.AbstractPipeline.evaluate(AbstractPipeline.java:234)
	at java.base/java.util.stream.ReferencePipeline.forEach(ReferencePipeline.java:596)
	at java.base/java.util.stream.ReferencePipeline$7$1.accept(ReferencePipeline.java:276)
	at java.base/java.util.ArrayList$ArrayListSpliterator.forEachRemaining(ArrayList.java:1625)
	at java.base/java.util.stream.AbstractPipeline.copyInto(AbstractPipeline.java:509)
	at java.base/java.util.stream.AbstractPipeline.wrapAndCopyInto(AbstractPipeline.java:499)
	at java.base/java.util.stream.ForEachOps$ForEachOp.evaluateSequential(ForEachOps.java:150)
	at java.base/java.util.stream.ForEachOps$ForEachOp$OfRef.evaluateSequential(ForEachOps.java:173)
	at java.base/java.util.stream.AbstractPipeline.evaluate(AbstractPipeline.java:234)
	at java.base/java.util.stream.ReferencePipeline.forEach(ReferencePipeline.java:596)
	at java.base/java.util.ArrayList.forEach(ArrayList.java:1511)
	at java.base/java.util.ArrayList.forEach(ArrayList.java:1511)
]]></error>
    <system-out><![CDATA[2024-08-19 16:42:26,392 [main] INFO  rpc.RpcClient (RpcClient.java:createVolume(474)) - Creating Volume: volume-12213274670931252061355187433443, with admin as owner and space quota set to -1 bytes, counts quota set to -1
2024-08-19 16:42:26,395 [omNode-1-OMStateMachineApplyTransactionThread - 0] INFO  volume.OMVolumeCreateRequest (OMVolumeCreateRequest.java:validateAndUpdateCache(198)) - created volume:volume-12213274670931252061355187433443 for user:admin
2024-08-19 16:42:26,396 [main] INFO  rpc.RpcClient (RpcClient.java:createBucket(700)) - Creating Bucket: volume-12213274670931252061355187433443/bucket-28611963469159754889992622564411, with bucket layout LEGACY, admin as owner, Versioning false, Storage Type set to DISK and Encryption set to false, Replication Type set to server-side default replication type, Namespace Quota set to -1, Space Quota set to -1 
2024-08-19 16:42:26,397 [omNode-1-OMStateMachineApplyTransactionThread - 0] INFO  bucket.OMBucketCreateRequest (OMBucketCreateRequest.java:validateAndUpdateCache(293)) - created bucket: bucket-28611963469159754889992622564411 of layout LEGACY in volume: volume-12213274670931252061355187433443
2024-08-19 16:42:26,403 [main] INFO  io.KeyOutputStreamSemaphore (KeyOutputStreamSemaphore.java:<init>(35)) - Initializing semaphore with maxConcurrentWritePerKey = 1
2024-08-19 16:42:26,440 [omNode-1-OMStateMachineApplyTransactionThread - 0] WARN  snapshot.OMSnapshotCreateRequest (OMSnapshotCreateRequest.java:estimateBucketDataSize(337)) - DefaultReplicationConfig is not correctly set in OmBucketInfo for volume 'volume-12213274670931252061355187433443' bucket 'bucket-28611963469159754889992622564411'. Falling back to config default 'RATIS/THREE'
2024-08-19 16:42:26,441 [omNode-1-OMStateMachineApplyTransactionThread - 0] INFO  snapshot.OMSnapshotCreateRequest (OMSnapshotCreateRequest.java:validateAndUpdateCache(218)) - Created snapshot: 'snapshot-59395126439546588863110750681754' with snapshotId: 'aab3cfb3-1288-47b9-be8c-fd0baa889116' under path 'volume-12213274670931252061355187433443/bucket-28611963469159754889992622564411'
2024-08-19 16:42:26,441 [main] WARN  server.ServerUtils (ServerUtils.java:getDBPath(299)) - ozone.om.db.dirs is not configured. We recommend adding this setting. Falling back to ozone.metadata.dirs instead.
2024-08-19 16:42:46,374 [main] INFO  db.RDBCheckpointUtils (RDBCheckpointUtils.java:waitForCheckpointDirectoryExist(51)) - Checkpoint directory: 20 didn't get created in /home/runner/work/ozone/ozone/hadoop-ozone/integration-test/target/test-dir/MiniOzoneClusterImpl-37a79142-3d3b-4256-8e35-bf5503c8d171/omNode-1/db.snapshots/checkpointState/om.db-aab3cfb3-1288-47b9-be8c-fd0baa889116 secs.
]]></system-out>
  </testcase>
  <testcase name="testListKeysWithAllowedUser(BucketLayout)[1]" classname="org.apache.hadoop.ozone.om.snapshot.TestOzoneManagerSnapshotAcl" time="19.986">
    <error type="java.io.IOException"><![CDATA[java.io.IOException: snapshot directory doesn't exist
	at org.apache.hadoop.ozone.om.snapshot.TestOzoneManagerSnapshotAcl.createSnapshot(TestOzoneManagerSnapshotAcl.java:591)
	at org.apache.hadoop.ozone.om.snapshot.TestOzoneManagerSnapshotAcl.setup(TestOzoneManagerSnapshotAcl.java:457)
	at org.apache.hadoop.ozone.om.snapshot.TestOzoneManagerSnapshotAcl.testListKeysWithAllowedUser(TestOzoneManagerSnapshotAcl.java:299)
	at java.base/java.lang.reflect.Method.invoke(Method.java:569)
	at java.base/java.util.stream.ForEachOps$ForEachOp$OfRef.accept(ForEachOps.java:183)
	at java.base/java.util.stream.ReferencePipeline$3$1.accept(ReferencePipeline.java:197)
	at java.base/java.util.stream.ReferencePipeline$2$1.accept(ReferencePipeline.java:179)
	at java.base/java.util.stream.ReferencePipeline$3$1.accept(ReferencePipeline.java:197)
	at java.base/java.util.stream.ForEachOps$ForEachOp$OfRef.accept(ForEachOps.java:183)
	at java.base/java.util.stream.ReferencePipeline$3$1.accept(ReferencePipeline.java:197)
	at java.base/java.util.stream.ReferencePipeline$3$1.accept(ReferencePipeline.java:197)
	at java.base/java.util.stream.ReferencePipeline$3$1.accept(ReferencePipeline.java:197)
	at java.base/java.util.stream.ForEachOps$ForEachOp$OfRef.accept(ForEachOps.java:183)
	at java.base/java.util.stream.ReferencePipeline$3$1.accept(ReferencePipeline.java:197)
	at java.base/java.util.Iterator.forEachRemaining(Iterator.java:133)
	at java.base/java.util.Spliterators$IteratorSpliterator.forEachRemaining(Spliterators.java:1845)
	at java.base/java.util.stream.AbstractPipeline.copyInto(AbstractPipeline.java:509)
	at java.base/java.util.stream.AbstractPipeline.wrapAndCopyInto(AbstractPipeline.java:499)
	at java.base/java.util.stream.ForEachOps$ForEachOp.evaluateSequential(ForEachOps.java:150)
	at java.base/java.util.stream.ForEachOps$ForEachOp$OfRef.evaluateSequential(ForEachOps.java:173)
	at java.base/java.util.stream.AbstractPipeline.evaluate(AbstractPipeline.java:234)
	at java.base/java.util.stream.ReferencePipeline.forEach(ReferencePipeline.java:596)
	at java.base/java.util.stream.ReferencePipeline$7$1.accept(ReferencePipeline.java:276)
	at java.base/java.util.stream.ReferencePipeline$3$1.accept(ReferencePipeline.java:197)
	at java.base/java.util.stream.ReferencePipeline$3$1.accept(ReferencePipeline.java:197)
	at java.base/java.util.stream.ReferencePipeline$3$1.accept(ReferencePipeline.java:197)
	at java.base/java.util.ArrayList$ArrayListSpliterator.forEachRemaining(ArrayList.java:1625)
	at java.base/java.util.stream.AbstractPipeline.copyInto(AbstractPipeline.java:509)
	at java.base/java.util.stream.AbstractPipeline.wrapAndCopyInto(AbstractPipeline.java:499)
	at java.base/java.util.stream.ForEachOps$ForEachOp.evaluateSequential(ForEachOps.java:150)
	at java.base/java.util.stream.ForEachOps$ForEachOp$OfRef.evaluateSequential(ForEachOps.java:173)
	at java.base/java.util.stream.AbstractPipeline.evaluate(AbstractPipeline.java:234)
	at java.base/java.util.stream.ReferencePipeline.forEach(ReferencePipeline.java:596)
	at java.base/java.util.stream.ReferencePipeline$7$1.accept(ReferencePipeline.java:276)
	at java.base/java.util.ArrayList$ArrayListSpliterator.forEachRemaining(ArrayList.java:1625)
	at java.base/java.util.stream.AbstractPipeline.copyInto(AbstractPipeline.java:509)
	at java.base/java.util.stream.AbstractPipeline.wrapAndCopyInto(AbstractPipeline.java:499)
	at java.base/java.util.stream.ForEachOps$ForEachOp.evaluateSequential(ForEachOps.java:150)
	at java.base/java.util.stream.ForEachOps$ForEachOp$OfRef.evaluateSequential(ForEachOps.java:173)
	at java.base/java.util.stream.AbstractPipeline.evaluate(AbstractPipeline.java:234)
	at java.base/java.util.stream.ReferencePipeline.forEach(ReferencePipeline.java:596)
	at java.base/java.util.ArrayList.forEach(ArrayList.java:1511)
	at java.base/java.util.ArrayList.forEach(ArrayList.java:1511)
]]></error>
    <system-out><![CDATA[2024-08-19 16:42:46,377 [main] INFO  rpc.RpcClient (RpcClient.java:createVolume(474)) - Creating Volume: volume-44988519020833838587486326696199, with admin as owner and space quota set to -1 bytes, counts quota set to -1
2024-08-19 16:42:46,380 [omNode-1-OMStateMachineApplyTransactionThread - 0] INFO  volume.OMVolumeCreateRequest (OMVolumeCreateRequest.java:validateAndUpdateCache(198)) - created volume:volume-44988519020833838587486326696199 for user:admin
2024-08-19 16:42:46,381 [main] INFO  rpc.RpcClient (RpcClient.java:createBucket(700)) - Creating Bucket: volume-44988519020833838587486326696199/bucket-40990712875928436655715126302863, with bucket layout FILE_SYSTEM_OPTIMIZED, admin as owner, Versioning false, Storage Type set to DISK and Encryption set to false, Replication Type set to server-side default replication type, Namespace Quota set to -1, Space Quota set to -1 
2024-08-19 16:42:46,383 [omNode-1-OMStateMachineApplyTransactionThread - 0] INFO  bucket.OMBucketCreateRequest (OMBucketCreateRequest.java:validateAndUpdateCache(293)) - created bucket: bucket-40990712875928436655715126302863 of layout FILE_SYSTEM_OPTIMIZED in volume: volume-44988519020833838587486326696199
2024-08-19 16:42:46,389 [main] INFO  io.KeyOutputStreamSemaphore (KeyOutputStreamSemaphore.java:<init>(35)) - Initializing semaphore with maxConcurrentWritePerKey = 1
2024-08-19 16:42:46,428 [omNode-1-OMStateMachineApplyTransactionThread - 0] WARN  snapshot.OMSnapshotCreateRequest (OMSnapshotCreateRequest.java:estimateBucketDataSize(337)) - DefaultReplicationConfig is not correctly set in OmBucketInfo for volume 'volume-44988519020833838587486326696199' bucket 'bucket-40990712875928436655715126302863'. Falling back to config default 'RATIS/THREE'
2024-08-19 16:42:46,428 [omNode-1-OMStateMachineApplyTransactionThread - 0] INFO  snapshot.OMSnapshotCreateRequest (OMSnapshotCreateRequest.java:validateAndUpdateCache(218)) - Created snapshot: 'snapshot-62059111727160662432206724542228' with snapshotId: '90533048-ae01-444a-b2bf-c2c491357bcf' under path 'volume-44988519020833838587486326696199/bucket-40990712875928436655715126302863'
2024-08-19 16:42:46,429 [main] WARN  server.ServerUtils (ServerUtils.java:getDBPath(299)) - ozone.om.db.dirs is not configured. We recommend adding this setting. Falling back to ozone.metadata.dirs instead.
2024-08-19 16:42:50,110 [a60155f7-ea69-45b2-947a-1e7e01ad7119-BlockDeletingService#2] INFO  interfaces.ContainerDeletionChoosingPolicyTemplate (ContainerDeletionChoosingPolicyTemplate.java:chooseContainerForBlockDeletion(85)) - Chosen 0/5000 blocks from 0 candidate containers.
2024-08-19 16:42:50,475 [9b6d9b22-4572-4a82-ae1c-a91d234bbb93-BlockDeletingService#2] INFO  interfaces.ContainerDeletionChoosingPolicyTemplate (ContainerDeletionChoosingPolicyTemplate.java:chooseContainerForBlockDeletion(85)) - Chosen 0/5000 blocks from 0 candidate containers.
2024-08-19 16:42:50,877 [ee221735-3b90-4b08-961d-7f24e77247fb-BlockDeletingService#2] INFO  interfaces.ContainerDeletionChoosingPolicyTemplate (ContainerDeletionChoosingPolicyTemplate.java:chooseContainerForBlockDeletion(85)) - Chosen 0/5000 blocks from 0 candidate containers.
2024-08-19 16:43:06,361 [main] INFO  db.RDBCheckpointUtils (RDBCheckpointUtils.java:waitForCheckpointDirectoryExist(51)) - Checkpoint directory: 20 didn't get created in /home/runner/work/ozone/ozone/hadoop-ozone/integration-test/target/test-dir/MiniOzoneClusterImpl-37a79142-3d3b-4256-8e35-bf5503c8d171/omNode-1/db.snapshots/checkpointState/om.db-90533048-ae01-444a-b2bf-c2c491357bcf secs.
]]></system-out>
  </testcase>
  <testcase name="testListKeysWithAllowedUser(BucketLayout)[2]" classname="org.apache.hadoop.ozone.om.snapshot.TestOzoneManagerSnapshotAcl" time="19.991">
    <error type="java.io.IOException"><![CDATA[java.io.IOException: snapshot directory doesn't exist
	at org.apache.hadoop.ozone.om.snapshot.TestOzoneManagerSnapshotAcl.createSnapshot(TestOzoneManagerSnapshotAcl.java:591)
	at org.apache.hadoop.ozone.om.snapshot.TestOzoneManagerSnapshotAcl.setup(TestOzoneManagerSnapshotAcl.java:457)
	at org.apache.hadoop.ozone.om.snapshot.TestOzoneManagerSnapshotAcl.testListKeysWithAllowedUser(TestOzoneManagerSnapshotAcl.java:299)
	at java.base/java.lang.reflect.Method.invoke(Method.java:569)
	at java.base/java.util.stream.ForEachOps$ForEachOp$OfRef.accept(ForEachOps.java:183)
	at java.base/java.util.stream.ReferencePipeline$3$1.accept(ReferencePipeline.java:197)
	at java.base/java.util.stream.ReferencePipeline$2$1.accept(ReferencePipeline.java:179)
	at java.base/java.util.stream.ReferencePipeline$3$1.accept(ReferencePipeline.java:197)
	at java.base/java.util.stream.ForEachOps$ForEachOp$OfRef.accept(ForEachOps.java:183)
	at java.base/java.util.stream.ReferencePipeline$3$1.accept(ReferencePipeline.java:197)
	at java.base/java.util.stream.ReferencePipeline$3$1.accept(ReferencePipeline.java:197)
	at java.base/java.util.stream.ReferencePipeline$3$1.accept(ReferencePipeline.java:197)
	at java.base/java.util.stream.ForEachOps$ForEachOp$OfRef.accept(ForEachOps.java:183)
	at java.base/java.util.stream.ReferencePipeline$3$1.accept(ReferencePipeline.java:197)
	at java.base/java.util.Iterator.forEachRemaining(Iterator.java:133)
	at java.base/java.util.Spliterators$IteratorSpliterator.forEachRemaining(Spliterators.java:1845)
	at java.base/java.util.stream.AbstractPipeline.copyInto(AbstractPipeline.java:509)
	at java.base/java.util.stream.AbstractPipeline.wrapAndCopyInto(AbstractPipeline.java:499)
	at java.base/java.util.stream.ForEachOps$ForEachOp.evaluateSequential(ForEachOps.java:150)
	at java.base/java.util.stream.ForEachOps$ForEachOp$OfRef.evaluateSequential(ForEachOps.java:173)
	at java.base/java.util.stream.AbstractPipeline.evaluate(AbstractPipeline.java:234)
	at java.base/java.util.stream.ReferencePipeline.forEach(ReferencePipeline.java:596)
	at java.base/java.util.stream.ReferencePipeline$7$1.accept(ReferencePipeline.java:276)
	at java.base/java.util.stream.ReferencePipeline$3$1.accept(ReferencePipeline.java:197)
	at java.base/java.util.stream.ReferencePipeline$3$1.accept(ReferencePipeline.java:197)
	at java.base/java.util.stream.ReferencePipeline$3$1.accept(ReferencePipeline.java:197)
	at java.base/java.util.ArrayList$ArrayListSpliterator.forEachRemaining(ArrayList.java:1625)
	at java.base/java.util.stream.AbstractPipeline.copyInto(AbstractPipeline.java:509)
	at java.base/java.util.stream.AbstractPipeline.wrapAndCopyInto(AbstractPipeline.java:499)
	at java.base/java.util.stream.ForEachOps$ForEachOp.evaluateSequential(ForEachOps.java:150)
	at java.base/java.util.stream.ForEachOps$ForEachOp$OfRef.evaluateSequential(ForEachOps.java:173)
	at java.base/java.util.stream.AbstractPipeline.evaluate(AbstractPipeline.java:234)
	at java.base/java.util.stream.ReferencePipeline.forEach(ReferencePipeline.java:596)
	at java.base/java.util.stream.ReferencePipeline$7$1.accept(ReferencePipeline.java:276)
	at java.base/java.util.ArrayList$ArrayListSpliterator.forEachRemaining(ArrayList.java:1625)
	at java.base/java.util.stream.AbstractPipeline.copyInto(AbstractPipeline.java:509)
	at java.base/java.util.stream.AbstractPipeline.wrapAndCopyInto(AbstractPipeline.java:499)
	at java.base/java.util.stream.ForEachOps$ForEachOp.evaluateSequential(ForEachOps.java:150)
	at java.base/java.util.stream.ForEachOps$ForEachOp$OfRef.evaluateSequential(ForEachOps.java:173)
	at java.base/java.util.stream.AbstractPipeline.evaluate(AbstractPipeline.java:234)
	at java.base/java.util.stream.ReferencePipeline.forEach(ReferencePipeline.java:596)
	at java.base/java.util.ArrayList.forEach(ArrayList.java:1511)
	at java.base/java.util.ArrayList.forEach(ArrayList.java:1511)
]]></error>
    <system-out><![CDATA[2024-08-19 16:43:06,372 [main] INFO  rpc.RpcClient (RpcClient.java:createVolume(474)) - Creating Volume: volume-55385613674850502104934735969337, with admin as owner and space quota set to -1 bytes, counts quota set to -1
2024-08-19 16:43:06,376 [omNode-1-OMStateMachineApplyTransactionThread - 0] INFO  volume.OMVolumeCreateRequest (OMVolumeCreateRequest.java:validateAndUpdateCache(198)) - created volume:volume-55385613674850502104934735969337 for user:admin
2024-08-19 16:43:06,377 [main] INFO  rpc.RpcClient (RpcClient.java:createBucket(700)) - Creating Bucket: volume-55385613674850502104934735969337/bucket-57817059790419077363745097648278, with bucket layout OBJECT_STORE, admin as owner, Versioning false, Storage Type set to DISK and Encryption set to false, Replication Type set to server-side default replication type, Namespace Quota set to -1, Space Quota set to -1 
2024-08-19 16:43:06,379 [omNode-1-OMStateMachineApplyTransactionThread - 0] INFO  bucket.OMBucketCreateRequest (OMBucketCreateRequest.java:validateAndUpdateCache(293)) - created bucket: bucket-57817059790419077363745097648278 of layout OBJECT_STORE in volume: volume-55385613674850502104934735969337
2024-08-19 16:43:06,385 [main] INFO  io.KeyOutputStreamSemaphore (KeyOutputStreamSemaphore.java:<init>(35)) - Initializing semaphore with maxConcurrentWritePerKey = 1
2024-08-19 16:43:06,420 [omNode-1-OMStateMachineApplyTransactionThread - 0] WARN  snapshot.OMSnapshotCreateRequest (OMSnapshotCreateRequest.java:estimateBucketDataSize(337)) - DefaultReplicationConfig is not correctly set in OmBucketInfo for volume 'volume-55385613674850502104934735969337' bucket 'bucket-57817059790419077363745097648278'. Falling back to config default 'RATIS/THREE'
2024-08-19 16:43:06,421 [omNode-1-OMStateMachineApplyTransactionThread - 0] INFO  snapshot.OMSnapshotCreateRequest (OMSnapshotCreateRequest.java:validateAndUpdateCache(218)) - Created snapshot: 'snapshot-92831086143056724387662209307766' with snapshotId: 'f0edeb46-8095-4c22-8b28-3395eea89ab5' under path 'volume-55385613674850502104934735969337/bucket-57817059790419077363745097648278'
2024-08-19 16:43:06,421 [main] WARN  server.ServerUtils (ServerUtils.java:getDBPath(299)) - ozone.om.db.dirs is not configured. We recommend adding this setting. Falling back to ozone.metadata.dirs instead.
2024-08-19 16:43:26,353 [main] INFO  db.RDBCheckpointUtils (RDBCheckpointUtils.java:waitForCheckpointDirectoryExist(51)) - Checkpoint directory: 20 didn't get created in /home/runner/work/ozone/ozone/hadoop-ozone/integration-test/target/test-dir/MiniOzoneClusterImpl-37a79142-3d3b-4256-8e35-bf5503c8d171/omNode-1/db.snapshots/checkpointState/om.db-f0edeb46-8095-4c22-8b28-3395eea89ab5 secs.
]]></system-out>
  </testcase>
  <testcase name="testListKeysWithAllowedUser(BucketLayout)[3]" classname="org.apache.hadoop.ozone.om.snapshot.TestOzoneManagerSnapshotAcl" time="19.991">
    <error type="java.io.IOException"><![CDATA[java.io.IOException: snapshot directory doesn't exist
	at org.apache.hadoop.ozone.om.snapshot.TestOzoneManagerSnapshotAcl.createSnapshot(TestOzoneManagerSnapshotAcl.java:591)
	at org.apache.hadoop.ozone.om.snapshot.TestOzoneManagerSnapshotAcl.setup(TestOzoneManagerSnapshotAcl.java:457)
	at org.apache.hadoop.ozone.om.snapshot.TestOzoneManagerSnapshotAcl.testListKeysWithAllowedUser(TestOzoneManagerSnapshotAcl.java:299)
	at java.base/java.lang.reflect.Method.invoke(Method.java:569)
	at java.base/java.util.stream.ForEachOps$ForEachOp$OfRef.accept(ForEachOps.java:183)
	at java.base/java.util.stream.ReferencePipeline$3$1.accept(ReferencePipeline.java:197)
	at java.base/java.util.stream.ReferencePipeline$2$1.accept(ReferencePipeline.java:179)
	at java.base/java.util.stream.ReferencePipeline$3$1.accept(ReferencePipeline.java:197)
	at java.base/java.util.stream.ForEachOps$ForEachOp$OfRef.accept(ForEachOps.java:183)
	at java.base/java.util.stream.ReferencePipeline$3$1.accept(ReferencePipeline.java:197)
	at java.base/java.util.stream.ReferencePipeline$3$1.accept(ReferencePipeline.java:197)
	at java.base/java.util.stream.ReferencePipeline$3$1.accept(ReferencePipeline.java:197)
	at java.base/java.util.stream.ForEachOps$ForEachOp$OfRef.accept(ForEachOps.java:183)
	at java.base/java.util.stream.ReferencePipeline$3$1.accept(ReferencePipeline.java:197)
	at java.base/java.util.Iterator.forEachRemaining(Iterator.java:133)
	at java.base/java.util.Spliterators$IteratorSpliterator.forEachRemaining(Spliterators.java:1845)
	at java.base/java.util.stream.AbstractPipeline.copyInto(AbstractPipeline.java:509)
	at java.base/java.util.stream.AbstractPipeline.wrapAndCopyInto(AbstractPipeline.java:499)
	at java.base/java.util.stream.ForEachOps$ForEachOp.evaluateSequential(ForEachOps.java:150)
	at java.base/java.util.stream.ForEachOps$ForEachOp$OfRef.evaluateSequential(ForEachOps.java:173)
	at java.base/java.util.stream.AbstractPipeline.evaluate(AbstractPipeline.java:234)
	at java.base/java.util.stream.ReferencePipeline.forEach(ReferencePipeline.java:596)
	at java.base/java.util.stream.ReferencePipeline$7$1.accept(ReferencePipeline.java:276)
	at java.base/java.util.stream.ReferencePipeline$3$1.accept(ReferencePipeline.java:197)
	at java.base/java.util.stream.ReferencePipeline$3$1.accept(ReferencePipeline.java:197)
	at java.base/java.util.stream.ReferencePipeline$3$1.accept(ReferencePipeline.java:197)
	at java.base/java.util.ArrayList$ArrayListSpliterator.forEachRemaining(ArrayList.java:1625)
	at java.base/java.util.stream.AbstractPipeline.copyInto(AbstractPipeline.java:509)
	at java.base/java.util.stream.AbstractPipeline.wrapAndCopyInto(AbstractPipeline.java:499)
	at java.base/java.util.stream.ForEachOps$ForEachOp.evaluateSequential(ForEachOps.java:150)
	at java.base/java.util.stream.ForEachOps$ForEachOp$OfRef.evaluateSequential(ForEachOps.java:173)
	at java.base/java.util.stream.AbstractPipeline.evaluate(AbstractPipeline.java:234)
	at java.base/java.util.stream.ReferencePipeline.forEach(ReferencePipeline.java:596)
	at java.base/java.util.stream.ReferencePipeline$7$1.accept(ReferencePipeline.java:276)
	at java.base/java.util.ArrayList$ArrayListSpliterator.forEachRemaining(ArrayList.java:1625)
	at java.base/java.util.stream.AbstractPipeline.copyInto(AbstractPipeline.java:509)
	at java.base/java.util.stream.AbstractPipeline.wrapAndCopyInto(AbstractPipeline.java:499)
	at java.base/java.util.stream.ForEachOps$ForEachOp.evaluateSequential(ForEachOps.java:150)
	at java.base/java.util.stream.ForEachOps$ForEachOp$OfRef.evaluateSequential(ForEachOps.java:173)
	at java.base/java.util.stream.AbstractPipeline.evaluate(AbstractPipeline.java:234)
	at java.base/java.util.stream.ReferencePipeline.forEach(ReferencePipeline.java:596)
	at java.base/java.util.ArrayList.forEach(ArrayList.java:1511)
	at java.base/java.util.ArrayList.forEach(ArrayList.java:1511)
]]></error>
    <system-out><![CDATA[2024-08-19 16:43:26,356 [main] INFO  rpc.RpcClient (RpcClient.java:createVolume(474)) - Creating Volume: volume-42013742327058830957377851675741, with admin as owner and space quota set to -1 bytes, counts quota set to -1
2024-08-19 16:43:26,359 [omNode-1-OMStateMachineApplyTransactionThread - 0] INFO  volume.OMVolumeCreateRequest (OMVolumeCreateRequest.java:validateAndUpdateCache(198)) - created volume:volume-42013742327058830957377851675741 for user:admin
2024-08-19 16:43:26,361 [main] INFO  rpc.RpcClient (RpcClient.java:createBucket(700)) - Creating Bucket: volume-42013742327058830957377851675741/bucket-05106310410168413203528871029745, with bucket layout LEGACY, admin as owner, Versioning false, Storage Type set to DISK and Encryption set to false, Replication Type set to server-side default replication type, Namespace Quota set to -1, Space Quota set to -1 
2024-08-19 16:43:26,365 [omNode-1-OMStateMachineApplyTransactionThread - 0] INFO  bucket.OMBucketCreateRequest (OMBucketCreateRequest.java:validateAndUpdateCache(293)) - created bucket: bucket-05106310410168413203528871029745 of layout LEGACY in volume: volume-42013742327058830957377851675741
2024-08-19 16:43:26,371 [main] INFO  io.KeyOutputStreamSemaphore (KeyOutputStreamSemaphore.java:<init>(35)) - Initializing semaphore with maxConcurrentWritePerKey = 1
2024-08-19 16:43:26,412 [omNode-1-OMStateMachineApplyTransactionThread - 0] WARN  snapshot.OMSnapshotCreateRequest (OMSnapshotCreateRequest.java:estimateBucketDataSize(337)) - DefaultReplicationConfig is not correctly set in OmBucketInfo for volume 'volume-42013742327058830957377851675741' bucket 'bucket-05106310410168413203528871029745'. Falling back to config default 'RATIS/THREE'
2024-08-19 16:43:26,412 [omNode-1-OMStateMachineApplyTransactionThread - 0] INFO  snapshot.OMSnapshotCreateRequest (OMSnapshotCreateRequest.java:validateAndUpdateCache(218)) - Created snapshot: 'snapshot-59815476467241922211020533299894' with snapshotId: '6b6d134e-ffe2-4e4a-8269-5fac394ead33' under path 'volume-42013742327058830957377851675741/bucket-05106310410168413203528871029745'
2024-08-19 16:43:26,413 [main] WARN  server.ServerUtils (ServerUtils.java:getDBPath(299)) - ozone.om.db.dirs is not configured. We recommend adding this setting. Falling back to ozone.metadata.dirs instead.
2024-08-19 16:43:46,345 [main] INFO  db.RDBCheckpointUtils (RDBCheckpointUtils.java:waitForCheckpointDirectoryExist(51)) - Checkpoint directory: 20 didn't get created in /home/runner/work/ozone/ozone/hadoop-ozone/integration-test/target/test-dir/MiniOzoneClusterImpl-37a79142-3d3b-4256-8e35-bf5503c8d171/omNode-1/db.snapshots/checkpointState/om.db-6b6d134e-ffe2-4e4a-8269-5fac394ead33 secs.
]]></system-out>
  </testcase>
</testsuite>